<?xml version="1.0" encoding="UTF-8"?>
<testsuite xmlns:xsi="http://www.w3.org/2001/XMLSchema-instance" xsi:noNamespaceSchemaLocation="https://maven.apache.org/surefire/maven-surefire-plugin/xsd/surefire-test-report-3.0.xsd" version="3.0" name="org.apache.nifi.properties.ConfigEncryptionToolTest" time="9.671" tests="112" errors="0" skipped="0" failures="0">
  <properties>
    <property name="sun.desktop" value="gnome"/>
    <property name="awt.toolkit" value="sun.awt.X11.XToolkit"/>
    <property name="file.encoding.pkg" value="sun.io"/>
    <property name="java.specification.version" value="1.8"/>
    <property name="sun.cpu.isalist" value=""/>
    <property name="sun.jnu.encoding" value="UTF-8"/>
    <property name="java.class.path" value="/home/alex/Repositories/nifi/nifi-toolkit/nifi-toolkit-encrypt-config/target/test-classes:/home/alex/Repositories/nifi/nifi-toolkit/nifi-toolkit-encrypt-config/target/classes:/home/alex/Repositories/nifi/nifi-commons/nifi-flow-encryptor/target/classes:/home/alex/Repositories/nifi/nifi-commons/nifi-property-encryptor/target/classes:/home/alex/.m2/repository/commons-codec/commons-codec/1.14/commons-codec-1.14.jar:/home/alex/Repositories/nifi/nifi-commons/nifi-properties/target/classes:/home/alex/Repositories/nifi/nifi-commons/nifi-property-utils/target/classes:/home/alex/Repositories/nifi/nifi-registry/nifi-registry-core/nifi-registry-properties/target/classes:/home/alex/.m2/repository/org/apache/commons/commons-lang3/3.5/commons-lang3-3.5.jar:/home/alex/.m2/repository/org/bouncycastle/bcprov-jdk15on/1.69/bcprov-jdk15on-1.69.jar:/home/alex/Repositories/nifi/nifi-commons/nifi-sensitive-property-provider/target/classes:/home/alex/.m2/repository/software/amazon/awssdk/kms/2.17.1/kms-2.17.1.jar:/home/alex/.m2/repository/software/amazon/awssdk/aws-json-protocol/2.17.1/aws-json-protocol-2.17.1.jar:/home/alex/.m2/repository/software/amazon/awssdk/third-party-jackson-core/2.17.1/third-party-jackson-core-2.17.1.jar:/home/alex/.m2/repository/software/amazon/awssdk/json-utils/2.17.1/json-utils-2.17.1.jar:/home/alex/.m2/repository/software/amazon/awssdk/protocol-core/2.17.1/protocol-core-2.17.1.jar:/home/alex/.m2/repository/software/amazon/awssdk/sdk-core/2.17.1/sdk-core-2.17.1.jar:/home/alex/.m2/repository/software/amazon/awssdk/profiles/2.17.1/profiles-2.17.1.jar:/home/alex/.m2/repository/org/reactivestreams/reactive-streams/1.0.3/reactive-streams-1.0.3.jar:/home/alex/.m2/repository/software/amazon/awssdk/auth/2.17.1/auth-2.17.1.jar:/home/alex/.m2/repository/software/amazon/eventstream/eventstream/1.0.1/eventstream-1.0.1.jar:/home/alex/.m2/repository/software/amazon/awssdk/http-client-spi/2.17.1/http-client-spi-2.17.1.jar:/home/alex/.m2/repository/software/amazon/awssdk/regions/2.17.1/regions-2.17.1.jar:/home/alex/.m2/repository/software/amazon/awssdk/annotations/2.17.1/annotations-2.17.1.jar:/home/alex/.m2/repository/software/amazon/awssdk/utils/2.17.1/utils-2.17.1.jar:/home/alex/.m2/repository/software/amazon/awssdk/aws-core/2.17.1/aws-core-2.17.1.jar:/home/alex/.m2/repository/software/amazon/awssdk/metrics-spi/2.17.1/metrics-spi-2.17.1.jar:/home/alex/.m2/repository/software/amazon/awssdk/secretsmanager/2.17.1/secretsmanager-2.17.1.jar:/home/alex/.m2/repository/com/azure/azure-security-keyvault-secrets/4.3.3/azure-security-keyvault-secrets-4.3.3.jar:/home/alex/.m2/repository/com/azure/azure-core/1.20.0/azure-core-1.20.0.jar:/home/alex/.m2/repository/com/fasterxml/jackson/datatype/jackson-datatype-jsr310/2.12.4/jackson-datatype-jsr310-2.12.4.jar:/home/alex/.m2/repository/com/fasterxml/jackson/dataformat/jackson-dataformat-xml/2.12.4/jackson-dataformat-xml-2.12.4.jar:/home/alex/.m2/repository/io/projectreactor/reactor-core/3.4.9/reactor-core-3.4.9.jar:/home/alex/.m2/repository/com/azure/azure-security-keyvault-keys/4.3.3/azure-security-keyvault-keys-4.3.3.jar:/home/alex/.m2/repository/com/azure/azure-identity/1.3.4/azure-identity-1.3.4.jar:/home/alex/.m2/repository/com/microsoft/azure/msal4j/1.10.1/msal4j-1.10.1.jar:/home/alex/.m2/repository/com/nimbusds/oauth2-oidc-sdk/9.7/oauth2-oidc-sdk-9.7.jar:/home/alex/.m2/repository/com/github/stephenc/jcip/jcip-annotations/1.0-1/jcip-annotations-1.0-1.jar:/home/alex/.m2/repository/com/nimbusds/content-type/2.1/content-type-2.1.jar:/home/alex/.m2/repository/com/nimbusds/lang-tag/1.5/lang-tag-1.5.jar:/home/alex/.m2/repository/com/nimbusds/nimbus-jose-jwt/9.9.3/nimbus-jose-jwt-9.9.3.jar:/home/alex/.m2/repository/com/microsoft/azure/msal4j-persistence-extension/1.1.0/msal4j-persistence-extension-1.1.0.jar:/home/alex/.m2/repository/net/java/dev/jna/jna/5.5.0/jna-5.5.0.jar:/home/alex/.m2/repository/net/java/dev/jna/jna-platform/5.6.0/jna-platform-5.6.0.jar:/home/alex/.m2/repository/net/minidev/json-smart/2.4.7/json-smart-2.4.7.jar:/home/alex/.m2/repository/net/minidev/accessors-smart/2.4.7/accessors-smart-2.4.7.jar:/home/alex/.m2/repository/org/ow2/asm/asm/9.1/asm-9.1.jar:/home/alex/.m2/repository/com/azure/azure-core-http-okhttp/1.7.1/azure-core-http-okhttp-1.7.1.jar:/home/alex/.m2/repository/com/squareup/okhttp3/okhttp/4.8.1/okhttp-4.8.1.jar:/home/alex/.m2/repository/com/squareup/okio/okio/2.7.0/okio-2.7.0.jar:/home/alex/.m2/repository/org/jetbrains/kotlin/kotlin-stdlib-common/1.3.70/kotlin-stdlib-common-1.3.70.jar:/home/alex/.m2/repository/org/jetbrains/kotlin/kotlin-stdlib/1.3.72/kotlin-stdlib-1.3.72.jar:/home/alex/.m2/repository/org/jetbrains/annotations/13.0/annotations-13.0.jar:/home/alex/.m2/repository/software/amazon/awssdk/url-connection-client/2.17.1/url-connection-client-2.17.1.jar:/home/alex/.m2/repository/com/google/cloud/google-cloud-kms/2.0.2/google-cloud-kms-2.0.2.jar:/home/alex/.m2/repository/io/grpc/grpc-api/1.40.0/grpc-api-1.40.0.jar:/home/alex/.m2/repository/io/grpc/grpc-context/1.40.0/grpc-context-1.40.0.jar:/home/alex/.m2/repository/com/google/code/findbugs/jsr305/3.0.2/jsr305-3.0.2.jar:/home/alex/.m2/repository/io/grpc/grpc-stub/1.40.0/grpc-stub-1.40.0.jar:/home/alex/.m2/repository/io/grpc/grpc-protobuf/1.40.0/grpc-protobuf-1.40.0.jar:/home/alex/.m2/repository/io/grpc/grpc-protobuf-lite/1.40.0/grpc-protobuf-lite-1.40.0.jar:/home/alex/.m2/repository/com/google/api/api-common/2.0.1/api-common-2.0.1.jar:/home/alex/.m2/repository/javax/annotation/javax.annotation-api/1.3.2/javax.annotation-api-1.3.2.jar:/home/alex/.m2/repository/com/google/auto/value/auto-value-annotations/1.8.2/auto-value-annotations-1.8.2.jar:/home/alex/.m2/repository/com/google/protobuf/protobuf-java/3.17.3/protobuf-java-3.17.3.jar:/home/alex/.m2/repository/com/google/api/grpc/proto-google-common-protos/2.3.2/proto-google-common-protos-2.3.2.jar:/home/alex/.m2/repository/com/google/api/grpc/proto-google-cloud-kms-v1/0.91.2/proto-google-cloud-kms-v1-0.91.2.jar:/home/alex/.m2/repository/com/google/guava/guava/30.1.1-jre/guava-30.1.1-jre.jar:/home/alex/.m2/repository/com/google/guava/failureaccess/1.0.1/failureaccess-1.0.1.jar:/home/alex/.m2/repository/com/google/guava/listenablefuture/9999.0-empty-to-avoid-conflict-with-guava/listenablefuture-9999.0-empty-to-avoid-conflict-with-guava.jar:/home/alex/.m2/repository/com/google/j2objc/j2objc-annotations/1.3/j2objc-annotations-1.3.jar:/home/alex/.m2/repository/com/google/api/gax/2.3.0/gax-2.3.0.jar:/home/alex/.m2/repository/io/opencensus/opencensus-api/0.28.0/opencensus-api-0.28.0.jar:/home/alex/.m2/repository/com/google/api/gax-grpc/2.3.0/gax-grpc-2.3.0.jar:/home/alex/.m2/repository/com/google/auth/google-auth-library-credentials/1.1.0/google-auth-library-credentials-1.1.0.jar:/home/alex/.m2/repository/io/grpc/grpc-netty-shaded/1.40.0/grpc-netty-shaded-1.40.0.jar:/home/alex/.m2/repository/io/perfmark/perfmark-api/0.23.0/perfmark-api-0.23.0.jar:/home/alex/.m2/repository/io/grpc/grpc-core/1.40.0/grpc-core-1.40.0.jar:/home/alex/.m2/repository/com/google/android/annotations/4.1.1.4/annotations-4.1.1.4.jar:/home/alex/.m2/repository/org/codehaus/mojo/animal-sniffer-annotations/1.20/animal-sniffer-annotations-1.20.jar:/home/alex/.m2/repository/io/grpc/grpc-alts/1.40.0/grpc-alts-1.40.0.jar:/home/alex/.m2/repository/io/grpc/grpc-grpclb/1.40.0/grpc-grpclb-1.40.0.jar:/home/alex/.m2/repository/com/google/protobuf/protobuf-java-util/3.17.3/protobuf-java-util-3.17.3.jar:/home/alex/.m2/repository/org/conscrypt/conscrypt-openjdk-uber/2.5.1/conscrypt-openjdk-uber-2.5.1.jar:/home/alex/.m2/repository/org/threeten/threetenbp/1.5.1/threetenbp-1.5.1.jar:/home/alex/.m2/repository/io/grpc/grpc-auth/1.40.0/grpc-auth-1.40.0.jar:/home/alex/.m2/repository/com/google/api/grpc/proto-google-iam-v1/1.0.14/proto-google-iam-v1-1.0.14.jar:/home/alex/.m2/repository/com/google/auth/google-auth-library-oauth2-http/1.1.0/google-auth-library-oauth2-http-1.1.0.jar:/home/alex/.m2/repository/com/google/http-client/google-http-client/1.39.2/google-http-client-1.39.2.jar:/home/alex/.m2/repository/io/opencensus/opencensus-contrib-http-util/0.28.0/opencensus-contrib-http-util-0.28.0.jar:/home/alex/.m2/repository/com/google/http-client/google-http-client-gson/1.39.2/google-http-client-gson-1.39.2.jar:/home/alex/.m2/repository/com/google/code/gson/gson/2.8.8/gson-2.8.8.jar:/home/alex/Repositories/nifi/nifi-commons/nifi-vault-utils/target/classes:/home/alex/.m2/repository/org/springframework/vault/spring-vault-core/2.3.2/spring-vault-core-2.3.2.jar:/home/alex/.m2/repository/org/springframework/spring-web/5.3.11/spring-web-5.3.11.jar:/home/alex/Repositories/nifi/nifi-nar-bundles/nifi-framework-bundle/nifi-framework/nifi-properties-loader/target/classes:/home/alex/Repositories/nifi/nifi-commons/nifi-security-utils/target/classes:/home/alex/Repositories/nifi/nifi-api/target/classes:/home/alex/Repositories/nifi/nifi-commons/nifi-security-utils-api/target/classes:/home/alex/.m2/repository/at/favre/lib/bcrypt/0.9.0/bcrypt-0.9.0.jar:/home/alex/.m2/repository/at/favre/lib/bytes/1.3.0/bytes-1.3.0.jar:/home/alex/Repositories/nifi/nifi-toolkit/nifi-toolkit-tls/target/classes:/home/alex/.m2/repository/org/bouncycastle/bcpkix-jdk15on/1.69/bcpkix-jdk15on-1.69.jar:/home/alex/.m2/repository/org/bouncycastle/bcutil-jdk15on/1.69/bcutil-jdk15on-1.69.jar:/home/alex/.m2/repository/commons-io/commons-io/2.10.0/commons-io-2.10.0.jar:/home/alex/.m2/repository/org/glassfish/jersey/core/jersey-client/2.33/jersey-client-2.33.jar:/home/alex/.m2/repository/jakarta/ws/rs/jakarta.ws.rs-api/2.1.6/jakarta.ws.rs-api-2.1.6.jar:/home/alex/.m2/repository/org/glassfish/jersey/core/jersey-common/2.33/jersey-common-2.33.jar:/home/alex/.m2/repository/jakarta/annotation/jakarta.annotation-api/1.3.5/jakarta.annotation-api-1.3.5.jar:/home/alex/.m2/repository/org/glassfish/hk2/osgi-resource-locator/1.0.3/osgi-resource-locator-1.0.3.jar:/home/alex/.m2/repository/org/glassfish/hk2/external/jakarta.inject/2.6.1/jakarta.inject-2.6.1.jar:/home/alex/.m2/repository/org/glassfish/jersey/inject/jersey-hk2/2.33/jersey-hk2-2.33.jar:/home/alex/.m2/repository/org/glassfish/hk2/hk2-locator/2.6.1/hk2-locator-2.6.1.jar:/home/alex/.m2/repository/org/glassfish/hk2/external/aopalliance-repackaged/2.6.1/aopalliance-repackaged-2.6.1.jar:/home/alex/.m2/repository/org/glassfish/hk2/hk2-api/2.6.1/hk2-api-2.6.1.jar:/home/alex/.m2/repository/org/glassfish/hk2/hk2-utils/2.6.1/hk2-utils-2.6.1.jar:/home/alex/.m2/repository/org/javassist/javassist/3.25.0-GA/javassist-3.25.0-GA.jar:/home/alex/.m2/repository/com/fasterxml/jackson/core/jackson-databind/2.12.3/jackson-databind-2.12.3.jar:/home/alex/.m2/repository/com/fasterxml/jackson/core/jackson-annotations/2.12.3/jackson-annotations-2.12.3.jar:/home/alex/.m2/repository/org/apache/httpcomponents/httpclient/4.5.5/httpclient-4.5.5.jar:/home/alex/.m2/repository/org/apache/httpcomponents/httpcore/4.4.9/httpcore-4.4.9.jar:/home/alex/.m2/repository/commons-cli/commons-cli/1.4/commons-cli-1.4.jar:/home/alex/.m2/repository/com/github/stefanbirkner/system-rules/1.19.0/system-rules-1.19.0.jar:/home/alex/.m2/repository/junit/junit/4.13.2/junit-4.13.2.jar:/home/alex/Repositories/nifi/nifi-nar-bundles/nifi-framework-bundle/nifi-framework/nifi-framework-core/target/classes:/home/alex/Repositories/nifi/nifi-nar-bundles/nifi-framework-bundle/nifi-framework/nifi-framework-core-api/target/classes:/home/alex/Repositories/nifi/nifi-nar-bundles/nifi-framework-bundle/nifi-framework/nifi-framework-nar-utils/target/classes:/home/alex/Repositories/nifi/nifi-commons/nifi-parameter/target/classes:/home/alex/Repositories/nifi/nifi-nar-bundles/nifi-framework-bundle/nifi-framework/nifi-framework-components/target/classes:/home/alex/Repositories/nifi/nifi-framework-api/target/classes:/home/alex/Repositories/nifi/nifi-commons/nifi-web-utils/target/classes:/home/alex/.m2/repository/org/quartz-scheduler/quartz/2.3.2/quartz-2.3.2.jar:/home/alex/.m2/repository/com/mchange/c3p0/0.9.5.4/c3p0-0.9.5.4.jar:/home/alex/.m2/repository/com/mchange/mchange-commons-java/0.2.15/mchange-commons-java-0.2.15.jar:/home/alex/.m2/repository/com/zaxxer/HikariCP-java7/2.4.13/HikariCP-java7-2.4.13.jar:/home/alex/Repositories/nifi/nifi-commons/nifi-expression-language/target/classes:/home/alex/.m2/repository/org/antlr/antlr-runtime/3.5.2/antlr-runtime-3.5.2.jar:/home/alex/Repositories/nifi/nifi-commons/nifi-uuid5/target/classes:/home/alex/.m2/repository/com/jayway/jsonpath/json-path/2.6.0/json-path-2.6.0.jar:/home/alex/Repositories/nifi/nifi-commons/nifi-utils/target/classes:/home/alex/Repositories/nifi/nifi-commons/nifi-schema-utils/target/classes:/home/alex/Repositories/nifi/nifi-nar-bundles/nifi-framework-bundle/nifi-framework/nifi-repository-models/target/classes:/home/alex/Repositories/nifi/nifi-commons/nifi-security-kms/target/classes:/home/alex/Repositories/nifi/nifi-commons/nifi-repository-encryption/target/classes:/home/alex/Repositories/nifi/nifi-nar-bundles/nifi-framework-bundle/nifi-framework/nifi-site-to-site/target/classes:/home/alex/Repositories/nifi/nifi-nar-bundles/nifi-framework-bundle/nifi-framework/nifi-framework-cluster-protocol/target/classes:/home/alex/Repositories/nifi/nifi-commons/nifi-socket-utils/target/classes:/home/alex/.m2/repository/commons-net/commons-net/3.6/commons-net-3.6.jar:/home/alex/.m2/repository/com/fasterxml/jackson/module/jackson-module-jaxb-annotations/2.12.3/jackson-module-jaxb-annotations-2.12.3.jar:/home/alex/.m2/repository/jakarta/xml/bind/jakarta.xml.bind-api/2.3.2/jakarta.xml.bind-api-2.3.2.jar:/home/alex/.m2/repository/jakarta/activation/jakarta.activation-api/1.2.1/jakarta.activation-api-1.2.1.jar:/home/alex/Repositories/nifi/nifi-commons/nifi-logging-utils/target/classes:/home/alex/Repositories/nifi/nifi-nar-bundles/nifi-framework-bundle/nifi-framework/nifi-client-dto/target/classes:/home/alex/.m2/repository/io/swagger/swagger-annotations/1.6.0/swagger-annotations-1.6.0.jar:/home/alex/Repositories/nifi/nifi-commons/nifi-site-to-site-client/target/classes:/home/alex/.m2/repository/org/apache/httpcomponents/httpasyncclient/4.1.4/httpasyncclient-4.1.4.jar:/home/alex/.m2/repository/org/apache/httpcomponents/httpcore-nio/4.4.10/httpcore-nio-4.4.10.jar:/home/alex/Repositories/nifi/nifi-nar-bundles/nifi-framework-bundle/nifi-framework/nifi-framework-authorization/target/classes:/home/alex/Repositories/nifi/nifi-nar-bundles/nifi-framework-bundle/nifi-framework/nifi-administration/target/classes:/home/alex/Repositories/nifi/nifi-nar-bundles/nifi-framework-bundle/nifi-framework/nifi-user-actions/target/classes:/home/alex/.m2/repository/org/springframework/spring-aop/5.3.11/spring-aop-5.3.11.jar:/home/alex/.m2/repository/org/aspectj/aspectjweaver/1.9.6/aspectjweaver-1.9.6.jar:/home/alex/.m2/repository/org/springframework/security/spring-security-core/5.5.2/spring-security-core-5.5.2.jar:/home/alex/.m2/repository/org/springframework/security/spring-security-crypto/5.5.2/spring-security-crypto-5.5.2.jar:/home/alex/.m2/repository/org/apache/commons/commons-collections4/4.4/commons-collections4-4.4.jar:/home/alex/.m2/repository/com/h2database/h2/1.4.199/h2-1.4.199.jar:/home/alex/.m2/repository/org/springframework/spring-core/5.3.11/spring-core-5.3.11.jar:/home/alex/.m2/repository/org/springframework/spring-jcl/5.3.11/spring-jcl-5.3.11.jar:/home/alex/.m2/repository/org/springframework/spring-beans/5.3.11/spring-beans-5.3.11.jar:/home/alex/.m2/repository/org/springframework/spring-context/5.3.11/spring-context-5.3.11.jar:/home/alex/.m2/repository/org/springframework/spring-expression/5.3.11/spring-expression-5.3.11.jar:/home/alex/.m2/repository/org/apache/commons/commons-math3/3.6.1/commons-math3-3.6.1.jar:/home/alex/.m2/repository/org/questdb/core/4.2.1/core-4.2.1.jar:/home/alex/Repositories/nifi/nifi-commons/nifi-data-provenance-utils/target/classes:/home/alex/Repositories/nifi/nifi-commons/nifi-write-ahead-log/target/classes:/home/alex/Repositories/nifi/nifi-commons/nifi-rocksdb-utils/target/classes:/home/alex/.m2/repository/org/rocksdb/rocksdbjni/6.6.4/rocksdbjni-6.6.4.jar:/home/alex/Repositories/nifi/nifi-nar-bundles/nifi-framework-bundle/nifi-framework/nifi-flowfile-repo-serialization/target/classes:/home/alex/.m2/repository/org/apache/zookeeper/zookeeper/3.5.9/zookeeper-3.5.9.jar:/home/alex/.m2/repository/org/apache/zookeeper/zookeeper-jute/3.5.9/zookeeper-jute-3.5.9.jar:/home/alex/.m2/repository/org/apache/yetus/audience-annotations/0.5.0/audience-annotations-0.5.0.jar:/home/alex/.m2/repository/io/netty/netty-handler/4.1.50.Final/netty-handler-4.1.50.Final.jar:/home/alex/.m2/repository/io/netty/netty-common/4.1.50.Final/netty-common-4.1.50.Final.jar:/home/alex/.m2/repository/io/netty/netty-resolver/4.1.50.Final/netty-resolver-4.1.50.Final.jar:/home/alex/.m2/repository/io/netty/netty-buffer/4.1.50.Final/netty-buffer-4.1.50.Final.jar:/home/alex/.m2/repository/io/netty/netty-transport/4.1.50.Final/netty-transport-4.1.50.Final.jar:/home/alex/.m2/repository/io/netty/netty-codec/4.1.50.Final/netty-codec-4.1.50.Final.jar:/home/alex/.m2/repository/io/netty/netty-transport-native-epoll/4.1.50.Final/netty-transport-native-epoll-4.1.50.Final.jar:/home/alex/.m2/repository/io/netty/netty-transport-native-unix-common/4.1.50.Final/netty-transport-native-unix-common-4.1.50.Final.jar:/home/alex/.m2/repository/org/apache/curator/curator-framework/5.2.0/curator-framework-5.2.0.jar:/home/alex/.m2/repository/org/apache/curator/curator-client/5.2.0/curator-client-5.2.0.jar:/home/alex/.m2/repository/org/apache/curator/curator-recipes/5.2.0/curator-recipes-5.2.0.jar:/home/alex/Repositories/nifi/nifi-registry/nifi-registry-core/nifi-registry-data-model/target/classes:/home/alex/.m2/repository/javax/validation/validation-api/2.0.1.Final/validation-api-2.0.1.Final.jar:/home/alex/.m2/repository/javax/ws/rs/javax.ws.rs-api/2.1/javax.ws.rs-api-2.1.jar:/home/alex/Repositories/nifi/nifi-registry/nifi-registry-core/nifi-registry-revision/nifi-registry-revision-entity-model/target/classes:/home/alex/Repositories/nifi/nifi-registry/nifi-registry-core/nifi-registry-flow-diff/target/classes:/home/alex/Repositories/nifi/nifi-registry/nifi-registry-core/nifi-registry-client/target/classes:/home/alex/Repositories/nifi/nifi-registry/nifi-registry-core/nifi-registry-security-utils/target/classes:/home/alex/.m2/repository/org/glassfish/jersey/media/jersey-media-json-jackson/2.33/jersey-media-json-jackson-2.33.jar:/home/alex/.m2/repository/org/glassfish/jersey/ext/jersey-entity-filtering/2.33/jersey-entity-filtering-2.33.jar:/home/alex/.m2/repository/org/glassfish/jersey/media/jersey-media-multipart/2.33/jersey-media-multipart-2.33.jar:/home/alex/.m2/repository/org/jvnet/mimepull/mimepull/1.9.13/mimepull-1.9.13.jar:/home/alex/.m2/repository/com/fasterxml/jackson/core/jackson-core/2.12.3/jackson-core-2.12.3.jar:/home/alex/Repositories/nifi/nifi-nar-bundles/nifi-framework-bundle/nifi-framework/nifi-authorizer/target/classes:/home/alex/Repositories/nifi/nifi-nar-bundles/nifi-framework-bundle/nifi-framework/nifi-framework-authorization-providers/target/classes:/home/alex/.m2/repository/com/github/ben-manes/caffeine/caffeine/2.8.1/caffeine-2.8.1.jar:/home/alex/.m2/repository/org/checkerframework/checker-qual/3.1.0/checker-qual-3.1.0.jar:/home/alex/.m2/repository/com/google/errorprone/error_prone_annotations/2.3.4/error_prone_annotations-2.3.4.jar:/home/alex/.m2/repository/org/apache/commons/commons-configuration2/2.7/commons-configuration2-2.7.jar:/home/alex/.m2/repository/org/apache/commons/commons-text/1.8/commons-text-1.8.jar:/home/alex/.m2/repository/commons-logging/commons-logging/1.2/commons-logging-1.2.jar:/home/alex/.m2/repository/commons-beanutils/commons-beanutils/1.9.4/commons-beanutils-1.9.4.jar:/home/alex/.m2/repository/commons-collections/commons-collections/3.2.2/commons-collections-3.2.2.jar:/home/alex/.m2/repository/org/spockframework/spock-core/1.3-groovy-2.5/spock-core-1.3-groovy-2.5.jar:/home/alex/.m2/repository/cglib/cglib-nodep/2.2.2/cglib-nodep-2.2.2.jar:/home/alex/.m2/repository/org/xmlunit/xmlunit-core/2.6.3/xmlunit-core-2.6.3.jar:/home/alex/.m2/repository/org/xmlunit/xmlunit-matchers/2.6.3/xmlunit-matchers-2.6.3.jar:/home/alex/.m2/repository/org/hamcrest/hamcrest-core/1.3/hamcrest-core-1.3.jar:/home/alex/.m2/repository/org/codehaus/groovy/groovy/2.5.14/groovy-2.5.14.jar:/home/alex/.m2/repository/org/codehaus/groovy/groovy-ant/2.5.14/groovy-ant-2.5.14.jar:/home/alex/.m2/repository/org/apache/ant/ant/1.9.15/ant-1.9.15.jar:/home/alex/.m2/repository/org/apache/ant/ant-junit/1.9.15/ant-junit-1.9.15.jar:/home/alex/.m2/repository/org/apache/ant/ant-launcher/1.9.15/ant-launcher-1.9.15.jar:/home/alex/.m2/repository/org/apache/ant/ant-antlr/1.9.15/ant-antlr-1.9.15.jar:/home/alex/.m2/repository/org/codehaus/groovy/groovy-cli-commons/2.5.14/groovy-cli-commons-2.5.14.jar:/home/alex/.m2/repository/org/codehaus/groovy/groovy-cli-picocli/2.5.14/groovy-cli-picocli-2.5.14.jar:/home/alex/.m2/repository/info/picocli/picocli/4.3.2/picocli-4.3.2.jar:/home/alex/.m2/repository/org/codehaus/groovy/groovy-console/2.5.14/groovy-console-2.5.14.jar:/home/alex/.m2/repository/org/codehaus/groovy/groovy-datetime/2.5.14/groovy-datetime-2.5.14.jar:/home/alex/.m2/repository/org/codehaus/groovy/groovy-docgenerator/2.5.14/groovy-docgenerator-2.5.14.jar:/home/alex/.m2/repository/com/thoughtworks/qdox/qdox/1.12.1/qdox-1.12.1.jar:/home/alex/.m2/repository/org/codehaus/groovy/groovy-groovydoc/2.5.14/groovy-groovydoc-2.5.14.jar:/home/alex/.m2/repository/org/codehaus/groovy/groovy-groovysh/2.5.14/groovy-groovysh-2.5.14.jar:/home/alex/.m2/repository/jline/jline/2.14.6/jline-2.14.6.jar:/home/alex/.m2/repository/org/codehaus/groovy/groovy-jmx/2.5.14/groovy-jmx-2.5.14.jar:/home/alex/.m2/repository/org/codehaus/groovy/groovy-json/2.5.14/groovy-json-2.5.14.jar:/home/alex/.m2/repository/org/codehaus/groovy/groovy-jsr223/2.5.14/groovy-jsr223-2.5.14.jar:/home/alex/.m2/repository/org/codehaus/groovy/groovy-macro/2.5.14/groovy-macro-2.5.14.jar:/home/alex/.m2/repository/org/codehaus/groovy/groovy-nio/2.5.14/groovy-nio-2.5.14.jar:/home/alex/.m2/repository/org/codehaus/groovy/groovy-servlet/2.5.14/groovy-servlet-2.5.14.jar:/home/alex/.m2/repository/org/codehaus/groovy/groovy-sql/2.5.14/groovy-sql-2.5.14.jar:/home/alex/.m2/repository/org/codehaus/groovy/groovy-swing/2.5.14/groovy-swing-2.5.14.jar:/home/alex/.m2/repository/org/codehaus/groovy/groovy-templates/2.5.14/groovy-templates-2.5.14.jar:/home/alex/.m2/repository/org/codehaus/groovy/groovy-test-junit5/2.5.14/groovy-test-junit5-2.5.14.jar:/home/alex/.m2/repository/org/junit/platform/junit-platform-launcher/1.7.2/junit-platform-launcher-1.7.2.jar:/home/alex/.m2/repository/org/codehaus/groovy/groovy-testng/2.5.14/groovy-testng-2.5.14.jar:/home/alex/.m2/repository/org/testng/testng/6.13.1/testng-6.13.1.jar:/home/alex/.m2/repository/com/beust/jcommander/1.72/jcommander-1.72.jar:/home/alex/.m2/repository/org/codehaus/groovy/groovy-xml/2.5.14/groovy-xml-2.5.14.jar:/home/alex/.m2/repository/org/slf4j/slf4j-simple/1.7.32/slf4j-simple-1.7.32.jar:/home/alex/.m2/repository/org/slf4j/slf4j-api/1.7.32/slf4j-api-1.7.32.jar:/home/alex/.m2/repository/org/junit/jupiter/junit-jupiter-api/5.7.2/junit-jupiter-api-5.7.2.jar:/home/alex/.m2/repository/org/apiguardian/apiguardian-api/1.1.0/apiguardian-api-1.1.0.jar:/home/alex/.m2/repository/org/opentest4j/opentest4j/1.2.0/opentest4j-1.2.0.jar:/home/alex/.m2/repository/org/junit/platform/junit-platform-commons/1.7.2/junit-platform-commons-1.7.2.jar:/home/alex/.m2/repository/org/junit/jupiter/junit-jupiter-engine/5.7.2/junit-jupiter-engine-5.7.2.jar:/home/alex/.m2/repository/org/junit/platform/junit-platform-engine/1.7.2/junit-platform-engine-1.7.2.jar:/home/alex/.m2/repository/org/junit/vintage/junit-vintage-engine/5.7.2/junit-vintage-engine-5.7.2.jar:/home/alex/.m2/repository/org/junit/jupiter/junit-jupiter-params/5.7.2/junit-jupiter-params-5.7.2.jar:/home/alex/.m2/repository/org/mockito/mockito-core/3.11.2/mockito-core-3.11.2.jar:/home/alex/.m2/repository/net/bytebuddy/byte-buddy/1.11.3/byte-buddy-1.11.3.jar:/home/alex/.m2/repository/net/bytebuddy/byte-buddy-agent/1.11.3/byte-buddy-agent-1.11.3.jar:/home/alex/.m2/repository/org/objenesis/objenesis/3.2/objenesis-3.2.jar:/home/alex/.m2/repository/org/mockito/mockito-junit-jupiter/3.11.2/mockito-junit-jupiter-3.11.2.jar:/home/alex/.m2/repository/org/codehaus/groovy/groovy-test/2.5.14/groovy-test-2.5.14.jar:"/>
    <property name="java.vm.vendor" value="Private Build"/>
    <property name="sun.arch.data.model" value="64"/>
    <property name="java.vendor.url" value="http://java.oracle.com/"/>
    <property name="user.timezone" value="Europe/Lisbon"/>
    <property name="java.vm.specification.version" value="1.8"/>
    <property name="os.name" value="Linux"/>
    <property name="user.country" value="US"/>
    <property name="sun.java.launcher" value="SUN_STANDARD"/>
    <property name="sun.boot.library.path" value="/usr/lib/jvm/java-8-openjdk-amd64/jre/lib/amd64"/>
    <property name="sun.java.command" value="/home/alex/Repositories/nifi/nifi-toolkit/nifi-toolkit-encrypt-config/target/surefire/surefirebooter4903641642042218087.jar /home/alex/Repositories/nifi/nifi-toolkit/nifi-toolkit-encrypt-config/target/surefire 2024-05-02T03-00-27_868-jvmRun1 surefire3711543214831808543tmp surefire_1908635786172443262937tmp"/>
    <property name="surefire.test.class.path" value="/home/alex/Repositories/nifi/nifi-toolkit/nifi-toolkit-encrypt-config/target/test-classes:/home/alex/Repositories/nifi/nifi-toolkit/nifi-toolkit-encrypt-config/target/classes:/home/alex/Repositories/nifi/nifi-commons/nifi-flow-encryptor/target/classes:/home/alex/Repositories/nifi/nifi-commons/nifi-property-encryptor/target/classes:/home/alex/.m2/repository/commons-codec/commons-codec/1.14/commons-codec-1.14.jar:/home/alex/Repositories/nifi/nifi-commons/nifi-properties/target/classes:/home/alex/Repositories/nifi/nifi-commons/nifi-property-utils/target/classes:/home/alex/Repositories/nifi/nifi-registry/nifi-registry-core/nifi-registry-properties/target/classes:/home/alex/.m2/repository/org/apache/commons/commons-lang3/3.5/commons-lang3-3.5.jar:/home/alex/.m2/repository/org/bouncycastle/bcprov-jdk15on/1.69/bcprov-jdk15on-1.69.jar:/home/alex/Repositories/nifi/nifi-commons/nifi-sensitive-property-provider/target/classes:/home/alex/.m2/repository/software/amazon/awssdk/kms/2.17.1/kms-2.17.1.jar:/home/alex/.m2/repository/software/amazon/awssdk/aws-json-protocol/2.17.1/aws-json-protocol-2.17.1.jar:/home/alex/.m2/repository/software/amazon/awssdk/third-party-jackson-core/2.17.1/third-party-jackson-core-2.17.1.jar:/home/alex/.m2/repository/software/amazon/awssdk/json-utils/2.17.1/json-utils-2.17.1.jar:/home/alex/.m2/repository/software/amazon/awssdk/protocol-core/2.17.1/protocol-core-2.17.1.jar:/home/alex/.m2/repository/software/amazon/awssdk/sdk-core/2.17.1/sdk-core-2.17.1.jar:/home/alex/.m2/repository/software/amazon/awssdk/profiles/2.17.1/profiles-2.17.1.jar:/home/alex/.m2/repository/org/reactivestreams/reactive-streams/1.0.3/reactive-streams-1.0.3.jar:/home/alex/.m2/repository/software/amazon/awssdk/auth/2.17.1/auth-2.17.1.jar:/home/alex/.m2/repository/software/amazon/eventstream/eventstream/1.0.1/eventstream-1.0.1.jar:/home/alex/.m2/repository/software/amazon/awssdk/http-client-spi/2.17.1/http-client-spi-2.17.1.jar:/home/alex/.m2/repository/software/amazon/awssdk/regions/2.17.1/regions-2.17.1.jar:/home/alex/.m2/repository/software/amazon/awssdk/annotations/2.17.1/annotations-2.17.1.jar:/home/alex/.m2/repository/software/amazon/awssdk/utils/2.17.1/utils-2.17.1.jar:/home/alex/.m2/repository/software/amazon/awssdk/aws-core/2.17.1/aws-core-2.17.1.jar:/home/alex/.m2/repository/software/amazon/awssdk/metrics-spi/2.17.1/metrics-spi-2.17.1.jar:/home/alex/.m2/repository/software/amazon/awssdk/secretsmanager/2.17.1/secretsmanager-2.17.1.jar:/home/alex/.m2/repository/com/azure/azure-security-keyvault-secrets/4.3.3/azure-security-keyvault-secrets-4.3.3.jar:/home/alex/.m2/repository/com/azure/azure-core/1.20.0/azure-core-1.20.0.jar:/home/alex/.m2/repository/com/fasterxml/jackson/datatype/jackson-datatype-jsr310/2.12.4/jackson-datatype-jsr310-2.12.4.jar:/home/alex/.m2/repository/com/fasterxml/jackson/dataformat/jackson-dataformat-xml/2.12.4/jackson-dataformat-xml-2.12.4.jar:/home/alex/.m2/repository/io/projectreactor/reactor-core/3.4.9/reactor-core-3.4.9.jar:/home/alex/.m2/repository/com/azure/azure-security-keyvault-keys/4.3.3/azure-security-keyvault-keys-4.3.3.jar:/home/alex/.m2/repository/com/azure/azure-identity/1.3.4/azure-identity-1.3.4.jar:/home/alex/.m2/repository/com/microsoft/azure/msal4j/1.10.1/msal4j-1.10.1.jar:/home/alex/.m2/repository/com/nimbusds/oauth2-oidc-sdk/9.7/oauth2-oidc-sdk-9.7.jar:/home/alex/.m2/repository/com/github/stephenc/jcip/jcip-annotations/1.0-1/jcip-annotations-1.0-1.jar:/home/alex/.m2/repository/com/nimbusds/content-type/2.1/content-type-2.1.jar:/home/alex/.m2/repository/com/nimbusds/lang-tag/1.5/lang-tag-1.5.jar:/home/alex/.m2/repository/com/nimbusds/nimbus-jose-jwt/9.9.3/nimbus-jose-jwt-9.9.3.jar:/home/alex/.m2/repository/com/microsoft/azure/msal4j-persistence-extension/1.1.0/msal4j-persistence-extension-1.1.0.jar:/home/alex/.m2/repository/net/java/dev/jna/jna/5.5.0/jna-5.5.0.jar:/home/alex/.m2/repository/net/java/dev/jna/jna-platform/5.6.0/jna-platform-5.6.0.jar:/home/alex/.m2/repository/net/minidev/json-smart/2.4.7/json-smart-2.4.7.jar:/home/alex/.m2/repository/net/minidev/accessors-smart/2.4.7/accessors-smart-2.4.7.jar:/home/alex/.m2/repository/org/ow2/asm/asm/9.1/asm-9.1.jar:/home/alex/.m2/repository/com/azure/azure-core-http-okhttp/1.7.1/azure-core-http-okhttp-1.7.1.jar:/home/alex/.m2/repository/com/squareup/okhttp3/okhttp/4.8.1/okhttp-4.8.1.jar:/home/alex/.m2/repository/com/squareup/okio/okio/2.7.0/okio-2.7.0.jar:/home/alex/.m2/repository/org/jetbrains/kotlin/kotlin-stdlib-common/1.3.70/kotlin-stdlib-common-1.3.70.jar:/home/alex/.m2/repository/org/jetbrains/kotlin/kotlin-stdlib/1.3.72/kotlin-stdlib-1.3.72.jar:/home/alex/.m2/repository/org/jetbrains/annotations/13.0/annotations-13.0.jar:/home/alex/.m2/repository/software/amazon/awssdk/url-connection-client/2.17.1/url-connection-client-2.17.1.jar:/home/alex/.m2/repository/com/google/cloud/google-cloud-kms/2.0.2/google-cloud-kms-2.0.2.jar:/home/alex/.m2/repository/io/grpc/grpc-api/1.40.0/grpc-api-1.40.0.jar:/home/alex/.m2/repository/io/grpc/grpc-context/1.40.0/grpc-context-1.40.0.jar:/home/alex/.m2/repository/com/google/code/findbugs/jsr305/3.0.2/jsr305-3.0.2.jar:/home/alex/.m2/repository/io/grpc/grpc-stub/1.40.0/grpc-stub-1.40.0.jar:/home/alex/.m2/repository/io/grpc/grpc-protobuf/1.40.0/grpc-protobuf-1.40.0.jar:/home/alex/.m2/repository/io/grpc/grpc-protobuf-lite/1.40.0/grpc-protobuf-lite-1.40.0.jar:/home/alex/.m2/repository/com/google/api/api-common/2.0.1/api-common-2.0.1.jar:/home/alex/.m2/repository/javax/annotation/javax.annotation-api/1.3.2/javax.annotation-api-1.3.2.jar:/home/alex/.m2/repository/com/google/auto/value/auto-value-annotations/1.8.2/auto-value-annotations-1.8.2.jar:/home/alex/.m2/repository/com/google/protobuf/protobuf-java/3.17.3/protobuf-java-3.17.3.jar:/home/alex/.m2/repository/com/google/api/grpc/proto-google-common-protos/2.3.2/proto-google-common-protos-2.3.2.jar:/home/alex/.m2/repository/com/google/api/grpc/proto-google-cloud-kms-v1/0.91.2/proto-google-cloud-kms-v1-0.91.2.jar:/home/alex/.m2/repository/com/google/guava/guava/30.1.1-jre/guava-30.1.1-jre.jar:/home/alex/.m2/repository/com/google/guava/failureaccess/1.0.1/failureaccess-1.0.1.jar:/home/alex/.m2/repository/com/google/guava/listenablefuture/9999.0-empty-to-avoid-conflict-with-guava/listenablefuture-9999.0-empty-to-avoid-conflict-with-guava.jar:/home/alex/.m2/repository/com/google/j2objc/j2objc-annotations/1.3/j2objc-annotations-1.3.jar:/home/alex/.m2/repository/com/google/api/gax/2.3.0/gax-2.3.0.jar:/home/alex/.m2/repository/io/opencensus/opencensus-api/0.28.0/opencensus-api-0.28.0.jar:/home/alex/.m2/repository/com/google/api/gax-grpc/2.3.0/gax-grpc-2.3.0.jar:/home/alex/.m2/repository/com/google/auth/google-auth-library-credentials/1.1.0/google-auth-library-credentials-1.1.0.jar:/home/alex/.m2/repository/io/grpc/grpc-netty-shaded/1.40.0/grpc-netty-shaded-1.40.0.jar:/home/alex/.m2/repository/io/perfmark/perfmark-api/0.23.0/perfmark-api-0.23.0.jar:/home/alex/.m2/repository/io/grpc/grpc-core/1.40.0/grpc-core-1.40.0.jar:/home/alex/.m2/repository/com/google/android/annotations/4.1.1.4/annotations-4.1.1.4.jar:/home/alex/.m2/repository/org/codehaus/mojo/animal-sniffer-annotations/1.20/animal-sniffer-annotations-1.20.jar:/home/alex/.m2/repository/io/grpc/grpc-alts/1.40.0/grpc-alts-1.40.0.jar:/home/alex/.m2/repository/io/grpc/grpc-grpclb/1.40.0/grpc-grpclb-1.40.0.jar:/home/alex/.m2/repository/com/google/protobuf/protobuf-java-util/3.17.3/protobuf-java-util-3.17.3.jar:/home/alex/.m2/repository/org/conscrypt/conscrypt-openjdk-uber/2.5.1/conscrypt-openjdk-uber-2.5.1.jar:/home/alex/.m2/repository/org/threeten/threetenbp/1.5.1/threetenbp-1.5.1.jar:/home/alex/.m2/repository/io/grpc/grpc-auth/1.40.0/grpc-auth-1.40.0.jar:/home/alex/.m2/repository/com/google/api/grpc/proto-google-iam-v1/1.0.14/proto-google-iam-v1-1.0.14.jar:/home/alex/.m2/repository/com/google/auth/google-auth-library-oauth2-http/1.1.0/google-auth-library-oauth2-http-1.1.0.jar:/home/alex/.m2/repository/com/google/http-client/google-http-client/1.39.2/google-http-client-1.39.2.jar:/home/alex/.m2/repository/io/opencensus/opencensus-contrib-http-util/0.28.0/opencensus-contrib-http-util-0.28.0.jar:/home/alex/.m2/repository/com/google/http-client/google-http-client-gson/1.39.2/google-http-client-gson-1.39.2.jar:/home/alex/.m2/repository/com/google/code/gson/gson/2.8.8/gson-2.8.8.jar:/home/alex/Repositories/nifi/nifi-commons/nifi-vault-utils/target/classes:/home/alex/.m2/repository/org/springframework/vault/spring-vault-core/2.3.2/spring-vault-core-2.3.2.jar:/home/alex/.m2/repository/org/springframework/spring-web/5.3.11/spring-web-5.3.11.jar:/home/alex/Repositories/nifi/nifi-nar-bundles/nifi-framework-bundle/nifi-framework/nifi-properties-loader/target/classes:/home/alex/Repositories/nifi/nifi-commons/nifi-security-utils/target/classes:/home/alex/Repositories/nifi/nifi-api/target/classes:/home/alex/Repositories/nifi/nifi-commons/nifi-security-utils-api/target/classes:/home/alex/.m2/repository/at/favre/lib/bcrypt/0.9.0/bcrypt-0.9.0.jar:/home/alex/.m2/repository/at/favre/lib/bytes/1.3.0/bytes-1.3.0.jar:/home/alex/Repositories/nifi/nifi-toolkit/nifi-toolkit-tls/target/classes:/home/alex/.m2/repository/org/bouncycastle/bcpkix-jdk15on/1.69/bcpkix-jdk15on-1.69.jar:/home/alex/.m2/repository/org/bouncycastle/bcutil-jdk15on/1.69/bcutil-jdk15on-1.69.jar:/home/alex/.m2/repository/commons-io/commons-io/2.10.0/commons-io-2.10.0.jar:/home/alex/.m2/repository/org/glassfish/jersey/core/jersey-client/2.33/jersey-client-2.33.jar:/home/alex/.m2/repository/jakarta/ws/rs/jakarta.ws.rs-api/2.1.6/jakarta.ws.rs-api-2.1.6.jar:/home/alex/.m2/repository/org/glassfish/jersey/core/jersey-common/2.33/jersey-common-2.33.jar:/home/alex/.m2/repository/jakarta/annotation/jakarta.annotation-api/1.3.5/jakarta.annotation-api-1.3.5.jar:/home/alex/.m2/repository/org/glassfish/hk2/osgi-resource-locator/1.0.3/osgi-resource-locator-1.0.3.jar:/home/alex/.m2/repository/org/glassfish/hk2/external/jakarta.inject/2.6.1/jakarta.inject-2.6.1.jar:/home/alex/.m2/repository/org/glassfish/jersey/inject/jersey-hk2/2.33/jersey-hk2-2.33.jar:/home/alex/.m2/repository/org/glassfish/hk2/hk2-locator/2.6.1/hk2-locator-2.6.1.jar:/home/alex/.m2/repository/org/glassfish/hk2/external/aopalliance-repackaged/2.6.1/aopalliance-repackaged-2.6.1.jar:/home/alex/.m2/repository/org/glassfish/hk2/hk2-api/2.6.1/hk2-api-2.6.1.jar:/home/alex/.m2/repository/org/glassfish/hk2/hk2-utils/2.6.1/hk2-utils-2.6.1.jar:/home/alex/.m2/repository/org/javassist/javassist/3.25.0-GA/javassist-3.25.0-GA.jar:/home/alex/.m2/repository/com/fasterxml/jackson/core/jackson-databind/2.12.3/jackson-databind-2.12.3.jar:/home/alex/.m2/repository/com/fasterxml/jackson/core/jackson-annotations/2.12.3/jackson-annotations-2.12.3.jar:/home/alex/.m2/repository/org/apache/httpcomponents/httpclient/4.5.5/httpclient-4.5.5.jar:/home/alex/.m2/repository/org/apache/httpcomponents/httpcore/4.4.9/httpcore-4.4.9.jar:/home/alex/.m2/repository/commons-cli/commons-cli/1.4/commons-cli-1.4.jar:/home/alex/.m2/repository/com/github/stefanbirkner/system-rules/1.19.0/system-rules-1.19.0.jar:/home/alex/.m2/repository/junit/junit/4.13.2/junit-4.13.2.jar:/home/alex/Repositories/nifi/nifi-nar-bundles/nifi-framework-bundle/nifi-framework/nifi-framework-core/target/classes:/home/alex/Repositories/nifi/nifi-nar-bundles/nifi-framework-bundle/nifi-framework/nifi-framework-core-api/target/classes:/home/alex/Repositories/nifi/nifi-nar-bundles/nifi-framework-bundle/nifi-framework/nifi-framework-nar-utils/target/classes:/home/alex/Repositories/nifi/nifi-commons/nifi-parameter/target/classes:/home/alex/Repositories/nifi/nifi-nar-bundles/nifi-framework-bundle/nifi-framework/nifi-framework-components/target/classes:/home/alex/Repositories/nifi/nifi-framework-api/target/classes:/home/alex/Repositories/nifi/nifi-commons/nifi-web-utils/target/classes:/home/alex/.m2/repository/org/quartz-scheduler/quartz/2.3.2/quartz-2.3.2.jar:/home/alex/.m2/repository/com/mchange/c3p0/0.9.5.4/c3p0-0.9.5.4.jar:/home/alex/.m2/repository/com/mchange/mchange-commons-java/0.2.15/mchange-commons-java-0.2.15.jar:/home/alex/.m2/repository/com/zaxxer/HikariCP-java7/2.4.13/HikariCP-java7-2.4.13.jar:/home/alex/Repositories/nifi/nifi-commons/nifi-expression-language/target/classes:/home/alex/.m2/repository/org/antlr/antlr-runtime/3.5.2/antlr-runtime-3.5.2.jar:/home/alex/Repositories/nifi/nifi-commons/nifi-uuid5/target/classes:/home/alex/.m2/repository/com/jayway/jsonpath/json-path/2.6.0/json-path-2.6.0.jar:/home/alex/Repositories/nifi/nifi-commons/nifi-utils/target/classes:/home/alex/Repositories/nifi/nifi-commons/nifi-schema-utils/target/classes:/home/alex/Repositories/nifi/nifi-nar-bundles/nifi-framework-bundle/nifi-framework/nifi-repository-models/target/classes:/home/alex/Repositories/nifi/nifi-commons/nifi-security-kms/target/classes:/home/alex/Repositories/nifi/nifi-commons/nifi-repository-encryption/target/classes:/home/alex/Repositories/nifi/nifi-nar-bundles/nifi-framework-bundle/nifi-framework/nifi-site-to-site/target/classes:/home/alex/Repositories/nifi/nifi-nar-bundles/nifi-framework-bundle/nifi-framework/nifi-framework-cluster-protocol/target/classes:/home/alex/Repositories/nifi/nifi-commons/nifi-socket-utils/target/classes:/home/alex/.m2/repository/commons-net/commons-net/3.6/commons-net-3.6.jar:/home/alex/.m2/repository/com/fasterxml/jackson/module/jackson-module-jaxb-annotations/2.12.3/jackson-module-jaxb-annotations-2.12.3.jar:/home/alex/.m2/repository/jakarta/xml/bind/jakarta.xml.bind-api/2.3.2/jakarta.xml.bind-api-2.3.2.jar:/home/alex/.m2/repository/jakarta/activation/jakarta.activation-api/1.2.1/jakarta.activation-api-1.2.1.jar:/home/alex/Repositories/nifi/nifi-commons/nifi-logging-utils/target/classes:/home/alex/Repositories/nifi/nifi-nar-bundles/nifi-framework-bundle/nifi-framework/nifi-client-dto/target/classes:/home/alex/.m2/repository/io/swagger/swagger-annotations/1.6.0/swagger-annotations-1.6.0.jar:/home/alex/Repositories/nifi/nifi-commons/nifi-site-to-site-client/target/classes:/home/alex/.m2/repository/org/apache/httpcomponents/httpasyncclient/4.1.4/httpasyncclient-4.1.4.jar:/home/alex/.m2/repository/org/apache/httpcomponents/httpcore-nio/4.4.10/httpcore-nio-4.4.10.jar:/home/alex/Repositories/nifi/nifi-nar-bundles/nifi-framework-bundle/nifi-framework/nifi-framework-authorization/target/classes:/home/alex/Repositories/nifi/nifi-nar-bundles/nifi-framework-bundle/nifi-framework/nifi-administration/target/classes:/home/alex/Repositories/nifi/nifi-nar-bundles/nifi-framework-bundle/nifi-framework/nifi-user-actions/target/classes:/home/alex/.m2/repository/org/springframework/spring-aop/5.3.11/spring-aop-5.3.11.jar:/home/alex/.m2/repository/org/aspectj/aspectjweaver/1.9.6/aspectjweaver-1.9.6.jar:/home/alex/.m2/repository/org/springframework/security/spring-security-core/5.5.2/spring-security-core-5.5.2.jar:/home/alex/.m2/repository/org/springframework/security/spring-security-crypto/5.5.2/spring-security-crypto-5.5.2.jar:/home/alex/.m2/repository/org/apache/commons/commons-collections4/4.4/commons-collections4-4.4.jar:/home/alex/.m2/repository/com/h2database/h2/1.4.199/h2-1.4.199.jar:/home/alex/.m2/repository/org/springframework/spring-core/5.3.11/spring-core-5.3.11.jar:/home/alex/.m2/repository/org/springframework/spring-jcl/5.3.11/spring-jcl-5.3.11.jar:/home/alex/.m2/repository/org/springframework/spring-beans/5.3.11/spring-beans-5.3.11.jar:/home/alex/.m2/repository/org/springframework/spring-context/5.3.11/spring-context-5.3.11.jar:/home/alex/.m2/repository/org/springframework/spring-expression/5.3.11/spring-expression-5.3.11.jar:/home/alex/.m2/repository/org/apache/commons/commons-math3/3.6.1/commons-math3-3.6.1.jar:/home/alex/.m2/repository/org/questdb/core/4.2.1/core-4.2.1.jar:/home/alex/Repositories/nifi/nifi-commons/nifi-data-provenance-utils/target/classes:/home/alex/Repositories/nifi/nifi-commons/nifi-write-ahead-log/target/classes:/home/alex/Repositories/nifi/nifi-commons/nifi-rocksdb-utils/target/classes:/home/alex/.m2/repository/org/rocksdb/rocksdbjni/6.6.4/rocksdbjni-6.6.4.jar:/home/alex/Repositories/nifi/nifi-nar-bundles/nifi-framework-bundle/nifi-framework/nifi-flowfile-repo-serialization/target/classes:/home/alex/.m2/repository/org/apache/zookeeper/zookeeper/3.5.9/zookeeper-3.5.9.jar:/home/alex/.m2/repository/org/apache/zookeeper/zookeeper-jute/3.5.9/zookeeper-jute-3.5.9.jar:/home/alex/.m2/repository/org/apache/yetus/audience-annotations/0.5.0/audience-annotations-0.5.0.jar:/home/alex/.m2/repository/io/netty/netty-handler/4.1.50.Final/netty-handler-4.1.50.Final.jar:/home/alex/.m2/repository/io/netty/netty-common/4.1.50.Final/netty-common-4.1.50.Final.jar:/home/alex/.m2/repository/io/netty/netty-resolver/4.1.50.Final/netty-resolver-4.1.50.Final.jar:/home/alex/.m2/repository/io/netty/netty-buffer/4.1.50.Final/netty-buffer-4.1.50.Final.jar:/home/alex/.m2/repository/io/netty/netty-transport/4.1.50.Final/netty-transport-4.1.50.Final.jar:/home/alex/.m2/repository/io/netty/netty-codec/4.1.50.Final/netty-codec-4.1.50.Final.jar:/home/alex/.m2/repository/io/netty/netty-transport-native-epoll/4.1.50.Final/netty-transport-native-epoll-4.1.50.Final.jar:/home/alex/.m2/repository/io/netty/netty-transport-native-unix-common/4.1.50.Final/netty-transport-native-unix-common-4.1.50.Final.jar:/home/alex/.m2/repository/org/apache/curator/curator-framework/5.2.0/curator-framework-5.2.0.jar:/home/alex/.m2/repository/org/apache/curator/curator-client/5.2.0/curator-client-5.2.0.jar:/home/alex/.m2/repository/org/apache/curator/curator-recipes/5.2.0/curator-recipes-5.2.0.jar:/home/alex/Repositories/nifi/nifi-registry/nifi-registry-core/nifi-registry-data-model/target/classes:/home/alex/.m2/repository/javax/validation/validation-api/2.0.1.Final/validation-api-2.0.1.Final.jar:/home/alex/.m2/repository/javax/ws/rs/javax.ws.rs-api/2.1/javax.ws.rs-api-2.1.jar:/home/alex/Repositories/nifi/nifi-registry/nifi-registry-core/nifi-registry-revision/nifi-registry-revision-entity-model/target/classes:/home/alex/Repositories/nifi/nifi-registry/nifi-registry-core/nifi-registry-flow-diff/target/classes:/home/alex/Repositories/nifi/nifi-registry/nifi-registry-core/nifi-registry-client/target/classes:/home/alex/Repositories/nifi/nifi-registry/nifi-registry-core/nifi-registry-security-utils/target/classes:/home/alex/.m2/repository/org/glassfish/jersey/media/jersey-media-json-jackson/2.33/jersey-media-json-jackson-2.33.jar:/home/alex/.m2/repository/org/glassfish/jersey/ext/jersey-entity-filtering/2.33/jersey-entity-filtering-2.33.jar:/home/alex/.m2/repository/org/glassfish/jersey/media/jersey-media-multipart/2.33/jersey-media-multipart-2.33.jar:/home/alex/.m2/repository/org/jvnet/mimepull/mimepull/1.9.13/mimepull-1.9.13.jar:/home/alex/.m2/repository/com/fasterxml/jackson/core/jackson-core/2.12.3/jackson-core-2.12.3.jar:/home/alex/Repositories/nifi/nifi-nar-bundles/nifi-framework-bundle/nifi-framework/nifi-authorizer/target/classes:/home/alex/Repositories/nifi/nifi-nar-bundles/nifi-framework-bundle/nifi-framework/nifi-framework-authorization-providers/target/classes:/home/alex/.m2/repository/com/github/ben-manes/caffeine/caffeine/2.8.1/caffeine-2.8.1.jar:/home/alex/.m2/repository/org/checkerframework/checker-qual/3.1.0/checker-qual-3.1.0.jar:/home/alex/.m2/repository/com/google/errorprone/error_prone_annotations/2.3.4/error_prone_annotations-2.3.4.jar:/home/alex/.m2/repository/org/apache/commons/commons-configuration2/2.7/commons-configuration2-2.7.jar:/home/alex/.m2/repository/org/apache/commons/commons-text/1.8/commons-text-1.8.jar:/home/alex/.m2/repository/commons-logging/commons-logging/1.2/commons-logging-1.2.jar:/home/alex/.m2/repository/commons-beanutils/commons-beanutils/1.9.4/commons-beanutils-1.9.4.jar:/home/alex/.m2/repository/commons-collections/commons-collections/3.2.2/commons-collections-3.2.2.jar:/home/alex/.m2/repository/org/spockframework/spock-core/1.3-groovy-2.5/spock-core-1.3-groovy-2.5.jar:/home/alex/.m2/repository/cglib/cglib-nodep/2.2.2/cglib-nodep-2.2.2.jar:/home/alex/.m2/repository/org/xmlunit/xmlunit-core/2.6.3/xmlunit-core-2.6.3.jar:/home/alex/.m2/repository/org/xmlunit/xmlunit-matchers/2.6.3/xmlunit-matchers-2.6.3.jar:/home/alex/.m2/repository/org/hamcrest/hamcrest-core/1.3/hamcrest-core-1.3.jar:/home/alex/.m2/repository/org/codehaus/groovy/groovy/2.5.14/groovy-2.5.14.jar:/home/alex/.m2/repository/org/codehaus/groovy/groovy-ant/2.5.14/groovy-ant-2.5.14.jar:/home/alex/.m2/repository/org/apache/ant/ant/1.9.15/ant-1.9.15.jar:/home/alex/.m2/repository/org/apache/ant/ant-junit/1.9.15/ant-junit-1.9.15.jar:/home/alex/.m2/repository/org/apache/ant/ant-launcher/1.9.15/ant-launcher-1.9.15.jar:/home/alex/.m2/repository/org/apache/ant/ant-antlr/1.9.15/ant-antlr-1.9.15.jar:/home/alex/.m2/repository/org/codehaus/groovy/groovy-cli-commons/2.5.14/groovy-cli-commons-2.5.14.jar:/home/alex/.m2/repository/org/codehaus/groovy/groovy-cli-picocli/2.5.14/groovy-cli-picocli-2.5.14.jar:/home/alex/.m2/repository/info/picocli/picocli/4.3.2/picocli-4.3.2.jar:/home/alex/.m2/repository/org/codehaus/groovy/groovy-console/2.5.14/groovy-console-2.5.14.jar:/home/alex/.m2/repository/org/codehaus/groovy/groovy-datetime/2.5.14/groovy-datetime-2.5.14.jar:/home/alex/.m2/repository/org/codehaus/groovy/groovy-docgenerator/2.5.14/groovy-docgenerator-2.5.14.jar:/home/alex/.m2/repository/com/thoughtworks/qdox/qdox/1.12.1/qdox-1.12.1.jar:/home/alex/.m2/repository/org/codehaus/groovy/groovy-groovydoc/2.5.14/groovy-groovydoc-2.5.14.jar:/home/alex/.m2/repository/org/codehaus/groovy/groovy-groovysh/2.5.14/groovy-groovysh-2.5.14.jar:/home/alex/.m2/repository/jline/jline/2.14.6/jline-2.14.6.jar:/home/alex/.m2/repository/org/codehaus/groovy/groovy-jmx/2.5.14/groovy-jmx-2.5.14.jar:/home/alex/.m2/repository/org/codehaus/groovy/groovy-json/2.5.14/groovy-json-2.5.14.jar:/home/alex/.m2/repository/org/codehaus/groovy/groovy-jsr223/2.5.14/groovy-jsr223-2.5.14.jar:/home/alex/.m2/repository/org/codehaus/groovy/groovy-macro/2.5.14/groovy-macro-2.5.14.jar:/home/alex/.m2/repository/org/codehaus/groovy/groovy-nio/2.5.14/groovy-nio-2.5.14.jar:/home/alex/.m2/repository/org/codehaus/groovy/groovy-servlet/2.5.14/groovy-servlet-2.5.14.jar:/home/alex/.m2/repository/org/codehaus/groovy/groovy-sql/2.5.14/groovy-sql-2.5.14.jar:/home/alex/.m2/repository/org/codehaus/groovy/groovy-swing/2.5.14/groovy-swing-2.5.14.jar:/home/alex/.m2/repository/org/codehaus/groovy/groovy-templates/2.5.14/groovy-templates-2.5.14.jar:/home/alex/.m2/repository/org/codehaus/groovy/groovy-test-junit5/2.5.14/groovy-test-junit5-2.5.14.jar:/home/alex/.m2/repository/org/junit/platform/junit-platform-launcher/1.7.2/junit-platform-launcher-1.7.2.jar:/home/alex/.m2/repository/org/codehaus/groovy/groovy-testng/2.5.14/groovy-testng-2.5.14.jar:/home/alex/.m2/repository/org/testng/testng/6.13.1/testng-6.13.1.jar:/home/alex/.m2/repository/com/beust/jcommander/1.72/jcommander-1.72.jar:/home/alex/.m2/repository/org/codehaus/groovy/groovy-xml/2.5.14/groovy-xml-2.5.14.jar:/home/alex/.m2/repository/org/slf4j/slf4j-simple/1.7.32/slf4j-simple-1.7.32.jar:/home/alex/.m2/repository/org/slf4j/slf4j-api/1.7.32/slf4j-api-1.7.32.jar:/home/alex/.m2/repository/org/junit/jupiter/junit-jupiter-api/5.7.2/junit-jupiter-api-5.7.2.jar:/home/alex/.m2/repository/org/apiguardian/apiguardian-api/1.1.0/apiguardian-api-1.1.0.jar:/home/alex/.m2/repository/org/opentest4j/opentest4j/1.2.0/opentest4j-1.2.0.jar:/home/alex/.m2/repository/org/junit/platform/junit-platform-commons/1.7.2/junit-platform-commons-1.7.2.jar:/home/alex/.m2/repository/org/junit/jupiter/junit-jupiter-engine/5.7.2/junit-jupiter-engine-5.7.2.jar:/home/alex/.m2/repository/org/junit/platform/junit-platform-engine/1.7.2/junit-platform-engine-1.7.2.jar:/home/alex/.m2/repository/org/junit/vintage/junit-vintage-engine/5.7.2/junit-vintage-engine-5.7.2.jar:/home/alex/.m2/repository/org/junit/jupiter/junit-jupiter-params/5.7.2/junit-jupiter-params-5.7.2.jar:/home/alex/.m2/repository/org/mockito/mockito-core/3.11.2/mockito-core-3.11.2.jar:/home/alex/.m2/repository/net/bytebuddy/byte-buddy/1.11.3/byte-buddy-1.11.3.jar:/home/alex/.m2/repository/net/bytebuddy/byte-buddy-agent/1.11.3/byte-buddy-agent-1.11.3.jar:/home/alex/.m2/repository/org/objenesis/objenesis/3.2/objenesis-3.2.jar:/home/alex/.m2/repository/org/mockito/mockito-junit-jupiter/3.11.2/mockito-junit-jupiter-3.11.2.jar:/home/alex/.m2/repository/org/codehaus/groovy/groovy-test/2.5.14/groovy-test-2.5.14.jar:"/>
    <property name="sun.cpu.endian" value="little"/>
    <property name="user.home" value="/home/alex"/>
    <property name="user.language" value="en"/>
    <property name="java.specification.vendor" value="Oracle Corporation"/>
    <property name="java.home" value="/usr/lib/jvm/java-8-openjdk-amd64/jre"/>
    <property name="basedir" value="/home/alex/Repositories/nifi/nifi-toolkit/nifi-toolkit-encrypt-config"/>
    <property name="file.separator" value="/"/>
    <property name="line.separator" value="&#10;"/>
    <property name="java.vm.specification.vendor" value="Oracle Corporation"/>
    <property name="java.specification.name" value="Java Platform API Specification"/>
    <property name="java.awt.graphicsenv" value="sun.awt.X11GraphicsEnvironment"/>
    <property name="java.awt.headless" value="true"/>
    <property name="surefire.real.class.path" value="/home/alex/Repositories/nifi/nifi-toolkit/nifi-toolkit-encrypt-config/target/surefire/surefirebooter4903641642042218087.jar"/>
    <property name="sun.boot.class.path" value="/usr/lib/jvm/java-8-openjdk-amd64/jre/lib/resources.jar:/usr/lib/jvm/java-8-openjdk-amd64/jre/lib/rt.jar:/usr/lib/jvm/java-8-openjdk-amd64/jre/lib/sunrsasign.jar:/usr/lib/jvm/java-8-openjdk-amd64/jre/lib/jsse.jar:/usr/lib/jvm/java-8-openjdk-amd64/jre/lib/jce.jar:/usr/lib/jvm/java-8-openjdk-amd64/jre/lib/charsets.jar:/usr/lib/jvm/java-8-openjdk-amd64/jre/lib/jfr.jar:/usr/lib/jvm/java-8-openjdk-amd64/jre/classes"/>
    <property name="sun.management.compiler" value="HotSpot 64-Bit Tiered Compilers"/>
    <property name="java.runtime.version" value="1.8.0_402-8u402-ga-2ubuntu1~22.04-b06"/>
    <property name="java.net.preferIPv4Stack" value="true"/>
    <property name="user.name" value="alex"/>
    <property name="path.separator" value=":"/>
    <property name="os.version" value="6.5.0-28-generic"/>
    <property name="java.endorsed.dirs" value="/usr/lib/jvm/java-8-openjdk-amd64/jre/lib/endorsed"/>
    <property name="java.runtime.name" value="OpenJDK Runtime Environment"/>
    <property name="file.encoding" value="UTF-8"/>
    <property name="java.vm.name" value="OpenJDK 64-Bit Server VM"/>
    <property name="localRepository" value="/home/alex/.m2/repository"/>
    <property name="java.vendor.url.bug" value="http://bugreport.sun.com/bugreport/"/>
    <property name="java.io.tmpdir" value="/tmp"/>
    <property name="java.version" value="1.8.0_402"/>
    <property name="user.dir" value="/home/alex/Repositories/nifi/nifi-toolkit/nifi-toolkit-encrypt-config"/>
    <property name="os.arch" value="amd64"/>
    <property name="java.vm.specification.name" value="Java Virtual Machine Specification"/>
    <property name="java.awt.printerjob" value="sun.print.PSPrinterJob"/>
    <property name="sun.os.patch.level" value="unknown"/>
    <property name="java.library.path" value="/usr/java/packages/lib/amd64:/usr/lib/x86_64-linux-gnu/jni:/lib/x86_64-linux-gnu:/usr/lib/x86_64-linux-gnu:/usr/lib/jni:/lib:/usr/lib"/>
    <property name="java.vm.info" value="mixed mode"/>
    <property name="java.vendor" value="Private Build"/>
    <property name="java.vm.version" value="25.402-b06"/>
    <property name="java.specification.maintenance.version" value="5"/>
    <property name="java.ext.dirs" value="/usr/lib/jvm/java-8-openjdk-amd64/jre/lib/ext:/usr/java/packages/lib/ext"/>
    <property name="sun.io.unicode.encoding" value="UnicodeLittle"/>
    <property name="java.class.version" value="52.0"/>
  </properties>
  <testcase name="testShouldPerformFullOperationOnFlowXmlWithSameSensitivePropsKey" classname="org.apache.nifi.properties.ConfigEncryptionToolTest" time="0.401">
    <system-err><![CDATA[[main] INFO org.apache.nifi.properties.ConfigEncryptionToolTest - Original key line from bootstrap.conf: nifi.bootstrap.sensitive.key=
[main] WARN org.apache.nifi.properties.AbstractBootstrapPropertiesLoader - System Property [nifi.properties.file.path] not found: Using Relative Path [conf/nifi.properties]
[main] INFO org.apache.nifi.properties.NiFiPropertiesLoader - Loaded 82 properties from /home/alex/Repositories/nifi/nifi-toolkit/nifi-toolkit-encrypt-config/target/tmp/tmp-nifi.properties
[main] INFO org.apache.nifi.properties.ConfigEncryptionToolTest - Loaded 82 properties from input file
[main] INFO org.apache.nifi.properties.ConfigEncryptionToolTest - Original sensitive values: [nifi.security.keyPasswd:, nifi.security.keystorePasswd:, nifi.security.truststorePasswd:, nifi.sensitive.props.key:, nifi.provenance.repository.encryption.key:null, nifi.provenance.repository.encryption.key.provider.password:null, nifi.flowfile.repository.encryption.key.provider.password:null, nifi.content.repository.encryption.key.provider.password:null, nifi.repository.encryption.key.provider.keystore.password:null]
[main] WARN org.apache.nifi.properties.ConfigEncryptionTool - The source nifi.properties and destination nifi.properties are identical [target/tmp/tmp-nifi.properties] so the original will be overwritten
[main] INFO org.apache.nifi.properties.ConfigEncryptionTool - Handling encryption of flow.xml.gz
[main] WARN org.apache.nifi.properties.ConfigEncryptionTool - The source flow.xml.gz and destination flow.xml.gz are identical [target/tmp/tmp-flow.xml.gz] so the original will be overwritten
[main] INFO org.apache.nifi.properties.ConfigEncryptionTool -        bootstrap.conf:               null
[main] INFO org.apache.nifi.properties.ConfigEncryptionTool - (src)  nifi.properties:              target/tmp/tmp-nifi.properties
[main] INFO org.apache.nifi.properties.ConfigEncryptionTool - (dest) nifi.properties:              target/tmp/tmp-nifi.properties
[main] INFO org.apache.nifi.properties.ConfigEncryptionTool - (src)  login-identity-providers.xml: null
[main] INFO org.apache.nifi.properties.ConfigEncryptionTool - (dest) login-identity-providers.xml: null
[main] INFO org.apache.nifi.properties.ConfigEncryptionTool - (src)  authorizers.xml:              null
[main] INFO org.apache.nifi.properties.ConfigEncryptionTool - (dest) authorizers.xml:              null
[main] INFO org.apache.nifi.properties.ConfigEncryptionTool - (src)  flow.xml.gz:                  target/tmp/tmp-flow.xml.gz
[main] INFO org.apache.nifi.properties.ConfigEncryptionTool - (dest) flow.xml.gz:                  target/tmp/tmp-flow.xml.gz
[main] INFO org.apache.nifi.properties.NiFiPropertiesLoader - Loaded 82 properties from /home/alex/Repositories/nifi/nifi-toolkit/nifi-toolkit-encrypt-config/target/tmp/tmp-nifi.properties
[main] INFO org.apache.nifi.properties.NiFiPropertiesLoader - Loaded 82 properties from /home/alex/Repositories/nifi/nifi-toolkit/nifi-toolkit-encrypt-config/target/tmp/tmp-nifi.properties
[main] INFO org.apache.nifi.properties.ConfigEncryptionTool - Loaded NiFiProperties instance with 82 properties
[main] INFO org.apache.nifi.properties.NiFiPropertiesLoader - Loaded 82 properties from /home/alex/Repositories/nifi/nifi-toolkit/nifi-toolkit-encrypt-config/target/tmp/tmp-nifi.properties
[main] INFO org.apache.nifi.properties.ConfigEncryptionTool - Migrating flow.xml file at target/tmp/tmp-flow.xml.gz. This could take a while if the flow XML is very large.
[main] INFO org.apache.nifi.properties.ConfigEncryptionToolTest - Updated nifi.properties:
[main] INFO org.apache.nifi.properties.ConfigEncryptionToolTest - 

# Licensed to the Apache Software Foundation (ASF) under one or more
# contributor license agreements.  See the NOTICE file distributed with
# this work for additional information regarding copyright ownership.
# The ASF licenses this file to You under the Apache License, Version 2.0
# (the "License"); you may not use this file except in compliance with
# the License.  You may obtain a copy of the License at
#
#     http://www.apache.org/licenses/LICENSE-2.0
#
# Unless required by applicable law or agreed to in writing, software
# distributed under the License is distributed on an "AS IS" BASIS,
# WITHOUT WARRANTIES OR CONDITIONS OF ANY KIND, either express or implied.
# See the License for the specific language governing permissions and
# limitations under the License.

# Core Properties #
nifi.flow.configuration.file=./target/flow.xml.gz
nifi.flow.configuration.archive.dir=./target/archive/
nifi.flowcontroller.autoResumeState=true
nifi.flowcontroller.graceful.shutdown.period=10 sec
nifi.flowservice.writedelay.interval=2 sec
nifi.administrative.yield.duration=30 sec

nifi.reporting.task.configuration.file=./target/reporting-tasks.xml
nifi.controller.service.configuration.file=./target/controller-services.xml
nifi.templates.directory=./target/templates
nifi.ui.banner.text=UI Banner Text
nifi.ui.autorefresh.interval=30 sec
nifi.nar.library.directory=./target/resources/NiFiProperties/lib/
nifi.nar.library.directory.alt=./target/resources/NiFiProperties/lib2/
nifi.nar.working.directory=./target/work/nar/

# H2 Settings
nifi.database.directory=./target/database_repository
nifi.h2.url.append=;LOCK_TIMEOUT=25000;WRITE_DELAY=0;AUTO_SERVER=FALSE

# FlowFile Repository
nifi.flowfile.repository.directory=./target/test-repo
nifi.flowfile.repository.partitions=1
nifi.flowfile.repository.checkpoint.interval=2 mins
nifi.queue.swap.threshold=20000
nifi.swap.storage.directory=./target/test-repo/swap
nifi.swap.in.period=5 sec
nifi.swap.in.threads=1
nifi.swap.out.period=5 sec
nifi.swap.out.threads=4

# Content Repository
nifi.content.claim.max.appendable.size=10 MB
nifi.content.claim.max.flow.files=100
nifi.content.repository.directory.default=./target/content_repository

# Provenance Repository Properties
nifi.provenance.repository.storage.directory=./target/provenance_repository
nifi.provenance.repository.max.storage.time=24 hours
nifi.provenance.repository.max.storage.size=1 GB
nifi.provenance.repository.rollover.time=30 secs
nifi.provenance.repository.rollover.size=100 MB

# Site to Site properties
nifi.remote.input.socket.port=9990
nifi.remote.input.secure=true

# web properties #
nifi.web.war.directory=./target/lib
nifi.web.http.host=
nifi.web.http.port=
nifi.web.https.host=nifi.nifi.apache.org
nifi.web.https.port=8443
nifi.web.jetty.working.directory=./target/work/jetty

# security properties #
nifi.sensitive.props.key=
nifi.sensitive.props.key.protected=
nifi.sensitive.props.algorithm=PBEWITHMD5AND256BITAES-CBC-OPENSSL
nifi.sensitive.props.additional.keys=

nifi.security.keystore=
nifi.security.keystoreType=
nifi.security.keystorePasswd=
nifi.security.keyPasswd=
nifi.security.truststore=
nifi.security.truststoreType=
nifi.security.truststorePasswd=
nifi.security.user.authorizer=

# cluster common properties (cluster manager and nodes must have same values) #
nifi.cluster.protocol.heartbeat.interval=5 sec
nifi.cluster.protocol.is.secure=false
nifi.cluster.protocol.socket.timeout=30 sec
nifi.cluster.protocol.connection.handshake.timeout=45 sec
# if multicast is used, then nifi.cluster.protocol.multicast.xxx properties must be configured #
nifi.cluster.protocol.use.multicast=false
nifi.cluster.protocol.multicast.address=
nifi.cluster.protocol.multicast.port=
nifi.cluster.protocol.multicast.service.broadcast.delay=500 ms
nifi.cluster.protocol.multicast.service.locator.attempts=3
nifi.cluster.protocol.multicast.service.locator.attempts.delay=1 sec

# cluster node properties (only configure for cluster nodes) #
nifi.cluster.is.node=false
nifi.cluster.node.address=
nifi.cluster.node.protocol.port=
nifi.cluster.node.protocol.threads=2
# if multicast is not used, nifi.cluster.node.unicast.xxx must have same values as nifi.cluster.manager.xxx #
nifi.cluster.node.unicast.manager.address=
nifi.cluster.node.unicast.manager.protocol.port=
nifi.cluster.node.unicast.manager.authority.provider.port=

# cluster manager properties (only configure for cluster manager) #
nifi.cluster.is.manager=false
nifi.cluster.manager.address=
nifi.cluster.manager.protocol.port=
nifi.cluster.manager.authority.provider.port=
nifi.cluster.manager.authority.provider.threads=10
nifi.cluster.manager.node.firewall.file=
nifi.cluster.manager.node.event.history.size=10
nifi.cluster.manager.node.api.connection.timeout=30 sec
nifi.cluster.manager.node.api.read.timeout=30 sec
nifi.cluster.manager.node.api.request.threads=10
nifi.cluster.manager.flow.retrieval.delay=5 sec
nifi.cluster.manager.protocol.threads=10
nifi.cluster.manager.safemode.duration=0 sec
[main] WARN org.apache.nifi.properties.AbstractBootstrapPropertiesLoader - System Property [nifi.properties.file.path] not found: Using Relative Path [conf/nifi.properties]
[main] INFO org.apache.nifi.properties.NiFiPropertiesLoader - Loaded 83 properties from /home/alex/Repositories/nifi/nifi-toolkit/nifi-toolkit-encrypt-config/target/tmp/tmp-nifi.properties
[main] INFO org.apache.nifi.properties.ConfigEncryptionToolTest - Updated key line: nifi.bootstrap.sensitive.key=
[main] INFO org.apache.nifi.properties.ConfigEncryptionToolTest - Original flow.xml.gz cipher texts: [enc{7468697349734142616453616c742e2e79ad38319f8069990c6ac60cad75639f9d2ab7dff1a0b8b488af2fff659cf353}, enc{7468697349734142616453616c742e2e63a2cd00e648c459e7e45223fefe8d38ab9ed3d71d94be57d5b0e4391980c858}]
[main] INFO org.apache.nifi.properties.ConfigEncryptionToolTest - Updated  flow.xml.gz cipher texts: [enc{90eef6c541db30fb344e1c3152c3b4709669e8b2d59a6e0a6f7535395888a85c105d2cc67a79898fbc220a691e72eee5}, enc{bbcc4e5f6c1cdd0c27a8208dfb6b6c6487e4225176864f1c3b6b9b10ee70f1e06045912ab65eae5b6dbd35febbf68c9e}]
]]></system-err>
  </testcase>
  <testcase name="testShouldMigrateFromPasswordToPassword" classname="org.apache.nifi.properties.ConfigEncryptionToolTest" time="1.28">
    <system-err><![CDATA[[main] INFO org.apache.nifi.properties.ConfigEncryptionToolTest - Original key derived from password [thisIsABadPassword]: 	2C576A9585DB862F5ECBEE5B4FFFCCA14B18D8365968D7081651006507AD2BDE
[main] INFO org.apache.nifi.properties.ConfigEncryptionToolTest - Migration key derived from password [drowssaPdaBAsIsiht]: 	7696EBC090B471D068F17CF1E6FA10CD9CBC7300B1F88171E3D597C0472C9747
[main] INFO org.apache.nifi.properties.NiFiPropertiesLoader - Loaded 85 properties from /home/alex/Repositories/nifi/nifi-toolkit/nifi-toolkit-encrypt-config/src/test/resources/nifi_with_sensitive_properties_protected_aes_password.properties
[main] INFO org.apache.nifi.properties.ConfigEncryptionToolTest - Loaded 82 properties from input file
[main] INFO org.apache.nifi.properties.ConfigEncryptionToolTest - Original sensitive values: [nifi.security.keyPasswd:thisIsABadKeyPassword, nifi.security.keystorePasswd:thisIsABadKeystorePassword, nifi.security.truststorePasswd:, nifi.sensitive.props.key:thisIsABadSensitiveKeyPassword, nifi.provenance.repository.encryption.key:null, nifi.provenance.repository.encryption.key.provider.password:null, nifi.flowfile.repository.encryption.key.provider.password:null, nifi.content.repository.encryption.key.provider.password:null, nifi.repository.encryption.key.provider.keystore.password:null]
[main] INFO org.apache.nifi.properties.ConfigEncryptionToolTest - Running [password to password] with args: [-n, src/test/resources/nifi_with_sensitive_properties_protected_aes_password.properties, -b, target/tmp/tmp_bootstrap.conf, -o, target/tmp/tmp_nifi.properties, -m, -v, -w, thisIsABadPassword, -p, drowssaPdaBAsIsiht]
[main] INFO org.apache.nifi.properties.ConfigEncryptionToolTest - Migrating key (password to password) with -n src/test/resources/nifi_with_sensitive_properties_protected_aes_password.properties -b target/tmp/tmp_bootstrap.conf -o target/tmp/tmp_nifi.properties -m -v -w thisIsABadPassword -p drowssaPdaBAsIsiht
[main] INFO org.apache.nifi.properties.ConfigEncryptionTool - Handling encryption of nifi.properties
[main] INFO org.apache.nifi.properties.ConfigEncryptionTool -        bootstrap.conf:               target/tmp/tmp_bootstrap.conf
[main] INFO org.apache.nifi.properties.ConfigEncryptionTool - (src)  nifi.properties:              src/test/resources/nifi_with_sensitive_properties_protected_aes_password.properties
[main] INFO org.apache.nifi.properties.ConfigEncryptionTool - (dest) nifi.properties:              target/tmp/tmp_nifi.properties
[main] INFO org.apache.nifi.properties.ConfigEncryptionTool - (src)  login-identity-providers.xml: null
[main] INFO org.apache.nifi.properties.ConfigEncryptionTool - (dest) login-identity-providers.xml: null
[main] INFO org.apache.nifi.properties.ConfigEncryptionTool - (src)  authorizers.xml:              null
[main] INFO org.apache.nifi.properties.ConfigEncryptionTool - (dest) authorizers.xml:              null
[main] INFO org.apache.nifi.properties.ConfigEncryptionTool - (src)  flow.xml.gz:                  target/tmp/tmp-flow.xml.gz
[main] INFO org.apache.nifi.properties.ConfigEncryptionTool - (dest) flow.xml.gz:                  null
[main] INFO org.apache.nifi.properties.ConfigEncryptionTool - Key migration mode activated
[main] INFO org.apache.nifi.properties.NiFiPropertiesLoader - Loaded 85 properties from /home/alex/Repositories/nifi/nifi-toolkit/nifi-toolkit-encrypt-config/src/test/resources/nifi_with_sensitive_properties_protected_aes_password.properties
[main] INFO org.apache.nifi.properties.NiFiPropertiesLoader - Loaded 85 properties from /home/alex/Repositories/nifi/nifi-toolkit/nifi-toolkit-encrypt-config/src/test/resources/nifi_with_sensitive_properties_protected_aes_password.properties
[main] INFO org.apache.nifi.properties.ConfigEncryptionTool - Loaded NiFiProperties instance with 82 properties
[main] INFO org.apache.nifi.properties.ConfigEncryptionTool - Protected nifi.security.keyPasswd with aes/gcm/256 -> 	sxUNrdw2FgpIusXC||sUdRDiXHrnTUhbQAyr/kGsuKAxw9ocfyLXiOtk5PMH5gMKtcZA
[main] INFO org.apache.nifi.properties.ConfigEncryptionTool - Updated protection key nifi.security.keyPasswd.protected
[main] INFO org.apache.nifi.properties.ConfigEncryptionTool - Protected nifi.security.keystorePasswd with aes/gcm/256 -> 	LutdOyukejSIOa4d||c84Qw08jT5artq5F7S6xoLtqkOJejJtjvlaW3djkYA7mnmq1At+AjREC
[main] INFO org.apache.nifi.properties.ConfigEncryptionTool - Updated protection key nifi.security.keystorePasswd.protected
[main] INFO org.apache.nifi.properties.ConfigEncryptionTool - Protected nifi.sensitive.props.key with aes/gcm/256 -> 	PyMI0AYnmY9hEfD8||HPEMjalqL56M2fwrktkq+mF5jVyMKZW61uBu0vCwyW57Jk1sPSuSiJdwLyaQNQ
[main] INFO org.apache.nifi.properties.ConfigEncryptionTool - Updated protection key nifi.sensitive.props.key.protected
[main] INFO org.apache.nifi.properties.ConfigEncryptionTool - Final result: 85 keys including 3 protected keys
[main] INFO org.apache.nifi.properties.ConfigEncryptionToolTest - Updated nifi.properties:
[main] INFO org.apache.nifi.properties.ConfigEncryptionToolTest - 

# Licensed to the Apache Software Foundation (ASF) under one or more
# contributor license agreements.  See the NOTICE file distributed with
# this work for additional information regarding copyright ownership.
# The ASF licenses this file to You under the Apache License, Version 2.0
# (the "License"); you may not use this file except in compliance with
# the License.  You may obtain a copy of the License at
#
#     http://www.apache.org/licenses/LICENSE-2.0
#
# Unless required by applicable law or agreed to in writing, software
# distributed under the License is distributed on an "AS IS" BASIS,
# WITHOUT WARRANTIES OR CONDITIONS OF ANY KIND, either express or implied.
# See the License for the specific language governing permissions and
# limitations under the License.

# Core Properties #
nifi.flow.configuration.file=./target/flow.xml.gz
nifi.flow.configuration.archive.dir=./target/archive/
nifi.flowcontroller.autoResumeState=true
nifi.flowcontroller.graceful.shutdown.period=10 sec
nifi.flowservice.writedelay.interval=2 sec
nifi.administrative.yield.duration=30 sec

nifi.reporting.task.configuration.file=./target/reporting-tasks.xml
nifi.controller.service.configuration.file=./target/controller-services.xml
nifi.templates.directory=./target/templates
nifi.ui.banner.text=UI Banner Text
nifi.ui.autorefresh.interval=30 sec
nifi.nar.library.directory=./target/resources/NiFiProperties/lib/
nifi.nar.library.directory.alt=./target/resources/NiFiProperties/lib2/
nifi.nar.working.directory=./target/work/nar/

# H2 Settings
nifi.database.directory=./target/database_repository
nifi.h2.url.append=;LOCK_TIMEOUT=25000;WRITE_DELAY=0;AUTO_SERVER=FALSE

# FlowFile Repository
nifi.flowfile.repository.directory=./target/test-repo
nifi.flowfile.repository.partitions=1
nifi.flowfile.repository.checkpoint.interval=2 mins
nifi.queue.swap.threshold=20000
nifi.swap.storage.directory=./target/test-repo/swap
nifi.swap.in.period=5 sec
nifi.swap.in.threads=1
nifi.swap.out.period=5 sec
nifi.swap.out.threads=4

# Content Repository
nifi.content.claim.max.appendable.size=10 MB
nifi.content.claim.max.flow.files=100
nifi.content.repository.directory.default=./target/content_repository

# Provenance Repository Properties
nifi.provenance.repository.storage.directory=./target/provenance_repository
nifi.provenance.repository.max.storage.time=24 hours
nifi.provenance.repository.max.storage.size=1 GB
nifi.provenance.repository.rollover.time=30 secs
nifi.provenance.repository.rollover.size=100 MB

# Site to Site properties
nifi.remote.input.socket.port=9990
nifi.remote.input.secure=true

# web properties #
nifi.web.war.directory=./target/lib
nifi.web.http.host=
nifi.web.http.port=
nifi.web.https.host=nifi.nifi.apache.org
nifi.web.https.port=8443
nifi.web.jetty.working.directory=./target/work/jetty

# security properties #
nifi.sensitive.props.key=PyMI0AYnmY9hEfD8||HPEMjalqL56M2fwrktkq+mF5jVyMKZW61uBu0vCwyW57Jk1sPSuSiJdwLyaQNQ
nifi.sensitive.props.key.protected=aes/gcm/256
nifi.sensitive.props.algorithm=PBEWITHMD5AND256BITAES-CBC-OPENSSL
nifi.sensitive.props.additional.keys=

nifi.security.keystore=/path/to/keystore.jks
nifi.security.keystoreType=JKS
nifi.security.keystorePasswd=LutdOyukejSIOa4d||c84Qw08jT5artq5F7S6xoLtqkOJejJtjvlaW3djkYA7mnmq1At+AjREC
nifi.security.keystorePasswd.protected=aes/gcm/256
nifi.security.keyPasswd=sxUNrdw2FgpIusXC||sUdRDiXHrnTUhbQAyr/kGsuKAxw9ocfyLXiOtk5PMH5gMKtcZA
nifi.security.keyPasswd.protected=aes/gcm/256
nifi.security.truststore=
nifi.security.truststoreType=
nifi.security.truststorePasswd=
nifi.security.user.authorizer=

# cluster common properties (cluster manager and nodes must have same values) #
nifi.cluster.protocol.heartbeat.interval=5 sec
nifi.cluster.protocol.is.secure=false
nifi.cluster.protocol.socket.timeout=30 sec
nifi.cluster.protocol.connection.handshake.timeout=45 sec
# if multicast is used, then nifi.cluster.protocol.multicast.xxx properties must be configured #
nifi.cluster.protocol.use.multicast=false
nifi.cluster.protocol.multicast.address=
nifi.cluster.protocol.multicast.port=
nifi.cluster.protocol.multicast.service.broadcast.delay=500 ms
nifi.cluster.protocol.multicast.service.locator.attempts=3
nifi.cluster.protocol.multicast.service.locator.attempts.delay=1 sec

# cluster node properties (only configure for cluster nodes) #
nifi.cluster.is.node=false
nifi.cluster.node.address=
nifi.cluster.node.protocol.port=
nifi.cluster.node.protocol.threads=2
# if multicast is not used, nifi.cluster.node.unicast.xxx must have same values as nifi.cluster.manager.xxx #
nifi.cluster.node.unicast.manager.address=
nifi.cluster.node.unicast.manager.protocol.port=
nifi.cluster.node.unicast.manager.authority.provider.port=

# cluster manager properties (only configure for cluster manager) #
nifi.cluster.is.manager=false
nifi.cluster.manager.address=
nifi.cluster.manager.protocol.port=
nifi.cluster.manager.authority.provider.port=
nifi.cluster.manager.authority.provider.threads=10
nifi.cluster.manager.node.firewall.file=
nifi.cluster.manager.node.event.history.size=10
nifi.cluster.manager.node.api.connection.timeout=30 sec
nifi.cluster.manager.node.api.read.timeout=30 sec
nifi.cluster.manager.node.api.request.threads=10
nifi.cluster.manager.flow.retrieval.delay=5 sec
nifi.cluster.manager.protocol.threads=10
nifi.cluster.manager.safemode.duration=0 sec
[main] WARN org.apache.nifi.properties.AbstractBootstrapPropertiesLoader - System Property [nifi.properties.file.path] not found: Using Relative Path [conf/nifi.properties]
[main] INFO org.apache.nifi.properties.NiFiPropertiesLoader - Loaded 85 properties from /home/alex/Repositories/nifi/nifi-toolkit/nifi-toolkit-encrypt-config/target/tmp/tmp_nifi.properties
[main] INFO org.apache.nifi.properties.ConfigEncryptionToolTest - Updated key line: nifi.bootstrap.sensitive.key=7696EBC090B471D068F17CF1E6FA10CD9CBC7300B1F88171E3D597C0472C9747
]]></system-err>
  </testcase>
  <testcase name="testShouldPerformFullOperationForLoginIdentityProviders" classname="org.apache.nifi.properties.ConfigEncryptionToolTest" time="0.452">
    <system-err><![CDATA[[main] INFO org.apache.nifi.properties.ConfigEncryptionToolTest - Original key line from bootstrap.conf: nifi.bootstrap.sensitive.key=
[main] INFO org.apache.nifi.properties.ConfigEncryptionToolTest - Original XML content: <?xml version="1.0" encoding="UTF-8" standalone="yes"?>
<!--
  Licensed to the Apache Software Foundation (ASF) under one or more
  contributor license agreements.  See the NOTICE file distributed with
  this work for additional information regarding copyright ownership.
  The ASF licenses this file to You under the Apache License, Version 2.0
  (the "License"); you may not use this file except in compliance with
  the License.  You may obtain a copy of the License at
      http://www.apache.org/licenses/LICENSE-2.0
  Unless required by applicable law or agreed to in writing, software
  distributed under the License is distributed on an "AS IS" BASIS,
  WITHOUT WARRANTIES OR CONDITIONS OF ANY KIND, either express or implied.
  See the License for the specific language governing permissions and
  limitations under the License.
-->
<!--
    This file lists the login identity providers to use when running securely. In order
    to use a specific provider it must be configured here and it's identifier
    must be specified in the nifi.properties file.
-->
<loginIdentityProviders>
    <!--
        Identity Provider for users logging in with username/password against an LDAP server.
        
        'Authentication Strategy' - How the connection to the LDAP server is authenticated. Possible
            values are ANONYMOUS, SIMPLE, or START_TLS.
        
        'Manager DN' - The DN of the manager that is used to bind to the LDAP server to search for users.
        'Manager Password' - The password of the manager that is used to bind to the LDAP server to
            search for users.
            
        'TLS - Keystore' - Path to the Keystore that is used when connecting to LDAP using START_TLS.
        'TLS - Keystore Password' - Password for the Keystore that is used when connecting to LDAP
            using START_TLS.
        'TLS - Keystore Type' - Type of the Keystore that is used when connecting to LDAP using
            START_TLS (i.e. JKS or PKCS12).
        'TLS - Truststore' - Path to the Truststore that is used when connecting to LDAP using START_TLS.
        'TLS - Truststore Password' - Password for the Truststore that is used when connecting to
            LDAP using START_TLS.
        'TLS - Truststore Type' - Type of the Truststore that is used when connecting to LDAP using
            START_TLS (i.e. JKS or PKCS12).
        'TLS - Client Auth' - Client authentication policy when connecting to LDAP using START_TLS.
            Possible values are REQUIRED, WANT, NONE.
        'TLS - Protocol' - Protocol to use when connecting to LDAP using START_TLS. (i.e. TLS,
            TLSv1.1, TLSv1.2, etc).
        'TLS - Shutdown Gracefully' - Specifies whether the TLS should be shut down gracefully 
            before the target context is closed. Defaults to false.
            
        'Referral Strategy' - Strategy for handling referrals. Possible values are FOLLOW, IGNORE, THROW.
        'Connect Timeout' - Duration of connect timeout. (i.e. 10 secs).
        'Read Timeout' - Duration of read timeout. (i.e. 10 secs).
       
        'Url' - Url of the LDAP servier (i.e. ldap://<hostname>:<port>).
        'User Search Base' - Base DN for searching for users (i.e. CN=Users,DC=example,DC=com).
        'User Search Filter' - Filter for searching for users against the 'User Search Base'.
            (i.e. sAMAccountName={0}). The user specified name is inserted into '{0}'.
            
        'Authentication Expiration' - The duration of how long the user authentication is valid
            for. If the user never logs out, they will be required to log back in following
            this duration.
    -->
    <provider>
        <identifier>ldap-provider</identifier>
        <class>org.apache.nifi.ldap.LdapProvider</class>
        <property name="Authentication Strategy">START_TLS</property>

        <property name="Manager DN">someuser</property>
        <property name="Manager Password">thisIsABadPassword</property>

        <property name="TLS - Keystore"></property>
        <property name="TLS - Keystore Password">thisIsABadPassword</property>
        <property name="TLS - Keystore Type"></property>
        <property name="TLS - Truststore"></property>
        <property name="TLS - Truststore Password">thisIsABadPassword</property>
        <property name="TLS - Truststore Type"></property>
        <property name="TLS - Client Auth"></property>
        <property name="TLS - Protocol"></property>
        <property name="TLS - Shutdown Gracefully"></property>
        
        <property name="Referral Strategy">FOLLOW</property>
        <property name="Connect Timeout">10 secs</property>
        <property name="Read Timeout">10 secs</property>

        <property name="Url"></property>
        <property name="User Search Base"></property>
        <property name="User Search Filter"></property>

        <property name="Authentication Expiration">12 hours</property>
    </provider>

    <!--
        Identity Provider for users logging in with username/password against a Kerberos KDC server.

        'Default Realm' - Default realm to provide when user enters incomplete user principal (i.e. NIFI.APACHE.ORG).
        'Authentication Expiration' - The duration of how long the user authentication is valid for. If the user never logs out, they will be required to log back in following this duration.
    -->
    <!-- To enable the kerberos-provider remove 2 lines. This is 1 of 2.
    <provider>
        <identifier>kerberos-provider</identifier>
        <class>org.apache.nifi.kerberos.KerberosProvider</class>
        <property name="Default Realm">NIFI.APACHE.ORG</property>
        <property name="Authentication Expiration">12 hours</property>
    </provider>
    To enable the kerberos-provider remove 2 lines. This is 2 of 2. -->
</loginIdentityProviders>
[main] INFO org.apache.nifi.properties.ConfigEncryptionTool - Handling encryption of login-identity-providers.xml
[main] INFO org.apache.nifi.properties.ConfigEncryptionTool -        bootstrap.conf:               target/tmp/tmp_bootstrap.conf
[main] INFO org.apache.nifi.properties.ConfigEncryptionTool - (src)  nifi.properties:              null
[main] INFO org.apache.nifi.properties.ConfigEncryptionTool - (dest) nifi.properties:              null
[main] INFO org.apache.nifi.properties.ConfigEncryptionTool - (src)  login-identity-providers.xml: src/test/resources/login-identity-providers-populated.xml
[main] INFO org.apache.nifi.properties.ConfigEncryptionTool - (dest) login-identity-providers.xml: target/tmp/tmp-lip.xml
[main] INFO org.apache.nifi.properties.ConfigEncryptionTool - (src)  authorizers.xml:              null
[main] INFO org.apache.nifi.properties.ConfigEncryptionTool - (dest) authorizers.xml:              null
[main] INFO org.apache.nifi.properties.ConfigEncryptionTool - (src)  flow.xml.gz:                  target/tmp/tmp-flow.xml.gz
[main] INFO org.apache.nifi.properties.ConfigEncryptionTool - (dest) flow.xml.gz:                  null
[main] INFO org.apache.nifi.properties.ConfigEncryptionTool - Loaded login identity providers content (105 lines)
[main] INFO org.apache.nifi.properties.ConfigEncryptionTool - No encrypted password property elements found in login-identity-providers.xml
[main] INFO org.apache.nifi.properties.ConfigEncryptionTool - Attempting to encrypt property using protection scheme aes/gcm/256
[main] INFO org.apache.nifi.properties.ConfigEncryptionTool - Attempting to encrypt property using protection scheme aes/gcm/256
[main] INFO org.apache.nifi.properties.ConfigEncryptionTool - Attempting to encrypt property using protection scheme aes/gcm/256
[main] INFO org.apache.nifi.properties.ConfigEncryptionTool - Updated XML content: <?xml version="1.0" encoding="UTF-8"?><loginIdentityProviders>
    
    <provider>
        <identifier>ldap-provider</identifier>
        <class>org.apache.nifi.ldap.LdapProvider</class>
        <property name="Authentication Strategy">START_TLS</property>

        <property name="Manager DN">someuser</property>
        <property name="Manager Password" encryption="aes/gcm/256">uQwL11VPSpQwVyL7||uzs4mIHXzB5q4/fKal8t51OkOsSCKEW0I7fxbq2bN1zx+A</property>

        <property name="TLS - Keystore"/>
        <property name="TLS - Keystore Password" encryption="aes/gcm/256">MZ2e2xwL674R9QZG||Uqhj6zokjQ70KdL5bK1ayj9TV7QfR9RRvBwBqhGedNC24w</property>
        <property name="TLS - Keystore Type"/>
        <property name="TLS - Truststore"/>
        <property name="TLS - Truststore Password" encryption="aes/gcm/256">ce82BDJaxO5JHosS||eAFFckjRKNkZXYfWsAShLIdvruwxEnvUlpeMg69OdnHFQg</property>
        <property name="TLS - Truststore Type"/>
        <property name="TLS - Client Auth"/>
        <property name="TLS - Protocol"/>
        <property name="TLS - Shutdown Gracefully"/>
        
        <property name="Referral Strategy">FOLLOW</property>
        <property name="Connect Timeout">10 secs</property>
        <property name="Read Timeout">10 secs</property>

        <property name="Url"/>
        <property name="User Search Base"/>
        <property name="User Search Filter"/>

        <property name="Authentication Expiration">12 hours</property>
    </provider>

    
    
</loginIdentityProviders>

[main] INFO org.apache.nifi.properties.ConfigEncryptionToolTest - Updated XML content: <?xml version="1.0" encoding="UTF-8" standalone="yes"?>
<!--
  Licensed to the Apache Software Foundation (ASF) under one or more
  contributor license agreements.  See the NOTICE file distributed with
  this work for additional information regarding copyright ownership.
  The ASF licenses this file to You under the Apache License, Version 2.0
  (the "License"); you may not use this file except in compliance with
  the License.  You may obtain a copy of the License at
      http://www.apache.org/licenses/LICENSE-2.0
  Unless required by applicable law or agreed to in writing, software
  distributed under the License is distributed on an "AS IS" BASIS,
  WITHOUT WARRANTIES OR CONDITIONS OF ANY KIND, either express or implied.
  See the License for the specific language governing permissions and
  limitations under the License.
-->
<!--
    This file lists the login identity providers to use when running securely. In order
    to use a specific provider it must be configured here and it's identifier
    must be specified in the nifi.properties file.
-->
<loginIdentityProviders>
    <!--
        Identity Provider for users logging in with username/password against an LDAP server.
        
        'Authentication Strategy' - How the connection to the LDAP server is authenticated. Possible
            values are ANONYMOUS, SIMPLE, or START_TLS.
        
        'Manager DN' - The DN of the manager that is used to bind to the LDAP server to search for users.
        'Manager Password' - The password of the manager that is used to bind to the LDAP server to
            search for users.
            
        'TLS - Keystore' - Path to the Keystore that is used when connecting to LDAP using START_TLS.
        'TLS - Keystore Password' - Password for the Keystore that is used when connecting to LDAP
            using START_TLS.
        'TLS - Keystore Type' - Type of the Keystore that is used when connecting to LDAP using
            START_TLS (i.e. JKS or PKCS12).
        'TLS - Truststore' - Path to the Truststore that is used when connecting to LDAP using START_TLS.
        'TLS - Truststore Password' - Password for the Truststore that is used when connecting to
            LDAP using START_TLS.
        'TLS - Truststore Type' - Type of the Truststore that is used when connecting to LDAP using
            START_TLS (i.e. JKS or PKCS12).
        'TLS - Client Auth' - Client authentication policy when connecting to LDAP using START_TLS.
            Possible values are REQUIRED, WANT, NONE.
        'TLS - Protocol' - Protocol to use when connecting to LDAP using START_TLS. (i.e. TLS,
            TLSv1.1, TLSv1.2, etc).
        'TLS - Shutdown Gracefully' - Specifies whether the TLS should be shut down gracefully 
            before the target context is closed. Defaults to false.
            
        'Referral Strategy' - Strategy for handling referrals. Possible values are FOLLOW, IGNORE, THROW.
        'Connect Timeout' - Duration of connect timeout. (i.e. 10 secs).
        'Read Timeout' - Duration of read timeout. (i.e. 10 secs).
       
        'Url' - Url of the LDAP servier (i.e. ldap://<hostname>:<port>).
        'User Search Base' - Base DN for searching for users (i.e. CN=Users,DC=example,DC=com).
        'User Search Filter' - Filter for searching for users against the 'User Search Base'.
            (i.e. sAMAccountName={0}). The user specified name is inserted into '{0}'.
            
        'Authentication Expiration' - The duration of how long the user authentication is valid
            for. If the user never logs out, they will be required to log back in following
            this duration.
    -->
    <provider>
        <identifier>ldap-provider</identifier>
        <class>org.apache.nifi.ldap.LdapProvider</class>
        <property name="Authentication Strategy">START_TLS</property>

        <property name="Manager DN">someuser</property>
        <property encryption="aes/gcm/256" name="Manager Password">uQwL11VPSpQwVyL7||uzs4mIHXzB5q4/fKal8t51OkOsSCKEW0I7fxbq2bN1zx+A</property>

        <property name="TLS - Keystore"/>
        <property encryption="aes/gcm/256" name="TLS - Keystore Password">MZ2e2xwL674R9QZG||Uqhj6zokjQ70KdL5bK1ayj9TV7QfR9RRvBwBqhGedNC24w</property>
        <property name="TLS - Keystore Type"/>
        <property name="TLS - Truststore"/>
        <property encryption="aes/gcm/256" name="TLS - Truststore Password">ce82BDJaxO5JHosS||eAFFckjRKNkZXYfWsAShLIdvruwxEnvUlpeMg69OdnHFQg</property>
        <property name="TLS - Truststore Type"/>
        <property name="TLS - Client Auth"/>
        <property name="TLS - Protocol"/>
        <property name="TLS - Shutdown Gracefully"/>
        
        <property name="Referral Strategy">FOLLOW</property>
        <property name="Connect Timeout">10 secs</property>
        <property name="Read Timeout">10 secs</property>

        <property name="Url"/>
        <property name="User Search Base"/>
        <property name="User Search Filter"/>

        <property name="Authentication Expiration">12 hours</property>
    </provider>


    <!--
        Identity Provider for users logging in with username/password against a Kerberos KDC server.

        'Default Realm' - Default realm to provide when user enters incomplete user principal (i.e. NIFI.APACHE.ORG).
        'Authentication Expiration' - The duration of how long the user authentication is valid for. If the user never logs out, they will be required to log back in following this duration.
    -->
    <!-- To enable the kerberos-provider remove 2 lines. This is 1 of 2.
    <provider>
        <identifier>kerberos-provider</identifier>
        <class>org.apache.nifi.kerberos.KerberosProvider</class>
        <property name="Default Realm">NIFI.APACHE.ORG</property>
        <property name="Authentication Expiration">12 hours</property>
    </provider>
    To enable the kerberos-provider remove 2 lines. This is 2 of 2. -->
</loginIdentityProviders>
[main] INFO org.apache.nifi.properties.ConfigEncryptionToolTest - Updated key line: nifi.bootstrap.sensitive.key=0123456789ABCDEFFEDCBA98765432100123456789ABCDEFFEDCBA9876543210
]]></system-err>
  </testcase>
  <testcase name="testShouldTranslateCliWithPlaintextInputWithoutBootstrapConf" classname="org.apache.nifi.properties.ConfigEncryptionToolTest" time="0.107">
    <system-out><![CDATA[baseUrl=https://nifi.nifi.apache.org:8443
keystore=/path/to/keystore.jks
keystoreType=JKS
keystorePasswd=thisIsABadKeystorePassword
keyPasswd=thisIsABadKeyPassword
truststore=
truststoreType=
truststorePasswd=
proxiedEntity=
Tried to exit with status 0.

usage: org.apache.nifi.properties.ConfigEncryptionTool [-h] [-v] [-n <file>] [-o <file>] [-l <file>] [-i <file>] [-a <file>] [-u <file>] [-f <file>] [-g <file>]
       [-b <file>] [-S <protectionScheme>] [-k <keyhex>] [-e <keyhex>] [-H <protectionScheme>] [-p <password>] [-w <password>] [-r] [-m] [-x] [-s
       <password|keyhex>] [-A <algorithm>] [-P <algorithm>] [-c]

This tool reads from a nifi.properties and/or login-identity-providers.xml file with plain sensitive configuration values, prompts the user for a root key, and
encrypts each value. It will replace the plain value with the protected value in the same file (or write to a new file if specified). It can also be used to
migrate already-encrypted values in those files or in flow.xml.gz to be encrypted with a new key.

 -h,--help                                     Show usage information (this message)
 -v,--verbose                                  Sets verbose mode (default false)
 -n,--niFiProperties <file>                    The nifi.properties file containing unprotected config values (will be overwritten unless -o is specified)
 -o,--outputNiFiProperties <file>              The destination nifi.properties file containing protected config values (will not modify input nifi.properties)
 -l,--loginIdentityProviders <file>            The login-identity-providers.xml file containing unprotected config values (will be overwritten unless -i is
                                               specified)
 -i,--outputLoginIdentityProviders <file>      The destination login-identity-providers.xml file containing protected config values (will not modify input
                                               login-identity-providers.xml)
 -a,--authorizers <file>                       The authorizers.xml file containing unprotected config values (will be overwritten unless -u is specified)
 -u,--outputAuthorizers <file>                 The destination authorizers.xml file containing protected config values (will not modify input authorizers.xml)
 -f,--flowXml <file>                           The flow.xml.gz file currently protected with old password (will be overwritten unless -g is specified)
 -g,--outputFlowXml <file>                     The destination flow.xml.gz file containing protected config values (will not modify input flow.xml.gz)
 -b,--bootstrapConf <file>                     The bootstrap.conf file to persist root key and to optionally provide any configuration for the protection
                                               scheme.
 -S,--protectionScheme <protectionScheme>      Selects the protection scheme for encrypted properties.  Valid values are: [AES_GCM, AWS_SECRETSMANAGER, AWS_KMS,
                                               AZURE_KEYVAULT_KEY, AZURE_KEYVAULT_SECRET, GCP_KMS, HASHICORP_VAULT_KV, HASHICORP_VAULT_TRANSIT] (default is
                                               AES_GCM)
 -k,--key <keyhex>                             The raw hexadecimal key to use to encrypt the sensitive properties
 -e,--oldKey <keyhex>                          The old raw hexadecimal key to use during key migration
 -H,--oldProtectionScheme <protectionScheme>   The old protection scheme to use during encryption migration (see --protectionScheme for possible values).
                                               Default is AES_GCM
 -p,--password <password>                      The password from which to derive the key to use to encrypt the sensitive properties
 -w,--oldPassword <password>                   The old password from which to derive the key during migration
 -r,--useRawKey                                If provided, the secure console will prompt for the raw key value in hexadecimal form
 -m,--migrate                                  If provided, the nifi.properties and/or login-identity-providers.xml sensitive properties will be re-encrypted
                                               with the new scheme
 -x,--encryptFlowXmlOnly                       If provided, the properties in flow.xml.gz will be re-encrypted with a new key but the nifi.properties and/or
                                               login-identity-providers.xml files will not be modified
 -s,--propsKey <password|keyhex>               The password or key to use to encrypt the sensitive processor properties in flow.xml.gz
 -A,--newFlowAlgorithm <algorithm>             The algorithm to use to encrypt the sensitive processor properties in flow.xml.gz
 -P,--newFlowProvider <algorithm>              The security provider to use to encrypt the sensitive processor properties in flow.xml.gz
 -c,--translateCli                             Translates the nifi.properties file to a format suitable for the NiFi CLI tool

Java home: null
NiFi Toolkit home: null
]]></system-out>
    <system-err><![CDATA[[main] WARN org.apache.nifi.properties.AbstractBootstrapPropertiesLoader - System Property [nifi.properties.file.path] not found: Using Relative Path [conf/nifi.properties]
[main] INFO org.apache.nifi.properties.NiFiPropertiesLoader - Loaded 82 properties from /home/alex/Repositories/nifi/nifi-toolkit/nifi-toolkit-encrypt-config/src/test/resources/nifi_with_sensitive_properties_unprotected.properties
[main] INFO org.apache.nifi.properties.ConfigEncryptionToolTest - Loaded 82 properties from input file
[main] INFO org.apache.nifi.properties.ConfigEncryptionToolTest - Original sensitive values: [nifi.security.keyPasswd:thisIsABadKeyPassword, nifi.security.keystorePasswd:thisIsABadKeystorePassword, nifi.security.truststorePasswd:, nifi.sensitive.props.key:thisIsABadSensitiveKeyPassword, nifi.provenance.repository.encryption.key:null, nifi.provenance.repository.encryption.key.provider.password:null, nifi.flowfile.repository.encryption.key.provider.password:null, nifi.content.repository.encryption.key.provider.password:null, nifi.repository.encryption.key.provider.keystore.password:null]
[main] WARN org.apache.nifi.properties.ConfigEncryptionTool - The source nifi.properties and destination nifi.properties are identical [src/test/resources/nifi_with_sensitive_properties_unprotected.properties] so the original will be overwritten
[main] INFO org.apache.nifi.properties.ConfigEncryptionTool - No root key detected in null -- if src/test/resources/nifi_with_sensitive_properties_unprotected.properties is encrypted, the translation will fail
[main] INFO org.apache.nifi.properties.NiFiPropertiesLoader - Loaded 82 properties from /home/alex/Repositories/nifi/nifi-toolkit/nifi-toolkit-encrypt-config/src/test/resources/nifi_with_sensitive_properties_unprotected.properties
[main] INFO org.apache.nifi.properties.ConfigEncryptionTool - Loaded NiFiProperties instance with 82 properties
[main] INFO org.apache.nifi.properties.ConfigEncryptionToolTest - STDOUT:
	baseUrl=https://nifi.nifi.apache.org:8443
	keystore=/path/to/keystore.jks
	keystoreType=JKS
	keystorePasswd=thisIsABadKeystorePassword
	keyPasswd=thisIsABadKeyPassword
	truststore=
	truststoreType=
	truststorePasswd=
	proxiedEntity=
]]></system-err>
  </testcase>
  <testcase name="testShouldEncryptLoginIdentityProvidersWithMultipleElementsPerLine" classname="org.apache.nifi.properties.ConfigEncryptionToolTest" time="0.071">
    <system-err><![CDATA[[main] INFO org.apache.nifi.properties.ConfigEncryptionToolTest - Read lines: 
<?xml version="1.0" encoding="UTF-8" standalone="yes"?>
<!--
  Licensed to the Apache Software Foundation (ASF) under one or more
  contributor license agreements.  See the NOTICE file distributed with
  this work for additional information regarding copyright ownership.
  The ASF licenses this file to You under the Apache License, Version 2.0
  (the "License"); you may not use this file except in compliance with
  the License.  You may obtain a copy of the License at
      http://www.apache.org/licenses/LICENSE-2.0
  Unless required by applicable law or agreed to in writing, software
  distributed under the License is distributed on an "AS IS" BASIS,
  WITHOUT WARRANTIES OR CONDITIONS OF ANY KIND, either express or implied.
  See the License for the specific language governing permissions and
  limitations under the License.
-->
<!--
    This file lists the login identity providers to use when running securely. In order
    to use a specific provider it must be configured here and it's identifier
    must be specified in the nifi.properties file.
-->
<loginIdentityProviders>
    <!--
        Identity Provider for users logging in with username/password against an LDAP server.
        
        'Authentication Strategy' - How the connection to the LDAP server is authenticated. Possible
            values are ANONYMOUS, SIMPLE, or START_TLS.
        
        'Manager DN' - The DN of the manager that is used to bind to the LDAP server to search for users.
        'Manager Password' - The password of the manager that is used to bind to the LDAP server to
            search for users.
            
        'TLS - Keystore' - Path to the Keystore that is used when connecting to LDAP using START_TLS.
        'TLS - Keystore Password' - Password for the Keystore that is used when connecting to LDAP
            using START_TLS.
        'TLS - Keystore Type' - Type of the Keystore that is used when connecting to LDAP using
            START_TLS (i.e. JKS or PKCS12).
        'TLS - Truststore' - Path to the Truststore that is used when connecting to LDAP using START_TLS.
        'TLS - Truststore Password' - Password for the Truststore that is used when connecting to
            LDAP using START_TLS.
        'TLS - Truststore Type' - Type of the Truststore that is used when connecting to LDAP using
            START_TLS (i.e. JKS or PKCS12).
        'TLS - Client Auth' - Client authentication policy when connecting to LDAP using START_TLS.
            Possible values are REQUIRED, WANT, NONE.
        'TLS - Protocol' - Protocol to use when connecting to LDAP using START_TLS. (i.e. TLS,
            TLSv1.1, TLSv1.2, etc).
        'TLS - Shutdown Gracefully' - Specifies whether the TLS should be shut down gracefully 
            before the target context is closed. Defaults to false.
            
        'Referral Strategy' - Strategy for handling referrals. Possible values are FOLLOW, IGNORE, THROW.
        'Connect Timeout' - Duration of connect timeout. (i.e. 10 secs).
        'Read Timeout' - Duration of read timeout. (i.e. 10 secs).
       
        'Url' - Url of the LDAP servier (i.e. ldap://<hostname>:<port>).
        'User Search Base' - Base DN for searching for users (i.e. CN=Users,DC=example,DC=com).
        'User Search Filter' - Filter for searching for users against the 'User Search Base'.
            (i.e. sAMAccountName={0}). The user specified name is inserted into '{0}'.
            
        'Authentication Expiration' - The duration of how long the user authentication is valid
            for. If the user never logs out, they will be required to log back in following
            this duration.
    -->
    <provider>
        <identifier>ldap-provider</identifier>
        <class>org.apache.nifi.ldap.LdapProvider</class>
        <property name="Authentication Strategy">START_TLS</property>

        <property name="Manager DN">someuser</property>
        <property name="Manager Password" encryption="none">thisIsABadPassword</property><property name="TLS - Keystore"></property><property name="TLS - Keystore Password" encryption="">thisIsABadPassword</property><property name="TLS - Keystore Type"></property>
        <property name="TLS - Truststore"></property>
        <property name="TLS - Truststore Password">thisIsABadPassword</property>
        <property name="TLS - Truststore Type"></property>
        <property name="TLS - Client Auth"></property>
        <property name="TLS - Protocol"></property>
        <property name="TLS - Shutdown Gracefully"></property>

        <property name="Referral Strategy">FOLLOW</property>
        <property name="Connect Timeout">10 secs</property>
        <property name="Read Timeout">10 secs</property>

        <property name="Url"></property>
        <property name="User Search Base"></property>
        <property name="User Search Filter"></property>

        <property name="Authentication Expiration">12 hours</property>
    </provider>

    <!--
        Identity Provider for users logging in with username/password against a Kerberos KDC server.

        'Default Realm' - Default realm to provide when user enters incomplete user principal (i.e. NIFI.APACHE.ORG).
        'Authentication Expiration' - The duration of how long the user authentication is valid for. If the user never logs out, they will be required to log back in following this duration.
    -->
    <!-- To enable the kerberos-provider remove 2 lines. This is 1 of 2.
    <provider>
        <identifier>kerberos-provider</identifier>
        <class>org.apache.nifi.kerberos.KerberosProvider</class>
        <property name="Default Realm">NIFI.APACHE.ORG</property>
        <property name="Authentication Expiration">12 hours</property>
    </provider>
    To enable the kerberos-provider remove 2 lines. This is 2 of 2. -->
</loginIdentityProviders>
[main] INFO org.apache.nifi.properties.ConfigEncryptionTool - Attempting to encrypt property using protection scheme aes/gcm/256
[main] WARN org.apache.nifi.properties.AbstractBootstrapPropertiesLoader - System Property [nifi.properties.file.path] not found: Using Relative Path [conf/nifi.properties]
[main] WARN org.apache.nifi.properties.ConfigEncryptionTool - Could not load default bootstrap.conf: Configuration Directory [conf] not found for Bootstrap Properties
[main] INFO org.apache.nifi.properties.ConfigEncryptionTool - Attempting to encrypt property using protection scheme aes/gcm/256
[main] INFO org.apache.nifi.properties.ConfigEncryptionTool - Attempting to encrypt property using protection scheme aes/gcm/256
[main] INFO org.apache.nifi.properties.ConfigEncryptionTool - Updated XML content: <?xml version="1.0" encoding="UTF-8"?><loginIdentityProviders>
    
    <provider>
        <identifier>ldap-provider</identifier>
        <class>org.apache.nifi.ldap.LdapProvider</class>
        <property name="Authentication Strategy">START_TLS</property>

        <property name="Manager DN">someuser</property>
        <property name="Manager Password" encryption="aes/gcm/256">IhFWWe/xkQ9Wb2XU||CPAfc/Q+ZdvVTGEN722p+aumq9qDs/EwpiOS7jcbEPjt3w</property>
    <property name="TLS - Keystore"/>
    <property name="TLS - Keystore Password" encryption="aes/gcm/256">hMlDkb8HbEQoB8Zx||TC47fB9IvfignFtyNooMtftQGj+fIaBj5WBbst5ohAkGxQ</property>
    <property name="TLS - Keystore Type"/>
        <property name="TLS - Truststore"/>
        <property name="TLS - Truststore Password" encryption="aes/gcm/256">FKZxodGEIwdOwev7||p1RonupRrAYo0VSBk+QUBANDN/EFRrTcIo+cS4e9mNRUrw</property>
        <property name="TLS - Truststore Type"/>
        <property name="TLS - Client Auth"/>
        <property name="TLS - Protocol"/>
        <property name="TLS - Shutdown Gracefully"/>

        <property name="Referral Strategy">FOLLOW</property>
        <property name="Connect Timeout">10 secs</property>
        <property name="Read Timeout">10 secs</property>

        <property name="Url"/>
        <property name="User Search Base"/>
        <property name="User Search Filter"/>

        <property name="Authentication Expiration">12 hours</property>
    </provider>

    
    
</loginIdentityProviders>

[main] INFO org.apache.nifi.properties.ConfigEncryptionToolTest - Encrypted lines: 
<?xml version="1.0" encoding="UTF-8"?><loginIdentityProviders>
    
    <provider>
        <identifier>ldap-provider</identifier>
        <class>org.apache.nifi.ldap.LdapProvider</class>
        <property name="Authentication Strategy">START_TLS</property>

        <property name="Manager DN">someuser</property>
        <property name="Manager Password" encryption="aes/gcm/256">IhFWWe/xkQ9Wb2XU||CPAfc/Q+ZdvVTGEN722p+aumq9qDs/EwpiOS7jcbEPjt3w</property>
    <property name="TLS - Keystore"/>
    <property name="TLS - Keystore Password" encryption="aes/gcm/256">hMlDkb8HbEQoB8Zx||TC47fB9IvfignFtyNooMtftQGj+fIaBj5WBbst5ohAkGxQ</property>
    <property name="TLS - Keystore Type"/>
        <property name="TLS - Truststore"/>
        <property name="TLS - Truststore Password" encryption="aes/gcm/256">FKZxodGEIwdOwev7||p1RonupRrAYo0VSBk+QUBANDN/EFRrTcIo+cS4e9mNRUrw</property>
        <property name="TLS - Truststore Type"/>
        <property name="TLS - Client Auth"/>
        <property name="TLS - Protocol"/>
        <property name="TLS - Shutdown Gracefully"/>

        <property name="Referral Strategy">FOLLOW</property>
        <property name="Connect Timeout">10 secs</property>
        <property name="Read Timeout">10 secs</property>

        <property name="Url"/>
        <property name="User Search Base"/>
        <property name="User Search Filter"/>

        <property name="Authentication Expiration">12 hours</property>
    </provider>

    
    
</loginIdentityProviders>
[main] INFO org.apache.nifi.properties.ConfigEncryptionToolTest - Cipher text: IhFWWe/xkQ9Wb2XU||CPAfc/Q+ZdvVTGEN722p+aumq9qDs/EwpiOS7jcbEPjt3w
[main] INFO org.apache.nifi.properties.ConfigEncryptionToolTest - Cipher text: hMlDkb8HbEQoB8Zx||TC47fB9IvfignFtyNooMtftQGj+fIaBj5WBbst5ohAkGxQ
[main] INFO org.apache.nifi.properties.ConfigEncryptionToolTest - Cipher text: FKZxodGEIwdOwev7||p1RonupRrAYo0VSBk+QUBANDN/EFRrTcIo+cS4e9mNRUrw
]]></system-err>
  </testcase>
  <testcase name="testShouldEncryptLoginIdentityProviders" classname="org.apache.nifi.properties.ConfigEncryptionToolTest" time="0.04">
    <system-err><![CDATA[[main] INFO org.apache.nifi.properties.ConfigEncryptionToolTest - Read lines: 
<?xml version="1.0" encoding="UTF-8" standalone="yes"?>
<!--
  Licensed to the Apache Software Foundation (ASF) under one or more
  contributor license agreements.  See the NOTICE file distributed with
  this work for additional information regarding copyright ownership.
  The ASF licenses this file to You under the Apache License, Version 2.0
  (the "License"); you may not use this file except in compliance with
  the License.  You may obtain a copy of the License at
      http://www.apache.org/licenses/LICENSE-2.0
  Unless required by applicable law or agreed to in writing, software
  distributed under the License is distributed on an "AS IS" BASIS,
  WITHOUT WARRANTIES OR CONDITIONS OF ANY KIND, either express or implied.
  See the License for the specific language governing permissions and
  limitations under the License.
-->
<!--
    This file lists the login identity providers to use when running securely. In order
    to use a specific provider it must be configured here and it's identifier
    must be specified in the nifi.properties file.
-->
<loginIdentityProviders>
    <!--
        Identity Provider for users logging in with username/password against an LDAP server.
        
        'Authentication Strategy' - How the connection to the LDAP server is authenticated. Possible
            values are ANONYMOUS, SIMPLE, or START_TLS.
        
        'Manager DN' - The DN of the manager that is used to bind to the LDAP server to search for users.
        'Manager Password' - The password of the manager that is used to bind to the LDAP server to
            search for users.
            
        'TLS - Keystore' - Path to the Keystore that is used when connecting to LDAP using START_TLS.
        'TLS - Keystore Password' - Password for the Keystore that is used when connecting to LDAP
            using START_TLS.
        'TLS - Keystore Type' - Type of the Keystore that is used when connecting to LDAP using
            START_TLS (i.e. JKS or PKCS12).
        'TLS - Truststore' - Path to the Truststore that is used when connecting to LDAP using START_TLS.
        'TLS - Truststore Password' - Password for the Truststore that is used when connecting to
            LDAP using START_TLS.
        'TLS - Truststore Type' - Type of the Truststore that is used when connecting to LDAP using
            START_TLS (i.e. JKS or PKCS12).
        'TLS - Client Auth' - Client authentication policy when connecting to LDAP using START_TLS.
            Possible values are REQUIRED, WANT, NONE.
        'TLS - Protocol' - Protocol to use when connecting to LDAP using START_TLS. (i.e. TLS,
            TLSv1.1, TLSv1.2, etc).
        'TLS - Shutdown Gracefully' - Specifies whether the TLS should be shut down gracefully 
            before the target context is closed. Defaults to false.
            
        'Referral Strategy' - Strategy for handling referrals. Possible values are FOLLOW, IGNORE, THROW.
        'Connect Timeout' - Duration of connect timeout. (i.e. 10 secs).
        'Read Timeout' - Duration of read timeout. (i.e. 10 secs).
       
        'Url' - Url of the LDAP servier (i.e. ldap://<hostname>:<port>).
        'User Search Base' - Base DN for searching for users (i.e. CN=Users,DC=example,DC=com).
        'User Search Filter' - Filter for searching for users against the 'User Search Base'.
            (i.e. sAMAccountName={0}). The user specified name is inserted into '{0}'.
            
        'Authentication Expiration' - The duration of how long the user authentication is valid
            for. If the user never logs out, they will be required to log back in following
            this duration.
    -->
    <provider>
        <identifier>ldap-provider</identifier>
        <class>org.apache.nifi.ldap.LdapProvider</class>
        <property name="Authentication Strategy">START_TLS</property>

        <property name="Manager DN">someuser</property>
        <property name="Manager Password">thisIsABadPassword</property>

        <property name="TLS - Keystore"></property>
        <property name="TLS - Keystore Password">thisIsABadPassword</property>
        <property name="TLS - Keystore Type"></property>
        <property name="TLS - Truststore"></property>
        <property name="TLS - Truststore Password">thisIsABadPassword</property>
        <property name="TLS - Truststore Type"></property>
        <property name="TLS - Client Auth"></property>
        <property name="TLS - Protocol"></property>
        <property name="TLS - Shutdown Gracefully"></property>
        
        <property name="Referral Strategy">FOLLOW</property>
        <property name="Connect Timeout">10 secs</property>
        <property name="Read Timeout">10 secs</property>

        <property name="Url"></property>
        <property name="User Search Base"></property>
        <property name="User Search Filter"></property>

        <property name="Authentication Expiration">12 hours</property>
    </provider>

    <!--
        Identity Provider for users logging in with username/password against a Kerberos KDC server.

        'Default Realm' - Default realm to provide when user enters incomplete user principal (i.e. NIFI.APACHE.ORG).
        'Authentication Expiration' - The duration of how long the user authentication is valid for. If the user never logs out, they will be required to log back in following this duration.
    -->
    <!-- To enable the kerberos-provider remove 2 lines. This is 1 of 2.
    <provider>
        <identifier>kerberos-provider</identifier>
        <class>org.apache.nifi.kerberos.KerberosProvider</class>
        <property name="Default Realm">NIFI.APACHE.ORG</property>
        <property name="Authentication Expiration">12 hours</property>
    </provider>
    To enable the kerberos-provider remove 2 lines. This is 2 of 2. -->
</loginIdentityProviders>
[main] INFO org.apache.nifi.properties.ConfigEncryptionTool - Attempting to encrypt property using protection scheme aes/gcm/256
[main] WARN org.apache.nifi.properties.AbstractBootstrapPropertiesLoader - System Property [nifi.properties.file.path] not found: Using Relative Path [conf/nifi.properties]
[main] WARN org.apache.nifi.properties.ConfigEncryptionTool - Could not load default bootstrap.conf: Configuration Directory [conf] not found for Bootstrap Properties
[main] INFO org.apache.nifi.properties.ConfigEncryptionTool - Attempting to encrypt property using protection scheme aes/gcm/256
[main] INFO org.apache.nifi.properties.ConfigEncryptionTool - Attempting to encrypt property using protection scheme aes/gcm/256
[main] INFO org.apache.nifi.properties.ConfigEncryptionTool - Updated XML content: <?xml version="1.0" encoding="UTF-8"?><loginIdentityProviders>
    
    <provider>
        <identifier>ldap-provider</identifier>
        <class>org.apache.nifi.ldap.LdapProvider</class>
        <property name="Authentication Strategy">START_TLS</property>

        <property name="Manager DN">someuser</property>
        <property name="Manager Password" encryption="aes/gcm/256">+qtwZyR24GX8J4SG||VS03zmTAQW7eI0MN8crFSF+eF8N4nXwAPw62Njw6WdpUmQ</property>

        <property name="TLS - Keystore"/>
        <property name="TLS - Keystore Password" encryption="aes/gcm/256">e/+/aHDAB9KBxCgM||0VXr0IHCIpUxIZBIV2bbcWp80uPTGK3dZc4synxQf4N5Sw</property>
        <property name="TLS - Keystore Type"/>
        <property name="TLS - Truststore"/>
        <property name="TLS - Truststore Password" encryption="aes/gcm/256">yEoFE0Jr+sNuqvKO||UjmTfome+ITTEz8iyVJbD77yYWI3pk5yBjYlwxUMFovW8w</property>
        <property name="TLS - Truststore Type"/>
        <property name="TLS - Client Auth"/>
        <property name="TLS - Protocol"/>
        <property name="TLS - Shutdown Gracefully"/>
        
        <property name="Referral Strategy">FOLLOW</property>
        <property name="Connect Timeout">10 secs</property>
        <property name="Read Timeout">10 secs</property>

        <property name="Url"/>
        <property name="User Search Base"/>
        <property name="User Search Filter"/>

        <property name="Authentication Expiration">12 hours</property>
    </provider>

    
    
</loginIdentityProviders>

[main] INFO org.apache.nifi.properties.ConfigEncryptionToolTest - Encrypted lines: 
<?xml version="1.0" encoding="UTF-8"?><loginIdentityProviders>
    
    <provider>
        <identifier>ldap-provider</identifier>
        <class>org.apache.nifi.ldap.LdapProvider</class>
        <property name="Authentication Strategy">START_TLS</property>

        <property name="Manager DN">someuser</property>
        <property name="Manager Password" encryption="aes/gcm/256">+qtwZyR24GX8J4SG||VS03zmTAQW7eI0MN8crFSF+eF8N4nXwAPw62Njw6WdpUmQ</property>

        <property name="TLS - Keystore"/>
        <property name="TLS - Keystore Password" encryption="aes/gcm/256">e/+/aHDAB9KBxCgM||0VXr0IHCIpUxIZBIV2bbcWp80uPTGK3dZc4synxQf4N5Sw</property>
        <property name="TLS - Keystore Type"/>
        <property name="TLS - Truststore"/>
        <property name="TLS - Truststore Password" encryption="aes/gcm/256">yEoFE0Jr+sNuqvKO||UjmTfome+ITTEz8iyVJbD77yYWI3pk5yBjYlwxUMFovW8w</property>
        <property name="TLS - Truststore Type"/>
        <property name="TLS - Client Auth"/>
        <property name="TLS - Protocol"/>
        <property name="TLS - Shutdown Gracefully"/>
        
        <property name="Referral Strategy">FOLLOW</property>
        <property name="Connect Timeout">10 secs</property>
        <property name="Read Timeout">10 secs</property>

        <property name="Url"/>
        <property name="User Search Base"/>
        <property name="User Search Filter"/>

        <property name="Authentication Expiration">12 hours</property>
    </provider>

    
    
</loginIdentityProviders>
[main] INFO org.apache.nifi.properties.ConfigEncryptionToolTest - Cipher text: +qtwZyR24GX8J4SG||VS03zmTAQW7eI0MN8crFSF+eF8N4nXwAPw62Njw6WdpUmQ
[main] INFO org.apache.nifi.properties.ConfigEncryptionToolTest - Cipher text: e/+/aHDAB9KBxCgM||0VXr0IHCIpUxIZBIV2bbcWp80uPTGK3dZc4synxQf4N5Sw
[main] INFO org.apache.nifi.properties.ConfigEncryptionToolTest - Cipher text: yEoFE0Jr+sNuqvKO||UjmTfome+ITTEz8iyVJbD77yYWI3pk5yBjYlwxUMFovW8w
]]></system-err>
  </testcase>
  <testcase name="testShouldReadPasswordFromConsole" classname="org.apache.nifi.properties.ConfigEncryptionToolTest" time="0.013">
    <system-err><![CDATA[[main] INFO org.apache.nifi.properties.ConfigEncryptionToolTest - Using password: [thisIsABadPassword]
[main] INFO org.apache.nifi.properties.ConfigEncryptionToolTest - Read password: [0123 4567]
[main] INFO org.apache.nifi.properties.ConfigEncryptionToolTest - Using password: [thisIsABadPassword]
[main] INFO org.apache.nifi.properties.ConfigEncryptionToolTest - Read password: [thisIsABadPassword]
[main] INFO org.apache.nifi.properties.ConfigEncryptionToolTest - Using password: [thisIsABadPassword]
[main] INFO org.apache.nifi.properties.ConfigEncryptionToolTest - Read password: [   thisIsABadPassword   ]
[main] INFO org.apache.nifi.properties.ConfigEncryptionToolTest - Using password: [thisIsABadPassword]
[main] INFO org.apache.nifi.properties.ConfigEncryptionToolTest - Read password: [non-hex-chars]
]]></system-err>
  </testcase>
  <testcase name="testShouldPerformFullOperation" classname="org.apache.nifi.properties.ConfigEncryptionToolTest" time="0.046">
    <system-err><![CDATA[[main] INFO org.apache.nifi.properties.ConfigEncryptionToolTest - Original key line from bootstrap.conf: nifi.bootstrap.sensitive.key=
[main] WARN org.apache.nifi.properties.AbstractBootstrapPropertiesLoader - System Property [nifi.properties.file.path] not found: Using Relative Path [conf/nifi.properties]
[main] INFO org.apache.nifi.properties.NiFiPropertiesLoader - Loaded 82 properties from /home/alex/Repositories/nifi/nifi-toolkit/nifi-toolkit-encrypt-config/src/test/resources/nifi_with_sensitive_properties_unprotected.properties
[main] INFO org.apache.nifi.properties.ConfigEncryptionToolTest - Loaded 82 properties from input file
[main] INFO org.apache.nifi.properties.ConfigEncryptionToolTest - Original sensitive values: [nifi.security.keyPasswd:thisIsABadKeyPassword, nifi.security.keystorePasswd:thisIsABadKeystorePassword, nifi.security.truststorePasswd:, nifi.sensitive.props.key:thisIsABadSensitiveKeyPassword, nifi.provenance.repository.encryption.key:null, nifi.provenance.repository.encryption.key.provider.password:null, nifi.flowfile.repository.encryption.key.provider.password:null, nifi.content.repository.encryption.key.provider.password:null, nifi.repository.encryption.key.provider.keystore.password:null]
[main] INFO org.apache.nifi.properties.NiFiPropertiesLoader - Loaded 82 properties from /home/alex/Repositories/nifi/nifi-toolkit/nifi-toolkit-encrypt-config/src/test/resources/nifi_with_sensitive_properties_unprotected.properties
[main] INFO org.apache.nifi.properties.NiFiPropertiesLoader - Loaded 82 properties from /home/alex/Repositories/nifi/nifi-toolkit/nifi-toolkit-encrypt-config/src/test/resources/nifi_with_sensitive_properties_unprotected.properties
[main] INFO org.apache.nifi.properties.ConfigEncryptionTool - Loaded NiFiProperties instance with 82 properties
[main] INFO org.apache.nifi.properties.ConfigEncryptionTool - Protected nifi.security.keyPasswd with aes/gcm/256 -> 	BP6na2xF5BcE4joG||ZCC2A3po8PADR8q6WFcqexHhIX/9yIRaDP7QmL/O6zNoxynUug
[main] INFO org.apache.nifi.properties.ConfigEncryptionTool - Updated protection key nifi.security.keyPasswd.protected
[main] INFO org.apache.nifi.properties.ConfigEncryptionTool - Protected nifi.security.keystorePasswd with aes/gcm/256 -> 	gadWFq0H6Kq/nsK3||0MLJ70WuLiaM2CUcY5ZgVpdiJIZ8oiTU6xB51SSB1O3UzSmdmdz6C2N0
[main] INFO org.apache.nifi.properties.ConfigEncryptionTool - Updated protection key nifi.security.keystorePasswd.protected
[main] INFO org.apache.nifi.properties.ConfigEncryptionTool - Protected nifi.sensitive.props.key with aes/gcm/256 -> 	rNLu/Artz/WwWFpc||oArGDbcAqljPjKqs2T9NjqM1qU7SNawtemMeHTHy7o9fbrTa+uGJRVLa6SzJaw
[main] INFO org.apache.nifi.properties.ConfigEncryptionTool - Updated protection key nifi.sensitive.props.key.protected
[main] INFO org.apache.nifi.properties.ConfigEncryptionTool - Final result: 85 keys including 3 protected keys
[main] INFO org.apache.nifi.properties.ConfigEncryptionToolTest - Updated nifi.properties:
[main] INFO org.apache.nifi.properties.ConfigEncryptionToolTest - 

# Licensed to the Apache Software Foundation (ASF) under one or more
# contributor license agreements.  See the NOTICE file distributed with
# this work for additional information regarding copyright ownership.
# The ASF licenses this file to You under the Apache License, Version 2.0
# (the "License"); you may not use this file except in compliance with
# the License.  You may obtain a copy of the License at
#
#     http://www.apache.org/licenses/LICENSE-2.0
#
# Unless required by applicable law or agreed to in writing, software
# distributed under the License is distributed on an "AS IS" BASIS,
# WITHOUT WARRANTIES OR CONDITIONS OF ANY KIND, either express or implied.
# See the License for the specific language governing permissions and
# limitations under the License.

# Core Properties #
nifi.flow.configuration.file=./target/flow.xml.gz
nifi.flow.configuration.archive.dir=./target/archive/
nifi.flowcontroller.autoResumeState=true
nifi.flowcontroller.graceful.shutdown.period=10 sec
nifi.flowservice.writedelay.interval=2 sec
nifi.administrative.yield.duration=30 sec

nifi.reporting.task.configuration.file=./target/reporting-tasks.xml
nifi.controller.service.configuration.file=./target/controller-services.xml
nifi.templates.directory=./target/templates
nifi.ui.banner.text=UI Banner Text
nifi.ui.autorefresh.interval=30 sec
nifi.nar.library.directory=./target/resources/NiFiProperties/lib/
nifi.nar.library.directory.alt=./target/resources/NiFiProperties/lib2/
nifi.nar.working.directory=./target/work/nar/

# H2 Settings
nifi.database.directory=./target/database_repository
nifi.h2.url.append=;LOCK_TIMEOUT=25000;WRITE_DELAY=0;AUTO_SERVER=FALSE

# FlowFile Repository
nifi.flowfile.repository.directory=./target/test-repo
nifi.flowfile.repository.partitions=1
nifi.flowfile.repository.checkpoint.interval=2 mins
nifi.queue.swap.threshold=20000
nifi.swap.storage.directory=./target/test-repo/swap
nifi.swap.in.period=5 sec
nifi.swap.in.threads=1
nifi.swap.out.period=5 sec
nifi.swap.out.threads=4

# Content Repository
nifi.content.claim.max.appendable.size=10 MB
nifi.content.claim.max.flow.files=100
nifi.content.repository.directory.default=./target/content_repository

# Provenance Repository Properties
nifi.provenance.repository.storage.directory=./target/provenance_repository
nifi.provenance.repository.max.storage.time=24 hours
nifi.provenance.repository.max.storage.size=1 GB
nifi.provenance.repository.rollover.time=30 secs
nifi.provenance.repository.rollover.size=100 MB

# Site to Site properties
nifi.remote.input.socket.port=9990
nifi.remote.input.secure=true

# web properties #
nifi.web.war.directory=./target/lib
nifi.web.http.host=
nifi.web.http.port=
nifi.web.https.host=nifi.nifi.apache.org
nifi.web.https.port=8443
nifi.web.jetty.working.directory=./target/work/jetty

# security properties #
nifi.sensitive.props.key=rNLu/Artz/WwWFpc||oArGDbcAqljPjKqs2T9NjqM1qU7SNawtemMeHTHy7o9fbrTa+uGJRVLa6SzJaw
nifi.sensitive.props.key.protected=aes/gcm/256
nifi.sensitive.props.algorithm=PBEWITHMD5AND256BITAES-CBC-OPENSSL
nifi.sensitive.props.additional.keys=

nifi.security.keystore=/path/to/keystore.jks
nifi.security.keystoreType=JKS
nifi.security.keystorePasswd=gadWFq0H6Kq/nsK3||0MLJ70WuLiaM2CUcY5ZgVpdiJIZ8oiTU6xB51SSB1O3UzSmdmdz6C2N0
nifi.security.keystorePasswd.protected=aes/gcm/256
nifi.security.keyPasswd=BP6na2xF5BcE4joG||ZCC2A3po8PADR8q6WFcqexHhIX/9yIRaDP7QmL/O6zNoxynUug
nifi.security.keyPasswd.protected=aes/gcm/256
nifi.security.truststore=
nifi.security.truststoreType=
nifi.security.truststorePasswd=
nifi.security.user.authorizer=

# cluster common properties (cluster manager and nodes must have same values) #
nifi.cluster.protocol.heartbeat.interval=5 sec
nifi.cluster.protocol.is.secure=false
nifi.cluster.protocol.socket.timeout=30 sec
nifi.cluster.protocol.connection.handshake.timeout=45 sec
# if multicast is used, then nifi.cluster.protocol.multicast.xxx properties must be configured #
nifi.cluster.protocol.use.multicast=false
nifi.cluster.protocol.multicast.address=
nifi.cluster.protocol.multicast.port=
nifi.cluster.protocol.multicast.service.broadcast.delay=500 ms
nifi.cluster.protocol.multicast.service.locator.attempts=3
nifi.cluster.protocol.multicast.service.locator.attempts.delay=1 sec

# cluster node properties (only configure for cluster nodes) #
nifi.cluster.is.node=false
nifi.cluster.node.address=
nifi.cluster.node.protocol.port=
nifi.cluster.node.protocol.threads=2
# if multicast is not used, nifi.cluster.node.unicast.xxx must have same values as nifi.cluster.manager.xxx #
nifi.cluster.node.unicast.manager.address=
nifi.cluster.node.unicast.manager.protocol.port=
nifi.cluster.node.unicast.manager.authority.provider.port=

# cluster manager properties (only configure for cluster manager) #
nifi.cluster.is.manager=false
nifi.cluster.manager.address=
nifi.cluster.manager.protocol.port=
nifi.cluster.manager.authority.provider.port=
nifi.cluster.manager.authority.provider.threads=10
nifi.cluster.manager.node.firewall.file=
nifi.cluster.manager.node.event.history.size=10
nifi.cluster.manager.node.api.connection.timeout=30 sec
nifi.cluster.manager.node.api.read.timeout=30 sec
nifi.cluster.manager.node.api.request.threads=10
nifi.cluster.manager.flow.retrieval.delay=5 sec
nifi.cluster.manager.protocol.threads=10
nifi.cluster.manager.safemode.duration=0 sec
[main] WARN org.apache.nifi.properties.AbstractBootstrapPropertiesLoader - System Property [nifi.properties.file.path] not found: Using Relative Path [conf/nifi.properties]
[main] INFO org.apache.nifi.properties.NiFiPropertiesLoader - Loaded 85 properties from /home/alex/Repositories/nifi/nifi-toolkit/nifi-toolkit-encrypt-config/target/tmp/tmp_nifi.properties
[main] INFO org.apache.nifi.properties.ConfigEncryptionToolTest - Updated key line: nifi.bootstrap.sensitive.key=0123456789ABCDEFFEDCBA98765432100123456789ABCDEFFEDCBA9876543210
]]></system-err>
  </testcase>
  <testcase name="testEncryptAuthorizersShouldHandleCommentedElements" classname="org.apache.nifi.properties.ConfigEncryptionToolTest" time="0.079">
    <system-err><![CDATA[[main] INFO org.apache.nifi.properties.ConfigEncryptionToolTest - Read lines: 
<?xml version="1.0" encoding="UTF-8" standalone="yes"?>
<!--
  Licensed to the Apache Software Foundation (ASF) under one or more
  contributor license agreements.  See the NOTICE file distributed with
  this work for additional information regarding copyright ownership.
  The ASF licenses this file to You under the Apache License, Version 2.0
  (the "License"); you may not use this file except in compliance with
  the License.  You may obtain a copy of the License at
      http://www.apache.org/licenses/LICENSE-2.0
  Unless required by applicable law or agreed to in writing, software
  distributed under the License is distributed on an "AS IS" BASIS,
  WITHOUT WARRANTIES OR CONDITIONS OF ANY KIND, either express or implied.
  See the License for the specific language governing permissions and
  limitations under the License.
-->
<!--
    This file lists the userGroupProviders, accessPolicyProviders, and authorizers to use when running securely. In order
    to use a specific authorizer it must be configured here and it's identifier must be specified in the nifi.properties file.
    If the authorizer is a managedAuthorizer, it may need to be configured with an accessPolicyProvider and an userGroupProvider.
    This file allows for configuration of them, but they must be configured in order:

    ...
    all userGroupProviders
    all accessPolicyProviders
    all Authorizers
    ...
-->
<authorizers>

    <!--
        The FileUserGroupProvider will provide support for managing users and groups which is backed by a file
        on the local file system.

        - Users File - The file where the FileUserGroupProvider will store users and groups.

        - Legacy Authorized Users File - The full path to an existing authorized-users.xml that will be automatically
            be used to load the users and groups into the Users File.

        - Initial User Identity [unique key] - The identity of a users and systems to seed the Users File. The name of
            each property must be unique, for example: "Initial User Identity A", "Initial User Identity B",
            "Initial User Identity C" or "Initial User Identity 1", "Initial User Identity 2", "Initial User Identity 3"

            NOTE: Any identity mapping rules specified in nifi.properties will also be applied to the user identities,
            so the values should be the unmapped identities (i.e. full DN from a certificate).
    -->
    <userGroupProvider>
        <identifier>file-user-group-provider</identifier>
        <class>org.apache.nifi.authorization.FileUserGroupProvider</class>
        <property name="Users File">./conf/users.xml</property>
        <property name="Legacy Authorized Users File"></property>

        <property name="Initial User Identity 1"></property>
    </userGroupProvider>

    <!--
        The LdapUserGroupProvider will retrieve users and groups from an LDAP server. The users and groups
        are not configurable.

        'Authentication Strategy' - How the connection to the LDAP server is authenticated. Possible
            values are ANONYMOUS, SIMPLE, LDAPS, or START_TLS.

        'Manager DN' - The DN of the manager that is used to bind to the LDAP server to search for users.
        'Manager Password' - The password of the manager that is used to bind to the LDAP server to
            search for users.

        'TLS - Keystore' - Path to the Keystore that is used when connecting to LDAP using LDAPS or START_TLS.
        'TLS - Keystore Password' - Password for the Keystore that is used when connecting to LDAP
            using LDAPS or START_TLS.
        'TLS - Keystore Type' - Type of the Keystore that is used when connecting to LDAP using
            LDAPS or START_TLS (i.e. JKS or PKCS12).
        'TLS - Truststore' - Path to the Truststore that is used when connecting to LDAP using LDAPS or START_TLS.
        'TLS - Truststore Password' - Password for the Truststore that is used when connecting to
            LDAP using LDAPS or START_TLS.
        'TLS - Truststore Type' - Type of the Truststore that is used when connecting to LDAP using
            LDAPS or START_TLS (i.e. JKS or PKCS12).
        'TLS - Client Auth' - Client authentication policy when connecting to LDAP using LDAPS or START_TLS.
            Possible values are REQUIRED, WANT, NONE.
        'TLS - Protocol' - Protocol to use when connecting to LDAP using LDAPS or START_TLS. (i.e. TLS,
            TLSv1.1, TLSv1.2, etc).
        'TLS - Shutdown Gracefully' - Specifies whether the TLS should be shut down gracefully
            before the target context is closed. Defaults to false.

        'Referral Strategy' - Strategy for handling referrals. Possible values are FOLLOW, IGNORE, THROW.
        'Connect Timeout' - Duration of connect timeout. (i.e. 10 secs).
        'Read Timeout' - Duration of read timeout. (i.e. 10 secs).

        'Url' - Space-separated list of URLs of the LDAP servers (i.e. ldap://<hostname>:<port>).
        'Page Size' - Sets the page size when retrieving users and groups. If not specified, no paging is performed.
        'Sync Interval' - Duration of time between syncing users and groups (i.e. 30 mins). Minimum allowable value is 10 secs.

        'User Search Base' - Base DN for searching for users (i.e. ou=users,o=nifi). Required to search users.
        'User Object Class' - Object class for identifying users (i.e. person). Required if searching users.
        'User Search Scope' - Search scope for searching users (ONE_LEVEL, OBJECT, or SUBTREE). Required if searching users.
        'User Search Filter' - Filter for searching for users against the 'User Search Base' (i.e. (memberof=cn=team1,ou=groups,o=nifi) ). Optional.
        'User Identity Attribute' - Attribute to use to extract user identity (i.e. cn). Optional. If not set, the entire DN is used.
        'User Group Name Attribute' - Attribute to use to define group membership (i.e. memberof). Optional. If not set
            group membership will not be calculated through the users. Will rely on group membership being defined
            through 'Group Member Attribute' if set. The value of this property is the name of the attribute in the user ldap entry that
            associates them with a group. The value of that user attribute could be a dn or group name for instance. What value is expected
            is configured in the 'User Group Name Attribute - Referenced Group Attribute'.
        'User Group Name Attribute - Referenced Group Attribute' - If blank, the value of the attribute defined in 'User Group Name Attribute'
            is expected to be the full dn of the group. If not blank, this property will define the attribute of the group ldap entry that
            the value of the attribute defined in 'User Group Name Attribute' is referencing (i.e. name). Use of this property requires that
            'Group Search Base' is also configured.

        'Group Search Base' - Base DN for searching for groups (i.e. ou=groups,o=nifi). Required to search groups.
        'Group Object Class' - Object class for identifying groups (i.e. groupOfNames). Required if searching groups.
        'Group Search Scope' - Search scope for searching groups (ONE_LEVEL, OBJECT, or SUBTREE). Required if searching groups.
        'Group Search Filter' - Filter for searching for groups against the 'Group Search Base'. Optional.
        'Group Name Attribute' - Attribute to use to extract group name (i.e. cn). Optional. If not set, the entire DN is used.
        'Group Member Attribute' - Attribute to use to define group membership (i.e. member). Optional. If not set
            group membership will not be calculated through the groups. Will rely on group membership being defined
            through 'User Group Name Attribute' if set. The value of this property is the name of the attribute in the group ldap entry that
            associates them with a user. The value of that group attribute could be a dn or memberUid for instance. What value is expected
            is configured in the 'Group Member Attribute - Referenced User Attribute'. (i.e. member: cn=User 1,ou=users,o=nifi vs. memberUid: user1)
        'Group Member Attribute - Referenced User Attribute' - If blank, the value of the attribute defined in 'Group Member Attribute'
            is expected to be the full dn of the user. If not blank, this property will define the attribute of the user ldap entry that
            the value of the attribute defined in 'Group Member Attribute' is referencing (i.e. uid). Use of this property requires that
            'User Search Base' is also configured. (i.e. member: cn=User 1,ou=users,o=nifi vs. memberUid: user1)

        NOTE: Any identity mapping rules specified in nifi.properties will also be applied to the user identities.
            Group names are not mapped.
    -->
    <!-- To enable the ldap-user-group-provider remove 2 lines. This is 1 of 2.
    <userGroupProvider>
        <identifier>ldap-user-group-provider</identifier>
        <class>org.apache.nifi.ldap.tenants.LdapUserGroupProvider</class>
        <property name="Authentication Strategy">START_TLS</property>

        <property name="Manager DN"></property>
        <property name="Manager Password"></property>

        <property name="TLS - Keystore"></property>
        <property name="TLS - Keystore Password"></property>
        <property name="TLS - Keystore Type"></property>
        <property name="TLS - Truststore"></property>
        <property name="TLS - Truststore Password"></property>
        <property name="TLS - Truststore Type"></property>
        <property name="TLS - Client Auth"></property>
        <property name="TLS - Protocol"></property>
        <property name="TLS - Shutdown Gracefully"></property>

        <property name="Referral Strategy">FOLLOW</property>
        <property name="Connect Timeout">10 secs</property>
        <property name="Read Timeout">10 secs</property>

        <property name="Url"></property>
        <property name="Page Size"></property>
        <property name="Sync Interval">30 mins</property>

        <property name="User Search Base"></property>
        <property name="User Object Class">person</property>
        <property name="User Search Scope">ONE_LEVEL</property>
        <property name="User Search Filter"></property>
        <property name="User Identity Attribute"></property>
        <property name="User Group Name Attribute"></property>
        <property name="User Group Name Attribute - Referenced Group Attribute"></property>

        <property name="Group Search Base"></property>
        <property name="Group Object Class">group</property>
        <property name="Group Search Scope">ONE_LEVEL</property>
        <property name="Group Search Filter"></property>
        <property name="Group Name Attribute"></property>
        <property name="Group Member Attribute"></property>
        <property name="Group Member Attribute - Referenced User Attribute"></property>
    </userGroupProvider>
    To enable the ldap-user-group-provider remove 2 lines. This is 2 of 2. -->

    <!--
        The CompositeUserGroupProvider will provide support for retrieving users and groups from multiple sources.

        - User Group Provider [unique key] - The identifier of user group providers to load from. The name of
            each property must be unique, for example: "User Group Provider A", "User Group Provider B",
            "User Group Provider C" or "User Group Provider 1", "User Group Provider 2", "User Group Provider 3"

            NOTE: Any identity mapping rules specified in nifi.properties are not applied in this implementation. This behavior
            would need to be applied by the base implementation.
    -->
    <!-- To enable the composite-user-group-provider remove 2 lines. This is 1 of 2.
    <userGroupProvider>
        <identifier>composite-user-group-provider</identifier>
        <class>org.apache.nifi.authorization.CompositeUserGroupProvider</class>
        <property name="User Group Provider 1"></property>
    </userGroupProvider>
    To enable the composite-user-group-provider remove 2 lines. This is 2 of 2. -->

    <!--
        The CompositeConfigurableUserGroupProvider will provide support for retrieving users and groups from multiple sources.
        Additionally, a single configurable user group provider is required. Users from the configurable user group provider
        are configurable, however users loaded from one of the User Group Provider [unique key] will not be.

        - Configurable User Group Provider - A configurable user group provider.

        - User Group Provider [unique key] - The identifier of user group providers to load from. The name of
            each property must be unique, for example: "User Group Provider A", "User Group Provider B",
            "User Group Provider C" or "User Group Provider 1", "User Group Provider 2", "User Group Provider 3"

            NOTE: Any identity mapping rules specified in nifi.properties are not applied in this implementation. This behavior
            would need to be applied by the base implementation.
    -->
    <!-- To enable the composite-configurable-user-group-provider remove 2 lines. This is 1 of 2.
    <userGroupProvider>
        <identifier>composite-configurable-user-group-provider</identifier>
        <class>org.apache.nifi.authorization.CompositeConfigurableUserGroupProvider</class>
        <property name="Configurable User Group Provider">file-user-group-provider</property>
        <property name="User Group Provider 1"></property>
    </userGroupProvider>
    To enable the composite-configurable-user-group-provider remove 2 lines. This is 2 of 2. -->

    <!--
        The FileAccessPolicyProvider will provide support for managing access policies which is backed by a file
        on the local file system.

        - User Group Provider - The identifier for an User Group Provider defined above that will be used to access
            users and groups for use in the managed access policies.

        - Authorizations File - The file where the FileAccessPolicyProvider will store policies.

        - Initial Admin Identity - The identity of an initial admin user that will be granted access to the UI and
            given the ability to create additional users, groups, and policies. The value of this property could be
            a DN when using certificates or LDAP, or a Kerberos principal. This property will only be used when there
            are no other policies defined. If this property is specified then a Legacy Authorized Users File can not be specified.

            NOTE: Any identity mapping rules specified in nifi.properties will also be applied to the initial admin identity,
            so the value should be the unmapped identity. This identity must be found in the configured User Group Provider.

        - Legacy Authorized Users File - The full path to an existing authorized-users.xml that will be automatically
            converted to the new authorizations model. If this property is specified then an Initial Admin Identity can
            not be specified, and this property will only be used when there are no other users, groups, and policies defined.

            NOTE: Any users in the legacy users file must be found in the configured User Group Provider.

        - Node Identity [unique key] - The identity of a NiFi cluster node. When clustered, a property for each node
            should be defined, so that every node knows about every other node. If not clustered these properties can be ignored.
            The name of each property must be unique, for example for a three node cluster:
            "Node Identity A", "Node Identity B", "Node Identity C" or "Node Identity 1", "Node Identity 2", "Node Identity 3"

            NOTE: Any identity mapping rules specified in nifi.properties will also be applied to the node identities,
            so the values should be the unmapped identities (i.e. full DN from a certificate). This identity must be found
            in the configured User Group Provider.
    -->
    <accessPolicyProvider>
        <identifier>file-access-policy-provider</identifier>
        <class>org.apache.nifi.authorization.FileAccessPolicyProvider</class>
        <property name="User Group Provider">file-user-group-provider</property>
        <property name="Authorizations File">./conf/authorizations.xml</property>
        <property name="Initial Admin Identity"></property>
        <property name="Legacy Authorized Users File"></property>

        <property name="Node Identity 1"></property>
    </accessPolicyProvider>

    <!--
        The StandardManagedAuthorizer. This authorizer implementation must be configured with the
        Access Policy Provider which it will use to access and manage users, groups, and policies.
        These users, groups, and policies will be used to make all access decisions during authorization
        requests.

        - Access Policy Provider - The identifier for an Access Policy Provider defined above.
    -->
    <authorizer>
        <identifier>managed-authorizer</identifier>
        <class>org.apache.nifi.authorization.StandardManagedAuthorizer</class>
        <property name="Access Policy Provider">file-access-policy-provider</property>
    </authorizer>

    <!--
        NOTE: This Authorizer has been replaced with the more granular approach configured above with the Standard
        Managed Authorizer. However, it is still available for backwards compatibility reasons.

        The FileAuthorizer is NiFi's provided authorizer and has the following properties:

        - Authorizations File - The file where the FileAuthorizer will store policies.

        - Users File - The file where the FileAuthorizer will store users and groups.

        - Initial Admin Identity - The identity of an initial admin user that will be granted access to the UI and
            given the ability to create additional users, groups, and policies. The value of this property could be
            a DN when using certificates or LDAP, or a Kerberos principal. This property will only be used when there
            are no other users, groups, and policies defined. If this property is specified then a Legacy Authorized
            Users File can not be specified.

            NOTE: Any identity mapping rules specified in nifi.properties will also be applied to the initial admin identity,
            so the value should be the unmapped identity.

        - Legacy Authorized Users File - The full path to an existing authorized-users.xml that will be automatically
            converted to the new authorizations model. If this property is specified then an Initial Admin Identity can
            not be specified, and this property will only be used when there are no other users, groups, and policies defined.

        - Node Identity [unique key] - The identity of a NiFi cluster node. When clustered, a property for each node
            should be defined, so that every node knows about every other node. If not clustered these properties can be ignored.
            The name of each property must be unique, for example for a three node cluster:
            "Node Identity A", "Node Identity B", "Node Identity C" or "Node Identity 1", "Node Identity 2", "Node Identity 3"

            NOTE: Any identity mapping rules specified in nifi.properties will also be applied to the node identities,
            so the values should be the unmapped identities (i.e. full DN from a certificate).
    -->
    <!-- <authorizer>
        <identifier>file-provider</identifier>
        <class>org.apache.nifi.authorization.FileAuthorizer</class>
        <property name="Authorizations File">./conf/authorizations.xml</property>
        <property name="Users File">./conf/users.xml</property>
        <property name="Initial Admin Identity"></property>
        <property name="Legacy Authorized Users File"></property>

        <property name="Node Identity 1"></property>
    </authorizer>
    -->
</authorizers>
[main] INFO org.apache.nifi.properties.ConfigEncryptionTool - No unencrypted password property elements found in authorizers.xml
[main] INFO org.apache.nifi.properties.ConfigEncryptionToolTest - Encrypted lines: 
<?xml version="1.0" encoding="UTF-8" standalone="yes"?>
<!--
  Licensed to the Apache Software Foundation (ASF) under one or more
  contributor license agreements.  See the NOTICE file distributed with
  this work for additional information regarding copyright ownership.
  The ASF licenses this file to You under the Apache License, Version 2.0
  (the "License"); you may not use this file except in compliance with
  the License.  You may obtain a copy of the License at
      http://www.apache.org/licenses/LICENSE-2.0
  Unless required by applicable law or agreed to in writing, software
  distributed under the License is distributed on an "AS IS" BASIS,
  WITHOUT WARRANTIES OR CONDITIONS OF ANY KIND, either express or implied.
  See the License for the specific language governing permissions and
  limitations under the License.
-->
<!--
    This file lists the userGroupProviders, accessPolicyProviders, and authorizers to use when running securely. In order
    to use a specific authorizer it must be configured here and it's identifier must be specified in the nifi.properties file.
    If the authorizer is a managedAuthorizer, it may need to be configured with an accessPolicyProvider and an userGroupProvider.
    This file allows for configuration of them, but they must be configured in order:

    ...
    all userGroupProviders
    all accessPolicyProviders
    all Authorizers
    ...
-->
<authorizers>

    <!--
        The FileUserGroupProvider will provide support for managing users and groups which is backed by a file
        on the local file system.

        - Users File - The file where the FileUserGroupProvider will store users and groups.

        - Legacy Authorized Users File - The full path to an existing authorized-users.xml that will be automatically
            be used to load the users and groups into the Users File.

        - Initial User Identity [unique key] - The identity of a users and systems to seed the Users File. The name of
            each property must be unique, for example: "Initial User Identity A", "Initial User Identity B",
            "Initial User Identity C" or "Initial User Identity 1", "Initial User Identity 2", "Initial User Identity 3"

            NOTE: Any identity mapping rules specified in nifi.properties will also be applied to the user identities,
            so the values should be the unmapped identities (i.e. full DN from a certificate).
    -->
    <userGroupProvider>
        <identifier>file-user-group-provider</identifier>
        <class>org.apache.nifi.authorization.FileUserGroupProvider</class>
        <property name="Users File">./conf/users.xml</property>
        <property name="Legacy Authorized Users File"></property>

        <property name="Initial User Identity 1"></property>
    </userGroupProvider>

    <!--
        The LdapUserGroupProvider will retrieve users and groups from an LDAP server. The users and groups
        are not configurable.

        'Authentication Strategy' - How the connection to the LDAP server is authenticated. Possible
            values are ANONYMOUS, SIMPLE, LDAPS, or START_TLS.

        'Manager DN' - The DN of the manager that is used to bind to the LDAP server to search for users.
        'Manager Password' - The password of the manager that is used to bind to the LDAP server to
            search for users.

        'TLS - Keystore' - Path to the Keystore that is used when connecting to LDAP using LDAPS or START_TLS.
        'TLS - Keystore Password' - Password for the Keystore that is used when connecting to LDAP
            using LDAPS or START_TLS.
        'TLS - Keystore Type' - Type of the Keystore that is used when connecting to LDAP using
            LDAPS or START_TLS (i.e. JKS or PKCS12).
        'TLS - Truststore' - Path to the Truststore that is used when connecting to LDAP using LDAPS or START_TLS.
        'TLS - Truststore Password' - Password for the Truststore that is used when connecting to
            LDAP using LDAPS or START_TLS.
        'TLS - Truststore Type' - Type of the Truststore that is used when connecting to LDAP using
            LDAPS or START_TLS (i.e. JKS or PKCS12).
        'TLS - Client Auth' - Client authentication policy when connecting to LDAP using LDAPS or START_TLS.
            Possible values are REQUIRED, WANT, NONE.
        'TLS - Protocol' - Protocol to use when connecting to LDAP using LDAPS or START_TLS. (i.e. TLS,
            TLSv1.1, TLSv1.2, etc).
        'TLS - Shutdown Gracefully' - Specifies whether the TLS should be shut down gracefully
            before the target context is closed. Defaults to false.

        'Referral Strategy' - Strategy for handling referrals. Possible values are FOLLOW, IGNORE, THROW.
        'Connect Timeout' - Duration of connect timeout. (i.e. 10 secs).
        'Read Timeout' - Duration of read timeout. (i.e. 10 secs).

        'Url' - Space-separated list of URLs of the LDAP servers (i.e. ldap://<hostname>:<port>).
        'Page Size' - Sets the page size when retrieving users and groups. If not specified, no paging is performed.
        'Sync Interval' - Duration of time between syncing users and groups (i.e. 30 mins). Minimum allowable value is 10 secs.

        'User Search Base' - Base DN for searching for users (i.e. ou=users,o=nifi). Required to search users.
        'User Object Class' - Object class for identifying users (i.e. person). Required if searching users.
        'User Search Scope' - Search scope for searching users (ONE_LEVEL, OBJECT, or SUBTREE). Required if searching users.
        'User Search Filter' - Filter for searching for users against the 'User Search Base' (i.e. (memberof=cn=team1,ou=groups,o=nifi) ). Optional.
        'User Identity Attribute' - Attribute to use to extract user identity (i.e. cn). Optional. If not set, the entire DN is used.
        'User Group Name Attribute' - Attribute to use to define group membership (i.e. memberof). Optional. If not set
            group membership will not be calculated through the users. Will rely on group membership being defined
            through 'Group Member Attribute' if set. The value of this property is the name of the attribute in the user ldap entry that
            associates them with a group. The value of that user attribute could be a dn or group name for instance. What value is expected
            is configured in the 'User Group Name Attribute - Referenced Group Attribute'.
        'User Group Name Attribute - Referenced Group Attribute' - If blank, the value of the attribute defined in 'User Group Name Attribute'
            is expected to be the full dn of the group. If not blank, this property will define the attribute of the group ldap entry that
            the value of the attribute defined in 'User Group Name Attribute' is referencing (i.e. name). Use of this property requires that
            'Group Search Base' is also configured.

        'Group Search Base' - Base DN for searching for groups (i.e. ou=groups,o=nifi). Required to search groups.
        'Group Object Class' - Object class for identifying groups (i.e. groupOfNames). Required if searching groups.
        'Group Search Scope' - Search scope for searching groups (ONE_LEVEL, OBJECT, or SUBTREE). Required if searching groups.
        'Group Search Filter' - Filter for searching for groups against the 'Group Search Base'. Optional.
        'Group Name Attribute' - Attribute to use to extract group name (i.e. cn). Optional. If not set, the entire DN is used.
        'Group Member Attribute' - Attribute to use to define group membership (i.e. member). Optional. If not set
            group membership will not be calculated through the groups. Will rely on group membership being defined
            through 'User Group Name Attribute' if set. The value of this property is the name of the attribute in the group ldap entry that
            associates them with a user. The value of that group attribute could be a dn or memberUid for instance. What value is expected
            is configured in the 'Group Member Attribute - Referenced User Attribute'. (i.e. member: cn=User 1,ou=users,o=nifi vs. memberUid: user1)
        'Group Member Attribute - Referenced User Attribute' - If blank, the value of the attribute defined in 'Group Member Attribute'
            is expected to be the full dn of the user. If not blank, this property will define the attribute of the user ldap entry that
            the value of the attribute defined in 'Group Member Attribute' is referencing (i.e. uid). Use of this property requires that
            'User Search Base' is also configured. (i.e. member: cn=User 1,ou=users,o=nifi vs. memberUid: user1)

        NOTE: Any identity mapping rules specified in nifi.properties will also be applied to the user identities.
            Group names are not mapped.
    -->
    <!-- To enable the ldap-user-group-provider remove 2 lines. This is 1 of 2.
    <userGroupProvider>
        <identifier>ldap-user-group-provider</identifier>
        <class>org.apache.nifi.ldap.tenants.LdapUserGroupProvider</class>
        <property name="Authentication Strategy">START_TLS</property>

        <property name="Manager DN"></property>
        <property name="Manager Password"></property>

        <property name="TLS - Keystore"></property>
        <property name="TLS - Keystore Password"></property>
        <property name="TLS - Keystore Type"></property>
        <property name="TLS - Truststore"></property>
        <property name="TLS - Truststore Password"></property>
        <property name="TLS - Truststore Type"></property>
        <property name="TLS - Client Auth"></property>
        <property name="TLS - Protocol"></property>
        <property name="TLS - Shutdown Gracefully"></property>

        <property name="Referral Strategy">FOLLOW</property>
        <property name="Connect Timeout">10 secs</property>
        <property name="Read Timeout">10 secs</property>

        <property name="Url"></property>
        <property name="Page Size"></property>
        <property name="Sync Interval">30 mins</property>

        <property name="User Search Base"></property>
        <property name="User Object Class">person</property>
        <property name="User Search Scope">ONE_LEVEL</property>
        <property name="User Search Filter"></property>
        <property name="User Identity Attribute"></property>
        <property name="User Group Name Attribute"></property>
        <property name="User Group Name Attribute - Referenced Group Attribute"></property>

        <property name="Group Search Base"></property>
        <property name="Group Object Class">group</property>
        <property name="Group Search Scope">ONE_LEVEL</property>
        <property name="Group Search Filter"></property>
        <property name="Group Name Attribute"></property>
        <property name="Group Member Attribute"></property>
        <property name="Group Member Attribute - Referenced User Attribute"></property>
    </userGroupProvider>
    To enable the ldap-user-group-provider remove 2 lines. This is 2 of 2. -->

    <!--
        The CompositeUserGroupProvider will provide support for retrieving users and groups from multiple sources.

        - User Group Provider [unique key] - The identifier of user group providers to load from. The name of
            each property must be unique, for example: "User Group Provider A", "User Group Provider B",
            "User Group Provider C" or "User Group Provider 1", "User Group Provider 2", "User Group Provider 3"

            NOTE: Any identity mapping rules specified in nifi.properties are not applied in this implementation. This behavior
            would need to be applied by the base implementation.
    -->
    <!-- To enable the composite-user-group-provider remove 2 lines. This is 1 of 2.
    <userGroupProvider>
        <identifier>composite-user-group-provider</identifier>
        <class>org.apache.nifi.authorization.CompositeUserGroupProvider</class>
        <property name="User Group Provider 1"></property>
    </userGroupProvider>
    To enable the composite-user-group-provider remove 2 lines. This is 2 of 2. -->

    <!--
        The CompositeConfigurableUserGroupProvider will provide support for retrieving users and groups from multiple sources.
        Additionally, a single configurable user group provider is required. Users from the configurable user group provider
        are configurable, however users loaded from one of the User Group Provider [unique key] will not be.

        - Configurable User Group Provider - A configurable user group provider.

        - User Group Provider [unique key] - The identifier of user group providers to load from. The name of
            each property must be unique, for example: "User Group Provider A", "User Group Provider B",
            "User Group Provider C" or "User Group Provider 1", "User Group Provider 2", "User Group Provider 3"

            NOTE: Any identity mapping rules specified in nifi.properties are not applied in this implementation. This behavior
            would need to be applied by the base implementation.
    -->
    <!-- To enable the composite-configurable-user-group-provider remove 2 lines. This is 1 of 2.
    <userGroupProvider>
        <identifier>composite-configurable-user-group-provider</identifier>
        <class>org.apache.nifi.authorization.CompositeConfigurableUserGroupProvider</class>
        <property name="Configurable User Group Provider">file-user-group-provider</property>
        <property name="User Group Provider 1"></property>
    </userGroupProvider>
    To enable the composite-configurable-user-group-provider remove 2 lines. This is 2 of 2. -->

    <!--
        The FileAccessPolicyProvider will provide support for managing access policies which is backed by a file
        on the local file system.

        - User Group Provider - The identifier for an User Group Provider defined above that will be used to access
            users and groups for use in the managed access policies.

        - Authorizations File - The file where the FileAccessPolicyProvider will store policies.

        - Initial Admin Identity - The identity of an initial admin user that will be granted access to the UI and
            given the ability to create additional users, groups, and policies. The value of this property could be
            a DN when using certificates or LDAP, or a Kerberos principal. This property will only be used when there
            are no other policies defined. If this property is specified then a Legacy Authorized Users File can not be specified.

            NOTE: Any identity mapping rules specified in nifi.properties will also be applied to the initial admin identity,
            so the value should be the unmapped identity. This identity must be found in the configured User Group Provider.

        - Legacy Authorized Users File - The full path to an existing authorized-users.xml that will be automatically
            converted to the new authorizations model. If this property is specified then an Initial Admin Identity can
            not be specified, and this property will only be used when there are no other users, groups, and policies defined.

            NOTE: Any users in the legacy users file must be found in the configured User Group Provider.

        - Node Identity [unique key] - The identity of a NiFi cluster node. When clustered, a property for each node
            should be defined, so that every node knows about every other node. If not clustered these properties can be ignored.
            The name of each property must be unique, for example for a three node cluster:
            "Node Identity A", "Node Identity B", "Node Identity C" or "Node Identity 1", "Node Identity 2", "Node Identity 3"

            NOTE: Any identity mapping rules specified in nifi.properties will also be applied to the node identities,
            so the values should be the unmapped identities (i.e. full DN from a certificate). This identity must be found
            in the configured User Group Provider.
    -->
    <accessPolicyProvider>
        <identifier>file-access-policy-provider</identifier>
        <class>org.apache.nifi.authorization.FileAccessPolicyProvider</class>
        <property name="User Group Provider">file-user-group-provider</property>
        <property name="Authorizations File">./conf/authorizations.xml</property>
        <property name="Initial Admin Identity"></property>
        <property name="Legacy Authorized Users File"></property>

        <property name="Node Identity 1"></property>
    </accessPolicyProvider>

    <!--
        The StandardManagedAuthorizer. This authorizer implementation must be configured with the
        Access Policy Provider which it will use to access and manage users, groups, and policies.
        These users, groups, and policies will be used to make all access decisions during authorization
        requests.

        - Access Policy Provider - The identifier for an Access Policy Provider defined above.
    -->
    <authorizer>
        <identifier>managed-authorizer</identifier>
        <class>org.apache.nifi.authorization.StandardManagedAuthorizer</class>
        <property name="Access Policy Provider">file-access-policy-provider</property>
    </authorizer>

    <!--
        NOTE: This Authorizer has been replaced with the more granular approach configured above with the Standard
        Managed Authorizer. However, it is still available for backwards compatibility reasons.

        The FileAuthorizer is NiFi's provided authorizer and has the following properties:

        - Authorizations File - The file where the FileAuthorizer will store policies.

        - Users File - The file where the FileAuthorizer will store users and groups.

        - Initial Admin Identity - The identity of an initial admin user that will be granted access to the UI and
            given the ability to create additional users, groups, and policies. The value of this property could be
            a DN when using certificates or LDAP, or a Kerberos principal. This property will only be used when there
            are no other users, groups, and policies defined. If this property is specified then a Legacy Authorized
            Users File can not be specified.

            NOTE: Any identity mapping rules specified in nifi.properties will also be applied to the initial admin identity,
            so the value should be the unmapped identity.

        - Legacy Authorized Users File - The full path to an existing authorized-users.xml that will be automatically
            converted to the new authorizations model. If this property is specified then an Initial Admin Identity can
            not be specified, and this property will only be used when there are no other users, groups, and policies defined.

        - Node Identity [unique key] - The identity of a NiFi cluster node. When clustered, a property for each node
            should be defined, so that every node knows about every other node. If not clustered these properties can be ignored.
            The name of each property must be unique, for example for a three node cluster:
            "Node Identity A", "Node Identity B", "Node Identity C" or "Node Identity 1", "Node Identity 2", "Node Identity 3"

            NOTE: Any identity mapping rules specified in nifi.properties will also be applied to the node identities,
            so the values should be the unmapped identities (i.e. full DN from a certificate).
    -->
    <!-- <authorizer>
        <identifier>file-provider</identifier>
        <class>org.apache.nifi.authorization.FileAuthorizer</class>
        <property name="Authorizations File">./conf/authorizations.xml</property>
        <property name="Users File">./conf/users.xml</property>
        <property name="Initial Admin Identity"></property>
        <property name="Legacy Authorized Users File"></property>

        <property name="Node Identity 1"></property>
    </authorizer>
    -->
</authorizers>
]]></system-err>
  </testcase>
  <testcase name="testHandleFlowXmlMigrationWithIncorrectExistingPasswordShouldProvideHelpfulErrorMessage" classname="org.apache.nifi.properties.ConfigEncryptionToolTest" time="0.034">
    <system-out><![CDATA[Encountered an error migrating flow content

usage: org.apache.nifi.properties.ConfigEncryptionTool [-h] [-v] [-n <file>] [-o <file>] [-l <file>] [-i <file>] [-a <file>] [-u <file>] [-f <file>] [-g <file>]
       [-b <file>] [-S <protectionScheme>] [-k <keyhex>] [-e <keyhex>] [-H <protectionScheme>] [-p <password>] [-w <password>] [-r] [-m] [-x] [-s
       <password|keyhex>] [-A <algorithm>] [-P <algorithm>] [-c]

This tool reads from a nifi.properties and/or login-identity-providers.xml file with plain sensitive configuration values, prompts the user for a root key, and
encrypts each value. It will replace the plain value with the protected value in the same file (or write to a new file if specified). It can also be used to
migrate already-encrypted values in those files or in flow.xml.gz to be encrypted with a new key.

 -h,--help                                     Show usage information (this message)
 -v,--verbose                                  Sets verbose mode (default false)
 -n,--niFiProperties <file>                    The nifi.properties file containing unprotected config values (will be overwritten unless -o is specified)
 -o,--outputNiFiProperties <file>              The destination nifi.properties file containing protected config values (will not modify input nifi.properties)
 -l,--loginIdentityProviders <file>            The login-identity-providers.xml file containing unprotected config values (will be overwritten unless -i is
                                               specified)
 -i,--outputLoginIdentityProviders <file>      The destination login-identity-providers.xml file containing protected config values (will not modify input
                                               login-identity-providers.xml)
 -a,--authorizers <file>                       The authorizers.xml file containing unprotected config values (will be overwritten unless -u is specified)
 -u,--outputAuthorizers <file>                 The destination authorizers.xml file containing protected config values (will not modify input authorizers.xml)
 -f,--flowXml <file>                           The flow.xml.gz file currently protected with old password (will be overwritten unless -g is specified)
 -g,--outputFlowXml <file>                     The destination flow.xml.gz file containing protected config values (will not modify input flow.xml.gz)
 -b,--bootstrapConf <file>                     The bootstrap.conf file to persist root key and to optionally provide any configuration for the protection
                                               scheme.
 -S,--protectionScheme <protectionScheme>      Selects the protection scheme for encrypted properties.  Valid values are: [AES_GCM, AWS_SECRETSMANAGER, AWS_KMS,
                                               AZURE_KEYVAULT_KEY, AZURE_KEYVAULT_SECRET, GCP_KMS, HASHICORP_VAULT_KV, HASHICORP_VAULT_TRANSIT] (default is
                                               AES_GCM)
 -k,--key <keyhex>                             The raw hexadecimal key to use to encrypt the sensitive properties
 -e,--oldKey <keyhex>                          The old raw hexadecimal key to use during key migration
 -H,--oldProtectionScheme <protectionScheme>   The old protection scheme to use during encryption migration (see --protectionScheme for possible values).
                                               Default is AES_GCM
 -p,--password <password>                      The password from which to derive the key to use to encrypt the sensitive properties
 -w,--oldPassword <password>                   The old password from which to derive the key during migration
 -r,--useRawKey                                If provided, the secure console will prompt for the raw key value in hexadecimal form
 -m,--migrate                                  If provided, the nifi.properties and/or login-identity-providers.xml sensitive properties will be re-encrypted
                                               with the new scheme
 -x,--encryptFlowXmlOnly                       If provided, the properties in flow.xml.gz will be re-encrypted with a new key but the nifi.properties and/or
                                               login-identity-providers.xml files will not be modified
 -s,--propsKey <password|keyhex>               The password or key to use to encrypt the sensitive processor properties in flow.xml.gz
 -A,--newFlowAlgorithm <algorithm>             The algorithm to use to encrypt the sensitive processor properties in flow.xml.gz
 -P,--newFlowProvider <algorithm>              The security provider to use to encrypt the sensitive processor properties in flow.xml.gz
 -c,--translateCli                             Translates the nifi.properties file to a format suitable for the NiFi CLI tool

Java home: null
NiFi Toolkit home: null
]]></system-out>
    <system-err><![CDATA[[main] INFO org.apache.nifi.properties.ConfigEncryptionTool - Migrating flow.xml file at target/tmp/tmp-flow.xml.gz. This could take a while if the flow XML is very large.
[main] ERROR org.apache.nifi.properties.ConfigEncryptionTool - Encountered an error: null
[main] ERROR org.apache.nifi.properties.ConfigEncryptionTool - Exception: 
java.lang.NullPointerException
	at java.nio.file.Paths.get(Paths.java:132)
	at java_nio_file_Paths$get.call(Unknown Source)
	at org.codehaus.groovy.runtime.callsite.CallSiteArray.defaultCall(CallSiteArray.java:47)
	at org.codehaus.groovy.runtime.callsite.StaticMetaMethodSite.call(StaticMetaMethodSite.java:94)
	at org.codehaus.groovy.runtime.callsite.AbstractCallSite.call(AbstractCallSite.java:127)
	at org.apache.nifi.properties.ConfigEncryptionTool.getTemporaryFlowXmlFile(ConfigEncryptionTool.groovy:755)
	at org.apache.nifi.properties.ConfigEncryptionTool.migrateFlowXmlContent(ConfigEncryptionTool.groovy:721)
	at sun.reflect.NativeMethodAccessorImpl.invoke0(Native Method)
	at sun.reflect.NativeMethodAccessorImpl.invoke(NativeMethodAccessorImpl.java:62)
	at sun.reflect.DelegatingMethodAccessorImpl.invoke(DelegatingMethodAccessorImpl.java:43)
	at java.lang.reflect.Method.invoke(Method.java:498)
	at org.codehaus.groovy.runtime.callsite.PlainObjectMetaMethodSite.doInvoke(PlainObjectMetaMethodSite.java:43)
	at org.codehaus.groovy.runtime.callsite.PogoMetaMethodSite$PogoCachedMethodSiteNoUnwrapNoCoerce.invoke(PogoMetaMethodSite.java:190)
	at org.codehaus.groovy.runtime.callsite.PogoMetaMethodSite.callCurrent(PogoMetaMethodSite.java:58)
	at org.codehaus.groovy.runtime.callsite.CallSiteArray.defaultCallCurrent(CallSiteArray.java:51)
	at org.codehaus.groovy.runtime.callsite.PogoMetaMethodSite.callCurrent(PogoMetaMethodSite.java:63)
	at org.apache.nifi.properties.ConfigEncryptionTool.handleFlowXml(ConfigEncryptionTool.groovy:1525)
	at org.apache.nifi.properties.ConfigEncryptionTool.handleFlowXml(ConfigEncryptionTool.groovy)
	at org.apache.nifi.properties.ConfigEncryptionTool$handleFlowXml$10.call(Unknown Source)
	at org.codehaus.groovy.runtime.callsite.CallSiteArray.defaultCall(CallSiteArray.java:47)
	at org.codehaus.groovy.runtime.callsite.AbstractCallSite.call(AbstractCallSite.java:115)
	at org.codehaus.groovy.runtime.callsite.AbstractCallSite.call(AbstractCallSite.java:119)
	at org.apache.nifi.properties.ConfigEncryptionToolTest$_testHandleFlowXmlMigrationWithIncorrectExistingPasswordShouldProvideHelpfulErrorMessage_closure170.doCall(ConfigEncryptionToolTest.groovy:4244)
	at org.apache.nifi.properties.ConfigEncryptionToolTest$_testHandleFlowXmlMigrationWithIncorrectExistingPasswordShouldProvideHelpfulErrorMessage_closure170.doCall(ConfigEncryptionToolTest.groovy)
	at sun.reflect.NativeMethodAccessorImpl.invoke0(Native Method)
	at sun.reflect.NativeMethodAccessorImpl.invoke(NativeMethodAccessorImpl.java:62)
	at sun.reflect.DelegatingMethodAccessorImpl.invoke(DelegatingMethodAccessorImpl.java:43)
	at java.lang.reflect.Method.invoke(Method.java:498)
	at org.codehaus.groovy.reflection.CachedMethod.invoke(CachedMethod.java:101)
	at groovy.lang.MetaMethod.doMethodInvoke(MetaMethod.java:323)
	at org.codehaus.groovy.runtime.metaclass.ClosureMetaClass.invokeMethod(ClosureMetaClass.java:263)
	at groovy.lang.MetaClassImpl.invokeMethod(MetaClassImpl.java:1041)
	at groovy.lang.Closure.call(Closure.java:405)
	at groovy.lang.Closure.call(Closure.java:399)
	at groovy.test.GroovyAssert.shouldFail(GroovyAssert.java:118)
	at groovy.util.GroovyTestCase.shouldFail(GroovyTestCase.java:216)
	at sun.reflect.NativeMethodAccessorImpl.invoke0(Native Method)
	at sun.reflect.NativeMethodAccessorImpl.invoke(NativeMethodAccessorImpl.java:62)
	at sun.reflect.DelegatingMethodAccessorImpl.invoke(DelegatingMethodAccessorImpl.java:43)
	at java.lang.reflect.Method.invoke(Method.java:498)
	at org.codehaus.groovy.runtime.callsite.PlainObjectMetaMethodSite.doInvoke(PlainObjectMetaMethodSite.java:43)
	at org.codehaus.groovy.runtime.callsite.PogoMetaMethodSite$PogoCachedMethodSiteNoUnwrapNoCoerce.invoke(PogoMetaMethodSite.java:190)
	at org.codehaus.groovy.runtime.callsite.PogoMetaMethodSite.callCurrent(PogoMetaMethodSite.java:58)
	at org.codehaus.groovy.runtime.callsite.CallSiteArray.defaultCallCurrent(CallSiteArray.java:51)
	at org.codehaus.groovy.runtime.callsite.AbstractCallSite.callCurrent(AbstractCallSite.java:156)
	at org.codehaus.groovy.runtime.callsite.AbstractCallSite.callCurrent(AbstractCallSite.java:176)
	at org.apache.nifi.properties.ConfigEncryptionToolTest.testHandleFlowXmlMigrationWithIncorrectExistingPasswordShouldProvideHelpfulErrorMessage(ConfigEncryptionToolTest.groovy:4243)
	at sun.reflect.NativeMethodAccessorImpl.invoke0(Native Method)
	at sun.reflect.NativeMethodAccessorImpl.invoke(NativeMethodAccessorImpl.java:62)
	at sun.reflect.DelegatingMethodAccessorImpl.invoke(DelegatingMethodAccessorImpl.java:43)
	at java.lang.reflect.Method.invoke(Method.java:498)
	at org.junit.runners.model.FrameworkMethod$1.runReflectiveCall(FrameworkMethod.java:59)
	at org.junit.internal.runners.model.ReflectiveCallable.run(ReflectiveCallable.java:12)
	at org.junit.runners.model.FrameworkMethod.invokeExplosively(FrameworkMethod.java:56)
	at org.junit.internal.runners.statements.InvokeMethod.evaluate(InvokeMethod.java:17)
	at org.junit.internal.runners.statements.RunAfters.evaluate(RunAfters.java:27)
	at org.junit.contrib.java.lang.system.ExpectedSystemExit$1.evaluate(ExpectedSystemExit.java:130)
	at org.junit.rules.ExternalResource$1.evaluate(ExternalResource.java:54)
	at org.junit.contrib.java.lang.system.internal.LogPrintStream$1$1.evaluate(LogPrintStream.java:30)
	at org.junit.contrib.java.lang.system.internal.PrintStreamHandler$3.evaluate(PrintStreamHandler.java:48)
	at org.junit.contrib.java.lang.system.internal.LogPrintStream$1.evaluate(LogPrintStream.java:26)
	at org.junit.contrib.java.lang.system.internal.LogPrintStream$1$1.evaluate(LogPrintStream.java:30)
	at org.junit.contrib.java.lang.system.internal.PrintStreamHandler$3.evaluate(PrintStreamHandler.java:48)
	at org.junit.contrib.java.lang.system.internal.LogPrintStream$1.evaluate(LogPrintStream.java:26)
	at org.junit.runners.ParentRunner$3.evaluate(ParentRunner.java:306)
	at org.junit.runners.BlockJUnit4ClassRunner$1.evaluate(BlockJUnit4ClassRunner.java:100)
	at org.junit.runners.ParentRunner.runLeaf(ParentRunner.java:366)
	at org.junit.runners.BlockJUnit4ClassRunner.runChild(BlockJUnit4ClassRunner.java:103)
	at org.junit.runners.BlockJUnit4ClassRunner.runChild(BlockJUnit4ClassRunner.java:63)
	at org.junit.runners.ParentRunner$4.run(ParentRunner.java:331)
	at org.junit.runners.ParentRunner$1.schedule(ParentRunner.java:79)
	at org.junit.runners.ParentRunner.runChildren(ParentRunner.java:329)
	at org.junit.runners.ParentRunner.access$100(ParentRunner.java:66)
	at org.junit.runners.ParentRunner$2.evaluate(ParentRunner.java:293)
	at org.junit.internal.runners.statements.RunBefores.evaluate(RunBefores.java:26)
	at org.junit.internal.runners.statements.RunAfters.evaluate(RunAfters.java:27)
	at org.junit.runners.ParentRunner$3.evaluate(ParentRunner.java:306)
	at org.junit.runners.ParentRunner.run(ParentRunner.java:413)
	at org.junit.runner.JUnitCore.run(JUnitCore.java:137)
	at org.junit.runner.JUnitCore.run(JUnitCore.java:115)
	at org.junit.vintage.engine.execution.RunnerExecutor.execute(RunnerExecutor.java:43)
	at java.util.stream.ForEachOps$ForEachOp$OfRef.accept(ForEachOps.java:183)
	at java.util.stream.ReferencePipeline$3$1.accept(ReferencePipeline.java:193)
	at java.util.Iterator.forEachRemaining(Iterator.java:116)
	at java.util.Spliterators$IteratorSpliterator.forEachRemaining(Spliterators.java:1801)
	at java.util.stream.AbstractPipeline.copyInto(AbstractPipeline.java:482)
	at java.util.stream.AbstractPipeline.wrapAndCopyInto(AbstractPipeline.java:472)
	at java.util.stream.ForEachOps$ForEachOp.evaluateSequential(ForEachOps.java:150)
	at java.util.stream.ForEachOps$ForEachOp$OfRef.evaluateSequential(ForEachOps.java:173)
	at java.util.stream.AbstractPipeline.evaluate(AbstractPipeline.java:234)
	at java.util.stream.ReferencePipeline.forEach(ReferencePipeline.java:485)
	at org.junit.vintage.engine.VintageTestEngine.executeAllChildren(VintageTestEngine.java:82)
	at org.junit.vintage.engine.VintageTestEngine.execute(VintageTestEngine.java:73)
	at org.junit.platform.launcher.core.EngineExecutionOrchestrator.execute(EngineExecutionOrchestrator.java:108)
	at org.junit.platform.launcher.core.EngineExecutionOrchestrator.execute(EngineExecutionOrchestrator.java:88)
	at org.junit.platform.launcher.core.EngineExecutionOrchestrator.lambda$execute$0(EngineExecutionOrchestrator.java:54)
	at org.junit.platform.launcher.core.EngineExecutionOrchestrator.withInterceptedStreams(EngineExecutionOrchestrator.java:67)
	at org.junit.platform.launcher.core.EngineExecutionOrchestrator.execute(EngineExecutionOrchestrator.java:52)
	at org.junit.platform.launcher.core.DefaultLauncher.execute(DefaultLauncher.java:96)
	at org.junit.platform.launcher.core.DefaultLauncher.execute(DefaultLauncher.java:75)
	at org.apache.maven.surefire.junitplatform.JUnitPlatformProvider.execute(JUnitPlatformProvider.java:188)
	at org.apache.maven.surefire.junitplatform.JUnitPlatformProvider.invokeAllTests(JUnitPlatformProvider.java:154)
	at org.apache.maven.surefire.junitplatform.JUnitPlatformProvider.invoke(JUnitPlatformProvider.java:128)
	at org.apache.maven.surefire.booter.ForkedBooter.runSuitesInProcess(ForkedBooter.java:428)
	at org.apache.maven.surefire.booter.ForkedBooter.execute(ForkedBooter.java:162)
	at org.apache.maven.surefire.booter.ForkedBooter.run(ForkedBooter.java:562)
	at org.apache.maven.surefire.booter.ForkedBooter.main(ForkedBooter.java:548)
[main] INFO org.apache.nifi.properties.ConfigEncryptionToolTest - [EXPECTED] Encountered an error migrating flow content
]]></system-err>
  </testcase>
  <testcase name="testShouldEncryptAuthorizersWithMultipleElementsPerLine" classname="org.apache.nifi.properties.ConfigEncryptionToolTest" time="0.074">
    <system-err><![CDATA[[main] INFO org.apache.nifi.properties.ConfigEncryptionToolTest - Read lines: 
<?xml version="1.0" encoding="UTF-8" standalone="yes"?>
<!--
  Licensed to the Apache Software Foundation (ASF) under one or more
  contributor license agreements.  See the NOTICE file distributed with
  this work for additional information regarding copyright ownership.
  The ASF licenses this file to You under the Apache License, Version 2.0
  (the "License"); you may not use this file except in compliance with
  the License.  You may obtain a copy of the License at
      http://www.apache.org/licenses/LICENSE-2.0
  Unless required by applicable law or agreed to in writing, software
  distributed under the License is distributed on an "AS IS" BASIS,
  WITHOUT WARRANTIES OR CONDITIONS OF ANY KIND, either express or implied.
  See the License for the specific language governing permissions and
  limitations under the License.
-->
<!--
    This file lists the userGroupProviders, accessPolicyProviders, and authorizers to use when running securely. In order
    to use a specific authorizer it must be configured here and it's identifier must be specified in the nifi.properties file.
    If the authorizer is a managedAuthorizer, it may need to be configured with an accessPolicyProvider and an userGroupProvider.
    This file allows for configuration of them, but they must be configured in order:

    ...
    all userGroupProviders
    all accessPolicyProviders
    all Authorizers
    ...
-->
<authorizers>

    <!--
        The FileUserGroupProvider will provide support for managing users and groups which is backed by a file
        on the local file system.

        - Users File - The file where the FileUserGroupProvider will store users and groups.

        - Legacy Authorized Users File - The full path to an existing authorized-users.xml that will be automatically
            be used to load the users and groups into the Users File.

        - Initial User Identity [unique key] - The identity of a users and systems to seed the Users File. The name of
            each property must be unique, for example: "Initial User Identity A", "Initial User Identity B",
            "Initial User Identity C" or "Initial User Identity 1", "Initial User Identity 2", "Initial User Identity 3"

            NOTE: Any identity mapping rules specified in nifi.properties will also be applied to the user identities,
            so the values should be the unmapped identities (i.e. full DN from a certificate).
    -->
    <!--
    <userGroupProvider>
        <identifier>file-user-group-provider</identifier>
        <class>org.apache.nifi.authorization.FileUserGroupProvider</class>
        <property name="Users File">./conf/users.xml</property>
        <property name="Legacy Authorized Users File"></property>

        <property name="Initial User Identity 1"></property>
    </userGroupProvider>
    -->

    <!--
        The LdapUserGroupProvider will retrieve users and groups from an LDAP server. The users and groups
        are not configurable.

        'Authentication Strategy' - How the connection to the LDAP server is authenticated. Possible
            values are ANONYMOUS, SIMPLE, LDAPS, or START_TLS.

        'Manager DN' - The DN of the manager that is used to bind to the LDAP server to search for users.
        'Manager Password' - The password of the manager that is used to bind to the LDAP server to
            search for users.

        'TLS - Keystore' - Path to the Keystore that is used when connecting to LDAP using LDAPS or START_TLS.
        'TLS - Keystore Password' - Password for the Keystore that is used when connecting to LDAP
            using LDAPS or START_TLS.
        'TLS - Keystore Type' - Type of the Keystore that is used when connecting to LDAP using
            LDAPS or START_TLS (i.e. JKS or PKCS12).
        'TLS - Truststore' - Path to the Truststore that is used when connecting to LDAP using LDAPS or START_TLS.
        'TLS - Truststore Password' - Password for the Truststore that is used when connecting to
            LDAP using LDAPS or START_TLS.
        'TLS - Truststore Type' - Type of the Truststore that is used when connecting to LDAP using
            LDAPS or START_TLS (i.e. JKS or PKCS12).
        'TLS - Client Auth' - Client authentication policy when connecting to LDAP using LDAPS or START_TLS.
            Possible values are REQUIRED, WANT, NONE.
        'TLS - Protocol' - Protocol to use when connecting to LDAP using LDAPS or START_TLS. (i.e. TLS,
            TLSv1.1, TLSv1.2, etc).
        'TLS - Shutdown Gracefully' - Specifies whether the TLS should be shut down gracefully
            before the target context is closed. Defaults to false.

        'Referral Strategy' - Strategy for handling referrals. Possible values are FOLLOW, IGNORE, THROW.
        'Connect Timeout' - Duration of connect timeout. (i.e. 10 secs).
        'Read Timeout' - Duration of read timeout. (i.e. 10 secs).

        'Url' - Space-separated list of URLs of the LDAP servers (i.e. ldap://<hostname>:<port>).
        'Page Size' - Sets the page size when retrieving users and groups. If not specified, no paging is performed.
        'Sync Interval' - Duration of time between syncing users and groups (i.e. 30 mins). Minimum allowable value is 10 secs.

        'User Search Base' - Base DN for searching for users (i.e. ou=users,o=nifi). Required to search users.
        'User Object Class' - Object class for identifying users (i.e. person). Required if searching users.
        'User Search Scope' - Search scope for searching users (ONE_LEVEL, OBJECT, or SUBTREE). Required if searching users.
        'User Search Filter' - Filter for searching for users against the 'User Search Base' (i.e. (memberof=cn=team1,ou=groups,o=nifi) ). Optional.
        'User Identity Attribute' - Attribute to use to extract user identity (i.e. cn). Optional. If not set, the entire DN is used.
        'User Group Name Attribute' - Attribute to use to define group membership (i.e. memberof). Optional. If not set
            group membership will not be calculated through the users. Will rely on group membership being defined
            through 'Group Member Attribute' if set. The value of this property is the name of the attribute in the user ldap entry that
            associates them with a group. The value of that user attribute could be a dn or group name for instance. What value is expected
            is configured in the 'User Group Name Attribute - Referenced Group Attribute'.
        'User Group Name Attribute - Referenced Group Attribute' - If blank, the value of the attribute defined in 'User Group Name Attribute'
            is expected to be the full dn of the group. If not blank, this property will define the attribute of the group ldap entry that
            the value of the attribute defined in 'User Group Name Attribute' is referencing (i.e. name). Use of this property requires that
            'Group Search Base' is also configured.

        'Group Search Base' - Base DN for searching for groups (i.e. ou=groups,o=nifi). Required to search groups.
        'Group Object Class' - Object class for identifying groups (i.e. groupOfNames). Required if searching groups.
        'Group Search Scope' - Search scope for searching groups (ONE_LEVEL, OBJECT, or SUBTREE). Required if searching groups.
        'Group Search Filter' - Filter for searching for groups against the 'Group Search Base'. Optional.
        'Group Name Attribute' - Attribute to use to extract group name (i.e. cn). Optional. If not set, the entire DN is used.
        'Group Member Attribute' - Attribute to use to define group membership (i.e. member). Optional. If not set
            group membership will not be calculated through the groups. Will rely on group membership being defined
            through 'User Group Name Attribute' if set. The value of this property is the name of the attribute in the group ldap entry that
            associates them with a user. The value of that group attribute could be a dn or memberUid for instance. What value is expected
            is configured in the 'Group Member Attribute - Referenced User Attribute'. (i.e. member: cn=User 1,ou=users,o=nifi vs. memberUid: user1)
        'Group Member Attribute - Referenced User Attribute' - If blank, the value of the attribute defined in 'Group Member Attribute'
            is expected to be the full dn of the user. If not blank, this property will define the attribute of the user ldap entry that
            the value of the attribute defined in 'Group Member Attribute' is referencing (i.e. uid). Use of this property requires that
            'User Search Base' is also configured. (i.e. member: cn=User 1,ou=users,o=nifi vs. memberUid: user1)

        NOTE: Any identity mapping rules specified in nifi.properties will also be applied to the user identities.
            Group names are not mapped.
    -->
    <userGroupProvider>
        <identifier>ldap-user-group-provider</identifier>
        <class>org.apache.nifi.ldap.tenants.LdapUserGroupProvider</class>
        <property name="Authentication Strategy">START_TLS</property>

        <property name="Manager DN">someuser</property>
        <property name="Manager Password" encryption="none">thisIsABadPassword</property><property name="TLS - Keystore"></property><property name="TLS - Keystore Password" encryption="">thisIsABadPassword</property><property name="TLS - Keystore Type"></property>
        <property name="TLS - Truststore"></property>
        <property name="TLS - Truststore Password">thisIsABadPassword</property>
        <property name="TLS - Truststore Type"></property>
        <property name="TLS - Client Auth"></property>
        <property name="TLS - Protocol"></property>
        <property name="TLS - Shutdown Gracefully"></property>

        <property name="Referral Strategy">FOLLOW</property>
        <property name="Connect Timeout">10 secs</property>
        <property name="Read Timeout">10 secs</property>

        <property name="Url"></property>
        <property name="Page Size"></property>
        <property name="Sync Interval">30 mins</property>

        <property name="User Search Base"></property>
        <property name="User Object Class">person</property>
        <property name="User Search Scope">ONE_LEVEL</property>
        <property name="User Search Filter"></property>
        <property name="User Identity Attribute"></property>
        <property name="User Group Name Attribute"></property>
        <property name="User Group Name Attribute - Referenced Group Attribute"></property>

        <property name="Group Search Base"></property>
        <property name="Group Object Class">group</property>
        <property name="Group Search Scope">ONE_LEVEL</property>
        <property name="Group Search Filter"></property>
        <property name="Group Name Attribute"></property>
        <property name="Group Member Attribute"></property>
        <property name="Group Member Attribute - Referenced User Attribute"></property>
    </userGroupProvider>

    <!--
        The CompositeUserGroupProvider will provide support for retrieving users and groups from multiple sources.

        - User Group Provider [unique key] - The identifier of user group providers to load from. The name of
            each property must be unique, for example: "User Group Provider A", "User Group Provider B",
            "User Group Provider C" or "User Group Provider 1", "User Group Provider 2", "User Group Provider 3"

            NOTE: Any identity mapping rules specified in nifi.properties are not applied in this implementation. This behavior
            would need to be applied by the base implementation.
    -->
    <!-- To enable the composite-user-group-provider remove 2 lines. This is 1 of 2.
    <userGroupProvider>
        <identifier>composite-user-group-provider</identifier>
        <class>org.apache.nifi.authorization.CompositeUserGroupProvider</class>
        <property name="User Group Provider 1"></property>
    </userGroupProvider>
    To enable the composite-user-group-provider remove 2 lines. This is 2 of 2. -->

    <!--
        The CompositeConfigurableUserGroupProvider will provide support for retrieving users and groups from multiple sources.
        Additionally, a single configurable user group provider is required. Users from the configurable user group provider
        are configurable, however users loaded from one of the User Group Provider [unique key] will not be.

        - Configurable User Group Provider - A configurable user group provider.

        - User Group Provider [unique key] - The identifier of user group providers to load from. The name of
            each property must be unique, for example: "User Group Provider A", "User Group Provider B",
            "User Group Provider C" or "User Group Provider 1", "User Group Provider 2", "User Group Provider 3"

            NOTE: Any identity mapping rules specified in nifi.properties are not applied in this implementation. This behavior
            would need to be applied by the base implementation.
    -->
    <!-- To enable the composite-configurable-user-group-provider remove 2 lines. This is 1 of 2.
    <userGroupProvider>
        <identifier>composite-configurable-user-group-provider</identifier>
        <class>org.apache.nifi.authorization.CompositeConfigurableUserGroupProvider</class>
        <property name="Configurable User Group Provider">file-user-group-provider</property>
        <property name="User Group Provider 1"></property>
    </userGroupProvider>
    To enable the composite-configurable-user-group-provider remove 2 lines. This is 2 of 2. -->

    <!--
        The FileAccessPolicyProvider will provide support for managing access policies which is backed by a file
        on the local file system.

        - User Group Provider - The identifier for an User Group Provider defined above that will be used to access
            users and groups for use in the managed access policies.

        - Authorizations File - The file where the FileAccessPolicyProvider will store policies.

        - Initial Admin Identity - The identity of an initial admin user that will be granted access to the UI and
            given the ability to create additional users, groups, and policies. The value of this property could be
            a DN when using certificates or LDAP, or a Kerberos principal. This property will only be used when there
            are no other policies defined. If this property is specified then a Legacy Authorized Users File can not be specified.

            NOTE: Any identity mapping rules specified in nifi.properties will also be applied to the initial admin identity,
            so the value should be the unmapped identity. This identity must be found in the configured User Group Provider.

        - Legacy Authorized Users File - The full path to an existing authorized-users.xml that will be automatically
            converted to the new authorizations model. If this property is specified then an Initial Admin Identity can
            not be specified, and this property will only be used when there are no other users, groups, and policies defined.

            NOTE: Any users in the legacy users file must be found in the configured User Group Provider.

        - Node Identity [unique key] - The identity of a NiFi cluster node. When clustered, a property for each node
            should be defined, so that every node knows about every other node. If not clustered these properties can be ignored.
            The name of each property must be unique, for example for a three node cluster:
            "Node Identity A", "Node Identity B", "Node Identity C" or "Node Identity 1", "Node Identity 2", "Node Identity 3"

            NOTE: Any identity mapping rules specified in nifi.properties will also be applied to the node identities,
            so the values should be the unmapped identities (i.e. full DN from a certificate). This identity must be found
            in the configured User Group Provider.
    -->
    <accessPolicyProvider>
        <identifier>file-access-policy-provider</identifier>
        <class>org.apache.nifi.authorization.FileAccessPolicyProvider</class>
        <property name="User Group Provider">ldap-user-group-provider</property>
        <property name="Authorizations File">./conf/authorizations.xml</property>
        <property name="Initial Admin Identity"></property>
        <property name="Legacy Authorized Users File"></property>

        <property name="Node Identity 1"></property>
    </accessPolicyProvider>

    <!--
        The StandardManagedAuthorizer. This authorizer implementation must be configured with the
        Access Policy Provider which it will use to access and manage users, groups, and policies.
        These users, groups, and policies will be used to make all access decisions during authorization
        requests.

        - Access Policy Provider - The identifier for an Access Policy Provider defined above.
    -->
    <authorizer>
        <identifier>managed-authorizer</identifier>
        <class>org.apache.nifi.authorization.StandardManagedAuthorizer</class>
        <property name="Access Policy Provider">file-access-policy-provider</property>
    </authorizer>

    <!--
        NOTE: This Authorizer has been replaced with the more granular approach configured above with the Standard
        Managed Authorizer. However, it is still available for backwards compatibility reasons.

        The FileAuthorizer is NiFi's provided authorizer and has the following properties:

        - Authorizations File - The file where the FileAuthorizer will store policies.

        - Users File - The file where the FileAuthorizer will store users and groups.

        - Initial Admin Identity - The identity of an initial admin user that will be granted access to the UI and
            given the ability to create additional users, groups, and policies. The value of this property could be
            a DN when using certificates or LDAP, or a Kerberos principal. This property will only be used when there
            are no other users, groups, and policies defined. If this property is specified then a Legacy Authorized
            Users File can not be specified.

            NOTE: Any identity mapping rules specified in nifi.properties will also be applied to the initial admin identity,
            so the value should be the unmapped identity.

        - Legacy Authorized Users File - The full path to an existing authorized-users.xml that will be automatically
            converted to the new authorizations model. If this property is specified then an Initial Admin Identity can
            not be specified, and this property will only be used when there are no other users, groups, and policies defined.

        - Node Identity [unique key] - The identity of a NiFi cluster node. When clustered, a property for each node
            should be defined, so that every node knows about every other node. If not clustered these properties can be ignored.
            The name of each property must be unique, for example for a three node cluster:
            "Node Identity A", "Node Identity B", "Node Identity C" or "Node Identity 1", "Node Identity 2", "Node Identity 3"

            NOTE: Any identity mapping rules specified in nifi.properties will also be applied to the node identities,
            so the values should be the unmapped identities (i.e. full DN from a certificate).
    -->
    <!-- <authorizer>
        <identifier>file-provider</identifier>
        <class>org.apache.nifi.authorization.FileAuthorizer</class>
        <property name="Authorizations File">./conf/authorizations.xml</property>
        <property name="Users File">./conf/users.xml</property>
        <property name="Initial Admin Identity"></property>
        <property name="Legacy Authorized Users File"></property>

        <property name="Node Identity 1"></property>
    </authorizer>
    -->
</authorizers>
[main] INFO org.apache.nifi.properties.ConfigEncryptionTool - Attempting to encrypt property using protection scheme aes/gcm/256
[main] WARN org.apache.nifi.properties.AbstractBootstrapPropertiesLoader - System Property [nifi.properties.file.path] not found: Using Relative Path [conf/nifi.properties]
[main] WARN org.apache.nifi.properties.ConfigEncryptionTool - Could not load default bootstrap.conf: Configuration Directory [conf] not found for Bootstrap Properties
[main] INFO org.apache.nifi.properties.ConfigEncryptionTool - Attempting to encrypt property using protection scheme aes/gcm/256
[main] INFO org.apache.nifi.properties.ConfigEncryptionTool - Attempting to encrypt property using protection scheme aes/gcm/256
[main] INFO org.apache.nifi.properties.ConfigEncryptionTool - Updated XML content: <?xml version="1.0" encoding="UTF-8"?><authorizers>

    
    

    
    <userGroupProvider>
        <identifier>ldap-user-group-provider</identifier>
        <class>org.apache.nifi.ldap.tenants.LdapUserGroupProvider</class>
        <property name="Authentication Strategy">START_TLS</property>

        <property name="Manager DN">someuser</property>
        <property name="Manager Password" encryption="aes/gcm/256">CNAGqDGj4hqARzs6||Ir7DhdA3Eb1wWbACBPibKXvM3Yud9Tx7UTPfAQunERnyTQ</property>
    <property name="TLS - Keystore"/>
    <property name="TLS - Keystore Password" encryption="aes/gcm/256">qqzmNDMuKdlv21rq||1VNT2MZBTPxG8VJeVCJYpXtdZgHRxzGfu1r684STpmclyw</property>
    <property name="TLS - Keystore Type"/>
        <property name="TLS - Truststore"/>
        <property name="TLS - Truststore Password" encryption="aes/gcm/256">Hpdx9lMP/2bZNx3A||cFNEl/xY2xvJRmXjlyeh/zivmK2Ttj/UPnAXHR3amvn6mg</property>
        <property name="TLS - Truststore Type"/>
        <property name="TLS - Client Auth"/>
        <property name="TLS - Protocol"/>
        <property name="TLS - Shutdown Gracefully"/>

        <property name="Referral Strategy">FOLLOW</property>
        <property name="Connect Timeout">10 secs</property>
        <property name="Read Timeout">10 secs</property>

        <property name="Url"/>
        <property name="Page Size"/>
        <property name="Sync Interval">30 mins</property>

        <property name="User Search Base"/>
        <property name="User Object Class">person</property>
        <property name="User Search Scope">ONE_LEVEL</property>
        <property name="User Search Filter"/>
        <property name="User Identity Attribute"/>
        <property name="User Group Name Attribute"/>
        <property name="User Group Name Attribute - Referenced Group Attribute"/>

        <property name="Group Search Base"/>
        <property name="Group Object Class">group</property>
        <property name="Group Search Scope">ONE_LEVEL</property>
        <property name="Group Search Filter"/>
        <property name="Group Name Attribute"/>
        <property name="Group Member Attribute"/>
        <property name="Group Member Attribute - Referenced User Attribute"/>
    </userGroupProvider>

    
    

    
    

    
    <accessPolicyProvider>
        <identifier>file-access-policy-provider</identifier>
        <class>org.apache.nifi.authorization.FileAccessPolicyProvider</class>
        <property name="User Group Provider">ldap-user-group-provider</property>
        <property name="Authorizations File">./conf/authorizations.xml</property>
        <property name="Initial Admin Identity"/>
        <property name="Legacy Authorized Users File"/>

        <property name="Node Identity 1"/>
    </accessPolicyProvider>

    
    <authorizer>
        <identifier>managed-authorizer</identifier>
        <class>org.apache.nifi.authorization.StandardManagedAuthorizer</class>
        <property name="Access Policy Provider">file-access-policy-provider</property>
    </authorizer>

    
    
</authorizers>

[main] INFO org.apache.nifi.properties.ConfigEncryptionToolTest - Encrypted lines: 
<?xml version="1.0" encoding="UTF-8"?><authorizers>

    
    

    
    <userGroupProvider>
        <identifier>ldap-user-group-provider</identifier>
        <class>org.apache.nifi.ldap.tenants.LdapUserGroupProvider</class>
        <property name="Authentication Strategy">START_TLS</property>

        <property name="Manager DN">someuser</property>
        <property name="Manager Password" encryption="aes/gcm/256">CNAGqDGj4hqARzs6||Ir7DhdA3Eb1wWbACBPibKXvM3Yud9Tx7UTPfAQunERnyTQ</property>
    <property name="TLS - Keystore"/>
    <property name="TLS - Keystore Password" encryption="aes/gcm/256">qqzmNDMuKdlv21rq||1VNT2MZBTPxG8VJeVCJYpXtdZgHRxzGfu1r684STpmclyw</property>
    <property name="TLS - Keystore Type"/>
        <property name="TLS - Truststore"/>
        <property name="TLS - Truststore Password" encryption="aes/gcm/256">Hpdx9lMP/2bZNx3A||cFNEl/xY2xvJRmXjlyeh/zivmK2Ttj/UPnAXHR3amvn6mg</property>
        <property name="TLS - Truststore Type"/>
        <property name="TLS - Client Auth"/>
        <property name="TLS - Protocol"/>
        <property name="TLS - Shutdown Gracefully"/>

        <property name="Referral Strategy">FOLLOW</property>
        <property name="Connect Timeout">10 secs</property>
        <property name="Read Timeout">10 secs</property>

        <property name="Url"/>
        <property name="Page Size"/>
        <property name="Sync Interval">30 mins</property>

        <property name="User Search Base"/>
        <property name="User Object Class">person</property>
        <property name="User Search Scope">ONE_LEVEL</property>
        <property name="User Search Filter"/>
        <property name="User Identity Attribute"/>
        <property name="User Group Name Attribute"/>
        <property name="User Group Name Attribute - Referenced Group Attribute"/>

        <property name="Group Search Base"/>
        <property name="Group Object Class">group</property>
        <property name="Group Search Scope">ONE_LEVEL</property>
        <property name="Group Search Filter"/>
        <property name="Group Name Attribute"/>
        <property name="Group Member Attribute"/>
        <property name="Group Member Attribute - Referenced User Attribute"/>
    </userGroupProvider>

    
    

    
    

    
    <accessPolicyProvider>
        <identifier>file-access-policy-provider</identifier>
        <class>org.apache.nifi.authorization.FileAccessPolicyProvider</class>
        <property name="User Group Provider">ldap-user-group-provider</property>
        <property name="Authorizations File">./conf/authorizations.xml</property>
        <property name="Initial Admin Identity"/>
        <property name="Legacy Authorized Users File"/>

        <property name="Node Identity 1"/>
    </accessPolicyProvider>

    
    <authorizer>
        <identifier>managed-authorizer</identifier>
        <class>org.apache.nifi.authorization.StandardManagedAuthorizer</class>
        <property name="Access Policy Provider">file-access-policy-provider</property>
    </authorizer>

    
    
</authorizers>
[main] INFO org.apache.nifi.properties.ConfigEncryptionToolTest - Cipher text: CNAGqDGj4hqARzs6||Ir7DhdA3Eb1wWbACBPibKXvM3Yud9Tx7UTPfAQunERnyTQ
[main] INFO org.apache.nifi.properties.ConfigEncryptionToolTest - Cipher text: qqzmNDMuKdlv21rq||1VNT2MZBTPxG8VJeVCJYpXtdZgHRxzGfu1r684STpmclyw
[main] INFO org.apache.nifi.properties.ConfigEncryptionToolTest - Cipher text: Hpdx9lMP/2bZNx3A||cFNEl/xY2xvJRmXjlyeh/zivmK2Ttj/UPnAXHR3amvn6mg
]]></system-err>
  </testcase>
  <testcase name="testSerializeAuthorizersAndPreserveFormatShouldHandleCommentedFile" classname="org.apache.nifi.properties.ConfigEncryptionToolTest" time="0.095">
    <system-err><![CDATA[[main] INFO org.apache.nifi.properties.ConfigEncryptionToolTest - Read lines: 
<?xml version="1.0" encoding="UTF-8" standalone="yes"?>
<!--
  Licensed to the Apache Software Foundation (ASF) under one or more
  contributor license agreements.  See the NOTICE file distributed with
  this work for additional information regarding copyright ownership.
  The ASF licenses this file to You under the Apache License, Version 2.0
  (the "License"); you may not use this file except in compliance with
  the License.  You may obtain a copy of the License at
      http://www.apache.org/licenses/LICENSE-2.0
  Unless required by applicable law or agreed to in writing, software
  distributed under the License is distributed on an "AS IS" BASIS,
  WITHOUT WARRANTIES OR CONDITIONS OF ANY KIND, either express or implied.
  See the License for the specific language governing permissions and
  limitations under the License.
-->
<!--
    This file lists the userGroupProviders, accessPolicyProviders, and authorizers to use when running securely. In order
    to use a specific authorizer it must be configured here and it's identifier must be specified in the nifi.properties file.
    If the authorizer is a managedAuthorizer, it may need to be configured with an accessPolicyProvider and an userGroupProvider.
    This file allows for configuration of them, but they must be configured in order:

    ...
    all userGroupProviders
    all accessPolicyProviders
    all Authorizers
    ...
-->
<authorizers>

    <!--
        The FileUserGroupProvider will provide support for managing users and groups which is backed by a file
        on the local file system.

        - Users File - The file where the FileUserGroupProvider will store users and groups.

        - Legacy Authorized Users File - The full path to an existing authorized-users.xml that will be automatically
            be used to load the users and groups into the Users File.

        - Initial User Identity [unique key] - The identity of a users and systems to seed the Users File. The name of
            each property must be unique, for example: "Initial User Identity A", "Initial User Identity B",
            "Initial User Identity C" or "Initial User Identity 1", "Initial User Identity 2", "Initial User Identity 3"

            NOTE: Any identity mapping rules specified in nifi.properties will also be applied to the user identities,
            so the values should be the unmapped identities (i.e. full DN from a certificate).
    -->
    <userGroupProvider>
        <identifier>file-user-group-provider</identifier>
        <class>org.apache.nifi.authorization.FileUserGroupProvider</class>
        <property name="Users File">./conf/users.xml</property>
        <property name="Legacy Authorized Users File"></property>

        <property name="Initial User Identity 1"></property>
    </userGroupProvider>

    <!--
        The LdapUserGroupProvider will retrieve users and groups from an LDAP server. The users and groups
        are not configurable.

        'Authentication Strategy' - How the connection to the LDAP server is authenticated. Possible
            values are ANONYMOUS, SIMPLE, LDAPS, or START_TLS.

        'Manager DN' - The DN of the manager that is used to bind to the LDAP server to search for users.
        'Manager Password' - The password of the manager that is used to bind to the LDAP server to
            search for users.

        'TLS - Keystore' - Path to the Keystore that is used when connecting to LDAP using LDAPS or START_TLS.
        'TLS - Keystore Password' - Password for the Keystore that is used when connecting to LDAP
            using LDAPS or START_TLS.
        'TLS - Keystore Type' - Type of the Keystore that is used when connecting to LDAP using
            LDAPS or START_TLS (i.e. JKS or PKCS12).
        'TLS - Truststore' - Path to the Truststore that is used when connecting to LDAP using LDAPS or START_TLS.
        'TLS - Truststore Password' - Password for the Truststore that is used when connecting to
            LDAP using LDAPS or START_TLS.
        'TLS - Truststore Type' - Type of the Truststore that is used when connecting to LDAP using
            LDAPS or START_TLS (i.e. JKS or PKCS12).
        'TLS - Client Auth' - Client authentication policy when connecting to LDAP using LDAPS or START_TLS.
            Possible values are REQUIRED, WANT, NONE.
        'TLS - Protocol' - Protocol to use when connecting to LDAP using LDAPS or START_TLS. (i.e. TLS,
            TLSv1.1, TLSv1.2, etc).
        'TLS - Shutdown Gracefully' - Specifies whether the TLS should be shut down gracefully
            before the target context is closed. Defaults to false.

        'Referral Strategy' - Strategy for handling referrals. Possible values are FOLLOW, IGNORE, THROW.
        'Connect Timeout' - Duration of connect timeout. (i.e. 10 secs).
        'Read Timeout' - Duration of read timeout. (i.e. 10 secs).

        'Url' - Space-separated list of URLs of the LDAP servers (i.e. ldap://<hostname>:<port>).
        'Page Size' - Sets the page size when retrieving users and groups. If not specified, no paging is performed.
        'Sync Interval' - Duration of time between syncing users and groups (i.e. 30 mins). Minimum allowable value is 10 secs.

        'User Search Base' - Base DN for searching for users (i.e. ou=users,o=nifi). Required to search users.
        'User Object Class' - Object class for identifying users (i.e. person). Required if searching users.
        'User Search Scope' - Search scope for searching users (ONE_LEVEL, OBJECT, or SUBTREE). Required if searching users.
        'User Search Filter' - Filter for searching for users against the 'User Search Base' (i.e. (memberof=cn=team1,ou=groups,o=nifi) ). Optional.
        'User Identity Attribute' - Attribute to use to extract user identity (i.e. cn). Optional. If not set, the entire DN is used.
        'User Group Name Attribute' - Attribute to use to define group membership (i.e. memberof). Optional. If not set
            group membership will not be calculated through the users. Will rely on group membership being defined
            through 'Group Member Attribute' if set. The value of this property is the name of the attribute in the user ldap entry that
            associates them with a group. The value of that user attribute could be a dn or group name for instance. What value is expected
            is configured in the 'User Group Name Attribute - Referenced Group Attribute'.
        'User Group Name Attribute - Referenced Group Attribute' - If blank, the value of the attribute defined in 'User Group Name Attribute'
            is expected to be the full dn of the group. If not blank, this property will define the attribute of the group ldap entry that
            the value of the attribute defined in 'User Group Name Attribute' is referencing (i.e. name). Use of this property requires that
            'Group Search Base' is also configured.

        'Group Search Base' - Base DN for searching for groups (i.e. ou=groups,o=nifi). Required to search groups.
        'Group Object Class' - Object class for identifying groups (i.e. groupOfNames). Required if searching groups.
        'Group Search Scope' - Search scope for searching groups (ONE_LEVEL, OBJECT, or SUBTREE). Required if searching groups.
        'Group Search Filter' - Filter for searching for groups against the 'Group Search Base'. Optional.
        'Group Name Attribute' - Attribute to use to extract group name (i.e. cn). Optional. If not set, the entire DN is used.
        'Group Member Attribute' - Attribute to use to define group membership (i.e. member). Optional. If not set
            group membership will not be calculated through the groups. Will rely on group membership being defined
            through 'User Group Name Attribute' if set. The value of this property is the name of the attribute in the group ldap entry that
            associates them with a user. The value of that group attribute could be a dn or memberUid for instance. What value is expected
            is configured in the 'Group Member Attribute - Referenced User Attribute'. (i.e. member: cn=User 1,ou=users,o=nifi vs. memberUid: user1)
        'Group Member Attribute - Referenced User Attribute' - If blank, the value of the attribute defined in 'Group Member Attribute'
            is expected to be the full dn of the user. If not blank, this property will define the attribute of the user ldap entry that
            the value of the attribute defined in 'Group Member Attribute' is referencing (i.e. uid). Use of this property requires that
            'User Search Base' is also configured. (i.e. member: cn=User 1,ou=users,o=nifi vs. memberUid: user1)

        NOTE: Any identity mapping rules specified in nifi.properties will also be applied to the user identities.
            Group names are not mapped.
    -->
    <!-- To enable the ldap-user-group-provider remove 2 lines. This is 1 of 2.
    <userGroupProvider>
        <identifier>ldap-user-group-provider</identifier>
        <class>org.apache.nifi.ldap.tenants.LdapUserGroupProvider</class>
        <property name="Authentication Strategy">START_TLS</property>

        <property name="Manager DN"></property>
        <property name="Manager Password"></property>

        <property name="TLS - Keystore"></property>
        <property name="TLS - Keystore Password"></property>
        <property name="TLS - Keystore Type"></property>
        <property name="TLS - Truststore"></property>
        <property name="TLS - Truststore Password"></property>
        <property name="TLS - Truststore Type"></property>
        <property name="TLS - Client Auth"></property>
        <property name="TLS - Protocol"></property>
        <property name="TLS - Shutdown Gracefully"></property>

        <property name="Referral Strategy">FOLLOW</property>
        <property name="Connect Timeout">10 secs</property>
        <property name="Read Timeout">10 secs</property>

        <property name="Url"></property>
        <property name="Page Size"></property>
        <property name="Sync Interval">30 mins</property>

        <property name="User Search Base"></property>
        <property name="User Object Class">person</property>
        <property name="User Search Scope">ONE_LEVEL</property>
        <property name="User Search Filter"></property>
        <property name="User Identity Attribute"></property>
        <property name="User Group Name Attribute"></property>
        <property name="User Group Name Attribute - Referenced Group Attribute"></property>

        <property name="Group Search Base"></property>
        <property name="Group Object Class">group</property>
        <property name="Group Search Scope">ONE_LEVEL</property>
        <property name="Group Search Filter"></property>
        <property name="Group Name Attribute"></property>
        <property name="Group Member Attribute"></property>
        <property name="Group Member Attribute - Referenced User Attribute"></property>
    </userGroupProvider>
    To enable the ldap-user-group-provider remove 2 lines. This is 2 of 2. -->

    <!--
        The CompositeUserGroupProvider will provide support for retrieving users and groups from multiple sources.

        - User Group Provider [unique key] - The identifier of user group providers to load from. The name of
            each property must be unique, for example: "User Group Provider A", "User Group Provider B",
            "User Group Provider C" or "User Group Provider 1", "User Group Provider 2", "User Group Provider 3"

            NOTE: Any identity mapping rules specified in nifi.properties are not applied in this implementation. This behavior
            would need to be applied by the base implementation.
    -->
    <!-- To enable the composite-user-group-provider remove 2 lines. This is 1 of 2.
    <userGroupProvider>
        <identifier>composite-user-group-provider</identifier>
        <class>org.apache.nifi.authorization.CompositeUserGroupProvider</class>
        <property name="User Group Provider 1"></property>
    </userGroupProvider>
    To enable the composite-user-group-provider remove 2 lines. This is 2 of 2. -->

    <!--
        The CompositeConfigurableUserGroupProvider will provide support for retrieving users and groups from multiple sources.
        Additionally, a single configurable user group provider is required. Users from the configurable user group provider
        are configurable, however users loaded from one of the User Group Provider [unique key] will not be.

        - Configurable User Group Provider - A configurable user group provider.

        - User Group Provider [unique key] - The identifier of user group providers to load from. The name of
            each property must be unique, for example: "User Group Provider A", "User Group Provider B",
            "User Group Provider C" or "User Group Provider 1", "User Group Provider 2", "User Group Provider 3"

            NOTE: Any identity mapping rules specified in nifi.properties are not applied in this implementation. This behavior
            would need to be applied by the base implementation.
    -->
    <!-- To enable the composite-configurable-user-group-provider remove 2 lines. This is 1 of 2.
    <userGroupProvider>
        <identifier>composite-configurable-user-group-provider</identifier>
        <class>org.apache.nifi.authorization.CompositeConfigurableUserGroupProvider</class>
        <property name="Configurable User Group Provider">file-user-group-provider</property>
        <property name="User Group Provider 1"></property>
    </userGroupProvider>
    To enable the composite-configurable-user-group-provider remove 2 lines. This is 2 of 2. -->

    <!--
        The FileAccessPolicyProvider will provide support for managing access policies which is backed by a file
        on the local file system.

        - User Group Provider - The identifier for an User Group Provider defined above that will be used to access
            users and groups for use in the managed access policies.

        - Authorizations File - The file where the FileAccessPolicyProvider will store policies.

        - Initial Admin Identity - The identity of an initial admin user that will be granted access to the UI and
            given the ability to create additional users, groups, and policies. The value of this property could be
            a DN when using certificates or LDAP, or a Kerberos principal. This property will only be used when there
            are no other policies defined. If this property is specified then a Legacy Authorized Users File can not be specified.

            NOTE: Any identity mapping rules specified in nifi.properties will also be applied to the initial admin identity,
            so the value should be the unmapped identity. This identity must be found in the configured User Group Provider.

        - Legacy Authorized Users File - The full path to an existing authorized-users.xml that will be automatically
            converted to the new authorizations model. If this property is specified then an Initial Admin Identity can
            not be specified, and this property will only be used when there are no other users, groups, and policies defined.

            NOTE: Any users in the legacy users file must be found in the configured User Group Provider.

        - Node Identity [unique key] - The identity of a NiFi cluster node. When clustered, a property for each node
            should be defined, so that every node knows about every other node. If not clustered these properties can be ignored.
            The name of each property must be unique, for example for a three node cluster:
            "Node Identity A", "Node Identity B", "Node Identity C" or "Node Identity 1", "Node Identity 2", "Node Identity 3"

            NOTE: Any identity mapping rules specified in nifi.properties will also be applied to the node identities,
            so the values should be the unmapped identities (i.e. full DN from a certificate). This identity must be found
            in the configured User Group Provider.
    -->
    <accessPolicyProvider>
        <identifier>file-access-policy-provider</identifier>
        <class>org.apache.nifi.authorization.FileAccessPolicyProvider</class>
        <property name="User Group Provider">file-user-group-provider</property>
        <property name="Authorizations File">./conf/authorizations.xml</property>
        <property name="Initial Admin Identity"></property>
        <property name="Legacy Authorized Users File"></property>

        <property name="Node Identity 1"></property>
    </accessPolicyProvider>

    <!--
        The StandardManagedAuthorizer. This authorizer implementation must be configured with the
        Access Policy Provider which it will use to access and manage users, groups, and policies.
        These users, groups, and policies will be used to make all access decisions during authorization
        requests.

        - Access Policy Provider - The identifier for an Access Policy Provider defined above.
    -->
    <authorizer>
        <identifier>managed-authorizer</identifier>
        <class>org.apache.nifi.authorization.StandardManagedAuthorizer</class>
        <property name="Access Policy Provider">file-access-policy-provider</property>
    </authorizer>

    <!--
        NOTE: This Authorizer has been replaced with the more granular approach configured above with the Standard
        Managed Authorizer. However, it is still available for backwards compatibility reasons.

        The FileAuthorizer is NiFi's provided authorizer and has the following properties:

        - Authorizations File - The file where the FileAuthorizer will store policies.

        - Users File - The file where the FileAuthorizer will store users and groups.

        - Initial Admin Identity - The identity of an initial admin user that will be granted access to the UI and
            given the ability to create additional users, groups, and policies. The value of this property could be
            a DN when using certificates or LDAP, or a Kerberos principal. This property will only be used when there
            are no other users, groups, and policies defined. If this property is specified then a Legacy Authorized
            Users File can not be specified.

            NOTE: Any identity mapping rules specified in nifi.properties will also be applied to the initial admin identity,
            so the value should be the unmapped identity.

        - Legacy Authorized Users File - The full path to an existing authorized-users.xml that will be automatically
            converted to the new authorizations model. If this property is specified then an Initial Admin Identity can
            not be specified, and this property will only be used when there are no other users, groups, and policies defined.

        - Node Identity [unique key] - The identity of a NiFi cluster node. When clustered, a property for each node
            should be defined, so that every node knows about every other node. If not clustered these properties can be ignored.
            The name of each property must be unique, for example for a three node cluster:
            "Node Identity A", "Node Identity B", "Node Identity C" or "Node Identity 1", "Node Identity 2", "Node Identity 3"

            NOTE: Any identity mapping rules specified in nifi.properties will also be applied to the node identities,
            so the values should be the unmapped identities (i.e. full DN from a certificate).
    -->
    <!-- <authorizer>
        <identifier>file-provider</identifier>
        <class>org.apache.nifi.authorization.FileAuthorizer</class>
        <property name="Authorizations File">./conf/authorizations.xml</property>
        <property name="Users File">./conf/users.xml</property>
        <property name="Initial Admin Identity"></property>
        <property name="Legacy Authorized Users File"></property>

        <property name="Node Identity 1"></property>
    </authorizer>
    -->
</authorizers>
[main] INFO org.apache.nifi.properties.ConfigEncryptionTool - No unencrypted password property elements found in authorizers.xml
[main] INFO org.apache.nifi.properties.ConfigEncryptionToolTest - Encrypted lines: 
<?xml version="1.0" encoding="UTF-8" standalone="yes"?>
<!--
  Licensed to the Apache Software Foundation (ASF) under one or more
  contributor license agreements.  See the NOTICE file distributed with
  this work for additional information regarding copyright ownership.
  The ASF licenses this file to You under the Apache License, Version 2.0
  (the "License"); you may not use this file except in compliance with
  the License.  You may obtain a copy of the License at
      http://www.apache.org/licenses/LICENSE-2.0
  Unless required by applicable law or agreed to in writing, software
  distributed under the License is distributed on an "AS IS" BASIS,
  WITHOUT WARRANTIES OR CONDITIONS OF ANY KIND, either express or implied.
  See the License for the specific language governing permissions and
  limitations under the License.
-->
<!--
    This file lists the userGroupProviders, accessPolicyProviders, and authorizers to use when running securely. In order
    to use a specific authorizer it must be configured here and it's identifier must be specified in the nifi.properties file.
    If the authorizer is a managedAuthorizer, it may need to be configured with an accessPolicyProvider and an userGroupProvider.
    This file allows for configuration of them, but they must be configured in order:

    ...
    all userGroupProviders
    all accessPolicyProviders
    all Authorizers
    ...
-->
<authorizers>

    <!--
        The FileUserGroupProvider will provide support for managing users and groups which is backed by a file
        on the local file system.

        - Users File - The file where the FileUserGroupProvider will store users and groups.

        - Legacy Authorized Users File - The full path to an existing authorized-users.xml that will be automatically
            be used to load the users and groups into the Users File.

        - Initial User Identity [unique key] - The identity of a users and systems to seed the Users File. The name of
            each property must be unique, for example: "Initial User Identity A", "Initial User Identity B",
            "Initial User Identity C" or "Initial User Identity 1", "Initial User Identity 2", "Initial User Identity 3"

            NOTE: Any identity mapping rules specified in nifi.properties will also be applied to the user identities,
            so the values should be the unmapped identities (i.e. full DN from a certificate).
    -->
    <userGroupProvider>
        <identifier>file-user-group-provider</identifier>
        <class>org.apache.nifi.authorization.FileUserGroupProvider</class>
        <property name="Users File">./conf/users.xml</property>
        <property name="Legacy Authorized Users File"></property>

        <property name="Initial User Identity 1"></property>
    </userGroupProvider>

    <!--
        The LdapUserGroupProvider will retrieve users and groups from an LDAP server. The users and groups
        are not configurable.

        'Authentication Strategy' - How the connection to the LDAP server is authenticated. Possible
            values are ANONYMOUS, SIMPLE, LDAPS, or START_TLS.

        'Manager DN' - The DN of the manager that is used to bind to the LDAP server to search for users.
        'Manager Password' - The password of the manager that is used to bind to the LDAP server to
            search for users.

        'TLS - Keystore' - Path to the Keystore that is used when connecting to LDAP using LDAPS or START_TLS.
        'TLS - Keystore Password' - Password for the Keystore that is used when connecting to LDAP
            using LDAPS or START_TLS.
        'TLS - Keystore Type' - Type of the Keystore that is used when connecting to LDAP using
            LDAPS or START_TLS (i.e. JKS or PKCS12).
        'TLS - Truststore' - Path to the Truststore that is used when connecting to LDAP using LDAPS or START_TLS.
        'TLS - Truststore Password' - Password for the Truststore that is used when connecting to
            LDAP using LDAPS or START_TLS.
        'TLS - Truststore Type' - Type of the Truststore that is used when connecting to LDAP using
            LDAPS or START_TLS (i.e. JKS or PKCS12).
        'TLS - Client Auth' - Client authentication policy when connecting to LDAP using LDAPS or START_TLS.
            Possible values are REQUIRED, WANT, NONE.
        'TLS - Protocol' - Protocol to use when connecting to LDAP using LDAPS or START_TLS. (i.e. TLS,
            TLSv1.1, TLSv1.2, etc).
        'TLS - Shutdown Gracefully' - Specifies whether the TLS should be shut down gracefully
            before the target context is closed. Defaults to false.

        'Referral Strategy' - Strategy for handling referrals. Possible values are FOLLOW, IGNORE, THROW.
        'Connect Timeout' - Duration of connect timeout. (i.e. 10 secs).
        'Read Timeout' - Duration of read timeout. (i.e. 10 secs).

        'Url' - Space-separated list of URLs of the LDAP servers (i.e. ldap://<hostname>:<port>).
        'Page Size' - Sets the page size when retrieving users and groups. If not specified, no paging is performed.
        'Sync Interval' - Duration of time between syncing users and groups (i.e. 30 mins). Minimum allowable value is 10 secs.

        'User Search Base' - Base DN for searching for users (i.e. ou=users,o=nifi). Required to search users.
        'User Object Class' - Object class for identifying users (i.e. person). Required if searching users.
        'User Search Scope' - Search scope for searching users (ONE_LEVEL, OBJECT, or SUBTREE). Required if searching users.
        'User Search Filter' - Filter for searching for users against the 'User Search Base' (i.e. (memberof=cn=team1,ou=groups,o=nifi) ). Optional.
        'User Identity Attribute' - Attribute to use to extract user identity (i.e. cn). Optional. If not set, the entire DN is used.
        'User Group Name Attribute' - Attribute to use to define group membership (i.e. memberof). Optional. If not set
            group membership will not be calculated through the users. Will rely on group membership being defined
            through 'Group Member Attribute' if set. The value of this property is the name of the attribute in the user ldap entry that
            associates them with a group. The value of that user attribute could be a dn or group name for instance. What value is expected
            is configured in the 'User Group Name Attribute - Referenced Group Attribute'.
        'User Group Name Attribute - Referenced Group Attribute' - If blank, the value of the attribute defined in 'User Group Name Attribute'
            is expected to be the full dn of the group. If not blank, this property will define the attribute of the group ldap entry that
            the value of the attribute defined in 'User Group Name Attribute' is referencing (i.e. name). Use of this property requires that
            'Group Search Base' is also configured.

        'Group Search Base' - Base DN for searching for groups (i.e. ou=groups,o=nifi). Required to search groups.
        'Group Object Class' - Object class for identifying groups (i.e. groupOfNames). Required if searching groups.
        'Group Search Scope' - Search scope for searching groups (ONE_LEVEL, OBJECT, or SUBTREE). Required if searching groups.
        'Group Search Filter' - Filter for searching for groups against the 'Group Search Base'. Optional.
        'Group Name Attribute' - Attribute to use to extract group name (i.e. cn). Optional. If not set, the entire DN is used.
        'Group Member Attribute' - Attribute to use to define group membership (i.e. member). Optional. If not set
            group membership will not be calculated through the groups. Will rely on group membership being defined
            through 'User Group Name Attribute' if set. The value of this property is the name of the attribute in the group ldap entry that
            associates them with a user. The value of that group attribute could be a dn or memberUid for instance. What value is expected
            is configured in the 'Group Member Attribute - Referenced User Attribute'. (i.e. member: cn=User 1,ou=users,o=nifi vs. memberUid: user1)
        'Group Member Attribute - Referenced User Attribute' - If blank, the value of the attribute defined in 'Group Member Attribute'
            is expected to be the full dn of the user. If not blank, this property will define the attribute of the user ldap entry that
            the value of the attribute defined in 'Group Member Attribute' is referencing (i.e. uid). Use of this property requires that
            'User Search Base' is also configured. (i.e. member: cn=User 1,ou=users,o=nifi vs. memberUid: user1)

        NOTE: Any identity mapping rules specified in nifi.properties will also be applied to the user identities.
            Group names are not mapped.
    -->
    <!-- To enable the ldap-user-group-provider remove 2 lines. This is 1 of 2.
    <userGroupProvider>
        <identifier>ldap-user-group-provider</identifier>
        <class>org.apache.nifi.ldap.tenants.LdapUserGroupProvider</class>
        <property name="Authentication Strategy">START_TLS</property>

        <property name="Manager DN"></property>
        <property name="Manager Password"></property>

        <property name="TLS - Keystore"></property>
        <property name="TLS - Keystore Password"></property>
        <property name="TLS - Keystore Type"></property>
        <property name="TLS - Truststore"></property>
        <property name="TLS - Truststore Password"></property>
        <property name="TLS - Truststore Type"></property>
        <property name="TLS - Client Auth"></property>
        <property name="TLS - Protocol"></property>
        <property name="TLS - Shutdown Gracefully"></property>

        <property name="Referral Strategy">FOLLOW</property>
        <property name="Connect Timeout">10 secs</property>
        <property name="Read Timeout">10 secs</property>

        <property name="Url"></property>
        <property name="Page Size"></property>
        <property name="Sync Interval">30 mins</property>

        <property name="User Search Base"></property>
        <property name="User Object Class">person</property>
        <property name="User Search Scope">ONE_LEVEL</property>
        <property name="User Search Filter"></property>
        <property name="User Identity Attribute"></property>
        <property name="User Group Name Attribute"></property>
        <property name="User Group Name Attribute - Referenced Group Attribute"></property>

        <property name="Group Search Base"></property>
        <property name="Group Object Class">group</property>
        <property name="Group Search Scope">ONE_LEVEL</property>
        <property name="Group Search Filter"></property>
        <property name="Group Name Attribute"></property>
        <property name="Group Member Attribute"></property>
        <property name="Group Member Attribute - Referenced User Attribute"></property>
    </userGroupProvider>
    To enable the ldap-user-group-provider remove 2 lines. This is 2 of 2. -->

    <!--
        The CompositeUserGroupProvider will provide support for retrieving users and groups from multiple sources.

        - User Group Provider [unique key] - The identifier of user group providers to load from. The name of
            each property must be unique, for example: "User Group Provider A", "User Group Provider B",
            "User Group Provider C" or "User Group Provider 1", "User Group Provider 2", "User Group Provider 3"

            NOTE: Any identity mapping rules specified in nifi.properties are not applied in this implementation. This behavior
            would need to be applied by the base implementation.
    -->
    <!-- To enable the composite-user-group-provider remove 2 lines. This is 1 of 2.
    <userGroupProvider>
        <identifier>composite-user-group-provider</identifier>
        <class>org.apache.nifi.authorization.CompositeUserGroupProvider</class>
        <property name="User Group Provider 1"></property>
    </userGroupProvider>
    To enable the composite-user-group-provider remove 2 lines. This is 2 of 2. -->

    <!--
        The CompositeConfigurableUserGroupProvider will provide support for retrieving users and groups from multiple sources.
        Additionally, a single configurable user group provider is required. Users from the configurable user group provider
        are configurable, however users loaded from one of the User Group Provider [unique key] will not be.

        - Configurable User Group Provider - A configurable user group provider.

        - User Group Provider [unique key] - The identifier of user group providers to load from. The name of
            each property must be unique, for example: "User Group Provider A", "User Group Provider B",
            "User Group Provider C" or "User Group Provider 1", "User Group Provider 2", "User Group Provider 3"

            NOTE: Any identity mapping rules specified in nifi.properties are not applied in this implementation. This behavior
            would need to be applied by the base implementation.
    -->
    <!-- To enable the composite-configurable-user-group-provider remove 2 lines. This is 1 of 2.
    <userGroupProvider>
        <identifier>composite-configurable-user-group-provider</identifier>
        <class>org.apache.nifi.authorization.CompositeConfigurableUserGroupProvider</class>
        <property name="Configurable User Group Provider">file-user-group-provider</property>
        <property name="User Group Provider 1"></property>
    </userGroupProvider>
    To enable the composite-configurable-user-group-provider remove 2 lines. This is 2 of 2. -->

    <!--
        The FileAccessPolicyProvider will provide support for managing access policies which is backed by a file
        on the local file system.

        - User Group Provider - The identifier for an User Group Provider defined above that will be used to access
            users and groups for use in the managed access policies.

        - Authorizations File - The file where the FileAccessPolicyProvider will store policies.

        - Initial Admin Identity - The identity of an initial admin user that will be granted access to the UI and
            given the ability to create additional users, groups, and policies. The value of this property could be
            a DN when using certificates or LDAP, or a Kerberos principal. This property will only be used when there
            are no other policies defined. If this property is specified then a Legacy Authorized Users File can not be specified.

            NOTE: Any identity mapping rules specified in nifi.properties will also be applied to the initial admin identity,
            so the value should be the unmapped identity. This identity must be found in the configured User Group Provider.

        - Legacy Authorized Users File - The full path to an existing authorized-users.xml that will be automatically
            converted to the new authorizations model. If this property is specified then an Initial Admin Identity can
            not be specified, and this property will only be used when there are no other users, groups, and policies defined.

            NOTE: Any users in the legacy users file must be found in the configured User Group Provider.

        - Node Identity [unique key] - The identity of a NiFi cluster node. When clustered, a property for each node
            should be defined, so that every node knows about every other node. If not clustered these properties can be ignored.
            The name of each property must be unique, for example for a three node cluster:
            "Node Identity A", "Node Identity B", "Node Identity C" or "Node Identity 1", "Node Identity 2", "Node Identity 3"

            NOTE: Any identity mapping rules specified in nifi.properties will also be applied to the node identities,
            so the values should be the unmapped identities (i.e. full DN from a certificate). This identity must be found
            in the configured User Group Provider.
    -->
    <accessPolicyProvider>
        <identifier>file-access-policy-provider</identifier>
        <class>org.apache.nifi.authorization.FileAccessPolicyProvider</class>
        <property name="User Group Provider">file-user-group-provider</property>
        <property name="Authorizations File">./conf/authorizations.xml</property>
        <property name="Initial Admin Identity"></property>
        <property name="Legacy Authorized Users File"></property>

        <property name="Node Identity 1"></property>
    </accessPolicyProvider>

    <!--
        The StandardManagedAuthorizer. This authorizer implementation must be configured with the
        Access Policy Provider which it will use to access and manage users, groups, and policies.
        These users, groups, and policies will be used to make all access decisions during authorization
        requests.

        - Access Policy Provider - The identifier for an Access Policy Provider defined above.
    -->
    <authorizer>
        <identifier>managed-authorizer</identifier>
        <class>org.apache.nifi.authorization.StandardManagedAuthorizer</class>
        <property name="Access Policy Provider">file-access-policy-provider</property>
    </authorizer>

    <!--
        NOTE: This Authorizer has been replaced with the more granular approach configured above with the Standard
        Managed Authorizer. However, it is still available for backwards compatibility reasons.

        The FileAuthorizer is NiFi's provided authorizer and has the following properties:

        - Authorizations File - The file where the FileAuthorizer will store policies.

        - Users File - The file where the FileAuthorizer will store users and groups.

        - Initial Admin Identity - The identity of an initial admin user that will be granted access to the UI and
            given the ability to create additional users, groups, and policies. The value of this property could be
            a DN when using certificates or LDAP, or a Kerberos principal. This property will only be used when there
            are no other users, groups, and policies defined. If this property is specified then a Legacy Authorized
            Users File can not be specified.

            NOTE: Any identity mapping rules specified in nifi.properties will also be applied to the initial admin identity,
            so the value should be the unmapped identity.

        - Legacy Authorized Users File - The full path to an existing authorized-users.xml that will be automatically
            converted to the new authorizations model. If this property is specified then an Initial Admin Identity can
            not be specified, and this property will only be used when there are no other users, groups, and policies defined.

        - Node Identity [unique key] - The identity of a NiFi cluster node. When clustered, a property for each node
            should be defined, so that every node knows about every other node. If not clustered these properties can be ignored.
            The name of each property must be unique, for example for a three node cluster:
            "Node Identity A", "Node Identity B", "Node Identity C" or "Node Identity 1", "Node Identity 2", "Node Identity 3"

            NOTE: Any identity mapping rules specified in nifi.properties will also be applied to the node identities,
            so the values should be the unmapped identities (i.e. full DN from a certificate).
    -->
    <!-- <authorizer>
        <identifier>file-provider</identifier>
        <class>org.apache.nifi.authorization.FileAuthorizer</class>
        <property name="Authorizations File">./conf/authorizations.xml</property>
        <property name="Users File">./conf/users.xml</property>
        <property name="Initial Admin Identity"></property>
        <property name="Legacy Authorized Users File"></property>

        <property name="Node Identity 1"></property>
    </authorizer>
    -->
</authorizers>
[main] ERROR org.apache.nifi.properties.ConfigEncryptionTool - No provider element with class org.apache.nifi.ldap.tenants.LdapUserGroupProvider found in XML content; the file could be empty or the element may be missing or commented out
[main] INFO org.apache.nifi.properties.ConfigEncryptionToolTest - Serialized lines: 
<?xml version="1.0" encoding="UTF-8" standalone="yes"?>
<!--
  Licensed to the Apache Software Foundation (ASF) under one or more
  contributor license agreements.  See the NOTICE file distributed with
  this work for additional information regarding copyright ownership.
  The ASF licenses this file to You under the Apache License, Version 2.0
  (the "License"); you may not use this file except in compliance with
  the License.  You may obtain a copy of the License at
      http://www.apache.org/licenses/LICENSE-2.0
  Unless required by applicable law or agreed to in writing, software
  distributed under the License is distributed on an "AS IS" BASIS,
  WITHOUT WARRANTIES OR CONDITIONS OF ANY KIND, either express or implied.
  See the License for the specific language governing permissions and
  limitations under the License.
-->
<!--
    This file lists the userGroupProviders, accessPolicyProviders, and authorizers to use when running securely. In order
    to use a specific authorizer it must be configured here and it's identifier must be specified in the nifi.properties file.
    If the authorizer is a managedAuthorizer, it may need to be configured with an accessPolicyProvider and an userGroupProvider.
    This file allows for configuration of them, but they must be configured in order:

    ...
    all userGroupProviders
    all accessPolicyProviders
    all Authorizers
    ...
-->
<authorizers>

    <!--
        The FileUserGroupProvider will provide support for managing users and groups which is backed by a file
        on the local file system.

        - Users File - The file where the FileUserGroupProvider will store users and groups.

        - Legacy Authorized Users File - The full path to an existing authorized-users.xml that will be automatically
            be used to load the users and groups into the Users File.

        - Initial User Identity [unique key] - The identity of a users and systems to seed the Users File. The name of
            each property must be unique, for example: "Initial User Identity A", "Initial User Identity B",
            "Initial User Identity C" or "Initial User Identity 1", "Initial User Identity 2", "Initial User Identity 3"

            NOTE: Any identity mapping rules specified in nifi.properties will also be applied to the user identities,
            so the values should be the unmapped identities (i.e. full DN from a certificate).
    -->
    <userGroupProvider>
        <identifier>file-user-group-provider</identifier>
        <class>org.apache.nifi.authorization.FileUserGroupProvider</class>
        <property name="Users File">./conf/users.xml</property>
        <property name="Legacy Authorized Users File"></property>

        <property name="Initial User Identity 1"></property>
    </userGroupProvider>

    <!--
        The LdapUserGroupProvider will retrieve users and groups from an LDAP server. The users and groups
        are not configurable.

        'Authentication Strategy' - How the connection to the LDAP server is authenticated. Possible
            values are ANONYMOUS, SIMPLE, LDAPS, or START_TLS.

        'Manager DN' - The DN of the manager that is used to bind to the LDAP server to search for users.
        'Manager Password' - The password of the manager that is used to bind to the LDAP server to
            search for users.

        'TLS - Keystore' - Path to the Keystore that is used when connecting to LDAP using LDAPS or START_TLS.
        'TLS - Keystore Password' - Password for the Keystore that is used when connecting to LDAP
            using LDAPS or START_TLS.
        'TLS - Keystore Type' - Type of the Keystore that is used when connecting to LDAP using
            LDAPS or START_TLS (i.e. JKS or PKCS12).
        'TLS - Truststore' - Path to the Truststore that is used when connecting to LDAP using LDAPS or START_TLS.
        'TLS - Truststore Password' - Password for the Truststore that is used when connecting to
            LDAP using LDAPS or START_TLS.
        'TLS - Truststore Type' - Type of the Truststore that is used when connecting to LDAP using
            LDAPS or START_TLS (i.e. JKS or PKCS12).
        'TLS - Client Auth' - Client authentication policy when connecting to LDAP using LDAPS or START_TLS.
            Possible values are REQUIRED, WANT, NONE.
        'TLS - Protocol' - Protocol to use when connecting to LDAP using LDAPS or START_TLS. (i.e. TLS,
            TLSv1.1, TLSv1.2, etc).
        'TLS - Shutdown Gracefully' - Specifies whether the TLS should be shut down gracefully
            before the target context is closed. Defaults to false.

        'Referral Strategy' - Strategy for handling referrals. Possible values are FOLLOW, IGNORE, THROW.
        'Connect Timeout' - Duration of connect timeout. (i.e. 10 secs).
        'Read Timeout' - Duration of read timeout. (i.e. 10 secs).

        'Url' - Space-separated list of URLs of the LDAP servers (i.e. ldap://<hostname>:<port>).
        'Page Size' - Sets the page size when retrieving users and groups. If not specified, no paging is performed.
        'Sync Interval' - Duration of time between syncing users and groups (i.e. 30 mins). Minimum allowable value is 10 secs.

        'User Search Base' - Base DN for searching for users (i.e. ou=users,o=nifi). Required to search users.
        'User Object Class' - Object class for identifying users (i.e. person). Required if searching users.
        'User Search Scope' - Search scope for searching users (ONE_LEVEL, OBJECT, or SUBTREE). Required if searching users.
        'User Search Filter' - Filter for searching for users against the 'User Search Base' (i.e. (memberof=cn=team1,ou=groups,o=nifi) ). Optional.
        'User Identity Attribute' - Attribute to use to extract user identity (i.e. cn). Optional. If not set, the entire DN is used.
        'User Group Name Attribute' - Attribute to use to define group membership (i.e. memberof). Optional. If not set
            group membership will not be calculated through the users. Will rely on group membership being defined
            through 'Group Member Attribute' if set. The value of this property is the name of the attribute in the user ldap entry that
            associates them with a group. The value of that user attribute could be a dn or group name for instance. What value is expected
            is configured in the 'User Group Name Attribute - Referenced Group Attribute'.
        'User Group Name Attribute - Referenced Group Attribute' - If blank, the value of the attribute defined in 'User Group Name Attribute'
            is expected to be the full dn of the group. If not blank, this property will define the attribute of the group ldap entry that
            the value of the attribute defined in 'User Group Name Attribute' is referencing (i.e. name). Use of this property requires that
            'Group Search Base' is also configured.

        'Group Search Base' - Base DN for searching for groups (i.e. ou=groups,o=nifi). Required to search groups.
        'Group Object Class' - Object class for identifying groups (i.e. groupOfNames). Required if searching groups.
        'Group Search Scope' - Search scope for searching groups (ONE_LEVEL, OBJECT, or SUBTREE). Required if searching groups.
        'Group Search Filter' - Filter for searching for groups against the 'Group Search Base'. Optional.
        'Group Name Attribute' - Attribute to use to extract group name (i.e. cn). Optional. If not set, the entire DN is used.
        'Group Member Attribute' - Attribute to use to define group membership (i.e. member). Optional. If not set
            group membership will not be calculated through the groups. Will rely on group membership being defined
            through 'User Group Name Attribute' if set. The value of this property is the name of the attribute in the group ldap entry that
            associates them with a user. The value of that group attribute could be a dn or memberUid for instance. What value is expected
            is configured in the 'Group Member Attribute - Referenced User Attribute'. (i.e. member: cn=User 1,ou=users,o=nifi vs. memberUid: user1)
        'Group Member Attribute - Referenced User Attribute' - If blank, the value of the attribute defined in 'Group Member Attribute'
            is expected to be the full dn of the user. If not blank, this property will define the attribute of the user ldap entry that
            the value of the attribute defined in 'Group Member Attribute' is referencing (i.e. uid). Use of this property requires that
            'User Search Base' is also configured. (i.e. member: cn=User 1,ou=users,o=nifi vs. memberUid: user1)

        NOTE: Any identity mapping rules specified in nifi.properties will also be applied to the user identities.
            Group names are not mapped.
    -->
    <!-- To enable the ldap-user-group-provider remove 2 lines. This is 1 of 2.
    <userGroupProvider>
        <identifier>ldap-user-group-provider</identifier>
        <class>org.apache.nifi.ldap.tenants.LdapUserGroupProvider</class>
        <property name="Authentication Strategy">START_TLS</property>

        <property name="Manager DN"></property>
        <property name="Manager Password"></property>

        <property name="TLS - Keystore"></property>
        <property name="TLS - Keystore Password"></property>
        <property name="TLS - Keystore Type"></property>
        <property name="TLS - Truststore"></property>
        <property name="TLS - Truststore Password"></property>
        <property name="TLS - Truststore Type"></property>
        <property name="TLS - Client Auth"></property>
        <property name="TLS - Protocol"></property>
        <property name="TLS - Shutdown Gracefully"></property>

        <property name="Referral Strategy">FOLLOW</property>
        <property name="Connect Timeout">10 secs</property>
        <property name="Read Timeout">10 secs</property>

        <property name="Url"></property>
        <property name="Page Size"></property>
        <property name="Sync Interval">30 mins</property>

        <property name="User Search Base"></property>
        <property name="User Object Class">person</property>
        <property name="User Search Scope">ONE_LEVEL</property>
        <property name="User Search Filter"></property>
        <property name="User Identity Attribute"></property>
        <property name="User Group Name Attribute"></property>
        <property name="User Group Name Attribute - Referenced Group Attribute"></property>

        <property name="Group Search Base"></property>
        <property name="Group Object Class">group</property>
        <property name="Group Search Scope">ONE_LEVEL</property>
        <property name="Group Search Filter"></property>
        <property name="Group Name Attribute"></property>
        <property name="Group Member Attribute"></property>
        <property name="Group Member Attribute - Referenced User Attribute"></property>
    </userGroupProvider>
    To enable the ldap-user-group-provider remove 2 lines. This is 2 of 2. -->

    <!--
        The CompositeUserGroupProvider will provide support for retrieving users and groups from multiple sources.

        - User Group Provider [unique key] - The identifier of user group providers to load from. The name of
            each property must be unique, for example: "User Group Provider A", "User Group Provider B",
            "User Group Provider C" or "User Group Provider 1", "User Group Provider 2", "User Group Provider 3"

            NOTE: Any identity mapping rules specified in nifi.properties are not applied in this implementation. This behavior
            would need to be applied by the base implementation.
    -->
    <!-- To enable the composite-user-group-provider remove 2 lines. This is 1 of 2.
    <userGroupProvider>
        <identifier>composite-user-group-provider</identifier>
        <class>org.apache.nifi.authorization.CompositeUserGroupProvider</class>
        <property name="User Group Provider 1"></property>
    </userGroupProvider>
    To enable the composite-user-group-provider remove 2 lines. This is 2 of 2. -->

    <!--
        The CompositeConfigurableUserGroupProvider will provide support for retrieving users and groups from multiple sources.
        Additionally, a single configurable user group provider is required. Users from the configurable user group provider
        are configurable, however users loaded from one of the User Group Provider [unique key] will not be.

        - Configurable User Group Provider - A configurable user group provider.

        - User Group Provider [unique key] - The identifier of user group providers to load from. The name of
            each property must be unique, for example: "User Group Provider A", "User Group Provider B",
            "User Group Provider C" or "User Group Provider 1", "User Group Provider 2", "User Group Provider 3"

            NOTE: Any identity mapping rules specified in nifi.properties are not applied in this implementation. This behavior
            would need to be applied by the base implementation.
    -->
    <!-- To enable the composite-configurable-user-group-provider remove 2 lines. This is 1 of 2.
    <userGroupProvider>
        <identifier>composite-configurable-user-group-provider</identifier>
        <class>org.apache.nifi.authorization.CompositeConfigurableUserGroupProvider</class>
        <property name="Configurable User Group Provider">file-user-group-provider</property>
        <property name="User Group Provider 1"></property>
    </userGroupProvider>
    To enable the composite-configurable-user-group-provider remove 2 lines. This is 2 of 2. -->

    <!--
        The FileAccessPolicyProvider will provide support for managing access policies which is backed by a file
        on the local file system.

        - User Group Provider - The identifier for an User Group Provider defined above that will be used to access
            users and groups for use in the managed access policies.

        - Authorizations File - The file where the FileAccessPolicyProvider will store policies.

        - Initial Admin Identity - The identity of an initial admin user that will be granted access to the UI and
            given the ability to create additional users, groups, and policies. The value of this property could be
            a DN when using certificates or LDAP, or a Kerberos principal. This property will only be used when there
            are no other policies defined. If this property is specified then a Legacy Authorized Users File can not be specified.

            NOTE: Any identity mapping rules specified in nifi.properties will also be applied to the initial admin identity,
            so the value should be the unmapped identity. This identity must be found in the configured User Group Provider.

        - Legacy Authorized Users File - The full path to an existing authorized-users.xml that will be automatically
            converted to the new authorizations model. If this property is specified then an Initial Admin Identity can
            not be specified, and this property will only be used when there are no other users, groups, and policies defined.

            NOTE: Any users in the legacy users file must be found in the configured User Group Provider.

        - Node Identity [unique key] - The identity of a NiFi cluster node. When clustered, a property for each node
            should be defined, so that every node knows about every other node. If not clustered these properties can be ignored.
            The name of each property must be unique, for example for a three node cluster:
            "Node Identity A", "Node Identity B", "Node Identity C" or "Node Identity 1", "Node Identity 2", "Node Identity 3"

            NOTE: Any identity mapping rules specified in nifi.properties will also be applied to the node identities,
            so the values should be the unmapped identities (i.e. full DN from a certificate). This identity must be found
            in the configured User Group Provider.
    -->
    <accessPolicyProvider>
        <identifier>file-access-policy-provider</identifier>
        <class>org.apache.nifi.authorization.FileAccessPolicyProvider</class>
        <property name="User Group Provider">file-user-group-provider</property>
        <property name="Authorizations File">./conf/authorizations.xml</property>
        <property name="Initial Admin Identity"></property>
        <property name="Legacy Authorized Users File"></property>

        <property name="Node Identity 1"></property>
    </accessPolicyProvider>

    <!--
        The StandardManagedAuthorizer. This authorizer implementation must be configured with the
        Access Policy Provider which it will use to access and manage users, groups, and policies.
        These users, groups, and policies will be used to make all access decisions during authorization
        requests.

        - Access Policy Provider - The identifier for an Access Policy Provider defined above.
    -->
    <authorizer>
        <identifier>managed-authorizer</identifier>
        <class>org.apache.nifi.authorization.StandardManagedAuthorizer</class>
        <property name="Access Policy Provider">file-access-policy-provider</property>
    </authorizer>

    <!--
        NOTE: This Authorizer has been replaced with the more granular approach configured above with the Standard
        Managed Authorizer. However, it is still available for backwards compatibility reasons.

        The FileAuthorizer is NiFi's provided authorizer and has the following properties:

        - Authorizations File - The file where the FileAuthorizer will store policies.

        - Users File - The file where the FileAuthorizer will store users and groups.

        - Initial Admin Identity - The identity of an initial admin user that will be granted access to the UI and
            given the ability to create additional users, groups, and policies. The value of this property could be
            a DN when using certificates or LDAP, or a Kerberos principal. This property will only be used when there
            are no other users, groups, and policies defined. If this property is specified then a Legacy Authorized
            Users File can not be specified.

            NOTE: Any identity mapping rules specified in nifi.properties will also be applied to the initial admin identity,
            so the value should be the unmapped identity.

        - Legacy Authorized Users File - The full path to an existing authorized-users.xml that will be automatically
            converted to the new authorizations model. If this property is specified then an Initial Admin Identity can
            not be specified, and this property will only be used when there are no other users, groups, and policies defined.

        - Node Identity [unique key] - The identity of a NiFi cluster node. When clustered, a property for each node
            should be defined, so that every node knows about every other node. If not clustered these properties can be ignored.
            The name of each property must be unique, for example for a three node cluster:
            "Node Identity A", "Node Identity B", "Node Identity C" or "Node Identity 1", "Node Identity 2", "Node Identity 3"

            NOTE: Any identity mapping rules specified in nifi.properties will also be applied to the node identities,
            so the values should be the unmapped identities (i.e. full DN from a certificate).
    -->
    <!-- <authorizer>
        <identifier>file-provider</identifier>
        <class>org.apache.nifi.authorization.FileAuthorizer</class>
        <property name="Authorizations File">./conf/authorizations.xml</property>
        <property name="Users File">./conf/users.xml</property>
        <property name="Initial Admin Identity"></property>
        <property name="Legacy Authorized Users File"></property>

        <property name="Node Identity 1"></property>
    </authorizer>
    -->
</authorizers>
]]></system-err>
  </testcase>
  <testcase name="testShouldDetectActionFlags" classname="org.apache.nifi.properties.ConfigEncryptionToolTest" time="0.072">
    <system-err><![CDATA[[main] INFO org.apache.nifi.properties.ConfigEncryptionToolTest - Checking '-h -v' with acceptable args: [translateCli]
[main] INFO org.apache.nifi.properties.ConfigEncryptionToolTest - Clean run has action flags: false | Expected: false
[main] INFO org.apache.nifi.properties.ConfigEncryptionToolTest - Checking '-h -v --translateCli' with acceptable args: [translateCli]
[main] INFO org.apache.nifi.properties.ConfigEncryptionToolTest - Allowed run has action flags: false | Expected: false
[main] INFO org.apache.nifi.properties.ConfigEncryptionToolTest - Checking '-h -v --migrate' with acceptable args: [translateCli]
[main] ERROR org.apache.nifi.properties.ConfigEncryptionTool - In this mode, the following options are invalid: [[ option: m migrate  :: If provided, the nifi.properties and/or login-identity-providers.xml sensitive properties will be re-encrypted with the new scheme :: class java.lang.String ]]
[main] INFO org.apache.nifi.properties.ConfigEncryptionToolTest - Unallowed run has action flags: true | Expected: true
[main] INFO org.apache.nifi.properties.ConfigEncryptionToolTest - Checking '-h -v' with acceptable args: []
[main] INFO org.apache.nifi.properties.ConfigEncryptionToolTest - Clean run has action flags: false | Expected: false
[main] INFO org.apache.nifi.properties.ConfigEncryptionToolTest - Checking '-h -v --translateCli' with acceptable args: []
[main] ERROR org.apache.nifi.properties.ConfigEncryptionTool - In this mode, the following options are invalid: [[ option: c translateCli  :: Translates the nifi.properties file to a format suitable for the NiFi CLI tool :: class java.lang.String ]]
[main] INFO org.apache.nifi.properties.ConfigEncryptionToolTest - Allowed run has action flags: true | Expected: true
[main] INFO org.apache.nifi.properties.ConfigEncryptionToolTest - Checking '-h -v --migrate' with acceptable args: []
[main] ERROR org.apache.nifi.properties.ConfigEncryptionTool - In this mode, the following options are invalid: [[ option: m migrate  :: If provided, the nifi.properties and/or login-identity-providers.xml sensitive properties will be re-encrypted with the new scheme :: class java.lang.String ]]
[main] INFO org.apache.nifi.properties.ConfigEncryptionToolTest - Unallowed run has action flags: true | Expected: true
[main] INFO org.apache.nifi.properties.ConfigEncryptionToolTest - Checking '--help -v' with acceptable args: [translateCli]
[main] INFO org.apache.nifi.properties.ConfigEncryptionToolTest - Clean run has action flags: false | Expected: false
[main] INFO org.apache.nifi.properties.ConfigEncryptionToolTest - Checking '--help -v --translateCli' with acceptable args: [translateCli]
[main] INFO org.apache.nifi.properties.ConfigEncryptionToolTest - Allowed run has action flags: false | Expected: false
[main] INFO org.apache.nifi.properties.ConfigEncryptionToolTest - Checking '--help -v --migrate' with acceptable args: [translateCli]
[main] ERROR org.apache.nifi.properties.ConfigEncryptionTool - In this mode, the following options are invalid: [[ option: m migrate  :: If provided, the nifi.properties and/or login-identity-providers.xml sensitive properties will be re-encrypted with the new scheme :: class java.lang.String ]]
[main] INFO org.apache.nifi.properties.ConfigEncryptionToolTest - Unallowed run has action flags: true | Expected: true
[main] INFO org.apache.nifi.properties.ConfigEncryptionToolTest - Checking '--help -v' with acceptable args: []
[main] INFO org.apache.nifi.properties.ConfigEncryptionToolTest - Clean run has action flags: false | Expected: false
[main] INFO org.apache.nifi.properties.ConfigEncryptionToolTest - Checking '--help -v --translateCli' with acceptable args: []
[main] ERROR org.apache.nifi.properties.ConfigEncryptionTool - In this mode, the following options are invalid: [[ option: c translateCli  :: Translates the nifi.properties file to a format suitable for the NiFi CLI tool :: class java.lang.String ]]
[main] INFO org.apache.nifi.properties.ConfigEncryptionToolTest - Allowed run has action flags: true | Expected: true
[main] INFO org.apache.nifi.properties.ConfigEncryptionToolTest - Checking '--help -v --migrate' with acceptable args: []
[main] ERROR org.apache.nifi.properties.ConfigEncryptionTool - In this mode, the following options are invalid: [[ option: m migrate  :: If provided, the nifi.properties and/or login-identity-providers.xml sensitive properties will be re-encrypted with the new scheme :: class java.lang.String ]]
[main] INFO org.apache.nifi.properties.ConfigEncryptionToolTest - Unallowed run has action flags: true | Expected: true
[main] INFO org.apache.nifi.properties.ConfigEncryptionToolTest - Checking '-h --verbose' with acceptable args: [translateCli]
[main] INFO org.apache.nifi.properties.ConfigEncryptionToolTest - Clean run has action flags: false | Expected: false
[main] INFO org.apache.nifi.properties.ConfigEncryptionToolTest - Checking '-h --verbose --translateCli' with acceptable args: [translateCli]
[main] INFO org.apache.nifi.properties.ConfigEncryptionToolTest - Allowed run has action flags: false | Expected: false
[main] INFO org.apache.nifi.properties.ConfigEncryptionToolTest - Checking '-h --verbose --migrate' with acceptable args: [translateCli]
[main] ERROR org.apache.nifi.properties.ConfigEncryptionTool - In this mode, the following options are invalid: [[ option: m migrate  :: If provided, the nifi.properties and/or login-identity-providers.xml sensitive properties will be re-encrypted with the new scheme :: class java.lang.String ]]
[main] INFO org.apache.nifi.properties.ConfigEncryptionToolTest - Unallowed run has action flags: true | Expected: true
[main] INFO org.apache.nifi.properties.ConfigEncryptionToolTest - Checking '-h --verbose' with acceptable args: []
[main] INFO org.apache.nifi.properties.ConfigEncryptionToolTest - Clean run has action flags: false | Expected: false
[main] INFO org.apache.nifi.properties.ConfigEncryptionToolTest - Checking '-h --verbose --translateCli' with acceptable args: []
[main] ERROR org.apache.nifi.properties.ConfigEncryptionTool - In this mode, the following options are invalid: [[ option: c translateCli  :: Translates the nifi.properties file to a format suitable for the NiFi CLI tool :: class java.lang.String ]]
[main] INFO org.apache.nifi.properties.ConfigEncryptionToolTest - Allowed run has action flags: true | Expected: true
[main] INFO org.apache.nifi.properties.ConfigEncryptionToolTest - Checking '-h --verbose --migrate' with acceptable args: []
[main] ERROR org.apache.nifi.properties.ConfigEncryptionTool - In this mode, the following options are invalid: [[ option: m migrate  :: If provided, the nifi.properties and/or login-identity-providers.xml sensitive properties will be re-encrypted with the new scheme :: class java.lang.String ]]
[main] INFO org.apache.nifi.properties.ConfigEncryptionToolTest - Unallowed run has action flags: true | Expected: true
[main] INFO org.apache.nifi.properties.ConfigEncryptionToolTest - Checking '--help --verbose' with acceptable args: [translateCli]
[main] INFO org.apache.nifi.properties.ConfigEncryptionToolTest - Clean run has action flags: false | Expected: false
[main] INFO org.apache.nifi.properties.ConfigEncryptionToolTest - Checking '--help --verbose --translateCli' with acceptable args: [translateCli]
[main] INFO org.apache.nifi.properties.ConfigEncryptionToolTest - Allowed run has action flags: false | Expected: false
[main] INFO org.apache.nifi.properties.ConfigEncryptionToolTest - Checking '--help --verbose --migrate' with acceptable args: [translateCli]
[main] ERROR org.apache.nifi.properties.ConfigEncryptionTool - In this mode, the following options are invalid: [[ option: m migrate  :: If provided, the nifi.properties and/or login-identity-providers.xml sensitive properties will be re-encrypted with the new scheme :: class java.lang.String ]]
[main] INFO org.apache.nifi.properties.ConfigEncryptionToolTest - Unallowed run has action flags: true | Expected: true
[main] INFO org.apache.nifi.properties.ConfigEncryptionToolTest - Checking '--help --verbose' with acceptable args: []
[main] INFO org.apache.nifi.properties.ConfigEncryptionToolTest - Clean run has action flags: false | Expected: false
[main] INFO org.apache.nifi.properties.ConfigEncryptionToolTest - Checking '--help --verbose --translateCli' with acceptable args: []
[main] ERROR org.apache.nifi.properties.ConfigEncryptionTool - In this mode, the following options are invalid: [[ option: c translateCli  :: Translates the nifi.properties file to a format suitable for the NiFi CLI tool :: class java.lang.String ]]
[main] INFO org.apache.nifi.properties.ConfigEncryptionToolTest - Allowed run has action flags: true | Expected: true
[main] INFO org.apache.nifi.properties.ConfigEncryptionToolTest - Checking '--help --verbose --migrate' with acceptable args: []
[main] ERROR org.apache.nifi.properties.ConfigEncryptionTool - In this mode, the following options are invalid: [[ option: m migrate  :: If provided, the nifi.properties and/or login-identity-providers.xml sensitive properties will be re-encrypted with the new scheme :: class java.lang.String ]]
[main] INFO org.apache.nifi.properties.ConfigEncryptionToolTest - Unallowed run has action flags: true | Expected: true
[main] INFO org.apache.nifi.properties.ConfigEncryptionToolTest - Checking '-h' with acceptable args: [translateCli]
[main] INFO org.apache.nifi.properties.ConfigEncryptionToolTest - Clean run has action flags: false | Expected: false
[main] INFO org.apache.nifi.properties.ConfigEncryptionToolTest - Checking '-h --translateCli' with acceptable args: [translateCli]
[main] INFO org.apache.nifi.properties.ConfigEncryptionToolTest - Allowed run has action flags: false | Expected: false
[main] INFO org.apache.nifi.properties.ConfigEncryptionToolTest - Checking '-h --migrate' with acceptable args: [translateCli]
[main] ERROR org.apache.nifi.properties.ConfigEncryptionTool - In this mode, the following options are invalid: [[ option: m migrate  :: If provided, the nifi.properties and/or login-identity-providers.xml sensitive properties will be re-encrypted with the new scheme :: class java.lang.String ]]
[main] INFO org.apache.nifi.properties.ConfigEncryptionToolTest - Unallowed run has action flags: true | Expected: true
[main] INFO org.apache.nifi.properties.ConfigEncryptionToolTest - Checking '-h' with acceptable args: []
[main] INFO org.apache.nifi.properties.ConfigEncryptionToolTest - Clean run has action flags: false | Expected: false
[main] INFO org.apache.nifi.properties.ConfigEncryptionToolTest - Checking '-h --translateCli' with acceptable args: []
[main] ERROR org.apache.nifi.properties.ConfigEncryptionTool - In this mode, the following options are invalid: [[ option: c translateCli  :: Translates the nifi.properties file to a format suitable for the NiFi CLI tool :: class java.lang.String ]]
[main] INFO org.apache.nifi.properties.ConfigEncryptionToolTest - Allowed run has action flags: true | Expected: true
[main] INFO org.apache.nifi.properties.ConfigEncryptionToolTest - Checking '-h --migrate' with acceptable args: []
[main] ERROR org.apache.nifi.properties.ConfigEncryptionTool - In this mode, the following options are invalid: [[ option: m migrate  :: If provided, the nifi.properties and/or login-identity-providers.xml sensitive properties will be re-encrypted with the new scheme :: class java.lang.String ]]
[main] INFO org.apache.nifi.properties.ConfigEncryptionToolTest - Unallowed run has action flags: true | Expected: true
[main] INFO org.apache.nifi.properties.ConfigEncryptionToolTest - Checking '--help' with acceptable args: [translateCli]
[main] INFO org.apache.nifi.properties.ConfigEncryptionToolTest - Clean run has action flags: false | Expected: false
[main] INFO org.apache.nifi.properties.ConfigEncryptionToolTest - Checking '--help --translateCli' with acceptable args: [translateCli]
[main] INFO org.apache.nifi.properties.ConfigEncryptionToolTest - Allowed run has action flags: false | Expected: false
[main] INFO org.apache.nifi.properties.ConfigEncryptionToolTest - Checking '--help --migrate' with acceptable args: [translateCli]
[main] ERROR org.apache.nifi.properties.ConfigEncryptionTool - In this mode, the following options are invalid: [[ option: m migrate  :: If provided, the nifi.properties and/or login-identity-providers.xml sensitive properties will be re-encrypted with the new scheme :: class java.lang.String ]]
[main] INFO org.apache.nifi.properties.ConfigEncryptionToolTest - Unallowed run has action flags: true | Expected: true
[main] INFO org.apache.nifi.properties.ConfigEncryptionToolTest - Checking '--help' with acceptable args: []
[main] INFO org.apache.nifi.properties.ConfigEncryptionToolTest - Clean run has action flags: false | Expected: false
[main] INFO org.apache.nifi.properties.ConfigEncryptionToolTest - Checking '--help --translateCli' with acceptable args: []
[main] ERROR org.apache.nifi.properties.ConfigEncryptionTool - In this mode, the following options are invalid: [[ option: c translateCli  :: Translates the nifi.properties file to a format suitable for the NiFi CLI tool :: class java.lang.String ]]
[main] INFO org.apache.nifi.properties.ConfigEncryptionToolTest - Allowed run has action flags: true | Expected: true
[main] INFO org.apache.nifi.properties.ConfigEncryptionToolTest - Checking '--help --migrate' with acceptable args: []
[main] ERROR org.apache.nifi.properties.ConfigEncryptionTool - In this mode, the following options are invalid: [[ option: m migrate  :: If provided, the nifi.properties and/or login-identity-providers.xml sensitive properties will be re-encrypted with the new scheme :: class java.lang.String ]]
[main] INFO org.apache.nifi.properties.ConfigEncryptionToolTest - Unallowed run has action flags: true | Expected: true
[main] INFO org.apache.nifi.properties.ConfigEncryptionToolTest - Checking '-v' with acceptable args: [translateCli]
[main] INFO org.apache.nifi.properties.ConfigEncryptionToolTest - Clean run has action flags: false | Expected: false
[main] INFO org.apache.nifi.properties.ConfigEncryptionToolTest - Checking '-v --translateCli' with acceptable args: [translateCli]
[main] INFO org.apache.nifi.properties.ConfigEncryptionToolTest - Allowed run has action flags: false | Expected: false
[main] INFO org.apache.nifi.properties.ConfigEncryptionToolTest - Checking '-v --migrate' with acceptable args: [translateCli]
[main] ERROR org.apache.nifi.properties.ConfigEncryptionTool - In this mode, the following options are invalid: [[ option: m migrate  :: If provided, the nifi.properties and/or login-identity-providers.xml sensitive properties will be re-encrypted with the new scheme :: class java.lang.String ]]
[main] INFO org.apache.nifi.properties.ConfigEncryptionToolTest - Unallowed run has action flags: true | Expected: true
[main] INFO org.apache.nifi.properties.ConfigEncryptionToolTest - Checking '-v' with acceptable args: []
[main] INFO org.apache.nifi.properties.ConfigEncryptionToolTest - Clean run has action flags: false | Expected: false
[main] INFO org.apache.nifi.properties.ConfigEncryptionToolTest - Checking '-v --translateCli' with acceptable args: []
[main] ERROR org.apache.nifi.properties.ConfigEncryptionTool - In this mode, the following options are invalid: [[ option: c translateCli  :: Translates the nifi.properties file to a format suitable for the NiFi CLI tool :: class java.lang.String ]]
[main] INFO org.apache.nifi.properties.ConfigEncryptionToolTest - Allowed run has action flags: true | Expected: true
[main] INFO org.apache.nifi.properties.ConfigEncryptionToolTest - Checking '-v --migrate' with acceptable args: []
[main] ERROR org.apache.nifi.properties.ConfigEncryptionTool - In this mode, the following options are invalid: [[ option: m migrate  :: If provided, the nifi.properties and/or login-identity-providers.xml sensitive properties will be re-encrypted with the new scheme :: class java.lang.String ]]
[main] INFO org.apache.nifi.properties.ConfigEncryptionToolTest - Unallowed run has action flags: true | Expected: true
[main] INFO org.apache.nifi.properties.ConfigEncryptionToolTest - Checking '--verbose' with acceptable args: [translateCli]
[main] INFO org.apache.nifi.properties.ConfigEncryptionToolTest - Clean run has action flags: false | Expected: false
[main] INFO org.apache.nifi.properties.ConfigEncryptionToolTest - Checking '--verbose --translateCli' with acceptable args: [translateCli]
[main] INFO org.apache.nifi.properties.ConfigEncryptionToolTest - Allowed run has action flags: false | Expected: false
[main] INFO org.apache.nifi.properties.ConfigEncryptionToolTest - Checking '--verbose --migrate' with acceptable args: [translateCli]
[main] ERROR org.apache.nifi.properties.ConfigEncryptionTool - In this mode, the following options are invalid: [[ option: m migrate  :: If provided, the nifi.properties and/or login-identity-providers.xml sensitive properties will be re-encrypted with the new scheme :: class java.lang.String ]]
[main] INFO org.apache.nifi.properties.ConfigEncryptionToolTest - Unallowed run has action flags: true | Expected: true
[main] INFO org.apache.nifi.properties.ConfigEncryptionToolTest - Checking '--verbose' with acceptable args: []
[main] INFO org.apache.nifi.properties.ConfigEncryptionToolTest - Clean run has action flags: false | Expected: false
[main] INFO org.apache.nifi.properties.ConfigEncryptionToolTest - Checking '--verbose --translateCli' with acceptable args: []
[main] ERROR org.apache.nifi.properties.ConfigEncryptionTool - In this mode, the following options are invalid: [[ option: c translateCli  :: Translates the nifi.properties file to a format suitable for the NiFi CLI tool :: class java.lang.String ]]
[main] INFO org.apache.nifi.properties.ConfigEncryptionToolTest - Allowed run has action flags: true | Expected: true
[main] INFO org.apache.nifi.properties.ConfigEncryptionToolTest - Checking '--verbose --migrate' with acceptable args: []
[main] ERROR org.apache.nifi.properties.ConfigEncryptionTool - In this mode, the following options are invalid: [[ option: m migrate  :: If provided, the nifi.properties and/or login-identity-providers.xml sensitive properties will be re-encrypted with the new scheme :: class java.lang.String ]]
[main] INFO org.apache.nifi.properties.ConfigEncryptionToolTest - Unallowed run has action flags: true | Expected: true
[main] INFO org.apache.nifi.properties.ConfigEncryptionToolTest - Checking '' with acceptable args: [translateCli]
[main] INFO org.apache.nifi.properties.ConfigEncryptionToolTest - Clean run has action flags: false | Expected: false
[main] INFO org.apache.nifi.properties.ConfigEncryptionToolTest - Checking ' --translateCli' with acceptable args: [translateCli]
[main] INFO org.apache.nifi.properties.ConfigEncryptionToolTest - Allowed run has action flags: false | Expected: false
[main] INFO org.apache.nifi.properties.ConfigEncryptionToolTest - Checking ' --migrate' with acceptable args: [translateCli]
[main] ERROR org.apache.nifi.properties.ConfigEncryptionTool - In this mode, the following options are invalid: [[ option: m migrate  :: If provided, the nifi.properties and/or login-identity-providers.xml sensitive properties will be re-encrypted with the new scheme :: class java.lang.String ]]
[main] INFO org.apache.nifi.properties.ConfigEncryptionToolTest - Unallowed run has action flags: true | Expected: true
[main] INFO org.apache.nifi.properties.ConfigEncryptionToolTest - Checking '' with acceptable args: []
[main] INFO org.apache.nifi.properties.ConfigEncryptionToolTest - Clean run has action flags: false | Expected: false
[main] INFO org.apache.nifi.properties.ConfigEncryptionToolTest - Checking ' --translateCli' with acceptable args: []
[main] ERROR org.apache.nifi.properties.ConfigEncryptionTool - In this mode, the following options are invalid: [[ option: c translateCli  :: Translates the nifi.properties file to a format suitable for the NiFi CLI tool :: class java.lang.String ]]
[main] INFO org.apache.nifi.properties.ConfigEncryptionToolTest - Allowed run has action flags: true | Expected: true
[main] INFO org.apache.nifi.properties.ConfigEncryptionToolTest - Checking ' --migrate' with acceptable args: []
[main] ERROR org.apache.nifi.properties.ConfigEncryptionTool - In this mode, the following options are invalid: [[ option: m migrate  :: If provided, the nifi.properties and/or login-identity-providers.xml sensitive properties will be re-encrypted with the new scheme :: class java.lang.String ]]
[main] INFO org.apache.nifi.properties.ConfigEncryptionToolTest - Unallowed run has action flags: true | Expected: true
]]></system-err>
  </testcase>
  <testcase name="testDecryptAuthorizersShouldHandleCommentedElements" classname="org.apache.nifi.properties.ConfigEncryptionToolTest" time="0.058">
    <system-err><![CDATA[[main] INFO org.apache.nifi.properties.ConfigEncryptionToolTest - Read lines: 
<?xml version="1.0" encoding="UTF-8" standalone="yes"?>
<!--
  Licensed to the Apache Software Foundation (ASF) under one or more
  contributor license agreements.  See the NOTICE file distributed with
  this work for additional information regarding copyright ownership.
  The ASF licenses this file to You under the Apache License, Version 2.0
  (the "License"); you may not use this file except in compliance with
  the License.  You may obtain a copy of the License at
      http://www.apache.org/licenses/LICENSE-2.0
  Unless required by applicable law or agreed to in writing, software
  distributed under the License is distributed on an "AS IS" BASIS,
  WITHOUT WARRANTIES OR CONDITIONS OF ANY KIND, either express or implied.
  See the License for the specific language governing permissions and
  limitations under the License.
-->
<!--
    This file lists the userGroupProviders, accessPolicyProviders, and authorizers to use when running securely. In order
    to use a specific authorizer it must be configured here and it's identifier must be specified in the nifi.properties file.
    If the authorizer is a managedAuthorizer, it may need to be configured with an accessPolicyProvider and an userGroupProvider.
    This file allows for configuration of them, but they must be configured in order:

    ...
    all userGroupProviders
    all accessPolicyProviders
    all Authorizers
    ...
-->
<authorizers>

    <!--
        The FileUserGroupProvider will provide support for managing users and groups which is backed by a file
        on the local file system.

        - Users File - The file where the FileUserGroupProvider will store users and groups.

        - Legacy Authorized Users File - The full path to an existing authorized-users.xml that will be automatically
            be used to load the users and groups into the Users File.

        - Initial User Identity [unique key] - The identity of a users and systems to seed the Users File. The name of
            each property must be unique, for example: "Initial User Identity A", "Initial User Identity B",
            "Initial User Identity C" or "Initial User Identity 1", "Initial User Identity 2", "Initial User Identity 3"

            NOTE: Any identity mapping rules specified in nifi.properties will also be applied to the user identities,
            so the values should be the unmapped identities (i.e. full DN from a certificate).
    -->
    <userGroupProvider>
        <identifier>file-user-group-provider</identifier>
        <class>org.apache.nifi.authorization.FileUserGroupProvider</class>
        <property name="Users File">./conf/users.xml</property>
        <property name="Legacy Authorized Users File"></property>

        <property name="Initial User Identity 1"></property>
    </userGroupProvider>

    <!--
        The LdapUserGroupProvider will retrieve users and groups from an LDAP server. The users and groups
        are not configurable.

        'Authentication Strategy' - How the connection to the LDAP server is authenticated. Possible
            values are ANONYMOUS, SIMPLE, LDAPS, or START_TLS.

        'Manager DN' - The DN of the manager that is used to bind to the LDAP server to search for users.
        'Manager Password' - The password of the manager that is used to bind to the LDAP server to
            search for users.

        'TLS - Keystore' - Path to the Keystore that is used when connecting to LDAP using LDAPS or START_TLS.
        'TLS - Keystore Password' - Password for the Keystore that is used when connecting to LDAP
            using LDAPS or START_TLS.
        'TLS - Keystore Type' - Type of the Keystore that is used when connecting to LDAP using
            LDAPS or START_TLS (i.e. JKS or PKCS12).
        'TLS - Truststore' - Path to the Truststore that is used when connecting to LDAP using LDAPS or START_TLS.
        'TLS - Truststore Password' - Password for the Truststore that is used when connecting to
            LDAP using LDAPS or START_TLS.
        'TLS - Truststore Type' - Type of the Truststore that is used when connecting to LDAP using
            LDAPS or START_TLS (i.e. JKS or PKCS12).
        'TLS - Client Auth' - Client authentication policy when connecting to LDAP using LDAPS or START_TLS.
            Possible values are REQUIRED, WANT, NONE.
        'TLS - Protocol' - Protocol to use when connecting to LDAP using LDAPS or START_TLS. (i.e. TLS,
            TLSv1.1, TLSv1.2, etc).
        'TLS - Shutdown Gracefully' - Specifies whether the TLS should be shut down gracefully
            before the target context is closed. Defaults to false.

        'Referral Strategy' - Strategy for handling referrals. Possible values are FOLLOW, IGNORE, THROW.
        'Connect Timeout' - Duration of connect timeout. (i.e. 10 secs).
        'Read Timeout' - Duration of read timeout. (i.e. 10 secs).

        'Url' - Space-separated list of URLs of the LDAP servers (i.e. ldap://<hostname>:<port>).
        'Page Size' - Sets the page size when retrieving users and groups. If not specified, no paging is performed.
        'Sync Interval' - Duration of time between syncing users and groups (i.e. 30 mins). Minimum allowable value is 10 secs.

        'User Search Base' - Base DN for searching for users (i.e. ou=users,o=nifi). Required to search users.
        'User Object Class' - Object class for identifying users (i.e. person). Required if searching users.
        'User Search Scope' - Search scope for searching users (ONE_LEVEL, OBJECT, or SUBTREE). Required if searching users.
        'User Search Filter' - Filter for searching for users against the 'User Search Base' (i.e. (memberof=cn=team1,ou=groups,o=nifi) ). Optional.
        'User Identity Attribute' - Attribute to use to extract user identity (i.e. cn). Optional. If not set, the entire DN is used.
        'User Group Name Attribute' - Attribute to use to define group membership (i.e. memberof). Optional. If not set
            group membership will not be calculated through the users. Will rely on group membership being defined
            through 'Group Member Attribute' if set. The value of this property is the name of the attribute in the user ldap entry that
            associates them with a group. The value of that user attribute could be a dn or group name for instance. What value is expected
            is configured in the 'User Group Name Attribute - Referenced Group Attribute'.
        'User Group Name Attribute - Referenced Group Attribute' - If blank, the value of the attribute defined in 'User Group Name Attribute'
            is expected to be the full dn of the group. If not blank, this property will define the attribute of the group ldap entry that
            the value of the attribute defined in 'User Group Name Attribute' is referencing (i.e. name). Use of this property requires that
            'Group Search Base' is also configured.

        'Group Search Base' - Base DN for searching for groups (i.e. ou=groups,o=nifi). Required to search groups.
        'Group Object Class' - Object class for identifying groups (i.e. groupOfNames). Required if searching groups.
        'Group Search Scope' - Search scope for searching groups (ONE_LEVEL, OBJECT, or SUBTREE). Required if searching groups.
        'Group Search Filter' - Filter for searching for groups against the 'Group Search Base'. Optional.
        'Group Name Attribute' - Attribute to use to extract group name (i.e. cn). Optional. If not set, the entire DN is used.
        'Group Member Attribute' - Attribute to use to define group membership (i.e. member). Optional. If not set
            group membership will not be calculated through the groups. Will rely on group membership being defined
            through 'User Group Name Attribute' if set. The value of this property is the name of the attribute in the group ldap entry that
            associates them with a user. The value of that group attribute could be a dn or memberUid for instance. What value is expected
            is configured in the 'Group Member Attribute - Referenced User Attribute'. (i.e. member: cn=User 1,ou=users,o=nifi vs. memberUid: user1)
        'Group Member Attribute - Referenced User Attribute' - If blank, the value of the attribute defined in 'Group Member Attribute'
            is expected to be the full dn of the user. If not blank, this property will define the attribute of the user ldap entry that
            the value of the attribute defined in 'Group Member Attribute' is referencing (i.e. uid). Use of this property requires that
            'User Search Base' is also configured. (i.e. member: cn=User 1,ou=users,o=nifi vs. memberUid: user1)

        NOTE: Any identity mapping rules specified in nifi.properties will also be applied to the user identities.
            Group names are not mapped.
    -->
    <!-- To enable the ldap-user-group-provider remove 2 lines. This is 1 of 2.
    <userGroupProvider>
        <identifier>ldap-user-group-provider</identifier>
        <class>org.apache.nifi.ldap.tenants.LdapUserGroupProvider</class>
        <property name="Authentication Strategy">START_TLS</property>

        <property name="Manager DN"></property>
        <property name="Manager Password"></property>

        <property name="TLS - Keystore"></property>
        <property name="TLS - Keystore Password"></property>
        <property name="TLS - Keystore Type"></property>
        <property name="TLS - Truststore"></property>
        <property name="TLS - Truststore Password"></property>
        <property name="TLS - Truststore Type"></property>
        <property name="TLS - Client Auth"></property>
        <property name="TLS - Protocol"></property>
        <property name="TLS - Shutdown Gracefully"></property>

        <property name="Referral Strategy">FOLLOW</property>
        <property name="Connect Timeout">10 secs</property>
        <property name="Read Timeout">10 secs</property>

        <property name="Url"></property>
        <property name="Page Size"></property>
        <property name="Sync Interval">30 mins</property>

        <property name="User Search Base"></property>
        <property name="User Object Class">person</property>
        <property name="User Search Scope">ONE_LEVEL</property>
        <property name="User Search Filter"></property>
        <property name="User Identity Attribute"></property>
        <property name="User Group Name Attribute"></property>
        <property name="User Group Name Attribute - Referenced Group Attribute"></property>

        <property name="Group Search Base"></property>
        <property name="Group Object Class">group</property>
        <property name="Group Search Scope">ONE_LEVEL</property>
        <property name="Group Search Filter"></property>
        <property name="Group Name Attribute"></property>
        <property name="Group Member Attribute"></property>
        <property name="Group Member Attribute - Referenced User Attribute"></property>
    </userGroupProvider>
    To enable the ldap-user-group-provider remove 2 lines. This is 2 of 2. -->

    <!--
        The CompositeUserGroupProvider will provide support for retrieving users and groups from multiple sources.

        - User Group Provider [unique key] - The identifier of user group providers to load from. The name of
            each property must be unique, for example: "User Group Provider A", "User Group Provider B",
            "User Group Provider C" or "User Group Provider 1", "User Group Provider 2", "User Group Provider 3"

            NOTE: Any identity mapping rules specified in nifi.properties are not applied in this implementation. This behavior
            would need to be applied by the base implementation.
    -->
    <!-- To enable the composite-user-group-provider remove 2 lines. This is 1 of 2.
    <userGroupProvider>
        <identifier>composite-user-group-provider</identifier>
        <class>org.apache.nifi.authorization.CompositeUserGroupProvider</class>
        <property name="User Group Provider 1"></property>
    </userGroupProvider>
    To enable the composite-user-group-provider remove 2 lines. This is 2 of 2. -->

    <!--
        The CompositeConfigurableUserGroupProvider will provide support for retrieving users and groups from multiple sources.
        Additionally, a single configurable user group provider is required. Users from the configurable user group provider
        are configurable, however users loaded from one of the User Group Provider [unique key] will not be.

        - Configurable User Group Provider - A configurable user group provider.

        - User Group Provider [unique key] - The identifier of user group providers to load from. The name of
            each property must be unique, for example: "User Group Provider A", "User Group Provider B",
            "User Group Provider C" or "User Group Provider 1", "User Group Provider 2", "User Group Provider 3"

            NOTE: Any identity mapping rules specified in nifi.properties are not applied in this implementation. This behavior
            would need to be applied by the base implementation.
    -->
    <!-- To enable the composite-configurable-user-group-provider remove 2 lines. This is 1 of 2.
    <userGroupProvider>
        <identifier>composite-configurable-user-group-provider</identifier>
        <class>org.apache.nifi.authorization.CompositeConfigurableUserGroupProvider</class>
        <property name="Configurable User Group Provider">file-user-group-provider</property>
        <property name="User Group Provider 1"></property>
    </userGroupProvider>
    To enable the composite-configurable-user-group-provider remove 2 lines. This is 2 of 2. -->

    <!--
        The FileAccessPolicyProvider will provide support for managing access policies which is backed by a file
        on the local file system.

        - User Group Provider - The identifier for an User Group Provider defined above that will be used to access
            users and groups for use in the managed access policies.

        - Authorizations File - The file where the FileAccessPolicyProvider will store policies.

        - Initial Admin Identity - The identity of an initial admin user that will be granted access to the UI and
            given the ability to create additional users, groups, and policies. The value of this property could be
            a DN when using certificates or LDAP, or a Kerberos principal. This property will only be used when there
            are no other policies defined. If this property is specified then a Legacy Authorized Users File can not be specified.

            NOTE: Any identity mapping rules specified in nifi.properties will also be applied to the initial admin identity,
            so the value should be the unmapped identity. This identity must be found in the configured User Group Provider.

        - Legacy Authorized Users File - The full path to an existing authorized-users.xml that will be automatically
            converted to the new authorizations model. If this property is specified then an Initial Admin Identity can
            not be specified, and this property will only be used when there are no other users, groups, and policies defined.

            NOTE: Any users in the legacy users file must be found in the configured User Group Provider.

        - Node Identity [unique key] - The identity of a NiFi cluster node. When clustered, a property for each node
            should be defined, so that every node knows about every other node. If not clustered these properties can be ignored.
            The name of each property must be unique, for example for a three node cluster:
            "Node Identity A", "Node Identity B", "Node Identity C" or "Node Identity 1", "Node Identity 2", "Node Identity 3"

            NOTE: Any identity mapping rules specified in nifi.properties will also be applied to the node identities,
            so the values should be the unmapped identities (i.e. full DN from a certificate). This identity must be found
            in the configured User Group Provider.
    -->
    <accessPolicyProvider>
        <identifier>file-access-policy-provider</identifier>
        <class>org.apache.nifi.authorization.FileAccessPolicyProvider</class>
        <property name="User Group Provider">file-user-group-provider</property>
        <property name="Authorizations File">./conf/authorizations.xml</property>
        <property name="Initial Admin Identity"></property>
        <property name="Legacy Authorized Users File"></property>

        <property name="Node Identity 1"></property>
    </accessPolicyProvider>

    <!--
        The StandardManagedAuthorizer. This authorizer implementation must be configured with the
        Access Policy Provider which it will use to access and manage users, groups, and policies.
        These users, groups, and policies will be used to make all access decisions during authorization
        requests.

        - Access Policy Provider - The identifier for an Access Policy Provider defined above.
    -->
    <authorizer>
        <identifier>managed-authorizer</identifier>
        <class>org.apache.nifi.authorization.StandardManagedAuthorizer</class>
        <property name="Access Policy Provider">file-access-policy-provider</property>
    </authorizer>

    <!--
        NOTE: This Authorizer has been replaced with the more granular approach configured above with the Standard
        Managed Authorizer. However, it is still available for backwards compatibility reasons.

        The FileAuthorizer is NiFi's provided authorizer and has the following properties:

        - Authorizations File - The file where the FileAuthorizer will store policies.

        - Users File - The file where the FileAuthorizer will store users and groups.

        - Initial Admin Identity - The identity of an initial admin user that will be granted access to the UI and
            given the ability to create additional users, groups, and policies. The value of this property could be
            a DN when using certificates or LDAP, or a Kerberos principal. This property will only be used when there
            are no other users, groups, and policies defined. If this property is specified then a Legacy Authorized
            Users File can not be specified.

            NOTE: Any identity mapping rules specified in nifi.properties will also be applied to the initial admin identity,
            so the value should be the unmapped identity.

        - Legacy Authorized Users File - The full path to an existing authorized-users.xml that will be automatically
            converted to the new authorizations model. If this property is specified then an Initial Admin Identity can
            not be specified, and this property will only be used when there are no other users, groups, and policies defined.

        - Node Identity [unique key] - The identity of a NiFi cluster node. When clustered, a property for each node
            should be defined, so that every node knows about every other node. If not clustered these properties can be ignored.
            The name of each property must be unique, for example for a three node cluster:
            "Node Identity A", "Node Identity B", "Node Identity C" or "Node Identity 1", "Node Identity 2", "Node Identity 3"

            NOTE: Any identity mapping rules specified in nifi.properties will also be applied to the node identities,
            so the values should be the unmapped identities (i.e. full DN from a certificate).
    -->
    <!-- <authorizer>
        <identifier>file-provider</identifier>
        <class>org.apache.nifi.authorization.FileAuthorizer</class>
        <property name="Authorizations File">./conf/authorizations.xml</property>
        <property name="Users File">./conf/users.xml</property>
        <property name="Initial Admin Identity"></property>
        <property name="Legacy Authorized Users File"></property>

        <property name="Node Identity 1"></property>
    </authorizer>
    -->
</authorizers>
[main] INFO org.apache.nifi.properties.ConfigEncryptionTool - No encrypted password property elements found in authorizers.xml
[main] INFO org.apache.nifi.properties.ConfigEncryptionToolTest - Decrypted lines: 
<?xml version="1.0" encoding="UTF-8" standalone="yes"?>
<!--
  Licensed to the Apache Software Foundation (ASF) under one or more
  contributor license agreements.  See the NOTICE file distributed with
  this work for additional information regarding copyright ownership.
  The ASF licenses this file to You under the Apache License, Version 2.0
  (the "License"); you may not use this file except in compliance with
  the License.  You may obtain a copy of the License at
      http://www.apache.org/licenses/LICENSE-2.0
  Unless required by applicable law or agreed to in writing, software
  distributed under the License is distributed on an "AS IS" BASIS,
  WITHOUT WARRANTIES OR CONDITIONS OF ANY KIND, either express or implied.
  See the License for the specific language governing permissions and
  limitations under the License.
-->
<!--
    This file lists the userGroupProviders, accessPolicyProviders, and authorizers to use when running securely. In order
    to use a specific authorizer it must be configured here and it's identifier must be specified in the nifi.properties file.
    If the authorizer is a managedAuthorizer, it may need to be configured with an accessPolicyProvider and an userGroupProvider.
    This file allows for configuration of them, but they must be configured in order:

    ...
    all userGroupProviders
    all accessPolicyProviders
    all Authorizers
    ...
-->
<authorizers>

    <!--
        The FileUserGroupProvider will provide support for managing users and groups which is backed by a file
        on the local file system.

        - Users File - The file where the FileUserGroupProvider will store users and groups.

        - Legacy Authorized Users File - The full path to an existing authorized-users.xml that will be automatically
            be used to load the users and groups into the Users File.

        - Initial User Identity [unique key] - The identity of a users and systems to seed the Users File. The name of
            each property must be unique, for example: "Initial User Identity A", "Initial User Identity B",
            "Initial User Identity C" or "Initial User Identity 1", "Initial User Identity 2", "Initial User Identity 3"

            NOTE: Any identity mapping rules specified in nifi.properties will also be applied to the user identities,
            so the values should be the unmapped identities (i.e. full DN from a certificate).
    -->
    <userGroupProvider>
        <identifier>file-user-group-provider</identifier>
        <class>org.apache.nifi.authorization.FileUserGroupProvider</class>
        <property name="Users File">./conf/users.xml</property>
        <property name="Legacy Authorized Users File"></property>

        <property name="Initial User Identity 1"></property>
    </userGroupProvider>

    <!--
        The LdapUserGroupProvider will retrieve users and groups from an LDAP server. The users and groups
        are not configurable.

        'Authentication Strategy' - How the connection to the LDAP server is authenticated. Possible
            values are ANONYMOUS, SIMPLE, LDAPS, or START_TLS.

        'Manager DN' - The DN of the manager that is used to bind to the LDAP server to search for users.
        'Manager Password' - The password of the manager that is used to bind to the LDAP server to
            search for users.

        'TLS - Keystore' - Path to the Keystore that is used when connecting to LDAP using LDAPS or START_TLS.
        'TLS - Keystore Password' - Password for the Keystore that is used when connecting to LDAP
            using LDAPS or START_TLS.
        'TLS - Keystore Type' - Type of the Keystore that is used when connecting to LDAP using
            LDAPS or START_TLS (i.e. JKS or PKCS12).
        'TLS - Truststore' - Path to the Truststore that is used when connecting to LDAP using LDAPS or START_TLS.
        'TLS - Truststore Password' - Password for the Truststore that is used when connecting to
            LDAP using LDAPS or START_TLS.
        'TLS - Truststore Type' - Type of the Truststore that is used when connecting to LDAP using
            LDAPS or START_TLS (i.e. JKS or PKCS12).
        'TLS - Client Auth' - Client authentication policy when connecting to LDAP using LDAPS or START_TLS.
            Possible values are REQUIRED, WANT, NONE.
        'TLS - Protocol' - Protocol to use when connecting to LDAP using LDAPS or START_TLS. (i.e. TLS,
            TLSv1.1, TLSv1.2, etc).
        'TLS - Shutdown Gracefully' - Specifies whether the TLS should be shut down gracefully
            before the target context is closed. Defaults to false.

        'Referral Strategy' - Strategy for handling referrals. Possible values are FOLLOW, IGNORE, THROW.
        'Connect Timeout' - Duration of connect timeout. (i.e. 10 secs).
        'Read Timeout' - Duration of read timeout. (i.e. 10 secs).

        'Url' - Space-separated list of URLs of the LDAP servers (i.e. ldap://<hostname>:<port>).
        'Page Size' - Sets the page size when retrieving users and groups. If not specified, no paging is performed.
        'Sync Interval' - Duration of time between syncing users and groups (i.e. 30 mins). Minimum allowable value is 10 secs.

        'User Search Base' - Base DN for searching for users (i.e. ou=users,o=nifi). Required to search users.
        'User Object Class' - Object class for identifying users (i.e. person). Required if searching users.
        'User Search Scope' - Search scope for searching users (ONE_LEVEL, OBJECT, or SUBTREE). Required if searching users.
        'User Search Filter' - Filter for searching for users against the 'User Search Base' (i.e. (memberof=cn=team1,ou=groups,o=nifi) ). Optional.
        'User Identity Attribute' - Attribute to use to extract user identity (i.e. cn). Optional. If not set, the entire DN is used.
        'User Group Name Attribute' - Attribute to use to define group membership (i.e. memberof). Optional. If not set
            group membership will not be calculated through the users. Will rely on group membership being defined
            through 'Group Member Attribute' if set. The value of this property is the name of the attribute in the user ldap entry that
            associates them with a group. The value of that user attribute could be a dn or group name for instance. What value is expected
            is configured in the 'User Group Name Attribute - Referenced Group Attribute'.
        'User Group Name Attribute - Referenced Group Attribute' - If blank, the value of the attribute defined in 'User Group Name Attribute'
            is expected to be the full dn of the group. If not blank, this property will define the attribute of the group ldap entry that
            the value of the attribute defined in 'User Group Name Attribute' is referencing (i.e. name). Use of this property requires that
            'Group Search Base' is also configured.

        'Group Search Base' - Base DN for searching for groups (i.e. ou=groups,o=nifi). Required to search groups.
        'Group Object Class' - Object class for identifying groups (i.e. groupOfNames). Required if searching groups.
        'Group Search Scope' - Search scope for searching groups (ONE_LEVEL, OBJECT, or SUBTREE). Required if searching groups.
        'Group Search Filter' - Filter for searching for groups against the 'Group Search Base'. Optional.
        'Group Name Attribute' - Attribute to use to extract group name (i.e. cn). Optional. If not set, the entire DN is used.
        'Group Member Attribute' - Attribute to use to define group membership (i.e. member). Optional. If not set
            group membership will not be calculated through the groups. Will rely on group membership being defined
            through 'User Group Name Attribute' if set. The value of this property is the name of the attribute in the group ldap entry that
            associates them with a user. The value of that group attribute could be a dn or memberUid for instance. What value is expected
            is configured in the 'Group Member Attribute - Referenced User Attribute'. (i.e. member: cn=User 1,ou=users,o=nifi vs. memberUid: user1)
        'Group Member Attribute - Referenced User Attribute' - If blank, the value of the attribute defined in 'Group Member Attribute'
            is expected to be the full dn of the user. If not blank, this property will define the attribute of the user ldap entry that
            the value of the attribute defined in 'Group Member Attribute' is referencing (i.e. uid). Use of this property requires that
            'User Search Base' is also configured. (i.e. member: cn=User 1,ou=users,o=nifi vs. memberUid: user1)

        NOTE: Any identity mapping rules specified in nifi.properties will also be applied to the user identities.
            Group names are not mapped.
    -->
    <!-- To enable the ldap-user-group-provider remove 2 lines. This is 1 of 2.
    <userGroupProvider>
        <identifier>ldap-user-group-provider</identifier>
        <class>org.apache.nifi.ldap.tenants.LdapUserGroupProvider</class>
        <property name="Authentication Strategy">START_TLS</property>

        <property name="Manager DN"></property>
        <property name="Manager Password"></property>

        <property name="TLS - Keystore"></property>
        <property name="TLS - Keystore Password"></property>
        <property name="TLS - Keystore Type"></property>
        <property name="TLS - Truststore"></property>
        <property name="TLS - Truststore Password"></property>
        <property name="TLS - Truststore Type"></property>
        <property name="TLS - Client Auth"></property>
        <property name="TLS - Protocol"></property>
        <property name="TLS - Shutdown Gracefully"></property>

        <property name="Referral Strategy">FOLLOW</property>
        <property name="Connect Timeout">10 secs</property>
        <property name="Read Timeout">10 secs</property>

        <property name="Url"></property>
        <property name="Page Size"></property>
        <property name="Sync Interval">30 mins</property>

        <property name="User Search Base"></property>
        <property name="User Object Class">person</property>
        <property name="User Search Scope">ONE_LEVEL</property>
        <property name="User Search Filter"></property>
        <property name="User Identity Attribute"></property>
        <property name="User Group Name Attribute"></property>
        <property name="User Group Name Attribute - Referenced Group Attribute"></property>

        <property name="Group Search Base"></property>
        <property name="Group Object Class">group</property>
        <property name="Group Search Scope">ONE_LEVEL</property>
        <property name="Group Search Filter"></property>
        <property name="Group Name Attribute"></property>
        <property name="Group Member Attribute"></property>
        <property name="Group Member Attribute - Referenced User Attribute"></property>
    </userGroupProvider>
    To enable the ldap-user-group-provider remove 2 lines. This is 2 of 2. -->

    <!--
        The CompositeUserGroupProvider will provide support for retrieving users and groups from multiple sources.

        - User Group Provider [unique key] - The identifier of user group providers to load from. The name of
            each property must be unique, for example: "User Group Provider A", "User Group Provider B",
            "User Group Provider C" or "User Group Provider 1", "User Group Provider 2", "User Group Provider 3"

            NOTE: Any identity mapping rules specified in nifi.properties are not applied in this implementation. This behavior
            would need to be applied by the base implementation.
    -->
    <!-- To enable the composite-user-group-provider remove 2 lines. This is 1 of 2.
    <userGroupProvider>
        <identifier>composite-user-group-provider</identifier>
        <class>org.apache.nifi.authorization.CompositeUserGroupProvider</class>
        <property name="User Group Provider 1"></property>
    </userGroupProvider>
    To enable the composite-user-group-provider remove 2 lines. This is 2 of 2. -->

    <!--
        The CompositeConfigurableUserGroupProvider will provide support for retrieving users and groups from multiple sources.
        Additionally, a single configurable user group provider is required. Users from the configurable user group provider
        are configurable, however users loaded from one of the User Group Provider [unique key] will not be.

        - Configurable User Group Provider - A configurable user group provider.

        - User Group Provider [unique key] - The identifier of user group providers to load from. The name of
            each property must be unique, for example: "User Group Provider A", "User Group Provider B",
            "User Group Provider C" or "User Group Provider 1", "User Group Provider 2", "User Group Provider 3"

            NOTE: Any identity mapping rules specified in nifi.properties are not applied in this implementation. This behavior
            would need to be applied by the base implementation.
    -->
    <!-- To enable the composite-configurable-user-group-provider remove 2 lines. This is 1 of 2.
    <userGroupProvider>
        <identifier>composite-configurable-user-group-provider</identifier>
        <class>org.apache.nifi.authorization.CompositeConfigurableUserGroupProvider</class>
        <property name="Configurable User Group Provider">file-user-group-provider</property>
        <property name="User Group Provider 1"></property>
    </userGroupProvider>
    To enable the composite-configurable-user-group-provider remove 2 lines. This is 2 of 2. -->

    <!--
        The FileAccessPolicyProvider will provide support for managing access policies which is backed by a file
        on the local file system.

        - User Group Provider - The identifier for an User Group Provider defined above that will be used to access
            users and groups for use in the managed access policies.

        - Authorizations File - The file where the FileAccessPolicyProvider will store policies.

        - Initial Admin Identity - The identity of an initial admin user that will be granted access to the UI and
            given the ability to create additional users, groups, and policies. The value of this property could be
            a DN when using certificates or LDAP, or a Kerberos principal. This property will only be used when there
            are no other policies defined. If this property is specified then a Legacy Authorized Users File can not be specified.

            NOTE: Any identity mapping rules specified in nifi.properties will also be applied to the initial admin identity,
            so the value should be the unmapped identity. This identity must be found in the configured User Group Provider.

        - Legacy Authorized Users File - The full path to an existing authorized-users.xml that will be automatically
            converted to the new authorizations model. If this property is specified then an Initial Admin Identity can
            not be specified, and this property will only be used when there are no other users, groups, and policies defined.

            NOTE: Any users in the legacy users file must be found in the configured User Group Provider.

        - Node Identity [unique key] - The identity of a NiFi cluster node. When clustered, a property for each node
            should be defined, so that every node knows about every other node. If not clustered these properties can be ignored.
            The name of each property must be unique, for example for a three node cluster:
            "Node Identity A", "Node Identity B", "Node Identity C" or "Node Identity 1", "Node Identity 2", "Node Identity 3"

            NOTE: Any identity mapping rules specified in nifi.properties will also be applied to the node identities,
            so the values should be the unmapped identities (i.e. full DN from a certificate). This identity must be found
            in the configured User Group Provider.
    -->
    <accessPolicyProvider>
        <identifier>file-access-policy-provider</identifier>
        <class>org.apache.nifi.authorization.FileAccessPolicyProvider</class>
        <property name="User Group Provider">file-user-group-provider</property>
        <property name="Authorizations File">./conf/authorizations.xml</property>
        <property name="Initial Admin Identity"></property>
        <property name="Legacy Authorized Users File"></property>

        <property name="Node Identity 1"></property>
    </accessPolicyProvider>

    <!--
        The StandardManagedAuthorizer. This authorizer implementation must be configured with the
        Access Policy Provider which it will use to access and manage users, groups, and policies.
        These users, groups, and policies will be used to make all access decisions during authorization
        requests.

        - Access Policy Provider - The identifier for an Access Policy Provider defined above.
    -->
    <authorizer>
        <identifier>managed-authorizer</identifier>
        <class>org.apache.nifi.authorization.StandardManagedAuthorizer</class>
        <property name="Access Policy Provider">file-access-policy-provider</property>
    </authorizer>

    <!--
        NOTE: This Authorizer has been replaced with the more granular approach configured above with the Standard
        Managed Authorizer. However, it is still available for backwards compatibility reasons.

        The FileAuthorizer is NiFi's provided authorizer and has the following properties:

        - Authorizations File - The file where the FileAuthorizer will store policies.

        - Users File - The file where the FileAuthorizer will store users and groups.

        - Initial Admin Identity - The identity of an initial admin user that will be granted access to the UI and
            given the ability to create additional users, groups, and policies. The value of this property could be
            a DN when using certificates or LDAP, or a Kerberos principal. This property will only be used when there
            are no other users, groups, and policies defined. If this property is specified then a Legacy Authorized
            Users File can not be specified.

            NOTE: Any identity mapping rules specified in nifi.properties will also be applied to the initial admin identity,
            so the value should be the unmapped identity.

        - Legacy Authorized Users File - The full path to an existing authorized-users.xml that will be automatically
            converted to the new authorizations model. If this property is specified then an Initial Admin Identity can
            not be specified, and this property will only be used when there are no other users, groups, and policies defined.

        - Node Identity [unique key] - The identity of a NiFi cluster node. When clustered, a property for each node
            should be defined, so that every node knows about every other node. If not clustered these properties can be ignored.
            The name of each property must be unique, for example for a three node cluster:
            "Node Identity A", "Node Identity B", "Node Identity C" or "Node Identity 1", "Node Identity 2", "Node Identity 3"

            NOTE: Any identity mapping rules specified in nifi.properties will also be applied to the node identities,
            so the values should be the unmapped identities (i.e. full DN from a certificate).
    -->
    <!-- <authorizer>
        <identifier>file-provider</identifier>
        <class>org.apache.nifi.authorization.FileAuthorizer</class>
        <property name="Authorizations File">./conf/authorizations.xml</property>
        <property name="Users File">./conf/users.xml</property>
        <property name="Initial Admin Identity"></property>
        <property name="Legacy Authorized Users File"></property>

        <property name="Node Identity 1"></property>
    </authorizer>
    -->
</authorizers>
]]></system-err>
  </testcase>
  <testcase name="testParseShouldIgnoreMigrationKeyAndPasswordIfMigrationNotEnabled" classname="org.apache.nifi.properties.ConfigEncryptionToolTest" time="0.015">
    <system-out><![CDATA['-w'/'--oldPassword' and '-e'/'--oldKey' are ignored unless '-m'/'--migrate' is enabled

usage: org.apache.nifi.properties.ConfigEncryptionTool [-h] [-v] [-n <file>] [-o <file>] [-l <file>] [-i <file>] [-a <file>] [-u <file>] [-f <file>] [-g <file>]
       [-b <file>] [-S <protectionScheme>] [-k <keyhex>] [-e <keyhex>] [-H <protectionScheme>] [-p <password>] [-w <password>] [-r] [-m] [-x] [-s
       <password|keyhex>] [-A <algorithm>] [-P <algorithm>] [-c]

This tool reads from a nifi.properties and/or login-identity-providers.xml file with plain sensitive configuration values, prompts the user for a root key, and
encrypts each value. It will replace the plain value with the protected value in the same file (or write to a new file if specified). It can also be used to
migrate already-encrypted values in those files or in flow.xml.gz to be encrypted with a new key.

 -h,--help                                     Show usage information (this message)
 -v,--verbose                                  Sets verbose mode (default false)
 -n,--niFiProperties <file>                    The nifi.properties file containing unprotected config values (will be overwritten unless -o is specified)
 -o,--outputNiFiProperties <file>              The destination nifi.properties file containing protected config values (will not modify input nifi.properties)
 -l,--loginIdentityProviders <file>            The login-identity-providers.xml file containing unprotected config values (will be overwritten unless -i is
                                               specified)
 -i,--outputLoginIdentityProviders <file>      The destination login-identity-providers.xml file containing protected config values (will not modify input
                                               login-identity-providers.xml)
 -a,--authorizers <file>                       The authorizers.xml file containing unprotected config values (will be overwritten unless -u is specified)
 -u,--outputAuthorizers <file>                 The destination authorizers.xml file containing protected config values (will not modify input authorizers.xml)
 -f,--flowXml <file>                           The flow.xml.gz file currently protected with old password (will be overwritten unless -g is specified)
 -g,--outputFlowXml <file>                     The destination flow.xml.gz file containing protected config values (will not modify input flow.xml.gz)
 -b,--bootstrapConf <file>                     The bootstrap.conf file to persist root key and to optionally provide any configuration for the protection
                                               scheme.
 -S,--protectionScheme <protectionScheme>      Selects the protection scheme for encrypted properties.  Valid values are: [AES_GCM, AWS_SECRETSMANAGER, AWS_KMS,
                                               AZURE_KEYVAULT_KEY, AZURE_KEYVAULT_SECRET, GCP_KMS, HASHICORP_VAULT_KV, HASHICORP_VAULT_TRANSIT] (default is
                                               AES_GCM)
 -k,--key <keyhex>                             The raw hexadecimal key to use to encrypt the sensitive properties
 -e,--oldKey <keyhex>                          The old raw hexadecimal key to use during key migration
 -H,--oldProtectionScheme <protectionScheme>   The old protection scheme to use during encryption migration (see --protectionScheme for possible values).
                                               Default is AES_GCM
 -p,--password <password>                      The password from which to derive the key to use to encrypt the sensitive properties
 -w,--oldPassword <password>                   The old password from which to derive the key during migration
 -r,--useRawKey                                If provided, the secure console will prompt for the raw key value in hexadecimal form
 -m,--migrate                                  If provided, the nifi.properties and/or login-identity-providers.xml sensitive properties will be re-encrypted
                                               with the new scheme
 -x,--encryptFlowXmlOnly                       If provided, the properties in flow.xml.gz will be re-encrypted with a new key but the nifi.properties and/or
                                               login-identity-providers.xml files will not be modified
 -s,--propsKey <password|keyhex>               The password or key to use to encrypt the sensitive processor properties in flow.xml.gz
 -A,--newFlowAlgorithm <algorithm>             The algorithm to use to encrypt the sensitive processor properties in flow.xml.gz
 -P,--newFlowProvider <algorithm>              The security provider to use to encrypt the sensitive processor properties in flow.xml.gz
 -c,--translateCli                             Translates the nifi.properties file to a format suitable for the NiFi CLI tool

Java home: null
NiFi Toolkit home: null
'-w'/'--oldPassword' and '-e'/'--oldKey' are ignored unless '-m'/'--migrate' is enabled

usage: org.apache.nifi.properties.ConfigEncryptionTool [-h] [-v] [-n <file>] [-o <file>] [-l <file>] [-i <file>] [-a <file>] [-u <file>] [-f <file>] [-g <file>]
       [-b <file>] [-S <protectionScheme>] [-k <keyhex>] [-e <keyhex>] [-H <protectionScheme>] [-p <password>] [-w <password>] [-r] [-m] [-x] [-s
       <password|keyhex>] [-A <algorithm>] [-P <algorithm>] [-c]

This tool reads from a nifi.properties and/or login-identity-providers.xml file with plain sensitive configuration values, prompts the user for a root key, and
encrypts each value. It will replace the plain value with the protected value in the same file (or write to a new file if specified). It can also be used to
migrate already-encrypted values in those files or in flow.xml.gz to be encrypted with a new key.

 -h,--help                                     Show usage information (this message)
 -v,--verbose                                  Sets verbose mode (default false)
 -n,--niFiProperties <file>                    The nifi.properties file containing unprotected config values (will be overwritten unless -o is specified)
 -o,--outputNiFiProperties <file>              The destination nifi.properties file containing protected config values (will not modify input nifi.properties)
 -l,--loginIdentityProviders <file>            The login-identity-providers.xml file containing unprotected config values (will be overwritten unless -i is
                                               specified)
 -i,--outputLoginIdentityProviders <file>      The destination login-identity-providers.xml file containing protected config values (will not modify input
                                               login-identity-providers.xml)
 -a,--authorizers <file>                       The authorizers.xml file containing unprotected config values (will be overwritten unless -u is specified)
 -u,--outputAuthorizers <file>                 The destination authorizers.xml file containing protected config values (will not modify input authorizers.xml)
 -f,--flowXml <file>                           The flow.xml.gz file currently protected with old password (will be overwritten unless -g is specified)
 -g,--outputFlowXml <file>                     The destination flow.xml.gz file containing protected config values (will not modify input flow.xml.gz)
 -b,--bootstrapConf <file>                     The bootstrap.conf file to persist root key and to optionally provide any configuration for the protection
                                               scheme.
 -S,--protectionScheme <protectionScheme>      Selects the protection scheme for encrypted properties.  Valid values are: [AES_GCM, AWS_SECRETSMANAGER, AWS_KMS,
                                               AZURE_KEYVAULT_KEY, AZURE_KEYVAULT_SECRET, GCP_KMS, HASHICORP_VAULT_KV, HASHICORP_VAULT_TRANSIT] (default is
                                               AES_GCM)
 -k,--key <keyhex>                             The raw hexadecimal key to use to encrypt the sensitive properties
 -e,--oldKey <keyhex>                          The old raw hexadecimal key to use during key migration
 -H,--oldProtectionScheme <protectionScheme>   The old protection scheme to use during encryption migration (see --protectionScheme for possible values).
                                               Default is AES_GCM
 -p,--password <password>                      The password from which to derive the key to use to encrypt the sensitive properties
 -w,--oldPassword <password>                   The old password from which to derive the key during migration
 -r,--useRawKey                                If provided, the secure console will prompt for the raw key value in hexadecimal form
 -m,--migrate                                  If provided, the nifi.properties and/or login-identity-providers.xml sensitive properties will be re-encrypted
                                               with the new scheme
 -x,--encryptFlowXmlOnly                       If provided, the properties in flow.xml.gz will be re-encrypted with a new key but the nifi.properties and/or
                                               login-identity-providers.xml files will not be modified
 -s,--propsKey <password|keyhex>               The password or key to use to encrypt the sensitive processor properties in flow.xml.gz
 -A,--newFlowAlgorithm <algorithm>             The algorithm to use to encrypt the sensitive processor properties in flow.xml.gz
 -P,--newFlowProvider <algorithm>              The security provider to use to encrypt the sensitive processor properties in flow.xml.gz
 -c,--translateCli                             Translates the nifi.properties file to a format suitable for the NiFi CLI tool

Java home: null
NiFi Toolkit home: null
]]></system-out>
    <system-err><![CDATA[[main] WARN org.apache.nifi.properties.ConfigEncryptionTool - The source nifi.properties and destination nifi.properties are identical [any/path] so the original will be overwritten
[main] INFO org.apache.nifi.properties.ConfigEncryptionToolTest - [EXPECTED] '-w'/'--oldPassword' and '-e'/'--oldKey' are ignored unless '-m'/'--migrate' is enabled
[main] WARN org.apache.nifi.properties.ConfigEncryptionTool - The source nifi.properties and destination nifi.properties are identical [any/path] so the original will be overwritten
[main] INFO org.apache.nifi.properties.ConfigEncryptionToolTest - [EXPECTED] '-w'/'--oldPassword' and '-e'/'--oldKey' are ignored unless '-m'/'--migrate' is enabled
]]></system-err>
  </testcase>
  <testcase name="testShouldNotLoadMissingNiFiProperties" classname="org.apache.nifi.properties.ConfigEncryptionToolTest" time="0.008">
    <system-out><![CDATA[Cannot load NiFiProperties from [src/test/resources/non_existent_nifi.properties]

usage: org.apache.nifi.properties.ConfigEncryptionTool [-h] [-v] [-n <file>] [-o <file>] [-l <file>] [-i <file>] [-a <file>] [-u <file>] [-f <file>] [-g <file>]
       [-b <file>] [-S <protectionScheme>] [-k <keyhex>] [-e <keyhex>] [-H <protectionScheme>] [-p <password>] [-w <password>] [-r] [-m] [-x] [-s
       <password|keyhex>] [-A <algorithm>] [-P <algorithm>] [-c]

This tool reads from a nifi.properties and/or login-identity-providers.xml file with plain sensitive configuration values, prompts the user for a root key, and
encrypts each value. It will replace the plain value with the protected value in the same file (or write to a new file if specified). It can also be used to
migrate already-encrypted values in those files or in flow.xml.gz to be encrypted with a new key.

 -h,--help                                     Show usage information (this message)
 -v,--verbose                                  Sets verbose mode (default false)
 -n,--niFiProperties <file>                    The nifi.properties file containing unprotected config values (will be overwritten unless -o is specified)
 -o,--outputNiFiProperties <file>              The destination nifi.properties file containing protected config values (will not modify input nifi.properties)
 -l,--loginIdentityProviders <file>            The login-identity-providers.xml file containing unprotected config values (will be overwritten unless -i is
                                               specified)
 -i,--outputLoginIdentityProviders <file>      The destination login-identity-providers.xml file containing protected config values (will not modify input
                                               login-identity-providers.xml)
 -a,--authorizers <file>                       The authorizers.xml file containing unprotected config values (will be overwritten unless -u is specified)
 -u,--outputAuthorizers <file>                 The destination authorizers.xml file containing protected config values (will not modify input authorizers.xml)
 -f,--flowXml <file>                           The flow.xml.gz file currently protected with old password (will be overwritten unless -g is specified)
 -g,--outputFlowXml <file>                     The destination flow.xml.gz file containing protected config values (will not modify input flow.xml.gz)
 -b,--bootstrapConf <file>                     The bootstrap.conf file to persist root key and to optionally provide any configuration for the protection
                                               scheme.
 -S,--protectionScheme <protectionScheme>      Selects the protection scheme for encrypted properties.  Valid values are: [AES_GCM, AWS_SECRETSMANAGER, AWS_KMS,
                                               AZURE_KEYVAULT_KEY, AZURE_KEYVAULT_SECRET, GCP_KMS, HASHICORP_VAULT_KV, HASHICORP_VAULT_TRANSIT] (default is
                                               AES_GCM)
 -k,--key <keyhex>                             The raw hexadecimal key to use to encrypt the sensitive properties
 -e,--oldKey <keyhex>                          The old raw hexadecimal key to use during key migration
 -H,--oldProtectionScheme <protectionScheme>   The old protection scheme to use during encryption migration (see --protectionScheme for possible values).
                                               Default is AES_GCM
 -p,--password <password>                      The password from which to derive the key to use to encrypt the sensitive properties
 -w,--oldPassword <password>                   The old password from which to derive the key during migration
 -r,--useRawKey                                If provided, the secure console will prompt for the raw key value in hexadecimal form
 -m,--migrate                                  If provided, the nifi.properties and/or login-identity-providers.xml sensitive properties will be re-encrypted
                                               with the new scheme
 -x,--encryptFlowXmlOnly                       If provided, the properties in flow.xml.gz will be re-encrypted with a new key but the nifi.properties and/or
                                               login-identity-providers.xml files will not be modified
 -s,--propsKey <password|keyhex>               The password or key to use to encrypt the sensitive processor properties in flow.xml.gz
 -A,--newFlowAlgorithm <algorithm>             The algorithm to use to encrypt the sensitive processor properties in flow.xml.gz
 -P,--newFlowProvider <algorithm>              The security provider to use to encrypt the sensitive processor properties in flow.xml.gz
 -c,--translateCli                             Translates the nifi.properties file to a format suitable for the NiFi CLI tool

Java home: null
NiFi Toolkit home: null
]]></system-out>
    <system-err><![CDATA[[main] WARN org.apache.nifi.properties.ConfigEncryptionTool - The source nifi.properties and destination nifi.properties are identical [src/test/resources/non_existent_nifi.properties] so the original will be overwritten
[main] INFO org.apache.nifi.properties.ConfigEncryptionToolTest - Parsed nifi.properties location: src/test/resources/non_existent_nifi.properties
]]></system-err>
  </testcase>
  <testcase name="testWriteNiFiPropertiesShouldHandleWriteFailureWhenFileDoesNotExist" classname="org.apache.nifi.properties.ConfigEncryptionToolTest" time="0.004">
    <system-err><![CDATA[[main] INFO org.apache.nifi.properties.ConfigEncryptionToolTest - Set POSIX permissions to [OTHERS_READ, OWNER_READ, GROUP_READ]
[main] WARN org.apache.nifi.properties.AbstractBootstrapPropertiesLoader - System Property [nifi.properties.file.path] not found: Using Relative Path [conf/nifi.properties]
[main] INFO org.apache.nifi.properties.NiFiPropertiesLoader - Loaded 82 properties from /home/alex/Repositories/nifi/nifi-toolkit/nifi-toolkit-encrypt-config/src/test/resources/nifi_with_sensitive_properties_unprotected.properties
[main] INFO org.apache.nifi.properties.ConfigEncryptionTool - Loaded NiFiProperties instance with 82 properties
[main] INFO org.apache.nifi.properties.ConfigEncryptionToolTest - Loaded 82 properties from src/test/resources/nifi_with_sensitive_properties_unprotected.properties
[main] INFO org.apache.nifi.properties.ConfigEncryptionToolTest - [EXPECTED] The nifi.properties file at target/tmp/tmp_nifi.properties must be writable by the user running this tool
]]></system-err>
  </testcase>
  <testcase name="testParseShouldWarnIfLoginIdentityProvidersWillBeOverwritten" classname="org.apache.nifi.properties.ConfigEncryptionToolTest" time="0.001">
    <system-err><![CDATA[[main] WARN org.apache.nifi.properties.ConfigEncryptionTool - The source login-identity-providers.xml and destination login-identity-providers.xml are identical [conf/login-identity-providers.xml] so the original will be overwritten
]]></system-err>
  </testcase>
  <testcase name="testShouldTranslateCliWithPlaintextInput" classname="org.apache.nifi.properties.ConfigEncryptionToolTest" time="0.03">
    <system-out><![CDATA[baseUrl=https://nifi.nifi.apache.org:8443
keystore=/path/to/keystore.jks
keystoreType=JKS
keystorePasswd=thisIsABadKeystorePassword
keyPasswd=thisIsABadKeyPassword
truststore=
truststoreType=
truststorePasswd=
proxiedEntity=
Tried to exit with status 0.

usage: org.apache.nifi.properties.ConfigEncryptionTool [-h] [-v] [-n <file>] [-o <file>] [-l <file>] [-i <file>] [-a <file>] [-u <file>] [-f <file>] [-g <file>]
       [-b <file>] [-S <protectionScheme>] [-k <keyhex>] [-e <keyhex>] [-H <protectionScheme>] [-p <password>] [-w <password>] [-r] [-m] [-x] [-s
       <password|keyhex>] [-A <algorithm>] [-P <algorithm>] [-c]

This tool reads from a nifi.properties and/or login-identity-providers.xml file with plain sensitive configuration values, prompts the user for a root key, and
encrypts each value. It will replace the plain value with the protected value in the same file (or write to a new file if specified). It can also be used to
migrate already-encrypted values in those files or in flow.xml.gz to be encrypted with a new key.

 -h,--help                                     Show usage information (this message)
 -v,--verbose                                  Sets verbose mode (default false)
 -n,--niFiProperties <file>                    The nifi.properties file containing unprotected config values (will be overwritten unless -o is specified)
 -o,--outputNiFiProperties <file>              The destination nifi.properties file containing protected config values (will not modify input nifi.properties)
 -l,--loginIdentityProviders <file>            The login-identity-providers.xml file containing unprotected config values (will be overwritten unless -i is
                                               specified)
 -i,--outputLoginIdentityProviders <file>      The destination login-identity-providers.xml file containing protected config values (will not modify input
                                               login-identity-providers.xml)
 -a,--authorizers <file>                       The authorizers.xml file containing unprotected config values (will be overwritten unless -u is specified)
 -u,--outputAuthorizers <file>                 The destination authorizers.xml file containing protected config values (will not modify input authorizers.xml)
 -f,--flowXml <file>                           The flow.xml.gz file currently protected with old password (will be overwritten unless -g is specified)
 -g,--outputFlowXml <file>                     The destination flow.xml.gz file containing protected config values (will not modify input flow.xml.gz)
 -b,--bootstrapConf <file>                     The bootstrap.conf file to persist root key and to optionally provide any configuration for the protection
                                               scheme.
 -S,--protectionScheme <protectionScheme>      Selects the protection scheme for encrypted properties.  Valid values are: [AES_GCM, AWS_SECRETSMANAGER, AWS_KMS,
                                               AZURE_KEYVAULT_KEY, AZURE_KEYVAULT_SECRET, GCP_KMS, HASHICORP_VAULT_KV, HASHICORP_VAULT_TRANSIT] (default is
                                               AES_GCM)
 -k,--key <keyhex>                             The raw hexadecimal key to use to encrypt the sensitive properties
 -e,--oldKey <keyhex>                          The old raw hexadecimal key to use during key migration
 -H,--oldProtectionScheme <protectionScheme>   The old protection scheme to use during encryption migration (see --protectionScheme for possible values).
                                               Default is AES_GCM
 -p,--password <password>                      The password from which to derive the key to use to encrypt the sensitive properties
 -w,--oldPassword <password>                   The old password from which to derive the key during migration
 -r,--useRawKey                                If provided, the secure console will prompt for the raw key value in hexadecimal form
 -m,--migrate                                  If provided, the nifi.properties and/or login-identity-providers.xml sensitive properties will be re-encrypted
                                               with the new scheme
 -x,--encryptFlowXmlOnly                       If provided, the properties in flow.xml.gz will be re-encrypted with a new key but the nifi.properties and/or
                                               login-identity-providers.xml files will not be modified
 -s,--propsKey <password|keyhex>               The password or key to use to encrypt the sensitive processor properties in flow.xml.gz
 -A,--newFlowAlgorithm <algorithm>             The algorithm to use to encrypt the sensitive processor properties in flow.xml.gz
 -P,--newFlowProvider <algorithm>              The security provider to use to encrypt the sensitive processor properties in flow.xml.gz
 -c,--translateCli                             Translates the nifi.properties file to a format suitable for the NiFi CLI tool

Java home: null
NiFi Toolkit home: null
]]></system-out>
    <system-err><![CDATA[[main] INFO org.apache.nifi.properties.ConfigEncryptionToolTest - Original key line from bootstrap.conf: nifi.bootstrap.sensitive.key=
[main] WARN org.apache.nifi.properties.AbstractBootstrapPropertiesLoader - System Property [nifi.properties.file.path] not found: Using Relative Path [conf/nifi.properties]
[main] INFO org.apache.nifi.properties.NiFiPropertiesLoader - Loaded 82 properties from /home/alex/Repositories/nifi/nifi-toolkit/nifi-toolkit-encrypt-config/src/test/resources/nifi_with_sensitive_properties_unprotected.properties
[main] INFO org.apache.nifi.properties.ConfigEncryptionToolTest - Loaded 82 properties from input file
[main] INFO org.apache.nifi.properties.ConfigEncryptionToolTest - Original sensitive values: [nifi.security.keyPasswd:thisIsABadKeyPassword, nifi.security.keystorePasswd:thisIsABadKeystorePassword, nifi.security.truststorePasswd:, nifi.sensitive.props.key:thisIsABadSensitiveKeyPassword, nifi.provenance.repository.encryption.key:null, nifi.provenance.repository.encryption.key.provider.password:null, nifi.flowfile.repository.encryption.key.provider.password:null, nifi.content.repository.encryption.key.provider.password:null, nifi.repository.encryption.key.provider.keystore.password:null]
[main] WARN org.apache.nifi.properties.ConfigEncryptionTool - The source nifi.properties and destination nifi.properties are identical [src/test/resources/nifi_with_sensitive_properties_unprotected.properties] so the original will be overwritten
[main] WARN org.apache.nifi.properties.AbstractBootstrapPropertiesLoader - No encryption key present in the bootstrap.conf file at target/tmp/tmp_bootstrap.conf
[main] INFO org.apache.nifi.properties.ConfigEncryptionTool - No root key detected in target/tmp/tmp_bootstrap.conf -- if src/test/resources/nifi_with_sensitive_properties_unprotected.properties is encrypted, the translation will fail
[main] INFO org.apache.nifi.properties.NiFiPropertiesLoader - Loaded 82 properties from /home/alex/Repositories/nifi/nifi-toolkit/nifi-toolkit-encrypt-config/src/test/resources/nifi_with_sensitive_properties_unprotected.properties
[main] INFO org.apache.nifi.properties.ConfigEncryptionTool - Loaded NiFiProperties instance with 82 properties
[main] INFO org.apache.nifi.properties.ConfigEncryptionToolTest - STDOUT:
	baseUrl=https://nifi.nifi.apache.org:8443
	keystore=/path/to/keystore.jks
	keystoreType=JKS
	keystorePasswd=thisIsABadKeystorePassword
	keyPasswd=thisIsABadKeyPassword
	truststore=
	truststoreType=
	truststorePasswd=
	proxiedEntity=
]]></system-err>
  </testcase>
  <testcase name="testUpdateBootstrapContentsWithKeyShouldOverwriteExistingKey" classname="org.apache.nifi.properties.ConfigEncryptionToolTest" time="0.003">
    <system-err><![CDATA[[main] INFO org.apache.nifi.properties.ConfigEncryptionToolTest - Updated bootstrap.conf lines: [# Root key in hexadecimal format for encrypted sensitive configuration values, nifi.bootstrap.sensitive.key=0123456789ABCDEFFEDCBA98765432100123456789ABCDEFFEDCBA9876543210]
]]></system-err>
  </testcase>
  <testcase name="testUpdateBootstrapContentsWithKeyShouldAddLines" classname="org.apache.nifi.properties.ConfigEncryptionToolTest" time="0.009">
    <system-err><![CDATA[[main] INFO org.apache.nifi.properties.ConfigEncryptionToolTest - Updated bootstrap.conf lines: [
, # Root key in hexadecimal format for encrypted sensitive configuration values, nifi.bootstrap.sensitive.key=0123456789ABCDEFFEDCBA98765432100123456789ABCDEFFEDCBA9876543210]
]]></system-err>
  </testcase>
  <testcase name="testFirstLineOfSerializedPropertiesShouldBeLocalizedDateTime" classname="org.apache.nifi.properties.ConfigEncryptionToolTest" time="0.292">
    <system-err><![CDATA[[main] INFO org.apache.nifi.properties.ConfigEncryptionToolTest - Loaded 2 properties
[main] INFO org.apache.nifi.properties.ConfigEncryptionToolTest - Current time zone: Western European Time (Europe/Lisbon)
[main] INFO org.apache.nifi.properties.ConfigEncryptionToolTest - First line date: #Thu May 02 02:22:35 GMT 2024
[main] INFO org.apache.nifi.properties.ConfigEncryptionToolTest - First line date: #Thu May 02 02:22:35 GMT 2024
[main] INFO org.apache.nifi.properties.ConfigEncryptionToolTest - First line date: #Thu May 02 05:22:35 EAT 2024
[main] INFO org.apache.nifi.properties.ConfigEncryptionToolTest - First line date: #Thu May 02 03:22:35 CET 2024
[main] INFO org.apache.nifi.properties.ConfigEncryptionToolTest - First line date: #Thu May 02 05:22:35 EAT 2024
[main] INFO org.apache.nifi.properties.ConfigEncryptionToolTest - First line date: #Thu May 02 05:22:35 EAT 2024
[main] INFO org.apache.nifi.properties.ConfigEncryptionToolTest - First line date: #Thu May 02 02:22:35 GMT 2024
[main] INFO org.apache.nifi.properties.ConfigEncryptionToolTest - First line date: #Thu May 02 03:22:35 WAT 2024
[main] INFO org.apache.nifi.properties.ConfigEncryptionToolTest - First line date: #Thu May 02 02:22:35 GMT 2024
[main] INFO org.apache.nifi.properties.ConfigEncryptionToolTest - First line date: #Thu May 02 02:22:35 GMT 2024
[main] INFO org.apache.nifi.properties.ConfigEncryptionToolTest - First line date: #Thu May 02 04:22:35 CAT 2024
[main] INFO org.apache.nifi.properties.ConfigEncryptionToolTest - First line date: #Thu May 02 03:22:35 WAT 2024
[main] INFO org.apache.nifi.properties.ConfigEncryptionToolTest - First line date: #Thu May 02 04:22:35 CAT 2024
[main] INFO org.apache.nifi.properties.ConfigEncryptionToolTest - First line date: #Thu May 02 05:22:35 EEST 2024
[main] INFO org.apache.nifi.properties.ConfigEncryptionToolTest - First line date: #Thu May 02 03:22:35 WEST 2024
[main] INFO org.apache.nifi.properties.ConfigEncryptionToolTest - First line date: #Thu May 02 04:22:35 CEST 2024
[main] INFO org.apache.nifi.properties.ConfigEncryptionToolTest - First line date: #Thu May 02 02:22:35 GMT 2024
[main] INFO org.apache.nifi.properties.ConfigEncryptionToolTest - First line date: #Thu May 02 02:22:35 GMT 2024
[main] INFO org.apache.nifi.properties.ConfigEncryptionToolTest - First line date: #Thu May 02 05:22:35 EAT 2024
[main] INFO org.apache.nifi.properties.ConfigEncryptionToolTest - First line date: #Thu May 02 05:22:35 EAT 2024
[main] INFO org.apache.nifi.properties.ConfigEncryptionToolTest - First line date: #Thu May 02 03:22:35 WAT 2024
[main] INFO org.apache.nifi.properties.ConfigEncryptionToolTest - First line date: #Thu May 02 03:22:35 WEST 2024
[main] INFO org.apache.nifi.properties.ConfigEncryptionToolTest - First line date: #Thu May 02 02:22:35 GMT 2024
[main] INFO org.apache.nifi.properties.ConfigEncryptionToolTest - First line date: #Thu May 02 04:22:35 CAT 2024
[main] INFO org.apache.nifi.properties.ConfigEncryptionToolTest - First line date: #Thu May 02 04:22:35 CAT 2024
[main] INFO org.apache.nifi.properties.ConfigEncryptionToolTest - First line date: #Thu May 02 04:22:35 SAST 2024
[main] INFO org.apache.nifi.properties.ConfigEncryptionToolTest - First line date: #Thu May 02 04:22:35 CAT 2024
[main] INFO org.apache.nifi.properties.ConfigEncryptionToolTest - First line date: #Thu May 02 05:22:35 EAT 2024
[main] INFO org.apache.nifi.properties.ConfigEncryptionToolTest - First line date: #Thu May 02 04:22:35 CAT 2024
[main] INFO org.apache.nifi.properties.ConfigEncryptionToolTest - First line date: #Thu May 02 04:22:35 CAT 2024
[main] INFO org.apache.nifi.properties.ConfigEncryptionToolTest - First line date: #Thu May 02 03:22:35 WAT 2024
[main] INFO org.apache.nifi.properties.ConfigEncryptionToolTest - First line date: #Thu May 02 03:22:35 WAT 2024
[main] INFO org.apache.nifi.properties.ConfigEncryptionToolTest - First line date: #Thu May 02 03:22:35 WAT 2024
[main] INFO org.apache.nifi.properties.ConfigEncryptionToolTest - First line date: #Thu May 02 02:22:35 GMT 2024
[main] INFO org.apache.nifi.properties.ConfigEncryptionToolTest - First line date: #Thu May 02 03:22:35 WAT 2024
[main] INFO org.apache.nifi.properties.ConfigEncryptionToolTest - First line date: #Thu May 02 04:22:35 CAT 2024
[main] INFO org.apache.nifi.properties.ConfigEncryptionToolTest - First line date: #Thu May 02 04:22:35 CAT 2024
[main] INFO org.apache.nifi.properties.ConfigEncryptionToolTest - First line date: #Thu May 02 03:22:35 WAT 2024
[main] INFO org.apache.nifi.properties.ConfigEncryptionToolTest - First line date: #Thu May 02 04:22:35 CAT 2024
[main] INFO org.apache.nifi.properties.ConfigEncryptionToolTest - First line date: #Thu May 02 04:22:35 SAST 2024
[main] INFO org.apache.nifi.properties.ConfigEncryptionToolTest - First line date: #Thu May 02 04:22:35 SAST 2024
[main] INFO org.apache.nifi.properties.ConfigEncryptionToolTest - First line date: #Thu May 02 05:22:35 EAT 2024
[main] INFO org.apache.nifi.properties.ConfigEncryptionToolTest - First line date: #Thu May 02 02:22:35 GMT 2024
[main] INFO org.apache.nifi.properties.ConfigEncryptionToolTest - First line date: #Thu May 02 05:22:35 EAT 2024
[main] INFO org.apache.nifi.properties.ConfigEncryptionToolTest - First line date: #Thu May 02 03:22:35 WAT 2024
[main] INFO org.apache.nifi.properties.ConfigEncryptionToolTest - First line date: #Thu May 02 03:22:35 WAT 2024
[main] INFO org.apache.nifi.properties.ConfigEncryptionToolTest - First line date: #Thu May 02 02:22:35 GMT 2024
[main] INFO org.apache.nifi.properties.ConfigEncryptionToolTest - First line date: #Thu May 02 02:22:35 GMT 2024
[main] INFO org.apache.nifi.properties.ConfigEncryptionToolTest - First line date: #Thu May 02 03:22:35 WAT 2024
[main] INFO org.apache.nifi.properties.ConfigEncryptionToolTest - First line date: #Thu May 02 02:22:35 GMT 2024
[main] INFO org.apache.nifi.properties.ConfigEncryptionToolTest - First line date: #Thu May 02 02:22:35 GMT 2024
[main] INFO org.apache.nifi.properties.ConfigEncryptionToolTest - First line date: #Thu May 02 04:22:35 EET 2024
[main] INFO org.apache.nifi.properties.ConfigEncryptionToolTest - First line date: #Thu May 02 03:22:35 CET 2024
[main] INFO org.apache.nifi.properties.ConfigEncryptionToolTest - First line date: #Thu May 02 04:22:35 CAT 2024
[main] INFO org.apache.nifi.properties.ConfigEncryptionToolTest - First line date: #Wed May 01 17:22:35 HDT 2024
[main] INFO org.apache.nifi.properties.ConfigEncryptionToolTest - First line date: #Wed May 01 18:22:35 AKDT 2024
[main] INFO org.apache.nifi.properties.ConfigEncryptionToolTest - First line date: #Wed May 01 22:22:35 AST 2024
[main] INFO org.apache.nifi.properties.ConfigEncryptionToolTest - First line date: #Wed May 01 22:22:35 AST 2024
[main] INFO org.apache.nifi.properties.ConfigEncryptionToolTest - First line date: #Wed May 01 23:22:35 BRT 2024
[main] INFO org.apache.nifi.properties.ConfigEncryptionToolTest - First line date: #Wed May 01 23:22:35 ART 2024
[main] INFO org.apache.nifi.properties.ConfigEncryptionToolTest - First line date: #Wed May 01 23:22:35 ART 2024
[main] INFO org.apache.nifi.properties.ConfigEncryptionToolTest - First line date: #Wed May 01 23:22:35 ART 2024
[main] INFO org.apache.nifi.properties.ConfigEncryptionToolTest - First line date: #Wed May 01 23:22:35 ART 2024
[main] INFO org.apache.nifi.properties.ConfigEncryptionToolTest - First line date: #Wed May 01 23:22:35 ART 2024
[main] INFO org.apache.nifi.properties.ConfigEncryptionToolTest - First line date: #Wed May 01 23:22:35 ART 2024
[main] INFO org.apache.nifi.properties.ConfigEncryptionToolTest - First line date: #Wed May 01 23:22:35 ART 2024
[main] INFO org.apache.nifi.properties.ConfigEncryptionToolTest - First line date: #Wed May 01 23:22:35 ART 2024
[main] INFO org.apache.nifi.properties.ConfigEncryptionToolTest - First line date: #Wed May 01 23:22:35 ART 2024
[main] INFO org.apache.nifi.properties.ConfigEncryptionToolTest - First line date: #Wed May 01 23:22:35 ART 2024
[main] INFO org.apache.nifi.properties.ConfigEncryptionToolTest - First line date: #Wed May 01 23:22:35 ART 2024
[main] INFO org.apache.nifi.properties.ConfigEncryptionToolTest - First line date: #Wed May 01 23:22:35 ART 2024
[main] INFO org.apache.nifi.properties.ConfigEncryptionToolTest - First line date: #Wed May 01 23:22:35 ART 2024
[main] INFO org.apache.nifi.properties.ConfigEncryptionToolTest - First line date: #Wed May 01 22:22:35 AST 2024
[main] INFO org.apache.nifi.properties.ConfigEncryptionToolTest - First line date: #Wed May 01 22:22:35 PYT 2024
[main] INFO org.apache.nifi.properties.ConfigEncryptionToolTest - First line date: #Wed May 01 21:22:35 EST 2024
[main] INFO org.apache.nifi.properties.ConfigEncryptionToolTest - First line date: #Wed May 01 17:22:35 HDT 2024
[main] INFO org.apache.nifi.properties.ConfigEncryptionToolTest - First line date: #Wed May 01 23:22:35 BRT 2024
[main] INFO org.apache.nifi.properties.ConfigEncryptionToolTest - First line date: #Wed May 01 20:22:35 CST 2024
[main] INFO org.apache.nifi.properties.ConfigEncryptionToolTest - First line date: #Wed May 01 22:22:35 AST 2024
[main] INFO org.apache.nifi.properties.ConfigEncryptionToolTest - First line date: #Wed May 01 23:22:35 BRT 2024
[main] INFO org.apache.nifi.properties.ConfigEncryptionToolTest - First line date: #Wed May 01 20:22:35 CST 2024
[main] INFO org.apache.nifi.properties.ConfigEncryptionToolTest - First line date: #Wed May 01 22:22:35 AST 2024
[main] INFO org.apache.nifi.properties.ConfigEncryptionToolTest - First line date: #Wed May 01 22:22:35 AMT 2024
[main] INFO org.apache.nifi.properties.ConfigEncryptionToolTest - First line date: #Wed May 01 21:22:35 COT 2024
[main] INFO org.apache.nifi.properties.ConfigEncryptionToolTest - First line date: #Wed May 01 20:22:35 MDT 2024
[main] INFO org.apache.nifi.properties.ConfigEncryptionToolTest - First line date: #Wed May 01 23:22:35 ART 2024
[main] INFO org.apache.nifi.properties.ConfigEncryptionToolTest - First line date: #Wed May 01 20:22:35 MDT 2024
[main] INFO org.apache.nifi.properties.ConfigEncryptionToolTest - First line date: #Wed May 01 22:22:35 AMT 2024
[main] INFO org.apache.nifi.properties.ConfigEncryptionToolTest - First line date: #Wed May 01 21:22:35 EST 2024
[main] INFO org.apache.nifi.properties.ConfigEncryptionToolTest - First line date: #Wed May 01 22:22:35 VET 2024
[main] INFO org.apache.nifi.properties.ConfigEncryptionToolTest - First line date: #Wed May 01 23:22:35 ART 2024
[main] INFO org.apache.nifi.properties.ConfigEncryptionToolTest - First line date: #Wed May 01 23:22:35 GFT 2024
[main] INFO org.apache.nifi.properties.ConfigEncryptionToolTest - First line date: #Wed May 01 21:22:35 EST 2024
[main] INFO org.apache.nifi.properties.ConfigEncryptionToolTest - First line date: #Wed May 01 21:22:35 CDT 2024
[main] INFO org.apache.nifi.properties.ConfigEncryptionToolTest - First line date: #Wed May 01 20:22:35 CST 2024
[main] INFO org.apache.nifi.properties.ConfigEncryptionToolTest - First line date: #Wed May 01 20:22:35 MDT 2024
[main] INFO org.apache.nifi.properties.ConfigEncryptionToolTest - First line date: #Wed May 01 21:22:35 EST 2024
[main] INFO org.apache.nifi.properties.ConfigEncryptionToolTest - First line date: #Wed May 01 23:22:35 ART 2024
[main] INFO org.apache.nifi.properties.ConfigEncryptionToolTest - First line date: #Wed May 01 20:22:35 CST 2024
[main] INFO org.apache.nifi.properties.ConfigEncryptionToolTest - First line date: #Wed May 01 19:22:35 MST 2024
[main] INFO org.apache.nifi.properties.ConfigEncryptionToolTest - First line date: #Wed May 01 22:22:35 AMT 2024
[main] INFO org.apache.nifi.properties.ConfigEncryptionToolTest - First line date: #Wed May 01 22:22:35 AST 2024
[main] INFO org.apache.nifi.properties.ConfigEncryptionToolTest - First line date: #Thu May 02 02:22:35 GMT 2024
[main] INFO org.apache.nifi.properties.ConfigEncryptionToolTest - First line date: #Wed May 01 19:22:35 MST 2024
[main] INFO org.apache.nifi.properties.ConfigEncryptionToolTest - First line date: #Wed May 01 19:22:35 MST 2024
[main] INFO org.apache.nifi.properties.ConfigEncryptionToolTest - First line date: #Wed May 01 20:22:35 MDT 2024
[main] INFO org.apache.nifi.properties.ConfigEncryptionToolTest - First line date: #Wed May 01 22:22:35 EDT 2024
[main] INFO org.apache.nifi.properties.ConfigEncryptionToolTest - First line date: #Wed May 01 22:22:35 AST 2024
[main] INFO org.apache.nifi.properties.ConfigEncryptionToolTest - First line date: #Wed May 01 20:22:35 MDT 2024
[main] INFO org.apache.nifi.properties.ConfigEncryptionToolTest - First line date: #Wed May 01 21:22:35 ACT 2024
[main] INFO org.apache.nifi.properties.ConfigEncryptionToolTest - First line date: #Wed May 01 20:22:35 CST 2024
[main] INFO org.apache.nifi.properties.ConfigEncryptionToolTest - First line date: #Wed May 01 19:22:35 PDT 2024
[main] INFO org.apache.nifi.properties.ConfigEncryptionToolTest - First line date: #Wed May 01 19:22:35 MST 2024
[main] INFO org.apache.nifi.properties.ConfigEncryptionToolTest - First line date: #Wed May 01 22:22:35 EDT 2024
[main] INFO org.apache.nifi.properties.ConfigEncryptionToolTest - First line date: #Wed May 01 23:22:35 BRT 2024
[main] INFO org.apache.nifi.properties.ConfigEncryptionToolTest - First line date: #Wed May 01 23:22:35 ADT 2024
[main] INFO org.apache.nifi.properties.ConfigEncryptionToolTest - First line date: #Thu May 02 01:22:35 WGST 2024
[main] INFO org.apache.nifi.properties.ConfigEncryptionToolTest - First line date: #Wed May 01 23:22:35 ADT 2024
[main] INFO org.apache.nifi.properties.ConfigEncryptionToolTest - First line date: #Wed May 01 22:22:35 EDT 2024
[main] INFO org.apache.nifi.properties.ConfigEncryptionToolTest - First line date: #Wed May 01 22:22:35 AST 2024
[main] INFO org.apache.nifi.properties.ConfigEncryptionToolTest - First line date: #Wed May 01 22:22:35 AST 2024
[main] INFO org.apache.nifi.properties.ConfigEncryptionToolTest - First line date: #Wed May 01 20:22:35 CST 2024
[main] INFO org.apache.nifi.properties.ConfigEncryptionToolTest - First line date: #Wed May 01 21:22:35 ECT 2024
[main] INFO org.apache.nifi.properties.ConfigEncryptionToolTest - First line date: #Wed May 01 22:22:35 GYT 2024
[main] INFO org.apache.nifi.properties.ConfigEncryptionToolTest - First line date: #Wed May 01 23:22:35 ADT 2024
[main] INFO org.apache.nifi.properties.ConfigEncryptionToolTest - First line date: #Wed May 01 22:22:35 CDT 2024
[main] INFO org.apache.nifi.properties.ConfigEncryptionToolTest - First line date: #Wed May 01 19:22:35 MST 2024
[main] INFO org.apache.nifi.properties.ConfigEncryptionToolTest - First line date: #Wed May 01 22:22:35 EDT 2024
[main] INFO org.apache.nifi.properties.ConfigEncryptionToolTest - First line date: #Wed May 01 21:22:35 CDT 2024
[main] INFO org.apache.nifi.properties.ConfigEncryptionToolTest - First line date: #Wed May 01 22:22:35 EDT 2024
[main] INFO org.apache.nifi.properties.ConfigEncryptionToolTest - First line date: #Wed May 01 22:22:35 EDT 2024
[main] INFO org.apache.nifi.properties.ConfigEncryptionToolTest - First line date: #Wed May 01 21:22:35 CDT 2024
[main] INFO org.apache.nifi.properties.ConfigEncryptionToolTest - First line date: #Wed May 01 22:22:35 EDT 2024
[main] INFO org.apache.nifi.properties.ConfigEncryptionToolTest - First line date: #Wed May 01 22:22:35 EDT 2024
[main] INFO org.apache.nifi.properties.ConfigEncryptionToolTest - First line date: #Wed May 01 22:22:35 EDT 2024
[main] INFO org.apache.nifi.properties.ConfigEncryptionToolTest - First line date: #Wed May 01 22:22:35 EDT 2024
[main] INFO org.apache.nifi.properties.ConfigEncryptionToolTest - First line date: #Wed May 01 20:22:35 MDT 2024
[main] INFO org.apache.nifi.properties.ConfigEncryptionToolTest - First line date: #Wed May 01 22:22:35 EDT 2024
[main] INFO org.apache.nifi.properties.ConfigEncryptionToolTest - First line date: #Wed May 01 21:22:35 EST 2024
[main] INFO org.apache.nifi.properties.ConfigEncryptionToolTest - First line date: #Wed May 01 23:22:35 ART 2024
[main] INFO org.apache.nifi.properties.ConfigEncryptionToolTest - First line date: #Wed May 01 18:22:35 AKDT 2024
[main] INFO org.apache.nifi.properties.ConfigEncryptionToolTest - First line date: #Wed May 01 22:22:35 EDT 2024
[main] INFO org.apache.nifi.properties.ConfigEncryptionToolTest - First line date: #Wed May 01 22:22:35 EDT 2024
[main] INFO org.apache.nifi.properties.ConfigEncryptionToolTest - First line date: #Wed May 01 21:22:35 CDT 2024
[main] INFO org.apache.nifi.properties.ConfigEncryptionToolTest - First line date: #Wed May 01 22:22:35 AST 2024
[main] INFO org.apache.nifi.properties.ConfigEncryptionToolTest - First line date: #Wed May 01 22:22:35 BOT 2024
[main] INFO org.apache.nifi.properties.ConfigEncryptionToolTest - First line date: #Wed May 01 21:22:35 PET 2024
[main] INFO org.apache.nifi.properties.ConfigEncryptionToolTest - First line date: #Wed May 01 19:22:35 PDT 2024
[main] INFO org.apache.nifi.properties.ConfigEncryptionToolTest - First line date: #Wed May 01 22:22:35 EDT 2024
[main] INFO org.apache.nifi.properties.ConfigEncryptionToolTest - First line date: #Wed May 01 22:22:35 AST 2024
[main] INFO org.apache.nifi.properties.ConfigEncryptionToolTest - First line date: #Wed May 01 23:22:35 BRT 2024
[main] INFO org.apache.nifi.properties.ConfigEncryptionToolTest - First line date: #Wed May 01 20:22:35 CST 2024
[main] INFO org.apache.nifi.properties.ConfigEncryptionToolTest - First line date: #Wed May 01 22:22:35 AMT 2024
[main] INFO org.apache.nifi.properties.ConfigEncryptionToolTest - First line date: #Wed May 01 22:22:35 AST 2024
[main] INFO org.apache.nifi.properties.ConfigEncryptionToolTest - First line date: #Wed May 01 22:22:35 AST 2024
[main] INFO org.apache.nifi.properties.ConfigEncryptionToolTest - First line date: #Wed May 01 21:22:35 CDT 2024
[main] INFO org.apache.nifi.properties.ConfigEncryptionToolTest - First line date: #Wed May 01 19:22:35 MST 2024
[main] INFO org.apache.nifi.properties.ConfigEncryptionToolTest - First line date: #Wed May 01 23:22:35 ART 2024
[main] INFO org.apache.nifi.properties.ConfigEncryptionToolTest - First line date: #Wed May 01 21:22:35 CDT 2024
[main] INFO org.apache.nifi.properties.ConfigEncryptionToolTest - First line date: #Wed May 01 20:22:35 CST 2024
[main] INFO org.apache.nifi.properties.ConfigEncryptionToolTest - First line date: #Wed May 01 18:22:35 AKDT 2024
[main] INFO org.apache.nifi.properties.ConfigEncryptionToolTest - First line date: #Wed May 01 20:22:35 CST 2024
[main] INFO org.apache.nifi.properties.ConfigEncryptionToolTest - First line date: #Thu May 02 00:22:35 PMDT 2024
[main] INFO org.apache.nifi.properties.ConfigEncryptionToolTest - First line date: #Wed May 01 23:22:35 ADT 2024
[main] INFO org.apache.nifi.properties.ConfigEncryptionToolTest - First line date: #Wed May 01 20:22:35 CST 2024
[main] INFO org.apache.nifi.properties.ConfigEncryptionToolTest - First line date: #Wed May 01 23:22:35 UYT 2024
[main] INFO org.apache.nifi.properties.ConfigEncryptionToolTest - First line date: #Wed May 01 22:22:35 EDT 2024
[main] INFO org.apache.nifi.properties.ConfigEncryptionToolTest - First line date: #Wed May 01 22:22:35 AST 2024
[main] INFO org.apache.nifi.properties.ConfigEncryptionToolTest - First line date: #Wed May 01 22:22:35 EDT 2024
[main] INFO org.apache.nifi.properties.ConfigEncryptionToolTest - First line date: #Wed May 01 22:22:35 EDT 2024
[main] INFO org.apache.nifi.properties.ConfigEncryptionToolTest - First line date: #Wed May 01 22:22:35 EDT 2024
[main] INFO org.apache.nifi.properties.ConfigEncryptionToolTest - First line date: #Wed May 01 18:22:35 AKDT 2024
[main] INFO org.apache.nifi.properties.ConfigEncryptionToolTest - First line date: #Thu May 02 00:22:35 FNT 2024
[main] INFO org.apache.nifi.properties.ConfigEncryptionToolTest - First line date: #Wed May 01 21:22:35 CDT 2024
[main] INFO org.apache.nifi.properties.ConfigEncryptionToolTest - First line date: #Wed May 01 21:22:35 CDT 2024
[main] INFO org.apache.nifi.properties.ConfigEncryptionToolTest - First line date: #Wed May 01 21:22:35 CDT 2024
[main] INFO org.apache.nifi.properties.ConfigEncryptionToolTest - First line date: #Thu May 02 01:22:35 WGST 2024
[main] INFO org.apache.nifi.properties.ConfigEncryptionToolTest - First line date: #Wed May 01 21:22:35 CDT 2024
[main] INFO org.apache.nifi.properties.ConfigEncryptionToolTest - First line date: #Wed May 01 21:22:35 EST 2024
[main] INFO org.apache.nifi.properties.ConfigEncryptionToolTest - First line date: #Wed May 01 22:22:35 EDT 2024
[main] INFO org.apache.nifi.properties.ConfigEncryptionToolTest - First line date: #Wed May 01 23:22:35 SRT 2024
[main] INFO org.apache.nifi.properties.ConfigEncryptionToolTest - First line date: #Wed May 01 19:22:35 MST 2024
[main] INFO org.apache.nifi.properties.ConfigEncryptionToolTest - First line date: #Wed May 01 22:22:35 EDT 2024
[main] INFO org.apache.nifi.properties.ConfigEncryptionToolTest - First line date: #Wed May 01 22:22:35 AST 2024
[main] INFO org.apache.nifi.properties.ConfigEncryptionToolTest - First line date: #Wed May 01 21:22:35 ACT 2024
[main] INFO org.apache.nifi.properties.ConfigEncryptionToolTest - First line date: #Wed May 01 22:22:35 AMT 2024
[main] INFO org.apache.nifi.properties.ConfigEncryptionToolTest - First line date: #Wed May 01 22:22:35 AST 2024
[main] INFO org.apache.nifi.properties.ConfigEncryptionToolTest - First line date: #Wed May 01 23:22:35 GMT-03:00 2024
[main] INFO org.apache.nifi.properties.ConfigEncryptionToolTest - First line date: #Wed May 01 21:22:35 CDT 2024
[main] INFO org.apache.nifi.properties.ConfigEncryptionToolTest - First line date: #Wed May 01 21:22:35 CDT 2024
[main] INFO org.apache.nifi.properties.ConfigEncryptionToolTest - First line date: #Wed May 01 23:22:35 BRT 2024
[main] INFO org.apache.nifi.properties.ConfigEncryptionToolTest - First line date: #Wed May 01 20:22:35 CST 2024
[main] INFO org.apache.nifi.properties.ConfigEncryptionToolTest - First line date: #Wed May 01 21:22:35 CDT 2024
[main] INFO org.apache.nifi.properties.ConfigEncryptionToolTest - First line date: #Wed May 01 21:22:35 ACT 2024
[main] INFO org.apache.nifi.properties.ConfigEncryptionToolTest - First line date: #Wed May 01 23:22:35 ART 2024
[main] INFO org.apache.nifi.properties.ConfigEncryptionToolTest - First line date: #Wed May 01 19:22:35 PDT 2024
[main] INFO org.apache.nifi.properties.ConfigEncryptionToolTest - First line date: #Wed May 01 23:22:35 BRT 2024
[main] INFO org.apache.nifi.properties.ConfigEncryptionToolTest - First line date: #Wed May 01 22:22:35 CLT 2024
[main] INFO org.apache.nifi.properties.ConfigEncryptionToolTest - First line date: #Wed May 01 22:22:35 AST 2024
[main] INFO org.apache.nifi.properties.ConfigEncryptionToolTest - First line date: #Wed May 01 23:22:35 BRT 2024
[main] INFO org.apache.nifi.properties.ConfigEncryptionToolTest - First line date: #Thu May 02 02:22:35 EGST 2024
[main] INFO org.apache.nifi.properties.ConfigEncryptionToolTest - First line date: #Wed May 01 20:22:35 MDT 2024
[main] INFO org.apache.nifi.properties.ConfigEncryptionToolTest - First line date: #Wed May 01 18:22:35 AKDT 2024
[main] INFO org.apache.nifi.properties.ConfigEncryptionToolTest - First line date: #Wed May 01 22:22:35 AST 2024
[main] INFO org.apache.nifi.properties.ConfigEncryptionToolTest - First line date: #Wed May 01 23:52:35 NDT 2024
[main] INFO org.apache.nifi.properties.ConfigEncryptionToolTest - First line date: #Wed May 01 22:22:35 AST 2024
[main] INFO org.apache.nifi.properties.ConfigEncryptionToolTest - First line date: #Wed May 01 22:22:35 AST 2024
[main] INFO org.apache.nifi.properties.ConfigEncryptionToolTest - First line date: #Wed May 01 22:22:35 AST 2024
[main] INFO org.apache.nifi.properties.ConfigEncryptionToolTest - First line date: #Wed May 01 22:22:35 AST 2024
[main] INFO org.apache.nifi.properties.ConfigEncryptionToolTest - First line date: #Wed May 01 20:22:35 CST 2024
[main] INFO org.apache.nifi.properties.ConfigEncryptionToolTest - First line date: #Wed May 01 20:22:35 CST 2024
[main] INFO org.apache.nifi.properties.ConfigEncryptionToolTest - First line date: #Wed May 01 23:22:35 ADT 2024
[main] INFO org.apache.nifi.properties.ConfigEncryptionToolTest - First line date: #Wed May 01 22:22:35 EDT 2024
[main] INFO org.apache.nifi.properties.ConfigEncryptionToolTest - First line date: #Wed May 01 19:22:35 PDT 2024
[main] INFO org.apache.nifi.properties.ConfigEncryptionToolTest - First line date: #Wed May 01 22:22:35 EDT 2024
[main] INFO org.apache.nifi.properties.ConfigEncryptionToolTest - First line date: #Wed May 01 22:22:35 AST 2024
[main] INFO org.apache.nifi.properties.ConfigEncryptionToolTest - First line date: #Wed May 01 19:22:35 PDT 2024
[main] INFO org.apache.nifi.properties.ConfigEncryptionToolTest - First line date: #Wed May 01 22:22:35 AST 2024
[main] INFO org.apache.nifi.properties.ConfigEncryptionToolTest - First line date: #Wed May 01 19:22:35 MST 2024
[main] INFO org.apache.nifi.properties.ConfigEncryptionToolTest - First line date: #Wed May 01 21:22:35 CDT 2024
[main] INFO org.apache.nifi.properties.ConfigEncryptionToolTest - First line date: #Wed May 01 18:22:35 AKDT 2024
[main] INFO org.apache.nifi.properties.ConfigEncryptionToolTest - First line date: #Wed May 01 20:22:35 MDT 2024
[main] INFO org.apache.nifi.properties.ConfigEncryptionToolTest - First line date: #Thu May 02 13:22:35 AWST 2024
[main] INFO org.apache.nifi.properties.ConfigEncryptionToolTest - First line date: #Thu May 02 09:22:35 DAVT 2024
[main] INFO org.apache.nifi.properties.ConfigEncryptionToolTest - First line date: #Thu May 02 12:22:35 DDUT 2024
[main] INFO org.apache.nifi.properties.ConfigEncryptionToolTest - First line date: #Thu May 02 12:22:35 AEST 2024
[main] INFO org.apache.nifi.properties.ConfigEncryptionToolTest - First line date: #Thu May 02 07:22:35 MAWT 2024
[main] INFO org.apache.nifi.properties.ConfigEncryptionToolTest - First line date: #Thu May 02 14:22:35 NZST 2024
[main] INFO org.apache.nifi.properties.ConfigEncryptionToolTest - First line date: #Wed May 01 23:22:35 CLT 2024
[main] INFO org.apache.nifi.properties.ConfigEncryptionToolTest - First line date: #Wed May 01 23:22:35 ROTT 2024
[main] INFO org.apache.nifi.properties.ConfigEncryptionToolTest - First line date: #Thu May 02 14:22:35 NZST 2024
[main] INFO org.apache.nifi.properties.ConfigEncryptionToolTest - First line date: #Thu May 02 05:22:35 SYOT 2024
[main] INFO org.apache.nifi.properties.ConfigEncryptionToolTest - First line date: #Thu May 02 04:22:35 CEST 2024
[main] INFO org.apache.nifi.properties.ConfigEncryptionToolTest - First line date: #Thu May 02 08:22:35 VOST 2024
[main] INFO org.apache.nifi.properties.ConfigEncryptionToolTest - First line date: #Thu May 02 04:22:35 CEST 2024
[main] INFO org.apache.nifi.properties.ConfigEncryptionToolTest - First line date: #Thu May 02 05:22:35 AST 2024
[main] INFO org.apache.nifi.properties.ConfigEncryptionToolTest - First line date: #Thu May 02 08:22:35 ALMT 2024
[main] INFO org.apache.nifi.properties.ConfigEncryptionToolTest - First line date: #Thu May 02 05:22:35 EET 2024
[main] INFO org.apache.nifi.properties.ConfigEncryptionToolTest - First line date: #Thu May 02 14:22:35 ANAT 2024
[main] INFO org.apache.nifi.properties.ConfigEncryptionToolTest - First line date: #Thu May 02 07:22:35 AQTT 2024
[main] INFO org.apache.nifi.properties.ConfigEncryptionToolTest - First line date: #Thu May 02 07:22:35 AQTT 2024
[main] INFO org.apache.nifi.properties.ConfigEncryptionToolTest - First line date: #Thu May 02 07:22:35 TMT 2024
[main] INFO org.apache.nifi.properties.ConfigEncryptionToolTest - First line date: #Thu May 02 07:22:35 TMT 2024
[main] INFO org.apache.nifi.properties.ConfigEncryptionToolTest - First line date: #Thu May 02 07:22:35 GMT+05:00 2024
[main] INFO org.apache.nifi.properties.ConfigEncryptionToolTest - First line date: #Thu May 02 05:22:35 AST 2024
[main] INFO org.apache.nifi.properties.ConfigEncryptionToolTest - First line date: #Thu May 02 05:22:35 AST 2024
[main] INFO org.apache.nifi.properties.ConfigEncryptionToolTest - First line date: #Thu May 02 06:22:35 AZT 2024
[main] INFO org.apache.nifi.properties.ConfigEncryptionToolTest - First line date: #Thu May 02 09:22:35 ICT 2024
[main] INFO org.apache.nifi.properties.ConfigEncryptionToolTest - First line date: #Thu May 02 09:22:35 GMT+07:00 2024
[main] INFO org.apache.nifi.properties.ConfigEncryptionToolTest - First line date: #Thu May 02 05:22:35 EEST 2024
[main] INFO org.apache.nifi.properties.ConfigEncryptionToolTest - First line date: #Thu May 02 08:22:35 KGT 2024
[main] INFO org.apache.nifi.properties.ConfigEncryptionToolTest - First line date: #Thu May 02 10:22:35 BNT 2024
[main] INFO org.apache.nifi.properties.ConfigEncryptionToolTest - First line date: #Thu May 02 07:52:35 IST 2024
[main] INFO org.apache.nifi.properties.ConfigEncryptionToolTest - First line date: #Thu May 02 11:22:35 YAKT 2024
[main] INFO org.apache.nifi.properties.ConfigEncryptionToolTest - First line date: #Thu May 02 10:22:35 CHOT 2024
[main] INFO org.apache.nifi.properties.ConfigEncryptionToolTest - First line date: #Thu May 02 10:22:35 CST 2024
[main] INFO org.apache.nifi.properties.ConfigEncryptionToolTest - First line date: #Thu May 02 10:22:35 CST 2024
[main] INFO org.apache.nifi.properties.ConfigEncryptionToolTest - First line date: #Thu May 02 07:52:35 IST 2024
[main] INFO org.apache.nifi.properties.ConfigEncryptionToolTest - First line date: #Thu May 02 08:22:35 BDT 2024
[main] INFO org.apache.nifi.properties.ConfigEncryptionToolTest - First line date: #Thu May 02 05:22:35 EET 2024
[main] INFO org.apache.nifi.properties.ConfigEncryptionToolTest - First line date: #Thu May 02 08:22:35 BDT 2024
[main] INFO org.apache.nifi.properties.ConfigEncryptionToolTest - First line date: #Thu May 02 11:22:35 TLT 2024
[main] INFO org.apache.nifi.properties.ConfigEncryptionToolTest - First line date: #Thu May 02 06:22:35 GST 2024
[main] INFO org.apache.nifi.properties.ConfigEncryptionToolTest - First line date: #Thu May 02 07:22:35 TJT 2024
[main] INFO org.apache.nifi.properties.ConfigEncryptionToolTest - First line date: #Thu May 02 05:22:35 GMT+03:00 2024
[main] INFO org.apache.nifi.properties.ConfigEncryptionToolTest - First line date: #Thu May 02 05:22:35 EEST 2024
[main] INFO org.apache.nifi.properties.ConfigEncryptionToolTest - First line date: #Thu May 02 10:22:35 CST 2024
[main] INFO org.apache.nifi.properties.ConfigEncryptionToolTest - First line date: #Thu May 02 05:22:35 EEST 2024
[main] INFO org.apache.nifi.properties.ConfigEncryptionToolTest - First line date: #Thu May 02 09:22:35 ICT 2024
[main] INFO org.apache.nifi.properties.ConfigEncryptionToolTest - First line date: #Thu May 02 10:22:35 HKT 2024
[main] INFO org.apache.nifi.properties.ConfigEncryptionToolTest - First line date: #Thu May 02 09:22:35 HOVT 2024
[main] INFO org.apache.nifi.properties.ConfigEncryptionToolTest - First line date: #Thu May 02 10:22:35 IRKT 2024
[main] INFO org.apache.nifi.properties.ConfigEncryptionToolTest - First line date: #Thu May 02 05:22:35 TRT 2024
[main] INFO org.apache.nifi.properties.ConfigEncryptionToolTest - First line date: #Thu May 02 09:22:35 WIB 2024
[main] INFO org.apache.nifi.properties.ConfigEncryptionToolTest - First line date: #Thu May 02 11:22:35 WIT 2024
[main] INFO org.apache.nifi.properties.ConfigEncryptionToolTest - First line date: #Thu May 02 05:22:35 IDT 2024
[main] INFO org.apache.nifi.properties.ConfigEncryptionToolTest - First line date: #Thu May 02 06:52:35 AFT 2024
[main] INFO org.apache.nifi.properties.ConfigEncryptionToolTest - First line date: #Thu May 02 14:22:35 PETT 2024
[main] INFO org.apache.nifi.properties.ConfigEncryptionToolTest - First line date: #Thu May 02 07:22:35 PKT 2024
[main] INFO org.apache.nifi.properties.ConfigEncryptionToolTest - First line date: #Thu May 02 08:22:35 XJT 2024
[main] INFO org.apache.nifi.properties.ConfigEncryptionToolTest - First line date: #Thu May 02 08:07:35 NPT 2024
[main] INFO org.apache.nifi.properties.ConfigEncryptionToolTest - First line date: #Thu May 02 08:07:35 NPT 2024
[main] INFO org.apache.nifi.properties.ConfigEncryptionToolTest - First line date: #Thu May 02 11:22:35 YAKT 2024
[main] INFO org.apache.nifi.properties.ConfigEncryptionToolTest - First line date: #Thu May 02 07:52:35 IST 2024
[main] INFO org.apache.nifi.properties.ConfigEncryptionToolTest - First line date: #Thu May 02 09:22:35 KRAT 2024
[main] INFO org.apache.nifi.properties.ConfigEncryptionToolTest - First line date: #Thu May 02 10:22:35 MYT 2024
[main] INFO org.apache.nifi.properties.ConfigEncryptionToolTest - First line date: #Thu May 02 10:22:35 MYT 2024
[main] INFO org.apache.nifi.properties.ConfigEncryptionToolTest - First line date: #Thu May 02 05:22:35 AST 2024
[main] INFO org.apache.nifi.properties.ConfigEncryptionToolTest - First line date: #Thu May 02 10:22:35 CST 2024
[main] INFO org.apache.nifi.properties.ConfigEncryptionToolTest - First line date: #Thu May 02 10:22:35 CST 2024
[main] INFO org.apache.nifi.properties.ConfigEncryptionToolTest - First line date: #Thu May 02 13:22:35 MAGT 2024
[main] INFO org.apache.nifi.properties.ConfigEncryptionToolTest - First line date: #Thu May 02 10:22:35 WITA 2024
[main] INFO org.apache.nifi.properties.ConfigEncryptionToolTest - First line date: #Thu May 02 10:22:35 PST 2024
[main] INFO org.apache.nifi.properties.ConfigEncryptionToolTest - First line date: #Thu May 02 06:22:35 GST 2024
[main] INFO org.apache.nifi.properties.ConfigEncryptionToolTest - First line date: #Thu May 02 05:22:35 EEST 2024
[main] INFO org.apache.nifi.properties.ConfigEncryptionToolTest - First line date: #Thu May 02 09:22:35 KRAT 2024
[main] INFO org.apache.nifi.properties.ConfigEncryptionToolTest - First line date: #Thu May 02 09:22:35 NOVT 2024
[main] INFO org.apache.nifi.properties.ConfigEncryptionToolTest - First line date: #Thu May 02 08:22:35 OMST 2024
[main] INFO org.apache.nifi.properties.ConfigEncryptionToolTest - First line date: #Thu May 02 07:22:35 ORAT 2024
[main] INFO org.apache.nifi.properties.ConfigEncryptionToolTest - First line date: #Thu May 02 09:22:35 ICT 2024
[main] INFO org.apache.nifi.properties.ConfigEncryptionToolTest - First line date: #Thu May 02 09:22:35 WIB 2024
[main] INFO org.apache.nifi.properties.ConfigEncryptionToolTest - First line date: #Thu May 02 11:22:35 KST 2024
[main] INFO org.apache.nifi.properties.ConfigEncryptionToolTest - First line date: #Thu May 02 05:22:35 AST 2024
[main] INFO org.apache.nifi.properties.ConfigEncryptionToolTest - First line date: #Thu May 02 08:22:35 QOST 2024
[main] INFO org.apache.nifi.properties.ConfigEncryptionToolTest - First line date: #Thu May 02 07:22:35 QYZT 2024
[main] INFO org.apache.nifi.properties.ConfigEncryptionToolTest - First line date: #Thu May 02 08:52:35 MMT 2024
[main] INFO org.apache.nifi.properties.ConfigEncryptionToolTest - First line date: #Thu May 02 05:22:35 AST 2024
[main] INFO org.apache.nifi.properties.ConfigEncryptionToolTest - First line date: #Thu May 02 09:22:35 ICT 2024
[main] INFO org.apache.nifi.properties.ConfigEncryptionToolTest - First line date: #Thu May 02 13:22:35 SAKT 2024
[main] INFO org.apache.nifi.properties.ConfigEncryptionToolTest - First line date: #Thu May 02 07:22:35 UZT 2024
[main] INFO org.apache.nifi.properties.ConfigEncryptionToolTest - First line date: #Thu May 02 11:22:35 KST 2024
[main] INFO org.apache.nifi.properties.ConfigEncryptionToolTest - First line date: #Thu May 02 10:22:35 CST 2024
[main] INFO org.apache.nifi.properties.ConfigEncryptionToolTest - First line date: #Thu May 02 10:22:35 SGT 2024
[main] INFO org.apache.nifi.properties.ConfigEncryptionToolTest - First line date: #Thu May 02 13:22:35 SRET 2024
[main] INFO org.apache.nifi.properties.ConfigEncryptionToolTest - First line date: #Thu May 02 10:22:35 CST 2024
[main] INFO org.apache.nifi.properties.ConfigEncryptionToolTest - First line date: #Thu May 02 07:22:35 UZT 2024
[main] INFO org.apache.nifi.properties.ConfigEncryptionToolTest - First line date: #Thu May 02 06:22:35 GET 2024
[main] INFO org.apache.nifi.properties.ConfigEncryptionToolTest - First line date: #Thu May 02 05:52:35 IRST 2024
[main] INFO org.apache.nifi.properties.ConfigEncryptionToolTest - First line date: #Thu May 02 05:22:35 IDT 2024
[main] INFO org.apache.nifi.properties.ConfigEncryptionToolTest - First line date: #Thu May 02 08:22:35 BTT 2024
[main] INFO org.apache.nifi.properties.ConfigEncryptionToolTest - First line date: #Thu May 02 08:22:35 BTT 2024
[main] INFO org.apache.nifi.properties.ConfigEncryptionToolTest - First line date: #Thu May 02 11:22:35 JST 2024
[main] INFO org.apache.nifi.properties.ConfigEncryptionToolTest - First line date: #Thu May 02 09:22:35 GMT+07:00 2024
[main] INFO org.apache.nifi.properties.ConfigEncryptionToolTest - First line date: #Thu May 02 10:22:35 WITA 2024
[main] INFO org.apache.nifi.properties.ConfigEncryptionToolTest - First line date: #Thu May 02 10:22:35 ULAT 2024
[main] INFO org.apache.nifi.properties.ConfigEncryptionToolTest - First line date: #Thu May 02 10:22:35 ULAT 2024
[main] INFO org.apache.nifi.properties.ConfigEncryptionToolTest - First line date: #Thu May 02 08:22:35 XJT 2024
[main] INFO org.apache.nifi.properties.ConfigEncryptionToolTest - First line date: #Thu May 02 12:22:35 VLAT 2024
[main] INFO org.apache.nifi.properties.ConfigEncryptionToolTest - First line date: #Thu May 02 09:22:35 ICT 2024
[main] INFO org.apache.nifi.properties.ConfigEncryptionToolTest - First line date: #Thu May 02 12:22:35 VLAT 2024
[main] INFO org.apache.nifi.properties.ConfigEncryptionToolTest - First line date: #Thu May 02 11:22:35 YAKT 2024
[main] INFO org.apache.nifi.properties.ConfigEncryptionToolTest - First line date: #Thu May 02 08:52:35 MMT 2024
[main] INFO org.apache.nifi.properties.ConfigEncryptionToolTest - First line date: #Thu May 02 07:22:35 YEKT 2024
[main] INFO org.apache.nifi.properties.ConfigEncryptionToolTest - First line date: #Thu May 02 06:22:35 AMT 2024
[main] INFO org.apache.nifi.properties.ConfigEncryptionToolTest - First line date: #Thu May 02 02:22:35 AZOST 2024
[main] INFO org.apache.nifi.properties.ConfigEncryptionToolTest - First line date: #Wed May 01 23:22:35 ADT 2024
[main] INFO org.apache.nifi.properties.ConfigEncryptionToolTest - First line date: #Thu May 02 03:22:35 WEST 2024
[main] INFO org.apache.nifi.properties.ConfigEncryptionToolTest - First line date: #Thu May 02 01:22:35 CVT 2024
[main] INFO org.apache.nifi.properties.ConfigEncryptionToolTest - First line date: #Thu May 02 03:22:35 WEST 2024
[main] INFO org.apache.nifi.properties.ConfigEncryptionToolTest - First line date: #Thu May 02 03:22:35 WEST 2024
[main] INFO org.apache.nifi.properties.ConfigEncryptionToolTest - First line date: #Thu May 02 04:22:35 CEST 2024
[main] INFO org.apache.nifi.properties.ConfigEncryptionToolTest - First line date: #Thu May 02 03:22:35 WEST 2024
[main] INFO org.apache.nifi.properties.ConfigEncryptionToolTest - First line date: #Thu May 02 02:22:35 GMT 2024
[main] INFO org.apache.nifi.properties.ConfigEncryptionToolTest - First line date: #Thu May 02 00:22:35 GST 2024
[main] INFO org.apache.nifi.properties.ConfigEncryptionToolTest - First line date: #Thu May 02 02:22:35 GMT 2024
[main] INFO org.apache.nifi.properties.ConfigEncryptionToolTest - First line date: #Wed May 01 23:22:35 FKT 2024
[main] INFO org.apache.nifi.properties.ConfigEncryptionToolTest - First line date: #Thu May 02 12:22:35 AEST 2024
[main] INFO org.apache.nifi.properties.ConfigEncryptionToolTest - First line date: #Thu May 02 11:52:35 ACST 2024
[main] INFO org.apache.nifi.properties.ConfigEncryptionToolTest - First line date: #Thu May 02 12:22:35 AEST 2024
[main] INFO org.apache.nifi.properties.ConfigEncryptionToolTest - First line date: #Thu May 02 11:52:35 ACST 2024
[main] INFO org.apache.nifi.properties.ConfigEncryptionToolTest - First line date: #Thu May 02 12:22:35 AEST 2024
[main] INFO org.apache.nifi.properties.ConfigEncryptionToolTest - First line date: #Thu May 02 12:22:35 AEST 2024
[main] INFO org.apache.nifi.properties.ConfigEncryptionToolTest - First line date: #Thu May 02 11:52:35 ACST 2024
[main] INFO org.apache.nifi.properties.ConfigEncryptionToolTest - First line date: #Thu May 02 11:07:35 ACWST 2024
[main] INFO org.apache.nifi.properties.ConfigEncryptionToolTest - First line date: #Thu May 02 12:22:35 AEST 2024
[main] INFO org.apache.nifi.properties.ConfigEncryptionToolTest - First line date: #Thu May 02 12:52:35 LHST 2024
[main] INFO org.apache.nifi.properties.ConfigEncryptionToolTest - First line date: #Thu May 02 12:22:35 AEST 2024
[main] INFO org.apache.nifi.properties.ConfigEncryptionToolTest - First line date: #Thu May 02 12:52:35 LHST 2024
[main] INFO org.apache.nifi.properties.ConfigEncryptionToolTest - First line date: #Thu May 02 12:22:35 AEST 2024
[main] INFO org.apache.nifi.properties.ConfigEncryptionToolTest - First line date: #Thu May 02 12:22:35 AEST 2024
[main] INFO org.apache.nifi.properties.ConfigEncryptionToolTest - First line date: #Thu May 02 11:52:35 ACST 2024
[main] INFO org.apache.nifi.properties.ConfigEncryptionToolTest - First line date: #Thu May 02 10:22:35 AWST 2024
[main] INFO org.apache.nifi.properties.ConfigEncryptionToolTest - First line date: #Thu May 02 12:22:35 AEST 2024
[main] INFO org.apache.nifi.properties.ConfigEncryptionToolTest - First line date: #Thu May 02 11:52:35 ACST 2024
[main] INFO org.apache.nifi.properties.ConfigEncryptionToolTest - First line date: #Thu May 02 12:22:35 AEST 2024
[main] INFO org.apache.nifi.properties.ConfigEncryptionToolTest - First line date: #Thu May 02 12:22:35 AEST 2024
[main] INFO org.apache.nifi.properties.ConfigEncryptionToolTest - First line date: #Thu May 02 12:22:35 AEST 2024
[main] INFO org.apache.nifi.properties.ConfigEncryptionToolTest - First line date: #Thu May 02 10:22:35 AWST 2024
[main] INFO org.apache.nifi.properties.ConfigEncryptionToolTest - First line date: #Thu May 02 11:52:35 ACST 2024
[main] INFO org.apache.nifi.properties.ConfigEncryptionToolTest - First line date: #Wed May 01 21:22:35 ACT 2024
[main] INFO org.apache.nifi.properties.ConfigEncryptionToolTest - First line date: #Thu May 02 00:22:35 FNT 2024
[main] INFO org.apache.nifi.properties.ConfigEncryptionToolTest - First line date: #Wed May 01 23:22:35 BRT 2024
[main] INFO org.apache.nifi.properties.ConfigEncryptionToolTest - First line date: #Wed May 01 22:22:35 AMT 2024
[main] INFO org.apache.nifi.properties.ConfigEncryptionToolTest - First line date: #Thu May 02 04:22:35 CEST 2024
[main] INFO org.apache.nifi.properties.ConfigEncryptionToolTest - First line date: #Wed May 01 21:22:35 CDT 2024
[main] INFO org.apache.nifi.properties.ConfigEncryptionToolTest - First line date: #Wed May 01 23:22:35 ADT 2024
[main] INFO org.apache.nifi.properties.ConfigEncryptionToolTest - First line date: #Wed May 01 21:22:35 CDT 2024
[main] INFO org.apache.nifi.properties.ConfigEncryptionToolTest - First line date: #Wed May 01 22:22:35 EDT 2024
[main] INFO org.apache.nifi.properties.ConfigEncryptionToolTest - First line date: #Wed May 01 20:22:35 MDT 2024
[main] INFO org.apache.nifi.properties.ConfigEncryptionToolTest - First line date: #Wed May 01 23:52:35 NDT 2024
[main] INFO org.apache.nifi.properties.ConfigEncryptionToolTest - First line date: #Wed May 01 19:22:35 PDT 2024
[main] INFO org.apache.nifi.properties.ConfigEncryptionToolTest - First line date: #Wed May 01 20:22:35 CST 2024
[main] INFO org.apache.nifi.properties.ConfigEncryptionToolTest - First line date: #Wed May 01 19:22:35 MST 2024
[main] INFO org.apache.nifi.properties.ConfigEncryptionToolTest - First line date: #Wed May 01 22:22:35 CLT 2024
[main] INFO org.apache.nifi.properties.ConfigEncryptionToolTest - First line date: #Wed May 01 20:22:35 EAST 2024
[main] INFO org.apache.nifi.properties.ConfigEncryptionToolTest - First line date: #Wed May 01 22:22:35 CDT 2024
[main] INFO org.apache.nifi.properties.ConfigEncryptionToolTest - First line date: #Thu May 02 05:22:35 EEST 2024
[main] INFO org.apache.nifi.properties.ConfigEncryptionToolTest - First line date: #Wed May 01 22:22:35 EDT 2024
[main] INFO org.apache.nifi.properties.ConfigEncryptionToolTest - First line date: #Thu May 02 05:22:35 EEST 2024
[main] INFO org.apache.nifi.properties.ConfigEncryptionToolTest - First line date: #Thu May 02 03:22:35 IST 2024
[main] INFO org.apache.nifi.properties.ConfigEncryptionToolTest - First line date: #Thu May 02 02:22:35 GMT 2024
[main] INFO org.apache.nifi.properties.ConfigEncryptionToolTest - First line date: #Thu May 02 02:22:35 GMT 2024
[main] INFO org.apache.nifi.properties.ConfigEncryptionToolTest - First line date: #Thu May 02 01:22:35 GMT-01:00 2024
[main] INFO org.apache.nifi.properties.ConfigEncryptionToolTest - First line date: #Wed May 01 16:22:35 GMT-10:00 2024
[main] INFO org.apache.nifi.properties.ConfigEncryptionToolTest - First line date: #Wed May 01 15:22:35 GMT-11:00 2024
[main] INFO org.apache.nifi.properties.ConfigEncryptionToolTest - First line date: #Wed May 01 14:22:35 GMT-12:00 2024
[main] INFO org.apache.nifi.properties.ConfigEncryptionToolTest - First line date: #Thu May 02 00:22:35 GMT-02:00 2024
[main] INFO org.apache.nifi.properties.ConfigEncryptionToolTest - First line date: #Wed May 01 23:22:35 GMT-03:00 2024
[main] INFO org.apache.nifi.properties.ConfigEncryptionToolTest - First line date: #Wed May 01 22:22:35 GMT-04:00 2024
[main] INFO org.apache.nifi.properties.ConfigEncryptionToolTest - First line date: #Wed May 01 21:22:35 GMT-05:00 2024
[main] INFO org.apache.nifi.properties.ConfigEncryptionToolTest - First line date: #Wed May 01 20:22:35 GMT-06:00 2024
[main] INFO org.apache.nifi.properties.ConfigEncryptionToolTest - First line date: #Wed May 01 19:22:35 GMT-07:00 2024
[main] INFO org.apache.nifi.properties.ConfigEncryptionToolTest - First line date: #Wed May 01 18:22:35 GMT-08:00 2024
[main] INFO org.apache.nifi.properties.ConfigEncryptionToolTest - First line date: #Wed May 01 17:22:35 GMT-09:00 2024
[main] INFO org.apache.nifi.properties.ConfigEncryptionToolTest - First line date: #Thu May 02 02:22:35 GMT 2024
[main] INFO org.apache.nifi.properties.ConfigEncryptionToolTest - First line date: #Thu May 02 03:22:35 GMT+01:00 2024
[main] INFO org.apache.nifi.properties.ConfigEncryptionToolTest - First line date: #Thu May 02 12:22:35 GMT+10:00 2024
[main] INFO org.apache.nifi.properties.ConfigEncryptionToolTest - First line date: #Thu May 02 13:22:35 GMT+11:00 2024
[main] INFO org.apache.nifi.properties.ConfigEncryptionToolTest - First line date: #Thu May 02 14:22:35 GMT+12:00 2024
[main] INFO org.apache.nifi.properties.ConfigEncryptionToolTest - First line date: #Thu May 02 15:22:35 GMT+13:00 2024
[main] INFO org.apache.nifi.properties.ConfigEncryptionToolTest - First line date: #Thu May 02 16:22:35 GMT+14:00 2024
[main] INFO org.apache.nifi.properties.ConfigEncryptionToolTest - First line date: #Thu May 02 04:22:35 GMT+02:00 2024
[main] INFO org.apache.nifi.properties.ConfigEncryptionToolTest - First line date: #Thu May 02 05:22:35 GMT+03:00 2024
[main] INFO org.apache.nifi.properties.ConfigEncryptionToolTest - First line date: #Thu May 02 06:22:35 GMT+04:00 2024
[main] INFO org.apache.nifi.properties.ConfigEncryptionToolTest - First line date: #Thu May 02 07:22:35 GMT+05:00 2024
[main] INFO org.apache.nifi.properties.ConfigEncryptionToolTest - First line date: #Thu May 02 08:22:35 GMT+06:00 2024
[main] INFO org.apache.nifi.properties.ConfigEncryptionToolTest - First line date: #Thu May 02 09:22:35 GMT+07:00 2024
[main] INFO org.apache.nifi.properties.ConfigEncryptionToolTest - First line date: #Thu May 02 10:22:35 GMT+08:00 2024
[main] INFO org.apache.nifi.properties.ConfigEncryptionToolTest - First line date: #Thu May 02 11:22:35 GMT+09:00 2024
[main] INFO org.apache.nifi.properties.ConfigEncryptionToolTest - First line date: #Thu May 02 02:22:35 GMT 2024
[main] INFO org.apache.nifi.properties.ConfigEncryptionToolTest - First line date: #Thu May 02 02:22:35 GMT 2024
[main] INFO org.apache.nifi.properties.ConfigEncryptionToolTest - First line date: #Thu May 02 02:22:35 UTC 2024
[main] INFO org.apache.nifi.properties.ConfigEncryptionToolTest - First line date: #Thu May 02 02:22:35 UTC 2024
[main] INFO org.apache.nifi.properties.ConfigEncryptionToolTest - First line date: #Thu May 02 02:22:35 UTC 2024
[main] INFO org.apache.nifi.properties.ConfigEncryptionToolTest - First line date: #Thu May 02 02:22:35 UTC 2024
[main] INFO org.apache.nifi.properties.ConfigEncryptionToolTest - First line date: #Thu May 02 04:22:35 CEST 2024
[main] INFO org.apache.nifi.properties.ConfigEncryptionToolTest - First line date: #Thu May 02 04:22:35 CEST 2024
[main] INFO org.apache.nifi.properties.ConfigEncryptionToolTest - First line date: #Thu May 02 06:22:35 GMT+04:00 2024
[main] INFO org.apache.nifi.properties.ConfigEncryptionToolTest - First line date: #Thu May 02 05:22:35 EEST 2024
[main] INFO org.apache.nifi.properties.ConfigEncryptionToolTest - First line date: #Thu May 02 03:22:35 BST 2024
[main] INFO org.apache.nifi.properties.ConfigEncryptionToolTest - First line date: #Thu May 02 04:22:35 CEST 2024
[main] INFO org.apache.nifi.properties.ConfigEncryptionToolTest - First line date: #Thu May 02 04:22:35 CEST 2024
[main] INFO org.apache.nifi.properties.ConfigEncryptionToolTest - First line date: #Thu May 02 04:22:35 CEST 2024
[main] INFO org.apache.nifi.properties.ConfigEncryptionToolTest - First line date: #Thu May 02 04:22:35 CEST 2024
[main] INFO org.apache.nifi.properties.ConfigEncryptionToolTest - First line date: #Thu May 02 05:22:35 EEST 2024
[main] INFO org.apache.nifi.properties.ConfigEncryptionToolTest - First line date: #Thu May 02 04:22:35 CEST 2024
[main] INFO org.apache.nifi.properties.ConfigEncryptionToolTest - First line date: #Thu May 02 04:22:35 CEST 2024
[main] INFO org.apache.nifi.properties.ConfigEncryptionToolTest - First line date: #Thu May 02 05:22:35 EEST 2024
[main] INFO org.apache.nifi.properties.ConfigEncryptionToolTest - First line date: #Thu May 02 04:22:35 CEST 2024
[main] INFO org.apache.nifi.properties.ConfigEncryptionToolTest - First line date: #Thu May 02 03:22:35 IST 2024
[main] INFO org.apache.nifi.properties.ConfigEncryptionToolTest - First line date: #Thu May 02 04:22:35 CEST 2024
[main] INFO org.apache.nifi.properties.ConfigEncryptionToolTest - First line date: #Thu May 02 03:22:35 BST 2024
[main] INFO org.apache.nifi.properties.ConfigEncryptionToolTest - First line date: #Thu May 02 05:22:35 EEST 2024
[main] INFO org.apache.nifi.properties.ConfigEncryptionToolTest - First line date: #Thu May 02 03:22:35 BST 2024
[main] INFO org.apache.nifi.properties.ConfigEncryptionToolTest - First line date: #Thu May 02 05:22:35 TRT 2024
[main] INFO org.apache.nifi.properties.ConfigEncryptionToolTest - First line date: #Thu May 02 03:22:35 BST 2024
[main] INFO org.apache.nifi.properties.ConfigEncryptionToolTest - First line date: #Thu May 02 04:22:35 EET 2024
[main] INFO org.apache.nifi.properties.ConfigEncryptionToolTest - First line date: #Thu May 02 05:22:35 EEST 2024
[main] INFO org.apache.nifi.properties.ConfigEncryptionToolTest - First line date: #Thu May 02 05:22:35 GMT+03:00 2024
[main] INFO org.apache.nifi.properties.ConfigEncryptionToolTest - First line date: #Thu May 02 05:22:35 EEST 2024
[main] INFO org.apache.nifi.properties.ConfigEncryptionToolTest - First line date: #Thu May 02 03:22:35 WEST 2024
[main] INFO org.apache.nifi.properties.ConfigEncryptionToolTest - First line date: #Thu May 02 04:22:35 CEST 2024
[main] INFO org.apache.nifi.properties.ConfigEncryptionToolTest - First line date: #Thu May 02 03:22:35 BST 2024
[main] INFO org.apache.nifi.properties.ConfigEncryptionToolTest - First line date: #Thu May 02 04:22:35 CEST 2024
[main] INFO org.apache.nifi.properties.ConfigEncryptionToolTest - First line date: #Thu May 02 04:22:35 CEST 2024
[main] INFO org.apache.nifi.properties.ConfigEncryptionToolTest - First line date: #Thu May 02 04:22:35 CEST 2024
[main] INFO org.apache.nifi.properties.ConfigEncryptionToolTest - First line date: #Thu May 02 05:22:35 EEST 2024
[main] INFO org.apache.nifi.properties.ConfigEncryptionToolTest - First line date: #Thu May 02 05:22:35 MSK 2024
[main] INFO org.apache.nifi.properties.ConfigEncryptionToolTest - First line date: #Thu May 02 04:22:35 CEST 2024
[main] INFO org.apache.nifi.properties.ConfigEncryptionToolTest - First line date: #Thu May 02 05:22:35 MSK 2024
[main] INFO org.apache.nifi.properties.ConfigEncryptionToolTest - First line date: #Thu May 02 05:22:35 EEST 2024
[main] INFO org.apache.nifi.properties.ConfigEncryptionToolTest - First line date: #Thu May 02 04:22:35 CEST 2024
[main] INFO org.apache.nifi.properties.ConfigEncryptionToolTest - First line date: #Thu May 02 04:22:35 CEST 2024
[main] INFO org.apache.nifi.properties.ConfigEncryptionToolTest - First line date: #Thu May 02 04:22:35 CEST 2024
[main] INFO org.apache.nifi.properties.ConfigEncryptionToolTest - First line date: #Thu May 02 04:22:35 CEST 2024
[main] INFO org.apache.nifi.properties.ConfigEncryptionToolTest - First line date: #Thu May 02 05:22:35 EEST 2024
[main] INFO org.apache.nifi.properties.ConfigEncryptionToolTest - First line date: #Thu May 02 04:22:35 CEST 2024
[main] INFO org.apache.nifi.properties.ConfigEncryptionToolTest - First line date: #Thu May 02 06:22:35 SAMT 2024
[main] INFO org.apache.nifi.properties.ConfigEncryptionToolTest - First line date: #Thu May 02 04:22:35 CEST 2024
[main] INFO org.apache.nifi.properties.ConfigEncryptionToolTest - First line date: #Thu May 02 04:22:35 CEST 2024
[main] INFO org.apache.nifi.properties.ConfigEncryptionToolTest - First line date: #Thu May 02 06:22:35 GMT+04:00 2024
[main] INFO org.apache.nifi.properties.ConfigEncryptionToolTest - First line date: #Thu May 02 05:22:35 MSK 2024
[main] INFO org.apache.nifi.properties.ConfigEncryptionToolTest - First line date: #Thu May 02 04:22:35 CEST 2024
[main] INFO org.apache.nifi.properties.ConfigEncryptionToolTest - First line date: #Thu May 02 05:22:35 EEST 2024
[main] INFO org.apache.nifi.properties.ConfigEncryptionToolTest - First line date: #Thu May 02 04:22:35 CEST 2024
[main] INFO org.apache.nifi.properties.ConfigEncryptionToolTest - First line date: #Thu May 02 05:22:35 EEST 2024
[main] INFO org.apache.nifi.properties.ConfigEncryptionToolTest - First line date: #Thu May 02 04:22:35 CEST 2024
[main] INFO org.apache.nifi.properties.ConfigEncryptionToolTest - First line date: #Thu May 02 05:22:35 EEST 2024
[main] INFO org.apache.nifi.properties.ConfigEncryptionToolTest - First line date: #Thu May 02 06:22:35 GMT+04:00 2024
[main] INFO org.apache.nifi.properties.ConfigEncryptionToolTest - First line date: #Thu May 02 05:22:35 EEST 2024
[main] INFO org.apache.nifi.properties.ConfigEncryptionToolTest - First line date: #Thu May 02 04:22:35 CEST 2024
[main] INFO org.apache.nifi.properties.ConfigEncryptionToolTest - First line date: #Thu May 02 04:22:35 CEST 2024
[main] INFO org.apache.nifi.properties.ConfigEncryptionToolTest - First line date: #Thu May 02 04:22:35 CEST 2024
[main] INFO org.apache.nifi.properties.ConfigEncryptionToolTest - First line date: #Thu May 02 05:22:35 EEST 2024
[main] INFO org.apache.nifi.properties.ConfigEncryptionToolTest - First line date: #Thu May 02 05:22:35 MSK 2024
[main] INFO org.apache.nifi.properties.ConfigEncryptionToolTest - First line date: #Thu May 02 04:22:35 CEST 2024
[main] INFO org.apache.nifi.properties.ConfigEncryptionToolTest - First line date: #Thu May 02 04:22:35 CEST 2024
[main] INFO org.apache.nifi.properties.ConfigEncryptionToolTest - First line date: #Thu May 02 05:22:35 EEST 2024
[main] INFO org.apache.nifi.properties.ConfigEncryptionToolTest - First line date: #Thu May 02 04:22:35 CEST 2024
[main] INFO org.apache.nifi.properties.ConfigEncryptionToolTest - First line date: #Thu May 02 03:22:35 BST 2024
[main] INFO org.apache.nifi.properties.ConfigEncryptionToolTest - First line date: #Thu May 02 03:22:35 BST 2024
[main] INFO org.apache.nifi.properties.ConfigEncryptionToolTest - First line date: #Thu May 02 02:22:35 GMT 2024
[main] INFO org.apache.nifi.properties.ConfigEncryptionToolTest - First line date: #Thu May 02 02:22:35 GMT 2024
[main] INFO org.apache.nifi.properties.ConfigEncryptionToolTest - First line date: #Thu May 02 02:22:35 GMT 2024
[main] INFO org.apache.nifi.properties.ConfigEncryptionToolTest - First line date: #Thu May 02 10:22:35 HKT 2024
[main] INFO org.apache.nifi.properties.ConfigEncryptionToolTest - First line date: #Thu May 02 02:22:35 GMT 2024
[main] INFO org.apache.nifi.properties.ConfigEncryptionToolTest - First line date: #Thu May 02 05:22:35 EAT 2024
[main] INFO org.apache.nifi.properties.ConfigEncryptionToolTest - First line date: #Thu May 02 08:22:35 IOT 2024
[main] INFO org.apache.nifi.properties.ConfigEncryptionToolTest - First line date: #Thu May 02 09:22:35 CXT 2024
[main] INFO org.apache.nifi.properties.ConfigEncryptionToolTest - First line date: #Thu May 02 08:52:35 CCT 2024
[main] INFO org.apache.nifi.properties.ConfigEncryptionToolTest - First line date: #Thu May 02 05:22:35 EAT 2024
[main] INFO org.apache.nifi.properties.ConfigEncryptionToolTest - First line date: #Thu May 02 07:22:35 TFT 2024
[main] INFO org.apache.nifi.properties.ConfigEncryptionToolTest - First line date: #Thu May 02 06:22:35 SCT 2024
[main] INFO org.apache.nifi.properties.ConfigEncryptionToolTest - First line date: #Thu May 02 07:22:35 MVT 2024
[main] INFO org.apache.nifi.properties.ConfigEncryptionToolTest - First line date: #Thu May 02 06:22:35 MUT 2024
[main] INFO org.apache.nifi.properties.ConfigEncryptionToolTest - First line date: #Thu May 02 05:22:35 EAT 2024
[main] INFO org.apache.nifi.properties.ConfigEncryptionToolTest - First line date: #Thu May 02 06:22:35 RET 2024
[main] INFO org.apache.nifi.properties.ConfigEncryptionToolTest - First line date: #Thu May 02 05:52:35 IRST 2024
[main] INFO org.apache.nifi.properties.ConfigEncryptionToolTest - First line date: #Thu May 02 05:22:35 IDT 2024
[main] INFO org.apache.nifi.properties.ConfigEncryptionToolTest - First line date: #Wed May 01 21:22:35 EST 2024
[main] INFO org.apache.nifi.properties.ConfigEncryptionToolTest - First line date: #Thu May 02 11:22:35 JST 2024
[main] INFO org.apache.nifi.properties.ConfigEncryptionToolTest - First line date: #Thu May 02 14:22:35 MHT 2024
[main] INFO org.apache.nifi.properties.ConfigEncryptionToolTest - First line date: #Thu May 02 04:22:35 EET 2024
[main] INFO org.apache.nifi.properties.ConfigEncryptionToolTest - First line date: #Thu May 02 04:22:35 MEST 2024
[main] INFO org.apache.nifi.properties.ConfigEncryptionToolTest - First line date: #Wed May 01 20:22:35 MDT 2024
[main] INFO org.apache.nifi.properties.ConfigEncryptionToolTest - First line date: #Wed May 01 19:22:35 PDT 2024
[main] INFO org.apache.nifi.properties.ConfigEncryptionToolTest - First line date: #Wed May 01 19:22:35 MST 2024
[main] INFO org.apache.nifi.properties.ConfigEncryptionToolTest - First line date: #Wed May 01 20:22:35 CST 2024
[main] INFO org.apache.nifi.properties.ConfigEncryptionToolTest - First line date: #Thu May 02 14:22:35 NZST 2024
[main] INFO org.apache.nifi.properties.ConfigEncryptionToolTest - First line date: #Thu May 02 15:07:35 CHAST 2024
[main] INFO org.apache.nifi.properties.ConfigEncryptionToolTest - First line date: #Wed May 01 20:22:35 MDT 2024
[main] INFO org.apache.nifi.properties.ConfigEncryptionToolTest - First line date: #Thu May 02 10:22:35 CST 2024
[main] INFO org.apache.nifi.properties.ConfigEncryptionToolTest - First line date: #Wed May 01 19:22:35 PDT 2024
[main] INFO org.apache.nifi.properties.ConfigEncryptionToolTest - First line date: #Thu May 02 15:22:35 WSST 2024
[main] INFO org.apache.nifi.properties.ConfigEncryptionToolTest - First line date: #Thu May 02 14:22:35 NZST 2024
[main] INFO org.apache.nifi.properties.ConfigEncryptionToolTest - First line date: #Thu May 02 13:22:35 BST 2024
[main] INFO org.apache.nifi.properties.ConfigEncryptionToolTest - First line date: #Thu May 02 15:07:35 CHAST 2024
[main] INFO org.apache.nifi.properties.ConfigEncryptionToolTest - First line date: #Thu May 02 12:22:35 CHUT 2024
[main] INFO org.apache.nifi.properties.ConfigEncryptionToolTest - First line date: #Wed May 01 20:22:35 EAST 2024
[main] INFO org.apache.nifi.properties.ConfigEncryptionToolTest - First line date: #Thu May 02 13:22:35 VUT 2024
[main] INFO org.apache.nifi.properties.ConfigEncryptionToolTest - First line date: #Thu May 02 15:22:35 PHOT 2024
[main] INFO org.apache.nifi.properties.ConfigEncryptionToolTest - First line date: #Thu May 02 15:22:35 TKT 2024
[main] INFO org.apache.nifi.properties.ConfigEncryptionToolTest - First line date: #Thu May 02 14:22:35 FJT 2024
[main] INFO org.apache.nifi.properties.ConfigEncryptionToolTest - First line date: #Thu May 02 14:22:35 TVT 2024
[main] INFO org.apache.nifi.properties.ConfigEncryptionToolTest - First line date: #Wed May 01 20:22:35 GALT 2024
[main] INFO org.apache.nifi.properties.ConfigEncryptionToolTest - First line date: #Wed May 01 17:22:35 GAMT 2024
[main] INFO org.apache.nifi.properties.ConfigEncryptionToolTest - First line date: #Thu May 02 13:22:35 SBT 2024
[main] INFO org.apache.nifi.properties.ConfigEncryptionToolTest - First line date: #Thu May 02 12:22:35 ChST 2024
[main] INFO org.apache.nifi.properties.ConfigEncryptionToolTest - First line date: #Wed May 01 16:22:35 HST 2024
[main] INFO org.apache.nifi.properties.ConfigEncryptionToolTest - First line date: #Wed May 01 16:22:35 HST 2024
[main] INFO org.apache.nifi.properties.ConfigEncryptionToolTest - First line date: #Thu May 02 15:22:35 PHOT 2024
[main] INFO org.apache.nifi.properties.ConfigEncryptionToolTest - First line date: #Thu May 02 16:22:35 LINT 2024
[main] INFO org.apache.nifi.properties.ConfigEncryptionToolTest - First line date: #Thu May 02 13:22:35 KOST 2024
[main] INFO org.apache.nifi.properties.ConfigEncryptionToolTest - First line date: #Thu May 02 14:22:35 MHT 2024
[main] INFO org.apache.nifi.properties.ConfigEncryptionToolTest - First line date: #Thu May 02 14:22:35 MHT 2024
[main] INFO org.apache.nifi.properties.ConfigEncryptionToolTest - First line date: #Wed May 01 16:52:35 MART 2024
[main] INFO org.apache.nifi.properties.ConfigEncryptionToolTest - First line date: #Wed May 01 15:22:35 SST 2024
[main] INFO org.apache.nifi.properties.ConfigEncryptionToolTest - First line date: #Thu May 02 14:22:35 NRT 2024
[main] INFO org.apache.nifi.properties.ConfigEncryptionToolTest - First line date: #Wed May 01 15:22:35 NUT 2024
[main] INFO org.apache.nifi.properties.ConfigEncryptionToolTest - First line date: #Thu May 02 13:22:35 NFT 2024
[main] INFO org.apache.nifi.properties.ConfigEncryptionToolTest - First line date: #Thu May 02 13:22:35 NCT 2024
[main] INFO org.apache.nifi.properties.ConfigEncryptionToolTest - First line date: #Wed May 01 15:22:35 SST 2024
[main] INFO org.apache.nifi.properties.ConfigEncryptionToolTest - First line date: #Thu May 02 11:22:35 PWT 2024
[main] INFO org.apache.nifi.properties.ConfigEncryptionToolTest - First line date: #Wed May 01 18:22:35 PST 2024
[main] INFO org.apache.nifi.properties.ConfigEncryptionToolTest - First line date: #Thu May 02 13:22:35 PONT 2024
[main] INFO org.apache.nifi.properties.ConfigEncryptionToolTest - First line date: #Thu May 02 13:22:35 PONT 2024
[main] INFO org.apache.nifi.properties.ConfigEncryptionToolTest - First line date: #Thu May 02 12:22:35 PGT 2024
[main] INFO org.apache.nifi.properties.ConfigEncryptionToolTest - First line date: #Wed May 01 16:22:35 CKT 2024
[main] INFO org.apache.nifi.properties.ConfigEncryptionToolTest - First line date: #Thu May 02 12:22:35 ChST 2024
[main] INFO org.apache.nifi.properties.ConfigEncryptionToolTest - First line date: #Wed May 01 15:22:35 SST 2024
[main] INFO org.apache.nifi.properties.ConfigEncryptionToolTest - First line date: #Wed May 01 16:22:35 TAHT 2024
[main] INFO org.apache.nifi.properties.ConfigEncryptionToolTest - First line date: #Thu May 02 14:22:35 GILT 2024
[main] INFO org.apache.nifi.properties.ConfigEncryptionToolTest - First line date: #Thu May 02 15:22:35 TOT 2024
[main] INFO org.apache.nifi.properties.ConfigEncryptionToolTest - First line date: #Thu May 02 12:22:35 CHUT 2024
[main] INFO org.apache.nifi.properties.ConfigEncryptionToolTest - First line date: #Thu May 02 14:22:35 WAKT 2024
[main] INFO org.apache.nifi.properties.ConfigEncryptionToolTest - First line date: #Thu May 02 14:22:35 WFT 2024
[main] INFO org.apache.nifi.properties.ConfigEncryptionToolTest - First line date: #Thu May 02 12:22:35 CHUT 2024
[main] INFO org.apache.nifi.properties.ConfigEncryptionToolTest - First line date: #Thu May 02 04:22:35 CEST 2024
[main] INFO org.apache.nifi.properties.ConfigEncryptionToolTest - First line date: #Thu May 02 03:22:35 WEST 2024
[main] INFO org.apache.nifi.properties.ConfigEncryptionToolTest - First line date: #Thu May 02 11:22:35 KST 2024
[main] INFO org.apache.nifi.properties.ConfigEncryptionToolTest - First line date: #Thu May 02 10:22:35 SGT 2024
[main] INFO org.apache.nifi.properties.ConfigEncryptionToolTest - First line date: #Wed May 01 22:22:35 AST 2024
[main] INFO org.apache.nifi.properties.ConfigEncryptionToolTest - First line date: #Wed May 01 23:22:35 ADT 2024
[main] INFO org.apache.nifi.properties.ConfigEncryptionToolTest - First line date: #Wed May 01 20:22:35 CST 2024
[main] INFO org.apache.nifi.properties.ConfigEncryptionToolTest - First line date: #Wed May 01 21:22:35 CDT 2024
[main] INFO org.apache.nifi.properties.ConfigEncryptionToolTest - First line date: #Wed May 01 21:22:35 EST 2024
[main] INFO org.apache.nifi.properties.ConfigEncryptionToolTest - First line date: #Wed May 01 22:22:35 EDT 2024
[main] INFO org.apache.nifi.properties.ConfigEncryptionToolTest - First line date: #Wed May 01 16:22:35 HST 2024
[main] INFO org.apache.nifi.properties.ConfigEncryptionToolTest - First line date: #Wed May 01 19:22:35 MST 2024
[main] INFO org.apache.nifi.properties.ConfigEncryptionToolTest - First line date: #Wed May 01 20:22:35 MDT 2024
[main] INFO org.apache.nifi.properties.ConfigEncryptionToolTest - First line date: #Wed May 01 18:22:35 PST 2024
[main] INFO org.apache.nifi.properties.ConfigEncryptionToolTest - First line date: #Wed May 01 19:22:35 PDT 2024
[main] INFO org.apache.nifi.properties.ConfigEncryptionToolTest - First line date: #Wed May 01 17:22:35 AKST 2024
[main] INFO org.apache.nifi.properties.ConfigEncryptionToolTest - First line date: #Wed May 01 18:22:35 AKDT 2024
[main] INFO org.apache.nifi.properties.ConfigEncryptionToolTest - First line date: #Thu May 02 05:22:35 TRT 2024
[main] INFO org.apache.nifi.properties.ConfigEncryptionToolTest - First line date: #Thu May 02 02:22:35 UTC 2024
[main] INFO org.apache.nifi.properties.ConfigEncryptionToolTest - First line date: #Wed May 01 18:22:35 AKDT 2024
[main] INFO org.apache.nifi.properties.ConfigEncryptionToolTest - First line date: #Wed May 01 17:22:35 HDT 2024
[main] INFO org.apache.nifi.properties.ConfigEncryptionToolTest - First line date: #Wed May 01 19:22:35 MST 2024
[main] INFO org.apache.nifi.properties.ConfigEncryptionToolTest - First line date: #Wed May 01 21:22:35 CDT 2024
[main] INFO org.apache.nifi.properties.ConfigEncryptionToolTest - First line date: #Wed May 01 22:22:35 EDT 2024
[main] INFO org.apache.nifi.properties.ConfigEncryptionToolTest - First line date: #Wed May 01 22:22:35 EDT 2024
[main] INFO org.apache.nifi.properties.ConfigEncryptionToolTest - First line date: #Wed May 01 16:22:35 HST 2024
[main] INFO org.apache.nifi.properties.ConfigEncryptionToolTest - First line date: #Wed May 01 21:22:35 CDT 2024
[main] INFO org.apache.nifi.properties.ConfigEncryptionToolTest - First line date: #Wed May 01 22:22:35 EDT 2024
[main] INFO org.apache.nifi.properties.ConfigEncryptionToolTest - First line date: #Wed May 01 20:22:35 MDT 2024
[main] INFO org.apache.nifi.properties.ConfigEncryptionToolTest - First line date: #Wed May 01 19:22:35 PDT 2024
[main] INFO org.apache.nifi.properties.ConfigEncryptionToolTest - First line date: #Wed May 01 15:22:35 SST 2024
[main] INFO org.apache.nifi.properties.ConfigEncryptionToolTest - First line date: #Thu May 02 02:22:35 UTC 2024
[main] INFO org.apache.nifi.properties.ConfigEncryptionToolTest - First line date: #Thu May 02 02:22:35 UTC 2024
[main] INFO org.apache.nifi.properties.ConfigEncryptionToolTest - First line date: #Thu May 02 05:22:35 MSK 2024
[main] INFO org.apache.nifi.properties.ConfigEncryptionToolTest - First line date: #Thu May 02 03:22:35 WEST 2024
[main] INFO org.apache.nifi.properties.ConfigEncryptionToolTest - First line date: #Thu May 02 02:22:35 UTC 2024
[main] INFO org.apache.nifi.properties.ConfigEncryptionToolTest - First line date: #Wed May 01 21:22:35 EST 2024
[main] INFO org.apache.nifi.properties.ConfigEncryptionToolTest - First line date: #Wed May 01 16:22:35 HST 2024
[main] INFO org.apache.nifi.properties.ConfigEncryptionToolTest - First line date: #Wed May 01 19:22:35 MST 2024
[main] INFO org.apache.nifi.properties.ConfigEncryptionToolTest - First line date: #Thu May 02 11:52:35 ACST 2024
[main] INFO org.apache.nifi.properties.ConfigEncryptionToolTest - First line date: #Thu May 02 12:22:35 AEST 2024
[main] INFO org.apache.nifi.properties.ConfigEncryptionToolTest - First line date: #Wed May 01 23:22:35 ART 2024
[main] INFO org.apache.nifi.properties.ConfigEncryptionToolTest - First line date: #Thu May 02 05:22:35 EEST 2024
[main] INFO org.apache.nifi.properties.ConfigEncryptionToolTest - First line date: #Wed May 01 18:22:35 AKDT 2024
[main] INFO org.apache.nifi.properties.ConfigEncryptionToolTest - First line date: #Wed May 01 23:22:35 BRT 2024
[main] INFO org.apache.nifi.properties.ConfigEncryptionToolTest - First line date: #Thu May 02 08:22:35 BDT 2024
[main] INFO org.apache.nifi.properties.ConfigEncryptionToolTest - First line date: #Thu May 02 04:22:35 CAT 2024
[main] INFO org.apache.nifi.properties.ConfigEncryptionToolTest - First line date: #Wed May 01 23:52:35 NDT 2024
[main] INFO org.apache.nifi.properties.ConfigEncryptionToolTest - First line date: #Wed May 01 21:22:35 CDT 2024
[main] INFO org.apache.nifi.properties.ConfigEncryptionToolTest - First line date: #Thu May 02 10:22:35 CST 2024
[main] INFO org.apache.nifi.properties.ConfigEncryptionToolTest - First line date: #Thu May 02 05:22:35 EAT 2024
[main] INFO org.apache.nifi.properties.ConfigEncryptionToolTest - First line date: #Thu May 02 04:22:35 CEST 2024
[main] INFO org.apache.nifi.properties.ConfigEncryptionToolTest - First line date: #Wed May 01 22:22:35 EDT 2024
[main] INFO org.apache.nifi.properties.ConfigEncryptionToolTest - First line date: #Thu May 02 07:52:35 IST 2024
[main] INFO org.apache.nifi.properties.ConfigEncryptionToolTest - First line date: #Thu May 02 11:22:35 JST 2024
[main] INFO org.apache.nifi.properties.ConfigEncryptionToolTest - First line date: #Thu May 02 15:22:35 WSST 2024
[main] INFO org.apache.nifi.properties.ConfigEncryptionToolTest - First line date: #Thu May 02 06:22:35 AMT 2024
[main] INFO org.apache.nifi.properties.ConfigEncryptionToolTest - First line date: #Thu May 02 14:22:35 NZST 2024
[main] INFO org.apache.nifi.properties.ConfigEncryptionToolTest - First line date: #Thu May 02 07:22:35 PKT 2024
[main] INFO org.apache.nifi.properties.ConfigEncryptionToolTest - First line date: #Wed May 01 19:22:35 MST 2024
[main] INFO org.apache.nifi.properties.ConfigEncryptionToolTest - First line date: #Wed May 01 22:22:35 AST 2024
[main] INFO org.apache.nifi.properties.ConfigEncryptionToolTest - First line date: #Wed May 01 19:22:35 PDT 2024
[main] INFO org.apache.nifi.properties.ConfigEncryptionToolTest - First line date: #Thu May 02 13:22:35 SBT 2024
[main] INFO org.apache.nifi.properties.ConfigEncryptionToolTest - First line date: #Thu May 02 09:22:35 ICT 2024
[main] INFO org.apache.nifi.properties.ConfigEncryptionToolTest - Reset current time zone to Western European Time (Europe/Lisbon)
]]></system-err>
  </testcase>
  <testcase name="testShouldParseOutputNiFiPropertiesArgument" classname="org.apache.nifi.properties.ConfigEncryptionToolTest" time="0.005">
    <system-err><![CDATA[[main] WARN org.apache.nifi.properties.ConfigEncryptionTool - The source nifi.properties and destination nifi.properties are identical [src/test/resources/nifi.properties] so the original will be overwritten
[main] INFO org.apache.nifi.properties.ConfigEncryptionToolTest - Parsed output nifi.properties location: src/test/resources/nifi.properties
[main] WARN org.apache.nifi.properties.ConfigEncryptionTool - The source nifi.properties and destination nifi.properties are identical [src/test/resources/nifi.properties] so the original will be overwritten
[main] INFO org.apache.nifi.properties.ConfigEncryptionToolTest - Parsed output nifi.properties location: src/test/resources/nifi.properties
]]></system-err>
  </testcase>
  <testcase name="testShouldParseKey" classname="org.apache.nifi.properties.ConfigEncryptionToolTest" time="0.013">
    <system-err><![CDATA[[main] INFO org.apache.nifi.properties.ConfigEncryptionToolTest - Reading key: [0123456789ABCDEFFEDCBA98765432100123456789ABCDEFFEDCBA9876543210]
[main] INFO org.apache.nifi.properties.ConfigEncryptionToolTest - Parsed key:  [0123456789ABCDEFFEDCBA98765432100123456789ABCDEFFEDCBA9876543210]
[main] INFO org.apache.nifi.properties.ConfigEncryptionToolTest - Reading key: [   0123456789ABCDEFFEDCBA98765432100123456789ABCDEFFEDCBA9876543210   ]
[main] INFO org.apache.nifi.properties.ConfigEncryptionToolTest - Parsed key:  [0123456789ABCDEFFEDCBA98765432100123456789ABCDEFFEDCBA9876543210]
[main] INFO org.apache.nifi.properties.ConfigEncryptionToolTest - Reading key: [xxx0123456789ABCDEFFEDCBA98765432100123456789ABCDEFFEDCBA9876543210zzz]
[main] INFO org.apache.nifi.properties.ConfigEncryptionToolTest - Parsed key:  [0123456789ABCDEFFEDCBA98765432100123456789ABCDEFFEDCBA9876543210]
[main] INFO org.apache.nifi.properties.ConfigEncryptionToolTest - Reading key: [0123-4567-0123-4567-0123-4567-0123-4567]
[main] INFO org.apache.nifi.properties.ConfigEncryptionToolTest - Parsed key:  [01234567012345670123456701234567]
[main] INFO org.apache.nifi.properties.ConfigEncryptionToolTest - Reading key: [89ab cdef 89ab cdef 89ab cdef 89ab cdef]
[main] INFO org.apache.nifi.properties.ConfigEncryptionToolTest - Parsed key:  [89ABCDEF89ABCDEF89ABCDEF89ABCDEF]
[main] INFO org.apache.nifi.properties.ConfigEncryptionToolTest - Reading key: [0123456789abcdeffedcba98765432100123456789abcdeffedcba9876543210]
[main] INFO org.apache.nifi.properties.ConfigEncryptionToolTest - Parsed key:  [0123456789ABCDEFFEDCBA98765432100123456789ABCDEFFEDCBA9876543210]
[main] INFO org.apache.nifi.properties.ConfigEncryptionToolTest - Reading key: [0123456789ABCDEFFEDCBA9876543210]
[main] INFO org.apache.nifi.properties.ConfigEncryptionToolTest - Parsed key:  [0123456789ABCDEFFEDCBA9876543210]
[main] INFO org.apache.nifi.properties.ConfigEncryptionToolTest - Reading key: [0123456789ABCDEFFEDCBA98765432100123456789ABCDEF]
[main] INFO org.apache.nifi.properties.ConfigEncryptionToolTest - Parsed key:  [0123456789ABCDEFFEDCBA98765432100123456789ABCDEF]
]]></system-err>
  </testcase>
  <testcase name="testWriteNiFiPropertiesShouldHandleWriteFailureWhenFileExists" classname="org.apache.nifi.properties.ConfigEncryptionToolTest" time="0.006">
    <system-err><![CDATA[[main] INFO org.apache.nifi.properties.ConfigEncryptionToolTest - Set POSIX permissions to [OTHERS_READ, OWNER_READ, GROUP_READ]
[main] WARN org.apache.nifi.properties.AbstractBootstrapPropertiesLoader - System Property [nifi.properties.file.path] not found: Using Relative Path [conf/nifi.properties]
[main] INFO org.apache.nifi.properties.NiFiPropertiesLoader - Loaded 82 properties from /home/alex/Repositories/nifi/nifi-toolkit/nifi-toolkit-encrypt-config/src/test/resources/nifi_with_sensitive_properties_unprotected.properties
[main] INFO org.apache.nifi.properties.ConfigEncryptionTool - Loaded NiFiProperties instance with 82 properties
[main] INFO org.apache.nifi.properties.ConfigEncryptionToolTest - Loaded 82 properties from src/test/resources/nifi_with_sensitive_properties_unprotected.properties
[main] INFO org.apache.nifi.properties.ConfigEncryptionToolTest - [EXPECTED] The nifi.properties file at target/tmp_nifi.properties must be writable by the user running this tool
]]></system-err>
  </testcase>
  <testcase name="testShouldPerformFullOperationOnAFlowXmlWithPreviouslyEncryptedNiFiProperties" classname="org.apache.nifi.properties.ConfigEncryptionToolTest" time="0.064">
    <system-err><![CDATA[[main] INFO org.apache.nifi.properties.ConfigEncryptionToolTest - Original key line from bootstrap.conf: nifi.bootstrap.sensitive.key=2C576A9585DB862F5ECBEE5B4FFFCCA1
[main] WARN org.apache.nifi.properties.AbstractBootstrapPropertiesLoader - System Property [nifi.properties.file.path] not found: Using Relative Path [conf/nifi.properties]
[main] INFO org.apache.nifi.properties.NiFiPropertiesLoader - Loaded 13 properties from /home/alex/Repositories/nifi/nifi-toolkit/nifi-toolkit-encrypt-config/target/tmp/tmp-nifi.properties
[main] INFO org.apache.nifi.properties.ConfigEncryptionToolTest - Loaded 10 properties from input file
[main] INFO org.apache.nifi.properties.ConfigEncryptionToolTest - Original sensitive values: [nifi.security.keyPasswd:thisIsABadKeyPassword, nifi.security.keystorePasswd:thisIsABadKeystorePassword, nifi.security.truststorePasswd:, nifi.sensitive.props.key:nififtw!, nifi.provenance.repository.encryption.key:null, nifi.provenance.repository.encryption.key.provider.password:null, nifi.flowfile.repository.encryption.key.provider.password:null, nifi.content.repository.encryption.key.provider.password:null, nifi.repository.encryption.key.provider.keystore.password:null]
[main] INFO org.apache.nifi.properties.NiFiPropertiesLoader - Loaded 13 properties from /home/alex/Repositories/nifi/nifi-toolkit/nifi-toolkit-encrypt-config/target/tmp/tmp-nifi.properties
[main] INFO org.apache.nifi.properties.ConfigEncryptionToolTest - Original encrypted values: [nifi.security.keyPasswd:ttiSNTC7PUf2Hla7||W2OmVFn4bfB2ZJNBG55SaLneQeZahhF6GIaLZU+i4zRFfxKnlQ, nifi.security.keystorePasswd:vp9C9a8KbSYZFdUM||RoZHB1J+sRgCKG2vKBviOn71tdhsDYH42No+VmIaFMolrTMD/zmwcKev, nifi.security.truststorePasswd:, nifi.sensitive.props.key:UXcrW8T1UKAPJeun||ezUJSp30AvKGsRxJOOXoPUtZonv56Lx1, nifi.provenance.repository.encryption.key:null, nifi.provenance.repository.encryption.key.provider.password:null, nifi.flowfile.repository.encryption.key.provider.password:null, nifi.content.repository.encryption.key.provider.password:null, nifi.repository.encryption.key.provider.keystore.password:null]
[main] INFO org.apache.nifi.properties.ConfigEncryptionToolTest - Sensitive property key originally protected with aes/gcm/128
[main] WARN org.apache.nifi.properties.ConfigEncryptionTool - The source nifi.properties and destination nifi.properties are identical [target/tmp/tmp-nifi.properties] so the original will be overwritten
[main] INFO org.apache.nifi.properties.ConfigEncryptionTool - Handling encryption of flow.xml.gz
[main] WARN org.apache.nifi.properties.ConfigEncryptionTool - The source flow.xml.gz and destination flow.xml.gz are identical [target/tmp/tmp-flow.xml.gz] so the original will be overwritten
[main] INFO org.apache.nifi.properties.ConfigEncryptionTool -        bootstrap.conf:               target/tmp/tmp_bootstrap.conf
[main] INFO org.apache.nifi.properties.ConfigEncryptionTool - (src)  nifi.properties:              target/tmp/tmp-nifi.properties
[main] INFO org.apache.nifi.properties.ConfigEncryptionTool - (dest) nifi.properties:              target/tmp/tmp-nifi.properties
[main] INFO org.apache.nifi.properties.ConfigEncryptionTool - (src)  login-identity-providers.xml: null
[main] INFO org.apache.nifi.properties.ConfigEncryptionTool - (dest) login-identity-providers.xml: null
[main] INFO org.apache.nifi.properties.ConfigEncryptionTool - (src)  authorizers.xml:              null
[main] INFO org.apache.nifi.properties.ConfigEncryptionTool - (dest) authorizers.xml:              null
[main] INFO org.apache.nifi.properties.ConfigEncryptionTool - (src)  flow.xml.gz:                  target/tmp/tmp-flow.xml.gz
[main] INFO org.apache.nifi.properties.ConfigEncryptionTool - (dest) flow.xml.gz:                  target/tmp/tmp-flow.xml.gz
[main] INFO org.apache.nifi.properties.NiFiPropertiesLoader - Loaded 13 properties from /home/alex/Repositories/nifi/nifi-toolkit/nifi-toolkit-encrypt-config/target/tmp/tmp-nifi.properties
[main] INFO org.apache.nifi.properties.NiFiPropertiesLoader - Loaded 13 properties from /home/alex/Repositories/nifi/nifi-toolkit/nifi-toolkit-encrypt-config/target/tmp/tmp-nifi.properties
[main] INFO org.apache.nifi.properties.ConfigEncryptionTool - Loaded NiFiProperties instance with 10 properties
[main] INFO org.apache.nifi.properties.NiFiPropertiesLoader - Loaded 13 properties from /home/alex/Repositories/nifi/nifi-toolkit/nifi-toolkit-encrypt-config/target/tmp/tmp-nifi.properties
[main] INFO org.apache.nifi.properties.ConfigEncryptionTool - Migrating flow.xml file at target/tmp/tmp-flow.xml.gz. This could take a while if the flow XML is very large.
[main] INFO org.apache.nifi.properties.ConfigEncryptionTool - Tool is not configured to encrypt nifi.properties, but the existing nifi.properties is encrypted and flow.xml.gz was migrated, so manually persisting the new encrypted value to nifi.properties
[main] INFO org.apache.nifi.properties.ConfigEncryptionToolTest - Updated nifi.properties:
[main] INFO org.apache.nifi.properties.ConfigEncryptionToolTest - 

# Licensed to the Apache Software Foundation (ASF) under one or more
# contributor license agreements.  See the NOTICE file distributed with
# this work for additional information regarding copyright ownership.
# The ASF licenses this file to You under the Apache License, Version 2.0
# (the "License"); you may not use this file except in compliance with
# the License.  You may obtain a copy of the License at
#
#     http://www.apache.org/licenses/LICENSE-2.0
#
# Unless required by applicable law or agreed to in writing, software
# distributed under the License is distributed on an "AS IS" BASIS,
# WITHOUT WARRANTIES OR CONDITIONS OF ANY KIND, either express or implied.
# See the License for the specific language governing permissions and
# limitations under the License.

# security properties #
nifi.sensitive.props.key=yANLAIWMoY6tKM4u||TIYgBgt8m1FVuwBDZ2CXsSx699JQ01X7/u7PQdJ2v0Fp3w
nifi.sensitive.props.key.protected=aes/gcm/128
nifi.sensitive.props.algorithm=PBEWITHMD5AND256BITAES-CBC-OPENSSL
nifi.sensitive.props.additional.keys=

nifi.security.keystore=/path/to/keystore.jks
nifi.security.keystoreType=JKS
nifi.security.keystorePasswd=vp9C9a8KbSYZFdUM||RoZHB1J+sRgCKG2vKBviOn71tdhsDYH42No+VmIaFMolrTMD/zmwcKev
nifi.security.keystorePasswd.protected=aes/gcm/128
nifi.security.keyPasswd=ttiSNTC7PUf2Hla7||W2OmVFn4bfB2ZJNBG55SaLneQeZahhF6GIaLZU+i4zRFfxKnlQ
nifi.security.keyPasswd.protected=aes/gcm/128
nifi.security.truststore=
nifi.security.truststoreType=
nifi.security.truststorePasswd=
[main] WARN org.apache.nifi.properties.AbstractBootstrapPropertiesLoader - System Property [nifi.properties.file.path] not found: Using Relative Path [conf/nifi.properties]
[main] INFO org.apache.nifi.properties.NiFiPropertiesLoader - Loaded 13 properties from /home/alex/Repositories/nifi/nifi-toolkit/nifi-toolkit-encrypt-config/target/tmp/tmp-nifi.properties
[main] INFO org.apache.nifi.properties.ConfigEncryptionToolTest - Sensitive property key currently protected with aes/gcm/128
[main] INFO org.apache.nifi.properties.ConfigEncryptionToolTest - Updated key line: nifi.bootstrap.sensitive.key=2C576A9585DB862F5ECBEE5B4FFFCCA1
[main] INFO org.apache.nifi.properties.ConfigEncryptionToolTest - Migrated flow cipher texts for: target/tmp/tmp-flow.xml.gz
[main] INFO org.apache.nifi.properties.ConfigEncryptionToolTest - Original target/tmp/tmp-flow.xml.gz unique cipher texts: [enc{7468697349734142616453616c742e2e63a2cd00e648c459e7e45223fefe8d38ab9ed3d71d94be57d5b0e4391980c858}, enc{7468697349734142616453616c742e2e79ad38319f8069990c6ac60cad75639f9d2ab7dff1a0b8b488af2fff659cf353}]
[main] INFO org.apache.nifi.properties.ConfigEncryptionToolTest - Migrated target/tmp/tmp-flow.xml.gz unique cipher texts: [enc{9f0740cc1e33ec6d2d825ceef7786db844082896abb5adfbfaba9a4e8b9cecea1bdb1c830c08b14fc8aec3c750946f04}, enc{c586b53dfc6b66b049031554cbc320a7dae134fdf5e23a98bedd92de0bbc380fbfd8868bb01285bb6ca3d9cbb042adcf}]
]]></system-err>
  </testcase>
  <testcase name="testSerializeAuthorizersAndPreserveFormatShouldHandleRenamedProvider" classname="org.apache.nifi.properties.ConfigEncryptionToolTest" time="0.116">
    <system-err><![CDATA[[main] INFO org.apache.nifi.properties.ConfigEncryptionToolTest - Read lines: 
<?xml version="1.0" encoding="UTF-8" standalone="yes"?>
<!--
  Licensed to the Apache Software Foundation (ASF) under one or more
  contributor license agreements.  See the NOTICE file distributed with
  this work for additional information regarding copyright ownership.
  The ASF licenses this file to You under the Apache License, Version 2.0
  (the "License"); you may not use this file except in compliance with
  the License.  You may obtain a copy of the License at
      http://www.apache.org/licenses/LICENSE-2.0
  Unless required by applicable law or agreed to in writing, software
  distributed under the License is distributed on an "AS IS" BASIS,
  WITHOUT WARRANTIES OR CONDITIONS OF ANY KIND, either express or implied.
  See the License for the specific language governing permissions and
  limitations under the License.
-->
<!--
    This file lists the userGroupProviders, accessPolicyProviders, and authorizers to use when running securely. In order
    to use a specific authorizer it must be configured here and it's identifier must be specified in the nifi.properties file.
    If the authorizer is a managedAuthorizer, it may need to be configured with an accessPolicyProvider and an userGroupProvider.
    This file allows for configuration of them, but they must be configured in order:

    ...
    all userGroupProviders
    all accessPolicyProviders
    all Authorizers
    ...
-->
<authorizers>

    <!--
        The FileUserGroupProvider will provide support for managing users and groups which is backed by a file
        on the local file system.

        - Users File - The file where the FileUserGroupProvider will store users and groups.

        - Legacy Authorized Users File - The full path to an existing authorized-users.xml that will be automatically
            be used to load the users and groups into the Users File.

        - Initial User Identity [unique key] - The identity of a users and systems to seed the Users File. The name of
            each property must be unique, for example: "Initial User Identity A", "Initial User Identity B",
            "Initial User Identity C" or "Initial User Identity 1", "Initial User Identity 2", "Initial User Identity 3"

            NOTE: Any identity mapping rules specified in nifi.properties will also be applied to the user identities,
            so the values should be the unmapped identities (i.e. full DN from a certificate).
    -->
    <!--
    <userGroupProvider>
        <identifier>file-user-group-provider</identifier>
        <class>org.apache.nifi.authorization.FileUserGroupProvider</class>
        <property name="Users File">./conf/users.xml</property>
        <property name="Legacy Authorized Users File"></property>

        <property name="Initial User Identity 1"></property>
    </userGroupProvider>
    -->

    <!--
        The LdapUserGroupProvider will retrieve users and groups from an LDAP server. The users and groups
        are not configurable.

        'Authentication Strategy' - How the connection to the LDAP server is authenticated. Possible
            values are ANONYMOUS, SIMPLE, LDAPS, or START_TLS.

        'Manager DN' - The DN of the manager that is used to bind to the LDAP server to search for users.
        'Manager Password' - The password of the manager that is used to bind to the LDAP server to
            search for users.

        'TLS - Keystore' - Path to the Keystore that is used when connecting to LDAP using LDAPS or START_TLS.
        'TLS - Keystore Password' - Password for the Keystore that is used when connecting to LDAP
            using LDAPS or START_TLS.
        'TLS - Keystore Type' - Type of the Keystore that is used when connecting to LDAP using
            LDAPS or START_TLS (i.e. JKS or PKCS12).
        'TLS - Truststore' - Path to the Truststore that is used when connecting to LDAP using LDAPS or START_TLS.
        'TLS - Truststore Password' - Password for the Truststore that is used when connecting to
            LDAP using LDAPS or START_TLS.
        'TLS - Truststore Type' - Type of the Truststore that is used when connecting to LDAP using
            LDAPS or START_TLS (i.e. JKS or PKCS12).
        'TLS - Client Auth' - Client authentication policy when connecting to LDAP using LDAPS or START_TLS.
            Possible values are REQUIRED, WANT, NONE.
        'TLS - Protocol' - Protocol to use when connecting to LDAP using LDAPS or START_TLS. (i.e. TLS,
            TLSv1.1, TLSv1.2, etc).
        'TLS - Shutdown Gracefully' - Specifies whether the TLS should be shut down gracefully
            before the target context is closed. Defaults to false.

        'Referral Strategy' - Strategy for handling referrals. Possible values are FOLLOW, IGNORE, THROW.
        'Connect Timeout' - Duration of connect timeout. (i.e. 10 secs).
        'Read Timeout' - Duration of read timeout. (i.e. 10 secs).

        'Url' - Space-separated list of URLs of the LDAP servers (i.e. ldap://<hostname>:<port>).
        'Page Size' - Sets the page size when retrieving users and groups. If not specified, no paging is performed.
        'Sync Interval' - Duration of time between syncing users and groups (i.e. 30 mins). Minimum allowable value is 10 secs.

        'User Search Base' - Base DN for searching for users (i.e. ou=users,o=nifi). Required to search users.
        'User Object Class' - Object class for identifying users (i.e. person). Required if searching users.
        'User Search Scope' - Search scope for searching users (ONE_LEVEL, OBJECT, or SUBTREE). Required if searching users.
        'User Search Filter' - Filter for searching for users against the 'User Search Base' (i.e. (memberof=cn=team1,ou=groups,o=nifi) ). Optional.
        'User Identity Attribute' - Attribute to use to extract user identity (i.e. cn). Optional. If not set, the entire DN is used.
        'User Group Name Attribute' - Attribute to use to define group membership (i.e. memberof). Optional. If not set
            group membership will not be calculated through the users. Will rely on group membership being defined
            through 'Group Member Attribute' if set. The value of this property is the name of the attribute in the user ldap entry that
            associates them with a group. The value of that user attribute could be a dn or group name for instance. What value is expected
            is configured in the 'User Group Name Attribute - Referenced Group Attribute'.
        'User Group Name Attribute - Referenced Group Attribute' - If blank, the value of the attribute defined in 'User Group Name Attribute'
            is expected to be the full dn of the group. If not blank, this property will define the attribute of the group ldap entry that
            the value of the attribute defined in 'User Group Name Attribute' is referencing (i.e. name). Use of this property requires that
            'Group Search Base' is also configured.

        'Group Search Base' - Base DN for searching for groups (i.e. ou=groups,o=nifi). Required to search groups.
        'Group Object Class' - Object class for identifying groups (i.e. groupOfNames). Required if searching groups.
        'Group Search Scope' - Search scope for searching groups (ONE_LEVEL, OBJECT, or SUBTREE). Required if searching groups.
        'Group Search Filter' - Filter for searching for groups against the 'Group Search Base'. Optional.
        'Group Name Attribute' - Attribute to use to extract group name (i.e. cn). Optional. If not set, the entire DN is used.
        'Group Member Attribute' - Attribute to use to define group membership (i.e. member). Optional. If not set
            group membership will not be calculated through the groups. Will rely on group membership being defined
            through 'User Group Name Attribute' if set. The value of this property is the name of the attribute in the group ldap entry that
            associates them with a user. The value of that group attribute could be a dn or memberUid for instance. What value is expected
            is configured in the 'Group Member Attribute - Referenced User Attribute'. (i.e. member: cn=User 1,ou=users,o=nifi vs. memberUid: user1)
        'Group Member Attribute - Referenced User Attribute' - If blank, the value of the attribute defined in 'Group Member Attribute'
            is expected to be the full dn of the user. If not blank, this property will define the attribute of the user ldap entry that
            the value of the attribute defined in 'Group Member Attribute' is referencing (i.e. uid). Use of this property requires that
            'User Search Base' is also configured. (i.e. member: cn=User 1,ou=users,o=nifi vs. memberUid: user1)

        NOTE: Any identity mapping rules specified in nifi.properties will also be applied to the user identities.
            Group names are not mapped.
    -->
    <userGroupProvider>
        <identifier>renamed-provider</identifier>
        <class>org.apache.nifi.ldap.tenants.LdapUserGroupProvider</class>
        <property name="Authentication Strategy">START_TLS</property>

        <property name="Manager DN">someuser</property>
        <property name="Manager Password">thisIsABadPassword</property>

        <property name="TLS - Keystore"></property>
        <property name="TLS - Keystore Password">thisIsABadPassword</property>
        <property name="TLS - Keystore Type"></property>
        <property name="TLS - Truststore"></property>
        <property name="TLS - Truststore Password">thisIsABadPassword</property>
        <property name="TLS - Truststore Type"></property>
        <property name="TLS - Client Auth"></property>
        <property name="TLS - Protocol"></property>
        <property name="TLS - Shutdown Gracefully"></property>

        <property name="Referral Strategy">FOLLOW</property>
        <property name="Connect Timeout">10 secs</property>
        <property name="Read Timeout">10 secs</property>

        <property name="Url"></property>
        <property name="Page Size"></property>
        <property name="Sync Interval">30 mins</property>

        <property name="User Search Base"></property>
        <property name="User Object Class">person</property>
        <property name="User Search Scope">ONE_LEVEL</property>
        <property name="User Search Filter"></property>
        <property name="User Identity Attribute"></property>
        <property name="User Group Name Attribute"></property>
        <property name="User Group Name Attribute - Referenced Group Attribute"></property>

        <property name="Group Search Base"></property>
        <property name="Group Object Class">group</property>
        <property name="Group Search Scope">ONE_LEVEL</property>
        <property name="Group Search Filter"></property>
        <property name="Group Name Attribute"></property>
        <property name="Group Member Attribute"></property>
        <property name="Group Member Attribute - Referenced User Attribute"></property>
    </userGroupProvider>

    <!--
        The CompositeUserGroupProvider will provide support for retrieving users and groups from multiple sources.

        - User Group Provider [unique key] - The identifier of user group providers to load from. The name of
            each property must be unique, for example: "User Group Provider A", "User Group Provider B",
            "User Group Provider C" or "User Group Provider 1", "User Group Provider 2", "User Group Provider 3"

            NOTE: Any identity mapping rules specified in nifi.properties are not applied in this implementation. This behavior
            would need to be applied by the base implementation.
    -->
    <!-- To enable the composite-user-group-provider remove 2 lines. This is 1 of 2.
    <userGroupProvider>
        <identifier>composite-user-group-provider</identifier>
        <class>org.apache.nifi.authorization.CompositeUserGroupProvider</class>
        <property name="User Group Provider 1"></property>
    </userGroupProvider>
    To enable the composite-user-group-provider remove 2 lines. This is 2 of 2. -->

    <!--
        The CompositeConfigurableUserGroupProvider will provide support for retrieving users and groups from multiple sources.
        Additionally, a single configurable user group provider is required. Users from the configurable user group provider
        are configurable, however users loaded from one of the User Group Provider [unique key] will not be.

        - Configurable User Group Provider - A configurable user group provider.

        - User Group Provider [unique key] - The identifier of user group providers to load from. The name of
            each property must be unique, for example: "User Group Provider A", "User Group Provider B",
            "User Group Provider C" or "User Group Provider 1", "User Group Provider 2", "User Group Provider 3"

            NOTE: Any identity mapping rules specified in nifi.properties are not applied in this implementation. This behavior
            would need to be applied by the base implementation.
    -->
    <!-- To enable the composite-configurable-user-group-provider remove 2 lines. This is 1 of 2.
    <userGroupProvider>
        <identifier>composite-configurable-user-group-provider</identifier>
        <class>org.apache.nifi.authorization.CompositeConfigurableUserGroupProvider</class>
        <property name="Configurable User Group Provider">file-user-group-provider</property>
        <property name="User Group Provider 1"></property>
    </userGroupProvider>
    To enable the composite-configurable-user-group-provider remove 2 lines. This is 2 of 2. -->

    <!--
        The FileAccessPolicyProvider will provide support for managing access policies which is backed by a file
        on the local file system.

        - User Group Provider - The identifier for an User Group Provider defined above that will be used to access
            users and groups for use in the managed access policies.

        - Authorizations File - The file where the FileAccessPolicyProvider will store policies.

        - Initial Admin Identity - The identity of an initial admin user that will be granted access to the UI and
            given the ability to create additional users, groups, and policies. The value of this property could be
            a DN when using certificates or LDAP, or a Kerberos principal. This property will only be used when there
            are no other policies defined. If this property is specified then a Legacy Authorized Users File can not be specified.

            NOTE: Any identity mapping rules specified in nifi.properties will also be applied to the initial admin identity,
            so the value should be the unmapped identity. This identity must be found in the configured User Group Provider.

        - Legacy Authorized Users File - The full path to an existing authorized-users.xml that will be automatically
            converted to the new authorizations model. If this property is specified then an Initial Admin Identity can
            not be specified, and this property will only be used when there are no other users, groups, and policies defined.

            NOTE: Any users in the legacy users file must be found in the configured User Group Provider.

        - Node Identity [unique key] - The identity of a NiFi cluster node. When clustered, a property for each node
            should be defined, so that every node knows about every other node. If not clustered these properties can be ignored.
            The name of each property must be unique, for example for a three node cluster:
            "Node Identity A", "Node Identity B", "Node Identity C" or "Node Identity 1", "Node Identity 2", "Node Identity 3"

            NOTE: Any identity mapping rules specified in nifi.properties will also be applied to the node identities,
            so the values should be the unmapped identities (i.e. full DN from a certificate). This identity must be found
            in the configured User Group Provider.
    -->
    <accessPolicyProvider>
        <identifier>file-access-policy-provider</identifier>
        <class>org.apache.nifi.authorization.FileAccessPolicyProvider</class>
        <property name="User Group Provider">renamed-provider</property>
        <property name="Authorizations File">./conf/authorizations.xml</property>
        <property name="Initial Admin Identity"></property>
        <property name="Legacy Authorized Users File"></property>

        <property name="Node Identity 1"></property>
    </accessPolicyProvider>

    <!--
        The StandardManagedAuthorizer. This authorizer implementation must be configured with the
        Access Policy Provider which it will use to access and manage users, groups, and policies.
        These users, groups, and policies will be used to make all access decisions during authorization
        requests.

        - Access Policy Provider - The identifier for an Access Policy Provider defined above.
    -->
    <authorizer>
        <identifier>managed-authorizer</identifier>
        <class>org.apache.nifi.authorization.StandardManagedAuthorizer</class>
        <property name="Access Policy Provider">file-access-policy-provider</property>
    </authorizer>

    <!--
        NOTE: This Authorizer has been replaced with the more granular approach configured above with the Standard
        Managed Authorizer. However, it is still available for backwards compatibility reasons.

        The FileAuthorizer is NiFi's provided authorizer and has the following properties:

        - Authorizations File - The file where the FileAuthorizer will store policies.

        - Users File - The file where the FileAuthorizer will store users and groups.

        - Initial Admin Identity - The identity of an initial admin user that will be granted access to the UI and
            given the ability to create additional users, groups, and policies. The value of this property could be
            a DN when using certificates or LDAP, or a Kerberos principal. This property will only be used when there
            are no other users, groups, and policies defined. If this property is specified then a Legacy Authorized
            Users File can not be specified.

            NOTE: Any identity mapping rules specified in nifi.properties will also be applied to the initial admin identity,
            so the value should be the unmapped identity.

        - Legacy Authorized Users File - The full path to an existing authorized-users.xml that will be automatically
            converted to the new authorizations model. If this property is specified then an Initial Admin Identity can
            not be specified, and this property will only be used when there are no other users, groups, and policies defined.

        - Node Identity [unique key] - The identity of a NiFi cluster node. When clustered, a property for each node
            should be defined, so that every node knows about every other node. If not clustered these properties can be ignored.
            The name of each property must be unique, for example for a three node cluster:
            "Node Identity A", "Node Identity B", "Node Identity C" or "Node Identity 1", "Node Identity 2", "Node Identity 3"

            NOTE: Any identity mapping rules specified in nifi.properties will also be applied to the node identities,
            so the values should be the unmapped identities (i.e. full DN from a certificate).
    -->
    <!-- <authorizer>
        <identifier>file-provider</identifier>
        <class>org.apache.nifi.authorization.FileAuthorizer</class>
        <property name="Authorizations File">./conf/authorizations.xml</property>
        <property name="Users File">./conf/users.xml</property>
        <property name="Initial Admin Identity"></property>
        <property name="Legacy Authorized Users File"></property>

        <property name="Node Identity 1"></property>
    </authorizer>
    -->
</authorizers>
[main] INFO org.apache.nifi.properties.ConfigEncryptionTool - Attempting to encrypt property using protection scheme aes/gcm/256
[main] WARN org.apache.nifi.properties.ConfigEncryptionTool - Could not load default bootstrap.conf: Configuration Directory [conf] not found for Bootstrap Properties
[main] INFO org.apache.nifi.properties.ConfigEncryptionTool - Attempting to encrypt property using protection scheme aes/gcm/256
[main] INFO org.apache.nifi.properties.ConfigEncryptionTool - Attempting to encrypt property using protection scheme aes/gcm/256
[main] INFO org.apache.nifi.properties.ConfigEncryptionTool - Updated XML content: <?xml version="1.0" encoding="UTF-8"?><authorizers>

    
    

    
    <userGroupProvider>
        <identifier>renamed-provider</identifier>
        <class>org.apache.nifi.ldap.tenants.LdapUserGroupProvider</class>
        <property name="Authentication Strategy">START_TLS</property>

        <property name="Manager DN">someuser</property>
        <property name="Manager Password" encryption="aes/gcm/256">OoatyPLBpTYi6jnf||1juGiK0ZiDHzrf/VB4MQtSstXU9ZW4DS/LKNAlv4p/0oaA</property>

        <property name="TLS - Keystore"/>
        <property name="TLS - Keystore Password" encryption="aes/gcm/256">D8nkVzlsk1j3dVwQ||5qAOq61Vh1wfwXcxOWfsEgoBx2UMMAIQj7wtL+kU0eY7Yw</property>
        <property name="TLS - Keystore Type"/>
        <property name="TLS - Truststore"/>
        <property name="TLS - Truststore Password" encryption="aes/gcm/256">aVFVstNCCMmXNzo1||kWm3301aj0BxPzwEpUhcEcz7qZLgUMI0VgtYQlr7PRG5Pw</property>
        <property name="TLS - Truststore Type"/>
        <property name="TLS - Client Auth"/>
        <property name="TLS - Protocol"/>
        <property name="TLS - Shutdown Gracefully"/>

        <property name="Referral Strategy">FOLLOW</property>
        <property name="Connect Timeout">10 secs</property>
        <property name="Read Timeout">10 secs</property>

        <property name="Url"/>
        <property name="Page Size"/>
        <property name="Sync Interval">30 mins</property>

        <property name="User Search Base"/>
        <property name="User Object Class">person</property>
        <property name="User Search Scope">ONE_LEVEL</property>
        <property name="User Search Filter"/>
        <property name="User Identity Attribute"/>
        <property name="User Group Name Attribute"/>
        <property name="User Group Name Attribute - Referenced Group Attribute"/>

        <property name="Group Search Base"/>
        <property name="Group Object Class">group</property>
        <property name="Group Search Scope">ONE_LEVEL</property>
        <property name="Group Search Filter"/>
        <property name="Group Name Attribute"/>
        <property name="Group Member Attribute"/>
        <property name="Group Member Attribute - Referenced User Attribute"/>
    </userGroupProvider>

    
    

    
    

    
    <accessPolicyProvider>
        <identifier>file-access-policy-provider</identifier>
        <class>org.apache.nifi.authorization.FileAccessPolicyProvider</class>
        <property name="User Group Provider">renamed-provider</property>
        <property name="Authorizations File">./conf/authorizations.xml</property>
        <property name="Initial Admin Identity"/>
        <property name="Legacy Authorized Users File"/>

        <property name="Node Identity 1"/>
    </accessPolicyProvider>

    
    <authorizer>
        <identifier>managed-authorizer</identifier>
        <class>org.apache.nifi.authorization.StandardManagedAuthorizer</class>
        <property name="Access Policy Provider">file-access-policy-provider</property>
    </authorizer>

    
    
</authorizers>

[main] INFO org.apache.nifi.properties.ConfigEncryptionToolTest - Encrypted XML: 
<?xml version="1.0" encoding="UTF-8"?><authorizers>

    
    

    
    <userGroupProvider>
        <identifier>renamed-provider</identifier>
        <class>org.apache.nifi.ldap.tenants.LdapUserGroupProvider</class>
        <property name="Authentication Strategy">START_TLS</property>

        <property name="Manager DN">someuser</property>
        <property name="Manager Password" encryption="aes/gcm/256">OoatyPLBpTYi6jnf||1juGiK0ZiDHzrf/VB4MQtSstXU9ZW4DS/LKNAlv4p/0oaA</property>

        <property name="TLS - Keystore"/>
        <property name="TLS - Keystore Password" encryption="aes/gcm/256">D8nkVzlsk1j3dVwQ||5qAOq61Vh1wfwXcxOWfsEgoBx2UMMAIQj7wtL+kU0eY7Yw</property>
        <property name="TLS - Keystore Type"/>
        <property name="TLS - Truststore"/>
        <property name="TLS - Truststore Password" encryption="aes/gcm/256">aVFVstNCCMmXNzo1||kWm3301aj0BxPzwEpUhcEcz7qZLgUMI0VgtYQlr7PRG5Pw</property>
        <property name="TLS - Truststore Type"/>
        <property name="TLS - Client Auth"/>
        <property name="TLS - Protocol"/>
        <property name="TLS - Shutdown Gracefully"/>

        <property name="Referral Strategy">FOLLOW</property>
        <property name="Connect Timeout">10 secs</property>
        <property name="Read Timeout">10 secs</property>

        <property name="Url"/>
        <property name="Page Size"/>
        <property name="Sync Interval">30 mins</property>

        <property name="User Search Base"/>
        <property name="User Object Class">person</property>
        <property name="User Search Scope">ONE_LEVEL</property>
        <property name="User Search Filter"/>
        <property name="User Identity Attribute"/>
        <property name="User Group Name Attribute"/>
        <property name="User Group Name Attribute - Referenced Group Attribute"/>

        <property name="Group Search Base"/>
        <property name="Group Object Class">group</property>
        <property name="Group Search Scope">ONE_LEVEL</property>
        <property name="Group Search Filter"/>
        <property name="Group Name Attribute"/>
        <property name="Group Member Attribute"/>
        <property name="Group Member Attribute - Referenced User Attribute"/>
    </userGroupProvider>

    
    

    
    

    
    <accessPolicyProvider>
        <identifier>file-access-policy-provider</identifier>
        <class>org.apache.nifi.authorization.FileAccessPolicyProvider</class>
        <property name="User Group Provider">renamed-provider</property>
        <property name="Authorizations File">./conf/authorizations.xml</property>
        <property name="Initial Admin Identity"/>
        <property name="Legacy Authorized Users File"/>

        <property name="Node Identity 1"/>
    </accessPolicyProvider>

    
    <authorizer>
        <identifier>managed-authorizer</identifier>
        <class>org.apache.nifi.authorization.StandardManagedAuthorizer</class>
        <property name="Access Policy Provider">file-access-policy-provider</property>
    </authorizer>

    
    
</authorizers>

[main] INFO org.apache.nifi.properties.ConfigEncryptionToolTest - Serialized lines: 
<?xml version="1.0" encoding="UTF-8" standalone="yes"?>
<!--
  Licensed to the Apache Software Foundation (ASF) under one or more
  contributor license agreements.  See the NOTICE file distributed with
  this work for additional information regarding copyright ownership.
  The ASF licenses this file to You under the Apache License, Version 2.0
  (the "License"); you may not use this file except in compliance with
  the License.  You may obtain a copy of the License at
      http://www.apache.org/licenses/LICENSE-2.0
  Unless required by applicable law or agreed to in writing, software
  distributed under the License is distributed on an "AS IS" BASIS,
  WITHOUT WARRANTIES OR CONDITIONS OF ANY KIND, either express or implied.
  See the License for the specific language governing permissions and
  limitations under the License.
-->
<!--
    This file lists the userGroupProviders, accessPolicyProviders, and authorizers to use when running securely. In order
    to use a specific authorizer it must be configured here and it's identifier must be specified in the nifi.properties file.
    If the authorizer is a managedAuthorizer, it may need to be configured with an accessPolicyProvider and an userGroupProvider.
    This file allows for configuration of them, but they must be configured in order:

    ...
    all userGroupProviders
    all accessPolicyProviders
    all Authorizers
    ...
-->
<authorizers>

    <!--
        The FileUserGroupProvider will provide support for managing users and groups which is backed by a file
        on the local file system.

        - Users File - The file where the FileUserGroupProvider will store users and groups.

        - Legacy Authorized Users File - The full path to an existing authorized-users.xml that will be automatically
            be used to load the users and groups into the Users File.

        - Initial User Identity [unique key] - The identity of a users and systems to seed the Users File. The name of
            each property must be unique, for example: "Initial User Identity A", "Initial User Identity B",
            "Initial User Identity C" or "Initial User Identity 1", "Initial User Identity 2", "Initial User Identity 3"

            NOTE: Any identity mapping rules specified in nifi.properties will also be applied to the user identities,
            so the values should be the unmapped identities (i.e. full DN from a certificate).
    -->
    <!--
    <userGroupProvider>
        <identifier>file-user-group-provider</identifier>
        <class>org.apache.nifi.authorization.FileUserGroupProvider</class>
        <property name="Users File">./conf/users.xml</property>
        <property name="Legacy Authorized Users File"></property>

        <property name="Initial User Identity 1"></property>
    </userGroupProvider>
    -->

    <!--
        The LdapUserGroupProvider will retrieve users and groups from an LDAP server. The users and groups
        are not configurable.

        'Authentication Strategy' - How the connection to the LDAP server is authenticated. Possible
            values are ANONYMOUS, SIMPLE, LDAPS, or START_TLS.

        'Manager DN' - The DN of the manager that is used to bind to the LDAP server to search for users.
        'Manager Password' - The password of the manager that is used to bind to the LDAP server to
            search for users.

        'TLS - Keystore' - Path to the Keystore that is used when connecting to LDAP using LDAPS or START_TLS.
        'TLS - Keystore Password' - Password for the Keystore that is used when connecting to LDAP
            using LDAPS or START_TLS.
        'TLS - Keystore Type' - Type of the Keystore that is used when connecting to LDAP using
            LDAPS or START_TLS (i.e. JKS or PKCS12).
        'TLS - Truststore' - Path to the Truststore that is used when connecting to LDAP using LDAPS or START_TLS.
        'TLS - Truststore Password' - Password for the Truststore that is used when connecting to
            LDAP using LDAPS or START_TLS.
        'TLS - Truststore Type' - Type of the Truststore that is used when connecting to LDAP using
            LDAPS or START_TLS (i.e. JKS or PKCS12).
        'TLS - Client Auth' - Client authentication policy when connecting to LDAP using LDAPS or START_TLS.
            Possible values are REQUIRED, WANT, NONE.
        'TLS - Protocol' - Protocol to use when connecting to LDAP using LDAPS or START_TLS. (i.e. TLS,
            TLSv1.1, TLSv1.2, etc).
        'TLS - Shutdown Gracefully' - Specifies whether the TLS should be shut down gracefully
            before the target context is closed. Defaults to false.

        'Referral Strategy' - Strategy for handling referrals. Possible values are FOLLOW, IGNORE, THROW.
        'Connect Timeout' - Duration of connect timeout. (i.e. 10 secs).
        'Read Timeout' - Duration of read timeout. (i.e. 10 secs).

        'Url' - Space-separated list of URLs of the LDAP servers (i.e. ldap://<hostname>:<port>).
        'Page Size' - Sets the page size when retrieving users and groups. If not specified, no paging is performed.
        'Sync Interval' - Duration of time between syncing users and groups (i.e. 30 mins). Minimum allowable value is 10 secs.

        'User Search Base' - Base DN for searching for users (i.e. ou=users,o=nifi). Required to search users.
        'User Object Class' - Object class for identifying users (i.e. person). Required if searching users.
        'User Search Scope' - Search scope for searching users (ONE_LEVEL, OBJECT, or SUBTREE). Required if searching users.
        'User Search Filter' - Filter for searching for users against the 'User Search Base' (i.e. (memberof=cn=team1,ou=groups,o=nifi) ). Optional.
        'User Identity Attribute' - Attribute to use to extract user identity (i.e. cn). Optional. If not set, the entire DN is used.
        'User Group Name Attribute' - Attribute to use to define group membership (i.e. memberof). Optional. If not set
            group membership will not be calculated through the users. Will rely on group membership being defined
            through 'Group Member Attribute' if set. The value of this property is the name of the attribute in the user ldap entry that
            associates them with a group. The value of that user attribute could be a dn or group name for instance. What value is expected
            is configured in the 'User Group Name Attribute - Referenced Group Attribute'.
        'User Group Name Attribute - Referenced Group Attribute' - If blank, the value of the attribute defined in 'User Group Name Attribute'
            is expected to be the full dn of the group. If not blank, this property will define the attribute of the group ldap entry that
            the value of the attribute defined in 'User Group Name Attribute' is referencing (i.e. name). Use of this property requires that
            'Group Search Base' is also configured.

        'Group Search Base' - Base DN for searching for groups (i.e. ou=groups,o=nifi). Required to search groups.
        'Group Object Class' - Object class for identifying groups (i.e. groupOfNames). Required if searching groups.
        'Group Search Scope' - Search scope for searching groups (ONE_LEVEL, OBJECT, or SUBTREE). Required if searching groups.
        'Group Search Filter' - Filter for searching for groups against the 'Group Search Base'. Optional.
        'Group Name Attribute' - Attribute to use to extract group name (i.e. cn). Optional. If not set, the entire DN is used.
        'Group Member Attribute' - Attribute to use to define group membership (i.e. member). Optional. If not set
            group membership will not be calculated through the groups. Will rely on group membership being defined
            through 'User Group Name Attribute' if set. The value of this property is the name of the attribute in the group ldap entry that
            associates them with a user. The value of that group attribute could be a dn or memberUid for instance. What value is expected
            is configured in the 'Group Member Attribute - Referenced User Attribute'. (i.e. member: cn=User 1,ou=users,o=nifi vs. memberUid: user1)
        'Group Member Attribute - Referenced User Attribute' - If blank, the value of the attribute defined in 'Group Member Attribute'
            is expected to be the full dn of the user. If not blank, this property will define the attribute of the user ldap entry that
            the value of the attribute defined in 'Group Member Attribute' is referencing (i.e. uid). Use of this property requires that
            'User Search Base' is also configured. (i.e. member: cn=User 1,ou=users,o=nifi vs. memberUid: user1)

        NOTE: Any identity mapping rules specified in nifi.properties will also be applied to the user identities.
            Group names are not mapped.
    -->
    <userGroupProvider>
        <identifier>renamed-provider</identifier>
        <class>org.apache.nifi.ldap.tenants.LdapUserGroupProvider</class>
        <property name="Authentication Strategy">START_TLS</property>

        <property name="Manager DN">someuser</property>
        <property encryption="aes/gcm/256" name="Manager Password">OoatyPLBpTYi6jnf||1juGiK0ZiDHzrf/VB4MQtSstXU9ZW4DS/LKNAlv4p/0oaA</property>

        <property name="TLS - Keystore"/>
        <property encryption="aes/gcm/256" name="TLS - Keystore Password">D8nkVzlsk1j3dVwQ||5qAOq61Vh1wfwXcxOWfsEgoBx2UMMAIQj7wtL+kU0eY7Yw</property>
        <property name="TLS - Keystore Type"/>
        <property name="TLS - Truststore"/>
        <property encryption="aes/gcm/256" name="TLS - Truststore Password">aVFVstNCCMmXNzo1||kWm3301aj0BxPzwEpUhcEcz7qZLgUMI0VgtYQlr7PRG5Pw</property>
        <property name="TLS - Truststore Type"/>
        <property name="TLS - Client Auth"/>
        <property name="TLS - Protocol"/>
        <property name="TLS - Shutdown Gracefully"/>

        <property name="Referral Strategy">FOLLOW</property>
        <property name="Connect Timeout">10 secs</property>
        <property name="Read Timeout">10 secs</property>

        <property name="Url"/>
        <property name="Page Size"/>
        <property name="Sync Interval">30 mins</property>

        <property name="User Search Base"/>
        <property name="User Object Class">person</property>
        <property name="User Search Scope">ONE_LEVEL</property>
        <property name="User Search Filter"/>
        <property name="User Identity Attribute"/>
        <property name="User Group Name Attribute"/>
        <property name="User Group Name Attribute - Referenced Group Attribute"/>

        <property name="Group Search Base"/>
        <property name="Group Object Class">group</property>
        <property name="Group Search Scope">ONE_LEVEL</property>
        <property name="Group Search Filter"/>
        <property name="Group Name Attribute"/>
        <property name="Group Member Attribute"/>
        <property name="Group Member Attribute - Referenced User Attribute"/>
    </userGroupProvider>


    <!--
        The CompositeUserGroupProvider will provide support for retrieving users and groups from multiple sources.

        - User Group Provider [unique key] - The identifier of user group providers to load from. The name of
            each property must be unique, for example: "User Group Provider A", "User Group Provider B",
            "User Group Provider C" or "User Group Provider 1", "User Group Provider 2", "User Group Provider 3"

            NOTE: Any identity mapping rules specified in nifi.properties are not applied in this implementation. This behavior
            would need to be applied by the base implementation.
    -->
    <!-- To enable the composite-user-group-provider remove 2 lines. This is 1 of 2.
    <userGroupProvider>
        <identifier>composite-user-group-provider</identifier>
        <class>org.apache.nifi.authorization.CompositeUserGroupProvider</class>
        <property name="User Group Provider 1"></property>
    </userGroupProvider>
    To enable the composite-user-group-provider remove 2 lines. This is 2 of 2. -->

    <!--
        The CompositeConfigurableUserGroupProvider will provide support for retrieving users and groups from multiple sources.
        Additionally, a single configurable user group provider is required. Users from the configurable user group provider
        are configurable, however users loaded from one of the User Group Provider [unique key] will not be.

        - Configurable User Group Provider - A configurable user group provider.

        - User Group Provider [unique key] - The identifier of user group providers to load from. The name of
            each property must be unique, for example: "User Group Provider A", "User Group Provider B",
            "User Group Provider C" or "User Group Provider 1", "User Group Provider 2", "User Group Provider 3"

            NOTE: Any identity mapping rules specified in nifi.properties are not applied in this implementation. This behavior
            would need to be applied by the base implementation.
    -->
    <!-- To enable the composite-configurable-user-group-provider remove 2 lines. This is 1 of 2.
    <userGroupProvider>
        <identifier>composite-configurable-user-group-provider</identifier>
        <class>org.apache.nifi.authorization.CompositeConfigurableUserGroupProvider</class>
        <property name="Configurable User Group Provider">file-user-group-provider</property>
        <property name="User Group Provider 1"></property>
    </userGroupProvider>
    To enable the composite-configurable-user-group-provider remove 2 lines. This is 2 of 2. -->

    <!--
        The FileAccessPolicyProvider will provide support for managing access policies which is backed by a file
        on the local file system.

        - User Group Provider - The identifier for an User Group Provider defined above that will be used to access
            users and groups for use in the managed access policies.

        - Authorizations File - The file where the FileAccessPolicyProvider will store policies.

        - Initial Admin Identity - The identity of an initial admin user that will be granted access to the UI and
            given the ability to create additional users, groups, and policies. The value of this property could be
            a DN when using certificates or LDAP, or a Kerberos principal. This property will only be used when there
            are no other policies defined. If this property is specified then a Legacy Authorized Users File can not be specified.

            NOTE: Any identity mapping rules specified in nifi.properties will also be applied to the initial admin identity,
            so the value should be the unmapped identity. This identity must be found in the configured User Group Provider.

        - Legacy Authorized Users File - The full path to an existing authorized-users.xml that will be automatically
            converted to the new authorizations model. If this property is specified then an Initial Admin Identity can
            not be specified, and this property will only be used when there are no other users, groups, and policies defined.

            NOTE: Any users in the legacy users file must be found in the configured User Group Provider.

        - Node Identity [unique key] - The identity of a NiFi cluster node. When clustered, a property for each node
            should be defined, so that every node knows about every other node. If not clustered these properties can be ignored.
            The name of each property must be unique, for example for a three node cluster:
            "Node Identity A", "Node Identity B", "Node Identity C" or "Node Identity 1", "Node Identity 2", "Node Identity 3"

            NOTE: Any identity mapping rules specified in nifi.properties will also be applied to the node identities,
            so the values should be the unmapped identities (i.e. full DN from a certificate). This identity must be found
            in the configured User Group Provider.
    -->
    <accessPolicyProvider>
        <identifier>file-access-policy-provider</identifier>
        <class>org.apache.nifi.authorization.FileAccessPolicyProvider</class>
        <property name="User Group Provider">renamed-provider</property>
        <property name="Authorizations File">./conf/authorizations.xml</property>
        <property name="Initial Admin Identity"></property>
        <property name="Legacy Authorized Users File"></property>

        <property name="Node Identity 1"></property>
    </accessPolicyProvider>

    <!--
        The StandardManagedAuthorizer. This authorizer implementation must be configured with the
        Access Policy Provider which it will use to access and manage users, groups, and policies.
        These users, groups, and policies will be used to make all access decisions during authorization
        requests.

        - Access Policy Provider - The identifier for an Access Policy Provider defined above.
    -->
    <authorizer>
        <identifier>managed-authorizer</identifier>
        <class>org.apache.nifi.authorization.StandardManagedAuthorizer</class>
        <property name="Access Policy Provider">file-access-policy-provider</property>
    </authorizer>

    <!--
        NOTE: This Authorizer has been replaced with the more granular approach configured above with the Standard
        Managed Authorizer. However, it is still available for backwards compatibility reasons.

        The FileAuthorizer is NiFi's provided authorizer and has the following properties:

        - Authorizations File - The file where the FileAuthorizer will store policies.

        - Users File - The file where the FileAuthorizer will store users and groups.

        - Initial Admin Identity - The identity of an initial admin user that will be granted access to the UI and
            given the ability to create additional users, groups, and policies. The value of this property could be
            a DN when using certificates or LDAP, or a Kerberos principal. This property will only be used when there
            are no other users, groups, and policies defined. If this property is specified then a Legacy Authorized
            Users File can not be specified.

            NOTE: Any identity mapping rules specified in nifi.properties will also be applied to the initial admin identity,
            so the value should be the unmapped identity.

        - Legacy Authorized Users File - The full path to an existing authorized-users.xml that will be automatically
            converted to the new authorizations model. If this property is specified then an Initial Admin Identity can
            not be specified, and this property will only be used when there are no other users, groups, and policies defined.

        - Node Identity [unique key] - The identity of a NiFi cluster node. When clustered, a property for each node
            should be defined, so that every node knows about every other node. If not clustered these properties can be ignored.
            The name of each property must be unique, for example for a three node cluster:
            "Node Identity A", "Node Identity B", "Node Identity C" or "Node Identity 1", "Node Identity 2", "Node Identity 3"

            NOTE: Any identity mapping rules specified in nifi.properties will also be applied to the node identities,
            so the values should be the unmapped identities (i.e. full DN from a certificate).
    -->
    <!-- <authorizer>
        <identifier>file-provider</identifier>
        <class>org.apache.nifi.authorization.FileAuthorizer</class>
        <property name="Authorizations File">./conf/authorizations.xml</property>
        <property name="Users File">./conf/users.xml</property>
        <property name="Initial Admin Identity"></property>
        <property name="Legacy Authorized Users File"></property>

        <property name="Node Identity 1"></property>
    </authorizer>
    -->
</authorizers>
]]></system-err>
  </testcase>
  <testcase name="testSerializeAuthorizersAndPreserveFormatShouldHandleEmptyFile" classname="org.apache.nifi.properties.ConfigEncryptionToolTest" time="0.014">
    <system-err><![CDATA[[main] INFO org.apache.nifi.properties.ConfigEncryptionToolTest - Read lines: 

[main] INFO org.apache.nifi.properties.ConfigEncryptionToolTest - Encrypted lines: 

[Fatal Error] :1:1: Premature end of file.
[main] ERROR org.apache.nifi.properties.ConfigEncryptionTool - No provider element with class org.apache.nifi.ldap.tenants.LdapUserGroupProvider found in XML content; the file could be empty or the element may be missing or commented out
[main] INFO org.apache.nifi.properties.ConfigEncryptionToolTest - Serialized lines: 

]]></system-err>
  </testcase>
  <testcase name="testSerializeAuthorizersAndPreserveFormatShouldRespectComments" classname="org.apache.nifi.properties.ConfigEncryptionToolTest" time="0.133">
    <system-err><![CDATA[[main] INFO org.apache.nifi.properties.ConfigEncryptionToolTest - Read lines: 
<?xml version="1.0" encoding="UTF-8" standalone="yes"?>
<!--
  Licensed to the Apache Software Foundation (ASF) under one or more
  contributor license agreements.  See the NOTICE file distributed with
  this work for additional information regarding copyright ownership.
  The ASF licenses this file to You under the Apache License, Version 2.0
  (the "License"); you may not use this file except in compliance with
  the License.  You may obtain a copy of the License at
      http://www.apache.org/licenses/LICENSE-2.0
  Unless required by applicable law or agreed to in writing, software
  distributed under the License is distributed on an "AS IS" BASIS,
  WITHOUT WARRANTIES OR CONDITIONS OF ANY KIND, either express or implied.
  See the License for the specific language governing permissions and
  limitations under the License.
-->
<!--
    This file lists the userGroupProviders, accessPolicyProviders, and authorizers to use when running securely. In order
    to use a specific authorizer it must be configured here and it's identifier must be specified in the nifi.properties file.
    If the authorizer is a managedAuthorizer, it may need to be configured with an accessPolicyProvider and an userGroupProvider.
    This file allows for configuration of them, but they must be configured in order:

    ...
    all userGroupProviders
    all accessPolicyProviders
    all Authorizers
    ...
-->
<authorizers>

    <!--
        The FileUserGroupProvider will provide support for managing users and groups which is backed by a file
        on the local file system.

        - Users File - The file where the FileUserGroupProvider will store users and groups.

        - Legacy Authorized Users File - The full path to an existing authorized-users.xml that will be automatically
            be used to load the users and groups into the Users File.

        - Initial User Identity [unique key] - The identity of a users and systems to seed the Users File. The name of
            each property must be unique, for example: "Initial User Identity A", "Initial User Identity B",
            "Initial User Identity C" or "Initial User Identity 1", "Initial User Identity 2", "Initial User Identity 3"

            NOTE: Any identity mapping rules specified in nifi.properties will also be applied to the user identities,
            so the values should be the unmapped identities (i.e. full DN from a certificate).
    -->
    <!--
    <userGroupProvider>
        <identifier>file-user-group-provider</identifier>
        <class>org.apache.nifi.authorization.FileUserGroupProvider</class>
        <property name="Users File">./conf/users.xml</property>
        <property name="Legacy Authorized Users File"></property>

        <property name="Initial User Identity 1"></property>
    </userGroupProvider>
    -->

    <!--
        The LdapUserGroupProvider will retrieve users and groups from an LDAP server. The users and groups
        are not configurable.

        'Authentication Strategy' - How the connection to the LDAP server is authenticated. Possible
            values are ANONYMOUS, SIMPLE, LDAPS, or START_TLS.

        'Manager DN' - The DN of the manager that is used to bind to the LDAP server to search for users.
        'Manager Password' - The password of the manager that is used to bind to the LDAP server to
            search for users.

        'TLS - Keystore' - Path to the Keystore that is used when connecting to LDAP using LDAPS or START_TLS.
        'TLS - Keystore Password' - Password for the Keystore that is used when connecting to LDAP
            using LDAPS or START_TLS.
        'TLS - Keystore Type' - Type of the Keystore that is used when connecting to LDAP using
            LDAPS or START_TLS (i.e. JKS or PKCS12).
        'TLS - Truststore' - Path to the Truststore that is used when connecting to LDAP using LDAPS or START_TLS.
        'TLS - Truststore Password' - Password for the Truststore that is used when connecting to
            LDAP using LDAPS or START_TLS.
        'TLS - Truststore Type' - Type of the Truststore that is used when connecting to LDAP using
            LDAPS or START_TLS (i.e. JKS or PKCS12).
        'TLS - Client Auth' - Client authentication policy when connecting to LDAP using LDAPS or START_TLS.
            Possible values are REQUIRED, WANT, NONE.
        'TLS - Protocol' - Protocol to use when connecting to LDAP using LDAPS or START_TLS. (i.e. TLS,
            TLSv1.1, TLSv1.2, etc).
        'TLS - Shutdown Gracefully' - Specifies whether the TLS should be shut down gracefully
            before the target context is closed. Defaults to false.

        'Referral Strategy' - Strategy for handling referrals. Possible values are FOLLOW, IGNORE, THROW.
        'Connect Timeout' - Duration of connect timeout. (i.e. 10 secs).
        'Read Timeout' - Duration of read timeout. (i.e. 10 secs).

        'Url' - Space-separated list of URLs of the LDAP servers (i.e. ldap://<hostname>:<port>).
        'Page Size' - Sets the page size when retrieving users and groups. If not specified, no paging is performed.
        'Sync Interval' - Duration of time between syncing users and groups (i.e. 30 mins). Minimum allowable value is 10 secs.

        'User Search Base' - Base DN for searching for users (i.e. ou=users,o=nifi). Required to search users.
        'User Object Class' - Object class for identifying users (i.e. person). Required if searching users.
        'User Search Scope' - Search scope for searching users (ONE_LEVEL, OBJECT, or SUBTREE). Required if searching users.
        'User Search Filter' - Filter for searching for users against the 'User Search Base' (i.e. (memberof=cn=team1,ou=groups,o=nifi) ). Optional.
        'User Identity Attribute' - Attribute to use to extract user identity (i.e. cn). Optional. If not set, the entire DN is used.
        'User Group Name Attribute' - Attribute to use to define group membership (i.e. memberof). Optional. If not set
            group membership will not be calculated through the users. Will rely on group membership being defined
            through 'Group Member Attribute' if set. The value of this property is the name of the attribute in the user ldap entry that
            associates them with a group. The value of that user attribute could be a dn or group name for instance. What value is expected
            is configured in the 'User Group Name Attribute - Referenced Group Attribute'.
        'User Group Name Attribute - Referenced Group Attribute' - If blank, the value of the attribute defined in 'User Group Name Attribute'
            is expected to be the full dn of the group. If not blank, this property will define the attribute of the group ldap entry that
            the value of the attribute defined in 'User Group Name Attribute' is referencing (i.e. name). Use of this property requires that
            'Group Search Base' is also configured.

        'Group Search Base' - Base DN for searching for groups (i.e. ou=groups,o=nifi). Required to search groups.
        'Group Object Class' - Object class for identifying groups (i.e. groupOfNames). Required if searching groups.
        'Group Search Scope' - Search scope for searching groups (ONE_LEVEL, OBJECT, or SUBTREE). Required if searching groups.
        'Group Search Filter' - Filter for searching for groups against the 'Group Search Base'. Optional.
        'Group Name Attribute' - Attribute to use to extract group name (i.e. cn). Optional. If not set, the entire DN is used.
        'Group Member Attribute' - Attribute to use to define group membership (i.e. member). Optional. If not set
            group membership will not be calculated through the groups. Will rely on group membership being defined
            through 'User Group Name Attribute' if set. The value of this property is the name of the attribute in the group ldap entry that
            associates them with a user. The value of that group attribute could be a dn or memberUid for instance. What value is expected
            is configured in the 'Group Member Attribute - Referenced User Attribute'. (i.e. member: cn=User 1,ou=users,o=nifi vs. memberUid: user1)
        'Group Member Attribute - Referenced User Attribute' - If blank, the value of the attribute defined in 'Group Member Attribute'
            is expected to be the full dn of the user. If not blank, this property will define the attribute of the user ldap entry that
            the value of the attribute defined in 'Group Member Attribute' is referencing (i.e. uid). Use of this property requires that
            'User Search Base' is also configured. (i.e. member: cn=User 1,ou=users,o=nifi vs. memberUid: user1)

        NOTE: Any identity mapping rules specified in nifi.properties will also be applied to the user identities.
            Group names are not mapped.
    -->
    <userGroupProvider>
        <identifier>ldap-user-group-provider</identifier>
        <class>org.apache.nifi.ldap.tenants.LdapUserGroupProvider</class>
        <property name="Authentication Strategy">START_TLS</property>

        <property name="Manager DN">someuser</property>
        <property name="Manager Password">thisIsABadPassword</property>

        <property name="TLS - Keystore"></property>
        <property name="TLS - Keystore Password">thisIsABadPassword</property>
        <property name="TLS - Keystore Type"></property>
        <property name="TLS - Truststore"></property>
        <property name="TLS - Truststore Password">thisIsABadPassword</property>
        <property name="TLS - Truststore Type"></property>
        <property name="TLS - Client Auth"></property>
        <property name="TLS - Protocol"></property>
        <property name="TLS - Shutdown Gracefully"></property>

        <property name="Referral Strategy">FOLLOW</property>
        <property name="Connect Timeout">10 secs</property>
        <property name="Read Timeout">10 secs</property>

        <property name="Url"></property>
        <property name="Page Size"></property>
        <property name="Sync Interval">30 mins</property>

        <property name="User Search Base"></property>
        <property name="User Object Class">person</property>
        <property name="User Search Scope">ONE_LEVEL</property>
        <property name="User Search Filter"></property>
        <property name="User Identity Attribute"></property>
        <property name="User Group Name Attribute"></property>
        <property name="User Group Name Attribute - Referenced Group Attribute"></property>

        <property name="Group Search Base"></property>
        <property name="Group Object Class">group</property>
        <property name="Group Search Scope">ONE_LEVEL</property>
        <property name="Group Search Filter"></property>
        <property name="Group Name Attribute"></property>
        <property name="Group Member Attribute"></property>
        <property name="Group Member Attribute - Referenced User Attribute"></property>
    </userGroupProvider>

    <!--
        The CompositeUserGroupProvider will provide support for retrieving users and groups from multiple sources.

        - User Group Provider [unique key] - The identifier of user group providers to load from. The name of
            each property must be unique, for example: "User Group Provider A", "User Group Provider B",
            "User Group Provider C" or "User Group Provider 1", "User Group Provider 2", "User Group Provider 3"

            NOTE: Any identity mapping rules specified in nifi.properties are not applied in this implementation. This behavior
            would need to be applied by the base implementation.
    -->
    <!-- To enable the composite-user-group-provider remove 2 lines. This is 1 of 2.
    <userGroupProvider>
        <identifier>composite-user-group-provider</identifier>
        <class>org.apache.nifi.authorization.CompositeUserGroupProvider</class>
        <property name="User Group Provider 1"></property>
    </userGroupProvider>
    To enable the composite-user-group-provider remove 2 lines. This is 2 of 2. -->

    <!--
        The CompositeConfigurableUserGroupProvider will provide support for retrieving users and groups from multiple sources.
        Additionally, a single configurable user group provider is required. Users from the configurable user group provider
        are configurable, however users loaded from one of the User Group Provider [unique key] will not be.

        - Configurable User Group Provider - A configurable user group provider.

        - User Group Provider [unique key] - The identifier of user group providers to load from. The name of
            each property must be unique, for example: "User Group Provider A", "User Group Provider B",
            "User Group Provider C" or "User Group Provider 1", "User Group Provider 2", "User Group Provider 3"

            NOTE: Any identity mapping rules specified in nifi.properties are not applied in this implementation. This behavior
            would need to be applied by the base implementation.
    -->
    <!-- To enable the composite-configurable-user-group-provider remove 2 lines. This is 1 of 2.
    <userGroupProvider>
        <identifier>composite-configurable-user-group-provider</identifier>
        <class>org.apache.nifi.authorization.CompositeConfigurableUserGroupProvider</class>
        <property name="Configurable User Group Provider">file-user-group-provider</property>
        <property name="User Group Provider 1"></property>
    </userGroupProvider>
    To enable the composite-configurable-user-group-provider remove 2 lines. This is 2 of 2. -->

    <!--
        The FileAccessPolicyProvider will provide support for managing access policies which is backed by a file
        on the local file system.

        - User Group Provider - The identifier for an User Group Provider defined above that will be used to access
            users and groups for use in the managed access policies.

        - Authorizations File - The file where the FileAccessPolicyProvider will store policies.

        - Initial Admin Identity - The identity of an initial admin user that will be granted access to the UI and
            given the ability to create additional users, groups, and policies. The value of this property could be
            a DN when using certificates or LDAP, or a Kerberos principal. This property will only be used when there
            are no other policies defined. If this property is specified then a Legacy Authorized Users File can not be specified.

            NOTE: Any identity mapping rules specified in nifi.properties will also be applied to the initial admin identity,
            so the value should be the unmapped identity. This identity must be found in the configured User Group Provider.

        - Legacy Authorized Users File - The full path to an existing authorized-users.xml that will be automatically
            converted to the new authorizations model. If this property is specified then an Initial Admin Identity can
            not be specified, and this property will only be used when there are no other users, groups, and policies defined.

            NOTE: Any users in the legacy users file must be found in the configured User Group Provider.

        - Node Identity [unique key] - The identity of a NiFi cluster node. When clustered, a property for each node
            should be defined, so that every node knows about every other node. If not clustered these properties can be ignored.
            The name of each property must be unique, for example for a three node cluster:
            "Node Identity A", "Node Identity B", "Node Identity C" or "Node Identity 1", "Node Identity 2", "Node Identity 3"

            NOTE: Any identity mapping rules specified in nifi.properties will also be applied to the node identities,
            so the values should be the unmapped identities (i.e. full DN from a certificate). This identity must be found
            in the configured User Group Provider.
    -->
    <accessPolicyProvider>
        <identifier>file-access-policy-provider</identifier>
        <class>org.apache.nifi.authorization.FileAccessPolicyProvider</class>
        <property name="User Group Provider">ldap-user-group-provider</property>
        <property name="Authorizations File">./conf/authorizations.xml</property>
        <property name="Initial Admin Identity"></property>
        <property name="Legacy Authorized Users File"></property>

        <property name="Node Identity 1"></property>
    </accessPolicyProvider>

    <!--
        The StandardManagedAuthorizer. This authorizer implementation must be configured with the
        Access Policy Provider which it will use to access and manage users, groups, and policies.
        These users, groups, and policies will be used to make all access decisions during authorization
        requests.

        - Access Policy Provider - The identifier for an Access Policy Provider defined above.
    -->
    <authorizer>
        <identifier>managed-authorizer</identifier>
        <class>org.apache.nifi.authorization.StandardManagedAuthorizer</class>
        <property name="Access Policy Provider">file-access-policy-provider</property>
    </authorizer>

    <!--
        NOTE: This Authorizer has been replaced with the more granular approach configured above with the Standard
        Managed Authorizer. However, it is still available for backwards compatibility reasons.

        The FileAuthorizer is NiFi's provided authorizer and has the following properties:

        - Authorizations File - The file where the FileAuthorizer will store policies.

        - Users File - The file where the FileAuthorizer will store users and groups.

        - Initial Admin Identity - The identity of an initial admin user that will be granted access to the UI and
            given the ability to create additional users, groups, and policies. The value of this property could be
            a DN when using certificates or LDAP, or a Kerberos principal. This property will only be used when there
            are no other users, groups, and policies defined. If this property is specified then a Legacy Authorized
            Users File can not be specified.

            NOTE: Any identity mapping rules specified in nifi.properties will also be applied to the initial admin identity,
            so the value should be the unmapped identity.

        - Legacy Authorized Users File - The full path to an existing authorized-users.xml that will be automatically
            converted to the new authorizations model. If this property is specified then an Initial Admin Identity can
            not be specified, and this property will only be used when there are no other users, groups, and policies defined.

        - Node Identity [unique key] - The identity of a NiFi cluster node. When clustered, a property for each node
            should be defined, so that every node knows about every other node. If not clustered these properties can be ignored.
            The name of each property must be unique, for example for a three node cluster:
            "Node Identity A", "Node Identity B", "Node Identity C" or "Node Identity 1", "Node Identity 2", "Node Identity 3"

            NOTE: Any identity mapping rules specified in nifi.properties will also be applied to the node identities,
            so the values should be the unmapped identities (i.e. full DN from a certificate).
    -->
    <!-- <authorizer>
        <identifier>file-provider</identifier>
        <class>org.apache.nifi.authorization.FileAuthorizer</class>
        <property name="Authorizations File">./conf/authorizations.xml</property>
        <property name="Users File">./conf/users.xml</property>
        <property name="Initial Admin Identity"></property>
        <property name="Legacy Authorized Users File"></property>

        <property name="Node Identity 1"></property>
    </authorizer>
    -->
</authorizers>
[main] INFO org.apache.nifi.properties.ConfigEncryptionTool - Attempting to encrypt property using protection scheme aes/gcm/256
[main] WARN org.apache.nifi.properties.AbstractBootstrapPropertiesLoader - System Property [nifi.properties.file.path] not found: Using Relative Path [conf/nifi.properties]
[main] WARN org.apache.nifi.properties.ConfigEncryptionTool - Could not load default bootstrap.conf: Configuration Directory [conf] not found for Bootstrap Properties
[main] INFO org.apache.nifi.properties.ConfigEncryptionTool - Attempting to encrypt property using protection scheme aes/gcm/256
[main] INFO org.apache.nifi.properties.ConfigEncryptionTool - Attempting to encrypt property using protection scheme aes/gcm/256
[main] INFO org.apache.nifi.properties.ConfigEncryptionTool - Updated XML content: <?xml version="1.0" encoding="UTF-8"?><authorizers>

    
    

    
    <userGroupProvider>
        <identifier>ldap-user-group-provider</identifier>
        <class>org.apache.nifi.ldap.tenants.LdapUserGroupProvider</class>
        <property name="Authentication Strategy">START_TLS</property>

        <property name="Manager DN">someuser</property>
        <property name="Manager Password" encryption="aes/gcm/256">aNkeeoC65TNnDZ/x||O6E8ZW/l8yed4aImGO52WoLEuVcV+UnKzslliRwDChocYQ</property>

        <property name="TLS - Keystore"/>
        <property name="TLS - Keystore Password" encryption="aes/gcm/256">B6+FtHhiGjC/i+A+||chKIpHqEjJFsl0eUn4lliXowEa5P3MzXpxuxd0KDoA/ZZA</property>
        <property name="TLS - Keystore Type"/>
        <property name="TLS - Truststore"/>
        <property name="TLS - Truststore Password" encryption="aes/gcm/256">ipbueW7bXWQ9ztA9||SAhiw2YpRiORxJrZv/UUuubMlCCg4+FsbhW/zduqBEHDLg</property>
        <property name="TLS - Truststore Type"/>
        <property name="TLS - Client Auth"/>
        <property name="TLS - Protocol"/>
        <property name="TLS - Shutdown Gracefully"/>

        <property name="Referral Strategy">FOLLOW</property>
        <property name="Connect Timeout">10 secs</property>
        <property name="Read Timeout">10 secs</property>

        <property name="Url"/>
        <property name="Page Size"/>
        <property name="Sync Interval">30 mins</property>

        <property name="User Search Base"/>
        <property name="User Object Class">person</property>
        <property name="User Search Scope">ONE_LEVEL</property>
        <property name="User Search Filter"/>
        <property name="User Identity Attribute"/>
        <property name="User Group Name Attribute"/>
        <property name="User Group Name Attribute - Referenced Group Attribute"/>

        <property name="Group Search Base"/>
        <property name="Group Object Class">group</property>
        <property name="Group Search Scope">ONE_LEVEL</property>
        <property name="Group Search Filter"/>
        <property name="Group Name Attribute"/>
        <property name="Group Member Attribute"/>
        <property name="Group Member Attribute - Referenced User Attribute"/>
    </userGroupProvider>

    
    

    
    

    
    <accessPolicyProvider>
        <identifier>file-access-policy-provider</identifier>
        <class>org.apache.nifi.authorization.FileAccessPolicyProvider</class>
        <property name="User Group Provider">ldap-user-group-provider</property>
        <property name="Authorizations File">./conf/authorizations.xml</property>
        <property name="Initial Admin Identity"/>
        <property name="Legacy Authorized Users File"/>

        <property name="Node Identity 1"/>
    </accessPolicyProvider>

    
    <authorizer>
        <identifier>managed-authorizer</identifier>
        <class>org.apache.nifi.authorization.StandardManagedAuthorizer</class>
        <property name="Access Policy Provider">file-access-policy-provider</property>
    </authorizer>

    
    
</authorizers>

[main] INFO org.apache.nifi.properties.ConfigEncryptionToolTest - Encrypted XML: 
<?xml version="1.0" encoding="UTF-8"?><authorizers>

    
    

    
    <userGroupProvider>
        <identifier>ldap-user-group-provider</identifier>
        <class>org.apache.nifi.ldap.tenants.LdapUserGroupProvider</class>
        <property name="Authentication Strategy">START_TLS</property>

        <property name="Manager DN">someuser</property>
        <property name="Manager Password" encryption="aes/gcm/256">aNkeeoC65TNnDZ/x||O6E8ZW/l8yed4aImGO52WoLEuVcV+UnKzslliRwDChocYQ</property>

        <property name="TLS - Keystore"/>
        <property name="TLS - Keystore Password" encryption="aes/gcm/256">B6+FtHhiGjC/i+A+||chKIpHqEjJFsl0eUn4lliXowEa5P3MzXpxuxd0KDoA/ZZA</property>
        <property name="TLS - Keystore Type"/>
        <property name="TLS - Truststore"/>
        <property name="TLS - Truststore Password" encryption="aes/gcm/256">ipbueW7bXWQ9ztA9||SAhiw2YpRiORxJrZv/UUuubMlCCg4+FsbhW/zduqBEHDLg</property>
        <property name="TLS - Truststore Type"/>
        <property name="TLS - Client Auth"/>
        <property name="TLS - Protocol"/>
        <property name="TLS - Shutdown Gracefully"/>

        <property name="Referral Strategy">FOLLOW</property>
        <property name="Connect Timeout">10 secs</property>
        <property name="Read Timeout">10 secs</property>

        <property name="Url"/>
        <property name="Page Size"/>
        <property name="Sync Interval">30 mins</property>

        <property name="User Search Base"/>
        <property name="User Object Class">person</property>
        <property name="User Search Scope">ONE_LEVEL</property>
        <property name="User Search Filter"/>
        <property name="User Identity Attribute"/>
        <property name="User Group Name Attribute"/>
        <property name="User Group Name Attribute - Referenced Group Attribute"/>

        <property name="Group Search Base"/>
        <property name="Group Object Class">group</property>
        <property name="Group Search Scope">ONE_LEVEL</property>
        <property name="Group Search Filter"/>
        <property name="Group Name Attribute"/>
        <property name="Group Member Attribute"/>
        <property name="Group Member Attribute - Referenced User Attribute"/>
    </userGroupProvider>

    
    

    
    

    
    <accessPolicyProvider>
        <identifier>file-access-policy-provider</identifier>
        <class>org.apache.nifi.authorization.FileAccessPolicyProvider</class>
        <property name="User Group Provider">ldap-user-group-provider</property>
        <property name="Authorizations File">./conf/authorizations.xml</property>
        <property name="Initial Admin Identity"/>
        <property name="Legacy Authorized Users File"/>

        <property name="Node Identity 1"/>
    </accessPolicyProvider>

    
    <authorizer>
        <identifier>managed-authorizer</identifier>
        <class>org.apache.nifi.authorization.StandardManagedAuthorizer</class>
        <property name="Access Policy Provider">file-access-policy-provider</property>
    </authorizer>

    
    
</authorizers>

[main] INFO org.apache.nifi.properties.ConfigEncryptionToolTest - Serialized lines: 
<?xml version="1.0" encoding="UTF-8" standalone="yes"?>
<!--
  Licensed to the Apache Software Foundation (ASF) under one or more
  contributor license agreements.  See the NOTICE file distributed with
  this work for additional information regarding copyright ownership.
  The ASF licenses this file to You under the Apache License, Version 2.0
  (the "License"); you may not use this file except in compliance with
  the License.  You may obtain a copy of the License at
      http://www.apache.org/licenses/LICENSE-2.0
  Unless required by applicable law or agreed to in writing, software
  distributed under the License is distributed on an "AS IS" BASIS,
  WITHOUT WARRANTIES OR CONDITIONS OF ANY KIND, either express or implied.
  See the License for the specific language governing permissions and
  limitations under the License.
-->
<!--
    This file lists the userGroupProviders, accessPolicyProviders, and authorizers to use when running securely. In order
    to use a specific authorizer it must be configured here and it's identifier must be specified in the nifi.properties file.
    If the authorizer is a managedAuthorizer, it may need to be configured with an accessPolicyProvider and an userGroupProvider.
    This file allows for configuration of them, but they must be configured in order:

    ...
    all userGroupProviders
    all accessPolicyProviders
    all Authorizers
    ...
-->
<authorizers>

    <!--
        The FileUserGroupProvider will provide support for managing users and groups which is backed by a file
        on the local file system.

        - Users File - The file where the FileUserGroupProvider will store users and groups.

        - Legacy Authorized Users File - The full path to an existing authorized-users.xml that will be automatically
            be used to load the users and groups into the Users File.

        - Initial User Identity [unique key] - The identity of a users and systems to seed the Users File. The name of
            each property must be unique, for example: "Initial User Identity A", "Initial User Identity B",
            "Initial User Identity C" or "Initial User Identity 1", "Initial User Identity 2", "Initial User Identity 3"

            NOTE: Any identity mapping rules specified in nifi.properties will also be applied to the user identities,
            so the values should be the unmapped identities (i.e. full DN from a certificate).
    -->
    <!--
    <userGroupProvider>
        <identifier>file-user-group-provider</identifier>
        <class>org.apache.nifi.authorization.FileUserGroupProvider</class>
        <property name="Users File">./conf/users.xml</property>
        <property name="Legacy Authorized Users File"></property>

        <property name="Initial User Identity 1"></property>
    </userGroupProvider>
    -->

    <!--
        The LdapUserGroupProvider will retrieve users and groups from an LDAP server. The users and groups
        are not configurable.

        'Authentication Strategy' - How the connection to the LDAP server is authenticated. Possible
            values are ANONYMOUS, SIMPLE, LDAPS, or START_TLS.

        'Manager DN' - The DN of the manager that is used to bind to the LDAP server to search for users.
        'Manager Password' - The password of the manager that is used to bind to the LDAP server to
            search for users.

        'TLS - Keystore' - Path to the Keystore that is used when connecting to LDAP using LDAPS or START_TLS.
        'TLS - Keystore Password' - Password for the Keystore that is used when connecting to LDAP
            using LDAPS or START_TLS.
        'TLS - Keystore Type' - Type of the Keystore that is used when connecting to LDAP using
            LDAPS or START_TLS (i.e. JKS or PKCS12).
        'TLS - Truststore' - Path to the Truststore that is used when connecting to LDAP using LDAPS or START_TLS.
        'TLS - Truststore Password' - Password for the Truststore that is used when connecting to
            LDAP using LDAPS or START_TLS.
        'TLS - Truststore Type' - Type of the Truststore that is used when connecting to LDAP using
            LDAPS or START_TLS (i.e. JKS or PKCS12).
        'TLS - Client Auth' - Client authentication policy when connecting to LDAP using LDAPS or START_TLS.
            Possible values are REQUIRED, WANT, NONE.
        'TLS - Protocol' - Protocol to use when connecting to LDAP using LDAPS or START_TLS. (i.e. TLS,
            TLSv1.1, TLSv1.2, etc).
        'TLS - Shutdown Gracefully' - Specifies whether the TLS should be shut down gracefully
            before the target context is closed. Defaults to false.

        'Referral Strategy' - Strategy for handling referrals. Possible values are FOLLOW, IGNORE, THROW.
        'Connect Timeout' - Duration of connect timeout. (i.e. 10 secs).
        'Read Timeout' - Duration of read timeout. (i.e. 10 secs).

        'Url' - Space-separated list of URLs of the LDAP servers (i.e. ldap://<hostname>:<port>).
        'Page Size' - Sets the page size when retrieving users and groups. If not specified, no paging is performed.
        'Sync Interval' - Duration of time between syncing users and groups (i.e. 30 mins). Minimum allowable value is 10 secs.

        'User Search Base' - Base DN for searching for users (i.e. ou=users,o=nifi). Required to search users.
        'User Object Class' - Object class for identifying users (i.e. person). Required if searching users.
        'User Search Scope' - Search scope for searching users (ONE_LEVEL, OBJECT, or SUBTREE). Required if searching users.
        'User Search Filter' - Filter for searching for users against the 'User Search Base' (i.e. (memberof=cn=team1,ou=groups,o=nifi) ). Optional.
        'User Identity Attribute' - Attribute to use to extract user identity (i.e. cn). Optional. If not set, the entire DN is used.
        'User Group Name Attribute' - Attribute to use to define group membership (i.e. memberof). Optional. If not set
            group membership will not be calculated through the users. Will rely on group membership being defined
            through 'Group Member Attribute' if set. The value of this property is the name of the attribute in the user ldap entry that
            associates them with a group. The value of that user attribute could be a dn or group name for instance. What value is expected
            is configured in the 'User Group Name Attribute - Referenced Group Attribute'.
        'User Group Name Attribute - Referenced Group Attribute' - If blank, the value of the attribute defined in 'User Group Name Attribute'
            is expected to be the full dn of the group. If not blank, this property will define the attribute of the group ldap entry that
            the value of the attribute defined in 'User Group Name Attribute' is referencing (i.e. name). Use of this property requires that
            'Group Search Base' is also configured.

        'Group Search Base' - Base DN for searching for groups (i.e. ou=groups,o=nifi). Required to search groups.
        'Group Object Class' - Object class for identifying groups (i.e. groupOfNames). Required if searching groups.
        'Group Search Scope' - Search scope for searching groups (ONE_LEVEL, OBJECT, or SUBTREE). Required if searching groups.
        'Group Search Filter' - Filter for searching for groups against the 'Group Search Base'. Optional.
        'Group Name Attribute' - Attribute to use to extract group name (i.e. cn). Optional. If not set, the entire DN is used.
        'Group Member Attribute' - Attribute to use to define group membership (i.e. member). Optional. If not set
            group membership will not be calculated through the groups. Will rely on group membership being defined
            through 'User Group Name Attribute' if set. The value of this property is the name of the attribute in the group ldap entry that
            associates them with a user. The value of that group attribute could be a dn or memberUid for instance. What value is expected
            is configured in the 'Group Member Attribute - Referenced User Attribute'. (i.e. member: cn=User 1,ou=users,o=nifi vs. memberUid: user1)
        'Group Member Attribute - Referenced User Attribute' - If blank, the value of the attribute defined in 'Group Member Attribute'
            is expected to be the full dn of the user. If not blank, this property will define the attribute of the user ldap entry that
            the value of the attribute defined in 'Group Member Attribute' is referencing (i.e. uid). Use of this property requires that
            'User Search Base' is also configured. (i.e. member: cn=User 1,ou=users,o=nifi vs. memberUid: user1)

        NOTE: Any identity mapping rules specified in nifi.properties will also be applied to the user identities.
            Group names are not mapped.
    -->
    <userGroupProvider>
        <identifier>ldap-user-group-provider</identifier>
        <class>org.apache.nifi.ldap.tenants.LdapUserGroupProvider</class>
        <property name="Authentication Strategy">START_TLS</property>

        <property name="Manager DN">someuser</property>
        <property encryption="aes/gcm/256" name="Manager Password">aNkeeoC65TNnDZ/x||O6E8ZW/l8yed4aImGO52WoLEuVcV+UnKzslliRwDChocYQ</property>

        <property name="TLS - Keystore"/>
        <property encryption="aes/gcm/256" name="TLS - Keystore Password">B6+FtHhiGjC/i+A+||chKIpHqEjJFsl0eUn4lliXowEa5P3MzXpxuxd0KDoA/ZZA</property>
        <property name="TLS - Keystore Type"/>
        <property name="TLS - Truststore"/>
        <property encryption="aes/gcm/256" name="TLS - Truststore Password">ipbueW7bXWQ9ztA9||SAhiw2YpRiORxJrZv/UUuubMlCCg4+FsbhW/zduqBEHDLg</property>
        <property name="TLS - Truststore Type"/>
        <property name="TLS - Client Auth"/>
        <property name="TLS - Protocol"/>
        <property name="TLS - Shutdown Gracefully"/>

        <property name="Referral Strategy">FOLLOW</property>
        <property name="Connect Timeout">10 secs</property>
        <property name="Read Timeout">10 secs</property>

        <property name="Url"/>
        <property name="Page Size"/>
        <property name="Sync Interval">30 mins</property>

        <property name="User Search Base"/>
        <property name="User Object Class">person</property>
        <property name="User Search Scope">ONE_LEVEL</property>
        <property name="User Search Filter"/>
        <property name="User Identity Attribute"/>
        <property name="User Group Name Attribute"/>
        <property name="User Group Name Attribute - Referenced Group Attribute"/>

        <property name="Group Search Base"/>
        <property name="Group Object Class">group</property>
        <property name="Group Search Scope">ONE_LEVEL</property>
        <property name="Group Search Filter"/>
        <property name="Group Name Attribute"/>
        <property name="Group Member Attribute"/>
        <property name="Group Member Attribute - Referenced User Attribute"/>
    </userGroupProvider>


    <!--
        The CompositeUserGroupProvider will provide support for retrieving users and groups from multiple sources.

        - User Group Provider [unique key] - The identifier of user group providers to load from. The name of
            each property must be unique, for example: "User Group Provider A", "User Group Provider B",
            "User Group Provider C" or "User Group Provider 1", "User Group Provider 2", "User Group Provider 3"

            NOTE: Any identity mapping rules specified in nifi.properties are not applied in this implementation. This behavior
            would need to be applied by the base implementation.
    -->
    <!-- To enable the composite-user-group-provider remove 2 lines. This is 1 of 2.
    <userGroupProvider>
        <identifier>composite-user-group-provider</identifier>
        <class>org.apache.nifi.authorization.CompositeUserGroupProvider</class>
        <property name="User Group Provider 1"></property>
    </userGroupProvider>
    To enable the composite-user-group-provider remove 2 lines. This is 2 of 2. -->

    <!--
        The CompositeConfigurableUserGroupProvider will provide support for retrieving users and groups from multiple sources.
        Additionally, a single configurable user group provider is required. Users from the configurable user group provider
        are configurable, however users loaded from one of the User Group Provider [unique key] will not be.

        - Configurable User Group Provider - A configurable user group provider.

        - User Group Provider [unique key] - The identifier of user group providers to load from. The name of
            each property must be unique, for example: "User Group Provider A", "User Group Provider B",
            "User Group Provider C" or "User Group Provider 1", "User Group Provider 2", "User Group Provider 3"

            NOTE: Any identity mapping rules specified in nifi.properties are not applied in this implementation. This behavior
            would need to be applied by the base implementation.
    -->
    <!-- To enable the composite-configurable-user-group-provider remove 2 lines. This is 1 of 2.
    <userGroupProvider>
        <identifier>composite-configurable-user-group-provider</identifier>
        <class>org.apache.nifi.authorization.CompositeConfigurableUserGroupProvider</class>
        <property name="Configurable User Group Provider">file-user-group-provider</property>
        <property name="User Group Provider 1"></property>
    </userGroupProvider>
    To enable the composite-configurable-user-group-provider remove 2 lines. This is 2 of 2. -->

    <!--
        The FileAccessPolicyProvider will provide support for managing access policies which is backed by a file
        on the local file system.

        - User Group Provider - The identifier for an User Group Provider defined above that will be used to access
            users and groups for use in the managed access policies.

        - Authorizations File - The file where the FileAccessPolicyProvider will store policies.

        - Initial Admin Identity - The identity of an initial admin user that will be granted access to the UI and
            given the ability to create additional users, groups, and policies. The value of this property could be
            a DN when using certificates or LDAP, or a Kerberos principal. This property will only be used when there
            are no other policies defined. If this property is specified then a Legacy Authorized Users File can not be specified.

            NOTE: Any identity mapping rules specified in nifi.properties will also be applied to the initial admin identity,
            so the value should be the unmapped identity. This identity must be found in the configured User Group Provider.

        - Legacy Authorized Users File - The full path to an existing authorized-users.xml that will be automatically
            converted to the new authorizations model. If this property is specified then an Initial Admin Identity can
            not be specified, and this property will only be used when there are no other users, groups, and policies defined.

            NOTE: Any users in the legacy users file must be found in the configured User Group Provider.

        - Node Identity [unique key] - The identity of a NiFi cluster node. When clustered, a property for each node
            should be defined, so that every node knows about every other node. If not clustered these properties can be ignored.
            The name of each property must be unique, for example for a three node cluster:
            "Node Identity A", "Node Identity B", "Node Identity C" or "Node Identity 1", "Node Identity 2", "Node Identity 3"

            NOTE: Any identity mapping rules specified in nifi.properties will also be applied to the node identities,
            so the values should be the unmapped identities (i.e. full DN from a certificate). This identity must be found
            in the configured User Group Provider.
    -->
    <accessPolicyProvider>
        <identifier>file-access-policy-provider</identifier>
        <class>org.apache.nifi.authorization.FileAccessPolicyProvider</class>
        <property name="User Group Provider">ldap-user-group-provider</property>
        <property name="Authorizations File">./conf/authorizations.xml</property>
        <property name="Initial Admin Identity"></property>
        <property name="Legacy Authorized Users File"></property>

        <property name="Node Identity 1"></property>
    </accessPolicyProvider>

    <!--
        The StandardManagedAuthorizer. This authorizer implementation must be configured with the
        Access Policy Provider which it will use to access and manage users, groups, and policies.
        These users, groups, and policies will be used to make all access decisions during authorization
        requests.

        - Access Policy Provider - The identifier for an Access Policy Provider defined above.
    -->
    <authorizer>
        <identifier>managed-authorizer</identifier>
        <class>org.apache.nifi.authorization.StandardManagedAuthorizer</class>
        <property name="Access Policy Provider">file-access-policy-provider</property>
    </authorizer>

    <!--
        NOTE: This Authorizer has been replaced with the more granular approach configured above with the Standard
        Managed Authorizer. However, it is still available for backwards compatibility reasons.

        The FileAuthorizer is NiFi's provided authorizer and has the following properties:

        - Authorizations File - The file where the FileAuthorizer will store policies.

        - Users File - The file where the FileAuthorizer will store users and groups.

        - Initial Admin Identity - The identity of an initial admin user that will be granted access to the UI and
            given the ability to create additional users, groups, and policies. The value of this property could be
            a DN when using certificates or LDAP, or a Kerberos principal. This property will only be used when there
            are no other users, groups, and policies defined. If this property is specified then a Legacy Authorized
            Users File can not be specified.

            NOTE: Any identity mapping rules specified in nifi.properties will also be applied to the initial admin identity,
            so the value should be the unmapped identity.

        - Legacy Authorized Users File - The full path to an existing authorized-users.xml that will be automatically
            converted to the new authorizations model. If this property is specified then an Initial Admin Identity can
            not be specified, and this property will only be used when there are no other users, groups, and policies defined.

        - Node Identity [unique key] - The identity of a NiFi cluster node. When clustered, a property for each node
            should be defined, so that every node knows about every other node. If not clustered these properties can be ignored.
            The name of each property must be unique, for example for a three node cluster:
            "Node Identity A", "Node Identity B", "Node Identity C" or "Node Identity 1", "Node Identity 2", "Node Identity 3"

            NOTE: Any identity mapping rules specified in nifi.properties will also be applied to the node identities,
            so the values should be the unmapped identities (i.e. full DN from a certificate).
    -->
    <!-- <authorizer>
        <identifier>file-provider</identifier>
        <class>org.apache.nifi.authorization.FileAuthorizer</class>
        <property name="Authorizations File">./conf/authorizations.xml</property>
        <property name="Users File">./conf/users.xml</property>
        <property name="Initial Admin Identity"></property>
        <property name="Legacy Authorized Users File"></property>

        <property name="Node Identity 1"></property>
    </authorizer>
    -->
</authorizers>
]]></system-err>
  </testcase>
  <testcase name="testShouldTranslateCli" classname="org.apache.nifi.properties.ConfigEncryptionToolTest" time="0.008">
    <system-err><![CDATA[[main] WARN org.apache.nifi.properties.AbstractBootstrapPropertiesLoader - System Property [nifi.properties.file.path] not found: Using Relative Path [conf/nifi.properties]
[main] INFO org.apache.nifi.properties.NiFiPropertiesLoader - Loaded 82 properties from /home/alex/Repositories/nifi/nifi-toolkit/nifi-toolkit-encrypt-config/src/test/resources/nifi_with_sensitive_properties_unprotected.properties
[main] INFO org.apache.nifi.properties.ConfigEncryptionToolTest - Loaded NiFiProperties from src/test/resources/nifi_with_sensitive_properties_unprotected.properties
[main] INFO org.apache.nifi.properties.ConfigEncryptionToolTest - Translated to CLI format: 
baseUrl=https://nifi.nifi.apache.org:8443
keystore=/path/to/keystore.jks
keystoreType=JKS
keystorePasswd=thisIsABadKeystorePassword
keyPasswd=thisIsABadKeyPassword
truststore=
truststoreType=
truststorePasswd=
proxiedEntity=
]]></system-err>
  </testcase>
  <testcase name="testShouldDecryptAuthorizersWithMultilineElements" classname="org.apache.nifi.properties.ConfigEncryptionToolTest" time="0.073">
    <system-err><![CDATA[[main] INFO org.apache.nifi.properties.ConfigEncryptionToolTest - Read lines: 
<?xml version="1.0" encoding="UTF-8" standalone="yes"?>
<!--
  Licensed to the Apache Software Foundation (ASF) under one or more
  contributor license agreements.  See the NOTICE file distributed with
  this work for additional information regarding copyright ownership.
  The ASF licenses this file to You under the Apache License, Version 2.0
  (the "License"); you may not use this file except in compliance with
  the License.  You may obtain a copy of the License at
      http://www.apache.org/licenses/LICENSE-2.0
  Unless required by applicable law or agreed to in writing, software
  distributed under the License is distributed on an "AS IS" BASIS,
  WITHOUT WARRANTIES OR CONDITIONS OF ANY KIND, either express or implied.
  See the License for the specific language governing permissions and
  limitations under the License.
-->
<!--
    This file lists the userGroupProviders, accessPolicyProviders, and authorizers to use when running securely. In order
    to use a specific authorizer it must be configured here and it's identifier must be specified in the nifi.properties file.
    If the authorizer is a managedAuthorizer, it may need to be configured with an accessPolicyProvider and an userGroupProvider.
    This file allows for configuration of them, but they must be configured in order:

    ...
    all userGroupProviders
    all accessPolicyProviders
    all Authorizers
    ...
-->
<authorizers>

    <!--
        The FileUserGroupProvider will provide support for managing users and groups which is backed by a file
        on the local file system.

        - Users File - The file where the FileUserGroupProvider will store users and groups.

        - Legacy Authorized Users File - The full path to an existing authorized-users.xml that will be automatically
            be used to load the users and groups into the Users File.

        - Initial User Identity [unique key] - The identity of a users and systems to seed the Users File. The name of
            each property must be unique, for example: "Initial User Identity A", "Initial User Identity B",
            "Initial User Identity C" or "Initial User Identity 1", "Initial User Identity 2", "Initial User Identity 3"

            NOTE: Any identity mapping rules specified in nifi.properties will also be applied to the user identities,
            so the values should be the unmapped identities (i.e. full DN from a certificate).
    -->
    <!--
    <userGroupProvider>
        <identifier>file-user-group-provider</identifier>
        <class>org.apache.nifi.authorization.FileUserGroupProvider</class>
        <property name="Users File">./conf/users.xml</property>
        <property name="Legacy Authorized Users File"></property>

        <property name="Initial User Identity 1"></property>
    </userGroupProvider>
    -->

    <!--
        The LdapUserGroupProvider will retrieve users and groups from an LDAP server. The users and groups
        are not configurable.

        'Authentication Strategy' - How the connection to the LDAP server is authenticated. Possible
            values are ANONYMOUS, SIMPLE, LDAPS, or START_TLS.

        'Manager DN' - The DN of the manager that is used to bind to the LDAP server to search for users.
        'Manager Password' - The password of the manager that is used to bind to the LDAP server to
            search for users.

        'TLS - Keystore' - Path to the Keystore that is used when connecting to LDAP using LDAPS or START_TLS.
        'TLS - Keystore Password' - Password for the Keystore that is used when connecting to LDAP
            using LDAPS or START_TLS.
        'TLS - Keystore Type' - Type of the Keystore that is used when connecting to LDAP using
            LDAPS or START_TLS (i.e. JKS or PKCS12).
        'TLS - Truststore' - Path to the Truststore that is used when connecting to LDAP using LDAPS or START_TLS.
        'TLS - Truststore Password' - Password for the Truststore that is used when connecting to
            LDAP using LDAPS or START_TLS.
        'TLS - Truststore Type' - Type of the Truststore that is used when connecting to LDAP using
            LDAPS or START_TLS (i.e. JKS or PKCS12).
        'TLS - Client Auth' - Client authentication policy when connecting to LDAP using LDAPS or START_TLS.
            Possible values are REQUIRED, WANT, NONE.
        'TLS - Protocol' - Protocol to use when connecting to LDAP using LDAPS or START_TLS. (i.e. TLS,
            TLSv1.1, TLSv1.2, etc).
        'TLS - Shutdown Gracefully' - Specifies whether the TLS should be shut down gracefully
            before the target context is closed. Defaults to false.

        'Referral Strategy' - Strategy for handling referrals. Possible values are FOLLOW, IGNORE, THROW.
        'Connect Timeout' - Duration of connect timeout. (i.e. 10 secs).
        'Read Timeout' - Duration of read timeout. (i.e. 10 secs).

        'Url' - Space-separated list of URLs of the LDAP servers (i.e. ldap://<hostname>:<port>).
        'Page Size' - Sets the page size when retrieving users and groups. If not specified, no paging is performed.
        'Sync Interval' - Duration of time between syncing users and groups (i.e. 30 mins). Minimum allowable value is 10 secs.

        'User Search Base' - Base DN for searching for users (i.e. ou=users,o=nifi). Required to search users.
        'User Object Class' - Object class for identifying users (i.e. person). Required if searching users.
        'User Search Scope' - Search scope for searching users (ONE_LEVEL, OBJECT, or SUBTREE). Required if searching users.
        'User Search Filter' - Filter for searching for users against the 'User Search Base' (i.e. (memberof=cn=team1,ou=groups,o=nifi) ). Optional.
        'User Identity Attribute' - Attribute to use to extract user identity (i.e. cn). Optional. If not set, the entire DN is used.
        'User Group Name Attribute' - Attribute to use to define group membership (i.e. memberof). Optional. If not set
            group membership will not be calculated through the users. Will rely on group membership being defined
            through 'Group Member Attribute' if set. The value of this property is the name of the attribute in the user ldap entry that
            associates them with a group. The value of that user attribute could be a dn or group name for instance. What value is expected
            is configured in the 'User Group Name Attribute - Referenced Group Attribute'.
        'User Group Name Attribute - Referenced Group Attribute' - If blank, the value of the attribute defined in 'User Group Name Attribute'
            is expected to be the full dn of the group. If not blank, this property will define the attribute of the group ldap entry that
            the value of the attribute defined in 'User Group Name Attribute' is referencing (i.e. name). Use of this property requires that
            'Group Search Base' is also configured.

        'Group Search Base' - Base DN for searching for groups (i.e. ou=groups,o=nifi). Required to search groups.
        'Group Object Class' - Object class for identifying groups (i.e. groupOfNames). Required if searching groups.
        'Group Search Scope' - Search scope for searching groups (ONE_LEVEL, OBJECT, or SUBTREE). Required if searching groups.
        'Group Search Filter' - Filter for searching for groups against the 'Group Search Base'. Optional.
        'Group Name Attribute' - Attribute to use to extract group name (i.e. cn). Optional. If not set, the entire DN is used.
        'Group Member Attribute' - Attribute to use to define group membership (i.e. member). Optional. If not set
            group membership will not be calculated through the groups. Will rely on group membership being defined
            through 'User Group Name Attribute' if set. The value of this property is the name of the attribute in the group ldap entry that
            associates them with a user. The value of that group attribute could be a dn or memberUid for instance. What value is expected
            is configured in the 'Group Member Attribute - Referenced User Attribute'. (i.e. member: cn=User 1,ou=users,o=nifi vs. memberUid: user1)
        'Group Member Attribute - Referenced User Attribute' - If blank, the value of the attribute defined in 'Group Member Attribute'
            is expected to be the full dn of the user. If not blank, this property will define the attribute of the user ldap entry that
            the value of the attribute defined in 'Group Member Attribute' is referencing (i.e. uid). Use of this property requires that
            'User Search Base' is also configured. (i.e. member: cn=User 1,ou=users,o=nifi vs. memberUid: user1)

        NOTE: Any identity mapping rules specified in nifi.properties will also be applied to the user identities.
            Group names are not mapped.
    -->
    <userGroupProvider>
        <identifier>ldap-user-group-provider</identifier>
        <class>org.apache.nifi.ldap.tenants.LdapUserGroupProvider</class>
        <property name="Authentication Strategy">START_TLS</property>

        <property name="Manager DN">someuser</property>
        <property name="Manager Password" encryption=
                "aes/gcm/128">q4r7WIgN0MaxdAKM||SGgdCTPGSFEcuH4RraMYEdeyVbOx93abdWTVSWvh1w+klA</property>

        <property name="TLS - Keystore"></property>
        <property
                name="TLS - Keystore Password"
                encryption="aes/gcm/128">
            Uah59TWX+Ru5GY5p||B44RT/LJtC08QWA5ehQf01JxIpf0qSJUzug25UwkF5a50g
        </property>
        <property name="TLS - Keystore Type"></property>
        <property name="TLS - Truststore"></property>
        <property name="TLS - Truststore Password">thisIsABadPassword</property>
        <property name="TLS - Truststore Type"></property>
        <property name="TLS - Client Auth"></property>
        <property name="TLS - Protocol"></property>
        <property name="TLS - Shutdown Gracefully"></property>

        <property name="Referral Strategy">FOLLOW</property>
        <property name="Connect Timeout">10 secs</property>
        <property name="Read Timeout">10 secs</property>

        <property name="Url"></property>
        <property name="Page Size"></property>
        <property name="Sync Interval">30 mins</property>

        <property name="User Search Base"></property>
        <property name="User Object Class">person</property>
        <property name="User Search Scope">ONE_LEVEL</property>
        <property name="User Search Filter"></property>
        <property name="User Identity Attribute"></property>
        <property name="User Group Name Attribute"></property>
        <property name="User Group Name Attribute - Referenced Group Attribute"></property>

        <property name="Group Search Base"></property>
        <property name="Group Object Class">group</property>
        <property name="Group Search Scope">ONE_LEVEL</property>
        <property name="Group Search Filter"></property>
        <property name="Group Name Attribute"></property>
        <property name="Group Member Attribute"></property>
        <property name="Group Member Attribute - Referenced User Attribute"></property>
    </userGroupProvider>

    <!--
        The CompositeUserGroupProvider will provide support for retrieving users and groups from multiple sources.

        - User Group Provider [unique key] - The identifier of user group providers to load from. The name of
            each property must be unique, for example: "User Group Provider A", "User Group Provider B",
            "User Group Provider C" or "User Group Provider 1", "User Group Provider 2", "User Group Provider 3"

            NOTE: Any identity mapping rules specified in nifi.properties are not applied in this implementation. This behavior
            would need to be applied by the base implementation.
    -->
    <!-- To enable the composite-user-group-provider remove 2 lines. This is 1 of 2.
    <userGroupProvider>
        <identifier>composite-user-group-provider</identifier>
        <class>org.apache.nifi.authorization.CompositeUserGroupProvider</class>
        <property name="User Group Provider 1"></property>
    </userGroupProvider>
    To enable the composite-user-group-provider remove 2 lines. This is 2 of 2. -->

    <!--
        The CompositeConfigurableUserGroupProvider will provide support for retrieving users and groups from multiple sources.
        Additionally, a single configurable user group provider is required. Users from the configurable user group provider
        are configurable, however users loaded from one of the User Group Provider [unique key] will not be.

        - Configurable User Group Provider - A configurable user group provider.

        - User Group Provider [unique key] - The identifier of user group providers to load from. The name of
            each property must be unique, for example: "User Group Provider A", "User Group Provider B",
            "User Group Provider C" or "User Group Provider 1", "User Group Provider 2", "User Group Provider 3"

            NOTE: Any identity mapping rules specified in nifi.properties are not applied in this implementation. This behavior
            would need to be applied by the base implementation.
    -->
    <!-- To enable the composite-configurable-user-group-provider remove 2 lines. This is 1 of 2.
    <userGroupProvider>
        <identifier>composite-configurable-user-group-provider</identifier>
        <class>org.apache.nifi.authorization.CompositeConfigurableUserGroupProvider</class>
        <property name="Configurable User Group Provider">file-user-group-provider</property>
        <property name="User Group Provider 1"></property>
    </userGroupProvider>
    To enable the composite-configurable-user-group-provider remove 2 lines. This is 2 of 2. -->

    <!--
        The FileAccessPolicyProvider will provide support for managing access policies which is backed by a file
        on the local file system.

        - User Group Provider - The identifier for an User Group Provider defined above that will be used to access
            users and groups for use in the managed access policies.

        - Authorizations File - The file where the FileAccessPolicyProvider will store policies.

        - Initial Admin Identity - The identity of an initial admin user that will be granted access to the UI and
            given the ability to create additional users, groups, and policies. The value of this property could be
            a DN when using certificates or LDAP, or a Kerberos principal. This property will only be used when there
            are no other policies defined. If this property is specified then a Legacy Authorized Users File can not be specified.

            NOTE: Any identity mapping rules specified in nifi.properties will also be applied to the initial admin identity,
            so the value should be the unmapped identity. This identity must be found in the configured User Group Provider.

        - Legacy Authorized Users File - The full path to an existing authorized-users.xml that will be automatically
            converted to the new authorizations model. If this property is specified then an Initial Admin Identity can
            not be specified, and this property will only be used when there are no other users, groups, and policies defined.

            NOTE: Any users in the legacy users file must be found in the configured User Group Provider.

        - Node Identity [unique key] - The identity of a NiFi cluster node. When clustered, a property for each node
            should be defined, so that every node knows about every other node. If not clustered these properties can be ignored.
            The name of each property must be unique, for example for a three node cluster:
            "Node Identity A", "Node Identity B", "Node Identity C" or "Node Identity 1", "Node Identity 2", "Node Identity 3"

            NOTE: Any identity mapping rules specified in nifi.properties will also be applied to the node identities,
            so the values should be the unmapped identities (i.e. full DN from a certificate). This identity must be found
            in the configured User Group Provider.
    -->
    <accessPolicyProvider>
        <identifier>file-access-policy-provider</identifier>
        <class>org.apache.nifi.authorization.FileAccessPolicyProvider</class>
        <property name="User Group Provider">ldap-user-group-provider</property>
        <property name="Authorizations File">./conf/authorizations.xml</property>
        <property name="Initial Admin Identity"></property>
        <property name="Legacy Authorized Users File"></property>

        <property name="Node Identity 1"></property>
    </accessPolicyProvider>

    <!--
        The StandardManagedAuthorizer. This authorizer implementation must be configured with the
        Access Policy Provider which it will use to access and manage users, groups, and policies.
        These users, groups, and policies will be used to make all access decisions during authorization
        requests.

        - Access Policy Provider - The identifier for an Access Policy Provider defined above.
    -->
    <authorizer>
        <identifier>managed-authorizer</identifier>
        <class>org.apache.nifi.authorization.StandardManagedAuthorizer</class>
        <property name="Access Policy Provider">file-access-policy-provider</property>
    </authorizer>

    <!--
        NOTE: This Authorizer has been replaced with the more granular approach configured above with the Standard
        Managed Authorizer. However, it is still available for backwards compatibility reasons.

        The FileAuthorizer is NiFi's provided authorizer and has the following properties:

        - Authorizations File - The file where the FileAuthorizer will store policies.

        - Users File - The file where the FileAuthorizer will store users and groups.

        - Initial Admin Identity - The identity of an initial admin user that will be granted access to the UI and
            given the ability to create additional users, groups, and policies. The value of this property could be
            a DN when using certificates or LDAP, or a Kerberos principal. This property will only be used when there
            are no other users, groups, and policies defined. If this property is specified then a Legacy Authorized
            Users File can not be specified.

            NOTE: Any identity mapping rules specified in nifi.properties will also be applied to the initial admin identity,
            so the value should be the unmapped identity.

        - Legacy Authorized Users File - The full path to an existing authorized-users.xml that will be automatically
            converted to the new authorizations model. If this property is specified then an Initial Admin Identity can
            not be specified, and this property will only be used when there are no other users, groups, and policies defined.

        - Node Identity [unique key] - The identity of a NiFi cluster node. When clustered, a property for each node
            should be defined, so that every node knows about every other node. If not clustered these properties can be ignored.
            The name of each property must be unique, for example for a three node cluster:
            "Node Identity A", "Node Identity B", "Node Identity C" or "Node Identity 1", "Node Identity 2", "Node Identity 3"

            NOTE: Any identity mapping rules specified in nifi.properties will also be applied to the node identities,
            so the values should be the unmapped identities (i.e. full DN from a certificate).
    -->
    <!-- <authorizer>
        <identifier>file-provider</identifier>
        <class>org.apache.nifi.authorization.FileAuthorizer</class>
        <property name="Authorizations File">./conf/authorizations.xml</property>
        <property name="Users File">./conf/users.xml</property>
        <property name="Initial Admin Identity"></property>
        <property name="Legacy Authorized Users File"></property>

        <property name="Node Identity 1"></property>
    </authorizer>
    -->
</authorizers>
[main] INFO org.apache.nifi.properties.ConfigEncryptionTool - Attempting to decrypt q4r7WIgN0MaxdAKM||SGgdCTPGSFEcuH4RraMYEdeyVbOx93abdWTVSWvh1w+klA using protection scheme aes/gcm/128
[main] WARN org.apache.nifi.properties.AbstractBootstrapPropertiesLoader - System Property [nifi.properties.file.path] not found: Using Relative Path [conf/nifi.properties]
[main] WARN org.apache.nifi.properties.ConfigEncryptionTool - Could not load default bootstrap.conf: Configuration Directory [conf] not found for Bootstrap Properties
[main] INFO org.apache.nifi.properties.ConfigEncryptionTool - Attempting to decrypt 
            Uah59TWX+Ru5GY5p||B44RT/LJtC08QWA5ehQf01JxIpf0qSJUzug25UwkF5a50g
         using protection scheme aes/gcm/128
[main] INFO org.apache.nifi.properties.ConfigEncryptionTool - Updated XML content: <?xml version="1.0" encoding="UTF-8"?><authorizers>

    
    

    
    <userGroupProvider>
        <identifier>ldap-user-group-provider</identifier>
        <class>org.apache.nifi.ldap.tenants.LdapUserGroupProvider</class>
        <property name="Authentication Strategy">START_TLS</property>

        <property name="Manager DN">someuser</property>
        <property name="Manager Password" encryption="none">thisIsABadPassword</property>

        <property name="TLS - Keystore"/>
        <property name="TLS - Keystore Password" encryption="none">thisIsABadPassword</property>
        <property name="TLS - Keystore Type"/>
        <property name="TLS - Truststore"/>
        <property name="TLS - Truststore Password">thisIsABadPassword</property>
        <property name="TLS - Truststore Type"/>
        <property name="TLS - Client Auth"/>
        <property name="TLS - Protocol"/>
        <property name="TLS - Shutdown Gracefully"/>

        <property name="Referral Strategy">FOLLOW</property>
        <property name="Connect Timeout">10 secs</property>
        <property name="Read Timeout">10 secs</property>

        <property name="Url"/>
        <property name="Page Size"/>
        <property name="Sync Interval">30 mins</property>

        <property name="User Search Base"/>
        <property name="User Object Class">person</property>
        <property name="User Search Scope">ONE_LEVEL</property>
        <property name="User Search Filter"/>
        <property name="User Identity Attribute"/>
        <property name="User Group Name Attribute"/>
        <property name="User Group Name Attribute - Referenced Group Attribute"/>

        <property name="Group Search Base"/>
        <property name="Group Object Class">group</property>
        <property name="Group Search Scope">ONE_LEVEL</property>
        <property name="Group Search Filter"/>
        <property name="Group Name Attribute"/>
        <property name="Group Member Attribute"/>
        <property name="Group Member Attribute - Referenced User Attribute"/>
    </userGroupProvider>

    
    

    
    

    
    <accessPolicyProvider>
        <identifier>file-access-policy-provider</identifier>
        <class>org.apache.nifi.authorization.FileAccessPolicyProvider</class>
        <property name="User Group Provider">ldap-user-group-provider</property>
        <property name="Authorizations File">./conf/authorizations.xml</property>
        <property name="Initial Admin Identity"/>
        <property name="Legacy Authorized Users File"/>

        <property name="Node Identity 1"/>
    </accessPolicyProvider>

    
    <authorizer>
        <identifier>managed-authorizer</identifier>
        <class>org.apache.nifi.authorization.StandardManagedAuthorizer</class>
        <property name="Access Policy Provider">file-access-policy-provider</property>
    </authorizer>

    
    
</authorizers>

[main] INFO org.apache.nifi.properties.ConfigEncryptionToolTest - Decrypted lines: 
<?xml version="1.0" encoding="UTF-8"?><authorizers>

    
    

    
    <userGroupProvider>
        <identifier>ldap-user-group-provider</identifier>
        <class>org.apache.nifi.ldap.tenants.LdapUserGroupProvider</class>
        <property name="Authentication Strategy">START_TLS</property>

        <property name="Manager DN">someuser</property>
        <property name="Manager Password" encryption="none">thisIsABadPassword</property>

        <property name="TLS - Keystore"/>
        <property name="TLS - Keystore Password" encryption="none">thisIsABadPassword</property>
        <property name="TLS - Keystore Type"/>
        <property name="TLS - Truststore"/>
        <property name="TLS - Truststore Password">thisIsABadPassword</property>
        <property name="TLS - Truststore Type"/>
        <property name="TLS - Client Auth"/>
        <property name="TLS - Protocol"/>
        <property name="TLS - Shutdown Gracefully"/>

        <property name="Referral Strategy">FOLLOW</property>
        <property name="Connect Timeout">10 secs</property>
        <property name="Read Timeout">10 secs</property>

        <property name="Url"/>
        <property name="Page Size"/>
        <property name="Sync Interval">30 mins</property>

        <property name="User Search Base"/>
        <property name="User Object Class">person</property>
        <property name="User Search Scope">ONE_LEVEL</property>
        <property name="User Search Filter"/>
        <property name="User Identity Attribute"/>
        <property name="User Group Name Attribute"/>
        <property name="User Group Name Attribute - Referenced Group Attribute"/>

        <property name="Group Search Base"/>
        <property name="Group Object Class">group</property>
        <property name="Group Search Scope">ONE_LEVEL</property>
        <property name="Group Search Filter"/>
        <property name="Group Name Attribute"/>
        <property name="Group Member Attribute"/>
        <property name="Group Member Attribute - Referenced User Attribute"/>
    </userGroupProvider>

    
    

    
    

    
    <accessPolicyProvider>
        <identifier>file-access-policy-provider</identifier>
        <class>org.apache.nifi.authorization.FileAccessPolicyProvider</class>
        <property name="User Group Provider">ldap-user-group-provider</property>
        <property name="Authorizations File">./conf/authorizations.xml</property>
        <property name="Initial Admin Identity"/>
        <property name="Legacy Authorized Users File"/>

        <property name="Node Identity 1"/>
    </accessPolicyProvider>

    
    <authorizer>
        <identifier>managed-authorizer</identifier>
        <class>org.apache.nifi.authorization.StandardManagedAuthorizer</class>
        <property name="Access Policy Provider">file-access-policy-provider</property>
    </authorizer>

    
    
</authorizers>
]]></system-err>
  </testcase>
  <testcase name="testParseShouldIgnoreFilesIfOverrideFlagPresent" classname="org.apache.nifi.properties.ConfigEncryptionToolTest" time="0.001">
    <system-err><![CDATA[[main] WARN org.apache.nifi.properties.ConfigEncryptionTool - The source nifi.properties and destination nifi.properties are identical [conf/nifi.properties] so the original will be overwritten
[main] WARN org.apache.nifi.properties.ConfigEncryptionTool - The source flow.xml.gz and destination flow.xml.gz are identical [conf/flow.xml.gz] so the original will be overwritten
]]></system-err>
  </testcase>
  <testcase name="testShouldActuallyDeriveKeyFromPassword" classname="org.apache.nifi.properties.ConfigEncryptionToolTest" time="0.215">
    <system-err><![CDATA[[main] INFO org.apache.nifi.properties.ConfigEncryptionToolTest - Using password: [thisIsABadPassword]
[main] INFO org.apache.nifi.properties.ConfigEncryptionToolTest - Derived key:  [2C576A9585DB862F5ECBEE5B4FFFCCA14B18D8365968D7081651006507AD2BDE]
]]></system-err>
  </testcase>
  <testcase name="testShouldPerformFullOperationForNiFiPropertiesAndLoginIdentityProvidersAndAuthorizers" classname="org.apache.nifi.properties.ConfigEncryptionToolTest" time="0.209">
    <system-err><![CDATA[[main] INFO org.apache.nifi.properties.ConfigEncryptionToolTest - Original key line from bootstrap.conf: nifi.bootstrap.sensitive.key=
[main] WARN org.apache.nifi.properties.AbstractBootstrapPropertiesLoader - System Property [nifi.properties.file.path] not found: Using Relative Path [conf/nifi.properties]
[main] INFO org.apache.nifi.properties.NiFiPropertiesLoader - Loaded 82 properties from /home/alex/Repositories/nifi/nifi-toolkit/nifi-toolkit-encrypt-config/src/test/resources/nifi_with_sensitive_properties_unprotected.properties
[main] INFO org.apache.nifi.properties.ConfigEncryptionToolTest - Loaded 82 properties from input file
[main] INFO org.apache.nifi.properties.ConfigEncryptionToolTest - Original sensitive values: [nifi.security.keyPasswd:thisIsABadKeyPassword, nifi.security.keystorePasswd:thisIsABadKeystorePassword, nifi.security.truststorePasswd:, nifi.sensitive.props.key:thisIsABadSensitiveKeyPassword, nifi.provenance.repository.encryption.key:null, nifi.provenance.repository.encryption.key.provider.password:null, nifi.flowfile.repository.encryption.key.provider.password:null, nifi.content.repository.encryption.key.provider.password:null, nifi.repository.encryption.key.provider.keystore.password:null]
[main] INFO org.apache.nifi.properties.ConfigEncryptionToolTest - Original LIP XML content: <?xml version="1.0" encoding="UTF-8" standalone="yes"?>
<!--
  Licensed to the Apache Software Foundation (ASF) under one or more
  contributor license agreements.  See the NOTICE file distributed with
  this work for additional information regarding copyright ownership.
  The ASF licenses this file to You under the Apache License, Version 2.0
  (the "License"); you may not use this file except in compliance with
  the License.  You may obtain a copy of the License at
      http://www.apache.org/licenses/LICENSE-2.0
  Unless required by applicable law or agreed to in writing, software
  distributed under the License is distributed on an "AS IS" BASIS,
  WITHOUT WARRANTIES OR CONDITIONS OF ANY KIND, either express or implied.
  See the License for the specific language governing permissions and
  limitations under the License.
-->
<!--
    This file lists the login identity providers to use when running securely. In order
    to use a specific provider it must be configured here and it's identifier
    must be specified in the nifi.properties file.
-->
<loginIdentityProviders>
    <!--
        Identity Provider for users logging in with username/password against an LDAP server.
        
        'Authentication Strategy' - How the connection to the LDAP server is authenticated. Possible
            values are ANONYMOUS, SIMPLE, or START_TLS.
        
        'Manager DN' - The DN of the manager that is used to bind to the LDAP server to search for users.
        'Manager Password' - The password of the manager that is used to bind to the LDAP server to
            search for users.
            
        'TLS - Keystore' - Path to the Keystore that is used when connecting to LDAP using START_TLS.
        'TLS - Keystore Password' - Password for the Keystore that is used when connecting to LDAP
            using START_TLS.
        'TLS - Keystore Type' - Type of the Keystore that is used when connecting to LDAP using
            START_TLS (i.e. JKS or PKCS12).
        'TLS - Truststore' - Path to the Truststore that is used when connecting to LDAP using START_TLS.
        'TLS - Truststore Password' - Password for the Truststore that is used when connecting to
            LDAP using START_TLS.
        'TLS - Truststore Type' - Type of the Truststore that is used when connecting to LDAP using
            START_TLS (i.e. JKS or PKCS12).
        'TLS - Client Auth' - Client authentication policy when connecting to LDAP using START_TLS.
            Possible values are REQUIRED, WANT, NONE.
        'TLS - Protocol' - Protocol to use when connecting to LDAP using START_TLS. (i.e. TLS,
            TLSv1.1, TLSv1.2, etc).
        'TLS - Shutdown Gracefully' - Specifies whether the TLS should be shut down gracefully 
            before the target context is closed. Defaults to false.
            
        'Referral Strategy' - Strategy for handling referrals. Possible values are FOLLOW, IGNORE, THROW.
        'Connect Timeout' - Duration of connect timeout. (i.e. 10 secs).
        'Read Timeout' - Duration of read timeout. (i.e. 10 secs).
       
        'Url' - Url of the LDAP servier (i.e. ldap://<hostname>:<port>).
        'User Search Base' - Base DN for searching for users (i.e. CN=Users,DC=example,DC=com).
        'User Search Filter' - Filter for searching for users against the 'User Search Base'.
            (i.e. sAMAccountName={0}). The user specified name is inserted into '{0}'.
            
        'Authentication Expiration' - The duration of how long the user authentication is valid
            for. If the user never logs out, they will be required to log back in following
            this duration.
    -->
    <provider>
        <identifier>ldap-provider</identifier>
        <class>org.apache.nifi.ldap.LdapProvider</class>
        <property name="Authentication Strategy">START_TLS</property>

        <property name="Manager DN">someuser</property>
        <property name="Manager Password">thisIsABadPassword</property>

        <property name="TLS - Keystore"></property>
        <property name="TLS - Keystore Password">thisIsABadPassword</property>
        <property name="TLS - Keystore Type"></property>
        <property name="TLS - Truststore"></property>
        <property name="TLS - Truststore Password">thisIsABadPassword</property>
        <property name="TLS - Truststore Type"></property>
        <property name="TLS - Client Auth"></property>
        <property name="TLS - Protocol"></property>
        <property name="TLS - Shutdown Gracefully"></property>
        
        <property name="Referral Strategy">FOLLOW</property>
        <property name="Connect Timeout">10 secs</property>
        <property name="Read Timeout">10 secs</property>

        <property name="Url"></property>
        <property name="User Search Base"></property>
        <property name="User Search Filter"></property>

        <property name="Authentication Expiration">12 hours</property>
    </provider>

    <!--
        Identity Provider for users logging in with username/password against a Kerberos KDC server.

        'Default Realm' - Default realm to provide when user enters incomplete user principal (i.e. NIFI.APACHE.ORG).
        'Authentication Expiration' - The duration of how long the user authentication is valid for. If the user never logs out, they will be required to log back in following this duration.
    -->
    <!-- To enable the kerberos-provider remove 2 lines. This is 1 of 2.
    <provider>
        <identifier>kerberos-provider</identifier>
        <class>org.apache.nifi.kerberos.KerberosProvider</class>
        <property name="Default Realm">NIFI.APACHE.ORG</property>
        <property name="Authentication Expiration">12 hours</property>
    </provider>
    To enable the kerberos-provider remove 2 lines. This is 2 of 2. -->
</loginIdentityProviders>
[main] INFO org.apache.nifi.properties.ConfigEncryptionToolTest - Original Authorizers XML content: <?xml version="1.0" encoding="UTF-8" standalone="yes"?>
<!--
  Licensed to the Apache Software Foundation (ASF) under one or more
  contributor license agreements.  See the NOTICE file distributed with
  this work for additional information regarding copyright ownership.
  The ASF licenses this file to You under the Apache License, Version 2.0
  (the "License"); you may not use this file except in compliance with
  the License.  You may obtain a copy of the License at
      http://www.apache.org/licenses/LICENSE-2.0
  Unless required by applicable law or agreed to in writing, software
  distributed under the License is distributed on an "AS IS" BASIS,
  WITHOUT WARRANTIES OR CONDITIONS OF ANY KIND, either express or implied.
  See the License for the specific language governing permissions and
  limitations under the License.
-->
<!--
    This file lists the userGroupProviders, accessPolicyProviders, and authorizers to use when running securely. In order
    to use a specific authorizer it must be configured here and it's identifier must be specified in the nifi.properties file.
    If the authorizer is a managedAuthorizer, it may need to be configured with an accessPolicyProvider and an userGroupProvider.
    This file allows for configuration of them, but they must be configured in order:

    ...
    all userGroupProviders
    all accessPolicyProviders
    all Authorizers
    ...
-->
<authorizers>

    <!--
        The FileUserGroupProvider will provide support for managing users and groups which is backed by a file
        on the local file system.

        - Users File - The file where the FileUserGroupProvider will store users and groups.

        - Legacy Authorized Users File - The full path to an existing authorized-users.xml that will be automatically
            be used to load the users and groups into the Users File.

        - Initial User Identity [unique key] - The identity of a users and systems to seed the Users File. The name of
            each property must be unique, for example: "Initial User Identity A", "Initial User Identity B",
            "Initial User Identity C" or "Initial User Identity 1", "Initial User Identity 2", "Initial User Identity 3"

            NOTE: Any identity mapping rules specified in nifi.properties will also be applied to the user identities,
            so the values should be the unmapped identities (i.e. full DN from a certificate).
    -->
    <!--
    <userGroupProvider>
        <identifier>file-user-group-provider</identifier>
        <class>org.apache.nifi.authorization.FileUserGroupProvider</class>
        <property name="Users File">./conf/users.xml</property>
        <property name="Legacy Authorized Users File"></property>

        <property name="Initial User Identity 1"></property>
    </userGroupProvider>
    -->

    <!--
        The LdapUserGroupProvider will retrieve users and groups from an LDAP server. The users and groups
        are not configurable.

        'Authentication Strategy' - How the connection to the LDAP server is authenticated. Possible
            values are ANONYMOUS, SIMPLE, LDAPS, or START_TLS.

        'Manager DN' - The DN of the manager that is used to bind to the LDAP server to search for users.
        'Manager Password' - The password of the manager that is used to bind to the LDAP server to
            search for users.

        'TLS - Keystore' - Path to the Keystore that is used when connecting to LDAP using LDAPS or START_TLS.
        'TLS - Keystore Password' - Password for the Keystore that is used when connecting to LDAP
            using LDAPS or START_TLS.
        'TLS - Keystore Type' - Type of the Keystore that is used when connecting to LDAP using
            LDAPS or START_TLS (i.e. JKS or PKCS12).
        'TLS - Truststore' - Path to the Truststore that is used when connecting to LDAP using LDAPS or START_TLS.
        'TLS - Truststore Password' - Password for the Truststore that is used when connecting to
            LDAP using LDAPS or START_TLS.
        'TLS - Truststore Type' - Type of the Truststore that is used when connecting to LDAP using
            LDAPS or START_TLS (i.e. JKS or PKCS12).
        'TLS - Client Auth' - Client authentication policy when connecting to LDAP using LDAPS or START_TLS.
            Possible values are REQUIRED, WANT, NONE.
        'TLS - Protocol' - Protocol to use when connecting to LDAP using LDAPS or START_TLS. (i.e. TLS,
            TLSv1.1, TLSv1.2, etc).
        'TLS - Shutdown Gracefully' - Specifies whether the TLS should be shut down gracefully
            before the target context is closed. Defaults to false.

        'Referral Strategy' - Strategy for handling referrals. Possible values are FOLLOW, IGNORE, THROW.
        'Connect Timeout' - Duration of connect timeout. (i.e. 10 secs).
        'Read Timeout' - Duration of read timeout. (i.e. 10 secs).

        'Url' - Space-separated list of URLs of the LDAP servers (i.e. ldap://<hostname>:<port>).
        'Page Size' - Sets the page size when retrieving users and groups. If not specified, no paging is performed.
        'Sync Interval' - Duration of time between syncing users and groups (i.e. 30 mins). Minimum allowable value is 10 secs.

        'User Search Base' - Base DN for searching for users (i.e. ou=users,o=nifi). Required to search users.
        'User Object Class' - Object class for identifying users (i.e. person). Required if searching users.
        'User Search Scope' - Search scope for searching users (ONE_LEVEL, OBJECT, or SUBTREE). Required if searching users.
        'User Search Filter' - Filter for searching for users against the 'User Search Base' (i.e. (memberof=cn=team1,ou=groups,o=nifi) ). Optional.
        'User Identity Attribute' - Attribute to use to extract user identity (i.e. cn). Optional. If not set, the entire DN is used.
        'User Group Name Attribute' - Attribute to use to define group membership (i.e. memberof). Optional. If not set
            group membership will not be calculated through the users. Will rely on group membership being defined
            through 'Group Member Attribute' if set. The value of this property is the name of the attribute in the user ldap entry that
            associates them with a group. The value of that user attribute could be a dn or group name for instance. What value is expected
            is configured in the 'User Group Name Attribute - Referenced Group Attribute'.
        'User Group Name Attribute - Referenced Group Attribute' - If blank, the value of the attribute defined in 'User Group Name Attribute'
            is expected to be the full dn of the group. If not blank, this property will define the attribute of the group ldap entry that
            the value of the attribute defined in 'User Group Name Attribute' is referencing (i.e. name). Use of this property requires that
            'Group Search Base' is also configured.

        'Group Search Base' - Base DN for searching for groups (i.e. ou=groups,o=nifi). Required to search groups.
        'Group Object Class' - Object class for identifying groups (i.e. groupOfNames). Required if searching groups.
        'Group Search Scope' - Search scope for searching groups (ONE_LEVEL, OBJECT, or SUBTREE). Required if searching groups.
        'Group Search Filter' - Filter for searching for groups against the 'Group Search Base'. Optional.
        'Group Name Attribute' - Attribute to use to extract group name (i.e. cn). Optional. If not set, the entire DN is used.
        'Group Member Attribute' - Attribute to use to define group membership (i.e. member). Optional. If not set
            group membership will not be calculated through the groups. Will rely on group membership being defined
            through 'User Group Name Attribute' if set. The value of this property is the name of the attribute in the group ldap entry that
            associates them with a user. The value of that group attribute could be a dn or memberUid for instance. What value is expected
            is configured in the 'Group Member Attribute - Referenced User Attribute'. (i.e. member: cn=User 1,ou=users,o=nifi vs. memberUid: user1)
        'Group Member Attribute - Referenced User Attribute' - If blank, the value of the attribute defined in 'Group Member Attribute'
            is expected to be the full dn of the user. If not blank, this property will define the attribute of the user ldap entry that
            the value of the attribute defined in 'Group Member Attribute' is referencing (i.e. uid). Use of this property requires that
            'User Search Base' is also configured. (i.e. member: cn=User 1,ou=users,o=nifi vs. memberUid: user1)

        NOTE: Any identity mapping rules specified in nifi.properties will also be applied to the user identities.
            Group names are not mapped.
    -->
    <userGroupProvider>
        <identifier>ldap-user-group-provider</identifier>
        <class>org.apache.nifi.ldap.tenants.LdapUserGroupProvider</class>
        <property name="Authentication Strategy">START_TLS</property>

        <property name="Manager DN">someuser</property>
        <property name="Manager Password">thisIsABadPassword</property>

        <property name="TLS - Keystore"></property>
        <property name="TLS - Keystore Password">thisIsABadPassword</property>
        <property name="TLS - Keystore Type"></property>
        <property name="TLS - Truststore"></property>
        <property name="TLS - Truststore Password">thisIsABadPassword</property>
        <property name="TLS - Truststore Type"></property>
        <property name="TLS - Client Auth"></property>
        <property name="TLS - Protocol"></property>
        <property name="TLS - Shutdown Gracefully"></property>

        <property name="Referral Strategy">FOLLOW</property>
        <property name="Connect Timeout">10 secs</property>
        <property name="Read Timeout">10 secs</property>

        <property name="Url"></property>
        <property name="Page Size"></property>
        <property name="Sync Interval">30 mins</property>

        <property name="User Search Base"></property>
        <property name="User Object Class">person</property>
        <property name="User Search Scope">ONE_LEVEL</property>
        <property name="User Search Filter"></property>
        <property name="User Identity Attribute"></property>
        <property name="User Group Name Attribute"></property>
        <property name="User Group Name Attribute - Referenced Group Attribute"></property>

        <property name="Group Search Base"></property>
        <property name="Group Object Class">group</property>
        <property name="Group Search Scope">ONE_LEVEL</property>
        <property name="Group Search Filter"></property>
        <property name="Group Name Attribute"></property>
        <property name="Group Member Attribute"></property>
        <property name="Group Member Attribute - Referenced User Attribute"></property>
    </userGroupProvider>

    <!--
        The CompositeUserGroupProvider will provide support for retrieving users and groups from multiple sources.

        - User Group Provider [unique key] - The identifier of user group providers to load from. The name of
            each property must be unique, for example: "User Group Provider A", "User Group Provider B",
            "User Group Provider C" or "User Group Provider 1", "User Group Provider 2", "User Group Provider 3"

            NOTE: Any identity mapping rules specified in nifi.properties are not applied in this implementation. This behavior
            would need to be applied by the base implementation.
    -->
    <!-- To enable the composite-user-group-provider remove 2 lines. This is 1 of 2.
    <userGroupProvider>
        <identifier>composite-user-group-provider</identifier>
        <class>org.apache.nifi.authorization.CompositeUserGroupProvider</class>
        <property name="User Group Provider 1"></property>
    </userGroupProvider>
    To enable the composite-user-group-provider remove 2 lines. This is 2 of 2. -->

    <!--
        The CompositeConfigurableUserGroupProvider will provide support for retrieving users and groups from multiple sources.
        Additionally, a single configurable user group provider is required. Users from the configurable user group provider
        are configurable, however users loaded from one of the User Group Provider [unique key] will not be.

        - Configurable User Group Provider - A configurable user group provider.

        - User Group Provider [unique key] - The identifier of user group providers to load from. The name of
            each property must be unique, for example: "User Group Provider A", "User Group Provider B",
            "User Group Provider C" or "User Group Provider 1", "User Group Provider 2", "User Group Provider 3"

            NOTE: Any identity mapping rules specified in nifi.properties are not applied in this implementation. This behavior
            would need to be applied by the base implementation.
    -->
    <!-- To enable the composite-configurable-user-group-provider remove 2 lines. This is 1 of 2.
    <userGroupProvider>
        <identifier>composite-configurable-user-group-provider</identifier>
        <class>org.apache.nifi.authorization.CompositeConfigurableUserGroupProvider</class>
        <property name="Configurable User Group Provider">file-user-group-provider</property>
        <property name="User Group Provider 1"></property>
    </userGroupProvider>
    To enable the composite-configurable-user-group-provider remove 2 lines. This is 2 of 2. -->

    <!--
        The FileAccessPolicyProvider will provide support for managing access policies which is backed by a file
        on the local file system.

        - User Group Provider - The identifier for an User Group Provider defined above that will be used to access
            users and groups for use in the managed access policies.

        - Authorizations File - The file where the FileAccessPolicyProvider will store policies.

        - Initial Admin Identity - The identity of an initial admin user that will be granted access to the UI and
            given the ability to create additional users, groups, and policies. The value of this property could be
            a DN when using certificates or LDAP, or a Kerberos principal. This property will only be used when there
            are no other policies defined. If this property is specified then a Legacy Authorized Users File can not be specified.

            NOTE: Any identity mapping rules specified in nifi.properties will also be applied to the initial admin identity,
            so the value should be the unmapped identity. This identity must be found in the configured User Group Provider.

        - Legacy Authorized Users File - The full path to an existing authorized-users.xml that will be automatically
            converted to the new authorizations model. If this property is specified then an Initial Admin Identity can
            not be specified, and this property will only be used when there are no other users, groups, and policies defined.

            NOTE: Any users in the legacy users file must be found in the configured User Group Provider.

        - Node Identity [unique key] - The identity of a NiFi cluster node. When clustered, a property for each node
            should be defined, so that every node knows about every other node. If not clustered these properties can be ignored.
            The name of each property must be unique, for example for a three node cluster:
            "Node Identity A", "Node Identity B", "Node Identity C" or "Node Identity 1", "Node Identity 2", "Node Identity 3"

            NOTE: Any identity mapping rules specified in nifi.properties will also be applied to the node identities,
            so the values should be the unmapped identities (i.e. full DN from a certificate). This identity must be found
            in the configured User Group Provider.
    -->
    <accessPolicyProvider>
        <identifier>file-access-policy-provider</identifier>
        <class>org.apache.nifi.authorization.FileAccessPolicyProvider</class>
        <property name="User Group Provider">ldap-user-group-provider</property>
        <property name="Authorizations File">./conf/authorizations.xml</property>
        <property name="Initial Admin Identity"></property>
        <property name="Legacy Authorized Users File"></property>

        <property name="Node Identity 1"></property>
    </accessPolicyProvider>

    <!--
        The StandardManagedAuthorizer. This authorizer implementation must be configured with the
        Access Policy Provider which it will use to access and manage users, groups, and policies.
        These users, groups, and policies will be used to make all access decisions during authorization
        requests.

        - Access Policy Provider - The identifier for an Access Policy Provider defined above.
    -->
    <authorizer>
        <identifier>managed-authorizer</identifier>
        <class>org.apache.nifi.authorization.StandardManagedAuthorizer</class>
        <property name="Access Policy Provider">file-access-policy-provider</property>
    </authorizer>

    <!--
        NOTE: This Authorizer has been replaced with the more granular approach configured above with the Standard
        Managed Authorizer. However, it is still available for backwards compatibility reasons.

        The FileAuthorizer is NiFi's provided authorizer and has the following properties:

        - Authorizations File - The file where the FileAuthorizer will store policies.

        - Users File - The file where the FileAuthorizer will store users and groups.

        - Initial Admin Identity - The identity of an initial admin user that will be granted access to the UI and
            given the ability to create additional users, groups, and policies. The value of this property could be
            a DN when using certificates or LDAP, or a Kerberos principal. This property will only be used when there
            are no other users, groups, and policies defined. If this property is specified then a Legacy Authorized
            Users File can not be specified.

            NOTE: Any identity mapping rules specified in nifi.properties will also be applied to the initial admin identity,
            so the value should be the unmapped identity.

        - Legacy Authorized Users File - The full path to an existing authorized-users.xml that will be automatically
            converted to the new authorizations model. If this property is specified then an Initial Admin Identity can
            not be specified, and this property will only be used when there are no other users, groups, and policies defined.

        - Node Identity [unique key] - The identity of a NiFi cluster node. When clustered, a property for each node
            should be defined, so that every node knows about every other node. If not clustered these properties can be ignored.
            The name of each property must be unique, for example for a three node cluster:
            "Node Identity A", "Node Identity B", "Node Identity C" or "Node Identity 1", "Node Identity 2", "Node Identity 3"

            NOTE: Any identity mapping rules specified in nifi.properties will also be applied to the node identities,
            so the values should be the unmapped identities (i.e. full DN from a certificate).
    -->
    <!-- <authorizer>
        <identifier>file-provider</identifier>
        <class>org.apache.nifi.authorization.FileAuthorizer</class>
        <property name="Authorizations File">./conf/authorizations.xml</property>
        <property name="Users File">./conf/users.xml</property>
        <property name="Initial Admin Identity"></property>
        <property name="Legacy Authorized Users File"></property>

        <property name="Node Identity 1"></property>
    </authorizer>
    -->
</authorizers>
[main] INFO org.apache.nifi.properties.ConfigEncryptionTool - Handling encryption of nifi.properties
[main] INFO org.apache.nifi.properties.ConfigEncryptionTool - Handling encryption of login-identity-providers.xml
[main] INFO org.apache.nifi.properties.ConfigEncryptionTool - Handling encryption of authorizers.xml
[main] INFO org.apache.nifi.properties.ConfigEncryptionTool -        bootstrap.conf:               target/tmp/tmp_bootstrap.conf
[main] INFO org.apache.nifi.properties.ConfigEncryptionTool - (src)  nifi.properties:              src/test/resources/nifi_with_sensitive_properties_unprotected.properties
[main] INFO org.apache.nifi.properties.ConfigEncryptionTool - (dest) nifi.properties:              target/tmp/tmp_nifi.properties
[main] INFO org.apache.nifi.properties.ConfigEncryptionTool - (src)  login-identity-providers.xml: src/test/resources/login-identity-providers-populated.xml
[main] INFO org.apache.nifi.properties.ConfigEncryptionTool - (dest) login-identity-providers.xml: target/tmp/tmp-lip.xml
[main] INFO org.apache.nifi.properties.ConfigEncryptionTool - (src)  authorizers.xml:              src/test/resources/authorizers-populated.xml
[main] INFO org.apache.nifi.properties.ConfigEncryptionTool - (dest) authorizers.xml:              target/tmp/tmp-authorizers.xml
[main] INFO org.apache.nifi.properties.ConfigEncryptionTool - (src)  flow.xml.gz:                  conf/flow.xml.gz
[main] INFO org.apache.nifi.properties.ConfigEncryptionTool - (dest) flow.xml.gz:                  null
[main] INFO org.apache.nifi.properties.NiFiPropertiesLoader - Loaded 82 properties from /home/alex/Repositories/nifi/nifi-toolkit/nifi-toolkit-encrypt-config/src/test/resources/nifi_with_sensitive_properties_unprotected.properties
[main] INFO org.apache.nifi.properties.NiFiPropertiesLoader - Loaded 82 properties from /home/alex/Repositories/nifi/nifi-toolkit/nifi-toolkit-encrypt-config/src/test/resources/nifi_with_sensitive_properties_unprotected.properties
[main] INFO org.apache.nifi.properties.ConfigEncryptionTool - Loaded NiFiProperties instance with 82 properties
[main] INFO org.apache.nifi.properties.ConfigEncryptionTool - Loaded login identity providers content (105 lines)
[main] INFO org.apache.nifi.properties.ConfigEncryptionTool - No encrypted password property elements found in login-identity-providers.xml
[main] INFO org.apache.nifi.properties.ConfigEncryptionTool - Attempting to encrypt property using protection scheme aes/gcm/256
[main] INFO org.apache.nifi.properties.ConfigEncryptionTool - Attempting to encrypt property using protection scheme aes/gcm/256
[main] INFO org.apache.nifi.properties.ConfigEncryptionTool - Attempting to encrypt property using protection scheme aes/gcm/256
[main] INFO org.apache.nifi.properties.ConfigEncryptionTool - Updated XML content: <?xml version="1.0" encoding="UTF-8"?><loginIdentityProviders>
    
    <provider>
        <identifier>ldap-provider</identifier>
        <class>org.apache.nifi.ldap.LdapProvider</class>
        <property name="Authentication Strategy">START_TLS</property>

        <property name="Manager DN">someuser</property>
        <property name="Manager Password" encryption="aes/gcm/256">UgbacajxZmrZUVxY||327oGpIyihplUmrRnDnlkzi0wGEV4ibKRZETYxmHNQAePw</property>

        <property name="TLS - Keystore"/>
        <property name="TLS - Keystore Password" encryption="aes/gcm/256">qFTwdXxyJHlzi68Y||3ViSHBE0fvEZoombpCFkBdxRb4MWA9y/ag41S9fWpeuRPw</property>
        <property name="TLS - Keystore Type"/>
        <property name="TLS - Truststore"/>
        <property name="TLS - Truststore Password" encryption="aes/gcm/256">PkotA3Nj9AG++XHE||EqeCZDFmJg346r+mqPnj1QYkdIPJwTRbj+cfL5QP7ZxhJg</property>
        <property name="TLS - Truststore Type"/>
        <property name="TLS - Client Auth"/>
        <property name="TLS - Protocol"/>
        <property name="TLS - Shutdown Gracefully"/>
        
        <property name="Referral Strategy">FOLLOW</property>
        <property name="Connect Timeout">10 secs</property>
        <property name="Read Timeout">10 secs</property>

        <property name="Url"/>
        <property name="User Search Base"/>
        <property name="User Search Filter"/>

        <property name="Authentication Expiration">12 hours</property>
    </provider>

    
    
</loginIdentityProviders>

[main] INFO org.apache.nifi.properties.ConfigEncryptionTool - Loaded authorizers content (309 lines)
[main] INFO org.apache.nifi.properties.ConfigEncryptionTool - No encrypted password property elements found in authorizers.xml
[main] INFO org.apache.nifi.properties.ConfigEncryptionTool - Attempting to encrypt property using protection scheme aes/gcm/256
[main] INFO org.apache.nifi.properties.ConfigEncryptionTool - Attempting to encrypt property using protection scheme aes/gcm/256
[main] INFO org.apache.nifi.properties.ConfigEncryptionTool - Attempting to encrypt property using protection scheme aes/gcm/256
[main] INFO org.apache.nifi.properties.ConfigEncryptionTool - Updated XML content: <?xml version="1.0" encoding="UTF-8"?><authorizers>

    
    

    
    <userGroupProvider>
        <identifier>ldap-user-group-provider</identifier>
        <class>org.apache.nifi.ldap.tenants.LdapUserGroupProvider</class>
        <property name="Authentication Strategy">START_TLS</property>

        <property name="Manager DN">someuser</property>
        <property name="Manager Password" encryption="aes/gcm/256">SPicCepzZ45qP7ba||kBBoTbX1POTQHzAFQLj152A5GYp7u+LH8Bm38ldgcwGldQ</property>

        <property name="TLS - Keystore"/>
        <property name="TLS - Keystore Password" encryption="aes/gcm/256">RVPZU37LNHoO7bFk||3AlCcxOvKbcFNEebRkSJxCtvO1QV42lH8ERkpcsIB/t3xg</property>
        <property name="TLS - Keystore Type"/>
        <property name="TLS - Truststore"/>
        <property name="TLS - Truststore Password" encryption="aes/gcm/256">2PjEq8r//NmebSTa||ztncTEUgQdhlZO5bzSPYp9sTaafv8QUTKWEhVdJYQpwDLw</property>
        <property name="TLS - Truststore Type"/>
        <property name="TLS - Client Auth"/>
        <property name="TLS - Protocol"/>
        <property name="TLS - Shutdown Gracefully"/>

        <property name="Referral Strategy">FOLLOW</property>
        <property name="Connect Timeout">10 secs</property>
        <property name="Read Timeout">10 secs</property>

        <property name="Url"/>
        <property name="Page Size"/>
        <property name="Sync Interval">30 mins</property>

        <property name="User Search Base"/>
        <property name="User Object Class">person</property>
        <property name="User Search Scope">ONE_LEVEL</property>
        <property name="User Search Filter"/>
        <property name="User Identity Attribute"/>
        <property name="User Group Name Attribute"/>
        <property name="User Group Name Attribute - Referenced Group Attribute"/>

        <property name="Group Search Base"/>
        <property name="Group Object Class">group</property>
        <property name="Group Search Scope">ONE_LEVEL</property>
        <property name="Group Search Filter"/>
        <property name="Group Name Attribute"/>
        <property name="Group Member Attribute"/>
        <property name="Group Member Attribute - Referenced User Attribute"/>
    </userGroupProvider>

    
    

    
    

    
    <accessPolicyProvider>
        <identifier>file-access-policy-provider</identifier>
        <class>org.apache.nifi.authorization.FileAccessPolicyProvider</class>
        <property name="User Group Provider">ldap-user-group-provider</property>
        <property name="Authorizations File">./conf/authorizations.xml</property>
        <property name="Initial Admin Identity"/>
        <property name="Legacy Authorized Users File"/>

        <property name="Node Identity 1"/>
    </accessPolicyProvider>

    
    <authorizer>
        <identifier>managed-authorizer</identifier>
        <class>org.apache.nifi.authorization.StandardManagedAuthorizer</class>
        <property name="Access Policy Provider">file-access-policy-provider</property>
    </authorizer>

    
    
</authorizers>

[main] INFO org.apache.nifi.properties.ConfigEncryptionTool - Protected nifi.security.keyPasswd with aes/gcm/256 -> 	0ftk4KjNDWz0Chwo||EZyEvNmuaGk892dBYG6eSYxpz3guys16g1m8SlT7sNNwZemhjA
[main] INFO org.apache.nifi.properties.ConfigEncryptionTool - Updated protection key nifi.security.keyPasswd.protected
[main] INFO org.apache.nifi.properties.ConfigEncryptionTool - Protected nifi.security.keystorePasswd with aes/gcm/256 -> 	AuKaJ/qMgtEgcQH/||RSPst4FP7aEBQoTyMS0E4rn6kwwLc2czE8oyT70WEjL+ZvtAczbzUm+7
[main] INFO org.apache.nifi.properties.ConfigEncryptionTool - Updated protection key nifi.security.keystorePasswd.protected
[main] INFO org.apache.nifi.properties.ConfigEncryptionTool - Protected nifi.sensitive.props.key with aes/gcm/256 -> 	FEgNrYeRFL/Ub2R+||4CUvAOu75ButJ0LEKXs9LzSHUA6gzZ/0g3DKOwK/+MXfcG+i9iBWq/CvkNiMVg
[main] INFO org.apache.nifi.properties.ConfigEncryptionTool - Updated protection key nifi.sensitive.props.key.protected
[main] INFO org.apache.nifi.properties.ConfigEncryptionTool - Final result: 85 keys including 3 protected keys
[main] INFO org.apache.nifi.properties.ConfigEncryptionToolTest - Updated nifi.properties:
[main] INFO org.apache.nifi.properties.ConfigEncryptionToolTest - 

# Licensed to the Apache Software Foundation (ASF) under one or more
# contributor license agreements.  See the NOTICE file distributed with
# this work for additional information regarding copyright ownership.
# The ASF licenses this file to You under the Apache License, Version 2.0
# (the "License"); you may not use this file except in compliance with
# the License.  You may obtain a copy of the License at
#
#     http://www.apache.org/licenses/LICENSE-2.0
#
# Unless required by applicable law or agreed to in writing, software
# distributed under the License is distributed on an "AS IS" BASIS,
# WITHOUT WARRANTIES OR CONDITIONS OF ANY KIND, either express or implied.
# See the License for the specific language governing permissions and
# limitations under the License.

# Core Properties #
nifi.flow.configuration.file=./target/flow.xml.gz
nifi.flow.configuration.archive.dir=./target/archive/
nifi.flowcontroller.autoResumeState=true
nifi.flowcontroller.graceful.shutdown.period=10 sec
nifi.flowservice.writedelay.interval=2 sec
nifi.administrative.yield.duration=30 sec

nifi.reporting.task.configuration.file=./target/reporting-tasks.xml
nifi.controller.service.configuration.file=./target/controller-services.xml
nifi.templates.directory=./target/templates
nifi.ui.banner.text=UI Banner Text
nifi.ui.autorefresh.interval=30 sec
nifi.nar.library.directory=./target/resources/NiFiProperties/lib/
nifi.nar.library.directory.alt=./target/resources/NiFiProperties/lib2/
nifi.nar.working.directory=./target/work/nar/

# H2 Settings
nifi.database.directory=./target/database_repository
nifi.h2.url.append=;LOCK_TIMEOUT=25000;WRITE_DELAY=0;AUTO_SERVER=FALSE

# FlowFile Repository
nifi.flowfile.repository.directory=./target/test-repo
nifi.flowfile.repository.partitions=1
nifi.flowfile.repository.checkpoint.interval=2 mins
nifi.queue.swap.threshold=20000
nifi.swap.storage.directory=./target/test-repo/swap
nifi.swap.in.period=5 sec
nifi.swap.in.threads=1
nifi.swap.out.period=5 sec
nifi.swap.out.threads=4

# Content Repository
nifi.content.claim.max.appendable.size=10 MB
nifi.content.claim.max.flow.files=100
nifi.content.repository.directory.default=./target/content_repository

# Provenance Repository Properties
nifi.provenance.repository.storage.directory=./target/provenance_repository
nifi.provenance.repository.max.storage.time=24 hours
nifi.provenance.repository.max.storage.size=1 GB
nifi.provenance.repository.rollover.time=30 secs
nifi.provenance.repository.rollover.size=100 MB

# Site to Site properties
nifi.remote.input.socket.port=9990
nifi.remote.input.secure=true

# web properties #
nifi.web.war.directory=./target/lib
nifi.web.http.host=
nifi.web.http.port=
nifi.web.https.host=nifi.nifi.apache.org
nifi.web.https.port=8443
nifi.web.jetty.working.directory=./target/work/jetty

# security properties #
nifi.sensitive.props.key=FEgNrYeRFL/Ub2R+||4CUvAOu75ButJ0LEKXs9LzSHUA6gzZ/0g3DKOwK/+MXfcG+i9iBWq/CvkNiMVg
nifi.sensitive.props.key.protected=aes/gcm/256
nifi.sensitive.props.algorithm=PBEWITHMD5AND256BITAES-CBC-OPENSSL
nifi.sensitive.props.additional.keys=

nifi.security.keystore=/path/to/keystore.jks
nifi.security.keystoreType=JKS
nifi.security.keystorePasswd=AuKaJ/qMgtEgcQH/||RSPst4FP7aEBQoTyMS0E4rn6kwwLc2czE8oyT70WEjL+ZvtAczbzUm+7
nifi.security.keystorePasswd.protected=aes/gcm/256
nifi.security.keyPasswd=0ftk4KjNDWz0Chwo||EZyEvNmuaGk892dBYG6eSYxpz3guys16g1m8SlT7sNNwZemhjA
nifi.security.keyPasswd.protected=aes/gcm/256
nifi.security.truststore=
nifi.security.truststoreType=
nifi.security.truststorePasswd=
nifi.security.user.authorizer=

# cluster common properties (cluster manager and nodes must have same values) #
nifi.cluster.protocol.heartbeat.interval=5 sec
nifi.cluster.protocol.is.secure=false
nifi.cluster.protocol.socket.timeout=30 sec
nifi.cluster.protocol.connection.handshake.timeout=45 sec
# if multicast is used, then nifi.cluster.protocol.multicast.xxx properties must be configured #
nifi.cluster.protocol.use.multicast=false
nifi.cluster.protocol.multicast.address=
nifi.cluster.protocol.multicast.port=
nifi.cluster.protocol.multicast.service.broadcast.delay=500 ms
nifi.cluster.protocol.multicast.service.locator.attempts=3
nifi.cluster.protocol.multicast.service.locator.attempts.delay=1 sec

# cluster node properties (only configure for cluster nodes) #
nifi.cluster.is.node=false
nifi.cluster.node.address=
nifi.cluster.node.protocol.port=
nifi.cluster.node.protocol.threads=2
# if multicast is not used, nifi.cluster.node.unicast.xxx must have same values as nifi.cluster.manager.xxx #
nifi.cluster.node.unicast.manager.address=
nifi.cluster.node.unicast.manager.protocol.port=
nifi.cluster.node.unicast.manager.authority.provider.port=

# cluster manager properties (only configure for cluster manager) #
nifi.cluster.is.manager=false
nifi.cluster.manager.address=
nifi.cluster.manager.protocol.port=
nifi.cluster.manager.authority.provider.port=
nifi.cluster.manager.authority.provider.threads=10
nifi.cluster.manager.node.firewall.file=
nifi.cluster.manager.node.event.history.size=10
nifi.cluster.manager.node.api.connection.timeout=30 sec
nifi.cluster.manager.node.api.read.timeout=30 sec
nifi.cluster.manager.node.api.request.threads=10
nifi.cluster.manager.flow.retrieval.delay=5 sec
nifi.cluster.manager.protocol.threads=10
nifi.cluster.manager.safemode.duration=0 sec
[main] WARN org.apache.nifi.properties.AbstractBootstrapPropertiesLoader - System Property [nifi.properties.file.path] not found: Using Relative Path [conf/nifi.properties]
[main] INFO org.apache.nifi.properties.NiFiPropertiesLoader - Loaded 85 properties from /home/alex/Repositories/nifi/nifi-toolkit/nifi-toolkit-encrypt-config/target/tmp/tmp_nifi.properties
[main] INFO org.apache.nifi.properties.ConfigEncryptionToolTest - Updated LIP XML content: <?xml version="1.0" encoding="UTF-8" standalone="yes"?>
<!--
  Licensed to the Apache Software Foundation (ASF) under one or more
  contributor license agreements.  See the NOTICE file distributed with
  this work for additional information regarding copyright ownership.
  The ASF licenses this file to You under the Apache License, Version 2.0
  (the "License"); you may not use this file except in compliance with
  the License.  You may obtain a copy of the License at
      http://www.apache.org/licenses/LICENSE-2.0
  Unless required by applicable law or agreed to in writing, software
  distributed under the License is distributed on an "AS IS" BASIS,
  WITHOUT WARRANTIES OR CONDITIONS OF ANY KIND, either express or implied.
  See the License for the specific language governing permissions and
  limitations under the License.
-->
<!--
    This file lists the login identity providers to use when running securely. In order
    to use a specific provider it must be configured here and it's identifier
    must be specified in the nifi.properties file.
-->
<loginIdentityProviders>
    <!--
        Identity Provider for users logging in with username/password against an LDAP server.
        
        'Authentication Strategy' - How the connection to the LDAP server is authenticated. Possible
            values are ANONYMOUS, SIMPLE, or START_TLS.
        
        'Manager DN' - The DN of the manager that is used to bind to the LDAP server to search for users.
        'Manager Password' - The password of the manager that is used to bind to the LDAP server to
            search for users.
            
        'TLS - Keystore' - Path to the Keystore that is used when connecting to LDAP using START_TLS.
        'TLS - Keystore Password' - Password for the Keystore that is used when connecting to LDAP
            using START_TLS.
        'TLS - Keystore Type' - Type of the Keystore that is used when connecting to LDAP using
            START_TLS (i.e. JKS or PKCS12).
        'TLS - Truststore' - Path to the Truststore that is used when connecting to LDAP using START_TLS.
        'TLS - Truststore Password' - Password for the Truststore that is used when connecting to
            LDAP using START_TLS.
        'TLS - Truststore Type' - Type of the Truststore that is used when connecting to LDAP using
            START_TLS (i.e. JKS or PKCS12).
        'TLS - Client Auth' - Client authentication policy when connecting to LDAP using START_TLS.
            Possible values are REQUIRED, WANT, NONE.
        'TLS - Protocol' - Protocol to use when connecting to LDAP using START_TLS. (i.e. TLS,
            TLSv1.1, TLSv1.2, etc).
        'TLS - Shutdown Gracefully' - Specifies whether the TLS should be shut down gracefully 
            before the target context is closed. Defaults to false.
            
        'Referral Strategy' - Strategy for handling referrals. Possible values are FOLLOW, IGNORE, THROW.
        'Connect Timeout' - Duration of connect timeout. (i.e. 10 secs).
        'Read Timeout' - Duration of read timeout. (i.e. 10 secs).
       
        'Url' - Url of the LDAP servier (i.e. ldap://<hostname>:<port>).
        'User Search Base' - Base DN for searching for users (i.e. CN=Users,DC=example,DC=com).
        'User Search Filter' - Filter for searching for users against the 'User Search Base'.
            (i.e. sAMAccountName={0}). The user specified name is inserted into '{0}'.
            
        'Authentication Expiration' - The duration of how long the user authentication is valid
            for. If the user never logs out, they will be required to log back in following
            this duration.
    -->
    <provider>
        <identifier>ldap-provider</identifier>
        <class>org.apache.nifi.ldap.LdapProvider</class>
        <property name="Authentication Strategy">START_TLS</property>

        <property name="Manager DN">someuser</property>
        <property encryption="aes/gcm/256" name="Manager Password">UgbacajxZmrZUVxY||327oGpIyihplUmrRnDnlkzi0wGEV4ibKRZETYxmHNQAePw</property>

        <property name="TLS - Keystore"/>
        <property encryption="aes/gcm/256" name="TLS - Keystore Password">qFTwdXxyJHlzi68Y||3ViSHBE0fvEZoombpCFkBdxRb4MWA9y/ag41S9fWpeuRPw</property>
        <property name="TLS - Keystore Type"/>
        <property name="TLS - Truststore"/>
        <property encryption="aes/gcm/256" name="TLS - Truststore Password">PkotA3Nj9AG++XHE||EqeCZDFmJg346r+mqPnj1QYkdIPJwTRbj+cfL5QP7ZxhJg</property>
        <property name="TLS - Truststore Type"/>
        <property name="TLS - Client Auth"/>
        <property name="TLS - Protocol"/>
        <property name="TLS - Shutdown Gracefully"/>
        
        <property name="Referral Strategy">FOLLOW</property>
        <property name="Connect Timeout">10 secs</property>
        <property name="Read Timeout">10 secs</property>

        <property name="Url"/>
        <property name="User Search Base"/>
        <property name="User Search Filter"/>

        <property name="Authentication Expiration">12 hours</property>
    </provider>


    <!--
        Identity Provider for users logging in with username/password against a Kerberos KDC server.

        'Default Realm' - Default realm to provide when user enters incomplete user principal (i.e. NIFI.APACHE.ORG).
        'Authentication Expiration' - The duration of how long the user authentication is valid for. If the user never logs out, they will be required to log back in following this duration.
    -->
    <!-- To enable the kerberos-provider remove 2 lines. This is 1 of 2.
    <provider>
        <identifier>kerberos-provider</identifier>
        <class>org.apache.nifi.kerberos.KerberosProvider</class>
        <property name="Default Realm">NIFI.APACHE.ORG</property>
        <property name="Authentication Expiration">12 hours</property>
    </provider>
    To enable the kerberos-provider remove 2 lines. This is 2 of 2. -->
</loginIdentityProviders>
[main] INFO org.apache.nifi.properties.ConfigEncryptionToolTest - Updated Authorizers XML content: <?xml version="1.0" encoding="UTF-8" standalone="yes"?>
<!--
  Licensed to the Apache Software Foundation (ASF) under one or more
  contributor license agreements.  See the NOTICE file distributed with
  this work for additional information regarding copyright ownership.
  The ASF licenses this file to You under the Apache License, Version 2.0
  (the "License"); you may not use this file except in compliance with
  the License.  You may obtain a copy of the License at
      http://www.apache.org/licenses/LICENSE-2.0
  Unless required by applicable law or agreed to in writing, software
  distributed under the License is distributed on an "AS IS" BASIS,
  WITHOUT WARRANTIES OR CONDITIONS OF ANY KIND, either express or implied.
  See the License for the specific language governing permissions and
  limitations under the License.
-->
<!--
    This file lists the userGroupProviders, accessPolicyProviders, and authorizers to use when running securely. In order
    to use a specific authorizer it must be configured here and it's identifier must be specified in the nifi.properties file.
    If the authorizer is a managedAuthorizer, it may need to be configured with an accessPolicyProvider and an userGroupProvider.
    This file allows for configuration of them, but they must be configured in order:

    ...
    all userGroupProviders
    all accessPolicyProviders
    all Authorizers
    ...
-->
<authorizers>

    <!--
        The FileUserGroupProvider will provide support for managing users and groups which is backed by a file
        on the local file system.

        - Users File - The file where the FileUserGroupProvider will store users and groups.

        - Legacy Authorized Users File - The full path to an existing authorized-users.xml that will be automatically
            be used to load the users and groups into the Users File.

        - Initial User Identity [unique key] - The identity of a users and systems to seed the Users File. The name of
            each property must be unique, for example: "Initial User Identity A", "Initial User Identity B",
            "Initial User Identity C" or "Initial User Identity 1", "Initial User Identity 2", "Initial User Identity 3"

            NOTE: Any identity mapping rules specified in nifi.properties will also be applied to the user identities,
            so the values should be the unmapped identities (i.e. full DN from a certificate).
    -->
    <!--
    <userGroupProvider>
        <identifier>file-user-group-provider</identifier>
        <class>org.apache.nifi.authorization.FileUserGroupProvider</class>
        <property name="Users File">./conf/users.xml</property>
        <property name="Legacy Authorized Users File"></property>

        <property name="Initial User Identity 1"></property>
    </userGroupProvider>
    -->

    <!--
        The LdapUserGroupProvider will retrieve users and groups from an LDAP server. The users and groups
        are not configurable.

        'Authentication Strategy' - How the connection to the LDAP server is authenticated. Possible
            values are ANONYMOUS, SIMPLE, LDAPS, or START_TLS.

        'Manager DN' - The DN of the manager that is used to bind to the LDAP server to search for users.
        'Manager Password' - The password of the manager that is used to bind to the LDAP server to
            search for users.

        'TLS - Keystore' - Path to the Keystore that is used when connecting to LDAP using LDAPS or START_TLS.
        'TLS - Keystore Password' - Password for the Keystore that is used when connecting to LDAP
            using LDAPS or START_TLS.
        'TLS - Keystore Type' - Type of the Keystore that is used when connecting to LDAP using
            LDAPS or START_TLS (i.e. JKS or PKCS12).
        'TLS - Truststore' - Path to the Truststore that is used when connecting to LDAP using LDAPS or START_TLS.
        'TLS - Truststore Password' - Password for the Truststore that is used when connecting to
            LDAP using LDAPS or START_TLS.
        'TLS - Truststore Type' - Type of the Truststore that is used when connecting to LDAP using
            LDAPS or START_TLS (i.e. JKS or PKCS12).
        'TLS - Client Auth' - Client authentication policy when connecting to LDAP using LDAPS or START_TLS.
            Possible values are REQUIRED, WANT, NONE.
        'TLS - Protocol' - Protocol to use when connecting to LDAP using LDAPS or START_TLS. (i.e. TLS,
            TLSv1.1, TLSv1.2, etc).
        'TLS - Shutdown Gracefully' - Specifies whether the TLS should be shut down gracefully
            before the target context is closed. Defaults to false.

        'Referral Strategy' - Strategy for handling referrals. Possible values are FOLLOW, IGNORE, THROW.
        'Connect Timeout' - Duration of connect timeout. (i.e. 10 secs).
        'Read Timeout' - Duration of read timeout. (i.e. 10 secs).

        'Url' - Space-separated list of URLs of the LDAP servers (i.e. ldap://<hostname>:<port>).
        'Page Size' - Sets the page size when retrieving users and groups. If not specified, no paging is performed.
        'Sync Interval' - Duration of time between syncing users and groups (i.e. 30 mins). Minimum allowable value is 10 secs.

        'User Search Base' - Base DN for searching for users (i.e. ou=users,o=nifi). Required to search users.
        'User Object Class' - Object class for identifying users (i.e. person). Required if searching users.
        'User Search Scope' - Search scope for searching users (ONE_LEVEL, OBJECT, or SUBTREE). Required if searching users.
        'User Search Filter' - Filter for searching for users against the 'User Search Base' (i.e. (memberof=cn=team1,ou=groups,o=nifi) ). Optional.
        'User Identity Attribute' - Attribute to use to extract user identity (i.e. cn). Optional. If not set, the entire DN is used.
        'User Group Name Attribute' - Attribute to use to define group membership (i.e. memberof). Optional. If not set
            group membership will not be calculated through the users. Will rely on group membership being defined
            through 'Group Member Attribute' if set. The value of this property is the name of the attribute in the user ldap entry that
            associates them with a group. The value of that user attribute could be a dn or group name for instance. What value is expected
            is configured in the 'User Group Name Attribute - Referenced Group Attribute'.
        'User Group Name Attribute - Referenced Group Attribute' - If blank, the value of the attribute defined in 'User Group Name Attribute'
            is expected to be the full dn of the group. If not blank, this property will define the attribute of the group ldap entry that
            the value of the attribute defined in 'User Group Name Attribute' is referencing (i.e. name). Use of this property requires that
            'Group Search Base' is also configured.

        'Group Search Base' - Base DN for searching for groups (i.e. ou=groups,o=nifi). Required to search groups.
        'Group Object Class' - Object class for identifying groups (i.e. groupOfNames). Required if searching groups.
        'Group Search Scope' - Search scope for searching groups (ONE_LEVEL, OBJECT, or SUBTREE). Required if searching groups.
        'Group Search Filter' - Filter for searching for groups against the 'Group Search Base'. Optional.
        'Group Name Attribute' - Attribute to use to extract group name (i.e. cn). Optional. If not set, the entire DN is used.
        'Group Member Attribute' - Attribute to use to define group membership (i.e. member). Optional. If not set
            group membership will not be calculated through the groups. Will rely on group membership being defined
            through 'User Group Name Attribute' if set. The value of this property is the name of the attribute in the group ldap entry that
            associates them with a user. The value of that group attribute could be a dn or memberUid for instance. What value is expected
            is configured in the 'Group Member Attribute - Referenced User Attribute'. (i.e. member: cn=User 1,ou=users,o=nifi vs. memberUid: user1)
        'Group Member Attribute - Referenced User Attribute' - If blank, the value of the attribute defined in 'Group Member Attribute'
            is expected to be the full dn of the user. If not blank, this property will define the attribute of the user ldap entry that
            the value of the attribute defined in 'Group Member Attribute' is referencing (i.e. uid). Use of this property requires that
            'User Search Base' is also configured. (i.e. member: cn=User 1,ou=users,o=nifi vs. memberUid: user1)

        NOTE: Any identity mapping rules specified in nifi.properties will also be applied to the user identities.
            Group names are not mapped.
    -->
    <userGroupProvider>
        <identifier>ldap-user-group-provider</identifier>
        <class>org.apache.nifi.ldap.tenants.LdapUserGroupProvider</class>
        <property name="Authentication Strategy">START_TLS</property>

        <property name="Manager DN">someuser</property>
        <property encryption="aes/gcm/256" name="Manager Password">SPicCepzZ45qP7ba||kBBoTbX1POTQHzAFQLj152A5GYp7u+LH8Bm38ldgcwGldQ</property>

        <property name="TLS - Keystore"/>
        <property encryption="aes/gcm/256" name="TLS - Keystore Password">RVPZU37LNHoO7bFk||3AlCcxOvKbcFNEebRkSJxCtvO1QV42lH8ERkpcsIB/t3xg</property>
        <property name="TLS - Keystore Type"/>
        <property name="TLS - Truststore"/>
        <property encryption="aes/gcm/256" name="TLS - Truststore Password">2PjEq8r//NmebSTa||ztncTEUgQdhlZO5bzSPYp9sTaafv8QUTKWEhVdJYQpwDLw</property>
        <property name="TLS - Truststore Type"/>
        <property name="TLS - Client Auth"/>
        <property name="TLS - Protocol"/>
        <property name="TLS - Shutdown Gracefully"/>

        <property name="Referral Strategy">FOLLOW</property>
        <property name="Connect Timeout">10 secs</property>
        <property name="Read Timeout">10 secs</property>

        <property name="Url"/>
        <property name="Page Size"/>
        <property name="Sync Interval">30 mins</property>

        <property name="User Search Base"/>
        <property name="User Object Class">person</property>
        <property name="User Search Scope">ONE_LEVEL</property>
        <property name="User Search Filter"/>
        <property name="User Identity Attribute"/>
        <property name="User Group Name Attribute"/>
        <property name="User Group Name Attribute - Referenced Group Attribute"/>

        <property name="Group Search Base"/>
        <property name="Group Object Class">group</property>
        <property name="Group Search Scope">ONE_LEVEL</property>
        <property name="Group Search Filter"/>
        <property name="Group Name Attribute"/>
        <property name="Group Member Attribute"/>
        <property name="Group Member Attribute - Referenced User Attribute"/>
    </userGroupProvider>


    <!--
        The CompositeUserGroupProvider will provide support for retrieving users and groups from multiple sources.

        - User Group Provider [unique key] - The identifier of user group providers to load from. The name of
            each property must be unique, for example: "User Group Provider A", "User Group Provider B",
            "User Group Provider C" or "User Group Provider 1", "User Group Provider 2", "User Group Provider 3"

            NOTE: Any identity mapping rules specified in nifi.properties are not applied in this implementation. This behavior
            would need to be applied by the base implementation.
    -->
    <!-- To enable the composite-user-group-provider remove 2 lines. This is 1 of 2.
    <userGroupProvider>
        <identifier>composite-user-group-provider</identifier>
        <class>org.apache.nifi.authorization.CompositeUserGroupProvider</class>
        <property name="User Group Provider 1"></property>
    </userGroupProvider>
    To enable the composite-user-group-provider remove 2 lines. This is 2 of 2. -->

    <!--
        The CompositeConfigurableUserGroupProvider will provide support for retrieving users and groups from multiple sources.
        Additionally, a single configurable user group provider is required. Users from the configurable user group provider
        are configurable, however users loaded from one of the User Group Provider [unique key] will not be.

        - Configurable User Group Provider - A configurable user group provider.

        - User Group Provider [unique key] - The identifier of user group providers to load from. The name of
            each property must be unique, for example: "User Group Provider A", "User Group Provider B",
            "User Group Provider C" or "User Group Provider 1", "User Group Provider 2", "User Group Provider 3"

            NOTE: Any identity mapping rules specified in nifi.properties are not applied in this implementation. This behavior
            would need to be applied by the base implementation.
    -->
    <!-- To enable the composite-configurable-user-group-provider remove 2 lines. This is 1 of 2.
    <userGroupProvider>
        <identifier>composite-configurable-user-group-provider</identifier>
        <class>org.apache.nifi.authorization.CompositeConfigurableUserGroupProvider</class>
        <property name="Configurable User Group Provider">file-user-group-provider</property>
        <property name="User Group Provider 1"></property>
    </userGroupProvider>
    To enable the composite-configurable-user-group-provider remove 2 lines. This is 2 of 2. -->

    <!--
        The FileAccessPolicyProvider will provide support for managing access policies which is backed by a file
        on the local file system.

        - User Group Provider - The identifier for an User Group Provider defined above that will be used to access
            users and groups for use in the managed access policies.

        - Authorizations File - The file where the FileAccessPolicyProvider will store policies.

        - Initial Admin Identity - The identity of an initial admin user that will be granted access to the UI and
            given the ability to create additional users, groups, and policies. The value of this property could be
            a DN when using certificates or LDAP, or a Kerberos principal. This property will only be used when there
            are no other policies defined. If this property is specified then a Legacy Authorized Users File can not be specified.

            NOTE: Any identity mapping rules specified in nifi.properties will also be applied to the initial admin identity,
            so the value should be the unmapped identity. This identity must be found in the configured User Group Provider.

        - Legacy Authorized Users File - The full path to an existing authorized-users.xml that will be automatically
            converted to the new authorizations model. If this property is specified then an Initial Admin Identity can
            not be specified, and this property will only be used when there are no other users, groups, and policies defined.

            NOTE: Any users in the legacy users file must be found in the configured User Group Provider.

        - Node Identity [unique key] - The identity of a NiFi cluster node. When clustered, a property for each node
            should be defined, so that every node knows about every other node. If not clustered these properties can be ignored.
            The name of each property must be unique, for example for a three node cluster:
            "Node Identity A", "Node Identity B", "Node Identity C" or "Node Identity 1", "Node Identity 2", "Node Identity 3"

            NOTE: Any identity mapping rules specified in nifi.properties will also be applied to the node identities,
            so the values should be the unmapped identities (i.e. full DN from a certificate). This identity must be found
            in the configured User Group Provider.
    -->
    <accessPolicyProvider>
        <identifier>file-access-policy-provider</identifier>
        <class>org.apache.nifi.authorization.FileAccessPolicyProvider</class>
        <property name="User Group Provider">ldap-user-group-provider</property>
        <property name="Authorizations File">./conf/authorizations.xml</property>
        <property name="Initial Admin Identity"></property>
        <property name="Legacy Authorized Users File"></property>

        <property name="Node Identity 1"></property>
    </accessPolicyProvider>

    <!--
        The StandardManagedAuthorizer. This authorizer implementation must be configured with the
        Access Policy Provider which it will use to access and manage users, groups, and policies.
        These users, groups, and policies will be used to make all access decisions during authorization
        requests.

        - Access Policy Provider - The identifier for an Access Policy Provider defined above.
    -->
    <authorizer>
        <identifier>managed-authorizer</identifier>
        <class>org.apache.nifi.authorization.StandardManagedAuthorizer</class>
        <property name="Access Policy Provider">file-access-policy-provider</property>
    </authorizer>

    <!--
        NOTE: This Authorizer has been replaced with the more granular approach configured above with the Standard
        Managed Authorizer. However, it is still available for backwards compatibility reasons.

        The FileAuthorizer is NiFi's provided authorizer and has the following properties:

        - Authorizations File - The file where the FileAuthorizer will store policies.

        - Users File - The file where the FileAuthorizer will store users and groups.

        - Initial Admin Identity - The identity of an initial admin user that will be granted access to the UI and
            given the ability to create additional users, groups, and policies. The value of this property could be
            a DN when using certificates or LDAP, or a Kerberos principal. This property will only be used when there
            are no other users, groups, and policies defined. If this property is specified then a Legacy Authorized
            Users File can not be specified.

            NOTE: Any identity mapping rules specified in nifi.properties will also be applied to the initial admin identity,
            so the value should be the unmapped identity.

        - Legacy Authorized Users File - The full path to an existing authorized-users.xml that will be automatically
            converted to the new authorizations model. If this property is specified then an Initial Admin Identity can
            not be specified, and this property will only be used when there are no other users, groups, and policies defined.

        - Node Identity [unique key] - The identity of a NiFi cluster node. When clustered, a property for each node
            should be defined, so that every node knows about every other node. If not clustered these properties can be ignored.
            The name of each property must be unique, for example for a three node cluster:
            "Node Identity A", "Node Identity B", "Node Identity C" or "Node Identity 1", "Node Identity 2", "Node Identity 3"

            NOTE: Any identity mapping rules specified in nifi.properties will also be applied to the node identities,
            so the values should be the unmapped identities (i.e. full DN from a certificate).
    -->
    <!-- <authorizer>
        <identifier>file-provider</identifier>
        <class>org.apache.nifi.authorization.FileAuthorizer</class>
        <property name="Authorizations File">./conf/authorizations.xml</property>
        <property name="Users File">./conf/users.xml</property>
        <property name="Initial Admin Identity"></property>
        <property name="Legacy Authorized Users File"></property>

        <property name="Node Identity 1"></property>
    </authorizer>
    -->
</authorizers>
[main] INFO org.apache.nifi.properties.ConfigEncryptionToolTest - Updated key line: nifi.bootstrap.sensitive.key=0123456789ABCDEFFEDCBA98765432100123456789ABCDEFFEDCBA9876543210
]]></system-err>
  </testcase>
  <testcase name="testShouldLoadFlowXmlContent" classname="org.apache.nifi.properties.ConfigEncryptionToolTest" time="0.035">
    <system-err><![CDATA[[main] INFO org.apache.nifi.properties.ConfigEncryptionToolTest - Read flow.xml: 
<?xml version="1.0" encoding="UTF-8" standalone="no"?>
<!--
  Licensed to the Apache Software Foundation (ASF) under one or more
  contributor license agreements.  See the NOTICE file distributed with
  this work for additional information regarding copyright ownership.
  The ASF licenses this file to You under the Apache License, Version 2.0
  (the "License"); you may not use this file except in compliance with
  the License.  You may obtain a copy of the License at
      http://www.apache.org/licenses/LICENSE-2.0
  Unless required by applicable law or agreed to in writing, software
  distributed under the License is distributed on an "AS IS" BASIS,
  WITHOUT WARRANTIES OR CONDITIONS OF ANY KIND, either express or implied.
  See the License for the specific language governing permissions and
  limitations under the License.
-->
<flowController encoding-version="1.0">
    <maxTimerDrivenThreadCount>10</maxTimerDrivenThreadCount>
    <maxEventDrivenThreadCount>5</maxEventDrivenThreadCount>
    <rootGroup>
        <id>fcf146b2-0157-1000-7850-7adf1d31e3fa</id>
        <name>NiFi Flow</name>
        <position x="0.0" y="0.0"/>
        <comment/>
        <processGroup>
            <id>8a61ec1d-0158-1000-3a1a-12c54fe77838</id>
            <name>EncryptedProperties Example</name>
            <position x="1119.0" y="295.0"/>
            <comment/>
            <processor>
                <id>8a621f0b-0158-1000-b5c2-92a09a124501</id>
                <name>Encrypt</name>
                <position x="626.0" y="237.0"/>
                <styles/>
                <comment/>
                <class>org.apache.nifi.processors.standard.EncryptContent</class>
                <maxConcurrentTasks>1</maxConcurrentTasks>
                <schedulingPeriod>0 sec</schedulingPeriod>
                <penalizationPeriod>30 sec</penalizationPeriod>
                <yieldPeriod>1 sec</yieldPeriod>
                <bulletinLevel>WARN</bulletinLevel>
                <lossTolerant>false</lossTolerant>
                <scheduledState>STOPPED</scheduledState>
                <schedulingStrategy>TIMER_DRIVEN</schedulingStrategy>
                <runDurationNanos>0</runDurationNanos>
                <property>
                    <name>Mode</name>
                    <value>Encrypt</value>
                </property>
                <property>
                    <name>key-derivation-function</name>
                    <value>NIFI_LEGACY</value>
                </property>
                <property>
                    <name>Encryption Algorithm</name>
                    <value>MD5_128AES</value>
                </property>
                <property>
                    <name>allow-weak-crypto</name>
                    <value>not-allowed</value>
                </property>
                <property>
                    <name>Password</name>
                    <value>enc{7468697349734142616453616c742e2e79ad38319f8069990c6ac60cad75639f9d2ab7dff1a0b8b488af2fff659cf353}</value>
                </property>
                <property>
                    <name>raw-key-hex</name>
                </property>
                <property>
                    <name>public-keyring-file</name>
                </property>
                <property>
                    <name>public-key-user-id</name>
                </property>
                <property>
                    <name>private-keyring-file</name>
                </property>
                <property>
                    <name>private-keyring-passphrase</name>
                </property>
            </processor>
            <processor>
                <id>8a6314ee-0158-1000-6dd0-60f153db26c1</id>
                <name>Decrypt</name>
                <position x="630.0" y="482.0"/>
                <styles/>
                <comment/>
                <class>org.apache.nifi.processors.standard.EncryptContent</class>
                <maxConcurrentTasks>1</maxConcurrentTasks>
                <schedulingPeriod>0 sec</schedulingPeriod>
                <penalizationPeriod>30 sec</penalizationPeriod>
                <yieldPeriod>1 sec</yieldPeriod>
                <bulletinLevel>WARN</bulletinLevel>
                <lossTolerant>false</lossTolerant>
                <scheduledState>STOPPED</scheduledState>
                <schedulingStrategy>TIMER_DRIVEN</schedulingStrategy>
                <runDurationNanos>0</runDurationNanos>
                <property>
                    <name>Mode</name>
                    <value>Decrypt</value>
                </property>
                <property>
                    <name>key-derivation-function</name>
                    <value>NIFI_LEGACY</value>
                </property>
                <property>
                    <name>Encryption Algorithm</name>
                    <value>MD5_128AES</value>
                </property>
                <property>
                    <name>allow-weak-crypto</name>
                    <value>not-allowed</value>
                </property>
                <property>
                    <name>Password</name>
                    <value>enc{7468697349734142616453616c742e2e63a2cd00e648c459e7e45223fefe8d38ab9ed3d71d94be57d5b0e4391980c858}</value>
                </property>
                <property>
                    <name>raw-key-hex</name>
                </property>
                <property>
                    <name>public-keyring-file</name>
                </property>
                <property>
                    <name>public-key-user-id</name>
                </property>
                <property>
                    <name>private-keyring-file</name>
                </property>
                <property>
                    <name>private-keyring-passphrase</name>
                </property>
            </processor>
            <connection>
                <id>8a636069-0158-1000-50ff-244f2a8eeb7a</id>
                <name/>
                <bendPoints/>
                <labelIndex>1</labelIndex>
                <zIndex>0</zIndex>
                <sourceId>8a621f0b-0158-1000-b5c2-92a09a124501</sourceId>
                <sourceGroupId>8a61ec1d-0158-1000-3a1a-12c54fe77838</sourceGroupId>
                <sourceType>PROCESSOR</sourceType>
                <destinationId>8a6314ee-0158-1000-6dd0-60f153db26c1</destinationId>
                <destinationGroupId>8a61ec1d-0158-1000-3a1a-12c54fe77838</destinationGroupId>
                <destinationType>PROCESSOR</destinationType>
                <relationship>success</relationship>
                <maxWorkQueueSize>10000</maxWorkQueueSize>
                <maxWorkQueueDataSize>1 GB</maxWorkQueueDataSize>
                <flowFileExpiration>0 sec</flowFileExpiration>
            </connection>
        </processGroup>
    </rootGroup>
    <controllerServices/>
    <reportingTasks/>
</flowController>

[main] INFO org.apache.nifi.properties.ConfigEncryptionToolTest - Loaded flow.xml.gz: 
<?xml version="1.0" encoding="UTF-8" standalone="no"?>
<!--
  Licensed to the Apache Software Foundation (ASF) under one or more
  contributor license agreements.  See the NOTICE file distributed with
  this work for additional information regarding copyright ownership.
  The ASF licenses this file to You under the Apache License, Version 2.0
  (the "License"); you may not use this file except in compliance with
  the License.  You may obtain a copy of the License at
      http://www.apache.org/licenses/LICENSE-2.0
  Unless required by applicable law or agreed to in writing, software
  distributed under the License is distributed on an "AS IS" BASIS,
  WITHOUT WARRANTIES OR CONDITIONS OF ANY KIND, either express or implied.
  See the License for the specific language governing permissions and
  limitations under the License.
-->
<flowController encoding-version="1.0">
    <maxTimerDrivenThreadCount>10</maxTimerDrivenThreadCount>
    <maxEventDrivenThreadCount>5</maxEventDrivenThreadCount>
    <rootGroup>
        <id>fcf146b2-0157-1000-7850-7adf1d31e3fa</id>
        <name>NiFi Flow</name>
        <position x="0.0" y="0.0"/>
        <comment/>
        <processGroup>
            <id>8a61ec1d-0158-1000-3a1a-12c54fe77838</id>
            <name>EncryptedProperties Example</name>
            <position x="1119.0" y="295.0"/>
            <comment/>
            <processor>
                <id>8a621f0b-0158-1000-b5c2-92a09a124501</id>
                <name>Encrypt</name>
                <position x="626.0" y="237.0"/>
                <styles/>
                <comment/>
                <class>org.apache.nifi.processors.standard.EncryptContent</class>
                <maxConcurrentTasks>1</maxConcurrentTasks>
                <schedulingPeriod>0 sec</schedulingPeriod>
                <penalizationPeriod>30 sec</penalizationPeriod>
                <yieldPeriod>1 sec</yieldPeriod>
                <bulletinLevel>WARN</bulletinLevel>
                <lossTolerant>false</lossTolerant>
                <scheduledState>STOPPED</scheduledState>
                <schedulingStrategy>TIMER_DRIVEN</schedulingStrategy>
                <runDurationNanos>0</runDurationNanos>
                <property>
                    <name>Mode</name>
                    <value>Encrypt</value>
                </property>
                <property>
                    <name>key-derivation-function</name>
                    <value>NIFI_LEGACY</value>
                </property>
                <property>
                    <name>Encryption Algorithm</name>
                    <value>MD5_128AES</value>
                </property>
                <property>
                    <name>allow-weak-crypto</name>
                    <value>not-allowed</value>
                </property>
                <property>
                    <name>Password</name>
                    <value>enc{7468697349734142616453616c742e2e79ad38319f8069990c6ac60cad75639f9d2ab7dff1a0b8b488af2fff659cf353}</value>
                </property>
                <property>
                    <name>raw-key-hex</name>
                </property>
                <property>
                    <name>public-keyring-file</name>
                </property>
                <property>
                    <name>public-key-user-id</name>
                </property>
                <property>
                    <name>private-keyring-file</name>
                </property>
                <property>
                    <name>private-keyring-passphrase</name>
                </property>
            </processor>
            <processor>
                <id>8a6314ee-0158-1000-6dd0-60f153db26c1</id>
                <name>Decrypt</name>
                <position x="630.0" y="482.0"/>
                <styles/>
                <comment/>
                <class>org.apache.nifi.processors.standard.EncryptContent</class>
                <maxConcurrentTasks>1</maxConcurrentTasks>
                <schedulingPeriod>0 sec</schedulingPeriod>
                <penalizationPeriod>30 sec</penalizationPeriod>
                <yieldPeriod>1 sec</yieldPeriod>
                <bulletinLevel>WARN</bulletinLevel>
                <lossTolerant>false</lossTolerant>
                <scheduledState>STOPPED</scheduledState>
                <schedulingStrategy>TIMER_DRIVEN</schedulingStrategy>
                <runDurationNanos>0</runDurationNanos>
                <property>
                    <name>Mode</name>
                    <value>Decrypt</value>
                </property>
                <property>
                    <name>key-derivation-function</name>
                    <value>NIFI_LEGACY</value>
                </property>
                <property>
                    <name>Encryption Algorithm</name>
                    <value>MD5_128AES</value>
                </property>
                <property>
                    <name>allow-weak-crypto</name>
                    <value>not-allowed</value>
                </property>
                <property>
                    <name>Password</name>
                    <value>enc{7468697349734142616453616c742e2e63a2cd00e648c459e7e45223fefe8d38ab9ed3d71d94be57d5b0e4391980c858}</value>
                </property>
                <property>
                    <name>raw-key-hex</name>
                </property>
                <property>
                    <name>public-keyring-file</name>
                </property>
                <property>
                    <name>public-key-user-id</name>
                </property>
                <property>
                    <name>private-keyring-file</name>
                </property>
                <property>
                    <name>private-keyring-passphrase</name>
                </property>
            </processor>
            <connection>
                <id>8a636069-0158-1000-50ff-244f2a8eeb7a</id>
                <name/>
                <bendPoints/>
                <labelIndex>1</labelIndex>
                <zIndex>0</zIndex>
                <sourceId>8a621f0b-0158-1000-b5c2-92a09a124501</sourceId>
                <sourceGroupId>8a61ec1d-0158-1000-3a1a-12c54fe77838</sourceGroupId>
                <sourceType>PROCESSOR</sourceType>
                <destinationId>8a6314ee-0158-1000-6dd0-60f153db26c1</destinationId>
                <destinationGroupId>8a61ec1d-0158-1000-3a1a-12c54fe77838</destinationGroupId>
                <destinationType>PROCESSOR</destinationType>
                <relationship>success</relationship>
                <maxWorkQueueSize>10000</maxWorkQueueSize>
                <maxWorkQueueDataSize>1 GB</maxWorkQueueDataSize>
                <flowFileExpiration>0 sec</flowFileExpiration>
            </connection>
        </processGroup>
    </rootGroup>
    <controllerServices/>
    <reportingTasks/>
</flowController>

]]></system-err>
  </testcase>
  <testcase name="testSerializeAuthorizersAndPreserveFormatShouldHandleComplexProperty" classname="org.apache.nifi.properties.ConfigEncryptionToolTest" time="0.176">
    <system-err><![CDATA[[main] INFO org.apache.nifi.properties.ConfigEncryptionToolTest - Read lines: 
<?xml version="1.0" encoding="UTF-8" standalone="yes"?>
<!--
  Licensed to the Apache Software Foundation (ASF) under one or more
  contributor license agreements.  See the NOTICE file distributed with
  this work for additional information regarding copyright ownership.
  The ASF licenses this file to You under the Apache License, Version 2.0
  (the "License"); you may not use this file except in compliance with
  the License.  You may obtain a copy of the License at
      http://www.apache.org/licenses/LICENSE-2.0
  Unless required by applicable law or agreed to in writing, software
  distributed under the License is distributed on an "AS IS" BASIS,
  WITHOUT WARRANTIES OR CONDITIONS OF ANY KIND, either express or implied.
  See the License for the specific language governing permissions and
  limitations under the License.
-->
<!--
    This file lists the userGroupProviders, accessPolicyProviders, and authorizers to use when running securely. In order
    to use a specific authorizer it must be configured here and it's identifier must be specified in the nifi.properties file.
    If the authorizer is a managedAuthorizer, it may need to be configured with an accessPolicyProvider and an userGroupProvider.
    This file allows for configuration of them, but they must be configured in order:

    ...
    all userGroupProviders
    all accessPolicyProviders
    all Authorizers
    ...
-->
<authorizers>

    <!--
        The FileUserGroupProvider will provide support for managing users and groups which is backed by a file
        on the local file system.

        - Users File - The file where the FileUserGroupProvider will store users and groups.

        - Legacy Authorized Users File - The full path to an existing authorized-users.xml that will be automatically
            be used to load the users and groups into the Users File.

        - Initial User Identity [unique key] - The identity of a users and systems to seed the Users File. The name of
            each property must be unique, for example: "Initial User Identity A", "Initial User Identity B",
            "Initial User Identity C" or "Initial User Identity 1", "Initial User Identity 2", "Initial User Identity 3"

            NOTE: Any identity mapping rules specified in nifi.properties will also be applied to the user identities,
            so the values should be the unmapped identities (i.e. full DN from a certificate).
    -->
    <!--
    <userGroupProvider>
        <identifier>file-user-group-provider</identifier>
        <class>org.apache.nifi.authorization.FileUserGroupProvider</class>
        <property name="Users File">./conf/users.xml</property>
        <property name="Legacy Authorized Users File"></property>

        <property name="Initial User Identity 1"></property>
    </userGroupProvider>
    -->

    <!--
        The LdapUserGroupProvider will retrieve users and groups from an LDAP server. The users and groups
        are not configurable.

        'Authentication Strategy' - How the connection to the LDAP server is authenticated. Possible
            values are ANONYMOUS, SIMPLE, LDAPS, or START_TLS.

        'Manager DN' - The DN of the manager that is used to bind to the LDAP server to search for users.
        'Manager Password' - The password of the manager that is used to bind to the LDAP server to
            search for users.

        'TLS - Keystore' - Path to the Keystore that is used when connecting to LDAP using LDAPS or START_TLS.
        'TLS - Keystore Password' - Password for the Keystore that is used when connecting to LDAP
            using LDAPS or START_TLS.
        'TLS - Keystore Type' - Type of the Keystore that is used when connecting to LDAP using
            LDAPS or START_TLS (i.e. JKS or PKCS12).
        'TLS - Truststore' - Path to the Truststore that is used when connecting to LDAP using LDAPS or START_TLS.
        'TLS - Truststore Password' - Password for the Truststore that is used when connecting to
            LDAP using LDAPS or START_TLS.
        'TLS - Truststore Type' - Type of the Truststore that is used when connecting to LDAP using
            LDAPS or START_TLS (i.e. JKS or PKCS12).
        'TLS - Client Auth' - Client authentication policy when connecting to LDAP using LDAPS or START_TLS.
            Possible values are REQUIRED, WANT, NONE.
        'TLS - Protocol' - Protocol to use when connecting to LDAP using LDAPS or START_TLS. (i.e. TLS,
            TLSv1.1, TLSv1.2, etc).
        'TLS - Shutdown Gracefully' - Specifies whether the TLS should be shut down gracefully
            before the target context is closed. Defaults to false.

        'Referral Strategy' - Strategy for handling referrals. Possible values are FOLLOW, IGNORE, THROW.
        'Connect Timeout' - Duration of connect timeout. (i.e. 10 secs).
        'Read Timeout' - Duration of read timeout. (i.e. 10 secs).

        'Url' - Space-separated list of URLs of the LDAP servers (i.e. ldap://<hostname>:<port>).
        'Page Size' - Sets the page size when retrieving users and groups. If not specified, no paging is performed.
        'Sync Interval' - Duration of time between syncing users and groups (i.e. 30 mins). Minimum allowable value is 10 secs.

        'User Search Base' - Base DN for searching for users (i.e. ou=users,o=nifi). Required to search users.
        'User Object Class' - Object class for identifying users (i.e. person). Required if searching users.
        'User Search Scope' - Search scope for searching users (ONE_LEVEL, OBJECT, or SUBTREE). Required if searching users.
        'User Search Filter' - Filter for searching for users against the 'User Search Base' (i.e. (memberof=cn=team1,ou=groups,o=nifi) ). Optional.
        'User Identity Attribute' - Attribute to use to extract user identity (i.e. cn). Optional. If not set, the entire DN is used.
        'User Group Name Attribute' - Attribute to use to define group membership (i.e. memberof). Optional. If not set
            group membership will not be calculated through the users. Will rely on group membership being defined
            through 'Group Member Attribute' if set. The value of this property is the name of the attribute in the user ldap entry that
            associates them with a group. The value of that user attribute could be a dn or group name for instance. What value is expected
            is configured in the 'User Group Name Attribute - Referenced Group Attribute'.
        'User Group Name Attribute - Referenced Group Attribute' - If blank, the value of the attribute defined in 'User Group Name Attribute'
            is expected to be the full dn of the group. If not blank, this property will define the attribute of the group ldap entry that
            the value of the attribute defined in 'User Group Name Attribute' is referencing (i.e. name). Use of this property requires that
            'Group Search Base' is also configured.

        'Group Search Base' - Base DN for searching for groups (i.e. ou=groups,o=nifi). Required to search groups.
        'Group Object Class' - Object class for identifying groups (i.e. groupOfNames). Required if searching groups.
        'Group Search Scope' - Search scope for searching groups (ONE_LEVEL, OBJECT, or SUBTREE). Required if searching groups.
        'Group Search Filter' - Filter for searching for groups against the 'Group Search Base'. Optional.
        'Group Name Attribute' - Attribute to use to extract group name (i.e. cn). Optional. If not set, the entire DN is used.
        'Group Member Attribute' - Attribute to use to define group membership (i.e. member). Optional. If not set
            group membership will not be calculated through the groups. Will rely on group membership being defined
            through 'User Group Name Attribute' if set. The value of this property is the name of the attribute in the group ldap entry that
            associates them with a user. The value of that group attribute could be a dn or memberUid for instance. What value is expected
            is configured in the 'Group Member Attribute - Referenced User Attribute'. (i.e. member: cn=User 1,ou=users,o=nifi vs. memberUid: user1)
        'Group Member Attribute - Referenced User Attribute' - If blank, the value of the attribute defined in 'Group Member Attribute'
            is expected to be the full dn of the user. If not blank, this property will define the attribute of the user ldap entry that
            the value of the attribute defined in 'Group Member Attribute' is referencing (i.e. uid). Use of this property requires that
            'User Search Base' is also configured. (i.e. member: cn=User 1,ou=users,o=nifi vs. memberUid: user1)

        NOTE: Any identity mapping rules specified in nifi.properties will also be applied to the user identities.
            Group names are not mapped.
    -->
    <userGroupProvider>
        <identifier>ldap-user-group-provider</identifier>
        <class>org.apache.nifi.ldap.tenants.LdapUserGroupProvider</class>
        <property name="Authentication Strategy">START_TLS</property>

        <property name="Manager DN">someuser</property>
        <property name="Manager Password">thisIsABadPassword</property>

        <property name="TLS - Keystore"></property>
        <property name="TLS - Keystore Password">thisIsABadPassword</property>
        <property name="TLS - Keystore Type"></property>
        <property name="TLS - Truststore"></property>
        <property name="TLS - Truststore Password">thisIsABadPassword</property>
        <property name="TLS - Truststore Type"></property>
        <property name="TLS - Client Auth"></property>
        <property name="TLS - Protocol"></property>
        <property name="TLS - Shutdown Gracefully"></property>

        <property name="Referral Strategy">FOLLOW</property>
        <property name="Connect Timeout">10 secs</property>
        <property name="Read Timeout">10 secs</property>

        <property name="Url"></property>
        <property name="Page Size"></property>
        <property name="Sync Interval">30 mins</property>

        <property name="User Search Base"></property>
        <property name="User Object Class">person</property>
        <property name="User Search Scope">ONE_LEVEL</property>
        <property name="User Search Filter">(&amp; (objectCategory=Person)(sAMAccountName=*)(!(UserAccountControl:1.2.840.113556.1.4.803:=2))(!(sAMAccountName=$*)))</property>
        <property name="User Identity Attribute"></property>
        <property name="User Group Name Attribute"></property>
        <property name="User Group Name Attribute - Referenced Group Attribute"></property>

        <property name="Group Search Base"></property>
        <property name="Group Object Class">group</property>
        <property name="Group Search Scope">ONE_LEVEL</property>
        <property name="Group Search Filter">(&amp; (objectCategory=Person)(sAMAccountName=*)(!(UserAccountControl:1.2.840.113556.1.4.803:=2))(!(sAMAccountName=$*)))</property>
        <property name="Group Name Attribute"></property>
        <property name="Group Member Attribute"></property>
        <property name="Group Member Attribute - Referenced User Attribute"></property>
    </userGroupProvider>

    <!--
        The CompositeUserGroupProvider will provide support for retrieving users and groups from multiple sources.

        - User Group Provider [unique key] - The identifier of user group providers to load from. The name of
            each property must be unique, for example: "User Group Provider A", "User Group Provider B",
            "User Group Provider C" or "User Group Provider 1", "User Group Provider 2", "User Group Provider 3"

            NOTE: Any identity mapping rules specified in nifi.properties are not applied in this implementation. This behavior
            would need to be applied by the base implementation.
    -->
    <!-- To enable the composite-user-group-provider remove 2 lines. This is 1 of 2.
    <userGroupProvider>
        <identifier>composite-user-group-provider</identifier>
        <class>org.apache.nifi.authorization.CompositeUserGroupProvider</class>
        <property name="User Group Provider 1"></property>
    </userGroupProvider>
    To enable the composite-user-group-provider remove 2 lines. This is 2 of 2. -->

    <!--
        The CompositeConfigurableUserGroupProvider will provide support for retrieving users and groups from multiple sources.
        Additionally, a single configurable user group provider is required. Users from the configurable user group provider
        are configurable, however users loaded from one of the User Group Provider [unique key] will not be.

        - Configurable User Group Provider - A configurable user group provider.

        - User Group Provider [unique key] - The identifier of user group providers to load from. The name of
            each property must be unique, for example: "User Group Provider A", "User Group Provider B",
            "User Group Provider C" or "User Group Provider 1", "User Group Provider 2", "User Group Provider 3"

            NOTE: Any identity mapping rules specified in nifi.properties are not applied in this implementation. This behavior
            would need to be applied by the base implementation.
    -->
    <!-- To enable the composite-configurable-user-group-provider remove 2 lines. This is 1 of 2.
    <userGroupProvider>
        <identifier>composite-configurable-user-group-provider</identifier>
        <class>org.apache.nifi.authorization.CompositeConfigurableUserGroupProvider</class>
        <property name="Configurable User Group Provider">file-user-group-provider</property>
        <property name="User Group Provider 1"></property>
    </userGroupProvider>
    To enable the composite-configurable-user-group-provider remove 2 lines. This is 2 of 2. -->

    <!--
        The FileAccessPolicyProvider will provide support for managing access policies which is backed by a file
        on the local file system.

        - User Group Provider - The identifier for an User Group Provider defined above that will be used to access
            users and groups for use in the managed access policies.

        - Authorizations File - The file where the FileAccessPolicyProvider will store policies.

        - Initial Admin Identity - The identity of an initial admin user that will be granted access to the UI and
            given the ability to create additional users, groups, and policies. The value of this property could be
            a DN when using certificates or LDAP, or a Kerberos principal. This property will only be used when there
            are no other policies defined. If this property is specified then a Legacy Authorized Users File can not be specified.

            NOTE: Any identity mapping rules specified in nifi.properties will also be applied to the initial admin identity,
            so the value should be the unmapped identity. This identity must be found in the configured User Group Provider.

        - Legacy Authorized Users File - The full path to an existing authorized-users.xml that will be automatically
            converted to the new authorizations model. If this property is specified then an Initial Admin Identity can
            not be specified, and this property will only be used when there are no other users, groups, and policies defined.

            NOTE: Any users in the legacy users file must be found in the configured User Group Provider.

        - Node Identity [unique key] - The identity of a NiFi cluster node. When clustered, a property for each node
            should be defined, so that every node knows about every other node. If not clustered these properties can be ignored.
            The name of each property must be unique, for example for a three node cluster:
            "Node Identity A", "Node Identity B", "Node Identity C" or "Node Identity 1", "Node Identity 2", "Node Identity 3"

            NOTE: Any identity mapping rules specified in nifi.properties will also be applied to the node identities,
            so the values should be the unmapped identities (i.e. full DN from a certificate). This identity must be found
            in the configured User Group Provider.
    -->
    <accessPolicyProvider>
        <identifier>file-access-policy-provider</identifier>
        <class>org.apache.nifi.authorization.FileAccessPolicyProvider</class>
        <property name="User Group Provider">ldap-user-group-provider</property>
        <property name="Authorizations File">./conf/authorizations.xml</property>
        <property name="Initial Admin Identity"></property>
        <property name="Legacy Authorized Users File"></property>

        <property name="Node Identity 1"></property>
    </accessPolicyProvider>

    <!--
        The StandardManagedAuthorizer. This authorizer implementation must be configured with the
        Access Policy Provider which it will use to access and manage users, groups, and policies.
        These users, groups, and policies will be used to make all access decisions during authorization
        requests.

        - Access Policy Provider - The identifier for an Access Policy Provider defined above.
    -->
    <authorizer>
        <identifier>managed-authorizer</identifier>
        <class>org.apache.nifi.authorization.StandardManagedAuthorizer</class>
        <property name="Access Policy Provider">file-access-policy-provider</property>
    </authorizer>

    <!--
        NOTE: This Authorizer has been replaced with the more granular approach configured above with the Standard
        Managed Authorizer. However, it is still available for backwards compatibility reasons.

        The FileAuthorizer is NiFi's provided authorizer and has the following properties:

        - Authorizations File - The file where the FileAuthorizer will store policies.

        - Users File - The file where the FileAuthorizer will store users and groups.

        - Initial Admin Identity - The identity of an initial admin user that will be granted access to the UI and
            given the ability to create additional users, groups, and policies. The value of this property could be
            a DN when using certificates or LDAP, or a Kerberos principal. This property will only be used when there
            are no other users, groups, and policies defined. If this property is specified then a Legacy Authorized
            Users File can not be specified.

            NOTE: Any identity mapping rules specified in nifi.properties will also be applied to the initial admin identity,
            so the value should be the unmapped identity.

        - Legacy Authorized Users File - The full path to an existing authorized-users.xml that will be automatically
            converted to the new authorizations model. If this property is specified then an Initial Admin Identity can
            not be specified, and this property will only be used when there are no other users, groups, and policies defined.

        - Node Identity [unique key] - The identity of a NiFi cluster node. When clustered, a property for each node
            should be defined, so that every node knows about every other node. If not clustered these properties can be ignored.
            The name of each property must be unique, for example for a three node cluster:
            "Node Identity A", "Node Identity B", "Node Identity C" or "Node Identity 1", "Node Identity 2", "Node Identity 3"

            NOTE: Any identity mapping rules specified in nifi.properties will also be applied to the node identities,
            so the values should be the unmapped identities (i.e. full DN from a certificate).
    -->
    <!-- <authorizer>
        <identifier>file-provider</identifier>
        <class>org.apache.nifi.authorization.FileAuthorizer</class>
        <property name="Authorizations File">./conf/authorizations.xml</property>
        <property name="Users File">./conf/users.xml</property>
        <property name="Initial Admin Identity"></property>
        <property name="Legacy Authorized Users File"></property>

        <property name="Node Identity 1"></property>
    </authorizer>
    -->
</authorizers>
[main] INFO org.apache.nifi.properties.ConfigEncryptionToolTest - Serialized lines: 
<?xml version="1.0" encoding="UTF-8" standalone="yes"?>
<!--
  Licensed to the Apache Software Foundation (ASF) under one or more
  contributor license agreements.  See the NOTICE file distributed with
  this work for additional information regarding copyright ownership.
  The ASF licenses this file to You under the Apache License, Version 2.0
  (the "License"); you may not use this file except in compliance with
  the License.  You may obtain a copy of the License at
      http://www.apache.org/licenses/LICENSE-2.0
  Unless required by applicable law or agreed to in writing, software
  distributed under the License is distributed on an "AS IS" BASIS,
  WITHOUT WARRANTIES OR CONDITIONS OF ANY KIND, either express or implied.
  See the License for the specific language governing permissions and
  limitations under the License.
-->
<!--
    This file lists the userGroupProviders, accessPolicyProviders, and authorizers to use when running securely. In order
    to use a specific authorizer it must be configured here and it's identifier must be specified in the nifi.properties file.
    If the authorizer is a managedAuthorizer, it may need to be configured with an accessPolicyProvider and an userGroupProvider.
    This file allows for configuration of them, but they must be configured in order:

    ...
    all userGroupProviders
    all accessPolicyProviders
    all Authorizers
    ...
-->
<authorizers>

    <!--
        The FileUserGroupProvider will provide support for managing users and groups which is backed by a file
        on the local file system.

        - Users File - The file where the FileUserGroupProvider will store users and groups.

        - Legacy Authorized Users File - The full path to an existing authorized-users.xml that will be automatically
            be used to load the users and groups into the Users File.

        - Initial User Identity [unique key] - The identity of a users and systems to seed the Users File. The name of
            each property must be unique, for example: "Initial User Identity A", "Initial User Identity B",
            "Initial User Identity C" or "Initial User Identity 1", "Initial User Identity 2", "Initial User Identity 3"

            NOTE: Any identity mapping rules specified in nifi.properties will also be applied to the user identities,
            so the values should be the unmapped identities (i.e. full DN from a certificate).
    -->
    <!--
    <userGroupProvider>
        <identifier>file-user-group-provider</identifier>
        <class>org.apache.nifi.authorization.FileUserGroupProvider</class>
        <property name="Users File">./conf/users.xml</property>
        <property name="Legacy Authorized Users File"></property>

        <property name="Initial User Identity 1"></property>
    </userGroupProvider>
    -->

    <!--
        The LdapUserGroupProvider will retrieve users and groups from an LDAP server. The users and groups
        are not configurable.

        'Authentication Strategy' - How the connection to the LDAP server is authenticated. Possible
            values are ANONYMOUS, SIMPLE, LDAPS, or START_TLS.

        'Manager DN' - The DN of the manager that is used to bind to the LDAP server to search for users.
        'Manager Password' - The password of the manager that is used to bind to the LDAP server to
            search for users.

        'TLS - Keystore' - Path to the Keystore that is used when connecting to LDAP using LDAPS or START_TLS.
        'TLS - Keystore Password' - Password for the Keystore that is used when connecting to LDAP
            using LDAPS or START_TLS.
        'TLS - Keystore Type' - Type of the Keystore that is used when connecting to LDAP using
            LDAPS or START_TLS (i.e. JKS or PKCS12).
        'TLS - Truststore' - Path to the Truststore that is used when connecting to LDAP using LDAPS or START_TLS.
        'TLS - Truststore Password' - Password for the Truststore that is used when connecting to
            LDAP using LDAPS or START_TLS.
        'TLS - Truststore Type' - Type of the Truststore that is used when connecting to LDAP using
            LDAPS or START_TLS (i.e. JKS or PKCS12).
        'TLS - Client Auth' - Client authentication policy when connecting to LDAP using LDAPS or START_TLS.
            Possible values are REQUIRED, WANT, NONE.
        'TLS - Protocol' - Protocol to use when connecting to LDAP using LDAPS or START_TLS. (i.e. TLS,
            TLSv1.1, TLSv1.2, etc).
        'TLS - Shutdown Gracefully' - Specifies whether the TLS should be shut down gracefully
            before the target context is closed. Defaults to false.

        'Referral Strategy' - Strategy for handling referrals. Possible values are FOLLOW, IGNORE, THROW.
        'Connect Timeout' - Duration of connect timeout. (i.e. 10 secs).
        'Read Timeout' - Duration of read timeout. (i.e. 10 secs).

        'Url' - Space-separated list of URLs of the LDAP servers (i.e. ldap://<hostname>:<port>).
        'Page Size' - Sets the page size when retrieving users and groups. If not specified, no paging is performed.
        'Sync Interval' - Duration of time between syncing users and groups (i.e. 30 mins). Minimum allowable value is 10 secs.

        'User Search Base' - Base DN for searching for users (i.e. ou=users,o=nifi). Required to search users.
        'User Object Class' - Object class for identifying users (i.e. person). Required if searching users.
        'User Search Scope' - Search scope for searching users (ONE_LEVEL, OBJECT, or SUBTREE). Required if searching users.
        'User Search Filter' - Filter for searching for users against the 'User Search Base' (i.e. (memberof=cn=team1,ou=groups,o=nifi) ). Optional.
        'User Identity Attribute' - Attribute to use to extract user identity (i.e. cn). Optional. If not set, the entire DN is used.
        'User Group Name Attribute' - Attribute to use to define group membership (i.e. memberof). Optional. If not set
            group membership will not be calculated through the users. Will rely on group membership being defined
            through 'Group Member Attribute' if set. The value of this property is the name of the attribute in the user ldap entry that
            associates them with a group. The value of that user attribute could be a dn or group name for instance. What value is expected
            is configured in the 'User Group Name Attribute - Referenced Group Attribute'.
        'User Group Name Attribute - Referenced Group Attribute' - If blank, the value of the attribute defined in 'User Group Name Attribute'
            is expected to be the full dn of the group. If not blank, this property will define the attribute of the group ldap entry that
            the value of the attribute defined in 'User Group Name Attribute' is referencing (i.e. name). Use of this property requires that
            'Group Search Base' is also configured.

        'Group Search Base' - Base DN for searching for groups (i.e. ou=groups,o=nifi). Required to search groups.
        'Group Object Class' - Object class for identifying groups (i.e. groupOfNames). Required if searching groups.
        'Group Search Scope' - Search scope for searching groups (ONE_LEVEL, OBJECT, or SUBTREE). Required if searching groups.
        'Group Search Filter' - Filter for searching for groups against the 'Group Search Base'. Optional.
        'Group Name Attribute' - Attribute to use to extract group name (i.e. cn). Optional. If not set, the entire DN is used.
        'Group Member Attribute' - Attribute to use to define group membership (i.e. member). Optional. If not set
            group membership will not be calculated through the groups. Will rely on group membership being defined
            through 'User Group Name Attribute' if set. The value of this property is the name of the attribute in the group ldap entry that
            associates them with a user. The value of that group attribute could be a dn or memberUid for instance. What value is expected
            is configured in the 'Group Member Attribute - Referenced User Attribute'. (i.e. member: cn=User 1,ou=users,o=nifi vs. memberUid: user1)
        'Group Member Attribute - Referenced User Attribute' - If blank, the value of the attribute defined in 'Group Member Attribute'
            is expected to be the full dn of the user. If not blank, this property will define the attribute of the user ldap entry that
            the value of the attribute defined in 'Group Member Attribute' is referencing (i.e. uid). Use of this property requires that
            'User Search Base' is also configured. (i.e. member: cn=User 1,ou=users,o=nifi vs. memberUid: user1)

        NOTE: Any identity mapping rules specified in nifi.properties will also be applied to the user identities.
            Group names are not mapped.
    -->
    <userGroupProvider>
        <identifier>ldap-user-group-provider</identifier>
        <class>org.apache.nifi.ldap.tenants.LdapUserGroupProvider</class>
        <property name="Authentication Strategy">START_TLS</property>

        <property name="Manager DN">someuser</property>
        <property name="Manager Password">thisIsABadPassword</property>

        <property name="TLS - Keystore"/>
        <property name="TLS - Keystore Password">thisIsABadPassword</property>
        <property name="TLS - Keystore Type"/>
        <property name="TLS - Truststore"/>
        <property name="TLS - Truststore Password">thisIsABadPassword</property>
        <property name="TLS - Truststore Type"/>
        <property name="TLS - Client Auth"/>
        <property name="TLS - Protocol"/>
        <property name="TLS - Shutdown Gracefully"/>

        <property name="Referral Strategy">FOLLOW</property>
        <property name="Connect Timeout">10 secs</property>
        <property name="Read Timeout">10 secs</property>

        <property name="Url"/>
        <property name="Page Size"/>
        <property name="Sync Interval">30 mins</property>

        <property name="User Search Base"/>
        <property name="User Object Class">person</property>
        <property name="User Search Scope">ONE_LEVEL</property>
        <property name="User Search Filter">(&amp; (objectCategory=Person)(sAMAccountName=*)(!(UserAccountControl:1.2.840.113556.1.4.803:=2))(!(sAMAccountName=$*)))</property>
        <property name="User Identity Attribute"/>
        <property name="User Group Name Attribute"/>
        <property name="User Group Name Attribute - Referenced Group Attribute"/>

        <property name="Group Search Base"/>
        <property name="Group Object Class">group</property>
        <property name="Group Search Scope">ONE_LEVEL</property>
        <property name="Group Search Filter">(&amp; (objectCategory=Person)(sAMAccountName=*)(!(UserAccountControl:1.2.840.113556.1.4.803:=2))(!(sAMAccountName=$*)))</property>
        <property name="Group Name Attribute"/>
        <property name="Group Member Attribute"/>
        <property name="Group Member Attribute - Referenced User Attribute"/>
    </userGroupProvider>


    <!--
        The CompositeUserGroupProvider will provide support for retrieving users and groups from multiple sources.

        - User Group Provider [unique key] - The identifier of user group providers to load from. The name of
            each property must be unique, for example: "User Group Provider A", "User Group Provider B",
            "User Group Provider C" or "User Group Provider 1", "User Group Provider 2", "User Group Provider 3"

            NOTE: Any identity mapping rules specified in nifi.properties are not applied in this implementation. This behavior
            would need to be applied by the base implementation.
    -->
    <!-- To enable the composite-user-group-provider remove 2 lines. This is 1 of 2.
    <userGroupProvider>
        <identifier>composite-user-group-provider</identifier>
        <class>org.apache.nifi.authorization.CompositeUserGroupProvider</class>
        <property name="User Group Provider 1"></property>
    </userGroupProvider>
    To enable the composite-user-group-provider remove 2 lines. This is 2 of 2. -->

    <!--
        The CompositeConfigurableUserGroupProvider will provide support for retrieving users and groups from multiple sources.
        Additionally, a single configurable user group provider is required. Users from the configurable user group provider
        are configurable, however users loaded from one of the User Group Provider [unique key] will not be.

        - Configurable User Group Provider - A configurable user group provider.

        - User Group Provider [unique key] - The identifier of user group providers to load from. The name of
            each property must be unique, for example: "User Group Provider A", "User Group Provider B",
            "User Group Provider C" or "User Group Provider 1", "User Group Provider 2", "User Group Provider 3"

            NOTE: Any identity mapping rules specified in nifi.properties are not applied in this implementation. This behavior
            would need to be applied by the base implementation.
    -->
    <!-- To enable the composite-configurable-user-group-provider remove 2 lines. This is 1 of 2.
    <userGroupProvider>
        <identifier>composite-configurable-user-group-provider</identifier>
        <class>org.apache.nifi.authorization.CompositeConfigurableUserGroupProvider</class>
        <property name="Configurable User Group Provider">file-user-group-provider</property>
        <property name="User Group Provider 1"></property>
    </userGroupProvider>
    To enable the composite-configurable-user-group-provider remove 2 lines. This is 2 of 2. -->

    <!--
        The FileAccessPolicyProvider will provide support for managing access policies which is backed by a file
        on the local file system.

        - User Group Provider - The identifier for an User Group Provider defined above that will be used to access
            users and groups for use in the managed access policies.

        - Authorizations File - The file where the FileAccessPolicyProvider will store policies.

        - Initial Admin Identity - The identity of an initial admin user that will be granted access to the UI and
            given the ability to create additional users, groups, and policies. The value of this property could be
            a DN when using certificates or LDAP, or a Kerberos principal. This property will only be used when there
            are no other policies defined. If this property is specified then a Legacy Authorized Users File can not be specified.

            NOTE: Any identity mapping rules specified in nifi.properties will also be applied to the initial admin identity,
            so the value should be the unmapped identity. This identity must be found in the configured User Group Provider.

        - Legacy Authorized Users File - The full path to an existing authorized-users.xml that will be automatically
            converted to the new authorizations model. If this property is specified then an Initial Admin Identity can
            not be specified, and this property will only be used when there are no other users, groups, and policies defined.

            NOTE: Any users in the legacy users file must be found in the configured User Group Provider.

        - Node Identity [unique key] - The identity of a NiFi cluster node. When clustered, a property for each node
            should be defined, so that every node knows about every other node. If not clustered these properties can be ignored.
            The name of each property must be unique, for example for a three node cluster:
            "Node Identity A", "Node Identity B", "Node Identity C" or "Node Identity 1", "Node Identity 2", "Node Identity 3"

            NOTE: Any identity mapping rules specified in nifi.properties will also be applied to the node identities,
            so the values should be the unmapped identities (i.e. full DN from a certificate). This identity must be found
            in the configured User Group Provider.
    -->
    <accessPolicyProvider>
        <identifier>file-access-policy-provider</identifier>
        <class>org.apache.nifi.authorization.FileAccessPolicyProvider</class>
        <property name="User Group Provider">ldap-user-group-provider</property>
        <property name="Authorizations File">./conf/authorizations.xml</property>
        <property name="Initial Admin Identity"></property>
        <property name="Legacy Authorized Users File"></property>

        <property name="Node Identity 1"></property>
    </accessPolicyProvider>

    <!--
        The StandardManagedAuthorizer. This authorizer implementation must be configured with the
        Access Policy Provider which it will use to access and manage users, groups, and policies.
        These users, groups, and policies will be used to make all access decisions during authorization
        requests.

        - Access Policy Provider - The identifier for an Access Policy Provider defined above.
    -->
    <authorizer>
        <identifier>managed-authorizer</identifier>
        <class>org.apache.nifi.authorization.StandardManagedAuthorizer</class>
        <property name="Access Policy Provider">file-access-policy-provider</property>
    </authorizer>

    <!--
        NOTE: This Authorizer has been replaced with the more granular approach configured above with the Standard
        Managed Authorizer. However, it is still available for backwards compatibility reasons.

        The FileAuthorizer is NiFi's provided authorizer and has the following properties:

        - Authorizations File - The file where the FileAuthorizer will store policies.

        - Users File - The file where the FileAuthorizer will store users and groups.

        - Initial Admin Identity - The identity of an initial admin user that will be granted access to the UI and
            given the ability to create additional users, groups, and policies. The value of this property could be
            a DN when using certificates or LDAP, or a Kerberos principal. This property will only be used when there
            are no other users, groups, and policies defined. If this property is specified then a Legacy Authorized
            Users File can not be specified.

            NOTE: Any identity mapping rules specified in nifi.properties will also be applied to the initial admin identity,
            so the value should be the unmapped identity.

        - Legacy Authorized Users File - The full path to an existing authorized-users.xml that will be automatically
            converted to the new authorizations model. If this property is specified then an Initial Admin Identity can
            not be specified, and this property will only be used when there are no other users, groups, and policies defined.

        - Node Identity [unique key] - The identity of a NiFi cluster node. When clustered, a property for each node
            should be defined, so that every node knows about every other node. If not clustered these properties can be ignored.
            The name of each property must be unique, for example for a three node cluster:
            "Node Identity A", "Node Identity B", "Node Identity C" or "Node Identity 1", "Node Identity 2", "Node Identity 3"

            NOTE: Any identity mapping rules specified in nifi.properties will also be applied to the node identities,
            so the values should be the unmapped identities (i.e. full DN from a certificate).
    -->
    <!-- <authorizer>
        <identifier>file-provider</identifier>
        <class>org.apache.nifi.authorization.FileAuthorizer</class>
        <property name="Authorizations File">./conf/authorizations.xml</property>
        <property name="Users File">./conf/users.xml</property>
        <property name="Initial Admin Identity"></property>
        <property name="Legacy Authorized Users File"></property>

        <property name="Node Identity 1"></property>
    </authorizer>
    -->
</authorizers>
]]></system-err>
  </testcase>
  <testcase name="testTranslateCliWithEncryptedInputShouldNotIntersperseVerboseOutput" classname="org.apache.nifi.properties.ConfigEncryptionToolTest" time="0.043">
    <system-out><![CDATA[baseUrl=https://nifi.nifi.apache.org:8443
keystore=/path/to/keystore.jks
keystoreType=JKS
keystorePasswd=thisIsABadKeystorePassword
keyPasswd=thisIsABadKeyPassword
truststore=
truststoreType=
truststorePasswd=
proxiedEntity=
Tried to exit with status 0.

usage: org.apache.nifi.properties.ConfigEncryptionTool [-h] [-v] [-n <file>] [-o <file>] [-l <file>] [-i <file>] [-a <file>] [-u <file>] [-f <file>] [-g <file>]
       [-b <file>] [-S <protectionScheme>] [-k <keyhex>] [-e <keyhex>] [-H <protectionScheme>] [-p <password>] [-w <password>] [-r] [-m] [-x] [-s
       <password|keyhex>] [-A <algorithm>] [-P <algorithm>] [-c]

This tool reads from a nifi.properties and/or login-identity-providers.xml file with plain sensitive configuration values, prompts the user for a root key, and
encrypts each value. It will replace the plain value with the protected value in the same file (or write to a new file if specified). It can also be used to
migrate already-encrypted values in those files or in flow.xml.gz to be encrypted with a new key.

 -h,--help                                     Show usage information (this message)
 -v,--verbose                                  Sets verbose mode (default false)
 -n,--niFiProperties <file>                    The nifi.properties file containing unprotected config values (will be overwritten unless -o is specified)
 -o,--outputNiFiProperties <file>              The destination nifi.properties file containing protected config values (will not modify input nifi.properties)
 -l,--loginIdentityProviders <file>            The login-identity-providers.xml file containing unprotected config values (will be overwritten unless -i is
                                               specified)
 -i,--outputLoginIdentityProviders <file>      The destination login-identity-providers.xml file containing protected config values (will not modify input
                                               login-identity-providers.xml)
 -a,--authorizers <file>                       The authorizers.xml file containing unprotected config values (will be overwritten unless -u is specified)
 -u,--outputAuthorizers <file>                 The destination authorizers.xml file containing protected config values (will not modify input authorizers.xml)
 -f,--flowXml <file>                           The flow.xml.gz file currently protected with old password (will be overwritten unless -g is specified)
 -g,--outputFlowXml <file>                     The destination flow.xml.gz file containing protected config values (will not modify input flow.xml.gz)
 -b,--bootstrapConf <file>                     The bootstrap.conf file to persist root key and to optionally provide any configuration for the protection
                                               scheme.
 -S,--protectionScheme <protectionScheme>      Selects the protection scheme for encrypted properties.  Valid values are: [AES_GCM, AWS_SECRETSMANAGER, AWS_KMS,
                                               AZURE_KEYVAULT_KEY, AZURE_KEYVAULT_SECRET, GCP_KMS, HASHICORP_VAULT_KV, HASHICORP_VAULT_TRANSIT] (default is
                                               AES_GCM)
 -k,--key <keyhex>                             The raw hexadecimal key to use to encrypt the sensitive properties
 -e,--oldKey <keyhex>                          The old raw hexadecimal key to use during key migration
 -H,--oldProtectionScheme <protectionScheme>   The old protection scheme to use during encryption migration (see --protectionScheme for possible values).
                                               Default is AES_GCM
 -p,--password <password>                      The password from which to derive the key to use to encrypt the sensitive properties
 -w,--oldPassword <password>                   The old password from which to derive the key during migration
 -r,--useRawKey                                If provided, the secure console will prompt for the raw key value in hexadecimal form
 -m,--migrate                                  If provided, the nifi.properties and/or login-identity-providers.xml sensitive properties will be re-encrypted
                                               with the new scheme
 -x,--encryptFlowXmlOnly                       If provided, the properties in flow.xml.gz will be re-encrypted with a new key but the nifi.properties and/or
                                               login-identity-providers.xml files will not be modified
 -s,--propsKey <password|keyhex>               The password or key to use to encrypt the sensitive processor properties in flow.xml.gz
 -A,--newFlowAlgorithm <algorithm>             The algorithm to use to encrypt the sensitive processor properties in flow.xml.gz
 -P,--newFlowProvider <algorithm>              The security provider to use to encrypt the sensitive processor properties in flow.xml.gz
 -c,--translateCli                             Translates the nifi.properties file to a format suitable for the NiFi CLI tool

Java home: null
NiFi Toolkit home: null
]]></system-out>
    <system-err><![CDATA[[main] WARN org.apache.nifi.properties.AbstractBootstrapPropertiesLoader - System Property [nifi.properties.file.path] not found: Using Relative Path [conf/nifi.properties]
[main] INFO org.apache.nifi.properties.NiFiPropertiesLoader - Loaded 85 properties from /home/alex/Repositories/nifi/nifi-toolkit/nifi-toolkit-encrypt-config/src/test/resources/nifi_with_sensitive_properties_protected_aes.properties
[main] INFO org.apache.nifi.properties.ConfigEncryptionToolTest - Loaded 82 properties from input file
[main] INFO org.apache.nifi.properties.ConfigEncryptionToolTest - Original sensitive values: [nifi.security.keyPasswd:thisIsABadKeyPassword, nifi.security.keystorePasswd:thisIsABadKeystorePassword, nifi.security.truststorePasswd:, nifi.sensitive.props.key:thisIsABadSensitiveKeyPassword, nifi.provenance.repository.encryption.key:null, nifi.provenance.repository.encryption.key.provider.password:null, nifi.flowfile.repository.encryption.key.provider.password:null, nifi.content.repository.encryption.key.provider.password:null, nifi.repository.encryption.key.provider.keystore.password:null]
[main] INFO org.apache.nifi.properties.ConfigEncryptionTool - Handling encryption of nifi.properties
[main] WARN org.apache.nifi.properties.ConfigEncryptionTool - The source nifi.properties and destination nifi.properties are identical [src/test/resources/nifi_with_sensitive_properties_protected_aes.properties] so the original will be overwritten
[main] INFO org.apache.nifi.properties.NiFiPropertiesLoader - Loaded 85 properties from /home/alex/Repositories/nifi/nifi-toolkit/nifi-toolkit-encrypt-config/src/test/resources/nifi_with_sensitive_properties_protected_aes.properties
[main] INFO org.apache.nifi.properties.ConfigEncryptionTool - Loaded NiFiProperties instance with 82 properties
[main] ERROR org.apache.nifi.properties.ConfigEncryptionTool - Encountered an error
org.junit.contrib.java.lang.system.internal.CheckExitCalled: Tried to exit with status 0.
	at org.junit.contrib.java.lang.system.internal.NoExitSecurityManager.checkExit(NoExitSecurityManager.java:24)
	at java.lang.Runtime.exit(Runtime.java:101)
	at java.lang.System.exit(System.java:987)
	at java_lang_System$exit$1.call(Unknown Source)
	at org.apache.nifi.properties.ConfigEncryptionTool.main(ConfigEncryptionTool.groovy:1374)
	at org.apache.nifi.properties.ConfigEncryptionTool$main.call(Unknown Source)
	at org.codehaus.groovy.runtime.callsite.CallSiteArray.defaultCall(CallSiteArray.java:47)
	at org.codehaus.groovy.runtime.callsite.AbstractCallSite.call(AbstractCallSite.java:115)
	at org.codehaus.groovy.runtime.callsite.AbstractCallSite.call(AbstractCallSite.java:127)
	at org.apache.nifi.properties.ConfigEncryptionToolTest.testTranslateCliWithEncryptedInputShouldNotIntersperseVerboseOutput(ConfigEncryptionToolTest.groovy:4624)
	at sun.reflect.NativeMethodAccessorImpl.invoke0(Native Method)
	at sun.reflect.NativeMethodAccessorImpl.invoke(NativeMethodAccessorImpl.java:62)
	at sun.reflect.DelegatingMethodAccessorImpl.invoke(DelegatingMethodAccessorImpl.java:43)
	at java.lang.reflect.Method.invoke(Method.java:498)
	at org.junit.runners.model.FrameworkMethod$1.runReflectiveCall(FrameworkMethod.java:59)
	at org.junit.internal.runners.model.ReflectiveCallable.run(ReflectiveCallable.java:12)
	at org.junit.runners.model.FrameworkMethod.invokeExplosively(FrameworkMethod.java:56)
	at org.junit.internal.runners.statements.InvokeMethod.evaluate(InvokeMethod.java:17)
	at org.junit.internal.runners.statements.RunAfters.evaluate(RunAfters.java:27)
	at org.junit.contrib.java.lang.system.ExpectedSystemExit$1.evaluate(ExpectedSystemExit.java:130)
	at org.junit.rules.ExternalResource$1.evaluate(ExternalResource.java:54)
	at org.junit.contrib.java.lang.system.internal.LogPrintStream$1$1.evaluate(LogPrintStream.java:30)
	at org.junit.contrib.java.lang.system.internal.PrintStreamHandler$3.evaluate(PrintStreamHandler.java:48)
	at org.junit.contrib.java.lang.system.internal.LogPrintStream$1.evaluate(LogPrintStream.java:26)
	at org.junit.contrib.java.lang.system.internal.LogPrintStream$1$1.evaluate(LogPrintStream.java:30)
	at org.junit.contrib.java.lang.system.internal.PrintStreamHandler$3.evaluate(PrintStreamHandler.java:48)
	at org.junit.contrib.java.lang.system.internal.LogPrintStream$1.evaluate(LogPrintStream.java:26)
	at org.junit.runners.ParentRunner$3.evaluate(ParentRunner.java:306)
	at org.junit.runners.BlockJUnit4ClassRunner$1.evaluate(BlockJUnit4ClassRunner.java:100)
	at org.junit.runners.ParentRunner.runLeaf(ParentRunner.java:366)
	at org.junit.runners.BlockJUnit4ClassRunner.runChild(BlockJUnit4ClassRunner.java:103)
	at org.junit.runners.BlockJUnit4ClassRunner.runChild(BlockJUnit4ClassRunner.java:63)
	at org.junit.runners.ParentRunner$4.run(ParentRunner.java:331)
	at org.junit.runners.ParentRunner$1.schedule(ParentRunner.java:79)
	at org.junit.runners.ParentRunner.runChildren(ParentRunner.java:329)
	at org.junit.runners.ParentRunner.access$100(ParentRunner.java:66)
	at org.junit.runners.ParentRunner$2.evaluate(ParentRunner.java:293)
	at org.junit.internal.runners.statements.RunBefores.evaluate(RunBefores.java:26)
	at org.junit.internal.runners.statements.RunAfters.evaluate(RunAfters.java:27)
	at org.junit.runners.ParentRunner$3.evaluate(ParentRunner.java:306)
	at org.junit.runners.ParentRunner.run(ParentRunner.java:413)
	at org.junit.runner.JUnitCore.run(JUnitCore.java:137)
	at org.junit.runner.JUnitCore.run(JUnitCore.java:115)
	at org.junit.vintage.engine.execution.RunnerExecutor.execute(RunnerExecutor.java:43)
	at java.util.stream.ForEachOps$ForEachOp$OfRef.accept(ForEachOps.java:183)
	at java.util.stream.ReferencePipeline$3$1.accept(ReferencePipeline.java:193)
	at java.util.Iterator.forEachRemaining(Iterator.java:116)
	at java.util.Spliterators$IteratorSpliterator.forEachRemaining(Spliterators.java:1801)
	at java.util.stream.AbstractPipeline.copyInto(AbstractPipeline.java:482)
	at java.util.stream.AbstractPipeline.wrapAndCopyInto(AbstractPipeline.java:472)
	at java.util.stream.ForEachOps$ForEachOp.evaluateSequential(ForEachOps.java:150)
	at java.util.stream.ForEachOps$ForEachOp$OfRef.evaluateSequential(ForEachOps.java:173)
	at java.util.stream.AbstractPipeline.evaluate(AbstractPipeline.java:234)
	at java.util.stream.ReferencePipeline.forEach(ReferencePipeline.java:485)
	at org.junit.vintage.engine.VintageTestEngine.executeAllChildren(VintageTestEngine.java:82)
	at org.junit.vintage.engine.VintageTestEngine.execute(VintageTestEngine.java:73)
	at org.junit.platform.launcher.core.EngineExecutionOrchestrator.execute(EngineExecutionOrchestrator.java:108)
	at org.junit.platform.launcher.core.EngineExecutionOrchestrator.execute(EngineExecutionOrchestrator.java:88)
	at org.junit.platform.launcher.core.EngineExecutionOrchestrator.lambda$execute$0(EngineExecutionOrchestrator.java:54)
	at org.junit.platform.launcher.core.EngineExecutionOrchestrator.withInterceptedStreams(EngineExecutionOrchestrator.java:67)
	at org.junit.platform.launcher.core.EngineExecutionOrchestrator.execute(EngineExecutionOrchestrator.java:52)
	at org.junit.platform.launcher.core.DefaultLauncher.execute(DefaultLauncher.java:96)
	at org.junit.platform.launcher.core.DefaultLauncher.execute(DefaultLauncher.java:75)
	at org.apache.maven.surefire.junitplatform.JUnitPlatformProvider.execute(JUnitPlatformProvider.java:188)
	at org.apache.maven.surefire.junitplatform.JUnitPlatformProvider.invokeAllTests(JUnitPlatformProvider.java:154)
	at org.apache.maven.surefire.junitplatform.JUnitPlatformProvider.invoke(JUnitPlatformProvider.java:128)
	at org.apache.maven.surefire.booter.ForkedBooter.runSuitesInProcess(ForkedBooter.java:428)
	at org.apache.maven.surefire.booter.ForkedBooter.execute(ForkedBooter.java:162)
	at org.apache.maven.surefire.booter.ForkedBooter.run(ForkedBooter.java:562)
	at org.apache.maven.surefire.booter.ForkedBooter.main(ForkedBooter.java:548)
[main] INFO org.apache.nifi.properties.ConfigEncryptionToolTest - STDOUT:
	baseUrl=https://nifi.nifi.apache.org:8443
	keystore=/path/to/keystore.jks
	keystoreType=JKS
	keystorePasswd=thisIsABadKeystorePassword
	keyPasswd=thisIsABadKeyPassword
	truststore=
	truststoreType=
	truststorePasswd=
	proxiedEntity=
]]></system-err>
  </testcase>
  <testcase name="testShouldHandleKeyAndPasswordFlag" classname="org.apache.nifi.properties.ConfigEncryptionToolTest" time="0.008">
    <system-out><![CDATA[Only one of '-p'/'--password' and '-k'/'--key' can be used

usage: org.apache.nifi.properties.ConfigEncryptionTool [-h] [-v] [-n <file>] [-o <file>] [-l <file>] [-i <file>] [-a <file>] [-u <file>] [-f <file>] [-g <file>]
       [-b <file>] [-S <protectionScheme>] [-k <keyhex>] [-e <keyhex>] [-H <protectionScheme>] [-p <password>] [-w <password>] [-r] [-m] [-x] [-s
       <password|keyhex>] [-A <algorithm>] [-P <algorithm>] [-c]

This tool reads from a nifi.properties and/or login-identity-providers.xml file with plain sensitive configuration values, prompts the user for a root key, and
encrypts each value. It will replace the plain value with the protected value in the same file (or write to a new file if specified). It can also be used to
migrate already-encrypted values in those files or in flow.xml.gz to be encrypted with a new key.

 -h,--help                                     Show usage information (this message)
 -v,--verbose                                  Sets verbose mode (default false)
 -n,--niFiProperties <file>                    The nifi.properties file containing unprotected config values (will be overwritten unless -o is specified)
 -o,--outputNiFiProperties <file>              The destination nifi.properties file containing protected config values (will not modify input nifi.properties)
 -l,--loginIdentityProviders <file>            The login-identity-providers.xml file containing unprotected config values (will be overwritten unless -i is
                                               specified)
 -i,--outputLoginIdentityProviders <file>      The destination login-identity-providers.xml file containing protected config values (will not modify input
                                               login-identity-providers.xml)
 -a,--authorizers <file>                       The authorizers.xml file containing unprotected config values (will be overwritten unless -u is specified)
 -u,--outputAuthorizers <file>                 The destination authorizers.xml file containing protected config values (will not modify input authorizers.xml)
 -f,--flowXml <file>                           The flow.xml.gz file currently protected with old password (will be overwritten unless -g is specified)
 -g,--outputFlowXml <file>                     The destination flow.xml.gz file containing protected config values (will not modify input flow.xml.gz)
 -b,--bootstrapConf <file>                     The bootstrap.conf file to persist root key and to optionally provide any configuration for the protection
                                               scheme.
 -S,--protectionScheme <protectionScheme>      Selects the protection scheme for encrypted properties.  Valid values are: [AES_GCM, AWS_SECRETSMANAGER, AWS_KMS,
                                               AZURE_KEYVAULT_KEY, AZURE_KEYVAULT_SECRET, GCP_KMS, HASHICORP_VAULT_KV, HASHICORP_VAULT_TRANSIT] (default is
                                               AES_GCM)
 -k,--key <keyhex>                             The raw hexadecimal key to use to encrypt the sensitive properties
 -e,--oldKey <keyhex>                          The old raw hexadecimal key to use during key migration
 -H,--oldProtectionScheme <protectionScheme>   The old protection scheme to use during encryption migration (see --protectionScheme for possible values).
                                               Default is AES_GCM
 -p,--password <password>                      The password from which to derive the key to use to encrypt the sensitive properties
 -w,--oldPassword <password>                   The old password from which to derive the key during migration
 -r,--useRawKey                                If provided, the secure console will prompt for the raw key value in hexadecimal form
 -m,--migrate                                  If provided, the nifi.properties and/or login-identity-providers.xml sensitive properties will be re-encrypted
                                               with the new scheme
 -x,--encryptFlowXmlOnly                       If provided, the properties in flow.xml.gz will be re-encrypted with a new key but the nifi.properties and/or
                                               login-identity-providers.xml files will not be modified
 -s,--propsKey <password|keyhex>               The password or key to use to encrypt the sensitive processor properties in flow.xml.gz
 -A,--newFlowAlgorithm <algorithm>             The algorithm to use to encrypt the sensitive processor properties in flow.xml.gz
 -P,--newFlowProvider <algorithm>              The security provider to use to encrypt the sensitive processor properties in flow.xml.gz
 -c,--translateCli                             Translates the nifi.properties file to a format suitable for the NiFi CLI tool

Java home: null
NiFi Toolkit home: null
]]></system-out>
    <system-err><![CDATA[[main] INFO org.apache.nifi.properties.ConfigEncryptionToolTest - Using args: [-k, 0123456789ABCDEFFEDCBA98765432100123456789ABCDEFFEDCBA9876543210, -p, thisIsABadPassword, -n, ]
[main] WARN org.apache.nifi.properties.ConfigEncryptionTool - The source nifi.properties and destination nifi.properties are identical [] so the original will be overwritten
[main] INFO org.apache.nifi.properties.ConfigEncryptionToolTest - [EXPECTED] Only one of '-p'/'--password' and '-k'/'--key' can be used
]]></system-err>
  </testcase>
  <testcase name="testTranslateCliShouldFailIfMissingNecessaryFlags" classname="org.apache.nifi.properties.ConfigEncryptionToolTest" time="0.008">
    <system-out><![CDATA[When '-c'/'--translateCli' is specified, '-n'/'--niFiProperties' is required (and '-b'/'--bootstrapConf' is required if the properties are encrypted)

usage: org.apache.nifi.properties.ConfigEncryptionTool [-h] [-v] [-n <file>] [-o <file>] [-l <file>] [-i <file>] [-a <file>] [-u <file>] [-f <file>] [-g <file>]
       [-b <file>] [-S <protectionScheme>] [-k <keyhex>] [-e <keyhex>] [-H <protectionScheme>] [-p <password>] [-w <password>] [-r] [-m] [-x] [-s
       <password|keyhex>] [-A <algorithm>] [-P <algorithm>] [-c]

This tool reads from a nifi.properties and/or login-identity-providers.xml file with plain sensitive configuration values, prompts the user for a root key, and
encrypts each value. It will replace the plain value with the protected value in the same file (or write to a new file if specified). It can also be used to
migrate already-encrypted values in those files or in flow.xml.gz to be encrypted with a new key.

 -h,--help                                     Show usage information (this message)
 -v,--verbose                                  Sets verbose mode (default false)
 -n,--niFiProperties <file>                    The nifi.properties file containing unprotected config values (will be overwritten unless -o is specified)
 -o,--outputNiFiProperties <file>              The destination nifi.properties file containing protected config values (will not modify input nifi.properties)
 -l,--loginIdentityProviders <file>            The login-identity-providers.xml file containing unprotected config values (will be overwritten unless -i is
                                               specified)
 -i,--outputLoginIdentityProviders <file>      The destination login-identity-providers.xml file containing protected config values (will not modify input
                                               login-identity-providers.xml)
 -a,--authorizers <file>                       The authorizers.xml file containing unprotected config values (will be overwritten unless -u is specified)
 -u,--outputAuthorizers <file>                 The destination authorizers.xml file containing protected config values (will not modify input authorizers.xml)
 -f,--flowXml <file>                           The flow.xml.gz file currently protected with old password (will be overwritten unless -g is specified)
 -g,--outputFlowXml <file>                     The destination flow.xml.gz file containing protected config values (will not modify input flow.xml.gz)
 -b,--bootstrapConf <file>                     The bootstrap.conf file to persist root key and to optionally provide any configuration for the protection
                                               scheme.
 -S,--protectionScheme <protectionScheme>      Selects the protection scheme for encrypted properties.  Valid values are: [AES_GCM, AWS_SECRETSMANAGER, AWS_KMS,
                                               AZURE_KEYVAULT_KEY, AZURE_KEYVAULT_SECRET, GCP_KMS, HASHICORP_VAULT_KV, HASHICORP_VAULT_TRANSIT] (default is
                                               AES_GCM)
 -k,--key <keyhex>                             The raw hexadecimal key to use to encrypt the sensitive properties
 -e,--oldKey <keyhex>                          The old raw hexadecimal key to use during key migration
 -H,--oldProtectionScheme <protectionScheme>   The old protection scheme to use during encryption migration (see --protectionScheme for possible values).
                                               Default is AES_GCM
 -p,--password <password>                      The password from which to derive the key to use to encrypt the sensitive properties
 -w,--oldPassword <password>                   The old password from which to derive the key during migration
 -r,--useRawKey                                If provided, the secure console will prompt for the raw key value in hexadecimal form
 -m,--migrate                                  If provided, the nifi.properties and/or login-identity-providers.xml sensitive properties will be re-encrypted
                                               with the new scheme
 -x,--encryptFlowXmlOnly                       If provided, the properties in flow.xml.gz will be re-encrypted with a new key but the nifi.properties and/or
                                               login-identity-providers.xml files will not be modified
 -s,--propsKey <password|keyhex>               The password or key to use to encrypt the sensitive processor properties in flow.xml.gz
 -A,--newFlowAlgorithm <algorithm>             The algorithm to use to encrypt the sensitive processor properties in flow.xml.gz
 -P,--newFlowProvider <algorithm>              The security provider to use to encrypt the sensitive processor properties in flow.xml.gz
 -c,--translateCli                             Translates the nifi.properties file to a format suitable for the NiFi CLI tool

Java home: null
NiFi Toolkit home: null
]]></system-out>
    <system-err><![CDATA[[main] INFO org.apache.nifi.properties.ConfigEncryptionToolTest - Testing with [-b, bootstrap.conf, -c]
]]></system-err>
  </testcase>
  <testcase name="testSerializeLoginIdentityProvidersAndPreserveFormatShouldHandleCommentedFile" classname="org.apache.nifi.properties.ConfigEncryptionToolTest" time="0.029">
    <system-err><![CDATA[[main] INFO org.apache.nifi.properties.ConfigEncryptionToolTest - Read lines: 
<?xml version="1.0" encoding="UTF-8" standalone="yes"?>
<!--
  Licensed to the Apache Software Foundation (ASF) under one or more
  contributor license agreements.  See the NOTICE file distributed with
  this work for additional information regarding copyright ownership.
  The ASF licenses this file to You under the Apache License, Version 2.0
  (the "License"); you may not use this file except in compliance with
  the License.  You may obtain a copy of the License at
      http://www.apache.org/licenses/LICENSE-2.0
  Unless required by applicable law or agreed to in writing, software
  distributed under the License is distributed on an "AS IS" BASIS,
  WITHOUT WARRANTIES OR CONDITIONS OF ANY KIND, either express or implied.
  See the License for the specific language governing permissions and
  limitations under the License.
-->
<!--
    This file lists the login identity providers to use when running securely. In order
    to use a specific provider it must be configured here and it's identifier
    must be specified in the nifi.properties file.
-->
<loginIdentityProviders>
    <!--
        Identity Provider for users logging in with username/password against an LDAP server.
        
        'Authentication Strategy' - How the connection to the LDAP server is authenticated. Possible
            values are ANONYMOUS, SIMPLE, or START_TLS.
        
        'Manager DN' - The DN of the manager that is used to bind to the LDAP server to search for users.
        'Manager Password' - The password of the manager that is used to bind to the LDAP server to
            search for users.
            
        'TLS - Keystore' - Path to the Keystore that is used when connecting to LDAP using START_TLS.
        'TLS - Keystore Password' - Password for the Keystore that is used when connecting to LDAP
            using START_TLS.
        'TLS - Keystore Type' - Type of the Keystore that is used when connecting to LDAP using
            START_TLS (i.e. JKS or PKCS12).
        'TLS - Truststore' - Path to the Truststore that is used when connecting to LDAP using START_TLS.
        'TLS - Truststore Password' - Password for the Truststore that is used when connecting to
            LDAP using START_TLS.
        'TLS - Truststore Type' - Type of the Truststore that is used when connecting to LDAP using
            START_TLS (i.e. JKS or PKCS12).
        'TLS - Client Auth' - Client authentication policy when connecting to LDAP using START_TLS.
            Possible values are REQUIRED, WANT, NONE.
        'TLS - Protocol' - Protocol to use when connecting to LDAP using START_TLS. (i.e. TLS,
            TLSv1.1, TLSv1.2, etc).
        'TLS - Shutdown Gracefully' - Specifies whether the TLS should be shut down gracefully 
            before the target context is closed. Defaults to false.
            
        'Referral Strategy' - Strategy for handling referrals. Possible values are FOLLOW, IGNORE, THROW.
        'Connect Timeout' - Duration of connect timeout. (i.e. 10 secs).
        'Read Timeout' - Duration of read timeout. (i.e. 10 secs).
       
        'Url' - Url of the LDAP servier (i.e. ldap://<hostname>:<port>).
        'User Search Base' - Base DN for searching for users (i.e. CN=Users,DC=example,DC=com).
        'User Search Filter' - Filter for searching for users against the 'User Search Base'.
            (i.e. sAMAccountName={0}). The user specified name is inserted into '{0}'.
            
        'Authentication Expiration' - The duration of how long the user authentication is valid
            for. If the user never logs out, they will be required to log back in following
            this duration.
    -->
    <!-- To enable the ldap-provider remove 2 lines. This is 1 of 2. 
    <provider>
        <identifier>ldap-provider</identifier>
        <class>org.apache.nifi.ldap.LdapProvider</class>
        <property name="Authentication Strategy">START_TLS</property>

        <property name="Manager DN"></property>
        <property name="Manager Password"></property>

        <property name="TLS - Keystore"></property>
        <property name="TLS - Keystore Password"></property>
        <property name="TLS - Keystore Type"></property>
        <property name="TLS - Truststore"></property>
        <property name="TLS - Truststore Password"></property>
        <property name="TLS - Truststore Type"></property>
        <property name="TLS - Client Auth"></property>
        <property name="TLS - Protocol"></property>
        <property name="TLS - Shutdown Gracefully"></property>
        
        <property name="Referral Strategy">FOLLOW</property>
        <property name="Connect Timeout">10 secs</property>
        <property name="Read Timeout">10 secs</property>

        <property name="Url"></property>
        <property name="User Search Base"></property>
        <property name="User Search Filter"></property>

        <property name="Authentication Expiration">12 hours</property>
    </provider>
    To enable the ldap-provider remove 2 lines. This is 2 of 2. -->

    <!--
        Identity Provider for users logging in with username/password against a Kerberos KDC server.

        'Default Realm' - Default realm to provide when user enters incomplete user principal (i.e. NIFI.APACHE.ORG).
        'Authentication Expiration' - The duration of how long the user authentication is valid for. If the user never logs out, they will be required to log back in following this duration.
    -->
    <!-- To enable the kerberos-provider remove 2 lines. This is 1 of 2.
    <provider>
        <identifier>kerberos-provider</identifier>
        <class>org.apache.nifi.kerberos.KerberosProvider</class>
        <property name="Default Realm">NIFI.APACHE.ORG</property>
        <property name="Authentication Expiration">12 hours</property>
    </provider>
    To enable the kerberos-provider remove 2 lines. This is 2 of 2. -->
</loginIdentityProviders>
[main] INFO org.apache.nifi.properties.ConfigEncryptionTool - No unencrypted password property elements found in login-identity-providers.xml
[main] INFO org.apache.nifi.properties.ConfigEncryptionToolTest - Encrypted lines: 
<?xml version="1.0" encoding="UTF-8" standalone="yes"?>
<!--
  Licensed to the Apache Software Foundation (ASF) under one or more
  contributor license agreements.  See the NOTICE file distributed with
  this work for additional information regarding copyright ownership.
  The ASF licenses this file to You under the Apache License, Version 2.0
  (the "License"); you may not use this file except in compliance with
  the License.  You may obtain a copy of the License at
      http://www.apache.org/licenses/LICENSE-2.0
  Unless required by applicable law or agreed to in writing, software
  distributed under the License is distributed on an "AS IS" BASIS,
  WITHOUT WARRANTIES OR CONDITIONS OF ANY KIND, either express or implied.
  See the License for the specific language governing permissions and
  limitations under the License.
-->
<!--
    This file lists the login identity providers to use when running securely. In order
    to use a specific provider it must be configured here and it's identifier
    must be specified in the nifi.properties file.
-->
<loginIdentityProviders>
    <!--
        Identity Provider for users logging in with username/password against an LDAP server.
        
        'Authentication Strategy' - How the connection to the LDAP server is authenticated. Possible
            values are ANONYMOUS, SIMPLE, or START_TLS.
        
        'Manager DN' - The DN of the manager that is used to bind to the LDAP server to search for users.
        'Manager Password' - The password of the manager that is used to bind to the LDAP server to
            search for users.
            
        'TLS - Keystore' - Path to the Keystore that is used when connecting to LDAP using START_TLS.
        'TLS - Keystore Password' - Password for the Keystore that is used when connecting to LDAP
            using START_TLS.
        'TLS - Keystore Type' - Type of the Keystore that is used when connecting to LDAP using
            START_TLS (i.e. JKS or PKCS12).
        'TLS - Truststore' - Path to the Truststore that is used when connecting to LDAP using START_TLS.
        'TLS - Truststore Password' - Password for the Truststore that is used when connecting to
            LDAP using START_TLS.
        'TLS - Truststore Type' - Type of the Truststore that is used when connecting to LDAP using
            START_TLS (i.e. JKS or PKCS12).
        'TLS - Client Auth' - Client authentication policy when connecting to LDAP using START_TLS.
            Possible values are REQUIRED, WANT, NONE.
        'TLS - Protocol' - Protocol to use when connecting to LDAP using START_TLS. (i.e. TLS,
            TLSv1.1, TLSv1.2, etc).
        'TLS - Shutdown Gracefully' - Specifies whether the TLS should be shut down gracefully 
            before the target context is closed. Defaults to false.
            
        'Referral Strategy' - Strategy for handling referrals. Possible values are FOLLOW, IGNORE, THROW.
        'Connect Timeout' - Duration of connect timeout. (i.e. 10 secs).
        'Read Timeout' - Duration of read timeout. (i.e. 10 secs).
       
        'Url' - Url of the LDAP servier (i.e. ldap://<hostname>:<port>).
        'User Search Base' - Base DN for searching for users (i.e. CN=Users,DC=example,DC=com).
        'User Search Filter' - Filter for searching for users against the 'User Search Base'.
            (i.e. sAMAccountName={0}). The user specified name is inserted into '{0}'.
            
        'Authentication Expiration' - The duration of how long the user authentication is valid
            for. If the user never logs out, they will be required to log back in following
            this duration.
    -->
    <!-- To enable the ldap-provider remove 2 lines. This is 1 of 2. 
    <provider>
        <identifier>ldap-provider</identifier>
        <class>org.apache.nifi.ldap.LdapProvider</class>
        <property name="Authentication Strategy">START_TLS</property>

        <property name="Manager DN"></property>
        <property name="Manager Password"></property>

        <property name="TLS - Keystore"></property>
        <property name="TLS - Keystore Password"></property>
        <property name="TLS - Keystore Type"></property>
        <property name="TLS - Truststore"></property>
        <property name="TLS - Truststore Password"></property>
        <property name="TLS - Truststore Type"></property>
        <property name="TLS - Client Auth"></property>
        <property name="TLS - Protocol"></property>
        <property name="TLS - Shutdown Gracefully"></property>
        
        <property name="Referral Strategy">FOLLOW</property>
        <property name="Connect Timeout">10 secs</property>
        <property name="Read Timeout">10 secs</property>

        <property name="Url"></property>
        <property name="User Search Base"></property>
        <property name="User Search Filter"></property>

        <property name="Authentication Expiration">12 hours</property>
    </provider>
    To enable the ldap-provider remove 2 lines. This is 2 of 2. -->

    <!--
        Identity Provider for users logging in with username/password against a Kerberos KDC server.

        'Default Realm' - Default realm to provide when user enters incomplete user principal (i.e. NIFI.APACHE.ORG).
        'Authentication Expiration' - The duration of how long the user authentication is valid for. If the user never logs out, they will be required to log back in following this duration.
    -->
    <!-- To enable the kerberos-provider remove 2 lines. This is 1 of 2.
    <provider>
        <identifier>kerberos-provider</identifier>
        <class>org.apache.nifi.kerberos.KerberosProvider</class>
        <property name="Default Realm">NIFI.APACHE.ORG</property>
        <property name="Authentication Expiration">12 hours</property>
    </provider>
    To enable the kerberos-provider remove 2 lines. This is 2 of 2. -->
</loginIdentityProviders>
[main] ERROR org.apache.nifi.properties.ConfigEncryptionTool - No provider element with class org.apache.nifi.ldap.LdapProvider found in XML content; the file could be empty or the element may be missing or commented out
[main] INFO org.apache.nifi.properties.ConfigEncryptionToolTest - Serialized lines: 
<?xml version="1.0" encoding="UTF-8" standalone="yes"?>
<!--
  Licensed to the Apache Software Foundation (ASF) under one or more
  contributor license agreements.  See the NOTICE file distributed with
  this work for additional information regarding copyright ownership.
  The ASF licenses this file to You under the Apache License, Version 2.0
  (the "License"); you may not use this file except in compliance with
  the License.  You may obtain a copy of the License at
      http://www.apache.org/licenses/LICENSE-2.0
  Unless required by applicable law or agreed to in writing, software
  distributed under the License is distributed on an "AS IS" BASIS,
  WITHOUT WARRANTIES OR CONDITIONS OF ANY KIND, either express or implied.
  See the License for the specific language governing permissions and
  limitations under the License.
-->
<!--
    This file lists the login identity providers to use when running securely. In order
    to use a specific provider it must be configured here and it's identifier
    must be specified in the nifi.properties file.
-->
<loginIdentityProviders>
    <!--
        Identity Provider for users logging in with username/password against an LDAP server.
        
        'Authentication Strategy' - How the connection to the LDAP server is authenticated. Possible
            values are ANONYMOUS, SIMPLE, or START_TLS.
        
        'Manager DN' - The DN of the manager that is used to bind to the LDAP server to search for users.
        'Manager Password' - The password of the manager that is used to bind to the LDAP server to
            search for users.
            
        'TLS - Keystore' - Path to the Keystore that is used when connecting to LDAP using START_TLS.
        'TLS - Keystore Password' - Password for the Keystore that is used when connecting to LDAP
            using START_TLS.
        'TLS - Keystore Type' - Type of the Keystore that is used when connecting to LDAP using
            START_TLS (i.e. JKS or PKCS12).
        'TLS - Truststore' - Path to the Truststore that is used when connecting to LDAP using START_TLS.
        'TLS - Truststore Password' - Password for the Truststore that is used when connecting to
            LDAP using START_TLS.
        'TLS - Truststore Type' - Type of the Truststore that is used when connecting to LDAP using
            START_TLS (i.e. JKS or PKCS12).
        'TLS - Client Auth' - Client authentication policy when connecting to LDAP using START_TLS.
            Possible values are REQUIRED, WANT, NONE.
        'TLS - Protocol' - Protocol to use when connecting to LDAP using START_TLS. (i.e. TLS,
            TLSv1.1, TLSv1.2, etc).
        'TLS - Shutdown Gracefully' - Specifies whether the TLS should be shut down gracefully 
            before the target context is closed. Defaults to false.
            
        'Referral Strategy' - Strategy for handling referrals. Possible values are FOLLOW, IGNORE, THROW.
        'Connect Timeout' - Duration of connect timeout. (i.e. 10 secs).
        'Read Timeout' - Duration of read timeout. (i.e. 10 secs).
       
        'Url' - Url of the LDAP servier (i.e. ldap://<hostname>:<port>).
        'User Search Base' - Base DN for searching for users (i.e. CN=Users,DC=example,DC=com).
        'User Search Filter' - Filter for searching for users against the 'User Search Base'.
            (i.e. sAMAccountName={0}). The user specified name is inserted into '{0}'.
            
        'Authentication Expiration' - The duration of how long the user authentication is valid
            for. If the user never logs out, they will be required to log back in following
            this duration.
    -->
    <!-- To enable the ldap-provider remove 2 lines. This is 1 of 2. 
    <provider>
        <identifier>ldap-provider</identifier>
        <class>org.apache.nifi.ldap.LdapProvider</class>
        <property name="Authentication Strategy">START_TLS</property>

        <property name="Manager DN"></property>
        <property name="Manager Password"></property>

        <property name="TLS - Keystore"></property>
        <property name="TLS - Keystore Password"></property>
        <property name="TLS - Keystore Type"></property>
        <property name="TLS - Truststore"></property>
        <property name="TLS - Truststore Password"></property>
        <property name="TLS - Truststore Type"></property>
        <property name="TLS - Client Auth"></property>
        <property name="TLS - Protocol"></property>
        <property name="TLS - Shutdown Gracefully"></property>
        
        <property name="Referral Strategy">FOLLOW</property>
        <property name="Connect Timeout">10 secs</property>
        <property name="Read Timeout">10 secs</property>

        <property name="Url"></property>
        <property name="User Search Base"></property>
        <property name="User Search Filter"></property>

        <property name="Authentication Expiration">12 hours</property>
    </provider>
    To enable the ldap-provider remove 2 lines. This is 2 of 2. -->

    <!--
        Identity Provider for users logging in with username/password against a Kerberos KDC server.

        'Default Realm' - Default realm to provide when user enters incomplete user principal (i.e. NIFI.APACHE.ORG).
        'Authentication Expiration' - The duration of how long the user authentication is valid for. If the user never logs out, they will be required to log back in following this duration.
    -->
    <!-- To enable the kerberos-provider remove 2 lines. This is 1 of 2.
    <provider>
        <identifier>kerberos-provider</identifier>
        <class>org.apache.nifi.kerberos.KerberosProvider</class>
        <property name="Default Realm">NIFI.APACHE.ORG</property>
        <property name="Authentication Expiration">12 hours</property>
    </provider>
    To enable the kerberos-provider remove 2 lines. This is 2 of 2. -->
</loginIdentityProviders>
]]></system-err>
  </testcase>
  <testcase name="testParseShouldWarnIfNiFiPropertiesWillBeOverwritten" classname="org.apache.nifi.properties.ConfigEncryptionToolTest" time="0.001">
    <system-err><![CDATA[[main] WARN org.apache.nifi.properties.ConfigEncryptionTool - The source nifi.properties and destination nifi.properties are identical [conf/nifi.properties] so the original will be overwritten
]]></system-err>
  </testcase>
  <testcase name="testShouldMigrateFlowXmlContent" classname="org.apache.nifi.properties.ConfigEncryptionToolTest" time="0.005">
    <system-err><![CDATA[[main] INFO org.apache.nifi.properties.ConfigEncryptionToolTest - Read flow.xml as input stream.
[main] INFO org.apache.nifi.properties.ConfigEncryptionToolTest - Found 2 unique encrypted properties in the original flow.xml content
[main] INFO org.apache.nifi.properties.ConfigEncryptionToolTest - Migrated flow.xml.
]]></system-err>
  </testcase>
  <testcase name="testShouldIgnoreRawKeyFlagIfPasswordProvided" classname="org.apache.nifi.properties.ConfigEncryptionToolTest" time="0.001">
    <system-err><![CDATA[[main] WARN org.apache.nifi.properties.ConfigEncryptionTool - The source nifi.properties and destination nifi.properties are identical [nifi.properties] so the original will be overwritten
[main] WARN org.apache.nifi.properties.ConfigEncryptionTool - If the key or password is provided in the arguments, '-r'/'--useRawKey' is ignored
]]></system-err>
  </testcase>
  <testcase name="testMigrateFlowXmlContentShouldUseConstantSalt" classname="org.apache.nifi.properties.ConfigEncryptionToolTest" time="0.015">
    <system-err><![CDATA[[main] INFO org.apache.nifi.properties.ConfigEncryptionToolTest - Read flow.xml: 
<?xml version="1.0" encoding="UTF-8" standalone="no"?>
<!--
  Licensed to the Apache Software Foundation (ASF) under one or more
  contributor license agreements.  See the NOTICE file distributed with
  this work for additional information regarding copyright ownership.
  The ASF licenses this file to You under the Apache License, Version 2.0
  (the "License"); you may not use this file except in compliance with
  the License.  You may obtain a copy of the License at
      http://www.apache.org/licenses/LICENSE-2.0
  Unless required by applicable law or agreed to in writing, software
  distributed under the License is distributed on an "AS IS" BASIS,
  WITHOUT WARRANTIES OR CONDITIONS OF ANY KIND, either express or implied.
  See the License for the specific language governing permissions and
  limitations under the License.
-->
<flowController encoding-version="1.0">
    <maxTimerDrivenThreadCount>10</maxTimerDrivenThreadCount>
    <maxEventDrivenThreadCount>5</maxEventDrivenThreadCount>
    <rootGroup>
        <id>fcf146b2-0157-1000-7850-7adf1d31e3fa</id>
        <name>NiFi Flow</name>
        <position x="0.0" y="0.0"/>
        <comment/>
        <processGroup>
            <id>8a61ec1d-0158-1000-3a1a-12c54fe77838</id>
            <name>EncryptedProperties Example</name>
            <position x="1119.0" y="295.0"/>
            <comment/>
            <processor>
                <id>8a621f0b-0158-1000-b5c2-92a09a124501</id>
                <name>Encrypt</name>
                <position x="626.0" y="237.0"/>
                <styles/>
                <comment/>
                <class>org.apache.nifi.processors.standard.EncryptContent</class>
                <maxConcurrentTasks>1</maxConcurrentTasks>
                <schedulingPeriod>0 sec</schedulingPeriod>
                <penalizationPeriod>30 sec</penalizationPeriod>
                <yieldPeriod>1 sec</yieldPeriod>
                <bulletinLevel>WARN</bulletinLevel>
                <lossTolerant>false</lossTolerant>
                <scheduledState>STOPPED</scheduledState>
                <schedulingStrategy>TIMER_DRIVEN</schedulingStrategy>
                <runDurationNanos>0</runDurationNanos>
                <property>
                    <name>Mode</name>
                    <value>Encrypt</value>
                </property>
                <property>
                    <name>key-derivation-function</name>
                    <value>NIFI_LEGACY</value>
                </property>
                <property>
                    <name>Encryption Algorithm</name>
                    <value>MD5_128AES</value>
                </property>
                <property>
                    <name>allow-weak-crypto</name>
                    <value>not-allowed</value>
                </property>
                <property>
                    <name>Password</name>
                    <value>enc{7468697349734142616453616c742e2e79ad38319f8069990c6ac60cad75639f9d2ab7dff1a0b8b488af2fff659cf353}</value>
                </property>
                <property>
                    <name>raw-key-hex</name>
                </property>
                <property>
                    <name>public-keyring-file</name>
                </property>
                <property>
                    <name>public-key-user-id</name>
                </property>
                <property>
                    <name>private-keyring-file</name>
                </property>
                <property>
                    <name>private-keyring-passphrase</name>
                </property>
            </processor>
            <processor>
                <id>8a6314ee-0158-1000-6dd0-60f153db26c1</id>
                <name>Decrypt</name>
                <position x="630.0" y="482.0"/>
                <styles/>
                <comment/>
                <class>org.apache.nifi.processors.standard.EncryptContent</class>
                <maxConcurrentTasks>1</maxConcurrentTasks>
                <schedulingPeriod>0 sec</schedulingPeriod>
                <penalizationPeriod>30 sec</penalizationPeriod>
                <yieldPeriod>1 sec</yieldPeriod>
                <bulletinLevel>WARN</bulletinLevel>
                <lossTolerant>false</lossTolerant>
                <scheduledState>STOPPED</scheduledState>
                <schedulingStrategy>TIMER_DRIVEN</schedulingStrategy>
                <runDurationNanos>0</runDurationNanos>
                <property>
                    <name>Mode</name>
                    <value>Decrypt</value>
                </property>
                <property>
                    <name>key-derivation-function</name>
                    <value>NIFI_LEGACY</value>
                </property>
                <property>
                    <name>Encryption Algorithm</name>
                    <value>MD5_128AES</value>
                </property>
                <property>
                    <name>allow-weak-crypto</name>
                    <value>not-allowed</value>
                </property>
                <property>
                    <name>Password</name>
                    <value>enc{7468697349734142616453616c742e2e63a2cd00e648c459e7e45223fefe8d38ab9ed3d71d94be57d5b0e4391980c858}</value>
                </property>
                <property>
                    <name>raw-key-hex</name>
                </property>
                <property>
                    <name>public-keyring-file</name>
                </property>
                <property>
                    <name>public-key-user-id</name>
                </property>
                <property>
                    <name>private-keyring-file</name>
                </property>
                <property>
                    <name>private-keyring-passphrase</name>
                </property>
            </processor>
            <connection>
                <id>8a636069-0158-1000-50ff-244f2a8eeb7a</id>
                <name/>
                <bendPoints/>
                <labelIndex>1</labelIndex>
                <zIndex>0</zIndex>
                <sourceId>8a621f0b-0158-1000-b5c2-92a09a124501</sourceId>
                <sourceGroupId>8a61ec1d-0158-1000-3a1a-12c54fe77838</sourceGroupId>
                <sourceType>PROCESSOR</sourceType>
                <destinationId>8a6314ee-0158-1000-6dd0-60f153db26c1</destinationId>
                <destinationGroupId>8a61ec1d-0158-1000-3a1a-12c54fe77838</destinationGroupId>
                <destinationType>PROCESSOR</destinationType>
                <relationship>success</relationship>
                <maxWorkQueueSize>10000</maxWorkQueueSize>
                <maxWorkQueueDataSize>1 GB</maxWorkQueueDataSize>
                <flowFileExpiration>0 sec</flowFileExpiration>
            </connection>
        </processGroup>
    </rootGroup>
    <controllerServices/>
    <reportingTasks/>
</flowController>

[main] INFO org.apache.nifi.properties.ConfigEncryptionToolTest - Found 2 encrypted properties in the original flow.xml content
[main] INFO org.apache.nifi.properties.ConfigEncryptionToolTest - Migrated flow.xml.
[main] INFO org.apache.nifi.properties.ConfigEncryptionToolTest - First detected salt: fc55b884c329e08f6278328645f5da82
]]></system-err>
  </testcase>
  <testcase name="testShouldDecryptAuthorizers" classname="org.apache.nifi.properties.ConfigEncryptionToolTest" time="0.063">
    <system-err><![CDATA[[main] INFO org.apache.nifi.properties.ConfigEncryptionToolTest - Read lines: 
<?xml version="1.0" encoding="UTF-8" standalone="yes"?>
<!--
  Licensed to the Apache Software Foundation (ASF) under one or more
  contributor license agreements.  See the NOTICE file distributed with
  this work for additional information regarding copyright ownership.
  The ASF licenses this file to You under the Apache License, Version 2.0
  (the "License"); you may not use this file except in compliance with
  the License.  You may obtain a copy of the License at
      http://www.apache.org/licenses/LICENSE-2.0
  Unless required by applicable law or agreed to in writing, software
  distributed under the License is distributed on an "AS IS" BASIS,
  WITHOUT WARRANTIES OR CONDITIONS OF ANY KIND, either express or implied.
  See the License for the specific language governing permissions and
  limitations under the License.
-->
<!--
    This file lists the userGroupProviders, accessPolicyProviders, and authorizers to use when running securely. In order
    to use a specific authorizer it must be configured here and it's identifier must be specified in the nifi.properties file.
    If the authorizer is a managedAuthorizer, it may need to be configured with an accessPolicyProvider and an userGroupProvider.
    This file allows for configuration of them, but they must be configured in order:

    ...
    all userGroupProviders
    all accessPolicyProviders
    all Authorizers
    ...
-->
<authorizers>

    <!--
        The FileUserGroupProvider will provide support for managing users and groups which is backed by a file
        on the local file system.

        - Users File - The file where the FileUserGroupProvider will store users and groups.

        - Legacy Authorized Users File - The full path to an existing authorized-users.xml that will be automatically
            be used to load the users and groups into the Users File.

        - Initial User Identity [unique key] - The identity of a users and systems to seed the Users File. The name of
            each property must be unique, for example: "Initial User Identity A", "Initial User Identity B",
            "Initial User Identity C" or "Initial User Identity 1", "Initial User Identity 2", "Initial User Identity 3"

            NOTE: Any identity mapping rules specified in nifi.properties will also be applied to the user identities,
            so the values should be the unmapped identities (i.e. full DN from a certificate).
    -->
    <!--
    <userGroupProvider>
        <identifier>file-user-group-provider</identifier>
        <class>org.apache.nifi.authorization.FileUserGroupProvider</class>
        <property name="Users File">./conf/users.xml</property>
        <property name="Legacy Authorized Users File"></property>

        <property name="Initial User Identity 1"></property>
    </userGroupProvider>
    -->

    <!--
        The LdapUserGroupProvider will retrieve users and groups from an LDAP server. The users and groups
        are not configurable.

        'Authentication Strategy' - How the connection to the LDAP server is authenticated. Possible
            values are ANONYMOUS, SIMPLE, LDAPS, or START_TLS.

        'Manager DN' - The DN of the manager that is used to bind to the LDAP server to search for users.
        'Manager Password' - The password of the manager that is used to bind to the LDAP server to
            search for users.

        'TLS - Keystore' - Path to the Keystore that is used when connecting to LDAP using LDAPS or START_TLS.
        'TLS - Keystore Password' - Password for the Keystore that is used when connecting to LDAP
            using LDAPS or START_TLS.
        'TLS - Keystore Type' - Type of the Keystore that is used when connecting to LDAP using
            LDAPS or START_TLS (i.e. JKS or PKCS12).
        'TLS - Truststore' - Path to the Truststore that is used when connecting to LDAP using LDAPS or START_TLS.
        'TLS - Truststore Password' - Password for the Truststore that is used when connecting to
            LDAP using LDAPS or START_TLS.
        'TLS - Truststore Type' - Type of the Truststore that is used when connecting to LDAP using
            LDAPS or START_TLS (i.e. JKS or PKCS12).
        'TLS - Client Auth' - Client authentication policy when connecting to LDAP using LDAPS or START_TLS.
            Possible values are REQUIRED, WANT, NONE.
        'TLS - Protocol' - Protocol to use when connecting to LDAP using LDAPS or START_TLS. (i.e. TLS,
            TLSv1.1, TLSv1.2, etc).
        'TLS - Shutdown Gracefully' - Specifies whether the TLS should be shut down gracefully
            before the target context is closed. Defaults to false.

        'Referral Strategy' - Strategy for handling referrals. Possible values are FOLLOW, IGNORE, THROW.
        'Connect Timeout' - Duration of connect timeout. (i.e. 10 secs).
        'Read Timeout' - Duration of read timeout. (i.e. 10 secs).

        'Url' - Space-separated list of URLs of the LDAP servers (i.e. ldap://<hostname>:<port>).
        'Page Size' - Sets the page size when retrieving users and groups. If not specified, no paging is performed.
        'Sync Interval' - Duration of time between syncing users and groups (i.e. 30 mins). Minimum allowable value is 10 secs.

        'User Search Base' - Base DN for searching for users (i.e. ou=users,o=nifi). Required to search users.
        'User Object Class' - Object class for identifying users (i.e. person). Required if searching users.
        'User Search Scope' - Search scope for searching users (ONE_LEVEL, OBJECT, or SUBTREE). Required if searching users.
        'User Search Filter' - Filter for searching for users against the 'User Search Base' (i.e. (memberof=cn=team1,ou=groups,o=nifi) ). Optional.
        'User Identity Attribute' - Attribute to use to extract user identity (i.e. cn). Optional. If not set, the entire DN is used.
        'User Group Name Attribute' - Attribute to use to define group membership (i.e. memberof). Optional. If not set
            group membership will not be calculated through the users. Will rely on group membership being defined
            through 'Group Member Attribute' if set. The value of this property is the name of the attribute in the user ldap entry that
            associates them with a group. The value of that user attribute could be a dn or group name for instance. What value is expected
            is configured in the 'User Group Name Attribute - Referenced Group Attribute'.
        'User Group Name Attribute - Referenced Group Attribute' - If blank, the value of the attribute defined in 'User Group Name Attribute'
            is expected to be the full dn of the group. If not blank, this property will define the attribute of the group ldap entry that
            the value of the attribute defined in 'User Group Name Attribute' is referencing (i.e. name). Use of this property requires that
            'Group Search Base' is also configured.

        'Group Search Base' - Base DN for searching for groups (i.e. ou=groups,o=nifi). Required to search groups.
        'Group Object Class' - Object class for identifying groups (i.e. groupOfNames). Required if searching groups.
        'Group Search Scope' - Search scope for searching groups (ONE_LEVEL, OBJECT, or SUBTREE). Required if searching groups.
        'Group Search Filter' - Filter for searching for groups against the 'Group Search Base'. Optional.
        'Group Name Attribute' - Attribute to use to extract group name (i.e. cn). Optional. If not set, the entire DN is used.
        'Group Member Attribute' - Attribute to use to define group membership (i.e. member). Optional. If not set
            group membership will not be calculated through the groups. Will rely on group membership being defined
            through 'User Group Name Attribute' if set. The value of this property is the name of the attribute in the group ldap entry that
            associates them with a user. The value of that group attribute could be a dn or memberUid for instance. What value is expected
            is configured in the 'Group Member Attribute - Referenced User Attribute'. (i.e. member: cn=User 1,ou=users,o=nifi vs. memberUid: user1)
        'Group Member Attribute - Referenced User Attribute' - If blank, the value of the attribute defined in 'Group Member Attribute'
            is expected to be the full dn of the user. If not blank, this property will define the attribute of the user ldap entry that
            the value of the attribute defined in 'Group Member Attribute' is referencing (i.e. uid). Use of this property requires that
            'User Search Base' is also configured. (i.e. member: cn=User 1,ou=users,o=nifi vs. memberUid: user1)

        NOTE: Any identity mapping rules specified in nifi.properties will also be applied to the user identities.
            Group names are not mapped.
    -->
    <userGroupProvider>
        <identifier>ldap-user-group-provider</identifier>
        <class>org.apache.nifi.ldap.tenants.LdapUserGroupProvider</class>
        <property name="Authentication Strategy">START_TLS</property>

        <property name="Manager DN">someuser</property>
        <property name="Manager Password" encryption="aes/gcm/128">q4r7WIgN0MaxdAKM||SGgdCTPGSFEcuH4RraMYEdeyVbOx93abdWTVSWvh1w+klA</property>

        <property name="TLS - Keystore"></property>
        <property name="TLS - Keystore Password" encryption="aes/gcm/128">Uah59TWX+Ru5GY5p||B44RT/LJtC08QWA5ehQf01JxIpf0qSJUzug25UwkF5a50g</property>
        <property name="TLS - Keystore Type"></property>
        <property name="TLS - Truststore"></property>
        <property name="TLS - Truststore Password">thisIsABadPassword</property>
        <property name="TLS - Truststore Type"></property>
        <property name="TLS - Client Auth"></property>
        <property name="TLS - Protocol"></property>
        <property name="TLS - Shutdown Gracefully"></property>

        <property name="Referral Strategy">FOLLOW</property>
        <property name="Connect Timeout">10 secs</property>
        <property name="Read Timeout">10 secs</property>

        <property name="Url"></property>
        <property name="Page Size"></property>
        <property name="Sync Interval">30 mins</property>

        <property name="User Search Base"></property>
        <property name="User Object Class">person</property>
        <property name="User Search Scope">ONE_LEVEL</property>
        <property name="User Search Filter"></property>
        <property name="User Identity Attribute"></property>
        <property name="User Group Name Attribute"></property>
        <property name="User Group Name Attribute - Referenced Group Attribute"></property>

        <property name="Group Search Base"></property>
        <property name="Group Object Class">group</property>
        <property name="Group Search Scope">ONE_LEVEL</property>
        <property name="Group Search Filter"></property>
        <property name="Group Name Attribute"></property>
        <property name="Group Member Attribute"></property>
        <property name="Group Member Attribute - Referenced User Attribute"></property>
    </userGroupProvider>

    <!--
        The CompositeUserGroupProvider will provide support for retrieving users and groups from multiple sources.

        - User Group Provider [unique key] - The identifier of user group providers to load from. The name of
            each property must be unique, for example: "User Group Provider A", "User Group Provider B",
            "User Group Provider C" or "User Group Provider 1", "User Group Provider 2", "User Group Provider 3"

            NOTE: Any identity mapping rules specified in nifi.properties are not applied in this implementation. This behavior
            would need to be applied by the base implementation.
    -->
    <!-- To enable the composite-user-group-provider remove 2 lines. This is 1 of 2.
    <userGroupProvider>
        <identifier>composite-user-group-provider</identifier>
        <class>org.apache.nifi.authorization.CompositeUserGroupProvider</class>
        <property name="User Group Provider 1"></property>
    </userGroupProvider>
    To enable the composite-user-group-provider remove 2 lines. This is 2 of 2. -->

    <!--
        The CompositeConfigurableUserGroupProvider will provide support for retrieving users and groups from multiple sources.
        Additionally, a single configurable user group provider is required. Users from the configurable user group provider
        are configurable, however users loaded from one of the User Group Provider [unique key] will not be.

        - Configurable User Group Provider - A configurable user group provider.

        - User Group Provider [unique key] - The identifier of user group providers to load from. The name of
            each property must be unique, for example: "User Group Provider A", "User Group Provider B",
            "User Group Provider C" or "User Group Provider 1", "User Group Provider 2", "User Group Provider 3"

            NOTE: Any identity mapping rules specified in nifi.properties are not applied in this implementation. This behavior
            would need to be applied by the base implementation.
    -->
    <!-- To enable the composite-configurable-user-group-provider remove 2 lines. This is 1 of 2.
    <userGroupProvider>
        <identifier>composite-configurable-user-group-provider</identifier>
        <class>org.apache.nifi.authorization.CompositeConfigurableUserGroupProvider</class>
        <property name="Configurable User Group Provider">file-user-group-provider</property>
        <property name="User Group Provider 1"></property>
    </userGroupProvider>
    To enable the composite-configurable-user-group-provider remove 2 lines. This is 2 of 2. -->

    <!--
        The FileAccessPolicyProvider will provide support for managing access policies which is backed by a file
        on the local file system.

        - User Group Provider - The identifier for an User Group Provider defined above that will be used to access
            users and groups for use in the managed access policies.

        - Authorizations File - The file where the FileAccessPolicyProvider will store policies.

        - Initial Admin Identity - The identity of an initial admin user that will be granted access to the UI and
            given the ability to create additional users, groups, and policies. The value of this property could be
            a DN when using certificates or LDAP, or a Kerberos principal. This property will only be used when there
            are no other policies defined. If this property is specified then a Legacy Authorized Users File can not be specified.

            NOTE: Any identity mapping rules specified in nifi.properties will also be applied to the initial admin identity,
            so the value should be the unmapped identity. This identity must be found in the configured User Group Provider.

        - Legacy Authorized Users File - The full path to an existing authorized-users.xml that will be automatically
            converted to the new authorizations model. If this property is specified then an Initial Admin Identity can
            not be specified, and this property will only be used when there are no other users, groups, and policies defined.

            NOTE: Any users in the legacy users file must be found in the configured User Group Provider.

        - Node Identity [unique key] - The identity of a NiFi cluster node. When clustered, a property for each node
            should be defined, so that every node knows about every other node. If not clustered these properties can be ignored.
            The name of each property must be unique, for example for a three node cluster:
            "Node Identity A", "Node Identity B", "Node Identity C" or "Node Identity 1", "Node Identity 2", "Node Identity 3"

            NOTE: Any identity mapping rules specified in nifi.properties will also be applied to the node identities,
            so the values should be the unmapped identities (i.e. full DN from a certificate). This identity must be found
            in the configured User Group Provider.
    -->
    <accessPolicyProvider>
        <identifier>file-access-policy-provider</identifier>
        <class>org.apache.nifi.authorization.FileAccessPolicyProvider</class>
        <property name="User Group Provider">ldap-user-group-provider</property>
        <property name="Authorizations File">./conf/authorizations.xml</property>
        <property name="Initial Admin Identity"></property>
        <property name="Legacy Authorized Users File"></property>

        <property name="Node Identity 1"></property>
    </accessPolicyProvider>

    <!--
        The StandardManagedAuthorizer. This authorizer implementation must be configured with the
        Access Policy Provider which it will use to access and manage users, groups, and policies.
        These users, groups, and policies will be used to make all access decisions during authorization
        requests.

        - Access Policy Provider - The identifier for an Access Policy Provider defined above.
    -->
    <authorizer>
        <identifier>managed-authorizer</identifier>
        <class>org.apache.nifi.authorization.StandardManagedAuthorizer</class>
        <property name="Access Policy Provider">file-access-policy-provider</property>
    </authorizer>

    <!--
        NOTE: This Authorizer has been replaced with the more granular approach configured above with the Standard
        Managed Authorizer. However, it is still available for backwards compatibility reasons.

        The FileAuthorizer is NiFi's provided authorizer and has the following properties:

        - Authorizations File - The file where the FileAuthorizer will store policies.

        - Users File - The file where the FileAuthorizer will store users and groups.

        - Initial Admin Identity - The identity of an initial admin user that will be granted access to the UI and
            given the ability to create additional users, groups, and policies. The value of this property could be
            a DN when using certificates or LDAP, or a Kerberos principal. This property will only be used when there
            are no other users, groups, and policies defined. If this property is specified then a Legacy Authorized
            Users File can not be specified.

            NOTE: Any identity mapping rules specified in nifi.properties will also be applied to the initial admin identity,
            so the value should be the unmapped identity.

        - Legacy Authorized Users File - The full path to an existing authorized-users.xml that will be automatically
            converted to the new authorizations model. If this property is specified then an Initial Admin Identity can
            not be specified, and this property will only be used when there are no other users, groups, and policies defined.

        - Node Identity [unique key] - The identity of a NiFi cluster node. When clustered, a property for each node
            should be defined, so that every node knows about every other node. If not clustered these properties can be ignored.
            The name of each property must be unique, for example for a three node cluster:
            "Node Identity A", "Node Identity B", "Node Identity C" or "Node Identity 1", "Node Identity 2", "Node Identity 3"

            NOTE: Any identity mapping rules specified in nifi.properties will also be applied to the node identities,
            so the values should be the unmapped identities (i.e. full DN from a certificate).
    -->
    <!-- <authorizer>
        <identifier>file-provider</identifier>
        <class>org.apache.nifi.authorization.FileAuthorizer</class>
        <property name="Authorizations File">./conf/authorizations.xml</property>
        <property name="Users File">./conf/users.xml</property>
        <property name="Initial Admin Identity"></property>
        <property name="Legacy Authorized Users File"></property>

        <property name="Node Identity 1"></property>
    </authorizer>
    -->
</authorizers>
[main] WARN org.apache.nifi.properties.AbstractBootstrapPropertiesLoader - System Property [nifi.properties.file.path] not found: Using Relative Path [conf/nifi.properties]
[main] WARN org.apache.nifi.properties.ConfigEncryptionTool - Could not load default bootstrap.conf: Configuration Directory [conf] not found for Bootstrap Properties
[main] INFO org.apache.nifi.properties.ConfigEncryptionToolTest - Decrypted lines: 
<?xml version="1.0" encoding="UTF-8"?><authorizers>

    
    

    
    <userGroupProvider>
        <identifier>ldap-user-group-provider</identifier>
        <class>org.apache.nifi.ldap.tenants.LdapUserGroupProvider</class>
        <property name="Authentication Strategy">START_TLS</property>

        <property name="Manager DN">someuser</property>
        <property name="Manager Password" encryption="none">thisIsABadPassword</property>

        <property name="TLS - Keystore"/>
        <property name="TLS - Keystore Password" encryption="none">thisIsABadPassword</property>
        <property name="TLS - Keystore Type"/>
        <property name="TLS - Truststore"/>
        <property name="TLS - Truststore Password">thisIsABadPassword</property>
        <property name="TLS - Truststore Type"/>
        <property name="TLS - Client Auth"/>
        <property name="TLS - Protocol"/>
        <property name="TLS - Shutdown Gracefully"/>

        <property name="Referral Strategy">FOLLOW</property>
        <property name="Connect Timeout">10 secs</property>
        <property name="Read Timeout">10 secs</property>

        <property name="Url"/>
        <property name="Page Size"/>
        <property name="Sync Interval">30 mins</property>

        <property name="User Search Base"/>
        <property name="User Object Class">person</property>
        <property name="User Search Scope">ONE_LEVEL</property>
        <property name="User Search Filter"/>
        <property name="User Identity Attribute"/>
        <property name="User Group Name Attribute"/>
        <property name="User Group Name Attribute - Referenced Group Attribute"/>

        <property name="Group Search Base"/>
        <property name="Group Object Class">group</property>
        <property name="Group Search Scope">ONE_LEVEL</property>
        <property name="Group Search Filter"/>
        <property name="Group Name Attribute"/>
        <property name="Group Member Attribute"/>
        <property name="Group Member Attribute - Referenced User Attribute"/>
    </userGroupProvider>

    
    

    
    

    
    <accessPolicyProvider>
        <identifier>file-access-policy-provider</identifier>
        <class>org.apache.nifi.authorization.FileAccessPolicyProvider</class>
        <property name="User Group Provider">ldap-user-group-provider</property>
        <property name="Authorizations File">./conf/authorizations.xml</property>
        <property name="Initial Admin Identity"/>
        <property name="Legacy Authorized Users File"/>

        <property name="Node Identity 1"/>
    </accessPolicyProvider>

    
    <authorizer>
        <identifier>managed-authorizer</identifier>
        <class>org.apache.nifi.authorization.StandardManagedAuthorizer</class>
        <property name="Access Policy Provider">file-access-policy-provider</property>
    </authorizer>

    
    
</authorizers>
]]></system-err>
  </testcase>
  <testcase name="testShouldParseAuthorizersArgument" classname="org.apache.nifi.properties.ConfigEncryptionToolTest" time="0.003">
    <system-err><![CDATA[[main] WARN org.apache.nifi.properties.ConfigEncryptionTool - The source authorizers.xml and destination authorizers.xml are identical [src/test/resources/authorizers.xml] so the original will be overwritten
[main] INFO org.apache.nifi.properties.ConfigEncryptionToolTest - Parsed authorizers.xml location: src/test/resources/authorizers.xml
[main] WARN org.apache.nifi.properties.ConfigEncryptionTool - The source authorizers.xml and destination authorizers.xml are identical [src/test/resources/authorizers.xml] so the original will be overwritten
[main] INFO org.apache.nifi.properties.ConfigEncryptionToolTest - Parsed authorizers.xml location: src/test/resources/authorizers.xml
]]></system-err>
  </testcase>
  <testcase name="testShouldDecryptLoginIdentityProviders" classname="org.apache.nifi.properties.ConfigEncryptionToolTest" time="0.087">
    <system-err><![CDATA[[main] INFO org.apache.nifi.properties.ConfigEncryptionToolTest - Read lines: 
<?xml version="1.0" encoding="UTF-8" standalone="yes"?>
<!--
  Licensed to the Apache Software Foundation (ASF) under one or more
  contributor license agreements.  See the NOTICE file distributed with
  this work for additional information regarding copyright ownership.
  The ASF licenses this file to You under the Apache License, Version 2.0
  (the "License"); you may not use this file except in compliance with
  the License.  You may obtain a copy of the License at
      http://www.apache.org/licenses/LICENSE-2.0
  Unless required by applicable law or agreed to in writing, software
  distributed under the License is distributed on an "AS IS" BASIS,
  WITHOUT WARRANTIES OR CONDITIONS OF ANY KIND, either express or implied.
  See the License for the specific language governing permissions and
  limitations under the License.
-->
<!--
    This file lists the login identity providers to use when running securely. In order
    to use a specific provider it must be configured here and it's identifier
    must be specified in the nifi.properties file.
-->
<loginIdentityProviders>
    <!--
        Identity Provider for users logging in with username/password against an LDAP server.
        
        'Authentication Strategy' - How the connection to the LDAP server is authenticated. Possible
            values are ANONYMOUS, SIMPLE, or START_TLS.
        
        'Manager DN' - The DN of the manager that is used to bind to the LDAP server to search for users.
        'Manager Password' - The password of the manager that is used to bind to the LDAP server to
            search for users.
            
        'TLS - Keystore' - Path to the Keystore that is used when connecting to LDAP using START_TLS.
        'TLS - Keystore Password' - Password for the Keystore that is used when connecting to LDAP
            using START_TLS.
        'TLS - Keystore Type' - Type of the Keystore that is used when connecting to LDAP using
            START_TLS (i.e. JKS or PKCS12).
        'TLS - Truststore' - Path to the Truststore that is used when connecting to LDAP using START_TLS.
        'TLS - Truststore Password' - Password for the Truststore that is used when connecting to
            LDAP using START_TLS.
        'TLS - Truststore Type' - Type of the Truststore that is used when connecting to LDAP using
            START_TLS (i.e. JKS or PKCS12).
        'TLS - Client Auth' - Client authentication policy when connecting to LDAP using START_TLS.
            Possible values are REQUIRED, WANT, NONE.
        'TLS - Protocol' - Protocol to use when connecting to LDAP using START_TLS. (i.e. TLS,
            TLSv1.1, TLSv1.2, etc).
        'TLS - Shutdown Gracefully' - Specifies whether the TLS should be shut down gracefully 
            before the target context is closed. Defaults to false.
            
        'Referral Strategy' - Strategy for handling referrals. Possible values are FOLLOW, IGNORE, THROW.
        'Connect Timeout' - Duration of connect timeout. (i.e. 10 secs).
        'Read Timeout' - Duration of read timeout. (i.e. 10 secs).
       
        'Url' - Url of the LDAP servier (i.e. ldap://<hostname>:<port>).
        'User Search Base' - Base DN for searching for users (i.e. CN=Users,DC=example,DC=com).
        'User Search Filter' - Filter for searching for users against the 'User Search Base'.
            (i.e. sAMAccountName={0}). The user specified name is inserted into '{0}'.
            
        'Authentication Expiration' - The duration of how long the user authentication is valid
            for. If the user never logs out, they will be required to log back in following
            this duration.
    -->
    <provider>
        <identifier>ldap-provider</identifier>
        <class>org.apache.nifi.ldap.LdapProvider</class>
        <property name="Authentication Strategy">START_TLS</property>

        <property name="Manager DN">someuser</property>
        <property name="Manager Password" encryption="aes/gcm/128">q4r7WIgN0MaxdAKM||SGgdCTPGSFEcuH4RraMYEdeyVbOx93abdWTVSWvh1w+klA</property>

        <property name="TLS - Keystore"></property>
        <property name="TLS - Keystore Password" encryption="aes/gcm/128">Uah59TWX+Ru5GY5p||B44RT/LJtC08QWA5ehQf01JxIpf0qSJUzug25UwkF5a50g</property>
        <property name="TLS - Keystore Type"></property>
        <property name="TLS - Truststore"></property>
        <property name="TLS - Truststore Password">thisIsABadPassword</property>
        <property name="TLS - Truststore Type"></property>
        <property name="TLS - Client Auth"></property>
        <property name="TLS - Protocol"></property>
        <property name="TLS - Shutdown Gracefully"></property>

        <property name="Referral Strategy">FOLLOW</property>
        <property name="Connect Timeout">10 secs</property>
        <property name="Read Timeout">10 secs</property>

        <property name="Url"></property>
        <property name="User Search Base"></property>
        <property name="User Search Filter"></property>

        <property name="Authentication Expiration">12 hours</property>
    </provider>

    <!--
        Identity Provider for users logging in with username/password against a Kerberos KDC server.

        'Default Realm' - Default realm to provide when user enters incomplete user principal (i.e. NIFI.APACHE.ORG).
        'Authentication Expiration' - The duration of how long the user authentication is valid for. If the user never logs out, they will be required to log back in following this duration.
    -->
    <!-- To enable the kerberos-provider remove 2 lines. This is 1 of 2.
    <provider>
        <identifier>kerberos-provider</identifier>
        <class>org.apache.nifi.kerberos.KerberosProvider</class>
        <property name="Default Realm">NIFI.APACHE.ORG</property>
        <property name="Authentication Expiration">12 hours</property>
    </provider>
    To enable the kerberos-provider remove 2 lines. This is 2 of 2. -->
</loginIdentityProviders>
[main] WARN org.apache.nifi.properties.AbstractBootstrapPropertiesLoader - System Property [nifi.properties.file.path] not found: Using Relative Path [conf/nifi.properties]
[main] WARN org.apache.nifi.properties.ConfigEncryptionTool - Could not load default bootstrap.conf: Configuration Directory [conf] not found for Bootstrap Properties
[main] INFO org.apache.nifi.properties.ConfigEncryptionTool - Updated XML content: <?xml version="1.0" encoding="UTF-8"?><loginIdentityProviders>
    
    <provider>
        <identifier>ldap-provider</identifier>
        <class>org.apache.nifi.ldap.LdapProvider</class>
        <property name="Authentication Strategy">START_TLS</property>

        <property name="Manager DN">someuser</property>
        <property name="Manager Password" encryption="none">thisIsABadPassword</property>

        <property name="TLS - Keystore"/>
        <property name="TLS - Keystore Password" encryption="none">thisIsABadPassword</property>
        <property name="TLS - Keystore Type"/>
        <property name="TLS - Truststore"/>
        <property name="TLS - Truststore Password">thisIsABadPassword</property>
        <property name="TLS - Truststore Type"/>
        <property name="TLS - Client Auth"/>
        <property name="TLS - Protocol"/>
        <property name="TLS - Shutdown Gracefully"/>

        <property name="Referral Strategy">FOLLOW</property>
        <property name="Connect Timeout">10 secs</property>
        <property name="Read Timeout">10 secs</property>

        <property name="Url"/>
        <property name="User Search Base"/>
        <property name="User Search Filter"/>

        <property name="Authentication Expiration">12 hours</property>
    </provider>

    
    
</loginIdentityProviders>

[main] INFO org.apache.nifi.properties.ConfigEncryptionToolTest - Decrypted lines: 
<?xml version="1.0" encoding="UTF-8"?><loginIdentityProviders>
    
    <provider>
        <identifier>ldap-provider</identifier>
        <class>org.apache.nifi.ldap.LdapProvider</class>
        <property name="Authentication Strategy">START_TLS</property>

        <property name="Manager DN">someuser</property>
        <property name="Manager Password" encryption="none">thisIsABadPassword</property>

        <property name="TLS - Keystore"/>
        <property name="TLS - Keystore Password" encryption="none">thisIsABadPassword</property>
        <property name="TLS - Keystore Type"/>
        <property name="TLS - Truststore"/>
        <property name="TLS - Truststore Password">thisIsABadPassword</property>
        <property name="TLS - Truststore Type"/>
        <property name="TLS - Client Auth"/>
        <property name="TLS - Protocol"/>
        <property name="TLS - Shutdown Gracefully"/>

        <property name="Referral Strategy">FOLLOW</property>
        <property name="Connect Timeout">10 secs</property>
        <property name="Read Timeout">10 secs</property>

        <property name="Url"/>
        <property name="User Search Base"/>
        <property name="User Search Filter"/>

        <property name="Authentication Expiration">12 hours</property>
    </provider>

    
    
</loginIdentityProviders>
]]></system-err>
  </testcase>
  <testcase name="testShouldPerformFullOperationOnFlowXmlMultipleTimes" classname="org.apache.nifi.properties.ConfigEncryptionToolTest" time="0.133">
    <system-err><![CDATA[[main] INFO org.apache.nifi.properties.ConfigEncryptionToolTest - Original key line from bootstrap.conf: nifi.bootstrap.sensitive.key=2C576A9585DB862F5ECBEE5B4FFFCCA1
[main] WARN org.apache.nifi.properties.AbstractBootstrapPropertiesLoader - System Property [nifi.properties.file.path] not found: Using Relative Path [conf/nifi.properties]
[main] INFO org.apache.nifi.properties.NiFiPropertiesLoader - Loaded 13 properties from /home/alex/Repositories/nifi/nifi-toolkit/nifi-toolkit-encrypt-config/target/tmp/tmp-nifi.properties
[main] INFO org.apache.nifi.properties.ConfigEncryptionToolTest - Loaded 10 properties from input file
[main] INFO org.apache.nifi.properties.ConfigEncryptionToolTest - Original sensitive values: [nifi.security.keyPasswd:thisIsABadKeyPassword, nifi.security.keystorePasswd:thisIsABadKeystorePassword, nifi.security.truststorePasswd:, nifi.sensitive.props.key:nififtw!, nifi.provenance.repository.encryption.key:null, nifi.provenance.repository.encryption.key.provider.password:null, nifi.flowfile.repository.encryption.key.provider.password:null, nifi.content.repository.encryption.key.provider.password:null, nifi.repository.encryption.key.provider.keystore.password:null]
[main] INFO org.apache.nifi.properties.NiFiPropertiesLoader - Loaded 13 properties from /home/alex/Repositories/nifi/nifi-toolkit/nifi-toolkit-encrypt-config/target/tmp/tmp-nifi.properties
[main] INFO org.apache.nifi.properties.ConfigEncryptionToolTest - Original encrypted values: [nifi.security.keyPasswd:ttiSNTC7PUf2Hla7||W2OmVFn4bfB2ZJNBG55SaLneQeZahhF6GIaLZU+i4zRFfxKnlQ, nifi.security.keystorePasswd:vp9C9a8KbSYZFdUM||RoZHB1J+sRgCKG2vKBviOn71tdhsDYH42No+VmIaFMolrTMD/zmwcKev, nifi.security.truststorePasswd:, nifi.sensitive.props.key:UXcrW8T1UKAPJeun||ezUJSp30AvKGsRxJOOXoPUtZonv56Lx1, nifi.provenance.repository.encryption.key:null, nifi.provenance.repository.encryption.key.provider.password:null, nifi.flowfile.repository.encryption.key.provider.password:null, nifi.content.repository.encryption.key.provider.password:null, nifi.repository.encryption.key.provider.keystore.password:null]
[main] INFO org.apache.nifi.properties.ConfigEncryptionToolTest - Sensitive property key originally protected with aes/gcm/128
[main] INFO org.apache.nifi.properties.ConfigEncryptionToolTest - Migrating from nififtw! to thisIsABadPassword0
[main] INFO org.apache.nifi.properties.ConfigEncryptionToolTest - Invoked #main with -n target/tmp/tmp-nifi.properties -f target/tmp/tmp-flow.xml.gz -b target/tmp/tmp_bootstrap.conf -x -v -s thisIsABadPassword0
[main] WARN org.apache.nifi.properties.ConfigEncryptionTool - The source nifi.properties and destination nifi.properties are identical [target/tmp/tmp-nifi.properties] so the original will be overwritten
[main] INFO org.apache.nifi.properties.ConfigEncryptionTool - Handling encryption of flow.xml.gz
[main] WARN org.apache.nifi.properties.ConfigEncryptionTool - The source flow.xml.gz and destination flow.xml.gz are identical [target/tmp/tmp-flow.xml.gz] so the original will be overwritten
[main] INFO org.apache.nifi.properties.ConfigEncryptionTool -        bootstrap.conf:               target/tmp/tmp_bootstrap.conf
[main] INFO org.apache.nifi.properties.ConfigEncryptionTool - (src)  nifi.properties:              target/tmp/tmp-nifi.properties
[main] INFO org.apache.nifi.properties.ConfigEncryptionTool - (dest) nifi.properties:              target/tmp/tmp-nifi.properties
[main] INFO org.apache.nifi.properties.ConfigEncryptionTool - (src)  login-identity-providers.xml: null
[main] INFO org.apache.nifi.properties.ConfigEncryptionTool - (dest) login-identity-providers.xml: null
[main] INFO org.apache.nifi.properties.ConfigEncryptionTool - (src)  authorizers.xml:              null
[main] INFO org.apache.nifi.properties.ConfigEncryptionTool - (dest) authorizers.xml:              null
[main] INFO org.apache.nifi.properties.ConfigEncryptionTool - (src)  flow.xml.gz:                  target/tmp/tmp-flow.xml.gz
[main] INFO org.apache.nifi.properties.ConfigEncryptionTool - (dest) flow.xml.gz:                  target/tmp/tmp-flow.xml.gz
[main] INFO org.apache.nifi.properties.NiFiPropertiesLoader - Loaded 13 properties from /home/alex/Repositories/nifi/nifi-toolkit/nifi-toolkit-encrypt-config/target/tmp/tmp-nifi.properties
[main] INFO org.apache.nifi.properties.NiFiPropertiesLoader - Loaded 13 properties from /home/alex/Repositories/nifi/nifi-toolkit/nifi-toolkit-encrypt-config/target/tmp/tmp-nifi.properties
[main] INFO org.apache.nifi.properties.ConfigEncryptionTool - Loaded NiFiProperties instance with 10 properties
[main] INFO org.apache.nifi.properties.NiFiPropertiesLoader - Loaded 13 properties from /home/alex/Repositories/nifi/nifi-toolkit/nifi-toolkit-encrypt-config/target/tmp/tmp-nifi.properties
[main] INFO org.apache.nifi.properties.ConfigEncryptionTool - Migrating flow.xml file at target/tmp/tmp-flow.xml.gz. This could take a while if the flow XML is very large.
[main] INFO org.apache.nifi.properties.ConfigEncryptionTool - Tool is not configured to encrypt nifi.properties, but the existing nifi.properties is encrypted and flow.xml.gz was migrated, so manually persisting the new encrypted value to nifi.properties
[main] INFO org.apache.nifi.properties.ConfigEncryptionToolTest - [EXPECTED] Tried to exit with status 0.
[main] INFO org.apache.nifi.properties.ConfigEncryptionToolTest - Updated key line: nifi.sensitive.props.key=T+ASXNedKEN93nzs||geMUQR7Ykd7lnEQSiGkoLKBTOab3RrYG64FOKpI9tSKKYfE
[main] INFO org.apache.nifi.properties.NiFiPropertiesLoader - Loaded 13 properties from /home/alex/Repositories/nifi/nifi-toolkit/nifi-toolkit-encrypt-config/target/tmp/tmp-nifi.properties
[main] INFO org.apache.nifi.properties.ConfigEncryptionToolTest - Sensitive property key currently protected with aes/gcm/128
[main] INFO org.apache.nifi.properties.ConfigEncryptionToolTest - Updated key line: nifi.bootstrap.sensitive.key=2C576A9585DB862F5ECBEE5B4FFFCCA1
[main] INFO org.apache.nifi.properties.ConfigEncryptionToolTest - Original flow.xml.gz cipher texts: [enc{7468697349734142616453616c742e2e79ad38319f8069990c6ac60cad75639f9d2ab7dff1a0b8b488af2fff659cf353}, enc{7468697349734142616453616c742e2e63a2cd00e648c459e7e45223fefe8d38ab9ed3d71d94be57d5b0e4391980c858}]
[main] INFO org.apache.nifi.properties.ConfigEncryptionToolTest - Updated  flow.xml.gz cipher texts: [enc{0184bbbc012f2d5497064124b553b65a00b786f4e48802994f9fcabe27f22ebe37f8e0e31d8df9ec4436b8006976ed0a}, enc{da450ee1e9abeb390c40d5822b9b9836c7525c2d7fc33325aabb252a6448751f2b4aee71465ac98a87fb93fbc1b79322}]
[main] INFO org.apache.nifi.properties.ConfigEncryptionToolTest - Migrating from thisIsABadPassword0 to thisIsABadPassword1
[main] INFO org.apache.nifi.properties.ConfigEncryptionToolTest - Invoked #main with -n target/tmp/tmp-nifi.properties -f target/tmp/tmp-flow.xml.gz -b target/tmp/tmp_bootstrap.conf -x -v -s thisIsABadPassword1
[main] WARN org.apache.nifi.properties.ConfigEncryptionTool - The source nifi.properties and destination nifi.properties are identical [target/tmp/tmp-nifi.properties] so the original will be overwritten
[main] INFO org.apache.nifi.properties.ConfigEncryptionTool - Handling encryption of flow.xml.gz
[main] WARN org.apache.nifi.properties.ConfigEncryptionTool - The source flow.xml.gz and destination flow.xml.gz are identical [target/tmp/tmp-flow.xml.gz] so the original will be overwritten
[main] INFO org.apache.nifi.properties.ConfigEncryptionTool -        bootstrap.conf:               target/tmp/tmp_bootstrap.conf
[main] INFO org.apache.nifi.properties.ConfigEncryptionTool - (src)  nifi.properties:              target/tmp/tmp-nifi.properties
[main] INFO org.apache.nifi.properties.ConfigEncryptionTool - (dest) nifi.properties:              target/tmp/tmp-nifi.properties
[main] INFO org.apache.nifi.properties.ConfigEncryptionTool - (src)  login-identity-providers.xml: null
[main] INFO org.apache.nifi.properties.ConfigEncryptionTool - (dest) login-identity-providers.xml: null
[main] INFO org.apache.nifi.properties.ConfigEncryptionTool - (src)  authorizers.xml:              null
[main] INFO org.apache.nifi.properties.ConfigEncryptionTool - (dest) authorizers.xml:              null
[main] INFO org.apache.nifi.properties.ConfigEncryptionTool - (src)  flow.xml.gz:                  target/tmp/tmp-flow.xml.gz
[main] INFO org.apache.nifi.properties.ConfigEncryptionTool - (dest) flow.xml.gz:                  target/tmp/tmp-flow.xml.gz
[main] INFO org.apache.nifi.properties.NiFiPropertiesLoader - Loaded 13 properties from /home/alex/Repositories/nifi/nifi-toolkit/nifi-toolkit-encrypt-config/target/tmp/tmp-nifi.properties
[main] INFO org.apache.nifi.properties.NiFiPropertiesLoader - Loaded 13 properties from /home/alex/Repositories/nifi/nifi-toolkit/nifi-toolkit-encrypt-config/target/tmp/tmp-nifi.properties
[main] INFO org.apache.nifi.properties.ConfigEncryptionTool - Loaded NiFiProperties instance with 10 properties
[main] INFO org.apache.nifi.properties.NiFiPropertiesLoader - Loaded 13 properties from /home/alex/Repositories/nifi/nifi-toolkit/nifi-toolkit-encrypt-config/target/tmp/tmp-nifi.properties
[main] INFO org.apache.nifi.properties.ConfigEncryptionTool - Migrating flow.xml file at target/tmp/tmp-flow.xml.gz. This could take a while if the flow XML is very large.
[main] INFO org.apache.nifi.properties.ConfigEncryptionTool - Tool is not configured to encrypt nifi.properties, but the existing nifi.properties is encrypted and flow.xml.gz was migrated, so manually persisting the new encrypted value to nifi.properties
[main] INFO org.apache.nifi.properties.ConfigEncryptionToolTest - [EXPECTED] Tried to exit with status 0.
[main] INFO org.apache.nifi.properties.ConfigEncryptionToolTest - Updated key line: nifi.sensitive.props.key=vM/m7Ydyfdl+k1md||Hgrr1odu/tFimwt+CrGr7LI7GM1TXsZI9ImC9sq8BRbLbWU
[main] INFO org.apache.nifi.properties.NiFiPropertiesLoader - Loaded 13 properties from /home/alex/Repositories/nifi/nifi-toolkit/nifi-toolkit-encrypt-config/target/tmp/tmp-nifi.properties
[main] INFO org.apache.nifi.properties.ConfigEncryptionToolTest - Sensitive property key currently protected with aes/gcm/128
[main] INFO org.apache.nifi.properties.ConfigEncryptionToolTest - Updated key line: nifi.bootstrap.sensitive.key=2C576A9585DB862F5ECBEE5B4FFFCCA1
[main] INFO org.apache.nifi.properties.ConfigEncryptionToolTest - Original flow.xml.gz cipher texts: [enc{0184bbbc012f2d5497064124b553b65a00b786f4e48802994f9fcabe27f22ebe37f8e0e31d8df9ec4436b8006976ed0a}, enc{da450ee1e9abeb390c40d5822b9b9836c7525c2d7fc33325aabb252a6448751f2b4aee71465ac98a87fb93fbc1b79322}]
[main] INFO org.apache.nifi.properties.ConfigEncryptionToolTest - Updated  flow.xml.gz cipher texts: [enc{d7a4d61609e76ae21cbce26466a3ac2532a8702c32c6dd9626483fb6943b343a34b7649ffc83423c609dec648a7fcc39}, enc{cbabb5710045de656a4ce0b5aeb567a074bfdd42d2b5b784d60703f743c53024dc96c376bc67d77bce04dc65e6488a86}]
[main] INFO org.apache.nifi.properties.ConfigEncryptionToolTest - Migrating from thisIsABadPassword1 to thisIsABadPassword2
[main] INFO org.apache.nifi.properties.ConfigEncryptionToolTest - Invoked #main with -n target/tmp/tmp-nifi.properties -f target/tmp/tmp-flow.xml.gz -b target/tmp/tmp_bootstrap.conf -x -v -s thisIsABadPassword2
[main] WARN org.apache.nifi.properties.ConfigEncryptionTool - The source nifi.properties and destination nifi.properties are identical [target/tmp/tmp-nifi.properties] so the original will be overwritten
[main] INFO org.apache.nifi.properties.ConfigEncryptionTool - Handling encryption of flow.xml.gz
[main] WARN org.apache.nifi.properties.ConfigEncryptionTool - The source flow.xml.gz and destination flow.xml.gz are identical [target/tmp/tmp-flow.xml.gz] so the original will be overwritten
[main] INFO org.apache.nifi.properties.ConfigEncryptionTool -        bootstrap.conf:               target/tmp/tmp_bootstrap.conf
[main] INFO org.apache.nifi.properties.ConfigEncryptionTool - (src)  nifi.properties:              target/tmp/tmp-nifi.properties
[main] INFO org.apache.nifi.properties.ConfigEncryptionTool - (dest) nifi.properties:              target/tmp/tmp-nifi.properties
[main] INFO org.apache.nifi.properties.ConfigEncryptionTool - (src)  login-identity-providers.xml: null
[main] INFO org.apache.nifi.properties.ConfigEncryptionTool - (dest) login-identity-providers.xml: null
[main] INFO org.apache.nifi.properties.ConfigEncryptionTool - (src)  authorizers.xml:              null
[main] INFO org.apache.nifi.properties.ConfigEncryptionTool - (dest) authorizers.xml:              null
[main] INFO org.apache.nifi.properties.ConfigEncryptionTool - (src)  flow.xml.gz:                  target/tmp/tmp-flow.xml.gz
[main] INFO org.apache.nifi.properties.ConfigEncryptionTool - (dest) flow.xml.gz:                  target/tmp/tmp-flow.xml.gz
[main] INFO org.apache.nifi.properties.NiFiPropertiesLoader - Loaded 13 properties from /home/alex/Repositories/nifi/nifi-toolkit/nifi-toolkit-encrypt-config/target/tmp/tmp-nifi.properties
[main] INFO org.apache.nifi.properties.NiFiPropertiesLoader - Loaded 13 properties from /home/alex/Repositories/nifi/nifi-toolkit/nifi-toolkit-encrypt-config/target/tmp/tmp-nifi.properties
[main] INFO org.apache.nifi.properties.ConfigEncryptionTool - Loaded NiFiProperties instance with 10 properties
[main] INFO org.apache.nifi.properties.NiFiPropertiesLoader - Loaded 13 properties from /home/alex/Repositories/nifi/nifi-toolkit/nifi-toolkit-encrypt-config/target/tmp/tmp-nifi.properties
[main] INFO org.apache.nifi.properties.ConfigEncryptionTool - Migrating flow.xml file at target/tmp/tmp-flow.xml.gz. This could take a while if the flow XML is very large.
[main] INFO org.apache.nifi.properties.ConfigEncryptionTool - Tool is not configured to encrypt nifi.properties, but the existing nifi.properties is encrypted and flow.xml.gz was migrated, so manually persisting the new encrypted value to nifi.properties
[main] INFO org.apache.nifi.properties.ConfigEncryptionToolTest - [EXPECTED] Tried to exit with status 0.
[main] INFO org.apache.nifi.properties.ConfigEncryptionToolTest - Updated key line: nifi.sensitive.props.key=KEm8/jYN2lBiPlWz||rPOETL6oLbt21duQK2lZse3Xskufxvcid8JUt0MPf0s4hvo
[main] INFO org.apache.nifi.properties.NiFiPropertiesLoader - Loaded 13 properties from /home/alex/Repositories/nifi/nifi-toolkit/nifi-toolkit-encrypt-config/target/tmp/tmp-nifi.properties
[main] INFO org.apache.nifi.properties.ConfigEncryptionToolTest - Sensitive property key currently protected with aes/gcm/128
[main] INFO org.apache.nifi.properties.ConfigEncryptionToolTest - Updated key line: nifi.bootstrap.sensitive.key=2C576A9585DB862F5ECBEE5B4FFFCCA1
[main] INFO org.apache.nifi.properties.ConfigEncryptionToolTest - Original flow.xml.gz cipher texts: [enc{d7a4d61609e76ae21cbce26466a3ac2532a8702c32c6dd9626483fb6943b343a34b7649ffc83423c609dec648a7fcc39}, enc{cbabb5710045de656a4ce0b5aeb567a074bfdd42d2b5b784d60703f743c53024dc96c376bc67d77bce04dc65e6488a86}]
[main] INFO org.apache.nifi.properties.ConfigEncryptionToolTest - Updated  flow.xml.gz cipher texts: [enc{30fea9b273476e49c2e7d277baf57479dc90a505a63cf3092b5cd737530e139eb7b56c2d4687d32a50f9a3f34ab53868}, enc{c28cbf7d42f011b65a51ea3ce49dec14d41c696da9e41fc1466c9799b38aa8d2d09e9e13a5c8d1564e35c8e028f2d0ab}]
[main] INFO org.apache.nifi.properties.ConfigEncryptionToolTest - Migrating from thisIsABadPassword2 to thisIsABadPassword3
[main] INFO org.apache.nifi.properties.ConfigEncryptionToolTest - Invoked #main with -n target/tmp/tmp-nifi.properties -f target/tmp/tmp-flow.xml.gz -b target/tmp/tmp_bootstrap.conf -x -v -s thisIsABadPassword3
[main] WARN org.apache.nifi.properties.ConfigEncryptionTool - The source nifi.properties and destination nifi.properties are identical [target/tmp/tmp-nifi.properties] so the original will be overwritten
[main] INFO org.apache.nifi.properties.ConfigEncryptionTool - Handling encryption of flow.xml.gz
[main] WARN org.apache.nifi.properties.ConfigEncryptionTool - The source flow.xml.gz and destination flow.xml.gz are identical [target/tmp/tmp-flow.xml.gz] so the original will be overwritten
[main] INFO org.apache.nifi.properties.ConfigEncryptionTool -        bootstrap.conf:               target/tmp/tmp_bootstrap.conf
[main] INFO org.apache.nifi.properties.ConfigEncryptionTool - (src)  nifi.properties:              target/tmp/tmp-nifi.properties
[main] INFO org.apache.nifi.properties.ConfigEncryptionTool - (dest) nifi.properties:              target/tmp/tmp-nifi.properties
[main] INFO org.apache.nifi.properties.ConfigEncryptionTool - (src)  login-identity-providers.xml: null
[main] INFO org.apache.nifi.properties.ConfigEncryptionTool - (dest) login-identity-providers.xml: null
[main] INFO org.apache.nifi.properties.ConfigEncryptionTool - (src)  authorizers.xml:              null
[main] INFO org.apache.nifi.properties.ConfigEncryptionTool - (dest) authorizers.xml:              null
[main] INFO org.apache.nifi.properties.ConfigEncryptionTool - (src)  flow.xml.gz:                  target/tmp/tmp-flow.xml.gz
[main] INFO org.apache.nifi.properties.ConfigEncryptionTool - (dest) flow.xml.gz:                  target/tmp/tmp-flow.xml.gz
[main] INFO org.apache.nifi.properties.NiFiPropertiesLoader - Loaded 13 properties from /home/alex/Repositories/nifi/nifi-toolkit/nifi-toolkit-encrypt-config/target/tmp/tmp-nifi.properties
[main] INFO org.apache.nifi.properties.NiFiPropertiesLoader - Loaded 13 properties from /home/alex/Repositories/nifi/nifi-toolkit/nifi-toolkit-encrypt-config/target/tmp/tmp-nifi.properties
[main] INFO org.apache.nifi.properties.ConfigEncryptionTool - Loaded NiFiProperties instance with 10 properties
[main] INFO org.apache.nifi.properties.NiFiPropertiesLoader - Loaded 13 properties from /home/alex/Repositories/nifi/nifi-toolkit/nifi-toolkit-encrypt-config/target/tmp/tmp-nifi.properties
[main] INFO org.apache.nifi.properties.ConfigEncryptionTool - Migrating flow.xml file at target/tmp/tmp-flow.xml.gz. This could take a while if the flow XML is very large.
[main] INFO org.apache.nifi.properties.ConfigEncryptionTool - Tool is not configured to encrypt nifi.properties, but the existing nifi.properties is encrypted and flow.xml.gz was migrated, so manually persisting the new encrypted value to nifi.properties
[main] INFO org.apache.nifi.properties.ConfigEncryptionToolTest - [EXPECTED] Tried to exit with status 0.
[main] INFO org.apache.nifi.properties.ConfigEncryptionToolTest - Updated key line: nifi.sensitive.props.key=+9G9ZqWwGjCf7ghB||5t+Lk+g9oirOJUM3KH7OpHTbP3FzKTll6P10o393rV5sRAE
[main] INFO org.apache.nifi.properties.NiFiPropertiesLoader - Loaded 13 properties from /home/alex/Repositories/nifi/nifi-toolkit/nifi-toolkit-encrypt-config/target/tmp/tmp-nifi.properties
[main] INFO org.apache.nifi.properties.ConfigEncryptionToolTest - Sensitive property key currently protected with aes/gcm/128
[main] INFO org.apache.nifi.properties.ConfigEncryptionToolTest - Updated key line: nifi.bootstrap.sensitive.key=2C576A9585DB862F5ECBEE5B4FFFCCA1
[main] INFO org.apache.nifi.properties.ConfigEncryptionToolTest - Original flow.xml.gz cipher texts: [enc{30fea9b273476e49c2e7d277baf57479dc90a505a63cf3092b5cd737530e139eb7b56c2d4687d32a50f9a3f34ab53868}, enc{c28cbf7d42f011b65a51ea3ce49dec14d41c696da9e41fc1466c9799b38aa8d2d09e9e13a5c8d1564e35c8e028f2d0ab}]
[main] INFO org.apache.nifi.properties.ConfigEncryptionToolTest - Updated  flow.xml.gz cipher texts: [enc{c8a0656c4f1df72f6405800a168d9531169d6cc43c291dde1f1cdfe2bce96220b55aa64604f94b408aa95fc1f6da424e}, enc{ceda13ab33e96595f2830887f048917ca61a65320af8d5368965581707c267f4fb514a6ce1645cdd86779b582ae8d6a7}]
[main] INFO org.apache.nifi.properties.ConfigEncryptionToolTest - Migrating from thisIsABadPassword3 to thisIsABadPassword4
[main] INFO org.apache.nifi.properties.ConfigEncryptionToolTest - Invoked #main with -n target/tmp/tmp-nifi.properties -f target/tmp/tmp-flow.xml.gz -b target/tmp/tmp_bootstrap.conf -x -v -s thisIsABadPassword4
[main] WARN org.apache.nifi.properties.ConfigEncryptionTool - The source nifi.properties and destination nifi.properties are identical [target/tmp/tmp-nifi.properties] so the original will be overwritten
[main] INFO org.apache.nifi.properties.ConfigEncryptionTool - Handling encryption of flow.xml.gz
[main] WARN org.apache.nifi.properties.ConfigEncryptionTool - The source flow.xml.gz and destination flow.xml.gz are identical [target/tmp/tmp-flow.xml.gz] so the original will be overwritten
[main] INFO org.apache.nifi.properties.ConfigEncryptionTool -        bootstrap.conf:               target/tmp/tmp_bootstrap.conf
[main] INFO org.apache.nifi.properties.ConfigEncryptionTool - (src)  nifi.properties:              target/tmp/tmp-nifi.properties
[main] INFO org.apache.nifi.properties.ConfigEncryptionTool - (dest) nifi.properties:              target/tmp/tmp-nifi.properties
[main] INFO org.apache.nifi.properties.ConfigEncryptionTool - (src)  login-identity-providers.xml: null
[main] INFO org.apache.nifi.properties.ConfigEncryptionTool - (dest) login-identity-providers.xml: null
[main] INFO org.apache.nifi.properties.ConfigEncryptionTool - (src)  authorizers.xml:              null
[main] INFO org.apache.nifi.properties.ConfigEncryptionTool - (dest) authorizers.xml:              null
[main] INFO org.apache.nifi.properties.ConfigEncryptionTool - (src)  flow.xml.gz:                  target/tmp/tmp-flow.xml.gz
[main] INFO org.apache.nifi.properties.ConfigEncryptionTool - (dest) flow.xml.gz:                  target/tmp/tmp-flow.xml.gz
[main] INFO org.apache.nifi.properties.NiFiPropertiesLoader - Loaded 13 properties from /home/alex/Repositories/nifi/nifi-toolkit/nifi-toolkit-encrypt-config/target/tmp/tmp-nifi.properties
[main] INFO org.apache.nifi.properties.NiFiPropertiesLoader - Loaded 13 properties from /home/alex/Repositories/nifi/nifi-toolkit/nifi-toolkit-encrypt-config/target/tmp/tmp-nifi.properties
[main] INFO org.apache.nifi.properties.ConfigEncryptionTool - Loaded NiFiProperties instance with 10 properties
[main] INFO org.apache.nifi.properties.NiFiPropertiesLoader - Loaded 13 properties from /home/alex/Repositories/nifi/nifi-toolkit/nifi-toolkit-encrypt-config/target/tmp/tmp-nifi.properties
[main] INFO org.apache.nifi.properties.ConfigEncryptionTool - Migrating flow.xml file at target/tmp/tmp-flow.xml.gz. This could take a while if the flow XML is very large.
[main] INFO org.apache.nifi.properties.ConfigEncryptionTool - Tool is not configured to encrypt nifi.properties, but the existing nifi.properties is encrypted and flow.xml.gz was migrated, so manually persisting the new encrypted value to nifi.properties
[main] INFO org.apache.nifi.properties.ConfigEncryptionToolTest - [EXPECTED] Tried to exit with status 0.
[main] INFO org.apache.nifi.properties.ConfigEncryptionToolTest - Updated key line: nifi.sensitive.props.key=ElDi0zt0kuOFjP9m||EnzwU3FnxqTBxgW4zKdfmkbagv897G2LzRx2ctR/I7JD2qg
[main] INFO org.apache.nifi.properties.NiFiPropertiesLoader - Loaded 13 properties from /home/alex/Repositories/nifi/nifi-toolkit/nifi-toolkit-encrypt-config/target/tmp/tmp-nifi.properties
[main] INFO org.apache.nifi.properties.ConfigEncryptionToolTest - Sensitive property key currently protected with aes/gcm/128
[main] INFO org.apache.nifi.properties.ConfigEncryptionToolTest - Updated key line: nifi.bootstrap.sensitive.key=2C576A9585DB862F5ECBEE5B4FFFCCA1
[main] INFO org.apache.nifi.properties.ConfigEncryptionToolTest - Original flow.xml.gz cipher texts: [enc{c8a0656c4f1df72f6405800a168d9531169d6cc43c291dde1f1cdfe2bce96220b55aa64604f94b408aa95fc1f6da424e}, enc{ceda13ab33e96595f2830887f048917ca61a65320af8d5368965581707c267f4fb514a6ce1645cdd86779b582ae8d6a7}]
[main] INFO org.apache.nifi.properties.ConfigEncryptionToolTest - Updated  flow.xml.gz cipher texts: [enc{d5344deb074c0b56ba804912c24865bb7984fa5b51de40bb58f8fc74d611662bfffbe88a35e9e06c8f9ea3ee1bf5737e}, enc{3c6e58b4662a9beddb6a85dcde145de5e586258bdd18c5d475945b949f448e341eed6e457d5da12de9b01dacaaefe860}]
[main] INFO org.apache.nifi.properties.ConfigEncryptionToolTest - Migrating from thisIsABadPassword4 to thisIsABadPassword5
[main] INFO org.apache.nifi.properties.ConfigEncryptionToolTest - Invoked #main with -n target/tmp/tmp-nifi.properties -f target/tmp/tmp-flow.xml.gz -b target/tmp/tmp_bootstrap.conf -x -v -s thisIsABadPassword5
[main] WARN org.apache.nifi.properties.ConfigEncryptionTool - The source nifi.properties and destination nifi.properties are identical [target/tmp/tmp-nifi.properties] so the original will be overwritten
[main] INFO org.apache.nifi.properties.ConfigEncryptionTool - Handling encryption of flow.xml.gz
[main] WARN org.apache.nifi.properties.ConfigEncryptionTool - The source flow.xml.gz and destination flow.xml.gz are identical [target/tmp/tmp-flow.xml.gz] so the original will be overwritten
[main] INFO org.apache.nifi.properties.ConfigEncryptionTool -        bootstrap.conf:               target/tmp/tmp_bootstrap.conf
[main] INFO org.apache.nifi.properties.ConfigEncryptionTool - (src)  nifi.properties:              target/tmp/tmp-nifi.properties
[main] INFO org.apache.nifi.properties.ConfigEncryptionTool - (dest) nifi.properties:              target/tmp/tmp-nifi.properties
[main] INFO org.apache.nifi.properties.ConfigEncryptionTool - (src)  login-identity-providers.xml: null
[main] INFO org.apache.nifi.properties.ConfigEncryptionTool - (dest) login-identity-providers.xml: null
[main] INFO org.apache.nifi.properties.ConfigEncryptionTool - (src)  authorizers.xml:              null
[main] INFO org.apache.nifi.properties.ConfigEncryptionTool - (dest) authorizers.xml:              null
[main] INFO org.apache.nifi.properties.ConfigEncryptionTool - (src)  flow.xml.gz:                  target/tmp/tmp-flow.xml.gz
[main] INFO org.apache.nifi.properties.ConfigEncryptionTool - (dest) flow.xml.gz:                  target/tmp/tmp-flow.xml.gz
[main] INFO org.apache.nifi.properties.NiFiPropertiesLoader - Loaded 13 properties from /home/alex/Repositories/nifi/nifi-toolkit/nifi-toolkit-encrypt-config/target/tmp/tmp-nifi.properties
[main] INFO org.apache.nifi.properties.NiFiPropertiesLoader - Loaded 13 properties from /home/alex/Repositories/nifi/nifi-toolkit/nifi-toolkit-encrypt-config/target/tmp/tmp-nifi.properties
[main] INFO org.apache.nifi.properties.ConfigEncryptionTool - Loaded NiFiProperties instance with 10 properties
[main] INFO org.apache.nifi.properties.NiFiPropertiesLoader - Loaded 13 properties from /home/alex/Repositories/nifi/nifi-toolkit/nifi-toolkit-encrypt-config/target/tmp/tmp-nifi.properties
[main] INFO org.apache.nifi.properties.ConfigEncryptionTool - Migrating flow.xml file at target/tmp/tmp-flow.xml.gz. This could take a while if the flow XML is very large.
[main] INFO org.apache.nifi.properties.ConfigEncryptionTool - Tool is not configured to encrypt nifi.properties, but the existing nifi.properties is encrypted and flow.xml.gz was migrated, so manually persisting the new encrypted value to nifi.properties
[main] INFO org.apache.nifi.properties.ConfigEncryptionToolTest - [EXPECTED] Tried to exit with status 0.
[main] INFO org.apache.nifi.properties.ConfigEncryptionToolTest - Updated key line: nifi.sensitive.props.key=Sy4z299dLbiVHIpL||zoDMeKaBB+nqL/jXAJzbGFWn6izMAS07a12XSV39IMUksLU
[main] INFO org.apache.nifi.properties.NiFiPropertiesLoader - Loaded 13 properties from /home/alex/Repositories/nifi/nifi-toolkit/nifi-toolkit-encrypt-config/target/tmp/tmp-nifi.properties
[main] INFO org.apache.nifi.properties.ConfigEncryptionToolTest - Sensitive property key currently protected with aes/gcm/128
[main] INFO org.apache.nifi.properties.ConfigEncryptionToolTest - Updated key line: nifi.bootstrap.sensitive.key=2C576A9585DB862F5ECBEE5B4FFFCCA1
[main] INFO org.apache.nifi.properties.ConfigEncryptionToolTest - Original flow.xml.gz cipher texts: [enc{d5344deb074c0b56ba804912c24865bb7984fa5b51de40bb58f8fc74d611662bfffbe88a35e9e06c8f9ea3ee1bf5737e}, enc{3c6e58b4662a9beddb6a85dcde145de5e586258bdd18c5d475945b949f448e341eed6e457d5da12de9b01dacaaefe860}]
[main] INFO org.apache.nifi.properties.ConfigEncryptionToolTest - Updated  flow.xml.gz cipher texts: [enc{3d9e7dae0102f6c803256a3f1d356d6dc9150b0ec9fa0dd7d575f743039c5cfe15bd45dc7468283d269db42596c9bf08}, enc{75bbfdd58009ac9f38a82511c764e6427083a26b4392f359f281f00213cfdd891c387cfebb80b21f16ade6fbf93fa51b}]
]]></system-err>
  </testcase>
  <testcase name="testShouldEncryptAuthorizersWithEmptySensitiveElements" classname="org.apache.nifi.properties.ConfigEncryptionToolTest" time="0.062">
    <system-err><![CDATA[[main] INFO org.apache.nifi.properties.ConfigEncryptionToolTest - Read lines: 
<?xml version="1.0" encoding="UTF-8" standalone="yes"?>
<!--
  Licensed to the Apache Software Foundation (ASF) under one or more
  contributor license agreements.  See the NOTICE file distributed with
  this work for additional information regarding copyright ownership.
  The ASF licenses this file to You under the Apache License, Version 2.0
  (the "License"); you may not use this file except in compliance with
  the License.  You may obtain a copy of the License at
      http://www.apache.org/licenses/LICENSE-2.0
  Unless required by applicable law or agreed to in writing, software
  distributed under the License is distributed on an "AS IS" BASIS,
  WITHOUT WARRANTIES OR CONDITIONS OF ANY KIND, either express or implied.
  See the License for the specific language governing permissions and
  limitations under the License.
-->
<!--
    This file lists the userGroupProviders, accessPolicyProviders, and authorizers to use when running securely. In order
    to use a specific authorizer it must be configured here and it's identifier must be specified in the nifi.properties file.
    If the authorizer is a managedAuthorizer, it may need to be configured with an accessPolicyProvider and an userGroupProvider.
    This file allows for configuration of them, but they must be configured in order:

    ...
    all userGroupProviders
    all accessPolicyProviders
    all Authorizers
    ...
-->
<authorizers>

    <!--
        The FileUserGroupProvider will provide support for managing users and groups which is backed by a file
        on the local file system.

        - Users File - The file where the FileUserGroupProvider will store users and groups.

        - Legacy Authorized Users File - The full path to an existing authorized-users.xml that will be automatically
            be used to load the users and groups into the Users File.

        - Initial User Identity [unique key] - The identity of a users and systems to seed the Users File. The name of
            each property must be unique, for example: "Initial User Identity A", "Initial User Identity B",
            "Initial User Identity C" or "Initial User Identity 1", "Initial User Identity 2", "Initial User Identity 3"

            NOTE: Any identity mapping rules specified in nifi.properties will also be applied to the user identities,
            so the values should be the unmapped identities (i.e. full DN from a certificate).
    -->
    <!--
    <userGroupProvider>
        <identifier>file-user-group-provider</identifier>
        <class>org.apache.nifi.authorization.FileUserGroupProvider</class>
        <property name="Users File">./conf/users.xml</property>
        <property name="Legacy Authorized Users File"></property>

        <property name="Initial User Identity 1"></property>
    </userGroupProvider>
    -->

    <!--
        The LdapUserGroupProvider will retrieve users and groups from an LDAP server. The users and groups
        are not configurable.

        'Authentication Strategy' - How the connection to the LDAP server is authenticated. Possible
            values are ANONYMOUS, SIMPLE, LDAPS, or START_TLS.

        'Manager DN' - The DN of the manager that is used to bind to the LDAP server to search for users.
        'Manager Password' - The password of the manager that is used to bind to the LDAP server to
            search for users.

        'TLS - Keystore' - Path to the Keystore that is used when connecting to LDAP using LDAPS or START_TLS.
        'TLS - Keystore Password' - Password for the Keystore that is used when connecting to LDAP
            using LDAPS or START_TLS.
        'TLS - Keystore Type' - Type of the Keystore that is used when connecting to LDAP using
            LDAPS or START_TLS (i.e. JKS or PKCS12).
        'TLS - Truststore' - Path to the Truststore that is used when connecting to LDAP using LDAPS or START_TLS.
        'TLS - Truststore Password' - Password for the Truststore that is used when connecting to
            LDAP using LDAPS or START_TLS.
        'TLS - Truststore Type' - Type of the Truststore that is used when connecting to LDAP using
            LDAPS or START_TLS (i.e. JKS or PKCS12).
        'TLS - Client Auth' - Client authentication policy when connecting to LDAP using LDAPS or START_TLS.
            Possible values are REQUIRED, WANT, NONE.
        'TLS - Protocol' - Protocol to use when connecting to LDAP using LDAPS or START_TLS. (i.e. TLS,
            TLSv1.1, TLSv1.2, etc).
        'TLS - Shutdown Gracefully' - Specifies whether the TLS should be shut down gracefully
            before the target context is closed. Defaults to false.

        'Referral Strategy' - Strategy for handling referrals. Possible values are FOLLOW, IGNORE, THROW.
        'Connect Timeout' - Duration of connect timeout. (i.e. 10 secs).
        'Read Timeout' - Duration of read timeout. (i.e. 10 secs).

        'Url' - Space-separated list of URLs of the LDAP servers (i.e. ldap://<hostname>:<port>).
        'Page Size' - Sets the page size when retrieving users and groups. If not specified, no paging is performed.
        'Sync Interval' - Duration of time between syncing users and groups (i.e. 30 mins). Minimum allowable value is 10 secs.

        'User Search Base' - Base DN for searching for users (i.e. ou=users,o=nifi). Required to search users.
        'User Object Class' - Object class for identifying users (i.e. person). Required if searching users.
        'User Search Scope' - Search scope for searching users (ONE_LEVEL, OBJECT, or SUBTREE). Required if searching users.
        'User Search Filter' - Filter for searching for users against the 'User Search Base' (i.e. (memberof=cn=team1,ou=groups,o=nifi) ). Optional.
        'User Identity Attribute' - Attribute to use to extract user identity (i.e. cn). Optional. If not set, the entire DN is used.
        'User Group Name Attribute' - Attribute to use to define group membership (i.e. memberof). Optional. If not set
            group membership will not be calculated through the users. Will rely on group membership being defined
            through 'Group Member Attribute' if set. The value of this property is the name of the attribute in the user ldap entry that
            associates them with a group. The value of that user attribute could be a dn or group name for instance. What value is expected
            is configured in the 'User Group Name Attribute - Referenced Group Attribute'.
        'User Group Name Attribute - Referenced Group Attribute' - If blank, the value of the attribute defined in 'User Group Name Attribute'
            is expected to be the full dn of the group. If not blank, this property will define the attribute of the group ldap entry that
            the value of the attribute defined in 'User Group Name Attribute' is referencing (i.e. name). Use of this property requires that
            'Group Search Base' is also configured.

        'Group Search Base' - Base DN for searching for groups (i.e. ou=groups,o=nifi). Required to search groups.
        'Group Object Class' - Object class for identifying groups (i.e. groupOfNames). Required if searching groups.
        'Group Search Scope' - Search scope for searching groups (ONE_LEVEL, OBJECT, or SUBTREE). Required if searching groups.
        'Group Search Filter' - Filter for searching for groups against the 'Group Search Base'. Optional.
        'Group Name Attribute' - Attribute to use to extract group name (i.e. cn). Optional. If not set, the entire DN is used.
        'Group Member Attribute' - Attribute to use to define group membership (i.e. member). Optional. If not set
            group membership will not be calculated through the groups. Will rely on group membership being defined
            through 'User Group Name Attribute' if set. The value of this property is the name of the attribute in the group ldap entry that
            associates them with a user. The value of that group attribute could be a dn or memberUid for instance. What value is expected
            is configured in the 'Group Member Attribute - Referenced User Attribute'. (i.e. member: cn=User 1,ou=users,o=nifi vs. memberUid: user1)
        'Group Member Attribute - Referenced User Attribute' - If blank, the value of the attribute defined in 'Group Member Attribute'
            is expected to be the full dn of the user. If not blank, this property will define the attribute of the user ldap entry that
            the value of the attribute defined in 'Group Member Attribute' is referencing (i.e. uid). Use of this property requires that
            'User Search Base' is also configured. (i.e. member: cn=User 1,ou=users,o=nifi vs. memberUid: user1)

        NOTE: Any identity mapping rules specified in nifi.properties will also be applied to the user identities.
            Group names are not mapped.
    -->
    <userGroupProvider>
        <identifier>ldap-user-group-provider</identifier>
        <class>org.apache.nifi.ldap.tenants.LdapUserGroupProvider</class>
        <property name="Authentication Strategy">START_TLS</property>

        <property name="Manager DN">someuser</property>
        <property name="Manager Password">thisIsABadPassword</property>

        <property name="TLS - Keystore"></property>
        <property name="TLS - Keystore Password"></property>
        <property name="TLS - Keystore Type"></property>
        <property name="TLS - Truststore"></property>
        <property name="TLS - Truststore Password"></property>
        <property name="TLS - Truststore Type"></property>
        <property name="TLS - Client Auth"></property>
        <property name="TLS - Protocol"></property>
        <property name="TLS - Shutdown Gracefully"></property>

        <property name="Referral Strategy">FOLLOW</property>
        <property name="Connect Timeout">10 secs</property>
        <property name="Read Timeout">10 secs</property>

        <property name="Url"></property>
        <property name="Page Size"></property>
        <property name="Sync Interval">30 mins</property>

        <property name="User Search Base"></property>
        <property name="User Object Class">person</property>
        <property name="User Search Scope">ONE_LEVEL</property>
        <property name="User Search Filter"></property>
        <property name="User Identity Attribute"></property>
        <property name="User Group Name Attribute"></property>
        <property name="User Group Name Attribute - Referenced Group Attribute"></property>

        <property name="Group Search Base"></property>
        <property name="Group Object Class">group</property>
        <property name="Group Search Scope">ONE_LEVEL</property>
        <property name="Group Search Filter"></property>
        <property name="Group Name Attribute"></property>
        <property name="Group Member Attribute"></property>
        <property name="Group Member Attribute - Referenced User Attribute"></property>
    </userGroupProvider>

    <!--
        The CompositeUserGroupProvider will provide support for retrieving users and groups from multiple sources.

        - User Group Provider [unique key] - The identifier of user group providers to load from. The name of
            each property must be unique, for example: "User Group Provider A", "User Group Provider B",
            "User Group Provider C" or "User Group Provider 1", "User Group Provider 2", "User Group Provider 3"

            NOTE: Any identity mapping rules specified in nifi.properties are not applied in this implementation. This behavior
            would need to be applied by the base implementation.
    -->
    <!-- To enable the composite-user-group-provider remove 2 lines. This is 1 of 2.
    <userGroupProvider>
        <identifier>composite-user-group-provider</identifier>
        <class>org.apache.nifi.authorization.CompositeUserGroupProvider</class>
        <property name="User Group Provider 1"></property>
    </userGroupProvider>
    To enable the composite-user-group-provider remove 2 lines. This is 2 of 2. -->

    <!--
        The CompositeConfigurableUserGroupProvider will provide support for retrieving users and groups from multiple sources.
        Additionally, a single configurable user group provider is required. Users from the configurable user group provider
        are configurable, however users loaded from one of the User Group Provider [unique key] will not be.

        - Configurable User Group Provider - A configurable user group provider.

        - User Group Provider [unique key] - The identifier of user group providers to load from. The name of
            each property must be unique, for example: "User Group Provider A", "User Group Provider B",
            "User Group Provider C" or "User Group Provider 1", "User Group Provider 2", "User Group Provider 3"

            NOTE: Any identity mapping rules specified in nifi.properties are not applied in this implementation. This behavior
            would need to be applied by the base implementation.
    -->
    <!-- To enable the composite-configurable-user-group-provider remove 2 lines. This is 1 of 2.
    <userGroupProvider>
        <identifier>composite-configurable-user-group-provider</identifier>
        <class>org.apache.nifi.authorization.CompositeConfigurableUserGroupProvider</class>
        <property name="Configurable User Group Provider">file-user-group-provider</property>
        <property name="User Group Provider 1"></property>
    </userGroupProvider>
    To enable the composite-configurable-user-group-provider remove 2 lines. This is 2 of 2. -->

    <!--
        The FileAccessPolicyProvider will provide support for managing access policies which is backed by a file
        on the local file system.

        - User Group Provider - The identifier for an User Group Provider defined above that will be used to access
            users and groups for use in the managed access policies.

        - Authorizations File - The file where the FileAccessPolicyProvider will store policies.

        - Initial Admin Identity - The identity of an initial admin user that will be granted access to the UI and
            given the ability to create additional users, groups, and policies. The value of this property could be
            a DN when using certificates or LDAP, or a Kerberos principal. This property will only be used when there
            are no other policies defined. If this property is specified then a Legacy Authorized Users File can not be specified.

            NOTE: Any identity mapping rules specified in nifi.properties will also be applied to the initial admin identity,
            so the value should be the unmapped identity. This identity must be found in the configured User Group Provider.

        - Legacy Authorized Users File - The full path to an existing authorized-users.xml that will be automatically
            converted to the new authorizations model. If this property is specified then an Initial Admin Identity can
            not be specified, and this property will only be used when there are no other users, groups, and policies defined.

            NOTE: Any users in the legacy users file must be found in the configured User Group Provider.

        - Node Identity [unique key] - The identity of a NiFi cluster node. When clustered, a property for each node
            should be defined, so that every node knows about every other node. If not clustered these properties can be ignored.
            The name of each property must be unique, for example for a three node cluster:
            "Node Identity A", "Node Identity B", "Node Identity C" or "Node Identity 1", "Node Identity 2", "Node Identity 3"

            NOTE: Any identity mapping rules specified in nifi.properties will also be applied to the node identities,
            so the values should be the unmapped identities (i.e. full DN from a certificate). This identity must be found
            in the configured User Group Provider.
    -->
    <accessPolicyProvider>
        <identifier>file-access-policy-provider</identifier>
        <class>org.apache.nifi.authorization.FileAccessPolicyProvider</class>
        <property name="User Group Provider">ldap-user-group-provider</property>
        <property name="Authorizations File">./conf/authorizations.xml</property>
        <property name="Initial Admin Identity"></property>
        <property name="Legacy Authorized Users File"></property>

        <property name="Node Identity 1"></property>
    </accessPolicyProvider>

    <!--
        The StandardManagedAuthorizer. This authorizer implementation must be configured with the
        Access Policy Provider which it will use to access and manage users, groups, and policies.
        These users, groups, and policies will be used to make all access decisions during authorization
        requests.

        - Access Policy Provider - The identifier for an Access Policy Provider defined above.
    -->
    <authorizer>
        <identifier>managed-authorizer</identifier>
        <class>org.apache.nifi.authorization.StandardManagedAuthorizer</class>
        <property name="Access Policy Provider">file-access-policy-provider</property>
    </authorizer>

    <!--
        NOTE: This Authorizer has been replaced with the more granular approach configured above with the Standard
        Managed Authorizer. However, it is still available for backwards compatibility reasons.

        The FileAuthorizer is NiFi's provided authorizer and has the following properties:

        - Authorizations File - The file where the FileAuthorizer will store policies.

        - Users File - The file where the FileAuthorizer will store users and groups.

        - Initial Admin Identity - The identity of an initial admin user that will be granted access to the UI and
            given the ability to create additional users, groups, and policies. The value of this property could be
            a DN when using certificates or LDAP, or a Kerberos principal. This property will only be used when there
            are no other users, groups, and policies defined. If this property is specified then a Legacy Authorized
            Users File can not be specified.

            NOTE: Any identity mapping rules specified in nifi.properties will also be applied to the initial admin identity,
            so the value should be the unmapped identity.

        - Legacy Authorized Users File - The full path to an existing authorized-users.xml that will be automatically
            converted to the new authorizations model. If this property is specified then an Initial Admin Identity can
            not be specified, and this property will only be used when there are no other users, groups, and policies defined.

        - Node Identity [unique key] - The identity of a NiFi cluster node. When clustered, a property for each node
            should be defined, so that every node knows about every other node. If not clustered these properties can be ignored.
            The name of each property must be unique, for example for a three node cluster:
            "Node Identity A", "Node Identity B", "Node Identity C" or "Node Identity 1", "Node Identity 2", "Node Identity 3"

            NOTE: Any identity mapping rules specified in nifi.properties will also be applied to the node identities,
            so the values should be the unmapped identities (i.e. full DN from a certificate).
    -->
    <!-- <authorizer>
        <identifier>file-provider</identifier>
        <class>org.apache.nifi.authorization.FileAuthorizer</class>
        <property name="Authorizations File">./conf/authorizations.xml</property>
        <property name="Users File">./conf/users.xml</property>
        <property name="Initial Admin Identity"></property>
        <property name="Legacy Authorized Users File"></property>

        <property name="Node Identity 1"></property>
    </authorizer>
    -->
</authorizers>
[main] INFO org.apache.nifi.properties.ConfigEncryptionTool - Attempting to encrypt property using protection scheme aes/gcm/256
[main] WARN org.apache.nifi.properties.AbstractBootstrapPropertiesLoader - System Property [nifi.properties.file.path] not found: Using Relative Path [conf/nifi.properties]
[main] WARN org.apache.nifi.properties.ConfigEncryptionTool - Could not load default bootstrap.conf: Configuration Directory [conf] not found for Bootstrap Properties
[main] INFO org.apache.nifi.properties.ConfigEncryptionTool - Updated XML content: <?xml version="1.0" encoding="UTF-8"?><authorizers>

    
    

    
    <userGroupProvider>
        <identifier>ldap-user-group-provider</identifier>
        <class>org.apache.nifi.ldap.tenants.LdapUserGroupProvider</class>
        <property name="Authentication Strategy">START_TLS</property>

        <property name="Manager DN">someuser</property>
        <property name="Manager Password" encryption="aes/gcm/256">yEGX92ICUeeFrFmM||WICboiOq+Ky3iJ1MIfp4PUD4vbgaP1rxSP8X2WJ/55qBDQ</property>

        <property name="TLS - Keystore"/>
        <property name="TLS - Keystore Password"/>
        <property name="TLS - Keystore Type"/>
        <property name="TLS - Truststore"/>
        <property name="TLS - Truststore Password"/>
        <property name="TLS - Truststore Type"/>
        <property name="TLS - Client Auth"/>
        <property name="TLS - Protocol"/>
        <property name="TLS - Shutdown Gracefully"/>

        <property name="Referral Strategy">FOLLOW</property>
        <property name="Connect Timeout">10 secs</property>
        <property name="Read Timeout">10 secs</property>

        <property name="Url"/>
        <property name="Page Size"/>
        <property name="Sync Interval">30 mins</property>

        <property name="User Search Base"/>
        <property name="User Object Class">person</property>
        <property name="User Search Scope">ONE_LEVEL</property>
        <property name="User Search Filter"/>
        <property name="User Identity Attribute"/>
        <property name="User Group Name Attribute"/>
        <property name="User Group Name Attribute - Referenced Group Attribute"/>

        <property name="Group Search Base"/>
        <property name="Group Object Class">group</property>
        <property name="Group Search Scope">ONE_LEVEL</property>
        <property name="Group Search Filter"/>
        <property name="Group Name Attribute"/>
        <property name="Group Member Attribute"/>
        <property name="Group Member Attribute - Referenced User Attribute"/>
    </userGroupProvider>

    
    

    
    

    
    <accessPolicyProvider>
        <identifier>file-access-policy-provider</identifier>
        <class>org.apache.nifi.authorization.FileAccessPolicyProvider</class>
        <property name="User Group Provider">ldap-user-group-provider</property>
        <property name="Authorizations File">./conf/authorizations.xml</property>
        <property name="Initial Admin Identity"/>
        <property name="Legacy Authorized Users File"/>

        <property name="Node Identity 1"/>
    </accessPolicyProvider>

    
    <authorizer>
        <identifier>managed-authorizer</identifier>
        <class>org.apache.nifi.authorization.StandardManagedAuthorizer</class>
        <property name="Access Policy Provider">file-access-policy-provider</property>
    </authorizer>

    
    
</authorizers>

[main] INFO org.apache.nifi.properties.ConfigEncryptionToolTest - Encrypted lines: 
<?xml version="1.0" encoding="UTF-8"?><authorizers>

    
    

    
    <userGroupProvider>
        <identifier>ldap-user-group-provider</identifier>
        <class>org.apache.nifi.ldap.tenants.LdapUserGroupProvider</class>
        <property name="Authentication Strategy">START_TLS</property>

        <property name="Manager DN">someuser</property>
        <property name="Manager Password" encryption="aes/gcm/256">yEGX92ICUeeFrFmM||WICboiOq+Ky3iJ1MIfp4PUD4vbgaP1rxSP8X2WJ/55qBDQ</property>

        <property name="TLS - Keystore"/>
        <property name="TLS - Keystore Password"/>
        <property name="TLS - Keystore Type"/>
        <property name="TLS - Truststore"/>
        <property name="TLS - Truststore Password"/>
        <property name="TLS - Truststore Type"/>
        <property name="TLS - Client Auth"/>
        <property name="TLS - Protocol"/>
        <property name="TLS - Shutdown Gracefully"/>

        <property name="Referral Strategy">FOLLOW</property>
        <property name="Connect Timeout">10 secs</property>
        <property name="Read Timeout">10 secs</property>

        <property name="Url"/>
        <property name="Page Size"/>
        <property name="Sync Interval">30 mins</property>

        <property name="User Search Base"/>
        <property name="User Object Class">person</property>
        <property name="User Search Scope">ONE_LEVEL</property>
        <property name="User Search Filter"/>
        <property name="User Identity Attribute"/>
        <property name="User Group Name Attribute"/>
        <property name="User Group Name Attribute - Referenced Group Attribute"/>

        <property name="Group Search Base"/>
        <property name="Group Object Class">group</property>
        <property name="Group Search Scope">ONE_LEVEL</property>
        <property name="Group Search Filter"/>
        <property name="Group Name Attribute"/>
        <property name="Group Member Attribute"/>
        <property name="Group Member Attribute - Referenced User Attribute"/>
    </userGroupProvider>

    
    

    
    

    
    <accessPolicyProvider>
        <identifier>file-access-policy-provider</identifier>
        <class>org.apache.nifi.authorization.FileAccessPolicyProvider</class>
        <property name="User Group Provider">ldap-user-group-provider</property>
        <property name="Authorizations File">./conf/authorizations.xml</property>
        <property name="Initial Admin Identity"/>
        <property name="Legacy Authorized Users File"/>

        <property name="Node Identity 1"/>
    </accessPolicyProvider>

    
    <authorizer>
        <identifier>managed-authorizer</identifier>
        <class>org.apache.nifi.authorization.StandardManagedAuthorizer</class>
        <property name="Access Policy Provider">file-access-policy-provider</property>
    </authorizer>

    
    
</authorizers>
[main] INFO org.apache.nifi.properties.ConfigEncryptionToolTest - Cipher text: yEGX92ICUeeFrFmM||WICboiOq+Ky3iJ1MIfp4PUD4vbgaP1rxSP8X2WJ/55qBDQ
]]></system-err>
  </testcase>
  <testcase name="testShouldEncryptAuthorizersWithRenamedProvider" classname="org.apache.nifi.properties.ConfigEncryptionToolTest" time="0.056">
    <system-err><![CDATA[[main] INFO org.apache.nifi.properties.ConfigEncryptionToolTest - Read lines: 
<?xml version="1.0" encoding="UTF-8" standalone="yes"?>
<!--
  Licensed to the Apache Software Foundation (ASF) under one or more
  contributor license agreements.  See the NOTICE file distributed with
  this work for additional information regarding copyright ownership.
  The ASF licenses this file to You under the Apache License, Version 2.0
  (the "License"); you may not use this file except in compliance with
  the License.  You may obtain a copy of the License at
      http://www.apache.org/licenses/LICENSE-2.0
  Unless required by applicable law or agreed to in writing, software
  distributed under the License is distributed on an "AS IS" BASIS,
  WITHOUT WARRANTIES OR CONDITIONS OF ANY KIND, either express or implied.
  See the License for the specific language governing permissions and
  limitations under the License.
-->
<!--
    This file lists the userGroupProviders, accessPolicyProviders, and authorizers to use when running securely. In order
    to use a specific authorizer it must be configured here and it's identifier must be specified in the nifi.properties file.
    If the authorizer is a managedAuthorizer, it may need to be configured with an accessPolicyProvider and an userGroupProvider.
    This file allows for configuration of them, but they must be configured in order:

    ...
    all userGroupProviders
    all accessPolicyProviders
    all Authorizers
    ...
-->
<authorizers>

    <!--
        The FileUserGroupProvider will provide support for managing users and groups which is backed by a file
        on the local file system.

        - Users File - The file where the FileUserGroupProvider will store users and groups.

        - Legacy Authorized Users File - The full path to an existing authorized-users.xml that will be automatically
            be used to load the users and groups into the Users File.

        - Initial User Identity [unique key] - The identity of a users and systems to seed the Users File. The name of
            each property must be unique, for example: "Initial User Identity A", "Initial User Identity B",
            "Initial User Identity C" or "Initial User Identity 1", "Initial User Identity 2", "Initial User Identity 3"

            NOTE: Any identity mapping rules specified in nifi.properties will also be applied to the user identities,
            so the values should be the unmapped identities (i.e. full DN from a certificate).
    -->
    <!--
    <userGroupProvider>
        <identifier>file-user-group-provider</identifier>
        <class>org.apache.nifi.authorization.FileUserGroupProvider</class>
        <property name="Users File">./conf/users.xml</property>
        <property name="Legacy Authorized Users File"></property>

        <property name="Initial User Identity 1"></property>
    </userGroupProvider>
    -->

    <!--
        The LdapUserGroupProvider will retrieve users and groups from an LDAP server. The users and groups
        are not configurable.

        'Authentication Strategy' - How the connection to the LDAP server is authenticated. Possible
            values are ANONYMOUS, SIMPLE, LDAPS, or START_TLS.

        'Manager DN' - The DN of the manager that is used to bind to the LDAP server to search for users.
        'Manager Password' - The password of the manager that is used to bind to the LDAP server to
            search for users.

        'TLS - Keystore' - Path to the Keystore that is used when connecting to LDAP using LDAPS or START_TLS.
        'TLS - Keystore Password' - Password for the Keystore that is used when connecting to LDAP
            using LDAPS or START_TLS.
        'TLS - Keystore Type' - Type of the Keystore that is used when connecting to LDAP using
            LDAPS or START_TLS (i.e. JKS or PKCS12).
        'TLS - Truststore' - Path to the Truststore that is used when connecting to LDAP using LDAPS or START_TLS.
        'TLS - Truststore Password' - Password for the Truststore that is used when connecting to
            LDAP using LDAPS or START_TLS.
        'TLS - Truststore Type' - Type of the Truststore that is used when connecting to LDAP using
            LDAPS or START_TLS (i.e. JKS or PKCS12).
        'TLS - Client Auth' - Client authentication policy when connecting to LDAP using LDAPS or START_TLS.
            Possible values are REQUIRED, WANT, NONE.
        'TLS - Protocol' - Protocol to use when connecting to LDAP using LDAPS or START_TLS. (i.e. TLS,
            TLSv1.1, TLSv1.2, etc).
        'TLS - Shutdown Gracefully' - Specifies whether the TLS should be shut down gracefully
            before the target context is closed. Defaults to false.

        'Referral Strategy' - Strategy for handling referrals. Possible values are FOLLOW, IGNORE, THROW.
        'Connect Timeout' - Duration of connect timeout. (i.e. 10 secs).
        'Read Timeout' - Duration of read timeout. (i.e. 10 secs).

        'Url' - Space-separated list of URLs of the LDAP servers (i.e. ldap://<hostname>:<port>).
        'Page Size' - Sets the page size when retrieving users and groups. If not specified, no paging is performed.
        'Sync Interval' - Duration of time between syncing users and groups (i.e. 30 mins). Minimum allowable value is 10 secs.

        'User Search Base' - Base DN for searching for users (i.e. ou=users,o=nifi). Required to search users.
        'User Object Class' - Object class for identifying users (i.e. person). Required if searching users.
        'User Search Scope' - Search scope for searching users (ONE_LEVEL, OBJECT, or SUBTREE). Required if searching users.
        'User Search Filter' - Filter for searching for users against the 'User Search Base' (i.e. (memberof=cn=team1,ou=groups,o=nifi) ). Optional.
        'User Identity Attribute' - Attribute to use to extract user identity (i.e. cn). Optional. If not set, the entire DN is used.
        'User Group Name Attribute' - Attribute to use to define group membership (i.e. memberof). Optional. If not set
            group membership will not be calculated through the users. Will rely on group membership being defined
            through 'Group Member Attribute' if set. The value of this property is the name of the attribute in the user ldap entry that
            associates them with a group. The value of that user attribute could be a dn or group name for instance. What value is expected
            is configured in the 'User Group Name Attribute - Referenced Group Attribute'.
        'User Group Name Attribute - Referenced Group Attribute' - If blank, the value of the attribute defined in 'User Group Name Attribute'
            is expected to be the full dn of the group. If not blank, this property will define the attribute of the group ldap entry that
            the value of the attribute defined in 'User Group Name Attribute' is referencing (i.e. name). Use of this property requires that
            'Group Search Base' is also configured.

        'Group Search Base' - Base DN for searching for groups (i.e. ou=groups,o=nifi). Required to search groups.
        'Group Object Class' - Object class for identifying groups (i.e. groupOfNames). Required if searching groups.
        'Group Search Scope' - Search scope for searching groups (ONE_LEVEL, OBJECT, or SUBTREE). Required if searching groups.
        'Group Search Filter' - Filter for searching for groups against the 'Group Search Base'. Optional.
        'Group Name Attribute' - Attribute to use to extract group name (i.e. cn). Optional. If not set, the entire DN is used.
        'Group Member Attribute' - Attribute to use to define group membership (i.e. member). Optional. If not set
            group membership will not be calculated through the groups. Will rely on group membership being defined
            through 'User Group Name Attribute' if set. The value of this property is the name of the attribute in the group ldap entry that
            associates them with a user. The value of that group attribute could be a dn or memberUid for instance. What value is expected
            is configured in the 'Group Member Attribute - Referenced User Attribute'. (i.e. member: cn=User 1,ou=users,o=nifi vs. memberUid: user1)
        'Group Member Attribute - Referenced User Attribute' - If blank, the value of the attribute defined in 'Group Member Attribute'
            is expected to be the full dn of the user. If not blank, this property will define the attribute of the user ldap entry that
            the value of the attribute defined in 'Group Member Attribute' is referencing (i.e. uid). Use of this property requires that
            'User Search Base' is also configured. (i.e. member: cn=User 1,ou=users,o=nifi vs. memberUid: user1)

        NOTE: Any identity mapping rules specified in nifi.properties will also be applied to the user identities.
            Group names are not mapped.
    -->
    <userGroupProvider>
        <identifier>renamed-provider</identifier>
        <class>org.apache.nifi.ldap.tenants.LdapUserGroupProvider</class>
        <property name="Authentication Strategy">START_TLS</property>

        <property name="Manager DN">someuser</property>
        <property name="Manager Password">thisIsABadPassword</property>

        <property name="TLS - Keystore"></property>
        <property name="TLS - Keystore Password">thisIsABadPassword</property>
        <property name="TLS - Keystore Type"></property>
        <property name="TLS - Truststore"></property>
        <property name="TLS - Truststore Password">thisIsABadPassword</property>
        <property name="TLS - Truststore Type"></property>
        <property name="TLS - Client Auth"></property>
        <property name="TLS - Protocol"></property>
        <property name="TLS - Shutdown Gracefully"></property>

        <property name="Referral Strategy">FOLLOW</property>
        <property name="Connect Timeout">10 secs</property>
        <property name="Read Timeout">10 secs</property>

        <property name="Url"></property>
        <property name="Page Size"></property>
        <property name="Sync Interval">30 mins</property>

        <property name="User Search Base"></property>
        <property name="User Object Class">person</property>
        <property name="User Search Scope">ONE_LEVEL</property>
        <property name="User Search Filter"></property>
        <property name="User Identity Attribute"></property>
        <property name="User Group Name Attribute"></property>
        <property name="User Group Name Attribute - Referenced Group Attribute"></property>

        <property name="Group Search Base"></property>
        <property name="Group Object Class">group</property>
        <property name="Group Search Scope">ONE_LEVEL</property>
        <property name="Group Search Filter"></property>
        <property name="Group Name Attribute"></property>
        <property name="Group Member Attribute"></property>
        <property name="Group Member Attribute - Referenced User Attribute"></property>
    </userGroupProvider>

    <!--
        The CompositeUserGroupProvider will provide support for retrieving users and groups from multiple sources.

        - User Group Provider [unique key] - The identifier of user group providers to load from. The name of
            each property must be unique, for example: "User Group Provider A", "User Group Provider B",
            "User Group Provider C" or "User Group Provider 1", "User Group Provider 2", "User Group Provider 3"

            NOTE: Any identity mapping rules specified in nifi.properties are not applied in this implementation. This behavior
            would need to be applied by the base implementation.
    -->
    <!-- To enable the composite-user-group-provider remove 2 lines. This is 1 of 2.
    <userGroupProvider>
        <identifier>composite-user-group-provider</identifier>
        <class>org.apache.nifi.authorization.CompositeUserGroupProvider</class>
        <property name="User Group Provider 1"></property>
    </userGroupProvider>
    To enable the composite-user-group-provider remove 2 lines. This is 2 of 2. -->

    <!--
        The CompositeConfigurableUserGroupProvider will provide support for retrieving users and groups from multiple sources.
        Additionally, a single configurable user group provider is required. Users from the configurable user group provider
        are configurable, however users loaded from one of the User Group Provider [unique key] will not be.

        - Configurable User Group Provider - A configurable user group provider.

        - User Group Provider [unique key] - The identifier of user group providers to load from. The name of
            each property must be unique, for example: "User Group Provider A", "User Group Provider B",
            "User Group Provider C" or "User Group Provider 1", "User Group Provider 2", "User Group Provider 3"

            NOTE: Any identity mapping rules specified in nifi.properties are not applied in this implementation. This behavior
            would need to be applied by the base implementation.
    -->
    <!-- To enable the composite-configurable-user-group-provider remove 2 lines. This is 1 of 2.
    <userGroupProvider>
        <identifier>composite-configurable-user-group-provider</identifier>
        <class>org.apache.nifi.authorization.CompositeConfigurableUserGroupProvider</class>
        <property name="Configurable User Group Provider">file-user-group-provider</property>
        <property name="User Group Provider 1"></property>
    </userGroupProvider>
    To enable the composite-configurable-user-group-provider remove 2 lines. This is 2 of 2. -->

    <!--
        The FileAccessPolicyProvider will provide support for managing access policies which is backed by a file
        on the local file system.

        - User Group Provider - The identifier for an User Group Provider defined above that will be used to access
            users and groups for use in the managed access policies.

        - Authorizations File - The file where the FileAccessPolicyProvider will store policies.

        - Initial Admin Identity - The identity of an initial admin user that will be granted access to the UI and
            given the ability to create additional users, groups, and policies. The value of this property could be
            a DN when using certificates or LDAP, or a Kerberos principal. This property will only be used when there
            are no other policies defined. If this property is specified then a Legacy Authorized Users File can not be specified.

            NOTE: Any identity mapping rules specified in nifi.properties will also be applied to the initial admin identity,
            so the value should be the unmapped identity. This identity must be found in the configured User Group Provider.

        - Legacy Authorized Users File - The full path to an existing authorized-users.xml that will be automatically
            converted to the new authorizations model. If this property is specified then an Initial Admin Identity can
            not be specified, and this property will only be used when there are no other users, groups, and policies defined.

            NOTE: Any users in the legacy users file must be found in the configured User Group Provider.

        - Node Identity [unique key] - The identity of a NiFi cluster node. When clustered, a property for each node
            should be defined, so that every node knows about every other node. If not clustered these properties can be ignored.
            The name of each property must be unique, for example for a three node cluster:
            "Node Identity A", "Node Identity B", "Node Identity C" or "Node Identity 1", "Node Identity 2", "Node Identity 3"

            NOTE: Any identity mapping rules specified in nifi.properties will also be applied to the node identities,
            so the values should be the unmapped identities (i.e. full DN from a certificate). This identity must be found
            in the configured User Group Provider.
    -->
    <accessPolicyProvider>
        <identifier>file-access-policy-provider</identifier>
        <class>org.apache.nifi.authorization.FileAccessPolicyProvider</class>
        <property name="User Group Provider">renamed-provider</property>
        <property name="Authorizations File">./conf/authorizations.xml</property>
        <property name="Initial Admin Identity"></property>
        <property name="Legacy Authorized Users File"></property>

        <property name="Node Identity 1"></property>
    </accessPolicyProvider>

    <!--
        The StandardManagedAuthorizer. This authorizer implementation must be configured with the
        Access Policy Provider which it will use to access and manage users, groups, and policies.
        These users, groups, and policies will be used to make all access decisions during authorization
        requests.

        - Access Policy Provider - The identifier for an Access Policy Provider defined above.
    -->
    <authorizer>
        <identifier>managed-authorizer</identifier>
        <class>org.apache.nifi.authorization.StandardManagedAuthorizer</class>
        <property name="Access Policy Provider">file-access-policy-provider</property>
    </authorizer>

    <!--
        NOTE: This Authorizer has been replaced with the more granular approach configured above with the Standard
        Managed Authorizer. However, it is still available for backwards compatibility reasons.

        The FileAuthorizer is NiFi's provided authorizer and has the following properties:

        - Authorizations File - The file where the FileAuthorizer will store policies.

        - Users File - The file where the FileAuthorizer will store users and groups.

        - Initial Admin Identity - The identity of an initial admin user that will be granted access to the UI and
            given the ability to create additional users, groups, and policies. The value of this property could be
            a DN when using certificates or LDAP, or a Kerberos principal. This property will only be used when there
            are no other users, groups, and policies defined. If this property is specified then a Legacy Authorized
            Users File can not be specified.

            NOTE: Any identity mapping rules specified in nifi.properties will also be applied to the initial admin identity,
            so the value should be the unmapped identity.

        - Legacy Authorized Users File - The full path to an existing authorized-users.xml that will be automatically
            converted to the new authorizations model. If this property is specified then an Initial Admin Identity can
            not be specified, and this property will only be used when there are no other users, groups, and policies defined.

        - Node Identity [unique key] - The identity of a NiFi cluster node. When clustered, a property for each node
            should be defined, so that every node knows about every other node. If not clustered these properties can be ignored.
            The name of each property must be unique, for example for a three node cluster:
            "Node Identity A", "Node Identity B", "Node Identity C" or "Node Identity 1", "Node Identity 2", "Node Identity 3"

            NOTE: Any identity mapping rules specified in nifi.properties will also be applied to the node identities,
            so the values should be the unmapped identities (i.e. full DN from a certificate).
    -->
    <!-- <authorizer>
        <identifier>file-provider</identifier>
        <class>org.apache.nifi.authorization.FileAuthorizer</class>
        <property name="Authorizations File">./conf/authorizations.xml</property>
        <property name="Users File">./conf/users.xml</property>
        <property name="Initial Admin Identity"></property>
        <property name="Legacy Authorized Users File"></property>

        <property name="Node Identity 1"></property>
    </authorizer>
    -->
</authorizers>
[main] INFO org.apache.nifi.properties.ConfigEncryptionTool - Attempting to encrypt property using protection scheme aes/gcm/256
[main] WARN org.apache.nifi.properties.AbstractBootstrapPropertiesLoader - System Property [nifi.properties.file.path] not found: Using Relative Path [conf/nifi.properties]
[main] WARN org.apache.nifi.properties.ConfigEncryptionTool - Could not load default bootstrap.conf: Configuration Directory [conf] not found for Bootstrap Properties
[main] INFO org.apache.nifi.properties.ConfigEncryptionTool - Attempting to encrypt property using protection scheme aes/gcm/256
[main] INFO org.apache.nifi.properties.ConfigEncryptionTool - Attempting to encrypt property using protection scheme aes/gcm/256
[main] INFO org.apache.nifi.properties.ConfigEncryptionTool - Updated XML content: <?xml version="1.0" encoding="UTF-8"?><authorizers>

    
    

    
    <userGroupProvider>
        <identifier>renamed-provider</identifier>
        <class>org.apache.nifi.ldap.tenants.LdapUserGroupProvider</class>
        <property name="Authentication Strategy">START_TLS</property>

        <property name="Manager DN">someuser</property>
        <property name="Manager Password" encryption="aes/gcm/256">bSK998J0i7JdSC2X||iLUUcr61Qgv6v4b6suoJPu/O4pFNM5JvvPGNKTPZlt198A</property>

        <property name="TLS - Keystore"/>
        <property name="TLS - Keystore Password" encryption="aes/gcm/256">YODK1Wps1Gr16w2R||5I5BFK7XxQeo731sKdH5eXvQ8cI8U7w/kSg3k+6Yni0G3w</property>
        <property name="TLS - Keystore Type"/>
        <property name="TLS - Truststore"/>
        <property name="TLS - Truststore Password" encryption="aes/gcm/256">w54pONhO3FrC4cqu||YMHchSwxxeo9+sVOmwpOzJFcfIwUjGcmyaz9A9OQj5dmfQ</property>
        <property name="TLS - Truststore Type"/>
        <property name="TLS - Client Auth"/>
        <property name="TLS - Protocol"/>
        <property name="TLS - Shutdown Gracefully"/>

        <property name="Referral Strategy">FOLLOW</property>
        <property name="Connect Timeout">10 secs</property>
        <property name="Read Timeout">10 secs</property>

        <property name="Url"/>
        <property name="Page Size"/>
        <property name="Sync Interval">30 mins</property>

        <property name="User Search Base"/>
        <property name="User Object Class">person</property>
        <property name="User Search Scope">ONE_LEVEL</property>
        <property name="User Search Filter"/>
        <property name="User Identity Attribute"/>
        <property name="User Group Name Attribute"/>
        <property name="User Group Name Attribute - Referenced Group Attribute"/>

        <property name="Group Search Base"/>
        <property name="Group Object Class">group</property>
        <property name="Group Search Scope">ONE_LEVEL</property>
        <property name="Group Search Filter"/>
        <property name="Group Name Attribute"/>
        <property name="Group Member Attribute"/>
        <property name="Group Member Attribute - Referenced User Attribute"/>
    </userGroupProvider>

    
    

    
    

    
    <accessPolicyProvider>
        <identifier>file-access-policy-provider</identifier>
        <class>org.apache.nifi.authorization.FileAccessPolicyProvider</class>
        <property name="User Group Provider">renamed-provider</property>
        <property name="Authorizations File">./conf/authorizations.xml</property>
        <property name="Initial Admin Identity"/>
        <property name="Legacy Authorized Users File"/>

        <property name="Node Identity 1"/>
    </accessPolicyProvider>

    
    <authorizer>
        <identifier>managed-authorizer</identifier>
        <class>org.apache.nifi.authorization.StandardManagedAuthorizer</class>
        <property name="Access Policy Provider">file-access-policy-provider</property>
    </authorizer>

    
    
</authorizers>

[main] INFO org.apache.nifi.properties.ConfigEncryptionToolTest - Encrypted lines: 
<?xml version="1.0" encoding="UTF-8"?><authorizers>

    
    

    
    <userGroupProvider>
        <identifier>renamed-provider</identifier>
        <class>org.apache.nifi.ldap.tenants.LdapUserGroupProvider</class>
        <property name="Authentication Strategy">START_TLS</property>

        <property name="Manager DN">someuser</property>
        <property name="Manager Password" encryption="aes/gcm/256">bSK998J0i7JdSC2X||iLUUcr61Qgv6v4b6suoJPu/O4pFNM5JvvPGNKTPZlt198A</property>

        <property name="TLS - Keystore"/>
        <property name="TLS - Keystore Password" encryption="aes/gcm/256">YODK1Wps1Gr16w2R||5I5BFK7XxQeo731sKdH5eXvQ8cI8U7w/kSg3k+6Yni0G3w</property>
        <property name="TLS - Keystore Type"/>
        <property name="TLS - Truststore"/>
        <property name="TLS - Truststore Password" encryption="aes/gcm/256">w54pONhO3FrC4cqu||YMHchSwxxeo9+sVOmwpOzJFcfIwUjGcmyaz9A9OQj5dmfQ</property>
        <property name="TLS - Truststore Type"/>
        <property name="TLS - Client Auth"/>
        <property name="TLS - Protocol"/>
        <property name="TLS - Shutdown Gracefully"/>

        <property name="Referral Strategy">FOLLOW</property>
        <property name="Connect Timeout">10 secs</property>
        <property name="Read Timeout">10 secs</property>

        <property name="Url"/>
        <property name="Page Size"/>
        <property name="Sync Interval">30 mins</property>

        <property name="User Search Base"/>
        <property name="User Object Class">person</property>
        <property name="User Search Scope">ONE_LEVEL</property>
        <property name="User Search Filter"/>
        <property name="User Identity Attribute"/>
        <property name="User Group Name Attribute"/>
        <property name="User Group Name Attribute - Referenced Group Attribute"/>

        <property name="Group Search Base"/>
        <property name="Group Object Class">group</property>
        <property name="Group Search Scope">ONE_LEVEL</property>
        <property name="Group Search Filter"/>
        <property name="Group Name Attribute"/>
        <property name="Group Member Attribute"/>
        <property name="Group Member Attribute - Referenced User Attribute"/>
    </userGroupProvider>

    
    

    
    

    
    <accessPolicyProvider>
        <identifier>file-access-policy-provider</identifier>
        <class>org.apache.nifi.authorization.FileAccessPolicyProvider</class>
        <property name="User Group Provider">renamed-provider</property>
        <property name="Authorizations File">./conf/authorizations.xml</property>
        <property name="Initial Admin Identity"/>
        <property name="Legacy Authorized Users File"/>

        <property name="Node Identity 1"/>
    </accessPolicyProvider>

    
    <authorizer>
        <identifier>managed-authorizer</identifier>
        <class>org.apache.nifi.authorization.StandardManagedAuthorizer</class>
        <property name="Access Policy Provider">file-access-policy-provider</property>
    </authorizer>

    
    
</authorizers>
[main] INFO org.apache.nifi.properties.ConfigEncryptionToolTest - Cipher text: bSK998J0i7JdSC2X||iLUUcr61Qgv6v4b6suoJPu/O4pFNM5JvvPGNKTPZlt198A
[main] INFO org.apache.nifi.properties.ConfigEncryptionToolTest - Cipher text: YODK1Wps1Gr16w2R||5I5BFK7XxQeo731sKdH5eXvQ8cI8U7w/kSg3k+6Yni0G3w
[main] INFO org.apache.nifi.properties.ConfigEncryptionToolTest - Cipher text: w54pONhO3FrC4cqu||YMHchSwxxeo9+sVOmwpOzJFcfIwUjGcmyaz9A9OQj5dmfQ
]]></system-err>
  </testcase>
  <testcase name="testShouldEncryptAuthorizersWithMultilineElements" classname="org.apache.nifi.properties.ConfigEncryptionToolTest" time="0.058">
    <system-err><![CDATA[[main] INFO org.apache.nifi.properties.ConfigEncryptionToolTest - Read lines: 
<?xml version="1.0" encoding="UTF-8" standalone="yes"?>
<!--
  Licensed to the Apache Software Foundation (ASF) under one or more
  contributor license agreements.  See the NOTICE file distributed with
  this work for additional information regarding copyright ownership.
  The ASF licenses this file to You under the Apache License, Version 2.0
  (the "License"); you may not use this file except in compliance with
  the License.  You may obtain a copy of the License at
      http://www.apache.org/licenses/LICENSE-2.0
  Unless required by applicable law or agreed to in writing, software
  distributed under the License is distributed on an "AS IS" BASIS,
  WITHOUT WARRANTIES OR CONDITIONS OF ANY KIND, either express or implied.
  See the License for the specific language governing permissions and
  limitations under the License.
-->
<!--
    This file lists the userGroupProviders, accessPolicyProviders, and authorizers to use when running securely. In order
    to use a specific authorizer it must be configured here and it's identifier must be specified in the nifi.properties file.
    If the authorizer is a managedAuthorizer, it may need to be configured with an accessPolicyProvider and an userGroupProvider.
    This file allows for configuration of them, but they must be configured in order:

    ...
    all userGroupProviders
    all accessPolicyProviders
    all Authorizers
    ...
-->
<authorizers>

    <!--
        The FileUserGroupProvider will provide support for managing users and groups which is backed by a file
        on the local file system.

        - Users File - The file where the FileUserGroupProvider will store users and groups.

        - Legacy Authorized Users File - The full path to an existing authorized-users.xml that will be automatically
            be used to load the users and groups into the Users File.

        - Initial User Identity [unique key] - The identity of a users and systems to seed the Users File. The name of
            each property must be unique, for example: "Initial User Identity A", "Initial User Identity B",
            "Initial User Identity C" or "Initial User Identity 1", "Initial User Identity 2", "Initial User Identity 3"

            NOTE: Any identity mapping rules specified in nifi.properties will also be applied to the user identities,
            so the values should be the unmapped identities (i.e. full DN from a certificate).
    -->
    <!--
    <userGroupProvider>
        <identifier>file-user-group-provider</identifier>
        <class>org.apache.nifi.authorization.FileUserGroupProvider</class>
        <property name="Users File">./conf/users.xml</property>
        <property name="Legacy Authorized Users File"></property>

        <property name="Initial User Identity 1"></property>
    </userGroupProvider>
    -->

    <!--
        The LdapUserGroupProvider will retrieve users and groups from an LDAP server. The users and groups
        are not configurable.

        'Authentication Strategy' - How the connection to the LDAP server is authenticated. Possible
            values are ANONYMOUS, SIMPLE, LDAPS, or START_TLS.

        'Manager DN' - The DN of the manager that is used to bind to the LDAP server to search for users.
        'Manager Password' - The password of the manager that is used to bind to the LDAP server to
            search for users.

        'TLS - Keystore' - Path to the Keystore that is used when connecting to LDAP using LDAPS or START_TLS.
        'TLS - Keystore Password' - Password for the Keystore that is used when connecting to LDAP
            using LDAPS or START_TLS.
        'TLS - Keystore Type' - Type of the Keystore that is used when connecting to LDAP using
            LDAPS or START_TLS (i.e. JKS or PKCS12).
        'TLS - Truststore' - Path to the Truststore that is used when connecting to LDAP using LDAPS or START_TLS.
        'TLS - Truststore Password' - Password for the Truststore that is used when connecting to
            LDAP using LDAPS or START_TLS.
        'TLS - Truststore Type' - Type of the Truststore that is used when connecting to LDAP using
            LDAPS or START_TLS (i.e. JKS or PKCS12).
        'TLS - Client Auth' - Client authentication policy when connecting to LDAP using LDAPS or START_TLS.
            Possible values are REQUIRED, WANT, NONE.
        'TLS - Protocol' - Protocol to use when connecting to LDAP using LDAPS or START_TLS. (i.e. TLS,
            TLSv1.1, TLSv1.2, etc).
        'TLS - Shutdown Gracefully' - Specifies whether the TLS should be shut down gracefully
            before the target context is closed. Defaults to false.

        'Referral Strategy' - Strategy for handling referrals. Possible values are FOLLOW, IGNORE, THROW.
        'Connect Timeout' - Duration of connect timeout. (i.e. 10 secs).
        'Read Timeout' - Duration of read timeout. (i.e. 10 secs).

        'Url' - Space-separated list of URLs of the LDAP servers (i.e. ldap://<hostname>:<port>).
        'Page Size' - Sets the page size when retrieving users and groups. If not specified, no paging is performed.
        'Sync Interval' - Duration of time between syncing users and groups (i.e. 30 mins). Minimum allowable value is 10 secs.

        'User Search Base' - Base DN for searching for users (i.e. ou=users,o=nifi). Required to search users.
        'User Object Class' - Object class for identifying users (i.e. person). Required if searching users.
        'User Search Scope' - Search scope for searching users (ONE_LEVEL, OBJECT, or SUBTREE). Required if searching users.
        'User Search Filter' - Filter for searching for users against the 'User Search Base' (i.e. (memberof=cn=team1,ou=groups,o=nifi) ). Optional.
        'User Identity Attribute' - Attribute to use to extract user identity (i.e. cn). Optional. If not set, the entire DN is used.
        'User Group Name Attribute' - Attribute to use to define group membership (i.e. memberof). Optional. If not set
            group membership will not be calculated through the users. Will rely on group membership being defined
            through 'Group Member Attribute' if set. The value of this property is the name of the attribute in the user ldap entry that
            associates them with a group. The value of that user attribute could be a dn or group name for instance. What value is expected
            is configured in the 'User Group Name Attribute - Referenced Group Attribute'.
        'User Group Name Attribute - Referenced Group Attribute' - If blank, the value of the attribute defined in 'User Group Name Attribute'
            is expected to be the full dn of the group. If not blank, this property will define the attribute of the group ldap entry that
            the value of the attribute defined in 'User Group Name Attribute' is referencing (i.e. name). Use of this property requires that
            'Group Search Base' is also configured.

        'Group Search Base' - Base DN for searching for groups (i.e. ou=groups,o=nifi). Required to search groups.
        'Group Object Class' - Object class for identifying groups (i.e. groupOfNames). Required if searching groups.
        'Group Search Scope' - Search scope for searching groups (ONE_LEVEL, OBJECT, or SUBTREE). Required if searching groups.
        'Group Search Filter' - Filter for searching for groups against the 'Group Search Base'. Optional.
        'Group Name Attribute' - Attribute to use to extract group name (i.e. cn). Optional. If not set, the entire DN is used.
        'Group Member Attribute' - Attribute to use to define group membership (i.e. member). Optional. If not set
            group membership will not be calculated through the groups. Will rely on group membership being defined
            through 'User Group Name Attribute' if set. The value of this property is the name of the attribute in the group ldap entry that
            associates them with a user. The value of that group attribute could be a dn or memberUid for instance. What value is expected
            is configured in the 'Group Member Attribute - Referenced User Attribute'. (i.e. member: cn=User 1,ou=users,o=nifi vs. memberUid: user1)
        'Group Member Attribute - Referenced User Attribute' - If blank, the value of the attribute defined in 'Group Member Attribute'
            is expected to be the full dn of the user. If not blank, this property will define the attribute of the user ldap entry that
            the value of the attribute defined in 'Group Member Attribute' is referencing (i.e. uid). Use of this property requires that
            'User Search Base' is also configured. (i.e. member: cn=User 1,ou=users,o=nifi vs. memberUid: user1)

        NOTE: Any identity mapping rules specified in nifi.properties will also be applied to the user identities.
            Group names are not mapped.
    -->
    <userGroupProvider>
        <identifier>ldap-user-group-provider</identifier>
        <class>org.apache.nifi.ldap.tenants.LdapUserGroupProvider</class>
        <property name="Authentication Strategy">START_TLS</property>

        <property name="Manager DN">someuser</property>
        <property name="Manager Password">
            thisIsABadPassword
        </property>

        <property name="TLS - Keystore"></property>
        <property
                name="TLS - Keystore Password">thisIsABadPassword
        </property>
        <property name="TLS - Keystore Type"></property>
        <property name="TLS - Truststore"></property>
        <property name=
                          "TLS - Truststore Password">
            thisIsABadPassword</property>
        <property name="TLS - Truststore Type"></property>
        <property name="TLS - Client Auth"></property>
        <property name="TLS - Protocol"></property>
        <property name="TLS - Shutdown Gracefully"></property>

        <property name="Referral Strategy">FOLLOW</property>
        <property name="Connect Timeout">10 secs</property>
        <property name="Read Timeout">10 secs</property>

        <property name="Url"></property>
        <property name="Page Size"></property>
        <property name="Sync Interval">30 mins</property>

        <property name="User Search Base"></property>
        <property name="User Object Class">person</property>
        <property name="User Search Scope">ONE_LEVEL</property>
        <property name="User Search Filter"></property>
        <property name="User Identity Attribute"></property>
        <property name="User Group Name Attribute"></property>
        <property name="User Group Name Attribute - Referenced Group Attribute"></property>

        <property name="Group Search Base"></property>
        <property name="Group Object Class">group</property>
        <property name="Group Search Scope">ONE_LEVEL</property>
        <property name="Group Search Filter"></property>
        <property name="Group Name Attribute"></property>
        <property name="Group Member Attribute"></property>
        <property name="Group Member Attribute - Referenced User Attribute"></property>
    </userGroupProvider>

    <!--
        The CompositeUserGroupProvider will provide support for retrieving users and groups from multiple sources.

        - User Group Provider [unique key] - The identifier of user group providers to load from. The name of
            each property must be unique, for example: "User Group Provider A", "User Group Provider B",
            "User Group Provider C" or "User Group Provider 1", "User Group Provider 2", "User Group Provider 3"

            NOTE: Any identity mapping rules specified in nifi.properties are not applied in this implementation. This behavior
            would need to be applied by the base implementation.
    -->
    <!-- To enable the composite-user-group-provider remove 2 lines. This is 1 of 2.
    <userGroupProvider>
        <identifier>composite-user-group-provider</identifier>
        <class>org.apache.nifi.authorization.CompositeUserGroupProvider</class>
        <property name="User Group Provider 1"></property>
    </userGroupProvider>
    To enable the composite-user-group-provider remove 2 lines. This is 2 of 2. -->

    <!--
        The CompositeConfigurableUserGroupProvider will provide support for retrieving users and groups from multiple sources.
        Additionally, a single configurable user group provider is required. Users from the configurable user group provider
        are configurable, however users loaded from one of the User Group Provider [unique key] will not be.

        - Configurable User Group Provider - A configurable user group provider.

        - User Group Provider [unique key] - The identifier of user group providers to load from. The name of
            each property must be unique, for example: "User Group Provider A", "User Group Provider B",
            "User Group Provider C" or "User Group Provider 1", "User Group Provider 2", "User Group Provider 3"

            NOTE: Any identity mapping rules specified in nifi.properties are not applied in this implementation. This behavior
            would need to be applied by the base implementation.
    -->
    <!-- To enable the composite-configurable-user-group-provider remove 2 lines. This is 1 of 2.
    <userGroupProvider>
        <identifier>composite-configurable-user-group-provider</identifier>
        <class>org.apache.nifi.authorization.CompositeConfigurableUserGroupProvider</class>
        <property name="Configurable User Group Provider">file-user-group-provider</property>
        <property name="User Group Provider 1"></property>
    </userGroupProvider>
    To enable the composite-configurable-user-group-provider remove 2 lines. This is 2 of 2. -->

    <!--
        The FileAccessPolicyProvider will provide support for managing access policies which is backed by a file
        on the local file system.

        - User Group Provider - The identifier for an User Group Provider defined above that will be used to access
            users and groups for use in the managed access policies.

        - Authorizations File - The file where the FileAccessPolicyProvider will store policies.

        - Initial Admin Identity - The identity of an initial admin user that will be granted access to the UI and
            given the ability to create additional users, groups, and policies. The value of this property could be
            a DN when using certificates or LDAP, or a Kerberos principal. This property will only be used when there
            are no other policies defined. If this property is specified then a Legacy Authorized Users File can not be specified.

            NOTE: Any identity mapping rules specified in nifi.properties will also be applied to the initial admin identity,
            so the value should be the unmapped identity. This identity must be found in the configured User Group Provider.

        - Legacy Authorized Users File - The full path to an existing authorized-users.xml that will be automatically
            converted to the new authorizations model. If this property is specified then an Initial Admin Identity can
            not be specified, and this property will only be used when there are no other users, groups, and policies defined.

            NOTE: Any users in the legacy users file must be found in the configured User Group Provider.

        - Node Identity [unique key] - The identity of a NiFi cluster node. When clustered, a property for each node
            should be defined, so that every node knows about every other node. If not clustered these properties can be ignored.
            The name of each property must be unique, for example for a three node cluster:
            "Node Identity A", "Node Identity B", "Node Identity C" or "Node Identity 1", "Node Identity 2", "Node Identity 3"

            NOTE: Any identity mapping rules specified in nifi.properties will also be applied to the node identities,
            so the values should be the unmapped identities (i.e. full DN from a certificate). This identity must be found
            in the configured User Group Provider.
    -->
    <accessPolicyProvider>
        <identifier>file-access-policy-provider</identifier>
        <class>org.apache.nifi.authorization.FileAccessPolicyProvider</class>
        <property name="User Group Provider">ldap-user-group-provider</property>
        <property name="Authorizations File">./conf/authorizations.xml</property>
        <property name="Initial Admin Identity"></property>
        <property name="Legacy Authorized Users File"></property>

        <property name="Node Identity 1"></property>
    </accessPolicyProvider>

    <!--
        The StandardManagedAuthorizer. This authorizer implementation must be configured with the
        Access Policy Provider which it will use to access and manage users, groups, and policies.
        These users, groups, and policies will be used to make all access decisions during authorization
        requests.

        - Access Policy Provider - The identifier for an Access Policy Provider defined above.
    -->
    <authorizer>
        <identifier>managed-authorizer</identifier>
        <class>org.apache.nifi.authorization.StandardManagedAuthorizer</class>
        <property name="Access Policy Provider">file-access-policy-provider</property>
    </authorizer>

    <!--
        NOTE: This Authorizer has been replaced with the more granular approach configured above with the Standard
        Managed Authorizer. However, it is still available for backwards compatibility reasons.

        The FileAuthorizer is NiFi's provided authorizer and has the following properties:

        - Authorizations File - The file where the FileAuthorizer will store policies.

        - Users File - The file where the FileAuthorizer will store users and groups.

        - Initial Admin Identity - The identity of an initial admin user that will be granted access to the UI and
            given the ability to create additional users, groups, and policies. The value of this property could be
            a DN when using certificates or LDAP, or a Kerberos principal. This property will only be used when there
            are no other users, groups, and policies defined. If this property is specified then a Legacy Authorized
            Users File can not be specified.

            NOTE: Any identity mapping rules specified in nifi.properties will also be applied to the initial admin identity,
            so the value should be the unmapped identity.

        - Legacy Authorized Users File - The full path to an existing authorized-users.xml that will be automatically
            converted to the new authorizations model. If this property is specified then an Initial Admin Identity can
            not be specified, and this property will only be used when there are no other users, groups, and policies defined.

        - Node Identity [unique key] - The identity of a NiFi cluster node. When clustered, a property for each node
            should be defined, so that every node knows about every other node. If not clustered these properties can be ignored.
            The name of each property must be unique, for example for a three node cluster:
            "Node Identity A", "Node Identity B", "Node Identity C" or "Node Identity 1", "Node Identity 2", "Node Identity 3"

            NOTE: Any identity mapping rules specified in nifi.properties will also be applied to the node identities,
            so the values should be the unmapped identities (i.e. full DN from a certificate).
    -->
    <!-- <authorizer>
        <identifier>file-provider</identifier>
        <class>org.apache.nifi.authorization.FileAuthorizer</class>
        <property name="Authorizations File">./conf/authorizations.xml</property>
        <property name="Users File">./conf/users.xml</property>
        <property name="Initial Admin Identity"></property>
        <property name="Legacy Authorized Users File"></property>

        <property name="Node Identity 1"></property>
    </authorizer>
    -->
</authorizers>
[main] INFO org.apache.nifi.properties.ConfigEncryptionTool - Attempting to encrypt property using protection scheme aes/gcm/256
[main] WARN org.apache.nifi.properties.AbstractBootstrapPropertiesLoader - System Property [nifi.properties.file.path] not found: Using Relative Path [conf/nifi.properties]
[main] WARN org.apache.nifi.properties.ConfigEncryptionTool - Could not load default bootstrap.conf: Configuration Directory [conf] not found for Bootstrap Properties
[main] INFO org.apache.nifi.properties.ConfigEncryptionTool - Attempting to encrypt property using protection scheme aes/gcm/256
[main] INFO org.apache.nifi.properties.ConfigEncryptionTool - Attempting to encrypt property using protection scheme aes/gcm/256
[main] INFO org.apache.nifi.properties.ConfigEncryptionTool - Updated XML content: <?xml version="1.0" encoding="UTF-8"?><authorizers>

    
    

    
    <userGroupProvider>
        <identifier>ldap-user-group-provider</identifier>
        <class>org.apache.nifi.ldap.tenants.LdapUserGroupProvider</class>
        <property name="Authentication Strategy">START_TLS</property>

        <property name="Manager DN">someuser</property>
        <property name="Manager Password" encryption="aes/gcm/256">ofhl+ZMbpW5g2wY9||udoMfqmKgEHNZtPiUWAZBnqGY7hpU2tDfHPbMXo968+vHw</property>

        <property name="TLS - Keystore"/>
        <property name="TLS - Keystore Password" encryption="aes/gcm/256">QgSdo72od0jqFUvW||EGtjvGoRxQPPQJYj6/kAoU3wHe0tmbNUXravPeZYX7DP9w</property>
        <property name="TLS - Keystore Type"/>
        <property name="TLS - Truststore"/>
        <property name="TLS - Truststore Password" encryption="aes/gcm/256">zLfQ7awk513gVRMt||v3vZeOEF5uM4PQ52c3LGoqLxsUUyZ2LnVra8uYiefYQa2Q</property>
        <property name="TLS - Truststore Type"/>
        <property name="TLS - Client Auth"/>
        <property name="TLS - Protocol"/>
        <property name="TLS - Shutdown Gracefully"/>

        <property name="Referral Strategy">FOLLOW</property>
        <property name="Connect Timeout">10 secs</property>
        <property name="Read Timeout">10 secs</property>

        <property name="Url"/>
        <property name="Page Size"/>
        <property name="Sync Interval">30 mins</property>

        <property name="User Search Base"/>
        <property name="User Object Class">person</property>
        <property name="User Search Scope">ONE_LEVEL</property>
        <property name="User Search Filter"/>
        <property name="User Identity Attribute"/>
        <property name="User Group Name Attribute"/>
        <property name="User Group Name Attribute - Referenced Group Attribute"/>

        <property name="Group Search Base"/>
        <property name="Group Object Class">group</property>
        <property name="Group Search Scope">ONE_LEVEL</property>
        <property name="Group Search Filter"/>
        <property name="Group Name Attribute"/>
        <property name="Group Member Attribute"/>
        <property name="Group Member Attribute - Referenced User Attribute"/>
    </userGroupProvider>

    
    

    
    

    
    <accessPolicyProvider>
        <identifier>file-access-policy-provider</identifier>
        <class>org.apache.nifi.authorization.FileAccessPolicyProvider</class>
        <property name="User Group Provider">ldap-user-group-provider</property>
        <property name="Authorizations File">./conf/authorizations.xml</property>
        <property name="Initial Admin Identity"/>
        <property name="Legacy Authorized Users File"/>

        <property name="Node Identity 1"/>
    </accessPolicyProvider>

    
    <authorizer>
        <identifier>managed-authorizer</identifier>
        <class>org.apache.nifi.authorization.StandardManagedAuthorizer</class>
        <property name="Access Policy Provider">file-access-policy-provider</property>
    </authorizer>

    
    
</authorizers>

[main] INFO org.apache.nifi.properties.ConfigEncryptionToolTest - Encrypted lines: 
<?xml version="1.0" encoding="UTF-8"?><authorizers>

    
    

    
    <userGroupProvider>
        <identifier>ldap-user-group-provider</identifier>
        <class>org.apache.nifi.ldap.tenants.LdapUserGroupProvider</class>
        <property name="Authentication Strategy">START_TLS</property>

        <property name="Manager DN">someuser</property>
        <property name="Manager Password" encryption="aes/gcm/256">ofhl+ZMbpW5g2wY9||udoMfqmKgEHNZtPiUWAZBnqGY7hpU2tDfHPbMXo968+vHw</property>

        <property name="TLS - Keystore"/>
        <property name="TLS - Keystore Password" encryption="aes/gcm/256">QgSdo72od0jqFUvW||EGtjvGoRxQPPQJYj6/kAoU3wHe0tmbNUXravPeZYX7DP9w</property>
        <property name="TLS - Keystore Type"/>
        <property name="TLS - Truststore"/>
        <property name="TLS - Truststore Password" encryption="aes/gcm/256">zLfQ7awk513gVRMt||v3vZeOEF5uM4PQ52c3LGoqLxsUUyZ2LnVra8uYiefYQa2Q</property>
        <property name="TLS - Truststore Type"/>
        <property name="TLS - Client Auth"/>
        <property name="TLS - Protocol"/>
        <property name="TLS - Shutdown Gracefully"/>

        <property name="Referral Strategy">FOLLOW</property>
        <property name="Connect Timeout">10 secs</property>
        <property name="Read Timeout">10 secs</property>

        <property name="Url"/>
        <property name="Page Size"/>
        <property name="Sync Interval">30 mins</property>

        <property name="User Search Base"/>
        <property name="User Object Class">person</property>
        <property name="User Search Scope">ONE_LEVEL</property>
        <property name="User Search Filter"/>
        <property name="User Identity Attribute"/>
        <property name="User Group Name Attribute"/>
        <property name="User Group Name Attribute - Referenced Group Attribute"/>

        <property name="Group Search Base"/>
        <property name="Group Object Class">group</property>
        <property name="Group Search Scope">ONE_LEVEL</property>
        <property name="Group Search Filter"/>
        <property name="Group Name Attribute"/>
        <property name="Group Member Attribute"/>
        <property name="Group Member Attribute - Referenced User Attribute"/>
    </userGroupProvider>

    
    

    
    

    
    <accessPolicyProvider>
        <identifier>file-access-policy-provider</identifier>
        <class>org.apache.nifi.authorization.FileAccessPolicyProvider</class>
        <property name="User Group Provider">ldap-user-group-provider</property>
        <property name="Authorizations File">./conf/authorizations.xml</property>
        <property name="Initial Admin Identity"/>
        <property name="Legacy Authorized Users File"/>

        <property name="Node Identity 1"/>
    </accessPolicyProvider>

    
    <authorizer>
        <identifier>managed-authorizer</identifier>
        <class>org.apache.nifi.authorization.StandardManagedAuthorizer</class>
        <property name="Access Policy Provider">file-access-policy-provider</property>
    </authorizer>

    
    
</authorizers>
[main] INFO org.apache.nifi.properties.ConfigEncryptionToolTest - Cipher text: ofhl+ZMbpW5g2wY9||udoMfqmKgEHNZtPiUWAZBnqGY7hpU2tDfHPbMXo968+vHw
[main] INFO org.apache.nifi.properties.ConfigEncryptionToolTest - Cipher text: QgSdo72od0jqFUvW||EGtjvGoRxQPPQJYj6/kAoU3wHe0tmbNUXravPeZYX7DP9w
[main] INFO org.apache.nifi.properties.ConfigEncryptionToolTest - Cipher text: zLfQ7awk513gVRMt||v3vZeOEF5uM4PQ52c3LGoqLxsUUyZ2LnVra8uYiefYQa2Q
]]></system-err>
  </testcase>
  <testcase name="testParseKeyShouldThrowExceptionForInvalidKeys" classname="org.apache.nifi.properties.ConfigEncryptionToolTest" time="0.011">
    <system-err><![CDATA[[main] INFO org.apache.nifi.properties.ConfigEncryptionToolTest - Reading key: [0123 4567]
[main] INFO org.apache.nifi.properties.ConfigEncryptionToolTest - [EXPECTED] The key (8 hex chars) must be of length [128, 192, 256] bits ([32, 48, 64] hex characters)
[main] INFO org.apache.nifi.properties.ConfigEncryptionToolTest - Reading key: [non-hex-chars]
[main] INFO org.apache.nifi.properties.ConfigEncryptionToolTest - [EXPECTED] The key (3 hex chars) must be of length [128, 192, 256] bits ([32, 48, 64] hex characters)
[main] INFO org.apache.nifi.properties.ConfigEncryptionToolTest - Reading key: [0123456789ABCDEFFEDCBA98765432100123456789ABCDEFFEDCBA987654321]
[main] INFO org.apache.nifi.properties.ConfigEncryptionToolTest - [EXPECTED] The key (63 hex chars) must be of length [128, 192, 256] bits ([32, 48, 64] hex characters)
[main] INFO org.apache.nifi.properties.ConfigEncryptionToolTest - Reading key: [&ITD SF^FI&&%SDIF]
[main] INFO org.apache.nifi.properties.ConfigEncryptionToolTest - [EXPECTED] The key (5 hex chars) must be of length [128, 192, 256] bits ([32, 48, 64] hex characters)
]]></system-err>
  </testcase>
  <testcase name="testShouldMigrateFlowXmlContentMultipleTimes" classname="org.apache.nifi.properties.ConfigEncryptionToolTest" time="0.024">
    <system-err><![CDATA[[main] INFO org.apache.nifi.properties.ConfigEncryptionToolTest - Cipher texts: 
enc{7468697349734142616453616c742e2e79ad38319f8069990c6ac60cad75639f9d2ab7dff1a0b8b488af2fff659cf353}
enc{7468697349734142616453616c742e2e63a2cd00e648c459e7e45223fefe8d38ab9ed3d71d94be57d5b0e4391980c858}
[main] INFO org.apache.nifi.properties.ConfigEncryptionToolTest - Found 2 encrypted properties in the original flow.xml content
[main] INFO org.apache.nifi.properties.ConfigEncryptionToolTest - Migrating from nififtw! to thisIsABadPassword0
[main] INFO org.apache.nifi.properties.ConfigEncryptionToolTest - Cipher texts for iteration 0: 
enc{004566e23c06db25e7c06616a1aefe8d2f4c3b912beb8af85c0908209ca9179079a85263d3c0fefe5febac903ef4fa95}
enc{511d08e8319a7f52299659ffae933d668409c248ce35b3c4a36282f009ecf4eb04ee218951eeff1b2928307c2d29cc57}
[main] INFO org.apache.nifi.properties.ConfigEncryptionToolTest - Migrating from thisIsABadPassword0 to thisIsABadPassword1
[main] INFO org.apache.nifi.properties.ConfigEncryptionToolTest - Cipher texts for iteration 1: 
enc{e684fc50a95754c8fa5b9b67c3facb92d2ed35ea94099a082fc10f37d50f74f89c9ce367e0ae8cff46735c9a85a87d42}
enc{4bc7b5bd66959ee2948f6d6ec2aebc6efe62323a22e872416d9dd14d02ee5a1065cecf7ce430fd67675b720ca3974bd1}
[main] INFO org.apache.nifi.properties.ConfigEncryptionToolTest - Migrating from thisIsABadPassword1 to thisIsABadPassword2
[main] INFO org.apache.nifi.properties.ConfigEncryptionToolTest - Cipher texts for iteration 2: 
enc{7d98cff920acf83a95f4067335170906eb6f03d8fc5f86ad3eec0c1f5eb7100346000433f1edcd47060c3689b93d322c}
enc{4959319e28a732ae687bc7c01af8075834af1f6f5042da3ed3de3a0409ba212cac02863e6192b6cf46badb7878325d06}
[main] INFO org.apache.nifi.properties.ConfigEncryptionToolTest - Migrating from thisIsABadPassword2 to thisIsABadPassword3
[main] INFO org.apache.nifi.properties.ConfigEncryptionToolTest - Cipher texts for iteration 3: 
enc{7902d109a3b6c88fa8d7b6d4dbdb00b476804933bec8e25c10f29c8ad9ac83e9b0f4e1d216c2263dc1cb2c2d908dd5c5}
enc{26371014cac3b0e8be9bab8bf6cd74ed68dba06296f1735ad66693ed39dd76b5730bb88ff5ad8ae43a580c3d4d4704e6}
[main] INFO org.apache.nifi.properties.ConfigEncryptionToolTest - Migrating from thisIsABadPassword3 to thisIsABadPassword4
[main] INFO org.apache.nifi.properties.ConfigEncryptionToolTest - Cipher texts for iteration 4: 
enc{9865f2401df0a940dfe623011320adc937ce26405b7665104274a8e92feecf1150946e148353b525bf19b0e2530f1732}
enc{ba42f052e3f510336177178de4769274c63efe6b51670a66b9416ac37ae367639a731c01603bda7f0f48ed9360bd6d82}
[main] INFO org.apache.nifi.properties.ConfigEncryptionToolTest - Migrating from thisIsABadPassword4 to thisIsABadPassword5
[main] INFO org.apache.nifi.properties.ConfigEncryptionToolTest - Cipher texts for iteration 5: 
enc{e2ed50d50ee46d4e4113822eee0af97be94bb2de41659b1d17f1db226dd3f8ec560c2dd1620e4a4e76d41b6549e2157d}
enc{5d6b3281b834a68c2bfdc0f0a5dcdadcefd5d66b8b4ec6ddf65301b121586d7c5a0937891f4c8956c510f9578007dbb5}
]]></system-err>
  </testcase>
  <testcase name="testLoadNiFiPropertiesShouldHandleReadFailure" classname="org.apache.nifi.properties.ConfigEncryptionToolTest" time="0.004">
    <system-err><![CDATA[[main] INFO org.apache.nifi.properties.ConfigEncryptionToolTest - Set POSIX permissions to []
[main] WARN org.apache.nifi.properties.ConfigEncryptionTool - The source nifi.properties and destination nifi.properties are identical [target/tmp_nifi.properties] so the original will be overwritten
[main] WARN org.apache.nifi.properties.AbstractBootstrapPropertiesLoader - System Property [nifi.properties.file.path] not found: Using Relative Path [conf/nifi.properties]
[main] ERROR org.apache.nifi.properties.NiFiPropertiesLoader - Cannot read from '/home/alex/Repositories/nifi/nifi-toolkit/nifi-toolkit-encrypt-config/target/tmp_nifi.properties' -- file is missing or not readable
[main] INFO org.apache.nifi.properties.ConfigEncryptionToolTest - [EXPECTED] Cannot load NiFiProperties from [target/tmp_nifi.properties]
]]></system-err>
  </testcase>
  <testcase name="testShouldIgnoreRawKeyFlagIfKeyProvided" classname="org.apache.nifi.properties.ConfigEncryptionToolTest" time="0.001">
    <system-err><![CDATA[[main] WARN org.apache.nifi.properties.ConfigEncryptionTool - The source nifi.properties and destination nifi.properties are identical [nifi.properties] so the original will be overwritten
[main] WARN org.apache.nifi.properties.ConfigEncryptionTool - If the key or password is provided in the arguments, '-r'/'--useRawKey' is ignored
]]></system-err>
  </testcase>
  <testcase name="testDeriveKeyFromPasswordShouldTrimPassword" classname="org.apache.nifi.properties.ConfigEncryptionToolTest" time="0.451">
    <system-err><![CDATA[[main] INFO org.apache.nifi.properties.ConfigEncryptionToolTest - Using password: [thisIsABadPassword]
[main] INFO org.apache.nifi.properties.ConfigEncryptionToolTest - Derived key:  [2C576A9585DB862F5ECBEE5B4FFFCCA14B18D8365968D7081651006507AD2BDE]
[main] INFO org.apache.nifi.properties.ConfigEncryptionToolTest - Using password: [   thisIsABadPassword   ]
[main] INFO org.apache.nifi.properties.ConfigEncryptionToolTest - Derived key:  [2C576A9585DB862F5ECBEE5B4FFFCCA14B18D8365968D7081651006507AD2BDE]
]]></system-err>
  </testcase>
  <testcase name="testShouldPerformFullOperationMigratingLoginIdentityProviders" classname="org.apache.nifi.properties.ConfigEncryptionToolTest" time="0.064">
    <system-err><![CDATA[[main] INFO org.apache.nifi.properties.ConfigEncryptionToolTest - Original key line from bootstrap.conf: nifi.bootstrap.sensitive.key=0123456789ABCDEFFEDCBA9876543210
[main] INFO org.apache.nifi.properties.ConfigEncryptionToolTest - Original XML content: <?xml version="1.0" encoding="UTF-8" standalone="yes"?>
<!--
  Licensed to the Apache Software Foundation (ASF) under one or more
  contributor license agreements.  See the NOTICE file distributed with
  this work for additional information regarding copyright ownership.
  The ASF licenses this file to You under the Apache License, Version 2.0
  (the "License"); you may not use this file except in compliance with
  the License.  You may obtain a copy of the License at
      http://www.apache.org/licenses/LICENSE-2.0
  Unless required by applicable law or agreed to in writing, software
  distributed under the License is distributed on an "AS IS" BASIS,
  WITHOUT WARRANTIES OR CONDITIONS OF ANY KIND, either express or implied.
  See the License for the specific language governing permissions and
  limitations under the License.
-->
<!--
    This file lists the login identity providers to use when running securely. In order
    to use a specific provider it must be configured here and it's identifier
    must be specified in the nifi.properties file.
-->
<loginIdentityProviders>
    <!--
        Identity Provider for users logging in with username/password against an LDAP server.
        
        'Authentication Strategy' - How the connection to the LDAP server is authenticated. Possible
            values are ANONYMOUS, SIMPLE, or START_TLS.
        
        'Manager DN' - The DN of the manager that is used to bind to the LDAP server to search for users.
        'Manager Password' - The password of the manager that is used to bind to the LDAP server to
            search for users.
            
        'TLS - Keystore' - Path to the Keystore that is used when connecting to LDAP using START_TLS.
        'TLS - Keystore Password' - Password for the Keystore that is used when connecting to LDAP
            using START_TLS.
        'TLS - Keystore Type' - Type of the Keystore that is used when connecting to LDAP using
            START_TLS (i.e. JKS or PKCS12).
        'TLS - Truststore' - Path to the Truststore that is used when connecting to LDAP using START_TLS.
        'TLS - Truststore Password' - Password for the Truststore that is used when connecting to
            LDAP using START_TLS.
        'TLS - Truststore Type' - Type of the Truststore that is used when connecting to LDAP using
            START_TLS (i.e. JKS or PKCS12).
        'TLS - Client Auth' - Client authentication policy when connecting to LDAP using START_TLS.
            Possible values are REQUIRED, WANT, NONE.
        'TLS - Protocol' - Protocol to use when connecting to LDAP using START_TLS. (i.e. TLS,
            TLSv1.1, TLSv1.2, etc).
        'TLS - Shutdown Gracefully' - Specifies whether the TLS should be shut down gracefully 
            before the target context is closed. Defaults to false.
            
        'Referral Strategy' - Strategy for handling referrals. Possible values are FOLLOW, IGNORE, THROW.
        'Connect Timeout' - Duration of connect timeout. (i.e. 10 secs).
        'Read Timeout' - Duration of read timeout. (i.e. 10 secs).
       
        'Url' - Url of the LDAP servier (i.e. ldap://<hostname>:<port>).
        'User Search Base' - Base DN for searching for users (i.e. CN=Users,DC=example,DC=com).
        'User Search Filter' - Filter for searching for users against the 'User Search Base'.
            (i.e. sAMAccountName={0}). The user specified name is inserted into '{0}'.
            
        'Authentication Expiration' - The duration of how long the user authentication is valid
            for. If the user never logs out, they will be required to log back in following
            this duration.
    -->
    <provider>
        <identifier>ldap-provider</identifier>
        <class>org.apache.nifi.ldap.LdapProvider</class>
        <property name="Authentication Strategy">START_TLS</property>

        <property name="Manager DN">someuser</property>
        <property name="Manager Password" encryption="aes/gcm/128">q4r7WIgN0MaxdAKM||SGgdCTPGSFEcuH4RraMYEdeyVbOx93abdWTVSWvh1w+klA</property>

        <property name="TLS - Keystore"></property>
        <property name="TLS - Keystore Password" encryption="aes/gcm/128">Uah59TWX+Ru5GY5p||B44RT/LJtC08QWA5ehQf01JxIpf0qSJUzug25UwkF5a50g</property>
        <property name="TLS - Keystore Type"></property>
        <property name="TLS - Truststore"></property>
        <property name="TLS - Truststore Password">thisIsABadPassword</property>
        <property name="TLS - Truststore Type"></property>
        <property name="TLS - Client Auth"></property>
        <property name="TLS - Protocol"></property>
        <property name="TLS - Shutdown Gracefully"></property>

        <property name="Referral Strategy">FOLLOW</property>
        <property name="Connect Timeout">10 secs</property>
        <property name="Read Timeout">10 secs</property>

        <property name="Url"></property>
        <property name="User Search Base"></property>
        <property name="User Search Filter"></property>

        <property name="Authentication Expiration">12 hours</property>
    </provider>

    <!--
        Identity Provider for users logging in with username/password against a Kerberos KDC server.

        'Default Realm' - Default realm to provide when user enters incomplete user principal (i.e. NIFI.APACHE.ORG).
        'Authentication Expiration' - The duration of how long the user authentication is valid for. If the user never logs out, they will be required to log back in following this duration.
    -->
    <!-- To enable the kerberos-provider remove 2 lines. This is 1 of 2.
    <provider>
        <identifier>kerberos-provider</identifier>
        <class>org.apache.nifi.kerberos.KerberosProvider</class>
        <property name="Default Realm">NIFI.APACHE.ORG</property>
        <property name="Authentication Expiration">12 hours</property>
    </provider>
    To enable the kerberos-provider remove 2 lines. This is 2 of 2. -->
</loginIdentityProviders>
[main] INFO org.apache.nifi.properties.ConfigEncryptionTool - Handling encryption of login-identity-providers.xml
[main] INFO org.apache.nifi.properties.ConfigEncryptionTool -        bootstrap.conf:               target/tmp/tmp_bootstrap.conf
[main] INFO org.apache.nifi.properties.ConfigEncryptionTool - (src)  nifi.properties:              null
[main] INFO org.apache.nifi.properties.ConfigEncryptionTool - (dest) nifi.properties:              null
[main] INFO org.apache.nifi.properties.ConfigEncryptionTool - (src)  login-identity-providers.xml: src/test/resources/login-identity-providers-populated-encrypted.xml
[main] INFO org.apache.nifi.properties.ConfigEncryptionTool - (dest) login-identity-providers.xml: target/tmp/tmp-lip.xml
[main] INFO org.apache.nifi.properties.ConfigEncryptionTool - (src)  authorizers.xml:              null
[main] INFO org.apache.nifi.properties.ConfigEncryptionTool - (dest) authorizers.xml:              null
[main] INFO org.apache.nifi.properties.ConfigEncryptionTool - (src)  flow.xml.gz:                  target/tmp/tmp-flow.xml.gz
[main] INFO org.apache.nifi.properties.ConfigEncryptionTool - (dest) flow.xml.gz:                  null
[main] INFO org.apache.nifi.properties.ConfigEncryptionTool - Key migration mode activated
[main] INFO org.apache.nifi.properties.ConfigEncryptionTool - Loaded login identity providers content (105 lines)
[main] INFO org.apache.nifi.properties.ConfigEncryptionTool - Attempting to decrypt q4r7WIgN0MaxdAKM||SGgdCTPGSFEcuH4RraMYEdeyVbOx93abdWTVSWvh1w+klA using protection scheme aes/gcm/128
[main] INFO org.apache.nifi.properties.ConfigEncryptionTool - Attempting to decrypt Uah59TWX+Ru5GY5p||B44RT/LJtC08QWA5ehQf01JxIpf0qSJUzug25UwkF5a50g using protection scheme aes/gcm/128
[main] INFO org.apache.nifi.properties.ConfigEncryptionTool - Updated XML content: <?xml version="1.0" encoding="UTF-8"?><loginIdentityProviders>
    
    <provider>
        <identifier>ldap-provider</identifier>
        <class>org.apache.nifi.ldap.LdapProvider</class>
        <property name="Authentication Strategy">START_TLS</property>

        <property name="Manager DN">someuser</property>
        <property name="Manager Password" encryption="none">thisIsABadPassword</property>

        <property name="TLS - Keystore"/>
        <property name="TLS - Keystore Password" encryption="none">thisIsABadPassword</property>
        <property name="TLS - Keystore Type"/>
        <property name="TLS - Truststore"/>
        <property name="TLS - Truststore Password">thisIsABadPassword</property>
        <property name="TLS - Truststore Type"/>
        <property name="TLS - Client Auth"/>
        <property name="TLS - Protocol"/>
        <property name="TLS - Shutdown Gracefully"/>

        <property name="Referral Strategy">FOLLOW</property>
        <property name="Connect Timeout">10 secs</property>
        <property name="Read Timeout">10 secs</property>

        <property name="Url"/>
        <property name="User Search Base"/>
        <property name="User Search Filter"/>

        <property name="Authentication Expiration">12 hours</property>
    </provider>

    
    
</loginIdentityProviders>

[main] INFO org.apache.nifi.properties.ConfigEncryptionTool - Attempting to encrypt property using protection scheme aes/gcm/256
[main] INFO org.apache.nifi.properties.ConfigEncryptionTool - Attempting to encrypt property using protection scheme aes/gcm/256
[main] INFO org.apache.nifi.properties.ConfigEncryptionTool - Attempting to encrypt property using protection scheme aes/gcm/256
[main] INFO org.apache.nifi.properties.ConfigEncryptionTool - Updated XML content: <?xml version="1.0" encoding="UTF-8"?><loginIdentityProviders>
    
    <provider>
        <identifier>ldap-provider</identifier>
        <class>org.apache.nifi.ldap.LdapProvider</class>
        <property name="Authentication Strategy">START_TLS</property>

        <property name="Manager DN">someuser</property>
        <property name="Manager Password" encryption="aes/gcm/256">9T/H1SyL2nk+eFU2||eOJ8vUhBjcakwbDdvoH9CzG7dSs5Q+7XmDsXhU+UvrM+gQ</property>

        <property name="TLS - Keystore"/>
        <property name="TLS - Keystore Password" encryption="aes/gcm/256">B79DiAqjb80p+scO||/tbKmExuEbjaBqlgQFst/2dn7AS/sluyanCxv5MkAB02Hg</property>
        <property name="TLS - Keystore Type"/>
        <property name="TLS - Truststore"/>
        <property name="TLS - Truststore Password" encryption="aes/gcm/256">fO/HoJJTS+46MVYV||5JDUs1ThYrzsNnhsU/tJzeRM/qBefpAGuZ5z+itutQvSkw</property>
        <property name="TLS - Truststore Type"/>
        <property name="TLS - Client Auth"/>
        <property name="TLS - Protocol"/>
        <property name="TLS - Shutdown Gracefully"/>

        <property name="Referral Strategy">FOLLOW</property>
        <property name="Connect Timeout">10 secs</property>
        <property name="Read Timeout">10 secs</property>

        <property name="Url"/>
        <property name="User Search Base"/>
        <property name="User Search Filter"/>

        <property name="Authentication Expiration">12 hours</property>
    </provider>

    
    
</loginIdentityProviders>

[main] INFO org.apache.nifi.properties.ConfigEncryptionToolTest - Updated XML content: <?xml version="1.0" encoding="UTF-8" standalone="yes"?>
<!--
  Licensed to the Apache Software Foundation (ASF) under one or more
  contributor license agreements.  See the NOTICE file distributed with
  this work for additional information regarding copyright ownership.
  The ASF licenses this file to You under the Apache License, Version 2.0
  (the "License"); you may not use this file except in compliance with
  the License.  You may obtain a copy of the License at
      http://www.apache.org/licenses/LICENSE-2.0
  Unless required by applicable law or agreed to in writing, software
  distributed under the License is distributed on an "AS IS" BASIS,
  WITHOUT WARRANTIES OR CONDITIONS OF ANY KIND, either express or implied.
  See the License for the specific language governing permissions and
  limitations under the License.
-->
<!--
    This file lists the login identity providers to use when running securely. In order
    to use a specific provider it must be configured here and it's identifier
    must be specified in the nifi.properties file.
-->
<loginIdentityProviders>
    <!--
        Identity Provider for users logging in with username/password against an LDAP server.
        
        'Authentication Strategy' - How the connection to the LDAP server is authenticated. Possible
            values are ANONYMOUS, SIMPLE, or START_TLS.
        
        'Manager DN' - The DN of the manager that is used to bind to the LDAP server to search for users.
        'Manager Password' - The password of the manager that is used to bind to the LDAP server to
            search for users.
            
        'TLS - Keystore' - Path to the Keystore that is used when connecting to LDAP using START_TLS.
        'TLS - Keystore Password' - Password for the Keystore that is used when connecting to LDAP
            using START_TLS.
        'TLS - Keystore Type' - Type of the Keystore that is used when connecting to LDAP using
            START_TLS (i.e. JKS or PKCS12).
        'TLS - Truststore' - Path to the Truststore that is used when connecting to LDAP using START_TLS.
        'TLS - Truststore Password' - Password for the Truststore that is used when connecting to
            LDAP using START_TLS.
        'TLS - Truststore Type' - Type of the Truststore that is used when connecting to LDAP using
            START_TLS (i.e. JKS or PKCS12).
        'TLS - Client Auth' - Client authentication policy when connecting to LDAP using START_TLS.
            Possible values are REQUIRED, WANT, NONE.
        'TLS - Protocol' - Protocol to use when connecting to LDAP using START_TLS. (i.e. TLS,
            TLSv1.1, TLSv1.2, etc).
        'TLS - Shutdown Gracefully' - Specifies whether the TLS should be shut down gracefully 
            before the target context is closed. Defaults to false.
            
        'Referral Strategy' - Strategy for handling referrals. Possible values are FOLLOW, IGNORE, THROW.
        'Connect Timeout' - Duration of connect timeout. (i.e. 10 secs).
        'Read Timeout' - Duration of read timeout. (i.e. 10 secs).
       
        'Url' - Url of the LDAP servier (i.e. ldap://<hostname>:<port>).
        'User Search Base' - Base DN for searching for users (i.e. CN=Users,DC=example,DC=com).
        'User Search Filter' - Filter for searching for users against the 'User Search Base'.
            (i.e. sAMAccountName={0}). The user specified name is inserted into '{0}'.
            
        'Authentication Expiration' - The duration of how long the user authentication is valid
            for. If the user never logs out, they will be required to log back in following
            this duration.
    -->
    <provider>
        <identifier>ldap-provider</identifier>
        <class>org.apache.nifi.ldap.LdapProvider</class>
        <property name="Authentication Strategy">START_TLS</property>

        <property name="Manager DN">someuser</property>
        <property encryption="aes/gcm/256" name="Manager Password">9T/H1SyL2nk+eFU2||eOJ8vUhBjcakwbDdvoH9CzG7dSs5Q+7XmDsXhU+UvrM+gQ</property>

        <property name="TLS - Keystore"/>
        <property encryption="aes/gcm/256" name="TLS - Keystore Password">B79DiAqjb80p+scO||/tbKmExuEbjaBqlgQFst/2dn7AS/sluyanCxv5MkAB02Hg</property>
        <property name="TLS - Keystore Type"/>
        <property name="TLS - Truststore"/>
        <property encryption="aes/gcm/256" name="TLS - Truststore Password">fO/HoJJTS+46MVYV||5JDUs1ThYrzsNnhsU/tJzeRM/qBefpAGuZ5z+itutQvSkw</property>
        <property name="TLS - Truststore Type"/>
        <property name="TLS - Client Auth"/>
        <property name="TLS - Protocol"/>
        <property name="TLS - Shutdown Gracefully"/>

        <property name="Referral Strategy">FOLLOW</property>
        <property name="Connect Timeout">10 secs</property>
        <property name="Read Timeout">10 secs</property>

        <property name="Url"/>
        <property name="User Search Base"/>
        <property name="User Search Filter"/>

        <property name="Authentication Expiration">12 hours</property>
    </provider>


    <!--
        Identity Provider for users logging in with username/password against a Kerberos KDC server.

        'Default Realm' - Default realm to provide when user enters incomplete user principal (i.e. NIFI.APACHE.ORG).
        'Authentication Expiration' - The duration of how long the user authentication is valid for. If the user never logs out, they will be required to log back in following this duration.
    -->
    <!-- To enable the kerberos-provider remove 2 lines. This is 1 of 2.
    <provider>
        <identifier>kerberos-provider</identifier>
        <class>org.apache.nifi.kerberos.KerberosProvider</class>
        <property name="Default Realm">NIFI.APACHE.ORG</property>
        <property name="Authentication Expiration">12 hours</property>
    </provider>
    To enable the kerberos-provider remove 2 lines. This is 2 of 2. -->
</loginIdentityProviders>
[main] INFO org.apache.nifi.properties.ConfigEncryptionToolTest - Updated key line: nifi.bootstrap.sensitive.key=2C576A9585DB862F5ECBEE5B4FFFCCA14B18D8365968D7081651006507AD2BDE
]]></system-err>
  </testcase>
  <testcase name="testParseShouldFailIfMigrationPasswordAndKeyBothProvided" classname="org.apache.nifi.properties.ConfigEncryptionToolTest" time="0.008">
    <system-out><![CDATA[Only one of '-w'/'--oldPassword' and '-e'/'--oldKey' can be used

usage: org.apache.nifi.properties.ConfigEncryptionTool [-h] [-v] [-n <file>] [-o <file>] [-l <file>] [-i <file>] [-a <file>] [-u <file>] [-f <file>] [-g <file>]
       [-b <file>] [-S <protectionScheme>] [-k <keyhex>] [-e <keyhex>] [-H <protectionScheme>] [-p <password>] [-w <password>] [-r] [-m] [-x] [-s
       <password|keyhex>] [-A <algorithm>] [-P <algorithm>] [-c]

This tool reads from a nifi.properties and/or login-identity-providers.xml file with plain sensitive configuration values, prompts the user for a root key, and
encrypts each value. It will replace the plain value with the protected value in the same file (or write to a new file if specified). It can also be used to
migrate already-encrypted values in those files or in flow.xml.gz to be encrypted with a new key.

 -h,--help                                     Show usage information (this message)
 -v,--verbose                                  Sets verbose mode (default false)
 -n,--niFiProperties <file>                    The nifi.properties file containing unprotected config values (will be overwritten unless -o is specified)
 -o,--outputNiFiProperties <file>              The destination nifi.properties file containing protected config values (will not modify input nifi.properties)
 -l,--loginIdentityProviders <file>            The login-identity-providers.xml file containing unprotected config values (will be overwritten unless -i is
                                               specified)
 -i,--outputLoginIdentityProviders <file>      The destination login-identity-providers.xml file containing protected config values (will not modify input
                                               login-identity-providers.xml)
 -a,--authorizers <file>                       The authorizers.xml file containing unprotected config values (will be overwritten unless -u is specified)
 -u,--outputAuthorizers <file>                 The destination authorizers.xml file containing protected config values (will not modify input authorizers.xml)
 -f,--flowXml <file>                           The flow.xml.gz file currently protected with old password (will be overwritten unless -g is specified)
 -g,--outputFlowXml <file>                     The destination flow.xml.gz file containing protected config values (will not modify input flow.xml.gz)
 -b,--bootstrapConf <file>                     The bootstrap.conf file to persist root key and to optionally provide any configuration for the protection
                                               scheme.
 -S,--protectionScheme <protectionScheme>      Selects the protection scheme for encrypted properties.  Valid values are: [AES_GCM, AWS_SECRETSMANAGER, AWS_KMS,
                                               AZURE_KEYVAULT_KEY, AZURE_KEYVAULT_SECRET, GCP_KMS, HASHICORP_VAULT_KV, HASHICORP_VAULT_TRANSIT] (default is
                                               AES_GCM)
 -k,--key <keyhex>                             The raw hexadecimal key to use to encrypt the sensitive properties
 -e,--oldKey <keyhex>                          The old raw hexadecimal key to use during key migration
 -H,--oldProtectionScheme <protectionScheme>   The old protection scheme to use during encryption migration (see --protectionScheme for possible values).
                                               Default is AES_GCM
 -p,--password <password>                      The password from which to derive the key to use to encrypt the sensitive properties
 -w,--oldPassword <password>                   The old password from which to derive the key during migration
 -r,--useRawKey                                If provided, the secure console will prompt for the raw key value in hexadecimal form
 -m,--migrate                                  If provided, the nifi.properties and/or login-identity-providers.xml sensitive properties will be re-encrypted
                                               with the new scheme
 -x,--encryptFlowXmlOnly                       If provided, the properties in flow.xml.gz will be re-encrypted with a new key but the nifi.properties and/or
                                               login-identity-providers.xml files will not be modified
 -s,--propsKey <password|keyhex>               The password or key to use to encrypt the sensitive processor properties in flow.xml.gz
 -A,--newFlowAlgorithm <algorithm>             The algorithm to use to encrypt the sensitive processor properties in flow.xml.gz
 -P,--newFlowProvider <algorithm>              The security provider to use to encrypt the sensitive processor properties in flow.xml.gz
 -c,--translateCli                             Translates the nifi.properties file to a format suitable for the NiFi CLI tool

Java home: null
NiFi Toolkit home: null
]]></system-out>
    <system-err><![CDATA[[main] WARN org.apache.nifi.properties.ConfigEncryptionTool - The source nifi.properties and destination nifi.properties are identical [nifi.properties] so the original will be overwritten
[main] INFO org.apache.nifi.properties.ConfigEncryptionToolTest - [EXPECTED] Only one of '-w'/'--oldPassword' and '-e'/'--oldKey' can be used
]]></system-err>
  </testcase>
  <testcase name="testShouldParseOutputLoginIdentityProvidersArgument" classname="org.apache.nifi.properties.ConfigEncryptionToolTest" time="0.003">
    <system-err><![CDATA[[main] WARN org.apache.nifi.properties.ConfigEncryptionTool - The source login-identity-providers.xml and destination login-identity-providers.xml are identical [src/test/resources/login-identity-providers.xml] so the original will be overwritten
[main] INFO org.apache.nifi.properties.ConfigEncryptionToolTest - Parsed output login-identity-providers.xml location: src/test/resources/login-identity-providers.xml
[main] WARN org.apache.nifi.properties.ConfigEncryptionTool - The source login-identity-providers.xml and destination login-identity-providers.xml are identical [src/test/resources/login-identity-providers.xml] so the original will be overwritten
[main] INFO org.apache.nifi.properties.ConfigEncryptionToolTest - Parsed output login-identity-providers.xml location: src/test/resources/login-identity-providers.xml
]]></system-err>
  </testcase>
  <testcase name="testShouldEncryptNiFiPropertiesWithEmptyProtectionScheme" classname="org.apache.nifi.properties.ConfigEncryptionToolTest" time="0.021">
    <system-err><![CDATA[[main] INFO org.apache.nifi.properties.ConfigEncryptionToolTest - Read 124 lines from src/test/resources/nifi_with_sensitive_properties_unprotected_and_empty_protection_schemes.properties
[main] INFO org.apache.nifi.properties.ConfigEncryptionToolTest - 
# Licensed to the Apache Software Foundation (ASF) under one or more
# contributor license agreements.  See the NOTICE file distributed with
# this work for additional information regarding copyright ownership.
# The ASF licenses this file to You under the Apache License, Version 2.0...
[main] WARN org.apache.nifi.properties.AbstractBootstrapPropertiesLoader - System Property [nifi.properties.file.path] not found: Using Relative Path [conf/nifi.properties]
[main] INFO org.apache.nifi.properties.NiFiPropertiesLoader - Loaded 84 properties from /home/alex/Repositories/nifi/nifi-toolkit/nifi-toolkit-encrypt-config/src/test/resources/nifi_with_sensitive_properties_unprotected_and_empty_protection_schemes.properties
[main] INFO org.apache.nifi.properties.ConfigEncryptionToolTest - Loaded NiFiProperties from src/test/resources/nifi_with_sensitive_properties_unprotected_and_empty_protection_schemes.properties
[main] INFO org.apache.nifi.properties.ConfigEncryptionToolTest - Loaded 84 properties
[main] INFO org.apache.nifi.properties.ConfigEncryptionToolTest - There are 9 sensitive properties
[main] INFO org.apache.nifi.properties.ConfigEncryptionToolTest - Counted 0 protected keys
[main] INFO org.apache.nifi.properties.ConfigEncryptionTool - Protected nifi.security.keyPasswd with aes/gcm/256 -> 	Aar/sAsDC44OAvbK||hmLr+HvLmzVckQompawcnltRTNEGodtQVckHN3BsL4IG5Kaf2w
[main] INFO org.apache.nifi.properties.ConfigEncryptionTool - Updated protection key nifi.security.keyPasswd.protected
[main] INFO org.apache.nifi.properties.ConfigEncryptionTool - Protected nifi.security.keystorePasswd with aes/gcm/256 -> 	Ky/o64rDgZ5ia3tu||CtmBWzuGynICRM/fzOwCyK36V017CzacSC5QHqWVChhq3tz7g1z3a7wH
[main] INFO org.apache.nifi.properties.ConfigEncryptionTool - Updated protection key nifi.security.keystorePasswd.protected
[main] INFO org.apache.nifi.properties.ConfigEncryptionTool - Protected nifi.sensitive.props.key with aes/gcm/256 -> 	tUuTXqiI+cJ8K95j||hZSmbaJvnt5SJEsZJRzpm9b+KWtI/j0TZV8tIGcrJFT2PJ5TyOqqVSApXzvHCg
[main] INFO org.apache.nifi.properties.ConfigEncryptionTool - Updated protection key nifi.sensitive.props.key.protected
[main] INFO org.apache.nifi.properties.ConfigEncryptionTool - Final result: 86 keys including 3 protected keys
[main] INFO org.apache.nifi.properties.ConfigEncryptionToolTest - nifi.security.keystorePasswd is protected by aes/gcm/256
[main] INFO org.apache.nifi.properties.ConfigEncryptionToolTest - nifi.administrative.yield.duration		30 sec
[main] INFO org.apache.nifi.properties.ConfigEncryptionToolTest - nifi.cluster.is.manager		false
[main] INFO org.apache.nifi.properties.ConfigEncryptionToolTest - nifi.cluster.is.node		false
[main] INFO org.apache.nifi.properties.ConfigEncryptionToolTest - nifi.cluster.manager.address		
[main] INFO org.apache.nifi.properties.ConfigEncryptionToolTest - nifi.cluster.manager.authority.provider.port		
[main] INFO org.apache.nifi.properties.ConfigEncryptionToolTest - nifi.cluster.manager.authority.provider.threads		10
[main] INFO org.apache.nifi.properties.ConfigEncryptionToolTest - nifi.cluster.manager.flow.retrieval.delay		5 sec
[main] INFO org.apache.nifi.properties.ConfigEncryptionToolTest - nifi.cluster.manager.node.api.connection.timeout		30 sec
[main] INFO org.apache.nifi.properties.ConfigEncryptionToolTest - nifi.cluster.manager.node.api.read.timeout		30 sec
[main] INFO org.apache.nifi.properties.ConfigEncryptionToolTest - nifi.cluster.manager.node.api.request.threads		10
[main] INFO org.apache.nifi.properties.ConfigEncryptionToolTest - nifi.cluster.manager.node.event.history.size		10
[main] INFO org.apache.nifi.properties.ConfigEncryptionToolTest - nifi.cluster.manager.node.firewall.file		
[main] INFO org.apache.nifi.properties.ConfigEncryptionToolTest - nifi.cluster.manager.protocol.port		
[main] INFO org.apache.nifi.properties.ConfigEncryptionToolTest - nifi.cluster.manager.protocol.threads		10
[main] INFO org.apache.nifi.properties.ConfigEncryptionToolTest - nifi.cluster.manager.safemode.duration		0 sec
[main] INFO org.apache.nifi.properties.ConfigEncryptionToolTest - nifi.cluster.node.address		
[main] INFO org.apache.nifi.properties.ConfigEncryptionToolTest - nifi.cluster.node.protocol.port		
[main] INFO org.apache.nifi.properties.ConfigEncryptionToolTest - nifi.cluster.node.protocol.threads		2
[main] INFO org.apache.nifi.properties.ConfigEncryptionToolTest - nifi.cluster.node.unicast.manager.address		
[main] INFO org.apache.nifi.properties.ConfigEncryptionToolTest - nifi.cluster.node.unicast.manager.authority.provider.port		
[main] INFO org.apache.nifi.properties.ConfigEncryptionToolTest - nifi.cluster.node.unicast.manager.protocol.port		
[main] INFO org.apache.nifi.properties.ConfigEncryptionToolTest - nifi.cluster.protocol.connection.handshake.timeout		45 sec
[main] INFO org.apache.nifi.properties.ConfigEncryptionToolTest - nifi.cluster.protocol.heartbeat.interval		5 sec
[main] INFO org.apache.nifi.properties.ConfigEncryptionToolTest - nifi.cluster.protocol.is.secure		false
[main] INFO org.apache.nifi.properties.ConfigEncryptionToolTest - nifi.cluster.protocol.multicast.address		
[main] INFO org.apache.nifi.properties.ConfigEncryptionToolTest - nifi.cluster.protocol.multicast.port		
[main] INFO org.apache.nifi.properties.ConfigEncryptionToolTest - nifi.cluster.protocol.multicast.service.broadcast.delay		500 ms
[main] INFO org.apache.nifi.properties.ConfigEncryptionToolTest - nifi.cluster.protocol.multicast.service.locator.attempts		3
[main] INFO org.apache.nifi.properties.ConfigEncryptionToolTest - nifi.cluster.protocol.multicast.service.locator.attempts.delay		1 sec
[main] INFO org.apache.nifi.properties.ConfigEncryptionToolTest - nifi.cluster.protocol.socket.timeout		30 sec
[main] INFO org.apache.nifi.properties.ConfigEncryptionToolTest - nifi.cluster.protocol.use.multicast		false
[main] INFO org.apache.nifi.properties.ConfigEncryptionToolTest - nifi.content.claim.max.appendable.size		10 MB
[main] INFO org.apache.nifi.properties.ConfigEncryptionToolTest - nifi.content.claim.max.flow.files		100
[main] INFO org.apache.nifi.properties.ConfigEncryptionToolTest - nifi.content.repository.directory.default		./target/content_repository
[main] INFO org.apache.nifi.properties.ConfigEncryptionToolTest - nifi.controller.service.configuration.file		./target/controller-services.xml
[main] INFO org.apache.nifi.properties.ConfigEncryptionToolTest - nifi.database.directory		./target/database_repository
[main] INFO org.apache.nifi.properties.ConfigEncryptionToolTest - nifi.flow.configuration.archive.dir		./target/archive/
[main] INFO org.apache.nifi.properties.ConfigEncryptionToolTest - nifi.flow.configuration.file		./target/flow.xml.gz
[main] INFO org.apache.nifi.properties.ConfigEncryptionToolTest - nifi.flowcontroller.autoResumeState		true
[main] INFO org.apache.nifi.properties.ConfigEncryptionToolTest - nifi.flowcontroller.graceful.shutdown.period		10 sec
[main] INFO org.apache.nifi.properties.ConfigEncryptionToolTest - nifi.flowfile.repository.checkpoint.interval		2 mins
[main] INFO org.apache.nifi.properties.ConfigEncryptionToolTest - nifi.flowfile.repository.directory		./target/test-repo
[main] INFO org.apache.nifi.properties.ConfigEncryptionToolTest - nifi.flowfile.repository.partitions		1
[main] INFO org.apache.nifi.properties.ConfigEncryptionToolTest - nifi.flowservice.writedelay.interval		2 sec
[main] INFO org.apache.nifi.properties.ConfigEncryptionToolTest - nifi.h2.url.append		;LOCK_TIMEOUT=25000;WRITE_DELAY=0;AUTO_SERVER=FALSE
[main] INFO org.apache.nifi.properties.ConfigEncryptionToolTest - nifi.nar.library.directory		./target/resources/NiFiProperties/lib/
[main] INFO org.apache.nifi.properties.ConfigEncryptionToolTest - nifi.nar.library.directory.alt		./target/resources/NiFiProperties/lib2/
[main] INFO org.apache.nifi.properties.ConfigEncryptionToolTest - nifi.nar.working.directory		./target/work/nar/
[main] INFO org.apache.nifi.properties.ConfigEncryptionToolTest - nifi.provenance.repository.max.storage.size		1 GB
[main] INFO org.apache.nifi.properties.ConfigEncryptionToolTest - nifi.provenance.repository.max.storage.time		24 hours
[main] INFO org.apache.nifi.properties.ConfigEncryptionToolTest - nifi.provenance.repository.rollover.size		100 MB
[main] INFO org.apache.nifi.properties.ConfigEncryptionToolTest - nifi.provenance.repository.rollover.time		30 secs
[main] INFO org.apache.nifi.properties.ConfigEncryptionToolTest - nifi.provenance.repository.storage.directory		./target/provenance_repository
[main] INFO org.apache.nifi.properties.ConfigEncryptionToolTest - nifi.queue.swap.threshold		20000
[main] INFO org.apache.nifi.properties.ConfigEncryptionToolTest - nifi.remote.input.secure		true
[main] INFO org.apache.nifi.properties.ConfigEncryptionToolTest - nifi.remote.input.socket.port		9990
[main] INFO org.apache.nifi.properties.ConfigEncryptionToolTest - nifi.reporting.task.configuration.file		./target/reporting-tasks.xml
[main] INFO org.apache.nifi.properties.ConfigEncryptionToolTest - nifi.security.keyPasswd		Aar/sAsDC44OAvbK||hmLr+HvLmzVckQompawcnltRTNEGodtQVckHN3BsL4IG5Kaf2w
[main] INFO org.apache.nifi.properties.ConfigEncryptionToolTest - nifi.security.keyPasswd.protected		aes/gcm/256
[main] INFO org.apache.nifi.properties.ConfigEncryptionToolTest - nifi.security.keystore		/path/to/keystore.jks
[main] INFO org.apache.nifi.properties.ConfigEncryptionToolTest - nifi.security.keystorePasswd		Ky/o64rDgZ5ia3tu||CtmBWzuGynICRM/fzOwCyK36V017CzacSC5QHqWVChhq3tz7g1z3a7wH
[main] INFO org.apache.nifi.properties.ConfigEncryptionToolTest - nifi.security.keystorePasswd.protected		aes/gcm/256
[main] INFO org.apache.nifi.properties.ConfigEncryptionToolTest - nifi.security.keystoreType		JKS
[main] INFO org.apache.nifi.properties.ConfigEncryptionToolTest - nifi.security.truststore		
[main] INFO org.apache.nifi.properties.ConfigEncryptionToolTest - nifi.security.truststorePasswd		
[main] INFO org.apache.nifi.properties.ConfigEncryptionToolTest - nifi.security.truststoreType		
[main] INFO org.apache.nifi.properties.ConfigEncryptionToolTest - nifi.security.user.authorizer		
[main] INFO org.apache.nifi.properties.ConfigEncryptionToolTest - nifi.sensitive.props.additional.keys		
[main] INFO org.apache.nifi.properties.ConfigEncryptionToolTest - nifi.sensitive.props.algorithm		PBEWITHMD5AND256BITAES-CBC-OPENSSL
[main] INFO org.apache.nifi.properties.ConfigEncryptionToolTest - nifi.sensitive.props.key		tUuTXqiI+cJ8K95j||hZSmbaJvnt5SJEsZJRzpm9b+KWtI/j0TZV8tIGcrJFT2PJ5TyOqqVSApXzvHCg
[main] INFO org.apache.nifi.properties.ConfigEncryptionToolTest - nifi.sensitive.props.key.protected		aes/gcm/256
[main] INFO org.apache.nifi.properties.ConfigEncryptionToolTest - nifi.swap.in.period		5 sec
[main] INFO org.apache.nifi.properties.ConfigEncryptionToolTest - nifi.swap.in.threads		1
[main] INFO org.apache.nifi.properties.ConfigEncryptionToolTest - nifi.swap.out.period		5 sec
[main] INFO org.apache.nifi.properties.ConfigEncryptionToolTest - nifi.swap.out.threads		4
[main] INFO org.apache.nifi.properties.ConfigEncryptionToolTest - nifi.swap.storage.directory		./target/test-repo/swap
[main] INFO org.apache.nifi.properties.ConfigEncryptionToolTest - nifi.templates.directory		./target/templates
[main] INFO org.apache.nifi.properties.ConfigEncryptionToolTest - nifi.ui.autorefresh.interval		30 sec
[main] INFO org.apache.nifi.properties.ConfigEncryptionToolTest - nifi.ui.banner.text		UI Banner Text
[main] INFO org.apache.nifi.properties.ConfigEncryptionToolTest - nifi.ui.banner.text.protected		
[main] INFO org.apache.nifi.properties.ConfigEncryptionToolTest - nifi.web.http.host		
[main] INFO org.apache.nifi.properties.ConfigEncryptionToolTest - nifi.web.http.port		
[main] INFO org.apache.nifi.properties.ConfigEncryptionToolTest - nifi.web.https.host		nifi.nifi.apache.org
[main] INFO org.apache.nifi.properties.ConfigEncryptionToolTest - nifi.web.https.port		8443
[main] INFO org.apache.nifi.properties.ConfigEncryptionToolTest - nifi.web.jetty.working.directory		./target/work/jetty
[main] INFO org.apache.nifi.properties.ConfigEncryptionToolTest - nifi.web.war.directory		./target/lib
]]></system-err>
  </testcase>
  <testcase name="testShouldParseLoginIdentityProvidersArgument" classname="org.apache.nifi.properties.ConfigEncryptionToolTest" time="0.004">
    <system-err><![CDATA[[main] WARN org.apache.nifi.properties.ConfigEncryptionTool - The source login-identity-providers.xml and destination login-identity-providers.xml are identical [src/test/resources/login-identity-providers.xml] so the original will be overwritten
[main] INFO org.apache.nifi.properties.ConfigEncryptionToolTest - Parsed login-identity-providers.xml location: src/test/resources/login-identity-providers.xml
[main] WARN org.apache.nifi.properties.ConfigEncryptionTool - The source login-identity-providers.xml and destination login-identity-providers.xml are identical [src/test/resources/login-identity-providers.xml] so the original will be overwritten
[main] INFO org.apache.nifi.properties.ConfigEncryptionToolTest - Parsed login-identity-providers.xml location: src/test/resources/login-identity-providers.xml
]]></system-err>
  </testcase>
  <testcase name="testShouldPerformFullOperationOnFlowXmlWithPreviouslyEncryptedNiFiProperties" classname="org.apache.nifi.properties.ConfigEncryptionToolTest" time="0.041">
    <system-err><![CDATA[[main] INFO org.apache.nifi.properties.ConfigEncryptionToolTest - Original key line from bootstrap.conf: nifi.bootstrap.sensitive.key=2C576A9585DB862F5ECBEE5B4FFFCCA1
[main] WARN org.apache.nifi.properties.AbstractBootstrapPropertiesLoader - System Property [nifi.properties.file.path] not found: Using Relative Path [conf/nifi.properties]
[main] INFO org.apache.nifi.properties.NiFiPropertiesLoader - Loaded 13 properties from /home/alex/Repositories/nifi/nifi-toolkit/nifi-toolkit-encrypt-config/target/tmp/tmp-nifi.properties
[main] INFO org.apache.nifi.properties.ConfigEncryptionToolTest - Loaded 10 properties from input file
[main] INFO org.apache.nifi.properties.ConfigEncryptionToolTest - Original sensitive values: [nifi.security.keyPasswd:thisIsABadKeyPassword, nifi.security.keystorePasswd:thisIsABadKeystorePassword, nifi.security.truststorePasswd:, nifi.sensitive.props.key:nififtw!, nifi.provenance.repository.encryption.key:null, nifi.provenance.repository.encryption.key.provider.password:null, nifi.flowfile.repository.encryption.key.provider.password:null, nifi.content.repository.encryption.key.provider.password:null, nifi.repository.encryption.key.provider.keystore.password:null]
[main] INFO org.apache.nifi.properties.NiFiPropertiesLoader - Loaded 13 properties from /home/alex/Repositories/nifi/nifi-toolkit/nifi-toolkit-encrypt-config/target/tmp/tmp-nifi.properties
[main] INFO org.apache.nifi.properties.ConfigEncryptionToolTest - Original encrypted values: [nifi.security.keyPasswd:ttiSNTC7PUf2Hla7||W2OmVFn4bfB2ZJNBG55SaLneQeZahhF6GIaLZU+i4zRFfxKnlQ, nifi.security.keystorePasswd:vp9C9a8KbSYZFdUM||RoZHB1J+sRgCKG2vKBviOn71tdhsDYH42No+VmIaFMolrTMD/zmwcKev, nifi.security.truststorePasswd:, nifi.sensitive.props.key:UXcrW8T1UKAPJeun||ezUJSp30AvKGsRxJOOXoPUtZonv56Lx1, nifi.provenance.repository.encryption.key:null, nifi.provenance.repository.encryption.key.provider.password:null, nifi.flowfile.repository.encryption.key.provider.password:null, nifi.content.repository.encryption.key.provider.password:null, nifi.repository.encryption.key.provider.keystore.password:null]
[main] INFO org.apache.nifi.properties.ConfigEncryptionToolTest - Sensitive property key originally protected with aes/gcm/128
[main] WARN org.apache.nifi.properties.ConfigEncryptionTool - The source nifi.properties and destination nifi.properties are identical [target/tmp/tmp-nifi.properties] so the original will be overwritten
[main] INFO org.apache.nifi.properties.ConfigEncryptionTool - Handling encryption of flow.xml.gz
[main] WARN org.apache.nifi.properties.ConfigEncryptionTool - The source flow.xml.gz and destination flow.xml.gz are identical [target/tmp/tmp-flow.xml.gz] so the original will be overwritten
[main] INFO org.apache.nifi.properties.ConfigEncryptionTool -        bootstrap.conf:               target/tmp/tmp_bootstrap.conf
[main] INFO org.apache.nifi.properties.ConfigEncryptionTool - (src)  nifi.properties:              target/tmp/tmp-nifi.properties
[main] INFO org.apache.nifi.properties.ConfigEncryptionTool - (dest) nifi.properties:              target/tmp/tmp-nifi.properties
[main] INFO org.apache.nifi.properties.ConfigEncryptionTool - (src)  login-identity-providers.xml: null
[main] INFO org.apache.nifi.properties.ConfigEncryptionTool - (dest) login-identity-providers.xml: null
[main] INFO org.apache.nifi.properties.ConfigEncryptionTool - (src)  authorizers.xml:              null
[main] INFO org.apache.nifi.properties.ConfigEncryptionTool - (dest) authorizers.xml:              null
[main] INFO org.apache.nifi.properties.ConfigEncryptionTool - (src)  flow.xml.gz:                  target/tmp/tmp-flow.xml.gz
[main] INFO org.apache.nifi.properties.ConfigEncryptionTool - (dest) flow.xml.gz:                  target/tmp/tmp-flow.xml.gz
[main] INFO org.apache.nifi.properties.NiFiPropertiesLoader - Loaded 13 properties from /home/alex/Repositories/nifi/nifi-toolkit/nifi-toolkit-encrypt-config/target/tmp/tmp-nifi.properties
[main] INFO org.apache.nifi.properties.NiFiPropertiesLoader - Loaded 13 properties from /home/alex/Repositories/nifi/nifi-toolkit/nifi-toolkit-encrypt-config/target/tmp/tmp-nifi.properties
[main] INFO org.apache.nifi.properties.ConfigEncryptionTool - Loaded NiFiProperties instance with 10 properties
[main] INFO org.apache.nifi.properties.NiFiPropertiesLoader - Loaded 13 properties from /home/alex/Repositories/nifi/nifi-toolkit/nifi-toolkit-encrypt-config/target/tmp/tmp-nifi.properties
[main] INFO org.apache.nifi.properties.ConfigEncryptionTool - Migrating flow.xml file at target/tmp/tmp-flow.xml.gz. This could take a while if the flow XML is very large.
[main] INFO org.apache.nifi.properties.ConfigEncryptionTool - Tool is not configured to encrypt nifi.properties, but the existing nifi.properties is encrypted and flow.xml.gz was migrated, so manually persisting the new encrypted value to nifi.properties
[main] INFO org.apache.nifi.properties.ConfigEncryptionToolTest - Updated nifi.properties:
[main] INFO org.apache.nifi.properties.ConfigEncryptionToolTest - 

# Licensed to the Apache Software Foundation (ASF) under one or more
# contributor license agreements.  See the NOTICE file distributed with
# this work for additional information regarding copyright ownership.
# The ASF licenses this file to You under the Apache License, Version 2.0
# (the "License"); you may not use this file except in compliance with
# the License.  You may obtain a copy of the License at
#
#     http://www.apache.org/licenses/LICENSE-2.0
#
# Unless required by applicable law or agreed to in writing, software
# distributed under the License is distributed on an "AS IS" BASIS,
# WITHOUT WARRANTIES OR CONDITIONS OF ANY KIND, either express or implied.
# See the License for the specific language governing permissions and
# limitations under the License.

# security properties #
nifi.sensitive.props.key=Zj48Cb7MfLDV2MG+||iJWC5Bfze7fq52i+941Rbdv8Oeh1/YBTgadH7KyS1xNVyA
nifi.sensitive.props.key.protected=aes/gcm/128
nifi.sensitive.props.algorithm=PBEWITHMD5AND256BITAES-CBC-OPENSSL
nifi.sensitive.props.additional.keys=

nifi.security.keystore=/path/to/keystore.jks
nifi.security.keystoreType=JKS
nifi.security.keystorePasswd=vp9C9a8KbSYZFdUM||RoZHB1J+sRgCKG2vKBviOn71tdhsDYH42No+VmIaFMolrTMD/zmwcKev
nifi.security.keystorePasswd.protected=aes/gcm/128
nifi.security.keyPasswd=ttiSNTC7PUf2Hla7||W2OmVFn4bfB2ZJNBG55SaLneQeZahhF6GIaLZU+i4zRFfxKnlQ
nifi.security.keyPasswd.protected=aes/gcm/128
nifi.security.truststore=
nifi.security.truststoreType=
nifi.security.truststorePasswd=
[main] WARN org.apache.nifi.properties.AbstractBootstrapPropertiesLoader - System Property [nifi.properties.file.path] not found: Using Relative Path [conf/nifi.properties]
[main] INFO org.apache.nifi.properties.NiFiPropertiesLoader - Loaded 13 properties from /home/alex/Repositories/nifi/nifi-toolkit/nifi-toolkit-encrypt-config/target/tmp/tmp-nifi.properties
[main] INFO org.apache.nifi.properties.ConfigEncryptionToolTest - Sensitive property key currently protected with aes/gcm/128
[main] INFO org.apache.nifi.properties.ConfigEncryptionToolTest - Updated key line: nifi.bootstrap.sensitive.key=2C576A9585DB862F5ECBEE5B4FFFCCA1
[main] INFO org.apache.nifi.properties.ConfigEncryptionToolTest - Original flow.xml.gz cipher texts: [enc{7468697349734142616453616c742e2e79ad38319f8069990c6ac60cad75639f9d2ab7dff1a0b8b488af2fff659cf353}, enc{7468697349734142616453616c742e2e63a2cd00e648c459e7e45223fefe8d38ab9ed3d71d94be57d5b0e4391980c858}]
[main] INFO org.apache.nifi.properties.ConfigEncryptionToolTest - Updated  flow.xml.gz cipher texts: [enc{7f39251e815db90ef240a47e4420f7b41ab1ed888f3c86f2440d4c86fae33087fb58ef6c705d2fa62273fdef29774a2a}, enc{c677af1e3a01c82bc81accb77d5cd49086537282dc11f6ff42c189d1742bb2cadcd74862335f9d83878e48faf2e989b5}]
]]></system-err>
  </testcase>
  <testcase name="testShouldDecryptLoginIdentityProvidersWithMultipleElementsPerLine" classname="org.apache.nifi.properties.ConfigEncryptionToolTest" time="0.03">
    <system-err><![CDATA[[main] INFO org.apache.nifi.properties.ConfigEncryptionToolTest - Read lines: 
<?xml version="1.0" encoding="UTF-8" standalone="yes"?>
<!--
  Licensed to the Apache Software Foundation (ASF) under one or more
  contributor license agreements.  See the NOTICE file distributed with
  this work for additional information regarding copyright ownership.
  The ASF licenses this file to You under the Apache License, Version 2.0
  (the "License"); you may not use this file except in compliance with
  the License.  You may obtain a copy of the License at
      http://www.apache.org/licenses/LICENSE-2.0
  Unless required by applicable law or agreed to in writing, software
  distributed under the License is distributed on an "AS IS" BASIS,
  WITHOUT WARRANTIES OR CONDITIONS OF ANY KIND, either express or implied.
  See the License for the specific language governing permissions and
  limitations under the License.
-->
<!--
    This file lists the login identity providers to use when running securely. In order
    to use a specific provider it must be configured here and it's identifier
    must be specified in the nifi.properties file.
-->
<loginIdentityProviders>
    <!--
        Identity Provider for users logging in with username/password against an LDAP server.
        
        'Authentication Strategy' - How the connection to the LDAP server is authenticated. Possible
            values are ANONYMOUS, SIMPLE, or START_TLS.
        
        'Manager DN' - The DN of the manager that is used to bind to the LDAP server to search for users.
        'Manager Password' - The password of the manager that is used to bind to the LDAP server to
            search for users.
            
        'TLS - Keystore' - Path to the Keystore that is used when connecting to LDAP using START_TLS.
        'TLS - Keystore Password' - Password for the Keystore that is used when connecting to LDAP
            using START_TLS.
        'TLS - Keystore Type' - Type of the Keystore that is used when connecting to LDAP using
            START_TLS (i.e. JKS or PKCS12).
        'TLS - Truststore' - Path to the Truststore that is used when connecting to LDAP using START_TLS.
        'TLS - Truststore Password' - Password for the Truststore that is used when connecting to
            LDAP using START_TLS.
        'TLS - Truststore Type' - Type of the Truststore that is used when connecting to LDAP using
            START_TLS (i.e. JKS or PKCS12).
        'TLS - Client Auth' - Client authentication policy when connecting to LDAP using START_TLS.
            Possible values are REQUIRED, WANT, NONE.
        'TLS - Protocol' - Protocol to use when connecting to LDAP using START_TLS. (i.e. TLS,
            TLSv1.1, TLSv1.2, etc).
        'TLS - Shutdown Gracefully' - Specifies whether the TLS should be shut down gracefully 
            before the target context is closed. Defaults to false.
            
        'Referral Strategy' - Strategy for handling referrals. Possible values are FOLLOW, IGNORE, THROW.
        'Connect Timeout' - Duration of connect timeout. (i.e. 10 secs).
        'Read Timeout' - Duration of read timeout. (i.e. 10 secs).
       
        'Url' - Url of the LDAP servier (i.e. ldap://<hostname>:<port>).
        'User Search Base' - Base DN for searching for users (i.e. CN=Users,DC=example,DC=com).
        'User Search Filter' - Filter for searching for users against the 'User Search Base'.
            (i.e. sAMAccountName={0}). The user specified name is inserted into '{0}'.
            
        'Authentication Expiration' - The duration of how long the user authentication is valid
            for. If the user never logs out, they will be required to log back in following
            this duration.
    -->
    <provider>
        <identifier>ldap-provider</identifier>
        <class>org.apache.nifi.ldap.LdapProvider</class>
        <property name="Authentication Strategy">START_TLS</property>

        <property name="Manager DN">someuser</property>
        <property name="Manager Password" encryption="aes/gcm/128">q4r7WIgN0MaxdAKM||SGgdCTPGSFEcuH4RraMYEdeyVbOx93abdWTVSWvh1w+klA</property><property name="TLS - Keystore"></property><property name="TLS - Keystore Password" encryption="aes/gcm/128">Uah59TWX+Ru5GY5p||B44RT/LJtC08QWA5ehQf01JxIpf0qSJUzug25UwkF5a50g</property><property name="TLS - Keystore Type"></property>
        <property name="TLS - Truststore"></property>
        <property name="TLS - Truststore Password">thisIsABadPassword</property>
        <property name="TLS - Truststore Type"></property>
        <property name="TLS - Client Auth"></property>
        <property name="TLS - Protocol"></property>
        <property name="TLS - Shutdown Gracefully"></property>

        <property name="Referral Strategy">FOLLOW</property>
        <property name="Connect Timeout">10 secs</property>
        <property name="Read Timeout">10 secs</property>

        <property name="Url"></property>
        <property name="User Search Base"></property>
        <property name="User Search Filter"></property>

        <property name="Authentication Expiration">12 hours</property>
    </provider>

    <!--
        Identity Provider for users logging in with username/password against a Kerberos KDC server.

        'Default Realm' - Default realm to provide when user enters incomplete user principal (i.e. NIFI.APACHE.ORG).
        'Authentication Expiration' - The duration of how long the user authentication is valid for. If the user never logs out, they will be required to log back in following this duration.
    -->
    <!-- To enable the kerberos-provider remove 2 lines. This is 1 of 2.
    <provider>
        <identifier>kerberos-provider</identifier>
        <class>org.apache.nifi.kerberos.KerberosProvider</class>
        <property name="Default Realm">NIFI.APACHE.ORG</property>
        <property name="Authentication Expiration">12 hours</property>
    </provider>
    To enable the kerberos-provider remove 2 lines. This is 2 of 2. -->
</loginIdentityProviders>
[main] INFO org.apache.nifi.properties.ConfigEncryptionTool - Attempting to decrypt q4r7WIgN0MaxdAKM||SGgdCTPGSFEcuH4RraMYEdeyVbOx93abdWTVSWvh1w+klA using protection scheme aes/gcm/128
[main] WARN org.apache.nifi.properties.ConfigEncryptionTool - Could not load default bootstrap.conf: Configuration Directory [conf] not found for Bootstrap Properties
[main] INFO org.apache.nifi.properties.ConfigEncryptionTool - Attempting to decrypt Uah59TWX+Ru5GY5p||B44RT/LJtC08QWA5ehQf01JxIpf0qSJUzug25UwkF5a50g using protection scheme aes/gcm/128
[main] INFO org.apache.nifi.properties.ConfigEncryptionTool - Updated XML content: <?xml version="1.0" encoding="UTF-8"?><loginIdentityProviders>
    
    <provider>
        <identifier>ldap-provider</identifier>
        <class>org.apache.nifi.ldap.LdapProvider</class>
        <property name="Authentication Strategy">START_TLS</property>

        <property name="Manager DN">someuser</property>
        <property name="Manager Password" encryption="none">thisIsABadPassword</property>
    <property name="TLS - Keystore"/>
    <property name="TLS - Keystore Password" encryption="none">thisIsABadPassword</property>
    <property name="TLS - Keystore Type"/>
        <property name="TLS - Truststore"/>
        <property name="TLS - Truststore Password">thisIsABadPassword</property>
        <property name="TLS - Truststore Type"/>
        <property name="TLS - Client Auth"/>
        <property name="TLS - Protocol"/>
        <property name="TLS - Shutdown Gracefully"/>

        <property name="Referral Strategy">FOLLOW</property>
        <property name="Connect Timeout">10 secs</property>
        <property name="Read Timeout">10 secs</property>

        <property name="Url"/>
        <property name="User Search Base"/>
        <property name="User Search Filter"/>

        <property name="Authentication Expiration">12 hours</property>
    </provider>

    
    
</loginIdentityProviders>

[main] INFO org.apache.nifi.properties.ConfigEncryptionToolTest - Decrypted lines: 
<?xml version="1.0" encoding="UTF-8"?><loginIdentityProviders>
    
    <provider>
        <identifier>ldap-provider</identifier>
        <class>org.apache.nifi.ldap.LdapProvider</class>
        <property name="Authentication Strategy">START_TLS</property>

        <property name="Manager DN">someuser</property>
        <property name="Manager Password" encryption="none">thisIsABadPassword</property>
    <property name="TLS - Keystore"/>
    <property name="TLS - Keystore Password" encryption="none">thisIsABadPassword</property>
    <property name="TLS - Keystore Type"/>
        <property name="TLS - Truststore"/>
        <property name="TLS - Truststore Password">thisIsABadPassword</property>
        <property name="TLS - Truststore Type"/>
        <property name="TLS - Client Auth"/>
        <property name="TLS - Protocol"/>
        <property name="TLS - Shutdown Gracefully"/>

        <property name="Referral Strategy">FOLLOW</property>
        <property name="Connect Timeout">10 secs</property>
        <property name="Read Timeout">10 secs</property>

        <property name="Url"/>
        <property name="User Search Base"/>
        <property name="User Search Filter"/>

        <property name="Authentication Expiration">12 hours</property>
    </provider>

    
    
</loginIdentityProviders>
]]></system-err>
  </testcase>
  <testcase name="testWriteAuthorizersShouldHandleUnreadableFile" classname="org.apache.nifi.properties.ConfigEncryptionToolTest" time="0.057">
    <system-err><![CDATA[[main] INFO org.apache.nifi.properties.ConfigEncryptionToolTest - Read lines: 
<?xml version="1.0" encoding="UTF-8" standalone="yes"?>
<!--
  Licensed to the Apache Software Foundation (ASF) under one or more
  contributor license agreements.  See the NOTICE file distributed with
  this work for additional information regarding copyright ownership.
  The ASF licenses this file to You under the Apache License, Version 2.0
  (the "License"); you may not use this file except in compliance with
  the License.  You may obtain a copy of the License at
      http://www.apache.org/licenses/LICENSE-2.0
  Unless required by applicable law or agreed to in writing, software
  distributed under the License is distributed on an "AS IS" BASIS,
  WITHOUT WARRANTIES OR CONDITIONS OF ANY KIND, either express or implied.
  See the License for the specific language governing permissions and
  limitations under the License.
-->
<!--
    This file lists the userGroupProviders, accessPolicyProviders, and authorizers to use when running securely. In order
    to use a specific authorizer it must be configured here and it's identifier must be specified in the nifi.properties file.
    If the authorizer is a managedAuthorizer, it may need to be configured with an accessPolicyProvider and an userGroupProvider.
    This file allows for configuration of them, but they must be configured in order:

    ...
    all userGroupProviders
    all accessPolicyProviders
    all Authorizers
    ...
-->
<authorizers>

    <!--
        The FileUserGroupProvider will provide support for managing users and groups which is backed by a file
        on the local file system.

        - Users File - The file where the FileUserGroupProvider will store users and groups.

        - Legacy Authorized Users File - The full path to an existing authorized-users.xml that will be automatically
            be used to load the users and groups into the Users File.

        - Initial User Identity [unique key] - The identity of a users and systems to seed the Users File. The name of
            each property must be unique, for example: "Initial User Identity A", "Initial User Identity B",
            "Initial User Identity C" or "Initial User Identity 1", "Initial User Identity 2", "Initial User Identity 3"

            NOTE: Any identity mapping rules specified in nifi.properties will also be applied to the user identities,
            so the values should be the unmapped identities (i.e. full DN from a certificate).
    -->
    <!--
    <userGroupProvider>
        <identifier>file-user-group-provider</identifier>
        <class>org.apache.nifi.authorization.FileUserGroupProvider</class>
        <property name="Users File">./conf/users.xml</property>
        <property name="Legacy Authorized Users File"></property>

        <property name="Initial User Identity 1"></property>
    </userGroupProvider>
    -->

    <!--
        The LdapUserGroupProvider will retrieve users and groups from an LDAP server. The users and groups
        are not configurable.

        'Authentication Strategy' - How the connection to the LDAP server is authenticated. Possible
            values are ANONYMOUS, SIMPLE, LDAPS, or START_TLS.

        'Manager DN' - The DN of the manager that is used to bind to the LDAP server to search for users.
        'Manager Password' - The password of the manager that is used to bind to the LDAP server to
            search for users.

        'TLS - Keystore' - Path to the Keystore that is used when connecting to LDAP using LDAPS or START_TLS.
        'TLS - Keystore Password' - Password for the Keystore that is used when connecting to LDAP
            using LDAPS or START_TLS.
        'TLS - Keystore Type' - Type of the Keystore that is used when connecting to LDAP using
            LDAPS or START_TLS (i.e. JKS or PKCS12).
        'TLS - Truststore' - Path to the Truststore that is used when connecting to LDAP using LDAPS or START_TLS.
        'TLS - Truststore Password' - Password for the Truststore that is used when connecting to
            LDAP using LDAPS or START_TLS.
        'TLS - Truststore Type' - Type of the Truststore that is used when connecting to LDAP using
            LDAPS or START_TLS (i.e. JKS or PKCS12).
        'TLS - Client Auth' - Client authentication policy when connecting to LDAP using LDAPS or START_TLS.
            Possible values are REQUIRED, WANT, NONE.
        'TLS - Protocol' - Protocol to use when connecting to LDAP using LDAPS or START_TLS. (i.e. TLS,
            TLSv1.1, TLSv1.2, etc).
        'TLS - Shutdown Gracefully' - Specifies whether the TLS should be shut down gracefully
            before the target context is closed. Defaults to false.

        'Referral Strategy' - Strategy for handling referrals. Possible values are FOLLOW, IGNORE, THROW.
        'Connect Timeout' - Duration of connect timeout. (i.e. 10 secs).
        'Read Timeout' - Duration of read timeout. (i.e. 10 secs).

        'Url' - Space-separated list of URLs of the LDAP servers (i.e. ldap://<hostname>:<port>).
        'Page Size' - Sets the page size when retrieving users and groups. If not specified, no paging is performed.
        'Sync Interval' - Duration of time between syncing users and groups (i.e. 30 mins). Minimum allowable value is 10 secs.

        'User Search Base' - Base DN for searching for users (i.e. ou=users,o=nifi). Required to search users.
        'User Object Class' - Object class for identifying users (i.e. person). Required if searching users.
        'User Search Scope' - Search scope for searching users (ONE_LEVEL, OBJECT, or SUBTREE). Required if searching users.
        'User Search Filter' - Filter for searching for users against the 'User Search Base' (i.e. (memberof=cn=team1,ou=groups,o=nifi) ). Optional.
        'User Identity Attribute' - Attribute to use to extract user identity (i.e. cn). Optional. If not set, the entire DN is used.
        'User Group Name Attribute' - Attribute to use to define group membership (i.e. memberof). Optional. If not set
            group membership will not be calculated through the users. Will rely on group membership being defined
            through 'Group Member Attribute' if set. The value of this property is the name of the attribute in the user ldap entry that
            associates them with a group. The value of that user attribute could be a dn or group name for instance. What value is expected
            is configured in the 'User Group Name Attribute - Referenced Group Attribute'.
        'User Group Name Attribute - Referenced Group Attribute' - If blank, the value of the attribute defined in 'User Group Name Attribute'
            is expected to be the full dn of the group. If not blank, this property will define the attribute of the group ldap entry that
            the value of the attribute defined in 'User Group Name Attribute' is referencing (i.e. name). Use of this property requires that
            'Group Search Base' is also configured.

        'Group Search Base' - Base DN for searching for groups (i.e. ou=groups,o=nifi). Required to search groups.
        'Group Object Class' - Object class for identifying groups (i.e. groupOfNames). Required if searching groups.
        'Group Search Scope' - Search scope for searching groups (ONE_LEVEL, OBJECT, or SUBTREE). Required if searching groups.
        'Group Search Filter' - Filter for searching for groups against the 'Group Search Base'. Optional.
        'Group Name Attribute' - Attribute to use to extract group name (i.e. cn). Optional. If not set, the entire DN is used.
        'Group Member Attribute' - Attribute to use to define group membership (i.e. member). Optional. If not set
            group membership will not be calculated through the groups. Will rely on group membership being defined
            through 'User Group Name Attribute' if set. The value of this property is the name of the attribute in the group ldap entry that
            associates them with a user. The value of that group attribute could be a dn or memberUid for instance. What value is expected
            is configured in the 'Group Member Attribute - Referenced User Attribute'. (i.e. member: cn=User 1,ou=users,o=nifi vs. memberUid: user1)
        'Group Member Attribute - Referenced User Attribute' - If blank, the value of the attribute defined in 'Group Member Attribute'
            is expected to be the full dn of the user. If not blank, this property will define the attribute of the user ldap entry that
            the value of the attribute defined in 'Group Member Attribute' is referencing (i.e. uid). Use of this property requires that
            'User Search Base' is also configured. (i.e. member: cn=User 1,ou=users,o=nifi vs. memberUid: user1)

        NOTE: Any identity mapping rules specified in nifi.properties will also be applied to the user identities.
            Group names are not mapped.
    -->
    <userGroupProvider>
        <identifier>ldap-user-group-provider</identifier>
        <class>org.apache.nifi.ldap.tenants.LdapUserGroupProvider</class>
        <property name="Authentication Strategy">START_TLS</property>

        <property name="Manager DN">someuser</property>
        <property name="Manager Password">thisIsABadPassword</property>

        <property name="TLS - Keystore"></property>
        <property name="TLS - Keystore Password">thisIsABadPassword</property>
        <property name="TLS - Keystore Type"></property>
        <property name="TLS - Truststore"></property>
        <property name="TLS - Truststore Password">thisIsABadPassword</property>
        <property name="TLS - Truststore Type"></property>
        <property name="TLS - Client Auth"></property>
        <property name="TLS - Protocol"></property>
        <property name="TLS - Shutdown Gracefully"></property>

        <property name="Referral Strategy">FOLLOW</property>
        <property name="Connect Timeout">10 secs</property>
        <property name="Read Timeout">10 secs</property>

        <property name="Url"></property>
        <property name="Page Size"></property>
        <property name="Sync Interval">30 mins</property>

        <property name="User Search Base"></property>
        <property name="User Object Class">person</property>
        <property name="User Search Scope">ONE_LEVEL</property>
        <property name="User Search Filter"></property>
        <property name="User Identity Attribute"></property>
        <property name="User Group Name Attribute"></property>
        <property name="User Group Name Attribute - Referenced Group Attribute"></property>

        <property name="Group Search Base"></property>
        <property name="Group Object Class">group</property>
        <property name="Group Search Scope">ONE_LEVEL</property>
        <property name="Group Search Filter"></property>
        <property name="Group Name Attribute"></property>
        <property name="Group Member Attribute"></property>
        <property name="Group Member Attribute - Referenced User Attribute"></property>
    </userGroupProvider>

    <!--
        The CompositeUserGroupProvider will provide support for retrieving users and groups from multiple sources.

        - User Group Provider [unique key] - The identifier of user group providers to load from. The name of
            each property must be unique, for example: "User Group Provider A", "User Group Provider B",
            "User Group Provider C" or "User Group Provider 1", "User Group Provider 2", "User Group Provider 3"

            NOTE: Any identity mapping rules specified in nifi.properties are not applied in this implementation. This behavior
            would need to be applied by the base implementation.
    -->
    <!-- To enable the composite-user-group-provider remove 2 lines. This is 1 of 2.
    <userGroupProvider>
        <identifier>composite-user-group-provider</identifier>
        <class>org.apache.nifi.authorization.CompositeUserGroupProvider</class>
        <property name="User Group Provider 1"></property>
    </userGroupProvider>
    To enable the composite-user-group-provider remove 2 lines. This is 2 of 2. -->

    <!--
        The CompositeConfigurableUserGroupProvider will provide support for retrieving users and groups from multiple sources.
        Additionally, a single configurable user group provider is required. Users from the configurable user group provider
        are configurable, however users loaded from one of the User Group Provider [unique key] will not be.

        - Configurable User Group Provider - A configurable user group provider.

        - User Group Provider [unique key] - The identifier of user group providers to load from. The name of
            each property must be unique, for example: "User Group Provider A", "User Group Provider B",
            "User Group Provider C" or "User Group Provider 1", "User Group Provider 2", "User Group Provider 3"

            NOTE: Any identity mapping rules specified in nifi.properties are not applied in this implementation. This behavior
            would need to be applied by the base implementation.
    -->
    <!-- To enable the composite-configurable-user-group-provider remove 2 lines. This is 1 of 2.
    <userGroupProvider>
        <identifier>composite-configurable-user-group-provider</identifier>
        <class>org.apache.nifi.authorization.CompositeConfigurableUserGroupProvider</class>
        <property name="Configurable User Group Provider">file-user-group-provider</property>
        <property name="User Group Provider 1"></property>
    </userGroupProvider>
    To enable the composite-configurable-user-group-provider remove 2 lines. This is 2 of 2. -->

    <!--
        The FileAccessPolicyProvider will provide support for managing access policies which is backed by a file
        on the local file system.

        - User Group Provider - The identifier for an User Group Provider defined above that will be used to access
            users and groups for use in the managed access policies.

        - Authorizations File - The file where the FileAccessPolicyProvider will store policies.

        - Initial Admin Identity - The identity of an initial admin user that will be granted access to the UI and
            given the ability to create additional users, groups, and policies. The value of this property could be
            a DN when using certificates or LDAP, or a Kerberos principal. This property will only be used when there
            are no other policies defined. If this property is specified then a Legacy Authorized Users File can not be specified.

            NOTE: Any identity mapping rules specified in nifi.properties will also be applied to the initial admin identity,
            so the value should be the unmapped identity. This identity must be found in the configured User Group Provider.

        - Legacy Authorized Users File - The full path to an existing authorized-users.xml that will be automatically
            converted to the new authorizations model. If this property is specified then an Initial Admin Identity can
            not be specified, and this property will only be used when there are no other users, groups, and policies defined.

            NOTE: Any users in the legacy users file must be found in the configured User Group Provider.

        - Node Identity [unique key] - The identity of a NiFi cluster node. When clustered, a property for each node
            should be defined, so that every node knows about every other node. If not clustered these properties can be ignored.
            The name of each property must be unique, for example for a three node cluster:
            "Node Identity A", "Node Identity B", "Node Identity C" or "Node Identity 1", "Node Identity 2", "Node Identity 3"

            NOTE: Any identity mapping rules specified in nifi.properties will also be applied to the node identities,
            so the values should be the unmapped identities (i.e. full DN from a certificate). This identity must be found
            in the configured User Group Provider.
    -->
    <accessPolicyProvider>
        <identifier>file-access-policy-provider</identifier>
        <class>org.apache.nifi.authorization.FileAccessPolicyProvider</class>
        <property name="User Group Provider">ldap-user-group-provider</property>
        <property name="Authorizations File">./conf/authorizations.xml</property>
        <property name="Initial Admin Identity"></property>
        <property name="Legacy Authorized Users File"></property>

        <property name="Node Identity 1"></property>
    </accessPolicyProvider>

    <!--
        The StandardManagedAuthorizer. This authorizer implementation must be configured with the
        Access Policy Provider which it will use to access and manage users, groups, and policies.
        These users, groups, and policies will be used to make all access decisions during authorization
        requests.

        - Access Policy Provider - The identifier for an Access Policy Provider defined above.
    -->
    <authorizer>
        <identifier>managed-authorizer</identifier>
        <class>org.apache.nifi.authorization.StandardManagedAuthorizer</class>
        <property name="Access Policy Provider">file-access-policy-provider</property>
    </authorizer>

    <!--
        NOTE: This Authorizer has been replaced with the more granular approach configured above with the Standard
        Managed Authorizer. However, it is still available for backwards compatibility reasons.

        The FileAuthorizer is NiFi's provided authorizer and has the following properties:

        - Authorizations File - The file where the FileAuthorizer will store policies.

        - Users File - The file where the FileAuthorizer will store users and groups.

        - Initial Admin Identity - The identity of an initial admin user that will be granted access to the UI and
            given the ability to create additional users, groups, and policies. The value of this property could be
            a DN when using certificates or LDAP, or a Kerberos principal. This property will only be used when there
            are no other users, groups, and policies defined. If this property is specified then a Legacy Authorized
            Users File can not be specified.

            NOTE: Any identity mapping rules specified in nifi.properties will also be applied to the initial admin identity,
            so the value should be the unmapped identity.

        - Legacy Authorized Users File - The full path to an existing authorized-users.xml that will be automatically
            converted to the new authorizations model. If this property is specified then an Initial Admin Identity can
            not be specified, and this property will only be used when there are no other users, groups, and policies defined.

        - Node Identity [unique key] - The identity of a NiFi cluster node. When clustered, a property for each node
            should be defined, so that every node knows about every other node. If not clustered these properties can be ignored.
            The name of each property must be unique, for example for a three node cluster:
            "Node Identity A", "Node Identity B", "Node Identity C" or "Node Identity 1", "Node Identity 2", "Node Identity 3"

            NOTE: Any identity mapping rules specified in nifi.properties will also be applied to the node identities,
            so the values should be the unmapped identities (i.e. full DN from a certificate).
    -->
    <!-- <authorizer>
        <identifier>file-provider</identifier>
        <class>org.apache.nifi.authorization.FileAuthorizer</class>
        <property name="Authorizations File">./conf/authorizations.xml</property>
        <property name="Users File">./conf/users.xml</property>
        <property name="Initial Admin Identity"></property>
        <property name="Legacy Authorized Users File"></property>

        <property name="Node Identity 1"></property>
    </authorizer>
    -->
</authorizers>
[main] INFO org.apache.nifi.properties.ConfigEncryptionTool - Attempting to encrypt property using protection scheme aes/gcm/256
[main] WARN org.apache.nifi.properties.AbstractBootstrapPropertiesLoader - System Property [nifi.properties.file.path] not found: Using Relative Path [conf/nifi.properties]
[main] WARN org.apache.nifi.properties.ConfigEncryptionTool - Could not load default bootstrap.conf: Configuration Directory [conf] not found for Bootstrap Properties
[main] INFO org.apache.nifi.properties.ConfigEncryptionTool - Attempting to encrypt property using protection scheme aes/gcm/256
[main] INFO org.apache.nifi.properties.ConfigEncryptionTool - Attempting to encrypt property using protection scheme aes/gcm/256
[main] INFO org.apache.nifi.properties.ConfigEncryptionTool - Updated XML content: <?xml version="1.0" encoding="UTF-8"?><authorizers>

    
    

    
    <userGroupProvider>
        <identifier>ldap-user-group-provider</identifier>
        <class>org.apache.nifi.ldap.tenants.LdapUserGroupProvider</class>
        <property name="Authentication Strategy">START_TLS</property>

        <property name="Manager DN">someuser</property>
        <property name="Manager Password" encryption="aes/gcm/256">oMmY2JvoiN+LLcZ9||SMd0qe9JLRRWs5L3GwJHWi6wvG+cRm0TOiJurgaktXdi7g</property>

        <property name="TLS - Keystore"/>
        <property name="TLS - Keystore Password" encryption="aes/gcm/256">aB7akErItV4F1VlG||kuH98sEO7la8r6ztkWWGC1d4PlyApLBCBNe0DHhYQOXcWw</property>
        <property name="TLS - Keystore Type"/>
        <property name="TLS - Truststore"/>
        <property name="TLS - Truststore Password" encryption="aes/gcm/256">29Pbt9/ukMaY6I5H||UvhJbhu06WZ/atLsjcH1VysBmkJcJtvzZbN/j+Mv+oqtoA</property>
        <property name="TLS - Truststore Type"/>
        <property name="TLS - Client Auth"/>
        <property name="TLS - Protocol"/>
        <property name="TLS - Shutdown Gracefully"/>

        <property name="Referral Strategy">FOLLOW</property>
        <property name="Connect Timeout">10 secs</property>
        <property name="Read Timeout">10 secs</property>

        <property name="Url"/>
        <property name="Page Size"/>
        <property name="Sync Interval">30 mins</property>

        <property name="User Search Base"/>
        <property name="User Object Class">person</property>
        <property name="User Search Scope">ONE_LEVEL</property>
        <property name="User Search Filter"/>
        <property name="User Identity Attribute"/>
        <property name="User Group Name Attribute"/>
        <property name="User Group Name Attribute - Referenced Group Attribute"/>

        <property name="Group Search Base"/>
        <property name="Group Object Class">group</property>
        <property name="Group Search Scope">ONE_LEVEL</property>
        <property name="Group Search Filter"/>
        <property name="Group Name Attribute"/>
        <property name="Group Member Attribute"/>
        <property name="Group Member Attribute - Referenced User Attribute"/>
    </userGroupProvider>

    
    

    
    

    
    <accessPolicyProvider>
        <identifier>file-access-policy-provider</identifier>
        <class>org.apache.nifi.authorization.FileAccessPolicyProvider</class>
        <property name="User Group Provider">ldap-user-group-provider</property>
        <property name="Authorizations File">./conf/authorizations.xml</property>
        <property name="Initial Admin Identity"/>
        <property name="Legacy Authorized Users File"/>

        <property name="Node Identity 1"/>
    </accessPolicyProvider>

    
    <authorizer>
        <identifier>managed-authorizer</identifier>
        <class>org.apache.nifi.authorization.StandardManagedAuthorizer</class>
        <property name="Access Policy Provider">file-access-policy-provider</property>
    </authorizer>

    
    
</authorizers>

[main] INFO org.apache.nifi.properties.ConfigEncryptionToolTest - Encrypted XML: 
<?xml version="1.0" encoding="UTF-8"?><authorizers>

    
    

    
    <userGroupProvider>
        <identifier>ldap-user-group-provider</identifier>
        <class>org.apache.nifi.ldap.tenants.LdapUserGroupProvider</class>
        <property name="Authentication Strategy">START_TLS</property>

        <property name="Manager DN">someuser</property>
        <property name="Manager Password" encryption="aes/gcm/256">oMmY2JvoiN+LLcZ9||SMd0qe9JLRRWs5L3GwJHWi6wvG+cRm0TOiJurgaktXdi7g</property>

        <property name="TLS - Keystore"/>
        <property name="TLS - Keystore Password" encryption="aes/gcm/256">aB7akErItV4F1VlG||kuH98sEO7la8r6ztkWWGC1d4PlyApLBCBNe0DHhYQOXcWw</property>
        <property name="TLS - Keystore Type"/>
        <property name="TLS - Truststore"/>
        <property name="TLS - Truststore Password" encryption="aes/gcm/256">29Pbt9/ukMaY6I5H||UvhJbhu06WZ/atLsjcH1VysBmkJcJtvzZbN/j+Mv+oqtoA</property>
        <property name="TLS - Truststore Type"/>
        <property name="TLS - Client Auth"/>
        <property name="TLS - Protocol"/>
        <property name="TLS - Shutdown Gracefully"/>

        <property name="Referral Strategy">FOLLOW</property>
        <property name="Connect Timeout">10 secs</property>
        <property name="Read Timeout">10 secs</property>

        <property name="Url"/>
        <property name="Page Size"/>
        <property name="Sync Interval">30 mins</property>

        <property name="User Search Base"/>
        <property name="User Object Class">person</property>
        <property name="User Search Scope">ONE_LEVEL</property>
        <property name="User Search Filter"/>
        <property name="User Identity Attribute"/>
        <property name="User Group Name Attribute"/>
        <property name="User Group Name Attribute - Referenced Group Attribute"/>

        <property name="Group Search Base"/>
        <property name="Group Object Class">group</property>
        <property name="Group Search Scope">ONE_LEVEL</property>
        <property name="Group Search Filter"/>
        <property name="Group Name Attribute"/>
        <property name="Group Member Attribute"/>
        <property name="Group Member Attribute - Referenced User Attribute"/>
    </userGroupProvider>

    
    

    
    

    
    <accessPolicyProvider>
        <identifier>file-access-policy-provider</identifier>
        <class>org.apache.nifi.authorization.FileAccessPolicyProvider</class>
        <property name="User Group Provider">ldap-user-group-provider</property>
        <property name="Authorizations File">./conf/authorizations.xml</property>
        <property name="Initial Admin Identity"/>
        <property name="Legacy Authorized Users File"/>

        <property name="Node Identity 1"/>
    </accessPolicyProvider>

    
    <authorizer>
        <identifier>managed-authorizer</identifier>
        <class>org.apache.nifi.authorization.StandardManagedAuthorizer</class>
        <property name="Access Policy Provider">file-access-policy-provider</property>
    </authorizer>

    
    
</authorizers>

[main] INFO org.apache.nifi.properties.ConfigEncryptionToolTest - Written lines: 
<?xml version="1.0" encoding="UTF-8"?><authorizers>

    
    

    
    <userGroupProvider>
        <identifier>ldap-user-group-provider</identifier>
        <class>org.apache.nifi.ldap.tenants.LdapUserGroupProvider</class>
        <property name="Authentication Strategy">START_TLS</property>

        <property name="Manager DN">someuser</property>
        <property name="Manager Password" encryption="aes/gcm/256">oMmY2JvoiN+LLcZ9||SMd0qe9JLRRWs5L3GwJHWi6wvG+cRm0TOiJurgaktXdi7g</property>

        <property name="TLS - Keystore"/>
        <property name="TLS - Keystore Password" encryption="aes/gcm/256">aB7akErItV4F1VlG||kuH98sEO7la8r6ztkWWGC1d4PlyApLBCBNe0DHhYQOXcWw</property>
        <property name="TLS - Keystore Type"/>
        <property name="TLS - Truststore"/>
        <property name="TLS - Truststore Password" encryption="aes/gcm/256">29Pbt9/ukMaY6I5H||UvhJbhu06WZ/atLsjcH1VysBmkJcJtvzZbN/j+Mv+oqtoA</property>
        <property name="TLS - Truststore Type"/>
        <property name="TLS - Client Auth"/>
        <property name="TLS - Protocol"/>
        <property name="TLS - Shutdown Gracefully"/>

        <property name="Referral Strategy">FOLLOW</property>
        <property name="Connect Timeout">10 secs</property>
        <property name="Read Timeout">10 secs</property>

        <property name="Url"/>
        <property name="Page Size"/>
        <property name="Sync Interval">30 mins</property>

        <property name="User Search Base"/>
        <property name="User Object Class">person</property>
        <property name="User Search Scope">ONE_LEVEL</property>
        <property name="User Search Filter"/>
        <property name="User Identity Attribute"/>
        <property name="User Group Name Attribute"/>
        <property name="User Group Name Attribute - Referenced Group Attribute"/>

        <property name="Group Search Base"/>
        <property name="Group Object Class">group</property>
        <property name="Group Search Scope">ONE_LEVEL</property>
        <property name="Group Search Filter"/>
        <property name="Group Name Attribute"/>
        <property name="Group Member Attribute"/>
        <property name="Group Member Attribute - Referenced User Attribute"/>
    </userGroupProvider>

    
    

    
    

    
    <accessPolicyProvider>
        <identifier>file-access-policy-provider</identifier>
        <class>org.apache.nifi.authorization.FileAccessPolicyProvider</class>
        <property name="User Group Provider">ldap-user-group-provider</property>
        <property name="Authorizations File">./conf/authorizations.xml</property>
        <property name="Initial Admin Identity"/>
        <property name="Legacy Authorized Users File"/>

        <property name="Node Identity 1"/>
    </accessPolicyProvider>

    
    <authorizer>
        <identifier>managed-authorizer</identifier>
        <class>org.apache.nifi.authorization.StandardManagedAuthorizer</class>
        <property name="Access Policy Provider">file-access-policy-provider</property>
    </authorizer>

    
    
</authorizers>
]]></system-err>
  </testcase>
  <testcase name="testShouldEncryptLoginIdentityProvidersWithEmptySensitiveElements" classname="org.apache.nifi.properties.ConfigEncryptionToolTest" time="0.037">
    <system-err><![CDATA[[main] INFO org.apache.nifi.properties.ConfigEncryptionToolTest - Read lines: 
<?xml version="1.0" encoding="UTF-8" standalone="yes"?>
<!--
  Licensed to the Apache Software Foundation (ASF) under one or more
  contributor license agreements.  See the NOTICE file distributed with
  this work for additional information regarding copyright ownership.
  The ASF licenses this file to You under the Apache License, Version 2.0
  (the "License"); you may not use this file except in compliance with
  the License.  You may obtain a copy of the License at
      http://www.apache.org/licenses/LICENSE-2.0
  Unless required by applicable law or agreed to in writing, software
  distributed under the License is distributed on an "AS IS" BASIS,
  WITHOUT WARRANTIES OR CONDITIONS OF ANY KIND, either express or implied.
  See the License for the specific language governing permissions and
  limitations under the License.
-->
<!--
    This file lists the login identity providers to use when running securely. In order
    to use a specific provider it must be configured here and it's identifier
    must be specified in the nifi.properties file.
-->
<loginIdentityProviders>
    <!--
        Identity Provider for users logging in with username/password against an LDAP server.
        
        'Authentication Strategy' - How the connection to the LDAP server is authenticated. Possible
            values are ANONYMOUS, SIMPLE, or START_TLS.
        
        'Manager DN' - The DN of the manager that is used to bind to the LDAP server to search for users.
        'Manager Password' - The password of the manager that is used to bind to the LDAP server to
            search for users.
            
        'TLS - Keystore' - Path to the Keystore that is used when connecting to LDAP using START_TLS.
        'TLS - Keystore Password' - Password for the Keystore that is used when connecting to LDAP
            using START_TLS.
        'TLS - Keystore Type' - Type of the Keystore that is used when connecting to LDAP using
            START_TLS (i.e. JKS or PKCS12).
        'TLS - Truststore' - Path to the Truststore that is used when connecting to LDAP using START_TLS.
        'TLS - Truststore Password' - Password for the Truststore that is used when connecting to
            LDAP using START_TLS.
        'TLS - Truststore Type' - Type of the Truststore that is used when connecting to LDAP using
            START_TLS (i.e. JKS or PKCS12).
        'TLS - Client Auth' - Client authentication policy when connecting to LDAP using START_TLS.
            Possible values are REQUIRED, WANT, NONE.
        'TLS - Protocol' - Protocol to use when connecting to LDAP using START_TLS. (i.e. TLS,
            TLSv1.1, TLSv1.2, etc).
        'TLS - Shutdown Gracefully' - Specifies whether the TLS should be shut down gracefully 
            before the target context is closed. Defaults to false.
            
        'Referral Strategy' - Strategy for handling referrals. Possible values are FOLLOW, IGNORE, THROW.
        'Connect Timeout' - Duration of connect timeout. (i.e. 10 secs).
        'Read Timeout' - Duration of read timeout. (i.e. 10 secs).
       
        'Url' - Url of the LDAP servier (i.e. ldap://<hostname>:<port>).
        'User Search Base' - Base DN for searching for users (i.e. CN=Users,DC=example,DC=com).
        'User Search Filter' - Filter for searching for users against the 'User Search Base'.
            (i.e. sAMAccountName={0}). The user specified name is inserted into '{0}'.
            
        'Authentication Expiration' - The duration of how long the user authentication is valid
            for. If the user never logs out, they will be required to log back in following
            this duration.
    -->
    <provider>
        <identifier>ldap-provider</identifier>
        <class>org.apache.nifi.ldap.LdapProvider</class>
        <property name="Authentication Strategy">START_TLS</property>

        <property name="Manager DN">someuser</property>
        <property name="Manager Password">thisIsABadPassword</property>

        <property name="TLS - Keystore"></property>
        <property name="TLS - Keystore Password"></property>
        <property name="TLS - Keystore Type"></property>
        <property name="TLS - Truststore"></property>
        <property name="TLS - Truststore Password"></property>
        <property name="TLS - Truststore Type"></property>
        <property name="TLS - Client Auth"></property>
        <property name="TLS - Protocol"></property>
        <property name="TLS - Shutdown Gracefully"></property>
        
        <property name="Referral Strategy">FOLLOW</property>
        <property name="Connect Timeout">10 secs</property>
        <property name="Read Timeout">10 secs</property>

        <property name="Url"></property>
        <property name="User Search Base"></property>
        <property name="User Search Filter"></property>

        <property name="Authentication Expiration">12 hours</property>
    </provider>

    <!--
        Identity Provider for users logging in with username/password against a Kerberos KDC server.

        'Default Realm' - Default realm to provide when user enters incomplete user principal (i.e. NIFI.APACHE.ORG).
        'Authentication Expiration' - The duration of how long the user authentication is valid for. If the user never logs out, they will be required to log back in following this duration.
    -->
    <!-- To enable the kerberos-provider remove 2 lines. This is 1 of 2.
    <provider>
        <identifier>kerberos-provider</identifier>
        <class>org.apache.nifi.kerberos.KerberosProvider</class>
        <property name="Default Realm">NIFI.APACHE.ORG</property>
        <property name="Authentication Expiration">12 hours</property>
    </provider>
    To enable the kerberos-provider remove 2 lines. This is 2 of 2. -->
</loginIdentityProviders>
[main] INFO org.apache.nifi.properties.ConfigEncryptionTool - Attempting to encrypt property using protection scheme aes/gcm/256
[main] WARN org.apache.nifi.properties.AbstractBootstrapPropertiesLoader - System Property [nifi.properties.file.path] not found: Using Relative Path [conf/nifi.properties]
[main] WARN org.apache.nifi.properties.ConfigEncryptionTool - Could not load default bootstrap.conf: Configuration Directory [conf] not found for Bootstrap Properties
[main] INFO org.apache.nifi.properties.ConfigEncryptionTool - Updated XML content: <?xml version="1.0" encoding="UTF-8"?><loginIdentityProviders>
    
    <provider>
        <identifier>ldap-provider</identifier>
        <class>org.apache.nifi.ldap.LdapProvider</class>
        <property name="Authentication Strategy">START_TLS</property>

        <property name="Manager DN">someuser</property>
        <property name="Manager Password" encryption="aes/gcm/256">Qqf5Tre3j/je++o+||5wFfzzdDZXVMn71kEXO/nmvyhIfCUDV8ysOWq5nJwq+dww</property>

        <property name="TLS - Keystore"/>
        <property name="TLS - Keystore Password"/>
        <property name="TLS - Keystore Type"/>
        <property name="TLS - Truststore"/>
        <property name="TLS - Truststore Password"/>
        <property name="TLS - Truststore Type"/>
        <property name="TLS - Client Auth"/>
        <property name="TLS - Protocol"/>
        <property name="TLS - Shutdown Gracefully"/>
        
        <property name="Referral Strategy">FOLLOW</property>
        <property name="Connect Timeout">10 secs</property>
        <property name="Read Timeout">10 secs</property>

        <property name="Url"/>
        <property name="User Search Base"/>
        <property name="User Search Filter"/>

        <property name="Authentication Expiration">12 hours</property>
    </provider>

    
    
</loginIdentityProviders>

[main] INFO org.apache.nifi.properties.ConfigEncryptionToolTest - Encrypted lines: 
<?xml version="1.0" encoding="UTF-8"?><loginIdentityProviders>
    
    <provider>
        <identifier>ldap-provider</identifier>
        <class>org.apache.nifi.ldap.LdapProvider</class>
        <property name="Authentication Strategy">START_TLS</property>

        <property name="Manager DN">someuser</property>
        <property name="Manager Password" encryption="aes/gcm/256">Qqf5Tre3j/je++o+||5wFfzzdDZXVMn71kEXO/nmvyhIfCUDV8ysOWq5nJwq+dww</property>

        <property name="TLS - Keystore"/>
        <property name="TLS - Keystore Password"/>
        <property name="TLS - Keystore Type"/>
        <property name="TLS - Truststore"/>
        <property name="TLS - Truststore Password"/>
        <property name="TLS - Truststore Type"/>
        <property name="TLS - Client Auth"/>
        <property name="TLS - Protocol"/>
        <property name="TLS - Shutdown Gracefully"/>
        
        <property name="Referral Strategy">FOLLOW</property>
        <property name="Connect Timeout">10 secs</property>
        <property name="Read Timeout">10 secs</property>

        <property name="Url"/>
        <property name="User Search Base"/>
        <property name="User Search Filter"/>

        <property name="Authentication Expiration">12 hours</property>
    </provider>

    
    
</loginIdentityProviders>
[main] INFO org.apache.nifi.properties.ConfigEncryptionToolTest - Cipher text: Qqf5Tre3j/je++o+||5wFfzzdDZXVMn71kEXO/nmvyhIfCUDV8ysOWq5nJwq+dww
]]></system-err>
  </testcase>
  <testcase name="testShouldSerializeNiFiPropertiesAndPreserveFormatWithExistingProtectionSchemes" classname="org.apache.nifi.properties.ConfigEncryptionToolTest" time="0.016">
    <system-err><![CDATA[[main] INFO org.apache.nifi.properties.ConfigEncryptionToolTest - Read 30 lines from src/test/resources/nifi_with_few_sensitive_properties_protected_aes.properties
[main] INFO org.apache.nifi.properties.ConfigEncryptionToolTest - 
# Licensed to the Apache Software Foundation (ASF) under one or more
# contributor license agreements.  See the NOTICE file distributed with
# this work for additional information regarding copyright ownership.
# The ASF licenses this file to You under the Apache License, Version 2.0...
[main] WARN org.apache.nifi.properties.AbstractBootstrapPropertiesLoader - System Property [nifi.properties.file.path] not found: Using Relative Path [conf/nifi.properties]
[main] INFO org.apache.nifi.properties.NiFiPropertiesLoader - Loaded 13 properties from /home/alex/Repositories/nifi/nifi-toolkit/nifi-toolkit-encrypt-config/src/test/resources/nifi_with_few_sensitive_properties_protected_aes.properties
[main] INFO org.apache.nifi.properties.ConfigEncryptionToolTest - Loaded NiFiProperties from src/test/resources/nifi_with_few_sensitive_properties_protected_aes.properties
[main] INFO org.apache.nifi.properties.ConfigEncryptionToolTest - Loaded 10 properties
[main] INFO org.apache.nifi.properties.ConfigEncryptionToolTest - There are 9 sensitive properties
[main] INFO org.apache.nifi.properties.ConfigEncryptionToolTest - There are 3 protected properties
[main] INFO org.apache.nifi.properties.ConfigEncryptionToolTest - Counted 3 protected keys
[main] INFO org.apache.nifi.properties.ConfigEncryptionToolTest - Expected line count change: 0
[main] INFO org.apache.nifi.properties.ConfigEncryptionToolTest - Serialized NiFiProperties to 30 lines
[main] INFO org.apache.nifi.properties.ConfigEncryptionToolTest - Updated nifi.properties:
[main] INFO org.apache.nifi.properties.ConfigEncryptionToolTest - 

# Licensed to the Apache Software Foundation (ASF) under one or more
# contributor license agreements.  See the NOTICE file distributed with
# this work for additional information regarding copyright ownership.
# The ASF licenses this file to You under the Apache License, Version 2.0
# (the "License"); you may not use this file except in compliance with
# the License.  You may obtain a copy of the License at
#
#     http://www.apache.org/licenses/LICENSE-2.0
#
# Unless required by applicable law or agreed to in writing, software
# distributed under the License is distributed on an "AS IS" BASIS,
# WITHOUT WARRANTIES OR CONDITIONS OF ANY KIND, either express or implied.
# See the License for the specific language governing permissions and
# limitations under the License.

# security properties #
nifi.sensitive.props.key=n2z+tTTbHuZ4V4V2||uWhdasyDXD4ZG2lMAes/vqh6u4vaz4xgL4aEbF4Y/dXevqk3ulRcOwf1vc4RDQ==
nifi.sensitive.props.key.protected=aes/gcm/256
nifi.sensitive.props.algorithm=PBEWITHMD5AND256BITAES-CBC-OPENSSL
nifi.sensitive.props.additional.keys=

nifi.security.keystore=/path/to/keystore.jks
nifi.security.keystoreType=JKS
nifi.security.keystorePasswd=oBjT92hIGRElIGOh||MZ6uYuWNBrOA6usq/Jt3DaD2e4otNirZDytac/w/KFe0HOkrJR03vcbo
nifi.security.keystorePasswd.protected=aes/gcm/256
nifi.security.keyPasswd=ac/BaE35SL/esLiJ||+ULRvRLYdIDA2VqpE0eQXDEMjaLBMG2kbKOdOwBk/hGebDKlVg==
nifi.security.keyPasswd.protected=aes/gcm/256
nifi.security.truststore=
nifi.security.truststoreType=
nifi.security.truststorePasswd=
]]></system-err>
  </testcase>
  <testcase name="testShouldDecryptAuthorizersWithMultipleElementsPerLine" classname="org.apache.nifi.properties.ConfigEncryptionToolTest" time="0.054">
    <system-err><![CDATA[[main] INFO org.apache.nifi.properties.ConfigEncryptionToolTest - Read lines: 
<?xml version="1.0" encoding="UTF-8" standalone="yes"?>
<!--
  Licensed to the Apache Software Foundation (ASF) under one or more
  contributor license agreements.  See the NOTICE file distributed with
  this work for additional information regarding copyright ownership.
  The ASF licenses this file to You under the Apache License, Version 2.0
  (the "License"); you may not use this file except in compliance with
  the License.  You may obtain a copy of the License at
      http://www.apache.org/licenses/LICENSE-2.0
  Unless required by applicable law or agreed to in writing, software
  distributed under the License is distributed on an "AS IS" BASIS,
  WITHOUT WARRANTIES OR CONDITIONS OF ANY KIND, either express or implied.
  See the License for the specific language governing permissions and
  limitations under the License.
-->
<!--
    This file lists the userGroupProviders, accessPolicyProviders, and authorizers to use when running securely. In order
    to use a specific authorizer it must be configured here and it's identifier must be specified in the nifi.properties file.
    If the authorizer is a managedAuthorizer, it may need to be configured with an accessPolicyProvider and an userGroupProvider.
    This file allows for configuration of them, but they must be configured in order:

    ...
    all userGroupProviders
    all accessPolicyProviders
    all Authorizers
    ...
-->
<authorizers>

    <!--
        The FileUserGroupProvider will provide support for managing users and groups which is backed by a file
        on the local file system.

        - Users File - The file where the FileUserGroupProvider will store users and groups.

        - Legacy Authorized Users File - The full path to an existing authorized-users.xml that will be automatically
            be used to load the users and groups into the Users File.

        - Initial User Identity [unique key] - The identity of a users and systems to seed the Users File. The name of
            each property must be unique, for example: "Initial User Identity A", "Initial User Identity B",
            "Initial User Identity C" or "Initial User Identity 1", "Initial User Identity 2", "Initial User Identity 3"

            NOTE: Any identity mapping rules specified in nifi.properties will also be applied to the user identities,
            so the values should be the unmapped identities (i.e. full DN from a certificate).
    -->
    <!--
    <userGroupProvider>
        <identifier>file-user-group-provider</identifier>
        <class>org.apache.nifi.authorization.FileUserGroupProvider</class>
        <property name="Users File">./conf/users.xml</property>
        <property name="Legacy Authorized Users File"></property>

        <property name="Initial User Identity 1"></property>
    </userGroupProvider>
    -->

    <!--
        The LdapUserGroupProvider will retrieve users and groups from an LDAP server. The users and groups
        are not configurable.

        'Authentication Strategy' - How the connection to the LDAP server is authenticated. Possible
            values are ANONYMOUS, SIMPLE, LDAPS, or START_TLS.

        'Manager DN' - The DN of the manager that is used to bind to the LDAP server to search for users.
        'Manager Password' - The password of the manager that is used to bind to the LDAP server to
            search for users.

        'TLS - Keystore' - Path to the Keystore that is used when connecting to LDAP using LDAPS or START_TLS.
        'TLS - Keystore Password' - Password for the Keystore that is used when connecting to LDAP
            using LDAPS or START_TLS.
        'TLS - Keystore Type' - Type of the Keystore that is used when connecting to LDAP using
            LDAPS or START_TLS (i.e. JKS or PKCS12).
        'TLS - Truststore' - Path to the Truststore that is used when connecting to LDAP using LDAPS or START_TLS.
        'TLS - Truststore Password' - Password for the Truststore that is used when connecting to
            LDAP using LDAPS or START_TLS.
        'TLS - Truststore Type' - Type of the Truststore that is used when connecting to LDAP using
            LDAPS or START_TLS (i.e. JKS or PKCS12).
        'TLS - Client Auth' - Client authentication policy when connecting to LDAP using LDAPS or START_TLS.
            Possible values are REQUIRED, WANT, NONE.
        'TLS - Protocol' - Protocol to use when connecting to LDAP using LDAPS or START_TLS. (i.e. TLS,
            TLSv1.1, TLSv1.2, etc).
        'TLS - Shutdown Gracefully' - Specifies whether the TLS should be shut down gracefully
            before the target context is closed. Defaults to false.

        'Referral Strategy' - Strategy for handling referrals. Possible values are FOLLOW, IGNORE, THROW.
        'Connect Timeout' - Duration of connect timeout. (i.e. 10 secs).
        'Read Timeout' - Duration of read timeout. (i.e. 10 secs).

        'Url' - Space-separated list of URLs of the LDAP servers (i.e. ldap://<hostname>:<port>).
        'Page Size' - Sets the page size when retrieving users and groups. If not specified, no paging is performed.
        'Sync Interval' - Duration of time between syncing users and groups (i.e. 30 mins). Minimum allowable value is 10 secs.

        'User Search Base' - Base DN for searching for users (i.e. ou=users,o=nifi). Required to search users.
        'User Object Class' - Object class for identifying users (i.e. person). Required if searching users.
        'User Search Scope' - Search scope for searching users (ONE_LEVEL, OBJECT, or SUBTREE). Required if searching users.
        'User Search Filter' - Filter for searching for users against the 'User Search Base' (i.e. (memberof=cn=team1,ou=groups,o=nifi) ). Optional.
        'User Identity Attribute' - Attribute to use to extract user identity (i.e. cn). Optional. If not set, the entire DN is used.
        'User Group Name Attribute' - Attribute to use to define group membership (i.e. memberof). Optional. If not set
            group membership will not be calculated through the users. Will rely on group membership being defined
            through 'Group Member Attribute' if set. The value of this property is the name of the attribute in the user ldap entry that
            associates them with a group. The value of that user attribute could be a dn or group name for instance. What value is expected
            is configured in the 'User Group Name Attribute - Referenced Group Attribute'.
        'User Group Name Attribute - Referenced Group Attribute' - If blank, the value of the attribute defined in 'User Group Name Attribute'
            is expected to be the full dn of the group. If not blank, this property will define the attribute of the group ldap entry that
            the value of the attribute defined in 'User Group Name Attribute' is referencing (i.e. name). Use of this property requires that
            'Group Search Base' is also configured.

        'Group Search Base' - Base DN for searching for groups (i.e. ou=groups,o=nifi). Required to search groups.
        'Group Object Class' - Object class for identifying groups (i.e. groupOfNames). Required if searching groups.
        'Group Search Scope' - Search scope for searching groups (ONE_LEVEL, OBJECT, or SUBTREE). Required if searching groups.
        'Group Search Filter' - Filter for searching for groups against the 'Group Search Base'. Optional.
        'Group Name Attribute' - Attribute to use to extract group name (i.e. cn). Optional. If not set, the entire DN is used.
        'Group Member Attribute' - Attribute to use to define group membership (i.e. member). Optional. If not set
            group membership will not be calculated through the groups. Will rely on group membership being defined
            through 'User Group Name Attribute' if set. The value of this property is the name of the attribute in the group ldap entry that
            associates them with a user. The value of that group attribute could be a dn or memberUid for instance. What value is expected
            is configured in the 'Group Member Attribute - Referenced User Attribute'. (i.e. member: cn=User 1,ou=users,o=nifi vs. memberUid: user1)
        'Group Member Attribute - Referenced User Attribute' - If blank, the value of the attribute defined in 'Group Member Attribute'
            is expected to be the full dn of the user. If not blank, this property will define the attribute of the user ldap entry that
            the value of the attribute defined in 'Group Member Attribute' is referencing (i.e. uid). Use of this property requires that
            'User Search Base' is also configured. (i.e. member: cn=User 1,ou=users,o=nifi vs. memberUid: user1)

        NOTE: Any identity mapping rules specified in nifi.properties will also be applied to the user identities.
            Group names are not mapped.
    -->
    <userGroupProvider>
        <identifier>ldap-user-group-provider</identifier>
        <class>org.apache.nifi.ldap.tenants.LdapUserGroupProvider</class>
        <property name="Authentication Strategy">START_TLS</property>

        <property name="Manager DN">someuser</property>
        <property name="Manager Password" encryption="aes/gcm/128">q4r7WIgN0MaxdAKM||SGgdCTPGSFEcuH4RraMYEdeyVbOx93abdWTVSWvh1w+klA</property><property name="TLS - Keystore"></property><property name="TLS - Keystore Password" encryption="aes/gcm/128">Uah59TWX+Ru5GY5p||B44RT/LJtC08QWA5ehQf01JxIpf0qSJUzug25UwkF5a50g</property><property name="TLS - Keystore Type"></property>
        <property name="TLS - Truststore"></property>
        <property name="TLS - Truststore Password">thisIsABadPassword</property>
        <property name="TLS - Truststore Type"></property>
        <property name="TLS - Client Auth"></property>
        <property name="TLS - Protocol"></property>
        <property name="TLS - Shutdown Gracefully"></property>

        <property name="Referral Strategy">FOLLOW</property>
        <property name="Connect Timeout">10 secs</property>
        <property name="Read Timeout">10 secs</property>

        <property name="Url"></property>
        <property name="Page Size"></property>
        <property name="Sync Interval">30 mins</property>

        <property name="User Search Base"></property>
        <property name="User Object Class">person</property>
        <property name="User Search Scope">ONE_LEVEL</property>
        <property name="User Search Filter"></property>
        <property name="User Identity Attribute"></property>
        <property name="User Group Name Attribute"></property>
        <property name="User Group Name Attribute - Referenced Group Attribute"></property>

        <property name="Group Search Base"></property>
        <property name="Group Object Class">group</property>
        <property name="Group Search Scope">ONE_LEVEL</property>
        <property name="Group Search Filter"></property>
        <property name="Group Name Attribute"></property>
        <property name="Group Member Attribute"></property>
        <property name="Group Member Attribute - Referenced User Attribute"></property>
    </userGroupProvider>

    <!--
        The CompositeUserGroupProvider will provide support for retrieving users and groups from multiple sources.

        - User Group Provider [unique key] - The identifier of user group providers to load from. The name of
            each property must be unique, for example: "User Group Provider A", "User Group Provider B",
            "User Group Provider C" or "User Group Provider 1", "User Group Provider 2", "User Group Provider 3"

            NOTE: Any identity mapping rules specified in nifi.properties are not applied in this implementation. This behavior
            would need to be applied by the base implementation.
    -->
    <!-- To enable the composite-user-group-provider remove 2 lines. This is 1 of 2.
    <userGroupProvider>
        <identifier>composite-user-group-provider</identifier>
        <class>org.apache.nifi.authorization.CompositeUserGroupProvider</class>
        <property name="User Group Provider 1"></property>
    </userGroupProvider>
    To enable the composite-user-group-provider remove 2 lines. This is 2 of 2. -->

    <!--
        The CompositeConfigurableUserGroupProvider will provide support for retrieving users and groups from multiple sources.
        Additionally, a single configurable user group provider is required. Users from the configurable user group provider
        are configurable, however users loaded from one of the User Group Provider [unique key] will not be.

        - Configurable User Group Provider - A configurable user group provider.

        - User Group Provider [unique key] - The identifier of user group providers to load from. The name of
            each property must be unique, for example: "User Group Provider A", "User Group Provider B",
            "User Group Provider C" or "User Group Provider 1", "User Group Provider 2", "User Group Provider 3"

            NOTE: Any identity mapping rules specified in nifi.properties are not applied in this implementation. This behavior
            would need to be applied by the base implementation.
    -->
    <!-- To enable the composite-configurable-user-group-provider remove 2 lines. This is 1 of 2.
    <userGroupProvider>
        <identifier>composite-configurable-user-group-provider</identifier>
        <class>org.apache.nifi.authorization.CompositeConfigurableUserGroupProvider</class>
        <property name="Configurable User Group Provider">file-user-group-provider</property>
        <property name="User Group Provider 1"></property>
    </userGroupProvider>
    To enable the composite-configurable-user-group-provider remove 2 lines. This is 2 of 2. -->

    <!--
        The FileAccessPolicyProvider will provide support for managing access policies which is backed by a file
        on the local file system.

        - User Group Provider - The identifier for an User Group Provider defined above that will be used to access
            users and groups for use in the managed access policies.

        - Authorizations File - The file where the FileAccessPolicyProvider will store policies.

        - Initial Admin Identity - The identity of an initial admin user that will be granted access to the UI and
            given the ability to create additional users, groups, and policies. The value of this property could be
            a DN when using certificates or LDAP, or a Kerberos principal. This property will only be used when there
            are no other policies defined. If this property is specified then a Legacy Authorized Users File can not be specified.

            NOTE: Any identity mapping rules specified in nifi.properties will also be applied to the initial admin identity,
            so the value should be the unmapped identity. This identity must be found in the configured User Group Provider.

        - Legacy Authorized Users File - The full path to an existing authorized-users.xml that will be automatically
            converted to the new authorizations model. If this property is specified then an Initial Admin Identity can
            not be specified, and this property will only be used when there are no other users, groups, and policies defined.

            NOTE: Any users in the legacy users file must be found in the configured User Group Provider.

        - Node Identity [unique key] - The identity of a NiFi cluster node. When clustered, a property for each node
            should be defined, so that every node knows about every other node. If not clustered these properties can be ignored.
            The name of each property must be unique, for example for a three node cluster:
            "Node Identity A", "Node Identity B", "Node Identity C" or "Node Identity 1", "Node Identity 2", "Node Identity 3"

            NOTE: Any identity mapping rules specified in nifi.properties will also be applied to the node identities,
            so the values should be the unmapped identities (i.e. full DN from a certificate). This identity must be found
            in the configured User Group Provider.
    -->
    <accessPolicyProvider>
        <identifier>file-access-policy-provider</identifier>
        <class>org.apache.nifi.authorization.FileAccessPolicyProvider</class>
        <property name="User Group Provider">ldap-user-group-provider</property>
        <property name="Authorizations File">./conf/authorizations.xml</property>
        <property name="Initial Admin Identity"></property>
        <property name="Legacy Authorized Users File"></property>

        <property name="Node Identity 1"></property>
    </accessPolicyProvider>

    <!--
        The StandardManagedAuthorizer. This authorizer implementation must be configured with the
        Access Policy Provider which it will use to access and manage users, groups, and policies.
        These users, groups, and policies will be used to make all access decisions during authorization
        requests.

        - Access Policy Provider - The identifier for an Access Policy Provider defined above.
    -->
    <authorizer>
        <identifier>managed-authorizer</identifier>
        <class>org.apache.nifi.authorization.StandardManagedAuthorizer</class>
        <property name="Access Policy Provider">file-access-policy-provider</property>
    </authorizer>

    <!--
        NOTE: This Authorizer has been replaced with the more granular approach configured above with the Standard
        Managed Authorizer. However, it is still available for backwards compatibility reasons.

        The FileAuthorizer is NiFi's provided authorizer and has the following properties:

        - Authorizations File - The file where the FileAuthorizer will store policies.

        - Users File - The file where the FileAuthorizer will store users and groups.

        - Initial Admin Identity - The identity of an initial admin user that will be granted access to the UI and
            given the ability to create additional users, groups, and policies. The value of this property could be
            a DN when using certificates or LDAP, or a Kerberos principal. This property will only be used when there
            are no other users, groups, and policies defined. If this property is specified then a Legacy Authorized
            Users File can not be specified.

            NOTE: Any identity mapping rules specified in nifi.properties will also be applied to the initial admin identity,
            so the value should be the unmapped identity.

        - Legacy Authorized Users File - The full path to an existing authorized-users.xml that will be automatically
            converted to the new authorizations model. If this property is specified then an Initial Admin Identity can
            not be specified, and this property will only be used when there are no other users, groups, and policies defined.

        - Node Identity [unique key] - The identity of a NiFi cluster node. When clustered, a property for each node
            should be defined, so that every node knows about every other node. If not clustered these properties can be ignored.
            The name of each property must be unique, for example for a three node cluster:
            "Node Identity A", "Node Identity B", "Node Identity C" or "Node Identity 1", "Node Identity 2", "Node Identity 3"

            NOTE: Any identity mapping rules specified in nifi.properties will also be applied to the node identities,
            so the values should be the unmapped identities (i.e. full DN from a certificate).
    -->
    <!-- <authorizer>
        <identifier>file-provider</identifier>
        <class>org.apache.nifi.authorization.FileAuthorizer</class>
        <property name="Authorizations File">./conf/authorizations.xml</property>
        <property name="Users File">./conf/users.xml</property>
        <property name="Initial Admin Identity"></property>
        <property name="Legacy Authorized Users File"></property>

        <property name="Node Identity 1"></property>
    </authorizer>
    -->
</authorizers>
[main] INFO org.apache.nifi.properties.ConfigEncryptionTool - Attempting to decrypt q4r7WIgN0MaxdAKM||SGgdCTPGSFEcuH4RraMYEdeyVbOx93abdWTVSWvh1w+klA using protection scheme aes/gcm/128
[main] WARN org.apache.nifi.properties.AbstractBootstrapPropertiesLoader - System Property [nifi.properties.file.path] not found: Using Relative Path [conf/nifi.properties]
[main] WARN org.apache.nifi.properties.ConfigEncryptionTool - Could not load default bootstrap.conf: Configuration Directory [conf] not found for Bootstrap Properties
[main] INFO org.apache.nifi.properties.ConfigEncryptionTool - Attempting to decrypt Uah59TWX+Ru5GY5p||B44RT/LJtC08QWA5ehQf01JxIpf0qSJUzug25UwkF5a50g using protection scheme aes/gcm/128
[main] INFO org.apache.nifi.properties.ConfigEncryptionTool - Updated XML content: <?xml version="1.0" encoding="UTF-8"?><authorizers>

    
    

    
    <userGroupProvider>
        <identifier>ldap-user-group-provider</identifier>
        <class>org.apache.nifi.ldap.tenants.LdapUserGroupProvider</class>
        <property name="Authentication Strategy">START_TLS</property>

        <property name="Manager DN">someuser</property>
        <property name="Manager Password" encryption="none">thisIsABadPassword</property>
    <property name="TLS - Keystore"/>
    <property name="TLS - Keystore Password" encryption="none">thisIsABadPassword</property>
    <property name="TLS - Keystore Type"/>
        <property name="TLS - Truststore"/>
        <property name="TLS - Truststore Password">thisIsABadPassword</property>
        <property name="TLS - Truststore Type"/>
        <property name="TLS - Client Auth"/>
        <property name="TLS - Protocol"/>
        <property name="TLS - Shutdown Gracefully"/>

        <property name="Referral Strategy">FOLLOW</property>
        <property name="Connect Timeout">10 secs</property>
        <property name="Read Timeout">10 secs</property>

        <property name="Url"/>
        <property name="Page Size"/>
        <property name="Sync Interval">30 mins</property>

        <property name="User Search Base"/>
        <property name="User Object Class">person</property>
        <property name="User Search Scope">ONE_LEVEL</property>
        <property name="User Search Filter"/>
        <property name="User Identity Attribute"/>
        <property name="User Group Name Attribute"/>
        <property name="User Group Name Attribute - Referenced Group Attribute"/>

        <property name="Group Search Base"/>
        <property name="Group Object Class">group</property>
        <property name="Group Search Scope">ONE_LEVEL</property>
        <property name="Group Search Filter"/>
        <property name="Group Name Attribute"/>
        <property name="Group Member Attribute"/>
        <property name="Group Member Attribute - Referenced User Attribute"/>
    </userGroupProvider>

    
    

    
    

    
    <accessPolicyProvider>
        <identifier>file-access-policy-provider</identifier>
        <class>org.apache.nifi.authorization.FileAccessPolicyProvider</class>
        <property name="User Group Provider">ldap-user-group-provider</property>
        <property name="Authorizations File">./conf/authorizations.xml</property>
        <property name="Initial Admin Identity"/>
        <property name="Legacy Authorized Users File"/>

        <property name="Node Identity 1"/>
    </accessPolicyProvider>

    
    <authorizer>
        <identifier>managed-authorizer</identifier>
        <class>org.apache.nifi.authorization.StandardManagedAuthorizer</class>
        <property name="Access Policy Provider">file-access-policy-provider</property>
    </authorizer>

    
    
</authorizers>

[main] INFO org.apache.nifi.properties.ConfigEncryptionToolTest - Decrypted lines: 
<?xml version="1.0" encoding="UTF-8"?><authorizers>

    
    

    
    <userGroupProvider>
        <identifier>ldap-user-group-provider</identifier>
        <class>org.apache.nifi.ldap.tenants.LdapUserGroupProvider</class>
        <property name="Authentication Strategy">START_TLS</property>

        <property name="Manager DN">someuser</property>
        <property name="Manager Password" encryption="none">thisIsABadPassword</property>
    <property name="TLS - Keystore"/>
    <property name="TLS - Keystore Password" encryption="none">thisIsABadPassword</property>
    <property name="TLS - Keystore Type"/>
        <property name="TLS - Truststore"/>
        <property name="TLS - Truststore Password">thisIsABadPassword</property>
        <property name="TLS - Truststore Type"/>
        <property name="TLS - Client Auth"/>
        <property name="TLS - Protocol"/>
        <property name="TLS - Shutdown Gracefully"/>

        <property name="Referral Strategy">FOLLOW</property>
        <property name="Connect Timeout">10 secs</property>
        <property name="Read Timeout">10 secs</property>

        <property name="Url"/>
        <property name="Page Size"/>
        <property name="Sync Interval">30 mins</property>

        <property name="User Search Base"/>
        <property name="User Object Class">person</property>
        <property name="User Search Scope">ONE_LEVEL</property>
        <property name="User Search Filter"/>
        <property name="User Identity Attribute"/>
        <property name="User Group Name Attribute"/>
        <property name="User Group Name Attribute - Referenced Group Attribute"/>

        <property name="Group Search Base"/>
        <property name="Group Object Class">group</property>
        <property name="Group Search Scope">ONE_LEVEL</property>
        <property name="Group Search Filter"/>
        <property name="Group Name Attribute"/>
        <property name="Group Member Attribute"/>
        <property name="Group Member Attribute - Referenced User Attribute"/>
    </userGroupProvider>

    
    

    
    

    
    <accessPolicyProvider>
        <identifier>file-access-policy-provider</identifier>
        <class>org.apache.nifi.authorization.FileAccessPolicyProvider</class>
        <property name="User Group Provider">ldap-user-group-provider</property>
        <property name="Authorizations File">./conf/authorizations.xml</property>
        <property name="Initial Admin Identity"/>
        <property name="Legacy Authorized Users File"/>

        <property name="Node Identity 1"/>
    </accessPolicyProvider>

    
    <authorizer>
        <identifier>managed-authorizer</identifier>
        <class>org.apache.nifi.authorization.StandardManagedAuthorizer</class>
        <property name="Access Policy Provider">file-access-policy-provider</property>
    </authorizer>

    
    
</authorizers>
]]></system-err>
  </testcase>
  <testcase name="testParseShouldWarnIfFlowXmlWillBeOverwritten" classname="org.apache.nifi.properties.ConfigEncryptionToolTest" time="0.001">
    <system-err><![CDATA[[main] WARN org.apache.nifi.properties.ConfigEncryptionTool - The source nifi.properties and destination nifi.properties are identical [conf/nifi.properties] so the original will be overwritten
[main] WARN org.apache.nifi.properties.ConfigEncryptionTool - The source flow.xml.gz and destination flow.xml.gz are identical [conf/flow.xml.gz] so the original will be overwritten
]]></system-err>
  </testcase>
  <testcase name="testShouldWriteNiFiPropertiesInSameLocation" classname="org.apache.nifi.properties.ConfigEncryptionToolTest" time="0.007">
    <system-err><![CDATA[[main] WARN org.apache.nifi.properties.ConfigEncryptionTool - The source nifi.properties and destination nifi.properties are identical [target/tmp_nifi.properties] so the original will be overwritten
[main] WARN org.apache.nifi.properties.AbstractBootstrapPropertiesLoader - System Property [nifi.properties.file.path] not found: Using Relative Path [conf/nifi.properties]
[main] INFO org.apache.nifi.properties.NiFiPropertiesLoader - Loaded 82 properties from /home/alex/Repositories/nifi/nifi-toolkit/nifi-toolkit-encrypt-config/target/tmp_nifi.properties
[main] INFO org.apache.nifi.properties.ConfigEncryptionTool - Loaded NiFiProperties instance with 82 properties
[main] INFO org.apache.nifi.properties.ConfigEncryptionToolTest - Loaded 82 properties from target/tmp_nifi.properties
[main] INFO org.apache.nifi.properties.ConfigEncryptionToolTest - Wrote to target/tmp_nifi.properties
]]></system-err>
  </testcase>
  <testcase name="testDeriveKeyFromPasswordShouldThrowExceptionForInvalidPasswords" classname="org.apache.nifi.properties.ConfigEncryptionToolTest" time="0.006">
    <system-err><![CDATA[[main] INFO org.apache.nifi.properties.ConfigEncryptionToolTest - Reading password: [null]
[main] INFO org.apache.nifi.properties.ConfigEncryptionToolTest - [EXPECTED] Cannot derive key from empty/short password -- password must be at least 12 characters
[main] INFO org.apache.nifi.properties.ConfigEncryptionToolTest - Reading password: []
[main] INFO org.apache.nifi.properties.ConfigEncryptionToolTest - [EXPECTED] Cannot derive key from empty/short password -- password must be at least 12 characters
[main] INFO org.apache.nifi.properties.ConfigEncryptionToolTest - Reading password: [      ]
[main] INFO org.apache.nifi.properties.ConfigEncryptionToolTest - [EXPECTED] Cannot derive key from empty/short password -- password must be at least 12 characters
[main] INFO org.apache.nifi.properties.ConfigEncryptionToolTest - Reading password: [shortpass]
[main] INFO org.apache.nifi.properties.ConfigEncryptionToolTest - [EXPECTED] Cannot derive key from empty/short password -- password must be at least 12 characters
[main] INFO org.apache.nifi.properties.ConfigEncryptionToolTest - Reading password: [shortwith    ]
[main] INFO org.apache.nifi.properties.ConfigEncryptionToolTest - [EXPECTED] Cannot derive key from empty/short password -- password must be at least 12 characters
]]></system-err>
  </testcase>
  <testcase name="testShouldFailOnCliTranslateIfConflictingFlagsPresent" classname="org.apache.nifi.properties.ConfigEncryptionToolTest" time="0.064">
    <system-out><![CDATA[When '-c'/'--translateCli' is specified, '-n'/'--niFiProperties' is required (and '-b'/'--bootstrapConf' is required if the properties are encrypted)

usage: org.apache.nifi.properties.ConfigEncryptionTool [-h] [-v] [-n <file>] [-o <file>] [-l <file>] [-i <file>] [-a <file>] [-u <file>] [-f <file>] [-g <file>]
       [-b <file>] [-S <protectionScheme>] [-k <keyhex>] [-e <keyhex>] [-H <protectionScheme>] [-p <password>] [-w <password>] [-r] [-m] [-x] [-s
       <password|keyhex>] [-A <algorithm>] [-P <algorithm>] [-c]

This tool reads from a nifi.properties and/or login-identity-providers.xml file with plain sensitive configuration values, prompts the user for a root key, and
encrypts each value. It will replace the plain value with the protected value in the same file (or write to a new file if specified). It can also be used to
migrate already-encrypted values in those files or in flow.xml.gz to be encrypted with a new key.

 -h,--help                                     Show usage information (this message)
 -v,--verbose                                  Sets verbose mode (default false)
 -n,--niFiProperties <file>                    The nifi.properties file containing unprotected config values (will be overwritten unless -o is specified)
 -o,--outputNiFiProperties <file>              The destination nifi.properties file containing protected config values (will not modify input nifi.properties)
 -l,--loginIdentityProviders <file>            The login-identity-providers.xml file containing unprotected config values (will be overwritten unless -i is
                                               specified)
 -i,--outputLoginIdentityProviders <file>      The destination login-identity-providers.xml file containing protected config values (will not modify input
                                               login-identity-providers.xml)
 -a,--authorizers <file>                       The authorizers.xml file containing unprotected config values (will be overwritten unless -u is specified)
 -u,--outputAuthorizers <file>                 The destination authorizers.xml file containing protected config values (will not modify input authorizers.xml)
 -f,--flowXml <file>                           The flow.xml.gz file currently protected with old password (will be overwritten unless -g is specified)
 -g,--outputFlowXml <file>                     The destination flow.xml.gz file containing protected config values (will not modify input flow.xml.gz)
 -b,--bootstrapConf <file>                     The bootstrap.conf file to persist root key and to optionally provide any configuration for the protection
                                               scheme.
 -S,--protectionScheme <protectionScheme>      Selects the protection scheme for encrypted properties.  Valid values are: [AES_GCM, AWS_SECRETSMANAGER, AWS_KMS,
                                               AZURE_KEYVAULT_KEY, AZURE_KEYVAULT_SECRET, GCP_KMS, HASHICORP_VAULT_KV, HASHICORP_VAULT_TRANSIT] (default is
                                               AES_GCM)
 -k,--key <keyhex>                             The raw hexadecimal key to use to encrypt the sensitive properties
 -e,--oldKey <keyhex>                          The old raw hexadecimal key to use during key migration
 -H,--oldProtectionScheme <protectionScheme>   The old protection scheme to use during encryption migration (see --protectionScheme for possible values).
                                               Default is AES_GCM
 -p,--password <password>                      The password from which to derive the key to use to encrypt the sensitive properties
 -w,--oldPassword <password>                   The old password from which to derive the key during migration
 -r,--useRawKey                                If provided, the secure console will prompt for the raw key value in hexadecimal form
 -m,--migrate                                  If provided, the nifi.properties and/or login-identity-providers.xml sensitive properties will be re-encrypted
                                               with the new scheme
 -x,--encryptFlowXmlOnly                       If provided, the properties in flow.xml.gz will be re-encrypted with a new key but the nifi.properties and/or
                                               login-identity-providers.xml files will not be modified
 -s,--propsKey <password|keyhex>               The password or key to use to encrypt the sensitive processor properties in flow.xml.gz
 -A,--newFlowAlgorithm <algorithm>             The algorithm to use to encrypt the sensitive processor properties in flow.xml.gz
 -P,--newFlowProvider <algorithm>              The security provider to use to encrypt the sensitive processor properties in flow.xml.gz
 -c,--translateCli                             Translates the nifi.properties file to a format suitable for the NiFi CLI tool

Java home: null
NiFi Toolkit home: null
When '-c'/'--translateCli' is specified, '-n'/'--niFiProperties' is required (and '-b'/'--bootstrapConf' is required if the properties are encrypted)

usage: org.apache.nifi.properties.ConfigEncryptionTool [-h] [-v] [-n <file>] [-o <file>] [-l <file>] [-i <file>] [-a <file>] [-u <file>] [-f <file>] [-g <file>]
       [-b <file>] [-S <protectionScheme>] [-k <keyhex>] [-e <keyhex>] [-H <protectionScheme>] [-p <password>] [-w <password>] [-r] [-m] [-x] [-s
       <password|keyhex>] [-A <algorithm>] [-P <algorithm>] [-c]

This tool reads from a nifi.properties and/or login-identity-providers.xml file with plain sensitive configuration values, prompts the user for a root key, and
encrypts each value. It will replace the plain value with the protected value in the same file (or write to a new file if specified). It can also be used to
migrate already-encrypted values in those files or in flow.xml.gz to be encrypted with a new key.

 -h,--help                                     Show usage information (this message)
 -v,--verbose                                  Sets verbose mode (default false)
 -n,--niFiProperties <file>                    The nifi.properties file containing unprotected config values (will be overwritten unless -o is specified)
 -o,--outputNiFiProperties <file>              The destination nifi.properties file containing protected config values (will not modify input nifi.properties)
 -l,--loginIdentityProviders <file>            The login-identity-providers.xml file containing unprotected config values (will be overwritten unless -i is
                                               specified)
 -i,--outputLoginIdentityProviders <file>      The destination login-identity-providers.xml file containing protected config values (will not modify input
                                               login-identity-providers.xml)
 -a,--authorizers <file>                       The authorizers.xml file containing unprotected config values (will be overwritten unless -u is specified)
 -u,--outputAuthorizers <file>                 The destination authorizers.xml file containing protected config values (will not modify input authorizers.xml)
 -f,--flowXml <file>                           The flow.xml.gz file currently protected with old password (will be overwritten unless -g is specified)
 -g,--outputFlowXml <file>                     The destination flow.xml.gz file containing protected config values (will not modify input flow.xml.gz)
 -b,--bootstrapConf <file>                     The bootstrap.conf file to persist root key and to optionally provide any configuration for the protection
                                               scheme.
 -S,--protectionScheme <protectionScheme>      Selects the protection scheme for encrypted properties.  Valid values are: [AES_GCM, AWS_SECRETSMANAGER, AWS_KMS,
                                               AZURE_KEYVAULT_KEY, AZURE_KEYVAULT_SECRET, GCP_KMS, HASHICORP_VAULT_KV, HASHICORP_VAULT_TRANSIT] (default is
                                               AES_GCM)
 -k,--key <keyhex>                             The raw hexadecimal key to use to encrypt the sensitive properties
 -e,--oldKey <keyhex>                          The old raw hexadecimal key to use during key migration
 -H,--oldProtectionScheme <protectionScheme>   The old protection scheme to use during encryption migration (see --protectionScheme for possible values).
                                               Default is AES_GCM
 -p,--password <password>                      The password from which to derive the key to use to encrypt the sensitive properties
 -w,--oldPassword <password>                   The old password from which to derive the key during migration
 -r,--useRawKey                                If provided, the secure console will prompt for the raw key value in hexadecimal form
 -m,--migrate                                  If provided, the nifi.properties and/or login-identity-providers.xml sensitive properties will be re-encrypted
                                               with the new scheme
 -x,--encryptFlowXmlOnly                       If provided, the properties in flow.xml.gz will be re-encrypted with a new key but the nifi.properties and/or
                                               login-identity-providers.xml files will not be modified
 -s,--propsKey <password|keyhex>               The password or key to use to encrypt the sensitive processor properties in flow.xml.gz
 -A,--newFlowAlgorithm <algorithm>             The algorithm to use to encrypt the sensitive processor properties in flow.xml.gz
 -P,--newFlowProvider <algorithm>              The security provider to use to encrypt the sensitive processor properties in flow.xml.gz
 -c,--translateCli                             Translates the nifi.properties file to a format suitable for the NiFi CLI tool

Java home: null
NiFi Toolkit home: null
When '-c'/'--translateCli' is specified, '-n'/'--niFiProperties' is required (and '-b'/'--bootstrapConf' is required if the properties are encrypted)

usage: org.apache.nifi.properties.ConfigEncryptionTool [-h] [-v] [-n <file>] [-o <file>] [-l <file>] [-i <file>] [-a <file>] [-u <file>] [-f <file>] [-g <file>]
       [-b <file>] [-S <protectionScheme>] [-k <keyhex>] [-e <keyhex>] [-H <protectionScheme>] [-p <password>] [-w <password>] [-r] [-m] [-x] [-s
       <password|keyhex>] [-A <algorithm>] [-P <algorithm>] [-c]

This tool reads from a nifi.properties and/or login-identity-providers.xml file with plain sensitive configuration values, prompts the user for a root key, and
encrypts each value. It will replace the plain value with the protected value in the same file (or write to a new file if specified). It can also be used to
migrate already-encrypted values in those files or in flow.xml.gz to be encrypted with a new key.

 -h,--help                                     Show usage information (this message)
 -v,--verbose                                  Sets verbose mode (default false)
 -n,--niFiProperties <file>                    The nifi.properties file containing unprotected config values (will be overwritten unless -o is specified)
 -o,--outputNiFiProperties <file>              The destination nifi.properties file containing protected config values (will not modify input nifi.properties)
 -l,--loginIdentityProviders <file>            The login-identity-providers.xml file containing unprotected config values (will be overwritten unless -i is
                                               specified)
 -i,--outputLoginIdentityProviders <file>      The destination login-identity-providers.xml file containing protected config values (will not modify input
                                               login-identity-providers.xml)
 -a,--authorizers <file>                       The authorizers.xml file containing unprotected config values (will be overwritten unless -u is specified)
 -u,--outputAuthorizers <file>                 The destination authorizers.xml file containing protected config values (will not modify input authorizers.xml)
 -f,--flowXml <file>                           The flow.xml.gz file currently protected with old password (will be overwritten unless -g is specified)
 -g,--outputFlowXml <file>                     The destination flow.xml.gz file containing protected config values (will not modify input flow.xml.gz)
 -b,--bootstrapConf <file>                     The bootstrap.conf file to persist root key and to optionally provide any configuration for the protection
                                               scheme.
 -S,--protectionScheme <protectionScheme>      Selects the protection scheme for encrypted properties.  Valid values are: [AES_GCM, AWS_SECRETSMANAGER, AWS_KMS,
                                               AZURE_KEYVAULT_KEY, AZURE_KEYVAULT_SECRET, GCP_KMS, HASHICORP_VAULT_KV, HASHICORP_VAULT_TRANSIT] (default is
                                               AES_GCM)
 -k,--key <keyhex>                             The raw hexadecimal key to use to encrypt the sensitive properties
 -e,--oldKey <keyhex>                          The old raw hexadecimal key to use during key migration
 -H,--oldProtectionScheme <protectionScheme>   The old protection scheme to use during encryption migration (see --protectionScheme for possible values).
                                               Default is AES_GCM
 -p,--password <password>                      The password from which to derive the key to use to encrypt the sensitive properties
 -w,--oldPassword <password>                   The old password from which to derive the key during migration
 -r,--useRawKey                                If provided, the secure console will prompt for the raw key value in hexadecimal form
 -m,--migrate                                  If provided, the nifi.properties and/or login-identity-providers.xml sensitive properties will be re-encrypted
                                               with the new scheme
 -x,--encryptFlowXmlOnly                       If provided, the properties in flow.xml.gz will be re-encrypted with a new key but the nifi.properties and/or
                                               login-identity-providers.xml files will not be modified
 -s,--propsKey <password|keyhex>               The password or key to use to encrypt the sensitive processor properties in flow.xml.gz
 -A,--newFlowAlgorithm <algorithm>             The algorithm to use to encrypt the sensitive processor properties in flow.xml.gz
 -P,--newFlowProvider <algorithm>              The security provider to use to encrypt the sensitive processor properties in flow.xml.gz
 -c,--translateCli                             Translates the nifi.properties file to a format suitable for the NiFi CLI tool

Java home: null
NiFi Toolkit home: null
When '-c'/'--translateCli' is specified, '-n'/'--niFiProperties' is required (and '-b'/'--bootstrapConf' is required if the properties are encrypted)

usage: org.apache.nifi.properties.ConfigEncryptionTool [-h] [-v] [-n <file>] [-o <file>] [-l <file>] [-i <file>] [-a <file>] [-u <file>] [-f <file>] [-g <file>]
       [-b <file>] [-S <protectionScheme>] [-k <keyhex>] [-e <keyhex>] [-H <protectionScheme>] [-p <password>] [-w <password>] [-r] [-m] [-x] [-s
       <password|keyhex>] [-A <algorithm>] [-P <algorithm>] [-c]

This tool reads from a nifi.properties and/or login-identity-providers.xml file with plain sensitive configuration values, prompts the user for a root key, and
encrypts each value. It will replace the plain value with the protected value in the same file (or write to a new file if specified). It can also be used to
migrate already-encrypted values in those files or in flow.xml.gz to be encrypted with a new key.

 -h,--help                                     Show usage information (this message)
 -v,--verbose                                  Sets verbose mode (default false)
 -n,--niFiProperties <file>                    The nifi.properties file containing unprotected config values (will be overwritten unless -o is specified)
 -o,--outputNiFiProperties <file>              The destination nifi.properties file containing protected config values (will not modify input nifi.properties)
 -l,--loginIdentityProviders <file>            The login-identity-providers.xml file containing unprotected config values (will be overwritten unless -i is
                                               specified)
 -i,--outputLoginIdentityProviders <file>      The destination login-identity-providers.xml file containing protected config values (will not modify input
                                               login-identity-providers.xml)
 -a,--authorizers <file>                       The authorizers.xml file containing unprotected config values (will be overwritten unless -u is specified)
 -u,--outputAuthorizers <file>                 The destination authorizers.xml file containing protected config values (will not modify input authorizers.xml)
 -f,--flowXml <file>                           The flow.xml.gz file currently protected with old password (will be overwritten unless -g is specified)
 -g,--outputFlowXml <file>                     The destination flow.xml.gz file containing protected config values (will not modify input flow.xml.gz)
 -b,--bootstrapConf <file>                     The bootstrap.conf file to persist root key and to optionally provide any configuration for the protection
                                               scheme.
 -S,--protectionScheme <protectionScheme>      Selects the protection scheme for encrypted properties.  Valid values are: [AES_GCM, AWS_SECRETSMANAGER, AWS_KMS,
                                               AZURE_KEYVAULT_KEY, AZURE_KEYVAULT_SECRET, GCP_KMS, HASHICORP_VAULT_KV, HASHICORP_VAULT_TRANSIT] (default is
                                               AES_GCM)
 -k,--key <keyhex>                             The raw hexadecimal key to use to encrypt the sensitive properties
 -e,--oldKey <keyhex>                          The old raw hexadecimal key to use during key migration
 -H,--oldProtectionScheme <protectionScheme>   The old protection scheme to use during encryption migration (see --protectionScheme for possible values).
                                               Default is AES_GCM
 -p,--password <password>                      The password from which to derive the key to use to encrypt the sensitive properties
 -w,--oldPassword <password>                   The old password from which to derive the key during migration
 -r,--useRawKey                                If provided, the secure console will prompt for the raw key value in hexadecimal form
 -m,--migrate                                  If provided, the nifi.properties and/or login-identity-providers.xml sensitive properties will be re-encrypted
                                               with the new scheme
 -x,--encryptFlowXmlOnly                       If provided, the properties in flow.xml.gz will be re-encrypted with a new key but the nifi.properties and/or
                                               login-identity-providers.xml files will not be modified
 -s,--propsKey <password|keyhex>               The password or key to use to encrypt the sensitive processor properties in flow.xml.gz
 -A,--newFlowAlgorithm <algorithm>             The algorithm to use to encrypt the sensitive processor properties in flow.xml.gz
 -P,--newFlowProvider <algorithm>              The security provider to use to encrypt the sensitive processor properties in flow.xml.gz
 -c,--translateCli                             Translates the nifi.properties file to a format suitable for the NiFi CLI tool

Java home: null
NiFi Toolkit home: null
When '-c'/'--translateCli' is specified, '-n'/'--niFiProperties' is required (and '-b'/'--bootstrapConf' is required if the properties are encrypted)

usage: org.apache.nifi.properties.ConfigEncryptionTool [-h] [-v] [-n <file>] [-o <file>] [-l <file>] [-i <file>] [-a <file>] [-u <file>] [-f <file>] [-g <file>]
       [-b <file>] [-S <protectionScheme>] [-k <keyhex>] [-e <keyhex>] [-H <protectionScheme>] [-p <password>] [-w <password>] [-r] [-m] [-x] [-s
       <password|keyhex>] [-A <algorithm>] [-P <algorithm>] [-c]

This tool reads from a nifi.properties and/or login-identity-providers.xml file with plain sensitive configuration values, prompts the user for a root key, and
encrypts each value. It will replace the plain value with the protected value in the same file (or write to a new file if specified). It can also be used to
migrate already-encrypted values in those files or in flow.xml.gz to be encrypted with a new key.

 -h,--help                                     Show usage information (this message)
 -v,--verbose                                  Sets verbose mode (default false)
 -n,--niFiProperties <file>                    The nifi.properties file containing unprotected config values (will be overwritten unless -o is specified)
 -o,--outputNiFiProperties <file>              The destination nifi.properties file containing protected config values (will not modify input nifi.properties)
 -l,--loginIdentityProviders <file>            The login-identity-providers.xml file containing unprotected config values (will be overwritten unless -i is
                                               specified)
 -i,--outputLoginIdentityProviders <file>      The destination login-identity-providers.xml file containing protected config values (will not modify input
                                               login-identity-providers.xml)
 -a,--authorizers <file>                       The authorizers.xml file containing unprotected config values (will be overwritten unless -u is specified)
 -u,--outputAuthorizers <file>                 The destination authorizers.xml file containing protected config values (will not modify input authorizers.xml)
 -f,--flowXml <file>                           The flow.xml.gz file currently protected with old password (will be overwritten unless -g is specified)
 -g,--outputFlowXml <file>                     The destination flow.xml.gz file containing protected config values (will not modify input flow.xml.gz)
 -b,--bootstrapConf <file>                     The bootstrap.conf file to persist root key and to optionally provide any configuration for the protection
                                               scheme.
 -S,--protectionScheme <protectionScheme>      Selects the protection scheme for encrypted properties.  Valid values are: [AES_GCM, AWS_SECRETSMANAGER, AWS_KMS,
                                               AZURE_KEYVAULT_KEY, AZURE_KEYVAULT_SECRET, GCP_KMS, HASHICORP_VAULT_KV, HASHICORP_VAULT_TRANSIT] (default is
                                               AES_GCM)
 -k,--key <keyhex>                             The raw hexadecimal key to use to encrypt the sensitive properties
 -e,--oldKey <keyhex>                          The old raw hexadecimal key to use during key migration
 -H,--oldProtectionScheme <protectionScheme>   The old protection scheme to use during encryption migration (see --protectionScheme for possible values).
                                               Default is AES_GCM
 -p,--password <password>                      The password from which to derive the key to use to encrypt the sensitive properties
 -w,--oldPassword <password>                   The old password from which to derive the key during migration
 -r,--useRawKey                                If provided, the secure console will prompt for the raw key value in hexadecimal form
 -m,--migrate                                  If provided, the nifi.properties and/or login-identity-providers.xml sensitive properties will be re-encrypted
                                               with the new scheme
 -x,--encryptFlowXmlOnly                       If provided, the properties in flow.xml.gz will be re-encrypted with a new key but the nifi.properties and/or
                                               login-identity-providers.xml files will not be modified
 -s,--propsKey <password|keyhex>               The password or key to use to encrypt the sensitive processor properties in flow.xml.gz
 -A,--newFlowAlgorithm <algorithm>             The algorithm to use to encrypt the sensitive processor properties in flow.xml.gz
 -P,--newFlowProvider <algorithm>              The security provider to use to encrypt the sensitive processor properties in flow.xml.gz
 -c,--translateCli                             Translates the nifi.properties file to a format suitable for the NiFi CLI tool

Java home: null
NiFi Toolkit home: null
When '-c'/'--translateCli' is specified, only '-h', '-v', and '-n'/'-b' with the relevant files are allowed

usage: org.apache.nifi.properties.ConfigEncryptionTool [-h] [-v] [-n <file>] [-o <file>] [-l <file>] [-i <file>] [-a <file>] [-u <file>] [-f <file>] [-g <file>]
       [-b <file>] [-S <protectionScheme>] [-k <keyhex>] [-e <keyhex>] [-H <protectionScheme>] [-p <password>] [-w <password>] [-r] [-m] [-x] [-s
       <password|keyhex>] [-A <algorithm>] [-P <algorithm>] [-c]

This tool reads from a nifi.properties and/or login-identity-providers.xml file with plain sensitive configuration values, prompts the user for a root key, and
encrypts each value. It will replace the plain value with the protected value in the same file (or write to a new file if specified). It can also be used to
migrate already-encrypted values in those files or in flow.xml.gz to be encrypted with a new key.

 -h,--help                                     Show usage information (this message)
 -v,--verbose                                  Sets verbose mode (default false)
 -n,--niFiProperties <file>                    The nifi.properties file containing unprotected config values (will be overwritten unless -o is specified)
 -o,--outputNiFiProperties <file>              The destination nifi.properties file containing protected config values (will not modify input nifi.properties)
 -l,--loginIdentityProviders <file>            The login-identity-providers.xml file containing unprotected config values (will be overwritten unless -i is
                                               specified)
 -i,--outputLoginIdentityProviders <file>      The destination login-identity-providers.xml file containing protected config values (will not modify input
                                               login-identity-providers.xml)
 -a,--authorizers <file>                       The authorizers.xml file containing unprotected config values (will be overwritten unless -u is specified)
 -u,--outputAuthorizers <file>                 The destination authorizers.xml file containing protected config values (will not modify input authorizers.xml)
 -f,--flowXml <file>                           The flow.xml.gz file currently protected with old password (will be overwritten unless -g is specified)
 -g,--outputFlowXml <file>                     The destination flow.xml.gz file containing protected config values (will not modify input flow.xml.gz)
 -b,--bootstrapConf <file>                     The bootstrap.conf file to persist root key and to optionally provide any configuration for the protection
                                               scheme.
 -S,--protectionScheme <protectionScheme>      Selects the protection scheme for encrypted properties.  Valid values are: [AES_GCM, AWS_SECRETSMANAGER, AWS_KMS,
                                               AZURE_KEYVAULT_KEY, AZURE_KEYVAULT_SECRET, GCP_KMS, HASHICORP_VAULT_KV, HASHICORP_VAULT_TRANSIT] (default is
                                               AES_GCM)
 -k,--key <keyhex>                             The raw hexadecimal key to use to encrypt the sensitive properties
 -e,--oldKey <keyhex>                          The old raw hexadecimal key to use during key migration
 -H,--oldProtectionScheme <protectionScheme>   The old protection scheme to use during encryption migration (see --protectionScheme for possible values).
                                               Default is AES_GCM
 -p,--password <password>                      The password from which to derive the key to use to encrypt the sensitive properties
 -w,--oldPassword <password>                   The old password from which to derive the key during migration
 -r,--useRawKey                                If provided, the secure console will prompt for the raw key value in hexadecimal form
 -m,--migrate                                  If provided, the nifi.properties and/or login-identity-providers.xml sensitive properties will be re-encrypted
                                               with the new scheme
 -x,--encryptFlowXmlOnly                       If provided, the properties in flow.xml.gz will be re-encrypted with a new key but the nifi.properties and/or
                                               login-identity-providers.xml files will not be modified
 -s,--propsKey <password|keyhex>               The password or key to use to encrypt the sensitive processor properties in flow.xml.gz
 -A,--newFlowAlgorithm <algorithm>             The algorithm to use to encrypt the sensitive processor properties in flow.xml.gz
 -P,--newFlowProvider <algorithm>              The security provider to use to encrypt the sensitive processor properties in flow.xml.gz
 -c,--translateCli                             Translates the nifi.properties file to a format suitable for the NiFi CLI tool

Java home: null
NiFi Toolkit home: null
When '-c'/'--translateCli' is specified, only '-h', '-v', and '-n'/'-b' with the relevant files are allowed

usage: org.apache.nifi.properties.ConfigEncryptionTool [-h] [-v] [-n <file>] [-o <file>] [-l <file>] [-i <file>] [-a <file>] [-u <file>] [-f <file>] [-g <file>]
       [-b <file>] [-S <protectionScheme>] [-k <keyhex>] [-e <keyhex>] [-H <protectionScheme>] [-p <password>] [-w <password>] [-r] [-m] [-x] [-s
       <password|keyhex>] [-A <algorithm>] [-P <algorithm>] [-c]

This tool reads from a nifi.properties and/or login-identity-providers.xml file with plain sensitive configuration values, prompts the user for a root key, and
encrypts each value. It will replace the plain value with the protected value in the same file (or write to a new file if specified). It can also be used to
migrate already-encrypted values in those files or in flow.xml.gz to be encrypted with a new key.

 -h,--help                                     Show usage information (this message)
 -v,--verbose                                  Sets verbose mode (default false)
 -n,--niFiProperties <file>                    The nifi.properties file containing unprotected config values (will be overwritten unless -o is specified)
 -o,--outputNiFiProperties <file>              The destination nifi.properties file containing protected config values (will not modify input nifi.properties)
 -l,--loginIdentityProviders <file>            The login-identity-providers.xml file containing unprotected config values (will be overwritten unless -i is
                                               specified)
 -i,--outputLoginIdentityProviders <file>      The destination login-identity-providers.xml file containing protected config values (will not modify input
                                               login-identity-providers.xml)
 -a,--authorizers <file>                       The authorizers.xml file containing unprotected config values (will be overwritten unless -u is specified)
 -u,--outputAuthorizers <file>                 The destination authorizers.xml file containing protected config values (will not modify input authorizers.xml)
 -f,--flowXml <file>                           The flow.xml.gz file currently protected with old password (will be overwritten unless -g is specified)
 -g,--outputFlowXml <file>                     The destination flow.xml.gz file containing protected config values (will not modify input flow.xml.gz)
 -b,--bootstrapConf <file>                     The bootstrap.conf file to persist root key and to optionally provide any configuration for the protection
                                               scheme.
 -S,--protectionScheme <protectionScheme>      Selects the protection scheme for encrypted properties.  Valid values are: [AES_GCM, AWS_SECRETSMANAGER, AWS_KMS,
                                               AZURE_KEYVAULT_KEY, AZURE_KEYVAULT_SECRET, GCP_KMS, HASHICORP_VAULT_KV, HASHICORP_VAULT_TRANSIT] (default is
                                               AES_GCM)
 -k,--key <keyhex>                             The raw hexadecimal key to use to encrypt the sensitive properties
 -e,--oldKey <keyhex>                          The old raw hexadecimal key to use during key migration
 -H,--oldProtectionScheme <protectionScheme>   The old protection scheme to use during encryption migration (see --protectionScheme for possible values).
                                               Default is AES_GCM
 -p,--password <password>                      The password from which to derive the key to use to encrypt the sensitive properties
 -w,--oldPassword <password>                   The old password from which to derive the key during migration
 -r,--useRawKey                                If provided, the secure console will prompt for the raw key value in hexadecimal form
 -m,--migrate                                  If provided, the nifi.properties and/or login-identity-providers.xml sensitive properties will be re-encrypted
                                               with the new scheme
 -x,--encryptFlowXmlOnly                       If provided, the properties in flow.xml.gz will be re-encrypted with a new key but the nifi.properties and/or
                                               login-identity-providers.xml files will not be modified
 -s,--propsKey <password|keyhex>               The password or key to use to encrypt the sensitive processor properties in flow.xml.gz
 -A,--newFlowAlgorithm <algorithm>             The algorithm to use to encrypt the sensitive processor properties in flow.xml.gz
 -P,--newFlowProvider <algorithm>              The security provider to use to encrypt the sensitive processor properties in flow.xml.gz
 -c,--translateCli                             Translates the nifi.properties file to a format suitable for the NiFi CLI tool

Java home: null
NiFi Toolkit home: null
When '-c'/'--translateCli' is specified, only '-h', '-v', and '-n'/'-b' with the relevant files are allowed

usage: org.apache.nifi.properties.ConfigEncryptionTool [-h] [-v] [-n <file>] [-o <file>] [-l <file>] [-i <file>] [-a <file>] [-u <file>] [-f <file>] [-g <file>]
       [-b <file>] [-S <protectionScheme>] [-k <keyhex>] [-e <keyhex>] [-H <protectionScheme>] [-p <password>] [-w <password>] [-r] [-m] [-x] [-s
       <password|keyhex>] [-A <algorithm>] [-P <algorithm>] [-c]

This tool reads from a nifi.properties and/or login-identity-providers.xml file with plain sensitive configuration values, prompts the user for a root key, and
encrypts each value. It will replace the plain value with the protected value in the same file (or write to a new file if specified). It can also be used to
migrate already-encrypted values in those files or in flow.xml.gz to be encrypted with a new key.

 -h,--help                                     Show usage information (this message)
 -v,--verbose                                  Sets verbose mode (default false)
 -n,--niFiProperties <file>                    The nifi.properties file containing unprotected config values (will be overwritten unless -o is specified)
 -o,--outputNiFiProperties <file>              The destination nifi.properties file containing protected config values (will not modify input nifi.properties)
 -l,--loginIdentityProviders <file>            The login-identity-providers.xml file containing unprotected config values (will be overwritten unless -i is
                                               specified)
 -i,--outputLoginIdentityProviders <file>      The destination login-identity-providers.xml file containing protected config values (will not modify input
                                               login-identity-providers.xml)
 -a,--authorizers <file>                       The authorizers.xml file containing unprotected config values (will be overwritten unless -u is specified)
 -u,--outputAuthorizers <file>                 The destination authorizers.xml file containing protected config values (will not modify input authorizers.xml)
 -f,--flowXml <file>                           The flow.xml.gz file currently protected with old password (will be overwritten unless -g is specified)
 -g,--outputFlowXml <file>                     The destination flow.xml.gz file containing protected config values (will not modify input flow.xml.gz)
 -b,--bootstrapConf <file>                     The bootstrap.conf file to persist root key and to optionally provide any configuration for the protection
                                               scheme.
 -S,--protectionScheme <protectionScheme>      Selects the protection scheme for encrypted properties.  Valid values are: [AES_GCM, AWS_SECRETSMANAGER, AWS_KMS,
                                               AZURE_KEYVAULT_KEY, AZURE_KEYVAULT_SECRET, GCP_KMS, HASHICORP_VAULT_KV, HASHICORP_VAULT_TRANSIT] (default is
                                               AES_GCM)
 -k,--key <keyhex>                             The raw hexadecimal key to use to encrypt the sensitive properties
 -e,--oldKey <keyhex>                          The old raw hexadecimal key to use during key migration
 -H,--oldProtectionScheme <protectionScheme>   The old protection scheme to use during encryption migration (see --protectionScheme for possible values).
                                               Default is AES_GCM
 -p,--password <password>                      The password from which to derive the key to use to encrypt the sensitive properties
 -w,--oldPassword <password>                   The old password from which to derive the key during migration
 -r,--useRawKey                                If provided, the secure console will prompt for the raw key value in hexadecimal form
 -m,--migrate                                  If provided, the nifi.properties and/or login-identity-providers.xml sensitive properties will be re-encrypted
                                               with the new scheme
 -x,--encryptFlowXmlOnly                       If provided, the properties in flow.xml.gz will be re-encrypted with a new key but the nifi.properties and/or
                                               login-identity-providers.xml files will not be modified
 -s,--propsKey <password|keyhex>               The password or key to use to encrypt the sensitive processor properties in flow.xml.gz
 -A,--newFlowAlgorithm <algorithm>             The algorithm to use to encrypt the sensitive processor properties in flow.xml.gz
 -P,--newFlowProvider <algorithm>              The security provider to use to encrypt the sensitive processor properties in flow.xml.gz
 -c,--translateCli                             Translates the nifi.properties file to a format suitable for the NiFi CLI tool

Java home: null
NiFi Toolkit home: null
]]></system-out>
    <system-err><![CDATA[[main] INFO org.apache.nifi.properties.ConfigEncryptionToolTest - Testing with [-n, nifi.properties, -c]
[main] WARN org.apache.nifi.properties.ConfigEncryptionTool - The source nifi.properties and destination nifi.properties are identical [nifi.properties] so the original will be overwritten
[main] INFO org.apache.nifi.properties.ConfigEncryptionToolTest - Testing with [--niFiProperties, nifi.properties, -c]
[main] WARN org.apache.nifi.properties.ConfigEncryptionTool - The source nifi.properties and destination nifi.properties are identical [nifi.properties] so the original will be overwritten
[main] INFO org.apache.nifi.properties.ConfigEncryptionToolTest - Testing with [--verbose, -n, nifi.properties, -b, bootstrap.conf, -c]
[main] INFO org.apache.nifi.properties.ConfigEncryptionTool - Handling encryption of nifi.properties
[main] WARN org.apache.nifi.properties.ConfigEncryptionTool - The source nifi.properties and destination nifi.properties are identical [nifi.properties] so the original will be overwritten
[main] INFO org.apache.nifi.properties.ConfigEncryptionToolTest - Testing with [, -c]
[main] INFO org.apache.nifi.properties.ConfigEncryptionToolTest - Testing with [-v, -c]
[main] INFO org.apache.nifi.properties.ConfigEncryptionToolTest - Testing with [--verbose, -c]
[main] INFO org.apache.nifi.properties.ConfigEncryptionToolTest - Testing with [-b, bootstrap.conf, -c]
[main] INFO org.apache.nifi.properties.ConfigEncryptionToolTest - Testing with [--bootstrapConf, bootstrap.conf, -c]
[main] INFO org.apache.nifi.properties.ConfigEncryptionToolTest - Testing with [--migrate, -c]
[main] INFO org.apache.nifi.properties.ConfigEncryptionToolTest - Testing with [-o, output, -c]
[main] INFO org.apache.nifi.properties.ConfigEncryptionToolTest - Testing with [-x, $s0$, -c]
]]></system-err>
  </testcase>
  <testcase name="testShouldMigrateFromKeyToPassword" classname="org.apache.nifi.properties.ConfigEncryptionToolTest" time="0.458">
    <system-err><![CDATA[[main] INFO org.apache.nifi.properties.ConfigEncryptionToolTest - Original key provided directly: 	2C576A9585DB862F5ECBEE5B4FFFCCA14B18D8365968D7081651006507AD2BDE
[main] INFO org.apache.nifi.properties.ConfigEncryptionToolTest - Migration key derived from password [drowssaPdaBAsIsiht]: 	7696EBC090B471D068F17CF1E6FA10CD9CBC7300B1F88171E3D597C0472C9747
[main] WARN org.apache.nifi.properties.AbstractBootstrapPropertiesLoader - System Property [nifi.properties.file.path] not found: Using Relative Path [conf/nifi.properties]
[main] INFO org.apache.nifi.properties.NiFiPropertiesLoader - Loaded 85 properties from /home/alex/Repositories/nifi/nifi-toolkit/nifi-toolkit-encrypt-config/src/test/resources/nifi_with_sensitive_properties_protected_aes_password.properties
[main] INFO org.apache.nifi.properties.ConfigEncryptionToolTest - Loaded 82 properties from input file
[main] INFO org.apache.nifi.properties.ConfigEncryptionToolTest - Original sensitive values: [nifi.security.keyPasswd:thisIsABadKeyPassword, nifi.security.keystorePasswd:thisIsABadKeystorePassword, nifi.security.truststorePasswd:, nifi.sensitive.props.key:thisIsABadSensitiveKeyPassword, nifi.provenance.repository.encryption.key:null, nifi.provenance.repository.encryption.key.provider.password:null, nifi.flowfile.repository.encryption.key.provider.password:null, nifi.content.repository.encryption.key.provider.password:null, nifi.repository.encryption.key.provider.keystore.password:null]
[main] INFO org.apache.nifi.properties.ConfigEncryptionToolTest - Running [key to password] with args: [-n, src/test/resources/nifi_with_sensitive_properties_protected_aes_password.properties, -b, target/tmp/tmp_bootstrap.conf, -o, target/tmp/tmp_nifi.properties, -m, -v, -e, 2C576A9585DB862F5ECBEE5B4FFFCCA14B18D8365968D7081651006507AD2BDE, -p, drowssaPdaBAsIsiht]
[main] INFO org.apache.nifi.properties.ConfigEncryptionToolTest - Migrating key (key to password) with -n src/test/resources/nifi_with_sensitive_properties_protected_aes_password.properties -b target/tmp/tmp_bootstrap.conf -o target/tmp/tmp_nifi.properties -m -v -e 2C576A9585DB862F5ECBEE5B4FFFCCA14B18D8365968D7081651006507AD2BDE -p drowssaPdaBAsIsiht
[main] INFO org.apache.nifi.properties.ConfigEncryptionTool - Handling encryption of nifi.properties
[main] INFO org.apache.nifi.properties.ConfigEncryptionTool -        bootstrap.conf:               target/tmp/tmp_bootstrap.conf
[main] INFO org.apache.nifi.properties.ConfigEncryptionTool - (src)  nifi.properties:              src/test/resources/nifi_with_sensitive_properties_protected_aes_password.properties
[main] INFO org.apache.nifi.properties.ConfigEncryptionTool - (dest) nifi.properties:              target/tmp/tmp_nifi.properties
[main] INFO org.apache.nifi.properties.ConfigEncryptionTool - (src)  login-identity-providers.xml: null
[main] INFO org.apache.nifi.properties.ConfigEncryptionTool - (dest) login-identity-providers.xml: null
[main] INFO org.apache.nifi.properties.ConfigEncryptionTool - (src)  authorizers.xml:              null
[main] INFO org.apache.nifi.properties.ConfigEncryptionTool - (dest) authorizers.xml:              null
[main] INFO org.apache.nifi.properties.ConfigEncryptionTool - (src)  flow.xml.gz:                  conf/flow.xml.gz
[main] INFO org.apache.nifi.properties.ConfigEncryptionTool - (dest) flow.xml.gz:                  null
[main] INFO org.apache.nifi.properties.ConfigEncryptionTool - Key migration mode activated
[main] INFO org.apache.nifi.properties.NiFiPropertiesLoader - Loaded 85 properties from /home/alex/Repositories/nifi/nifi-toolkit/nifi-toolkit-encrypt-config/src/test/resources/nifi_with_sensitive_properties_protected_aes_password.properties
[main] INFO org.apache.nifi.properties.NiFiPropertiesLoader - Loaded 85 properties from /home/alex/Repositories/nifi/nifi-toolkit/nifi-toolkit-encrypt-config/src/test/resources/nifi_with_sensitive_properties_protected_aes_password.properties
[main] INFO org.apache.nifi.properties.ConfigEncryptionTool - Loaded NiFiProperties instance with 82 properties
[main] INFO org.apache.nifi.properties.ConfigEncryptionTool - Protected nifi.security.keyPasswd with aes/gcm/256 -> 	cyeIwHPvoPgVow2w||ZiEf8cqUwBco1MbTX5PRlWpPj1pLK+E1Za0T3m13bQ5u9CuF6g
[main] INFO org.apache.nifi.properties.ConfigEncryptionTool - Updated protection key nifi.security.keyPasswd.protected
[main] INFO org.apache.nifi.properties.ConfigEncryptionTool - Protected nifi.security.keystorePasswd with aes/gcm/256 -> 	vtVqgvpA+bk4X27H||hxRFgWUnQhSF1Z0GAiYHwehwJrrC64uiA+gF9hRn/axWQ9caociHOcZh
[main] INFO org.apache.nifi.properties.ConfigEncryptionTool - Updated protection key nifi.security.keystorePasswd.protected
[main] INFO org.apache.nifi.properties.ConfigEncryptionTool - Protected nifi.sensitive.props.key with aes/gcm/256 -> 	rFwP8A5AAEY/g0be||1/9r+pMTH5c76drH5cgXa+Qy1XLNdC9if6tzmb2ROqVVjljM5AgligaLS/EWRA
[main] INFO org.apache.nifi.properties.ConfigEncryptionTool - Updated protection key nifi.sensitive.props.key.protected
[main] INFO org.apache.nifi.properties.ConfigEncryptionTool - Final result: 85 keys including 3 protected keys
[main] INFO org.apache.nifi.properties.ConfigEncryptionToolTest - Updated nifi.properties:
[main] INFO org.apache.nifi.properties.ConfigEncryptionToolTest - 

# Licensed to the Apache Software Foundation (ASF) under one or more
# contributor license agreements.  See the NOTICE file distributed with
# this work for additional information regarding copyright ownership.
# The ASF licenses this file to You under the Apache License, Version 2.0
# (the "License"); you may not use this file except in compliance with
# the License.  You may obtain a copy of the License at
#
#     http://www.apache.org/licenses/LICENSE-2.0
#
# Unless required by applicable law or agreed to in writing, software
# distributed under the License is distributed on an "AS IS" BASIS,
# WITHOUT WARRANTIES OR CONDITIONS OF ANY KIND, either express or implied.
# See the License for the specific language governing permissions and
# limitations under the License.

# Core Properties #
nifi.flow.configuration.file=./target/flow.xml.gz
nifi.flow.configuration.archive.dir=./target/archive/
nifi.flowcontroller.autoResumeState=true
nifi.flowcontroller.graceful.shutdown.period=10 sec
nifi.flowservice.writedelay.interval=2 sec
nifi.administrative.yield.duration=30 sec

nifi.reporting.task.configuration.file=./target/reporting-tasks.xml
nifi.controller.service.configuration.file=./target/controller-services.xml
nifi.templates.directory=./target/templates
nifi.ui.banner.text=UI Banner Text
nifi.ui.autorefresh.interval=30 sec
nifi.nar.library.directory=./target/resources/NiFiProperties/lib/
nifi.nar.library.directory.alt=./target/resources/NiFiProperties/lib2/
nifi.nar.working.directory=./target/work/nar/

# H2 Settings
nifi.database.directory=./target/database_repository
nifi.h2.url.append=;LOCK_TIMEOUT=25000;WRITE_DELAY=0;AUTO_SERVER=FALSE

# FlowFile Repository
nifi.flowfile.repository.directory=./target/test-repo
nifi.flowfile.repository.partitions=1
nifi.flowfile.repository.checkpoint.interval=2 mins
nifi.queue.swap.threshold=20000
nifi.swap.storage.directory=./target/test-repo/swap
nifi.swap.in.period=5 sec
nifi.swap.in.threads=1
nifi.swap.out.period=5 sec
nifi.swap.out.threads=4

# Content Repository
nifi.content.claim.max.appendable.size=10 MB
nifi.content.claim.max.flow.files=100
nifi.content.repository.directory.default=./target/content_repository

# Provenance Repository Properties
nifi.provenance.repository.storage.directory=./target/provenance_repository
nifi.provenance.repository.max.storage.time=24 hours
nifi.provenance.repository.max.storage.size=1 GB
nifi.provenance.repository.rollover.time=30 secs
nifi.provenance.repository.rollover.size=100 MB

# Site to Site properties
nifi.remote.input.socket.port=9990
nifi.remote.input.secure=true

# web properties #
nifi.web.war.directory=./target/lib
nifi.web.http.host=
nifi.web.http.port=
nifi.web.https.host=nifi.nifi.apache.org
nifi.web.https.port=8443
nifi.web.jetty.working.directory=./target/work/jetty

# security properties #
nifi.sensitive.props.key=rFwP8A5AAEY/g0be||1/9r+pMTH5c76drH5cgXa+Qy1XLNdC9if6tzmb2ROqVVjljM5AgligaLS/EWRA
nifi.sensitive.props.key.protected=aes/gcm/256
nifi.sensitive.props.algorithm=PBEWITHMD5AND256BITAES-CBC-OPENSSL
nifi.sensitive.props.additional.keys=

nifi.security.keystore=/path/to/keystore.jks
nifi.security.keystoreType=JKS
nifi.security.keystorePasswd=vtVqgvpA+bk4X27H||hxRFgWUnQhSF1Z0GAiYHwehwJrrC64uiA+gF9hRn/axWQ9caociHOcZh
nifi.security.keystorePasswd.protected=aes/gcm/256
nifi.security.keyPasswd=cyeIwHPvoPgVow2w||ZiEf8cqUwBco1MbTX5PRlWpPj1pLK+E1Za0T3m13bQ5u9CuF6g
nifi.security.keyPasswd.protected=aes/gcm/256
nifi.security.truststore=
nifi.security.truststoreType=
nifi.security.truststorePasswd=
nifi.security.user.authorizer=

# cluster common properties (cluster manager and nodes must have same values) #
nifi.cluster.protocol.heartbeat.interval=5 sec
nifi.cluster.protocol.is.secure=false
nifi.cluster.protocol.socket.timeout=30 sec
nifi.cluster.protocol.connection.handshake.timeout=45 sec
# if multicast is used, then nifi.cluster.protocol.multicast.xxx properties must be configured #
nifi.cluster.protocol.use.multicast=false
nifi.cluster.protocol.multicast.address=
nifi.cluster.protocol.multicast.port=
nifi.cluster.protocol.multicast.service.broadcast.delay=500 ms
nifi.cluster.protocol.multicast.service.locator.attempts=3
nifi.cluster.protocol.multicast.service.locator.attempts.delay=1 sec

# cluster node properties (only configure for cluster nodes) #
nifi.cluster.is.node=false
nifi.cluster.node.address=
nifi.cluster.node.protocol.port=
nifi.cluster.node.protocol.threads=2
# if multicast is not used, nifi.cluster.node.unicast.xxx must have same values as nifi.cluster.manager.xxx #
nifi.cluster.node.unicast.manager.address=
nifi.cluster.node.unicast.manager.protocol.port=
nifi.cluster.node.unicast.manager.authority.provider.port=

# cluster manager properties (only configure for cluster manager) #
nifi.cluster.is.manager=false
nifi.cluster.manager.address=
nifi.cluster.manager.protocol.port=
nifi.cluster.manager.authority.provider.port=
nifi.cluster.manager.authority.provider.threads=10
nifi.cluster.manager.node.firewall.file=
nifi.cluster.manager.node.event.history.size=10
nifi.cluster.manager.node.api.connection.timeout=30 sec
nifi.cluster.manager.node.api.read.timeout=30 sec
nifi.cluster.manager.node.api.request.threads=10
nifi.cluster.manager.flow.retrieval.delay=5 sec
nifi.cluster.manager.protocol.threads=10
nifi.cluster.manager.safemode.duration=0 sec
[main] WARN org.apache.nifi.properties.AbstractBootstrapPropertiesLoader - System Property [nifi.properties.file.path] not found: Using Relative Path [conf/nifi.properties]
[main] INFO org.apache.nifi.properties.NiFiPropertiesLoader - Loaded 85 properties from /home/alex/Repositories/nifi/nifi-toolkit/nifi-toolkit-encrypt-config/target/tmp/tmp_nifi.properties
[main] INFO org.apache.nifi.properties.ConfigEncryptionToolTest - Updated key line: nifi.bootstrap.sensitive.key=7696EBC090B471D068F17CF1E6FA10CD9CBC7300B1F88171E3D597C0472C9747
]]></system-err>
  </testcase>
  <testcase name="testShouldEncryptSensitiveProperties" classname="org.apache.nifi.properties.ConfigEncryptionToolTest" time="0.011">
    <system-err><![CDATA[[main] INFO org.apache.nifi.properties.ConfigEncryptionToolTest - Parsed nifi.properties location: src/test/resources/nifi_with_sensitive_properties_unprotected.properties
[main] INFO org.apache.nifi.properties.NiFiPropertiesLoader - Loaded 82 properties from /home/alex/Repositories/nifi/nifi-toolkit/nifi-toolkit-encrypt-config/src/test/resources/nifi_with_sensitive_properties_unprotected.properties
[main] INFO org.apache.nifi.properties.ConfigEncryptionTool - Loaded NiFiProperties instance with 82 properties
[main] INFO org.apache.nifi.properties.ConfigEncryptionTool - Protected nifi.security.keyPasswd with aes/gcm/256 -> 	4mzcEkXwm6FdOBCs||mZwalOejOxARjgXyr9AQVoLXe8XkPRZ7MGOcgThKlmwFuB99uw
[main] INFO org.apache.nifi.properties.ConfigEncryptionTool - Updated protection key nifi.security.keyPasswd.protected
[main] INFO org.apache.nifi.properties.ConfigEncryptionTool - Protected nifi.security.keystorePasswd with aes/gcm/256 -> 	WnZPTGFcsNtLuGhB||jzn+tfrk8VJGmGE7ulx+aFO7bugR7B4krKNp6WLhjLhWs/QCogfyx4RY
[main] INFO org.apache.nifi.properties.ConfigEncryptionTool - Updated protection key nifi.security.keystorePasswd.protected
[main] INFO org.apache.nifi.properties.ConfigEncryptionTool - Protected nifi.sensitive.props.key with aes/gcm/256 -> 	U3W9qOIpH8aQZjjZ||OszN5RqJznFriGqRe0rZY+mLVOqXFq6/PD3h2Up79lq8rBR/HCZWleahx5D4sA
[main] INFO org.apache.nifi.properties.ConfigEncryptionTool - Updated protection key nifi.sensitive.props.key.protected
[main] INFO org.apache.nifi.properties.ConfigEncryptionTool - Final result: 85 keys including 3 protected keys
[main] INFO org.apache.nifi.properties.ConfigEncryptionToolTest - Encrypted sensitive properties
]]></system-err>
  </testcase>
  <testcase name="testShouldEncryptLoginIdentityProvidersWithRenamedProvider" classname="org.apache.nifi.properties.ConfigEncryptionToolTest" time="0.032">
    <system-err><![CDATA[[main] INFO org.apache.nifi.properties.ConfigEncryptionToolTest - Read lines: 
<?xml version="1.0" encoding="UTF-8" standalone="yes"?>
<!--
  Licensed to the Apache Software Foundation (ASF) under one or more
  contributor license agreements.  See the NOTICE file distributed with
  this work for additional information regarding copyright ownership.
  The ASF licenses this file to You under the Apache License, Version 2.0
  (the "License"); you may not use this file except in compliance with
  the License.  You may obtain a copy of the License at
      http://www.apache.org/licenses/LICENSE-2.0
  Unless required by applicable law or agreed to in writing, software
  distributed under the License is distributed on an "AS IS" BASIS,
  WITHOUT WARRANTIES OR CONDITIONS OF ANY KIND, either express or implied.
  See the License for the specific language governing permissions and
  limitations under the License.
-->
<!--
    This file lists the login identity providers to use when running securely. In order
    to use a specific provider it must be configured here and it's identifier
    must be specified in the nifi.properties file.
-->
<loginIdentityProviders>
    <!--
        Identity Provider for users logging in with username/password against an LDAP server.
        
        'Authentication Strategy' - How the connection to the LDAP server is authenticated. Possible
            values are ANONYMOUS, SIMPLE, or START_TLS.
        
        'Manager DN' - The DN of the manager that is used to bind to the LDAP server to search for users.
        'Manager Password' - The password of the manager that is used to bind to the LDAP server to
            search for users.
            
        'TLS - Keystore' - Path to the Keystore that is used when connecting to LDAP using START_TLS.
        'TLS - Keystore Password' - Password for the Keystore that is used when connecting to LDAP
            using START_TLS.
        'TLS - Keystore Type' - Type of the Keystore that is used when connecting to LDAP using
            START_TLS (i.e. JKS or PKCS12).
        'TLS - Truststore' - Path to the Truststore that is used when connecting to LDAP using START_TLS.
        'TLS - Truststore Password' - Password for the Truststore that is used when connecting to
            LDAP using START_TLS.
        'TLS - Truststore Type' - Type of the Truststore that is used when connecting to LDAP using
            START_TLS (i.e. JKS or PKCS12).
        'TLS - Client Auth' - Client authentication policy when connecting to LDAP using START_TLS.
            Possible values are REQUIRED, WANT, NONE.
        'TLS - Protocol' - Protocol to use when connecting to LDAP using START_TLS. (i.e. TLS,
            TLSv1.1, TLSv1.2, etc).
        'TLS - Shutdown Gracefully' - Specifies whether the TLS should be shut down gracefully 
            before the target context is closed. Defaults to false.
            
        'Referral Strategy' - Strategy for handling referrals. Possible values are FOLLOW, IGNORE, THROW.
        'Connect Timeout' - Duration of connect timeout. (i.e. 10 secs).
        'Read Timeout' - Duration of read timeout. (i.e. 10 secs).
       
        'Url' - Url of the LDAP servier (i.e. ldap://<hostname>:<port>).
        'User Search Base' - Base DN for searching for users (i.e. CN=Users,DC=example,DC=com).
        'User Search Filter' - Filter for searching for users against the 'User Search Base'.
            (i.e. sAMAccountName={0}). The user specified name is inserted into '{0}'.
            
        'Authentication Expiration' - The duration of how long the user authentication is valid
            for. If the user never logs out, they will be required to log back in following
            this duration.
    -->
    <provider>
        <identifier>definitely-not-dap-lay-provider</identifier>
        <class>org.apache.nifi.ldap.LdapProvider</class>
        <property name="Authentication Strategy">START_TLS</property>

        <property name="Manager DN">someuser</property>
        <property name="Manager Password">thisIsABadPassword</property>

        <property name="TLS - Keystore"></property>
        <property name="TLS - Keystore Password">thisIsABadPassword</property>
        <property name="TLS - Keystore Type"></property>
        <property name="TLS - Truststore"></property>
        <property name="TLS - Truststore Password">thisIsABadPassword</property>
        <property name="TLS - Truststore Type"></property>
        <property name="TLS - Client Auth"></property>
        <property name="TLS - Protocol"></property>
        <property name="TLS - Shutdown Gracefully"></property>
        
        <property name="Referral Strategy">FOLLOW</property>
        <property name="Connect Timeout">10 secs</property>
        <property name="Read Timeout">10 secs</property>

        <property name="Url"></property>
        <property name="User Search Base"></property>
        <property name="User Search Filter"></property>

        <property name="Authentication Expiration">12 hours</property>
    </provider>

    <!--
        Identity Provider for users logging in with username/password against a Kerberos KDC server.

        'Default Realm' - Default realm to provide when user enters incomplete user principal (i.e. NIFI.APACHE.ORG).
        'Authentication Expiration' - The duration of how long the user authentication is valid for. If the user never logs out, they will be required to log back in following this duration.
    -->
    <!-- To enable the kerberos-provider remove 2 lines. This is 1 of 2.
    <provider>
        <identifier>kerberos-provider</identifier>
        <class>org.apache.nifi.kerberos.KerberosProvider</class>
        <property name="Default Realm">NIFI.APACHE.ORG</property>
        <property name="Authentication Expiration">12 hours</property>
    </provider>
    To enable the kerberos-provider remove 2 lines. This is 2 of 2. -->
</loginIdentityProviders>
[main] INFO org.apache.nifi.properties.ConfigEncryptionTool - Attempting to encrypt property using protection scheme aes/gcm/256
[main] WARN org.apache.nifi.properties.AbstractBootstrapPropertiesLoader - System Property [nifi.properties.file.path] not found: Using Relative Path [conf/nifi.properties]
[main] WARN org.apache.nifi.properties.ConfigEncryptionTool - Could not load default bootstrap.conf: Configuration Directory [conf] not found for Bootstrap Properties
[main] INFO org.apache.nifi.properties.ConfigEncryptionTool - Attempting to encrypt property using protection scheme aes/gcm/256
[main] INFO org.apache.nifi.properties.ConfigEncryptionTool - Attempting to encrypt property using protection scheme aes/gcm/256
[main] INFO org.apache.nifi.properties.ConfigEncryptionTool - Updated XML content: <?xml version="1.0" encoding="UTF-8"?><loginIdentityProviders>
    
    <provider>
        <identifier>definitely-not-dap-lay-provider</identifier>
        <class>org.apache.nifi.ldap.LdapProvider</class>
        <property name="Authentication Strategy">START_TLS</property>

        <property name="Manager DN">someuser</property>
        <property name="Manager Password" encryption="aes/gcm/256">rzlwqStPKp/sUgxT||nEK66UB8utUN3fyzPrf/CA0c1/6F4HPJkI1Gl1PfcMtRCA</property>

        <property name="TLS - Keystore"/>
        <property name="TLS - Keystore Password" encryption="aes/gcm/256">OpX7EJxFI+5NneXy||CKRTfUHYjcmBBjloxecoxuaQ+TBx9h4riaaat6185eh2vw</property>
        <property name="TLS - Keystore Type"/>
        <property name="TLS - Truststore"/>
        <property name="TLS - Truststore Password" encryption="aes/gcm/256">Ws7Y2i3Dfk7H87Pq||6aVT3yHeO3q8R8z4LZXK3cxACK5/OU82OscBu0h5B0weCw</property>
        <property name="TLS - Truststore Type"/>
        <property name="TLS - Client Auth"/>
        <property name="TLS - Protocol"/>
        <property name="TLS - Shutdown Gracefully"/>
        
        <property name="Referral Strategy">FOLLOW</property>
        <property name="Connect Timeout">10 secs</property>
        <property name="Read Timeout">10 secs</property>

        <property name="Url"/>
        <property name="User Search Base"/>
        <property name="User Search Filter"/>

        <property name="Authentication Expiration">12 hours</property>
    </provider>

    
    
</loginIdentityProviders>

[main] INFO org.apache.nifi.properties.ConfigEncryptionToolTest - Encrypted lines: 
<?xml version="1.0" encoding="UTF-8"?><loginIdentityProviders>
    
    <provider>
        <identifier>definitely-not-dap-lay-provider</identifier>
        <class>org.apache.nifi.ldap.LdapProvider</class>
        <property name="Authentication Strategy">START_TLS</property>

        <property name="Manager DN">someuser</property>
        <property name="Manager Password" encryption="aes/gcm/256">rzlwqStPKp/sUgxT||nEK66UB8utUN3fyzPrf/CA0c1/6F4HPJkI1Gl1PfcMtRCA</property>

        <property name="TLS - Keystore"/>
        <property name="TLS - Keystore Password" encryption="aes/gcm/256">OpX7EJxFI+5NneXy||CKRTfUHYjcmBBjloxecoxuaQ+TBx9h4riaaat6185eh2vw</property>
        <property name="TLS - Keystore Type"/>
        <property name="TLS - Truststore"/>
        <property name="TLS - Truststore Password" encryption="aes/gcm/256">Ws7Y2i3Dfk7H87Pq||6aVT3yHeO3q8R8z4LZXK3cxACK5/OU82OscBu0h5B0weCw</property>
        <property name="TLS - Truststore Type"/>
        <property name="TLS - Client Auth"/>
        <property name="TLS - Protocol"/>
        <property name="TLS - Shutdown Gracefully"/>
        
        <property name="Referral Strategy">FOLLOW</property>
        <property name="Connect Timeout">10 secs</property>
        <property name="Read Timeout">10 secs</property>

        <property name="Url"/>
        <property name="User Search Base"/>
        <property name="User Search Filter"/>

        <property name="Authentication Expiration">12 hours</property>
    </provider>

    
    
</loginIdentityProviders>
[main] INFO org.apache.nifi.properties.ConfigEncryptionToolTest - Cipher text: rzlwqStPKp/sUgxT||nEK66UB8utUN3fyzPrf/CA0c1/6F4HPJkI1Gl1PfcMtRCA
[main] INFO org.apache.nifi.properties.ConfigEncryptionToolTest - Cipher text: OpX7EJxFI+5NneXy||CKRTfUHYjcmBBjloxecoxuaQ+TBx9h4riaaat6185eh2vw
[main] INFO org.apache.nifi.properties.ConfigEncryptionToolTest - Cipher text: Ws7Y2i3Dfk7H87Pq||6aVT3yHeO3q8R8z4LZXK3cxACK5/OU82OscBu0h5B0weCw
]]></system-err>
  </testcase>
  <testcase name="testShouldPerformFullOperationForAuthorizers" classname="org.apache.nifi.properties.ConfigEncryptionToolTest" time="0.108">
    <system-err><![CDATA[[main] INFO org.apache.nifi.properties.ConfigEncryptionToolTest - Original key line from bootstrap.conf: nifi.bootstrap.sensitive.key=
[main] INFO org.apache.nifi.properties.ConfigEncryptionToolTest - Original XML content: <?xml version="1.0" encoding="UTF-8" standalone="yes"?>
<!--
  Licensed to the Apache Software Foundation (ASF) under one or more
  contributor license agreements.  See the NOTICE file distributed with
  this work for additional information regarding copyright ownership.
  The ASF licenses this file to You under the Apache License, Version 2.0
  (the "License"); you may not use this file except in compliance with
  the License.  You may obtain a copy of the License at
      http://www.apache.org/licenses/LICENSE-2.0
  Unless required by applicable law or agreed to in writing, software
  distributed under the License is distributed on an "AS IS" BASIS,
  WITHOUT WARRANTIES OR CONDITIONS OF ANY KIND, either express or implied.
  See the License for the specific language governing permissions and
  limitations under the License.
-->
<!--
    This file lists the userGroupProviders, accessPolicyProviders, and authorizers to use when running securely. In order
    to use a specific authorizer it must be configured here and it's identifier must be specified in the nifi.properties file.
    If the authorizer is a managedAuthorizer, it may need to be configured with an accessPolicyProvider and an userGroupProvider.
    This file allows for configuration of them, but they must be configured in order:

    ...
    all userGroupProviders
    all accessPolicyProviders
    all Authorizers
    ...
-->
<authorizers>

    <!--
        The FileUserGroupProvider will provide support for managing users and groups which is backed by a file
        on the local file system.

        - Users File - The file where the FileUserGroupProvider will store users and groups.

        - Legacy Authorized Users File - The full path to an existing authorized-users.xml that will be automatically
            be used to load the users and groups into the Users File.

        - Initial User Identity [unique key] - The identity of a users and systems to seed the Users File. The name of
            each property must be unique, for example: "Initial User Identity A", "Initial User Identity B",
            "Initial User Identity C" or "Initial User Identity 1", "Initial User Identity 2", "Initial User Identity 3"

            NOTE: Any identity mapping rules specified in nifi.properties will also be applied to the user identities,
            so the values should be the unmapped identities (i.e. full DN from a certificate).
    -->
    <!--
    <userGroupProvider>
        <identifier>file-user-group-provider</identifier>
        <class>org.apache.nifi.authorization.FileUserGroupProvider</class>
        <property name="Users File">./conf/users.xml</property>
        <property name="Legacy Authorized Users File"></property>

        <property name="Initial User Identity 1"></property>
    </userGroupProvider>
    -->

    <!--
        The LdapUserGroupProvider will retrieve users and groups from an LDAP server. The users and groups
        are not configurable.

        'Authentication Strategy' - How the connection to the LDAP server is authenticated. Possible
            values are ANONYMOUS, SIMPLE, LDAPS, or START_TLS.

        'Manager DN' - The DN of the manager that is used to bind to the LDAP server to search for users.
        'Manager Password' - The password of the manager that is used to bind to the LDAP server to
            search for users.

        'TLS - Keystore' - Path to the Keystore that is used when connecting to LDAP using LDAPS or START_TLS.
        'TLS - Keystore Password' - Password for the Keystore that is used when connecting to LDAP
            using LDAPS or START_TLS.
        'TLS - Keystore Type' - Type of the Keystore that is used when connecting to LDAP using
            LDAPS or START_TLS (i.e. JKS or PKCS12).
        'TLS - Truststore' - Path to the Truststore that is used when connecting to LDAP using LDAPS or START_TLS.
        'TLS - Truststore Password' - Password for the Truststore that is used when connecting to
            LDAP using LDAPS or START_TLS.
        'TLS - Truststore Type' - Type of the Truststore that is used when connecting to LDAP using
            LDAPS or START_TLS (i.e. JKS or PKCS12).
        'TLS - Client Auth' - Client authentication policy when connecting to LDAP using LDAPS or START_TLS.
            Possible values are REQUIRED, WANT, NONE.
        'TLS - Protocol' - Protocol to use when connecting to LDAP using LDAPS or START_TLS. (i.e. TLS,
            TLSv1.1, TLSv1.2, etc).
        'TLS - Shutdown Gracefully' - Specifies whether the TLS should be shut down gracefully
            before the target context is closed. Defaults to false.

        'Referral Strategy' - Strategy for handling referrals. Possible values are FOLLOW, IGNORE, THROW.
        'Connect Timeout' - Duration of connect timeout. (i.e. 10 secs).
        'Read Timeout' - Duration of read timeout. (i.e. 10 secs).

        'Url' - Space-separated list of URLs of the LDAP servers (i.e. ldap://<hostname>:<port>).
        'Page Size' - Sets the page size when retrieving users and groups. If not specified, no paging is performed.
        'Sync Interval' - Duration of time between syncing users and groups (i.e. 30 mins). Minimum allowable value is 10 secs.

        'User Search Base' - Base DN for searching for users (i.e. ou=users,o=nifi). Required to search users.
        'User Object Class' - Object class for identifying users (i.e. person). Required if searching users.
        'User Search Scope' - Search scope for searching users (ONE_LEVEL, OBJECT, or SUBTREE). Required if searching users.
        'User Search Filter' - Filter for searching for users against the 'User Search Base' (i.e. (memberof=cn=team1,ou=groups,o=nifi) ). Optional.
        'User Identity Attribute' - Attribute to use to extract user identity (i.e. cn). Optional. If not set, the entire DN is used.
        'User Group Name Attribute' - Attribute to use to define group membership (i.e. memberof). Optional. If not set
            group membership will not be calculated through the users. Will rely on group membership being defined
            through 'Group Member Attribute' if set. The value of this property is the name of the attribute in the user ldap entry that
            associates them with a group. The value of that user attribute could be a dn or group name for instance. What value is expected
            is configured in the 'User Group Name Attribute - Referenced Group Attribute'.
        'User Group Name Attribute - Referenced Group Attribute' - If blank, the value of the attribute defined in 'User Group Name Attribute'
            is expected to be the full dn of the group. If not blank, this property will define the attribute of the group ldap entry that
            the value of the attribute defined in 'User Group Name Attribute' is referencing (i.e. name). Use of this property requires that
            'Group Search Base' is also configured.

        'Group Search Base' - Base DN for searching for groups (i.e. ou=groups,o=nifi). Required to search groups.
        'Group Object Class' - Object class for identifying groups (i.e. groupOfNames). Required if searching groups.
        'Group Search Scope' - Search scope for searching groups (ONE_LEVEL, OBJECT, or SUBTREE). Required if searching groups.
        'Group Search Filter' - Filter for searching for groups against the 'Group Search Base'. Optional.
        'Group Name Attribute' - Attribute to use to extract group name (i.e. cn). Optional. If not set, the entire DN is used.
        'Group Member Attribute' - Attribute to use to define group membership (i.e. member). Optional. If not set
            group membership will not be calculated through the groups. Will rely on group membership being defined
            through 'User Group Name Attribute' if set. The value of this property is the name of the attribute in the group ldap entry that
            associates them with a user. The value of that group attribute could be a dn or memberUid for instance. What value is expected
            is configured in the 'Group Member Attribute - Referenced User Attribute'. (i.e. member: cn=User 1,ou=users,o=nifi vs. memberUid: user1)
        'Group Member Attribute - Referenced User Attribute' - If blank, the value of the attribute defined in 'Group Member Attribute'
            is expected to be the full dn of the user. If not blank, this property will define the attribute of the user ldap entry that
            the value of the attribute defined in 'Group Member Attribute' is referencing (i.e. uid). Use of this property requires that
            'User Search Base' is also configured. (i.e. member: cn=User 1,ou=users,o=nifi vs. memberUid: user1)

        NOTE: Any identity mapping rules specified in nifi.properties will also be applied to the user identities.
            Group names are not mapped.
    -->
    <userGroupProvider>
        <identifier>ldap-user-group-provider</identifier>
        <class>org.apache.nifi.ldap.tenants.LdapUserGroupProvider</class>
        <property name="Authentication Strategy">START_TLS</property>

        <property name="Manager DN">someuser</property>
        <property name="Manager Password">thisIsABadPassword</property>

        <property name="TLS - Keystore"></property>
        <property name="TLS - Keystore Password">thisIsABadPassword</property>
        <property name="TLS - Keystore Type"></property>
        <property name="TLS - Truststore"></property>
        <property name="TLS - Truststore Password">thisIsABadPassword</property>
        <property name="TLS - Truststore Type"></property>
        <property name="TLS - Client Auth"></property>
        <property name="TLS - Protocol"></property>
        <property name="TLS - Shutdown Gracefully"></property>

        <property name="Referral Strategy">FOLLOW</property>
        <property name="Connect Timeout">10 secs</property>
        <property name="Read Timeout">10 secs</property>

        <property name="Url"></property>
        <property name="Page Size"></property>
        <property name="Sync Interval">30 mins</property>

        <property name="User Search Base"></property>
        <property name="User Object Class">person</property>
        <property name="User Search Scope">ONE_LEVEL</property>
        <property name="User Search Filter"></property>
        <property name="User Identity Attribute"></property>
        <property name="User Group Name Attribute"></property>
        <property name="User Group Name Attribute - Referenced Group Attribute"></property>

        <property name="Group Search Base"></property>
        <property name="Group Object Class">group</property>
        <property name="Group Search Scope">ONE_LEVEL</property>
        <property name="Group Search Filter"></property>
        <property name="Group Name Attribute"></property>
        <property name="Group Member Attribute"></property>
        <property name="Group Member Attribute - Referenced User Attribute"></property>
    </userGroupProvider>

    <!--
        The CompositeUserGroupProvider will provide support for retrieving users and groups from multiple sources.

        - User Group Provider [unique key] - The identifier of user group providers to load from. The name of
            each property must be unique, for example: "User Group Provider A", "User Group Provider B",
            "User Group Provider C" or "User Group Provider 1", "User Group Provider 2", "User Group Provider 3"

            NOTE: Any identity mapping rules specified in nifi.properties are not applied in this implementation. This behavior
            would need to be applied by the base implementation.
    -->
    <!-- To enable the composite-user-group-provider remove 2 lines. This is 1 of 2.
    <userGroupProvider>
        <identifier>composite-user-group-provider</identifier>
        <class>org.apache.nifi.authorization.CompositeUserGroupProvider</class>
        <property name="User Group Provider 1"></property>
    </userGroupProvider>
    To enable the composite-user-group-provider remove 2 lines. This is 2 of 2. -->

    <!--
        The CompositeConfigurableUserGroupProvider will provide support for retrieving users and groups from multiple sources.
        Additionally, a single configurable user group provider is required. Users from the configurable user group provider
        are configurable, however users loaded from one of the User Group Provider [unique key] will not be.

        - Configurable User Group Provider - A configurable user group provider.

        - User Group Provider [unique key] - The identifier of user group providers to load from. The name of
            each property must be unique, for example: "User Group Provider A", "User Group Provider B",
            "User Group Provider C" or "User Group Provider 1", "User Group Provider 2", "User Group Provider 3"

            NOTE: Any identity mapping rules specified in nifi.properties are not applied in this implementation. This behavior
            would need to be applied by the base implementation.
    -->
    <!-- To enable the composite-configurable-user-group-provider remove 2 lines. This is 1 of 2.
    <userGroupProvider>
        <identifier>composite-configurable-user-group-provider</identifier>
        <class>org.apache.nifi.authorization.CompositeConfigurableUserGroupProvider</class>
        <property name="Configurable User Group Provider">file-user-group-provider</property>
        <property name="User Group Provider 1"></property>
    </userGroupProvider>
    To enable the composite-configurable-user-group-provider remove 2 lines. This is 2 of 2. -->

    <!--
        The FileAccessPolicyProvider will provide support for managing access policies which is backed by a file
        on the local file system.

        - User Group Provider - The identifier for an User Group Provider defined above that will be used to access
            users and groups for use in the managed access policies.

        - Authorizations File - The file where the FileAccessPolicyProvider will store policies.

        - Initial Admin Identity - The identity of an initial admin user that will be granted access to the UI and
            given the ability to create additional users, groups, and policies. The value of this property could be
            a DN when using certificates or LDAP, or a Kerberos principal. This property will only be used when there
            are no other policies defined. If this property is specified then a Legacy Authorized Users File can not be specified.

            NOTE: Any identity mapping rules specified in nifi.properties will also be applied to the initial admin identity,
            so the value should be the unmapped identity. This identity must be found in the configured User Group Provider.

        - Legacy Authorized Users File - The full path to an existing authorized-users.xml that will be automatically
            converted to the new authorizations model. If this property is specified then an Initial Admin Identity can
            not be specified, and this property will only be used when there are no other users, groups, and policies defined.

            NOTE: Any users in the legacy users file must be found in the configured User Group Provider.

        - Node Identity [unique key] - The identity of a NiFi cluster node. When clustered, a property for each node
            should be defined, so that every node knows about every other node. If not clustered these properties can be ignored.
            The name of each property must be unique, for example for a three node cluster:
            "Node Identity A", "Node Identity B", "Node Identity C" or "Node Identity 1", "Node Identity 2", "Node Identity 3"

            NOTE: Any identity mapping rules specified in nifi.properties will also be applied to the node identities,
            so the values should be the unmapped identities (i.e. full DN from a certificate). This identity must be found
            in the configured User Group Provider.
    -->
    <accessPolicyProvider>
        <identifier>file-access-policy-provider</identifier>
        <class>org.apache.nifi.authorization.FileAccessPolicyProvider</class>
        <property name="User Group Provider">ldap-user-group-provider</property>
        <property name="Authorizations File">./conf/authorizations.xml</property>
        <property name="Initial Admin Identity"></property>
        <property name="Legacy Authorized Users File"></property>

        <property name="Node Identity 1"></property>
    </accessPolicyProvider>

    <!--
        The StandardManagedAuthorizer. This authorizer implementation must be configured with the
        Access Policy Provider which it will use to access and manage users, groups, and policies.
        These users, groups, and policies will be used to make all access decisions during authorization
        requests.

        - Access Policy Provider - The identifier for an Access Policy Provider defined above.
    -->
    <authorizer>
        <identifier>managed-authorizer</identifier>
        <class>org.apache.nifi.authorization.StandardManagedAuthorizer</class>
        <property name="Access Policy Provider">file-access-policy-provider</property>
    </authorizer>

    <!--
        NOTE: This Authorizer has been replaced with the more granular approach configured above with the Standard
        Managed Authorizer. However, it is still available for backwards compatibility reasons.

        The FileAuthorizer is NiFi's provided authorizer and has the following properties:

        - Authorizations File - The file where the FileAuthorizer will store policies.

        - Users File - The file where the FileAuthorizer will store users and groups.

        - Initial Admin Identity - The identity of an initial admin user that will be granted access to the UI and
            given the ability to create additional users, groups, and policies. The value of this property could be
            a DN when using certificates or LDAP, or a Kerberos principal. This property will only be used when there
            are no other users, groups, and policies defined. If this property is specified then a Legacy Authorized
            Users File can not be specified.

            NOTE: Any identity mapping rules specified in nifi.properties will also be applied to the initial admin identity,
            so the value should be the unmapped identity.

        - Legacy Authorized Users File - The full path to an existing authorized-users.xml that will be automatically
            converted to the new authorizations model. If this property is specified then an Initial Admin Identity can
            not be specified, and this property will only be used when there are no other users, groups, and policies defined.

        - Node Identity [unique key] - The identity of a NiFi cluster node. When clustered, a property for each node
            should be defined, so that every node knows about every other node. If not clustered these properties can be ignored.
            The name of each property must be unique, for example for a three node cluster:
            "Node Identity A", "Node Identity B", "Node Identity C" or "Node Identity 1", "Node Identity 2", "Node Identity 3"

            NOTE: Any identity mapping rules specified in nifi.properties will also be applied to the node identities,
            so the values should be the unmapped identities (i.e. full DN from a certificate).
    -->
    <!-- <authorizer>
        <identifier>file-provider</identifier>
        <class>org.apache.nifi.authorization.FileAuthorizer</class>
        <property name="Authorizations File">./conf/authorizations.xml</property>
        <property name="Users File">./conf/users.xml</property>
        <property name="Initial Admin Identity"></property>
        <property name="Legacy Authorized Users File"></property>

        <property name="Node Identity 1"></property>
    </authorizer>
    -->
</authorizers>
[main] INFO org.apache.nifi.properties.ConfigEncryptionTool - Handling encryption of authorizers.xml
[main] INFO org.apache.nifi.properties.ConfigEncryptionTool -        bootstrap.conf:               target/tmp/tmp_bootstrap.conf
[main] INFO org.apache.nifi.properties.ConfigEncryptionTool - (src)  nifi.properties:              null
[main] INFO org.apache.nifi.properties.ConfigEncryptionTool - (dest) nifi.properties:              null
[main] INFO org.apache.nifi.properties.ConfigEncryptionTool - (src)  login-identity-providers.xml: null
[main] INFO org.apache.nifi.properties.ConfigEncryptionTool - (dest) login-identity-providers.xml: null
[main] INFO org.apache.nifi.properties.ConfigEncryptionTool - (src)  authorizers.xml:              src/test/resources/authorizers-populated.xml
[main] INFO org.apache.nifi.properties.ConfigEncryptionTool - (dest) authorizers.xml:              target/tmp/tmp-authorizers.xml
[main] INFO org.apache.nifi.properties.ConfigEncryptionTool - (src)  flow.xml.gz:                  conf/flow.xml.gz
[main] INFO org.apache.nifi.properties.ConfigEncryptionTool - (dest) flow.xml.gz:                  null
[main] INFO org.apache.nifi.properties.ConfigEncryptionTool - Loaded authorizers content (309 lines)
[main] INFO org.apache.nifi.properties.ConfigEncryptionTool - No encrypted password property elements found in authorizers.xml
[main] INFO org.apache.nifi.properties.ConfigEncryptionTool - Attempting to encrypt property using protection scheme aes/gcm/256
[main] INFO org.apache.nifi.properties.ConfigEncryptionTool - Attempting to encrypt property using protection scheme aes/gcm/256
[main] INFO org.apache.nifi.properties.ConfigEncryptionTool - Attempting to encrypt property using protection scheme aes/gcm/256
[main] INFO org.apache.nifi.properties.ConfigEncryptionTool - Updated XML content: <?xml version="1.0" encoding="UTF-8"?><authorizers>

    
    

    
    <userGroupProvider>
        <identifier>ldap-user-group-provider</identifier>
        <class>org.apache.nifi.ldap.tenants.LdapUserGroupProvider</class>
        <property name="Authentication Strategy">START_TLS</property>

        <property name="Manager DN">someuser</property>
        <property name="Manager Password" encryption="aes/gcm/256">u3DdXCtLfYiwhWTF||EdPtRRGdhGIjZ2691ymVm6JOinioMCDnZU++oSXxPldJ7Q</property>

        <property name="TLS - Keystore"/>
        <property name="TLS - Keystore Password" encryption="aes/gcm/256">SBNN0zTS4/WtK94i||4C9/cXIM9LBYNwppDoZFNymGfPvCav7zeQQOQrLrLtEVlg</property>
        <property name="TLS - Keystore Type"/>
        <property name="TLS - Truststore"/>
        <property name="TLS - Truststore Password" encryption="aes/gcm/256">LXoMWb2nuXQO0p/5||qn8nm+C5Dqav3OP8y6bt/Ah1z4fCBZwQiPksEiu/KTxKrg</property>
        <property name="TLS - Truststore Type"/>
        <property name="TLS - Client Auth"/>
        <property name="TLS - Protocol"/>
        <property name="TLS - Shutdown Gracefully"/>

        <property name="Referral Strategy">FOLLOW</property>
        <property name="Connect Timeout">10 secs</property>
        <property name="Read Timeout">10 secs</property>

        <property name="Url"/>
        <property name="Page Size"/>
        <property name="Sync Interval">30 mins</property>

        <property name="User Search Base"/>
        <property name="User Object Class">person</property>
        <property name="User Search Scope">ONE_LEVEL</property>
        <property name="User Search Filter"/>
        <property name="User Identity Attribute"/>
        <property name="User Group Name Attribute"/>
        <property name="User Group Name Attribute - Referenced Group Attribute"/>

        <property name="Group Search Base"/>
        <property name="Group Object Class">group</property>
        <property name="Group Search Scope">ONE_LEVEL</property>
        <property name="Group Search Filter"/>
        <property name="Group Name Attribute"/>
        <property name="Group Member Attribute"/>
        <property name="Group Member Attribute - Referenced User Attribute"/>
    </userGroupProvider>

    
    

    
    

    
    <accessPolicyProvider>
        <identifier>file-access-policy-provider</identifier>
        <class>org.apache.nifi.authorization.FileAccessPolicyProvider</class>
        <property name="User Group Provider">ldap-user-group-provider</property>
        <property name="Authorizations File">./conf/authorizations.xml</property>
        <property name="Initial Admin Identity"/>
        <property name="Legacy Authorized Users File"/>

        <property name="Node Identity 1"/>
    </accessPolicyProvider>

    
    <authorizer>
        <identifier>managed-authorizer</identifier>
        <class>org.apache.nifi.authorization.StandardManagedAuthorizer</class>
        <property name="Access Policy Provider">file-access-policy-provider</property>
    </authorizer>

    
    
</authorizers>

[main] INFO org.apache.nifi.properties.ConfigEncryptionToolTest - Updated XML content: <?xml version="1.0" encoding="UTF-8" standalone="yes"?>
<!--
  Licensed to the Apache Software Foundation (ASF) under one or more
  contributor license agreements.  See the NOTICE file distributed with
  this work for additional information regarding copyright ownership.
  The ASF licenses this file to You under the Apache License, Version 2.0
  (the "License"); you may not use this file except in compliance with
  the License.  You may obtain a copy of the License at
      http://www.apache.org/licenses/LICENSE-2.0
  Unless required by applicable law or agreed to in writing, software
  distributed under the License is distributed on an "AS IS" BASIS,
  WITHOUT WARRANTIES OR CONDITIONS OF ANY KIND, either express or implied.
  See the License for the specific language governing permissions and
  limitations under the License.
-->
<!--
    This file lists the userGroupProviders, accessPolicyProviders, and authorizers to use when running securely. In order
    to use a specific authorizer it must be configured here and it's identifier must be specified in the nifi.properties file.
    If the authorizer is a managedAuthorizer, it may need to be configured with an accessPolicyProvider and an userGroupProvider.
    This file allows for configuration of them, but they must be configured in order:

    ...
    all userGroupProviders
    all accessPolicyProviders
    all Authorizers
    ...
-->
<authorizers>

    <!--
        The FileUserGroupProvider will provide support for managing users and groups which is backed by a file
        on the local file system.

        - Users File - The file where the FileUserGroupProvider will store users and groups.

        - Legacy Authorized Users File - The full path to an existing authorized-users.xml that will be automatically
            be used to load the users and groups into the Users File.

        - Initial User Identity [unique key] - The identity of a users and systems to seed the Users File. The name of
            each property must be unique, for example: "Initial User Identity A", "Initial User Identity B",
            "Initial User Identity C" or "Initial User Identity 1", "Initial User Identity 2", "Initial User Identity 3"

            NOTE: Any identity mapping rules specified in nifi.properties will also be applied to the user identities,
            so the values should be the unmapped identities (i.e. full DN from a certificate).
    -->
    <!--
    <userGroupProvider>
        <identifier>file-user-group-provider</identifier>
        <class>org.apache.nifi.authorization.FileUserGroupProvider</class>
        <property name="Users File">./conf/users.xml</property>
        <property name="Legacy Authorized Users File"></property>

        <property name="Initial User Identity 1"></property>
    </userGroupProvider>
    -->

    <!--
        The LdapUserGroupProvider will retrieve users and groups from an LDAP server. The users and groups
        are not configurable.

        'Authentication Strategy' - How the connection to the LDAP server is authenticated. Possible
            values are ANONYMOUS, SIMPLE, LDAPS, or START_TLS.

        'Manager DN' - The DN of the manager that is used to bind to the LDAP server to search for users.
        'Manager Password' - The password of the manager that is used to bind to the LDAP server to
            search for users.

        'TLS - Keystore' - Path to the Keystore that is used when connecting to LDAP using LDAPS or START_TLS.
        'TLS - Keystore Password' - Password for the Keystore that is used when connecting to LDAP
            using LDAPS or START_TLS.
        'TLS - Keystore Type' - Type of the Keystore that is used when connecting to LDAP using
            LDAPS or START_TLS (i.e. JKS or PKCS12).
        'TLS - Truststore' - Path to the Truststore that is used when connecting to LDAP using LDAPS or START_TLS.
        'TLS - Truststore Password' - Password for the Truststore that is used when connecting to
            LDAP using LDAPS or START_TLS.
        'TLS - Truststore Type' - Type of the Truststore that is used when connecting to LDAP using
            LDAPS or START_TLS (i.e. JKS or PKCS12).
        'TLS - Client Auth' - Client authentication policy when connecting to LDAP using LDAPS or START_TLS.
            Possible values are REQUIRED, WANT, NONE.
        'TLS - Protocol' - Protocol to use when connecting to LDAP using LDAPS or START_TLS. (i.e. TLS,
            TLSv1.1, TLSv1.2, etc).
        'TLS - Shutdown Gracefully' - Specifies whether the TLS should be shut down gracefully
            before the target context is closed. Defaults to false.

        'Referral Strategy' - Strategy for handling referrals. Possible values are FOLLOW, IGNORE, THROW.
        'Connect Timeout' - Duration of connect timeout. (i.e. 10 secs).
        'Read Timeout' - Duration of read timeout. (i.e. 10 secs).

        'Url' - Space-separated list of URLs of the LDAP servers (i.e. ldap://<hostname>:<port>).
        'Page Size' - Sets the page size when retrieving users and groups. If not specified, no paging is performed.
        'Sync Interval' - Duration of time between syncing users and groups (i.e. 30 mins). Minimum allowable value is 10 secs.

        'User Search Base' - Base DN for searching for users (i.e. ou=users,o=nifi). Required to search users.
        'User Object Class' - Object class for identifying users (i.e. person). Required if searching users.
        'User Search Scope' - Search scope for searching users (ONE_LEVEL, OBJECT, or SUBTREE). Required if searching users.
        'User Search Filter' - Filter for searching for users against the 'User Search Base' (i.e. (memberof=cn=team1,ou=groups,o=nifi) ). Optional.
        'User Identity Attribute' - Attribute to use to extract user identity (i.e. cn). Optional. If not set, the entire DN is used.
        'User Group Name Attribute' - Attribute to use to define group membership (i.e. memberof). Optional. If not set
            group membership will not be calculated through the users. Will rely on group membership being defined
            through 'Group Member Attribute' if set. The value of this property is the name of the attribute in the user ldap entry that
            associates them with a group. The value of that user attribute could be a dn or group name for instance. What value is expected
            is configured in the 'User Group Name Attribute - Referenced Group Attribute'.
        'User Group Name Attribute - Referenced Group Attribute' - If blank, the value of the attribute defined in 'User Group Name Attribute'
            is expected to be the full dn of the group. If not blank, this property will define the attribute of the group ldap entry that
            the value of the attribute defined in 'User Group Name Attribute' is referencing (i.e. name). Use of this property requires that
            'Group Search Base' is also configured.

        'Group Search Base' - Base DN for searching for groups (i.e. ou=groups,o=nifi). Required to search groups.
        'Group Object Class' - Object class for identifying groups (i.e. groupOfNames). Required if searching groups.
        'Group Search Scope' - Search scope for searching groups (ONE_LEVEL, OBJECT, or SUBTREE). Required if searching groups.
        'Group Search Filter' - Filter for searching for groups against the 'Group Search Base'. Optional.
        'Group Name Attribute' - Attribute to use to extract group name (i.e. cn). Optional. If not set, the entire DN is used.
        'Group Member Attribute' - Attribute to use to define group membership (i.e. member). Optional. If not set
            group membership will not be calculated through the groups. Will rely on group membership being defined
            through 'User Group Name Attribute' if set. The value of this property is the name of the attribute in the group ldap entry that
            associates them with a user. The value of that group attribute could be a dn or memberUid for instance. What value is expected
            is configured in the 'Group Member Attribute - Referenced User Attribute'. (i.e. member: cn=User 1,ou=users,o=nifi vs. memberUid: user1)
        'Group Member Attribute - Referenced User Attribute' - If blank, the value of the attribute defined in 'Group Member Attribute'
            is expected to be the full dn of the user. If not blank, this property will define the attribute of the user ldap entry that
            the value of the attribute defined in 'Group Member Attribute' is referencing (i.e. uid). Use of this property requires that
            'User Search Base' is also configured. (i.e. member: cn=User 1,ou=users,o=nifi vs. memberUid: user1)

        NOTE: Any identity mapping rules specified in nifi.properties will also be applied to the user identities.
            Group names are not mapped.
    -->
    <userGroupProvider>
        <identifier>ldap-user-group-provider</identifier>
        <class>org.apache.nifi.ldap.tenants.LdapUserGroupProvider</class>
        <property name="Authentication Strategy">START_TLS</property>

        <property name="Manager DN">someuser</property>
        <property encryption="aes/gcm/256" name="Manager Password">u3DdXCtLfYiwhWTF||EdPtRRGdhGIjZ2691ymVm6JOinioMCDnZU++oSXxPldJ7Q</property>

        <property name="TLS - Keystore"/>
        <property encryption="aes/gcm/256" name="TLS - Keystore Password">SBNN0zTS4/WtK94i||4C9/cXIM9LBYNwppDoZFNymGfPvCav7zeQQOQrLrLtEVlg</property>
        <property name="TLS - Keystore Type"/>
        <property name="TLS - Truststore"/>
        <property encryption="aes/gcm/256" name="TLS - Truststore Password">LXoMWb2nuXQO0p/5||qn8nm+C5Dqav3OP8y6bt/Ah1z4fCBZwQiPksEiu/KTxKrg</property>
        <property name="TLS - Truststore Type"/>
        <property name="TLS - Client Auth"/>
        <property name="TLS - Protocol"/>
        <property name="TLS - Shutdown Gracefully"/>

        <property name="Referral Strategy">FOLLOW</property>
        <property name="Connect Timeout">10 secs</property>
        <property name="Read Timeout">10 secs</property>

        <property name="Url"/>
        <property name="Page Size"/>
        <property name="Sync Interval">30 mins</property>

        <property name="User Search Base"/>
        <property name="User Object Class">person</property>
        <property name="User Search Scope">ONE_LEVEL</property>
        <property name="User Search Filter"/>
        <property name="User Identity Attribute"/>
        <property name="User Group Name Attribute"/>
        <property name="User Group Name Attribute - Referenced Group Attribute"/>

        <property name="Group Search Base"/>
        <property name="Group Object Class">group</property>
        <property name="Group Search Scope">ONE_LEVEL</property>
        <property name="Group Search Filter"/>
        <property name="Group Name Attribute"/>
        <property name="Group Member Attribute"/>
        <property name="Group Member Attribute - Referenced User Attribute"/>
    </userGroupProvider>


    <!--
        The CompositeUserGroupProvider will provide support for retrieving users and groups from multiple sources.

        - User Group Provider [unique key] - The identifier of user group providers to load from. The name of
            each property must be unique, for example: "User Group Provider A", "User Group Provider B",
            "User Group Provider C" or "User Group Provider 1", "User Group Provider 2", "User Group Provider 3"

            NOTE: Any identity mapping rules specified in nifi.properties are not applied in this implementation. This behavior
            would need to be applied by the base implementation.
    -->
    <!-- To enable the composite-user-group-provider remove 2 lines. This is 1 of 2.
    <userGroupProvider>
        <identifier>composite-user-group-provider</identifier>
        <class>org.apache.nifi.authorization.CompositeUserGroupProvider</class>
        <property name="User Group Provider 1"></property>
    </userGroupProvider>
    To enable the composite-user-group-provider remove 2 lines. This is 2 of 2. -->

    <!--
        The CompositeConfigurableUserGroupProvider will provide support for retrieving users and groups from multiple sources.
        Additionally, a single configurable user group provider is required. Users from the configurable user group provider
        are configurable, however users loaded from one of the User Group Provider [unique key] will not be.

        - Configurable User Group Provider - A configurable user group provider.

        - User Group Provider [unique key] - The identifier of user group providers to load from. The name of
            each property must be unique, for example: "User Group Provider A", "User Group Provider B",
            "User Group Provider C" or "User Group Provider 1", "User Group Provider 2", "User Group Provider 3"

            NOTE: Any identity mapping rules specified in nifi.properties are not applied in this implementation. This behavior
            would need to be applied by the base implementation.
    -->
    <!-- To enable the composite-configurable-user-group-provider remove 2 lines. This is 1 of 2.
    <userGroupProvider>
        <identifier>composite-configurable-user-group-provider</identifier>
        <class>org.apache.nifi.authorization.CompositeConfigurableUserGroupProvider</class>
        <property name="Configurable User Group Provider">file-user-group-provider</property>
        <property name="User Group Provider 1"></property>
    </userGroupProvider>
    To enable the composite-configurable-user-group-provider remove 2 lines. This is 2 of 2. -->

    <!--
        The FileAccessPolicyProvider will provide support for managing access policies which is backed by a file
        on the local file system.

        - User Group Provider - The identifier for an User Group Provider defined above that will be used to access
            users and groups for use in the managed access policies.

        - Authorizations File - The file where the FileAccessPolicyProvider will store policies.

        - Initial Admin Identity - The identity of an initial admin user that will be granted access to the UI and
            given the ability to create additional users, groups, and policies. The value of this property could be
            a DN when using certificates or LDAP, or a Kerberos principal. This property will only be used when there
            are no other policies defined. If this property is specified then a Legacy Authorized Users File can not be specified.

            NOTE: Any identity mapping rules specified in nifi.properties will also be applied to the initial admin identity,
            so the value should be the unmapped identity. This identity must be found in the configured User Group Provider.

        - Legacy Authorized Users File - The full path to an existing authorized-users.xml that will be automatically
            converted to the new authorizations model. If this property is specified then an Initial Admin Identity can
            not be specified, and this property will only be used when there are no other users, groups, and policies defined.

            NOTE: Any users in the legacy users file must be found in the configured User Group Provider.

        - Node Identity [unique key] - The identity of a NiFi cluster node. When clustered, a property for each node
            should be defined, so that every node knows about every other node. If not clustered these properties can be ignored.
            The name of each property must be unique, for example for a three node cluster:
            "Node Identity A", "Node Identity B", "Node Identity C" or "Node Identity 1", "Node Identity 2", "Node Identity 3"

            NOTE: Any identity mapping rules specified in nifi.properties will also be applied to the node identities,
            so the values should be the unmapped identities (i.e. full DN from a certificate). This identity must be found
            in the configured User Group Provider.
    -->
    <accessPolicyProvider>
        <identifier>file-access-policy-provider</identifier>
        <class>org.apache.nifi.authorization.FileAccessPolicyProvider</class>
        <property name="User Group Provider">ldap-user-group-provider</property>
        <property name="Authorizations File">./conf/authorizations.xml</property>
        <property name="Initial Admin Identity"></property>
        <property name="Legacy Authorized Users File"></property>

        <property name="Node Identity 1"></property>
    </accessPolicyProvider>

    <!--
        The StandardManagedAuthorizer. This authorizer implementation must be configured with the
        Access Policy Provider which it will use to access and manage users, groups, and policies.
        These users, groups, and policies will be used to make all access decisions during authorization
        requests.

        - Access Policy Provider - The identifier for an Access Policy Provider defined above.
    -->
    <authorizer>
        <identifier>managed-authorizer</identifier>
        <class>org.apache.nifi.authorization.StandardManagedAuthorizer</class>
        <property name="Access Policy Provider">file-access-policy-provider</property>
    </authorizer>

    <!--
        NOTE: This Authorizer has been replaced with the more granular approach configured above with the Standard
        Managed Authorizer. However, it is still available for backwards compatibility reasons.

        The FileAuthorizer is NiFi's provided authorizer and has the following properties:

        - Authorizations File - The file where the FileAuthorizer will store policies.

        - Users File - The file where the FileAuthorizer will store users and groups.

        - Initial Admin Identity - The identity of an initial admin user that will be granted access to the UI and
            given the ability to create additional users, groups, and policies. The value of this property could be
            a DN when using certificates or LDAP, or a Kerberos principal. This property will only be used when there
            are no other users, groups, and policies defined. If this property is specified then a Legacy Authorized
            Users File can not be specified.

            NOTE: Any identity mapping rules specified in nifi.properties will also be applied to the initial admin identity,
            so the value should be the unmapped identity.

        - Legacy Authorized Users File - The full path to an existing authorized-users.xml that will be automatically
            converted to the new authorizations model. If this property is specified then an Initial Admin Identity can
            not be specified, and this property will only be used when there are no other users, groups, and policies defined.

        - Node Identity [unique key] - The identity of a NiFi cluster node. When clustered, a property for each node
            should be defined, so that every node knows about every other node. If not clustered these properties can be ignored.
            The name of each property must be unique, for example for a three node cluster:
            "Node Identity A", "Node Identity B", "Node Identity C" or "Node Identity 1", "Node Identity 2", "Node Identity 3"

            NOTE: Any identity mapping rules specified in nifi.properties will also be applied to the node identities,
            so the values should be the unmapped identities (i.e. full DN from a certificate).
    -->
    <!-- <authorizer>
        <identifier>file-provider</identifier>
        <class>org.apache.nifi.authorization.FileAuthorizer</class>
        <property name="Authorizations File">./conf/authorizations.xml</property>
        <property name="Users File">./conf/users.xml</property>
        <property name="Initial Admin Identity"></property>
        <property name="Legacy Authorized Users File"></property>

        <property name="Node Identity 1"></property>
    </authorizer>
    -->
</authorizers>
[main] INFO org.apache.nifi.properties.ConfigEncryptionToolTest - Updated key line: nifi.bootstrap.sensitive.key=0123456789ABCDEFFEDCBA98765432100123456789ABCDEFFEDCBA9876543210
]]></system-err>
  </testcase>
  <testcase name="testShouldPerformFullOperationOnFlowXmlWithoutEncryptedNiFiProperties" classname="org.apache.nifi.properties.ConfigEncryptionToolTest" time="0.03">
    <system-err><![CDATA[[main] INFO org.apache.nifi.properties.ConfigEncryptionToolTest - Original key line from bootstrap.conf: nifi.bootstrap.sensitive.key=
[main] WARN org.apache.nifi.properties.AbstractBootstrapPropertiesLoader - System Property [nifi.properties.file.path] not found: Using Relative Path [conf/nifi.properties]
[main] INFO org.apache.nifi.properties.NiFiPropertiesLoader - Loaded 82 properties from /home/alex/Repositories/nifi/nifi-toolkit/nifi-toolkit-encrypt-config/target/tmp/tmp-nifi.properties
[main] INFO org.apache.nifi.properties.ConfigEncryptionToolTest - Loaded 82 properties from input file
[main] INFO org.apache.nifi.properties.ConfigEncryptionToolTest - Original sensitive values: [nifi.security.keyPasswd:, nifi.security.keystorePasswd:, nifi.security.truststorePasswd:, nifi.sensitive.props.key:, nifi.provenance.repository.encryption.key:null, nifi.provenance.repository.encryption.key.provider.password:null, nifi.flowfile.repository.encryption.key.provider.password:null, nifi.content.repository.encryption.key.provider.password:null, nifi.repository.encryption.key.provider.keystore.password:null]
[main] WARN org.apache.nifi.properties.ConfigEncryptionTool - The source nifi.properties and destination nifi.properties are identical [target/tmp/tmp-nifi.properties] so the original will be overwritten
[main] INFO org.apache.nifi.properties.ConfigEncryptionTool - Handling encryption of flow.xml.gz
[main] WARN org.apache.nifi.properties.ConfigEncryptionTool - The source flow.xml.gz and destination flow.xml.gz are identical [target/tmp/tmp-flow.xml.gz] so the original will be overwritten
[main] INFO org.apache.nifi.properties.ConfigEncryptionTool -        bootstrap.conf:               null
[main] INFO org.apache.nifi.properties.ConfigEncryptionTool - (src)  nifi.properties:              target/tmp/tmp-nifi.properties
[main] INFO org.apache.nifi.properties.ConfigEncryptionTool - (dest) nifi.properties:              target/tmp/tmp-nifi.properties
[main] INFO org.apache.nifi.properties.ConfigEncryptionTool - (src)  login-identity-providers.xml: null
[main] INFO org.apache.nifi.properties.ConfigEncryptionTool - (dest) login-identity-providers.xml: null
[main] INFO org.apache.nifi.properties.ConfigEncryptionTool - (src)  authorizers.xml:              null
[main] INFO org.apache.nifi.properties.ConfigEncryptionTool - (dest) authorizers.xml:              null
[main] INFO org.apache.nifi.properties.ConfigEncryptionTool - (src)  flow.xml.gz:                  target/tmp/tmp-flow.xml.gz
[main] INFO org.apache.nifi.properties.ConfigEncryptionTool - (dest) flow.xml.gz:                  target/tmp/tmp-flow.xml.gz
[main] INFO org.apache.nifi.properties.NiFiPropertiesLoader - Loaded 82 properties from /home/alex/Repositories/nifi/nifi-toolkit/nifi-toolkit-encrypt-config/target/tmp/tmp-nifi.properties
[main] INFO org.apache.nifi.properties.NiFiPropertiesLoader - Loaded 82 properties from /home/alex/Repositories/nifi/nifi-toolkit/nifi-toolkit-encrypt-config/target/tmp/tmp-nifi.properties
[main] INFO org.apache.nifi.properties.ConfigEncryptionTool - Loaded NiFiProperties instance with 82 properties
[main] INFO org.apache.nifi.properties.NiFiPropertiesLoader - Loaded 82 properties from /home/alex/Repositories/nifi/nifi-toolkit/nifi-toolkit-encrypt-config/target/tmp/tmp-nifi.properties
[main] INFO org.apache.nifi.properties.ConfigEncryptionTool - Migrating flow.xml file at target/tmp/tmp-flow.xml.gz. This could take a while if the flow XML is very large.
[main] INFO org.apache.nifi.properties.ConfigEncryptionToolTest - Updated nifi.properties:
[main] INFO org.apache.nifi.properties.ConfigEncryptionToolTest - 

# Licensed to the Apache Software Foundation (ASF) under one or more
# contributor license agreements.  See the NOTICE file distributed with
# this work for additional information regarding copyright ownership.
# The ASF licenses this file to You under the Apache License, Version 2.0
# (the "License"); you may not use this file except in compliance with
# the License.  You may obtain a copy of the License at
#
#     http://www.apache.org/licenses/LICENSE-2.0
#
# Unless required by applicable law or agreed to in writing, software
# distributed under the License is distributed on an "AS IS" BASIS,
# WITHOUT WARRANTIES OR CONDITIONS OF ANY KIND, either express or implied.
# See the License for the specific language governing permissions and
# limitations under the License.

# Core Properties #
nifi.flow.configuration.file=./target/flow.xml.gz
nifi.flow.configuration.archive.dir=./target/archive/
nifi.flowcontroller.autoResumeState=true
nifi.flowcontroller.graceful.shutdown.period=10 sec
nifi.flowservice.writedelay.interval=2 sec
nifi.administrative.yield.duration=30 sec

nifi.reporting.task.configuration.file=./target/reporting-tasks.xml
nifi.controller.service.configuration.file=./target/controller-services.xml
nifi.templates.directory=./target/templates
nifi.ui.banner.text=UI Banner Text
nifi.ui.autorefresh.interval=30 sec
nifi.nar.library.directory=./target/resources/NiFiProperties/lib/
nifi.nar.library.directory.alt=./target/resources/NiFiProperties/lib2/
nifi.nar.working.directory=./target/work/nar/

# H2 Settings
nifi.database.directory=./target/database_repository
nifi.h2.url.append=;LOCK_TIMEOUT=25000;WRITE_DELAY=0;AUTO_SERVER=FALSE

# FlowFile Repository
nifi.flowfile.repository.directory=./target/test-repo
nifi.flowfile.repository.partitions=1
nifi.flowfile.repository.checkpoint.interval=2 mins
nifi.queue.swap.threshold=20000
nifi.swap.storage.directory=./target/test-repo/swap
nifi.swap.in.period=5 sec
nifi.swap.in.threads=1
nifi.swap.out.period=5 sec
nifi.swap.out.threads=4

# Content Repository
nifi.content.claim.max.appendable.size=10 MB
nifi.content.claim.max.flow.files=100
nifi.content.repository.directory.default=./target/content_repository

# Provenance Repository Properties
nifi.provenance.repository.storage.directory=./target/provenance_repository
nifi.provenance.repository.max.storage.time=24 hours
nifi.provenance.repository.max.storage.size=1 GB
nifi.provenance.repository.rollover.time=30 secs
nifi.provenance.repository.rollover.size=100 MB

# Site to Site properties
nifi.remote.input.socket.port=9990
nifi.remote.input.secure=true

# web properties #
nifi.web.war.directory=./target/lib
nifi.web.http.host=
nifi.web.http.port=
nifi.web.https.host=nifi.nifi.apache.org
nifi.web.https.port=8443
nifi.web.jetty.working.directory=./target/work/jetty

# security properties #
nifi.sensitive.props.key=thisIsABadPassword
nifi.sensitive.props.key.protected=
nifi.sensitive.props.algorithm=PBEWITHMD5AND256BITAES-CBC-OPENSSL
nifi.sensitive.props.additional.keys=

nifi.security.keystore=
nifi.security.keystoreType=
nifi.security.keystorePasswd=
nifi.security.keyPasswd=
nifi.security.truststore=
nifi.security.truststoreType=
nifi.security.truststorePasswd=
nifi.security.user.authorizer=

# cluster common properties (cluster manager and nodes must have same values) #
nifi.cluster.protocol.heartbeat.interval=5 sec
nifi.cluster.protocol.is.secure=false
nifi.cluster.protocol.socket.timeout=30 sec
nifi.cluster.protocol.connection.handshake.timeout=45 sec
# if multicast is used, then nifi.cluster.protocol.multicast.xxx properties must be configured #
nifi.cluster.protocol.use.multicast=false
nifi.cluster.protocol.multicast.address=
nifi.cluster.protocol.multicast.port=
nifi.cluster.protocol.multicast.service.broadcast.delay=500 ms
nifi.cluster.protocol.multicast.service.locator.attempts=3
nifi.cluster.protocol.multicast.service.locator.attempts.delay=1 sec

# cluster node properties (only configure for cluster nodes) #
nifi.cluster.is.node=false
nifi.cluster.node.address=
nifi.cluster.node.protocol.port=
nifi.cluster.node.protocol.threads=2
# if multicast is not used, nifi.cluster.node.unicast.xxx must have same values as nifi.cluster.manager.xxx #
nifi.cluster.node.unicast.manager.address=
nifi.cluster.node.unicast.manager.protocol.port=
nifi.cluster.node.unicast.manager.authority.provider.port=

# cluster manager properties (only configure for cluster manager) #
nifi.cluster.is.manager=false
nifi.cluster.manager.address=
nifi.cluster.manager.protocol.port=
nifi.cluster.manager.authority.provider.port=
nifi.cluster.manager.authority.provider.threads=10
nifi.cluster.manager.node.firewall.file=
nifi.cluster.manager.node.event.history.size=10
nifi.cluster.manager.node.api.connection.timeout=30 sec
nifi.cluster.manager.node.api.read.timeout=30 sec
nifi.cluster.manager.node.api.request.threads=10
nifi.cluster.manager.flow.retrieval.delay=5 sec
nifi.cluster.manager.protocol.threads=10
nifi.cluster.manager.safemode.duration=0 sec
[main] WARN org.apache.nifi.properties.AbstractBootstrapPropertiesLoader - System Property [nifi.properties.file.path] not found: Using Relative Path [conf/nifi.properties]
[main] INFO org.apache.nifi.properties.NiFiPropertiesLoader - Loaded 83 properties from /home/alex/Repositories/nifi/nifi-toolkit/nifi-toolkit-encrypt-config/target/tmp/tmp-nifi.properties
[main] INFO org.apache.nifi.properties.ConfigEncryptionToolTest - Updated key line: nifi.bootstrap.sensitive.key=
[main] INFO org.apache.nifi.properties.ConfigEncryptionToolTest - Original flow.xml.gz cipher texts: [enc{7468697349734142616453616c742e2e79ad38319f8069990c6ac60cad75639f9d2ab7dff1a0b8b488af2fff659cf353}, enc{7468697349734142616453616c742e2e63a2cd00e648c459e7e45223fefe8d38ab9ed3d71d94be57d5b0e4391980c858}]
[main] INFO org.apache.nifi.properties.ConfigEncryptionToolTest - Updated  flow.xml.gz cipher texts: [enc{8e2db37376a8b0c7dde97dae172cb7d60848c0a7356ec8b990034159b0673dc61bf582c685b063b9343b51488014c309}, enc{78980d31c18a2129032b8e45edb87e900b53e9dcdfc381e9fcac7e0ea341296181955df5c8b7b634ec0820c40bbab285}]
]]></system-err>
  </testcase>
  <testcase name="testEncryptLoginIdentityProvidersShouldHandleCommentedElements" classname="org.apache.nifi.properties.ConfigEncryptionToolTest" time="0.015">
    <system-err><![CDATA[[main] INFO org.apache.nifi.properties.ConfigEncryptionToolTest - Read lines: 
<?xml version="1.0" encoding="UTF-8" standalone="yes"?>
<!--
  Licensed to the Apache Software Foundation (ASF) under one or more
  contributor license agreements.  See the NOTICE file distributed with
  this work for additional information regarding copyright ownership.
  The ASF licenses this file to You under the Apache License, Version 2.0
  (the "License"); you may not use this file except in compliance with
  the License.  You may obtain a copy of the License at
      http://www.apache.org/licenses/LICENSE-2.0
  Unless required by applicable law or agreed to in writing, software
  distributed under the License is distributed on an "AS IS" BASIS,
  WITHOUT WARRANTIES OR CONDITIONS OF ANY KIND, either express or implied.
  See the License for the specific language governing permissions and
  limitations under the License.
-->
<!--
    This file lists the login identity providers to use when running securely. In order
    to use a specific provider it must be configured here and it's identifier
    must be specified in the nifi.properties file.
-->
<loginIdentityProviders>
    <!--
        Identity Provider for users logging in with username/password against an LDAP server.
        
        'Authentication Strategy' - How the connection to the LDAP server is authenticated. Possible
            values are ANONYMOUS, SIMPLE, or START_TLS.
        
        'Manager DN' - The DN of the manager that is used to bind to the LDAP server to search for users.
        'Manager Password' - The password of the manager that is used to bind to the LDAP server to
            search for users.
            
        'TLS - Keystore' - Path to the Keystore that is used when connecting to LDAP using START_TLS.
        'TLS - Keystore Password' - Password for the Keystore that is used when connecting to LDAP
            using START_TLS.
        'TLS - Keystore Type' - Type of the Keystore that is used when connecting to LDAP using
            START_TLS (i.e. JKS or PKCS12).
        'TLS - Truststore' - Path to the Truststore that is used when connecting to LDAP using START_TLS.
        'TLS - Truststore Password' - Password for the Truststore that is used when connecting to
            LDAP using START_TLS.
        'TLS - Truststore Type' - Type of the Truststore that is used when connecting to LDAP using
            START_TLS (i.e. JKS or PKCS12).
        'TLS - Client Auth' - Client authentication policy when connecting to LDAP using START_TLS.
            Possible values are REQUIRED, WANT, NONE.
        'TLS - Protocol' - Protocol to use when connecting to LDAP using START_TLS. (i.e. TLS,
            TLSv1.1, TLSv1.2, etc).
        'TLS - Shutdown Gracefully' - Specifies whether the TLS should be shut down gracefully 
            before the target context is closed. Defaults to false.
            
        'Referral Strategy' - Strategy for handling referrals. Possible values are FOLLOW, IGNORE, THROW.
        'Connect Timeout' - Duration of connect timeout. (i.e. 10 secs).
        'Read Timeout' - Duration of read timeout. (i.e. 10 secs).
       
        'Url' - Url of the LDAP servier (i.e. ldap://<hostname>:<port>).
        'User Search Base' - Base DN for searching for users (i.e. CN=Users,DC=example,DC=com).
        'User Search Filter' - Filter for searching for users against the 'User Search Base'.
            (i.e. sAMAccountName={0}). The user specified name is inserted into '{0}'.
            
        'Authentication Expiration' - The duration of how long the user authentication is valid
            for. If the user never logs out, they will be required to log back in following
            this duration.
    -->
    <!-- To enable the ldap-provider remove 2 lines. This is 1 of 2. 
    <provider>
        <identifier>ldap-provider</identifier>
        <class>org.apache.nifi.ldap.LdapProvider</class>
        <property name="Authentication Strategy">START_TLS</property>

        <property name="Manager DN"></property>
        <property name="Manager Password"></property>

        <property name="TLS - Keystore"></property>
        <property name="TLS - Keystore Password"></property>
        <property name="TLS - Keystore Type"></property>
        <property name="TLS - Truststore"></property>
        <property name="TLS - Truststore Password"></property>
        <property name="TLS - Truststore Type"></property>
        <property name="TLS - Client Auth"></property>
        <property name="TLS - Protocol"></property>
        <property name="TLS - Shutdown Gracefully"></property>
        
        <property name="Referral Strategy">FOLLOW</property>
        <property name="Connect Timeout">10 secs</property>
        <property name="Read Timeout">10 secs</property>

        <property name="Url"></property>
        <property name="User Search Base"></property>
        <property name="User Search Filter"></property>

        <property name="Authentication Expiration">12 hours</property>
    </provider>
    To enable the ldap-provider remove 2 lines. This is 2 of 2. -->

    <!--
        Identity Provider for users logging in with username/password against a Kerberos KDC server.

        'Default Realm' - Default realm to provide when user enters incomplete user principal (i.e. NIFI.APACHE.ORG).
        'Authentication Expiration' - The duration of how long the user authentication is valid for. If the user never logs out, they will be required to log back in following this duration.
    -->
    <!-- To enable the kerberos-provider remove 2 lines. This is 1 of 2.
    <provider>
        <identifier>kerberos-provider</identifier>
        <class>org.apache.nifi.kerberos.KerberosProvider</class>
        <property name="Default Realm">NIFI.APACHE.ORG</property>
        <property name="Authentication Expiration">12 hours</property>
    </provider>
    To enable the kerberos-provider remove 2 lines. This is 2 of 2. -->
</loginIdentityProviders>
[main] INFO org.apache.nifi.properties.ConfigEncryptionTool - No unencrypted password property elements found in login-identity-providers.xml
[main] INFO org.apache.nifi.properties.ConfigEncryptionToolTest - Encrypted lines: 
<?xml version="1.0" encoding="UTF-8" standalone="yes"?>
<!--
  Licensed to the Apache Software Foundation (ASF) under one or more
  contributor license agreements.  See the NOTICE file distributed with
  this work for additional information regarding copyright ownership.
  The ASF licenses this file to You under the Apache License, Version 2.0
  (the "License"); you may not use this file except in compliance with
  the License.  You may obtain a copy of the License at
      http://www.apache.org/licenses/LICENSE-2.0
  Unless required by applicable law or agreed to in writing, software
  distributed under the License is distributed on an "AS IS" BASIS,
  WITHOUT WARRANTIES OR CONDITIONS OF ANY KIND, either express or implied.
  See the License for the specific language governing permissions and
  limitations under the License.
-->
<!--
    This file lists the login identity providers to use when running securely. In order
    to use a specific provider it must be configured here and it's identifier
    must be specified in the nifi.properties file.
-->
<loginIdentityProviders>
    <!--
        Identity Provider for users logging in with username/password against an LDAP server.
        
        'Authentication Strategy' - How the connection to the LDAP server is authenticated. Possible
            values are ANONYMOUS, SIMPLE, or START_TLS.
        
        'Manager DN' - The DN of the manager that is used to bind to the LDAP server to search for users.
        'Manager Password' - The password of the manager that is used to bind to the LDAP server to
            search for users.
            
        'TLS - Keystore' - Path to the Keystore that is used when connecting to LDAP using START_TLS.
        'TLS - Keystore Password' - Password for the Keystore that is used when connecting to LDAP
            using START_TLS.
        'TLS - Keystore Type' - Type of the Keystore that is used when connecting to LDAP using
            START_TLS (i.e. JKS or PKCS12).
        'TLS - Truststore' - Path to the Truststore that is used when connecting to LDAP using START_TLS.
        'TLS - Truststore Password' - Password for the Truststore that is used when connecting to
            LDAP using START_TLS.
        'TLS - Truststore Type' - Type of the Truststore that is used when connecting to LDAP using
            START_TLS (i.e. JKS or PKCS12).
        'TLS - Client Auth' - Client authentication policy when connecting to LDAP using START_TLS.
            Possible values are REQUIRED, WANT, NONE.
        'TLS - Protocol' - Protocol to use when connecting to LDAP using START_TLS. (i.e. TLS,
            TLSv1.1, TLSv1.2, etc).
        'TLS - Shutdown Gracefully' - Specifies whether the TLS should be shut down gracefully 
            before the target context is closed. Defaults to false.
            
        'Referral Strategy' - Strategy for handling referrals. Possible values are FOLLOW, IGNORE, THROW.
        'Connect Timeout' - Duration of connect timeout. (i.e. 10 secs).
        'Read Timeout' - Duration of read timeout. (i.e. 10 secs).
       
        'Url' - Url of the LDAP servier (i.e. ldap://<hostname>:<port>).
        'User Search Base' - Base DN for searching for users (i.e. CN=Users,DC=example,DC=com).
        'User Search Filter' - Filter for searching for users against the 'User Search Base'.
            (i.e. sAMAccountName={0}). The user specified name is inserted into '{0}'.
            
        'Authentication Expiration' - The duration of how long the user authentication is valid
            for. If the user never logs out, they will be required to log back in following
            this duration.
    -->
    <!-- To enable the ldap-provider remove 2 lines. This is 1 of 2. 
    <provider>
        <identifier>ldap-provider</identifier>
        <class>org.apache.nifi.ldap.LdapProvider</class>
        <property name="Authentication Strategy">START_TLS</property>

        <property name="Manager DN"></property>
        <property name="Manager Password"></property>

        <property name="TLS - Keystore"></property>
        <property name="TLS - Keystore Password"></property>
        <property name="TLS - Keystore Type"></property>
        <property name="TLS - Truststore"></property>
        <property name="TLS - Truststore Password"></property>
        <property name="TLS - Truststore Type"></property>
        <property name="TLS - Client Auth"></property>
        <property name="TLS - Protocol"></property>
        <property name="TLS - Shutdown Gracefully"></property>
        
        <property name="Referral Strategy">FOLLOW</property>
        <property name="Connect Timeout">10 secs</property>
        <property name="Read Timeout">10 secs</property>

        <property name="Url"></property>
        <property name="User Search Base"></property>
        <property name="User Search Filter"></property>

        <property name="Authentication Expiration">12 hours</property>
    </provider>
    To enable the ldap-provider remove 2 lines. This is 2 of 2. -->

    <!--
        Identity Provider for users logging in with username/password against a Kerberos KDC server.

        'Default Realm' - Default realm to provide when user enters incomplete user principal (i.e. NIFI.APACHE.ORG).
        'Authentication Expiration' - The duration of how long the user authentication is valid for. If the user never logs out, they will be required to log back in following this duration.
    -->
    <!-- To enable the kerberos-provider remove 2 lines. This is 1 of 2.
    <provider>
        <identifier>kerberos-provider</identifier>
        <class>org.apache.nifi.kerberos.KerberosProvider</class>
        <property name="Default Realm">NIFI.APACHE.ORG</property>
        <property name="Authentication Expiration">12 hours</property>
    </provider>
    To enable the kerberos-provider remove 2 lines. This is 2 of 2. -->
</loginIdentityProviders>
]]></system-err>
  </testcase>
  <testcase name="testShouldWriteNiFiProperties" classname="org.apache.nifi.properties.ConfigEncryptionToolTest" time="0.009">
    <system-err><![CDATA[[main] WARN org.apache.nifi.properties.AbstractBootstrapPropertiesLoader - System Property [nifi.properties.file.path] not found: Using Relative Path [conf/nifi.properties]
[main] INFO org.apache.nifi.properties.NiFiPropertiesLoader - Loaded 82 properties from /home/alex/Repositories/nifi/nifi-toolkit/nifi-toolkit-encrypt-config/src/test/resources/nifi_with_sensitive_properties_unprotected.properties
[main] INFO org.apache.nifi.properties.ConfigEncryptionTool - Loaded NiFiProperties instance with 82 properties
[main] INFO org.apache.nifi.properties.ConfigEncryptionToolTest - Loaded 82 properties from src/test/resources/nifi_with_sensitive_properties_unprotected.properties
[main] INFO org.apache.nifi.properties.ConfigEncryptionToolTest - Wrote to target/tmp_nifi.properties
[main] INFO org.apache.nifi.properties.ConfigEncryptionToolTest - Updated nifi.properties:
[main] INFO org.apache.nifi.properties.ConfigEncryptionToolTest - 

# Licensed to the Apache Software Foundation (ASF) under one or more
# contributor license agreements.  See the NOTICE file distributed with
# this work for additional information regarding copyright ownership.
# The ASF licenses this file to You under the Apache License, Version 2.0
# (the "License"); you may not use this file except in compliance with
# the License.  You may obtain a copy of the License at
#
#     http://www.apache.org/licenses/LICENSE-2.0
#
# Unless required by applicable law or agreed to in writing, software
# distributed under the License is distributed on an "AS IS" BASIS,
# WITHOUT WARRANTIES OR CONDITIONS OF ANY KIND, either express or implied.
# See the License for the specific language governing permissions and
# limitations under the License.

# Core Properties #
nifi.flow.configuration.file=./target/flow.xml.gz
nifi.flow.configuration.archive.dir=./target/archive/
nifi.flowcontroller.autoResumeState=true
nifi.flowcontroller.graceful.shutdown.period=10 sec
nifi.flowservice.writedelay.interval=2 sec
nifi.administrative.yield.duration=30 sec

nifi.reporting.task.configuration.file=./target/reporting-tasks.xml
nifi.controller.service.configuration.file=./target/controller-services.xml
nifi.templates.directory=./target/templates
nifi.ui.banner.text=UI Banner Text
nifi.ui.autorefresh.interval=30 sec
nifi.nar.library.directory=./target/resources/NiFiProperties/lib/
nifi.nar.library.directory.alt=./target/resources/NiFiProperties/lib2/
nifi.nar.working.directory=./target/work/nar/

# H2 Settings
nifi.database.directory=./target/database_repository
nifi.h2.url.append=;LOCK_TIMEOUT=25000;WRITE_DELAY=0;AUTO_SERVER=FALSE

# FlowFile Repository
nifi.flowfile.repository.directory=./target/test-repo
nifi.flowfile.repository.partitions=1
nifi.flowfile.repository.checkpoint.interval=2 mins
nifi.queue.swap.threshold=20000
nifi.swap.storage.directory=./target/test-repo/swap
nifi.swap.in.period=5 sec
nifi.swap.in.threads=1
nifi.swap.out.period=5 sec
nifi.swap.out.threads=4

# Content Repository
nifi.content.claim.max.appendable.size=10 MB
nifi.content.claim.max.flow.files=100
nifi.content.repository.directory.default=./target/content_repository

# Provenance Repository Properties
nifi.provenance.repository.storage.directory=./target/provenance_repository
nifi.provenance.repository.max.storage.time=24 hours
nifi.provenance.repository.max.storage.size=1 GB
nifi.provenance.repository.rollover.time=30 secs
nifi.provenance.repository.rollover.size=100 MB

# Site to Site properties
nifi.remote.input.socket.port=9990
nifi.remote.input.secure=true

# web properties #
nifi.web.war.directory=./target/lib
nifi.web.http.host=
nifi.web.http.port=
nifi.web.https.host=nifi.nifi.apache.org
nifi.web.https.port=8443
nifi.web.jetty.working.directory=./target/work/jetty

# security properties #
nifi.sensitive.props.key=thisIsABadSensitiveKeyPassword
nifi.sensitive.props.key.protected=
nifi.sensitive.props.algorithm=PBEWITHMD5AND256BITAES-CBC-OPENSSL
nifi.sensitive.props.additional.keys=

nifi.security.keystore=/path/to/keystore.jks
nifi.security.keystoreType=JKS
nifi.security.keystorePasswd=thisIsABadKeystorePassword
nifi.security.keyPasswd=thisIsABadKeyPassword
nifi.security.truststore=
nifi.security.truststoreType=
nifi.security.truststorePasswd=
nifi.security.user.authorizer=

# cluster common properties (cluster manager and nodes must have same values) #
nifi.cluster.protocol.heartbeat.interval=5 sec
nifi.cluster.protocol.is.secure=false
nifi.cluster.protocol.socket.timeout=30 sec
nifi.cluster.protocol.connection.handshake.timeout=45 sec
# if multicast is used, then nifi.cluster.protocol.multicast.xxx properties must be configured #
nifi.cluster.protocol.use.multicast=false
nifi.cluster.protocol.multicast.address=
nifi.cluster.protocol.multicast.port=
nifi.cluster.protocol.multicast.service.broadcast.delay=500 ms
nifi.cluster.protocol.multicast.service.locator.attempts=3
nifi.cluster.protocol.multicast.service.locator.attempts.delay=1 sec

# cluster node properties (only configure for cluster nodes) #
nifi.cluster.is.node=false
nifi.cluster.node.address=
nifi.cluster.node.protocol.port=
nifi.cluster.node.protocol.threads=2
# if multicast is not used, nifi.cluster.node.unicast.xxx must have same values as nifi.cluster.manager.xxx #
nifi.cluster.node.unicast.manager.address=
nifi.cluster.node.unicast.manager.protocol.port=
nifi.cluster.node.unicast.manager.authority.provider.port=

# cluster manager properties (only configure for cluster manager) #
nifi.cluster.is.manager=false
nifi.cluster.manager.address=
nifi.cluster.manager.protocol.port=
nifi.cluster.manager.authority.provider.port=
nifi.cluster.manager.authority.provider.threads=10
nifi.cluster.manager.node.firewall.file=
nifi.cluster.manager.node.event.history.size=10
nifi.cluster.manager.node.api.connection.timeout=30 sec
nifi.cluster.manager.node.api.read.timeout=30 sec
nifi.cluster.manager.node.api.request.threads=10
nifi.cluster.manager.flow.retrieval.delay=5 sec
nifi.cluster.manager.protocol.threads=10
nifi.cluster.manager.safemode.duration=0 sec
]]></system-err>
  </testcase>
  <testcase name="testShouldReadPasswordFromConsoleIfNoKeyPresent" classname="org.apache.nifi.properties.ConfigEncryptionToolTest" time="0.229">
    <system-err><![CDATA[[main] WARN org.apache.nifi.properties.ConfigEncryptionTool - The source nifi.properties and destination nifi.properties are identical [nifi.properties] so the original will be overwritten
[main] INFO org.apache.nifi.properties.ConfigEncryptionToolTest - Using password flag: true
[main] INFO org.apache.nifi.properties.ConfigEncryptionToolTest - Password: null
[main] INFO org.apache.nifi.properties.ConfigEncryptionToolTest - Key hex:  null
[main] INFO org.apache.nifi.properties.ConfigEncryptionToolTest - Read key: [2C576A9585DB862F5ECBEE5B4FFFCCA14B18D8365968D7081651006507AD2BDE]
]]></system-err>
  </testcase>
  <testcase name="testParseShouldFailIfPropertiesAndProvidersMissing" classname="org.apache.nifi.properties.ConfigEncryptionToolTest" time="0.095">
    <system-out><![CDATA[One or more of ['-n'/'--niFiProperties', '-l'/'--loginIdentityProviders', '-a'/'--authorizers'] must be provided unless '-x'/--'encryptFlowXmlOnly' is specified

usage: org.apache.nifi.properties.ConfigEncryptionTool [-h] [-v] [-n <file>] [-o <file>] [-l <file>] [-i <file>] [-a <file>] [-u <file>] [-f <file>] [-g <file>]
       [-b <file>] [-S <protectionScheme>] [-k <keyhex>] [-e <keyhex>] [-H <protectionScheme>] [-p <password>] [-w <password>] [-r] [-m] [-x] [-s
       <password|keyhex>] [-A <algorithm>] [-P <algorithm>] [-c]

This tool reads from a nifi.properties and/or login-identity-providers.xml file with plain sensitive configuration values, prompts the user for a root key, and
encrypts each value. It will replace the plain value with the protected value in the same file (or write to a new file if specified). It can also be used to
migrate already-encrypted values in those files or in flow.xml.gz to be encrypted with a new key.

 -h,--help                                     Show usage information (this message)
 -v,--verbose                                  Sets verbose mode (default false)
 -n,--niFiProperties <file>                    The nifi.properties file containing unprotected config values (will be overwritten unless -o is specified)
 -o,--outputNiFiProperties <file>              The destination nifi.properties file containing protected config values (will not modify input nifi.properties)
 -l,--loginIdentityProviders <file>            The login-identity-providers.xml file containing unprotected config values (will be overwritten unless -i is
                                               specified)
 -i,--outputLoginIdentityProviders <file>      The destination login-identity-providers.xml file containing protected config values (will not modify input
                                               login-identity-providers.xml)
 -a,--authorizers <file>                       The authorizers.xml file containing unprotected config values (will be overwritten unless -u is specified)
 -u,--outputAuthorizers <file>                 The destination authorizers.xml file containing protected config values (will not modify input authorizers.xml)
 -f,--flowXml <file>                           The flow.xml.gz file currently protected with old password (will be overwritten unless -g is specified)
 -g,--outputFlowXml <file>                     The destination flow.xml.gz file containing protected config values (will not modify input flow.xml.gz)
 -b,--bootstrapConf <file>                     The bootstrap.conf file to persist root key and to optionally provide any configuration for the protection
                                               scheme.
 -S,--protectionScheme <protectionScheme>      Selects the protection scheme for encrypted properties.  Valid values are: [AES_GCM, AWS_SECRETSMANAGER, AWS_KMS,
                                               AZURE_KEYVAULT_KEY, AZURE_KEYVAULT_SECRET, GCP_KMS, HASHICORP_VAULT_KV, HASHICORP_VAULT_TRANSIT] (default is
                                               AES_GCM)
 -k,--key <keyhex>                             The raw hexadecimal key to use to encrypt the sensitive properties
 -e,--oldKey <keyhex>                          The old raw hexadecimal key to use during key migration
 -H,--oldProtectionScheme <protectionScheme>   The old protection scheme to use during encryption migration (see --protectionScheme for possible values).
                                               Default is AES_GCM
 -p,--password <password>                      The password from which to derive the key to use to encrypt the sensitive properties
 -w,--oldPassword <password>                   The old password from which to derive the key during migration
 -r,--useRawKey                                If provided, the secure console will prompt for the raw key value in hexadecimal form
 -m,--migrate                                  If provided, the nifi.properties and/or login-identity-providers.xml sensitive properties will be re-encrypted
                                               with the new scheme
 -x,--encryptFlowXmlOnly                       If provided, the properties in flow.xml.gz will be re-encrypted with a new key but the nifi.properties and/or
                                               login-identity-providers.xml files will not be modified
 -s,--propsKey <password|keyhex>               The password or key to use to encrypt the sensitive processor properties in flow.xml.gz
 -A,--newFlowAlgorithm <algorithm>             The algorithm to use to encrypt the sensitive processor properties in flow.xml.gz
 -P,--newFlowProvider <algorithm>              The security provider to use to encrypt the sensitive processor properties in flow.xml.gz
 -c,--translateCli                             Translates the nifi.properties file to a format suitable for the NiFi CLI tool

Java home: null
NiFi Toolkit home: null
One or more of ['-n'/'--niFiProperties', '-l'/'--loginIdentityProviders', '-a'/'--authorizers'] must be provided unless '-x'/--'encryptFlowXmlOnly' is specified

usage: org.apache.nifi.properties.ConfigEncryptionTool [-h] [-v] [-n <file>] [-o <file>] [-l <file>] [-i <file>] [-a <file>] [-u <file>] [-f <file>] [-g <file>]
       [-b <file>] [-S <protectionScheme>] [-k <keyhex>] [-e <keyhex>] [-H <protectionScheme>] [-p <password>] [-w <password>] [-r] [-m] [-x] [-s
       <password|keyhex>] [-A <algorithm>] [-P <algorithm>] [-c]

This tool reads from a nifi.properties and/or login-identity-providers.xml file with plain sensitive configuration values, prompts the user for a root key, and
encrypts each value. It will replace the plain value with the protected value in the same file (or write to a new file if specified). It can also be used to
migrate already-encrypted values in those files or in flow.xml.gz to be encrypted with a new key.

 -h,--help                                     Show usage information (this message)
 -v,--verbose                                  Sets verbose mode (default false)
 -n,--niFiProperties <file>                    The nifi.properties file containing unprotected config values (will be overwritten unless -o is specified)
 -o,--outputNiFiProperties <file>              The destination nifi.properties file containing protected config values (will not modify input nifi.properties)
 -l,--loginIdentityProviders <file>            The login-identity-providers.xml file containing unprotected config values (will be overwritten unless -i is
                                               specified)
 -i,--outputLoginIdentityProviders <file>      The destination login-identity-providers.xml file containing protected config values (will not modify input
                                               login-identity-providers.xml)
 -a,--authorizers <file>                       The authorizers.xml file containing unprotected config values (will be overwritten unless -u is specified)
 -u,--outputAuthorizers <file>                 The destination authorizers.xml file containing protected config values (will not modify input authorizers.xml)
 -f,--flowXml <file>                           The flow.xml.gz file currently protected with old password (will be overwritten unless -g is specified)
 -g,--outputFlowXml <file>                     The destination flow.xml.gz file containing protected config values (will not modify input flow.xml.gz)
 -b,--bootstrapConf <file>                     The bootstrap.conf file to persist root key and to optionally provide any configuration for the protection
                                               scheme.
 -S,--protectionScheme <protectionScheme>      Selects the protection scheme for encrypted properties.  Valid values are: [AES_GCM, AWS_SECRETSMANAGER, AWS_KMS,
                                               AZURE_KEYVAULT_KEY, AZURE_KEYVAULT_SECRET, GCP_KMS, HASHICORP_VAULT_KV, HASHICORP_VAULT_TRANSIT] (default is
                                               AES_GCM)
 -k,--key <keyhex>                             The raw hexadecimal key to use to encrypt the sensitive properties
 -e,--oldKey <keyhex>                          The old raw hexadecimal key to use during key migration
 -H,--oldProtectionScheme <protectionScheme>   The old protection scheme to use during encryption migration (see --protectionScheme for possible values).
                                               Default is AES_GCM
 -p,--password <password>                      The password from which to derive the key to use to encrypt the sensitive properties
 -w,--oldPassword <password>                   The old password from which to derive the key during migration
 -r,--useRawKey                                If provided, the secure console will prompt for the raw key value in hexadecimal form
 -m,--migrate                                  If provided, the nifi.properties and/or login-identity-providers.xml sensitive properties will be re-encrypted
                                               with the new scheme
 -x,--encryptFlowXmlOnly                       If provided, the properties in flow.xml.gz will be re-encrypted with a new key but the nifi.properties and/or
                                               login-identity-providers.xml files will not be modified
 -s,--propsKey <password|keyhex>               The password or key to use to encrypt the sensitive processor properties in flow.xml.gz
 -A,--newFlowAlgorithm <algorithm>             The algorithm to use to encrypt the sensitive processor properties in flow.xml.gz
 -P,--newFlowProvider <algorithm>              The security provider to use to encrypt the sensitive processor properties in flow.xml.gz
 -c,--translateCli                             Translates the nifi.properties file to a format suitable for the NiFi CLI tool

Java home: null
NiFi Toolkit home: null
Error parsing command line. (Missing argument for option: n)

usage: org.apache.nifi.properties.ConfigEncryptionTool [-h] [-v] [-n <file>] [-o <file>] [-l <file>] [-i <file>] [-a <file>] [-u <file>] [-f <file>] [-g <file>]
       [-b <file>] [-S <protectionScheme>] [-k <keyhex>] [-e <keyhex>] [-H <protectionScheme>] [-p <password>] [-w <password>] [-r] [-m] [-x] [-s
       <password|keyhex>] [-A <algorithm>] [-P <algorithm>] [-c]

This tool reads from a nifi.properties and/or login-identity-providers.xml file with plain sensitive configuration values, prompts the user for a root key, and
encrypts each value. It will replace the plain value with the protected value in the same file (or write to a new file if specified). It can also be used to
migrate already-encrypted values in those files or in flow.xml.gz to be encrypted with a new key.

 -h,--help                                     Show usage information (this message)
 -v,--verbose                                  Sets verbose mode (default false)
 -n,--niFiProperties <file>                    The nifi.properties file containing unprotected config values (will be overwritten unless -o is specified)
 -o,--outputNiFiProperties <file>              The destination nifi.properties file containing protected config values (will not modify input nifi.properties)
 -l,--loginIdentityProviders <file>            The login-identity-providers.xml file containing unprotected config values (will be overwritten unless -i is
                                               specified)
 -i,--outputLoginIdentityProviders <file>      The destination login-identity-providers.xml file containing protected config values (will not modify input
                                               login-identity-providers.xml)
 -a,--authorizers <file>                       The authorizers.xml file containing unprotected config values (will be overwritten unless -u is specified)
 -u,--outputAuthorizers <file>                 The destination authorizers.xml file containing protected config values (will not modify input authorizers.xml)
 -f,--flowXml <file>                           The flow.xml.gz file currently protected with old password (will be overwritten unless -g is specified)
 -g,--outputFlowXml <file>                     The destination flow.xml.gz file containing protected config values (will not modify input flow.xml.gz)
 -b,--bootstrapConf <file>                     The bootstrap.conf file to persist root key and to optionally provide any configuration for the protection
                                               scheme.
 -S,--protectionScheme <protectionScheme>      Selects the protection scheme for encrypted properties.  Valid values are: [AES_GCM, AWS_SECRETSMANAGER, AWS_KMS,
                                               AZURE_KEYVAULT_KEY, AZURE_KEYVAULT_SECRET, GCP_KMS, HASHICORP_VAULT_KV, HASHICORP_VAULT_TRANSIT] (default is
                                               AES_GCM)
 -k,--key <keyhex>                             The raw hexadecimal key to use to encrypt the sensitive properties
 -e,--oldKey <keyhex>                          The old raw hexadecimal key to use during key migration
 -H,--oldProtectionScheme <protectionScheme>   The old protection scheme to use during encryption migration (see --protectionScheme for possible values).
                                               Default is AES_GCM
 -p,--password <password>                      The password from which to derive the key to use to encrypt the sensitive properties
 -w,--oldPassword <password>                   The old password from which to derive the key during migration
 -r,--useRawKey                                If provided, the secure console will prompt for the raw key value in hexadecimal form
 -m,--migrate                                  If provided, the nifi.properties and/or login-identity-providers.xml sensitive properties will be re-encrypted
                                               with the new scheme
 -x,--encryptFlowXmlOnly                       If provided, the properties in flow.xml.gz will be re-encrypted with a new key but the nifi.properties and/or
                                               login-identity-providers.xml files will not be modified
 -s,--propsKey <password|keyhex>               The password or key to use to encrypt the sensitive processor properties in flow.xml.gz
 -A,--newFlowAlgorithm <algorithm>             The algorithm to use to encrypt the sensitive processor properties in flow.xml.gz
 -P,--newFlowProvider <algorithm>              The security provider to use to encrypt the sensitive processor properties in flow.xml.gz
 -c,--translateCli                             Translates the nifi.properties file to a format suitable for the NiFi CLI tool

Java home: null
NiFi Toolkit home: null
Error parsing command line. (Missing argument for option: l)

usage: org.apache.nifi.properties.ConfigEncryptionTool [-h] [-v] [-n <file>] [-o <file>] [-l <file>] [-i <file>] [-a <file>] [-u <file>] [-f <file>] [-g <file>]
       [-b <file>] [-S <protectionScheme>] [-k <keyhex>] [-e <keyhex>] [-H <protectionScheme>] [-p <password>] [-w <password>] [-r] [-m] [-x] [-s
       <password|keyhex>] [-A <algorithm>] [-P <algorithm>] [-c]

This tool reads from a nifi.properties and/or login-identity-providers.xml file with plain sensitive configuration values, prompts the user for a root key, and
encrypts each value. It will replace the plain value with the protected value in the same file (or write to a new file if specified). It can also be used to
migrate already-encrypted values in those files or in flow.xml.gz to be encrypted with a new key.

 -h,--help                                     Show usage information (this message)
 -v,--verbose                                  Sets verbose mode (default false)
 -n,--niFiProperties <file>                    The nifi.properties file containing unprotected config values (will be overwritten unless -o is specified)
 -o,--outputNiFiProperties <file>              The destination nifi.properties file containing protected config values (will not modify input nifi.properties)
 -l,--loginIdentityProviders <file>            The login-identity-providers.xml file containing unprotected config values (will be overwritten unless -i is
                                               specified)
 -i,--outputLoginIdentityProviders <file>      The destination login-identity-providers.xml file containing protected config values (will not modify input
                                               login-identity-providers.xml)
 -a,--authorizers <file>                       The authorizers.xml file containing unprotected config values (will be overwritten unless -u is specified)
 -u,--outputAuthorizers <file>                 The destination authorizers.xml file containing protected config values (will not modify input authorizers.xml)
 -f,--flowXml <file>                           The flow.xml.gz file currently protected with old password (will be overwritten unless -g is specified)
 -g,--outputFlowXml <file>                     The destination flow.xml.gz file containing protected config values (will not modify input flow.xml.gz)
 -b,--bootstrapConf <file>                     The bootstrap.conf file to persist root key and to optionally provide any configuration for the protection
                                               scheme.
 -S,--protectionScheme <protectionScheme>      Selects the protection scheme for encrypted properties.  Valid values are: [AES_GCM, AWS_SECRETSMANAGER, AWS_KMS,
                                               AZURE_KEYVAULT_KEY, AZURE_KEYVAULT_SECRET, GCP_KMS, HASHICORP_VAULT_KV, HASHICORP_VAULT_TRANSIT] (default is
                                               AES_GCM)
 -k,--key <keyhex>                             The raw hexadecimal key to use to encrypt the sensitive properties
 -e,--oldKey <keyhex>                          The old raw hexadecimal key to use during key migration
 -H,--oldProtectionScheme <protectionScheme>   The old protection scheme to use during encryption migration (see --protectionScheme for possible values).
                                               Default is AES_GCM
 -p,--password <password>                      The password from which to derive the key to use to encrypt the sensitive properties
 -w,--oldPassword <password>                   The old password from which to derive the key during migration
 -r,--useRawKey                                If provided, the secure console will prompt for the raw key value in hexadecimal form
 -m,--migrate                                  If provided, the nifi.properties and/or login-identity-providers.xml sensitive properties will be re-encrypted
                                               with the new scheme
 -x,--encryptFlowXmlOnly                       If provided, the properties in flow.xml.gz will be re-encrypted with a new key but the nifi.properties and/or
                                               login-identity-providers.xml files will not be modified
 -s,--propsKey <password|keyhex>               The password or key to use to encrypt the sensitive processor properties in flow.xml.gz
 -A,--newFlowAlgorithm <algorithm>             The algorithm to use to encrypt the sensitive processor properties in flow.xml.gz
 -P,--newFlowProvider <algorithm>              The security provider to use to encrypt the sensitive processor properties in flow.xml.gz
 -c,--translateCli                             Translates the nifi.properties file to a format suitable for the NiFi CLI tool

Java home: null
NiFi Toolkit home: null
Error parsing command line. (Missing argument for option: a)

usage: org.apache.nifi.properties.ConfigEncryptionTool [-h] [-v] [-n <file>] [-o <file>] [-l <file>] [-i <file>] [-a <file>] [-u <file>] [-f <file>] [-g <file>]
       [-b <file>] [-S <protectionScheme>] [-k <keyhex>] [-e <keyhex>] [-H <protectionScheme>] [-p <password>] [-w <password>] [-r] [-m] [-x] [-s
       <password|keyhex>] [-A <algorithm>] [-P <algorithm>] [-c]

This tool reads from a nifi.properties and/or login-identity-providers.xml file with plain sensitive configuration values, prompts the user for a root key, and
encrypts each value. It will replace the plain value with the protected value in the same file (or write to a new file if specified). It can also be used to
migrate already-encrypted values in those files or in flow.xml.gz to be encrypted with a new key.

 -h,--help                                     Show usage information (this message)
 -v,--verbose                                  Sets verbose mode (default false)
 -n,--niFiProperties <file>                    The nifi.properties file containing unprotected config values (will be overwritten unless -o is specified)
 -o,--outputNiFiProperties <file>              The destination nifi.properties file containing protected config values (will not modify input nifi.properties)
 -l,--loginIdentityProviders <file>            The login-identity-providers.xml file containing unprotected config values (will be overwritten unless -i is
                                               specified)
 -i,--outputLoginIdentityProviders <file>      The destination login-identity-providers.xml file containing protected config values (will not modify input
                                               login-identity-providers.xml)
 -a,--authorizers <file>                       The authorizers.xml file containing unprotected config values (will be overwritten unless -u is specified)
 -u,--outputAuthorizers <file>                 The destination authorizers.xml file containing protected config values (will not modify input authorizers.xml)
 -f,--flowXml <file>                           The flow.xml.gz file currently protected with old password (will be overwritten unless -g is specified)
 -g,--outputFlowXml <file>                     The destination flow.xml.gz file containing protected config values (will not modify input flow.xml.gz)
 -b,--bootstrapConf <file>                     The bootstrap.conf file to persist root key and to optionally provide any configuration for the protection
                                               scheme.
 -S,--protectionScheme <protectionScheme>      Selects the protection scheme for encrypted properties.  Valid values are: [AES_GCM, AWS_SECRETSMANAGER, AWS_KMS,
                                               AZURE_KEYVAULT_KEY, AZURE_KEYVAULT_SECRET, GCP_KMS, HASHICORP_VAULT_KV, HASHICORP_VAULT_TRANSIT] (default is
                                               AES_GCM)
 -k,--key <keyhex>                             The raw hexadecimal key to use to encrypt the sensitive properties
 -e,--oldKey <keyhex>                          The old raw hexadecimal key to use during key migration
 -H,--oldProtectionScheme <protectionScheme>   The old protection scheme to use during encryption migration (see --protectionScheme for possible values).
                                               Default is AES_GCM
 -p,--password <password>                      The password from which to derive the key to use to encrypt the sensitive properties
 -w,--oldPassword <password>                   The old password from which to derive the key during migration
 -r,--useRawKey                                If provided, the secure console will prompt for the raw key value in hexadecimal form
 -m,--migrate                                  If provided, the nifi.properties and/or login-identity-providers.xml sensitive properties will be re-encrypted
                                               with the new scheme
 -x,--encryptFlowXmlOnly                       If provided, the properties in flow.xml.gz will be re-encrypted with a new key but the nifi.properties and/or
                                               login-identity-providers.xml files will not be modified
 -s,--propsKey <password|keyhex>               The password or key to use to encrypt the sensitive processor properties in flow.xml.gz
 -A,--newFlowAlgorithm <algorithm>             The algorithm to use to encrypt the sensitive processor properties in flow.xml.gz
 -P,--newFlowProvider <algorithm>              The security provider to use to encrypt the sensitive processor properties in flow.xml.gz
 -c,--translateCli                             Translates the nifi.properties file to a format suitable for the NiFi CLI tool

Java home: null
NiFi Toolkit home: null
One or more of ['-n'/'--niFiProperties', '-l'/'--loginIdentityProviders', '-a'/'--authorizers'] must be provided unless '-x'/--'encryptFlowXmlOnly' is specified

usage: org.apache.nifi.properties.ConfigEncryptionTool [-h] [-v] [-n <file>] [-o <file>] [-l <file>] [-i <file>] [-a <file>] [-u <file>] [-f <file>] [-g <file>]
       [-b <file>] [-S <protectionScheme>] [-k <keyhex>] [-e <keyhex>] [-H <protectionScheme>] [-p <password>] [-w <password>] [-r] [-m] [-x] [-s
       <password|keyhex>] [-A <algorithm>] [-P <algorithm>] [-c]

This tool reads from a nifi.properties and/or login-identity-providers.xml file with plain sensitive configuration values, prompts the user for a root key, and
encrypts each value. It will replace the plain value with the protected value in the same file (or write to a new file if specified). It can also be used to
migrate already-encrypted values in those files or in flow.xml.gz to be encrypted with a new key.

 -h,--help                                     Show usage information (this message)
 -v,--verbose                                  Sets verbose mode (default false)
 -n,--niFiProperties <file>                    The nifi.properties file containing unprotected config values (will be overwritten unless -o is specified)
 -o,--outputNiFiProperties <file>              The destination nifi.properties file containing protected config values (will not modify input nifi.properties)
 -l,--loginIdentityProviders <file>            The login-identity-providers.xml file containing unprotected config values (will be overwritten unless -i is
                                               specified)
 -i,--outputLoginIdentityProviders <file>      The destination login-identity-providers.xml file containing protected config values (will not modify input
                                               login-identity-providers.xml)
 -a,--authorizers <file>                       The authorizers.xml file containing unprotected config values (will be overwritten unless -u is specified)
 -u,--outputAuthorizers <file>                 The destination authorizers.xml file containing protected config values (will not modify input authorizers.xml)
 -f,--flowXml <file>                           The flow.xml.gz file currently protected with old password (will be overwritten unless -g is specified)
 -g,--outputFlowXml <file>                     The destination flow.xml.gz file containing protected config values (will not modify input flow.xml.gz)
 -b,--bootstrapConf <file>                     The bootstrap.conf file to persist root key and to optionally provide any configuration for the protection
                                               scheme.
 -S,--protectionScheme <protectionScheme>      Selects the protection scheme for encrypted properties.  Valid values are: [AES_GCM, AWS_SECRETSMANAGER, AWS_KMS,
                                               AZURE_KEYVAULT_KEY, AZURE_KEYVAULT_SECRET, GCP_KMS, HASHICORP_VAULT_KV, HASHICORP_VAULT_TRANSIT] (default is
                                               AES_GCM)
 -k,--key <keyhex>                             The raw hexadecimal key to use to encrypt the sensitive properties
 -e,--oldKey <keyhex>                          The old raw hexadecimal key to use during key migration
 -H,--oldProtectionScheme <protectionScheme>   The old protection scheme to use during encryption migration (see --protectionScheme for possible values).
                                               Default is AES_GCM
 -p,--password <password>                      The password from which to derive the key to use to encrypt the sensitive properties
 -w,--oldPassword <password>                   The old password from which to derive the key during migration
 -r,--useRawKey                                If provided, the secure console will prompt for the raw key value in hexadecimal form
 -m,--migrate                                  If provided, the nifi.properties and/or login-identity-providers.xml sensitive properties will be re-encrypted
                                               with the new scheme
 -x,--encryptFlowXmlOnly                       If provided, the properties in flow.xml.gz will be re-encrypted with a new key but the nifi.properties and/or
                                               login-identity-providers.xml files will not be modified
 -s,--propsKey <password|keyhex>               The password or key to use to encrypt the sensitive processor properties in flow.xml.gz
 -A,--newFlowAlgorithm <algorithm>             The algorithm to use to encrypt the sensitive processor properties in flow.xml.gz
 -P,--newFlowProvider <algorithm>              The security provider to use to encrypt the sensitive processor properties in flow.xml.gz
 -c,--translateCli                             Translates the nifi.properties file to a format suitable for the NiFi CLI tool

Java home: null
NiFi Toolkit home: null
In order to migrate a flow.xml.gz, a nifi.properties file must also be specified via '-n'/'--niFiProperties'.

usage: org.apache.nifi.properties.ConfigEncryptionTool [-h] [-v] [-n <file>] [-o <file>] [-l <file>] [-i <file>] [-a <file>] [-u <file>] [-f <file>] [-g <file>]
       [-b <file>] [-S <protectionScheme>] [-k <keyhex>] [-e <keyhex>] [-H <protectionScheme>] [-p <password>] [-w <password>] [-r] [-m] [-x] [-s
       <password|keyhex>] [-A <algorithm>] [-P <algorithm>] [-c]

This tool reads from a nifi.properties and/or login-identity-providers.xml file with plain sensitive configuration values, prompts the user for a root key, and
encrypts each value. It will replace the plain value with the protected value in the same file (or write to a new file if specified). It can also be used to
migrate already-encrypted values in those files or in flow.xml.gz to be encrypted with a new key.

 -h,--help                                     Show usage information (this message)
 -v,--verbose                                  Sets verbose mode (default false)
 -n,--niFiProperties <file>                    The nifi.properties file containing unprotected config values (will be overwritten unless -o is specified)
 -o,--outputNiFiProperties <file>              The destination nifi.properties file containing protected config values (will not modify input nifi.properties)
 -l,--loginIdentityProviders <file>            The login-identity-providers.xml file containing unprotected config values (will be overwritten unless -i is
                                               specified)
 -i,--outputLoginIdentityProviders <file>      The destination login-identity-providers.xml file containing protected config values (will not modify input
                                               login-identity-providers.xml)
 -a,--authorizers <file>                       The authorizers.xml file containing unprotected config values (will be overwritten unless -u is specified)
 -u,--outputAuthorizers <file>                 The destination authorizers.xml file containing protected config values (will not modify input authorizers.xml)
 -f,--flowXml <file>                           The flow.xml.gz file currently protected with old password (will be overwritten unless -g is specified)
 -g,--outputFlowXml <file>                     The destination flow.xml.gz file containing protected config values (will not modify input flow.xml.gz)
 -b,--bootstrapConf <file>                     The bootstrap.conf file to persist root key and to optionally provide any configuration for the protection
                                               scheme.
 -S,--protectionScheme <protectionScheme>      Selects the protection scheme for encrypted properties.  Valid values are: [AES_GCM, AWS_SECRETSMANAGER, AWS_KMS,
                                               AZURE_KEYVAULT_KEY, AZURE_KEYVAULT_SECRET, GCP_KMS, HASHICORP_VAULT_KV, HASHICORP_VAULT_TRANSIT] (default is
                                               AES_GCM)
 -k,--key <keyhex>                             The raw hexadecimal key to use to encrypt the sensitive properties
 -e,--oldKey <keyhex>                          The old raw hexadecimal key to use during key migration
 -H,--oldProtectionScheme <protectionScheme>   The old protection scheme to use during encryption migration (see --protectionScheme for possible values).
                                               Default is AES_GCM
 -p,--password <password>                      The password from which to derive the key to use to encrypt the sensitive properties
 -w,--oldPassword <password>                   The old password from which to derive the key during migration
 -r,--useRawKey                                If provided, the secure console will prompt for the raw key value in hexadecimal form
 -m,--migrate                                  If provided, the nifi.properties and/or login-identity-providers.xml sensitive properties will be re-encrypted
                                               with the new scheme
 -x,--encryptFlowXmlOnly                       If provided, the properties in flow.xml.gz will be re-encrypted with a new key but the nifi.properties and/or
                                               login-identity-providers.xml files will not be modified
 -s,--propsKey <password|keyhex>               The password or key to use to encrypt the sensitive processor properties in flow.xml.gz
 -A,--newFlowAlgorithm <algorithm>             The algorithm to use to encrypt the sensitive processor properties in flow.xml.gz
 -P,--newFlowProvider <algorithm>              The security provider to use to encrypt the sensitive processor properties in flow.xml.gz
 -c,--translateCli                             Translates the nifi.properties file to a format suitable for the NiFi CLI tool

Java home: null
NiFi Toolkit home: null
]]></system-out>
    <system-err><![CDATA[[main] INFO org.apache.nifi.properties.ConfigEncryptionTool -        bootstrap.conf:               null
[main] INFO org.apache.nifi.properties.ConfigEncryptionTool - (src)  nifi.properties:              null
[main] INFO org.apache.nifi.properties.ConfigEncryptionTool - (dest) nifi.properties:              null
[main] INFO org.apache.nifi.properties.ConfigEncryptionTool - (src)  login-identity-providers.xml: null
[main] INFO org.apache.nifi.properties.ConfigEncryptionTool - (dest) login-identity-providers.xml: null
[main] INFO org.apache.nifi.properties.ConfigEncryptionTool - (src)  authorizers.xml:              null
[main] INFO org.apache.nifi.properties.ConfigEncryptionTool - (dest) authorizers.xml:              null
[main] INFO org.apache.nifi.properties.ConfigEncryptionTool - (src)  flow.xml.gz:                  target/tmp/tmp-flow.xml.gz
[main] INFO org.apache.nifi.properties.ConfigEncryptionTool - (dest) flow.xml.gz:                  null
[main] INFO org.apache.nifi.properties.ConfigEncryptionToolTest - [EXPECTED] One or more of ['-n'/'--niFiProperties', '-l'/'--loginIdentityProviders', '-a'/'--authorizers'] must be provided unless '-x'/--'encryptFlowXmlOnly' is specified
[main] INFO org.apache.nifi.properties.ConfigEncryptionTool -        bootstrap.conf:               null
[main] INFO org.apache.nifi.properties.ConfigEncryptionTool - (src)  nifi.properties:              null
[main] INFO org.apache.nifi.properties.ConfigEncryptionTool - (dest) nifi.properties:              null
[main] INFO org.apache.nifi.properties.ConfigEncryptionTool - (src)  login-identity-providers.xml: null
[main] INFO org.apache.nifi.properties.ConfigEncryptionTool - (dest) login-identity-providers.xml: null
[main] INFO org.apache.nifi.properties.ConfigEncryptionTool - (src)  authorizers.xml:              null
[main] INFO org.apache.nifi.properties.ConfigEncryptionTool - (dest) authorizers.xml:              null
[main] INFO org.apache.nifi.properties.ConfigEncryptionTool - (src)  flow.xml.gz:                  target/tmp/tmp-flow.xml.gz
[main] INFO org.apache.nifi.properties.ConfigEncryptionTool - (dest) flow.xml.gz:                  null
[main] INFO org.apache.nifi.properties.ConfigEncryptionToolTest - [EXPECTED] One or more of ['-n'/'--niFiProperties', '-l'/'--loginIdentityProviders', '-a'/'--authorizers'] must be provided unless '-x'/--'encryptFlowXmlOnly' is specified
[main] ERROR org.apache.nifi.properties.ConfigEncryptionTool - Encountered an error
org.apache.commons.cli.MissingArgumentException: Missing argument for option: n
	at org.apache.commons.cli.DefaultParser.checkRequiredArgs(DefaultParser.java:211)
	at org.apache.commons.cli.DefaultParser.parse(DefaultParser.java:125)
	at org.apache.commons.cli.DefaultParser.parse(DefaultParser.java:76)
	at org.apache.commons.cli.DefaultParser.parse(DefaultParser.java:60)
	at org.apache.commons.cli.CommandLineParser$parse.call(Unknown Source)
	at org.apache.nifi.properties.ConfigEncryptionTool.parse(ConfigEncryptionTool.groovy:295)
	at sun.reflect.GeneratedMethodAccessor87.invoke(Unknown Source)
	at sun.reflect.DelegatingMethodAccessorImpl.invoke(DelegatingMethodAccessorImpl.java:43)
	at java.lang.reflect.Method.invoke(Method.java:498)
	at org.codehaus.groovy.runtime.callsite.PlainObjectMetaMethodSite.doInvoke(PlainObjectMetaMethodSite.java:43)
	at org.codehaus.groovy.runtime.callsite.PogoMetaMethodSite$PogoCachedMethodSite.invoke(PogoMetaMethodSite.java:167)
	at org.codehaus.groovy.runtime.callsite.PogoMetaMethodSite.call(PogoMetaMethodSite.java:70)
	at org.codehaus.groovy.runtime.callsite.AbstractCallSite.call(AbstractCallSite.java:127)
	at org.apache.nifi.properties.ConfigEncryptionToolTest$_testParseShouldFailIfPropertiesAndProvidersMissing_closure14$_closure186.doCall(ConfigEncryptionToolTest.groovy:423)
	at org.apache.nifi.properties.ConfigEncryptionToolTest$_testParseShouldFailIfPropertiesAndProvidersMissing_closure14$_closure186.doCall(ConfigEncryptionToolTest.groovy)
	at sun.reflect.NativeMethodAccessorImpl.invoke0(Native Method)
	at sun.reflect.NativeMethodAccessorImpl.invoke(NativeMethodAccessorImpl.java:62)
	at sun.reflect.DelegatingMethodAccessorImpl.invoke(DelegatingMethodAccessorImpl.java:43)
	at java.lang.reflect.Method.invoke(Method.java:498)
	at org.codehaus.groovy.reflection.CachedMethod.invoke(CachedMethod.java:101)
	at groovy.lang.MetaMethod.doMethodInvoke(MetaMethod.java:323)
	at org.codehaus.groovy.runtime.metaclass.ClosureMetaClass.invokeMethod(ClosureMetaClass.java:263)
	at groovy.lang.MetaClassImpl.invokeMethod(MetaClassImpl.java:1041)
	at groovy.lang.Closure.call(Closure.java:405)
	at groovy.lang.Closure.call(Closure.java:399)
	at groovy.test.GroovyAssert.shouldFail(GroovyAssert.java:95)
	at groovy.util.GroovyTestCase.shouldFail(GroovyTestCase.java:209)
	at sun.reflect.NativeMethodAccessorImpl.invoke0(Native Method)
	at sun.reflect.NativeMethodAccessorImpl.invoke(NativeMethodAccessorImpl.java:62)
	at sun.reflect.DelegatingMethodAccessorImpl.invoke(DelegatingMethodAccessorImpl.java:43)
	at java.lang.reflect.Method.invoke(Method.java:498)
	at org.codehaus.groovy.reflection.CachedMethod.invoke(CachedMethod.java:101)
	at groovy.lang.MetaMethod.doMethodInvoke(MetaMethod.java:323)
	at org.codehaus.groovy.runtime.metaclass.ClosureMetaClass.invokeMethod(ClosureMetaClass.java:351)
	at org.codehaus.groovy.runtime.callsite.PogoMetaClassSite.callCurrent(PogoMetaClassSite.java:64)
	at org.codehaus.groovy.runtime.callsite.AbstractCallSite.callCurrent(AbstractCallSite.java:168)
	at org.apache.nifi.properties.ConfigEncryptionToolTest$_testParseShouldFailIfPropertiesAndProvidersMissing_closure14.doCall(ConfigEncryptionToolTest.groovy:422)
	at sun.reflect.NativeMethodAccessorImpl.invoke0(Native Method)
	at sun.reflect.NativeMethodAccessorImpl.invoke(NativeMethodAccessorImpl.java:62)
	at sun.reflect.DelegatingMethodAccessorImpl.invoke(DelegatingMethodAccessorImpl.java:43)
	at java.lang.reflect.Method.invoke(Method.java:498)
	at org.codehaus.groovy.reflection.CachedMethod.invoke(CachedMethod.java:101)
	at groovy.lang.MetaMethod.doMethodInvoke(MetaMethod.java:323)
	at org.codehaus.groovy.runtime.metaclass.ClosureMetaClass.invokeMethod(ClosureMetaClass.java:263)
	at groovy.lang.MetaClassImpl.invokeMethod(MetaClassImpl.java:1041)
	at groovy.lang.Closure.call(Closure.java:405)
	at groovy.lang.Closure.call(Closure.java:421)
	at org.codehaus.groovy.runtime.DefaultGroovyMethods.each(DefaultGroovyMethods.java:2330)
	at org.codehaus.groovy.runtime.DefaultGroovyMethods.each(DefaultGroovyMethods.java:2315)
	at org.codehaus.groovy.runtime.DefaultGroovyMethods.each(DefaultGroovyMethods.java:2356)
	at org.codehaus.groovy.runtime.dgm$186.invoke(Unknown Source)
	at org.codehaus.groovy.runtime.callsite.PojoMetaMethodSite$PojoMetaMethodSiteNoUnwrapNoCoerce.invoke(PojoMetaMethodSite.java:244)
	at org.codehaus.groovy.runtime.callsite.PojoMetaMethodSite.call(PojoMetaMethodSite.java:53)
	at org.codehaus.groovy.runtime.callsite.CallSiteArray.defaultCall(CallSiteArray.java:47)
	at org.codehaus.groovy.runtime.callsite.AbstractCallSite.call(AbstractCallSite.java:115)
	at org.codehaus.groovy.runtime.callsite.AbstractCallSite.call(AbstractCallSite.java:127)
	at org.apache.nifi.properties.ConfigEncryptionToolTest.testParseShouldFailIfPropertiesAndProvidersMissing(ConfigEncryptionToolTest.groovy:421)
	at sun.reflect.NativeMethodAccessorImpl.invoke0(Native Method)
	at sun.reflect.NativeMethodAccessorImpl.invoke(NativeMethodAccessorImpl.java:62)
	at sun.reflect.DelegatingMethodAccessorImpl.invoke(DelegatingMethodAccessorImpl.java:43)
	at java.lang.reflect.Method.invoke(Method.java:498)
	at org.junit.runners.model.FrameworkMethod$1.runReflectiveCall(FrameworkMethod.java:59)
	at org.junit.internal.runners.model.ReflectiveCallable.run(ReflectiveCallable.java:12)
	at org.junit.runners.model.FrameworkMethod.invokeExplosively(FrameworkMethod.java:56)
	at org.junit.internal.runners.statements.InvokeMethod.evaluate(InvokeMethod.java:17)
	at org.junit.internal.runners.statements.RunAfters.evaluate(RunAfters.java:27)
	at org.junit.contrib.java.lang.system.ExpectedSystemExit$1.evaluate(ExpectedSystemExit.java:130)
	at org.junit.rules.ExternalResource$1.evaluate(ExternalResource.java:54)
	at org.junit.contrib.java.lang.system.internal.LogPrintStream$1$1.evaluate(LogPrintStream.java:30)
	at org.junit.contrib.java.lang.system.internal.PrintStreamHandler$3.evaluate(PrintStreamHandler.java:48)
	at org.junit.contrib.java.lang.system.internal.LogPrintStream$1.evaluate(LogPrintStream.java:26)
	at org.junit.contrib.java.lang.system.internal.LogPrintStream$1$1.evaluate(LogPrintStream.java:30)
	at org.junit.contrib.java.lang.system.internal.PrintStreamHandler$3.evaluate(PrintStreamHandler.java:48)
	at org.junit.contrib.java.lang.system.internal.LogPrintStream$1.evaluate(LogPrintStream.java:26)
	at org.junit.runners.ParentRunner$3.evaluate(ParentRunner.java:306)
	at org.junit.runners.BlockJUnit4ClassRunner$1.evaluate(BlockJUnit4ClassRunner.java:100)
	at org.junit.runners.ParentRunner.runLeaf(ParentRunner.java:366)
	at org.junit.runners.BlockJUnit4ClassRunner.runChild(BlockJUnit4ClassRunner.java:103)
	at org.junit.runners.BlockJUnit4ClassRunner.runChild(BlockJUnit4ClassRunner.java:63)
	at org.junit.runners.ParentRunner$4.run(ParentRunner.java:331)
	at org.junit.runners.ParentRunner$1.schedule(ParentRunner.java:79)
	at org.junit.runners.ParentRunner.runChildren(ParentRunner.java:329)
	at org.junit.runners.ParentRunner.access$100(ParentRunner.java:66)
	at org.junit.runners.ParentRunner$2.evaluate(ParentRunner.java:293)
	at org.junit.internal.runners.statements.RunBefores.evaluate(RunBefores.java:26)
	at org.junit.internal.runners.statements.RunAfters.evaluate(RunAfters.java:27)
	at org.junit.runners.ParentRunner$3.evaluate(ParentRunner.java:306)
	at org.junit.runners.ParentRunner.run(ParentRunner.java:413)
	at org.junit.runner.JUnitCore.run(JUnitCore.java:137)
	at org.junit.runner.JUnitCore.run(JUnitCore.java:115)
	at org.junit.vintage.engine.execution.RunnerExecutor.execute(RunnerExecutor.java:43)
	at java.util.stream.ForEachOps$ForEachOp$OfRef.accept(ForEachOps.java:183)
	at java.util.stream.ReferencePipeline$3$1.accept(ReferencePipeline.java:193)
	at java.util.Iterator.forEachRemaining(Iterator.java:116)
	at java.util.Spliterators$IteratorSpliterator.forEachRemaining(Spliterators.java:1801)
	at java.util.stream.AbstractPipeline.copyInto(AbstractPipeline.java:482)
	at java.util.stream.AbstractPipeline.wrapAndCopyInto(AbstractPipeline.java:472)
	at java.util.stream.ForEachOps$ForEachOp.evaluateSequential(ForEachOps.java:150)
	at java.util.stream.ForEachOps$ForEachOp$OfRef.evaluateSequential(ForEachOps.java:173)
	at java.util.stream.AbstractPipeline.evaluate(AbstractPipeline.java:234)
	at java.util.stream.ReferencePipeline.forEach(ReferencePipeline.java:485)
	at org.junit.vintage.engine.VintageTestEngine.executeAllChildren(VintageTestEngine.java:82)
	at org.junit.vintage.engine.VintageTestEngine.execute(VintageTestEngine.java:73)
	at org.junit.platform.launcher.core.EngineExecutionOrchestrator.execute(EngineExecutionOrchestrator.java:108)
	at org.junit.platform.launcher.core.EngineExecutionOrchestrator.execute(EngineExecutionOrchestrator.java:88)
	at org.junit.platform.launcher.core.EngineExecutionOrchestrator.lambda$execute$0(EngineExecutionOrchestrator.java:54)
	at org.junit.platform.launcher.core.EngineExecutionOrchestrator.withInterceptedStreams(EngineExecutionOrchestrator.java:67)
	at org.junit.platform.launcher.core.EngineExecutionOrchestrator.execute(EngineExecutionOrchestrator.java:52)
	at org.junit.platform.launcher.core.DefaultLauncher.execute(DefaultLauncher.java:96)
	at org.junit.platform.launcher.core.DefaultLauncher.execute(DefaultLauncher.java:75)
	at org.apache.maven.surefire.junitplatform.JUnitPlatformProvider.execute(JUnitPlatformProvider.java:188)
	at org.apache.maven.surefire.junitplatform.JUnitPlatformProvider.invokeAllTests(JUnitPlatformProvider.java:154)
	at org.apache.maven.surefire.junitplatform.JUnitPlatformProvider.invoke(JUnitPlatformProvider.java:128)
	at org.apache.maven.surefire.booter.ForkedBooter.runSuitesInProcess(ForkedBooter.java:428)
	at org.apache.maven.surefire.booter.ForkedBooter.execute(ForkedBooter.java:162)
	at org.apache.maven.surefire.booter.ForkedBooter.run(ForkedBooter.java:562)
	at org.apache.maven.surefire.booter.ForkedBooter.main(ForkedBooter.java:548)
[main] INFO org.apache.nifi.properties.ConfigEncryptionToolTest - [EXPECTED] Error parsing command line. (Missing argument for option: n)
[main] ERROR org.apache.nifi.properties.ConfigEncryptionTool - Encountered an error
org.apache.commons.cli.MissingArgumentException: Missing argument for option: l
	at org.apache.commons.cli.DefaultParser.checkRequiredArgs(DefaultParser.java:211)
	at org.apache.commons.cli.DefaultParser.parse(DefaultParser.java:125)
	at org.apache.commons.cli.DefaultParser.parse(DefaultParser.java:76)
	at org.apache.commons.cli.DefaultParser.parse(DefaultParser.java:60)
	at org.apache.commons.cli.CommandLineParser$parse.call(Unknown Source)
	at org.apache.nifi.properties.ConfigEncryptionTool.parse(ConfigEncryptionTool.groovy:295)
	at sun.reflect.GeneratedMethodAccessor87.invoke(Unknown Source)
	at sun.reflect.DelegatingMethodAccessorImpl.invoke(DelegatingMethodAccessorImpl.java:43)
	at java.lang.reflect.Method.invoke(Method.java:498)
	at org.codehaus.groovy.runtime.callsite.PlainObjectMetaMethodSite.doInvoke(PlainObjectMetaMethodSite.java:43)
	at org.codehaus.groovy.runtime.callsite.PogoMetaMethodSite$PogoCachedMethodSite.invoke(PogoMetaMethodSite.java:167)
	at org.codehaus.groovy.runtime.callsite.PogoMetaMethodSite.call(PogoMetaMethodSite.java:70)
	at org.codehaus.groovy.runtime.callsite.AbstractCallSite.call(AbstractCallSite.java:127)
	at org.apache.nifi.properties.ConfigEncryptionToolTest$_testParseShouldFailIfPropertiesAndProvidersMissing_closure14$_closure186.doCall(ConfigEncryptionToolTest.groovy:423)
	at org.apache.nifi.properties.ConfigEncryptionToolTest$_testParseShouldFailIfPropertiesAndProvidersMissing_closure14$_closure186.doCall(ConfigEncryptionToolTest.groovy)
	at sun.reflect.NativeMethodAccessorImpl.invoke0(Native Method)
	at sun.reflect.NativeMethodAccessorImpl.invoke(NativeMethodAccessorImpl.java:62)
	at sun.reflect.DelegatingMethodAccessorImpl.invoke(DelegatingMethodAccessorImpl.java:43)
	at java.lang.reflect.Method.invoke(Method.java:498)
	at org.codehaus.groovy.reflection.CachedMethod.invoke(CachedMethod.java:101)
	at groovy.lang.MetaMethod.doMethodInvoke(MetaMethod.java:323)
	at org.codehaus.groovy.runtime.metaclass.ClosureMetaClass.invokeMethod(ClosureMetaClass.java:263)
	at groovy.lang.MetaClassImpl.invokeMethod(MetaClassImpl.java:1041)
	at groovy.lang.Closure.call(Closure.java:405)
	at groovy.lang.Closure.call(Closure.java:399)
	at groovy.test.GroovyAssert.shouldFail(GroovyAssert.java:95)
	at groovy.util.GroovyTestCase.shouldFail(GroovyTestCase.java:209)
	at sun.reflect.NativeMethodAccessorImpl.invoke0(Native Method)
	at sun.reflect.NativeMethodAccessorImpl.invoke(NativeMethodAccessorImpl.java:62)
	at sun.reflect.DelegatingMethodAccessorImpl.invoke(DelegatingMethodAccessorImpl.java:43)
	at java.lang.reflect.Method.invoke(Method.java:498)
	at org.codehaus.groovy.reflection.CachedMethod.invoke(CachedMethod.java:101)
	at groovy.lang.MetaMethod.doMethodInvoke(MetaMethod.java:323)
	at org.codehaus.groovy.runtime.metaclass.ClosureMetaClass.invokeMethod(ClosureMetaClass.java:351)
	at org.codehaus.groovy.runtime.callsite.PogoMetaClassSite.callCurrent(PogoMetaClassSite.java:64)
	at org.codehaus.groovy.runtime.callsite.AbstractCallSite.callCurrent(AbstractCallSite.java:168)
	at org.apache.nifi.properties.ConfigEncryptionToolTest$_testParseShouldFailIfPropertiesAndProvidersMissing_closure14.doCall(ConfigEncryptionToolTest.groovy:422)
	at sun.reflect.NativeMethodAccessorImpl.invoke0(Native Method)
	at sun.reflect.NativeMethodAccessorImpl.invoke(NativeMethodAccessorImpl.java:62)
	at sun.reflect.DelegatingMethodAccessorImpl.invoke(DelegatingMethodAccessorImpl.java:43)
	at java.lang.reflect.Method.invoke(Method.java:498)
	at org.codehaus.groovy.reflection.CachedMethod.invoke(CachedMethod.java:101)
	at groovy.lang.MetaMethod.doMethodInvoke(MetaMethod.java:323)
	at org.codehaus.groovy.runtime.metaclass.ClosureMetaClass.invokeMethod(ClosureMetaClass.java:263)
	at groovy.lang.MetaClassImpl.invokeMethod(MetaClassImpl.java:1041)
	at groovy.lang.Closure.call(Closure.java:405)
	at groovy.lang.Closure.call(Closure.java:421)
	at org.codehaus.groovy.runtime.DefaultGroovyMethods.each(DefaultGroovyMethods.java:2330)
	at org.codehaus.groovy.runtime.DefaultGroovyMethods.each(DefaultGroovyMethods.java:2315)
	at org.codehaus.groovy.runtime.DefaultGroovyMethods.each(DefaultGroovyMethods.java:2356)
	at org.codehaus.groovy.runtime.dgm$186.invoke(Unknown Source)
	at org.codehaus.groovy.runtime.callsite.PojoMetaMethodSite$PojoMetaMethodSiteNoUnwrapNoCoerce.invoke(PojoMetaMethodSite.java:244)
	at org.codehaus.groovy.runtime.callsite.PojoMetaMethodSite.call(PojoMetaMethodSite.java:53)
	at org.codehaus.groovy.runtime.callsite.CallSiteArray.defaultCall(CallSiteArray.java:47)
	at org.codehaus.groovy.runtime.callsite.AbstractCallSite.call(AbstractCallSite.java:115)
	at org.codehaus.groovy.runtime.callsite.AbstractCallSite.call(AbstractCallSite.java:127)
	at org.apache.nifi.properties.ConfigEncryptionToolTest.testParseShouldFailIfPropertiesAndProvidersMissing(ConfigEncryptionToolTest.groovy:421)
	at sun.reflect.NativeMethodAccessorImpl.invoke0(Native Method)
	at sun.reflect.NativeMethodAccessorImpl.invoke(NativeMethodAccessorImpl.java:62)
	at sun.reflect.DelegatingMethodAccessorImpl.invoke(DelegatingMethodAccessorImpl.java:43)
	at java.lang.reflect.Method.invoke(Method.java:498)
	at org.junit.runners.model.FrameworkMethod$1.runReflectiveCall(FrameworkMethod.java:59)
	at org.junit.internal.runners.model.ReflectiveCallable.run(ReflectiveCallable.java:12)
	at org.junit.runners.model.FrameworkMethod.invokeExplosively(FrameworkMethod.java:56)
	at org.junit.internal.runners.statements.InvokeMethod.evaluate(InvokeMethod.java:17)
	at org.junit.internal.runners.statements.RunAfters.evaluate(RunAfters.java:27)
	at org.junit.contrib.java.lang.system.ExpectedSystemExit$1.evaluate(ExpectedSystemExit.java:130)
	at org.junit.rules.ExternalResource$1.evaluate(ExternalResource.java:54)
	at org.junit.contrib.java.lang.system.internal.LogPrintStream$1$1.evaluate(LogPrintStream.java:30)
	at org.junit.contrib.java.lang.system.internal.PrintStreamHandler$3.evaluate(PrintStreamHandler.java:48)
	at org.junit.contrib.java.lang.system.internal.LogPrintStream$1.evaluate(LogPrintStream.java:26)
	at org.junit.contrib.java.lang.system.internal.LogPrintStream$1$1.evaluate(LogPrintStream.java:30)
	at org.junit.contrib.java.lang.system.internal.PrintStreamHandler$3.evaluate(PrintStreamHandler.java:48)
	at org.junit.contrib.java.lang.system.internal.LogPrintStream$1.evaluate(LogPrintStream.java:26)
	at org.junit.runners.ParentRunner$3.evaluate(ParentRunner.java:306)
	at org.junit.runners.BlockJUnit4ClassRunner$1.evaluate(BlockJUnit4ClassRunner.java:100)
	at org.junit.runners.ParentRunner.runLeaf(ParentRunner.java:366)
	at org.junit.runners.BlockJUnit4ClassRunner.runChild(BlockJUnit4ClassRunner.java:103)
	at org.junit.runners.BlockJUnit4ClassRunner.runChild(BlockJUnit4ClassRunner.java:63)
	at org.junit.runners.ParentRunner$4.run(ParentRunner.java:331)
	at org.junit.runners.ParentRunner$1.schedule(ParentRunner.java:79)
	at org.junit.runners.ParentRunner.runChildren(ParentRunner.java:329)
	at org.junit.runners.ParentRunner.access$100(ParentRunner.java:66)
	at org.junit.runners.ParentRunner$2.evaluate(ParentRunner.java:293)
	at org.junit.internal.runners.statements.RunBefores.evaluate(RunBefores.java:26)
	at org.junit.internal.runners.statements.RunAfters.evaluate(RunAfters.java:27)
	at org.junit.runners.ParentRunner$3.evaluate(ParentRunner.java:306)
	at org.junit.runners.ParentRunner.run(ParentRunner.java:413)
	at org.junit.runner.JUnitCore.run(JUnitCore.java:137)
	at org.junit.runner.JUnitCore.run(JUnitCore.java:115)
	at org.junit.vintage.engine.execution.RunnerExecutor.execute(RunnerExecutor.java:43)
	at java.util.stream.ForEachOps$ForEachOp$OfRef.accept(ForEachOps.java:183)
	at java.util.stream.ReferencePipeline$3$1.accept(ReferencePipeline.java:193)
	at java.util.Iterator.forEachRemaining(Iterator.java:116)
	at java.util.Spliterators$IteratorSpliterator.forEachRemaining(Spliterators.java:1801)
	at java.util.stream.AbstractPipeline.copyInto(AbstractPipeline.java:482)
	at java.util.stream.AbstractPipeline.wrapAndCopyInto(AbstractPipeline.java:472)
	at java.util.stream.ForEachOps$ForEachOp.evaluateSequential(ForEachOps.java:150)
	at java.util.stream.ForEachOps$ForEachOp$OfRef.evaluateSequential(ForEachOps.java:173)
	at java.util.stream.AbstractPipeline.evaluate(AbstractPipeline.java:234)
	at java.util.stream.ReferencePipeline.forEach(ReferencePipeline.java:485)
	at org.junit.vintage.engine.VintageTestEngine.executeAllChildren(VintageTestEngine.java:82)
	at org.junit.vintage.engine.VintageTestEngine.execute(VintageTestEngine.java:73)
	at org.junit.platform.launcher.core.EngineExecutionOrchestrator.execute(EngineExecutionOrchestrator.java:108)
	at org.junit.platform.launcher.core.EngineExecutionOrchestrator.execute(EngineExecutionOrchestrator.java:88)
	at org.junit.platform.launcher.core.EngineExecutionOrchestrator.lambda$execute$0(EngineExecutionOrchestrator.java:54)
	at org.junit.platform.launcher.core.EngineExecutionOrchestrator.withInterceptedStreams(EngineExecutionOrchestrator.java:67)
	at org.junit.platform.launcher.core.EngineExecutionOrchestrator.execute(EngineExecutionOrchestrator.java:52)
	at org.junit.platform.launcher.core.DefaultLauncher.execute(DefaultLauncher.java:96)
	at org.junit.platform.launcher.core.DefaultLauncher.execute(DefaultLauncher.java:75)
	at org.apache.maven.surefire.junitplatform.JUnitPlatformProvider.execute(JUnitPlatformProvider.java:188)
	at org.apache.maven.surefire.junitplatform.JUnitPlatformProvider.invokeAllTests(JUnitPlatformProvider.java:154)
	at org.apache.maven.surefire.junitplatform.JUnitPlatformProvider.invoke(JUnitPlatformProvider.java:128)
	at org.apache.maven.surefire.booter.ForkedBooter.runSuitesInProcess(ForkedBooter.java:428)
	at org.apache.maven.surefire.booter.ForkedBooter.execute(ForkedBooter.java:162)
	at org.apache.maven.surefire.booter.ForkedBooter.run(ForkedBooter.java:562)
	at org.apache.maven.surefire.booter.ForkedBooter.main(ForkedBooter.java:548)
[main] INFO org.apache.nifi.properties.ConfigEncryptionToolTest - [EXPECTED] Error parsing command line. (Missing argument for option: l)
[main] ERROR org.apache.nifi.properties.ConfigEncryptionTool - Encountered an error
org.apache.commons.cli.MissingArgumentException: Missing argument for option: a
	at org.apache.commons.cli.DefaultParser.checkRequiredArgs(DefaultParser.java:211)
	at org.apache.commons.cli.DefaultParser.parse(DefaultParser.java:125)
	at org.apache.commons.cli.DefaultParser.parse(DefaultParser.java:76)
	at org.apache.commons.cli.DefaultParser.parse(DefaultParser.java:60)
	at org.apache.commons.cli.CommandLineParser$parse.call(Unknown Source)
	at org.apache.nifi.properties.ConfigEncryptionTool.parse(ConfigEncryptionTool.groovy:295)
	at sun.reflect.GeneratedMethodAccessor87.invoke(Unknown Source)
	at sun.reflect.DelegatingMethodAccessorImpl.invoke(DelegatingMethodAccessorImpl.java:43)
	at java.lang.reflect.Method.invoke(Method.java:498)
	at org.codehaus.groovy.runtime.callsite.PlainObjectMetaMethodSite.doInvoke(PlainObjectMetaMethodSite.java:43)
	at org.codehaus.groovy.runtime.callsite.PogoMetaMethodSite$PogoCachedMethodSite.invoke(PogoMetaMethodSite.java:167)
	at org.codehaus.groovy.runtime.callsite.PogoMetaMethodSite.call(PogoMetaMethodSite.java:70)
	at org.codehaus.groovy.runtime.callsite.AbstractCallSite.call(AbstractCallSite.java:127)
	at org.apache.nifi.properties.ConfigEncryptionToolTest$_testParseShouldFailIfPropertiesAndProvidersMissing_closure14$_closure186.doCall(ConfigEncryptionToolTest.groovy:423)
	at org.apache.nifi.properties.ConfigEncryptionToolTest$_testParseShouldFailIfPropertiesAndProvidersMissing_closure14$_closure186.doCall(ConfigEncryptionToolTest.groovy)
	at sun.reflect.NativeMethodAccessorImpl.invoke0(Native Method)
	at sun.reflect.NativeMethodAccessorImpl.invoke(NativeMethodAccessorImpl.java:62)
	at sun.reflect.DelegatingMethodAccessorImpl.invoke(DelegatingMethodAccessorImpl.java:43)
	at java.lang.reflect.Method.invoke(Method.java:498)
	at org.codehaus.groovy.reflection.CachedMethod.invoke(CachedMethod.java:101)
	at groovy.lang.MetaMethod.doMethodInvoke(MetaMethod.java:323)
	at org.codehaus.groovy.runtime.metaclass.ClosureMetaClass.invokeMethod(ClosureMetaClass.java:263)
	at groovy.lang.MetaClassImpl.invokeMethod(MetaClassImpl.java:1041)
	at groovy.lang.Closure.call(Closure.java:405)
	at groovy.lang.Closure.call(Closure.java:399)
	at groovy.test.GroovyAssert.shouldFail(GroovyAssert.java:95)
	at groovy.util.GroovyTestCase.shouldFail(GroovyTestCase.java:209)
	at sun.reflect.NativeMethodAccessorImpl.invoke0(Native Method)
	at sun.reflect.NativeMethodAccessorImpl.invoke(NativeMethodAccessorImpl.java:62)
	at sun.reflect.DelegatingMethodAccessorImpl.invoke(DelegatingMethodAccessorImpl.java:43)
	at java.lang.reflect.Method.invoke(Method.java:498)
	at org.codehaus.groovy.reflection.CachedMethod.invoke(CachedMethod.java:101)
	at groovy.lang.MetaMethod.doMethodInvoke(MetaMethod.java:323)
	at org.codehaus.groovy.runtime.metaclass.ClosureMetaClass.invokeMethod(ClosureMetaClass.java:351)
	at org.codehaus.groovy.runtime.callsite.PogoMetaClassSite.callCurrent(PogoMetaClassSite.java:64)
	at org.codehaus.groovy.runtime.callsite.AbstractCallSite.callCurrent(AbstractCallSite.java:168)
	at org.apache.nifi.properties.ConfigEncryptionToolTest$_testParseShouldFailIfPropertiesAndProvidersMissing_closure14.doCall(ConfigEncryptionToolTest.groovy:422)
	at sun.reflect.NativeMethodAccessorImpl.invoke0(Native Method)
	at sun.reflect.NativeMethodAccessorImpl.invoke(NativeMethodAccessorImpl.java:62)
	at sun.reflect.DelegatingMethodAccessorImpl.invoke(DelegatingMethodAccessorImpl.java:43)
	at java.lang.reflect.Method.invoke(Method.java:498)
	at org.codehaus.groovy.reflection.CachedMethod.invoke(CachedMethod.java:101)
	at groovy.lang.MetaMethod.doMethodInvoke(MetaMethod.java:323)
	at org.codehaus.groovy.runtime.metaclass.ClosureMetaClass.invokeMethod(ClosureMetaClass.java:263)
	at groovy.lang.MetaClassImpl.invokeMethod(MetaClassImpl.java:1041)
	at groovy.lang.Closure.call(Closure.java:405)
	at groovy.lang.Closure.call(Closure.java:421)
	at org.codehaus.groovy.runtime.DefaultGroovyMethods.each(DefaultGroovyMethods.java:2330)
	at org.codehaus.groovy.runtime.DefaultGroovyMethods.each(DefaultGroovyMethods.java:2315)
	at org.codehaus.groovy.runtime.DefaultGroovyMethods.each(DefaultGroovyMethods.java:2356)
	at org.codehaus.groovy.runtime.dgm$186.invoke(Unknown Source)
	at org.codehaus.groovy.runtime.callsite.PojoMetaMethodSite$PojoMetaMethodSiteNoUnwrapNoCoerce.invoke(PojoMetaMethodSite.java:244)
	at org.codehaus.groovy.runtime.callsite.PojoMetaMethodSite.call(PojoMetaMethodSite.java:53)
	at org.codehaus.groovy.runtime.callsite.CallSiteArray.defaultCall(CallSiteArray.java:47)
	at org.codehaus.groovy.runtime.callsite.AbstractCallSite.call(AbstractCallSite.java:115)
	at org.codehaus.groovy.runtime.callsite.AbstractCallSite.call(AbstractCallSite.java:127)
	at org.apache.nifi.properties.ConfigEncryptionToolTest.testParseShouldFailIfPropertiesAndProvidersMissing(ConfigEncryptionToolTest.groovy:421)
	at sun.reflect.NativeMethodAccessorImpl.invoke0(Native Method)
	at sun.reflect.NativeMethodAccessorImpl.invoke(NativeMethodAccessorImpl.java:62)
	at sun.reflect.DelegatingMethodAccessorImpl.invoke(DelegatingMethodAccessorImpl.java:43)
	at java.lang.reflect.Method.invoke(Method.java:498)
	at org.junit.runners.model.FrameworkMethod$1.runReflectiveCall(FrameworkMethod.java:59)
	at org.junit.internal.runners.model.ReflectiveCallable.run(ReflectiveCallable.java:12)
	at org.junit.runners.model.FrameworkMethod.invokeExplosively(FrameworkMethod.java:56)
	at org.junit.internal.runners.statements.InvokeMethod.evaluate(InvokeMethod.java:17)
	at org.junit.internal.runners.statements.RunAfters.evaluate(RunAfters.java:27)
	at org.junit.contrib.java.lang.system.ExpectedSystemExit$1.evaluate(ExpectedSystemExit.java:130)
	at org.junit.rules.ExternalResource$1.evaluate(ExternalResource.java:54)
	at org.junit.contrib.java.lang.system.internal.LogPrintStream$1$1.evaluate(LogPrintStream.java:30)
	at org.junit.contrib.java.lang.system.internal.PrintStreamHandler$3.evaluate(PrintStreamHandler.java:48)
	at org.junit.contrib.java.lang.system.internal.LogPrintStream$1.evaluate(LogPrintStream.java:26)
	at org.junit.contrib.java.lang.system.internal.LogPrintStream$1$1.evaluate(LogPrintStream.java:30)
	at org.junit.contrib.java.lang.system.internal.PrintStreamHandler$3.evaluate(PrintStreamHandler.java:48)
	at org.junit.contrib.java.lang.system.internal.LogPrintStream$1.evaluate(LogPrintStream.java:26)
	at org.junit.runners.ParentRunner$3.evaluate(ParentRunner.java:306)
	at org.junit.runners.BlockJUnit4ClassRunner$1.evaluate(BlockJUnit4ClassRunner.java:100)
	at org.junit.runners.ParentRunner.runLeaf(ParentRunner.java:366)
	at org.junit.runners.BlockJUnit4ClassRunner.runChild(BlockJUnit4ClassRunner.java:103)
	at org.junit.runners.BlockJUnit4ClassRunner.runChild(BlockJUnit4ClassRunner.java:63)
	at org.junit.runners.ParentRunner$4.run(ParentRunner.java:331)
	at org.junit.runners.ParentRunner$1.schedule(ParentRunner.java:79)
	at org.junit.runners.ParentRunner.runChildren(ParentRunner.java:329)
	at org.junit.runners.ParentRunner.access$100(ParentRunner.java:66)
	at org.junit.runners.ParentRunner$2.evaluate(ParentRunner.java:293)
	at org.junit.internal.runners.statements.RunBefores.evaluate(RunBefores.java:26)
	at org.junit.internal.runners.statements.RunAfters.evaluate(RunAfters.java:27)
	at org.junit.runners.ParentRunner$3.evaluate(ParentRunner.java:306)
	at org.junit.runners.ParentRunner.run(ParentRunner.java:413)
	at org.junit.runner.JUnitCore.run(JUnitCore.java:137)
	at org.junit.runner.JUnitCore.run(JUnitCore.java:115)
	at org.junit.vintage.engine.execution.RunnerExecutor.execute(RunnerExecutor.java:43)
	at java.util.stream.ForEachOps$ForEachOp$OfRef.accept(ForEachOps.java:183)
	at java.util.stream.ReferencePipeline$3$1.accept(ReferencePipeline.java:193)
	at java.util.Iterator.forEachRemaining(Iterator.java:116)
	at java.util.Spliterators$IteratorSpliterator.forEachRemaining(Spliterators.java:1801)
	at java.util.stream.AbstractPipeline.copyInto(AbstractPipeline.java:482)
	at java.util.stream.AbstractPipeline.wrapAndCopyInto(AbstractPipeline.java:472)
	at java.util.stream.ForEachOps$ForEachOp.evaluateSequential(ForEachOps.java:150)
	at java.util.stream.ForEachOps$ForEachOp$OfRef.evaluateSequential(ForEachOps.java:173)
	at java.util.stream.AbstractPipeline.evaluate(AbstractPipeline.java:234)
	at java.util.stream.ReferencePipeline.forEach(ReferencePipeline.java:485)
	at org.junit.vintage.engine.VintageTestEngine.executeAllChildren(VintageTestEngine.java:82)
	at org.junit.vintage.engine.VintageTestEngine.execute(VintageTestEngine.java:73)
	at org.junit.platform.launcher.core.EngineExecutionOrchestrator.execute(EngineExecutionOrchestrator.java:108)
	at org.junit.platform.launcher.core.EngineExecutionOrchestrator.execute(EngineExecutionOrchestrator.java:88)
	at org.junit.platform.launcher.core.EngineExecutionOrchestrator.lambda$execute$0(EngineExecutionOrchestrator.java:54)
	at org.junit.platform.launcher.core.EngineExecutionOrchestrator.withInterceptedStreams(EngineExecutionOrchestrator.java:67)
	at org.junit.platform.launcher.core.EngineExecutionOrchestrator.execute(EngineExecutionOrchestrator.java:52)
	at org.junit.platform.launcher.core.DefaultLauncher.execute(DefaultLauncher.java:96)
	at org.junit.platform.launcher.core.DefaultLauncher.execute(DefaultLauncher.java:75)
	at org.apache.maven.surefire.junitplatform.JUnitPlatformProvider.execute(JUnitPlatformProvider.java:188)
	at org.apache.maven.surefire.junitplatform.JUnitPlatformProvider.invokeAllTests(JUnitPlatformProvider.java:154)
	at org.apache.maven.surefire.junitplatform.JUnitPlatformProvider.invoke(JUnitPlatformProvider.java:128)
	at org.apache.maven.surefire.booter.ForkedBooter.runSuitesInProcess(ForkedBooter.java:428)
	at org.apache.maven.surefire.booter.ForkedBooter.execute(ForkedBooter.java:162)
	at org.apache.maven.surefire.booter.ForkedBooter.run(ForkedBooter.java:562)
	at org.apache.maven.surefire.booter.ForkedBooter.main(ForkedBooter.java:548)
[main] INFO org.apache.nifi.properties.ConfigEncryptionToolTest - [EXPECTED] Error parsing command line. (Missing argument for option: a)
[main] INFO org.apache.nifi.properties.ConfigEncryptionToolTest - [EXPECTED] One or more of ['-n'/'--niFiProperties', '-l'/'--loginIdentityProviders', '-a'/'--authorizers'] must be provided unless '-x'/--'encryptFlowXmlOnly' is specified
[main] WARN org.apache.nifi.properties.ConfigEncryptionTool - The source flow.xml.gz and destination flow.xml.gz are identical [flow.xml.gz] so the original will be overwritten
[main] INFO org.apache.nifi.properties.ConfigEncryptionToolTest - [EXPECTED] In order to migrate a flow.xml.gz, a nifi.properties file must also be specified via '-n'/'--niFiProperties'.
]]></system-err>
  </testcase>
  <testcase name="testShouldSerializeNiFiProperties" classname="org.apache.nifi.properties.ConfigEncryptionToolTest" time="0.011">
    <system-err><![CDATA[[main] INFO org.apache.nifi.properties.ConfigEncryptionToolTest - Loaded 2 properties
[main] INFO org.apache.nifi.properties.ConfigEncryptionToolTest - Serialized NiFiProperties to 3 lines
[main] INFO org.apache.nifi.properties.ConfigEncryptionToolTest - 
#Thu May 02 03:22:39 WEST 2024
key=value
key2=value2
]]></system-err>
  </testcase>
  <testcase name="testShouldEncryptLoginIdentityProvidersWithMultilineElements" classname="org.apache.nifi.properties.ConfigEncryptionToolTest" time="0.034">
    <system-err><![CDATA[[main] INFO org.apache.nifi.properties.ConfigEncryptionToolTest - Read lines: 
<?xml version="1.0" encoding="UTF-8" standalone="yes"?>
<!--
  Licensed to the Apache Software Foundation (ASF) under one or more
  contributor license agreements.  See the NOTICE file distributed with
  this work for additional information regarding copyright ownership.
  The ASF licenses this file to You under the Apache License, Version 2.0
  (the "License"); you may not use this file except in compliance with
  the License.  You may obtain a copy of the License at
      http://www.apache.org/licenses/LICENSE-2.0
  Unless required by applicable law or agreed to in writing, software
  distributed under the License is distributed on an "AS IS" BASIS,
  WITHOUT WARRANTIES OR CONDITIONS OF ANY KIND, either express or implied.
  See the License for the specific language governing permissions and
  limitations under the License.
-->
<!--
    This file lists the login identity providers to use when running securely. In order
    to use a specific provider it must be configured here and it's identifier
    must be specified in the nifi.properties file.
-->
<loginIdentityProviders>
    <!--
        Identity Provider for users logging in with username/password against an LDAP server.
        
        'Authentication Strategy' - How the connection to the LDAP server is authenticated. Possible
            values are ANONYMOUS, SIMPLE, or START_TLS.
        
        'Manager DN' - The DN of the manager that is used to bind to the LDAP server to search for users.
        'Manager Password' - The password of the manager that is used to bind to the LDAP server to
            search for users.
            
        'TLS - Keystore' - Path to the Keystore that is used when connecting to LDAP using START_TLS.
        'TLS - Keystore Password' - Password for the Keystore that is used when connecting to LDAP
            using START_TLS.
        'TLS - Keystore Type' - Type of the Keystore that is used when connecting to LDAP using
            START_TLS (i.e. JKS or PKCS12).
        'TLS - Truststore' - Path to the Truststore that is used when connecting to LDAP using START_TLS.
        'TLS - Truststore Password' - Password for the Truststore that is used when connecting to
            LDAP using START_TLS.
        'TLS - Truststore Type' - Type of the Truststore that is used when connecting to LDAP using
            START_TLS (i.e. JKS or PKCS12).
        'TLS - Client Auth' - Client authentication policy when connecting to LDAP using START_TLS.
            Possible values are REQUIRED, WANT, NONE.
        'TLS - Protocol' - Protocol to use when connecting to LDAP using START_TLS. (i.e. TLS,
            TLSv1.1, TLSv1.2, etc).
        'TLS - Shutdown Gracefully' - Specifies whether the TLS should be shut down gracefully 
            before the target context is closed. Defaults to false.
            
        'Referral Strategy' - Strategy for handling referrals. Possible values are FOLLOW, IGNORE, THROW.
        'Connect Timeout' - Duration of connect timeout. (i.e. 10 secs).
        'Read Timeout' - Duration of read timeout. (i.e. 10 secs).
       
        'Url' - Url of the LDAP servier (i.e. ldap://<hostname>:<port>).
        'User Search Base' - Base DN for searching for users (i.e. CN=Users,DC=example,DC=com).
        'User Search Filter' - Filter for searching for users against the 'User Search Base'.
            (i.e. sAMAccountName={0}). The user specified name is inserted into '{0}'.
            
        'Authentication Expiration' - The duration of how long the user authentication is valid
            for. If the user never logs out, they will be required to log back in following
            this duration.
    -->
    <provider>
        <identifier>ldap-provider</identifier>
        <class>org.apache.nifi.ldap.LdapProvider</class>
        <property name="Authentication Strategy">START_TLS</property>

        <property name="Manager DN"></property>
        <property name="Manager Password">
            thisIsABadPassword
        </property>

        <property name="TLS - Keystore"></property>
        <property
                name="TLS - Keystore Password">thisIsABadPassword
        </property>
        <property name="TLS - Keystore Type"></property>
        <property name="TLS - Truststore"></property>
        <property name=
                          "TLS - Truststore Password">
            thisIsABadPassword</property>
        <property name="TLS - Truststore Type"></property>
        <property name="TLS - Client Auth"></property>
        <property name="TLS - Protocol"></property>
        <property name="TLS - Shutdown Gracefully"></property>
        
        <property name="Referral Strategy">FOLLOW</property>
        <property name="Connect Timeout">10 secs</property>
        <property name="Read Timeout">10 secs</property>

        <property name="Url"></property>
        <property name="User Search Base"></property>
        <property name="User Search Filter"></property>

        <property name="Authentication Expiration">12 hours</property>
    </provider>

    <!--
        Identity Provider for users logging in with username/password against a Kerberos KDC server.

        'Default Realm' - Default realm to provide when user enters incomplete user principal (i.e. NIFI.APACHE.ORG).
        'Authentication Expiration' - The duration of how long the user authentication is valid for. If the user never logs out, they will be required to log back in following this duration.
    -->
    <!-- To enable the kerberos-provider remove 2 lines. This is 1 of 2.
    <provider>
        <identifier>kerberos-provider</identifier>
        <class>org.apache.nifi.kerberos.KerberosProvider</class>
        <property name="Default Realm">NIFI.APACHE.ORG</property>
        <property name="Authentication Expiration">12 hours</property>
    </provider>
    To enable the kerberos-provider remove 2 lines. This is 2 of 2. -->
</loginIdentityProviders>
[main] INFO org.apache.nifi.properties.ConfigEncryptionTool - Attempting to encrypt property using protection scheme aes/gcm/256
[main] WARN org.apache.nifi.properties.AbstractBootstrapPropertiesLoader - System Property [nifi.properties.file.path] not found: Using Relative Path [conf/nifi.properties]
[main] WARN org.apache.nifi.properties.ConfigEncryptionTool - Could not load default bootstrap.conf: Configuration Directory [conf] not found for Bootstrap Properties
[main] INFO org.apache.nifi.properties.ConfigEncryptionTool - Attempting to encrypt property using protection scheme aes/gcm/256
[main] INFO org.apache.nifi.properties.ConfigEncryptionTool - Attempting to encrypt property using protection scheme aes/gcm/256
[main] INFO org.apache.nifi.properties.ConfigEncryptionTool - Updated XML content: <?xml version="1.0" encoding="UTF-8"?><loginIdentityProviders>
    
    <provider>
        <identifier>ldap-provider</identifier>
        <class>org.apache.nifi.ldap.LdapProvider</class>
        <property name="Authentication Strategy">START_TLS</property>

        <property name="Manager DN"/>
        <property name="Manager Password" encryption="aes/gcm/256">6+aqxmX1XGmyo0S9||jqpcbLClCfIP2SzudKnAFfYsQ8RbCA1SBeJCeJdKjJVVtw</property>

        <property name="TLS - Keystore"/>
        <property name="TLS - Keystore Password" encryption="aes/gcm/256">sBfdnRnt1C6Zr95p||MZqjC2ccgbR9S+09VYgTGLNQaInk6o6XO6BfNIhVplHOaQ</property>
        <property name="TLS - Keystore Type"/>
        <property name="TLS - Truststore"/>
        <property name="TLS - Truststore Password" encryption="aes/gcm/256">4mjIPXHoiT5zvLPn||dA6YATKE10z4m/K3ef0co9M4dAu4oI8nlWU4E4ODkXTX1g</property>
        <property name="TLS - Truststore Type"/>
        <property name="TLS - Client Auth"/>
        <property name="TLS - Protocol"/>
        <property name="TLS - Shutdown Gracefully"/>
        
        <property name="Referral Strategy">FOLLOW</property>
        <property name="Connect Timeout">10 secs</property>
        <property name="Read Timeout">10 secs</property>

        <property name="Url"/>
        <property name="User Search Base"/>
        <property name="User Search Filter"/>

        <property name="Authentication Expiration">12 hours</property>
    </provider>

    
    
</loginIdentityProviders>

[main] INFO org.apache.nifi.properties.ConfigEncryptionToolTest - Encrypted lines: 
<?xml version="1.0" encoding="UTF-8"?><loginIdentityProviders>
    
    <provider>
        <identifier>ldap-provider</identifier>
        <class>org.apache.nifi.ldap.LdapProvider</class>
        <property name="Authentication Strategy">START_TLS</property>

        <property name="Manager DN"/>
        <property name="Manager Password" encryption="aes/gcm/256">6+aqxmX1XGmyo0S9||jqpcbLClCfIP2SzudKnAFfYsQ8RbCA1SBeJCeJdKjJVVtw</property>

        <property name="TLS - Keystore"/>
        <property name="TLS - Keystore Password" encryption="aes/gcm/256">sBfdnRnt1C6Zr95p||MZqjC2ccgbR9S+09VYgTGLNQaInk6o6XO6BfNIhVplHOaQ</property>
        <property name="TLS - Keystore Type"/>
        <property name="TLS - Truststore"/>
        <property name="TLS - Truststore Password" encryption="aes/gcm/256">4mjIPXHoiT5zvLPn||dA6YATKE10z4m/K3ef0co9M4dAu4oI8nlWU4E4ODkXTX1g</property>
        <property name="TLS - Truststore Type"/>
        <property name="TLS - Client Auth"/>
        <property name="TLS - Protocol"/>
        <property name="TLS - Shutdown Gracefully"/>
        
        <property name="Referral Strategy">FOLLOW</property>
        <property name="Connect Timeout">10 secs</property>
        <property name="Read Timeout">10 secs</property>

        <property name="Url"/>
        <property name="User Search Base"/>
        <property name="User Search Filter"/>

        <property name="Authentication Expiration">12 hours</property>
    </provider>

    
    
</loginIdentityProviders>
[main] INFO org.apache.nifi.properties.ConfigEncryptionToolTest - Cipher text: 6+aqxmX1XGmyo0S9||jqpcbLClCfIP2SzudKnAFfYsQ8RbCA1SBeJCeJdKjJVVtw
[main] INFO org.apache.nifi.properties.ConfigEncryptionToolTest - Cipher text: sBfdnRnt1C6Zr95p||MZqjC2ccgbR9S+09VYgTGLNQaInk6o6XO6BfNIhVplHOaQ
[main] INFO org.apache.nifi.properties.ConfigEncryptionToolTest - Cipher text: 4mjIPXHoiT5zvLPn||dA6YATKE10z4m/K3ef0co9M4dAu4oI8nlWU4E4ODkXTX1g
]]></system-err>
  </testcase>
  <testcase name="testShouldParseOutputAuthorizersArgument" classname="org.apache.nifi.properties.ConfigEncryptionToolTest" time="0.003">
    <system-err><![CDATA[[main] INFO org.apache.nifi.properties.ConfigEncryptionToolTest - Parsed output authorizers.xml location: lmx.srezirohtua/secruoser/tset/crs
[main] INFO org.apache.nifi.properties.ConfigEncryptionToolTest - Parsed output authorizers.xml location: lmx.srezirohtua/secruoser/tset/crs
]]></system-err>
  </testcase>
  <testcase name="testSerializeLoginIdentityProvidersAndPreserveFormatShouldHandleManyProviders" classname="org.apache.nifi.properties.ConfigEncryptionToolTest" time="0.053">
    <system-err><![CDATA[[main] INFO org.apache.nifi.properties.ConfigEncryptionToolTest - Read lines: 
<?xml version="1.0" encoding="UTF-8" standalone="yes"?>
<!--
  Licensed to the Apache Software Foundation (ASF) under one or more
  contributor license agreements.  See the NOTICE file distributed with
  this work for additional information regarding copyright ownership.
  The ASF licenses this file to You under the Apache License, Version 2.0
  (the "License"); you may not use this file except in compliance with
  the License.  You may obtain a copy of the License at
      http://www.apache.org/licenses/LICENSE-2.0
  Unless required by applicable law or agreed to in writing, software
  distributed under the License is distributed on an "AS IS" BASIS,
  WITHOUT WARRANTIES OR CONDITIONS OF ANY KIND, either express or implied.
  See the License for the specific language governing permissions and
  limitations under the License.
-->
<!--
    This file lists the login identity providers to use when running securely. In order
    to use a specific provider it must be configured here and it's identifier
    must be specified in the nifi.properties file.
-->
<loginIdentityProviders>

    <!-- This is a dummy provider that should show up unaltered in the output -->
    <provider>
        <identifier>dummy-provider-1</identifier>
        <class>com.example.MyProvider1</class>
        <property name="Property 1">Value 1</property>
        <property name="Property 2">Value 2</property>
    </provider>

    <!--
        Identity Provider for users logging in with username/password against an LDAP server.
        
        'Authentication Strategy' - How the connection to the LDAP server is authenticated. Possible
            values are ANONYMOUS, SIMPLE, or START_TLS.
        
        'Manager DN' - The DN of the manager that is used to bind to the LDAP server to search for users.
        'Manager Password' - The password of the manager that is used to bind to the LDAP server to
            search for users.
            
        'TLS - Keystore' - Path to the Keystore that is used when connecting to LDAP using START_TLS.
        'TLS - Keystore Password' - Password for the Keystore that is used when connecting to LDAP
            using START_TLS.
        'TLS - Keystore Type' - Type of the Keystore that is used when connecting to LDAP using
            START_TLS (i.e. JKS or PKCS12).
        'TLS - Truststore' - Path to the Truststore that is used when connecting to LDAP using START_TLS.
        'TLS - Truststore Password' - Password for the Truststore that is used when connecting to
            LDAP using START_TLS.
        'TLS - Truststore Type' - Type of the Truststore that is used when connecting to LDAP using
            START_TLS (i.e. JKS or PKCS12).
        'TLS - Client Auth' - Client authentication policy when connecting to LDAP using START_TLS.
            Possible values are REQUIRED, WANT, NONE.
        'TLS - Protocol' - Protocol to use when connecting to LDAP using START_TLS. (i.e. TLS,
            TLSv1.1, TLSv1.2, etc).
        'TLS - Shutdown Gracefully' - Specifies whether the TLS should be shut down gracefully 
            before the target context is closed. Defaults to false.
            
        'Referral Strategy' - Strategy for handling referrals. Possible values are FOLLOW, IGNORE, THROW.
        'Connect Timeout' - Duration of connect timeout. (i.e. 10 secs).
        'Read Timeout' - Duration of read timeout. (i.e. 10 secs).
       
        'Url' - Url of the LDAP servier (i.e. ldap://<hostname>:<port>).
        'User Search Base' - Base DN for searching for users (i.e. CN=Users,DC=example,DC=com).
        'User Search Filter' - Filter for searching for users against the 'User Search Base'.
            (i.e. sAMAccountName={0}). The user specified name is inserted into '{0}'.
            
        'Authentication Expiration' - The duration of how long the user authentication is valid
            for. If the user never logs out, they will be required to log back in following
            this duration.
    -->
    <provider>
        <identifier>ldap-provider</identifier>
        <class>org.apache.nifi.ldap.LdapProvider</class>
        <property name="Authentication Strategy">START_TLS</property>

        <property name="Manager DN">someuser</property>
        <property name="Manager Password">thisIsABadPassword</property>

        <property name="TLS - Keystore"></property>
        <property name="TLS - Keystore Password">thisIsABadPassword</property>
        <property name="TLS - Keystore Type"></property>
        <property name="TLS - Truststore"></property>
        <property name="TLS - Truststore Password">thisIsABadPassword</property>
        <property name="TLS - Truststore Type"></property>
        <property name="TLS - Client Auth"></property>
        <property name="TLS - Protocol"></property>
        <property name="TLS - Shutdown Gracefully"></property>
        
        <property name="Referral Strategy">FOLLOW</property>
        <property name="Connect Timeout">10 secs</property>
        <property name="Read Timeout">10 secs</property>

        <property name="Url"></property>
        <property name="User Search Base"></property>
        <property name="User Search Filter"></property>

        <property name="Authentication Expiration">12 hours</property>
    </provider>

    <!-- This is a dummy provider that should show up unaltered in the output -->
    <provider>
        <identifier>dummy-provider-2</identifier>
        <class>com.example.MyProvider2</class>
        <property name="Property 1">Value 1</property>
        <property name="Property 2">Value 2</property>
    </provider>

    <!--
        Identity Provider for users logging in with username/password against a Kerberos KDC server.

        'Default Realm' - Default realm to provide when user enters incomplete user principal (i.e. NIFI.APACHE.ORG).
        'Authentication Expiration' - The duration of how long the user authentication is valid for. If the user never logs out, they will be required to log back in following this duration.
    -->
    <!-- To enable the kerberos-provider remove 2 lines. This is 1 of 2.
    <provider>
        <identifier>kerberos-provider</identifier>
        <class>org.apache.nifi.kerberos.KerberosProvider</class>
        <property name="Default Realm">NIFI.APACHE.ORG</property>
        <property name="Authentication Expiration">12 hours</property>
    </provider>
    To enable the kerberos-provider remove 2 lines. This is 2 of 2. -->
</loginIdentityProviders>
[main] INFO org.apache.nifi.properties.ConfigEncryptionTool - Attempting to encrypt property using protection scheme aes/gcm/256
[main] WARN org.apache.nifi.properties.AbstractBootstrapPropertiesLoader - System Property [nifi.properties.file.path] not found: Using Relative Path [conf/nifi.properties]
[main] WARN org.apache.nifi.properties.ConfigEncryptionTool - Could not load default bootstrap.conf: Configuration Directory [conf] not found for Bootstrap Properties
[main] INFO org.apache.nifi.properties.ConfigEncryptionTool - Attempting to encrypt property using protection scheme aes/gcm/256
[main] INFO org.apache.nifi.properties.ConfigEncryptionTool - Attempting to encrypt property using protection scheme aes/gcm/256
[main] INFO org.apache.nifi.properties.ConfigEncryptionTool - Updated XML content: <?xml version="1.0" encoding="UTF-8"?><loginIdentityProviders>

    
    <provider>
        <identifier>dummy-provider-1</identifier>
        <class>com.example.MyProvider1</class>
        <property name="Property 1">Value 1</property>
        <property name="Property 2">Value 2</property>
    </provider>

    
    <provider>
        <identifier>ldap-provider</identifier>
        <class>org.apache.nifi.ldap.LdapProvider</class>
        <property name="Authentication Strategy">START_TLS</property>

        <property name="Manager DN">someuser</property>
        <property name="Manager Password" encryption="aes/gcm/256">tu+J561ne9cCihTI||37irbvlzQJF0GAgA6g+07ePHIdbYWlk6/f+mE/WzjJe6Gw</property>

        <property name="TLS - Keystore"/>
        <property name="TLS - Keystore Password" encryption="aes/gcm/256">or+PWmAoFhLhwdG0||3DSU4hPUdslMlZCE1Q/Nr9366LK3Lj1SLfAQ7AsfgGmOjw</property>
        <property name="TLS - Keystore Type"/>
        <property name="TLS - Truststore"/>
        <property name="TLS - Truststore Password" encryption="aes/gcm/256">OPoFvfrFhe+9XeBz||mU5KRz1ezQH78RWRfQ0xeiO8Dl/Xtru234d/Prsut3GRyg</property>
        <property name="TLS - Truststore Type"/>
        <property name="TLS - Client Auth"/>
        <property name="TLS - Protocol"/>
        <property name="TLS - Shutdown Gracefully"/>
        
        <property name="Referral Strategy">FOLLOW</property>
        <property name="Connect Timeout">10 secs</property>
        <property name="Read Timeout">10 secs</property>

        <property name="Url"/>
        <property name="User Search Base"/>
        <property name="User Search Filter"/>

        <property name="Authentication Expiration">12 hours</property>
    </provider>

    
    <provider>
        <identifier>dummy-provider-2</identifier>
        <class>com.example.MyProvider2</class>
        <property name="Property 1">Value 1</property>
        <property name="Property 2">Value 2</property>
    </provider>

    
    
</loginIdentityProviders>

[main] INFO org.apache.nifi.properties.ConfigEncryptionToolTest - Encrypted XML: 
<?xml version="1.0" encoding="UTF-8"?><loginIdentityProviders>

    
    <provider>
        <identifier>dummy-provider-1</identifier>
        <class>com.example.MyProvider1</class>
        <property name="Property 1">Value 1</property>
        <property name="Property 2">Value 2</property>
    </provider>

    
    <provider>
        <identifier>ldap-provider</identifier>
        <class>org.apache.nifi.ldap.LdapProvider</class>
        <property name="Authentication Strategy">START_TLS</property>

        <property name="Manager DN">someuser</property>
        <property name="Manager Password" encryption="aes/gcm/256">tu+J561ne9cCihTI||37irbvlzQJF0GAgA6g+07ePHIdbYWlk6/f+mE/WzjJe6Gw</property>

        <property name="TLS - Keystore"/>
        <property name="TLS - Keystore Password" encryption="aes/gcm/256">or+PWmAoFhLhwdG0||3DSU4hPUdslMlZCE1Q/Nr9366LK3Lj1SLfAQ7AsfgGmOjw</property>
        <property name="TLS - Keystore Type"/>
        <property name="TLS - Truststore"/>
        <property name="TLS - Truststore Password" encryption="aes/gcm/256">OPoFvfrFhe+9XeBz||mU5KRz1ezQH78RWRfQ0xeiO8Dl/Xtru234d/Prsut3GRyg</property>
        <property name="TLS - Truststore Type"/>
        <property name="TLS - Client Auth"/>
        <property name="TLS - Protocol"/>
        <property name="TLS - Shutdown Gracefully"/>
        
        <property name="Referral Strategy">FOLLOW</property>
        <property name="Connect Timeout">10 secs</property>
        <property name="Read Timeout">10 secs</property>

        <property name="Url"/>
        <property name="User Search Base"/>
        <property name="User Search Filter"/>

        <property name="Authentication Expiration">12 hours</property>
    </provider>

    
    <provider>
        <identifier>dummy-provider-2</identifier>
        <class>com.example.MyProvider2</class>
        <property name="Property 1">Value 1</property>
        <property name="Property 2">Value 2</property>
    </provider>

    
    
</loginIdentityProviders>

[main] INFO org.apache.nifi.properties.ConfigEncryptionToolTest - Serialized lines: 
<?xml version="1.0" encoding="UTF-8" standalone="yes"?>
<!--
  Licensed to the Apache Software Foundation (ASF) under one or more
  contributor license agreements.  See the NOTICE file distributed with
  this work for additional information regarding copyright ownership.
  The ASF licenses this file to You under the Apache License, Version 2.0
  (the "License"); you may not use this file except in compliance with
  the License.  You may obtain a copy of the License at
      http://www.apache.org/licenses/LICENSE-2.0
  Unless required by applicable law or agreed to in writing, software
  distributed under the License is distributed on an "AS IS" BASIS,
  WITHOUT WARRANTIES OR CONDITIONS OF ANY KIND, either express or implied.
  See the License for the specific language governing permissions and
  limitations under the License.
-->
<!--
    This file lists the login identity providers to use when running securely. In order
    to use a specific provider it must be configured here and it's identifier
    must be specified in the nifi.properties file.
-->
<loginIdentityProviders>

    <!-- This is a dummy provider that should show up unaltered in the output -->
    <provider>
        <identifier>dummy-provider-1</identifier>
        <class>com.example.MyProvider1</class>
        <property name="Property 1">Value 1</property>
        <property name="Property 2">Value 2</property>
    </provider>

    <!--
        Identity Provider for users logging in with username/password against an LDAP server.
        
        'Authentication Strategy' - How the connection to the LDAP server is authenticated. Possible
            values are ANONYMOUS, SIMPLE, or START_TLS.
        
        'Manager DN' - The DN of the manager that is used to bind to the LDAP server to search for users.
        'Manager Password' - The password of the manager that is used to bind to the LDAP server to
            search for users.
            
        'TLS - Keystore' - Path to the Keystore that is used when connecting to LDAP using START_TLS.
        'TLS - Keystore Password' - Password for the Keystore that is used when connecting to LDAP
            using START_TLS.
        'TLS - Keystore Type' - Type of the Keystore that is used when connecting to LDAP using
            START_TLS (i.e. JKS or PKCS12).
        'TLS - Truststore' - Path to the Truststore that is used when connecting to LDAP using START_TLS.
        'TLS - Truststore Password' - Password for the Truststore that is used when connecting to
            LDAP using START_TLS.
        'TLS - Truststore Type' - Type of the Truststore that is used when connecting to LDAP using
            START_TLS (i.e. JKS or PKCS12).
        'TLS - Client Auth' - Client authentication policy when connecting to LDAP using START_TLS.
            Possible values are REQUIRED, WANT, NONE.
        'TLS - Protocol' - Protocol to use when connecting to LDAP using START_TLS. (i.e. TLS,
            TLSv1.1, TLSv1.2, etc).
        'TLS - Shutdown Gracefully' - Specifies whether the TLS should be shut down gracefully 
            before the target context is closed. Defaults to false.
            
        'Referral Strategy' - Strategy for handling referrals. Possible values are FOLLOW, IGNORE, THROW.
        'Connect Timeout' - Duration of connect timeout. (i.e. 10 secs).
        'Read Timeout' - Duration of read timeout. (i.e. 10 secs).
       
        'Url' - Url of the LDAP servier (i.e. ldap://<hostname>:<port>).
        'User Search Base' - Base DN for searching for users (i.e. CN=Users,DC=example,DC=com).
        'User Search Filter' - Filter for searching for users against the 'User Search Base'.
            (i.e. sAMAccountName={0}). The user specified name is inserted into '{0}'.
            
        'Authentication Expiration' - The duration of how long the user authentication is valid
            for. If the user never logs out, they will be required to log back in following
            this duration.
    -->
    <provider>
        <identifier>ldap-provider</identifier>
        <class>org.apache.nifi.ldap.LdapProvider</class>
        <property name="Authentication Strategy">START_TLS</property>

        <property name="Manager DN">someuser</property>
        <property encryption="aes/gcm/256" name="Manager Password">tu+J561ne9cCihTI||37irbvlzQJF0GAgA6g+07ePHIdbYWlk6/f+mE/WzjJe6Gw</property>

        <property name="TLS - Keystore"/>
        <property encryption="aes/gcm/256" name="TLS - Keystore Password">or+PWmAoFhLhwdG0||3DSU4hPUdslMlZCE1Q/Nr9366LK3Lj1SLfAQ7AsfgGmOjw</property>
        <property name="TLS - Keystore Type"/>
        <property name="TLS - Truststore"/>
        <property encryption="aes/gcm/256" name="TLS - Truststore Password">OPoFvfrFhe+9XeBz||mU5KRz1ezQH78RWRfQ0xeiO8Dl/Xtru234d/Prsut3GRyg</property>
        <property name="TLS - Truststore Type"/>
        <property name="TLS - Client Auth"/>
        <property name="TLS - Protocol"/>
        <property name="TLS - Shutdown Gracefully"/>
        
        <property name="Referral Strategy">FOLLOW</property>
        <property name="Connect Timeout">10 secs</property>
        <property name="Read Timeout">10 secs</property>

        <property name="Url"/>
        <property name="User Search Base"/>
        <property name="User Search Filter"/>

        <property name="Authentication Expiration">12 hours</property>
    </provider>


    <!-- This is a dummy provider that should show up unaltered in the output -->
    <provider>
        <identifier>dummy-provider-2</identifier>
        <class>com.example.MyProvider2</class>
        <property name="Property 1">Value 1</property>
        <property name="Property 2">Value 2</property>
    </provider>

    <!--
        Identity Provider for users logging in with username/password against a Kerberos KDC server.

        'Default Realm' - Default realm to provide when user enters incomplete user principal (i.e. NIFI.APACHE.ORG).
        'Authentication Expiration' - The duration of how long the user authentication is valid for. If the user never logs out, they will be required to log back in following this duration.
    -->
    <!-- To enable the kerberos-provider remove 2 lines. This is 1 of 2.
    <provider>
        <identifier>kerberos-provider</identifier>
        <class>org.apache.nifi.kerberos.KerberosProvider</class>
        <property name="Default Realm">NIFI.APACHE.ORG</property>
        <property name="Authentication Expiration">12 hours</property>
    </provider>
    To enable the kerberos-provider remove 2 lines. This is 2 of 2. -->
</loginIdentityProviders>
]]></system-err>
  </testcase>
  <testcase name="testParseShouldFailOnFlowWithoutNiFiProperties" classname="org.apache.nifi.properties.ConfigEncryptionToolTest" time="0.014">
    <system-out><![CDATA[In order to migrate a flow.xml.gz, a nifi.properties file must also be specified via '-n'/'--niFiProperties'.

usage: org.apache.nifi.properties.ConfigEncryptionTool [-h] [-v] [-n <file>] [-o <file>] [-l <file>] [-i <file>] [-a <file>] [-u <file>] [-f <file>] [-g <file>]
       [-b <file>] [-S <protectionScheme>] [-k <keyhex>] [-e <keyhex>] [-H <protectionScheme>] [-p <password>] [-w <password>] [-r] [-m] [-x] [-s
       <password|keyhex>] [-A <algorithm>] [-P <algorithm>] [-c]

This tool reads from a nifi.properties and/or login-identity-providers.xml file with plain sensitive configuration values, prompts the user for a root key, and
encrypts each value. It will replace the plain value with the protected value in the same file (or write to a new file if specified). It can also be used to
migrate already-encrypted values in those files or in flow.xml.gz to be encrypted with a new key.

 -h,--help                                     Show usage information (this message)
 -v,--verbose                                  Sets verbose mode (default false)
 -n,--niFiProperties <file>                    The nifi.properties file containing unprotected config values (will be overwritten unless -o is specified)
 -o,--outputNiFiProperties <file>              The destination nifi.properties file containing protected config values (will not modify input nifi.properties)
 -l,--loginIdentityProviders <file>            The login-identity-providers.xml file containing unprotected config values (will be overwritten unless -i is
                                               specified)
 -i,--outputLoginIdentityProviders <file>      The destination login-identity-providers.xml file containing protected config values (will not modify input
                                               login-identity-providers.xml)
 -a,--authorizers <file>                       The authorizers.xml file containing unprotected config values (will be overwritten unless -u is specified)
 -u,--outputAuthorizers <file>                 The destination authorizers.xml file containing protected config values (will not modify input authorizers.xml)
 -f,--flowXml <file>                           The flow.xml.gz file currently protected with old password (will be overwritten unless -g is specified)
 -g,--outputFlowXml <file>                     The destination flow.xml.gz file containing protected config values (will not modify input flow.xml.gz)
 -b,--bootstrapConf <file>                     The bootstrap.conf file to persist root key and to optionally provide any configuration for the protection
                                               scheme.
 -S,--protectionScheme <protectionScheme>      Selects the protection scheme for encrypted properties.  Valid values are: [AES_GCM, AWS_SECRETSMANAGER, AWS_KMS,
                                               AZURE_KEYVAULT_KEY, AZURE_KEYVAULT_SECRET, GCP_KMS, HASHICORP_VAULT_KV, HASHICORP_VAULT_TRANSIT] (default is
                                               AES_GCM)
 -k,--key <keyhex>                             The raw hexadecimal key to use to encrypt the sensitive properties
 -e,--oldKey <keyhex>                          The old raw hexadecimal key to use during key migration
 -H,--oldProtectionScheme <protectionScheme>   The old protection scheme to use during encryption migration (see --protectionScheme for possible values).
                                               Default is AES_GCM
 -p,--password <password>                      The password from which to derive the key to use to encrypt the sensitive properties
 -w,--oldPassword <password>                   The old password from which to derive the key during migration
 -r,--useRawKey                                If provided, the secure console will prompt for the raw key value in hexadecimal form
 -m,--migrate                                  If provided, the nifi.properties and/or login-identity-providers.xml sensitive properties will be re-encrypted
                                               with the new scheme
 -x,--encryptFlowXmlOnly                       If provided, the properties in flow.xml.gz will be re-encrypted with a new key but the nifi.properties and/or
                                               login-identity-providers.xml files will not be modified
 -s,--propsKey <password|keyhex>               The password or key to use to encrypt the sensitive processor properties in flow.xml.gz
 -A,--newFlowAlgorithm <algorithm>             The algorithm to use to encrypt the sensitive processor properties in flow.xml.gz
 -P,--newFlowProvider <algorithm>              The security provider to use to encrypt the sensitive processor properties in flow.xml.gz
 -c,--translateCli                             Translates the nifi.properties file to a format suitable for the NiFi CLI tool

Java home: null
NiFi Toolkit home: null
]]></system-out>
    <system-err><![CDATA[[main] WARN org.apache.nifi.properties.ConfigEncryptionTool - The source flow.xml.gz and destination flow.xml.gz are identical [conf/flow.xml.gz] so the original will be overwritten
[main] INFO org.apache.nifi.properties.ConfigEncryptionToolTest - [EXPECTED] In order to migrate a flow.xml.gz, a nifi.properties file must also be specified via '-n'/'--niFiProperties'.
]]></system-err>
  </testcase>
  <testcase name="testSerializeLoginIdentityProvidersAndPreserveFormatShouldHandleEmptyFile" classname="org.apache.nifi.properties.ConfigEncryptionToolTest" time="0.008">
    <system-err><![CDATA[[main] INFO org.apache.nifi.properties.ConfigEncryptionToolTest - Read lines: 

[main] INFO org.apache.nifi.properties.ConfigEncryptionToolTest - Encrypted lines: 

[Fatal Error] :1:1: Premature end of file.
[main] ERROR org.apache.nifi.properties.ConfigEncryptionTool - No provider element with class org.apache.nifi.ldap.LdapProvider found in XML content; the file could be empty or the element may be missing or commented out
[main] INFO org.apache.nifi.properties.ConfigEncryptionToolTest - Serialized lines: 

]]></system-err>
  </testcase>
  <testcase name="testSerializeLoginIdentityProvidersAndPreserveFormatShouldRespectComments" classname="org.apache.nifi.properties.ConfigEncryptionToolTest" time="0.048">
    <system-err><![CDATA[[main] INFO org.apache.nifi.properties.ConfigEncryptionToolTest - Read lines: 
<?xml version="1.0" encoding="UTF-8" standalone="yes"?>
<!--
  Licensed to the Apache Software Foundation (ASF) under one or more
  contributor license agreements.  See the NOTICE file distributed with
  this work for additional information regarding copyright ownership.
  The ASF licenses this file to You under the Apache License, Version 2.0
  (the "License"); you may not use this file except in compliance with
  the License.  You may obtain a copy of the License at
      http://www.apache.org/licenses/LICENSE-2.0
  Unless required by applicable law or agreed to in writing, software
  distributed under the License is distributed on an "AS IS" BASIS,
  WITHOUT WARRANTIES OR CONDITIONS OF ANY KIND, either express or implied.
  See the License for the specific language governing permissions and
  limitations under the License.
-->
<!--
    This file lists the login identity providers to use when running securely. In order
    to use a specific provider it must be configured here and it's identifier
    must be specified in the nifi.properties file.
-->
<loginIdentityProviders>
    <!--
        Identity Provider for users logging in with username/password against an LDAP server.
        
        'Authentication Strategy' - How the connection to the LDAP server is authenticated. Possible
            values are ANONYMOUS, SIMPLE, or START_TLS.
        
        'Manager DN' - The DN of the manager that is used to bind to the LDAP server to search for users.
        'Manager Password' - The password of the manager that is used to bind to the LDAP server to
            search for users.
            
        'TLS - Keystore' - Path to the Keystore that is used when connecting to LDAP using START_TLS.
        'TLS - Keystore Password' - Password for the Keystore that is used when connecting to LDAP
            using START_TLS.
        'TLS - Keystore Type' - Type of the Keystore that is used when connecting to LDAP using
            START_TLS (i.e. JKS or PKCS12).
        'TLS - Truststore' - Path to the Truststore that is used when connecting to LDAP using START_TLS.
        'TLS - Truststore Password' - Password for the Truststore that is used when connecting to
            LDAP using START_TLS.
        'TLS - Truststore Type' - Type of the Truststore that is used when connecting to LDAP using
            START_TLS (i.e. JKS or PKCS12).
        'TLS - Client Auth' - Client authentication policy when connecting to LDAP using START_TLS.
            Possible values are REQUIRED, WANT, NONE.
        'TLS - Protocol' - Protocol to use when connecting to LDAP using START_TLS. (i.e. TLS,
            TLSv1.1, TLSv1.2, etc).
        'TLS - Shutdown Gracefully' - Specifies whether the TLS should be shut down gracefully 
            before the target context is closed. Defaults to false.
            
        'Referral Strategy' - Strategy for handling referrals. Possible values are FOLLOW, IGNORE, THROW.
        'Connect Timeout' - Duration of connect timeout. (i.e. 10 secs).
        'Read Timeout' - Duration of read timeout. (i.e. 10 secs).
       
        'Url' - Url of the LDAP servier (i.e. ldap://<hostname>:<port>).
        'User Search Base' - Base DN for searching for users (i.e. CN=Users,DC=example,DC=com).
        'User Search Filter' - Filter for searching for users against the 'User Search Base'.
            (i.e. sAMAccountName={0}). The user specified name is inserted into '{0}'.
            
        'Authentication Expiration' - The duration of how long the user authentication is valid
            for. If the user never logs out, they will be required to log back in following
            this duration.
    -->
    <provider>
        <identifier>ldap-provider</identifier>
        <class>org.apache.nifi.ldap.LdapProvider</class>
        <property name="Authentication Strategy">START_TLS</property>

        <property name="Manager DN">someuser</property>
        <property name="Manager Password">thisIsABadPassword</property>

        <property name="TLS - Keystore"></property>
        <property name="TLS - Keystore Password">thisIsABadPassword</property>
        <property name="TLS - Keystore Type"></property>
        <property name="TLS - Truststore"></property>
        <property name="TLS - Truststore Password">thisIsABadPassword</property>
        <property name="TLS - Truststore Type"></property>
        <property name="TLS - Client Auth"></property>
        <property name="TLS - Protocol"></property>
        <property name="TLS - Shutdown Gracefully"></property>
        
        <property name="Referral Strategy">FOLLOW</property>
        <property name="Connect Timeout">10 secs</property>
        <property name="Read Timeout">10 secs</property>

        <property name="Url"></property>
        <property name="User Search Base"></property>
        <property name="User Search Filter"></property>

        <property name="Authentication Expiration">12 hours</property>
    </provider>

    <!--
        Identity Provider for users logging in with username/password against a Kerberos KDC server.

        'Default Realm' - Default realm to provide when user enters incomplete user principal (i.e. NIFI.APACHE.ORG).
        'Authentication Expiration' - The duration of how long the user authentication is valid for. If the user never logs out, they will be required to log back in following this duration.
    -->
    <!-- To enable the kerberos-provider remove 2 lines. This is 1 of 2.
    <provider>
        <identifier>kerberos-provider</identifier>
        <class>org.apache.nifi.kerberos.KerberosProvider</class>
        <property name="Default Realm">NIFI.APACHE.ORG</property>
        <property name="Authentication Expiration">12 hours</property>
    </provider>
    To enable the kerberos-provider remove 2 lines. This is 2 of 2. -->
</loginIdentityProviders>
[main] INFO org.apache.nifi.properties.ConfigEncryptionTool - Attempting to encrypt property using protection scheme aes/gcm/256
[main] WARN org.apache.nifi.properties.AbstractBootstrapPropertiesLoader - System Property [nifi.properties.file.path] not found: Using Relative Path [conf/nifi.properties]
[main] WARN org.apache.nifi.properties.ConfigEncryptionTool - Could not load default bootstrap.conf: Configuration Directory [conf] not found for Bootstrap Properties
[main] INFO org.apache.nifi.properties.ConfigEncryptionTool - Attempting to encrypt property using protection scheme aes/gcm/256
[main] INFO org.apache.nifi.properties.ConfigEncryptionTool - Attempting to encrypt property using protection scheme aes/gcm/256
[main] INFO org.apache.nifi.properties.ConfigEncryptionTool - Updated XML content: <?xml version="1.0" encoding="UTF-8"?><loginIdentityProviders>
    
    <provider>
        <identifier>ldap-provider</identifier>
        <class>org.apache.nifi.ldap.LdapProvider</class>
        <property name="Authentication Strategy">START_TLS</property>

        <property name="Manager DN">someuser</property>
        <property name="Manager Password" encryption="aes/gcm/256">PKNhAwx/ET0F/gSq||WDuKrNNNlKU+hA7QwuRUFnpa7byDFYGuUUVKPhiC232tcQ</property>

        <property name="TLS - Keystore"/>
        <property name="TLS - Keystore Password" encryption="aes/gcm/256">G1duxhegk0Hu1ulh||g28bGjUnWU1PUp6Q/4Ix86iDBc8yEXPQkwK9JX48S/h3jA</property>
        <property name="TLS - Keystore Type"/>
        <property name="TLS - Truststore"/>
        <property name="TLS - Truststore Password" encryption="aes/gcm/256">61Js0CrfUX2doCsr||1I4qqRKPkPicbZpAKv/YtmRuiqWnAy0gwfjWzRPbNtXSZA</property>
        <property name="TLS - Truststore Type"/>
        <property name="TLS - Client Auth"/>
        <property name="TLS - Protocol"/>
        <property name="TLS - Shutdown Gracefully"/>
        
        <property name="Referral Strategy">FOLLOW</property>
        <property name="Connect Timeout">10 secs</property>
        <property name="Read Timeout">10 secs</property>

        <property name="Url"/>
        <property name="User Search Base"/>
        <property name="User Search Filter"/>

        <property name="Authentication Expiration">12 hours</property>
    </provider>

    
    
</loginIdentityProviders>

[main] INFO org.apache.nifi.properties.ConfigEncryptionToolTest - Encrypted XML: 
<?xml version="1.0" encoding="UTF-8"?><loginIdentityProviders>
    
    <provider>
        <identifier>ldap-provider</identifier>
        <class>org.apache.nifi.ldap.LdapProvider</class>
        <property name="Authentication Strategy">START_TLS</property>

        <property name="Manager DN">someuser</property>
        <property name="Manager Password" encryption="aes/gcm/256">PKNhAwx/ET0F/gSq||WDuKrNNNlKU+hA7QwuRUFnpa7byDFYGuUUVKPhiC232tcQ</property>

        <property name="TLS - Keystore"/>
        <property name="TLS - Keystore Password" encryption="aes/gcm/256">G1duxhegk0Hu1ulh||g28bGjUnWU1PUp6Q/4Ix86iDBc8yEXPQkwK9JX48S/h3jA</property>
        <property name="TLS - Keystore Type"/>
        <property name="TLS - Truststore"/>
        <property name="TLS - Truststore Password" encryption="aes/gcm/256">61Js0CrfUX2doCsr||1I4qqRKPkPicbZpAKv/YtmRuiqWnAy0gwfjWzRPbNtXSZA</property>
        <property name="TLS - Truststore Type"/>
        <property name="TLS - Client Auth"/>
        <property name="TLS - Protocol"/>
        <property name="TLS - Shutdown Gracefully"/>
        
        <property name="Referral Strategy">FOLLOW</property>
        <property name="Connect Timeout">10 secs</property>
        <property name="Read Timeout">10 secs</property>

        <property name="Url"/>
        <property name="User Search Base"/>
        <property name="User Search Filter"/>

        <property name="Authentication Expiration">12 hours</property>
    </provider>

    
    
</loginIdentityProviders>

[main] INFO org.apache.nifi.properties.ConfigEncryptionToolTest - Serialized lines: 
<?xml version="1.0" encoding="UTF-8" standalone="yes"?>
<!--
  Licensed to the Apache Software Foundation (ASF) under one or more
  contributor license agreements.  See the NOTICE file distributed with
  this work for additional information regarding copyright ownership.
  The ASF licenses this file to You under the Apache License, Version 2.0
  (the "License"); you may not use this file except in compliance with
  the License.  You may obtain a copy of the License at
      http://www.apache.org/licenses/LICENSE-2.0
  Unless required by applicable law or agreed to in writing, software
  distributed under the License is distributed on an "AS IS" BASIS,
  WITHOUT WARRANTIES OR CONDITIONS OF ANY KIND, either express or implied.
  See the License for the specific language governing permissions and
  limitations under the License.
-->
<!--
    This file lists the login identity providers to use when running securely. In order
    to use a specific provider it must be configured here and it's identifier
    must be specified in the nifi.properties file.
-->
<loginIdentityProviders>
    <!--
        Identity Provider for users logging in with username/password against an LDAP server.
        
        'Authentication Strategy' - How the connection to the LDAP server is authenticated. Possible
            values are ANONYMOUS, SIMPLE, or START_TLS.
        
        'Manager DN' - The DN of the manager that is used to bind to the LDAP server to search for users.
        'Manager Password' - The password of the manager that is used to bind to the LDAP server to
            search for users.
            
        'TLS - Keystore' - Path to the Keystore that is used when connecting to LDAP using START_TLS.
        'TLS - Keystore Password' - Password for the Keystore that is used when connecting to LDAP
            using START_TLS.
        'TLS - Keystore Type' - Type of the Keystore that is used when connecting to LDAP using
            START_TLS (i.e. JKS or PKCS12).
        'TLS - Truststore' - Path to the Truststore that is used when connecting to LDAP using START_TLS.
        'TLS - Truststore Password' - Password for the Truststore that is used when connecting to
            LDAP using START_TLS.
        'TLS - Truststore Type' - Type of the Truststore that is used when connecting to LDAP using
            START_TLS (i.e. JKS or PKCS12).
        'TLS - Client Auth' - Client authentication policy when connecting to LDAP using START_TLS.
            Possible values are REQUIRED, WANT, NONE.
        'TLS - Protocol' - Protocol to use when connecting to LDAP using START_TLS. (i.e. TLS,
            TLSv1.1, TLSv1.2, etc).
        'TLS - Shutdown Gracefully' - Specifies whether the TLS should be shut down gracefully 
            before the target context is closed. Defaults to false.
            
        'Referral Strategy' - Strategy for handling referrals. Possible values are FOLLOW, IGNORE, THROW.
        'Connect Timeout' - Duration of connect timeout. (i.e. 10 secs).
        'Read Timeout' - Duration of read timeout. (i.e. 10 secs).
       
        'Url' - Url of the LDAP servier (i.e. ldap://<hostname>:<port>).
        'User Search Base' - Base DN for searching for users (i.e. CN=Users,DC=example,DC=com).
        'User Search Filter' - Filter for searching for users against the 'User Search Base'.
            (i.e. sAMAccountName={0}). The user specified name is inserted into '{0}'.
            
        'Authentication Expiration' - The duration of how long the user authentication is valid
            for. If the user never logs out, they will be required to log back in following
            this duration.
    -->
    <provider>
        <identifier>ldap-provider</identifier>
        <class>org.apache.nifi.ldap.LdapProvider</class>
        <property name="Authentication Strategy">START_TLS</property>

        <property name="Manager DN">someuser</property>
        <property encryption="aes/gcm/256" name="Manager Password">PKNhAwx/ET0F/gSq||WDuKrNNNlKU+hA7QwuRUFnpa7byDFYGuUUVKPhiC232tcQ</property>

        <property name="TLS - Keystore"/>
        <property encryption="aes/gcm/256" name="TLS - Keystore Password">G1duxhegk0Hu1ulh||g28bGjUnWU1PUp6Q/4Ix86iDBc8yEXPQkwK9JX48S/h3jA</property>
        <property name="TLS - Keystore Type"/>
        <property name="TLS - Truststore"/>
        <property encryption="aes/gcm/256" name="TLS - Truststore Password">61Js0CrfUX2doCsr||1I4qqRKPkPicbZpAKv/YtmRuiqWnAy0gwfjWzRPbNtXSZA</property>
        <property name="TLS - Truststore Type"/>
        <property name="TLS - Client Auth"/>
        <property name="TLS - Protocol"/>
        <property name="TLS - Shutdown Gracefully"/>
        
        <property name="Referral Strategy">FOLLOW</property>
        <property name="Connect Timeout">10 secs</property>
        <property name="Read Timeout">10 secs</property>

        <property name="Url"/>
        <property name="User Search Base"/>
        <property name="User Search Filter"/>

        <property name="Authentication Expiration">12 hours</property>
    </provider>


    <!--
        Identity Provider for users logging in with username/password against a Kerberos KDC server.

        'Default Realm' - Default realm to provide when user enters incomplete user principal (i.e. NIFI.APACHE.ORG).
        'Authentication Expiration' - The duration of how long the user authentication is valid for. If the user never logs out, they will be required to log back in following this duration.
    -->
    <!-- To enable the kerberos-provider remove 2 lines. This is 1 of 2.
    <provider>
        <identifier>kerberos-provider</identifier>
        <class>org.apache.nifi.kerberos.KerberosProvider</class>
        <property name="Default Realm">NIFI.APACHE.ORG</property>
        <property name="Authentication Expiration">12 hours</property>
    </provider>
    To enable the kerberos-provider remove 2 lines. This is 2 of 2. -->
</loginIdentityProviders>
]]></system-err>
  </testcase>
  <testcase name="testShouldUpdateBootstrapContentsWithKeyAndComment" classname="org.apache.nifi.properties.ConfigEncryptionToolTest" time="0.001">
    <system-err><![CDATA[[main] INFO org.apache.nifi.properties.ConfigEncryptionToolTest - Updated bootstrap.conf lines: [# Root key in hexadecimal format for encrypted sensitive configuration values, nifi.bootstrap.sensitive.key=0123456789ABCDEFFEDCBA98765432100123456789ABCDEFFEDCBA9876543210]
]]></system-err>
  </testcase>
  <testcase name="testShouldReadKeyFromConsole" classname="org.apache.nifi.properties.ConfigEncryptionToolTest" time="0.003">
    <system-err><![CDATA[[main] INFO org.apache.nifi.properties.ConfigEncryptionToolTest - Read key: [0123 4567]
[main] INFO org.apache.nifi.properties.ConfigEncryptionToolTest - Read key: [0123456789ABCDEFFEDCBA98765432100123456789ABCDEFFEDCBA9876543210]
[main] INFO org.apache.nifi.properties.ConfigEncryptionToolTest - Read key: [   0123456789ABCDEFFEDCBA98765432100123456789ABCDEFFEDCBA9876543210   ]
[main] INFO org.apache.nifi.properties.ConfigEncryptionToolTest - Read key: [non-hex-chars]
]]></system-err>
  </testcase>
  <testcase name="testDecryptLoginIdentityProvidersShouldHandleCommentedElements" classname="org.apache.nifi.properties.ConfigEncryptionToolTest" time="0.021">
    <system-err><![CDATA[[main] INFO org.apache.nifi.properties.ConfigEncryptionToolTest - Read lines: 
<?xml version="1.0" encoding="UTF-8" standalone="yes"?>
<!--
  Licensed to the Apache Software Foundation (ASF) under one or more
  contributor license agreements.  See the NOTICE file distributed with
  this work for additional information regarding copyright ownership.
  The ASF licenses this file to You under the Apache License, Version 2.0
  (the "License"); you may not use this file except in compliance with
  the License.  You may obtain a copy of the License at
      http://www.apache.org/licenses/LICENSE-2.0
  Unless required by applicable law or agreed to in writing, software
  distributed under the License is distributed on an "AS IS" BASIS,
  WITHOUT WARRANTIES OR CONDITIONS OF ANY KIND, either express or implied.
  See the License for the specific language governing permissions and
  limitations under the License.
-->
<!--
    This file lists the login identity providers to use when running securely. In order
    to use a specific provider it must be configured here and it's identifier
    must be specified in the nifi.properties file.
-->
<loginIdentityProviders>
    <!--
        Identity Provider for users logging in with username/password against an LDAP server.
        
        'Authentication Strategy' - How the connection to the LDAP server is authenticated. Possible
            values are ANONYMOUS, SIMPLE, or START_TLS.
        
        'Manager DN' - The DN of the manager that is used to bind to the LDAP server to search for users.
        'Manager Password' - The password of the manager that is used to bind to the LDAP server to
            search for users.
            
        'TLS - Keystore' - Path to the Keystore that is used when connecting to LDAP using START_TLS.
        'TLS - Keystore Password' - Password for the Keystore that is used when connecting to LDAP
            using START_TLS.
        'TLS - Keystore Type' - Type of the Keystore that is used when connecting to LDAP using
            START_TLS (i.e. JKS or PKCS12).
        'TLS - Truststore' - Path to the Truststore that is used when connecting to LDAP using START_TLS.
        'TLS - Truststore Password' - Password for the Truststore that is used when connecting to
            LDAP using START_TLS.
        'TLS - Truststore Type' - Type of the Truststore that is used when connecting to LDAP using
            START_TLS (i.e. JKS or PKCS12).
        'TLS - Client Auth' - Client authentication policy when connecting to LDAP using START_TLS.
            Possible values are REQUIRED, WANT, NONE.
        'TLS - Protocol' - Protocol to use when connecting to LDAP using START_TLS. (i.e. TLS,
            TLSv1.1, TLSv1.2, etc).
        'TLS - Shutdown Gracefully' - Specifies whether the TLS should be shut down gracefully 
            before the target context is closed. Defaults to false.
            
        'Referral Strategy' - Strategy for handling referrals. Possible values are FOLLOW, IGNORE, THROW.
        'Connect Timeout' - Duration of connect timeout. (i.e. 10 secs).
        'Read Timeout' - Duration of read timeout. (i.e. 10 secs).
       
        'Url' - Url of the LDAP servier (i.e. ldap://<hostname>:<port>).
        'User Search Base' - Base DN for searching for users (i.e. CN=Users,DC=example,DC=com).
        'User Search Filter' - Filter for searching for users against the 'User Search Base'.
            (i.e. sAMAccountName={0}). The user specified name is inserted into '{0}'.
            
        'Authentication Expiration' - The duration of how long the user authentication is valid
            for. If the user never logs out, they will be required to log back in following
            this duration.
    -->
    <!-- To enable the ldap-provider remove 2 lines. This is 1 of 2. 
    <provider>
        <identifier>ldap-provider</identifier>
        <class>org.apache.nifi.ldap.LdapProvider</class>
        <property name="Authentication Strategy">START_TLS</property>

        <property name="Manager DN"></property>
        <property name="Manager Password"></property>

        <property name="TLS - Keystore"></property>
        <property name="TLS - Keystore Password"></property>
        <property name="TLS - Keystore Type"></property>
        <property name="TLS - Truststore"></property>
        <property name="TLS - Truststore Password"></property>
        <property name="TLS - Truststore Type"></property>
        <property name="TLS - Client Auth"></property>
        <property name="TLS - Protocol"></property>
        <property name="TLS - Shutdown Gracefully"></property>
        
        <property name="Referral Strategy">FOLLOW</property>
        <property name="Connect Timeout">10 secs</property>
        <property name="Read Timeout">10 secs</property>

        <property name="Url"></property>
        <property name="User Search Base"></property>
        <property name="User Search Filter"></property>

        <property name="Authentication Expiration">12 hours</property>
    </provider>
    To enable the ldap-provider remove 2 lines. This is 2 of 2. -->

    <!--
        Identity Provider for users logging in with username/password against a Kerberos KDC server.

        'Default Realm' - Default realm to provide when user enters incomplete user principal (i.e. NIFI.APACHE.ORG).
        'Authentication Expiration' - The duration of how long the user authentication is valid for. If the user never logs out, they will be required to log back in following this duration.
    -->
    <!-- To enable the kerberos-provider remove 2 lines. This is 1 of 2.
    <provider>
        <identifier>kerberos-provider</identifier>
        <class>org.apache.nifi.kerberos.KerberosProvider</class>
        <property name="Default Realm">NIFI.APACHE.ORG</property>
        <property name="Authentication Expiration">12 hours</property>
    </provider>
    To enable the kerberos-provider remove 2 lines. This is 2 of 2. -->
</loginIdentityProviders>
[main] INFO org.apache.nifi.properties.ConfigEncryptionTool - No encrypted password property elements found in login-identity-providers.xml
[main] INFO org.apache.nifi.properties.ConfigEncryptionToolTest - Decrypted lines: 
<?xml version="1.0" encoding="UTF-8" standalone="yes"?>
<!--
  Licensed to the Apache Software Foundation (ASF) under one or more
  contributor license agreements.  See the NOTICE file distributed with
  this work for additional information regarding copyright ownership.
  The ASF licenses this file to You under the Apache License, Version 2.0
  (the "License"); you may not use this file except in compliance with
  the License.  You may obtain a copy of the License at
      http://www.apache.org/licenses/LICENSE-2.0
  Unless required by applicable law or agreed to in writing, software
  distributed under the License is distributed on an "AS IS" BASIS,
  WITHOUT WARRANTIES OR CONDITIONS OF ANY KIND, either express or implied.
  See the License for the specific language governing permissions and
  limitations under the License.
-->
<!--
    This file lists the login identity providers to use when running securely. In order
    to use a specific provider it must be configured here and it's identifier
    must be specified in the nifi.properties file.
-->
<loginIdentityProviders>
    <!--
        Identity Provider for users logging in with username/password against an LDAP server.
        
        'Authentication Strategy' - How the connection to the LDAP server is authenticated. Possible
            values are ANONYMOUS, SIMPLE, or START_TLS.
        
        'Manager DN' - The DN of the manager that is used to bind to the LDAP server to search for users.
        'Manager Password' - The password of the manager that is used to bind to the LDAP server to
            search for users.
            
        'TLS - Keystore' - Path to the Keystore that is used when connecting to LDAP using START_TLS.
        'TLS - Keystore Password' - Password for the Keystore that is used when connecting to LDAP
            using START_TLS.
        'TLS - Keystore Type' - Type of the Keystore that is used when connecting to LDAP using
            START_TLS (i.e. JKS or PKCS12).
        'TLS - Truststore' - Path to the Truststore that is used when connecting to LDAP using START_TLS.
        'TLS - Truststore Password' - Password for the Truststore that is used when connecting to
            LDAP using START_TLS.
        'TLS - Truststore Type' - Type of the Truststore that is used when connecting to LDAP using
            START_TLS (i.e. JKS or PKCS12).
        'TLS - Client Auth' - Client authentication policy when connecting to LDAP using START_TLS.
            Possible values are REQUIRED, WANT, NONE.
        'TLS - Protocol' - Protocol to use when connecting to LDAP using START_TLS. (i.e. TLS,
            TLSv1.1, TLSv1.2, etc).
        'TLS - Shutdown Gracefully' - Specifies whether the TLS should be shut down gracefully 
            before the target context is closed. Defaults to false.
            
        'Referral Strategy' - Strategy for handling referrals. Possible values are FOLLOW, IGNORE, THROW.
        'Connect Timeout' - Duration of connect timeout. (i.e. 10 secs).
        'Read Timeout' - Duration of read timeout. (i.e. 10 secs).
       
        'Url' - Url of the LDAP servier (i.e. ldap://<hostname>:<port>).
        'User Search Base' - Base DN for searching for users (i.e. CN=Users,DC=example,DC=com).
        'User Search Filter' - Filter for searching for users against the 'User Search Base'.
            (i.e. sAMAccountName={0}). The user specified name is inserted into '{0}'.
            
        'Authentication Expiration' - The duration of how long the user authentication is valid
            for. If the user never logs out, they will be required to log back in following
            this duration.
    -->
    <!-- To enable the ldap-provider remove 2 lines. This is 1 of 2. 
    <provider>
        <identifier>ldap-provider</identifier>
        <class>org.apache.nifi.ldap.LdapProvider</class>
        <property name="Authentication Strategy">START_TLS</property>

        <property name="Manager DN"></property>
        <property name="Manager Password"></property>

        <property name="TLS - Keystore"></property>
        <property name="TLS - Keystore Password"></property>
        <property name="TLS - Keystore Type"></property>
        <property name="TLS - Truststore"></property>
        <property name="TLS - Truststore Password"></property>
        <property name="TLS - Truststore Type"></property>
        <property name="TLS - Client Auth"></property>
        <property name="TLS - Protocol"></property>
        <property name="TLS - Shutdown Gracefully"></property>
        
        <property name="Referral Strategy">FOLLOW</property>
        <property name="Connect Timeout">10 secs</property>
        <property name="Read Timeout">10 secs</property>

        <property name="Url"></property>
        <property name="User Search Base"></property>
        <property name="User Search Filter"></property>

        <property name="Authentication Expiration">12 hours</property>
    </provider>
    To enable the ldap-provider remove 2 lines. This is 2 of 2. -->

    <!--
        Identity Provider for users logging in with username/password against a Kerberos KDC server.

        'Default Realm' - Default realm to provide when user enters incomplete user principal (i.e. NIFI.APACHE.ORG).
        'Authentication Expiration' - The duration of how long the user authentication is valid for. If the user never logs out, they will be required to log back in following this duration.
    -->
    <!-- To enable the kerberos-provider remove 2 lines. This is 1 of 2.
    <provider>
        <identifier>kerberos-provider</identifier>
        <class>org.apache.nifi.kerberos.KerberosProvider</class>
        <property name="Default Realm">NIFI.APACHE.ORG</property>
        <property name="Authentication Expiration">12 hours</property>
    </provider>
    To enable the kerberos-provider remove 2 lines. This is 2 of 2. -->
</loginIdentityProviders>
]]></system-err>
  </testcase>
  <testcase name="testShouldTranslateCliWithEncryptedInput" classname="org.apache.nifi.properties.ConfigEncryptionToolTest" time="0.036">
    <system-out><![CDATA[baseUrl=https://nifi.nifi.apache.org:8443
keystore=/path/to/keystore.jks
keystoreType=JKS
keystorePasswd=thisIsABadKeystorePassword
keyPasswd=thisIsABadKeyPassword
truststore=
truststoreType=
truststorePasswd=
proxiedEntity=
Tried to exit with status 0.

usage: org.apache.nifi.properties.ConfigEncryptionTool [-h] [-v] [-n <file>] [-o <file>] [-l <file>] [-i <file>] [-a <file>] [-u <file>] [-f <file>] [-g <file>]
       [-b <file>] [-S <protectionScheme>] [-k <keyhex>] [-e <keyhex>] [-H <protectionScheme>] [-p <password>] [-w <password>] [-r] [-m] [-x] [-s
       <password|keyhex>] [-A <algorithm>] [-P <algorithm>] [-c]

This tool reads from a nifi.properties and/or login-identity-providers.xml file with plain sensitive configuration values, prompts the user for a root key, and
encrypts each value. It will replace the plain value with the protected value in the same file (or write to a new file if specified). It can also be used to
migrate already-encrypted values in those files or in flow.xml.gz to be encrypted with a new key.

 -h,--help                                     Show usage information (this message)
 -v,--verbose                                  Sets verbose mode (default false)
 -n,--niFiProperties <file>                    The nifi.properties file containing unprotected config values (will be overwritten unless -o is specified)
 -o,--outputNiFiProperties <file>              The destination nifi.properties file containing protected config values (will not modify input nifi.properties)
 -l,--loginIdentityProviders <file>            The login-identity-providers.xml file containing unprotected config values (will be overwritten unless -i is
                                               specified)
 -i,--outputLoginIdentityProviders <file>      The destination login-identity-providers.xml file containing protected config values (will not modify input
                                               login-identity-providers.xml)
 -a,--authorizers <file>                       The authorizers.xml file containing unprotected config values (will be overwritten unless -u is specified)
 -u,--outputAuthorizers <file>                 The destination authorizers.xml file containing protected config values (will not modify input authorizers.xml)
 -f,--flowXml <file>                           The flow.xml.gz file currently protected with old password (will be overwritten unless -g is specified)
 -g,--outputFlowXml <file>                     The destination flow.xml.gz file containing protected config values (will not modify input flow.xml.gz)
 -b,--bootstrapConf <file>                     The bootstrap.conf file to persist root key and to optionally provide any configuration for the protection
                                               scheme.
 -S,--protectionScheme <protectionScheme>      Selects the protection scheme for encrypted properties.  Valid values are: [AES_GCM, AWS_SECRETSMANAGER, AWS_KMS,
                                               AZURE_KEYVAULT_KEY, AZURE_KEYVAULT_SECRET, GCP_KMS, HASHICORP_VAULT_KV, HASHICORP_VAULT_TRANSIT] (default is
                                               AES_GCM)
 -k,--key <keyhex>                             The raw hexadecimal key to use to encrypt the sensitive properties
 -e,--oldKey <keyhex>                          The old raw hexadecimal key to use during key migration
 -H,--oldProtectionScheme <protectionScheme>   The old protection scheme to use during encryption migration (see --protectionScheme for possible values).
                                               Default is AES_GCM
 -p,--password <password>                      The password from which to derive the key to use to encrypt the sensitive properties
 -w,--oldPassword <password>                   The old password from which to derive the key during migration
 -r,--useRawKey                                If provided, the secure console will prompt for the raw key value in hexadecimal form
 -m,--migrate                                  If provided, the nifi.properties and/or login-identity-providers.xml sensitive properties will be re-encrypted
                                               with the new scheme
 -x,--encryptFlowXmlOnly                       If provided, the properties in flow.xml.gz will be re-encrypted with a new key but the nifi.properties and/or
                                               login-identity-providers.xml files will not be modified
 -s,--propsKey <password|keyhex>               The password or key to use to encrypt the sensitive processor properties in flow.xml.gz
 -A,--newFlowAlgorithm <algorithm>             The algorithm to use to encrypt the sensitive processor properties in flow.xml.gz
 -P,--newFlowProvider <algorithm>              The security provider to use to encrypt the sensitive processor properties in flow.xml.gz
 -c,--translateCli                             Translates the nifi.properties file to a format suitable for the NiFi CLI tool

Java home: null
NiFi Toolkit home: null
]]></system-out>
    <system-err><![CDATA[[main] WARN org.apache.nifi.properties.AbstractBootstrapPropertiesLoader - System Property [nifi.properties.file.path] not found: Using Relative Path [conf/nifi.properties]
[main] INFO org.apache.nifi.properties.NiFiPropertiesLoader - Loaded 85 properties from /home/alex/Repositories/nifi/nifi-toolkit/nifi-toolkit-encrypt-config/src/test/resources/nifi_with_sensitive_properties_protected_aes.properties
[main] INFO org.apache.nifi.properties.ConfigEncryptionToolTest - Loaded 82 properties from input file
[main] INFO org.apache.nifi.properties.ConfigEncryptionToolTest - Original sensitive values: [nifi.security.keyPasswd:thisIsABadKeyPassword, nifi.security.keystorePasswd:thisIsABadKeystorePassword, nifi.security.truststorePasswd:, nifi.sensitive.props.key:thisIsABadSensitiveKeyPassword, nifi.provenance.repository.encryption.key:null, nifi.provenance.repository.encryption.key.provider.password:null, nifi.flowfile.repository.encryption.key.provider.password:null, nifi.content.repository.encryption.key.provider.password:null, nifi.repository.encryption.key.provider.keystore.password:null]
[main] WARN org.apache.nifi.properties.ConfigEncryptionTool - The source nifi.properties and destination nifi.properties are identical [src/test/resources/nifi_with_sensitive_properties_protected_aes.properties] so the original will be overwritten
[main] INFO org.apache.nifi.properties.NiFiPropertiesLoader - Loaded 85 properties from /home/alex/Repositories/nifi/nifi-toolkit/nifi-toolkit-encrypt-config/src/test/resources/nifi_with_sensitive_properties_protected_aes.properties
[main] INFO org.apache.nifi.properties.ConfigEncryptionTool - Loaded NiFiProperties instance with 82 properties
[main] INFO org.apache.nifi.properties.ConfigEncryptionToolTest - STDOUT:
	baseUrl=https://nifi.nifi.apache.org:8443
	keystore=/path/to/keystore.jks
	keystoreType=JKS
	keystorePasswd=thisIsABadKeystorePassword
	keyPasswd=thisIsABadKeyPassword
	truststore=
	truststoreType=
	truststorePasswd=
	proxiedEntity=
]]></system-err>
  </testcase>
  <testcase name="testShouldDecryptLoginIdentityProvidersWithMultilineElements" classname="org.apache.nifi.properties.ConfigEncryptionToolTest" time="0.031">
    <system-err><![CDATA[[main] INFO org.apache.nifi.properties.ConfigEncryptionToolTest - Read lines: 
<?xml version="1.0" encoding="UTF-8" standalone="yes"?>
<!--
  Licensed to the Apache Software Foundation (ASF) under one or more
  contributor license agreements.  See the NOTICE file distributed with
  this work for additional information regarding copyright ownership.
  The ASF licenses this file to You under the Apache License, Version 2.0
  (the "License"); you may not use this file except in compliance with
  the License.  You may obtain a copy of the License at
      http://www.apache.org/licenses/LICENSE-2.0
  Unless required by applicable law or agreed to in writing, software
  distributed under the License is distributed on an "AS IS" BASIS,
  WITHOUT WARRANTIES OR CONDITIONS OF ANY KIND, either express or implied.
  See the License for the specific language governing permissions and
  limitations under the License.
-->
<!--
    This file lists the login identity providers to use when running securely. In order
    to use a specific provider it must be configured here and it's identifier
    must be specified in the nifi.properties file.
-->
<loginIdentityProviders>
    <!--
        Identity Provider for users logging in with username/password against an LDAP server.
        
        'Authentication Strategy' - How the connection to the LDAP server is authenticated. Possible
            values are ANONYMOUS, SIMPLE, or START_TLS.
        
        'Manager DN' - The DN of the manager that is used to bind to the LDAP server to search for users.
        'Manager Password' - The password of the manager that is used to bind to the LDAP server to
            search for users.
            
        'TLS - Keystore' - Path to the Keystore that is used when connecting to LDAP using START_TLS.
        'TLS - Keystore Password' - Password for the Keystore that is used when connecting to LDAP
            using START_TLS.
        'TLS - Keystore Type' - Type of the Keystore that is used when connecting to LDAP using
            START_TLS (i.e. JKS or PKCS12).
        'TLS - Truststore' - Path to the Truststore that is used when connecting to LDAP using START_TLS.
        'TLS - Truststore Password' - Password for the Truststore that is used when connecting to
            LDAP using START_TLS.
        'TLS - Truststore Type' - Type of the Truststore that is used when connecting to LDAP using
            START_TLS (i.e. JKS or PKCS12).
        'TLS - Client Auth' - Client authentication policy when connecting to LDAP using START_TLS.
            Possible values are REQUIRED, WANT, NONE.
        'TLS - Protocol' - Protocol to use when connecting to LDAP using START_TLS. (i.e. TLS,
            TLSv1.1, TLSv1.2, etc).
        'TLS - Shutdown Gracefully' - Specifies whether the TLS should be shut down gracefully 
            before the target context is closed. Defaults to false.
            
        'Referral Strategy' - Strategy for handling referrals. Possible values are FOLLOW, IGNORE, THROW.
        'Connect Timeout' - Duration of connect timeout. (i.e. 10 secs).
        'Read Timeout' - Duration of read timeout. (i.e. 10 secs).
       
        'Url' - Url of the LDAP servier (i.e. ldap://<hostname>:<port>).
        'User Search Base' - Base DN for searching for users (i.e. CN=Users,DC=example,DC=com).
        'User Search Filter' - Filter for searching for users against the 'User Search Base'.
            (i.e. sAMAccountName={0}). The user specified name is inserted into '{0}'.
            
        'Authentication Expiration' - The duration of how long the user authentication is valid
            for. If the user never logs out, they will be required to log back in following
            this duration.
    -->
    <provider>
        <identifier>ldap-provider</identifier>
        <class>org.apache.nifi.ldap.LdapProvider</class>
        <property name="Authentication Strategy">START_TLS</property>

        <property name="Manager DN">someuser</property>
        <property name="Manager Password" encryption=
                "aes/gcm/128">q4r7WIgN0MaxdAKM||SGgdCTPGSFEcuH4RraMYEdeyVbOx93abdWTVSWvh1w+klA</property>

        <property name="TLS - Keystore"></property>
        <property
                name="TLS - Keystore Password"
                encryption="aes/gcm/128">
            Uah59TWX+Ru5GY5p||B44RT/LJtC08QWA5ehQf01JxIpf0qSJUzug25UwkF5a50g
        </property>
        <property name="TLS - Keystore Type"></property>
        <property name="TLS - Truststore"></property>
        <property name="TLS - Truststore Password">thisIsABadPassword</property>
        <property name="TLS - Truststore Type"></property>
        <property name="TLS - Client Auth"></property>
        <property name="TLS - Protocol"></property>
        <property name="TLS - Shutdown Gracefully"></property>

        <property name="Referral Strategy">FOLLOW</property>
        <property name="Connect Timeout">10 secs</property>
        <property name="Read Timeout">10 secs</property>

        <property name="Url"></property>
        <property name="User Search Base"></property>
        <property name="User Search Filter"></property>

        <property name="Authentication Expiration">12 hours</property>
    </provider>

    <!--
        Identity Provider for users logging in with username/password against a Kerberos KDC server.

        'Default Realm' - Default realm to provide when user enters incomplete user principal (i.e. NIFI.APACHE.ORG).
        'Authentication Expiration' - The duration of how long the user authentication is valid for. If the user never logs out, they will be required to log back in following this duration.
    -->
    <!-- To enable the kerberos-provider remove 2 lines. This is 1 of 2.
    <provider>
        <identifier>kerberos-provider</identifier>
        <class>org.apache.nifi.kerberos.KerberosProvider</class>
        <property name="Default Realm">NIFI.APACHE.ORG</property>
        <property name="Authentication Expiration">12 hours</property>
    </provider>
    To enable the kerberos-provider remove 2 lines. This is 2 of 2. -->
</loginIdentityProviders>
[main] INFO org.apache.nifi.properties.ConfigEncryptionTool - Attempting to decrypt q4r7WIgN0MaxdAKM||SGgdCTPGSFEcuH4RraMYEdeyVbOx93abdWTVSWvh1w+klA using protection scheme aes/gcm/128
[main] WARN org.apache.nifi.properties.AbstractBootstrapPropertiesLoader - System Property [nifi.properties.file.path] not found: Using Relative Path [conf/nifi.properties]
[main] WARN org.apache.nifi.properties.ConfigEncryptionTool - Could not load default bootstrap.conf: Configuration Directory [conf] not found for Bootstrap Properties
[main] INFO org.apache.nifi.properties.ConfigEncryptionTool - Attempting to decrypt 
            Uah59TWX+Ru5GY5p||B44RT/LJtC08QWA5ehQf01JxIpf0qSJUzug25UwkF5a50g
         using protection scheme aes/gcm/128
[main] INFO org.apache.nifi.properties.ConfigEncryptionTool - Updated XML content: <?xml version="1.0" encoding="UTF-8"?><loginIdentityProviders>
    
    <provider>
        <identifier>ldap-provider</identifier>
        <class>org.apache.nifi.ldap.LdapProvider</class>
        <property name="Authentication Strategy">START_TLS</property>

        <property name="Manager DN">someuser</property>
        <property name="Manager Password" encryption="none">thisIsABadPassword</property>

        <property name="TLS - Keystore"/>
        <property name="TLS - Keystore Password" encryption="none">thisIsABadPassword</property>
        <property name="TLS - Keystore Type"/>
        <property name="TLS - Truststore"/>
        <property name="TLS - Truststore Password">thisIsABadPassword</property>
        <property name="TLS - Truststore Type"/>
        <property name="TLS - Client Auth"/>
        <property name="TLS - Protocol"/>
        <property name="TLS - Shutdown Gracefully"/>

        <property name="Referral Strategy">FOLLOW</property>
        <property name="Connect Timeout">10 secs</property>
        <property name="Read Timeout">10 secs</property>

        <property name="Url"/>
        <property name="User Search Base"/>
        <property name="User Search Filter"/>

        <property name="Authentication Expiration">12 hours</property>
    </provider>

    
    
</loginIdentityProviders>

[main] INFO org.apache.nifi.properties.ConfigEncryptionToolTest - Decrypted lines: 
<?xml version="1.0" encoding="UTF-8"?><loginIdentityProviders>
    
    <provider>
        <identifier>ldap-provider</identifier>
        <class>org.apache.nifi.ldap.LdapProvider</class>
        <property name="Authentication Strategy">START_TLS</property>

        <property name="Manager DN">someuser</property>
        <property name="Manager Password" encryption="none">thisIsABadPassword</property>

        <property name="TLS - Keystore"/>
        <property name="TLS - Keystore Password" encryption="none">thisIsABadPassword</property>
        <property name="TLS - Keystore Type"/>
        <property name="TLS - Truststore"/>
        <property name="TLS - Truststore Password">thisIsABadPassword</property>
        <property name="TLS - Truststore Type"/>
        <property name="TLS - Client Auth"/>
        <property name="TLS - Protocol"/>
        <property name="TLS - Shutdown Gracefully"/>

        <property name="Referral Strategy">FOLLOW</property>
        <property name="Connect Timeout">10 secs</property>
        <property name="Read Timeout">10 secs</property>

        <property name="Url"/>
        <property name="User Search Base"/>
        <property name="User Search Filter"/>

        <property name="Authentication Expiration">12 hours</property>
    </provider>

    
    
</loginIdentityProviders>
]]></system-err>
  </testcase>
  <testcase name="testWriteLoginIdentityProvidersShouldHandleUnreadableFile" classname="org.apache.nifi.properties.ConfigEncryptionToolTest" time="0.031">
    <system-err><![CDATA[[main] INFO org.apache.nifi.properties.ConfigEncryptionToolTest - Read lines: 
<?xml version="1.0" encoding="UTF-8" standalone="yes"?>
<!--
  Licensed to the Apache Software Foundation (ASF) under one or more
  contributor license agreements.  See the NOTICE file distributed with
  this work for additional information regarding copyright ownership.
  The ASF licenses this file to You under the Apache License, Version 2.0
  (the "License"); you may not use this file except in compliance with
  the License.  You may obtain a copy of the License at
      http://www.apache.org/licenses/LICENSE-2.0
  Unless required by applicable law or agreed to in writing, software
  distributed under the License is distributed on an "AS IS" BASIS,
  WITHOUT WARRANTIES OR CONDITIONS OF ANY KIND, either express or implied.
  See the License for the specific language governing permissions and
  limitations under the License.
-->
<!--
    This file lists the login identity providers to use when running securely. In order
    to use a specific provider it must be configured here and it's identifier
    must be specified in the nifi.properties file.
-->
<loginIdentityProviders>
    <!--
        Identity Provider for users logging in with username/password against an LDAP server.
        
        'Authentication Strategy' - How the connection to the LDAP server is authenticated. Possible
            values are ANONYMOUS, SIMPLE, or START_TLS.
        
        'Manager DN' - The DN of the manager that is used to bind to the LDAP server to search for users.
        'Manager Password' - The password of the manager that is used to bind to the LDAP server to
            search for users.
            
        'TLS - Keystore' - Path to the Keystore that is used when connecting to LDAP using START_TLS.
        'TLS - Keystore Password' - Password for the Keystore that is used when connecting to LDAP
            using START_TLS.
        'TLS - Keystore Type' - Type of the Keystore that is used when connecting to LDAP using
            START_TLS (i.e. JKS or PKCS12).
        'TLS - Truststore' - Path to the Truststore that is used when connecting to LDAP using START_TLS.
        'TLS - Truststore Password' - Password for the Truststore that is used when connecting to
            LDAP using START_TLS.
        'TLS - Truststore Type' - Type of the Truststore that is used when connecting to LDAP using
            START_TLS (i.e. JKS or PKCS12).
        'TLS - Client Auth' - Client authentication policy when connecting to LDAP using START_TLS.
            Possible values are REQUIRED, WANT, NONE.
        'TLS - Protocol' - Protocol to use when connecting to LDAP using START_TLS. (i.e. TLS,
            TLSv1.1, TLSv1.2, etc).
        'TLS - Shutdown Gracefully' - Specifies whether the TLS should be shut down gracefully 
            before the target context is closed. Defaults to false.
            
        'Referral Strategy' - Strategy for handling referrals. Possible values are FOLLOW, IGNORE, THROW.
        'Connect Timeout' - Duration of connect timeout. (i.e. 10 secs).
        'Read Timeout' - Duration of read timeout. (i.e. 10 secs).
       
        'Url' - Url of the LDAP servier (i.e. ldap://<hostname>:<port>).
        'User Search Base' - Base DN for searching for users (i.e. CN=Users,DC=example,DC=com).
        'User Search Filter' - Filter for searching for users against the 'User Search Base'.
            (i.e. sAMAccountName={0}). The user specified name is inserted into '{0}'.
            
        'Authentication Expiration' - The duration of how long the user authentication is valid
            for. If the user never logs out, they will be required to log back in following
            this duration.
    -->
    <provider>
        <identifier>ldap-provider</identifier>
        <class>org.apache.nifi.ldap.LdapProvider</class>
        <property name="Authentication Strategy">START_TLS</property>

        <property name="Manager DN">someuser</property>
        <property name="Manager Password">thisIsABadPassword</property>

        <property name="TLS - Keystore"></property>
        <property name="TLS - Keystore Password">thisIsABadPassword</property>
        <property name="TLS - Keystore Type"></property>
        <property name="TLS - Truststore"></property>
        <property name="TLS - Truststore Password">thisIsABadPassword</property>
        <property name="TLS - Truststore Type"></property>
        <property name="TLS - Client Auth"></property>
        <property name="TLS - Protocol"></property>
        <property name="TLS - Shutdown Gracefully"></property>
        
        <property name="Referral Strategy">FOLLOW</property>
        <property name="Connect Timeout">10 secs</property>
        <property name="Read Timeout">10 secs</property>

        <property name="Url"></property>
        <property name="User Search Base"></property>
        <property name="User Search Filter"></property>

        <property name="Authentication Expiration">12 hours</property>
    </provider>

    <!--
        Identity Provider for users logging in with username/password against a Kerberos KDC server.

        'Default Realm' - Default realm to provide when user enters incomplete user principal (i.e. NIFI.APACHE.ORG).
        'Authentication Expiration' - The duration of how long the user authentication is valid for. If the user never logs out, they will be required to log back in following this duration.
    -->
    <!-- To enable the kerberos-provider remove 2 lines. This is 1 of 2.
    <provider>
        <identifier>kerberos-provider</identifier>
        <class>org.apache.nifi.kerberos.KerberosProvider</class>
        <property name="Default Realm">NIFI.APACHE.ORG</property>
        <property name="Authentication Expiration">12 hours</property>
    </provider>
    To enable the kerberos-provider remove 2 lines. This is 2 of 2. -->
</loginIdentityProviders>
[main] INFO org.apache.nifi.properties.ConfigEncryptionTool - Attempting to encrypt property using protection scheme aes/gcm/256
[main] WARN org.apache.nifi.properties.AbstractBootstrapPropertiesLoader - System Property [nifi.properties.file.path] not found: Using Relative Path [conf/nifi.properties]
[main] WARN org.apache.nifi.properties.ConfigEncryptionTool - Could not load default bootstrap.conf: Configuration Directory [conf] not found for Bootstrap Properties
[main] INFO org.apache.nifi.properties.ConfigEncryptionTool - Attempting to encrypt property using protection scheme aes/gcm/256
[main] INFO org.apache.nifi.properties.ConfigEncryptionTool - Attempting to encrypt property using protection scheme aes/gcm/256
[main] INFO org.apache.nifi.properties.ConfigEncryptionTool - Updated XML content: <?xml version="1.0" encoding="UTF-8"?><loginIdentityProviders>
    
    <provider>
        <identifier>ldap-provider</identifier>
        <class>org.apache.nifi.ldap.LdapProvider</class>
        <property name="Authentication Strategy">START_TLS</property>

        <property name="Manager DN">someuser</property>
        <property name="Manager Password" encryption="aes/gcm/256">fizvoPyJHOaODGqj||H36fBL5NmkPNMnkC9CrHOmvPcmNRmVXR45oqdSo79NNsYw</property>

        <property name="TLS - Keystore"/>
        <property name="TLS - Keystore Password" encryption="aes/gcm/256">putZ6aRf5mckjGnv||Ji+f3ASDTEPM0cTgxBS+4b+PH1ii3a7GZvpsNJcRjf1USA</property>
        <property name="TLS - Keystore Type"/>
        <property name="TLS - Truststore"/>
        <property name="TLS - Truststore Password" encryption="aes/gcm/256">WLJKdadJlaxx9AGd||UP5eKeWZBQvdHsI7C+fzhtIW0tOVieLy6IKc7r0LW2rZcw</property>
        <property name="TLS - Truststore Type"/>
        <property name="TLS - Client Auth"/>
        <property name="TLS - Protocol"/>
        <property name="TLS - Shutdown Gracefully"/>
        
        <property name="Referral Strategy">FOLLOW</property>
        <property name="Connect Timeout">10 secs</property>
        <property name="Read Timeout">10 secs</property>

        <property name="Url"/>
        <property name="User Search Base"/>
        <property name="User Search Filter"/>

        <property name="Authentication Expiration">12 hours</property>
    </provider>

    
    
</loginIdentityProviders>

[main] INFO org.apache.nifi.properties.ConfigEncryptionToolTest - Encrypted XML: 
<?xml version="1.0" encoding="UTF-8"?><loginIdentityProviders>
    
    <provider>
        <identifier>ldap-provider</identifier>
        <class>org.apache.nifi.ldap.LdapProvider</class>
        <property name="Authentication Strategy">START_TLS</property>

        <property name="Manager DN">someuser</property>
        <property name="Manager Password" encryption="aes/gcm/256">fizvoPyJHOaODGqj||H36fBL5NmkPNMnkC9CrHOmvPcmNRmVXR45oqdSo79NNsYw</property>

        <property name="TLS - Keystore"/>
        <property name="TLS - Keystore Password" encryption="aes/gcm/256">putZ6aRf5mckjGnv||Ji+f3ASDTEPM0cTgxBS+4b+PH1ii3a7GZvpsNJcRjf1USA</property>
        <property name="TLS - Keystore Type"/>
        <property name="TLS - Truststore"/>
        <property name="TLS - Truststore Password" encryption="aes/gcm/256">WLJKdadJlaxx9AGd||UP5eKeWZBQvdHsI7C+fzhtIW0tOVieLy6IKc7r0LW2rZcw</property>
        <property name="TLS - Truststore Type"/>
        <property name="TLS - Client Auth"/>
        <property name="TLS - Protocol"/>
        <property name="TLS - Shutdown Gracefully"/>
        
        <property name="Referral Strategy">FOLLOW</property>
        <property name="Connect Timeout">10 secs</property>
        <property name="Read Timeout">10 secs</property>

        <property name="Url"/>
        <property name="User Search Base"/>
        <property name="User Search Filter"/>

        <property name="Authentication Expiration">12 hours</property>
    </provider>

    
    
</loginIdentityProviders>

[main] INFO org.apache.nifi.properties.ConfigEncryptionToolTest - Written lines: 
<?xml version="1.0" encoding="UTF-8"?><loginIdentityProviders>
    
    <provider>
        <identifier>ldap-provider</identifier>
        <class>org.apache.nifi.ldap.LdapProvider</class>
        <property name="Authentication Strategy">START_TLS</property>

        <property name="Manager DN">someuser</property>
        <property name="Manager Password" encryption="aes/gcm/256">fizvoPyJHOaODGqj||H36fBL5NmkPNMnkC9CrHOmvPcmNRmVXR45oqdSo79NNsYw</property>

        <property name="TLS - Keystore"/>
        <property name="TLS - Keystore Password" encryption="aes/gcm/256">putZ6aRf5mckjGnv||Ji+f3ASDTEPM0cTgxBS+4b+PH1ii3a7GZvpsNJcRjf1USA</property>
        <property name="TLS - Keystore Type"/>
        <property name="TLS - Truststore"/>
        <property name="TLS - Truststore Password" encryption="aes/gcm/256">WLJKdadJlaxx9AGd||UP5eKeWZBQvdHsI7C+fzhtIW0tOVieLy6IKc7r0LW2rZcw</property>
        <property name="TLS - Truststore Type"/>
        <property name="TLS - Client Auth"/>
        <property name="TLS - Protocol"/>
        <property name="TLS - Shutdown Gracefully"/>
        
        <property name="Referral Strategy">FOLLOW</property>
        <property name="Connect Timeout">10 secs</property>
        <property name="Read Timeout">10 secs</property>

        <property name="Url"/>
        <property name="User Search Base"/>
        <property name="User Search Filter"/>

        <property name="Authentication Expiration">12 hours</property>
    </provider>

    
    
</loginIdentityProviders>
]]></system-err>
  </testcase>
  <testcase name="testShouldPerformFullOperationMultipleTimes" classname="org.apache.nifi.properties.ConfigEncryptionToolTest" time="0.512">
    <system-err><![CDATA[[main] INFO org.apache.nifi.properties.ConfigEncryptionToolTest - Original key line from bootstrap.conf: nifi.bootstrap.sensitive.key=
[main] INFO org.apache.nifi.properties.ConfigEncryptionToolTest - Derived key from password [thisIsABadPassword]: 2C576A9585DB862F5ECBEE5B4FFFCCA14B18D8365968D7081651006507AD2BDE
[main] WARN org.apache.nifi.properties.AbstractBootstrapPropertiesLoader - System Property [nifi.properties.file.path] not found: Using Relative Path [conf/nifi.properties]
[main] INFO org.apache.nifi.properties.NiFiPropertiesLoader - Loaded 82 properties from /home/alex/Repositories/nifi/nifi-toolkit/nifi-toolkit-encrypt-config/src/test/resources/nifi_with_sensitive_properties_unprotected.properties
[main] INFO org.apache.nifi.properties.ConfigEncryptionToolTest - Loaded 82 properties from input file
[main] INFO org.apache.nifi.properties.ConfigEncryptionToolTest - Original sensitive values: [nifi.security.keyPasswd:thisIsABadKeyPassword, nifi.security.keystorePasswd:thisIsABadKeystorePassword, nifi.security.truststorePasswd:, nifi.sensitive.props.key:thisIsABadSensitiveKeyPassword, nifi.provenance.repository.encryption.key:null, nifi.provenance.repository.encryption.key.provider.password:null, nifi.flowfile.repository.encryption.key.provider.password:null, nifi.content.repository.encryption.key.provider.password:null, nifi.repository.encryption.key.provider.keystore.password:null]
[main] INFO org.apache.nifi.properties.ConfigEncryptionToolTest - Invoked #main first time with -n src/test/resources/nifi_with_sensitive_properties_unprotected.properties -b target/tmp/tmp_bootstrap.conf -o target/tmp/tmp_nifi.properties -p thisIsABadPassword -v
[main] INFO org.apache.nifi.properties.ConfigEncryptionTool - Handling encryption of nifi.properties
[main] INFO org.apache.nifi.properties.ConfigEncryptionTool -        bootstrap.conf:               target/tmp/tmp_bootstrap.conf
[main] INFO org.apache.nifi.properties.ConfigEncryptionTool - (src)  nifi.properties:              src/test/resources/nifi_with_sensitive_properties_unprotected.properties
[main] INFO org.apache.nifi.properties.ConfigEncryptionTool - (dest) nifi.properties:              target/tmp/tmp_nifi.properties
[main] INFO org.apache.nifi.properties.ConfigEncryptionTool - (src)  login-identity-providers.xml: null
[main] INFO org.apache.nifi.properties.ConfigEncryptionTool - (dest) login-identity-providers.xml: null
[main] INFO org.apache.nifi.properties.ConfigEncryptionTool - (src)  authorizers.xml:              null
[main] INFO org.apache.nifi.properties.ConfigEncryptionTool - (dest) authorizers.xml:              null
[main] INFO org.apache.nifi.properties.ConfigEncryptionTool - (src)  flow.xml.gz:                  conf/flow.xml.gz
[main] INFO org.apache.nifi.properties.ConfigEncryptionTool - (dest) flow.xml.gz:                  null
[main] INFO org.apache.nifi.properties.NiFiPropertiesLoader - Loaded 82 properties from /home/alex/Repositories/nifi/nifi-toolkit/nifi-toolkit-encrypt-config/src/test/resources/nifi_with_sensitive_properties_unprotected.properties
[main] INFO org.apache.nifi.properties.NiFiPropertiesLoader - Loaded 82 properties from /home/alex/Repositories/nifi/nifi-toolkit/nifi-toolkit-encrypt-config/src/test/resources/nifi_with_sensitive_properties_unprotected.properties
[main] INFO org.apache.nifi.properties.ConfigEncryptionTool - Loaded NiFiProperties instance with 82 properties
[main] INFO org.apache.nifi.properties.ConfigEncryptionTool - Protected nifi.security.keyPasswd with aes/gcm/256 -> 	LNeDTOc9J6ARmfZc||f4SywIvdd5pE4Tg4IFH9gqHbfDzGwk6Gx/Ci8RMqvH1jCGEJMg
[main] INFO org.apache.nifi.properties.ConfigEncryptionTool - Updated protection key nifi.security.keyPasswd.protected
[main] INFO org.apache.nifi.properties.ConfigEncryptionTool - Protected nifi.security.keystorePasswd with aes/gcm/256 -> 	6uIBi7cQAWl2JJFg||rfMYvq853ouBiGRGiV3VjOYol7iKINUI/jmcMabRsKx/qHc+gg2AVRaT
[main] INFO org.apache.nifi.properties.ConfigEncryptionTool - Updated protection key nifi.security.keystorePasswd.protected
[main] INFO org.apache.nifi.properties.ConfigEncryptionTool - Protected nifi.sensitive.props.key with aes/gcm/256 -> 	N2nz8HqWYzV3b8pY||Mj7ZWeAdfal3cOLzsG6fYEqQCAoyM5FLuqX05kXD6/QL+m/jXxPcIG6FpDO5sA
[main] INFO org.apache.nifi.properties.ConfigEncryptionTool - Updated protection key nifi.sensitive.props.key.protected
[main] INFO org.apache.nifi.properties.ConfigEncryptionTool - Final result: 85 keys including 3 protected keys
[main] INFO org.apache.nifi.properties.ConfigEncryptionToolTest - [EXPECTED] Tried to exit with status 0.
[main] INFO org.apache.nifi.properties.ConfigEncryptionToolTest - Invoked #main second time with -n target/tmp/tmp_nifi.properties -b target/tmp/tmp_bootstrap.conf -p thisIsABadPassword -v
[main] INFO org.apache.nifi.properties.ConfigEncryptionTool - Handling encryption of nifi.properties
[main] WARN org.apache.nifi.properties.ConfigEncryptionTool - The source nifi.properties and destination nifi.properties are identical [target/tmp/tmp_nifi.properties] so the original will be overwritten
[main] INFO org.apache.nifi.properties.ConfigEncryptionTool -        bootstrap.conf:               target/tmp/tmp_bootstrap.conf
[main] INFO org.apache.nifi.properties.ConfigEncryptionTool - (src)  nifi.properties:              target/tmp/tmp_nifi.properties
[main] INFO org.apache.nifi.properties.ConfigEncryptionTool - (dest) nifi.properties:              target/tmp/tmp_nifi.properties
[main] INFO org.apache.nifi.properties.ConfigEncryptionTool - (src)  login-identity-providers.xml: null
[main] INFO org.apache.nifi.properties.ConfigEncryptionTool - (dest) login-identity-providers.xml: null
[main] INFO org.apache.nifi.properties.ConfigEncryptionTool - (src)  authorizers.xml:              null
[main] INFO org.apache.nifi.properties.ConfigEncryptionTool - (dest) authorizers.xml:              null
[main] INFO org.apache.nifi.properties.ConfigEncryptionTool - (src)  flow.xml.gz:                  conf/flow.xml.gz
[main] INFO org.apache.nifi.properties.ConfigEncryptionTool - (dest) flow.xml.gz:                  null
[main] INFO org.apache.nifi.properties.NiFiPropertiesLoader - Loaded 85 properties from /home/alex/Repositories/nifi/nifi-toolkit/nifi-toolkit-encrypt-config/target/tmp/tmp_nifi.properties
[main] INFO org.apache.nifi.properties.NiFiPropertiesLoader - Loaded 85 properties from /home/alex/Repositories/nifi/nifi-toolkit/nifi-toolkit-encrypt-config/target/tmp/tmp_nifi.properties
[main] INFO org.apache.nifi.properties.ConfigEncryptionTool - Loaded NiFiProperties instance with 82 properties
[main] INFO org.apache.nifi.properties.ConfigEncryptionTool - Protected nifi.ui.banner.text with aes/gcm/256 -> 	8xOvfjumujNoVNz3||VwqHcKXiYKy/QDPhdD4obGZMumw2RVwkpcdmkUaR
[main] INFO org.apache.nifi.properties.ConfigEncryptionTool - Updated protection key nifi.ui.banner.text.protected
[main] INFO org.apache.nifi.properties.ConfigEncryptionTool - Protected nifi.security.keyPasswd with aes/gcm/256 -> 	wPOCY304+AE59EKr||qKu8caL1h1X8nrBCDNHshLkK6mZRzW8PTGqEPrVQzg1uhGrZHQ
[main] INFO org.apache.nifi.properties.ConfigEncryptionTool - Updated protection key nifi.security.keyPasswd.protected
[main] INFO org.apache.nifi.properties.ConfigEncryptionTool - Protected nifi.security.keystorePasswd with aes/gcm/256 -> 	7o7nLQe5fmovTVNL||pXRMtFD5E6r4wGv0Ujgd0EwUulnQalvI1y35TDKl/QY9GjOUIZlZ3Uic
[main] INFO org.apache.nifi.properties.ConfigEncryptionTool - Updated protection key nifi.security.keystorePasswd.protected
[main] INFO org.apache.nifi.properties.ConfigEncryptionTool - Protected nifi.sensitive.props.key with aes/gcm/256 -> 	jN1m+Li8/CxPto/T||Q51A5PlPJnqv0mLEn44SaKHh24M0PuQqKPeF0vOfClLm32K5yoBx+loOUBDNuw
[main] INFO org.apache.nifi.properties.ConfigEncryptionTool - Updated protection key nifi.sensitive.props.key.protected
[main] INFO org.apache.nifi.properties.ConfigEncryptionTool - Final result: 86 keys including 4 protected keys
[main] INFO org.apache.nifi.properties.ConfigEncryptionToolTest - Updated nifi.properties:
[main] INFO org.apache.nifi.properties.ConfigEncryptionToolTest - 

# Licensed to the Apache Software Foundation (ASF) under one or more
# contributor license agreements.  See the NOTICE file distributed with
# this work for additional information regarding copyright ownership.
# The ASF licenses this file to You under the Apache License, Version 2.0
# (the "License"); you may not use this file except in compliance with
# the License.  You may obtain a copy of the License at
#
#     http://www.apache.org/licenses/LICENSE-2.0
#
# Unless required by applicable law or agreed to in writing, software
# distributed under the License is distributed on an "AS IS" BASIS,
# WITHOUT WARRANTIES OR CONDITIONS OF ANY KIND, either express or implied.
# See the License for the specific language governing permissions and
# limitations under the License.

# Core Properties #
nifi.flow.configuration.file=./target/flow.xml.gz
nifi.flow.configuration.archive.dir=./target/archive/
nifi.flowcontroller.autoResumeState=true
nifi.flowcontroller.graceful.shutdown.period=10 sec
nifi.flowservice.writedelay.interval=2 sec
nifi.administrative.yield.duration=30 sec

nifi.reporting.task.configuration.file=./target/reporting-tasks.xml
nifi.controller.service.configuration.file=./target/controller-services.xml
nifi.templates.directory=./target/templates
nifi.ui.banner.text=8xOvfjumujNoVNz3||VwqHcKXiYKy/QDPhdD4obGZMumw2RVwkpcdmkUaR
nifi.ui.banner.text.protected=aes/gcm/256
nifi.ui.autorefresh.interval=30 sec
nifi.nar.library.directory=./target/resources/NiFiProperties/lib/
nifi.nar.library.directory.alt=./target/resources/NiFiProperties/lib2/
nifi.nar.working.directory=./target/work/nar/

# H2 Settings
nifi.database.directory=./target/database_repository
nifi.h2.url.append=;LOCK_TIMEOUT=25000;WRITE_DELAY=0;AUTO_SERVER=FALSE

# FlowFile Repository
nifi.flowfile.repository.directory=./target/test-repo
nifi.flowfile.repository.partitions=1
nifi.flowfile.repository.checkpoint.interval=2 mins
nifi.queue.swap.threshold=20000
nifi.swap.storage.directory=./target/test-repo/swap
nifi.swap.in.period=5 sec
nifi.swap.in.threads=1
nifi.swap.out.period=5 sec
nifi.swap.out.threads=4

# Content Repository
nifi.content.claim.max.appendable.size=10 MB
nifi.content.claim.max.flow.files=100
nifi.content.repository.directory.default=./target/content_repository

# Provenance Repository Properties
nifi.provenance.repository.storage.directory=./target/provenance_repository
nifi.provenance.repository.max.storage.time=24 hours
nifi.provenance.repository.max.storage.size=1 GB
nifi.provenance.repository.rollover.time=30 secs
nifi.provenance.repository.rollover.size=100 MB

# Site to Site properties
nifi.remote.input.socket.port=9990
nifi.remote.input.secure=true

# web properties #
nifi.web.war.directory=./target/lib
nifi.web.http.host=
nifi.web.http.port=
nifi.web.https.host=nifi.nifi.apache.org
nifi.web.https.port=8443
nifi.web.jetty.working.directory=./target/work/jetty

# security properties #
nifi.sensitive.props.key=jN1m+Li8/CxPto/T||Q51A5PlPJnqv0mLEn44SaKHh24M0PuQqKPeF0vOfClLm32K5yoBx+loOUBDNuw
nifi.sensitive.props.key.protected=aes/gcm/256
nifi.sensitive.props.algorithm=PBEWITHMD5AND256BITAES-CBC-OPENSSL
nifi.sensitive.props.additional.keys=nifi.ui.banner.text

nifi.security.keystore=/path/to/keystore.jks
nifi.security.keystoreType=JKS
nifi.security.keystorePasswd=7o7nLQe5fmovTVNL||pXRMtFD5E6r4wGv0Ujgd0EwUulnQalvI1y35TDKl/QY9GjOUIZlZ3Uic
nifi.security.keystorePasswd.protected=aes/gcm/256
nifi.security.keyPasswd=wPOCY304+AE59EKr||qKu8caL1h1X8nrBCDNHshLkK6mZRzW8PTGqEPrVQzg1uhGrZHQ
nifi.security.keyPasswd.protected=aes/gcm/256
nifi.security.truststore=
nifi.security.truststoreType=
nifi.security.truststorePasswd=
nifi.security.user.authorizer=

# cluster common properties (cluster manager and nodes must have same values) #
nifi.cluster.protocol.heartbeat.interval=5 sec
nifi.cluster.protocol.is.secure=false
nifi.cluster.protocol.socket.timeout=30 sec
nifi.cluster.protocol.connection.handshake.timeout=45 sec
# if multicast is used, then nifi.cluster.protocol.multicast.xxx properties must be configured #
nifi.cluster.protocol.use.multicast=false
nifi.cluster.protocol.multicast.address=
nifi.cluster.protocol.multicast.port=
nifi.cluster.protocol.multicast.service.broadcast.delay=500 ms
nifi.cluster.protocol.multicast.service.locator.attempts=3
nifi.cluster.protocol.multicast.service.locator.attempts.delay=1 sec

# cluster node properties (only configure for cluster nodes) #
nifi.cluster.is.node=false
nifi.cluster.node.address=
nifi.cluster.node.protocol.port=
nifi.cluster.node.protocol.threads=2
# if multicast is not used, nifi.cluster.node.unicast.xxx must have same values as nifi.cluster.manager.xxx #
nifi.cluster.node.unicast.manager.address=
nifi.cluster.node.unicast.manager.protocol.port=
nifi.cluster.node.unicast.manager.authority.provider.port=

# cluster manager properties (only configure for cluster manager) #
nifi.cluster.is.manager=false
nifi.cluster.manager.address=
nifi.cluster.manager.protocol.port=
nifi.cluster.manager.authority.provider.port=
nifi.cluster.manager.authority.provider.threads=10
nifi.cluster.manager.node.firewall.file=
nifi.cluster.manager.node.event.history.size=10
nifi.cluster.manager.node.api.connection.timeout=30 sec
nifi.cluster.manager.node.api.read.timeout=30 sec
nifi.cluster.manager.node.api.request.threads=10
nifi.cluster.manager.flow.retrieval.delay=5 sec
nifi.cluster.manager.protocol.threads=10
nifi.cluster.manager.safemode.duration=0 sec
[main] WARN org.apache.nifi.properties.AbstractBootstrapPropertiesLoader - System Property [nifi.properties.file.path] not found: Using Relative Path [conf/nifi.properties]
[main] INFO org.apache.nifi.properties.NiFiPropertiesLoader - Loaded 86 properties from /home/alex/Repositories/nifi/nifi-toolkit/nifi-toolkit-encrypt-config/target/tmp/tmp_nifi.properties
[main] INFO org.apache.nifi.properties.ConfigEncryptionToolTest - Updated key line: nifi.bootstrap.sensitive.key=2C576A9585DB862F5ECBEE5B4FFFCCA14B18D8365968D7081651006507AD2BDE
]]></system-err>
  </testcase>
  <testcase name="testShouldPrintHelpMessage" classname="org.apache.nifi.properties.ConfigEncryptionToolTest" time="0.022">
    <system-out><![CDATA[usage: org.apache.nifi.properties.ConfigEncryptionTool [-h] [-v] [-n <file>] [-o <file>] [-l <file>] [-i <file>] [-a <file>] [-u <file>] [-f <file>] [-g <file>]
       [-b <file>] [-S <protectionScheme>] [-k <keyhex>] [-e <keyhex>] [-H <protectionScheme>] [-p <password>] [-w <password>] [-r] [-m] [-x] [-s
       <password|keyhex>] [-A <algorithm>] [-P <algorithm>] [-c]

This tool reads from a nifi.properties and/or login-identity-providers.xml file with plain sensitive configuration values, prompts the user for a root key, and
encrypts each value. It will replace the plain value with the protected value in the same file (or write to a new file if specified). It can also be used to
migrate already-encrypted values in those files or in flow.xml.gz to be encrypted with a new key.

 -h,--help                                     Show usage information (this message)
 -v,--verbose                                  Sets verbose mode (default false)
 -n,--niFiProperties <file>                    The nifi.properties file containing unprotected config values (will be overwritten unless -o is specified)
 -o,--outputNiFiProperties <file>              The destination nifi.properties file containing protected config values (will not modify input nifi.properties)
 -l,--loginIdentityProviders <file>            The login-identity-providers.xml file containing unprotected config values (will be overwritten unless -i is
                                               specified)
 -i,--outputLoginIdentityProviders <file>      The destination login-identity-providers.xml file containing protected config values (will not modify input
                                               login-identity-providers.xml)
 -a,--authorizers <file>                       The authorizers.xml file containing unprotected config values (will be overwritten unless -u is specified)
 -u,--outputAuthorizers <file>                 The destination authorizers.xml file containing protected config values (will not modify input authorizers.xml)
 -f,--flowXml <file>                           The flow.xml.gz file currently protected with old password (will be overwritten unless -g is specified)
 -g,--outputFlowXml <file>                     The destination flow.xml.gz file containing protected config values (will not modify input flow.xml.gz)
 -b,--bootstrapConf <file>                     The bootstrap.conf file to persist root key and to optionally provide any configuration for the protection
                                               scheme.
 -S,--protectionScheme <protectionScheme>      Selects the protection scheme for encrypted properties.  Valid values are: [AES_GCM, AWS_SECRETSMANAGER, AWS_KMS,
                                               AZURE_KEYVAULT_KEY, AZURE_KEYVAULT_SECRET, GCP_KMS, HASHICORP_VAULT_KV, HASHICORP_VAULT_TRANSIT] (default is
                                               AES_GCM)
 -k,--key <keyhex>                             The raw hexadecimal key to use to encrypt the sensitive properties
 -e,--oldKey <keyhex>                          The old raw hexadecimal key to use during key migration
 -H,--oldProtectionScheme <protectionScheme>   The old protection scheme to use during encryption migration (see --protectionScheme for possible values).
                                               Default is AES_GCM
 -p,--password <password>                      The password from which to derive the key to use to encrypt the sensitive properties
 -w,--oldPassword <password>                   The old password from which to derive the key during migration
 -r,--useRawKey                                If provided, the secure console will prompt for the raw key value in hexadecimal form
 -m,--migrate                                  If provided, the nifi.properties and/or login-identity-providers.xml sensitive properties will be re-encrypted
                                               with the new scheme
 -x,--encryptFlowXmlOnly                       If provided, the properties in flow.xml.gz will be re-encrypted with a new key but the nifi.properties and/or
                                               login-identity-providers.xml files will not be modified
 -s,--propsKey <password|keyhex>               The password or key to use to encrypt the sensitive processor properties in flow.xml.gz
 -A,--newFlowAlgorithm <algorithm>             The algorithm to use to encrypt the sensitive processor properties in flow.xml.gz
 -P,--newFlowProvider <algorithm>              The security provider to use to encrypt the sensitive processor properties in flow.xml.gz
 -c,--translateCli                             Translates the nifi.properties file to a format suitable for the NiFi CLI tool

Java home: null
NiFi Toolkit home: null
usage: org.apache.nifi.properties.ConfigEncryptionTool [-h] [-v] [-n <file>] [-o <file>] [-l <file>] [-i <file>] [-a <file>] [-u <file>] [-f <file>] [-g <file>]
       [-b <file>] [-S <protectionScheme>] [-k <keyhex>] [-e <keyhex>] [-H <protectionScheme>] [-p <password>] [-w <password>] [-r] [-m] [-x] [-s
       <password|keyhex>] [-A <algorithm>] [-P <algorithm>] [-c]

This tool reads from a nifi.properties and/or login-identity-providers.xml file with plain sensitive configuration values, prompts the user for a root key, and
encrypts each value. It will replace the plain value with the protected value in the same file (or write to a new file if specified). It can also be used to
migrate already-encrypted values in those files or in flow.xml.gz to be encrypted with a new key.

 -h,--help                                     Show usage information (this message)
 -v,--verbose                                  Sets verbose mode (default false)
 -n,--niFiProperties <file>                    The nifi.properties file containing unprotected config values (will be overwritten unless -o is specified)
 -o,--outputNiFiProperties <file>              The destination nifi.properties file containing protected config values (will not modify input nifi.properties)
 -l,--loginIdentityProviders <file>            The login-identity-providers.xml file containing unprotected config values (will be overwritten unless -i is
                                               specified)
 -i,--outputLoginIdentityProviders <file>      The destination login-identity-providers.xml file containing protected config values (will not modify input
                                               login-identity-providers.xml)
 -a,--authorizers <file>                       The authorizers.xml file containing unprotected config values (will be overwritten unless -u is specified)
 -u,--outputAuthorizers <file>                 The destination authorizers.xml file containing protected config values (will not modify input authorizers.xml)
 -f,--flowXml <file>                           The flow.xml.gz file currently protected with old password (will be overwritten unless -g is specified)
 -g,--outputFlowXml <file>                     The destination flow.xml.gz file containing protected config values (will not modify input flow.xml.gz)
 -b,--bootstrapConf <file>                     The bootstrap.conf file to persist root key and to optionally provide any configuration for the protection
                                               scheme.
 -S,--protectionScheme <protectionScheme>      Selects the protection scheme for encrypted properties.  Valid values are: [AES_GCM, AWS_SECRETSMANAGER, AWS_KMS,
                                               AZURE_KEYVAULT_KEY, AZURE_KEYVAULT_SECRET, GCP_KMS, HASHICORP_VAULT_KV, HASHICORP_VAULT_TRANSIT] (default is
                                               AES_GCM)
 -k,--key <keyhex>                             The raw hexadecimal key to use to encrypt the sensitive properties
 -e,--oldKey <keyhex>                          The old raw hexadecimal key to use during key migration
 -H,--oldProtectionScheme <protectionScheme>   The old protection scheme to use during encryption migration (see --protectionScheme for possible values).
                                               Default is AES_GCM
 -p,--password <password>                      The password from which to derive the key to use to encrypt the sensitive properties
 -w,--oldPassword <password>                   The old password from which to derive the key during migration
 -r,--useRawKey                                If provided, the secure console will prompt for the raw key value in hexadecimal form
 -m,--migrate                                  If provided, the nifi.properties and/or login-identity-providers.xml sensitive properties will be re-encrypted
                                               with the new scheme
 -x,--encryptFlowXmlOnly                       If provided, the properties in flow.xml.gz will be re-encrypted with a new key but the nifi.properties and/or
                                               login-identity-providers.xml files will not be modified
 -s,--propsKey <password|keyhex>               The password or key to use to encrypt the sensitive processor properties in flow.xml.gz
 -A,--newFlowAlgorithm <algorithm>             The algorithm to use to encrypt the sensitive processor properties in flow.xml.gz
 -P,--newFlowProvider <algorithm>              The security provider to use to encrypt the sensitive processor properties in flow.xml.gz
 -c,--translateCli                             Translates the nifi.properties file to a format suitable for the NiFi CLI tool

Java home: null
NiFi Toolkit home: null
]]></system-out>
  </testcase>
  <testcase name="testSerializeLoginIdentityProvidersAndPreserveFormatShouldHandleRenamedProvider" classname="org.apache.nifi.properties.ConfigEncryptionToolTest" time="0.053">
    <system-err><![CDATA[[main] INFO org.apache.nifi.properties.ConfigEncryptionToolTest - Read lines: 
<?xml version="1.0" encoding="UTF-8" standalone="yes"?>
<!--
  Licensed to the Apache Software Foundation (ASF) under one or more
  contributor license agreements.  See the NOTICE file distributed with
  this work for additional information regarding copyright ownership.
  The ASF licenses this file to You under the Apache License, Version 2.0
  (the "License"); you may not use this file except in compliance with
  the License.  You may obtain a copy of the License at
      http://www.apache.org/licenses/LICENSE-2.0
  Unless required by applicable law or agreed to in writing, software
  distributed under the License is distributed on an "AS IS" BASIS,
  WITHOUT WARRANTIES OR CONDITIONS OF ANY KIND, either express or implied.
  See the License for the specific language governing permissions and
  limitations under the License.
-->
<!--
    This file lists the login identity providers to use when running securely. In order
    to use a specific provider it must be configured here and it's identifier
    must be specified in the nifi.properties file.
-->
<loginIdentityProviders>
    <!--
        Identity Provider for users logging in with username/password against an LDAP server.
        
        'Authentication Strategy' - How the connection to the LDAP server is authenticated. Possible
            values are ANONYMOUS, SIMPLE, or START_TLS.
        
        'Manager DN' - The DN of the manager that is used to bind to the LDAP server to search for users.
        'Manager Password' - The password of the manager that is used to bind to the LDAP server to
            search for users.
            
        'TLS - Keystore' - Path to the Keystore that is used when connecting to LDAP using START_TLS.
        'TLS - Keystore Password' - Password for the Keystore that is used when connecting to LDAP
            using START_TLS.
        'TLS - Keystore Type' - Type of the Keystore that is used when connecting to LDAP using
            START_TLS (i.e. JKS or PKCS12).
        'TLS - Truststore' - Path to the Truststore that is used when connecting to LDAP using START_TLS.
        'TLS - Truststore Password' - Password for the Truststore that is used when connecting to
            LDAP using START_TLS.
        'TLS - Truststore Type' - Type of the Truststore that is used when connecting to LDAP using
            START_TLS (i.e. JKS or PKCS12).
        'TLS - Client Auth' - Client authentication policy when connecting to LDAP using START_TLS.
            Possible values are REQUIRED, WANT, NONE.
        'TLS - Protocol' - Protocol to use when connecting to LDAP using START_TLS. (i.e. TLS,
            TLSv1.1, TLSv1.2, etc).
        'TLS - Shutdown Gracefully' - Specifies whether the TLS should be shut down gracefully 
            before the target context is closed. Defaults to false.
            
        'Referral Strategy' - Strategy for handling referrals. Possible values are FOLLOW, IGNORE, THROW.
        'Connect Timeout' - Duration of connect timeout. (i.e. 10 secs).
        'Read Timeout' - Duration of read timeout. (i.e. 10 secs).
       
        'Url' - Url of the LDAP servier (i.e. ldap://<hostname>:<port>).
        'User Search Base' - Base DN for searching for users (i.e. CN=Users,DC=example,DC=com).
        'User Search Filter' - Filter for searching for users against the 'User Search Base'.
            (i.e. sAMAccountName={0}). The user specified name is inserted into '{0}'.
            
        'Authentication Expiration' - The duration of how long the user authentication is valid
            for. If the user never logs out, they will be required to log back in following
            this duration.
    -->
    <provider>
        <identifier>definitely-not-dap-lay-provider</identifier>
        <class>org.apache.nifi.ldap.LdapProvider</class>
        <property name="Authentication Strategy">START_TLS</property>

        <property name="Manager DN">someuser</property>
        <property name="Manager Password">thisIsABadPassword</property>

        <property name="TLS - Keystore"></property>
        <property name="TLS - Keystore Password">thisIsABadPassword</property>
        <property name="TLS - Keystore Type"></property>
        <property name="TLS - Truststore"></property>
        <property name="TLS - Truststore Password">thisIsABadPassword</property>
        <property name="TLS - Truststore Type"></property>
        <property name="TLS - Client Auth"></property>
        <property name="TLS - Protocol"></property>
        <property name="TLS - Shutdown Gracefully"></property>
        
        <property name="Referral Strategy">FOLLOW</property>
        <property name="Connect Timeout">10 secs</property>
        <property name="Read Timeout">10 secs</property>

        <property name="Url"></property>
        <property name="User Search Base"></property>
        <property name="User Search Filter"></property>

        <property name="Authentication Expiration">12 hours</property>
    </provider>

    <!--
        Identity Provider for users logging in with username/password against a Kerberos KDC server.

        'Default Realm' - Default realm to provide when user enters incomplete user principal (i.e. NIFI.APACHE.ORG).
        'Authentication Expiration' - The duration of how long the user authentication is valid for. If the user never logs out, they will be required to log back in following this duration.
    -->
    <!-- To enable the kerberos-provider remove 2 lines. This is 1 of 2.
    <provider>
        <identifier>kerberos-provider</identifier>
        <class>org.apache.nifi.kerberos.KerberosProvider</class>
        <property name="Default Realm">NIFI.APACHE.ORG</property>
        <property name="Authentication Expiration">12 hours</property>
    </provider>
    To enable the kerberos-provider remove 2 lines. This is 2 of 2. -->
</loginIdentityProviders>
[main] INFO org.apache.nifi.properties.ConfigEncryptionTool - Attempting to encrypt property using protection scheme aes/gcm/256
[main] WARN org.apache.nifi.properties.AbstractBootstrapPropertiesLoader - System Property [nifi.properties.file.path] not found: Using Relative Path [conf/nifi.properties]
[main] WARN org.apache.nifi.properties.ConfigEncryptionTool - Could not load default bootstrap.conf: Configuration Directory [conf] not found for Bootstrap Properties
[main] INFO org.apache.nifi.properties.ConfigEncryptionTool - Attempting to encrypt property using protection scheme aes/gcm/256
[main] INFO org.apache.nifi.properties.ConfigEncryptionTool - Attempting to encrypt property using protection scheme aes/gcm/256
[main] INFO org.apache.nifi.properties.ConfigEncryptionTool - Updated XML content: <?xml version="1.0" encoding="UTF-8"?><loginIdentityProviders>
    
    <provider>
        <identifier>definitely-not-dap-lay-provider</identifier>
        <class>org.apache.nifi.ldap.LdapProvider</class>
        <property name="Authentication Strategy">START_TLS</property>

        <property name="Manager DN">someuser</property>
        <property name="Manager Password" encryption="aes/gcm/256">DTpGPIGoEQbPRQvn||qm7Y9pW5cEQ4QPmvOEbIT1J2wdeojxdfcsfDcn3SS4c+HA</property>

        <property name="TLS - Keystore"/>
        <property name="TLS - Keystore Password" encryption="aes/gcm/256">GeSEsG37qStHkQMc||RFZSzmzhLTgMfMSapAkn+Yx2LO0eGYhTIKJGC78p+/mUTg</property>
        <property name="TLS - Keystore Type"/>
        <property name="TLS - Truststore"/>
        <property name="TLS - Truststore Password" encryption="aes/gcm/256">KWdRqXSFpycY7WZv||hgx0hM161syfhd2A2B0CQn4kNb69reb6uv01+TJlXFcPVw</property>
        <property name="TLS - Truststore Type"/>
        <property name="TLS - Client Auth"/>
        <property name="TLS - Protocol"/>
        <property name="TLS - Shutdown Gracefully"/>
        
        <property name="Referral Strategy">FOLLOW</property>
        <property name="Connect Timeout">10 secs</property>
        <property name="Read Timeout">10 secs</property>

        <property name="Url"/>
        <property name="User Search Base"/>
        <property name="User Search Filter"/>

        <property name="Authentication Expiration">12 hours</property>
    </provider>

    
    
</loginIdentityProviders>

[main] INFO org.apache.nifi.properties.ConfigEncryptionToolTest - Encrypted XML: 
<?xml version="1.0" encoding="UTF-8"?><loginIdentityProviders>
    
    <provider>
        <identifier>definitely-not-dap-lay-provider</identifier>
        <class>org.apache.nifi.ldap.LdapProvider</class>
        <property name="Authentication Strategy">START_TLS</property>

        <property name="Manager DN">someuser</property>
        <property name="Manager Password" encryption="aes/gcm/256">DTpGPIGoEQbPRQvn||qm7Y9pW5cEQ4QPmvOEbIT1J2wdeojxdfcsfDcn3SS4c+HA</property>

        <property name="TLS - Keystore"/>
        <property name="TLS - Keystore Password" encryption="aes/gcm/256">GeSEsG37qStHkQMc||RFZSzmzhLTgMfMSapAkn+Yx2LO0eGYhTIKJGC78p+/mUTg</property>
        <property name="TLS - Keystore Type"/>
        <property name="TLS - Truststore"/>
        <property name="TLS - Truststore Password" encryption="aes/gcm/256">KWdRqXSFpycY7WZv||hgx0hM161syfhd2A2B0CQn4kNb69reb6uv01+TJlXFcPVw</property>
        <property name="TLS - Truststore Type"/>
        <property name="TLS - Client Auth"/>
        <property name="TLS - Protocol"/>
        <property name="TLS - Shutdown Gracefully"/>
        
        <property name="Referral Strategy">FOLLOW</property>
        <property name="Connect Timeout">10 secs</property>
        <property name="Read Timeout">10 secs</property>

        <property name="Url"/>
        <property name="User Search Base"/>
        <property name="User Search Filter"/>

        <property name="Authentication Expiration">12 hours</property>
    </provider>

    
    
</loginIdentityProviders>

[main] INFO org.apache.nifi.properties.ConfigEncryptionToolTest - Serialized lines: 
<?xml version="1.0" encoding="UTF-8" standalone="yes"?>
<!--
  Licensed to the Apache Software Foundation (ASF) under one or more
  contributor license agreements.  See the NOTICE file distributed with
  this work for additional information regarding copyright ownership.
  The ASF licenses this file to You under the Apache License, Version 2.0
  (the "License"); you may not use this file except in compliance with
  the License.  You may obtain a copy of the License at
      http://www.apache.org/licenses/LICENSE-2.0
  Unless required by applicable law or agreed to in writing, software
  distributed under the License is distributed on an "AS IS" BASIS,
  WITHOUT WARRANTIES OR CONDITIONS OF ANY KIND, either express or implied.
  See the License for the specific language governing permissions and
  limitations under the License.
-->
<!--
    This file lists the login identity providers to use when running securely. In order
    to use a specific provider it must be configured here and it's identifier
    must be specified in the nifi.properties file.
-->
<loginIdentityProviders>
    <!--
        Identity Provider for users logging in with username/password against an LDAP server.
        
        'Authentication Strategy' - How the connection to the LDAP server is authenticated. Possible
            values are ANONYMOUS, SIMPLE, or START_TLS.
        
        'Manager DN' - The DN of the manager that is used to bind to the LDAP server to search for users.
        'Manager Password' - The password of the manager that is used to bind to the LDAP server to
            search for users.
            
        'TLS - Keystore' - Path to the Keystore that is used when connecting to LDAP using START_TLS.
        'TLS - Keystore Password' - Password for the Keystore that is used when connecting to LDAP
            using START_TLS.
        'TLS - Keystore Type' - Type of the Keystore that is used when connecting to LDAP using
            START_TLS (i.e. JKS or PKCS12).
        'TLS - Truststore' - Path to the Truststore that is used when connecting to LDAP using START_TLS.
        'TLS - Truststore Password' - Password for the Truststore that is used when connecting to
            LDAP using START_TLS.
        'TLS - Truststore Type' - Type of the Truststore that is used when connecting to LDAP using
            START_TLS (i.e. JKS or PKCS12).
        'TLS - Client Auth' - Client authentication policy when connecting to LDAP using START_TLS.
            Possible values are REQUIRED, WANT, NONE.
        'TLS - Protocol' - Protocol to use when connecting to LDAP using START_TLS. (i.e. TLS,
            TLSv1.1, TLSv1.2, etc).
        'TLS - Shutdown Gracefully' - Specifies whether the TLS should be shut down gracefully 
            before the target context is closed. Defaults to false.
            
        'Referral Strategy' - Strategy for handling referrals. Possible values are FOLLOW, IGNORE, THROW.
        'Connect Timeout' - Duration of connect timeout. (i.e. 10 secs).
        'Read Timeout' - Duration of read timeout. (i.e. 10 secs).
       
        'Url' - Url of the LDAP servier (i.e. ldap://<hostname>:<port>).
        'User Search Base' - Base DN for searching for users (i.e. CN=Users,DC=example,DC=com).
        'User Search Filter' - Filter for searching for users against the 'User Search Base'.
            (i.e. sAMAccountName={0}). The user specified name is inserted into '{0}'.
            
        'Authentication Expiration' - The duration of how long the user authentication is valid
            for. If the user never logs out, they will be required to log back in following
            this duration.
    -->
    <provider>
        <identifier>definitely-not-dap-lay-provider</identifier>
        <class>org.apache.nifi.ldap.LdapProvider</class>
        <property name="Authentication Strategy">START_TLS</property>

        <property name="Manager DN">someuser</property>
        <property encryption="aes/gcm/256" name="Manager Password">DTpGPIGoEQbPRQvn||qm7Y9pW5cEQ4QPmvOEbIT1J2wdeojxdfcsfDcn3SS4c+HA</property>

        <property name="TLS - Keystore"/>
        <property encryption="aes/gcm/256" name="TLS - Keystore Password">GeSEsG37qStHkQMc||RFZSzmzhLTgMfMSapAkn+Yx2LO0eGYhTIKJGC78p+/mUTg</property>
        <property name="TLS - Keystore Type"/>
        <property name="TLS - Truststore"/>
        <property encryption="aes/gcm/256" name="TLS - Truststore Password">KWdRqXSFpycY7WZv||hgx0hM161syfhd2A2B0CQn4kNb69reb6uv01+TJlXFcPVw</property>
        <property name="TLS - Truststore Type"/>
        <property name="TLS - Client Auth"/>
        <property name="TLS - Protocol"/>
        <property name="TLS - Shutdown Gracefully"/>
        
        <property name="Referral Strategy">FOLLOW</property>
        <property name="Connect Timeout">10 secs</property>
        <property name="Read Timeout">10 secs</property>

        <property name="Url"/>
        <property name="User Search Base"/>
        <property name="User Search Filter"/>

        <property name="Authentication Expiration">12 hours</property>
    </provider>


    <!--
        Identity Provider for users logging in with username/password against a Kerberos KDC server.

        'Default Realm' - Default realm to provide when user enters incomplete user principal (i.e. NIFI.APACHE.ORG).
        'Authentication Expiration' - The duration of how long the user authentication is valid for. If the user never logs out, they will be required to log back in following this duration.
    -->
    <!-- To enable the kerberos-provider remove 2 lines. This is 1 of 2.
    <provider>
        <identifier>kerberos-provider</identifier>
        <class>org.apache.nifi.kerberos.KerberosProvider</class>
        <property name="Default Realm">NIFI.APACHE.ORG</property>
        <property name="Authentication Expiration">12 hours</property>
    </provider>
    To enable the kerberos-provider remove 2 lines. This is 2 of 2. -->
</loginIdentityProviders>
]]></system-err>
  </testcase>
  <testcase name="testShouldWriteKeyToBootstrapConf" classname="org.apache.nifi.properties.ConfigEncryptionToolTest" time="0.006">
    <system-err><![CDATA[[main] INFO org.apache.nifi.properties.ConfigEncryptionToolTest - Original key line from bootstrap.conf: nifi.bootstrap.sensitive.key=
[main] WARN org.apache.nifi.properties.ConfigEncryptionTool - The source nifi.properties and destination nifi.properties are identical [nifi.properties] so the original will be overwritten
[main] INFO org.apache.nifi.properties.ConfigEncryptionToolTest - Updated bootstrap.conf
[main] INFO org.apache.nifi.properties.ConfigEncryptionToolTest - Updated key line: nifi.bootstrap.sensitive.key=0123456789ABCDEFFEDCBA98765432100123456789ABCDEFFEDCBA9876543210
]]></system-err>
  </testcase>
  <testcase name="testShouldParseBootstrapConfArgument" classname="org.apache.nifi.properties.ConfigEncryptionToolTest" time="0.004">
    <system-err><![CDATA[[main] WARN org.apache.nifi.properties.ConfigEncryptionTool - The source nifi.properties and destination nifi.properties are identical [nifi.properties] so the original will be overwritten
[main] INFO org.apache.nifi.properties.ConfigEncryptionToolTest - Parsed bootstrap.conf location: src/test/resources/bootstrap.conf
[main] WARN org.apache.nifi.properties.ConfigEncryptionTool - The source nifi.properties and destination nifi.properties are identical [nifi.properties] so the original will be overwritten
[main] INFO org.apache.nifi.properties.ConfigEncryptionToolTest - Parsed bootstrap.conf location: src/test/resources/bootstrap.conf
]]></system-err>
  </testcase>
  <testcase name="testShouldReadKeyFromConsoleIfFlagProvided" classname="org.apache.nifi.properties.ConfigEncryptionToolTest" time="0.002">
    <system-err><![CDATA[[main] WARN org.apache.nifi.properties.ConfigEncryptionTool - The source nifi.properties and destination nifi.properties are identical [nifi.properties] so the original will be overwritten
[main] INFO org.apache.nifi.properties.ConfigEncryptionToolTest - Using password flag: false
[main] INFO org.apache.nifi.properties.ConfigEncryptionToolTest - Password: null
[main] INFO org.apache.nifi.properties.ConfigEncryptionToolTest - Key hex:  null
[main] INFO org.apache.nifi.properties.ConfigEncryptionToolTest - Read key: [0123456789ABCDEFFEDCBA98765432100123456789ABCDEFFEDCBA9876543210]
]]></system-err>
  </testcase>
  <testcase name="testShouldMigrateFromPasswordToKey" classname="org.apache.nifi.properties.ConfigEncryptionToolTest" time="0.463">
    <system-err><![CDATA[[main] INFO org.apache.nifi.properties.ConfigEncryptionToolTest - Original key derived from password [thisIsABadPassword]: 	2C576A9585DB862F5ECBEE5B4FFFCCA14B18D8365968D7081651006507AD2BDE
[main] INFO org.apache.nifi.properties.ConfigEncryptionToolTest - Migration key provided directly: 	0123456789ABCDEFFEDCBA98765432100123456789ABCDEFFEDCBA9876543210
[main] WARN org.apache.nifi.properties.AbstractBootstrapPropertiesLoader - System Property [nifi.properties.file.path] not found: Using Relative Path [conf/nifi.properties]
[main] INFO org.apache.nifi.properties.NiFiPropertiesLoader - Loaded 85 properties from /home/alex/Repositories/nifi/nifi-toolkit/nifi-toolkit-encrypt-config/src/test/resources/nifi_with_sensitive_properties_protected_aes_password.properties
[main] INFO org.apache.nifi.properties.ConfigEncryptionToolTest - Loaded 82 properties from input file
[main] INFO org.apache.nifi.properties.ConfigEncryptionToolTest - Original sensitive values: [nifi.security.keyPasswd:thisIsABadKeyPassword, nifi.security.keystorePasswd:thisIsABadKeystorePassword, nifi.security.truststorePasswd:, nifi.sensitive.props.key:thisIsABadSensitiveKeyPassword, nifi.provenance.repository.encryption.key:null, nifi.provenance.repository.encryption.key.provider.password:null, nifi.flowfile.repository.encryption.key.provider.password:null, nifi.content.repository.encryption.key.provider.password:null, nifi.repository.encryption.key.provider.keystore.password:null]
[main] INFO org.apache.nifi.properties.ConfigEncryptionToolTest - Running [password to key] with args: [-n, src/test/resources/nifi_with_sensitive_properties_protected_aes_password.properties, -b, target/tmp/tmp_bootstrap.conf, -o, target/tmp/tmp_nifi.properties, -m, -v, -w, thisIsABadPassword, -k, 0123456789ABCDEFFEDCBA98765432100123456789ABCDEFFEDCBA9876543210]
[main] INFO org.apache.nifi.properties.ConfigEncryptionToolTest - Migrating key (password to key) with -n src/test/resources/nifi_with_sensitive_properties_protected_aes_password.properties -b target/tmp/tmp_bootstrap.conf -o target/tmp/tmp_nifi.properties -m -v -w thisIsABadPassword -k 0123456789ABCDEFFEDCBA98765432100123456789ABCDEFFEDCBA9876543210
[main] INFO org.apache.nifi.properties.ConfigEncryptionTool - Handling encryption of nifi.properties
[main] INFO org.apache.nifi.properties.ConfigEncryptionTool -        bootstrap.conf:               target/tmp/tmp_bootstrap.conf
[main] INFO org.apache.nifi.properties.ConfigEncryptionTool - (src)  nifi.properties:              src/test/resources/nifi_with_sensitive_properties_protected_aes_password.properties
[main] INFO org.apache.nifi.properties.ConfigEncryptionTool - (dest) nifi.properties:              target/tmp/tmp_nifi.properties
[main] INFO org.apache.nifi.properties.ConfigEncryptionTool - (src)  login-identity-providers.xml: null
[main] INFO org.apache.nifi.properties.ConfigEncryptionTool - (dest) login-identity-providers.xml: null
[main] INFO org.apache.nifi.properties.ConfigEncryptionTool - (src)  authorizers.xml:              null
[main] INFO org.apache.nifi.properties.ConfigEncryptionTool - (dest) authorizers.xml:              null
[main] INFO org.apache.nifi.properties.ConfigEncryptionTool - (src)  flow.xml.gz:                  conf/flow.xml.gz
[main] INFO org.apache.nifi.properties.ConfigEncryptionTool - (dest) flow.xml.gz:                  null
[main] INFO org.apache.nifi.properties.ConfigEncryptionTool - Key migration mode activated
[main] INFO org.apache.nifi.properties.NiFiPropertiesLoader - Loaded 85 properties from /home/alex/Repositories/nifi/nifi-toolkit/nifi-toolkit-encrypt-config/src/test/resources/nifi_with_sensitive_properties_protected_aes_password.properties
[main] INFO org.apache.nifi.properties.NiFiPropertiesLoader - Loaded 85 properties from /home/alex/Repositories/nifi/nifi-toolkit/nifi-toolkit-encrypt-config/src/test/resources/nifi_with_sensitive_properties_protected_aes_password.properties
[main] INFO org.apache.nifi.properties.ConfigEncryptionTool - Loaded NiFiProperties instance with 82 properties
[main] INFO org.apache.nifi.properties.ConfigEncryptionTool - Protected nifi.security.keyPasswd with aes/gcm/256 -> 	Na1oPJ1tKA4htyyc||5yiuv68QakV5KSGGJI5RScX6a4n+Xn7YZL7yAMFe9Fb5kO5Amw
[main] INFO org.apache.nifi.properties.ConfigEncryptionTool - Updated protection key nifi.security.keyPasswd.protected
[main] INFO org.apache.nifi.properties.ConfigEncryptionTool - Protected nifi.security.keystorePasswd with aes/gcm/256 -> 	A++OQ7LYIzsokQYC||j7mf6+RiWC/UzhyU7sdveJAWS06VGWrBEnRai8bP+XGZDNc8gSADIWQf
[main] INFO org.apache.nifi.properties.ConfigEncryptionTool - Updated protection key nifi.security.keystorePasswd.protected
[main] INFO org.apache.nifi.properties.ConfigEncryptionTool - Protected nifi.sensitive.props.key with aes/gcm/256 -> 	ydK+xpB7iex3ajzV||PTDnESlH7Q5h9CCT31QT/gcNa8JEIwE/C6tmv+hp+pUdTFuwZPwBcILIGcVBqQ
[main] INFO org.apache.nifi.properties.ConfigEncryptionTool - Updated protection key nifi.sensitive.props.key.protected
[main] INFO org.apache.nifi.properties.ConfigEncryptionTool - Final result: 85 keys including 3 protected keys
[main] INFO org.apache.nifi.properties.ConfigEncryptionToolTest - Updated nifi.properties:
[main] INFO org.apache.nifi.properties.ConfigEncryptionToolTest - 

# Licensed to the Apache Software Foundation (ASF) under one or more
# contributor license agreements.  See the NOTICE file distributed with
# this work for additional information regarding copyright ownership.
# The ASF licenses this file to You under the Apache License, Version 2.0
# (the "License"); you may not use this file except in compliance with
# the License.  You may obtain a copy of the License at
#
#     http://www.apache.org/licenses/LICENSE-2.0
#
# Unless required by applicable law or agreed to in writing, software
# distributed under the License is distributed on an "AS IS" BASIS,
# WITHOUT WARRANTIES OR CONDITIONS OF ANY KIND, either express or implied.
# See the License for the specific language governing permissions and
# limitations under the License.

# Core Properties #
nifi.flow.configuration.file=./target/flow.xml.gz
nifi.flow.configuration.archive.dir=./target/archive/
nifi.flowcontroller.autoResumeState=true
nifi.flowcontroller.graceful.shutdown.period=10 sec
nifi.flowservice.writedelay.interval=2 sec
nifi.administrative.yield.duration=30 sec

nifi.reporting.task.configuration.file=./target/reporting-tasks.xml
nifi.controller.service.configuration.file=./target/controller-services.xml
nifi.templates.directory=./target/templates
nifi.ui.banner.text=UI Banner Text
nifi.ui.autorefresh.interval=30 sec
nifi.nar.library.directory=./target/resources/NiFiProperties/lib/
nifi.nar.library.directory.alt=./target/resources/NiFiProperties/lib2/
nifi.nar.working.directory=./target/work/nar/

# H2 Settings
nifi.database.directory=./target/database_repository
nifi.h2.url.append=;LOCK_TIMEOUT=25000;WRITE_DELAY=0;AUTO_SERVER=FALSE

# FlowFile Repository
nifi.flowfile.repository.directory=./target/test-repo
nifi.flowfile.repository.partitions=1
nifi.flowfile.repository.checkpoint.interval=2 mins
nifi.queue.swap.threshold=20000
nifi.swap.storage.directory=./target/test-repo/swap
nifi.swap.in.period=5 sec
nifi.swap.in.threads=1
nifi.swap.out.period=5 sec
nifi.swap.out.threads=4

# Content Repository
nifi.content.claim.max.appendable.size=10 MB
nifi.content.claim.max.flow.files=100
nifi.content.repository.directory.default=./target/content_repository

# Provenance Repository Properties
nifi.provenance.repository.storage.directory=./target/provenance_repository
nifi.provenance.repository.max.storage.time=24 hours
nifi.provenance.repository.max.storage.size=1 GB
nifi.provenance.repository.rollover.time=30 secs
nifi.provenance.repository.rollover.size=100 MB

# Site to Site properties
nifi.remote.input.socket.port=9990
nifi.remote.input.secure=true

# web properties #
nifi.web.war.directory=./target/lib
nifi.web.http.host=
nifi.web.http.port=
nifi.web.https.host=nifi.nifi.apache.org
nifi.web.https.port=8443
nifi.web.jetty.working.directory=./target/work/jetty

# security properties #
nifi.sensitive.props.key=ydK+xpB7iex3ajzV||PTDnESlH7Q5h9CCT31QT/gcNa8JEIwE/C6tmv+hp+pUdTFuwZPwBcILIGcVBqQ
nifi.sensitive.props.key.protected=aes/gcm/256
nifi.sensitive.props.algorithm=PBEWITHMD5AND256BITAES-CBC-OPENSSL
nifi.sensitive.props.additional.keys=

nifi.security.keystore=/path/to/keystore.jks
nifi.security.keystoreType=JKS
nifi.security.keystorePasswd=A++OQ7LYIzsokQYC||j7mf6+RiWC/UzhyU7sdveJAWS06VGWrBEnRai8bP+XGZDNc8gSADIWQf
nifi.security.keystorePasswd.protected=aes/gcm/256
nifi.security.keyPasswd=Na1oPJ1tKA4htyyc||5yiuv68QakV5KSGGJI5RScX6a4n+Xn7YZL7yAMFe9Fb5kO5Amw
nifi.security.keyPasswd.protected=aes/gcm/256
nifi.security.truststore=
nifi.security.truststoreType=
nifi.security.truststorePasswd=
nifi.security.user.authorizer=

# cluster common properties (cluster manager and nodes must have same values) #
nifi.cluster.protocol.heartbeat.interval=5 sec
nifi.cluster.protocol.is.secure=false
nifi.cluster.protocol.socket.timeout=30 sec
nifi.cluster.protocol.connection.handshake.timeout=45 sec
# if multicast is used, then nifi.cluster.protocol.multicast.xxx properties must be configured #
nifi.cluster.protocol.use.multicast=false
nifi.cluster.protocol.multicast.address=
nifi.cluster.protocol.multicast.port=
nifi.cluster.protocol.multicast.service.broadcast.delay=500 ms
nifi.cluster.protocol.multicast.service.locator.attempts=3
nifi.cluster.protocol.multicast.service.locator.attempts.delay=1 sec

# cluster node properties (only configure for cluster nodes) #
nifi.cluster.is.node=false
nifi.cluster.node.address=
nifi.cluster.node.protocol.port=
nifi.cluster.node.protocol.threads=2
# if multicast is not used, nifi.cluster.node.unicast.xxx must have same values as nifi.cluster.manager.xxx #
nifi.cluster.node.unicast.manager.address=
nifi.cluster.node.unicast.manager.protocol.port=
nifi.cluster.node.unicast.manager.authority.provider.port=

# cluster manager properties (only configure for cluster manager) #
nifi.cluster.is.manager=false
nifi.cluster.manager.address=
nifi.cluster.manager.protocol.port=
nifi.cluster.manager.authority.provider.port=
nifi.cluster.manager.authority.provider.threads=10
nifi.cluster.manager.node.firewall.file=
nifi.cluster.manager.node.event.history.size=10
nifi.cluster.manager.node.api.connection.timeout=30 sec
nifi.cluster.manager.node.api.read.timeout=30 sec
nifi.cluster.manager.node.api.request.threads=10
nifi.cluster.manager.flow.retrieval.delay=5 sec
nifi.cluster.manager.protocol.threads=10
nifi.cluster.manager.safemode.duration=0 sec
[main] WARN org.apache.nifi.properties.AbstractBootstrapPropertiesLoader - System Property [nifi.properties.file.path] not found: Using Relative Path [conf/nifi.properties]
[main] INFO org.apache.nifi.properties.NiFiPropertiesLoader - Loaded 85 properties from /home/alex/Repositories/nifi/nifi-toolkit/nifi-toolkit-encrypt-config/target/tmp/tmp_nifi.properties
[main] INFO org.apache.nifi.properties.ConfigEncryptionToolTest - Updated key line: nifi.bootstrap.sensitive.key=0123456789ABCDEFFEDCBA98765432100123456789ABCDEFFEDCBA9876543210
]]></system-err>
  </testcase>
  <testcase name="testShouldLoadNiFiProperties" classname="org.apache.nifi.properties.ConfigEncryptionToolTest" time="0.002">
    <system-err><![CDATA[[main] WARN org.apache.nifi.properties.ConfigEncryptionTool - The source nifi.properties and destination nifi.properties are identical [src/test/resources/nifi_with_sensitive_properties_unprotected.properties] so the original will be overwritten
[main] INFO org.apache.nifi.properties.ConfigEncryptionToolTest - Parsed nifi.properties location: src/test/resources/nifi_with_sensitive_properties_unprotected.properties
[main] INFO org.apache.nifi.properties.NiFiPropertiesLoader - Loaded 82 properties from /home/alex/Repositories/nifi/nifi-toolkit/nifi-toolkit-encrypt-config/src/test/resources/nifi_with_sensitive_properties_unprotected.properties
[main] INFO org.apache.nifi.properties.ConfigEncryptionTool - Loaded NiFiProperties instance with 82 properties
[main] INFO org.apache.nifi.properties.ConfigEncryptionToolTest - Loaded NiFiProperties from src/test/resources/nifi_with_sensitive_properties_unprotected.properties
]]></system-err>
  </testcase>
  <testcase name="testFindFieldsInStream" classname="org.apache.nifi.properties.ConfigEncryptionToolTest" time="0.002">
    <system-err><![CDATA[[main] INFO org.apache.nifi.properties.ConfigEncryptionToolTest - Found 2 fields in src/test/resources/flow.xml.gz that matched enc\{[a-fA-F0-9]+?\}
]]></system-err>
  </testcase>
  <testcase name="testShouldParseKeyArgument" classname="org.apache.nifi.properties.ConfigEncryptionToolTest" time="0.004">
    <system-err><![CDATA[[main] WARN org.apache.nifi.properties.ConfigEncryptionTool - The source nifi.properties and destination nifi.properties are identical [nifi.properties] so the original will be overwritten
[main] INFO org.apache.nifi.properties.ConfigEncryptionToolTest - Parsed key: 0123456789ABCDEFFEDCBA98765432100123456789ABCDEFFEDCBA9876543210
[main] WARN org.apache.nifi.properties.ConfigEncryptionTool - The source nifi.properties and destination nifi.properties are identical [nifi.properties] so the original will be overwritten
[main] INFO org.apache.nifi.properties.ConfigEncryptionToolTest - Parsed key: 0123456789ABCDEFFEDCBA98765432100123456789ABCDEFFEDCBA9876543210
]]></system-err>
  </testcase>
  <testcase name="testShouldParseNiFiPropertiesArgument" classname="org.apache.nifi.properties.ConfigEncryptionToolTest" time="0.003">
    <system-err><![CDATA[[main] WARN org.apache.nifi.properties.ConfigEncryptionTool - The source nifi.properties and destination nifi.properties are identical [src/test/resources/nifi.properties] so the original will be overwritten
[main] INFO org.apache.nifi.properties.ConfigEncryptionToolTest - Parsed nifi.properties location: src/test/resources/nifi.properties
[main] WARN org.apache.nifi.properties.ConfigEncryptionTool - The source nifi.properties and destination nifi.properties are identical [src/test/resources/nifi.properties] so the original will be overwritten
[main] INFO org.apache.nifi.properties.ConfigEncryptionToolTest - Parsed nifi.properties location: src/test/resources/nifi.properties
]]></system-err>
  </testcase>
  <testcase name="testShouldMigrateFromKeyToKey" classname="org.apache.nifi.properties.ConfigEncryptionToolTest" time="0.029">
    <system-err><![CDATA[[main] INFO org.apache.nifi.properties.ConfigEncryptionToolTest - Original key provided directly: 	2C576A9585DB862F5ECBEE5B4FFFCCA14B18D8365968D7081651006507AD2BDE
[main] INFO org.apache.nifi.properties.ConfigEncryptionToolTest - Migration key provided directly: 	0123456789ABCDEFFEDCBA98765432100123456789ABCDEFFEDCBA9876543210
[main] WARN org.apache.nifi.properties.AbstractBootstrapPropertiesLoader - System Property [nifi.properties.file.path] not found: Using Relative Path [conf/nifi.properties]
[main] INFO org.apache.nifi.properties.NiFiPropertiesLoader - Loaded 85 properties from /home/alex/Repositories/nifi/nifi-toolkit/nifi-toolkit-encrypt-config/src/test/resources/nifi_with_sensitive_properties_protected_aes_password.properties
[main] INFO org.apache.nifi.properties.ConfigEncryptionToolTest - Loaded 82 properties from input file
[main] INFO org.apache.nifi.properties.ConfigEncryptionToolTest - Original sensitive values: [nifi.security.keyPasswd:thisIsABadKeyPassword, nifi.security.keystorePasswd:thisIsABadKeystorePassword, nifi.security.truststorePasswd:, nifi.sensitive.props.key:thisIsABadSensitiveKeyPassword, nifi.provenance.repository.encryption.key:null, nifi.provenance.repository.encryption.key.provider.password:null, nifi.flowfile.repository.encryption.key.provider.password:null, nifi.content.repository.encryption.key.provider.password:null, nifi.repository.encryption.key.provider.keystore.password:null]
[main] INFO org.apache.nifi.properties.ConfigEncryptionToolTest - Running [key to key] with args: [-n, src/test/resources/nifi_with_sensitive_properties_protected_aes_password.properties, -b, target/tmp/tmp_bootstrap.conf, -o, target/tmp/tmp_nifi.properties, -m, -v, -e, 2C576A9585DB862F5ECBEE5B4FFFCCA14B18D8365968D7081651006507AD2BDE, -k, 0123456789ABCDEFFEDCBA98765432100123456789ABCDEFFEDCBA9876543210]
[main] INFO org.apache.nifi.properties.ConfigEncryptionToolTest - Migrating key (key to key) with -n src/test/resources/nifi_with_sensitive_properties_protected_aes_password.properties -b target/tmp/tmp_bootstrap.conf -o target/tmp/tmp_nifi.properties -m -v -e 2C576A9585DB862F5ECBEE5B4FFFCCA14B18D8365968D7081651006507AD2BDE -k 0123456789ABCDEFFEDCBA98765432100123456789ABCDEFFEDCBA9876543210
[main] INFO org.apache.nifi.properties.ConfigEncryptionTool - Handling encryption of nifi.properties
[main] INFO org.apache.nifi.properties.ConfigEncryptionTool -        bootstrap.conf:               target/tmp/tmp_bootstrap.conf
[main] INFO org.apache.nifi.properties.ConfigEncryptionTool - (src)  nifi.properties:              src/test/resources/nifi_with_sensitive_properties_protected_aes_password.properties
[main] INFO org.apache.nifi.properties.ConfigEncryptionTool - (dest) nifi.properties:              target/tmp/tmp_nifi.properties
[main] INFO org.apache.nifi.properties.ConfigEncryptionTool - (src)  login-identity-providers.xml: null
[main] INFO org.apache.nifi.properties.ConfigEncryptionTool - (dest) login-identity-providers.xml: null
[main] INFO org.apache.nifi.properties.ConfigEncryptionTool - (src)  authorizers.xml:              null
[main] INFO org.apache.nifi.properties.ConfigEncryptionTool - (dest) authorizers.xml:              null
[main] INFO org.apache.nifi.properties.ConfigEncryptionTool - (src)  flow.xml.gz:                  src/test/resources/flow.xml.gz
[main] INFO org.apache.nifi.properties.ConfigEncryptionTool - (dest) flow.xml.gz:                  null
[main] INFO org.apache.nifi.properties.ConfigEncryptionTool - Key migration mode activated
[main] INFO org.apache.nifi.properties.NiFiPropertiesLoader - Loaded 85 properties from /home/alex/Repositories/nifi/nifi-toolkit/nifi-toolkit-encrypt-config/src/test/resources/nifi_with_sensitive_properties_protected_aes_password.properties
[main] INFO org.apache.nifi.properties.NiFiPropertiesLoader - Loaded 85 properties from /home/alex/Repositories/nifi/nifi-toolkit/nifi-toolkit-encrypt-config/src/test/resources/nifi_with_sensitive_properties_protected_aes_password.properties
[main] INFO org.apache.nifi.properties.ConfigEncryptionTool - Loaded NiFiProperties instance with 82 properties
[main] INFO org.apache.nifi.properties.ConfigEncryptionTool - Protected nifi.security.keyPasswd with aes/gcm/256 -> 	FjQ/Q6z8SHXI9L9w||ZuK9bakCdfqm/X1nq4+W+pB5erNyZrLvDNOSBQvAg9tj4xAjDQ
[main] INFO org.apache.nifi.properties.ConfigEncryptionTool - Updated protection key nifi.security.keyPasswd.protected
[main] INFO org.apache.nifi.properties.ConfigEncryptionTool - Protected nifi.security.keystorePasswd with aes/gcm/256 -> 	JkMLuNaEYc2UFYol||k6Y2YFu9EyERSB/MbkEMDqG5h8dvJLqqlO00w242imakZWC/Yb6Ql13u
[main] INFO org.apache.nifi.properties.ConfigEncryptionTool - Updated protection key nifi.security.keystorePasswd.protected
[main] INFO org.apache.nifi.properties.ConfigEncryptionTool - Protected nifi.sensitive.props.key with aes/gcm/256 -> 	FJ5PAJ8EFZ0MwoVZ||zLi30OQubAyr4fx/aFemXsrCJ+oBpESU02zkGtg9menBYpJzo6kyecf2BNYFcw
[main] INFO org.apache.nifi.properties.ConfigEncryptionTool - Updated protection key nifi.sensitive.props.key.protected
[main] INFO org.apache.nifi.properties.ConfigEncryptionTool - Final result: 85 keys including 3 protected keys
[main] INFO org.apache.nifi.properties.ConfigEncryptionToolTest - Updated nifi.properties:
[main] INFO org.apache.nifi.properties.ConfigEncryptionToolTest - 

# Licensed to the Apache Software Foundation (ASF) under one or more
# contributor license agreements.  See the NOTICE file distributed with
# this work for additional information regarding copyright ownership.
# The ASF licenses this file to You under the Apache License, Version 2.0
# (the "License"); you may not use this file except in compliance with
# the License.  You may obtain a copy of the License at
#
#     http://www.apache.org/licenses/LICENSE-2.0
#
# Unless required by applicable law or agreed to in writing, software
# distributed under the License is distributed on an "AS IS" BASIS,
# WITHOUT WARRANTIES OR CONDITIONS OF ANY KIND, either express or implied.
# See the License for the specific language governing permissions and
# limitations under the License.

# Core Properties #
nifi.flow.configuration.file=./target/flow.xml.gz
nifi.flow.configuration.archive.dir=./target/archive/
nifi.flowcontroller.autoResumeState=true
nifi.flowcontroller.graceful.shutdown.period=10 sec
nifi.flowservice.writedelay.interval=2 sec
nifi.administrative.yield.duration=30 sec

nifi.reporting.task.configuration.file=./target/reporting-tasks.xml
nifi.controller.service.configuration.file=./target/controller-services.xml
nifi.templates.directory=./target/templates
nifi.ui.banner.text=UI Banner Text
nifi.ui.autorefresh.interval=30 sec
nifi.nar.library.directory=./target/resources/NiFiProperties/lib/
nifi.nar.library.directory.alt=./target/resources/NiFiProperties/lib2/
nifi.nar.working.directory=./target/work/nar/

# H2 Settings
nifi.database.directory=./target/database_repository
nifi.h2.url.append=;LOCK_TIMEOUT=25000;WRITE_DELAY=0;AUTO_SERVER=FALSE

# FlowFile Repository
nifi.flowfile.repository.directory=./target/test-repo
nifi.flowfile.repository.partitions=1
nifi.flowfile.repository.checkpoint.interval=2 mins
nifi.queue.swap.threshold=20000
nifi.swap.storage.directory=./target/test-repo/swap
nifi.swap.in.period=5 sec
nifi.swap.in.threads=1
nifi.swap.out.period=5 sec
nifi.swap.out.threads=4

# Content Repository
nifi.content.claim.max.appendable.size=10 MB
nifi.content.claim.max.flow.files=100
nifi.content.repository.directory.default=./target/content_repository

# Provenance Repository Properties
nifi.provenance.repository.storage.directory=./target/provenance_repository
nifi.provenance.repository.max.storage.time=24 hours
nifi.provenance.repository.max.storage.size=1 GB
nifi.provenance.repository.rollover.time=30 secs
nifi.provenance.repository.rollover.size=100 MB

# Site to Site properties
nifi.remote.input.socket.port=9990
nifi.remote.input.secure=true

# web properties #
nifi.web.war.directory=./target/lib
nifi.web.http.host=
nifi.web.http.port=
nifi.web.https.host=nifi.nifi.apache.org
nifi.web.https.port=8443
nifi.web.jetty.working.directory=./target/work/jetty

# security properties #
nifi.sensitive.props.key=FJ5PAJ8EFZ0MwoVZ||zLi30OQubAyr4fx/aFemXsrCJ+oBpESU02zkGtg9menBYpJzo6kyecf2BNYFcw
nifi.sensitive.props.key.protected=aes/gcm/256
nifi.sensitive.props.algorithm=PBEWITHMD5AND256BITAES-CBC-OPENSSL
nifi.sensitive.props.additional.keys=

nifi.security.keystore=/path/to/keystore.jks
nifi.security.keystoreType=JKS
nifi.security.keystorePasswd=JkMLuNaEYc2UFYol||k6Y2YFu9EyERSB/MbkEMDqG5h8dvJLqqlO00w242imakZWC/Yb6Ql13u
nifi.security.keystorePasswd.protected=aes/gcm/256
nifi.security.keyPasswd=FjQ/Q6z8SHXI9L9w||ZuK9bakCdfqm/X1nq4+W+pB5erNyZrLvDNOSBQvAg9tj4xAjDQ
nifi.security.keyPasswd.protected=aes/gcm/256
nifi.security.truststore=
nifi.security.truststoreType=
nifi.security.truststorePasswd=
nifi.security.user.authorizer=

# cluster common properties (cluster manager and nodes must have same values) #
nifi.cluster.protocol.heartbeat.interval=5 sec
nifi.cluster.protocol.is.secure=false
nifi.cluster.protocol.socket.timeout=30 sec
nifi.cluster.protocol.connection.handshake.timeout=45 sec
# if multicast is used, then nifi.cluster.protocol.multicast.xxx properties must be configured #
nifi.cluster.protocol.use.multicast=false
nifi.cluster.protocol.multicast.address=
nifi.cluster.protocol.multicast.port=
nifi.cluster.protocol.multicast.service.broadcast.delay=500 ms
nifi.cluster.protocol.multicast.service.locator.attempts=3
nifi.cluster.protocol.multicast.service.locator.attempts.delay=1 sec

# cluster node properties (only configure for cluster nodes) #
nifi.cluster.is.node=false
nifi.cluster.node.address=
nifi.cluster.node.protocol.port=
nifi.cluster.node.protocol.threads=2
# if multicast is not used, nifi.cluster.node.unicast.xxx must have same values as nifi.cluster.manager.xxx #
nifi.cluster.node.unicast.manager.address=
nifi.cluster.node.unicast.manager.protocol.port=
nifi.cluster.node.unicast.manager.authority.provider.port=

# cluster manager properties (only configure for cluster manager) #
nifi.cluster.is.manager=false
nifi.cluster.manager.address=
nifi.cluster.manager.protocol.port=
nifi.cluster.manager.authority.provider.port=
nifi.cluster.manager.authority.provider.threads=10
nifi.cluster.manager.node.firewall.file=
nifi.cluster.manager.node.event.history.size=10
nifi.cluster.manager.node.api.connection.timeout=30 sec
nifi.cluster.manager.node.api.read.timeout=30 sec
nifi.cluster.manager.node.api.request.threads=10
nifi.cluster.manager.flow.retrieval.delay=5 sec
nifi.cluster.manager.protocol.threads=10
nifi.cluster.manager.safemode.duration=0 sec
[main] WARN org.apache.nifi.properties.AbstractBootstrapPropertiesLoader - System Property [nifi.properties.file.path] not found: Using Relative Path [conf/nifi.properties]
[main] INFO org.apache.nifi.properties.NiFiPropertiesLoader - Loaded 85 properties from /home/alex/Repositories/nifi/nifi-toolkit/nifi-toolkit-encrypt-config/target/tmp/tmp_nifi.properties
[main] INFO org.apache.nifi.properties.ConfigEncryptionToolTest - Updated key line: nifi.bootstrap.sensitive.key=0123456789ABCDEFFEDCBA98765432100123456789ABCDEFFEDCBA9876543210
]]></system-err>
  </testcase>
  <testcase name="testShouldPerformFullOperationWithPassword" classname="org.apache.nifi.properties.ConfigEncryptionToolTest" time="0.258">
    <system-err><![CDATA[[main] INFO org.apache.nifi.properties.ConfigEncryptionToolTest - Original key line from bootstrap.conf: nifi.bootstrap.sensitive.key=
[main] INFO org.apache.nifi.properties.ConfigEncryptionToolTest - Derived key from password [thisIsABadPassword]: 2C576A9585DB862F5ECBEE5B4FFFCCA14B18D8365968D7081651006507AD2BDE
[main] INFO org.apache.nifi.properties.NiFiPropertiesLoader - Loaded 82 properties from /home/alex/Repositories/nifi/nifi-toolkit/nifi-toolkit-encrypt-config/src/test/resources/nifi_with_sensitive_properties_unprotected.properties
[main] INFO org.apache.nifi.properties.ConfigEncryptionToolTest - Loaded 82 properties from input file
[main] INFO org.apache.nifi.properties.ConfigEncryptionToolTest - Original sensitive values: [nifi.security.keyPasswd:thisIsABadKeyPassword, nifi.security.keystorePasswd:thisIsABadKeystorePassword, nifi.security.truststorePasswd:, nifi.sensitive.props.key:thisIsABadSensitiveKeyPassword, nifi.provenance.repository.encryption.key:null, nifi.provenance.repository.encryption.key.provider.password:null, nifi.flowfile.repository.encryption.key.provider.password:null, nifi.content.repository.encryption.key.provider.password:null, nifi.repository.encryption.key.provider.keystore.password:null]
[main] INFO org.apache.nifi.properties.NiFiPropertiesLoader - Loaded 82 properties from /home/alex/Repositories/nifi/nifi-toolkit/nifi-toolkit-encrypt-config/src/test/resources/nifi_with_sensitive_properties_unprotected.properties
[main] INFO org.apache.nifi.properties.NiFiPropertiesLoader - Loaded 82 properties from /home/alex/Repositories/nifi/nifi-toolkit/nifi-toolkit-encrypt-config/src/test/resources/nifi_with_sensitive_properties_unprotected.properties
[main] INFO org.apache.nifi.properties.ConfigEncryptionTool - Loaded NiFiProperties instance with 82 properties
[main] INFO org.apache.nifi.properties.ConfigEncryptionTool - Protected nifi.security.keyPasswd with aes/gcm/256 -> 	zGLLA99e+cOZIaCH||WE6PcZLPMtjaVTJydhcOQ+TnaL6qccvHz/g33LgN2Lz44Ba40w
[main] INFO org.apache.nifi.properties.ConfigEncryptionTool - Updated protection key nifi.security.keyPasswd.protected
[main] INFO org.apache.nifi.properties.ConfigEncryptionTool - Protected nifi.security.keystorePasswd with aes/gcm/256 -> 	xDdbVMgPXY4xprRp||KdusudFJxFumBU0HIIqkQYGBC2r0KMfEYsqvCPb3/NOLr62CxuBAYi+1
[main] INFO org.apache.nifi.properties.ConfigEncryptionTool - Updated protection key nifi.security.keystorePasswd.protected
[main] INFO org.apache.nifi.properties.ConfigEncryptionTool - Protected nifi.sensitive.props.key with aes/gcm/256 -> 	FLs+47efyeVeuzmG||KMptFihVqHmCMiPpogFIX2ML7WmOCUiuYTKD9/cnoBKPry2yibsWX+9fT4EO0Q
[main] INFO org.apache.nifi.properties.ConfigEncryptionTool - Updated protection key nifi.sensitive.props.key.protected
[main] INFO org.apache.nifi.properties.ConfigEncryptionTool - Final result: 85 keys including 3 protected keys
[main] INFO org.apache.nifi.properties.ConfigEncryptionToolTest - Updated nifi.properties:
[main] INFO org.apache.nifi.properties.ConfigEncryptionToolTest - 

# Licensed to the Apache Software Foundation (ASF) under one or more
# contributor license agreements.  See the NOTICE file distributed with
# this work for additional information regarding copyright ownership.
# The ASF licenses this file to You under the Apache License, Version 2.0
# (the "License"); you may not use this file except in compliance with
# the License.  You may obtain a copy of the License at
#
#     http://www.apache.org/licenses/LICENSE-2.0
#
# Unless required by applicable law or agreed to in writing, software
# distributed under the License is distributed on an "AS IS" BASIS,
# WITHOUT WARRANTIES OR CONDITIONS OF ANY KIND, either express or implied.
# See the License for the specific language governing permissions and
# limitations under the License.

# Core Properties #
nifi.flow.configuration.file=./target/flow.xml.gz
nifi.flow.configuration.archive.dir=./target/archive/
nifi.flowcontroller.autoResumeState=true
nifi.flowcontroller.graceful.shutdown.period=10 sec
nifi.flowservice.writedelay.interval=2 sec
nifi.administrative.yield.duration=30 sec

nifi.reporting.task.configuration.file=./target/reporting-tasks.xml
nifi.controller.service.configuration.file=./target/controller-services.xml
nifi.templates.directory=./target/templates
nifi.ui.banner.text=UI Banner Text
nifi.ui.autorefresh.interval=30 sec
nifi.nar.library.directory=./target/resources/NiFiProperties/lib/
nifi.nar.library.directory.alt=./target/resources/NiFiProperties/lib2/
nifi.nar.working.directory=./target/work/nar/

# H2 Settings
nifi.database.directory=./target/database_repository
nifi.h2.url.append=;LOCK_TIMEOUT=25000;WRITE_DELAY=0;AUTO_SERVER=FALSE

# FlowFile Repository
nifi.flowfile.repository.directory=./target/test-repo
nifi.flowfile.repository.partitions=1
nifi.flowfile.repository.checkpoint.interval=2 mins
nifi.queue.swap.threshold=20000
nifi.swap.storage.directory=./target/test-repo/swap
nifi.swap.in.period=5 sec
nifi.swap.in.threads=1
nifi.swap.out.period=5 sec
nifi.swap.out.threads=4

# Content Repository
nifi.content.claim.max.appendable.size=10 MB
nifi.content.claim.max.flow.files=100
nifi.content.repository.directory.default=./target/content_repository

# Provenance Repository Properties
nifi.provenance.repository.storage.directory=./target/provenance_repository
nifi.provenance.repository.max.storage.time=24 hours
nifi.provenance.repository.max.storage.size=1 GB
nifi.provenance.repository.rollover.time=30 secs
nifi.provenance.repository.rollover.size=100 MB

# Site to Site properties
nifi.remote.input.socket.port=9990
nifi.remote.input.secure=true

# web properties #
nifi.web.war.directory=./target/lib
nifi.web.http.host=
nifi.web.http.port=
nifi.web.https.host=nifi.nifi.apache.org
nifi.web.https.port=8443
nifi.web.jetty.working.directory=./target/work/jetty

# security properties #
nifi.sensitive.props.key=FLs+47efyeVeuzmG||KMptFihVqHmCMiPpogFIX2ML7WmOCUiuYTKD9/cnoBKPry2yibsWX+9fT4EO0Q
nifi.sensitive.props.key.protected=aes/gcm/256
nifi.sensitive.props.algorithm=PBEWITHMD5AND256BITAES-CBC-OPENSSL
nifi.sensitive.props.additional.keys=

nifi.security.keystore=/path/to/keystore.jks
nifi.security.keystoreType=JKS
nifi.security.keystorePasswd=xDdbVMgPXY4xprRp||KdusudFJxFumBU0HIIqkQYGBC2r0KMfEYsqvCPb3/NOLr62CxuBAYi+1
nifi.security.keystorePasswd.protected=aes/gcm/256
nifi.security.keyPasswd=zGLLA99e+cOZIaCH||WE6PcZLPMtjaVTJydhcOQ+TnaL6qccvHz/g33LgN2Lz44Ba40w
nifi.security.keyPasswd.protected=aes/gcm/256
nifi.security.truststore=
nifi.security.truststoreType=
nifi.security.truststorePasswd=
nifi.security.user.authorizer=

# cluster common properties (cluster manager and nodes must have same values) #
nifi.cluster.protocol.heartbeat.interval=5 sec
nifi.cluster.protocol.is.secure=false
nifi.cluster.protocol.socket.timeout=30 sec
nifi.cluster.protocol.connection.handshake.timeout=45 sec
# if multicast is used, then nifi.cluster.protocol.multicast.xxx properties must be configured #
nifi.cluster.protocol.use.multicast=false
nifi.cluster.protocol.multicast.address=
nifi.cluster.protocol.multicast.port=
nifi.cluster.protocol.multicast.service.broadcast.delay=500 ms
nifi.cluster.protocol.multicast.service.locator.attempts=3
nifi.cluster.protocol.multicast.service.locator.attempts.delay=1 sec

# cluster node properties (only configure for cluster nodes) #
nifi.cluster.is.node=false
nifi.cluster.node.address=
nifi.cluster.node.protocol.port=
nifi.cluster.node.protocol.threads=2
# if multicast is not used, nifi.cluster.node.unicast.xxx must have same values as nifi.cluster.manager.xxx #
nifi.cluster.node.unicast.manager.address=
nifi.cluster.node.unicast.manager.protocol.port=
nifi.cluster.node.unicast.manager.authority.provider.port=

# cluster manager properties (only configure for cluster manager) #
nifi.cluster.is.manager=false
nifi.cluster.manager.address=
nifi.cluster.manager.protocol.port=
nifi.cluster.manager.authority.provider.port=
nifi.cluster.manager.authority.provider.threads=10
nifi.cluster.manager.node.firewall.file=
nifi.cluster.manager.node.event.history.size=10
nifi.cluster.manager.node.api.connection.timeout=30 sec
nifi.cluster.manager.node.api.read.timeout=30 sec
nifi.cluster.manager.node.api.request.threads=10
nifi.cluster.manager.flow.retrieval.delay=5 sec
nifi.cluster.manager.protocol.threads=10
nifi.cluster.manager.safemode.duration=0 sec
[main] WARN org.apache.nifi.properties.AbstractBootstrapPropertiesLoader - System Property [nifi.properties.file.path] not found: Using Relative Path [conf/nifi.properties]
[main] INFO org.apache.nifi.properties.NiFiPropertiesLoader - Loaded 85 properties from /home/alex/Repositories/nifi/nifi-toolkit/nifi-toolkit-encrypt-config/target/tmp/tmp_nifi.properties
[main] INFO org.apache.nifi.properties.ConfigEncryptionToolTest - Updated key line: nifi.bootstrap.sensitive.key=2C576A9585DB862F5ECBEE5B4FFFCCA14B18D8365968D7081651006507AD2BDE
]]></system-err>
  </testcase>
  <testcase name="testShouldPerformFullOperationForAuthorizersWithComplexUserSearchFilter" classname="org.apache.nifi.properties.ConfigEncryptionToolTest" time="0.1">
    <system-err><![CDATA[[main] INFO org.apache.nifi.properties.ConfigEncryptionToolTest - Original key line from bootstrap.conf: nifi.bootstrap.sensitive.key=
[main] INFO org.apache.nifi.properties.ConfigEncryptionToolTest - Original XML content: <?xml version="1.0" encoding="UTF-8" standalone="yes"?>
<!--
  Licensed to the Apache Software Foundation (ASF) under one or more
  contributor license agreements.  See the NOTICE file distributed with
  this work for additional information regarding copyright ownership.
  The ASF licenses this file to You under the Apache License, Version 2.0
  (the "License"); you may not use this file except in compliance with
  the License.  You may obtain a copy of the License at
      http://www.apache.org/licenses/LICENSE-2.0
  Unless required by applicable law or agreed to in writing, software
  distributed under the License is distributed on an "AS IS" BASIS,
  WITHOUT WARRANTIES OR CONDITIONS OF ANY KIND, either express or implied.
  See the License for the specific language governing permissions and
  limitations under the License.
-->
<!--
    This file lists the userGroupProviders, accessPolicyProviders, and authorizers to use when running securely. In order
    to use a specific authorizer it must be configured here and it's identifier must be specified in the nifi.properties file.
    If the authorizer is a managedAuthorizer, it may need to be configured with an accessPolicyProvider and an userGroupProvider.
    This file allows for configuration of them, but they must be configured in order:

    ...
    all userGroupProviders
    all accessPolicyProviders
    all Authorizers
    ...
-->
<authorizers>

    <!--
        The FileUserGroupProvider will provide support for managing users and groups which is backed by a file
        on the local file system.

        - Users File - The file where the FileUserGroupProvider will store users and groups.

        - Legacy Authorized Users File - The full path to an existing authorized-users.xml that will be automatically
            be used to load the users and groups into the Users File.

        - Initial User Identity [unique key] - The identity of a users and systems to seed the Users File. The name of
            each property must be unique, for example: "Initial User Identity A", "Initial User Identity B",
            "Initial User Identity C" or "Initial User Identity 1", "Initial User Identity 2", "Initial User Identity 3"

            NOTE: Any identity mapping rules specified in nifi.properties will also be applied to the user identities,
            so the values should be the unmapped identities (i.e. full DN from a certificate).
    -->
    <!--
    <userGroupProvider>
        <identifier>file-user-group-provider</identifier>
        <class>org.apache.nifi.authorization.FileUserGroupProvider</class>
        <property name="Users File">./conf/users.xml</property>
        <property name="Legacy Authorized Users File"></property>

        <property name="Initial User Identity 1"></property>
    </userGroupProvider>
    -->

    <!--
        The LdapUserGroupProvider will retrieve users and groups from an LDAP server. The users and groups
        are not configurable.

        'Authentication Strategy' - How the connection to the LDAP server is authenticated. Possible
            values are ANONYMOUS, SIMPLE, LDAPS, or START_TLS.

        'Manager DN' - The DN of the manager that is used to bind to the LDAP server to search for users.
        'Manager Password' - The password of the manager that is used to bind to the LDAP server to
            search for users.

        'TLS - Keystore' - Path to the Keystore that is used when connecting to LDAP using LDAPS or START_TLS.
        'TLS - Keystore Password' - Password for the Keystore that is used when connecting to LDAP
            using LDAPS or START_TLS.
        'TLS - Keystore Type' - Type of the Keystore that is used when connecting to LDAP using
            LDAPS or START_TLS (i.e. JKS or PKCS12).
        'TLS - Truststore' - Path to the Truststore that is used when connecting to LDAP using LDAPS or START_TLS.
        'TLS - Truststore Password' - Password for the Truststore that is used when connecting to
            LDAP using LDAPS or START_TLS.
        'TLS - Truststore Type' - Type of the Truststore that is used when connecting to LDAP using
            LDAPS or START_TLS (i.e. JKS or PKCS12).
        'TLS - Client Auth' - Client authentication policy when connecting to LDAP using LDAPS or START_TLS.
            Possible values are REQUIRED, WANT, NONE.
        'TLS - Protocol' - Protocol to use when connecting to LDAP using LDAPS or START_TLS. (i.e. TLS,
            TLSv1.1, TLSv1.2, etc).
        'TLS - Shutdown Gracefully' - Specifies whether the TLS should be shut down gracefully
            before the target context is closed. Defaults to false.

        'Referral Strategy' - Strategy for handling referrals. Possible values are FOLLOW, IGNORE, THROW.
        'Connect Timeout' - Duration of connect timeout. (i.e. 10 secs).
        'Read Timeout' - Duration of read timeout. (i.e. 10 secs).

        'Url' - Space-separated list of URLs of the LDAP servers (i.e. ldap://<hostname>:<port>).
        'Page Size' - Sets the page size when retrieving users and groups. If not specified, no paging is performed.
        'Sync Interval' - Duration of time between syncing users and groups (i.e. 30 mins). Minimum allowable value is 10 secs.

        'User Search Base' - Base DN for searching for users (i.e. ou=users,o=nifi). Required to search users.
        'User Object Class' - Object class for identifying users (i.e. person). Required if searching users.
        'User Search Scope' - Search scope for searching users (ONE_LEVEL, OBJECT, or SUBTREE). Required if searching users.
        'User Search Filter' - Filter for searching for users against the 'User Search Base' (i.e. (memberof=cn=team1,ou=groups,o=nifi) ). Optional.
        'User Identity Attribute' - Attribute to use to extract user identity (i.e. cn). Optional. If not set, the entire DN is used.
        'User Group Name Attribute' - Attribute to use to define group membership (i.e. memberof). Optional. If not set
            group membership will not be calculated through the users. Will rely on group membership being defined
            through 'Group Member Attribute' if set. The value of this property is the name of the attribute in the user ldap entry that
            associates them with a group. The value of that user attribute could be a dn or group name for instance. What value is expected
            is configured in the 'User Group Name Attribute - Referenced Group Attribute'.
        'User Group Name Attribute - Referenced Group Attribute' - If blank, the value of the attribute defined in 'User Group Name Attribute'
            is expected to be the full dn of the group. If not blank, this property will define the attribute of the group ldap entry that
            the value of the attribute defined in 'User Group Name Attribute' is referencing (i.e. name). Use of this property requires that
            'Group Search Base' is also configured.

        'Group Search Base' - Base DN for searching for groups (i.e. ou=groups,o=nifi). Required to search groups.
        'Group Object Class' - Object class for identifying groups (i.e. groupOfNames). Required if searching groups.
        'Group Search Scope' - Search scope for searching groups (ONE_LEVEL, OBJECT, or SUBTREE). Required if searching groups.
        'Group Search Filter' - Filter for searching for groups against the 'Group Search Base'. Optional.
        'Group Name Attribute' - Attribute to use to extract group name (i.e. cn). Optional. If not set, the entire DN is used.
        'Group Member Attribute' - Attribute to use to define group membership (i.e. member). Optional. If not set
            group membership will not be calculated through the groups. Will rely on group membership being defined
            through 'User Group Name Attribute' if set. The value of this property is the name of the attribute in the group ldap entry that
            associates them with a user. The value of that group attribute could be a dn or memberUid for instance. What value is expected
            is configured in the 'Group Member Attribute - Referenced User Attribute'. (i.e. member: cn=User 1,ou=users,o=nifi vs. memberUid: user1)
        'Group Member Attribute - Referenced User Attribute' - If blank, the value of the attribute defined in 'Group Member Attribute'
            is expected to be the full dn of the user. If not blank, this property will define the attribute of the user ldap entry that
            the value of the attribute defined in 'Group Member Attribute' is referencing (i.e. uid). Use of this property requires that
            'User Search Base' is also configured. (i.e. member: cn=User 1,ou=users,o=nifi vs. memberUid: user1)

        NOTE: Any identity mapping rules specified in nifi.properties will also be applied to the user identities.
            Group names are not mapped.
    -->
    <userGroupProvider>
        <identifier>ldap-user-group-provider</identifier>
        <class>org.apache.nifi.ldap.tenants.LdapUserGroupProvider</class>
        <property name="Authentication Strategy">START_TLS</property>

        <property name="Manager DN">someuser</property>
        <property name="Manager Password">thisIsABadPassword</property>

        <property name="TLS - Keystore"></property>
        <property name="TLS - Keystore Password">thisIsABadPassword</property>
        <property name="TLS - Keystore Type"></property>
        <property name="TLS - Truststore"></property>
        <property name="TLS - Truststore Password">thisIsABadPassword</property>
        <property name="TLS - Truststore Type"></property>
        <property name="TLS - Client Auth"></property>
        <property name="TLS - Protocol"></property>
        <property name="TLS - Shutdown Gracefully"></property>

        <property name="Referral Strategy">FOLLOW</property>
        <property name="Connect Timeout">10 secs</property>
        <property name="Read Timeout">10 secs</property>

        <property name="Url"></property>
        <property name="Page Size"></property>
        <property name="Sync Interval">30 mins</property>

        <property name="User Search Base"></property>
        <property name="User Object Class">person</property>
        <property name="User Search Scope">ONE_LEVEL</property>
        <property name="User Search Filter">(&amp; (objectCategory=Person)(sAMAccountName=*)(!(UserAccountControl:1.2.840.113556.1.4.803:=2))(!(sAMAccountName=$*)))</property>
        <property name="User Identity Attribute"></property>
        <property name="User Group Name Attribute"></property>
        <property name="User Group Name Attribute - Referenced Group Attribute"></property>

        <property name="Group Search Base"></property>
        <property name="Group Object Class">group</property>
        <property name="Group Search Scope">ONE_LEVEL</property>
        <property name="Group Search Filter">(&amp; (objectCategory=Person)(sAMAccountName=*)(!(UserAccountControl:1.2.840.113556.1.4.803:=2))(!(sAMAccountName=$*)))</property>
        <property name="Group Name Attribute"></property>
        <property name="Group Member Attribute"></property>
        <property name="Group Member Attribute - Referenced User Attribute"></property>
    </userGroupProvider>

    <!--
        The CompositeUserGroupProvider will provide support for retrieving users and groups from multiple sources.

        - User Group Provider [unique key] - The identifier of user group providers to load from. The name of
            each property must be unique, for example: "User Group Provider A", "User Group Provider B",
            "User Group Provider C" or "User Group Provider 1", "User Group Provider 2", "User Group Provider 3"

            NOTE: Any identity mapping rules specified in nifi.properties are not applied in this implementation. This behavior
            would need to be applied by the base implementation.
    -->
    <!-- To enable the composite-user-group-provider remove 2 lines. This is 1 of 2.
    <userGroupProvider>
        <identifier>composite-user-group-provider</identifier>
        <class>org.apache.nifi.authorization.CompositeUserGroupProvider</class>
        <property name="User Group Provider 1"></property>
    </userGroupProvider>
    To enable the composite-user-group-provider remove 2 lines. This is 2 of 2. -->

    <!--
        The CompositeConfigurableUserGroupProvider will provide support for retrieving users and groups from multiple sources.
        Additionally, a single configurable user group provider is required. Users from the configurable user group provider
        are configurable, however users loaded from one of the User Group Provider [unique key] will not be.

        - Configurable User Group Provider - A configurable user group provider.

        - User Group Provider [unique key] - The identifier of user group providers to load from. The name of
            each property must be unique, for example: "User Group Provider A", "User Group Provider B",
            "User Group Provider C" or "User Group Provider 1", "User Group Provider 2", "User Group Provider 3"

            NOTE: Any identity mapping rules specified in nifi.properties are not applied in this implementation. This behavior
            would need to be applied by the base implementation.
    -->
    <!-- To enable the composite-configurable-user-group-provider remove 2 lines. This is 1 of 2.
    <userGroupProvider>
        <identifier>composite-configurable-user-group-provider</identifier>
        <class>org.apache.nifi.authorization.CompositeConfigurableUserGroupProvider</class>
        <property name="Configurable User Group Provider">file-user-group-provider</property>
        <property name="User Group Provider 1"></property>
    </userGroupProvider>
    To enable the composite-configurable-user-group-provider remove 2 lines. This is 2 of 2. -->

    <!--
        The FileAccessPolicyProvider will provide support for managing access policies which is backed by a file
        on the local file system.

        - User Group Provider - The identifier for an User Group Provider defined above that will be used to access
            users and groups for use in the managed access policies.

        - Authorizations File - The file where the FileAccessPolicyProvider will store policies.

        - Initial Admin Identity - The identity of an initial admin user that will be granted access to the UI and
            given the ability to create additional users, groups, and policies. The value of this property could be
            a DN when using certificates or LDAP, or a Kerberos principal. This property will only be used when there
            are no other policies defined. If this property is specified then a Legacy Authorized Users File can not be specified.

            NOTE: Any identity mapping rules specified in nifi.properties will also be applied to the initial admin identity,
            so the value should be the unmapped identity. This identity must be found in the configured User Group Provider.

        - Legacy Authorized Users File - The full path to an existing authorized-users.xml that will be automatically
            converted to the new authorizations model. If this property is specified then an Initial Admin Identity can
            not be specified, and this property will only be used when there are no other users, groups, and policies defined.

            NOTE: Any users in the legacy users file must be found in the configured User Group Provider.

        - Node Identity [unique key] - The identity of a NiFi cluster node. When clustered, a property for each node
            should be defined, so that every node knows about every other node. If not clustered these properties can be ignored.
            The name of each property must be unique, for example for a three node cluster:
            "Node Identity A", "Node Identity B", "Node Identity C" or "Node Identity 1", "Node Identity 2", "Node Identity 3"

            NOTE: Any identity mapping rules specified in nifi.properties will also be applied to the node identities,
            so the values should be the unmapped identities (i.e. full DN from a certificate). This identity must be found
            in the configured User Group Provider.
    -->
    <accessPolicyProvider>
        <identifier>file-access-policy-provider</identifier>
        <class>org.apache.nifi.authorization.FileAccessPolicyProvider</class>
        <property name="User Group Provider">ldap-user-group-provider</property>
        <property name="Authorizations File">./conf/authorizations.xml</property>
        <property name="Initial Admin Identity"></property>
        <property name="Legacy Authorized Users File"></property>

        <property name="Node Identity 1"></property>
    </accessPolicyProvider>

    <!--
        The StandardManagedAuthorizer. This authorizer implementation must be configured with the
        Access Policy Provider which it will use to access and manage users, groups, and policies.
        These users, groups, and policies will be used to make all access decisions during authorization
        requests.

        - Access Policy Provider - The identifier for an Access Policy Provider defined above.
    -->
    <authorizer>
        <identifier>managed-authorizer</identifier>
        <class>org.apache.nifi.authorization.StandardManagedAuthorizer</class>
        <property name="Access Policy Provider">file-access-policy-provider</property>
    </authorizer>

    <!--
        NOTE: This Authorizer has been replaced with the more granular approach configured above with the Standard
        Managed Authorizer. However, it is still available for backwards compatibility reasons.

        The FileAuthorizer is NiFi's provided authorizer and has the following properties:

        - Authorizations File - The file where the FileAuthorizer will store policies.

        - Users File - The file where the FileAuthorizer will store users and groups.

        - Initial Admin Identity - The identity of an initial admin user that will be granted access to the UI and
            given the ability to create additional users, groups, and policies. The value of this property could be
            a DN when using certificates or LDAP, or a Kerberos principal. This property will only be used when there
            are no other users, groups, and policies defined. If this property is specified then a Legacy Authorized
            Users File can not be specified.

            NOTE: Any identity mapping rules specified in nifi.properties will also be applied to the initial admin identity,
            so the value should be the unmapped identity.

        - Legacy Authorized Users File - The full path to an existing authorized-users.xml that will be automatically
            converted to the new authorizations model. If this property is specified then an Initial Admin Identity can
            not be specified, and this property will only be used when there are no other users, groups, and policies defined.

        - Node Identity [unique key] - The identity of a NiFi cluster node. When clustered, a property for each node
            should be defined, so that every node knows about every other node. If not clustered these properties can be ignored.
            The name of each property must be unique, for example for a three node cluster:
            "Node Identity A", "Node Identity B", "Node Identity C" or "Node Identity 1", "Node Identity 2", "Node Identity 3"

            NOTE: Any identity mapping rules specified in nifi.properties will also be applied to the node identities,
            so the values should be the unmapped identities (i.e. full DN from a certificate).
    -->
    <!-- <authorizer>
        <identifier>file-provider</identifier>
        <class>org.apache.nifi.authorization.FileAuthorizer</class>
        <property name="Authorizations File">./conf/authorizations.xml</property>
        <property name="Users File">./conf/users.xml</property>
        <property name="Initial Admin Identity"></property>
        <property name="Legacy Authorized Users File"></property>

        <property name="Node Identity 1"></property>
    </authorizer>
    -->
</authorizers>
[main] INFO org.apache.nifi.properties.ConfigEncryptionTool - Handling encryption of authorizers.xml
[main] INFO org.apache.nifi.properties.ConfigEncryptionTool -        bootstrap.conf:               target/tmp/tmp_bootstrap.conf
[main] INFO org.apache.nifi.properties.ConfigEncryptionTool - (src)  nifi.properties:              null
[main] INFO org.apache.nifi.properties.ConfigEncryptionTool - (dest) nifi.properties:              null
[main] INFO org.apache.nifi.properties.ConfigEncryptionTool - (src)  login-identity-providers.xml: null
[main] INFO org.apache.nifi.properties.ConfigEncryptionTool - (dest) login-identity-providers.xml: null
[main] INFO org.apache.nifi.properties.ConfigEncryptionTool - (src)  authorizers.xml:              src/test/resources/authorizers-populated-complex-filter.xml
[main] INFO org.apache.nifi.properties.ConfigEncryptionTool - (dest) authorizers.xml:              target/tmp/tmp-authorizers.xml
[main] INFO org.apache.nifi.properties.ConfigEncryptionTool - (src)  flow.xml.gz:                  src/test/resources/flow.xml.gz
[main] INFO org.apache.nifi.properties.ConfigEncryptionTool - (dest) flow.xml.gz:                  null
[main] INFO org.apache.nifi.properties.ConfigEncryptionTool - Loaded authorizers content (309 lines)
[main] INFO org.apache.nifi.properties.ConfigEncryptionTool - No encrypted password property elements found in authorizers.xml
[main] INFO org.apache.nifi.properties.ConfigEncryptionTool - Attempting to encrypt property using protection scheme aes/gcm/256
[main] INFO org.apache.nifi.properties.ConfigEncryptionTool - Attempting to encrypt property using protection scheme aes/gcm/256
[main] INFO org.apache.nifi.properties.ConfigEncryptionTool - Attempting to encrypt property using protection scheme aes/gcm/256
[main] INFO org.apache.nifi.properties.ConfigEncryptionTool - Updated XML content: <?xml version="1.0" encoding="UTF-8"?><authorizers>

    
    

    
    <userGroupProvider>
        <identifier>ldap-user-group-provider</identifier>
        <class>org.apache.nifi.ldap.tenants.LdapUserGroupProvider</class>
        <property name="Authentication Strategy">START_TLS</property>

        <property name="Manager DN">someuser</property>
        <property name="Manager Password" encryption="aes/gcm/256">ueghR2Br8sEZq1Ak||J5Ai/DDEMWSdMpOkJBvcGndVUMXkZU4nxvA0VYls29kwFg</property>

        <property name="TLS - Keystore"/>
        <property name="TLS - Keystore Password" encryption="aes/gcm/256">jyPTn4XluWulGARx||hl8stgeXt9w8CiNq1y65U60XrS4W9p24pBcRaS5ov5Lnew</property>
        <property name="TLS - Keystore Type"/>
        <property name="TLS - Truststore"/>
        <property name="TLS - Truststore Password" encryption="aes/gcm/256">v73or8qne6mQamV7||FxSLMjIOND/6cQYlPvRsDSQxFe9HnOrYUgczgCyP/MQSsA</property>
        <property name="TLS - Truststore Type"/>
        <property name="TLS - Client Auth"/>
        <property name="TLS - Protocol"/>
        <property name="TLS - Shutdown Gracefully"/>

        <property name="Referral Strategy">FOLLOW</property>
        <property name="Connect Timeout">10 secs</property>
        <property name="Read Timeout">10 secs</property>

        <property name="Url"/>
        <property name="Page Size"/>
        <property name="Sync Interval">30 mins</property>

        <property name="User Search Base"/>
        <property name="User Object Class">person</property>
        <property name="User Search Scope">ONE_LEVEL</property>
        <property name="User Search Filter">(&amp; (objectCategory=Person)(sAMAccountName=*)(!(UserAccountControl:1.2.840.113556.1.4.803:=2))(!(sAMAccountName=$*)))</property>
        <property name="User Identity Attribute"/>
        <property name="User Group Name Attribute"/>
        <property name="User Group Name Attribute - Referenced Group Attribute"/>

        <property name="Group Search Base"/>
        <property name="Group Object Class">group</property>
        <property name="Group Search Scope">ONE_LEVEL</property>
        <property name="Group Search Filter">(&amp; (objectCategory=Person)(sAMAccountName=*)(!(UserAccountControl:1.2.840.113556.1.4.803:=2))(!(sAMAccountName=$*)))</property>
        <property name="Group Name Attribute"/>
        <property name="Group Member Attribute"/>
        <property name="Group Member Attribute - Referenced User Attribute"/>
    </userGroupProvider>

    
    

    
    

    
    <accessPolicyProvider>
        <identifier>file-access-policy-provider</identifier>
        <class>org.apache.nifi.authorization.FileAccessPolicyProvider</class>
        <property name="User Group Provider">ldap-user-group-provider</property>
        <property name="Authorizations File">./conf/authorizations.xml</property>
        <property name="Initial Admin Identity"/>
        <property name="Legacy Authorized Users File"/>

        <property name="Node Identity 1"/>
    </accessPolicyProvider>

    
    <authorizer>
        <identifier>managed-authorizer</identifier>
        <class>org.apache.nifi.authorization.StandardManagedAuthorizer</class>
        <property name="Access Policy Provider">file-access-policy-provider</property>
    </authorizer>

    
    
</authorizers>

[main] INFO org.apache.nifi.properties.ConfigEncryptionToolTest - Updated XML content: <?xml version="1.0" encoding="UTF-8" standalone="yes"?>
<!--
  Licensed to the Apache Software Foundation (ASF) under one or more
  contributor license agreements.  See the NOTICE file distributed with
  this work for additional information regarding copyright ownership.
  The ASF licenses this file to You under the Apache License, Version 2.0
  (the "License"); you may not use this file except in compliance with
  the License.  You may obtain a copy of the License at
      http://www.apache.org/licenses/LICENSE-2.0
  Unless required by applicable law or agreed to in writing, software
  distributed under the License is distributed on an "AS IS" BASIS,
  WITHOUT WARRANTIES OR CONDITIONS OF ANY KIND, either express or implied.
  See the License for the specific language governing permissions and
  limitations under the License.
-->
<!--
    This file lists the userGroupProviders, accessPolicyProviders, and authorizers to use when running securely. In order
    to use a specific authorizer it must be configured here and it's identifier must be specified in the nifi.properties file.
    If the authorizer is a managedAuthorizer, it may need to be configured with an accessPolicyProvider and an userGroupProvider.
    This file allows for configuration of them, but they must be configured in order:

    ...
    all userGroupProviders
    all accessPolicyProviders
    all Authorizers
    ...
-->
<authorizers>

    <!--
        The FileUserGroupProvider will provide support for managing users and groups which is backed by a file
        on the local file system.

        - Users File - The file where the FileUserGroupProvider will store users and groups.

        - Legacy Authorized Users File - The full path to an existing authorized-users.xml that will be automatically
            be used to load the users and groups into the Users File.

        - Initial User Identity [unique key] - The identity of a users and systems to seed the Users File. The name of
            each property must be unique, for example: "Initial User Identity A", "Initial User Identity B",
            "Initial User Identity C" or "Initial User Identity 1", "Initial User Identity 2", "Initial User Identity 3"

            NOTE: Any identity mapping rules specified in nifi.properties will also be applied to the user identities,
            so the values should be the unmapped identities (i.e. full DN from a certificate).
    -->
    <!--
    <userGroupProvider>
        <identifier>file-user-group-provider</identifier>
        <class>org.apache.nifi.authorization.FileUserGroupProvider</class>
        <property name="Users File">./conf/users.xml</property>
        <property name="Legacy Authorized Users File"></property>

        <property name="Initial User Identity 1"></property>
    </userGroupProvider>
    -->

    <!--
        The LdapUserGroupProvider will retrieve users and groups from an LDAP server. The users and groups
        are not configurable.

        'Authentication Strategy' - How the connection to the LDAP server is authenticated. Possible
            values are ANONYMOUS, SIMPLE, LDAPS, or START_TLS.

        'Manager DN' - The DN of the manager that is used to bind to the LDAP server to search for users.
        'Manager Password' - The password of the manager that is used to bind to the LDAP server to
            search for users.

        'TLS - Keystore' - Path to the Keystore that is used when connecting to LDAP using LDAPS or START_TLS.
        'TLS - Keystore Password' - Password for the Keystore that is used when connecting to LDAP
            using LDAPS or START_TLS.
        'TLS - Keystore Type' - Type of the Keystore that is used when connecting to LDAP using
            LDAPS or START_TLS (i.e. JKS or PKCS12).
        'TLS - Truststore' - Path to the Truststore that is used when connecting to LDAP using LDAPS or START_TLS.
        'TLS - Truststore Password' - Password for the Truststore that is used when connecting to
            LDAP using LDAPS or START_TLS.
        'TLS - Truststore Type' - Type of the Truststore that is used when connecting to LDAP using
            LDAPS or START_TLS (i.e. JKS or PKCS12).
        'TLS - Client Auth' - Client authentication policy when connecting to LDAP using LDAPS or START_TLS.
            Possible values are REQUIRED, WANT, NONE.
        'TLS - Protocol' - Protocol to use when connecting to LDAP using LDAPS or START_TLS. (i.e. TLS,
            TLSv1.1, TLSv1.2, etc).
        'TLS - Shutdown Gracefully' - Specifies whether the TLS should be shut down gracefully
            before the target context is closed. Defaults to false.

        'Referral Strategy' - Strategy for handling referrals. Possible values are FOLLOW, IGNORE, THROW.
        'Connect Timeout' - Duration of connect timeout. (i.e. 10 secs).
        'Read Timeout' - Duration of read timeout. (i.e. 10 secs).

        'Url' - Space-separated list of URLs of the LDAP servers (i.e. ldap://<hostname>:<port>).
        'Page Size' - Sets the page size when retrieving users and groups. If not specified, no paging is performed.
        'Sync Interval' - Duration of time between syncing users and groups (i.e. 30 mins). Minimum allowable value is 10 secs.

        'User Search Base' - Base DN for searching for users (i.e. ou=users,o=nifi). Required to search users.
        'User Object Class' - Object class for identifying users (i.e. person). Required if searching users.
        'User Search Scope' - Search scope for searching users (ONE_LEVEL, OBJECT, or SUBTREE). Required if searching users.
        'User Search Filter' - Filter for searching for users against the 'User Search Base' (i.e. (memberof=cn=team1,ou=groups,o=nifi) ). Optional.
        'User Identity Attribute' - Attribute to use to extract user identity (i.e. cn). Optional. If not set, the entire DN is used.
        'User Group Name Attribute' - Attribute to use to define group membership (i.e. memberof). Optional. If not set
            group membership will not be calculated through the users. Will rely on group membership being defined
            through 'Group Member Attribute' if set. The value of this property is the name of the attribute in the user ldap entry that
            associates them with a group. The value of that user attribute could be a dn or group name for instance. What value is expected
            is configured in the 'User Group Name Attribute - Referenced Group Attribute'.
        'User Group Name Attribute - Referenced Group Attribute' - If blank, the value of the attribute defined in 'User Group Name Attribute'
            is expected to be the full dn of the group. If not blank, this property will define the attribute of the group ldap entry that
            the value of the attribute defined in 'User Group Name Attribute' is referencing (i.e. name). Use of this property requires that
            'Group Search Base' is also configured.

        'Group Search Base' - Base DN for searching for groups (i.e. ou=groups,o=nifi). Required to search groups.
        'Group Object Class' - Object class for identifying groups (i.e. groupOfNames). Required if searching groups.
        'Group Search Scope' - Search scope for searching groups (ONE_LEVEL, OBJECT, or SUBTREE). Required if searching groups.
        'Group Search Filter' - Filter for searching for groups against the 'Group Search Base'. Optional.
        'Group Name Attribute' - Attribute to use to extract group name (i.e. cn). Optional. If not set, the entire DN is used.
        'Group Member Attribute' - Attribute to use to define group membership (i.e. member). Optional. If not set
            group membership will not be calculated through the groups. Will rely on group membership being defined
            through 'User Group Name Attribute' if set. The value of this property is the name of the attribute in the group ldap entry that
            associates them with a user. The value of that group attribute could be a dn or memberUid for instance. What value is expected
            is configured in the 'Group Member Attribute - Referenced User Attribute'. (i.e. member: cn=User 1,ou=users,o=nifi vs. memberUid: user1)
        'Group Member Attribute - Referenced User Attribute' - If blank, the value of the attribute defined in 'Group Member Attribute'
            is expected to be the full dn of the user. If not blank, this property will define the attribute of the user ldap entry that
            the value of the attribute defined in 'Group Member Attribute' is referencing (i.e. uid). Use of this property requires that
            'User Search Base' is also configured. (i.e. member: cn=User 1,ou=users,o=nifi vs. memberUid: user1)

        NOTE: Any identity mapping rules specified in nifi.properties will also be applied to the user identities.
            Group names are not mapped.
    -->
    <userGroupProvider>
        <identifier>ldap-user-group-provider</identifier>
        <class>org.apache.nifi.ldap.tenants.LdapUserGroupProvider</class>
        <property name="Authentication Strategy">START_TLS</property>

        <property name="Manager DN">someuser</property>
        <property encryption="aes/gcm/256" name="Manager Password">ueghR2Br8sEZq1Ak||J5Ai/DDEMWSdMpOkJBvcGndVUMXkZU4nxvA0VYls29kwFg</property>

        <property name="TLS - Keystore"/>
        <property encryption="aes/gcm/256" name="TLS - Keystore Password">jyPTn4XluWulGARx||hl8stgeXt9w8CiNq1y65U60XrS4W9p24pBcRaS5ov5Lnew</property>
        <property name="TLS - Keystore Type"/>
        <property name="TLS - Truststore"/>
        <property encryption="aes/gcm/256" name="TLS - Truststore Password">v73or8qne6mQamV7||FxSLMjIOND/6cQYlPvRsDSQxFe9HnOrYUgczgCyP/MQSsA</property>
        <property name="TLS - Truststore Type"/>
        <property name="TLS - Client Auth"/>
        <property name="TLS - Protocol"/>
        <property name="TLS - Shutdown Gracefully"/>

        <property name="Referral Strategy">FOLLOW</property>
        <property name="Connect Timeout">10 secs</property>
        <property name="Read Timeout">10 secs</property>

        <property name="Url"/>
        <property name="Page Size"/>
        <property name="Sync Interval">30 mins</property>

        <property name="User Search Base"/>
        <property name="User Object Class">person</property>
        <property name="User Search Scope">ONE_LEVEL</property>
        <property name="User Search Filter">(&amp; (objectCategory=Person)(sAMAccountName=*)(!(UserAccountControl:1.2.840.113556.1.4.803:=2))(!(sAMAccountName=$*)))</property>
        <property name="User Identity Attribute"/>
        <property name="User Group Name Attribute"/>
        <property name="User Group Name Attribute - Referenced Group Attribute"/>

        <property name="Group Search Base"/>
        <property name="Group Object Class">group</property>
        <property name="Group Search Scope">ONE_LEVEL</property>
        <property name="Group Search Filter">(&amp; (objectCategory=Person)(sAMAccountName=*)(!(UserAccountControl:1.2.840.113556.1.4.803:=2))(!(sAMAccountName=$*)))</property>
        <property name="Group Name Attribute"/>
        <property name="Group Member Attribute"/>
        <property name="Group Member Attribute - Referenced User Attribute"/>
    </userGroupProvider>


    <!--
        The CompositeUserGroupProvider will provide support for retrieving users and groups from multiple sources.

        - User Group Provider [unique key] - The identifier of user group providers to load from. The name of
            each property must be unique, for example: "User Group Provider A", "User Group Provider B",
            "User Group Provider C" or "User Group Provider 1", "User Group Provider 2", "User Group Provider 3"

            NOTE: Any identity mapping rules specified in nifi.properties are not applied in this implementation. This behavior
            would need to be applied by the base implementation.
    -->
    <!-- To enable the composite-user-group-provider remove 2 lines. This is 1 of 2.
    <userGroupProvider>
        <identifier>composite-user-group-provider</identifier>
        <class>org.apache.nifi.authorization.CompositeUserGroupProvider</class>
        <property name="User Group Provider 1"></property>
    </userGroupProvider>
    To enable the composite-user-group-provider remove 2 lines. This is 2 of 2. -->

    <!--
        The CompositeConfigurableUserGroupProvider will provide support for retrieving users and groups from multiple sources.
        Additionally, a single configurable user group provider is required. Users from the configurable user group provider
        are configurable, however users loaded from one of the User Group Provider [unique key] will not be.

        - Configurable User Group Provider - A configurable user group provider.

        - User Group Provider [unique key] - The identifier of user group providers to load from. The name of
            each property must be unique, for example: "User Group Provider A", "User Group Provider B",
            "User Group Provider C" or "User Group Provider 1", "User Group Provider 2", "User Group Provider 3"

            NOTE: Any identity mapping rules specified in nifi.properties are not applied in this implementation. This behavior
            would need to be applied by the base implementation.
    -->
    <!-- To enable the composite-configurable-user-group-provider remove 2 lines. This is 1 of 2.
    <userGroupProvider>
        <identifier>composite-configurable-user-group-provider</identifier>
        <class>org.apache.nifi.authorization.CompositeConfigurableUserGroupProvider</class>
        <property name="Configurable User Group Provider">file-user-group-provider</property>
        <property name="User Group Provider 1"></property>
    </userGroupProvider>
    To enable the composite-configurable-user-group-provider remove 2 lines. This is 2 of 2. -->

    <!--
        The FileAccessPolicyProvider will provide support for managing access policies which is backed by a file
        on the local file system.

        - User Group Provider - The identifier for an User Group Provider defined above that will be used to access
            users and groups for use in the managed access policies.

        - Authorizations File - The file where the FileAccessPolicyProvider will store policies.

        - Initial Admin Identity - The identity of an initial admin user that will be granted access to the UI and
            given the ability to create additional users, groups, and policies. The value of this property could be
            a DN when using certificates or LDAP, or a Kerberos principal. This property will only be used when there
            are no other policies defined. If this property is specified then a Legacy Authorized Users File can not be specified.

            NOTE: Any identity mapping rules specified in nifi.properties will also be applied to the initial admin identity,
            so the value should be the unmapped identity. This identity must be found in the configured User Group Provider.

        - Legacy Authorized Users File - The full path to an existing authorized-users.xml that will be automatically
            converted to the new authorizations model. If this property is specified then an Initial Admin Identity can
            not be specified, and this property will only be used when there are no other users, groups, and policies defined.

            NOTE: Any users in the legacy users file must be found in the configured User Group Provider.

        - Node Identity [unique key] - The identity of a NiFi cluster node. When clustered, a property for each node
            should be defined, so that every node knows about every other node. If not clustered these properties can be ignored.
            The name of each property must be unique, for example for a three node cluster:
            "Node Identity A", "Node Identity B", "Node Identity C" or "Node Identity 1", "Node Identity 2", "Node Identity 3"

            NOTE: Any identity mapping rules specified in nifi.properties will also be applied to the node identities,
            so the values should be the unmapped identities (i.e. full DN from a certificate). This identity must be found
            in the configured User Group Provider.
    -->
    <accessPolicyProvider>
        <identifier>file-access-policy-provider</identifier>
        <class>org.apache.nifi.authorization.FileAccessPolicyProvider</class>
        <property name="User Group Provider">ldap-user-group-provider</property>
        <property name="Authorizations File">./conf/authorizations.xml</property>
        <property name="Initial Admin Identity"></property>
        <property name="Legacy Authorized Users File"></property>

        <property name="Node Identity 1"></property>
    </accessPolicyProvider>

    <!--
        The StandardManagedAuthorizer. This authorizer implementation must be configured with the
        Access Policy Provider which it will use to access and manage users, groups, and policies.
        These users, groups, and policies will be used to make all access decisions during authorization
        requests.

        - Access Policy Provider - The identifier for an Access Policy Provider defined above.
    -->
    <authorizer>
        <identifier>managed-authorizer</identifier>
        <class>org.apache.nifi.authorization.StandardManagedAuthorizer</class>
        <property name="Access Policy Provider">file-access-policy-provider</property>
    </authorizer>

    <!--
        NOTE: This Authorizer has been replaced with the more granular approach configured above with the Standard
        Managed Authorizer. However, it is still available for backwards compatibility reasons.

        The FileAuthorizer is NiFi's provided authorizer and has the following properties:

        - Authorizations File - The file where the FileAuthorizer will store policies.

        - Users File - The file where the FileAuthorizer will store users and groups.

        - Initial Admin Identity - The identity of an initial admin user that will be granted access to the UI and
            given the ability to create additional users, groups, and policies. The value of this property could be
            a DN when using certificates or LDAP, or a Kerberos principal. This property will only be used when there
            are no other users, groups, and policies defined. If this property is specified then a Legacy Authorized
            Users File can not be specified.

            NOTE: Any identity mapping rules specified in nifi.properties will also be applied to the initial admin identity,
            so the value should be the unmapped identity.

        - Legacy Authorized Users File - The full path to an existing authorized-users.xml that will be automatically
            converted to the new authorizations model. If this property is specified then an Initial Admin Identity can
            not be specified, and this property will only be used when there are no other users, groups, and policies defined.

        - Node Identity [unique key] - The identity of a NiFi cluster node. When clustered, a property for each node
            should be defined, so that every node knows about every other node. If not clustered these properties can be ignored.
            The name of each property must be unique, for example for a three node cluster:
            "Node Identity A", "Node Identity B", "Node Identity C" or "Node Identity 1", "Node Identity 2", "Node Identity 3"

            NOTE: Any identity mapping rules specified in nifi.properties will also be applied to the node identities,
            so the values should be the unmapped identities (i.e. full DN from a certificate).
    -->
    <!-- <authorizer>
        <identifier>file-provider</identifier>
        <class>org.apache.nifi.authorization.FileAuthorizer</class>
        <property name="Authorizations File">./conf/authorizations.xml</property>
        <property name="Users File">./conf/users.xml</property>
        <property name="Initial Admin Identity"></property>
        <property name="Legacy Authorized Users File"></property>

        <property name="Node Identity 1"></property>
    </authorizer>
    -->
</authorizers>
[main] INFO org.apache.nifi.properties.ConfigEncryptionToolTest - Updated key line: nifi.bootstrap.sensitive.key=0123456789ABCDEFFEDCBA98765432100123456789ABCDEFFEDCBA9876543210
]]></system-err>
  </testcase>
  <testcase name="testSerializeLoginIdentityProvidersAndPreserveFormatShouldHandleComplexProperty" classname="org.apache.nifi.properties.ConfigEncryptionToolTest" time="0.046">
    <system-err><![CDATA[[main] INFO org.apache.nifi.properties.ConfigEncryptionToolTest - Read lines: 
<?xml version="1.0" encoding="UTF-8" standalone="yes"?>
<!--
  Licensed to the Apache Software Foundation (ASF) under one or more
  contributor license agreements.  See the NOTICE file distributed with
  this work for additional information regarding copyright ownership.
  The ASF licenses this file to You under the Apache License, Version 2.0
  (the "License"); you may not use this file except in compliance with
  the License.  You may obtain a copy of the License at
      http://www.apache.org/licenses/LICENSE-2.0
  Unless required by applicable law or agreed to in writing, software
  distributed under the License is distributed on an "AS IS" BASIS,
  WITHOUT WARRANTIES OR CONDITIONS OF ANY KIND, either express or implied.
  See the License for the specific language governing permissions and
  limitations under the License.
-->
<!--
    This file lists the login identity providers to use when running securely. In order
    to use a specific provider it must be configured here and it's identifier
    must be specified in the nifi.properties file.
-->
<loginIdentityProviders>
    <!--
        Identity Provider for users logging in with username/password against an LDAP server.
        
        'Authentication Strategy' - How the connection to the LDAP server is authenticated. Possible
            values are ANONYMOUS, SIMPLE, or START_TLS.
        
        'Manager DN' - The DN of the manager that is used to bind to the LDAP server to search for users.
        'Manager Password' - The password of the manager that is used to bind to the LDAP server to
            search for users.
            
        'TLS - Keystore' - Path to the Keystore that is used when connecting to LDAP using START_TLS.
        'TLS - Keystore Password' - Password for the Keystore that is used when connecting to LDAP
            using START_TLS.
        'TLS - Keystore Type' - Type of the Keystore that is used when connecting to LDAP using
            START_TLS (i.e. JKS or PKCS12).
        'TLS - Truststore' - Path to the Truststore that is used when connecting to LDAP using START_TLS.
        'TLS - Truststore Password' - Password for the Truststore that is used when connecting to
            LDAP using START_TLS.
        'TLS - Truststore Type' - Type of the Truststore that is used when connecting to LDAP using
            START_TLS (i.e. JKS or PKCS12).
        'TLS - Client Auth' - Client authentication policy when connecting to LDAP using START_TLS.
            Possible values are REQUIRED, WANT, NONE.
        'TLS - Protocol' - Protocol to use when connecting to LDAP using START_TLS. (i.e. TLS,
            TLSv1.1, TLSv1.2, etc).
        'TLS - Shutdown Gracefully' - Specifies whether the TLS should be shut down gracefully 
            before the target context is closed. Defaults to false.
            
        'Referral Strategy' - Strategy for handling referrals. Possible values are FOLLOW, IGNORE, THROW.
        'Connect Timeout' - Duration of connect timeout. (i.e. 10 secs).
        'Read Timeout' - Duration of read timeout. (i.e. 10 secs).
       
        'Url' - Url of the LDAP servier (i.e. ldap://<hostname>:<port>).
        'User Search Base' - Base DN for searching for users (i.e. CN=Users,DC=example,DC=com).
        'User Search Filter' - Filter for searching for users against the 'User Search Base'.
            (i.e. sAMAccountName={0}). The user specified name is inserted into '{0}'.
            
        'Authentication Expiration' - The duration of how long the user authentication is valid
            for. If the user never logs out, they will be required to log back in following
            this duration.
    -->
    <provider>
        <identifier>ldap-provider</identifier>
        <class>org.apache.nifi.ldap.LdapProvider</class>
        <property name="Authentication Strategy">START_TLS</property>

        <property name="Manager DN">someuser</property>
        <property name="Manager Password">thisIsABadPassword</property>

        <property name="TLS - Keystore"></property>
        <property name="TLS - Keystore Password">thisIsABadPassword</property>
        <property name="TLS - Keystore Type"></property>
        <property name="TLS - Truststore"></property>
        <property name="TLS - Truststore Password">thisIsABadPassword</property>
        <property name="TLS - Truststore Type"></property>
        <property name="TLS - Client Auth"></property>
        <property name="TLS - Protocol"></property>
        <property name="TLS - Shutdown Gracefully"></property>
        
        <property name="Referral Strategy">FOLLOW</property>
        <property name="Connect Timeout">10 secs</property>
        <property name="Read Timeout">10 secs</property>

        <property name="Url"></property>
        <property name="User Search Base"></property>
        <property name="User Search Filter">(&amp; (objectCategory=Person)(sAMAccountName=*)(!(UserAccountControl:1.2.840.113556.1.4.803:=2))(!(sAMAccountName=$*)))</property>

        <property name="Authentication Expiration">12 hours</property>
    </provider>

    <!--
        Identity Provider for users logging in with username/password against a Kerberos KDC server.

        'Default Realm' - Default realm to provide when user enters incomplete user principal (i.e. NIFI.APACHE.ORG).
        'Authentication Expiration' - The duration of how long the user authentication is valid for. If the user never logs out, they will be required to log back in following this duration.
    -->
    <!-- To enable the kerberos-provider remove 2 lines. This is 1 of 2.
    <provider>
        <identifier>kerberos-provider</identifier>
        <class>org.apache.nifi.kerberos.KerberosProvider</class>
        <property name="Default Realm">NIFI.APACHE.ORG</property>
        <property name="Authentication Expiration">12 hours</property>
    </provider>
    To enable the kerberos-provider remove 2 lines. This is 2 of 2. -->
</loginIdentityProviders>
[main] INFO org.apache.nifi.properties.ConfigEncryptionToolTest - Serialized lines: 
<?xml version="1.0" encoding="UTF-8" standalone="yes"?>
<!--
  Licensed to the Apache Software Foundation (ASF) under one or more
  contributor license agreements.  See the NOTICE file distributed with
  this work for additional information regarding copyright ownership.
  The ASF licenses this file to You under the Apache License, Version 2.0
  (the "License"); you may not use this file except in compliance with
  the License.  You may obtain a copy of the License at
      http://www.apache.org/licenses/LICENSE-2.0
  Unless required by applicable law or agreed to in writing, software
  distributed under the License is distributed on an "AS IS" BASIS,
  WITHOUT WARRANTIES OR CONDITIONS OF ANY KIND, either express or implied.
  See the License for the specific language governing permissions and
  limitations under the License.
-->
<!--
    This file lists the login identity providers to use when running securely. In order
    to use a specific provider it must be configured here and it's identifier
    must be specified in the nifi.properties file.
-->
<loginIdentityProviders>
    <!--
        Identity Provider for users logging in with username/password against an LDAP server.
        
        'Authentication Strategy' - How the connection to the LDAP server is authenticated. Possible
            values are ANONYMOUS, SIMPLE, or START_TLS.
        
        'Manager DN' - The DN of the manager that is used to bind to the LDAP server to search for users.
        'Manager Password' - The password of the manager that is used to bind to the LDAP server to
            search for users.
            
        'TLS - Keystore' - Path to the Keystore that is used when connecting to LDAP using START_TLS.
        'TLS - Keystore Password' - Password for the Keystore that is used when connecting to LDAP
            using START_TLS.
        'TLS - Keystore Type' - Type of the Keystore that is used when connecting to LDAP using
            START_TLS (i.e. JKS or PKCS12).
        'TLS - Truststore' - Path to the Truststore that is used when connecting to LDAP using START_TLS.
        'TLS - Truststore Password' - Password for the Truststore that is used when connecting to
            LDAP using START_TLS.
        'TLS - Truststore Type' - Type of the Truststore that is used when connecting to LDAP using
            START_TLS (i.e. JKS or PKCS12).
        'TLS - Client Auth' - Client authentication policy when connecting to LDAP using START_TLS.
            Possible values are REQUIRED, WANT, NONE.
        'TLS - Protocol' - Protocol to use when connecting to LDAP using START_TLS. (i.e. TLS,
            TLSv1.1, TLSv1.2, etc).
        'TLS - Shutdown Gracefully' - Specifies whether the TLS should be shut down gracefully 
            before the target context is closed. Defaults to false.
            
        'Referral Strategy' - Strategy for handling referrals. Possible values are FOLLOW, IGNORE, THROW.
        'Connect Timeout' - Duration of connect timeout. (i.e. 10 secs).
        'Read Timeout' - Duration of read timeout. (i.e. 10 secs).
       
        'Url' - Url of the LDAP servier (i.e. ldap://<hostname>:<port>).
        'User Search Base' - Base DN for searching for users (i.e. CN=Users,DC=example,DC=com).
        'User Search Filter' - Filter for searching for users against the 'User Search Base'.
            (i.e. sAMAccountName={0}). The user specified name is inserted into '{0}'.
            
        'Authentication Expiration' - The duration of how long the user authentication is valid
            for. If the user never logs out, they will be required to log back in following
            this duration.
    -->
    <provider>
        <identifier>ldap-provider</identifier>
        <class>org.apache.nifi.ldap.LdapProvider</class>
        <property name="Authentication Strategy">START_TLS</property>

        <property name="Manager DN">someuser</property>
        <property name="Manager Password">thisIsABadPassword</property>

        <property name="TLS - Keystore"/>
        <property name="TLS - Keystore Password">thisIsABadPassword</property>
        <property name="TLS - Keystore Type"/>
        <property name="TLS - Truststore"/>
        <property name="TLS - Truststore Password">thisIsABadPassword</property>
        <property name="TLS - Truststore Type"/>
        <property name="TLS - Client Auth"/>
        <property name="TLS - Protocol"/>
        <property name="TLS - Shutdown Gracefully"/>
        
        <property name="Referral Strategy">FOLLOW</property>
        <property name="Connect Timeout">10 secs</property>
        <property name="Read Timeout">10 secs</property>

        <property name="Url"/>
        <property name="User Search Base"/>
        <property name="User Search Filter">(&amp; (objectCategory=Person)(sAMAccountName=*)(!(UserAccountControl:1.2.840.113556.1.4.803:=2))(!(sAMAccountName=$*)))</property>

        <property name="Authentication Expiration">12 hours</property>
    </provider>


    <!--
        Identity Provider for users logging in with username/password against a Kerberos KDC server.

        'Default Realm' - Default realm to provide when user enters incomplete user principal (i.e. NIFI.APACHE.ORG).
        'Authentication Expiration' - The duration of how long the user authentication is valid for. If the user never logs out, they will be required to log back in following this duration.
    -->
    <!-- To enable the kerberos-provider remove 2 lines. This is 1 of 2.
    <provider>
        <identifier>kerberos-provider</identifier>
        <class>org.apache.nifi.kerberos.KerberosProvider</class>
        <property name="Default Realm">NIFI.APACHE.ORG</property>
        <property name="Authentication Expiration">12 hours</property>
    </provider>
    To enable the kerberos-provider remove 2 lines. This is 2 of 2. -->
</loginIdentityProviders>
]]></system-err>
  </testcase>
  <testcase name="testShouldUpdateBootstrapContentsWithKey" classname="org.apache.nifi.properties.ConfigEncryptionToolTest" time="0.001">
    <system-err><![CDATA[[main] INFO org.apache.nifi.properties.ConfigEncryptionToolTest - Updated bootstrap.conf lines: [# Root key in hexadecimal format for encrypted sensitive configuration values, nifi.bootstrap.sensitive.key=0123456789ABCDEFFEDCBA98765432100123456789ABCDEFFEDCBA9876543210]
]]></system-err>
  </testcase>
  <testcase name="testShouldPerformFullOperationMigratingAuthorizers" classname="org.apache.nifi.properties.ConfigEncryptionToolTest" time="0.084">
    <system-err><![CDATA[[main] INFO org.apache.nifi.properties.ConfigEncryptionToolTest - Original key line from bootstrap.conf: nifi.bootstrap.sensitive.key=0123456789ABCDEFFEDCBA9876543210
[main] INFO org.apache.nifi.properties.ConfigEncryptionToolTest - Original XML content: <?xml version="1.0" encoding="UTF-8" standalone="yes"?>
<!--
  Licensed to the Apache Software Foundation (ASF) under one or more
  contributor license agreements.  See the NOTICE file distributed with
  this work for additional information regarding copyright ownership.
  The ASF licenses this file to You under the Apache License, Version 2.0
  (the "License"); you may not use this file except in compliance with
  the License.  You may obtain a copy of the License at
      http://www.apache.org/licenses/LICENSE-2.0
  Unless required by applicable law or agreed to in writing, software
  distributed under the License is distributed on an "AS IS" BASIS,
  WITHOUT WARRANTIES OR CONDITIONS OF ANY KIND, either express or implied.
  See the License for the specific language governing permissions and
  limitations under the License.
-->
<!--
    This file lists the userGroupProviders, accessPolicyProviders, and authorizers to use when running securely. In order
    to use a specific authorizer it must be configured here and it's identifier must be specified in the nifi.properties file.
    If the authorizer is a managedAuthorizer, it may need to be configured with an accessPolicyProvider and an userGroupProvider.
    This file allows for configuration of them, but they must be configured in order:

    ...
    all userGroupProviders
    all accessPolicyProviders
    all Authorizers
    ...
-->
<authorizers>

    <!--
        The FileUserGroupProvider will provide support for managing users and groups which is backed by a file
        on the local file system.

        - Users File - The file where the FileUserGroupProvider will store users and groups.

        - Legacy Authorized Users File - The full path to an existing authorized-users.xml that will be automatically
            be used to load the users and groups into the Users File.

        - Initial User Identity [unique key] - The identity of a users and systems to seed the Users File. The name of
            each property must be unique, for example: "Initial User Identity A", "Initial User Identity B",
            "Initial User Identity C" or "Initial User Identity 1", "Initial User Identity 2", "Initial User Identity 3"

            NOTE: Any identity mapping rules specified in nifi.properties will also be applied to the user identities,
            so the values should be the unmapped identities (i.e. full DN from a certificate).
    -->
    <!--
    <userGroupProvider>
        <identifier>file-user-group-provider</identifier>
        <class>org.apache.nifi.authorization.FileUserGroupProvider</class>
        <property name="Users File">./conf/users.xml</property>
        <property name="Legacy Authorized Users File"></property>

        <property name="Initial User Identity 1"></property>
    </userGroupProvider>
    -->

    <!--
        The LdapUserGroupProvider will retrieve users and groups from an LDAP server. The users and groups
        are not configurable.

        'Authentication Strategy' - How the connection to the LDAP server is authenticated. Possible
            values are ANONYMOUS, SIMPLE, LDAPS, or START_TLS.

        'Manager DN' - The DN of the manager that is used to bind to the LDAP server to search for users.
        'Manager Password' - The password of the manager that is used to bind to the LDAP server to
            search for users.

        'TLS - Keystore' - Path to the Keystore that is used when connecting to LDAP using LDAPS or START_TLS.
        'TLS - Keystore Password' - Password for the Keystore that is used when connecting to LDAP
            using LDAPS or START_TLS.
        'TLS - Keystore Type' - Type of the Keystore that is used when connecting to LDAP using
            LDAPS or START_TLS (i.e. JKS or PKCS12).
        'TLS - Truststore' - Path to the Truststore that is used when connecting to LDAP using LDAPS or START_TLS.
        'TLS - Truststore Password' - Password for the Truststore that is used when connecting to
            LDAP using LDAPS or START_TLS.
        'TLS - Truststore Type' - Type of the Truststore that is used when connecting to LDAP using
            LDAPS or START_TLS (i.e. JKS or PKCS12).
        'TLS - Client Auth' - Client authentication policy when connecting to LDAP using LDAPS or START_TLS.
            Possible values are REQUIRED, WANT, NONE.
        'TLS - Protocol' - Protocol to use when connecting to LDAP using LDAPS or START_TLS. (i.e. TLS,
            TLSv1.1, TLSv1.2, etc).
        'TLS - Shutdown Gracefully' - Specifies whether the TLS should be shut down gracefully
            before the target context is closed. Defaults to false.

        'Referral Strategy' - Strategy for handling referrals. Possible values are FOLLOW, IGNORE, THROW.
        'Connect Timeout' - Duration of connect timeout. (i.e. 10 secs).
        'Read Timeout' - Duration of read timeout. (i.e. 10 secs).

        'Url' - Space-separated list of URLs of the LDAP servers (i.e. ldap://<hostname>:<port>).
        'Page Size' - Sets the page size when retrieving users and groups. If not specified, no paging is performed.
        'Sync Interval' - Duration of time between syncing users and groups (i.e. 30 mins). Minimum allowable value is 10 secs.

        'User Search Base' - Base DN for searching for users (i.e. ou=users,o=nifi). Required to search users.
        'User Object Class' - Object class for identifying users (i.e. person). Required if searching users.
        'User Search Scope' - Search scope for searching users (ONE_LEVEL, OBJECT, or SUBTREE). Required if searching users.
        'User Search Filter' - Filter for searching for users against the 'User Search Base' (i.e. (memberof=cn=team1,ou=groups,o=nifi) ). Optional.
        'User Identity Attribute' - Attribute to use to extract user identity (i.e. cn). Optional. If not set, the entire DN is used.
        'User Group Name Attribute' - Attribute to use to define group membership (i.e. memberof). Optional. If not set
            group membership will not be calculated through the users. Will rely on group membership being defined
            through 'Group Member Attribute' if set. The value of this property is the name of the attribute in the user ldap entry that
            associates them with a group. The value of that user attribute could be a dn or group name for instance. What value is expected
            is configured in the 'User Group Name Attribute - Referenced Group Attribute'.
        'User Group Name Attribute - Referenced Group Attribute' - If blank, the value of the attribute defined in 'User Group Name Attribute'
            is expected to be the full dn of the group. If not blank, this property will define the attribute of the group ldap entry that
            the value of the attribute defined in 'User Group Name Attribute' is referencing (i.e. name). Use of this property requires that
            'Group Search Base' is also configured.

        'Group Search Base' - Base DN for searching for groups (i.e. ou=groups,o=nifi). Required to search groups.
        'Group Object Class' - Object class for identifying groups (i.e. groupOfNames). Required if searching groups.
        'Group Search Scope' - Search scope for searching groups (ONE_LEVEL, OBJECT, or SUBTREE). Required if searching groups.
        'Group Search Filter' - Filter for searching for groups against the 'Group Search Base'. Optional.
        'Group Name Attribute' - Attribute to use to extract group name (i.e. cn). Optional. If not set, the entire DN is used.
        'Group Member Attribute' - Attribute to use to define group membership (i.e. member). Optional. If not set
            group membership will not be calculated through the groups. Will rely on group membership being defined
            through 'User Group Name Attribute' if set. The value of this property is the name of the attribute in the group ldap entry that
            associates them with a user. The value of that group attribute could be a dn or memberUid for instance. What value is expected
            is configured in the 'Group Member Attribute - Referenced User Attribute'. (i.e. member: cn=User 1,ou=users,o=nifi vs. memberUid: user1)
        'Group Member Attribute - Referenced User Attribute' - If blank, the value of the attribute defined in 'Group Member Attribute'
            is expected to be the full dn of the user. If not blank, this property will define the attribute of the user ldap entry that
            the value of the attribute defined in 'Group Member Attribute' is referencing (i.e. uid). Use of this property requires that
            'User Search Base' is also configured. (i.e. member: cn=User 1,ou=users,o=nifi vs. memberUid: user1)

        NOTE: Any identity mapping rules specified in nifi.properties will also be applied to the user identities.
            Group names are not mapped.
    -->
    <userGroupProvider>
        <identifier>ldap-user-group-provider</identifier>
        <class>org.apache.nifi.ldap.tenants.LdapUserGroupProvider</class>
        <property name="Authentication Strategy">START_TLS</property>

        <property name="Manager DN">someuser</property>
        <property name="Manager Password" encryption="aes/gcm/128">q4r7WIgN0MaxdAKM||SGgdCTPGSFEcuH4RraMYEdeyVbOx93abdWTVSWvh1w+klA</property>

        <property name="TLS - Keystore"></property>
        <property name="TLS - Keystore Password" encryption="aes/gcm/128">Uah59TWX+Ru5GY5p||B44RT/LJtC08QWA5ehQf01JxIpf0qSJUzug25UwkF5a50g</property>
        <property name="TLS - Keystore Type"></property>
        <property name="TLS - Truststore"></property>
        <property name="TLS - Truststore Password">thisIsABadPassword</property>
        <property name="TLS - Truststore Type"></property>
        <property name="TLS - Client Auth"></property>
        <property name="TLS - Protocol"></property>
        <property name="TLS - Shutdown Gracefully"></property>

        <property name="Referral Strategy">FOLLOW</property>
        <property name="Connect Timeout">10 secs</property>
        <property name="Read Timeout">10 secs</property>

        <property name="Url"></property>
        <property name="Page Size"></property>
        <property name="Sync Interval">30 mins</property>

        <property name="User Search Base"></property>
        <property name="User Object Class">person</property>
        <property name="User Search Scope">ONE_LEVEL</property>
        <property name="User Search Filter"></property>
        <property name="User Identity Attribute"></property>
        <property name="User Group Name Attribute"></property>
        <property name="User Group Name Attribute - Referenced Group Attribute"></property>

        <property name="Group Search Base"></property>
        <property name="Group Object Class">group</property>
        <property name="Group Search Scope">ONE_LEVEL</property>
        <property name="Group Search Filter"></property>
        <property name="Group Name Attribute"></property>
        <property name="Group Member Attribute"></property>
        <property name="Group Member Attribute - Referenced User Attribute"></property>
    </userGroupProvider>

    <!--
        The CompositeUserGroupProvider will provide support for retrieving users and groups from multiple sources.

        - User Group Provider [unique key] - The identifier of user group providers to load from. The name of
            each property must be unique, for example: "User Group Provider A", "User Group Provider B",
            "User Group Provider C" or "User Group Provider 1", "User Group Provider 2", "User Group Provider 3"

            NOTE: Any identity mapping rules specified in nifi.properties are not applied in this implementation. This behavior
            would need to be applied by the base implementation.
    -->
    <!-- To enable the composite-user-group-provider remove 2 lines. This is 1 of 2.
    <userGroupProvider>
        <identifier>composite-user-group-provider</identifier>
        <class>org.apache.nifi.authorization.CompositeUserGroupProvider</class>
        <property name="User Group Provider 1"></property>
    </userGroupProvider>
    To enable the composite-user-group-provider remove 2 lines. This is 2 of 2. -->

    <!--
        The CompositeConfigurableUserGroupProvider will provide support for retrieving users and groups from multiple sources.
        Additionally, a single configurable user group provider is required. Users from the configurable user group provider
        are configurable, however users loaded from one of the User Group Provider [unique key] will not be.

        - Configurable User Group Provider - A configurable user group provider.

        - User Group Provider [unique key] - The identifier of user group providers to load from. The name of
            each property must be unique, for example: "User Group Provider A", "User Group Provider B",
            "User Group Provider C" or "User Group Provider 1", "User Group Provider 2", "User Group Provider 3"

            NOTE: Any identity mapping rules specified in nifi.properties are not applied in this implementation. This behavior
            would need to be applied by the base implementation.
    -->
    <!-- To enable the composite-configurable-user-group-provider remove 2 lines. This is 1 of 2.
    <userGroupProvider>
        <identifier>composite-configurable-user-group-provider</identifier>
        <class>org.apache.nifi.authorization.CompositeConfigurableUserGroupProvider</class>
        <property name="Configurable User Group Provider">file-user-group-provider</property>
        <property name="User Group Provider 1"></property>
    </userGroupProvider>
    To enable the composite-configurable-user-group-provider remove 2 lines. This is 2 of 2. -->

    <!--
        The FileAccessPolicyProvider will provide support for managing access policies which is backed by a file
        on the local file system.

        - User Group Provider - The identifier for an User Group Provider defined above that will be used to access
            users and groups for use in the managed access policies.

        - Authorizations File - The file where the FileAccessPolicyProvider will store policies.

        - Initial Admin Identity - The identity of an initial admin user that will be granted access to the UI and
            given the ability to create additional users, groups, and policies. The value of this property could be
            a DN when using certificates or LDAP, or a Kerberos principal. This property will only be used when there
            are no other policies defined. If this property is specified then a Legacy Authorized Users File can not be specified.

            NOTE: Any identity mapping rules specified in nifi.properties will also be applied to the initial admin identity,
            so the value should be the unmapped identity. This identity must be found in the configured User Group Provider.

        - Legacy Authorized Users File - The full path to an existing authorized-users.xml that will be automatically
            converted to the new authorizations model. If this property is specified then an Initial Admin Identity can
            not be specified, and this property will only be used when there are no other users, groups, and policies defined.

            NOTE: Any users in the legacy users file must be found in the configured User Group Provider.

        - Node Identity [unique key] - The identity of a NiFi cluster node. When clustered, a property for each node
            should be defined, so that every node knows about every other node. If not clustered these properties can be ignored.
            The name of each property must be unique, for example for a three node cluster:
            "Node Identity A", "Node Identity B", "Node Identity C" or "Node Identity 1", "Node Identity 2", "Node Identity 3"

            NOTE: Any identity mapping rules specified in nifi.properties will also be applied to the node identities,
            so the values should be the unmapped identities (i.e. full DN from a certificate). This identity must be found
            in the configured User Group Provider.
    -->
    <accessPolicyProvider>
        <identifier>file-access-policy-provider</identifier>
        <class>org.apache.nifi.authorization.FileAccessPolicyProvider</class>
        <property name="User Group Provider">ldap-user-group-provider</property>
        <property name="Authorizations File">./conf/authorizations.xml</property>
        <property name="Initial Admin Identity"></property>
        <property name="Legacy Authorized Users File"></property>

        <property name="Node Identity 1"></property>
    </accessPolicyProvider>

    <!--
        The StandardManagedAuthorizer. This authorizer implementation must be configured with the
        Access Policy Provider which it will use to access and manage users, groups, and policies.
        These users, groups, and policies will be used to make all access decisions during authorization
        requests.

        - Access Policy Provider - The identifier for an Access Policy Provider defined above.
    -->
    <authorizer>
        <identifier>managed-authorizer</identifier>
        <class>org.apache.nifi.authorization.StandardManagedAuthorizer</class>
        <property name="Access Policy Provider">file-access-policy-provider</property>
    </authorizer>

    <!--
        NOTE: This Authorizer has been replaced with the more granular approach configured above with the Standard
        Managed Authorizer. However, it is still available for backwards compatibility reasons.

        The FileAuthorizer is NiFi's provided authorizer and has the following properties:

        - Authorizations File - The file where the FileAuthorizer will store policies.

        - Users File - The file where the FileAuthorizer will store users and groups.

        - Initial Admin Identity - The identity of an initial admin user that will be granted access to the UI and
            given the ability to create additional users, groups, and policies. The value of this property could be
            a DN when using certificates or LDAP, or a Kerberos principal. This property will only be used when there
            are no other users, groups, and policies defined. If this property is specified then a Legacy Authorized
            Users File can not be specified.

            NOTE: Any identity mapping rules specified in nifi.properties will also be applied to the initial admin identity,
            so the value should be the unmapped identity.

        - Legacy Authorized Users File - The full path to an existing authorized-users.xml that will be automatically
            converted to the new authorizations model. If this property is specified then an Initial Admin Identity can
            not be specified, and this property will only be used when there are no other users, groups, and policies defined.

        - Node Identity [unique key] - The identity of a NiFi cluster node. When clustered, a property for each node
            should be defined, so that every node knows about every other node. If not clustered these properties can be ignored.
            The name of each property must be unique, for example for a three node cluster:
            "Node Identity A", "Node Identity B", "Node Identity C" or "Node Identity 1", "Node Identity 2", "Node Identity 3"

            NOTE: Any identity mapping rules specified in nifi.properties will also be applied to the node identities,
            so the values should be the unmapped identities (i.e. full DN from a certificate).
    -->
    <!-- <authorizer>
        <identifier>file-provider</identifier>
        <class>org.apache.nifi.authorization.FileAuthorizer</class>
        <property name="Authorizations File">./conf/authorizations.xml</property>
        <property name="Users File">./conf/users.xml</property>
        <property name="Initial Admin Identity"></property>
        <property name="Legacy Authorized Users File"></property>

        <property name="Node Identity 1"></property>
    </authorizer>
    -->
</authorizers>
[main] INFO org.apache.nifi.properties.ConfigEncryptionTool - Handling encryption of authorizers.xml
[main] INFO org.apache.nifi.properties.ConfigEncryptionTool -        bootstrap.conf:               target/tmp/tmp_bootstrap.conf
[main] INFO org.apache.nifi.properties.ConfigEncryptionTool - (src)  nifi.properties:              null
[main] INFO org.apache.nifi.properties.ConfigEncryptionTool - (dest) nifi.properties:              null
[main] INFO org.apache.nifi.properties.ConfigEncryptionTool - (src)  login-identity-providers.xml: null
[main] INFO org.apache.nifi.properties.ConfigEncryptionTool - (dest) login-identity-providers.xml: null
[main] INFO org.apache.nifi.properties.ConfigEncryptionTool - (src)  authorizers.xml:              src/test/resources/authorizers-populated-encrypted.xml
[main] INFO org.apache.nifi.properties.ConfigEncryptionTool - (dest) authorizers.xml:              target/tmp/tmp-authorizers.xml
[main] INFO org.apache.nifi.properties.ConfigEncryptionTool - (src)  flow.xml.gz:                  src/test/resources/flow.xml.gz
[main] INFO org.apache.nifi.properties.ConfigEncryptionTool - (dest) flow.xml.gz:                  null
[main] INFO org.apache.nifi.properties.ConfigEncryptionTool - Key migration mode activated
[main] INFO org.apache.nifi.properties.ConfigEncryptionTool - Loaded authorizers content (309 lines)
[main] INFO org.apache.nifi.properties.ConfigEncryptionTool - Attempting to decrypt q4r7WIgN0MaxdAKM||SGgdCTPGSFEcuH4RraMYEdeyVbOx93abdWTVSWvh1w+klA using protection scheme aes/gcm/128
[main] INFO org.apache.nifi.properties.ConfigEncryptionTool - Attempting to decrypt Uah59TWX+Ru5GY5p||B44RT/LJtC08QWA5ehQf01JxIpf0qSJUzug25UwkF5a50g using protection scheme aes/gcm/128
[main] INFO org.apache.nifi.properties.ConfigEncryptionTool - Updated XML content: <?xml version="1.0" encoding="UTF-8"?><authorizers>

    
    

    
    <userGroupProvider>
        <identifier>ldap-user-group-provider</identifier>
        <class>org.apache.nifi.ldap.tenants.LdapUserGroupProvider</class>
        <property name="Authentication Strategy">START_TLS</property>

        <property name="Manager DN">someuser</property>
        <property name="Manager Password" encryption="none">thisIsABadPassword</property>

        <property name="TLS - Keystore"/>
        <property name="TLS - Keystore Password" encryption="none">thisIsABadPassword</property>
        <property name="TLS - Keystore Type"/>
        <property name="TLS - Truststore"/>
        <property name="TLS - Truststore Password">thisIsABadPassword</property>
        <property name="TLS - Truststore Type"/>
        <property name="TLS - Client Auth"/>
        <property name="TLS - Protocol"/>
        <property name="TLS - Shutdown Gracefully"/>

        <property name="Referral Strategy">FOLLOW</property>
        <property name="Connect Timeout">10 secs</property>
        <property name="Read Timeout">10 secs</property>

        <property name="Url"/>
        <property name="Page Size"/>
        <property name="Sync Interval">30 mins</property>

        <property name="User Search Base"/>
        <property name="User Object Class">person</property>
        <property name="User Search Scope">ONE_LEVEL</property>
        <property name="User Search Filter"/>
        <property name="User Identity Attribute"/>
        <property name="User Group Name Attribute"/>
        <property name="User Group Name Attribute - Referenced Group Attribute"/>

        <property name="Group Search Base"/>
        <property name="Group Object Class">group</property>
        <property name="Group Search Scope">ONE_LEVEL</property>
        <property name="Group Search Filter"/>
        <property name="Group Name Attribute"/>
        <property name="Group Member Attribute"/>
        <property name="Group Member Attribute - Referenced User Attribute"/>
    </userGroupProvider>

    
    

    
    

    
    <accessPolicyProvider>
        <identifier>file-access-policy-provider</identifier>
        <class>org.apache.nifi.authorization.FileAccessPolicyProvider</class>
        <property name="User Group Provider">ldap-user-group-provider</property>
        <property name="Authorizations File">./conf/authorizations.xml</property>
        <property name="Initial Admin Identity"/>
        <property name="Legacy Authorized Users File"/>

        <property name="Node Identity 1"/>
    </accessPolicyProvider>

    
    <authorizer>
        <identifier>managed-authorizer</identifier>
        <class>org.apache.nifi.authorization.StandardManagedAuthorizer</class>
        <property name="Access Policy Provider">file-access-policy-provider</property>
    </authorizer>

    
    
</authorizers>

[main] INFO org.apache.nifi.properties.ConfigEncryptionTool - Attempting to encrypt property using protection scheme aes/gcm/256
[main] INFO org.apache.nifi.properties.ConfigEncryptionTool - Attempting to encrypt property using protection scheme aes/gcm/256
[main] INFO org.apache.nifi.properties.ConfigEncryptionTool - Attempting to encrypt property using protection scheme aes/gcm/256
[main] INFO org.apache.nifi.properties.ConfigEncryptionTool - Updated XML content: <?xml version="1.0" encoding="UTF-8"?><authorizers>

    
    

    
    <userGroupProvider>
        <identifier>ldap-user-group-provider</identifier>
        <class>org.apache.nifi.ldap.tenants.LdapUserGroupProvider</class>
        <property name="Authentication Strategy">START_TLS</property>

        <property name="Manager DN">someuser</property>
        <property name="Manager Password" encryption="aes/gcm/256">wsPHMcEplMY7LmO8||h+4D0Mh0cevOP46HtAR2W1S9n2LvQnoNKdSp2dsuXB/0fw</property>

        <property name="TLS - Keystore"/>
        <property name="TLS - Keystore Password" encryption="aes/gcm/256">5ZsMUgBvUuZFtuJ7||Y+X1YiAv0wh0n6tMuhT2q8lM1WcycTYTxEImxfa10nP7Lw</property>
        <property name="TLS - Keystore Type"/>
        <property name="TLS - Truststore"/>
        <property name="TLS - Truststore Password" encryption="aes/gcm/256">z5YVYCcZtsGG9EKy||F6/ttpUO5Hfm5XX93niWwSFm5BvkvgLwy3a6mRQCyecPGw</property>
        <property name="TLS - Truststore Type"/>
        <property name="TLS - Client Auth"/>
        <property name="TLS - Protocol"/>
        <property name="TLS - Shutdown Gracefully"/>

        <property name="Referral Strategy">FOLLOW</property>
        <property name="Connect Timeout">10 secs</property>
        <property name="Read Timeout">10 secs</property>

        <property name="Url"/>
        <property name="Page Size"/>
        <property name="Sync Interval">30 mins</property>

        <property name="User Search Base"/>
        <property name="User Object Class">person</property>
        <property name="User Search Scope">ONE_LEVEL</property>
        <property name="User Search Filter"/>
        <property name="User Identity Attribute"/>
        <property name="User Group Name Attribute"/>
        <property name="User Group Name Attribute - Referenced Group Attribute"/>

        <property name="Group Search Base"/>
        <property name="Group Object Class">group</property>
        <property name="Group Search Scope">ONE_LEVEL</property>
        <property name="Group Search Filter"/>
        <property name="Group Name Attribute"/>
        <property name="Group Member Attribute"/>
        <property name="Group Member Attribute - Referenced User Attribute"/>
    </userGroupProvider>

    
    

    
    

    
    <accessPolicyProvider>
        <identifier>file-access-policy-provider</identifier>
        <class>org.apache.nifi.authorization.FileAccessPolicyProvider</class>
        <property name="User Group Provider">ldap-user-group-provider</property>
        <property name="Authorizations File">./conf/authorizations.xml</property>
        <property name="Initial Admin Identity"/>
        <property name="Legacy Authorized Users File"/>

        <property name="Node Identity 1"/>
    </accessPolicyProvider>

    
    <authorizer>
        <identifier>managed-authorizer</identifier>
        <class>org.apache.nifi.authorization.StandardManagedAuthorizer</class>
        <property name="Access Policy Provider">file-access-policy-provider</property>
    </authorizer>

    
    
</authorizers>

[main] INFO org.apache.nifi.properties.ConfigEncryptionToolTest - Updated XML content: <?xml version="1.0" encoding="UTF-8" standalone="yes"?>
<!--
  Licensed to the Apache Software Foundation (ASF) under one or more
  contributor license agreements.  See the NOTICE file distributed with
  this work for additional information regarding copyright ownership.
  The ASF licenses this file to You under the Apache License, Version 2.0
  (the "License"); you may not use this file except in compliance with
  the License.  You may obtain a copy of the License at
      http://www.apache.org/licenses/LICENSE-2.0
  Unless required by applicable law or agreed to in writing, software
  distributed under the License is distributed on an "AS IS" BASIS,
  WITHOUT WARRANTIES OR CONDITIONS OF ANY KIND, either express or implied.
  See the License for the specific language governing permissions and
  limitations under the License.
-->
<!--
    This file lists the userGroupProviders, accessPolicyProviders, and authorizers to use when running securely. In order
    to use a specific authorizer it must be configured here and it's identifier must be specified in the nifi.properties file.
    If the authorizer is a managedAuthorizer, it may need to be configured with an accessPolicyProvider and an userGroupProvider.
    This file allows for configuration of them, but they must be configured in order:

    ...
    all userGroupProviders
    all accessPolicyProviders
    all Authorizers
    ...
-->
<authorizers>

    <!--
        The FileUserGroupProvider will provide support for managing users and groups which is backed by a file
        on the local file system.

        - Users File - The file where the FileUserGroupProvider will store users and groups.

        - Legacy Authorized Users File - The full path to an existing authorized-users.xml that will be automatically
            be used to load the users and groups into the Users File.

        - Initial User Identity [unique key] - The identity of a users and systems to seed the Users File. The name of
            each property must be unique, for example: "Initial User Identity A", "Initial User Identity B",
            "Initial User Identity C" or "Initial User Identity 1", "Initial User Identity 2", "Initial User Identity 3"

            NOTE: Any identity mapping rules specified in nifi.properties will also be applied to the user identities,
            so the values should be the unmapped identities (i.e. full DN from a certificate).
    -->
    <!--
    <userGroupProvider>
        <identifier>file-user-group-provider</identifier>
        <class>org.apache.nifi.authorization.FileUserGroupProvider</class>
        <property name="Users File">./conf/users.xml</property>
        <property name="Legacy Authorized Users File"></property>

        <property name="Initial User Identity 1"></property>
    </userGroupProvider>
    -->

    <!--
        The LdapUserGroupProvider will retrieve users and groups from an LDAP server. The users and groups
        are not configurable.

        'Authentication Strategy' - How the connection to the LDAP server is authenticated. Possible
            values are ANONYMOUS, SIMPLE, LDAPS, or START_TLS.

        'Manager DN' - The DN of the manager that is used to bind to the LDAP server to search for users.
        'Manager Password' - The password of the manager that is used to bind to the LDAP server to
            search for users.

        'TLS - Keystore' - Path to the Keystore that is used when connecting to LDAP using LDAPS or START_TLS.
        'TLS - Keystore Password' - Password for the Keystore that is used when connecting to LDAP
            using LDAPS or START_TLS.
        'TLS - Keystore Type' - Type of the Keystore that is used when connecting to LDAP using
            LDAPS or START_TLS (i.e. JKS or PKCS12).
        'TLS - Truststore' - Path to the Truststore that is used when connecting to LDAP using LDAPS or START_TLS.
        'TLS - Truststore Password' - Password for the Truststore that is used when connecting to
            LDAP using LDAPS or START_TLS.
        'TLS - Truststore Type' - Type of the Truststore that is used when connecting to LDAP using
            LDAPS or START_TLS (i.e. JKS or PKCS12).
        'TLS - Client Auth' - Client authentication policy when connecting to LDAP using LDAPS or START_TLS.
            Possible values are REQUIRED, WANT, NONE.
        'TLS - Protocol' - Protocol to use when connecting to LDAP using LDAPS or START_TLS. (i.e. TLS,
            TLSv1.1, TLSv1.2, etc).
        'TLS - Shutdown Gracefully' - Specifies whether the TLS should be shut down gracefully
            before the target context is closed. Defaults to false.

        'Referral Strategy' - Strategy for handling referrals. Possible values are FOLLOW, IGNORE, THROW.
        'Connect Timeout' - Duration of connect timeout. (i.e. 10 secs).
        'Read Timeout' - Duration of read timeout. (i.e. 10 secs).

        'Url' - Space-separated list of URLs of the LDAP servers (i.e. ldap://<hostname>:<port>).
        'Page Size' - Sets the page size when retrieving users and groups. If not specified, no paging is performed.
        'Sync Interval' - Duration of time between syncing users and groups (i.e. 30 mins). Minimum allowable value is 10 secs.

        'User Search Base' - Base DN for searching for users (i.e. ou=users,o=nifi). Required to search users.
        'User Object Class' - Object class for identifying users (i.e. person). Required if searching users.
        'User Search Scope' - Search scope for searching users (ONE_LEVEL, OBJECT, or SUBTREE). Required if searching users.
        'User Search Filter' - Filter for searching for users against the 'User Search Base' (i.e. (memberof=cn=team1,ou=groups,o=nifi) ). Optional.
        'User Identity Attribute' - Attribute to use to extract user identity (i.e. cn). Optional. If not set, the entire DN is used.
        'User Group Name Attribute' - Attribute to use to define group membership (i.e. memberof). Optional. If not set
            group membership will not be calculated through the users. Will rely on group membership being defined
            through 'Group Member Attribute' if set. The value of this property is the name of the attribute in the user ldap entry that
            associates them with a group. The value of that user attribute could be a dn or group name for instance. What value is expected
            is configured in the 'User Group Name Attribute - Referenced Group Attribute'.
        'User Group Name Attribute - Referenced Group Attribute' - If blank, the value of the attribute defined in 'User Group Name Attribute'
            is expected to be the full dn of the group. If not blank, this property will define the attribute of the group ldap entry that
            the value of the attribute defined in 'User Group Name Attribute' is referencing (i.e. name). Use of this property requires that
            'Group Search Base' is also configured.

        'Group Search Base' - Base DN for searching for groups (i.e. ou=groups,o=nifi). Required to search groups.
        'Group Object Class' - Object class for identifying groups (i.e. groupOfNames). Required if searching groups.
        'Group Search Scope' - Search scope for searching groups (ONE_LEVEL, OBJECT, or SUBTREE). Required if searching groups.
        'Group Search Filter' - Filter for searching for groups against the 'Group Search Base'. Optional.
        'Group Name Attribute' - Attribute to use to extract group name (i.e. cn). Optional. If not set, the entire DN is used.
        'Group Member Attribute' - Attribute to use to define group membership (i.e. member). Optional. If not set
            group membership will not be calculated through the groups. Will rely on group membership being defined
            through 'User Group Name Attribute' if set. The value of this property is the name of the attribute in the group ldap entry that
            associates them with a user. The value of that group attribute could be a dn or memberUid for instance. What value is expected
            is configured in the 'Group Member Attribute - Referenced User Attribute'. (i.e. member: cn=User 1,ou=users,o=nifi vs. memberUid: user1)
        'Group Member Attribute - Referenced User Attribute' - If blank, the value of the attribute defined in 'Group Member Attribute'
            is expected to be the full dn of the user. If not blank, this property will define the attribute of the user ldap entry that
            the value of the attribute defined in 'Group Member Attribute' is referencing (i.e. uid). Use of this property requires that
            'User Search Base' is also configured. (i.e. member: cn=User 1,ou=users,o=nifi vs. memberUid: user1)

        NOTE: Any identity mapping rules specified in nifi.properties will also be applied to the user identities.
            Group names are not mapped.
    -->
    <userGroupProvider>
        <identifier>ldap-user-group-provider</identifier>
        <class>org.apache.nifi.ldap.tenants.LdapUserGroupProvider</class>
        <property name="Authentication Strategy">START_TLS</property>

        <property name="Manager DN">someuser</property>
        <property encryption="aes/gcm/256" name="Manager Password">wsPHMcEplMY7LmO8||h+4D0Mh0cevOP46HtAR2W1S9n2LvQnoNKdSp2dsuXB/0fw</property>

        <property name="TLS - Keystore"/>
        <property encryption="aes/gcm/256" name="TLS - Keystore Password">5ZsMUgBvUuZFtuJ7||Y+X1YiAv0wh0n6tMuhT2q8lM1WcycTYTxEImxfa10nP7Lw</property>
        <property name="TLS - Keystore Type"/>
        <property name="TLS - Truststore"/>
        <property encryption="aes/gcm/256" name="TLS - Truststore Password">z5YVYCcZtsGG9EKy||F6/ttpUO5Hfm5XX93niWwSFm5BvkvgLwy3a6mRQCyecPGw</property>
        <property name="TLS - Truststore Type"/>
        <property name="TLS - Client Auth"/>
        <property name="TLS - Protocol"/>
        <property name="TLS - Shutdown Gracefully"/>

        <property name="Referral Strategy">FOLLOW</property>
        <property name="Connect Timeout">10 secs</property>
        <property name="Read Timeout">10 secs</property>

        <property name="Url"/>
        <property name="Page Size"/>
        <property name="Sync Interval">30 mins</property>

        <property name="User Search Base"/>
        <property name="User Object Class">person</property>
        <property name="User Search Scope">ONE_LEVEL</property>
        <property name="User Search Filter"/>
        <property name="User Identity Attribute"/>
        <property name="User Group Name Attribute"/>
        <property name="User Group Name Attribute - Referenced Group Attribute"/>

        <property name="Group Search Base"/>
        <property name="Group Object Class">group</property>
        <property name="Group Search Scope">ONE_LEVEL</property>
        <property name="Group Search Filter"/>
        <property name="Group Name Attribute"/>
        <property name="Group Member Attribute"/>
        <property name="Group Member Attribute - Referenced User Attribute"/>
    </userGroupProvider>


    <!--
        The CompositeUserGroupProvider will provide support for retrieving users and groups from multiple sources.

        - User Group Provider [unique key] - The identifier of user group providers to load from. The name of
            each property must be unique, for example: "User Group Provider A", "User Group Provider B",
            "User Group Provider C" or "User Group Provider 1", "User Group Provider 2", "User Group Provider 3"

            NOTE: Any identity mapping rules specified in nifi.properties are not applied in this implementation. This behavior
            would need to be applied by the base implementation.
    -->
    <!-- To enable the composite-user-group-provider remove 2 lines. This is 1 of 2.
    <userGroupProvider>
        <identifier>composite-user-group-provider</identifier>
        <class>org.apache.nifi.authorization.CompositeUserGroupProvider</class>
        <property name="User Group Provider 1"></property>
    </userGroupProvider>
    To enable the composite-user-group-provider remove 2 lines. This is 2 of 2. -->

    <!--
        The CompositeConfigurableUserGroupProvider will provide support for retrieving users and groups from multiple sources.
        Additionally, a single configurable user group provider is required. Users from the configurable user group provider
        are configurable, however users loaded from one of the User Group Provider [unique key] will not be.

        - Configurable User Group Provider - A configurable user group provider.

        - User Group Provider [unique key] - The identifier of user group providers to load from. The name of
            each property must be unique, for example: "User Group Provider A", "User Group Provider B",
            "User Group Provider C" or "User Group Provider 1", "User Group Provider 2", "User Group Provider 3"

            NOTE: Any identity mapping rules specified in nifi.properties are not applied in this implementation. This behavior
            would need to be applied by the base implementation.
    -->
    <!-- To enable the composite-configurable-user-group-provider remove 2 lines. This is 1 of 2.
    <userGroupProvider>
        <identifier>composite-configurable-user-group-provider</identifier>
        <class>org.apache.nifi.authorization.CompositeConfigurableUserGroupProvider</class>
        <property name="Configurable User Group Provider">file-user-group-provider</property>
        <property name="User Group Provider 1"></property>
    </userGroupProvider>
    To enable the composite-configurable-user-group-provider remove 2 lines. This is 2 of 2. -->

    <!--
        The FileAccessPolicyProvider will provide support for managing access policies which is backed by a file
        on the local file system.

        - User Group Provider - The identifier for an User Group Provider defined above that will be used to access
            users and groups for use in the managed access policies.

        - Authorizations File - The file where the FileAccessPolicyProvider will store policies.

        - Initial Admin Identity - The identity of an initial admin user that will be granted access to the UI and
            given the ability to create additional users, groups, and policies. The value of this property could be
            a DN when using certificates or LDAP, or a Kerberos principal. This property will only be used when there
            are no other policies defined. If this property is specified then a Legacy Authorized Users File can not be specified.

            NOTE: Any identity mapping rules specified in nifi.properties will also be applied to the initial admin identity,
            so the value should be the unmapped identity. This identity must be found in the configured User Group Provider.

        - Legacy Authorized Users File - The full path to an existing authorized-users.xml that will be automatically
            converted to the new authorizations model. If this property is specified then an Initial Admin Identity can
            not be specified, and this property will only be used when there are no other users, groups, and policies defined.

            NOTE: Any users in the legacy users file must be found in the configured User Group Provider.

        - Node Identity [unique key] - The identity of a NiFi cluster node. When clustered, a property for each node
            should be defined, so that every node knows about every other node. If not clustered these properties can be ignored.
            The name of each property must be unique, for example for a three node cluster:
            "Node Identity A", "Node Identity B", "Node Identity C" or "Node Identity 1", "Node Identity 2", "Node Identity 3"

            NOTE: Any identity mapping rules specified in nifi.properties will also be applied to the node identities,
            so the values should be the unmapped identities (i.e. full DN from a certificate). This identity must be found
            in the configured User Group Provider.
    -->
    <accessPolicyProvider>
        <identifier>file-access-policy-provider</identifier>
        <class>org.apache.nifi.authorization.FileAccessPolicyProvider</class>
        <property name="User Group Provider">ldap-user-group-provider</property>
        <property name="Authorizations File">./conf/authorizations.xml</property>
        <property name="Initial Admin Identity"></property>
        <property name="Legacy Authorized Users File"></property>

        <property name="Node Identity 1"></property>
    </accessPolicyProvider>

    <!--
        The StandardManagedAuthorizer. This authorizer implementation must be configured with the
        Access Policy Provider which it will use to access and manage users, groups, and policies.
        These users, groups, and policies will be used to make all access decisions during authorization
        requests.

        - Access Policy Provider - The identifier for an Access Policy Provider defined above.
    -->
    <authorizer>
        <identifier>managed-authorizer</identifier>
        <class>org.apache.nifi.authorization.StandardManagedAuthorizer</class>
        <property name="Access Policy Provider">file-access-policy-provider</property>
    </authorizer>

    <!--
        NOTE: This Authorizer has been replaced with the more granular approach configured above with the Standard
        Managed Authorizer. However, it is still available for backwards compatibility reasons.

        The FileAuthorizer is NiFi's provided authorizer and has the following properties:

        - Authorizations File - The file where the FileAuthorizer will store policies.

        - Users File - The file where the FileAuthorizer will store users and groups.

        - Initial Admin Identity - The identity of an initial admin user that will be granted access to the UI and
            given the ability to create additional users, groups, and policies. The value of this property could be
            a DN when using certificates or LDAP, or a Kerberos principal. This property will only be used when there
            are no other users, groups, and policies defined. If this property is specified then a Legacy Authorized
            Users File can not be specified.

            NOTE: Any identity mapping rules specified in nifi.properties will also be applied to the initial admin identity,
            so the value should be the unmapped identity.

        - Legacy Authorized Users File - The full path to an existing authorized-users.xml that will be automatically
            converted to the new authorizations model. If this property is specified then an Initial Admin Identity can
            not be specified, and this property will only be used when there are no other users, groups, and policies defined.

        - Node Identity [unique key] - The identity of a NiFi cluster node. When clustered, a property for each node
            should be defined, so that every node knows about every other node. If not clustered these properties can be ignored.
            The name of each property must be unique, for example for a three node cluster:
            "Node Identity A", "Node Identity B", "Node Identity C" or "Node Identity 1", "Node Identity 2", "Node Identity 3"

            NOTE: Any identity mapping rules specified in nifi.properties will also be applied to the node identities,
            so the values should be the unmapped identities (i.e. full DN from a certificate).
    -->
    <!-- <authorizer>
        <identifier>file-provider</identifier>
        <class>org.apache.nifi.authorization.FileAuthorizer</class>
        <property name="Authorizations File">./conf/authorizations.xml</property>
        <property name="Users File">./conf/users.xml</property>
        <property name="Initial Admin Identity"></property>
        <property name="Legacy Authorized Users File"></property>

        <property name="Node Identity 1"></property>
    </authorizer>
    -->
</authorizers>
[main] INFO org.apache.nifi.properties.ConfigEncryptionToolTest - Updated key line: nifi.bootstrap.sensitive.key=2C576A9585DB862F5ECBEE5B4FFFCCA14B18D8365968D7081651006507AD2BDE
]]></system-err>
  </testcase>
  <testcase name="testParseShouldWarnIfAuthorizersWillBeOverwritten" classname="org.apache.nifi.properties.ConfigEncryptionToolTest" time="0">
    <system-err><![CDATA[[main] WARN org.apache.nifi.properties.ConfigEncryptionTool - The source authorizers.xml and destination authorizers.xml are identical [conf/authorizers.xml] so the original will be overwritten
]]></system-err>
  </testcase>
  <testcase name="testShouldEncryptAuthorizers" classname="org.apache.nifi.properties.ConfigEncryptionToolTest" time="0.045">
    <system-err><![CDATA[[main] INFO org.apache.nifi.properties.ConfigEncryptionToolTest - Read lines: 
<?xml version="1.0" encoding="UTF-8" standalone="yes"?>
<!--
  Licensed to the Apache Software Foundation (ASF) under one or more
  contributor license agreements.  See the NOTICE file distributed with
  this work for additional information regarding copyright ownership.
  The ASF licenses this file to You under the Apache License, Version 2.0
  (the "License"); you may not use this file except in compliance with
  the License.  You may obtain a copy of the License at
      http://www.apache.org/licenses/LICENSE-2.0
  Unless required by applicable law or agreed to in writing, software
  distributed under the License is distributed on an "AS IS" BASIS,
  WITHOUT WARRANTIES OR CONDITIONS OF ANY KIND, either express or implied.
  See the License for the specific language governing permissions and
  limitations under the License.
-->
<!--
    This file lists the userGroupProviders, accessPolicyProviders, and authorizers to use when running securely. In order
    to use a specific authorizer it must be configured here and it's identifier must be specified in the nifi.properties file.
    If the authorizer is a managedAuthorizer, it may need to be configured with an accessPolicyProvider and an userGroupProvider.
    This file allows for configuration of them, but they must be configured in order:

    ...
    all userGroupProviders
    all accessPolicyProviders
    all Authorizers
    ...
-->
<authorizers>

    <!--
        The FileUserGroupProvider will provide support for managing users and groups which is backed by a file
        on the local file system.

        - Users File - The file where the FileUserGroupProvider will store users and groups.

        - Legacy Authorized Users File - The full path to an existing authorized-users.xml that will be automatically
            be used to load the users and groups into the Users File.

        - Initial User Identity [unique key] - The identity of a users and systems to seed the Users File. The name of
            each property must be unique, for example: "Initial User Identity A", "Initial User Identity B",
            "Initial User Identity C" or "Initial User Identity 1", "Initial User Identity 2", "Initial User Identity 3"

            NOTE: Any identity mapping rules specified in nifi.properties will also be applied to the user identities,
            so the values should be the unmapped identities (i.e. full DN from a certificate).
    -->
    <!--
    <userGroupProvider>
        <identifier>file-user-group-provider</identifier>
        <class>org.apache.nifi.authorization.FileUserGroupProvider</class>
        <property name="Users File">./conf/users.xml</property>
        <property name="Legacy Authorized Users File"></property>

        <property name="Initial User Identity 1"></property>
    </userGroupProvider>
    -->

    <!--
        The LdapUserGroupProvider will retrieve users and groups from an LDAP server. The users and groups
        are not configurable.

        'Authentication Strategy' - How the connection to the LDAP server is authenticated. Possible
            values are ANONYMOUS, SIMPLE, LDAPS, or START_TLS.

        'Manager DN' - The DN of the manager that is used to bind to the LDAP server to search for users.
        'Manager Password' - The password of the manager that is used to bind to the LDAP server to
            search for users.

        'TLS - Keystore' - Path to the Keystore that is used when connecting to LDAP using LDAPS or START_TLS.
        'TLS - Keystore Password' - Password for the Keystore that is used when connecting to LDAP
            using LDAPS or START_TLS.
        'TLS - Keystore Type' - Type of the Keystore that is used when connecting to LDAP using
            LDAPS or START_TLS (i.e. JKS or PKCS12).
        'TLS - Truststore' - Path to the Truststore that is used when connecting to LDAP using LDAPS or START_TLS.
        'TLS - Truststore Password' - Password for the Truststore that is used when connecting to
            LDAP using LDAPS or START_TLS.
        'TLS - Truststore Type' - Type of the Truststore that is used when connecting to LDAP using
            LDAPS or START_TLS (i.e. JKS or PKCS12).
        'TLS - Client Auth' - Client authentication policy when connecting to LDAP using LDAPS or START_TLS.
            Possible values are REQUIRED, WANT, NONE.
        'TLS - Protocol' - Protocol to use when connecting to LDAP using LDAPS or START_TLS. (i.e. TLS,
            TLSv1.1, TLSv1.2, etc).
        'TLS - Shutdown Gracefully' - Specifies whether the TLS should be shut down gracefully
            before the target context is closed. Defaults to false.

        'Referral Strategy' - Strategy for handling referrals. Possible values are FOLLOW, IGNORE, THROW.
        'Connect Timeout' - Duration of connect timeout. (i.e. 10 secs).
        'Read Timeout' - Duration of read timeout. (i.e. 10 secs).

        'Url' - Space-separated list of URLs of the LDAP servers (i.e. ldap://<hostname>:<port>).
        'Page Size' - Sets the page size when retrieving users and groups. If not specified, no paging is performed.
        'Sync Interval' - Duration of time between syncing users and groups (i.e. 30 mins). Minimum allowable value is 10 secs.

        'User Search Base' - Base DN for searching for users (i.e. ou=users,o=nifi). Required to search users.
        'User Object Class' - Object class for identifying users (i.e. person). Required if searching users.
        'User Search Scope' - Search scope for searching users (ONE_LEVEL, OBJECT, or SUBTREE). Required if searching users.
        'User Search Filter' - Filter for searching for users against the 'User Search Base' (i.e. (memberof=cn=team1,ou=groups,o=nifi) ). Optional.
        'User Identity Attribute' - Attribute to use to extract user identity (i.e. cn). Optional. If not set, the entire DN is used.
        'User Group Name Attribute' - Attribute to use to define group membership (i.e. memberof). Optional. If not set
            group membership will not be calculated through the users. Will rely on group membership being defined
            through 'Group Member Attribute' if set. The value of this property is the name of the attribute in the user ldap entry that
            associates them with a group. The value of that user attribute could be a dn or group name for instance. What value is expected
            is configured in the 'User Group Name Attribute - Referenced Group Attribute'.
        'User Group Name Attribute - Referenced Group Attribute' - If blank, the value of the attribute defined in 'User Group Name Attribute'
            is expected to be the full dn of the group. If not blank, this property will define the attribute of the group ldap entry that
            the value of the attribute defined in 'User Group Name Attribute' is referencing (i.e. name). Use of this property requires that
            'Group Search Base' is also configured.

        'Group Search Base' - Base DN for searching for groups (i.e. ou=groups,o=nifi). Required to search groups.
        'Group Object Class' - Object class for identifying groups (i.e. groupOfNames). Required if searching groups.
        'Group Search Scope' - Search scope for searching groups (ONE_LEVEL, OBJECT, or SUBTREE). Required if searching groups.
        'Group Search Filter' - Filter for searching for groups against the 'Group Search Base'. Optional.
        'Group Name Attribute' - Attribute to use to extract group name (i.e. cn). Optional. If not set, the entire DN is used.
        'Group Member Attribute' - Attribute to use to define group membership (i.e. member). Optional. If not set
            group membership will not be calculated through the groups. Will rely on group membership being defined
            through 'User Group Name Attribute' if set. The value of this property is the name of the attribute in the group ldap entry that
            associates them with a user. The value of that group attribute could be a dn or memberUid for instance. What value is expected
            is configured in the 'Group Member Attribute - Referenced User Attribute'. (i.e. member: cn=User 1,ou=users,o=nifi vs. memberUid: user1)
        'Group Member Attribute - Referenced User Attribute' - If blank, the value of the attribute defined in 'Group Member Attribute'
            is expected to be the full dn of the user. If not blank, this property will define the attribute of the user ldap entry that
            the value of the attribute defined in 'Group Member Attribute' is referencing (i.e. uid). Use of this property requires that
            'User Search Base' is also configured. (i.e. member: cn=User 1,ou=users,o=nifi vs. memberUid: user1)

        NOTE: Any identity mapping rules specified in nifi.properties will also be applied to the user identities.
            Group names are not mapped.
    -->
    <userGroupProvider>
        <identifier>ldap-user-group-provider</identifier>
        <class>org.apache.nifi.ldap.tenants.LdapUserGroupProvider</class>
        <property name="Authentication Strategy">START_TLS</property>

        <property name="Manager DN">someuser</property>
        <property name="Manager Password">thisIsABadPassword</property>

        <property name="TLS - Keystore"></property>
        <property name="TLS - Keystore Password">thisIsABadPassword</property>
        <property name="TLS - Keystore Type"></property>
        <property name="TLS - Truststore"></property>
        <property name="TLS - Truststore Password">thisIsABadPassword</property>
        <property name="TLS - Truststore Type"></property>
        <property name="TLS - Client Auth"></property>
        <property name="TLS - Protocol"></property>
        <property name="TLS - Shutdown Gracefully"></property>

        <property name="Referral Strategy">FOLLOW</property>
        <property name="Connect Timeout">10 secs</property>
        <property name="Read Timeout">10 secs</property>

        <property name="Url"></property>
        <property name="Page Size"></property>
        <property name="Sync Interval">30 mins</property>

        <property name="User Search Base"></property>
        <property name="User Object Class">person</property>
        <property name="User Search Scope">ONE_LEVEL</property>
        <property name="User Search Filter"></property>
        <property name="User Identity Attribute"></property>
        <property name="User Group Name Attribute"></property>
        <property name="User Group Name Attribute - Referenced Group Attribute"></property>

        <property name="Group Search Base"></property>
        <property name="Group Object Class">group</property>
        <property name="Group Search Scope">ONE_LEVEL</property>
        <property name="Group Search Filter"></property>
        <property name="Group Name Attribute"></property>
        <property name="Group Member Attribute"></property>
        <property name="Group Member Attribute - Referenced User Attribute"></property>
    </userGroupProvider>

    <!--
        The CompositeUserGroupProvider will provide support for retrieving users and groups from multiple sources.

        - User Group Provider [unique key] - The identifier of user group providers to load from. The name of
            each property must be unique, for example: "User Group Provider A", "User Group Provider B",
            "User Group Provider C" or "User Group Provider 1", "User Group Provider 2", "User Group Provider 3"

            NOTE: Any identity mapping rules specified in nifi.properties are not applied in this implementation. This behavior
            would need to be applied by the base implementation.
    -->
    <!-- To enable the composite-user-group-provider remove 2 lines. This is 1 of 2.
    <userGroupProvider>
        <identifier>composite-user-group-provider</identifier>
        <class>org.apache.nifi.authorization.CompositeUserGroupProvider</class>
        <property name="User Group Provider 1"></property>
    </userGroupProvider>
    To enable the composite-user-group-provider remove 2 lines. This is 2 of 2. -->

    <!--
        The CompositeConfigurableUserGroupProvider will provide support for retrieving users and groups from multiple sources.
        Additionally, a single configurable user group provider is required. Users from the configurable user group provider
        are configurable, however users loaded from one of the User Group Provider [unique key] will not be.

        - Configurable User Group Provider - A configurable user group provider.

        - User Group Provider [unique key] - The identifier of user group providers to load from. The name of
            each property must be unique, for example: "User Group Provider A", "User Group Provider B",
            "User Group Provider C" or "User Group Provider 1", "User Group Provider 2", "User Group Provider 3"

            NOTE: Any identity mapping rules specified in nifi.properties are not applied in this implementation. This behavior
            would need to be applied by the base implementation.
    -->
    <!-- To enable the composite-configurable-user-group-provider remove 2 lines. This is 1 of 2.
    <userGroupProvider>
        <identifier>composite-configurable-user-group-provider</identifier>
        <class>org.apache.nifi.authorization.CompositeConfigurableUserGroupProvider</class>
        <property name="Configurable User Group Provider">file-user-group-provider</property>
        <property name="User Group Provider 1"></property>
    </userGroupProvider>
    To enable the composite-configurable-user-group-provider remove 2 lines. This is 2 of 2. -->

    <!--
        The FileAccessPolicyProvider will provide support for managing access policies which is backed by a file
        on the local file system.

        - User Group Provider - The identifier for an User Group Provider defined above that will be used to access
            users and groups for use in the managed access policies.

        - Authorizations File - The file where the FileAccessPolicyProvider will store policies.

        - Initial Admin Identity - The identity of an initial admin user that will be granted access to the UI and
            given the ability to create additional users, groups, and policies. The value of this property could be
            a DN when using certificates or LDAP, or a Kerberos principal. This property will only be used when there
            are no other policies defined. If this property is specified then a Legacy Authorized Users File can not be specified.

            NOTE: Any identity mapping rules specified in nifi.properties will also be applied to the initial admin identity,
            so the value should be the unmapped identity. This identity must be found in the configured User Group Provider.

        - Legacy Authorized Users File - The full path to an existing authorized-users.xml that will be automatically
            converted to the new authorizations model. If this property is specified then an Initial Admin Identity can
            not be specified, and this property will only be used when there are no other users, groups, and policies defined.

            NOTE: Any users in the legacy users file must be found in the configured User Group Provider.

        - Node Identity [unique key] - The identity of a NiFi cluster node. When clustered, a property for each node
            should be defined, so that every node knows about every other node. If not clustered these properties can be ignored.
            The name of each property must be unique, for example for a three node cluster:
            "Node Identity A", "Node Identity B", "Node Identity C" or "Node Identity 1", "Node Identity 2", "Node Identity 3"

            NOTE: Any identity mapping rules specified in nifi.properties will also be applied to the node identities,
            so the values should be the unmapped identities (i.e. full DN from a certificate). This identity must be found
            in the configured User Group Provider.
    -->
    <accessPolicyProvider>
        <identifier>file-access-policy-provider</identifier>
        <class>org.apache.nifi.authorization.FileAccessPolicyProvider</class>
        <property name="User Group Provider">ldap-user-group-provider</property>
        <property name="Authorizations File">./conf/authorizations.xml</property>
        <property name="Initial Admin Identity"></property>
        <property name="Legacy Authorized Users File"></property>

        <property name="Node Identity 1"></property>
    </accessPolicyProvider>

    <!--
        The StandardManagedAuthorizer. This authorizer implementation must be configured with the
        Access Policy Provider which it will use to access and manage users, groups, and policies.
        These users, groups, and policies will be used to make all access decisions during authorization
        requests.

        - Access Policy Provider - The identifier for an Access Policy Provider defined above.
    -->
    <authorizer>
        <identifier>managed-authorizer</identifier>
        <class>org.apache.nifi.authorization.StandardManagedAuthorizer</class>
        <property name="Access Policy Provider">file-access-policy-provider</property>
    </authorizer>

    <!--
        NOTE: This Authorizer has been replaced with the more granular approach configured above with the Standard
        Managed Authorizer. However, it is still available for backwards compatibility reasons.

        The FileAuthorizer is NiFi's provided authorizer and has the following properties:

        - Authorizations File - The file where the FileAuthorizer will store policies.

        - Users File - The file where the FileAuthorizer will store users and groups.

        - Initial Admin Identity - The identity of an initial admin user that will be granted access to the UI and
            given the ability to create additional users, groups, and policies. The value of this property could be
            a DN when using certificates or LDAP, or a Kerberos principal. This property will only be used when there
            are no other users, groups, and policies defined. If this property is specified then a Legacy Authorized
            Users File can not be specified.

            NOTE: Any identity mapping rules specified in nifi.properties will also be applied to the initial admin identity,
            so the value should be the unmapped identity.

        - Legacy Authorized Users File - The full path to an existing authorized-users.xml that will be automatically
            converted to the new authorizations model. If this property is specified then an Initial Admin Identity can
            not be specified, and this property will only be used when there are no other users, groups, and policies defined.

        - Node Identity [unique key] - The identity of a NiFi cluster node. When clustered, a property for each node
            should be defined, so that every node knows about every other node. If not clustered these properties can be ignored.
            The name of each property must be unique, for example for a three node cluster:
            "Node Identity A", "Node Identity B", "Node Identity C" or "Node Identity 1", "Node Identity 2", "Node Identity 3"

            NOTE: Any identity mapping rules specified in nifi.properties will also be applied to the node identities,
            so the values should be the unmapped identities (i.e. full DN from a certificate).
    -->
    <!-- <authorizer>
        <identifier>file-provider</identifier>
        <class>org.apache.nifi.authorization.FileAuthorizer</class>
        <property name="Authorizations File">./conf/authorizations.xml</property>
        <property name="Users File">./conf/users.xml</property>
        <property name="Initial Admin Identity"></property>
        <property name="Legacy Authorized Users File"></property>

        <property name="Node Identity 1"></property>
    </authorizer>
    -->
</authorizers>
[main] INFO org.apache.nifi.properties.ConfigEncryptionTool - Attempting to encrypt property using protection scheme aes/gcm/256
[main] WARN org.apache.nifi.properties.AbstractBootstrapPropertiesLoader - System Property [nifi.properties.file.path] not found: Using Relative Path [conf/nifi.properties]
[main] WARN org.apache.nifi.properties.ConfigEncryptionTool - Could not load default bootstrap.conf: Configuration Directory [conf] not found for Bootstrap Properties
[main] INFO org.apache.nifi.properties.ConfigEncryptionTool - Attempting to encrypt property using protection scheme aes/gcm/256
[main] INFO org.apache.nifi.properties.ConfigEncryptionTool - Attempting to encrypt property using protection scheme aes/gcm/256
[main] INFO org.apache.nifi.properties.ConfigEncryptionTool - Updated XML content: <?xml version="1.0" encoding="UTF-8"?><authorizers>

    
    

    
    <userGroupProvider>
        <identifier>ldap-user-group-provider</identifier>
        <class>org.apache.nifi.ldap.tenants.LdapUserGroupProvider</class>
        <property name="Authentication Strategy">START_TLS</property>

        <property name="Manager DN">someuser</property>
        <property name="Manager Password" encryption="aes/gcm/256">xEsi4WlI5nzTuLEm||uVdFFntQ+Gla1cx7hC+Xfyn5HNsJfglAwMj08ehzQH0a2A</property>

        <property name="TLS - Keystore"/>
        <property name="TLS - Keystore Password" encryption="aes/gcm/256">cl6FxvBLu2aGhXF+||BXU/MUHDIpezzkzDhCa6HYb6fETnejp1I4OGvjFYb3jo0A</property>
        <property name="TLS - Keystore Type"/>
        <property name="TLS - Truststore"/>
        <property name="TLS - Truststore Password" encryption="aes/gcm/256">FTj99TYg77PD6A+l||WLtPgnwQj/4ahy/pRbT0BucfBq9sZ5mAtF6JOG9+Rf8dPw</property>
        <property name="TLS - Truststore Type"/>
        <property name="TLS - Client Auth"/>
        <property name="TLS - Protocol"/>
        <property name="TLS - Shutdown Gracefully"/>

        <property name="Referral Strategy">FOLLOW</property>
        <property name="Connect Timeout">10 secs</property>
        <property name="Read Timeout">10 secs</property>

        <property name="Url"/>
        <property name="Page Size"/>
        <property name="Sync Interval">30 mins</property>

        <property name="User Search Base"/>
        <property name="User Object Class">person</property>
        <property name="User Search Scope">ONE_LEVEL</property>
        <property name="User Search Filter"/>
        <property name="User Identity Attribute"/>
        <property name="User Group Name Attribute"/>
        <property name="User Group Name Attribute - Referenced Group Attribute"/>

        <property name="Group Search Base"/>
        <property name="Group Object Class">group</property>
        <property name="Group Search Scope">ONE_LEVEL</property>
        <property name="Group Search Filter"/>
        <property name="Group Name Attribute"/>
        <property name="Group Member Attribute"/>
        <property name="Group Member Attribute - Referenced User Attribute"/>
    </userGroupProvider>

    
    

    
    

    
    <accessPolicyProvider>
        <identifier>file-access-policy-provider</identifier>
        <class>org.apache.nifi.authorization.FileAccessPolicyProvider</class>
        <property name="User Group Provider">ldap-user-group-provider</property>
        <property name="Authorizations File">./conf/authorizations.xml</property>
        <property name="Initial Admin Identity"/>
        <property name="Legacy Authorized Users File"/>

        <property name="Node Identity 1"/>
    </accessPolicyProvider>

    
    <authorizer>
        <identifier>managed-authorizer</identifier>
        <class>org.apache.nifi.authorization.StandardManagedAuthorizer</class>
        <property name="Access Policy Provider">file-access-policy-provider</property>
    </authorizer>

    
    
</authorizers>

[main] INFO org.apache.nifi.properties.ConfigEncryptionToolTest - Encrypted lines: 
<?xml version="1.0" encoding="UTF-8"?><authorizers>

    
    

    
    <userGroupProvider>
        <identifier>ldap-user-group-provider</identifier>
        <class>org.apache.nifi.ldap.tenants.LdapUserGroupProvider</class>
        <property name="Authentication Strategy">START_TLS</property>

        <property name="Manager DN">someuser</property>
        <property name="Manager Password" encryption="aes/gcm/256">xEsi4WlI5nzTuLEm||uVdFFntQ+Gla1cx7hC+Xfyn5HNsJfglAwMj08ehzQH0a2A</property>

        <property name="TLS - Keystore"/>
        <property name="TLS - Keystore Password" encryption="aes/gcm/256">cl6FxvBLu2aGhXF+||BXU/MUHDIpezzkzDhCa6HYb6fETnejp1I4OGvjFYb3jo0A</property>
        <property name="TLS - Keystore Type"/>
        <property name="TLS - Truststore"/>
        <property name="TLS - Truststore Password" encryption="aes/gcm/256">FTj99TYg77PD6A+l||WLtPgnwQj/4ahy/pRbT0BucfBq9sZ5mAtF6JOG9+Rf8dPw</property>
        <property name="TLS - Truststore Type"/>
        <property name="TLS - Client Auth"/>
        <property name="TLS - Protocol"/>
        <property name="TLS - Shutdown Gracefully"/>

        <property name="Referral Strategy">FOLLOW</property>
        <property name="Connect Timeout">10 secs</property>
        <property name="Read Timeout">10 secs</property>

        <property name="Url"/>
        <property name="Page Size"/>
        <property name="Sync Interval">30 mins</property>

        <property name="User Search Base"/>
        <property name="User Object Class">person</property>
        <property name="User Search Scope">ONE_LEVEL</property>
        <property name="User Search Filter"/>
        <property name="User Identity Attribute"/>
        <property name="User Group Name Attribute"/>
        <property name="User Group Name Attribute - Referenced Group Attribute"/>

        <property name="Group Search Base"/>
        <property name="Group Object Class">group</property>
        <property name="Group Search Scope">ONE_LEVEL</property>
        <property name="Group Search Filter"/>
        <property name="Group Name Attribute"/>
        <property name="Group Member Attribute"/>
        <property name="Group Member Attribute - Referenced User Attribute"/>
    </userGroupProvider>

    
    

    
    

    
    <accessPolicyProvider>
        <identifier>file-access-policy-provider</identifier>
        <class>org.apache.nifi.authorization.FileAccessPolicyProvider</class>
        <property name="User Group Provider">ldap-user-group-provider</property>
        <property name="Authorizations File">./conf/authorizations.xml</property>
        <property name="Initial Admin Identity"/>
        <property name="Legacy Authorized Users File"/>

        <property name="Node Identity 1"/>
    </accessPolicyProvider>

    
    <authorizer>
        <identifier>managed-authorizer</identifier>
        <class>org.apache.nifi.authorization.StandardManagedAuthorizer</class>
        <property name="Access Policy Provider">file-access-policy-provider</property>
    </authorizer>

    
    
</authorizers>
[main] INFO org.apache.nifi.properties.ConfigEncryptionToolTest - Cipher text: xEsi4WlI5nzTuLEm||uVdFFntQ+Gla1cx7hC+Xfyn5HNsJfglAwMj08ehzQH0a2A
[main] INFO org.apache.nifi.properties.ConfigEncryptionToolTest - Cipher text: cl6FxvBLu2aGhXF+||BXU/MUHDIpezzkzDhCa6HYb6fETnejp1I4OGvjFYb3jo0A
[main] INFO org.apache.nifi.properties.ConfigEncryptionToolTest - Cipher text: FTj99TYg77PD6A+l||WLtPgnwQj/4ahy/pRbT0BucfBq9sZ5mAtF6JOG9+Rf8dPw
]]></system-err>
  </testcase>
</testsuite>