<?xml version="1.0" encoding="UTF-8"?>
<testsuite xmlns:xsi="http://www.w3.org/2001/XMLSchema-instance" xsi:noNamespaceSchemaLocation="https://maven.apache.org/surefire/maven-surefire-plugin/xsd/surefire-test-report-3.0.xsd" version="3.0" name="org.apache.nifi.security.util.crypto.PasswordBasedEncryptorGroovyTest" time="4.455" tests="9" errors="0" skipped="0" failures="0">
  <properties>
    <property name="sun.desktop" value="gnome"/>
    <property name="awt.toolkit" value="sun.awt.X11.XToolkit"/>
    <property name="file.encoding.pkg" value="sun.io"/>
    <property name="java.specification.version" value="1.8"/>
    <property name="sun.cpu.isalist" value=""/>
    <property name="sun.jnu.encoding" value="UTF-8"/>
    <property name="java.class.path" value="/home/alex/Repositories/nifi/nifi-nar-bundles/nifi-standard-bundle/nifi-standard-processors/target/test-classes:/home/alex/Repositories/nifi/nifi-nar-bundles/nifi-standard-bundle/nifi-standard-processors/target/classes:/home/alex/.m2/repository/org/apache/ftpserver/ftpserver-core/1.1.1/ftpserver-core-1.1.1.jar:/home/alex/.m2/repository/org/apache/ftpserver/ftplet-api/1.1.1/ftplet-api-1.1.1.jar:/home/alex/.m2/repository/org/slf4j/slf4j-api/1.7.32/slf4j-api-1.7.32.jar:/home/alex/.m2/repository/org/apache/mina/mina-core/2.0.16/mina-core-2.0.16.jar:/home/alex/Repositories/nifi/nifi-api/target/classes:/home/alex/Repositories/nifi/nifi-commons/nifi-expression-language/target/classes:/home/alex/.m2/repository/org/antlr/antlr-runtime/3.5.2/antlr-runtime-3.5.2.jar:/home/alex/Repositories/nifi/nifi-commons/nifi-parameter/target/classes:/home/alex/Repositories/nifi/nifi-commons/nifi-uuid5/target/classes:/home/alex/.m2/repository/org/apache/commons/commons-text/1.8/commons-text-1.8.jar:/home/alex/Repositories/nifi/nifi-nar-bundles/nifi-extension-utils/nifi-processor-utils/target/classes:/home/alex/Repositories/nifi/nifi-commons/nifi-security-socket-ssl/target/classes:/home/alex/Repositories/nifi/nifi-nar-bundles/nifi-extension-utils/nifi-event-transport/target/classes:/home/alex/.m2/repository/io/netty/netty-handler/4.1.69.Final/netty-handler-4.1.69.Final.jar:/home/alex/.m2/repository/io/netty/netty-common/4.1.69.Final/netty-common-4.1.69.Final.jar:/home/alex/.m2/repository/io/netty/netty-resolver/4.1.69.Final/netty-resolver-4.1.69.Final.jar:/home/alex/.m2/repository/io/netty/netty-transport/4.1.69.Final/netty-transport-4.1.69.Final.jar:/home/alex/.m2/repository/io/netty/netty-codec/4.1.69.Final/netty-codec-4.1.69.Final.jar:/home/alex/Repositories/nifi/nifi-nar-bundles/nifi-extension-utils/nifi-syslog-utils/target/classes:/home/alex/.m2/repository/com/github/palindromicity/simple-syslog-5424/0.0.16/simple-syslog-5424-0.0.16.jar:/home/alex/.m2/repository/org/antlr/antlr4-runtime/4.7.2/antlr4-runtime-4.7.2.jar:/home/alex/Repositories/nifi/nifi-commons/nifi-utils/target/classes:/home/alex/Repositories/nifi/nifi-commons/nifi-record-path/target/classes:/home/alex/Repositories/nifi/nifi-commons/nifi-properties/target/classes:/home/alex/Repositories/nifi/nifi-commons/nifi-property-utils/target/classes:/home/alex/.m2/repository/com/github/ben-manes/caffeine/caffeine/2.8.1/caffeine-2.8.1.jar:/home/alex/Repositories/nifi/nifi-nar-bundles/nifi-standard-services/nifi-ssl-context-service-api/target/classes:/home/alex/Repositories/nifi/nifi-commons/nifi-security-utils-api/target/classes:/home/alex/Repositories/nifi/nifi-nar-bundles/nifi-standard-services/nifi-lookup-service-api/target/classes:/home/alex/Repositories/nifi/nifi-commons/nifi-flowfile-packager/target/classes:/home/alex/Repositories/nifi/nifi-nar-bundles/nifi-standard-services/nifi-distributed-cache-client-service-api/target/classes:/home/alex/Repositories/nifi/nifi-nar-bundles/nifi-standard-services/nifi-http-context-map-api/target/classes:/home/alex/Repositories/nifi/nifi-nar-bundles/nifi-standard-services/nifi-record-serialization-service-api/target/classes:/home/alex/Repositories/nifi/nifi-nar-bundles/nifi-standard-services/nifi-proxy-configuration-api/target/classes:/home/alex/Repositories/nifi/nifi-commons/nifi-record/target/classes:/home/alex/Repositories/nifi/nifi-nar-bundles/nifi-standard-services/nifi-record-sink-api/target/classes:/home/alex/.m2/repository/commons-io/commons-io/2.10.0/commons-io-2.10.0.jar:/home/alex/.m2/repository/javax/ws/rs/javax.ws.rs-api/2.1/javax.ws.rs-api-2.1.jar:/home/alex/.m2/repository/commons-net/commons-net/3.6/commons-net-3.6.jar:/home/alex/.m2/repository/org/apache/commons/commons-compress/1.21/commons-compress-1.21.jar:/home/alex/.m2/repository/org/apache/commons/commons-lang3/3.9/commons-lang3-3.9.jar:/home/alex/.m2/repository/org/bouncycastle/bcprov-jdk15on/1.69/bcprov-jdk15on-1.69.jar:/home/alex/.m2/repository/org/bouncycastle/bcpg-jdk15on/1.69/bcpg-jdk15on-1.69.jar:/home/alex/.m2/repository/org/bouncycastle/bcpkix-jdk15on/1.69/bcpkix-jdk15on-1.69.jar:/home/alex/.m2/repository/org/bouncycastle/bcutil-jdk15on/1.69/bcutil-jdk15on-1.69.jar:/home/alex/.m2/repository/commons-codec/commons-codec/1.14/commons-codec-1.14.jar:/home/alex/Repositories/nifi/nifi-commons/nifi-security-utils/target/classes:/home/alex/Repositories/nifi/nifi-commons/nifi-security-kms/target/classes:/home/alex/.m2/repository/org/apache/commons/commons-configuration2/2.7/commons-configuration2-2.7.jar:/home/alex/.m2/repository/com/hierynomus/sshj/0.32.0/sshj-0.32.0.jar:/home/alex/.m2/repository/com/jcraft/jzlib/1.1.3/jzlib-1.1.3.jar:/home/alex/.m2/repository/com/hierynomus/asn-one/0.6.0/asn-one-0.6.0.jar:/home/alex/.m2/repository/net/i2p/crypto/eddsa/0.3.0/eddsa-0.3.0.jar:/home/alex/.m2/repository/org/eclipse/jetty/jetty-server/9.4.44.v20210927/jetty-server-9.4.44.v20210927.jar:/home/alex/.m2/repository/javax/servlet/javax.servlet-api/3.1.0/javax.servlet-api-3.1.0.jar:/home/alex/.m2/repository/org/eclipse/jetty/jetty-http/9.4.44.v20210927/jetty-http-9.4.44.v20210927.jar:/home/alex/.m2/repository/org/eclipse/jetty/jetty-util/9.4.44.v20210927/jetty-util-9.4.44.v20210927.jar:/home/alex/.m2/repository/org/eclipse/jetty/jetty-io/9.4.44.v20210927/jetty-io-9.4.44.v20210927.jar:/home/alex/.m2/repository/org/eclipse/jetty/jetty-servlet/9.4.44.v20210927/jetty-servlet-9.4.44.v20210927.jar:/home/alex/.m2/repository/org/eclipse/jetty/jetty-security/9.4.44.v20210927/jetty-security-9.4.44.v20210927.jar:/home/alex/.m2/repository/org/eclipse/jetty/jetty-util-ajax/9.4.44.v20210927/jetty-util-ajax-9.4.44.v20210927.jar:/home/alex/.m2/repository/org/apache/httpcomponents/httpclient/4.5.5/httpclient-4.5.5.jar:/home/alex/.m2/repository/commons-logging/commons-logging/1.2/commons-logging-1.2.jar:/home/alex/.m2/repository/org/apache/httpcomponents/httpcore/4.4.9/httpcore-4.4.9.jar:/home/alex/.m2/repository/jakarta/activation/jakarta.activation-api/2.0.1/jakarta.activation-api-2.0.1.jar:/home/alex/.m2/repository/com/sun/activation/jakarta.activation/2.0.1/jakarta.activation-2.0.1.jar:/home/alex/.m2/repository/jakarta/mail/jakarta.mail-api/2.0.1/jakarta.mail-api-2.0.1.jar:/home/alex/.m2/repository/com/sun/mail/jakarta.mail/2.0.1/jakarta.mail-2.0.1.jar:/home/alex/.m2/repository/com/github/jponge/lzma-java/1.3/lzma-java-1.3.jar:/home/alex/.m2/repository/org/tukaani/xz/1.8/xz-1.8.jar:/home/alex/.m2/repository/net/sf/saxon/Saxon-HE/10.6/Saxon-HE-10.6.jar:/home/alex/Repositories/nifi/nifi-commons/nifi-socket-utils/target/classes:/home/alex/Repositories/nifi/nifi-commons/nifi-logging-utils/target/classes:/home/alex/Repositories/nifi/nifi-nar-bundles/nifi-standard-services/nifi-load-distribution-service-api/target/classes:/home/alex/.m2/repository/javax/jms/javax.jms-api/2.0.1/javax.jms-api-2.0.1.jar:/home/alex/.m2/repository/org/apache/activemq/activemq-client/5.15.15/activemq-client-5.15.15.jar:/home/alex/.m2/repository/org/apache/geronimo/specs/geronimo-jms_1.1_spec/1.1.1/geronimo-jms_1.1_spec-1.1.1.jar:/home/alex/.m2/repository/org/fusesource/hawtbuf/hawtbuf/1.11/hawtbuf-1.11.jar:/home/alex/.m2/repository/org/apache/geronimo/specs/geronimo-j2ee-management_1.1_spec/1.0.1/geronimo-j2ee-management_1.1_spec-1.0.1.jar:/home/alex/.m2/repository/com/jayway/jsonpath/json-path/2.6.0/json-path-2.6.0.jar:/home/alex/.m2/repository/net/minidev/json-smart/2.4.7/json-smart-2.4.7.jar:/home/alex/.m2/repository/net/minidev/accessors-smart/2.4.7/accessors-smart-2.4.7.jar:/home/alex/.m2/repository/org/ow2/asm/asm/9.1/asm-9.1.jar:/home/alex/.m2/repository/org/apache/tika/tika-core/1.26/tika-core-1.26.jar:/home/alex/.m2/repository/com/fasterxml/jackson/core/jackson-databind/2.12.3/jackson-databind-2.12.3.jar:/home/alex/.m2/repository/com/fasterxml/jackson/core/jackson-annotations/2.12.3/jackson-annotations-2.12.3.jar:/home/alex/.m2/repository/com/fasterxml/jackson/core/jackson-core/2.12.3/jackson-core-2.12.3.jar:/home/alex/Repositories/nifi/nifi-nar-bundles/nifi-extension-utils/nifi-record-utils/nifi-avro-record-utils/target/classes:/home/alex/Repositories/nifi/nifi-nar-bundles/nifi-extension-utils/nifi-record-utils/nifi-standard-record-utils/target/classes:/home/alex/.m2/repository/org/apache/avro/avro/1.8.1/avro-1.8.1.jar:/home/alex/.m2/repository/org/codehaus/jackson/jackson-core-asl/1.9.13/jackson-core-asl-1.9.13.jar:/home/alex/.m2/repository/org/codehaus/jackson/jackson-mapper-asl/1.9.13/jackson-mapper-asl-1.9.13.jar:/home/alex/.m2/repository/com/thoughtworks/paranamer/paranamer/2.7/paranamer-2.7.jar:/home/alex/Repositories/nifi/nifi-nar-bundles/nifi-standard-services/nifi-dbcp-service-api/target/classes:/home/alex/.m2/repository/com/squareup/okhttp3/okhttp/4.9.2/okhttp-4.9.2.jar:/home/alex/.m2/repository/com/squareup/okio/okio/2.8.0/okio-2.8.0.jar:/home/alex/.m2/repository/org/jetbrains/kotlin/kotlin-stdlib-common/1.4.0/kotlin-stdlib-common-1.4.0.jar:/home/alex/.m2/repository/org/jetbrains/kotlin/kotlin-stdlib/1.4.10/kotlin-stdlib-1.4.10.jar:/home/alex/.m2/repository/org/jetbrains/annotations/13.0/annotations-13.0.jar:/home/alex/.m2/repository/io/github/rburgst/okhttp-digest/2.5/okhttp-digest-2.5.jar:/home/alex/.m2/repository/at/favre/lib/bcrypt/0.9.0/bcrypt-0.9.0.jar:/home/alex/.m2/repository/at/favre/lib/bytes/1.3.0/bytes-1.3.0.jar:/home/alex/.m2/repository/com/google/guava/guava/28.0-jre/guava-28.0-jre.jar:/home/alex/.m2/repository/com/google/guava/failureaccess/1.0.1/failureaccess-1.0.1.jar:/home/alex/.m2/repository/com/google/guava/listenablefuture/9999.0-empty-to-avoid-conflict-with-guava/listenablefuture-9999.0-empty-to-avoid-conflict-with-guava.jar:/home/alex/.m2/repository/com/google/code/findbugs/jsr305/3.0.2/jsr305-3.0.2.jar:/home/alex/.m2/repository/org/checkerframework/checker-qual/2.8.1/checker-qual-2.8.1.jar:/home/alex/.m2/repository/com/google/errorprone/error_prone_annotations/2.3.2/error_prone_annotations-2.3.2.jar:/home/alex/.m2/repository/com/google/j2objc/j2objc-annotations/1.3/j2objc-annotations-1.3.jar:/home/alex/.m2/repository/org/codehaus/mojo/animal-sniffer-annotations/1.17/animal-sniffer-annotations-1.17.jar:/home/alex/Repositories/nifi/nifi-mock/target/classes:/home/alex/Repositories/nifi/nifi-framework-api/target/classes:/home/alex/Repositories/nifi/nifi-nar-bundles/nifi-framework-bundle/nifi-framework/nifi-framework-core-api/target/classes:/home/alex/Repositories/nifi/nifi-nar-bundles/nifi-framework-bundle/nifi-framework/nifi-framework-nar-utils/target/classes:/home/alex/Repositories/nifi/nifi-nar-bundles/nifi-framework-bundle/nifi-framework/nifi-client-dto/target/classes:/home/alex/.m2/repository/io/swagger/swagger-annotations/1.6.0/swagger-annotations-1.6.0.jar:/home/alex/Repositories/nifi/nifi-commons/nifi-site-to-site-client/target/classes:/home/alex/.m2/repository/org/apache/httpcomponents/httpasyncclient/4.1.4/httpasyncclient-4.1.4.jar:/home/alex/.m2/repository/org/apache/httpcomponents/httpcore-nio/4.4.10/httpcore-nio-4.4.10.jar:/home/alex/Repositories/nifi/nifi-nar-bundles/nifi-framework-bundle/nifi-framework/nifi-framework-authorization/target/classes:/home/alex/Repositories/nifi/nifi-registry/nifi-registry-core/nifi-registry-data-model/target/classes:/home/alex/Repositories/nifi/nifi-registry/nifi-registry-core/nifi-registry-revision/nifi-registry-revision-entity-model/target/classes:/home/alex/Repositories/nifi/nifi-registry/nifi-registry-core/nifi-registry-client/target/classes:/home/alex/Repositories/nifi/nifi-registry/nifi-registry-core/nifi-registry-security-utils/target/classes:/home/alex/.m2/repository/org/glassfish/jersey/core/jersey-client/2.33/jersey-client-2.33.jar:/home/alex/.m2/repository/jakarta/ws/rs/jakarta.ws.rs-api/2.1.6/jakarta.ws.rs-api-2.1.6.jar:/home/alex/.m2/repository/org/glassfish/hk2/external/jakarta.inject/2.6.1/jakarta.inject-2.6.1.jar:/home/alex/.m2/repository/org/glassfish/jersey/media/jersey-media-json-jackson/2.33/jersey-media-json-jackson-2.33.jar:/home/alex/.m2/repository/org/glassfish/jersey/ext/jersey-entity-filtering/2.33/jersey-entity-filtering-2.33.jar:/home/alex/.m2/repository/org/glassfish/jersey/inject/jersey-hk2/2.33/jersey-hk2-2.33.jar:/home/alex/.m2/repository/org/glassfish/hk2/hk2-locator/2.6.1/hk2-locator-2.6.1.jar:/home/alex/.m2/repository/org/glassfish/hk2/external/aopalliance-repackaged/2.6.1/aopalliance-repackaged-2.6.1.jar:/home/alex/.m2/repository/org/glassfish/hk2/hk2-api/2.6.1/hk2-api-2.6.1.jar:/home/alex/.m2/repository/org/glassfish/hk2/hk2-utils/2.6.1/hk2-utils-2.6.1.jar:/home/alex/.m2/repository/org/javassist/javassist/3.25.0-GA/javassist-3.25.0-GA.jar:/home/alex/.m2/repository/org/glassfish/jersey/core/jersey-common/2.33/jersey-common-2.33.jar:/home/alex/.m2/repository/jakarta/annotation/jakarta.annotation-api/1.3.5/jakarta.annotation-api-1.3.5.jar:/home/alex/.m2/repository/org/glassfish/hk2/osgi-resource-locator/1.0.3/osgi-resource-locator-1.0.3.jar:/home/alex/.m2/repository/org/glassfish/jersey/media/jersey-media-multipart/2.33/jersey-media-multipart-2.33.jar:/home/alex/.m2/repository/org/jvnet/mimepull/mimepull/1.9.13/mimepull-1.9.13.jar:/home/alex/Repositories/nifi/nifi-commons/nifi-data-provenance-utils/target/classes:/home/alex/Repositories/nifi/nifi-nar-bundles/nifi-standard-services/nifi-distributed-cache-services-bundle/nifi-distributed-cache-client-service/target/classes:/home/alex/Repositories/nifi/nifi-nar-bundles/nifi-standard-services/nifi-distributed-cache-services-bundle/nifi-distributed-cache-protocol/target/classes:/home/alex/.m2/repository/io/netty/netty-buffer/4.1.69.Final/netty-buffer-4.1.69.Final.jar:/home/alex/.m2/repository/com/google/http-client/google-http-client/1.28.0/google-http-client-1.28.0.jar:/home/alex/.m2/repository/io/opencensus/opencensus-api/0.18.0/opencensus-api-0.18.0.jar:/home/alex/.m2/repository/io/grpc/grpc-context/1.14.0/grpc-context-1.14.0.jar:/home/alex/.m2/repository/io/opencensus/opencensus-contrib-http-util/0.18.0/opencensus-contrib-http-util-0.18.0.jar:/home/alex/.m2/repository/org/apache/activemq/activemq-broker/5.15.14/activemq-broker-5.15.14.jar:/home/alex/.m2/repository/org/apache/activemq/activemq-openwire-legacy/5.15.14/activemq-openwire-legacy-5.15.14.jar:/home/alex/Repositories/nifi/nifi-nar-bundles/nifi-standard-services/nifi-ssl-context-bundle/nifi-ssl-context-service/target/classes:/home/alex/Repositories/nifi/nifi-nar-bundles/nifi-framework-bundle/nifi-framework/nifi-standard-prioritizers/target/classes:/home/alex/Repositories/nifi/nifi-nar-bundles/nifi-extension-utils/nifi-record-utils/nifi-mock-record-utils/target/classes:/home/alex/Repositories/nifi/nifi-nar-bundles/nifi-standard-services/nifi-record-serialization-services-bundle/nifi-record-serialization-services/target/classes:/home/alex/.m2/repository/org/apache/commons/commons-csv/1.8/commons-csv-1.8.jar:/home/alex/.m2/repository/com/fasterxml/jackson/dataformat/jackson-dataformat-csv/2.12.3/jackson-dataformat-csv-2.12.3.jar:/home/alex/.m2/repository/net/java/dev/stax-utils/stax-utils/20070216/stax-utils-20070216.jar:/home/alex/Repositories/nifi/nifi-nar-bundles/nifi-standard-services/nifi-lookup-services-bundle/nifi-lookup-services/target/classes:/home/alex/.m2/repository/commons-beanutils/commons-beanutils/1.9.4/commons-beanutils-1.9.4.jar:/home/alex/.m2/repository/commons-collections/commons-collections/3.2.2/commons-collections-3.2.2.jar:/home/alex/.m2/repository/com/maxmind/geoip2/geoip2/2.12.0/geoip2-2.12.0.jar:/home/alex/.m2/repository/com/maxmind/db/maxmind-db/1.2.2/maxmind-db-1.2.2.jar:/home/alex/.m2/repository/org/apache/derby/derby/10.14.2.0/derby-10.14.2.0.jar:/home/alex/.m2/repository/org/xerial/snappy/snappy-java/1.1.7.3/snappy-java-1.1.7.3.jar:/home/alex/.m2/repository/net/lingala/zip4j/zip4j/2.8.0/zip4j-2.8.0.jar:/home/alex/.m2/repository/com/h2database/h2/1.4.187/h2-1.4.187.jar:/home/alex/.m2/repository/org/mockftpserver/MockFtpServer/2.7.1/MockFtpServer-2.7.1.jar:/home/alex/.m2/repository/org/apache/sshd/sshd-core/1.7.0/sshd-core-1.7.0.jar:/home/alex/.m2/repository/com/bazaarvoice/jolt/jolt-core/0.1.1/jolt-core-0.1.1.jar:/home/alex/.m2/repository/javax/inject/javax.inject/1/javax.inject-1.jar:/home/alex/.m2/repository/com/bazaarvoice/jolt/json-utils/0.1.1/json-utils-0.1.1.jar:/home/alex/Repositories/nifi/nifi-nar-bundles/nifi-standard-bundle/nifi-standard-utils/target/classes:/home/alex/.m2/repository/net/sf/supercsv/super-csv/2.4.0/super-csv-2.4.0.jar:/home/alex/.m2/repository/com/fluenda/parcefone/2.1.0/parcefone-2.1.0.jar:/home/alex/.m2/repository/javax/validation/validation-api/1.1.0.Final/validation-api-1.1.0.Final.jar:/home/alex/.m2/repository/javax/el/javax.el-api/3.0.0/javax.el-api-3.0.0.jar:/home/alex/.m2/repository/com/github/wnameless/json/json-flattener/0.12.0/json-flattener-0.12.0.jar:/home/alex/.m2/repository/com/github/wnameless/json/json-base/2.0.0/json-base-2.0.0.jar:/home/alex/.m2/repository/org/apache/bval/bval-jsr/1.1.2/bval-jsr-1.1.2.jar:/home/alex/.m2/repository/org/apache/bval/bval-core/1.1.2/bval-core-1.1.2.jar:/home/alex/.m2/repository/io/krakens/java-grok/0.1.9/java-grok-0.1.9.jar:/home/alex/.m2/repository/org/apache/calcite/calcite-core/1.27.0/calcite-core-1.27.0.jar:/home/alex/.m2/repository/org/apache/calcite/calcite-linq4j/1.27.0/calcite-linq4j-1.27.0.jar:/home/alex/.m2/repository/com/esri/geometry/esri-geometry-api/2.2.0/esri-geometry-api-2.2.0.jar:/home/alex/.m2/repository/org/apache/calcite/avatica/avatica-core/1.18.0/avatica-core-1.18.0.jar:/home/alex/.m2/repository/org/apache/calcite/avatica/avatica-metrics/1.18.0/avatica-metrics-1.18.0.jar:/home/alex/.m2/repository/com/google/protobuf/protobuf-java/3.6.1/protobuf-java-3.6.1.jar:/home/alex/.m2/repository/org/apiguardian/apiguardian-api/1.1.0/apiguardian-api-1.1.0.jar:/home/alex/.m2/repository/com/fasterxml/jackson/dataformat/jackson-dataformat-yaml/2.10.0/jackson-dataformat-yaml-2.10.0.jar:/home/alex/.m2/repository/org/yaml/snakeyaml/1.29/snakeyaml-1.29.jar:/home/alex/.m2/repository/com/google/uzaygezen/uzaygezen-core/0.2/uzaygezen-core-0.2.jar:/home/alex/.m2/repository/com/yahoo/datasketches/sketches-core/0.9.0/sketches-core-0.9.0.jar:/home/alex/.m2/repository/com/yahoo/datasketches/memory/0.9.0/memory-0.9.0.jar:/home/alex/.m2/repository/net/hydromatic/aggdesigner-algorithm/6.0/aggdesigner-algorithm-6.0.jar:/home/alex/.m2/repository/commons-lang/commons-lang/2.4/commons-lang-2.4.jar:/home/alex/.m2/repository/org/apache/commons/commons-dbcp2/2.6.0/commons-dbcp2-2.6.0.jar:/home/alex/.m2/repository/org/apache/commons/commons-pool2/2.6.1/commons-pool2-2.6.1.jar:/home/alex/.m2/repository/org/codehaus/janino/commons-compiler/3.0.11/commons-compiler-3.0.11.jar:/home/alex/.m2/repository/org/codehaus/janino/janino/3.0.11/janino-3.0.11.jar:/home/alex/Repositories/nifi/nifi-nar-bundles/nifi-standard-services/nifi-schema-registry-service-api/target/classes:/home/alex/Repositories/nifi/nifi-nar-bundles/nifi-extension-utils/nifi-database-utils/target/classes:/home/alex/Repositories/nifi/nifi-nar-bundles/nifi-standard-bundle/nifi-standard-web-test-utils/target/classes:/home/alex/.m2/repository/com/github/stefanbirkner/fake-sftp-server-rule/2.0.1/fake-sftp-server-rule-2.0.1.jar:/home/alex/.m2/repository/com/github/marschall/memoryfilesystem/2.8.0/memoryfilesystem-2.8.0.jar:/home/alex/.m2/repository/junit/junit/4.13.2/junit-4.13.2.jar:/home/alex/.m2/repository/org/hamcrest/hamcrest-core/1.3/hamcrest-core-1.3.jar:/home/alex/Repositories/nifi/nifi-nar-bundles/nifi-extension-utils/nifi-database-test-utils/target/classes:/home/alex/.m2/repository/org/codehaus/groovy/groovy-json/2.5.14/groovy-json-2.5.14.jar:/home/alex/.m2/repository/org/codehaus/groovy/groovy/2.5.14/groovy-2.5.14.jar:/home/alex/.m2/repository/org/codehaus/groovy/groovy-servlet/2.5.14/groovy-servlet-2.5.14.jar:/home/alex/.m2/repository/org/codehaus/groovy/groovy-templates/2.5.14/groovy-templates-2.5.14.jar:/home/alex/.m2/repository/org/codehaus/groovy/groovy-xml/2.5.14/groovy-xml-2.5.14.jar:/home/alex/.m2/repository/org/hamcrest/hamcrest-all/1.3/hamcrest-all-1.3.jar:/home/alex/.m2/repository/com/squareup/okhttp3/mockwebserver/4.9.2/mockwebserver-4.9.2.jar:/home/alex/.m2/repository/org/jetbrains/kotlin/kotlin-stdlib-jdk8/1.4.10/kotlin-stdlib-jdk8-1.4.10.jar:/home/alex/.m2/repository/org/jetbrains/kotlin/kotlin-stdlib-jdk7/1.4.10/kotlin-stdlib-jdk7-1.4.10.jar:/home/alex/.m2/repository/org/mockito/mockito-inline/3.12.4/mockito-inline-3.12.4.jar:/home/alex/.m2/repository/org/junit/jupiter/junit-jupiter-api/5.7.2/junit-jupiter-api-5.7.2.jar:/home/alex/.m2/repository/org/opentest4j/opentest4j/1.2.0/opentest4j-1.2.0.jar:/home/alex/.m2/repository/org/junit/platform/junit-platform-commons/1.7.2/junit-platform-commons-1.7.2.jar:/home/alex/.m2/repository/org/junit/jupiter/junit-jupiter-engine/5.7.2/junit-jupiter-engine-5.7.2.jar:/home/alex/.m2/repository/org/junit/platform/junit-platform-engine/1.7.2/junit-platform-engine-1.7.2.jar:/home/alex/.m2/repository/org/junit/vintage/junit-vintage-engine/5.7.2/junit-vintage-engine-5.7.2.jar:/home/alex/.m2/repository/org/junit/jupiter/junit-jupiter-params/5.7.2/junit-jupiter-params-5.7.2.jar:/home/alex/.m2/repository/org/mockito/mockito-core/3.11.2/mockito-core-3.11.2.jar:/home/alex/.m2/repository/net/bytebuddy/byte-buddy/1.11.3/byte-buddy-1.11.3.jar:/home/alex/.m2/repository/net/bytebuddy/byte-buddy-agent/1.11.3/byte-buddy-agent-1.11.3.jar:/home/alex/.m2/repository/org/objenesis/objenesis/3.2/objenesis-3.2.jar:/home/alex/.m2/repository/org/mockito/mockito-junit-jupiter/3.11.2/mockito-junit-jupiter-3.11.2.jar:/home/alex/.m2/repository/org/slf4j/slf4j-simple/1.7.32/slf4j-simple-1.7.32.jar:/home/alex/.m2/repository/org/codehaus/groovy/groovy-test/2.5.14/groovy-test-2.5.14.jar:"/>
    <property name="org.slf4j.simpleLogger.log.nifi.processors.standard.TestExecuteSQLRecord" value="debug"/>
    <property name="java.vm.vendor" value="Private Build"/>
    <property name="sun.arch.data.model" value="64"/>
    <property name="java.vendor.url" value="http://java.oracle.com/"/>
    <property name="user.timezone" value="Europe/Lisbon"/>
    <property name="java.vm.specification.version" value="1.8"/>
    <property name="os.name" value="Linux"/>
    <property name="user.country" value="US"/>
    <property name="sun.java.launcher" value="SUN_STANDARD"/>
    <property name="sun.boot.library.path" value="/usr/lib/jvm/java-8-openjdk-amd64/jre/lib/amd64"/>
    <property name="sun.java.command" value="/home/alex/Repositories/nifi/nifi-nar-bundles/nifi-standard-bundle/nifi-standard-processors/target/surefire/surefirebooter5765390859711556220.jar /home/alex/Repositories/nifi/nifi-nar-bundles/nifi-standard-bundle/nifi-standard-processors/target/surefire 2024-05-02T03-00-27_868-jvmRun1 surefire9208373730939602304tmp surefire_6996902428243563721tmp"/>
    <property name="org.slf4j.simpleLogger.log.nifi.io.nio" value="debug"/>
    <property name="surefire.test.class.path" value="/home/alex/Repositories/nifi/nifi-nar-bundles/nifi-standard-bundle/nifi-standard-processors/target/test-classes:/home/alex/Repositories/nifi/nifi-nar-bundles/nifi-standard-bundle/nifi-standard-processors/target/classes:/home/alex/.m2/repository/org/apache/ftpserver/ftpserver-core/1.1.1/ftpserver-core-1.1.1.jar:/home/alex/.m2/repository/org/apache/ftpserver/ftplet-api/1.1.1/ftplet-api-1.1.1.jar:/home/alex/.m2/repository/org/slf4j/slf4j-api/1.7.32/slf4j-api-1.7.32.jar:/home/alex/.m2/repository/org/apache/mina/mina-core/2.0.16/mina-core-2.0.16.jar:/home/alex/Repositories/nifi/nifi-api/target/classes:/home/alex/Repositories/nifi/nifi-commons/nifi-expression-language/target/classes:/home/alex/.m2/repository/org/antlr/antlr-runtime/3.5.2/antlr-runtime-3.5.2.jar:/home/alex/Repositories/nifi/nifi-commons/nifi-parameter/target/classes:/home/alex/Repositories/nifi/nifi-commons/nifi-uuid5/target/classes:/home/alex/.m2/repository/org/apache/commons/commons-text/1.8/commons-text-1.8.jar:/home/alex/Repositories/nifi/nifi-nar-bundles/nifi-extension-utils/nifi-processor-utils/target/classes:/home/alex/Repositories/nifi/nifi-commons/nifi-security-socket-ssl/target/classes:/home/alex/Repositories/nifi/nifi-nar-bundles/nifi-extension-utils/nifi-event-transport/target/classes:/home/alex/.m2/repository/io/netty/netty-handler/4.1.69.Final/netty-handler-4.1.69.Final.jar:/home/alex/.m2/repository/io/netty/netty-common/4.1.69.Final/netty-common-4.1.69.Final.jar:/home/alex/.m2/repository/io/netty/netty-resolver/4.1.69.Final/netty-resolver-4.1.69.Final.jar:/home/alex/.m2/repository/io/netty/netty-transport/4.1.69.Final/netty-transport-4.1.69.Final.jar:/home/alex/.m2/repository/io/netty/netty-codec/4.1.69.Final/netty-codec-4.1.69.Final.jar:/home/alex/Repositories/nifi/nifi-nar-bundles/nifi-extension-utils/nifi-syslog-utils/target/classes:/home/alex/.m2/repository/com/github/palindromicity/simple-syslog-5424/0.0.16/simple-syslog-5424-0.0.16.jar:/home/alex/.m2/repository/org/antlr/antlr4-runtime/4.7.2/antlr4-runtime-4.7.2.jar:/home/alex/Repositories/nifi/nifi-commons/nifi-utils/target/classes:/home/alex/Repositories/nifi/nifi-commons/nifi-record-path/target/classes:/home/alex/Repositories/nifi/nifi-commons/nifi-properties/target/classes:/home/alex/Repositories/nifi/nifi-commons/nifi-property-utils/target/classes:/home/alex/.m2/repository/com/github/ben-manes/caffeine/caffeine/2.8.1/caffeine-2.8.1.jar:/home/alex/Repositories/nifi/nifi-nar-bundles/nifi-standard-services/nifi-ssl-context-service-api/target/classes:/home/alex/Repositories/nifi/nifi-commons/nifi-security-utils-api/target/classes:/home/alex/Repositories/nifi/nifi-nar-bundles/nifi-standard-services/nifi-lookup-service-api/target/classes:/home/alex/Repositories/nifi/nifi-commons/nifi-flowfile-packager/target/classes:/home/alex/Repositories/nifi/nifi-nar-bundles/nifi-standard-services/nifi-distributed-cache-client-service-api/target/classes:/home/alex/Repositories/nifi/nifi-nar-bundles/nifi-standard-services/nifi-http-context-map-api/target/classes:/home/alex/Repositories/nifi/nifi-nar-bundles/nifi-standard-services/nifi-record-serialization-service-api/target/classes:/home/alex/Repositories/nifi/nifi-nar-bundles/nifi-standard-services/nifi-proxy-configuration-api/target/classes:/home/alex/Repositories/nifi/nifi-commons/nifi-record/target/classes:/home/alex/Repositories/nifi/nifi-nar-bundles/nifi-standard-services/nifi-record-sink-api/target/classes:/home/alex/.m2/repository/commons-io/commons-io/2.10.0/commons-io-2.10.0.jar:/home/alex/.m2/repository/javax/ws/rs/javax.ws.rs-api/2.1/javax.ws.rs-api-2.1.jar:/home/alex/.m2/repository/commons-net/commons-net/3.6/commons-net-3.6.jar:/home/alex/.m2/repository/org/apache/commons/commons-compress/1.21/commons-compress-1.21.jar:/home/alex/.m2/repository/org/apache/commons/commons-lang3/3.9/commons-lang3-3.9.jar:/home/alex/.m2/repository/org/bouncycastle/bcprov-jdk15on/1.69/bcprov-jdk15on-1.69.jar:/home/alex/.m2/repository/org/bouncycastle/bcpg-jdk15on/1.69/bcpg-jdk15on-1.69.jar:/home/alex/.m2/repository/org/bouncycastle/bcpkix-jdk15on/1.69/bcpkix-jdk15on-1.69.jar:/home/alex/.m2/repository/org/bouncycastle/bcutil-jdk15on/1.69/bcutil-jdk15on-1.69.jar:/home/alex/.m2/repository/commons-codec/commons-codec/1.14/commons-codec-1.14.jar:/home/alex/Repositories/nifi/nifi-commons/nifi-security-utils/target/classes:/home/alex/Repositories/nifi/nifi-commons/nifi-security-kms/target/classes:/home/alex/.m2/repository/org/apache/commons/commons-configuration2/2.7/commons-configuration2-2.7.jar:/home/alex/.m2/repository/com/hierynomus/sshj/0.32.0/sshj-0.32.0.jar:/home/alex/.m2/repository/com/jcraft/jzlib/1.1.3/jzlib-1.1.3.jar:/home/alex/.m2/repository/com/hierynomus/asn-one/0.6.0/asn-one-0.6.0.jar:/home/alex/.m2/repository/net/i2p/crypto/eddsa/0.3.0/eddsa-0.3.0.jar:/home/alex/.m2/repository/org/eclipse/jetty/jetty-server/9.4.44.v20210927/jetty-server-9.4.44.v20210927.jar:/home/alex/.m2/repository/javax/servlet/javax.servlet-api/3.1.0/javax.servlet-api-3.1.0.jar:/home/alex/.m2/repository/org/eclipse/jetty/jetty-http/9.4.44.v20210927/jetty-http-9.4.44.v20210927.jar:/home/alex/.m2/repository/org/eclipse/jetty/jetty-util/9.4.44.v20210927/jetty-util-9.4.44.v20210927.jar:/home/alex/.m2/repository/org/eclipse/jetty/jetty-io/9.4.44.v20210927/jetty-io-9.4.44.v20210927.jar:/home/alex/.m2/repository/org/eclipse/jetty/jetty-servlet/9.4.44.v20210927/jetty-servlet-9.4.44.v20210927.jar:/home/alex/.m2/repository/org/eclipse/jetty/jetty-security/9.4.44.v20210927/jetty-security-9.4.44.v20210927.jar:/home/alex/.m2/repository/org/eclipse/jetty/jetty-util-ajax/9.4.44.v20210927/jetty-util-ajax-9.4.44.v20210927.jar:/home/alex/.m2/repository/org/apache/httpcomponents/httpclient/4.5.5/httpclient-4.5.5.jar:/home/alex/.m2/repository/commons-logging/commons-logging/1.2/commons-logging-1.2.jar:/home/alex/.m2/repository/org/apache/httpcomponents/httpcore/4.4.9/httpcore-4.4.9.jar:/home/alex/.m2/repository/jakarta/activation/jakarta.activation-api/2.0.1/jakarta.activation-api-2.0.1.jar:/home/alex/.m2/repository/com/sun/activation/jakarta.activation/2.0.1/jakarta.activation-2.0.1.jar:/home/alex/.m2/repository/jakarta/mail/jakarta.mail-api/2.0.1/jakarta.mail-api-2.0.1.jar:/home/alex/.m2/repository/com/sun/mail/jakarta.mail/2.0.1/jakarta.mail-2.0.1.jar:/home/alex/.m2/repository/com/github/jponge/lzma-java/1.3/lzma-java-1.3.jar:/home/alex/.m2/repository/org/tukaani/xz/1.8/xz-1.8.jar:/home/alex/.m2/repository/net/sf/saxon/Saxon-HE/10.6/Saxon-HE-10.6.jar:/home/alex/Repositories/nifi/nifi-commons/nifi-socket-utils/target/classes:/home/alex/Repositories/nifi/nifi-commons/nifi-logging-utils/target/classes:/home/alex/Repositories/nifi/nifi-nar-bundles/nifi-standard-services/nifi-load-distribution-service-api/target/classes:/home/alex/.m2/repository/javax/jms/javax.jms-api/2.0.1/javax.jms-api-2.0.1.jar:/home/alex/.m2/repository/org/apache/activemq/activemq-client/5.15.15/activemq-client-5.15.15.jar:/home/alex/.m2/repository/org/apache/geronimo/specs/geronimo-jms_1.1_spec/1.1.1/geronimo-jms_1.1_spec-1.1.1.jar:/home/alex/.m2/repository/org/fusesource/hawtbuf/hawtbuf/1.11/hawtbuf-1.11.jar:/home/alex/.m2/repository/org/apache/geronimo/specs/geronimo-j2ee-management_1.1_spec/1.0.1/geronimo-j2ee-management_1.1_spec-1.0.1.jar:/home/alex/.m2/repository/com/jayway/jsonpath/json-path/2.6.0/json-path-2.6.0.jar:/home/alex/.m2/repository/net/minidev/json-smart/2.4.7/json-smart-2.4.7.jar:/home/alex/.m2/repository/net/minidev/accessors-smart/2.4.7/accessors-smart-2.4.7.jar:/home/alex/.m2/repository/org/ow2/asm/asm/9.1/asm-9.1.jar:/home/alex/.m2/repository/org/apache/tika/tika-core/1.26/tika-core-1.26.jar:/home/alex/.m2/repository/com/fasterxml/jackson/core/jackson-databind/2.12.3/jackson-databind-2.12.3.jar:/home/alex/.m2/repository/com/fasterxml/jackson/core/jackson-annotations/2.12.3/jackson-annotations-2.12.3.jar:/home/alex/.m2/repository/com/fasterxml/jackson/core/jackson-core/2.12.3/jackson-core-2.12.3.jar:/home/alex/Repositories/nifi/nifi-nar-bundles/nifi-extension-utils/nifi-record-utils/nifi-avro-record-utils/target/classes:/home/alex/Repositories/nifi/nifi-nar-bundles/nifi-extension-utils/nifi-record-utils/nifi-standard-record-utils/target/classes:/home/alex/.m2/repository/org/apache/avro/avro/1.8.1/avro-1.8.1.jar:/home/alex/.m2/repository/org/codehaus/jackson/jackson-core-asl/1.9.13/jackson-core-asl-1.9.13.jar:/home/alex/.m2/repository/org/codehaus/jackson/jackson-mapper-asl/1.9.13/jackson-mapper-asl-1.9.13.jar:/home/alex/.m2/repository/com/thoughtworks/paranamer/paranamer/2.7/paranamer-2.7.jar:/home/alex/Repositories/nifi/nifi-nar-bundles/nifi-standard-services/nifi-dbcp-service-api/target/classes:/home/alex/.m2/repository/com/squareup/okhttp3/okhttp/4.9.2/okhttp-4.9.2.jar:/home/alex/.m2/repository/com/squareup/okio/okio/2.8.0/okio-2.8.0.jar:/home/alex/.m2/repository/org/jetbrains/kotlin/kotlin-stdlib-common/1.4.0/kotlin-stdlib-common-1.4.0.jar:/home/alex/.m2/repository/org/jetbrains/kotlin/kotlin-stdlib/1.4.10/kotlin-stdlib-1.4.10.jar:/home/alex/.m2/repository/org/jetbrains/annotations/13.0/annotations-13.0.jar:/home/alex/.m2/repository/io/github/rburgst/okhttp-digest/2.5/okhttp-digest-2.5.jar:/home/alex/.m2/repository/at/favre/lib/bcrypt/0.9.0/bcrypt-0.9.0.jar:/home/alex/.m2/repository/at/favre/lib/bytes/1.3.0/bytes-1.3.0.jar:/home/alex/.m2/repository/com/google/guava/guava/28.0-jre/guava-28.0-jre.jar:/home/alex/.m2/repository/com/google/guava/failureaccess/1.0.1/failureaccess-1.0.1.jar:/home/alex/.m2/repository/com/google/guava/listenablefuture/9999.0-empty-to-avoid-conflict-with-guava/listenablefuture-9999.0-empty-to-avoid-conflict-with-guava.jar:/home/alex/.m2/repository/com/google/code/findbugs/jsr305/3.0.2/jsr305-3.0.2.jar:/home/alex/.m2/repository/org/checkerframework/checker-qual/2.8.1/checker-qual-2.8.1.jar:/home/alex/.m2/repository/com/google/errorprone/error_prone_annotations/2.3.2/error_prone_annotations-2.3.2.jar:/home/alex/.m2/repository/com/google/j2objc/j2objc-annotations/1.3/j2objc-annotations-1.3.jar:/home/alex/.m2/repository/org/codehaus/mojo/animal-sniffer-annotations/1.17/animal-sniffer-annotations-1.17.jar:/home/alex/Repositories/nifi/nifi-mock/target/classes:/home/alex/Repositories/nifi/nifi-framework-api/target/classes:/home/alex/Repositories/nifi/nifi-nar-bundles/nifi-framework-bundle/nifi-framework/nifi-framework-core-api/target/classes:/home/alex/Repositories/nifi/nifi-nar-bundles/nifi-framework-bundle/nifi-framework/nifi-framework-nar-utils/target/classes:/home/alex/Repositories/nifi/nifi-nar-bundles/nifi-framework-bundle/nifi-framework/nifi-client-dto/target/classes:/home/alex/.m2/repository/io/swagger/swagger-annotations/1.6.0/swagger-annotations-1.6.0.jar:/home/alex/Repositories/nifi/nifi-commons/nifi-site-to-site-client/target/classes:/home/alex/.m2/repository/org/apache/httpcomponents/httpasyncclient/4.1.4/httpasyncclient-4.1.4.jar:/home/alex/.m2/repository/org/apache/httpcomponents/httpcore-nio/4.4.10/httpcore-nio-4.4.10.jar:/home/alex/Repositories/nifi/nifi-nar-bundles/nifi-framework-bundle/nifi-framework/nifi-framework-authorization/target/classes:/home/alex/Repositories/nifi/nifi-registry/nifi-registry-core/nifi-registry-data-model/target/classes:/home/alex/Repositories/nifi/nifi-registry/nifi-registry-core/nifi-registry-revision/nifi-registry-revision-entity-model/target/classes:/home/alex/Repositories/nifi/nifi-registry/nifi-registry-core/nifi-registry-client/target/classes:/home/alex/Repositories/nifi/nifi-registry/nifi-registry-core/nifi-registry-security-utils/target/classes:/home/alex/.m2/repository/org/glassfish/jersey/core/jersey-client/2.33/jersey-client-2.33.jar:/home/alex/.m2/repository/jakarta/ws/rs/jakarta.ws.rs-api/2.1.6/jakarta.ws.rs-api-2.1.6.jar:/home/alex/.m2/repository/org/glassfish/hk2/external/jakarta.inject/2.6.1/jakarta.inject-2.6.1.jar:/home/alex/.m2/repository/org/glassfish/jersey/media/jersey-media-json-jackson/2.33/jersey-media-json-jackson-2.33.jar:/home/alex/.m2/repository/org/glassfish/jersey/ext/jersey-entity-filtering/2.33/jersey-entity-filtering-2.33.jar:/home/alex/.m2/repository/org/glassfish/jersey/inject/jersey-hk2/2.33/jersey-hk2-2.33.jar:/home/alex/.m2/repository/org/glassfish/hk2/hk2-locator/2.6.1/hk2-locator-2.6.1.jar:/home/alex/.m2/repository/org/glassfish/hk2/external/aopalliance-repackaged/2.6.1/aopalliance-repackaged-2.6.1.jar:/home/alex/.m2/repository/org/glassfish/hk2/hk2-api/2.6.1/hk2-api-2.6.1.jar:/home/alex/.m2/repository/org/glassfish/hk2/hk2-utils/2.6.1/hk2-utils-2.6.1.jar:/home/alex/.m2/repository/org/javassist/javassist/3.25.0-GA/javassist-3.25.0-GA.jar:/home/alex/.m2/repository/org/glassfish/jersey/core/jersey-common/2.33/jersey-common-2.33.jar:/home/alex/.m2/repository/jakarta/annotation/jakarta.annotation-api/1.3.5/jakarta.annotation-api-1.3.5.jar:/home/alex/.m2/repository/org/glassfish/hk2/osgi-resource-locator/1.0.3/osgi-resource-locator-1.0.3.jar:/home/alex/.m2/repository/org/glassfish/jersey/media/jersey-media-multipart/2.33/jersey-media-multipart-2.33.jar:/home/alex/.m2/repository/org/jvnet/mimepull/mimepull/1.9.13/mimepull-1.9.13.jar:/home/alex/Repositories/nifi/nifi-commons/nifi-data-provenance-utils/target/classes:/home/alex/Repositories/nifi/nifi-nar-bundles/nifi-standard-services/nifi-distributed-cache-services-bundle/nifi-distributed-cache-client-service/target/classes:/home/alex/Repositories/nifi/nifi-nar-bundles/nifi-standard-services/nifi-distributed-cache-services-bundle/nifi-distributed-cache-protocol/target/classes:/home/alex/.m2/repository/io/netty/netty-buffer/4.1.69.Final/netty-buffer-4.1.69.Final.jar:/home/alex/.m2/repository/com/google/http-client/google-http-client/1.28.0/google-http-client-1.28.0.jar:/home/alex/.m2/repository/io/opencensus/opencensus-api/0.18.0/opencensus-api-0.18.0.jar:/home/alex/.m2/repository/io/grpc/grpc-context/1.14.0/grpc-context-1.14.0.jar:/home/alex/.m2/repository/io/opencensus/opencensus-contrib-http-util/0.18.0/opencensus-contrib-http-util-0.18.0.jar:/home/alex/.m2/repository/org/apache/activemq/activemq-broker/5.15.14/activemq-broker-5.15.14.jar:/home/alex/.m2/repository/org/apache/activemq/activemq-openwire-legacy/5.15.14/activemq-openwire-legacy-5.15.14.jar:/home/alex/Repositories/nifi/nifi-nar-bundles/nifi-standard-services/nifi-ssl-context-bundle/nifi-ssl-context-service/target/classes:/home/alex/Repositories/nifi/nifi-nar-bundles/nifi-framework-bundle/nifi-framework/nifi-standard-prioritizers/target/classes:/home/alex/Repositories/nifi/nifi-nar-bundles/nifi-extension-utils/nifi-record-utils/nifi-mock-record-utils/target/classes:/home/alex/Repositories/nifi/nifi-nar-bundles/nifi-standard-services/nifi-record-serialization-services-bundle/nifi-record-serialization-services/target/classes:/home/alex/.m2/repository/org/apache/commons/commons-csv/1.8/commons-csv-1.8.jar:/home/alex/.m2/repository/com/fasterxml/jackson/dataformat/jackson-dataformat-csv/2.12.3/jackson-dataformat-csv-2.12.3.jar:/home/alex/.m2/repository/net/java/dev/stax-utils/stax-utils/20070216/stax-utils-20070216.jar:/home/alex/Repositories/nifi/nifi-nar-bundles/nifi-standard-services/nifi-lookup-services-bundle/nifi-lookup-services/target/classes:/home/alex/.m2/repository/commons-beanutils/commons-beanutils/1.9.4/commons-beanutils-1.9.4.jar:/home/alex/.m2/repository/commons-collections/commons-collections/3.2.2/commons-collections-3.2.2.jar:/home/alex/.m2/repository/com/maxmind/geoip2/geoip2/2.12.0/geoip2-2.12.0.jar:/home/alex/.m2/repository/com/maxmind/db/maxmind-db/1.2.2/maxmind-db-1.2.2.jar:/home/alex/.m2/repository/org/apache/derby/derby/10.14.2.0/derby-10.14.2.0.jar:/home/alex/.m2/repository/org/xerial/snappy/snappy-java/1.1.7.3/snappy-java-1.1.7.3.jar:/home/alex/.m2/repository/net/lingala/zip4j/zip4j/2.8.0/zip4j-2.8.0.jar:/home/alex/.m2/repository/com/h2database/h2/1.4.187/h2-1.4.187.jar:/home/alex/.m2/repository/org/mockftpserver/MockFtpServer/2.7.1/MockFtpServer-2.7.1.jar:/home/alex/.m2/repository/org/apache/sshd/sshd-core/1.7.0/sshd-core-1.7.0.jar:/home/alex/.m2/repository/com/bazaarvoice/jolt/jolt-core/0.1.1/jolt-core-0.1.1.jar:/home/alex/.m2/repository/javax/inject/javax.inject/1/javax.inject-1.jar:/home/alex/.m2/repository/com/bazaarvoice/jolt/json-utils/0.1.1/json-utils-0.1.1.jar:/home/alex/Repositories/nifi/nifi-nar-bundles/nifi-standard-bundle/nifi-standard-utils/target/classes:/home/alex/.m2/repository/net/sf/supercsv/super-csv/2.4.0/super-csv-2.4.0.jar:/home/alex/.m2/repository/com/fluenda/parcefone/2.1.0/parcefone-2.1.0.jar:/home/alex/.m2/repository/javax/validation/validation-api/1.1.0.Final/validation-api-1.1.0.Final.jar:/home/alex/.m2/repository/javax/el/javax.el-api/3.0.0/javax.el-api-3.0.0.jar:/home/alex/.m2/repository/com/github/wnameless/json/json-flattener/0.12.0/json-flattener-0.12.0.jar:/home/alex/.m2/repository/com/github/wnameless/json/json-base/2.0.0/json-base-2.0.0.jar:/home/alex/.m2/repository/org/apache/bval/bval-jsr/1.1.2/bval-jsr-1.1.2.jar:/home/alex/.m2/repository/org/apache/bval/bval-core/1.1.2/bval-core-1.1.2.jar:/home/alex/.m2/repository/io/krakens/java-grok/0.1.9/java-grok-0.1.9.jar:/home/alex/.m2/repository/org/apache/calcite/calcite-core/1.27.0/calcite-core-1.27.0.jar:/home/alex/.m2/repository/org/apache/calcite/calcite-linq4j/1.27.0/calcite-linq4j-1.27.0.jar:/home/alex/.m2/repository/com/esri/geometry/esri-geometry-api/2.2.0/esri-geometry-api-2.2.0.jar:/home/alex/.m2/repository/org/apache/calcite/avatica/avatica-core/1.18.0/avatica-core-1.18.0.jar:/home/alex/.m2/repository/org/apache/calcite/avatica/avatica-metrics/1.18.0/avatica-metrics-1.18.0.jar:/home/alex/.m2/repository/com/google/protobuf/protobuf-java/3.6.1/protobuf-java-3.6.1.jar:/home/alex/.m2/repository/org/apiguardian/apiguardian-api/1.1.0/apiguardian-api-1.1.0.jar:/home/alex/.m2/repository/com/fasterxml/jackson/dataformat/jackson-dataformat-yaml/2.10.0/jackson-dataformat-yaml-2.10.0.jar:/home/alex/.m2/repository/org/yaml/snakeyaml/1.29/snakeyaml-1.29.jar:/home/alex/.m2/repository/com/google/uzaygezen/uzaygezen-core/0.2/uzaygezen-core-0.2.jar:/home/alex/.m2/repository/com/yahoo/datasketches/sketches-core/0.9.0/sketches-core-0.9.0.jar:/home/alex/.m2/repository/com/yahoo/datasketches/memory/0.9.0/memory-0.9.0.jar:/home/alex/.m2/repository/net/hydromatic/aggdesigner-algorithm/6.0/aggdesigner-algorithm-6.0.jar:/home/alex/.m2/repository/commons-lang/commons-lang/2.4/commons-lang-2.4.jar:/home/alex/.m2/repository/org/apache/commons/commons-dbcp2/2.6.0/commons-dbcp2-2.6.0.jar:/home/alex/.m2/repository/org/apache/commons/commons-pool2/2.6.1/commons-pool2-2.6.1.jar:/home/alex/.m2/repository/org/codehaus/janino/commons-compiler/3.0.11/commons-compiler-3.0.11.jar:/home/alex/.m2/repository/org/codehaus/janino/janino/3.0.11/janino-3.0.11.jar:/home/alex/Repositories/nifi/nifi-nar-bundles/nifi-standard-services/nifi-schema-registry-service-api/target/classes:/home/alex/Repositories/nifi/nifi-nar-bundles/nifi-extension-utils/nifi-database-utils/target/classes:/home/alex/Repositories/nifi/nifi-nar-bundles/nifi-standard-bundle/nifi-standard-web-test-utils/target/classes:/home/alex/.m2/repository/com/github/stefanbirkner/fake-sftp-server-rule/2.0.1/fake-sftp-server-rule-2.0.1.jar:/home/alex/.m2/repository/com/github/marschall/memoryfilesystem/2.8.0/memoryfilesystem-2.8.0.jar:/home/alex/.m2/repository/junit/junit/4.13.2/junit-4.13.2.jar:/home/alex/.m2/repository/org/hamcrest/hamcrest-core/1.3/hamcrest-core-1.3.jar:/home/alex/Repositories/nifi/nifi-nar-bundles/nifi-extension-utils/nifi-database-test-utils/target/classes:/home/alex/.m2/repository/org/codehaus/groovy/groovy-json/2.5.14/groovy-json-2.5.14.jar:/home/alex/.m2/repository/org/codehaus/groovy/groovy/2.5.14/groovy-2.5.14.jar:/home/alex/.m2/repository/org/codehaus/groovy/groovy-servlet/2.5.14/groovy-servlet-2.5.14.jar:/home/alex/.m2/repository/org/codehaus/groovy/groovy-templates/2.5.14/groovy-templates-2.5.14.jar:/home/alex/.m2/repository/org/codehaus/groovy/groovy-xml/2.5.14/groovy-xml-2.5.14.jar:/home/alex/.m2/repository/org/hamcrest/hamcrest-all/1.3/hamcrest-all-1.3.jar:/home/alex/.m2/repository/com/squareup/okhttp3/mockwebserver/4.9.2/mockwebserver-4.9.2.jar:/home/alex/.m2/repository/org/jetbrains/kotlin/kotlin-stdlib-jdk8/1.4.10/kotlin-stdlib-jdk8-1.4.10.jar:/home/alex/.m2/repository/org/jetbrains/kotlin/kotlin-stdlib-jdk7/1.4.10/kotlin-stdlib-jdk7-1.4.10.jar:/home/alex/.m2/repository/org/mockito/mockito-inline/3.12.4/mockito-inline-3.12.4.jar:/home/alex/.m2/repository/org/junit/jupiter/junit-jupiter-api/5.7.2/junit-jupiter-api-5.7.2.jar:/home/alex/.m2/repository/org/opentest4j/opentest4j/1.2.0/opentest4j-1.2.0.jar:/home/alex/.m2/repository/org/junit/platform/junit-platform-commons/1.7.2/junit-platform-commons-1.7.2.jar:/home/alex/.m2/repository/org/junit/jupiter/junit-jupiter-engine/5.7.2/junit-jupiter-engine-5.7.2.jar:/home/alex/.m2/repository/org/junit/platform/junit-platform-engine/1.7.2/junit-platform-engine-1.7.2.jar:/home/alex/.m2/repository/org/junit/vintage/junit-vintage-engine/5.7.2/junit-vintage-engine-5.7.2.jar:/home/alex/.m2/repository/org/junit/jupiter/junit-jupiter-params/5.7.2/junit-jupiter-params-5.7.2.jar:/home/alex/.m2/repository/org/mockito/mockito-core/3.11.2/mockito-core-3.11.2.jar:/home/alex/.m2/repository/net/bytebuddy/byte-buddy/1.11.3/byte-buddy-1.11.3.jar:/home/alex/.m2/repository/net/bytebuddy/byte-buddy-agent/1.11.3/byte-buddy-agent-1.11.3.jar:/home/alex/.m2/repository/org/objenesis/objenesis/3.2/objenesis-3.2.jar:/home/alex/.m2/repository/org/mockito/mockito-junit-jupiter/3.11.2/mockito-junit-jupiter-3.11.2.jar:/home/alex/.m2/repository/org/slf4j/slf4j-simple/1.7.32/slf4j-simple-1.7.32.jar:/home/alex/.m2/repository/org/codehaus/groovy/groovy-test/2.5.14/groovy-test-2.5.14.jar:"/>
    <property name="sun.cpu.endian" value="little"/>
    <property name="user.home" value="/home/alex"/>
    <property name="user.language" value="en"/>
    <property name="java.specification.vendor" value="Oracle Corporation"/>
    <property name="java.home" value="/usr/lib/jvm/java-8-openjdk-amd64/jre"/>
    <property name="org.slf4j.simpleLogger.log.nifi.processors.standard.ExecuteStreamCommand" value="debug"/>
    <property name="basedir" value="/home/alex/Repositories/nifi/nifi-nar-bundles/nifi-standard-bundle/nifi-standard-processors"/>
    <property name="file.separator" value="/"/>
    <property name="line.separator" value="&#10;"/>
    <property name="java.vm.specification.vendor" value="Oracle Corporation"/>
    <property name="java.specification.name" value="Java Platform API Specification"/>
    <property name="derby.stream.error.file" value="target/derby.log"/>
    <property name="org.slf4j.simpleLogger.log.org.apache.nifi" value="TRACE"/>
    <property name="javax.xml.xpath.XPathFactory:http://saxon.sf.net/jaxp/xpath/om" value="net.sf.saxon.xpath.XPathFactoryImpl"/>
    <property name="java.awt.graphicsenv" value="sun.awt.X11GraphicsEnvironment"/>
    <property name="org.slf4j.simpleLogger.log.org.apache.nifi.processors.standard.SQLTransform" value="debug"/>
    <property name="java.awt.headless" value="true"/>
    <property name="org.slf4j.simpleLogger.log.nifi.processors.standard.ExecuteSQLRecord" value="debug"/>
    <property name="org.slf4j.simpleLogger.showDateTime" value="true"/>
    <property name="surefire.real.class.path" value="/home/alex/Repositories/nifi/nifi-nar-bundles/nifi-standard-bundle/nifi-standard-processors/target/surefire/surefirebooter5765390859711556220.jar"/>
    <property name="sun.boot.class.path" value="/usr/lib/jvm/java-8-openjdk-amd64/jre/lib/resources.jar:/usr/lib/jvm/java-8-openjdk-amd64/jre/lib/rt.jar:/usr/lib/jvm/java-8-openjdk-amd64/jre/lib/sunrsasign.jar:/usr/lib/jvm/java-8-openjdk-amd64/jre/lib/jsse.jar:/usr/lib/jvm/java-8-openjdk-amd64/jre/lib/jce.jar:/usr/lib/jvm/java-8-openjdk-amd64/jre/lib/charsets.jar:/usr/lib/jvm/java-8-openjdk-amd64/jre/lib/jfr.jar:/usr/lib/jvm/java-8-openjdk-amd64/jre/classes"/>
    <property name="org.slf4j.simpleLogger.log.nifi.processors.standard.TestExecuteStreamCommand" value="debug"/>
    <property name="sun.management.compiler" value="HotSpot 64-Bit Tiered Compilers"/>
    <property name="org.slf4j.simpleLogger.log.nifi.processors.standard.TestExecuteSQL" value="debug"/>
    <property name="java.runtime.version" value="1.8.0_402-8u402-ga-2ubuntu1~22.04-b06"/>
    <property name="java.net.preferIPv4Stack" value="true"/>
    <property name="user.name" value="alex"/>
    <property name="path.separator" value=":"/>
    <property name="os.version" value="6.5.0-28-generic"/>
    <property name="java.endorsed.dirs" value="/usr/lib/jvm/java-8-openjdk-amd64/jre/lib/endorsed"/>
    <property name="java.runtime.name" value="OpenJDK Runtime Environment"/>
    <property name="org.slf4j.simpleLogger.log.nifi.processors.standard.DistributeLoad" value="debug"/>
    <property name="file.encoding" value="UTF-8"/>
    <property name="org.slf4j.simpleLogger.log.org.apache.nifi.processors.standard" value="TRACE"/>
    <property name="org.slf4j.simpleLogger.log.nifi.processors.standard.ExecuteSQL" value="debug"/>
    <property name="sun.nio.ch.bugLevel" value=""/>
    <property name="java.vm.name" value="OpenJDK 64-Bit Server VM"/>
    <property name="localRepository" value="/home/alex/.m2/repository"/>
    <property name="java.vendor.url.bug" value="http://bugreport.sun.com/bugreport/"/>
    <property name="jetty.git.hash" value="8da83308eeca865e495e53ef315a249d63ba9332"/>
    <property name="java.io.tmpdir" value="/tmp"/>
    <property name="java.version" value="1.8.0_402"/>
    <property name="user.dir" value="/home/alex/Repositories/nifi/nifi-nar-bundles/nifi-standard-bundle/nifi-standard-processors"/>
    <property name="org.slf4j.simpleLogger.log.nifi.processors.standard.TestDetectDuplicate" value="debug"/>
    <property name="os.arch" value="amd64"/>
    <property name="java.vm.specification.name" value="Java Virtual Machine Specification"/>
    <property name="java.awt.printerjob" value="sun.print.PSPrinterJob"/>
    <property name="sun.os.patch.level" value="unknown"/>
    <property name="org.slf4j.simpleLogger.defaultLogLevel" value="info"/>
    <property name="java.library.path" value="/usr/java/packages/lib/amd64:/usr/lib/x86_64-linux-gnu/jni:/lib/x86_64-linux-gnu:/usr/lib/x86_64-linux-gnu:/usr/lib/jni:/lib:/usr/lib"/>
    <property name="java.vm.info" value="mixed mode"/>
    <property name="java.vendor" value="Private Build"/>
    <property name="java.vm.version" value="25.402-b06"/>
    <property name="org.slf4j.simpleLogger.log.nifi.processors.standard.DetectDuplicate" value="debug"/>
    <property name="java.specification.maintenance.version" value="5"/>
    <property name="java.ext.dirs" value="/usr/lib/jvm/java-8-openjdk-amd64/jre/lib/ext:/usr/java/packages/lib/ext"/>
    <property name="sun.io.unicode.encoding" value="UnicodeLittle"/>
    <property name="java.class.version" value="52.0"/>
  </properties>
  <testcase name="testShouldDecryptNiFiLegacySaltedCipherTextWithVariableSaltLength" classname="org.apache.nifi.security.util.crypto.PasswordBasedEncryptorGroovyTest" time="0.071">
    <system-err><![CDATA[[main] INFO org.apache.nifi.security.util.crypto.PasswordBasedEncryptorGroovyTest - Plaintext: This is a plaintext message.
[main] INFO org.apache.nifi.security.util.crypto.PasswordBasedEncryptorGroovyTest - Password: short
[main] INFO org.apache.nifi.security.util.crypto.PasswordBasedEncryptorGroovyTest - Grouped algorithms by block size: [16:[PBEWITHMD5AND128BITAES-CBC-OPENSSL, PBEWITHMD5AND192BITAES-CBC-OPENSSL, PBEWITHMD5AND256BITAES-CBC-OPENSSL, PBEWITHSHAAND128BITAES-CBC-BC, PBEWITHSHAAND192BITAES-CBC-BC, PBEWITHSHAAND256BITAES-CBC-BC, PBEWITHSHA256AND128BITAES-CBC-BC, PBEWITHSHA256AND192BITAES-CBC-BC, PBEWITHSHA256AND256BITAES-CBC-BC, PBEWITHSHAANDTWOFISH-CBC], 8:[PBEWITHMD5ANDDES, PBEWITHMD5ANDRC2, PBEWITHSHA1ANDRC2, PBEWITHSHA1ANDDES, PBEWITHSHAAND40BITRC2-CBC, PBEWITHSHAAND128BITRC2-CBC, PBEWITHSHAAND2-KEYTRIPLEDES-CBC, PBEWITHSHAAND3-KEYTRIPLEDES-CBC], 0:[PBEWITHSHAAND40BITRC4, PBEWITHSHAAND128BITRC4]]
[main] INFO org.apache.nifi.security.util.crypto.PasswordBasedEncryptorGroovyTest - Testing PBEWITHMD5AND128BITAES-CBC-OPENSSL with expected salt size 16
[main] INFO org.apache.nifi.security.util.crypto.PasswordBasedEncryptorGroovyTest - Generated legacy salt aaaaaaaaaaaaaaaaaaaaaaaaaaaaaaaa (16)
[main] INFO org.apache.nifi.security.util.crypto.PasswordBasedEncryptorGroovyTest - Cipher bytes: 2aa22cbb29a0c5049bc293d7b95c1ccdf0d3aa87f321d639628e930594126fb5
[main] INFO org.apache.nifi.security.util.crypto.PasswordBasedEncryptorGroovyTest - Complete cipher stream: aaaaaaaaaaaaaaaaaaaaaaaaaaaaaaaa2aa22cbb29a0c5049bc293d7b95c1ccdf0d3aa87f321d639628e930594126fb5
[main] INFO org.apache.nifi.security.util.crypto.PasswordBasedEncryptorGroovyTest - Decrypted: 54686973206973206120706c61696e74657874206d6573736167652e
[main] INFO org.apache.nifi.security.util.crypto.PasswordBasedEncryptorGroovyTest - Recovered: This is a plaintext message.
[main] INFO org.apache.nifi.security.util.crypto.PasswordBasedEncryptorGroovyTest - Testing PBEWITHMD5AND192BITAES-CBC-OPENSSL with expected salt size 16
[main] INFO org.apache.nifi.security.util.crypto.PasswordBasedEncryptorGroovyTest - Generated legacy salt aaaaaaaaaaaaaaaaaaaaaaaaaaaaaaaa (16)
[main] INFO org.apache.nifi.security.util.crypto.PasswordBasedEncryptorGroovyTest - Cipher bytes: 0e44369a5e9696679f4b9c933b0de51951fd857dbb41288f85d571a3c1d560dc
[main] INFO org.apache.nifi.security.util.crypto.PasswordBasedEncryptorGroovyTest - Complete cipher stream: aaaaaaaaaaaaaaaaaaaaaaaaaaaaaaaa0e44369a5e9696679f4b9c933b0de51951fd857dbb41288f85d571a3c1d560dc
[main] INFO org.apache.nifi.security.util.crypto.PasswordBasedEncryptorGroovyTest - Decrypted: 54686973206973206120706c61696e74657874206d6573736167652e
[main] INFO org.apache.nifi.security.util.crypto.PasswordBasedEncryptorGroovyTest - Recovered: This is a plaintext message.
[main] INFO org.apache.nifi.security.util.crypto.PasswordBasedEncryptorGroovyTest - Testing PBEWITHMD5AND256BITAES-CBC-OPENSSL with expected salt size 16
[main] INFO org.apache.nifi.security.util.crypto.PasswordBasedEncryptorGroovyTest - Generated legacy salt aaaaaaaaaaaaaaaaaaaaaaaaaaaaaaaa (16)
[main] INFO org.apache.nifi.security.util.crypto.PasswordBasedEncryptorGroovyTest - Cipher bytes: ee0bd96c08175fa463edb807d9f759481f84ae4e7236eac2e634b38ff9baae00
[main] INFO org.apache.nifi.security.util.crypto.PasswordBasedEncryptorGroovyTest - Complete cipher stream: aaaaaaaaaaaaaaaaaaaaaaaaaaaaaaaaee0bd96c08175fa463edb807d9f759481f84ae4e7236eac2e634b38ff9baae00
[main] INFO org.apache.nifi.security.util.crypto.PasswordBasedEncryptorGroovyTest - Decrypted: 54686973206973206120706c61696e74657874206d6573736167652e
[main] INFO org.apache.nifi.security.util.crypto.PasswordBasedEncryptorGroovyTest - Recovered: This is a plaintext message.
[main] INFO org.apache.nifi.security.util.crypto.PasswordBasedEncryptorGroovyTest - Testing PBEWITHSHAAND128BITAES-CBC-BC with expected salt size 16
[main] INFO org.apache.nifi.security.util.crypto.PasswordBasedEncryptorGroovyTest - Generated legacy salt aaaaaaaaaaaaaaaaaaaaaaaaaaaaaaaa (16)
[main] INFO org.apache.nifi.security.util.crypto.PasswordBasedEncryptorGroovyTest - Cipher bytes: 1c9234bd14899bd8cbe4c57022c6821cd2cf1b5266d02839e63a174b63a713ef
[main] INFO org.apache.nifi.security.util.crypto.PasswordBasedEncryptorGroovyTest - Complete cipher stream: aaaaaaaaaaaaaaaaaaaaaaaaaaaaaaaa1c9234bd14899bd8cbe4c57022c6821cd2cf1b5266d02839e63a174b63a713ef
[main] INFO org.apache.nifi.security.util.crypto.PasswordBasedEncryptorGroovyTest - Decrypted: 54686973206973206120706c61696e74657874206d6573736167652e
[main] INFO org.apache.nifi.security.util.crypto.PasswordBasedEncryptorGroovyTest - Recovered: This is a plaintext message.
[main] INFO org.apache.nifi.security.util.crypto.PasswordBasedEncryptorGroovyTest - Testing PBEWITHSHAAND192BITAES-CBC-BC with expected salt size 16
[main] INFO org.apache.nifi.security.util.crypto.PasswordBasedEncryptorGroovyTest - Generated legacy salt aaaaaaaaaaaaaaaaaaaaaaaaaaaaaaaa (16)
[main] INFO org.apache.nifi.security.util.crypto.PasswordBasedEncryptorGroovyTest - Cipher bytes: 5b42b427ee54f9c0933fa7544d12fe17f6665a06a80e2ef222c58ae7f785002b
[main] INFO org.apache.nifi.security.util.crypto.PasswordBasedEncryptorGroovyTest - Complete cipher stream: aaaaaaaaaaaaaaaaaaaaaaaaaaaaaaaa5b42b427ee54f9c0933fa7544d12fe17f6665a06a80e2ef222c58ae7f785002b
[main] INFO org.apache.nifi.security.util.crypto.PasswordBasedEncryptorGroovyTest - Decrypted: 54686973206973206120706c61696e74657874206d6573736167652e
[main] INFO org.apache.nifi.security.util.crypto.PasswordBasedEncryptorGroovyTest - Recovered: This is a plaintext message.
[main] INFO org.apache.nifi.security.util.crypto.PasswordBasedEncryptorGroovyTest - Testing PBEWITHSHAAND256BITAES-CBC-BC with expected salt size 16
[main] INFO org.apache.nifi.security.util.crypto.PasswordBasedEncryptorGroovyTest - Generated legacy salt aaaaaaaaaaaaaaaaaaaaaaaaaaaaaaaa (16)
[main] INFO org.apache.nifi.security.util.crypto.PasswordBasedEncryptorGroovyTest - Cipher bytes: 8f2cb7642afdf577f037c28af7cf5560baeb32390e884cc792ab693bb497e7ba
[main] INFO org.apache.nifi.security.util.crypto.PasswordBasedEncryptorGroovyTest - Complete cipher stream: aaaaaaaaaaaaaaaaaaaaaaaaaaaaaaaa8f2cb7642afdf577f037c28af7cf5560baeb32390e884cc792ab693bb497e7ba
[main] INFO org.apache.nifi.security.util.crypto.PasswordBasedEncryptorGroovyTest - Decrypted: 54686973206973206120706c61696e74657874206d6573736167652e
[main] INFO org.apache.nifi.security.util.crypto.PasswordBasedEncryptorGroovyTest - Recovered: This is a plaintext message.
[main] INFO org.apache.nifi.security.util.crypto.PasswordBasedEncryptorGroovyTest - Testing PBEWITHSHA256AND128BITAES-CBC-BC with expected salt size 16
[main] INFO org.apache.nifi.security.util.crypto.PasswordBasedEncryptorGroovyTest - Generated legacy salt aaaaaaaaaaaaaaaaaaaaaaaaaaaaaaaa (16)
[main] INFO org.apache.nifi.security.util.crypto.PasswordBasedEncryptorGroovyTest - Cipher bytes: 9db8069b6c6e6d876af183c0c83c87fd0499de119811f02e6c848cb5ed1c9d75
[main] INFO org.apache.nifi.security.util.crypto.PasswordBasedEncryptorGroovyTest - Complete cipher stream: aaaaaaaaaaaaaaaaaaaaaaaaaaaaaaaa9db8069b6c6e6d876af183c0c83c87fd0499de119811f02e6c848cb5ed1c9d75
[main] INFO org.apache.nifi.security.util.crypto.PasswordBasedEncryptorGroovyTest - Decrypted: 54686973206973206120706c61696e74657874206d6573736167652e
[main] INFO org.apache.nifi.security.util.crypto.PasswordBasedEncryptorGroovyTest - Recovered: This is a plaintext message.
[main] INFO org.apache.nifi.security.util.crypto.PasswordBasedEncryptorGroovyTest - Testing PBEWITHSHA256AND192BITAES-CBC-BC with expected salt size 16
[main] INFO org.apache.nifi.security.util.crypto.PasswordBasedEncryptorGroovyTest - Generated legacy salt aaaaaaaaaaaaaaaaaaaaaaaaaaaaaaaa (16)
[main] INFO org.apache.nifi.security.util.crypto.PasswordBasedEncryptorGroovyTest - Cipher bytes: 2631d13fb824b5da2f92b1bf09149a04dc6999a9b7beb5b9237b50c3c671247c
[main] INFO org.apache.nifi.security.util.crypto.PasswordBasedEncryptorGroovyTest - Complete cipher stream: aaaaaaaaaaaaaaaaaaaaaaaaaaaaaaaa2631d13fb824b5da2f92b1bf09149a04dc6999a9b7beb5b9237b50c3c671247c
[main] INFO org.apache.nifi.security.util.crypto.PasswordBasedEncryptorGroovyTest - Decrypted: 54686973206973206120706c61696e74657874206d6573736167652e
[main] INFO org.apache.nifi.security.util.crypto.PasswordBasedEncryptorGroovyTest - Recovered: This is a plaintext message.
[main] INFO org.apache.nifi.security.util.crypto.PasswordBasedEncryptorGroovyTest - Testing PBEWITHSHA256AND256BITAES-CBC-BC with expected salt size 16
[main] INFO org.apache.nifi.security.util.crypto.PasswordBasedEncryptorGroovyTest - Generated legacy salt aaaaaaaaaaaaaaaaaaaaaaaaaaaaaaaa (16)
[main] INFO org.apache.nifi.security.util.crypto.PasswordBasedEncryptorGroovyTest - Cipher bytes: a5d1e3d1f79c4349095bbbdd8a33803b5b33574ce383745c7427df4b050a0acd
[main] INFO org.apache.nifi.security.util.crypto.PasswordBasedEncryptorGroovyTest - Complete cipher stream: aaaaaaaaaaaaaaaaaaaaaaaaaaaaaaaaa5d1e3d1f79c4349095bbbdd8a33803b5b33574ce383745c7427df4b050a0acd
[main] INFO org.apache.nifi.security.util.crypto.PasswordBasedEncryptorGroovyTest - Decrypted: 54686973206973206120706c61696e74657874206d6573736167652e
[main] INFO org.apache.nifi.security.util.crypto.PasswordBasedEncryptorGroovyTest - Recovered: This is a plaintext message.
[main] INFO org.apache.nifi.security.util.crypto.PasswordBasedEncryptorGroovyTest - Testing PBEWITHSHAANDTWOFISH-CBC with expected salt size 16
[main] INFO org.apache.nifi.security.util.crypto.PasswordBasedEncryptorGroovyTest - Generated legacy salt aaaaaaaaaaaaaaaaaaaaaaaaaaaaaaaa (16)
[main] INFO org.apache.nifi.security.util.crypto.PasswordBasedEncryptorGroovyTest - Cipher bytes: aa9a82c609c1d86d3eb32f25804d5ba215fe544899de8693cf9bf17d816b661b
[main] INFO org.apache.nifi.security.util.crypto.PasswordBasedEncryptorGroovyTest - Complete cipher stream: aaaaaaaaaaaaaaaaaaaaaaaaaaaaaaaaaa9a82c609c1d86d3eb32f25804d5ba215fe544899de8693cf9bf17d816b661b
[main] INFO org.apache.nifi.security.util.crypto.PasswordBasedEncryptorGroovyTest - Decrypted: 54686973206973206120706c61696e74657874206d6573736167652e
[main] INFO org.apache.nifi.security.util.crypto.PasswordBasedEncryptorGroovyTest - Recovered: This is a plaintext message.
[main] INFO org.apache.nifi.security.util.crypto.PasswordBasedEncryptorGroovyTest - Testing PBEWITHMD5ANDDES with expected salt size 8
[main] INFO org.apache.nifi.security.util.crypto.PasswordBasedEncryptorGroovyTest - Generated legacy salt aaaaaaaaaaaaaaaa (8)
[main] INFO org.apache.nifi.security.util.crypto.PasswordBasedEncryptorGroovyTest - Cipher bytes: a2fa0b557bfde3043408502a9f9af11d3104aec8c8fa65c22f89cb124b34a1f2
[main] INFO org.apache.nifi.security.util.crypto.PasswordBasedEncryptorGroovyTest - Complete cipher stream: aaaaaaaaaaaaaaaaa2fa0b557bfde3043408502a9f9af11d3104aec8c8fa65c22f89cb124b34a1f2
[main] INFO org.apache.nifi.security.util.crypto.PasswordBasedEncryptorGroovyTest - Decrypted: 54686973206973206120706c61696e74657874206d6573736167652e
[main] INFO org.apache.nifi.security.util.crypto.PasswordBasedEncryptorGroovyTest - Recovered: This is a plaintext message.
[main] INFO org.apache.nifi.security.util.crypto.PasswordBasedEncryptorGroovyTest - Testing PBEWITHMD5ANDRC2 with expected salt size 8
[main] INFO org.apache.nifi.security.util.crypto.PasswordBasedEncryptorGroovyTest - Generated legacy salt aaaaaaaaaaaaaaaa (8)
[main] INFO org.apache.nifi.security.util.crypto.PasswordBasedEncryptorGroovyTest - Cipher bytes: 84515a858f99a8e64496737f1888333d2f310602b6e0e8d8aa1ede5bbd22967d
[main] INFO org.apache.nifi.security.util.crypto.PasswordBasedEncryptorGroovyTest - Complete cipher stream: aaaaaaaaaaaaaaaa84515a858f99a8e64496737f1888333d2f310602b6e0e8d8aa1ede5bbd22967d
[main] INFO org.apache.nifi.security.util.crypto.PasswordBasedEncryptorGroovyTest - Decrypted: 54686973206973206120706c61696e74657874206d6573736167652e
[main] INFO org.apache.nifi.security.util.crypto.PasswordBasedEncryptorGroovyTest - Recovered: This is a plaintext message.
[main] INFO org.apache.nifi.security.util.crypto.PasswordBasedEncryptorGroovyTest - Testing PBEWITHSHA1ANDRC2 with expected salt size 8
[main] INFO org.apache.nifi.security.util.crypto.PasswordBasedEncryptorGroovyTest - Generated legacy salt aaaaaaaaaaaaaaaa (8)
[main] INFO org.apache.nifi.security.util.crypto.PasswordBasedEncryptorGroovyTest - Cipher bytes: 45a936e64e5f637dc5a75e6799daf62eb60943acce274f51ef727bce3966c53b
[main] INFO org.apache.nifi.security.util.crypto.PasswordBasedEncryptorGroovyTest - Complete cipher stream: aaaaaaaaaaaaaaaa45a936e64e5f637dc5a75e6799daf62eb60943acce274f51ef727bce3966c53b
[main] INFO org.apache.nifi.security.util.crypto.PasswordBasedEncryptorGroovyTest - Decrypted: 54686973206973206120706c61696e74657874206d6573736167652e
[main] INFO org.apache.nifi.security.util.crypto.PasswordBasedEncryptorGroovyTest - Recovered: This is a plaintext message.
[main] INFO org.apache.nifi.security.util.crypto.PasswordBasedEncryptorGroovyTest - Testing PBEWITHSHA1ANDDES with expected salt size 8
[main] INFO org.apache.nifi.security.util.crypto.PasswordBasedEncryptorGroovyTest - Generated legacy salt aaaaaaaaaaaaaaaa (8)
[main] INFO org.apache.nifi.security.util.crypto.PasswordBasedEncryptorGroovyTest - Cipher bytes: e7dd098e335bfd9209054f55ef8809ff98b64a104be9ff56af1db3600bafd543
[main] INFO org.apache.nifi.security.util.crypto.PasswordBasedEncryptorGroovyTest - Complete cipher stream: aaaaaaaaaaaaaaaae7dd098e335bfd9209054f55ef8809ff98b64a104be9ff56af1db3600bafd543
[main] INFO org.apache.nifi.security.util.crypto.PasswordBasedEncryptorGroovyTest - Decrypted: 54686973206973206120706c61696e74657874206d6573736167652e
[main] INFO org.apache.nifi.security.util.crypto.PasswordBasedEncryptorGroovyTest - Recovered: This is a plaintext message.
[main] INFO org.apache.nifi.security.util.crypto.PasswordBasedEncryptorGroovyTest - Testing PBEWITHSHAAND40BITRC2-CBC with expected salt size 8
[main] INFO org.apache.nifi.security.util.crypto.PasswordBasedEncryptorGroovyTest - Generated legacy salt aaaaaaaaaaaaaaaa (8)
[main] INFO org.apache.nifi.security.util.crypto.PasswordBasedEncryptorGroovyTest - Cipher bytes: bfeadb2bb03e2e1961f5d01cfc812ca66a3adcb14e6b40a8aff3d059ae8cd235
[main] INFO org.apache.nifi.security.util.crypto.PasswordBasedEncryptorGroovyTest - Complete cipher stream: aaaaaaaaaaaaaaaabfeadb2bb03e2e1961f5d01cfc812ca66a3adcb14e6b40a8aff3d059ae8cd235
[main] INFO org.apache.nifi.security.util.crypto.PasswordBasedEncryptorGroovyTest - Decrypted: 54686973206973206120706c61696e74657874206d6573736167652e
[main] INFO org.apache.nifi.security.util.crypto.PasswordBasedEncryptorGroovyTest - Recovered: This is a plaintext message.
[main] INFO org.apache.nifi.security.util.crypto.PasswordBasedEncryptorGroovyTest - Testing PBEWITHSHAAND128BITRC2-CBC with expected salt size 8
[main] INFO org.apache.nifi.security.util.crypto.PasswordBasedEncryptorGroovyTest - Generated legacy salt aaaaaaaaaaaaaaaa (8)
[main] INFO org.apache.nifi.security.util.crypto.PasswordBasedEncryptorGroovyTest - Cipher bytes: 067061440d920200a7981c50e717ef436f445cd7b79a6e33bed12b3a419e556b
[main] INFO org.apache.nifi.security.util.crypto.PasswordBasedEncryptorGroovyTest - Complete cipher stream: aaaaaaaaaaaaaaaa067061440d920200a7981c50e717ef436f445cd7b79a6e33bed12b3a419e556b
[main] INFO org.apache.nifi.security.util.crypto.PasswordBasedEncryptorGroovyTest - Decrypted: 54686973206973206120706c61696e74657874206d6573736167652e
[main] INFO org.apache.nifi.security.util.crypto.PasswordBasedEncryptorGroovyTest - Recovered: This is a plaintext message.
[main] INFO org.apache.nifi.security.util.crypto.PasswordBasedEncryptorGroovyTest - Testing PBEWITHSHAAND2-KEYTRIPLEDES-CBC with expected salt size 8
[main] INFO org.apache.nifi.security.util.crypto.PasswordBasedEncryptorGroovyTest - Generated legacy salt aaaaaaaaaaaaaaaa (8)
[main] INFO org.apache.nifi.security.util.crypto.PasswordBasedEncryptorGroovyTest - Cipher bytes: 2f6a7400eb14da01da22a16a90ffbd8814fb266aaef6150a171cecb3890c4c8b
[main] INFO org.apache.nifi.security.util.crypto.PasswordBasedEncryptorGroovyTest - Complete cipher stream: aaaaaaaaaaaaaaaa2f6a7400eb14da01da22a16a90ffbd8814fb266aaef6150a171cecb3890c4c8b
[main] INFO org.apache.nifi.security.util.crypto.PasswordBasedEncryptorGroovyTest - Decrypted: 54686973206973206120706c61696e74657874206d6573736167652e
[main] INFO org.apache.nifi.security.util.crypto.PasswordBasedEncryptorGroovyTest - Recovered: This is a plaintext message.
[main] INFO org.apache.nifi.security.util.crypto.PasswordBasedEncryptorGroovyTest - Testing PBEWITHSHAAND3-KEYTRIPLEDES-CBC with expected salt size 8
[main] INFO org.apache.nifi.security.util.crypto.PasswordBasedEncryptorGroovyTest - Generated legacy salt aaaaaaaaaaaaaaaa (8)
[main] INFO org.apache.nifi.security.util.crypto.PasswordBasedEncryptorGroovyTest - Cipher bytes: 2c99500833becb928e67ddc10d5c098f3e784c73c89f246e849473e280ce3eed
[main] INFO org.apache.nifi.security.util.crypto.PasswordBasedEncryptorGroovyTest - Complete cipher stream: aaaaaaaaaaaaaaaa2c99500833becb928e67ddc10d5c098f3e784c73c89f246e849473e280ce3eed
[main] INFO org.apache.nifi.security.util.crypto.PasswordBasedEncryptorGroovyTest - Decrypted: 54686973206973206120706c61696e74657874206d6573736167652e
[main] INFO org.apache.nifi.security.util.crypto.PasswordBasedEncryptorGroovyTest - Recovered: This is a plaintext message.
[main] INFO org.apache.nifi.security.util.crypto.PasswordBasedEncryptorGroovyTest - Testing PBEWITHSHAAND40BITRC4 with expected salt size 8
[main] INFO org.apache.nifi.security.util.crypto.PasswordBasedEncryptorGroovyTest - Generated legacy salt aaaaaaaaaaaaaaaa (8)
[main] INFO org.apache.nifi.security.util.crypto.PasswordBasedEncryptorGroovyTest - Cipher bytes: f38bf6065539f447a53617e44f8d4d240d18ae10c0ad1416d9ec74a7
[main] INFO org.apache.nifi.security.util.crypto.PasswordBasedEncryptorGroovyTest - Complete cipher stream: aaaaaaaaaaaaaaaaf38bf6065539f447a53617e44f8d4d240d18ae10c0ad1416d9ec74a7
[main] INFO org.apache.nifi.security.util.crypto.PasswordBasedEncryptorGroovyTest - Decrypted: 54686973206973206120706c61696e74657874206d6573736167652e
[main] INFO org.apache.nifi.security.util.crypto.PasswordBasedEncryptorGroovyTest - Recovered: This is a plaintext message.
[main] INFO org.apache.nifi.security.util.crypto.PasswordBasedEncryptorGroovyTest - Testing PBEWITHSHAAND128BITRC4 with expected salt size 8
[main] INFO org.apache.nifi.security.util.crypto.PasswordBasedEncryptorGroovyTest - Generated legacy salt aaaaaaaaaaaaaaaa (8)
[main] INFO org.apache.nifi.security.util.crypto.PasswordBasedEncryptorGroovyTest - Cipher bytes: cb74aea624fa11a4c65987f22e3a3b3f77820df62449b748bc697c99
[main] INFO org.apache.nifi.security.util.crypto.PasswordBasedEncryptorGroovyTest - Complete cipher stream: aaaaaaaaaaaaaaaacb74aea624fa11a4c65987f22e3a3b3f77820df62449b748bc697c99
[main] INFO org.apache.nifi.security.util.crypto.PasswordBasedEncryptorGroovyTest - Decrypted: 54686973206973206120706c61696e74657874206d6573736167652e
[main] INFO org.apache.nifi.security.util.crypto.PasswordBasedEncryptorGroovyTest - Recovered: This is a plaintext message.
]]></system-err>
  </testcase>
  <testcase name="testBcryptDecryptShouldSupportLegacyKeyDerivationProcess" classname="org.apache.nifi.security.util.crypto.PasswordBasedEncryptorGroovyTest" time="1.192">
    <system-err><![CDATA[[main] INFO org.apache.nifi.security.util.crypto.PasswordBasedEncryptorGroovyTest - Plaintext: This is a plaintext message. 
[main] INFO org.apache.nifi.security.util.crypto.PasswordBasedEncryptorGroovyTest - [TEST] Using fixed Bcrypt salt: $2a$12$POEDtOOj2HDU5EPskOK0o.
[main] DEBUG org.apache.nifi.security.util.crypto.BcryptSecureHasher - Creating Bcrypt hash with salt [450185bd0425e09156ec646e990336a8] (16 bytes)
[main] DEBUG org.apache.nifi.security.util.crypto.BcryptSecureHasher - Generated Bcrypt hash in 305 ms
[main] INFO org.apache.nifi.security.util.crypto.PasswordBasedEncryptorGroovyTest - [TEST] Raw hash output (60): 24326124313224504f4544744f4f6a32484455354550736b4f4b306f2e52644773304e783933634e6d6764664f4664476336545947314b4331517936
[main] INFO org.apache.nifi.security.util.crypto.PasswordBasedEncryptorGroovyTest - [TEST] Key digest (64): acbf33f599ad4d1f86b53046c2ef45a2f88db0d7b4868ee3e86568e50694e8099ebf5d0cea8aa64638e69d4ffa7656c1fc1899db5becf52da8b35e0197337b5c
[main] INFO org.apache.nifi.security.util.crypto.PasswordBasedEncryptorGroovyTest - [TEST] Derived key (16): acbf33f599ad4d1f86b53046c2ef45a2
[main] DEBUG org.apache.nifi.security.util.crypto.BcryptSecureHasher - Creating Bcrypt hash with salt [a4595f79bfcf0420440a4232cc4bec2d] (16 bytes)
[main] DEBUG org.apache.nifi.security.util.crypto.BcryptSecureHasher - Generated Bcrypt hash in 279 ms
[main] WARN org.apache.nifi.security.util.crypto.KeyDerivationBcryptSecureHasher - Using Legacy Key Derivation on bcrypt hash including cost and salt
[main] WARN org.apache.nifi.security.util.crypto.AESKeyedCipherProvider - An empty IV was provided of length 16 for encryption
[main] WARN org.apache.nifi.security.util.crypto.AESKeyedCipherProvider - Generating new IV. The value can be obtained in the calling code by invoking 'cipher.getIV()';
[main] INFO org.apache.nifi.security.util.crypto.PasswordBasedEncryptorGroovyTest - Cipher text (91): 243261243132246e446a64635a394e2f412f4341694777784374714a4f4e69466953414c54df62342e1d1bb86777f70daf1185e73c4e69466949563ec815661820fcad5a0cf408c3ab62e32fc410bd768ab547f7393b013cb9f3c0
[main] DEBUG org.apache.nifi.security.util.crypto.BcryptSecureHasher - Creating Bcrypt hash with salt [a4595f79bfcf0420440a4232cc4bec2d] (16 bytes)
[main] DEBUG org.apache.nifi.security.util.crypto.BcryptSecureHasher - Generated Bcrypt hash in 281 ms
[main] WARN org.apache.nifi.security.util.crypto.PasswordBasedEncryptor - Error decrypting content using Bcrypt-derived key; attempting legacy key derivation for backward compatibility
[main] DEBUG org.apache.nifi.security.util.crypto.BcryptSecureHasher - Creating Bcrypt hash with salt [a4595f79bfcf0420440a4232cc4bec2d] (16 bytes)
[main] DEBUG org.apache.nifi.security.util.crypto.BcryptSecureHasher - Generated Bcrypt hash in 280 ms
[main] WARN org.apache.nifi.security.util.crypto.KeyDerivationBcryptSecureHasher - Using Legacy Key Derivation on bcrypt hash including cost and salt
[main] INFO org.apache.nifi.security.util.crypto.PasswordBasedEncryptorGroovyTest - Plaintext (29): This is a plaintext message. 
]]></system-err>
  </testcase>
  <testcase name="testScryptSaltShouldBe16Bytes" classname="org.apache.nifi.security.util.crypto.PasswordBasedEncryptorGroovyTest" time="0.155">
    <system-err><![CDATA[[main] INFO org.apache.nifi.security.util.crypto.PasswordBasedEncryptorGroovyTest - Plaintext: This is a plaintext message. 
[main] DEBUG org.apache.nifi.security.util.crypto.ScryptSecureHasher - Calculated maximum p value as (2^32 - 1) * 32 [137438953440] / (128 * r) [1024] = 134217727
[main] DEBUG org.apache.nifi.security.util.crypto.ScryptSecureHasher - Creating 16 byte Scrypt hash with salt [06462b8a97b4bf65baab2aa6ff9b8048]
[main] DEBUG org.apache.nifi.security.util.crypto.ScryptSecureHasher - Generated Scrypt hash in 145 ms
[main] WARN org.apache.nifi.security.util.crypto.AESKeyedCipherProvider - An IV was provided of length 0 bytes for encryption but should be 16 bytes
[main] WARN org.apache.nifi.security.util.crypto.AESKeyedCipherProvider - Generating new IV. The value can be obtained in the calling code by invoking 'cipher.getIV()';
[main] INFO org.apache.nifi.security.util.crypto.PasswordBasedEncryptorGroovyTest - Cipher text (94): 24733024653038303124426b597269706530763257367179716d2f35754153414e69466953414c54f8753b3b5eaf6a6dd775fbc80178575b4e6946694956ae7ceb2c6a298049d6c47bceef65d9db6f0a3224025346f188d5d7a801f51815
[main] INFO org.apache.nifi.security.util.crypto.PasswordBasedEncryptorGroovyTest - IV delimiter starts at 56
[main] INFO org.apache.nifi.processors.standard.TestEncryptContentGroovy - Salt delimiter starts at 32
[main] INFO org.apache.nifi.processors.standard.TestEncryptContentGroovy - Extracted full salt (32): $s0$e0801$BkYripe0v2W6qyqm/5uASA
[main] INFO org.apache.nifi.processors.standard.TestEncryptContentGroovy - Full salt (32): 24733024653038303124426b597269706530763257367179716d2f3575415341
[main] INFO org.apache.nifi.processors.standard.TestEncryptContentGroovy - Raw salt (16): 06462b8a97b4bf65baab2aa6ff9b8048
[main] INFO org.apache.nifi.processors.standard.TestEncryptContentGroovy - Extracted expected raw salt (hex): 06462b8a97b4bf65baab2aa6ff9b8048
[main] INFO org.apache.nifi.security.util.crypto.PasswordBasedEncryptorGroovyTest - Extracted expected raw salt (hex): 06462b8a97b4bf65baab2aa6ff9b8048
[main] INFO org.apache.nifi.processors.standard.TestEncryptContentGroovy - Attribute: encryptcontent.action            : encrypted
[main] INFO org.apache.nifi.processors.standard.TestEncryptContentGroovy - Attribute: encryptcontent.algorithm         : AES_CBC
[main] INFO org.apache.nifi.processors.standard.TestEncryptContentGroovy - Attribute: encryptcontent.cipher_text_length: 94
[main] INFO org.apache.nifi.processors.standard.TestEncryptContentGroovy - Attribute: encryptcontent.iv                : f8753b3b5eaf6a6dd775fbc80178575b
[main] INFO org.apache.nifi.processors.standard.TestEncryptContentGroovy - Attribute: encryptcontent.iv_length         : 16
[main] INFO org.apache.nifi.processors.standard.TestEncryptContentGroovy - Attribute: encryptcontent.kdf               : SCRYPT
[main] INFO org.apache.nifi.processors.standard.TestEncryptContentGroovy - Attribute: encryptcontent.kdf_salt          : $s0$e0801$BkYripe0v2W6qyqm/5uASA
[main] INFO org.apache.nifi.processors.standard.TestEncryptContentGroovy - Attribute: encryptcontent.kdf_salt_length   : 32
[main] INFO org.apache.nifi.processors.standard.TestEncryptContentGroovy - Attribute: encryptcontent.plaintext_length  : 29
[main] INFO org.apache.nifi.processors.standard.TestEncryptContentGroovy - Attribute: encryptcontent.salt              : 06462b8a97b4bf65baab2aa6ff9b8048
[main] INFO org.apache.nifi.processors.standard.TestEncryptContentGroovy - Attribute: encryptcontent.salt_length       : 16
[main] INFO org.apache.nifi.processors.standard.TestEncryptContentGroovy - Attribute: encryptcontent.timestamp         : 2024-05-02 03:10:50.702 +0100
[main] INFO org.apache.nifi.processors.standard.TestEncryptContentGroovy - Provided timestamp 2024-05-02 03:10:50.707 +0100 -> (ms): 1714615850707
[main] INFO org.apache.nifi.processors.standard.TestEncryptContentGroovy - Parsed timestamp   2024-05-02 03:10:50.702 +0100 -> (ms): 1714615850702
]]></system-err>
  </testcase>
  <testcase name="testShouldDecryptLegacyOpenSSLUnsaltedCipherText" classname="org.apache.nifi.security.util.crypto.PasswordBasedEncryptorGroovyTest" time="0.001">
    <system-err><![CDATA[[main] INFO org.apache.nifi.security.util.crypto.PasswordBasedEncryptorGroovyTest - Plaintext: This is a plaintext message.
[main] INFO org.apache.nifi.security.util.crypto.PasswordBasedEncryptorGroovyTest - Cipher bytes: c6a76d56753fc46f66347c06de9927833596de0b7fe8e41968ec6dd7b42e00a6
[main] INFO org.apache.nifi.security.util.crypto.PasswordBasedEncryptorGroovyTest - Recovered: This is a plaintext message.
]]></system-err>
  </testcase>
  <testcase name="testBcryptKDFShouldNotAddOutputBytes" classname="org.apache.nifi.security.util.crypto.PasswordBasedEncryptorGroovyTest" time="0.568">
    <system-err><![CDATA[[main] INFO org.apache.nifi.security.util.crypto.PasswordBasedEncryptorGroovyTest - Plaintext: This is a plaintext message.This is a plaintext message.This is a plaintext message.This is a plaintext message.
[main] INFO org.apache.nifi.security.util.crypto.PasswordBasedEncryptorGroovyTest - Expected total cipher byte count: 187
[main] INFO org.apache.nifi.security.util.crypto.PasswordBasedEncryptorGroovyTest - Using Bcrypt and AES_CBC
[main] DEBUG org.apache.nifi.security.util.crypto.BcryptSecureHasher - Creating Bcrypt hash with salt [14cdd1c174178aaf229bd4fc267be046] (16 bytes)
[main] DEBUG org.apache.nifi.security.util.crypto.BcryptSecureHasher - Generated Bcrypt hash in 282 ms
[main] WARN org.apache.nifi.security.util.crypto.AESKeyedCipherProvider - An IV was provided of length 0 bytes for encryption but should be 16 bytes
[main] WARN org.apache.nifi.security.util.crypto.AESKeyedCipherProvider - Generating new IV. The value can be obtained in the calling code by invoking 'cipher.getIV()';
[main] INFO org.apache.nifi.security.util.crypto.PasswordBasedEncryptorGroovyTest - Encrypted (187): 24326124313224444b315075564f56676f36676b375236486c746550654e69466953414c547ce867e3dcc97024a50db1dbeaf808024e6946694956761cf64c0a1edcfb30ec4a84348e37e6d42a360b0aa886692f31a248ea40bf636e48f251955e0c11999d6ac1783c3f5b46ffb211bbc172a0ca9e2cf201b333319111d4ee0c1c7da067123f213220aec547b90b708a611c1eeef5b7eb75ca2e134c7a70ec8e2a8e1434cd03daea464d711d0f42b6e0d2e8b78e255bfc68ce7cdc
[main] DEBUG org.apache.nifi.security.util.crypto.BcryptSecureHasher - Creating Bcrypt hash with salt [14cdd1c174178aaf229bd4fc267be046] (16 bytes)
[main] DEBUG org.apache.nifi.security.util.crypto.BcryptSecureHasher - Generated Bcrypt hash in 281 ms
[main] INFO org.apache.nifi.security.util.crypto.PasswordBasedEncryptorGroovyTest - Recovered (112): 54686973206973206120706c61696e74657874206d6573736167652e54686973206973206120706c61696e74657874206d6573736167652e54686973206973206120706c61696e74657874206d6573736167652e54686973206973206120706c61696e74657874206d6573736167652e
[main] INFO org.apache.nifi.security.util.crypto.PasswordBasedEncryptorGroovyTest - Recovered: This is a plaintext message.This is a plaintext message.This is a plaintext message.This is a plaintext message.


]]></system-err>
  </testcase>
  <testcase name="testShouldWriteEncryptionMetadataAttributesForKDFs" classname="org.apache.nifi.security.util.crypto.PasswordBasedEncryptorGroovyTest" time="1.016">
    <system-err><![CDATA[[main] INFO org.apache.nifi.security.util.crypto.PasswordBasedEncryptorGroovyTest - Plaintext: This is a plaintext message. 
[main] DEBUG org.apache.nifi.security.util.crypto.BcryptSecureHasher - Creating Bcrypt hash with salt [2c3a60f6e8c875c4fd88ddc7cc6ce645] (16 bytes)
[main] DEBUG org.apache.nifi.security.util.crypto.BcryptSecureHasher - Generated Bcrypt hash in 279 ms
[main] WARN org.apache.nifi.security.util.crypto.AESKeyedCipherProvider - An IV was provided of length 0 bytes for encryption but should be 16 bytes
[main] WARN org.apache.nifi.security.util.crypto.AESKeyedCipherProvider - Generating new IV. The value can be obtained in the calling code by invoking 'cipher.getIV()';
[main] INFO org.apache.nifi.security.util.crypto.PasswordBasedEncryptorGroovyTest - Cipher text (91): 243261243132244a426e653773684762615237674c31467845786b504f4e69466953414c54a0a25a7eeca37f6b053358532785ba694e69466949564b82a3451b369b410c52c2acb636925f190901445e86780454fa610688ebad16
[main] INFO org.apache.nifi.security.util.crypto.PasswordBasedEncryptorGroovyTest - IV delimiter starts at 53
[main] INFO org.apache.nifi.processors.standard.TestEncryptContentGroovy - Salt delimiter starts at 29
[main] INFO org.apache.nifi.processors.standard.TestEncryptContentGroovy - Extracted full salt (29): $2a$12$JBne7shGbaR7gL1FxExkPO
[main] INFO org.apache.nifi.processors.standard.TestEncryptContentGroovy - Full salt (29): 243261243132244a426e653773684762615237674c31467845786b504f
[main] INFO org.apache.nifi.processors.standard.TestEncryptContentGroovy - Raw salt (16): 2c3a60f6e8c875c4fd88ddc7cc6ce645
[main] INFO org.apache.nifi.processors.standard.TestEncryptContentGroovy - Extracted expected raw salt (hex): 2c3a60f6e8c875c4fd88ddc7cc6ce645
[main] INFO org.apache.nifi.security.util.crypto.PasswordBasedEncryptorGroovyTest - Extracted expected raw salt (hex): 2c3a60f6e8c875c4fd88ddc7cc6ce645
[main] INFO org.apache.nifi.processors.standard.TestEncryptContentGroovy - Attribute: encryptcontent.action            : encrypted
[main] INFO org.apache.nifi.processors.standard.TestEncryptContentGroovy - Attribute: encryptcontent.algorithm         : AES_CBC
[main] INFO org.apache.nifi.processors.standard.TestEncryptContentGroovy - Attribute: encryptcontent.cipher_text_length: 91
[main] INFO org.apache.nifi.processors.standard.TestEncryptContentGroovy - Attribute: encryptcontent.iv                : a0a25a7eeca37f6b053358532785ba69
[main] INFO org.apache.nifi.processors.standard.TestEncryptContentGroovy - Attribute: encryptcontent.iv_length         : 16
[main] INFO org.apache.nifi.processors.standard.TestEncryptContentGroovy - Attribute: encryptcontent.kdf               : BCRYPT
[main] INFO org.apache.nifi.processors.standard.TestEncryptContentGroovy - Attribute: encryptcontent.kdf_salt          : $2a$12$JBne7shGbaR7gL1FxExkPO
[main] INFO org.apache.nifi.processors.standard.TestEncryptContentGroovy - Attribute: encryptcontent.kdf_salt_length   : 29
[main] INFO org.apache.nifi.processors.standard.TestEncryptContentGroovy - Attribute: encryptcontent.plaintext_length  : 29
[main] INFO org.apache.nifi.processors.standard.TestEncryptContentGroovy - Attribute: encryptcontent.salt              : 2c3a60f6e8c875c4fd88ddc7cc6ce645
[main] INFO org.apache.nifi.processors.standard.TestEncryptContentGroovy - Attribute: encryptcontent.salt_length       : 16
[main] INFO org.apache.nifi.processors.standard.TestEncryptContentGroovy - Attribute: encryptcontent.timestamp         : 2024-05-02 03:10:51.560 +0100
[main] INFO org.apache.nifi.processors.standard.TestEncryptContentGroovy - Provided timestamp 2024-05-02 03:10:51.561 +0100 -> (ms): 1714615851561
[main] INFO org.apache.nifi.processors.standard.TestEncryptContentGroovy - Parsed timestamp   2024-05-02 03:10:51.560 +0100 -> (ms): 1714615851560
[main] DEBUG org.apache.nifi.security.util.crypto.ScryptSecureHasher - Calculated maximum p value as (2^32 - 1) * 32 [137438953440] / (128 * r) [1024] = 134217727
[main] DEBUG org.apache.nifi.security.util.crypto.ScryptSecureHasher - Creating 16 byte Scrypt hash with salt [6574a1f2567c9a0212ea2def79573001]
[main] DEBUG org.apache.nifi.security.util.crypto.ScryptSecureHasher - Generated Scrypt hash in 113 ms
[main] WARN org.apache.nifi.security.util.crypto.AESKeyedCipherProvider - An IV was provided of length 0 bytes for encryption but should be 16 bytes
[main] WARN org.apache.nifi.security.util.crypto.AESKeyedCipherProvider - Generating new IV. The value can be obtained in the calling code by invoking 'cipher.getIV()';
[main] INFO org.apache.nifi.security.util.crypto.PasswordBasedEncryptorGroovyTest - Cipher text (94): 247330246530383031245a585368386c5a386d674953366933766556637741514e69466953414c548fc402ecd3eaf739e9e8a8cf07cb2efd4e6946694956c834a1270fd843fe57cb9e43288588989e6fabd2bcccfe7d1d35ddedf858e887
[main] INFO org.apache.nifi.security.util.crypto.PasswordBasedEncryptorGroovyTest - IV delimiter starts at 56
[main] INFO org.apache.nifi.processors.standard.TestEncryptContentGroovy - Salt delimiter starts at 32
[main] INFO org.apache.nifi.processors.standard.TestEncryptContentGroovy - Extracted full salt (32): $s0$e0801$ZXSh8lZ8mgIS6i3veVcwAQ
[main] INFO org.apache.nifi.processors.standard.TestEncryptContentGroovy - Full salt (32): 247330246530383031245a585368386c5a386d67495336693376655663774151
[main] INFO org.apache.nifi.processors.standard.TestEncryptContentGroovy - Raw salt (16): 6574a1f2567c9a0212ea2def79573001
[main] INFO org.apache.nifi.processors.standard.TestEncryptContentGroovy - Extracted expected raw salt (hex): 6574a1f2567c9a0212ea2def79573001
[main] INFO org.apache.nifi.security.util.crypto.PasswordBasedEncryptorGroovyTest - Extracted expected raw salt (hex): 6574a1f2567c9a0212ea2def79573001
[main] INFO org.apache.nifi.processors.standard.TestEncryptContentGroovy - Attribute: encryptcontent.action            : encrypted
[main] INFO org.apache.nifi.processors.standard.TestEncryptContentGroovy - Attribute: encryptcontent.algorithm         : AES_CBC
[main] INFO org.apache.nifi.processors.standard.TestEncryptContentGroovy - Attribute: encryptcontent.cipher_text_length: 94
[main] INFO org.apache.nifi.processors.standard.TestEncryptContentGroovy - Attribute: encryptcontent.iv                : 8fc402ecd3eaf739e9e8a8cf07cb2efd
[main] INFO org.apache.nifi.processors.standard.TestEncryptContentGroovy - Attribute: encryptcontent.iv_length         : 16
[main] INFO org.apache.nifi.processors.standard.TestEncryptContentGroovy - Attribute: encryptcontent.kdf               : SCRYPT
[main] INFO org.apache.nifi.processors.standard.TestEncryptContentGroovy - Attribute: encryptcontent.kdf_salt          : $s0$e0801$ZXSh8lZ8mgIS6i3veVcwAQ
[main] INFO org.apache.nifi.processors.standard.TestEncryptContentGroovy - Attribute: encryptcontent.kdf_salt_length   : 32
[main] INFO org.apache.nifi.processors.standard.TestEncryptContentGroovy - Attribute: encryptcontent.plaintext_length  : 29
[main] INFO org.apache.nifi.processors.standard.TestEncryptContentGroovy - Attribute: encryptcontent.salt              : 6574a1f2567c9a0212ea2def79573001
[main] INFO org.apache.nifi.processors.standard.TestEncryptContentGroovy - Attribute: encryptcontent.salt_length       : 16
[main] INFO org.apache.nifi.processors.standard.TestEncryptContentGroovy - Attribute: encryptcontent.timestamp         : 2024-05-02 03:10:51.675 +0100
[main] INFO org.apache.nifi.processors.standard.TestEncryptContentGroovy - Provided timestamp 2024-05-02 03:10:51.677 +0100 -> (ms): 1714615851677
[main] INFO org.apache.nifi.processors.standard.TestEncryptContentGroovy - Parsed timestamp   2024-05-02 03:10:51.675 +0100 -> (ms): 1714615851675
[main] DEBUG org.apache.nifi.security.util.crypto.PBKDF2CipherProvider - Resolved PRF SHA-512 to sha512
[main] DEBUG org.apache.nifi.security.util.crypto.PBKDF2SecureHasher - Validating PBKDF2 secure hasher with prf SHA-512, iteration count 160000, salt length 16 bytes, output length 16 bytes
[main] DEBUG org.apache.nifi.security.util.crypto.PBKDF2SecureHasher - Resolved PRF SHA-512 to sha512
[main] DEBUG org.apache.nifi.security.util.crypto.PBKDF2SecureHasher - The PRF is SHA-512, with a digest size (hLen) of 64 bytes
[main] DEBUG org.apache.nifi.security.util.crypto.PBKDF2SecureHasher - The max dkLength is 2147483647 bytes for hLen 64 bytes.
[main] DEBUG org.apache.nifi.security.util.crypto.PBKDF2SecureHasher - Resolved PRF SHA-512 to sha512
[main] DEBUG org.apache.nifi.security.util.crypto.PBKDF2SecureHasher - Creating PBKDF2 hash with salt [98d5ca5ea30009b0c5c373bc3771205b] (16 bytes)
[main] DEBUG org.apache.nifi.security.util.crypto.PBKDF2SecureHasher - Generated PBKDF2 hash in 261 ms
[main] WARN org.apache.nifi.security.util.crypto.AESKeyedCipherProvider - An IV was provided of length 0 bytes for encryption but should be 16 bytes
[main] WARN org.apache.nifi.security.util.crypto.AESKeyedCipherProvider - Generating new IV. The value can be obtained in the calling code by invoking 'cipher.getIV()';
[main] INFO org.apache.nifi.security.util.crypto.PasswordBasedEncryptorGroovyTest - Cipher text (78): 98d5ca5ea30009b0c5c373bc3771205b4e69466953414c5406cfc5b35cb20ba6f139e88ae361f9474e6946694956b1bfd80fb5001fb2cedf117bc473bf3c39a19ba08ab2b4a9765bc8ef40f9c883
[main] INFO org.apache.nifi.security.util.crypto.PasswordBasedEncryptorGroovyTest - IV delimiter starts at 40
[main] INFO org.apache.nifi.processors.standard.TestEncryptContentGroovy - Salt delimiter starts at 16
[main] INFO org.apache.nifi.processors.standard.TestEncryptContentGroovy - Extracted full salt (16): ���^�&amp#0;	���s�7q [
[main] INFO org.apache.nifi.processors.standard.TestEncryptContentGroovy - Full salt (16): 98d5ca5ea30009b0c5c373bc3771205b
[main] INFO org.apache.nifi.processors.standard.TestEncryptContentGroovy - Raw salt (16): 98d5ca5ea30009b0c5c373bc3771205b
[main] INFO org.apache.nifi.processors.standard.TestEncryptContentGroovy - Extracted expected raw salt (hex): 98d5ca5ea30009b0c5c373bc3771205b
[main] INFO org.apache.nifi.security.util.crypto.PasswordBasedEncryptorGroovyTest - Extracted expected raw salt (hex): 98d5ca5ea30009b0c5c373bc3771205b
[main] INFO org.apache.nifi.processors.standard.TestEncryptContentGroovy - Attribute: encryptcontent.action            : encrypted
[main] INFO org.apache.nifi.processors.standard.TestEncryptContentGroovy - Attribute: encryptcontent.algorithm         : AES_CBC
[main] INFO org.apache.nifi.processors.standard.TestEncryptContentGroovy - Attribute: encryptcontent.cipher_text_length: 78
[main] INFO org.apache.nifi.processors.standard.TestEncryptContentGroovy - Attribute: encryptcontent.iv                : 06cfc5b35cb20ba6f139e88ae361f947
[main] INFO org.apache.nifi.processors.standard.TestEncryptContentGroovy - Attribute: encryptcontent.iv_length         : 16
[main] INFO org.apache.nifi.processors.standard.TestEncryptContentGroovy - Attribute: encryptcontent.kdf               : PBKDF2
[main] INFO org.apache.nifi.processors.standard.TestEncryptContentGroovy - Attribute: encryptcontent.pbkdf2_iterations : 160000
[main] INFO org.apache.nifi.processors.standard.TestEncryptContentGroovy - Attribute: encryptcontent.plaintext_length  : 29
[main] INFO org.apache.nifi.processors.standard.TestEncryptContentGroovy - Attribute: encryptcontent.salt              : 98d5ca5ea30009b0c5c373bc3771205b
[main] INFO org.apache.nifi.processors.standard.TestEncryptContentGroovy - Attribute: encryptcontent.salt_length       : 16
[main] INFO org.apache.nifi.processors.standard.TestEncryptContentGroovy - Attribute: encryptcontent.timestamp         : 2024-05-02 03:10:51.942 +0100
[main] INFO org.apache.nifi.processors.standard.TestEncryptContentGroovy - Provided timestamp 2024-05-02 03:10:51.942 +0100 -> (ms): 1714615851942
[main] INFO org.apache.nifi.processors.standard.TestEncryptContentGroovy - Parsed timestamp   2024-05-02 03:10:51.942 +0100 -> (ms): 1714615851942
[main] WARN org.apache.nifi.security.util.crypto.AESKeyedCipherProvider - An IV was provided of length 0 bytes for encryption but should be 16 bytes
[main] WARN org.apache.nifi.security.util.crypto.AESKeyedCipherProvider - Generating new IV. The value can be obtained in the calling code by invoking 'cipher.getIV()';
[main] INFO org.apache.nifi.security.util.crypto.PasswordBasedEncryptorGroovyTest - Cipher text (115): 246172676f6e32696424763d3139246d3d36353533362c743d352c703d38247265535347305a66456d5871664c74554c70555a33514e69466953414c549627dafc649d4b9d1f2886dff79398d14e69466949560dfe083b0c906b0abfa6b4fe85303110b701faa55e940d3dc5436b581c5e2c0e
[main] INFO org.apache.nifi.security.util.crypto.PasswordBasedEncryptorGroovyTest - IV delimiter starts at 77
[main] INFO org.apache.nifi.processors.standard.TestEncryptContentGroovy - Salt delimiter starts at 53
[main] INFO org.apache.nifi.processors.standard.TestEncryptContentGroovy - Extracted full salt (53): $argon2id$v=19$m=65536,t=5,p=8$reSSG0ZfEmXqfLtULpUZ3Q
[main] INFO org.apache.nifi.processors.standard.TestEncryptContentGroovy - Full salt (53): 246172676f6e32696424763d3139246d3d36353533362c743d352c703d38247265535347305a66456d5871664c74554c70555a3351
[main] INFO org.apache.nifi.processors.standard.TestEncryptContentGroovy - Raw salt (16): ade4921b465f1265ea7cbb542e9519dd
[main] INFO org.apache.nifi.processors.standard.TestEncryptContentGroovy - Extracted expected raw salt (hex): ade4921b465f1265ea7cbb542e9519dd
[main] INFO org.apache.nifi.security.util.crypto.PasswordBasedEncryptorGroovyTest - Extracted expected raw salt (hex): ade4921b465f1265ea7cbb542e9519dd
[main] INFO org.apache.nifi.processors.standard.TestEncryptContentGroovy - Attribute: encryptcontent.action            : encrypted
[main] INFO org.apache.nifi.processors.standard.TestEncryptContentGroovy - Attribute: encryptcontent.algorithm         : AES_CBC
[main] INFO org.apache.nifi.processors.standard.TestEncryptContentGroovy - Attribute: encryptcontent.cipher_text_length: 115
[main] INFO org.apache.nifi.processors.standard.TestEncryptContentGroovy - Attribute: encryptcontent.iv                : 9627dafc649d4b9d1f2886dff79398d1
[main] INFO org.apache.nifi.processors.standard.TestEncryptContentGroovy - Attribute: encryptcontent.iv_length         : 16
[main] INFO org.apache.nifi.processors.standard.TestEncryptContentGroovy - Attribute: encryptcontent.kdf               : ARGON2
[main] INFO org.apache.nifi.processors.standard.TestEncryptContentGroovy - Attribute: encryptcontent.kdf_salt          : $argon2id$v=19$m=65536,t=5,p=8$reSSG0ZfEmXqfLtULpUZ3Q
[main] INFO org.apache.nifi.processors.standard.TestEncryptContentGroovy - Attribute: encryptcontent.kdf_salt_length   : 53
[main] INFO org.apache.nifi.processors.standard.TestEncryptContentGroovy - Attribute: encryptcontent.plaintext_length  : 29
[main] INFO org.apache.nifi.processors.standard.TestEncryptContentGroovy - Attribute: encryptcontent.salt              : ade4921b465f1265ea7cbb542e9519dd
[main] INFO org.apache.nifi.processors.standard.TestEncryptContentGroovy - Attribute: encryptcontent.salt_length       : 16
[main] INFO org.apache.nifi.processors.standard.TestEncryptContentGroovy - Attribute: encryptcontent.timestamp         : 2024-05-02 03:10:52.291 +0100
[main] INFO org.apache.nifi.processors.standard.TestEncryptContentGroovy - Provided timestamp 2024-05-02 03:10:52.292 +0100 -> (ms): 1714615852292
[main] INFO org.apache.nifi.processors.standard.TestEncryptContentGroovy - Parsed timestamp   2024-05-02 03:10:52.291 +0100 -> (ms): 1714615852291
]]></system-err>
  </testcase>
  <testcase name="testPBKDF2ShouldWriteIterationsAsAttribute" classname="org.apache.nifi.security.util.crypto.PasswordBasedEncryptorGroovyTest" time="0.224">
    <system-err><![CDATA[[main] INFO org.apache.nifi.security.util.crypto.PasswordBasedEncryptorGroovyTest - Plaintext: This is a plaintext message. 
[main] DEBUG org.apache.nifi.security.util.crypto.PBKDF2CipherProvider - Resolved PRF SHA-512 to sha512
[main] DEBUG org.apache.nifi.security.util.crypto.PBKDF2CipherProvider - Resolved PRF SHA-512 to sha512
[main] DEBUG org.apache.nifi.security.util.crypto.PBKDF2SecureHasher - Validating PBKDF2 secure hasher with prf SHA-512, iteration count 160000, salt length 16 bytes, output length 16 bytes
[main] DEBUG org.apache.nifi.security.util.crypto.PBKDF2SecureHasher - Resolved PRF SHA-512 to sha512
[main] DEBUG org.apache.nifi.security.util.crypto.PBKDF2SecureHasher - The PRF is SHA-512, with a digest size (hLen) of 64 bytes
[main] DEBUG org.apache.nifi.security.util.crypto.PBKDF2SecureHasher - The max dkLength is 2147483647 bytes for hLen 64 bytes.
[main] DEBUG org.apache.nifi.security.util.crypto.PBKDF2SecureHasher - Resolved PRF SHA-512 to sha512
[main] DEBUG org.apache.nifi.security.util.crypto.PBKDF2SecureHasher - Creating PBKDF2 hash with salt [acd715d4e5ba43f06905c4bb97831764] (16 bytes)
[main] DEBUG org.apache.nifi.security.util.crypto.PBKDF2SecureHasher - Generated PBKDF2 hash in 219 ms
[main] WARN org.apache.nifi.security.util.crypto.AESKeyedCipherProvider - An IV was provided of length 0 bytes for encryption but should be 16 bytes
[main] WARN org.apache.nifi.security.util.crypto.AESKeyedCipherProvider - Generating new IV. The value can be obtained in the calling code by invoking 'cipher.getIV()';
[main] INFO org.apache.nifi.security.util.crypto.PasswordBasedEncryptorGroovyTest - Cipher text (78): acd715d4e5ba43f06905c4bb978317644e69466953414c54e3d3c1378f1daff1e8829fca2c7b244a4e69466949568bb0669e30cdc62ceb21b950011136f37b795de3034a8c7ecba4b609af0fba8d
[main] INFO org.apache.nifi.processors.standard.TestEncryptContentGroovy - Attribute: encryptcontent.action            : encrypted
[main] INFO org.apache.nifi.processors.standard.TestEncryptContentGroovy - Attribute: encryptcontent.algorithm         : AES_CBC
[main] INFO org.apache.nifi.processors.standard.TestEncryptContentGroovy - Attribute: encryptcontent.cipher_text_length: 78
[main] INFO org.apache.nifi.processors.standard.TestEncryptContentGroovy - Attribute: encryptcontent.iv                : e3d3c1378f1daff1e8829fca2c7b244a
[main] INFO org.apache.nifi.processors.standard.TestEncryptContentGroovy - Attribute: encryptcontent.iv_length         : 16
[main] INFO org.apache.nifi.processors.standard.TestEncryptContentGroovy - Attribute: encryptcontent.kdf               : PBKDF2
[main] INFO org.apache.nifi.processors.standard.TestEncryptContentGroovy - Attribute: encryptcontent.pbkdf2_iterations : 160000
[main] INFO org.apache.nifi.processors.standard.TestEncryptContentGroovy - Attribute: encryptcontent.plaintext_length  : 29
[main] INFO org.apache.nifi.processors.standard.TestEncryptContentGroovy - Attribute: encryptcontent.salt              : acd715d4e5ba43f06905c4bb97831764
[main] INFO org.apache.nifi.processors.standard.TestEncryptContentGroovy - Attribute: encryptcontent.salt_length       : 16
[main] INFO org.apache.nifi.processors.standard.TestEncryptContentGroovy - Attribute: encryptcontent.timestamp         : 2024-05-02 03:10:52.516 +0100
]]></system-err>
  </testcase>
  <testcase name="testShouldDecryptLegacyOpenSSLSaltedCipherText" classname="org.apache.nifi.security.util.crypto.PasswordBasedEncryptorGroovyTest" time="0.002">
    <system-err><![CDATA[[main] INFO org.apache.nifi.security.util.crypto.PasswordBasedEncryptorGroovyTest - Plaintext: This is a plaintext message.
[main] INFO org.apache.nifi.security.util.crypto.PasswordBasedEncryptorGroovyTest - Cipher bytes: 53616c7465645f5f21438236c07935d1ee12efde908d967d0433e2fc242fcd73e24241af40c095833c5d7481d4c14cf8
[main] INFO org.apache.nifi.security.util.crypto.PasswordBasedEncryptorGroovyTest - Recovered: This is a plaintext message.
]]></system-err>
  </testcase>
  <testcase name="testShouldEncryptAndDecrypt" classname="org.apache.nifi.security.util.crypto.PasswordBasedEncryptorGroovyTest" time="1.22">
    <system-err><![CDATA[[main] INFO org.apache.nifi.security.util.crypto.PasswordBasedEncryptorGroovyTest - Plaintext: This is a plaintext message.
[main] INFO org.apache.nifi.security.util.crypto.PasswordBasedEncryptorGroovyTest - Using OpenSSL EVP_BytesToKey and MD5_128AES
[main] INFO org.apache.nifi.security.util.crypto.PasswordBasedEncryptorGroovyTest - Encrypted: 53616c7465645f5f979a2347a4e272f750c991b83c40f759f4b687ae232327e4ad3054fc1c2c73c201813f30c613ef27
[main] INFO org.apache.nifi.security.util.crypto.PasswordBasedEncryptorGroovyTest - Recovered: This is a plaintext message.


[main] INFO org.apache.nifi.security.util.crypto.PasswordBasedEncryptorGroovyTest - Using NiFi Legacy KDF and MD5_128AES
[main] INFO org.apache.nifi.security.util.crypto.PasswordBasedEncryptorGroovyTest - Encrypted: d6b58ad6df66d9876234edec967caa44c85853dfac659bd6c5566ab7a0ce8ce2cd878192a754c491aeef0231d9353ec5
[main] INFO org.apache.nifi.security.util.crypto.PasswordBasedEncryptorGroovyTest - Recovered: This is a plaintext message.


[main] INFO org.apache.nifi.security.util.crypto.PasswordBasedEncryptorGroovyTest - Using Bcrypt and AES_CBC
[main] DEBUG org.apache.nifi.security.util.crypto.BcryptSecureHasher - Creating Bcrypt hash with salt [e45f2531a0fad02dd7ab12e1b80786ff] (16 bytes)
[main] DEBUG org.apache.nifi.security.util.crypto.BcryptSecureHasher - Generated Bcrypt hash in 282 ms
[main] WARN org.apache.nifi.security.util.crypto.AESKeyedCipherProvider - An IV was provided of length 0 bytes for encryption but should be 16 bytes
[main] WARN org.apache.nifi.security.util.crypto.AESKeyedCipherProvider - Generating new IV. The value can be obtained in the calling code by invoking 'cipher.getIV()';
[main] INFO org.apache.nifi.security.util.crypto.PasswordBasedEncryptorGroovyTest - Encrypted: 243261243132243344366a4b594234794131566f764a66732e634539754e69466953414c54eb2865192d05335ed67c3cc03617ba614e6946694956f8c3968881669bde9d76753e9f39e29563fae400f052772bfc74b8f7c72c47be
[main] DEBUG org.apache.nifi.security.util.crypto.BcryptSecureHasher - Creating Bcrypt hash with salt [e45f2531a0fad02dd7ab12e1b80786ff] (16 bytes)
[main] DEBUG org.apache.nifi.security.util.crypto.BcryptSecureHasher - Generated Bcrypt hash in 279 ms
[main] INFO org.apache.nifi.security.util.crypto.PasswordBasedEncryptorGroovyTest - Recovered: This is a plaintext message.


[main] INFO org.apache.nifi.security.util.crypto.PasswordBasedEncryptorGroovyTest - Using Scrypt and AES_CBC
[main] DEBUG org.apache.nifi.security.util.crypto.ScryptSecureHasher - Calculated maximum p value as (2^32 - 1) * 32 [137438953440] / (128 * r) [1024] = 134217727
[main] DEBUG org.apache.nifi.security.util.crypto.ScryptSecureHasher - Creating 16 byte Scrypt hash with salt [5c35ab75bb77a3fc2e9ab61d9351458e]
[main] DEBUG org.apache.nifi.security.util.crypto.ScryptSecureHasher - Generated Scrypt hash in 102 ms
[main] WARN org.apache.nifi.security.util.crypto.AESKeyedCipherProvider - An IV was provided of length 0 bytes for encryption but should be 16 bytes
[main] WARN org.apache.nifi.security.util.crypto.AESKeyedCipherProvider - Generating new IV. The value can be obtained in the calling code by invoking 'cipher.getIV()';
[main] INFO org.apache.nifi.security.util.crypto.PasswordBasedEncryptorGroovyTest - Encrypted: 2473302465303830312458445772646274336f2f77756d7259646b3146466a674e69466953414c5429f5b33f628bf99f97576ebdceaf989c4e694669495612cc249609d8431cfb4eb4c1b72e1c814af4a6f445acc4047afb217149bb1aee
[main] DEBUG org.apache.nifi.security.util.crypto.ScryptSecureHasher - Calculated maximum p value as (2^32 - 1) * 32 [137438953440] / (128 * r) [1024] = 134217727
[main] DEBUG org.apache.nifi.security.util.crypto.ScryptSecureHasher - Creating 16 byte Scrypt hash with salt [5c35ab75bb77a3fc2e9ab61d9351458e]
[main] DEBUG org.apache.nifi.security.util.crypto.ScryptSecureHasher - Generated Scrypt hash in 122 ms
[main] INFO org.apache.nifi.security.util.crypto.PasswordBasedEncryptorGroovyTest - Recovered: This is a plaintext message.


[main] INFO org.apache.nifi.security.util.crypto.PasswordBasedEncryptorGroovyTest - Using PBKDF2 and AES_CBC
[main] DEBUG org.apache.nifi.security.util.crypto.PBKDF2CipherProvider - Resolved PRF SHA-512 to sha512
[main] DEBUG org.apache.nifi.security.util.crypto.PBKDF2SecureHasher - Validating PBKDF2 secure hasher with prf SHA-512, iteration count 160000, salt length 16 bytes, output length 16 bytes
[main] DEBUG org.apache.nifi.security.util.crypto.PBKDF2SecureHasher - Resolved PRF SHA-512 to sha512
[main] DEBUG org.apache.nifi.security.util.crypto.PBKDF2SecureHasher - The PRF is SHA-512, with a digest size (hLen) of 64 bytes
[main] DEBUG org.apache.nifi.security.util.crypto.PBKDF2SecureHasher - The max dkLength is 2147483647 bytes for hLen 64 bytes.
[main] DEBUG org.apache.nifi.security.util.crypto.PBKDF2SecureHasher - Resolved PRF SHA-512 to sha512
[main] DEBUG org.apache.nifi.security.util.crypto.PBKDF2SecureHasher - Creating PBKDF2 hash with salt [3b86cb3ea08045d524189453513e77df] (16 bytes)
[main] DEBUG org.apache.nifi.security.util.crypto.PBKDF2SecureHasher - Generated PBKDF2 hash in 215 ms
[main] WARN org.apache.nifi.security.util.crypto.AESKeyedCipherProvider - An IV was provided of length 0 bytes for encryption but should be 16 bytes
[main] WARN org.apache.nifi.security.util.crypto.AESKeyedCipherProvider - Generating new IV. The value can be obtained in the calling code by invoking 'cipher.getIV()';
[main] INFO org.apache.nifi.security.util.crypto.PasswordBasedEncryptorGroovyTest - Encrypted: 3b86cb3ea08045d524189453513e77df4e69466953414c54ac8379ebc6be297a8df01669ccf22afa4e6946694956a764f3741f4b09abfd158f93d7aae1afdaff5ea6dbdee4ed2f9c1e63db86d8a3
[main] DEBUG org.apache.nifi.security.util.crypto.PBKDF2CipherProvider - Resolved PRF SHA-512 to sha512
[main] DEBUG org.apache.nifi.security.util.crypto.PBKDF2SecureHasher - Validating PBKDF2 secure hasher with prf SHA-512, iteration count 160000, salt length 16 bytes, output length 16 bytes
[main] DEBUG org.apache.nifi.security.util.crypto.PBKDF2SecureHasher - Resolved PRF SHA-512 to sha512
[main] DEBUG org.apache.nifi.security.util.crypto.PBKDF2SecureHasher - The PRF is SHA-512, with a digest size (hLen) of 64 bytes
[main] DEBUG org.apache.nifi.security.util.crypto.PBKDF2SecureHasher - The max dkLength is 2147483647 bytes for hLen 64 bytes.
[main] DEBUG org.apache.nifi.security.util.crypto.PBKDF2SecureHasher - Resolved PRF SHA-512 to sha512
[main] DEBUG org.apache.nifi.security.util.crypto.PBKDF2SecureHasher - Creating PBKDF2 hash with salt [3b86cb3ea08045d524189453513e77df] (16 bytes)
[main] DEBUG org.apache.nifi.security.util.crypto.PBKDF2SecureHasher - Generated PBKDF2 hash in 210 ms
[main] INFO org.apache.nifi.security.util.crypto.PasswordBasedEncryptorGroovyTest - Recovered: This is a plaintext message.


]]></system-err>
  </testcase>
</testsuite>