<?xml version="1.0" encoding="UTF-8"?>
<testsuite xmlns:xsi="http://www.w3.org/2001/XMLSchema-instance" xsi:noNamespaceSchemaLocation="https://maven.apache.org/surefire/maven-surefire-plugin/xsd/surefire-test-report-3.0.xsd" version="3.0" name="org.apache.nifi.authorization.FileAuthorizerTest" time="0.908" tests="53" errors="0" skipped="0" failures="0">
  <properties>
    <property name="sun.desktop" value="gnome"/>
    <property name="awt.toolkit" value="sun.awt.X11.XToolkit"/>
    <property name="file.encoding.pkg" value="sun.io"/>
    <property name="java.specification.version" value="1.8"/>
    <property name="sun.cpu.isalist" value=""/>
    <property name="sun.jnu.encoding" value="UTF-8"/>
    <property name="java.class.path" value="/home/alex/Repositories/nifi/nifi-nar-bundles/nifi-framework-bundle/nifi-framework/nifi-file-authorizer/target/test-classes:/home/alex/Repositories/nifi/nifi-nar-bundles/nifi-framework-bundle/nifi-framework/nifi-file-authorizer/target/classes:/home/alex/Repositories/nifi/nifi-api/target/classes:/home/alex/Repositories/nifi/nifi-framework-api/target/classes:/home/alex/Repositories/nifi/nifi-commons/nifi-utils/target/classes:/home/alex/Repositories/nifi/nifi-commons/nifi-security-utils/target/classes:/home/alex/Repositories/nifi/nifi-commons/nifi-security-utils-api/target/classes:/home/alex/Repositories/nifi/nifi-commons/nifi-security-kms/target/classes:/home/alex/.m2/repository/org/bouncycastle/bcprov-jdk15on/1.69/bcprov-jdk15on-1.69.jar:/home/alex/.m2/repository/org/bouncycastle/bcpkix-jdk15on/1.69/bcpkix-jdk15on-1.69.jar:/home/alex/.m2/repository/org/bouncycastle/bcutil-jdk15on/1.69/bcutil-jdk15on-1.69.jar:/home/alex/.m2/repository/at/favre/lib/bcrypt/0.9.0/bcrypt-0.9.0.jar:/home/alex/.m2/repository/at/favre/lib/bytes/1.3.0/bytes-1.3.0.jar:/home/alex/.m2/repository/org/apache/commons/commons-configuration2/2.7/commons-configuration2-2.7.jar:/home/alex/Repositories/nifi/nifi-commons/nifi-properties/target/classes:/home/alex/Repositories/nifi/nifi-commons/nifi-property-utils/target/classes:/home/alex/.m2/repository/org/apache/commons/commons-lang3/3.9/commons-lang3-3.9.jar:/home/alex/Repositories/nifi/nifi-nar-bundles/nifi-framework-bundle/nifi-framework/nifi-framework-authorization/target/classes:/home/alex/Repositories/nifi/nifi-nar-bundles/nifi-framework-bundle/nifi-framework/nifi-framework-core/target/classes:/home/alex/Repositories/nifi/nifi-nar-bundles/nifi-framework-bundle/nifi-framework/nifi-framework-core-api/target/classes:/home/alex/Repositories/nifi/nifi-nar-bundles/nifi-framework-bundle/nifi-framework/nifi-framework-nar-utils/target/classes:/home/alex/Repositories/nifi/nifi-nar-bundles/nifi-framework-bundle/nifi-framework/nifi-properties-loader/target/classes:/home/alex/Repositories/nifi/nifi-commons/nifi-sensitive-property-provider/target/classes:/home/alex/.m2/repository/software/amazon/awssdk/kms/2.17.1/kms-2.17.1.jar:/home/alex/.m2/repository/software/amazon/awssdk/aws-json-protocol/2.17.1/aws-json-protocol-2.17.1.jar:/home/alex/.m2/repository/software/amazon/awssdk/third-party-jackson-core/2.17.1/third-party-jackson-core-2.17.1.jar:/home/alex/.m2/repository/software/amazon/awssdk/json-utils/2.17.1/json-utils-2.17.1.jar:/home/alex/.m2/repository/software/amazon/awssdk/protocol-core/2.17.1/protocol-core-2.17.1.jar:/home/alex/.m2/repository/software/amazon/awssdk/sdk-core/2.17.1/sdk-core-2.17.1.jar:/home/alex/.m2/repository/software/amazon/awssdk/profiles/2.17.1/profiles-2.17.1.jar:/home/alex/.m2/repository/org/reactivestreams/reactive-streams/1.0.3/reactive-streams-1.0.3.jar:/home/alex/.m2/repository/software/amazon/awssdk/auth/2.17.1/auth-2.17.1.jar:/home/alex/.m2/repository/software/amazon/eventstream/eventstream/1.0.1/eventstream-1.0.1.jar:/home/alex/.m2/repository/software/amazon/awssdk/http-client-spi/2.17.1/http-client-spi-2.17.1.jar:/home/alex/.m2/repository/software/amazon/awssdk/regions/2.17.1/regions-2.17.1.jar:/home/alex/.m2/repository/software/amazon/awssdk/annotations/2.17.1/annotations-2.17.1.jar:/home/alex/.m2/repository/software/amazon/awssdk/utils/2.17.1/utils-2.17.1.jar:/home/alex/.m2/repository/software/amazon/awssdk/aws-core/2.17.1/aws-core-2.17.1.jar:/home/alex/.m2/repository/software/amazon/awssdk/metrics-spi/2.17.1/metrics-spi-2.17.1.jar:/home/alex/.m2/repository/software/amazon/awssdk/secretsmanager/2.17.1/secretsmanager-2.17.1.jar:/home/alex/.m2/repository/com/azure/azure-security-keyvault-secrets/4.3.3/azure-security-keyvault-secrets-4.3.3.jar:/home/alex/.m2/repository/com/azure/azure-core/1.20.0/azure-core-1.20.0.jar:/home/alex/.m2/repository/com/fasterxml/jackson/datatype/jackson-datatype-jsr310/2.12.4/jackson-datatype-jsr310-2.12.4.jar:/home/alex/.m2/repository/com/fasterxml/jackson/dataformat/jackson-dataformat-xml/2.12.4/jackson-dataformat-xml-2.12.4.jar:/home/alex/.m2/repository/io/projectreactor/reactor-core/3.4.9/reactor-core-3.4.9.jar:/home/alex/.m2/repository/com/azure/azure-security-keyvault-keys/4.3.3/azure-security-keyvault-keys-4.3.3.jar:/home/alex/.m2/repository/com/azure/azure-identity/1.3.4/azure-identity-1.3.4.jar:/home/alex/.m2/repository/com/microsoft/azure/msal4j/1.10.1/msal4j-1.10.1.jar:/home/alex/.m2/repository/com/nimbusds/oauth2-oidc-sdk/9.10.2/oauth2-oidc-sdk-9.10.2.jar:/home/alex/.m2/repository/com/github/stephenc/jcip/jcip-annotations/1.0-1/jcip-annotations-1.0-1.jar:/home/alex/.m2/repository/com/nimbusds/content-type/2.1/content-type-2.1.jar:/home/alex/.m2/repository/com/nimbusds/lang-tag/1.5/lang-tag-1.5.jar:/home/alex/.m2/repository/com/nimbusds/nimbus-jose-jwt/9.11.2/nimbus-jose-jwt-9.11.2.jar:/home/alex/.m2/repository/com/microsoft/azure/msal4j-persistence-extension/1.1.0/msal4j-persistence-extension-1.1.0.jar:/home/alex/.m2/repository/com/azure/azure-core-http-okhttp/1.7.1/azure-core-http-okhttp-1.7.1.jar:/home/alex/.m2/repository/com/squareup/okhttp3/okhttp/4.8.1/okhttp-4.8.1.jar:/home/alex/.m2/repository/com/squareup/okio/okio/2.7.0/okio-2.7.0.jar:/home/alex/.m2/repository/org/jetbrains/kotlin/kotlin-stdlib-common/1.3.70/kotlin-stdlib-common-1.3.70.jar:/home/alex/.m2/repository/org/jetbrains/kotlin/kotlin-stdlib/1.3.72/kotlin-stdlib-1.3.72.jar:/home/alex/.m2/repository/software/amazon/awssdk/url-connection-client/2.17.1/url-connection-client-2.17.1.jar:/home/alex/.m2/repository/com/google/cloud/google-cloud-kms/2.0.2/google-cloud-kms-2.0.2.jar:/home/alex/.m2/repository/io/grpc/grpc-api/1.40.0/grpc-api-1.40.0.jar:/home/alex/.m2/repository/io/grpc/grpc-context/1.40.0/grpc-context-1.40.0.jar:/home/alex/.m2/repository/com/google/code/findbugs/jsr305/3.0.2/jsr305-3.0.2.jar:/home/alex/.m2/repository/io/grpc/grpc-stub/1.40.0/grpc-stub-1.40.0.jar:/home/alex/.m2/repository/io/grpc/grpc-protobuf/1.40.0/grpc-protobuf-1.40.0.jar:/home/alex/.m2/repository/io/grpc/grpc-protobuf-lite/1.40.0/grpc-protobuf-lite-1.40.0.jar:/home/alex/.m2/repository/com/google/api/api-common/2.0.1/api-common-2.0.1.jar:/home/alex/.m2/repository/com/google/auto/value/auto-value-annotations/1.8.2/auto-value-annotations-1.8.2.jar:/home/alex/.m2/repository/com/google/protobuf/protobuf-java/3.17.3/protobuf-java-3.17.3.jar:/home/alex/.m2/repository/com/google/api/grpc/proto-google-common-protos/2.3.2/proto-google-common-protos-2.3.2.jar:/home/alex/.m2/repository/com/google/api/grpc/proto-google-cloud-kms-v1/0.91.2/proto-google-cloud-kms-v1-0.91.2.jar:/home/alex/.m2/repository/com/google/guava/failureaccess/1.0.1/failureaccess-1.0.1.jar:/home/alex/.m2/repository/com/google/guava/listenablefuture/9999.0-empty-to-avoid-conflict-with-guava/listenablefuture-9999.0-empty-to-avoid-conflict-with-guava.jar:/home/alex/.m2/repository/com/google/j2objc/j2objc-annotations/1.3/j2objc-annotations-1.3.jar:/home/alex/.m2/repository/com/google/api/gax/2.3.0/gax-2.3.0.jar:/home/alex/.m2/repository/io/opencensus/opencensus-api/0.28.0/opencensus-api-0.28.0.jar:/home/alex/.m2/repository/com/google/api/gax-grpc/2.3.0/gax-grpc-2.3.0.jar:/home/alex/.m2/repository/com/google/auth/google-auth-library-credentials/1.1.0/google-auth-library-credentials-1.1.0.jar:/home/alex/.m2/repository/io/grpc/grpc-netty-shaded/1.40.0/grpc-netty-shaded-1.40.0.jar:/home/alex/.m2/repository/io/perfmark/perfmark-api/0.23.0/perfmark-api-0.23.0.jar:/home/alex/.m2/repository/io/grpc/grpc-core/1.40.0/grpc-core-1.40.0.jar:/home/alex/.m2/repository/com/google/android/annotations/4.1.1.4/annotations-4.1.1.4.jar:/home/alex/.m2/repository/org/codehaus/mojo/animal-sniffer-annotations/1.20/animal-sniffer-annotations-1.20.jar:/home/alex/.m2/repository/io/grpc/grpc-alts/1.40.0/grpc-alts-1.40.0.jar:/home/alex/.m2/repository/io/grpc/grpc-grpclb/1.40.0/grpc-grpclb-1.40.0.jar:/home/alex/.m2/repository/com/google/protobuf/protobuf-java-util/3.17.3/protobuf-java-util-3.17.3.jar:/home/alex/.m2/repository/org/conscrypt/conscrypt-openjdk-uber/2.5.1/conscrypt-openjdk-uber-2.5.1.jar:/home/alex/.m2/repository/org/threeten/threetenbp/1.5.1/threetenbp-1.5.1.jar:/home/alex/.m2/repository/io/grpc/grpc-auth/1.40.0/grpc-auth-1.40.0.jar:/home/alex/.m2/repository/com/google/api/grpc/proto-google-iam-v1/1.0.14/proto-google-iam-v1-1.0.14.jar:/home/alex/.m2/repository/com/google/auth/google-auth-library-oauth2-http/1.1.0/google-auth-library-oauth2-http-1.1.0.jar:/home/alex/.m2/repository/com/google/http-client/google-http-client/1.39.2/google-http-client-1.39.2.jar:/home/alex/.m2/repository/io/opencensus/opencensus-contrib-http-util/0.28.0/opencensus-contrib-http-util-0.28.0.jar:/home/alex/.m2/repository/com/google/http-client/google-http-client-gson/1.39.2/google-http-client-gson-1.39.2.jar:/home/alex/.m2/repository/com/google/code/gson/gson/2.8.8/gson-2.8.8.jar:/home/alex/Repositories/nifi/nifi-commons/nifi-vault-utils/target/classes:/home/alex/.m2/repository/org/springframework/vault/spring-vault-core/2.3.2/spring-vault-core-2.3.2.jar:/home/alex/.m2/repository/org/springframework/spring-web/5.3.11/spring-web-5.3.11.jar:/home/alex/Repositories/nifi/nifi-nar-bundles/nifi-framework-bundle/nifi-framework/nifi-framework-components/target/classes:/home/alex/Repositories/nifi/nifi-commons/nifi-web-utils/target/classes:/home/alex/.m2/repository/org/quartz-scheduler/quartz/2.3.2/quartz-2.3.2.jar:/home/alex/.m2/repository/com/mchange/c3p0/0.9.5.4/c3p0-0.9.5.4.jar:/home/alex/.m2/repository/com/mchange/mchange-commons-java/0.2.15/mchange-commons-java-0.2.15.jar:/home/alex/.m2/repository/com/zaxxer/HikariCP-java7/2.4.13/HikariCP-java7-2.4.13.jar:/home/alex/Repositories/nifi/nifi-commons/nifi-property-encryptor/target/classes:/home/alex/Repositories/nifi/nifi-commons/nifi-schema-utils/target/classes:/home/alex/Repositories/nifi/nifi-nar-bundles/nifi-framework-bundle/nifi-framework/nifi-repository-models/target/classes:/home/alex/Repositories/nifi/nifi-commons/nifi-repository-encryption/target/classes:/home/alex/Repositories/nifi/nifi-nar-bundles/nifi-framework-bundle/nifi-framework/nifi-site-to-site/target/classes:/home/alex/Repositories/nifi/nifi-nar-bundles/nifi-framework-bundle/nifi-framework/nifi-framework-cluster-protocol/target/classes:/home/alex/Repositories/nifi/nifi-commons/nifi-socket-utils/target/classes:/home/alex/.m2/repository/commons-net/commons-net/3.6/commons-net-3.6.jar:/home/alex/.m2/repository/com/fasterxml/jackson/module/jackson-module-jaxb-annotations/2.12.3/jackson-module-jaxb-annotations-2.12.3.jar:/home/alex/.m2/repository/jakarta/xml/bind/jakarta.xml.bind-api/2.3.2/jakarta.xml.bind-api-2.3.2.jar:/home/alex/.m2/repository/jakarta/activation/jakarta.activation-api/1.2.1/jakarta.activation-api-1.2.1.jar:/home/alex/Repositories/nifi/nifi-commons/nifi-logging-utils/target/classes:/home/alex/Repositories/nifi/nifi-nar-bundles/nifi-framework-bundle/nifi-framework/nifi-client-dto/target/classes:/home/alex/.m2/repository/io/swagger/swagger-annotations/1.6.0/swagger-annotations-1.6.0.jar:/home/alex/Repositories/nifi/nifi-commons/nifi-site-to-site-client/target/classes:/home/alex/.m2/repository/org/apache/httpcomponents/httpclient/4.5.5/httpclient-4.5.5.jar:/home/alex/.m2/repository/org/apache/httpcomponents/httpcore/4.4.9/httpcore-4.4.9.jar:/home/alex/.m2/repository/org/apache/httpcomponents/httpasyncclient/4.1.4/httpasyncclient-4.1.4.jar:/home/alex/.m2/repository/org/apache/httpcomponents/httpcore-nio/4.4.10/httpcore-nio-4.4.10.jar:/home/alex/Repositories/nifi/nifi-nar-bundles/nifi-framework-bundle/nifi-framework/nifi-administration/target/classes:/home/alex/Repositories/nifi/nifi-nar-bundles/nifi-framework-bundle/nifi-framework/nifi-user-actions/target/classes:/home/alex/.m2/repository/org/springframework/spring-aop/5.3.11/spring-aop-5.3.11.jar:/home/alex/.m2/repository/org/aspectj/aspectjweaver/1.9.6/aspectjweaver-1.9.6.jar:/home/alex/.m2/repository/org/springframework/security/spring-security-core/5.5.2/spring-security-core-5.5.2.jar:/home/alex/.m2/repository/org/springframework/security/spring-security-crypto/5.5.2/spring-security-crypto-5.5.2.jar:/home/alex/.m2/repository/org/apache/commons/commons-collections4/4.4/commons-collections4-4.4.jar:/home/alex/.m2/repository/com/h2database/h2/1.4.199/h2-1.4.199.jar:/home/alex/.m2/repository/org/glassfish/jersey/core/jersey-client/2.33/jersey-client-2.33.jar:/home/alex/.m2/repository/jakarta/ws/rs/jakarta.ws.rs-api/2.1.6/jakarta.ws.rs-api-2.1.6.jar:/home/alex/.m2/repository/org/glassfish/jersey/core/jersey-common/2.33/jersey-common-2.33.jar:/home/alex/.m2/repository/jakarta/annotation/jakarta.annotation-api/1.3.5/jakarta.annotation-api-1.3.5.jar:/home/alex/.m2/repository/org/glassfish/hk2/osgi-resource-locator/1.0.3/osgi-resource-locator-1.0.3.jar:/home/alex/.m2/repository/org/glassfish/hk2/external/jakarta.inject/2.6.1/jakarta.inject-2.6.1.jar:/home/alex/.m2/repository/org/springframework/spring-core/5.3.11/spring-core-5.3.11.jar:/home/alex/.m2/repository/org/springframework/spring-jcl/5.3.11/spring-jcl-5.3.11.jar:/home/alex/.m2/repository/org/springframework/spring-beans/5.3.11/spring-beans-5.3.11.jar:/home/alex/.m2/repository/org/springframework/spring-context/5.3.11/spring-context-5.3.11.jar:/home/alex/.m2/repository/org/springframework/spring-expression/5.3.11/spring-expression-5.3.11.jar:/home/alex/.m2/repository/commons-io/commons-io/2.10.0/commons-io-2.10.0.jar:/home/alex/.m2/repository/org/apache/commons/commons-math3/3.6.1/commons-math3-3.6.1.jar:/home/alex/.m2/repository/org/questdb/core/4.2.1/core-4.2.1.jar:/home/alex/Repositories/nifi/nifi-commons/nifi-data-provenance-utils/target/classes:/home/alex/Repositories/nifi/nifi-commons/nifi-write-ahead-log/target/classes:/home/alex/Repositories/nifi/nifi-commons/nifi-rocksdb-utils/target/classes:/home/alex/.m2/repository/org/rocksdb/rocksdbjni/6.6.4/rocksdbjni-6.6.4.jar:/home/alex/Repositories/nifi/nifi-nar-bundles/nifi-framework-bundle/nifi-framework/nifi-flowfile-repo-serialization/target/classes:/home/alex/.m2/repository/org/apache/zookeeper/zookeeper/3.5.9/zookeeper-3.5.9.jar:/home/alex/.m2/repository/org/apache/zookeeper/zookeeper-jute/3.5.9/zookeeper-jute-3.5.9.jar:/home/alex/.m2/repository/org/apache/yetus/audience-annotations/0.5.0/audience-annotations-0.5.0.jar:/home/alex/.m2/repository/io/netty/netty-handler/4.1.50.Final/netty-handler-4.1.50.Final.jar:/home/alex/.m2/repository/io/netty/netty-common/4.1.50.Final/netty-common-4.1.50.Final.jar:/home/alex/.m2/repository/io/netty/netty-resolver/4.1.50.Final/netty-resolver-4.1.50.Final.jar:/home/alex/.m2/repository/io/netty/netty-buffer/4.1.50.Final/netty-buffer-4.1.50.Final.jar:/home/alex/.m2/repository/io/netty/netty-transport/4.1.50.Final/netty-transport-4.1.50.Final.jar:/home/alex/.m2/repository/io/netty/netty-codec/4.1.50.Final/netty-codec-4.1.50.Final.jar:/home/alex/.m2/repository/io/netty/netty-transport-native-epoll/4.1.50.Final/netty-transport-native-epoll-4.1.50.Final.jar:/home/alex/.m2/repository/io/netty/netty-transport-native-unix-common/4.1.50.Final/netty-transport-native-unix-common-4.1.50.Final.jar:/home/alex/.m2/repository/org/apache/curator/curator-framework/5.2.0/curator-framework-5.2.0.jar:/home/alex/.m2/repository/org/apache/curator/curator-client/5.2.0/curator-client-5.2.0.jar:/home/alex/.m2/repository/com/google/guava/guava/28.0-jre/guava-28.0-jre.jar:/home/alex/.m2/repository/org/apache/curator/curator-recipes/5.2.0/curator-recipes-5.2.0.jar:/home/alex/Repositories/nifi/nifi-registry/nifi-registry-core/nifi-registry-data-model/target/classes:/home/alex/.m2/repository/javax/validation/validation-api/2.0.1.Final/validation-api-2.0.1.Final.jar:/home/alex/.m2/repository/javax/ws/rs/javax.ws.rs-api/2.1/javax.ws.rs-api-2.1.jar:/home/alex/Repositories/nifi/nifi-registry/nifi-registry-core/nifi-registry-revision/nifi-registry-revision-entity-model/target/classes:/home/alex/Repositories/nifi/nifi-registry/nifi-registry-core/nifi-registry-flow-diff/target/classes:/home/alex/Repositories/nifi/nifi-registry/nifi-registry-core/nifi-registry-client/target/classes:/home/alex/Repositories/nifi/nifi-registry/nifi-registry-core/nifi-registry-security-utils/target/classes:/home/alex/.m2/repository/org/glassfish/jersey/media/jersey-media-json-jackson/2.33/jersey-media-json-jackson-2.33.jar:/home/alex/.m2/repository/org/glassfish/jersey/ext/jersey-entity-filtering/2.33/jersey-entity-filtering-2.33.jar:/home/alex/.m2/repository/org/glassfish/jersey/inject/jersey-hk2/2.33/jersey-hk2-2.33.jar:/home/alex/.m2/repository/org/glassfish/hk2/hk2-locator/2.6.1/hk2-locator-2.6.1.jar:/home/alex/.m2/repository/org/glassfish/hk2/external/aopalliance-repackaged/2.6.1/aopalliance-repackaged-2.6.1.jar:/home/alex/.m2/repository/org/glassfish/hk2/hk2-api/2.6.1/hk2-api-2.6.1.jar:/home/alex/.m2/repository/org/glassfish/hk2/hk2-utils/2.6.1/hk2-utils-2.6.1.jar:/home/alex/.m2/repository/org/javassist/javassist/3.25.0-GA/javassist-3.25.0-GA.jar:/home/alex/.m2/repository/org/glassfish/jersey/media/jersey-media-multipart/2.33/jersey-media-multipart-2.33.jar:/home/alex/.m2/repository/org/jvnet/mimepull/mimepull/1.9.13/mimepull-1.9.13.jar:/home/alex/.m2/repository/com/fasterxml/jackson/core/jackson-core/2.12.3/jackson-core-2.12.3.jar:/home/alex/Repositories/nifi/nifi-nar-bundles/nifi-framework-bundle/nifi-framework/nifi-authorizer/target/classes:/home/alex/Repositories/nifi/nifi-nar-bundles/nifi-framework-bundle/nifi-framework/nifi-framework-authorization-providers/target/classes:/home/alex/.m2/repository/com/github/ben-manes/caffeine/caffeine/2.8.1/caffeine-2.8.1.jar:/home/alex/.m2/repository/org/checkerframework/checker-qual/3.1.0/checker-qual-3.1.0.jar:/home/alex/.m2/repository/com/google/errorprone/error_prone_annotations/2.3.4/error_prone_annotations-2.3.4.jar:/home/alex/.m2/repository/commons-codec/commons-codec/1.14/commons-codec-1.14.jar:/home/alex/Repositories/nifi/nifi-commons/nifi-expression-language/target/classes:/home/alex/.m2/repository/org/antlr/antlr-runtime/3.5.2/antlr-runtime-3.5.2.jar:/home/alex/Repositories/nifi/nifi-commons/nifi-parameter/target/classes:/home/alex/Repositories/nifi/nifi-commons/nifi-uuid5/target/classes:/home/alex/.m2/repository/com/jayway/jsonpath/json-path/2.6.0/json-path-2.6.0.jar:/home/alex/.m2/repository/net/minidev/json-smart/2.4.7/json-smart-2.4.7.jar:/home/alex/.m2/repository/net/minidev/accessors-smart/2.4.7/accessors-smart-2.4.7.jar:/home/alex/.m2/repository/org/ow2/asm/asm/9.1/asm-9.1.jar:/home/alex/.m2/repository/com/fasterxml/jackson/core/jackson-databind/2.12.3/jackson-databind-2.12.3.jar:/home/alex/.m2/repository/com/fasterxml/jackson/core/jackson-annotations/2.12.3/jackson-annotations-2.12.3.jar:/home/alex/.m2/repository/org/apache/commons/commons-text/1.8/commons-text-1.8.jar:/home/alex/.m2/repository/org/testcontainers/testcontainers/1.11.3/testcontainers-1.11.3.jar:/home/alex/.m2/repository/junit/junit/4.13.2/junit-4.13.2.jar:/home/alex/.m2/repository/org/hamcrest/hamcrest-core/1.3/hamcrest-core-1.3.jar:/home/alex/.m2/repository/org/jetbrains/annotations/17.0.0/annotations-17.0.0.jar:/home/alex/.m2/repository/javax/annotation/javax.annotation-api/1.3.2/javax.annotation-api-1.3.2.jar:/home/alex/.m2/repository/org/apache/commons/commons-compress/1.21/commons-compress-1.21.jar:/home/alex/.m2/repository/javax/xml/bind/jaxb-api/2.3.1/jaxb-api-2.3.1.jar:/home/alex/.m2/repository/javax/activation/javax.activation-api/1.2.0/javax.activation-api-1.2.0.jar:/home/alex/.m2/repository/org/rnorth/duct-tape/duct-tape/1.0.7/duct-tape-1.0.7.jar:/home/alex/.m2/repository/org/rnorth/visible-assertions/visible-assertions/2.1.2/visible-assertions-2.1.2.jar:/home/alex/.m2/repository/net/java/dev/jna/jna/5.2.0/jna-5.2.0.jar:/home/alex/.m2/repository/org/rnorth/tcp-unix-socket-proxy/1.0.2/tcp-unix-socket-proxy-1.0.2.jar:/home/alex/.m2/repository/com/kohlschutter/junixsocket/junixsocket-native-common/2.0.4/junixsocket-native-common-2.0.4.jar:/home/alex/.m2/repository/org/scijava/native-lib-loader/2.0.2/native-lib-loader-2.0.2.jar:/home/alex/.m2/repository/com/kohlschutter/junixsocket/junixsocket-common/2.0.4/junixsocket-common-2.0.4.jar:/home/alex/.m2/repository/net/java/dev/jna/jna-platform/5.2.0/jna-platform-5.2.0.jar:/home/alex/.m2/repository/org/slf4j/slf4j-api/1.7.32/slf4j-api-1.7.32.jar:/home/alex/.m2/repository/org/junit/jupiter/junit-jupiter-api/5.7.2/junit-jupiter-api-5.7.2.jar:/home/alex/.m2/repository/org/apiguardian/apiguardian-api/1.1.0/apiguardian-api-1.1.0.jar:/home/alex/.m2/repository/org/opentest4j/opentest4j/1.2.0/opentest4j-1.2.0.jar:/home/alex/.m2/repository/org/junit/platform/junit-platform-commons/1.7.2/junit-platform-commons-1.7.2.jar:/home/alex/.m2/repository/org/junit/jupiter/junit-jupiter-engine/5.7.2/junit-jupiter-engine-5.7.2.jar:/home/alex/.m2/repository/org/junit/platform/junit-platform-engine/1.7.2/junit-platform-engine-1.7.2.jar:/home/alex/.m2/repository/org/junit/vintage/junit-vintage-engine/5.7.2/junit-vintage-engine-5.7.2.jar:/home/alex/.m2/repository/org/junit/jupiter/junit-jupiter-params/5.7.2/junit-jupiter-params-5.7.2.jar:/home/alex/.m2/repository/org/mockito/mockito-core/3.11.2/mockito-core-3.11.2.jar:/home/alex/.m2/repository/net/bytebuddy/byte-buddy/1.11.3/byte-buddy-1.11.3.jar:/home/alex/.m2/repository/net/bytebuddy/byte-buddy-agent/1.11.3/byte-buddy-agent-1.11.3.jar:/home/alex/.m2/repository/org/objenesis/objenesis/3.2/objenesis-3.2.jar:/home/alex/.m2/repository/org/mockito/mockito-junit-jupiter/3.11.2/mockito-junit-jupiter-3.11.2.jar:/home/alex/.m2/repository/org/slf4j/slf4j-simple/1.7.32/slf4j-simple-1.7.32.jar:/home/alex/.m2/repository/org/codehaus/groovy/groovy-test/2.5.14/groovy-test-2.5.14.jar:/home/alex/.m2/repository/org/codehaus/groovy/groovy/2.5.14/groovy-2.5.14.jar:"/>
    <property name="java.vm.vendor" value="Private Build"/>
    <property name="sun.arch.data.model" value="64"/>
    <property name="java.vendor.url" value="http://java.oracle.com/"/>
    <property name="user.timezone" value="Europe/Lisbon"/>
    <property name="java.vm.specification.version" value="1.8"/>
    <property name="os.name" value="Linux"/>
    <property name="user.country" value="US"/>
    <property name="sun.java.launcher" value="SUN_STANDARD"/>
    <property name="sun.boot.library.path" value="/usr/lib/jvm/java-8-openjdk-amd64/jre/lib/amd64"/>
    <property name="sun.java.command" value="/home/alex/Repositories/nifi/nifi-nar-bundles/nifi-framework-bundle/nifi-framework/nifi-file-authorizer/target/surefire/surefirebooter8491961840657879203.jar /home/alex/Repositories/nifi/nifi-nar-bundles/nifi-framework-bundle/nifi-framework/nifi-file-authorizer/target/surefire 2024-05-02T03-00-27_868-jvmRun1 surefire3421410735438046829tmp surefire_505182473146065436388tmp"/>
    <property name="surefire.test.class.path" value="/home/alex/Repositories/nifi/nifi-nar-bundles/nifi-framework-bundle/nifi-framework/nifi-file-authorizer/target/test-classes:/home/alex/Repositories/nifi/nifi-nar-bundles/nifi-framework-bundle/nifi-framework/nifi-file-authorizer/target/classes:/home/alex/Repositories/nifi/nifi-api/target/classes:/home/alex/Repositories/nifi/nifi-framework-api/target/classes:/home/alex/Repositories/nifi/nifi-commons/nifi-utils/target/classes:/home/alex/Repositories/nifi/nifi-commons/nifi-security-utils/target/classes:/home/alex/Repositories/nifi/nifi-commons/nifi-security-utils-api/target/classes:/home/alex/Repositories/nifi/nifi-commons/nifi-security-kms/target/classes:/home/alex/.m2/repository/org/bouncycastle/bcprov-jdk15on/1.69/bcprov-jdk15on-1.69.jar:/home/alex/.m2/repository/org/bouncycastle/bcpkix-jdk15on/1.69/bcpkix-jdk15on-1.69.jar:/home/alex/.m2/repository/org/bouncycastle/bcutil-jdk15on/1.69/bcutil-jdk15on-1.69.jar:/home/alex/.m2/repository/at/favre/lib/bcrypt/0.9.0/bcrypt-0.9.0.jar:/home/alex/.m2/repository/at/favre/lib/bytes/1.3.0/bytes-1.3.0.jar:/home/alex/.m2/repository/org/apache/commons/commons-configuration2/2.7/commons-configuration2-2.7.jar:/home/alex/Repositories/nifi/nifi-commons/nifi-properties/target/classes:/home/alex/Repositories/nifi/nifi-commons/nifi-property-utils/target/classes:/home/alex/.m2/repository/org/apache/commons/commons-lang3/3.9/commons-lang3-3.9.jar:/home/alex/Repositories/nifi/nifi-nar-bundles/nifi-framework-bundle/nifi-framework/nifi-framework-authorization/target/classes:/home/alex/Repositories/nifi/nifi-nar-bundles/nifi-framework-bundle/nifi-framework/nifi-framework-core/target/classes:/home/alex/Repositories/nifi/nifi-nar-bundles/nifi-framework-bundle/nifi-framework/nifi-framework-core-api/target/classes:/home/alex/Repositories/nifi/nifi-nar-bundles/nifi-framework-bundle/nifi-framework/nifi-framework-nar-utils/target/classes:/home/alex/Repositories/nifi/nifi-nar-bundles/nifi-framework-bundle/nifi-framework/nifi-properties-loader/target/classes:/home/alex/Repositories/nifi/nifi-commons/nifi-sensitive-property-provider/target/classes:/home/alex/.m2/repository/software/amazon/awssdk/kms/2.17.1/kms-2.17.1.jar:/home/alex/.m2/repository/software/amazon/awssdk/aws-json-protocol/2.17.1/aws-json-protocol-2.17.1.jar:/home/alex/.m2/repository/software/amazon/awssdk/third-party-jackson-core/2.17.1/third-party-jackson-core-2.17.1.jar:/home/alex/.m2/repository/software/amazon/awssdk/json-utils/2.17.1/json-utils-2.17.1.jar:/home/alex/.m2/repository/software/amazon/awssdk/protocol-core/2.17.1/protocol-core-2.17.1.jar:/home/alex/.m2/repository/software/amazon/awssdk/sdk-core/2.17.1/sdk-core-2.17.1.jar:/home/alex/.m2/repository/software/amazon/awssdk/profiles/2.17.1/profiles-2.17.1.jar:/home/alex/.m2/repository/org/reactivestreams/reactive-streams/1.0.3/reactive-streams-1.0.3.jar:/home/alex/.m2/repository/software/amazon/awssdk/auth/2.17.1/auth-2.17.1.jar:/home/alex/.m2/repository/software/amazon/eventstream/eventstream/1.0.1/eventstream-1.0.1.jar:/home/alex/.m2/repository/software/amazon/awssdk/http-client-spi/2.17.1/http-client-spi-2.17.1.jar:/home/alex/.m2/repository/software/amazon/awssdk/regions/2.17.1/regions-2.17.1.jar:/home/alex/.m2/repository/software/amazon/awssdk/annotations/2.17.1/annotations-2.17.1.jar:/home/alex/.m2/repository/software/amazon/awssdk/utils/2.17.1/utils-2.17.1.jar:/home/alex/.m2/repository/software/amazon/awssdk/aws-core/2.17.1/aws-core-2.17.1.jar:/home/alex/.m2/repository/software/amazon/awssdk/metrics-spi/2.17.1/metrics-spi-2.17.1.jar:/home/alex/.m2/repository/software/amazon/awssdk/secretsmanager/2.17.1/secretsmanager-2.17.1.jar:/home/alex/.m2/repository/com/azure/azure-security-keyvault-secrets/4.3.3/azure-security-keyvault-secrets-4.3.3.jar:/home/alex/.m2/repository/com/azure/azure-core/1.20.0/azure-core-1.20.0.jar:/home/alex/.m2/repository/com/fasterxml/jackson/datatype/jackson-datatype-jsr310/2.12.4/jackson-datatype-jsr310-2.12.4.jar:/home/alex/.m2/repository/com/fasterxml/jackson/dataformat/jackson-dataformat-xml/2.12.4/jackson-dataformat-xml-2.12.4.jar:/home/alex/.m2/repository/io/projectreactor/reactor-core/3.4.9/reactor-core-3.4.9.jar:/home/alex/.m2/repository/com/azure/azure-security-keyvault-keys/4.3.3/azure-security-keyvault-keys-4.3.3.jar:/home/alex/.m2/repository/com/azure/azure-identity/1.3.4/azure-identity-1.3.4.jar:/home/alex/.m2/repository/com/microsoft/azure/msal4j/1.10.1/msal4j-1.10.1.jar:/home/alex/.m2/repository/com/nimbusds/oauth2-oidc-sdk/9.10.2/oauth2-oidc-sdk-9.10.2.jar:/home/alex/.m2/repository/com/github/stephenc/jcip/jcip-annotations/1.0-1/jcip-annotations-1.0-1.jar:/home/alex/.m2/repository/com/nimbusds/content-type/2.1/content-type-2.1.jar:/home/alex/.m2/repository/com/nimbusds/lang-tag/1.5/lang-tag-1.5.jar:/home/alex/.m2/repository/com/nimbusds/nimbus-jose-jwt/9.11.2/nimbus-jose-jwt-9.11.2.jar:/home/alex/.m2/repository/com/microsoft/azure/msal4j-persistence-extension/1.1.0/msal4j-persistence-extension-1.1.0.jar:/home/alex/.m2/repository/com/azure/azure-core-http-okhttp/1.7.1/azure-core-http-okhttp-1.7.1.jar:/home/alex/.m2/repository/com/squareup/okhttp3/okhttp/4.8.1/okhttp-4.8.1.jar:/home/alex/.m2/repository/com/squareup/okio/okio/2.7.0/okio-2.7.0.jar:/home/alex/.m2/repository/org/jetbrains/kotlin/kotlin-stdlib-common/1.3.70/kotlin-stdlib-common-1.3.70.jar:/home/alex/.m2/repository/org/jetbrains/kotlin/kotlin-stdlib/1.3.72/kotlin-stdlib-1.3.72.jar:/home/alex/.m2/repository/software/amazon/awssdk/url-connection-client/2.17.1/url-connection-client-2.17.1.jar:/home/alex/.m2/repository/com/google/cloud/google-cloud-kms/2.0.2/google-cloud-kms-2.0.2.jar:/home/alex/.m2/repository/io/grpc/grpc-api/1.40.0/grpc-api-1.40.0.jar:/home/alex/.m2/repository/io/grpc/grpc-context/1.40.0/grpc-context-1.40.0.jar:/home/alex/.m2/repository/com/google/code/findbugs/jsr305/3.0.2/jsr305-3.0.2.jar:/home/alex/.m2/repository/io/grpc/grpc-stub/1.40.0/grpc-stub-1.40.0.jar:/home/alex/.m2/repository/io/grpc/grpc-protobuf/1.40.0/grpc-protobuf-1.40.0.jar:/home/alex/.m2/repository/io/grpc/grpc-protobuf-lite/1.40.0/grpc-protobuf-lite-1.40.0.jar:/home/alex/.m2/repository/com/google/api/api-common/2.0.1/api-common-2.0.1.jar:/home/alex/.m2/repository/com/google/auto/value/auto-value-annotations/1.8.2/auto-value-annotations-1.8.2.jar:/home/alex/.m2/repository/com/google/protobuf/protobuf-java/3.17.3/protobuf-java-3.17.3.jar:/home/alex/.m2/repository/com/google/api/grpc/proto-google-common-protos/2.3.2/proto-google-common-protos-2.3.2.jar:/home/alex/.m2/repository/com/google/api/grpc/proto-google-cloud-kms-v1/0.91.2/proto-google-cloud-kms-v1-0.91.2.jar:/home/alex/.m2/repository/com/google/guava/failureaccess/1.0.1/failureaccess-1.0.1.jar:/home/alex/.m2/repository/com/google/guava/listenablefuture/9999.0-empty-to-avoid-conflict-with-guava/listenablefuture-9999.0-empty-to-avoid-conflict-with-guava.jar:/home/alex/.m2/repository/com/google/j2objc/j2objc-annotations/1.3/j2objc-annotations-1.3.jar:/home/alex/.m2/repository/com/google/api/gax/2.3.0/gax-2.3.0.jar:/home/alex/.m2/repository/io/opencensus/opencensus-api/0.28.0/opencensus-api-0.28.0.jar:/home/alex/.m2/repository/com/google/api/gax-grpc/2.3.0/gax-grpc-2.3.0.jar:/home/alex/.m2/repository/com/google/auth/google-auth-library-credentials/1.1.0/google-auth-library-credentials-1.1.0.jar:/home/alex/.m2/repository/io/grpc/grpc-netty-shaded/1.40.0/grpc-netty-shaded-1.40.0.jar:/home/alex/.m2/repository/io/perfmark/perfmark-api/0.23.0/perfmark-api-0.23.0.jar:/home/alex/.m2/repository/io/grpc/grpc-core/1.40.0/grpc-core-1.40.0.jar:/home/alex/.m2/repository/com/google/android/annotations/4.1.1.4/annotations-4.1.1.4.jar:/home/alex/.m2/repository/org/codehaus/mojo/animal-sniffer-annotations/1.20/animal-sniffer-annotations-1.20.jar:/home/alex/.m2/repository/io/grpc/grpc-alts/1.40.0/grpc-alts-1.40.0.jar:/home/alex/.m2/repository/io/grpc/grpc-grpclb/1.40.0/grpc-grpclb-1.40.0.jar:/home/alex/.m2/repository/com/google/protobuf/protobuf-java-util/3.17.3/protobuf-java-util-3.17.3.jar:/home/alex/.m2/repository/org/conscrypt/conscrypt-openjdk-uber/2.5.1/conscrypt-openjdk-uber-2.5.1.jar:/home/alex/.m2/repository/org/threeten/threetenbp/1.5.1/threetenbp-1.5.1.jar:/home/alex/.m2/repository/io/grpc/grpc-auth/1.40.0/grpc-auth-1.40.0.jar:/home/alex/.m2/repository/com/google/api/grpc/proto-google-iam-v1/1.0.14/proto-google-iam-v1-1.0.14.jar:/home/alex/.m2/repository/com/google/auth/google-auth-library-oauth2-http/1.1.0/google-auth-library-oauth2-http-1.1.0.jar:/home/alex/.m2/repository/com/google/http-client/google-http-client/1.39.2/google-http-client-1.39.2.jar:/home/alex/.m2/repository/io/opencensus/opencensus-contrib-http-util/0.28.0/opencensus-contrib-http-util-0.28.0.jar:/home/alex/.m2/repository/com/google/http-client/google-http-client-gson/1.39.2/google-http-client-gson-1.39.2.jar:/home/alex/.m2/repository/com/google/code/gson/gson/2.8.8/gson-2.8.8.jar:/home/alex/Repositories/nifi/nifi-commons/nifi-vault-utils/target/classes:/home/alex/.m2/repository/org/springframework/vault/spring-vault-core/2.3.2/spring-vault-core-2.3.2.jar:/home/alex/.m2/repository/org/springframework/spring-web/5.3.11/spring-web-5.3.11.jar:/home/alex/Repositories/nifi/nifi-nar-bundles/nifi-framework-bundle/nifi-framework/nifi-framework-components/target/classes:/home/alex/Repositories/nifi/nifi-commons/nifi-web-utils/target/classes:/home/alex/.m2/repository/org/quartz-scheduler/quartz/2.3.2/quartz-2.3.2.jar:/home/alex/.m2/repository/com/mchange/c3p0/0.9.5.4/c3p0-0.9.5.4.jar:/home/alex/.m2/repository/com/mchange/mchange-commons-java/0.2.15/mchange-commons-java-0.2.15.jar:/home/alex/.m2/repository/com/zaxxer/HikariCP-java7/2.4.13/HikariCP-java7-2.4.13.jar:/home/alex/Repositories/nifi/nifi-commons/nifi-property-encryptor/target/classes:/home/alex/Repositories/nifi/nifi-commons/nifi-schema-utils/target/classes:/home/alex/Repositories/nifi/nifi-nar-bundles/nifi-framework-bundle/nifi-framework/nifi-repository-models/target/classes:/home/alex/Repositories/nifi/nifi-commons/nifi-repository-encryption/target/classes:/home/alex/Repositories/nifi/nifi-nar-bundles/nifi-framework-bundle/nifi-framework/nifi-site-to-site/target/classes:/home/alex/Repositories/nifi/nifi-nar-bundles/nifi-framework-bundle/nifi-framework/nifi-framework-cluster-protocol/target/classes:/home/alex/Repositories/nifi/nifi-commons/nifi-socket-utils/target/classes:/home/alex/.m2/repository/commons-net/commons-net/3.6/commons-net-3.6.jar:/home/alex/.m2/repository/com/fasterxml/jackson/module/jackson-module-jaxb-annotations/2.12.3/jackson-module-jaxb-annotations-2.12.3.jar:/home/alex/.m2/repository/jakarta/xml/bind/jakarta.xml.bind-api/2.3.2/jakarta.xml.bind-api-2.3.2.jar:/home/alex/.m2/repository/jakarta/activation/jakarta.activation-api/1.2.1/jakarta.activation-api-1.2.1.jar:/home/alex/Repositories/nifi/nifi-commons/nifi-logging-utils/target/classes:/home/alex/Repositories/nifi/nifi-nar-bundles/nifi-framework-bundle/nifi-framework/nifi-client-dto/target/classes:/home/alex/.m2/repository/io/swagger/swagger-annotations/1.6.0/swagger-annotations-1.6.0.jar:/home/alex/Repositories/nifi/nifi-commons/nifi-site-to-site-client/target/classes:/home/alex/.m2/repository/org/apache/httpcomponents/httpclient/4.5.5/httpclient-4.5.5.jar:/home/alex/.m2/repository/org/apache/httpcomponents/httpcore/4.4.9/httpcore-4.4.9.jar:/home/alex/.m2/repository/org/apache/httpcomponents/httpasyncclient/4.1.4/httpasyncclient-4.1.4.jar:/home/alex/.m2/repository/org/apache/httpcomponents/httpcore-nio/4.4.10/httpcore-nio-4.4.10.jar:/home/alex/Repositories/nifi/nifi-nar-bundles/nifi-framework-bundle/nifi-framework/nifi-administration/target/classes:/home/alex/Repositories/nifi/nifi-nar-bundles/nifi-framework-bundle/nifi-framework/nifi-user-actions/target/classes:/home/alex/.m2/repository/org/springframework/spring-aop/5.3.11/spring-aop-5.3.11.jar:/home/alex/.m2/repository/org/aspectj/aspectjweaver/1.9.6/aspectjweaver-1.9.6.jar:/home/alex/.m2/repository/org/springframework/security/spring-security-core/5.5.2/spring-security-core-5.5.2.jar:/home/alex/.m2/repository/org/springframework/security/spring-security-crypto/5.5.2/spring-security-crypto-5.5.2.jar:/home/alex/.m2/repository/org/apache/commons/commons-collections4/4.4/commons-collections4-4.4.jar:/home/alex/.m2/repository/com/h2database/h2/1.4.199/h2-1.4.199.jar:/home/alex/.m2/repository/org/glassfish/jersey/core/jersey-client/2.33/jersey-client-2.33.jar:/home/alex/.m2/repository/jakarta/ws/rs/jakarta.ws.rs-api/2.1.6/jakarta.ws.rs-api-2.1.6.jar:/home/alex/.m2/repository/org/glassfish/jersey/core/jersey-common/2.33/jersey-common-2.33.jar:/home/alex/.m2/repository/jakarta/annotation/jakarta.annotation-api/1.3.5/jakarta.annotation-api-1.3.5.jar:/home/alex/.m2/repository/org/glassfish/hk2/osgi-resource-locator/1.0.3/osgi-resource-locator-1.0.3.jar:/home/alex/.m2/repository/org/glassfish/hk2/external/jakarta.inject/2.6.1/jakarta.inject-2.6.1.jar:/home/alex/.m2/repository/org/springframework/spring-core/5.3.11/spring-core-5.3.11.jar:/home/alex/.m2/repository/org/springframework/spring-jcl/5.3.11/spring-jcl-5.3.11.jar:/home/alex/.m2/repository/org/springframework/spring-beans/5.3.11/spring-beans-5.3.11.jar:/home/alex/.m2/repository/org/springframework/spring-context/5.3.11/spring-context-5.3.11.jar:/home/alex/.m2/repository/org/springframework/spring-expression/5.3.11/spring-expression-5.3.11.jar:/home/alex/.m2/repository/commons-io/commons-io/2.10.0/commons-io-2.10.0.jar:/home/alex/.m2/repository/org/apache/commons/commons-math3/3.6.1/commons-math3-3.6.1.jar:/home/alex/.m2/repository/org/questdb/core/4.2.1/core-4.2.1.jar:/home/alex/Repositories/nifi/nifi-commons/nifi-data-provenance-utils/target/classes:/home/alex/Repositories/nifi/nifi-commons/nifi-write-ahead-log/target/classes:/home/alex/Repositories/nifi/nifi-commons/nifi-rocksdb-utils/target/classes:/home/alex/.m2/repository/org/rocksdb/rocksdbjni/6.6.4/rocksdbjni-6.6.4.jar:/home/alex/Repositories/nifi/nifi-nar-bundles/nifi-framework-bundle/nifi-framework/nifi-flowfile-repo-serialization/target/classes:/home/alex/.m2/repository/org/apache/zookeeper/zookeeper/3.5.9/zookeeper-3.5.9.jar:/home/alex/.m2/repository/org/apache/zookeeper/zookeeper-jute/3.5.9/zookeeper-jute-3.5.9.jar:/home/alex/.m2/repository/org/apache/yetus/audience-annotations/0.5.0/audience-annotations-0.5.0.jar:/home/alex/.m2/repository/io/netty/netty-handler/4.1.50.Final/netty-handler-4.1.50.Final.jar:/home/alex/.m2/repository/io/netty/netty-common/4.1.50.Final/netty-common-4.1.50.Final.jar:/home/alex/.m2/repository/io/netty/netty-resolver/4.1.50.Final/netty-resolver-4.1.50.Final.jar:/home/alex/.m2/repository/io/netty/netty-buffer/4.1.50.Final/netty-buffer-4.1.50.Final.jar:/home/alex/.m2/repository/io/netty/netty-transport/4.1.50.Final/netty-transport-4.1.50.Final.jar:/home/alex/.m2/repository/io/netty/netty-codec/4.1.50.Final/netty-codec-4.1.50.Final.jar:/home/alex/.m2/repository/io/netty/netty-transport-native-epoll/4.1.50.Final/netty-transport-native-epoll-4.1.50.Final.jar:/home/alex/.m2/repository/io/netty/netty-transport-native-unix-common/4.1.50.Final/netty-transport-native-unix-common-4.1.50.Final.jar:/home/alex/.m2/repository/org/apache/curator/curator-framework/5.2.0/curator-framework-5.2.0.jar:/home/alex/.m2/repository/org/apache/curator/curator-client/5.2.0/curator-client-5.2.0.jar:/home/alex/.m2/repository/com/google/guava/guava/28.0-jre/guava-28.0-jre.jar:/home/alex/.m2/repository/org/apache/curator/curator-recipes/5.2.0/curator-recipes-5.2.0.jar:/home/alex/Repositories/nifi/nifi-registry/nifi-registry-core/nifi-registry-data-model/target/classes:/home/alex/.m2/repository/javax/validation/validation-api/2.0.1.Final/validation-api-2.0.1.Final.jar:/home/alex/.m2/repository/javax/ws/rs/javax.ws.rs-api/2.1/javax.ws.rs-api-2.1.jar:/home/alex/Repositories/nifi/nifi-registry/nifi-registry-core/nifi-registry-revision/nifi-registry-revision-entity-model/target/classes:/home/alex/Repositories/nifi/nifi-registry/nifi-registry-core/nifi-registry-flow-diff/target/classes:/home/alex/Repositories/nifi/nifi-registry/nifi-registry-core/nifi-registry-client/target/classes:/home/alex/Repositories/nifi/nifi-registry/nifi-registry-core/nifi-registry-security-utils/target/classes:/home/alex/.m2/repository/org/glassfish/jersey/media/jersey-media-json-jackson/2.33/jersey-media-json-jackson-2.33.jar:/home/alex/.m2/repository/org/glassfish/jersey/ext/jersey-entity-filtering/2.33/jersey-entity-filtering-2.33.jar:/home/alex/.m2/repository/org/glassfish/jersey/inject/jersey-hk2/2.33/jersey-hk2-2.33.jar:/home/alex/.m2/repository/org/glassfish/hk2/hk2-locator/2.6.1/hk2-locator-2.6.1.jar:/home/alex/.m2/repository/org/glassfish/hk2/external/aopalliance-repackaged/2.6.1/aopalliance-repackaged-2.6.1.jar:/home/alex/.m2/repository/org/glassfish/hk2/hk2-api/2.6.1/hk2-api-2.6.1.jar:/home/alex/.m2/repository/org/glassfish/hk2/hk2-utils/2.6.1/hk2-utils-2.6.1.jar:/home/alex/.m2/repository/org/javassist/javassist/3.25.0-GA/javassist-3.25.0-GA.jar:/home/alex/.m2/repository/org/glassfish/jersey/media/jersey-media-multipart/2.33/jersey-media-multipart-2.33.jar:/home/alex/.m2/repository/org/jvnet/mimepull/mimepull/1.9.13/mimepull-1.9.13.jar:/home/alex/.m2/repository/com/fasterxml/jackson/core/jackson-core/2.12.3/jackson-core-2.12.3.jar:/home/alex/Repositories/nifi/nifi-nar-bundles/nifi-framework-bundle/nifi-framework/nifi-authorizer/target/classes:/home/alex/Repositories/nifi/nifi-nar-bundles/nifi-framework-bundle/nifi-framework/nifi-framework-authorization-providers/target/classes:/home/alex/.m2/repository/com/github/ben-manes/caffeine/caffeine/2.8.1/caffeine-2.8.1.jar:/home/alex/.m2/repository/org/checkerframework/checker-qual/3.1.0/checker-qual-3.1.0.jar:/home/alex/.m2/repository/com/google/errorprone/error_prone_annotations/2.3.4/error_prone_annotations-2.3.4.jar:/home/alex/.m2/repository/commons-codec/commons-codec/1.14/commons-codec-1.14.jar:/home/alex/Repositories/nifi/nifi-commons/nifi-expression-language/target/classes:/home/alex/.m2/repository/org/antlr/antlr-runtime/3.5.2/antlr-runtime-3.5.2.jar:/home/alex/Repositories/nifi/nifi-commons/nifi-parameter/target/classes:/home/alex/Repositories/nifi/nifi-commons/nifi-uuid5/target/classes:/home/alex/.m2/repository/com/jayway/jsonpath/json-path/2.6.0/json-path-2.6.0.jar:/home/alex/.m2/repository/net/minidev/json-smart/2.4.7/json-smart-2.4.7.jar:/home/alex/.m2/repository/net/minidev/accessors-smart/2.4.7/accessors-smart-2.4.7.jar:/home/alex/.m2/repository/org/ow2/asm/asm/9.1/asm-9.1.jar:/home/alex/.m2/repository/com/fasterxml/jackson/core/jackson-databind/2.12.3/jackson-databind-2.12.3.jar:/home/alex/.m2/repository/com/fasterxml/jackson/core/jackson-annotations/2.12.3/jackson-annotations-2.12.3.jar:/home/alex/.m2/repository/org/apache/commons/commons-text/1.8/commons-text-1.8.jar:/home/alex/.m2/repository/org/testcontainers/testcontainers/1.11.3/testcontainers-1.11.3.jar:/home/alex/.m2/repository/junit/junit/4.13.2/junit-4.13.2.jar:/home/alex/.m2/repository/org/hamcrest/hamcrest-core/1.3/hamcrest-core-1.3.jar:/home/alex/.m2/repository/org/jetbrains/annotations/17.0.0/annotations-17.0.0.jar:/home/alex/.m2/repository/javax/annotation/javax.annotation-api/1.3.2/javax.annotation-api-1.3.2.jar:/home/alex/.m2/repository/org/apache/commons/commons-compress/1.21/commons-compress-1.21.jar:/home/alex/.m2/repository/javax/xml/bind/jaxb-api/2.3.1/jaxb-api-2.3.1.jar:/home/alex/.m2/repository/javax/activation/javax.activation-api/1.2.0/javax.activation-api-1.2.0.jar:/home/alex/.m2/repository/org/rnorth/duct-tape/duct-tape/1.0.7/duct-tape-1.0.7.jar:/home/alex/.m2/repository/org/rnorth/visible-assertions/visible-assertions/2.1.2/visible-assertions-2.1.2.jar:/home/alex/.m2/repository/net/java/dev/jna/jna/5.2.0/jna-5.2.0.jar:/home/alex/.m2/repository/org/rnorth/tcp-unix-socket-proxy/1.0.2/tcp-unix-socket-proxy-1.0.2.jar:/home/alex/.m2/repository/com/kohlschutter/junixsocket/junixsocket-native-common/2.0.4/junixsocket-native-common-2.0.4.jar:/home/alex/.m2/repository/org/scijava/native-lib-loader/2.0.2/native-lib-loader-2.0.2.jar:/home/alex/.m2/repository/com/kohlschutter/junixsocket/junixsocket-common/2.0.4/junixsocket-common-2.0.4.jar:/home/alex/.m2/repository/net/java/dev/jna/jna-platform/5.2.0/jna-platform-5.2.0.jar:/home/alex/.m2/repository/org/slf4j/slf4j-api/1.7.32/slf4j-api-1.7.32.jar:/home/alex/.m2/repository/org/junit/jupiter/junit-jupiter-api/5.7.2/junit-jupiter-api-5.7.2.jar:/home/alex/.m2/repository/org/apiguardian/apiguardian-api/1.1.0/apiguardian-api-1.1.0.jar:/home/alex/.m2/repository/org/opentest4j/opentest4j/1.2.0/opentest4j-1.2.0.jar:/home/alex/.m2/repository/org/junit/platform/junit-platform-commons/1.7.2/junit-platform-commons-1.7.2.jar:/home/alex/.m2/repository/org/junit/jupiter/junit-jupiter-engine/5.7.2/junit-jupiter-engine-5.7.2.jar:/home/alex/.m2/repository/org/junit/platform/junit-platform-engine/1.7.2/junit-platform-engine-1.7.2.jar:/home/alex/.m2/repository/org/junit/vintage/junit-vintage-engine/5.7.2/junit-vintage-engine-5.7.2.jar:/home/alex/.m2/repository/org/junit/jupiter/junit-jupiter-params/5.7.2/junit-jupiter-params-5.7.2.jar:/home/alex/.m2/repository/org/mockito/mockito-core/3.11.2/mockito-core-3.11.2.jar:/home/alex/.m2/repository/net/bytebuddy/byte-buddy/1.11.3/byte-buddy-1.11.3.jar:/home/alex/.m2/repository/net/bytebuddy/byte-buddy-agent/1.11.3/byte-buddy-agent-1.11.3.jar:/home/alex/.m2/repository/org/objenesis/objenesis/3.2/objenesis-3.2.jar:/home/alex/.m2/repository/org/mockito/mockito-junit-jupiter/3.11.2/mockito-junit-jupiter-3.11.2.jar:/home/alex/.m2/repository/org/slf4j/slf4j-simple/1.7.32/slf4j-simple-1.7.32.jar:/home/alex/.m2/repository/org/codehaus/groovy/groovy-test/2.5.14/groovy-test-2.5.14.jar:/home/alex/.m2/repository/org/codehaus/groovy/groovy/2.5.14/groovy-2.5.14.jar:"/>
    <property name="sun.cpu.endian" value="little"/>
    <property name="user.home" value="/home/alex"/>
    <property name="user.language" value="en"/>
    <property name="java.specification.vendor" value="Oracle Corporation"/>
    <property name="java.home" value="/usr/lib/jvm/java-8-openjdk-amd64/jre"/>
    <property name="basedir" value="/home/alex/Repositories/nifi/nifi-nar-bundles/nifi-framework-bundle/nifi-framework/nifi-file-authorizer"/>
    <property name="file.separator" value="/"/>
    <property name="line.separator" value="&#10;"/>
    <property name="java.vm.specification.vendor" value="Oracle Corporation"/>
    <property name="java.specification.name" value="Java Platform API Specification"/>
    <property name="java.awt.graphicsenv" value="sun.awt.X11GraphicsEnvironment"/>
    <property name="java.awt.headless" value="true"/>
    <property name="surefire.real.class.path" value="/home/alex/Repositories/nifi/nifi-nar-bundles/nifi-framework-bundle/nifi-framework/nifi-file-authorizer/target/surefire/surefirebooter8491961840657879203.jar"/>
    <property name="sun.boot.class.path" value="/usr/lib/jvm/java-8-openjdk-amd64/jre/lib/resources.jar:/usr/lib/jvm/java-8-openjdk-amd64/jre/lib/rt.jar:/usr/lib/jvm/java-8-openjdk-amd64/jre/lib/sunrsasign.jar:/usr/lib/jvm/java-8-openjdk-amd64/jre/lib/jsse.jar:/usr/lib/jvm/java-8-openjdk-amd64/jre/lib/jce.jar:/usr/lib/jvm/java-8-openjdk-amd64/jre/lib/charsets.jar:/usr/lib/jvm/java-8-openjdk-amd64/jre/lib/jfr.jar:/usr/lib/jvm/java-8-openjdk-amd64/jre/classes"/>
    <property name="sun.management.compiler" value="HotSpot 64-Bit Tiered Compilers"/>
    <property name="java.runtime.version" value="1.8.0_402-8u402-ga-2ubuntu1~22.04-b06"/>
    <property name="java.net.preferIPv4Stack" value="true"/>
    <property name="user.name" value="alex"/>
    <property name="path.separator" value=":"/>
    <property name="os.version" value="6.5.0-28-generic"/>
    <property name="java.endorsed.dirs" value="/usr/lib/jvm/java-8-openjdk-amd64/jre/lib/endorsed"/>
    <property name="java.runtime.name" value="OpenJDK Runtime Environment"/>
    <property name="file.encoding" value="UTF-8"/>
    <property name="java.vm.name" value="OpenJDK 64-Bit Server VM"/>
    <property name="localRepository" value="/home/alex/.m2/repository"/>
    <property name="java.vendor.url.bug" value="http://bugreport.sun.com/bugreport/"/>
    <property name="java.io.tmpdir" value="/tmp"/>
    <property name="java.version" value="1.8.0_402"/>
    <property name="user.dir" value="/home/alex/Repositories/nifi/nifi-nar-bundles/nifi-framework-bundle/nifi-framework/nifi-file-authorizer"/>
    <property name="os.arch" value="amd64"/>
    <property name="java.vm.specification.name" value="Java Virtual Machine Specification"/>
    <property name="java.awt.printerjob" value="sun.print.PSPrinterJob"/>
    <property name="sun.os.patch.level" value="unknown"/>
    <property name="java.library.path" value="/usr/java/packages/lib/amd64:/usr/lib/x86_64-linux-gnu/jni:/lib/x86_64-linux-gnu:/usr/lib/x86_64-linux-gnu:/usr/lib/jni:/lib:/usr/lib"/>
    <property name="java.vm.info" value="mixed mode"/>
    <property name="java.vendor" value="Private Build"/>
    <property name="java.vm.version" value="25.402-b06"/>
    <property name="java.specification.maintenance.version" value="5"/>
    <property name="java.ext.dirs" value="/usr/lib/jvm/java-8-openjdk-amd64/jre/lib/ext:/usr/java/packages/lib/ext"/>
    <property name="sun.io.unicode.encoding" value="UnicodeLittle"/>
    <property name="java.class.version" value="52.0"/>
  </properties>
  <testcase name="testOnConfiguredWhenInitialAdminAndLegacyUsersProvided" classname="org.apache.nifi.authorization.FileAuthorizerTest" time="0.029">
    <system-err><![CDATA[[main] INFO org.apache.nifi.authorization.FileUserGroupProvider - Loading users from legacy model src/test/resources/authorized-users.xml into new users file.
[main] INFO org.apache.nifi.authorization.FileUserGroupProvider - Users/Groups file loaded at Thu May 02 03:05:41 WEST 2024
[main] WARN org.apache.nifi.util.FlowParser - Schema validation error parsing Flow Configuration at line 17, col 27: cvc-complex-type.2.4.a: Invalid content was found starting with element 'maxConcurrentTasks'. One of '{bundle}' is expected.
]]></system-err>
  </testcase>
  <testcase name="testOnConfiguredWhenTenantsAndAuthorizationsFileDoesNotExist" classname="org.apache.nifi.authorization.FileAuthorizerTest" time="0.025">
    <system-err><![CDATA[[main] INFO org.apache.nifi.authorization.FileUserGroupProvider - Creating new users file at /home/alex/Repositories/nifi/nifi-nar-bundles/nifi-framework-bundle/nifi-framework/nifi-file-authorizer/target/authorizations/users.xml
[main] INFO org.apache.nifi.authorization.FileUserGroupProvider - Users/Groups file loaded at Thu May 02 03:05:41 WEST 2024
[main] INFO org.apache.nifi.authorization.FileAccessPolicyProvider - Creating new authorizations file at /home/alex/Repositories/nifi/nifi-nar-bundles/nifi-framework-bundle/nifi-framework/nifi-file-authorizer/target/authorizations/authorizations.xml
[main] WARN org.apache.nifi.util.FlowParser - Schema validation error parsing Flow Configuration at line 17, col 27: cvc-complex-type.2.4.a: Invalid content was found starting with element 'maxConcurrentTasks'. One of '{bundle}' is expected.
[main] INFO org.apache.nifi.authorization.FileAccessPolicyProvider - Authorizations file loaded at Thu May 02 03:05:41 WEST 2024
]]></system-err>
  </testcase>
  <testcase name="testOnConfiguredWhenRestoreDoesNotExist" classname="org.apache.nifi.authorization.FileAuthorizerTest" time="0.022">
    <system-err><![CDATA[[main] INFO org.apache.nifi.authorization.FileUserGroupProvider - Users/Groups file loaded at Thu May 02 03:05:41 WEST 2024
[main] WARN org.apache.nifi.util.FlowParser - Schema validation error parsing Flow Configuration at line 17, col 27: cvc-complex-type.2.4.a: Invalid content was found starting with element 'maxConcurrentTasks'. One of '{bundle}' is expected.
[main] INFO org.apache.nifi.authorization.FileAccessPolicyProvider - Authorizations file loaded at Thu May 02 03:05:41 WEST 2024
]]></system-err>
  </testcase>
  <testcase name="testOnConfiguredWhenBadLegacyUsersFileProvided" classname="org.apache.nifi.authorization.FileAuthorizerTest" time="0.009">
    <system-err><![CDATA[[main] INFO org.apache.nifi.authorization.FileUserGroupProvider - Loading users from legacy model src/test/resources/does-not-exist.xml into new users file.
]]></system-err>
  </testcase>
  <testcase name="testOnConfiguredWhenInitialAdminNotProvided" classname="org.apache.nifi.authorization.FileAuthorizerTest" time="0.025">
    <system-err><![CDATA[[main] INFO org.apache.nifi.authorization.FileUserGroupProvider - Users/Groups file loaded at Thu May 02 03:05:41 WEST 2024
[main] WARN org.apache.nifi.util.FlowParser - Schema validation error parsing Flow Configuration at line 17, col 27: cvc-complex-type.2.4.a: Invalid content was found starting with element 'maxConcurrentTasks'. One of '{bundle}' is expected.
[main] INFO org.apache.nifi.authorization.FileAccessPolicyProvider - Authorizations file loaded at Thu May 02 03:05:41 WEST 2024
]]></system-err>
  </testcase>
  <testcase name="testOnConfiguredWhenInitialAdminProvidedAndFlowIsNull" classname="org.apache.nifi.authorization.FileAuthorizerTest" time="0.02">
    <system-err><![CDATA[[main] INFO org.apache.nifi.authorization.FileUserGroupProvider - Users/Groups file loaded at Thu May 02 03:05:41 WEST 2024
[main] INFO org.apache.nifi.authorization.FileAccessPolicyProvider - Populating authorizations for Initial Admin: admin-user
[main] INFO org.apache.nifi.authorization.FileAccessPolicyProvider - Authorizations file loaded at Thu May 02 03:05:41 WEST 2024
]]></system-err>
  </testcase>
  <testcase name="testOnConfiguredWhenAuthorizationsFileDoesNotExist" classname="org.apache.nifi.authorization.FileAuthorizerTest" time="0.026">
    <system-err><![CDATA[[main] INFO org.apache.nifi.authorization.FileUserGroupProvider - Users/Groups file loaded at Thu May 02 03:05:41 WEST 2024
[main] INFO org.apache.nifi.authorization.FileAccessPolicyProvider - Creating new authorizations file at /home/alex/Repositories/nifi/nifi-nar-bundles/nifi-framework-bundle/nifi-framework/nifi-file-authorizer/target/authorizations/authorizations.xml
[main] WARN org.apache.nifi.util.FlowParser - Schema validation error parsing Flow Configuration at line 17, col 27: cvc-complex-type.2.4.a: Invalid content was found starting with element 'maxConcurrentTasks'. One of '{bundle}' is expected.
[main] INFO org.apache.nifi.authorization.FileAccessPolicyProvider - Authorizations file loaded at Thu May 02 03:05:41 WEST 2024
]]></system-err>
  </testcase>
  <testcase name="testOnConfiguredWithBadTenantsSchema" classname="org.apache.nifi.authorization.FileAuthorizerTest" time="0.009"/>
  <testcase name="testAddUser" classname="org.apache.nifi.authorization.FileAuthorizerTest" time="0.026">
    <system-err><![CDATA[[main] INFO org.apache.nifi.authorization.FileUserGroupProvider - Users/Groups file loaded at Thu May 02 03:05:41 WEST 2024
[main] WARN org.apache.nifi.util.FlowParser - Schema validation error parsing Flow Configuration at line 17, col 27: cvc-complex-type.2.4.a: Invalid content was found starting with element 'maxConcurrentTasks'. One of '{bundle}' is expected.
[main] INFO org.apache.nifi.authorization.FileAccessPolicyProvider - Authorizations file loaded at Thu May 02 03:05:41 WEST 2024
]]></system-err>
  </testcase>
  <testcase name="testUpdateAccessPolicyWhenResourceNotFound" classname="org.apache.nifi.authorization.FileAuthorizerTest" time="0.017">
    <system-err><![CDATA[[main] INFO org.apache.nifi.authorization.FileUserGroupProvider - Users/Groups file loaded at Thu May 02 03:05:41 WEST 2024
[main] INFO org.apache.nifi.authorization.FileAccessPolicyProvider - Authorizations file loaded at Thu May 02 03:05:41 WEST 2024
]]></system-err>
  </testcase>
  <testcase name="testGetUserByIdentifierWhenFound" classname="org.apache.nifi.authorization.FileAuthorizerTest" time="0.016">
    <system-err><![CDATA[[main] INFO org.apache.nifi.authorization.FileUserGroupProvider - Users/Groups file loaded at Thu May 02 03:05:41 WEST 2024
[main] INFO org.apache.nifi.authorization.FileAccessPolicyProvider - Authorizations file loaded at Thu May 02 03:05:41 WEST 2024
]]></system-err>
  </testcase>
  <testcase name="testOnConfiguredWhenNodeIdentitiesProvided" classname="org.apache.nifi.authorization.FileAuthorizerTest" time="0.026">
    <system-err><![CDATA[[main] INFO org.apache.nifi.authorization.FileUserGroupProvider - Users/Groups file loaded at Thu May 02 03:05:41 WEST 2024
[main] INFO org.apache.nifi.authorization.FileAccessPolicyProvider - Added mapped node node1 (raw node identity node1)
[main] INFO org.apache.nifi.authorization.FileAccessPolicyProvider - Added mapped node node2 (raw node identity node2)
[main] WARN org.apache.nifi.util.FlowParser - Schema validation error parsing Flow Configuration at line 17, col 27: cvc-complex-type.2.4.a: Invalid content was found starting with element 'maxConcurrentTasks'. One of '{bundle}' is expected.
[main] INFO org.apache.nifi.authorization.FileAccessPolicyProvider - Populating authorizations for Initial Admin: admin-user
[main] INFO org.apache.nifi.authorization.FileAccessPolicyProvider - Authorizations file loaded at Thu May 02 03:05:41 WEST 2024
]]></system-err>
  </testcase>
  <testcase name="testGetUserByIdentityWhenFound" classname="org.apache.nifi.authorization.FileAuthorizerTest" time="0.017">
    <system-err><![CDATA[[main] INFO org.apache.nifi.authorization.FileUserGroupProvider - Users/Groups file loaded at Thu May 02 03:05:41 WEST 2024
[main] INFO org.apache.nifi.authorization.FileAccessPolicyProvider - Authorizations file loaded at Thu May 02 03:05:41 WEST 2024
]]></system-err>
  </testcase>
  <testcase name="testDeleteAccessPolicy" classname="org.apache.nifi.authorization.FileAuthorizerTest" time="0.017">
    <system-err><![CDATA[[main] INFO org.apache.nifi.authorization.FileUserGroupProvider - Users/Groups file loaded at Thu May 02 03:05:41 WEST 2024
[main] INFO org.apache.nifi.authorization.FileAccessPolicyProvider - Authorizations file loaded at Thu May 02 03:05:41 WEST 2024
]]></system-err>
  </testcase>
  <testcase name="testGetAccessPolicy" classname="org.apache.nifi.authorization.FileAuthorizerTest" time="0.015">
    <system-err><![CDATA[[main] INFO org.apache.nifi.authorization.FileUserGroupProvider - Users/Groups file loaded at Thu May 02 03:05:41 WEST 2024
[main] INFO org.apache.nifi.authorization.FileAccessPolicyProvider - Authorizations file loaded at Thu May 02 03:05:41 WEST 2024
]]></system-err>
  </testcase>
  <testcase name="testUpdateUserWhenFound" classname="org.apache.nifi.authorization.FileAuthorizerTest" time="0.018">
    <system-err><![CDATA[[main] INFO org.apache.nifi.authorization.FileUserGroupProvider - Users/Groups file loaded at Thu May 02 03:05:41 WEST 2024
[main] INFO org.apache.nifi.authorization.FileAccessPolicyProvider - Authorizations file loaded at Thu May 02 03:05:41 WEST 2024
]]></system-err>
  </testcase>
  <testcase name="testOnConfiguredWhenLegacyUsersFileProvidedWithIdentityMappings" classname="org.apache.nifi.authorization.FileAuthorizerTest" time="0.032">
    <system-err><![CDATA[[main] INFO org.apache.nifi.authorization.FileUserGroupProvider - Loading users from legacy model src/test/resources/authorized-users-with-dns.xml into new users file.
[main] INFO org.apache.nifi.authorization.FileUserGroupProvider - Users/Groups file loaded at Thu May 02 03:05:41 WEST 2024
[main] WARN org.apache.nifi.util.FlowParser - Schema validation error parsing Flow Configuration at line 17, col 27: cvc-complex-type.2.4.a: Invalid content was found starting with element 'maxConcurrentTasks'. One of '{bundle}' is expected.
[main] INFO org.apache.nifi.authorization.FileAccessPolicyProvider - Converting src/test/resources/authorized-users-with-dns.xml to new authorizations model
[main] INFO org.apache.nifi.authorization.FileAccessPolicyProvider - Authorizations file loaded at Thu May 02 03:05:41 WEST 2024
]]></system-err>
  </testcase>
  <testcase name="testUpdateAccessPolicy" classname="org.apache.nifi.authorization.FileAuthorizerTest" time="0.017">
    <system-err><![CDATA[[main] INFO org.apache.nifi.authorization.FileUserGroupProvider - Users/Groups file loaded at Thu May 02 03:05:41 WEST 2024
[main] INFO org.apache.nifi.authorization.FileAccessPolicyProvider - Authorizations file loaded at Thu May 02 03:05:41 WEST 2024
]]></system-err>
  </testcase>
  <testcase name="testUpdateGroupWhenFound" classname="org.apache.nifi.authorization.FileAuthorizerTest" time="0.014">
    <system-err><![CDATA[[main] INFO org.apache.nifi.authorization.FileUserGroupProvider - Users/Groups file loaded at Thu May 02 03:05:41 WEST 2024
[main] INFO org.apache.nifi.authorization.FileAccessPolicyProvider - Authorizations file loaded at Thu May 02 03:05:41 WEST 2024
]]></system-err>
  </testcase>
  <testcase name="testOnConfiguredWhenTenantsFileDoesNotExist" classname="org.apache.nifi.authorization.FileAuthorizerTest" time="0.02">
    <system-err><![CDATA[[main] INFO org.apache.nifi.authorization.FileUserGroupProvider - Creating new users file at /home/alex/Repositories/nifi/nifi-nar-bundles/nifi-framework-bundle/nifi-framework/nifi-file-authorizer/target/authorizations/users.xml
[main] INFO org.apache.nifi.authorization.FileUserGroupProvider - Users/Groups file loaded at Thu May 02 03:05:41 WEST 2024
[main] WARN org.apache.nifi.util.FlowParser - Schema validation error parsing Flow Configuration at line 17, col 27: cvc-complex-type.2.4.a: Invalid content was found starting with element 'maxConcurrentTasks'. One of '{bundle}' is expected.
[main] INFO org.apache.nifi.authorization.FileAccessPolicyProvider - Authorizations file loaded at Thu May 02 03:05:41 WEST 2024
]]></system-err>
  </testcase>
  <testcase name="testDeleteAccessPolicyWhenNotFound" classname="org.apache.nifi.authorization.FileAuthorizerTest" time="0.016">
    <system-err><![CDATA[[main] INFO org.apache.nifi.authorization.FileUserGroupProvider - Users/Groups file loaded at Thu May 02 03:05:41 WEST 2024
[main] INFO org.apache.nifi.authorization.FileAccessPolicyProvider - Authorizations file loaded at Thu May 02 03:05:41 WEST 2024
]]></system-err>
  </testcase>
  <testcase name="testOnConfiguredWhenLegacyUsersFileProvided" classname="org.apache.nifi.authorization.FileAuthorizerTest" time="0.033">
    <system-err><![CDATA[[main] INFO org.apache.nifi.authorization.FileUserGroupProvider - Loading users from legacy model src/test/resources/authorized-users.xml into new users file.
[main] INFO org.apache.nifi.authorization.FileUserGroupProvider - Users/Groups file loaded at Thu May 02 03:05:41 WEST 2024
[main] WARN org.apache.nifi.util.FlowParser - Schema validation error parsing Flow Configuration at line 17, col 27: cvc-complex-type.2.4.a: Invalid content was found starting with element 'maxConcurrentTasks'. One of '{bundle}' is expected.
[main] INFO org.apache.nifi.authorization.FileAccessPolicyProvider - Converting src/test/resources/authorized-users.xml to new authorizations model
[main] INFO org.apache.nifi.authorization.FileAccessPolicyProvider - Authorizations file loaded at Thu May 02 03:05:41 WEST 2024
]]></system-err>
  </testcase>
  <testcase name="testAddGroup" classname="org.apache.nifi.authorization.FileAuthorizerTest" time="0.022">
    <system-err><![CDATA[[main] INFO org.apache.nifi.authorization.FileUserGroupProvider - Users/Groups file loaded at Thu May 02 03:05:41 WEST 2024
[main] WARN org.apache.nifi.util.FlowParser - Schema validation error parsing Flow Configuration at line 17, col 27: cvc-complex-type.2.4.a: Invalid content was found starting with element 'maxConcurrentTasks'. One of '{bundle}' is expected.
[main] INFO org.apache.nifi.authorization.FileAccessPolicyProvider - Authorizations file loaded at Thu May 02 03:05:41 WEST 2024
]]></system-err>
  </testcase>
  <testcase name="testAddAccessPolicy" classname="org.apache.nifi.authorization.FileAuthorizerTest" time="0.023">
    <system-err><![CDATA[[main] INFO org.apache.nifi.authorization.FileUserGroupProvider - Users/Groups file loaded at Thu May 02 03:05:41 WEST 2024
[main] WARN org.apache.nifi.util.FlowParser - Schema validation error parsing Flow Configuration at line 17, col 27: cvc-complex-type.2.4.a: Invalid content was found starting with element 'maxConcurrentTasks'. One of '{bundle}' is expected.
[main] INFO org.apache.nifi.authorization.FileAccessPolicyProvider - Authorizations file loaded at Thu May 02 03:05:41 WEST 2024
]]></system-err>
  </testcase>
  <testcase name="testGetUserByIdentifierWhenNotFound" classname="org.apache.nifi.authorization.FileAuthorizerTest" time="0.015">
    <system-err><![CDATA[[main] INFO org.apache.nifi.authorization.FileUserGroupProvider - Users/Groups file loaded at Thu May 02 03:05:41 WEST 2024
[main] INFO org.apache.nifi.authorization.FileAccessPolicyProvider - Authorizations file loaded at Thu May 02 03:05:41 WEST 2024
]]></system-err>
  </testcase>
  <testcase name="testOnConfiguredWhenInitialAdminProvidedWithIdentityMapping" classname="org.apache.nifi.authorization.FileAuthorizerTest" time="0.021">
    <system-err><![CDATA[[main] INFO org.apache.nifi.authorization.FileUserGroupProvider - Users/Groups file loaded at Thu May 02 03:05:41 WEST 2024
[main] WARN org.apache.nifi.util.FlowParser - Schema validation error parsing Flow Configuration at line 17, col 27: cvc-complex-type.2.4.a: Invalid content was found starting with element 'maxConcurrentTasks'. One of '{bundle}' is expected.
[main] INFO org.apache.nifi.authorization.FileAccessPolicyProvider - Populating authorizations for Initial Admin: localhost_Apache NiFi_Apache
[main] INFO org.apache.nifi.authorization.FileAccessPolicyProvider - Authorizations file loaded at Thu May 02 03:05:41 WEST 2024
]]></system-err>
  </testcase>
  <testcase name="testAddGroupWithUser" classname="org.apache.nifi.authorization.FileAuthorizerTest" time="0.014">
    <system-err><![CDATA[[main] INFO org.apache.nifi.authorization.FileUserGroupProvider - Users/Groups file loaded at Thu May 02 03:05:41 WEST 2024
[main] INFO org.apache.nifi.authorization.FileAccessPolicyProvider - Authorizations file loaded at Thu May 02 03:05:42 WEST 2024
]]></system-err>
  </testcase>
  <testcase name="testDeleteGroupWhenFound" classname="org.apache.nifi.authorization.FileAuthorizerTest" time="0.013">
    <system-err><![CDATA[[main] INFO org.apache.nifi.authorization.FileUserGroupProvider - Users/Groups file loaded at Thu May 02 03:05:42 WEST 2024
[main] INFO org.apache.nifi.authorization.FileAccessPolicyProvider - Authorizations file loaded at Thu May 02 03:05:42 WEST 2024
]]></system-err>
  </testcase>
  <testcase name="testOnConfiguredWhenNodeIdentitiesProvidedAndUsersAlreadyExist" classname="org.apache.nifi.authorization.FileAuthorizerTest" time="0.02">
    <system-err><![CDATA[[main] INFO org.apache.nifi.authorization.FileUserGroupProvider - Users/Groups file loaded at Thu May 02 03:05:42 WEST 2024
[main] INFO org.apache.nifi.authorization.FileAccessPolicyProvider - Added mapped node node1 (raw node identity node1)
[main] INFO org.apache.nifi.authorization.FileAccessPolicyProvider - Added mapped node node2 (raw node identity node2)
[main] WARN org.apache.nifi.util.FlowParser - Schema validation error parsing Flow Configuration at line 17, col 27: cvc-complex-type.2.4.a: Invalid content was found starting with element 'maxConcurrentTasks'. One of '{bundle}' is expected.
[main] INFO org.apache.nifi.authorization.FileAccessPolicyProvider - Populating authorizations for Initial Admin: admin-user
[main] INFO org.apache.nifi.authorization.FileAccessPolicyProvider - Authorizations file loaded at Thu May 02 03:05:42 WEST 2024
]]></system-err>
  </testcase>
  <testcase name="testOnConfiguredWhenInitialAdminProvidedAndNoFlowExists" classname="org.apache.nifi.authorization.FileAuthorizerTest" time="0.016">
    <system-err><![CDATA[[main] INFO org.apache.nifi.authorization.FileUserGroupProvider - Users/Groups file loaded at Thu May 02 03:05:42 WEST 2024
[main] WARN org.apache.nifi.util.FlowParser - Flow Configuration does not exist or was empty
[main] INFO org.apache.nifi.authorization.FileAccessPolicyProvider - Populating authorizations for Initial Admin: admin-user
[main] INFO org.apache.nifi.authorization.FileAccessPolicyProvider - Authorizations file loaded at Thu May 02 03:05:42 WEST 2024
]]></system-err>
  </testcase>
  <testcase name="testOnConfiguredWhenLegacyUsersFileProvidedAndFlowHasNoPorts" classname="org.apache.nifi.authorization.FileAuthorizerTest" time="0.021">
    <system-err><![CDATA[[main] INFO org.apache.nifi.authorization.FileUserGroupProvider - Loading users from legacy model src/test/resources/authorized-users.xml into new users file.
[main] INFO org.apache.nifi.authorization.FileUserGroupProvider - Users/Groups file loaded at Thu May 02 03:05:42 WEST 2024
[main] WARN org.apache.nifi.util.FlowParser - Schema validation error parsing Flow Configuration at line 17, col 27: cvc-complex-type.2.4.a: Invalid content was found starting with element 'maxConcurrentTasks'. One of '{bundle}' is expected.
[main] INFO org.apache.nifi.authorization.FileAccessPolicyProvider - Converting src/test/resources/authorized-users.xml to new authorizations model
[main] INFO org.apache.nifi.authorization.FileAccessPolicyProvider - Authorizations file loaded at Thu May 02 03:05:42 WEST 2024
]]></system-err>
  </testcase>
  <testcase name="testOnConfiguredWhenPrimaryAuthorizationsDifferentThanRestore" classname="org.apache.nifi.authorization.FileAuthorizerTest" time="0.009">
    <system-err><![CDATA[[main] INFO org.apache.nifi.authorization.FileUserGroupProvider - Creating new users file at /home/alex/Repositories/nifi/nifi-nar-bundles/nifi-framework-bundle/nifi-framework/nifi-file-authorizer/target/authorizations/users.xml
[main] INFO org.apache.nifi.authorization.FileUserGroupProvider - Users/Groups file loaded at Thu May 02 03:05:42 WEST 2024
]]></system-err>
  </testcase>
  <testcase name="testOnConfiguredWhenInitialAdminProvided" classname="org.apache.nifi.authorization.FileAuthorizerTest" time="0.017">
    <system-err><![CDATA[[main] INFO org.apache.nifi.authorization.FileUserGroupProvider - Users/Groups file loaded at Thu May 02 03:05:42 WEST 2024
[main] WARN org.apache.nifi.util.FlowParser - Schema validation error parsing Flow Configuration at line 17, col 27: cvc-complex-type.2.4.a: Invalid content was found starting with element 'maxConcurrentTasks'. One of '{bundle}' is expected.
[main] INFO org.apache.nifi.authorization.FileAccessPolicyProvider - Populating authorizations for Initial Admin: admin-user
[main] INFO org.apache.nifi.authorization.FileAccessPolicyProvider - Authorizations file loaded at Thu May 02 03:05:42 WEST 2024
]]></system-err>
  </testcase>
  <testcase name="testUpdateGroupWhenNotFound" classname="org.apache.nifi.authorization.FileAuthorizerTest" time="0.013">
    <system-err><![CDATA[[main] INFO org.apache.nifi.authorization.FileUserGroupProvider - Users/Groups file loaded at Thu May 02 03:05:42 WEST 2024
[main] INFO org.apache.nifi.authorization.FileAccessPolicyProvider - Authorizations file loaded at Thu May 02 03:05:42 WEST 2024
]]></system-err>
  </testcase>
  <testcase name="testGetAccessPolicyWhenNotFound" classname="org.apache.nifi.authorization.FileAuthorizerTest" time="0.013">
    <system-err><![CDATA[[main] INFO org.apache.nifi.authorization.FileUserGroupProvider - Users/Groups file loaded at Thu May 02 03:05:42 WEST 2024
[main] INFO org.apache.nifi.authorization.FileAccessPolicyProvider - Authorizations file loaded at Thu May 02 03:05:42 WEST 2024
]]></system-err>
  </testcase>
  <testcase name="testGetGroupByIdentifierWhenNotFound" classname="org.apache.nifi.authorization.FileAuthorizerTest" time="0.012">
    <system-err><![CDATA[[main] INFO org.apache.nifi.authorization.FileUserGroupProvider - Users/Groups file loaded at Thu May 02 03:05:42 WEST 2024
[main] INFO org.apache.nifi.authorization.FileAccessPolicyProvider - Authorizations file loaded at Thu May 02 03:05:42 WEST 2024
]]></system-err>
  </testcase>
  <testcase name="testAddAccessPolicyWithEmptyUsersAndGroups" classname="org.apache.nifi.authorization.FileAuthorizerTest" time="0.017">
    <system-err><![CDATA[[main] INFO org.apache.nifi.authorization.FileUserGroupProvider - Users/Groups file loaded at Thu May 02 03:05:42 WEST 2024
[main] WARN org.apache.nifi.util.FlowParser - Schema validation error parsing Flow Configuration at line 17, col 27: cvc-complex-type.2.4.a: Invalid content was found starting with element 'maxConcurrentTasks'. One of '{bundle}' is expected.
[main] INFO org.apache.nifi.authorization.FileAccessPolicyProvider - Authorizations file loaded at Thu May 02 03:05:42 WEST 2024
]]></system-err>
  </testcase>
  <testcase name="testOnConfiguredWithBadAuthorizationsSchema" classname="org.apache.nifi.authorization.FileAuthorizerTest" time="0.011">
    <system-err><![CDATA[[main] INFO org.apache.nifi.authorization.FileUserGroupProvider - Creating new users file at /home/alex/Repositories/nifi/nifi-nar-bundles/nifi-framework-bundle/nifi-framework/nifi-file-authorizer/target/authorizations/users.xml
[main] INFO org.apache.nifi.authorization.FileUserGroupProvider - Users/Groups file loaded at Thu May 02 03:05:42 WEST 2024
]]></system-err>
  </testcase>
  <testcase name="testOnConfiguredWhenLegacyUsersFileProvidedWithOverlappingRoles" classname="org.apache.nifi.authorization.FileAuthorizerTest" time="0.02">
    <system-err><![CDATA[[main] INFO org.apache.nifi.authorization.FileUserGroupProvider - Loading users from legacy model src/test/resources/authorized-users-multirole.xml into new users file.
[main] INFO org.apache.nifi.authorization.FileUserGroupProvider - Users/Groups file loaded at Thu May 02 03:05:42 WEST 2024
[main] WARN org.apache.nifi.util.FlowParser - Schema validation error parsing Flow Configuration at line 17, col 27: cvc-complex-type.2.4.a: Invalid content was found starting with element 'maxConcurrentTasks'. One of '{bundle}' is expected.
[main] INFO org.apache.nifi.authorization.FileAccessPolicyProvider - Converting src/test/resources/authorized-users-multirole.xml to new authorizations model
[main] WARN org.apache.nifi.authorization.FileAccessPolicyProvider - Found port with user access control for user6 but no user exists with this identity, skipping...
[main] WARN org.apache.nifi.authorization.FileAccessPolicyProvider - Found port with user access control for user4 but no user exists with this identity, skipping...
[main] INFO org.apache.nifi.authorization.FileAccessPolicyProvider - Authorizations file loaded at Thu May 02 03:05:42 WEST 2024
]]></system-err>
  </testcase>
  <testcase name="testOnConfiguredWhenNodeIdentitiesProvidedWithIdentityMappings" classname="org.apache.nifi.authorization.FileAuthorizerTest" time="0.019">
    <system-err><![CDATA[[main] INFO org.apache.nifi.authorization.FileUserGroupProvider - Users/Groups file loaded at Thu May 02 03:05:42 WEST 2024
[main] INFO org.apache.nifi.authorization.FileAccessPolicyProvider - Added mapped node node1 (raw node identity CN=node1, OU=Apache NiFi, O=Apache, L=Santa Monica, ST=CA, C=US)
[main] INFO org.apache.nifi.authorization.FileAccessPolicyProvider - Added mapped node node2 (raw node identity CN=node2, OU=Apache NiFi, O=Apache, L=Santa Monica, ST=CA, C=US)
[main] WARN org.apache.nifi.util.FlowParser - Schema validation error parsing Flow Configuration at line 17, col 27: cvc-complex-type.2.4.a: Invalid content was found starting with element 'maxConcurrentTasks'. One of '{bundle}' is expected.
[main] INFO org.apache.nifi.authorization.FileAccessPolicyProvider - Populating authorizations for Initial Admin: user1
[main] INFO org.apache.nifi.authorization.FileAccessPolicyProvider - Authorizations file loaded at Thu May 02 03:05:42 WEST 2024
]]></system-err>
  </testcase>
  <testcase name="testDeleteUser" classname="org.apache.nifi.authorization.FileAuthorizerTest" time="0.013">
    <system-err><![CDATA[[main] INFO org.apache.nifi.authorization.FileUserGroupProvider - Users/Groups file loaded at Thu May 02 03:05:42 WEST 2024
[main] INFO org.apache.nifi.authorization.FileAccessPolicyProvider - Authorizations file loaded at Thu May 02 03:05:42 WEST 2024
]]></system-err>
  </testcase>
  <testcase name="testAuthorizedUserAction" classname="org.apache.nifi.authorization.FileAuthorizerTest" time="0.014">
    <system-err><![CDATA[[main] INFO org.apache.nifi.authorization.FileUserGroupProvider - Users/Groups file loaded at Thu May 02 03:05:42 WEST 2024
[main] INFO org.apache.nifi.authorization.FileAccessPolicyProvider - Authorizations file loaded at Thu May 02 03:05:42 WEST 2024
]]></system-err>
  </testcase>
  <testcase name="testOnConfiguredWhenPrimaryDoesNotExist" classname="org.apache.nifi.authorization.FileAuthorizerTest" time="0.005">
    <system-err><![CDATA[[main] INFO org.apache.nifi.authorization.FileUserGroupProvider - Creating new users file at /home/alex/Repositories/nifi/nifi-nar-bundles/nifi-framework-bundle/nifi-framework/nifi-file-authorizer/target/authorizations/users.xml
]]></system-err>
  </testcase>
  <testcase name="testGetUserByIdentityWhenNotFound" classname="org.apache.nifi.authorization.FileAuthorizerTest" time="0.012">
    <system-err><![CDATA[[main] INFO org.apache.nifi.authorization.FileUserGroupProvider - Users/Groups file loaded at Thu May 02 03:05:42 WEST 2024
[main] INFO org.apache.nifi.authorization.FileAccessPolicyProvider - Authorizations file loaded at Thu May 02 03:05:42 WEST 2024
]]></system-err>
  </testcase>
  <testcase name="testGetAllUsersGroupsPolicies" classname="org.apache.nifi.authorization.FileAuthorizerTest" time="0.012">
    <system-err><![CDATA[[main] INFO org.apache.nifi.authorization.FileUserGroupProvider - Users/Groups file loaded at Thu May 02 03:05:42 WEST 2024
[main] INFO org.apache.nifi.authorization.FileAccessPolicyProvider - Authorizations file loaded at Thu May 02 03:05:42 WEST 2024
]]></system-err>
  </testcase>
  <testcase name="testAddGroupWhenUserDoesNotExist" classname="org.apache.nifi.authorization.FileAuthorizerTest" time="0.016">
    <system-err><![CDATA[[main] INFO org.apache.nifi.authorization.FileUserGroupProvider - Users/Groups file loaded at Thu May 02 03:05:42 WEST 2024
[main] WARN org.apache.nifi.util.FlowParser - Schema validation error parsing Flow Configuration at line 17, col 27: cvc-complex-type.2.4.a: Invalid content was found starting with element 'maxConcurrentTasks'. One of '{bundle}' is expected.
[main] INFO org.apache.nifi.authorization.FileAccessPolicyProvider - Authorizations file loaded at Thu May 02 03:05:42 WEST 2024
]]></system-err>
  </testcase>
  <testcase name="testOnConfiguredWhenPrimaryTenantsDifferentThanRestore" classname="org.apache.nifi.authorization.FileAuthorizerTest" time="0.004"/>
  <testcase name="testDeleteGroupWhenNotFound" classname="org.apache.nifi.authorization.FileAuthorizerTest" time="0.012">
    <system-err><![CDATA[[main] INFO org.apache.nifi.authorization.FileUserGroupProvider - Users/Groups file loaded at Thu May 02 03:05:42 WEST 2024
[main] INFO org.apache.nifi.authorization.FileAccessPolicyProvider - Authorizations file loaded at Thu May 02 03:05:42 WEST 2024
]]></system-err>
  </testcase>
  <testcase name="testDeleteUserWhenNotFound" classname="org.apache.nifi.authorization.FileAuthorizerTest" time="0.012">
    <system-err><![CDATA[[main] INFO org.apache.nifi.authorization.FileUserGroupProvider - Users/Groups file loaded at Thu May 02 03:05:42 WEST 2024
[main] INFO org.apache.nifi.authorization.FileAccessPolicyProvider - Authorizations file loaded at Thu May 02 03:05:42 WEST 2024
]]></system-err>
  </testcase>
  <testcase name="testUpdateUserWhenNotFound" classname="org.apache.nifi.authorization.FileAuthorizerTest" time="0.012">
    <system-err><![CDATA[[main] INFO org.apache.nifi.authorization.FileUserGroupProvider - Users/Groups file loaded at Thu May 02 03:05:42 WEST 2024
[main] INFO org.apache.nifi.authorization.FileAccessPolicyProvider - Authorizations file loaded at Thu May 02 03:05:42 WEST 2024
]]></system-err>
  </testcase>
  <testcase name="testUnauthorizedAction" classname="org.apache.nifi.authorization.FileAuthorizerTest" time="0.012">
    <system-err><![CDATA[[main] INFO org.apache.nifi.authorization.FileUserGroupProvider - Users/Groups file loaded at Thu May 02 03:05:42 WEST 2024
[main] INFO org.apache.nifi.authorization.FileAccessPolicyProvider - Authorizations file loaded at Thu May 02 03:05:42 WEST 2024
]]></system-err>
  </testcase>
  <testcase name="testUnauthorizedUser" classname="org.apache.nifi.authorization.FileAuthorizerTest" time="0.012">
    <system-err><![CDATA[[main] INFO org.apache.nifi.authorization.FileUserGroupProvider - Users/Groups file loaded at Thu May 02 03:05:42 WEST 2024
[main] INFO org.apache.nifi.authorization.FileAccessPolicyProvider - Authorizations file loaded at Thu May 02 03:05:42 WEST 2024
]]></system-err>
  </testcase>
  <testcase name="testGetGroupByIdentifierWhenFound" classname="org.apache.nifi.authorization.FileAuthorizerTest" time="0.013">
    <system-err><![CDATA[[main] INFO org.apache.nifi.authorization.FileUserGroupProvider - Users/Groups file loaded at Thu May 02 03:05:42 WEST 2024
[main] INFO org.apache.nifi.authorization.FileAccessPolicyProvider - Authorizations file loaded at Thu May 02 03:05:42 WEST 2024
]]></system-err>
  </testcase>
</testsuite>