<?xml version="1.0" encoding="UTF-8"?>
<testsuite xmlns:xsi="http://www.w3.org/2001/XMLSchema-instance" xsi:noNamespaceSchemaLocation="https://maven.apache.org/surefire/maven-surefire-plugin/xsd/surefire-test-report-3.0.xsd" version="3.0" name="org.apache.nifi.processors.hadoop.PutHDFSTest" time="0.411" tests="17" errors="0" skipped="0" failures="0">
  <properties>
    <property name="sun.desktop" value="gnome"/>
    <property name="awt.toolkit" value="sun.awt.X11.XToolkit"/>
    <property name="file.encoding.pkg" value="sun.io"/>
    <property name="java.specification.version" value="1.8"/>
    <property name="sun.cpu.isalist" value=""/>
    <property name="sun.jnu.encoding" value="UTF-8"/>
    <property name="java.class.path" value="/home/alex/Repositories/nifi/nifi-nar-bundles/nifi-hadoop-bundle/nifi-hdfs-processors/target/test-classes:/home/alex/Repositories/nifi/nifi-nar-bundles/nifi-hadoop-bundle/nifi-hdfs-processors/target/classes:/home/alex/Repositories/nifi/nifi-api/target/classes:/home/alex/Repositories/nifi/nifi-commons/nifi-utils/target/classes:/home/alex/Repositories/nifi/nifi-nar-bundles/nifi-extension-utils/nifi-hadoop-utils/target/classes:/home/alex/Repositories/nifi/nifi-commons/nifi-security-kerberos/target/classes:/home/alex/Repositories/nifi/nifi-commons/nifi-security-kerberos-api/target/classes:/home/alex/.m2/repository/org/apache/commons/commons-lang3/3.9/commons-lang3-3.9.jar:/home/alex/Repositories/nifi/nifi-commons/nifi-flowfile-packager/target/classes:/home/alex/.m2/repository/org/apache/commons/commons-compress/1.21/commons-compress-1.21.jar:/home/alex/.m2/repository/org/apache/commons/commons-text/1.8/commons-text-1.8.jar:/home/alex/.m2/repository/org/apache/hadoop/hadoop-common/3.3.0/hadoop-common-3.3.0.jar:/home/alex/.m2/repository/org/apache/hadoop/thirdparty/hadoop-shaded-protobuf_3_7/1.0.0/hadoop-shaded-protobuf_3_7-1.0.0.jar:/home/alex/.m2/repository/org/apache/hadoop/hadoop-annotations/3.3.0/hadoop-annotations-3.3.0.jar:/usr/lib/jvm/java-8-openjdk-amd64/jre/../lib/tools.jar:/home/alex/.m2/repository/com/google/guava/guava/27.0-jre/guava-27.0-jre.jar:/home/alex/.m2/repository/com/google/guava/failureaccess/1.0/failureaccess-1.0.jar:/home/alex/.m2/repository/com/google/guava/listenablefuture/9999.0-empty-to-avoid-conflict-with-guava/listenablefuture-9999.0-empty-to-avoid-conflict-with-guava.jar:/home/alex/.m2/repository/com/google/j2objc/j2objc-annotations/1.1/j2objc-annotations-1.1.jar:/home/alex/.m2/repository/org/codehaus/mojo/animal-sniffer-annotations/1.17/animal-sniffer-annotations-1.17.jar:/home/alex/.m2/repository/commons-cli/commons-cli/1.2/commons-cli-1.2.jar:/home/alex/.m2/repository/org/apache/commons/commons-math3/3.1.1/commons-math3-3.1.1.jar:/home/alex/.m2/repository/org/apache/httpcomponents/httpclient/4.5.6/httpclient-4.5.6.jar:/home/alex/.m2/repository/org/apache/httpcomponents/httpcore/4.4.10/httpcore-4.4.10.jar:/home/alex/.m2/repository/commons-codec/commons-codec/1.11/commons-codec-1.11.jar:/home/alex/.m2/repository/commons-net/commons-net/3.6/commons-net-3.6.jar:/home/alex/.m2/repository/commons-collections/commons-collections/3.2.2/commons-collections-3.2.2.jar:/home/alex/.m2/repository/javax/servlet/javax.servlet-api/3.1.0/javax.servlet-api-3.1.0.jar:/home/alex/.m2/repository/javax/activation/javax.activation-api/1.2.0/javax.activation-api-1.2.0.jar:/home/alex/.m2/repository/org/eclipse/jetty/jetty-server/9.4.44.v20210927/jetty-server-9.4.44.v20210927.jar:/home/alex/.m2/repository/org/eclipse/jetty/jetty-http/9.4.44.v20210927/jetty-http-9.4.44.v20210927.jar:/home/alex/.m2/repository/org/eclipse/jetty/jetty-io/9.4.44.v20210927/jetty-io-9.4.44.v20210927.jar:/home/alex/.m2/repository/org/eclipse/jetty/jetty-util/9.4.44.v20210927/jetty-util-9.4.44.v20210927.jar:/home/alex/.m2/repository/org/eclipse/jetty/jetty-servlet/9.4.44.v20210927/jetty-servlet-9.4.44.v20210927.jar:/home/alex/.m2/repository/org/eclipse/jetty/jetty-security/9.4.44.v20210927/jetty-security-9.4.44.v20210927.jar:/home/alex/.m2/repository/org/eclipse/jetty/jetty-webapp/9.4.44.v20210927/jetty-webapp-9.4.44.v20210927.jar:/home/alex/.m2/repository/org/eclipse/jetty/jetty-xml/9.4.44.v20210927/jetty-xml-9.4.44.v20210927.jar:/home/alex/.m2/repository/javax/servlet/jsp/jsp-api/2.1/jsp-api-2.1.jar:/home/alex/.m2/repository/com/sun/jersey/jersey-core/1.19/jersey-core-1.19.jar:/home/alex/.m2/repository/javax/ws/rs/jsr311-api/1.1.1/jsr311-api-1.1.1.jar:/home/alex/.m2/repository/com/sun/jersey/jersey-servlet/1.19/jersey-servlet-1.19.jar:/home/alex/.m2/repository/com/sun/jersey/jersey-json/1.19/jersey-json-1.19.jar:/home/alex/.m2/repository/org/codehaus/jettison/jettison/1.1/jettison-1.1.jar:/home/alex/.m2/repository/com/sun/xml/bind/jaxb-impl/2.2.3-1/jaxb-impl-2.2.3-1.jar:/home/alex/.m2/repository/javax/xml/bind/jaxb-api/2.2.2/jaxb-api-2.2.2.jar:/home/alex/.m2/repository/javax/xml/stream/stax-api/1.0-2/stax-api-1.0-2.jar:/home/alex/.m2/repository/javax/activation/activation/1.1/activation-1.1.jar:/home/alex/.m2/repository/org/codehaus/jackson/jackson-core-asl/1.9.2/jackson-core-asl-1.9.2.jar:/home/alex/.m2/repository/org/codehaus/jackson/jackson-mapper-asl/1.9.2/jackson-mapper-asl-1.9.2.jar:/home/alex/.m2/repository/org/codehaus/jackson/jackson-jaxrs/1.9.2/jackson-jaxrs-1.9.2.jar:/home/alex/.m2/repository/org/codehaus/jackson/jackson-xc/1.9.2/jackson-xc-1.9.2.jar:/home/alex/.m2/repository/com/sun/jersey/jersey-server/1.19/jersey-server-1.19.jar:/home/alex/.m2/repository/commons-logging/commons-logging/1.1.3/commons-logging-1.1.3.jar:/home/alex/.m2/repository/commons-beanutils/commons-beanutils/1.9.4/commons-beanutils-1.9.4.jar:/home/alex/.m2/repository/org/apache/commons/commons-configuration2/2.1.1/commons-configuration2-2.1.1.jar:/home/alex/.m2/repository/org/slf4j/slf4j-api/1.7.32/slf4j-api-1.7.32.jar:/home/alex/.m2/repository/org/apache/avro/avro/1.7.7/avro-1.7.7.jar:/home/alex/.m2/repository/com/thoughtworks/paranamer/paranamer/2.3/paranamer-2.3.jar:/home/alex/.m2/repository/org/xerial/snappy/snappy-java/1.0.5/snappy-java-1.0.5.jar:/home/alex/.m2/repository/com/google/re2j/re2j/1.1/re2j-1.1.jar:/home/alex/.m2/repository/com/google/protobuf/protobuf-java/2.5.0/protobuf-java-2.5.0.jar:/home/alex/.m2/repository/com/google/code/gson/gson/2.2.4/gson-2.2.4.jar:/home/alex/.m2/repository/org/apache/hadoop/hadoop-auth/3.3.0/hadoop-auth-3.3.0.jar:/home/alex/.m2/repository/com/nimbusds/nimbus-jose-jwt/7.9/nimbus-jose-jwt-7.9.jar:/home/alex/.m2/repository/com/github/stephenc/jcip/jcip-annotations/1.0-1/jcip-annotations-1.0-1.jar:/home/alex/.m2/repository/net/minidev/json-smart/2.3/json-smart-2.3.jar:/home/alex/.m2/repository/net/minidev/accessors-smart/1.2/accessors-smart-1.2.jar:/home/alex/.m2/repository/org/ow2/asm/asm/5.0.4/asm-5.0.4.jar:/home/alex/.m2/repository/org/apache/curator/curator-framework/4.2.0/curator-framework-4.2.0.jar:/home/alex/.m2/repository/org/apache/kerby/kerb-simplekdc/1.0.1/kerb-simplekdc-1.0.1.jar:/home/alex/.m2/repository/org/apache/kerby/kerb-client/1.0.1/kerb-client-1.0.1.jar:/home/alex/.m2/repository/org/apache/kerby/kerby-config/1.0.1/kerby-config-1.0.1.jar:/home/alex/.m2/repository/org/apache/kerby/kerb-common/1.0.1/kerb-common-1.0.1.jar:/home/alex/.m2/repository/org/apache/kerby/kerb-crypto/1.0.1/kerb-crypto-1.0.1.jar:/home/alex/.m2/repository/org/apache/kerby/kerb-util/1.0.1/kerb-util-1.0.1.jar:/home/alex/.m2/repository/org/apache/kerby/token-provider/1.0.1/token-provider-1.0.1.jar:/home/alex/.m2/repository/org/apache/kerby/kerb-admin/1.0.1/kerb-admin-1.0.1.jar:/home/alex/.m2/repository/org/apache/kerby/kerb-server/1.0.1/kerb-server-1.0.1.jar:/home/alex/.m2/repository/org/apache/kerby/kerb-identity/1.0.1/kerb-identity-1.0.1.jar:/home/alex/.m2/repository/org/apache/kerby/kerby-xdr/1.0.1/kerby-xdr-1.0.1.jar:/home/alex/.m2/repository/com/jcraft/jsch/0.1.55/jsch-0.1.55.jar:/home/alex/.m2/repository/org/apache/curator/curator-client/4.2.0/curator-client-4.2.0.jar:/home/alex/.m2/repository/org/apache/curator/curator-recipes/4.2.0/curator-recipes-4.2.0.jar:/home/alex/.m2/repository/com/google/code/findbugs/jsr305/3.0.2/jsr305-3.0.2.jar:/home/alex/.m2/repository/org/apache/htrace/htrace-core4/4.1.0-incubating/htrace-core4-4.1.0-incubating.jar:/home/alex/.m2/repository/org/apache/zookeeper/zookeeper/3.5.6/zookeeper-3.5.6.jar:/home/alex/.m2/repository/org/apache/zookeeper/zookeeper-jute/3.5.6/zookeeper-jute-3.5.6.jar:/home/alex/.m2/repository/org/apache/yetus/audience-annotations/0.5.0/audience-annotations-0.5.0.jar:/home/alex/.m2/repository/io/netty/netty-handler/4.1.42.Final/netty-handler-4.1.42.Final.jar:/home/alex/.m2/repository/io/netty/netty-transport-native-epoll/4.1.42.Final/netty-transport-native-epoll-4.1.42.Final.jar:/home/alex/.m2/repository/org/apache/kerby/kerb-core/1.0.1/kerb-core-1.0.1.jar:/home/alex/.m2/repository/org/apache/kerby/kerby-pkix/1.0.1/kerby-pkix-1.0.1.jar:/home/alex/.m2/repository/org/apache/kerby/kerby-asn1/1.0.1/kerby-asn1-1.0.1.jar:/home/alex/.m2/repository/org/apache/kerby/kerby-util/1.0.1/kerby-util-1.0.1.jar:/home/alex/.m2/repository/com/fasterxml/jackson/core/jackson-databind/2.12.3/jackson-databind-2.12.3.jar:/home/alex/.m2/repository/com/fasterxml/jackson/core/jackson-core/2.12.3/jackson-core-2.12.3.jar:/home/alex/.m2/repository/org/codehaus/woodstox/stax2-api/3.1.4/stax2-api-3.1.4.jar:/home/alex/.m2/repository/com/fasterxml/woodstox/woodstox-core/5.0.3/woodstox-core-5.0.3.jar:/home/alex/.m2/repository/dnsjava/dnsjava/2.1.7/dnsjava-2.1.7.jar:/home/alex/.m2/repository/org/apache/hadoop/hadoop-hdfs/3.3.0/hadoop-hdfs-3.3.0.jar:/home/alex/.m2/repository/org/eclipse/jetty/jetty-util-ajax/9.4.44.v20210927/jetty-util-ajax-9.4.44.v20210927.jar:/home/alex/.m2/repository/commons-daemon/commons-daemon/1.0.13/commons-daemon-1.0.13.jar:/home/alex/.m2/repository/io/netty/netty/3.10.6.Final/netty-3.10.6.Final.jar:/home/alex/.m2/repository/io/netty/netty-all/4.1.69.Final/netty-all-4.1.69.Final.jar:/home/alex/.m2/repository/io/netty/netty-buffer/4.1.69.Final/netty-buffer-4.1.69.Final.jar:/home/alex/.m2/repository/io/netty/netty-codec/4.1.69.Final/netty-codec-4.1.69.Final.jar:/home/alex/.m2/repository/io/netty/netty-codec-dns/4.1.69.Final/netty-codec-dns-4.1.69.Final.jar:/home/alex/.m2/repository/io/netty/netty-codec-haproxy/4.1.69.Final/netty-codec-haproxy-4.1.69.Final.jar:/home/alex/.m2/repository/io/netty/netty-codec-http/4.1.69.Final/netty-codec-http-4.1.69.Final.jar:/home/alex/.m2/repository/io/netty/netty-codec-http2/4.1.69.Final/netty-codec-http2-4.1.69.Final.jar:/home/alex/.m2/repository/io/netty/netty-codec-memcache/4.1.69.Final/netty-codec-memcache-4.1.69.Final.jar:/home/alex/.m2/repository/io/netty/netty-codec-mqtt/4.1.69.Final/netty-codec-mqtt-4.1.69.Final.jar:/home/alex/.m2/repository/io/netty/netty-codec-redis/4.1.69.Final/netty-codec-redis-4.1.69.Final.jar:/home/alex/.m2/repository/io/netty/netty-codec-smtp/4.1.69.Final/netty-codec-smtp-4.1.69.Final.jar:/home/alex/.m2/repository/io/netty/netty-codec-socks/4.1.69.Final/netty-codec-socks-4.1.69.Final.jar:/home/alex/.m2/repository/io/netty/netty-codec-stomp/4.1.69.Final/netty-codec-stomp-4.1.69.Final.jar:/home/alex/.m2/repository/io/netty/netty-codec-xml/4.1.69.Final/netty-codec-xml-4.1.69.Final.jar:/home/alex/.m2/repository/com/fasterxml/aalto-xml/1.0.0/aalto-xml-1.0.0.jar:/home/alex/.m2/repository/io/netty/netty-common/4.1.69.Final/netty-common-4.1.69.Final.jar:/home/alex/.m2/repository/io/netty/netty-handler-proxy/4.1.69.Final/netty-handler-proxy-4.1.69.Final.jar:/home/alex/.m2/repository/io/netty/netty-resolver/4.1.69.Final/netty-resolver-4.1.69.Final.jar:/home/alex/.m2/repository/io/netty/netty-resolver-dns/4.1.69.Final/netty-resolver-dns-4.1.69.Final.jar:/home/alex/.m2/repository/io/netty/netty-transport/4.1.69.Final/netty-transport-4.1.69.Final.jar:/home/alex/.m2/repository/io/netty/netty-transport-rxtx/4.1.69.Final/netty-transport-rxtx-4.1.69.Final.jar:/home/alex/.m2/repository/org/rxtx/rxtx/2.1.7/rxtx-2.1.7.jar:/home/alex/.m2/repository/io/netty/netty-transport-sctp/4.1.69.Final/netty-transport-sctp-4.1.69.Final.jar:/home/alex/.m2/repository/io/netty/netty-transport-udt/4.1.69.Final/netty-transport-udt-4.1.69.Final.jar:/home/alex/.m2/repository/com/barchart/udt/barchart-udt-bundle/2.3.0/barchart-udt-bundle-2.3.0.jar:/home/alex/.m2/repository/io/netty/netty-transport-native-unix-common/4.1.69.Final/netty-transport-native-unix-common-4.1.69.Final.jar:/home/alex/.m2/repository/io/netty/netty-transport-native-kqueue/4.1.69.Final/netty-transport-native-kqueue-4.1.69.Final.jar:/home/alex/.m2/repository/io/netty/netty-resolver-dns-native-macos/4.1.69.Final/netty-resolver-dns-native-macos-4.1.69.Final.jar:/home/alex/.m2/repository/io/netty/netty-transport-native-epoll/4.1.69.Final/netty-transport-native-epoll-4.1.69.Final-linux-x86_64.jar:/home/alex/.m2/repository/io/netty/netty-transport-native-epoll/4.1.69.Final/netty-transport-native-epoll-4.1.69.Final-linux-aarch_64.jar:/home/alex/.m2/repository/io/netty/netty-transport-native-kqueue/4.1.69.Final/netty-transport-native-kqueue-4.1.69.Final-osx-x86_64.jar:/home/alex/.m2/repository/io/netty/netty-transport-native-kqueue/4.1.69.Final/netty-transport-native-kqueue-4.1.69.Final-osx-aarch_64.jar:/home/alex/.m2/repository/io/netty/netty-resolver-dns-native-macos/4.1.69.Final/netty-resolver-dns-native-macos-4.1.69.Final-osx-x86_64.jar:/home/alex/.m2/repository/io/netty/netty-resolver-dns-native-macos/4.1.69.Final/netty-resolver-dns-native-macos-4.1.69.Final-osx-aarch_64.jar:/home/alex/.m2/repository/org/fusesource/leveldbjni/leveldbjni-all/1.8/leveldbjni-all-1.8.jar:/home/alex/.m2/repository/org/apache/hadoop/hadoop-hdfs-client/3.3.0/hadoop-hdfs-client-3.3.0.jar:/home/alex/.m2/repository/com/squareup/okhttp/okhttp/2.7.5/okhttp-2.7.5.jar:/home/alex/.m2/repository/com/squareup/okio/okio/1.6.0/okio-1.6.0.jar:/home/alex/.m2/repository/com/fasterxml/jackson/core/jackson-annotations/2.10.3/jackson-annotations-2.10.3.jar:/home/alex/Repositories/nifi/nifi-nar-bundles/nifi-standard-services/nifi-distributed-cache-client-service-api/target/classes:/home/alex/Repositories/nifi/nifi-nar-bundles/nifi-standard-services/nifi-kerberos-credentials-service-api/target/classes:/home/alex/Repositories/nifi/nifi-nar-bundles/nifi-standard-services/nifi-kerberos-user-service-api/target/classes:/home/alex/Repositories/nifi/nifi-mock/target/classes:/home/alex/Repositories/nifi/nifi-framework-api/target/classes:/home/alex/Repositories/nifi/nifi-commons/nifi-parameter/target/classes:/home/alex/Repositories/nifi/nifi-nar-bundles/nifi-framework-bundle/nifi-framework/nifi-framework-core-api/target/classes:/home/alex/Repositories/nifi/nifi-nar-bundles/nifi-framework-bundle/nifi-framework/nifi-framework-nar-utils/target/classes:/home/alex/Repositories/nifi/nifi-nar-bundles/nifi-framework-bundle/nifi-framework/nifi-client-dto/target/classes:/home/alex/.m2/repository/io/swagger/swagger-annotations/1.6.0/swagger-annotations-1.6.0.jar:/home/alex/Repositories/nifi/nifi-commons/nifi-site-to-site-client/target/classes:/home/alex/Repositories/nifi/nifi-commons/nifi-security-utils/target/classes:/home/alex/Repositories/nifi/nifi-commons/nifi-security-utils-api/target/classes:/home/alex/Repositories/nifi/nifi-commons/nifi-security-kms/target/classes:/home/alex/.m2/repository/org/bouncycastle/bcprov-jdk15on/1.69/bcprov-jdk15on-1.69.jar:/home/alex/.m2/repository/org/bouncycastle/bcpkix-jdk15on/1.69/bcpkix-jdk15on-1.69.jar:/home/alex/.m2/repository/org/bouncycastle/bcutil-jdk15on/1.69/bcutil-jdk15on-1.69.jar:/home/alex/.m2/repository/at/favre/lib/bcrypt/0.9.0/bcrypt-0.9.0.jar:/home/alex/.m2/repository/at/favre/lib/bytes/1.3.0/bytes-1.3.0.jar:/home/alex/.m2/repository/org/apache/httpcomponents/httpasyncclient/4.1.4/httpasyncclient-4.1.4.jar:/home/alex/.m2/repository/org/apache/httpcomponents/httpcore-nio/4.4.10/httpcore-nio-4.4.10.jar:/home/alex/Repositories/nifi/nifi-nar-bundles/nifi-framework-bundle/nifi-framework/nifi-framework-authorization/target/classes:/home/alex/Repositories/nifi/nifi-registry/nifi-registry-core/nifi-registry-data-model/target/classes:/home/alex/.m2/repository/javax/validation/validation-api/2.0.1.Final/validation-api-2.0.1.Final.jar:/home/alex/.m2/repository/javax/ws/rs/javax.ws.rs-api/2.1/javax.ws.rs-api-2.1.jar:/home/alex/Repositories/nifi/nifi-registry/nifi-registry-core/nifi-registry-revision/nifi-registry-revision-entity-model/target/classes:/home/alex/Repositories/nifi/nifi-registry/nifi-registry-core/nifi-registry-client/target/classes:/home/alex/Repositories/nifi/nifi-registry/nifi-registry-core/nifi-registry-security-utils/target/classes:/home/alex/.m2/repository/org/glassfish/jersey/core/jersey-client/2.33/jersey-client-2.33.jar:/home/alex/.m2/repository/jakarta/ws/rs/jakarta.ws.rs-api/2.1.6/jakarta.ws.rs-api-2.1.6.jar:/home/alex/.m2/repository/org/glassfish/hk2/external/jakarta.inject/2.6.1/jakarta.inject-2.6.1.jar:/home/alex/.m2/repository/org/glassfish/jersey/media/jersey-media-json-jackson/2.33/jersey-media-json-jackson-2.33.jar:/home/alex/.m2/repository/org/glassfish/jersey/ext/jersey-entity-filtering/2.33/jersey-entity-filtering-2.33.jar:/home/alex/.m2/repository/com/fasterxml/jackson/module/jackson-module-jaxb-annotations/2.11.3/jackson-module-jaxb-annotations-2.11.3.jar:/home/alex/.m2/repository/jakarta/xml/bind/jakarta.xml.bind-api/2.3.2/jakarta.xml.bind-api-2.3.2.jar:/home/alex/.m2/repository/jakarta/activation/jakarta.activation-api/1.2.1/jakarta.activation-api-1.2.1.jar:/home/alex/.m2/repository/org/glassfish/jersey/inject/jersey-hk2/2.33/jersey-hk2-2.33.jar:/home/alex/.m2/repository/org/glassfish/hk2/hk2-locator/2.6.1/hk2-locator-2.6.1.jar:/home/alex/.m2/repository/org/glassfish/hk2/external/aopalliance-repackaged/2.6.1/aopalliance-repackaged-2.6.1.jar:/home/alex/.m2/repository/org/glassfish/hk2/hk2-api/2.6.1/hk2-api-2.6.1.jar:/home/alex/.m2/repository/org/glassfish/hk2/hk2-utils/2.6.1/hk2-utils-2.6.1.jar:/home/alex/.m2/repository/org/javassist/javassist/3.25.0-GA/javassist-3.25.0-GA.jar:/home/alex/.m2/repository/org/glassfish/jersey/core/jersey-common/2.33/jersey-common-2.33.jar:/home/alex/.m2/repository/jakarta/annotation/jakarta.annotation-api/1.3.5/jakarta.annotation-api-1.3.5.jar:/home/alex/.m2/repository/org/glassfish/hk2/osgi-resource-locator/1.0.3/osgi-resource-locator-1.0.3.jar:/home/alex/.m2/repository/org/glassfish/jersey/media/jersey-media-multipart/2.33/jersey-media-multipart-2.33.jar:/home/alex/.m2/repository/org/jvnet/mimepull/mimepull/1.9.13/mimepull-1.9.13.jar:/home/alex/Repositories/nifi/nifi-commons/nifi-expression-language/target/classes:/home/alex/.m2/repository/org/antlr/antlr-runtime/3.5.2/antlr-runtime-3.5.2.jar:/home/alex/Repositories/nifi/nifi-commons/nifi-uuid5/target/classes:/home/alex/.m2/repository/com/jayway/jsonpath/json-path/2.6.0/json-path-2.6.0.jar:/home/alex/Repositories/nifi/nifi-commons/nifi-data-provenance-utils/target/classes:/home/alex/.m2/repository/com/github/ben-manes/caffeine/caffeine/2.9.2/caffeine-2.9.2.jar:/home/alex/.m2/repository/org/checkerframework/checker-qual/3.10.0/checker-qual-3.10.0.jar:/home/alex/.m2/repository/com/google/errorprone/error_prone_annotations/2.5.1/error_prone_annotations-2.5.1.jar:/home/alex/.m2/repository/commons-io/commons-io/2.10.0/commons-io-2.10.0.jar:/home/alex/.m2/repository/commons-lang/commons-lang/2.6/commons-lang-2.6.jar:/home/alex/Repositories/nifi/nifi-commons/nifi-properties/target/classes:/home/alex/Repositories/nifi/nifi-commons/nifi-property-utils/target/classes:/home/alex/Repositories/nifi/nifi-nar-bundles/nifi-standard-services/nifi-record-serialization-service-api/target/classes:/home/alex/Repositories/nifi/nifi-commons/nifi-record/target/classes:/home/alex/.m2/repository/org/junit/jupiter/junit-jupiter-api/5.7.2/junit-jupiter-api-5.7.2.jar:/home/alex/.m2/repository/org/apiguardian/apiguardian-api/1.1.0/apiguardian-api-1.1.0.jar:/home/alex/.m2/repository/org/opentest4j/opentest4j/1.2.0/opentest4j-1.2.0.jar:/home/alex/.m2/repository/org/junit/platform/junit-platform-commons/1.7.2/junit-platform-commons-1.7.2.jar:/home/alex/.m2/repository/org/junit/jupiter/junit-jupiter-engine/5.7.2/junit-jupiter-engine-5.7.2.jar:/home/alex/.m2/repository/org/junit/platform/junit-platform-engine/1.7.2/junit-platform-engine-1.7.2.jar:/home/alex/.m2/repository/org/junit/vintage/junit-vintage-engine/5.7.2/junit-vintage-engine-5.7.2.jar:/home/alex/.m2/repository/junit/junit/4.13.2/junit-4.13.2.jar:/home/alex/.m2/repository/org/hamcrest/hamcrest-core/1.3/hamcrest-core-1.3.jar:/home/alex/.m2/repository/org/junit/jupiter/junit-jupiter-params/5.7.2/junit-jupiter-params-5.7.2.jar:/home/alex/.m2/repository/org/mockito/mockito-core/3.11.2/mockito-core-3.11.2.jar:/home/alex/.m2/repository/net/bytebuddy/byte-buddy/1.11.3/byte-buddy-1.11.3.jar:/home/alex/.m2/repository/net/bytebuddy/byte-buddy-agent/1.11.3/byte-buddy-agent-1.11.3.jar:/home/alex/.m2/repository/org/objenesis/objenesis/3.2/objenesis-3.2.jar:/home/alex/.m2/repository/org/mockito/mockito-junit-jupiter/3.11.2/mockito-junit-jupiter-3.11.2.jar:/home/alex/.m2/repository/org/slf4j/slf4j-simple/1.7.32/slf4j-simple-1.7.32.jar:/home/alex/.m2/repository/org/codehaus/groovy/groovy-test/2.5.14/groovy-test-2.5.14.jar:/home/alex/.m2/repository/org/codehaus/groovy/groovy/2.5.14/groovy-2.5.14.jar:"/>
    <property name="java.vm.vendor" value="Private Build"/>
    <property name="sun.arch.data.model" value="64"/>
    <property name="java.vendor.url" value="http://java.oracle.com/"/>
    <property name="user.timezone" value="Europe/Lisbon"/>
    <property name="java.vm.specification.version" value="1.8"/>
    <property name="os.name" value="Linux"/>
    <property name="user.country" value="US"/>
    <property name="sun.java.launcher" value="SUN_STANDARD"/>
    <property name="sun.boot.library.path" value="/usr/lib/jvm/java-8-openjdk-amd64/jre/lib/amd64"/>
    <property name="sun.java.command" value="/home/alex/Repositories/nifi/nifi-nar-bundles/nifi-hadoop-bundle/nifi-hdfs-processors/target/surefire/surefirebooter557254139093546688.jar /home/alex/Repositories/nifi/nifi-nar-bundles/nifi-hadoop-bundle/nifi-hdfs-processors/target/surefire 2024-05-02T03-00-27_868-jvmRun1 surefire6418317467082293467tmp surefire_564583344654864374375tmp"/>
    <property name="surefire.test.class.path" value="/home/alex/Repositories/nifi/nifi-nar-bundles/nifi-hadoop-bundle/nifi-hdfs-processors/target/test-classes:/home/alex/Repositories/nifi/nifi-nar-bundles/nifi-hadoop-bundle/nifi-hdfs-processors/target/classes:/home/alex/Repositories/nifi/nifi-api/target/classes:/home/alex/Repositories/nifi/nifi-commons/nifi-utils/target/classes:/home/alex/Repositories/nifi/nifi-nar-bundles/nifi-extension-utils/nifi-hadoop-utils/target/classes:/home/alex/Repositories/nifi/nifi-commons/nifi-security-kerberos/target/classes:/home/alex/Repositories/nifi/nifi-commons/nifi-security-kerberos-api/target/classes:/home/alex/.m2/repository/org/apache/commons/commons-lang3/3.9/commons-lang3-3.9.jar:/home/alex/Repositories/nifi/nifi-commons/nifi-flowfile-packager/target/classes:/home/alex/.m2/repository/org/apache/commons/commons-compress/1.21/commons-compress-1.21.jar:/home/alex/.m2/repository/org/apache/commons/commons-text/1.8/commons-text-1.8.jar:/home/alex/.m2/repository/org/apache/hadoop/hadoop-common/3.3.0/hadoop-common-3.3.0.jar:/home/alex/.m2/repository/org/apache/hadoop/thirdparty/hadoop-shaded-protobuf_3_7/1.0.0/hadoop-shaded-protobuf_3_7-1.0.0.jar:/home/alex/.m2/repository/org/apache/hadoop/hadoop-annotations/3.3.0/hadoop-annotations-3.3.0.jar:/usr/lib/jvm/java-8-openjdk-amd64/jre/../lib/tools.jar:/home/alex/.m2/repository/com/google/guava/guava/27.0-jre/guava-27.0-jre.jar:/home/alex/.m2/repository/com/google/guava/failureaccess/1.0/failureaccess-1.0.jar:/home/alex/.m2/repository/com/google/guava/listenablefuture/9999.0-empty-to-avoid-conflict-with-guava/listenablefuture-9999.0-empty-to-avoid-conflict-with-guava.jar:/home/alex/.m2/repository/com/google/j2objc/j2objc-annotations/1.1/j2objc-annotations-1.1.jar:/home/alex/.m2/repository/org/codehaus/mojo/animal-sniffer-annotations/1.17/animal-sniffer-annotations-1.17.jar:/home/alex/.m2/repository/commons-cli/commons-cli/1.2/commons-cli-1.2.jar:/home/alex/.m2/repository/org/apache/commons/commons-math3/3.1.1/commons-math3-3.1.1.jar:/home/alex/.m2/repository/org/apache/httpcomponents/httpclient/4.5.6/httpclient-4.5.6.jar:/home/alex/.m2/repository/org/apache/httpcomponents/httpcore/4.4.10/httpcore-4.4.10.jar:/home/alex/.m2/repository/commons-codec/commons-codec/1.11/commons-codec-1.11.jar:/home/alex/.m2/repository/commons-net/commons-net/3.6/commons-net-3.6.jar:/home/alex/.m2/repository/commons-collections/commons-collections/3.2.2/commons-collections-3.2.2.jar:/home/alex/.m2/repository/javax/servlet/javax.servlet-api/3.1.0/javax.servlet-api-3.1.0.jar:/home/alex/.m2/repository/javax/activation/javax.activation-api/1.2.0/javax.activation-api-1.2.0.jar:/home/alex/.m2/repository/org/eclipse/jetty/jetty-server/9.4.44.v20210927/jetty-server-9.4.44.v20210927.jar:/home/alex/.m2/repository/org/eclipse/jetty/jetty-http/9.4.44.v20210927/jetty-http-9.4.44.v20210927.jar:/home/alex/.m2/repository/org/eclipse/jetty/jetty-io/9.4.44.v20210927/jetty-io-9.4.44.v20210927.jar:/home/alex/.m2/repository/org/eclipse/jetty/jetty-util/9.4.44.v20210927/jetty-util-9.4.44.v20210927.jar:/home/alex/.m2/repository/org/eclipse/jetty/jetty-servlet/9.4.44.v20210927/jetty-servlet-9.4.44.v20210927.jar:/home/alex/.m2/repository/org/eclipse/jetty/jetty-security/9.4.44.v20210927/jetty-security-9.4.44.v20210927.jar:/home/alex/.m2/repository/org/eclipse/jetty/jetty-webapp/9.4.44.v20210927/jetty-webapp-9.4.44.v20210927.jar:/home/alex/.m2/repository/org/eclipse/jetty/jetty-xml/9.4.44.v20210927/jetty-xml-9.4.44.v20210927.jar:/home/alex/.m2/repository/javax/servlet/jsp/jsp-api/2.1/jsp-api-2.1.jar:/home/alex/.m2/repository/com/sun/jersey/jersey-core/1.19/jersey-core-1.19.jar:/home/alex/.m2/repository/javax/ws/rs/jsr311-api/1.1.1/jsr311-api-1.1.1.jar:/home/alex/.m2/repository/com/sun/jersey/jersey-servlet/1.19/jersey-servlet-1.19.jar:/home/alex/.m2/repository/com/sun/jersey/jersey-json/1.19/jersey-json-1.19.jar:/home/alex/.m2/repository/org/codehaus/jettison/jettison/1.1/jettison-1.1.jar:/home/alex/.m2/repository/com/sun/xml/bind/jaxb-impl/2.2.3-1/jaxb-impl-2.2.3-1.jar:/home/alex/.m2/repository/javax/xml/bind/jaxb-api/2.2.2/jaxb-api-2.2.2.jar:/home/alex/.m2/repository/javax/xml/stream/stax-api/1.0-2/stax-api-1.0-2.jar:/home/alex/.m2/repository/javax/activation/activation/1.1/activation-1.1.jar:/home/alex/.m2/repository/org/codehaus/jackson/jackson-core-asl/1.9.2/jackson-core-asl-1.9.2.jar:/home/alex/.m2/repository/org/codehaus/jackson/jackson-mapper-asl/1.9.2/jackson-mapper-asl-1.9.2.jar:/home/alex/.m2/repository/org/codehaus/jackson/jackson-jaxrs/1.9.2/jackson-jaxrs-1.9.2.jar:/home/alex/.m2/repository/org/codehaus/jackson/jackson-xc/1.9.2/jackson-xc-1.9.2.jar:/home/alex/.m2/repository/com/sun/jersey/jersey-server/1.19/jersey-server-1.19.jar:/home/alex/.m2/repository/commons-logging/commons-logging/1.1.3/commons-logging-1.1.3.jar:/home/alex/.m2/repository/commons-beanutils/commons-beanutils/1.9.4/commons-beanutils-1.9.4.jar:/home/alex/.m2/repository/org/apache/commons/commons-configuration2/2.1.1/commons-configuration2-2.1.1.jar:/home/alex/.m2/repository/org/slf4j/slf4j-api/1.7.32/slf4j-api-1.7.32.jar:/home/alex/.m2/repository/org/apache/avro/avro/1.7.7/avro-1.7.7.jar:/home/alex/.m2/repository/com/thoughtworks/paranamer/paranamer/2.3/paranamer-2.3.jar:/home/alex/.m2/repository/org/xerial/snappy/snappy-java/1.0.5/snappy-java-1.0.5.jar:/home/alex/.m2/repository/com/google/re2j/re2j/1.1/re2j-1.1.jar:/home/alex/.m2/repository/com/google/protobuf/protobuf-java/2.5.0/protobuf-java-2.5.0.jar:/home/alex/.m2/repository/com/google/code/gson/gson/2.2.4/gson-2.2.4.jar:/home/alex/.m2/repository/org/apache/hadoop/hadoop-auth/3.3.0/hadoop-auth-3.3.0.jar:/home/alex/.m2/repository/com/nimbusds/nimbus-jose-jwt/7.9/nimbus-jose-jwt-7.9.jar:/home/alex/.m2/repository/com/github/stephenc/jcip/jcip-annotations/1.0-1/jcip-annotations-1.0-1.jar:/home/alex/.m2/repository/net/minidev/json-smart/2.3/json-smart-2.3.jar:/home/alex/.m2/repository/net/minidev/accessors-smart/1.2/accessors-smart-1.2.jar:/home/alex/.m2/repository/org/ow2/asm/asm/5.0.4/asm-5.0.4.jar:/home/alex/.m2/repository/org/apache/curator/curator-framework/4.2.0/curator-framework-4.2.0.jar:/home/alex/.m2/repository/org/apache/kerby/kerb-simplekdc/1.0.1/kerb-simplekdc-1.0.1.jar:/home/alex/.m2/repository/org/apache/kerby/kerb-client/1.0.1/kerb-client-1.0.1.jar:/home/alex/.m2/repository/org/apache/kerby/kerby-config/1.0.1/kerby-config-1.0.1.jar:/home/alex/.m2/repository/org/apache/kerby/kerb-common/1.0.1/kerb-common-1.0.1.jar:/home/alex/.m2/repository/org/apache/kerby/kerb-crypto/1.0.1/kerb-crypto-1.0.1.jar:/home/alex/.m2/repository/org/apache/kerby/kerb-util/1.0.1/kerb-util-1.0.1.jar:/home/alex/.m2/repository/org/apache/kerby/token-provider/1.0.1/token-provider-1.0.1.jar:/home/alex/.m2/repository/org/apache/kerby/kerb-admin/1.0.1/kerb-admin-1.0.1.jar:/home/alex/.m2/repository/org/apache/kerby/kerb-server/1.0.1/kerb-server-1.0.1.jar:/home/alex/.m2/repository/org/apache/kerby/kerb-identity/1.0.1/kerb-identity-1.0.1.jar:/home/alex/.m2/repository/org/apache/kerby/kerby-xdr/1.0.1/kerby-xdr-1.0.1.jar:/home/alex/.m2/repository/com/jcraft/jsch/0.1.55/jsch-0.1.55.jar:/home/alex/.m2/repository/org/apache/curator/curator-client/4.2.0/curator-client-4.2.0.jar:/home/alex/.m2/repository/org/apache/curator/curator-recipes/4.2.0/curator-recipes-4.2.0.jar:/home/alex/.m2/repository/com/google/code/findbugs/jsr305/3.0.2/jsr305-3.0.2.jar:/home/alex/.m2/repository/org/apache/htrace/htrace-core4/4.1.0-incubating/htrace-core4-4.1.0-incubating.jar:/home/alex/.m2/repository/org/apache/zookeeper/zookeeper/3.5.6/zookeeper-3.5.6.jar:/home/alex/.m2/repository/org/apache/zookeeper/zookeeper-jute/3.5.6/zookeeper-jute-3.5.6.jar:/home/alex/.m2/repository/org/apache/yetus/audience-annotations/0.5.0/audience-annotations-0.5.0.jar:/home/alex/.m2/repository/io/netty/netty-handler/4.1.42.Final/netty-handler-4.1.42.Final.jar:/home/alex/.m2/repository/io/netty/netty-transport-native-epoll/4.1.42.Final/netty-transport-native-epoll-4.1.42.Final.jar:/home/alex/.m2/repository/org/apache/kerby/kerb-core/1.0.1/kerb-core-1.0.1.jar:/home/alex/.m2/repository/org/apache/kerby/kerby-pkix/1.0.1/kerby-pkix-1.0.1.jar:/home/alex/.m2/repository/org/apache/kerby/kerby-asn1/1.0.1/kerby-asn1-1.0.1.jar:/home/alex/.m2/repository/org/apache/kerby/kerby-util/1.0.1/kerby-util-1.0.1.jar:/home/alex/.m2/repository/com/fasterxml/jackson/core/jackson-databind/2.12.3/jackson-databind-2.12.3.jar:/home/alex/.m2/repository/com/fasterxml/jackson/core/jackson-core/2.12.3/jackson-core-2.12.3.jar:/home/alex/.m2/repository/org/codehaus/woodstox/stax2-api/3.1.4/stax2-api-3.1.4.jar:/home/alex/.m2/repository/com/fasterxml/woodstox/woodstox-core/5.0.3/woodstox-core-5.0.3.jar:/home/alex/.m2/repository/dnsjava/dnsjava/2.1.7/dnsjava-2.1.7.jar:/home/alex/.m2/repository/org/apache/hadoop/hadoop-hdfs/3.3.0/hadoop-hdfs-3.3.0.jar:/home/alex/.m2/repository/org/eclipse/jetty/jetty-util-ajax/9.4.44.v20210927/jetty-util-ajax-9.4.44.v20210927.jar:/home/alex/.m2/repository/commons-daemon/commons-daemon/1.0.13/commons-daemon-1.0.13.jar:/home/alex/.m2/repository/io/netty/netty/3.10.6.Final/netty-3.10.6.Final.jar:/home/alex/.m2/repository/io/netty/netty-all/4.1.69.Final/netty-all-4.1.69.Final.jar:/home/alex/.m2/repository/io/netty/netty-buffer/4.1.69.Final/netty-buffer-4.1.69.Final.jar:/home/alex/.m2/repository/io/netty/netty-codec/4.1.69.Final/netty-codec-4.1.69.Final.jar:/home/alex/.m2/repository/io/netty/netty-codec-dns/4.1.69.Final/netty-codec-dns-4.1.69.Final.jar:/home/alex/.m2/repository/io/netty/netty-codec-haproxy/4.1.69.Final/netty-codec-haproxy-4.1.69.Final.jar:/home/alex/.m2/repository/io/netty/netty-codec-http/4.1.69.Final/netty-codec-http-4.1.69.Final.jar:/home/alex/.m2/repository/io/netty/netty-codec-http2/4.1.69.Final/netty-codec-http2-4.1.69.Final.jar:/home/alex/.m2/repository/io/netty/netty-codec-memcache/4.1.69.Final/netty-codec-memcache-4.1.69.Final.jar:/home/alex/.m2/repository/io/netty/netty-codec-mqtt/4.1.69.Final/netty-codec-mqtt-4.1.69.Final.jar:/home/alex/.m2/repository/io/netty/netty-codec-redis/4.1.69.Final/netty-codec-redis-4.1.69.Final.jar:/home/alex/.m2/repository/io/netty/netty-codec-smtp/4.1.69.Final/netty-codec-smtp-4.1.69.Final.jar:/home/alex/.m2/repository/io/netty/netty-codec-socks/4.1.69.Final/netty-codec-socks-4.1.69.Final.jar:/home/alex/.m2/repository/io/netty/netty-codec-stomp/4.1.69.Final/netty-codec-stomp-4.1.69.Final.jar:/home/alex/.m2/repository/io/netty/netty-codec-xml/4.1.69.Final/netty-codec-xml-4.1.69.Final.jar:/home/alex/.m2/repository/com/fasterxml/aalto-xml/1.0.0/aalto-xml-1.0.0.jar:/home/alex/.m2/repository/io/netty/netty-common/4.1.69.Final/netty-common-4.1.69.Final.jar:/home/alex/.m2/repository/io/netty/netty-handler-proxy/4.1.69.Final/netty-handler-proxy-4.1.69.Final.jar:/home/alex/.m2/repository/io/netty/netty-resolver/4.1.69.Final/netty-resolver-4.1.69.Final.jar:/home/alex/.m2/repository/io/netty/netty-resolver-dns/4.1.69.Final/netty-resolver-dns-4.1.69.Final.jar:/home/alex/.m2/repository/io/netty/netty-transport/4.1.69.Final/netty-transport-4.1.69.Final.jar:/home/alex/.m2/repository/io/netty/netty-transport-rxtx/4.1.69.Final/netty-transport-rxtx-4.1.69.Final.jar:/home/alex/.m2/repository/org/rxtx/rxtx/2.1.7/rxtx-2.1.7.jar:/home/alex/.m2/repository/io/netty/netty-transport-sctp/4.1.69.Final/netty-transport-sctp-4.1.69.Final.jar:/home/alex/.m2/repository/io/netty/netty-transport-udt/4.1.69.Final/netty-transport-udt-4.1.69.Final.jar:/home/alex/.m2/repository/com/barchart/udt/barchart-udt-bundle/2.3.0/barchart-udt-bundle-2.3.0.jar:/home/alex/.m2/repository/io/netty/netty-transport-native-unix-common/4.1.69.Final/netty-transport-native-unix-common-4.1.69.Final.jar:/home/alex/.m2/repository/io/netty/netty-transport-native-kqueue/4.1.69.Final/netty-transport-native-kqueue-4.1.69.Final.jar:/home/alex/.m2/repository/io/netty/netty-resolver-dns-native-macos/4.1.69.Final/netty-resolver-dns-native-macos-4.1.69.Final.jar:/home/alex/.m2/repository/io/netty/netty-transport-native-epoll/4.1.69.Final/netty-transport-native-epoll-4.1.69.Final-linux-x86_64.jar:/home/alex/.m2/repository/io/netty/netty-transport-native-epoll/4.1.69.Final/netty-transport-native-epoll-4.1.69.Final-linux-aarch_64.jar:/home/alex/.m2/repository/io/netty/netty-transport-native-kqueue/4.1.69.Final/netty-transport-native-kqueue-4.1.69.Final-osx-x86_64.jar:/home/alex/.m2/repository/io/netty/netty-transport-native-kqueue/4.1.69.Final/netty-transport-native-kqueue-4.1.69.Final-osx-aarch_64.jar:/home/alex/.m2/repository/io/netty/netty-resolver-dns-native-macos/4.1.69.Final/netty-resolver-dns-native-macos-4.1.69.Final-osx-x86_64.jar:/home/alex/.m2/repository/io/netty/netty-resolver-dns-native-macos/4.1.69.Final/netty-resolver-dns-native-macos-4.1.69.Final-osx-aarch_64.jar:/home/alex/.m2/repository/org/fusesource/leveldbjni/leveldbjni-all/1.8/leveldbjni-all-1.8.jar:/home/alex/.m2/repository/org/apache/hadoop/hadoop-hdfs-client/3.3.0/hadoop-hdfs-client-3.3.0.jar:/home/alex/.m2/repository/com/squareup/okhttp/okhttp/2.7.5/okhttp-2.7.5.jar:/home/alex/.m2/repository/com/squareup/okio/okio/1.6.0/okio-1.6.0.jar:/home/alex/.m2/repository/com/fasterxml/jackson/core/jackson-annotations/2.10.3/jackson-annotations-2.10.3.jar:/home/alex/Repositories/nifi/nifi-nar-bundles/nifi-standard-services/nifi-distributed-cache-client-service-api/target/classes:/home/alex/Repositories/nifi/nifi-nar-bundles/nifi-standard-services/nifi-kerberos-credentials-service-api/target/classes:/home/alex/Repositories/nifi/nifi-nar-bundles/nifi-standard-services/nifi-kerberos-user-service-api/target/classes:/home/alex/Repositories/nifi/nifi-mock/target/classes:/home/alex/Repositories/nifi/nifi-framework-api/target/classes:/home/alex/Repositories/nifi/nifi-commons/nifi-parameter/target/classes:/home/alex/Repositories/nifi/nifi-nar-bundles/nifi-framework-bundle/nifi-framework/nifi-framework-core-api/target/classes:/home/alex/Repositories/nifi/nifi-nar-bundles/nifi-framework-bundle/nifi-framework/nifi-framework-nar-utils/target/classes:/home/alex/Repositories/nifi/nifi-nar-bundles/nifi-framework-bundle/nifi-framework/nifi-client-dto/target/classes:/home/alex/.m2/repository/io/swagger/swagger-annotations/1.6.0/swagger-annotations-1.6.0.jar:/home/alex/Repositories/nifi/nifi-commons/nifi-site-to-site-client/target/classes:/home/alex/Repositories/nifi/nifi-commons/nifi-security-utils/target/classes:/home/alex/Repositories/nifi/nifi-commons/nifi-security-utils-api/target/classes:/home/alex/Repositories/nifi/nifi-commons/nifi-security-kms/target/classes:/home/alex/.m2/repository/org/bouncycastle/bcprov-jdk15on/1.69/bcprov-jdk15on-1.69.jar:/home/alex/.m2/repository/org/bouncycastle/bcpkix-jdk15on/1.69/bcpkix-jdk15on-1.69.jar:/home/alex/.m2/repository/org/bouncycastle/bcutil-jdk15on/1.69/bcutil-jdk15on-1.69.jar:/home/alex/.m2/repository/at/favre/lib/bcrypt/0.9.0/bcrypt-0.9.0.jar:/home/alex/.m2/repository/at/favre/lib/bytes/1.3.0/bytes-1.3.0.jar:/home/alex/.m2/repository/org/apache/httpcomponents/httpasyncclient/4.1.4/httpasyncclient-4.1.4.jar:/home/alex/.m2/repository/org/apache/httpcomponents/httpcore-nio/4.4.10/httpcore-nio-4.4.10.jar:/home/alex/Repositories/nifi/nifi-nar-bundles/nifi-framework-bundle/nifi-framework/nifi-framework-authorization/target/classes:/home/alex/Repositories/nifi/nifi-registry/nifi-registry-core/nifi-registry-data-model/target/classes:/home/alex/.m2/repository/javax/validation/validation-api/2.0.1.Final/validation-api-2.0.1.Final.jar:/home/alex/.m2/repository/javax/ws/rs/javax.ws.rs-api/2.1/javax.ws.rs-api-2.1.jar:/home/alex/Repositories/nifi/nifi-registry/nifi-registry-core/nifi-registry-revision/nifi-registry-revision-entity-model/target/classes:/home/alex/Repositories/nifi/nifi-registry/nifi-registry-core/nifi-registry-client/target/classes:/home/alex/Repositories/nifi/nifi-registry/nifi-registry-core/nifi-registry-security-utils/target/classes:/home/alex/.m2/repository/org/glassfish/jersey/core/jersey-client/2.33/jersey-client-2.33.jar:/home/alex/.m2/repository/jakarta/ws/rs/jakarta.ws.rs-api/2.1.6/jakarta.ws.rs-api-2.1.6.jar:/home/alex/.m2/repository/org/glassfish/hk2/external/jakarta.inject/2.6.1/jakarta.inject-2.6.1.jar:/home/alex/.m2/repository/org/glassfish/jersey/media/jersey-media-json-jackson/2.33/jersey-media-json-jackson-2.33.jar:/home/alex/.m2/repository/org/glassfish/jersey/ext/jersey-entity-filtering/2.33/jersey-entity-filtering-2.33.jar:/home/alex/.m2/repository/com/fasterxml/jackson/module/jackson-module-jaxb-annotations/2.11.3/jackson-module-jaxb-annotations-2.11.3.jar:/home/alex/.m2/repository/jakarta/xml/bind/jakarta.xml.bind-api/2.3.2/jakarta.xml.bind-api-2.3.2.jar:/home/alex/.m2/repository/jakarta/activation/jakarta.activation-api/1.2.1/jakarta.activation-api-1.2.1.jar:/home/alex/.m2/repository/org/glassfish/jersey/inject/jersey-hk2/2.33/jersey-hk2-2.33.jar:/home/alex/.m2/repository/org/glassfish/hk2/hk2-locator/2.6.1/hk2-locator-2.6.1.jar:/home/alex/.m2/repository/org/glassfish/hk2/external/aopalliance-repackaged/2.6.1/aopalliance-repackaged-2.6.1.jar:/home/alex/.m2/repository/org/glassfish/hk2/hk2-api/2.6.1/hk2-api-2.6.1.jar:/home/alex/.m2/repository/org/glassfish/hk2/hk2-utils/2.6.1/hk2-utils-2.6.1.jar:/home/alex/.m2/repository/org/javassist/javassist/3.25.0-GA/javassist-3.25.0-GA.jar:/home/alex/.m2/repository/org/glassfish/jersey/core/jersey-common/2.33/jersey-common-2.33.jar:/home/alex/.m2/repository/jakarta/annotation/jakarta.annotation-api/1.3.5/jakarta.annotation-api-1.3.5.jar:/home/alex/.m2/repository/org/glassfish/hk2/osgi-resource-locator/1.0.3/osgi-resource-locator-1.0.3.jar:/home/alex/.m2/repository/org/glassfish/jersey/media/jersey-media-multipart/2.33/jersey-media-multipart-2.33.jar:/home/alex/.m2/repository/org/jvnet/mimepull/mimepull/1.9.13/mimepull-1.9.13.jar:/home/alex/Repositories/nifi/nifi-commons/nifi-expression-language/target/classes:/home/alex/.m2/repository/org/antlr/antlr-runtime/3.5.2/antlr-runtime-3.5.2.jar:/home/alex/Repositories/nifi/nifi-commons/nifi-uuid5/target/classes:/home/alex/.m2/repository/com/jayway/jsonpath/json-path/2.6.0/json-path-2.6.0.jar:/home/alex/Repositories/nifi/nifi-commons/nifi-data-provenance-utils/target/classes:/home/alex/.m2/repository/com/github/ben-manes/caffeine/caffeine/2.9.2/caffeine-2.9.2.jar:/home/alex/.m2/repository/org/checkerframework/checker-qual/3.10.0/checker-qual-3.10.0.jar:/home/alex/.m2/repository/com/google/errorprone/error_prone_annotations/2.5.1/error_prone_annotations-2.5.1.jar:/home/alex/.m2/repository/commons-io/commons-io/2.10.0/commons-io-2.10.0.jar:/home/alex/.m2/repository/commons-lang/commons-lang/2.6/commons-lang-2.6.jar:/home/alex/Repositories/nifi/nifi-commons/nifi-properties/target/classes:/home/alex/Repositories/nifi/nifi-commons/nifi-property-utils/target/classes:/home/alex/Repositories/nifi/nifi-nar-bundles/nifi-standard-services/nifi-record-serialization-service-api/target/classes:/home/alex/Repositories/nifi/nifi-commons/nifi-record/target/classes:/home/alex/.m2/repository/org/junit/jupiter/junit-jupiter-api/5.7.2/junit-jupiter-api-5.7.2.jar:/home/alex/.m2/repository/org/apiguardian/apiguardian-api/1.1.0/apiguardian-api-1.1.0.jar:/home/alex/.m2/repository/org/opentest4j/opentest4j/1.2.0/opentest4j-1.2.0.jar:/home/alex/.m2/repository/org/junit/platform/junit-platform-commons/1.7.2/junit-platform-commons-1.7.2.jar:/home/alex/.m2/repository/org/junit/jupiter/junit-jupiter-engine/5.7.2/junit-jupiter-engine-5.7.2.jar:/home/alex/.m2/repository/org/junit/platform/junit-platform-engine/1.7.2/junit-platform-engine-1.7.2.jar:/home/alex/.m2/repository/org/junit/vintage/junit-vintage-engine/5.7.2/junit-vintage-engine-5.7.2.jar:/home/alex/.m2/repository/junit/junit/4.13.2/junit-4.13.2.jar:/home/alex/.m2/repository/org/hamcrest/hamcrest-core/1.3/hamcrest-core-1.3.jar:/home/alex/.m2/repository/org/junit/jupiter/junit-jupiter-params/5.7.2/junit-jupiter-params-5.7.2.jar:/home/alex/.m2/repository/org/mockito/mockito-core/3.11.2/mockito-core-3.11.2.jar:/home/alex/.m2/repository/net/bytebuddy/byte-buddy/1.11.3/byte-buddy-1.11.3.jar:/home/alex/.m2/repository/net/bytebuddy/byte-buddy-agent/1.11.3/byte-buddy-agent-1.11.3.jar:/home/alex/.m2/repository/org/objenesis/objenesis/3.2/objenesis-3.2.jar:/home/alex/.m2/repository/org/mockito/mockito-junit-jupiter/3.11.2/mockito-junit-jupiter-3.11.2.jar:/home/alex/.m2/repository/org/slf4j/slf4j-simple/1.7.32/slf4j-simple-1.7.32.jar:/home/alex/.m2/repository/org/codehaus/groovy/groovy-test/2.5.14/groovy-test-2.5.14.jar:/home/alex/.m2/repository/org/codehaus/groovy/groovy/2.5.14/groovy-2.5.14.jar:"/>
    <property name="sun.cpu.endian" value="little"/>
    <property name="user.home" value="/home/alex"/>
    <property name="user.language" value="en"/>
    <property name="org.slf4j.simpleLogger.log.nifi.processors.hadoop" value="debug"/>
    <property name="java.specification.vendor" value="Oracle Corporation"/>
    <property name="java.home" value="/usr/lib/jvm/java-8-openjdk-amd64/jre"/>
    <property name="basedir" value="/home/alex/Repositories/nifi/nifi-nar-bundles/nifi-hadoop-bundle/nifi-hdfs-processors"/>
    <property name="file.separator" value="/"/>
    <property name="line.separator" value="&#10;"/>
    <property name="java.vm.specification.vendor" value="Oracle Corporation"/>
    <property name="java.specification.name" value="Java Platform API Specification"/>
    <property name="java.awt.graphicsenv" value="sun.awt.X11GraphicsEnvironment"/>
    <property name="java.awt.headless" value="true"/>
    <property name="org.slf4j.simpleLogger.showDateTime" value="true"/>
    <property name="surefire.real.class.path" value="/home/alex/Repositories/nifi/nifi-nar-bundles/nifi-hadoop-bundle/nifi-hdfs-processors/target/surefire/surefirebooter557254139093546688.jar"/>
    <property name="sun.boot.class.path" value="/usr/lib/jvm/java-8-openjdk-amd64/jre/lib/resources.jar:/usr/lib/jvm/java-8-openjdk-amd64/jre/lib/rt.jar:/usr/lib/jvm/java-8-openjdk-amd64/jre/lib/sunrsasign.jar:/usr/lib/jvm/java-8-openjdk-amd64/jre/lib/jsse.jar:/usr/lib/jvm/java-8-openjdk-amd64/jre/lib/jce.jar:/usr/lib/jvm/java-8-openjdk-amd64/jre/lib/charsets.jar:/usr/lib/jvm/java-8-openjdk-amd64/jre/lib/jfr.jar:/usr/lib/jvm/java-8-openjdk-amd64/jre/classes"/>
    <property name="sun.management.compiler" value="HotSpot 64-Bit Tiered Compilers"/>
    <property name="java.runtime.version" value="1.8.0_402-8u402-ga-2ubuntu1~22.04-b06"/>
    <property name="java.net.preferIPv4Stack" value="true"/>
    <property name="user.name" value="alex"/>
    <property name="path.separator" value=":"/>
    <property name="os.version" value="6.5.0-28-generic"/>
    <property name="java.endorsed.dirs" value="/usr/lib/jvm/java-8-openjdk-amd64/jre/lib/endorsed"/>
    <property name="java.runtime.name" value="OpenJDK Runtime Environment"/>
    <property name="file.encoding" value="UTF-8"/>
    <property name="java.security.krb5.realm" value="nifi.com"/>
    <property name="java.vm.name" value="OpenJDK 64-Bit Server VM"/>
    <property name="localRepository" value="/home/alex/.m2/repository"/>
    <property name="java.vendor.url.bug" value="http://bugreport.sun.com/bugreport/"/>
    <property name="java.io.tmpdir" value="/tmp"/>
    <property name="java.version" value="1.8.0_402"/>
    <property name="user.dir" value="/home/alex/Repositories/nifi/nifi-nar-bundles/nifi-hadoop-bundle/nifi-hdfs-processors"/>
    <property name="java.security.krb5.kdc" value="nifi.kdc"/>
    <property name="os.arch" value="amd64"/>
    <property name="java.vm.specification.name" value="Java Virtual Machine Specification"/>
    <property name="java.awt.printerjob" value="sun.print.PSPrinterJob"/>
    <property name="sun.os.patch.level" value="unknown"/>
    <property name="org.slf4j.simpleLogger.defaultLogLevel" value="info"/>
    <property name="java.library.path" value="/usr/java/packages/lib/amd64:/usr/lib/x86_64-linux-gnu/jni:/lib/x86_64-linux-gnu:/usr/lib/x86_64-linux-gnu:/usr/lib/jni:/lib:/usr/lib"/>
    <property name="java.vm.info" value="mixed mode"/>
    <property name="java.vendor" value="Private Build"/>
    <property name="java.vm.version" value="25.402-b06"/>
    <property name="java.specification.maintenance.version" value="5"/>
    <property name="java.ext.dirs" value="/usr/lib/jvm/java-8-openjdk-amd64/jre/lib/ext:/usr/java/packages/lib/ext"/>
    <property name="sun.io.unicode.encoding" value="UnicodeLittle"/>
    <property name="java.class.version" value="52.0"/>
  </properties>
  <testcase name="testPutFileWhenDirectoryUsesUnrecognizedEL" classname="org.apache.nifi.processors.hadoop.PutHDFSTest" time="0.046">
    <system-err><![CDATA[9727 [main] ERROR org.apache.nifi.processors.hadoop.PutHDFSTest$TestablePutHDFS - [TestablePutHDFS[id=b0cd9eca-20af-4f4a-906a-bed66e5c7911]] org.apache.hadoop.mapred.JobConf
java.lang.ClassNotFoundException: org.apache.hadoop.mapred.JobConf
	at java.net.URLClassLoader.findClass(URLClassLoader.java:387)
	at java.lang.ClassLoader.loadClass(ClassLoader.java:418)
	at sun.misc.Launcher$AppClassLoader.loadClass(Launcher.java:352)
	at java.lang.ClassLoader.loadClass(ClassLoader.java:351)
	at java.lang.Class.forName0(Native Method)
	at java.lang.Class.forName(Class.java:348)
	at org.apache.nifi.processors.hadoop.ExtendedConfiguration.getClassByNameOrNull(ExtendedConfiguration.java:70)
	at org.apache.hadoop.util.ReflectionUtils.setJobConf(ReflectionUtils.java:98)
	at org.apache.hadoop.util.ReflectionUtils.setConf(ReflectionUtils.java:81)
	at org.apache.hadoop.util.ReflectionUtils.newInstance(ReflectionUtils.java:139)
	at org.apache.hadoop.fs.FileSystem.createFileSystem(FileSystem.java:3412)
	at org.apache.hadoop.fs.FileSystem.get(FileSystem.java:521)
	at org.apache.hadoop.fs.FileSystem.get(FileSystem.java:272)
	at org.apache.nifi.processors.hadoop.AbstractHadoopProcessor$1.run(AbstractHadoopProcessor.java:546)
	at org.apache.nifi.processors.hadoop.AbstractHadoopProcessor$1.run(AbstractHadoopProcessor.java:543)
	at java.security.AccessController.doPrivileged(Native Method)
	at javax.security.auth.Subject.doAs(Subject.java:422)
	at org.apache.hadoop.security.UserGroupInformation.doAs(UserGroupInformation.java:1845)
	at org.apache.nifi.processors.hadoop.AbstractHadoopProcessor.getFileSystemAsUser(AbstractHadoopProcessor.java:543)
	at org.apache.nifi.processors.hadoop.AbstractHadoopProcessor.resetHDFSResources(AbstractHadoopProcessor.java:476)
	at org.apache.nifi.processors.hadoop.AbstractHadoopProcessor.abstractOnScheduled(AbstractHadoopProcessor.java:352)
	at sun.reflect.GeneratedMethodAccessor19.invoke(Unknown Source)
	at sun.reflect.DelegatingMethodAccessorImpl.invoke(DelegatingMethodAccessorImpl.java:43)
	at java.lang.reflect.Method.invoke(Method.java:498)
	at org.apache.nifi.util.ReflectionUtils.invokeMethodsWithAnnotation(ReflectionUtils.java:68)
	at org.apache.nifi.util.StandardProcessorTestRunner.run(StandardProcessorTestRunner.java:203)
	at org.apache.nifi.util.StandardProcessorTestRunner.run(StandardProcessorTestRunner.java:185)
	at org.apache.nifi.util.StandardProcessorTestRunner.run(StandardProcessorTestRunner.java:180)
	at org.apache.nifi.util.StandardProcessorTestRunner.run(StandardProcessorTestRunner.java:175)
	at org.apache.nifi.util.StandardProcessorTestRunner.run(StandardProcessorTestRunner.java:170)
	at org.apache.nifi.processors.hadoop.PutHDFSTest.testPutFileWhenDirectoryUsesUnrecognizedEL(PutHDFSTest.java:443)
	at sun.reflect.NativeMethodAccessorImpl.invoke0(Native Method)
	at sun.reflect.NativeMethodAccessorImpl.invoke(NativeMethodAccessorImpl.java:62)
	at sun.reflect.DelegatingMethodAccessorImpl.invoke(DelegatingMethodAccessorImpl.java:43)
	at java.lang.reflect.Method.invoke(Method.java:498)
	at org.junit.runners.model.FrameworkMethod$1.runReflectiveCall(FrameworkMethod.java:59)
	at org.junit.internal.runners.model.ReflectiveCallable.run(ReflectiveCallable.java:12)
	at org.junit.runners.model.FrameworkMethod.invokeExplosively(FrameworkMethod.java:56)
	at org.junit.internal.runners.statements.InvokeMethod.evaluate(InvokeMethod.java:17)
	at org.junit.internal.runners.statements.RunBefores.evaluate(RunBefores.java:26)
	at org.junit.runners.ParentRunner$3.evaluate(ParentRunner.java:306)
	at org.junit.runners.BlockJUnit4ClassRunner$1.evaluate(BlockJUnit4ClassRunner.java:100)
	at org.junit.runners.ParentRunner.runLeaf(ParentRunner.java:366)
	at org.junit.runners.BlockJUnit4ClassRunner.runChild(BlockJUnit4ClassRunner.java:103)
	at org.junit.runners.BlockJUnit4ClassRunner.runChild(BlockJUnit4ClassRunner.java:63)
	at org.junit.runners.ParentRunner$4.run(ParentRunner.java:331)
	at org.junit.runners.ParentRunner$1.schedule(ParentRunner.java:79)
	at org.junit.runners.ParentRunner.runChildren(ParentRunner.java:329)
	at org.junit.runners.ParentRunner.access$100(ParentRunner.java:66)
	at org.junit.runners.ParentRunner$2.evaluate(ParentRunner.java:293)
	at org.junit.runners.ParentRunner$3.evaluate(ParentRunner.java:306)
	at org.junit.runners.ParentRunner.run(ParentRunner.java:413)
	at org.junit.runner.JUnitCore.run(JUnitCore.java:137)
	at org.junit.runner.JUnitCore.run(JUnitCore.java:115)
	at org.junit.vintage.engine.execution.RunnerExecutor.execute(RunnerExecutor.java:43)
	at java.util.stream.ForEachOps$ForEachOp$OfRef.accept(ForEachOps.java:183)
	at java.util.stream.ReferencePipeline$3$1.accept(ReferencePipeline.java:193)
	at java.util.Iterator.forEachRemaining(Iterator.java:116)
	at java.util.Spliterators$IteratorSpliterator.forEachRemaining(Spliterators.java:1801)
	at java.util.stream.AbstractPipeline.copyInto(AbstractPipeline.java:482)
	at java.util.stream.AbstractPipeline.wrapAndCopyInto(AbstractPipeline.java:472)
	at java.util.stream.ForEachOps$ForEachOp.evaluateSequential(ForEachOps.java:150)
	at java.util.stream.ForEachOps$ForEachOp$OfRef.evaluateSequential(ForEachOps.java:173)
	at java.util.stream.AbstractPipeline.evaluate(AbstractPipeline.java:234)
	at java.util.stream.ReferencePipeline.forEach(ReferencePipeline.java:485)
	at org.junit.vintage.engine.VintageTestEngine.executeAllChildren(VintageTestEngine.java:82)
	at org.junit.vintage.engine.VintageTestEngine.execute(VintageTestEngine.java:73)
	at org.junit.platform.launcher.core.EngineExecutionOrchestrator.execute(EngineExecutionOrchestrator.java:108)
	at org.junit.platform.launcher.core.EngineExecutionOrchestrator.execute(EngineExecutionOrchestrator.java:88)
	at org.junit.platform.launcher.core.EngineExecutionOrchestrator.lambda$execute$0(EngineExecutionOrchestrator.java:54)
	at org.junit.platform.launcher.core.EngineExecutionOrchestrator.withInterceptedStreams(EngineExecutionOrchestrator.java:67)
	at org.junit.platform.launcher.core.EngineExecutionOrchestrator.execute(EngineExecutionOrchestrator.java:52)
	at org.junit.platform.launcher.core.DefaultLauncher.execute(DefaultLauncher.java:96)
	at org.junit.platform.launcher.core.DefaultLauncher.execute(DefaultLauncher.java:75)
	at org.apache.maven.surefire.junitplatform.JUnitPlatformProvider.execute(JUnitPlatformProvider.java:188)
	at org.apache.maven.surefire.junitplatform.JUnitPlatformProvider.invokeAllTests(JUnitPlatformProvider.java:154)
	at org.apache.maven.surefire.junitplatform.JUnitPlatformProvider.invoke(JUnitPlatformProvider.java:128)
	at org.apache.maven.surefire.booter.ForkedBooter.runSuitesInProcess(ForkedBooter.java:428)
	at org.apache.maven.surefire.booter.ForkedBooter.execute(ForkedBooter.java:162)
	at org.apache.maven.surefire.booter.ForkedBooter.run(ForkedBooter.java:562)
	at org.apache.maven.surefire.booter.ForkedBooter.main(ForkedBooter.java:548)
9727 [main] INFO org.apache.nifi.processors.hadoop.PutHDFSTest$TestablePutHDFS - TestablePutHDFS[id=b0cd9eca-20af-4f4a-906a-bed66e5c7911] Initialized a new HDFS File System with working dir: file:/home/alex/Repositories/nifi/nifi-nar-bundles/nifi-hadoop-bundle/nifi-hdfs-processors default block size: 33554432 default replication: 1 config: Configuration: core-default.xml, core-site.xml, hdfs-default.xml, hdfs-rbf-default.xml, hdfs-site.xml, hdfs-rbf-site.xml
9728 [pool-111-thread-1] ERROR org.apache.nifi.processors.hadoop.PutHDFSTest$TestablePutHDFS - TestablePutHDFS[id=b0cd9eca-20af-4f4a-906a-bed66e5c7911] Failed to write to HDFS due to java.lang.IllegalArgumentException: java.net.URISyntaxException: Relative path in absolute URI: data_${literal('testing'):substring(0,4)%257D: java.lang.IllegalArgumentException: java.net.URISyntaxException: Relative path in absolute URI: data_${literal('testing'):substring(0,4)%257D
java.lang.IllegalArgumentException: java.net.URISyntaxException: Relative path in absolute URI: data_${literal('testing'):substring(0,4)%257D
	at org.apache.hadoop.fs.Path.initialize(Path.java:263)
	at org.apache.hadoop.fs.Path.<init>(Path.java:221)
	at org.apache.nifi.processors.hadoop.AbstractHadoopProcessor.getNormalizedPath(AbstractHadoopProcessor.java:694)
	at org.apache.nifi.processors.hadoop.AbstractHadoopProcessor.getNormalizedPath(AbstractHadoopProcessor.java:690)
	at org.apache.nifi.processors.hadoop.PutHDFS$1.run(PutHDFS.java:304)
	at java.security.AccessController.doPrivileged(Native Method)
	at javax.security.auth.Subject.doAs(Subject.java:360)
	at org.apache.hadoop.security.UserGroupInformation.doAs(UserGroupInformation.java:1822)
	at org.apache.nifi.processors.hadoop.PutHDFS.onTrigger(PutHDFS.java:297)
	at org.apache.nifi.processor.AbstractProcessor.onTrigger(AbstractProcessor.java:27)
	at org.apache.nifi.util.StandardProcessorTestRunner$RunProcessor.call(StandardProcessorTestRunner.java:284)
	at org.apache.nifi.util.StandardProcessorTestRunner$RunProcessor.call(StandardProcessorTestRunner.java:278)
	at java.util.concurrent.FutureTask.run(FutureTask.java:266)
	at java.util.concurrent.ScheduledThreadPoolExecutor$ScheduledFutureTask.access$201(ScheduledThreadPoolExecutor.java:180)
	at java.util.concurrent.ScheduledThreadPoolExecutor$ScheduledFutureTask.run(ScheduledThreadPoolExecutor.java:293)
	at java.util.concurrent.ThreadPoolExecutor.runWorker(ThreadPoolExecutor.java:1149)
	at java.util.concurrent.ThreadPoolExecutor$Worker.run(ThreadPoolExecutor.java:624)
	at java.lang.Thread.run(Thread.java:750)
Caused by: java.net.URISyntaxException: Relative path in absolute URI: data_${literal('testing'):substring(0,4)%257D
	at java.net.URI.checkPath(URI.java:1823)
	at java.net.URI.<init>(URI.java:745)
	at org.apache.hadoop.fs.Path.initialize(Path.java:260)
	... 17 more
]]></system-err>
  </testcase>
  <testcase name="testPutFilePermissionsWithNoConfiguredUmask" classname="org.apache.nifi.processors.hadoop.PutHDFSTest" time="0.022">
    <system-err><![CDATA[9737 [main] ERROR org.apache.nifi.processors.hadoop.PutHDFSTest$TestablePutHDFS - [TestablePutHDFS[id=d53a4cc7-fa06-4c3b-a089-50dab1dd6c4b]] org.apache.hadoop.mapred.JobConf
java.lang.ClassNotFoundException: org.apache.hadoop.mapred.JobConf
	at java.net.URLClassLoader.findClass(URLClassLoader.java:387)
	at java.lang.ClassLoader.loadClass(ClassLoader.java:418)
	at sun.misc.Launcher$AppClassLoader.loadClass(Launcher.java:352)
	at java.lang.ClassLoader.loadClass(ClassLoader.java:351)
	at java.lang.Class.forName0(Native Method)
	at java.lang.Class.forName(Class.java:348)
	at org.apache.nifi.processors.hadoop.ExtendedConfiguration.getClassByNameOrNull(ExtendedConfiguration.java:70)
	at org.apache.hadoop.util.ReflectionUtils.setJobConf(ReflectionUtils.java:98)
	at org.apache.hadoop.util.ReflectionUtils.setConf(ReflectionUtils.java:81)
	at org.apache.hadoop.util.ReflectionUtils.newInstance(ReflectionUtils.java:139)
	at org.apache.hadoop.fs.FileSystem.createFileSystem(FileSystem.java:3412)
	at org.apache.hadoop.fs.FileSystem.get(FileSystem.java:521)
	at org.apache.hadoop.fs.FileSystem.get(FileSystem.java:272)
	at org.apache.nifi.processors.hadoop.AbstractHadoopProcessor$1.run(AbstractHadoopProcessor.java:546)
	at org.apache.nifi.processors.hadoop.AbstractHadoopProcessor$1.run(AbstractHadoopProcessor.java:543)
	at java.security.AccessController.doPrivileged(Native Method)
	at javax.security.auth.Subject.doAs(Subject.java:422)
	at org.apache.hadoop.security.UserGroupInformation.doAs(UserGroupInformation.java:1845)
	at org.apache.nifi.processors.hadoop.AbstractHadoopProcessor.getFileSystemAsUser(AbstractHadoopProcessor.java:543)
	at org.apache.nifi.processors.hadoop.AbstractHadoopProcessor.resetHDFSResources(AbstractHadoopProcessor.java:476)
	at org.apache.nifi.processors.hadoop.AbstractHadoopProcessor.abstractOnScheduled(AbstractHadoopProcessor.java:352)
	at org.apache.nifi.processors.hadoop.PutHDFSTest.testPutFilePermissionsWithNoConfiguredUmask(PutHDFSTest.java:511)
	at sun.reflect.NativeMethodAccessorImpl.invoke0(Native Method)
	at sun.reflect.NativeMethodAccessorImpl.invoke(NativeMethodAccessorImpl.java:62)
	at sun.reflect.DelegatingMethodAccessorImpl.invoke(DelegatingMethodAccessorImpl.java:43)
	at java.lang.reflect.Method.invoke(Method.java:498)
	at org.junit.runners.model.FrameworkMethod$1.runReflectiveCall(FrameworkMethod.java:59)
	at org.junit.internal.runners.model.ReflectiveCallable.run(ReflectiveCallable.java:12)
	at org.junit.runners.model.FrameworkMethod.invokeExplosively(FrameworkMethod.java:56)
	at org.junit.internal.runners.statements.InvokeMethod.evaluate(InvokeMethod.java:17)
	at org.junit.internal.runners.statements.RunBefores.evaluate(RunBefores.java:26)
	at org.junit.runners.ParentRunner$3.evaluate(ParentRunner.java:306)
	at org.junit.runners.BlockJUnit4ClassRunner$1.evaluate(BlockJUnit4ClassRunner.java:100)
	at org.junit.runners.ParentRunner.runLeaf(ParentRunner.java:366)
	at org.junit.runners.BlockJUnit4ClassRunner.runChild(BlockJUnit4ClassRunner.java:103)
	at org.junit.runners.BlockJUnit4ClassRunner.runChild(BlockJUnit4ClassRunner.java:63)
	at org.junit.runners.ParentRunner$4.run(ParentRunner.java:331)
	at org.junit.runners.ParentRunner$1.schedule(ParentRunner.java:79)
	at org.junit.runners.ParentRunner.runChildren(ParentRunner.java:329)
	at org.junit.runners.ParentRunner.access$100(ParentRunner.java:66)
	at org.junit.runners.ParentRunner$2.evaluate(ParentRunner.java:293)
	at org.junit.runners.ParentRunner$3.evaluate(ParentRunner.java:306)
	at org.junit.runners.ParentRunner.run(ParentRunner.java:413)
	at org.junit.runner.JUnitCore.run(JUnitCore.java:137)
	at org.junit.runner.JUnitCore.run(JUnitCore.java:115)
	at org.junit.vintage.engine.execution.RunnerExecutor.execute(RunnerExecutor.java:43)
	at java.util.stream.ForEachOps$ForEachOp$OfRef.accept(ForEachOps.java:183)
	at java.util.stream.ReferencePipeline$3$1.accept(ReferencePipeline.java:193)
	at java.util.Iterator.forEachRemaining(Iterator.java:116)
	at java.util.Spliterators$IteratorSpliterator.forEachRemaining(Spliterators.java:1801)
	at java.util.stream.AbstractPipeline.copyInto(AbstractPipeline.java:482)
	at java.util.stream.AbstractPipeline.wrapAndCopyInto(AbstractPipeline.java:472)
	at java.util.stream.ForEachOps$ForEachOp.evaluateSequential(ForEachOps.java:150)
	at java.util.stream.ForEachOps$ForEachOp$OfRef.evaluateSequential(ForEachOps.java:173)
	at java.util.stream.AbstractPipeline.evaluate(AbstractPipeline.java:234)
	at java.util.stream.ReferencePipeline.forEach(ReferencePipeline.java:485)
	at org.junit.vintage.engine.VintageTestEngine.executeAllChildren(VintageTestEngine.java:82)
	at org.junit.vintage.engine.VintageTestEngine.execute(VintageTestEngine.java:73)
	at org.junit.platform.launcher.core.EngineExecutionOrchestrator.execute(EngineExecutionOrchestrator.java:108)
	at org.junit.platform.launcher.core.EngineExecutionOrchestrator.execute(EngineExecutionOrchestrator.java:88)
	at org.junit.platform.launcher.core.EngineExecutionOrchestrator.lambda$execute$0(EngineExecutionOrchestrator.java:54)
	at org.junit.platform.launcher.core.EngineExecutionOrchestrator.withInterceptedStreams(EngineExecutionOrchestrator.java:67)
	at org.junit.platform.launcher.core.EngineExecutionOrchestrator.execute(EngineExecutionOrchestrator.java:52)
	at org.junit.platform.launcher.core.DefaultLauncher.execute(DefaultLauncher.java:96)
	at org.junit.platform.launcher.core.DefaultLauncher.execute(DefaultLauncher.java:75)
	at org.apache.maven.surefire.junitplatform.JUnitPlatformProvider.execute(JUnitPlatformProvider.java:188)
	at org.apache.maven.surefire.junitplatform.JUnitPlatformProvider.invokeAllTests(JUnitPlatformProvider.java:154)
	at org.apache.maven.surefire.junitplatform.JUnitPlatformProvider.invoke(JUnitPlatformProvider.java:128)
	at org.apache.maven.surefire.booter.ForkedBooter.runSuitesInProcess(ForkedBooter.java:428)
	at org.apache.maven.surefire.booter.ForkedBooter.execute(ForkedBooter.java:162)
	at org.apache.maven.surefire.booter.ForkedBooter.run(ForkedBooter.java:562)
	at org.apache.maven.surefire.booter.ForkedBooter.main(ForkedBooter.java:548)
9737 [main] INFO org.apache.nifi.processors.hadoop.PutHDFSTest$TestablePutHDFS - TestablePutHDFS[id=d53a4cc7-fa06-4c3b-a089-50dab1dd6c4b] Initialized a new HDFS File System with working dir: file:/home/alex/Repositories/nifi/nifi-nar-bundles/nifi-hadoop-bundle/nifi-hdfs-processors default block size: 33554432 default replication: 1 config: Configuration: core-default.xml, core-site.xml, hdfs-default.xml, hdfs-rbf-default.xml, hdfs-site.xml, hdfs-rbf-site.xml
9740 [pool-112-thread-1] ERROR org.apache.nifi.processors.hadoop.PutHDFSTest$TestablePutHDFS - [TestablePutHDFS[id=d53a4cc7-fa06-4c3b-a089-50dab1dd6c4b]] org.apache.hadoop.mapred.JobConf
java.lang.ClassNotFoundException: org.apache.hadoop.mapred.JobConf
	at java.net.URLClassLoader.findClass(URLClassLoader.java:387)
	at java.lang.ClassLoader.loadClass(ClassLoader.java:418)
	at sun.misc.Launcher$AppClassLoader.loadClass(Launcher.java:352)
	at java.lang.ClassLoader.loadClass(ClassLoader.java:351)
	at java.lang.Class.forName0(Native Method)
	at java.lang.Class.forName(Class.java:348)
	at org.apache.nifi.processors.hadoop.ExtendedConfiguration.getClassByNameOrNull(ExtendedConfiguration.java:70)
	at org.apache.hadoop.util.ReflectionUtils.setJobConf(ReflectionUtils.java:98)
	at org.apache.hadoop.util.ReflectionUtils.setConf(ReflectionUtils.java:81)
	at org.apache.hadoop.util.ReflectionUtils.newInstance(ReflectionUtils.java:139)
	at org.apache.hadoop.io.compress.CompressionCodecFactory.<init>(CompressionCodecFactory.java:186)
	at org.apache.nifi.processors.hadoop.AbstractHadoopProcessor.getCompressionCodec(AbstractHadoopProcessor.java:588)
	at org.apache.nifi.processors.hadoop.PutHDFS$1.run(PutHDFS.java:310)
	at java.security.AccessController.doPrivileged(Native Method)
	at javax.security.auth.Subject.doAs(Subject.java:360)
	at org.apache.hadoop.security.UserGroupInformation.doAs(UserGroupInformation.java:1822)
	at org.apache.nifi.processors.hadoop.PutHDFS.onTrigger(PutHDFS.java:297)
	at org.apache.nifi.processor.AbstractProcessor.onTrigger(AbstractProcessor.java:27)
	at org.apache.nifi.util.StandardProcessorTestRunner$RunProcessor.call(StandardProcessorTestRunner.java:284)
	at org.apache.nifi.util.StandardProcessorTestRunner$RunProcessor.call(StandardProcessorTestRunner.java:278)
	at java.util.concurrent.FutureTask.run(FutureTask.java:266)
	at java.util.concurrent.ScheduledThreadPoolExecutor$ScheduledFutureTask.access$201(ScheduledThreadPoolExecutor.java:180)
	at java.util.concurrent.ScheduledThreadPoolExecutor$ScheduledFutureTask.run(ScheduledThreadPoolExecutor.java:293)
	at java.util.concurrent.ThreadPoolExecutor.runWorker(ThreadPoolExecutor.java:1149)
	at java.util.concurrent.ThreadPoolExecutor$Worker.run(ThreadPoolExecutor.java:624)
	at java.lang.Thread.run(Thread.java:750)
9740 [pool-112-thread-1] ERROR org.apache.nifi.processors.hadoop.PutHDFSTest$TestablePutHDFS - [TestablePutHDFS[id=d53a4cc7-fa06-4c3b-a089-50dab1dd6c4b]] org.apache.hadoop.mapred.JobConf
java.lang.ClassNotFoundException: org.apache.hadoop.mapred.JobConf
	at java.net.URLClassLoader.findClass(URLClassLoader.java:387)
	at java.lang.ClassLoader.loadClass(ClassLoader.java:418)
	at sun.misc.Launcher$AppClassLoader.loadClass(Launcher.java:352)
	at java.lang.ClassLoader.loadClass(ClassLoader.java:351)
	at java.lang.Class.forName0(Native Method)
	at java.lang.Class.forName(Class.java:348)
	at org.apache.nifi.processors.hadoop.ExtendedConfiguration.getClassByNameOrNull(ExtendedConfiguration.java:70)
	at org.apache.hadoop.util.ReflectionUtils.setJobConf(ReflectionUtils.java:98)
	at org.apache.hadoop.util.ReflectionUtils.setConf(ReflectionUtils.java:81)
	at org.apache.hadoop.util.ReflectionUtils.newInstance(ReflectionUtils.java:139)
	at org.apache.hadoop.io.compress.CompressionCodecFactory.<init>(CompressionCodecFactory.java:186)
	at org.apache.nifi.processors.hadoop.AbstractHadoopProcessor.getCompressionCodec(AbstractHadoopProcessor.java:588)
	at org.apache.nifi.processors.hadoop.PutHDFS$1.run(PutHDFS.java:310)
	at java.security.AccessController.doPrivileged(Native Method)
	at javax.security.auth.Subject.doAs(Subject.java:360)
	at org.apache.hadoop.security.UserGroupInformation.doAs(UserGroupInformation.java:1822)
	at org.apache.nifi.processors.hadoop.PutHDFS.onTrigger(PutHDFS.java:297)
	at org.apache.nifi.processor.AbstractProcessor.onTrigger(AbstractProcessor.java:27)
	at org.apache.nifi.util.StandardProcessorTestRunner$RunProcessor.call(StandardProcessorTestRunner.java:284)
	at org.apache.nifi.util.StandardProcessorTestRunner$RunProcessor.call(StandardProcessorTestRunner.java:278)
	at java.util.concurrent.FutureTask.run(FutureTask.java:266)
	at java.util.concurrent.ScheduledThreadPoolExecutor$ScheduledFutureTask.access$201(ScheduledThreadPoolExecutor.java:180)
	at java.util.concurrent.ScheduledThreadPoolExecutor$ScheduledFutureTask.run(ScheduledThreadPoolExecutor.java:293)
	at java.util.concurrent.ThreadPoolExecutor.runWorker(ThreadPoolExecutor.java:1149)
	at java.util.concurrent.ThreadPoolExecutor$Worker.run(ThreadPoolExecutor.java:624)
	at java.lang.Thread.run(Thread.java:750)
9740 [pool-112-thread-1] ERROR org.apache.nifi.processors.hadoop.PutHDFSTest$TestablePutHDFS - [TestablePutHDFS[id=d53a4cc7-fa06-4c3b-a089-50dab1dd6c4b]] org.apache.hadoop.mapred.JobConf
java.lang.ClassNotFoundException: org.apache.hadoop.mapred.JobConf
	at java.net.URLClassLoader.findClass(URLClassLoader.java:387)
	at java.lang.ClassLoader.loadClass(ClassLoader.java:418)
	at sun.misc.Launcher$AppClassLoader.loadClass(Launcher.java:352)
	at java.lang.ClassLoader.loadClass(ClassLoader.java:351)
	at java.lang.Class.forName0(Native Method)
	at java.lang.Class.forName(Class.java:348)
	at org.apache.nifi.processors.hadoop.ExtendedConfiguration.getClassByNameOrNull(ExtendedConfiguration.java:70)
	at org.apache.hadoop.util.ReflectionUtils.setJobConf(ReflectionUtils.java:98)
	at org.apache.hadoop.util.ReflectionUtils.setConf(ReflectionUtils.java:81)
	at org.apache.hadoop.util.ReflectionUtils.newInstance(ReflectionUtils.java:139)
	at org.apache.hadoop.io.compress.CompressionCodecFactory.<init>(CompressionCodecFactory.java:186)
	at org.apache.nifi.processors.hadoop.AbstractHadoopProcessor.getCompressionCodec(AbstractHadoopProcessor.java:588)
	at org.apache.nifi.processors.hadoop.PutHDFS$1.run(PutHDFS.java:310)
	at java.security.AccessController.doPrivileged(Native Method)
	at javax.security.auth.Subject.doAs(Subject.java:360)
	at org.apache.hadoop.security.UserGroupInformation.doAs(UserGroupInformation.java:1822)
	at org.apache.nifi.processors.hadoop.PutHDFS.onTrigger(PutHDFS.java:297)
	at org.apache.nifi.processor.AbstractProcessor.onTrigger(AbstractProcessor.java:27)
	at org.apache.nifi.util.StandardProcessorTestRunner$RunProcessor.call(StandardProcessorTestRunner.java:284)
	at org.apache.nifi.util.StandardProcessorTestRunner$RunProcessor.call(StandardProcessorTestRunner.java:278)
	at java.util.concurrent.FutureTask.run(FutureTask.java:266)
	at java.util.concurrent.ScheduledThreadPoolExecutor$ScheduledFutureTask.access$201(ScheduledThreadPoolExecutor.java:180)
	at java.util.concurrent.ScheduledThreadPoolExecutor$ScheduledFutureTask.run(ScheduledThreadPoolExecutor.java:293)
	at java.util.concurrent.ThreadPoolExecutor.runWorker(ThreadPoolExecutor.java:1149)
	at java.util.concurrent.ThreadPoolExecutor$Worker.run(ThreadPoolExecutor.java:624)
	at java.lang.Thread.run(Thread.java:750)
9741 [pool-112-thread-1] ERROR org.apache.nifi.processors.hadoop.PutHDFSTest$TestablePutHDFS - [TestablePutHDFS[id=d53a4cc7-fa06-4c3b-a089-50dab1dd6c4b]] org.apache.hadoop.mapred.JobConf
java.lang.ClassNotFoundException: org.apache.hadoop.mapred.JobConf
	at java.net.URLClassLoader.findClass(URLClassLoader.java:387)
	at java.lang.ClassLoader.loadClass(ClassLoader.java:418)
	at sun.misc.Launcher$AppClassLoader.loadClass(Launcher.java:352)
	at java.lang.ClassLoader.loadClass(ClassLoader.java:351)
	at java.lang.Class.forName0(Native Method)
	at java.lang.Class.forName(Class.java:348)
	at org.apache.nifi.processors.hadoop.ExtendedConfiguration.getClassByNameOrNull(ExtendedConfiguration.java:70)
	at org.apache.hadoop.util.ReflectionUtils.setJobConf(ReflectionUtils.java:98)
	at org.apache.hadoop.util.ReflectionUtils.setConf(ReflectionUtils.java:81)
	at org.apache.hadoop.util.ReflectionUtils.newInstance(ReflectionUtils.java:139)
	at org.apache.hadoop.io.compress.CompressionCodecFactory.<init>(CompressionCodecFactory.java:186)
	at org.apache.nifi.processors.hadoop.AbstractHadoopProcessor.getCompressionCodec(AbstractHadoopProcessor.java:588)
	at org.apache.nifi.processors.hadoop.PutHDFS$1.run(PutHDFS.java:310)
	at java.security.AccessController.doPrivileged(Native Method)
	at javax.security.auth.Subject.doAs(Subject.java:360)
	at org.apache.hadoop.security.UserGroupInformation.doAs(UserGroupInformation.java:1822)
	at org.apache.nifi.processors.hadoop.PutHDFS.onTrigger(PutHDFS.java:297)
	at org.apache.nifi.processor.AbstractProcessor.onTrigger(AbstractProcessor.java:27)
	at org.apache.nifi.util.StandardProcessorTestRunner$RunProcessor.call(StandardProcessorTestRunner.java:284)
	at org.apache.nifi.util.StandardProcessorTestRunner$RunProcessor.call(StandardProcessorTestRunner.java:278)
	at java.util.concurrent.FutureTask.run(FutureTask.java:266)
	at java.util.concurrent.ScheduledThreadPoolExecutor$ScheduledFutureTask.access$201(ScheduledThreadPoolExecutor.java:180)
	at java.util.concurrent.ScheduledThreadPoolExecutor$ScheduledFutureTask.run(ScheduledThreadPoolExecutor.java:293)
	at java.util.concurrent.ThreadPoolExecutor.runWorker(ThreadPoolExecutor.java:1149)
	at java.util.concurrent.ThreadPoolExecutor$Worker.run(ThreadPoolExecutor.java:624)
	at java.lang.Thread.run(Thread.java:750)
9741 [pool-112-thread-1] ERROR org.apache.nifi.processors.hadoop.PutHDFSTest$TestablePutHDFS - [TestablePutHDFS[id=d53a4cc7-fa06-4c3b-a089-50dab1dd6c4b]] org.apache.hadoop.mapred.JobConf
java.lang.ClassNotFoundException: org.apache.hadoop.mapred.JobConf
	at java.net.URLClassLoader.findClass(URLClassLoader.java:387)
	at java.lang.ClassLoader.loadClass(ClassLoader.java:418)
	at sun.misc.Launcher$AppClassLoader.loadClass(Launcher.java:352)
	at java.lang.ClassLoader.loadClass(ClassLoader.java:351)
	at java.lang.Class.forName0(Native Method)
	at java.lang.Class.forName(Class.java:348)
	at org.apache.nifi.processors.hadoop.ExtendedConfiguration.getClassByNameOrNull(ExtendedConfiguration.java:70)
	at org.apache.hadoop.util.ReflectionUtils.setJobConf(ReflectionUtils.java:98)
	at org.apache.hadoop.util.ReflectionUtils.setConf(ReflectionUtils.java:81)
	at org.apache.hadoop.util.ReflectionUtils.newInstance(ReflectionUtils.java:139)
	at org.apache.hadoop.io.compress.CompressionCodecFactory.<init>(CompressionCodecFactory.java:186)
	at org.apache.nifi.processors.hadoop.AbstractHadoopProcessor.getCompressionCodec(AbstractHadoopProcessor.java:588)
	at org.apache.nifi.processors.hadoop.PutHDFS$1.run(PutHDFS.java:310)
	at java.security.AccessController.doPrivileged(Native Method)
	at javax.security.auth.Subject.doAs(Subject.java:360)
	at org.apache.hadoop.security.UserGroupInformation.doAs(UserGroupInformation.java:1822)
	at org.apache.nifi.processors.hadoop.PutHDFS.onTrigger(PutHDFS.java:297)
	at org.apache.nifi.processor.AbstractProcessor.onTrigger(AbstractProcessor.java:27)
	at org.apache.nifi.util.StandardProcessorTestRunner$RunProcessor.call(StandardProcessorTestRunner.java:284)
	at org.apache.nifi.util.StandardProcessorTestRunner$RunProcessor.call(StandardProcessorTestRunner.java:278)
	at java.util.concurrent.FutureTask.run(FutureTask.java:266)
	at java.util.concurrent.ScheduledThreadPoolExecutor$ScheduledFutureTask.access$201(ScheduledThreadPoolExecutor.java:180)
	at java.util.concurrent.ScheduledThreadPoolExecutor$ScheduledFutureTask.run(ScheduledThreadPoolExecutor.java:293)
	at java.util.concurrent.ThreadPoolExecutor.runWorker(ThreadPoolExecutor.java:1149)
	at java.util.concurrent.ThreadPoolExecutor$Worker.run(ThreadPoolExecutor.java:624)
	at java.lang.Thread.run(Thread.java:750)
9741 [pool-112-thread-1] ERROR org.apache.nifi.processors.hadoop.PutHDFSTest$TestablePutHDFS - [TestablePutHDFS[id=d53a4cc7-fa06-4c3b-a089-50dab1dd6c4b]] org.apache.hadoop.mapred.JobConf
java.lang.ClassNotFoundException: org.apache.hadoop.mapred.JobConf
	at java.net.URLClassLoader.findClass(URLClassLoader.java:387)
	at java.lang.ClassLoader.loadClass(ClassLoader.java:418)
	at sun.misc.Launcher$AppClassLoader.loadClass(Launcher.java:352)
	at java.lang.ClassLoader.loadClass(ClassLoader.java:351)
	at java.lang.Class.forName0(Native Method)
	at java.lang.Class.forName(Class.java:348)
	at org.apache.nifi.processors.hadoop.ExtendedConfiguration.getClassByNameOrNull(ExtendedConfiguration.java:70)
	at org.apache.hadoop.util.ReflectionUtils.setJobConf(ReflectionUtils.java:98)
	at org.apache.hadoop.util.ReflectionUtils.setConf(ReflectionUtils.java:81)
	at org.apache.hadoop.util.ReflectionUtils.newInstance(ReflectionUtils.java:139)
	at org.apache.hadoop.io.compress.CompressionCodecFactory.<init>(CompressionCodecFactory.java:186)
	at org.apache.nifi.processors.hadoop.AbstractHadoopProcessor.getCompressionCodec(AbstractHadoopProcessor.java:588)
	at org.apache.nifi.processors.hadoop.PutHDFS$1.run(PutHDFS.java:310)
	at java.security.AccessController.doPrivileged(Native Method)
	at javax.security.auth.Subject.doAs(Subject.java:360)
	at org.apache.hadoop.security.UserGroupInformation.doAs(UserGroupInformation.java:1822)
	at org.apache.nifi.processors.hadoop.PutHDFS.onTrigger(PutHDFS.java:297)
	at org.apache.nifi.processor.AbstractProcessor.onTrigger(AbstractProcessor.java:27)
	at org.apache.nifi.util.StandardProcessorTestRunner$RunProcessor.call(StandardProcessorTestRunner.java:284)
	at org.apache.nifi.util.StandardProcessorTestRunner$RunProcessor.call(StandardProcessorTestRunner.java:278)
	at java.util.concurrent.FutureTask.run(FutureTask.java:266)
	at java.util.concurrent.ScheduledThreadPoolExecutor$ScheduledFutureTask.access$201(ScheduledThreadPoolExecutor.java:180)
	at java.util.concurrent.ScheduledThreadPoolExecutor$ScheduledFutureTask.run(ScheduledThreadPoolExecutor.java:293)
	at java.util.concurrent.ThreadPoolExecutor.runWorker(ThreadPoolExecutor.java:1149)
	at java.util.concurrent.ThreadPoolExecutor$Worker.run(ThreadPoolExecutor.java:624)
	at java.lang.Thread.run(Thread.java:750)
9742 [pool-112-thread-1] ERROR org.apache.nifi.processors.hadoop.PutHDFSTest$TestablePutHDFS - [TestablePutHDFS[id=d53a4cc7-fa06-4c3b-a089-50dab1dd6c4b]] org.apache.hadoop.mapred.JobConf
java.lang.ClassNotFoundException: org.apache.hadoop.mapred.JobConf
	at java.net.URLClassLoader.findClass(URLClassLoader.java:387)
	at java.lang.ClassLoader.loadClass(ClassLoader.java:418)
	at sun.misc.Launcher$AppClassLoader.loadClass(Launcher.java:352)
	at java.lang.ClassLoader.loadClass(ClassLoader.java:351)
	at java.lang.Class.forName0(Native Method)
	at java.lang.Class.forName(Class.java:348)
	at org.apache.nifi.processors.hadoop.ExtendedConfiguration.getClassByNameOrNull(ExtendedConfiguration.java:70)
	at org.apache.hadoop.util.ReflectionUtils.setJobConf(ReflectionUtils.java:98)
	at org.apache.hadoop.util.ReflectionUtils.setConf(ReflectionUtils.java:81)
	at org.apache.hadoop.util.ReflectionUtils.newInstance(ReflectionUtils.java:139)
	at org.apache.hadoop.io.compress.CompressionCodecFactory.<init>(CompressionCodecFactory.java:186)
	at org.apache.nifi.processors.hadoop.AbstractHadoopProcessor.getCompressionCodec(AbstractHadoopProcessor.java:588)
	at org.apache.nifi.processors.hadoop.PutHDFS$1.run(PutHDFS.java:310)
	at java.security.AccessController.doPrivileged(Native Method)
	at javax.security.auth.Subject.doAs(Subject.java:360)
	at org.apache.hadoop.security.UserGroupInformation.doAs(UserGroupInformation.java:1822)
	at org.apache.nifi.processors.hadoop.PutHDFS.onTrigger(PutHDFS.java:297)
	at org.apache.nifi.processor.AbstractProcessor.onTrigger(AbstractProcessor.java:27)
	at org.apache.nifi.util.StandardProcessorTestRunner$RunProcessor.call(StandardProcessorTestRunner.java:284)
	at org.apache.nifi.util.StandardProcessorTestRunner$RunProcessor.call(StandardProcessorTestRunner.java:278)
	at java.util.concurrent.FutureTask.run(FutureTask.java:266)
	at java.util.concurrent.ScheduledThreadPoolExecutor$ScheduledFutureTask.access$201(ScheduledThreadPoolExecutor.java:180)
	at java.util.concurrent.ScheduledThreadPoolExecutor$ScheduledFutureTask.run(ScheduledThreadPoolExecutor.java:293)
	at java.util.concurrent.ThreadPoolExecutor.runWorker(ThreadPoolExecutor.java:1149)
	at java.util.concurrent.ThreadPoolExecutor$Worker.run(ThreadPoolExecutor.java:624)
	at java.lang.Thread.run(Thread.java:750)
9748 [pool-112-thread-1] INFO org.apache.nifi.processors.hadoop.PutHDFSTest$TestablePutHDFS - TestablePutHDFS[id=d53a4cc7-fa06-4c3b-a089-50dab1dd6c4b] copied FlowFile[0,randombytes-1,500000B] to HDFS at target/test-classes/randombytes-1 in 1 milliseconds at a rate of 324.06 MB/sec
]]></system-err>
  </testcase>
  <testcase name="testPutFileWithCompression" classname="org.apache.nifi.processors.hadoop.PutHDFSTest" time="0.028">
    <system-err><![CDATA[9759 [main] ERROR org.apache.nifi.processors.hadoop.PutHDFSTest$TestablePutHDFS - [TestablePutHDFS[id=8b7bcd09-ec86-411a-931e-537ee307f792]] org.apache.hadoop.mapred.JobConf
java.lang.ClassNotFoundException: org.apache.hadoop.mapred.JobConf
	at java.net.URLClassLoader.findClass(URLClassLoader.java:387)
	at java.lang.ClassLoader.loadClass(ClassLoader.java:418)
	at sun.misc.Launcher$AppClassLoader.loadClass(Launcher.java:352)
	at java.lang.ClassLoader.loadClass(ClassLoader.java:351)
	at java.lang.Class.forName0(Native Method)
	at java.lang.Class.forName(Class.java:348)
	at org.apache.nifi.processors.hadoop.ExtendedConfiguration.getClassByNameOrNull(ExtendedConfiguration.java:70)
	at org.apache.hadoop.util.ReflectionUtils.setJobConf(ReflectionUtils.java:98)
	at org.apache.hadoop.util.ReflectionUtils.setConf(ReflectionUtils.java:81)
	at org.apache.hadoop.util.ReflectionUtils.newInstance(ReflectionUtils.java:139)
	at org.apache.hadoop.fs.FileSystem.createFileSystem(FileSystem.java:3412)
	at org.apache.hadoop.fs.FileSystem.get(FileSystem.java:521)
	at org.apache.hadoop.fs.FileSystem.get(FileSystem.java:272)
	at org.apache.nifi.processors.hadoop.AbstractHadoopProcessor$1.run(AbstractHadoopProcessor.java:546)
	at org.apache.nifi.processors.hadoop.AbstractHadoopProcessor$1.run(AbstractHadoopProcessor.java:543)
	at java.security.AccessController.doPrivileged(Native Method)
	at javax.security.auth.Subject.doAs(Subject.java:422)
	at org.apache.hadoop.security.UserGroupInformation.doAs(UserGroupInformation.java:1845)
	at org.apache.nifi.processors.hadoop.AbstractHadoopProcessor.getFileSystemAsUser(AbstractHadoopProcessor.java:543)
	at org.apache.nifi.processors.hadoop.AbstractHadoopProcessor.resetHDFSResources(AbstractHadoopProcessor.java:476)
	at org.apache.nifi.processors.hadoop.AbstractHadoopProcessor.abstractOnScheduled(AbstractHadoopProcessor.java:352)
	at sun.reflect.GeneratedMethodAccessor19.invoke(Unknown Source)
	at sun.reflect.DelegatingMethodAccessorImpl.invoke(DelegatingMethodAccessorImpl.java:43)
	at java.lang.reflect.Method.invoke(Method.java:498)
	at org.apache.nifi.util.ReflectionUtils.invokeMethodsWithAnnotation(ReflectionUtils.java:68)
	at org.apache.nifi.util.StandardProcessorTestRunner.run(StandardProcessorTestRunner.java:203)
	at org.apache.nifi.util.StandardProcessorTestRunner.run(StandardProcessorTestRunner.java:185)
	at org.apache.nifi.util.StandardProcessorTestRunner.run(StandardProcessorTestRunner.java:180)
	at org.apache.nifi.util.StandardProcessorTestRunner.run(StandardProcessorTestRunner.java:175)
	at org.apache.nifi.util.StandardProcessorTestRunner.run(StandardProcessorTestRunner.java:170)
	at org.apache.nifi.processors.hadoop.PutHDFSTest.testPutFileWithCompression(PutHDFSTest.java:321)
	at sun.reflect.NativeMethodAccessorImpl.invoke0(Native Method)
	at sun.reflect.NativeMethodAccessorImpl.invoke(NativeMethodAccessorImpl.java:62)
	at sun.reflect.DelegatingMethodAccessorImpl.invoke(DelegatingMethodAccessorImpl.java:43)
	at java.lang.reflect.Method.invoke(Method.java:498)
	at org.junit.runners.model.FrameworkMethod$1.runReflectiveCall(FrameworkMethod.java:59)
	at org.junit.internal.runners.model.ReflectiveCallable.run(ReflectiveCallable.java:12)
	at org.junit.runners.model.FrameworkMethod.invokeExplosively(FrameworkMethod.java:56)
	at org.junit.internal.runners.statements.InvokeMethod.evaluate(InvokeMethod.java:17)
	at org.junit.internal.runners.statements.RunBefores.evaluate(RunBefores.java:26)
	at org.junit.runners.ParentRunner$3.evaluate(ParentRunner.java:306)
	at org.junit.runners.BlockJUnit4ClassRunner$1.evaluate(BlockJUnit4ClassRunner.java:100)
	at org.junit.runners.ParentRunner.runLeaf(ParentRunner.java:366)
	at org.junit.runners.BlockJUnit4ClassRunner.runChild(BlockJUnit4ClassRunner.java:103)
	at org.junit.runners.BlockJUnit4ClassRunner.runChild(BlockJUnit4ClassRunner.java:63)
	at org.junit.runners.ParentRunner$4.run(ParentRunner.java:331)
	at org.junit.runners.ParentRunner$1.schedule(ParentRunner.java:79)
	at org.junit.runners.ParentRunner.runChildren(ParentRunner.java:329)
	at org.junit.runners.ParentRunner.access$100(ParentRunner.java:66)
	at org.junit.runners.ParentRunner$2.evaluate(ParentRunner.java:293)
	at org.junit.runners.ParentRunner$3.evaluate(ParentRunner.java:306)
	at org.junit.runners.ParentRunner.run(ParentRunner.java:413)
	at org.junit.runner.JUnitCore.run(JUnitCore.java:137)
	at org.junit.runner.JUnitCore.run(JUnitCore.java:115)
	at org.junit.vintage.engine.execution.RunnerExecutor.execute(RunnerExecutor.java:43)
	at java.util.stream.ForEachOps$ForEachOp$OfRef.accept(ForEachOps.java:183)
	at java.util.stream.ReferencePipeline$3$1.accept(ReferencePipeline.java:193)
	at java.util.Iterator.forEachRemaining(Iterator.java:116)
	at java.util.Spliterators$IteratorSpliterator.forEachRemaining(Spliterators.java:1801)
	at java.util.stream.AbstractPipeline.copyInto(AbstractPipeline.java:482)
	at java.util.stream.AbstractPipeline.wrapAndCopyInto(AbstractPipeline.java:472)
	at java.util.stream.ForEachOps$ForEachOp.evaluateSequential(ForEachOps.java:150)
	at java.util.stream.ForEachOps$ForEachOp$OfRef.evaluateSequential(ForEachOps.java:173)
	at java.util.stream.AbstractPipeline.evaluate(AbstractPipeline.java:234)
	at java.util.stream.ReferencePipeline.forEach(ReferencePipeline.java:485)
	at org.junit.vintage.engine.VintageTestEngine.executeAllChildren(VintageTestEngine.java:82)
	at org.junit.vintage.engine.VintageTestEngine.execute(VintageTestEngine.java:73)
	at org.junit.platform.launcher.core.EngineExecutionOrchestrator.execute(EngineExecutionOrchestrator.java:108)
	at org.junit.platform.launcher.core.EngineExecutionOrchestrator.execute(EngineExecutionOrchestrator.java:88)
	at org.junit.platform.launcher.core.EngineExecutionOrchestrator.lambda$execute$0(EngineExecutionOrchestrator.java:54)
	at org.junit.platform.launcher.core.EngineExecutionOrchestrator.withInterceptedStreams(EngineExecutionOrchestrator.java:67)
	at org.junit.platform.launcher.core.EngineExecutionOrchestrator.execute(EngineExecutionOrchestrator.java:52)
	at org.junit.platform.launcher.core.DefaultLauncher.execute(DefaultLauncher.java:96)
	at org.junit.platform.launcher.core.DefaultLauncher.execute(DefaultLauncher.java:75)
	at org.apache.maven.surefire.junitplatform.JUnitPlatformProvider.execute(JUnitPlatformProvider.java:188)
	at org.apache.maven.surefire.junitplatform.JUnitPlatformProvider.invokeAllTests(JUnitPlatformProvider.java:154)
	at org.apache.maven.surefire.junitplatform.JUnitPlatformProvider.invoke(JUnitPlatformProvider.java:128)
	at org.apache.maven.surefire.booter.ForkedBooter.runSuitesInProcess(ForkedBooter.java:428)
	at org.apache.maven.surefire.booter.ForkedBooter.execute(ForkedBooter.java:162)
	at org.apache.maven.surefire.booter.ForkedBooter.run(ForkedBooter.java:562)
	at org.apache.maven.surefire.booter.ForkedBooter.main(ForkedBooter.java:548)
9760 [main] INFO org.apache.nifi.processors.hadoop.PutHDFSTest$TestablePutHDFS - TestablePutHDFS[id=8b7bcd09-ec86-411a-931e-537ee307f792] Initialized a new HDFS File System with working dir: file:/home/alex/Repositories/nifi/nifi-nar-bundles/nifi-hadoop-bundle/nifi-hdfs-processors default block size: 33554432 default replication: 1 config: Configuration: core-default.xml, core-site.xml, hdfs-default.xml, hdfs-rbf-default.xml, hdfs-site.xml, hdfs-rbf-site.xml
9761 [pool-113-thread-1] ERROR org.apache.nifi.processors.hadoop.PutHDFSTest$TestablePutHDFS - [TestablePutHDFS[id=8b7bcd09-ec86-411a-931e-537ee307f792]] org.apache.hadoop.mapred.JobConf
java.lang.ClassNotFoundException: org.apache.hadoop.mapred.JobConf
	at java.net.URLClassLoader.findClass(URLClassLoader.java:387)
	at java.lang.ClassLoader.loadClass(ClassLoader.java:418)
	at sun.misc.Launcher$AppClassLoader.loadClass(Launcher.java:352)
	at java.lang.ClassLoader.loadClass(ClassLoader.java:351)
	at java.lang.Class.forName0(Native Method)
	at java.lang.Class.forName(Class.java:348)
	at org.apache.nifi.processors.hadoop.ExtendedConfiguration.getClassByNameOrNull(ExtendedConfiguration.java:70)
	at org.apache.hadoop.util.ReflectionUtils.setJobConf(ReflectionUtils.java:98)
	at org.apache.hadoop.util.ReflectionUtils.setConf(ReflectionUtils.java:81)
	at org.apache.hadoop.util.ReflectionUtils.newInstance(ReflectionUtils.java:139)
	at org.apache.hadoop.io.compress.CompressionCodecFactory.<init>(CompressionCodecFactory.java:186)
	at org.apache.nifi.processors.hadoop.AbstractHadoopProcessor.getCompressionCodec(AbstractHadoopProcessor.java:588)
	at org.apache.nifi.processors.hadoop.PutHDFS$1.run(PutHDFS.java:310)
	at java.security.AccessController.doPrivileged(Native Method)
	at javax.security.auth.Subject.doAs(Subject.java:360)
	at org.apache.hadoop.security.UserGroupInformation.doAs(UserGroupInformation.java:1822)
	at org.apache.nifi.processors.hadoop.PutHDFS.onTrigger(PutHDFS.java:297)
	at org.apache.nifi.processor.AbstractProcessor.onTrigger(AbstractProcessor.java:27)
	at org.apache.nifi.util.StandardProcessorTestRunner$RunProcessor.call(StandardProcessorTestRunner.java:284)
	at org.apache.nifi.util.StandardProcessorTestRunner$RunProcessor.call(StandardProcessorTestRunner.java:278)
	at java.util.concurrent.FutureTask.run(FutureTask.java:266)
	at java.util.concurrent.ScheduledThreadPoolExecutor$ScheduledFutureTask.access$201(ScheduledThreadPoolExecutor.java:180)
	at java.util.concurrent.ScheduledThreadPoolExecutor$ScheduledFutureTask.run(ScheduledThreadPoolExecutor.java:293)
	at java.util.concurrent.ThreadPoolExecutor.runWorker(ThreadPoolExecutor.java:1149)
	at java.util.concurrent.ThreadPoolExecutor$Worker.run(ThreadPoolExecutor.java:624)
	at java.lang.Thread.run(Thread.java:750)
9761 [pool-113-thread-1] ERROR org.apache.nifi.processors.hadoop.PutHDFSTest$TestablePutHDFS - [TestablePutHDFS[id=8b7bcd09-ec86-411a-931e-537ee307f792]] org.apache.hadoop.mapred.JobConf
java.lang.ClassNotFoundException: org.apache.hadoop.mapred.JobConf
	at java.net.URLClassLoader.findClass(URLClassLoader.java:387)
	at java.lang.ClassLoader.loadClass(ClassLoader.java:418)
	at sun.misc.Launcher$AppClassLoader.loadClass(Launcher.java:352)
	at java.lang.ClassLoader.loadClass(ClassLoader.java:351)
	at java.lang.Class.forName0(Native Method)
	at java.lang.Class.forName(Class.java:348)
	at org.apache.nifi.processors.hadoop.ExtendedConfiguration.getClassByNameOrNull(ExtendedConfiguration.java:70)
	at org.apache.hadoop.util.ReflectionUtils.setJobConf(ReflectionUtils.java:98)
	at org.apache.hadoop.util.ReflectionUtils.setConf(ReflectionUtils.java:81)
	at org.apache.hadoop.util.ReflectionUtils.newInstance(ReflectionUtils.java:139)
	at org.apache.hadoop.io.compress.CompressionCodecFactory.<init>(CompressionCodecFactory.java:186)
	at org.apache.nifi.processors.hadoop.AbstractHadoopProcessor.getCompressionCodec(AbstractHadoopProcessor.java:588)
	at org.apache.nifi.processors.hadoop.PutHDFS$1.run(PutHDFS.java:310)
	at java.security.AccessController.doPrivileged(Native Method)
	at javax.security.auth.Subject.doAs(Subject.java:360)
	at org.apache.hadoop.security.UserGroupInformation.doAs(UserGroupInformation.java:1822)
	at org.apache.nifi.processors.hadoop.PutHDFS.onTrigger(PutHDFS.java:297)
	at org.apache.nifi.processor.AbstractProcessor.onTrigger(AbstractProcessor.java:27)
	at org.apache.nifi.util.StandardProcessorTestRunner$RunProcessor.call(StandardProcessorTestRunner.java:284)
	at org.apache.nifi.util.StandardProcessorTestRunner$RunProcessor.call(StandardProcessorTestRunner.java:278)
	at java.util.concurrent.FutureTask.run(FutureTask.java:266)
	at java.util.concurrent.ScheduledThreadPoolExecutor$ScheduledFutureTask.access$201(ScheduledThreadPoolExecutor.java:180)
	at java.util.concurrent.ScheduledThreadPoolExecutor$ScheduledFutureTask.run(ScheduledThreadPoolExecutor.java:293)
	at java.util.concurrent.ThreadPoolExecutor.runWorker(ThreadPoolExecutor.java:1149)
	at java.util.concurrent.ThreadPoolExecutor$Worker.run(ThreadPoolExecutor.java:624)
	at java.lang.Thread.run(Thread.java:750)
9762 [pool-113-thread-1] ERROR org.apache.nifi.processors.hadoop.PutHDFSTest$TestablePutHDFS - [TestablePutHDFS[id=8b7bcd09-ec86-411a-931e-537ee307f792]] org.apache.hadoop.mapred.JobConf
java.lang.ClassNotFoundException: org.apache.hadoop.mapred.JobConf
	at java.net.URLClassLoader.findClass(URLClassLoader.java:387)
	at java.lang.ClassLoader.loadClass(ClassLoader.java:418)
	at sun.misc.Launcher$AppClassLoader.loadClass(Launcher.java:352)
	at java.lang.ClassLoader.loadClass(ClassLoader.java:351)
	at java.lang.Class.forName0(Native Method)
	at java.lang.Class.forName(Class.java:348)
	at org.apache.nifi.processors.hadoop.ExtendedConfiguration.getClassByNameOrNull(ExtendedConfiguration.java:70)
	at org.apache.hadoop.util.ReflectionUtils.setJobConf(ReflectionUtils.java:98)
	at org.apache.hadoop.util.ReflectionUtils.setConf(ReflectionUtils.java:81)
	at org.apache.hadoop.util.ReflectionUtils.newInstance(ReflectionUtils.java:139)
	at org.apache.hadoop.io.compress.CompressionCodecFactory.<init>(CompressionCodecFactory.java:186)
	at org.apache.nifi.processors.hadoop.AbstractHadoopProcessor.getCompressionCodec(AbstractHadoopProcessor.java:588)
	at org.apache.nifi.processors.hadoop.PutHDFS$1.run(PutHDFS.java:310)
	at java.security.AccessController.doPrivileged(Native Method)
	at javax.security.auth.Subject.doAs(Subject.java:360)
	at org.apache.hadoop.security.UserGroupInformation.doAs(UserGroupInformation.java:1822)
	at org.apache.nifi.processors.hadoop.PutHDFS.onTrigger(PutHDFS.java:297)
	at org.apache.nifi.processor.AbstractProcessor.onTrigger(AbstractProcessor.java:27)
	at org.apache.nifi.util.StandardProcessorTestRunner$RunProcessor.call(StandardProcessorTestRunner.java:284)
	at org.apache.nifi.util.StandardProcessorTestRunner$RunProcessor.call(StandardProcessorTestRunner.java:278)
	at java.util.concurrent.FutureTask.run(FutureTask.java:266)
	at java.util.concurrent.ScheduledThreadPoolExecutor$ScheduledFutureTask.access$201(ScheduledThreadPoolExecutor.java:180)
	at java.util.concurrent.ScheduledThreadPoolExecutor$ScheduledFutureTask.run(ScheduledThreadPoolExecutor.java:293)
	at java.util.concurrent.ThreadPoolExecutor.runWorker(ThreadPoolExecutor.java:1149)
	at java.util.concurrent.ThreadPoolExecutor$Worker.run(ThreadPoolExecutor.java:624)
	at java.lang.Thread.run(Thread.java:750)
9762 [pool-113-thread-1] ERROR org.apache.nifi.processors.hadoop.PutHDFSTest$TestablePutHDFS - [TestablePutHDFS[id=8b7bcd09-ec86-411a-931e-537ee307f792]] org.apache.hadoop.mapred.JobConf
java.lang.ClassNotFoundException: org.apache.hadoop.mapred.JobConf
	at java.net.URLClassLoader.findClass(URLClassLoader.java:387)
	at java.lang.ClassLoader.loadClass(ClassLoader.java:418)
	at sun.misc.Launcher$AppClassLoader.loadClass(Launcher.java:352)
	at java.lang.ClassLoader.loadClass(ClassLoader.java:351)
	at java.lang.Class.forName0(Native Method)
	at java.lang.Class.forName(Class.java:348)
	at org.apache.nifi.processors.hadoop.ExtendedConfiguration.getClassByNameOrNull(ExtendedConfiguration.java:70)
	at org.apache.hadoop.util.ReflectionUtils.setJobConf(ReflectionUtils.java:98)
	at org.apache.hadoop.util.ReflectionUtils.setConf(ReflectionUtils.java:81)
	at org.apache.hadoop.util.ReflectionUtils.newInstance(ReflectionUtils.java:139)
	at org.apache.hadoop.io.compress.CompressionCodecFactory.<init>(CompressionCodecFactory.java:186)
	at org.apache.nifi.processors.hadoop.AbstractHadoopProcessor.getCompressionCodec(AbstractHadoopProcessor.java:588)
	at org.apache.nifi.processors.hadoop.PutHDFS$1.run(PutHDFS.java:310)
	at java.security.AccessController.doPrivileged(Native Method)
	at javax.security.auth.Subject.doAs(Subject.java:360)
	at org.apache.hadoop.security.UserGroupInformation.doAs(UserGroupInformation.java:1822)
	at org.apache.nifi.processors.hadoop.PutHDFS.onTrigger(PutHDFS.java:297)
	at org.apache.nifi.processor.AbstractProcessor.onTrigger(AbstractProcessor.java:27)
	at org.apache.nifi.util.StandardProcessorTestRunner$RunProcessor.call(StandardProcessorTestRunner.java:284)
	at org.apache.nifi.util.StandardProcessorTestRunner$RunProcessor.call(StandardProcessorTestRunner.java:278)
	at java.util.concurrent.FutureTask.run(FutureTask.java:266)
	at java.util.concurrent.ScheduledThreadPoolExecutor$ScheduledFutureTask.access$201(ScheduledThreadPoolExecutor.java:180)
	at java.util.concurrent.ScheduledThreadPoolExecutor$ScheduledFutureTask.run(ScheduledThreadPoolExecutor.java:293)
	at java.util.concurrent.ThreadPoolExecutor.runWorker(ThreadPoolExecutor.java:1149)
	at java.util.concurrent.ThreadPoolExecutor$Worker.run(ThreadPoolExecutor.java:624)
	at java.lang.Thread.run(Thread.java:750)
9762 [pool-113-thread-1] ERROR org.apache.nifi.processors.hadoop.PutHDFSTest$TestablePutHDFS - [TestablePutHDFS[id=8b7bcd09-ec86-411a-931e-537ee307f792]] org.apache.hadoop.mapred.JobConf
java.lang.ClassNotFoundException: org.apache.hadoop.mapred.JobConf
	at java.net.URLClassLoader.findClass(URLClassLoader.java:387)
	at java.lang.ClassLoader.loadClass(ClassLoader.java:418)
	at sun.misc.Launcher$AppClassLoader.loadClass(Launcher.java:352)
	at java.lang.ClassLoader.loadClass(ClassLoader.java:351)
	at java.lang.Class.forName0(Native Method)
	at java.lang.Class.forName(Class.java:348)
	at org.apache.nifi.processors.hadoop.ExtendedConfiguration.getClassByNameOrNull(ExtendedConfiguration.java:70)
	at org.apache.hadoop.util.ReflectionUtils.setJobConf(ReflectionUtils.java:98)
	at org.apache.hadoop.util.ReflectionUtils.setConf(ReflectionUtils.java:81)
	at org.apache.hadoop.util.ReflectionUtils.newInstance(ReflectionUtils.java:139)
	at org.apache.hadoop.io.compress.CompressionCodecFactory.<init>(CompressionCodecFactory.java:186)
	at org.apache.nifi.processors.hadoop.AbstractHadoopProcessor.getCompressionCodec(AbstractHadoopProcessor.java:588)
	at org.apache.nifi.processors.hadoop.PutHDFS$1.run(PutHDFS.java:310)
	at java.security.AccessController.doPrivileged(Native Method)
	at javax.security.auth.Subject.doAs(Subject.java:360)
	at org.apache.hadoop.security.UserGroupInformation.doAs(UserGroupInformation.java:1822)
	at org.apache.nifi.processors.hadoop.PutHDFS.onTrigger(PutHDFS.java:297)
	at org.apache.nifi.processor.AbstractProcessor.onTrigger(AbstractProcessor.java:27)
	at org.apache.nifi.util.StandardProcessorTestRunner$RunProcessor.call(StandardProcessorTestRunner.java:284)
	at org.apache.nifi.util.StandardProcessorTestRunner$RunProcessor.call(StandardProcessorTestRunner.java:278)
	at java.util.concurrent.FutureTask.run(FutureTask.java:266)
	at java.util.concurrent.ScheduledThreadPoolExecutor$ScheduledFutureTask.access$201(ScheduledThreadPoolExecutor.java:180)
	at java.util.concurrent.ScheduledThreadPoolExecutor$ScheduledFutureTask.run(ScheduledThreadPoolExecutor.java:293)
	at java.util.concurrent.ThreadPoolExecutor.runWorker(ThreadPoolExecutor.java:1149)
	at java.util.concurrent.ThreadPoolExecutor$Worker.run(ThreadPoolExecutor.java:624)
	at java.lang.Thread.run(Thread.java:750)
9763 [pool-113-thread-1] ERROR org.apache.nifi.processors.hadoop.PutHDFSTest$TestablePutHDFS - [TestablePutHDFS[id=8b7bcd09-ec86-411a-931e-537ee307f792]] org.apache.hadoop.mapred.JobConf
java.lang.ClassNotFoundException: org.apache.hadoop.mapred.JobConf
	at java.net.URLClassLoader.findClass(URLClassLoader.java:387)
	at java.lang.ClassLoader.loadClass(ClassLoader.java:418)
	at sun.misc.Launcher$AppClassLoader.loadClass(Launcher.java:352)
	at java.lang.ClassLoader.loadClass(ClassLoader.java:351)
	at java.lang.Class.forName0(Native Method)
	at java.lang.Class.forName(Class.java:348)
	at org.apache.nifi.processors.hadoop.ExtendedConfiguration.getClassByNameOrNull(ExtendedConfiguration.java:70)
	at org.apache.hadoop.util.ReflectionUtils.setJobConf(ReflectionUtils.java:98)
	at org.apache.hadoop.util.ReflectionUtils.setConf(ReflectionUtils.java:81)
	at org.apache.hadoop.util.ReflectionUtils.newInstance(ReflectionUtils.java:139)
	at org.apache.hadoop.io.compress.CompressionCodecFactory.<init>(CompressionCodecFactory.java:186)
	at org.apache.nifi.processors.hadoop.AbstractHadoopProcessor.getCompressionCodec(AbstractHadoopProcessor.java:588)
	at org.apache.nifi.processors.hadoop.PutHDFS$1.run(PutHDFS.java:310)
	at java.security.AccessController.doPrivileged(Native Method)
	at javax.security.auth.Subject.doAs(Subject.java:360)
	at org.apache.hadoop.security.UserGroupInformation.doAs(UserGroupInformation.java:1822)
	at org.apache.nifi.processors.hadoop.PutHDFS.onTrigger(PutHDFS.java:297)
	at org.apache.nifi.processor.AbstractProcessor.onTrigger(AbstractProcessor.java:27)
	at org.apache.nifi.util.StandardProcessorTestRunner$RunProcessor.call(StandardProcessorTestRunner.java:284)
	at org.apache.nifi.util.StandardProcessorTestRunner$RunProcessor.call(StandardProcessorTestRunner.java:278)
	at java.util.concurrent.FutureTask.run(FutureTask.java:266)
	at java.util.concurrent.ScheduledThreadPoolExecutor$ScheduledFutureTask.access$201(ScheduledThreadPoolExecutor.java:180)
	at java.util.concurrent.ScheduledThreadPoolExecutor$ScheduledFutureTask.run(ScheduledThreadPoolExecutor.java:293)
	at java.util.concurrent.ThreadPoolExecutor.runWorker(ThreadPoolExecutor.java:1149)
	at java.util.concurrent.ThreadPoolExecutor$Worker.run(ThreadPoolExecutor.java:624)
	at java.lang.Thread.run(Thread.java:750)
9763 [pool-113-thread-1] ERROR org.apache.nifi.processors.hadoop.PutHDFSTest$TestablePutHDFS - [TestablePutHDFS[id=8b7bcd09-ec86-411a-931e-537ee307f792]] org.apache.hadoop.mapred.JobConf
java.lang.ClassNotFoundException: org.apache.hadoop.mapred.JobConf
	at java.net.URLClassLoader.findClass(URLClassLoader.java:387)
	at java.lang.ClassLoader.loadClass(ClassLoader.java:418)
	at sun.misc.Launcher$AppClassLoader.loadClass(Launcher.java:352)
	at java.lang.ClassLoader.loadClass(ClassLoader.java:351)
	at java.lang.Class.forName0(Native Method)
	at java.lang.Class.forName(Class.java:348)
	at org.apache.nifi.processors.hadoop.ExtendedConfiguration.getClassByNameOrNull(ExtendedConfiguration.java:70)
	at org.apache.hadoop.util.ReflectionUtils.setJobConf(ReflectionUtils.java:98)
	at org.apache.hadoop.util.ReflectionUtils.setConf(ReflectionUtils.java:81)
	at org.apache.hadoop.util.ReflectionUtils.newInstance(ReflectionUtils.java:139)
	at org.apache.hadoop.io.compress.CompressionCodecFactory.<init>(CompressionCodecFactory.java:186)
	at org.apache.nifi.processors.hadoop.AbstractHadoopProcessor.getCompressionCodec(AbstractHadoopProcessor.java:588)
	at org.apache.nifi.processors.hadoop.PutHDFS$1.run(PutHDFS.java:310)
	at java.security.AccessController.doPrivileged(Native Method)
	at javax.security.auth.Subject.doAs(Subject.java:360)
	at org.apache.hadoop.security.UserGroupInformation.doAs(UserGroupInformation.java:1822)
	at org.apache.nifi.processors.hadoop.PutHDFS.onTrigger(PutHDFS.java:297)
	at org.apache.nifi.processor.AbstractProcessor.onTrigger(AbstractProcessor.java:27)
	at org.apache.nifi.util.StandardProcessorTestRunner$RunProcessor.call(StandardProcessorTestRunner.java:284)
	at org.apache.nifi.util.StandardProcessorTestRunner$RunProcessor.call(StandardProcessorTestRunner.java:278)
	at java.util.concurrent.FutureTask.run(FutureTask.java:266)
	at java.util.concurrent.ScheduledThreadPoolExecutor$ScheduledFutureTask.access$201(ScheduledThreadPoolExecutor.java:180)
	at java.util.concurrent.ScheduledThreadPoolExecutor$ScheduledFutureTask.run(ScheduledThreadPoolExecutor.java:293)
	at java.util.concurrent.ThreadPoolExecutor.runWorker(ThreadPoolExecutor.java:1149)
	at java.util.concurrent.ThreadPoolExecutor$Worker.run(ThreadPoolExecutor.java:624)
	at java.lang.Thread.run(Thread.java:750)
9779 [pool-113-thread-1] INFO org.apache.nifi.processors.hadoop.PutHDFSTest$TestablePutHDFS - TestablePutHDFS[id=8b7bcd09-ec86-411a-931e-537ee307f792] copied FlowFile[0,randombytes-1,500000B] to HDFS at target/test-classes/randombytes-1.gz in 15 milliseconds at a rate of 30.73 MB/sec
]]></system-err>
  </testcase>
  <testcase name="testPutFilePermissionsWithProcessorConfiguredUmask" classname="org.apache.nifi.processors.hadoop.PutHDFSTest" time="0.012">
    <system-err><![CDATA[9786 [main] ERROR org.apache.nifi.processors.hadoop.PutHDFSTest$TestablePutHDFS - [TestablePutHDFS[id=1966794c-2857-407b-b58d-1142473605c3]] org.apache.hadoop.mapred.JobConf
java.lang.ClassNotFoundException: org.apache.hadoop.mapred.JobConf
	at java.net.URLClassLoader.findClass(URLClassLoader.java:387)
	at java.lang.ClassLoader.loadClass(ClassLoader.java:418)
	at sun.misc.Launcher$AppClassLoader.loadClass(Launcher.java:352)
	at java.lang.ClassLoader.loadClass(ClassLoader.java:351)
	at java.lang.Class.forName0(Native Method)
	at java.lang.Class.forName(Class.java:348)
	at org.apache.nifi.processors.hadoop.ExtendedConfiguration.getClassByNameOrNull(ExtendedConfiguration.java:70)
	at org.apache.hadoop.util.ReflectionUtils.setJobConf(ReflectionUtils.java:98)
	at org.apache.hadoop.util.ReflectionUtils.setConf(ReflectionUtils.java:81)
	at org.apache.hadoop.util.ReflectionUtils.newInstance(ReflectionUtils.java:139)
	at org.apache.hadoop.fs.FileSystem.createFileSystem(FileSystem.java:3412)
	at org.apache.hadoop.fs.FileSystem.get(FileSystem.java:521)
	at org.apache.hadoop.fs.FileSystem.get(FileSystem.java:272)
	at org.apache.nifi.processors.hadoop.AbstractHadoopProcessor$1.run(AbstractHadoopProcessor.java:546)
	at org.apache.nifi.processors.hadoop.AbstractHadoopProcessor$1.run(AbstractHadoopProcessor.java:543)
	at java.security.AccessController.doPrivileged(Native Method)
	at javax.security.auth.Subject.doAs(Subject.java:422)
	at org.apache.hadoop.security.UserGroupInformation.doAs(UserGroupInformation.java:1845)
	at org.apache.nifi.processors.hadoop.AbstractHadoopProcessor.getFileSystemAsUser(AbstractHadoopProcessor.java:543)
	at org.apache.nifi.processors.hadoop.AbstractHadoopProcessor.resetHDFSResources(AbstractHadoopProcessor.java:476)
	at org.apache.nifi.processors.hadoop.AbstractHadoopProcessor.abstractOnScheduled(AbstractHadoopProcessor.java:352)
	at org.apache.nifi.processors.hadoop.PutHDFSTest.testPutFilePermissionsWithProcessorConfiguredUmask(PutHDFSTest.java:470)
	at sun.reflect.NativeMethodAccessorImpl.invoke0(Native Method)
	at sun.reflect.NativeMethodAccessorImpl.invoke(NativeMethodAccessorImpl.java:62)
	at sun.reflect.DelegatingMethodAccessorImpl.invoke(DelegatingMethodAccessorImpl.java:43)
	at java.lang.reflect.Method.invoke(Method.java:498)
	at org.junit.runners.model.FrameworkMethod$1.runReflectiveCall(FrameworkMethod.java:59)
	at org.junit.internal.runners.model.ReflectiveCallable.run(ReflectiveCallable.java:12)
	at org.junit.runners.model.FrameworkMethod.invokeExplosively(FrameworkMethod.java:56)
	at org.junit.internal.runners.statements.InvokeMethod.evaluate(InvokeMethod.java:17)
	at org.junit.internal.runners.statements.RunBefores.evaluate(RunBefores.java:26)
	at org.junit.runners.ParentRunner$3.evaluate(ParentRunner.java:306)
	at org.junit.runners.BlockJUnit4ClassRunner$1.evaluate(BlockJUnit4ClassRunner.java:100)
	at org.junit.runners.ParentRunner.runLeaf(ParentRunner.java:366)
	at org.junit.runners.BlockJUnit4ClassRunner.runChild(BlockJUnit4ClassRunner.java:103)
	at org.junit.runners.BlockJUnit4ClassRunner.runChild(BlockJUnit4ClassRunner.java:63)
	at org.junit.runners.ParentRunner$4.run(ParentRunner.java:331)
	at org.junit.runners.ParentRunner$1.schedule(ParentRunner.java:79)
	at org.junit.runners.ParentRunner.runChildren(ParentRunner.java:329)
	at org.junit.runners.ParentRunner.access$100(ParentRunner.java:66)
	at org.junit.runners.ParentRunner$2.evaluate(ParentRunner.java:293)
	at org.junit.runners.ParentRunner$3.evaluate(ParentRunner.java:306)
	at org.junit.runners.ParentRunner.run(ParentRunner.java:413)
	at org.junit.runner.JUnitCore.run(JUnitCore.java:137)
	at org.junit.runner.JUnitCore.run(JUnitCore.java:115)
	at org.junit.vintage.engine.execution.RunnerExecutor.execute(RunnerExecutor.java:43)
	at java.util.stream.ForEachOps$ForEachOp$OfRef.accept(ForEachOps.java:183)
	at java.util.stream.ReferencePipeline$3$1.accept(ReferencePipeline.java:193)
	at java.util.Iterator.forEachRemaining(Iterator.java:116)
	at java.util.Spliterators$IteratorSpliterator.forEachRemaining(Spliterators.java:1801)
	at java.util.stream.AbstractPipeline.copyInto(AbstractPipeline.java:482)
	at java.util.stream.AbstractPipeline.wrapAndCopyInto(AbstractPipeline.java:472)
	at java.util.stream.ForEachOps$ForEachOp.evaluateSequential(ForEachOps.java:150)
	at java.util.stream.ForEachOps$ForEachOp$OfRef.evaluateSequential(ForEachOps.java:173)
	at java.util.stream.AbstractPipeline.evaluate(AbstractPipeline.java:234)
	at java.util.stream.ReferencePipeline.forEach(ReferencePipeline.java:485)
	at org.junit.vintage.engine.VintageTestEngine.executeAllChildren(VintageTestEngine.java:82)
	at org.junit.vintage.engine.VintageTestEngine.execute(VintageTestEngine.java:73)
	at org.junit.platform.launcher.core.EngineExecutionOrchestrator.execute(EngineExecutionOrchestrator.java:108)
	at org.junit.platform.launcher.core.EngineExecutionOrchestrator.execute(EngineExecutionOrchestrator.java:88)
	at org.junit.platform.launcher.core.EngineExecutionOrchestrator.lambda$execute$0(EngineExecutionOrchestrator.java:54)
	at org.junit.platform.launcher.core.EngineExecutionOrchestrator.withInterceptedStreams(EngineExecutionOrchestrator.java:67)
	at org.junit.platform.launcher.core.EngineExecutionOrchestrator.execute(EngineExecutionOrchestrator.java:52)
	at org.junit.platform.launcher.core.DefaultLauncher.execute(DefaultLauncher.java:96)
	at org.junit.platform.launcher.core.DefaultLauncher.execute(DefaultLauncher.java:75)
	at org.apache.maven.surefire.junitplatform.JUnitPlatformProvider.execute(JUnitPlatformProvider.java:188)
	at org.apache.maven.surefire.junitplatform.JUnitPlatformProvider.invokeAllTests(JUnitPlatformProvider.java:154)
	at org.apache.maven.surefire.junitplatform.JUnitPlatformProvider.invoke(JUnitPlatformProvider.java:128)
	at org.apache.maven.surefire.booter.ForkedBooter.runSuitesInProcess(ForkedBooter.java:428)
	at org.apache.maven.surefire.booter.ForkedBooter.execute(ForkedBooter.java:162)
	at org.apache.maven.surefire.booter.ForkedBooter.run(ForkedBooter.java:562)
	at org.apache.maven.surefire.booter.ForkedBooter.main(ForkedBooter.java:548)
9786 [main] INFO org.apache.nifi.processors.hadoop.PutHDFSTest$TestablePutHDFS - TestablePutHDFS[id=1966794c-2857-407b-b58d-1142473605c3] Initialized a new HDFS File System with working dir: file:/home/alex/Repositories/nifi/nifi-nar-bundles/nifi-hadoop-bundle/nifi-hdfs-processors default block size: 33554432 default replication: 1 config: Configuration: core-default.xml, core-site.xml, hdfs-default.xml, hdfs-rbf-default.xml, hdfs-site.xml, hdfs-rbf-site.xml
9789 [pool-114-thread-1] ERROR org.apache.nifi.processors.hadoop.PutHDFSTest$TestablePutHDFS - [TestablePutHDFS[id=1966794c-2857-407b-b58d-1142473605c3]] org.apache.hadoop.mapred.JobConf
java.lang.ClassNotFoundException: org.apache.hadoop.mapred.JobConf
	at java.net.URLClassLoader.findClass(URLClassLoader.java:387)
	at java.lang.ClassLoader.loadClass(ClassLoader.java:418)
	at sun.misc.Launcher$AppClassLoader.loadClass(Launcher.java:352)
	at java.lang.ClassLoader.loadClass(ClassLoader.java:351)
	at java.lang.Class.forName0(Native Method)
	at java.lang.Class.forName(Class.java:348)
	at org.apache.nifi.processors.hadoop.ExtendedConfiguration.getClassByNameOrNull(ExtendedConfiguration.java:70)
	at org.apache.hadoop.util.ReflectionUtils.setJobConf(ReflectionUtils.java:98)
	at org.apache.hadoop.util.ReflectionUtils.setConf(ReflectionUtils.java:81)
	at org.apache.hadoop.util.ReflectionUtils.newInstance(ReflectionUtils.java:139)
	at org.apache.hadoop.io.compress.CompressionCodecFactory.<init>(CompressionCodecFactory.java:186)
	at org.apache.nifi.processors.hadoop.AbstractHadoopProcessor.getCompressionCodec(AbstractHadoopProcessor.java:588)
	at org.apache.nifi.processors.hadoop.PutHDFS$1.run(PutHDFS.java:310)
	at java.security.AccessController.doPrivileged(Native Method)
	at javax.security.auth.Subject.doAs(Subject.java:360)
	at org.apache.hadoop.security.UserGroupInformation.doAs(UserGroupInformation.java:1822)
	at org.apache.nifi.processors.hadoop.PutHDFS.onTrigger(PutHDFS.java:297)
	at org.apache.nifi.processor.AbstractProcessor.onTrigger(AbstractProcessor.java:27)
	at org.apache.nifi.util.StandardProcessorTestRunner$RunProcessor.call(StandardProcessorTestRunner.java:284)
	at org.apache.nifi.util.StandardProcessorTestRunner$RunProcessor.call(StandardProcessorTestRunner.java:278)
	at java.util.concurrent.FutureTask.run(FutureTask.java:266)
	at java.util.concurrent.ScheduledThreadPoolExecutor$ScheduledFutureTask.access$201(ScheduledThreadPoolExecutor.java:180)
	at java.util.concurrent.ScheduledThreadPoolExecutor$ScheduledFutureTask.run(ScheduledThreadPoolExecutor.java:293)
	at java.util.concurrent.ThreadPoolExecutor.runWorker(ThreadPoolExecutor.java:1149)
	at java.util.concurrent.ThreadPoolExecutor$Worker.run(ThreadPoolExecutor.java:624)
	at java.lang.Thread.run(Thread.java:750)
9789 [pool-114-thread-1] ERROR org.apache.nifi.processors.hadoop.PutHDFSTest$TestablePutHDFS - [TestablePutHDFS[id=1966794c-2857-407b-b58d-1142473605c3]] org.apache.hadoop.mapred.JobConf
java.lang.ClassNotFoundException: org.apache.hadoop.mapred.JobConf
	at java.net.URLClassLoader.findClass(URLClassLoader.java:387)
	at java.lang.ClassLoader.loadClass(ClassLoader.java:418)
	at sun.misc.Launcher$AppClassLoader.loadClass(Launcher.java:352)
	at java.lang.ClassLoader.loadClass(ClassLoader.java:351)
	at java.lang.Class.forName0(Native Method)
	at java.lang.Class.forName(Class.java:348)
	at org.apache.nifi.processors.hadoop.ExtendedConfiguration.getClassByNameOrNull(ExtendedConfiguration.java:70)
	at org.apache.hadoop.util.ReflectionUtils.setJobConf(ReflectionUtils.java:98)
	at org.apache.hadoop.util.ReflectionUtils.setConf(ReflectionUtils.java:81)
	at org.apache.hadoop.util.ReflectionUtils.newInstance(ReflectionUtils.java:139)
	at org.apache.hadoop.io.compress.CompressionCodecFactory.<init>(CompressionCodecFactory.java:186)
	at org.apache.nifi.processors.hadoop.AbstractHadoopProcessor.getCompressionCodec(AbstractHadoopProcessor.java:588)
	at org.apache.nifi.processors.hadoop.PutHDFS$1.run(PutHDFS.java:310)
	at java.security.AccessController.doPrivileged(Native Method)
	at javax.security.auth.Subject.doAs(Subject.java:360)
	at org.apache.hadoop.security.UserGroupInformation.doAs(UserGroupInformation.java:1822)
	at org.apache.nifi.processors.hadoop.PutHDFS.onTrigger(PutHDFS.java:297)
	at org.apache.nifi.processor.AbstractProcessor.onTrigger(AbstractProcessor.java:27)
	at org.apache.nifi.util.StandardProcessorTestRunner$RunProcessor.call(StandardProcessorTestRunner.java:284)
	at org.apache.nifi.util.StandardProcessorTestRunner$RunProcessor.call(StandardProcessorTestRunner.java:278)
	at java.util.concurrent.FutureTask.run(FutureTask.java:266)
	at java.util.concurrent.ScheduledThreadPoolExecutor$ScheduledFutureTask.access$201(ScheduledThreadPoolExecutor.java:180)
	at java.util.concurrent.ScheduledThreadPoolExecutor$ScheduledFutureTask.run(ScheduledThreadPoolExecutor.java:293)
	at java.util.concurrent.ThreadPoolExecutor.runWorker(ThreadPoolExecutor.java:1149)
	at java.util.concurrent.ThreadPoolExecutor$Worker.run(ThreadPoolExecutor.java:624)
	at java.lang.Thread.run(Thread.java:750)
9789 [pool-114-thread-1] ERROR org.apache.nifi.processors.hadoop.PutHDFSTest$TestablePutHDFS - [TestablePutHDFS[id=1966794c-2857-407b-b58d-1142473605c3]] org.apache.hadoop.mapred.JobConf
java.lang.ClassNotFoundException: org.apache.hadoop.mapred.JobConf
	at java.net.URLClassLoader.findClass(URLClassLoader.java:387)
	at java.lang.ClassLoader.loadClass(ClassLoader.java:418)
	at sun.misc.Launcher$AppClassLoader.loadClass(Launcher.java:352)
	at java.lang.ClassLoader.loadClass(ClassLoader.java:351)
	at java.lang.Class.forName0(Native Method)
	at java.lang.Class.forName(Class.java:348)
	at org.apache.nifi.processors.hadoop.ExtendedConfiguration.getClassByNameOrNull(ExtendedConfiguration.java:70)
	at org.apache.hadoop.util.ReflectionUtils.setJobConf(ReflectionUtils.java:98)
	at org.apache.hadoop.util.ReflectionUtils.setConf(ReflectionUtils.java:81)
	at org.apache.hadoop.util.ReflectionUtils.newInstance(ReflectionUtils.java:139)
	at org.apache.hadoop.io.compress.CompressionCodecFactory.<init>(CompressionCodecFactory.java:186)
	at org.apache.nifi.processors.hadoop.AbstractHadoopProcessor.getCompressionCodec(AbstractHadoopProcessor.java:588)
	at org.apache.nifi.processors.hadoop.PutHDFS$1.run(PutHDFS.java:310)
	at java.security.AccessController.doPrivileged(Native Method)
	at javax.security.auth.Subject.doAs(Subject.java:360)
	at org.apache.hadoop.security.UserGroupInformation.doAs(UserGroupInformation.java:1822)
	at org.apache.nifi.processors.hadoop.PutHDFS.onTrigger(PutHDFS.java:297)
	at org.apache.nifi.processor.AbstractProcessor.onTrigger(AbstractProcessor.java:27)
	at org.apache.nifi.util.StandardProcessorTestRunner$RunProcessor.call(StandardProcessorTestRunner.java:284)
	at org.apache.nifi.util.StandardProcessorTestRunner$RunProcessor.call(StandardProcessorTestRunner.java:278)
	at java.util.concurrent.FutureTask.run(FutureTask.java:266)
	at java.util.concurrent.ScheduledThreadPoolExecutor$ScheduledFutureTask.access$201(ScheduledThreadPoolExecutor.java:180)
	at java.util.concurrent.ScheduledThreadPoolExecutor$ScheduledFutureTask.run(ScheduledThreadPoolExecutor.java:293)
	at java.util.concurrent.ThreadPoolExecutor.runWorker(ThreadPoolExecutor.java:1149)
	at java.util.concurrent.ThreadPoolExecutor$Worker.run(ThreadPoolExecutor.java:624)
	at java.lang.Thread.run(Thread.java:750)
9790 [pool-114-thread-1] ERROR org.apache.nifi.processors.hadoop.PutHDFSTest$TestablePutHDFS - [TestablePutHDFS[id=1966794c-2857-407b-b58d-1142473605c3]] org.apache.hadoop.mapred.JobConf
java.lang.ClassNotFoundException: org.apache.hadoop.mapred.JobConf
	at java.net.URLClassLoader.findClass(URLClassLoader.java:387)
	at java.lang.ClassLoader.loadClass(ClassLoader.java:418)
	at sun.misc.Launcher$AppClassLoader.loadClass(Launcher.java:352)
	at java.lang.ClassLoader.loadClass(ClassLoader.java:351)
	at java.lang.Class.forName0(Native Method)
	at java.lang.Class.forName(Class.java:348)
	at org.apache.nifi.processors.hadoop.ExtendedConfiguration.getClassByNameOrNull(ExtendedConfiguration.java:70)
	at org.apache.hadoop.util.ReflectionUtils.setJobConf(ReflectionUtils.java:98)
	at org.apache.hadoop.util.ReflectionUtils.setConf(ReflectionUtils.java:81)
	at org.apache.hadoop.util.ReflectionUtils.newInstance(ReflectionUtils.java:139)
	at org.apache.hadoop.io.compress.CompressionCodecFactory.<init>(CompressionCodecFactory.java:186)
	at org.apache.nifi.processors.hadoop.AbstractHadoopProcessor.getCompressionCodec(AbstractHadoopProcessor.java:588)
	at org.apache.nifi.processors.hadoop.PutHDFS$1.run(PutHDFS.java:310)
	at java.security.AccessController.doPrivileged(Native Method)
	at javax.security.auth.Subject.doAs(Subject.java:360)
	at org.apache.hadoop.security.UserGroupInformation.doAs(UserGroupInformation.java:1822)
	at org.apache.nifi.processors.hadoop.PutHDFS.onTrigger(PutHDFS.java:297)
	at org.apache.nifi.processor.AbstractProcessor.onTrigger(AbstractProcessor.java:27)
	at org.apache.nifi.util.StandardProcessorTestRunner$RunProcessor.call(StandardProcessorTestRunner.java:284)
	at org.apache.nifi.util.StandardProcessorTestRunner$RunProcessor.call(StandardProcessorTestRunner.java:278)
	at java.util.concurrent.FutureTask.run(FutureTask.java:266)
	at java.util.concurrent.ScheduledThreadPoolExecutor$ScheduledFutureTask.access$201(ScheduledThreadPoolExecutor.java:180)
	at java.util.concurrent.ScheduledThreadPoolExecutor$ScheduledFutureTask.run(ScheduledThreadPoolExecutor.java:293)
	at java.util.concurrent.ThreadPoolExecutor.runWorker(ThreadPoolExecutor.java:1149)
	at java.util.concurrent.ThreadPoolExecutor$Worker.run(ThreadPoolExecutor.java:624)
	at java.lang.Thread.run(Thread.java:750)
9790 [pool-114-thread-1] ERROR org.apache.nifi.processors.hadoop.PutHDFSTest$TestablePutHDFS - [TestablePutHDFS[id=1966794c-2857-407b-b58d-1142473605c3]] org.apache.hadoop.mapred.JobConf
java.lang.ClassNotFoundException: org.apache.hadoop.mapred.JobConf
	at java.net.URLClassLoader.findClass(URLClassLoader.java:387)
	at java.lang.ClassLoader.loadClass(ClassLoader.java:418)
	at sun.misc.Launcher$AppClassLoader.loadClass(Launcher.java:352)
	at java.lang.ClassLoader.loadClass(ClassLoader.java:351)
	at java.lang.Class.forName0(Native Method)
	at java.lang.Class.forName(Class.java:348)
	at org.apache.nifi.processors.hadoop.ExtendedConfiguration.getClassByNameOrNull(ExtendedConfiguration.java:70)
	at org.apache.hadoop.util.ReflectionUtils.setJobConf(ReflectionUtils.java:98)
	at org.apache.hadoop.util.ReflectionUtils.setConf(ReflectionUtils.java:81)
	at org.apache.hadoop.util.ReflectionUtils.newInstance(ReflectionUtils.java:139)
	at org.apache.hadoop.io.compress.CompressionCodecFactory.<init>(CompressionCodecFactory.java:186)
	at org.apache.nifi.processors.hadoop.AbstractHadoopProcessor.getCompressionCodec(AbstractHadoopProcessor.java:588)
	at org.apache.nifi.processors.hadoop.PutHDFS$1.run(PutHDFS.java:310)
	at java.security.AccessController.doPrivileged(Native Method)
	at javax.security.auth.Subject.doAs(Subject.java:360)
	at org.apache.hadoop.security.UserGroupInformation.doAs(UserGroupInformation.java:1822)
	at org.apache.nifi.processors.hadoop.PutHDFS.onTrigger(PutHDFS.java:297)
	at org.apache.nifi.processor.AbstractProcessor.onTrigger(AbstractProcessor.java:27)
	at org.apache.nifi.util.StandardProcessorTestRunner$RunProcessor.call(StandardProcessorTestRunner.java:284)
	at org.apache.nifi.util.StandardProcessorTestRunner$RunProcessor.call(StandardProcessorTestRunner.java:278)
	at java.util.concurrent.FutureTask.run(FutureTask.java:266)
	at java.util.concurrent.ScheduledThreadPoolExecutor$ScheduledFutureTask.access$201(ScheduledThreadPoolExecutor.java:180)
	at java.util.concurrent.ScheduledThreadPoolExecutor$ScheduledFutureTask.run(ScheduledThreadPoolExecutor.java:293)
	at java.util.concurrent.ThreadPoolExecutor.runWorker(ThreadPoolExecutor.java:1149)
	at java.util.concurrent.ThreadPoolExecutor$Worker.run(ThreadPoolExecutor.java:624)
	at java.lang.Thread.run(Thread.java:750)
9790 [pool-114-thread-1] ERROR org.apache.nifi.processors.hadoop.PutHDFSTest$TestablePutHDFS - [TestablePutHDFS[id=1966794c-2857-407b-b58d-1142473605c3]] org.apache.hadoop.mapred.JobConf
java.lang.ClassNotFoundException: org.apache.hadoop.mapred.JobConf
	at java.net.URLClassLoader.findClass(URLClassLoader.java:387)
	at java.lang.ClassLoader.loadClass(ClassLoader.java:418)
	at sun.misc.Launcher$AppClassLoader.loadClass(Launcher.java:352)
	at java.lang.ClassLoader.loadClass(ClassLoader.java:351)
	at java.lang.Class.forName0(Native Method)
	at java.lang.Class.forName(Class.java:348)
	at org.apache.nifi.processors.hadoop.ExtendedConfiguration.getClassByNameOrNull(ExtendedConfiguration.java:70)
	at org.apache.hadoop.util.ReflectionUtils.setJobConf(ReflectionUtils.java:98)
	at org.apache.hadoop.util.ReflectionUtils.setConf(ReflectionUtils.java:81)
	at org.apache.hadoop.util.ReflectionUtils.newInstance(ReflectionUtils.java:139)
	at org.apache.hadoop.io.compress.CompressionCodecFactory.<init>(CompressionCodecFactory.java:186)
	at org.apache.nifi.processors.hadoop.AbstractHadoopProcessor.getCompressionCodec(AbstractHadoopProcessor.java:588)
	at org.apache.nifi.processors.hadoop.PutHDFS$1.run(PutHDFS.java:310)
	at java.security.AccessController.doPrivileged(Native Method)
	at javax.security.auth.Subject.doAs(Subject.java:360)
	at org.apache.hadoop.security.UserGroupInformation.doAs(UserGroupInformation.java:1822)
	at org.apache.nifi.processors.hadoop.PutHDFS.onTrigger(PutHDFS.java:297)
	at org.apache.nifi.processor.AbstractProcessor.onTrigger(AbstractProcessor.java:27)
	at org.apache.nifi.util.StandardProcessorTestRunner$RunProcessor.call(StandardProcessorTestRunner.java:284)
	at org.apache.nifi.util.StandardProcessorTestRunner$RunProcessor.call(StandardProcessorTestRunner.java:278)
	at java.util.concurrent.FutureTask.run(FutureTask.java:266)
	at java.util.concurrent.ScheduledThreadPoolExecutor$ScheduledFutureTask.access$201(ScheduledThreadPoolExecutor.java:180)
	at java.util.concurrent.ScheduledThreadPoolExecutor$ScheduledFutureTask.run(ScheduledThreadPoolExecutor.java:293)
	at java.util.concurrent.ThreadPoolExecutor.runWorker(ThreadPoolExecutor.java:1149)
	at java.util.concurrent.ThreadPoolExecutor$Worker.run(ThreadPoolExecutor.java:624)
	at java.lang.Thread.run(Thread.java:750)
9791 [pool-114-thread-1] ERROR org.apache.nifi.processors.hadoop.PutHDFSTest$TestablePutHDFS - [TestablePutHDFS[id=1966794c-2857-407b-b58d-1142473605c3]] org.apache.hadoop.mapred.JobConf
java.lang.ClassNotFoundException: org.apache.hadoop.mapred.JobConf
	at java.net.URLClassLoader.findClass(URLClassLoader.java:387)
	at java.lang.ClassLoader.loadClass(ClassLoader.java:418)
	at sun.misc.Launcher$AppClassLoader.loadClass(Launcher.java:352)
	at java.lang.ClassLoader.loadClass(ClassLoader.java:351)
	at java.lang.Class.forName0(Native Method)
	at java.lang.Class.forName(Class.java:348)
	at org.apache.nifi.processors.hadoop.ExtendedConfiguration.getClassByNameOrNull(ExtendedConfiguration.java:70)
	at org.apache.hadoop.util.ReflectionUtils.setJobConf(ReflectionUtils.java:98)
	at org.apache.hadoop.util.ReflectionUtils.setConf(ReflectionUtils.java:81)
	at org.apache.hadoop.util.ReflectionUtils.newInstance(ReflectionUtils.java:139)
	at org.apache.hadoop.io.compress.CompressionCodecFactory.<init>(CompressionCodecFactory.java:186)
	at org.apache.nifi.processors.hadoop.AbstractHadoopProcessor.getCompressionCodec(AbstractHadoopProcessor.java:588)
	at org.apache.nifi.processors.hadoop.PutHDFS$1.run(PutHDFS.java:310)
	at java.security.AccessController.doPrivileged(Native Method)
	at javax.security.auth.Subject.doAs(Subject.java:360)
	at org.apache.hadoop.security.UserGroupInformation.doAs(UserGroupInformation.java:1822)
	at org.apache.nifi.processors.hadoop.PutHDFS.onTrigger(PutHDFS.java:297)
	at org.apache.nifi.processor.AbstractProcessor.onTrigger(AbstractProcessor.java:27)
	at org.apache.nifi.util.StandardProcessorTestRunner$RunProcessor.call(StandardProcessorTestRunner.java:284)
	at org.apache.nifi.util.StandardProcessorTestRunner$RunProcessor.call(StandardProcessorTestRunner.java:278)
	at java.util.concurrent.FutureTask.run(FutureTask.java:266)
	at java.util.concurrent.ScheduledThreadPoolExecutor$ScheduledFutureTask.access$201(ScheduledThreadPoolExecutor.java:180)
	at java.util.concurrent.ScheduledThreadPoolExecutor$ScheduledFutureTask.run(ScheduledThreadPoolExecutor.java:293)
	at java.util.concurrent.ThreadPoolExecutor.runWorker(ThreadPoolExecutor.java:1149)
	at java.util.concurrent.ThreadPoolExecutor$Worker.run(ThreadPoolExecutor.java:624)
	at java.lang.Thread.run(Thread.java:750)
9791 [pool-114-thread-1] INFO org.apache.nifi.processors.hadoop.PutHDFSTest$TestablePutHDFS - TestablePutHDFS[id=1966794c-2857-407b-b58d-1142473605c3] copied FlowFile[0,randombytes-1,500000B] to HDFS at target/test-classes/randombytes-1 in 0 milliseconds at a rate of 2.32 GB/sec
]]></system-err>
  </testcase>
  <testcase name="testPutHDFSAclCache" classname="org.apache.nifi.processors.hadoop.PutHDFSTest" time="0.145">
    <system-err><![CDATA[9930 [main] ERROR org.apache.nifi.processors.hadoop.PutHDFSTest$TestablePutHDFS - [TestablePutHDFS[id=489ce7b0-1cf3-4cd7-8eeb-f8de1431ca43]] org.apache.hadoop.mapred.JobConf
java.lang.ClassNotFoundException: org.apache.hadoop.mapred.JobConf
	at java.net.URLClassLoader.findClass(URLClassLoader.java:387)
	at java.lang.ClassLoader.loadClass(ClassLoader.java:418)
	at sun.misc.Launcher$AppClassLoader.loadClass(Launcher.java:352)
	at java.lang.ClassLoader.loadClass(ClassLoader.java:351)
	at java.lang.Class.forName0(Native Method)
	at java.lang.Class.forName(Class.java:348)
	at org.apache.nifi.processors.hadoop.ExtendedConfiguration.getClassByNameOrNull(ExtendedConfiguration.java:70)
	at org.apache.hadoop.util.ReflectionUtils.setJobConf(ReflectionUtils.java:98)
	at org.apache.hadoop.util.ReflectionUtils.setConf(ReflectionUtils.java:81)
	at org.apache.hadoop.util.ReflectionUtils.newInstance(ReflectionUtils.java:139)
	at org.apache.hadoop.fs.FileSystem.createFileSystem(FileSystem.java:3412)
	at org.apache.hadoop.fs.FileSystem.get(FileSystem.java:521)
	at org.apache.hadoop.fs.FileSystem.get(FileSystem.java:272)
	at org.apache.nifi.processors.hadoop.AbstractHadoopProcessor$1.run(AbstractHadoopProcessor.java:546)
	at org.apache.nifi.processors.hadoop.AbstractHadoopProcessor$1.run(AbstractHadoopProcessor.java:543)
	at java.security.AccessController.doPrivileged(Native Method)
	at javax.security.auth.Subject.doAs(Subject.java:422)
	at org.apache.hadoop.security.UserGroupInformation.doAs(UserGroupInformation.java:1845)
	at org.apache.nifi.processors.hadoop.AbstractHadoopProcessor.getFileSystemAsUser(AbstractHadoopProcessor.java:543)
	at org.apache.nifi.processors.hadoop.AbstractHadoopProcessor.resetHDFSResources(AbstractHadoopProcessor.java:476)
	at org.apache.nifi.processors.hadoop.AbstractHadoopProcessor.abstractOnScheduled(AbstractHadoopProcessor.java:352)
	at sun.reflect.GeneratedMethodAccessor19.invoke(Unknown Source)
	at sun.reflect.DelegatingMethodAccessorImpl.invoke(DelegatingMethodAccessorImpl.java:43)
	at java.lang.reflect.Method.invoke(Method.java:498)
	at org.apache.nifi.util.ReflectionUtils.invokeMethodsWithAnnotation(ReflectionUtils.java:68)
	at org.apache.nifi.util.StandardProcessorTestRunner.run(StandardProcessorTestRunner.java:203)
	at org.apache.nifi.util.StandardProcessorTestRunner.run(StandardProcessorTestRunner.java:185)
	at org.apache.nifi.util.StandardProcessorTestRunner.run(StandardProcessorTestRunner.java:180)
	at org.apache.nifi.util.StandardProcessorTestRunner.run(StandardProcessorTestRunner.java:175)
	at org.apache.nifi.processors.hadoop.PutHDFSTest.testPutHDFSAclCache(PutHDFSTest.java:543)
	at sun.reflect.NativeMethodAccessorImpl.invoke0(Native Method)
	at sun.reflect.NativeMethodAccessorImpl.invoke(NativeMethodAccessorImpl.java:62)
	at sun.reflect.DelegatingMethodAccessorImpl.invoke(DelegatingMethodAccessorImpl.java:43)
	at java.lang.reflect.Method.invoke(Method.java:498)
	at org.junit.runners.model.FrameworkMethod$1.runReflectiveCall(FrameworkMethod.java:59)
	at org.junit.internal.runners.model.ReflectiveCallable.run(ReflectiveCallable.java:12)
	at org.junit.runners.model.FrameworkMethod.invokeExplosively(FrameworkMethod.java:56)
	at org.junit.internal.runners.statements.InvokeMethod.evaluate(InvokeMethod.java:17)
	at org.junit.internal.runners.statements.RunBefores.evaluate(RunBefores.java:26)
	at org.junit.runners.ParentRunner$3.evaluate(ParentRunner.java:306)
	at org.junit.runners.BlockJUnit4ClassRunner$1.evaluate(BlockJUnit4ClassRunner.java:100)
	at org.junit.runners.ParentRunner.runLeaf(ParentRunner.java:366)
	at org.junit.runners.BlockJUnit4ClassRunner.runChild(BlockJUnit4ClassRunner.java:103)
	at org.junit.runners.BlockJUnit4ClassRunner.runChild(BlockJUnit4ClassRunner.java:63)
	at org.junit.runners.ParentRunner$4.run(ParentRunner.java:331)
	at org.junit.runners.ParentRunner$1.schedule(ParentRunner.java:79)
	at org.junit.runners.ParentRunner.runChildren(ParentRunner.java:329)
	at org.junit.runners.ParentRunner.access$100(ParentRunner.java:66)
	at org.junit.runners.ParentRunner$2.evaluate(ParentRunner.java:293)
	at org.junit.runners.ParentRunner$3.evaluate(ParentRunner.java:306)
	at org.junit.runners.ParentRunner.run(ParentRunner.java:413)
	at org.junit.runner.JUnitCore.run(JUnitCore.java:137)
	at org.junit.runner.JUnitCore.run(JUnitCore.java:115)
	at org.junit.vintage.engine.execution.RunnerExecutor.execute(RunnerExecutor.java:43)
	at java.util.stream.ForEachOps$ForEachOp$OfRef.accept(ForEachOps.java:183)
	at java.util.stream.ReferencePipeline$3$1.accept(ReferencePipeline.java:193)
	at java.util.Iterator.forEachRemaining(Iterator.java:116)
	at java.util.Spliterators$IteratorSpliterator.forEachRemaining(Spliterators.java:1801)
	at java.util.stream.AbstractPipeline.copyInto(AbstractPipeline.java:482)
	at java.util.stream.AbstractPipeline.wrapAndCopyInto(AbstractPipeline.java:472)
	at java.util.stream.ForEachOps$ForEachOp.evaluateSequential(ForEachOps.java:150)
	at java.util.stream.ForEachOps$ForEachOp$OfRef.evaluateSequential(ForEachOps.java:173)
	at java.util.stream.AbstractPipeline.evaluate(AbstractPipeline.java:234)
	at java.util.stream.ReferencePipeline.forEach(ReferencePipeline.java:485)
	at org.junit.vintage.engine.VintageTestEngine.executeAllChildren(VintageTestEngine.java:82)
	at org.junit.vintage.engine.VintageTestEngine.execute(VintageTestEngine.java:73)
	at org.junit.platform.launcher.core.EngineExecutionOrchestrator.execute(EngineExecutionOrchestrator.java:108)
	at org.junit.platform.launcher.core.EngineExecutionOrchestrator.execute(EngineExecutionOrchestrator.java:88)
	at org.junit.platform.launcher.core.EngineExecutionOrchestrator.lambda$execute$0(EngineExecutionOrchestrator.java:54)
	at org.junit.platform.launcher.core.EngineExecutionOrchestrator.withInterceptedStreams(EngineExecutionOrchestrator.java:67)
	at org.junit.platform.launcher.core.EngineExecutionOrchestrator.execute(EngineExecutionOrchestrator.java:52)
	at org.junit.platform.launcher.core.DefaultLauncher.execute(DefaultLauncher.java:96)
	at org.junit.platform.launcher.core.DefaultLauncher.execute(DefaultLauncher.java:75)
	at org.apache.maven.surefire.junitplatform.JUnitPlatformProvider.execute(JUnitPlatformProvider.java:188)
	at org.apache.maven.surefire.junitplatform.JUnitPlatformProvider.invokeAllTests(JUnitPlatformProvider.java:154)
	at org.apache.maven.surefire.junitplatform.JUnitPlatformProvider.invoke(JUnitPlatformProvider.java:128)
	at org.apache.maven.surefire.booter.ForkedBooter.runSuitesInProcess(ForkedBooter.java:428)
	at org.apache.maven.surefire.booter.ForkedBooter.execute(ForkedBooter.java:162)
	at org.apache.maven.surefire.booter.ForkedBooter.run(ForkedBooter.java:562)
	at org.apache.maven.surefire.booter.ForkedBooter.main(ForkedBooter.java:548)
9930 [main] INFO org.apache.nifi.processors.hadoop.PutHDFSTest$TestablePutHDFS - TestablePutHDFS[id=489ce7b0-1cf3-4cd7-8eeb-f8de1431ca43] Initialized a new HDFS File System with working dir: file:/home/alex/Repositories/nifi/nifi-nar-bundles/nifi-hadoop-bundle/nifi-hdfs-processors default block size: 33554432 default replication: 1 config: Configuration: core-default.xml, core-site.xml, hdfs-default.xml, hdfs-rbf-default.xml, hdfs-site.xml, hdfs-rbf-site.xml
9933 [pool-115-thread-1] ERROR org.apache.nifi.processors.hadoop.PutHDFSTest$TestablePutHDFS - [TestablePutHDFS[id=489ce7b0-1cf3-4cd7-8eeb-f8de1431ca43]] org.apache.hadoop.mapred.JobConf
java.lang.ClassNotFoundException: org.apache.hadoop.mapred.JobConf
	at java.net.URLClassLoader.findClass(URLClassLoader.java:387)
	at java.lang.ClassLoader.loadClass(ClassLoader.java:418)
	at sun.misc.Launcher$AppClassLoader.loadClass(Launcher.java:352)
	at java.lang.ClassLoader.loadClass(ClassLoader.java:351)
	at java.lang.Class.forName0(Native Method)
	at java.lang.Class.forName(Class.java:348)
	at org.apache.nifi.processors.hadoop.ExtendedConfiguration.getClassByNameOrNull(ExtendedConfiguration.java:70)
	at org.apache.hadoop.util.ReflectionUtils.setJobConf(ReflectionUtils.java:98)
	at org.apache.hadoop.util.ReflectionUtils.setConf(ReflectionUtils.java:81)
	at org.apache.hadoop.util.ReflectionUtils.newInstance(ReflectionUtils.java:139)
	at org.apache.hadoop.io.compress.CompressionCodecFactory.<init>(CompressionCodecFactory.java:186)
	at org.apache.nifi.processors.hadoop.AbstractHadoopProcessor.getCompressionCodec(AbstractHadoopProcessor.java:588)
	at org.apache.nifi.processors.hadoop.PutHDFS$1.run(PutHDFS.java:310)
	at java.security.AccessController.doPrivileged(Native Method)
	at javax.security.auth.Subject.doAs(Subject.java:360)
	at org.apache.hadoop.security.UserGroupInformation.doAs(UserGroupInformation.java:1822)
	at org.apache.nifi.processors.hadoop.PutHDFS.onTrigger(PutHDFS.java:297)
	at org.apache.nifi.processor.AbstractProcessor.onTrigger(AbstractProcessor.java:27)
	at org.apache.nifi.util.StandardProcessorTestRunner$RunProcessor.call(StandardProcessorTestRunner.java:284)
	at org.apache.nifi.util.StandardProcessorTestRunner$RunProcessor.call(StandardProcessorTestRunner.java:278)
	at java.util.concurrent.FutureTask.run(FutureTask.java:266)
	at java.util.concurrent.ScheduledThreadPoolExecutor$ScheduledFutureTask.access$201(ScheduledThreadPoolExecutor.java:180)
	at java.util.concurrent.ScheduledThreadPoolExecutor$ScheduledFutureTask.run(ScheduledThreadPoolExecutor.java:293)
	at java.util.concurrent.ThreadPoolExecutor.runWorker(ThreadPoolExecutor.java:1149)
	at java.util.concurrent.ThreadPoolExecutor$Worker.run(ThreadPoolExecutor.java:624)
	at java.lang.Thread.run(Thread.java:750)
9933 [pool-115-thread-1] ERROR org.apache.nifi.processors.hadoop.PutHDFSTest$TestablePutHDFS - [TestablePutHDFS[id=489ce7b0-1cf3-4cd7-8eeb-f8de1431ca43]] org.apache.hadoop.mapred.JobConf
java.lang.ClassNotFoundException: org.apache.hadoop.mapred.JobConf
	at java.net.URLClassLoader.findClass(URLClassLoader.java:387)
	at java.lang.ClassLoader.loadClass(ClassLoader.java:418)
	at sun.misc.Launcher$AppClassLoader.loadClass(Launcher.java:352)
	at java.lang.ClassLoader.loadClass(ClassLoader.java:351)
	at java.lang.Class.forName0(Native Method)
	at java.lang.Class.forName(Class.java:348)
	at org.apache.nifi.processors.hadoop.ExtendedConfiguration.getClassByNameOrNull(ExtendedConfiguration.java:70)
	at org.apache.hadoop.util.ReflectionUtils.setJobConf(ReflectionUtils.java:98)
	at org.apache.hadoop.util.ReflectionUtils.setConf(ReflectionUtils.java:81)
	at org.apache.hadoop.util.ReflectionUtils.newInstance(ReflectionUtils.java:139)
	at org.apache.hadoop.io.compress.CompressionCodecFactory.<init>(CompressionCodecFactory.java:186)
	at org.apache.nifi.processors.hadoop.AbstractHadoopProcessor.getCompressionCodec(AbstractHadoopProcessor.java:588)
	at org.apache.nifi.processors.hadoop.PutHDFS$1.run(PutHDFS.java:310)
	at java.security.AccessController.doPrivileged(Native Method)
	at javax.security.auth.Subject.doAs(Subject.java:360)
	at org.apache.hadoop.security.UserGroupInformation.doAs(UserGroupInformation.java:1822)
	at org.apache.nifi.processors.hadoop.PutHDFS.onTrigger(PutHDFS.java:297)
	at org.apache.nifi.processor.AbstractProcessor.onTrigger(AbstractProcessor.java:27)
	at org.apache.nifi.util.StandardProcessorTestRunner$RunProcessor.call(StandardProcessorTestRunner.java:284)
	at org.apache.nifi.util.StandardProcessorTestRunner$RunProcessor.call(StandardProcessorTestRunner.java:278)
	at java.util.concurrent.FutureTask.run(FutureTask.java:266)
	at java.util.concurrent.ScheduledThreadPoolExecutor$ScheduledFutureTask.access$201(ScheduledThreadPoolExecutor.java:180)
	at java.util.concurrent.ScheduledThreadPoolExecutor$ScheduledFutureTask.run(ScheduledThreadPoolExecutor.java:293)
	at java.util.concurrent.ThreadPoolExecutor.runWorker(ThreadPoolExecutor.java:1149)
	at java.util.concurrent.ThreadPoolExecutor$Worker.run(ThreadPoolExecutor.java:624)
	at java.lang.Thread.run(Thread.java:750)
9934 [pool-115-thread-1] ERROR org.apache.nifi.processors.hadoop.PutHDFSTest$TestablePutHDFS - [TestablePutHDFS[id=489ce7b0-1cf3-4cd7-8eeb-f8de1431ca43]] org.apache.hadoop.mapred.JobConf
java.lang.ClassNotFoundException: org.apache.hadoop.mapred.JobConf
	at java.net.URLClassLoader.findClass(URLClassLoader.java:387)
	at java.lang.ClassLoader.loadClass(ClassLoader.java:418)
	at sun.misc.Launcher$AppClassLoader.loadClass(Launcher.java:352)
	at java.lang.ClassLoader.loadClass(ClassLoader.java:351)
	at java.lang.Class.forName0(Native Method)
	at java.lang.Class.forName(Class.java:348)
	at org.apache.nifi.processors.hadoop.ExtendedConfiguration.getClassByNameOrNull(ExtendedConfiguration.java:70)
	at org.apache.hadoop.util.ReflectionUtils.setJobConf(ReflectionUtils.java:98)
	at org.apache.hadoop.util.ReflectionUtils.setConf(ReflectionUtils.java:81)
	at org.apache.hadoop.util.ReflectionUtils.newInstance(ReflectionUtils.java:139)
	at org.apache.hadoop.io.compress.CompressionCodecFactory.<init>(CompressionCodecFactory.java:186)
	at org.apache.nifi.processors.hadoop.AbstractHadoopProcessor.getCompressionCodec(AbstractHadoopProcessor.java:588)
	at org.apache.nifi.processors.hadoop.PutHDFS$1.run(PutHDFS.java:310)
	at java.security.AccessController.doPrivileged(Native Method)
	at javax.security.auth.Subject.doAs(Subject.java:360)
	at org.apache.hadoop.security.UserGroupInformation.doAs(UserGroupInformation.java:1822)
	at org.apache.nifi.processors.hadoop.PutHDFS.onTrigger(PutHDFS.java:297)
	at org.apache.nifi.processor.AbstractProcessor.onTrigger(AbstractProcessor.java:27)
	at org.apache.nifi.util.StandardProcessorTestRunner$RunProcessor.call(StandardProcessorTestRunner.java:284)
	at org.apache.nifi.util.StandardProcessorTestRunner$RunProcessor.call(StandardProcessorTestRunner.java:278)
	at java.util.concurrent.FutureTask.run(FutureTask.java:266)
	at java.util.concurrent.ScheduledThreadPoolExecutor$ScheduledFutureTask.access$201(ScheduledThreadPoolExecutor.java:180)
	at java.util.concurrent.ScheduledThreadPoolExecutor$ScheduledFutureTask.run(ScheduledThreadPoolExecutor.java:293)
	at java.util.concurrent.ThreadPoolExecutor.runWorker(ThreadPoolExecutor.java:1149)
	at java.util.concurrent.ThreadPoolExecutor$Worker.run(ThreadPoolExecutor.java:624)
	at java.lang.Thread.run(Thread.java:750)
9934 [pool-115-thread-1] ERROR org.apache.nifi.processors.hadoop.PutHDFSTest$TestablePutHDFS - [TestablePutHDFS[id=489ce7b0-1cf3-4cd7-8eeb-f8de1431ca43]] org.apache.hadoop.mapred.JobConf
java.lang.ClassNotFoundException: org.apache.hadoop.mapred.JobConf
	at java.net.URLClassLoader.findClass(URLClassLoader.java:387)
	at java.lang.ClassLoader.loadClass(ClassLoader.java:418)
	at sun.misc.Launcher$AppClassLoader.loadClass(Launcher.java:352)
	at java.lang.ClassLoader.loadClass(ClassLoader.java:351)
	at java.lang.Class.forName0(Native Method)
	at java.lang.Class.forName(Class.java:348)
	at org.apache.nifi.processors.hadoop.ExtendedConfiguration.getClassByNameOrNull(ExtendedConfiguration.java:70)
	at org.apache.hadoop.util.ReflectionUtils.setJobConf(ReflectionUtils.java:98)
	at org.apache.hadoop.util.ReflectionUtils.setConf(ReflectionUtils.java:81)
	at org.apache.hadoop.util.ReflectionUtils.newInstance(ReflectionUtils.java:139)
	at org.apache.hadoop.io.compress.CompressionCodecFactory.<init>(CompressionCodecFactory.java:186)
	at org.apache.nifi.processors.hadoop.AbstractHadoopProcessor.getCompressionCodec(AbstractHadoopProcessor.java:588)
	at org.apache.nifi.processors.hadoop.PutHDFS$1.run(PutHDFS.java:310)
	at java.security.AccessController.doPrivileged(Native Method)
	at javax.security.auth.Subject.doAs(Subject.java:360)
	at org.apache.hadoop.security.UserGroupInformation.doAs(UserGroupInformation.java:1822)
	at org.apache.nifi.processors.hadoop.PutHDFS.onTrigger(PutHDFS.java:297)
	at org.apache.nifi.processor.AbstractProcessor.onTrigger(AbstractProcessor.java:27)
	at org.apache.nifi.util.StandardProcessorTestRunner$RunProcessor.call(StandardProcessorTestRunner.java:284)
	at org.apache.nifi.util.StandardProcessorTestRunner$RunProcessor.call(StandardProcessorTestRunner.java:278)
	at java.util.concurrent.FutureTask.run(FutureTask.java:266)
	at java.util.concurrent.ScheduledThreadPoolExecutor$ScheduledFutureTask.access$201(ScheduledThreadPoolExecutor.java:180)
	at java.util.concurrent.ScheduledThreadPoolExecutor$ScheduledFutureTask.run(ScheduledThreadPoolExecutor.java:293)
	at java.util.concurrent.ThreadPoolExecutor.runWorker(ThreadPoolExecutor.java:1149)
	at java.util.concurrent.ThreadPoolExecutor$Worker.run(ThreadPoolExecutor.java:624)
	at java.lang.Thread.run(Thread.java:750)
9934 [pool-115-thread-1] ERROR org.apache.nifi.processors.hadoop.PutHDFSTest$TestablePutHDFS - [TestablePutHDFS[id=489ce7b0-1cf3-4cd7-8eeb-f8de1431ca43]] org.apache.hadoop.mapred.JobConf
java.lang.ClassNotFoundException: org.apache.hadoop.mapred.JobConf
	at java.net.URLClassLoader.findClass(URLClassLoader.java:387)
	at java.lang.ClassLoader.loadClass(ClassLoader.java:418)
	at sun.misc.Launcher$AppClassLoader.loadClass(Launcher.java:352)
	at java.lang.ClassLoader.loadClass(ClassLoader.java:351)
	at java.lang.Class.forName0(Native Method)
	at java.lang.Class.forName(Class.java:348)
	at org.apache.nifi.processors.hadoop.ExtendedConfiguration.getClassByNameOrNull(ExtendedConfiguration.java:70)
	at org.apache.hadoop.util.ReflectionUtils.setJobConf(ReflectionUtils.java:98)
	at org.apache.hadoop.util.ReflectionUtils.setConf(ReflectionUtils.java:81)
	at org.apache.hadoop.util.ReflectionUtils.newInstance(ReflectionUtils.java:139)
	at org.apache.hadoop.io.compress.CompressionCodecFactory.<init>(CompressionCodecFactory.java:186)
	at org.apache.nifi.processors.hadoop.AbstractHadoopProcessor.getCompressionCodec(AbstractHadoopProcessor.java:588)
	at org.apache.nifi.processors.hadoop.PutHDFS$1.run(PutHDFS.java:310)
	at java.security.AccessController.doPrivileged(Native Method)
	at javax.security.auth.Subject.doAs(Subject.java:360)
	at org.apache.hadoop.security.UserGroupInformation.doAs(UserGroupInformation.java:1822)
	at org.apache.nifi.processors.hadoop.PutHDFS.onTrigger(PutHDFS.java:297)
	at org.apache.nifi.processor.AbstractProcessor.onTrigger(AbstractProcessor.java:27)
	at org.apache.nifi.util.StandardProcessorTestRunner$RunProcessor.call(StandardProcessorTestRunner.java:284)
	at org.apache.nifi.util.StandardProcessorTestRunner$RunProcessor.call(StandardProcessorTestRunner.java:278)
	at java.util.concurrent.FutureTask.run(FutureTask.java:266)
	at java.util.concurrent.ScheduledThreadPoolExecutor$ScheduledFutureTask.access$201(ScheduledThreadPoolExecutor.java:180)
	at java.util.concurrent.ScheduledThreadPoolExecutor$ScheduledFutureTask.run(ScheduledThreadPoolExecutor.java:293)
	at java.util.concurrent.ThreadPoolExecutor.runWorker(ThreadPoolExecutor.java:1149)
	at java.util.concurrent.ThreadPoolExecutor$Worker.run(ThreadPoolExecutor.java:624)
	at java.lang.Thread.run(Thread.java:750)
9934 [pool-115-thread-1] ERROR org.apache.nifi.processors.hadoop.PutHDFSTest$TestablePutHDFS - [TestablePutHDFS[id=489ce7b0-1cf3-4cd7-8eeb-f8de1431ca43]] org.apache.hadoop.mapred.JobConf
java.lang.ClassNotFoundException: org.apache.hadoop.mapred.JobConf
	at java.net.URLClassLoader.findClass(URLClassLoader.java:387)
	at java.lang.ClassLoader.loadClass(ClassLoader.java:418)
	at sun.misc.Launcher$AppClassLoader.loadClass(Launcher.java:352)
	at java.lang.ClassLoader.loadClass(ClassLoader.java:351)
	at java.lang.Class.forName0(Native Method)
	at java.lang.Class.forName(Class.java:348)
	at org.apache.nifi.processors.hadoop.ExtendedConfiguration.getClassByNameOrNull(ExtendedConfiguration.java:70)
	at org.apache.hadoop.util.ReflectionUtils.setJobConf(ReflectionUtils.java:98)
	at org.apache.hadoop.util.ReflectionUtils.setConf(ReflectionUtils.java:81)
	at org.apache.hadoop.util.ReflectionUtils.newInstance(ReflectionUtils.java:139)
	at org.apache.hadoop.io.compress.CompressionCodecFactory.<init>(CompressionCodecFactory.java:186)
	at org.apache.nifi.processors.hadoop.AbstractHadoopProcessor.getCompressionCodec(AbstractHadoopProcessor.java:588)
	at org.apache.nifi.processors.hadoop.PutHDFS$1.run(PutHDFS.java:310)
	at java.security.AccessController.doPrivileged(Native Method)
	at javax.security.auth.Subject.doAs(Subject.java:360)
	at org.apache.hadoop.security.UserGroupInformation.doAs(UserGroupInformation.java:1822)
	at org.apache.nifi.processors.hadoop.PutHDFS.onTrigger(PutHDFS.java:297)
	at org.apache.nifi.processor.AbstractProcessor.onTrigger(AbstractProcessor.java:27)
	at org.apache.nifi.util.StandardProcessorTestRunner$RunProcessor.call(StandardProcessorTestRunner.java:284)
	at org.apache.nifi.util.StandardProcessorTestRunner$RunProcessor.call(StandardProcessorTestRunner.java:278)
	at java.util.concurrent.FutureTask.run(FutureTask.java:266)
	at java.util.concurrent.ScheduledThreadPoolExecutor$ScheduledFutureTask.access$201(ScheduledThreadPoolExecutor.java:180)
	at java.util.concurrent.ScheduledThreadPoolExecutor$ScheduledFutureTask.run(ScheduledThreadPoolExecutor.java:293)
	at java.util.concurrent.ThreadPoolExecutor.runWorker(ThreadPoolExecutor.java:1149)
	at java.util.concurrent.ThreadPoolExecutor$Worker.run(ThreadPoolExecutor.java:624)
	at java.lang.Thread.run(Thread.java:750)
9935 [pool-115-thread-1] ERROR org.apache.nifi.processors.hadoop.PutHDFSTest$TestablePutHDFS - [TestablePutHDFS[id=489ce7b0-1cf3-4cd7-8eeb-f8de1431ca43]] org.apache.hadoop.mapred.JobConf
java.lang.ClassNotFoundException: org.apache.hadoop.mapred.JobConf
	at java.net.URLClassLoader.findClass(URLClassLoader.java:387)
	at java.lang.ClassLoader.loadClass(ClassLoader.java:418)
	at sun.misc.Launcher$AppClassLoader.loadClass(Launcher.java:352)
	at java.lang.ClassLoader.loadClass(ClassLoader.java:351)
	at java.lang.Class.forName0(Native Method)
	at java.lang.Class.forName(Class.java:348)
	at org.apache.nifi.processors.hadoop.ExtendedConfiguration.getClassByNameOrNull(ExtendedConfiguration.java:70)
	at org.apache.hadoop.util.ReflectionUtils.setJobConf(ReflectionUtils.java:98)
	at org.apache.hadoop.util.ReflectionUtils.setConf(ReflectionUtils.java:81)
	at org.apache.hadoop.util.ReflectionUtils.newInstance(ReflectionUtils.java:139)
	at org.apache.hadoop.io.compress.CompressionCodecFactory.<init>(CompressionCodecFactory.java:186)
	at org.apache.nifi.processors.hadoop.AbstractHadoopProcessor.getCompressionCodec(AbstractHadoopProcessor.java:588)
	at org.apache.nifi.processors.hadoop.PutHDFS$1.run(PutHDFS.java:310)
	at java.security.AccessController.doPrivileged(Native Method)
	at javax.security.auth.Subject.doAs(Subject.java:360)
	at org.apache.hadoop.security.UserGroupInformation.doAs(UserGroupInformation.java:1822)
	at org.apache.nifi.processors.hadoop.PutHDFS.onTrigger(PutHDFS.java:297)
	at org.apache.nifi.processor.AbstractProcessor.onTrigger(AbstractProcessor.java:27)
	at org.apache.nifi.util.StandardProcessorTestRunner$RunProcessor.call(StandardProcessorTestRunner.java:284)
	at org.apache.nifi.util.StandardProcessorTestRunner$RunProcessor.call(StandardProcessorTestRunner.java:278)
	at java.util.concurrent.FutureTask.run(FutureTask.java:266)
	at java.util.concurrent.ScheduledThreadPoolExecutor$ScheduledFutureTask.access$201(ScheduledThreadPoolExecutor.java:180)
	at java.util.concurrent.ScheduledThreadPoolExecutor$ScheduledFutureTask.run(ScheduledThreadPoolExecutor.java:293)
	at java.util.concurrent.ThreadPoolExecutor.runWorker(ThreadPoolExecutor.java:1149)
	at java.util.concurrent.ThreadPoolExecutor$Worker.run(ThreadPoolExecutor.java:624)
	at java.lang.Thread.run(Thread.java:750)
9936 [pool-115-thread-1] ERROR org.apache.nifi.processors.hadoop.PutHDFSTest$TestablePutHDFS - TestablePutHDFS[id=489ce7b0-1cf3-4cd7-8eeb-f8de1431ca43] Failed to access HDFS due to java.io.IOException: PutHDFS umask setting is ignored by HDFS when HDFS default ACL is set.: java.io.IOException: PutHDFS umask setting is ignored by HDFS when HDFS default ACL is set.
java.io.IOException: PutHDFS umask setting is ignored by HDFS when HDFS default ACL is set.
	at org.apache.nifi.processors.hadoop.PutHDFS$1.checkAclStatus(PutHDFS.java:495)
	at org.apache.nifi.processors.hadoop.PutHDFS$1.run(PutHDFS.java:332)
	at java.security.AccessController.doPrivileged(Native Method)
	at javax.security.auth.Subject.doAs(Subject.java:360)
	at org.apache.hadoop.security.UserGroupInformation.doAs(UserGroupInformation.java:1822)
	at org.apache.nifi.processors.hadoop.PutHDFS.onTrigger(PutHDFS.java:297)
	at org.apache.nifi.processor.AbstractProcessor.onTrigger(AbstractProcessor.java:27)
	at org.apache.nifi.util.StandardProcessorTestRunner$RunProcessor.call(StandardProcessorTestRunner.java:284)
	at org.apache.nifi.util.StandardProcessorTestRunner$RunProcessor.call(StandardProcessorTestRunner.java:278)
	at java.util.concurrent.FutureTask.run(FutureTask.java:266)
	at java.util.concurrent.ScheduledThreadPoolExecutor$ScheduledFutureTask.access$201(ScheduledThreadPoolExecutor.java:180)
	at java.util.concurrent.ScheduledThreadPoolExecutor$ScheduledFutureTask.run(ScheduledThreadPoolExecutor.java:293)
	at java.util.concurrent.ThreadPoolExecutor.runWorker(ThreadPoolExecutor.java:1149)
	at java.util.concurrent.ThreadPoolExecutor$Worker.run(ThreadPoolExecutor.java:624)
	at java.lang.Thread.run(Thread.java:750)
]]></system-err>
  </testcase>
  <testcase name="testValidators" classname="org.apache.nifi.processors.hadoop.PutHDFSTest" time="0.002"/>
  <testcase name="testPutFile" classname="org.apache.nifi.processors.hadoop.PutHDFSTest" time="0.014">
    <system-err><![CDATA[9946 [main] ERROR org.apache.nifi.processors.hadoop.PutHDFSTest$TestablePutHDFS - [TestablePutHDFS[id=ec42250b-37ca-4b07-8d74-3ec06e205dd9]] org.apache.hadoop.mapred.JobConf
java.lang.ClassNotFoundException: org.apache.hadoop.mapred.JobConf
	at java.net.URLClassLoader.findClass(URLClassLoader.java:387)
	at java.lang.ClassLoader.loadClass(ClassLoader.java:418)
	at sun.misc.Launcher$AppClassLoader.loadClass(Launcher.java:352)
	at java.lang.ClassLoader.loadClass(ClassLoader.java:351)
	at java.lang.Class.forName0(Native Method)
	at java.lang.Class.forName(Class.java:348)
	at org.apache.nifi.processors.hadoop.ExtendedConfiguration.getClassByNameOrNull(ExtendedConfiguration.java:70)
	at org.apache.hadoop.util.ReflectionUtils.setJobConf(ReflectionUtils.java:98)
	at org.apache.hadoop.util.ReflectionUtils.setConf(ReflectionUtils.java:81)
	at org.apache.hadoop.util.ReflectionUtils.newInstance(ReflectionUtils.java:139)
	at org.apache.hadoop.fs.FileSystem.createFileSystem(FileSystem.java:3412)
	at org.apache.hadoop.fs.FileSystem.get(FileSystem.java:521)
	at org.apache.hadoop.fs.FileSystem.get(FileSystem.java:272)
	at org.apache.nifi.processors.hadoop.AbstractHadoopProcessor$1.run(AbstractHadoopProcessor.java:546)
	at org.apache.nifi.processors.hadoop.AbstractHadoopProcessor$1.run(AbstractHadoopProcessor.java:543)
	at java.security.AccessController.doPrivileged(Native Method)
	at javax.security.auth.Subject.doAs(Subject.java:422)
	at org.apache.hadoop.security.UserGroupInformation.doAs(UserGroupInformation.java:1845)
	at org.apache.nifi.processors.hadoop.AbstractHadoopProcessor.getFileSystemAsUser(AbstractHadoopProcessor.java:543)
	at org.apache.nifi.processors.hadoop.AbstractHadoopProcessor.resetHDFSResources(AbstractHadoopProcessor.java:476)
	at org.apache.nifi.processors.hadoop.AbstractHadoopProcessor.abstractOnScheduled(AbstractHadoopProcessor.java:352)
	at sun.reflect.GeneratedMethodAccessor19.invoke(Unknown Source)
	at sun.reflect.DelegatingMethodAccessorImpl.invoke(DelegatingMethodAccessorImpl.java:43)
	at java.lang.reflect.Method.invoke(Method.java:498)
	at org.apache.nifi.util.ReflectionUtils.invokeMethodsWithAnnotation(ReflectionUtils.java:68)
	at org.apache.nifi.util.StandardProcessorTestRunner.run(StandardProcessorTestRunner.java:203)
	at org.apache.nifi.util.StandardProcessorTestRunner.run(StandardProcessorTestRunner.java:185)
	at org.apache.nifi.util.StandardProcessorTestRunner.run(StandardProcessorTestRunner.java:180)
	at org.apache.nifi.util.StandardProcessorTestRunner.run(StandardProcessorTestRunner.java:175)
	at org.apache.nifi.util.StandardProcessorTestRunner.run(StandardProcessorTestRunner.java:170)
	at org.apache.nifi.processors.hadoop.PutHDFSTest.testPutFile(PutHDFSTest.java:215)
	at sun.reflect.NativeMethodAccessorImpl.invoke0(Native Method)
	at sun.reflect.NativeMethodAccessorImpl.invoke(NativeMethodAccessorImpl.java:62)
	at sun.reflect.DelegatingMethodAccessorImpl.invoke(DelegatingMethodAccessorImpl.java:43)
	at java.lang.reflect.Method.invoke(Method.java:498)
	at org.junit.runners.model.FrameworkMethod$1.runReflectiveCall(FrameworkMethod.java:59)
	at org.junit.internal.runners.model.ReflectiveCallable.run(ReflectiveCallable.java:12)
	at org.junit.runners.model.FrameworkMethod.invokeExplosively(FrameworkMethod.java:56)
	at org.junit.internal.runners.statements.InvokeMethod.evaluate(InvokeMethod.java:17)
	at org.junit.internal.runners.statements.RunBefores.evaluate(RunBefores.java:26)
	at org.junit.runners.ParentRunner$3.evaluate(ParentRunner.java:306)
	at org.junit.runners.BlockJUnit4ClassRunner$1.evaluate(BlockJUnit4ClassRunner.java:100)
	at org.junit.runners.ParentRunner.runLeaf(ParentRunner.java:366)
	at org.junit.runners.BlockJUnit4ClassRunner.runChild(BlockJUnit4ClassRunner.java:103)
	at org.junit.runners.BlockJUnit4ClassRunner.runChild(BlockJUnit4ClassRunner.java:63)
	at org.junit.runners.ParentRunner$4.run(ParentRunner.java:331)
	at org.junit.runners.ParentRunner$1.schedule(ParentRunner.java:79)
	at org.junit.runners.ParentRunner.runChildren(ParentRunner.java:329)
	at org.junit.runners.ParentRunner.access$100(ParentRunner.java:66)
	at org.junit.runners.ParentRunner$2.evaluate(ParentRunner.java:293)
	at org.junit.runners.ParentRunner$3.evaluate(ParentRunner.java:306)
	at org.junit.runners.ParentRunner.run(ParentRunner.java:413)
	at org.junit.runner.JUnitCore.run(JUnitCore.java:137)
	at org.junit.runner.JUnitCore.run(JUnitCore.java:115)
	at org.junit.vintage.engine.execution.RunnerExecutor.execute(RunnerExecutor.java:43)
	at java.util.stream.ForEachOps$ForEachOp$OfRef.accept(ForEachOps.java:183)
	at java.util.stream.ReferencePipeline$3$1.accept(ReferencePipeline.java:193)
	at java.util.Iterator.forEachRemaining(Iterator.java:116)
	at java.util.Spliterators$IteratorSpliterator.forEachRemaining(Spliterators.java:1801)
	at java.util.stream.AbstractPipeline.copyInto(AbstractPipeline.java:482)
	at java.util.stream.AbstractPipeline.wrapAndCopyInto(AbstractPipeline.java:472)
	at java.util.stream.ForEachOps$ForEachOp.evaluateSequential(ForEachOps.java:150)
	at java.util.stream.ForEachOps$ForEachOp$OfRef.evaluateSequential(ForEachOps.java:173)
	at java.util.stream.AbstractPipeline.evaluate(AbstractPipeline.java:234)
	at java.util.stream.ReferencePipeline.forEach(ReferencePipeline.java:485)
	at org.junit.vintage.engine.VintageTestEngine.executeAllChildren(VintageTestEngine.java:82)
	at org.junit.vintage.engine.VintageTestEngine.execute(VintageTestEngine.java:73)
	at org.junit.platform.launcher.core.EngineExecutionOrchestrator.execute(EngineExecutionOrchestrator.java:108)
	at org.junit.platform.launcher.core.EngineExecutionOrchestrator.execute(EngineExecutionOrchestrator.java:88)
	at org.junit.platform.launcher.core.EngineExecutionOrchestrator.lambda$execute$0(EngineExecutionOrchestrator.java:54)
	at org.junit.platform.launcher.core.EngineExecutionOrchestrator.withInterceptedStreams(EngineExecutionOrchestrator.java:67)
	at org.junit.platform.launcher.core.EngineExecutionOrchestrator.execute(EngineExecutionOrchestrator.java:52)
	at org.junit.platform.launcher.core.DefaultLauncher.execute(DefaultLauncher.java:96)
	at org.junit.platform.launcher.core.DefaultLauncher.execute(DefaultLauncher.java:75)
	at org.apache.maven.surefire.junitplatform.JUnitPlatformProvider.execute(JUnitPlatformProvider.java:188)
	at org.apache.maven.surefire.junitplatform.JUnitPlatformProvider.invokeAllTests(JUnitPlatformProvider.java:154)
	at org.apache.maven.surefire.junitplatform.JUnitPlatformProvider.invoke(JUnitPlatformProvider.java:128)
	at org.apache.maven.surefire.booter.ForkedBooter.runSuitesInProcess(ForkedBooter.java:428)
	at org.apache.maven.surefire.booter.ForkedBooter.execute(ForkedBooter.java:162)
	at org.apache.maven.surefire.booter.ForkedBooter.run(ForkedBooter.java:562)
	at org.apache.maven.surefire.booter.ForkedBooter.main(ForkedBooter.java:548)
9946 [main] INFO org.apache.nifi.processors.hadoop.PutHDFSTest$TestablePutHDFS - TestablePutHDFS[id=ec42250b-37ca-4b07-8d74-3ec06e205dd9] Initialized a new HDFS File System with working dir: file:/home/alex/Repositories/nifi/nifi-nar-bundles/nifi-hadoop-bundle/nifi-hdfs-processors default block size: 33554432 default replication: 1 config: Configuration: core-default.xml, core-site.xml, hdfs-default.xml, hdfs-rbf-default.xml, hdfs-site.xml, hdfs-rbf-site.xml
9948 [pool-116-thread-1] ERROR org.apache.nifi.processors.hadoop.PutHDFSTest$TestablePutHDFS - [TestablePutHDFS[id=ec42250b-37ca-4b07-8d74-3ec06e205dd9]] org.apache.hadoop.mapred.JobConf
java.lang.ClassNotFoundException: org.apache.hadoop.mapred.JobConf
	at java.net.URLClassLoader.findClass(URLClassLoader.java:387)
	at java.lang.ClassLoader.loadClass(ClassLoader.java:418)
	at sun.misc.Launcher$AppClassLoader.loadClass(Launcher.java:352)
	at java.lang.ClassLoader.loadClass(ClassLoader.java:351)
	at java.lang.Class.forName0(Native Method)
	at java.lang.Class.forName(Class.java:348)
	at org.apache.nifi.processors.hadoop.ExtendedConfiguration.getClassByNameOrNull(ExtendedConfiguration.java:70)
	at org.apache.hadoop.util.ReflectionUtils.setJobConf(ReflectionUtils.java:98)
	at org.apache.hadoop.util.ReflectionUtils.setConf(ReflectionUtils.java:81)
	at org.apache.hadoop.util.ReflectionUtils.newInstance(ReflectionUtils.java:139)
	at org.apache.hadoop.io.compress.CompressionCodecFactory.<init>(CompressionCodecFactory.java:186)
	at org.apache.nifi.processors.hadoop.AbstractHadoopProcessor.getCompressionCodec(AbstractHadoopProcessor.java:588)
	at org.apache.nifi.processors.hadoop.PutHDFS$1.run(PutHDFS.java:310)
	at java.security.AccessController.doPrivileged(Native Method)
	at javax.security.auth.Subject.doAs(Subject.java:360)
	at org.apache.hadoop.security.UserGroupInformation.doAs(UserGroupInformation.java:1822)
	at org.apache.nifi.processors.hadoop.PutHDFS.onTrigger(PutHDFS.java:297)
	at org.apache.nifi.processor.AbstractProcessor.onTrigger(AbstractProcessor.java:27)
	at org.apache.nifi.util.StandardProcessorTestRunner$RunProcessor.call(StandardProcessorTestRunner.java:284)
	at org.apache.nifi.util.StandardProcessorTestRunner$RunProcessor.call(StandardProcessorTestRunner.java:278)
	at java.util.concurrent.FutureTask.run(FutureTask.java:266)
	at java.util.concurrent.ScheduledThreadPoolExecutor$ScheduledFutureTask.access$201(ScheduledThreadPoolExecutor.java:180)
	at java.util.concurrent.ScheduledThreadPoolExecutor$ScheduledFutureTask.run(ScheduledThreadPoolExecutor.java:293)
	at java.util.concurrent.ThreadPoolExecutor.runWorker(ThreadPoolExecutor.java:1149)
	at java.util.concurrent.ThreadPoolExecutor$Worker.run(ThreadPoolExecutor.java:624)
	at java.lang.Thread.run(Thread.java:750)
9949 [pool-116-thread-1] ERROR org.apache.nifi.processors.hadoop.PutHDFSTest$TestablePutHDFS - [TestablePutHDFS[id=ec42250b-37ca-4b07-8d74-3ec06e205dd9]] org.apache.hadoop.mapred.JobConf
java.lang.ClassNotFoundException: org.apache.hadoop.mapred.JobConf
	at java.net.URLClassLoader.findClass(URLClassLoader.java:387)
	at java.lang.ClassLoader.loadClass(ClassLoader.java:418)
	at sun.misc.Launcher$AppClassLoader.loadClass(Launcher.java:352)
	at java.lang.ClassLoader.loadClass(ClassLoader.java:351)
	at java.lang.Class.forName0(Native Method)
	at java.lang.Class.forName(Class.java:348)
	at org.apache.nifi.processors.hadoop.ExtendedConfiguration.getClassByNameOrNull(ExtendedConfiguration.java:70)
	at org.apache.hadoop.util.ReflectionUtils.setJobConf(ReflectionUtils.java:98)
	at org.apache.hadoop.util.ReflectionUtils.setConf(ReflectionUtils.java:81)
	at org.apache.hadoop.util.ReflectionUtils.newInstance(ReflectionUtils.java:139)
	at org.apache.hadoop.io.compress.CompressionCodecFactory.<init>(CompressionCodecFactory.java:186)
	at org.apache.nifi.processors.hadoop.AbstractHadoopProcessor.getCompressionCodec(AbstractHadoopProcessor.java:588)
	at org.apache.nifi.processors.hadoop.PutHDFS$1.run(PutHDFS.java:310)
	at java.security.AccessController.doPrivileged(Native Method)
	at javax.security.auth.Subject.doAs(Subject.java:360)
	at org.apache.hadoop.security.UserGroupInformation.doAs(UserGroupInformation.java:1822)
	at org.apache.nifi.processors.hadoop.PutHDFS.onTrigger(PutHDFS.java:297)
	at org.apache.nifi.processor.AbstractProcessor.onTrigger(AbstractProcessor.java:27)
	at org.apache.nifi.util.StandardProcessorTestRunner$RunProcessor.call(StandardProcessorTestRunner.java:284)
	at org.apache.nifi.util.StandardProcessorTestRunner$RunProcessor.call(StandardProcessorTestRunner.java:278)
	at java.util.concurrent.FutureTask.run(FutureTask.java:266)
	at java.util.concurrent.ScheduledThreadPoolExecutor$ScheduledFutureTask.access$201(ScheduledThreadPoolExecutor.java:180)
	at java.util.concurrent.ScheduledThreadPoolExecutor$ScheduledFutureTask.run(ScheduledThreadPoolExecutor.java:293)
	at java.util.concurrent.ThreadPoolExecutor.runWorker(ThreadPoolExecutor.java:1149)
	at java.util.concurrent.ThreadPoolExecutor$Worker.run(ThreadPoolExecutor.java:624)
	at java.lang.Thread.run(Thread.java:750)
9949 [pool-116-thread-1] ERROR org.apache.nifi.processors.hadoop.PutHDFSTest$TestablePutHDFS - [TestablePutHDFS[id=ec42250b-37ca-4b07-8d74-3ec06e205dd9]] org.apache.hadoop.mapred.JobConf
java.lang.ClassNotFoundException: org.apache.hadoop.mapred.JobConf
	at java.net.URLClassLoader.findClass(URLClassLoader.java:387)
	at java.lang.ClassLoader.loadClass(ClassLoader.java:418)
	at sun.misc.Launcher$AppClassLoader.loadClass(Launcher.java:352)
	at java.lang.ClassLoader.loadClass(ClassLoader.java:351)
	at java.lang.Class.forName0(Native Method)
	at java.lang.Class.forName(Class.java:348)
	at org.apache.nifi.processors.hadoop.ExtendedConfiguration.getClassByNameOrNull(ExtendedConfiguration.java:70)
	at org.apache.hadoop.util.ReflectionUtils.setJobConf(ReflectionUtils.java:98)
	at org.apache.hadoop.util.ReflectionUtils.setConf(ReflectionUtils.java:81)
	at org.apache.hadoop.util.ReflectionUtils.newInstance(ReflectionUtils.java:139)
	at org.apache.hadoop.io.compress.CompressionCodecFactory.<init>(CompressionCodecFactory.java:186)
	at org.apache.nifi.processors.hadoop.AbstractHadoopProcessor.getCompressionCodec(AbstractHadoopProcessor.java:588)
	at org.apache.nifi.processors.hadoop.PutHDFS$1.run(PutHDFS.java:310)
	at java.security.AccessController.doPrivileged(Native Method)
	at javax.security.auth.Subject.doAs(Subject.java:360)
	at org.apache.hadoop.security.UserGroupInformation.doAs(UserGroupInformation.java:1822)
	at org.apache.nifi.processors.hadoop.PutHDFS.onTrigger(PutHDFS.java:297)
	at org.apache.nifi.processor.AbstractProcessor.onTrigger(AbstractProcessor.java:27)
	at org.apache.nifi.util.StandardProcessorTestRunner$RunProcessor.call(StandardProcessorTestRunner.java:284)
	at org.apache.nifi.util.StandardProcessorTestRunner$RunProcessor.call(StandardProcessorTestRunner.java:278)
	at java.util.concurrent.FutureTask.run(FutureTask.java:266)
	at java.util.concurrent.ScheduledThreadPoolExecutor$ScheduledFutureTask.access$201(ScheduledThreadPoolExecutor.java:180)
	at java.util.concurrent.ScheduledThreadPoolExecutor$ScheduledFutureTask.run(ScheduledThreadPoolExecutor.java:293)
	at java.util.concurrent.ThreadPoolExecutor.runWorker(ThreadPoolExecutor.java:1149)
	at java.util.concurrent.ThreadPoolExecutor$Worker.run(ThreadPoolExecutor.java:624)
	at java.lang.Thread.run(Thread.java:750)
9949 [pool-116-thread-1] ERROR org.apache.nifi.processors.hadoop.PutHDFSTest$TestablePutHDFS - [TestablePutHDFS[id=ec42250b-37ca-4b07-8d74-3ec06e205dd9]] org.apache.hadoop.mapred.JobConf
java.lang.ClassNotFoundException: org.apache.hadoop.mapred.JobConf
	at java.net.URLClassLoader.findClass(URLClassLoader.java:387)
	at java.lang.ClassLoader.loadClass(ClassLoader.java:418)
	at sun.misc.Launcher$AppClassLoader.loadClass(Launcher.java:352)
	at java.lang.ClassLoader.loadClass(ClassLoader.java:351)
	at java.lang.Class.forName0(Native Method)
	at java.lang.Class.forName(Class.java:348)
	at org.apache.nifi.processors.hadoop.ExtendedConfiguration.getClassByNameOrNull(ExtendedConfiguration.java:70)
	at org.apache.hadoop.util.ReflectionUtils.setJobConf(ReflectionUtils.java:98)
	at org.apache.hadoop.util.ReflectionUtils.setConf(ReflectionUtils.java:81)
	at org.apache.hadoop.util.ReflectionUtils.newInstance(ReflectionUtils.java:139)
	at org.apache.hadoop.io.compress.CompressionCodecFactory.<init>(CompressionCodecFactory.java:186)
	at org.apache.nifi.processors.hadoop.AbstractHadoopProcessor.getCompressionCodec(AbstractHadoopProcessor.java:588)
	at org.apache.nifi.processors.hadoop.PutHDFS$1.run(PutHDFS.java:310)
	at java.security.AccessController.doPrivileged(Native Method)
	at javax.security.auth.Subject.doAs(Subject.java:360)
	at org.apache.hadoop.security.UserGroupInformation.doAs(UserGroupInformation.java:1822)
	at org.apache.nifi.processors.hadoop.PutHDFS.onTrigger(PutHDFS.java:297)
	at org.apache.nifi.processor.AbstractProcessor.onTrigger(AbstractProcessor.java:27)
	at org.apache.nifi.util.StandardProcessorTestRunner$RunProcessor.call(StandardProcessorTestRunner.java:284)
	at org.apache.nifi.util.StandardProcessorTestRunner$RunProcessor.call(StandardProcessorTestRunner.java:278)
	at java.util.concurrent.FutureTask.run(FutureTask.java:266)
	at java.util.concurrent.ScheduledThreadPoolExecutor$ScheduledFutureTask.access$201(ScheduledThreadPoolExecutor.java:180)
	at java.util.concurrent.ScheduledThreadPoolExecutor$ScheduledFutureTask.run(ScheduledThreadPoolExecutor.java:293)
	at java.util.concurrent.ThreadPoolExecutor.runWorker(ThreadPoolExecutor.java:1149)
	at java.util.concurrent.ThreadPoolExecutor$Worker.run(ThreadPoolExecutor.java:624)
	at java.lang.Thread.run(Thread.java:750)
9950 [pool-116-thread-1] ERROR org.apache.nifi.processors.hadoop.PutHDFSTest$TestablePutHDFS - [TestablePutHDFS[id=ec42250b-37ca-4b07-8d74-3ec06e205dd9]] org.apache.hadoop.mapred.JobConf
java.lang.ClassNotFoundException: org.apache.hadoop.mapred.JobConf
	at java.net.URLClassLoader.findClass(URLClassLoader.java:387)
	at java.lang.ClassLoader.loadClass(ClassLoader.java:418)
	at sun.misc.Launcher$AppClassLoader.loadClass(Launcher.java:352)
	at java.lang.ClassLoader.loadClass(ClassLoader.java:351)
	at java.lang.Class.forName0(Native Method)
	at java.lang.Class.forName(Class.java:348)
	at org.apache.nifi.processors.hadoop.ExtendedConfiguration.getClassByNameOrNull(ExtendedConfiguration.java:70)
	at org.apache.hadoop.util.ReflectionUtils.setJobConf(ReflectionUtils.java:98)
	at org.apache.hadoop.util.ReflectionUtils.setConf(ReflectionUtils.java:81)
	at org.apache.hadoop.util.ReflectionUtils.newInstance(ReflectionUtils.java:139)
	at org.apache.hadoop.io.compress.CompressionCodecFactory.<init>(CompressionCodecFactory.java:186)
	at org.apache.nifi.processors.hadoop.AbstractHadoopProcessor.getCompressionCodec(AbstractHadoopProcessor.java:588)
	at org.apache.nifi.processors.hadoop.PutHDFS$1.run(PutHDFS.java:310)
	at java.security.AccessController.doPrivileged(Native Method)
	at javax.security.auth.Subject.doAs(Subject.java:360)
	at org.apache.hadoop.security.UserGroupInformation.doAs(UserGroupInformation.java:1822)
	at org.apache.nifi.processors.hadoop.PutHDFS.onTrigger(PutHDFS.java:297)
	at org.apache.nifi.processor.AbstractProcessor.onTrigger(AbstractProcessor.java:27)
	at org.apache.nifi.util.StandardProcessorTestRunner$RunProcessor.call(StandardProcessorTestRunner.java:284)
	at org.apache.nifi.util.StandardProcessorTestRunner$RunProcessor.call(StandardProcessorTestRunner.java:278)
	at java.util.concurrent.FutureTask.run(FutureTask.java:266)
	at java.util.concurrent.ScheduledThreadPoolExecutor$ScheduledFutureTask.access$201(ScheduledThreadPoolExecutor.java:180)
	at java.util.concurrent.ScheduledThreadPoolExecutor$ScheduledFutureTask.run(ScheduledThreadPoolExecutor.java:293)
	at java.util.concurrent.ThreadPoolExecutor.runWorker(ThreadPoolExecutor.java:1149)
	at java.util.concurrent.ThreadPoolExecutor$Worker.run(ThreadPoolExecutor.java:624)
	at java.lang.Thread.run(Thread.java:750)
9950 [pool-116-thread-1] ERROR org.apache.nifi.processors.hadoop.PutHDFSTest$TestablePutHDFS - [TestablePutHDFS[id=ec42250b-37ca-4b07-8d74-3ec06e205dd9]] org.apache.hadoop.mapred.JobConf
java.lang.ClassNotFoundException: org.apache.hadoop.mapred.JobConf
	at java.net.URLClassLoader.findClass(URLClassLoader.java:387)
	at java.lang.ClassLoader.loadClass(ClassLoader.java:418)
	at sun.misc.Launcher$AppClassLoader.loadClass(Launcher.java:352)
	at java.lang.ClassLoader.loadClass(ClassLoader.java:351)
	at java.lang.Class.forName0(Native Method)
	at java.lang.Class.forName(Class.java:348)
	at org.apache.nifi.processors.hadoop.ExtendedConfiguration.getClassByNameOrNull(ExtendedConfiguration.java:70)
	at org.apache.hadoop.util.ReflectionUtils.setJobConf(ReflectionUtils.java:98)
	at org.apache.hadoop.util.ReflectionUtils.setConf(ReflectionUtils.java:81)
	at org.apache.hadoop.util.ReflectionUtils.newInstance(ReflectionUtils.java:139)
	at org.apache.hadoop.io.compress.CompressionCodecFactory.<init>(CompressionCodecFactory.java:186)
	at org.apache.nifi.processors.hadoop.AbstractHadoopProcessor.getCompressionCodec(AbstractHadoopProcessor.java:588)
	at org.apache.nifi.processors.hadoop.PutHDFS$1.run(PutHDFS.java:310)
	at java.security.AccessController.doPrivileged(Native Method)
	at javax.security.auth.Subject.doAs(Subject.java:360)
	at org.apache.hadoop.security.UserGroupInformation.doAs(UserGroupInformation.java:1822)
	at org.apache.nifi.processors.hadoop.PutHDFS.onTrigger(PutHDFS.java:297)
	at org.apache.nifi.processor.AbstractProcessor.onTrigger(AbstractProcessor.java:27)
	at org.apache.nifi.util.StandardProcessorTestRunner$RunProcessor.call(StandardProcessorTestRunner.java:284)
	at org.apache.nifi.util.StandardProcessorTestRunner$RunProcessor.call(StandardProcessorTestRunner.java:278)
	at java.util.concurrent.FutureTask.run(FutureTask.java:266)
	at java.util.concurrent.ScheduledThreadPoolExecutor$ScheduledFutureTask.access$201(ScheduledThreadPoolExecutor.java:180)
	at java.util.concurrent.ScheduledThreadPoolExecutor$ScheduledFutureTask.run(ScheduledThreadPoolExecutor.java:293)
	at java.util.concurrent.ThreadPoolExecutor.runWorker(ThreadPoolExecutor.java:1149)
	at java.util.concurrent.ThreadPoolExecutor$Worker.run(ThreadPoolExecutor.java:624)
	at java.lang.Thread.run(Thread.java:750)
9950 [pool-116-thread-1] ERROR org.apache.nifi.processors.hadoop.PutHDFSTest$TestablePutHDFS - [TestablePutHDFS[id=ec42250b-37ca-4b07-8d74-3ec06e205dd9]] org.apache.hadoop.mapred.JobConf
java.lang.ClassNotFoundException: org.apache.hadoop.mapred.JobConf
	at java.net.URLClassLoader.findClass(URLClassLoader.java:387)
	at java.lang.ClassLoader.loadClass(ClassLoader.java:418)
	at sun.misc.Launcher$AppClassLoader.loadClass(Launcher.java:352)
	at java.lang.ClassLoader.loadClass(ClassLoader.java:351)
	at java.lang.Class.forName0(Native Method)
	at java.lang.Class.forName(Class.java:348)
	at org.apache.nifi.processors.hadoop.ExtendedConfiguration.getClassByNameOrNull(ExtendedConfiguration.java:70)
	at org.apache.hadoop.util.ReflectionUtils.setJobConf(ReflectionUtils.java:98)
	at org.apache.hadoop.util.ReflectionUtils.setConf(ReflectionUtils.java:81)
	at org.apache.hadoop.util.ReflectionUtils.newInstance(ReflectionUtils.java:139)
	at org.apache.hadoop.io.compress.CompressionCodecFactory.<init>(CompressionCodecFactory.java:186)
	at org.apache.nifi.processors.hadoop.AbstractHadoopProcessor.getCompressionCodec(AbstractHadoopProcessor.java:588)
	at org.apache.nifi.processors.hadoop.PutHDFS$1.run(PutHDFS.java:310)
	at java.security.AccessController.doPrivileged(Native Method)
	at javax.security.auth.Subject.doAs(Subject.java:360)
	at org.apache.hadoop.security.UserGroupInformation.doAs(UserGroupInformation.java:1822)
	at org.apache.nifi.processors.hadoop.PutHDFS.onTrigger(PutHDFS.java:297)
	at org.apache.nifi.processor.AbstractProcessor.onTrigger(AbstractProcessor.java:27)
	at org.apache.nifi.util.StandardProcessorTestRunner$RunProcessor.call(StandardProcessorTestRunner.java:284)
	at org.apache.nifi.util.StandardProcessorTestRunner$RunProcessor.call(StandardProcessorTestRunner.java:278)
	at java.util.concurrent.FutureTask.run(FutureTask.java:266)
	at java.util.concurrent.ScheduledThreadPoolExecutor$ScheduledFutureTask.access$201(ScheduledThreadPoolExecutor.java:180)
	at java.util.concurrent.ScheduledThreadPoolExecutor$ScheduledFutureTask.run(ScheduledThreadPoolExecutor.java:293)
	at java.util.concurrent.ThreadPoolExecutor.runWorker(ThreadPoolExecutor.java:1149)
	at java.util.concurrent.ThreadPoolExecutor$Worker.run(ThreadPoolExecutor.java:624)
	at java.lang.Thread.run(Thread.java:750)
9951 [pool-116-thread-1] INFO org.apache.nifi.processors.hadoop.PutHDFSTest$TestablePutHDFS - TestablePutHDFS[id=ec42250b-37ca-4b07-8d74-3ec06e205dd9] copied FlowFile[0,randombytes-1,500000B] to HDFS at target/test-classes/randombytes-1 in 0 milliseconds at a rate of 1.08 GB/sec
]]></system-err>
  </testcase>
  <testcase name="testPutFileWithSimpleWrite" classname="org.apache.nifi.processors.hadoop.PutHDFSTest" time="0.014">
    <system-err><![CDATA[9961 [main] ERROR org.apache.nifi.processors.hadoop.PutHDFSTest$TestablePutHDFS - [TestablePutHDFS[id=744bc06f-a569-40de-97ca-965563c4042a]] org.apache.hadoop.mapred.JobConf
java.lang.ClassNotFoundException: org.apache.hadoop.mapred.JobConf
	at java.net.URLClassLoader.findClass(URLClassLoader.java:387)
	at java.lang.ClassLoader.loadClass(ClassLoader.java:418)
	at sun.misc.Launcher$AppClassLoader.loadClass(Launcher.java:352)
	at java.lang.ClassLoader.loadClass(ClassLoader.java:351)
	at java.lang.Class.forName0(Native Method)
	at java.lang.Class.forName(Class.java:348)
	at org.apache.nifi.processors.hadoop.ExtendedConfiguration.getClassByNameOrNull(ExtendedConfiguration.java:70)
	at org.apache.hadoop.util.ReflectionUtils.setJobConf(ReflectionUtils.java:98)
	at org.apache.hadoop.util.ReflectionUtils.setConf(ReflectionUtils.java:81)
	at org.apache.hadoop.util.ReflectionUtils.newInstance(ReflectionUtils.java:139)
	at org.apache.hadoop.fs.FileSystem.createFileSystem(FileSystem.java:3412)
	at org.apache.hadoop.fs.FileSystem.get(FileSystem.java:521)
	at org.apache.hadoop.fs.FileSystem.get(FileSystem.java:272)
	at org.apache.nifi.processors.hadoop.AbstractHadoopProcessor$1.run(AbstractHadoopProcessor.java:546)
	at org.apache.nifi.processors.hadoop.AbstractHadoopProcessor$1.run(AbstractHadoopProcessor.java:543)
	at java.security.AccessController.doPrivileged(Native Method)
	at javax.security.auth.Subject.doAs(Subject.java:422)
	at org.apache.hadoop.security.UserGroupInformation.doAs(UserGroupInformation.java:1845)
	at org.apache.nifi.processors.hadoop.AbstractHadoopProcessor.getFileSystemAsUser(AbstractHadoopProcessor.java:543)
	at org.apache.nifi.processors.hadoop.AbstractHadoopProcessor.resetHDFSResources(AbstractHadoopProcessor.java:476)
	at org.apache.nifi.processors.hadoop.AbstractHadoopProcessor.abstractOnScheduled(AbstractHadoopProcessor.java:352)
	at sun.reflect.GeneratedMethodAccessor19.invoke(Unknown Source)
	at sun.reflect.DelegatingMethodAccessorImpl.invoke(DelegatingMethodAccessorImpl.java:43)
	at java.lang.reflect.Method.invoke(Method.java:498)
	at org.apache.nifi.util.ReflectionUtils.invokeMethodsWithAnnotation(ReflectionUtils.java:68)
	at org.apache.nifi.util.StandardProcessorTestRunner.run(StandardProcessorTestRunner.java:203)
	at org.apache.nifi.util.StandardProcessorTestRunner.run(StandardProcessorTestRunner.java:185)
	at org.apache.nifi.util.StandardProcessorTestRunner.run(StandardProcessorTestRunner.java:180)
	at org.apache.nifi.util.StandardProcessorTestRunner.run(StandardProcessorTestRunner.java:175)
	at org.apache.nifi.util.StandardProcessorTestRunner.run(StandardProcessorTestRunner.java:170)
	at org.apache.nifi.processors.hadoop.PutHDFSTest.testPutFileWithSimpleWrite(PutHDFSTest.java:256)
	at sun.reflect.NativeMethodAccessorImpl.invoke0(Native Method)
	at sun.reflect.NativeMethodAccessorImpl.invoke(NativeMethodAccessorImpl.java:62)
	at sun.reflect.DelegatingMethodAccessorImpl.invoke(DelegatingMethodAccessorImpl.java:43)
	at java.lang.reflect.Method.invoke(Method.java:498)
	at org.junit.runners.model.FrameworkMethod$1.runReflectiveCall(FrameworkMethod.java:59)
	at org.junit.internal.runners.model.ReflectiveCallable.run(ReflectiveCallable.java:12)
	at org.junit.runners.model.FrameworkMethod.invokeExplosively(FrameworkMethod.java:56)
	at org.junit.internal.runners.statements.InvokeMethod.evaluate(InvokeMethod.java:17)
	at org.junit.internal.runners.statements.RunBefores.evaluate(RunBefores.java:26)
	at org.junit.runners.ParentRunner$3.evaluate(ParentRunner.java:306)
	at org.junit.runners.BlockJUnit4ClassRunner$1.evaluate(BlockJUnit4ClassRunner.java:100)
	at org.junit.runners.ParentRunner.runLeaf(ParentRunner.java:366)
	at org.junit.runners.BlockJUnit4ClassRunner.runChild(BlockJUnit4ClassRunner.java:103)
	at org.junit.runners.BlockJUnit4ClassRunner.runChild(BlockJUnit4ClassRunner.java:63)
	at org.junit.runners.ParentRunner$4.run(ParentRunner.java:331)
	at org.junit.runners.ParentRunner$1.schedule(ParentRunner.java:79)
	at org.junit.runners.ParentRunner.runChildren(ParentRunner.java:329)
	at org.junit.runners.ParentRunner.access$100(ParentRunner.java:66)
	at org.junit.runners.ParentRunner$2.evaluate(ParentRunner.java:293)
	at org.junit.runners.ParentRunner$3.evaluate(ParentRunner.java:306)
	at org.junit.runners.ParentRunner.run(ParentRunner.java:413)
	at org.junit.runner.JUnitCore.run(JUnitCore.java:137)
	at org.junit.runner.JUnitCore.run(JUnitCore.java:115)
	at org.junit.vintage.engine.execution.RunnerExecutor.execute(RunnerExecutor.java:43)
	at java.util.stream.ForEachOps$ForEachOp$OfRef.accept(ForEachOps.java:183)
	at java.util.stream.ReferencePipeline$3$1.accept(ReferencePipeline.java:193)
	at java.util.Iterator.forEachRemaining(Iterator.java:116)
	at java.util.Spliterators$IteratorSpliterator.forEachRemaining(Spliterators.java:1801)
	at java.util.stream.AbstractPipeline.copyInto(AbstractPipeline.java:482)
	at java.util.stream.AbstractPipeline.wrapAndCopyInto(AbstractPipeline.java:472)
	at java.util.stream.ForEachOps$ForEachOp.evaluateSequential(ForEachOps.java:150)
	at java.util.stream.ForEachOps$ForEachOp$OfRef.evaluateSequential(ForEachOps.java:173)
	at java.util.stream.AbstractPipeline.evaluate(AbstractPipeline.java:234)
	at java.util.stream.ReferencePipeline.forEach(ReferencePipeline.java:485)
	at org.junit.vintage.engine.VintageTestEngine.executeAllChildren(VintageTestEngine.java:82)
	at org.junit.vintage.engine.VintageTestEngine.execute(VintageTestEngine.java:73)
	at org.junit.platform.launcher.core.EngineExecutionOrchestrator.execute(EngineExecutionOrchestrator.java:108)
	at org.junit.platform.launcher.core.EngineExecutionOrchestrator.execute(EngineExecutionOrchestrator.java:88)
	at org.junit.platform.launcher.core.EngineExecutionOrchestrator.lambda$execute$0(EngineExecutionOrchestrator.java:54)
	at org.junit.platform.launcher.core.EngineExecutionOrchestrator.withInterceptedStreams(EngineExecutionOrchestrator.java:67)
	at org.junit.platform.launcher.core.EngineExecutionOrchestrator.execute(EngineExecutionOrchestrator.java:52)
	at org.junit.platform.launcher.core.DefaultLauncher.execute(DefaultLauncher.java:96)
	at org.junit.platform.launcher.core.DefaultLauncher.execute(DefaultLauncher.java:75)
	at org.apache.maven.surefire.junitplatform.JUnitPlatformProvider.execute(JUnitPlatformProvider.java:188)
	at org.apache.maven.surefire.junitplatform.JUnitPlatformProvider.invokeAllTests(JUnitPlatformProvider.java:154)
	at org.apache.maven.surefire.junitplatform.JUnitPlatformProvider.invoke(JUnitPlatformProvider.java:128)
	at org.apache.maven.surefire.booter.ForkedBooter.runSuitesInProcess(ForkedBooter.java:428)
	at org.apache.maven.surefire.booter.ForkedBooter.execute(ForkedBooter.java:162)
	at org.apache.maven.surefire.booter.ForkedBooter.run(ForkedBooter.java:562)
	at org.apache.maven.surefire.booter.ForkedBooter.main(ForkedBooter.java:548)
9961 [main] INFO org.apache.nifi.processors.hadoop.PutHDFSTest$TestablePutHDFS - TestablePutHDFS[id=744bc06f-a569-40de-97ca-965563c4042a] Initialized a new HDFS File System with working dir: file:/home/alex/Repositories/nifi/nifi-nar-bundles/nifi-hadoop-bundle/nifi-hdfs-processors default block size: 33554432 default replication: 1 config: Configuration: core-default.xml, core-site.xml, hdfs-default.xml, hdfs-rbf-default.xml, hdfs-site.xml, hdfs-rbf-site.xml
9963 [pool-117-thread-1] ERROR org.apache.nifi.processors.hadoop.PutHDFSTest$TestablePutHDFS - [TestablePutHDFS[id=744bc06f-a569-40de-97ca-965563c4042a]] org.apache.hadoop.mapred.JobConf
java.lang.ClassNotFoundException: org.apache.hadoop.mapred.JobConf
	at java.net.URLClassLoader.findClass(URLClassLoader.java:387)
	at java.lang.ClassLoader.loadClass(ClassLoader.java:418)
	at sun.misc.Launcher$AppClassLoader.loadClass(Launcher.java:352)
	at java.lang.ClassLoader.loadClass(ClassLoader.java:351)
	at java.lang.Class.forName0(Native Method)
	at java.lang.Class.forName(Class.java:348)
	at org.apache.nifi.processors.hadoop.ExtendedConfiguration.getClassByNameOrNull(ExtendedConfiguration.java:70)
	at org.apache.hadoop.util.ReflectionUtils.setJobConf(ReflectionUtils.java:98)
	at org.apache.hadoop.util.ReflectionUtils.setConf(ReflectionUtils.java:81)
	at org.apache.hadoop.util.ReflectionUtils.newInstance(ReflectionUtils.java:139)
	at org.apache.hadoop.io.compress.CompressionCodecFactory.<init>(CompressionCodecFactory.java:186)
	at org.apache.nifi.processors.hadoop.AbstractHadoopProcessor.getCompressionCodec(AbstractHadoopProcessor.java:588)
	at org.apache.nifi.processors.hadoop.PutHDFS$1.run(PutHDFS.java:310)
	at java.security.AccessController.doPrivileged(Native Method)
	at javax.security.auth.Subject.doAs(Subject.java:360)
	at org.apache.hadoop.security.UserGroupInformation.doAs(UserGroupInformation.java:1822)
	at org.apache.nifi.processors.hadoop.PutHDFS.onTrigger(PutHDFS.java:297)
	at org.apache.nifi.processor.AbstractProcessor.onTrigger(AbstractProcessor.java:27)
	at org.apache.nifi.util.StandardProcessorTestRunner$RunProcessor.call(StandardProcessorTestRunner.java:284)
	at org.apache.nifi.util.StandardProcessorTestRunner$RunProcessor.call(StandardProcessorTestRunner.java:278)
	at java.util.concurrent.FutureTask.run(FutureTask.java:266)
	at java.util.concurrent.ScheduledThreadPoolExecutor$ScheduledFutureTask.access$201(ScheduledThreadPoolExecutor.java:180)
	at java.util.concurrent.ScheduledThreadPoolExecutor$ScheduledFutureTask.run(ScheduledThreadPoolExecutor.java:293)
	at java.util.concurrent.ThreadPoolExecutor.runWorker(ThreadPoolExecutor.java:1149)
	at java.util.concurrent.ThreadPoolExecutor$Worker.run(ThreadPoolExecutor.java:624)
	at java.lang.Thread.run(Thread.java:750)
9963 [pool-117-thread-1] ERROR org.apache.nifi.processors.hadoop.PutHDFSTest$TestablePutHDFS - [TestablePutHDFS[id=744bc06f-a569-40de-97ca-965563c4042a]] org.apache.hadoop.mapred.JobConf
java.lang.ClassNotFoundException: org.apache.hadoop.mapred.JobConf
	at java.net.URLClassLoader.findClass(URLClassLoader.java:387)
	at java.lang.ClassLoader.loadClass(ClassLoader.java:418)
	at sun.misc.Launcher$AppClassLoader.loadClass(Launcher.java:352)
	at java.lang.ClassLoader.loadClass(ClassLoader.java:351)
	at java.lang.Class.forName0(Native Method)
	at java.lang.Class.forName(Class.java:348)
	at org.apache.nifi.processors.hadoop.ExtendedConfiguration.getClassByNameOrNull(ExtendedConfiguration.java:70)
	at org.apache.hadoop.util.ReflectionUtils.setJobConf(ReflectionUtils.java:98)
	at org.apache.hadoop.util.ReflectionUtils.setConf(ReflectionUtils.java:81)
	at org.apache.hadoop.util.ReflectionUtils.newInstance(ReflectionUtils.java:139)
	at org.apache.hadoop.io.compress.CompressionCodecFactory.<init>(CompressionCodecFactory.java:186)
	at org.apache.nifi.processors.hadoop.AbstractHadoopProcessor.getCompressionCodec(AbstractHadoopProcessor.java:588)
	at org.apache.nifi.processors.hadoop.PutHDFS$1.run(PutHDFS.java:310)
	at java.security.AccessController.doPrivileged(Native Method)
	at javax.security.auth.Subject.doAs(Subject.java:360)
	at org.apache.hadoop.security.UserGroupInformation.doAs(UserGroupInformation.java:1822)
	at org.apache.nifi.processors.hadoop.PutHDFS.onTrigger(PutHDFS.java:297)
	at org.apache.nifi.processor.AbstractProcessor.onTrigger(AbstractProcessor.java:27)
	at org.apache.nifi.util.StandardProcessorTestRunner$RunProcessor.call(StandardProcessorTestRunner.java:284)
	at org.apache.nifi.util.StandardProcessorTestRunner$RunProcessor.call(StandardProcessorTestRunner.java:278)
	at java.util.concurrent.FutureTask.run(FutureTask.java:266)
	at java.util.concurrent.ScheduledThreadPoolExecutor$ScheduledFutureTask.access$201(ScheduledThreadPoolExecutor.java:180)
	at java.util.concurrent.ScheduledThreadPoolExecutor$ScheduledFutureTask.run(ScheduledThreadPoolExecutor.java:293)
	at java.util.concurrent.ThreadPoolExecutor.runWorker(ThreadPoolExecutor.java:1149)
	at java.util.concurrent.ThreadPoolExecutor$Worker.run(ThreadPoolExecutor.java:624)
	at java.lang.Thread.run(Thread.java:750)
9964 [pool-117-thread-1] ERROR org.apache.nifi.processors.hadoop.PutHDFSTest$TestablePutHDFS - [TestablePutHDFS[id=744bc06f-a569-40de-97ca-965563c4042a]] org.apache.hadoop.mapred.JobConf
java.lang.ClassNotFoundException: org.apache.hadoop.mapred.JobConf
	at java.net.URLClassLoader.findClass(URLClassLoader.java:387)
	at java.lang.ClassLoader.loadClass(ClassLoader.java:418)
	at sun.misc.Launcher$AppClassLoader.loadClass(Launcher.java:352)
	at java.lang.ClassLoader.loadClass(ClassLoader.java:351)
	at java.lang.Class.forName0(Native Method)
	at java.lang.Class.forName(Class.java:348)
	at org.apache.nifi.processors.hadoop.ExtendedConfiguration.getClassByNameOrNull(ExtendedConfiguration.java:70)
	at org.apache.hadoop.util.ReflectionUtils.setJobConf(ReflectionUtils.java:98)
	at org.apache.hadoop.util.ReflectionUtils.setConf(ReflectionUtils.java:81)
	at org.apache.hadoop.util.ReflectionUtils.newInstance(ReflectionUtils.java:139)
	at org.apache.hadoop.io.compress.CompressionCodecFactory.<init>(CompressionCodecFactory.java:186)
	at org.apache.nifi.processors.hadoop.AbstractHadoopProcessor.getCompressionCodec(AbstractHadoopProcessor.java:588)
	at org.apache.nifi.processors.hadoop.PutHDFS$1.run(PutHDFS.java:310)
	at java.security.AccessController.doPrivileged(Native Method)
	at javax.security.auth.Subject.doAs(Subject.java:360)
	at org.apache.hadoop.security.UserGroupInformation.doAs(UserGroupInformation.java:1822)
	at org.apache.nifi.processors.hadoop.PutHDFS.onTrigger(PutHDFS.java:297)
	at org.apache.nifi.processor.AbstractProcessor.onTrigger(AbstractProcessor.java:27)
	at org.apache.nifi.util.StandardProcessorTestRunner$RunProcessor.call(StandardProcessorTestRunner.java:284)
	at org.apache.nifi.util.StandardProcessorTestRunner$RunProcessor.call(StandardProcessorTestRunner.java:278)
	at java.util.concurrent.FutureTask.run(FutureTask.java:266)
	at java.util.concurrent.ScheduledThreadPoolExecutor$ScheduledFutureTask.access$201(ScheduledThreadPoolExecutor.java:180)
	at java.util.concurrent.ScheduledThreadPoolExecutor$ScheduledFutureTask.run(ScheduledThreadPoolExecutor.java:293)
	at java.util.concurrent.ThreadPoolExecutor.runWorker(ThreadPoolExecutor.java:1149)
	at java.util.concurrent.ThreadPoolExecutor$Worker.run(ThreadPoolExecutor.java:624)
	at java.lang.Thread.run(Thread.java:750)
9964 [pool-117-thread-1] ERROR org.apache.nifi.processors.hadoop.PutHDFSTest$TestablePutHDFS - [TestablePutHDFS[id=744bc06f-a569-40de-97ca-965563c4042a]] org.apache.hadoop.mapred.JobConf
java.lang.ClassNotFoundException: org.apache.hadoop.mapred.JobConf
	at java.net.URLClassLoader.findClass(URLClassLoader.java:387)
	at java.lang.ClassLoader.loadClass(ClassLoader.java:418)
	at sun.misc.Launcher$AppClassLoader.loadClass(Launcher.java:352)
	at java.lang.ClassLoader.loadClass(ClassLoader.java:351)
	at java.lang.Class.forName0(Native Method)
	at java.lang.Class.forName(Class.java:348)
	at org.apache.nifi.processors.hadoop.ExtendedConfiguration.getClassByNameOrNull(ExtendedConfiguration.java:70)
	at org.apache.hadoop.util.ReflectionUtils.setJobConf(ReflectionUtils.java:98)
	at org.apache.hadoop.util.ReflectionUtils.setConf(ReflectionUtils.java:81)
	at org.apache.hadoop.util.ReflectionUtils.newInstance(ReflectionUtils.java:139)
	at org.apache.hadoop.io.compress.CompressionCodecFactory.<init>(CompressionCodecFactory.java:186)
	at org.apache.nifi.processors.hadoop.AbstractHadoopProcessor.getCompressionCodec(AbstractHadoopProcessor.java:588)
	at org.apache.nifi.processors.hadoop.PutHDFS$1.run(PutHDFS.java:310)
	at java.security.AccessController.doPrivileged(Native Method)
	at javax.security.auth.Subject.doAs(Subject.java:360)
	at org.apache.hadoop.security.UserGroupInformation.doAs(UserGroupInformation.java:1822)
	at org.apache.nifi.processors.hadoop.PutHDFS.onTrigger(PutHDFS.java:297)
	at org.apache.nifi.processor.AbstractProcessor.onTrigger(AbstractProcessor.java:27)
	at org.apache.nifi.util.StandardProcessorTestRunner$RunProcessor.call(StandardProcessorTestRunner.java:284)
	at org.apache.nifi.util.StandardProcessorTestRunner$RunProcessor.call(StandardProcessorTestRunner.java:278)
	at java.util.concurrent.FutureTask.run(FutureTask.java:266)
	at java.util.concurrent.ScheduledThreadPoolExecutor$ScheduledFutureTask.access$201(ScheduledThreadPoolExecutor.java:180)
	at java.util.concurrent.ScheduledThreadPoolExecutor$ScheduledFutureTask.run(ScheduledThreadPoolExecutor.java:293)
	at java.util.concurrent.ThreadPoolExecutor.runWorker(ThreadPoolExecutor.java:1149)
	at java.util.concurrent.ThreadPoolExecutor$Worker.run(ThreadPoolExecutor.java:624)
	at java.lang.Thread.run(Thread.java:750)
9964 [pool-117-thread-1] ERROR org.apache.nifi.processors.hadoop.PutHDFSTest$TestablePutHDFS - [TestablePutHDFS[id=744bc06f-a569-40de-97ca-965563c4042a]] org.apache.hadoop.mapred.JobConf
java.lang.ClassNotFoundException: org.apache.hadoop.mapred.JobConf
	at java.net.URLClassLoader.findClass(URLClassLoader.java:387)
	at java.lang.ClassLoader.loadClass(ClassLoader.java:418)
	at sun.misc.Launcher$AppClassLoader.loadClass(Launcher.java:352)
	at java.lang.ClassLoader.loadClass(ClassLoader.java:351)
	at java.lang.Class.forName0(Native Method)
	at java.lang.Class.forName(Class.java:348)
	at org.apache.nifi.processors.hadoop.ExtendedConfiguration.getClassByNameOrNull(ExtendedConfiguration.java:70)
	at org.apache.hadoop.util.ReflectionUtils.setJobConf(ReflectionUtils.java:98)
	at org.apache.hadoop.util.ReflectionUtils.setConf(ReflectionUtils.java:81)
	at org.apache.hadoop.util.ReflectionUtils.newInstance(ReflectionUtils.java:139)
	at org.apache.hadoop.io.compress.CompressionCodecFactory.<init>(CompressionCodecFactory.java:186)
	at org.apache.nifi.processors.hadoop.AbstractHadoopProcessor.getCompressionCodec(AbstractHadoopProcessor.java:588)
	at org.apache.nifi.processors.hadoop.PutHDFS$1.run(PutHDFS.java:310)
	at java.security.AccessController.doPrivileged(Native Method)
	at javax.security.auth.Subject.doAs(Subject.java:360)
	at org.apache.hadoop.security.UserGroupInformation.doAs(UserGroupInformation.java:1822)
	at org.apache.nifi.processors.hadoop.PutHDFS.onTrigger(PutHDFS.java:297)
	at org.apache.nifi.processor.AbstractProcessor.onTrigger(AbstractProcessor.java:27)
	at org.apache.nifi.util.StandardProcessorTestRunner$RunProcessor.call(StandardProcessorTestRunner.java:284)
	at org.apache.nifi.util.StandardProcessorTestRunner$RunProcessor.call(StandardProcessorTestRunner.java:278)
	at java.util.concurrent.FutureTask.run(FutureTask.java:266)
	at java.util.concurrent.ScheduledThreadPoolExecutor$ScheduledFutureTask.access$201(ScheduledThreadPoolExecutor.java:180)
	at java.util.concurrent.ScheduledThreadPoolExecutor$ScheduledFutureTask.run(ScheduledThreadPoolExecutor.java:293)
	at java.util.concurrent.ThreadPoolExecutor.runWorker(ThreadPoolExecutor.java:1149)
	at java.util.concurrent.ThreadPoolExecutor$Worker.run(ThreadPoolExecutor.java:624)
	at java.lang.Thread.run(Thread.java:750)
9965 [pool-117-thread-1] ERROR org.apache.nifi.processors.hadoop.PutHDFSTest$TestablePutHDFS - [TestablePutHDFS[id=744bc06f-a569-40de-97ca-965563c4042a]] org.apache.hadoop.mapred.JobConf
java.lang.ClassNotFoundException: org.apache.hadoop.mapred.JobConf
	at java.net.URLClassLoader.findClass(URLClassLoader.java:387)
	at java.lang.ClassLoader.loadClass(ClassLoader.java:418)
	at sun.misc.Launcher$AppClassLoader.loadClass(Launcher.java:352)
	at java.lang.ClassLoader.loadClass(ClassLoader.java:351)
	at java.lang.Class.forName0(Native Method)
	at java.lang.Class.forName(Class.java:348)
	at org.apache.nifi.processors.hadoop.ExtendedConfiguration.getClassByNameOrNull(ExtendedConfiguration.java:70)
	at org.apache.hadoop.util.ReflectionUtils.setJobConf(ReflectionUtils.java:98)
	at org.apache.hadoop.util.ReflectionUtils.setConf(ReflectionUtils.java:81)
	at org.apache.hadoop.util.ReflectionUtils.newInstance(ReflectionUtils.java:139)
	at org.apache.hadoop.io.compress.CompressionCodecFactory.<init>(CompressionCodecFactory.java:186)
	at org.apache.nifi.processors.hadoop.AbstractHadoopProcessor.getCompressionCodec(AbstractHadoopProcessor.java:588)
	at org.apache.nifi.processors.hadoop.PutHDFS$1.run(PutHDFS.java:310)
	at java.security.AccessController.doPrivileged(Native Method)
	at javax.security.auth.Subject.doAs(Subject.java:360)
	at org.apache.hadoop.security.UserGroupInformation.doAs(UserGroupInformation.java:1822)
	at org.apache.nifi.processors.hadoop.PutHDFS.onTrigger(PutHDFS.java:297)
	at org.apache.nifi.processor.AbstractProcessor.onTrigger(AbstractProcessor.java:27)
	at org.apache.nifi.util.StandardProcessorTestRunner$RunProcessor.call(StandardProcessorTestRunner.java:284)
	at org.apache.nifi.util.StandardProcessorTestRunner$RunProcessor.call(StandardProcessorTestRunner.java:278)
	at java.util.concurrent.FutureTask.run(FutureTask.java:266)
	at java.util.concurrent.ScheduledThreadPoolExecutor$ScheduledFutureTask.access$201(ScheduledThreadPoolExecutor.java:180)
	at java.util.concurrent.ScheduledThreadPoolExecutor$ScheduledFutureTask.run(ScheduledThreadPoolExecutor.java:293)
	at java.util.concurrent.ThreadPoolExecutor.runWorker(ThreadPoolExecutor.java:1149)
	at java.util.concurrent.ThreadPoolExecutor$Worker.run(ThreadPoolExecutor.java:624)
	at java.lang.Thread.run(Thread.java:750)
9965 [pool-117-thread-1] ERROR org.apache.nifi.processors.hadoop.PutHDFSTest$TestablePutHDFS - [TestablePutHDFS[id=744bc06f-a569-40de-97ca-965563c4042a]] org.apache.hadoop.mapred.JobConf
java.lang.ClassNotFoundException: org.apache.hadoop.mapred.JobConf
	at java.net.URLClassLoader.findClass(URLClassLoader.java:387)
	at java.lang.ClassLoader.loadClass(ClassLoader.java:418)
	at sun.misc.Launcher$AppClassLoader.loadClass(Launcher.java:352)
	at java.lang.ClassLoader.loadClass(ClassLoader.java:351)
	at java.lang.Class.forName0(Native Method)
	at java.lang.Class.forName(Class.java:348)
	at org.apache.nifi.processors.hadoop.ExtendedConfiguration.getClassByNameOrNull(ExtendedConfiguration.java:70)
	at org.apache.hadoop.util.ReflectionUtils.setJobConf(ReflectionUtils.java:98)
	at org.apache.hadoop.util.ReflectionUtils.setConf(ReflectionUtils.java:81)
	at org.apache.hadoop.util.ReflectionUtils.newInstance(ReflectionUtils.java:139)
	at org.apache.hadoop.io.compress.CompressionCodecFactory.<init>(CompressionCodecFactory.java:186)
	at org.apache.nifi.processors.hadoop.AbstractHadoopProcessor.getCompressionCodec(AbstractHadoopProcessor.java:588)
	at org.apache.nifi.processors.hadoop.PutHDFS$1.run(PutHDFS.java:310)
	at java.security.AccessController.doPrivileged(Native Method)
	at javax.security.auth.Subject.doAs(Subject.java:360)
	at org.apache.hadoop.security.UserGroupInformation.doAs(UserGroupInformation.java:1822)
	at org.apache.nifi.processors.hadoop.PutHDFS.onTrigger(PutHDFS.java:297)
	at org.apache.nifi.processor.AbstractProcessor.onTrigger(AbstractProcessor.java:27)
	at org.apache.nifi.util.StandardProcessorTestRunner$RunProcessor.call(StandardProcessorTestRunner.java:284)
	at org.apache.nifi.util.StandardProcessorTestRunner$RunProcessor.call(StandardProcessorTestRunner.java:278)
	at java.util.concurrent.FutureTask.run(FutureTask.java:266)
	at java.util.concurrent.ScheduledThreadPoolExecutor$ScheduledFutureTask.access$201(ScheduledThreadPoolExecutor.java:180)
	at java.util.concurrent.ScheduledThreadPoolExecutor$ScheduledFutureTask.run(ScheduledThreadPoolExecutor.java:293)
	at java.util.concurrent.ThreadPoolExecutor.runWorker(ThreadPoolExecutor.java:1149)
	at java.util.concurrent.ThreadPoolExecutor$Worker.run(ThreadPoolExecutor.java:624)
	at java.lang.Thread.run(Thread.java:750)
9966 [pool-117-thread-1] INFO org.apache.nifi.processors.hadoop.PutHDFSTest$TestablePutHDFS - TestablePutHDFS[id=744bc06f-a569-40de-97ca-965563c4042a] copied FlowFile[0,randombytes-1,500000B] to HDFS at target/test-classes/randombytes-1 in 0 milliseconds at a rate of 1.76 GB/sec
]]></system-err>
  </testcase>
  <testcase name="testPutFileWithCloseException" classname="org.apache.nifi.processors.hadoop.PutHDFSTest" time="0.012">
    <system-err><![CDATA[9974 [main] ERROR org.apache.nifi.processors.hadoop.PutHDFSTest$TestablePutHDFS - [TestablePutHDFS[id=862c60ac-c5cb-452a-b2db-a34aa2ee72bb]] org.apache.hadoop.mapred.JobConf
java.lang.ClassNotFoundException: org.apache.hadoop.mapred.JobConf
	at java.net.URLClassLoader.findClass(URLClassLoader.java:387)
	at java.lang.ClassLoader.loadClass(ClassLoader.java:418)
	at sun.misc.Launcher$AppClassLoader.loadClass(Launcher.java:352)
	at java.lang.ClassLoader.loadClass(ClassLoader.java:351)
	at java.lang.Class.forName0(Native Method)
	at java.lang.Class.forName(Class.java:348)
	at org.apache.nifi.processors.hadoop.ExtendedConfiguration.getClassByNameOrNull(ExtendedConfiguration.java:70)
	at org.apache.hadoop.util.ReflectionUtils.setJobConf(ReflectionUtils.java:98)
	at org.apache.hadoop.util.ReflectionUtils.setConf(ReflectionUtils.java:81)
	at org.apache.hadoop.util.ReflectionUtils.newInstance(ReflectionUtils.java:139)
	at org.apache.hadoop.fs.FileSystem.createFileSystem(FileSystem.java:3412)
	at org.apache.hadoop.fs.FileSystem.get(FileSystem.java:521)
	at org.apache.hadoop.fs.FileSystem.get(FileSystem.java:272)
	at org.apache.nifi.processors.hadoop.AbstractHadoopProcessor$1.run(AbstractHadoopProcessor.java:546)
	at org.apache.nifi.processors.hadoop.AbstractHadoopProcessor$1.run(AbstractHadoopProcessor.java:543)
	at java.security.AccessController.doPrivileged(Native Method)
	at javax.security.auth.Subject.doAs(Subject.java:422)
	at org.apache.hadoop.security.UserGroupInformation.doAs(UserGroupInformation.java:1845)
	at org.apache.nifi.processors.hadoop.AbstractHadoopProcessor.getFileSystemAsUser(AbstractHadoopProcessor.java:543)
	at org.apache.nifi.processors.hadoop.AbstractHadoopProcessor.resetHDFSResources(AbstractHadoopProcessor.java:476)
	at org.apache.nifi.processors.hadoop.AbstractHadoopProcessor.abstractOnScheduled(AbstractHadoopProcessor.java:352)
	at sun.reflect.GeneratedMethodAccessor19.invoke(Unknown Source)
	at sun.reflect.DelegatingMethodAccessorImpl.invoke(DelegatingMethodAccessorImpl.java:43)
	at java.lang.reflect.Method.invoke(Method.java:498)
	at org.apache.nifi.util.ReflectionUtils.invokeMethodsWithAnnotation(ReflectionUtils.java:68)
	at org.apache.nifi.util.StandardProcessorTestRunner.run(StandardProcessorTestRunner.java:203)
	at org.apache.nifi.util.StandardProcessorTestRunner.run(StandardProcessorTestRunner.java:185)
	at org.apache.nifi.util.StandardProcessorTestRunner.run(StandardProcessorTestRunner.java:180)
	at org.apache.nifi.util.StandardProcessorTestRunner.run(StandardProcessorTestRunner.java:175)
	at org.apache.nifi.util.StandardProcessorTestRunner.run(StandardProcessorTestRunner.java:170)
	at org.apache.nifi.processors.hadoop.PutHDFSTest.testPutFileWithCloseException(PutHDFSTest.java:622)
	at sun.reflect.NativeMethodAccessorImpl.invoke0(Native Method)
	at sun.reflect.NativeMethodAccessorImpl.invoke(NativeMethodAccessorImpl.java:62)
	at sun.reflect.DelegatingMethodAccessorImpl.invoke(DelegatingMethodAccessorImpl.java:43)
	at java.lang.reflect.Method.invoke(Method.java:498)
	at org.junit.runners.model.FrameworkMethod$1.runReflectiveCall(FrameworkMethod.java:59)
	at org.junit.internal.runners.model.ReflectiveCallable.run(ReflectiveCallable.java:12)
	at org.junit.runners.model.FrameworkMethod.invokeExplosively(FrameworkMethod.java:56)
	at org.junit.internal.runners.statements.InvokeMethod.evaluate(InvokeMethod.java:17)
	at org.junit.internal.runners.statements.RunBefores.evaluate(RunBefores.java:26)
	at org.junit.runners.ParentRunner$3.evaluate(ParentRunner.java:306)
	at org.junit.runners.BlockJUnit4ClassRunner$1.evaluate(BlockJUnit4ClassRunner.java:100)
	at org.junit.runners.ParentRunner.runLeaf(ParentRunner.java:366)
	at org.junit.runners.BlockJUnit4ClassRunner.runChild(BlockJUnit4ClassRunner.java:103)
	at org.junit.runners.BlockJUnit4ClassRunner.runChild(BlockJUnit4ClassRunner.java:63)
	at org.junit.runners.ParentRunner$4.run(ParentRunner.java:331)
	at org.junit.runners.ParentRunner$1.schedule(ParentRunner.java:79)
	at org.junit.runners.ParentRunner.runChildren(ParentRunner.java:329)
	at org.junit.runners.ParentRunner.access$100(ParentRunner.java:66)
	at org.junit.runners.ParentRunner$2.evaluate(ParentRunner.java:293)
	at org.junit.runners.ParentRunner$3.evaluate(ParentRunner.java:306)
	at org.junit.runners.ParentRunner.run(ParentRunner.java:413)
	at org.junit.runner.JUnitCore.run(JUnitCore.java:137)
	at org.junit.runner.JUnitCore.run(JUnitCore.java:115)
	at org.junit.vintage.engine.execution.RunnerExecutor.execute(RunnerExecutor.java:43)
	at java.util.stream.ForEachOps$ForEachOp$OfRef.accept(ForEachOps.java:183)
	at java.util.stream.ReferencePipeline$3$1.accept(ReferencePipeline.java:193)
	at java.util.Iterator.forEachRemaining(Iterator.java:116)
	at java.util.Spliterators$IteratorSpliterator.forEachRemaining(Spliterators.java:1801)
	at java.util.stream.AbstractPipeline.copyInto(AbstractPipeline.java:482)
	at java.util.stream.AbstractPipeline.wrapAndCopyInto(AbstractPipeline.java:472)
	at java.util.stream.ForEachOps$ForEachOp.evaluateSequential(ForEachOps.java:150)
	at java.util.stream.ForEachOps$ForEachOp$OfRef.evaluateSequential(ForEachOps.java:173)
	at java.util.stream.AbstractPipeline.evaluate(AbstractPipeline.java:234)
	at java.util.stream.ReferencePipeline.forEach(ReferencePipeline.java:485)
	at org.junit.vintage.engine.VintageTestEngine.executeAllChildren(VintageTestEngine.java:82)
	at org.junit.vintage.engine.VintageTestEngine.execute(VintageTestEngine.java:73)
	at org.junit.platform.launcher.core.EngineExecutionOrchestrator.execute(EngineExecutionOrchestrator.java:108)
	at org.junit.platform.launcher.core.EngineExecutionOrchestrator.execute(EngineExecutionOrchestrator.java:88)
	at org.junit.platform.launcher.core.EngineExecutionOrchestrator.lambda$execute$0(EngineExecutionOrchestrator.java:54)
	at org.junit.platform.launcher.core.EngineExecutionOrchestrator.withInterceptedStreams(EngineExecutionOrchestrator.java:67)
	at org.junit.platform.launcher.core.EngineExecutionOrchestrator.execute(EngineExecutionOrchestrator.java:52)
	at org.junit.platform.launcher.core.DefaultLauncher.execute(DefaultLauncher.java:96)
	at org.junit.platform.launcher.core.DefaultLauncher.execute(DefaultLauncher.java:75)
	at org.apache.maven.surefire.junitplatform.JUnitPlatformProvider.execute(JUnitPlatformProvider.java:188)
	at org.apache.maven.surefire.junitplatform.JUnitPlatformProvider.invokeAllTests(JUnitPlatformProvider.java:154)
	at org.apache.maven.surefire.junitplatform.JUnitPlatformProvider.invoke(JUnitPlatformProvider.java:128)
	at org.apache.maven.surefire.booter.ForkedBooter.runSuitesInProcess(ForkedBooter.java:428)
	at org.apache.maven.surefire.booter.ForkedBooter.execute(ForkedBooter.java:162)
	at org.apache.maven.surefire.booter.ForkedBooter.run(ForkedBooter.java:562)
	at org.apache.maven.surefire.booter.ForkedBooter.main(ForkedBooter.java:548)
9975 [main] INFO org.apache.nifi.processors.hadoop.PutHDFSTest$TestablePutHDFS - TestablePutHDFS[id=862c60ac-c5cb-452a-b2db-a34aa2ee72bb] Initialized a new HDFS File System with working dir: file:/home/alex/Repositories/nifi/nifi-nar-bundles/nifi-hadoop-bundle/nifi-hdfs-processors default block size: 33554432 default replication: 1 config: Configuration: core-default.xml, core-site.xml, hdfs-default.xml, hdfs-rbf-default.xml, hdfs-site.xml, hdfs-rbf-site.xml
9976 [pool-118-thread-1] ERROR org.apache.nifi.processors.hadoop.PutHDFSTest$TestablePutHDFS - [TestablePutHDFS[id=862c60ac-c5cb-452a-b2db-a34aa2ee72bb]] org.apache.hadoop.mapred.JobConf
java.lang.ClassNotFoundException: org.apache.hadoop.mapred.JobConf
	at java.net.URLClassLoader.findClass(URLClassLoader.java:387)
	at java.lang.ClassLoader.loadClass(ClassLoader.java:418)
	at sun.misc.Launcher$AppClassLoader.loadClass(Launcher.java:352)
	at java.lang.ClassLoader.loadClass(ClassLoader.java:351)
	at java.lang.Class.forName0(Native Method)
	at java.lang.Class.forName(Class.java:348)
	at org.apache.nifi.processors.hadoop.ExtendedConfiguration.getClassByNameOrNull(ExtendedConfiguration.java:70)
	at org.apache.hadoop.util.ReflectionUtils.setJobConf(ReflectionUtils.java:98)
	at org.apache.hadoop.util.ReflectionUtils.setConf(ReflectionUtils.java:81)
	at org.apache.hadoop.util.ReflectionUtils.newInstance(ReflectionUtils.java:139)
	at org.apache.hadoop.io.compress.CompressionCodecFactory.<init>(CompressionCodecFactory.java:186)
	at org.apache.nifi.processors.hadoop.AbstractHadoopProcessor.getCompressionCodec(AbstractHadoopProcessor.java:588)
	at org.apache.nifi.processors.hadoop.PutHDFS$1.run(PutHDFS.java:310)
	at java.security.AccessController.doPrivileged(Native Method)
	at javax.security.auth.Subject.doAs(Subject.java:360)
	at org.apache.hadoop.security.UserGroupInformation.doAs(UserGroupInformation.java:1822)
	at org.apache.nifi.processors.hadoop.PutHDFS.onTrigger(PutHDFS.java:297)
	at org.apache.nifi.processor.AbstractProcessor.onTrigger(AbstractProcessor.java:27)
	at org.apache.nifi.util.StandardProcessorTestRunner$RunProcessor.call(StandardProcessorTestRunner.java:284)
	at org.apache.nifi.util.StandardProcessorTestRunner$RunProcessor.call(StandardProcessorTestRunner.java:278)
	at java.util.concurrent.FutureTask.run(FutureTask.java:266)
	at java.util.concurrent.ScheduledThreadPoolExecutor$ScheduledFutureTask.access$201(ScheduledThreadPoolExecutor.java:180)
	at java.util.concurrent.ScheduledThreadPoolExecutor$ScheduledFutureTask.run(ScheduledThreadPoolExecutor.java:293)
	at java.util.concurrent.ThreadPoolExecutor.runWorker(ThreadPoolExecutor.java:1149)
	at java.util.concurrent.ThreadPoolExecutor$Worker.run(ThreadPoolExecutor.java:624)
	at java.lang.Thread.run(Thread.java:750)
9977 [pool-118-thread-1] ERROR org.apache.nifi.processors.hadoop.PutHDFSTest$TestablePutHDFS - [TestablePutHDFS[id=862c60ac-c5cb-452a-b2db-a34aa2ee72bb]] org.apache.hadoop.mapred.JobConf
java.lang.ClassNotFoundException: org.apache.hadoop.mapred.JobConf
	at java.net.URLClassLoader.findClass(URLClassLoader.java:387)
	at java.lang.ClassLoader.loadClass(ClassLoader.java:418)
	at sun.misc.Launcher$AppClassLoader.loadClass(Launcher.java:352)
	at java.lang.ClassLoader.loadClass(ClassLoader.java:351)
	at java.lang.Class.forName0(Native Method)
	at java.lang.Class.forName(Class.java:348)
	at org.apache.nifi.processors.hadoop.ExtendedConfiguration.getClassByNameOrNull(ExtendedConfiguration.java:70)
	at org.apache.hadoop.util.ReflectionUtils.setJobConf(ReflectionUtils.java:98)
	at org.apache.hadoop.util.ReflectionUtils.setConf(ReflectionUtils.java:81)
	at org.apache.hadoop.util.ReflectionUtils.newInstance(ReflectionUtils.java:139)
	at org.apache.hadoop.io.compress.CompressionCodecFactory.<init>(CompressionCodecFactory.java:186)
	at org.apache.nifi.processors.hadoop.AbstractHadoopProcessor.getCompressionCodec(AbstractHadoopProcessor.java:588)
	at org.apache.nifi.processors.hadoop.PutHDFS$1.run(PutHDFS.java:310)
	at java.security.AccessController.doPrivileged(Native Method)
	at javax.security.auth.Subject.doAs(Subject.java:360)
	at org.apache.hadoop.security.UserGroupInformation.doAs(UserGroupInformation.java:1822)
	at org.apache.nifi.processors.hadoop.PutHDFS.onTrigger(PutHDFS.java:297)
	at org.apache.nifi.processor.AbstractProcessor.onTrigger(AbstractProcessor.java:27)
	at org.apache.nifi.util.StandardProcessorTestRunner$RunProcessor.call(StandardProcessorTestRunner.java:284)
	at org.apache.nifi.util.StandardProcessorTestRunner$RunProcessor.call(StandardProcessorTestRunner.java:278)
	at java.util.concurrent.FutureTask.run(FutureTask.java:266)
	at java.util.concurrent.ScheduledThreadPoolExecutor$ScheduledFutureTask.access$201(ScheduledThreadPoolExecutor.java:180)
	at java.util.concurrent.ScheduledThreadPoolExecutor$ScheduledFutureTask.run(ScheduledThreadPoolExecutor.java:293)
	at java.util.concurrent.ThreadPoolExecutor.runWorker(ThreadPoolExecutor.java:1149)
	at java.util.concurrent.ThreadPoolExecutor$Worker.run(ThreadPoolExecutor.java:624)
	at java.lang.Thread.run(Thread.java:750)
9977 [pool-118-thread-1] ERROR org.apache.nifi.processors.hadoop.PutHDFSTest$TestablePutHDFS - [TestablePutHDFS[id=862c60ac-c5cb-452a-b2db-a34aa2ee72bb]] org.apache.hadoop.mapred.JobConf
java.lang.ClassNotFoundException: org.apache.hadoop.mapred.JobConf
	at java.net.URLClassLoader.findClass(URLClassLoader.java:387)
	at java.lang.ClassLoader.loadClass(ClassLoader.java:418)
	at sun.misc.Launcher$AppClassLoader.loadClass(Launcher.java:352)
	at java.lang.ClassLoader.loadClass(ClassLoader.java:351)
	at java.lang.Class.forName0(Native Method)
	at java.lang.Class.forName(Class.java:348)
	at org.apache.nifi.processors.hadoop.ExtendedConfiguration.getClassByNameOrNull(ExtendedConfiguration.java:70)
	at org.apache.hadoop.util.ReflectionUtils.setJobConf(ReflectionUtils.java:98)
	at org.apache.hadoop.util.ReflectionUtils.setConf(ReflectionUtils.java:81)
	at org.apache.hadoop.util.ReflectionUtils.newInstance(ReflectionUtils.java:139)
	at org.apache.hadoop.io.compress.CompressionCodecFactory.<init>(CompressionCodecFactory.java:186)
	at org.apache.nifi.processors.hadoop.AbstractHadoopProcessor.getCompressionCodec(AbstractHadoopProcessor.java:588)
	at org.apache.nifi.processors.hadoop.PutHDFS$1.run(PutHDFS.java:310)
	at java.security.AccessController.doPrivileged(Native Method)
	at javax.security.auth.Subject.doAs(Subject.java:360)
	at org.apache.hadoop.security.UserGroupInformation.doAs(UserGroupInformation.java:1822)
	at org.apache.nifi.processors.hadoop.PutHDFS.onTrigger(PutHDFS.java:297)
	at org.apache.nifi.processor.AbstractProcessor.onTrigger(AbstractProcessor.java:27)
	at org.apache.nifi.util.StandardProcessorTestRunner$RunProcessor.call(StandardProcessorTestRunner.java:284)
	at org.apache.nifi.util.StandardProcessorTestRunner$RunProcessor.call(StandardProcessorTestRunner.java:278)
	at java.util.concurrent.FutureTask.run(FutureTask.java:266)
	at java.util.concurrent.ScheduledThreadPoolExecutor$ScheduledFutureTask.access$201(ScheduledThreadPoolExecutor.java:180)
	at java.util.concurrent.ScheduledThreadPoolExecutor$ScheduledFutureTask.run(ScheduledThreadPoolExecutor.java:293)
	at java.util.concurrent.ThreadPoolExecutor.runWorker(ThreadPoolExecutor.java:1149)
	at java.util.concurrent.ThreadPoolExecutor$Worker.run(ThreadPoolExecutor.java:624)
	at java.lang.Thread.run(Thread.java:750)
9977 [pool-118-thread-1] ERROR org.apache.nifi.processors.hadoop.PutHDFSTest$TestablePutHDFS - [TestablePutHDFS[id=862c60ac-c5cb-452a-b2db-a34aa2ee72bb]] org.apache.hadoop.mapred.JobConf
java.lang.ClassNotFoundException: org.apache.hadoop.mapred.JobConf
	at java.net.URLClassLoader.findClass(URLClassLoader.java:387)
	at java.lang.ClassLoader.loadClass(ClassLoader.java:418)
	at sun.misc.Launcher$AppClassLoader.loadClass(Launcher.java:352)
	at java.lang.ClassLoader.loadClass(ClassLoader.java:351)
	at java.lang.Class.forName0(Native Method)
	at java.lang.Class.forName(Class.java:348)
	at org.apache.nifi.processors.hadoop.ExtendedConfiguration.getClassByNameOrNull(ExtendedConfiguration.java:70)
	at org.apache.hadoop.util.ReflectionUtils.setJobConf(ReflectionUtils.java:98)
	at org.apache.hadoop.util.ReflectionUtils.setConf(ReflectionUtils.java:81)
	at org.apache.hadoop.util.ReflectionUtils.newInstance(ReflectionUtils.java:139)
	at org.apache.hadoop.io.compress.CompressionCodecFactory.<init>(CompressionCodecFactory.java:186)
	at org.apache.nifi.processors.hadoop.AbstractHadoopProcessor.getCompressionCodec(AbstractHadoopProcessor.java:588)
	at org.apache.nifi.processors.hadoop.PutHDFS$1.run(PutHDFS.java:310)
	at java.security.AccessController.doPrivileged(Native Method)
	at javax.security.auth.Subject.doAs(Subject.java:360)
	at org.apache.hadoop.security.UserGroupInformation.doAs(UserGroupInformation.java:1822)
	at org.apache.nifi.processors.hadoop.PutHDFS.onTrigger(PutHDFS.java:297)
	at org.apache.nifi.processor.AbstractProcessor.onTrigger(AbstractProcessor.java:27)
	at org.apache.nifi.util.StandardProcessorTestRunner$RunProcessor.call(StandardProcessorTestRunner.java:284)
	at org.apache.nifi.util.StandardProcessorTestRunner$RunProcessor.call(StandardProcessorTestRunner.java:278)
	at java.util.concurrent.FutureTask.run(FutureTask.java:266)
	at java.util.concurrent.ScheduledThreadPoolExecutor$ScheduledFutureTask.access$201(ScheduledThreadPoolExecutor.java:180)
	at java.util.concurrent.ScheduledThreadPoolExecutor$ScheduledFutureTask.run(ScheduledThreadPoolExecutor.java:293)
	at java.util.concurrent.ThreadPoolExecutor.runWorker(ThreadPoolExecutor.java:1149)
	at java.util.concurrent.ThreadPoolExecutor$Worker.run(ThreadPoolExecutor.java:624)
	at java.lang.Thread.run(Thread.java:750)
9977 [pool-118-thread-1] ERROR org.apache.nifi.processors.hadoop.PutHDFSTest$TestablePutHDFS - [TestablePutHDFS[id=862c60ac-c5cb-452a-b2db-a34aa2ee72bb]] org.apache.hadoop.mapred.JobConf
java.lang.ClassNotFoundException: org.apache.hadoop.mapred.JobConf
	at java.net.URLClassLoader.findClass(URLClassLoader.java:387)
	at java.lang.ClassLoader.loadClass(ClassLoader.java:418)
	at sun.misc.Launcher$AppClassLoader.loadClass(Launcher.java:352)
	at java.lang.ClassLoader.loadClass(ClassLoader.java:351)
	at java.lang.Class.forName0(Native Method)
	at java.lang.Class.forName(Class.java:348)
	at org.apache.nifi.processors.hadoop.ExtendedConfiguration.getClassByNameOrNull(ExtendedConfiguration.java:70)
	at org.apache.hadoop.util.ReflectionUtils.setJobConf(ReflectionUtils.java:98)
	at org.apache.hadoop.util.ReflectionUtils.setConf(ReflectionUtils.java:81)
	at org.apache.hadoop.util.ReflectionUtils.newInstance(ReflectionUtils.java:139)
	at org.apache.hadoop.io.compress.CompressionCodecFactory.<init>(CompressionCodecFactory.java:186)
	at org.apache.nifi.processors.hadoop.AbstractHadoopProcessor.getCompressionCodec(AbstractHadoopProcessor.java:588)
	at org.apache.nifi.processors.hadoop.PutHDFS$1.run(PutHDFS.java:310)
	at java.security.AccessController.doPrivileged(Native Method)
	at javax.security.auth.Subject.doAs(Subject.java:360)
	at org.apache.hadoop.security.UserGroupInformation.doAs(UserGroupInformation.java:1822)
	at org.apache.nifi.processors.hadoop.PutHDFS.onTrigger(PutHDFS.java:297)
	at org.apache.nifi.processor.AbstractProcessor.onTrigger(AbstractProcessor.java:27)
	at org.apache.nifi.util.StandardProcessorTestRunner$RunProcessor.call(StandardProcessorTestRunner.java:284)
	at org.apache.nifi.util.StandardProcessorTestRunner$RunProcessor.call(StandardProcessorTestRunner.java:278)
	at java.util.concurrent.FutureTask.run(FutureTask.java:266)
	at java.util.concurrent.ScheduledThreadPoolExecutor$ScheduledFutureTask.access$201(ScheduledThreadPoolExecutor.java:180)
	at java.util.concurrent.ScheduledThreadPoolExecutor$ScheduledFutureTask.run(ScheduledThreadPoolExecutor.java:293)
	at java.util.concurrent.ThreadPoolExecutor.runWorker(ThreadPoolExecutor.java:1149)
	at java.util.concurrent.ThreadPoolExecutor$Worker.run(ThreadPoolExecutor.java:624)
	at java.lang.Thread.run(Thread.java:750)
9978 [pool-118-thread-1] ERROR org.apache.nifi.processors.hadoop.PutHDFSTest$TestablePutHDFS - [TestablePutHDFS[id=862c60ac-c5cb-452a-b2db-a34aa2ee72bb]] org.apache.hadoop.mapred.JobConf
java.lang.ClassNotFoundException: org.apache.hadoop.mapred.JobConf
	at java.net.URLClassLoader.findClass(URLClassLoader.java:387)
	at java.lang.ClassLoader.loadClass(ClassLoader.java:418)
	at sun.misc.Launcher$AppClassLoader.loadClass(Launcher.java:352)
	at java.lang.ClassLoader.loadClass(ClassLoader.java:351)
	at java.lang.Class.forName0(Native Method)
	at java.lang.Class.forName(Class.java:348)
	at org.apache.nifi.processors.hadoop.ExtendedConfiguration.getClassByNameOrNull(ExtendedConfiguration.java:70)
	at org.apache.hadoop.util.ReflectionUtils.setJobConf(ReflectionUtils.java:98)
	at org.apache.hadoop.util.ReflectionUtils.setConf(ReflectionUtils.java:81)
	at org.apache.hadoop.util.ReflectionUtils.newInstance(ReflectionUtils.java:139)
	at org.apache.hadoop.io.compress.CompressionCodecFactory.<init>(CompressionCodecFactory.java:186)
	at org.apache.nifi.processors.hadoop.AbstractHadoopProcessor.getCompressionCodec(AbstractHadoopProcessor.java:588)
	at org.apache.nifi.processors.hadoop.PutHDFS$1.run(PutHDFS.java:310)
	at java.security.AccessController.doPrivileged(Native Method)
	at javax.security.auth.Subject.doAs(Subject.java:360)
	at org.apache.hadoop.security.UserGroupInformation.doAs(UserGroupInformation.java:1822)
	at org.apache.nifi.processors.hadoop.PutHDFS.onTrigger(PutHDFS.java:297)
	at org.apache.nifi.processor.AbstractProcessor.onTrigger(AbstractProcessor.java:27)
	at org.apache.nifi.util.StandardProcessorTestRunner$RunProcessor.call(StandardProcessorTestRunner.java:284)
	at org.apache.nifi.util.StandardProcessorTestRunner$RunProcessor.call(StandardProcessorTestRunner.java:278)
	at java.util.concurrent.FutureTask.run(FutureTask.java:266)
	at java.util.concurrent.ScheduledThreadPoolExecutor$ScheduledFutureTask.access$201(ScheduledThreadPoolExecutor.java:180)
	at java.util.concurrent.ScheduledThreadPoolExecutor$ScheduledFutureTask.run(ScheduledThreadPoolExecutor.java:293)
	at java.util.concurrent.ThreadPoolExecutor.runWorker(ThreadPoolExecutor.java:1149)
	at java.util.concurrent.ThreadPoolExecutor$Worker.run(ThreadPoolExecutor.java:624)
	at java.lang.Thread.run(Thread.java:750)
9978 [pool-118-thread-1] ERROR org.apache.nifi.processors.hadoop.PutHDFSTest$TestablePutHDFS - [TestablePutHDFS[id=862c60ac-c5cb-452a-b2db-a34aa2ee72bb]] org.apache.hadoop.mapred.JobConf
java.lang.ClassNotFoundException: org.apache.hadoop.mapred.JobConf
	at java.net.URLClassLoader.findClass(URLClassLoader.java:387)
	at java.lang.ClassLoader.loadClass(ClassLoader.java:418)
	at sun.misc.Launcher$AppClassLoader.loadClass(Launcher.java:352)
	at java.lang.ClassLoader.loadClass(ClassLoader.java:351)
	at java.lang.Class.forName0(Native Method)
	at java.lang.Class.forName(Class.java:348)
	at org.apache.nifi.processors.hadoop.ExtendedConfiguration.getClassByNameOrNull(ExtendedConfiguration.java:70)
	at org.apache.hadoop.util.ReflectionUtils.setJobConf(ReflectionUtils.java:98)
	at org.apache.hadoop.util.ReflectionUtils.setConf(ReflectionUtils.java:81)
	at org.apache.hadoop.util.ReflectionUtils.newInstance(ReflectionUtils.java:139)
	at org.apache.hadoop.io.compress.CompressionCodecFactory.<init>(CompressionCodecFactory.java:186)
	at org.apache.nifi.processors.hadoop.AbstractHadoopProcessor.getCompressionCodec(AbstractHadoopProcessor.java:588)
	at org.apache.nifi.processors.hadoop.PutHDFS$1.run(PutHDFS.java:310)
	at java.security.AccessController.doPrivileged(Native Method)
	at javax.security.auth.Subject.doAs(Subject.java:360)
	at org.apache.hadoop.security.UserGroupInformation.doAs(UserGroupInformation.java:1822)
	at org.apache.nifi.processors.hadoop.PutHDFS.onTrigger(PutHDFS.java:297)
	at org.apache.nifi.processor.AbstractProcessor.onTrigger(AbstractProcessor.java:27)
	at org.apache.nifi.util.StandardProcessorTestRunner$RunProcessor.call(StandardProcessorTestRunner.java:284)
	at org.apache.nifi.util.StandardProcessorTestRunner$RunProcessor.call(StandardProcessorTestRunner.java:278)
	at java.util.concurrent.FutureTask.run(FutureTask.java:266)
	at java.util.concurrent.ScheduledThreadPoolExecutor$ScheduledFutureTask.access$201(ScheduledThreadPoolExecutor.java:180)
	at java.util.concurrent.ScheduledThreadPoolExecutor$ScheduledFutureTask.run(ScheduledThreadPoolExecutor.java:293)
	at java.util.concurrent.ThreadPoolExecutor.runWorker(ThreadPoolExecutor.java:1149)
	at java.util.concurrent.ThreadPoolExecutor$Worker.run(ThreadPoolExecutor.java:624)
	at java.lang.Thread.run(Thread.java:750)
9979 [pool-118-thread-1] ERROR org.apache.nifi.processors.hadoop.PutHDFSTest$TestablePutHDFS - TestablePutHDFS[id=862c60ac-c5cb-452a-b2db-a34aa2ee72bb] Failed to write to HDFS due to org.apache.nifi.processor.exception.ProcessException: java.io.IOException: Fail on close: org.apache.nifi.processor.exception.ProcessException: java.io.IOException: Fail on close
org.apache.nifi.processor.exception.ProcessException: java.io.IOException: Fail on close
	at org.apache.nifi.util.MockProcessSession.read(MockProcessSession.java:606)
	at org.apache.nifi.util.MockProcessSession.read(MockProcessSession.java:583)
	at org.apache.nifi.processors.hadoop.PutHDFS$1.run(PutHDFS.java:374)
	at java.security.AccessController.doPrivileged(Native Method)
	at javax.security.auth.Subject.doAs(Subject.java:360)
	at org.apache.hadoop.security.UserGroupInformation.doAs(UserGroupInformation.java:1822)
	at org.apache.nifi.processors.hadoop.PutHDFS.onTrigger(PutHDFS.java:297)
	at org.apache.nifi.processor.AbstractProcessor.onTrigger(AbstractProcessor.java:27)
	at org.apache.nifi.util.StandardProcessorTestRunner$RunProcessor.call(StandardProcessorTestRunner.java:284)
	at org.apache.nifi.util.StandardProcessorTestRunner$RunProcessor.call(StandardProcessorTestRunner.java:278)
	at java.util.concurrent.FutureTask.run(FutureTask.java:266)
	at java.util.concurrent.ScheduledThreadPoolExecutor$ScheduledFutureTask.access$201(ScheduledThreadPoolExecutor.java:180)
	at java.util.concurrent.ScheduledThreadPoolExecutor$ScheduledFutureTask.run(ScheduledThreadPoolExecutor.java:293)
	at java.util.concurrent.ThreadPoolExecutor.runWorker(ThreadPoolExecutor.java:1149)
	at java.util.concurrent.ThreadPoolExecutor$Worker.run(ThreadPoolExecutor.java:624)
	at java.lang.Thread.run(Thread.java:750)
Caused by: java.io.IOException: Fail on close
	at org.apache.nifi.processors.hadoop.PutHDFSTest$MockFileSystem$1.close(PutHDFSTest.java:701)
	at org.apache.nifi.processors.hadoop.PutHDFS$1$1.process(PutHDFS.java:406)
	at org.apache.nifi.util.MockProcessSession.read(MockProcessSession.java:601)
	... 15 more
]]></system-err>
  </testcase>
  <testcase name="testPutFileWhenDirectoryUsesInvalidEL" classname="org.apache.nifi.processors.hadoop.PutHDFSTest" time="0.001"/>
  <testcase name="testPutFilePermissionsWithXmlConfiguredUmask" classname="org.apache.nifi.processors.hadoop.PutHDFSTest" time="0.018">
    <system-err><![CDATA[9986 [main] ERROR org.apache.nifi.processors.hadoop.PutHDFSTest$TestablePutHDFS - [TestablePutHDFS[id=64db33e6-f338-4efc-bc0b-c450610c9b18]] org.apache.hadoop.mapred.JobConf
java.lang.ClassNotFoundException: org.apache.hadoop.mapred.JobConf
	at java.net.URLClassLoader.findClass(URLClassLoader.java:387)
	at java.lang.ClassLoader.loadClass(ClassLoader.java:418)
	at sun.misc.Launcher$AppClassLoader.loadClass(Launcher.java:352)
	at java.lang.ClassLoader.loadClass(ClassLoader.java:351)
	at java.lang.Class.forName0(Native Method)
	at java.lang.Class.forName(Class.java:348)
	at org.apache.nifi.processors.hadoop.ExtendedConfiguration.getClassByNameOrNull(ExtendedConfiguration.java:70)
	at org.apache.hadoop.util.ReflectionUtils.setJobConf(ReflectionUtils.java:98)
	at org.apache.hadoop.util.ReflectionUtils.setConf(ReflectionUtils.java:81)
	at org.apache.hadoop.util.ReflectionUtils.newInstance(ReflectionUtils.java:139)
	at org.apache.hadoop.fs.FileSystem.createFileSystem(FileSystem.java:3412)
	at org.apache.hadoop.fs.FileSystem.get(FileSystem.java:521)
	at org.apache.hadoop.fs.FileSystem.get(FileSystem.java:272)
	at org.apache.nifi.processors.hadoop.AbstractHadoopProcessor$1.run(AbstractHadoopProcessor.java:546)
	at org.apache.nifi.processors.hadoop.AbstractHadoopProcessor$1.run(AbstractHadoopProcessor.java:543)
	at java.security.AccessController.doPrivileged(Native Method)
	at javax.security.auth.Subject.doAs(Subject.java:422)
	at org.apache.hadoop.security.UserGroupInformation.doAs(UserGroupInformation.java:1845)
	at org.apache.nifi.processors.hadoop.AbstractHadoopProcessor.getFileSystemAsUser(AbstractHadoopProcessor.java:543)
	at org.apache.nifi.processors.hadoop.AbstractHadoopProcessor.resetHDFSResources(AbstractHadoopProcessor.java:476)
	at org.apache.nifi.processors.hadoop.AbstractHadoopProcessor.abstractOnScheduled(AbstractHadoopProcessor.java:352)
	at org.apache.nifi.processors.hadoop.PutHDFSTest.testPutFilePermissionsWithXmlConfiguredUmask(PutHDFSTest.java:491)
	at sun.reflect.NativeMethodAccessorImpl.invoke0(Native Method)
	at sun.reflect.NativeMethodAccessorImpl.invoke(NativeMethodAccessorImpl.java:62)
	at sun.reflect.DelegatingMethodAccessorImpl.invoke(DelegatingMethodAccessorImpl.java:43)
	at java.lang.reflect.Method.invoke(Method.java:498)
	at org.junit.runners.model.FrameworkMethod$1.runReflectiveCall(FrameworkMethod.java:59)
	at org.junit.internal.runners.model.ReflectiveCallable.run(ReflectiveCallable.java:12)
	at org.junit.runners.model.FrameworkMethod.invokeExplosively(FrameworkMethod.java:56)
	at org.junit.internal.runners.statements.InvokeMethod.evaluate(InvokeMethod.java:17)
	at org.junit.internal.runners.statements.RunBefores.evaluate(RunBefores.java:26)
	at org.junit.runners.ParentRunner$3.evaluate(ParentRunner.java:306)
	at org.junit.runners.BlockJUnit4ClassRunner$1.evaluate(BlockJUnit4ClassRunner.java:100)
	at org.junit.runners.ParentRunner.runLeaf(ParentRunner.java:366)
	at org.junit.runners.BlockJUnit4ClassRunner.runChild(BlockJUnit4ClassRunner.java:103)
	at org.junit.runners.BlockJUnit4ClassRunner.runChild(BlockJUnit4ClassRunner.java:63)
	at org.junit.runners.ParentRunner$4.run(ParentRunner.java:331)
	at org.junit.runners.ParentRunner$1.schedule(ParentRunner.java:79)
	at org.junit.runners.ParentRunner.runChildren(ParentRunner.java:329)
	at org.junit.runners.ParentRunner.access$100(ParentRunner.java:66)
	at org.junit.runners.ParentRunner$2.evaluate(ParentRunner.java:293)
	at org.junit.runners.ParentRunner$3.evaluate(ParentRunner.java:306)
	at org.junit.runners.ParentRunner.run(ParentRunner.java:413)
	at org.junit.runner.JUnitCore.run(JUnitCore.java:137)
	at org.junit.runner.JUnitCore.run(JUnitCore.java:115)
	at org.junit.vintage.engine.execution.RunnerExecutor.execute(RunnerExecutor.java:43)
	at java.util.stream.ForEachOps$ForEachOp$OfRef.accept(ForEachOps.java:183)
	at java.util.stream.ReferencePipeline$3$1.accept(ReferencePipeline.java:193)
	at java.util.Iterator.forEachRemaining(Iterator.java:116)
	at java.util.Spliterators$IteratorSpliterator.forEachRemaining(Spliterators.java:1801)
	at java.util.stream.AbstractPipeline.copyInto(AbstractPipeline.java:482)
	at java.util.stream.AbstractPipeline.wrapAndCopyInto(AbstractPipeline.java:472)
	at java.util.stream.ForEachOps$ForEachOp.evaluateSequential(ForEachOps.java:150)
	at java.util.stream.ForEachOps$ForEachOp$OfRef.evaluateSequential(ForEachOps.java:173)
	at java.util.stream.AbstractPipeline.evaluate(AbstractPipeline.java:234)
	at java.util.stream.ReferencePipeline.forEach(ReferencePipeline.java:485)
	at org.junit.vintage.engine.VintageTestEngine.executeAllChildren(VintageTestEngine.java:82)
	at org.junit.vintage.engine.VintageTestEngine.execute(VintageTestEngine.java:73)
	at org.junit.platform.launcher.core.EngineExecutionOrchestrator.execute(EngineExecutionOrchestrator.java:108)
	at org.junit.platform.launcher.core.EngineExecutionOrchestrator.execute(EngineExecutionOrchestrator.java:88)
	at org.junit.platform.launcher.core.EngineExecutionOrchestrator.lambda$execute$0(EngineExecutionOrchestrator.java:54)
	at org.junit.platform.launcher.core.EngineExecutionOrchestrator.withInterceptedStreams(EngineExecutionOrchestrator.java:67)
	at org.junit.platform.launcher.core.EngineExecutionOrchestrator.execute(EngineExecutionOrchestrator.java:52)
	at org.junit.platform.launcher.core.DefaultLauncher.execute(DefaultLauncher.java:96)
	at org.junit.platform.launcher.core.DefaultLauncher.execute(DefaultLauncher.java:75)
	at org.apache.maven.surefire.junitplatform.JUnitPlatformProvider.execute(JUnitPlatformProvider.java:188)
	at org.apache.maven.surefire.junitplatform.JUnitPlatformProvider.invokeAllTests(JUnitPlatformProvider.java:154)
	at org.apache.maven.surefire.junitplatform.JUnitPlatformProvider.invoke(JUnitPlatformProvider.java:128)
	at org.apache.maven.surefire.booter.ForkedBooter.runSuitesInProcess(ForkedBooter.java:428)
	at org.apache.maven.surefire.booter.ForkedBooter.execute(ForkedBooter.java:162)
	at org.apache.maven.surefire.booter.ForkedBooter.run(ForkedBooter.java:562)
	at org.apache.maven.surefire.booter.ForkedBooter.main(ForkedBooter.java:548)
9987 [main] INFO org.apache.nifi.processors.hadoop.PutHDFSTest$TestablePutHDFS - TestablePutHDFS[id=64db33e6-f338-4efc-bc0b-c450610c9b18] Initialized a new HDFS File System with working dir: file:/home/alex/Repositories/nifi/nifi-nar-bundles/nifi-hadoop-bundle/nifi-hdfs-processors default block size: 33554432 default replication: 1 config: Configuration: core-default.xml, core-site.xml, hdfs-default.xml, hdfs-rbf-default.xml, hdfs-site.xml, hdfs-rbf-site.xml, /home/alex/Repositories/nifi/nifi-nar-bundles/nifi-hadoop-bundle/nifi-hdfs-processors/src/test/resources/core-site-perms.xml
9995 [pool-119-thread-1] ERROR org.apache.nifi.processors.hadoop.PutHDFSTest$TestablePutHDFS - [TestablePutHDFS[id=64db33e6-f338-4efc-bc0b-c450610c9b18]] org.apache.hadoop.mapred.JobConf
java.lang.ClassNotFoundException: org.apache.hadoop.mapred.JobConf
	at java.net.URLClassLoader.findClass(URLClassLoader.java:387)
	at java.lang.ClassLoader.loadClass(ClassLoader.java:418)
	at sun.misc.Launcher$AppClassLoader.loadClass(Launcher.java:352)
	at java.lang.ClassLoader.loadClass(ClassLoader.java:351)
	at java.lang.Class.forName0(Native Method)
	at java.lang.Class.forName(Class.java:348)
	at org.apache.nifi.processors.hadoop.ExtendedConfiguration.getClassByNameOrNull(ExtendedConfiguration.java:70)
	at org.apache.hadoop.util.ReflectionUtils.setJobConf(ReflectionUtils.java:98)
	at org.apache.hadoop.util.ReflectionUtils.setConf(ReflectionUtils.java:81)
	at org.apache.hadoop.util.ReflectionUtils.newInstance(ReflectionUtils.java:139)
	at org.apache.hadoop.io.compress.CompressionCodecFactory.<init>(CompressionCodecFactory.java:186)
	at org.apache.nifi.processors.hadoop.AbstractHadoopProcessor.getCompressionCodec(AbstractHadoopProcessor.java:588)
	at org.apache.nifi.processors.hadoop.PutHDFS$1.run(PutHDFS.java:310)
	at java.security.AccessController.doPrivileged(Native Method)
	at javax.security.auth.Subject.doAs(Subject.java:360)
	at org.apache.hadoop.security.UserGroupInformation.doAs(UserGroupInformation.java:1822)
	at org.apache.nifi.processors.hadoop.PutHDFS.onTrigger(PutHDFS.java:297)
	at org.apache.nifi.processor.AbstractProcessor.onTrigger(AbstractProcessor.java:27)
	at org.apache.nifi.util.StandardProcessorTestRunner$RunProcessor.call(StandardProcessorTestRunner.java:284)
	at org.apache.nifi.util.StandardProcessorTestRunner$RunProcessor.call(StandardProcessorTestRunner.java:278)
	at java.util.concurrent.FutureTask.run(FutureTask.java:266)
	at java.util.concurrent.ScheduledThreadPoolExecutor$ScheduledFutureTask.access$201(ScheduledThreadPoolExecutor.java:180)
	at java.util.concurrent.ScheduledThreadPoolExecutor$ScheduledFutureTask.run(ScheduledThreadPoolExecutor.java:293)
	at java.util.concurrent.ThreadPoolExecutor.runWorker(ThreadPoolExecutor.java:1149)
	at java.util.concurrent.ThreadPoolExecutor$Worker.run(ThreadPoolExecutor.java:624)
	at java.lang.Thread.run(Thread.java:750)
9995 [pool-119-thread-1] ERROR org.apache.nifi.processors.hadoop.PutHDFSTest$TestablePutHDFS - [TestablePutHDFS[id=64db33e6-f338-4efc-bc0b-c450610c9b18]] org.apache.hadoop.mapred.JobConf
java.lang.ClassNotFoundException: org.apache.hadoop.mapred.JobConf
	at java.net.URLClassLoader.findClass(URLClassLoader.java:387)
	at java.lang.ClassLoader.loadClass(ClassLoader.java:418)
	at sun.misc.Launcher$AppClassLoader.loadClass(Launcher.java:352)
	at java.lang.ClassLoader.loadClass(ClassLoader.java:351)
	at java.lang.Class.forName0(Native Method)
	at java.lang.Class.forName(Class.java:348)
	at org.apache.nifi.processors.hadoop.ExtendedConfiguration.getClassByNameOrNull(ExtendedConfiguration.java:70)
	at org.apache.hadoop.util.ReflectionUtils.setJobConf(ReflectionUtils.java:98)
	at org.apache.hadoop.util.ReflectionUtils.setConf(ReflectionUtils.java:81)
	at org.apache.hadoop.util.ReflectionUtils.newInstance(ReflectionUtils.java:139)
	at org.apache.hadoop.io.compress.CompressionCodecFactory.<init>(CompressionCodecFactory.java:186)
	at org.apache.nifi.processors.hadoop.AbstractHadoopProcessor.getCompressionCodec(AbstractHadoopProcessor.java:588)
	at org.apache.nifi.processors.hadoop.PutHDFS$1.run(PutHDFS.java:310)
	at java.security.AccessController.doPrivileged(Native Method)
	at javax.security.auth.Subject.doAs(Subject.java:360)
	at org.apache.hadoop.security.UserGroupInformation.doAs(UserGroupInformation.java:1822)
	at org.apache.nifi.processors.hadoop.PutHDFS.onTrigger(PutHDFS.java:297)
	at org.apache.nifi.processor.AbstractProcessor.onTrigger(AbstractProcessor.java:27)
	at org.apache.nifi.util.StandardProcessorTestRunner$RunProcessor.call(StandardProcessorTestRunner.java:284)
	at org.apache.nifi.util.StandardProcessorTestRunner$RunProcessor.call(StandardProcessorTestRunner.java:278)
	at java.util.concurrent.FutureTask.run(FutureTask.java:266)
	at java.util.concurrent.ScheduledThreadPoolExecutor$ScheduledFutureTask.access$201(ScheduledThreadPoolExecutor.java:180)
	at java.util.concurrent.ScheduledThreadPoolExecutor$ScheduledFutureTask.run(ScheduledThreadPoolExecutor.java:293)
	at java.util.concurrent.ThreadPoolExecutor.runWorker(ThreadPoolExecutor.java:1149)
	at java.util.concurrent.ThreadPoolExecutor$Worker.run(ThreadPoolExecutor.java:624)
	at java.lang.Thread.run(Thread.java:750)
9995 [pool-119-thread-1] ERROR org.apache.nifi.processors.hadoop.PutHDFSTest$TestablePutHDFS - [TestablePutHDFS[id=64db33e6-f338-4efc-bc0b-c450610c9b18]] org.apache.hadoop.mapred.JobConf
java.lang.ClassNotFoundException: org.apache.hadoop.mapred.JobConf
	at java.net.URLClassLoader.findClass(URLClassLoader.java:387)
	at java.lang.ClassLoader.loadClass(ClassLoader.java:418)
	at sun.misc.Launcher$AppClassLoader.loadClass(Launcher.java:352)
	at java.lang.ClassLoader.loadClass(ClassLoader.java:351)
	at java.lang.Class.forName0(Native Method)
	at java.lang.Class.forName(Class.java:348)
	at org.apache.nifi.processors.hadoop.ExtendedConfiguration.getClassByNameOrNull(ExtendedConfiguration.java:70)
	at org.apache.hadoop.util.ReflectionUtils.setJobConf(ReflectionUtils.java:98)
	at org.apache.hadoop.util.ReflectionUtils.setConf(ReflectionUtils.java:81)
	at org.apache.hadoop.util.ReflectionUtils.newInstance(ReflectionUtils.java:139)
	at org.apache.hadoop.io.compress.CompressionCodecFactory.<init>(CompressionCodecFactory.java:186)
	at org.apache.nifi.processors.hadoop.AbstractHadoopProcessor.getCompressionCodec(AbstractHadoopProcessor.java:588)
	at org.apache.nifi.processors.hadoop.PutHDFS$1.run(PutHDFS.java:310)
	at java.security.AccessController.doPrivileged(Native Method)
	at javax.security.auth.Subject.doAs(Subject.java:360)
	at org.apache.hadoop.security.UserGroupInformation.doAs(UserGroupInformation.java:1822)
	at org.apache.nifi.processors.hadoop.PutHDFS.onTrigger(PutHDFS.java:297)
	at org.apache.nifi.processor.AbstractProcessor.onTrigger(AbstractProcessor.java:27)
	at org.apache.nifi.util.StandardProcessorTestRunner$RunProcessor.call(StandardProcessorTestRunner.java:284)
	at org.apache.nifi.util.StandardProcessorTestRunner$RunProcessor.call(StandardProcessorTestRunner.java:278)
	at java.util.concurrent.FutureTask.run(FutureTask.java:266)
	at java.util.concurrent.ScheduledThreadPoolExecutor$ScheduledFutureTask.access$201(ScheduledThreadPoolExecutor.java:180)
	at java.util.concurrent.ScheduledThreadPoolExecutor$ScheduledFutureTask.run(ScheduledThreadPoolExecutor.java:293)
	at java.util.concurrent.ThreadPoolExecutor.runWorker(ThreadPoolExecutor.java:1149)
	at java.util.concurrent.ThreadPoolExecutor$Worker.run(ThreadPoolExecutor.java:624)
	at java.lang.Thread.run(Thread.java:750)
9996 [pool-119-thread-1] ERROR org.apache.nifi.processors.hadoop.PutHDFSTest$TestablePutHDFS - [TestablePutHDFS[id=64db33e6-f338-4efc-bc0b-c450610c9b18]] org.apache.hadoop.mapred.JobConf
java.lang.ClassNotFoundException: org.apache.hadoop.mapred.JobConf
	at java.net.URLClassLoader.findClass(URLClassLoader.java:387)
	at java.lang.ClassLoader.loadClass(ClassLoader.java:418)
	at sun.misc.Launcher$AppClassLoader.loadClass(Launcher.java:352)
	at java.lang.ClassLoader.loadClass(ClassLoader.java:351)
	at java.lang.Class.forName0(Native Method)
	at java.lang.Class.forName(Class.java:348)
	at org.apache.nifi.processors.hadoop.ExtendedConfiguration.getClassByNameOrNull(ExtendedConfiguration.java:70)
	at org.apache.hadoop.util.ReflectionUtils.setJobConf(ReflectionUtils.java:98)
	at org.apache.hadoop.util.ReflectionUtils.setConf(ReflectionUtils.java:81)
	at org.apache.hadoop.util.ReflectionUtils.newInstance(ReflectionUtils.java:139)
	at org.apache.hadoop.io.compress.CompressionCodecFactory.<init>(CompressionCodecFactory.java:186)
	at org.apache.nifi.processors.hadoop.AbstractHadoopProcessor.getCompressionCodec(AbstractHadoopProcessor.java:588)
	at org.apache.nifi.processors.hadoop.PutHDFS$1.run(PutHDFS.java:310)
	at java.security.AccessController.doPrivileged(Native Method)
	at javax.security.auth.Subject.doAs(Subject.java:360)
	at org.apache.hadoop.security.UserGroupInformation.doAs(UserGroupInformation.java:1822)
	at org.apache.nifi.processors.hadoop.PutHDFS.onTrigger(PutHDFS.java:297)
	at org.apache.nifi.processor.AbstractProcessor.onTrigger(AbstractProcessor.java:27)
	at org.apache.nifi.util.StandardProcessorTestRunner$RunProcessor.call(StandardProcessorTestRunner.java:284)
	at org.apache.nifi.util.StandardProcessorTestRunner$RunProcessor.call(StandardProcessorTestRunner.java:278)
	at java.util.concurrent.FutureTask.run(FutureTask.java:266)
	at java.util.concurrent.ScheduledThreadPoolExecutor$ScheduledFutureTask.access$201(ScheduledThreadPoolExecutor.java:180)
	at java.util.concurrent.ScheduledThreadPoolExecutor$ScheduledFutureTask.run(ScheduledThreadPoolExecutor.java:293)
	at java.util.concurrent.ThreadPoolExecutor.runWorker(ThreadPoolExecutor.java:1149)
	at java.util.concurrent.ThreadPoolExecutor$Worker.run(ThreadPoolExecutor.java:624)
	at java.lang.Thread.run(Thread.java:750)
9996 [pool-119-thread-1] ERROR org.apache.nifi.processors.hadoop.PutHDFSTest$TestablePutHDFS - [TestablePutHDFS[id=64db33e6-f338-4efc-bc0b-c450610c9b18]] org.apache.hadoop.mapred.JobConf
java.lang.ClassNotFoundException: org.apache.hadoop.mapred.JobConf
	at java.net.URLClassLoader.findClass(URLClassLoader.java:387)
	at java.lang.ClassLoader.loadClass(ClassLoader.java:418)
	at sun.misc.Launcher$AppClassLoader.loadClass(Launcher.java:352)
	at java.lang.ClassLoader.loadClass(ClassLoader.java:351)
	at java.lang.Class.forName0(Native Method)
	at java.lang.Class.forName(Class.java:348)
	at org.apache.nifi.processors.hadoop.ExtendedConfiguration.getClassByNameOrNull(ExtendedConfiguration.java:70)
	at org.apache.hadoop.util.ReflectionUtils.setJobConf(ReflectionUtils.java:98)
	at org.apache.hadoop.util.ReflectionUtils.setConf(ReflectionUtils.java:81)
	at org.apache.hadoop.util.ReflectionUtils.newInstance(ReflectionUtils.java:139)
	at org.apache.hadoop.io.compress.CompressionCodecFactory.<init>(CompressionCodecFactory.java:186)
	at org.apache.nifi.processors.hadoop.AbstractHadoopProcessor.getCompressionCodec(AbstractHadoopProcessor.java:588)
	at org.apache.nifi.processors.hadoop.PutHDFS$1.run(PutHDFS.java:310)
	at java.security.AccessController.doPrivileged(Native Method)
	at javax.security.auth.Subject.doAs(Subject.java:360)
	at org.apache.hadoop.security.UserGroupInformation.doAs(UserGroupInformation.java:1822)
	at org.apache.nifi.processors.hadoop.PutHDFS.onTrigger(PutHDFS.java:297)
	at org.apache.nifi.processor.AbstractProcessor.onTrigger(AbstractProcessor.java:27)
	at org.apache.nifi.util.StandardProcessorTestRunner$RunProcessor.call(StandardProcessorTestRunner.java:284)
	at org.apache.nifi.util.StandardProcessorTestRunner$RunProcessor.call(StandardProcessorTestRunner.java:278)
	at java.util.concurrent.FutureTask.run(FutureTask.java:266)
	at java.util.concurrent.ScheduledThreadPoolExecutor$ScheduledFutureTask.access$201(ScheduledThreadPoolExecutor.java:180)
	at java.util.concurrent.ScheduledThreadPoolExecutor$ScheduledFutureTask.run(ScheduledThreadPoolExecutor.java:293)
	at java.util.concurrent.ThreadPoolExecutor.runWorker(ThreadPoolExecutor.java:1149)
	at java.util.concurrent.ThreadPoolExecutor$Worker.run(ThreadPoolExecutor.java:624)
	at java.lang.Thread.run(Thread.java:750)
9996 [pool-119-thread-1] ERROR org.apache.nifi.processors.hadoop.PutHDFSTest$TestablePutHDFS - [TestablePutHDFS[id=64db33e6-f338-4efc-bc0b-c450610c9b18]] org.apache.hadoop.mapred.JobConf
java.lang.ClassNotFoundException: org.apache.hadoop.mapred.JobConf
	at java.net.URLClassLoader.findClass(URLClassLoader.java:387)
	at java.lang.ClassLoader.loadClass(ClassLoader.java:418)
	at sun.misc.Launcher$AppClassLoader.loadClass(Launcher.java:352)
	at java.lang.ClassLoader.loadClass(ClassLoader.java:351)
	at java.lang.Class.forName0(Native Method)
	at java.lang.Class.forName(Class.java:348)
	at org.apache.nifi.processors.hadoop.ExtendedConfiguration.getClassByNameOrNull(ExtendedConfiguration.java:70)
	at org.apache.hadoop.util.ReflectionUtils.setJobConf(ReflectionUtils.java:98)
	at org.apache.hadoop.util.ReflectionUtils.setConf(ReflectionUtils.java:81)
	at org.apache.hadoop.util.ReflectionUtils.newInstance(ReflectionUtils.java:139)
	at org.apache.hadoop.io.compress.CompressionCodecFactory.<init>(CompressionCodecFactory.java:186)
	at org.apache.nifi.processors.hadoop.AbstractHadoopProcessor.getCompressionCodec(AbstractHadoopProcessor.java:588)
	at org.apache.nifi.processors.hadoop.PutHDFS$1.run(PutHDFS.java:310)
	at java.security.AccessController.doPrivileged(Native Method)
	at javax.security.auth.Subject.doAs(Subject.java:360)
	at org.apache.hadoop.security.UserGroupInformation.doAs(UserGroupInformation.java:1822)
	at org.apache.nifi.processors.hadoop.PutHDFS.onTrigger(PutHDFS.java:297)
	at org.apache.nifi.processor.AbstractProcessor.onTrigger(AbstractProcessor.java:27)
	at org.apache.nifi.util.StandardProcessorTestRunner$RunProcessor.call(StandardProcessorTestRunner.java:284)
	at org.apache.nifi.util.StandardProcessorTestRunner$RunProcessor.call(StandardProcessorTestRunner.java:278)
	at java.util.concurrent.FutureTask.run(FutureTask.java:266)
	at java.util.concurrent.ScheduledThreadPoolExecutor$ScheduledFutureTask.access$201(ScheduledThreadPoolExecutor.java:180)
	at java.util.concurrent.ScheduledThreadPoolExecutor$ScheduledFutureTask.run(ScheduledThreadPoolExecutor.java:293)
	at java.util.concurrent.ThreadPoolExecutor.runWorker(ThreadPoolExecutor.java:1149)
	at java.util.concurrent.ThreadPoolExecutor$Worker.run(ThreadPoolExecutor.java:624)
	at java.lang.Thread.run(Thread.java:750)
9997 [pool-119-thread-1] ERROR org.apache.nifi.processors.hadoop.PutHDFSTest$TestablePutHDFS - [TestablePutHDFS[id=64db33e6-f338-4efc-bc0b-c450610c9b18]] org.apache.hadoop.mapred.JobConf
java.lang.ClassNotFoundException: org.apache.hadoop.mapred.JobConf
	at java.net.URLClassLoader.findClass(URLClassLoader.java:387)
	at java.lang.ClassLoader.loadClass(ClassLoader.java:418)
	at sun.misc.Launcher$AppClassLoader.loadClass(Launcher.java:352)
	at java.lang.ClassLoader.loadClass(ClassLoader.java:351)
	at java.lang.Class.forName0(Native Method)
	at java.lang.Class.forName(Class.java:348)
	at org.apache.nifi.processors.hadoop.ExtendedConfiguration.getClassByNameOrNull(ExtendedConfiguration.java:70)
	at org.apache.hadoop.util.ReflectionUtils.setJobConf(ReflectionUtils.java:98)
	at org.apache.hadoop.util.ReflectionUtils.setConf(ReflectionUtils.java:81)
	at org.apache.hadoop.util.ReflectionUtils.newInstance(ReflectionUtils.java:139)
	at org.apache.hadoop.io.compress.CompressionCodecFactory.<init>(CompressionCodecFactory.java:186)
	at org.apache.nifi.processors.hadoop.AbstractHadoopProcessor.getCompressionCodec(AbstractHadoopProcessor.java:588)
	at org.apache.nifi.processors.hadoop.PutHDFS$1.run(PutHDFS.java:310)
	at java.security.AccessController.doPrivileged(Native Method)
	at javax.security.auth.Subject.doAs(Subject.java:360)
	at org.apache.hadoop.security.UserGroupInformation.doAs(UserGroupInformation.java:1822)
	at org.apache.nifi.processors.hadoop.PutHDFS.onTrigger(PutHDFS.java:297)
	at org.apache.nifi.processor.AbstractProcessor.onTrigger(AbstractProcessor.java:27)
	at org.apache.nifi.util.StandardProcessorTestRunner$RunProcessor.call(StandardProcessorTestRunner.java:284)
	at org.apache.nifi.util.StandardProcessorTestRunner$RunProcessor.call(StandardProcessorTestRunner.java:278)
	at java.util.concurrent.FutureTask.run(FutureTask.java:266)
	at java.util.concurrent.ScheduledThreadPoolExecutor$ScheduledFutureTask.access$201(ScheduledThreadPoolExecutor.java:180)
	at java.util.concurrent.ScheduledThreadPoolExecutor$ScheduledFutureTask.run(ScheduledThreadPoolExecutor.java:293)
	at java.util.concurrent.ThreadPoolExecutor.runWorker(ThreadPoolExecutor.java:1149)
	at java.util.concurrent.ThreadPoolExecutor$Worker.run(ThreadPoolExecutor.java:624)
	at java.lang.Thread.run(Thread.java:750)
9997 [pool-119-thread-1] INFO org.apache.nifi.processors.hadoop.PutHDFSTest$TestablePutHDFS - TestablePutHDFS[id=64db33e6-f338-4efc-bc0b-c450610c9b18] copied FlowFile[0,randombytes-1,500000B] to HDFS at target/test-classes/randombytes-1 in 0 milliseconds at a rate of 2.04 GB/sec
]]></system-err>
  </testcase>
  <testcase name="testPutFileWithProcessException" classname="org.apache.nifi.processors.hadoop.PutHDFSTest" time="0.013">
    <system-err><![CDATA[10006 [main] ERROR org.apache.nifi.processors.hadoop.PutHDFSTest$2 - [[id=b24db4d1-5386-472b-8535-679efb624792]] org.apache.hadoop.mapred.JobConf
java.lang.ClassNotFoundException: org.apache.hadoop.mapred.JobConf
	at java.net.URLClassLoader.findClass(URLClassLoader.java:387)
	at java.lang.ClassLoader.loadClass(ClassLoader.java:418)
	at sun.misc.Launcher$AppClassLoader.loadClass(Launcher.java:352)
	at java.lang.ClassLoader.loadClass(ClassLoader.java:351)
	at java.lang.Class.forName0(Native Method)
	at java.lang.Class.forName(Class.java:348)
	at org.apache.nifi.processors.hadoop.ExtendedConfiguration.getClassByNameOrNull(ExtendedConfiguration.java:70)
	at org.apache.hadoop.util.ReflectionUtils.setJobConf(ReflectionUtils.java:98)
	at org.apache.hadoop.util.ReflectionUtils.setConf(ReflectionUtils.java:81)
	at org.apache.hadoop.util.ReflectionUtils.newInstance(ReflectionUtils.java:139)
	at org.apache.hadoop.fs.FileSystem.createFileSystem(FileSystem.java:3412)
	at org.apache.hadoop.fs.FileSystem.get(FileSystem.java:521)
	at org.apache.hadoop.fs.FileSystem.get(FileSystem.java:272)
	at org.apache.nifi.processors.hadoop.AbstractHadoopProcessor$1.run(AbstractHadoopProcessor.java:546)
	at org.apache.nifi.processors.hadoop.AbstractHadoopProcessor$1.run(AbstractHadoopProcessor.java:543)
	at java.security.AccessController.doPrivileged(Native Method)
	at javax.security.auth.Subject.doAs(Subject.java:422)
	at org.apache.hadoop.security.UserGroupInformation.doAs(UserGroupInformation.java:1845)
	at org.apache.nifi.processors.hadoop.AbstractHadoopProcessor.getFileSystemAsUser(AbstractHadoopProcessor.java:543)
	at org.apache.nifi.processors.hadoop.AbstractHadoopProcessor.resetHDFSResources(AbstractHadoopProcessor.java:476)
	at org.apache.nifi.processors.hadoop.AbstractHadoopProcessor.abstractOnScheduled(AbstractHadoopProcessor.java:352)
	at sun.reflect.GeneratedMethodAccessor19.invoke(Unknown Source)
	at sun.reflect.DelegatingMethodAccessorImpl.invoke(DelegatingMethodAccessorImpl.java:43)
	at java.lang.reflect.Method.invoke(Method.java:498)
	at org.apache.nifi.util.ReflectionUtils.invokeMethodsWithAnnotation(ReflectionUtils.java:68)
	at org.apache.nifi.util.StandardProcessorTestRunner.run(StandardProcessorTestRunner.java:203)
	at org.apache.nifi.util.StandardProcessorTestRunner.run(StandardProcessorTestRunner.java:185)
	at org.apache.nifi.util.StandardProcessorTestRunner.run(StandardProcessorTestRunner.java:180)
	at org.apache.nifi.util.StandardProcessorTestRunner.run(StandardProcessorTestRunner.java:175)
	at org.apache.nifi.util.StandardProcessorTestRunner.run(StandardProcessorTestRunner.java:170)
	at org.apache.nifi.processors.hadoop.PutHDFSTest.testPutFileWithProcessException(PutHDFSTest.java:393)
	at sun.reflect.NativeMethodAccessorImpl.invoke0(Native Method)
	at sun.reflect.NativeMethodAccessorImpl.invoke(NativeMethodAccessorImpl.java:62)
	at sun.reflect.DelegatingMethodAccessorImpl.invoke(DelegatingMethodAccessorImpl.java:43)
	at java.lang.reflect.Method.invoke(Method.java:498)
	at org.junit.runners.model.FrameworkMethod$1.runReflectiveCall(FrameworkMethod.java:59)
	at org.junit.internal.runners.model.ReflectiveCallable.run(ReflectiveCallable.java:12)
	at org.junit.runners.model.FrameworkMethod.invokeExplosively(FrameworkMethod.java:56)
	at org.junit.internal.runners.statements.InvokeMethod.evaluate(InvokeMethod.java:17)
	at org.junit.internal.runners.statements.RunBefores.evaluate(RunBefores.java:26)
	at org.junit.runners.ParentRunner$3.evaluate(ParentRunner.java:306)
	at org.junit.runners.BlockJUnit4ClassRunner$1.evaluate(BlockJUnit4ClassRunner.java:100)
	at org.junit.runners.ParentRunner.runLeaf(ParentRunner.java:366)
	at org.junit.runners.BlockJUnit4ClassRunner.runChild(BlockJUnit4ClassRunner.java:103)
	at org.junit.runners.BlockJUnit4ClassRunner.runChild(BlockJUnit4ClassRunner.java:63)
	at org.junit.runners.ParentRunner$4.run(ParentRunner.java:331)
	at org.junit.runners.ParentRunner$1.schedule(ParentRunner.java:79)
	at org.junit.runners.ParentRunner.runChildren(ParentRunner.java:329)
	at org.junit.runners.ParentRunner.access$100(ParentRunner.java:66)
	at org.junit.runners.ParentRunner$2.evaluate(ParentRunner.java:293)
	at org.junit.runners.ParentRunner$3.evaluate(ParentRunner.java:306)
	at org.junit.runners.ParentRunner.run(ParentRunner.java:413)
	at org.junit.runner.JUnitCore.run(JUnitCore.java:137)
	at org.junit.runner.JUnitCore.run(JUnitCore.java:115)
	at org.junit.vintage.engine.execution.RunnerExecutor.execute(RunnerExecutor.java:43)
	at java.util.stream.ForEachOps$ForEachOp$OfRef.accept(ForEachOps.java:183)
	at java.util.stream.ReferencePipeline$3$1.accept(ReferencePipeline.java:193)
	at java.util.Iterator.forEachRemaining(Iterator.java:116)
	at java.util.Spliterators$IteratorSpliterator.forEachRemaining(Spliterators.java:1801)
	at java.util.stream.AbstractPipeline.copyInto(AbstractPipeline.java:482)
	at java.util.stream.AbstractPipeline.wrapAndCopyInto(AbstractPipeline.java:472)
	at java.util.stream.ForEachOps$ForEachOp.evaluateSequential(ForEachOps.java:150)
	at java.util.stream.ForEachOps$ForEachOp$OfRef.evaluateSequential(ForEachOps.java:173)
	at java.util.stream.AbstractPipeline.evaluate(AbstractPipeline.java:234)
	at java.util.stream.ReferencePipeline.forEach(ReferencePipeline.java:485)
	at org.junit.vintage.engine.VintageTestEngine.executeAllChildren(VintageTestEngine.java:82)
	at org.junit.vintage.engine.VintageTestEngine.execute(VintageTestEngine.java:73)
	at org.junit.platform.launcher.core.EngineExecutionOrchestrator.execute(EngineExecutionOrchestrator.java:108)
	at org.junit.platform.launcher.core.EngineExecutionOrchestrator.execute(EngineExecutionOrchestrator.java:88)
	at org.junit.platform.launcher.core.EngineExecutionOrchestrator.lambda$execute$0(EngineExecutionOrchestrator.java:54)
	at org.junit.platform.launcher.core.EngineExecutionOrchestrator.withInterceptedStreams(EngineExecutionOrchestrator.java:67)
	at org.junit.platform.launcher.core.EngineExecutionOrchestrator.execute(EngineExecutionOrchestrator.java:52)
	at org.junit.platform.launcher.core.DefaultLauncher.execute(DefaultLauncher.java:96)
	at org.junit.platform.launcher.core.DefaultLauncher.execute(DefaultLauncher.java:75)
	at org.apache.maven.surefire.junitplatform.JUnitPlatformProvider.execute(JUnitPlatformProvider.java:188)
	at org.apache.maven.surefire.junitplatform.JUnitPlatformProvider.invokeAllTests(JUnitPlatformProvider.java:154)
	at org.apache.maven.surefire.junitplatform.JUnitPlatformProvider.invoke(JUnitPlatformProvider.java:128)
	at org.apache.maven.surefire.booter.ForkedBooter.runSuitesInProcess(ForkedBooter.java:428)
	at org.apache.maven.surefire.booter.ForkedBooter.execute(ForkedBooter.java:162)
	at org.apache.maven.surefire.booter.ForkedBooter.run(ForkedBooter.java:562)
	at org.apache.maven.surefire.booter.ForkedBooter.main(ForkedBooter.java:548)
10007 [main] INFO org.apache.nifi.processors.hadoop.PutHDFSTest$2 - [id=b24db4d1-5386-472b-8535-679efb624792] Initialized a new HDFS File System with working dir: file:/home/alex/Repositories/nifi/nifi-nar-bundles/nifi-hadoop-bundle/nifi-hdfs-processors default block size: 33554432 default replication: 1 config: Configuration: core-default.xml, core-site.xml, hdfs-default.xml, hdfs-rbf-default.xml, hdfs-site.xml, hdfs-rbf-site.xml
10008 [pool-120-thread-1] ERROR org.apache.nifi.processors.hadoop.PutHDFSTest$2 - [[id=b24db4d1-5386-472b-8535-679efb624792]] org.apache.hadoop.mapred.JobConf
java.lang.ClassNotFoundException: org.apache.hadoop.mapred.JobConf
	at java.net.URLClassLoader.findClass(URLClassLoader.java:387)
	at java.lang.ClassLoader.loadClass(ClassLoader.java:418)
	at sun.misc.Launcher$AppClassLoader.loadClass(Launcher.java:352)
	at java.lang.ClassLoader.loadClass(ClassLoader.java:351)
	at java.lang.Class.forName0(Native Method)
	at java.lang.Class.forName(Class.java:348)
	at org.apache.nifi.processors.hadoop.ExtendedConfiguration.getClassByNameOrNull(ExtendedConfiguration.java:70)
	at org.apache.hadoop.util.ReflectionUtils.setJobConf(ReflectionUtils.java:98)
	at org.apache.hadoop.util.ReflectionUtils.setConf(ReflectionUtils.java:81)
	at org.apache.hadoop.util.ReflectionUtils.newInstance(ReflectionUtils.java:139)
	at org.apache.hadoop.io.compress.CompressionCodecFactory.<init>(CompressionCodecFactory.java:186)
	at org.apache.nifi.processors.hadoop.AbstractHadoopProcessor.getCompressionCodec(AbstractHadoopProcessor.java:588)
	at org.apache.nifi.processors.hadoop.PutHDFS$1.run(PutHDFS.java:310)
	at java.security.AccessController.doPrivileged(Native Method)
	at javax.security.auth.Subject.doAs(Subject.java:360)
	at org.apache.hadoop.security.UserGroupInformation.doAs(UserGroupInformation.java:1822)
	at org.apache.nifi.processors.hadoop.PutHDFS.onTrigger(PutHDFS.java:297)
	at org.apache.nifi.processor.AbstractProcessor.onTrigger(AbstractProcessor.java:27)
	at org.apache.nifi.util.StandardProcessorTestRunner$RunProcessor.call(StandardProcessorTestRunner.java:284)
	at org.apache.nifi.util.StandardProcessorTestRunner$RunProcessor.call(StandardProcessorTestRunner.java:278)
	at java.util.concurrent.FutureTask.run(FutureTask.java:266)
	at java.util.concurrent.ScheduledThreadPoolExecutor$ScheduledFutureTask.access$201(ScheduledThreadPoolExecutor.java:180)
	at java.util.concurrent.ScheduledThreadPoolExecutor$ScheduledFutureTask.run(ScheduledThreadPoolExecutor.java:293)
	at java.util.concurrent.ThreadPoolExecutor.runWorker(ThreadPoolExecutor.java:1149)
	at java.util.concurrent.ThreadPoolExecutor$Worker.run(ThreadPoolExecutor.java:624)
	at java.lang.Thread.run(Thread.java:750)
10009 [pool-120-thread-1] ERROR org.apache.nifi.processors.hadoop.PutHDFSTest$2 - [[id=b24db4d1-5386-472b-8535-679efb624792]] org.apache.hadoop.mapred.JobConf
java.lang.ClassNotFoundException: org.apache.hadoop.mapred.JobConf
	at java.net.URLClassLoader.findClass(URLClassLoader.java:387)
	at java.lang.ClassLoader.loadClass(ClassLoader.java:418)
	at sun.misc.Launcher$AppClassLoader.loadClass(Launcher.java:352)
	at java.lang.ClassLoader.loadClass(ClassLoader.java:351)
	at java.lang.Class.forName0(Native Method)
	at java.lang.Class.forName(Class.java:348)
	at org.apache.nifi.processors.hadoop.ExtendedConfiguration.getClassByNameOrNull(ExtendedConfiguration.java:70)
	at org.apache.hadoop.util.ReflectionUtils.setJobConf(ReflectionUtils.java:98)
	at org.apache.hadoop.util.ReflectionUtils.setConf(ReflectionUtils.java:81)
	at org.apache.hadoop.util.ReflectionUtils.newInstance(ReflectionUtils.java:139)
	at org.apache.hadoop.io.compress.CompressionCodecFactory.<init>(CompressionCodecFactory.java:186)
	at org.apache.nifi.processors.hadoop.AbstractHadoopProcessor.getCompressionCodec(AbstractHadoopProcessor.java:588)
	at org.apache.nifi.processors.hadoop.PutHDFS$1.run(PutHDFS.java:310)
	at java.security.AccessController.doPrivileged(Native Method)
	at javax.security.auth.Subject.doAs(Subject.java:360)
	at org.apache.hadoop.security.UserGroupInformation.doAs(UserGroupInformation.java:1822)
	at org.apache.nifi.processors.hadoop.PutHDFS.onTrigger(PutHDFS.java:297)
	at org.apache.nifi.processor.AbstractProcessor.onTrigger(AbstractProcessor.java:27)
	at org.apache.nifi.util.StandardProcessorTestRunner$RunProcessor.call(StandardProcessorTestRunner.java:284)
	at org.apache.nifi.util.StandardProcessorTestRunner$RunProcessor.call(StandardProcessorTestRunner.java:278)
	at java.util.concurrent.FutureTask.run(FutureTask.java:266)
	at java.util.concurrent.ScheduledThreadPoolExecutor$ScheduledFutureTask.access$201(ScheduledThreadPoolExecutor.java:180)
	at java.util.concurrent.ScheduledThreadPoolExecutor$ScheduledFutureTask.run(ScheduledThreadPoolExecutor.java:293)
	at java.util.concurrent.ThreadPoolExecutor.runWorker(ThreadPoolExecutor.java:1149)
	at java.util.concurrent.ThreadPoolExecutor$Worker.run(ThreadPoolExecutor.java:624)
	at java.lang.Thread.run(Thread.java:750)
10009 [pool-120-thread-1] ERROR org.apache.nifi.processors.hadoop.PutHDFSTest$2 - [[id=b24db4d1-5386-472b-8535-679efb624792]] org.apache.hadoop.mapred.JobConf
java.lang.ClassNotFoundException: org.apache.hadoop.mapred.JobConf
	at java.net.URLClassLoader.findClass(URLClassLoader.java:387)
	at java.lang.ClassLoader.loadClass(ClassLoader.java:418)
	at sun.misc.Launcher$AppClassLoader.loadClass(Launcher.java:352)
	at java.lang.ClassLoader.loadClass(ClassLoader.java:351)
	at java.lang.Class.forName0(Native Method)
	at java.lang.Class.forName(Class.java:348)
	at org.apache.nifi.processors.hadoop.ExtendedConfiguration.getClassByNameOrNull(ExtendedConfiguration.java:70)
	at org.apache.hadoop.util.ReflectionUtils.setJobConf(ReflectionUtils.java:98)
	at org.apache.hadoop.util.ReflectionUtils.setConf(ReflectionUtils.java:81)
	at org.apache.hadoop.util.ReflectionUtils.newInstance(ReflectionUtils.java:139)
	at org.apache.hadoop.io.compress.CompressionCodecFactory.<init>(CompressionCodecFactory.java:186)
	at org.apache.nifi.processors.hadoop.AbstractHadoopProcessor.getCompressionCodec(AbstractHadoopProcessor.java:588)
	at org.apache.nifi.processors.hadoop.PutHDFS$1.run(PutHDFS.java:310)
	at java.security.AccessController.doPrivileged(Native Method)
	at javax.security.auth.Subject.doAs(Subject.java:360)
	at org.apache.hadoop.security.UserGroupInformation.doAs(UserGroupInformation.java:1822)
	at org.apache.nifi.processors.hadoop.PutHDFS.onTrigger(PutHDFS.java:297)
	at org.apache.nifi.processor.AbstractProcessor.onTrigger(AbstractProcessor.java:27)
	at org.apache.nifi.util.StandardProcessorTestRunner$RunProcessor.call(StandardProcessorTestRunner.java:284)
	at org.apache.nifi.util.StandardProcessorTestRunner$RunProcessor.call(StandardProcessorTestRunner.java:278)
	at java.util.concurrent.FutureTask.run(FutureTask.java:266)
	at java.util.concurrent.ScheduledThreadPoolExecutor$ScheduledFutureTask.access$201(ScheduledThreadPoolExecutor.java:180)
	at java.util.concurrent.ScheduledThreadPoolExecutor$ScheduledFutureTask.run(ScheduledThreadPoolExecutor.java:293)
	at java.util.concurrent.ThreadPoolExecutor.runWorker(ThreadPoolExecutor.java:1149)
	at java.util.concurrent.ThreadPoolExecutor$Worker.run(ThreadPoolExecutor.java:624)
	at java.lang.Thread.run(Thread.java:750)
10009 [pool-120-thread-1] ERROR org.apache.nifi.processors.hadoop.PutHDFSTest$2 - [[id=b24db4d1-5386-472b-8535-679efb624792]] org.apache.hadoop.mapred.JobConf
java.lang.ClassNotFoundException: org.apache.hadoop.mapred.JobConf
	at java.net.URLClassLoader.findClass(URLClassLoader.java:387)
	at java.lang.ClassLoader.loadClass(ClassLoader.java:418)
	at sun.misc.Launcher$AppClassLoader.loadClass(Launcher.java:352)
	at java.lang.ClassLoader.loadClass(ClassLoader.java:351)
	at java.lang.Class.forName0(Native Method)
	at java.lang.Class.forName(Class.java:348)
	at org.apache.nifi.processors.hadoop.ExtendedConfiguration.getClassByNameOrNull(ExtendedConfiguration.java:70)
	at org.apache.hadoop.util.ReflectionUtils.setJobConf(ReflectionUtils.java:98)
	at org.apache.hadoop.util.ReflectionUtils.setConf(ReflectionUtils.java:81)
	at org.apache.hadoop.util.ReflectionUtils.newInstance(ReflectionUtils.java:139)
	at org.apache.hadoop.io.compress.CompressionCodecFactory.<init>(CompressionCodecFactory.java:186)
	at org.apache.nifi.processors.hadoop.AbstractHadoopProcessor.getCompressionCodec(AbstractHadoopProcessor.java:588)
	at org.apache.nifi.processors.hadoop.PutHDFS$1.run(PutHDFS.java:310)
	at java.security.AccessController.doPrivileged(Native Method)
	at javax.security.auth.Subject.doAs(Subject.java:360)
	at org.apache.hadoop.security.UserGroupInformation.doAs(UserGroupInformation.java:1822)
	at org.apache.nifi.processors.hadoop.PutHDFS.onTrigger(PutHDFS.java:297)
	at org.apache.nifi.processor.AbstractProcessor.onTrigger(AbstractProcessor.java:27)
	at org.apache.nifi.util.StandardProcessorTestRunner$RunProcessor.call(StandardProcessorTestRunner.java:284)
	at org.apache.nifi.util.StandardProcessorTestRunner$RunProcessor.call(StandardProcessorTestRunner.java:278)
	at java.util.concurrent.FutureTask.run(FutureTask.java:266)
	at java.util.concurrent.ScheduledThreadPoolExecutor$ScheduledFutureTask.access$201(ScheduledThreadPoolExecutor.java:180)
	at java.util.concurrent.ScheduledThreadPoolExecutor$ScheduledFutureTask.run(ScheduledThreadPoolExecutor.java:293)
	at java.util.concurrent.ThreadPoolExecutor.runWorker(ThreadPoolExecutor.java:1149)
	at java.util.concurrent.ThreadPoolExecutor$Worker.run(ThreadPoolExecutor.java:624)
	at java.lang.Thread.run(Thread.java:750)
10010 [pool-120-thread-1] ERROR org.apache.nifi.processors.hadoop.PutHDFSTest$2 - [[id=b24db4d1-5386-472b-8535-679efb624792]] org.apache.hadoop.mapred.JobConf
java.lang.ClassNotFoundException: org.apache.hadoop.mapred.JobConf
	at java.net.URLClassLoader.findClass(URLClassLoader.java:387)
	at java.lang.ClassLoader.loadClass(ClassLoader.java:418)
	at sun.misc.Launcher$AppClassLoader.loadClass(Launcher.java:352)
	at java.lang.ClassLoader.loadClass(ClassLoader.java:351)
	at java.lang.Class.forName0(Native Method)
	at java.lang.Class.forName(Class.java:348)
	at org.apache.nifi.processors.hadoop.ExtendedConfiguration.getClassByNameOrNull(ExtendedConfiguration.java:70)
	at org.apache.hadoop.util.ReflectionUtils.setJobConf(ReflectionUtils.java:98)
	at org.apache.hadoop.util.ReflectionUtils.setConf(ReflectionUtils.java:81)
	at org.apache.hadoop.util.ReflectionUtils.newInstance(ReflectionUtils.java:139)
	at org.apache.hadoop.io.compress.CompressionCodecFactory.<init>(CompressionCodecFactory.java:186)
	at org.apache.nifi.processors.hadoop.AbstractHadoopProcessor.getCompressionCodec(AbstractHadoopProcessor.java:588)
	at org.apache.nifi.processors.hadoop.PutHDFS$1.run(PutHDFS.java:310)
	at java.security.AccessController.doPrivileged(Native Method)
	at javax.security.auth.Subject.doAs(Subject.java:360)
	at org.apache.hadoop.security.UserGroupInformation.doAs(UserGroupInformation.java:1822)
	at org.apache.nifi.processors.hadoop.PutHDFS.onTrigger(PutHDFS.java:297)
	at org.apache.nifi.processor.AbstractProcessor.onTrigger(AbstractProcessor.java:27)
	at org.apache.nifi.util.StandardProcessorTestRunner$RunProcessor.call(StandardProcessorTestRunner.java:284)
	at org.apache.nifi.util.StandardProcessorTestRunner$RunProcessor.call(StandardProcessorTestRunner.java:278)
	at java.util.concurrent.FutureTask.run(FutureTask.java:266)
	at java.util.concurrent.ScheduledThreadPoolExecutor$ScheduledFutureTask.access$201(ScheduledThreadPoolExecutor.java:180)
	at java.util.concurrent.ScheduledThreadPoolExecutor$ScheduledFutureTask.run(ScheduledThreadPoolExecutor.java:293)
	at java.util.concurrent.ThreadPoolExecutor.runWorker(ThreadPoolExecutor.java:1149)
	at java.util.concurrent.ThreadPoolExecutor$Worker.run(ThreadPoolExecutor.java:624)
	at java.lang.Thread.run(Thread.java:750)
10010 [pool-120-thread-1] ERROR org.apache.nifi.processors.hadoop.PutHDFSTest$2 - [[id=b24db4d1-5386-472b-8535-679efb624792]] org.apache.hadoop.mapred.JobConf
java.lang.ClassNotFoundException: org.apache.hadoop.mapred.JobConf
	at java.net.URLClassLoader.findClass(URLClassLoader.java:387)
	at java.lang.ClassLoader.loadClass(ClassLoader.java:418)
	at sun.misc.Launcher$AppClassLoader.loadClass(Launcher.java:352)
	at java.lang.ClassLoader.loadClass(ClassLoader.java:351)
	at java.lang.Class.forName0(Native Method)
	at java.lang.Class.forName(Class.java:348)
	at org.apache.nifi.processors.hadoop.ExtendedConfiguration.getClassByNameOrNull(ExtendedConfiguration.java:70)
	at org.apache.hadoop.util.ReflectionUtils.setJobConf(ReflectionUtils.java:98)
	at org.apache.hadoop.util.ReflectionUtils.setConf(ReflectionUtils.java:81)
	at org.apache.hadoop.util.ReflectionUtils.newInstance(ReflectionUtils.java:139)
	at org.apache.hadoop.io.compress.CompressionCodecFactory.<init>(CompressionCodecFactory.java:186)
	at org.apache.nifi.processors.hadoop.AbstractHadoopProcessor.getCompressionCodec(AbstractHadoopProcessor.java:588)
	at org.apache.nifi.processors.hadoop.PutHDFS$1.run(PutHDFS.java:310)
	at java.security.AccessController.doPrivileged(Native Method)
	at javax.security.auth.Subject.doAs(Subject.java:360)
	at org.apache.hadoop.security.UserGroupInformation.doAs(UserGroupInformation.java:1822)
	at org.apache.nifi.processors.hadoop.PutHDFS.onTrigger(PutHDFS.java:297)
	at org.apache.nifi.processor.AbstractProcessor.onTrigger(AbstractProcessor.java:27)
	at org.apache.nifi.util.StandardProcessorTestRunner$RunProcessor.call(StandardProcessorTestRunner.java:284)
	at org.apache.nifi.util.StandardProcessorTestRunner$RunProcessor.call(StandardProcessorTestRunner.java:278)
	at java.util.concurrent.FutureTask.run(FutureTask.java:266)
	at java.util.concurrent.ScheduledThreadPoolExecutor$ScheduledFutureTask.access$201(ScheduledThreadPoolExecutor.java:180)
	at java.util.concurrent.ScheduledThreadPoolExecutor$ScheduledFutureTask.run(ScheduledThreadPoolExecutor.java:293)
	at java.util.concurrent.ThreadPoolExecutor.runWorker(ThreadPoolExecutor.java:1149)
	at java.util.concurrent.ThreadPoolExecutor$Worker.run(ThreadPoolExecutor.java:624)
	at java.lang.Thread.run(Thread.java:750)
10010 [pool-120-thread-1] ERROR org.apache.nifi.processors.hadoop.PutHDFSTest$2 - [[id=b24db4d1-5386-472b-8535-679efb624792]] org.apache.hadoop.mapred.JobConf
java.lang.ClassNotFoundException: org.apache.hadoop.mapred.JobConf
	at java.net.URLClassLoader.findClass(URLClassLoader.java:387)
	at java.lang.ClassLoader.loadClass(ClassLoader.java:418)
	at sun.misc.Launcher$AppClassLoader.loadClass(Launcher.java:352)
	at java.lang.ClassLoader.loadClass(ClassLoader.java:351)
	at java.lang.Class.forName0(Native Method)
	at java.lang.Class.forName(Class.java:348)
	at org.apache.nifi.processors.hadoop.ExtendedConfiguration.getClassByNameOrNull(ExtendedConfiguration.java:70)
	at org.apache.hadoop.util.ReflectionUtils.setJobConf(ReflectionUtils.java:98)
	at org.apache.hadoop.util.ReflectionUtils.setConf(ReflectionUtils.java:81)
	at org.apache.hadoop.util.ReflectionUtils.newInstance(ReflectionUtils.java:139)
	at org.apache.hadoop.io.compress.CompressionCodecFactory.<init>(CompressionCodecFactory.java:186)
	at org.apache.nifi.processors.hadoop.AbstractHadoopProcessor.getCompressionCodec(AbstractHadoopProcessor.java:588)
	at org.apache.nifi.processors.hadoop.PutHDFS$1.run(PutHDFS.java:310)
	at java.security.AccessController.doPrivileged(Native Method)
	at javax.security.auth.Subject.doAs(Subject.java:360)
	at org.apache.hadoop.security.UserGroupInformation.doAs(UserGroupInformation.java:1822)
	at org.apache.nifi.processors.hadoop.PutHDFS.onTrigger(PutHDFS.java:297)
	at org.apache.nifi.processor.AbstractProcessor.onTrigger(AbstractProcessor.java:27)
	at org.apache.nifi.util.StandardProcessorTestRunner$RunProcessor.call(StandardProcessorTestRunner.java:284)
	at org.apache.nifi.util.StandardProcessorTestRunner$RunProcessor.call(StandardProcessorTestRunner.java:278)
	at java.util.concurrent.FutureTask.run(FutureTask.java:266)
	at java.util.concurrent.ScheduledThreadPoolExecutor$ScheduledFutureTask.access$201(ScheduledThreadPoolExecutor.java:180)
	at java.util.concurrent.ScheduledThreadPoolExecutor$ScheduledFutureTask.run(ScheduledThreadPoolExecutor.java:293)
	at java.util.concurrent.ThreadPoolExecutor.runWorker(ThreadPoolExecutor.java:1149)
	at java.util.concurrent.ThreadPoolExecutor$Worker.run(ThreadPoolExecutor.java:624)
	at java.lang.Thread.run(Thread.java:750)
10011 [pool-120-thread-1] ERROR org.apache.nifi.processors.hadoop.PutHDFSTest$2 - [id=b24db4d1-5386-472b-8535-679efb624792] Failed to write to HDFS due to org.apache.nifi.processor.exception.ProcessException: Forcing Exception to get thrown in order to verify proper handling: org.apache.nifi.processor.exception.ProcessException: Forcing Exception to get thrown in order to verify proper handling
org.apache.nifi.processor.exception.ProcessException: Forcing Exception to get thrown in order to verify proper handling
	at org.apache.nifi.processors.hadoop.PutHDFSTest$2.changeOwner(PutHDFSTest.java:383)
	at org.apache.nifi.processors.hadoop.PutHDFS$1.run(PutHDFS.java:343)
	at java.security.AccessController.doPrivileged(Native Method)
	at javax.security.auth.Subject.doAs(Subject.java:360)
	at org.apache.hadoop.security.UserGroupInformation.doAs(UserGroupInformation.java:1822)
	at org.apache.nifi.processors.hadoop.PutHDFS.onTrigger(PutHDFS.java:297)
	at org.apache.nifi.processor.AbstractProcessor.onTrigger(AbstractProcessor.java:27)
	at org.apache.nifi.util.StandardProcessorTestRunner$RunProcessor.call(StandardProcessorTestRunner.java:284)
	at org.apache.nifi.util.StandardProcessorTestRunner$RunProcessor.call(StandardProcessorTestRunner.java:278)
	at java.util.concurrent.FutureTask.run(FutureTask.java:266)
	at java.util.concurrent.ScheduledThreadPoolExecutor$ScheduledFutureTask.access$201(ScheduledThreadPoolExecutor.java:180)
	at java.util.concurrent.ScheduledThreadPoolExecutor$ScheduledFutureTask.run(ScheduledThreadPoolExecutor.java:293)
	at java.util.concurrent.ThreadPoolExecutor.runWorker(ThreadPoolExecutor.java:1149)
	at java.util.concurrent.ThreadPoolExecutor$Worker.run(ThreadPoolExecutor.java:624)
	at java.lang.Thread.run(Thread.java:750)
]]></system-err>
  </testcase>
  <testcase name="testPutFileWithDefaultACL" classname="org.apache.nifi.processors.hadoop.PutHDFSTest" time="0.022">
    <system-err><![CDATA[10018 [main] ERROR org.apache.nifi.processors.hadoop.PutHDFSTest$TestablePutHDFS - [TestablePutHDFS[id=cc2816d7-6da4-412c-8d8b-5d7bda863921]] org.apache.hadoop.mapred.JobConf
java.lang.ClassNotFoundException: org.apache.hadoop.mapred.JobConf
	at java.net.URLClassLoader.findClass(URLClassLoader.java:387)
	at java.lang.ClassLoader.loadClass(ClassLoader.java:418)
	at sun.misc.Launcher$AppClassLoader.loadClass(Launcher.java:352)
	at java.lang.ClassLoader.loadClass(ClassLoader.java:351)
	at java.lang.Class.forName0(Native Method)
	at java.lang.Class.forName(Class.java:348)
	at org.apache.nifi.processors.hadoop.ExtendedConfiguration.getClassByNameOrNull(ExtendedConfiguration.java:70)
	at org.apache.hadoop.util.ReflectionUtils.setJobConf(ReflectionUtils.java:98)
	at org.apache.hadoop.util.ReflectionUtils.setConf(ReflectionUtils.java:81)
	at org.apache.hadoop.util.ReflectionUtils.newInstance(ReflectionUtils.java:139)
	at org.apache.hadoop.fs.FileSystem.createFileSystem(FileSystem.java:3412)
	at org.apache.hadoop.fs.FileSystem.get(FileSystem.java:521)
	at org.apache.hadoop.fs.FileSystem.get(FileSystem.java:272)
	at org.apache.nifi.processors.hadoop.AbstractHadoopProcessor$1.run(AbstractHadoopProcessor.java:546)
	at org.apache.nifi.processors.hadoop.AbstractHadoopProcessor$1.run(AbstractHadoopProcessor.java:543)
	at java.security.AccessController.doPrivileged(Native Method)
	at javax.security.auth.Subject.doAs(Subject.java:422)
	at org.apache.hadoop.security.UserGroupInformation.doAs(UserGroupInformation.java:1845)
	at org.apache.nifi.processors.hadoop.AbstractHadoopProcessor.getFileSystemAsUser(AbstractHadoopProcessor.java:543)
	at org.apache.nifi.processors.hadoop.AbstractHadoopProcessor.resetHDFSResources(AbstractHadoopProcessor.java:476)
	at org.apache.nifi.processors.hadoop.AbstractHadoopProcessor.abstractOnScheduled(AbstractHadoopProcessor.java:352)
	at sun.reflect.GeneratedMethodAccessor19.invoke(Unknown Source)
	at sun.reflect.DelegatingMethodAccessorImpl.invoke(DelegatingMethodAccessorImpl.java:43)
	at java.lang.reflect.Method.invoke(Method.java:498)
	at org.apache.nifi.util.ReflectionUtils.invokeMethodsWithAnnotation(ReflectionUtils.java:68)
	at org.apache.nifi.util.StandardProcessorTestRunner.run(StandardProcessorTestRunner.java:203)
	at org.apache.nifi.util.StandardProcessorTestRunner.run(StandardProcessorTestRunner.java:185)
	at org.apache.nifi.util.StandardProcessorTestRunner.run(StandardProcessorTestRunner.java:180)
	at org.apache.nifi.util.StandardProcessorTestRunner.run(StandardProcessorTestRunner.java:175)
	at org.apache.nifi.util.StandardProcessorTestRunner.run(StandardProcessorTestRunner.java:170)
	at org.apache.nifi.processors.hadoop.PutHDFSTest.testPutFileWithDefaultACL(PutHDFSTest.java:600)
	at sun.reflect.NativeMethodAccessorImpl.invoke0(Native Method)
	at sun.reflect.NativeMethodAccessorImpl.invoke(NativeMethodAccessorImpl.java:62)
	at sun.reflect.DelegatingMethodAccessorImpl.invoke(DelegatingMethodAccessorImpl.java:43)
	at java.lang.reflect.Method.invoke(Method.java:498)
	at org.junit.runners.model.FrameworkMethod$1.runReflectiveCall(FrameworkMethod.java:59)
	at org.junit.internal.runners.model.ReflectiveCallable.run(ReflectiveCallable.java:12)
	at org.junit.runners.model.FrameworkMethod.invokeExplosively(FrameworkMethod.java:56)
	at org.junit.internal.runners.statements.InvokeMethod.evaluate(InvokeMethod.java:17)
	at org.junit.internal.runners.statements.RunBefores.evaluate(RunBefores.java:26)
	at org.junit.runners.ParentRunner$3.evaluate(ParentRunner.java:306)
	at org.junit.runners.BlockJUnit4ClassRunner$1.evaluate(BlockJUnit4ClassRunner.java:100)
	at org.junit.runners.ParentRunner.runLeaf(ParentRunner.java:366)
	at org.junit.runners.BlockJUnit4ClassRunner.runChild(BlockJUnit4ClassRunner.java:103)
	at org.junit.runners.BlockJUnit4ClassRunner.runChild(BlockJUnit4ClassRunner.java:63)
	at org.junit.runners.ParentRunner$4.run(ParentRunner.java:331)
	at org.junit.runners.ParentRunner$1.schedule(ParentRunner.java:79)
	at org.junit.runners.ParentRunner.runChildren(ParentRunner.java:329)
	at org.junit.runners.ParentRunner.access$100(ParentRunner.java:66)
	at org.junit.runners.ParentRunner$2.evaluate(ParentRunner.java:293)
	at org.junit.runners.ParentRunner$3.evaluate(ParentRunner.java:306)
	at org.junit.runners.ParentRunner.run(ParentRunner.java:413)
	at org.junit.runner.JUnitCore.run(JUnitCore.java:137)
	at org.junit.runner.JUnitCore.run(JUnitCore.java:115)
	at org.junit.vintage.engine.execution.RunnerExecutor.execute(RunnerExecutor.java:43)
	at java.util.stream.ForEachOps$ForEachOp$OfRef.accept(ForEachOps.java:183)
	at java.util.stream.ReferencePipeline$3$1.accept(ReferencePipeline.java:193)
	at java.util.Iterator.forEachRemaining(Iterator.java:116)
	at java.util.Spliterators$IteratorSpliterator.forEachRemaining(Spliterators.java:1801)
	at java.util.stream.AbstractPipeline.copyInto(AbstractPipeline.java:482)
	at java.util.stream.AbstractPipeline.wrapAndCopyInto(AbstractPipeline.java:472)
	at java.util.stream.ForEachOps$ForEachOp.evaluateSequential(ForEachOps.java:150)
	at java.util.stream.ForEachOps$ForEachOp$OfRef.evaluateSequential(ForEachOps.java:173)
	at java.util.stream.AbstractPipeline.evaluate(AbstractPipeline.java:234)
	at java.util.stream.ReferencePipeline.forEach(ReferencePipeline.java:485)
	at org.junit.vintage.engine.VintageTestEngine.executeAllChildren(VintageTestEngine.java:82)
	at org.junit.vintage.engine.VintageTestEngine.execute(VintageTestEngine.java:73)
	at org.junit.platform.launcher.core.EngineExecutionOrchestrator.execute(EngineExecutionOrchestrator.java:108)
	at org.junit.platform.launcher.core.EngineExecutionOrchestrator.execute(EngineExecutionOrchestrator.java:88)
	at org.junit.platform.launcher.core.EngineExecutionOrchestrator.lambda$execute$0(EngineExecutionOrchestrator.java:54)
	at org.junit.platform.launcher.core.EngineExecutionOrchestrator.withInterceptedStreams(EngineExecutionOrchestrator.java:67)
	at org.junit.platform.launcher.core.EngineExecutionOrchestrator.execute(EngineExecutionOrchestrator.java:52)
	at org.junit.platform.launcher.core.DefaultLauncher.execute(DefaultLauncher.java:96)
	at org.junit.platform.launcher.core.DefaultLauncher.execute(DefaultLauncher.java:75)
	at org.apache.maven.surefire.junitplatform.JUnitPlatformProvider.execute(JUnitPlatformProvider.java:188)
	at org.apache.maven.surefire.junitplatform.JUnitPlatformProvider.invokeAllTests(JUnitPlatformProvider.java:154)
	at org.apache.maven.surefire.junitplatform.JUnitPlatformProvider.invoke(JUnitPlatformProvider.java:128)
	at org.apache.maven.surefire.booter.ForkedBooter.runSuitesInProcess(ForkedBooter.java:428)
	at org.apache.maven.surefire.booter.ForkedBooter.execute(ForkedBooter.java:162)
	at org.apache.maven.surefire.booter.ForkedBooter.run(ForkedBooter.java:562)
	at org.apache.maven.surefire.booter.ForkedBooter.main(ForkedBooter.java:548)
10018 [main] INFO org.apache.nifi.processors.hadoop.PutHDFSTest$TestablePutHDFS - TestablePutHDFS[id=cc2816d7-6da4-412c-8d8b-5d7bda863921] Initialized a new HDFS File System with working dir: file:/home/alex/Repositories/nifi/nifi-nar-bundles/nifi-hadoop-bundle/nifi-hdfs-processors default block size: 33554432 default replication: 1 config: Configuration: core-default.xml, core-site.xml, hdfs-default.xml, hdfs-rbf-default.xml, hdfs-site.xml, hdfs-rbf-site.xml
10019 [pool-121-thread-1] ERROR org.apache.nifi.processors.hadoop.PutHDFSTest$TestablePutHDFS - [TestablePutHDFS[id=cc2816d7-6da4-412c-8d8b-5d7bda863921]] org.apache.hadoop.mapred.JobConf
java.lang.ClassNotFoundException: org.apache.hadoop.mapred.JobConf
	at java.net.URLClassLoader.findClass(URLClassLoader.java:387)
	at java.lang.ClassLoader.loadClass(ClassLoader.java:418)
	at sun.misc.Launcher$AppClassLoader.loadClass(Launcher.java:352)
	at java.lang.ClassLoader.loadClass(ClassLoader.java:351)
	at java.lang.Class.forName0(Native Method)
	at java.lang.Class.forName(Class.java:348)
	at org.apache.nifi.processors.hadoop.ExtendedConfiguration.getClassByNameOrNull(ExtendedConfiguration.java:70)
	at org.apache.hadoop.util.ReflectionUtils.setJobConf(ReflectionUtils.java:98)
	at org.apache.hadoop.util.ReflectionUtils.setConf(ReflectionUtils.java:81)
	at org.apache.hadoop.util.ReflectionUtils.newInstance(ReflectionUtils.java:139)
	at org.apache.hadoop.io.compress.CompressionCodecFactory.<init>(CompressionCodecFactory.java:186)
	at org.apache.nifi.processors.hadoop.AbstractHadoopProcessor.getCompressionCodec(AbstractHadoopProcessor.java:588)
	at org.apache.nifi.processors.hadoop.PutHDFS$1.run(PutHDFS.java:310)
	at java.security.AccessController.doPrivileged(Native Method)
	at javax.security.auth.Subject.doAs(Subject.java:360)
	at org.apache.hadoop.security.UserGroupInformation.doAs(UserGroupInformation.java:1822)
	at org.apache.nifi.processors.hadoop.PutHDFS.onTrigger(PutHDFS.java:297)
	at org.apache.nifi.processor.AbstractProcessor.onTrigger(AbstractProcessor.java:27)
	at org.apache.nifi.util.StandardProcessorTestRunner$RunProcessor.call(StandardProcessorTestRunner.java:284)
	at org.apache.nifi.util.StandardProcessorTestRunner$RunProcessor.call(StandardProcessorTestRunner.java:278)
	at java.util.concurrent.FutureTask.run(FutureTask.java:266)
	at java.util.concurrent.ScheduledThreadPoolExecutor$ScheduledFutureTask.access$201(ScheduledThreadPoolExecutor.java:180)
	at java.util.concurrent.ScheduledThreadPoolExecutor$ScheduledFutureTask.run(ScheduledThreadPoolExecutor.java:293)
	at java.util.concurrent.ThreadPoolExecutor.runWorker(ThreadPoolExecutor.java:1149)
	at java.util.concurrent.ThreadPoolExecutor$Worker.run(ThreadPoolExecutor.java:624)
	at java.lang.Thread.run(Thread.java:750)
10019 [pool-121-thread-1] ERROR org.apache.nifi.processors.hadoop.PutHDFSTest$TestablePutHDFS - [TestablePutHDFS[id=cc2816d7-6da4-412c-8d8b-5d7bda863921]] org.apache.hadoop.mapred.JobConf
java.lang.ClassNotFoundException: org.apache.hadoop.mapred.JobConf
	at java.net.URLClassLoader.findClass(URLClassLoader.java:387)
	at java.lang.ClassLoader.loadClass(ClassLoader.java:418)
	at sun.misc.Launcher$AppClassLoader.loadClass(Launcher.java:352)
	at java.lang.ClassLoader.loadClass(ClassLoader.java:351)
	at java.lang.Class.forName0(Native Method)
	at java.lang.Class.forName(Class.java:348)
	at org.apache.nifi.processors.hadoop.ExtendedConfiguration.getClassByNameOrNull(ExtendedConfiguration.java:70)
	at org.apache.hadoop.util.ReflectionUtils.setJobConf(ReflectionUtils.java:98)
	at org.apache.hadoop.util.ReflectionUtils.setConf(ReflectionUtils.java:81)
	at org.apache.hadoop.util.ReflectionUtils.newInstance(ReflectionUtils.java:139)
	at org.apache.hadoop.io.compress.CompressionCodecFactory.<init>(CompressionCodecFactory.java:186)
	at org.apache.nifi.processors.hadoop.AbstractHadoopProcessor.getCompressionCodec(AbstractHadoopProcessor.java:588)
	at org.apache.nifi.processors.hadoop.PutHDFS$1.run(PutHDFS.java:310)
	at java.security.AccessController.doPrivileged(Native Method)
	at javax.security.auth.Subject.doAs(Subject.java:360)
	at org.apache.hadoop.security.UserGroupInformation.doAs(UserGroupInformation.java:1822)
	at org.apache.nifi.processors.hadoop.PutHDFS.onTrigger(PutHDFS.java:297)
	at org.apache.nifi.processor.AbstractProcessor.onTrigger(AbstractProcessor.java:27)
	at org.apache.nifi.util.StandardProcessorTestRunner$RunProcessor.call(StandardProcessorTestRunner.java:284)
	at org.apache.nifi.util.StandardProcessorTestRunner$RunProcessor.call(StandardProcessorTestRunner.java:278)
	at java.util.concurrent.FutureTask.run(FutureTask.java:266)
	at java.util.concurrent.ScheduledThreadPoolExecutor$ScheduledFutureTask.access$201(ScheduledThreadPoolExecutor.java:180)
	at java.util.concurrent.ScheduledThreadPoolExecutor$ScheduledFutureTask.run(ScheduledThreadPoolExecutor.java:293)
	at java.util.concurrent.ThreadPoolExecutor.runWorker(ThreadPoolExecutor.java:1149)
	at java.util.concurrent.ThreadPoolExecutor$Worker.run(ThreadPoolExecutor.java:624)
	at java.lang.Thread.run(Thread.java:750)
10020 [pool-121-thread-1] ERROR org.apache.nifi.processors.hadoop.PutHDFSTest$TestablePutHDFS - [TestablePutHDFS[id=cc2816d7-6da4-412c-8d8b-5d7bda863921]] org.apache.hadoop.mapred.JobConf
java.lang.ClassNotFoundException: org.apache.hadoop.mapred.JobConf
	at java.net.URLClassLoader.findClass(URLClassLoader.java:387)
	at java.lang.ClassLoader.loadClass(ClassLoader.java:418)
	at sun.misc.Launcher$AppClassLoader.loadClass(Launcher.java:352)
	at java.lang.ClassLoader.loadClass(ClassLoader.java:351)
	at java.lang.Class.forName0(Native Method)
	at java.lang.Class.forName(Class.java:348)
	at org.apache.nifi.processors.hadoop.ExtendedConfiguration.getClassByNameOrNull(ExtendedConfiguration.java:70)
	at org.apache.hadoop.util.ReflectionUtils.setJobConf(ReflectionUtils.java:98)
	at org.apache.hadoop.util.ReflectionUtils.setConf(ReflectionUtils.java:81)
	at org.apache.hadoop.util.ReflectionUtils.newInstance(ReflectionUtils.java:139)
	at org.apache.hadoop.io.compress.CompressionCodecFactory.<init>(CompressionCodecFactory.java:186)
	at org.apache.nifi.processors.hadoop.AbstractHadoopProcessor.getCompressionCodec(AbstractHadoopProcessor.java:588)
	at org.apache.nifi.processors.hadoop.PutHDFS$1.run(PutHDFS.java:310)
	at java.security.AccessController.doPrivileged(Native Method)
	at javax.security.auth.Subject.doAs(Subject.java:360)
	at org.apache.hadoop.security.UserGroupInformation.doAs(UserGroupInformation.java:1822)
	at org.apache.nifi.processors.hadoop.PutHDFS.onTrigger(PutHDFS.java:297)
	at org.apache.nifi.processor.AbstractProcessor.onTrigger(AbstractProcessor.java:27)
	at org.apache.nifi.util.StandardProcessorTestRunner$RunProcessor.call(StandardProcessorTestRunner.java:284)
	at org.apache.nifi.util.StandardProcessorTestRunner$RunProcessor.call(StandardProcessorTestRunner.java:278)
	at java.util.concurrent.FutureTask.run(FutureTask.java:266)
	at java.util.concurrent.ScheduledThreadPoolExecutor$ScheduledFutureTask.access$201(ScheduledThreadPoolExecutor.java:180)
	at java.util.concurrent.ScheduledThreadPoolExecutor$ScheduledFutureTask.run(ScheduledThreadPoolExecutor.java:293)
	at java.util.concurrent.ThreadPoolExecutor.runWorker(ThreadPoolExecutor.java:1149)
	at java.util.concurrent.ThreadPoolExecutor$Worker.run(ThreadPoolExecutor.java:624)
	at java.lang.Thread.run(Thread.java:750)
10020 [pool-121-thread-1] ERROR org.apache.nifi.processors.hadoop.PutHDFSTest$TestablePutHDFS - [TestablePutHDFS[id=cc2816d7-6da4-412c-8d8b-5d7bda863921]] org.apache.hadoop.mapred.JobConf
java.lang.ClassNotFoundException: org.apache.hadoop.mapred.JobConf
	at java.net.URLClassLoader.findClass(URLClassLoader.java:387)
	at java.lang.ClassLoader.loadClass(ClassLoader.java:418)
	at sun.misc.Launcher$AppClassLoader.loadClass(Launcher.java:352)
	at java.lang.ClassLoader.loadClass(ClassLoader.java:351)
	at java.lang.Class.forName0(Native Method)
	at java.lang.Class.forName(Class.java:348)
	at org.apache.nifi.processors.hadoop.ExtendedConfiguration.getClassByNameOrNull(ExtendedConfiguration.java:70)
	at org.apache.hadoop.util.ReflectionUtils.setJobConf(ReflectionUtils.java:98)
	at org.apache.hadoop.util.ReflectionUtils.setConf(ReflectionUtils.java:81)
	at org.apache.hadoop.util.ReflectionUtils.newInstance(ReflectionUtils.java:139)
	at org.apache.hadoop.io.compress.CompressionCodecFactory.<init>(CompressionCodecFactory.java:186)
	at org.apache.nifi.processors.hadoop.AbstractHadoopProcessor.getCompressionCodec(AbstractHadoopProcessor.java:588)
	at org.apache.nifi.processors.hadoop.PutHDFS$1.run(PutHDFS.java:310)
	at java.security.AccessController.doPrivileged(Native Method)
	at javax.security.auth.Subject.doAs(Subject.java:360)
	at org.apache.hadoop.security.UserGroupInformation.doAs(UserGroupInformation.java:1822)
	at org.apache.nifi.processors.hadoop.PutHDFS.onTrigger(PutHDFS.java:297)
	at org.apache.nifi.processor.AbstractProcessor.onTrigger(AbstractProcessor.java:27)
	at org.apache.nifi.util.StandardProcessorTestRunner$RunProcessor.call(StandardProcessorTestRunner.java:284)
	at org.apache.nifi.util.StandardProcessorTestRunner$RunProcessor.call(StandardProcessorTestRunner.java:278)
	at java.util.concurrent.FutureTask.run(FutureTask.java:266)
	at java.util.concurrent.ScheduledThreadPoolExecutor$ScheduledFutureTask.access$201(ScheduledThreadPoolExecutor.java:180)
	at java.util.concurrent.ScheduledThreadPoolExecutor$ScheduledFutureTask.run(ScheduledThreadPoolExecutor.java:293)
	at java.util.concurrent.ThreadPoolExecutor.runWorker(ThreadPoolExecutor.java:1149)
	at java.util.concurrent.ThreadPoolExecutor$Worker.run(ThreadPoolExecutor.java:624)
	at java.lang.Thread.run(Thread.java:750)
10020 [pool-121-thread-1] ERROR org.apache.nifi.processors.hadoop.PutHDFSTest$TestablePutHDFS - [TestablePutHDFS[id=cc2816d7-6da4-412c-8d8b-5d7bda863921]] org.apache.hadoop.mapred.JobConf
java.lang.ClassNotFoundException: org.apache.hadoop.mapred.JobConf
	at java.net.URLClassLoader.findClass(URLClassLoader.java:387)
	at java.lang.ClassLoader.loadClass(ClassLoader.java:418)
	at sun.misc.Launcher$AppClassLoader.loadClass(Launcher.java:352)
	at java.lang.ClassLoader.loadClass(ClassLoader.java:351)
	at java.lang.Class.forName0(Native Method)
	at java.lang.Class.forName(Class.java:348)
	at org.apache.nifi.processors.hadoop.ExtendedConfiguration.getClassByNameOrNull(ExtendedConfiguration.java:70)
	at org.apache.hadoop.util.ReflectionUtils.setJobConf(ReflectionUtils.java:98)
	at org.apache.hadoop.util.ReflectionUtils.setConf(ReflectionUtils.java:81)
	at org.apache.hadoop.util.ReflectionUtils.newInstance(ReflectionUtils.java:139)
	at org.apache.hadoop.io.compress.CompressionCodecFactory.<init>(CompressionCodecFactory.java:186)
	at org.apache.nifi.processors.hadoop.AbstractHadoopProcessor.getCompressionCodec(AbstractHadoopProcessor.java:588)
	at org.apache.nifi.processors.hadoop.PutHDFS$1.run(PutHDFS.java:310)
	at java.security.AccessController.doPrivileged(Native Method)
	at javax.security.auth.Subject.doAs(Subject.java:360)
	at org.apache.hadoop.security.UserGroupInformation.doAs(UserGroupInformation.java:1822)
	at org.apache.nifi.processors.hadoop.PutHDFS.onTrigger(PutHDFS.java:297)
	at org.apache.nifi.processor.AbstractProcessor.onTrigger(AbstractProcessor.java:27)
	at org.apache.nifi.util.StandardProcessorTestRunner$RunProcessor.call(StandardProcessorTestRunner.java:284)
	at org.apache.nifi.util.StandardProcessorTestRunner$RunProcessor.call(StandardProcessorTestRunner.java:278)
	at java.util.concurrent.FutureTask.run(FutureTask.java:266)
	at java.util.concurrent.ScheduledThreadPoolExecutor$ScheduledFutureTask.access$201(ScheduledThreadPoolExecutor.java:180)
	at java.util.concurrent.ScheduledThreadPoolExecutor$ScheduledFutureTask.run(ScheduledThreadPoolExecutor.java:293)
	at java.util.concurrent.ThreadPoolExecutor.runWorker(ThreadPoolExecutor.java:1149)
	at java.util.concurrent.ThreadPoolExecutor$Worker.run(ThreadPoolExecutor.java:624)
	at java.lang.Thread.run(Thread.java:750)
10021 [pool-121-thread-1] ERROR org.apache.nifi.processors.hadoop.PutHDFSTest$TestablePutHDFS - [TestablePutHDFS[id=cc2816d7-6da4-412c-8d8b-5d7bda863921]] org.apache.hadoop.mapred.JobConf
java.lang.ClassNotFoundException: org.apache.hadoop.mapred.JobConf
	at java.net.URLClassLoader.findClass(URLClassLoader.java:387)
	at java.lang.ClassLoader.loadClass(ClassLoader.java:418)
	at sun.misc.Launcher$AppClassLoader.loadClass(Launcher.java:352)
	at java.lang.ClassLoader.loadClass(ClassLoader.java:351)
	at java.lang.Class.forName0(Native Method)
	at java.lang.Class.forName(Class.java:348)
	at org.apache.nifi.processors.hadoop.ExtendedConfiguration.getClassByNameOrNull(ExtendedConfiguration.java:70)
	at org.apache.hadoop.util.ReflectionUtils.setJobConf(ReflectionUtils.java:98)
	at org.apache.hadoop.util.ReflectionUtils.setConf(ReflectionUtils.java:81)
	at org.apache.hadoop.util.ReflectionUtils.newInstance(ReflectionUtils.java:139)
	at org.apache.hadoop.io.compress.CompressionCodecFactory.<init>(CompressionCodecFactory.java:186)
	at org.apache.nifi.processors.hadoop.AbstractHadoopProcessor.getCompressionCodec(AbstractHadoopProcessor.java:588)
	at org.apache.nifi.processors.hadoop.PutHDFS$1.run(PutHDFS.java:310)
	at java.security.AccessController.doPrivileged(Native Method)
	at javax.security.auth.Subject.doAs(Subject.java:360)
	at org.apache.hadoop.security.UserGroupInformation.doAs(UserGroupInformation.java:1822)
	at org.apache.nifi.processors.hadoop.PutHDFS.onTrigger(PutHDFS.java:297)
	at org.apache.nifi.processor.AbstractProcessor.onTrigger(AbstractProcessor.java:27)
	at org.apache.nifi.util.StandardProcessorTestRunner$RunProcessor.call(StandardProcessorTestRunner.java:284)
	at org.apache.nifi.util.StandardProcessorTestRunner$RunProcessor.call(StandardProcessorTestRunner.java:278)
	at java.util.concurrent.FutureTask.run(FutureTask.java:266)
	at java.util.concurrent.ScheduledThreadPoolExecutor$ScheduledFutureTask.access$201(ScheduledThreadPoolExecutor.java:180)
	at java.util.concurrent.ScheduledThreadPoolExecutor$ScheduledFutureTask.run(ScheduledThreadPoolExecutor.java:293)
	at java.util.concurrent.ThreadPoolExecutor.runWorker(ThreadPoolExecutor.java:1149)
	at java.util.concurrent.ThreadPoolExecutor$Worker.run(ThreadPoolExecutor.java:624)
	at java.lang.Thread.run(Thread.java:750)
10021 [pool-121-thread-1] ERROR org.apache.nifi.processors.hadoop.PutHDFSTest$TestablePutHDFS - [TestablePutHDFS[id=cc2816d7-6da4-412c-8d8b-5d7bda863921]] org.apache.hadoop.mapred.JobConf
java.lang.ClassNotFoundException: org.apache.hadoop.mapred.JobConf
	at java.net.URLClassLoader.findClass(URLClassLoader.java:387)
	at java.lang.ClassLoader.loadClass(ClassLoader.java:418)
	at sun.misc.Launcher$AppClassLoader.loadClass(Launcher.java:352)
	at java.lang.ClassLoader.loadClass(ClassLoader.java:351)
	at java.lang.Class.forName0(Native Method)
	at java.lang.Class.forName(Class.java:348)
	at org.apache.nifi.processors.hadoop.ExtendedConfiguration.getClassByNameOrNull(ExtendedConfiguration.java:70)
	at org.apache.hadoop.util.ReflectionUtils.setJobConf(ReflectionUtils.java:98)
	at org.apache.hadoop.util.ReflectionUtils.setConf(ReflectionUtils.java:81)
	at org.apache.hadoop.util.ReflectionUtils.newInstance(ReflectionUtils.java:139)
	at org.apache.hadoop.io.compress.CompressionCodecFactory.<init>(CompressionCodecFactory.java:186)
	at org.apache.nifi.processors.hadoop.AbstractHadoopProcessor.getCompressionCodec(AbstractHadoopProcessor.java:588)
	at org.apache.nifi.processors.hadoop.PutHDFS$1.run(PutHDFS.java:310)
	at java.security.AccessController.doPrivileged(Native Method)
	at javax.security.auth.Subject.doAs(Subject.java:360)
	at org.apache.hadoop.security.UserGroupInformation.doAs(UserGroupInformation.java:1822)
	at org.apache.nifi.processors.hadoop.PutHDFS.onTrigger(PutHDFS.java:297)
	at org.apache.nifi.processor.AbstractProcessor.onTrigger(AbstractProcessor.java:27)
	at org.apache.nifi.util.StandardProcessorTestRunner$RunProcessor.call(StandardProcessorTestRunner.java:284)
	at org.apache.nifi.util.StandardProcessorTestRunner$RunProcessor.call(StandardProcessorTestRunner.java:278)
	at java.util.concurrent.FutureTask.run(FutureTask.java:266)
	at java.util.concurrent.ScheduledThreadPoolExecutor$ScheduledFutureTask.access$201(ScheduledThreadPoolExecutor.java:180)
	at java.util.concurrent.ScheduledThreadPoolExecutor$ScheduledFutureTask.run(ScheduledThreadPoolExecutor.java:293)
	at java.util.concurrent.ThreadPoolExecutor.runWorker(ThreadPoolExecutor.java:1149)
	at java.util.concurrent.ThreadPoolExecutor$Worker.run(ThreadPoolExecutor.java:624)
	at java.lang.Thread.run(Thread.java:750)
10021 [pool-121-thread-1] INFO org.apache.nifi.processors.hadoop.PutHDFSTest$TestablePutHDFS - TestablePutHDFS[id=cc2816d7-6da4-412c-8d8b-5d7bda863921] copied FlowFile[0,empty,16B] to HDFS at /withACL/empty in 0 milliseconds at a rate of 277.56 KB/sec
10028 [main] ERROR org.apache.nifi.processors.hadoop.PutHDFSTest$TestablePutHDFS - [TestablePutHDFS[id=37aa9831-4738-47a0-8b20-1657a2c1f345]] org.apache.hadoop.mapred.JobConf
java.lang.ClassNotFoundException: org.apache.hadoop.mapred.JobConf
	at java.net.URLClassLoader.findClass(URLClassLoader.java:387)
	at java.lang.ClassLoader.loadClass(ClassLoader.java:418)
	at sun.misc.Launcher$AppClassLoader.loadClass(Launcher.java:352)
	at java.lang.ClassLoader.loadClass(ClassLoader.java:351)
	at java.lang.Class.forName0(Native Method)
	at java.lang.Class.forName(Class.java:348)
	at org.apache.nifi.processors.hadoop.ExtendedConfiguration.getClassByNameOrNull(ExtendedConfiguration.java:70)
	at org.apache.hadoop.util.ReflectionUtils.setJobConf(ReflectionUtils.java:98)
	at org.apache.hadoop.util.ReflectionUtils.setConf(ReflectionUtils.java:81)
	at org.apache.hadoop.util.ReflectionUtils.newInstance(ReflectionUtils.java:139)
	at org.apache.hadoop.fs.FileSystem.createFileSystem(FileSystem.java:3412)
	at org.apache.hadoop.fs.FileSystem.get(FileSystem.java:521)
	at org.apache.hadoop.fs.FileSystem.get(FileSystem.java:272)
	at org.apache.nifi.processors.hadoop.AbstractHadoopProcessor$1.run(AbstractHadoopProcessor.java:546)
	at org.apache.nifi.processors.hadoop.AbstractHadoopProcessor$1.run(AbstractHadoopProcessor.java:543)
	at java.security.AccessController.doPrivileged(Native Method)
	at javax.security.auth.Subject.doAs(Subject.java:422)
	at org.apache.hadoop.security.UserGroupInformation.doAs(UserGroupInformation.java:1845)
	at org.apache.nifi.processors.hadoop.AbstractHadoopProcessor.getFileSystemAsUser(AbstractHadoopProcessor.java:543)
	at org.apache.nifi.processors.hadoop.AbstractHadoopProcessor.resetHDFSResources(AbstractHadoopProcessor.java:476)
	at org.apache.nifi.processors.hadoop.AbstractHadoopProcessor.abstractOnScheduled(AbstractHadoopProcessor.java:352)
	at sun.reflect.GeneratedMethodAccessor19.invoke(Unknown Source)
	at sun.reflect.DelegatingMethodAccessorImpl.invoke(DelegatingMethodAccessorImpl.java:43)
	at java.lang.reflect.Method.invoke(Method.java:498)
	at org.apache.nifi.util.ReflectionUtils.invokeMethodsWithAnnotation(ReflectionUtils.java:68)
	at org.apache.nifi.util.StandardProcessorTestRunner.run(StandardProcessorTestRunner.java:203)
	at org.apache.nifi.util.StandardProcessorTestRunner.run(StandardProcessorTestRunner.java:185)
	at org.apache.nifi.util.StandardProcessorTestRunner.run(StandardProcessorTestRunner.java:180)
	at org.apache.nifi.util.StandardProcessorTestRunner.run(StandardProcessorTestRunner.java:175)
	at org.apache.nifi.util.StandardProcessorTestRunner.run(StandardProcessorTestRunner.java:170)
	at org.apache.nifi.processors.hadoop.PutHDFSTest.testPutFileWithDefaultACL(PutHDFSTest.java:600)
	at sun.reflect.NativeMethodAccessorImpl.invoke0(Native Method)
	at sun.reflect.NativeMethodAccessorImpl.invoke(NativeMethodAccessorImpl.java:62)
	at sun.reflect.DelegatingMethodAccessorImpl.invoke(DelegatingMethodAccessorImpl.java:43)
	at java.lang.reflect.Method.invoke(Method.java:498)
	at org.junit.runners.model.FrameworkMethod$1.runReflectiveCall(FrameworkMethod.java:59)
	at org.junit.internal.runners.model.ReflectiveCallable.run(ReflectiveCallable.java:12)
	at org.junit.runners.model.FrameworkMethod.invokeExplosively(FrameworkMethod.java:56)
	at org.junit.internal.runners.statements.InvokeMethod.evaluate(InvokeMethod.java:17)
	at org.junit.internal.runners.statements.RunBefores.evaluate(RunBefores.java:26)
	at org.junit.runners.ParentRunner$3.evaluate(ParentRunner.java:306)
	at org.junit.runners.BlockJUnit4ClassRunner$1.evaluate(BlockJUnit4ClassRunner.java:100)
	at org.junit.runners.ParentRunner.runLeaf(ParentRunner.java:366)
	at org.junit.runners.BlockJUnit4ClassRunner.runChild(BlockJUnit4ClassRunner.java:103)
	at org.junit.runners.BlockJUnit4ClassRunner.runChild(BlockJUnit4ClassRunner.java:63)
	at org.junit.runners.ParentRunner$4.run(ParentRunner.java:331)
	at org.junit.runners.ParentRunner$1.schedule(ParentRunner.java:79)
	at org.junit.runners.ParentRunner.runChildren(ParentRunner.java:329)
	at org.junit.runners.ParentRunner.access$100(ParentRunner.java:66)
	at org.junit.runners.ParentRunner$2.evaluate(ParentRunner.java:293)
	at org.junit.runners.ParentRunner$3.evaluate(ParentRunner.java:306)
	at org.junit.runners.ParentRunner.run(ParentRunner.java:413)
	at org.junit.runner.JUnitCore.run(JUnitCore.java:137)
	at org.junit.runner.JUnitCore.run(JUnitCore.java:115)
	at org.junit.vintage.engine.execution.RunnerExecutor.execute(RunnerExecutor.java:43)
	at java.util.stream.ForEachOps$ForEachOp$OfRef.accept(ForEachOps.java:183)
	at java.util.stream.ReferencePipeline$3$1.accept(ReferencePipeline.java:193)
	at java.util.Iterator.forEachRemaining(Iterator.java:116)
	at java.util.Spliterators$IteratorSpliterator.forEachRemaining(Spliterators.java:1801)
	at java.util.stream.AbstractPipeline.copyInto(AbstractPipeline.java:482)
	at java.util.stream.AbstractPipeline.wrapAndCopyInto(AbstractPipeline.java:472)
	at java.util.stream.ForEachOps$ForEachOp.evaluateSequential(ForEachOps.java:150)
	at java.util.stream.ForEachOps$ForEachOp$OfRef.evaluateSequential(ForEachOps.java:173)
	at java.util.stream.AbstractPipeline.evaluate(AbstractPipeline.java:234)
	at java.util.stream.ReferencePipeline.forEach(ReferencePipeline.java:485)
	at org.junit.vintage.engine.VintageTestEngine.executeAllChildren(VintageTestEngine.java:82)
	at org.junit.vintage.engine.VintageTestEngine.execute(VintageTestEngine.java:73)
	at org.junit.platform.launcher.core.EngineExecutionOrchestrator.execute(EngineExecutionOrchestrator.java:108)
	at org.junit.platform.launcher.core.EngineExecutionOrchestrator.execute(EngineExecutionOrchestrator.java:88)
	at org.junit.platform.launcher.core.EngineExecutionOrchestrator.lambda$execute$0(EngineExecutionOrchestrator.java:54)
	at org.junit.platform.launcher.core.EngineExecutionOrchestrator.withInterceptedStreams(EngineExecutionOrchestrator.java:67)
	at org.junit.platform.launcher.core.EngineExecutionOrchestrator.execute(EngineExecutionOrchestrator.java:52)
	at org.junit.platform.launcher.core.DefaultLauncher.execute(DefaultLauncher.java:96)
	at org.junit.platform.launcher.core.DefaultLauncher.execute(DefaultLauncher.java:75)
	at org.apache.maven.surefire.junitplatform.JUnitPlatformProvider.execute(JUnitPlatformProvider.java:188)
	at org.apache.maven.surefire.junitplatform.JUnitPlatformProvider.invokeAllTests(JUnitPlatformProvider.java:154)
	at org.apache.maven.surefire.junitplatform.JUnitPlatformProvider.invoke(JUnitPlatformProvider.java:128)
	at org.apache.maven.surefire.booter.ForkedBooter.runSuitesInProcess(ForkedBooter.java:428)
	at org.apache.maven.surefire.booter.ForkedBooter.execute(ForkedBooter.java:162)
	at org.apache.maven.surefire.booter.ForkedBooter.run(ForkedBooter.java:562)
	at org.apache.maven.surefire.booter.ForkedBooter.main(ForkedBooter.java:548)
10028 [main] INFO org.apache.nifi.processors.hadoop.PutHDFSTest$TestablePutHDFS - TestablePutHDFS[id=37aa9831-4738-47a0-8b20-1657a2c1f345] Initialized a new HDFS File System with working dir: file:/home/alex/Repositories/nifi/nifi-nar-bundles/nifi-hadoop-bundle/nifi-hdfs-processors default block size: 33554432 default replication: 1 config: Configuration: core-default.xml, core-site.xml, hdfs-default.xml, hdfs-rbf-default.xml, hdfs-site.xml, hdfs-rbf-site.xml
10030 [pool-122-thread-1] ERROR org.apache.nifi.processors.hadoop.PutHDFSTest$TestablePutHDFS - [TestablePutHDFS[id=37aa9831-4738-47a0-8b20-1657a2c1f345]] org.apache.hadoop.mapred.JobConf
java.lang.ClassNotFoundException: org.apache.hadoop.mapred.JobConf
	at java.net.URLClassLoader.findClass(URLClassLoader.java:387)
	at java.lang.ClassLoader.loadClass(ClassLoader.java:418)
	at sun.misc.Launcher$AppClassLoader.loadClass(Launcher.java:352)
	at java.lang.ClassLoader.loadClass(ClassLoader.java:351)
	at java.lang.Class.forName0(Native Method)
	at java.lang.Class.forName(Class.java:348)
	at org.apache.nifi.processors.hadoop.ExtendedConfiguration.getClassByNameOrNull(ExtendedConfiguration.java:70)
	at org.apache.hadoop.util.ReflectionUtils.setJobConf(ReflectionUtils.java:98)
	at org.apache.hadoop.util.ReflectionUtils.setConf(ReflectionUtils.java:81)
	at org.apache.hadoop.util.ReflectionUtils.newInstance(ReflectionUtils.java:139)
	at org.apache.hadoop.io.compress.CompressionCodecFactory.<init>(CompressionCodecFactory.java:186)
	at org.apache.nifi.processors.hadoop.AbstractHadoopProcessor.getCompressionCodec(AbstractHadoopProcessor.java:588)
	at org.apache.nifi.processors.hadoop.PutHDFS$1.run(PutHDFS.java:310)
	at java.security.AccessController.doPrivileged(Native Method)
	at javax.security.auth.Subject.doAs(Subject.java:360)
	at org.apache.hadoop.security.UserGroupInformation.doAs(UserGroupInformation.java:1822)
	at org.apache.nifi.processors.hadoop.PutHDFS.onTrigger(PutHDFS.java:297)
	at org.apache.nifi.processor.AbstractProcessor.onTrigger(AbstractProcessor.java:27)
	at org.apache.nifi.util.StandardProcessorTestRunner$RunProcessor.call(StandardProcessorTestRunner.java:284)
	at org.apache.nifi.util.StandardProcessorTestRunner$RunProcessor.call(StandardProcessorTestRunner.java:278)
	at java.util.concurrent.FutureTask.run(FutureTask.java:266)
	at java.util.concurrent.ScheduledThreadPoolExecutor$ScheduledFutureTask.access$201(ScheduledThreadPoolExecutor.java:180)
	at java.util.concurrent.ScheduledThreadPoolExecutor$ScheduledFutureTask.run(ScheduledThreadPoolExecutor.java:293)
	at java.util.concurrent.ThreadPoolExecutor.runWorker(ThreadPoolExecutor.java:1149)
	at java.util.concurrent.ThreadPoolExecutor$Worker.run(ThreadPoolExecutor.java:624)
	at java.lang.Thread.run(Thread.java:750)
10031 [pool-122-thread-1] ERROR org.apache.nifi.processors.hadoop.PutHDFSTest$TestablePutHDFS - [TestablePutHDFS[id=37aa9831-4738-47a0-8b20-1657a2c1f345]] org.apache.hadoop.mapred.JobConf
java.lang.ClassNotFoundException: org.apache.hadoop.mapred.JobConf
	at java.net.URLClassLoader.findClass(URLClassLoader.java:387)
	at java.lang.ClassLoader.loadClass(ClassLoader.java:418)
	at sun.misc.Launcher$AppClassLoader.loadClass(Launcher.java:352)
	at java.lang.ClassLoader.loadClass(ClassLoader.java:351)
	at java.lang.Class.forName0(Native Method)
	at java.lang.Class.forName(Class.java:348)
	at org.apache.nifi.processors.hadoop.ExtendedConfiguration.getClassByNameOrNull(ExtendedConfiguration.java:70)
	at org.apache.hadoop.util.ReflectionUtils.setJobConf(ReflectionUtils.java:98)
	at org.apache.hadoop.util.ReflectionUtils.setConf(ReflectionUtils.java:81)
	at org.apache.hadoop.util.ReflectionUtils.newInstance(ReflectionUtils.java:139)
	at org.apache.hadoop.io.compress.CompressionCodecFactory.<init>(CompressionCodecFactory.java:186)
	at org.apache.nifi.processors.hadoop.AbstractHadoopProcessor.getCompressionCodec(AbstractHadoopProcessor.java:588)
	at org.apache.nifi.processors.hadoop.PutHDFS$1.run(PutHDFS.java:310)
	at java.security.AccessController.doPrivileged(Native Method)
	at javax.security.auth.Subject.doAs(Subject.java:360)
	at org.apache.hadoop.security.UserGroupInformation.doAs(UserGroupInformation.java:1822)
	at org.apache.nifi.processors.hadoop.PutHDFS.onTrigger(PutHDFS.java:297)
	at org.apache.nifi.processor.AbstractProcessor.onTrigger(AbstractProcessor.java:27)
	at org.apache.nifi.util.StandardProcessorTestRunner$RunProcessor.call(StandardProcessorTestRunner.java:284)
	at org.apache.nifi.util.StandardProcessorTestRunner$RunProcessor.call(StandardProcessorTestRunner.java:278)
	at java.util.concurrent.FutureTask.run(FutureTask.java:266)
	at java.util.concurrent.ScheduledThreadPoolExecutor$ScheduledFutureTask.access$201(ScheduledThreadPoolExecutor.java:180)
	at java.util.concurrent.ScheduledThreadPoolExecutor$ScheduledFutureTask.run(ScheduledThreadPoolExecutor.java:293)
	at java.util.concurrent.ThreadPoolExecutor.runWorker(ThreadPoolExecutor.java:1149)
	at java.util.concurrent.ThreadPoolExecutor$Worker.run(ThreadPoolExecutor.java:624)
	at java.lang.Thread.run(Thread.java:750)
10031 [pool-122-thread-1] ERROR org.apache.nifi.processors.hadoop.PutHDFSTest$TestablePutHDFS - [TestablePutHDFS[id=37aa9831-4738-47a0-8b20-1657a2c1f345]] org.apache.hadoop.mapred.JobConf
java.lang.ClassNotFoundException: org.apache.hadoop.mapred.JobConf
	at java.net.URLClassLoader.findClass(URLClassLoader.java:387)
	at java.lang.ClassLoader.loadClass(ClassLoader.java:418)
	at sun.misc.Launcher$AppClassLoader.loadClass(Launcher.java:352)
	at java.lang.ClassLoader.loadClass(ClassLoader.java:351)
	at java.lang.Class.forName0(Native Method)
	at java.lang.Class.forName(Class.java:348)
	at org.apache.nifi.processors.hadoop.ExtendedConfiguration.getClassByNameOrNull(ExtendedConfiguration.java:70)
	at org.apache.hadoop.util.ReflectionUtils.setJobConf(ReflectionUtils.java:98)
	at org.apache.hadoop.util.ReflectionUtils.setConf(ReflectionUtils.java:81)
	at org.apache.hadoop.util.ReflectionUtils.newInstance(ReflectionUtils.java:139)
	at org.apache.hadoop.io.compress.CompressionCodecFactory.<init>(CompressionCodecFactory.java:186)
	at org.apache.nifi.processors.hadoop.AbstractHadoopProcessor.getCompressionCodec(AbstractHadoopProcessor.java:588)
	at org.apache.nifi.processors.hadoop.PutHDFS$1.run(PutHDFS.java:310)
	at java.security.AccessController.doPrivileged(Native Method)
	at javax.security.auth.Subject.doAs(Subject.java:360)
	at org.apache.hadoop.security.UserGroupInformation.doAs(UserGroupInformation.java:1822)
	at org.apache.nifi.processors.hadoop.PutHDFS.onTrigger(PutHDFS.java:297)
	at org.apache.nifi.processor.AbstractProcessor.onTrigger(AbstractProcessor.java:27)
	at org.apache.nifi.util.StandardProcessorTestRunner$RunProcessor.call(StandardProcessorTestRunner.java:284)
	at org.apache.nifi.util.StandardProcessorTestRunner$RunProcessor.call(StandardProcessorTestRunner.java:278)
	at java.util.concurrent.FutureTask.run(FutureTask.java:266)
	at java.util.concurrent.ScheduledThreadPoolExecutor$ScheduledFutureTask.access$201(ScheduledThreadPoolExecutor.java:180)
	at java.util.concurrent.ScheduledThreadPoolExecutor$ScheduledFutureTask.run(ScheduledThreadPoolExecutor.java:293)
	at java.util.concurrent.ThreadPoolExecutor.runWorker(ThreadPoolExecutor.java:1149)
	at java.util.concurrent.ThreadPoolExecutor$Worker.run(ThreadPoolExecutor.java:624)
	at java.lang.Thread.run(Thread.java:750)
10032 [pool-122-thread-1] ERROR org.apache.nifi.processors.hadoop.PutHDFSTest$TestablePutHDFS - [TestablePutHDFS[id=37aa9831-4738-47a0-8b20-1657a2c1f345]] org.apache.hadoop.mapred.JobConf
java.lang.ClassNotFoundException: org.apache.hadoop.mapred.JobConf
	at java.net.URLClassLoader.findClass(URLClassLoader.java:387)
	at java.lang.ClassLoader.loadClass(ClassLoader.java:418)
	at sun.misc.Launcher$AppClassLoader.loadClass(Launcher.java:352)
	at java.lang.ClassLoader.loadClass(ClassLoader.java:351)
	at java.lang.Class.forName0(Native Method)
	at java.lang.Class.forName(Class.java:348)
	at org.apache.nifi.processors.hadoop.ExtendedConfiguration.getClassByNameOrNull(ExtendedConfiguration.java:70)
	at org.apache.hadoop.util.ReflectionUtils.setJobConf(ReflectionUtils.java:98)
	at org.apache.hadoop.util.ReflectionUtils.setConf(ReflectionUtils.java:81)
	at org.apache.hadoop.util.ReflectionUtils.newInstance(ReflectionUtils.java:139)
	at org.apache.hadoop.io.compress.CompressionCodecFactory.<init>(CompressionCodecFactory.java:186)
	at org.apache.nifi.processors.hadoop.AbstractHadoopProcessor.getCompressionCodec(AbstractHadoopProcessor.java:588)
	at org.apache.nifi.processors.hadoop.PutHDFS$1.run(PutHDFS.java:310)
	at java.security.AccessController.doPrivileged(Native Method)
	at javax.security.auth.Subject.doAs(Subject.java:360)
	at org.apache.hadoop.security.UserGroupInformation.doAs(UserGroupInformation.java:1822)
	at org.apache.nifi.processors.hadoop.PutHDFS.onTrigger(PutHDFS.java:297)
	at org.apache.nifi.processor.AbstractProcessor.onTrigger(AbstractProcessor.java:27)
	at org.apache.nifi.util.StandardProcessorTestRunner$RunProcessor.call(StandardProcessorTestRunner.java:284)
	at org.apache.nifi.util.StandardProcessorTestRunner$RunProcessor.call(StandardProcessorTestRunner.java:278)
	at java.util.concurrent.FutureTask.run(FutureTask.java:266)
	at java.util.concurrent.ScheduledThreadPoolExecutor$ScheduledFutureTask.access$201(ScheduledThreadPoolExecutor.java:180)
	at java.util.concurrent.ScheduledThreadPoolExecutor$ScheduledFutureTask.run(ScheduledThreadPoolExecutor.java:293)
	at java.util.concurrent.ThreadPoolExecutor.runWorker(ThreadPoolExecutor.java:1149)
	at java.util.concurrent.ThreadPoolExecutor$Worker.run(ThreadPoolExecutor.java:624)
	at java.lang.Thread.run(Thread.java:750)
10032 [pool-122-thread-1] ERROR org.apache.nifi.processors.hadoop.PutHDFSTest$TestablePutHDFS - [TestablePutHDFS[id=37aa9831-4738-47a0-8b20-1657a2c1f345]] org.apache.hadoop.mapred.JobConf
java.lang.ClassNotFoundException: org.apache.hadoop.mapred.JobConf
	at java.net.URLClassLoader.findClass(URLClassLoader.java:387)
	at java.lang.ClassLoader.loadClass(ClassLoader.java:418)
	at sun.misc.Launcher$AppClassLoader.loadClass(Launcher.java:352)
	at java.lang.ClassLoader.loadClass(ClassLoader.java:351)
	at java.lang.Class.forName0(Native Method)
	at java.lang.Class.forName(Class.java:348)
	at org.apache.nifi.processors.hadoop.ExtendedConfiguration.getClassByNameOrNull(ExtendedConfiguration.java:70)
	at org.apache.hadoop.util.ReflectionUtils.setJobConf(ReflectionUtils.java:98)
	at org.apache.hadoop.util.ReflectionUtils.setConf(ReflectionUtils.java:81)
	at org.apache.hadoop.util.ReflectionUtils.newInstance(ReflectionUtils.java:139)
	at org.apache.hadoop.io.compress.CompressionCodecFactory.<init>(CompressionCodecFactory.java:186)
	at org.apache.nifi.processors.hadoop.AbstractHadoopProcessor.getCompressionCodec(AbstractHadoopProcessor.java:588)
	at org.apache.nifi.processors.hadoop.PutHDFS$1.run(PutHDFS.java:310)
	at java.security.AccessController.doPrivileged(Native Method)
	at javax.security.auth.Subject.doAs(Subject.java:360)
	at org.apache.hadoop.security.UserGroupInformation.doAs(UserGroupInformation.java:1822)
	at org.apache.nifi.processors.hadoop.PutHDFS.onTrigger(PutHDFS.java:297)
	at org.apache.nifi.processor.AbstractProcessor.onTrigger(AbstractProcessor.java:27)
	at org.apache.nifi.util.StandardProcessorTestRunner$RunProcessor.call(StandardProcessorTestRunner.java:284)
	at org.apache.nifi.util.StandardProcessorTestRunner$RunProcessor.call(StandardProcessorTestRunner.java:278)
	at java.util.concurrent.FutureTask.run(FutureTask.java:266)
	at java.util.concurrent.ScheduledThreadPoolExecutor$ScheduledFutureTask.access$201(ScheduledThreadPoolExecutor.java:180)
	at java.util.concurrent.ScheduledThreadPoolExecutor$ScheduledFutureTask.run(ScheduledThreadPoolExecutor.java:293)
	at java.util.concurrent.ThreadPoolExecutor.runWorker(ThreadPoolExecutor.java:1149)
	at java.util.concurrent.ThreadPoolExecutor$Worker.run(ThreadPoolExecutor.java:624)
	at java.lang.Thread.run(Thread.java:750)
10032 [pool-122-thread-1] ERROR org.apache.nifi.processors.hadoop.PutHDFSTest$TestablePutHDFS - [TestablePutHDFS[id=37aa9831-4738-47a0-8b20-1657a2c1f345]] org.apache.hadoop.mapred.JobConf
java.lang.ClassNotFoundException: org.apache.hadoop.mapred.JobConf
	at java.net.URLClassLoader.findClass(URLClassLoader.java:387)
	at java.lang.ClassLoader.loadClass(ClassLoader.java:418)
	at sun.misc.Launcher$AppClassLoader.loadClass(Launcher.java:352)
	at java.lang.ClassLoader.loadClass(ClassLoader.java:351)
	at java.lang.Class.forName0(Native Method)
	at java.lang.Class.forName(Class.java:348)
	at org.apache.nifi.processors.hadoop.ExtendedConfiguration.getClassByNameOrNull(ExtendedConfiguration.java:70)
	at org.apache.hadoop.util.ReflectionUtils.setJobConf(ReflectionUtils.java:98)
	at org.apache.hadoop.util.ReflectionUtils.setConf(ReflectionUtils.java:81)
	at org.apache.hadoop.util.ReflectionUtils.newInstance(ReflectionUtils.java:139)
	at org.apache.hadoop.io.compress.CompressionCodecFactory.<init>(CompressionCodecFactory.java:186)
	at org.apache.nifi.processors.hadoop.AbstractHadoopProcessor.getCompressionCodec(AbstractHadoopProcessor.java:588)
	at org.apache.nifi.processors.hadoop.PutHDFS$1.run(PutHDFS.java:310)
	at java.security.AccessController.doPrivileged(Native Method)
	at javax.security.auth.Subject.doAs(Subject.java:360)
	at org.apache.hadoop.security.UserGroupInformation.doAs(UserGroupInformation.java:1822)
	at org.apache.nifi.processors.hadoop.PutHDFS.onTrigger(PutHDFS.java:297)
	at org.apache.nifi.processor.AbstractProcessor.onTrigger(AbstractProcessor.java:27)
	at org.apache.nifi.util.StandardProcessorTestRunner$RunProcessor.call(StandardProcessorTestRunner.java:284)
	at org.apache.nifi.util.StandardProcessorTestRunner$RunProcessor.call(StandardProcessorTestRunner.java:278)
	at java.util.concurrent.FutureTask.run(FutureTask.java:266)
	at java.util.concurrent.ScheduledThreadPoolExecutor$ScheduledFutureTask.access$201(ScheduledThreadPoolExecutor.java:180)
	at java.util.concurrent.ScheduledThreadPoolExecutor$ScheduledFutureTask.run(ScheduledThreadPoolExecutor.java:293)
	at java.util.concurrent.ThreadPoolExecutor.runWorker(ThreadPoolExecutor.java:1149)
	at java.util.concurrent.ThreadPoolExecutor$Worker.run(ThreadPoolExecutor.java:624)
	at java.lang.Thread.run(Thread.java:750)
10033 [pool-122-thread-1] ERROR org.apache.nifi.processors.hadoop.PutHDFSTest$TestablePutHDFS - [TestablePutHDFS[id=37aa9831-4738-47a0-8b20-1657a2c1f345]] org.apache.hadoop.mapred.JobConf
java.lang.ClassNotFoundException: org.apache.hadoop.mapred.JobConf
	at java.net.URLClassLoader.findClass(URLClassLoader.java:387)
	at java.lang.ClassLoader.loadClass(ClassLoader.java:418)
	at sun.misc.Launcher$AppClassLoader.loadClass(Launcher.java:352)
	at java.lang.ClassLoader.loadClass(ClassLoader.java:351)
	at java.lang.Class.forName0(Native Method)
	at java.lang.Class.forName(Class.java:348)
	at org.apache.nifi.processors.hadoop.ExtendedConfiguration.getClassByNameOrNull(ExtendedConfiguration.java:70)
	at org.apache.hadoop.util.ReflectionUtils.setJobConf(ReflectionUtils.java:98)
	at org.apache.hadoop.util.ReflectionUtils.setConf(ReflectionUtils.java:81)
	at org.apache.hadoop.util.ReflectionUtils.newInstance(ReflectionUtils.java:139)
	at org.apache.hadoop.io.compress.CompressionCodecFactory.<init>(CompressionCodecFactory.java:186)
	at org.apache.nifi.processors.hadoop.AbstractHadoopProcessor.getCompressionCodec(AbstractHadoopProcessor.java:588)
	at org.apache.nifi.processors.hadoop.PutHDFS$1.run(PutHDFS.java:310)
	at java.security.AccessController.doPrivileged(Native Method)
	at javax.security.auth.Subject.doAs(Subject.java:360)
	at org.apache.hadoop.security.UserGroupInformation.doAs(UserGroupInformation.java:1822)
	at org.apache.nifi.processors.hadoop.PutHDFS.onTrigger(PutHDFS.java:297)
	at org.apache.nifi.processor.AbstractProcessor.onTrigger(AbstractProcessor.java:27)
	at org.apache.nifi.util.StandardProcessorTestRunner$RunProcessor.call(StandardProcessorTestRunner.java:284)
	at org.apache.nifi.util.StandardProcessorTestRunner$RunProcessor.call(StandardProcessorTestRunner.java:278)
	at java.util.concurrent.FutureTask.run(FutureTask.java:266)
	at java.util.concurrent.ScheduledThreadPoolExecutor$ScheduledFutureTask.access$201(ScheduledThreadPoolExecutor.java:180)
	at java.util.concurrent.ScheduledThreadPoolExecutor$ScheduledFutureTask.run(ScheduledThreadPoolExecutor.java:293)
	at java.util.concurrent.ThreadPoolExecutor.runWorker(ThreadPoolExecutor.java:1149)
	at java.util.concurrent.ThreadPoolExecutor$Worker.run(ThreadPoolExecutor.java:624)
	at java.lang.Thread.run(Thread.java:750)
10033 [pool-122-thread-1] ERROR org.apache.nifi.processors.hadoop.PutHDFSTest$TestablePutHDFS - TestablePutHDFS[id=37aa9831-4738-47a0-8b20-1657a2c1f345] Failed to access HDFS due to java.io.IOException: PutHDFS umask setting is ignored by HDFS when HDFS default ACL is set.: java.io.IOException: PutHDFS umask setting is ignored by HDFS when HDFS default ACL is set.
java.io.IOException: PutHDFS umask setting is ignored by HDFS when HDFS default ACL is set.
	at org.apache.nifi.processors.hadoop.PutHDFS$1.checkAclStatus(PutHDFS.java:495)
	at org.apache.nifi.processors.hadoop.PutHDFS$1.run(PutHDFS.java:332)
	at java.security.AccessController.doPrivileged(Native Method)
	at javax.security.auth.Subject.doAs(Subject.java:360)
	at org.apache.hadoop.security.UserGroupInformation.doAs(UserGroupInformation.java:1822)
	at org.apache.nifi.processors.hadoop.PutHDFS.onTrigger(PutHDFS.java:297)
	at org.apache.nifi.processor.AbstractProcessor.onTrigger(AbstractProcessor.java:27)
	at org.apache.nifi.util.StandardProcessorTestRunner$RunProcessor.call(StandardProcessorTestRunner.java:284)
	at org.apache.nifi.util.StandardProcessorTestRunner$RunProcessor.call(StandardProcessorTestRunner.java:278)
	at java.util.concurrent.FutureTask.run(FutureTask.java:266)
	at java.util.concurrent.ScheduledThreadPoolExecutor$ScheduledFutureTask.access$201(ScheduledThreadPoolExecutor.java:180)
	at java.util.concurrent.ScheduledThreadPoolExecutor$ScheduledFutureTask.run(ScheduledThreadPoolExecutor.java:293)
	at java.util.concurrent.ThreadPoolExecutor.runWorker(ThreadPoolExecutor.java:1149)
	at java.util.concurrent.ThreadPoolExecutor$Worker.run(ThreadPoolExecutor.java:624)
	at java.lang.Thread.run(Thread.java:750)
]]></system-err>
  </testcase>
  <testcase name="testPutFileWithGSSException" classname="org.apache.nifi.processors.hadoop.PutHDFSTest" time="0.011">
    <system-err><![CDATA[10041 [main] ERROR org.apache.nifi.processors.hadoop.PutHDFSTest$TestablePutHDFS - [TestablePutHDFS[id=afef3422-9b81-4a5e-beb1-073f8c795140]] org.apache.hadoop.mapred.JobConf
java.lang.ClassNotFoundException: org.apache.hadoop.mapred.JobConf
	at java.net.URLClassLoader.findClass(URLClassLoader.java:387)
	at java.lang.ClassLoader.loadClass(ClassLoader.java:418)
	at sun.misc.Launcher$AppClassLoader.loadClass(Launcher.java:352)
	at java.lang.ClassLoader.loadClass(ClassLoader.java:351)
	at java.lang.Class.forName0(Native Method)
	at java.lang.Class.forName(Class.java:348)
	at org.apache.nifi.processors.hadoop.ExtendedConfiguration.getClassByNameOrNull(ExtendedConfiguration.java:70)
	at org.apache.hadoop.util.ReflectionUtils.setJobConf(ReflectionUtils.java:98)
	at org.apache.hadoop.util.ReflectionUtils.setConf(ReflectionUtils.java:81)
	at org.apache.hadoop.util.ReflectionUtils.newInstance(ReflectionUtils.java:139)
	at org.apache.hadoop.fs.FileSystem.createFileSystem(FileSystem.java:3412)
	at org.apache.hadoop.fs.FileSystem.get(FileSystem.java:521)
	at org.apache.hadoop.fs.FileSystem.get(FileSystem.java:272)
	at org.apache.nifi.processors.hadoop.AbstractHadoopProcessor$1.run(AbstractHadoopProcessor.java:546)
	at org.apache.nifi.processors.hadoop.AbstractHadoopProcessor$1.run(AbstractHadoopProcessor.java:543)
	at java.security.AccessController.doPrivileged(Native Method)
	at javax.security.auth.Subject.doAs(Subject.java:422)
	at org.apache.hadoop.security.UserGroupInformation.doAs(UserGroupInformation.java:1845)
	at org.apache.nifi.processors.hadoop.AbstractHadoopProcessor.getFileSystemAsUser(AbstractHadoopProcessor.java:543)
	at org.apache.nifi.processors.hadoop.AbstractHadoopProcessor.resetHDFSResources(AbstractHadoopProcessor.java:476)
	at org.apache.nifi.processors.hadoop.AbstractHadoopProcessor.abstractOnScheduled(AbstractHadoopProcessor.java:352)
	at sun.reflect.GeneratedMethodAccessor19.invoke(Unknown Source)
	at sun.reflect.DelegatingMethodAccessorImpl.invoke(DelegatingMethodAccessorImpl.java:43)
	at java.lang.reflect.Method.invoke(Method.java:498)
	at org.apache.nifi.util.ReflectionUtils.invokeMethodsWithAnnotation(ReflectionUtils.java:68)
	at org.apache.nifi.util.StandardProcessorTestRunner.run(StandardProcessorTestRunner.java:203)
	at org.apache.nifi.util.StandardProcessorTestRunner.run(StandardProcessorTestRunner.java:185)
	at org.apache.nifi.util.StandardProcessorTestRunner.run(StandardProcessorTestRunner.java:180)
	at org.apache.nifi.util.StandardProcessorTestRunner.run(StandardProcessorTestRunner.java:175)
	at org.apache.nifi.util.StandardProcessorTestRunner.run(StandardProcessorTestRunner.java:170)
	at org.apache.nifi.processors.hadoop.PutHDFSTest.testPutFileWithGSSException(PutHDFSTest.java:352)
	at sun.reflect.NativeMethodAccessorImpl.invoke0(Native Method)
	at sun.reflect.NativeMethodAccessorImpl.invoke(NativeMethodAccessorImpl.java:62)
	at sun.reflect.DelegatingMethodAccessorImpl.invoke(DelegatingMethodAccessorImpl.java:43)
	at java.lang.reflect.Method.invoke(Method.java:498)
	at org.junit.runners.model.FrameworkMethod$1.runReflectiveCall(FrameworkMethod.java:59)
	at org.junit.internal.runners.model.ReflectiveCallable.run(ReflectiveCallable.java:12)
	at org.junit.runners.model.FrameworkMethod.invokeExplosively(FrameworkMethod.java:56)
	at org.junit.internal.runners.statements.InvokeMethod.evaluate(InvokeMethod.java:17)
	at org.junit.internal.runners.statements.RunBefores.evaluate(RunBefores.java:26)
	at org.junit.runners.ParentRunner$3.evaluate(ParentRunner.java:306)
	at org.junit.runners.BlockJUnit4ClassRunner$1.evaluate(BlockJUnit4ClassRunner.java:100)
	at org.junit.runners.ParentRunner.runLeaf(ParentRunner.java:366)
	at org.junit.runners.BlockJUnit4ClassRunner.runChild(BlockJUnit4ClassRunner.java:103)
	at org.junit.runners.BlockJUnit4ClassRunner.runChild(BlockJUnit4ClassRunner.java:63)
	at org.junit.runners.ParentRunner$4.run(ParentRunner.java:331)
	at org.junit.runners.ParentRunner$1.schedule(ParentRunner.java:79)
	at org.junit.runners.ParentRunner.runChildren(ParentRunner.java:329)
	at org.junit.runners.ParentRunner.access$100(ParentRunner.java:66)
	at org.junit.runners.ParentRunner$2.evaluate(ParentRunner.java:293)
	at org.junit.runners.ParentRunner$3.evaluate(ParentRunner.java:306)
	at org.junit.runners.ParentRunner.run(ParentRunner.java:413)
	at org.junit.runner.JUnitCore.run(JUnitCore.java:137)
	at org.junit.runner.JUnitCore.run(JUnitCore.java:115)
	at org.junit.vintage.engine.execution.RunnerExecutor.execute(RunnerExecutor.java:43)
	at java.util.stream.ForEachOps$ForEachOp$OfRef.accept(ForEachOps.java:183)
	at java.util.stream.ReferencePipeline$3$1.accept(ReferencePipeline.java:193)
	at java.util.Iterator.forEachRemaining(Iterator.java:116)
	at java.util.Spliterators$IteratorSpliterator.forEachRemaining(Spliterators.java:1801)
	at java.util.stream.AbstractPipeline.copyInto(AbstractPipeline.java:482)
	at java.util.stream.AbstractPipeline.wrapAndCopyInto(AbstractPipeline.java:472)
	at java.util.stream.ForEachOps$ForEachOp.evaluateSequential(ForEachOps.java:150)
	at java.util.stream.ForEachOps$ForEachOp$OfRef.evaluateSequential(ForEachOps.java:173)
	at java.util.stream.AbstractPipeline.evaluate(AbstractPipeline.java:234)
	at java.util.stream.ReferencePipeline.forEach(ReferencePipeline.java:485)
	at org.junit.vintage.engine.VintageTestEngine.executeAllChildren(VintageTestEngine.java:82)
	at org.junit.vintage.engine.VintageTestEngine.execute(VintageTestEngine.java:73)
	at org.junit.platform.launcher.core.EngineExecutionOrchestrator.execute(EngineExecutionOrchestrator.java:108)
	at org.junit.platform.launcher.core.EngineExecutionOrchestrator.execute(EngineExecutionOrchestrator.java:88)
	at org.junit.platform.launcher.core.EngineExecutionOrchestrator.lambda$execute$0(EngineExecutionOrchestrator.java:54)
	at org.junit.platform.launcher.core.EngineExecutionOrchestrator.withInterceptedStreams(EngineExecutionOrchestrator.java:67)
	at org.junit.platform.launcher.core.EngineExecutionOrchestrator.execute(EngineExecutionOrchestrator.java:52)
	at org.junit.platform.launcher.core.DefaultLauncher.execute(DefaultLauncher.java:96)
	at org.junit.platform.launcher.core.DefaultLauncher.execute(DefaultLauncher.java:75)
	at org.apache.maven.surefire.junitplatform.JUnitPlatformProvider.execute(JUnitPlatformProvider.java:188)
	at org.apache.maven.surefire.junitplatform.JUnitPlatformProvider.invokeAllTests(JUnitPlatformProvider.java:154)
	at org.apache.maven.surefire.junitplatform.JUnitPlatformProvider.invoke(JUnitPlatformProvider.java:128)
	at org.apache.maven.surefire.booter.ForkedBooter.runSuitesInProcess(ForkedBooter.java:428)
	at org.apache.maven.surefire.booter.ForkedBooter.execute(ForkedBooter.java:162)
	at org.apache.maven.surefire.booter.ForkedBooter.run(ForkedBooter.java:562)
	at org.apache.maven.surefire.booter.ForkedBooter.main(ForkedBooter.java:548)
10041 [main] INFO org.apache.nifi.processors.hadoop.PutHDFSTest$TestablePutHDFS - TestablePutHDFS[id=afef3422-9b81-4a5e-beb1-073f8c795140] Initialized a new HDFS File System with working dir: file:/home/alex/Repositories/nifi/nifi-nar-bundles/nifi-hadoop-bundle/nifi-hdfs-processors default block size: 33554432 default replication: 1 config: Configuration: core-default.xml, core-site.xml, hdfs-default.xml, hdfs-rbf-default.xml, hdfs-site.xml, hdfs-rbf-site.xml
10043 [pool-123-thread-1] ERROR org.apache.nifi.processors.hadoop.PutHDFSTest$TestablePutHDFS - [TestablePutHDFS[id=afef3422-9b81-4a5e-beb1-073f8c795140]] org.apache.hadoop.mapred.JobConf
java.lang.ClassNotFoundException: org.apache.hadoop.mapred.JobConf
	at java.net.URLClassLoader.findClass(URLClassLoader.java:387)
	at java.lang.ClassLoader.loadClass(ClassLoader.java:418)
	at sun.misc.Launcher$AppClassLoader.loadClass(Launcher.java:352)
	at java.lang.ClassLoader.loadClass(ClassLoader.java:351)
	at java.lang.Class.forName0(Native Method)
	at java.lang.Class.forName(Class.java:348)
	at org.apache.nifi.processors.hadoop.ExtendedConfiguration.getClassByNameOrNull(ExtendedConfiguration.java:70)
	at org.apache.hadoop.util.ReflectionUtils.setJobConf(ReflectionUtils.java:98)
	at org.apache.hadoop.util.ReflectionUtils.setConf(ReflectionUtils.java:81)
	at org.apache.hadoop.util.ReflectionUtils.newInstance(ReflectionUtils.java:139)
	at org.apache.hadoop.io.compress.CompressionCodecFactory.<init>(CompressionCodecFactory.java:186)
	at org.apache.nifi.processors.hadoop.AbstractHadoopProcessor.getCompressionCodec(AbstractHadoopProcessor.java:588)
	at org.apache.nifi.processors.hadoop.PutHDFS$1.run(PutHDFS.java:310)
	at java.security.AccessController.doPrivileged(Native Method)
	at javax.security.auth.Subject.doAs(Subject.java:360)
	at org.apache.hadoop.security.UserGroupInformation.doAs(UserGroupInformation.java:1822)
	at org.apache.nifi.processors.hadoop.PutHDFS.onTrigger(PutHDFS.java:297)
	at org.apache.nifi.processor.AbstractProcessor.onTrigger(AbstractProcessor.java:27)
	at org.apache.nifi.util.StandardProcessorTestRunner$RunProcessor.call(StandardProcessorTestRunner.java:284)
	at org.apache.nifi.util.StandardProcessorTestRunner$RunProcessor.call(StandardProcessorTestRunner.java:278)
	at java.util.concurrent.FutureTask.run(FutureTask.java:266)
	at java.util.concurrent.ScheduledThreadPoolExecutor$ScheduledFutureTask.access$201(ScheduledThreadPoolExecutor.java:180)
	at java.util.concurrent.ScheduledThreadPoolExecutor$ScheduledFutureTask.run(ScheduledThreadPoolExecutor.java:293)
	at java.util.concurrent.ThreadPoolExecutor.runWorker(ThreadPoolExecutor.java:1149)
	at java.util.concurrent.ThreadPoolExecutor$Worker.run(ThreadPoolExecutor.java:624)
	at java.lang.Thread.run(Thread.java:750)
10043 [pool-123-thread-1] ERROR org.apache.nifi.processors.hadoop.PutHDFSTest$TestablePutHDFS - [TestablePutHDFS[id=afef3422-9b81-4a5e-beb1-073f8c795140]] org.apache.hadoop.mapred.JobConf
java.lang.ClassNotFoundException: org.apache.hadoop.mapred.JobConf
	at java.net.URLClassLoader.findClass(URLClassLoader.java:387)
	at java.lang.ClassLoader.loadClass(ClassLoader.java:418)
	at sun.misc.Launcher$AppClassLoader.loadClass(Launcher.java:352)
	at java.lang.ClassLoader.loadClass(ClassLoader.java:351)
	at java.lang.Class.forName0(Native Method)
	at java.lang.Class.forName(Class.java:348)
	at org.apache.nifi.processors.hadoop.ExtendedConfiguration.getClassByNameOrNull(ExtendedConfiguration.java:70)
	at org.apache.hadoop.util.ReflectionUtils.setJobConf(ReflectionUtils.java:98)
	at org.apache.hadoop.util.ReflectionUtils.setConf(ReflectionUtils.java:81)
	at org.apache.hadoop.util.ReflectionUtils.newInstance(ReflectionUtils.java:139)
	at org.apache.hadoop.io.compress.CompressionCodecFactory.<init>(CompressionCodecFactory.java:186)
	at org.apache.nifi.processors.hadoop.AbstractHadoopProcessor.getCompressionCodec(AbstractHadoopProcessor.java:588)
	at org.apache.nifi.processors.hadoop.PutHDFS$1.run(PutHDFS.java:310)
	at java.security.AccessController.doPrivileged(Native Method)
	at javax.security.auth.Subject.doAs(Subject.java:360)
	at org.apache.hadoop.security.UserGroupInformation.doAs(UserGroupInformation.java:1822)
	at org.apache.nifi.processors.hadoop.PutHDFS.onTrigger(PutHDFS.java:297)
	at org.apache.nifi.processor.AbstractProcessor.onTrigger(AbstractProcessor.java:27)
	at org.apache.nifi.util.StandardProcessorTestRunner$RunProcessor.call(StandardProcessorTestRunner.java:284)
	at org.apache.nifi.util.StandardProcessorTestRunner$RunProcessor.call(StandardProcessorTestRunner.java:278)
	at java.util.concurrent.FutureTask.run(FutureTask.java:266)
	at java.util.concurrent.ScheduledThreadPoolExecutor$ScheduledFutureTask.access$201(ScheduledThreadPoolExecutor.java:180)
	at java.util.concurrent.ScheduledThreadPoolExecutor$ScheduledFutureTask.run(ScheduledThreadPoolExecutor.java:293)
	at java.util.concurrent.ThreadPoolExecutor.runWorker(ThreadPoolExecutor.java:1149)
	at java.util.concurrent.ThreadPoolExecutor$Worker.run(ThreadPoolExecutor.java:624)
	at java.lang.Thread.run(Thread.java:750)
10043 [pool-123-thread-1] ERROR org.apache.nifi.processors.hadoop.PutHDFSTest$TestablePutHDFS - [TestablePutHDFS[id=afef3422-9b81-4a5e-beb1-073f8c795140]] org.apache.hadoop.mapred.JobConf
java.lang.ClassNotFoundException: org.apache.hadoop.mapred.JobConf
	at java.net.URLClassLoader.findClass(URLClassLoader.java:387)
	at java.lang.ClassLoader.loadClass(ClassLoader.java:418)
	at sun.misc.Launcher$AppClassLoader.loadClass(Launcher.java:352)
	at java.lang.ClassLoader.loadClass(ClassLoader.java:351)
	at java.lang.Class.forName0(Native Method)
	at java.lang.Class.forName(Class.java:348)
	at org.apache.nifi.processors.hadoop.ExtendedConfiguration.getClassByNameOrNull(ExtendedConfiguration.java:70)
	at org.apache.hadoop.util.ReflectionUtils.setJobConf(ReflectionUtils.java:98)
	at org.apache.hadoop.util.ReflectionUtils.setConf(ReflectionUtils.java:81)
	at org.apache.hadoop.util.ReflectionUtils.newInstance(ReflectionUtils.java:139)
	at org.apache.hadoop.io.compress.CompressionCodecFactory.<init>(CompressionCodecFactory.java:186)
	at org.apache.nifi.processors.hadoop.AbstractHadoopProcessor.getCompressionCodec(AbstractHadoopProcessor.java:588)
	at org.apache.nifi.processors.hadoop.PutHDFS$1.run(PutHDFS.java:310)
	at java.security.AccessController.doPrivileged(Native Method)
	at javax.security.auth.Subject.doAs(Subject.java:360)
	at org.apache.hadoop.security.UserGroupInformation.doAs(UserGroupInformation.java:1822)
	at org.apache.nifi.processors.hadoop.PutHDFS.onTrigger(PutHDFS.java:297)
	at org.apache.nifi.processor.AbstractProcessor.onTrigger(AbstractProcessor.java:27)
	at org.apache.nifi.util.StandardProcessorTestRunner$RunProcessor.call(StandardProcessorTestRunner.java:284)
	at org.apache.nifi.util.StandardProcessorTestRunner$RunProcessor.call(StandardProcessorTestRunner.java:278)
	at java.util.concurrent.FutureTask.run(FutureTask.java:266)
	at java.util.concurrent.ScheduledThreadPoolExecutor$ScheduledFutureTask.access$201(ScheduledThreadPoolExecutor.java:180)
	at java.util.concurrent.ScheduledThreadPoolExecutor$ScheduledFutureTask.run(ScheduledThreadPoolExecutor.java:293)
	at java.util.concurrent.ThreadPoolExecutor.runWorker(ThreadPoolExecutor.java:1149)
	at java.util.concurrent.ThreadPoolExecutor$Worker.run(ThreadPoolExecutor.java:624)
	at java.lang.Thread.run(Thread.java:750)
10044 [pool-123-thread-1] ERROR org.apache.nifi.processors.hadoop.PutHDFSTest$TestablePutHDFS - [TestablePutHDFS[id=afef3422-9b81-4a5e-beb1-073f8c795140]] org.apache.hadoop.mapred.JobConf
java.lang.ClassNotFoundException: org.apache.hadoop.mapred.JobConf
	at java.net.URLClassLoader.findClass(URLClassLoader.java:387)
	at java.lang.ClassLoader.loadClass(ClassLoader.java:418)
	at sun.misc.Launcher$AppClassLoader.loadClass(Launcher.java:352)
	at java.lang.ClassLoader.loadClass(ClassLoader.java:351)
	at java.lang.Class.forName0(Native Method)
	at java.lang.Class.forName(Class.java:348)
	at org.apache.nifi.processors.hadoop.ExtendedConfiguration.getClassByNameOrNull(ExtendedConfiguration.java:70)
	at org.apache.hadoop.util.ReflectionUtils.setJobConf(ReflectionUtils.java:98)
	at org.apache.hadoop.util.ReflectionUtils.setConf(ReflectionUtils.java:81)
	at org.apache.hadoop.util.ReflectionUtils.newInstance(ReflectionUtils.java:139)
	at org.apache.hadoop.io.compress.CompressionCodecFactory.<init>(CompressionCodecFactory.java:186)
	at org.apache.nifi.processors.hadoop.AbstractHadoopProcessor.getCompressionCodec(AbstractHadoopProcessor.java:588)
	at org.apache.nifi.processors.hadoop.PutHDFS$1.run(PutHDFS.java:310)
	at java.security.AccessController.doPrivileged(Native Method)
	at javax.security.auth.Subject.doAs(Subject.java:360)
	at org.apache.hadoop.security.UserGroupInformation.doAs(UserGroupInformation.java:1822)
	at org.apache.nifi.processors.hadoop.PutHDFS.onTrigger(PutHDFS.java:297)
	at org.apache.nifi.processor.AbstractProcessor.onTrigger(AbstractProcessor.java:27)
	at org.apache.nifi.util.StandardProcessorTestRunner$RunProcessor.call(StandardProcessorTestRunner.java:284)
	at org.apache.nifi.util.StandardProcessorTestRunner$RunProcessor.call(StandardProcessorTestRunner.java:278)
	at java.util.concurrent.FutureTask.run(FutureTask.java:266)
	at java.util.concurrent.ScheduledThreadPoolExecutor$ScheduledFutureTask.access$201(ScheduledThreadPoolExecutor.java:180)
	at java.util.concurrent.ScheduledThreadPoolExecutor$ScheduledFutureTask.run(ScheduledThreadPoolExecutor.java:293)
	at java.util.concurrent.ThreadPoolExecutor.runWorker(ThreadPoolExecutor.java:1149)
	at java.util.concurrent.ThreadPoolExecutor$Worker.run(ThreadPoolExecutor.java:624)
	at java.lang.Thread.run(Thread.java:750)
10044 [pool-123-thread-1] ERROR org.apache.nifi.processors.hadoop.PutHDFSTest$TestablePutHDFS - [TestablePutHDFS[id=afef3422-9b81-4a5e-beb1-073f8c795140]] org.apache.hadoop.mapred.JobConf
java.lang.ClassNotFoundException: org.apache.hadoop.mapred.JobConf
	at java.net.URLClassLoader.findClass(URLClassLoader.java:387)
	at java.lang.ClassLoader.loadClass(ClassLoader.java:418)
	at sun.misc.Launcher$AppClassLoader.loadClass(Launcher.java:352)
	at java.lang.ClassLoader.loadClass(ClassLoader.java:351)
	at java.lang.Class.forName0(Native Method)
	at java.lang.Class.forName(Class.java:348)
	at org.apache.nifi.processors.hadoop.ExtendedConfiguration.getClassByNameOrNull(ExtendedConfiguration.java:70)
	at org.apache.hadoop.util.ReflectionUtils.setJobConf(ReflectionUtils.java:98)
	at org.apache.hadoop.util.ReflectionUtils.setConf(ReflectionUtils.java:81)
	at org.apache.hadoop.util.ReflectionUtils.newInstance(ReflectionUtils.java:139)
	at org.apache.hadoop.io.compress.CompressionCodecFactory.<init>(CompressionCodecFactory.java:186)
	at org.apache.nifi.processors.hadoop.AbstractHadoopProcessor.getCompressionCodec(AbstractHadoopProcessor.java:588)
	at org.apache.nifi.processors.hadoop.PutHDFS$1.run(PutHDFS.java:310)
	at java.security.AccessController.doPrivileged(Native Method)
	at javax.security.auth.Subject.doAs(Subject.java:360)
	at org.apache.hadoop.security.UserGroupInformation.doAs(UserGroupInformation.java:1822)
	at org.apache.nifi.processors.hadoop.PutHDFS.onTrigger(PutHDFS.java:297)
	at org.apache.nifi.processor.AbstractProcessor.onTrigger(AbstractProcessor.java:27)
	at org.apache.nifi.util.StandardProcessorTestRunner$RunProcessor.call(StandardProcessorTestRunner.java:284)
	at org.apache.nifi.util.StandardProcessorTestRunner$RunProcessor.call(StandardProcessorTestRunner.java:278)
	at java.util.concurrent.FutureTask.run(FutureTask.java:266)
	at java.util.concurrent.ScheduledThreadPoolExecutor$ScheduledFutureTask.access$201(ScheduledThreadPoolExecutor.java:180)
	at java.util.concurrent.ScheduledThreadPoolExecutor$ScheduledFutureTask.run(ScheduledThreadPoolExecutor.java:293)
	at java.util.concurrent.ThreadPoolExecutor.runWorker(ThreadPoolExecutor.java:1149)
	at java.util.concurrent.ThreadPoolExecutor$Worker.run(ThreadPoolExecutor.java:624)
	at java.lang.Thread.run(Thread.java:750)
10044 [pool-123-thread-1] ERROR org.apache.nifi.processors.hadoop.PutHDFSTest$TestablePutHDFS - [TestablePutHDFS[id=afef3422-9b81-4a5e-beb1-073f8c795140]] org.apache.hadoop.mapred.JobConf
java.lang.ClassNotFoundException: org.apache.hadoop.mapred.JobConf
	at java.net.URLClassLoader.findClass(URLClassLoader.java:387)
	at java.lang.ClassLoader.loadClass(ClassLoader.java:418)
	at sun.misc.Launcher$AppClassLoader.loadClass(Launcher.java:352)
	at java.lang.ClassLoader.loadClass(ClassLoader.java:351)
	at java.lang.Class.forName0(Native Method)
	at java.lang.Class.forName(Class.java:348)
	at org.apache.nifi.processors.hadoop.ExtendedConfiguration.getClassByNameOrNull(ExtendedConfiguration.java:70)
	at org.apache.hadoop.util.ReflectionUtils.setJobConf(ReflectionUtils.java:98)
	at org.apache.hadoop.util.ReflectionUtils.setConf(ReflectionUtils.java:81)
	at org.apache.hadoop.util.ReflectionUtils.newInstance(ReflectionUtils.java:139)
	at org.apache.hadoop.io.compress.CompressionCodecFactory.<init>(CompressionCodecFactory.java:186)
	at org.apache.nifi.processors.hadoop.AbstractHadoopProcessor.getCompressionCodec(AbstractHadoopProcessor.java:588)
	at org.apache.nifi.processors.hadoop.PutHDFS$1.run(PutHDFS.java:310)
	at java.security.AccessController.doPrivileged(Native Method)
	at javax.security.auth.Subject.doAs(Subject.java:360)
	at org.apache.hadoop.security.UserGroupInformation.doAs(UserGroupInformation.java:1822)
	at org.apache.nifi.processors.hadoop.PutHDFS.onTrigger(PutHDFS.java:297)
	at org.apache.nifi.processor.AbstractProcessor.onTrigger(AbstractProcessor.java:27)
	at org.apache.nifi.util.StandardProcessorTestRunner$RunProcessor.call(StandardProcessorTestRunner.java:284)
	at org.apache.nifi.util.StandardProcessorTestRunner$RunProcessor.call(StandardProcessorTestRunner.java:278)
	at java.util.concurrent.FutureTask.run(FutureTask.java:266)
	at java.util.concurrent.ScheduledThreadPoolExecutor$ScheduledFutureTask.access$201(ScheduledThreadPoolExecutor.java:180)
	at java.util.concurrent.ScheduledThreadPoolExecutor$ScheduledFutureTask.run(ScheduledThreadPoolExecutor.java:293)
	at java.util.concurrent.ThreadPoolExecutor.runWorker(ThreadPoolExecutor.java:1149)
	at java.util.concurrent.ThreadPoolExecutor$Worker.run(ThreadPoolExecutor.java:624)
	at java.lang.Thread.run(Thread.java:750)
10045 [pool-123-thread-1] ERROR org.apache.nifi.processors.hadoop.PutHDFSTest$TestablePutHDFS - [TestablePutHDFS[id=afef3422-9b81-4a5e-beb1-073f8c795140]] org.apache.hadoop.mapred.JobConf
java.lang.ClassNotFoundException: org.apache.hadoop.mapred.JobConf
	at java.net.URLClassLoader.findClass(URLClassLoader.java:387)
	at java.lang.ClassLoader.loadClass(ClassLoader.java:418)
	at sun.misc.Launcher$AppClassLoader.loadClass(Launcher.java:352)
	at java.lang.ClassLoader.loadClass(ClassLoader.java:351)
	at java.lang.Class.forName0(Native Method)
	at java.lang.Class.forName(Class.java:348)
	at org.apache.nifi.processors.hadoop.ExtendedConfiguration.getClassByNameOrNull(ExtendedConfiguration.java:70)
	at org.apache.hadoop.util.ReflectionUtils.setJobConf(ReflectionUtils.java:98)
	at org.apache.hadoop.util.ReflectionUtils.setConf(ReflectionUtils.java:81)
	at org.apache.hadoop.util.ReflectionUtils.newInstance(ReflectionUtils.java:139)
	at org.apache.hadoop.io.compress.CompressionCodecFactory.<init>(CompressionCodecFactory.java:186)
	at org.apache.nifi.processors.hadoop.AbstractHadoopProcessor.getCompressionCodec(AbstractHadoopProcessor.java:588)
	at org.apache.nifi.processors.hadoop.PutHDFS$1.run(PutHDFS.java:310)
	at java.security.AccessController.doPrivileged(Native Method)
	at javax.security.auth.Subject.doAs(Subject.java:360)
	at org.apache.hadoop.security.UserGroupInformation.doAs(UserGroupInformation.java:1822)
	at org.apache.nifi.processors.hadoop.PutHDFS.onTrigger(PutHDFS.java:297)
	at org.apache.nifi.processor.AbstractProcessor.onTrigger(AbstractProcessor.java:27)
	at org.apache.nifi.util.StandardProcessorTestRunner$RunProcessor.call(StandardProcessorTestRunner.java:284)
	at org.apache.nifi.util.StandardProcessorTestRunner$RunProcessor.call(StandardProcessorTestRunner.java:278)
	at java.util.concurrent.FutureTask.run(FutureTask.java:266)
	at java.util.concurrent.ScheduledThreadPoolExecutor$ScheduledFutureTask.access$201(ScheduledThreadPoolExecutor.java:180)
	at java.util.concurrent.ScheduledThreadPoolExecutor$ScheduledFutureTask.run(ScheduledThreadPoolExecutor.java:293)
	at java.util.concurrent.ThreadPoolExecutor.runWorker(ThreadPoolExecutor.java:1149)
	at java.util.concurrent.ThreadPoolExecutor$Worker.run(ThreadPoolExecutor.java:624)
	at java.lang.Thread.run(Thread.java:750)
10045 [pool-123-thread-1] WARN org.apache.nifi.processors.hadoop.PutHDFSTest$TestablePutHDFS - TestablePutHDFS[id=afef3422-9b81-4a5e-beb1-073f8c795140] An error occurred while connecting to HDFS. Rolling back session, and penalizing flow file a821cee8-4f60-405e-a6a2-b52e169fc463: GSSException: No valid credentials provided
]]></system-err>
  </testcase>
  <testcase name="testPutFileWithNoDefaultACL" classname="org.apache.nifi.processors.hadoop.PutHDFSTest" time="0.022">
    <system-err><![CDATA[10052 [main] ERROR org.apache.nifi.processors.hadoop.PutHDFSTest$TestablePutHDFS - [TestablePutHDFS[id=bfbf30c4-0898-4255-a707-3c76ba349f18]] org.apache.hadoop.mapred.JobConf
java.lang.ClassNotFoundException: org.apache.hadoop.mapred.JobConf
	at java.net.URLClassLoader.findClass(URLClassLoader.java:387)
	at java.lang.ClassLoader.loadClass(ClassLoader.java:418)
	at sun.misc.Launcher$AppClassLoader.loadClass(Launcher.java:352)
	at java.lang.ClassLoader.loadClass(ClassLoader.java:351)
	at java.lang.Class.forName0(Native Method)
	at java.lang.Class.forName(Class.java:348)
	at org.apache.nifi.processors.hadoop.ExtendedConfiguration.getClassByNameOrNull(ExtendedConfiguration.java:70)
	at org.apache.hadoop.util.ReflectionUtils.setJobConf(ReflectionUtils.java:98)
	at org.apache.hadoop.util.ReflectionUtils.setConf(ReflectionUtils.java:81)
	at org.apache.hadoop.util.ReflectionUtils.newInstance(ReflectionUtils.java:139)
	at org.apache.hadoop.fs.FileSystem.createFileSystem(FileSystem.java:3412)
	at org.apache.hadoop.fs.FileSystem.get(FileSystem.java:521)
	at org.apache.hadoop.fs.FileSystem.get(FileSystem.java:272)
	at org.apache.nifi.processors.hadoop.AbstractHadoopProcessor$1.run(AbstractHadoopProcessor.java:546)
	at org.apache.nifi.processors.hadoop.AbstractHadoopProcessor$1.run(AbstractHadoopProcessor.java:543)
	at java.security.AccessController.doPrivileged(Native Method)
	at javax.security.auth.Subject.doAs(Subject.java:422)
	at org.apache.hadoop.security.UserGroupInformation.doAs(UserGroupInformation.java:1845)
	at org.apache.nifi.processors.hadoop.AbstractHadoopProcessor.getFileSystemAsUser(AbstractHadoopProcessor.java:543)
	at org.apache.nifi.processors.hadoop.AbstractHadoopProcessor.resetHDFSResources(AbstractHadoopProcessor.java:476)
	at org.apache.nifi.processors.hadoop.AbstractHadoopProcessor.abstractOnScheduled(AbstractHadoopProcessor.java:352)
	at sun.reflect.GeneratedMethodAccessor19.invoke(Unknown Source)
	at sun.reflect.DelegatingMethodAccessorImpl.invoke(DelegatingMethodAccessorImpl.java:43)
	at java.lang.reflect.Method.invoke(Method.java:498)
	at org.apache.nifi.util.ReflectionUtils.invokeMethodsWithAnnotation(ReflectionUtils.java:68)
	at org.apache.nifi.util.StandardProcessorTestRunner.run(StandardProcessorTestRunner.java:203)
	at org.apache.nifi.util.StandardProcessorTestRunner.run(StandardProcessorTestRunner.java:185)
	at org.apache.nifi.util.StandardProcessorTestRunner.run(StandardProcessorTestRunner.java:180)
	at org.apache.nifi.util.StandardProcessorTestRunner.run(StandardProcessorTestRunner.java:175)
	at org.apache.nifi.util.StandardProcessorTestRunner.run(StandardProcessorTestRunner.java:170)
	at org.apache.nifi.processors.hadoop.PutHDFSTest.testPutFileWithNoDefaultACL(PutHDFSTest.java:570)
	at sun.reflect.NativeMethodAccessorImpl.invoke0(Native Method)
	at sun.reflect.NativeMethodAccessorImpl.invoke(NativeMethodAccessorImpl.java:62)
	at sun.reflect.DelegatingMethodAccessorImpl.invoke(DelegatingMethodAccessorImpl.java:43)
	at java.lang.reflect.Method.invoke(Method.java:498)
	at org.junit.runners.model.FrameworkMethod$1.runReflectiveCall(FrameworkMethod.java:59)
	at org.junit.internal.runners.model.ReflectiveCallable.run(ReflectiveCallable.java:12)
	at org.junit.runners.model.FrameworkMethod.invokeExplosively(FrameworkMethod.java:56)
	at org.junit.internal.runners.statements.InvokeMethod.evaluate(InvokeMethod.java:17)
	at org.junit.internal.runners.statements.RunBefores.evaluate(RunBefores.java:26)
	at org.junit.runners.ParentRunner$3.evaluate(ParentRunner.java:306)
	at org.junit.runners.BlockJUnit4ClassRunner$1.evaluate(BlockJUnit4ClassRunner.java:100)
	at org.junit.runners.ParentRunner.runLeaf(ParentRunner.java:366)
	at org.junit.runners.BlockJUnit4ClassRunner.runChild(BlockJUnit4ClassRunner.java:103)
	at org.junit.runners.BlockJUnit4ClassRunner.runChild(BlockJUnit4ClassRunner.java:63)
	at org.junit.runners.ParentRunner$4.run(ParentRunner.java:331)
	at org.junit.runners.ParentRunner$1.schedule(ParentRunner.java:79)
	at org.junit.runners.ParentRunner.runChildren(ParentRunner.java:329)
	at org.junit.runners.ParentRunner.access$100(ParentRunner.java:66)
	at org.junit.runners.ParentRunner$2.evaluate(ParentRunner.java:293)
	at org.junit.runners.ParentRunner$3.evaluate(ParentRunner.java:306)
	at org.junit.runners.ParentRunner.run(ParentRunner.java:413)
	at org.junit.runner.JUnitCore.run(JUnitCore.java:137)
	at org.junit.runner.JUnitCore.run(JUnitCore.java:115)
	at org.junit.vintage.engine.execution.RunnerExecutor.execute(RunnerExecutor.java:43)
	at java.util.stream.ForEachOps$ForEachOp$OfRef.accept(ForEachOps.java:183)
	at java.util.stream.ReferencePipeline$3$1.accept(ReferencePipeline.java:193)
	at java.util.Iterator.forEachRemaining(Iterator.java:116)
	at java.util.Spliterators$IteratorSpliterator.forEachRemaining(Spliterators.java:1801)
	at java.util.stream.AbstractPipeline.copyInto(AbstractPipeline.java:482)
	at java.util.stream.AbstractPipeline.wrapAndCopyInto(AbstractPipeline.java:472)
	at java.util.stream.ForEachOps$ForEachOp.evaluateSequential(ForEachOps.java:150)
	at java.util.stream.ForEachOps$ForEachOp$OfRef.evaluateSequential(ForEachOps.java:173)
	at java.util.stream.AbstractPipeline.evaluate(AbstractPipeline.java:234)
	at java.util.stream.ReferencePipeline.forEach(ReferencePipeline.java:485)
	at org.junit.vintage.engine.VintageTestEngine.executeAllChildren(VintageTestEngine.java:82)
	at org.junit.vintage.engine.VintageTestEngine.execute(VintageTestEngine.java:73)
	at org.junit.platform.launcher.core.EngineExecutionOrchestrator.execute(EngineExecutionOrchestrator.java:108)
	at org.junit.platform.launcher.core.EngineExecutionOrchestrator.execute(EngineExecutionOrchestrator.java:88)
	at org.junit.platform.launcher.core.EngineExecutionOrchestrator.lambda$execute$0(EngineExecutionOrchestrator.java:54)
	at org.junit.platform.launcher.core.EngineExecutionOrchestrator.withInterceptedStreams(EngineExecutionOrchestrator.java:67)
	at org.junit.platform.launcher.core.EngineExecutionOrchestrator.execute(EngineExecutionOrchestrator.java:52)
	at org.junit.platform.launcher.core.DefaultLauncher.execute(DefaultLauncher.java:96)
	at org.junit.platform.launcher.core.DefaultLauncher.execute(DefaultLauncher.java:75)
	at org.apache.maven.surefire.junitplatform.JUnitPlatformProvider.execute(JUnitPlatformProvider.java:188)
	at org.apache.maven.surefire.junitplatform.JUnitPlatformProvider.invokeAllTests(JUnitPlatformProvider.java:154)
	at org.apache.maven.surefire.junitplatform.JUnitPlatformProvider.invoke(JUnitPlatformProvider.java:128)
	at org.apache.maven.surefire.booter.ForkedBooter.runSuitesInProcess(ForkedBooter.java:428)
	at org.apache.maven.surefire.booter.ForkedBooter.execute(ForkedBooter.java:162)
	at org.apache.maven.surefire.booter.ForkedBooter.run(ForkedBooter.java:562)
	at org.apache.maven.surefire.booter.ForkedBooter.main(ForkedBooter.java:548)
10052 [main] INFO org.apache.nifi.processors.hadoop.PutHDFSTest$TestablePutHDFS - TestablePutHDFS[id=bfbf30c4-0898-4255-a707-3c76ba349f18] Initialized a new HDFS File System with working dir: file:/home/alex/Repositories/nifi/nifi-nar-bundles/nifi-hadoop-bundle/nifi-hdfs-processors default block size: 33554432 default replication: 1 config: Configuration: core-default.xml, core-site.xml, hdfs-default.xml, hdfs-rbf-default.xml, hdfs-site.xml, hdfs-rbf-site.xml
10053 [pool-124-thread-1] ERROR org.apache.nifi.processors.hadoop.PutHDFSTest$TestablePutHDFS - [TestablePutHDFS[id=bfbf30c4-0898-4255-a707-3c76ba349f18]] org.apache.hadoop.mapred.JobConf
java.lang.ClassNotFoundException: org.apache.hadoop.mapred.JobConf
	at java.net.URLClassLoader.findClass(URLClassLoader.java:387)
	at java.lang.ClassLoader.loadClass(ClassLoader.java:418)
	at sun.misc.Launcher$AppClassLoader.loadClass(Launcher.java:352)
	at java.lang.ClassLoader.loadClass(ClassLoader.java:351)
	at java.lang.Class.forName0(Native Method)
	at java.lang.Class.forName(Class.java:348)
	at org.apache.nifi.processors.hadoop.ExtendedConfiguration.getClassByNameOrNull(ExtendedConfiguration.java:70)
	at org.apache.hadoop.util.ReflectionUtils.setJobConf(ReflectionUtils.java:98)
	at org.apache.hadoop.util.ReflectionUtils.setConf(ReflectionUtils.java:81)
	at org.apache.hadoop.util.ReflectionUtils.newInstance(ReflectionUtils.java:139)
	at org.apache.hadoop.io.compress.CompressionCodecFactory.<init>(CompressionCodecFactory.java:186)
	at org.apache.nifi.processors.hadoop.AbstractHadoopProcessor.getCompressionCodec(AbstractHadoopProcessor.java:588)
	at org.apache.nifi.processors.hadoop.PutHDFS$1.run(PutHDFS.java:310)
	at java.security.AccessController.doPrivileged(Native Method)
	at javax.security.auth.Subject.doAs(Subject.java:360)
	at org.apache.hadoop.security.UserGroupInformation.doAs(UserGroupInformation.java:1822)
	at org.apache.nifi.processors.hadoop.PutHDFS.onTrigger(PutHDFS.java:297)
	at org.apache.nifi.processor.AbstractProcessor.onTrigger(AbstractProcessor.java:27)
	at org.apache.nifi.util.StandardProcessorTestRunner$RunProcessor.call(StandardProcessorTestRunner.java:284)
	at org.apache.nifi.util.StandardProcessorTestRunner$RunProcessor.call(StandardProcessorTestRunner.java:278)
	at java.util.concurrent.FutureTask.run(FutureTask.java:266)
	at java.util.concurrent.ScheduledThreadPoolExecutor$ScheduledFutureTask.access$201(ScheduledThreadPoolExecutor.java:180)
	at java.util.concurrent.ScheduledThreadPoolExecutor$ScheduledFutureTask.run(ScheduledThreadPoolExecutor.java:293)
	at java.util.concurrent.ThreadPoolExecutor.runWorker(ThreadPoolExecutor.java:1149)
	at java.util.concurrent.ThreadPoolExecutor$Worker.run(ThreadPoolExecutor.java:624)
	at java.lang.Thread.run(Thread.java:750)
10054 [pool-124-thread-1] ERROR org.apache.nifi.processors.hadoop.PutHDFSTest$TestablePutHDFS - [TestablePutHDFS[id=bfbf30c4-0898-4255-a707-3c76ba349f18]] org.apache.hadoop.mapred.JobConf
java.lang.ClassNotFoundException: org.apache.hadoop.mapred.JobConf
	at java.net.URLClassLoader.findClass(URLClassLoader.java:387)
	at java.lang.ClassLoader.loadClass(ClassLoader.java:418)
	at sun.misc.Launcher$AppClassLoader.loadClass(Launcher.java:352)
	at java.lang.ClassLoader.loadClass(ClassLoader.java:351)
	at java.lang.Class.forName0(Native Method)
	at java.lang.Class.forName(Class.java:348)
	at org.apache.nifi.processors.hadoop.ExtendedConfiguration.getClassByNameOrNull(ExtendedConfiguration.java:70)
	at org.apache.hadoop.util.ReflectionUtils.setJobConf(ReflectionUtils.java:98)
	at org.apache.hadoop.util.ReflectionUtils.setConf(ReflectionUtils.java:81)
	at org.apache.hadoop.util.ReflectionUtils.newInstance(ReflectionUtils.java:139)
	at org.apache.hadoop.io.compress.CompressionCodecFactory.<init>(CompressionCodecFactory.java:186)
	at org.apache.nifi.processors.hadoop.AbstractHadoopProcessor.getCompressionCodec(AbstractHadoopProcessor.java:588)
	at org.apache.nifi.processors.hadoop.PutHDFS$1.run(PutHDFS.java:310)
	at java.security.AccessController.doPrivileged(Native Method)
	at javax.security.auth.Subject.doAs(Subject.java:360)
	at org.apache.hadoop.security.UserGroupInformation.doAs(UserGroupInformation.java:1822)
	at org.apache.nifi.processors.hadoop.PutHDFS.onTrigger(PutHDFS.java:297)
	at org.apache.nifi.processor.AbstractProcessor.onTrigger(AbstractProcessor.java:27)
	at org.apache.nifi.util.StandardProcessorTestRunner$RunProcessor.call(StandardProcessorTestRunner.java:284)
	at org.apache.nifi.util.StandardProcessorTestRunner$RunProcessor.call(StandardProcessorTestRunner.java:278)
	at java.util.concurrent.FutureTask.run(FutureTask.java:266)
	at java.util.concurrent.ScheduledThreadPoolExecutor$ScheduledFutureTask.access$201(ScheduledThreadPoolExecutor.java:180)
	at java.util.concurrent.ScheduledThreadPoolExecutor$ScheduledFutureTask.run(ScheduledThreadPoolExecutor.java:293)
	at java.util.concurrent.ThreadPoolExecutor.runWorker(ThreadPoolExecutor.java:1149)
	at java.util.concurrent.ThreadPoolExecutor$Worker.run(ThreadPoolExecutor.java:624)
	at java.lang.Thread.run(Thread.java:750)
10054 [pool-124-thread-1] ERROR org.apache.nifi.processors.hadoop.PutHDFSTest$TestablePutHDFS - [TestablePutHDFS[id=bfbf30c4-0898-4255-a707-3c76ba349f18]] org.apache.hadoop.mapred.JobConf
java.lang.ClassNotFoundException: org.apache.hadoop.mapred.JobConf
	at java.net.URLClassLoader.findClass(URLClassLoader.java:387)
	at java.lang.ClassLoader.loadClass(ClassLoader.java:418)
	at sun.misc.Launcher$AppClassLoader.loadClass(Launcher.java:352)
	at java.lang.ClassLoader.loadClass(ClassLoader.java:351)
	at java.lang.Class.forName0(Native Method)
	at java.lang.Class.forName(Class.java:348)
	at org.apache.nifi.processors.hadoop.ExtendedConfiguration.getClassByNameOrNull(ExtendedConfiguration.java:70)
	at org.apache.hadoop.util.ReflectionUtils.setJobConf(ReflectionUtils.java:98)
	at org.apache.hadoop.util.ReflectionUtils.setConf(ReflectionUtils.java:81)
	at org.apache.hadoop.util.ReflectionUtils.newInstance(ReflectionUtils.java:139)
	at org.apache.hadoop.io.compress.CompressionCodecFactory.<init>(CompressionCodecFactory.java:186)
	at org.apache.nifi.processors.hadoop.AbstractHadoopProcessor.getCompressionCodec(AbstractHadoopProcessor.java:588)
	at org.apache.nifi.processors.hadoop.PutHDFS$1.run(PutHDFS.java:310)
	at java.security.AccessController.doPrivileged(Native Method)
	at javax.security.auth.Subject.doAs(Subject.java:360)
	at org.apache.hadoop.security.UserGroupInformation.doAs(UserGroupInformation.java:1822)
	at org.apache.nifi.processors.hadoop.PutHDFS.onTrigger(PutHDFS.java:297)
	at org.apache.nifi.processor.AbstractProcessor.onTrigger(AbstractProcessor.java:27)
	at org.apache.nifi.util.StandardProcessorTestRunner$RunProcessor.call(StandardProcessorTestRunner.java:284)
	at org.apache.nifi.util.StandardProcessorTestRunner$RunProcessor.call(StandardProcessorTestRunner.java:278)
	at java.util.concurrent.FutureTask.run(FutureTask.java:266)
	at java.util.concurrent.ScheduledThreadPoolExecutor$ScheduledFutureTask.access$201(ScheduledThreadPoolExecutor.java:180)
	at java.util.concurrent.ScheduledThreadPoolExecutor$ScheduledFutureTask.run(ScheduledThreadPoolExecutor.java:293)
	at java.util.concurrent.ThreadPoolExecutor.runWorker(ThreadPoolExecutor.java:1149)
	at java.util.concurrent.ThreadPoolExecutor$Worker.run(ThreadPoolExecutor.java:624)
	at java.lang.Thread.run(Thread.java:750)
10054 [pool-124-thread-1] ERROR org.apache.nifi.processors.hadoop.PutHDFSTest$TestablePutHDFS - [TestablePutHDFS[id=bfbf30c4-0898-4255-a707-3c76ba349f18]] org.apache.hadoop.mapred.JobConf
java.lang.ClassNotFoundException: org.apache.hadoop.mapred.JobConf
	at java.net.URLClassLoader.findClass(URLClassLoader.java:387)
	at java.lang.ClassLoader.loadClass(ClassLoader.java:418)
	at sun.misc.Launcher$AppClassLoader.loadClass(Launcher.java:352)
	at java.lang.ClassLoader.loadClass(ClassLoader.java:351)
	at java.lang.Class.forName0(Native Method)
	at java.lang.Class.forName(Class.java:348)
	at org.apache.nifi.processors.hadoop.ExtendedConfiguration.getClassByNameOrNull(ExtendedConfiguration.java:70)
	at org.apache.hadoop.util.ReflectionUtils.setJobConf(ReflectionUtils.java:98)
	at org.apache.hadoop.util.ReflectionUtils.setConf(ReflectionUtils.java:81)
	at org.apache.hadoop.util.ReflectionUtils.newInstance(ReflectionUtils.java:139)
	at org.apache.hadoop.io.compress.CompressionCodecFactory.<init>(CompressionCodecFactory.java:186)
	at org.apache.nifi.processors.hadoop.AbstractHadoopProcessor.getCompressionCodec(AbstractHadoopProcessor.java:588)
	at org.apache.nifi.processors.hadoop.PutHDFS$1.run(PutHDFS.java:310)
	at java.security.AccessController.doPrivileged(Native Method)
	at javax.security.auth.Subject.doAs(Subject.java:360)
	at org.apache.hadoop.security.UserGroupInformation.doAs(UserGroupInformation.java:1822)
	at org.apache.nifi.processors.hadoop.PutHDFS.onTrigger(PutHDFS.java:297)
	at org.apache.nifi.processor.AbstractProcessor.onTrigger(AbstractProcessor.java:27)
	at org.apache.nifi.util.StandardProcessorTestRunner$RunProcessor.call(StandardProcessorTestRunner.java:284)
	at org.apache.nifi.util.StandardProcessorTestRunner$RunProcessor.call(StandardProcessorTestRunner.java:278)
	at java.util.concurrent.FutureTask.run(FutureTask.java:266)
	at java.util.concurrent.ScheduledThreadPoolExecutor$ScheduledFutureTask.access$201(ScheduledThreadPoolExecutor.java:180)
	at java.util.concurrent.ScheduledThreadPoolExecutor$ScheduledFutureTask.run(ScheduledThreadPoolExecutor.java:293)
	at java.util.concurrent.ThreadPoolExecutor.runWorker(ThreadPoolExecutor.java:1149)
	at java.util.concurrent.ThreadPoolExecutor$Worker.run(ThreadPoolExecutor.java:624)
	at java.lang.Thread.run(Thread.java:750)
10055 [pool-124-thread-1] ERROR org.apache.nifi.processors.hadoop.PutHDFSTest$TestablePutHDFS - [TestablePutHDFS[id=bfbf30c4-0898-4255-a707-3c76ba349f18]] org.apache.hadoop.mapred.JobConf
java.lang.ClassNotFoundException: org.apache.hadoop.mapred.JobConf
	at java.net.URLClassLoader.findClass(URLClassLoader.java:387)
	at java.lang.ClassLoader.loadClass(ClassLoader.java:418)
	at sun.misc.Launcher$AppClassLoader.loadClass(Launcher.java:352)
	at java.lang.ClassLoader.loadClass(ClassLoader.java:351)
	at java.lang.Class.forName0(Native Method)
	at java.lang.Class.forName(Class.java:348)
	at org.apache.nifi.processors.hadoop.ExtendedConfiguration.getClassByNameOrNull(ExtendedConfiguration.java:70)
	at org.apache.hadoop.util.ReflectionUtils.setJobConf(ReflectionUtils.java:98)
	at org.apache.hadoop.util.ReflectionUtils.setConf(ReflectionUtils.java:81)
	at org.apache.hadoop.util.ReflectionUtils.newInstance(ReflectionUtils.java:139)
	at org.apache.hadoop.io.compress.CompressionCodecFactory.<init>(CompressionCodecFactory.java:186)
	at org.apache.nifi.processors.hadoop.AbstractHadoopProcessor.getCompressionCodec(AbstractHadoopProcessor.java:588)
	at org.apache.nifi.processors.hadoop.PutHDFS$1.run(PutHDFS.java:310)
	at java.security.AccessController.doPrivileged(Native Method)
	at javax.security.auth.Subject.doAs(Subject.java:360)
	at org.apache.hadoop.security.UserGroupInformation.doAs(UserGroupInformation.java:1822)
	at org.apache.nifi.processors.hadoop.PutHDFS.onTrigger(PutHDFS.java:297)
	at org.apache.nifi.processor.AbstractProcessor.onTrigger(AbstractProcessor.java:27)
	at org.apache.nifi.util.StandardProcessorTestRunner$RunProcessor.call(StandardProcessorTestRunner.java:284)
	at org.apache.nifi.util.StandardProcessorTestRunner$RunProcessor.call(StandardProcessorTestRunner.java:278)
	at java.util.concurrent.FutureTask.run(FutureTask.java:266)
	at java.util.concurrent.ScheduledThreadPoolExecutor$ScheduledFutureTask.access$201(ScheduledThreadPoolExecutor.java:180)
	at java.util.concurrent.ScheduledThreadPoolExecutor$ScheduledFutureTask.run(ScheduledThreadPoolExecutor.java:293)
	at java.util.concurrent.ThreadPoolExecutor.runWorker(ThreadPoolExecutor.java:1149)
	at java.util.concurrent.ThreadPoolExecutor$Worker.run(ThreadPoolExecutor.java:624)
	at java.lang.Thread.run(Thread.java:750)
10055 [pool-124-thread-1] ERROR org.apache.nifi.processors.hadoop.PutHDFSTest$TestablePutHDFS - [TestablePutHDFS[id=bfbf30c4-0898-4255-a707-3c76ba349f18]] org.apache.hadoop.mapred.JobConf
java.lang.ClassNotFoundException: org.apache.hadoop.mapred.JobConf
	at java.net.URLClassLoader.findClass(URLClassLoader.java:387)
	at java.lang.ClassLoader.loadClass(ClassLoader.java:418)
	at sun.misc.Launcher$AppClassLoader.loadClass(Launcher.java:352)
	at java.lang.ClassLoader.loadClass(ClassLoader.java:351)
	at java.lang.Class.forName0(Native Method)
	at java.lang.Class.forName(Class.java:348)
	at org.apache.nifi.processors.hadoop.ExtendedConfiguration.getClassByNameOrNull(ExtendedConfiguration.java:70)
	at org.apache.hadoop.util.ReflectionUtils.setJobConf(ReflectionUtils.java:98)
	at org.apache.hadoop.util.ReflectionUtils.setConf(ReflectionUtils.java:81)
	at org.apache.hadoop.util.ReflectionUtils.newInstance(ReflectionUtils.java:139)
	at org.apache.hadoop.io.compress.CompressionCodecFactory.<init>(CompressionCodecFactory.java:186)
	at org.apache.nifi.processors.hadoop.AbstractHadoopProcessor.getCompressionCodec(AbstractHadoopProcessor.java:588)
	at org.apache.nifi.processors.hadoop.PutHDFS$1.run(PutHDFS.java:310)
	at java.security.AccessController.doPrivileged(Native Method)
	at javax.security.auth.Subject.doAs(Subject.java:360)
	at org.apache.hadoop.security.UserGroupInformation.doAs(UserGroupInformation.java:1822)
	at org.apache.nifi.processors.hadoop.PutHDFS.onTrigger(PutHDFS.java:297)
	at org.apache.nifi.processor.AbstractProcessor.onTrigger(AbstractProcessor.java:27)
	at org.apache.nifi.util.StandardProcessorTestRunner$RunProcessor.call(StandardProcessorTestRunner.java:284)
	at org.apache.nifi.util.StandardProcessorTestRunner$RunProcessor.call(StandardProcessorTestRunner.java:278)
	at java.util.concurrent.FutureTask.run(FutureTask.java:266)
	at java.util.concurrent.ScheduledThreadPoolExecutor$ScheduledFutureTask.access$201(ScheduledThreadPoolExecutor.java:180)
	at java.util.concurrent.ScheduledThreadPoolExecutor$ScheduledFutureTask.run(ScheduledThreadPoolExecutor.java:293)
	at java.util.concurrent.ThreadPoolExecutor.runWorker(ThreadPoolExecutor.java:1149)
	at java.util.concurrent.ThreadPoolExecutor$Worker.run(ThreadPoolExecutor.java:624)
	at java.lang.Thread.run(Thread.java:750)
10055 [pool-124-thread-1] ERROR org.apache.nifi.processors.hadoop.PutHDFSTest$TestablePutHDFS - [TestablePutHDFS[id=bfbf30c4-0898-4255-a707-3c76ba349f18]] org.apache.hadoop.mapred.JobConf
java.lang.ClassNotFoundException: org.apache.hadoop.mapred.JobConf
	at java.net.URLClassLoader.findClass(URLClassLoader.java:387)
	at java.lang.ClassLoader.loadClass(ClassLoader.java:418)
	at sun.misc.Launcher$AppClassLoader.loadClass(Launcher.java:352)
	at java.lang.ClassLoader.loadClass(ClassLoader.java:351)
	at java.lang.Class.forName0(Native Method)
	at java.lang.Class.forName(Class.java:348)
	at org.apache.nifi.processors.hadoop.ExtendedConfiguration.getClassByNameOrNull(ExtendedConfiguration.java:70)
	at org.apache.hadoop.util.ReflectionUtils.setJobConf(ReflectionUtils.java:98)
	at org.apache.hadoop.util.ReflectionUtils.setConf(ReflectionUtils.java:81)
	at org.apache.hadoop.util.ReflectionUtils.newInstance(ReflectionUtils.java:139)
	at org.apache.hadoop.io.compress.CompressionCodecFactory.<init>(CompressionCodecFactory.java:186)
	at org.apache.nifi.processors.hadoop.AbstractHadoopProcessor.getCompressionCodec(AbstractHadoopProcessor.java:588)
	at org.apache.nifi.processors.hadoop.PutHDFS$1.run(PutHDFS.java:310)
	at java.security.AccessController.doPrivileged(Native Method)
	at javax.security.auth.Subject.doAs(Subject.java:360)
	at org.apache.hadoop.security.UserGroupInformation.doAs(UserGroupInformation.java:1822)
	at org.apache.nifi.processors.hadoop.PutHDFS.onTrigger(PutHDFS.java:297)
	at org.apache.nifi.processor.AbstractProcessor.onTrigger(AbstractProcessor.java:27)
	at org.apache.nifi.util.StandardProcessorTestRunner$RunProcessor.call(StandardProcessorTestRunner.java:284)
	at org.apache.nifi.util.StandardProcessorTestRunner$RunProcessor.call(StandardProcessorTestRunner.java:278)
	at java.util.concurrent.FutureTask.run(FutureTask.java:266)
	at java.util.concurrent.ScheduledThreadPoolExecutor$ScheduledFutureTask.access$201(ScheduledThreadPoolExecutor.java:180)
	at java.util.concurrent.ScheduledThreadPoolExecutor$ScheduledFutureTask.run(ScheduledThreadPoolExecutor.java:293)
	at java.util.concurrent.ThreadPoolExecutor.runWorker(ThreadPoolExecutor.java:1149)
	at java.util.concurrent.ThreadPoolExecutor$Worker.run(ThreadPoolExecutor.java:624)
	at java.lang.Thread.run(Thread.java:750)
10055 [pool-124-thread-1] INFO org.apache.nifi.processors.hadoop.PutHDFSTest$TestablePutHDFS - TestablePutHDFS[id=bfbf30c4-0898-4255-a707-3c76ba349f18] copied FlowFile[0,empty,16B] to HDFS at /withNoDACL/empty in 0 milliseconds at a rate of 302.18 KB/sec
10062 [main] ERROR org.apache.nifi.processors.hadoop.PutHDFSTest$TestablePutHDFS - [TestablePutHDFS[id=21625e7e-d0f5-4cdc-9024-f65876db7289]] org.apache.hadoop.mapred.JobConf
java.lang.ClassNotFoundException: org.apache.hadoop.mapred.JobConf
	at java.net.URLClassLoader.findClass(URLClassLoader.java:387)
	at java.lang.ClassLoader.loadClass(ClassLoader.java:418)
	at sun.misc.Launcher$AppClassLoader.loadClass(Launcher.java:352)
	at java.lang.ClassLoader.loadClass(ClassLoader.java:351)
	at java.lang.Class.forName0(Native Method)
	at java.lang.Class.forName(Class.java:348)
	at org.apache.nifi.processors.hadoop.ExtendedConfiguration.getClassByNameOrNull(ExtendedConfiguration.java:70)
	at org.apache.hadoop.util.ReflectionUtils.setJobConf(ReflectionUtils.java:98)
	at org.apache.hadoop.util.ReflectionUtils.setConf(ReflectionUtils.java:81)
	at org.apache.hadoop.util.ReflectionUtils.newInstance(ReflectionUtils.java:139)
	at org.apache.hadoop.fs.FileSystem.createFileSystem(FileSystem.java:3412)
	at org.apache.hadoop.fs.FileSystem.get(FileSystem.java:521)
	at org.apache.hadoop.fs.FileSystem.get(FileSystem.java:272)
	at org.apache.nifi.processors.hadoop.AbstractHadoopProcessor$1.run(AbstractHadoopProcessor.java:546)
	at org.apache.nifi.processors.hadoop.AbstractHadoopProcessor$1.run(AbstractHadoopProcessor.java:543)
	at java.security.AccessController.doPrivileged(Native Method)
	at javax.security.auth.Subject.doAs(Subject.java:422)
	at org.apache.hadoop.security.UserGroupInformation.doAs(UserGroupInformation.java:1845)
	at org.apache.nifi.processors.hadoop.AbstractHadoopProcessor.getFileSystemAsUser(AbstractHadoopProcessor.java:543)
	at org.apache.nifi.processors.hadoop.AbstractHadoopProcessor.resetHDFSResources(AbstractHadoopProcessor.java:476)
	at org.apache.nifi.processors.hadoop.AbstractHadoopProcessor.abstractOnScheduled(AbstractHadoopProcessor.java:352)
	at sun.reflect.GeneratedMethodAccessor19.invoke(Unknown Source)
	at sun.reflect.DelegatingMethodAccessorImpl.invoke(DelegatingMethodAccessorImpl.java:43)
	at java.lang.reflect.Method.invoke(Method.java:498)
	at org.apache.nifi.util.ReflectionUtils.invokeMethodsWithAnnotation(ReflectionUtils.java:68)
	at org.apache.nifi.util.StandardProcessorTestRunner.run(StandardProcessorTestRunner.java:203)
	at org.apache.nifi.util.StandardProcessorTestRunner.run(StandardProcessorTestRunner.java:185)
	at org.apache.nifi.util.StandardProcessorTestRunner.run(StandardProcessorTestRunner.java:180)
	at org.apache.nifi.util.StandardProcessorTestRunner.run(StandardProcessorTestRunner.java:175)
	at org.apache.nifi.util.StandardProcessorTestRunner.run(StandardProcessorTestRunner.java:170)
	at org.apache.nifi.processors.hadoop.PutHDFSTest.testPutFileWithNoDefaultACL(PutHDFSTest.java:570)
	at sun.reflect.NativeMethodAccessorImpl.invoke0(Native Method)
	at sun.reflect.NativeMethodAccessorImpl.invoke(NativeMethodAccessorImpl.java:62)
	at sun.reflect.DelegatingMethodAccessorImpl.invoke(DelegatingMethodAccessorImpl.java:43)
	at java.lang.reflect.Method.invoke(Method.java:498)
	at org.junit.runners.model.FrameworkMethod$1.runReflectiveCall(FrameworkMethod.java:59)
	at org.junit.internal.runners.model.ReflectiveCallable.run(ReflectiveCallable.java:12)
	at org.junit.runners.model.FrameworkMethod.invokeExplosively(FrameworkMethod.java:56)
	at org.junit.internal.runners.statements.InvokeMethod.evaluate(InvokeMethod.java:17)
	at org.junit.internal.runners.statements.RunBefores.evaluate(RunBefores.java:26)
	at org.junit.runners.ParentRunner$3.evaluate(ParentRunner.java:306)
	at org.junit.runners.BlockJUnit4ClassRunner$1.evaluate(BlockJUnit4ClassRunner.java:100)
	at org.junit.runners.ParentRunner.runLeaf(ParentRunner.java:366)
	at org.junit.runners.BlockJUnit4ClassRunner.runChild(BlockJUnit4ClassRunner.java:103)
	at org.junit.runners.BlockJUnit4ClassRunner.runChild(BlockJUnit4ClassRunner.java:63)
	at org.junit.runners.ParentRunner$4.run(ParentRunner.java:331)
	at org.junit.runners.ParentRunner$1.schedule(ParentRunner.java:79)
	at org.junit.runners.ParentRunner.runChildren(ParentRunner.java:329)
	at org.junit.runners.ParentRunner.access$100(ParentRunner.java:66)
	at org.junit.runners.ParentRunner$2.evaluate(ParentRunner.java:293)
	at org.junit.runners.ParentRunner$3.evaluate(ParentRunner.java:306)
	at org.junit.runners.ParentRunner.run(ParentRunner.java:413)
	at org.junit.runner.JUnitCore.run(JUnitCore.java:137)
	at org.junit.runner.JUnitCore.run(JUnitCore.java:115)
	at org.junit.vintage.engine.execution.RunnerExecutor.execute(RunnerExecutor.java:43)
	at java.util.stream.ForEachOps$ForEachOp$OfRef.accept(ForEachOps.java:183)
	at java.util.stream.ReferencePipeline$3$1.accept(ReferencePipeline.java:193)
	at java.util.Iterator.forEachRemaining(Iterator.java:116)
	at java.util.Spliterators$IteratorSpliterator.forEachRemaining(Spliterators.java:1801)
	at java.util.stream.AbstractPipeline.copyInto(AbstractPipeline.java:482)
	at java.util.stream.AbstractPipeline.wrapAndCopyInto(AbstractPipeline.java:472)
	at java.util.stream.ForEachOps$ForEachOp.evaluateSequential(ForEachOps.java:150)
	at java.util.stream.ForEachOps$ForEachOp$OfRef.evaluateSequential(ForEachOps.java:173)
	at java.util.stream.AbstractPipeline.evaluate(AbstractPipeline.java:234)
	at java.util.stream.ReferencePipeline.forEach(ReferencePipeline.java:485)
	at org.junit.vintage.engine.VintageTestEngine.executeAllChildren(VintageTestEngine.java:82)
	at org.junit.vintage.engine.VintageTestEngine.execute(VintageTestEngine.java:73)
	at org.junit.platform.launcher.core.EngineExecutionOrchestrator.execute(EngineExecutionOrchestrator.java:108)
	at org.junit.platform.launcher.core.EngineExecutionOrchestrator.execute(EngineExecutionOrchestrator.java:88)
	at org.junit.platform.launcher.core.EngineExecutionOrchestrator.lambda$execute$0(EngineExecutionOrchestrator.java:54)
	at org.junit.platform.launcher.core.EngineExecutionOrchestrator.withInterceptedStreams(EngineExecutionOrchestrator.java:67)
	at org.junit.platform.launcher.core.EngineExecutionOrchestrator.execute(EngineExecutionOrchestrator.java:52)
	at org.junit.platform.launcher.core.DefaultLauncher.execute(DefaultLauncher.java:96)
	at org.junit.platform.launcher.core.DefaultLauncher.execute(DefaultLauncher.java:75)
	at org.apache.maven.surefire.junitplatform.JUnitPlatformProvider.execute(JUnitPlatformProvider.java:188)
	at org.apache.maven.surefire.junitplatform.JUnitPlatformProvider.invokeAllTests(JUnitPlatformProvider.java:154)
	at org.apache.maven.surefire.junitplatform.JUnitPlatformProvider.invoke(JUnitPlatformProvider.java:128)
	at org.apache.maven.surefire.booter.ForkedBooter.runSuitesInProcess(ForkedBooter.java:428)
	at org.apache.maven.surefire.booter.ForkedBooter.execute(ForkedBooter.java:162)
	at org.apache.maven.surefire.booter.ForkedBooter.run(ForkedBooter.java:562)
	at org.apache.maven.surefire.booter.ForkedBooter.main(ForkedBooter.java:548)
10063 [main] INFO org.apache.nifi.processors.hadoop.PutHDFSTest$TestablePutHDFS - TestablePutHDFS[id=21625e7e-d0f5-4cdc-9024-f65876db7289] Initialized a new HDFS File System with working dir: file:/home/alex/Repositories/nifi/nifi-nar-bundles/nifi-hadoop-bundle/nifi-hdfs-processors default block size: 33554432 default replication: 1 config: Configuration: core-default.xml, core-site.xml, hdfs-default.xml, hdfs-rbf-default.xml, hdfs-site.xml, hdfs-rbf-site.xml
10064 [pool-125-thread-1] ERROR org.apache.nifi.processors.hadoop.PutHDFSTest$TestablePutHDFS - [TestablePutHDFS[id=21625e7e-d0f5-4cdc-9024-f65876db7289]] org.apache.hadoop.mapred.JobConf
java.lang.ClassNotFoundException: org.apache.hadoop.mapred.JobConf
	at java.net.URLClassLoader.findClass(URLClassLoader.java:387)
	at java.lang.ClassLoader.loadClass(ClassLoader.java:418)
	at sun.misc.Launcher$AppClassLoader.loadClass(Launcher.java:352)
	at java.lang.ClassLoader.loadClass(ClassLoader.java:351)
	at java.lang.Class.forName0(Native Method)
	at java.lang.Class.forName(Class.java:348)
	at org.apache.nifi.processors.hadoop.ExtendedConfiguration.getClassByNameOrNull(ExtendedConfiguration.java:70)
	at org.apache.hadoop.util.ReflectionUtils.setJobConf(ReflectionUtils.java:98)
	at org.apache.hadoop.util.ReflectionUtils.setConf(ReflectionUtils.java:81)
	at org.apache.hadoop.util.ReflectionUtils.newInstance(ReflectionUtils.java:139)
	at org.apache.hadoop.io.compress.CompressionCodecFactory.<init>(CompressionCodecFactory.java:186)
	at org.apache.nifi.processors.hadoop.AbstractHadoopProcessor.getCompressionCodec(AbstractHadoopProcessor.java:588)
	at org.apache.nifi.processors.hadoop.PutHDFS$1.run(PutHDFS.java:310)
	at java.security.AccessController.doPrivileged(Native Method)
	at javax.security.auth.Subject.doAs(Subject.java:360)
	at org.apache.hadoop.security.UserGroupInformation.doAs(UserGroupInformation.java:1822)
	at org.apache.nifi.processors.hadoop.PutHDFS.onTrigger(PutHDFS.java:297)
	at org.apache.nifi.processor.AbstractProcessor.onTrigger(AbstractProcessor.java:27)
	at org.apache.nifi.util.StandardProcessorTestRunner$RunProcessor.call(StandardProcessorTestRunner.java:284)
	at org.apache.nifi.util.StandardProcessorTestRunner$RunProcessor.call(StandardProcessorTestRunner.java:278)
	at java.util.concurrent.FutureTask.run(FutureTask.java:266)
	at java.util.concurrent.ScheduledThreadPoolExecutor$ScheduledFutureTask.access$201(ScheduledThreadPoolExecutor.java:180)
	at java.util.concurrent.ScheduledThreadPoolExecutor$ScheduledFutureTask.run(ScheduledThreadPoolExecutor.java:293)
	at java.util.concurrent.ThreadPoolExecutor.runWorker(ThreadPoolExecutor.java:1149)
	at java.util.concurrent.ThreadPoolExecutor$Worker.run(ThreadPoolExecutor.java:624)
	at java.lang.Thread.run(Thread.java:750)
10065 [pool-125-thread-1] ERROR org.apache.nifi.processors.hadoop.PutHDFSTest$TestablePutHDFS - [TestablePutHDFS[id=21625e7e-d0f5-4cdc-9024-f65876db7289]] org.apache.hadoop.mapred.JobConf
java.lang.ClassNotFoundException: org.apache.hadoop.mapred.JobConf
	at java.net.URLClassLoader.findClass(URLClassLoader.java:387)
	at java.lang.ClassLoader.loadClass(ClassLoader.java:418)
	at sun.misc.Launcher$AppClassLoader.loadClass(Launcher.java:352)
	at java.lang.ClassLoader.loadClass(ClassLoader.java:351)
	at java.lang.Class.forName0(Native Method)
	at java.lang.Class.forName(Class.java:348)
	at org.apache.nifi.processors.hadoop.ExtendedConfiguration.getClassByNameOrNull(ExtendedConfiguration.java:70)
	at org.apache.hadoop.util.ReflectionUtils.setJobConf(ReflectionUtils.java:98)
	at org.apache.hadoop.util.ReflectionUtils.setConf(ReflectionUtils.java:81)
	at org.apache.hadoop.util.ReflectionUtils.newInstance(ReflectionUtils.java:139)
	at org.apache.hadoop.io.compress.CompressionCodecFactory.<init>(CompressionCodecFactory.java:186)
	at org.apache.nifi.processors.hadoop.AbstractHadoopProcessor.getCompressionCodec(AbstractHadoopProcessor.java:588)
	at org.apache.nifi.processors.hadoop.PutHDFS$1.run(PutHDFS.java:310)
	at java.security.AccessController.doPrivileged(Native Method)
	at javax.security.auth.Subject.doAs(Subject.java:360)
	at org.apache.hadoop.security.UserGroupInformation.doAs(UserGroupInformation.java:1822)
	at org.apache.nifi.processors.hadoop.PutHDFS.onTrigger(PutHDFS.java:297)
	at org.apache.nifi.processor.AbstractProcessor.onTrigger(AbstractProcessor.java:27)
	at org.apache.nifi.util.StandardProcessorTestRunner$RunProcessor.call(StandardProcessorTestRunner.java:284)
	at org.apache.nifi.util.StandardProcessorTestRunner$RunProcessor.call(StandardProcessorTestRunner.java:278)
	at java.util.concurrent.FutureTask.run(FutureTask.java:266)
	at java.util.concurrent.ScheduledThreadPoolExecutor$ScheduledFutureTask.access$201(ScheduledThreadPoolExecutor.java:180)
	at java.util.concurrent.ScheduledThreadPoolExecutor$ScheduledFutureTask.run(ScheduledThreadPoolExecutor.java:293)
	at java.util.concurrent.ThreadPoolExecutor.runWorker(ThreadPoolExecutor.java:1149)
	at java.util.concurrent.ThreadPoolExecutor$Worker.run(ThreadPoolExecutor.java:624)
	at java.lang.Thread.run(Thread.java:750)
10065 [pool-125-thread-1] ERROR org.apache.nifi.processors.hadoop.PutHDFSTest$TestablePutHDFS - [TestablePutHDFS[id=21625e7e-d0f5-4cdc-9024-f65876db7289]] org.apache.hadoop.mapred.JobConf
java.lang.ClassNotFoundException: org.apache.hadoop.mapred.JobConf
	at java.net.URLClassLoader.findClass(URLClassLoader.java:387)
	at java.lang.ClassLoader.loadClass(ClassLoader.java:418)
	at sun.misc.Launcher$AppClassLoader.loadClass(Launcher.java:352)
	at java.lang.ClassLoader.loadClass(ClassLoader.java:351)
	at java.lang.Class.forName0(Native Method)
	at java.lang.Class.forName(Class.java:348)
	at org.apache.nifi.processors.hadoop.ExtendedConfiguration.getClassByNameOrNull(ExtendedConfiguration.java:70)
	at org.apache.hadoop.util.ReflectionUtils.setJobConf(ReflectionUtils.java:98)
	at org.apache.hadoop.util.ReflectionUtils.setConf(ReflectionUtils.java:81)
	at org.apache.hadoop.util.ReflectionUtils.newInstance(ReflectionUtils.java:139)
	at org.apache.hadoop.io.compress.CompressionCodecFactory.<init>(CompressionCodecFactory.java:186)
	at org.apache.nifi.processors.hadoop.AbstractHadoopProcessor.getCompressionCodec(AbstractHadoopProcessor.java:588)
	at org.apache.nifi.processors.hadoop.PutHDFS$1.run(PutHDFS.java:310)
	at java.security.AccessController.doPrivileged(Native Method)
	at javax.security.auth.Subject.doAs(Subject.java:360)
	at org.apache.hadoop.security.UserGroupInformation.doAs(UserGroupInformation.java:1822)
	at org.apache.nifi.processors.hadoop.PutHDFS.onTrigger(PutHDFS.java:297)
	at org.apache.nifi.processor.AbstractProcessor.onTrigger(AbstractProcessor.java:27)
	at org.apache.nifi.util.StandardProcessorTestRunner$RunProcessor.call(StandardProcessorTestRunner.java:284)
	at org.apache.nifi.util.StandardProcessorTestRunner$RunProcessor.call(StandardProcessorTestRunner.java:278)
	at java.util.concurrent.FutureTask.run(FutureTask.java:266)
	at java.util.concurrent.ScheduledThreadPoolExecutor$ScheduledFutureTask.access$201(ScheduledThreadPoolExecutor.java:180)
	at java.util.concurrent.ScheduledThreadPoolExecutor$ScheduledFutureTask.run(ScheduledThreadPoolExecutor.java:293)
	at java.util.concurrent.ThreadPoolExecutor.runWorker(ThreadPoolExecutor.java:1149)
	at java.util.concurrent.ThreadPoolExecutor$Worker.run(ThreadPoolExecutor.java:624)
	at java.lang.Thread.run(Thread.java:750)
10066 [pool-125-thread-1] ERROR org.apache.nifi.processors.hadoop.PutHDFSTest$TestablePutHDFS - [TestablePutHDFS[id=21625e7e-d0f5-4cdc-9024-f65876db7289]] org.apache.hadoop.mapred.JobConf
java.lang.ClassNotFoundException: org.apache.hadoop.mapred.JobConf
	at java.net.URLClassLoader.findClass(URLClassLoader.java:387)
	at java.lang.ClassLoader.loadClass(ClassLoader.java:418)
	at sun.misc.Launcher$AppClassLoader.loadClass(Launcher.java:352)
	at java.lang.ClassLoader.loadClass(ClassLoader.java:351)
	at java.lang.Class.forName0(Native Method)
	at java.lang.Class.forName(Class.java:348)
	at org.apache.nifi.processors.hadoop.ExtendedConfiguration.getClassByNameOrNull(ExtendedConfiguration.java:70)
	at org.apache.hadoop.util.ReflectionUtils.setJobConf(ReflectionUtils.java:98)
	at org.apache.hadoop.util.ReflectionUtils.setConf(ReflectionUtils.java:81)
	at org.apache.hadoop.util.ReflectionUtils.newInstance(ReflectionUtils.java:139)
	at org.apache.hadoop.io.compress.CompressionCodecFactory.<init>(CompressionCodecFactory.java:186)
	at org.apache.nifi.processors.hadoop.AbstractHadoopProcessor.getCompressionCodec(AbstractHadoopProcessor.java:588)
	at org.apache.nifi.processors.hadoop.PutHDFS$1.run(PutHDFS.java:310)
	at java.security.AccessController.doPrivileged(Native Method)
	at javax.security.auth.Subject.doAs(Subject.java:360)
	at org.apache.hadoop.security.UserGroupInformation.doAs(UserGroupInformation.java:1822)
	at org.apache.nifi.processors.hadoop.PutHDFS.onTrigger(PutHDFS.java:297)
	at org.apache.nifi.processor.AbstractProcessor.onTrigger(AbstractProcessor.java:27)
	at org.apache.nifi.util.StandardProcessorTestRunner$RunProcessor.call(StandardProcessorTestRunner.java:284)
	at org.apache.nifi.util.StandardProcessorTestRunner$RunProcessor.call(StandardProcessorTestRunner.java:278)
	at java.util.concurrent.FutureTask.run(FutureTask.java:266)
	at java.util.concurrent.ScheduledThreadPoolExecutor$ScheduledFutureTask.access$201(ScheduledThreadPoolExecutor.java:180)
	at java.util.concurrent.ScheduledThreadPoolExecutor$ScheduledFutureTask.run(ScheduledThreadPoolExecutor.java:293)
	at java.util.concurrent.ThreadPoolExecutor.runWorker(ThreadPoolExecutor.java:1149)
	at java.util.concurrent.ThreadPoolExecutor$Worker.run(ThreadPoolExecutor.java:624)
	at java.lang.Thread.run(Thread.java:750)
10066 [pool-125-thread-1] ERROR org.apache.nifi.processors.hadoop.PutHDFSTest$TestablePutHDFS - [TestablePutHDFS[id=21625e7e-d0f5-4cdc-9024-f65876db7289]] org.apache.hadoop.mapred.JobConf
java.lang.ClassNotFoundException: org.apache.hadoop.mapred.JobConf
	at java.net.URLClassLoader.findClass(URLClassLoader.java:387)
	at java.lang.ClassLoader.loadClass(ClassLoader.java:418)
	at sun.misc.Launcher$AppClassLoader.loadClass(Launcher.java:352)
	at java.lang.ClassLoader.loadClass(ClassLoader.java:351)
	at java.lang.Class.forName0(Native Method)
	at java.lang.Class.forName(Class.java:348)
	at org.apache.nifi.processors.hadoop.ExtendedConfiguration.getClassByNameOrNull(ExtendedConfiguration.java:70)
	at org.apache.hadoop.util.ReflectionUtils.setJobConf(ReflectionUtils.java:98)
	at org.apache.hadoop.util.ReflectionUtils.setConf(ReflectionUtils.java:81)
	at org.apache.hadoop.util.ReflectionUtils.newInstance(ReflectionUtils.java:139)
	at org.apache.hadoop.io.compress.CompressionCodecFactory.<init>(CompressionCodecFactory.java:186)
	at org.apache.nifi.processors.hadoop.AbstractHadoopProcessor.getCompressionCodec(AbstractHadoopProcessor.java:588)
	at org.apache.nifi.processors.hadoop.PutHDFS$1.run(PutHDFS.java:310)
	at java.security.AccessController.doPrivileged(Native Method)
	at javax.security.auth.Subject.doAs(Subject.java:360)
	at org.apache.hadoop.security.UserGroupInformation.doAs(UserGroupInformation.java:1822)
	at org.apache.nifi.processors.hadoop.PutHDFS.onTrigger(PutHDFS.java:297)
	at org.apache.nifi.processor.AbstractProcessor.onTrigger(AbstractProcessor.java:27)
	at org.apache.nifi.util.StandardProcessorTestRunner$RunProcessor.call(StandardProcessorTestRunner.java:284)
	at org.apache.nifi.util.StandardProcessorTestRunner$RunProcessor.call(StandardProcessorTestRunner.java:278)
	at java.util.concurrent.FutureTask.run(FutureTask.java:266)
	at java.util.concurrent.ScheduledThreadPoolExecutor$ScheduledFutureTask.access$201(ScheduledThreadPoolExecutor.java:180)
	at java.util.concurrent.ScheduledThreadPoolExecutor$ScheduledFutureTask.run(ScheduledThreadPoolExecutor.java:293)
	at java.util.concurrent.ThreadPoolExecutor.runWorker(ThreadPoolExecutor.java:1149)
	at java.util.concurrent.ThreadPoolExecutor$Worker.run(ThreadPoolExecutor.java:624)
	at java.lang.Thread.run(Thread.java:750)
10067 [pool-125-thread-1] ERROR org.apache.nifi.processors.hadoop.PutHDFSTest$TestablePutHDFS - [TestablePutHDFS[id=21625e7e-d0f5-4cdc-9024-f65876db7289]] org.apache.hadoop.mapred.JobConf
java.lang.ClassNotFoundException: org.apache.hadoop.mapred.JobConf
	at java.net.URLClassLoader.findClass(URLClassLoader.java:387)
	at java.lang.ClassLoader.loadClass(ClassLoader.java:418)
	at sun.misc.Launcher$AppClassLoader.loadClass(Launcher.java:352)
	at java.lang.ClassLoader.loadClass(ClassLoader.java:351)
	at java.lang.Class.forName0(Native Method)
	at java.lang.Class.forName(Class.java:348)
	at org.apache.nifi.processors.hadoop.ExtendedConfiguration.getClassByNameOrNull(ExtendedConfiguration.java:70)
	at org.apache.hadoop.util.ReflectionUtils.setJobConf(ReflectionUtils.java:98)
	at org.apache.hadoop.util.ReflectionUtils.setConf(ReflectionUtils.java:81)
	at org.apache.hadoop.util.ReflectionUtils.newInstance(ReflectionUtils.java:139)
	at org.apache.hadoop.io.compress.CompressionCodecFactory.<init>(CompressionCodecFactory.java:186)
	at org.apache.nifi.processors.hadoop.AbstractHadoopProcessor.getCompressionCodec(AbstractHadoopProcessor.java:588)
	at org.apache.nifi.processors.hadoop.PutHDFS$1.run(PutHDFS.java:310)
	at java.security.AccessController.doPrivileged(Native Method)
	at javax.security.auth.Subject.doAs(Subject.java:360)
	at org.apache.hadoop.security.UserGroupInformation.doAs(UserGroupInformation.java:1822)
	at org.apache.nifi.processors.hadoop.PutHDFS.onTrigger(PutHDFS.java:297)
	at org.apache.nifi.processor.AbstractProcessor.onTrigger(AbstractProcessor.java:27)
	at org.apache.nifi.util.StandardProcessorTestRunner$RunProcessor.call(StandardProcessorTestRunner.java:284)
	at org.apache.nifi.util.StandardProcessorTestRunner$RunProcessor.call(StandardProcessorTestRunner.java:278)
	at java.util.concurrent.FutureTask.run(FutureTask.java:266)
	at java.util.concurrent.ScheduledThreadPoolExecutor$ScheduledFutureTask.access$201(ScheduledThreadPoolExecutor.java:180)
	at java.util.concurrent.ScheduledThreadPoolExecutor$ScheduledFutureTask.run(ScheduledThreadPoolExecutor.java:293)
	at java.util.concurrent.ThreadPoolExecutor.runWorker(ThreadPoolExecutor.java:1149)
	at java.util.concurrent.ThreadPoolExecutor$Worker.run(ThreadPoolExecutor.java:624)
	at java.lang.Thread.run(Thread.java:750)
10067 [pool-125-thread-1] ERROR org.apache.nifi.processors.hadoop.PutHDFSTest$TestablePutHDFS - [TestablePutHDFS[id=21625e7e-d0f5-4cdc-9024-f65876db7289]] org.apache.hadoop.mapred.JobConf
java.lang.ClassNotFoundException: org.apache.hadoop.mapred.JobConf
	at java.net.URLClassLoader.findClass(URLClassLoader.java:387)
	at java.lang.ClassLoader.loadClass(ClassLoader.java:418)
	at sun.misc.Launcher$AppClassLoader.loadClass(Launcher.java:352)
	at java.lang.ClassLoader.loadClass(ClassLoader.java:351)
	at java.lang.Class.forName0(Native Method)
	at java.lang.Class.forName(Class.java:348)
	at org.apache.nifi.processors.hadoop.ExtendedConfiguration.getClassByNameOrNull(ExtendedConfiguration.java:70)
	at org.apache.hadoop.util.ReflectionUtils.setJobConf(ReflectionUtils.java:98)
	at org.apache.hadoop.util.ReflectionUtils.setConf(ReflectionUtils.java:81)
	at org.apache.hadoop.util.ReflectionUtils.newInstance(ReflectionUtils.java:139)
	at org.apache.hadoop.io.compress.CompressionCodecFactory.<init>(CompressionCodecFactory.java:186)
	at org.apache.nifi.processors.hadoop.AbstractHadoopProcessor.getCompressionCodec(AbstractHadoopProcessor.java:588)
	at org.apache.nifi.processors.hadoop.PutHDFS$1.run(PutHDFS.java:310)
	at java.security.AccessController.doPrivileged(Native Method)
	at javax.security.auth.Subject.doAs(Subject.java:360)
	at org.apache.hadoop.security.UserGroupInformation.doAs(UserGroupInformation.java:1822)
	at org.apache.nifi.processors.hadoop.PutHDFS.onTrigger(PutHDFS.java:297)
	at org.apache.nifi.processor.AbstractProcessor.onTrigger(AbstractProcessor.java:27)
	at org.apache.nifi.util.StandardProcessorTestRunner$RunProcessor.call(StandardProcessorTestRunner.java:284)
	at org.apache.nifi.util.StandardProcessorTestRunner$RunProcessor.call(StandardProcessorTestRunner.java:278)
	at java.util.concurrent.FutureTask.run(FutureTask.java:266)
	at java.util.concurrent.ScheduledThreadPoolExecutor$ScheduledFutureTask.access$201(ScheduledThreadPoolExecutor.java:180)
	at java.util.concurrent.ScheduledThreadPoolExecutor$ScheduledFutureTask.run(ScheduledThreadPoolExecutor.java:293)
	at java.util.concurrent.ThreadPoolExecutor.runWorker(ThreadPoolExecutor.java:1149)
	at java.util.concurrent.ThreadPoolExecutor$Worker.run(ThreadPoolExecutor.java:624)
	at java.lang.Thread.run(Thread.java:750)
10067 [pool-125-thread-1] INFO org.apache.nifi.processors.hadoop.PutHDFSTest$TestablePutHDFS - TestablePutHDFS[id=21625e7e-d0f5-4cdc-9024-f65876db7289] copied FlowFile[0,empty,16B] to HDFS at /withNoDACL/empty in 0 milliseconds at a rate of 144.67 KB/sec
]]></system-err>
  </testcase>
  <testcase name="testPutFileWhenDirectoryUsesValidELFunction" classname="org.apache.nifi.processors.hadoop.PutHDFSTest" time="0.014">
    <system-err><![CDATA[10076 [main] ERROR org.apache.nifi.processors.hadoop.PutHDFSTest$TestablePutHDFS - [TestablePutHDFS[id=a864dd3f-c89d-4042-8d2e-9162a5f3dcb7]] org.apache.hadoop.mapred.JobConf
java.lang.ClassNotFoundException: org.apache.hadoop.mapred.JobConf
	at java.net.URLClassLoader.findClass(URLClassLoader.java:387)
	at java.lang.ClassLoader.loadClass(ClassLoader.java:418)
	at sun.misc.Launcher$AppClassLoader.loadClass(Launcher.java:352)
	at java.lang.ClassLoader.loadClass(ClassLoader.java:351)
	at java.lang.Class.forName0(Native Method)
	at java.lang.Class.forName(Class.java:348)
	at org.apache.nifi.processors.hadoop.ExtendedConfiguration.getClassByNameOrNull(ExtendedConfiguration.java:70)
	at org.apache.hadoop.util.ReflectionUtils.setJobConf(ReflectionUtils.java:98)
	at org.apache.hadoop.util.ReflectionUtils.setConf(ReflectionUtils.java:81)
	at org.apache.hadoop.util.ReflectionUtils.newInstance(ReflectionUtils.java:139)
	at org.apache.hadoop.fs.FileSystem.createFileSystem(FileSystem.java:3412)
	at org.apache.hadoop.fs.FileSystem.get(FileSystem.java:521)
	at org.apache.hadoop.fs.FileSystem.get(FileSystem.java:272)
	at org.apache.nifi.processors.hadoop.AbstractHadoopProcessor$1.run(AbstractHadoopProcessor.java:546)
	at org.apache.nifi.processors.hadoop.AbstractHadoopProcessor$1.run(AbstractHadoopProcessor.java:543)
	at java.security.AccessController.doPrivileged(Native Method)
	at javax.security.auth.Subject.doAs(Subject.java:422)
	at org.apache.hadoop.security.UserGroupInformation.doAs(UserGroupInformation.java:1845)
	at org.apache.nifi.processors.hadoop.AbstractHadoopProcessor.getFileSystemAsUser(AbstractHadoopProcessor.java:543)
	at org.apache.nifi.processors.hadoop.AbstractHadoopProcessor.resetHDFSResources(AbstractHadoopProcessor.java:476)
	at org.apache.nifi.processors.hadoop.AbstractHadoopProcessor.abstractOnScheduled(AbstractHadoopProcessor.java:352)
	at sun.reflect.GeneratedMethodAccessor19.invoke(Unknown Source)
	at sun.reflect.DelegatingMethodAccessorImpl.invoke(DelegatingMethodAccessorImpl.java:43)
	at java.lang.reflect.Method.invoke(Method.java:498)
	at org.apache.nifi.util.ReflectionUtils.invokeMethodsWithAnnotation(ReflectionUtils.java:68)
	at org.apache.nifi.util.StandardProcessorTestRunner.run(StandardProcessorTestRunner.java:203)
	at org.apache.nifi.util.StandardProcessorTestRunner.run(StandardProcessorTestRunner.java:185)
	at org.apache.nifi.util.StandardProcessorTestRunner.run(StandardProcessorTestRunner.java:180)
	at org.apache.nifi.util.StandardProcessorTestRunner.run(StandardProcessorTestRunner.java:175)
	at org.apache.nifi.util.StandardProcessorTestRunner.run(StandardProcessorTestRunner.java:170)
	at org.apache.nifi.processors.hadoop.PutHDFSTest.testPutFileWhenDirectoryUsesValidELFunction(PutHDFSTest.java:414)
	at sun.reflect.NativeMethodAccessorImpl.invoke0(Native Method)
	at sun.reflect.NativeMethodAccessorImpl.invoke(NativeMethodAccessorImpl.java:62)
	at sun.reflect.DelegatingMethodAccessorImpl.invoke(DelegatingMethodAccessorImpl.java:43)
	at java.lang.reflect.Method.invoke(Method.java:498)
	at org.junit.runners.model.FrameworkMethod$1.runReflectiveCall(FrameworkMethod.java:59)
	at org.junit.internal.runners.model.ReflectiveCallable.run(ReflectiveCallable.java:12)
	at org.junit.runners.model.FrameworkMethod.invokeExplosively(FrameworkMethod.java:56)
	at org.junit.internal.runners.statements.InvokeMethod.evaluate(InvokeMethod.java:17)
	at org.junit.internal.runners.statements.RunBefores.evaluate(RunBefores.java:26)
	at org.junit.runners.ParentRunner$3.evaluate(ParentRunner.java:306)
	at org.junit.runners.BlockJUnit4ClassRunner$1.evaluate(BlockJUnit4ClassRunner.java:100)
	at org.junit.runners.ParentRunner.runLeaf(ParentRunner.java:366)
	at org.junit.runners.BlockJUnit4ClassRunner.runChild(BlockJUnit4ClassRunner.java:103)
	at org.junit.runners.BlockJUnit4ClassRunner.runChild(BlockJUnit4ClassRunner.java:63)
	at org.junit.runners.ParentRunner$4.run(ParentRunner.java:331)
	at org.junit.runners.ParentRunner$1.schedule(ParentRunner.java:79)
	at org.junit.runners.ParentRunner.runChildren(ParentRunner.java:329)
	at org.junit.runners.ParentRunner.access$100(ParentRunner.java:66)
	at org.junit.runners.ParentRunner$2.evaluate(ParentRunner.java:293)
	at org.junit.runners.ParentRunner$3.evaluate(ParentRunner.java:306)
	at org.junit.runners.ParentRunner.run(ParentRunner.java:413)
	at org.junit.runner.JUnitCore.run(JUnitCore.java:137)
	at org.junit.runner.JUnitCore.run(JUnitCore.java:115)
	at org.junit.vintage.engine.execution.RunnerExecutor.execute(RunnerExecutor.java:43)
	at java.util.stream.ForEachOps$ForEachOp$OfRef.accept(ForEachOps.java:183)
	at java.util.stream.ReferencePipeline$3$1.accept(ReferencePipeline.java:193)
	at java.util.Iterator.forEachRemaining(Iterator.java:116)
	at java.util.Spliterators$IteratorSpliterator.forEachRemaining(Spliterators.java:1801)
	at java.util.stream.AbstractPipeline.copyInto(AbstractPipeline.java:482)
	at java.util.stream.AbstractPipeline.wrapAndCopyInto(AbstractPipeline.java:472)
	at java.util.stream.ForEachOps$ForEachOp.evaluateSequential(ForEachOps.java:150)
	at java.util.stream.ForEachOps$ForEachOp$OfRef.evaluateSequential(ForEachOps.java:173)
	at java.util.stream.AbstractPipeline.evaluate(AbstractPipeline.java:234)
	at java.util.stream.ReferencePipeline.forEach(ReferencePipeline.java:485)
	at org.junit.vintage.engine.VintageTestEngine.executeAllChildren(VintageTestEngine.java:82)
	at org.junit.vintage.engine.VintageTestEngine.execute(VintageTestEngine.java:73)
	at org.junit.platform.launcher.core.EngineExecutionOrchestrator.execute(EngineExecutionOrchestrator.java:108)
	at org.junit.platform.launcher.core.EngineExecutionOrchestrator.execute(EngineExecutionOrchestrator.java:88)
	at org.junit.platform.launcher.core.EngineExecutionOrchestrator.lambda$execute$0(EngineExecutionOrchestrator.java:54)
	at org.junit.platform.launcher.core.EngineExecutionOrchestrator.withInterceptedStreams(EngineExecutionOrchestrator.java:67)
	at org.junit.platform.launcher.core.EngineExecutionOrchestrator.execute(EngineExecutionOrchestrator.java:52)
	at org.junit.platform.launcher.core.DefaultLauncher.execute(DefaultLauncher.java:96)
	at org.junit.platform.launcher.core.DefaultLauncher.execute(DefaultLauncher.java:75)
	at org.apache.maven.surefire.junitplatform.JUnitPlatformProvider.execute(JUnitPlatformProvider.java:188)
	at org.apache.maven.surefire.junitplatform.JUnitPlatformProvider.invokeAllTests(JUnitPlatformProvider.java:154)
	at org.apache.maven.surefire.junitplatform.JUnitPlatformProvider.invoke(JUnitPlatformProvider.java:128)
	at org.apache.maven.surefire.booter.ForkedBooter.runSuitesInProcess(ForkedBooter.java:428)
	at org.apache.maven.surefire.booter.ForkedBooter.execute(ForkedBooter.java:162)
	at org.apache.maven.surefire.booter.ForkedBooter.run(ForkedBooter.java:562)
	at org.apache.maven.surefire.booter.ForkedBooter.main(ForkedBooter.java:548)
10077 [main] INFO org.apache.nifi.processors.hadoop.PutHDFSTest$TestablePutHDFS - TestablePutHDFS[id=a864dd3f-c89d-4042-8d2e-9162a5f3dcb7] Initialized a new HDFS File System with working dir: file:/home/alex/Repositories/nifi/nifi-nar-bundles/nifi-hadoop-bundle/nifi-hdfs-processors default block size: 33554432 default replication: 1 config: Configuration: core-default.xml, core-site.xml, hdfs-default.xml, hdfs-rbf-default.xml, hdfs-site.xml, hdfs-rbf-site.xml
10078 [pool-126-thread-1] ERROR org.apache.nifi.processors.hadoop.PutHDFSTest$TestablePutHDFS - [TestablePutHDFS[id=a864dd3f-c89d-4042-8d2e-9162a5f3dcb7]] org.apache.hadoop.mapred.JobConf
java.lang.ClassNotFoundException: org.apache.hadoop.mapred.JobConf
	at java.net.URLClassLoader.findClass(URLClassLoader.java:387)
	at java.lang.ClassLoader.loadClass(ClassLoader.java:418)
	at sun.misc.Launcher$AppClassLoader.loadClass(Launcher.java:352)
	at java.lang.ClassLoader.loadClass(ClassLoader.java:351)
	at java.lang.Class.forName0(Native Method)
	at java.lang.Class.forName(Class.java:348)
	at org.apache.nifi.processors.hadoop.ExtendedConfiguration.getClassByNameOrNull(ExtendedConfiguration.java:70)
	at org.apache.hadoop.util.ReflectionUtils.setJobConf(ReflectionUtils.java:98)
	at org.apache.hadoop.util.ReflectionUtils.setConf(ReflectionUtils.java:81)
	at org.apache.hadoop.util.ReflectionUtils.newInstance(ReflectionUtils.java:139)
	at org.apache.hadoop.io.compress.CompressionCodecFactory.<init>(CompressionCodecFactory.java:186)
	at org.apache.nifi.processors.hadoop.AbstractHadoopProcessor.getCompressionCodec(AbstractHadoopProcessor.java:588)
	at org.apache.nifi.processors.hadoop.PutHDFS$1.run(PutHDFS.java:310)
	at java.security.AccessController.doPrivileged(Native Method)
	at javax.security.auth.Subject.doAs(Subject.java:360)
	at org.apache.hadoop.security.UserGroupInformation.doAs(UserGroupInformation.java:1822)
	at org.apache.nifi.processors.hadoop.PutHDFS.onTrigger(PutHDFS.java:297)
	at org.apache.nifi.processor.AbstractProcessor.onTrigger(AbstractProcessor.java:27)
	at org.apache.nifi.util.StandardProcessorTestRunner$RunProcessor.call(StandardProcessorTestRunner.java:284)
	at org.apache.nifi.util.StandardProcessorTestRunner$RunProcessor.call(StandardProcessorTestRunner.java:278)
	at java.util.concurrent.FutureTask.run(FutureTask.java:266)
	at java.util.concurrent.ScheduledThreadPoolExecutor$ScheduledFutureTask.access$201(ScheduledThreadPoolExecutor.java:180)
	at java.util.concurrent.ScheduledThreadPoolExecutor$ScheduledFutureTask.run(ScheduledThreadPoolExecutor.java:293)
	at java.util.concurrent.ThreadPoolExecutor.runWorker(ThreadPoolExecutor.java:1149)
	at java.util.concurrent.ThreadPoolExecutor$Worker.run(ThreadPoolExecutor.java:624)
	at java.lang.Thread.run(Thread.java:750)
10078 [pool-126-thread-1] ERROR org.apache.nifi.processors.hadoop.PutHDFSTest$TestablePutHDFS - [TestablePutHDFS[id=a864dd3f-c89d-4042-8d2e-9162a5f3dcb7]] org.apache.hadoop.mapred.JobConf
java.lang.ClassNotFoundException: org.apache.hadoop.mapred.JobConf
	at java.net.URLClassLoader.findClass(URLClassLoader.java:387)
	at java.lang.ClassLoader.loadClass(ClassLoader.java:418)
	at sun.misc.Launcher$AppClassLoader.loadClass(Launcher.java:352)
	at java.lang.ClassLoader.loadClass(ClassLoader.java:351)
	at java.lang.Class.forName0(Native Method)
	at java.lang.Class.forName(Class.java:348)
	at org.apache.nifi.processors.hadoop.ExtendedConfiguration.getClassByNameOrNull(ExtendedConfiguration.java:70)
	at org.apache.hadoop.util.ReflectionUtils.setJobConf(ReflectionUtils.java:98)
	at org.apache.hadoop.util.ReflectionUtils.setConf(ReflectionUtils.java:81)
	at org.apache.hadoop.util.ReflectionUtils.newInstance(ReflectionUtils.java:139)
	at org.apache.hadoop.io.compress.CompressionCodecFactory.<init>(CompressionCodecFactory.java:186)
	at org.apache.nifi.processors.hadoop.AbstractHadoopProcessor.getCompressionCodec(AbstractHadoopProcessor.java:588)
	at org.apache.nifi.processors.hadoop.PutHDFS$1.run(PutHDFS.java:310)
	at java.security.AccessController.doPrivileged(Native Method)
	at javax.security.auth.Subject.doAs(Subject.java:360)
	at org.apache.hadoop.security.UserGroupInformation.doAs(UserGroupInformation.java:1822)
	at org.apache.nifi.processors.hadoop.PutHDFS.onTrigger(PutHDFS.java:297)
	at org.apache.nifi.processor.AbstractProcessor.onTrigger(AbstractProcessor.java:27)
	at org.apache.nifi.util.StandardProcessorTestRunner$RunProcessor.call(StandardProcessorTestRunner.java:284)
	at org.apache.nifi.util.StandardProcessorTestRunner$RunProcessor.call(StandardProcessorTestRunner.java:278)
	at java.util.concurrent.FutureTask.run(FutureTask.java:266)
	at java.util.concurrent.ScheduledThreadPoolExecutor$ScheduledFutureTask.access$201(ScheduledThreadPoolExecutor.java:180)
	at java.util.concurrent.ScheduledThreadPoolExecutor$ScheduledFutureTask.run(ScheduledThreadPoolExecutor.java:293)
	at java.util.concurrent.ThreadPoolExecutor.runWorker(ThreadPoolExecutor.java:1149)
	at java.util.concurrent.ThreadPoolExecutor$Worker.run(ThreadPoolExecutor.java:624)
	at java.lang.Thread.run(Thread.java:750)
10079 [pool-126-thread-1] ERROR org.apache.nifi.processors.hadoop.PutHDFSTest$TestablePutHDFS - [TestablePutHDFS[id=a864dd3f-c89d-4042-8d2e-9162a5f3dcb7]] org.apache.hadoop.mapred.JobConf
java.lang.ClassNotFoundException: org.apache.hadoop.mapred.JobConf
	at java.net.URLClassLoader.findClass(URLClassLoader.java:387)
	at java.lang.ClassLoader.loadClass(ClassLoader.java:418)
	at sun.misc.Launcher$AppClassLoader.loadClass(Launcher.java:352)
	at java.lang.ClassLoader.loadClass(ClassLoader.java:351)
	at java.lang.Class.forName0(Native Method)
	at java.lang.Class.forName(Class.java:348)
	at org.apache.nifi.processors.hadoop.ExtendedConfiguration.getClassByNameOrNull(ExtendedConfiguration.java:70)
	at org.apache.hadoop.util.ReflectionUtils.setJobConf(ReflectionUtils.java:98)
	at org.apache.hadoop.util.ReflectionUtils.setConf(ReflectionUtils.java:81)
	at org.apache.hadoop.util.ReflectionUtils.newInstance(ReflectionUtils.java:139)
	at org.apache.hadoop.io.compress.CompressionCodecFactory.<init>(CompressionCodecFactory.java:186)
	at org.apache.nifi.processors.hadoop.AbstractHadoopProcessor.getCompressionCodec(AbstractHadoopProcessor.java:588)
	at org.apache.nifi.processors.hadoop.PutHDFS$1.run(PutHDFS.java:310)
	at java.security.AccessController.doPrivileged(Native Method)
	at javax.security.auth.Subject.doAs(Subject.java:360)
	at org.apache.hadoop.security.UserGroupInformation.doAs(UserGroupInformation.java:1822)
	at org.apache.nifi.processors.hadoop.PutHDFS.onTrigger(PutHDFS.java:297)
	at org.apache.nifi.processor.AbstractProcessor.onTrigger(AbstractProcessor.java:27)
	at org.apache.nifi.util.StandardProcessorTestRunner$RunProcessor.call(StandardProcessorTestRunner.java:284)
	at org.apache.nifi.util.StandardProcessorTestRunner$RunProcessor.call(StandardProcessorTestRunner.java:278)
	at java.util.concurrent.FutureTask.run(FutureTask.java:266)
	at java.util.concurrent.ScheduledThreadPoolExecutor$ScheduledFutureTask.access$201(ScheduledThreadPoolExecutor.java:180)
	at java.util.concurrent.ScheduledThreadPoolExecutor$ScheduledFutureTask.run(ScheduledThreadPoolExecutor.java:293)
	at java.util.concurrent.ThreadPoolExecutor.runWorker(ThreadPoolExecutor.java:1149)
	at java.util.concurrent.ThreadPoolExecutor$Worker.run(ThreadPoolExecutor.java:624)
	at java.lang.Thread.run(Thread.java:750)
10079 [pool-126-thread-1] ERROR org.apache.nifi.processors.hadoop.PutHDFSTest$TestablePutHDFS - [TestablePutHDFS[id=a864dd3f-c89d-4042-8d2e-9162a5f3dcb7]] org.apache.hadoop.mapred.JobConf
java.lang.ClassNotFoundException: org.apache.hadoop.mapred.JobConf
	at java.net.URLClassLoader.findClass(URLClassLoader.java:387)
	at java.lang.ClassLoader.loadClass(ClassLoader.java:418)
	at sun.misc.Launcher$AppClassLoader.loadClass(Launcher.java:352)
	at java.lang.ClassLoader.loadClass(ClassLoader.java:351)
	at java.lang.Class.forName0(Native Method)
	at java.lang.Class.forName(Class.java:348)
	at org.apache.nifi.processors.hadoop.ExtendedConfiguration.getClassByNameOrNull(ExtendedConfiguration.java:70)
	at org.apache.hadoop.util.ReflectionUtils.setJobConf(ReflectionUtils.java:98)
	at org.apache.hadoop.util.ReflectionUtils.setConf(ReflectionUtils.java:81)
	at org.apache.hadoop.util.ReflectionUtils.newInstance(ReflectionUtils.java:139)
	at org.apache.hadoop.io.compress.CompressionCodecFactory.<init>(CompressionCodecFactory.java:186)
	at org.apache.nifi.processors.hadoop.AbstractHadoopProcessor.getCompressionCodec(AbstractHadoopProcessor.java:588)
	at org.apache.nifi.processors.hadoop.PutHDFS$1.run(PutHDFS.java:310)
	at java.security.AccessController.doPrivileged(Native Method)
	at javax.security.auth.Subject.doAs(Subject.java:360)
	at org.apache.hadoop.security.UserGroupInformation.doAs(UserGroupInformation.java:1822)
	at org.apache.nifi.processors.hadoop.PutHDFS.onTrigger(PutHDFS.java:297)
	at org.apache.nifi.processor.AbstractProcessor.onTrigger(AbstractProcessor.java:27)
	at org.apache.nifi.util.StandardProcessorTestRunner$RunProcessor.call(StandardProcessorTestRunner.java:284)
	at org.apache.nifi.util.StandardProcessorTestRunner$RunProcessor.call(StandardProcessorTestRunner.java:278)
	at java.util.concurrent.FutureTask.run(FutureTask.java:266)
	at java.util.concurrent.ScheduledThreadPoolExecutor$ScheduledFutureTask.access$201(ScheduledThreadPoolExecutor.java:180)
	at java.util.concurrent.ScheduledThreadPoolExecutor$ScheduledFutureTask.run(ScheduledThreadPoolExecutor.java:293)
	at java.util.concurrent.ThreadPoolExecutor.runWorker(ThreadPoolExecutor.java:1149)
	at java.util.concurrent.ThreadPoolExecutor$Worker.run(ThreadPoolExecutor.java:624)
	at java.lang.Thread.run(Thread.java:750)
10080 [pool-126-thread-1] ERROR org.apache.nifi.processors.hadoop.PutHDFSTest$TestablePutHDFS - [TestablePutHDFS[id=a864dd3f-c89d-4042-8d2e-9162a5f3dcb7]] org.apache.hadoop.mapred.JobConf
java.lang.ClassNotFoundException: org.apache.hadoop.mapred.JobConf
	at java.net.URLClassLoader.findClass(URLClassLoader.java:387)
	at java.lang.ClassLoader.loadClass(ClassLoader.java:418)
	at sun.misc.Launcher$AppClassLoader.loadClass(Launcher.java:352)
	at java.lang.ClassLoader.loadClass(ClassLoader.java:351)
	at java.lang.Class.forName0(Native Method)
	at java.lang.Class.forName(Class.java:348)
	at org.apache.nifi.processors.hadoop.ExtendedConfiguration.getClassByNameOrNull(ExtendedConfiguration.java:70)
	at org.apache.hadoop.util.ReflectionUtils.setJobConf(ReflectionUtils.java:98)
	at org.apache.hadoop.util.ReflectionUtils.setConf(ReflectionUtils.java:81)
	at org.apache.hadoop.util.ReflectionUtils.newInstance(ReflectionUtils.java:139)
	at org.apache.hadoop.io.compress.CompressionCodecFactory.<init>(CompressionCodecFactory.java:186)
	at org.apache.nifi.processors.hadoop.AbstractHadoopProcessor.getCompressionCodec(AbstractHadoopProcessor.java:588)
	at org.apache.nifi.processors.hadoop.PutHDFS$1.run(PutHDFS.java:310)
	at java.security.AccessController.doPrivileged(Native Method)
	at javax.security.auth.Subject.doAs(Subject.java:360)
	at org.apache.hadoop.security.UserGroupInformation.doAs(UserGroupInformation.java:1822)
	at org.apache.nifi.processors.hadoop.PutHDFS.onTrigger(PutHDFS.java:297)
	at org.apache.nifi.processor.AbstractProcessor.onTrigger(AbstractProcessor.java:27)
	at org.apache.nifi.util.StandardProcessorTestRunner$RunProcessor.call(StandardProcessorTestRunner.java:284)
	at org.apache.nifi.util.StandardProcessorTestRunner$RunProcessor.call(StandardProcessorTestRunner.java:278)
	at java.util.concurrent.FutureTask.run(FutureTask.java:266)
	at java.util.concurrent.ScheduledThreadPoolExecutor$ScheduledFutureTask.access$201(ScheduledThreadPoolExecutor.java:180)
	at java.util.concurrent.ScheduledThreadPoolExecutor$ScheduledFutureTask.run(ScheduledThreadPoolExecutor.java:293)
	at java.util.concurrent.ThreadPoolExecutor.runWorker(ThreadPoolExecutor.java:1149)
	at java.util.concurrent.ThreadPoolExecutor$Worker.run(ThreadPoolExecutor.java:624)
	at java.lang.Thread.run(Thread.java:750)
10080 [pool-126-thread-1] ERROR org.apache.nifi.processors.hadoop.PutHDFSTest$TestablePutHDFS - [TestablePutHDFS[id=a864dd3f-c89d-4042-8d2e-9162a5f3dcb7]] org.apache.hadoop.mapred.JobConf
java.lang.ClassNotFoundException: org.apache.hadoop.mapred.JobConf
	at java.net.URLClassLoader.findClass(URLClassLoader.java:387)
	at java.lang.ClassLoader.loadClass(ClassLoader.java:418)
	at sun.misc.Launcher$AppClassLoader.loadClass(Launcher.java:352)
	at java.lang.ClassLoader.loadClass(ClassLoader.java:351)
	at java.lang.Class.forName0(Native Method)
	at java.lang.Class.forName(Class.java:348)
	at org.apache.nifi.processors.hadoop.ExtendedConfiguration.getClassByNameOrNull(ExtendedConfiguration.java:70)
	at org.apache.hadoop.util.ReflectionUtils.setJobConf(ReflectionUtils.java:98)
	at org.apache.hadoop.util.ReflectionUtils.setConf(ReflectionUtils.java:81)
	at org.apache.hadoop.util.ReflectionUtils.newInstance(ReflectionUtils.java:139)
	at org.apache.hadoop.io.compress.CompressionCodecFactory.<init>(CompressionCodecFactory.java:186)
	at org.apache.nifi.processors.hadoop.AbstractHadoopProcessor.getCompressionCodec(AbstractHadoopProcessor.java:588)
	at org.apache.nifi.processors.hadoop.PutHDFS$1.run(PutHDFS.java:310)
	at java.security.AccessController.doPrivileged(Native Method)
	at javax.security.auth.Subject.doAs(Subject.java:360)
	at org.apache.hadoop.security.UserGroupInformation.doAs(UserGroupInformation.java:1822)
	at org.apache.nifi.processors.hadoop.PutHDFS.onTrigger(PutHDFS.java:297)
	at org.apache.nifi.processor.AbstractProcessor.onTrigger(AbstractProcessor.java:27)
	at org.apache.nifi.util.StandardProcessorTestRunner$RunProcessor.call(StandardProcessorTestRunner.java:284)
	at org.apache.nifi.util.StandardProcessorTestRunner$RunProcessor.call(StandardProcessorTestRunner.java:278)
	at java.util.concurrent.FutureTask.run(FutureTask.java:266)
	at java.util.concurrent.ScheduledThreadPoolExecutor$ScheduledFutureTask.access$201(ScheduledThreadPoolExecutor.java:180)
	at java.util.concurrent.ScheduledThreadPoolExecutor$ScheduledFutureTask.run(ScheduledThreadPoolExecutor.java:293)
	at java.util.concurrent.ThreadPoolExecutor.runWorker(ThreadPoolExecutor.java:1149)
	at java.util.concurrent.ThreadPoolExecutor$Worker.run(ThreadPoolExecutor.java:624)
	at java.lang.Thread.run(Thread.java:750)
10080 [pool-126-thread-1] ERROR org.apache.nifi.processors.hadoop.PutHDFSTest$TestablePutHDFS - [TestablePutHDFS[id=a864dd3f-c89d-4042-8d2e-9162a5f3dcb7]] org.apache.hadoop.mapred.JobConf
java.lang.ClassNotFoundException: org.apache.hadoop.mapred.JobConf
	at java.net.URLClassLoader.findClass(URLClassLoader.java:387)
	at java.lang.ClassLoader.loadClass(ClassLoader.java:418)
	at sun.misc.Launcher$AppClassLoader.loadClass(Launcher.java:352)
	at java.lang.ClassLoader.loadClass(ClassLoader.java:351)
	at java.lang.Class.forName0(Native Method)
	at java.lang.Class.forName(Class.java:348)
	at org.apache.nifi.processors.hadoop.ExtendedConfiguration.getClassByNameOrNull(ExtendedConfiguration.java:70)
	at org.apache.hadoop.util.ReflectionUtils.setJobConf(ReflectionUtils.java:98)
	at org.apache.hadoop.util.ReflectionUtils.setConf(ReflectionUtils.java:81)
	at org.apache.hadoop.util.ReflectionUtils.newInstance(ReflectionUtils.java:139)
	at org.apache.hadoop.io.compress.CompressionCodecFactory.<init>(CompressionCodecFactory.java:186)
	at org.apache.nifi.processors.hadoop.AbstractHadoopProcessor.getCompressionCodec(AbstractHadoopProcessor.java:588)
	at org.apache.nifi.processors.hadoop.PutHDFS$1.run(PutHDFS.java:310)
	at java.security.AccessController.doPrivileged(Native Method)
	at javax.security.auth.Subject.doAs(Subject.java:360)
	at org.apache.hadoop.security.UserGroupInformation.doAs(UserGroupInformation.java:1822)
	at org.apache.nifi.processors.hadoop.PutHDFS.onTrigger(PutHDFS.java:297)
	at org.apache.nifi.processor.AbstractProcessor.onTrigger(AbstractProcessor.java:27)
	at org.apache.nifi.util.StandardProcessorTestRunner$RunProcessor.call(StandardProcessorTestRunner.java:284)
	at org.apache.nifi.util.StandardProcessorTestRunner$RunProcessor.call(StandardProcessorTestRunner.java:278)
	at java.util.concurrent.FutureTask.run(FutureTask.java:266)
	at java.util.concurrent.ScheduledThreadPoolExecutor$ScheduledFutureTask.access$201(ScheduledThreadPoolExecutor.java:180)
	at java.util.concurrent.ScheduledThreadPoolExecutor$ScheduledFutureTask.run(ScheduledThreadPoolExecutor.java:293)
	at java.util.concurrent.ThreadPoolExecutor.runWorker(ThreadPoolExecutor.java:1149)
	at java.util.concurrent.ThreadPoolExecutor$Worker.run(ThreadPoolExecutor.java:624)
	at java.lang.Thread.run(Thread.java:750)
10081 [pool-126-thread-1] INFO org.apache.nifi.processors.hadoop.PutHDFSTest$TestablePutHDFS - TestablePutHDFS[id=a864dd3f-c89d-4042-8d2e-9162a5f3dcb7] copied FlowFile[0,randombytes-1,500000B] to HDFS at target/data_test/randombytes-1 in 0 milliseconds at a rate of 2.43 GB/sec
]]></system-err>
  </testcase>
  <testcase name="testPutFileWhenTargetDirExists" classname="org.apache.nifi.processors.hadoop.PutHDFSTest" time="0.011">
    <system-err><![CDATA[10089 [main] ERROR org.apache.nifi.processors.hadoop.PutHDFSTest$TestablePutHDFS - [TestablePutHDFS[id=d362aee0-4452-43ff-9002-9f900509c920]] org.apache.hadoop.mapred.JobConf
java.lang.ClassNotFoundException: org.apache.hadoop.mapred.JobConf
	at java.net.URLClassLoader.findClass(URLClassLoader.java:387)
	at java.lang.ClassLoader.loadClass(ClassLoader.java:418)
	at sun.misc.Launcher$AppClassLoader.loadClass(Launcher.java:352)
	at java.lang.ClassLoader.loadClass(ClassLoader.java:351)
	at java.lang.Class.forName0(Native Method)
	at java.lang.Class.forName(Class.java:348)
	at org.apache.nifi.processors.hadoop.ExtendedConfiguration.getClassByNameOrNull(ExtendedConfiguration.java:70)
	at org.apache.hadoop.util.ReflectionUtils.setJobConf(ReflectionUtils.java:98)
	at org.apache.hadoop.util.ReflectionUtils.setConf(ReflectionUtils.java:81)
	at org.apache.hadoop.util.ReflectionUtils.newInstance(ReflectionUtils.java:139)
	at org.apache.hadoop.fs.FileSystem.createFileSystem(FileSystem.java:3412)
	at org.apache.hadoop.fs.FileSystem.get(FileSystem.java:521)
	at org.apache.hadoop.fs.FileSystem.get(FileSystem.java:272)
	at org.apache.nifi.processors.hadoop.AbstractHadoopProcessor$1.run(AbstractHadoopProcessor.java:546)
	at org.apache.nifi.processors.hadoop.AbstractHadoopProcessor$1.run(AbstractHadoopProcessor.java:543)
	at java.security.AccessController.doPrivileged(Native Method)
	at javax.security.auth.Subject.doAs(Subject.java:422)
	at org.apache.hadoop.security.UserGroupInformation.doAs(UserGroupInformation.java:1845)
	at org.apache.nifi.processors.hadoop.AbstractHadoopProcessor.getFileSystemAsUser(AbstractHadoopProcessor.java:543)
	at org.apache.nifi.processors.hadoop.AbstractHadoopProcessor.resetHDFSResources(AbstractHadoopProcessor.java:476)
	at org.apache.nifi.processors.hadoop.AbstractHadoopProcessor.abstractOnScheduled(AbstractHadoopProcessor.java:352)
	at sun.reflect.GeneratedMethodAccessor19.invoke(Unknown Source)
	at sun.reflect.DelegatingMethodAccessorImpl.invoke(DelegatingMethodAccessorImpl.java:43)
	at java.lang.reflect.Method.invoke(Method.java:498)
	at org.apache.nifi.util.ReflectionUtils.invokeMethodsWithAnnotation(ReflectionUtils.java:68)
	at org.apache.nifi.util.StandardProcessorTestRunner.run(StandardProcessorTestRunner.java:203)
	at org.apache.nifi.util.StandardProcessorTestRunner.run(StandardProcessorTestRunner.java:185)
	at org.apache.nifi.util.StandardProcessorTestRunner.run(StandardProcessorTestRunner.java:180)
	at org.apache.nifi.util.StandardProcessorTestRunner.run(StandardProcessorTestRunner.java:175)
	at org.apache.nifi.util.StandardProcessorTestRunner.run(StandardProcessorTestRunner.java:170)
	at org.apache.nifi.processors.hadoop.PutHDFSTest.testPutFileWhenTargetDirExists(PutHDFSTest.java:287)
	at sun.reflect.NativeMethodAccessorImpl.invoke0(Native Method)
	at sun.reflect.NativeMethodAccessorImpl.invoke(NativeMethodAccessorImpl.java:62)
	at sun.reflect.DelegatingMethodAccessorImpl.invoke(DelegatingMethodAccessorImpl.java:43)
	at java.lang.reflect.Method.invoke(Method.java:498)
	at org.junit.runners.model.FrameworkMethod$1.runReflectiveCall(FrameworkMethod.java:59)
	at org.junit.internal.runners.model.ReflectiveCallable.run(ReflectiveCallable.java:12)
	at org.junit.runners.model.FrameworkMethod.invokeExplosively(FrameworkMethod.java:56)
	at org.junit.internal.runners.statements.InvokeMethod.evaluate(InvokeMethod.java:17)
	at org.junit.internal.runners.statements.RunBefores.evaluate(RunBefores.java:26)
	at org.junit.runners.ParentRunner$3.evaluate(ParentRunner.java:306)
	at org.junit.runners.BlockJUnit4ClassRunner$1.evaluate(BlockJUnit4ClassRunner.java:100)
	at org.junit.runners.ParentRunner.runLeaf(ParentRunner.java:366)
	at org.junit.runners.BlockJUnit4ClassRunner.runChild(BlockJUnit4ClassRunner.java:103)
	at org.junit.runners.BlockJUnit4ClassRunner.runChild(BlockJUnit4ClassRunner.java:63)
	at org.junit.runners.ParentRunner$4.run(ParentRunner.java:331)
	at org.junit.runners.ParentRunner$1.schedule(ParentRunner.java:79)
	at org.junit.runners.ParentRunner.runChildren(ParentRunner.java:329)
	at org.junit.runners.ParentRunner.access$100(ParentRunner.java:66)
	at org.junit.runners.ParentRunner$2.evaluate(ParentRunner.java:293)
	at org.junit.runners.ParentRunner$3.evaluate(ParentRunner.java:306)
	at org.junit.runners.ParentRunner.run(ParentRunner.java:413)
	at org.junit.runner.JUnitCore.run(JUnitCore.java:137)
	at org.junit.runner.JUnitCore.run(JUnitCore.java:115)
	at org.junit.vintage.engine.execution.RunnerExecutor.execute(RunnerExecutor.java:43)
	at java.util.stream.ForEachOps$ForEachOp$OfRef.accept(ForEachOps.java:183)
	at java.util.stream.ReferencePipeline$3$1.accept(ReferencePipeline.java:193)
	at java.util.Iterator.forEachRemaining(Iterator.java:116)
	at java.util.Spliterators$IteratorSpliterator.forEachRemaining(Spliterators.java:1801)
	at java.util.stream.AbstractPipeline.copyInto(AbstractPipeline.java:482)
	at java.util.stream.AbstractPipeline.wrapAndCopyInto(AbstractPipeline.java:472)
	at java.util.stream.ForEachOps$ForEachOp.evaluateSequential(ForEachOps.java:150)
	at java.util.stream.ForEachOps$ForEachOp$OfRef.evaluateSequential(ForEachOps.java:173)
	at java.util.stream.AbstractPipeline.evaluate(AbstractPipeline.java:234)
	at java.util.stream.ReferencePipeline.forEach(ReferencePipeline.java:485)
	at org.junit.vintage.engine.VintageTestEngine.executeAllChildren(VintageTestEngine.java:82)
	at org.junit.vintage.engine.VintageTestEngine.execute(VintageTestEngine.java:73)
	at org.junit.platform.launcher.core.EngineExecutionOrchestrator.execute(EngineExecutionOrchestrator.java:108)
	at org.junit.platform.launcher.core.EngineExecutionOrchestrator.execute(EngineExecutionOrchestrator.java:88)
	at org.junit.platform.launcher.core.EngineExecutionOrchestrator.lambda$execute$0(EngineExecutionOrchestrator.java:54)
	at org.junit.platform.launcher.core.EngineExecutionOrchestrator.withInterceptedStreams(EngineExecutionOrchestrator.java:67)
	at org.junit.platform.launcher.core.EngineExecutionOrchestrator.execute(EngineExecutionOrchestrator.java:52)
	at org.junit.platform.launcher.core.DefaultLauncher.execute(DefaultLauncher.java:96)
	at org.junit.platform.launcher.core.DefaultLauncher.execute(DefaultLauncher.java:75)
	at org.apache.maven.surefire.junitplatform.JUnitPlatformProvider.execute(JUnitPlatformProvider.java:188)
	at org.apache.maven.surefire.junitplatform.JUnitPlatformProvider.invokeAllTests(JUnitPlatformProvider.java:154)
	at org.apache.maven.surefire.junitplatform.JUnitPlatformProvider.invoke(JUnitPlatformProvider.java:128)
	at org.apache.maven.surefire.booter.ForkedBooter.runSuitesInProcess(ForkedBooter.java:428)
	at org.apache.maven.surefire.booter.ForkedBooter.execute(ForkedBooter.java:162)
	at org.apache.maven.surefire.booter.ForkedBooter.run(ForkedBooter.java:562)
	at org.apache.maven.surefire.booter.ForkedBooter.main(ForkedBooter.java:548)
10089 [main] INFO org.apache.nifi.processors.hadoop.PutHDFSTest$TestablePutHDFS - TestablePutHDFS[id=d362aee0-4452-43ff-9002-9f900509c920] Initialized a new HDFS File System with working dir: file:/home/alex/Repositories/nifi/nifi-nar-bundles/nifi-hadoop-bundle/nifi-hdfs-processors default block size: 33554432 default replication: 1 config: Configuration: core-default.xml, core-site.xml, hdfs-default.xml, hdfs-rbf-default.xml, hdfs-site.xml, hdfs-rbf-site.xml
10090 [pool-127-thread-1] ERROR org.apache.nifi.processors.hadoop.PutHDFSTest$TestablePutHDFS - [TestablePutHDFS[id=d362aee0-4452-43ff-9002-9f900509c920]] org.apache.hadoop.mapred.JobConf
java.lang.ClassNotFoundException: org.apache.hadoop.mapred.JobConf
	at java.net.URLClassLoader.findClass(URLClassLoader.java:387)
	at java.lang.ClassLoader.loadClass(ClassLoader.java:418)
	at sun.misc.Launcher$AppClassLoader.loadClass(Launcher.java:352)
	at java.lang.ClassLoader.loadClass(ClassLoader.java:351)
	at java.lang.Class.forName0(Native Method)
	at java.lang.Class.forName(Class.java:348)
	at org.apache.nifi.processors.hadoop.ExtendedConfiguration.getClassByNameOrNull(ExtendedConfiguration.java:70)
	at org.apache.hadoop.util.ReflectionUtils.setJobConf(ReflectionUtils.java:98)
	at org.apache.hadoop.util.ReflectionUtils.setConf(ReflectionUtils.java:81)
	at org.apache.hadoop.util.ReflectionUtils.newInstance(ReflectionUtils.java:139)
	at org.apache.hadoop.io.compress.CompressionCodecFactory.<init>(CompressionCodecFactory.java:186)
	at org.apache.nifi.processors.hadoop.AbstractHadoopProcessor.getCompressionCodec(AbstractHadoopProcessor.java:588)
	at org.apache.nifi.processors.hadoop.PutHDFS$1.run(PutHDFS.java:310)
	at java.security.AccessController.doPrivileged(Native Method)
	at javax.security.auth.Subject.doAs(Subject.java:360)
	at org.apache.hadoop.security.UserGroupInformation.doAs(UserGroupInformation.java:1822)
	at org.apache.nifi.processors.hadoop.PutHDFS.onTrigger(PutHDFS.java:297)
	at org.apache.nifi.processor.AbstractProcessor.onTrigger(AbstractProcessor.java:27)
	at org.apache.nifi.util.StandardProcessorTestRunner$RunProcessor.call(StandardProcessorTestRunner.java:284)
	at org.apache.nifi.util.StandardProcessorTestRunner$RunProcessor.call(StandardProcessorTestRunner.java:278)
	at java.util.concurrent.FutureTask.run(FutureTask.java:266)
	at java.util.concurrent.ScheduledThreadPoolExecutor$ScheduledFutureTask.access$201(ScheduledThreadPoolExecutor.java:180)
	at java.util.concurrent.ScheduledThreadPoolExecutor$ScheduledFutureTask.run(ScheduledThreadPoolExecutor.java:293)
	at java.util.concurrent.ThreadPoolExecutor.runWorker(ThreadPoolExecutor.java:1149)
	at java.util.concurrent.ThreadPoolExecutor$Worker.run(ThreadPoolExecutor.java:624)
	at java.lang.Thread.run(Thread.java:750)
10091 [pool-127-thread-1] ERROR org.apache.nifi.processors.hadoop.PutHDFSTest$TestablePutHDFS - [TestablePutHDFS[id=d362aee0-4452-43ff-9002-9f900509c920]] org.apache.hadoop.mapred.JobConf
java.lang.ClassNotFoundException: org.apache.hadoop.mapred.JobConf
	at java.net.URLClassLoader.findClass(URLClassLoader.java:387)
	at java.lang.ClassLoader.loadClass(ClassLoader.java:418)
	at sun.misc.Launcher$AppClassLoader.loadClass(Launcher.java:352)
	at java.lang.ClassLoader.loadClass(ClassLoader.java:351)
	at java.lang.Class.forName0(Native Method)
	at java.lang.Class.forName(Class.java:348)
	at org.apache.nifi.processors.hadoop.ExtendedConfiguration.getClassByNameOrNull(ExtendedConfiguration.java:70)
	at org.apache.hadoop.util.ReflectionUtils.setJobConf(ReflectionUtils.java:98)
	at org.apache.hadoop.util.ReflectionUtils.setConf(ReflectionUtils.java:81)
	at org.apache.hadoop.util.ReflectionUtils.newInstance(ReflectionUtils.java:139)
	at org.apache.hadoop.io.compress.CompressionCodecFactory.<init>(CompressionCodecFactory.java:186)
	at org.apache.nifi.processors.hadoop.AbstractHadoopProcessor.getCompressionCodec(AbstractHadoopProcessor.java:588)
	at org.apache.nifi.processors.hadoop.PutHDFS$1.run(PutHDFS.java:310)
	at java.security.AccessController.doPrivileged(Native Method)
	at javax.security.auth.Subject.doAs(Subject.java:360)
	at org.apache.hadoop.security.UserGroupInformation.doAs(UserGroupInformation.java:1822)
	at org.apache.nifi.processors.hadoop.PutHDFS.onTrigger(PutHDFS.java:297)
	at org.apache.nifi.processor.AbstractProcessor.onTrigger(AbstractProcessor.java:27)
	at org.apache.nifi.util.StandardProcessorTestRunner$RunProcessor.call(StandardProcessorTestRunner.java:284)
	at org.apache.nifi.util.StandardProcessorTestRunner$RunProcessor.call(StandardProcessorTestRunner.java:278)
	at java.util.concurrent.FutureTask.run(FutureTask.java:266)
	at java.util.concurrent.ScheduledThreadPoolExecutor$ScheduledFutureTask.access$201(ScheduledThreadPoolExecutor.java:180)
	at java.util.concurrent.ScheduledThreadPoolExecutor$ScheduledFutureTask.run(ScheduledThreadPoolExecutor.java:293)
	at java.util.concurrent.ThreadPoolExecutor.runWorker(ThreadPoolExecutor.java:1149)
	at java.util.concurrent.ThreadPoolExecutor$Worker.run(ThreadPoolExecutor.java:624)
	at java.lang.Thread.run(Thread.java:750)
10091 [pool-127-thread-1] ERROR org.apache.nifi.processors.hadoop.PutHDFSTest$TestablePutHDFS - [TestablePutHDFS[id=d362aee0-4452-43ff-9002-9f900509c920]] org.apache.hadoop.mapred.JobConf
java.lang.ClassNotFoundException: org.apache.hadoop.mapred.JobConf
	at java.net.URLClassLoader.findClass(URLClassLoader.java:387)
	at java.lang.ClassLoader.loadClass(ClassLoader.java:418)
	at sun.misc.Launcher$AppClassLoader.loadClass(Launcher.java:352)
	at java.lang.ClassLoader.loadClass(ClassLoader.java:351)
	at java.lang.Class.forName0(Native Method)
	at java.lang.Class.forName(Class.java:348)
	at org.apache.nifi.processors.hadoop.ExtendedConfiguration.getClassByNameOrNull(ExtendedConfiguration.java:70)
	at org.apache.hadoop.util.ReflectionUtils.setJobConf(ReflectionUtils.java:98)
	at org.apache.hadoop.util.ReflectionUtils.setConf(ReflectionUtils.java:81)
	at org.apache.hadoop.util.ReflectionUtils.newInstance(ReflectionUtils.java:139)
	at org.apache.hadoop.io.compress.CompressionCodecFactory.<init>(CompressionCodecFactory.java:186)
	at org.apache.nifi.processors.hadoop.AbstractHadoopProcessor.getCompressionCodec(AbstractHadoopProcessor.java:588)
	at org.apache.nifi.processors.hadoop.PutHDFS$1.run(PutHDFS.java:310)
	at java.security.AccessController.doPrivileged(Native Method)
	at javax.security.auth.Subject.doAs(Subject.java:360)
	at org.apache.hadoop.security.UserGroupInformation.doAs(UserGroupInformation.java:1822)
	at org.apache.nifi.processors.hadoop.PutHDFS.onTrigger(PutHDFS.java:297)
	at org.apache.nifi.processor.AbstractProcessor.onTrigger(AbstractProcessor.java:27)
	at org.apache.nifi.util.StandardProcessorTestRunner$RunProcessor.call(StandardProcessorTestRunner.java:284)
	at org.apache.nifi.util.StandardProcessorTestRunner$RunProcessor.call(StandardProcessorTestRunner.java:278)
	at java.util.concurrent.FutureTask.run(FutureTask.java:266)
	at java.util.concurrent.ScheduledThreadPoolExecutor$ScheduledFutureTask.access$201(ScheduledThreadPoolExecutor.java:180)
	at java.util.concurrent.ScheduledThreadPoolExecutor$ScheduledFutureTask.run(ScheduledThreadPoolExecutor.java:293)
	at java.util.concurrent.ThreadPoolExecutor.runWorker(ThreadPoolExecutor.java:1149)
	at java.util.concurrent.ThreadPoolExecutor$Worker.run(ThreadPoolExecutor.java:624)
	at java.lang.Thread.run(Thread.java:750)
10091 [pool-127-thread-1] ERROR org.apache.nifi.processors.hadoop.PutHDFSTest$TestablePutHDFS - [TestablePutHDFS[id=d362aee0-4452-43ff-9002-9f900509c920]] org.apache.hadoop.mapred.JobConf
java.lang.ClassNotFoundException: org.apache.hadoop.mapred.JobConf
	at java.net.URLClassLoader.findClass(URLClassLoader.java:387)
	at java.lang.ClassLoader.loadClass(ClassLoader.java:418)
	at sun.misc.Launcher$AppClassLoader.loadClass(Launcher.java:352)
	at java.lang.ClassLoader.loadClass(ClassLoader.java:351)
	at java.lang.Class.forName0(Native Method)
	at java.lang.Class.forName(Class.java:348)
	at org.apache.nifi.processors.hadoop.ExtendedConfiguration.getClassByNameOrNull(ExtendedConfiguration.java:70)
	at org.apache.hadoop.util.ReflectionUtils.setJobConf(ReflectionUtils.java:98)
	at org.apache.hadoop.util.ReflectionUtils.setConf(ReflectionUtils.java:81)
	at org.apache.hadoop.util.ReflectionUtils.newInstance(ReflectionUtils.java:139)
	at org.apache.hadoop.io.compress.CompressionCodecFactory.<init>(CompressionCodecFactory.java:186)
	at org.apache.nifi.processors.hadoop.AbstractHadoopProcessor.getCompressionCodec(AbstractHadoopProcessor.java:588)
	at org.apache.nifi.processors.hadoop.PutHDFS$1.run(PutHDFS.java:310)
	at java.security.AccessController.doPrivileged(Native Method)
	at javax.security.auth.Subject.doAs(Subject.java:360)
	at org.apache.hadoop.security.UserGroupInformation.doAs(UserGroupInformation.java:1822)
	at org.apache.nifi.processors.hadoop.PutHDFS.onTrigger(PutHDFS.java:297)
	at org.apache.nifi.processor.AbstractProcessor.onTrigger(AbstractProcessor.java:27)
	at org.apache.nifi.util.StandardProcessorTestRunner$RunProcessor.call(StandardProcessorTestRunner.java:284)
	at org.apache.nifi.util.StandardProcessorTestRunner$RunProcessor.call(StandardProcessorTestRunner.java:278)
	at java.util.concurrent.FutureTask.run(FutureTask.java:266)
	at java.util.concurrent.ScheduledThreadPoolExecutor$ScheduledFutureTask.access$201(ScheduledThreadPoolExecutor.java:180)
	at java.util.concurrent.ScheduledThreadPoolExecutor$ScheduledFutureTask.run(ScheduledThreadPoolExecutor.java:293)
	at java.util.concurrent.ThreadPoolExecutor.runWorker(ThreadPoolExecutor.java:1149)
	at java.util.concurrent.ThreadPoolExecutor$Worker.run(ThreadPoolExecutor.java:624)
	at java.lang.Thread.run(Thread.java:750)
10092 [pool-127-thread-1] ERROR org.apache.nifi.processors.hadoop.PutHDFSTest$TestablePutHDFS - [TestablePutHDFS[id=d362aee0-4452-43ff-9002-9f900509c920]] org.apache.hadoop.mapred.JobConf
java.lang.ClassNotFoundException: org.apache.hadoop.mapred.JobConf
	at java.net.URLClassLoader.findClass(URLClassLoader.java:387)
	at java.lang.ClassLoader.loadClass(ClassLoader.java:418)
	at sun.misc.Launcher$AppClassLoader.loadClass(Launcher.java:352)
	at java.lang.ClassLoader.loadClass(ClassLoader.java:351)
	at java.lang.Class.forName0(Native Method)
	at java.lang.Class.forName(Class.java:348)
	at org.apache.nifi.processors.hadoop.ExtendedConfiguration.getClassByNameOrNull(ExtendedConfiguration.java:70)
	at org.apache.hadoop.util.ReflectionUtils.setJobConf(ReflectionUtils.java:98)
	at org.apache.hadoop.util.ReflectionUtils.setConf(ReflectionUtils.java:81)
	at org.apache.hadoop.util.ReflectionUtils.newInstance(ReflectionUtils.java:139)
	at org.apache.hadoop.io.compress.CompressionCodecFactory.<init>(CompressionCodecFactory.java:186)
	at org.apache.nifi.processors.hadoop.AbstractHadoopProcessor.getCompressionCodec(AbstractHadoopProcessor.java:588)
	at org.apache.nifi.processors.hadoop.PutHDFS$1.run(PutHDFS.java:310)
	at java.security.AccessController.doPrivileged(Native Method)
	at javax.security.auth.Subject.doAs(Subject.java:360)
	at org.apache.hadoop.security.UserGroupInformation.doAs(UserGroupInformation.java:1822)
	at org.apache.nifi.processors.hadoop.PutHDFS.onTrigger(PutHDFS.java:297)
	at org.apache.nifi.processor.AbstractProcessor.onTrigger(AbstractProcessor.java:27)
	at org.apache.nifi.util.StandardProcessorTestRunner$RunProcessor.call(StandardProcessorTestRunner.java:284)
	at org.apache.nifi.util.StandardProcessorTestRunner$RunProcessor.call(StandardProcessorTestRunner.java:278)
	at java.util.concurrent.FutureTask.run(FutureTask.java:266)
	at java.util.concurrent.ScheduledThreadPoolExecutor$ScheduledFutureTask.access$201(ScheduledThreadPoolExecutor.java:180)
	at java.util.concurrent.ScheduledThreadPoolExecutor$ScheduledFutureTask.run(ScheduledThreadPoolExecutor.java:293)
	at java.util.concurrent.ThreadPoolExecutor.runWorker(ThreadPoolExecutor.java:1149)
	at java.util.concurrent.ThreadPoolExecutor$Worker.run(ThreadPoolExecutor.java:624)
	at java.lang.Thread.run(Thread.java:750)
10092 [pool-127-thread-1] ERROR org.apache.nifi.processors.hadoop.PutHDFSTest$TestablePutHDFS - [TestablePutHDFS[id=d362aee0-4452-43ff-9002-9f900509c920]] org.apache.hadoop.mapred.JobConf
java.lang.ClassNotFoundException: org.apache.hadoop.mapred.JobConf
	at java.net.URLClassLoader.findClass(URLClassLoader.java:387)
	at java.lang.ClassLoader.loadClass(ClassLoader.java:418)
	at sun.misc.Launcher$AppClassLoader.loadClass(Launcher.java:352)
	at java.lang.ClassLoader.loadClass(ClassLoader.java:351)
	at java.lang.Class.forName0(Native Method)
	at java.lang.Class.forName(Class.java:348)
	at org.apache.nifi.processors.hadoop.ExtendedConfiguration.getClassByNameOrNull(ExtendedConfiguration.java:70)
	at org.apache.hadoop.util.ReflectionUtils.setJobConf(ReflectionUtils.java:98)
	at org.apache.hadoop.util.ReflectionUtils.setConf(ReflectionUtils.java:81)
	at org.apache.hadoop.util.ReflectionUtils.newInstance(ReflectionUtils.java:139)
	at org.apache.hadoop.io.compress.CompressionCodecFactory.<init>(CompressionCodecFactory.java:186)
	at org.apache.nifi.processors.hadoop.AbstractHadoopProcessor.getCompressionCodec(AbstractHadoopProcessor.java:588)
	at org.apache.nifi.processors.hadoop.PutHDFS$1.run(PutHDFS.java:310)
	at java.security.AccessController.doPrivileged(Native Method)
	at javax.security.auth.Subject.doAs(Subject.java:360)
	at org.apache.hadoop.security.UserGroupInformation.doAs(UserGroupInformation.java:1822)
	at org.apache.nifi.processors.hadoop.PutHDFS.onTrigger(PutHDFS.java:297)
	at org.apache.nifi.processor.AbstractProcessor.onTrigger(AbstractProcessor.java:27)
	at org.apache.nifi.util.StandardProcessorTestRunner$RunProcessor.call(StandardProcessorTestRunner.java:284)
	at org.apache.nifi.util.StandardProcessorTestRunner$RunProcessor.call(StandardProcessorTestRunner.java:278)
	at java.util.concurrent.FutureTask.run(FutureTask.java:266)
	at java.util.concurrent.ScheduledThreadPoolExecutor$ScheduledFutureTask.access$201(ScheduledThreadPoolExecutor.java:180)
	at java.util.concurrent.ScheduledThreadPoolExecutor$ScheduledFutureTask.run(ScheduledThreadPoolExecutor.java:293)
	at java.util.concurrent.ThreadPoolExecutor.runWorker(ThreadPoolExecutor.java:1149)
	at java.util.concurrent.ThreadPoolExecutor$Worker.run(ThreadPoolExecutor.java:624)
	at java.lang.Thread.run(Thread.java:750)
10092 [pool-127-thread-1] ERROR org.apache.nifi.processors.hadoop.PutHDFSTest$TestablePutHDFS - [TestablePutHDFS[id=d362aee0-4452-43ff-9002-9f900509c920]] org.apache.hadoop.mapred.JobConf
java.lang.ClassNotFoundException: org.apache.hadoop.mapred.JobConf
	at java.net.URLClassLoader.findClass(URLClassLoader.java:387)
	at java.lang.ClassLoader.loadClass(ClassLoader.java:418)
	at sun.misc.Launcher$AppClassLoader.loadClass(Launcher.java:352)
	at java.lang.ClassLoader.loadClass(ClassLoader.java:351)
	at java.lang.Class.forName0(Native Method)
	at java.lang.Class.forName(Class.java:348)
	at org.apache.nifi.processors.hadoop.ExtendedConfiguration.getClassByNameOrNull(ExtendedConfiguration.java:70)
	at org.apache.hadoop.util.ReflectionUtils.setJobConf(ReflectionUtils.java:98)
	at org.apache.hadoop.util.ReflectionUtils.setConf(ReflectionUtils.java:81)
	at org.apache.hadoop.util.ReflectionUtils.newInstance(ReflectionUtils.java:139)
	at org.apache.hadoop.io.compress.CompressionCodecFactory.<init>(CompressionCodecFactory.java:186)
	at org.apache.nifi.processors.hadoop.AbstractHadoopProcessor.getCompressionCodec(AbstractHadoopProcessor.java:588)
	at org.apache.nifi.processors.hadoop.PutHDFS$1.run(PutHDFS.java:310)
	at java.security.AccessController.doPrivileged(Native Method)
	at javax.security.auth.Subject.doAs(Subject.java:360)
	at org.apache.hadoop.security.UserGroupInformation.doAs(UserGroupInformation.java:1822)
	at org.apache.nifi.processors.hadoop.PutHDFS.onTrigger(PutHDFS.java:297)
	at org.apache.nifi.processor.AbstractProcessor.onTrigger(AbstractProcessor.java:27)
	at org.apache.nifi.util.StandardProcessorTestRunner$RunProcessor.call(StandardProcessorTestRunner.java:284)
	at org.apache.nifi.util.StandardProcessorTestRunner$RunProcessor.call(StandardProcessorTestRunner.java:278)
	at java.util.concurrent.FutureTask.run(FutureTask.java:266)
	at java.util.concurrent.ScheduledThreadPoolExecutor$ScheduledFutureTask.access$201(ScheduledThreadPoolExecutor.java:180)
	at java.util.concurrent.ScheduledThreadPoolExecutor$ScheduledFutureTask.run(ScheduledThreadPoolExecutor.java:293)
	at java.util.concurrent.ThreadPoolExecutor.runWorker(ThreadPoolExecutor.java:1149)
	at java.util.concurrent.ThreadPoolExecutor$Worker.run(ThreadPoolExecutor.java:624)
	at java.lang.Thread.run(Thread.java:750)
10093 [pool-127-thread-1] INFO org.apache.nifi.processors.hadoop.PutHDFSTest$TestablePutHDFS - TestablePutHDFS[id=d362aee0-4452-43ff-9002-9f900509c920] copied FlowFile[0,randombytes-1,500000B] to HDFS at target/test-classes/randombytes-1 in 0 milliseconds at a rate of 2.48 GB/sec
]]></system-err>
  </testcase>
</testsuite>