<?xml version="1.0" encoding="UTF-8"?>
<testsuite xmlns:xsi="http://www.w3.org/2001/XMLSchema-instance" xsi:noNamespaceSchemaLocation="https://maven.apache.org/surefire/maven-surefire-plugin/xsd/surefire-test-report-3.0.xsd" version="3.0" name="org.apache.nifi.processors.kudu.TestPutKudu" time="1.575" tests="29" errors="0" skipped="0" failures="0">
  <properties>
    <property name="sun.desktop" value="gnome"/>
    <property name="awt.toolkit" value="sun.awt.X11.XToolkit"/>
    <property name="file.encoding.pkg" value="sun.io"/>
    <property name="java.specification.version" value="1.8"/>
    <property name="sun.cpu.isalist" value=""/>
    <property name="sun.jnu.encoding" value="UTF-8"/>
    <property name="java.class.path" value="/home/alex/Repositories/nifi/nifi-nar-bundles/nifi-kudu-bundle/nifi-kudu-processors/target/test-classes:/home/alex/Repositories/nifi/nifi-nar-bundles/nifi-kudu-bundle/nifi-kudu-processors/target/classes:/home/alex/Repositories/nifi/nifi-api/target/classes:/home/alex/Repositories/nifi/nifi-nar-bundles/nifi-extension-utils/nifi-processor-utils/target/classes:/home/alex/Repositories/nifi/nifi-commons/nifi-security-socket-ssl/target/classes:/home/alex/.m2/repository/commons-io/commons-io/2.10.0/commons-io-2.10.0.jar:/home/alex/.m2/repository/org/apache/commons/commons-lang3/3.11/commons-lang3-3.11.jar:/home/alex/.m2/repository/com/fasterxml/jackson/core/jackson-databind/2.12.3/jackson-databind-2.12.3.jar:/home/alex/.m2/repository/com/fasterxml/jackson/core/jackson-annotations/2.12.3/jackson-annotations-2.12.3.jar:/home/alex/Repositories/nifi/nifi-nar-bundles/nifi-extension-utils/nifi-event-transport/target/classes:/home/alex/.m2/repository/io/netty/netty-handler/4.1.69.Final/netty-handler-4.1.69.Final.jar:/home/alex/.m2/repository/io/netty/netty-common/4.1.69.Final/netty-common-4.1.69.Final.jar:/home/alex/.m2/repository/io/netty/netty-resolver/4.1.69.Final/netty-resolver-4.1.69.Final.jar:/home/alex/.m2/repository/io/netty/netty-buffer/4.1.69.Final/netty-buffer-4.1.69.Final.jar:/home/alex/.m2/repository/io/netty/netty-transport/4.1.69.Final/netty-transport-4.1.69.Final.jar:/home/alex/.m2/repository/io/netty/netty-codec/4.1.69.Final/netty-codec-4.1.69.Final.jar:/home/alex/Repositories/nifi/nifi-nar-bundles/nifi-standard-services/nifi-kerberos-credentials-service-api/target/classes:/home/alex/Repositories/nifi/nifi-nar-bundles/nifi-standard-services/nifi-kerberos-user-service-api/target/classes:/home/alex/Repositories/nifi/nifi-nar-bundles/nifi-standard-services/nifi-record-serialization-service-api/target/classes:/home/alex/.m2/repository/org/apache/kudu/kudu-client/1.15.0/kudu-client-1.15.0.jar:/home/alex/.m2/repository/com/stumbleupon/async/1.4.1/async-1.4.1.jar:/home/alex/.m2/repository/org/slf4j/slf4j-api/1.7.32/slf4j-api-1.7.32.jar:/home/alex/Repositories/nifi/nifi-commons/nifi-utils/target/classes:/home/alex/Repositories/nifi/nifi-commons/nifi-record/target/classes:/home/alex/Repositories/nifi/nifi-commons/nifi-record-path/target/classes:/home/alex/Repositories/nifi/nifi-commons/nifi-properties/target/classes:/home/alex/Repositories/nifi/nifi-commons/nifi-property-utils/target/classes:/home/alex/Repositories/nifi/nifi-commons/nifi-uuid5/target/classes:/home/alex/.m2/repository/org/antlr/antlr-runtime/3.5.2/antlr-runtime-3.5.2.jar:/home/alex/.m2/repository/com/github/ben-manes/caffeine/caffeine/2.8.1/caffeine-2.8.1.jar:/home/alex/.m2/repository/org/checkerframework/checker-qual/3.1.0/checker-qual-3.1.0.jar:/home/alex/.m2/repository/com/google/errorprone/error_prone_annotations/2.3.4/error_prone_annotations-2.3.4.jar:/home/alex/.m2/repository/commons-codec/commons-codec/1.14/commons-codec-1.14.jar:/home/alex/Repositories/nifi/nifi-commons/nifi-security-kerberos/target/classes:/home/alex/Repositories/nifi/nifi-commons/nifi-security-kerberos-api/target/classes:/home/alex/.m2/repository/org/apache/kudu/kudu-test-utils/1.15.0/kudu-test-utils-1.15.0.jar:/home/alex/.m2/repository/junit/junit/4.13.2/junit-4.13.2.jar:/home/alex/.m2/repository/org/hamcrest/hamcrest/2.2/hamcrest-2.2.jar:/home/alex/Repositories/nifi/nifi-nar-bundles/nifi-extension-utils/nifi-record-utils/nifi-mock-record-utils/target/classes:/home/alex/Repositories/nifi/nifi-mock/target/classes:/home/alex/Repositories/nifi/nifi-framework-api/target/classes:/home/alex/Repositories/nifi/nifi-commons/nifi-parameter/target/classes:/home/alex/Repositories/nifi/nifi-nar-bundles/nifi-framework-bundle/nifi-framework/nifi-framework-core-api/target/classes:/home/alex/Repositories/nifi/nifi-nar-bundles/nifi-framework-bundle/nifi-framework/nifi-framework-nar-utils/target/classes:/home/alex/Repositories/nifi/nifi-nar-bundles/nifi-framework-bundle/nifi-framework/nifi-client-dto/target/classes:/home/alex/.m2/repository/io/swagger/swagger-annotations/1.6.0/swagger-annotations-1.6.0.jar:/home/alex/Repositories/nifi/nifi-commons/nifi-site-to-site-client/target/classes:/home/alex/Repositories/nifi/nifi-commons/nifi-security-utils/target/classes:/home/alex/Repositories/nifi/nifi-commons/nifi-security-utils-api/target/classes:/home/alex/Repositories/nifi/nifi-commons/nifi-security-kms/target/classes:/home/alex/.m2/repository/org/bouncycastle/bcprov-jdk15on/1.69/bcprov-jdk15on-1.69.jar:/home/alex/.m2/repository/org/bouncycastle/bcpkix-jdk15on/1.69/bcpkix-jdk15on-1.69.jar:/home/alex/.m2/repository/org/bouncycastle/bcutil-jdk15on/1.69/bcutil-jdk15on-1.69.jar:/home/alex/.m2/repository/at/favre/lib/bcrypt/0.9.0/bcrypt-0.9.0.jar:/home/alex/.m2/repository/at/favre/lib/bytes/1.3.0/bytes-1.3.0.jar:/home/alex/.m2/repository/org/apache/commons/commons-configuration2/2.7/commons-configuration2-2.7.jar:/home/alex/.m2/repository/org/apache/httpcomponents/httpclient/4.5.5/httpclient-4.5.5.jar:/home/alex/.m2/repository/org/apache/httpcomponents/httpcore/4.4.9/httpcore-4.4.9.jar:/home/alex/.m2/repository/org/apache/httpcomponents/httpasyncclient/4.1.4/httpasyncclient-4.1.4.jar:/home/alex/.m2/repository/org/apache/httpcomponents/httpcore-nio/4.4.10/httpcore-nio-4.4.10.jar:/home/alex/Repositories/nifi/nifi-nar-bundles/nifi-framework-bundle/nifi-framework/nifi-framework-authorization/target/classes:/home/alex/Repositories/nifi/nifi-registry/nifi-registry-core/nifi-registry-data-model/target/classes:/home/alex/.m2/repository/javax/validation/validation-api/2.0.1.Final/validation-api-2.0.1.Final.jar:/home/alex/.m2/repository/javax/ws/rs/javax.ws.rs-api/2.1/javax.ws.rs-api-2.1.jar:/home/alex/Repositories/nifi/nifi-registry/nifi-registry-core/nifi-registry-revision/nifi-registry-revision-entity-model/target/classes:/home/alex/Repositories/nifi/nifi-registry/nifi-registry-core/nifi-registry-client/target/classes:/home/alex/Repositories/nifi/nifi-registry/nifi-registry-core/nifi-registry-security-utils/target/classes:/home/alex/.m2/repository/org/glassfish/jersey/core/jersey-client/2.33/jersey-client-2.33.jar:/home/alex/.m2/repository/jakarta/ws/rs/jakarta.ws.rs-api/2.1.6/jakarta.ws.rs-api-2.1.6.jar:/home/alex/.m2/repository/org/glassfish/hk2/external/jakarta.inject/2.6.1/jakarta.inject-2.6.1.jar:/home/alex/.m2/repository/org/glassfish/jersey/media/jersey-media-json-jackson/2.33/jersey-media-json-jackson-2.33.jar:/home/alex/.m2/repository/org/glassfish/jersey/ext/jersey-entity-filtering/2.33/jersey-entity-filtering-2.33.jar:/home/alex/.m2/repository/com/fasterxml/jackson/module/jackson-module-jaxb-annotations/2.11.3/jackson-module-jaxb-annotations-2.11.3.jar:/home/alex/.m2/repository/jakarta/xml/bind/jakarta.xml.bind-api/2.3.2/jakarta.xml.bind-api-2.3.2.jar:/home/alex/.m2/repository/jakarta/activation/jakarta.activation-api/1.2.1/jakarta.activation-api-1.2.1.jar:/home/alex/.m2/repository/org/glassfish/jersey/inject/jersey-hk2/2.33/jersey-hk2-2.33.jar:/home/alex/.m2/repository/org/glassfish/hk2/hk2-locator/2.6.1/hk2-locator-2.6.1.jar:/home/alex/.m2/repository/org/glassfish/hk2/external/aopalliance-repackaged/2.6.1/aopalliance-repackaged-2.6.1.jar:/home/alex/.m2/repository/org/glassfish/hk2/hk2-api/2.6.1/hk2-api-2.6.1.jar:/home/alex/.m2/repository/org/glassfish/hk2/hk2-utils/2.6.1/hk2-utils-2.6.1.jar:/home/alex/.m2/repository/org/javassist/javassist/3.25.0-GA/javassist-3.25.0-GA.jar:/home/alex/.m2/repository/org/glassfish/jersey/core/jersey-common/2.33/jersey-common-2.33.jar:/home/alex/.m2/repository/jakarta/annotation/jakarta.annotation-api/1.3.5/jakarta.annotation-api-1.3.5.jar:/home/alex/.m2/repository/org/glassfish/hk2/osgi-resource-locator/1.0.3/osgi-resource-locator-1.0.3.jar:/home/alex/.m2/repository/org/glassfish/jersey/media/jersey-media-multipart/2.33/jersey-media-multipart-2.33.jar:/home/alex/.m2/repository/org/jvnet/mimepull/mimepull/1.9.13/mimepull-1.9.13.jar:/home/alex/Repositories/nifi/nifi-commons/nifi-expression-language/target/classes:/home/alex/.m2/repository/com/jayway/jsonpath/json-path/2.6.0/json-path-2.6.0.jar:/home/alex/.m2/repository/net/minidev/json-smart/2.4.7/json-smart-2.4.7.jar:/home/alex/.m2/repository/net/minidev/accessors-smart/2.4.7/accessors-smart-2.4.7.jar:/home/alex/.m2/repository/org/ow2/asm/asm/9.1/asm-9.1.jar:/home/alex/.m2/repository/org/apache/commons/commons-text/1.8/commons-text-1.8.jar:/home/alex/Repositories/nifi/nifi-commons/nifi-data-provenance-utils/target/classes:/home/alex/.m2/repository/com/fasterxml/jackson/core/jackson-core/2.12.3/jackson-core-2.12.3.jar:/home/alex/.m2/repository/org/apache/kudu/kudu-binary/1.15.0/kudu-binary-1.15.0-linux-x86_64.jar:/home/alex/.m2/repository/org/junit/jupiter/junit-jupiter-api/5.7.2/junit-jupiter-api-5.7.2.jar:/home/alex/.m2/repository/org/apiguardian/apiguardian-api/1.1.0/apiguardian-api-1.1.0.jar:/home/alex/.m2/repository/org/opentest4j/opentest4j/1.2.0/opentest4j-1.2.0.jar:/home/alex/.m2/repository/org/junit/platform/junit-platform-commons/1.7.2/junit-platform-commons-1.7.2.jar:/home/alex/.m2/repository/org/junit/jupiter/junit-jupiter-engine/5.7.2/junit-jupiter-engine-5.7.2.jar:/home/alex/.m2/repository/org/junit/platform/junit-platform-engine/1.7.2/junit-platform-engine-1.7.2.jar:/home/alex/.m2/repository/org/junit/vintage/junit-vintage-engine/5.7.2/junit-vintage-engine-5.7.2.jar:/home/alex/.m2/repository/org/junit/jupiter/junit-jupiter-params/5.7.2/junit-jupiter-params-5.7.2.jar:/home/alex/.m2/repository/org/mockito/mockito-core/3.11.2/mockito-core-3.11.2.jar:/home/alex/.m2/repository/net/bytebuddy/byte-buddy/1.11.3/byte-buddy-1.11.3.jar:/home/alex/.m2/repository/net/bytebuddy/byte-buddy-agent/1.11.3/byte-buddy-agent-1.11.3.jar:/home/alex/.m2/repository/org/objenesis/objenesis/3.2/objenesis-3.2.jar:/home/alex/.m2/repository/org/mockito/mockito-junit-jupiter/3.11.2/mockito-junit-jupiter-3.11.2.jar:/home/alex/.m2/repository/org/slf4j/slf4j-simple/1.7.32/slf4j-simple-1.7.32.jar:/home/alex/.m2/repository/org/codehaus/groovy/groovy-test/2.5.14/groovy-test-2.5.14.jar:/home/alex/.m2/repository/org/codehaus/groovy/groovy/2.5.14/groovy-2.5.14.jar:"/>
    <property name="java.vm.vendor" value="Private Build"/>
    <property name="sun.arch.data.model" value="64"/>
    <property name="java.vendor.url" value="http://java.oracle.com/"/>
    <property name="user.timezone" value="Europe/Lisbon"/>
    <property name="java.vm.specification.version" value="1.8"/>
    <property name="os.name" value="Linux"/>
    <property name="user.country" value="US"/>
    <property name="sun.java.launcher" value="SUN_STANDARD"/>
    <property name="sun.boot.library.path" value="/usr/lib/jvm/java-8-openjdk-amd64/jre/lib/amd64"/>
    <property name="sun.java.command" value="/home/alex/Repositories/nifi/nifi-nar-bundles/nifi-kudu-bundle/nifi-kudu-processors/target/surefire/surefirebooter7945937078650520387.jar /home/alex/Repositories/nifi/nifi-nar-bundles/nifi-kudu-bundle/nifi-kudu-processors/target/surefire 2024-05-02T03-12-26_868-jvmRun1 surefire8657532522388186252tmp surefire_05986687773461888396tmp"/>
    <property name="surefire.test.class.path" value="/home/alex/Repositories/nifi/nifi-nar-bundles/nifi-kudu-bundle/nifi-kudu-processors/target/test-classes:/home/alex/Repositories/nifi/nifi-nar-bundles/nifi-kudu-bundle/nifi-kudu-processors/target/classes:/home/alex/Repositories/nifi/nifi-api/target/classes:/home/alex/Repositories/nifi/nifi-nar-bundles/nifi-extension-utils/nifi-processor-utils/target/classes:/home/alex/Repositories/nifi/nifi-commons/nifi-security-socket-ssl/target/classes:/home/alex/.m2/repository/commons-io/commons-io/2.10.0/commons-io-2.10.0.jar:/home/alex/.m2/repository/org/apache/commons/commons-lang3/3.11/commons-lang3-3.11.jar:/home/alex/.m2/repository/com/fasterxml/jackson/core/jackson-databind/2.12.3/jackson-databind-2.12.3.jar:/home/alex/.m2/repository/com/fasterxml/jackson/core/jackson-annotations/2.12.3/jackson-annotations-2.12.3.jar:/home/alex/Repositories/nifi/nifi-nar-bundles/nifi-extension-utils/nifi-event-transport/target/classes:/home/alex/.m2/repository/io/netty/netty-handler/4.1.69.Final/netty-handler-4.1.69.Final.jar:/home/alex/.m2/repository/io/netty/netty-common/4.1.69.Final/netty-common-4.1.69.Final.jar:/home/alex/.m2/repository/io/netty/netty-resolver/4.1.69.Final/netty-resolver-4.1.69.Final.jar:/home/alex/.m2/repository/io/netty/netty-buffer/4.1.69.Final/netty-buffer-4.1.69.Final.jar:/home/alex/.m2/repository/io/netty/netty-transport/4.1.69.Final/netty-transport-4.1.69.Final.jar:/home/alex/.m2/repository/io/netty/netty-codec/4.1.69.Final/netty-codec-4.1.69.Final.jar:/home/alex/Repositories/nifi/nifi-nar-bundles/nifi-standard-services/nifi-kerberos-credentials-service-api/target/classes:/home/alex/Repositories/nifi/nifi-nar-bundles/nifi-standard-services/nifi-kerberos-user-service-api/target/classes:/home/alex/Repositories/nifi/nifi-nar-bundles/nifi-standard-services/nifi-record-serialization-service-api/target/classes:/home/alex/.m2/repository/org/apache/kudu/kudu-client/1.15.0/kudu-client-1.15.0.jar:/home/alex/.m2/repository/com/stumbleupon/async/1.4.1/async-1.4.1.jar:/home/alex/.m2/repository/org/slf4j/slf4j-api/1.7.32/slf4j-api-1.7.32.jar:/home/alex/Repositories/nifi/nifi-commons/nifi-utils/target/classes:/home/alex/Repositories/nifi/nifi-commons/nifi-record/target/classes:/home/alex/Repositories/nifi/nifi-commons/nifi-record-path/target/classes:/home/alex/Repositories/nifi/nifi-commons/nifi-properties/target/classes:/home/alex/Repositories/nifi/nifi-commons/nifi-property-utils/target/classes:/home/alex/Repositories/nifi/nifi-commons/nifi-uuid5/target/classes:/home/alex/.m2/repository/org/antlr/antlr-runtime/3.5.2/antlr-runtime-3.5.2.jar:/home/alex/.m2/repository/com/github/ben-manes/caffeine/caffeine/2.8.1/caffeine-2.8.1.jar:/home/alex/.m2/repository/org/checkerframework/checker-qual/3.1.0/checker-qual-3.1.0.jar:/home/alex/.m2/repository/com/google/errorprone/error_prone_annotations/2.3.4/error_prone_annotations-2.3.4.jar:/home/alex/.m2/repository/commons-codec/commons-codec/1.14/commons-codec-1.14.jar:/home/alex/Repositories/nifi/nifi-commons/nifi-security-kerberos/target/classes:/home/alex/Repositories/nifi/nifi-commons/nifi-security-kerberos-api/target/classes:/home/alex/.m2/repository/org/apache/kudu/kudu-test-utils/1.15.0/kudu-test-utils-1.15.0.jar:/home/alex/.m2/repository/junit/junit/4.13.2/junit-4.13.2.jar:/home/alex/.m2/repository/org/hamcrest/hamcrest/2.2/hamcrest-2.2.jar:/home/alex/Repositories/nifi/nifi-nar-bundles/nifi-extension-utils/nifi-record-utils/nifi-mock-record-utils/target/classes:/home/alex/Repositories/nifi/nifi-mock/target/classes:/home/alex/Repositories/nifi/nifi-framework-api/target/classes:/home/alex/Repositories/nifi/nifi-commons/nifi-parameter/target/classes:/home/alex/Repositories/nifi/nifi-nar-bundles/nifi-framework-bundle/nifi-framework/nifi-framework-core-api/target/classes:/home/alex/Repositories/nifi/nifi-nar-bundles/nifi-framework-bundle/nifi-framework/nifi-framework-nar-utils/target/classes:/home/alex/Repositories/nifi/nifi-nar-bundles/nifi-framework-bundle/nifi-framework/nifi-client-dto/target/classes:/home/alex/.m2/repository/io/swagger/swagger-annotations/1.6.0/swagger-annotations-1.6.0.jar:/home/alex/Repositories/nifi/nifi-commons/nifi-site-to-site-client/target/classes:/home/alex/Repositories/nifi/nifi-commons/nifi-security-utils/target/classes:/home/alex/Repositories/nifi/nifi-commons/nifi-security-utils-api/target/classes:/home/alex/Repositories/nifi/nifi-commons/nifi-security-kms/target/classes:/home/alex/.m2/repository/org/bouncycastle/bcprov-jdk15on/1.69/bcprov-jdk15on-1.69.jar:/home/alex/.m2/repository/org/bouncycastle/bcpkix-jdk15on/1.69/bcpkix-jdk15on-1.69.jar:/home/alex/.m2/repository/org/bouncycastle/bcutil-jdk15on/1.69/bcutil-jdk15on-1.69.jar:/home/alex/.m2/repository/at/favre/lib/bcrypt/0.9.0/bcrypt-0.9.0.jar:/home/alex/.m2/repository/at/favre/lib/bytes/1.3.0/bytes-1.3.0.jar:/home/alex/.m2/repository/org/apache/commons/commons-configuration2/2.7/commons-configuration2-2.7.jar:/home/alex/.m2/repository/org/apache/httpcomponents/httpclient/4.5.5/httpclient-4.5.5.jar:/home/alex/.m2/repository/org/apache/httpcomponents/httpcore/4.4.9/httpcore-4.4.9.jar:/home/alex/.m2/repository/org/apache/httpcomponents/httpasyncclient/4.1.4/httpasyncclient-4.1.4.jar:/home/alex/.m2/repository/org/apache/httpcomponents/httpcore-nio/4.4.10/httpcore-nio-4.4.10.jar:/home/alex/Repositories/nifi/nifi-nar-bundles/nifi-framework-bundle/nifi-framework/nifi-framework-authorization/target/classes:/home/alex/Repositories/nifi/nifi-registry/nifi-registry-core/nifi-registry-data-model/target/classes:/home/alex/.m2/repository/javax/validation/validation-api/2.0.1.Final/validation-api-2.0.1.Final.jar:/home/alex/.m2/repository/javax/ws/rs/javax.ws.rs-api/2.1/javax.ws.rs-api-2.1.jar:/home/alex/Repositories/nifi/nifi-registry/nifi-registry-core/nifi-registry-revision/nifi-registry-revision-entity-model/target/classes:/home/alex/Repositories/nifi/nifi-registry/nifi-registry-core/nifi-registry-client/target/classes:/home/alex/Repositories/nifi/nifi-registry/nifi-registry-core/nifi-registry-security-utils/target/classes:/home/alex/.m2/repository/org/glassfish/jersey/core/jersey-client/2.33/jersey-client-2.33.jar:/home/alex/.m2/repository/jakarta/ws/rs/jakarta.ws.rs-api/2.1.6/jakarta.ws.rs-api-2.1.6.jar:/home/alex/.m2/repository/org/glassfish/hk2/external/jakarta.inject/2.6.1/jakarta.inject-2.6.1.jar:/home/alex/.m2/repository/org/glassfish/jersey/media/jersey-media-json-jackson/2.33/jersey-media-json-jackson-2.33.jar:/home/alex/.m2/repository/org/glassfish/jersey/ext/jersey-entity-filtering/2.33/jersey-entity-filtering-2.33.jar:/home/alex/.m2/repository/com/fasterxml/jackson/module/jackson-module-jaxb-annotations/2.11.3/jackson-module-jaxb-annotations-2.11.3.jar:/home/alex/.m2/repository/jakarta/xml/bind/jakarta.xml.bind-api/2.3.2/jakarta.xml.bind-api-2.3.2.jar:/home/alex/.m2/repository/jakarta/activation/jakarta.activation-api/1.2.1/jakarta.activation-api-1.2.1.jar:/home/alex/.m2/repository/org/glassfish/jersey/inject/jersey-hk2/2.33/jersey-hk2-2.33.jar:/home/alex/.m2/repository/org/glassfish/hk2/hk2-locator/2.6.1/hk2-locator-2.6.1.jar:/home/alex/.m2/repository/org/glassfish/hk2/external/aopalliance-repackaged/2.6.1/aopalliance-repackaged-2.6.1.jar:/home/alex/.m2/repository/org/glassfish/hk2/hk2-api/2.6.1/hk2-api-2.6.1.jar:/home/alex/.m2/repository/org/glassfish/hk2/hk2-utils/2.6.1/hk2-utils-2.6.1.jar:/home/alex/.m2/repository/org/javassist/javassist/3.25.0-GA/javassist-3.25.0-GA.jar:/home/alex/.m2/repository/org/glassfish/jersey/core/jersey-common/2.33/jersey-common-2.33.jar:/home/alex/.m2/repository/jakarta/annotation/jakarta.annotation-api/1.3.5/jakarta.annotation-api-1.3.5.jar:/home/alex/.m2/repository/org/glassfish/hk2/osgi-resource-locator/1.0.3/osgi-resource-locator-1.0.3.jar:/home/alex/.m2/repository/org/glassfish/jersey/media/jersey-media-multipart/2.33/jersey-media-multipart-2.33.jar:/home/alex/.m2/repository/org/jvnet/mimepull/mimepull/1.9.13/mimepull-1.9.13.jar:/home/alex/Repositories/nifi/nifi-commons/nifi-expression-language/target/classes:/home/alex/.m2/repository/com/jayway/jsonpath/json-path/2.6.0/json-path-2.6.0.jar:/home/alex/.m2/repository/net/minidev/json-smart/2.4.7/json-smart-2.4.7.jar:/home/alex/.m2/repository/net/minidev/accessors-smart/2.4.7/accessors-smart-2.4.7.jar:/home/alex/.m2/repository/org/ow2/asm/asm/9.1/asm-9.1.jar:/home/alex/.m2/repository/org/apache/commons/commons-text/1.8/commons-text-1.8.jar:/home/alex/Repositories/nifi/nifi-commons/nifi-data-provenance-utils/target/classes:/home/alex/.m2/repository/com/fasterxml/jackson/core/jackson-core/2.12.3/jackson-core-2.12.3.jar:/home/alex/.m2/repository/org/apache/kudu/kudu-binary/1.15.0/kudu-binary-1.15.0-linux-x86_64.jar:/home/alex/.m2/repository/org/junit/jupiter/junit-jupiter-api/5.7.2/junit-jupiter-api-5.7.2.jar:/home/alex/.m2/repository/org/apiguardian/apiguardian-api/1.1.0/apiguardian-api-1.1.0.jar:/home/alex/.m2/repository/org/opentest4j/opentest4j/1.2.0/opentest4j-1.2.0.jar:/home/alex/.m2/repository/org/junit/platform/junit-platform-commons/1.7.2/junit-platform-commons-1.7.2.jar:/home/alex/.m2/repository/org/junit/jupiter/junit-jupiter-engine/5.7.2/junit-jupiter-engine-5.7.2.jar:/home/alex/.m2/repository/org/junit/platform/junit-platform-engine/1.7.2/junit-platform-engine-1.7.2.jar:/home/alex/.m2/repository/org/junit/vintage/junit-vintage-engine/5.7.2/junit-vintage-engine-5.7.2.jar:/home/alex/.m2/repository/org/junit/jupiter/junit-jupiter-params/5.7.2/junit-jupiter-params-5.7.2.jar:/home/alex/.m2/repository/org/mockito/mockito-core/3.11.2/mockito-core-3.11.2.jar:/home/alex/.m2/repository/net/bytebuddy/byte-buddy/1.11.3/byte-buddy-1.11.3.jar:/home/alex/.m2/repository/net/bytebuddy/byte-buddy-agent/1.11.3/byte-buddy-agent-1.11.3.jar:/home/alex/.m2/repository/org/objenesis/objenesis/3.2/objenesis-3.2.jar:/home/alex/.m2/repository/org/mockito/mockito-junit-jupiter/3.11.2/mockito-junit-jupiter-3.11.2.jar:/home/alex/.m2/repository/org/slf4j/slf4j-simple/1.7.32/slf4j-simple-1.7.32.jar:/home/alex/.m2/repository/org/codehaus/groovy/groovy-test/2.5.14/groovy-test-2.5.14.jar:/home/alex/.m2/repository/org/codehaus/groovy/groovy/2.5.14/groovy-2.5.14.jar:"/>
    <property name="sun.cpu.endian" value="little"/>
    <property name="user.home" value="/home/alex"/>
    <property name="user.language" value="en"/>
    <property name="java.specification.vendor" value="Oracle Corporation"/>
    <property name="java.home" value="/usr/lib/jvm/java-8-openjdk-amd64/jre"/>
    <property name="basedir" value="/home/alex/Repositories/nifi/nifi-nar-bundles/nifi-kudu-bundle/nifi-kudu-processors"/>
    <property name="file.separator" value="/"/>
    <property name="line.separator" value="&#10;"/>
    <property name="java.vm.specification.vendor" value="Oracle Corporation"/>
    <property name="java.specification.name" value="Java Platform API Specification"/>
    <property name="java.awt.graphicsenv" value="sun.awt.X11GraphicsEnvironment"/>
    <property name="java.awt.headless" value="true"/>
    <property name="surefire.real.class.path" value="/home/alex/Repositories/nifi/nifi-nar-bundles/nifi-kudu-bundle/nifi-kudu-processors/target/surefire/surefirebooter7945937078650520387.jar"/>
    <property name="sun.boot.class.path" value="/usr/lib/jvm/java-8-openjdk-amd64/jre/lib/resources.jar:/usr/lib/jvm/java-8-openjdk-amd64/jre/lib/rt.jar:/usr/lib/jvm/java-8-openjdk-amd64/jre/lib/sunrsasign.jar:/usr/lib/jvm/java-8-openjdk-amd64/jre/lib/jsse.jar:/usr/lib/jvm/java-8-openjdk-amd64/jre/lib/jce.jar:/usr/lib/jvm/java-8-openjdk-amd64/jre/lib/charsets.jar:/usr/lib/jvm/java-8-openjdk-amd64/jre/lib/jfr.jar:/usr/lib/jvm/java-8-openjdk-amd64/jre/classes"/>
    <property name="sun.management.compiler" value="HotSpot 64-Bit Tiered Compilers"/>
    <property name="java.runtime.version" value="1.8.0_402-8u402-ga-2ubuntu1~22.04-b06"/>
    <property name="java.net.preferIPv4Stack" value="true"/>
    <property name="user.name" value="alex"/>
    <property name="path.separator" value=":"/>
    <property name="os.version" value="6.5.0-28-generic"/>
    <property name="java.endorsed.dirs" value="/usr/lib/jvm/java-8-openjdk-amd64/jre/lib/endorsed"/>
    <property name="java.runtime.name" value="OpenJDK Runtime Environment"/>
    <property name="file.encoding" value="UTF-8"/>
    <property name="java.vm.name" value="OpenJDK 64-Bit Server VM"/>
    <property name="localRepository" value="/home/alex/.m2/repository"/>
    <property name="java.vendor.url.bug" value="http://bugreport.sun.com/bugreport/"/>
    <property name="java.io.tmpdir" value="/tmp"/>
    <property name="java.version" value="1.8.0_402"/>
    <property name="user.dir" value="/home/alex/Repositories/nifi/nifi-nar-bundles/nifi-kudu-bundle/nifi-kudu-processors"/>
    <property name="os.arch" value="amd64"/>
    <property name="java.vm.specification.name" value="Java Virtual Machine Specification"/>
    <property name="java.awt.printerjob" value="sun.print.PSPrinterJob"/>
    <property name="sun.os.patch.level" value="unknown"/>
    <property name="java.library.path" value="/usr/java/packages/lib/amd64:/usr/lib/x86_64-linux-gnu/jni:/lib/x86_64-linux-gnu:/usr/lib/x86_64-linux-gnu:/usr/lib/jni:/lib:/usr/lib"/>
    <property name="java.vm.info" value="mixed mode"/>
    <property name="java.vendor" value="Private Build"/>
    <property name="java.vm.version" value="25.402-b06"/>
    <property name="java.specification.maintenance.version" value="5"/>
    <property name="java.ext.dirs" value="/usr/lib/jvm/java-8-openjdk-amd64/jre/lib/ext:/usr/java/packages/lib/ext"/>
    <property name="sun.io.unicode.encoding" value="UnicodeLittle"/>
    <property name="java.class.version" value="52.0"/>
  </properties>
  <testcase name="testBuildPartialRowLowercaseFields" classname="org.apache.nifi.processors.kudu.TestPutKudu" time="0.591"/>
  <testcase name="testValidSchemaShouldBeSuccessful" classname="org.apache.nifi.processors.kudu.TestPutKudu" time="0.261"/>
  <testcase name="testAddingMissingFieldsWhenHandleSchemaDriftIsAllowed" classname="org.apache.nifi.processors.kudu.TestPutKudu" time="0.047">
    <system-err><![CDATA[[pool-3-thread-1] INFO org.apache.nifi.processors.kudu.MockPutKudu - MockPutKudu[id=5ee04af9-584e-4dff-96c3-78315c5834d0] Adding 6 columns to table 'null' to handle schema drift
]]></system-err>
  </testcase>
  <testcase name="testBuildPartialRowLowercaseFieldsFalse" classname="org.apache.nifi.processors.kudu.TestPutKudu" time="0.001"/>
  <testcase name="testBuildPartialRowNullable" classname="org.apache.nifi.processors.kudu.TestPutKudu" time="0.001"/>
  <testcase name="testBuildPartialRowWithDateDefaultTimeZone" classname="org.apache.nifi.processors.kudu.TestPutKudu" time="0.037"/>
  <testcase name="testBuildPartialRowLowercaseFieldsKuduUpperFail" classname="org.apache.nifi.processors.kudu.TestPutKudu" time="0.002"/>
  <testcase name="testCustomValidate" classname="org.apache.nifi.processors.kudu.TestPutKudu" time="0.024"/>
  <testcase name="testMissingColumnInReader" classname="org.apache.nifi.processors.kudu.TestPutKudu" time="0.039">
    <system-err><![CDATA[[pool-4-thread-1] ERROR org.apache.nifi.processors.kudu.MockPutKudu - MockPutKudu[id=3fe1d6d4-562f-4e46-af13-bf31a9766527] Failed to push FlowFile[0,testMissingColumnInReader-1714615948566,7B] to Kudu: java.lang.ArrayIndexOutOfBoundsException: 3
java.lang.ArrayIndexOutOfBoundsException: 3
	at org.apache.nifi.serialization.record.MockRecordParser$1.nextRecord(MockRecordParser.java:106)
	at org.apache.nifi.serialization.RecordReader.nextRecord(RecordReader.java:50)
	at org.apache.nifi.serialization.RecordReader$1.next(RecordReader.java:96)
	at org.apache.nifi.processors.kudu.PutKudu.processRecords(PutKudu.java:432)
	at org.apache.nifi.processors.kudu.PutKudu.processFlowFiles(PutKudu.java:372)
	at org.apache.nifi.processors.kudu.PutKudu.lambda$onTrigger$0(PutKudu.java:351)
	at org.apache.nifi.processors.kudu.MockPutKudu.executeOnKuduClient(MockPutKudu.java:140)
	at org.apache.nifi.processors.kudu.PutKudu.onTrigger(PutKudu.java:351)
	at org.apache.nifi.processor.AbstractProcessor.onTrigger(AbstractProcessor.java:27)
	at org.apache.nifi.util.StandardProcessorTestRunner$RunProcessor.call(StandardProcessorTestRunner.java:284)
	at org.apache.nifi.util.StandardProcessorTestRunner$RunProcessor.call(StandardProcessorTestRunner.java:278)
	at java.util.concurrent.FutureTask.run(FutureTask.java:266)
	at java.util.concurrent.ScheduledThreadPoolExecutor$ScheduledFutureTask.access$201(ScheduledThreadPoolExecutor.java:180)
	at java.util.concurrent.ScheduledThreadPoolExecutor$ScheduledFutureTask.run(ScheduledThreadPoolExecutor.java:293)
	at java.util.concurrent.ThreadPoolExecutor.runWorker(ThreadPoolExecutor.java:1149)
	at java.util.concurrent.ThreadPoolExecutor$Worker.run(ThreadPoolExecutor.java:624)
	at java.lang.Thread.run(Thread.java:750)
[pool-4-thread-1] ERROR org.apache.nifi.processors.kudu.MockPutKudu - MockPutKudu[id=3fe1d6d4-562f-4e46-af13-bf31a9766527] Failed to write due to java.lang.ArrayIndexOutOfBoundsException: 3: java.lang.ArrayIndexOutOfBoundsException: 3
java.lang.ArrayIndexOutOfBoundsException: 3
	at org.apache.nifi.serialization.record.MockRecordParser$1.nextRecord(MockRecordParser.java:106)
	at org.apache.nifi.serialization.RecordReader.nextRecord(RecordReader.java:50)
	at org.apache.nifi.serialization.RecordReader$1.next(RecordReader.java:96)
	at org.apache.nifi.processors.kudu.PutKudu.processRecords(PutKudu.java:432)
	at org.apache.nifi.processors.kudu.PutKudu.processFlowFiles(PutKudu.java:372)
	at org.apache.nifi.processors.kudu.PutKudu.lambda$onTrigger$0(PutKudu.java:351)
	at org.apache.nifi.processors.kudu.MockPutKudu.executeOnKuduClient(MockPutKudu.java:140)
	at org.apache.nifi.processors.kudu.PutKudu.onTrigger(PutKudu.java:351)
	at org.apache.nifi.processor.AbstractProcessor.onTrigger(AbstractProcessor.java:27)
	at org.apache.nifi.util.StandardProcessorTestRunner$RunProcessor.call(StandardProcessorTestRunner.java:284)
	at org.apache.nifi.util.StandardProcessorTestRunner$RunProcessor.call(StandardProcessorTestRunner.java:278)
	at java.util.concurrent.FutureTask.run(FutureTask.java:266)
	at java.util.concurrent.ScheduledThreadPoolExecutor$ScheduledFutureTask.access$201(ScheduledThreadPoolExecutor.java:180)
	at java.util.concurrent.ScheduledThreadPoolExecutor$ScheduledFutureTask.run(ScheduledThreadPoolExecutor.java:293)
	at java.util.concurrent.ThreadPoolExecutor.runWorker(ThreadPoolExecutor.java:1149)
	at java.util.concurrent.ThreadPoolExecutor$Worker.run(ThreadPoolExecutor.java:624)
	at java.lang.Thread.run(Thread.java:750)
]]></system-err>
  </testcase>
  <testcase name="testKuduPartialFailuresOnAutoFlushBackground" classname="org.apache.nifi.processors.kudu.TestPutKudu" time="0.215">
    <system-err><![CDATA[[pool-5-thread-1] ERROR org.apache.nifi.processors.kudu.MockPutKudu - MockPutKudu[id=34eb7b38-f38b-4ed1-9166-4f3b16b01af7] Failed to write due to Mock for RowError, hashCode: 2142054955
[pool-5-thread-1] ERROR org.apache.nifi.processors.kudu.MockPutKudu - MockPutKudu[id=34eb7b38-f38b-4ed1-9166-4f3b16b01af7] Failed to write due to Mock for RowError, hashCode: 240725172
[pool-5-thread-1] ERROR org.apache.nifi.processors.kudu.MockPutKudu - MockPutKudu[id=34eb7b38-f38b-4ed1-9166-4f3b16b01af7] Failed to push FlowFile[3,96368636870203.mockFlowFile,0B] to Kudu: Mock for KuduException, hashCode: 1488573954
[pool-5-thread-1] ERROR org.apache.nifi.processors.kudu.MockPutKudu - MockPutKudu[id=34eb7b38-f38b-4ed1-9166-4f3b16b01af7] Failed to write due to Mock for KuduException, hashCode: 1488573954: Mock for KuduException, hashCode: 1488573954
[pool-6-thread-1] ERROR org.apache.nifi.processors.kudu.MockPutKudu - MockPutKudu[id=cea851c1-0957-492a-8e5a-590d79307a15] Failed to write due to Mock for RowError, hashCode: 1153410651
[pool-6-thread-1] ERROR org.apache.nifi.processors.kudu.MockPutKudu - MockPutKudu[id=cea851c1-0957-492a-8e5a-590d79307a15] Failed to write due to Mock for RowError, hashCode: 163276012
[pool-6-thread-1] ERROR org.apache.nifi.processors.kudu.MockPutKudu - MockPutKudu[id=cea851c1-0957-492a-8e5a-590d79307a15] Failed to push FlowFile[3,96368653371469.mockFlowFile,0B] to Kudu: Mock for KuduException, hashCode: 417693435
[pool-6-thread-1] ERROR org.apache.nifi.processors.kudu.MockPutKudu - MockPutKudu[id=cea851c1-0957-492a-8e5a-590d79307a15] Failed to write due to Mock for KuduException, hashCode: 417693435: Mock for KuduException, hashCode: 417693435
[pool-7-thread-1] ERROR org.apache.nifi.processors.kudu.MockPutKudu - MockPutKudu[id=75157980-9a75-484f-97da-7796fb3d2223] Failed to write due to Mock for RowError, hashCode: 1180252361
[pool-7-thread-1] ERROR org.apache.nifi.processors.kudu.MockPutKudu - MockPutKudu[id=75157980-9a75-484f-97da-7796fb3d2223] Failed to write due to Mock for RowError, hashCode: 378478488
[pool-7-thread-1] ERROR org.apache.nifi.processors.kudu.MockPutKudu - MockPutKudu[id=75157980-9a75-484f-97da-7796fb3d2223] Failed to push FlowFile[3,96368665447277.mockFlowFile,0B] to Kudu: Mock for KuduException, hashCode: 1371896046
[pool-7-thread-1] ERROR org.apache.nifi.processors.kudu.MockPutKudu - MockPutKudu[id=75157980-9a75-484f-97da-7796fb3d2223] Failed to write due to Mock for KuduException, hashCode: 1371896046: Mock for KuduException, hashCode: 1371896046
[pool-8-thread-1] ERROR org.apache.nifi.processors.kudu.MockPutKudu - MockPutKudu[id=1b2f3984-b7bb-4210-980e-d5daf03d79e5] Failed to push FlowFile[3,96368676292700.mockFlowFile,0B] to Kudu: Mock for KuduException, hashCode: 152841180
[pool-8-thread-1] ERROR org.apache.nifi.processors.kudu.MockPutKudu - MockPutKudu[id=1b2f3984-b7bb-4210-980e-d5daf03d79e5] Failed to write due to Mock for RowError, hashCode: 1976237166
[pool-8-thread-1] ERROR org.apache.nifi.processors.kudu.MockPutKudu - MockPutKudu[id=1b2f3984-b7bb-4210-980e-d5daf03d79e5] Failed to write due to Mock for RowError, hashCode: 673196618
[pool-8-thread-1] ERROR org.apache.nifi.processors.kudu.MockPutKudu - MockPutKudu[id=1b2f3984-b7bb-4210-980e-d5daf03d79e5] Failed to write due to Mock for KuduException, hashCode: 152841180: Mock for KuduException, hashCode: 152841180
[pool-9-thread-1] ERROR org.apache.nifi.processors.kudu.MockPutKudu - MockPutKudu[id=17886c9c-8d08-4962-899a-a2e2859e45d2] Failed to push FlowFile[3,96368687705809.mockFlowFile,0B] to Kudu: Mock for KuduException, hashCode: 332845651
[pool-9-thread-1] ERROR org.apache.nifi.processors.kudu.MockPutKudu - MockPutKudu[id=17886c9c-8d08-4962-899a-a2e2859e45d2] Failed to write due to Mock for RowError, hashCode: 288141181
[pool-9-thread-1] ERROR org.apache.nifi.processors.kudu.MockPutKudu - MockPutKudu[id=17886c9c-8d08-4962-899a-a2e2859e45d2] Failed to write due to Mock for RowError, hashCode: 220599113
[pool-9-thread-1] ERROR org.apache.nifi.processors.kudu.MockPutKudu - MockPutKudu[id=17886c9c-8d08-4962-899a-a2e2859e45d2] Failed to write due to Mock for KuduException, hashCode: 332845651: Mock for KuduException, hashCode: 332845651
[pool-10-thread-1] ERROR org.apache.nifi.processors.kudu.MockPutKudu - MockPutKudu[id=fea855b8-f517-4f90-a0a3-a411372b881d] Failed to push FlowFile[3,96368698823846.mockFlowFile,0B] to Kudu: Mock for KuduException, hashCode: 1159218694
[pool-10-thread-1] ERROR org.apache.nifi.processors.kudu.MockPutKudu - MockPutKudu[id=fea855b8-f517-4f90-a0a3-a411372b881d] Failed to write due to Mock for RowError, hashCode: 925645193
[pool-10-thread-1] ERROR org.apache.nifi.processors.kudu.MockPutKudu - MockPutKudu[id=fea855b8-f517-4f90-a0a3-a411372b881d] Failed to write due to Mock for RowError, hashCode: 780567155
[pool-10-thread-1] ERROR org.apache.nifi.processors.kudu.MockPutKudu - MockPutKudu[id=fea855b8-f517-4f90-a0a3-a411372b881d] Failed to write due to Mock for KuduException, hashCode: 1159218694: Mock for KuduException, hashCode: 1159218694
[pool-11-thread-1] ERROR org.apache.nifi.processors.kudu.MockPutKudu - MockPutKudu[id=ec09114c-9791-4b93-aae0-ae45accd06e0] Failed to push FlowFile[3,96368708382641.mockFlowFile,0B] to Kudu: Mock for KuduException, hashCode: 1950781498
[pool-11-thread-1] ERROR org.apache.nifi.processors.kudu.MockPutKudu - MockPutKudu[id=ec09114c-9791-4b93-aae0-ae45accd06e0] Failed to write due to Mock for RowError, hashCode: 551645852
[pool-11-thread-1] ERROR org.apache.nifi.processors.kudu.MockPutKudu - MockPutKudu[id=ec09114c-9791-4b93-aae0-ae45accd06e0] Failed to write due to Mock for RowError, hashCode: 1377316957
[pool-11-thread-1] ERROR org.apache.nifi.processors.kudu.MockPutKudu - MockPutKudu[id=ec09114c-9791-4b93-aae0-ae45accd06e0] Failed to write due to Mock for KuduException, hashCode: 1950781498: Mock for KuduException, hashCode: 1950781498
[pool-12-thread-1] ERROR org.apache.nifi.processors.kudu.MockPutKudu - MockPutKudu[id=3019ff5a-7bc9-467e-a647-3d6110a84e11] Failed to push FlowFile[3,96368715509570.mockFlowFile,0B] to Kudu: Mock for KuduException, hashCode: 1693530538
[pool-12-thread-1] ERROR org.apache.nifi.processors.kudu.MockPutKudu - MockPutKudu[id=3019ff5a-7bc9-467e-a647-3d6110a84e11] Failed to write due to Mock for RowError, hashCode: 1591166470
[pool-12-thread-1] ERROR org.apache.nifi.processors.kudu.MockPutKudu - MockPutKudu[id=3019ff5a-7bc9-467e-a647-3d6110a84e11] Failed to write due to Mock for RowError, hashCode: 444888748
[pool-12-thread-1] ERROR org.apache.nifi.processors.kudu.MockPutKudu - MockPutKudu[id=3019ff5a-7bc9-467e-a647-3d6110a84e11] Failed to write due to Mock for KuduException, hashCode: 1693530538: Mock for KuduException, hashCode: 1693530538
[pool-13-thread-1] ERROR org.apache.nifi.processors.kudu.MockPutKudu - MockPutKudu[id=f0547828-5b84-401e-9b71-6e15a386a9b8] Failed to push FlowFile[3,96368722622828.mockFlowFile,0B] to Kudu: Mock for KuduException, hashCode: 1496262465
[pool-13-thread-1] ERROR org.apache.nifi.processors.kudu.MockPutKudu - MockPutKudu[id=f0547828-5b84-401e-9b71-6e15a386a9b8] Failed to write due to Mock for RowError, hashCode: 1917626130
[pool-13-thread-1] ERROR org.apache.nifi.processors.kudu.MockPutKudu - MockPutKudu[id=f0547828-5b84-401e-9b71-6e15a386a9b8] Failed to write due to Mock for RowError, hashCode: 382470554
[pool-13-thread-1] ERROR org.apache.nifi.processors.kudu.MockPutKudu - MockPutKudu[id=f0547828-5b84-401e-9b71-6e15a386a9b8] Failed to write due to Mock for KuduException, hashCode: 1496262465: Mock for KuduException, hashCode: 1496262465
[pool-14-thread-1] ERROR org.apache.nifi.processors.kudu.MockPutKudu - MockPutKudu[id=30a7ff6d-3630-47c5-bd16-8ff7c7719b82] Failed to push FlowFile[3,96368729233638.mockFlowFile,0B] to Kudu: Mock for KuduException, hashCode: 2129696060
[pool-14-thread-1] ERROR org.apache.nifi.processors.kudu.MockPutKudu - MockPutKudu[id=30a7ff6d-3630-47c5-bd16-8ff7c7719b82] Failed to write due to Mock for RowError, hashCode: 96057992
[pool-14-thread-1] ERROR org.apache.nifi.processors.kudu.MockPutKudu - MockPutKudu[id=30a7ff6d-3630-47c5-bd16-8ff7c7719b82] Failed to write due to Mock for RowError, hashCode: 1874649101
[pool-14-thread-1] ERROR org.apache.nifi.processors.kudu.MockPutKudu - MockPutKudu[id=30a7ff6d-3630-47c5-bd16-8ff7c7719b82] Failed to write due to Mock for KuduException, hashCode: 2129696060: Mock for KuduException, hashCode: 2129696060
[pool-15-thread-1] ERROR org.apache.nifi.processors.kudu.MockPutKudu - MockPutKudu[id=8f063c05-385f-4374-a721-254bc83ac9ad] Failed to push FlowFile[3,96368735863327.mockFlowFile,0B] to Kudu: Mock for KuduException, hashCode: 1889823239
[pool-15-thread-1] ERROR org.apache.nifi.processors.kudu.MockPutKudu - MockPutKudu[id=8f063c05-385f-4374-a721-254bc83ac9ad] Failed to write due to Mock for RowError, hashCode: 1687969576
[pool-15-thread-1] ERROR org.apache.nifi.processors.kudu.MockPutKudu - MockPutKudu[id=8f063c05-385f-4374-a721-254bc83ac9ad] Failed to write due to Mock for RowError, hashCode: 1130805432
[pool-15-thread-1] ERROR org.apache.nifi.processors.kudu.MockPutKudu - MockPutKudu[id=8f063c05-385f-4374-a721-254bc83ac9ad] Failed to write due to Mock for KuduException, hashCode: 1889823239: Mock for KuduException, hashCode: 1889823239
]]></system-err>
  </testcase>
  <testcase name="testBuildPartialRowLowercaseFieldsKuduUpper" classname="org.apache.nifi.processors.kudu.TestPutKudu" time="0.001"/>
  <testcase name="testDeleteFlowFiles" classname="org.apache.nifi.processors.kudu.TestPutKudu" time="0.095"/>
  <testcase name="testBuildRow" classname="org.apache.nifi.processors.kudu.TestPutKudu" time="0.001"/>
  <testcase name="testBuildPartialRowWithDate" classname="org.apache.nifi.processors.kudu.TestPutKudu" time="0.001"/>
  <testcase name="testInsecureClient" classname="org.apache.nifi.processors.kudu.TestPutKudu" time="0.003"/>
  <testcase name="testUpdateFlowFiles" classname="org.apache.nifi.processors.kudu.TestPutKudu" time="0.035"/>
  <testcase name="testBuildPartialRowNullPrimaryKey" classname="org.apache.nifi.processors.kudu.TestPutKudu" time="0.001"/>
  <testcase name="testBuildPartialRowWithDateString" classname="org.apache.nifi.processors.kudu.TestPutKudu" time="0.001"/>
  <testcase name="testReadAsStringAndWriteAsInt" classname="org.apache.nifi.processors.kudu.TestPutKudu" time="0.002"/>
  <testcase name="testBuildPartialRowNotNullable" classname="org.apache.nifi.processors.kudu.TestPutKudu" time="0"/>
  <testcase name="testUpsertFlowFiles" classname="org.apache.nifi.processors.kudu.TestPutKudu" time="0.033"/>
  <testcase name="testKuduPartialFailuresOnManualFlush" classname="org.apache.nifi.processors.kudu.TestPutKudu" time="0.055">
    <system-err><![CDATA[[pool-22-thread-1] ERROR org.apache.nifi.processors.kudu.MockPutKudu - MockPutKudu[id=0fd7c81d-c83b-4148-ae26-1f4f7b98c0bd] Failed to write due to Mock for RowError, hashCode: 1752190100
[pool-22-thread-1] ERROR org.apache.nifi.processors.kudu.MockPutKudu - MockPutKudu[id=0fd7c81d-c83b-4148-ae26-1f4f7b98c0bd] Failed to write due to Mock for RowError, hashCode: 140489691
[pool-22-thread-1] ERROR org.apache.nifi.processors.kudu.MockPutKudu - MockPutKudu[id=0fd7c81d-c83b-4148-ae26-1f4f7b98c0bd] Failed to push FlowFile[3,96368918350846.mockFlowFile,0B] to Kudu: Mock for KuduException, hashCode: 2052604028
[pool-22-thread-1] ERROR org.apache.nifi.processors.kudu.MockPutKudu - MockPutKudu[id=0fd7c81d-c83b-4148-ae26-1f4f7b98c0bd] Failed to write due to Mock for KuduException, hashCode: 2052604028: Mock for KuduException, hashCode: 2052604028
[pool-23-thread-1] ERROR org.apache.nifi.processors.kudu.MockPutKudu - MockPutKudu[id=8e4ceab7-fc3a-4b79-af57-ebd31f4d8180] Failed to write due to Mock for RowError, hashCode: 320935609
[pool-23-thread-1] ERROR org.apache.nifi.processors.kudu.MockPutKudu - MockPutKudu[id=8e4ceab7-fc3a-4b79-af57-ebd31f4d8180] Failed to write due to Mock for RowError, hashCode: 144805363
[pool-23-thread-1] ERROR org.apache.nifi.processors.kudu.MockPutKudu - MockPutKudu[id=8e4ceab7-fc3a-4b79-af57-ebd31f4d8180] Failed to push FlowFile[3,96368924452850.mockFlowFile,0B] to Kudu: Mock for KuduException, hashCode: 1463667612
[pool-23-thread-1] ERROR org.apache.nifi.processors.kudu.MockPutKudu - MockPutKudu[id=8e4ceab7-fc3a-4b79-af57-ebd31f4d8180] Failed to write due to Mock for KuduException, hashCode: 1463667612: Mock for KuduException, hashCode: 1463667612
[pool-24-thread-1] ERROR org.apache.nifi.processors.kudu.MockPutKudu - MockPutKudu[id=f09f9b68-7c03-4bd0-ac29-ed20301db049] Failed to write due to Mock for RowError, hashCode: 1603594130
[pool-24-thread-1] ERROR org.apache.nifi.processors.kudu.MockPutKudu - MockPutKudu[id=f09f9b68-7c03-4bd0-ac29-ed20301db049] Failed to write due to Mock for RowError, hashCode: 1172074361
[pool-24-thread-1] ERROR org.apache.nifi.processors.kudu.MockPutKudu - MockPutKudu[id=f09f9b68-7c03-4bd0-ac29-ed20301db049] Failed to push FlowFile[3,96368929714166.mockFlowFile,0B] to Kudu: Mock for KuduException, hashCode: 1145268079
[pool-24-thread-1] ERROR org.apache.nifi.processors.kudu.MockPutKudu - MockPutKudu[id=f09f9b68-7c03-4bd0-ac29-ed20301db049] Failed to write due to Mock for KuduException, hashCode: 1145268079: Mock for KuduException, hashCode: 1145268079
[pool-25-thread-1] ERROR org.apache.nifi.processors.kudu.MockPutKudu - MockPutKudu[id=88c5fccc-be74-4646-9d70-fd56e9442939] Failed to push FlowFile[3,96368934604845.mockFlowFile,0B] to Kudu: Mock for KuduException, hashCode: 1534617305
[pool-25-thread-1] ERROR org.apache.nifi.processors.kudu.MockPutKudu - MockPutKudu[id=88c5fccc-be74-4646-9d70-fd56e9442939] Failed to write due to Mock for RowError, hashCode: 1700913774
[pool-25-thread-1] ERROR org.apache.nifi.processors.kudu.MockPutKudu - MockPutKudu[id=88c5fccc-be74-4646-9d70-fd56e9442939] Failed to write due to Mock for RowError, hashCode: 1942094512
[pool-25-thread-1] ERROR org.apache.nifi.processors.kudu.MockPutKudu - MockPutKudu[id=88c5fccc-be74-4646-9d70-fd56e9442939] Failed to write due to Mock for KuduException, hashCode: 1534617305: Mock for KuduException, hashCode: 1534617305
[pool-26-thread-1] ERROR org.apache.nifi.processors.kudu.MockPutKudu - MockPutKudu[id=2ead04db-3645-4234-b53a-1558a8f09626] Failed to push FlowFile[3,96368939290568.mockFlowFile,0B] to Kudu: Mock for KuduException, hashCode: 1151119814
[pool-26-thread-1] ERROR org.apache.nifi.processors.kudu.MockPutKudu - MockPutKudu[id=2ead04db-3645-4234-b53a-1558a8f09626] Failed to write due to Mock for RowError, hashCode: 536177706
[pool-26-thread-1] ERROR org.apache.nifi.processors.kudu.MockPutKudu - MockPutKudu[id=2ead04db-3645-4234-b53a-1558a8f09626] Failed to write due to Mock for RowError, hashCode: 335102411
[pool-26-thread-1] ERROR org.apache.nifi.processors.kudu.MockPutKudu - MockPutKudu[id=2ead04db-3645-4234-b53a-1558a8f09626] Failed to write due to Mock for KuduException, hashCode: 1151119814: Mock for KuduException, hashCode: 1151119814
[pool-27-thread-1] ERROR org.apache.nifi.processors.kudu.MockPutKudu - MockPutKudu[id=cf40da9c-9681-4db8-b162-63f8d787d00a] Failed to push FlowFile[3,96368943709352.mockFlowFile,0B] to Kudu: Mock for KuduException, hashCode: 331588279
[pool-27-thread-1] ERROR org.apache.nifi.processors.kudu.MockPutKudu - MockPutKudu[id=cf40da9c-9681-4db8-b162-63f8d787d00a] Failed to write due to Mock for RowError, hashCode: 1415002519
[pool-27-thread-1] ERROR org.apache.nifi.processors.kudu.MockPutKudu - MockPutKudu[id=cf40da9c-9681-4db8-b162-63f8d787d00a] Failed to write due to Mock for RowError, hashCode: 361774540
[pool-27-thread-1] ERROR org.apache.nifi.processors.kudu.MockPutKudu - MockPutKudu[id=cf40da9c-9681-4db8-b162-63f8d787d00a] Failed to write due to Mock for KuduException, hashCode: 331588279: Mock for KuduException, hashCode: 331588279
[pool-28-thread-1] ERROR org.apache.nifi.processors.kudu.MockPutKudu - MockPutKudu[id=a7f24162-aafb-4ce3-ad4a-c75afc8c871a] Failed to push FlowFile[3,96368948176764.mockFlowFile,0B] to Kudu: Mock for KuduException, hashCode: 368571131
[pool-28-thread-1] ERROR org.apache.nifi.processors.kudu.MockPutKudu - MockPutKudu[id=a7f24162-aafb-4ce3-ad4a-c75afc8c871a] Failed to write due to Mock for RowError, hashCode: 1438347667
[pool-28-thread-1] ERROR org.apache.nifi.processors.kudu.MockPutKudu - MockPutKudu[id=a7f24162-aafb-4ce3-ad4a-c75afc8c871a] Failed to write due to Mock for RowError, hashCode: 531993426
[pool-28-thread-1] ERROR org.apache.nifi.processors.kudu.MockPutKudu - MockPutKudu[id=a7f24162-aafb-4ce3-ad4a-c75afc8c871a] Failed to write due to Mock for KuduException, hashCode: 368571131: Mock for KuduException, hashCode: 368571131
[pool-29-thread-1] ERROR org.apache.nifi.processors.kudu.MockPutKudu - MockPutKudu[id=e1551fa2-2ee6-45ed-bc63-af4e67e38f99] Failed to push FlowFile[3,96368952700807.mockFlowFile,0B] to Kudu: Mock for KuduException, hashCode: 1999784294
[pool-29-thread-1] ERROR org.apache.nifi.processors.kudu.MockPutKudu - MockPutKudu[id=e1551fa2-2ee6-45ed-bc63-af4e67e38f99] Failed to write due to Mock for RowError, hashCode: 1754786524
[pool-29-thread-1] ERROR org.apache.nifi.processors.kudu.MockPutKudu - MockPutKudu[id=e1551fa2-2ee6-45ed-bc63-af4e67e38f99] Failed to write due to Mock for RowError, hashCode: 1733732766
[pool-29-thread-1] ERROR org.apache.nifi.processors.kudu.MockPutKudu - MockPutKudu[id=e1551fa2-2ee6-45ed-bc63-af4e67e38f99] Failed to write due to Mock for KuduException, hashCode: 1999784294: Mock for KuduException, hashCode: 1999784294
[pool-30-thread-1] ERROR org.apache.nifi.processors.kudu.MockPutKudu - MockPutKudu[id=5baebed0-351a-4198-b80f-0448fb808277] Failed to push FlowFile[3,96368957392858.mockFlowFile,0B] to Kudu: Mock for KuduException, hashCode: 736525805
[pool-30-thread-1] ERROR org.apache.nifi.processors.kudu.MockPutKudu - MockPutKudu[id=5baebed0-351a-4198-b80f-0448fb808277] Failed to write due to Mock for RowError, hashCode: 152448505
[pool-30-thread-1] ERROR org.apache.nifi.processors.kudu.MockPutKudu - MockPutKudu[id=5baebed0-351a-4198-b80f-0448fb808277] Failed to write due to Mock for RowError, hashCode: 587498979
[pool-30-thread-1] ERROR org.apache.nifi.processors.kudu.MockPutKudu - MockPutKudu[id=5baebed0-351a-4198-b80f-0448fb808277] Failed to write due to Mock for KuduException, hashCode: 736525805: Mock for KuduException, hashCode: 736525805
[pool-31-thread-1] ERROR org.apache.nifi.processors.kudu.MockPutKudu - MockPutKudu[id=f6af0b51-fead-4735-acae-476910567a77] Failed to push FlowFile[3,96368961874031.mockFlowFile,0B] to Kudu: Mock for KuduException, hashCode: 124613346
[pool-31-thread-1] ERROR org.apache.nifi.processors.kudu.MockPutKudu - MockPutKudu[id=f6af0b51-fead-4735-acae-476910567a77] Failed to write due to Mock for RowError, hashCode: 1946858947
[pool-31-thread-1] ERROR org.apache.nifi.processors.kudu.MockPutKudu - MockPutKudu[id=f6af0b51-fead-4735-acae-476910567a77] Failed to write due to Mock for RowError, hashCode: 766711774
[pool-31-thread-1] ERROR org.apache.nifi.processors.kudu.MockPutKudu - MockPutKudu[id=f6af0b51-fead-4735-acae-476910567a77] Failed to write due to Mock for KuduException, hashCode: 124613346: Mock for KuduException, hashCode: 124613346
[pool-32-thread-1] ERROR org.apache.nifi.processors.kudu.MockPutKudu - MockPutKudu[id=6ea5e22a-f39c-4e9d-abe4-0ec250dd8331] Failed to push FlowFile[3,96368966389213.mockFlowFile,0B] to Kudu: Mock for KuduException, hashCode: 2071029942
[pool-32-thread-1] ERROR org.apache.nifi.processors.kudu.MockPutKudu - MockPutKudu[id=6ea5e22a-f39c-4e9d-abe4-0ec250dd8331] Failed to write due to Mock for RowError, hashCode: 337689031
[pool-32-thread-1] ERROR org.apache.nifi.processors.kudu.MockPutKudu - MockPutKudu[id=6ea5e22a-f39c-4e9d-abe4-0ec250dd8331] Failed to write due to Mock for RowError, hashCode: 1081919980
[pool-32-thread-1] ERROR org.apache.nifi.processors.kudu.MockPutKudu - MockPutKudu[id=6ea5e22a-f39c-4e9d-abe4-0ec250dd8331] Failed to write due to Mock for KuduException, hashCode: 2071029942: Mock for KuduException, hashCode: 2071029942
]]></system-err>
  </testcase>
  <testcase name="testInsertManyFlowFiles" classname="org.apache.nifi.processors.kudu.TestPutKudu" time="0.01"/>
  <testcase name="testKerberosEnabled" classname="org.apache.nifi.processors.kudu.TestPutKudu" time="0.003"/>
  <testcase name="testBuildPartialRowVarCharTooLong" classname="org.apache.nifi.processors.kudu.TestPutKudu" time="0.001"/>
  <testcase name="testMalformedRecordExceptionFromReaderShouldRouteToFailure" classname="org.apache.nifi.processors.kudu.TestPutKudu" time="0.022">
    <system-err><![CDATA[[pool-36-thread-1] ERROR org.apache.nifi.processors.kudu.MockPutKudu - MockPutKudu[id=8d5a76a3-8dd8-4486-a42d-cb72579aeb4e] Failed to push FlowFile[0,testMalformedRecordExceptionShouldRouteToFailure-1714615949084,7B] to Kudu: java.lang.NullPointerException
java.lang.NullPointerException
	at org.apache.nifi.processors.kudu.PutKudu.processRecords(PutKudu.java:432)
	at org.apache.nifi.processors.kudu.PutKudu.processFlowFiles(PutKudu.java:372)
	at org.apache.nifi.processors.kudu.PutKudu.lambda$onTrigger$0(PutKudu.java:351)
	at org.apache.nifi.processors.kudu.MockPutKudu.executeOnKuduClient(MockPutKudu.java:140)
	at org.apache.nifi.processors.kudu.PutKudu.onTrigger(PutKudu.java:351)
	at org.apache.nifi.processor.AbstractProcessor.onTrigger(AbstractProcessor.java:27)
	at org.apache.nifi.util.StandardProcessorTestRunner$RunProcessor.call(StandardProcessorTestRunner.java:284)
	at org.apache.nifi.util.StandardProcessorTestRunner$RunProcessor.call(StandardProcessorTestRunner.java:278)
	at java.util.concurrent.FutureTask.run(FutureTask.java:266)
	at java.util.concurrent.ScheduledThreadPoolExecutor$ScheduledFutureTask.access$201(ScheduledThreadPoolExecutor.java:180)
	at java.util.concurrent.ScheduledThreadPoolExecutor$ScheduledFutureTask.run(ScheduledThreadPoolExecutor.java:293)
	at java.util.concurrent.ThreadPoolExecutor.runWorker(ThreadPoolExecutor.java:1149)
	at java.util.concurrent.ThreadPoolExecutor$Worker.run(ThreadPoolExecutor.java:624)
	at java.lang.Thread.run(Thread.java:750)
[pool-36-thread-1] ERROR org.apache.nifi.processors.kudu.MockPutKudu - MockPutKudu[id=8d5a76a3-8dd8-4486-a42d-cb72579aeb4e] Failed to write due to java.lang.NullPointerException: java.lang.NullPointerException
java.lang.NullPointerException
	at org.apache.nifi.processors.kudu.PutKudu.processRecords(PutKudu.java:432)
	at org.apache.nifi.processors.kudu.PutKudu.processFlowFiles(PutKudu.java:372)
	at org.apache.nifi.processors.kudu.PutKudu.lambda$onTrigger$0(PutKudu.java:351)
	at org.apache.nifi.processors.kudu.MockPutKudu.executeOnKuduClient(MockPutKudu.java:140)
	at org.apache.nifi.processors.kudu.PutKudu.onTrigger(PutKudu.java:351)
	at org.apache.nifi.processor.AbstractProcessor.onTrigger(AbstractProcessor.java:27)
	at org.apache.nifi.util.StandardProcessorTestRunner$RunProcessor.call(StandardProcessorTestRunner.java:284)
	at org.apache.nifi.util.StandardProcessorTestRunner$RunProcessor.call(StandardProcessorTestRunner.java:278)
	at java.util.concurrent.FutureTask.run(FutureTask.java:266)
	at java.util.concurrent.ScheduledThreadPoolExecutor$ScheduledFutureTask.access$201(ScheduledThreadPoolExecutor.java:180)
	at java.util.concurrent.ScheduledThreadPoolExecutor$ScheduledFutureTask.run(ScheduledThreadPoolExecutor.java:293)
	at java.util.concurrent.ThreadPoolExecutor.runWorker(ThreadPoolExecutor.java:1149)
	at java.util.concurrent.ThreadPoolExecutor$Worker.run(ThreadPoolExecutor.java:624)
	at java.lang.Thread.run(Thread.java:750)
]]></system-err>
  </testcase>
  <testcase name="testInvalidReaderShouldRouteToFailure" classname="org.apache.nifi.processors.kudu.TestPutKudu" time="0.004">
    <system-err><![CDATA[[pool-37-thread-1] ERROR org.apache.nifi.processors.kudu.MockPutKudu - MockPutKudu[id=17e2dbd9-29d7-4dfe-b646-9525287e0cf0] Failed to push FlowFile[0,testInvalidAvroShouldRouteToFailure-1714615949089,7B] to Kudu: java.io.IOException: NOT AVRO
java.io.IOException: NOT AVRO
	at org.apache.nifi.processors.kudu.PutKudu.processRecords(PutKudu.java:413)
	at org.apache.nifi.processors.kudu.PutKudu.processFlowFiles(PutKudu.java:372)
	at org.apache.nifi.processors.kudu.PutKudu.lambda$onTrigger$0(PutKudu.java:351)
	at org.apache.nifi.processors.kudu.MockPutKudu.executeOnKuduClient(MockPutKudu.java:140)
	at org.apache.nifi.processors.kudu.PutKudu.onTrigger(PutKudu.java:351)
	at org.apache.nifi.processor.AbstractProcessor.onTrigger(AbstractProcessor.java:27)
	at org.apache.nifi.util.StandardProcessorTestRunner$RunProcessor.call(StandardProcessorTestRunner.java:284)
	at org.apache.nifi.util.StandardProcessorTestRunner$RunProcessor.call(StandardProcessorTestRunner.java:278)
	at java.util.concurrent.FutureTask.run(FutureTask.java:266)
	at java.util.concurrent.ScheduledThreadPoolExecutor$ScheduledFutureTask.access$201(ScheduledThreadPoolExecutor.java:180)
	at java.util.concurrent.ScheduledThreadPoolExecutor$ScheduledFutureTask.run(ScheduledThreadPoolExecutor.java:293)
	at java.util.concurrent.ThreadPoolExecutor.runWorker(ThreadPoolExecutor.java:1149)
	at java.util.concurrent.ThreadPoolExecutor$Worker.run(ThreadPoolExecutor.java:624)
	at java.lang.Thread.run(Thread.java:750)
[pool-37-thread-1] ERROR org.apache.nifi.processors.kudu.MockPutKudu - MockPutKudu[id=17e2dbd9-29d7-4dfe-b646-9525287e0cf0] Failed to write due to java.io.IOException: NOT AVRO: java.io.IOException: NOT AVRO
java.io.IOException: NOT AVRO
	at org.apache.nifi.processors.kudu.PutKudu.processRecords(PutKudu.java:413)
	at org.apache.nifi.processors.kudu.PutKudu.processFlowFiles(PutKudu.java:372)
	at org.apache.nifi.processors.kudu.PutKudu.lambda$onTrigger$0(PutKudu.java:351)
	at org.apache.nifi.processors.kudu.MockPutKudu.executeOnKuduClient(MockPutKudu.java:140)
	at org.apache.nifi.processors.kudu.PutKudu.onTrigger(PutKudu.java:351)
	at org.apache.nifi.processor.AbstractProcessor.onTrigger(AbstractProcessor.java:27)
	at org.apache.nifi.util.StandardProcessorTestRunner$RunProcessor.call(StandardProcessorTestRunner.java:284)
	at org.apache.nifi.util.StandardProcessorTestRunner$RunProcessor.call(StandardProcessorTestRunner.java:278)
	at java.util.concurrent.FutureTask.run(FutureTask.java:266)
	at java.util.concurrent.ScheduledThreadPoolExecutor$ScheduledFutureTask.access$201(ScheduledThreadPoolExecutor.java:180)
	at java.util.concurrent.ScheduledThreadPoolExecutor$ScheduledFutureTask.run(ScheduledThreadPoolExecutor.java:293)
	at java.util.concurrent.ThreadPoolExecutor.runWorker(ThreadPoolExecutor.java:1149)
	at java.util.concurrent.ThreadPoolExecutor$Worker.run(ThreadPoolExecutor.java:624)
	at java.lang.Thread.run(Thread.java:750)
]]></system-err>
  </testcase>
  <testcase name="testWriteKuduWithDefaults" classname="org.apache.nifi.processors.kudu.TestPutKudu" time="0.005"/>
  <testcase name="testKuduPartialFailuresOnAutoFlushSync" classname="org.apache.nifi.processors.kudu.TestPutKudu" time="0.063">
    <system-err><![CDATA[[pool-39-thread-1] ERROR org.apache.nifi.processors.kudu.MockPutKudu - MockPutKudu[id=31b56835-426a-4c97-b3db-63859d2ea9a8] Failed to write due to Mock for RowError, hashCode: 1970802145
[pool-39-thread-1] ERROR org.apache.nifi.processors.kudu.MockPutKudu - MockPutKudu[id=31b56835-426a-4c97-b3db-63859d2ea9a8] Failed to write due to Mock for RowError, hashCode: 552985684
[pool-39-thread-1] ERROR org.apache.nifi.processors.kudu.MockPutKudu - MockPutKudu[id=31b56835-426a-4c97-b3db-63859d2ea9a8] Failed to push FlowFile[3,96369019936405.mockFlowFile,0B] to Kudu: Mock for KuduException, hashCode: 842508481
[pool-39-thread-1] ERROR org.apache.nifi.processors.kudu.MockPutKudu - MockPutKudu[id=31b56835-426a-4c97-b3db-63859d2ea9a8] Failed to write due to Mock for KuduException, hashCode: 842508481: Mock for KuduException, hashCode: 842508481
[pool-40-thread-1] ERROR org.apache.nifi.processors.kudu.MockPutKudu - MockPutKudu[id=cc528959-f89c-4ef9-b8c0-a51315e92fde] Failed to write due to Mock for RowError, hashCode: 1075882067
[pool-40-thread-1] ERROR org.apache.nifi.processors.kudu.MockPutKudu - MockPutKudu[id=cc528959-f89c-4ef9-b8c0-a51315e92fde] Failed to write due to Mock for RowError, hashCode: 1038620895
[pool-40-thread-1] ERROR org.apache.nifi.processors.kudu.MockPutKudu - MockPutKudu[id=cc528959-f89c-4ef9-b8c0-a51315e92fde] Failed to push FlowFile[3,96369026031620.mockFlowFile,0B] to Kudu: Mock for KuduException, hashCode: 1321058685
[pool-40-thread-1] ERROR org.apache.nifi.processors.kudu.MockPutKudu - MockPutKudu[id=cc528959-f89c-4ef9-b8c0-a51315e92fde] Failed to write due to Mock for KuduException, hashCode: 1321058685: Mock for KuduException, hashCode: 1321058685
[pool-41-thread-1] ERROR org.apache.nifi.processors.kudu.MockPutKudu - MockPutKudu[id=6038825d-edcc-462d-9f05-d64afbf78eb3] Failed to write due to Mock for RowError, hashCode: 172112208
[pool-41-thread-1] ERROR org.apache.nifi.processors.kudu.MockPutKudu - MockPutKudu[id=6038825d-edcc-462d-9f05-d64afbf78eb3] Failed to write due to Mock for RowError, hashCode: 222190984
[pool-41-thread-1] ERROR org.apache.nifi.processors.kudu.MockPutKudu - MockPutKudu[id=6038825d-edcc-462d-9f05-d64afbf78eb3] Failed to push FlowFile[3,96369031821239.mockFlowFile,0B] to Kudu: Mock for KuduException, hashCode: 846907079
[pool-41-thread-1] ERROR org.apache.nifi.processors.kudu.MockPutKudu - MockPutKudu[id=6038825d-edcc-462d-9f05-d64afbf78eb3] Failed to write due to Mock for KuduException, hashCode: 846907079: Mock for KuduException, hashCode: 846907079
[pool-42-thread-1] ERROR org.apache.nifi.processors.kudu.MockPutKudu - MockPutKudu[id=422c0e49-0b42-460c-8620-1d765ca775db] Failed to push FlowFile[3,96369037078019.mockFlowFile,0B] to Kudu: Mock for KuduException, hashCode: 2009754572
[pool-42-thread-1] ERROR org.apache.nifi.processors.kudu.MockPutKudu - MockPutKudu[id=422c0e49-0b42-460c-8620-1d765ca775db] Failed to write due to Mock for RowError, hashCode: 1734409501
[pool-42-thread-1] ERROR org.apache.nifi.processors.kudu.MockPutKudu - MockPutKudu[id=422c0e49-0b42-460c-8620-1d765ca775db] Failed to write due to Mock for RowError, hashCode: 343970127
[pool-42-thread-1] ERROR org.apache.nifi.processors.kudu.MockPutKudu - MockPutKudu[id=422c0e49-0b42-460c-8620-1d765ca775db] Failed to write due to Mock for KuduException, hashCode: 2009754572: Mock for KuduException, hashCode: 2009754572
[pool-43-thread-1] ERROR org.apache.nifi.processors.kudu.MockPutKudu - MockPutKudu[id=63f5e17b-702c-4a15-b804-cdcff5d1119d] Failed to push FlowFile[3,96369042094917.mockFlowFile,0B] to Kudu: Mock for KuduException, hashCode: 1875104511
[pool-43-thread-1] ERROR org.apache.nifi.processors.kudu.MockPutKudu - MockPutKudu[id=63f5e17b-702c-4a15-b804-cdcff5d1119d] Failed to write due to Mock for RowError, hashCode: 991142092
[pool-43-thread-1] ERROR org.apache.nifi.processors.kudu.MockPutKudu - MockPutKudu[id=63f5e17b-702c-4a15-b804-cdcff5d1119d] Failed to write due to Mock for RowError, hashCode: 716357744
[pool-43-thread-1] ERROR org.apache.nifi.processors.kudu.MockPutKudu - MockPutKudu[id=63f5e17b-702c-4a15-b804-cdcff5d1119d] Failed to write due to Mock for KuduException, hashCode: 1875104511: Mock for KuduException, hashCode: 1875104511
[pool-44-thread-1] ERROR org.apache.nifi.processors.kudu.MockPutKudu - MockPutKudu[id=33aed916-119a-4dbd-802f-a2edf62bffe2] Failed to push FlowFile[3,96369047442605.mockFlowFile,0B] to Kudu: Mock for KuduException, hashCode: 1781325877
[pool-44-thread-1] ERROR org.apache.nifi.processors.kudu.MockPutKudu - MockPutKudu[id=33aed916-119a-4dbd-802f-a2edf62bffe2] Failed to write due to Mock for RowError, hashCode: 783518353
[pool-44-thread-1] ERROR org.apache.nifi.processors.kudu.MockPutKudu - MockPutKudu[id=33aed916-119a-4dbd-802f-a2edf62bffe2] Failed to write due to Mock for RowError, hashCode: 1014619729
[pool-44-thread-1] ERROR org.apache.nifi.processors.kudu.MockPutKudu - MockPutKudu[id=33aed916-119a-4dbd-802f-a2edf62bffe2] Failed to write due to Mock for KuduException, hashCode: 1781325877: Mock for KuduException, hashCode: 1781325877
[pool-45-thread-1] ERROR org.apache.nifi.processors.kudu.MockPutKudu - MockPutKudu[id=cd110c6e-b70a-4fc8-995e-d4eda5511e8a] Failed to push FlowFile[3,96369052709707.mockFlowFile,0B] to Kudu: Mock for KuduException, hashCode: 1820549401
[pool-45-thread-1] ERROR org.apache.nifi.processors.kudu.MockPutKudu - MockPutKudu[id=cd110c6e-b70a-4fc8-995e-d4eda5511e8a] Failed to write due to Mock for RowError, hashCode: 259226188
[pool-45-thread-1] ERROR org.apache.nifi.processors.kudu.MockPutKudu - MockPutKudu[id=cd110c6e-b70a-4fc8-995e-d4eda5511e8a] Failed to write due to Mock for RowError, hashCode: 1738375600
[pool-45-thread-1] ERROR org.apache.nifi.processors.kudu.MockPutKudu - MockPutKudu[id=cd110c6e-b70a-4fc8-995e-d4eda5511e8a] Failed to write due to Mock for KuduException, hashCode: 1820549401: Mock for KuduException, hashCode: 1820549401
[pool-46-thread-1] ERROR org.apache.nifi.processors.kudu.MockPutKudu - MockPutKudu[id=f983c97d-c862-4093-b06e-605fb5d2a871] Failed to push FlowFile[3,96369062461774.mockFlowFile,0B] to Kudu: Mock for KuduException, hashCode: 927486260
[pool-46-thread-1] ERROR org.apache.nifi.processors.kudu.MockPutKudu - MockPutKudu[id=f983c97d-c862-4093-b06e-605fb5d2a871] Failed to write due to Mock for RowError, hashCode: 661171522
[pool-46-thread-1] ERROR org.apache.nifi.processors.kudu.MockPutKudu - MockPutKudu[id=f983c97d-c862-4093-b06e-605fb5d2a871] Failed to write due to Mock for RowError, hashCode: 638069962
[pool-46-thread-1] ERROR org.apache.nifi.processors.kudu.MockPutKudu - MockPutKudu[id=f983c97d-c862-4093-b06e-605fb5d2a871] Failed to write due to Mock for KuduException, hashCode: 927486260: Mock for KuduException, hashCode: 927486260
[pool-47-thread-1] ERROR org.apache.nifi.processors.kudu.MockPutKudu - MockPutKudu[id=97a13f20-ad17-4c17-96a1-f1a99b8fd8bb] Failed to push FlowFile[3,96369066549046.mockFlowFile,0B] to Kudu: Mock for KuduException, hashCode: 2078613542
[pool-47-thread-1] ERROR org.apache.nifi.processors.kudu.MockPutKudu - MockPutKudu[id=97a13f20-ad17-4c17-96a1-f1a99b8fd8bb] Failed to write due to Mock for RowError, hashCode: 1953626131
[pool-47-thread-1] ERROR org.apache.nifi.processors.kudu.MockPutKudu - MockPutKudu[id=97a13f20-ad17-4c17-96a1-f1a99b8fd8bb] Failed to write due to Mock for RowError, hashCode: 2029191681
[pool-47-thread-1] ERROR org.apache.nifi.processors.kudu.MockPutKudu - MockPutKudu[id=97a13f20-ad17-4c17-96a1-f1a99b8fd8bb] Failed to write due to Mock for KuduException, hashCode: 2078613542: Mock for KuduException, hashCode: 2078613542
[pool-48-thread-1] ERROR org.apache.nifi.processors.kudu.MockPutKudu - MockPutKudu[id=4a4bb99d-c5d2-40ce-9300-135ce6fbc3ed] Failed to push FlowFile[3,96369071613282.mockFlowFile,0B] to Kudu: Mock for KuduException, hashCode: 1349458336
[pool-48-thread-1] ERROR org.apache.nifi.processors.kudu.MockPutKudu - MockPutKudu[id=4a4bb99d-c5d2-40ce-9300-135ce6fbc3ed] Failed to write due to Mock for RowError, hashCode: 78934767
[pool-48-thread-1] ERROR org.apache.nifi.processors.kudu.MockPutKudu - MockPutKudu[id=4a4bb99d-c5d2-40ce-9300-135ce6fbc3ed] Failed to write due to Mock for RowError, hashCode: 655618377
[pool-48-thread-1] ERROR org.apache.nifi.processors.kudu.MockPutKudu - MockPutKudu[id=4a4bb99d-c5d2-40ce-9300-135ce6fbc3ed] Failed to write due to Mock for KuduException, hashCode: 1349458336: Mock for KuduException, hashCode: 1349458336
[pool-49-thread-1] ERROR org.apache.nifi.processors.kudu.MockPutKudu - MockPutKudu[id=a58c71e0-98d1-41ad-967e-77fb5399d8c3] Failed to push FlowFile[3,96369077071973.mockFlowFile,0B] to Kudu: Mock for KuduException, hashCode: 291808200
[pool-49-thread-1] ERROR org.apache.nifi.processors.kudu.MockPutKudu - MockPutKudu[id=a58c71e0-98d1-41ad-967e-77fb5399d8c3] Failed to write due to Mock for RowError, hashCode: 118245493
[pool-49-thread-1] ERROR org.apache.nifi.processors.kudu.MockPutKudu - MockPutKudu[id=a58c71e0-98d1-41ad-967e-77fb5399d8c3] Failed to write due to Mock for RowError, hashCode: 1029547307
[pool-49-thread-1] ERROR org.apache.nifi.processors.kudu.MockPutKudu - MockPutKudu[id=a58c71e0-98d1-41ad-967e-77fb5399d8c3] Failed to write due to Mock for KuduException, hashCode: 291808200: Mock for KuduException, hashCode: 291808200
]]></system-err>
  </testcase>
</testsuite>