<?xml version="1.0" encoding="UTF-8"?>
<testsuite xmlns:xsi="http://www.w3.org/2001/XMLSchema-instance" xsi:noNamespaceSchemaLocation="https://maven.apache.org/surefire/maven-surefire-plugin/xsd/surefire-test-report-3.0.xsd" version="3.0" name="org.apache.nifi.toolkit.tls.service.TlsCertificateAuthorityTest" time="1.87" tests="4" errors="0" skipped="0" failures="0">
  <properties>
    <property name="sun.desktop" value="gnome"/>
    <property name="awt.toolkit" value="sun.awt.X11.XToolkit"/>
    <property name="file.encoding.pkg" value="sun.io"/>
    <property name="java.specification.version" value="1.8"/>
    <property name="sun.cpu.isalist" value=""/>
    <property name="sun.jnu.encoding" value="UTF-8"/>
    <property name="java.class.path" value="/home/alex/Repositories/nifi/nifi-toolkit/nifi-toolkit-tls/target/test-classes:/home/alex/Repositories/nifi/nifi-toolkit/nifi-toolkit-tls/target/classes:/home/alex/Repositories/nifi/nifi-commons/nifi-properties/target/classes:/home/alex/Repositories/nifi/nifi-commons/nifi-property-utils/target/classes:/home/alex/Repositories/nifi/nifi-commons/nifi-security-utils/target/classes:/home/alex/Repositories/nifi/nifi-api/target/classes:/home/alex/Repositories/nifi/nifi-commons/nifi-utils/target/classes:/home/alex/Repositories/nifi/nifi-commons/nifi-security-utils-api/target/classes:/home/alex/Repositories/nifi/nifi-commons/nifi-security-kms/target/classes:/home/alex/.m2/repository/org/apache/commons/commons-lang3/3.12.0/commons-lang3-3.12.0.jar:/home/alex/.m2/repository/commons-codec/commons-codec/1.14/commons-codec-1.14.jar:/home/alex/.m2/repository/at/favre/lib/bcrypt/0.9.0/bcrypt-0.9.0.jar:/home/alex/.m2/repository/at/favre/lib/bytes/1.3.0/bytes-1.3.0.jar:/home/alex/.m2/repository/org/apache/commons/commons-configuration2/2.7/commons-configuration2-2.7.jar:/home/alex/.m2/repository/org/apache/commons/commons-text/1.8/commons-text-1.8.jar:/home/alex/.m2/repository/org/slf4j/slf4j-api/1.7.32/slf4j-api-1.7.32.jar:/home/alex/.m2/repository/org/bouncycastle/bcpkix-jdk15on/1.69/bcpkix-jdk15on-1.69.jar:/home/alex/.m2/repository/org/bouncycastle/bcutil-jdk15on/1.69/bcutil-jdk15on-1.69.jar:/home/alex/.m2/repository/org/bouncycastle/bcprov-jdk15on/1.69/bcprov-jdk15on-1.69.jar:/home/alex/.m2/repository/commons-cli/commons-cli/1.4/commons-cli-1.4.jar:/home/alex/.m2/repository/commons-io/commons-io/2.10.0/commons-io-2.10.0.jar:/home/alex/.m2/repository/org/eclipse/jetty/jetty-server/9.4.44.v20210927/jetty-server-9.4.44.v20210927.jar:/home/alex/.m2/repository/javax/servlet/javax.servlet-api/3.1.0/javax.servlet-api-3.1.0.jar:/home/alex/.m2/repository/org/eclipse/jetty/jetty-http/9.4.44.v20210927/jetty-http-9.4.44.v20210927.jar:/home/alex/.m2/repository/org/eclipse/jetty/jetty-util/9.4.44.v20210927/jetty-util-9.4.44.v20210927.jar:/home/alex/.m2/repository/org/eclipse/jetty/jetty-io/9.4.44.v20210927/jetty-io-9.4.44.v20210927.jar:/home/alex/.m2/repository/org/glassfish/jersey/core/jersey-client/2.33/jersey-client-2.33.jar:/home/alex/.m2/repository/jakarta/ws/rs/jakarta.ws.rs-api/2.1.6/jakarta.ws.rs-api-2.1.6.jar:/home/alex/.m2/repository/org/glassfish/jersey/core/jersey-common/2.33/jersey-common-2.33.jar:/home/alex/.m2/repository/jakarta/annotation/jakarta.annotation-api/1.3.5/jakarta.annotation-api-1.3.5.jar:/home/alex/.m2/repository/org/glassfish/hk2/osgi-resource-locator/1.0.3/osgi-resource-locator-1.0.3.jar:/home/alex/.m2/repository/org/glassfish/hk2/external/jakarta.inject/2.6.1/jakarta.inject-2.6.1.jar:/home/alex/.m2/repository/org/glassfish/jersey/inject/jersey-hk2/2.33/jersey-hk2-2.33.jar:/home/alex/.m2/repository/org/glassfish/hk2/hk2-locator/2.6.1/hk2-locator-2.6.1.jar:/home/alex/.m2/repository/org/glassfish/hk2/external/aopalliance-repackaged/2.6.1/aopalliance-repackaged-2.6.1.jar:/home/alex/.m2/repository/org/glassfish/hk2/hk2-api/2.6.1/hk2-api-2.6.1.jar:/home/alex/.m2/repository/org/glassfish/hk2/hk2-utils/2.6.1/hk2-utils-2.6.1.jar:/home/alex/.m2/repository/org/javassist/javassist/3.25.0-GA/javassist-3.25.0-GA.jar:/home/alex/.m2/repository/com/fasterxml/jackson/core/jackson-databind/2.12.3/jackson-databind-2.12.3.jar:/home/alex/.m2/repository/com/fasterxml/jackson/core/jackson-annotations/2.12.3/jackson-annotations-2.12.3.jar:/home/alex/.m2/repository/com/fasterxml/jackson/core/jackson-core/2.12.3/jackson-core-2.12.3.jar:/home/alex/.m2/repository/org/apache/httpcomponents/httpclient/4.5.5/httpclient-4.5.5.jar:/home/alex/.m2/repository/org/apache/httpcomponents/httpcore/4.4.9/httpcore-4.4.9.jar:/home/alex/.m2/repository/commons-logging/commons-logging/1.2/commons-logging-1.2.jar:/home/alex/.m2/repository/org/slf4j/slf4j-simple/1.7.32/slf4j-simple-1.7.32.jar:/home/alex/.m2/repository/org/junit/jupiter/junit-jupiter-api/5.7.2/junit-jupiter-api-5.7.2.jar:/home/alex/.m2/repository/org/apiguardian/apiguardian-api/1.1.0/apiguardian-api-1.1.0.jar:/home/alex/.m2/repository/org/opentest4j/opentest4j/1.2.0/opentest4j-1.2.0.jar:/home/alex/.m2/repository/org/junit/platform/junit-platform-commons/1.7.2/junit-platform-commons-1.7.2.jar:/home/alex/.m2/repository/org/junit/jupiter/junit-jupiter-engine/5.7.2/junit-jupiter-engine-5.7.2.jar:/home/alex/.m2/repository/org/junit/platform/junit-platform-engine/1.7.2/junit-platform-engine-1.7.2.jar:/home/alex/.m2/repository/org/junit/vintage/junit-vintage-engine/5.7.2/junit-vintage-engine-5.7.2.jar:/home/alex/.m2/repository/junit/junit/4.13.2/junit-4.13.2.jar:/home/alex/.m2/repository/org/hamcrest/hamcrest-core/1.3/hamcrest-core-1.3.jar:/home/alex/.m2/repository/org/junit/jupiter/junit-jupiter-params/5.7.2/junit-jupiter-params-5.7.2.jar:/home/alex/.m2/repository/org/mockito/mockito-core/3.11.2/mockito-core-3.11.2.jar:/home/alex/.m2/repository/net/bytebuddy/byte-buddy/1.11.3/byte-buddy-1.11.3.jar:/home/alex/.m2/repository/net/bytebuddy/byte-buddy-agent/1.11.3/byte-buddy-agent-1.11.3.jar:/home/alex/.m2/repository/org/objenesis/objenesis/3.2/objenesis-3.2.jar:/home/alex/.m2/repository/org/mockito/mockito-junit-jupiter/3.11.2/mockito-junit-jupiter-3.11.2.jar:/home/alex/.m2/repository/org/codehaus/groovy/groovy-test/2.5.14/groovy-test-2.5.14.jar:/home/alex/.m2/repository/org/codehaus/groovy/groovy/2.5.14/groovy-2.5.14.jar:"/>
    <property name="java.vm.vendor" value="Private Build"/>
    <property name="sun.arch.data.model" value="64"/>
    <property name="java.vendor.url" value="http://java.oracle.com/"/>
    <property name="user.timezone" value="Europe/Lisbon"/>
    <property name="java.vm.specification.version" value="1.8"/>
    <property name="os.name" value="Linux"/>
    <property name="user.country" value="US"/>
    <property name="sun.java.launcher" value="SUN_STANDARD"/>
    <property name="sun.boot.library.path" value="/usr/lib/jvm/java-8-openjdk-amd64/jre/lib/amd64"/>
    <property name="sun.java.command" value="/home/alex/Repositories/nifi/nifi-toolkit/nifi-toolkit-tls/target/surefire/surefirebooter4003565236119306340.jar /home/alex/Repositories/nifi/nifi-toolkit/nifi-toolkit-tls/target/surefire 2024-05-02T03-00-27_868-jvmRun1 surefire9216114433942319911tmp surefire_1892255163022727941500tmp"/>
    <property name="surefire.test.class.path" value="/home/alex/Repositories/nifi/nifi-toolkit/nifi-toolkit-tls/target/test-classes:/home/alex/Repositories/nifi/nifi-toolkit/nifi-toolkit-tls/target/classes:/home/alex/Repositories/nifi/nifi-commons/nifi-properties/target/classes:/home/alex/Repositories/nifi/nifi-commons/nifi-property-utils/target/classes:/home/alex/Repositories/nifi/nifi-commons/nifi-security-utils/target/classes:/home/alex/Repositories/nifi/nifi-api/target/classes:/home/alex/Repositories/nifi/nifi-commons/nifi-utils/target/classes:/home/alex/Repositories/nifi/nifi-commons/nifi-security-utils-api/target/classes:/home/alex/Repositories/nifi/nifi-commons/nifi-security-kms/target/classes:/home/alex/.m2/repository/org/apache/commons/commons-lang3/3.12.0/commons-lang3-3.12.0.jar:/home/alex/.m2/repository/commons-codec/commons-codec/1.14/commons-codec-1.14.jar:/home/alex/.m2/repository/at/favre/lib/bcrypt/0.9.0/bcrypt-0.9.0.jar:/home/alex/.m2/repository/at/favre/lib/bytes/1.3.0/bytes-1.3.0.jar:/home/alex/.m2/repository/org/apache/commons/commons-configuration2/2.7/commons-configuration2-2.7.jar:/home/alex/.m2/repository/org/apache/commons/commons-text/1.8/commons-text-1.8.jar:/home/alex/.m2/repository/org/slf4j/slf4j-api/1.7.32/slf4j-api-1.7.32.jar:/home/alex/.m2/repository/org/bouncycastle/bcpkix-jdk15on/1.69/bcpkix-jdk15on-1.69.jar:/home/alex/.m2/repository/org/bouncycastle/bcutil-jdk15on/1.69/bcutil-jdk15on-1.69.jar:/home/alex/.m2/repository/org/bouncycastle/bcprov-jdk15on/1.69/bcprov-jdk15on-1.69.jar:/home/alex/.m2/repository/commons-cli/commons-cli/1.4/commons-cli-1.4.jar:/home/alex/.m2/repository/commons-io/commons-io/2.10.0/commons-io-2.10.0.jar:/home/alex/.m2/repository/org/eclipse/jetty/jetty-server/9.4.44.v20210927/jetty-server-9.4.44.v20210927.jar:/home/alex/.m2/repository/javax/servlet/javax.servlet-api/3.1.0/javax.servlet-api-3.1.0.jar:/home/alex/.m2/repository/org/eclipse/jetty/jetty-http/9.4.44.v20210927/jetty-http-9.4.44.v20210927.jar:/home/alex/.m2/repository/org/eclipse/jetty/jetty-util/9.4.44.v20210927/jetty-util-9.4.44.v20210927.jar:/home/alex/.m2/repository/org/eclipse/jetty/jetty-io/9.4.44.v20210927/jetty-io-9.4.44.v20210927.jar:/home/alex/.m2/repository/org/glassfish/jersey/core/jersey-client/2.33/jersey-client-2.33.jar:/home/alex/.m2/repository/jakarta/ws/rs/jakarta.ws.rs-api/2.1.6/jakarta.ws.rs-api-2.1.6.jar:/home/alex/.m2/repository/org/glassfish/jersey/core/jersey-common/2.33/jersey-common-2.33.jar:/home/alex/.m2/repository/jakarta/annotation/jakarta.annotation-api/1.3.5/jakarta.annotation-api-1.3.5.jar:/home/alex/.m2/repository/org/glassfish/hk2/osgi-resource-locator/1.0.3/osgi-resource-locator-1.0.3.jar:/home/alex/.m2/repository/org/glassfish/hk2/external/jakarta.inject/2.6.1/jakarta.inject-2.6.1.jar:/home/alex/.m2/repository/org/glassfish/jersey/inject/jersey-hk2/2.33/jersey-hk2-2.33.jar:/home/alex/.m2/repository/org/glassfish/hk2/hk2-locator/2.6.1/hk2-locator-2.6.1.jar:/home/alex/.m2/repository/org/glassfish/hk2/external/aopalliance-repackaged/2.6.1/aopalliance-repackaged-2.6.1.jar:/home/alex/.m2/repository/org/glassfish/hk2/hk2-api/2.6.1/hk2-api-2.6.1.jar:/home/alex/.m2/repository/org/glassfish/hk2/hk2-utils/2.6.1/hk2-utils-2.6.1.jar:/home/alex/.m2/repository/org/javassist/javassist/3.25.0-GA/javassist-3.25.0-GA.jar:/home/alex/.m2/repository/com/fasterxml/jackson/core/jackson-databind/2.12.3/jackson-databind-2.12.3.jar:/home/alex/.m2/repository/com/fasterxml/jackson/core/jackson-annotations/2.12.3/jackson-annotations-2.12.3.jar:/home/alex/.m2/repository/com/fasterxml/jackson/core/jackson-core/2.12.3/jackson-core-2.12.3.jar:/home/alex/.m2/repository/org/apache/httpcomponents/httpclient/4.5.5/httpclient-4.5.5.jar:/home/alex/.m2/repository/org/apache/httpcomponents/httpcore/4.4.9/httpcore-4.4.9.jar:/home/alex/.m2/repository/commons-logging/commons-logging/1.2/commons-logging-1.2.jar:/home/alex/.m2/repository/org/slf4j/slf4j-simple/1.7.32/slf4j-simple-1.7.32.jar:/home/alex/.m2/repository/org/junit/jupiter/junit-jupiter-api/5.7.2/junit-jupiter-api-5.7.2.jar:/home/alex/.m2/repository/org/apiguardian/apiguardian-api/1.1.0/apiguardian-api-1.1.0.jar:/home/alex/.m2/repository/org/opentest4j/opentest4j/1.2.0/opentest4j-1.2.0.jar:/home/alex/.m2/repository/org/junit/platform/junit-platform-commons/1.7.2/junit-platform-commons-1.7.2.jar:/home/alex/.m2/repository/org/junit/jupiter/junit-jupiter-engine/5.7.2/junit-jupiter-engine-5.7.2.jar:/home/alex/.m2/repository/org/junit/platform/junit-platform-engine/1.7.2/junit-platform-engine-1.7.2.jar:/home/alex/.m2/repository/org/junit/vintage/junit-vintage-engine/5.7.2/junit-vintage-engine-5.7.2.jar:/home/alex/.m2/repository/junit/junit/4.13.2/junit-4.13.2.jar:/home/alex/.m2/repository/org/hamcrest/hamcrest-core/1.3/hamcrest-core-1.3.jar:/home/alex/.m2/repository/org/junit/jupiter/junit-jupiter-params/5.7.2/junit-jupiter-params-5.7.2.jar:/home/alex/.m2/repository/org/mockito/mockito-core/3.11.2/mockito-core-3.11.2.jar:/home/alex/.m2/repository/net/bytebuddy/byte-buddy/1.11.3/byte-buddy-1.11.3.jar:/home/alex/.m2/repository/net/bytebuddy/byte-buddy-agent/1.11.3/byte-buddy-agent-1.11.3.jar:/home/alex/.m2/repository/org/objenesis/objenesis/3.2/objenesis-3.2.jar:/home/alex/.m2/repository/org/mockito/mockito-junit-jupiter/3.11.2/mockito-junit-jupiter-3.11.2.jar:/home/alex/.m2/repository/org/codehaus/groovy/groovy-test/2.5.14/groovy-test-2.5.14.jar:/home/alex/.m2/repository/org/codehaus/groovy/groovy/2.5.14/groovy-2.5.14.jar:"/>
    <property name="sun.cpu.endian" value="little"/>
    <property name="user.home" value="/home/alex"/>
    <property name="user.language" value="en"/>
    <property name="java.specification.vendor" value="Oracle Corporation"/>
    <property name="java.home" value="/usr/lib/jvm/java-8-openjdk-amd64/jre"/>
    <property name="basedir" value="/home/alex/Repositories/nifi/nifi-toolkit/nifi-toolkit-tls"/>
    <property name="file.separator" value="/"/>
    <property name="line.separator" value="&#10;"/>
    <property name="java.vm.specification.vendor" value="Oracle Corporation"/>
    <property name="java.specification.name" value="Java Platform API Specification"/>
    <property name="java.awt.graphicsenv" value="sun.awt.X11GraphicsEnvironment"/>
    <property name="java.awt.headless" value="true"/>
    <property name="surefire.real.class.path" value="/home/alex/Repositories/nifi/nifi-toolkit/nifi-toolkit-tls/target/surefire/surefirebooter4003565236119306340.jar"/>
    <property name="sun.boot.class.path" value="/usr/lib/jvm/java-8-openjdk-amd64/jre/lib/resources.jar:/usr/lib/jvm/java-8-openjdk-amd64/jre/lib/rt.jar:/usr/lib/jvm/java-8-openjdk-amd64/jre/lib/sunrsasign.jar:/usr/lib/jvm/java-8-openjdk-amd64/jre/lib/jsse.jar:/usr/lib/jvm/java-8-openjdk-amd64/jre/lib/jce.jar:/usr/lib/jvm/java-8-openjdk-amd64/jre/lib/charsets.jar:/usr/lib/jvm/java-8-openjdk-amd64/jre/lib/jfr.jar:/usr/lib/jvm/java-8-openjdk-amd64/jre/classes"/>
    <property name="sun.management.compiler" value="HotSpot 64-Bit Tiered Compilers"/>
    <property name="java.runtime.version" value="1.8.0_402-8u402-ga-2ubuntu1~22.04-b06"/>
    <property name="java.net.preferIPv4Stack" value="true"/>
    <property name="user.name" value="alex"/>
    <property name="path.separator" value=":"/>
    <property name="os.version" value="6.5.0-28-generic"/>
    <property name="java.endorsed.dirs" value="/usr/lib/jvm/java-8-openjdk-amd64/jre/lib/endorsed"/>
    <property name="java.runtime.name" value="OpenJDK Runtime Environment"/>
    <property name="file.encoding" value="UTF-8"/>
    <property name="java.vm.name" value="OpenJDK 64-Bit Server VM"/>
    <property name="localRepository" value="/home/alex/.m2/repository"/>
    <property name="java.vendor.url.bug" value="http://bugreport.sun.com/bugreport/"/>
    <property name="jetty.git.hash" value="8da83308eeca865e495e53ef315a249d63ba9332"/>
    <property name="java.io.tmpdir" value="/tmp"/>
    <property name="java.version" value="1.8.0_402"/>
    <property name="user.dir" value="/home/alex/Repositories/nifi/nifi-toolkit/nifi-toolkit-tls"/>
    <property name="os.arch" value="amd64"/>
    <property name="java.vm.specification.name" value="Java Virtual Machine Specification"/>
    <property name="java.awt.printerjob" value="sun.print.PSPrinterJob"/>
    <property name="sun.os.patch.level" value="unknown"/>
    <property name="java.library.path" value="/usr/java/packages/lib/amd64:/usr/lib/x86_64-linux-gnu/jni:/lib/x86_64-linux-gnu:/usr/lib/x86_64-linux-gnu:/usr/lib/jni:/lib:/usr/lib"/>
    <property name="java.vm.info" value="mixed mode"/>
    <property name="java.vendor" value="Private Build"/>
    <property name="java.vm.version" value="25.402-b06"/>
    <property name="java.specification.maintenance.version" value="5"/>
    <property name="java.ext.dirs" value="/usr/lib/jvm/java-8-openjdk-amd64/jre/lib/ext:/usr/java/packages/lib/ext"/>
    <property name="sun.io.unicode.encoding" value="UnicodeLittle"/>
    <property name="java.class.version" value="52.0"/>
  </properties>
  <testcase name="testClientPkcs12" classname="org.apache.nifi.toolkit.tls.service.TlsCertificateAuthorityTest" time="1.176">
    <system-err><![CDATA[[main] INFO org.eclipse.jetty.util.log - Logging initialized @11648ms to org.eclipse.jetty.util.log.Slf4jLog
[main] INFO org.eclipse.jetty.server.Server - jetty-9.4.44.v20210927; built: 2021-09-27T23:02:44.612Z; git: 8da83308eeca865e495e53ef315a249d63ba9332; jvm 1.8.0_402-8u402-ga-2ubuntu1~22.04-b06
[main] INFO org.eclipse.jetty.server.AbstractConnector - Started ServerConnector@561953e3{SSL, (ssl, http/1.1)}{0.0.0.0:39337}
[main] INFO org.eclipse.jetty.server.Server - Started @11727ms
[main] INFO org.apache.nifi.toolkit.tls.service.client.TlsCertificateAuthorityClient - Requesting new certificate from localhost:39337
[main] INFO org.apache.nifi.toolkit.tls.service.client.TlsCertificateSigningRequestPerformer - Requesting certificate with dn CN=otherHostname,OU=NIFI from localhost:39337
[qtp398088176-21] INFO org.apache.nifi.toolkit.tls.service.server.TlsCertificateAuthorityServiceHandler - Received CSR with DN CN=otherHostname,OU=NIFI
[qtp398088176-21] INFO org.apache.nifi.toolkit.tls.service.server.TlsCertificateAuthorityServiceHandler - Returning code:200 payload {"hmac":"NSSwDz9Cg//0KGqJPoWjY/Y5XjxSsLnx5OoJzyb7MFw=","pemEncodedCertificate":"-----BEGIN CERTIFICATE-----\nMIIDdzCCAl+gAwIBAgIKAY83GkqDAAAAADANBgkqhkiG9w0BAQsFADAjMQ0wCwYD\nVQQLDAROSUZJMRIwEAYDVQQDDAlsb2NhbGhvc3QwHhcNMjQwNTAyMDIyMDIwWhcN\nMjQwNTA3MDIyMDIwWjAnMQ0wCwYDVQQLDAROSUZJMRYwFAYDVQQDDA1vdGhlckhv\nc3RuYW1lMIIBIjANBgkqhkiG9w0BAQEFAAOCAQ8AMIIBCgKCAQEAwKbq4WmhS8Bd\nDAwy/VzTd/ZwuPKhq5NfAciGrWcIS1e+XNuZ2nVN2Yy3NYqza0Q+BHYXVQ5GEpyu\nlPbT+GZQTdos/94PplZrs5B07qcG7eO8M3b5snonpHOPG3lFEe0drIk1Ttr3cSVY\nO/R7pZylSAIKCbhSt+jzd7emAO4rEEvKZqhGpPECCAshRoSzvHcUwoNJaFDbhhHv\n+CSMcJGfQUCX+fhwf7LtQo1ArGPj/P5ZZfSaudw3Uf9UK6BpLie3ORQIwpnL2ckC\nAuf9kljDQo/7pVTM6ejMKNnN3YsgePfFRt06xqZtjj7Yo7NRyokZIGIIQAyaYwYB\nxhUWYC2smwIDAQABo4GoMIGlMB0GA1UdDgQWBBT6oBsvojM82DQ0/6fwXObGlCBX\nLTAfBgNVHSMEGDAWgBTJ2HWm/Nds+GWLWyNyjXi7b+LKxTAOBgNVHQ8BAf8EBAMC\nA/gwCQYDVR0TBAIwADAdBgNVHSUEFjAUBggrBgEFBQcDAgYIKwYBBQUHAwEwKQYD\nVR0RBCIwIIINb3RoZXJIb3N0bmFtZYIPbmlmaS5hcGFjaGUub3JnMA0GCSqGSIb3\nDQEBCwUAA4IBAQB9idKABhaSTzIgD1I4kiyS7vcSVqs/IKMIJxQ+BEZmKJC0gb2+\nN8M3mu6PAGLZPmCcnvGAWkElTbXZx+zfmYPWckM4tMHWbm3KBXOL/ilFF8ZKXIvV\nF8bXjIz7IWIqgKGPCwuLj9+SPEdMC/Z6lrRHmw8wyjYeZ10LSM7rKNCGCtTY6SaF\nbQuQVFCIRAZ4vDdp9oaBD5LKr+2LEDdS0k1wzKjd/Vl9Q7KETayg01MKaPv4ZfUf\novaiiQcPLlOWIZYZRAavOSSu2Fo/ED8OPshIXpE9RJ6CmjmZm7EIDpePmWUEP0vk\nUwk0ewH2OW5qYaJzo9smYCkUd0q5jT+j6TLf\n-----END CERTIFICATE-----\n","error":null} to 127.0.0.1
[main] INFO org.apache.nifi.toolkit.tls.service.client.TlsCertificateSigningRequestPerformer - Got certificate with dn CN=otherHostname, OU=NIFI
[main] INFO org.eclipse.jetty.server.AbstractConnector - Stopped ServerConnector@561953e3{SSL, (ssl, http/1.1)}{0.0.0.0:39337}
]]></system-err>
  </testcase>
  <testcase name="testTokenMismatch" classname="org.apache.nifi.toolkit.tls.service.TlsCertificateAuthorityTest" time="0.276">
    <system-err><![CDATA[[main] INFO org.eclipse.jetty.server.Server - jetty-9.4.44.v20210927; built: 2021-09-27T23:02:44.612Z; git: 8da83308eeca865e495e53ef315a249d63ba9332; jvm 1.8.0_402-8u402-ga-2ubuntu1~22.04-b06
[main] INFO org.eclipse.jetty.server.AbstractConnector - Started ServerConnector@427a12b6{SSL, (ssl, http/1.1)}{0.0.0.0:40339}
[main] INFO org.eclipse.jetty.server.Server - Started @12709ms
[main] INFO org.apache.nifi.toolkit.tls.service.client.TlsCertificateAuthorityClient - Requesting new certificate from localhost:40339
[main] INFO org.apache.nifi.toolkit.tls.service.client.TlsCertificateSigningRequestPerformer - Requesting certificate with dn CN=otherHostname,OU=NIFI from localhost:40339
[qtp164052991-29] INFO org.apache.nifi.toolkit.tls.service.server.TlsCertificateAuthorityServiceHandler - Returning code:403 payload {"hmac":null,"pemEncodedCertificate":null,"error":"forbidden"} to 127.0.0.1
[main] INFO org.eclipse.jetty.server.AbstractConnector - Stopped ServerConnector@427a12b6{SSL, (ssl, http/1.1)}{0.0.0.0:40339}
]]></system-err>
  </testcase>
  <testcase name="testClientGetCertSamePasswordsForKeyAndKeyStore" classname="org.apache.nifi.toolkit.tls.service.TlsCertificateAuthorityTest" time="0.222">
    <system-err><![CDATA[[main] INFO org.eclipse.jetty.server.Server - jetty-9.4.44.v20210927; built: 2021-09-27T23:02:44.612Z; git: 8da83308eeca865e495e53ef315a249d63ba9332; jvm 1.8.0_402-8u402-ga-2ubuntu1~22.04-b06
[main] INFO org.eclipse.jetty.server.AbstractConnector - Started ServerConnector@6361b799{SSL, (ssl, http/1.1)}{0.0.0.0:43031}
[main] INFO org.eclipse.jetty.server.Server - Started @12926ms
[main] INFO org.apache.nifi.toolkit.tls.service.client.TlsCertificateAuthorityClient - Requesting new certificate from localhost:43031
[main] INFO org.apache.nifi.toolkit.tls.service.client.TlsCertificateSigningRequestPerformer - Requesting certificate with dn CN=otherHostname,OU=NIFI from localhost:43031
[qtp631766751-38] INFO org.apache.nifi.toolkit.tls.service.server.TlsCertificateAuthorityServiceHandler - Received CSR with DN CN=otherHostname,OU=NIFI
[qtp631766751-38] INFO org.apache.nifi.toolkit.tls.service.server.TlsCertificateAuthorityServiceHandler - Returning code:200 payload {"hmac":"Q6WXFk6OmvpC7v7e9Tz9uUvRRicVaa33hII2RUFHybQ=","pemEncodedCertificate":"-----BEGIN CERTIFICATE-----\nMIIDdzCCAl+gAwIBAgIKAY83Gk3cAAAAADANBgkqhkiG9w0BAQsFADAjMQ0wCwYD\nVQQLDAROSUZJMRIwEAYDVQQDDAlsb2NhbGhvc3QwHhcNMjQwNTAyMDIyMDIxWhcN\nMjQwNTA3MDIyMDIxWjAnMQ0wCwYDVQQLDAROSUZJMRYwFAYDVQQDDA1vdGhlckhv\nc3RuYW1lMIIBIjANBgkqhkiG9w0BAQEFAAOCAQ8AMIIBCgKCAQEAsv6fjZT+tyci\n9NGb7FDAQo1X3xMgPk3T9eVMCX5FoyfRiAASJS/0lpOTqGaiwbhgdoCKwAQc1aYL\nuRIy7qbNtRfP8a/8a3LJGH16cUYUc44pND303Tvt8O5SIXFjwP7MZfwV+/6MatMi\nTdph9ke1xHcXyzgm4h4vK91zLaj/COQKTSYBfumNZasyWpQwZokmv2f+T2GHHCJ/\nerLkEGYEyCuIPiLO5WggVEt1Ef8504JwDRpGauhmzwnVxmrWvAPwpDWk2GiwGBRP\njrfN7SRgEFD32kTWOP9qFSwPv7/+HQHyJnCL8KT8LXuv1K7ZCxYuhlAMygpQfWch\nMTUXQ5dltQIDAQABo4GoMIGlMB0GA1UdDgQWBBTi71iojwO/Q5902rwsebdWsdNb\nXTAfBgNVHSMEGDAWgBRPz23vIZA1uezIkOEoRn+fJjmQWzAOBgNVHQ8BAf8EBAMC\nA/gwCQYDVR0TBAIwADAdBgNVHSUEFjAUBggrBgEFBQcDAgYIKwYBBQUHAwEwKQYD\nVR0RBCIwIIINb3RoZXJIb3N0bmFtZYIPbmlmaS5hcGFjaGUub3JnMA0GCSqGSIb3\nDQEBCwUAA4IBAQBB9CmjQ5a0zJJqRnRGLiI5baJ9Pj5zFiSaVDGSZ4nIizyBpccS\n5Il7WWaTJb4yrv6491jbLMGLgdwaSxlh36GbXJRCJphrM897MVQ/CEev2Huvt4U7\nSpuebRwFycsmgAsmFXZpJ1zQQyIR2nrmQVony1XS3CJRRy9615YKEAb2EWSztpFk\nDDOR0veMYRLQZy0zrtzDbYV6ub6aLP6OGJbzmsGoFyQVumbKZtFG+vs35ZcNLXv5\nvIXieo14Rd+ohkLvx05TSBXUo7SN+XygiRY8hHZwvyBiVJCp0lpteLoUxqc+xa42\nY7hnTjcpJ6J9NYbtu+OrERJj/VSnkSS58Ge9\n-----END CERTIFICATE-----\n","error":null} to 127.0.0.1
[main] INFO org.apache.nifi.toolkit.tls.service.client.TlsCertificateSigningRequestPerformer - Got certificate with dn CN=otherHostname, OU=NIFI
[main] INFO org.eclipse.jetty.server.AbstractConnector - Stopped ServerConnector@6361b799{SSL, (ssl, http/1.1)}{0.0.0.0:43031}
]]></system-err>
  </testcase>
  <testcase name="testClientGetCertDifferentPasswordsForKeyAndKeyStore" classname="org.apache.nifi.toolkit.tls.service.TlsCertificateAuthorityTest" time="0.195">
    <system-err><![CDATA[[main] INFO org.eclipse.jetty.server.Server - jetty-9.4.44.v20210927; built: 2021-09-27T23:02:44.612Z; git: 8da83308eeca865e495e53ef315a249d63ba9332; jvm 1.8.0_402-8u402-ga-2ubuntu1~22.04-b06
[main] INFO org.eclipse.jetty.server.AbstractConnector - Started ServerConnector@2703d91{SSL, (ssl, http/1.1)}{0.0.0.0:34467}
[main] INFO org.eclipse.jetty.server.Server - Started @13103ms
[main] INFO org.apache.nifi.toolkit.tls.service.client.TlsCertificateAuthorityClient - Requesting new certificate from localhost:34467
[main] INFO org.apache.nifi.toolkit.tls.service.client.TlsCertificateSigningRequestPerformer - Requesting certificate with dn CN=otherHostname,OU=NIFI from localhost:34467
[qtp1214032527-48] INFO org.apache.nifi.toolkit.tls.service.server.TlsCertificateAuthorityServiceHandler - Received CSR with DN CN=otherHostname,OU=NIFI
[qtp1214032527-48] INFO org.apache.nifi.toolkit.tls.service.server.TlsCertificateAuthorityServiceHandler - Returning code:200 payload {"hmac":"gH9a8WuRqFqtN7gz5WJICvO7A1teCrOEvcUQTK8Fi7o=","pemEncodedCertificate":"-----BEGIN CERTIFICATE-----\nMIIDdzCCAl+gAwIBAgIKAY83Gk6gAAAAADANBgkqhkiG9w0BAQsFADAjMQ0wCwYD\nVQQLDAROSUZJMRIwEAYDVQQDDAlsb2NhbGhvc3QwHhcNMjQwNTAyMDIyMDIyWhcN\nMjQwNTA3MDIyMDIyWjAnMQ0wCwYDVQQLDAROSUZJMRYwFAYDVQQDDA1vdGhlckhv\nc3RuYW1lMIIBIjANBgkqhkiG9w0BAQEFAAOCAQ8AMIIBCgKCAQEAlgIuyP5nIEnI\nlIaf9CwbeDgGIlZIkn0BQmjfACWjZyMMZZoLBmlNXo7sFz+MHNImmjDPPQTSrz/R\nN4bd8DYcymUdOIqD3DnVWwrF+U5odC561mHSGB6+UUJSdvMATd1y8QDbWjpUEdo7\nkIc0XWxP9c5R6AN+lL6PSQtiK0cn7F5hpv3gX14r3ajj748JLfIRdlagyt1EEAQA\ns/Y58geDa8PjUh5EgdXq+8tOzKJpDT0ts8oIhkJ/qr41r7QugBPXa/D2GuHOFSSh\nyUV50AlZiDLTWUEQbRVqmSw3tv48xqSXWB7T4LnDf2iMtrfCrng7sQo4tKEPW26G\np7QcTHidpwIDAQABo4GoMIGlMB0GA1UdDgQWBBRkAqrPRKqoMuKksGK7Vpx2ngpO\n3DAfBgNVHSMEGDAWgBQkvQcuIKPW8iwFDAFyb7o9mBQczDAOBgNVHQ8BAf8EBAMC\nA/gwCQYDVR0TBAIwADAdBgNVHSUEFjAUBggrBgEFBQcDAgYIKwYBBQUHAwEwKQYD\nVR0RBCIwIIINb3RoZXJIb3N0bmFtZYIPbmlmaS5hcGFjaGUub3JnMA0GCSqGSIb3\nDQEBCwUAA4IBAQBiOX28ue+ztlaTJ6MHRjIENvrJQtvWJNuNUxfnBOcXvcJq2T0l\n0cedHHFq/jAvY3R+7DAhYalvPPDTK7O3uta57zyJdXsgAxGZXcdQnsq4RA7cdQso\nHvlBkKu3PppGCA50fd4/ZZRTjhsVp5yZrb5RaeET/Tu6HkBYr+oKW/m8Lc4tG5j0\nTD4kFi/idk2d5TroLdeO4jjL/klocxG/C7LASZJ4MTH2YtxTNyVymAPcaGABFjrB\nkTgJhuIg9t3jPwF1FGsp3/0A0WQI/yu4oy37t5nGJEX+CfcZQB/vxhokJMVRXgCd\nJDkqJxYpiSb+9pD/WlrOUWz93fVG0wNt/Mf1\n-----END CERTIFICATE-----\n","error":null} to 127.0.0.1
[main] INFO org.apache.nifi.toolkit.tls.service.client.TlsCertificateSigningRequestPerformer - Got certificate with dn CN=otherHostname, OU=NIFI
[main] INFO org.eclipse.jetty.server.AbstractConnector - Stopped ServerConnector@2703d91{SSL, (ssl, http/1.1)}{0.0.0.0:34467}
]]></system-err>
  </testcase>
</testsuite>