<?xml version="1.0" encoding="UTF-8"?>
<testsuite xmlns:xsi="http://www.w3.org/2001/XMLSchema-instance" xsi:noNamespaceSchemaLocation="https://maven.apache.org/surefire/maven-surefire-plugin/xsd/surefire-test-report-3.0.xsd" version="3.0" name="org.apache.nifi.security.util.crypto.AESKeyedCipherProviderGroovyTest" time="0.047" tests="11" errors="0" skipped="0" failures="0">
  <properties>
    <property name="sun.desktop" value="gnome"/>
    <property name="awt.toolkit" value="sun.awt.X11.XToolkit"/>
    <property name="file.encoding.pkg" value="sun.io"/>
    <property name="java.specification.version" value="1.8"/>
    <property name="sun.cpu.isalist" value=""/>
    <property name="sun.jnu.encoding" value="UTF-8"/>
    <property name="java.class.path" value="/home/alex/Repositories/nifi/nifi-commons/nifi-security-utils/target/test-classes:/home/alex/Repositories/nifi/nifi-commons/nifi-security-utils/target/classes:/home/alex/Repositories/nifi/nifi-api/target/classes:/home/alex/Repositories/nifi/nifi-commons/nifi-utils/target/classes:/home/alex/Repositories/nifi/nifi-commons/nifi-security-utils-api/target/classes:/home/alex/Repositories/nifi/nifi-commons/nifi-security-kms/target/classes:/home/alex/.m2/repository/org/apache/commons/commons-lang3/3.12.0/commons-lang3-3.12.0.jar:/home/alex/.m2/repository/commons-codec/commons-codec/1.14/commons-codec-1.14.jar:/home/alex/.m2/repository/org/bouncycastle/bcprov-jdk15on/1.69/bcprov-jdk15on-1.69.jar:/home/alex/.m2/repository/org/bouncycastle/bcpkix-jdk15on/1.69/bcpkix-jdk15on-1.69.jar:/home/alex/.m2/repository/org/bouncycastle/bcutil-jdk15on/1.69/bcutil-jdk15on-1.69.jar:/home/alex/Repositories/nifi/nifi-commons/nifi-properties/target/classes:/home/alex/Repositories/nifi/nifi-commons/nifi-property-utils/target/classes:/home/alex/.m2/repository/at/favre/lib/bcrypt/0.9.0/bcrypt-0.9.0.jar:/home/alex/.m2/repository/at/favre/lib/bytes/1.3.0/bytes-1.3.0.jar:/home/alex/.m2/repository/org/apache/commons/commons-configuration2/2.7/commons-configuration2-2.7.jar:/home/alex/.m2/repository/org/apache/commons/commons-text/1.8/commons-text-1.8.jar:/home/alex/.m2/repository/org/slf4j/jcl-over-slf4j/1.7.32/jcl-over-slf4j-1.7.32.jar:/home/alex/.m2/repository/org/slf4j/slf4j-api/1.7.32/slf4j-api-1.7.32.jar:/home/alex/.m2/repository/org/junit/jupiter/junit-jupiter-api/5.7.2/junit-jupiter-api-5.7.2.jar:/home/alex/.m2/repository/org/apiguardian/apiguardian-api/1.1.0/apiguardian-api-1.1.0.jar:/home/alex/.m2/repository/org/opentest4j/opentest4j/1.2.0/opentest4j-1.2.0.jar:/home/alex/.m2/repository/org/junit/platform/junit-platform-commons/1.7.2/junit-platform-commons-1.7.2.jar:/home/alex/.m2/repository/org/junit/jupiter/junit-jupiter-engine/5.7.2/junit-jupiter-engine-5.7.2.jar:/home/alex/.m2/repository/org/junit/platform/junit-platform-engine/1.7.2/junit-platform-engine-1.7.2.jar:/home/alex/.m2/repository/org/junit/vintage/junit-vintage-engine/5.7.2/junit-vintage-engine-5.7.2.jar:/home/alex/.m2/repository/junit/junit/4.13.2/junit-4.13.2.jar:/home/alex/.m2/repository/org/hamcrest/hamcrest-core/1.3/hamcrest-core-1.3.jar:/home/alex/.m2/repository/org/junit/jupiter/junit-jupiter-params/5.7.2/junit-jupiter-params-5.7.2.jar:/home/alex/.m2/repository/org/mockito/mockito-core/3.11.2/mockito-core-3.11.2.jar:/home/alex/.m2/repository/net/bytebuddy/byte-buddy/1.11.3/byte-buddy-1.11.3.jar:/home/alex/.m2/repository/net/bytebuddy/byte-buddy-agent/1.11.3/byte-buddy-agent-1.11.3.jar:/home/alex/.m2/repository/org/objenesis/objenesis/3.2/objenesis-3.2.jar:/home/alex/.m2/repository/org/mockito/mockito-junit-jupiter/3.11.2/mockito-junit-jupiter-3.11.2.jar:/home/alex/.m2/repository/org/slf4j/slf4j-simple/1.7.32/slf4j-simple-1.7.32.jar:/home/alex/.m2/repository/org/codehaus/groovy/groovy-test/2.5.14/groovy-test-2.5.14.jar:/home/alex/.m2/repository/org/codehaus/groovy/groovy/2.5.14/groovy-2.5.14.jar:"/>
    <property name="java.vm.vendor" value="Private Build"/>
    <property name="sun.arch.data.model" value="64"/>
    <property name="java.vendor.url" value="http://java.oracle.com/"/>
    <property name="user.timezone" value=""/>
    <property name="java.vm.specification.version" value="1.8"/>
    <property name="os.name" value="Linux"/>
    <property name="user.country" value="US"/>
    <property name="sun.java.launcher" value="SUN_STANDARD"/>
    <property name="sun.boot.library.path" value="/usr/lib/jvm/java-8-openjdk-amd64/jre/lib/amd64"/>
    <property name="sun.java.command" value="/home/alex/Repositories/nifi/nifi-commons/nifi-security-utils/target/surefire/surefirebooter4266379316879791065.jar /home/alex/Repositories/nifi/nifi-commons/nifi-security-utils/target/surefire 2024-05-02T03-00-27_868-jvmRun1 surefire7906868428232362842tmp surefire_63625742327676259302tmp"/>
    <property name="surefire.test.class.path" value="/home/alex/Repositories/nifi/nifi-commons/nifi-security-utils/target/test-classes:/home/alex/Repositories/nifi/nifi-commons/nifi-security-utils/target/classes:/home/alex/Repositories/nifi/nifi-api/target/classes:/home/alex/Repositories/nifi/nifi-commons/nifi-utils/target/classes:/home/alex/Repositories/nifi/nifi-commons/nifi-security-utils-api/target/classes:/home/alex/Repositories/nifi/nifi-commons/nifi-security-kms/target/classes:/home/alex/.m2/repository/org/apache/commons/commons-lang3/3.12.0/commons-lang3-3.12.0.jar:/home/alex/.m2/repository/commons-codec/commons-codec/1.14/commons-codec-1.14.jar:/home/alex/.m2/repository/org/bouncycastle/bcprov-jdk15on/1.69/bcprov-jdk15on-1.69.jar:/home/alex/.m2/repository/org/bouncycastle/bcpkix-jdk15on/1.69/bcpkix-jdk15on-1.69.jar:/home/alex/.m2/repository/org/bouncycastle/bcutil-jdk15on/1.69/bcutil-jdk15on-1.69.jar:/home/alex/Repositories/nifi/nifi-commons/nifi-properties/target/classes:/home/alex/Repositories/nifi/nifi-commons/nifi-property-utils/target/classes:/home/alex/.m2/repository/at/favre/lib/bcrypt/0.9.0/bcrypt-0.9.0.jar:/home/alex/.m2/repository/at/favre/lib/bytes/1.3.0/bytes-1.3.0.jar:/home/alex/.m2/repository/org/apache/commons/commons-configuration2/2.7/commons-configuration2-2.7.jar:/home/alex/.m2/repository/org/apache/commons/commons-text/1.8/commons-text-1.8.jar:/home/alex/.m2/repository/org/slf4j/jcl-over-slf4j/1.7.32/jcl-over-slf4j-1.7.32.jar:/home/alex/.m2/repository/org/slf4j/slf4j-api/1.7.32/slf4j-api-1.7.32.jar:/home/alex/.m2/repository/org/junit/jupiter/junit-jupiter-api/5.7.2/junit-jupiter-api-5.7.2.jar:/home/alex/.m2/repository/org/apiguardian/apiguardian-api/1.1.0/apiguardian-api-1.1.0.jar:/home/alex/.m2/repository/org/opentest4j/opentest4j/1.2.0/opentest4j-1.2.0.jar:/home/alex/.m2/repository/org/junit/platform/junit-platform-commons/1.7.2/junit-platform-commons-1.7.2.jar:/home/alex/.m2/repository/org/junit/jupiter/junit-jupiter-engine/5.7.2/junit-jupiter-engine-5.7.2.jar:/home/alex/.m2/repository/org/junit/platform/junit-platform-engine/1.7.2/junit-platform-engine-1.7.2.jar:/home/alex/.m2/repository/org/junit/vintage/junit-vintage-engine/5.7.2/junit-vintage-engine-5.7.2.jar:/home/alex/.m2/repository/junit/junit/4.13.2/junit-4.13.2.jar:/home/alex/.m2/repository/org/hamcrest/hamcrest-core/1.3/hamcrest-core-1.3.jar:/home/alex/.m2/repository/org/junit/jupiter/junit-jupiter-params/5.7.2/junit-jupiter-params-5.7.2.jar:/home/alex/.m2/repository/org/mockito/mockito-core/3.11.2/mockito-core-3.11.2.jar:/home/alex/.m2/repository/net/bytebuddy/byte-buddy/1.11.3/byte-buddy-1.11.3.jar:/home/alex/.m2/repository/net/bytebuddy/byte-buddy-agent/1.11.3/byte-buddy-agent-1.11.3.jar:/home/alex/.m2/repository/org/objenesis/objenesis/3.2/objenesis-3.2.jar:/home/alex/.m2/repository/org/mockito/mockito-junit-jupiter/3.11.2/mockito-junit-jupiter-3.11.2.jar:/home/alex/.m2/repository/org/slf4j/slf4j-simple/1.7.32/slf4j-simple-1.7.32.jar:/home/alex/.m2/repository/org/codehaus/groovy/groovy-test/2.5.14/groovy-test-2.5.14.jar:/home/alex/.m2/repository/org/codehaus/groovy/groovy/2.5.14/groovy-2.5.14.jar:"/>
    <property name="sun.cpu.endian" value="little"/>
    <property name="user.home" value="/home/alex"/>
    <property name="user.language" value="en"/>
    <property name="java.specification.vendor" value="Oracle Corporation"/>
    <property name="java.home" value="/usr/lib/jvm/java-8-openjdk-amd64/jre"/>
    <property name="basedir" value="/home/alex/Repositories/nifi/nifi-commons/nifi-security-utils"/>
    <property name="file.separator" value="/"/>
    <property name="line.separator" value="&#10;"/>
    <property name="java.vm.specification.vendor" value="Oracle Corporation"/>
    <property name="java.specification.name" value="Java Platform API Specification"/>
    <property name="java.awt.graphicsenv" value="sun.awt.X11GraphicsEnvironment"/>
    <property name="java.awt.headless" value="true"/>
    <property name="surefire.real.class.path" value="/home/alex/Repositories/nifi/nifi-commons/nifi-security-utils/target/surefire/surefirebooter4266379316879791065.jar"/>
    <property name="sun.boot.class.path" value="/usr/lib/jvm/java-8-openjdk-amd64/jre/lib/resources.jar:/usr/lib/jvm/java-8-openjdk-amd64/jre/lib/rt.jar:/usr/lib/jvm/java-8-openjdk-amd64/jre/lib/sunrsasign.jar:/usr/lib/jvm/java-8-openjdk-amd64/jre/lib/jsse.jar:/usr/lib/jvm/java-8-openjdk-amd64/jre/lib/jce.jar:/usr/lib/jvm/java-8-openjdk-amd64/jre/lib/charsets.jar:/usr/lib/jvm/java-8-openjdk-amd64/jre/lib/jfr.jar:/usr/lib/jvm/java-8-openjdk-amd64/jre/classes"/>
    <property name="sun.management.compiler" value="HotSpot 64-Bit Tiered Compilers"/>
    <property name="java.runtime.version" value="1.8.0_402-8u402-ga-2ubuntu1~22.04-b06"/>
    <property name="java.net.preferIPv4Stack" value="true"/>
    <property name="user.name" value="alex"/>
    <property name="path.separator" value=":"/>
    <property name="os.version" value="6.5.0-28-generic"/>
    <property name="java.endorsed.dirs" value="/usr/lib/jvm/java-8-openjdk-amd64/jre/lib/endorsed"/>
    <property name="java.runtime.name" value="OpenJDK Runtime Environment"/>
    <property name="file.encoding" value="UTF-8"/>
    <property name="java.vm.name" value="OpenJDK 64-Bit Server VM"/>
    <property name="localRepository" value="/home/alex/.m2/repository"/>
    <property name="java.vendor.url.bug" value="http://bugreport.sun.com/bugreport/"/>
    <property name="java.io.tmpdir" value="/tmp"/>
    <property name="java.version" value="1.8.0_402"/>
    <property name="user.dir" value="/home/alex/Repositories/nifi/nifi-commons/nifi-security-utils"/>
    <property name="os.arch" value="amd64"/>
    <property name="java.vm.specification.name" value="Java Virtual Machine Specification"/>
    <property name="java.awt.printerjob" value="sun.print.PSPrinterJob"/>
    <property name="sun.os.patch.level" value="unknown"/>
    <property name="java.library.path" value="/usr/java/packages/lib/amd64:/usr/lib/x86_64-linux-gnu/jni:/lib/x86_64-linux-gnu:/usr/lib/x86_64-linux-gnu:/usr/lib/jni:/lib:/usr/lib"/>
    <property name="java.vm.info" value="mixed mode"/>
    <property name="java.vendor" value="Private Build"/>
    <property name="java.vm.version" value="25.402-b06"/>
    <property name="java.specification.maintenance.version" value="5"/>
    <property name="java.ext.dirs" value="/usr/lib/jvm/java-8-openjdk-amd64/jre/lib/ext:/usr/java/packages/lib/ext"/>
    <property name="sun.io.unicode.encoding" value="UnicodeLittle"/>
    <property name="java.class.version" value="52.0"/>
  </properties>
  <testcase name="testGetCipherForDecryptShouldRequireIV" classname="org.apache.nifi.security.util.crypto.AESKeyedCipherProviderGroovyTest" time="0.006">
    <system-err><![CDATA[[main] INFO org.apache.nifi.security.util.crypto.AESKeyedCipherProviderGroovyTest - Using algorithm: AES/CBC/NoPadding
[main] INFO org.apache.nifi.security.util.crypto.AESKeyedCipherProviderGroovyTest - IV: e7b35bf8f9d599db8e83befaf2cd15d6
[main] INFO org.apache.nifi.security.util.crypto.AESKeyedCipherProviderGroovyTest - Cipher text: 26abbd66bc46888e92a80511c7dcba858b150770300aab4440686c308c3cfd78 32
[main] WARN org.apache.nifi.security.util.crypto.AESKeyedCipherProvider - An IV was provided of length 0 bytes for decryption but should be 16 bytes
[main] INFO org.apache.nifi.security.util.crypto.AESKeyedCipherProviderGroovyTest - Using algorithm: AES/CBC/PKCS7Padding
[main] INFO org.apache.nifi.security.util.crypto.AESKeyedCipherProviderGroovyTest - IV: 219baca3b6af9b25116055812f86826c
[main] INFO org.apache.nifi.security.util.crypto.AESKeyedCipherProviderGroovyTest - Cipher text: e2159b2b00a4dee4fb00b422e3a8603f2cca2620fd1b26fd9b20a036b7a4544c6490383473468609fd6d10ce298638fd 48
[main] WARN org.apache.nifi.security.util.crypto.AESKeyedCipherProvider - An IV was provided of length 0 bytes for decryption but should be 16 bytes
[main] INFO org.apache.nifi.security.util.crypto.AESKeyedCipherProviderGroovyTest - Using algorithm: AES/CTR/NoPadding
[main] INFO org.apache.nifi.security.util.crypto.AESKeyedCipherProviderGroovyTest - IV: 871e6467d8b399849cf541def5d4e3b5
[main] INFO org.apache.nifi.security.util.crypto.AESKeyedCipherProviderGroovyTest - Cipher text: c17f41f7385e173606eccdd9e24141e10ac5c77e79e82283aaa4da114965c07e 32
[main] WARN org.apache.nifi.security.util.crypto.AESKeyedCipherProvider - An IV was provided of length 0 bytes for decryption but should be 16 bytes
[main] INFO org.apache.nifi.security.util.crypto.AESKeyedCipherProviderGroovyTest - Using algorithm: AES/GCM/NoPadding
[main] INFO org.apache.nifi.security.util.crypto.AESKeyedCipherProviderGroovyTest - IV: bf43866460eadf1aa00711d5a6f5dfff
[main] INFO org.apache.nifi.security.util.crypto.AESKeyedCipherProviderGroovyTest - Cipher text: 3e198543f70353f4ac52e4f0718485fe1e945d080a6e7e9a6a3b805375dd4fc0a9d65ada4d8ab206c0aed6b2c7aaff14 48
[main] WARN org.apache.nifi.security.util.crypto.AESKeyedCipherProvider - An IV was provided of length 0 bytes for decryption but should be 16 bytes
]]></system-err>
  </testcase>
  <testcase name="testGetCipherShouldSupportExternalCompatibility" classname="org.apache.nifi.security.util.crypto.AESKeyedCipherProviderGroovyTest" time="0.001">
    <system-err><![CDATA[[main] INFO org.apache.nifi.security.util.crypto.AESKeyedCipherProviderGroovyTest - Using algorithm: AES/CBC/PKCS7Padding
[main] INFO org.apache.nifi.security.util.crypto.AESKeyedCipherProviderGroovyTest - Cipher text: a2725ea55c7dd717664d044cab0f0b5f763653e322c27df21954f5be394efb1b 32
[main] INFO org.apache.nifi.security.util.crypto.AESKeyedCipherProviderGroovyTest - Recovered: This is a plaintext message.
]]></system-err>
  </testcase>
  <testcase name="testGetCipherWithUnlimitedStrengthShouldBeInternallyConsistent" classname="org.apache.nifi.security.util.crypto.AESKeyedCipherProviderGroovyTest" time="0.007">
    <system-err><![CDATA[[main] INFO org.apache.nifi.security.util.crypto.AESKeyedCipherProviderGroovyTest - IV: 224f61fa69616d562c4a47d522562bfa
[main] INFO org.apache.nifi.security.util.crypto.AESKeyedCipherProviderGroovyTest - Using algorithm: AES/CBC/NoPadding with key length 192
[main] INFO org.apache.nifi.security.util.crypto.AESKeyedCipherProviderGroovyTest - Key: d544ff5b3c65ad7bf09714ca0c6b762960354a8b50b2445c 24
[main] INFO org.apache.nifi.security.util.crypto.AESKeyedCipherProviderGroovyTest - Cipher text: 8a1a2c7e9130207f5928a33e5491f27d4b61ae05cd00d565a9785524b49e9046 32
[main] INFO org.apache.nifi.security.util.crypto.AESKeyedCipherProviderGroovyTest - Recovered: ExactBlockSizeRequiredForProcess
[main] INFO org.apache.nifi.security.util.crypto.AESKeyedCipherProviderGroovyTest - Using algorithm: AES/CBC/NoPadding with key length 256
[main] INFO org.apache.nifi.security.util.crypto.AESKeyedCipherProviderGroovyTest - Key: 99352e6716d927d5b0c780cf4b3029377138b7a03079c864feea57e2752e45e7 32
[main] INFO org.apache.nifi.security.util.crypto.AESKeyedCipherProviderGroovyTest - Cipher text: ee4dde6f508fc002bae7661ce704db42fa845a70b97aa3cc144396ec761be32c 32
[main] INFO org.apache.nifi.security.util.crypto.AESKeyedCipherProviderGroovyTest - Recovered: ExactBlockSizeRequiredForProcess
[main] INFO org.apache.nifi.security.util.crypto.AESKeyedCipherProviderGroovyTest - IV: 57aef6eb4060ccd49d37dbca138fca7f
[main] INFO org.apache.nifi.security.util.crypto.AESKeyedCipherProviderGroovyTest - Using algorithm: AES/CBC/PKCS7Padding with key length 192
[main] INFO org.apache.nifi.security.util.crypto.AESKeyedCipherProviderGroovyTest - Key: 7a83da51a845fa69895d20857233a678453c59fcf8ab8b6b 24
[main] INFO org.apache.nifi.security.util.crypto.AESKeyedCipherProviderGroovyTest - Cipher text: 8a67a83142c31d52c39fbee527c5fadaecd8fb1e967fe8503a7387b579d386be3d4b2fbdc3120af3ec73def350b63a5d 48
[main] INFO org.apache.nifi.security.util.crypto.AESKeyedCipherProviderGroovyTest - Recovered: ExactBlockSizeRequiredForProcess
[main] INFO org.apache.nifi.security.util.crypto.AESKeyedCipherProviderGroovyTest - Using algorithm: AES/CBC/PKCS7Padding with key length 256
[main] INFO org.apache.nifi.security.util.crypto.AESKeyedCipherProviderGroovyTest - Key: 0f4316f7c94addcbea98c641a3f4c868fcb8bd06b1ed69c0bd96fddad485e674 32
[main] INFO org.apache.nifi.security.util.crypto.AESKeyedCipherProviderGroovyTest - Cipher text: b662446df8946d1004bf98d85bd51a0fbb4ff0af3bdf9bd4cd506ab8b0d047808d5ad8a6c82111f14d9ec4c646df3ddb 48
[main] INFO org.apache.nifi.security.util.crypto.AESKeyedCipherProviderGroovyTest - Recovered: ExactBlockSizeRequiredForProcess
[main] INFO org.apache.nifi.security.util.crypto.AESKeyedCipherProviderGroovyTest - IV: 3ba235dbadc77700c5fc39f5419a1317
[main] INFO org.apache.nifi.security.util.crypto.AESKeyedCipherProviderGroovyTest - Using algorithm: AES/CTR/NoPadding with key length 192
[main] INFO org.apache.nifi.security.util.crypto.AESKeyedCipherProviderGroovyTest - Key: 99a87bc27782b4776bc67d762f67546ba7f9a39ee4176443 24
[main] INFO org.apache.nifi.security.util.crypto.AESKeyedCipherProviderGroovyTest - Cipher text: c536922cf192a08f0eb5b47d90dd7286107bbef0d232bde4bafc7d28d871180f 32
[main] INFO org.apache.nifi.security.util.crypto.AESKeyedCipherProviderGroovyTest - Recovered: ExactBlockSizeRequiredForProcess
[main] INFO org.apache.nifi.security.util.crypto.AESKeyedCipherProviderGroovyTest - Using algorithm: AES/CTR/NoPadding with key length 256
[main] INFO org.apache.nifi.security.util.crypto.AESKeyedCipherProviderGroovyTest - Key: b3310b167917c60fc9e9236638534578c8e13070030f234e2044670a7a7bd22c 32
[main] INFO org.apache.nifi.security.util.crypto.AESKeyedCipherProviderGroovyTest - Cipher text: 2230f0c1b8904fe7f02d1d774a45aae9f5b31a04470610dcc1c4dcd8c607b262 32
[main] INFO org.apache.nifi.security.util.crypto.AESKeyedCipherProviderGroovyTest - Recovered: ExactBlockSizeRequiredForProcess
[main] INFO org.apache.nifi.security.util.crypto.AESKeyedCipherProviderGroovyTest - IV: 413d7c006bc187dd3dfcbc92e177230c
[main] INFO org.apache.nifi.security.util.crypto.AESKeyedCipherProviderGroovyTest - Using algorithm: AES/GCM/NoPadding with key length 192
[main] INFO org.apache.nifi.security.util.crypto.AESKeyedCipherProviderGroovyTest - Key: 4a0cf17c82e70d068103bee49c4be890feb45286fe8cc931 24
[main] INFO org.apache.nifi.security.util.crypto.AESKeyedCipherProviderGroovyTest - Cipher text: d0748ee1c671e943bc9fcaa88e39ab558ced077621136930786eca7f45d2891a76ff9338051805742c17164f13ff4f17 48
[main] INFO org.apache.nifi.security.util.crypto.AESKeyedCipherProviderGroovyTest - Recovered: ExactBlockSizeRequiredForProcess
[main] INFO org.apache.nifi.security.util.crypto.AESKeyedCipherProviderGroovyTest - Using algorithm: AES/GCM/NoPadding with key length 256
[main] INFO org.apache.nifi.security.util.crypto.AESKeyedCipherProviderGroovyTest - Key: 32740d44226645a765b7dd0e930235d51855ef10d02ed9b3d407ca2a90e53f50 32
[main] INFO org.apache.nifi.security.util.crypto.AESKeyedCipherProviderGroovyTest - Cipher text: 4fe616700add8bab9c74b354f6ac67c43150c72e3919d244be4e9236b73ea5138aa8441c377fbbd0e2015b436a88fc29 48
[main] INFO org.apache.nifi.security.util.crypto.AESKeyedCipherProviderGroovyTest - Recovered: ExactBlockSizeRequiredForProcess
]]></system-err>
  </testcase>
  <testcase name="testGetCipherShouldBeInternallyConsistent" classname="org.apache.nifi.security.util.crypto.AESKeyedCipherProviderGroovyTest" time="0.002">
    <system-err><![CDATA[[main] INFO org.apache.nifi.security.util.crypto.AESKeyedCipherProviderGroovyTest - Using algorithm: AES/CBC/NoPadding
[main] WARN org.apache.nifi.security.util.crypto.AESKeyedCipherProvider - An IV was provided of length 0 bytes for encryption but should be 16 bytes
[main] WARN org.apache.nifi.security.util.crypto.AESKeyedCipherProvider - Generating new IV. The value can be obtained in the calling code by invoking 'cipher.getIV()';
[main] INFO org.apache.nifi.security.util.crypto.AESKeyedCipherProviderGroovyTest - IV: e6e2289ea3484cfc9181896fbb39196f
[main] INFO org.apache.nifi.security.util.crypto.AESKeyedCipherProviderGroovyTest - Cipher text: 399f027a3c49b900463b7c1d660914ac252acc89221e9b9c13cd5e4458522e79 32
[main] INFO org.apache.nifi.security.util.crypto.AESKeyedCipherProviderGroovyTest - Recovered: ExactBlockSizeRequiredForProcess
[main] INFO org.apache.nifi.security.util.crypto.AESKeyedCipherProviderGroovyTest - Using algorithm: AES/CBC/PKCS7Padding
[main] WARN org.apache.nifi.security.util.crypto.AESKeyedCipherProvider - An IV was provided of length 0 bytes for encryption but should be 16 bytes
[main] WARN org.apache.nifi.security.util.crypto.AESKeyedCipherProvider - Generating new IV. The value can be obtained in the calling code by invoking 'cipher.getIV()';
[main] INFO org.apache.nifi.security.util.crypto.AESKeyedCipherProviderGroovyTest - IV: e7488bcc1d100db74847cbd2258c2266
[main] INFO org.apache.nifi.security.util.crypto.AESKeyedCipherProviderGroovyTest - Cipher text: 71294acc58b0a661549949febdb4f67bfc4ae7a9e557c540dfea177a668533702e08c9205f1a65f6b7c4715bee7d7499 48
[main] INFO org.apache.nifi.security.util.crypto.AESKeyedCipherProviderGroovyTest - Recovered: ExactBlockSizeRequiredForProcess
[main] INFO org.apache.nifi.security.util.crypto.AESKeyedCipherProviderGroovyTest - Using algorithm: AES/CTR/NoPadding
[main] WARN org.apache.nifi.security.util.crypto.AESKeyedCipherProvider - An IV was provided of length 0 bytes for encryption but should be 16 bytes
[main] WARN org.apache.nifi.security.util.crypto.AESKeyedCipherProvider - Generating new IV. The value can be obtained in the calling code by invoking 'cipher.getIV()';
[main] INFO org.apache.nifi.security.util.crypto.AESKeyedCipherProviderGroovyTest - IV: a6ea13ecf5f20c77e08f3122b581fe69
[main] INFO org.apache.nifi.security.util.crypto.AESKeyedCipherProviderGroovyTest - Cipher text: dc7aa6f6d6b378e3533e18ed7ebf54e38c7268f708798b05d08ccfbae950c89c 32
[main] INFO org.apache.nifi.security.util.crypto.AESKeyedCipherProviderGroovyTest - Recovered: ExactBlockSizeRequiredForProcess
[main] INFO org.apache.nifi.security.util.crypto.AESKeyedCipherProviderGroovyTest - Using algorithm: AES/GCM/NoPadding
[main] WARN org.apache.nifi.security.util.crypto.AESKeyedCipherProvider - An IV was provided of length 0 bytes for encryption but should be 16 bytes
[main] WARN org.apache.nifi.security.util.crypto.AESKeyedCipherProvider - Generating new IV. The value can be obtained in the calling code by invoking 'cipher.getIV()';
[main] INFO org.apache.nifi.security.util.crypto.AESKeyedCipherProviderGroovyTest - IV: 644a282bb413c427b91dc79a60c620f7
[main] INFO org.apache.nifi.security.util.crypto.AESKeyedCipherProviderGroovyTest - Cipher text: eb5ec1d21e4024f7a929113ffdfa1c9c67ab57327f7e19441f229b1d7b8c45b97c1bc233498f054ba0127fc999998749 48
[main] INFO org.apache.nifi.security.util.crypto.AESKeyedCipherProviderGroovyTest - Recovered: ExactBlockSizeRequiredForProcess
]]></system-err>
  </testcase>
  <testcase name="testShouldRejectIncorrectLengthKey" classname="org.apache.nifi.security.util.crypto.AESKeyedCipherProviderGroovyTest" time="0.002"/>
  <testcase name="testShouldRejectEmptyKey" classname="org.apache.nifi.security.util.crypto.AESKeyedCipherProviderGroovyTest" time="0.001"/>
  <testcase name="testGetCipherShouldRejectEmptyIV" classname="org.apache.nifi.security.util.crypto.AESKeyedCipherProviderGroovyTest" time="0.002">
    <system-err><![CDATA[[main] INFO org.apache.nifi.security.util.crypto.AESKeyedCipherProviderGroovyTest - IV: 00000000000000000000000000000000 16
[main] WARN org.apache.nifi.security.util.crypto.AESKeyedCipherProvider - An empty IV was provided of length 16 for encryption
[main] WARN org.apache.nifi.security.util.crypto.AESKeyedCipherProvider - Generating new IV. The value can be obtained in the calling code by invoking 'cipher.getIV()';
[main] INFO org.apache.nifi.security.util.crypto.AESKeyedCipherProviderGroovyTest - IV after encrypt: bc620ad8abf4514e12f830ca5b3ca0c6
[main] WARN org.apache.nifi.security.util.crypto.AESKeyedCipherProvider - An empty IV was provided of length 16 for decryption
[main] INFO org.apache.nifi.security.util.crypto.AESKeyedCipherProviderGroovyTest - [EXPECTED] java.lang.IllegalArgumentException: Cannot decrypt without a valid IV
]]></system-err>
  </testcase>
  <testcase name="testGetCipherShouldRejectInvalidIVLengths" classname="org.apache.nifi.security.util.crypto.AESKeyedCipherProviderGroovyTest" time="0.007">
    <system-err><![CDATA[[main] INFO org.apache.nifi.security.util.crypto.AESKeyedCipherProviderGroovyTest - IV:  0
[main] WARN org.apache.nifi.security.util.crypto.AESKeyedCipherProvider - An IV was provided of length 0 bytes for encryption but should be 16 bytes
[main] WARN org.apache.nifi.security.util.crypto.AESKeyedCipherProvider - Generating new IV. The value can be obtained in the calling code by invoking 'cipher.getIV()';
[main] WARN org.apache.nifi.security.util.crypto.AESKeyedCipherProvider - An IV was provided of length 0 bytes for decryption but should be 16 bytes
[main] INFO org.apache.nifi.security.util.crypto.AESKeyedCipherProviderGroovyTest - [EXPECTED] java.lang.IllegalArgumentException: Cannot decrypt without a valid IV
[main] INFO org.apache.nifi.security.util.crypto.AESKeyedCipherProviderGroovyTest - IV: 00 1
[main] WARN org.apache.nifi.security.util.crypto.AESKeyedCipherProvider - An IV was provided of length 1 bytes for encryption but should be 16 bytes
[main] WARN org.apache.nifi.security.util.crypto.AESKeyedCipherProvider - Generating new IV. The value can be obtained in the calling code by invoking 'cipher.getIV()';
[main] WARN org.apache.nifi.security.util.crypto.AESKeyedCipherProvider - An IV was provided of length 1 bytes for decryption but should be 16 bytes
[main] INFO org.apache.nifi.security.util.crypto.AESKeyedCipherProviderGroovyTest - [EXPECTED] java.lang.IllegalArgumentException: Cannot decrypt without a valid IV
[main] INFO org.apache.nifi.security.util.crypto.AESKeyedCipherProviderGroovyTest - IV: 0000 2
[main] WARN org.apache.nifi.security.util.crypto.AESKeyedCipherProvider - An IV was provided of length 2 bytes for encryption but should be 16 bytes
[main] WARN org.apache.nifi.security.util.crypto.AESKeyedCipherProvider - Generating new IV. The value can be obtained in the calling code by invoking 'cipher.getIV()';
[main] WARN org.apache.nifi.security.util.crypto.AESKeyedCipherProvider - An IV was provided of length 2 bytes for decryption but should be 16 bytes
[main] INFO org.apache.nifi.security.util.crypto.AESKeyedCipherProviderGroovyTest - [EXPECTED] java.lang.IllegalArgumentException: Cannot decrypt without a valid IV
[main] INFO org.apache.nifi.security.util.crypto.AESKeyedCipherProviderGroovyTest - IV: 000000 3
[main] WARN org.apache.nifi.security.util.crypto.AESKeyedCipherProvider - An IV was provided of length 3 bytes for encryption but should be 16 bytes
[main] WARN org.apache.nifi.security.util.crypto.AESKeyedCipherProvider - Generating new IV. The value can be obtained in the calling code by invoking 'cipher.getIV()';
[main] WARN org.apache.nifi.security.util.crypto.AESKeyedCipherProvider - An IV was provided of length 3 bytes for decryption but should be 16 bytes
[main] INFO org.apache.nifi.security.util.crypto.AESKeyedCipherProviderGroovyTest - [EXPECTED] java.lang.IllegalArgumentException: Cannot decrypt without a valid IV
[main] INFO org.apache.nifi.security.util.crypto.AESKeyedCipherProviderGroovyTest - IV: 00000000 4
[main] WARN org.apache.nifi.security.util.crypto.AESKeyedCipherProvider - An IV was provided of length 4 bytes for encryption but should be 16 bytes
[main] WARN org.apache.nifi.security.util.crypto.AESKeyedCipherProvider - Generating new IV. The value can be obtained in the calling code by invoking 'cipher.getIV()';
[main] WARN org.apache.nifi.security.util.crypto.AESKeyedCipherProvider - An IV was provided of length 4 bytes for decryption but should be 16 bytes
[main] INFO org.apache.nifi.security.util.crypto.AESKeyedCipherProviderGroovyTest - [EXPECTED] java.lang.IllegalArgumentException: Cannot decrypt without a valid IV
[main] INFO org.apache.nifi.security.util.crypto.AESKeyedCipherProviderGroovyTest - IV: 0000000000 5
[main] WARN org.apache.nifi.security.util.crypto.AESKeyedCipherProvider - An IV was provided of length 5 bytes for encryption but should be 16 bytes
[main] WARN org.apache.nifi.security.util.crypto.AESKeyedCipherProvider - Generating new IV. The value can be obtained in the calling code by invoking 'cipher.getIV()';
[main] WARN org.apache.nifi.security.util.crypto.AESKeyedCipherProvider - An IV was provided of length 5 bytes for decryption but should be 16 bytes
[main] INFO org.apache.nifi.security.util.crypto.AESKeyedCipherProviderGroovyTest - [EXPECTED] java.lang.IllegalArgumentException: Cannot decrypt without a valid IV
[main] INFO org.apache.nifi.security.util.crypto.AESKeyedCipherProviderGroovyTest - IV: 000000000000 6
[main] WARN org.apache.nifi.security.util.crypto.AESKeyedCipherProvider - An IV was provided of length 6 bytes for encryption but should be 16 bytes
[main] WARN org.apache.nifi.security.util.crypto.AESKeyedCipherProvider - Generating new IV. The value can be obtained in the calling code by invoking 'cipher.getIV()';
[main] WARN org.apache.nifi.security.util.crypto.AESKeyedCipherProvider - An IV was provided of length 6 bytes for decryption but should be 16 bytes
[main] INFO org.apache.nifi.security.util.crypto.AESKeyedCipherProviderGroovyTest - [EXPECTED] java.lang.IllegalArgumentException: Cannot decrypt without a valid IV
[main] INFO org.apache.nifi.security.util.crypto.AESKeyedCipherProviderGroovyTest - IV: 00000000000000 7
[main] WARN org.apache.nifi.security.util.crypto.AESKeyedCipherProvider - An IV was provided of length 7 bytes for encryption but should be 16 bytes
[main] WARN org.apache.nifi.security.util.crypto.AESKeyedCipherProvider - Generating new IV. The value can be obtained in the calling code by invoking 'cipher.getIV()';
[main] WARN org.apache.nifi.security.util.crypto.AESKeyedCipherProvider - An IV was provided of length 7 bytes for decryption but should be 16 bytes
[main] INFO org.apache.nifi.security.util.crypto.AESKeyedCipherProviderGroovyTest - [EXPECTED] java.lang.IllegalArgumentException: Cannot decrypt without a valid IV
[main] INFO org.apache.nifi.security.util.crypto.AESKeyedCipherProviderGroovyTest - IV: 0000000000000000 8
[main] WARN org.apache.nifi.security.util.crypto.AESKeyedCipherProvider - An IV was provided of length 8 bytes for encryption but should be 16 bytes
[main] WARN org.apache.nifi.security.util.crypto.AESKeyedCipherProvider - Generating new IV. The value can be obtained in the calling code by invoking 'cipher.getIV()';
[main] WARN org.apache.nifi.security.util.crypto.AESKeyedCipherProvider - An IV was provided of length 8 bytes for decryption but should be 16 bytes
[main] INFO org.apache.nifi.security.util.crypto.AESKeyedCipherProviderGroovyTest - [EXPECTED] java.lang.IllegalArgumentException: Cannot decrypt without a valid IV
[main] INFO org.apache.nifi.security.util.crypto.AESKeyedCipherProviderGroovyTest - IV: 000000000000000000 9
[main] WARN org.apache.nifi.security.util.crypto.AESKeyedCipherProvider - An IV was provided of length 9 bytes for encryption but should be 16 bytes
[main] WARN org.apache.nifi.security.util.crypto.AESKeyedCipherProvider - Generating new IV. The value can be obtained in the calling code by invoking 'cipher.getIV()';
[main] WARN org.apache.nifi.security.util.crypto.AESKeyedCipherProvider - An IV was provided of length 9 bytes for decryption but should be 16 bytes
[main] INFO org.apache.nifi.security.util.crypto.AESKeyedCipherProviderGroovyTest - [EXPECTED] java.lang.IllegalArgumentException: Cannot decrypt without a valid IV
[main] INFO org.apache.nifi.security.util.crypto.AESKeyedCipherProviderGroovyTest - IV: 00000000000000000000 10
[main] WARN org.apache.nifi.security.util.crypto.AESKeyedCipherProvider - An IV was provided of length 10 bytes for encryption but should be 16 bytes
[main] WARN org.apache.nifi.security.util.crypto.AESKeyedCipherProvider - Generating new IV. The value can be obtained in the calling code by invoking 'cipher.getIV()';
[main] WARN org.apache.nifi.security.util.crypto.AESKeyedCipherProvider - An IV was provided of length 10 bytes for decryption but should be 16 bytes
[main] INFO org.apache.nifi.security.util.crypto.AESKeyedCipherProviderGroovyTest - [EXPECTED] java.lang.IllegalArgumentException: Cannot decrypt without a valid IV
[main] INFO org.apache.nifi.security.util.crypto.AESKeyedCipherProviderGroovyTest - IV: 0000000000000000000000 11
[main] WARN org.apache.nifi.security.util.crypto.AESKeyedCipherProvider - An IV was provided of length 11 bytes for encryption but should be 16 bytes
[main] WARN org.apache.nifi.security.util.crypto.AESKeyedCipherProvider - Generating new IV. The value can be obtained in the calling code by invoking 'cipher.getIV()';
[main] WARN org.apache.nifi.security.util.crypto.AESKeyedCipherProvider - An IV was provided of length 11 bytes for decryption but should be 16 bytes
[main] INFO org.apache.nifi.security.util.crypto.AESKeyedCipherProviderGroovyTest - [EXPECTED] java.lang.IllegalArgumentException: Cannot decrypt without a valid IV
[main] INFO org.apache.nifi.security.util.crypto.AESKeyedCipherProviderGroovyTest - IV: 000000000000000000000000 12
[main] WARN org.apache.nifi.security.util.crypto.AESKeyedCipherProvider - An IV was provided of length 12 bytes for encryption but should be 16 bytes
[main] WARN org.apache.nifi.security.util.crypto.AESKeyedCipherProvider - Generating new IV. The value can be obtained in the calling code by invoking 'cipher.getIV()';
[main] WARN org.apache.nifi.security.util.crypto.AESKeyedCipherProvider - An IV was provided of length 12 bytes for decryption but should be 16 bytes
[main] INFO org.apache.nifi.security.util.crypto.AESKeyedCipherProviderGroovyTest - [EXPECTED] java.lang.IllegalArgumentException: Cannot decrypt without a valid IV
[main] INFO org.apache.nifi.security.util.crypto.AESKeyedCipherProviderGroovyTest - IV: 00000000000000000000000000 13
[main] WARN org.apache.nifi.security.util.crypto.AESKeyedCipherProvider - An IV was provided of length 13 bytes for encryption but should be 16 bytes
[main] WARN org.apache.nifi.security.util.crypto.AESKeyedCipherProvider - Generating new IV. The value can be obtained in the calling code by invoking 'cipher.getIV()';
[main] WARN org.apache.nifi.security.util.crypto.AESKeyedCipherProvider - An IV was provided of length 13 bytes for decryption but should be 16 bytes
[main] INFO org.apache.nifi.security.util.crypto.AESKeyedCipherProviderGroovyTest - [EXPECTED] java.lang.IllegalArgumentException: Cannot decrypt without a valid IV
[main] INFO org.apache.nifi.security.util.crypto.AESKeyedCipherProviderGroovyTest - IV: 0000000000000000000000000000 14
[main] WARN org.apache.nifi.security.util.crypto.AESKeyedCipherProvider - An IV was provided of length 14 bytes for encryption but should be 16 bytes
[main] WARN org.apache.nifi.security.util.crypto.AESKeyedCipherProvider - Generating new IV. The value can be obtained in the calling code by invoking 'cipher.getIV()';
[main] WARN org.apache.nifi.security.util.crypto.AESKeyedCipherProvider - An IV was provided of length 14 bytes for decryption but should be 16 bytes
[main] INFO org.apache.nifi.security.util.crypto.AESKeyedCipherProviderGroovyTest - [EXPECTED] java.lang.IllegalArgumentException: Cannot decrypt without a valid IV
[main] INFO org.apache.nifi.security.util.crypto.AESKeyedCipherProviderGroovyTest - IV: 000000000000000000000000000000 15
[main] WARN org.apache.nifi.security.util.crypto.AESKeyedCipherProvider - An IV was provided of length 15 bytes for encryption but should be 16 bytes
[main] WARN org.apache.nifi.security.util.crypto.AESKeyedCipherProvider - Generating new IV. The value can be obtained in the calling code by invoking 'cipher.getIV()';
[main] WARN org.apache.nifi.security.util.crypto.AESKeyedCipherProvider - An IV was provided of length 15 bytes for decryption but should be 16 bytes
[main] INFO org.apache.nifi.security.util.crypto.AESKeyedCipherProviderGroovyTest - [EXPECTED] java.lang.IllegalArgumentException: Cannot decrypt without a valid IV
]]></system-err>
  </testcase>
  <testcase name="testShouldRejectUnsupportedEncryptionMethod" classname="org.apache.nifi.security.util.crypto.AESKeyedCipherProviderGroovyTest" time="0.001"/>
  <testcase name="testGetCipherWithExternalIVShouldBeInternallyConsistent" classname="org.apache.nifi.security.util.crypto.AESKeyedCipherProviderGroovyTest" time="0.003">
    <system-err><![CDATA[[main] INFO org.apache.nifi.security.util.crypto.AESKeyedCipherProviderGroovyTest - Using algorithm: AES/CBC/NoPadding
[main] INFO org.apache.nifi.security.util.crypto.AESKeyedCipherProviderGroovyTest - IV: 3aded6d043efdc265192cf6de73f0ee4
[main] INFO org.apache.nifi.security.util.crypto.AESKeyedCipherProviderGroovyTest - Cipher text: 17c9ca328bfe0bcf25b159d0b4ca038932959e2a4711c25d87387a74e3b8d39e 32
[main] INFO org.apache.nifi.security.util.crypto.AESKeyedCipherProviderGroovyTest - Recovered: ExactBlockSizeRequiredForProcess
[main] INFO org.apache.nifi.security.util.crypto.AESKeyedCipherProviderGroovyTest - Using algorithm: AES/CBC/PKCS7Padding
[main] INFO org.apache.nifi.security.util.crypto.AESKeyedCipherProviderGroovyTest - IV: a4478d0b8728914ae337c5399da26e48
[main] INFO org.apache.nifi.security.util.crypto.AESKeyedCipherProviderGroovyTest - Cipher text: 5ae967350d8dad851e78e3d070927a6a5db621c1937ec77eb6879effbed2b8cda4920da58735ea1ec25bf5f3f997d3e1 48
[main] INFO org.apache.nifi.security.util.crypto.AESKeyedCipherProviderGroovyTest - Recovered: ExactBlockSizeRequiredForProcess
[main] INFO org.apache.nifi.security.util.crypto.AESKeyedCipherProviderGroovyTest - Using algorithm: AES/CTR/NoPadding
[main] INFO org.apache.nifi.security.util.crypto.AESKeyedCipherProviderGroovyTest - IV: d0c78e6bbba5224b919df3298f5a1192
[main] INFO org.apache.nifi.security.util.crypto.AESKeyedCipherProviderGroovyTest - Cipher text: 2050240590830886648d521ba037d176113309a345a54b6a134424a825b56b92 32
[main] INFO org.apache.nifi.security.util.crypto.AESKeyedCipherProviderGroovyTest - Recovered: ExactBlockSizeRequiredForProcess
[main] INFO org.apache.nifi.security.util.crypto.AESKeyedCipherProviderGroovyTest - Using algorithm: AES/GCM/NoPadding
[main] INFO org.apache.nifi.security.util.crypto.AESKeyedCipherProviderGroovyTest - IV: cb6c2d77feed7ad91bde85da6de7ad2b
[main] INFO org.apache.nifi.security.util.crypto.AESKeyedCipherProviderGroovyTest - Cipher text: 25a34338547707de17ece03454584d666b4318c7a81c5f1aa7c054b6d13237a93ea177c31753e1d0523d820e2493f1db 48
[main] INFO org.apache.nifi.security.util.crypto.AESKeyedCipherProviderGroovyTest - Recovered: ExactBlockSizeRequiredForProcess
]]></system-err>
  </testcase>
  <testcase name="testShouldRejectEmptyEncryptionMethod" classname="org.apache.nifi.security.util.crypto.AESKeyedCipherProviderGroovyTest" time="0.001"/>
</testsuite>