<?xml version="1.0" encoding="UTF-8"?>
<testsuite xmlns:xsi="http://www.w3.org/2001/XMLSchema-instance" xsi:noNamespaceSchemaLocation="https://maven.apache.org/surefire/maven-surefire-plugin/xsd/surefire-test-report-3.0.xsd" version="3.0" name="org.apache.nifi.processors.standard.TestTailFile" time="18.398" tests="32" errors="0" skipped="0" failures="0">
  <properties>
    <property name="sun.desktop" value="gnome"/>
    <property name="awt.toolkit" value="sun.awt.X11.XToolkit"/>
    <property name="file.encoding.pkg" value="sun.io"/>
    <property name="java.specification.version" value="1.8"/>
    <property name="sun.cpu.isalist" value=""/>
    <property name="sun.jnu.encoding" value="UTF-8"/>
    <property name="java.class.path" value="/home/alex/Repositories/nifi/nifi-nar-bundles/nifi-standard-bundle/nifi-standard-processors/target/test-classes:/home/alex/Repositories/nifi/nifi-nar-bundles/nifi-standard-bundle/nifi-standard-processors/target/classes:/home/alex/.m2/repository/org/apache/ftpserver/ftpserver-core/1.1.1/ftpserver-core-1.1.1.jar:/home/alex/.m2/repository/org/apache/ftpserver/ftplet-api/1.1.1/ftplet-api-1.1.1.jar:/home/alex/.m2/repository/org/slf4j/slf4j-api/1.7.32/slf4j-api-1.7.32.jar:/home/alex/.m2/repository/org/apache/mina/mina-core/2.0.16/mina-core-2.0.16.jar:/home/alex/Repositories/nifi/nifi-api/target/classes:/home/alex/Repositories/nifi/nifi-commons/nifi-expression-language/target/classes:/home/alex/.m2/repository/org/antlr/antlr-runtime/3.5.2/antlr-runtime-3.5.2.jar:/home/alex/Repositories/nifi/nifi-commons/nifi-parameter/target/classes:/home/alex/Repositories/nifi/nifi-commons/nifi-uuid5/target/classes:/home/alex/.m2/repository/org/apache/commons/commons-text/1.8/commons-text-1.8.jar:/home/alex/Repositories/nifi/nifi-nar-bundles/nifi-extension-utils/nifi-processor-utils/target/classes:/home/alex/Repositories/nifi/nifi-commons/nifi-security-socket-ssl/target/classes:/home/alex/Repositories/nifi/nifi-nar-bundles/nifi-extension-utils/nifi-event-transport/target/classes:/home/alex/.m2/repository/io/netty/netty-handler/4.1.69.Final/netty-handler-4.1.69.Final.jar:/home/alex/.m2/repository/io/netty/netty-common/4.1.69.Final/netty-common-4.1.69.Final.jar:/home/alex/.m2/repository/io/netty/netty-resolver/4.1.69.Final/netty-resolver-4.1.69.Final.jar:/home/alex/.m2/repository/io/netty/netty-transport/4.1.69.Final/netty-transport-4.1.69.Final.jar:/home/alex/.m2/repository/io/netty/netty-codec/4.1.69.Final/netty-codec-4.1.69.Final.jar:/home/alex/Repositories/nifi/nifi-nar-bundles/nifi-extension-utils/nifi-syslog-utils/target/classes:/home/alex/.m2/repository/com/github/palindromicity/simple-syslog-5424/0.0.16/simple-syslog-5424-0.0.16.jar:/home/alex/.m2/repository/org/antlr/antlr4-runtime/4.7.2/antlr4-runtime-4.7.2.jar:/home/alex/Repositories/nifi/nifi-commons/nifi-utils/target/classes:/home/alex/Repositories/nifi/nifi-commons/nifi-record-path/target/classes:/home/alex/Repositories/nifi/nifi-commons/nifi-properties/target/classes:/home/alex/Repositories/nifi/nifi-commons/nifi-property-utils/target/classes:/home/alex/.m2/repository/com/github/ben-manes/caffeine/caffeine/2.8.1/caffeine-2.8.1.jar:/home/alex/Repositories/nifi/nifi-nar-bundles/nifi-standard-services/nifi-ssl-context-service-api/target/classes:/home/alex/Repositories/nifi/nifi-commons/nifi-security-utils-api/target/classes:/home/alex/Repositories/nifi/nifi-nar-bundles/nifi-standard-services/nifi-lookup-service-api/target/classes:/home/alex/Repositories/nifi/nifi-commons/nifi-flowfile-packager/target/classes:/home/alex/Repositories/nifi/nifi-nar-bundles/nifi-standard-services/nifi-distributed-cache-client-service-api/target/classes:/home/alex/Repositories/nifi/nifi-nar-bundles/nifi-standard-services/nifi-http-context-map-api/target/classes:/home/alex/Repositories/nifi/nifi-nar-bundles/nifi-standard-services/nifi-record-serialization-service-api/target/classes:/home/alex/Repositories/nifi/nifi-nar-bundles/nifi-standard-services/nifi-proxy-configuration-api/target/classes:/home/alex/Repositories/nifi/nifi-commons/nifi-record/target/classes:/home/alex/Repositories/nifi/nifi-nar-bundles/nifi-standard-services/nifi-record-sink-api/target/classes:/home/alex/.m2/repository/commons-io/commons-io/2.10.0/commons-io-2.10.0.jar:/home/alex/.m2/repository/javax/ws/rs/javax.ws.rs-api/2.1/javax.ws.rs-api-2.1.jar:/home/alex/.m2/repository/commons-net/commons-net/3.6/commons-net-3.6.jar:/home/alex/.m2/repository/org/apache/commons/commons-compress/1.21/commons-compress-1.21.jar:/home/alex/.m2/repository/org/apache/commons/commons-lang3/3.9/commons-lang3-3.9.jar:/home/alex/.m2/repository/org/bouncycastle/bcprov-jdk15on/1.69/bcprov-jdk15on-1.69.jar:/home/alex/.m2/repository/org/bouncycastle/bcpg-jdk15on/1.69/bcpg-jdk15on-1.69.jar:/home/alex/.m2/repository/org/bouncycastle/bcpkix-jdk15on/1.69/bcpkix-jdk15on-1.69.jar:/home/alex/.m2/repository/org/bouncycastle/bcutil-jdk15on/1.69/bcutil-jdk15on-1.69.jar:/home/alex/.m2/repository/commons-codec/commons-codec/1.14/commons-codec-1.14.jar:/home/alex/Repositories/nifi/nifi-commons/nifi-security-utils/target/classes:/home/alex/Repositories/nifi/nifi-commons/nifi-security-kms/target/classes:/home/alex/.m2/repository/org/apache/commons/commons-configuration2/2.7/commons-configuration2-2.7.jar:/home/alex/.m2/repository/com/hierynomus/sshj/0.32.0/sshj-0.32.0.jar:/home/alex/.m2/repository/com/jcraft/jzlib/1.1.3/jzlib-1.1.3.jar:/home/alex/.m2/repository/com/hierynomus/asn-one/0.6.0/asn-one-0.6.0.jar:/home/alex/.m2/repository/net/i2p/crypto/eddsa/0.3.0/eddsa-0.3.0.jar:/home/alex/.m2/repository/org/eclipse/jetty/jetty-server/9.4.44.v20210927/jetty-server-9.4.44.v20210927.jar:/home/alex/.m2/repository/javax/servlet/javax.servlet-api/3.1.0/javax.servlet-api-3.1.0.jar:/home/alex/.m2/repository/org/eclipse/jetty/jetty-http/9.4.44.v20210927/jetty-http-9.4.44.v20210927.jar:/home/alex/.m2/repository/org/eclipse/jetty/jetty-util/9.4.44.v20210927/jetty-util-9.4.44.v20210927.jar:/home/alex/.m2/repository/org/eclipse/jetty/jetty-io/9.4.44.v20210927/jetty-io-9.4.44.v20210927.jar:/home/alex/.m2/repository/org/eclipse/jetty/jetty-servlet/9.4.44.v20210927/jetty-servlet-9.4.44.v20210927.jar:/home/alex/.m2/repository/org/eclipse/jetty/jetty-security/9.4.44.v20210927/jetty-security-9.4.44.v20210927.jar:/home/alex/.m2/repository/org/eclipse/jetty/jetty-util-ajax/9.4.44.v20210927/jetty-util-ajax-9.4.44.v20210927.jar:/home/alex/.m2/repository/org/apache/httpcomponents/httpclient/4.5.5/httpclient-4.5.5.jar:/home/alex/.m2/repository/commons-logging/commons-logging/1.2/commons-logging-1.2.jar:/home/alex/.m2/repository/org/apache/httpcomponents/httpcore/4.4.9/httpcore-4.4.9.jar:/home/alex/.m2/repository/jakarta/activation/jakarta.activation-api/2.0.1/jakarta.activation-api-2.0.1.jar:/home/alex/.m2/repository/com/sun/activation/jakarta.activation/2.0.1/jakarta.activation-2.0.1.jar:/home/alex/.m2/repository/jakarta/mail/jakarta.mail-api/2.0.1/jakarta.mail-api-2.0.1.jar:/home/alex/.m2/repository/com/sun/mail/jakarta.mail/2.0.1/jakarta.mail-2.0.1.jar:/home/alex/.m2/repository/com/github/jponge/lzma-java/1.3/lzma-java-1.3.jar:/home/alex/.m2/repository/org/tukaani/xz/1.8/xz-1.8.jar:/home/alex/.m2/repository/net/sf/saxon/Saxon-HE/10.6/Saxon-HE-10.6.jar:/home/alex/Repositories/nifi/nifi-commons/nifi-socket-utils/target/classes:/home/alex/Repositories/nifi/nifi-commons/nifi-logging-utils/target/classes:/home/alex/Repositories/nifi/nifi-nar-bundles/nifi-standard-services/nifi-load-distribution-service-api/target/classes:/home/alex/.m2/repository/javax/jms/javax.jms-api/2.0.1/javax.jms-api-2.0.1.jar:/home/alex/.m2/repository/org/apache/activemq/activemq-client/5.15.15/activemq-client-5.15.15.jar:/home/alex/.m2/repository/org/apache/geronimo/specs/geronimo-jms_1.1_spec/1.1.1/geronimo-jms_1.1_spec-1.1.1.jar:/home/alex/.m2/repository/org/fusesource/hawtbuf/hawtbuf/1.11/hawtbuf-1.11.jar:/home/alex/.m2/repository/org/apache/geronimo/specs/geronimo-j2ee-management_1.1_spec/1.0.1/geronimo-j2ee-management_1.1_spec-1.0.1.jar:/home/alex/.m2/repository/com/jayway/jsonpath/json-path/2.6.0/json-path-2.6.0.jar:/home/alex/.m2/repository/net/minidev/json-smart/2.4.7/json-smart-2.4.7.jar:/home/alex/.m2/repository/net/minidev/accessors-smart/2.4.7/accessors-smart-2.4.7.jar:/home/alex/.m2/repository/org/ow2/asm/asm/9.1/asm-9.1.jar:/home/alex/.m2/repository/org/apache/tika/tika-core/1.26/tika-core-1.26.jar:/home/alex/.m2/repository/com/fasterxml/jackson/core/jackson-databind/2.12.3/jackson-databind-2.12.3.jar:/home/alex/.m2/repository/com/fasterxml/jackson/core/jackson-annotations/2.12.3/jackson-annotations-2.12.3.jar:/home/alex/.m2/repository/com/fasterxml/jackson/core/jackson-core/2.12.3/jackson-core-2.12.3.jar:/home/alex/Repositories/nifi/nifi-nar-bundles/nifi-extension-utils/nifi-record-utils/nifi-avro-record-utils/target/classes:/home/alex/Repositories/nifi/nifi-nar-bundles/nifi-extension-utils/nifi-record-utils/nifi-standard-record-utils/target/classes:/home/alex/.m2/repository/org/apache/avro/avro/1.8.1/avro-1.8.1.jar:/home/alex/.m2/repository/org/codehaus/jackson/jackson-core-asl/1.9.13/jackson-core-asl-1.9.13.jar:/home/alex/.m2/repository/org/codehaus/jackson/jackson-mapper-asl/1.9.13/jackson-mapper-asl-1.9.13.jar:/home/alex/.m2/repository/com/thoughtworks/paranamer/paranamer/2.7/paranamer-2.7.jar:/home/alex/Repositories/nifi/nifi-nar-bundles/nifi-standard-services/nifi-dbcp-service-api/target/classes:/home/alex/.m2/repository/com/squareup/okhttp3/okhttp/4.9.2/okhttp-4.9.2.jar:/home/alex/.m2/repository/com/squareup/okio/okio/2.8.0/okio-2.8.0.jar:/home/alex/.m2/repository/org/jetbrains/kotlin/kotlin-stdlib-common/1.4.0/kotlin-stdlib-common-1.4.0.jar:/home/alex/.m2/repository/org/jetbrains/kotlin/kotlin-stdlib/1.4.10/kotlin-stdlib-1.4.10.jar:/home/alex/.m2/repository/org/jetbrains/annotations/13.0/annotations-13.0.jar:/home/alex/.m2/repository/io/github/rburgst/okhttp-digest/2.5/okhttp-digest-2.5.jar:/home/alex/.m2/repository/at/favre/lib/bcrypt/0.9.0/bcrypt-0.9.0.jar:/home/alex/.m2/repository/at/favre/lib/bytes/1.3.0/bytes-1.3.0.jar:/home/alex/.m2/repository/com/google/guava/guava/28.0-jre/guava-28.0-jre.jar:/home/alex/.m2/repository/com/google/guava/failureaccess/1.0.1/failureaccess-1.0.1.jar:/home/alex/.m2/repository/com/google/guava/listenablefuture/9999.0-empty-to-avoid-conflict-with-guava/listenablefuture-9999.0-empty-to-avoid-conflict-with-guava.jar:/home/alex/.m2/repository/com/google/code/findbugs/jsr305/3.0.2/jsr305-3.0.2.jar:/home/alex/.m2/repository/org/checkerframework/checker-qual/2.8.1/checker-qual-2.8.1.jar:/home/alex/.m2/repository/com/google/errorprone/error_prone_annotations/2.3.2/error_prone_annotations-2.3.2.jar:/home/alex/.m2/repository/com/google/j2objc/j2objc-annotations/1.3/j2objc-annotations-1.3.jar:/home/alex/.m2/repository/org/codehaus/mojo/animal-sniffer-annotations/1.17/animal-sniffer-annotations-1.17.jar:/home/alex/Repositories/nifi/nifi-mock/target/classes:/home/alex/Repositories/nifi/nifi-framework-api/target/classes:/home/alex/Repositories/nifi/nifi-nar-bundles/nifi-framework-bundle/nifi-framework/nifi-framework-core-api/target/classes:/home/alex/Repositories/nifi/nifi-nar-bundles/nifi-framework-bundle/nifi-framework/nifi-framework-nar-utils/target/classes:/home/alex/Repositories/nifi/nifi-nar-bundles/nifi-framework-bundle/nifi-framework/nifi-client-dto/target/classes:/home/alex/.m2/repository/io/swagger/swagger-annotations/1.6.0/swagger-annotations-1.6.0.jar:/home/alex/Repositories/nifi/nifi-commons/nifi-site-to-site-client/target/classes:/home/alex/.m2/repository/org/apache/httpcomponents/httpasyncclient/4.1.4/httpasyncclient-4.1.4.jar:/home/alex/.m2/repository/org/apache/httpcomponents/httpcore-nio/4.4.10/httpcore-nio-4.4.10.jar:/home/alex/Repositories/nifi/nifi-nar-bundles/nifi-framework-bundle/nifi-framework/nifi-framework-authorization/target/classes:/home/alex/Repositories/nifi/nifi-registry/nifi-registry-core/nifi-registry-data-model/target/classes:/home/alex/Repositories/nifi/nifi-registry/nifi-registry-core/nifi-registry-revision/nifi-registry-revision-entity-model/target/classes:/home/alex/Repositories/nifi/nifi-registry/nifi-registry-core/nifi-registry-client/target/classes:/home/alex/Repositories/nifi/nifi-registry/nifi-registry-core/nifi-registry-security-utils/target/classes:/home/alex/.m2/repository/org/glassfish/jersey/core/jersey-client/2.33/jersey-client-2.33.jar:/home/alex/.m2/repository/jakarta/ws/rs/jakarta.ws.rs-api/2.1.6/jakarta.ws.rs-api-2.1.6.jar:/home/alex/.m2/repository/org/glassfish/hk2/external/jakarta.inject/2.6.1/jakarta.inject-2.6.1.jar:/home/alex/.m2/repository/org/glassfish/jersey/media/jersey-media-json-jackson/2.33/jersey-media-json-jackson-2.33.jar:/home/alex/.m2/repository/org/glassfish/jersey/ext/jersey-entity-filtering/2.33/jersey-entity-filtering-2.33.jar:/home/alex/.m2/repository/org/glassfish/jersey/inject/jersey-hk2/2.33/jersey-hk2-2.33.jar:/home/alex/.m2/repository/org/glassfish/hk2/hk2-locator/2.6.1/hk2-locator-2.6.1.jar:/home/alex/.m2/repository/org/glassfish/hk2/external/aopalliance-repackaged/2.6.1/aopalliance-repackaged-2.6.1.jar:/home/alex/.m2/repository/org/glassfish/hk2/hk2-api/2.6.1/hk2-api-2.6.1.jar:/home/alex/.m2/repository/org/glassfish/hk2/hk2-utils/2.6.1/hk2-utils-2.6.1.jar:/home/alex/.m2/repository/org/javassist/javassist/3.25.0-GA/javassist-3.25.0-GA.jar:/home/alex/.m2/repository/org/glassfish/jersey/core/jersey-common/2.33/jersey-common-2.33.jar:/home/alex/.m2/repository/jakarta/annotation/jakarta.annotation-api/1.3.5/jakarta.annotation-api-1.3.5.jar:/home/alex/.m2/repository/org/glassfish/hk2/osgi-resource-locator/1.0.3/osgi-resource-locator-1.0.3.jar:/home/alex/.m2/repository/org/glassfish/jersey/media/jersey-media-multipart/2.33/jersey-media-multipart-2.33.jar:/home/alex/.m2/repository/org/jvnet/mimepull/mimepull/1.9.13/mimepull-1.9.13.jar:/home/alex/Repositories/nifi/nifi-commons/nifi-data-provenance-utils/target/classes:/home/alex/Repositories/nifi/nifi-nar-bundles/nifi-standard-services/nifi-distributed-cache-services-bundle/nifi-distributed-cache-client-service/target/classes:/home/alex/Repositories/nifi/nifi-nar-bundles/nifi-standard-services/nifi-distributed-cache-services-bundle/nifi-distributed-cache-protocol/target/classes:/home/alex/.m2/repository/io/netty/netty-buffer/4.1.69.Final/netty-buffer-4.1.69.Final.jar:/home/alex/.m2/repository/com/google/http-client/google-http-client/1.28.0/google-http-client-1.28.0.jar:/home/alex/.m2/repository/io/opencensus/opencensus-api/0.18.0/opencensus-api-0.18.0.jar:/home/alex/.m2/repository/io/grpc/grpc-context/1.14.0/grpc-context-1.14.0.jar:/home/alex/.m2/repository/io/opencensus/opencensus-contrib-http-util/0.18.0/opencensus-contrib-http-util-0.18.0.jar:/home/alex/.m2/repository/org/apache/activemq/activemq-broker/5.15.14/activemq-broker-5.15.14.jar:/home/alex/.m2/repository/org/apache/activemq/activemq-openwire-legacy/5.15.14/activemq-openwire-legacy-5.15.14.jar:/home/alex/Repositories/nifi/nifi-nar-bundles/nifi-standard-services/nifi-ssl-context-bundle/nifi-ssl-context-service/target/classes:/home/alex/Repositories/nifi/nifi-nar-bundles/nifi-framework-bundle/nifi-framework/nifi-standard-prioritizers/target/classes:/home/alex/Repositories/nifi/nifi-nar-bundles/nifi-extension-utils/nifi-record-utils/nifi-mock-record-utils/target/classes:/home/alex/Repositories/nifi/nifi-nar-bundles/nifi-standard-services/nifi-record-serialization-services-bundle/nifi-record-serialization-services/target/classes:/home/alex/.m2/repository/org/apache/commons/commons-csv/1.8/commons-csv-1.8.jar:/home/alex/.m2/repository/com/fasterxml/jackson/dataformat/jackson-dataformat-csv/2.12.3/jackson-dataformat-csv-2.12.3.jar:/home/alex/.m2/repository/net/java/dev/stax-utils/stax-utils/20070216/stax-utils-20070216.jar:/home/alex/Repositories/nifi/nifi-nar-bundles/nifi-standard-services/nifi-lookup-services-bundle/nifi-lookup-services/target/classes:/home/alex/.m2/repository/commons-beanutils/commons-beanutils/1.9.4/commons-beanutils-1.9.4.jar:/home/alex/.m2/repository/commons-collections/commons-collections/3.2.2/commons-collections-3.2.2.jar:/home/alex/.m2/repository/com/maxmind/geoip2/geoip2/2.12.0/geoip2-2.12.0.jar:/home/alex/.m2/repository/com/maxmind/db/maxmind-db/1.2.2/maxmind-db-1.2.2.jar:/home/alex/.m2/repository/org/apache/derby/derby/10.14.2.0/derby-10.14.2.0.jar:/home/alex/.m2/repository/org/xerial/snappy/snappy-java/1.1.7.3/snappy-java-1.1.7.3.jar:/home/alex/.m2/repository/net/lingala/zip4j/zip4j/2.8.0/zip4j-2.8.0.jar:/home/alex/.m2/repository/com/h2database/h2/1.4.187/h2-1.4.187.jar:/home/alex/.m2/repository/org/mockftpserver/MockFtpServer/2.7.1/MockFtpServer-2.7.1.jar:/home/alex/.m2/repository/org/apache/sshd/sshd-core/1.7.0/sshd-core-1.7.0.jar:/home/alex/.m2/repository/com/bazaarvoice/jolt/jolt-core/0.1.1/jolt-core-0.1.1.jar:/home/alex/.m2/repository/javax/inject/javax.inject/1/javax.inject-1.jar:/home/alex/.m2/repository/com/bazaarvoice/jolt/json-utils/0.1.1/json-utils-0.1.1.jar:/home/alex/Repositories/nifi/nifi-nar-bundles/nifi-standard-bundle/nifi-standard-utils/target/classes:/home/alex/.m2/repository/net/sf/supercsv/super-csv/2.4.0/super-csv-2.4.0.jar:/home/alex/.m2/repository/com/fluenda/parcefone/2.1.0/parcefone-2.1.0.jar:/home/alex/.m2/repository/javax/validation/validation-api/1.1.0.Final/validation-api-1.1.0.Final.jar:/home/alex/.m2/repository/javax/el/javax.el-api/3.0.0/javax.el-api-3.0.0.jar:/home/alex/.m2/repository/com/github/wnameless/json/json-flattener/0.12.0/json-flattener-0.12.0.jar:/home/alex/.m2/repository/com/github/wnameless/json/json-base/2.0.0/json-base-2.0.0.jar:/home/alex/.m2/repository/org/apache/bval/bval-jsr/1.1.2/bval-jsr-1.1.2.jar:/home/alex/.m2/repository/org/apache/bval/bval-core/1.1.2/bval-core-1.1.2.jar:/home/alex/.m2/repository/io/krakens/java-grok/0.1.9/java-grok-0.1.9.jar:/home/alex/.m2/repository/org/apache/calcite/calcite-core/1.27.0/calcite-core-1.27.0.jar:/home/alex/.m2/repository/org/apache/calcite/calcite-linq4j/1.27.0/calcite-linq4j-1.27.0.jar:/home/alex/.m2/repository/com/esri/geometry/esri-geometry-api/2.2.0/esri-geometry-api-2.2.0.jar:/home/alex/.m2/repository/org/apache/calcite/avatica/avatica-core/1.18.0/avatica-core-1.18.0.jar:/home/alex/.m2/repository/org/apache/calcite/avatica/avatica-metrics/1.18.0/avatica-metrics-1.18.0.jar:/home/alex/.m2/repository/com/google/protobuf/protobuf-java/3.6.1/protobuf-java-3.6.1.jar:/home/alex/.m2/repository/org/apiguardian/apiguardian-api/1.1.0/apiguardian-api-1.1.0.jar:/home/alex/.m2/repository/com/fasterxml/jackson/dataformat/jackson-dataformat-yaml/2.10.0/jackson-dataformat-yaml-2.10.0.jar:/home/alex/.m2/repository/org/yaml/snakeyaml/1.29/snakeyaml-1.29.jar:/home/alex/.m2/repository/com/google/uzaygezen/uzaygezen-core/0.2/uzaygezen-core-0.2.jar:/home/alex/.m2/repository/com/yahoo/datasketches/sketches-core/0.9.0/sketches-core-0.9.0.jar:/home/alex/.m2/repository/com/yahoo/datasketches/memory/0.9.0/memory-0.9.0.jar:/home/alex/.m2/repository/net/hydromatic/aggdesigner-algorithm/6.0/aggdesigner-algorithm-6.0.jar:/home/alex/.m2/repository/commons-lang/commons-lang/2.4/commons-lang-2.4.jar:/home/alex/.m2/repository/org/apache/commons/commons-dbcp2/2.6.0/commons-dbcp2-2.6.0.jar:/home/alex/.m2/repository/org/apache/commons/commons-pool2/2.6.1/commons-pool2-2.6.1.jar:/home/alex/.m2/repository/org/codehaus/janino/commons-compiler/3.0.11/commons-compiler-3.0.11.jar:/home/alex/.m2/repository/org/codehaus/janino/janino/3.0.11/janino-3.0.11.jar:/home/alex/Repositories/nifi/nifi-nar-bundles/nifi-standard-services/nifi-schema-registry-service-api/target/classes:/home/alex/Repositories/nifi/nifi-nar-bundles/nifi-extension-utils/nifi-database-utils/target/classes:/home/alex/Repositories/nifi/nifi-nar-bundles/nifi-standard-bundle/nifi-standard-web-test-utils/target/classes:/home/alex/.m2/repository/com/github/stefanbirkner/fake-sftp-server-rule/2.0.1/fake-sftp-server-rule-2.0.1.jar:/home/alex/.m2/repository/com/github/marschall/memoryfilesystem/2.8.0/memoryfilesystem-2.8.0.jar:/home/alex/.m2/repository/junit/junit/4.13.2/junit-4.13.2.jar:/home/alex/.m2/repository/org/hamcrest/hamcrest-core/1.3/hamcrest-core-1.3.jar:/home/alex/Repositories/nifi/nifi-nar-bundles/nifi-extension-utils/nifi-database-test-utils/target/classes:/home/alex/.m2/repository/org/codehaus/groovy/groovy-json/2.5.14/groovy-json-2.5.14.jar:/home/alex/.m2/repository/org/codehaus/groovy/groovy/2.5.14/groovy-2.5.14.jar:/home/alex/.m2/repository/org/codehaus/groovy/groovy-servlet/2.5.14/groovy-servlet-2.5.14.jar:/home/alex/.m2/repository/org/codehaus/groovy/groovy-templates/2.5.14/groovy-templates-2.5.14.jar:/home/alex/.m2/repository/org/codehaus/groovy/groovy-xml/2.5.14/groovy-xml-2.5.14.jar:/home/alex/.m2/repository/org/hamcrest/hamcrest-all/1.3/hamcrest-all-1.3.jar:/home/alex/.m2/repository/com/squareup/okhttp3/mockwebserver/4.9.2/mockwebserver-4.9.2.jar:/home/alex/.m2/repository/org/jetbrains/kotlin/kotlin-stdlib-jdk8/1.4.10/kotlin-stdlib-jdk8-1.4.10.jar:/home/alex/.m2/repository/org/jetbrains/kotlin/kotlin-stdlib-jdk7/1.4.10/kotlin-stdlib-jdk7-1.4.10.jar:/home/alex/.m2/repository/org/mockito/mockito-inline/3.12.4/mockito-inline-3.12.4.jar:/home/alex/.m2/repository/org/junit/jupiter/junit-jupiter-api/5.7.2/junit-jupiter-api-5.7.2.jar:/home/alex/.m2/repository/org/opentest4j/opentest4j/1.2.0/opentest4j-1.2.0.jar:/home/alex/.m2/repository/org/junit/platform/junit-platform-commons/1.7.2/junit-platform-commons-1.7.2.jar:/home/alex/.m2/repository/org/junit/jupiter/junit-jupiter-engine/5.7.2/junit-jupiter-engine-5.7.2.jar:/home/alex/.m2/repository/org/junit/platform/junit-platform-engine/1.7.2/junit-platform-engine-1.7.2.jar:/home/alex/.m2/repository/org/junit/vintage/junit-vintage-engine/5.7.2/junit-vintage-engine-5.7.2.jar:/home/alex/.m2/repository/org/junit/jupiter/junit-jupiter-params/5.7.2/junit-jupiter-params-5.7.2.jar:/home/alex/.m2/repository/org/mockito/mockito-core/3.11.2/mockito-core-3.11.2.jar:/home/alex/.m2/repository/net/bytebuddy/byte-buddy/1.11.3/byte-buddy-1.11.3.jar:/home/alex/.m2/repository/net/bytebuddy/byte-buddy-agent/1.11.3/byte-buddy-agent-1.11.3.jar:/home/alex/.m2/repository/org/objenesis/objenesis/3.2/objenesis-3.2.jar:/home/alex/.m2/repository/org/mockito/mockito-junit-jupiter/3.11.2/mockito-junit-jupiter-3.11.2.jar:/home/alex/.m2/repository/org/slf4j/slf4j-simple/1.7.32/slf4j-simple-1.7.32.jar:/home/alex/.m2/repository/org/codehaus/groovy/groovy-test/2.5.14/groovy-test-2.5.14.jar:"/>
    <property name="org.slf4j.simpleLogger.log.nifi.processors.standard.TestExecuteSQLRecord" value="debug"/>
    <property name="java.vm.vendor" value="Private Build"/>
    <property name="sun.arch.data.model" value="64"/>
    <property name="java.vendor.url" value="http://java.oracle.com/"/>
    <property name="user.timezone" value="Europe/Lisbon"/>
    <property name="java.vm.specification.version" value="1.8"/>
    <property name="os.name" value="Linux"/>
    <property name="user.country" value="US"/>
    <property name="sun.java.launcher" value="SUN_STANDARD"/>
    <property name="sun.boot.library.path" value="/usr/lib/jvm/java-8-openjdk-amd64/jre/lib/amd64"/>
    <property name="sun.java.command" value="/home/alex/Repositories/nifi/nifi-nar-bundles/nifi-standard-bundle/nifi-standard-processors/target/surefire/surefirebooter5765390859711556220.jar /home/alex/Repositories/nifi/nifi-nar-bundles/nifi-standard-bundle/nifi-standard-processors/target/surefire 2024-05-02T03-00-27_868-jvmRun1 surefire9208373730939602304tmp surefire_6996902428243563721tmp"/>
    <property name="org.slf4j.simpleLogger.log.nifi.io.nio" value="debug"/>
    <property name="surefire.test.class.path" value="/home/alex/Repositories/nifi/nifi-nar-bundles/nifi-standard-bundle/nifi-standard-processors/target/test-classes:/home/alex/Repositories/nifi/nifi-nar-bundles/nifi-standard-bundle/nifi-standard-processors/target/classes:/home/alex/.m2/repository/org/apache/ftpserver/ftpserver-core/1.1.1/ftpserver-core-1.1.1.jar:/home/alex/.m2/repository/org/apache/ftpserver/ftplet-api/1.1.1/ftplet-api-1.1.1.jar:/home/alex/.m2/repository/org/slf4j/slf4j-api/1.7.32/slf4j-api-1.7.32.jar:/home/alex/.m2/repository/org/apache/mina/mina-core/2.0.16/mina-core-2.0.16.jar:/home/alex/Repositories/nifi/nifi-api/target/classes:/home/alex/Repositories/nifi/nifi-commons/nifi-expression-language/target/classes:/home/alex/.m2/repository/org/antlr/antlr-runtime/3.5.2/antlr-runtime-3.5.2.jar:/home/alex/Repositories/nifi/nifi-commons/nifi-parameter/target/classes:/home/alex/Repositories/nifi/nifi-commons/nifi-uuid5/target/classes:/home/alex/.m2/repository/org/apache/commons/commons-text/1.8/commons-text-1.8.jar:/home/alex/Repositories/nifi/nifi-nar-bundles/nifi-extension-utils/nifi-processor-utils/target/classes:/home/alex/Repositories/nifi/nifi-commons/nifi-security-socket-ssl/target/classes:/home/alex/Repositories/nifi/nifi-nar-bundles/nifi-extension-utils/nifi-event-transport/target/classes:/home/alex/.m2/repository/io/netty/netty-handler/4.1.69.Final/netty-handler-4.1.69.Final.jar:/home/alex/.m2/repository/io/netty/netty-common/4.1.69.Final/netty-common-4.1.69.Final.jar:/home/alex/.m2/repository/io/netty/netty-resolver/4.1.69.Final/netty-resolver-4.1.69.Final.jar:/home/alex/.m2/repository/io/netty/netty-transport/4.1.69.Final/netty-transport-4.1.69.Final.jar:/home/alex/.m2/repository/io/netty/netty-codec/4.1.69.Final/netty-codec-4.1.69.Final.jar:/home/alex/Repositories/nifi/nifi-nar-bundles/nifi-extension-utils/nifi-syslog-utils/target/classes:/home/alex/.m2/repository/com/github/palindromicity/simple-syslog-5424/0.0.16/simple-syslog-5424-0.0.16.jar:/home/alex/.m2/repository/org/antlr/antlr4-runtime/4.7.2/antlr4-runtime-4.7.2.jar:/home/alex/Repositories/nifi/nifi-commons/nifi-utils/target/classes:/home/alex/Repositories/nifi/nifi-commons/nifi-record-path/target/classes:/home/alex/Repositories/nifi/nifi-commons/nifi-properties/target/classes:/home/alex/Repositories/nifi/nifi-commons/nifi-property-utils/target/classes:/home/alex/.m2/repository/com/github/ben-manes/caffeine/caffeine/2.8.1/caffeine-2.8.1.jar:/home/alex/Repositories/nifi/nifi-nar-bundles/nifi-standard-services/nifi-ssl-context-service-api/target/classes:/home/alex/Repositories/nifi/nifi-commons/nifi-security-utils-api/target/classes:/home/alex/Repositories/nifi/nifi-nar-bundles/nifi-standard-services/nifi-lookup-service-api/target/classes:/home/alex/Repositories/nifi/nifi-commons/nifi-flowfile-packager/target/classes:/home/alex/Repositories/nifi/nifi-nar-bundles/nifi-standard-services/nifi-distributed-cache-client-service-api/target/classes:/home/alex/Repositories/nifi/nifi-nar-bundles/nifi-standard-services/nifi-http-context-map-api/target/classes:/home/alex/Repositories/nifi/nifi-nar-bundles/nifi-standard-services/nifi-record-serialization-service-api/target/classes:/home/alex/Repositories/nifi/nifi-nar-bundles/nifi-standard-services/nifi-proxy-configuration-api/target/classes:/home/alex/Repositories/nifi/nifi-commons/nifi-record/target/classes:/home/alex/Repositories/nifi/nifi-nar-bundles/nifi-standard-services/nifi-record-sink-api/target/classes:/home/alex/.m2/repository/commons-io/commons-io/2.10.0/commons-io-2.10.0.jar:/home/alex/.m2/repository/javax/ws/rs/javax.ws.rs-api/2.1/javax.ws.rs-api-2.1.jar:/home/alex/.m2/repository/commons-net/commons-net/3.6/commons-net-3.6.jar:/home/alex/.m2/repository/org/apache/commons/commons-compress/1.21/commons-compress-1.21.jar:/home/alex/.m2/repository/org/apache/commons/commons-lang3/3.9/commons-lang3-3.9.jar:/home/alex/.m2/repository/org/bouncycastle/bcprov-jdk15on/1.69/bcprov-jdk15on-1.69.jar:/home/alex/.m2/repository/org/bouncycastle/bcpg-jdk15on/1.69/bcpg-jdk15on-1.69.jar:/home/alex/.m2/repository/org/bouncycastle/bcpkix-jdk15on/1.69/bcpkix-jdk15on-1.69.jar:/home/alex/.m2/repository/org/bouncycastle/bcutil-jdk15on/1.69/bcutil-jdk15on-1.69.jar:/home/alex/.m2/repository/commons-codec/commons-codec/1.14/commons-codec-1.14.jar:/home/alex/Repositories/nifi/nifi-commons/nifi-security-utils/target/classes:/home/alex/Repositories/nifi/nifi-commons/nifi-security-kms/target/classes:/home/alex/.m2/repository/org/apache/commons/commons-configuration2/2.7/commons-configuration2-2.7.jar:/home/alex/.m2/repository/com/hierynomus/sshj/0.32.0/sshj-0.32.0.jar:/home/alex/.m2/repository/com/jcraft/jzlib/1.1.3/jzlib-1.1.3.jar:/home/alex/.m2/repository/com/hierynomus/asn-one/0.6.0/asn-one-0.6.0.jar:/home/alex/.m2/repository/net/i2p/crypto/eddsa/0.3.0/eddsa-0.3.0.jar:/home/alex/.m2/repository/org/eclipse/jetty/jetty-server/9.4.44.v20210927/jetty-server-9.4.44.v20210927.jar:/home/alex/.m2/repository/javax/servlet/javax.servlet-api/3.1.0/javax.servlet-api-3.1.0.jar:/home/alex/.m2/repository/org/eclipse/jetty/jetty-http/9.4.44.v20210927/jetty-http-9.4.44.v20210927.jar:/home/alex/.m2/repository/org/eclipse/jetty/jetty-util/9.4.44.v20210927/jetty-util-9.4.44.v20210927.jar:/home/alex/.m2/repository/org/eclipse/jetty/jetty-io/9.4.44.v20210927/jetty-io-9.4.44.v20210927.jar:/home/alex/.m2/repository/org/eclipse/jetty/jetty-servlet/9.4.44.v20210927/jetty-servlet-9.4.44.v20210927.jar:/home/alex/.m2/repository/org/eclipse/jetty/jetty-security/9.4.44.v20210927/jetty-security-9.4.44.v20210927.jar:/home/alex/.m2/repository/org/eclipse/jetty/jetty-util-ajax/9.4.44.v20210927/jetty-util-ajax-9.4.44.v20210927.jar:/home/alex/.m2/repository/org/apache/httpcomponents/httpclient/4.5.5/httpclient-4.5.5.jar:/home/alex/.m2/repository/commons-logging/commons-logging/1.2/commons-logging-1.2.jar:/home/alex/.m2/repository/org/apache/httpcomponents/httpcore/4.4.9/httpcore-4.4.9.jar:/home/alex/.m2/repository/jakarta/activation/jakarta.activation-api/2.0.1/jakarta.activation-api-2.0.1.jar:/home/alex/.m2/repository/com/sun/activation/jakarta.activation/2.0.1/jakarta.activation-2.0.1.jar:/home/alex/.m2/repository/jakarta/mail/jakarta.mail-api/2.0.1/jakarta.mail-api-2.0.1.jar:/home/alex/.m2/repository/com/sun/mail/jakarta.mail/2.0.1/jakarta.mail-2.0.1.jar:/home/alex/.m2/repository/com/github/jponge/lzma-java/1.3/lzma-java-1.3.jar:/home/alex/.m2/repository/org/tukaani/xz/1.8/xz-1.8.jar:/home/alex/.m2/repository/net/sf/saxon/Saxon-HE/10.6/Saxon-HE-10.6.jar:/home/alex/Repositories/nifi/nifi-commons/nifi-socket-utils/target/classes:/home/alex/Repositories/nifi/nifi-commons/nifi-logging-utils/target/classes:/home/alex/Repositories/nifi/nifi-nar-bundles/nifi-standard-services/nifi-load-distribution-service-api/target/classes:/home/alex/.m2/repository/javax/jms/javax.jms-api/2.0.1/javax.jms-api-2.0.1.jar:/home/alex/.m2/repository/org/apache/activemq/activemq-client/5.15.15/activemq-client-5.15.15.jar:/home/alex/.m2/repository/org/apache/geronimo/specs/geronimo-jms_1.1_spec/1.1.1/geronimo-jms_1.1_spec-1.1.1.jar:/home/alex/.m2/repository/org/fusesource/hawtbuf/hawtbuf/1.11/hawtbuf-1.11.jar:/home/alex/.m2/repository/org/apache/geronimo/specs/geronimo-j2ee-management_1.1_spec/1.0.1/geronimo-j2ee-management_1.1_spec-1.0.1.jar:/home/alex/.m2/repository/com/jayway/jsonpath/json-path/2.6.0/json-path-2.6.0.jar:/home/alex/.m2/repository/net/minidev/json-smart/2.4.7/json-smart-2.4.7.jar:/home/alex/.m2/repository/net/minidev/accessors-smart/2.4.7/accessors-smart-2.4.7.jar:/home/alex/.m2/repository/org/ow2/asm/asm/9.1/asm-9.1.jar:/home/alex/.m2/repository/org/apache/tika/tika-core/1.26/tika-core-1.26.jar:/home/alex/.m2/repository/com/fasterxml/jackson/core/jackson-databind/2.12.3/jackson-databind-2.12.3.jar:/home/alex/.m2/repository/com/fasterxml/jackson/core/jackson-annotations/2.12.3/jackson-annotations-2.12.3.jar:/home/alex/.m2/repository/com/fasterxml/jackson/core/jackson-core/2.12.3/jackson-core-2.12.3.jar:/home/alex/Repositories/nifi/nifi-nar-bundles/nifi-extension-utils/nifi-record-utils/nifi-avro-record-utils/target/classes:/home/alex/Repositories/nifi/nifi-nar-bundles/nifi-extension-utils/nifi-record-utils/nifi-standard-record-utils/target/classes:/home/alex/.m2/repository/org/apache/avro/avro/1.8.1/avro-1.8.1.jar:/home/alex/.m2/repository/org/codehaus/jackson/jackson-core-asl/1.9.13/jackson-core-asl-1.9.13.jar:/home/alex/.m2/repository/org/codehaus/jackson/jackson-mapper-asl/1.9.13/jackson-mapper-asl-1.9.13.jar:/home/alex/.m2/repository/com/thoughtworks/paranamer/paranamer/2.7/paranamer-2.7.jar:/home/alex/Repositories/nifi/nifi-nar-bundles/nifi-standard-services/nifi-dbcp-service-api/target/classes:/home/alex/.m2/repository/com/squareup/okhttp3/okhttp/4.9.2/okhttp-4.9.2.jar:/home/alex/.m2/repository/com/squareup/okio/okio/2.8.0/okio-2.8.0.jar:/home/alex/.m2/repository/org/jetbrains/kotlin/kotlin-stdlib-common/1.4.0/kotlin-stdlib-common-1.4.0.jar:/home/alex/.m2/repository/org/jetbrains/kotlin/kotlin-stdlib/1.4.10/kotlin-stdlib-1.4.10.jar:/home/alex/.m2/repository/org/jetbrains/annotations/13.0/annotations-13.0.jar:/home/alex/.m2/repository/io/github/rburgst/okhttp-digest/2.5/okhttp-digest-2.5.jar:/home/alex/.m2/repository/at/favre/lib/bcrypt/0.9.0/bcrypt-0.9.0.jar:/home/alex/.m2/repository/at/favre/lib/bytes/1.3.0/bytes-1.3.0.jar:/home/alex/.m2/repository/com/google/guava/guava/28.0-jre/guava-28.0-jre.jar:/home/alex/.m2/repository/com/google/guava/failureaccess/1.0.1/failureaccess-1.0.1.jar:/home/alex/.m2/repository/com/google/guava/listenablefuture/9999.0-empty-to-avoid-conflict-with-guava/listenablefuture-9999.0-empty-to-avoid-conflict-with-guava.jar:/home/alex/.m2/repository/com/google/code/findbugs/jsr305/3.0.2/jsr305-3.0.2.jar:/home/alex/.m2/repository/org/checkerframework/checker-qual/2.8.1/checker-qual-2.8.1.jar:/home/alex/.m2/repository/com/google/errorprone/error_prone_annotations/2.3.2/error_prone_annotations-2.3.2.jar:/home/alex/.m2/repository/com/google/j2objc/j2objc-annotations/1.3/j2objc-annotations-1.3.jar:/home/alex/.m2/repository/org/codehaus/mojo/animal-sniffer-annotations/1.17/animal-sniffer-annotations-1.17.jar:/home/alex/Repositories/nifi/nifi-mock/target/classes:/home/alex/Repositories/nifi/nifi-framework-api/target/classes:/home/alex/Repositories/nifi/nifi-nar-bundles/nifi-framework-bundle/nifi-framework/nifi-framework-core-api/target/classes:/home/alex/Repositories/nifi/nifi-nar-bundles/nifi-framework-bundle/nifi-framework/nifi-framework-nar-utils/target/classes:/home/alex/Repositories/nifi/nifi-nar-bundles/nifi-framework-bundle/nifi-framework/nifi-client-dto/target/classes:/home/alex/.m2/repository/io/swagger/swagger-annotations/1.6.0/swagger-annotations-1.6.0.jar:/home/alex/Repositories/nifi/nifi-commons/nifi-site-to-site-client/target/classes:/home/alex/.m2/repository/org/apache/httpcomponents/httpasyncclient/4.1.4/httpasyncclient-4.1.4.jar:/home/alex/.m2/repository/org/apache/httpcomponents/httpcore-nio/4.4.10/httpcore-nio-4.4.10.jar:/home/alex/Repositories/nifi/nifi-nar-bundles/nifi-framework-bundle/nifi-framework/nifi-framework-authorization/target/classes:/home/alex/Repositories/nifi/nifi-registry/nifi-registry-core/nifi-registry-data-model/target/classes:/home/alex/Repositories/nifi/nifi-registry/nifi-registry-core/nifi-registry-revision/nifi-registry-revision-entity-model/target/classes:/home/alex/Repositories/nifi/nifi-registry/nifi-registry-core/nifi-registry-client/target/classes:/home/alex/Repositories/nifi/nifi-registry/nifi-registry-core/nifi-registry-security-utils/target/classes:/home/alex/.m2/repository/org/glassfish/jersey/core/jersey-client/2.33/jersey-client-2.33.jar:/home/alex/.m2/repository/jakarta/ws/rs/jakarta.ws.rs-api/2.1.6/jakarta.ws.rs-api-2.1.6.jar:/home/alex/.m2/repository/org/glassfish/hk2/external/jakarta.inject/2.6.1/jakarta.inject-2.6.1.jar:/home/alex/.m2/repository/org/glassfish/jersey/media/jersey-media-json-jackson/2.33/jersey-media-json-jackson-2.33.jar:/home/alex/.m2/repository/org/glassfish/jersey/ext/jersey-entity-filtering/2.33/jersey-entity-filtering-2.33.jar:/home/alex/.m2/repository/org/glassfish/jersey/inject/jersey-hk2/2.33/jersey-hk2-2.33.jar:/home/alex/.m2/repository/org/glassfish/hk2/hk2-locator/2.6.1/hk2-locator-2.6.1.jar:/home/alex/.m2/repository/org/glassfish/hk2/external/aopalliance-repackaged/2.6.1/aopalliance-repackaged-2.6.1.jar:/home/alex/.m2/repository/org/glassfish/hk2/hk2-api/2.6.1/hk2-api-2.6.1.jar:/home/alex/.m2/repository/org/glassfish/hk2/hk2-utils/2.6.1/hk2-utils-2.6.1.jar:/home/alex/.m2/repository/org/javassist/javassist/3.25.0-GA/javassist-3.25.0-GA.jar:/home/alex/.m2/repository/org/glassfish/jersey/core/jersey-common/2.33/jersey-common-2.33.jar:/home/alex/.m2/repository/jakarta/annotation/jakarta.annotation-api/1.3.5/jakarta.annotation-api-1.3.5.jar:/home/alex/.m2/repository/org/glassfish/hk2/osgi-resource-locator/1.0.3/osgi-resource-locator-1.0.3.jar:/home/alex/.m2/repository/org/glassfish/jersey/media/jersey-media-multipart/2.33/jersey-media-multipart-2.33.jar:/home/alex/.m2/repository/org/jvnet/mimepull/mimepull/1.9.13/mimepull-1.9.13.jar:/home/alex/Repositories/nifi/nifi-commons/nifi-data-provenance-utils/target/classes:/home/alex/Repositories/nifi/nifi-nar-bundles/nifi-standard-services/nifi-distributed-cache-services-bundle/nifi-distributed-cache-client-service/target/classes:/home/alex/Repositories/nifi/nifi-nar-bundles/nifi-standard-services/nifi-distributed-cache-services-bundle/nifi-distributed-cache-protocol/target/classes:/home/alex/.m2/repository/io/netty/netty-buffer/4.1.69.Final/netty-buffer-4.1.69.Final.jar:/home/alex/.m2/repository/com/google/http-client/google-http-client/1.28.0/google-http-client-1.28.0.jar:/home/alex/.m2/repository/io/opencensus/opencensus-api/0.18.0/opencensus-api-0.18.0.jar:/home/alex/.m2/repository/io/grpc/grpc-context/1.14.0/grpc-context-1.14.0.jar:/home/alex/.m2/repository/io/opencensus/opencensus-contrib-http-util/0.18.0/opencensus-contrib-http-util-0.18.0.jar:/home/alex/.m2/repository/org/apache/activemq/activemq-broker/5.15.14/activemq-broker-5.15.14.jar:/home/alex/.m2/repository/org/apache/activemq/activemq-openwire-legacy/5.15.14/activemq-openwire-legacy-5.15.14.jar:/home/alex/Repositories/nifi/nifi-nar-bundles/nifi-standard-services/nifi-ssl-context-bundle/nifi-ssl-context-service/target/classes:/home/alex/Repositories/nifi/nifi-nar-bundles/nifi-framework-bundle/nifi-framework/nifi-standard-prioritizers/target/classes:/home/alex/Repositories/nifi/nifi-nar-bundles/nifi-extension-utils/nifi-record-utils/nifi-mock-record-utils/target/classes:/home/alex/Repositories/nifi/nifi-nar-bundles/nifi-standard-services/nifi-record-serialization-services-bundle/nifi-record-serialization-services/target/classes:/home/alex/.m2/repository/org/apache/commons/commons-csv/1.8/commons-csv-1.8.jar:/home/alex/.m2/repository/com/fasterxml/jackson/dataformat/jackson-dataformat-csv/2.12.3/jackson-dataformat-csv-2.12.3.jar:/home/alex/.m2/repository/net/java/dev/stax-utils/stax-utils/20070216/stax-utils-20070216.jar:/home/alex/Repositories/nifi/nifi-nar-bundles/nifi-standard-services/nifi-lookup-services-bundle/nifi-lookup-services/target/classes:/home/alex/.m2/repository/commons-beanutils/commons-beanutils/1.9.4/commons-beanutils-1.9.4.jar:/home/alex/.m2/repository/commons-collections/commons-collections/3.2.2/commons-collections-3.2.2.jar:/home/alex/.m2/repository/com/maxmind/geoip2/geoip2/2.12.0/geoip2-2.12.0.jar:/home/alex/.m2/repository/com/maxmind/db/maxmind-db/1.2.2/maxmind-db-1.2.2.jar:/home/alex/.m2/repository/org/apache/derby/derby/10.14.2.0/derby-10.14.2.0.jar:/home/alex/.m2/repository/org/xerial/snappy/snappy-java/1.1.7.3/snappy-java-1.1.7.3.jar:/home/alex/.m2/repository/net/lingala/zip4j/zip4j/2.8.0/zip4j-2.8.0.jar:/home/alex/.m2/repository/com/h2database/h2/1.4.187/h2-1.4.187.jar:/home/alex/.m2/repository/org/mockftpserver/MockFtpServer/2.7.1/MockFtpServer-2.7.1.jar:/home/alex/.m2/repository/org/apache/sshd/sshd-core/1.7.0/sshd-core-1.7.0.jar:/home/alex/.m2/repository/com/bazaarvoice/jolt/jolt-core/0.1.1/jolt-core-0.1.1.jar:/home/alex/.m2/repository/javax/inject/javax.inject/1/javax.inject-1.jar:/home/alex/.m2/repository/com/bazaarvoice/jolt/json-utils/0.1.1/json-utils-0.1.1.jar:/home/alex/Repositories/nifi/nifi-nar-bundles/nifi-standard-bundle/nifi-standard-utils/target/classes:/home/alex/.m2/repository/net/sf/supercsv/super-csv/2.4.0/super-csv-2.4.0.jar:/home/alex/.m2/repository/com/fluenda/parcefone/2.1.0/parcefone-2.1.0.jar:/home/alex/.m2/repository/javax/validation/validation-api/1.1.0.Final/validation-api-1.1.0.Final.jar:/home/alex/.m2/repository/javax/el/javax.el-api/3.0.0/javax.el-api-3.0.0.jar:/home/alex/.m2/repository/com/github/wnameless/json/json-flattener/0.12.0/json-flattener-0.12.0.jar:/home/alex/.m2/repository/com/github/wnameless/json/json-base/2.0.0/json-base-2.0.0.jar:/home/alex/.m2/repository/org/apache/bval/bval-jsr/1.1.2/bval-jsr-1.1.2.jar:/home/alex/.m2/repository/org/apache/bval/bval-core/1.1.2/bval-core-1.1.2.jar:/home/alex/.m2/repository/io/krakens/java-grok/0.1.9/java-grok-0.1.9.jar:/home/alex/.m2/repository/org/apache/calcite/calcite-core/1.27.0/calcite-core-1.27.0.jar:/home/alex/.m2/repository/org/apache/calcite/calcite-linq4j/1.27.0/calcite-linq4j-1.27.0.jar:/home/alex/.m2/repository/com/esri/geometry/esri-geometry-api/2.2.0/esri-geometry-api-2.2.0.jar:/home/alex/.m2/repository/org/apache/calcite/avatica/avatica-core/1.18.0/avatica-core-1.18.0.jar:/home/alex/.m2/repository/org/apache/calcite/avatica/avatica-metrics/1.18.0/avatica-metrics-1.18.0.jar:/home/alex/.m2/repository/com/google/protobuf/protobuf-java/3.6.1/protobuf-java-3.6.1.jar:/home/alex/.m2/repository/org/apiguardian/apiguardian-api/1.1.0/apiguardian-api-1.1.0.jar:/home/alex/.m2/repository/com/fasterxml/jackson/dataformat/jackson-dataformat-yaml/2.10.0/jackson-dataformat-yaml-2.10.0.jar:/home/alex/.m2/repository/org/yaml/snakeyaml/1.29/snakeyaml-1.29.jar:/home/alex/.m2/repository/com/google/uzaygezen/uzaygezen-core/0.2/uzaygezen-core-0.2.jar:/home/alex/.m2/repository/com/yahoo/datasketches/sketches-core/0.9.0/sketches-core-0.9.0.jar:/home/alex/.m2/repository/com/yahoo/datasketches/memory/0.9.0/memory-0.9.0.jar:/home/alex/.m2/repository/net/hydromatic/aggdesigner-algorithm/6.0/aggdesigner-algorithm-6.0.jar:/home/alex/.m2/repository/commons-lang/commons-lang/2.4/commons-lang-2.4.jar:/home/alex/.m2/repository/org/apache/commons/commons-dbcp2/2.6.0/commons-dbcp2-2.6.0.jar:/home/alex/.m2/repository/org/apache/commons/commons-pool2/2.6.1/commons-pool2-2.6.1.jar:/home/alex/.m2/repository/org/codehaus/janino/commons-compiler/3.0.11/commons-compiler-3.0.11.jar:/home/alex/.m2/repository/org/codehaus/janino/janino/3.0.11/janino-3.0.11.jar:/home/alex/Repositories/nifi/nifi-nar-bundles/nifi-standard-services/nifi-schema-registry-service-api/target/classes:/home/alex/Repositories/nifi/nifi-nar-bundles/nifi-extension-utils/nifi-database-utils/target/classes:/home/alex/Repositories/nifi/nifi-nar-bundles/nifi-standard-bundle/nifi-standard-web-test-utils/target/classes:/home/alex/.m2/repository/com/github/stefanbirkner/fake-sftp-server-rule/2.0.1/fake-sftp-server-rule-2.0.1.jar:/home/alex/.m2/repository/com/github/marschall/memoryfilesystem/2.8.0/memoryfilesystem-2.8.0.jar:/home/alex/.m2/repository/junit/junit/4.13.2/junit-4.13.2.jar:/home/alex/.m2/repository/org/hamcrest/hamcrest-core/1.3/hamcrest-core-1.3.jar:/home/alex/Repositories/nifi/nifi-nar-bundles/nifi-extension-utils/nifi-database-test-utils/target/classes:/home/alex/.m2/repository/org/codehaus/groovy/groovy-json/2.5.14/groovy-json-2.5.14.jar:/home/alex/.m2/repository/org/codehaus/groovy/groovy/2.5.14/groovy-2.5.14.jar:/home/alex/.m2/repository/org/codehaus/groovy/groovy-servlet/2.5.14/groovy-servlet-2.5.14.jar:/home/alex/.m2/repository/org/codehaus/groovy/groovy-templates/2.5.14/groovy-templates-2.5.14.jar:/home/alex/.m2/repository/org/codehaus/groovy/groovy-xml/2.5.14/groovy-xml-2.5.14.jar:/home/alex/.m2/repository/org/hamcrest/hamcrest-all/1.3/hamcrest-all-1.3.jar:/home/alex/.m2/repository/com/squareup/okhttp3/mockwebserver/4.9.2/mockwebserver-4.9.2.jar:/home/alex/.m2/repository/org/jetbrains/kotlin/kotlin-stdlib-jdk8/1.4.10/kotlin-stdlib-jdk8-1.4.10.jar:/home/alex/.m2/repository/org/jetbrains/kotlin/kotlin-stdlib-jdk7/1.4.10/kotlin-stdlib-jdk7-1.4.10.jar:/home/alex/.m2/repository/org/mockito/mockito-inline/3.12.4/mockito-inline-3.12.4.jar:/home/alex/.m2/repository/org/junit/jupiter/junit-jupiter-api/5.7.2/junit-jupiter-api-5.7.2.jar:/home/alex/.m2/repository/org/opentest4j/opentest4j/1.2.0/opentest4j-1.2.0.jar:/home/alex/.m2/repository/org/junit/platform/junit-platform-commons/1.7.2/junit-platform-commons-1.7.2.jar:/home/alex/.m2/repository/org/junit/jupiter/junit-jupiter-engine/5.7.2/junit-jupiter-engine-5.7.2.jar:/home/alex/.m2/repository/org/junit/platform/junit-platform-engine/1.7.2/junit-platform-engine-1.7.2.jar:/home/alex/.m2/repository/org/junit/vintage/junit-vintage-engine/5.7.2/junit-vintage-engine-5.7.2.jar:/home/alex/.m2/repository/org/junit/jupiter/junit-jupiter-params/5.7.2/junit-jupiter-params-5.7.2.jar:/home/alex/.m2/repository/org/mockito/mockito-core/3.11.2/mockito-core-3.11.2.jar:/home/alex/.m2/repository/net/bytebuddy/byte-buddy/1.11.3/byte-buddy-1.11.3.jar:/home/alex/.m2/repository/net/bytebuddy/byte-buddy-agent/1.11.3/byte-buddy-agent-1.11.3.jar:/home/alex/.m2/repository/org/objenesis/objenesis/3.2/objenesis-3.2.jar:/home/alex/.m2/repository/org/mockito/mockito-junit-jupiter/3.11.2/mockito-junit-jupiter-3.11.2.jar:/home/alex/.m2/repository/org/slf4j/slf4j-simple/1.7.32/slf4j-simple-1.7.32.jar:/home/alex/.m2/repository/org/codehaus/groovy/groovy-test/2.5.14/groovy-test-2.5.14.jar:"/>
    <property name="sun.cpu.endian" value="little"/>
    <property name="user.home" value="/home/alex"/>
    <property name="user.language" value="en"/>
    <property name="java.specification.vendor" value="Oracle Corporation"/>
    <property name="java.home" value="/usr/lib/jvm/java-8-openjdk-amd64/jre"/>
    <property name="basedir" value="/home/alex/Repositories/nifi/nifi-nar-bundles/nifi-standard-bundle/nifi-standard-processors"/>
    <property name="file.separator" value="/"/>
    <property name="line.separator" value="&#10;"/>
    <property name="java.vm.specification.vendor" value="Oracle Corporation"/>
    <property name="java.specification.name" value="Java Platform API Specification"/>
    <property name="derby.stream.error.file" value="target/derby.log"/>
    <property name="org.slf4j.simpleLogger.log.org.apache.nifi" value="TRACE"/>
    <property name="javax.xml.xpath.XPathFactory:http://saxon.sf.net/jaxp/xpath/om" value="net.sf.saxon.xpath.XPathFactoryImpl"/>
    <property name="java.awt.graphicsenv" value="sun.awt.X11GraphicsEnvironment"/>
    <property name="org.slf4j.simpleLogger.log.org.apache.nifi.processors.standard.SQLTransform" value="debug"/>
    <property name="java.awt.headless" value="true"/>
    <property name="org.slf4j.simpleLogger.log.nifi.processors.standard.ExecuteSQLRecord" value="debug"/>
    <property name="org.slf4j.simpleLogger.showDateTime" value="true"/>
    <property name="surefire.real.class.path" value="/home/alex/Repositories/nifi/nifi-nar-bundles/nifi-standard-bundle/nifi-standard-processors/target/surefire/surefirebooter5765390859711556220.jar"/>
    <property name="sun.boot.class.path" value="/usr/lib/jvm/java-8-openjdk-amd64/jre/lib/resources.jar:/usr/lib/jvm/java-8-openjdk-amd64/jre/lib/rt.jar:/usr/lib/jvm/java-8-openjdk-amd64/jre/lib/sunrsasign.jar:/usr/lib/jvm/java-8-openjdk-amd64/jre/lib/jsse.jar:/usr/lib/jvm/java-8-openjdk-amd64/jre/lib/jce.jar:/usr/lib/jvm/java-8-openjdk-amd64/jre/lib/charsets.jar:/usr/lib/jvm/java-8-openjdk-amd64/jre/lib/jfr.jar:/usr/lib/jvm/java-8-openjdk-amd64/jre/classes"/>
    <property name="sun.management.compiler" value="HotSpot 64-Bit Tiered Compilers"/>
    <property name="org.slf4j.simpleLogger.log.nifi.processors.standard.TestExecuteSQL" value="debug"/>
    <property name="java.runtime.version" value="1.8.0_402-8u402-ga-2ubuntu1~22.04-b06"/>
    <property name="java.net.preferIPv4Stack" value="true"/>
    <property name="user.name" value="alex"/>
    <property name="path.separator" value=":"/>
    <property name="os.version" value="6.5.0-28-generic"/>
    <property name="java.endorsed.dirs" value="/usr/lib/jvm/java-8-openjdk-amd64/jre/lib/endorsed"/>
    <property name="java.runtime.name" value="OpenJDK Runtime Environment"/>
    <property name="org.slf4j.simpleLogger.log.nifi.processors.standard.DistributeLoad" value="debug"/>
    <property name="file.encoding" value="UTF-8"/>
    <property name="org.slf4j.simpleLogger.log.org.apache.nifi.processors.standard" value="TRACE"/>
    <property name="org.slf4j.simpleLogger.log.nifi.processors.standard.ExecuteSQL" value="debug"/>
    <property name="sun.nio.ch.bugLevel" value=""/>
    <property name="java.vm.name" value="OpenJDK 64-Bit Server VM"/>
    <property name="localRepository" value="/home/alex/.m2/repository"/>
    <property name="java.vendor.url.bug" value="http://bugreport.sun.com/bugreport/"/>
    <property name="jetty.git.hash" value="8da83308eeca865e495e53ef315a249d63ba9332"/>
    <property name="java.io.tmpdir" value="/tmp"/>
    <property name="java.version" value="1.8.0_402"/>
    <property name="user.dir" value="/home/alex/Repositories/nifi/nifi-nar-bundles/nifi-standard-bundle/nifi-standard-processors"/>
    <property name="org.slf4j.simpleLogger.log.nifi.processors.standard.TestDetectDuplicate" value="debug"/>
    <property name="os.arch" value="amd64"/>
    <property name="java.vm.specification.name" value="Java Virtual Machine Specification"/>
    <property name="java.awt.printerjob" value="sun.print.PSPrinterJob"/>
    <property name="sun.os.patch.level" value="unknown"/>
    <property name="org.slf4j.simpleLogger.defaultLogLevel" value="info"/>
    <property name="java.library.path" value="/usr/java/packages/lib/amd64:/usr/lib/x86_64-linux-gnu/jni:/lib/x86_64-linux-gnu:/usr/lib/x86_64-linux-gnu:/usr/lib/jni:/lib:/usr/lib"/>
    <property name="java.vm.info" value="mixed mode"/>
    <property name="java.vendor" value="Private Build"/>
    <property name="java.vm.version" value="25.402-b06"/>
    <property name="org.slf4j.simpleLogger.log.nifi.processors.standard.DetectDuplicate" value="debug"/>
    <property name="java.specification.maintenance.version" value="5"/>
    <property name="java.ext.dirs" value="/usr/lib/jvm/java-8-openjdk-amd64/jre/lib/ext:/usr/java/packages/lib/ext"/>
    <property name="sun.io.unicode.encoding" value="UnicodeLittle"/>
    <property name="java.class.version" value="52.0"/>
  </properties>
  <testcase name="testMultipleFilesInSameDirectory" classname="org.apache.nifi.processors.standard.TestTailFile" time="0.121">
    <system-err><![CDATA[[pool-4389-thread-1] DEBUG org.apache.nifi.processors.standard.TailFile - TailFile[id=096632f1-58fc-4306-8d80-6ea1fe5597ef] Created FileChannel sun.nio.ch.FileChannelImpl@232eb6a for target/log.txt
[pool-4389-thread-1] DEBUG org.apache.nifi.processors.standard.TailFile - TailFile[id=096632f1-58fc-4306-8d80-6ea1fe5597ef] No data to consume; created no FlowFiles
[main] DEBUG org.apache.nifi.processors.standard.TailFile - TailFile[id=096632f1-58fc-4306-8d80-6ea1fe5597ef] Closed FileChannel sun.nio.ch.FileChannelImpl@232eb6a
[main] DEBUG org.apache.nifi.processors.standard.TailFile - TailFile[id=096632f1-58fc-4306-8d80-6ea1fe5597ef] When recovering state, checksum of tailed file matches the stored checksum. Will resume where left off.
[main] DEBUG org.apache.nifi.processors.standard.TailFile - TailFile[id=096632f1-58fc-4306-8d80-6ea1fe5597ef] Created FileChannel sun.nio.ch.FileChannelImpl@4a101de8 for target/log.txt in recoverState
[main] DEBUG org.apache.nifi.processors.standard.TailFile - TailFile[id=096632f1-58fc-4306-8d80-6ea1fe5597ef] Recovered state TailFileState[filename=target/log.txt, position=0, timestamp=0, checksum=0, tailingPostRollover=false]
[pool-4390-thread-1] DEBUG org.apache.nifi.processors.standard.TailFile - TailFile[id=096632f1-58fc-4306-8d80-6ea1fe5597ef] Closed FileChannel sun.nio.ch.FileChannelImpl@4a101de8
[pool-4390-thread-1] DEBUG org.apache.nifi.processors.standard.TailFile - TailFile[id=096632f1-58fc-4306-8d80-6ea1fe5597ef] Created FileChannel sun.nio.ch.FileChannelImpl@55016179 for target/logging.txt
[pool-4390-thread-1] DEBUG org.apache.nifi.processors.standard.TailFile - TailFile[id=096632f1-58fc-4306-8d80-6ea1fe5597ef] Reading lines starting at position 0
[pool-4390-thread-1] TRACE org.apache.nifi.processors.standard.TailFile - TailFile[id=096632f1-58fc-4306-8d80-6ea1fe5597ef] Checksum updated to 2413961882
[pool-4390-thread-1] DEBUG org.apache.nifi.processors.standard.TailFile - TailFile[id=096632f1-58fc-4306-8d80-6ea1fe5597ef] Created FlowFile[0,logging.0-4.txt,4B] and routed to success
[pool-4390-thread-1] DEBUG org.apache.nifi.processors.standard.TailFile - TailFile[id=096632f1-58fc-4306-8d80-6ea1fe5597ef] Recovering Rolled Off Files; total number of files rolled off = 0
[pool-4390-thread-1] DEBUG org.apache.nifi.processors.standard.TailFile - TailFile[id=096632f1-58fc-4306-8d80-6ea1fe5597ef] Created FileChannel sun.nio.ch.FileChannelImpl@7b3600a8 for target/log.txt
[pool-4390-thread-1] DEBUG org.apache.nifi.processors.standard.TailFile - TailFile[id=096632f1-58fc-4306-8d80-6ea1fe5597ef] Reading lines starting at position 0
[pool-4390-thread-1] TRACE org.apache.nifi.processors.standard.TailFile - TailFile[id=096632f1-58fc-4306-8d80-6ea1fe5597ef] Checksum updated to 909783072
[pool-4390-thread-1] DEBUG org.apache.nifi.processors.standard.TailFile - TailFile[id=096632f1-58fc-4306-8d80-6ea1fe5597ef] Created FlowFile[1,log.0-6.txt,6B] and routed to success
[main] DEBUG org.apache.nifi.processors.standard.TailFile - TailFile[id=096632f1-58fc-4306-8d80-6ea1fe5597ef] Closed FileChannel sun.nio.ch.FileChannelImpl@55016179
[main] DEBUG org.apache.nifi.processors.standard.TailFile - TailFile[id=096632f1-58fc-4306-8d80-6ea1fe5597ef] Closed FileChannel sun.nio.ch.FileChannelImpl@7b3600a8
[main] DEBUG org.apache.nifi.processors.standard.TailFile - TailFile[id=096632f1-58fc-4306-8d80-6ea1fe5597ef] When recovering state, checksum of tailed file matches the stored checksum. Will resume where left off.
[main] DEBUG org.apache.nifi.processors.standard.TailFile - TailFile[id=096632f1-58fc-4306-8d80-6ea1fe5597ef] Created FileChannel sun.nio.ch.FileChannelImpl@79ce3459 for target/logging.txt in recoverState
[main] DEBUG org.apache.nifi.processors.standard.TailFile - TailFile[id=096632f1-58fc-4306-8d80-6ea1fe5597ef] Recovered state TailFileState[filename=target/logging.txt, position=4, timestamp=1714615799630, checksum=2413961882, tailingPostRollover=false]
[main] DEBUG org.apache.nifi.processors.standard.TailFile - TailFile[id=096632f1-58fc-4306-8d80-6ea1fe5597ef] When recovering state, checksum of tailed file matches the stored checksum. Will resume where left off.
[main] DEBUG org.apache.nifi.processors.standard.TailFile - TailFile[id=096632f1-58fc-4306-8d80-6ea1fe5597ef] Created FileChannel sun.nio.ch.FileChannelImpl@6f7178f4 for target/log.txt in recoverState
[main] DEBUG org.apache.nifi.processors.standard.TailFile - TailFile[id=096632f1-58fc-4306-8d80-6ea1fe5597ef] Recovered state TailFileState[filename=target/log.txt, position=6, timestamp=1714615799630, checksum=909783072, tailingPostRollover=false]
[pool-4391-thread-1] DEBUG org.apache.nifi.processors.standard.TailFile - TailFile[id=096632f1-58fc-4306-8d80-6ea1fe5597ef] Recovering Rolled Off Files; total number of files rolled off = 0
[pool-4391-thread-1] DEBUG org.apache.nifi.processors.standard.TailFile - TailFile[id=096632f1-58fc-4306-8d80-6ea1fe5597ef] Reading lines starting at position 4
[pool-4391-thread-1] DEBUG org.apache.nifi.processors.standard.TailFile - TailFile[id=096632f1-58fc-4306-8d80-6ea1fe5597ef] Read 0 lines; repositioning reader from 8 to 4
[pool-4391-thread-1] DEBUG org.apache.nifi.processors.standard.TailFile - TailFile[id=096632f1-58fc-4306-8d80-6ea1fe5597ef] No data to consume; removed created FlowFile
[pool-4391-thread-1] DEBUG org.apache.nifi.processors.standard.TailFile - TailFile[id=096632f1-58fc-4306-8d80-6ea1fe5597ef] Recovering Rolled Off Files; total number of files rolled off = 0
[pool-4391-thread-1] DEBUG org.apache.nifi.processors.standard.TailFile - TailFile[id=096632f1-58fc-4306-8d80-6ea1fe5597ef] Reading lines starting at position 6
[pool-4391-thread-1] DEBUG org.apache.nifi.processors.standard.TailFile - TailFile[id=096632f1-58fc-4306-8d80-6ea1fe5597ef] Read 0 lines; repositioning reader from 11 to 6
[pool-4391-thread-1] DEBUG org.apache.nifi.processors.standard.TailFile - TailFile[id=096632f1-58fc-4306-8d80-6ea1fe5597ef] No data to consume; removed created FlowFile
[main] DEBUG org.apache.nifi.processors.standard.TailFile - TailFile[id=096632f1-58fc-4306-8d80-6ea1fe5597ef] Closed FileChannel sun.nio.ch.FileChannelImpl@79ce3459
[main] DEBUG org.apache.nifi.processors.standard.TailFile - TailFile[id=096632f1-58fc-4306-8d80-6ea1fe5597ef] Closed FileChannel sun.nio.ch.FileChannelImpl@6f7178f4
[main] DEBUG org.apache.nifi.processors.standard.TailFile - TailFile[id=096632f1-58fc-4306-8d80-6ea1fe5597ef] When recovering state, existing file to tail is only 2 bytes but position flag is 4; this indicates that the file has rotated. Will begin tailing current file from beginning.
[main] DEBUG org.apache.nifi.processors.standard.TailFile - TailFile[id=096632f1-58fc-4306-8d80-6ea1fe5597ef] Recovered state TailFileState[filename=target/logging.txt, position=4, timestamp=1714615799630, checksum=0, tailingPostRollover=false]
[main] DEBUG org.apache.nifi.processors.standard.TailFile - TailFile[id=096632f1-58fc-4306-8d80-6ea1fe5597ef] When recovering state, existing file to tail is only 2 bytes but position flag is 6; this indicates that the file has rotated. Will begin tailing current file from beginning.
[main] DEBUG org.apache.nifi.processors.standard.TailFile - TailFile[id=096632f1-58fc-4306-8d80-6ea1fe5597ef] Recovered state TailFileState[filename=target/log.txt, position=6, timestamp=1714615799630, checksum=0, tailingPostRollover=false]
[pool-4392-thread-1] DEBUG org.apache.nifi.processors.standard.TailFile - TailFile[id=096632f1-58fc-4306-8d80-6ea1fe5597ef] Recovering Rolled Off Files; total number of files rolled off = 1
[pool-4392-thread-1] DEBUG org.apache.nifi.processors.standard.TailFile - TailFile[id=096632f1-58fc-4306-8d80-6ea1fe5597ef] Checksum for target/logging.1 matched expected checksum. Will skip first 4 bytes
[pool-4392-thread-1] DEBUG org.apache.nifi.processors.standard.TailFile - TailFile[id=096632f1-58fc-4306-8d80-6ea1fe5597ef] Reading lines starting at position 4
[pool-4392-thread-1] TRACE org.apache.nifi.processors.standard.TailFile - TailFile[id=096632f1-58fc-4306-8d80-6ea1fe5597ef] Checksum updated to 0
[pool-4392-thread-1] TRACE org.apache.nifi.processors.standard.TailFile - TailFile[id=096632f1-58fc-4306-8d80-6ea1fe5597ef] Checksum updated to 3799930916
[pool-4392-thread-1] DEBUG org.apache.nifi.processors.standard.TailFile - TailFile[id=096632f1-58fc-4306-8d80-6ea1fe5597ef] Created FlowFile[4,logging.1,4B] from rolled over file target/logging.1 and routed to success
[pool-4392-thread-1] DEBUG org.apache.nifi.processors.standard.TailFile - TailFile[id=096632f1-58fc-4306-8d80-6ea1fe5597ef] Completed tailing of file target/logging.txt; will cleanup state
[pool-4392-thread-1] DEBUG org.apache.nifi.processors.standard.TailFile - TailFile[id=096632f1-58fc-4306-8d80-6ea1fe5597ef] Created FileChannel sun.nio.ch.FileChannelImpl@8af5e40 for target/logging.txt
[pool-4392-thread-1] DEBUG org.apache.nifi.processors.standard.TailFile - TailFile[id=096632f1-58fc-4306-8d80-6ea1fe5597ef] Closed FileChannel sun.nio.ch.FileChannelImpl@8af5e40
[pool-4392-thread-1] DEBUG org.apache.nifi.processors.standard.TailFile - TailFile[id=096632f1-58fc-4306-8d80-6ea1fe5597ef] Created FileChannel sun.nio.ch.FileChannelImpl@6207a71e for target/logging.txt
[pool-4392-thread-1] DEBUG org.apache.nifi.processors.standard.TailFile - TailFile[id=096632f1-58fc-4306-8d80-6ea1fe5597ef] Reading lines starting at position 0
[pool-4392-thread-1] TRACE org.apache.nifi.processors.standard.TailFile - TailFile[id=096632f1-58fc-4306-8d80-6ea1fe5597ef] Checksum updated to 1283239824
[pool-4392-thread-1] DEBUG org.apache.nifi.processors.standard.TailFile - TailFile[id=096632f1-58fc-4306-8d80-6ea1fe5597ef] Created FlowFile[5,logging.0-2.txt,2B] and routed to success
[pool-4392-thread-1] DEBUG org.apache.nifi.processors.standard.TailFile - TailFile[id=096632f1-58fc-4306-8d80-6ea1fe5597ef] Recovering Rolled Off Files; total number of files rolled off = 1
[pool-4392-thread-1] DEBUG org.apache.nifi.processors.standard.TailFile - TailFile[id=096632f1-58fc-4306-8d80-6ea1fe5597ef] Checksum for target/log.1 matched expected checksum. Will skip first 6 bytes
[pool-4392-thread-1] DEBUG org.apache.nifi.processors.standard.TailFile - TailFile[id=096632f1-58fc-4306-8d80-6ea1fe5597ef] Reading lines starting at position 6
[pool-4392-thread-1] TRACE org.apache.nifi.processors.standard.TailFile - TailFile[id=096632f1-58fc-4306-8d80-6ea1fe5597ef] Checksum updated to 0
[pool-4392-thread-1] TRACE org.apache.nifi.processors.standard.TailFile - TailFile[id=096632f1-58fc-4306-8d80-6ea1fe5597ef] Checksum updated to 980881731
[pool-4392-thread-1] DEBUG org.apache.nifi.processors.standard.TailFile - TailFile[id=096632f1-58fc-4306-8d80-6ea1fe5597ef] Created FlowFile[6,log.1,5B] from rolled over file target/log.1 and routed to success
[pool-4392-thread-1] DEBUG org.apache.nifi.processors.standard.TailFile - TailFile[id=096632f1-58fc-4306-8d80-6ea1fe5597ef] Completed tailing of file target/log.txt; will cleanup state
[pool-4392-thread-1] DEBUG org.apache.nifi.processors.standard.TailFile - TailFile[id=096632f1-58fc-4306-8d80-6ea1fe5597ef] Closed FileChannel sun.nio.ch.FileChannelImpl@6207a71e
[pool-4392-thread-1] DEBUG org.apache.nifi.processors.standard.TailFile - TailFile[id=096632f1-58fc-4306-8d80-6ea1fe5597ef] Created FileChannel sun.nio.ch.FileChannelImpl@6880a10f for target/log.txt
[pool-4392-thread-1] DEBUG org.apache.nifi.processors.standard.TailFile - TailFile[id=096632f1-58fc-4306-8d80-6ea1fe5597ef] Closed FileChannel sun.nio.ch.FileChannelImpl@6880a10f
[pool-4392-thread-1] DEBUG org.apache.nifi.processors.standard.TailFile - TailFile[id=096632f1-58fc-4306-8d80-6ea1fe5597ef] Created FileChannel sun.nio.ch.FileChannelImpl@37e0c456 for target/log.txt
[pool-4392-thread-1] DEBUG org.apache.nifi.processors.standard.TailFile - TailFile[id=096632f1-58fc-4306-8d80-6ea1fe5597ef] Reading lines starting at position 0
[pool-4392-thread-1] TRACE org.apache.nifi.processors.standard.TailFile - TailFile[id=096632f1-58fc-4306-8d80-6ea1fe5597ef] Checksum updated to 1733426259
[pool-4392-thread-1] DEBUG org.apache.nifi.processors.standard.TailFile - TailFile[id=096632f1-58fc-4306-8d80-6ea1fe5597ef] Created FlowFile[7,log.0-2.txt,2B] and routed to success
[main] DEBUG org.apache.nifi.processors.standard.TailFile - TailFile[id=096632f1-58fc-4306-8d80-6ea1fe5597ef] Closed FileChannel sun.nio.ch.FileChannelImpl@37e0c456
]]></system-err>
  </testcase>
  <testcase name="testRolloverWhenNoRollingPattern" classname="org.apache.nifi.processors.standard.TestTailFile" time="0.005">
    <system-err><![CDATA[[pool-4393-thread-1] DEBUG org.apache.nifi.processors.standard.TailFile - TailFile[id=a95eb239-7ff4-4c27-8200-15157a626909] Created FileChannel sun.nio.ch.FileChannelImpl@357c25cd for target/log.txt
[pool-4393-thread-1] DEBUG org.apache.nifi.processors.standard.TailFile - TailFile[id=a95eb239-7ff4-4c27-8200-15157a626909] Reading lines starting at position 0
[pool-4393-thread-1] TRACE org.apache.nifi.processors.standard.TailFile - TailFile[id=a95eb239-7ff4-4c27-8200-15157a626909] Checksum updated to 1506887054
[pool-4393-thread-1] DEBUG org.apache.nifi.processors.standard.TailFile - TailFile[id=a95eb239-7ff4-4c27-8200-15157a626909] Created FlowFile[0,log.0-12.txt,12B] and routed to success
[main] DEBUG org.apache.nifi.processors.standard.TailFile - TailFile[id=a95eb239-7ff4-4c27-8200-15157a626909] Closed FileChannel sun.nio.ch.FileChannelImpl@357c25cd
[main] DEBUG org.apache.nifi.processors.standard.TailFile - TailFile[id=a95eb239-7ff4-4c27-8200-15157a626909] When recovering state, existing file to tail is only 9 bytes but position flag is 12; this indicates that the file has rotated. Will begin tailing current file from beginning.
[main] DEBUG org.apache.nifi.processors.standard.TailFile - TailFile[id=a95eb239-7ff4-4c27-8200-15157a626909] Recovered state TailFileState[filename=target/log.txt, position=12, timestamp=1714615799742, checksum=0, tailingPostRollover=false]
[pool-4394-thread-1] DEBUG org.apache.nifi.processors.standard.TailFile - TailFile[id=a95eb239-7ff4-4c27-8200-15157a626909] Recovering Rolled Off Files; total number of files rolled off = 0
[pool-4394-thread-1] DEBUG org.apache.nifi.processors.standard.TailFile - TailFile[id=a95eb239-7ff4-4c27-8200-15157a626909] Created FileChannel sun.nio.ch.FileChannelImpl@109811a7 for target/log.txt
[pool-4394-thread-1] DEBUG org.apache.nifi.processors.standard.TailFile - TailFile[id=a95eb239-7ff4-4c27-8200-15157a626909] Rotated = true because TailFileState Length = 12, File Length = 9
[pool-4394-thread-1] DEBUG org.apache.nifi.processors.standard.TailFile - TailFile[id=a95eb239-7ff4-4c27-8200-15157a626909] Closed FileChannel sun.nio.ch.FileChannelImpl@109811a7
[pool-4394-thread-1] DEBUG org.apache.nifi.processors.standard.TailFile - TailFile[id=a95eb239-7ff4-4c27-8200-15157a626909] Created FileChannel sun.nio.ch.FileChannelImpl@14a7976c for target/log.txt
[pool-4394-thread-1] DEBUG org.apache.nifi.processors.standard.TailFile - TailFile[id=a95eb239-7ff4-4c27-8200-15157a626909] Reading lines starting at position 0
[pool-4394-thread-1] TRACE org.apache.nifi.processors.standard.TailFile - TailFile[id=a95eb239-7ff4-4c27-8200-15157a626909] Checksum updated to 755922184
[pool-4394-thread-1] DEBUG org.apache.nifi.processors.standard.TailFile - TailFile[id=a95eb239-7ff4-4c27-8200-15157a626909] Created FlowFile[1,log.0-9.txt,9B] and routed to success
[main] DEBUG org.apache.nifi.processors.standard.TailFile - TailFile[id=a95eb239-7ff4-4c27-8200-15157a626909] Closed FileChannel sun.nio.ch.FileChannelImpl@14a7976c
[main] DEBUG org.apache.nifi.processors.standard.TailFile - TailFile[id=a95eb239-7ff4-4c27-8200-15157a626909] When recovering state, checksum of tailed file does not match the stored checksum. Will begin tailing current file from beginning.
[main] DEBUG org.apache.nifi.processors.standard.TailFile - TailFile[id=a95eb239-7ff4-4c27-8200-15157a626909] Recovered state TailFileState[filename=target/log.txt, position=9, timestamp=1714615799746, checksum=4139105502, tailingPostRollover=false]
[pool-4395-thread-1] DEBUG org.apache.nifi.processors.standard.TailFile - TailFile[id=a95eb239-7ff4-4c27-8200-15157a626909] Recovering Rolled Off Files; total number of files rolled off = 0
[pool-4395-thread-1] DEBUG org.apache.nifi.processors.standard.TailFile - TailFile[id=a95eb239-7ff4-4c27-8200-15157a626909] Created FileChannel sun.nio.ch.FileChannelImpl@7588128 for target/log.txt
[pool-4395-thread-1] DEBUG org.apache.nifi.processors.standard.TailFile - TailFile[id=a95eb239-7ff4-4c27-8200-15157a626909] Reading lines starting at position 9
[pool-4395-thread-1] TRACE org.apache.nifi.processors.standard.TailFile - TailFile[id=a95eb239-7ff4-4c27-8200-15157a626909] Checksum updated to 423079842
[pool-4395-thread-1] DEBUG org.apache.nifi.processors.standard.TailFile - TailFile[id=a95eb239-7ff4-4c27-8200-15157a626909] Created FlowFile[2,log.9-42.txt,33B] and routed to success
[main] DEBUG org.apache.nifi.processors.standard.TailFile - TailFile[id=a95eb239-7ff4-4c27-8200-15157a626909] Closed FileChannel sun.nio.ch.FileChannelImpl@7588128
]]></system-err>
  </testcase>
  <testcase name="testMultiLineWaitsForRegexMatchShutdownBetweenReads" classname="org.apache.nifi.processors.standard.TestTailFile" time="0.024">
    <system-err><![CDATA[[pool-4396-thread-1] DEBUG org.apache.nifi.processors.standard.TailFile - TailFile[id=7c18a16b-66a5-42c5-925b-47561909cadb] Created FileChannel sun.nio.ch.FileChannelImpl@1f5dc876 for target/log.txt
[pool-4396-thread-1] DEBUG org.apache.nifi.processors.standard.TailFile - TailFile[id=7c18a16b-66a5-42c5-925b-47561909cadb] Reading lines starting at position 0
[pool-4396-thread-1] TRACE org.apache.nifi.processors.standard.TailFile - TailFile[id=7c18a16b-66a5-42c5-925b-47561909cadb] Checksum updated to 0
[pool-4396-thread-1] TRACE org.apache.nifi.processors.standard.TailFile - TailFile[id=7c18a16b-66a5-42c5-925b-47561909cadb] Checksum updated to 3759327841
[pool-4396-thread-1] DEBUG org.apache.nifi.processors.standard.TailFile - TailFile[id=7c18a16b-66a5-42c5-925b-47561909cadb] Created FlowFile[0,log.0-35.txt,16B] and routed to success
[pool-4396-thread-1] DEBUG org.apache.nifi.processors.standard.TailFile - TailFile[id=7c18a16b-66a5-42c5-925b-47561909cadb] Closed FileChannel sun.nio.ch.FileChannelImpl@1f5dc876
[main] DEBUG org.apache.nifi.processors.standard.TailFile - TailFile[id=7c18a16b-66a5-42c5-925b-47561909cadb] When recovering state, checksum of tailed file matches the stored checksum. Will resume where left off.
[main] DEBUG org.apache.nifi.processors.standard.TailFile - TailFile[id=7c18a16b-66a5-42c5-925b-47561909cadb] Created FileChannel sun.nio.ch.FileChannelImpl@64f47f4c for target/log.txt in recoverState
[main] DEBUG org.apache.nifi.processors.standard.TailFile - TailFile[id=7c18a16b-66a5-42c5-925b-47561909cadb] Recovered state TailFileState[filename=target/log.txt, position=16, timestamp=1714615799750, checksum=3759327841, tailingPostRollover=false]
[pool-4397-thread-1] DEBUG org.apache.nifi.processors.standard.TailFile - TailFile[id=7c18a16b-66a5-42c5-925b-47561909cadb] Recovering Rolled Off Files; total number of files rolled off = 0
[pool-4397-thread-1] DEBUG org.apache.nifi.processors.standard.TailFile - TailFile[id=7c18a16b-66a5-42c5-925b-47561909cadb] Reading lines starting at position 16
[pool-4397-thread-1] TRACE org.apache.nifi.processors.standard.TailFile - TailFile[id=7c18a16b-66a5-42c5-925b-47561909cadb] Checksum updated to 3759327841
[pool-4397-thread-1] TRACE org.apache.nifi.processors.standard.TailFile - TailFile[id=7c18a16b-66a5-42c5-925b-47561909cadb] Checksum updated to 1420984167
[pool-4397-thread-1] DEBUG org.apache.nifi.processors.standard.TailFile - TailFile[id=7c18a16b-66a5-42c5-925b-47561909cadb] Created FlowFile[1,log.16-58.txt,19B] and routed to success
[pool-4397-thread-1] DEBUG org.apache.nifi.processors.standard.TailFile - TailFile[id=7c18a16b-66a5-42c5-925b-47561909cadb] Closed FileChannel sun.nio.ch.FileChannelImpl@64f47f4c
[main] INFO org.apache.nifi.processors.standard.TestTailFile - i = 0
[main] DEBUG org.apache.nifi.processors.standard.TailFile - TailFile[id=7c18a16b-66a5-42c5-925b-47561909cadb] When recovering state, checksum of tailed file matches the stored checksum. Will resume where left off.
[main] DEBUG org.apache.nifi.processors.standard.TailFile - TailFile[id=7c18a16b-66a5-42c5-925b-47561909cadb] Created FileChannel sun.nio.ch.FileChannelImpl@6fdd971b for target/log.txt in recoverState
[main] DEBUG org.apache.nifi.processors.standard.TailFile - TailFile[id=7c18a16b-66a5-42c5-925b-47561909cadb] Recovered state TailFileState[filename=target/log.txt, position=35, timestamp=1714615799750, checksum=1420984167, tailingPostRollover=false]
[pool-4398-thread-1] DEBUG org.apache.nifi.processors.standard.TailFile - TailFile[id=7c18a16b-66a5-42c5-925b-47561909cadb] Recovering Rolled Off Files; total number of files rolled off = 0
[pool-4398-thread-1] DEBUG org.apache.nifi.processors.standard.TailFile - TailFile[id=7c18a16b-66a5-42c5-925b-47561909cadb] Reading lines starting at position 35
[pool-4398-thread-1] TRACE org.apache.nifi.processors.standard.TailFile - TailFile[id=7c18a16b-66a5-42c5-925b-47561909cadb] Checksum updated to 1420984167
[pool-4398-thread-1] DEBUG org.apache.nifi.processors.standard.TailFile - TailFile[id=7c18a16b-66a5-42c5-925b-47561909cadb] No data to consume; removed created FlowFile
[pool-4398-thread-1] DEBUG org.apache.nifi.processors.standard.TailFile - TailFile[id=7c18a16b-66a5-42c5-925b-47561909cadb] Closed FileChannel sun.nio.ch.FileChannelImpl@6fdd971b
[main] INFO org.apache.nifi.processors.standard.TestTailFile - i = 1
[main] DEBUG org.apache.nifi.processors.standard.TailFile - TailFile[id=7c18a16b-66a5-42c5-925b-47561909cadb] When recovering state, checksum of tailed file matches the stored checksum. Will resume where left off.
[main] DEBUG org.apache.nifi.processors.standard.TailFile - TailFile[id=7c18a16b-66a5-42c5-925b-47561909cadb] Created FileChannel sun.nio.ch.FileChannelImpl@28422de6 for target/log.txt in recoverState
[main] DEBUG org.apache.nifi.processors.standard.TailFile - TailFile[id=7c18a16b-66a5-42c5-925b-47561909cadb] Recovered state TailFileState[filename=target/log.txt, position=35, timestamp=1714615799750, checksum=1420984167, tailingPostRollover=false]
[pool-4399-thread-1] DEBUG org.apache.nifi.processors.standard.TailFile - TailFile[id=7c18a16b-66a5-42c5-925b-47561909cadb] Recovering Rolled Off Files; total number of files rolled off = 0
[pool-4399-thread-1] DEBUG org.apache.nifi.processors.standard.TailFile - TailFile[id=7c18a16b-66a5-42c5-925b-47561909cadb] Reading lines starting at position 35
[pool-4399-thread-1] TRACE org.apache.nifi.processors.standard.TailFile - TailFile[id=7c18a16b-66a5-42c5-925b-47561909cadb] Checksum updated to 1420984167
[pool-4399-thread-1] DEBUG org.apache.nifi.processors.standard.TailFile - TailFile[id=7c18a16b-66a5-42c5-925b-47561909cadb] No data to consume; removed created FlowFile
[pool-4399-thread-1] DEBUG org.apache.nifi.processors.standard.TailFile - TailFile[id=7c18a16b-66a5-42c5-925b-47561909cadb] Closed FileChannel sun.nio.ch.FileChannelImpl@28422de6
[main] INFO org.apache.nifi.processors.standard.TestTailFile - i = 2
[main] DEBUG org.apache.nifi.processors.standard.TailFile - TailFile[id=7c18a16b-66a5-42c5-925b-47561909cadb] When recovering state, checksum of tailed file matches the stored checksum. Will resume where left off.
[main] DEBUG org.apache.nifi.processors.standard.TailFile - TailFile[id=7c18a16b-66a5-42c5-925b-47561909cadb] Created FileChannel sun.nio.ch.FileChannelImpl@4b914b08 for target/log.txt in recoverState
[main] DEBUG org.apache.nifi.processors.standard.TailFile - TailFile[id=7c18a16b-66a5-42c5-925b-47561909cadb] Recovered state TailFileState[filename=target/log.txt, position=35, timestamp=1714615799754, checksum=1420984167, tailingPostRollover=false]
[pool-4400-thread-1] DEBUG org.apache.nifi.processors.standard.TailFile - TailFile[id=7c18a16b-66a5-42c5-925b-47561909cadb] Recovering Rolled Off Files; total number of files rolled off = 0
[pool-4400-thread-1] DEBUG org.apache.nifi.processors.standard.TailFile - TailFile[id=7c18a16b-66a5-42c5-925b-47561909cadb] Reading lines starting at position 35
[pool-4400-thread-1] TRACE org.apache.nifi.processors.standard.TailFile - TailFile[id=7c18a16b-66a5-42c5-925b-47561909cadb] Checksum updated to 1420984167
[pool-4400-thread-1] DEBUG org.apache.nifi.processors.standard.TailFile - TailFile[id=7c18a16b-66a5-42c5-925b-47561909cadb] No data to consume; removed created FlowFile
[pool-4400-thread-1] DEBUG org.apache.nifi.processors.standard.TailFile - TailFile[id=7c18a16b-66a5-42c5-925b-47561909cadb] Closed FileChannel sun.nio.ch.FileChannelImpl@4b914b08
[main] INFO org.apache.nifi.processors.standard.TestTailFile - i = 3
[main] DEBUG org.apache.nifi.processors.standard.TailFile - TailFile[id=7c18a16b-66a5-42c5-925b-47561909cadb] When recovering state, checksum of tailed file matches the stored checksum. Will resume where left off.
[main] DEBUG org.apache.nifi.processors.standard.TailFile - TailFile[id=7c18a16b-66a5-42c5-925b-47561909cadb] Created FileChannel sun.nio.ch.FileChannelImpl@44b2ed70 for target/log.txt in recoverState
[main] DEBUG org.apache.nifi.processors.standard.TailFile - TailFile[id=7c18a16b-66a5-42c5-925b-47561909cadb] Recovered state TailFileState[filename=target/log.txt, position=35, timestamp=1714615799754, checksum=1420984167, tailingPostRollover=false]
[pool-4401-thread-1] DEBUG org.apache.nifi.processors.standard.TailFile - TailFile[id=7c18a16b-66a5-42c5-925b-47561909cadb] Recovering Rolled Off Files; total number of files rolled off = 0
[pool-4401-thread-1] DEBUG org.apache.nifi.processors.standard.TailFile - TailFile[id=7c18a16b-66a5-42c5-925b-47561909cadb] Reading lines starting at position 35
[pool-4401-thread-1] TRACE org.apache.nifi.processors.standard.TailFile - TailFile[id=7c18a16b-66a5-42c5-925b-47561909cadb] Checksum updated to 1420984167
[pool-4401-thread-1] DEBUG org.apache.nifi.processors.standard.TailFile - TailFile[id=7c18a16b-66a5-42c5-925b-47561909cadb] No data to consume; removed created FlowFile
[pool-4401-thread-1] DEBUG org.apache.nifi.processors.standard.TailFile - TailFile[id=7c18a16b-66a5-42c5-925b-47561909cadb] Closed FileChannel sun.nio.ch.FileChannelImpl@44b2ed70
[main] INFO org.apache.nifi.processors.standard.TestTailFile - i = 4
[main] DEBUG org.apache.nifi.processors.standard.TailFile - TailFile[id=7c18a16b-66a5-42c5-925b-47561909cadb] When recovering state, checksum of tailed file matches the stored checksum. Will resume where left off.
[main] DEBUG org.apache.nifi.processors.standard.TailFile - TailFile[id=7c18a16b-66a5-42c5-925b-47561909cadb] Created FileChannel sun.nio.ch.FileChannelImpl@767c7cb1 for target/log.txt in recoverState
[main] DEBUG org.apache.nifi.processors.standard.TailFile - TailFile[id=7c18a16b-66a5-42c5-925b-47561909cadb] Recovered state TailFileState[filename=target/log.txt, position=35, timestamp=1714615799758, checksum=1420984167, tailingPostRollover=false]
[pool-4402-thread-1] DEBUG org.apache.nifi.processors.standard.TailFile - TailFile[id=7c18a16b-66a5-42c5-925b-47561909cadb] Recovering Rolled Off Files; total number of files rolled off = 0
[pool-4402-thread-1] DEBUG org.apache.nifi.processors.standard.TailFile - TailFile[id=7c18a16b-66a5-42c5-925b-47561909cadb] Reading lines starting at position 35
[pool-4402-thread-1] TRACE org.apache.nifi.processors.standard.TailFile - TailFile[id=7c18a16b-66a5-42c5-925b-47561909cadb] Checksum updated to 1420984167
[pool-4402-thread-1] DEBUG org.apache.nifi.processors.standard.TailFile - TailFile[id=7c18a16b-66a5-42c5-925b-47561909cadb] No data to consume; removed created FlowFile
[pool-4402-thread-1] DEBUG org.apache.nifi.processors.standard.TailFile - TailFile[id=7c18a16b-66a5-42c5-925b-47561909cadb] Closed FileChannel sun.nio.ch.FileChannelImpl@767c7cb1
[main] INFO org.apache.nifi.processors.standard.TestTailFile - i = 5
[main] DEBUG org.apache.nifi.processors.standard.TailFile - TailFile[id=7c18a16b-66a5-42c5-925b-47561909cadb] When recovering state, checksum of tailed file matches the stored checksum. Will resume where left off.
[main] DEBUG org.apache.nifi.processors.standard.TailFile - TailFile[id=7c18a16b-66a5-42c5-925b-47561909cadb] Created FileChannel sun.nio.ch.FileChannelImpl@6e8a5cc6 for target/log.txt in recoverState
[main] DEBUG org.apache.nifi.processors.standard.TailFile - TailFile[id=7c18a16b-66a5-42c5-925b-47561909cadb] Recovered state TailFileState[filename=target/log.txt, position=35, timestamp=1714615799758, checksum=1420984167, tailingPostRollover=false]
[pool-4403-thread-1] DEBUG org.apache.nifi.processors.standard.TailFile - TailFile[id=7c18a16b-66a5-42c5-925b-47561909cadb] Recovering Rolled Off Files; total number of files rolled off = 0
[pool-4403-thread-1] DEBUG org.apache.nifi.processors.standard.TailFile - TailFile[id=7c18a16b-66a5-42c5-925b-47561909cadb] Reading lines starting at position 35
[pool-4403-thread-1] TRACE org.apache.nifi.processors.standard.TailFile - TailFile[id=7c18a16b-66a5-42c5-925b-47561909cadb] Checksum updated to 1420984167
[pool-4403-thread-1] DEBUG org.apache.nifi.processors.standard.TailFile - TailFile[id=7c18a16b-66a5-42c5-925b-47561909cadb] No data to consume; removed created FlowFile
[pool-4403-thread-1] DEBUG org.apache.nifi.processors.standard.TailFile - TailFile[id=7c18a16b-66a5-42c5-925b-47561909cadb] Closed FileChannel sun.nio.ch.FileChannelImpl@6e8a5cc6
[main] INFO org.apache.nifi.processors.standard.TestTailFile - i = 6
[main] DEBUG org.apache.nifi.processors.standard.TailFile - TailFile[id=7c18a16b-66a5-42c5-925b-47561909cadb] When recovering state, checksum of tailed file matches the stored checksum. Will resume where left off.
[main] DEBUG org.apache.nifi.processors.standard.TailFile - TailFile[id=7c18a16b-66a5-42c5-925b-47561909cadb] Created FileChannel sun.nio.ch.FileChannelImpl@53e39cbb for target/log.txt in recoverState
[main] DEBUG org.apache.nifi.processors.standard.TailFile - TailFile[id=7c18a16b-66a5-42c5-925b-47561909cadb] Recovered state TailFileState[filename=target/log.txt, position=35, timestamp=1714615799758, checksum=1420984167, tailingPostRollover=false]
[pool-4404-thread-1] DEBUG org.apache.nifi.processors.standard.TailFile - TailFile[id=7c18a16b-66a5-42c5-925b-47561909cadb] Recovering Rolled Off Files; total number of files rolled off = 0
[pool-4404-thread-1] DEBUG org.apache.nifi.processors.standard.TailFile - TailFile[id=7c18a16b-66a5-42c5-925b-47561909cadb] Reading lines starting at position 35
[pool-4404-thread-1] TRACE org.apache.nifi.processors.standard.TailFile - TailFile[id=7c18a16b-66a5-42c5-925b-47561909cadb] Checksum updated to 1420984167
[pool-4404-thread-1] DEBUG org.apache.nifi.processors.standard.TailFile - TailFile[id=7c18a16b-66a5-42c5-925b-47561909cadb] No data to consume; removed created FlowFile
[pool-4404-thread-1] DEBUG org.apache.nifi.processors.standard.TailFile - TailFile[id=7c18a16b-66a5-42c5-925b-47561909cadb] Closed FileChannel sun.nio.ch.FileChannelImpl@53e39cbb
[main] INFO org.apache.nifi.processors.standard.TestTailFile - i = 7
[main] DEBUG org.apache.nifi.processors.standard.TailFile - TailFile[id=7c18a16b-66a5-42c5-925b-47561909cadb] When recovering state, checksum of tailed file matches the stored checksum. Will resume where left off.
[main] DEBUG org.apache.nifi.processors.standard.TailFile - TailFile[id=7c18a16b-66a5-42c5-925b-47561909cadb] Created FileChannel sun.nio.ch.FileChannelImpl@5696ae20 for target/log.txt in recoverState
[main] DEBUG org.apache.nifi.processors.standard.TailFile - TailFile[id=7c18a16b-66a5-42c5-925b-47561909cadb] Recovered state TailFileState[filename=target/log.txt, position=35, timestamp=1714615799762, checksum=1420984167, tailingPostRollover=false]
[pool-4405-thread-1] DEBUG org.apache.nifi.processors.standard.TailFile - TailFile[id=7c18a16b-66a5-42c5-925b-47561909cadb] Recovering Rolled Off Files; total number of files rolled off = 0
[pool-4405-thread-1] DEBUG org.apache.nifi.processors.standard.TailFile - TailFile[id=7c18a16b-66a5-42c5-925b-47561909cadb] Reading lines starting at position 35
[pool-4405-thread-1] TRACE org.apache.nifi.processors.standard.TailFile - TailFile[id=7c18a16b-66a5-42c5-925b-47561909cadb] Checksum updated to 1420984167
[pool-4405-thread-1] DEBUG org.apache.nifi.processors.standard.TailFile - TailFile[id=7c18a16b-66a5-42c5-925b-47561909cadb] No data to consume; removed created FlowFile
[pool-4405-thread-1] DEBUG org.apache.nifi.processors.standard.TailFile - TailFile[id=7c18a16b-66a5-42c5-925b-47561909cadb] Closed FileChannel sun.nio.ch.FileChannelImpl@5696ae20
[main] INFO org.apache.nifi.processors.standard.TestTailFile - i = 8
[main] DEBUG org.apache.nifi.processors.standard.TailFile - TailFile[id=7c18a16b-66a5-42c5-925b-47561909cadb] When recovering state, checksum of tailed file matches the stored checksum. Will resume where left off.
[main] DEBUG org.apache.nifi.processors.standard.TailFile - TailFile[id=7c18a16b-66a5-42c5-925b-47561909cadb] Created FileChannel sun.nio.ch.FileChannelImpl@fde1f0 for target/log.txt in recoverState
[main] DEBUG org.apache.nifi.processors.standard.TailFile - TailFile[id=7c18a16b-66a5-42c5-925b-47561909cadb] Recovered state TailFileState[filename=target/log.txt, position=35, timestamp=1714615799762, checksum=1420984167, tailingPostRollover=false]
[pool-4406-thread-1] DEBUG org.apache.nifi.processors.standard.TailFile - TailFile[id=7c18a16b-66a5-42c5-925b-47561909cadb] Recovering Rolled Off Files; total number of files rolled off = 0
[pool-4406-thread-1] DEBUG org.apache.nifi.processors.standard.TailFile - TailFile[id=7c18a16b-66a5-42c5-925b-47561909cadb] Reading lines starting at position 35
[pool-4406-thread-1] TRACE org.apache.nifi.processors.standard.TailFile - TailFile[id=7c18a16b-66a5-42c5-925b-47561909cadb] Checksum updated to 1420984167
[pool-4406-thread-1] DEBUG org.apache.nifi.processors.standard.TailFile - TailFile[id=7c18a16b-66a5-42c5-925b-47561909cadb] No data to consume; removed created FlowFile
[pool-4406-thread-1] DEBUG org.apache.nifi.processors.standard.TailFile - TailFile[id=7c18a16b-66a5-42c5-925b-47561909cadb] Closed FileChannel sun.nio.ch.FileChannelImpl@fde1f0
[main] INFO org.apache.nifi.processors.standard.TestTailFile - i = 9
[main] DEBUG org.apache.nifi.processors.standard.TailFile - TailFile[id=7c18a16b-66a5-42c5-925b-47561909cadb] When recovering state, checksum of tailed file matches the stored checksum. Will resume where left off.
[main] DEBUG org.apache.nifi.processors.standard.TailFile - TailFile[id=7c18a16b-66a5-42c5-925b-47561909cadb] Created FileChannel sun.nio.ch.FileChannelImpl@53f5b0d for target/log.txt in recoverState
[main] DEBUG org.apache.nifi.processors.standard.TailFile - TailFile[id=7c18a16b-66a5-42c5-925b-47561909cadb] Recovered state TailFileState[filename=target/log.txt, position=35, timestamp=1714615799766, checksum=1420984167, tailingPostRollover=false]
[pool-4407-thread-1] DEBUG org.apache.nifi.processors.standard.TailFile - TailFile[id=7c18a16b-66a5-42c5-925b-47561909cadb] Recovering Rolled Off Files; total number of files rolled off = 0
[pool-4407-thread-1] DEBUG org.apache.nifi.processors.standard.TailFile - TailFile[id=7c18a16b-66a5-42c5-925b-47561909cadb] Reading lines starting at position 35
[pool-4407-thread-1] TRACE org.apache.nifi.processors.standard.TailFile - TailFile[id=7c18a16b-66a5-42c5-925b-47561909cadb] Checksum updated to 1420984167
[pool-4407-thread-1] DEBUG org.apache.nifi.processors.standard.TailFile - TailFile[id=7c18a16b-66a5-42c5-925b-47561909cadb] No data to consume; removed created FlowFile
[pool-4407-thread-1] DEBUG org.apache.nifi.processors.standard.TailFile - TailFile[id=7c18a16b-66a5-42c5-925b-47561909cadb] Closed FileChannel sun.nio.ch.FileChannelImpl@53f5b0d
[main] DEBUG org.apache.nifi.processors.standard.TailFile - TailFile[id=7c18a16b-66a5-42c5-925b-47561909cadb] When recovering state, checksum of tailed file matches the stored checksum. Will resume where left off.
[main] DEBUG org.apache.nifi.processors.standard.TailFile - TailFile[id=7c18a16b-66a5-42c5-925b-47561909cadb] Created FileChannel sun.nio.ch.FileChannelImpl@659b2dd8 for target/log.txt in recoverState
[main] DEBUG org.apache.nifi.processors.standard.TailFile - TailFile[id=7c18a16b-66a5-42c5-925b-47561909cadb] Recovered state TailFileState[filename=target/log.txt, position=35, timestamp=1714615799766, checksum=1420984167, tailingPostRollover=false]
[pool-4408-thread-1] DEBUG org.apache.nifi.processors.standard.TailFile - TailFile[id=7c18a16b-66a5-42c5-925b-47561909cadb] Recovering Rolled Off Files; total number of files rolled off = 0
[pool-4408-thread-1] DEBUG org.apache.nifi.processors.standard.TailFile - TailFile[id=7c18a16b-66a5-42c5-925b-47561909cadb] Reading lines starting at position 35
[pool-4408-thread-1] TRACE org.apache.nifi.processors.standard.TailFile - TailFile[id=7c18a16b-66a5-42c5-925b-47561909cadb] Checksum updated to 1420984167
[pool-4408-thread-1] TRACE org.apache.nifi.processors.standard.TailFile - TailFile[id=7c18a16b-66a5-42c5-925b-47561909cadb] Checksum updated to 309541038
[pool-4408-thread-1] DEBUG org.apache.nifi.processors.standard.TailFile - TailFile[id=7c18a16b-66a5-42c5-925b-47561909cadb] Created FlowFile[12,log.35-90.txt,43B] and routed to success
[pool-4408-thread-1] DEBUG org.apache.nifi.processors.standard.TailFile - TailFile[id=7c18a16b-66a5-42c5-925b-47561909cadb] Closed FileChannel sun.nio.ch.FileChannelImpl@659b2dd8
[main] DEBUG org.apache.nifi.processors.standard.TailFile - TailFile[id=7c18a16b-66a5-42c5-925b-47561909cadb] When recovering state, existing file to tail is only 0 bytes but position flag is 78; this indicates that the file has rotated. Will begin tailing current file from beginning.
[main] DEBUG org.apache.nifi.processors.standard.TailFile - TailFile[id=7c18a16b-66a5-42c5-925b-47561909cadb] Recovered state TailFileState[filename=target/log.txt, position=78, timestamp=1714615799770, checksum=0, tailingPostRollover=false]
[pool-4409-thread-1] DEBUG org.apache.nifi.processors.standard.TailFile - TailFile[id=7c18a16b-66a5-42c5-925b-47561909cadb] Recovering Rolled Off Files; total number of files rolled off = 1
[pool-4409-thread-1] DEBUG org.apache.nifi.processors.standard.TailFile - TailFile[id=7c18a16b-66a5-42c5-925b-47561909cadb] Checksum for target/log.1 matched expected checksum. Will skip first 78 bytes
[pool-4409-thread-1] DEBUG org.apache.nifi.processors.standard.TailFile - TailFile[id=7c18a16b-66a5-42c5-925b-47561909cadb] Reading lines starting at position 78
[pool-4409-thread-1] TRACE org.apache.nifi.processors.standard.TailFile - TailFile[id=7c18a16b-66a5-42c5-925b-47561909cadb] Checksum updated to 0
[pool-4409-thread-1] TRACE org.apache.nifi.processors.standard.TailFile - TailFile[id=7c18a16b-66a5-42c5-925b-47561909cadb] Checksum updated to 1426789649
[pool-4409-thread-1] DEBUG org.apache.nifi.processors.standard.TailFile - TailFile[id=7c18a16b-66a5-42c5-925b-47561909cadb] Created FlowFile[13,log.1,12B] from rolled over file target/log.1 and routed to success
[pool-4409-thread-1] DEBUG org.apache.nifi.processors.standard.TailFile - TailFile[id=7c18a16b-66a5-42c5-925b-47561909cadb] Completed tailing of file target/log.txt; will cleanup state
[pool-4409-thread-1] DEBUG org.apache.nifi.processors.standard.TailFile - TailFile[id=7c18a16b-66a5-42c5-925b-47561909cadb] Created FileChannel sun.nio.ch.FileChannelImpl@cf8c87c for target/log.txt
[pool-4409-thread-1] DEBUG org.apache.nifi.processors.standard.TailFile - TailFile[id=7c18a16b-66a5-42c5-925b-47561909cadb] Closed FileChannel sun.nio.ch.FileChannelImpl@cf8c87c
[pool-4409-thread-1] DEBUG org.apache.nifi.processors.standard.TailFile - TailFile[id=7c18a16b-66a5-42c5-925b-47561909cadb] Created FileChannel sun.nio.ch.FileChannelImpl@8c74d3b for target/log.txt
[pool-4409-thread-1] DEBUG org.apache.nifi.processors.standard.TailFile - TailFile[id=7c18a16b-66a5-42c5-925b-47561909cadb] No data to consume; created no FlowFiles
[main] DEBUG org.apache.nifi.processors.standard.TailFile - TailFile[id=7c18a16b-66a5-42c5-925b-47561909cadb] Closed FileChannel sun.nio.ch.FileChannelImpl@8c74d3b
]]></system-err>
  </testcase>
  <testcase name="testRolloverAfterHavingReadAllData" classname="org.apache.nifi.processors.standard.TestTailFile" time="1.006">
    <system-err><![CDATA[[pool-4410-thread-1] DEBUG org.apache.nifi.processors.standard.TailFile - TailFile[id=108a7d66-9ee3-4d2f-9425-57d2147f57d2] Created FileChannel sun.nio.ch.FileChannelImpl@611787dd for target/log.txt
[pool-4410-thread-1] DEBUG org.apache.nifi.processors.standard.TailFile - TailFile[id=108a7d66-9ee3-4d2f-9425-57d2147f57d2] No data to consume; created no FlowFiles
[pool-4411-thread-1] DEBUG org.apache.nifi.processors.standard.TailFile - TailFile[id=108a7d66-9ee3-4d2f-9425-57d2147f57d2] Recovering Rolled Off Files; total number of files rolled off = 0
[pool-4411-thread-1] DEBUG org.apache.nifi.processors.standard.TailFile - TailFile[id=108a7d66-9ee3-4d2f-9425-57d2147f57d2] Reading lines starting at position 0
[pool-4411-thread-1] TRACE org.apache.nifi.processors.standard.TailFile - TailFile[id=108a7d66-9ee3-4d2f-9425-57d2147f57d2] Checksum updated to 909783072
[pool-4411-thread-1] DEBUG org.apache.nifi.processors.standard.TailFile - TailFile[id=108a7d66-9ee3-4d2f-9425-57d2147f57d2] Created FlowFile[0,log.0-6.txt,6B] and routed to success
[main] DEBUG org.apache.nifi.processors.standard.TailFile - TailFile[id=108a7d66-9ee3-4d2f-9425-57d2147f57d2] Closed FileChannel sun.nio.ch.FileChannelImpl@611787dd
[main] DEBUG org.apache.nifi.processors.standard.TailFile - TailFile[id=108a7d66-9ee3-4d2f-9425-57d2147f57d2] When recovering state, checksum of tailed file matches the stored checksum. Will resume where left off.
[main] DEBUG org.apache.nifi.processors.standard.TailFile - TailFile[id=108a7d66-9ee3-4d2f-9425-57d2147f57d2] Created FileChannel sun.nio.ch.FileChannelImpl@1e27add9 for target/log.txt in recoverState
[main] DEBUG org.apache.nifi.processors.standard.TailFile - TailFile[id=108a7d66-9ee3-4d2f-9425-57d2147f57d2] Recovered state TailFileState[filename=target/log.txt, position=6, timestamp=1714615799774, checksum=909783072, tailingPostRollover=false]
[pool-4412-thread-1] DEBUG org.apache.nifi.processors.standard.TailFile - TailFile[id=108a7d66-9ee3-4d2f-9425-57d2147f57d2] Recovering Rolled Off Files; total number of files rolled off = 0
[pool-4412-thread-1] DEBUG org.apache.nifi.processors.standard.TailFile - TailFile[id=108a7d66-9ee3-4d2f-9425-57d2147f57d2] Reading lines starting at position 6
[pool-4412-thread-1] DEBUG org.apache.nifi.processors.standard.TailFile - TailFile[id=108a7d66-9ee3-4d2f-9425-57d2147f57d2] Read 0 lines; repositioning reader from 11 to 6
[pool-4412-thread-1] DEBUG org.apache.nifi.processors.standard.TailFile - TailFile[id=108a7d66-9ee3-4d2f-9425-57d2147f57d2] No data to consume; removed created FlowFile
[main] DEBUG org.apache.nifi.processors.standard.TailFile - TailFile[id=108a7d66-9ee3-4d2f-9425-57d2147f57d2] Closed FileChannel sun.nio.ch.FileChannelImpl@1e27add9
[main] DEBUG org.apache.nifi.processors.standard.TailFile - TailFile[id=108a7d66-9ee3-4d2f-9425-57d2147f57d2] When recovering state, existing file to tail is only 2 bytes but position flag is 6; this indicates that the file has rotated. Will begin tailing current file from beginning.
[main] DEBUG org.apache.nifi.processors.standard.TailFile - TailFile[id=108a7d66-9ee3-4d2f-9425-57d2147f57d2] Recovered state TailFileState[filename=target/log.txt, position=6, timestamp=1714615799774, checksum=0, tailingPostRollover=false]
[pool-4413-thread-1] DEBUG org.apache.nifi.processors.standard.TailFile - TailFile[id=108a7d66-9ee3-4d2f-9425-57d2147f57d2] Recovering Rolled Off Files; total number of files rolled off = 1
[pool-4413-thread-1] DEBUG org.apache.nifi.processors.standard.TailFile - TailFile[id=108a7d66-9ee3-4d2f-9425-57d2147f57d2] Checksum for target/log.1 matched expected checksum. Will skip first 6 bytes
[pool-4413-thread-1] DEBUG org.apache.nifi.processors.standard.TailFile - TailFile[id=108a7d66-9ee3-4d2f-9425-57d2147f57d2] Reading lines starting at position 6
[pool-4413-thread-1] TRACE org.apache.nifi.processors.standard.TailFile - TailFile[id=108a7d66-9ee3-4d2f-9425-57d2147f57d2] Checksum updated to 0
[pool-4413-thread-1] TRACE org.apache.nifi.processors.standard.TailFile - TailFile[id=108a7d66-9ee3-4d2f-9425-57d2147f57d2] Checksum updated to 980881731
[pool-4413-thread-1] DEBUG org.apache.nifi.processors.standard.TailFile - TailFile[id=108a7d66-9ee3-4d2f-9425-57d2147f57d2] Created FlowFile[2,log.1,5B] from rolled over file target/log.1 and routed to success
[pool-4413-thread-1] DEBUG org.apache.nifi.processors.standard.TailFile - TailFile[id=108a7d66-9ee3-4d2f-9425-57d2147f57d2] Completed tailing of file target/log.txt; will cleanup state
[pool-4413-thread-1] DEBUG org.apache.nifi.processors.standard.TailFile - TailFile[id=108a7d66-9ee3-4d2f-9425-57d2147f57d2] Created FileChannel sun.nio.ch.FileChannelImpl@235f67d2 for target/log.txt
[pool-4413-thread-1] DEBUG org.apache.nifi.processors.standard.TailFile - TailFile[id=108a7d66-9ee3-4d2f-9425-57d2147f57d2] Closed FileChannel sun.nio.ch.FileChannelImpl@235f67d2
[pool-4413-thread-1] DEBUG org.apache.nifi.processors.standard.TailFile - TailFile[id=108a7d66-9ee3-4d2f-9425-57d2147f57d2] Created FileChannel sun.nio.ch.FileChannelImpl@2760f761 for target/log.txt
[pool-4413-thread-1] DEBUG org.apache.nifi.processors.standard.TailFile - TailFile[id=108a7d66-9ee3-4d2f-9425-57d2147f57d2] Reading lines starting at position 0
[pool-4413-thread-1] TRACE org.apache.nifi.processors.standard.TailFile - TailFile[id=108a7d66-9ee3-4d2f-9425-57d2147f57d2] Checksum updated to 1733426259
[pool-4413-thread-1] DEBUG org.apache.nifi.processors.standard.TailFile - TailFile[id=108a7d66-9ee3-4d2f-9425-57d2147f57d2] Created FlowFile[3,log.0-2.txt,2B] and routed to success
[main] DEBUG org.apache.nifi.processors.standard.TailFile - TailFile[id=108a7d66-9ee3-4d2f-9425-57d2147f57d2] Closed FileChannel sun.nio.ch.FileChannelImpl@2760f761
]]></system-err>
  </testcase>
  <testcase name="testConsumeAfterTruncationStartAtBeginningOfFile" classname="org.apache.nifi.processors.standard.TestTailFile" time="1.005">
    <system-out><![CDATA[Ingested 6 bytes
Rolled over file to log.txt.previous
Wrote out 6 bytes to tailed file
]]></system-out>
    <system-err><![CDATA[[pool-4414-thread-1] DEBUG org.apache.nifi.processors.standard.TailFile - TailFile[id=2de2f938-93c0-4646-9c93-c3ddc1b90fb7] Created FileChannel sun.nio.ch.FileChannelImpl@1e03142a for target/log.txt
[pool-4414-thread-1] DEBUG org.apache.nifi.processors.standard.TailFile - TailFile[id=2de2f938-93c0-4646-9c93-c3ddc1b90fb7] No data to consume; created no FlowFiles
[main] DEBUG org.apache.nifi.processors.standard.TailFile - TailFile[id=2de2f938-93c0-4646-9c93-c3ddc1b90fb7] Closed FileChannel sun.nio.ch.FileChannelImpl@1e03142a
[main] DEBUG org.apache.nifi.processors.standard.TailFile - TailFile[id=2de2f938-93c0-4646-9c93-c3ddc1b90fb7] When recovering state, checksum of tailed file matches the stored checksum. Will resume where left off.
[main] DEBUG org.apache.nifi.processors.standard.TailFile - TailFile[id=2de2f938-93c0-4646-9c93-c3ddc1b90fb7] Created FileChannel sun.nio.ch.FileChannelImpl@37d6efed for target/log.txt in recoverState
[main] DEBUG org.apache.nifi.processors.standard.TailFile - TailFile[id=2de2f938-93c0-4646-9c93-c3ddc1b90fb7] Recovered state TailFileState[filename=target/log.txt, position=0, timestamp=0, checksum=0, tailingPostRollover=false]
[pool-4415-thread-1] DEBUG org.apache.nifi.processors.standard.TailFile - TailFile[id=2de2f938-93c0-4646-9c93-c3ddc1b90fb7] Recovering Rolled Off Files; total number of files rolled off = 0
[pool-4415-thread-1] DEBUG org.apache.nifi.processors.standard.TailFile - TailFile[id=2de2f938-93c0-4646-9c93-c3ddc1b90fb7] Reading lines starting at position 0
[pool-4415-thread-1] TRACE org.apache.nifi.processors.standard.TailFile - TailFile[id=2de2f938-93c0-4646-9c93-c3ddc1b90fb7] Checksum updated to 909783072
[pool-4415-thread-1] DEBUG org.apache.nifi.processors.standard.TailFile - TailFile[id=2de2f938-93c0-4646-9c93-c3ddc1b90fb7] Created FlowFile[0,log.0-6.txt,6B] and routed to success
[main] DEBUG org.apache.nifi.processors.standard.TailFile - TailFile[id=2de2f938-93c0-4646-9c93-c3ddc1b90fb7] Closed FileChannel sun.nio.ch.FileChannelImpl@37d6efed
[main] DEBUG org.apache.nifi.processors.standard.TailFile - TailFile[id=2de2f938-93c0-4646-9c93-c3ddc1b90fb7] When recovering state, existing file to tail is only 0 bytes but position flag is 6; this indicates that the file has rotated. Will begin tailing current file from beginning.
[main] DEBUG org.apache.nifi.processors.standard.TailFile - TailFile[id=2de2f938-93c0-4646-9c93-c3ddc1b90fb7] Recovered state TailFileState[filename=target/log.txt, position=6, timestamp=1714615800778, checksum=0, tailingPostRollover=false]
[pool-4416-thread-1] DEBUG org.apache.nifi.processors.standard.TailFile - TailFile[id=2de2f938-93c0-4646-9c93-c3ddc1b90fb7] Recovering Rolled Off Files; total number of files rolled off = 1
[pool-4416-thread-1] DEBUG org.apache.nifi.processors.standard.TailFile - TailFile[id=2de2f938-93c0-4646-9c93-c3ddc1b90fb7] Checksum for target/log.txt.previous matched expected checksum. Will skip first 6 bytes
[pool-4416-thread-1] DEBUG org.apache.nifi.processors.standard.TailFile - TailFile[id=2de2f938-93c0-4646-9c93-c3ddc1b90fb7] Reading lines starting at position 6
[pool-4416-thread-1] TRACE org.apache.nifi.processors.standard.TailFile - TailFile[id=2de2f938-93c0-4646-9c93-c3ddc1b90fb7] Checksum updated to 0
[pool-4416-thread-1] TRACE org.apache.nifi.processors.standard.TailFile - TailFile[id=2de2f938-93c0-4646-9c93-c3ddc1b90fb7] Checksum updated to 0
[pool-4416-thread-1] DEBUG org.apache.nifi.processors.standard.TailFile - TailFile[id=2de2f938-93c0-4646-9c93-c3ddc1b90fb7] Completed tailing of file target/log.txt; will cleanup state
[pool-4416-thread-1] DEBUG org.apache.nifi.processors.standard.TailFile - TailFile[id=2de2f938-93c0-4646-9c93-c3ddc1b90fb7] Created FileChannel sun.nio.ch.FileChannelImpl@1051a94 for target/log.txt
[pool-4416-thread-1] DEBUG org.apache.nifi.processors.standard.TailFile - TailFile[id=2de2f938-93c0-4646-9c93-c3ddc1b90fb7] Closed FileChannel sun.nio.ch.FileChannelImpl@1051a94
[pool-4416-thread-1] DEBUG org.apache.nifi.processors.standard.TailFile - TailFile[id=2de2f938-93c0-4646-9c93-c3ddc1b90fb7] Created FileChannel sun.nio.ch.FileChannelImpl@53a9e6c for target/log.txt
[pool-4416-thread-1] DEBUG org.apache.nifi.processors.standard.TailFile - TailFile[id=2de2f938-93c0-4646-9c93-c3ddc1b90fb7] No data to consume; created no FlowFiles
[main] DEBUG org.apache.nifi.processors.standard.TailFile - TailFile[id=2de2f938-93c0-4646-9c93-c3ddc1b90fb7] Closed FileChannel sun.nio.ch.FileChannelImpl@53a9e6c
[main] DEBUG org.apache.nifi.processors.standard.TailFile - TailFile[id=2de2f938-93c0-4646-9c93-c3ddc1b90fb7] When recovering state, checksum of tailed file matches the stored checksum. Will resume where left off.
[main] DEBUG org.apache.nifi.processors.standard.TailFile - TailFile[id=2de2f938-93c0-4646-9c93-c3ddc1b90fb7] Created FileChannel sun.nio.ch.FileChannelImpl@2e479f58 for target/log.txt in recoverState
[main] DEBUG org.apache.nifi.processors.standard.TailFile - TailFile[id=2de2f938-93c0-4646-9c93-c3ddc1b90fb7] Recovered state TailFileState[filename=target/log.txt, position=0, timestamp=1714615800779, checksum=0, tailingPostRollover=false]
[pool-4417-thread-1] DEBUG org.apache.nifi.processors.standard.TailFile - TailFile[id=2de2f938-93c0-4646-9c93-c3ddc1b90fb7] Found rolled off file target/log.txt.previous but its last modified timestamp is before the cutoff (Last Mod = 1714615800778, Cutoff = 1714615800779) so will not consume it
[pool-4417-thread-1] DEBUG org.apache.nifi.processors.standard.TailFile - TailFile[id=2de2f938-93c0-4646-9c93-c3ddc1b90fb7] Recovering Rolled Off Files; total number of files rolled off = 0
[pool-4417-thread-1] DEBUG org.apache.nifi.processors.standard.TailFile - TailFile[id=2de2f938-93c0-4646-9c93-c3ddc1b90fb7] Reading lines starting at position 0
[pool-4417-thread-1] TRACE org.apache.nifi.processors.standard.TailFile - TailFile[id=2de2f938-93c0-4646-9c93-c3ddc1b90fb7] Checksum updated to 4255962990
[pool-4417-thread-1] DEBUG org.apache.nifi.processors.standard.TailFile - TailFile[id=2de2f938-93c0-4646-9c93-c3ddc1b90fb7] Created FlowFile[2,log.0-6.txt,6B] and routed to success
[main] DEBUG org.apache.nifi.processors.standard.TailFile - TailFile[id=2de2f938-93c0-4646-9c93-c3ddc1b90fb7] Closed FileChannel sun.nio.ch.FileChannelImpl@2e479f58
]]></system-err>
  </testcase>
  <testcase name="testDetectNewFile" classname="org.apache.nifi.processors.standard.TestTailFile" time="4.003">
    <system-err><![CDATA[[pool-4419-thread-1] DEBUG org.apache.nifi.processors.standard.TailFile - TailFile[id=357396b2-82d6-4664-aa1f-da50978e7a13] Created FileChannel sun.nio.ch.FileChannelImpl@58b11cfb for target/log_1.txt
[pool-4419-thread-1] DEBUG org.apache.nifi.processors.standard.TailFile - TailFile[id=357396b2-82d6-4664-aa1f-da50978e7a13] Reading lines starting at position 0
[pool-4419-thread-1] TRACE org.apache.nifi.processors.standard.TailFile - TailFile[id=357396b2-82d6-4664-aa1f-da50978e7a13] Checksum updated to 231646501
[pool-4419-thread-1] DEBUG org.apache.nifi.processors.standard.TailFile - TailFile[id=357396b2-82d6-4664-aa1f-da50978e7a13] Created FlowFile[0,log_1.0-10.txt,10B] and routed to success
[pool-4419-thread-1] DEBUG org.apache.nifi.processors.standard.TailFile - TailFile[id=357396b2-82d6-4664-aa1f-da50978e7a13] Recovering Rolled Off Files; total number of files rolled off = 0
[pool-4419-thread-1] DEBUG org.apache.nifi.processors.standard.TailFile - TailFile[id=357396b2-82d6-4664-aa1f-da50978e7a13] No data to consume; created no FlowFiles
[pool-4419-thread-1] DEBUG org.apache.nifi.processors.standard.TailFile - TailFile[id=357396b2-82d6-4664-aa1f-da50978e7a13] Closed FileChannel sun.nio.ch.FileChannelImpl@58b11cfb
[pool-4419-thread-1] DEBUG org.apache.nifi.processors.standard.TailFile - TailFile[id=357396b2-82d6-4664-aa1f-da50978e7a13] Created FileChannel sun.nio.ch.FileChannelImpl@198c16c0 for target/log_2.txt
[pool-4419-thread-1] DEBUG org.apache.nifi.processors.standard.TailFile - TailFile[id=357396b2-82d6-4664-aa1f-da50978e7a13] Reading lines starting at position 0
[pool-4419-thread-1] TRACE org.apache.nifi.processors.standard.TailFile - TailFile[id=357396b2-82d6-4664-aa1f-da50978e7a13] Checksum updated to 1206215171
[pool-4419-thread-1] DEBUG org.apache.nifi.processors.standard.TailFile - TailFile[id=357396b2-82d6-4664-aa1f-da50978e7a13] Created FlowFile[1,log_2.0-8.txt,8B] and routed to success
[pool-4419-thread-1] DEBUG org.apache.nifi.processors.standard.TailFile - TailFile[id=357396b2-82d6-4664-aa1f-da50978e7a13] Recovering Rolled Off Files; total number of files rolled off = 0
[pool-4419-thread-1] DEBUG org.apache.nifi.processors.standard.TailFile - TailFile[id=357396b2-82d6-4664-aa1f-da50978e7a13] Created FileChannel sun.nio.ch.FileChannelImpl@28dfec50 for target/log_1.txt
[pool-4419-thread-1] DEBUG org.apache.nifi.processors.standard.TailFile - TailFile[id=357396b2-82d6-4664-aa1f-da50978e7a13] No data to consume; created no FlowFiles
[pool-4419-thread-1] DEBUG org.apache.nifi.processors.standard.TailFile - TailFile[id=357396b2-82d6-4664-aa1f-da50978e7a13] Recovering Rolled Off Files; total number of files rolled off = 0
[pool-4419-thread-1] DEBUG org.apache.nifi.processors.standard.TailFile - TailFile[id=357396b2-82d6-4664-aa1f-da50978e7a13] No data to consume; created no FlowFiles
[main] DEBUG org.apache.nifi.processors.standard.TailFile - TailFile[id=357396b2-82d6-4664-aa1f-da50978e7a13] Closed FileChannel sun.nio.ch.FileChannelImpl@28dfec50
[main] DEBUG org.apache.nifi.processors.standard.TailFile - TailFile[id=357396b2-82d6-4664-aa1f-da50978e7a13] Closed FileChannel sun.nio.ch.FileChannelImpl@198c16c0
]]></system-err>
  </testcase>
  <testcase name="testMigrateFrom100To110" classname="org.apache.nifi.processors.standard.TestTailFile" time="0.003">
    <system-err><![CDATA[[main] INFO org.apache.nifi.processors.standard.TailFile - TailFile[id=aeeeb845-418f-474f-a126-e377c8a9041a] statesMap has been migrated. {file.0.filename=target/existing-log.txt, file.0.length=14, file.0.position=14, file.0.checksum=2279929157, file.0.timestamp=1480639134000}
[main] DEBUG org.apache.nifi.processors.standard.TailFile - TailFile[id=aeeeb845-418f-474f-a126-e377c8a9041a] When recovering state, checksum of tailed file matches the stored checksum. Will resume where left off.
[main] DEBUG org.apache.nifi.processors.standard.TailFile - TailFile[id=aeeeb845-418f-474f-a126-e377c8a9041a] Created FileChannel sun.nio.ch.FileChannelImpl@715e0dfc for target/existing-log.txt in recoverState
[main] DEBUG org.apache.nifi.processors.standard.TailFile - TailFile[id=aeeeb845-418f-474f-a126-e377c8a9041a] Recovered state TailFileState[filename=target/existing-log.txt, position=14, timestamp=1480639134000, checksum=2279929157, tailingPostRollover=false]
[pool-4420-thread-1] INFO org.apache.nifi.processors.standard.TailFile - TailFile[id=aeeeb845-418f-474f-a126-e377c8a9041a] statesMap has been migrated. {file.0.filename=target/existing-log.txt, file.0.length=14, file.0.position=14, file.0.checksum=2279929157, file.0.timestamp=1480639134000}
[pool-4420-thread-1] DEBUG org.apache.nifi.processors.standard.TailFile - TailFile[id=aeeeb845-418f-474f-a126-e377c8a9041a] When recovering state, checksum of tailed file matches the stored checksum. Will resume where left off.
[pool-4420-thread-1] DEBUG org.apache.nifi.processors.standard.TailFile - TailFile[id=aeeeb845-418f-474f-a126-e377c8a9041a] Created FileChannel sun.nio.ch.FileChannelImpl@3bccf69a for target/existing-log.txt in recoverState
[pool-4420-thread-1] DEBUG org.apache.nifi.processors.standard.TailFile - TailFile[id=aeeeb845-418f-474f-a126-e377c8a9041a] Recovered state TailFileState[filename=target/existing-log.txt, position=14, timestamp=1480639134000, checksum=2279929157, tailingPostRollover=false]
[pool-4420-thread-1] DEBUG org.apache.nifi.processors.standard.TailFile - TailFile[id=aeeeb845-418f-474f-a126-e377c8a9041a] Recovering Rolled Off Files; total number of files rolled off = 0
[pool-4420-thread-1] DEBUG org.apache.nifi.processors.standard.TailFile - TailFile[id=aeeeb845-418f-474f-a126-e377c8a9041a] Reading lines starting at position 14
[pool-4420-thread-1] TRACE org.apache.nifi.processors.standard.TailFile - TailFile[id=aeeeb845-418f-474f-a126-e377c8a9041a] Checksum updated to 3380848603
[pool-4420-thread-1] DEBUG org.apache.nifi.processors.standard.TailFile - TailFile[id=aeeeb845-418f-474f-a126-e377c8a9041a] Created FlowFile[0,existing-log.14-21.txt,7B] and routed to success
[pool-4420-thread-1] INFO org.apache.nifi.processors.standard.TailFile - TailFile[id=aeeeb845-418f-474f-a126-e377c8a9041a] Removed state checksum=2279929157 stored by older version of NiFi.
[pool-4420-thread-1] INFO org.apache.nifi.processors.standard.TailFile - TailFile[id=aeeeb845-418f-474f-a126-e377c8a9041a] Removed state filename=target/existing-log.txt stored by older version of NiFi.
[pool-4420-thread-1] INFO org.apache.nifi.processors.standard.TailFile - TailFile[id=aeeeb845-418f-474f-a126-e377c8a9041a] Removed state position=14 stored by older version of NiFi.
[pool-4420-thread-1] INFO org.apache.nifi.processors.standard.TailFile - TailFile[id=aeeeb845-418f-474f-a126-e377c8a9041a] Removed state timestamp=1480639134000 stored by older version of NiFi.
[main] DEBUG org.apache.nifi.processors.standard.TailFile - TailFile[id=aeeeb845-418f-474f-a126-e377c8a9041a] Closed FileChannel sun.nio.ch.FileChannelImpl@3bccf69a
[main] DEBUG org.apache.nifi.processors.standard.TailFile - TailFile[id=aeeeb845-418f-474f-a126-e377c8a9041a] When recovering state, checksum of tailed file matches the stored checksum. Will resume where left off.
[main] DEBUG org.apache.nifi.processors.standard.TailFile - TailFile[id=aeeeb845-418f-474f-a126-e377c8a9041a] Created FileChannel sun.nio.ch.FileChannelImpl@4362b1f6 for target/existing-log.txt in recoverState
[main] DEBUG org.apache.nifi.processors.standard.TailFile - TailFile[id=aeeeb845-418f-474f-a126-e377c8a9041a] Recovered state TailFileState[filename=target/existing-log.txt, position=21, timestamp=1714615805786, checksum=3380848603, tailingPostRollover=false]
[pool-4421-thread-1] DEBUG org.apache.nifi.processors.standard.TailFile - TailFile[id=aeeeb845-418f-474f-a126-e377c8a9041a] Recovering Rolled Off Files; total number of files rolled off = 0
[pool-4421-thread-1] DEBUG org.apache.nifi.processors.standard.TailFile - TailFile[id=aeeeb845-418f-474f-a126-e377c8a9041a] No data to consume; created no FlowFiles
[main] DEBUG org.apache.nifi.processors.standard.TailFile - TailFile[id=aeeeb845-418f-474f-a126-e377c8a9041a] Closed FileChannel sun.nio.ch.FileChannelImpl@4362b1f6
]]></system-err>
  </testcase>
  <testcase name="testMultipleFilesWithBasedirAndFilenameEL" classname="org.apache.nifi.processors.standard.TestTailFile" time="0.055">
    <system-err><![CDATA[[pool-4422-thread-1] DEBUG org.apache.nifi.processors.standard.TailFile - TailFile[id=18b3e135-8c71-4158-b03d-6c862892f377] Created FileChannel sun.nio.ch.FileChannelImpl@c113d1 for target/testDir/log.txt
[pool-4422-thread-1] DEBUG org.apache.nifi.processors.standard.TailFile - TailFile[id=18b3e135-8c71-4158-b03d-6c862892f377] No data to consume; created no FlowFiles
[pool-4422-thread-1] DEBUG org.apache.nifi.processors.standard.TailFile - TailFile[id=18b3e135-8c71-4158-b03d-6c862892f377] Closed FileChannel sun.nio.ch.FileChannelImpl@c113d1
[pool-4422-thread-1] DEBUG org.apache.nifi.processors.standard.TailFile - TailFile[id=18b3e135-8c71-4158-b03d-6c862892f377] Created FileChannel sun.nio.ch.FileChannelImpl@37f5e7ce for target/log.txt
[pool-4422-thread-1] DEBUG org.apache.nifi.processors.standard.TailFile - TailFile[id=18b3e135-8c71-4158-b03d-6c862892f377] No data to consume; created no FlowFiles
[main] DEBUG org.apache.nifi.processors.standard.TailFile - TailFile[id=18b3e135-8c71-4158-b03d-6c862892f377] Closed FileChannel sun.nio.ch.FileChannelImpl@37f5e7ce
[main] DEBUG org.apache.nifi.processors.standard.TailFile - TailFile[id=18b3e135-8c71-4158-b03d-6c862892f377] When recovering state, checksum of tailed file matches the stored checksum. Will resume where left off.
[main] DEBUG org.apache.nifi.processors.standard.TailFile - TailFile[id=18b3e135-8c71-4158-b03d-6c862892f377] Created FileChannel sun.nio.ch.FileChannelImpl@40c43f29 for target/log.txt in recoverState
[main] DEBUG org.apache.nifi.processors.standard.TailFile - TailFile[id=18b3e135-8c71-4158-b03d-6c862892f377] Recovered state TailFileState[filename=target/log.txt, position=0, timestamp=0, checksum=0, tailingPostRollover=false]
[main] DEBUG org.apache.nifi.processors.standard.TailFile - TailFile[id=18b3e135-8c71-4158-b03d-6c862892f377] When recovering state, checksum of tailed file matches the stored checksum. Will resume where left off.
[main] DEBUG org.apache.nifi.processors.standard.TailFile - TailFile[id=18b3e135-8c71-4158-b03d-6c862892f377] Created FileChannel sun.nio.ch.FileChannelImpl@8a85f4c for target/testDir/log.txt in recoverState
[main] DEBUG org.apache.nifi.processors.standard.TailFile - TailFile[id=18b3e135-8c71-4158-b03d-6c862892f377] Recovered state TailFileState[filename=target/testDir/log.txt, position=0, timestamp=0, checksum=0, tailingPostRollover=false]
[pool-4423-thread-1] DEBUG org.apache.nifi.processors.standard.TailFile - TailFile[id=18b3e135-8c71-4158-b03d-6c862892f377] Recovering Rolled Off Files; total number of files rolled off = 0
[pool-4423-thread-1] DEBUG org.apache.nifi.processors.standard.TailFile - TailFile[id=18b3e135-8c71-4158-b03d-6c862892f377] Reading lines starting at position 0
[pool-4423-thread-1] TRACE org.apache.nifi.processors.standard.TailFile - TailFile[id=18b3e135-8c71-4158-b03d-6c862892f377] Checksum updated to 3983506042
[pool-4423-thread-1] DEBUG org.apache.nifi.processors.standard.TailFile - TailFile[id=18b3e135-8c71-4158-b03d-6c862892f377] Created FlowFile[0,log.0-3.txt,3B] and routed to success
[pool-4423-thread-1] DEBUG org.apache.nifi.processors.standard.TailFile - TailFile[id=18b3e135-8c71-4158-b03d-6c862892f377] Recovering Rolled Off Files; total number of files rolled off = 0
[pool-4423-thread-1] DEBUG org.apache.nifi.processors.standard.TailFile - TailFile[id=18b3e135-8c71-4158-b03d-6c862892f377] Reading lines starting at position 0
[pool-4423-thread-1] TRACE org.apache.nifi.processors.standard.TailFile - TailFile[id=18b3e135-8c71-4158-b03d-6c862892f377] Checksum updated to 909783072
[pool-4423-thread-1] DEBUG org.apache.nifi.processors.standard.TailFile - TailFile[id=18b3e135-8c71-4158-b03d-6c862892f377] Created FlowFile[1,log.0-6.txt,6B] and routed to success
[main] DEBUG org.apache.nifi.processors.standard.TailFile - TailFile[id=18b3e135-8c71-4158-b03d-6c862892f377] Closed FileChannel sun.nio.ch.FileChannelImpl@8a85f4c
[main] DEBUG org.apache.nifi.processors.standard.TailFile - TailFile[id=18b3e135-8c71-4158-b03d-6c862892f377] Closed FileChannel sun.nio.ch.FileChannelImpl@40c43f29
]]></system-err>
  </testcase>
  <testcase name="testMultipleRolloversAfterHavingReadAllDataWhileStillRunning" classname="org.apache.nifi.processors.standard.TestTailFile" time="1.105">
    <system-err><![CDATA[[pool-4424-thread-1] DEBUG org.apache.nifi.processors.standard.TailFile - TailFile[id=24799055-404b-4956-8e54-b10632ab8f01] Created FileChannel sun.nio.ch.FileChannelImpl@2c44d8ea for target/log.txt
[pool-4424-thread-1] DEBUG org.apache.nifi.processors.standard.TailFile - TailFile[id=24799055-404b-4956-8e54-b10632ab8f01] No data to consume; created no FlowFiles
[pool-4425-thread-1] DEBUG org.apache.nifi.processors.standard.TailFile - TailFile[id=24799055-404b-4956-8e54-b10632ab8f01] Recovering Rolled Off Files; total number of files rolled off = 0
[pool-4425-thread-1] DEBUG org.apache.nifi.processors.standard.TailFile - TailFile[id=24799055-404b-4956-8e54-b10632ab8f01] Reading lines starting at position 0
[pool-4425-thread-1] TRACE org.apache.nifi.processors.standard.TailFile - TailFile[id=24799055-404b-4956-8e54-b10632ab8f01] Checksum updated to 909783072
[pool-4425-thread-1] DEBUG org.apache.nifi.processors.standard.TailFile - TailFile[id=24799055-404b-4956-8e54-b10632ab8f01] Created FlowFile[0,log.0-6.txt,6B] and routed to success
[pool-4426-thread-1] DEBUG org.apache.nifi.processors.standard.TailFile - TailFile[id=24799055-404b-4956-8e54-b10632ab8f01] Recovering Rolled Off Files; total number of files rolled off = 0
[pool-4426-thread-1] DEBUG org.apache.nifi.processors.standard.TailFile - TailFile[id=24799055-404b-4956-8e54-b10632ab8f01] Reading lines starting at position 6
[pool-4426-thread-1] DEBUG org.apache.nifi.processors.standard.TailFile - TailFile[id=24799055-404b-4956-8e54-b10632ab8f01] Read 0 lines; repositioning reader from 11 to 6
[pool-4426-thread-1] DEBUG org.apache.nifi.processors.standard.TailFile - TailFile[id=24799055-404b-4956-8e54-b10632ab8f01] No data to consume; removed created FlowFile
[pool-4427-thread-1] DEBUG org.apache.nifi.processors.standard.TailFile - TailFile[id=24799055-404b-4956-8e54-b10632ab8f01] Recovering Rolled Off Files; total number of files rolled off = 2
[pool-4427-thread-1] DEBUG org.apache.nifi.processors.standard.TailFile - TailFile[id=24799055-404b-4956-8e54-b10632ab8f01] Checksum for target/log.2 matched expected checksum. Will skip first 6 bytes
[pool-4427-thread-1] DEBUG org.apache.nifi.processors.standard.TailFile - TailFile[id=24799055-404b-4956-8e54-b10632ab8f01] Reading lines starting at position 6
[pool-4427-thread-1] TRACE org.apache.nifi.processors.standard.TailFile - TailFile[id=24799055-404b-4956-8e54-b10632ab8f01] Checksum updated to 909783072
[pool-4427-thread-1] TRACE org.apache.nifi.processors.standard.TailFile - TailFile[id=24799055-404b-4956-8e54-b10632ab8f01] Checksum updated to 2877110229
[pool-4427-thread-1] DEBUG org.apache.nifi.processors.standard.TailFile - TailFile[id=24799055-404b-4956-8e54-b10632ab8f01] Created FlowFile[2,log.2,5B] from rolled over file target/log.2 and routed to success
[pool-4427-thread-1] DEBUG org.apache.nifi.processors.standard.TailFile - TailFile[id=24799055-404b-4956-8e54-b10632ab8f01] Completed tailing of file target/log.txt; will cleanup state
[pool-4427-thread-1] DEBUG org.apache.nifi.processors.standard.TailFile - TailFile[id=24799055-404b-4956-8e54-b10632ab8f01] Closed FileChannel sun.nio.ch.FileChannelImpl@2c44d8ea
[pool-4427-thread-1] TRACE org.apache.nifi.processors.standard.TailFile - TailFile[id=24799055-404b-4956-8e54-b10632ab8f01] Checksum updated to 0
[pool-4427-thread-1] DEBUG org.apache.nifi.processors.standard.TailFile - TailFile[id=24799055-404b-4956-8e54-b10632ab8f01] Created FlowFile[3,log.1,4B] from target/log.1 and routed to success
[pool-4427-thread-1] DEBUG org.apache.nifi.processors.standard.TailFile - TailFile[id=24799055-404b-4956-8e54-b10632ab8f01] Created FileChannel sun.nio.ch.FileChannelImpl@661fc864 for target/log.txt
[pool-4427-thread-1] DEBUG org.apache.nifi.processors.standard.TailFile - TailFile[id=24799055-404b-4956-8e54-b10632ab8f01] Closed FileChannel sun.nio.ch.FileChannelImpl@661fc864
[pool-4427-thread-1] DEBUG org.apache.nifi.processors.standard.TailFile - TailFile[id=24799055-404b-4956-8e54-b10632ab8f01] Created FileChannel sun.nio.ch.FileChannelImpl@231d4ac3 for target/log.txt
[pool-4427-thread-1] DEBUG org.apache.nifi.processors.standard.TailFile - TailFile[id=24799055-404b-4956-8e54-b10632ab8f01] Reading lines starting at position 0
[pool-4427-thread-1] TRACE org.apache.nifi.processors.standard.TailFile - TailFile[id=24799055-404b-4956-8e54-b10632ab8f01] Checksum updated to 1733426259
[pool-4427-thread-1] DEBUG org.apache.nifi.processors.standard.TailFile - TailFile[id=24799055-404b-4956-8e54-b10632ab8f01] Created FlowFile[4,log.0-2.txt,2B] and routed to success
[main] DEBUG org.apache.nifi.processors.standard.TailFile - TailFile[id=24799055-404b-4956-8e54-b10632ab8f01] Closed FileChannel sun.nio.ch.FileChannelImpl@231d4ac3
]]></system-err>
  </testcase>
  <testcase name="testMultipleRolloversWithLongerFileLength" classname="org.apache.nifi.processors.standard.TestTailFile" time="2.404">
    <system-err><![CDATA[[pool-4428-thread-1] DEBUG org.apache.nifi.processors.standard.TailFile - TailFile[id=9524395f-2930-4f94-8978-fde08c35cbdd] Created FileChannel sun.nio.ch.FileChannelImpl@6db41af8 for target/log.txt
[pool-4428-thread-1] DEBUG org.apache.nifi.processors.standard.TailFile - TailFile[id=9524395f-2930-4f94-8978-fde08c35cbdd] No data to consume; created no FlowFiles
[pool-4429-thread-1] DEBUG org.apache.nifi.processors.standard.TailFile - TailFile[id=9524395f-2930-4f94-8978-fde08c35cbdd] Recovering Rolled Off Files; total number of files rolled off = 0
[pool-4429-thread-1] DEBUG org.apache.nifi.processors.standard.TailFile - TailFile[id=9524395f-2930-4f94-8978-fde08c35cbdd] Reading lines starting at position 0
[pool-4429-thread-1] TRACE org.apache.nifi.processors.standard.TailFile - TailFile[id=9524395f-2930-4f94-8978-fde08c35cbdd] Checksum updated to 909783072
[pool-4429-thread-1] DEBUG org.apache.nifi.processors.standard.TailFile - TailFile[id=9524395f-2930-4f94-8978-fde08c35cbdd] Created FlowFile[0,log.0-6.txt,6B] and routed to success
[pool-4430-thread-1] DEBUG org.apache.nifi.processors.standard.TailFile - TailFile[id=9524395f-2930-4f94-8978-fde08c35cbdd] Recovering Rolled Off Files; total number of files rolled off = 2
[pool-4430-thread-1] DEBUG org.apache.nifi.processors.standard.TailFile - TailFile[id=9524395f-2930-4f94-8978-fde08c35cbdd] Checksum for target/log.2 matched expected checksum. Will skip first 6 bytes
[pool-4430-thread-1] DEBUG org.apache.nifi.processors.standard.TailFile - TailFile[id=9524395f-2930-4f94-8978-fde08c35cbdd] Reading lines starting at position 6
[pool-4430-thread-1] TRACE org.apache.nifi.processors.standard.TailFile - TailFile[id=9524395f-2930-4f94-8978-fde08c35cbdd] Checksum updated to 909783072
[pool-4430-thread-1] TRACE org.apache.nifi.processors.standard.TailFile - TailFile[id=9524395f-2930-4f94-8978-fde08c35cbdd] Checksum updated to 2877110229
[pool-4430-thread-1] DEBUG org.apache.nifi.processors.standard.TailFile - TailFile[id=9524395f-2930-4f94-8978-fde08c35cbdd] Created FlowFile[1,log.2,5B] from rolled over file target/log.2 and routed to success
[pool-4430-thread-1] DEBUG org.apache.nifi.processors.standard.TailFile - TailFile[id=9524395f-2930-4f94-8978-fde08c35cbdd] Completed tailing of file target/log.txt; will cleanup state
[pool-4430-thread-1] DEBUG org.apache.nifi.processors.standard.TailFile - TailFile[id=9524395f-2930-4f94-8978-fde08c35cbdd] Closed FileChannel sun.nio.ch.FileChannelImpl@6db41af8
[pool-4430-thread-1] TRACE org.apache.nifi.processors.standard.TailFile - TailFile[id=9524395f-2930-4f94-8978-fde08c35cbdd] Checksum updated to 0
[pool-4430-thread-1] DEBUG org.apache.nifi.processors.standard.TailFile - TailFile[id=9524395f-2930-4f94-8978-fde08c35cbdd] Created FlowFile[2,log.1,4B] from target/log.1 and routed to success
[pool-4430-thread-1] DEBUG org.apache.nifi.processors.standard.TailFile - TailFile[id=9524395f-2930-4f94-8978-fde08c35cbdd] Created FileChannel sun.nio.ch.FileChannelImpl@296deb0d for target/log.txt
[pool-4430-thread-1] DEBUG org.apache.nifi.processors.standard.TailFile - TailFile[id=9524395f-2930-4f94-8978-fde08c35cbdd] Closed FileChannel sun.nio.ch.FileChannelImpl@296deb0d
[pool-4430-thread-1] DEBUG org.apache.nifi.processors.standard.TailFile - TailFile[id=9524395f-2930-4f94-8978-fde08c35cbdd] Created FileChannel sun.nio.ch.FileChannelImpl@2d526af8 for target/log.txt
[pool-4430-thread-1] DEBUG org.apache.nifi.processors.standard.TailFile - TailFile[id=9524395f-2930-4f94-8978-fde08c35cbdd] Reading lines starting at position 0
[pool-4430-thread-1] TRACE org.apache.nifi.processors.standard.TailFile - TailFile[id=9524395f-2930-4f94-8978-fde08c35cbdd] Checksum updated to 2550994848
[pool-4430-thread-1] DEBUG org.apache.nifi.processors.standard.TailFile - TailFile[id=9524395f-2930-4f94-8978-fde08c35cbdd] Created FlowFile[3,log.0-48.txt,48B] and routed to success
[main] DEBUG org.apache.nifi.processors.standard.TailFile - TailFile[id=9524395f-2930-4f94-8978-fde08c35cbdd] Closed FileChannel sun.nio.ch.FileChannelImpl@2d526af8
]]></system-err>
  </testcase>
  <testcase name="testStartAtCurrentTime" classname="org.apache.nifi.processors.standard.TestTailFile" time="1.005">
    <system-err><![CDATA[[pool-4431-thread-1] DEBUG org.apache.nifi.processors.standard.TailFile - TailFile[id=917d4676-573e-447b-a03d-7aff2f9ecd02] Created FileChannel sun.nio.ch.FileChannelImpl@70fc8f5f for target/log.txt
[pool-4431-thread-1] DEBUG org.apache.nifi.processors.standard.TailFile - TailFile[id=917d4676-573e-447b-a03d-7aff2f9ecd02] No data to consume; created no FlowFiles
[pool-4431-thread-1] DEBUG org.apache.nifi.processors.standard.TailFile - TailFile[id=917d4676-573e-447b-a03d-7aff2f9ecd02] Recovering Rolled Off Files; total number of files rolled off = 0
[pool-4431-thread-1] DEBUG org.apache.nifi.processors.standard.TailFile - TailFile[id=917d4676-573e-447b-a03d-7aff2f9ecd02] No data to consume; created no FlowFiles
[pool-4431-thread-1] DEBUG org.apache.nifi.processors.standard.TailFile - TailFile[id=917d4676-573e-447b-a03d-7aff2f9ecd02] Recovering Rolled Off Files; total number of files rolled off = 0
[pool-4431-thread-1] DEBUG org.apache.nifi.processors.standard.TailFile - TailFile[id=917d4676-573e-447b-a03d-7aff2f9ecd02] No data to consume; created no FlowFiles
[pool-4431-thread-1] DEBUG org.apache.nifi.processors.standard.TailFile - TailFile[id=917d4676-573e-447b-a03d-7aff2f9ecd02] Recovering Rolled Off Files; total number of files rolled off = 0
[pool-4431-thread-1] DEBUG org.apache.nifi.processors.standard.TailFile - TailFile[id=917d4676-573e-447b-a03d-7aff2f9ecd02] No data to consume; created no FlowFiles
[pool-4431-thread-1] DEBUG org.apache.nifi.processors.standard.TailFile - TailFile[id=917d4676-573e-447b-a03d-7aff2f9ecd02] Recovering Rolled Off Files; total number of files rolled off = 0
[pool-4431-thread-1] DEBUG org.apache.nifi.processors.standard.TailFile - TailFile[id=917d4676-573e-447b-a03d-7aff2f9ecd02] No data to consume; created no FlowFiles
[pool-4431-thread-1] DEBUG org.apache.nifi.processors.standard.TailFile - TailFile[id=917d4676-573e-447b-a03d-7aff2f9ecd02] Recovering Rolled Off Files; total number of files rolled off = 0
[pool-4431-thread-1] DEBUG org.apache.nifi.processors.standard.TailFile - TailFile[id=917d4676-573e-447b-a03d-7aff2f9ecd02] No data to consume; created no FlowFiles
[pool-4431-thread-1] DEBUG org.apache.nifi.processors.standard.TailFile - TailFile[id=917d4676-573e-447b-a03d-7aff2f9ecd02] Recovering Rolled Off Files; total number of files rolled off = 0
[pool-4431-thread-1] DEBUG org.apache.nifi.processors.standard.TailFile - TailFile[id=917d4676-573e-447b-a03d-7aff2f9ecd02] No data to consume; created no FlowFiles
[pool-4431-thread-1] DEBUG org.apache.nifi.processors.standard.TailFile - TailFile[id=917d4676-573e-447b-a03d-7aff2f9ecd02] Recovering Rolled Off Files; total number of files rolled off = 0
[pool-4431-thread-1] DEBUG org.apache.nifi.processors.standard.TailFile - TailFile[id=917d4676-573e-447b-a03d-7aff2f9ecd02] No data to consume; created no FlowFiles
[pool-4431-thread-1] DEBUG org.apache.nifi.processors.standard.TailFile - TailFile[id=917d4676-573e-447b-a03d-7aff2f9ecd02] Recovering Rolled Off Files; total number of files rolled off = 0
[pool-4431-thread-1] DEBUG org.apache.nifi.processors.standard.TailFile - TailFile[id=917d4676-573e-447b-a03d-7aff2f9ecd02] No data to consume; created no FlowFiles
[pool-4431-thread-1] DEBUG org.apache.nifi.processors.standard.TailFile - TailFile[id=917d4676-573e-447b-a03d-7aff2f9ecd02] Recovering Rolled Off Files; total number of files rolled off = 0
[pool-4431-thread-1] DEBUG org.apache.nifi.processors.standard.TailFile - TailFile[id=917d4676-573e-447b-a03d-7aff2f9ecd02] No data to consume; created no FlowFiles
[pool-4431-thread-1] DEBUG org.apache.nifi.processors.standard.TailFile - TailFile[id=917d4676-573e-447b-a03d-7aff2f9ecd02] Recovering Rolled Off Files; total number of files rolled off = 0
[pool-4431-thread-1] DEBUG org.apache.nifi.processors.standard.TailFile - TailFile[id=917d4676-573e-447b-a03d-7aff2f9ecd02] No data to consume; created no FlowFiles
[pool-4431-thread-1] DEBUG org.apache.nifi.processors.standard.TailFile - TailFile[id=917d4676-573e-447b-a03d-7aff2f9ecd02] Recovering Rolled Off Files; total number of files rolled off = 0
[pool-4431-thread-1] DEBUG org.apache.nifi.processors.standard.TailFile - TailFile[id=917d4676-573e-447b-a03d-7aff2f9ecd02] No data to consume; created no FlowFiles
[pool-4431-thread-1] DEBUG org.apache.nifi.processors.standard.TailFile - TailFile[id=917d4676-573e-447b-a03d-7aff2f9ecd02] Recovering Rolled Off Files; total number of files rolled off = 0
[pool-4431-thread-1] DEBUG org.apache.nifi.processors.standard.TailFile - TailFile[id=917d4676-573e-447b-a03d-7aff2f9ecd02] No data to consume; created no FlowFiles
[pool-4431-thread-1] DEBUG org.apache.nifi.processors.standard.TailFile - TailFile[id=917d4676-573e-447b-a03d-7aff2f9ecd02] Recovering Rolled Off Files; total number of files rolled off = 0
[pool-4431-thread-1] DEBUG org.apache.nifi.processors.standard.TailFile - TailFile[id=917d4676-573e-447b-a03d-7aff2f9ecd02] No data to consume; created no FlowFiles
[pool-4431-thread-1] DEBUG org.apache.nifi.processors.standard.TailFile - TailFile[id=917d4676-573e-447b-a03d-7aff2f9ecd02] Recovering Rolled Off Files; total number of files rolled off = 0
[pool-4431-thread-1] DEBUG org.apache.nifi.processors.standard.TailFile - TailFile[id=917d4676-573e-447b-a03d-7aff2f9ecd02] No data to consume; created no FlowFiles
[pool-4431-thread-1] DEBUG org.apache.nifi.processors.standard.TailFile - TailFile[id=917d4676-573e-447b-a03d-7aff2f9ecd02] Recovering Rolled Off Files; total number of files rolled off = 0
[pool-4431-thread-1] DEBUG org.apache.nifi.processors.standard.TailFile - TailFile[id=917d4676-573e-447b-a03d-7aff2f9ecd02] No data to consume; created no FlowFiles
[pool-4431-thread-1] DEBUG org.apache.nifi.processors.standard.TailFile - TailFile[id=917d4676-573e-447b-a03d-7aff2f9ecd02] Recovering Rolled Off Files; total number of files rolled off = 0
[pool-4431-thread-1] DEBUG org.apache.nifi.processors.standard.TailFile - TailFile[id=917d4676-573e-447b-a03d-7aff2f9ecd02] No data to consume; created no FlowFiles
[pool-4431-thread-1] DEBUG org.apache.nifi.processors.standard.TailFile - TailFile[id=917d4676-573e-447b-a03d-7aff2f9ecd02] Recovering Rolled Off Files; total number of files rolled off = 0
[pool-4431-thread-1] DEBUG org.apache.nifi.processors.standard.TailFile - TailFile[id=917d4676-573e-447b-a03d-7aff2f9ecd02] No data to consume; created no FlowFiles
[pool-4431-thread-1] DEBUG org.apache.nifi.processors.standard.TailFile - TailFile[id=917d4676-573e-447b-a03d-7aff2f9ecd02] Recovering Rolled Off Files; total number of files rolled off = 0
[pool-4431-thread-1] DEBUG org.apache.nifi.processors.standard.TailFile - TailFile[id=917d4676-573e-447b-a03d-7aff2f9ecd02] No data to consume; created no FlowFiles
[pool-4431-thread-1] DEBUG org.apache.nifi.processors.standard.TailFile - TailFile[id=917d4676-573e-447b-a03d-7aff2f9ecd02] Recovering Rolled Off Files; total number of files rolled off = 0
[pool-4431-thread-1] DEBUG org.apache.nifi.processors.standard.TailFile - TailFile[id=917d4676-573e-447b-a03d-7aff2f9ecd02] No data to consume; created no FlowFiles
[pool-4431-thread-1] DEBUG org.apache.nifi.processors.standard.TailFile - TailFile[id=917d4676-573e-447b-a03d-7aff2f9ecd02] Recovering Rolled Off Files; total number of files rolled off = 0
[pool-4431-thread-1] DEBUG org.apache.nifi.processors.standard.TailFile - TailFile[id=917d4676-573e-447b-a03d-7aff2f9ecd02] No data to consume; created no FlowFiles
[pool-4431-thread-1] DEBUG org.apache.nifi.processors.standard.TailFile - TailFile[id=917d4676-573e-447b-a03d-7aff2f9ecd02] Recovering Rolled Off Files; total number of files rolled off = 0
[pool-4431-thread-1] DEBUG org.apache.nifi.processors.standard.TailFile - TailFile[id=917d4676-573e-447b-a03d-7aff2f9ecd02] No data to consume; created no FlowFiles
[pool-4431-thread-1] DEBUG org.apache.nifi.processors.standard.TailFile - TailFile[id=917d4676-573e-447b-a03d-7aff2f9ecd02] Recovering Rolled Off Files; total number of files rolled off = 0
[pool-4431-thread-1] DEBUG org.apache.nifi.processors.standard.TailFile - TailFile[id=917d4676-573e-447b-a03d-7aff2f9ecd02] No data to consume; created no FlowFiles
[pool-4431-thread-1] DEBUG org.apache.nifi.processors.standard.TailFile - TailFile[id=917d4676-573e-447b-a03d-7aff2f9ecd02] Recovering Rolled Off Files; total number of files rolled off = 0
[pool-4431-thread-1] DEBUG org.apache.nifi.processors.standard.TailFile - TailFile[id=917d4676-573e-447b-a03d-7aff2f9ecd02] No data to consume; created no FlowFiles
[pool-4431-thread-1] DEBUG org.apache.nifi.processors.standard.TailFile - TailFile[id=917d4676-573e-447b-a03d-7aff2f9ecd02] Recovering Rolled Off Files; total number of files rolled off = 0
[pool-4431-thread-1] DEBUG org.apache.nifi.processors.standard.TailFile - TailFile[id=917d4676-573e-447b-a03d-7aff2f9ecd02] No data to consume; created no FlowFiles
[pool-4431-thread-1] DEBUG org.apache.nifi.processors.standard.TailFile - TailFile[id=917d4676-573e-447b-a03d-7aff2f9ecd02] Recovering Rolled Off Files; total number of files rolled off = 0
[pool-4431-thread-1] DEBUG org.apache.nifi.processors.standard.TailFile - TailFile[id=917d4676-573e-447b-a03d-7aff2f9ecd02] No data to consume; created no FlowFiles
[pool-4431-thread-1] DEBUG org.apache.nifi.processors.standard.TailFile - TailFile[id=917d4676-573e-447b-a03d-7aff2f9ecd02] Recovering Rolled Off Files; total number of files rolled off = 0
[pool-4431-thread-1] DEBUG org.apache.nifi.processors.standard.TailFile - TailFile[id=917d4676-573e-447b-a03d-7aff2f9ecd02] No data to consume; created no FlowFiles
[pool-4431-thread-1] DEBUG org.apache.nifi.processors.standard.TailFile - TailFile[id=917d4676-573e-447b-a03d-7aff2f9ecd02] Recovering Rolled Off Files; total number of files rolled off = 0
[pool-4431-thread-1] DEBUG org.apache.nifi.processors.standard.TailFile - TailFile[id=917d4676-573e-447b-a03d-7aff2f9ecd02] No data to consume; created no FlowFiles
[pool-4431-thread-1] DEBUG org.apache.nifi.processors.standard.TailFile - TailFile[id=917d4676-573e-447b-a03d-7aff2f9ecd02] Recovering Rolled Off Files; total number of files rolled off = 0
[pool-4431-thread-1] DEBUG org.apache.nifi.processors.standard.TailFile - TailFile[id=917d4676-573e-447b-a03d-7aff2f9ecd02] No data to consume; created no FlowFiles
[pool-4431-thread-1] DEBUG org.apache.nifi.processors.standard.TailFile - TailFile[id=917d4676-573e-447b-a03d-7aff2f9ecd02] Recovering Rolled Off Files; total number of files rolled off = 0
[pool-4431-thread-1] DEBUG org.apache.nifi.processors.standard.TailFile - TailFile[id=917d4676-573e-447b-a03d-7aff2f9ecd02] No data to consume; created no FlowFiles
[pool-4431-thread-1] DEBUG org.apache.nifi.processors.standard.TailFile - TailFile[id=917d4676-573e-447b-a03d-7aff2f9ecd02] Recovering Rolled Off Files; total number of files rolled off = 0
[pool-4431-thread-1] DEBUG org.apache.nifi.processors.standard.TailFile - TailFile[id=917d4676-573e-447b-a03d-7aff2f9ecd02] No data to consume; created no FlowFiles
[pool-4431-thread-1] DEBUG org.apache.nifi.processors.standard.TailFile - TailFile[id=917d4676-573e-447b-a03d-7aff2f9ecd02] Recovering Rolled Off Files; total number of files rolled off = 0
[pool-4431-thread-1] DEBUG org.apache.nifi.processors.standard.TailFile - TailFile[id=917d4676-573e-447b-a03d-7aff2f9ecd02] No data to consume; created no FlowFiles
[pool-4431-thread-1] DEBUG org.apache.nifi.processors.standard.TailFile - TailFile[id=917d4676-573e-447b-a03d-7aff2f9ecd02] Recovering Rolled Off Files; total number of files rolled off = 0
[pool-4431-thread-1] DEBUG org.apache.nifi.processors.standard.TailFile - TailFile[id=917d4676-573e-447b-a03d-7aff2f9ecd02] No data to consume; created no FlowFiles
[pool-4431-thread-1] DEBUG org.apache.nifi.processors.standard.TailFile - TailFile[id=917d4676-573e-447b-a03d-7aff2f9ecd02] Recovering Rolled Off Files; total number of files rolled off = 0
[pool-4431-thread-1] DEBUG org.apache.nifi.processors.standard.TailFile - TailFile[id=917d4676-573e-447b-a03d-7aff2f9ecd02] No data to consume; created no FlowFiles
[pool-4431-thread-1] DEBUG org.apache.nifi.processors.standard.TailFile - TailFile[id=917d4676-573e-447b-a03d-7aff2f9ecd02] Recovering Rolled Off Files; total number of files rolled off = 0
[pool-4431-thread-1] DEBUG org.apache.nifi.processors.standard.TailFile - TailFile[id=917d4676-573e-447b-a03d-7aff2f9ecd02] No data to consume; created no FlowFiles
[pool-4431-thread-1] DEBUG org.apache.nifi.processors.standard.TailFile - TailFile[id=917d4676-573e-447b-a03d-7aff2f9ecd02] Recovering Rolled Off Files; total number of files rolled off = 0
[pool-4431-thread-1] DEBUG org.apache.nifi.processors.standard.TailFile - TailFile[id=917d4676-573e-447b-a03d-7aff2f9ecd02] No data to consume; created no FlowFiles
[pool-4431-thread-1] DEBUG org.apache.nifi.processors.standard.TailFile - TailFile[id=917d4676-573e-447b-a03d-7aff2f9ecd02] Recovering Rolled Off Files; total number of files rolled off = 0
[pool-4431-thread-1] DEBUG org.apache.nifi.processors.standard.TailFile - TailFile[id=917d4676-573e-447b-a03d-7aff2f9ecd02] No data to consume; created no FlowFiles
[pool-4431-thread-1] DEBUG org.apache.nifi.processors.standard.TailFile - TailFile[id=917d4676-573e-447b-a03d-7aff2f9ecd02] Recovering Rolled Off Files; total number of files rolled off = 0
[pool-4431-thread-1] DEBUG org.apache.nifi.processors.standard.TailFile - TailFile[id=917d4676-573e-447b-a03d-7aff2f9ecd02] No data to consume; created no FlowFiles
[pool-4431-thread-1] DEBUG org.apache.nifi.processors.standard.TailFile - TailFile[id=917d4676-573e-447b-a03d-7aff2f9ecd02] Recovering Rolled Off Files; total number of files rolled off = 0
[pool-4431-thread-1] DEBUG org.apache.nifi.processors.standard.TailFile - TailFile[id=917d4676-573e-447b-a03d-7aff2f9ecd02] No data to consume; created no FlowFiles
[pool-4431-thread-1] DEBUG org.apache.nifi.processors.standard.TailFile - TailFile[id=917d4676-573e-447b-a03d-7aff2f9ecd02] Recovering Rolled Off Files; total number of files rolled off = 0
[pool-4431-thread-1] DEBUG org.apache.nifi.processors.standard.TailFile - TailFile[id=917d4676-573e-447b-a03d-7aff2f9ecd02] No data to consume; created no FlowFiles
[pool-4431-thread-1] DEBUG org.apache.nifi.processors.standard.TailFile - TailFile[id=917d4676-573e-447b-a03d-7aff2f9ecd02] Recovering Rolled Off Files; total number of files rolled off = 0
[pool-4431-thread-1] DEBUG org.apache.nifi.processors.standard.TailFile - TailFile[id=917d4676-573e-447b-a03d-7aff2f9ecd02] No data to consume; created no FlowFiles
[pool-4431-thread-1] DEBUG org.apache.nifi.processors.standard.TailFile - TailFile[id=917d4676-573e-447b-a03d-7aff2f9ecd02] Recovering Rolled Off Files; total number of files rolled off = 0
[pool-4431-thread-1] DEBUG org.apache.nifi.processors.standard.TailFile - TailFile[id=917d4676-573e-447b-a03d-7aff2f9ecd02] No data to consume; created no FlowFiles
[pool-4431-thread-1] DEBUG org.apache.nifi.processors.standard.TailFile - TailFile[id=917d4676-573e-447b-a03d-7aff2f9ecd02] Recovering Rolled Off Files; total number of files rolled off = 0
[pool-4431-thread-1] DEBUG org.apache.nifi.processors.standard.TailFile - TailFile[id=917d4676-573e-447b-a03d-7aff2f9ecd02] No data to consume; created no FlowFiles
[pool-4431-thread-1] DEBUG org.apache.nifi.processors.standard.TailFile - TailFile[id=917d4676-573e-447b-a03d-7aff2f9ecd02] Recovering Rolled Off Files; total number of files rolled off = 0
[pool-4431-thread-1] DEBUG org.apache.nifi.processors.standard.TailFile - TailFile[id=917d4676-573e-447b-a03d-7aff2f9ecd02] No data to consume; created no FlowFiles
[pool-4431-thread-1] DEBUG org.apache.nifi.processors.standard.TailFile - TailFile[id=917d4676-573e-447b-a03d-7aff2f9ecd02] Recovering Rolled Off Files; total number of files rolled off = 0
[pool-4431-thread-1] DEBUG org.apache.nifi.processors.standard.TailFile - TailFile[id=917d4676-573e-447b-a03d-7aff2f9ecd02] No data to consume; created no FlowFiles
[pool-4431-thread-1] DEBUG org.apache.nifi.processors.standard.TailFile - TailFile[id=917d4676-573e-447b-a03d-7aff2f9ecd02] Recovering Rolled Off Files; total number of files rolled off = 0
[pool-4431-thread-1] DEBUG org.apache.nifi.processors.standard.TailFile - TailFile[id=917d4676-573e-447b-a03d-7aff2f9ecd02] No data to consume; created no FlowFiles
[pool-4431-thread-1] DEBUG org.apache.nifi.processors.standard.TailFile - TailFile[id=917d4676-573e-447b-a03d-7aff2f9ecd02] Recovering Rolled Off Files; total number of files rolled off = 0
[pool-4431-thread-1] DEBUG org.apache.nifi.processors.standard.TailFile - TailFile[id=917d4676-573e-447b-a03d-7aff2f9ecd02] No data to consume; created no FlowFiles
[pool-4431-thread-1] DEBUG org.apache.nifi.processors.standard.TailFile - TailFile[id=917d4676-573e-447b-a03d-7aff2f9ecd02] Recovering Rolled Off Files; total number of files rolled off = 0
[pool-4431-thread-1] DEBUG org.apache.nifi.processors.standard.TailFile - TailFile[id=917d4676-573e-447b-a03d-7aff2f9ecd02] No data to consume; created no FlowFiles
[pool-4431-thread-1] DEBUG org.apache.nifi.processors.standard.TailFile - TailFile[id=917d4676-573e-447b-a03d-7aff2f9ecd02] Recovering Rolled Off Files; total number of files rolled off = 0
[pool-4431-thread-1] DEBUG org.apache.nifi.processors.standard.TailFile - TailFile[id=917d4676-573e-447b-a03d-7aff2f9ecd02] No data to consume; created no FlowFiles
[pool-4431-thread-1] DEBUG org.apache.nifi.processors.standard.TailFile - TailFile[id=917d4676-573e-447b-a03d-7aff2f9ecd02] Recovering Rolled Off Files; total number of files rolled off = 0
[pool-4431-thread-1] DEBUG org.apache.nifi.processors.standard.TailFile - TailFile[id=917d4676-573e-447b-a03d-7aff2f9ecd02] No data to consume; created no FlowFiles
[pool-4431-thread-1] DEBUG org.apache.nifi.processors.standard.TailFile - TailFile[id=917d4676-573e-447b-a03d-7aff2f9ecd02] Recovering Rolled Off Files; total number of files rolled off = 0
[pool-4431-thread-1] DEBUG org.apache.nifi.processors.standard.TailFile - TailFile[id=917d4676-573e-447b-a03d-7aff2f9ecd02] No data to consume; created no FlowFiles
[pool-4431-thread-1] DEBUG org.apache.nifi.processors.standard.TailFile - TailFile[id=917d4676-573e-447b-a03d-7aff2f9ecd02] Recovering Rolled Off Files; total number of files rolled off = 0
[pool-4431-thread-1] DEBUG org.apache.nifi.processors.standard.TailFile - TailFile[id=917d4676-573e-447b-a03d-7aff2f9ecd02] No data to consume; created no FlowFiles
[pool-4431-thread-1] DEBUG org.apache.nifi.processors.standard.TailFile - TailFile[id=917d4676-573e-447b-a03d-7aff2f9ecd02] Recovering Rolled Off Files; total number of files rolled off = 0
[pool-4431-thread-1] DEBUG org.apache.nifi.processors.standard.TailFile - TailFile[id=917d4676-573e-447b-a03d-7aff2f9ecd02] No data to consume; created no FlowFiles
[pool-4431-thread-1] DEBUG org.apache.nifi.processors.standard.TailFile - TailFile[id=917d4676-573e-447b-a03d-7aff2f9ecd02] Recovering Rolled Off Files; total number of files rolled off = 0
[pool-4431-thread-1] DEBUG org.apache.nifi.processors.standard.TailFile - TailFile[id=917d4676-573e-447b-a03d-7aff2f9ecd02] No data to consume; created no FlowFiles
[pool-4431-thread-1] DEBUG org.apache.nifi.processors.standard.TailFile - TailFile[id=917d4676-573e-447b-a03d-7aff2f9ecd02] Recovering Rolled Off Files; total number of files rolled off = 0
[pool-4431-thread-1] DEBUG org.apache.nifi.processors.standard.TailFile - TailFile[id=917d4676-573e-447b-a03d-7aff2f9ecd02] No data to consume; created no FlowFiles
[pool-4431-thread-1] DEBUG org.apache.nifi.processors.standard.TailFile - TailFile[id=917d4676-573e-447b-a03d-7aff2f9ecd02] Recovering Rolled Off Files; total number of files rolled off = 0
[pool-4431-thread-1] DEBUG org.apache.nifi.processors.standard.TailFile - TailFile[id=917d4676-573e-447b-a03d-7aff2f9ecd02] No data to consume; created no FlowFiles
[pool-4431-thread-1] DEBUG org.apache.nifi.processors.standard.TailFile - TailFile[id=917d4676-573e-447b-a03d-7aff2f9ecd02] Recovering Rolled Off Files; total number of files rolled off = 0
[pool-4431-thread-1] DEBUG org.apache.nifi.processors.standard.TailFile - TailFile[id=917d4676-573e-447b-a03d-7aff2f9ecd02] No data to consume; created no FlowFiles
[pool-4431-thread-1] DEBUG org.apache.nifi.processors.standard.TailFile - TailFile[id=917d4676-573e-447b-a03d-7aff2f9ecd02] Recovering Rolled Off Files; total number of files rolled off = 0
[pool-4431-thread-1] DEBUG org.apache.nifi.processors.standard.TailFile - TailFile[id=917d4676-573e-447b-a03d-7aff2f9ecd02] No data to consume; created no FlowFiles
[pool-4431-thread-1] DEBUG org.apache.nifi.processors.standard.TailFile - TailFile[id=917d4676-573e-447b-a03d-7aff2f9ecd02] Recovering Rolled Off Files; total number of files rolled off = 0
[pool-4431-thread-1] DEBUG org.apache.nifi.processors.standard.TailFile - TailFile[id=917d4676-573e-447b-a03d-7aff2f9ecd02] No data to consume; created no FlowFiles
[pool-4431-thread-1] DEBUG org.apache.nifi.processors.standard.TailFile - TailFile[id=917d4676-573e-447b-a03d-7aff2f9ecd02] Recovering Rolled Off Files; total number of files rolled off = 0
[pool-4431-thread-1] DEBUG org.apache.nifi.processors.standard.TailFile - TailFile[id=917d4676-573e-447b-a03d-7aff2f9ecd02] No data to consume; created no FlowFiles
[pool-4431-thread-1] DEBUG org.apache.nifi.processors.standard.TailFile - TailFile[id=917d4676-573e-447b-a03d-7aff2f9ecd02] Recovering Rolled Off Files; total number of files rolled off = 0
[pool-4431-thread-1] DEBUG org.apache.nifi.processors.standard.TailFile - TailFile[id=917d4676-573e-447b-a03d-7aff2f9ecd02] No data to consume; created no FlowFiles
[pool-4431-thread-1] DEBUG org.apache.nifi.processors.standard.TailFile - TailFile[id=917d4676-573e-447b-a03d-7aff2f9ecd02] Recovering Rolled Off Files; total number of files rolled off = 0
[pool-4431-thread-1] DEBUG org.apache.nifi.processors.standard.TailFile - TailFile[id=917d4676-573e-447b-a03d-7aff2f9ecd02] No data to consume; created no FlowFiles
[pool-4431-thread-1] DEBUG org.apache.nifi.processors.standard.TailFile - TailFile[id=917d4676-573e-447b-a03d-7aff2f9ecd02] Recovering Rolled Off Files; total number of files rolled off = 0
[pool-4431-thread-1] DEBUG org.apache.nifi.processors.standard.TailFile - TailFile[id=917d4676-573e-447b-a03d-7aff2f9ecd02] No data to consume; created no FlowFiles
[pool-4431-thread-1] DEBUG org.apache.nifi.processors.standard.TailFile - TailFile[id=917d4676-573e-447b-a03d-7aff2f9ecd02] Recovering Rolled Off Files; total number of files rolled off = 0
[pool-4431-thread-1] DEBUG org.apache.nifi.processors.standard.TailFile - TailFile[id=917d4676-573e-447b-a03d-7aff2f9ecd02] No data to consume; created no FlowFiles
[pool-4431-thread-1] DEBUG org.apache.nifi.processors.standard.TailFile - TailFile[id=917d4676-573e-447b-a03d-7aff2f9ecd02] Recovering Rolled Off Files; total number of files rolled off = 0
[pool-4431-thread-1] DEBUG org.apache.nifi.processors.standard.TailFile - TailFile[id=917d4676-573e-447b-a03d-7aff2f9ecd02] No data to consume; created no FlowFiles
[pool-4431-thread-1] DEBUG org.apache.nifi.processors.standard.TailFile - TailFile[id=917d4676-573e-447b-a03d-7aff2f9ecd02] Recovering Rolled Off Files; total number of files rolled off = 0
[pool-4431-thread-1] DEBUG org.apache.nifi.processors.standard.TailFile - TailFile[id=917d4676-573e-447b-a03d-7aff2f9ecd02] No data to consume; created no FlowFiles
[pool-4431-thread-1] DEBUG org.apache.nifi.processors.standard.TailFile - TailFile[id=917d4676-573e-447b-a03d-7aff2f9ecd02] Recovering Rolled Off Files; total number of files rolled off = 0
[pool-4431-thread-1] DEBUG org.apache.nifi.processors.standard.TailFile - TailFile[id=917d4676-573e-447b-a03d-7aff2f9ecd02] No data to consume; created no FlowFiles
[pool-4431-thread-1] DEBUG org.apache.nifi.processors.standard.TailFile - TailFile[id=917d4676-573e-447b-a03d-7aff2f9ecd02] Recovering Rolled Off Files; total number of files rolled off = 0
[pool-4431-thread-1] DEBUG org.apache.nifi.processors.standard.TailFile - TailFile[id=917d4676-573e-447b-a03d-7aff2f9ecd02] No data to consume; created no FlowFiles
[pool-4431-thread-1] DEBUG org.apache.nifi.processors.standard.TailFile - TailFile[id=917d4676-573e-447b-a03d-7aff2f9ecd02] Recovering Rolled Off Files; total number of files rolled off = 0
[pool-4431-thread-1] DEBUG org.apache.nifi.processors.standard.TailFile - TailFile[id=917d4676-573e-447b-a03d-7aff2f9ecd02] No data to consume; created no FlowFiles
[pool-4431-thread-1] DEBUG org.apache.nifi.processors.standard.TailFile - TailFile[id=917d4676-573e-447b-a03d-7aff2f9ecd02] Recovering Rolled Off Files; total number of files rolled off = 0
[pool-4431-thread-1] DEBUG org.apache.nifi.processors.standard.TailFile - TailFile[id=917d4676-573e-447b-a03d-7aff2f9ecd02] No data to consume; created no FlowFiles
[pool-4431-thread-1] DEBUG org.apache.nifi.processors.standard.TailFile - TailFile[id=917d4676-573e-447b-a03d-7aff2f9ecd02] Recovering Rolled Off Files; total number of files rolled off = 0
[pool-4431-thread-1] DEBUG org.apache.nifi.processors.standard.TailFile - TailFile[id=917d4676-573e-447b-a03d-7aff2f9ecd02] No data to consume; created no FlowFiles
[pool-4431-thread-1] DEBUG org.apache.nifi.processors.standard.TailFile - TailFile[id=917d4676-573e-447b-a03d-7aff2f9ecd02] Recovering Rolled Off Files; total number of files rolled off = 0
[pool-4431-thread-1] DEBUG org.apache.nifi.processors.standard.TailFile - TailFile[id=917d4676-573e-447b-a03d-7aff2f9ecd02] No data to consume; created no FlowFiles
[pool-4431-thread-1] DEBUG org.apache.nifi.processors.standard.TailFile - TailFile[id=917d4676-573e-447b-a03d-7aff2f9ecd02] Recovering Rolled Off Files; total number of files rolled off = 0
[pool-4431-thread-1] DEBUG org.apache.nifi.processors.standard.TailFile - TailFile[id=917d4676-573e-447b-a03d-7aff2f9ecd02] No data to consume; created no FlowFiles
[pool-4431-thread-1] DEBUG org.apache.nifi.processors.standard.TailFile - TailFile[id=917d4676-573e-447b-a03d-7aff2f9ecd02] Recovering Rolled Off Files; total number of files rolled off = 0
[pool-4431-thread-1] DEBUG org.apache.nifi.processors.standard.TailFile - TailFile[id=917d4676-573e-447b-a03d-7aff2f9ecd02] No data to consume; created no FlowFiles
[pool-4431-thread-1] DEBUG org.apache.nifi.processors.standard.TailFile - TailFile[id=917d4676-573e-447b-a03d-7aff2f9ecd02] Recovering Rolled Off Files; total number of files rolled off = 0
[pool-4431-thread-1] DEBUG org.apache.nifi.processors.standard.TailFile - TailFile[id=917d4676-573e-447b-a03d-7aff2f9ecd02] No data to consume; created no FlowFiles
[pool-4431-thread-1] DEBUG org.apache.nifi.processors.standard.TailFile - TailFile[id=917d4676-573e-447b-a03d-7aff2f9ecd02] Recovering Rolled Off Files; total number of files rolled off = 0
[pool-4431-thread-1] DEBUG org.apache.nifi.processors.standard.TailFile - TailFile[id=917d4676-573e-447b-a03d-7aff2f9ecd02] No data to consume; created no FlowFiles
[pool-4431-thread-1] DEBUG org.apache.nifi.processors.standard.TailFile - TailFile[id=917d4676-573e-447b-a03d-7aff2f9ecd02] Recovering Rolled Off Files; total number of files rolled off = 0
[pool-4431-thread-1] DEBUG org.apache.nifi.processors.standard.TailFile - TailFile[id=917d4676-573e-447b-a03d-7aff2f9ecd02] No data to consume; created no FlowFiles
[pool-4431-thread-1] DEBUG org.apache.nifi.processors.standard.TailFile - TailFile[id=917d4676-573e-447b-a03d-7aff2f9ecd02] Recovering Rolled Off Files; total number of files rolled off = 0
[pool-4431-thread-1] DEBUG org.apache.nifi.processors.standard.TailFile - TailFile[id=917d4676-573e-447b-a03d-7aff2f9ecd02] No data to consume; created no FlowFiles
[pool-4431-thread-1] DEBUG org.apache.nifi.processors.standard.TailFile - TailFile[id=917d4676-573e-447b-a03d-7aff2f9ecd02] Recovering Rolled Off Files; total number of files rolled off = 0
[pool-4431-thread-1] DEBUG org.apache.nifi.processors.standard.TailFile - TailFile[id=917d4676-573e-447b-a03d-7aff2f9ecd02] No data to consume; created no FlowFiles
[pool-4431-thread-1] DEBUG org.apache.nifi.processors.standard.TailFile - TailFile[id=917d4676-573e-447b-a03d-7aff2f9ecd02] Recovering Rolled Off Files; total number of files rolled off = 0
[pool-4431-thread-1] DEBUG org.apache.nifi.processors.standard.TailFile - TailFile[id=917d4676-573e-447b-a03d-7aff2f9ecd02] No data to consume; created no FlowFiles
[pool-4431-thread-1] DEBUG org.apache.nifi.processors.standard.TailFile - TailFile[id=917d4676-573e-447b-a03d-7aff2f9ecd02] Recovering Rolled Off Files; total number of files rolled off = 0
[pool-4431-thread-1] DEBUG org.apache.nifi.processors.standard.TailFile - TailFile[id=917d4676-573e-447b-a03d-7aff2f9ecd02] No data to consume; created no FlowFiles
[pool-4431-thread-1] DEBUG org.apache.nifi.processors.standard.TailFile - TailFile[id=917d4676-573e-447b-a03d-7aff2f9ecd02] Recovering Rolled Off Files; total number of files rolled off = 0
[pool-4431-thread-1] DEBUG org.apache.nifi.processors.standard.TailFile - TailFile[id=917d4676-573e-447b-a03d-7aff2f9ecd02] No data to consume; created no FlowFiles
[pool-4431-thread-1] DEBUG org.apache.nifi.processors.standard.TailFile - TailFile[id=917d4676-573e-447b-a03d-7aff2f9ecd02] Recovering Rolled Off Files; total number of files rolled off = 0
[pool-4431-thread-1] DEBUG org.apache.nifi.processors.standard.TailFile - TailFile[id=917d4676-573e-447b-a03d-7aff2f9ecd02] No data to consume; created no FlowFiles
[pool-4431-thread-1] DEBUG org.apache.nifi.processors.standard.TailFile - TailFile[id=917d4676-573e-447b-a03d-7aff2f9ecd02] Recovering Rolled Off Files; total number of files rolled off = 0
[pool-4431-thread-1] DEBUG org.apache.nifi.processors.standard.TailFile - TailFile[id=917d4676-573e-447b-a03d-7aff2f9ecd02] No data to consume; created no FlowFiles
[pool-4431-thread-1] DEBUG org.apache.nifi.processors.standard.TailFile - TailFile[id=917d4676-573e-447b-a03d-7aff2f9ecd02] Recovering Rolled Off Files; total number of files rolled off = 0
[pool-4431-thread-1] DEBUG org.apache.nifi.processors.standard.TailFile - TailFile[id=917d4676-573e-447b-a03d-7aff2f9ecd02] No data to consume; created no FlowFiles
[pool-4431-thread-1] DEBUG org.apache.nifi.processors.standard.TailFile - TailFile[id=917d4676-573e-447b-a03d-7aff2f9ecd02] Recovering Rolled Off Files; total number of files rolled off = 0
[pool-4431-thread-1] DEBUG org.apache.nifi.processors.standard.TailFile - TailFile[id=917d4676-573e-447b-a03d-7aff2f9ecd02] No data to consume; created no FlowFiles
[pool-4431-thread-1] DEBUG org.apache.nifi.processors.standard.TailFile - TailFile[id=917d4676-573e-447b-a03d-7aff2f9ecd02] Recovering Rolled Off Files; total number of files rolled off = 0
[pool-4431-thread-1] DEBUG org.apache.nifi.processors.standard.TailFile - TailFile[id=917d4676-573e-447b-a03d-7aff2f9ecd02] No data to consume; created no FlowFiles
[pool-4431-thread-1] DEBUG org.apache.nifi.processors.standard.TailFile - TailFile[id=917d4676-573e-447b-a03d-7aff2f9ecd02] Recovering Rolled Off Files; total number of files rolled off = 0
[pool-4431-thread-1] DEBUG org.apache.nifi.processors.standard.TailFile - TailFile[id=917d4676-573e-447b-a03d-7aff2f9ecd02] No data to consume; created no FlowFiles
[pool-4431-thread-1] DEBUG org.apache.nifi.processors.standard.TailFile - TailFile[id=917d4676-573e-447b-a03d-7aff2f9ecd02] Recovering Rolled Off Files; total number of files rolled off = 0
[pool-4431-thread-1] DEBUG org.apache.nifi.processors.standard.TailFile - TailFile[id=917d4676-573e-447b-a03d-7aff2f9ecd02] No data to consume; created no FlowFiles
[pool-4431-thread-1] DEBUG org.apache.nifi.processors.standard.TailFile - TailFile[id=917d4676-573e-447b-a03d-7aff2f9ecd02] Recovering Rolled Off Files; total number of files rolled off = 0
[pool-4431-thread-1] DEBUG org.apache.nifi.processors.standard.TailFile - TailFile[id=917d4676-573e-447b-a03d-7aff2f9ecd02] No data to consume; created no FlowFiles
[pool-4431-thread-1] DEBUG org.apache.nifi.processors.standard.TailFile - TailFile[id=917d4676-573e-447b-a03d-7aff2f9ecd02] Recovering Rolled Off Files; total number of files rolled off = 0
[pool-4431-thread-1] DEBUG org.apache.nifi.processors.standard.TailFile - TailFile[id=917d4676-573e-447b-a03d-7aff2f9ecd02] No data to consume; created no FlowFiles
[pool-4431-thread-1] DEBUG org.apache.nifi.processors.standard.TailFile - TailFile[id=917d4676-573e-447b-a03d-7aff2f9ecd02] Recovering Rolled Off Files; total number of files rolled off = 0
[pool-4431-thread-1] DEBUG org.apache.nifi.processors.standard.TailFile - TailFile[id=917d4676-573e-447b-a03d-7aff2f9ecd02] No data to consume; created no FlowFiles
[pool-4431-thread-1] DEBUG org.apache.nifi.processors.standard.TailFile - TailFile[id=917d4676-573e-447b-a03d-7aff2f9ecd02] Recovering Rolled Off Files; total number of files rolled off = 0
[pool-4431-thread-1] DEBUG org.apache.nifi.processors.standard.TailFile - TailFile[id=917d4676-573e-447b-a03d-7aff2f9ecd02] No data to consume; created no FlowFiles
[pool-4431-thread-1] DEBUG org.apache.nifi.processors.standard.TailFile - TailFile[id=917d4676-573e-447b-a03d-7aff2f9ecd02] Recovering Rolled Off Files; total number of files rolled off = 0
[pool-4431-thread-1] DEBUG org.apache.nifi.processors.standard.TailFile - TailFile[id=917d4676-573e-447b-a03d-7aff2f9ecd02] No data to consume; created no FlowFiles
[pool-4431-thread-1] DEBUG org.apache.nifi.processors.standard.TailFile - TailFile[id=917d4676-573e-447b-a03d-7aff2f9ecd02] Recovering Rolled Off Files; total number of files rolled off = 0
[pool-4431-thread-1] DEBUG org.apache.nifi.processors.standard.TailFile - TailFile[id=917d4676-573e-447b-a03d-7aff2f9ecd02] No data to consume; created no FlowFiles
[pool-4431-thread-1] DEBUG org.apache.nifi.processors.standard.TailFile - TailFile[id=917d4676-573e-447b-a03d-7aff2f9ecd02] Recovering Rolled Off Files; total number of files rolled off = 0
[pool-4431-thread-1] DEBUG org.apache.nifi.processors.standard.TailFile - TailFile[id=917d4676-573e-447b-a03d-7aff2f9ecd02] No data to consume; created no FlowFiles
[pool-4431-thread-1] DEBUG org.apache.nifi.processors.standard.TailFile - TailFile[id=917d4676-573e-447b-a03d-7aff2f9ecd02] Recovering Rolled Off Files; total number of files rolled off = 0
[pool-4431-thread-1] DEBUG org.apache.nifi.processors.standard.TailFile - TailFile[id=917d4676-573e-447b-a03d-7aff2f9ecd02] No data to consume; created no FlowFiles
[pool-4431-thread-1] DEBUG org.apache.nifi.processors.standard.TailFile - TailFile[id=917d4676-573e-447b-a03d-7aff2f9ecd02] Recovering Rolled Off Files; total number of files rolled off = 0
[pool-4431-thread-1] DEBUG org.apache.nifi.processors.standard.TailFile - TailFile[id=917d4676-573e-447b-a03d-7aff2f9ecd02] No data to consume; created no FlowFiles
[pool-4431-thread-1] DEBUG org.apache.nifi.processors.standard.TailFile - TailFile[id=917d4676-573e-447b-a03d-7aff2f9ecd02] Recovering Rolled Off Files; total number of files rolled off = 0
[pool-4431-thread-1] DEBUG org.apache.nifi.processors.standard.TailFile - TailFile[id=917d4676-573e-447b-a03d-7aff2f9ecd02] No data to consume; created no FlowFiles
[pool-4431-thread-1] DEBUG org.apache.nifi.processors.standard.TailFile - TailFile[id=917d4676-573e-447b-a03d-7aff2f9ecd02] Recovering Rolled Off Files; total number of files rolled off = 0
[pool-4431-thread-1] DEBUG org.apache.nifi.processors.standard.TailFile - TailFile[id=917d4676-573e-447b-a03d-7aff2f9ecd02] No data to consume; created no FlowFiles
[main] DEBUG org.apache.nifi.processors.standard.TailFile - TailFile[id=917d4676-573e-447b-a03d-7aff2f9ecd02] Closed FileChannel sun.nio.ch.FileChannelImpl@70fc8f5f
]]></system-err>
  </testcase>
  <testcase name="testRolloverAndUpdateAtSameTime" classname="org.apache.nifi.processors.standard.TestTailFile" time="0.004">
    <system-err><![CDATA[[pool-4432-thread-1] DEBUG org.apache.nifi.processors.standard.TailFile - TailFile[id=e0f1c76b-2840-4902-b63f-dc3cfcfacfb9] Created FileChannel sun.nio.ch.FileChannelImpl@3b471745 for target/log.txt
[pool-4432-thread-1] DEBUG org.apache.nifi.processors.standard.TailFile - TailFile[id=e0f1c76b-2840-4902-b63f-dc3cfcfacfb9] Reading lines starting at position 0
[pool-4432-thread-1] TRACE org.apache.nifi.processors.standard.TailFile - TailFile[id=e0f1c76b-2840-4902-b63f-dc3cfcfacfb9] Checksum updated to 1506887054
[pool-4432-thread-1] DEBUG org.apache.nifi.processors.standard.TailFile - TailFile[id=e0f1c76b-2840-4902-b63f-dc3cfcfacfb9] Created FlowFile[0,log.0-12.txt,12B] and routed to success
[main] DEBUG org.apache.nifi.processors.standard.TailFile - TailFile[id=e0f1c76b-2840-4902-b63f-dc3cfcfacfb9] Closed FileChannel sun.nio.ch.FileChannelImpl@3b471745
[main] DEBUG org.apache.nifi.processors.standard.TailFile - TailFile[id=e0f1c76b-2840-4902-b63f-dc3cfcfacfb9] When recovering state, existing file to tail is only 9 bytes but position flag is 12; this indicates that the file has rotated. Will begin tailing current file from beginning.
[main] DEBUG org.apache.nifi.processors.standard.TailFile - TailFile[id=e0f1c76b-2840-4902-b63f-dc3cfcfacfb9] Recovered state TailFileState[filename=target/log.txt, position=12, timestamp=1714615810362, checksum=0, tailingPostRollover=false]
[pool-4433-thread-1] DEBUG org.apache.nifi.processors.standard.TailFile - TailFile[id=e0f1c76b-2840-4902-b63f-dc3cfcfacfb9] Recovering Rolled Off Files; total number of files rolled off = 1
[pool-4433-thread-1] DEBUG org.apache.nifi.processors.standard.TailFile - TailFile[id=e0f1c76b-2840-4902-b63f-dc3cfcfacfb9] Checksum for target/log.1 matched expected checksum. Will skip first 12 bytes
[pool-4433-thread-1] DEBUG org.apache.nifi.processors.standard.TailFile - TailFile[id=e0f1c76b-2840-4902-b63f-dc3cfcfacfb9] Reading lines starting at position 12
[pool-4433-thread-1] TRACE org.apache.nifi.processors.standard.TailFile - TailFile[id=e0f1c76b-2840-4902-b63f-dc3cfcfacfb9] Checksum updated to 0
[pool-4433-thread-1] TRACE org.apache.nifi.processors.standard.TailFile - TailFile[id=e0f1c76b-2840-4902-b63f-dc3cfcfacfb9] Checksum updated to 2636723256
[pool-4433-thread-1] DEBUG org.apache.nifi.processors.standard.TailFile - TailFile[id=e0f1c76b-2840-4902-b63f-dc3cfcfacfb9] Created FlowFile[1,log.1,7B] from rolled over file target/log.1 and routed to success
[pool-4433-thread-1] DEBUG org.apache.nifi.processors.standard.TailFile - TailFile[id=e0f1c76b-2840-4902-b63f-dc3cfcfacfb9] Completed tailing of file target/log.txt; will cleanup state
[pool-4433-thread-1] DEBUG org.apache.nifi.processors.standard.TailFile - TailFile[id=e0f1c76b-2840-4902-b63f-dc3cfcfacfb9] Created FileChannel sun.nio.ch.FileChannelImpl@5fc46011 for target/log.txt
[pool-4433-thread-1] DEBUG org.apache.nifi.processors.standard.TailFile - TailFile[id=e0f1c76b-2840-4902-b63f-dc3cfcfacfb9] Closed FileChannel sun.nio.ch.FileChannelImpl@5fc46011
[pool-4433-thread-1] DEBUG org.apache.nifi.processors.standard.TailFile - TailFile[id=e0f1c76b-2840-4902-b63f-dc3cfcfacfb9] Created FileChannel sun.nio.ch.FileChannelImpl@5bfbef31 for target/log.txt
[pool-4433-thread-1] DEBUG org.apache.nifi.processors.standard.TailFile - TailFile[id=e0f1c76b-2840-4902-b63f-dc3cfcfacfb9] Reading lines starting at position 0
[pool-4433-thread-1] TRACE org.apache.nifi.processors.standard.TailFile - TailFile[id=e0f1c76b-2840-4902-b63f-dc3cfcfacfb9] Checksum updated to 755922184
[pool-4433-thread-1] DEBUG org.apache.nifi.processors.standard.TailFile - TailFile[id=e0f1c76b-2840-4902-b63f-dc3cfcfacfb9] Created FlowFile[2,log.0-9.txt,9B] and routed to success
[pool-4434-thread-1] DEBUG org.apache.nifi.processors.standard.TailFile - TailFile[id=e0f1c76b-2840-4902-b63f-dc3cfcfacfb9] Found rolled off file target/log.txt but its last modified timestamp is before the cutoff (Last Mod = 1714615810362, Cutoff = 1714615810363) so will not consume it
[pool-4434-thread-1] DEBUG org.apache.nifi.processors.standard.TailFile - TailFile[id=e0f1c76b-2840-4902-b63f-dc3cfcfacfb9] Found rolled off file target/log.1 but its last modified timestamp is before the cutoff (Last Mod = 1714615810362, Cutoff = 1714615810363) so will not consume it
[pool-4434-thread-1] DEBUG org.apache.nifi.processors.standard.TailFile - TailFile[id=e0f1c76b-2840-4902-b63f-dc3cfcfacfb9] Recovering Rolled Off Files; total number of files rolled off = 0
[pool-4434-thread-1] DEBUG org.apache.nifi.processors.standard.TailFile - TailFile[id=e0f1c76b-2840-4902-b63f-dc3cfcfacfb9] No data to consume; created no FlowFiles
[main] DEBUG org.apache.nifi.processors.standard.TailFile - TailFile[id=e0f1c76b-2840-4902-b63f-dc3cfcfacfb9] Closed FileChannel sun.nio.ch.FileChannelImpl@5bfbef31
]]></system-err>
  </testcase>
  <testcase name="testNULContentWithReReadOnNulDefault" classname="org.apache.nifi.processors.standard.TestTailFile" time="0.003">
    <system-err><![CDATA[[pool-4435-thread-1] DEBUG org.apache.nifi.processors.standard.TailFile - TailFile[id=62d13d56-cc9b-4e08-a49a-bb987940ce87] Created FileChannel sun.nio.ch.FileChannelImpl@3c3e5a2e for target/log.txt
[pool-4435-thread-1] DEBUG org.apache.nifi.processors.standard.TailFile - TailFile[id=62d13d56-cc9b-4e08-a49a-bb987940ce87] Reading lines starting at position 0
[pool-4435-thread-1] TRACE org.apache.nifi.processors.standard.TailFile - TailFile[id=62d13d56-cc9b-4e08-a49a-bb987940ce87] Checksum updated to 2783226356
[pool-4435-thread-1] DEBUG org.apache.nifi.processors.standard.TailFile - TailFile[id=62d13d56-cc9b-4e08-a49a-bb987940ce87] Created FlowFile[0,log.0-21.txt,21B] and routed to success
[pool-4436-thread-1] DEBUG org.apache.nifi.processors.standard.TailFile - TailFile[id=62d13d56-cc9b-4e08-a49a-bb987940ce87] Recovering Rolled Off Files; total number of files rolled off = 0
[pool-4436-thread-1] DEBUG org.apache.nifi.processors.standard.TailFile - TailFile[id=62d13d56-cc9b-4e08-a49a-bb987940ce87] Reading lines starting at position 21
[pool-4436-thread-1] TRACE org.apache.nifi.processors.standard.TailFile - TailFile[id=62d13d56-cc9b-4e08-a49a-bb987940ce87] Checksum updated to 179550039
[pool-4436-thread-1] DEBUG org.apache.nifi.processors.standard.TailFile - TailFile[id=62d13d56-cc9b-4e08-a49a-bb987940ce87] Created FlowFile[1,log.21-33.txt,12B] and routed to success
[main] DEBUG org.apache.nifi.processors.standard.TailFile - TailFile[id=62d13d56-cc9b-4e08-a49a-bb987940ce87] Closed FileChannel sun.nio.ch.FileChannelImpl@3c3e5a2e
]]></system-err>
  </testcase>
  <testcase name="testRolloverWriteMoreDataThanPrevious" classname="org.apache.nifi.processors.standard.TestTailFile" time="0.004">
    <system-err><![CDATA[[pool-4437-thread-1] DEBUG org.apache.nifi.processors.standard.TailFile - TailFile[id=65a80582-f689-44f8-bc69-0f843595ea71] Created FileChannel sun.nio.ch.FileChannelImpl@32b10cd3 for target/log.txt
[pool-4437-thread-1] DEBUG org.apache.nifi.processors.standard.TailFile - TailFile[id=65a80582-f689-44f8-bc69-0f843595ea71] No data to consume; created no FlowFiles
[pool-4438-thread-1] DEBUG org.apache.nifi.processors.standard.TailFile - TailFile[id=65a80582-f689-44f8-bc69-0f843595ea71] Recovering Rolled Off Files; total number of files rolled off = 0
[pool-4438-thread-1] DEBUG org.apache.nifi.processors.standard.TailFile - TailFile[id=65a80582-f689-44f8-bc69-0f843595ea71] Reading lines starting at position 0
[pool-4438-thread-1] TRACE org.apache.nifi.processors.standard.TailFile - TailFile[id=65a80582-f689-44f8-bc69-0f843595ea71] Checksum updated to 909783072
[pool-4438-thread-1] DEBUG org.apache.nifi.processors.standard.TailFile - TailFile[id=65a80582-f689-44f8-bc69-0f843595ea71] Created FlowFile[0,log.0-6.txt,6B] and routed to success
[main] DEBUG org.apache.nifi.processors.standard.TailFile - TailFile[id=65a80582-f689-44f8-bc69-0f843595ea71] Closed FileChannel sun.nio.ch.FileChannelImpl@32b10cd3
[main] DEBUG org.apache.nifi.processors.standard.TailFile - TailFile[id=65a80582-f689-44f8-bc69-0f843595ea71] When recovering state, checksum of tailed file matches the stored checksum. Will resume where left off.
[main] DEBUG org.apache.nifi.processors.standard.TailFile - TailFile[id=65a80582-f689-44f8-bc69-0f843595ea71] Created FileChannel sun.nio.ch.FileChannelImpl@57347bf for target/log.txt in recoverState
[main] DEBUG org.apache.nifi.processors.standard.TailFile - TailFile[id=65a80582-f689-44f8-bc69-0f843595ea71] Recovered state TailFileState[filename=target/log.txt, position=6, timestamp=1714615810370, checksum=909783072, tailingPostRollover=false]
[pool-4439-thread-1] DEBUG org.apache.nifi.processors.standard.TailFile - TailFile[id=65a80582-f689-44f8-bc69-0f843595ea71] Recovering Rolled Off Files; total number of files rolled off = 0
[pool-4439-thread-1] DEBUG org.apache.nifi.processors.standard.TailFile - TailFile[id=65a80582-f689-44f8-bc69-0f843595ea71] Reading lines starting at position 6
[pool-4439-thread-1] DEBUG org.apache.nifi.processors.standard.TailFile - TailFile[id=65a80582-f689-44f8-bc69-0f843595ea71] Read 0 lines; repositioning reader from 11 to 6
[pool-4439-thread-1] DEBUG org.apache.nifi.processors.standard.TailFile - TailFile[id=65a80582-f689-44f8-bc69-0f843595ea71] No data to consume; removed created FlowFile
[main] DEBUG org.apache.nifi.processors.standard.TailFile - TailFile[id=65a80582-f689-44f8-bc69-0f843595ea71] Closed FileChannel sun.nio.ch.FileChannelImpl@57347bf
[main] DEBUG org.apache.nifi.processors.standard.TailFile - TailFile[id=65a80582-f689-44f8-bc69-0f843595ea71] When recovering state, checksum of tailed file does not match the stored checksum. Will begin tailing current file from beginning.
[main] DEBUG org.apache.nifi.processors.standard.TailFile - TailFile[id=65a80582-f689-44f8-bc69-0f843595ea71] Recovered state TailFileState[filename=target/log.txt, position=6, timestamp=1714615810370, checksum=3849739385, tailingPostRollover=false]
[pool-4440-thread-1] DEBUG org.apache.nifi.processors.standard.TailFile - TailFile[id=65a80582-f689-44f8-bc69-0f843595ea71] Recovering Rolled Off Files; total number of files rolled off = 1
[pool-4440-thread-1] DEBUG org.apache.nifi.processors.standard.TailFile - TailFile[id=65a80582-f689-44f8-bc69-0f843595ea71] Checksum for target/log.1 matched expected checksum. Will skip first 6 bytes
[pool-4440-thread-1] DEBUG org.apache.nifi.processors.standard.TailFile - TailFile[id=65a80582-f689-44f8-bc69-0f843595ea71] Reading lines starting at position 6
[pool-4440-thread-1] TRACE org.apache.nifi.processors.standard.TailFile - TailFile[id=65a80582-f689-44f8-bc69-0f843595ea71] Checksum updated to 3849739385
[pool-4440-thread-1] TRACE org.apache.nifi.processors.standard.TailFile - TailFile[id=65a80582-f689-44f8-bc69-0f843595ea71] Checksum updated to 1008414892
[pool-4440-thread-1] DEBUG org.apache.nifi.processors.standard.TailFile - TailFile[id=65a80582-f689-44f8-bc69-0f843595ea71] Created FlowFile[2,log.1,5B] from rolled over file target/log.1 and routed to success
[pool-4440-thread-1] DEBUG org.apache.nifi.processors.standard.TailFile - TailFile[id=65a80582-f689-44f8-bc69-0f843595ea71] Completed tailing of file target/log.txt; will cleanup state
[pool-4440-thread-1] DEBUG org.apache.nifi.processors.standard.TailFile - TailFile[id=65a80582-f689-44f8-bc69-0f843595ea71] Created FileChannel sun.nio.ch.FileChannelImpl@4f73122a for target/log.txt
[pool-4440-thread-1] DEBUG org.apache.nifi.processors.standard.TailFile - TailFile[id=65a80582-f689-44f8-bc69-0f843595ea71] Closed FileChannel sun.nio.ch.FileChannelImpl@4f73122a
[pool-4440-thread-1] DEBUG org.apache.nifi.processors.standard.TailFile - TailFile[id=65a80582-f689-44f8-bc69-0f843595ea71] Created FileChannel sun.nio.ch.FileChannelImpl@4b4c8f1c for target/log.txt
[pool-4440-thread-1] DEBUG org.apache.nifi.processors.standard.TailFile - TailFile[id=65a80582-f689-44f8-bc69-0f843595ea71] Reading lines starting at position 0
[pool-4440-thread-1] TRACE org.apache.nifi.processors.standard.TailFile - TailFile[id=65a80582-f689-44f8-bc69-0f843595ea71] Checksum updated to 1772237550
[pool-4440-thread-1] DEBUG org.apache.nifi.processors.standard.TailFile - TailFile[id=65a80582-f689-44f8-bc69-0f843595ea71] Created FlowFile[3,log.0-18.txt,18B] and routed to success
[main] DEBUG org.apache.nifi.processors.standard.TailFile - TailFile[id=65a80582-f689-44f8-bc69-0f843595ea71] Closed FileChannel sun.nio.ch.FileChannelImpl@4b4c8f1c
]]></system-err>
  </testcase>
  <testcase name="testStartAtBeginningOfFile" classname="org.apache.nifi.processors.standard.TestTailFile" time="0.002">
    <system-err><![CDATA[[pool-4441-thread-1] DEBUG org.apache.nifi.processors.standard.TailFile - TailFile[id=bb3254c8-5200-4c87-91ca-ef918524b715] Created FileChannel sun.nio.ch.FileChannelImpl@5d01f814 for target/log.txt
[pool-4441-thread-1] DEBUG org.apache.nifi.processors.standard.TailFile - TailFile[id=bb3254c8-5200-4c87-91ca-ef918524b715] Reading lines starting at position 0
[pool-4441-thread-1] TRACE org.apache.nifi.processors.standard.TailFile - TailFile[id=bb3254c8-5200-4c87-91ca-ef918524b715] Checksum updated to 2936552237
[pool-4441-thread-1] DEBUG org.apache.nifi.processors.standard.TailFile - TailFile[id=bb3254c8-5200-4c87-91ca-ef918524b715] Created FlowFile[0,log.0-12.txt,12B] and routed to success
[main] DEBUG org.apache.nifi.processors.standard.TailFile - TailFile[id=bb3254c8-5200-4c87-91ca-ef918524b715] Closed FileChannel sun.nio.ch.FileChannelImpl@5d01f814
]]></system-err>
  </testcase>
  <testcase name="testStartAtBeginningOfTime" classname="org.apache.nifi.processors.standard.TestTailFile" time="0.003">
    <system-err><![CDATA[[pool-4442-thread-1] DEBUG org.apache.nifi.processors.standard.TailFile - TailFile[id=a5cbb3f7-d71d-484c-be1b-95af73ea9a3d] Recovering Rolled Off Files; total number of files rolled off = 1
[pool-4442-thread-1] TRACE org.apache.nifi.processors.standard.TailFile - TailFile[id=a5cbb3f7-d71d-484c-be1b-95af73ea9a3d] Checksum updated to 0
[pool-4442-thread-1] DEBUG org.apache.nifi.processors.standard.TailFile - TailFile[id=a5cbb3f7-d71d-484c-be1b-95af73ea9a3d] Created FlowFile[0,log.txt.previous,5B] from target/log.txt.previous and routed to success
[pool-4442-thread-1] DEBUG org.apache.nifi.processors.standard.TailFile - TailFile[id=a5cbb3f7-d71d-484c-be1b-95af73ea9a3d] Created FileChannel sun.nio.ch.FileChannelImpl@6f4db744 for target/log.txt
[pool-4442-thread-1] DEBUG org.apache.nifi.processors.standard.TailFile - TailFile[id=a5cbb3f7-d71d-484c-be1b-95af73ea9a3d] Reading lines starting at position 0
[pool-4442-thread-1] TRACE org.apache.nifi.processors.standard.TailFile - TailFile[id=a5cbb3f7-d71d-484c-be1b-95af73ea9a3d] Checksum updated to 3711459752
[pool-4442-thread-1] DEBUG org.apache.nifi.processors.standard.TailFile - TailFile[id=a5cbb3f7-d71d-484c-be1b-95af73ea9a3d] Created FlowFile[1,log.0-6.txt,6B] and routed to success
[main] DEBUG org.apache.nifi.processors.standard.TailFile - TailFile[id=a5cbb3f7-d71d-484c-be1b-95af73ea9a3d] Closed FileChannel sun.nio.ch.FileChannelImpl@6f4db744
]]></system-err>
  </testcase>
  <testcase name="testRemainderOfFileRecoveredAfterRestart" classname="org.apache.nifi.processors.standard.TestTailFile" time="0.004">
    <system-err><![CDATA[[pool-4443-thread-1] DEBUG org.apache.nifi.processors.standard.TailFile - TailFile[id=d88e2233-5eec-47bc-860f-519362279f40] Created FileChannel sun.nio.ch.FileChannelImpl@7c7580de for target/log.txt
[pool-4443-thread-1] DEBUG org.apache.nifi.processors.standard.TailFile - TailFile[id=d88e2233-5eec-47bc-860f-519362279f40] No data to consume; created no FlowFiles
[main] DEBUG org.apache.nifi.processors.standard.TailFile - TailFile[id=d88e2233-5eec-47bc-860f-519362279f40] Closed FileChannel sun.nio.ch.FileChannelImpl@7c7580de
[main] DEBUG org.apache.nifi.processors.standard.TailFile - TailFile[id=d88e2233-5eec-47bc-860f-519362279f40] When recovering state, checksum of tailed file matches the stored checksum. Will resume where left off.
[main] DEBUG org.apache.nifi.processors.standard.TailFile - TailFile[id=d88e2233-5eec-47bc-860f-519362279f40] Created FileChannel sun.nio.ch.FileChannelImpl@7c53f68a for target/log.txt in recoverState
[main] DEBUG org.apache.nifi.processors.standard.TailFile - TailFile[id=d88e2233-5eec-47bc-860f-519362279f40] Recovered state TailFileState[filename=target/log.txt, position=0, timestamp=0, checksum=0, tailingPostRollover=false]
[pool-4444-thread-1] DEBUG org.apache.nifi.processors.standard.TailFile - TailFile[id=d88e2233-5eec-47bc-860f-519362279f40] Recovering Rolled Off Files; total number of files rolled off = 0
[pool-4444-thread-1] DEBUG org.apache.nifi.processors.standard.TailFile - TailFile[id=d88e2233-5eec-47bc-860f-519362279f40] Reading lines starting at position 0
[pool-4444-thread-1] TRACE org.apache.nifi.processors.standard.TailFile - TailFile[id=d88e2233-5eec-47bc-860f-519362279f40] Checksum updated to 909783072
[pool-4444-thread-1] DEBUG org.apache.nifi.processors.standard.TailFile - TailFile[id=d88e2233-5eec-47bc-860f-519362279f40] Created FlowFile[0,log.0-6.txt,6B] and routed to success
[main] DEBUG org.apache.nifi.processors.standard.TailFile - TailFile[id=d88e2233-5eec-47bc-860f-519362279f40] Closed FileChannel sun.nio.ch.FileChannelImpl@7c53f68a
[main] DEBUG org.apache.nifi.processors.standard.TailFile - TailFile[id=d88e2233-5eec-47bc-860f-519362279f40] When recovering state, checksum of tailed file does not match the stored checksum. Will begin tailing current file from beginning.
[main] DEBUG org.apache.nifi.processors.standard.TailFile - TailFile[id=d88e2233-5eec-47bc-860f-519362279f40] Recovered state TailFileState[filename=target/log.txt, position=6, timestamp=1714615810378, checksum=461569196, tailingPostRollover=false]
[pool-4445-thread-1] DEBUG org.apache.nifi.processors.standard.TailFile - TailFile[id=d88e2233-5eec-47bc-860f-519362279f40] Recovering Rolled Off Files; total number of files rolled off = 1
[pool-4445-thread-1] DEBUG org.apache.nifi.processors.standard.TailFile - TailFile[id=d88e2233-5eec-47bc-860f-519362279f40] Checksum for target/log1.txt matched expected checksum. Will skip first 6 bytes
[pool-4445-thread-1] DEBUG org.apache.nifi.processors.standard.TailFile - TailFile[id=d88e2233-5eec-47bc-860f-519362279f40] Reading lines starting at position 6
[pool-4445-thread-1] TRACE org.apache.nifi.processors.standard.TailFile - TailFile[id=d88e2233-5eec-47bc-860f-519362279f40] Checksum updated to 461569196
[pool-4445-thread-1] TRACE org.apache.nifi.processors.standard.TailFile - TailFile[id=d88e2233-5eec-47bc-860f-519362279f40] Checksum updated to 144166591
[pool-4445-thread-1] DEBUG org.apache.nifi.processors.standard.TailFile - TailFile[id=d88e2233-5eec-47bc-860f-519362279f40] Created FlowFile[1,log1.txt,5B] from rolled over file target/log1.txt and routed to success
[pool-4445-thread-1] DEBUG org.apache.nifi.processors.standard.TailFile - TailFile[id=d88e2233-5eec-47bc-860f-519362279f40] Completed tailing of file target/log.txt; will cleanup state
[pool-4445-thread-1] DEBUG org.apache.nifi.processors.standard.TailFile - TailFile[id=d88e2233-5eec-47bc-860f-519362279f40] Created FileChannel sun.nio.ch.FileChannelImpl@14372867 for target/log.txt
[pool-4445-thread-1] DEBUG org.apache.nifi.processors.standard.TailFile - TailFile[id=d88e2233-5eec-47bc-860f-519362279f40] Closed FileChannel sun.nio.ch.FileChannelImpl@14372867
[pool-4445-thread-1] DEBUG org.apache.nifi.processors.standard.TailFile - TailFile[id=d88e2233-5eec-47bc-860f-519362279f40] Created FileChannel sun.nio.ch.FileChannelImpl@1008be39 for target/log.txt
[pool-4445-thread-1] DEBUG org.apache.nifi.processors.standard.TailFile - TailFile[id=d88e2233-5eec-47bc-860f-519362279f40] Reading lines starting at position 0
[pool-4445-thread-1] TRACE org.apache.nifi.processors.standard.TailFile - TailFile[id=d88e2233-5eec-47bc-860f-519362279f40] Checksum updated to 755922184
[pool-4445-thread-1] DEBUG org.apache.nifi.processors.standard.TailFile - TailFile[id=d88e2233-5eec-47bc-860f-519362279f40] Created FlowFile[2,log.0-9.txt,9B] and routed to success
[main] DEBUG org.apache.nifi.processors.standard.TailFile - TailFile[id=d88e2233-5eec-47bc-860f-519362279f40] Closed FileChannel sun.nio.ch.FileChannelImpl@1008be39
]]></system-err>
  </testcase>
  <testcase name="testMultiLineWaitsForRegexMatchWithoutShutdownBetweenReads" classname="org.apache.nifi.processors.standard.TestTailFile" time="0.011">
    <system-err><![CDATA[[pool-4446-thread-1] DEBUG org.apache.nifi.processors.standard.TailFile - TailFile[id=206e446d-51e6-40ab-9859-7f820a748713] Created FileChannel sun.nio.ch.FileChannelImpl@1b1d5621 for target/log.txt
[pool-4446-thread-1] DEBUG org.apache.nifi.processors.standard.TailFile - TailFile[id=206e446d-51e6-40ab-9859-7f820a748713] Reading lines starting at position 0
[pool-4446-thread-1] TRACE org.apache.nifi.processors.standard.TailFile - TailFile[id=206e446d-51e6-40ab-9859-7f820a748713] Checksum updated to 0
[pool-4446-thread-1] TRACE org.apache.nifi.processors.standard.TailFile - TailFile[id=206e446d-51e6-40ab-9859-7f820a748713] Checksum updated to 3759327841
[pool-4446-thread-1] DEBUG org.apache.nifi.processors.standard.TailFile - TailFile[id=206e446d-51e6-40ab-9859-7f820a748713] Created FlowFile[0,log.0-35.txt,16B] and routed to success
[pool-4446-thread-1] DEBUG org.apache.nifi.processors.standard.TailFile - TailFile[id=206e446d-51e6-40ab-9859-7f820a748713] Closed FileChannel sun.nio.ch.FileChannelImpl@1b1d5621
[pool-4447-thread-1] DEBUG org.apache.nifi.processors.standard.TailFile - TailFile[id=206e446d-51e6-40ab-9859-7f820a748713] Recovering Rolled Off Files; total number of files rolled off = 0
[pool-4447-thread-1] DEBUG org.apache.nifi.processors.standard.TailFile - TailFile[id=206e446d-51e6-40ab-9859-7f820a748713] Created FileChannel sun.nio.ch.FileChannelImpl@36435cf2 for target/log.txt
[pool-4447-thread-1] DEBUG org.apache.nifi.processors.standard.TailFile - TailFile[id=206e446d-51e6-40ab-9859-7f820a748713] Reading lines starting at position 16
[pool-4447-thread-1] TRACE org.apache.nifi.processors.standard.TailFile - TailFile[id=206e446d-51e6-40ab-9859-7f820a748713] Checksum updated to 3759327841
[pool-4447-thread-1] TRACE org.apache.nifi.processors.standard.TailFile - TailFile[id=206e446d-51e6-40ab-9859-7f820a748713] Checksum updated to 1420984167
[pool-4447-thread-1] DEBUG org.apache.nifi.processors.standard.TailFile - TailFile[id=206e446d-51e6-40ab-9859-7f820a748713] Created FlowFile[1,log.16-58.txt,19B] and routed to success
[pool-4447-thread-1] DEBUG org.apache.nifi.processors.standard.TailFile - TailFile[id=206e446d-51e6-40ab-9859-7f820a748713] Closed FileChannel sun.nio.ch.FileChannelImpl@36435cf2
[main] INFO org.apache.nifi.processors.standard.TestTailFile - i = 0
[pool-4448-thread-1] DEBUG org.apache.nifi.processors.standard.TailFile - TailFile[id=206e446d-51e6-40ab-9859-7f820a748713] Recovering Rolled Off Files; total number of files rolled off = 0
[pool-4448-thread-1] DEBUG org.apache.nifi.processors.standard.TailFile - TailFile[id=206e446d-51e6-40ab-9859-7f820a748713] Created FileChannel sun.nio.ch.FileChannelImpl@5e2cb108 for target/log.txt
[pool-4448-thread-1] DEBUG org.apache.nifi.processors.standard.TailFile - TailFile[id=206e446d-51e6-40ab-9859-7f820a748713] Reading lines starting at position 35
[pool-4448-thread-1] TRACE org.apache.nifi.processors.standard.TailFile - TailFile[id=206e446d-51e6-40ab-9859-7f820a748713] Checksum updated to 1420984167
[pool-4448-thread-1] DEBUG org.apache.nifi.processors.standard.TailFile - TailFile[id=206e446d-51e6-40ab-9859-7f820a748713] No data to consume; removed created FlowFile
[pool-4448-thread-1] DEBUG org.apache.nifi.processors.standard.TailFile - TailFile[id=206e446d-51e6-40ab-9859-7f820a748713] Closed FileChannel sun.nio.ch.FileChannelImpl@5e2cb108
[main] INFO org.apache.nifi.processors.standard.TestTailFile - i = 1
[pool-4449-thread-1] DEBUG org.apache.nifi.processors.standard.TailFile - TailFile[id=206e446d-51e6-40ab-9859-7f820a748713] Recovering Rolled Off Files; total number of files rolled off = 0
[pool-4449-thread-1] DEBUG org.apache.nifi.processors.standard.TailFile - TailFile[id=206e446d-51e6-40ab-9859-7f820a748713] Created FileChannel sun.nio.ch.FileChannelImpl@2d2d0ee6 for target/log.txt
[pool-4449-thread-1] DEBUG org.apache.nifi.processors.standard.TailFile - TailFile[id=206e446d-51e6-40ab-9859-7f820a748713] Reading lines starting at position 35
[pool-4449-thread-1] TRACE org.apache.nifi.processors.standard.TailFile - TailFile[id=206e446d-51e6-40ab-9859-7f820a748713] Checksum updated to 1420984167
[pool-4449-thread-1] DEBUG org.apache.nifi.processors.standard.TailFile - TailFile[id=206e446d-51e6-40ab-9859-7f820a748713] No data to consume; removed created FlowFile
[pool-4449-thread-1] DEBUG org.apache.nifi.processors.standard.TailFile - TailFile[id=206e446d-51e6-40ab-9859-7f820a748713] Closed FileChannel sun.nio.ch.FileChannelImpl@2d2d0ee6
[main] INFO org.apache.nifi.processors.standard.TestTailFile - i = 2
[pool-4450-thread-1] DEBUG org.apache.nifi.processors.standard.TailFile - TailFile[id=206e446d-51e6-40ab-9859-7f820a748713] Recovering Rolled Off Files; total number of files rolled off = 0
[pool-4450-thread-1] DEBUG org.apache.nifi.processors.standard.TailFile - TailFile[id=206e446d-51e6-40ab-9859-7f820a748713] Created FileChannel sun.nio.ch.FileChannelImpl@4e69b1f2 for target/log.txt
[pool-4450-thread-1] DEBUG org.apache.nifi.processors.standard.TailFile - TailFile[id=206e446d-51e6-40ab-9859-7f820a748713] Reading lines starting at position 35
[pool-4450-thread-1] TRACE org.apache.nifi.processors.standard.TailFile - TailFile[id=206e446d-51e6-40ab-9859-7f820a748713] Checksum updated to 1420984167
[pool-4450-thread-1] DEBUG org.apache.nifi.processors.standard.TailFile - TailFile[id=206e446d-51e6-40ab-9859-7f820a748713] No data to consume; removed created FlowFile
[pool-4450-thread-1] DEBUG org.apache.nifi.processors.standard.TailFile - TailFile[id=206e446d-51e6-40ab-9859-7f820a748713] Closed FileChannel sun.nio.ch.FileChannelImpl@4e69b1f2
[main] INFO org.apache.nifi.processors.standard.TestTailFile - i = 3
[pool-4451-thread-1] DEBUG org.apache.nifi.processors.standard.TailFile - TailFile[id=206e446d-51e6-40ab-9859-7f820a748713] Recovering Rolled Off Files; total number of files rolled off = 0
[pool-4451-thread-1] DEBUG org.apache.nifi.processors.standard.TailFile - TailFile[id=206e446d-51e6-40ab-9859-7f820a748713] Created FileChannel sun.nio.ch.FileChannelImpl@16ae8a40 for target/log.txt
[pool-4451-thread-1] DEBUG org.apache.nifi.processors.standard.TailFile - TailFile[id=206e446d-51e6-40ab-9859-7f820a748713] Reading lines starting at position 35
[pool-4451-thread-1] TRACE org.apache.nifi.processors.standard.TailFile - TailFile[id=206e446d-51e6-40ab-9859-7f820a748713] Checksum updated to 1420984167
[pool-4451-thread-1] DEBUG org.apache.nifi.processors.standard.TailFile - TailFile[id=206e446d-51e6-40ab-9859-7f820a748713] No data to consume; removed created FlowFile
[pool-4451-thread-1] DEBUG org.apache.nifi.processors.standard.TailFile - TailFile[id=206e446d-51e6-40ab-9859-7f820a748713] Closed FileChannel sun.nio.ch.FileChannelImpl@16ae8a40
[main] INFO org.apache.nifi.processors.standard.TestTailFile - i = 4
[pool-4452-thread-1] DEBUG org.apache.nifi.processors.standard.TailFile - TailFile[id=206e446d-51e6-40ab-9859-7f820a748713] Recovering Rolled Off Files; total number of files rolled off = 0
[pool-4452-thread-1] DEBUG org.apache.nifi.processors.standard.TailFile - TailFile[id=206e446d-51e6-40ab-9859-7f820a748713] Created FileChannel sun.nio.ch.FileChannelImpl@51401dc for target/log.txt
[pool-4452-thread-1] DEBUG org.apache.nifi.processors.standard.TailFile - TailFile[id=206e446d-51e6-40ab-9859-7f820a748713] Reading lines starting at position 35
[pool-4452-thread-1] TRACE org.apache.nifi.processors.standard.TailFile - TailFile[id=206e446d-51e6-40ab-9859-7f820a748713] Checksum updated to 1420984167
[pool-4452-thread-1] DEBUG org.apache.nifi.processors.standard.TailFile - TailFile[id=206e446d-51e6-40ab-9859-7f820a748713] No data to consume; removed created FlowFile
[pool-4452-thread-1] DEBUG org.apache.nifi.processors.standard.TailFile - TailFile[id=206e446d-51e6-40ab-9859-7f820a748713] Closed FileChannel sun.nio.ch.FileChannelImpl@51401dc
[main] INFO org.apache.nifi.processors.standard.TestTailFile - i = 5
[pool-4453-thread-1] DEBUG org.apache.nifi.processors.standard.TailFile - TailFile[id=206e446d-51e6-40ab-9859-7f820a748713] Recovering Rolled Off Files; total number of files rolled off = 0
[pool-4453-thread-1] DEBUG org.apache.nifi.processors.standard.TailFile - TailFile[id=206e446d-51e6-40ab-9859-7f820a748713] Created FileChannel sun.nio.ch.FileChannelImpl@6d50c64f for target/log.txt
[pool-4453-thread-1] DEBUG org.apache.nifi.processors.standard.TailFile - TailFile[id=206e446d-51e6-40ab-9859-7f820a748713] Reading lines starting at position 35
[pool-4453-thread-1] TRACE org.apache.nifi.processors.standard.TailFile - TailFile[id=206e446d-51e6-40ab-9859-7f820a748713] Checksum updated to 1420984167
[pool-4453-thread-1] DEBUG org.apache.nifi.processors.standard.TailFile - TailFile[id=206e446d-51e6-40ab-9859-7f820a748713] No data to consume; removed created FlowFile
[pool-4453-thread-1] DEBUG org.apache.nifi.processors.standard.TailFile - TailFile[id=206e446d-51e6-40ab-9859-7f820a748713] Closed FileChannel sun.nio.ch.FileChannelImpl@6d50c64f
[main] INFO org.apache.nifi.processors.standard.TestTailFile - i = 6
[pool-4454-thread-1] DEBUG org.apache.nifi.processors.standard.TailFile - TailFile[id=206e446d-51e6-40ab-9859-7f820a748713] Recovering Rolled Off Files; total number of files rolled off = 0
[pool-4454-thread-1] DEBUG org.apache.nifi.processors.standard.TailFile - TailFile[id=206e446d-51e6-40ab-9859-7f820a748713] Created FileChannel sun.nio.ch.FileChannelImpl@6ca37684 for target/log.txt
[pool-4454-thread-1] DEBUG org.apache.nifi.processors.standard.TailFile - TailFile[id=206e446d-51e6-40ab-9859-7f820a748713] Reading lines starting at position 35
[pool-4454-thread-1] TRACE org.apache.nifi.processors.standard.TailFile - TailFile[id=206e446d-51e6-40ab-9859-7f820a748713] Checksum updated to 1420984167
[pool-4454-thread-1] DEBUG org.apache.nifi.processors.standard.TailFile - TailFile[id=206e446d-51e6-40ab-9859-7f820a748713] No data to consume; removed created FlowFile
[pool-4454-thread-1] DEBUG org.apache.nifi.processors.standard.TailFile - TailFile[id=206e446d-51e6-40ab-9859-7f820a748713] Closed FileChannel sun.nio.ch.FileChannelImpl@6ca37684
[main] INFO org.apache.nifi.processors.standard.TestTailFile - i = 7
[pool-4455-thread-1] DEBUG org.apache.nifi.processors.standard.TailFile - TailFile[id=206e446d-51e6-40ab-9859-7f820a748713] Recovering Rolled Off Files; total number of files rolled off = 0
[pool-4455-thread-1] DEBUG org.apache.nifi.processors.standard.TailFile - TailFile[id=206e446d-51e6-40ab-9859-7f820a748713] Created FileChannel sun.nio.ch.FileChannelImpl@72d9a648 for target/log.txt
[pool-4455-thread-1] DEBUG org.apache.nifi.processors.standard.TailFile - TailFile[id=206e446d-51e6-40ab-9859-7f820a748713] Reading lines starting at position 35
[pool-4455-thread-1] TRACE org.apache.nifi.processors.standard.TailFile - TailFile[id=206e446d-51e6-40ab-9859-7f820a748713] Checksum updated to 1420984167
[pool-4455-thread-1] DEBUG org.apache.nifi.processors.standard.TailFile - TailFile[id=206e446d-51e6-40ab-9859-7f820a748713] No data to consume; removed created FlowFile
[pool-4455-thread-1] DEBUG org.apache.nifi.processors.standard.TailFile - TailFile[id=206e446d-51e6-40ab-9859-7f820a748713] Closed FileChannel sun.nio.ch.FileChannelImpl@72d9a648
[main] INFO org.apache.nifi.processors.standard.TestTailFile - i = 8
[pool-4456-thread-1] DEBUG org.apache.nifi.processors.standard.TailFile - TailFile[id=206e446d-51e6-40ab-9859-7f820a748713] Recovering Rolled Off Files; total number of files rolled off = 0
[pool-4456-thread-1] DEBUG org.apache.nifi.processors.standard.TailFile - TailFile[id=206e446d-51e6-40ab-9859-7f820a748713] Created FileChannel sun.nio.ch.FileChannelImpl@2290cbad for target/log.txt
[pool-4456-thread-1] DEBUG org.apache.nifi.processors.standard.TailFile - TailFile[id=206e446d-51e6-40ab-9859-7f820a748713] Reading lines starting at position 35
[pool-4456-thread-1] TRACE org.apache.nifi.processors.standard.TailFile - TailFile[id=206e446d-51e6-40ab-9859-7f820a748713] Checksum updated to 1420984167
[pool-4456-thread-1] DEBUG org.apache.nifi.processors.standard.TailFile - TailFile[id=206e446d-51e6-40ab-9859-7f820a748713] No data to consume; removed created FlowFile
[pool-4456-thread-1] DEBUG org.apache.nifi.processors.standard.TailFile - TailFile[id=206e446d-51e6-40ab-9859-7f820a748713] Closed FileChannel sun.nio.ch.FileChannelImpl@2290cbad
[main] INFO org.apache.nifi.processors.standard.TestTailFile - i = 9
[pool-4457-thread-1] DEBUG org.apache.nifi.processors.standard.TailFile - TailFile[id=206e446d-51e6-40ab-9859-7f820a748713] Recovering Rolled Off Files; total number of files rolled off = 0
[pool-4457-thread-1] DEBUG org.apache.nifi.processors.standard.TailFile - TailFile[id=206e446d-51e6-40ab-9859-7f820a748713] Created FileChannel sun.nio.ch.FileChannelImpl@4836f01b for target/log.txt
[pool-4457-thread-1] DEBUG org.apache.nifi.processors.standard.TailFile - TailFile[id=206e446d-51e6-40ab-9859-7f820a748713] Reading lines starting at position 35
[pool-4457-thread-1] TRACE org.apache.nifi.processors.standard.TailFile - TailFile[id=206e446d-51e6-40ab-9859-7f820a748713] Checksum updated to 1420984167
[pool-4457-thread-1] DEBUG org.apache.nifi.processors.standard.TailFile - TailFile[id=206e446d-51e6-40ab-9859-7f820a748713] No data to consume; removed created FlowFile
[pool-4457-thread-1] DEBUG org.apache.nifi.processors.standard.TailFile - TailFile[id=206e446d-51e6-40ab-9859-7f820a748713] Closed FileChannel sun.nio.ch.FileChannelImpl@4836f01b
[pool-4458-thread-1] DEBUG org.apache.nifi.processors.standard.TailFile - TailFile[id=206e446d-51e6-40ab-9859-7f820a748713] Recovering Rolled Off Files; total number of files rolled off = 0
[pool-4458-thread-1] DEBUG org.apache.nifi.processors.standard.TailFile - TailFile[id=206e446d-51e6-40ab-9859-7f820a748713] Created FileChannel sun.nio.ch.FileChannelImpl@54dc144a for target/log.txt
[pool-4458-thread-1] DEBUG org.apache.nifi.processors.standard.TailFile - TailFile[id=206e446d-51e6-40ab-9859-7f820a748713] Reading lines starting at position 35
[pool-4458-thread-1] TRACE org.apache.nifi.processors.standard.TailFile - TailFile[id=206e446d-51e6-40ab-9859-7f820a748713] Checksum updated to 1420984167
[pool-4458-thread-1] TRACE org.apache.nifi.processors.standard.TailFile - TailFile[id=206e446d-51e6-40ab-9859-7f820a748713] Checksum updated to 309541038
[pool-4458-thread-1] DEBUG org.apache.nifi.processors.standard.TailFile - TailFile[id=206e446d-51e6-40ab-9859-7f820a748713] Created FlowFile[12,log.35-90.txt,43B] and routed to success
[pool-4458-thread-1] DEBUG org.apache.nifi.processors.standard.TailFile - TailFile[id=206e446d-51e6-40ab-9859-7f820a748713] Closed FileChannel sun.nio.ch.FileChannelImpl@54dc144a
[pool-4459-thread-1] DEBUG org.apache.nifi.processors.standard.TailFile - TailFile[id=206e446d-51e6-40ab-9859-7f820a748713] Recovering Rolled Off Files; total number of files rolled off = 1
[pool-4459-thread-1] DEBUG org.apache.nifi.processors.standard.TailFile - TailFile[id=206e446d-51e6-40ab-9859-7f820a748713] Checksum for target/log.1 matched expected checksum. Will skip first 78 bytes
[pool-4459-thread-1] DEBUG org.apache.nifi.processors.standard.TailFile - TailFile[id=206e446d-51e6-40ab-9859-7f820a748713] Reading lines starting at position 78
[pool-4459-thread-1] TRACE org.apache.nifi.processors.standard.TailFile - TailFile[id=206e446d-51e6-40ab-9859-7f820a748713] Checksum updated to 309541038
[pool-4459-thread-1] TRACE org.apache.nifi.processors.standard.TailFile - TailFile[id=206e446d-51e6-40ab-9859-7f820a748713] Checksum updated to 3375205410
[pool-4459-thread-1] DEBUG org.apache.nifi.processors.standard.TailFile - TailFile[id=206e446d-51e6-40ab-9859-7f820a748713] Created FlowFile[13,log.1,12B] from rolled over file target/log.1 and routed to success
[pool-4459-thread-1] DEBUG org.apache.nifi.processors.standard.TailFile - TailFile[id=206e446d-51e6-40ab-9859-7f820a748713] Completed tailing of file target/log.txt; will cleanup state
[pool-4459-thread-1] DEBUG org.apache.nifi.processors.standard.TailFile - TailFile[id=206e446d-51e6-40ab-9859-7f820a748713] Created FileChannel sun.nio.ch.FileChannelImpl@2efa643d for target/log.txt
[pool-4459-thread-1] DEBUG org.apache.nifi.processors.standard.TailFile - TailFile[id=206e446d-51e6-40ab-9859-7f820a748713] Closed FileChannel sun.nio.ch.FileChannelImpl@2efa643d
[pool-4459-thread-1] DEBUG org.apache.nifi.processors.standard.TailFile - TailFile[id=206e446d-51e6-40ab-9859-7f820a748713] Created FileChannel sun.nio.ch.FileChannelImpl@2ac5e53a for target/log.txt
[pool-4459-thread-1] DEBUG org.apache.nifi.processors.standard.TailFile - TailFile[id=206e446d-51e6-40ab-9859-7f820a748713] No data to consume; created no FlowFiles
[main] DEBUG org.apache.nifi.processors.standard.TailFile - TailFile[id=206e446d-51e6-40ab-9859-7f820a748713] Closed FileChannel sun.nio.ch.FileChannelImpl@2ac5e53a
]]></system-err>
  </testcase>
  <testcase name="testRemainderOfFileRecoveredIfRolledOverWhileRunning" classname="org.apache.nifi.processors.standard.TestTailFile" time="0.004">
    <system-err><![CDATA[[pool-4460-thread-1] DEBUG org.apache.nifi.processors.standard.TailFile - TailFile[id=3ef1d2c5-af6d-4406-b078-1984bc0480f1] Created FileChannel sun.nio.ch.FileChannelImpl@6f13aae2 for target/log.txt
[pool-4460-thread-1] DEBUG org.apache.nifi.processors.standard.TailFile - TailFile[id=3ef1d2c5-af6d-4406-b078-1984bc0480f1] No data to consume; created no FlowFiles
[pool-4461-thread-1] DEBUG org.apache.nifi.processors.standard.TailFile - TailFile[id=3ef1d2c5-af6d-4406-b078-1984bc0480f1] Recovering Rolled Off Files; total number of files rolled off = 0
[pool-4461-thread-1] DEBUG org.apache.nifi.processors.standard.TailFile - TailFile[id=3ef1d2c5-af6d-4406-b078-1984bc0480f1] Reading lines starting at position 0
[pool-4461-thread-1] TRACE org.apache.nifi.processors.standard.TailFile - TailFile[id=3ef1d2c5-af6d-4406-b078-1984bc0480f1] Checksum updated to 909783072
[pool-4461-thread-1] DEBUG org.apache.nifi.processors.standard.TailFile - TailFile[id=3ef1d2c5-af6d-4406-b078-1984bc0480f1] Created FlowFile[0,log.0-6.txt,6B] and routed to success
[pool-4462-thread-1] DEBUG org.apache.nifi.processors.standard.TailFile - TailFile[id=3ef1d2c5-af6d-4406-b078-1984bc0480f1] Recovering Rolled Off Files; total number of files rolled off = 1
[pool-4462-thread-1] DEBUG org.apache.nifi.processors.standard.TailFile - TailFile[id=3ef1d2c5-af6d-4406-b078-1984bc0480f1] Checksum for target/log1.txt matched expected checksum. Will skip first 6 bytes
[pool-4462-thread-1] DEBUG org.apache.nifi.processors.standard.TailFile - TailFile[id=3ef1d2c5-af6d-4406-b078-1984bc0480f1] Reading lines starting at position 6
[pool-4462-thread-1] TRACE org.apache.nifi.processors.standard.TailFile - TailFile[id=3ef1d2c5-af6d-4406-b078-1984bc0480f1] Checksum updated to 909783072
[pool-4462-thread-1] TRACE org.apache.nifi.processors.standard.TailFile - TailFile[id=3ef1d2c5-af6d-4406-b078-1984bc0480f1] Checksum updated to 2877110229
[pool-4462-thread-1] DEBUG org.apache.nifi.processors.standard.TailFile - TailFile[id=3ef1d2c5-af6d-4406-b078-1984bc0480f1] Created FlowFile[1,log1.txt,5B] from rolled over file target/log1.txt and routed to success
[pool-4462-thread-1] DEBUG org.apache.nifi.processors.standard.TailFile - TailFile[id=3ef1d2c5-af6d-4406-b078-1984bc0480f1] Completed tailing of file target/log.txt; will cleanup state
[pool-4462-thread-1] DEBUG org.apache.nifi.processors.standard.TailFile - TailFile[id=3ef1d2c5-af6d-4406-b078-1984bc0480f1] Closed FileChannel sun.nio.ch.FileChannelImpl@6f13aae2
[pool-4462-thread-1] DEBUG org.apache.nifi.processors.standard.TailFile - TailFile[id=3ef1d2c5-af6d-4406-b078-1984bc0480f1] Created FileChannel sun.nio.ch.FileChannelImpl@6d15ff75 for target/log.txt
[pool-4462-thread-1] DEBUG org.apache.nifi.processors.standard.TailFile - TailFile[id=3ef1d2c5-af6d-4406-b078-1984bc0480f1] Closed FileChannel sun.nio.ch.FileChannelImpl@6d15ff75
[pool-4462-thread-1] DEBUG org.apache.nifi.processors.standard.TailFile - TailFile[id=3ef1d2c5-af6d-4406-b078-1984bc0480f1] Created FileChannel sun.nio.ch.FileChannelImpl@692a660f for target/log.txt
[pool-4462-thread-1] DEBUG org.apache.nifi.processors.standard.TailFile - TailFile[id=3ef1d2c5-af6d-4406-b078-1984bc0480f1] Reading lines starting at position 0
[pool-4462-thread-1] TRACE org.apache.nifi.processors.standard.TailFile - TailFile[id=3ef1d2c5-af6d-4406-b078-1984bc0480f1] Checksum updated to 1733426259
[pool-4462-thread-1] DEBUG org.apache.nifi.processors.standard.TailFile - TailFile[id=3ef1d2c5-af6d-4406-b078-1984bc0480f1] Created FlowFile[2,log.0-2.txt,2B] and routed to success
[main] DEBUG org.apache.nifi.processors.standard.TailFile - TailFile[id=3ef1d2c5-af6d-4406-b078-1984bc0480f1] Closed FileChannel sun.nio.ch.FileChannelImpl@692a660f
]]></system-err>
  </testcase>
  <testcase name="testMigrateFrom100To110FileNotFound" classname="org.apache.nifi.processors.standard.TestTailFile" time="0.002">
    <system-err><![CDATA[[main] INFO org.apache.nifi.processors.standard.TailFile - TailFile[id=bec6bcd2-e2bd-41a0-9dbb-53a222d7dbba] statesMap has been migrated. {file.0.filename=target/not-existing-log.txt, file.0.length=14, file.0.position=14, file.0.checksum=2279929157, file.0.timestamp=1480639134000}
[main] DEBUG org.apache.nifi.processors.standard.TailFile - TailFile[id=bec6bcd2-e2bd-41a0-9dbb-53a222d7dbba] When recovering state, existing file to tail is only 0 bytes but position flag is 14; this indicates that the file has rotated. Will begin tailing current file from beginning.
[main] DEBUG org.apache.nifi.processors.standard.TailFile - TailFile[id=bec6bcd2-e2bd-41a0-9dbb-53a222d7dbba] Recovered state TailFileState[filename=target/not-existing-log.txt, position=14, timestamp=1480639134000, checksum=0, tailingPostRollover=false]
[pool-4463-thread-1] INFO org.apache.nifi.processors.standard.TailFile - TailFile[id=bec6bcd2-e2bd-41a0-9dbb-53a222d7dbba] statesMap has been migrated. {file.0.filename=target/not-existing-log.txt, file.0.length=14, file.0.position=14, file.0.checksum=2279929157, file.0.timestamp=1480639134000}
[pool-4463-thread-1] DEBUG org.apache.nifi.processors.standard.TailFile - TailFile[id=bec6bcd2-e2bd-41a0-9dbb-53a222d7dbba] When recovering state, existing file to tail is only 0 bytes but position flag is 14; this indicates that the file has rotated. Will begin tailing current file from beginning.
[pool-4463-thread-1] DEBUG org.apache.nifi.processors.standard.TailFile - TailFile[id=bec6bcd2-e2bd-41a0-9dbb-53a222d7dbba] Recovered state TailFileState[filename=target/not-existing-log.txt, position=14, timestamp=1480639134000, checksum=0, tailingPostRollover=false]
[pool-4463-thread-1] DEBUG org.apache.nifi.processors.standard.TailFile - TailFile[id=bec6bcd2-e2bd-41a0-9dbb-53a222d7dbba] Recovering Rolled Off Files; total number of files rolled off = 0
[pool-4463-thread-1] WARN org.apache.nifi.processors.standard.TailFile - TailFile[id=bec6bcd2-e2bd-41a0-9dbb-53a222d7dbba] Unable to open file target/not-existing-log.txt; will attempt to access file again after the configured Yield Duration has elapsed: java.nio.file.NoSuchFileException: target/not-existing-log.txt: java.nio.file.NoSuchFileException: target/not-existing-log.txt
[pool-4463-thread-1] WARN org.apache.nifi.processors.standard.TailFile - 
java.nio.file.NoSuchFileException: target/not-existing-log.txt
	at sun.nio.fs.UnixException.translateToIOException(UnixException.java:86)
	at sun.nio.fs.UnixException.rethrowAsIOException(UnixException.java:102)
	at sun.nio.fs.UnixException.rethrowAsIOException(UnixException.java:107)
	at sun.nio.fs.UnixFileSystemProvider.newFileChannel(UnixFileSystemProvider.java:177)
	at java.nio.channels.FileChannel.open(FileChannel.java:287)
	at java.nio.channels.FileChannel.open(FileChannel.java:335)
	at org.apache.nifi.processors.standard.TailFile.createReader(TailFile.java:1205)
	at org.apache.nifi.processors.standard.TailFile.processTailFile(TailFile.java:792)
	at org.apache.nifi.processors.standard.TailFile.onTrigger(TailFile.java:695)
	at org.apache.nifi.processor.AbstractProcessor.onTrigger(AbstractProcessor.java:27)
	at org.apache.nifi.util.StandardProcessorTestRunner$RunProcessor.call(StandardProcessorTestRunner.java:284)
	at org.apache.nifi.util.StandardProcessorTestRunner$RunProcessor.call(StandardProcessorTestRunner.java:278)
	at java.util.concurrent.FutureTask.run(FutureTask.java:266)
	at java.util.concurrent.ScheduledThreadPoolExecutor$ScheduledFutureTask.access$201(ScheduledThreadPoolExecutor.java:180)
	at java.util.concurrent.ScheduledThreadPoolExecutor$ScheduledFutureTask.run(ScheduledThreadPoolExecutor.java:293)
	at java.util.concurrent.ThreadPoolExecutor.runWorker(ThreadPoolExecutor.java:1149)
	at java.util.concurrent.ThreadPoolExecutor$Worker.run(ThreadPoolExecutor.java:624)
	at java.lang.Thread.run(Thread.java:750)
[main] INFO org.apache.nifi.processors.standard.TailFile - TailFile[id=bec6bcd2-e2bd-41a0-9dbb-53a222d7dbba] Removed state checksum=2279929157 stored by older version of NiFi.
[main] INFO org.apache.nifi.processors.standard.TailFile - TailFile[id=bec6bcd2-e2bd-41a0-9dbb-53a222d7dbba] Removed state filename=target/not-existing-log.txt stored by older version of NiFi.
[main] INFO org.apache.nifi.processors.standard.TailFile - TailFile[id=bec6bcd2-e2bd-41a0-9dbb-53a222d7dbba] Removed state position=14 stored by older version of NiFi.
[main] INFO org.apache.nifi.processors.standard.TailFile - TailFile[id=bec6bcd2-e2bd-41a0-9dbb-53a222d7dbba] Removed state timestamp=1480639134000 stored by older version of NiFi.
]]></system-err>
  </testcase>
  <testcase name="testMultipleRolloversAfterHavingReadAllData" classname="org.apache.nifi.processors.standard.TestTailFile" time="1.104">
    <system-err><![CDATA[[pool-4464-thread-1] DEBUG org.apache.nifi.processors.standard.TailFile - TailFile[id=77e828fb-982b-4f3c-b984-088cbdcc0f1a] Created FileChannel sun.nio.ch.FileChannelImpl@d9a9116 for target/log.txt
[pool-4464-thread-1] DEBUG org.apache.nifi.processors.standard.TailFile - TailFile[id=77e828fb-982b-4f3c-b984-088cbdcc0f1a] No data to consume; created no FlowFiles
[pool-4465-thread-1] DEBUG org.apache.nifi.processors.standard.TailFile - TailFile[id=77e828fb-982b-4f3c-b984-088cbdcc0f1a] Recovering Rolled Off Files; total number of files rolled off = 0
[pool-4465-thread-1] DEBUG org.apache.nifi.processors.standard.TailFile - TailFile[id=77e828fb-982b-4f3c-b984-088cbdcc0f1a] Reading lines starting at position 0
[pool-4465-thread-1] TRACE org.apache.nifi.processors.standard.TailFile - TailFile[id=77e828fb-982b-4f3c-b984-088cbdcc0f1a] Checksum updated to 909783072
[pool-4465-thread-1] DEBUG org.apache.nifi.processors.standard.TailFile - TailFile[id=77e828fb-982b-4f3c-b984-088cbdcc0f1a] Created FlowFile[0,log.0-6.txt,6B] and routed to success
[main] DEBUG org.apache.nifi.processors.standard.TailFile - TailFile[id=77e828fb-982b-4f3c-b984-088cbdcc0f1a] Closed FileChannel sun.nio.ch.FileChannelImpl@d9a9116
[main] DEBUG org.apache.nifi.processors.standard.TailFile - TailFile[id=77e828fb-982b-4f3c-b984-088cbdcc0f1a] When recovering state, checksum of tailed file matches the stored checksum. Will resume where left off.
[main] DEBUG org.apache.nifi.processors.standard.TailFile - TailFile[id=77e828fb-982b-4f3c-b984-088cbdcc0f1a] Created FileChannel sun.nio.ch.FileChannelImpl@69926058 for target/log.txt in recoverState
[main] DEBUG org.apache.nifi.processors.standard.TailFile - TailFile[id=77e828fb-982b-4f3c-b984-088cbdcc0f1a] Recovered state TailFileState[filename=target/log.txt, position=6, timestamp=1714615810398, checksum=909783072, tailingPostRollover=false]
[pool-4466-thread-1] DEBUG org.apache.nifi.processors.standard.TailFile - TailFile[id=77e828fb-982b-4f3c-b984-088cbdcc0f1a] Recovering Rolled Off Files; total number of files rolled off = 0
[pool-4466-thread-1] DEBUG org.apache.nifi.processors.standard.TailFile - TailFile[id=77e828fb-982b-4f3c-b984-088cbdcc0f1a] Reading lines starting at position 6
[pool-4466-thread-1] DEBUG org.apache.nifi.processors.standard.TailFile - TailFile[id=77e828fb-982b-4f3c-b984-088cbdcc0f1a] Read 0 lines; repositioning reader from 11 to 6
[pool-4466-thread-1] DEBUG org.apache.nifi.processors.standard.TailFile - TailFile[id=77e828fb-982b-4f3c-b984-088cbdcc0f1a] No data to consume; removed created FlowFile
[main] DEBUG org.apache.nifi.processors.standard.TailFile - TailFile[id=77e828fb-982b-4f3c-b984-088cbdcc0f1a] Closed FileChannel sun.nio.ch.FileChannelImpl@69926058
[main] DEBUG org.apache.nifi.processors.standard.TailFile - TailFile[id=77e828fb-982b-4f3c-b984-088cbdcc0f1a] When recovering state, existing file to tail is only 2 bytes but position flag is 6; this indicates that the file has rotated. Will begin tailing current file from beginning.
[main] DEBUG org.apache.nifi.processors.standard.TailFile - TailFile[id=77e828fb-982b-4f3c-b984-088cbdcc0f1a] Recovered state TailFileState[filename=target/log.txt, position=6, timestamp=1714615810398, checksum=0, tailingPostRollover=false]
[pool-4467-thread-1] DEBUG org.apache.nifi.processors.standard.TailFile - TailFile[id=77e828fb-982b-4f3c-b984-088cbdcc0f1a] Recovering Rolled Off Files; total number of files rolled off = 2
[pool-4467-thread-1] DEBUG org.apache.nifi.processors.standard.TailFile - TailFile[id=77e828fb-982b-4f3c-b984-088cbdcc0f1a] Checksum for target/log.2 matched expected checksum. Will skip first 6 bytes
[pool-4467-thread-1] DEBUG org.apache.nifi.processors.standard.TailFile - TailFile[id=77e828fb-982b-4f3c-b984-088cbdcc0f1a] Reading lines starting at position 6
[pool-4467-thread-1] TRACE org.apache.nifi.processors.standard.TailFile - TailFile[id=77e828fb-982b-4f3c-b984-088cbdcc0f1a] Checksum updated to 0
[pool-4467-thread-1] TRACE org.apache.nifi.processors.standard.TailFile - TailFile[id=77e828fb-982b-4f3c-b984-088cbdcc0f1a] Checksum updated to 980881731
[pool-4467-thread-1] DEBUG org.apache.nifi.processors.standard.TailFile - TailFile[id=77e828fb-982b-4f3c-b984-088cbdcc0f1a] Created FlowFile[2,log.2,5B] from rolled over file target/log.2 and routed to success
[pool-4467-thread-1] DEBUG org.apache.nifi.processors.standard.TailFile - TailFile[id=77e828fb-982b-4f3c-b984-088cbdcc0f1a] Completed tailing of file target/log.txt; will cleanup state
[pool-4467-thread-1] TRACE org.apache.nifi.processors.standard.TailFile - TailFile[id=77e828fb-982b-4f3c-b984-088cbdcc0f1a] Checksum updated to 0
[pool-4467-thread-1] DEBUG org.apache.nifi.processors.standard.TailFile - TailFile[id=77e828fb-982b-4f3c-b984-088cbdcc0f1a] Created FlowFile[3,log.1,4B] from target/log.1 and routed to success
[pool-4467-thread-1] DEBUG org.apache.nifi.processors.standard.TailFile - TailFile[id=77e828fb-982b-4f3c-b984-088cbdcc0f1a] Created FileChannel sun.nio.ch.FileChannelImpl@149b0120 for target/log.txt
[pool-4467-thread-1] DEBUG org.apache.nifi.processors.standard.TailFile - TailFile[id=77e828fb-982b-4f3c-b984-088cbdcc0f1a] Closed FileChannel sun.nio.ch.FileChannelImpl@149b0120
[pool-4467-thread-1] DEBUG org.apache.nifi.processors.standard.TailFile - TailFile[id=77e828fb-982b-4f3c-b984-088cbdcc0f1a] Created FileChannel sun.nio.ch.FileChannelImpl@10a4976b for target/log.txt
[pool-4467-thread-1] DEBUG org.apache.nifi.processors.standard.TailFile - TailFile[id=77e828fb-982b-4f3c-b984-088cbdcc0f1a] Reading lines starting at position 0
[pool-4467-thread-1] TRACE org.apache.nifi.processors.standard.TailFile - TailFile[id=77e828fb-982b-4f3c-b984-088cbdcc0f1a] Checksum updated to 1733426259
[pool-4467-thread-1] DEBUG org.apache.nifi.processors.standard.TailFile - TailFile[id=77e828fb-982b-4f3c-b984-088cbdcc0f1a] Created FlowFile[4,log.0-2.txt,2B] and routed to success
[main] DEBUG org.apache.nifi.processors.standard.TailFile - TailFile[id=77e828fb-982b-4f3c-b984-088cbdcc0f1a] Closed FileChannel sun.nio.ch.FileChannelImpl@10a4976b
]]></system-err>
  </testcase>
  <testcase name="testConsumeAfterTruncationStartAtCurrentTime" classname="org.apache.nifi.processors.standard.TestTailFile" time="1.005">
    <system-err><![CDATA[[pool-4468-thread-1] DEBUG org.apache.nifi.processors.standard.TailFile - TailFile[id=42387638-ea95-41e7-9d25-9167b6d499e4] Created FileChannel sun.nio.ch.FileChannelImpl@76efd169 for target/log.txt
[pool-4468-thread-1] DEBUG org.apache.nifi.processors.standard.TailFile - TailFile[id=42387638-ea95-41e7-9d25-9167b6d499e4] No data to consume; created no FlowFiles
[main] DEBUG org.apache.nifi.processors.standard.TailFile - TailFile[id=42387638-ea95-41e7-9d25-9167b6d499e4] Closed FileChannel sun.nio.ch.FileChannelImpl@76efd169
[main] DEBUG org.apache.nifi.processors.standard.TailFile - TailFile[id=42387638-ea95-41e7-9d25-9167b6d499e4] When recovering state, checksum of tailed file matches the stored checksum. Will resume where left off.
[main] DEBUG org.apache.nifi.processors.standard.TailFile - TailFile[id=42387638-ea95-41e7-9d25-9167b6d499e4] Created FileChannel sun.nio.ch.FileChannelImpl@54dc24e for target/log.txt in recoverState
[main] DEBUG org.apache.nifi.processors.standard.TailFile - TailFile[id=42387638-ea95-41e7-9d25-9167b6d499e4] Recovered state TailFileState[filename=target/log.txt, position=0, timestamp=1714615811503, checksum=0, tailingPostRollover=false]
[pool-4469-thread-1] DEBUG org.apache.nifi.processors.standard.TailFile - TailFile[id=42387638-ea95-41e7-9d25-9167b6d499e4] Found rolled off file target/log.txt but its last modified timestamp is before the cutoff (Last Mod = 1714615811502, Cutoff = 1714615811503) so will not consume it
[pool-4469-thread-1] DEBUG org.apache.nifi.processors.standard.TailFile - TailFile[id=42387638-ea95-41e7-9d25-9167b6d499e4] Recovering Rolled Off Files; total number of files rolled off = 0
[pool-4469-thread-1] DEBUG org.apache.nifi.processors.standard.TailFile - TailFile[id=42387638-ea95-41e7-9d25-9167b6d499e4] Reading lines starting at position 0
[pool-4469-thread-1] TRACE org.apache.nifi.processors.standard.TailFile - TailFile[id=42387638-ea95-41e7-9d25-9167b6d499e4] Checksum updated to 909783072
[pool-4469-thread-1] DEBUG org.apache.nifi.processors.standard.TailFile - TailFile[id=42387638-ea95-41e7-9d25-9167b6d499e4] Created FlowFile[0,log.0-6.txt,6B] and routed to success
[main] DEBUG org.apache.nifi.processors.standard.TailFile - TailFile[id=42387638-ea95-41e7-9d25-9167b6d499e4] Closed FileChannel sun.nio.ch.FileChannelImpl@54dc24e
[main] DEBUG org.apache.nifi.processors.standard.TailFile - TailFile[id=42387638-ea95-41e7-9d25-9167b6d499e4] When recovering state, existing file to tail is only 0 bytes but position flag is 6; this indicates that the file has rotated. Will begin tailing current file from beginning.
[main] DEBUG org.apache.nifi.processors.standard.TailFile - TailFile[id=42387638-ea95-41e7-9d25-9167b6d499e4] Recovered state TailFileState[filename=target/log.txt, position=6, timestamp=1714615811503, checksum=0, tailingPostRollover=false]
[pool-4470-thread-1] DEBUG org.apache.nifi.processors.standard.TailFile - TailFile[id=42387638-ea95-41e7-9d25-9167b6d499e4] Found rolled off file target/log.txt but its last modified timestamp is before the cutoff (Last Mod = 1714615811502, Cutoff = 1714615811503) so will not consume it
[pool-4470-thread-1] DEBUG org.apache.nifi.processors.standard.TailFile - TailFile[id=42387638-ea95-41e7-9d25-9167b6d499e4] Found rolled off file target/log.txt.1 but its last modified timestamp is before the cutoff (Last Mod = 1714615811502, Cutoff = 1714615811503) so will not consume it
[pool-4470-thread-1] DEBUG org.apache.nifi.processors.standard.TailFile - TailFile[id=42387638-ea95-41e7-9d25-9167b6d499e4] Recovering Rolled Off Files; total number of files rolled off = 0
[pool-4470-thread-1] DEBUG org.apache.nifi.processors.standard.TailFile - TailFile[id=42387638-ea95-41e7-9d25-9167b6d499e4] Created FileChannel sun.nio.ch.FileChannelImpl@78af0ee1 for target/log.txt
[pool-4470-thread-1] DEBUG org.apache.nifi.processors.standard.TailFile - TailFile[id=42387638-ea95-41e7-9d25-9167b6d499e4] Rotated = true because TailFileState Length = 6, File Length = 0
[pool-4470-thread-1] DEBUG org.apache.nifi.processors.standard.TailFile - TailFile[id=42387638-ea95-41e7-9d25-9167b6d499e4] Closed FileChannel sun.nio.ch.FileChannelImpl@78af0ee1
[pool-4470-thread-1] DEBUG org.apache.nifi.processors.standard.TailFile - TailFile[id=42387638-ea95-41e7-9d25-9167b6d499e4] Created FileChannel sun.nio.ch.FileChannelImpl@7c90952c for target/log.txt
[pool-4470-thread-1] DEBUG org.apache.nifi.processors.standard.TailFile - TailFile[id=42387638-ea95-41e7-9d25-9167b6d499e4] No data to consume; created no FlowFiles
[main] DEBUG org.apache.nifi.processors.standard.TailFile - TailFile[id=42387638-ea95-41e7-9d25-9167b6d499e4] Closed FileChannel sun.nio.ch.FileChannelImpl@7c90952c
[main] DEBUG org.apache.nifi.processors.standard.TailFile - TailFile[id=42387638-ea95-41e7-9d25-9167b6d499e4] When recovering state, checksum of tailed file matches the stored checksum. Will resume where left off.
[main] DEBUG org.apache.nifi.processors.standard.TailFile - TailFile[id=42387638-ea95-41e7-9d25-9167b6d499e4] Created FileChannel sun.nio.ch.FileChannelImpl@7c3686d2 for target/log.txt in recoverState
[main] DEBUG org.apache.nifi.processors.standard.TailFile - TailFile[id=42387638-ea95-41e7-9d25-9167b6d499e4] Recovered state TailFileState[filename=target/log.txt, position=0, timestamp=1714615811503, checksum=0, tailingPostRollover=false]
[pool-4471-thread-1] DEBUG org.apache.nifi.processors.standard.TailFile - TailFile[id=42387638-ea95-41e7-9d25-9167b6d499e4] Found rolled off file target/log.txt.1 but its last modified timestamp is before the cutoff (Last Mod = 1714615811502, Cutoff = 1714615811503) so will not consume it
[pool-4471-thread-1] DEBUG org.apache.nifi.processors.standard.TailFile - TailFile[id=42387638-ea95-41e7-9d25-9167b6d499e4] Recovering Rolled Off Files; total number of files rolled off = 0
[pool-4471-thread-1] DEBUG org.apache.nifi.processors.standard.TailFile - TailFile[id=42387638-ea95-41e7-9d25-9167b6d499e4] Reading lines starting at position 0
[pool-4471-thread-1] TRACE org.apache.nifi.processors.standard.TailFile - TailFile[id=42387638-ea95-41e7-9d25-9167b6d499e4] Checksum updated to 4255962990
[pool-4471-thread-1] DEBUG org.apache.nifi.processors.standard.TailFile - TailFile[id=42387638-ea95-41e7-9d25-9167b6d499e4] Created FlowFile[1,log.0-6.txt,6B] and routed to success
[main] DEBUG org.apache.nifi.processors.standard.TailFile - TailFile[id=42387638-ea95-41e7-9d25-9167b6d499e4] Closed FileChannel sun.nio.ch.FileChannelImpl@7c3686d2
]]></system-err>
  </testcase>
  <testcase name="testStartPositionCurrentTime" classname="org.apache.nifi.processors.standard.TestTailFile" time="0.002">
    <system-err><![CDATA[[pool-4472-thread-1] DEBUG org.apache.nifi.processors.standard.TailFile - TailFile[id=dec93e76-4306-4581-a78f-95f33b17a7e4] Created FileChannel sun.nio.ch.FileChannelImpl@3df4104a for target/log.txt
[pool-4472-thread-1] DEBUG org.apache.nifi.processors.standard.TailFile - TailFile[id=dec93e76-4306-4581-a78f-95f33b17a7e4] No data to consume; created no FlowFiles
[main] DEBUG org.apache.nifi.processors.standard.TailFile - TailFile[id=dec93e76-4306-4581-a78f-95f33b17a7e4] Closed FileChannel sun.nio.ch.FileChannelImpl@3df4104a
[main] DEBUG org.apache.nifi.processors.standard.TailFile - TailFile[id=dec93e76-4306-4581-a78f-95f33b17a7e4] When recovering state, checksum of tailed file matches the stored checksum. Will resume where left off.
[main] DEBUG org.apache.nifi.processors.standard.TailFile - TailFile[id=dec93e76-4306-4581-a78f-95f33b17a7e4] Created FileChannel sun.nio.ch.FileChannelImpl@3a2f91bd for target/log.txt in recoverState
[main] DEBUG org.apache.nifi.processors.standard.TailFile - TailFile[id=dec93e76-4306-4581-a78f-95f33b17a7e4] Recovered state TailFileState[filename=target/log.txt, position=6, timestamp=1714615812507, checksum=1235619209, tailingPostRollover=false]
[pool-4473-thread-1] DEBUG org.apache.nifi.processors.standard.TailFile - TailFile[id=dec93e76-4306-4581-a78f-95f33b17a7e4] Recovering Rolled Off Files; total number of files rolled off = 0
[pool-4473-thread-1] DEBUG org.apache.nifi.processors.standard.TailFile - TailFile[id=dec93e76-4306-4581-a78f-95f33b17a7e4] Reading lines starting at position 6
[pool-4473-thread-1] TRACE org.apache.nifi.processors.standard.TailFile - TailFile[id=dec93e76-4306-4581-a78f-95f33b17a7e4] Checksum updated to 3168828557
[pool-4473-thread-1] DEBUG org.apache.nifi.processors.standard.TailFile - TailFile[id=dec93e76-4306-4581-a78f-95f33b17a7e4] Created FlowFile[0,log.6-8.txt,2B] and routed to success
[main] DEBUG org.apache.nifi.processors.standard.TailFile - TailFile[id=dec93e76-4306-4581-a78f-95f33b17a7e4] Closed FileChannel sun.nio.ch.FileChannelImpl@3a2f91bd
]]></system-err>
  </testcase>
  <testcase name="testNULContentWithReReadOnNulFalseLeaveNul" classname="org.apache.nifi.processors.standard.TestTailFile" time="0.003">
    <system-err><![CDATA[[pool-4474-thread-1] DEBUG org.apache.nifi.processors.standard.TailFile - TailFile[id=f0d458da-eb79-4705-8666-897fda85717c] Created FileChannel sun.nio.ch.FileChannelImpl@5942974f for target/log.txt
[pool-4474-thread-1] DEBUG org.apache.nifi.processors.standard.TailFile - TailFile[id=f0d458da-eb79-4705-8666-897fda85717c] Reading lines starting at position 0
[pool-4474-thread-1] TRACE org.apache.nifi.processors.standard.TailFile - TailFile[id=f0d458da-eb79-4705-8666-897fda85717c] Checksum updated to 2783226356
[pool-4474-thread-1] DEBUG org.apache.nifi.processors.standard.TailFile - TailFile[id=f0d458da-eb79-4705-8666-897fda85717c] Created FlowFile[0,log.0-21.txt,21B] and routed to success
[pool-4475-thread-1] DEBUG org.apache.nifi.processors.standard.TailFile - TailFile[id=f0d458da-eb79-4705-8666-897fda85717c] Recovering Rolled Off Files; total number of files rolled off = 0
[pool-4475-thread-1] DEBUG org.apache.nifi.processors.standard.TailFile - TailFile[id=f0d458da-eb79-4705-8666-897fda85717c] Reading lines starting at position 21
[pool-4475-thread-1] TRACE org.apache.nifi.processors.standard.TailFile - TailFile[id=f0d458da-eb79-4705-8666-897fda85717c] Checksum updated to 179550039
[pool-4475-thread-1] DEBUG org.apache.nifi.processors.standard.TailFile - TailFile[id=f0d458da-eb79-4705-8666-897fda85717c] Created FlowFile[1,log.21-33.txt,12B] and routed to success
[main] DEBUG org.apache.nifi.processors.standard.TailFile - TailFile[id=f0d458da-eb79-4705-8666-897fda85717c] Closed FileChannel sun.nio.ch.FileChannelImpl@5942974f
]]></system-err>
  </testcase>
  <testcase name="testRotateMultipleBeforeConsuming" classname="org.apache.nifi.processors.standard.TestTailFile" time="0.003">
    <system-err><![CDATA[[pool-4476-thread-1] DEBUG org.apache.nifi.processors.standard.TailFile - TailFile[id=9886184e-261e-400f-8320-5c0d5ca27fe2] Created FileChannel sun.nio.ch.FileChannelImpl@2486631c for target/log.txt
[pool-4476-thread-1] DEBUG org.apache.nifi.processors.standard.TailFile - TailFile[id=9886184e-261e-400f-8320-5c0d5ca27fe2] Reading lines starting at position 0
[pool-4476-thread-1] TRACE org.apache.nifi.processors.standard.TailFile - TailFile[id=9886184e-261e-400f-8320-5c0d5ca27fe2] Checksum updated to 1733426259
[pool-4476-thread-1] DEBUG org.apache.nifi.processors.standard.TailFile - TailFile[id=9886184e-261e-400f-8320-5c0d5ca27fe2] Created FlowFile[0,log.0-2.txt,2B] and routed to success
[main] DEBUG org.apache.nifi.processors.standard.TailFile - TailFile[id=9886184e-261e-400f-8320-5c0d5ca27fe2] Closed FileChannel sun.nio.ch.FileChannelImpl@2486631c
[main] DEBUG org.apache.nifi.processors.standard.TailFile - TailFile[id=9886184e-261e-400f-8320-5c0d5ca27fe2] When recovering state, existing file to tail is only 0 bytes but position flag is 2; this indicates that the file has rotated. Will begin tailing current file from beginning.
[main] DEBUG org.apache.nifi.processors.standard.TailFile - TailFile[id=9886184e-261e-400f-8320-5c0d5ca27fe2] Recovered state TailFileState[filename=target/log.txt, position=2, timestamp=1714615812510, checksum=0, tailingPostRollover=false]
[pool-4477-thread-1] DEBUG org.apache.nifi.processors.standard.TailFile - TailFile[id=9886184e-261e-400f-8320-5c0d5ca27fe2] Recovering Rolled Off Files; total number of files rolled off = 4
[pool-4477-thread-1] DEBUG org.apache.nifi.processors.standard.TailFile - TailFile[id=9886184e-261e-400f-8320-5c0d5ca27fe2] Checksum for target/log.txt.0.log matched expected checksum. Will skip first 2 bytes
[pool-4477-thread-1] DEBUG org.apache.nifi.processors.standard.TailFile - TailFile[id=9886184e-261e-400f-8320-5c0d5ca27fe2] Reading lines starting at position 2
[pool-4477-thread-1] TRACE org.apache.nifi.processors.standard.TailFile - TailFile[id=9886184e-261e-400f-8320-5c0d5ca27fe2] Checksum updated to 434372762
[pool-4477-thread-1] TRACE org.apache.nifi.processors.standard.TailFile - TailFile[id=9886184e-261e-400f-8320-5c0d5ca27fe2] Checksum updated to 434372762
[pool-4477-thread-1] TRACE org.apache.nifi.processors.standard.TailFile - TailFile[id=9886184e-261e-400f-8320-5c0d5ca27fe2] Checksum updated to 434372762
[pool-4477-thread-1] DEBUG org.apache.nifi.processors.standard.TailFile - TailFile[id=9886184e-261e-400f-8320-5c0d5ca27fe2] Created FlowFile[1,log.txt.0.log,4B] from rolled over file target/log.txt.0.log and routed to success
[pool-4477-thread-1] DEBUG org.apache.nifi.processors.standard.TailFile - TailFile[id=9886184e-261e-400f-8320-5c0d5ca27fe2] Completed tailing of file target/log.txt; will cleanup state
[pool-4477-thread-1] TRACE org.apache.nifi.processors.standard.TailFile - TailFile[id=9886184e-261e-400f-8320-5c0d5ca27fe2] Checksum updated to 0
[pool-4477-thread-1] DEBUG org.apache.nifi.processors.standard.TailFile - TailFile[id=9886184e-261e-400f-8320-5c0d5ca27fe2] Created FlowFile[2,log.txt.1.log,2B] from target/log.txt.1.log and routed to success
[pool-4477-thread-1] TRACE org.apache.nifi.processors.standard.TailFile - TailFile[id=9886184e-261e-400f-8320-5c0d5ca27fe2] Checksum updated to 0
[pool-4477-thread-1] DEBUG org.apache.nifi.processors.standard.TailFile - TailFile[id=9886184e-261e-400f-8320-5c0d5ca27fe2] Created FlowFile[3,log.txt.2.log,2B] from target/log.txt.2.log and routed to success
[pool-4477-thread-1] TRACE org.apache.nifi.processors.standard.TailFile - TailFile[id=9886184e-261e-400f-8320-5c0d5ca27fe2] Checksum updated to 0
[pool-4477-thread-1] DEBUG org.apache.nifi.processors.standard.TailFile - TailFile[id=9886184e-261e-400f-8320-5c0d5ca27fe2] Created FlowFile[4,log.txt.3.log,2B] from target/log.txt.3.log and routed to success
[pool-4477-thread-1] DEBUG org.apache.nifi.processors.standard.TailFile - TailFile[id=9886184e-261e-400f-8320-5c0d5ca27fe2] Created FileChannel sun.nio.ch.FileChannelImpl@69b60cd for target/log.txt
[pool-4477-thread-1] DEBUG org.apache.nifi.processors.standard.TailFile - TailFile[id=9886184e-261e-400f-8320-5c0d5ca27fe2] Closed FileChannel sun.nio.ch.FileChannelImpl@69b60cd
[pool-4477-thread-1] DEBUG org.apache.nifi.processors.standard.TailFile - TailFile[id=9886184e-261e-400f-8320-5c0d5ca27fe2] Created FileChannel sun.nio.ch.FileChannelImpl@2a4e4c6 for target/log.txt
[pool-4477-thread-1] DEBUG org.apache.nifi.processors.standard.TailFile - TailFile[id=9886184e-261e-400f-8320-5c0d5ca27fe2] No data to consume; created no FlowFiles
[main] DEBUG org.apache.nifi.processors.standard.TailFile - TailFile[id=9886184e-261e-400f-8320-5c0d5ca27fe2] Closed FileChannel sun.nio.ch.FileChannelImpl@2a4e4c6
]]></system-err>
  </testcase>
  <testcase name="testFileWrittenToAfterRollover" classname="org.apache.nifi.processors.standard.TestTailFile" time="0.213">
    <system-out><![CDATA[Wrote d\n and rolled file
Wrote e\nf
Wrote \n\0\0\0
Truncated the NUL bytes and replaced with g\nh
Set lastModified on target/log.1 to 500
]]></system-out>
    <system-err><![CDATA[[pool-4478-thread-1] DEBUG org.apache.nifi.processors.standard.TailFile - TailFile[id=31ee7927-7ac7-40e1-bb95-f7efa7228c3e] Recovering Rolled Off Files; total number of files rolled off = 0
[pool-4478-thread-1] DEBUG org.apache.nifi.processors.standard.TailFile - TailFile[id=31ee7927-7ac7-40e1-bb95-f7efa7228c3e] Created FileChannel sun.nio.ch.FileChannelImpl@424cc44f for target/log.txt
[pool-4478-thread-1] DEBUG org.apache.nifi.processors.standard.TailFile - TailFile[id=31ee7927-7ac7-40e1-bb95-f7efa7228c3e] Reading lines starting at position 0
[pool-4478-thread-1] TRACE org.apache.nifi.processors.standard.TailFile - TailFile[id=31ee7927-7ac7-40e1-bb95-f7efa7228c3e] Checksum updated to 3723141383
[pool-4478-thread-1] TRACE org.apache.nifi.processors.standard.TailFile - TailFile[id=31ee7927-7ac7-40e1-bb95-f7efa7228c3e] Checksum updated to 408365719
[pool-4478-thread-1] DEBUG org.apache.nifi.processors.standard.TailFile - TailFile[id=31ee7927-7ac7-40e1-bb95-f7efa7228c3e] Created FlowFile[0,log.0-4.txt,4B] and routed to success
[pool-4479-thread-1] DEBUG org.apache.nifi.processors.standard.TailFile - TailFile[id=31ee7927-7ac7-40e1-bb95-f7efa7228c3e] Recovering Rolled Off Files; total number of files rolled off = 0
[pool-4479-thread-1] DEBUG org.apache.nifi.processors.standard.TailFile - TailFile[id=31ee7927-7ac7-40e1-bb95-f7efa7228c3e] Reading lines starting at position 4
[pool-4479-thread-1] TRACE org.apache.nifi.processors.standard.TailFile - TailFile[id=31ee7927-7ac7-40e1-bb95-f7efa7228c3e] Checksum updated to 174526169
[pool-4479-thread-1] DEBUG org.apache.nifi.processors.standard.TailFile - TailFile[id=31ee7927-7ac7-40e1-bb95-f7efa7228c3e] Created FlowFile[1,log.4-6.txt,2B] and routed to success
[pool-4480-thread-1] DEBUG org.apache.nifi.processors.standard.TailFile - TailFile[id=31ee7927-7ac7-40e1-bb95-f7efa7228c3e] Recovering Rolled Off Files; total number of files rolled off = 1
[pool-4480-thread-1] DEBUG org.apache.nifi.processors.standard.TailFile - TailFile[id=31ee7927-7ac7-40e1-bb95-f7efa7228c3e] Checksum for target/log.1 matched expected checksum. Will skip first 6 bytes
[pool-4480-thread-1] DEBUG org.apache.nifi.processors.standard.TailFile - TailFile[id=31ee7927-7ac7-40e1-bb95-f7efa7228c3e] Reading lines starting at position 6
[pool-4480-thread-1] TRACE org.apache.nifi.processors.standard.TailFile - TailFile[id=31ee7927-7ac7-40e1-bb95-f7efa7228c3e] Checksum updated to 400493684
[pool-4480-thread-1] DEBUG org.apache.nifi.processors.standard.TailFile - TailFile[id=31ee7927-7ac7-40e1-bb95-f7efa7228c3e] Created FlowFile[2,log.1,2B] from rolled over file target/log.1 and routed to success
[pool-4480-thread-1] DEBUG org.apache.nifi.processors.standard.TailFile - TailFile[id=31ee7927-7ac7-40e1-bb95-f7efa7228c3e] File target/log.1 has been rolled over, but it was updated 5 millis ago, which is less than the configured Post-Rollover Tail Period (600000 ms), so will continue tailing
[pool-4480-thread-1] DEBUG org.apache.nifi.processors.standard.TailFile - TailFile[id=31ee7927-7ac7-40e1-bb95-f7efa7228c3e] File target/log.txt was rolled over and the Rollover Tail Period is set, so will not consume from new file during this iteration.
[pool-4481-thread-1] DEBUG org.apache.nifi.processors.standard.TailFile - TailFile[id=31ee7927-7ac7-40e1-bb95-f7efa7228c3e] Recovering Rolled Off Files; total number of files rolled off = 1
[pool-4481-thread-1] DEBUG org.apache.nifi.processors.standard.TailFile - TailFile[id=31ee7927-7ac7-40e1-bb95-f7efa7228c3e] Checksum for target/log.1 matched expected checksum. Will skip first 8 bytes
[pool-4481-thread-1] DEBUG org.apache.nifi.processors.standard.TailFile - TailFile[id=31ee7927-7ac7-40e1-bb95-f7efa7228c3e] Reading lines starting at position 8
[pool-4481-thread-1] TRACE org.apache.nifi.processors.standard.TailFile - TailFile[id=31ee7927-7ac7-40e1-bb95-f7efa7228c3e] Checksum updated to 4217602821
[pool-4481-thread-1] DEBUG org.apache.nifi.processors.standard.TailFile - TailFile[id=31ee7927-7ac7-40e1-bb95-f7efa7228c3e] Read 1 lines; repositioning reader from 11 to 10
[pool-4481-thread-1] DEBUG org.apache.nifi.processors.standard.TailFile - TailFile[id=31ee7927-7ac7-40e1-bb95-f7efa7228c3e] Created FlowFile[3,log.1,2B] from rolled over file target/log.1 and routed to success
[pool-4481-thread-1] DEBUG org.apache.nifi.processors.standard.TailFile - TailFile[id=31ee7927-7ac7-40e1-bb95-f7efa7228c3e] File target/log.1 has been rolled over, but it was updated 6 millis ago, which is less than the configured Post-Rollover Tail Period (600000 ms), so will continue tailing
[pool-4481-thread-1] DEBUG org.apache.nifi.processors.standard.TailFile - TailFile[id=31ee7927-7ac7-40e1-bb95-f7efa7228c3e] File target/log.txt was rolled over and the Rollover Tail Period is set, so will not consume from new file during this iteration.
[pool-4482-thread-1] DEBUG org.apache.nifi.processors.standard.TailFile - TailFile[id=31ee7927-7ac7-40e1-bb95-f7efa7228c3e] Recovering Rolled Off Files; total number of files rolled off = 1
[pool-4482-thread-1] DEBUG org.apache.nifi.processors.standard.TailFile - TailFile[id=31ee7927-7ac7-40e1-bb95-f7efa7228c3e] Checksum for target/log.1 matched expected checksum. Will skip first 10 bytes
[pool-4482-thread-1] DEBUG org.apache.nifi.processors.standard.TailFile - TailFile[id=31ee7927-7ac7-40e1-bb95-f7efa7228c3e] Reading lines starting at position 10
[pool-4482-thread-1] TRACE org.apache.nifi.processors.standard.TailFile - TailFile[id=31ee7927-7ac7-40e1-bb95-f7efa7228c3e] Checksum updated to 2607671932
[pool-4482-thread-1] INFO org.apache.nifi.processors.standard.TailFile - TailFile[id=31ee7927-7ac7-40e1-bb95-f7efa7228c3e] Encountered NUL character when tailing file target/log.txt; will yield
[pool-4482-thread-1] DEBUG org.apache.nifi.processors.standard.TailFile - TailFile[id=31ee7927-7ac7-40e1-bb95-f7efa7228c3e] Created FlowFile[4,log.1,2B] from rolled over file target/log.1 and routed to success
[pool-4482-thread-1] DEBUG org.apache.nifi.processors.standard.TailFile - TailFile[id=31ee7927-7ac7-40e1-bb95-f7efa7228c3e] File target/log.1 has been rolled over, but it was updated 7 millis ago, which is less than the configured Post-Rollover Tail Period (600000 ms), so will continue tailing
[pool-4482-thread-1] DEBUG org.apache.nifi.processors.standard.TailFile - TailFile[id=31ee7927-7ac7-40e1-bb95-f7efa7228c3e] File target/log.txt was rolled over and the Rollover Tail Period is set, so will not consume from new file during this iteration.
[pool-4483-thread-1] DEBUG org.apache.nifi.processors.standard.TailFile - TailFile[id=31ee7927-7ac7-40e1-bb95-f7efa7228c3e] Recovering Rolled Off Files; total number of files rolled off = 1
[pool-4483-thread-1] DEBUG org.apache.nifi.processors.standard.TailFile - TailFile[id=31ee7927-7ac7-40e1-bb95-f7efa7228c3e] Checksum for target/log.1 matched expected checksum. Will skip first 12 bytes
[pool-4483-thread-1] DEBUG org.apache.nifi.processors.standard.TailFile - TailFile[id=31ee7927-7ac7-40e1-bb95-f7efa7228c3e] Reading lines starting at position 12
[pool-4483-thread-1] TRACE org.apache.nifi.processors.standard.TailFile - TailFile[id=31ee7927-7ac7-40e1-bb95-f7efa7228c3e] Checksum updated to 1223008368
[pool-4483-thread-1] DEBUG org.apache.nifi.processors.standard.TailFile - TailFile[id=31ee7927-7ac7-40e1-bb95-f7efa7228c3e] Read 1 lines; repositioning reader from 15 to 14
[pool-4483-thread-1] DEBUG org.apache.nifi.processors.standard.TailFile - TailFile[id=31ee7927-7ac7-40e1-bb95-f7efa7228c3e] Created FlowFile[5,log.1,2B] from rolled over file target/log.1 and routed to success
[pool-4483-thread-1] DEBUG org.apache.nifi.processors.standard.TailFile - TailFile[id=31ee7927-7ac7-40e1-bb95-f7efa7228c3e] File target/log.1 has been rolled over, but it was updated 4 millis ago, which is less than the configured Post-Rollover Tail Period (600000 ms), so will continue tailing
[pool-4483-thread-1] DEBUG org.apache.nifi.processors.standard.TailFile - TailFile[id=31ee7927-7ac7-40e1-bb95-f7efa7228c3e] File target/log.txt was rolled over and the Rollover Tail Period is set, so will not consume from new file during this iteration.
[pool-4484-thread-1] DEBUG org.apache.nifi.processors.standard.TailFile - TailFile[id=31ee7927-7ac7-40e1-bb95-f7efa7228c3e] Found rolled off file target/log.txt but its last modified timestamp is before the cutoff (Last Mod = 1714615812518, Cutoff = 1714615812522) so will not consume it
[pool-4484-thread-1] DEBUG org.apache.nifi.processors.standard.TailFile - TailFile[id=31ee7927-7ac7-40e1-bb95-f7efa7228c3e] Recovering Rolled Off Files; total number of files rolled off = 1
[pool-4484-thread-1] DEBUG org.apache.nifi.processors.standard.TailFile - TailFile[id=31ee7927-7ac7-40e1-bb95-f7efa7228c3e] Checksum for target/log.1 matched expected checksum. Will skip first 14 bytes
[pool-4484-thread-1] DEBUG org.apache.nifi.processors.standard.TailFile - TailFile[id=31ee7927-7ac7-40e1-bb95-f7efa7228c3e] Reading lines starting at position 14
[pool-4484-thread-1] DEBUG org.apache.nifi.processors.standard.TailFile - TailFile[id=31ee7927-7ac7-40e1-bb95-f7efa7228c3e] Read 0 lines; repositioning reader from 15 to 14
[pool-4484-thread-1] DEBUG org.apache.nifi.processors.standard.TailFile - TailFile[id=31ee7927-7ac7-40e1-bb95-f7efa7228c3e] File target/log.1 has been rolled over, but it was updated 4 millis ago, which is less than the configured Post-Rollover Tail Period (600000 ms), so will continue tailing
[pool-4484-thread-1] DEBUG org.apache.nifi.processors.standard.TailFile - TailFile[id=31ee7927-7ac7-40e1-bb95-f7efa7228c3e] File target/log.txt was rolled over and the Rollover Tail Period is set, so will not consume from new file during this iteration.
[pool-4485-thread-1] DEBUG org.apache.nifi.processors.standard.TailFile - TailFile[id=31ee7927-7ac7-40e1-bb95-f7efa7228c3e] Found rolled off file target/log.txt but its last modified timestamp is before the cutoff (Last Mod = 1714615812518, Cutoff = 1714615812522) so will not consume it
[pool-4485-thread-1] DEBUG org.apache.nifi.processors.standard.TailFile - TailFile[id=31ee7927-7ac7-40e1-bb95-f7efa7228c3e] Recovering Rolled Off Files; total number of files rolled off = 1
[pool-4485-thread-1] DEBUG org.apache.nifi.processors.standard.TailFile - TailFile[id=31ee7927-7ac7-40e1-bb95-f7efa7228c3e] Checksum for target/log.1 matched expected checksum. Will skip first 14 bytes
[pool-4485-thread-1] DEBUG org.apache.nifi.processors.standard.TailFile - TailFile[id=31ee7927-7ac7-40e1-bb95-f7efa7228c3e] Reading lines starting at position 14
[pool-4485-thread-1] DEBUG org.apache.nifi.processors.standard.TailFile - TailFile[id=31ee7927-7ac7-40e1-bb95-f7efa7228c3e] Read 0 lines; repositioning reader from 15 to 14
[pool-4485-thread-1] DEBUG org.apache.nifi.processors.standard.TailFile - TailFile[id=31ee7927-7ac7-40e1-bb95-f7efa7228c3e] File target/log.1 has been rolled over, but it was updated 6 millis ago, which is less than the configured Post-Rollover Tail Period (600000 ms), so will continue tailing
[pool-4485-thread-1] DEBUG org.apache.nifi.processors.standard.TailFile - TailFile[id=31ee7927-7ac7-40e1-bb95-f7efa7228c3e] File target/log.txt was rolled over and the Rollover Tail Period is set, so will not consume from new file during this iteration.
[pool-4486-thread-1] DEBUG org.apache.nifi.processors.standard.TailFile - TailFile[id=31ee7927-7ac7-40e1-bb95-f7efa7228c3e] Found rolled off file target/log.txt but its last modified timestamp is before the cutoff (Last Mod = 1714615812518, Cutoff = 1714615812522) so will not consume it
[pool-4486-thread-1] DEBUG org.apache.nifi.processors.standard.TailFile - TailFile[id=31ee7927-7ac7-40e1-bb95-f7efa7228c3e] Recovering Rolled Off Files; total number of files rolled off = 1
[pool-4486-thread-1] DEBUG org.apache.nifi.processors.standard.TailFile - TailFile[id=31ee7927-7ac7-40e1-bb95-f7efa7228c3e] Checksum for target/log.1 matched expected checksum. Will skip first 14 bytes
[pool-4486-thread-1] DEBUG org.apache.nifi.processors.standard.TailFile - TailFile[id=31ee7927-7ac7-40e1-bb95-f7efa7228c3e] Reading lines starting at position 14
[pool-4486-thread-1] DEBUG org.apache.nifi.processors.standard.TailFile - TailFile[id=31ee7927-7ac7-40e1-bb95-f7efa7228c3e] Read 0 lines; repositioning reader from 15 to 14
[pool-4486-thread-1] DEBUG org.apache.nifi.processors.standard.TailFile - TailFile[id=31ee7927-7ac7-40e1-bb95-f7efa7228c3e] File target/log.1 has been rolled over, but it was updated 8 millis ago, which is less than the configured Post-Rollover Tail Period (600000 ms), so will continue tailing
[pool-4486-thread-1] DEBUG org.apache.nifi.processors.standard.TailFile - TailFile[id=31ee7927-7ac7-40e1-bb95-f7efa7228c3e] File target/log.txt was rolled over and the Rollover Tail Period is set, so will not consume from new file during this iteration.
[pool-4487-thread-1] DEBUG org.apache.nifi.processors.standard.TailFile - TailFile[id=31ee7927-7ac7-40e1-bb95-f7efa7228c3e] Found rolled off file target/log.txt but its last modified timestamp is before the cutoff (Last Mod = 1714615812518, Cutoff = 1714615812522) so will not consume it
[pool-4487-thread-1] DEBUG org.apache.nifi.processors.standard.TailFile - TailFile[id=31ee7927-7ac7-40e1-bb95-f7efa7228c3e] Recovering Rolled Off Files; total number of files rolled off = 1
[pool-4487-thread-1] DEBUG org.apache.nifi.processors.standard.TailFile - TailFile[id=31ee7927-7ac7-40e1-bb95-f7efa7228c3e] Checksum for target/log.1 matched expected checksum. Will skip first 14 bytes
[pool-4487-thread-1] DEBUG org.apache.nifi.processors.standard.TailFile - TailFile[id=31ee7927-7ac7-40e1-bb95-f7efa7228c3e] Reading lines starting at position 14
[pool-4487-thread-1] DEBUG org.apache.nifi.processors.standard.TailFile - TailFile[id=31ee7927-7ac7-40e1-bb95-f7efa7228c3e] Read 0 lines; repositioning reader from 15 to 14
[pool-4487-thread-1] DEBUG org.apache.nifi.processors.standard.TailFile - TailFile[id=31ee7927-7ac7-40e1-bb95-f7efa7228c3e] File target/log.1 has been rolled over, but it was updated 10 millis ago, which is less than the configured Post-Rollover Tail Period (600000 ms), so will continue tailing
[pool-4487-thread-1] DEBUG org.apache.nifi.processors.standard.TailFile - TailFile[id=31ee7927-7ac7-40e1-bb95-f7efa7228c3e] File target/log.txt was rolled over and the Rollover Tail Period is set, so will not consume from new file during this iteration.
[pool-4488-thread-1] DEBUG org.apache.nifi.processors.standard.TailFile - TailFile[id=31ee7927-7ac7-40e1-bb95-f7efa7228c3e] Found rolled off file target/log.txt but its last modified timestamp is before the cutoff (Last Mod = 1714615812518, Cutoff = 1714615812522) so will not consume it
[pool-4488-thread-1] DEBUG org.apache.nifi.processors.standard.TailFile - TailFile[id=31ee7927-7ac7-40e1-bb95-f7efa7228c3e] Recovering Rolled Off Files; total number of files rolled off = 1
[pool-4488-thread-1] DEBUG org.apache.nifi.processors.standard.TailFile - TailFile[id=31ee7927-7ac7-40e1-bb95-f7efa7228c3e] Checksum for target/log.1 matched expected checksum. Will skip first 14 bytes
[pool-4488-thread-1] DEBUG org.apache.nifi.processors.standard.TailFile - TailFile[id=31ee7927-7ac7-40e1-bb95-f7efa7228c3e] Reading lines starting at position 14
[pool-4488-thread-1] DEBUG org.apache.nifi.processors.standard.TailFile - TailFile[id=31ee7927-7ac7-40e1-bb95-f7efa7228c3e] Read 0 lines; repositioning reader from 15 to 14
[pool-4488-thread-1] DEBUG org.apache.nifi.processors.standard.TailFile - TailFile[id=31ee7927-7ac7-40e1-bb95-f7efa7228c3e] File target/log.1 has been rolled over, but it was updated 12 millis ago, which is less than the configured Post-Rollover Tail Period (600000 ms), so will continue tailing
[pool-4488-thread-1] DEBUG org.apache.nifi.processors.standard.TailFile - TailFile[id=31ee7927-7ac7-40e1-bb95-f7efa7228c3e] File target/log.txt was rolled over and the Rollover Tail Period is set, so will not consume from new file during this iteration.
[pool-4489-thread-1] DEBUG org.apache.nifi.processors.standard.TailFile - TailFile[id=31ee7927-7ac7-40e1-bb95-f7efa7228c3e] Found rolled off file target/log.txt but its last modified timestamp is before the cutoff (Last Mod = 1714615812518, Cutoff = 1714615812522) so will not consume it
[pool-4489-thread-1] DEBUG org.apache.nifi.processors.standard.TailFile - TailFile[id=31ee7927-7ac7-40e1-bb95-f7efa7228c3e] Recovering Rolled Off Files; total number of files rolled off = 1
[pool-4489-thread-1] DEBUG org.apache.nifi.processors.standard.TailFile - TailFile[id=31ee7927-7ac7-40e1-bb95-f7efa7228c3e] Checksum for target/log.1 matched expected checksum. Will skip first 14 bytes
[pool-4489-thread-1] DEBUG org.apache.nifi.processors.standard.TailFile - TailFile[id=31ee7927-7ac7-40e1-bb95-f7efa7228c3e] Reading lines starting at position 14
[pool-4489-thread-1] DEBUG org.apache.nifi.processors.standard.TailFile - TailFile[id=31ee7927-7ac7-40e1-bb95-f7efa7228c3e] Read 0 lines; repositioning reader from 15 to 14
[pool-4489-thread-1] DEBUG org.apache.nifi.processors.standard.TailFile - TailFile[id=31ee7927-7ac7-40e1-bb95-f7efa7228c3e] File target/log.1 has been rolled over, but it was updated 14 millis ago, which is less than the configured Post-Rollover Tail Period (600000 ms), so will continue tailing
[pool-4489-thread-1] DEBUG org.apache.nifi.processors.standard.TailFile - TailFile[id=31ee7927-7ac7-40e1-bb95-f7efa7228c3e] File target/log.txt was rolled over and the Rollover Tail Period is set, so will not consume from new file during this iteration.
[pool-4490-thread-1] DEBUG org.apache.nifi.processors.standard.TailFile - TailFile[id=31ee7927-7ac7-40e1-bb95-f7efa7228c3e] Found rolled off file target/log.txt but its last modified timestamp is before the cutoff (Last Mod = 1714615812518, Cutoff = 1714615812522) so will not consume it
[pool-4490-thread-1] DEBUG org.apache.nifi.processors.standard.TailFile - TailFile[id=31ee7927-7ac7-40e1-bb95-f7efa7228c3e] Recovering Rolled Off Files; total number of files rolled off = 1
[pool-4490-thread-1] DEBUG org.apache.nifi.processors.standard.TailFile - TailFile[id=31ee7927-7ac7-40e1-bb95-f7efa7228c3e] Checksum for target/log.1 matched expected checksum. Will skip first 14 bytes
[pool-4490-thread-1] DEBUG org.apache.nifi.processors.standard.TailFile - TailFile[id=31ee7927-7ac7-40e1-bb95-f7efa7228c3e] Reading lines starting at position 14
[pool-4490-thread-1] DEBUG org.apache.nifi.processors.standard.TailFile - TailFile[id=31ee7927-7ac7-40e1-bb95-f7efa7228c3e] Read 0 lines; repositioning reader from 15 to 14
[pool-4490-thread-1] DEBUG org.apache.nifi.processors.standard.TailFile - TailFile[id=31ee7927-7ac7-40e1-bb95-f7efa7228c3e] File target/log.1 has been rolled over, but it was updated 16 millis ago, which is less than the configured Post-Rollover Tail Period (600000 ms), so will continue tailing
[pool-4490-thread-1] DEBUG org.apache.nifi.processors.standard.TailFile - TailFile[id=31ee7927-7ac7-40e1-bb95-f7efa7228c3e] File target/log.txt was rolled over and the Rollover Tail Period is set, so will not consume from new file during this iteration.
[pool-4491-thread-1] DEBUG org.apache.nifi.processors.standard.TailFile - TailFile[id=31ee7927-7ac7-40e1-bb95-f7efa7228c3e] Found rolled off file target/log.txt but its last modified timestamp is before the cutoff (Last Mod = 1714615812518, Cutoff = 1714615812522) so will not consume it
[pool-4491-thread-1] DEBUG org.apache.nifi.processors.standard.TailFile - TailFile[id=31ee7927-7ac7-40e1-bb95-f7efa7228c3e] Recovering Rolled Off Files; total number of files rolled off = 1
[pool-4491-thread-1] DEBUG org.apache.nifi.processors.standard.TailFile - TailFile[id=31ee7927-7ac7-40e1-bb95-f7efa7228c3e] Checksum for target/log.1 matched expected checksum. Will skip first 14 bytes
[pool-4491-thread-1] DEBUG org.apache.nifi.processors.standard.TailFile - TailFile[id=31ee7927-7ac7-40e1-bb95-f7efa7228c3e] Reading lines starting at position 14
[pool-4491-thread-1] DEBUG org.apache.nifi.processors.standard.TailFile - TailFile[id=31ee7927-7ac7-40e1-bb95-f7efa7228c3e] Read 0 lines; repositioning reader from 15 to 14
[pool-4491-thread-1] DEBUG org.apache.nifi.processors.standard.TailFile - TailFile[id=31ee7927-7ac7-40e1-bb95-f7efa7228c3e] File target/log.1 has been rolled over, but it was updated 18 millis ago, which is less than the configured Post-Rollover Tail Period (600000 ms), so will continue tailing
[pool-4491-thread-1] DEBUG org.apache.nifi.processors.standard.TailFile - TailFile[id=31ee7927-7ac7-40e1-bb95-f7efa7228c3e] File target/log.txt was rolled over and the Rollover Tail Period is set, so will not consume from new file during this iteration.
[pool-4492-thread-1] DEBUG org.apache.nifi.processors.standard.TailFile - TailFile[id=31ee7927-7ac7-40e1-bb95-f7efa7228c3e] Found rolled off file target/log.txt but its last modified timestamp is before the cutoff (Last Mod = 1714615812518, Cutoff = 1714615812522) so will not consume it
[pool-4492-thread-1] DEBUG org.apache.nifi.processors.standard.TailFile - TailFile[id=31ee7927-7ac7-40e1-bb95-f7efa7228c3e] Recovering Rolled Off Files; total number of files rolled off = 1
[pool-4492-thread-1] DEBUG org.apache.nifi.processors.standard.TailFile - TailFile[id=31ee7927-7ac7-40e1-bb95-f7efa7228c3e] Checksum for target/log.1 matched expected checksum. Will skip first 14 bytes
[pool-4492-thread-1] DEBUG org.apache.nifi.processors.standard.TailFile - TailFile[id=31ee7927-7ac7-40e1-bb95-f7efa7228c3e] Reading lines starting at position 14
[pool-4492-thread-1] DEBUG org.apache.nifi.processors.standard.TailFile - TailFile[id=31ee7927-7ac7-40e1-bb95-f7efa7228c3e] Read 0 lines; repositioning reader from 15 to 14
[pool-4492-thread-1] DEBUG org.apache.nifi.processors.standard.TailFile - TailFile[id=31ee7927-7ac7-40e1-bb95-f7efa7228c3e] File target/log.1 has been rolled over, but it was updated 20 millis ago, which is less than the configured Post-Rollover Tail Period (600000 ms), so will continue tailing
[pool-4492-thread-1] DEBUG org.apache.nifi.processors.standard.TailFile - TailFile[id=31ee7927-7ac7-40e1-bb95-f7efa7228c3e] File target/log.txt was rolled over and the Rollover Tail Period is set, so will not consume from new file during this iteration.
[pool-4493-thread-1] DEBUG org.apache.nifi.processors.standard.TailFile - TailFile[id=31ee7927-7ac7-40e1-bb95-f7efa7228c3e] Found rolled off file target/log.txt but its last modified timestamp is before the cutoff (Last Mod = 1714615812518, Cutoff = 1714615812522) so will not consume it
[pool-4493-thread-1] DEBUG org.apache.nifi.processors.standard.TailFile - TailFile[id=31ee7927-7ac7-40e1-bb95-f7efa7228c3e] Recovering Rolled Off Files; total number of files rolled off = 1
[pool-4493-thread-1] DEBUG org.apache.nifi.processors.standard.TailFile - TailFile[id=31ee7927-7ac7-40e1-bb95-f7efa7228c3e] Checksum for target/log.1 matched expected checksum. Will skip first 14 bytes
[pool-4493-thread-1] DEBUG org.apache.nifi.processors.standard.TailFile - TailFile[id=31ee7927-7ac7-40e1-bb95-f7efa7228c3e] Reading lines starting at position 14
[pool-4493-thread-1] DEBUG org.apache.nifi.processors.standard.TailFile - TailFile[id=31ee7927-7ac7-40e1-bb95-f7efa7228c3e] Read 0 lines; repositioning reader from 15 to 14
[pool-4493-thread-1] DEBUG org.apache.nifi.processors.standard.TailFile - TailFile[id=31ee7927-7ac7-40e1-bb95-f7efa7228c3e] File target/log.1 has been rolled over, but it was updated 22 millis ago, which is less than the configured Post-Rollover Tail Period (600000 ms), so will continue tailing
[pool-4493-thread-1] DEBUG org.apache.nifi.processors.standard.TailFile - TailFile[id=31ee7927-7ac7-40e1-bb95-f7efa7228c3e] File target/log.txt was rolled over and the Rollover Tail Period is set, so will not consume from new file during this iteration.
[pool-4494-thread-1] DEBUG org.apache.nifi.processors.standard.TailFile - TailFile[id=31ee7927-7ac7-40e1-bb95-f7efa7228c3e] Found rolled off file target/log.txt but its last modified timestamp is before the cutoff (Last Mod = 1714615812518, Cutoff = 1714615812522) so will not consume it
[pool-4494-thread-1] DEBUG org.apache.nifi.processors.standard.TailFile - TailFile[id=31ee7927-7ac7-40e1-bb95-f7efa7228c3e] Recovering Rolled Off Files; total number of files rolled off = 1
[pool-4494-thread-1] DEBUG org.apache.nifi.processors.standard.TailFile - TailFile[id=31ee7927-7ac7-40e1-bb95-f7efa7228c3e] Checksum for target/log.1 matched expected checksum. Will skip first 14 bytes
[pool-4494-thread-1] DEBUG org.apache.nifi.processors.standard.TailFile - TailFile[id=31ee7927-7ac7-40e1-bb95-f7efa7228c3e] Reading lines starting at position 14
[pool-4494-thread-1] DEBUG org.apache.nifi.processors.standard.TailFile - TailFile[id=31ee7927-7ac7-40e1-bb95-f7efa7228c3e] Read 0 lines; repositioning reader from 15 to 14
[pool-4494-thread-1] DEBUG org.apache.nifi.processors.standard.TailFile - TailFile[id=31ee7927-7ac7-40e1-bb95-f7efa7228c3e] File target/log.1 has been rolled over, but it was updated 24 millis ago, which is less than the configured Post-Rollover Tail Period (600000 ms), so will continue tailing
[pool-4494-thread-1] DEBUG org.apache.nifi.processors.standard.TailFile - TailFile[id=31ee7927-7ac7-40e1-bb95-f7efa7228c3e] File target/log.txt was rolled over and the Rollover Tail Period is set, so will not consume from new file during this iteration.
[pool-4495-thread-1] DEBUG org.apache.nifi.processors.standard.TailFile - TailFile[id=31ee7927-7ac7-40e1-bb95-f7efa7228c3e] Found rolled off file target/log.txt but its last modified timestamp is before the cutoff (Last Mod = 1714615812518, Cutoff = 1714615812522) so will not consume it
[pool-4495-thread-1] DEBUG org.apache.nifi.processors.standard.TailFile - TailFile[id=31ee7927-7ac7-40e1-bb95-f7efa7228c3e] Recovering Rolled Off Files; total number of files rolled off = 1
[pool-4495-thread-1] DEBUG org.apache.nifi.processors.standard.TailFile - TailFile[id=31ee7927-7ac7-40e1-bb95-f7efa7228c3e] Checksum for target/log.1 matched expected checksum. Will skip first 14 bytes
[pool-4495-thread-1] DEBUG org.apache.nifi.processors.standard.TailFile - TailFile[id=31ee7927-7ac7-40e1-bb95-f7efa7228c3e] Reading lines starting at position 14
[pool-4495-thread-1] DEBUG org.apache.nifi.processors.standard.TailFile - TailFile[id=31ee7927-7ac7-40e1-bb95-f7efa7228c3e] Read 0 lines; repositioning reader from 15 to 14
[pool-4495-thread-1] DEBUG org.apache.nifi.processors.standard.TailFile - TailFile[id=31ee7927-7ac7-40e1-bb95-f7efa7228c3e] File target/log.1 has been rolled over, but it was updated 26 millis ago, which is less than the configured Post-Rollover Tail Period (600000 ms), so will continue tailing
[pool-4495-thread-1] DEBUG org.apache.nifi.processors.standard.TailFile - TailFile[id=31ee7927-7ac7-40e1-bb95-f7efa7228c3e] File target/log.txt was rolled over and the Rollover Tail Period is set, so will not consume from new file during this iteration.
[pool-4496-thread-1] DEBUG org.apache.nifi.processors.standard.TailFile - TailFile[id=31ee7927-7ac7-40e1-bb95-f7efa7228c3e] Found rolled off file target/log.txt but its last modified timestamp is before the cutoff (Last Mod = 1714615812518, Cutoff = 1714615812522) so will not consume it
[pool-4496-thread-1] DEBUG org.apache.nifi.processors.standard.TailFile - TailFile[id=31ee7927-7ac7-40e1-bb95-f7efa7228c3e] Recovering Rolled Off Files; total number of files rolled off = 1
[pool-4496-thread-1] DEBUG org.apache.nifi.processors.standard.TailFile - TailFile[id=31ee7927-7ac7-40e1-bb95-f7efa7228c3e] Checksum for target/log.1 matched expected checksum. Will skip first 14 bytes
[pool-4496-thread-1] DEBUG org.apache.nifi.processors.standard.TailFile - TailFile[id=31ee7927-7ac7-40e1-bb95-f7efa7228c3e] Reading lines starting at position 14
[pool-4496-thread-1] DEBUG org.apache.nifi.processors.standard.TailFile - TailFile[id=31ee7927-7ac7-40e1-bb95-f7efa7228c3e] Read 0 lines; repositioning reader from 15 to 14
[pool-4496-thread-1] DEBUG org.apache.nifi.processors.standard.TailFile - TailFile[id=31ee7927-7ac7-40e1-bb95-f7efa7228c3e] File target/log.1 has been rolled over, but it was updated 27 millis ago, which is less than the configured Post-Rollover Tail Period (600000 ms), so will continue tailing
[pool-4496-thread-1] DEBUG org.apache.nifi.processors.standard.TailFile - TailFile[id=31ee7927-7ac7-40e1-bb95-f7efa7228c3e] File target/log.txt was rolled over and the Rollover Tail Period is set, so will not consume from new file during this iteration.
[pool-4497-thread-1] DEBUG org.apache.nifi.processors.standard.TailFile - TailFile[id=31ee7927-7ac7-40e1-bb95-f7efa7228c3e] Found rolled off file target/log.txt but its last modified timestamp is before the cutoff (Last Mod = 1714615812518, Cutoff = 1714615812522) so will not consume it
[pool-4497-thread-1] DEBUG org.apache.nifi.processors.standard.TailFile - TailFile[id=31ee7927-7ac7-40e1-bb95-f7efa7228c3e] Recovering Rolled Off Files; total number of files rolled off = 1
[pool-4497-thread-1] DEBUG org.apache.nifi.processors.standard.TailFile - TailFile[id=31ee7927-7ac7-40e1-bb95-f7efa7228c3e] Checksum for target/log.1 matched expected checksum. Will skip first 14 bytes
[pool-4497-thread-1] DEBUG org.apache.nifi.processors.standard.TailFile - TailFile[id=31ee7927-7ac7-40e1-bb95-f7efa7228c3e] Reading lines starting at position 14
[pool-4497-thread-1] DEBUG org.apache.nifi.processors.standard.TailFile - TailFile[id=31ee7927-7ac7-40e1-bb95-f7efa7228c3e] Read 0 lines; repositioning reader from 15 to 14
[pool-4497-thread-1] DEBUG org.apache.nifi.processors.standard.TailFile - TailFile[id=31ee7927-7ac7-40e1-bb95-f7efa7228c3e] File target/log.1 has been rolled over, but it was updated 29 millis ago, which is less than the configured Post-Rollover Tail Period (600000 ms), so will continue tailing
[pool-4497-thread-1] DEBUG org.apache.nifi.processors.standard.TailFile - TailFile[id=31ee7927-7ac7-40e1-bb95-f7efa7228c3e] File target/log.txt was rolled over and the Rollover Tail Period is set, so will not consume from new file during this iteration.
[pool-4498-thread-1] DEBUG org.apache.nifi.processors.standard.TailFile - TailFile[id=31ee7927-7ac7-40e1-bb95-f7efa7228c3e] Found rolled off file target/log.txt but its last modified timestamp is before the cutoff (Last Mod = 1714615812518, Cutoff = 1714615812522) so will not consume it
[pool-4498-thread-1] DEBUG org.apache.nifi.processors.standard.TailFile - TailFile[id=31ee7927-7ac7-40e1-bb95-f7efa7228c3e] Recovering Rolled Off Files; total number of files rolled off = 1
[pool-4498-thread-1] DEBUG org.apache.nifi.processors.standard.TailFile - TailFile[id=31ee7927-7ac7-40e1-bb95-f7efa7228c3e] Checksum for target/log.1 matched expected checksum. Will skip first 14 bytes
[pool-4498-thread-1] DEBUG org.apache.nifi.processors.standard.TailFile - TailFile[id=31ee7927-7ac7-40e1-bb95-f7efa7228c3e] Reading lines starting at position 14
[pool-4498-thread-1] DEBUG org.apache.nifi.processors.standard.TailFile - TailFile[id=31ee7927-7ac7-40e1-bb95-f7efa7228c3e] Read 0 lines; repositioning reader from 15 to 14
[pool-4498-thread-1] DEBUG org.apache.nifi.processors.standard.TailFile - TailFile[id=31ee7927-7ac7-40e1-bb95-f7efa7228c3e] File target/log.1 has been rolled over, but it was updated 31 millis ago, which is less than the configured Post-Rollover Tail Period (600000 ms), so will continue tailing
[pool-4498-thread-1] DEBUG org.apache.nifi.processors.standard.TailFile - TailFile[id=31ee7927-7ac7-40e1-bb95-f7efa7228c3e] File target/log.txt was rolled over and the Rollover Tail Period is set, so will not consume from new file during this iteration.
[pool-4499-thread-1] DEBUG org.apache.nifi.processors.standard.TailFile - TailFile[id=31ee7927-7ac7-40e1-bb95-f7efa7228c3e] Found rolled off file target/log.txt but its last modified timestamp is before the cutoff (Last Mod = 1714615812518, Cutoff = 1714615812522) so will not consume it
[pool-4499-thread-1] DEBUG org.apache.nifi.processors.standard.TailFile - TailFile[id=31ee7927-7ac7-40e1-bb95-f7efa7228c3e] Recovering Rolled Off Files; total number of files rolled off = 1
[pool-4499-thread-1] DEBUG org.apache.nifi.processors.standard.TailFile - TailFile[id=31ee7927-7ac7-40e1-bb95-f7efa7228c3e] Checksum for target/log.1 matched expected checksum. Will skip first 14 bytes
[pool-4499-thread-1] DEBUG org.apache.nifi.processors.standard.TailFile - TailFile[id=31ee7927-7ac7-40e1-bb95-f7efa7228c3e] Reading lines starting at position 14
[pool-4499-thread-1] DEBUG org.apache.nifi.processors.standard.TailFile - TailFile[id=31ee7927-7ac7-40e1-bb95-f7efa7228c3e] Read 0 lines; repositioning reader from 15 to 14
[pool-4499-thread-1] DEBUG org.apache.nifi.processors.standard.TailFile - TailFile[id=31ee7927-7ac7-40e1-bb95-f7efa7228c3e] File target/log.1 has been rolled over, but it was updated 33 millis ago, which is less than the configured Post-Rollover Tail Period (600000 ms), so will continue tailing
[pool-4499-thread-1] DEBUG org.apache.nifi.processors.standard.TailFile - TailFile[id=31ee7927-7ac7-40e1-bb95-f7efa7228c3e] File target/log.txt was rolled over and the Rollover Tail Period is set, so will not consume from new file during this iteration.
[pool-4500-thread-1] DEBUG org.apache.nifi.processors.standard.TailFile - TailFile[id=31ee7927-7ac7-40e1-bb95-f7efa7228c3e] Found rolled off file target/log.txt but its last modified timestamp is before the cutoff (Last Mod = 1714615812518, Cutoff = 1714615812522) so will not consume it
[pool-4500-thread-1] DEBUG org.apache.nifi.processors.standard.TailFile - TailFile[id=31ee7927-7ac7-40e1-bb95-f7efa7228c3e] Recovering Rolled Off Files; total number of files rolled off = 1
[pool-4500-thread-1] DEBUG org.apache.nifi.processors.standard.TailFile - TailFile[id=31ee7927-7ac7-40e1-bb95-f7efa7228c3e] Checksum for target/log.1 matched expected checksum. Will skip first 14 bytes
[pool-4500-thread-1] DEBUG org.apache.nifi.processors.standard.TailFile - TailFile[id=31ee7927-7ac7-40e1-bb95-f7efa7228c3e] Reading lines starting at position 14
[pool-4500-thread-1] DEBUG org.apache.nifi.processors.standard.TailFile - TailFile[id=31ee7927-7ac7-40e1-bb95-f7efa7228c3e] Read 0 lines; repositioning reader from 15 to 14
[pool-4500-thread-1] DEBUG org.apache.nifi.processors.standard.TailFile - TailFile[id=31ee7927-7ac7-40e1-bb95-f7efa7228c3e] File target/log.1 has been rolled over, but it was updated 35 millis ago, which is less than the configured Post-Rollover Tail Period (600000 ms), so will continue tailing
[pool-4500-thread-1] DEBUG org.apache.nifi.processors.standard.TailFile - TailFile[id=31ee7927-7ac7-40e1-bb95-f7efa7228c3e] File target/log.txt was rolled over and the Rollover Tail Period is set, so will not consume from new file during this iteration.
[pool-4501-thread-1] DEBUG org.apache.nifi.processors.standard.TailFile - TailFile[id=31ee7927-7ac7-40e1-bb95-f7efa7228c3e] Found rolled off file target/log.txt but its last modified timestamp is before the cutoff (Last Mod = 1714615812518, Cutoff = 1714615812522) so will not consume it
[pool-4501-thread-1] DEBUG org.apache.nifi.processors.standard.TailFile - TailFile[id=31ee7927-7ac7-40e1-bb95-f7efa7228c3e] Recovering Rolled Off Files; total number of files rolled off = 1
[pool-4501-thread-1] DEBUG org.apache.nifi.processors.standard.TailFile - TailFile[id=31ee7927-7ac7-40e1-bb95-f7efa7228c3e] Checksum for target/log.1 matched expected checksum. Will skip first 14 bytes
[pool-4501-thread-1] DEBUG org.apache.nifi.processors.standard.TailFile - TailFile[id=31ee7927-7ac7-40e1-bb95-f7efa7228c3e] Reading lines starting at position 14
[pool-4501-thread-1] DEBUG org.apache.nifi.processors.standard.TailFile - TailFile[id=31ee7927-7ac7-40e1-bb95-f7efa7228c3e] Read 0 lines; repositioning reader from 15 to 14
[pool-4501-thread-1] DEBUG org.apache.nifi.processors.standard.TailFile - TailFile[id=31ee7927-7ac7-40e1-bb95-f7efa7228c3e] File target/log.1 has been rolled over, but it was updated 37 millis ago, which is less than the configured Post-Rollover Tail Period (600000 ms), so will continue tailing
[pool-4501-thread-1] DEBUG org.apache.nifi.processors.standard.TailFile - TailFile[id=31ee7927-7ac7-40e1-bb95-f7efa7228c3e] File target/log.txt was rolled over and the Rollover Tail Period is set, so will not consume from new file during this iteration.
[pool-4502-thread-1] DEBUG org.apache.nifi.processors.standard.TailFile - TailFile[id=31ee7927-7ac7-40e1-bb95-f7efa7228c3e] Found rolled off file target/log.txt but its last modified timestamp is before the cutoff (Last Mod = 1714615812518, Cutoff = 1714615812522) so will not consume it
[pool-4502-thread-1] DEBUG org.apache.nifi.processors.standard.TailFile - TailFile[id=31ee7927-7ac7-40e1-bb95-f7efa7228c3e] Recovering Rolled Off Files; total number of files rolled off = 1
[pool-4502-thread-1] DEBUG org.apache.nifi.processors.standard.TailFile - TailFile[id=31ee7927-7ac7-40e1-bb95-f7efa7228c3e] Checksum for target/log.1 matched expected checksum. Will skip first 14 bytes
[pool-4502-thread-1] DEBUG org.apache.nifi.processors.standard.TailFile - TailFile[id=31ee7927-7ac7-40e1-bb95-f7efa7228c3e] Reading lines starting at position 14
[pool-4502-thread-1] DEBUG org.apache.nifi.processors.standard.TailFile - TailFile[id=31ee7927-7ac7-40e1-bb95-f7efa7228c3e] Read 0 lines; repositioning reader from 15 to 14
[pool-4502-thread-1] DEBUG org.apache.nifi.processors.standard.TailFile - TailFile[id=31ee7927-7ac7-40e1-bb95-f7efa7228c3e] File target/log.1 has been rolled over, but it was updated 38 millis ago, which is less than the configured Post-Rollover Tail Period (600000 ms), so will continue tailing
[pool-4502-thread-1] DEBUG org.apache.nifi.processors.standard.TailFile - TailFile[id=31ee7927-7ac7-40e1-bb95-f7efa7228c3e] File target/log.txt was rolled over and the Rollover Tail Period is set, so will not consume from new file during this iteration.
[pool-4503-thread-1] DEBUG org.apache.nifi.processors.standard.TailFile - TailFile[id=31ee7927-7ac7-40e1-bb95-f7efa7228c3e] Found rolled off file target/log.txt but its last modified timestamp is before the cutoff (Last Mod = 1714615812518, Cutoff = 1714615812522) so will not consume it
[pool-4503-thread-1] DEBUG org.apache.nifi.processors.standard.TailFile - TailFile[id=31ee7927-7ac7-40e1-bb95-f7efa7228c3e] Recovering Rolled Off Files; total number of files rolled off = 1
[pool-4503-thread-1] DEBUG org.apache.nifi.processors.standard.TailFile - TailFile[id=31ee7927-7ac7-40e1-bb95-f7efa7228c3e] Checksum for target/log.1 matched expected checksum. Will skip first 14 bytes
[pool-4503-thread-1] DEBUG org.apache.nifi.processors.standard.TailFile - TailFile[id=31ee7927-7ac7-40e1-bb95-f7efa7228c3e] Reading lines starting at position 14
[pool-4503-thread-1] DEBUG org.apache.nifi.processors.standard.TailFile - TailFile[id=31ee7927-7ac7-40e1-bb95-f7efa7228c3e] Read 0 lines; repositioning reader from 15 to 14
[pool-4503-thread-1] DEBUG org.apache.nifi.processors.standard.TailFile - TailFile[id=31ee7927-7ac7-40e1-bb95-f7efa7228c3e] File target/log.1 has been rolled over, but it was updated 40 millis ago, which is less than the configured Post-Rollover Tail Period (600000 ms), so will continue tailing
[pool-4503-thread-1] DEBUG org.apache.nifi.processors.standard.TailFile - TailFile[id=31ee7927-7ac7-40e1-bb95-f7efa7228c3e] File target/log.txt was rolled over and the Rollover Tail Period is set, so will not consume from new file during this iteration.
[pool-4504-thread-1] DEBUG org.apache.nifi.processors.standard.TailFile - TailFile[id=31ee7927-7ac7-40e1-bb95-f7efa7228c3e] Found rolled off file target/log.txt but its last modified timestamp is before the cutoff (Last Mod = 1714615812518, Cutoff = 1714615812522) so will not consume it
[pool-4504-thread-1] DEBUG org.apache.nifi.processors.standard.TailFile - TailFile[id=31ee7927-7ac7-40e1-bb95-f7efa7228c3e] Recovering Rolled Off Files; total number of files rolled off = 1
[pool-4504-thread-1] DEBUG org.apache.nifi.processors.standard.TailFile - TailFile[id=31ee7927-7ac7-40e1-bb95-f7efa7228c3e] Checksum for target/log.1 matched expected checksum. Will skip first 14 bytes
[pool-4504-thread-1] DEBUG org.apache.nifi.processors.standard.TailFile - TailFile[id=31ee7927-7ac7-40e1-bb95-f7efa7228c3e] Reading lines starting at position 14
[pool-4504-thread-1] DEBUG org.apache.nifi.processors.standard.TailFile - TailFile[id=31ee7927-7ac7-40e1-bb95-f7efa7228c3e] Read 0 lines; repositioning reader from 15 to 14
[pool-4504-thread-1] DEBUG org.apache.nifi.processors.standard.TailFile - TailFile[id=31ee7927-7ac7-40e1-bb95-f7efa7228c3e] File target/log.1 has been rolled over, but it was updated 42 millis ago, which is less than the configured Post-Rollover Tail Period (600000 ms), so will continue tailing
[pool-4504-thread-1] DEBUG org.apache.nifi.processors.standard.TailFile - TailFile[id=31ee7927-7ac7-40e1-bb95-f7efa7228c3e] File target/log.txt was rolled over and the Rollover Tail Period is set, so will not consume from new file during this iteration.
[pool-4505-thread-1] DEBUG org.apache.nifi.processors.standard.TailFile - TailFile[id=31ee7927-7ac7-40e1-bb95-f7efa7228c3e] Found rolled off file target/log.txt but its last modified timestamp is before the cutoff (Last Mod = 1714615812518, Cutoff = 1714615812522) so will not consume it
[pool-4505-thread-1] DEBUG org.apache.nifi.processors.standard.TailFile - TailFile[id=31ee7927-7ac7-40e1-bb95-f7efa7228c3e] Recovering Rolled Off Files; total number of files rolled off = 1
[pool-4505-thread-1] DEBUG org.apache.nifi.processors.standard.TailFile - TailFile[id=31ee7927-7ac7-40e1-bb95-f7efa7228c3e] Checksum for target/log.1 matched expected checksum. Will skip first 14 bytes
[pool-4505-thread-1] DEBUG org.apache.nifi.processors.standard.TailFile - TailFile[id=31ee7927-7ac7-40e1-bb95-f7efa7228c3e] Reading lines starting at position 14
[pool-4505-thread-1] DEBUG org.apache.nifi.processors.standard.TailFile - TailFile[id=31ee7927-7ac7-40e1-bb95-f7efa7228c3e] Read 0 lines; repositioning reader from 15 to 14
[pool-4505-thread-1] DEBUG org.apache.nifi.processors.standard.TailFile - TailFile[id=31ee7927-7ac7-40e1-bb95-f7efa7228c3e] File target/log.1 has been rolled over, but it was updated 44 millis ago, which is less than the configured Post-Rollover Tail Period (600000 ms), so will continue tailing
[pool-4505-thread-1] DEBUG org.apache.nifi.processors.standard.TailFile - TailFile[id=31ee7927-7ac7-40e1-bb95-f7efa7228c3e] File target/log.txt was rolled over and the Rollover Tail Period is set, so will not consume from new file during this iteration.
[pool-4506-thread-1] DEBUG org.apache.nifi.processors.standard.TailFile - TailFile[id=31ee7927-7ac7-40e1-bb95-f7efa7228c3e] Found rolled off file target/log.txt but its last modified timestamp is before the cutoff (Last Mod = 1714615812518, Cutoff = 1714615812522) so will not consume it
[pool-4506-thread-1] DEBUG org.apache.nifi.processors.standard.TailFile - TailFile[id=31ee7927-7ac7-40e1-bb95-f7efa7228c3e] Recovering Rolled Off Files; total number of files rolled off = 1
[pool-4506-thread-1] DEBUG org.apache.nifi.processors.standard.TailFile - TailFile[id=31ee7927-7ac7-40e1-bb95-f7efa7228c3e] Checksum for target/log.1 matched expected checksum. Will skip first 14 bytes
[pool-4506-thread-1] DEBUG org.apache.nifi.processors.standard.TailFile - TailFile[id=31ee7927-7ac7-40e1-bb95-f7efa7228c3e] Reading lines starting at position 14
[pool-4506-thread-1] DEBUG org.apache.nifi.processors.standard.TailFile - TailFile[id=31ee7927-7ac7-40e1-bb95-f7efa7228c3e] Read 0 lines; repositioning reader from 15 to 14
[pool-4506-thread-1] DEBUG org.apache.nifi.processors.standard.TailFile - TailFile[id=31ee7927-7ac7-40e1-bb95-f7efa7228c3e] File target/log.1 has been rolled over, but it was updated 46 millis ago, which is less than the configured Post-Rollover Tail Period (600000 ms), so will continue tailing
[pool-4506-thread-1] DEBUG org.apache.nifi.processors.standard.TailFile - TailFile[id=31ee7927-7ac7-40e1-bb95-f7efa7228c3e] File target/log.txt was rolled over and the Rollover Tail Period is set, so will not consume from new file during this iteration.
[pool-4507-thread-1] DEBUG org.apache.nifi.processors.standard.TailFile - TailFile[id=31ee7927-7ac7-40e1-bb95-f7efa7228c3e] Found rolled off file target/log.txt but its last modified timestamp is before the cutoff (Last Mod = 1714615812518, Cutoff = 1714615812522) so will not consume it
[pool-4507-thread-1] DEBUG org.apache.nifi.processors.standard.TailFile - TailFile[id=31ee7927-7ac7-40e1-bb95-f7efa7228c3e] Recovering Rolled Off Files; total number of files rolled off = 1
[pool-4507-thread-1] DEBUG org.apache.nifi.processors.standard.TailFile - TailFile[id=31ee7927-7ac7-40e1-bb95-f7efa7228c3e] Checksum for target/log.1 matched expected checksum. Will skip first 14 bytes
[pool-4507-thread-1] DEBUG org.apache.nifi.processors.standard.TailFile - TailFile[id=31ee7927-7ac7-40e1-bb95-f7efa7228c3e] Reading lines starting at position 14
[pool-4507-thread-1] DEBUG org.apache.nifi.processors.standard.TailFile - TailFile[id=31ee7927-7ac7-40e1-bb95-f7efa7228c3e] Read 0 lines; repositioning reader from 15 to 14
[pool-4507-thread-1] DEBUG org.apache.nifi.processors.standard.TailFile - TailFile[id=31ee7927-7ac7-40e1-bb95-f7efa7228c3e] File target/log.1 has been rolled over, but it was updated 48 millis ago, which is less than the configured Post-Rollover Tail Period (600000 ms), so will continue tailing
[pool-4507-thread-1] DEBUG org.apache.nifi.processors.standard.TailFile - TailFile[id=31ee7927-7ac7-40e1-bb95-f7efa7228c3e] File target/log.txt was rolled over and the Rollover Tail Period is set, so will not consume from new file during this iteration.
[pool-4508-thread-1] DEBUG org.apache.nifi.processors.standard.TailFile - TailFile[id=31ee7927-7ac7-40e1-bb95-f7efa7228c3e] Found rolled off file target/log.txt but its last modified timestamp is before the cutoff (Last Mod = 1714615812518, Cutoff = 1714615812522) so will not consume it
[pool-4508-thread-1] DEBUG org.apache.nifi.processors.standard.TailFile - TailFile[id=31ee7927-7ac7-40e1-bb95-f7efa7228c3e] Recovering Rolled Off Files; total number of files rolled off = 1
[pool-4508-thread-1] DEBUG org.apache.nifi.processors.standard.TailFile - TailFile[id=31ee7927-7ac7-40e1-bb95-f7efa7228c3e] Checksum for target/log.1 matched expected checksum. Will skip first 14 bytes
[pool-4508-thread-1] DEBUG org.apache.nifi.processors.standard.TailFile - TailFile[id=31ee7927-7ac7-40e1-bb95-f7efa7228c3e] Reading lines starting at position 14
[pool-4508-thread-1] DEBUG org.apache.nifi.processors.standard.TailFile - TailFile[id=31ee7927-7ac7-40e1-bb95-f7efa7228c3e] Read 0 lines; repositioning reader from 15 to 14
[pool-4508-thread-1] DEBUG org.apache.nifi.processors.standard.TailFile - TailFile[id=31ee7927-7ac7-40e1-bb95-f7efa7228c3e] File target/log.1 has been rolled over, but it was updated 50 millis ago, which is less than the configured Post-Rollover Tail Period (600000 ms), so will continue tailing
[pool-4508-thread-1] DEBUG org.apache.nifi.processors.standard.TailFile - TailFile[id=31ee7927-7ac7-40e1-bb95-f7efa7228c3e] File target/log.txt was rolled over and the Rollover Tail Period is set, so will not consume from new file during this iteration.
[pool-4509-thread-1] DEBUG org.apache.nifi.processors.standard.TailFile - TailFile[id=31ee7927-7ac7-40e1-bb95-f7efa7228c3e] Found rolled off file target/log.txt but its last modified timestamp is before the cutoff (Last Mod = 1714615812518, Cutoff = 1714615812522) so will not consume it
[pool-4509-thread-1] DEBUG org.apache.nifi.processors.standard.TailFile - TailFile[id=31ee7927-7ac7-40e1-bb95-f7efa7228c3e] Recovering Rolled Off Files; total number of files rolled off = 1
[pool-4509-thread-1] DEBUG org.apache.nifi.processors.standard.TailFile - TailFile[id=31ee7927-7ac7-40e1-bb95-f7efa7228c3e] Checksum for target/log.1 matched expected checksum. Will skip first 14 bytes
[pool-4509-thread-1] DEBUG org.apache.nifi.processors.standard.TailFile - TailFile[id=31ee7927-7ac7-40e1-bb95-f7efa7228c3e] Reading lines starting at position 14
[pool-4509-thread-1] DEBUG org.apache.nifi.processors.standard.TailFile - TailFile[id=31ee7927-7ac7-40e1-bb95-f7efa7228c3e] Read 0 lines; repositioning reader from 15 to 14
[pool-4509-thread-1] DEBUG org.apache.nifi.processors.standard.TailFile - TailFile[id=31ee7927-7ac7-40e1-bb95-f7efa7228c3e] File target/log.1 has been rolled over, but it was updated 52 millis ago, which is less than the configured Post-Rollover Tail Period (600000 ms), so will continue tailing
[pool-4509-thread-1] DEBUG org.apache.nifi.processors.standard.TailFile - TailFile[id=31ee7927-7ac7-40e1-bb95-f7efa7228c3e] File target/log.txt was rolled over and the Rollover Tail Period is set, so will not consume from new file during this iteration.
[pool-4510-thread-1] DEBUG org.apache.nifi.processors.standard.TailFile - TailFile[id=31ee7927-7ac7-40e1-bb95-f7efa7228c3e] Found rolled off file target/log.txt but its last modified timestamp is before the cutoff (Last Mod = 1714615812518, Cutoff = 1714615812522) so will not consume it
[pool-4510-thread-1] DEBUG org.apache.nifi.processors.standard.TailFile - TailFile[id=31ee7927-7ac7-40e1-bb95-f7efa7228c3e] Recovering Rolled Off Files; total number of files rolled off = 1
[pool-4510-thread-1] DEBUG org.apache.nifi.processors.standard.TailFile - TailFile[id=31ee7927-7ac7-40e1-bb95-f7efa7228c3e] Checksum for target/log.1 matched expected checksum. Will skip first 14 bytes
[pool-4510-thread-1] DEBUG org.apache.nifi.processors.standard.TailFile - TailFile[id=31ee7927-7ac7-40e1-bb95-f7efa7228c3e] Reading lines starting at position 14
[pool-4510-thread-1] DEBUG org.apache.nifi.processors.standard.TailFile - TailFile[id=31ee7927-7ac7-40e1-bb95-f7efa7228c3e] Read 0 lines; repositioning reader from 15 to 14
[pool-4510-thread-1] DEBUG org.apache.nifi.processors.standard.TailFile - TailFile[id=31ee7927-7ac7-40e1-bb95-f7efa7228c3e] File target/log.1 has been rolled over, but it was updated 53 millis ago, which is less than the configured Post-Rollover Tail Period (600000 ms), so will continue tailing
[pool-4510-thread-1] DEBUG org.apache.nifi.processors.standard.TailFile - TailFile[id=31ee7927-7ac7-40e1-bb95-f7efa7228c3e] File target/log.txt was rolled over and the Rollover Tail Period is set, so will not consume from new file during this iteration.
[pool-4511-thread-1] DEBUG org.apache.nifi.processors.standard.TailFile - TailFile[id=31ee7927-7ac7-40e1-bb95-f7efa7228c3e] Found rolled off file target/log.txt but its last modified timestamp is before the cutoff (Last Mod = 1714615812518, Cutoff = 1714615812522) so will not consume it
[pool-4511-thread-1] DEBUG org.apache.nifi.processors.standard.TailFile - TailFile[id=31ee7927-7ac7-40e1-bb95-f7efa7228c3e] Recovering Rolled Off Files; total number of files rolled off = 1
[pool-4511-thread-1] DEBUG org.apache.nifi.processors.standard.TailFile - TailFile[id=31ee7927-7ac7-40e1-bb95-f7efa7228c3e] Checksum for target/log.1 matched expected checksum. Will skip first 14 bytes
[pool-4511-thread-1] DEBUG org.apache.nifi.processors.standard.TailFile - TailFile[id=31ee7927-7ac7-40e1-bb95-f7efa7228c3e] Reading lines starting at position 14
[pool-4511-thread-1] DEBUG org.apache.nifi.processors.standard.TailFile - TailFile[id=31ee7927-7ac7-40e1-bb95-f7efa7228c3e] Read 0 lines; repositioning reader from 15 to 14
[pool-4511-thread-1] DEBUG org.apache.nifi.processors.standard.TailFile - TailFile[id=31ee7927-7ac7-40e1-bb95-f7efa7228c3e] File target/log.1 has been rolled over, but it was updated 55 millis ago, which is less than the configured Post-Rollover Tail Period (600000 ms), so will continue tailing
[pool-4511-thread-1] DEBUG org.apache.nifi.processors.standard.TailFile - TailFile[id=31ee7927-7ac7-40e1-bb95-f7efa7228c3e] File target/log.txt was rolled over and the Rollover Tail Period is set, so will not consume from new file during this iteration.
[pool-4512-thread-1] DEBUG org.apache.nifi.processors.standard.TailFile - TailFile[id=31ee7927-7ac7-40e1-bb95-f7efa7228c3e] Found rolled off file target/log.txt but its last modified timestamp is before the cutoff (Last Mod = 1714615812518, Cutoff = 1714615812522) so will not consume it
[pool-4512-thread-1] DEBUG org.apache.nifi.processors.standard.TailFile - TailFile[id=31ee7927-7ac7-40e1-bb95-f7efa7228c3e] Recovering Rolled Off Files; total number of files rolled off = 1
[pool-4512-thread-1] DEBUG org.apache.nifi.processors.standard.TailFile - TailFile[id=31ee7927-7ac7-40e1-bb95-f7efa7228c3e] Checksum for target/log.1 matched expected checksum. Will skip first 14 bytes
[pool-4512-thread-1] DEBUG org.apache.nifi.processors.standard.TailFile - TailFile[id=31ee7927-7ac7-40e1-bb95-f7efa7228c3e] Reading lines starting at position 14
[pool-4512-thread-1] DEBUG org.apache.nifi.processors.standard.TailFile - TailFile[id=31ee7927-7ac7-40e1-bb95-f7efa7228c3e] Read 0 lines; repositioning reader from 15 to 14
[pool-4512-thread-1] DEBUG org.apache.nifi.processors.standard.TailFile - TailFile[id=31ee7927-7ac7-40e1-bb95-f7efa7228c3e] File target/log.1 has been rolled over, but it was updated 57 millis ago, which is less than the configured Post-Rollover Tail Period (600000 ms), so will continue tailing
[pool-4512-thread-1] DEBUG org.apache.nifi.processors.standard.TailFile - TailFile[id=31ee7927-7ac7-40e1-bb95-f7efa7228c3e] File target/log.txt was rolled over and the Rollover Tail Period is set, so will not consume from new file during this iteration.
[pool-4513-thread-1] DEBUG org.apache.nifi.processors.standard.TailFile - TailFile[id=31ee7927-7ac7-40e1-bb95-f7efa7228c3e] Found rolled off file target/log.txt but its last modified timestamp is before the cutoff (Last Mod = 1714615812518, Cutoff = 1714615812522) so will not consume it
[pool-4513-thread-1] DEBUG org.apache.nifi.processors.standard.TailFile - TailFile[id=31ee7927-7ac7-40e1-bb95-f7efa7228c3e] Recovering Rolled Off Files; total number of files rolled off = 1
[pool-4513-thread-1] DEBUG org.apache.nifi.processors.standard.TailFile - TailFile[id=31ee7927-7ac7-40e1-bb95-f7efa7228c3e] Checksum for target/log.1 matched expected checksum. Will skip first 14 bytes
[pool-4513-thread-1] DEBUG org.apache.nifi.processors.standard.TailFile - TailFile[id=31ee7927-7ac7-40e1-bb95-f7efa7228c3e] Reading lines starting at position 14
[pool-4513-thread-1] DEBUG org.apache.nifi.processors.standard.TailFile - TailFile[id=31ee7927-7ac7-40e1-bb95-f7efa7228c3e] Read 0 lines; repositioning reader from 15 to 14
[pool-4513-thread-1] DEBUG org.apache.nifi.processors.standard.TailFile - TailFile[id=31ee7927-7ac7-40e1-bb95-f7efa7228c3e] File target/log.1 has been rolled over, but it was updated 59 millis ago, which is less than the configured Post-Rollover Tail Period (600000 ms), so will continue tailing
[pool-4513-thread-1] DEBUG org.apache.nifi.processors.standard.TailFile - TailFile[id=31ee7927-7ac7-40e1-bb95-f7efa7228c3e] File target/log.txt was rolled over and the Rollover Tail Period is set, so will not consume from new file during this iteration.
[pool-4514-thread-1] DEBUG org.apache.nifi.processors.standard.TailFile - TailFile[id=31ee7927-7ac7-40e1-bb95-f7efa7228c3e] Found rolled off file target/log.txt but its last modified timestamp is before the cutoff (Last Mod = 1714615812518, Cutoff = 1714615812522) so will not consume it
[pool-4514-thread-1] DEBUG org.apache.nifi.processors.standard.TailFile - TailFile[id=31ee7927-7ac7-40e1-bb95-f7efa7228c3e] Recovering Rolled Off Files; total number of files rolled off = 1
[pool-4514-thread-1] DEBUG org.apache.nifi.processors.standard.TailFile - TailFile[id=31ee7927-7ac7-40e1-bb95-f7efa7228c3e] Checksum for target/log.1 matched expected checksum. Will skip first 14 bytes
[pool-4514-thread-1] DEBUG org.apache.nifi.processors.standard.TailFile - TailFile[id=31ee7927-7ac7-40e1-bb95-f7efa7228c3e] Reading lines starting at position 14
[pool-4514-thread-1] DEBUG org.apache.nifi.processors.standard.TailFile - TailFile[id=31ee7927-7ac7-40e1-bb95-f7efa7228c3e] Read 0 lines; repositioning reader from 15 to 14
[pool-4514-thread-1] DEBUG org.apache.nifi.processors.standard.TailFile - TailFile[id=31ee7927-7ac7-40e1-bb95-f7efa7228c3e] File target/log.1 has been rolled over, but it was updated 61 millis ago, which is less than the configured Post-Rollover Tail Period (600000 ms), so will continue tailing
[pool-4514-thread-1] DEBUG org.apache.nifi.processors.standard.TailFile - TailFile[id=31ee7927-7ac7-40e1-bb95-f7efa7228c3e] File target/log.txt was rolled over and the Rollover Tail Period is set, so will not consume from new file during this iteration.
[pool-4515-thread-1] DEBUG org.apache.nifi.processors.standard.TailFile - TailFile[id=31ee7927-7ac7-40e1-bb95-f7efa7228c3e] Found rolled off file target/log.txt but its last modified timestamp is before the cutoff (Last Mod = 1714615812518, Cutoff = 1714615812522) so will not consume it
[pool-4515-thread-1] DEBUG org.apache.nifi.processors.standard.TailFile - TailFile[id=31ee7927-7ac7-40e1-bb95-f7efa7228c3e] Recovering Rolled Off Files; total number of files rolled off = 1
[pool-4515-thread-1] DEBUG org.apache.nifi.processors.standard.TailFile - TailFile[id=31ee7927-7ac7-40e1-bb95-f7efa7228c3e] Checksum for target/log.1 matched expected checksum. Will skip first 14 bytes
[pool-4515-thread-1] DEBUG org.apache.nifi.processors.standard.TailFile - TailFile[id=31ee7927-7ac7-40e1-bb95-f7efa7228c3e] Reading lines starting at position 14
[pool-4515-thread-1] DEBUG org.apache.nifi.processors.standard.TailFile - TailFile[id=31ee7927-7ac7-40e1-bb95-f7efa7228c3e] Read 0 lines; repositioning reader from 15 to 14
[pool-4515-thread-1] DEBUG org.apache.nifi.processors.standard.TailFile - TailFile[id=31ee7927-7ac7-40e1-bb95-f7efa7228c3e] File target/log.1 has been rolled over, but it was updated 63 millis ago, which is less than the configured Post-Rollover Tail Period (600000 ms), so will continue tailing
[pool-4515-thread-1] DEBUG org.apache.nifi.processors.standard.TailFile - TailFile[id=31ee7927-7ac7-40e1-bb95-f7efa7228c3e] File target/log.txt was rolled over and the Rollover Tail Period is set, so will not consume from new file during this iteration.
[pool-4516-thread-1] DEBUG org.apache.nifi.processors.standard.TailFile - TailFile[id=31ee7927-7ac7-40e1-bb95-f7efa7228c3e] Found rolled off file target/log.txt but its last modified timestamp is before the cutoff (Last Mod = 1714615812518, Cutoff = 1714615812522) so will not consume it
[pool-4516-thread-1] DEBUG org.apache.nifi.processors.standard.TailFile - TailFile[id=31ee7927-7ac7-40e1-bb95-f7efa7228c3e] Recovering Rolled Off Files; total number of files rolled off = 1
[pool-4516-thread-1] DEBUG org.apache.nifi.processors.standard.TailFile - TailFile[id=31ee7927-7ac7-40e1-bb95-f7efa7228c3e] Checksum for target/log.1 matched expected checksum. Will skip first 14 bytes
[pool-4516-thread-1] DEBUG org.apache.nifi.processors.standard.TailFile - TailFile[id=31ee7927-7ac7-40e1-bb95-f7efa7228c3e] Reading lines starting at position 14
[pool-4516-thread-1] DEBUG org.apache.nifi.processors.standard.TailFile - TailFile[id=31ee7927-7ac7-40e1-bb95-f7efa7228c3e] Read 0 lines; repositioning reader from 15 to 14
[pool-4516-thread-1] DEBUG org.apache.nifi.processors.standard.TailFile - TailFile[id=31ee7927-7ac7-40e1-bb95-f7efa7228c3e] File target/log.1 has been rolled over, but it was updated 65 millis ago, which is less than the configured Post-Rollover Tail Period (600000 ms), so will continue tailing
[pool-4516-thread-1] DEBUG org.apache.nifi.processors.standard.TailFile - TailFile[id=31ee7927-7ac7-40e1-bb95-f7efa7228c3e] File target/log.txt was rolled over and the Rollover Tail Period is set, so will not consume from new file during this iteration.
[pool-4517-thread-1] DEBUG org.apache.nifi.processors.standard.TailFile - TailFile[id=31ee7927-7ac7-40e1-bb95-f7efa7228c3e] Found rolled off file target/log.txt but its last modified timestamp is before the cutoff (Last Mod = 1714615812518, Cutoff = 1714615812522) so will not consume it
[pool-4517-thread-1] DEBUG org.apache.nifi.processors.standard.TailFile - TailFile[id=31ee7927-7ac7-40e1-bb95-f7efa7228c3e] Recovering Rolled Off Files; total number of files rolled off = 1
[pool-4517-thread-1] DEBUG org.apache.nifi.processors.standard.TailFile - TailFile[id=31ee7927-7ac7-40e1-bb95-f7efa7228c3e] Checksum for target/log.1 matched expected checksum. Will skip first 14 bytes
[pool-4517-thread-1] DEBUG org.apache.nifi.processors.standard.TailFile - TailFile[id=31ee7927-7ac7-40e1-bb95-f7efa7228c3e] Reading lines starting at position 14
[pool-4517-thread-1] DEBUG org.apache.nifi.processors.standard.TailFile - TailFile[id=31ee7927-7ac7-40e1-bb95-f7efa7228c3e] Read 0 lines; repositioning reader from 15 to 14
[pool-4517-thread-1] DEBUG org.apache.nifi.processors.standard.TailFile - TailFile[id=31ee7927-7ac7-40e1-bb95-f7efa7228c3e] File target/log.1 has been rolled over, but it was updated 67 millis ago, which is less than the configured Post-Rollover Tail Period (600000 ms), so will continue tailing
[pool-4517-thread-1] DEBUG org.apache.nifi.processors.standard.TailFile - TailFile[id=31ee7927-7ac7-40e1-bb95-f7efa7228c3e] File target/log.txt was rolled over and the Rollover Tail Period is set, so will not consume from new file during this iteration.
[pool-4518-thread-1] DEBUG org.apache.nifi.processors.standard.TailFile - TailFile[id=31ee7927-7ac7-40e1-bb95-f7efa7228c3e] Found rolled off file target/log.txt but its last modified timestamp is before the cutoff (Last Mod = 1714615812518, Cutoff = 1714615812522) so will not consume it
[pool-4518-thread-1] DEBUG org.apache.nifi.processors.standard.TailFile - TailFile[id=31ee7927-7ac7-40e1-bb95-f7efa7228c3e] Recovering Rolled Off Files; total number of files rolled off = 1
[pool-4518-thread-1] DEBUG org.apache.nifi.processors.standard.TailFile - TailFile[id=31ee7927-7ac7-40e1-bb95-f7efa7228c3e] Checksum for target/log.1 matched expected checksum. Will skip first 14 bytes
[pool-4518-thread-1] DEBUG org.apache.nifi.processors.standard.TailFile - TailFile[id=31ee7927-7ac7-40e1-bb95-f7efa7228c3e] Reading lines starting at position 14
[pool-4518-thread-1] DEBUG org.apache.nifi.processors.standard.TailFile - TailFile[id=31ee7927-7ac7-40e1-bb95-f7efa7228c3e] Read 0 lines; repositioning reader from 15 to 14
[pool-4518-thread-1] DEBUG org.apache.nifi.processors.standard.TailFile - TailFile[id=31ee7927-7ac7-40e1-bb95-f7efa7228c3e] File target/log.1 has been rolled over, but it was updated 69 millis ago, which is less than the configured Post-Rollover Tail Period (600000 ms), so will continue tailing
[pool-4518-thread-1] DEBUG org.apache.nifi.processors.standard.TailFile - TailFile[id=31ee7927-7ac7-40e1-bb95-f7efa7228c3e] File target/log.txt was rolled over and the Rollover Tail Period is set, so will not consume from new file during this iteration.
[pool-4519-thread-1] DEBUG org.apache.nifi.processors.standard.TailFile - TailFile[id=31ee7927-7ac7-40e1-bb95-f7efa7228c3e] Found rolled off file target/log.txt but its last modified timestamp is before the cutoff (Last Mod = 1714615812518, Cutoff = 1714615812522) so will not consume it
[pool-4519-thread-1] DEBUG org.apache.nifi.processors.standard.TailFile - TailFile[id=31ee7927-7ac7-40e1-bb95-f7efa7228c3e] Recovering Rolled Off Files; total number of files rolled off = 1
[pool-4519-thread-1] DEBUG org.apache.nifi.processors.standard.TailFile - TailFile[id=31ee7927-7ac7-40e1-bb95-f7efa7228c3e] Checksum for target/log.1 matched expected checksum. Will skip first 14 bytes
[pool-4519-thread-1] DEBUG org.apache.nifi.processors.standard.TailFile - TailFile[id=31ee7927-7ac7-40e1-bb95-f7efa7228c3e] Reading lines starting at position 14
[pool-4519-thread-1] DEBUG org.apache.nifi.processors.standard.TailFile - TailFile[id=31ee7927-7ac7-40e1-bb95-f7efa7228c3e] Read 0 lines; repositioning reader from 15 to 14
[pool-4519-thread-1] DEBUG org.apache.nifi.processors.standard.TailFile - TailFile[id=31ee7927-7ac7-40e1-bb95-f7efa7228c3e] File target/log.1 has been rolled over, but it was updated 71 millis ago, which is less than the configured Post-Rollover Tail Period (600000 ms), so will continue tailing
[pool-4519-thread-1] DEBUG org.apache.nifi.processors.standard.TailFile - TailFile[id=31ee7927-7ac7-40e1-bb95-f7efa7228c3e] File target/log.txt was rolled over and the Rollover Tail Period is set, so will not consume from new file during this iteration.
[pool-4520-thread-1] DEBUG org.apache.nifi.processors.standard.TailFile - TailFile[id=31ee7927-7ac7-40e1-bb95-f7efa7228c3e] Found rolled off file target/log.txt but its last modified timestamp is before the cutoff (Last Mod = 1714615812518, Cutoff = 1714615812522) so will not consume it
[pool-4520-thread-1] DEBUG org.apache.nifi.processors.standard.TailFile - TailFile[id=31ee7927-7ac7-40e1-bb95-f7efa7228c3e] Recovering Rolled Off Files; total number of files rolled off = 1
[pool-4520-thread-1] DEBUG org.apache.nifi.processors.standard.TailFile - TailFile[id=31ee7927-7ac7-40e1-bb95-f7efa7228c3e] Checksum for target/log.1 matched expected checksum. Will skip first 14 bytes
[pool-4520-thread-1] DEBUG org.apache.nifi.processors.standard.TailFile - TailFile[id=31ee7927-7ac7-40e1-bb95-f7efa7228c3e] Reading lines starting at position 14
[pool-4520-thread-1] DEBUG org.apache.nifi.processors.standard.TailFile - TailFile[id=31ee7927-7ac7-40e1-bb95-f7efa7228c3e] Read 0 lines; repositioning reader from 15 to 14
[pool-4520-thread-1] DEBUG org.apache.nifi.processors.standard.TailFile - TailFile[id=31ee7927-7ac7-40e1-bb95-f7efa7228c3e] File target/log.1 has been rolled over, but it was updated 73 millis ago, which is less than the configured Post-Rollover Tail Period (600000 ms), so will continue tailing
[pool-4520-thread-1] DEBUG org.apache.nifi.processors.standard.TailFile - TailFile[id=31ee7927-7ac7-40e1-bb95-f7efa7228c3e] File target/log.txt was rolled over and the Rollover Tail Period is set, so will not consume from new file during this iteration.
[pool-4521-thread-1] DEBUG org.apache.nifi.processors.standard.TailFile - TailFile[id=31ee7927-7ac7-40e1-bb95-f7efa7228c3e] Found rolled off file target/log.txt but its last modified timestamp is before the cutoff (Last Mod = 1714615812518, Cutoff = 1714615812522) so will not consume it
[pool-4521-thread-1] DEBUG org.apache.nifi.processors.standard.TailFile - TailFile[id=31ee7927-7ac7-40e1-bb95-f7efa7228c3e] Recovering Rolled Off Files; total number of files rolled off = 1
[pool-4521-thread-1] DEBUG org.apache.nifi.processors.standard.TailFile - TailFile[id=31ee7927-7ac7-40e1-bb95-f7efa7228c3e] Checksum for target/log.1 matched expected checksum. Will skip first 14 bytes
[pool-4521-thread-1] DEBUG org.apache.nifi.processors.standard.TailFile - TailFile[id=31ee7927-7ac7-40e1-bb95-f7efa7228c3e] Reading lines starting at position 14
[pool-4521-thread-1] DEBUG org.apache.nifi.processors.standard.TailFile - TailFile[id=31ee7927-7ac7-40e1-bb95-f7efa7228c3e] Read 0 lines; repositioning reader from 15 to 14
[pool-4521-thread-1] DEBUG org.apache.nifi.processors.standard.TailFile - TailFile[id=31ee7927-7ac7-40e1-bb95-f7efa7228c3e] File target/log.1 has been rolled over, but it was updated 75 millis ago, which is less than the configured Post-Rollover Tail Period (600000 ms), so will continue tailing
[pool-4521-thread-1] DEBUG org.apache.nifi.processors.standard.TailFile - TailFile[id=31ee7927-7ac7-40e1-bb95-f7efa7228c3e] File target/log.txt was rolled over and the Rollover Tail Period is set, so will not consume from new file during this iteration.
[pool-4522-thread-1] DEBUG org.apache.nifi.processors.standard.TailFile - TailFile[id=31ee7927-7ac7-40e1-bb95-f7efa7228c3e] Found rolled off file target/log.txt but its last modified timestamp is before the cutoff (Last Mod = 1714615812518, Cutoff = 1714615812522) so will not consume it
[pool-4522-thread-1] DEBUG org.apache.nifi.processors.standard.TailFile - TailFile[id=31ee7927-7ac7-40e1-bb95-f7efa7228c3e] Recovering Rolled Off Files; total number of files rolled off = 1
[pool-4522-thread-1] DEBUG org.apache.nifi.processors.standard.TailFile - TailFile[id=31ee7927-7ac7-40e1-bb95-f7efa7228c3e] Checksum for target/log.1 matched expected checksum. Will skip first 14 bytes
[pool-4522-thread-1] DEBUG org.apache.nifi.processors.standard.TailFile - TailFile[id=31ee7927-7ac7-40e1-bb95-f7efa7228c3e] Reading lines starting at position 14
[pool-4522-thread-1] DEBUG org.apache.nifi.processors.standard.TailFile - TailFile[id=31ee7927-7ac7-40e1-bb95-f7efa7228c3e] Read 0 lines; repositioning reader from 15 to 14
[pool-4522-thread-1] DEBUG org.apache.nifi.processors.standard.TailFile - TailFile[id=31ee7927-7ac7-40e1-bb95-f7efa7228c3e] File target/log.1 has been rolled over, but it was updated 77 millis ago, which is less than the configured Post-Rollover Tail Period (600000 ms), so will continue tailing
[pool-4522-thread-1] DEBUG org.apache.nifi.processors.standard.TailFile - TailFile[id=31ee7927-7ac7-40e1-bb95-f7efa7228c3e] File target/log.txt was rolled over and the Rollover Tail Period is set, so will not consume from new file during this iteration.
[pool-4523-thread-1] DEBUG org.apache.nifi.processors.standard.TailFile - TailFile[id=31ee7927-7ac7-40e1-bb95-f7efa7228c3e] Found rolled off file target/log.txt but its last modified timestamp is before the cutoff (Last Mod = 1714615812518, Cutoff = 1714615812522) so will not consume it
[pool-4523-thread-1] DEBUG org.apache.nifi.processors.standard.TailFile - TailFile[id=31ee7927-7ac7-40e1-bb95-f7efa7228c3e] Recovering Rolled Off Files; total number of files rolled off = 1
[pool-4523-thread-1] DEBUG org.apache.nifi.processors.standard.TailFile - TailFile[id=31ee7927-7ac7-40e1-bb95-f7efa7228c3e] Checksum for target/log.1 matched expected checksum. Will skip first 14 bytes
[pool-4523-thread-1] DEBUG org.apache.nifi.processors.standard.TailFile - TailFile[id=31ee7927-7ac7-40e1-bb95-f7efa7228c3e] Reading lines starting at position 14
[pool-4523-thread-1] DEBUG org.apache.nifi.processors.standard.TailFile - TailFile[id=31ee7927-7ac7-40e1-bb95-f7efa7228c3e] Read 0 lines; repositioning reader from 15 to 14
[pool-4523-thread-1] DEBUG org.apache.nifi.processors.standard.TailFile - TailFile[id=31ee7927-7ac7-40e1-bb95-f7efa7228c3e] File target/log.1 has been rolled over, but it was updated 79 millis ago, which is less than the configured Post-Rollover Tail Period (600000 ms), so will continue tailing
[pool-4523-thread-1] DEBUG org.apache.nifi.processors.standard.TailFile - TailFile[id=31ee7927-7ac7-40e1-bb95-f7efa7228c3e] File target/log.txt was rolled over and the Rollover Tail Period is set, so will not consume from new file during this iteration.
[pool-4524-thread-1] DEBUG org.apache.nifi.processors.standard.TailFile - TailFile[id=31ee7927-7ac7-40e1-bb95-f7efa7228c3e] Found rolled off file target/log.txt but its last modified timestamp is before the cutoff (Last Mod = 1714615812518, Cutoff = 1714615812522) so will not consume it
[pool-4524-thread-1] DEBUG org.apache.nifi.processors.standard.TailFile - TailFile[id=31ee7927-7ac7-40e1-bb95-f7efa7228c3e] Recovering Rolled Off Files; total number of files rolled off = 1
[pool-4524-thread-1] DEBUG org.apache.nifi.processors.standard.TailFile - TailFile[id=31ee7927-7ac7-40e1-bb95-f7efa7228c3e] Checksum for target/log.1 matched expected checksum. Will skip first 14 bytes
[pool-4524-thread-1] DEBUG org.apache.nifi.processors.standard.TailFile - TailFile[id=31ee7927-7ac7-40e1-bb95-f7efa7228c3e] Reading lines starting at position 14
[pool-4524-thread-1] DEBUG org.apache.nifi.processors.standard.TailFile - TailFile[id=31ee7927-7ac7-40e1-bb95-f7efa7228c3e] Read 0 lines; repositioning reader from 15 to 14
[pool-4524-thread-1] DEBUG org.apache.nifi.processors.standard.TailFile - TailFile[id=31ee7927-7ac7-40e1-bb95-f7efa7228c3e] File target/log.1 has been rolled over, but it was updated 81 millis ago, which is less than the configured Post-Rollover Tail Period (600000 ms), so will continue tailing
[pool-4524-thread-1] DEBUG org.apache.nifi.processors.standard.TailFile - TailFile[id=31ee7927-7ac7-40e1-bb95-f7efa7228c3e] File target/log.txt was rolled over and the Rollover Tail Period is set, so will not consume from new file during this iteration.
[pool-4525-thread-1] DEBUG org.apache.nifi.processors.standard.TailFile - TailFile[id=31ee7927-7ac7-40e1-bb95-f7efa7228c3e] Found rolled off file target/log.txt but its last modified timestamp is before the cutoff (Last Mod = 1714615812518, Cutoff = 1714615812522) so will not consume it
[pool-4525-thread-1] DEBUG org.apache.nifi.processors.standard.TailFile - TailFile[id=31ee7927-7ac7-40e1-bb95-f7efa7228c3e] Recovering Rolled Off Files; total number of files rolled off = 1
[pool-4525-thread-1] DEBUG org.apache.nifi.processors.standard.TailFile - TailFile[id=31ee7927-7ac7-40e1-bb95-f7efa7228c3e] Checksum for target/log.1 matched expected checksum. Will skip first 14 bytes
[pool-4525-thread-1] DEBUG org.apache.nifi.processors.standard.TailFile - TailFile[id=31ee7927-7ac7-40e1-bb95-f7efa7228c3e] Reading lines starting at position 14
[pool-4525-thread-1] DEBUG org.apache.nifi.processors.standard.TailFile - TailFile[id=31ee7927-7ac7-40e1-bb95-f7efa7228c3e] Read 0 lines; repositioning reader from 15 to 14
[pool-4525-thread-1] DEBUG org.apache.nifi.processors.standard.TailFile - TailFile[id=31ee7927-7ac7-40e1-bb95-f7efa7228c3e] File target/log.1 has been rolled over, but it was updated 82 millis ago, which is less than the configured Post-Rollover Tail Period (600000 ms), so will continue tailing
[pool-4525-thread-1] DEBUG org.apache.nifi.processors.standard.TailFile - TailFile[id=31ee7927-7ac7-40e1-bb95-f7efa7228c3e] File target/log.txt was rolled over and the Rollover Tail Period is set, so will not consume from new file during this iteration.
[pool-4526-thread-1] DEBUG org.apache.nifi.processors.standard.TailFile - TailFile[id=31ee7927-7ac7-40e1-bb95-f7efa7228c3e] Found rolled off file target/log.txt but its last modified timestamp is before the cutoff (Last Mod = 1714615812518, Cutoff = 1714615812522) so will not consume it
[pool-4526-thread-1] DEBUG org.apache.nifi.processors.standard.TailFile - TailFile[id=31ee7927-7ac7-40e1-bb95-f7efa7228c3e] Recovering Rolled Off Files; total number of files rolled off = 1
[pool-4526-thread-1] DEBUG org.apache.nifi.processors.standard.TailFile - TailFile[id=31ee7927-7ac7-40e1-bb95-f7efa7228c3e] Checksum for target/log.1 matched expected checksum. Will skip first 14 bytes
[pool-4526-thread-1] DEBUG org.apache.nifi.processors.standard.TailFile - TailFile[id=31ee7927-7ac7-40e1-bb95-f7efa7228c3e] Reading lines starting at position 14
[pool-4526-thread-1] DEBUG org.apache.nifi.processors.standard.TailFile - TailFile[id=31ee7927-7ac7-40e1-bb95-f7efa7228c3e] Read 0 lines; repositioning reader from 15 to 14
[pool-4526-thread-1] DEBUG org.apache.nifi.processors.standard.TailFile - TailFile[id=31ee7927-7ac7-40e1-bb95-f7efa7228c3e] File target/log.1 has been rolled over, but it was updated 84 millis ago, which is less than the configured Post-Rollover Tail Period (600000 ms), so will continue tailing
[pool-4526-thread-1] DEBUG org.apache.nifi.processors.standard.TailFile - TailFile[id=31ee7927-7ac7-40e1-bb95-f7efa7228c3e] File target/log.txt was rolled over and the Rollover Tail Period is set, so will not consume from new file during this iteration.
[pool-4527-thread-1] DEBUG org.apache.nifi.processors.standard.TailFile - TailFile[id=31ee7927-7ac7-40e1-bb95-f7efa7228c3e] Found rolled off file target/log.txt but its last modified timestamp is before the cutoff (Last Mod = 1714615812518, Cutoff = 1714615812522) so will not consume it
[pool-4527-thread-1] DEBUG org.apache.nifi.processors.standard.TailFile - TailFile[id=31ee7927-7ac7-40e1-bb95-f7efa7228c3e] Recovering Rolled Off Files; total number of files rolled off = 1
[pool-4527-thread-1] DEBUG org.apache.nifi.processors.standard.TailFile - TailFile[id=31ee7927-7ac7-40e1-bb95-f7efa7228c3e] Checksum for target/log.1 matched expected checksum. Will skip first 14 bytes
[pool-4527-thread-1] DEBUG org.apache.nifi.processors.standard.TailFile - TailFile[id=31ee7927-7ac7-40e1-bb95-f7efa7228c3e] Reading lines starting at position 14
[pool-4527-thread-1] DEBUG org.apache.nifi.processors.standard.TailFile - TailFile[id=31ee7927-7ac7-40e1-bb95-f7efa7228c3e] Read 0 lines; repositioning reader from 15 to 14
[pool-4527-thread-1] DEBUG org.apache.nifi.processors.standard.TailFile - TailFile[id=31ee7927-7ac7-40e1-bb95-f7efa7228c3e] File target/log.1 has been rolled over, but it was updated 86 millis ago, which is less than the configured Post-Rollover Tail Period (600000 ms), so will continue tailing
[pool-4527-thread-1] DEBUG org.apache.nifi.processors.standard.TailFile - TailFile[id=31ee7927-7ac7-40e1-bb95-f7efa7228c3e] File target/log.txt was rolled over and the Rollover Tail Period is set, so will not consume from new file during this iteration.
[pool-4528-thread-1] DEBUG org.apache.nifi.processors.standard.TailFile - TailFile[id=31ee7927-7ac7-40e1-bb95-f7efa7228c3e] Found rolled off file target/log.txt but its last modified timestamp is before the cutoff (Last Mod = 1714615812518, Cutoff = 1714615812522) so will not consume it
[pool-4528-thread-1] DEBUG org.apache.nifi.processors.standard.TailFile - TailFile[id=31ee7927-7ac7-40e1-bb95-f7efa7228c3e] Recovering Rolled Off Files; total number of files rolled off = 1
[pool-4528-thread-1] DEBUG org.apache.nifi.processors.standard.TailFile - TailFile[id=31ee7927-7ac7-40e1-bb95-f7efa7228c3e] Checksum for target/log.1 matched expected checksum. Will skip first 14 bytes
[pool-4528-thread-1] DEBUG org.apache.nifi.processors.standard.TailFile - TailFile[id=31ee7927-7ac7-40e1-bb95-f7efa7228c3e] Reading lines starting at position 14
[pool-4528-thread-1] DEBUG org.apache.nifi.processors.standard.TailFile - TailFile[id=31ee7927-7ac7-40e1-bb95-f7efa7228c3e] Read 0 lines; repositioning reader from 15 to 14
[pool-4528-thread-1] DEBUG org.apache.nifi.processors.standard.TailFile - TailFile[id=31ee7927-7ac7-40e1-bb95-f7efa7228c3e] File target/log.1 has been rolled over, but it was updated 88 millis ago, which is less than the configured Post-Rollover Tail Period (600000 ms), so will continue tailing
[pool-4528-thread-1] DEBUG org.apache.nifi.processors.standard.TailFile - TailFile[id=31ee7927-7ac7-40e1-bb95-f7efa7228c3e] File target/log.txt was rolled over and the Rollover Tail Period is set, so will not consume from new file during this iteration.
[pool-4529-thread-1] DEBUG org.apache.nifi.processors.standard.TailFile - TailFile[id=31ee7927-7ac7-40e1-bb95-f7efa7228c3e] Found rolled off file target/log.txt but its last modified timestamp is before the cutoff (Last Mod = 1714615812518, Cutoff = 1714615812522) so will not consume it
[pool-4529-thread-1] DEBUG org.apache.nifi.processors.standard.TailFile - TailFile[id=31ee7927-7ac7-40e1-bb95-f7efa7228c3e] Recovering Rolled Off Files; total number of files rolled off = 1
[pool-4529-thread-1] DEBUG org.apache.nifi.processors.standard.TailFile - TailFile[id=31ee7927-7ac7-40e1-bb95-f7efa7228c3e] Checksum for target/log.1 matched expected checksum. Will skip first 14 bytes
[pool-4529-thread-1] DEBUG org.apache.nifi.processors.standard.TailFile - TailFile[id=31ee7927-7ac7-40e1-bb95-f7efa7228c3e] Reading lines starting at position 14
[pool-4529-thread-1] DEBUG org.apache.nifi.processors.standard.TailFile - TailFile[id=31ee7927-7ac7-40e1-bb95-f7efa7228c3e] Read 0 lines; repositioning reader from 15 to 14
[pool-4529-thread-1] DEBUG org.apache.nifi.processors.standard.TailFile - TailFile[id=31ee7927-7ac7-40e1-bb95-f7efa7228c3e] File target/log.1 has been rolled over, but it was updated 90 millis ago, which is less than the configured Post-Rollover Tail Period (600000 ms), so will continue tailing
[pool-4529-thread-1] DEBUG org.apache.nifi.processors.standard.TailFile - TailFile[id=31ee7927-7ac7-40e1-bb95-f7efa7228c3e] File target/log.txt was rolled over and the Rollover Tail Period is set, so will not consume from new file during this iteration.
[pool-4530-thread-1] DEBUG org.apache.nifi.processors.standard.TailFile - TailFile[id=31ee7927-7ac7-40e1-bb95-f7efa7228c3e] Found rolled off file target/log.txt but its last modified timestamp is before the cutoff (Last Mod = 1714615812518, Cutoff = 1714615812522) so will not consume it
[pool-4530-thread-1] DEBUG org.apache.nifi.processors.standard.TailFile - TailFile[id=31ee7927-7ac7-40e1-bb95-f7efa7228c3e] Recovering Rolled Off Files; total number of files rolled off = 1
[pool-4530-thread-1] DEBUG org.apache.nifi.processors.standard.TailFile - TailFile[id=31ee7927-7ac7-40e1-bb95-f7efa7228c3e] Checksum for target/log.1 matched expected checksum. Will skip first 14 bytes
[pool-4530-thread-1] DEBUG org.apache.nifi.processors.standard.TailFile - TailFile[id=31ee7927-7ac7-40e1-bb95-f7efa7228c3e] Reading lines starting at position 14
[pool-4530-thread-1] DEBUG org.apache.nifi.processors.standard.TailFile - TailFile[id=31ee7927-7ac7-40e1-bb95-f7efa7228c3e] Read 0 lines; repositioning reader from 15 to 14
[pool-4530-thread-1] DEBUG org.apache.nifi.processors.standard.TailFile - TailFile[id=31ee7927-7ac7-40e1-bb95-f7efa7228c3e] File target/log.1 has been rolled over, but it was updated 108 millis ago, which is less than the configured Post-Rollover Tail Period (600000 ms), so will continue tailing
[pool-4530-thread-1] DEBUG org.apache.nifi.processors.standard.TailFile - TailFile[id=31ee7927-7ac7-40e1-bb95-f7efa7228c3e] File target/log.txt was rolled over and the Rollover Tail Period is set, so will not consume from new file during this iteration.
[pool-4531-thread-1] DEBUG org.apache.nifi.processors.standard.TailFile - TailFile[id=31ee7927-7ac7-40e1-bb95-f7efa7228c3e] Found rolled off file target/log.txt but its last modified timestamp is before the cutoff (Last Mod = 1714615812518, Cutoff = 1714615812522) so will not consume it
[pool-4531-thread-1] DEBUG org.apache.nifi.processors.standard.TailFile - TailFile[id=31ee7927-7ac7-40e1-bb95-f7efa7228c3e] Recovering Rolled Off Files; total number of files rolled off = 1
[pool-4531-thread-1] DEBUG org.apache.nifi.processors.standard.TailFile - TailFile[id=31ee7927-7ac7-40e1-bb95-f7efa7228c3e] Checksum for target/log.1 matched expected checksum. Will skip first 14 bytes
[pool-4531-thread-1] DEBUG org.apache.nifi.processors.standard.TailFile - TailFile[id=31ee7927-7ac7-40e1-bb95-f7efa7228c3e] Reading lines starting at position 14
[pool-4531-thread-1] DEBUG org.apache.nifi.processors.standard.TailFile - TailFile[id=31ee7927-7ac7-40e1-bb95-f7efa7228c3e] Read 0 lines; repositioning reader from 15 to 14
[pool-4531-thread-1] DEBUG org.apache.nifi.processors.standard.TailFile - TailFile[id=31ee7927-7ac7-40e1-bb95-f7efa7228c3e] File target/log.1 has been rolled over, but it was updated 110 millis ago, which is less than the configured Post-Rollover Tail Period (600000 ms), so will continue tailing
[pool-4531-thread-1] DEBUG org.apache.nifi.processors.standard.TailFile - TailFile[id=31ee7927-7ac7-40e1-bb95-f7efa7228c3e] File target/log.txt was rolled over and the Rollover Tail Period is set, so will not consume from new file during this iteration.
[pool-4532-thread-1] DEBUG org.apache.nifi.processors.standard.TailFile - TailFile[id=31ee7927-7ac7-40e1-bb95-f7efa7228c3e] Found rolled off file target/log.txt but its last modified timestamp is before the cutoff (Last Mod = 1714615812518, Cutoff = 1714615812522) so will not consume it
[pool-4532-thread-1] DEBUG org.apache.nifi.processors.standard.TailFile - TailFile[id=31ee7927-7ac7-40e1-bb95-f7efa7228c3e] Recovering Rolled Off Files; total number of files rolled off = 1
[pool-4532-thread-1] DEBUG org.apache.nifi.processors.standard.TailFile - TailFile[id=31ee7927-7ac7-40e1-bb95-f7efa7228c3e] Checksum for target/log.1 matched expected checksum. Will skip first 14 bytes
[pool-4532-thread-1] DEBUG org.apache.nifi.processors.standard.TailFile - TailFile[id=31ee7927-7ac7-40e1-bb95-f7efa7228c3e] Reading lines starting at position 14
[pool-4532-thread-1] DEBUG org.apache.nifi.processors.standard.TailFile - TailFile[id=31ee7927-7ac7-40e1-bb95-f7efa7228c3e] Read 0 lines; repositioning reader from 15 to 14
[pool-4532-thread-1] DEBUG org.apache.nifi.processors.standard.TailFile - TailFile[id=31ee7927-7ac7-40e1-bb95-f7efa7228c3e] File target/log.1 has been rolled over, but it was updated 111 millis ago, which is less than the configured Post-Rollover Tail Period (600000 ms), so will continue tailing
[pool-4532-thread-1] DEBUG org.apache.nifi.processors.standard.TailFile - TailFile[id=31ee7927-7ac7-40e1-bb95-f7efa7228c3e] File target/log.txt was rolled over and the Rollover Tail Period is set, so will not consume from new file during this iteration.
[pool-4533-thread-1] DEBUG org.apache.nifi.processors.standard.TailFile - TailFile[id=31ee7927-7ac7-40e1-bb95-f7efa7228c3e] Found rolled off file target/log.txt but its last modified timestamp is before the cutoff (Last Mod = 1714615812518, Cutoff = 1714615812522) so will not consume it
[pool-4533-thread-1] DEBUG org.apache.nifi.processors.standard.TailFile - TailFile[id=31ee7927-7ac7-40e1-bb95-f7efa7228c3e] Recovering Rolled Off Files; total number of files rolled off = 1
[pool-4533-thread-1] DEBUG org.apache.nifi.processors.standard.TailFile - TailFile[id=31ee7927-7ac7-40e1-bb95-f7efa7228c3e] Checksum for target/log.1 matched expected checksum. Will skip first 14 bytes
[pool-4533-thread-1] DEBUG org.apache.nifi.processors.standard.TailFile - TailFile[id=31ee7927-7ac7-40e1-bb95-f7efa7228c3e] Reading lines starting at position 14
[pool-4533-thread-1] DEBUG org.apache.nifi.processors.standard.TailFile - TailFile[id=31ee7927-7ac7-40e1-bb95-f7efa7228c3e] Read 0 lines; repositioning reader from 15 to 14
[pool-4533-thread-1] DEBUG org.apache.nifi.processors.standard.TailFile - TailFile[id=31ee7927-7ac7-40e1-bb95-f7efa7228c3e] File target/log.1 has been rolled over, but it was updated 113 millis ago, which is less than the configured Post-Rollover Tail Period (600000 ms), so will continue tailing
[pool-4533-thread-1] DEBUG org.apache.nifi.processors.standard.TailFile - TailFile[id=31ee7927-7ac7-40e1-bb95-f7efa7228c3e] File target/log.txt was rolled over and the Rollover Tail Period is set, so will not consume from new file during this iteration.
[pool-4534-thread-1] DEBUG org.apache.nifi.processors.standard.TailFile - TailFile[id=31ee7927-7ac7-40e1-bb95-f7efa7228c3e] Found rolled off file target/log.txt but its last modified timestamp is before the cutoff (Last Mod = 1714615812518, Cutoff = 1714615812522) so will not consume it
[pool-4534-thread-1] DEBUG org.apache.nifi.processors.standard.TailFile - TailFile[id=31ee7927-7ac7-40e1-bb95-f7efa7228c3e] Recovering Rolled Off Files; total number of files rolled off = 1
[pool-4534-thread-1] DEBUG org.apache.nifi.processors.standard.TailFile - TailFile[id=31ee7927-7ac7-40e1-bb95-f7efa7228c3e] Checksum for target/log.1 matched expected checksum. Will skip first 14 bytes
[pool-4534-thread-1] DEBUG org.apache.nifi.processors.standard.TailFile - TailFile[id=31ee7927-7ac7-40e1-bb95-f7efa7228c3e] Reading lines starting at position 14
[pool-4534-thread-1] DEBUG org.apache.nifi.processors.standard.TailFile - TailFile[id=31ee7927-7ac7-40e1-bb95-f7efa7228c3e] Read 0 lines; repositioning reader from 15 to 14
[pool-4534-thread-1] DEBUG org.apache.nifi.processors.standard.TailFile - TailFile[id=31ee7927-7ac7-40e1-bb95-f7efa7228c3e] File target/log.1 has been rolled over, but it was updated 115 millis ago, which is less than the configured Post-Rollover Tail Period (600000 ms), so will continue tailing
[pool-4534-thread-1] DEBUG org.apache.nifi.processors.standard.TailFile - TailFile[id=31ee7927-7ac7-40e1-bb95-f7efa7228c3e] File target/log.txt was rolled over and the Rollover Tail Period is set, so will not consume from new file during this iteration.
[pool-4535-thread-1] DEBUG org.apache.nifi.processors.standard.TailFile - TailFile[id=31ee7927-7ac7-40e1-bb95-f7efa7228c3e] Found rolled off file target/log.txt but its last modified timestamp is before the cutoff (Last Mod = 1714615812518, Cutoff = 1714615812522) so will not consume it
[pool-4535-thread-1] DEBUG org.apache.nifi.processors.standard.TailFile - TailFile[id=31ee7927-7ac7-40e1-bb95-f7efa7228c3e] Recovering Rolled Off Files; total number of files rolled off = 1
[pool-4535-thread-1] DEBUG org.apache.nifi.processors.standard.TailFile - TailFile[id=31ee7927-7ac7-40e1-bb95-f7efa7228c3e] Checksum for target/log.1 matched expected checksum. Will skip first 14 bytes
[pool-4535-thread-1] DEBUG org.apache.nifi.processors.standard.TailFile - TailFile[id=31ee7927-7ac7-40e1-bb95-f7efa7228c3e] Reading lines starting at position 14
[pool-4535-thread-1] DEBUG org.apache.nifi.processors.standard.TailFile - TailFile[id=31ee7927-7ac7-40e1-bb95-f7efa7228c3e] Read 0 lines; repositioning reader from 15 to 14
[pool-4535-thread-1] DEBUG org.apache.nifi.processors.standard.TailFile - TailFile[id=31ee7927-7ac7-40e1-bb95-f7efa7228c3e] File target/log.1 has been rolled over, but it was updated 117 millis ago, which is less than the configured Post-Rollover Tail Period (600000 ms), so will continue tailing
[pool-4535-thread-1] DEBUG org.apache.nifi.processors.standard.TailFile - TailFile[id=31ee7927-7ac7-40e1-bb95-f7efa7228c3e] File target/log.txt was rolled over and the Rollover Tail Period is set, so will not consume from new file during this iteration.
[pool-4536-thread-1] DEBUG org.apache.nifi.processors.standard.TailFile - TailFile[id=31ee7927-7ac7-40e1-bb95-f7efa7228c3e] Found rolled off file target/log.txt but its last modified timestamp is before the cutoff (Last Mod = 1714615812518, Cutoff = 1714615812522) so will not consume it
[pool-4536-thread-1] DEBUG org.apache.nifi.processors.standard.TailFile - TailFile[id=31ee7927-7ac7-40e1-bb95-f7efa7228c3e] Recovering Rolled Off Files; total number of files rolled off = 1
[pool-4536-thread-1] DEBUG org.apache.nifi.processors.standard.TailFile - TailFile[id=31ee7927-7ac7-40e1-bb95-f7efa7228c3e] Checksum for target/log.1 matched expected checksum. Will skip first 14 bytes
[pool-4536-thread-1] DEBUG org.apache.nifi.processors.standard.TailFile - TailFile[id=31ee7927-7ac7-40e1-bb95-f7efa7228c3e] Reading lines starting at position 14
[pool-4536-thread-1] DEBUG org.apache.nifi.processors.standard.TailFile - TailFile[id=31ee7927-7ac7-40e1-bb95-f7efa7228c3e] Read 0 lines; repositioning reader from 15 to 14
[pool-4536-thread-1] DEBUG org.apache.nifi.processors.standard.TailFile - TailFile[id=31ee7927-7ac7-40e1-bb95-f7efa7228c3e] File target/log.1 has been rolled over, but it was updated 119 millis ago, which is less than the configured Post-Rollover Tail Period (600000 ms), so will continue tailing
[pool-4536-thread-1] DEBUG org.apache.nifi.processors.standard.TailFile - TailFile[id=31ee7927-7ac7-40e1-bb95-f7efa7228c3e] File target/log.txt was rolled over and the Rollover Tail Period is set, so will not consume from new file during this iteration.
[pool-4537-thread-1] DEBUG org.apache.nifi.processors.standard.TailFile - TailFile[id=31ee7927-7ac7-40e1-bb95-f7efa7228c3e] Found rolled off file target/log.txt but its last modified timestamp is before the cutoff (Last Mod = 1714615812518, Cutoff = 1714615812522) so will not consume it
[pool-4537-thread-1] DEBUG org.apache.nifi.processors.standard.TailFile - TailFile[id=31ee7927-7ac7-40e1-bb95-f7efa7228c3e] Recovering Rolled Off Files; total number of files rolled off = 1
[pool-4537-thread-1] DEBUG org.apache.nifi.processors.standard.TailFile - TailFile[id=31ee7927-7ac7-40e1-bb95-f7efa7228c3e] Checksum for target/log.1 matched expected checksum. Will skip first 14 bytes
[pool-4537-thread-1] DEBUG org.apache.nifi.processors.standard.TailFile - TailFile[id=31ee7927-7ac7-40e1-bb95-f7efa7228c3e] Reading lines starting at position 14
[pool-4537-thread-1] DEBUG org.apache.nifi.processors.standard.TailFile - TailFile[id=31ee7927-7ac7-40e1-bb95-f7efa7228c3e] Read 0 lines; repositioning reader from 15 to 14
[pool-4537-thread-1] DEBUG org.apache.nifi.processors.standard.TailFile - TailFile[id=31ee7927-7ac7-40e1-bb95-f7efa7228c3e] File target/log.1 has been rolled over, but it was updated 121 millis ago, which is less than the configured Post-Rollover Tail Period (600000 ms), so will continue tailing
[pool-4537-thread-1] DEBUG org.apache.nifi.processors.standard.TailFile - TailFile[id=31ee7927-7ac7-40e1-bb95-f7efa7228c3e] File target/log.txt was rolled over and the Rollover Tail Period is set, so will not consume from new file during this iteration.
[pool-4538-thread-1] DEBUG org.apache.nifi.processors.standard.TailFile - TailFile[id=31ee7927-7ac7-40e1-bb95-f7efa7228c3e] Found rolled off file target/log.txt but its last modified timestamp is before the cutoff (Last Mod = 1714615812518, Cutoff = 1714615812522) so will not consume it
[pool-4538-thread-1] DEBUG org.apache.nifi.processors.standard.TailFile - TailFile[id=31ee7927-7ac7-40e1-bb95-f7efa7228c3e] Recovering Rolled Off Files; total number of files rolled off = 1
[pool-4538-thread-1] DEBUG org.apache.nifi.processors.standard.TailFile - TailFile[id=31ee7927-7ac7-40e1-bb95-f7efa7228c3e] Checksum for target/log.1 matched expected checksum. Will skip first 14 bytes
[pool-4538-thread-1] DEBUG org.apache.nifi.processors.standard.TailFile - TailFile[id=31ee7927-7ac7-40e1-bb95-f7efa7228c3e] Reading lines starting at position 14
[pool-4538-thread-1] DEBUG org.apache.nifi.processors.standard.TailFile - TailFile[id=31ee7927-7ac7-40e1-bb95-f7efa7228c3e] Read 0 lines; repositioning reader from 15 to 14
[pool-4538-thread-1] DEBUG org.apache.nifi.processors.standard.TailFile - TailFile[id=31ee7927-7ac7-40e1-bb95-f7efa7228c3e] File target/log.1 has been rolled over, but it was updated 122 millis ago, which is less than the configured Post-Rollover Tail Period (600000 ms), so will continue tailing
[pool-4538-thread-1] DEBUG org.apache.nifi.processors.standard.TailFile - TailFile[id=31ee7927-7ac7-40e1-bb95-f7efa7228c3e] File target/log.txt was rolled over and the Rollover Tail Period is set, so will not consume from new file during this iteration.
[pool-4539-thread-1] DEBUG org.apache.nifi.processors.standard.TailFile - TailFile[id=31ee7927-7ac7-40e1-bb95-f7efa7228c3e] Found rolled off file target/log.txt but its last modified timestamp is before the cutoff (Last Mod = 1714615812518, Cutoff = 1714615812522) so will not consume it
[pool-4539-thread-1] DEBUG org.apache.nifi.processors.standard.TailFile - TailFile[id=31ee7927-7ac7-40e1-bb95-f7efa7228c3e] Recovering Rolled Off Files; total number of files rolled off = 1
[pool-4539-thread-1] DEBUG org.apache.nifi.processors.standard.TailFile - TailFile[id=31ee7927-7ac7-40e1-bb95-f7efa7228c3e] Checksum for target/log.1 matched expected checksum. Will skip first 14 bytes
[pool-4539-thread-1] DEBUG org.apache.nifi.processors.standard.TailFile - TailFile[id=31ee7927-7ac7-40e1-bb95-f7efa7228c3e] Reading lines starting at position 14
[pool-4539-thread-1] DEBUG org.apache.nifi.processors.standard.TailFile - TailFile[id=31ee7927-7ac7-40e1-bb95-f7efa7228c3e] Read 0 lines; repositioning reader from 15 to 14
[pool-4539-thread-1] DEBUG org.apache.nifi.processors.standard.TailFile - TailFile[id=31ee7927-7ac7-40e1-bb95-f7efa7228c3e] File target/log.1 has been rolled over, but it was updated 124 millis ago, which is less than the configured Post-Rollover Tail Period (600000 ms), so will continue tailing
[pool-4539-thread-1] DEBUG org.apache.nifi.processors.standard.TailFile - TailFile[id=31ee7927-7ac7-40e1-bb95-f7efa7228c3e] File target/log.txt was rolled over and the Rollover Tail Period is set, so will not consume from new file during this iteration.
[pool-4540-thread-1] DEBUG org.apache.nifi.processors.standard.TailFile - TailFile[id=31ee7927-7ac7-40e1-bb95-f7efa7228c3e] Found rolled off file target/log.txt but its last modified timestamp is before the cutoff (Last Mod = 1714615812518, Cutoff = 1714615812522) so will not consume it
[pool-4540-thread-1] DEBUG org.apache.nifi.processors.standard.TailFile - TailFile[id=31ee7927-7ac7-40e1-bb95-f7efa7228c3e] Recovering Rolled Off Files; total number of files rolled off = 1
[pool-4540-thread-1] DEBUG org.apache.nifi.processors.standard.TailFile - TailFile[id=31ee7927-7ac7-40e1-bb95-f7efa7228c3e] Checksum for target/log.1 matched expected checksum. Will skip first 14 bytes
[pool-4540-thread-1] DEBUG org.apache.nifi.processors.standard.TailFile - TailFile[id=31ee7927-7ac7-40e1-bb95-f7efa7228c3e] Reading lines starting at position 14
[pool-4540-thread-1] DEBUG org.apache.nifi.processors.standard.TailFile - TailFile[id=31ee7927-7ac7-40e1-bb95-f7efa7228c3e] Read 0 lines; repositioning reader from 15 to 14
[pool-4540-thread-1] DEBUG org.apache.nifi.processors.standard.TailFile - TailFile[id=31ee7927-7ac7-40e1-bb95-f7efa7228c3e] File target/log.1 has been rolled over, but it was updated 126 millis ago, which is less than the configured Post-Rollover Tail Period (600000 ms), so will continue tailing
[pool-4540-thread-1] DEBUG org.apache.nifi.processors.standard.TailFile - TailFile[id=31ee7927-7ac7-40e1-bb95-f7efa7228c3e] File target/log.txt was rolled over and the Rollover Tail Period is set, so will not consume from new file during this iteration.
[pool-4541-thread-1] DEBUG org.apache.nifi.processors.standard.TailFile - TailFile[id=31ee7927-7ac7-40e1-bb95-f7efa7228c3e] Found rolled off file target/log.txt but its last modified timestamp is before the cutoff (Last Mod = 1714615812518, Cutoff = 1714615812522) so will not consume it
[pool-4541-thread-1] DEBUG org.apache.nifi.processors.standard.TailFile - TailFile[id=31ee7927-7ac7-40e1-bb95-f7efa7228c3e] Recovering Rolled Off Files; total number of files rolled off = 1
[pool-4541-thread-1] DEBUG org.apache.nifi.processors.standard.TailFile - TailFile[id=31ee7927-7ac7-40e1-bb95-f7efa7228c3e] Checksum for target/log.1 matched expected checksum. Will skip first 14 bytes
[pool-4541-thread-1] DEBUG org.apache.nifi.processors.standard.TailFile - TailFile[id=31ee7927-7ac7-40e1-bb95-f7efa7228c3e] Reading lines starting at position 14
[pool-4541-thread-1] DEBUG org.apache.nifi.processors.standard.TailFile - TailFile[id=31ee7927-7ac7-40e1-bb95-f7efa7228c3e] Read 0 lines; repositioning reader from 15 to 14
[pool-4541-thread-1] DEBUG org.apache.nifi.processors.standard.TailFile - TailFile[id=31ee7927-7ac7-40e1-bb95-f7efa7228c3e] File target/log.1 has been rolled over, but it was updated 128 millis ago, which is less than the configured Post-Rollover Tail Period (600000 ms), so will continue tailing
[pool-4541-thread-1] DEBUG org.apache.nifi.processors.standard.TailFile - TailFile[id=31ee7927-7ac7-40e1-bb95-f7efa7228c3e] File target/log.txt was rolled over and the Rollover Tail Period is set, so will not consume from new file during this iteration.
[pool-4542-thread-1] DEBUG org.apache.nifi.processors.standard.TailFile - TailFile[id=31ee7927-7ac7-40e1-bb95-f7efa7228c3e] Found rolled off file target/log.txt but its last modified timestamp is before the cutoff (Last Mod = 1714615812518, Cutoff = 1714615812522) so will not consume it
[pool-4542-thread-1] DEBUG org.apache.nifi.processors.standard.TailFile - TailFile[id=31ee7927-7ac7-40e1-bb95-f7efa7228c3e] Recovering Rolled Off Files; total number of files rolled off = 1
[pool-4542-thread-1] DEBUG org.apache.nifi.processors.standard.TailFile - TailFile[id=31ee7927-7ac7-40e1-bb95-f7efa7228c3e] Checksum for target/log.1 matched expected checksum. Will skip first 14 bytes
[pool-4542-thread-1] DEBUG org.apache.nifi.processors.standard.TailFile - TailFile[id=31ee7927-7ac7-40e1-bb95-f7efa7228c3e] Reading lines starting at position 14
[pool-4542-thread-1] DEBUG org.apache.nifi.processors.standard.TailFile - TailFile[id=31ee7927-7ac7-40e1-bb95-f7efa7228c3e] Read 0 lines; repositioning reader from 15 to 14
[pool-4542-thread-1] DEBUG org.apache.nifi.processors.standard.TailFile - TailFile[id=31ee7927-7ac7-40e1-bb95-f7efa7228c3e] File target/log.1 has been rolled over, but it was updated 130 millis ago, which is less than the configured Post-Rollover Tail Period (600000 ms), so will continue tailing
[pool-4542-thread-1] DEBUG org.apache.nifi.processors.standard.TailFile - TailFile[id=31ee7927-7ac7-40e1-bb95-f7efa7228c3e] File target/log.txt was rolled over and the Rollover Tail Period is set, so will not consume from new file during this iteration.
[pool-4543-thread-1] DEBUG org.apache.nifi.processors.standard.TailFile - TailFile[id=31ee7927-7ac7-40e1-bb95-f7efa7228c3e] Found rolled off file target/log.txt but its last modified timestamp is before the cutoff (Last Mod = 1714615812518, Cutoff = 1714615812522) so will not consume it
[pool-4543-thread-1] DEBUG org.apache.nifi.processors.standard.TailFile - TailFile[id=31ee7927-7ac7-40e1-bb95-f7efa7228c3e] Recovering Rolled Off Files; total number of files rolled off = 1
[pool-4543-thread-1] DEBUG org.apache.nifi.processors.standard.TailFile - TailFile[id=31ee7927-7ac7-40e1-bb95-f7efa7228c3e] Checksum for target/log.1 matched expected checksum. Will skip first 14 bytes
[pool-4543-thread-1] DEBUG org.apache.nifi.processors.standard.TailFile - TailFile[id=31ee7927-7ac7-40e1-bb95-f7efa7228c3e] Reading lines starting at position 14
[pool-4543-thread-1] DEBUG org.apache.nifi.processors.standard.TailFile - TailFile[id=31ee7927-7ac7-40e1-bb95-f7efa7228c3e] Read 0 lines; repositioning reader from 15 to 14
[pool-4543-thread-1] DEBUG org.apache.nifi.processors.standard.TailFile - TailFile[id=31ee7927-7ac7-40e1-bb95-f7efa7228c3e] File target/log.1 has been rolled over, but it was updated 132 millis ago, which is less than the configured Post-Rollover Tail Period (600000 ms), so will continue tailing
[pool-4543-thread-1] DEBUG org.apache.nifi.processors.standard.TailFile - TailFile[id=31ee7927-7ac7-40e1-bb95-f7efa7228c3e] File target/log.txt was rolled over and the Rollover Tail Period is set, so will not consume from new file during this iteration.
[pool-4544-thread-1] DEBUG org.apache.nifi.processors.standard.TailFile - TailFile[id=31ee7927-7ac7-40e1-bb95-f7efa7228c3e] Found rolled off file target/log.txt but its last modified timestamp is before the cutoff (Last Mod = 1714615812518, Cutoff = 1714615812522) so will not consume it
[pool-4544-thread-1] DEBUG org.apache.nifi.processors.standard.TailFile - TailFile[id=31ee7927-7ac7-40e1-bb95-f7efa7228c3e] Recovering Rolled Off Files; total number of files rolled off = 1
[pool-4544-thread-1] DEBUG org.apache.nifi.processors.standard.TailFile - TailFile[id=31ee7927-7ac7-40e1-bb95-f7efa7228c3e] Checksum for target/log.1 matched expected checksum. Will skip first 14 bytes
[pool-4544-thread-1] DEBUG org.apache.nifi.processors.standard.TailFile - TailFile[id=31ee7927-7ac7-40e1-bb95-f7efa7228c3e] Reading lines starting at position 14
[pool-4544-thread-1] DEBUG org.apache.nifi.processors.standard.TailFile - TailFile[id=31ee7927-7ac7-40e1-bb95-f7efa7228c3e] Read 0 lines; repositioning reader from 15 to 14
[pool-4544-thread-1] DEBUG org.apache.nifi.processors.standard.TailFile - TailFile[id=31ee7927-7ac7-40e1-bb95-f7efa7228c3e] File target/log.1 has been rolled over, but it was updated 134 millis ago, which is less than the configured Post-Rollover Tail Period (600000 ms), so will continue tailing
[pool-4544-thread-1] DEBUG org.apache.nifi.processors.standard.TailFile - TailFile[id=31ee7927-7ac7-40e1-bb95-f7efa7228c3e] File target/log.txt was rolled over and the Rollover Tail Period is set, so will not consume from new file during this iteration.
[pool-4545-thread-1] DEBUG org.apache.nifi.processors.standard.TailFile - TailFile[id=31ee7927-7ac7-40e1-bb95-f7efa7228c3e] Found rolled off file target/log.txt but its last modified timestamp is before the cutoff (Last Mod = 1714615812518, Cutoff = 1714615812522) so will not consume it
[pool-4545-thread-1] DEBUG org.apache.nifi.processors.standard.TailFile - TailFile[id=31ee7927-7ac7-40e1-bb95-f7efa7228c3e] Recovering Rolled Off Files; total number of files rolled off = 1
[pool-4545-thread-1] DEBUG org.apache.nifi.processors.standard.TailFile - TailFile[id=31ee7927-7ac7-40e1-bb95-f7efa7228c3e] Checksum for target/log.1 matched expected checksum. Will skip first 14 bytes
[pool-4545-thread-1] DEBUG org.apache.nifi.processors.standard.TailFile - TailFile[id=31ee7927-7ac7-40e1-bb95-f7efa7228c3e] Reading lines starting at position 14
[pool-4545-thread-1] DEBUG org.apache.nifi.processors.standard.TailFile - TailFile[id=31ee7927-7ac7-40e1-bb95-f7efa7228c3e] Read 0 lines; repositioning reader from 15 to 14
[pool-4545-thread-1] DEBUG org.apache.nifi.processors.standard.TailFile - TailFile[id=31ee7927-7ac7-40e1-bb95-f7efa7228c3e] File target/log.1 has been rolled over, but it was updated 136 millis ago, which is less than the configured Post-Rollover Tail Period (600000 ms), so will continue tailing
[pool-4545-thread-1] DEBUG org.apache.nifi.processors.standard.TailFile - TailFile[id=31ee7927-7ac7-40e1-bb95-f7efa7228c3e] File target/log.txt was rolled over and the Rollover Tail Period is set, so will not consume from new file during this iteration.
[pool-4546-thread-1] DEBUG org.apache.nifi.processors.standard.TailFile - TailFile[id=31ee7927-7ac7-40e1-bb95-f7efa7228c3e] Found rolled off file target/log.txt but its last modified timestamp is before the cutoff (Last Mod = 1714615812518, Cutoff = 1714615812522) so will not consume it
[pool-4546-thread-1] DEBUG org.apache.nifi.processors.standard.TailFile - TailFile[id=31ee7927-7ac7-40e1-bb95-f7efa7228c3e] Recovering Rolled Off Files; total number of files rolled off = 1
[pool-4546-thread-1] DEBUG org.apache.nifi.processors.standard.TailFile - TailFile[id=31ee7927-7ac7-40e1-bb95-f7efa7228c3e] Checksum for target/log.1 matched expected checksum. Will skip first 14 bytes
[pool-4546-thread-1] DEBUG org.apache.nifi.processors.standard.TailFile - TailFile[id=31ee7927-7ac7-40e1-bb95-f7efa7228c3e] Reading lines starting at position 14
[pool-4546-thread-1] DEBUG org.apache.nifi.processors.standard.TailFile - TailFile[id=31ee7927-7ac7-40e1-bb95-f7efa7228c3e] Read 0 lines; repositioning reader from 15 to 14
[pool-4546-thread-1] DEBUG org.apache.nifi.processors.standard.TailFile - TailFile[id=31ee7927-7ac7-40e1-bb95-f7efa7228c3e] File target/log.1 has been rolled over, but it was updated 138 millis ago, which is less than the configured Post-Rollover Tail Period (600000 ms), so will continue tailing
[pool-4546-thread-1] DEBUG org.apache.nifi.processors.standard.TailFile - TailFile[id=31ee7927-7ac7-40e1-bb95-f7efa7228c3e] File target/log.txt was rolled over and the Rollover Tail Period is set, so will not consume from new file during this iteration.
[pool-4547-thread-1] DEBUG org.apache.nifi.processors.standard.TailFile - TailFile[id=31ee7927-7ac7-40e1-bb95-f7efa7228c3e] Found rolled off file target/log.txt but its last modified timestamp is before the cutoff (Last Mod = 1714615812518, Cutoff = 1714615812522) so will not consume it
[pool-4547-thread-1] DEBUG org.apache.nifi.processors.standard.TailFile - TailFile[id=31ee7927-7ac7-40e1-bb95-f7efa7228c3e] Recovering Rolled Off Files; total number of files rolled off = 1
[pool-4547-thread-1] DEBUG org.apache.nifi.processors.standard.TailFile - TailFile[id=31ee7927-7ac7-40e1-bb95-f7efa7228c3e] Checksum for target/log.1 matched expected checksum. Will skip first 14 bytes
[pool-4547-thread-1] DEBUG org.apache.nifi.processors.standard.TailFile - TailFile[id=31ee7927-7ac7-40e1-bb95-f7efa7228c3e] Reading lines starting at position 14
[pool-4547-thread-1] DEBUG org.apache.nifi.processors.standard.TailFile - TailFile[id=31ee7927-7ac7-40e1-bb95-f7efa7228c3e] Read 0 lines; repositioning reader from 15 to 14
[pool-4547-thread-1] DEBUG org.apache.nifi.processors.standard.TailFile - TailFile[id=31ee7927-7ac7-40e1-bb95-f7efa7228c3e] File target/log.1 has been rolled over, but it was updated 140 millis ago, which is less than the configured Post-Rollover Tail Period (600000 ms), so will continue tailing
[pool-4547-thread-1] DEBUG org.apache.nifi.processors.standard.TailFile - TailFile[id=31ee7927-7ac7-40e1-bb95-f7efa7228c3e] File target/log.txt was rolled over and the Rollover Tail Period is set, so will not consume from new file during this iteration.
[pool-4548-thread-1] DEBUG org.apache.nifi.processors.standard.TailFile - TailFile[id=31ee7927-7ac7-40e1-bb95-f7efa7228c3e] Found rolled off file target/log.txt but its last modified timestamp is before the cutoff (Last Mod = 1714615812518, Cutoff = 1714615812522) so will not consume it
[pool-4548-thread-1] DEBUG org.apache.nifi.processors.standard.TailFile - TailFile[id=31ee7927-7ac7-40e1-bb95-f7efa7228c3e] Recovering Rolled Off Files; total number of files rolled off = 1
[pool-4548-thread-1] DEBUG org.apache.nifi.processors.standard.TailFile - TailFile[id=31ee7927-7ac7-40e1-bb95-f7efa7228c3e] Checksum for target/log.1 matched expected checksum. Will skip first 14 bytes
[pool-4548-thread-1] DEBUG org.apache.nifi.processors.standard.TailFile - TailFile[id=31ee7927-7ac7-40e1-bb95-f7efa7228c3e] Reading lines starting at position 14
[pool-4548-thread-1] DEBUG org.apache.nifi.processors.standard.TailFile - TailFile[id=31ee7927-7ac7-40e1-bb95-f7efa7228c3e] Read 0 lines; repositioning reader from 15 to 14
[pool-4548-thread-1] DEBUG org.apache.nifi.processors.standard.TailFile - TailFile[id=31ee7927-7ac7-40e1-bb95-f7efa7228c3e] File target/log.1 has been rolled over, but it was updated 142 millis ago, which is less than the configured Post-Rollover Tail Period (600000 ms), so will continue tailing
[pool-4548-thread-1] DEBUG org.apache.nifi.processors.standard.TailFile - TailFile[id=31ee7927-7ac7-40e1-bb95-f7efa7228c3e] File target/log.txt was rolled over and the Rollover Tail Period is set, so will not consume from new file during this iteration.
[pool-4549-thread-1] DEBUG org.apache.nifi.processors.standard.TailFile - TailFile[id=31ee7927-7ac7-40e1-bb95-f7efa7228c3e] Found rolled off file target/log.txt but its last modified timestamp is before the cutoff (Last Mod = 1714615812518, Cutoff = 1714615812522) so will not consume it
[pool-4549-thread-1] DEBUG org.apache.nifi.processors.standard.TailFile - TailFile[id=31ee7927-7ac7-40e1-bb95-f7efa7228c3e] Recovering Rolled Off Files; total number of files rolled off = 1
[pool-4549-thread-1] DEBUG org.apache.nifi.processors.standard.TailFile - TailFile[id=31ee7927-7ac7-40e1-bb95-f7efa7228c3e] Checksum for target/log.1 matched expected checksum. Will skip first 14 bytes
[pool-4549-thread-1] DEBUG org.apache.nifi.processors.standard.TailFile - TailFile[id=31ee7927-7ac7-40e1-bb95-f7efa7228c3e] Reading lines starting at position 14
[pool-4549-thread-1] DEBUG org.apache.nifi.processors.standard.TailFile - TailFile[id=31ee7927-7ac7-40e1-bb95-f7efa7228c3e] Read 0 lines; repositioning reader from 15 to 14
[pool-4549-thread-1] DEBUG org.apache.nifi.processors.standard.TailFile - TailFile[id=31ee7927-7ac7-40e1-bb95-f7efa7228c3e] File target/log.1 has been rolled over, but it was updated 144 millis ago, which is less than the configured Post-Rollover Tail Period (600000 ms), so will continue tailing
[pool-4549-thread-1] DEBUG org.apache.nifi.processors.standard.TailFile - TailFile[id=31ee7927-7ac7-40e1-bb95-f7efa7228c3e] File target/log.txt was rolled over and the Rollover Tail Period is set, so will not consume from new file during this iteration.
[pool-4550-thread-1] DEBUG org.apache.nifi.processors.standard.TailFile - TailFile[id=31ee7927-7ac7-40e1-bb95-f7efa7228c3e] Found rolled off file target/log.txt but its last modified timestamp is before the cutoff (Last Mod = 1714615812518, Cutoff = 1714615812522) so will not consume it
[pool-4550-thread-1] DEBUG org.apache.nifi.processors.standard.TailFile - TailFile[id=31ee7927-7ac7-40e1-bb95-f7efa7228c3e] Recovering Rolled Off Files; total number of files rolled off = 1
[pool-4550-thread-1] DEBUG org.apache.nifi.processors.standard.TailFile - TailFile[id=31ee7927-7ac7-40e1-bb95-f7efa7228c3e] Checksum for target/log.1 matched expected checksum. Will skip first 14 bytes
[pool-4550-thread-1] DEBUG org.apache.nifi.processors.standard.TailFile - TailFile[id=31ee7927-7ac7-40e1-bb95-f7efa7228c3e] Reading lines starting at position 14
[pool-4550-thread-1] DEBUG org.apache.nifi.processors.standard.TailFile - TailFile[id=31ee7927-7ac7-40e1-bb95-f7efa7228c3e] Read 0 lines; repositioning reader from 15 to 14
[pool-4550-thread-1] DEBUG org.apache.nifi.processors.standard.TailFile - TailFile[id=31ee7927-7ac7-40e1-bb95-f7efa7228c3e] File target/log.1 has been rolled over, but it was updated 146 millis ago, which is less than the configured Post-Rollover Tail Period (600000 ms), so will continue tailing
[pool-4550-thread-1] DEBUG org.apache.nifi.processors.standard.TailFile - TailFile[id=31ee7927-7ac7-40e1-bb95-f7efa7228c3e] File target/log.txt was rolled over and the Rollover Tail Period is set, so will not consume from new file during this iteration.
[pool-4551-thread-1] DEBUG org.apache.nifi.processors.standard.TailFile - TailFile[id=31ee7927-7ac7-40e1-bb95-f7efa7228c3e] Found rolled off file target/log.txt but its last modified timestamp is before the cutoff (Last Mod = 1714615812518, Cutoff = 1714615812522) so will not consume it
[pool-4551-thread-1] DEBUG org.apache.nifi.processors.standard.TailFile - TailFile[id=31ee7927-7ac7-40e1-bb95-f7efa7228c3e] Recovering Rolled Off Files; total number of files rolled off = 1
[pool-4551-thread-1] DEBUG org.apache.nifi.processors.standard.TailFile - TailFile[id=31ee7927-7ac7-40e1-bb95-f7efa7228c3e] Checksum for target/log.1 matched expected checksum. Will skip first 14 bytes
[pool-4551-thread-1] DEBUG org.apache.nifi.processors.standard.TailFile - TailFile[id=31ee7927-7ac7-40e1-bb95-f7efa7228c3e] Reading lines starting at position 14
[pool-4551-thread-1] DEBUG org.apache.nifi.processors.standard.TailFile - TailFile[id=31ee7927-7ac7-40e1-bb95-f7efa7228c3e] Read 0 lines; repositioning reader from 15 to 14
[pool-4551-thread-1] DEBUG org.apache.nifi.processors.standard.TailFile - TailFile[id=31ee7927-7ac7-40e1-bb95-f7efa7228c3e] File target/log.1 has been rolled over, but it was updated 147 millis ago, which is less than the configured Post-Rollover Tail Period (600000 ms), so will continue tailing
[pool-4551-thread-1] DEBUG org.apache.nifi.processors.standard.TailFile - TailFile[id=31ee7927-7ac7-40e1-bb95-f7efa7228c3e] File target/log.txt was rolled over and the Rollover Tail Period is set, so will not consume from new file during this iteration.
[pool-4552-thread-1] DEBUG org.apache.nifi.processors.standard.TailFile - TailFile[id=31ee7927-7ac7-40e1-bb95-f7efa7228c3e] Found rolled off file target/log.txt but its last modified timestamp is before the cutoff (Last Mod = 1714615812518, Cutoff = 1714615812522) so will not consume it
[pool-4552-thread-1] DEBUG org.apache.nifi.processors.standard.TailFile - TailFile[id=31ee7927-7ac7-40e1-bb95-f7efa7228c3e] Recovering Rolled Off Files; total number of files rolled off = 1
[pool-4552-thread-1] DEBUG org.apache.nifi.processors.standard.TailFile - TailFile[id=31ee7927-7ac7-40e1-bb95-f7efa7228c3e] Checksum for target/log.1 matched expected checksum. Will skip first 14 bytes
[pool-4552-thread-1] DEBUG org.apache.nifi.processors.standard.TailFile - TailFile[id=31ee7927-7ac7-40e1-bb95-f7efa7228c3e] Reading lines starting at position 14
[pool-4552-thread-1] DEBUG org.apache.nifi.processors.standard.TailFile - TailFile[id=31ee7927-7ac7-40e1-bb95-f7efa7228c3e] Read 0 lines; repositioning reader from 15 to 14
[pool-4552-thread-1] DEBUG org.apache.nifi.processors.standard.TailFile - TailFile[id=31ee7927-7ac7-40e1-bb95-f7efa7228c3e] File target/log.1 has been rolled over, but it was updated 149 millis ago, which is less than the configured Post-Rollover Tail Period (600000 ms), so will continue tailing
[pool-4552-thread-1] DEBUG org.apache.nifi.processors.standard.TailFile - TailFile[id=31ee7927-7ac7-40e1-bb95-f7efa7228c3e] File target/log.txt was rolled over and the Rollover Tail Period is set, so will not consume from new file during this iteration.
[pool-4553-thread-1] DEBUG org.apache.nifi.processors.standard.TailFile - TailFile[id=31ee7927-7ac7-40e1-bb95-f7efa7228c3e] Found rolled off file target/log.txt but its last modified timestamp is before the cutoff (Last Mod = 1714615812518, Cutoff = 1714615812522) so will not consume it
[pool-4553-thread-1] DEBUG org.apache.nifi.processors.standard.TailFile - TailFile[id=31ee7927-7ac7-40e1-bb95-f7efa7228c3e] Recovering Rolled Off Files; total number of files rolled off = 1
[pool-4553-thread-1] DEBUG org.apache.nifi.processors.standard.TailFile - TailFile[id=31ee7927-7ac7-40e1-bb95-f7efa7228c3e] Checksum for target/log.1 matched expected checksum. Will skip first 14 bytes
[pool-4553-thread-1] DEBUG org.apache.nifi.processors.standard.TailFile - TailFile[id=31ee7927-7ac7-40e1-bb95-f7efa7228c3e] Reading lines starting at position 14
[pool-4553-thread-1] DEBUG org.apache.nifi.processors.standard.TailFile - TailFile[id=31ee7927-7ac7-40e1-bb95-f7efa7228c3e] Read 0 lines; repositioning reader from 15 to 14
[pool-4553-thread-1] DEBUG org.apache.nifi.processors.standard.TailFile - TailFile[id=31ee7927-7ac7-40e1-bb95-f7efa7228c3e] File target/log.1 has been rolled over, but it was updated 151 millis ago, which is less than the configured Post-Rollover Tail Period (600000 ms), so will continue tailing
[pool-4553-thread-1] DEBUG org.apache.nifi.processors.standard.TailFile - TailFile[id=31ee7927-7ac7-40e1-bb95-f7efa7228c3e] File target/log.txt was rolled over and the Rollover Tail Period is set, so will not consume from new file during this iteration.
[pool-4554-thread-1] DEBUG org.apache.nifi.processors.standard.TailFile - TailFile[id=31ee7927-7ac7-40e1-bb95-f7efa7228c3e] Found rolled off file target/log.txt but its last modified timestamp is before the cutoff (Last Mod = 1714615812518, Cutoff = 1714615812522) so will not consume it
[pool-4554-thread-1] DEBUG org.apache.nifi.processors.standard.TailFile - TailFile[id=31ee7927-7ac7-40e1-bb95-f7efa7228c3e] Recovering Rolled Off Files; total number of files rolled off = 1
[pool-4554-thread-1] DEBUG org.apache.nifi.processors.standard.TailFile - TailFile[id=31ee7927-7ac7-40e1-bb95-f7efa7228c3e] Checksum for target/log.1 matched expected checksum. Will skip first 14 bytes
[pool-4554-thread-1] DEBUG org.apache.nifi.processors.standard.TailFile - TailFile[id=31ee7927-7ac7-40e1-bb95-f7efa7228c3e] Reading lines starting at position 14
[pool-4554-thread-1] DEBUG org.apache.nifi.processors.standard.TailFile - TailFile[id=31ee7927-7ac7-40e1-bb95-f7efa7228c3e] Read 0 lines; repositioning reader from 15 to 14
[pool-4554-thread-1] DEBUG org.apache.nifi.processors.standard.TailFile - TailFile[id=31ee7927-7ac7-40e1-bb95-f7efa7228c3e] File target/log.1 has been rolled over, but it was updated 153 millis ago, which is less than the configured Post-Rollover Tail Period (600000 ms), so will continue tailing
[pool-4554-thread-1] DEBUG org.apache.nifi.processors.standard.TailFile - TailFile[id=31ee7927-7ac7-40e1-bb95-f7efa7228c3e] File target/log.txt was rolled over and the Rollover Tail Period is set, so will not consume from new file during this iteration.
[pool-4555-thread-1] DEBUG org.apache.nifi.processors.standard.TailFile - TailFile[id=31ee7927-7ac7-40e1-bb95-f7efa7228c3e] Found rolled off file target/log.txt but its last modified timestamp is before the cutoff (Last Mod = 1714615812518, Cutoff = 1714615812522) so will not consume it
[pool-4555-thread-1] DEBUG org.apache.nifi.processors.standard.TailFile - TailFile[id=31ee7927-7ac7-40e1-bb95-f7efa7228c3e] Recovering Rolled Off Files; total number of files rolled off = 1
[pool-4555-thread-1] DEBUG org.apache.nifi.processors.standard.TailFile - TailFile[id=31ee7927-7ac7-40e1-bb95-f7efa7228c3e] Checksum for target/log.1 matched expected checksum. Will skip first 14 bytes
[pool-4555-thread-1] DEBUG org.apache.nifi.processors.standard.TailFile - TailFile[id=31ee7927-7ac7-40e1-bb95-f7efa7228c3e] Reading lines starting at position 14
[pool-4555-thread-1] DEBUG org.apache.nifi.processors.standard.TailFile - TailFile[id=31ee7927-7ac7-40e1-bb95-f7efa7228c3e] Read 0 lines; repositioning reader from 15 to 14
[pool-4555-thread-1] DEBUG org.apache.nifi.processors.standard.TailFile - TailFile[id=31ee7927-7ac7-40e1-bb95-f7efa7228c3e] File target/log.1 has been rolled over, but it was updated 155 millis ago, which is less than the configured Post-Rollover Tail Period (600000 ms), so will continue tailing
[pool-4555-thread-1] DEBUG org.apache.nifi.processors.standard.TailFile - TailFile[id=31ee7927-7ac7-40e1-bb95-f7efa7228c3e] File target/log.txt was rolled over and the Rollover Tail Period is set, so will not consume from new file during this iteration.
[pool-4556-thread-1] DEBUG org.apache.nifi.processors.standard.TailFile - TailFile[id=31ee7927-7ac7-40e1-bb95-f7efa7228c3e] Found rolled off file target/log.txt but its last modified timestamp is before the cutoff (Last Mod = 1714615812518, Cutoff = 1714615812522) so will not consume it
[pool-4556-thread-1] DEBUG org.apache.nifi.processors.standard.TailFile - TailFile[id=31ee7927-7ac7-40e1-bb95-f7efa7228c3e] Recovering Rolled Off Files; total number of files rolled off = 1
[pool-4556-thread-1] DEBUG org.apache.nifi.processors.standard.TailFile - TailFile[id=31ee7927-7ac7-40e1-bb95-f7efa7228c3e] Checksum for target/log.1 matched expected checksum. Will skip first 14 bytes
[pool-4556-thread-1] DEBUG org.apache.nifi.processors.standard.TailFile - TailFile[id=31ee7927-7ac7-40e1-bb95-f7efa7228c3e] Reading lines starting at position 14
[pool-4556-thread-1] DEBUG org.apache.nifi.processors.standard.TailFile - TailFile[id=31ee7927-7ac7-40e1-bb95-f7efa7228c3e] Read 0 lines; repositioning reader from 15 to 14
[pool-4556-thread-1] DEBUG org.apache.nifi.processors.standard.TailFile - TailFile[id=31ee7927-7ac7-40e1-bb95-f7efa7228c3e] File target/log.1 has been rolled over, but it was updated 157 millis ago, which is less than the configured Post-Rollover Tail Period (600000 ms), so will continue tailing
[pool-4556-thread-1] DEBUG org.apache.nifi.processors.standard.TailFile - TailFile[id=31ee7927-7ac7-40e1-bb95-f7efa7228c3e] File target/log.txt was rolled over and the Rollover Tail Period is set, so will not consume from new file during this iteration.
[pool-4557-thread-1] DEBUG org.apache.nifi.processors.standard.TailFile - TailFile[id=31ee7927-7ac7-40e1-bb95-f7efa7228c3e] Found rolled off file target/log.txt but its last modified timestamp is before the cutoff (Last Mod = 1714615812518, Cutoff = 1714615812522) so will not consume it
[pool-4557-thread-1] DEBUG org.apache.nifi.processors.standard.TailFile - TailFile[id=31ee7927-7ac7-40e1-bb95-f7efa7228c3e] Recovering Rolled Off Files; total number of files rolled off = 1
[pool-4557-thread-1] DEBUG org.apache.nifi.processors.standard.TailFile - TailFile[id=31ee7927-7ac7-40e1-bb95-f7efa7228c3e] Checksum for target/log.1 matched expected checksum. Will skip first 14 bytes
[pool-4557-thread-1] DEBUG org.apache.nifi.processors.standard.TailFile - TailFile[id=31ee7927-7ac7-40e1-bb95-f7efa7228c3e] Reading lines starting at position 14
[pool-4557-thread-1] DEBUG org.apache.nifi.processors.standard.TailFile - TailFile[id=31ee7927-7ac7-40e1-bb95-f7efa7228c3e] Read 0 lines; repositioning reader from 15 to 14
[pool-4557-thread-1] DEBUG org.apache.nifi.processors.standard.TailFile - TailFile[id=31ee7927-7ac7-40e1-bb95-f7efa7228c3e] File target/log.1 has been rolled over, but it was updated 159 millis ago, which is less than the configured Post-Rollover Tail Period (600000 ms), so will continue tailing
[pool-4557-thread-1] DEBUG org.apache.nifi.processors.standard.TailFile - TailFile[id=31ee7927-7ac7-40e1-bb95-f7efa7228c3e] File target/log.txt was rolled over and the Rollover Tail Period is set, so will not consume from new file during this iteration.
[pool-4558-thread-1] DEBUG org.apache.nifi.processors.standard.TailFile - TailFile[id=31ee7927-7ac7-40e1-bb95-f7efa7228c3e] Found rolled off file target/log.txt but its last modified timestamp is before the cutoff (Last Mod = 1714615812518, Cutoff = 1714615812522) so will not consume it
[pool-4558-thread-1] DEBUG org.apache.nifi.processors.standard.TailFile - TailFile[id=31ee7927-7ac7-40e1-bb95-f7efa7228c3e] Recovering Rolled Off Files; total number of files rolled off = 1
[pool-4558-thread-1] DEBUG org.apache.nifi.processors.standard.TailFile - TailFile[id=31ee7927-7ac7-40e1-bb95-f7efa7228c3e] Checksum for target/log.1 matched expected checksum. Will skip first 14 bytes
[pool-4558-thread-1] DEBUG org.apache.nifi.processors.standard.TailFile - TailFile[id=31ee7927-7ac7-40e1-bb95-f7efa7228c3e] Reading lines starting at position 14
[pool-4558-thread-1] DEBUG org.apache.nifi.processors.standard.TailFile - TailFile[id=31ee7927-7ac7-40e1-bb95-f7efa7228c3e] Read 0 lines; repositioning reader from 15 to 14
[pool-4558-thread-1] DEBUG org.apache.nifi.processors.standard.TailFile - TailFile[id=31ee7927-7ac7-40e1-bb95-f7efa7228c3e] File target/log.1 has been rolled over, but it was updated 160 millis ago, which is less than the configured Post-Rollover Tail Period (600000 ms), so will continue tailing
[pool-4558-thread-1] DEBUG org.apache.nifi.processors.standard.TailFile - TailFile[id=31ee7927-7ac7-40e1-bb95-f7efa7228c3e] File target/log.txt was rolled over and the Rollover Tail Period is set, so will not consume from new file during this iteration.
[pool-4559-thread-1] DEBUG org.apache.nifi.processors.standard.TailFile - TailFile[id=31ee7927-7ac7-40e1-bb95-f7efa7228c3e] Found rolled off file target/log.txt but its last modified timestamp is before the cutoff (Last Mod = 1714615812518, Cutoff = 1714615812522) so will not consume it
[pool-4559-thread-1] DEBUG org.apache.nifi.processors.standard.TailFile - TailFile[id=31ee7927-7ac7-40e1-bb95-f7efa7228c3e] Recovering Rolled Off Files; total number of files rolled off = 1
[pool-4559-thread-1] DEBUG org.apache.nifi.processors.standard.TailFile - TailFile[id=31ee7927-7ac7-40e1-bb95-f7efa7228c3e] Checksum for target/log.1 matched expected checksum. Will skip first 14 bytes
[pool-4559-thread-1] DEBUG org.apache.nifi.processors.standard.TailFile - TailFile[id=31ee7927-7ac7-40e1-bb95-f7efa7228c3e] Reading lines starting at position 14
[pool-4559-thread-1] DEBUG org.apache.nifi.processors.standard.TailFile - TailFile[id=31ee7927-7ac7-40e1-bb95-f7efa7228c3e] Read 0 lines; repositioning reader from 15 to 14
[pool-4559-thread-1] DEBUG org.apache.nifi.processors.standard.TailFile - TailFile[id=31ee7927-7ac7-40e1-bb95-f7efa7228c3e] File target/log.1 has been rolled over, but it was updated 162 millis ago, which is less than the configured Post-Rollover Tail Period (600000 ms), so will continue tailing
[pool-4559-thread-1] DEBUG org.apache.nifi.processors.standard.TailFile - TailFile[id=31ee7927-7ac7-40e1-bb95-f7efa7228c3e] File target/log.txt was rolled over and the Rollover Tail Period is set, so will not consume from new file during this iteration.
[pool-4560-thread-1] DEBUG org.apache.nifi.processors.standard.TailFile - TailFile[id=31ee7927-7ac7-40e1-bb95-f7efa7228c3e] Found rolled off file target/log.txt but its last modified timestamp is before the cutoff (Last Mod = 1714615812518, Cutoff = 1714615812522) so will not consume it
[pool-4560-thread-1] DEBUG org.apache.nifi.processors.standard.TailFile - TailFile[id=31ee7927-7ac7-40e1-bb95-f7efa7228c3e] Recovering Rolled Off Files; total number of files rolled off = 1
[pool-4560-thread-1] DEBUG org.apache.nifi.processors.standard.TailFile - TailFile[id=31ee7927-7ac7-40e1-bb95-f7efa7228c3e] Checksum for target/log.1 matched expected checksum. Will skip first 14 bytes
[pool-4560-thread-1] DEBUG org.apache.nifi.processors.standard.TailFile - TailFile[id=31ee7927-7ac7-40e1-bb95-f7efa7228c3e] Reading lines starting at position 14
[pool-4560-thread-1] DEBUG org.apache.nifi.processors.standard.TailFile - TailFile[id=31ee7927-7ac7-40e1-bb95-f7efa7228c3e] Read 0 lines; repositioning reader from 15 to 14
[pool-4560-thread-1] DEBUG org.apache.nifi.processors.standard.TailFile - TailFile[id=31ee7927-7ac7-40e1-bb95-f7efa7228c3e] File target/log.1 has been rolled over, but it was updated 164 millis ago, which is less than the configured Post-Rollover Tail Period (600000 ms), so will continue tailing
[pool-4560-thread-1] DEBUG org.apache.nifi.processors.standard.TailFile - TailFile[id=31ee7927-7ac7-40e1-bb95-f7efa7228c3e] File target/log.txt was rolled over and the Rollover Tail Period is set, so will not consume from new file during this iteration.
[pool-4561-thread-1] DEBUG org.apache.nifi.processors.standard.TailFile - TailFile[id=31ee7927-7ac7-40e1-bb95-f7efa7228c3e] Found rolled off file target/log.txt but its last modified timestamp is before the cutoff (Last Mod = 1714615812518, Cutoff = 1714615812522) so will not consume it
[pool-4561-thread-1] DEBUG org.apache.nifi.processors.standard.TailFile - TailFile[id=31ee7927-7ac7-40e1-bb95-f7efa7228c3e] Recovering Rolled Off Files; total number of files rolled off = 1
[pool-4561-thread-1] DEBUG org.apache.nifi.processors.standard.TailFile - TailFile[id=31ee7927-7ac7-40e1-bb95-f7efa7228c3e] Checksum for target/log.1 matched expected checksum. Will skip first 14 bytes
[pool-4561-thread-1] DEBUG org.apache.nifi.processors.standard.TailFile - TailFile[id=31ee7927-7ac7-40e1-bb95-f7efa7228c3e] Reading lines starting at position 14
[pool-4561-thread-1] DEBUG org.apache.nifi.processors.standard.TailFile - TailFile[id=31ee7927-7ac7-40e1-bb95-f7efa7228c3e] Read 0 lines; repositioning reader from 15 to 14
[pool-4561-thread-1] DEBUG org.apache.nifi.processors.standard.TailFile - TailFile[id=31ee7927-7ac7-40e1-bb95-f7efa7228c3e] File target/log.1 has been rolled over, but it was updated 166 millis ago, which is less than the configured Post-Rollover Tail Period (600000 ms), so will continue tailing
[pool-4561-thread-1] DEBUG org.apache.nifi.processors.standard.TailFile - TailFile[id=31ee7927-7ac7-40e1-bb95-f7efa7228c3e] File target/log.txt was rolled over and the Rollover Tail Period is set, so will not consume from new file during this iteration.
[pool-4562-thread-1] DEBUG org.apache.nifi.processors.standard.TailFile - TailFile[id=31ee7927-7ac7-40e1-bb95-f7efa7228c3e] Found rolled off file target/log.txt but its last modified timestamp is before the cutoff (Last Mod = 1714615812518, Cutoff = 1714615812522) so will not consume it
[pool-4562-thread-1] DEBUG org.apache.nifi.processors.standard.TailFile - TailFile[id=31ee7927-7ac7-40e1-bb95-f7efa7228c3e] Recovering Rolled Off Files; total number of files rolled off = 1
[pool-4562-thread-1] DEBUG org.apache.nifi.processors.standard.TailFile - TailFile[id=31ee7927-7ac7-40e1-bb95-f7efa7228c3e] Checksum for target/log.1 matched expected checksum. Will skip first 14 bytes
[pool-4562-thread-1] DEBUG org.apache.nifi.processors.standard.TailFile - TailFile[id=31ee7927-7ac7-40e1-bb95-f7efa7228c3e] Reading lines starting at position 14
[pool-4562-thread-1] DEBUG org.apache.nifi.processors.standard.TailFile - TailFile[id=31ee7927-7ac7-40e1-bb95-f7efa7228c3e] Read 0 lines; repositioning reader from 15 to 14
[pool-4562-thread-1] DEBUG org.apache.nifi.processors.standard.TailFile - TailFile[id=31ee7927-7ac7-40e1-bb95-f7efa7228c3e] File target/log.1 has been rolled over, but it was updated 168 millis ago, which is less than the configured Post-Rollover Tail Period (600000 ms), so will continue tailing
[pool-4562-thread-1] DEBUG org.apache.nifi.processors.standard.TailFile - TailFile[id=31ee7927-7ac7-40e1-bb95-f7efa7228c3e] File target/log.txt was rolled over and the Rollover Tail Period is set, so will not consume from new file during this iteration.
[pool-4563-thread-1] DEBUG org.apache.nifi.processors.standard.TailFile - TailFile[id=31ee7927-7ac7-40e1-bb95-f7efa7228c3e] Found rolled off file target/log.txt but its last modified timestamp is before the cutoff (Last Mod = 1714615812518, Cutoff = 1714615812522) so will not consume it
[pool-4563-thread-1] DEBUG org.apache.nifi.processors.standard.TailFile - TailFile[id=31ee7927-7ac7-40e1-bb95-f7efa7228c3e] Recovering Rolled Off Files; total number of files rolled off = 1
[pool-4563-thread-1] DEBUG org.apache.nifi.processors.standard.TailFile - TailFile[id=31ee7927-7ac7-40e1-bb95-f7efa7228c3e] Checksum for target/log.1 matched expected checksum. Will skip first 14 bytes
[pool-4563-thread-1] DEBUG org.apache.nifi.processors.standard.TailFile - TailFile[id=31ee7927-7ac7-40e1-bb95-f7efa7228c3e] Reading lines starting at position 14
[pool-4563-thread-1] DEBUG org.apache.nifi.processors.standard.TailFile - TailFile[id=31ee7927-7ac7-40e1-bb95-f7efa7228c3e] Read 0 lines; repositioning reader from 15 to 14
[pool-4563-thread-1] DEBUG org.apache.nifi.processors.standard.TailFile - TailFile[id=31ee7927-7ac7-40e1-bb95-f7efa7228c3e] File target/log.1 has been rolled over, but it was updated 170 millis ago, which is less than the configured Post-Rollover Tail Period (600000 ms), so will continue tailing
[pool-4563-thread-1] DEBUG org.apache.nifi.processors.standard.TailFile - TailFile[id=31ee7927-7ac7-40e1-bb95-f7efa7228c3e] File target/log.txt was rolled over and the Rollover Tail Period is set, so will not consume from new file during this iteration.
[pool-4564-thread-1] DEBUG org.apache.nifi.processors.standard.TailFile - TailFile[id=31ee7927-7ac7-40e1-bb95-f7efa7228c3e] Found rolled off file target/log.txt but its last modified timestamp is before the cutoff (Last Mod = 1714615812518, Cutoff = 1714615812522) so will not consume it
[pool-4564-thread-1] DEBUG org.apache.nifi.processors.standard.TailFile - TailFile[id=31ee7927-7ac7-40e1-bb95-f7efa7228c3e] Recovering Rolled Off Files; total number of files rolled off = 1
[pool-4564-thread-1] DEBUG org.apache.nifi.processors.standard.TailFile - TailFile[id=31ee7927-7ac7-40e1-bb95-f7efa7228c3e] Checksum for target/log.1 matched expected checksum. Will skip first 14 bytes
[pool-4564-thread-1] DEBUG org.apache.nifi.processors.standard.TailFile - TailFile[id=31ee7927-7ac7-40e1-bb95-f7efa7228c3e] Reading lines starting at position 14
[pool-4564-thread-1] DEBUG org.apache.nifi.processors.standard.TailFile - TailFile[id=31ee7927-7ac7-40e1-bb95-f7efa7228c3e] Read 0 lines; repositioning reader from 15 to 14
[pool-4564-thread-1] DEBUG org.apache.nifi.processors.standard.TailFile - TailFile[id=31ee7927-7ac7-40e1-bb95-f7efa7228c3e] File target/log.1 has been rolled over, but it was updated 172 millis ago, which is less than the configured Post-Rollover Tail Period (600000 ms), so will continue tailing
[pool-4564-thread-1] DEBUG org.apache.nifi.processors.standard.TailFile - TailFile[id=31ee7927-7ac7-40e1-bb95-f7efa7228c3e] File target/log.txt was rolled over and the Rollover Tail Period is set, so will not consume from new file during this iteration.
[pool-4565-thread-1] DEBUG org.apache.nifi.processors.standard.TailFile - TailFile[id=31ee7927-7ac7-40e1-bb95-f7efa7228c3e] Found rolled off file target/log.txt but its last modified timestamp is before the cutoff (Last Mod = 1714615812518, Cutoff = 1714615812522) so will not consume it
[pool-4565-thread-1] DEBUG org.apache.nifi.processors.standard.TailFile - TailFile[id=31ee7927-7ac7-40e1-bb95-f7efa7228c3e] Recovering Rolled Off Files; total number of files rolled off = 1
[pool-4565-thread-1] DEBUG org.apache.nifi.processors.standard.TailFile - TailFile[id=31ee7927-7ac7-40e1-bb95-f7efa7228c3e] Checksum for target/log.1 matched expected checksum. Will skip first 14 bytes
[pool-4565-thread-1] DEBUG org.apache.nifi.processors.standard.TailFile - TailFile[id=31ee7927-7ac7-40e1-bb95-f7efa7228c3e] Reading lines starting at position 14
[pool-4565-thread-1] DEBUG org.apache.nifi.processors.standard.TailFile - TailFile[id=31ee7927-7ac7-40e1-bb95-f7efa7228c3e] Read 0 lines; repositioning reader from 15 to 14
[pool-4565-thread-1] DEBUG org.apache.nifi.processors.standard.TailFile - TailFile[id=31ee7927-7ac7-40e1-bb95-f7efa7228c3e] File target/log.1 has been rolled over, but it was updated 174 millis ago, which is less than the configured Post-Rollover Tail Period (600000 ms), so will continue tailing
[pool-4565-thread-1] DEBUG org.apache.nifi.processors.standard.TailFile - TailFile[id=31ee7927-7ac7-40e1-bb95-f7efa7228c3e] File target/log.txt was rolled over and the Rollover Tail Period is set, so will not consume from new file during this iteration.
[pool-4566-thread-1] DEBUG org.apache.nifi.processors.standard.TailFile - TailFile[id=31ee7927-7ac7-40e1-bb95-f7efa7228c3e] Found rolled off file target/log.txt but its last modified timestamp is before the cutoff (Last Mod = 1714615812518, Cutoff = 1714615812522) so will not consume it
[pool-4566-thread-1] DEBUG org.apache.nifi.processors.standard.TailFile - TailFile[id=31ee7927-7ac7-40e1-bb95-f7efa7228c3e] Recovering Rolled Off Files; total number of files rolled off = 1
[pool-4566-thread-1] DEBUG org.apache.nifi.processors.standard.TailFile - TailFile[id=31ee7927-7ac7-40e1-bb95-f7efa7228c3e] Checksum for target/log.1 matched expected checksum. Will skip first 14 bytes
[pool-4566-thread-1] DEBUG org.apache.nifi.processors.standard.TailFile - TailFile[id=31ee7927-7ac7-40e1-bb95-f7efa7228c3e] Reading lines starting at position 14
[pool-4566-thread-1] DEBUG org.apache.nifi.processors.standard.TailFile - TailFile[id=31ee7927-7ac7-40e1-bb95-f7efa7228c3e] Read 0 lines; repositioning reader from 15 to 14
[pool-4566-thread-1] DEBUG org.apache.nifi.processors.standard.TailFile - TailFile[id=31ee7927-7ac7-40e1-bb95-f7efa7228c3e] File target/log.1 has been rolled over, but it was updated 176 millis ago, which is less than the configured Post-Rollover Tail Period (600000 ms), so will continue tailing
[pool-4566-thread-1] DEBUG org.apache.nifi.processors.standard.TailFile - TailFile[id=31ee7927-7ac7-40e1-bb95-f7efa7228c3e] File target/log.txt was rolled over and the Rollover Tail Period is set, so will not consume from new file during this iteration.
[pool-4567-thread-1] DEBUG org.apache.nifi.processors.standard.TailFile - TailFile[id=31ee7927-7ac7-40e1-bb95-f7efa7228c3e] Found rolled off file target/log.txt but its last modified timestamp is before the cutoff (Last Mod = 1714615812518, Cutoff = 1714615812522) so will not consume it
[pool-4567-thread-1] DEBUG org.apache.nifi.processors.standard.TailFile - TailFile[id=31ee7927-7ac7-40e1-bb95-f7efa7228c3e] Recovering Rolled Off Files; total number of files rolled off = 1
[pool-4567-thread-1] DEBUG org.apache.nifi.processors.standard.TailFile - TailFile[id=31ee7927-7ac7-40e1-bb95-f7efa7228c3e] Checksum for target/log.1 matched expected checksum. Will skip first 14 bytes
[pool-4567-thread-1] DEBUG org.apache.nifi.processors.standard.TailFile - TailFile[id=31ee7927-7ac7-40e1-bb95-f7efa7228c3e] Reading lines starting at position 14
[pool-4567-thread-1] DEBUG org.apache.nifi.processors.standard.TailFile - TailFile[id=31ee7927-7ac7-40e1-bb95-f7efa7228c3e] Read 0 lines; repositioning reader from 15 to 14
[pool-4567-thread-1] DEBUG org.apache.nifi.processors.standard.TailFile - TailFile[id=31ee7927-7ac7-40e1-bb95-f7efa7228c3e] File target/log.1 has been rolled over, but it was updated 177 millis ago, which is less than the configured Post-Rollover Tail Period (600000 ms), so will continue tailing
[pool-4567-thread-1] DEBUG org.apache.nifi.processors.standard.TailFile - TailFile[id=31ee7927-7ac7-40e1-bb95-f7efa7228c3e] File target/log.txt was rolled over and the Rollover Tail Period is set, so will not consume from new file during this iteration.
[pool-4568-thread-1] DEBUG org.apache.nifi.processors.standard.TailFile - TailFile[id=31ee7927-7ac7-40e1-bb95-f7efa7228c3e] Found rolled off file target/log.txt but its last modified timestamp is before the cutoff (Last Mod = 1714615812518, Cutoff = 1714615812522) so will not consume it
[pool-4568-thread-1] DEBUG org.apache.nifi.processors.standard.TailFile - TailFile[id=31ee7927-7ac7-40e1-bb95-f7efa7228c3e] Recovering Rolled Off Files; total number of files rolled off = 1
[pool-4568-thread-1] DEBUG org.apache.nifi.processors.standard.TailFile - TailFile[id=31ee7927-7ac7-40e1-bb95-f7efa7228c3e] Checksum for target/log.1 matched expected checksum. Will skip first 14 bytes
[pool-4568-thread-1] DEBUG org.apache.nifi.processors.standard.TailFile - TailFile[id=31ee7927-7ac7-40e1-bb95-f7efa7228c3e] Reading lines starting at position 14
[pool-4568-thread-1] DEBUG org.apache.nifi.processors.standard.TailFile - TailFile[id=31ee7927-7ac7-40e1-bb95-f7efa7228c3e] Read 0 lines; repositioning reader from 15 to 14
[pool-4568-thread-1] DEBUG org.apache.nifi.processors.standard.TailFile - TailFile[id=31ee7927-7ac7-40e1-bb95-f7efa7228c3e] File target/log.1 has been rolled over, but it was updated 179 millis ago, which is less than the configured Post-Rollover Tail Period (600000 ms), so will continue tailing
[pool-4568-thread-1] DEBUG org.apache.nifi.processors.standard.TailFile - TailFile[id=31ee7927-7ac7-40e1-bb95-f7efa7228c3e] File target/log.txt was rolled over and the Rollover Tail Period is set, so will not consume from new file during this iteration.
[pool-4569-thread-1] DEBUG org.apache.nifi.processors.standard.TailFile - TailFile[id=31ee7927-7ac7-40e1-bb95-f7efa7228c3e] Found rolled off file target/log.txt but its last modified timestamp is before the cutoff (Last Mod = 1714615812518, Cutoff = 1714615812522) so will not consume it
[pool-4569-thread-1] DEBUG org.apache.nifi.processors.standard.TailFile - TailFile[id=31ee7927-7ac7-40e1-bb95-f7efa7228c3e] Recovering Rolled Off Files; total number of files rolled off = 1
[pool-4569-thread-1] DEBUG org.apache.nifi.processors.standard.TailFile - TailFile[id=31ee7927-7ac7-40e1-bb95-f7efa7228c3e] Checksum for target/log.1 matched expected checksum. Will skip first 14 bytes
[pool-4569-thread-1] DEBUG org.apache.nifi.processors.standard.TailFile - TailFile[id=31ee7927-7ac7-40e1-bb95-f7efa7228c3e] Reading lines starting at position 14
[pool-4569-thread-1] DEBUG org.apache.nifi.processors.standard.TailFile - TailFile[id=31ee7927-7ac7-40e1-bb95-f7efa7228c3e] Read 0 lines; repositioning reader from 15 to 14
[pool-4569-thread-1] DEBUG org.apache.nifi.processors.standard.TailFile - TailFile[id=31ee7927-7ac7-40e1-bb95-f7efa7228c3e] File target/log.1 has been rolled over, but it was updated 181 millis ago, which is less than the configured Post-Rollover Tail Period (600000 ms), so will continue tailing
[pool-4569-thread-1] DEBUG org.apache.nifi.processors.standard.TailFile - TailFile[id=31ee7927-7ac7-40e1-bb95-f7efa7228c3e] File target/log.txt was rolled over and the Rollover Tail Period is set, so will not consume from new file during this iteration.
[pool-4570-thread-1] DEBUG org.apache.nifi.processors.standard.TailFile - TailFile[id=31ee7927-7ac7-40e1-bb95-f7efa7228c3e] Found rolled off file target/log.txt but its last modified timestamp is before the cutoff (Last Mod = 1714615812518, Cutoff = 1714615812522) so will not consume it
[pool-4570-thread-1] DEBUG org.apache.nifi.processors.standard.TailFile - TailFile[id=31ee7927-7ac7-40e1-bb95-f7efa7228c3e] Recovering Rolled Off Files; total number of files rolled off = 1
[pool-4570-thread-1] DEBUG org.apache.nifi.processors.standard.TailFile - TailFile[id=31ee7927-7ac7-40e1-bb95-f7efa7228c3e] Checksum for target/log.1 matched expected checksum. Will skip first 14 bytes
[pool-4570-thread-1] DEBUG org.apache.nifi.processors.standard.TailFile - TailFile[id=31ee7927-7ac7-40e1-bb95-f7efa7228c3e] Reading lines starting at position 14
[pool-4570-thread-1] DEBUG org.apache.nifi.processors.standard.TailFile - TailFile[id=31ee7927-7ac7-40e1-bb95-f7efa7228c3e] Read 0 lines; repositioning reader from 15 to 14
[pool-4570-thread-1] DEBUG org.apache.nifi.processors.standard.TailFile - TailFile[id=31ee7927-7ac7-40e1-bb95-f7efa7228c3e] File target/log.1 has been rolled over, but it was updated 183 millis ago, which is less than the configured Post-Rollover Tail Period (600000 ms), so will continue tailing
[pool-4570-thread-1] DEBUG org.apache.nifi.processors.standard.TailFile - TailFile[id=31ee7927-7ac7-40e1-bb95-f7efa7228c3e] File target/log.txt was rolled over and the Rollover Tail Period is set, so will not consume from new file during this iteration.
[pool-4571-thread-1] DEBUG org.apache.nifi.processors.standard.TailFile - TailFile[id=31ee7927-7ac7-40e1-bb95-f7efa7228c3e] Found rolled off file target/log.txt but its last modified timestamp is before the cutoff (Last Mod = 1714615812518, Cutoff = 1714615812522) so will not consume it
[pool-4571-thread-1] DEBUG org.apache.nifi.processors.standard.TailFile - TailFile[id=31ee7927-7ac7-40e1-bb95-f7efa7228c3e] Recovering Rolled Off Files; total number of files rolled off = 1
[pool-4571-thread-1] DEBUG org.apache.nifi.processors.standard.TailFile - TailFile[id=31ee7927-7ac7-40e1-bb95-f7efa7228c3e] Checksum for target/log.1 matched expected checksum. Will skip first 14 bytes
[pool-4571-thread-1] DEBUG org.apache.nifi.processors.standard.TailFile - TailFile[id=31ee7927-7ac7-40e1-bb95-f7efa7228c3e] Reading lines starting at position 14
[pool-4571-thread-1] DEBUG org.apache.nifi.processors.standard.TailFile - TailFile[id=31ee7927-7ac7-40e1-bb95-f7efa7228c3e] Read 0 lines; repositioning reader from 15 to 14
[pool-4571-thread-1] DEBUG org.apache.nifi.processors.standard.TailFile - TailFile[id=31ee7927-7ac7-40e1-bb95-f7efa7228c3e] File target/log.1 has been rolled over, but it was updated 185 millis ago, which is less than the configured Post-Rollover Tail Period (600000 ms), so will continue tailing
[pool-4571-thread-1] DEBUG org.apache.nifi.processors.standard.TailFile - TailFile[id=31ee7927-7ac7-40e1-bb95-f7efa7228c3e] File target/log.txt was rolled over and the Rollover Tail Period is set, so will not consume from new file during this iteration.
[pool-4572-thread-1] DEBUG org.apache.nifi.processors.standard.TailFile - TailFile[id=31ee7927-7ac7-40e1-bb95-f7efa7228c3e] Found rolled off file target/log.txt but its last modified timestamp is before the cutoff (Last Mod = 1714615812518, Cutoff = 1714615812522) so will not consume it
[pool-4572-thread-1] DEBUG org.apache.nifi.processors.standard.TailFile - TailFile[id=31ee7927-7ac7-40e1-bb95-f7efa7228c3e] Recovering Rolled Off Files; total number of files rolled off = 1
[pool-4572-thread-1] DEBUG org.apache.nifi.processors.standard.TailFile - TailFile[id=31ee7927-7ac7-40e1-bb95-f7efa7228c3e] Checksum for target/log.1 matched expected checksum. Will skip first 14 bytes
[pool-4572-thread-1] DEBUG org.apache.nifi.processors.standard.TailFile - TailFile[id=31ee7927-7ac7-40e1-bb95-f7efa7228c3e] Reading lines starting at position 14
[pool-4572-thread-1] DEBUG org.apache.nifi.processors.standard.TailFile - TailFile[id=31ee7927-7ac7-40e1-bb95-f7efa7228c3e] Read 0 lines; repositioning reader from 15 to 14
[pool-4572-thread-1] DEBUG org.apache.nifi.processors.standard.TailFile - TailFile[id=31ee7927-7ac7-40e1-bb95-f7efa7228c3e] File target/log.1 has been rolled over, but it was updated 187 millis ago, which is less than the configured Post-Rollover Tail Period (600000 ms), so will continue tailing
[pool-4572-thread-1] DEBUG org.apache.nifi.processors.standard.TailFile - TailFile[id=31ee7927-7ac7-40e1-bb95-f7efa7228c3e] File target/log.txt was rolled over and the Rollover Tail Period is set, so will not consume from new file during this iteration.
[pool-4573-thread-1] DEBUG org.apache.nifi.processors.standard.TailFile - TailFile[id=31ee7927-7ac7-40e1-bb95-f7efa7228c3e] Found rolled off file target/log.txt but its last modified timestamp is before the cutoff (Last Mod = 1714615812518, Cutoff = 1714615812522) so will not consume it
[pool-4573-thread-1] DEBUG org.apache.nifi.processors.standard.TailFile - TailFile[id=31ee7927-7ac7-40e1-bb95-f7efa7228c3e] Recovering Rolled Off Files; total number of files rolled off = 1
[pool-4573-thread-1] DEBUG org.apache.nifi.processors.standard.TailFile - TailFile[id=31ee7927-7ac7-40e1-bb95-f7efa7228c3e] Checksum for target/log.1 matched expected checksum. Will skip first 14 bytes
[pool-4573-thread-1] DEBUG org.apache.nifi.processors.standard.TailFile - TailFile[id=31ee7927-7ac7-40e1-bb95-f7efa7228c3e] Reading lines starting at position 14
[pool-4573-thread-1] DEBUG org.apache.nifi.processors.standard.TailFile - TailFile[id=31ee7927-7ac7-40e1-bb95-f7efa7228c3e] Read 0 lines; repositioning reader from 15 to 14
[pool-4573-thread-1] DEBUG org.apache.nifi.processors.standard.TailFile - TailFile[id=31ee7927-7ac7-40e1-bb95-f7efa7228c3e] File target/log.1 has been rolled over, but it was updated 188 millis ago, which is less than the configured Post-Rollover Tail Period (600000 ms), so will continue tailing
[pool-4573-thread-1] DEBUG org.apache.nifi.processors.standard.TailFile - TailFile[id=31ee7927-7ac7-40e1-bb95-f7efa7228c3e] File target/log.txt was rolled over and the Rollover Tail Period is set, so will not consume from new file during this iteration.
[pool-4574-thread-1] DEBUG org.apache.nifi.processors.standard.TailFile - TailFile[id=31ee7927-7ac7-40e1-bb95-f7efa7228c3e] Found rolled off file target/log.txt but its last modified timestamp is before the cutoff (Last Mod = 1714615812518, Cutoff = 1714615812522) so will not consume it
[pool-4574-thread-1] DEBUG org.apache.nifi.processors.standard.TailFile - TailFile[id=31ee7927-7ac7-40e1-bb95-f7efa7228c3e] Recovering Rolled Off Files; total number of files rolled off = 1
[pool-4574-thread-1] DEBUG org.apache.nifi.processors.standard.TailFile - TailFile[id=31ee7927-7ac7-40e1-bb95-f7efa7228c3e] Checksum for target/log.1 matched expected checksum. Will skip first 14 bytes
[pool-4574-thread-1] DEBUG org.apache.nifi.processors.standard.TailFile - TailFile[id=31ee7927-7ac7-40e1-bb95-f7efa7228c3e] Reading lines starting at position 14
[pool-4574-thread-1] DEBUG org.apache.nifi.processors.standard.TailFile - TailFile[id=31ee7927-7ac7-40e1-bb95-f7efa7228c3e] Read 0 lines; repositioning reader from 15 to 14
[pool-4574-thread-1] DEBUG org.apache.nifi.processors.standard.TailFile - TailFile[id=31ee7927-7ac7-40e1-bb95-f7efa7228c3e] File target/log.1 has been rolled over, but it was updated 190 millis ago, which is less than the configured Post-Rollover Tail Period (600000 ms), so will continue tailing
[pool-4574-thread-1] DEBUG org.apache.nifi.processors.standard.TailFile - TailFile[id=31ee7927-7ac7-40e1-bb95-f7efa7228c3e] File target/log.txt was rolled over and the Rollover Tail Period is set, so will not consume from new file during this iteration.
[pool-4575-thread-1] DEBUG org.apache.nifi.processors.standard.TailFile - TailFile[id=31ee7927-7ac7-40e1-bb95-f7efa7228c3e] Found rolled off file target/log.txt but its last modified timestamp is before the cutoff (Last Mod = 1714615812518, Cutoff = 1714615812522) so will not consume it
[pool-4575-thread-1] DEBUG org.apache.nifi.processors.standard.TailFile - TailFile[id=31ee7927-7ac7-40e1-bb95-f7efa7228c3e] Recovering Rolled Off Files; total number of files rolled off = 1
[pool-4575-thread-1] DEBUG org.apache.nifi.processors.standard.TailFile - TailFile[id=31ee7927-7ac7-40e1-bb95-f7efa7228c3e] Checksum for target/log.1 matched expected checksum. Will skip first 14 bytes
[pool-4575-thread-1] DEBUG org.apache.nifi.processors.standard.TailFile - TailFile[id=31ee7927-7ac7-40e1-bb95-f7efa7228c3e] Reading lines starting at position 14
[pool-4575-thread-1] DEBUG org.apache.nifi.processors.standard.TailFile - TailFile[id=31ee7927-7ac7-40e1-bb95-f7efa7228c3e] Read 0 lines; repositioning reader from 15 to 14
[pool-4575-thread-1] DEBUG org.apache.nifi.processors.standard.TailFile - TailFile[id=31ee7927-7ac7-40e1-bb95-f7efa7228c3e] File target/log.1 has been rolled over, but it was updated 192 millis ago, which is less than the configured Post-Rollover Tail Period (600000 ms), so will continue tailing
[pool-4575-thread-1] DEBUG org.apache.nifi.processors.standard.TailFile - TailFile[id=31ee7927-7ac7-40e1-bb95-f7efa7228c3e] File target/log.txt was rolled over and the Rollover Tail Period is set, so will not consume from new file during this iteration.
[pool-4576-thread-1] DEBUG org.apache.nifi.processors.standard.TailFile - TailFile[id=31ee7927-7ac7-40e1-bb95-f7efa7228c3e] Found rolled off file target/log.txt but its last modified timestamp is before the cutoff (Last Mod = 1714615812518, Cutoff = 1714615812522) so will not consume it
[pool-4576-thread-1] DEBUG org.apache.nifi.processors.standard.TailFile - TailFile[id=31ee7927-7ac7-40e1-bb95-f7efa7228c3e] Recovering Rolled Off Files; total number of files rolled off = 1
[pool-4576-thread-1] DEBUG org.apache.nifi.processors.standard.TailFile - TailFile[id=31ee7927-7ac7-40e1-bb95-f7efa7228c3e] Checksum for target/log.1 matched expected checksum. Will skip first 14 bytes
[pool-4576-thread-1] DEBUG org.apache.nifi.processors.standard.TailFile - TailFile[id=31ee7927-7ac7-40e1-bb95-f7efa7228c3e] Reading lines starting at position 14
[pool-4576-thread-1] DEBUG org.apache.nifi.processors.standard.TailFile - TailFile[id=31ee7927-7ac7-40e1-bb95-f7efa7228c3e] Read 0 lines; repositioning reader from 15 to 14
[pool-4576-thread-1] DEBUG org.apache.nifi.processors.standard.TailFile - TailFile[id=31ee7927-7ac7-40e1-bb95-f7efa7228c3e] File target/log.1 has been rolled over, but it was updated 194 millis ago, which is less than the configured Post-Rollover Tail Period (600000 ms), so will continue tailing
[pool-4576-thread-1] DEBUG org.apache.nifi.processors.standard.TailFile - TailFile[id=31ee7927-7ac7-40e1-bb95-f7efa7228c3e] File target/log.txt was rolled over and the Rollover Tail Period is set, so will not consume from new file during this iteration.
[pool-4577-thread-1] DEBUG org.apache.nifi.processors.standard.TailFile - TailFile[id=31ee7927-7ac7-40e1-bb95-f7efa7228c3e] Found rolled off file target/log.txt but its last modified timestamp is before the cutoff (Last Mod = 1714615812518, Cutoff = 1714615812522) so will not consume it
[pool-4577-thread-1] DEBUG org.apache.nifi.processors.standard.TailFile - TailFile[id=31ee7927-7ac7-40e1-bb95-f7efa7228c3e] Recovering Rolled Off Files; total number of files rolled off = 1
[pool-4577-thread-1] DEBUG org.apache.nifi.processors.standard.TailFile - TailFile[id=31ee7927-7ac7-40e1-bb95-f7efa7228c3e] Checksum for target/log.1 matched expected checksum. Will skip first 14 bytes
[pool-4577-thread-1] DEBUG org.apache.nifi.processors.standard.TailFile - TailFile[id=31ee7927-7ac7-40e1-bb95-f7efa7228c3e] Reading lines starting at position 14
[pool-4577-thread-1] DEBUG org.apache.nifi.processors.standard.TailFile - TailFile[id=31ee7927-7ac7-40e1-bb95-f7efa7228c3e] Read 0 lines; repositioning reader from 15 to 14
[pool-4577-thread-1] DEBUG org.apache.nifi.processors.standard.TailFile - TailFile[id=31ee7927-7ac7-40e1-bb95-f7efa7228c3e] File target/log.1 has been rolled over, but it was updated 196 millis ago, which is less than the configured Post-Rollover Tail Period (600000 ms), so will continue tailing
[pool-4577-thread-1] DEBUG org.apache.nifi.processors.standard.TailFile - TailFile[id=31ee7927-7ac7-40e1-bb95-f7efa7228c3e] File target/log.txt was rolled over and the Rollover Tail Period is set, so will not consume from new file during this iteration.
[pool-4578-thread-1] DEBUG org.apache.nifi.processors.standard.TailFile - TailFile[id=31ee7927-7ac7-40e1-bb95-f7efa7228c3e] Found rolled off file target/log.txt but its last modified timestamp is before the cutoff (Last Mod = 1714615812518, Cutoff = 1714615812522) so will not consume it
[pool-4578-thread-1] DEBUG org.apache.nifi.processors.standard.TailFile - TailFile[id=31ee7927-7ac7-40e1-bb95-f7efa7228c3e] Recovering Rolled Off Files; total number of files rolled off = 1
[pool-4578-thread-1] DEBUG org.apache.nifi.processors.standard.TailFile - TailFile[id=31ee7927-7ac7-40e1-bb95-f7efa7228c3e] Checksum for target/log.1 matched expected checksum. Will skip first 14 bytes
[pool-4578-thread-1] DEBUG org.apache.nifi.processors.standard.TailFile - TailFile[id=31ee7927-7ac7-40e1-bb95-f7efa7228c3e] Reading lines starting at position 14
[pool-4578-thread-1] DEBUG org.apache.nifi.processors.standard.TailFile - TailFile[id=31ee7927-7ac7-40e1-bb95-f7efa7228c3e] Read 0 lines; repositioning reader from 15 to 14
[pool-4578-thread-1] DEBUG org.apache.nifi.processors.standard.TailFile - TailFile[id=31ee7927-7ac7-40e1-bb95-f7efa7228c3e] File target/log.1 has been rolled over, but it was updated 198 millis ago, which is less than the configured Post-Rollover Tail Period (600000 ms), so will continue tailing
[pool-4578-thread-1] DEBUG org.apache.nifi.processors.standard.TailFile - TailFile[id=31ee7927-7ac7-40e1-bb95-f7efa7228c3e] File target/log.txt was rolled over and the Rollover Tail Period is set, so will not consume from new file during this iteration.
[pool-4579-thread-1] DEBUG org.apache.nifi.processors.standard.TailFile - TailFile[id=31ee7927-7ac7-40e1-bb95-f7efa7228c3e] Found rolled off file target/log.txt but its last modified timestamp is before the cutoff (Last Mod = 1714615812518, Cutoff = 1714615812522) so will not consume it
[pool-4579-thread-1] DEBUG org.apache.nifi.processors.standard.TailFile - TailFile[id=31ee7927-7ac7-40e1-bb95-f7efa7228c3e] Recovering Rolled Off Files; total number of files rolled off = 1
[pool-4579-thread-1] DEBUG org.apache.nifi.processors.standard.TailFile - TailFile[id=31ee7927-7ac7-40e1-bb95-f7efa7228c3e] Checksum for target/log.1 matched expected checksum. Will skip first 14 bytes
[pool-4579-thread-1] DEBUG org.apache.nifi.processors.standard.TailFile - TailFile[id=31ee7927-7ac7-40e1-bb95-f7efa7228c3e] Reading lines starting at position 14
[pool-4579-thread-1] DEBUG org.apache.nifi.processors.standard.TailFile - TailFile[id=31ee7927-7ac7-40e1-bb95-f7efa7228c3e] Read 0 lines; repositioning reader from 15 to 14
[pool-4579-thread-1] DEBUG org.apache.nifi.processors.standard.TailFile - TailFile[id=31ee7927-7ac7-40e1-bb95-f7efa7228c3e] File target/log.1 has been rolled over, but it was updated 200 millis ago, which is less than the configured Post-Rollover Tail Period (600000 ms), so will continue tailing
[pool-4579-thread-1] DEBUG org.apache.nifi.processors.standard.TailFile - TailFile[id=31ee7927-7ac7-40e1-bb95-f7efa7228c3e] File target/log.txt was rolled over and the Rollover Tail Period is set, so will not consume from new file during this iteration.
[pool-4580-thread-1] DEBUG org.apache.nifi.processors.standard.TailFile - TailFile[id=31ee7927-7ac7-40e1-bb95-f7efa7228c3e] Found rolled off file target/log.txt but its last modified timestamp is before the cutoff (Last Mod = 1714615812518, Cutoff = 1714615812522) so will not consume it
[pool-4580-thread-1] DEBUG org.apache.nifi.processors.standard.TailFile - TailFile[id=31ee7927-7ac7-40e1-bb95-f7efa7228c3e] Recovering Rolled Off Files; total number of files rolled off = 1
[pool-4580-thread-1] DEBUG org.apache.nifi.processors.standard.TailFile - TailFile[id=31ee7927-7ac7-40e1-bb95-f7efa7228c3e] Checksum for target/log.1 matched expected checksum. Will skip first 14 bytes
[pool-4580-thread-1] DEBUG org.apache.nifi.processors.standard.TailFile - TailFile[id=31ee7927-7ac7-40e1-bb95-f7efa7228c3e] Reading lines starting at position 14
[pool-4580-thread-1] DEBUG org.apache.nifi.processors.standard.TailFile - TailFile[id=31ee7927-7ac7-40e1-bb95-f7efa7228c3e] Read 0 lines; repositioning reader from 15 to 14
[pool-4580-thread-1] DEBUG org.apache.nifi.processors.standard.TailFile - TailFile[id=31ee7927-7ac7-40e1-bb95-f7efa7228c3e] File target/log.1 has been rolled over, but it was updated 202 millis ago, which is less than the configured Post-Rollover Tail Period (600000 ms), so will continue tailing
[pool-4580-thread-1] DEBUG org.apache.nifi.processors.standard.TailFile - TailFile[id=31ee7927-7ac7-40e1-bb95-f7efa7228c3e] File target/log.txt was rolled over and the Rollover Tail Period is set, so will not consume from new file during this iteration.
[pool-4581-thread-1] DEBUG org.apache.nifi.processors.standard.TailFile - TailFile[id=31ee7927-7ac7-40e1-bb95-f7efa7228c3e] Found rolled off file target/log.txt but its last modified timestamp is before the cutoff (Last Mod = 1714615812518, Cutoff = 1714615812522) so will not consume it
[pool-4581-thread-1] DEBUG org.apache.nifi.processors.standard.TailFile - TailFile[id=31ee7927-7ac7-40e1-bb95-f7efa7228c3e] Recovering Rolled Off Files; total number of files rolled off = 1
[pool-4581-thread-1] DEBUG org.apache.nifi.processors.standard.TailFile - TailFile[id=31ee7927-7ac7-40e1-bb95-f7efa7228c3e] Checksum for target/log.1 matched expected checksum. Will skip first 14 bytes
[pool-4581-thread-1] DEBUG org.apache.nifi.processors.standard.TailFile - TailFile[id=31ee7927-7ac7-40e1-bb95-f7efa7228c3e] Reading lines starting at position 14
[pool-4581-thread-1] DEBUG org.apache.nifi.processors.standard.TailFile - TailFile[id=31ee7927-7ac7-40e1-bb95-f7efa7228c3e] Read 0 lines; repositioning reader from 15 to 14
[pool-4581-thread-1] DEBUG org.apache.nifi.processors.standard.TailFile - TailFile[id=31ee7927-7ac7-40e1-bb95-f7efa7228c3e] File target/log.1 has been rolled over, but it was updated 204 millis ago, which is less than the configured Post-Rollover Tail Period (600000 ms), so will continue tailing
[pool-4581-thread-1] DEBUG org.apache.nifi.processors.standard.TailFile - TailFile[id=31ee7927-7ac7-40e1-bb95-f7efa7228c3e] File target/log.txt was rolled over and the Rollover Tail Period is set, so will not consume from new file during this iteration.
[pool-4582-thread-1] DEBUG org.apache.nifi.processors.standard.TailFile - TailFile[id=31ee7927-7ac7-40e1-bb95-f7efa7228c3e] Found rolled off file target/log.txt but its last modified timestamp is before the cutoff (Last Mod = 1714615812518, Cutoff = 1714615812522) so will not consume it
[pool-4582-thread-1] DEBUG org.apache.nifi.processors.standard.TailFile - TailFile[id=31ee7927-7ac7-40e1-bb95-f7efa7228c3e] Recovering Rolled Off Files; total number of files rolled off = 1
[pool-4582-thread-1] DEBUG org.apache.nifi.processors.standard.TailFile - TailFile[id=31ee7927-7ac7-40e1-bb95-f7efa7228c3e] Checksum for target/log.1 matched expected checksum. Will skip first 14 bytes
[pool-4582-thread-1] DEBUG org.apache.nifi.processors.standard.TailFile - TailFile[id=31ee7927-7ac7-40e1-bb95-f7efa7228c3e] Reading lines starting at position 14
[pool-4582-thread-1] DEBUG org.apache.nifi.processors.standard.TailFile - TailFile[id=31ee7927-7ac7-40e1-bb95-f7efa7228c3e] Read 0 lines; repositioning reader from 15 to 14
[pool-4582-thread-1] DEBUG org.apache.nifi.processors.standard.TailFile - TailFile[id=31ee7927-7ac7-40e1-bb95-f7efa7228c3e] File target/log.1 has been rolled over, but it was updated 206 millis ago, which is less than the configured Post-Rollover Tail Period (600000 ms), so will continue tailing
[pool-4582-thread-1] DEBUG org.apache.nifi.processors.standard.TailFile - TailFile[id=31ee7927-7ac7-40e1-bb95-f7efa7228c3e] File target/log.txt was rolled over and the Rollover Tail Period is set, so will not consume from new file during this iteration.
[pool-4583-thread-1] DEBUG org.apache.nifi.processors.standard.TailFile - TailFile[id=31ee7927-7ac7-40e1-bb95-f7efa7228c3e] Found rolled off file target/log.txt but its last modified timestamp is before the cutoff (Last Mod = 1714615812518, Cutoff = 1714615812522) so will not consume it
[pool-4583-thread-1] DEBUG org.apache.nifi.processors.standard.TailFile - TailFile[id=31ee7927-7ac7-40e1-bb95-f7efa7228c3e] Recovering Rolled Off Files; total number of files rolled off = 1
[pool-4583-thread-1] DEBUG org.apache.nifi.processors.standard.TailFile - TailFile[id=31ee7927-7ac7-40e1-bb95-f7efa7228c3e] Checksum for target/log.1 matched expected checksum. Will skip first 14 bytes
[pool-4583-thread-1] DEBUG org.apache.nifi.processors.standard.TailFile - TailFile[id=31ee7927-7ac7-40e1-bb95-f7efa7228c3e] Reading lines starting at position 14
[pool-4583-thread-1] DEBUG org.apache.nifi.processors.standard.TailFile - TailFile[id=31ee7927-7ac7-40e1-bb95-f7efa7228c3e] Read 0 lines; repositioning reader from 15 to 14
[pool-4583-thread-1] DEBUG org.apache.nifi.processors.standard.TailFile - TailFile[id=31ee7927-7ac7-40e1-bb95-f7efa7228c3e] File target/log.1 has been rolled over, but it was updated 207 millis ago, which is less than the configured Post-Rollover Tail Period (600000 ms), so will continue tailing
[pool-4583-thread-1] DEBUG org.apache.nifi.processors.standard.TailFile - TailFile[id=31ee7927-7ac7-40e1-bb95-f7efa7228c3e] File target/log.txt was rolled over and the Rollover Tail Period is set, so will not consume from new file during this iteration.
[pool-4584-thread-1] DEBUG org.apache.nifi.processors.standard.TailFile - TailFile[id=31ee7927-7ac7-40e1-bb95-f7efa7228c3e] Found rolled off file target/log.txt but its last modified timestamp is before the cutoff (Last Mod = 1714615812518, Cutoff = 1714615812522) so will not consume it
[pool-4584-thread-1] DEBUG org.apache.nifi.processors.standard.TailFile - TailFile[id=31ee7927-7ac7-40e1-bb95-f7efa7228c3e] Found rolled off file target/log.1 but its last modified timestamp is before the cutoff (Last Mod = 500, Cutoff = 1714615812522) so will not consume it
[pool-4584-thread-1] DEBUG org.apache.nifi.processors.standard.TailFile - TailFile[id=31ee7927-7ac7-40e1-bb95-f7efa7228c3e] Recovering Rolled Off Files; total number of files rolled off = 0
[pool-4584-thread-1] DEBUG org.apache.nifi.processors.standard.TailFile - TailFile[id=31ee7927-7ac7-40e1-bb95-f7efa7228c3e] Checksum for target/log.1 matched expected checksum. Will skip first 14 bytes
[pool-4584-thread-1] DEBUG org.apache.nifi.processors.standard.TailFile - TailFile[id=31ee7927-7ac7-40e1-bb95-f7efa7228c3e] Reading lines starting at position 14
[pool-4584-thread-1] TRACE org.apache.nifi.processors.standard.TailFile - TailFile[id=31ee7927-7ac7-40e1-bb95-f7efa7228c3e] Checksum updated to 1223008368
[pool-4584-thread-1] TRACE org.apache.nifi.processors.standard.TailFile - TailFile[id=31ee7927-7ac7-40e1-bb95-f7efa7228c3e] Checksum updated to 3240530555
[pool-4584-thread-1] DEBUG org.apache.nifi.processors.standard.TailFile - TailFile[id=31ee7927-7ac7-40e1-bb95-f7efa7228c3e] Created FlowFile[106,log.1,1B] from rolled over file target/log.1 and routed to success
[pool-4584-thread-1] DEBUG org.apache.nifi.processors.standard.TailFile - TailFile[id=31ee7927-7ac7-40e1-bb95-f7efa7228c3e] Completed tailing of file target/log.txt; will cleanup state
[pool-4584-thread-1] DEBUG org.apache.nifi.processors.standard.TailFile - TailFile[id=31ee7927-7ac7-40e1-bb95-f7efa7228c3e] Closed FileChannel sun.nio.ch.FileChannelImpl@2c5eccf6
[pool-4584-thread-1] DEBUG org.apache.nifi.processors.standard.TailFile - TailFile[id=31ee7927-7ac7-40e1-bb95-f7efa7228c3e] Consumed the final data from target/log.1
[pool-4584-thread-1] DEBUG org.apache.nifi.processors.standard.TailFile - TailFile[id=31ee7927-7ac7-40e1-bb95-f7efa7228c3e] Created FileChannel sun.nio.ch.FileChannelImpl@28615da5 for target/log.txt
[pool-4584-thread-1] DEBUG org.apache.nifi.processors.standard.TailFile - TailFile[id=31ee7927-7ac7-40e1-bb95-f7efa7228c3e] Rotated = true because TailFileState Length = 15, File Length = 9
[pool-4584-thread-1] DEBUG org.apache.nifi.processors.standard.TailFile - TailFile[id=31ee7927-7ac7-40e1-bb95-f7efa7228c3e] Closed FileChannel sun.nio.ch.FileChannelImpl@28615da5
[pool-4584-thread-1] DEBUG org.apache.nifi.processors.standard.TailFile - TailFile[id=31ee7927-7ac7-40e1-bb95-f7efa7228c3e] Created FileChannel sun.nio.ch.FileChannelImpl@6d63c6cd for target/log.txt
[pool-4584-thread-1] DEBUG org.apache.nifi.processors.standard.TailFile - TailFile[id=31ee7927-7ac7-40e1-bb95-f7efa7228c3e] Reading lines starting at position 0
[pool-4584-thread-1] TRACE org.apache.nifi.processors.standard.TailFile - TailFile[id=31ee7927-7ac7-40e1-bb95-f7efa7228c3e] Checksum updated to 755922184
[pool-4584-thread-1] DEBUG org.apache.nifi.processors.standard.TailFile - TailFile[id=31ee7927-7ac7-40e1-bb95-f7efa7228c3e] Created FlowFile[107,log.0-9.txt,9B] and routed to success
[main] DEBUG org.apache.nifi.processors.standard.TailFile - TailFile[id=31ee7927-7ac7-40e1-bb95-f7efa7228c3e] Closed FileChannel sun.nio.ch.FileChannelImpl@6d63c6cd
]]></system-err>
  </testcase>
  <testcase name="testMultipleFilesChangingNameStrategy" classname="org.apache.nifi.processors.standard.TestTailFile" time="4.008">
    <system-err><![CDATA[[pool-4585-thread-1] DEBUG org.apache.nifi.processors.standard.TailFile - TailFile[id=7da4887f-e931-46af-b2cc-23f67fa60605] Created FileChannel sun.nio.ch.FileChannelImpl@305d26c0 for target/my-app-2016-09-07.log
[pool-4585-thread-1] DEBUG org.apache.nifi.processors.standard.TailFile - TailFile[id=7da4887f-e931-46af-b2cc-23f67fa60605] Reading lines starting at position 0
[pool-4585-thread-1] TRACE org.apache.nifi.processors.standard.TailFile - TailFile[id=7da4887f-e931-46af-b2cc-23f67fa60605] Checksum updated to 909783072
[pool-4585-thread-1] DEBUG org.apache.nifi.processors.standard.TailFile - TailFile[id=7da4887f-e931-46af-b2cc-23f67fa60605] Created FlowFile[0,my-app-2016-09-07.0-6.log,6B] and routed to success
[pool-4585-thread-1] DEBUG org.apache.nifi.processors.standard.TailFile - TailFile[id=7da4887f-e931-46af-b2cc-23f67fa60605] Closed FileChannel sun.nio.ch.FileChannelImpl@305d26c0
[pool-4585-thread-1] DEBUG org.apache.nifi.processors.standard.TailFile - TailFile[id=7da4887f-e931-46af-b2cc-23f67fa60605] Created FileChannel sun.nio.ch.FileChannelImpl@3462b413 for target/app-2016-09-07.log
[pool-4585-thread-1] DEBUG org.apache.nifi.processors.standard.TailFile - TailFile[id=7da4887f-e931-46af-b2cc-23f67fa60605] Reading lines starting at position 0
[pool-4585-thread-1] TRACE org.apache.nifi.processors.standard.TailFile - TailFile[id=7da4887f-e931-46af-b2cc-23f67fa60605] Checksum updated to 2413961882
[pool-4585-thread-1] DEBUG org.apache.nifi.processors.standard.TailFile - TailFile[id=7da4887f-e931-46af-b2cc-23f67fa60605] Created FlowFile[1,app-2016-09-07.0-4.log,4B] and routed to success
[main] DEBUG org.apache.nifi.processors.standard.TailFile - TailFile[id=7da4887f-e931-46af-b2cc-23f67fa60605] When recovering state, checksum of tailed file matches the stored checksum. Will resume where left off.
[main] DEBUG org.apache.nifi.processors.standard.TailFile - TailFile[id=7da4887f-e931-46af-b2cc-23f67fa60605] Created FileChannel sun.nio.ch.FileChannelImpl@3fc13f2e for target/app-2016-09-07.log in recoverState
[main] DEBUG org.apache.nifi.processors.standard.TailFile - TailFile[id=7da4887f-e931-46af-b2cc-23f67fa60605] Recovered state TailFileState[filename=target/app-2016-09-07.log, position=4, timestamp=1714615812730, checksum=2413961882, tailingPostRollover=false]
[main] DEBUG org.apache.nifi.processors.standard.TailFile - TailFile[id=7da4887f-e931-46af-b2cc-23f67fa60605] When recovering state, checksum of tailed file matches the stored checksum. Will resume where left off.
[main] DEBUG org.apache.nifi.processors.standard.TailFile - TailFile[id=7da4887f-e931-46af-b2cc-23f67fa60605] Created FileChannel sun.nio.ch.FileChannelImpl@6868ef6e for target/my-app-2016-09-07.log in recoverState
[main] DEBUG org.apache.nifi.processors.standard.TailFile - TailFile[id=7da4887f-e931-46af-b2cc-23f67fa60605] Recovered state TailFileState[filename=target/my-app-2016-09-07.log, position=6, timestamp=1714615812730, checksum=909783072, tailingPostRollover=false]
[pool-4586-thread-1] DEBUG org.apache.nifi.processors.standard.TailFile - TailFile[id=7da4887f-e931-46af-b2cc-23f67fa60605] Recovering Rolled Off Files; total number of files rolled off = 0
[pool-4586-thread-1] DEBUG org.apache.nifi.processors.standard.TailFile - TailFile[id=7da4887f-e931-46af-b2cc-23f67fa60605] Reading lines starting at position 6
[pool-4586-thread-1] TRACE org.apache.nifi.processors.standard.TailFile - TailFile[id=7da4887f-e931-46af-b2cc-23f67fa60605] Checksum updated to 3943078395
[pool-4586-thread-1] DEBUG org.apache.nifi.processors.standard.TailFile - TailFile[id=7da4887f-e931-46af-b2cc-23f67fa60605] Created FlowFile[2,my-app-2016-09-07.6-13.log,7B] and routed to success
[pool-4586-thread-1] DEBUG org.apache.nifi.processors.standard.TailFile - TailFile[id=7da4887f-e931-46af-b2cc-23f67fa60605] Recovering Rolled Off Files; total number of files rolled off = 0
[pool-4586-thread-1] DEBUG org.apache.nifi.processors.standard.TailFile - TailFile[id=7da4887f-e931-46af-b2cc-23f67fa60605] Reading lines starting at position 4
[pool-4586-thread-1] TRACE org.apache.nifi.processors.standard.TailFile - TailFile[id=7da4887f-e931-46af-b2cc-23f67fa60605] Checksum updated to 3001940574
[pool-4586-thread-1] DEBUG org.apache.nifi.processors.standard.TailFile - TailFile[id=7da4887f-e931-46af-b2cc-23f67fa60605] Created FlowFile[3,app-2016-09-07.4-9.log,5B] and routed to success
[main] DEBUG org.apache.nifi.processors.standard.TailFile - TailFile[id=7da4887f-e931-46af-b2cc-23f67fa60605] When recovering state, checksum of tailed file matches the stored checksum. Will resume where left off.
[main] DEBUG org.apache.nifi.processors.standard.TailFile - TailFile[id=7da4887f-e931-46af-b2cc-23f67fa60605] Created FileChannel sun.nio.ch.FileChannelImpl@1e769231 for target/app-2016-09-07.log in recoverState
[main] DEBUG org.apache.nifi.processors.standard.TailFile - TailFile[id=7da4887f-e931-46af-b2cc-23f67fa60605] Recovered state TailFileState[filename=target/app-2016-09-07.log, position=9, timestamp=1714615812730, checksum=3001940574, tailingPostRollover=false]
[main] DEBUG org.apache.nifi.processors.standard.TailFile - TailFile[id=7da4887f-e931-46af-b2cc-23f67fa60605] When recovering state, checksum of tailed file matches the stored checksum. Will resume where left off.
[main] DEBUG org.apache.nifi.processors.standard.TailFile - TailFile[id=7da4887f-e931-46af-b2cc-23f67fa60605] Created FileChannel sun.nio.ch.FileChannelImpl@548caff7 for target/my-app-2016-09-07.log in recoverState
[main] DEBUG org.apache.nifi.processors.standard.TailFile - TailFile[id=7da4887f-e931-46af-b2cc-23f67fa60605] Recovered state TailFileState[filename=target/my-app-2016-09-07.log, position=13, timestamp=1714615812730, checksum=3943078395, tailingPostRollover=false]
[pool-4587-thread-1] DEBUG org.apache.nifi.processors.standard.TailFile - TailFile[id=7da4887f-e931-46af-b2cc-23f67fa60605] Recovering Rolled Off Files; total number of files rolled off = 0
[pool-4587-thread-1] DEBUG org.apache.nifi.processors.standard.TailFile - TailFile[id=7da4887f-e931-46af-b2cc-23f67fa60605] Reading lines starting at position 13
[pool-4587-thread-1] TRACE org.apache.nifi.processors.standard.TailFile - TailFile[id=7da4887f-e931-46af-b2cc-23f67fa60605] Checksum updated to 3576007648
[pool-4587-thread-1] DEBUG org.apache.nifi.processors.standard.TailFile - TailFile[id=7da4887f-e931-46af-b2cc-23f67fa60605] Created FlowFile[4,my-app-2016-09-07.13-20.log,7B] and routed to success
[pool-4587-thread-1] DEBUG org.apache.nifi.processors.standard.TailFile - TailFile[id=7da4887f-e931-46af-b2cc-23f67fa60605] Closed FileChannel sun.nio.ch.FileChannelImpl@548caff7
[pool-4587-thread-1] DEBUG org.apache.nifi.processors.standard.TailFile - TailFile[id=7da4887f-e931-46af-b2cc-23f67fa60605] Closed FileChannel sun.nio.ch.FileChannelImpl@1e769231
[pool-4587-thread-1] DEBUG org.apache.nifi.processors.standard.TailFile - TailFile[id=7da4887f-e931-46af-b2cc-23f67fa60605] Created FileChannel sun.nio.ch.FileChannelImpl@68dbd11a for target/my-app-2016-09-08.log
[pool-4587-thread-1] DEBUG org.apache.nifi.processors.standard.TailFile - TailFile[id=7da4887f-e931-46af-b2cc-23f67fa60605] Reading lines starting at position 0
[pool-4587-thread-1] TRACE org.apache.nifi.processors.standard.TailFile - TailFile[id=7da4887f-e931-46af-b2cc-23f67fa60605] Checksum updated to 909783072
[pool-4587-thread-1] DEBUG org.apache.nifi.processors.standard.TailFile - TailFile[id=7da4887f-e931-46af-b2cc-23f67fa60605] Created FlowFile[5,my-app-2016-09-08.0-6.log,6B] and routed to success
[pool-4587-thread-1] DEBUG org.apache.nifi.processors.standard.TailFile - TailFile[id=7da4887f-e931-46af-b2cc-23f67fa60605] Recovering Rolled Off Files; total number of files rolled off = 0
[pool-4587-thread-1] DEBUG org.apache.nifi.processors.standard.TailFile - TailFile[id=7da4887f-e931-46af-b2cc-23f67fa60605] Created FileChannel sun.nio.ch.FileChannelImpl@6ce448d9 for target/app-2016-09-07.log
[pool-4587-thread-1] DEBUG org.apache.nifi.processors.standard.TailFile - TailFile[id=7da4887f-e931-46af-b2cc-23f67fa60605] Reading lines starting at position 9
[pool-4587-thread-1] TRACE org.apache.nifi.processors.standard.TailFile - TailFile[id=7da4887f-e931-46af-b2cc-23f67fa60605] Checksum updated to 892804081
[pool-4587-thread-1] DEBUG org.apache.nifi.processors.standard.TailFile - TailFile[id=7da4887f-e931-46af-b2cc-23f67fa60605] Created FlowFile[6,app-2016-09-07.9-14.log,5B] and routed to success
[pool-4587-thread-1] DEBUG org.apache.nifi.processors.standard.TailFile - TailFile[id=7da4887f-e931-46af-b2cc-23f67fa60605] Closed FileChannel sun.nio.ch.FileChannelImpl@68dbd11a
[pool-4587-thread-1] DEBUG org.apache.nifi.processors.standard.TailFile - TailFile[id=7da4887f-e931-46af-b2cc-23f67fa60605] Closed FileChannel sun.nio.ch.FileChannelImpl@6ce448d9
[pool-4587-thread-1] DEBUG org.apache.nifi.processors.standard.TailFile - TailFile[id=7da4887f-e931-46af-b2cc-23f67fa60605] Created FileChannel sun.nio.ch.FileChannelImpl@29e6db21 for target/app-2016-09-08.log
[pool-4587-thread-1] DEBUG org.apache.nifi.processors.standard.TailFile - TailFile[id=7da4887f-e931-46af-b2cc-23f67fa60605] Reading lines starting at position 0
[pool-4587-thread-1] TRACE org.apache.nifi.processors.standard.TailFile - TailFile[id=7da4887f-e931-46af-b2cc-23f67fa60605] Checksum updated to 2413961882
[pool-4587-thread-1] DEBUG org.apache.nifi.processors.standard.TailFile - TailFile[id=7da4887f-e931-46af-b2cc-23f67fa60605] Created FlowFile[7,app-2016-09-08.0-4.log,4B] and routed to success
[main] DEBUG org.apache.nifi.processors.standard.TailFile - TailFile[id=7da4887f-e931-46af-b2cc-23f67fa60605] Closed FileChannel sun.nio.ch.FileChannelImpl@29e6db21
]]></system-err>
  </testcase>
  <testcase name="testMultipleFiles" classname="org.apache.nifi.processors.standard.TestTailFile" time="0.168">
    <system-err><![CDATA[[pool-4588-thread-1] DEBUG org.apache.nifi.processors.standard.TailFile - TailFile[id=b80fcb95-c6cf-441a-9c30-664f9358748a] Created FileChannel sun.nio.ch.FileChannelImpl@6bf97be0 for target/testDir/log.txt
[pool-4588-thread-1] DEBUG org.apache.nifi.processors.standard.TailFile - TailFile[id=b80fcb95-c6cf-441a-9c30-664f9358748a] No data to consume; created no FlowFiles
[pool-4588-thread-1] DEBUG org.apache.nifi.processors.standard.TailFile - TailFile[id=b80fcb95-c6cf-441a-9c30-664f9358748a] Closed FileChannel sun.nio.ch.FileChannelImpl@6bf97be0
[pool-4588-thread-1] DEBUG org.apache.nifi.processors.standard.TailFile - TailFile[id=b80fcb95-c6cf-441a-9c30-664f9358748a] Created FileChannel sun.nio.ch.FileChannelImpl@6fc6f247 for target/log.txt
[pool-4588-thread-1] DEBUG org.apache.nifi.processors.standard.TailFile - TailFile[id=b80fcb95-c6cf-441a-9c30-664f9358748a] No data to consume; created no FlowFiles
[main] DEBUG org.apache.nifi.processors.standard.TailFile - TailFile[id=b80fcb95-c6cf-441a-9c30-664f9358748a] Closed FileChannel sun.nio.ch.FileChannelImpl@6fc6f247
[main] DEBUG org.apache.nifi.processors.standard.TailFile - TailFile[id=b80fcb95-c6cf-441a-9c30-664f9358748a] When recovering state, checksum of tailed file matches the stored checksum. Will resume where left off.
[main] DEBUG org.apache.nifi.processors.standard.TailFile - TailFile[id=b80fcb95-c6cf-441a-9c30-664f9358748a] Created FileChannel sun.nio.ch.FileChannelImpl@fab577f for target/log.txt in recoverState
[main] DEBUG org.apache.nifi.processors.standard.TailFile - TailFile[id=b80fcb95-c6cf-441a-9c30-664f9358748a] Recovered state TailFileState[filename=target/log.txt, position=0, timestamp=0, checksum=0, tailingPostRollover=false]
[main] DEBUG org.apache.nifi.processors.standard.TailFile - TailFile[id=b80fcb95-c6cf-441a-9c30-664f9358748a] When recovering state, checksum of tailed file matches the stored checksum. Will resume where left off.
[main] DEBUG org.apache.nifi.processors.standard.TailFile - TailFile[id=b80fcb95-c6cf-441a-9c30-664f9358748a] Created FileChannel sun.nio.ch.FileChannelImpl@6369438b for target/testDir/log.txt in recoverState
[main] DEBUG org.apache.nifi.processors.standard.TailFile - TailFile[id=b80fcb95-c6cf-441a-9c30-664f9358748a] Recovered state TailFileState[filename=target/testDir/log.txt, position=0, timestamp=0, checksum=0, tailingPostRollover=false]
[pool-4589-thread-1] DEBUG org.apache.nifi.processors.standard.TailFile - TailFile[id=b80fcb95-c6cf-441a-9c30-664f9358748a] Closed FileChannel sun.nio.ch.FileChannelImpl@6369438b
[pool-4589-thread-1] DEBUG org.apache.nifi.processors.standard.TailFile - TailFile[id=b80fcb95-c6cf-441a-9c30-664f9358748a] Closed FileChannel sun.nio.ch.FileChannelImpl@fab577f
[pool-4589-thread-1] DEBUG org.apache.nifi.processors.standard.TailFile - TailFile[id=b80fcb95-c6cf-441a-9c30-664f9358748a] Created FileChannel sun.nio.ch.FileChannelImpl@797c1d81 for target/logging.txt
[pool-4589-thread-1] DEBUG org.apache.nifi.processors.standard.TailFile - TailFile[id=b80fcb95-c6cf-441a-9c30-664f9358748a] Reading lines starting at position 0
[pool-4589-thread-1] TRACE org.apache.nifi.processors.standard.TailFile - TailFile[id=b80fcb95-c6cf-441a-9c30-664f9358748a] Checksum updated to 2413961882
[pool-4589-thread-1] DEBUG org.apache.nifi.processors.standard.TailFile - TailFile[id=b80fcb95-c6cf-441a-9c30-664f9358748a] Created FlowFile[0,logging.0-4.txt,4B] and routed to success
[pool-4589-thread-1] DEBUG org.apache.nifi.processors.standard.TailFile - TailFile[id=b80fcb95-c6cf-441a-9c30-664f9358748a] Recovering Rolled Off Files; total number of files rolled off = 0
[pool-4589-thread-1] DEBUG org.apache.nifi.processors.standard.TailFile - TailFile[id=b80fcb95-c6cf-441a-9c30-664f9358748a] Created FileChannel sun.nio.ch.FileChannelImpl@103a8e79 for target/testDir/log.txt
[pool-4589-thread-1] DEBUG org.apache.nifi.processors.standard.TailFile - TailFile[id=b80fcb95-c6cf-441a-9c30-664f9358748a] Reading lines starting at position 0
[pool-4589-thread-1] TRACE org.apache.nifi.processors.standard.TailFile - TailFile[id=b80fcb95-c6cf-441a-9c30-664f9358748a] Checksum updated to 3983506042
[pool-4589-thread-1] DEBUG org.apache.nifi.processors.standard.TailFile - TailFile[id=b80fcb95-c6cf-441a-9c30-664f9358748a] Created FlowFile[1,log.0-3.txt,3B] and routed to success
[pool-4589-thread-1] DEBUG org.apache.nifi.processors.standard.TailFile - TailFile[id=b80fcb95-c6cf-441a-9c30-664f9358748a] Recovering Rolled Off Files; total number of files rolled off = 0
[pool-4589-thread-1] DEBUG org.apache.nifi.processors.standard.TailFile - TailFile[id=b80fcb95-c6cf-441a-9c30-664f9358748a] Created FileChannel sun.nio.ch.FileChannelImpl@586ee8f5 for target/log.txt
[pool-4589-thread-1] DEBUG org.apache.nifi.processors.standard.TailFile - TailFile[id=b80fcb95-c6cf-441a-9c30-664f9358748a] Reading lines starting at position 0
[pool-4589-thread-1] TRACE org.apache.nifi.processors.standard.TailFile - TailFile[id=b80fcb95-c6cf-441a-9c30-664f9358748a] Checksum updated to 909783072
[pool-4589-thread-1] DEBUG org.apache.nifi.processors.standard.TailFile - TailFile[id=b80fcb95-c6cf-441a-9c30-664f9358748a] Created FlowFile[2,log.0-6.txt,6B] and routed to success
[main] DEBUG org.apache.nifi.processors.standard.TailFile - TailFile[id=b80fcb95-c6cf-441a-9c30-664f9358748a] Closed FileChannel sun.nio.ch.FileChannelImpl@797c1d81
[main] DEBUG org.apache.nifi.processors.standard.TailFile - TailFile[id=b80fcb95-c6cf-441a-9c30-664f9358748a] Closed FileChannel sun.nio.ch.FileChannelImpl@103a8e79
[main] DEBUG org.apache.nifi.processors.standard.TailFile - TailFile[id=b80fcb95-c6cf-441a-9c30-664f9358748a] Closed FileChannel sun.nio.ch.FileChannelImpl@586ee8f5
[main] DEBUG org.apache.nifi.processors.standard.TailFile - TailFile[id=b80fcb95-c6cf-441a-9c30-664f9358748a] When recovering state, checksum of tailed file matches the stored checksum. Will resume where left off.
[main] DEBUG org.apache.nifi.processors.standard.TailFile - TailFile[id=b80fcb95-c6cf-441a-9c30-664f9358748a] Created FileChannel sun.nio.ch.FileChannelImpl@43ff762d for target/logging.txt in recoverState
[main] DEBUG org.apache.nifi.processors.standard.TailFile - TailFile[id=b80fcb95-c6cf-441a-9c30-664f9358748a] Recovered state TailFileState[filename=target/logging.txt, position=4, timestamp=1714615816762, checksum=2413961882, tailingPostRollover=false]
[main] DEBUG org.apache.nifi.processors.standard.TailFile - TailFile[id=b80fcb95-c6cf-441a-9c30-664f9358748a] When recovering state, checksum of tailed file matches the stored checksum. Will resume where left off.
[main] DEBUG org.apache.nifi.processors.standard.TailFile - TailFile[id=b80fcb95-c6cf-441a-9c30-664f9358748a] Created FileChannel sun.nio.ch.FileChannelImpl@1f06e81c for target/log.txt in recoverState
[main] DEBUG org.apache.nifi.processors.standard.TailFile - TailFile[id=b80fcb95-c6cf-441a-9c30-664f9358748a] Recovered state TailFileState[filename=target/log.txt, position=6, timestamp=1714615816762, checksum=909783072, tailingPostRollover=false]
[main] DEBUG org.apache.nifi.processors.standard.TailFile - TailFile[id=b80fcb95-c6cf-441a-9c30-664f9358748a] When recovering state, checksum of tailed file matches the stored checksum. Will resume where left off.
[main] DEBUG org.apache.nifi.processors.standard.TailFile - TailFile[id=b80fcb95-c6cf-441a-9c30-664f9358748a] Created FileChannel sun.nio.ch.FileChannelImpl@721c7722 for target/testDir/log.txt in recoverState
[main] DEBUG org.apache.nifi.processors.standard.TailFile - TailFile[id=b80fcb95-c6cf-441a-9c30-664f9358748a] Recovered state TailFileState[filename=target/testDir/log.txt, position=3, timestamp=1714615816762, checksum=3983506042, tailingPostRollover=false]
[pool-4590-thread-1] DEBUG org.apache.nifi.processors.standard.TailFile - TailFile[id=b80fcb95-c6cf-441a-9c30-664f9358748a] Recovering Rolled Off Files; total number of files rolled off = 0
[pool-4590-thread-1] DEBUG org.apache.nifi.processors.standard.TailFile - TailFile[id=b80fcb95-c6cf-441a-9c30-664f9358748a] No data to consume; created no FlowFiles
[pool-4590-thread-1] DEBUG org.apache.nifi.processors.standard.TailFile - TailFile[id=b80fcb95-c6cf-441a-9c30-664f9358748a] Recovering Rolled Off Files; total number of files rolled off = 0
[pool-4590-thread-1] DEBUG org.apache.nifi.processors.standard.TailFile - TailFile[id=b80fcb95-c6cf-441a-9c30-664f9358748a] Reading lines starting at position 3
[pool-4590-thread-1] DEBUG org.apache.nifi.processors.standard.TailFile - TailFile[id=b80fcb95-c6cf-441a-9c30-664f9358748a] Read 0 lines; repositioning reader from 9 to 3
[pool-4590-thread-1] DEBUG org.apache.nifi.processors.standard.TailFile - TailFile[id=b80fcb95-c6cf-441a-9c30-664f9358748a] No data to consume; removed created FlowFile
[pool-4590-thread-1] DEBUG org.apache.nifi.processors.standard.TailFile - TailFile[id=b80fcb95-c6cf-441a-9c30-664f9358748a] Recovering Rolled Off Files; total number of files rolled off = 0
[pool-4590-thread-1] DEBUG org.apache.nifi.processors.standard.TailFile - TailFile[id=b80fcb95-c6cf-441a-9c30-664f9358748a] Reading lines starting at position 6
[pool-4590-thread-1] DEBUG org.apache.nifi.processors.standard.TailFile - TailFile[id=b80fcb95-c6cf-441a-9c30-664f9358748a] Read 0 lines; repositioning reader from 11 to 6
[pool-4590-thread-1] DEBUG org.apache.nifi.processors.standard.TailFile - TailFile[id=b80fcb95-c6cf-441a-9c30-664f9358748a] No data to consume; removed created FlowFile
[main] DEBUG org.apache.nifi.processors.standard.TailFile - TailFile[id=b80fcb95-c6cf-441a-9c30-664f9358748a] Closed FileChannel sun.nio.ch.FileChannelImpl@43ff762d
[main] DEBUG org.apache.nifi.processors.standard.TailFile - TailFile[id=b80fcb95-c6cf-441a-9c30-664f9358748a] Closed FileChannel sun.nio.ch.FileChannelImpl@721c7722
[main] DEBUG org.apache.nifi.processors.standard.TailFile - TailFile[id=b80fcb95-c6cf-441a-9c30-664f9358748a] Closed FileChannel sun.nio.ch.FileChannelImpl@1f06e81c
[main] DEBUG org.apache.nifi.processors.standard.TailFile - TailFile[id=b80fcb95-c6cf-441a-9c30-664f9358748a] When recovering state, existing file to tail is only 2 bytes but position flag is 6; this indicates that the file has rotated. Will begin tailing current file from beginning.
[main] DEBUG org.apache.nifi.processors.standard.TailFile - TailFile[id=b80fcb95-c6cf-441a-9c30-664f9358748a] Recovered state TailFileState[filename=target/log.txt, position=6, timestamp=1714615816762, checksum=0, tailingPostRollover=false]
[main] DEBUG org.apache.nifi.processors.standard.TailFile - TailFile[id=b80fcb95-c6cf-441a-9c30-664f9358748a] Recovered state TailFileState[filename=target/testDir/logging.txt, position=0, timestamp=0, checksum=null, tailingPostRollover=false]
[main] DEBUG org.apache.nifi.processors.standard.TailFile - TailFile[id=b80fcb95-c6cf-441a-9c30-664f9358748a] When recovering state, existing file to tail is only 2 bytes but position flag is 3; this indicates that the file has rotated. Will begin tailing current file from beginning.
[main] DEBUG org.apache.nifi.processors.standard.TailFile - TailFile[id=b80fcb95-c6cf-441a-9c30-664f9358748a] Recovered state TailFileState[filename=target/testDir/log.txt, position=3, timestamp=1714615816762, checksum=0, tailingPostRollover=false]
[pool-4591-thread-1] DEBUG org.apache.nifi.processors.standard.TailFile - TailFile[id=b80fcb95-c6cf-441a-9c30-664f9358748a] Created FileChannel sun.nio.ch.FileChannelImpl@24eeb1db for target/testDir/logging.txt
[pool-4591-thread-1] DEBUG org.apache.nifi.processors.standard.TailFile - TailFile[id=b80fcb95-c6cf-441a-9c30-664f9358748a] Reading lines starting at position 0
[pool-4591-thread-1] TRACE org.apache.nifi.processors.standard.TailFile - TailFile[id=b80fcb95-c6cf-441a-9c30-664f9358748a] Checksum updated to 1432854225
[pool-4591-thread-1] DEBUG org.apache.nifi.processors.standard.TailFile - TailFile[id=b80fcb95-c6cf-441a-9c30-664f9358748a] Created FlowFile[5,logging.0-2.txt,2B] and routed to success
[pool-4591-thread-1] DEBUG org.apache.nifi.processors.standard.TailFile - TailFile[id=b80fcb95-c6cf-441a-9c30-664f9358748a] Recovering Rolled Off Files; total number of files rolled off = 1
[pool-4591-thread-1] DEBUG org.apache.nifi.processors.standard.TailFile - TailFile[id=b80fcb95-c6cf-441a-9c30-664f9358748a] Checksum for target/testDir/log.1 matched expected checksum. Will skip first 3 bytes
[pool-4591-thread-1] DEBUG org.apache.nifi.processors.standard.TailFile - TailFile[id=b80fcb95-c6cf-441a-9c30-664f9358748a] Reading lines starting at position 3
[pool-4591-thread-1] TRACE org.apache.nifi.processors.standard.TailFile - TailFile[id=b80fcb95-c6cf-441a-9c30-664f9358748a] Checksum updated to 0
[pool-4591-thread-1] TRACE org.apache.nifi.processors.standard.TailFile - TailFile[id=b80fcb95-c6cf-441a-9c30-664f9358748a] Checksum updated to 1904515304
[pool-4591-thread-1] DEBUG org.apache.nifi.processors.standard.TailFile - TailFile[id=b80fcb95-c6cf-441a-9c30-664f9358748a] Created FlowFile[6,log.1,6B] from rolled over file target/testDir/log.1 and routed to success
[pool-4591-thread-1] DEBUG org.apache.nifi.processors.standard.TailFile - TailFile[id=b80fcb95-c6cf-441a-9c30-664f9358748a] Completed tailing of file target/testDir/log.txt; will cleanup state
[pool-4591-thread-1] DEBUG org.apache.nifi.processors.standard.TailFile - TailFile[id=b80fcb95-c6cf-441a-9c30-664f9358748a] Closed FileChannel sun.nio.ch.FileChannelImpl@24eeb1db
[pool-4591-thread-1] DEBUG org.apache.nifi.processors.standard.TailFile - TailFile[id=b80fcb95-c6cf-441a-9c30-664f9358748a] Created FileChannel sun.nio.ch.FileChannelImpl@5cd639e for target/testDir/log.txt
[pool-4591-thread-1] DEBUG org.apache.nifi.processors.standard.TailFile - TailFile[id=b80fcb95-c6cf-441a-9c30-664f9358748a] Closed FileChannel sun.nio.ch.FileChannelImpl@5cd639e
[pool-4591-thread-1] DEBUG org.apache.nifi.processors.standard.TailFile - TailFile[id=b80fcb95-c6cf-441a-9c30-664f9358748a] Created FileChannel sun.nio.ch.FileChannelImpl@54fc7a95 for target/testDir/log.txt
[pool-4591-thread-1] DEBUG org.apache.nifi.processors.standard.TailFile - TailFile[id=b80fcb95-c6cf-441a-9c30-664f9358748a] Reading lines starting at position 0
[pool-4591-thread-1] TRACE org.apache.nifi.processors.standard.TailFile - TailFile[id=b80fcb95-c6cf-441a-9c30-664f9358748a] Checksum updated to 1283239824
[pool-4591-thread-1] DEBUG org.apache.nifi.processors.standard.TailFile - TailFile[id=b80fcb95-c6cf-441a-9c30-664f9358748a] Created FlowFile[7,log.0-2.txt,2B] and routed to success
[pool-4591-thread-1] DEBUG org.apache.nifi.processors.standard.TailFile - TailFile[id=b80fcb95-c6cf-441a-9c30-664f9358748a] Recovering Rolled Off Files; total number of files rolled off = 1
[pool-4591-thread-1] DEBUG org.apache.nifi.processors.standard.TailFile - TailFile[id=b80fcb95-c6cf-441a-9c30-664f9358748a] Checksum for target/log.1 matched expected checksum. Will skip first 6 bytes
[pool-4591-thread-1] DEBUG org.apache.nifi.processors.standard.TailFile - TailFile[id=b80fcb95-c6cf-441a-9c30-664f9358748a] Reading lines starting at position 6
[pool-4591-thread-1] TRACE org.apache.nifi.processors.standard.TailFile - TailFile[id=b80fcb95-c6cf-441a-9c30-664f9358748a] Checksum updated to 0
[pool-4591-thread-1] TRACE org.apache.nifi.processors.standard.TailFile - TailFile[id=b80fcb95-c6cf-441a-9c30-664f9358748a] Checksum updated to 980881731
[pool-4591-thread-1] DEBUG org.apache.nifi.processors.standard.TailFile - TailFile[id=b80fcb95-c6cf-441a-9c30-664f9358748a] Created FlowFile[8,log.1,5B] from rolled over file target/log.1 and routed to success
[pool-4591-thread-1] DEBUG org.apache.nifi.processors.standard.TailFile - TailFile[id=b80fcb95-c6cf-441a-9c30-664f9358748a] Completed tailing of file target/log.txt; will cleanup state
[pool-4591-thread-1] DEBUG org.apache.nifi.processors.standard.TailFile - TailFile[id=b80fcb95-c6cf-441a-9c30-664f9358748a] Closed FileChannel sun.nio.ch.FileChannelImpl@54fc7a95
[pool-4591-thread-1] DEBUG org.apache.nifi.processors.standard.TailFile - TailFile[id=b80fcb95-c6cf-441a-9c30-664f9358748a] Created FileChannel sun.nio.ch.FileChannelImpl@6bc3161d for target/log.txt
[pool-4591-thread-1] DEBUG org.apache.nifi.processors.standard.TailFile - TailFile[id=b80fcb95-c6cf-441a-9c30-664f9358748a] Closed FileChannel sun.nio.ch.FileChannelImpl@6bc3161d
[pool-4591-thread-1] DEBUG org.apache.nifi.processors.standard.TailFile - TailFile[id=b80fcb95-c6cf-441a-9c30-664f9358748a] Created FileChannel sun.nio.ch.FileChannelImpl@5cdce122 for target/log.txt
[pool-4591-thread-1] DEBUG org.apache.nifi.processors.standard.TailFile - TailFile[id=b80fcb95-c6cf-441a-9c30-664f9358748a] Reading lines starting at position 0
[pool-4591-thread-1] TRACE org.apache.nifi.processors.standard.TailFile - TailFile[id=b80fcb95-c6cf-441a-9c30-664f9358748a] Checksum updated to 1733426259
[pool-4591-thread-1] DEBUG org.apache.nifi.processors.standard.TailFile - TailFile[id=b80fcb95-c6cf-441a-9c30-664f9358748a] Created FlowFile[9,log.0-2.txt,2B] and routed to success
[main] DEBUG org.apache.nifi.processors.standard.TailFile - TailFile[id=b80fcb95-c6cf-441a-9c30-664f9358748a] Closed FileChannel sun.nio.ch.FileChannelImpl@5cdce122
]]></system-err>
  </testcase>
  <testcase name="testNULContentWithReReadOnNulTrue" classname="org.apache.nifi.processors.standard.TestTailFile" time="0.002">
    <system-err><![CDATA[[pool-4592-thread-1] DEBUG org.apache.nifi.processors.standard.TailFile - TailFile[id=eebd8936-ef55-4b28-ac72-6f94a07a8842] Created FileChannel sun.nio.ch.FileChannelImpl@41209da4 for target/log.txt
[pool-4592-thread-1] DEBUG org.apache.nifi.processors.standard.TailFile - TailFile[id=eebd8936-ef55-4b28-ac72-6f94a07a8842] Reading lines starting at position 0
[pool-4592-thread-1] DEBUG org.apache.nifi.processors.standard.TailFile - TailFile[id=eebd8936-ef55-4b28-ac72-6f94a07a8842] No data to consume; removed created FlowFile
[pool-4592-thread-1] WARN org.apache.nifi.processors.standard.TailFile - TailFile[id=eebd8936-ef55-4b28-ac72-6f94a07a8842] NUL character encountered in target/log.txt and 'Reread when NUL encountered' is set to 'true', yielding.
[pool-4593-thread-1] DEBUG org.apache.nifi.processors.standard.TailFile - TailFile[id=eebd8936-ef55-4b28-ac72-6f94a07a8842] Recovering Rolled Off Files; total number of files rolled off = 0
[pool-4593-thread-1] DEBUG org.apache.nifi.processors.standard.TailFile - TailFile[id=eebd8936-ef55-4b28-ac72-6f94a07a8842] Reading lines starting at position 0
[pool-4593-thread-1] TRACE org.apache.nifi.processors.standard.TailFile - TailFile[id=eebd8936-ef55-4b28-ac72-6f94a07a8842] Checksum updated to 361017702
[pool-4593-thread-1] DEBUG org.apache.nifi.processors.standard.TailFile - TailFile[id=eebd8936-ef55-4b28-ac72-6f94a07a8842] Created FlowFile[1,log.0-58.txt,58B] and routed to success
[main] DEBUG org.apache.nifi.processors.standard.TailFile - TailFile[id=eebd8936-ef55-4b28-ac72-6f94a07a8842] Closed FileChannel sun.nio.ch.FileChannelImpl@41209da4
]]></system-err>
  </testcase>
  <testcase name="testNULContentWithReReadOnNulFalseOverwriteNul" classname="org.apache.nifi.processors.standard.TestTailFile" time="0.002">
    <system-err><![CDATA[[pool-4594-thread-1] DEBUG org.apache.nifi.processors.standard.TailFile - TailFile[id=6c785bcf-fbad-4f8a-970f-a081a6e24375] Created FileChannel sun.nio.ch.FileChannelImpl@2c255b4 for target/log.txt
[pool-4594-thread-1] DEBUG org.apache.nifi.processors.standard.TailFile - TailFile[id=6c785bcf-fbad-4f8a-970f-a081a6e24375] Reading lines starting at position 0
[pool-4594-thread-1] TRACE org.apache.nifi.processors.standard.TailFile - TailFile[id=6c785bcf-fbad-4f8a-970f-a081a6e24375] Checksum updated to 2783226356
[pool-4594-thread-1] DEBUG org.apache.nifi.processors.standard.TailFile - TailFile[id=6c785bcf-fbad-4f8a-970f-a081a6e24375] Created FlowFile[0,log.0-21.txt,21B] and routed to success
[pool-4595-thread-1] DEBUG org.apache.nifi.processors.standard.TailFile - TailFile[id=6c785bcf-fbad-4f8a-970f-a081a6e24375] Recovering Rolled Off Files; total number of files rolled off = 0
[pool-4595-thread-1] DEBUG org.apache.nifi.processors.standard.TailFile - TailFile[id=6c785bcf-fbad-4f8a-970f-a081a6e24375] Reading lines starting at position 21
[pool-4595-thread-1] TRACE org.apache.nifi.processors.standard.TailFile - TailFile[id=6c785bcf-fbad-4f8a-970f-a081a6e24375] Checksum updated to 652681583
[pool-4595-thread-1] DEBUG org.apache.nifi.processors.standard.TailFile - TailFile[id=6c785bcf-fbad-4f8a-970f-a081a6e24375] Created FlowFile[1,log.21-92.txt,71B] and routed to success
[main] DEBUG org.apache.nifi.processors.standard.TailFile - TailFile[id=6c785bcf-fbad-4f8a-970f-a081a6e24375] Closed FileChannel sun.nio.ch.FileChannelImpl@2c255b4
]]></system-err>
  </testcase>
  <testcase name="testConsumeWhenNewLineFound" classname="org.apache.nifi.processors.standard.TestTailFile" time="1.106">
    <system-err><![CDATA[[pool-4596-thread-1] DEBUG org.apache.nifi.processors.standard.TailFile - TailFile[id=32396d2d-0e91-4577-9dc0-5e8c8fe7eda3] Created FileChannel sun.nio.ch.FileChannelImpl@6c77babe for target/log.txt
[pool-4596-thread-1] DEBUG org.apache.nifi.processors.standard.TailFile - TailFile[id=32396d2d-0e91-4577-9dc0-5e8c8fe7eda3] No data to consume; created no FlowFiles
[main] DEBUG org.apache.nifi.processors.standard.TailFile - TailFile[id=32396d2d-0e91-4577-9dc0-5e8c8fe7eda3] Closed FileChannel sun.nio.ch.FileChannelImpl@6c77babe
[main] DEBUG org.apache.nifi.processors.standard.TailFile - TailFile[id=32396d2d-0e91-4577-9dc0-5e8c8fe7eda3] When recovering state, checksum of tailed file matches the stored checksum. Will resume where left off.
[main] DEBUG org.apache.nifi.processors.standard.TailFile - TailFile[id=32396d2d-0e91-4577-9dc0-5e8c8fe7eda3] Created FileChannel sun.nio.ch.FileChannelImpl@676968c5 for target/log.txt in recoverState
[main] DEBUG org.apache.nifi.processors.standard.TailFile - TailFile[id=32396d2d-0e91-4577-9dc0-5e8c8fe7eda3] Recovered state TailFileState[filename=target/log.txt, position=0, timestamp=0, checksum=0, tailingPostRollover=false]
[pool-4597-thread-1] DEBUG org.apache.nifi.processors.standard.TailFile - TailFile[id=32396d2d-0e91-4577-9dc0-5e8c8fe7eda3] Recovering Rolled Off Files; total number of files rolled off = 0
[pool-4597-thread-1] DEBUG org.apache.nifi.processors.standard.TailFile - TailFile[id=32396d2d-0e91-4577-9dc0-5e8c8fe7eda3] Reading lines starting at position 0
[pool-4597-thread-1] DEBUG org.apache.nifi.processors.standard.TailFile - TailFile[id=32396d2d-0e91-4577-9dc0-5e8c8fe7eda3] Read 0 lines; repositioning reader from 12 to 0
[pool-4597-thread-1] DEBUG org.apache.nifi.processors.standard.TailFile - TailFile[id=32396d2d-0e91-4577-9dc0-5e8c8fe7eda3] No data to consume; removed created FlowFile
[main] DEBUG org.apache.nifi.processors.standard.TailFile - TailFile[id=32396d2d-0e91-4577-9dc0-5e8c8fe7eda3] Closed FileChannel sun.nio.ch.FileChannelImpl@676968c5
[main] DEBUG org.apache.nifi.processors.standard.TailFile - TailFile[id=32396d2d-0e91-4577-9dc0-5e8c8fe7eda3] When recovering state, checksum of tailed file matches the stored checksum. Will resume where left off.
[main] DEBUG org.apache.nifi.processors.standard.TailFile - TailFile[id=32396d2d-0e91-4577-9dc0-5e8c8fe7eda3] Created FileChannel sun.nio.ch.FileChannelImpl@6ab0a990 for target/log.txt in recoverState
[main] DEBUG org.apache.nifi.processors.standard.TailFile - TailFile[id=32396d2d-0e91-4577-9dc0-5e8c8fe7eda3] Recovered state TailFileState[filename=target/log.txt, position=0, timestamp=0, checksum=0, tailingPostRollover=false]
[pool-4598-thread-1] DEBUG org.apache.nifi.processors.standard.TailFile - TailFile[id=32396d2d-0e91-4577-9dc0-5e8c8fe7eda3] Recovering Rolled Off Files; total number of files rolled off = 0
[pool-4598-thread-1] DEBUG org.apache.nifi.processors.standard.TailFile - TailFile[id=32396d2d-0e91-4577-9dc0-5e8c8fe7eda3] Reading lines starting at position 0
[pool-4598-thread-1] TRACE org.apache.nifi.processors.standard.TailFile - TailFile[id=32396d2d-0e91-4577-9dc0-5e8c8fe7eda3] Checksum updated to 2379871530
[pool-4598-thread-1] DEBUG org.apache.nifi.processors.standard.TailFile - TailFile[id=32396d2d-0e91-4577-9dc0-5e8c8fe7eda3] Created FlowFile[1,log.0-14.txt,14B] and routed to success
[main] DEBUG org.apache.nifi.processors.standard.TailFile - TailFile[id=32396d2d-0e91-4577-9dc0-5e8c8fe7eda3] Closed FileChannel sun.nio.ch.FileChannelImpl@6ab0a990
[main] DEBUG org.apache.nifi.processors.standard.TailFile - TailFile[id=32396d2d-0e91-4577-9dc0-5e8c8fe7eda3] When recovering state, checksum of tailed file matches the stored checksum. Will resume where left off.
[main] DEBUG org.apache.nifi.processors.standard.TailFile - TailFile[id=32396d2d-0e91-4577-9dc0-5e8c8fe7eda3] Created FileChannel sun.nio.ch.FileChannelImpl@518210d9 for target/log.txt in recoverState
[main] DEBUG org.apache.nifi.processors.standard.TailFile - TailFile[id=32396d2d-0e91-4577-9dc0-5e8c8fe7eda3] Recovered state TailFileState[filename=target/log.txt, position=14, timestamp=1714615818010, checksum=2379871530, tailingPostRollover=false]
[pool-4599-thread-1] DEBUG org.apache.nifi.processors.standard.TailFile - TailFile[id=32396d2d-0e91-4577-9dc0-5e8c8fe7eda3] Recovering Rolled Off Files; total number of files rolled off = 0
[pool-4599-thread-1] DEBUG org.apache.nifi.processors.standard.TailFile - TailFile[id=32396d2d-0e91-4577-9dc0-5e8c8fe7eda3] Reading lines starting at position 14
[pool-4599-thread-1] DEBUG org.apache.nifi.processors.standard.TailFile - TailFile[id=32396d2d-0e91-4577-9dc0-5e8c8fe7eda3] Read 0 lines; repositioning reader from 19 to 14
[pool-4599-thread-1] DEBUG org.apache.nifi.processors.standard.TailFile - TailFile[id=32396d2d-0e91-4577-9dc0-5e8c8fe7eda3] No data to consume; removed created FlowFile
[main] DEBUG org.apache.nifi.processors.standard.TailFile - TailFile[id=32396d2d-0e91-4577-9dc0-5e8c8fe7eda3] Closed FileChannel sun.nio.ch.FileChannelImpl@518210d9
[main] DEBUG org.apache.nifi.processors.standard.TailFile - TailFile[id=32396d2d-0e91-4577-9dc0-5e8c8fe7eda3] When recovering state, checksum of tailed file matches the stored checksum. Will resume where left off.
[main] DEBUG org.apache.nifi.processors.standard.TailFile - TailFile[id=32396d2d-0e91-4577-9dc0-5e8c8fe7eda3] Created FileChannel sun.nio.ch.FileChannelImpl@661eb63c for target/log.txt in recoverState
[main] DEBUG org.apache.nifi.processors.standard.TailFile - TailFile[id=32396d2d-0e91-4577-9dc0-5e8c8fe7eda3] Recovered state TailFileState[filename=target/log.txt, position=14, timestamp=1714615818010, checksum=2379871530, tailingPostRollover=false]
[pool-4600-thread-1] DEBUG org.apache.nifi.processors.standard.TailFile - TailFile[id=32396d2d-0e91-4577-9dc0-5e8c8fe7eda3] Recovering Rolled Off Files; total number of files rolled off = 0
[pool-4600-thread-1] DEBUG org.apache.nifi.processors.standard.TailFile - TailFile[id=32396d2d-0e91-4577-9dc0-5e8c8fe7eda3] Reading lines starting at position 14
[pool-4600-thread-1] TRACE org.apache.nifi.processors.standard.TailFile - TailFile[id=32396d2d-0e91-4577-9dc0-5e8c8fe7eda3] Checksum updated to 2991532123
[pool-4600-thread-1] DEBUG org.apache.nifi.processors.standard.TailFile - TailFile[id=32396d2d-0e91-4577-9dc0-5e8c8fe7eda3] Created FlowFile[3,log.14-20.txt,6B] and routed to success
[main] DEBUG org.apache.nifi.processors.standard.TailFile - TailFile[id=32396d2d-0e91-4577-9dc0-5e8c8fe7eda3] Closed FileChannel sun.nio.ch.FileChannelImpl@661eb63c
[main] DEBUG org.apache.nifi.processors.standard.TailFile - TailFile[id=32396d2d-0e91-4577-9dc0-5e8c8fe7eda3] When recovering state, checksum of tailed file matches the stored checksum. Will resume where left off.
[main] DEBUG org.apache.nifi.processors.standard.TailFile - TailFile[id=32396d2d-0e91-4577-9dc0-5e8c8fe7eda3] Created FileChannel sun.nio.ch.FileChannelImpl@512b720f for target/log.txt in recoverState
[main] DEBUG org.apache.nifi.processors.standard.TailFile - TailFile[id=32396d2d-0e91-4577-9dc0-5e8c8fe7eda3] Recovered state TailFileState[filename=target/log.txt, position=20, timestamp=1714615818014, checksum=2991532123, tailingPostRollover=false]
[pool-4601-thread-1] DEBUG org.apache.nifi.processors.standard.TailFile - TailFile[id=32396d2d-0e91-4577-9dc0-5e8c8fe7eda3] Recovering Rolled Off Files; total number of files rolled off = 0
[pool-4601-thread-1] DEBUG org.apache.nifi.processors.standard.TailFile - TailFile[id=32396d2d-0e91-4577-9dc0-5e8c8fe7eda3] Reading lines starting at position 20
[pool-4601-thread-1] TRACE org.apache.nifi.processors.standard.TailFile - TailFile[id=32396d2d-0e91-4577-9dc0-5e8c8fe7eda3] Checksum updated to 2708852260
[pool-4601-thread-1] DEBUG org.apache.nifi.processors.standard.TailFile - TailFile[id=32396d2d-0e91-4577-9dc0-5e8c8fe7eda3] Read 1 lines; repositioning reader from 36 to 29
[pool-4601-thread-1] DEBUG org.apache.nifi.processors.standard.TailFile - TailFile[id=32396d2d-0e91-4577-9dc0-5e8c8fe7eda3] Created FlowFile[4,log.20-29.txt,9B] and routed to success
[main] DEBUG org.apache.nifi.processors.standard.TailFile - TailFile[id=32396d2d-0e91-4577-9dc0-5e8c8fe7eda3] Closed FileChannel sun.nio.ch.FileChannelImpl@512b720f
[main] DEBUG org.apache.nifi.processors.standard.TailFile - TailFile[id=32396d2d-0e91-4577-9dc0-5e8c8fe7eda3] When recovering state, checksum of tailed file matches the stored checksum. Will resume where left off.
[main] DEBUG org.apache.nifi.processors.standard.TailFile - TailFile[id=32396d2d-0e91-4577-9dc0-5e8c8fe7eda3] Created FileChannel sun.nio.ch.FileChannelImpl@20edddcc for target/log.txt in recoverState
[main] DEBUG org.apache.nifi.processors.standard.TailFile - TailFile[id=32396d2d-0e91-4577-9dc0-5e8c8fe7eda3] Recovered state TailFileState[filename=target/log.txt, position=29, timestamp=1714615818014, checksum=2708852260, tailingPostRollover=false]
[pool-4602-thread-1] DEBUG org.apache.nifi.processors.standard.TailFile - TailFile[id=32396d2d-0e91-4577-9dc0-5e8c8fe7eda3] Recovering Rolled Off Files; total number of files rolled off = 0
[pool-4602-thread-1] DEBUG org.apache.nifi.processors.standard.TailFile - TailFile[id=32396d2d-0e91-4577-9dc0-5e8c8fe7eda3] Reading lines starting at position 29
[pool-4602-thread-1] TRACE org.apache.nifi.processors.standard.TailFile - TailFile[id=32396d2d-0e91-4577-9dc0-5e8c8fe7eda3] Checksum updated to 989246874
[pool-4602-thread-1] DEBUG org.apache.nifi.processors.standard.TailFile - TailFile[id=32396d2d-0e91-4577-9dc0-5e8c8fe7eda3] Created FlowFile[5,log.29-38.txt,9B] and routed to success
[main] DEBUG org.apache.nifi.processors.standard.TailFile - TailFile[id=32396d2d-0e91-4577-9dc0-5e8c8fe7eda3] Closed FileChannel sun.nio.ch.FileChannelImpl@20edddcc
]]></system-err>
  </testcase>
  <testcase name="testNULContentWhenRolledOver" classname="org.apache.nifi.processors.standard.TestTailFile" time="0.005">
    <system-err><![CDATA[[pool-4603-thread-1] DEBUG org.apache.nifi.processors.standard.TailFile - TailFile[id=0ead68cd-f8b1-446d-982b-0bb59bc53f55] Created FileChannel sun.nio.ch.FileChannelImpl@2082d191 for target/log.txt
[pool-4603-thread-1] DEBUG org.apache.nifi.processors.standard.TailFile - TailFile[id=0ead68cd-f8b1-446d-982b-0bb59bc53f55] Reading lines starting at position 0
[pool-4603-thread-1] TRACE org.apache.nifi.processors.standard.TailFile - TailFile[id=0ead68cd-f8b1-446d-982b-0bb59bc53f55] Checksum updated to 3723141383
[pool-4603-thread-1] DEBUG org.apache.nifi.processors.standard.TailFile - TailFile[id=0ead68cd-f8b1-446d-982b-0bb59bc53f55] Read 1 lines; repositioning reader from 3 to 2
[pool-4603-thread-1] DEBUG org.apache.nifi.processors.standard.TailFile - TailFile[id=0ead68cd-f8b1-446d-982b-0bb59bc53f55] Created FlowFile[0,log.0-2.txt,2B] and routed to success
[pool-4604-thread-1] DEBUG org.apache.nifi.processors.standard.TailFile - TailFile[id=0ead68cd-f8b1-446d-982b-0bb59bc53f55] Recovering Rolled Off Files; total number of files rolled off = 1
[pool-4604-thread-1] DEBUG org.apache.nifi.processors.standard.TailFile - TailFile[id=0ead68cd-f8b1-446d-982b-0bb59bc53f55] Checksum for target/log.txt.0.log matched expected checksum. Will skip first 2 bytes
[pool-4604-thread-1] DEBUG org.apache.nifi.processors.standard.TailFile - TailFile[id=0ead68cd-f8b1-446d-982b-0bb59bc53f55] Reading lines starting at position 2
[pool-4604-thread-1] INFO org.apache.nifi.processors.standard.TailFile - TailFile[id=0ead68cd-f8b1-446d-982b-0bb59bc53f55] Encountered NUL character when tailing file target/log.txt; will yield
[pool-4604-thread-1] WARN org.apache.nifi.processors.standard.TailFile - TailFile[id=0ead68cd-f8b1-446d-982b-0bb59bc53f55] NUL character encountered in target/log.txt and 'Reread when NUL encountered' is set to 'true', yielding.
[pool-4605-thread-1] DEBUG org.apache.nifi.processors.standard.TailFile - TailFile[id=0ead68cd-f8b1-446d-982b-0bb59bc53f55] Recovering Rolled Off Files; total number of files rolled off = 1
[pool-4605-thread-1] DEBUG org.apache.nifi.processors.standard.TailFile - TailFile[id=0ead68cd-f8b1-446d-982b-0bb59bc53f55] Checksum for target/log.txt.0.log matched expected checksum. Will skip first 2 bytes
[pool-4605-thread-1] DEBUG org.apache.nifi.processors.standard.TailFile - TailFile[id=0ead68cd-f8b1-446d-982b-0bb59bc53f55] Reading lines starting at position 2
[pool-4605-thread-1] TRACE org.apache.nifi.processors.standard.TailFile - TailFile[id=0ead68cd-f8b1-446d-982b-0bb59bc53f55] Checksum updated to 3902506928
[pool-4605-thread-1] TRACE org.apache.nifi.processors.standard.TailFile - TailFile[id=0ead68cd-f8b1-446d-982b-0bb59bc53f55] Checksum updated to 3902506928
[pool-4605-thread-1] TRACE org.apache.nifi.processors.standard.TailFile - TailFile[id=0ead68cd-f8b1-446d-982b-0bb59bc53f55] Checksum updated to 3902506928
[pool-4605-thread-1] DEBUG org.apache.nifi.processors.standard.TailFile - TailFile[id=0ead68cd-f8b1-446d-982b-0bb59bc53f55] Created FlowFile[2,log.txt.0.log,3B] from rolled over file target/log.txt.0.log and routed to success
[pool-4605-thread-1] DEBUG org.apache.nifi.processors.standard.TailFile - TailFile[id=0ead68cd-f8b1-446d-982b-0bb59bc53f55] Completed tailing of file target/log.txt; will cleanup state
[pool-4605-thread-1] DEBUG org.apache.nifi.processors.standard.TailFile - TailFile[id=0ead68cd-f8b1-446d-982b-0bb59bc53f55] Closed FileChannel sun.nio.ch.FileChannelImpl@2082d191
[pool-4605-thread-1] DEBUG org.apache.nifi.processors.standard.TailFile - TailFile[id=0ead68cd-f8b1-446d-982b-0bb59bc53f55] Created FileChannel sun.nio.ch.FileChannelImpl@1c9dcdf1 for target/log.txt
[pool-4605-thread-1] DEBUG org.apache.nifi.processors.standard.TailFile - TailFile[id=0ead68cd-f8b1-446d-982b-0bb59bc53f55] Closed FileChannel sun.nio.ch.FileChannelImpl@1c9dcdf1
[pool-4605-thread-1] DEBUG org.apache.nifi.processors.standard.TailFile - TailFile[id=0ead68cd-f8b1-446d-982b-0bb59bc53f55] Created FileChannel sun.nio.ch.FileChannelImpl@18a24aba for target/log.txt
[pool-4605-thread-1] DEBUG org.apache.nifi.processors.standard.TailFile - TailFile[id=0ead68cd-f8b1-446d-982b-0bb59bc53f55] No data to consume; created no FlowFiles
[pool-4606-thread-1] DEBUG org.apache.nifi.processors.standard.TailFile - TailFile[id=0ead68cd-f8b1-446d-982b-0bb59bc53f55] Found rolled off file target/log.txt.0.log but its last modified timestamp is before the cutoff (Last Mod = 1714615818014, Cutoff = 1714615818015) so will not consume it
[pool-4606-thread-1] DEBUG org.apache.nifi.processors.standard.TailFile - TailFile[id=0ead68cd-f8b1-446d-982b-0bb59bc53f55] Recovering Rolled Off Files; total number of files rolled off = 0
[pool-4606-thread-1] DEBUG org.apache.nifi.processors.standard.TailFile - TailFile[id=0ead68cd-f8b1-446d-982b-0bb59bc53f55] Rotated = true because TailFileState Length = 5, File Length = 2
[pool-4606-thread-1] DEBUG org.apache.nifi.processors.standard.TailFile - TailFile[id=0ead68cd-f8b1-446d-982b-0bb59bc53f55] Closed FileChannel sun.nio.ch.FileChannelImpl@18a24aba
[pool-4606-thread-1] DEBUG org.apache.nifi.processors.standard.TailFile - TailFile[id=0ead68cd-f8b1-446d-982b-0bb59bc53f55] Created FileChannel sun.nio.ch.FileChannelImpl@31328542 for target/log.txt
[pool-4606-thread-1] DEBUG org.apache.nifi.processors.standard.TailFile - TailFile[id=0ead68cd-f8b1-446d-982b-0bb59bc53f55] Reading lines starting at position 0
[pool-4606-thread-1] TRACE org.apache.nifi.processors.standard.TailFile - TailFile[id=0ead68cd-f8b1-446d-982b-0bb59bc53f55] Checksum updated to 2694665538
[pool-4606-thread-1] DEBUG org.apache.nifi.processors.standard.TailFile - TailFile[id=0ead68cd-f8b1-446d-982b-0bb59bc53f55] Created FlowFile[3,log.0-2.txt,2B] and routed to success
[main] DEBUG org.apache.nifi.processors.standard.TailFile - TailFile[id=0ead68cd-f8b1-446d-982b-0bb59bc53f55] Closed FileChannel sun.nio.ch.FileChannelImpl@31328542
]]></system-err>
  </testcase>
</testsuite>