<?xml version="1.0" encoding="UTF-8"?>
<testsuite xmlns:xsi="http://www.w3.org/2001/XMLSchema-instance" xsi:noNamespaceSchemaLocation="https://maven.apache.org/surefire/maven-surefire-plugin/xsd/surefire-test-report-3.0.xsd" version="3.0" name="org.apache.nifi.processors.standard.TestEvaluateXQuery" time="1.23" tests="25" errors="0" skipped="0" failures="0">
  <properties>
    <property name="sun.desktop" value="gnome"/>
    <property name="awt.toolkit" value="sun.awt.X11.XToolkit"/>
    <property name="file.encoding.pkg" value="sun.io"/>
    <property name="java.specification.version" value="1.8"/>
    <property name="sun.cpu.isalist" value=""/>
    <property name="sun.jnu.encoding" value="UTF-8"/>
    <property name="java.class.path" value="/home/alex/Repositories/nifi/nifi-nar-bundles/nifi-standard-bundle/nifi-standard-processors/target/test-classes:/home/alex/Repositories/nifi/nifi-nar-bundles/nifi-standard-bundle/nifi-standard-processors/target/classes:/home/alex/.m2/repository/org/apache/ftpserver/ftpserver-core/1.1.1/ftpserver-core-1.1.1.jar:/home/alex/.m2/repository/org/apache/ftpserver/ftplet-api/1.1.1/ftplet-api-1.1.1.jar:/home/alex/.m2/repository/org/slf4j/slf4j-api/1.7.32/slf4j-api-1.7.32.jar:/home/alex/.m2/repository/org/apache/mina/mina-core/2.0.16/mina-core-2.0.16.jar:/home/alex/Repositories/nifi/nifi-api/target/classes:/home/alex/Repositories/nifi/nifi-commons/nifi-expression-language/target/classes:/home/alex/.m2/repository/org/antlr/antlr-runtime/3.5.2/antlr-runtime-3.5.2.jar:/home/alex/Repositories/nifi/nifi-commons/nifi-parameter/target/classes:/home/alex/Repositories/nifi/nifi-commons/nifi-uuid5/target/classes:/home/alex/.m2/repository/org/apache/commons/commons-text/1.8/commons-text-1.8.jar:/home/alex/Repositories/nifi/nifi-nar-bundles/nifi-extension-utils/nifi-processor-utils/target/classes:/home/alex/Repositories/nifi/nifi-commons/nifi-security-socket-ssl/target/classes:/home/alex/Repositories/nifi/nifi-nar-bundles/nifi-extension-utils/nifi-event-transport/target/classes:/home/alex/.m2/repository/io/netty/netty-handler/4.1.69.Final/netty-handler-4.1.69.Final.jar:/home/alex/.m2/repository/io/netty/netty-common/4.1.69.Final/netty-common-4.1.69.Final.jar:/home/alex/.m2/repository/io/netty/netty-resolver/4.1.69.Final/netty-resolver-4.1.69.Final.jar:/home/alex/.m2/repository/io/netty/netty-transport/4.1.69.Final/netty-transport-4.1.69.Final.jar:/home/alex/.m2/repository/io/netty/netty-codec/4.1.69.Final/netty-codec-4.1.69.Final.jar:/home/alex/Repositories/nifi/nifi-nar-bundles/nifi-extension-utils/nifi-syslog-utils/target/classes:/home/alex/.m2/repository/com/github/palindromicity/simple-syslog-5424/0.0.16/simple-syslog-5424-0.0.16.jar:/home/alex/.m2/repository/org/antlr/antlr4-runtime/4.7.2/antlr4-runtime-4.7.2.jar:/home/alex/Repositories/nifi/nifi-commons/nifi-utils/target/classes:/home/alex/Repositories/nifi/nifi-commons/nifi-record-path/target/classes:/home/alex/Repositories/nifi/nifi-commons/nifi-properties/target/classes:/home/alex/Repositories/nifi/nifi-commons/nifi-property-utils/target/classes:/home/alex/.m2/repository/com/github/ben-manes/caffeine/caffeine/2.8.1/caffeine-2.8.1.jar:/home/alex/Repositories/nifi/nifi-nar-bundles/nifi-standard-services/nifi-ssl-context-service-api/target/classes:/home/alex/Repositories/nifi/nifi-commons/nifi-security-utils-api/target/classes:/home/alex/Repositories/nifi/nifi-nar-bundles/nifi-standard-services/nifi-lookup-service-api/target/classes:/home/alex/Repositories/nifi/nifi-commons/nifi-flowfile-packager/target/classes:/home/alex/Repositories/nifi/nifi-nar-bundles/nifi-standard-services/nifi-distributed-cache-client-service-api/target/classes:/home/alex/Repositories/nifi/nifi-nar-bundles/nifi-standard-services/nifi-http-context-map-api/target/classes:/home/alex/Repositories/nifi/nifi-nar-bundles/nifi-standard-services/nifi-record-serialization-service-api/target/classes:/home/alex/Repositories/nifi/nifi-nar-bundles/nifi-standard-services/nifi-proxy-configuration-api/target/classes:/home/alex/Repositories/nifi/nifi-commons/nifi-record/target/classes:/home/alex/Repositories/nifi/nifi-nar-bundles/nifi-standard-services/nifi-record-sink-api/target/classes:/home/alex/.m2/repository/commons-io/commons-io/2.10.0/commons-io-2.10.0.jar:/home/alex/.m2/repository/javax/ws/rs/javax.ws.rs-api/2.1/javax.ws.rs-api-2.1.jar:/home/alex/.m2/repository/commons-net/commons-net/3.6/commons-net-3.6.jar:/home/alex/.m2/repository/org/apache/commons/commons-compress/1.21/commons-compress-1.21.jar:/home/alex/.m2/repository/org/apache/commons/commons-lang3/3.9/commons-lang3-3.9.jar:/home/alex/.m2/repository/org/bouncycastle/bcprov-jdk15on/1.69/bcprov-jdk15on-1.69.jar:/home/alex/.m2/repository/org/bouncycastle/bcpg-jdk15on/1.69/bcpg-jdk15on-1.69.jar:/home/alex/.m2/repository/org/bouncycastle/bcpkix-jdk15on/1.69/bcpkix-jdk15on-1.69.jar:/home/alex/.m2/repository/org/bouncycastle/bcutil-jdk15on/1.69/bcutil-jdk15on-1.69.jar:/home/alex/.m2/repository/commons-codec/commons-codec/1.14/commons-codec-1.14.jar:/home/alex/Repositories/nifi/nifi-commons/nifi-security-utils/target/classes:/home/alex/Repositories/nifi/nifi-commons/nifi-security-kms/target/classes:/home/alex/.m2/repository/org/apache/commons/commons-configuration2/2.7/commons-configuration2-2.7.jar:/home/alex/.m2/repository/com/hierynomus/sshj/0.32.0/sshj-0.32.0.jar:/home/alex/.m2/repository/com/jcraft/jzlib/1.1.3/jzlib-1.1.3.jar:/home/alex/.m2/repository/com/hierynomus/asn-one/0.6.0/asn-one-0.6.0.jar:/home/alex/.m2/repository/net/i2p/crypto/eddsa/0.3.0/eddsa-0.3.0.jar:/home/alex/.m2/repository/org/eclipse/jetty/jetty-server/9.4.44.v20210927/jetty-server-9.4.44.v20210927.jar:/home/alex/.m2/repository/javax/servlet/javax.servlet-api/3.1.0/javax.servlet-api-3.1.0.jar:/home/alex/.m2/repository/org/eclipse/jetty/jetty-http/9.4.44.v20210927/jetty-http-9.4.44.v20210927.jar:/home/alex/.m2/repository/org/eclipse/jetty/jetty-util/9.4.44.v20210927/jetty-util-9.4.44.v20210927.jar:/home/alex/.m2/repository/org/eclipse/jetty/jetty-io/9.4.44.v20210927/jetty-io-9.4.44.v20210927.jar:/home/alex/.m2/repository/org/eclipse/jetty/jetty-servlet/9.4.44.v20210927/jetty-servlet-9.4.44.v20210927.jar:/home/alex/.m2/repository/org/eclipse/jetty/jetty-security/9.4.44.v20210927/jetty-security-9.4.44.v20210927.jar:/home/alex/.m2/repository/org/eclipse/jetty/jetty-util-ajax/9.4.44.v20210927/jetty-util-ajax-9.4.44.v20210927.jar:/home/alex/.m2/repository/org/apache/httpcomponents/httpclient/4.5.5/httpclient-4.5.5.jar:/home/alex/.m2/repository/commons-logging/commons-logging/1.2/commons-logging-1.2.jar:/home/alex/.m2/repository/org/apache/httpcomponents/httpcore/4.4.9/httpcore-4.4.9.jar:/home/alex/.m2/repository/jakarta/activation/jakarta.activation-api/2.0.1/jakarta.activation-api-2.0.1.jar:/home/alex/.m2/repository/com/sun/activation/jakarta.activation/2.0.1/jakarta.activation-2.0.1.jar:/home/alex/.m2/repository/jakarta/mail/jakarta.mail-api/2.0.1/jakarta.mail-api-2.0.1.jar:/home/alex/.m2/repository/com/sun/mail/jakarta.mail/2.0.1/jakarta.mail-2.0.1.jar:/home/alex/.m2/repository/com/github/jponge/lzma-java/1.3/lzma-java-1.3.jar:/home/alex/.m2/repository/org/tukaani/xz/1.8/xz-1.8.jar:/home/alex/.m2/repository/net/sf/saxon/Saxon-HE/10.6/Saxon-HE-10.6.jar:/home/alex/Repositories/nifi/nifi-commons/nifi-socket-utils/target/classes:/home/alex/Repositories/nifi/nifi-commons/nifi-logging-utils/target/classes:/home/alex/Repositories/nifi/nifi-nar-bundles/nifi-standard-services/nifi-load-distribution-service-api/target/classes:/home/alex/.m2/repository/javax/jms/javax.jms-api/2.0.1/javax.jms-api-2.0.1.jar:/home/alex/.m2/repository/org/apache/activemq/activemq-client/5.15.15/activemq-client-5.15.15.jar:/home/alex/.m2/repository/org/apache/geronimo/specs/geronimo-jms_1.1_spec/1.1.1/geronimo-jms_1.1_spec-1.1.1.jar:/home/alex/.m2/repository/org/fusesource/hawtbuf/hawtbuf/1.11/hawtbuf-1.11.jar:/home/alex/.m2/repository/org/apache/geronimo/specs/geronimo-j2ee-management_1.1_spec/1.0.1/geronimo-j2ee-management_1.1_spec-1.0.1.jar:/home/alex/.m2/repository/com/jayway/jsonpath/json-path/2.6.0/json-path-2.6.0.jar:/home/alex/.m2/repository/net/minidev/json-smart/2.4.7/json-smart-2.4.7.jar:/home/alex/.m2/repository/net/minidev/accessors-smart/2.4.7/accessors-smart-2.4.7.jar:/home/alex/.m2/repository/org/ow2/asm/asm/9.1/asm-9.1.jar:/home/alex/.m2/repository/org/apache/tika/tika-core/1.26/tika-core-1.26.jar:/home/alex/.m2/repository/com/fasterxml/jackson/core/jackson-databind/2.12.3/jackson-databind-2.12.3.jar:/home/alex/.m2/repository/com/fasterxml/jackson/core/jackson-annotations/2.12.3/jackson-annotations-2.12.3.jar:/home/alex/.m2/repository/com/fasterxml/jackson/core/jackson-core/2.12.3/jackson-core-2.12.3.jar:/home/alex/Repositories/nifi/nifi-nar-bundles/nifi-extension-utils/nifi-record-utils/nifi-avro-record-utils/target/classes:/home/alex/Repositories/nifi/nifi-nar-bundles/nifi-extension-utils/nifi-record-utils/nifi-standard-record-utils/target/classes:/home/alex/.m2/repository/org/apache/avro/avro/1.8.1/avro-1.8.1.jar:/home/alex/.m2/repository/org/codehaus/jackson/jackson-core-asl/1.9.13/jackson-core-asl-1.9.13.jar:/home/alex/.m2/repository/org/codehaus/jackson/jackson-mapper-asl/1.9.13/jackson-mapper-asl-1.9.13.jar:/home/alex/.m2/repository/com/thoughtworks/paranamer/paranamer/2.7/paranamer-2.7.jar:/home/alex/Repositories/nifi/nifi-nar-bundles/nifi-standard-services/nifi-dbcp-service-api/target/classes:/home/alex/.m2/repository/com/squareup/okhttp3/okhttp/4.9.2/okhttp-4.9.2.jar:/home/alex/.m2/repository/com/squareup/okio/okio/2.8.0/okio-2.8.0.jar:/home/alex/.m2/repository/org/jetbrains/kotlin/kotlin-stdlib-common/1.4.0/kotlin-stdlib-common-1.4.0.jar:/home/alex/.m2/repository/org/jetbrains/kotlin/kotlin-stdlib/1.4.10/kotlin-stdlib-1.4.10.jar:/home/alex/.m2/repository/org/jetbrains/annotations/13.0/annotations-13.0.jar:/home/alex/.m2/repository/io/github/rburgst/okhttp-digest/2.5/okhttp-digest-2.5.jar:/home/alex/.m2/repository/at/favre/lib/bcrypt/0.9.0/bcrypt-0.9.0.jar:/home/alex/.m2/repository/at/favre/lib/bytes/1.3.0/bytes-1.3.0.jar:/home/alex/.m2/repository/com/google/guava/guava/28.0-jre/guava-28.0-jre.jar:/home/alex/.m2/repository/com/google/guava/failureaccess/1.0.1/failureaccess-1.0.1.jar:/home/alex/.m2/repository/com/google/guava/listenablefuture/9999.0-empty-to-avoid-conflict-with-guava/listenablefuture-9999.0-empty-to-avoid-conflict-with-guava.jar:/home/alex/.m2/repository/com/google/code/findbugs/jsr305/3.0.2/jsr305-3.0.2.jar:/home/alex/.m2/repository/org/checkerframework/checker-qual/2.8.1/checker-qual-2.8.1.jar:/home/alex/.m2/repository/com/google/errorprone/error_prone_annotations/2.3.2/error_prone_annotations-2.3.2.jar:/home/alex/.m2/repository/com/google/j2objc/j2objc-annotations/1.3/j2objc-annotations-1.3.jar:/home/alex/.m2/repository/org/codehaus/mojo/animal-sniffer-annotations/1.17/animal-sniffer-annotations-1.17.jar:/home/alex/Repositories/nifi/nifi-mock/target/classes:/home/alex/Repositories/nifi/nifi-framework-api/target/classes:/home/alex/Repositories/nifi/nifi-nar-bundles/nifi-framework-bundle/nifi-framework/nifi-framework-core-api/target/classes:/home/alex/Repositories/nifi/nifi-nar-bundles/nifi-framework-bundle/nifi-framework/nifi-framework-nar-utils/target/classes:/home/alex/Repositories/nifi/nifi-nar-bundles/nifi-framework-bundle/nifi-framework/nifi-client-dto/target/classes:/home/alex/.m2/repository/io/swagger/swagger-annotations/1.6.0/swagger-annotations-1.6.0.jar:/home/alex/Repositories/nifi/nifi-commons/nifi-site-to-site-client/target/classes:/home/alex/.m2/repository/org/apache/httpcomponents/httpasyncclient/4.1.4/httpasyncclient-4.1.4.jar:/home/alex/.m2/repository/org/apache/httpcomponents/httpcore-nio/4.4.10/httpcore-nio-4.4.10.jar:/home/alex/Repositories/nifi/nifi-nar-bundles/nifi-framework-bundle/nifi-framework/nifi-framework-authorization/target/classes:/home/alex/Repositories/nifi/nifi-registry/nifi-registry-core/nifi-registry-data-model/target/classes:/home/alex/Repositories/nifi/nifi-registry/nifi-registry-core/nifi-registry-revision/nifi-registry-revision-entity-model/target/classes:/home/alex/Repositories/nifi/nifi-registry/nifi-registry-core/nifi-registry-client/target/classes:/home/alex/Repositories/nifi/nifi-registry/nifi-registry-core/nifi-registry-security-utils/target/classes:/home/alex/.m2/repository/org/glassfish/jersey/core/jersey-client/2.33/jersey-client-2.33.jar:/home/alex/.m2/repository/jakarta/ws/rs/jakarta.ws.rs-api/2.1.6/jakarta.ws.rs-api-2.1.6.jar:/home/alex/.m2/repository/org/glassfish/hk2/external/jakarta.inject/2.6.1/jakarta.inject-2.6.1.jar:/home/alex/.m2/repository/org/glassfish/jersey/media/jersey-media-json-jackson/2.33/jersey-media-json-jackson-2.33.jar:/home/alex/.m2/repository/org/glassfish/jersey/ext/jersey-entity-filtering/2.33/jersey-entity-filtering-2.33.jar:/home/alex/.m2/repository/org/glassfish/jersey/inject/jersey-hk2/2.33/jersey-hk2-2.33.jar:/home/alex/.m2/repository/org/glassfish/hk2/hk2-locator/2.6.1/hk2-locator-2.6.1.jar:/home/alex/.m2/repository/org/glassfish/hk2/external/aopalliance-repackaged/2.6.1/aopalliance-repackaged-2.6.1.jar:/home/alex/.m2/repository/org/glassfish/hk2/hk2-api/2.6.1/hk2-api-2.6.1.jar:/home/alex/.m2/repository/org/glassfish/hk2/hk2-utils/2.6.1/hk2-utils-2.6.1.jar:/home/alex/.m2/repository/org/javassist/javassist/3.25.0-GA/javassist-3.25.0-GA.jar:/home/alex/.m2/repository/org/glassfish/jersey/core/jersey-common/2.33/jersey-common-2.33.jar:/home/alex/.m2/repository/jakarta/annotation/jakarta.annotation-api/1.3.5/jakarta.annotation-api-1.3.5.jar:/home/alex/.m2/repository/org/glassfish/hk2/osgi-resource-locator/1.0.3/osgi-resource-locator-1.0.3.jar:/home/alex/.m2/repository/org/glassfish/jersey/media/jersey-media-multipart/2.33/jersey-media-multipart-2.33.jar:/home/alex/.m2/repository/org/jvnet/mimepull/mimepull/1.9.13/mimepull-1.9.13.jar:/home/alex/Repositories/nifi/nifi-commons/nifi-data-provenance-utils/target/classes:/home/alex/Repositories/nifi/nifi-nar-bundles/nifi-standard-services/nifi-distributed-cache-services-bundle/nifi-distributed-cache-client-service/target/classes:/home/alex/Repositories/nifi/nifi-nar-bundles/nifi-standard-services/nifi-distributed-cache-services-bundle/nifi-distributed-cache-protocol/target/classes:/home/alex/.m2/repository/io/netty/netty-buffer/4.1.69.Final/netty-buffer-4.1.69.Final.jar:/home/alex/.m2/repository/com/google/http-client/google-http-client/1.28.0/google-http-client-1.28.0.jar:/home/alex/.m2/repository/io/opencensus/opencensus-api/0.18.0/opencensus-api-0.18.0.jar:/home/alex/.m2/repository/io/grpc/grpc-context/1.14.0/grpc-context-1.14.0.jar:/home/alex/.m2/repository/io/opencensus/opencensus-contrib-http-util/0.18.0/opencensus-contrib-http-util-0.18.0.jar:/home/alex/.m2/repository/org/apache/activemq/activemq-broker/5.15.14/activemq-broker-5.15.14.jar:/home/alex/.m2/repository/org/apache/activemq/activemq-openwire-legacy/5.15.14/activemq-openwire-legacy-5.15.14.jar:/home/alex/Repositories/nifi/nifi-nar-bundles/nifi-standard-services/nifi-ssl-context-bundle/nifi-ssl-context-service/target/classes:/home/alex/Repositories/nifi/nifi-nar-bundles/nifi-framework-bundle/nifi-framework/nifi-standard-prioritizers/target/classes:/home/alex/Repositories/nifi/nifi-nar-bundles/nifi-extension-utils/nifi-record-utils/nifi-mock-record-utils/target/classes:/home/alex/Repositories/nifi/nifi-nar-bundles/nifi-standard-services/nifi-record-serialization-services-bundle/nifi-record-serialization-services/target/classes:/home/alex/.m2/repository/org/apache/commons/commons-csv/1.8/commons-csv-1.8.jar:/home/alex/.m2/repository/com/fasterxml/jackson/dataformat/jackson-dataformat-csv/2.12.3/jackson-dataformat-csv-2.12.3.jar:/home/alex/.m2/repository/net/java/dev/stax-utils/stax-utils/20070216/stax-utils-20070216.jar:/home/alex/Repositories/nifi/nifi-nar-bundles/nifi-standard-services/nifi-lookup-services-bundle/nifi-lookup-services/target/classes:/home/alex/.m2/repository/commons-beanutils/commons-beanutils/1.9.4/commons-beanutils-1.9.4.jar:/home/alex/.m2/repository/commons-collections/commons-collections/3.2.2/commons-collections-3.2.2.jar:/home/alex/.m2/repository/com/maxmind/geoip2/geoip2/2.12.0/geoip2-2.12.0.jar:/home/alex/.m2/repository/com/maxmind/db/maxmind-db/1.2.2/maxmind-db-1.2.2.jar:/home/alex/.m2/repository/org/apache/derby/derby/10.14.2.0/derby-10.14.2.0.jar:/home/alex/.m2/repository/org/xerial/snappy/snappy-java/1.1.7.3/snappy-java-1.1.7.3.jar:/home/alex/.m2/repository/net/lingala/zip4j/zip4j/2.8.0/zip4j-2.8.0.jar:/home/alex/.m2/repository/com/h2database/h2/1.4.187/h2-1.4.187.jar:/home/alex/.m2/repository/org/mockftpserver/MockFtpServer/2.7.1/MockFtpServer-2.7.1.jar:/home/alex/.m2/repository/org/apache/sshd/sshd-core/1.7.0/sshd-core-1.7.0.jar:/home/alex/.m2/repository/com/bazaarvoice/jolt/jolt-core/0.1.1/jolt-core-0.1.1.jar:/home/alex/.m2/repository/javax/inject/javax.inject/1/javax.inject-1.jar:/home/alex/.m2/repository/com/bazaarvoice/jolt/json-utils/0.1.1/json-utils-0.1.1.jar:/home/alex/Repositories/nifi/nifi-nar-bundles/nifi-standard-bundle/nifi-standard-utils/target/classes:/home/alex/.m2/repository/net/sf/supercsv/super-csv/2.4.0/super-csv-2.4.0.jar:/home/alex/.m2/repository/com/fluenda/parcefone/2.1.0/parcefone-2.1.0.jar:/home/alex/.m2/repository/javax/validation/validation-api/1.1.0.Final/validation-api-1.1.0.Final.jar:/home/alex/.m2/repository/javax/el/javax.el-api/3.0.0/javax.el-api-3.0.0.jar:/home/alex/.m2/repository/com/github/wnameless/json/json-flattener/0.12.0/json-flattener-0.12.0.jar:/home/alex/.m2/repository/com/github/wnameless/json/json-base/2.0.0/json-base-2.0.0.jar:/home/alex/.m2/repository/org/apache/bval/bval-jsr/1.1.2/bval-jsr-1.1.2.jar:/home/alex/.m2/repository/org/apache/bval/bval-core/1.1.2/bval-core-1.1.2.jar:/home/alex/.m2/repository/io/krakens/java-grok/0.1.9/java-grok-0.1.9.jar:/home/alex/.m2/repository/org/apache/calcite/calcite-core/1.27.0/calcite-core-1.27.0.jar:/home/alex/.m2/repository/org/apache/calcite/calcite-linq4j/1.27.0/calcite-linq4j-1.27.0.jar:/home/alex/.m2/repository/com/esri/geometry/esri-geometry-api/2.2.0/esri-geometry-api-2.2.0.jar:/home/alex/.m2/repository/org/apache/calcite/avatica/avatica-core/1.18.0/avatica-core-1.18.0.jar:/home/alex/.m2/repository/org/apache/calcite/avatica/avatica-metrics/1.18.0/avatica-metrics-1.18.0.jar:/home/alex/.m2/repository/com/google/protobuf/protobuf-java/3.6.1/protobuf-java-3.6.1.jar:/home/alex/.m2/repository/org/apiguardian/apiguardian-api/1.1.0/apiguardian-api-1.1.0.jar:/home/alex/.m2/repository/com/fasterxml/jackson/dataformat/jackson-dataformat-yaml/2.10.0/jackson-dataformat-yaml-2.10.0.jar:/home/alex/.m2/repository/org/yaml/snakeyaml/1.29/snakeyaml-1.29.jar:/home/alex/.m2/repository/com/google/uzaygezen/uzaygezen-core/0.2/uzaygezen-core-0.2.jar:/home/alex/.m2/repository/com/yahoo/datasketches/sketches-core/0.9.0/sketches-core-0.9.0.jar:/home/alex/.m2/repository/com/yahoo/datasketches/memory/0.9.0/memory-0.9.0.jar:/home/alex/.m2/repository/net/hydromatic/aggdesigner-algorithm/6.0/aggdesigner-algorithm-6.0.jar:/home/alex/.m2/repository/commons-lang/commons-lang/2.4/commons-lang-2.4.jar:/home/alex/.m2/repository/org/apache/commons/commons-dbcp2/2.6.0/commons-dbcp2-2.6.0.jar:/home/alex/.m2/repository/org/apache/commons/commons-pool2/2.6.1/commons-pool2-2.6.1.jar:/home/alex/.m2/repository/org/codehaus/janino/commons-compiler/3.0.11/commons-compiler-3.0.11.jar:/home/alex/.m2/repository/org/codehaus/janino/janino/3.0.11/janino-3.0.11.jar:/home/alex/Repositories/nifi/nifi-nar-bundles/nifi-standard-services/nifi-schema-registry-service-api/target/classes:/home/alex/Repositories/nifi/nifi-nar-bundles/nifi-extension-utils/nifi-database-utils/target/classes:/home/alex/Repositories/nifi/nifi-nar-bundles/nifi-standard-bundle/nifi-standard-web-test-utils/target/classes:/home/alex/.m2/repository/com/github/stefanbirkner/fake-sftp-server-rule/2.0.1/fake-sftp-server-rule-2.0.1.jar:/home/alex/.m2/repository/com/github/marschall/memoryfilesystem/2.8.0/memoryfilesystem-2.8.0.jar:/home/alex/.m2/repository/junit/junit/4.13.2/junit-4.13.2.jar:/home/alex/.m2/repository/org/hamcrest/hamcrest-core/1.3/hamcrest-core-1.3.jar:/home/alex/Repositories/nifi/nifi-nar-bundles/nifi-extension-utils/nifi-database-test-utils/target/classes:/home/alex/.m2/repository/org/codehaus/groovy/groovy-json/2.5.14/groovy-json-2.5.14.jar:/home/alex/.m2/repository/org/codehaus/groovy/groovy/2.5.14/groovy-2.5.14.jar:/home/alex/.m2/repository/org/codehaus/groovy/groovy-servlet/2.5.14/groovy-servlet-2.5.14.jar:/home/alex/.m2/repository/org/codehaus/groovy/groovy-templates/2.5.14/groovy-templates-2.5.14.jar:/home/alex/.m2/repository/org/codehaus/groovy/groovy-xml/2.5.14/groovy-xml-2.5.14.jar:/home/alex/.m2/repository/org/hamcrest/hamcrest-all/1.3/hamcrest-all-1.3.jar:/home/alex/.m2/repository/com/squareup/okhttp3/mockwebserver/4.9.2/mockwebserver-4.9.2.jar:/home/alex/.m2/repository/org/jetbrains/kotlin/kotlin-stdlib-jdk8/1.4.10/kotlin-stdlib-jdk8-1.4.10.jar:/home/alex/.m2/repository/org/jetbrains/kotlin/kotlin-stdlib-jdk7/1.4.10/kotlin-stdlib-jdk7-1.4.10.jar:/home/alex/.m2/repository/org/mockito/mockito-inline/3.12.4/mockito-inline-3.12.4.jar:/home/alex/.m2/repository/org/junit/jupiter/junit-jupiter-api/5.7.2/junit-jupiter-api-5.7.2.jar:/home/alex/.m2/repository/org/opentest4j/opentest4j/1.2.0/opentest4j-1.2.0.jar:/home/alex/.m2/repository/org/junit/platform/junit-platform-commons/1.7.2/junit-platform-commons-1.7.2.jar:/home/alex/.m2/repository/org/junit/jupiter/junit-jupiter-engine/5.7.2/junit-jupiter-engine-5.7.2.jar:/home/alex/.m2/repository/org/junit/platform/junit-platform-engine/1.7.2/junit-platform-engine-1.7.2.jar:/home/alex/.m2/repository/org/junit/vintage/junit-vintage-engine/5.7.2/junit-vintage-engine-5.7.2.jar:/home/alex/.m2/repository/org/junit/jupiter/junit-jupiter-params/5.7.2/junit-jupiter-params-5.7.2.jar:/home/alex/.m2/repository/org/mockito/mockito-core/3.11.2/mockito-core-3.11.2.jar:/home/alex/.m2/repository/net/bytebuddy/byte-buddy/1.11.3/byte-buddy-1.11.3.jar:/home/alex/.m2/repository/net/bytebuddy/byte-buddy-agent/1.11.3/byte-buddy-agent-1.11.3.jar:/home/alex/.m2/repository/org/objenesis/objenesis/3.2/objenesis-3.2.jar:/home/alex/.m2/repository/org/mockito/mockito-junit-jupiter/3.11.2/mockito-junit-jupiter-3.11.2.jar:/home/alex/.m2/repository/org/slf4j/slf4j-simple/1.7.32/slf4j-simple-1.7.32.jar:/home/alex/.m2/repository/org/codehaus/groovy/groovy-test/2.5.14/groovy-test-2.5.14.jar:"/>
    <property name="java.vm.vendor" value="Private Build"/>
    <property name="sun.arch.data.model" value="64"/>
    <property name="java.vendor.url" value="http://java.oracle.com/"/>
    <property name="user.timezone" value="Europe/Lisbon"/>
    <property name="java.vm.specification.version" value="1.8"/>
    <property name="os.name" value="Linux"/>
    <property name="user.country" value="US"/>
    <property name="sun.java.launcher" value="SUN_STANDARD"/>
    <property name="sun.boot.library.path" value="/usr/lib/jvm/java-8-openjdk-amd64/jre/lib/amd64"/>
    <property name="sun.java.command" value="/home/alex/Repositories/nifi/nifi-nar-bundles/nifi-standard-bundle/nifi-standard-processors/target/surefire/surefirebooter5765390859711556220.jar /home/alex/Repositories/nifi/nifi-nar-bundles/nifi-standard-bundle/nifi-standard-processors/target/surefire 2024-05-02T03-00-27_868-jvmRun1 surefire9208373730939602304tmp surefire_6996902428243563721tmp"/>
    <property name="org.slf4j.simpleLogger.log.nifi.io.nio" value="debug"/>
    <property name="surefire.test.class.path" value="/home/alex/Repositories/nifi/nifi-nar-bundles/nifi-standard-bundle/nifi-standard-processors/target/test-classes:/home/alex/Repositories/nifi/nifi-nar-bundles/nifi-standard-bundle/nifi-standard-processors/target/classes:/home/alex/.m2/repository/org/apache/ftpserver/ftpserver-core/1.1.1/ftpserver-core-1.1.1.jar:/home/alex/.m2/repository/org/apache/ftpserver/ftplet-api/1.1.1/ftplet-api-1.1.1.jar:/home/alex/.m2/repository/org/slf4j/slf4j-api/1.7.32/slf4j-api-1.7.32.jar:/home/alex/.m2/repository/org/apache/mina/mina-core/2.0.16/mina-core-2.0.16.jar:/home/alex/Repositories/nifi/nifi-api/target/classes:/home/alex/Repositories/nifi/nifi-commons/nifi-expression-language/target/classes:/home/alex/.m2/repository/org/antlr/antlr-runtime/3.5.2/antlr-runtime-3.5.2.jar:/home/alex/Repositories/nifi/nifi-commons/nifi-parameter/target/classes:/home/alex/Repositories/nifi/nifi-commons/nifi-uuid5/target/classes:/home/alex/.m2/repository/org/apache/commons/commons-text/1.8/commons-text-1.8.jar:/home/alex/Repositories/nifi/nifi-nar-bundles/nifi-extension-utils/nifi-processor-utils/target/classes:/home/alex/Repositories/nifi/nifi-commons/nifi-security-socket-ssl/target/classes:/home/alex/Repositories/nifi/nifi-nar-bundles/nifi-extension-utils/nifi-event-transport/target/classes:/home/alex/.m2/repository/io/netty/netty-handler/4.1.69.Final/netty-handler-4.1.69.Final.jar:/home/alex/.m2/repository/io/netty/netty-common/4.1.69.Final/netty-common-4.1.69.Final.jar:/home/alex/.m2/repository/io/netty/netty-resolver/4.1.69.Final/netty-resolver-4.1.69.Final.jar:/home/alex/.m2/repository/io/netty/netty-transport/4.1.69.Final/netty-transport-4.1.69.Final.jar:/home/alex/.m2/repository/io/netty/netty-codec/4.1.69.Final/netty-codec-4.1.69.Final.jar:/home/alex/Repositories/nifi/nifi-nar-bundles/nifi-extension-utils/nifi-syslog-utils/target/classes:/home/alex/.m2/repository/com/github/palindromicity/simple-syslog-5424/0.0.16/simple-syslog-5424-0.0.16.jar:/home/alex/.m2/repository/org/antlr/antlr4-runtime/4.7.2/antlr4-runtime-4.7.2.jar:/home/alex/Repositories/nifi/nifi-commons/nifi-utils/target/classes:/home/alex/Repositories/nifi/nifi-commons/nifi-record-path/target/classes:/home/alex/Repositories/nifi/nifi-commons/nifi-properties/target/classes:/home/alex/Repositories/nifi/nifi-commons/nifi-property-utils/target/classes:/home/alex/.m2/repository/com/github/ben-manes/caffeine/caffeine/2.8.1/caffeine-2.8.1.jar:/home/alex/Repositories/nifi/nifi-nar-bundles/nifi-standard-services/nifi-ssl-context-service-api/target/classes:/home/alex/Repositories/nifi/nifi-commons/nifi-security-utils-api/target/classes:/home/alex/Repositories/nifi/nifi-nar-bundles/nifi-standard-services/nifi-lookup-service-api/target/classes:/home/alex/Repositories/nifi/nifi-commons/nifi-flowfile-packager/target/classes:/home/alex/Repositories/nifi/nifi-nar-bundles/nifi-standard-services/nifi-distributed-cache-client-service-api/target/classes:/home/alex/Repositories/nifi/nifi-nar-bundles/nifi-standard-services/nifi-http-context-map-api/target/classes:/home/alex/Repositories/nifi/nifi-nar-bundles/nifi-standard-services/nifi-record-serialization-service-api/target/classes:/home/alex/Repositories/nifi/nifi-nar-bundles/nifi-standard-services/nifi-proxy-configuration-api/target/classes:/home/alex/Repositories/nifi/nifi-commons/nifi-record/target/classes:/home/alex/Repositories/nifi/nifi-nar-bundles/nifi-standard-services/nifi-record-sink-api/target/classes:/home/alex/.m2/repository/commons-io/commons-io/2.10.0/commons-io-2.10.0.jar:/home/alex/.m2/repository/javax/ws/rs/javax.ws.rs-api/2.1/javax.ws.rs-api-2.1.jar:/home/alex/.m2/repository/commons-net/commons-net/3.6/commons-net-3.6.jar:/home/alex/.m2/repository/org/apache/commons/commons-compress/1.21/commons-compress-1.21.jar:/home/alex/.m2/repository/org/apache/commons/commons-lang3/3.9/commons-lang3-3.9.jar:/home/alex/.m2/repository/org/bouncycastle/bcprov-jdk15on/1.69/bcprov-jdk15on-1.69.jar:/home/alex/.m2/repository/org/bouncycastle/bcpg-jdk15on/1.69/bcpg-jdk15on-1.69.jar:/home/alex/.m2/repository/org/bouncycastle/bcpkix-jdk15on/1.69/bcpkix-jdk15on-1.69.jar:/home/alex/.m2/repository/org/bouncycastle/bcutil-jdk15on/1.69/bcutil-jdk15on-1.69.jar:/home/alex/.m2/repository/commons-codec/commons-codec/1.14/commons-codec-1.14.jar:/home/alex/Repositories/nifi/nifi-commons/nifi-security-utils/target/classes:/home/alex/Repositories/nifi/nifi-commons/nifi-security-kms/target/classes:/home/alex/.m2/repository/org/apache/commons/commons-configuration2/2.7/commons-configuration2-2.7.jar:/home/alex/.m2/repository/com/hierynomus/sshj/0.32.0/sshj-0.32.0.jar:/home/alex/.m2/repository/com/jcraft/jzlib/1.1.3/jzlib-1.1.3.jar:/home/alex/.m2/repository/com/hierynomus/asn-one/0.6.0/asn-one-0.6.0.jar:/home/alex/.m2/repository/net/i2p/crypto/eddsa/0.3.0/eddsa-0.3.0.jar:/home/alex/.m2/repository/org/eclipse/jetty/jetty-server/9.4.44.v20210927/jetty-server-9.4.44.v20210927.jar:/home/alex/.m2/repository/javax/servlet/javax.servlet-api/3.1.0/javax.servlet-api-3.1.0.jar:/home/alex/.m2/repository/org/eclipse/jetty/jetty-http/9.4.44.v20210927/jetty-http-9.4.44.v20210927.jar:/home/alex/.m2/repository/org/eclipse/jetty/jetty-util/9.4.44.v20210927/jetty-util-9.4.44.v20210927.jar:/home/alex/.m2/repository/org/eclipse/jetty/jetty-io/9.4.44.v20210927/jetty-io-9.4.44.v20210927.jar:/home/alex/.m2/repository/org/eclipse/jetty/jetty-servlet/9.4.44.v20210927/jetty-servlet-9.4.44.v20210927.jar:/home/alex/.m2/repository/org/eclipse/jetty/jetty-security/9.4.44.v20210927/jetty-security-9.4.44.v20210927.jar:/home/alex/.m2/repository/org/eclipse/jetty/jetty-util-ajax/9.4.44.v20210927/jetty-util-ajax-9.4.44.v20210927.jar:/home/alex/.m2/repository/org/apache/httpcomponents/httpclient/4.5.5/httpclient-4.5.5.jar:/home/alex/.m2/repository/commons-logging/commons-logging/1.2/commons-logging-1.2.jar:/home/alex/.m2/repository/org/apache/httpcomponents/httpcore/4.4.9/httpcore-4.4.9.jar:/home/alex/.m2/repository/jakarta/activation/jakarta.activation-api/2.0.1/jakarta.activation-api-2.0.1.jar:/home/alex/.m2/repository/com/sun/activation/jakarta.activation/2.0.1/jakarta.activation-2.0.1.jar:/home/alex/.m2/repository/jakarta/mail/jakarta.mail-api/2.0.1/jakarta.mail-api-2.0.1.jar:/home/alex/.m2/repository/com/sun/mail/jakarta.mail/2.0.1/jakarta.mail-2.0.1.jar:/home/alex/.m2/repository/com/github/jponge/lzma-java/1.3/lzma-java-1.3.jar:/home/alex/.m2/repository/org/tukaani/xz/1.8/xz-1.8.jar:/home/alex/.m2/repository/net/sf/saxon/Saxon-HE/10.6/Saxon-HE-10.6.jar:/home/alex/Repositories/nifi/nifi-commons/nifi-socket-utils/target/classes:/home/alex/Repositories/nifi/nifi-commons/nifi-logging-utils/target/classes:/home/alex/Repositories/nifi/nifi-nar-bundles/nifi-standard-services/nifi-load-distribution-service-api/target/classes:/home/alex/.m2/repository/javax/jms/javax.jms-api/2.0.1/javax.jms-api-2.0.1.jar:/home/alex/.m2/repository/org/apache/activemq/activemq-client/5.15.15/activemq-client-5.15.15.jar:/home/alex/.m2/repository/org/apache/geronimo/specs/geronimo-jms_1.1_spec/1.1.1/geronimo-jms_1.1_spec-1.1.1.jar:/home/alex/.m2/repository/org/fusesource/hawtbuf/hawtbuf/1.11/hawtbuf-1.11.jar:/home/alex/.m2/repository/org/apache/geronimo/specs/geronimo-j2ee-management_1.1_spec/1.0.1/geronimo-j2ee-management_1.1_spec-1.0.1.jar:/home/alex/.m2/repository/com/jayway/jsonpath/json-path/2.6.0/json-path-2.6.0.jar:/home/alex/.m2/repository/net/minidev/json-smart/2.4.7/json-smart-2.4.7.jar:/home/alex/.m2/repository/net/minidev/accessors-smart/2.4.7/accessors-smart-2.4.7.jar:/home/alex/.m2/repository/org/ow2/asm/asm/9.1/asm-9.1.jar:/home/alex/.m2/repository/org/apache/tika/tika-core/1.26/tika-core-1.26.jar:/home/alex/.m2/repository/com/fasterxml/jackson/core/jackson-databind/2.12.3/jackson-databind-2.12.3.jar:/home/alex/.m2/repository/com/fasterxml/jackson/core/jackson-annotations/2.12.3/jackson-annotations-2.12.3.jar:/home/alex/.m2/repository/com/fasterxml/jackson/core/jackson-core/2.12.3/jackson-core-2.12.3.jar:/home/alex/Repositories/nifi/nifi-nar-bundles/nifi-extension-utils/nifi-record-utils/nifi-avro-record-utils/target/classes:/home/alex/Repositories/nifi/nifi-nar-bundles/nifi-extension-utils/nifi-record-utils/nifi-standard-record-utils/target/classes:/home/alex/.m2/repository/org/apache/avro/avro/1.8.1/avro-1.8.1.jar:/home/alex/.m2/repository/org/codehaus/jackson/jackson-core-asl/1.9.13/jackson-core-asl-1.9.13.jar:/home/alex/.m2/repository/org/codehaus/jackson/jackson-mapper-asl/1.9.13/jackson-mapper-asl-1.9.13.jar:/home/alex/.m2/repository/com/thoughtworks/paranamer/paranamer/2.7/paranamer-2.7.jar:/home/alex/Repositories/nifi/nifi-nar-bundles/nifi-standard-services/nifi-dbcp-service-api/target/classes:/home/alex/.m2/repository/com/squareup/okhttp3/okhttp/4.9.2/okhttp-4.9.2.jar:/home/alex/.m2/repository/com/squareup/okio/okio/2.8.0/okio-2.8.0.jar:/home/alex/.m2/repository/org/jetbrains/kotlin/kotlin-stdlib-common/1.4.0/kotlin-stdlib-common-1.4.0.jar:/home/alex/.m2/repository/org/jetbrains/kotlin/kotlin-stdlib/1.4.10/kotlin-stdlib-1.4.10.jar:/home/alex/.m2/repository/org/jetbrains/annotations/13.0/annotations-13.0.jar:/home/alex/.m2/repository/io/github/rburgst/okhttp-digest/2.5/okhttp-digest-2.5.jar:/home/alex/.m2/repository/at/favre/lib/bcrypt/0.9.0/bcrypt-0.9.0.jar:/home/alex/.m2/repository/at/favre/lib/bytes/1.3.0/bytes-1.3.0.jar:/home/alex/.m2/repository/com/google/guava/guava/28.0-jre/guava-28.0-jre.jar:/home/alex/.m2/repository/com/google/guava/failureaccess/1.0.1/failureaccess-1.0.1.jar:/home/alex/.m2/repository/com/google/guava/listenablefuture/9999.0-empty-to-avoid-conflict-with-guava/listenablefuture-9999.0-empty-to-avoid-conflict-with-guava.jar:/home/alex/.m2/repository/com/google/code/findbugs/jsr305/3.0.2/jsr305-3.0.2.jar:/home/alex/.m2/repository/org/checkerframework/checker-qual/2.8.1/checker-qual-2.8.1.jar:/home/alex/.m2/repository/com/google/errorprone/error_prone_annotations/2.3.2/error_prone_annotations-2.3.2.jar:/home/alex/.m2/repository/com/google/j2objc/j2objc-annotations/1.3/j2objc-annotations-1.3.jar:/home/alex/.m2/repository/org/codehaus/mojo/animal-sniffer-annotations/1.17/animal-sniffer-annotations-1.17.jar:/home/alex/Repositories/nifi/nifi-mock/target/classes:/home/alex/Repositories/nifi/nifi-framework-api/target/classes:/home/alex/Repositories/nifi/nifi-nar-bundles/nifi-framework-bundle/nifi-framework/nifi-framework-core-api/target/classes:/home/alex/Repositories/nifi/nifi-nar-bundles/nifi-framework-bundle/nifi-framework/nifi-framework-nar-utils/target/classes:/home/alex/Repositories/nifi/nifi-nar-bundles/nifi-framework-bundle/nifi-framework/nifi-client-dto/target/classes:/home/alex/.m2/repository/io/swagger/swagger-annotations/1.6.0/swagger-annotations-1.6.0.jar:/home/alex/Repositories/nifi/nifi-commons/nifi-site-to-site-client/target/classes:/home/alex/.m2/repository/org/apache/httpcomponents/httpasyncclient/4.1.4/httpasyncclient-4.1.4.jar:/home/alex/.m2/repository/org/apache/httpcomponents/httpcore-nio/4.4.10/httpcore-nio-4.4.10.jar:/home/alex/Repositories/nifi/nifi-nar-bundles/nifi-framework-bundle/nifi-framework/nifi-framework-authorization/target/classes:/home/alex/Repositories/nifi/nifi-registry/nifi-registry-core/nifi-registry-data-model/target/classes:/home/alex/Repositories/nifi/nifi-registry/nifi-registry-core/nifi-registry-revision/nifi-registry-revision-entity-model/target/classes:/home/alex/Repositories/nifi/nifi-registry/nifi-registry-core/nifi-registry-client/target/classes:/home/alex/Repositories/nifi/nifi-registry/nifi-registry-core/nifi-registry-security-utils/target/classes:/home/alex/.m2/repository/org/glassfish/jersey/core/jersey-client/2.33/jersey-client-2.33.jar:/home/alex/.m2/repository/jakarta/ws/rs/jakarta.ws.rs-api/2.1.6/jakarta.ws.rs-api-2.1.6.jar:/home/alex/.m2/repository/org/glassfish/hk2/external/jakarta.inject/2.6.1/jakarta.inject-2.6.1.jar:/home/alex/.m2/repository/org/glassfish/jersey/media/jersey-media-json-jackson/2.33/jersey-media-json-jackson-2.33.jar:/home/alex/.m2/repository/org/glassfish/jersey/ext/jersey-entity-filtering/2.33/jersey-entity-filtering-2.33.jar:/home/alex/.m2/repository/org/glassfish/jersey/inject/jersey-hk2/2.33/jersey-hk2-2.33.jar:/home/alex/.m2/repository/org/glassfish/hk2/hk2-locator/2.6.1/hk2-locator-2.6.1.jar:/home/alex/.m2/repository/org/glassfish/hk2/external/aopalliance-repackaged/2.6.1/aopalliance-repackaged-2.6.1.jar:/home/alex/.m2/repository/org/glassfish/hk2/hk2-api/2.6.1/hk2-api-2.6.1.jar:/home/alex/.m2/repository/org/glassfish/hk2/hk2-utils/2.6.1/hk2-utils-2.6.1.jar:/home/alex/.m2/repository/org/javassist/javassist/3.25.0-GA/javassist-3.25.0-GA.jar:/home/alex/.m2/repository/org/glassfish/jersey/core/jersey-common/2.33/jersey-common-2.33.jar:/home/alex/.m2/repository/jakarta/annotation/jakarta.annotation-api/1.3.5/jakarta.annotation-api-1.3.5.jar:/home/alex/.m2/repository/org/glassfish/hk2/osgi-resource-locator/1.0.3/osgi-resource-locator-1.0.3.jar:/home/alex/.m2/repository/org/glassfish/jersey/media/jersey-media-multipart/2.33/jersey-media-multipart-2.33.jar:/home/alex/.m2/repository/org/jvnet/mimepull/mimepull/1.9.13/mimepull-1.9.13.jar:/home/alex/Repositories/nifi/nifi-commons/nifi-data-provenance-utils/target/classes:/home/alex/Repositories/nifi/nifi-nar-bundles/nifi-standard-services/nifi-distributed-cache-services-bundle/nifi-distributed-cache-client-service/target/classes:/home/alex/Repositories/nifi/nifi-nar-bundles/nifi-standard-services/nifi-distributed-cache-services-bundle/nifi-distributed-cache-protocol/target/classes:/home/alex/.m2/repository/io/netty/netty-buffer/4.1.69.Final/netty-buffer-4.1.69.Final.jar:/home/alex/.m2/repository/com/google/http-client/google-http-client/1.28.0/google-http-client-1.28.0.jar:/home/alex/.m2/repository/io/opencensus/opencensus-api/0.18.0/opencensus-api-0.18.0.jar:/home/alex/.m2/repository/io/grpc/grpc-context/1.14.0/grpc-context-1.14.0.jar:/home/alex/.m2/repository/io/opencensus/opencensus-contrib-http-util/0.18.0/opencensus-contrib-http-util-0.18.0.jar:/home/alex/.m2/repository/org/apache/activemq/activemq-broker/5.15.14/activemq-broker-5.15.14.jar:/home/alex/.m2/repository/org/apache/activemq/activemq-openwire-legacy/5.15.14/activemq-openwire-legacy-5.15.14.jar:/home/alex/Repositories/nifi/nifi-nar-bundles/nifi-standard-services/nifi-ssl-context-bundle/nifi-ssl-context-service/target/classes:/home/alex/Repositories/nifi/nifi-nar-bundles/nifi-framework-bundle/nifi-framework/nifi-standard-prioritizers/target/classes:/home/alex/Repositories/nifi/nifi-nar-bundles/nifi-extension-utils/nifi-record-utils/nifi-mock-record-utils/target/classes:/home/alex/Repositories/nifi/nifi-nar-bundles/nifi-standard-services/nifi-record-serialization-services-bundle/nifi-record-serialization-services/target/classes:/home/alex/.m2/repository/org/apache/commons/commons-csv/1.8/commons-csv-1.8.jar:/home/alex/.m2/repository/com/fasterxml/jackson/dataformat/jackson-dataformat-csv/2.12.3/jackson-dataformat-csv-2.12.3.jar:/home/alex/.m2/repository/net/java/dev/stax-utils/stax-utils/20070216/stax-utils-20070216.jar:/home/alex/Repositories/nifi/nifi-nar-bundles/nifi-standard-services/nifi-lookup-services-bundle/nifi-lookup-services/target/classes:/home/alex/.m2/repository/commons-beanutils/commons-beanutils/1.9.4/commons-beanutils-1.9.4.jar:/home/alex/.m2/repository/commons-collections/commons-collections/3.2.2/commons-collections-3.2.2.jar:/home/alex/.m2/repository/com/maxmind/geoip2/geoip2/2.12.0/geoip2-2.12.0.jar:/home/alex/.m2/repository/com/maxmind/db/maxmind-db/1.2.2/maxmind-db-1.2.2.jar:/home/alex/.m2/repository/org/apache/derby/derby/10.14.2.0/derby-10.14.2.0.jar:/home/alex/.m2/repository/org/xerial/snappy/snappy-java/1.1.7.3/snappy-java-1.1.7.3.jar:/home/alex/.m2/repository/net/lingala/zip4j/zip4j/2.8.0/zip4j-2.8.0.jar:/home/alex/.m2/repository/com/h2database/h2/1.4.187/h2-1.4.187.jar:/home/alex/.m2/repository/org/mockftpserver/MockFtpServer/2.7.1/MockFtpServer-2.7.1.jar:/home/alex/.m2/repository/org/apache/sshd/sshd-core/1.7.0/sshd-core-1.7.0.jar:/home/alex/.m2/repository/com/bazaarvoice/jolt/jolt-core/0.1.1/jolt-core-0.1.1.jar:/home/alex/.m2/repository/javax/inject/javax.inject/1/javax.inject-1.jar:/home/alex/.m2/repository/com/bazaarvoice/jolt/json-utils/0.1.1/json-utils-0.1.1.jar:/home/alex/Repositories/nifi/nifi-nar-bundles/nifi-standard-bundle/nifi-standard-utils/target/classes:/home/alex/.m2/repository/net/sf/supercsv/super-csv/2.4.0/super-csv-2.4.0.jar:/home/alex/.m2/repository/com/fluenda/parcefone/2.1.0/parcefone-2.1.0.jar:/home/alex/.m2/repository/javax/validation/validation-api/1.1.0.Final/validation-api-1.1.0.Final.jar:/home/alex/.m2/repository/javax/el/javax.el-api/3.0.0/javax.el-api-3.0.0.jar:/home/alex/.m2/repository/com/github/wnameless/json/json-flattener/0.12.0/json-flattener-0.12.0.jar:/home/alex/.m2/repository/com/github/wnameless/json/json-base/2.0.0/json-base-2.0.0.jar:/home/alex/.m2/repository/org/apache/bval/bval-jsr/1.1.2/bval-jsr-1.1.2.jar:/home/alex/.m2/repository/org/apache/bval/bval-core/1.1.2/bval-core-1.1.2.jar:/home/alex/.m2/repository/io/krakens/java-grok/0.1.9/java-grok-0.1.9.jar:/home/alex/.m2/repository/org/apache/calcite/calcite-core/1.27.0/calcite-core-1.27.0.jar:/home/alex/.m2/repository/org/apache/calcite/calcite-linq4j/1.27.0/calcite-linq4j-1.27.0.jar:/home/alex/.m2/repository/com/esri/geometry/esri-geometry-api/2.2.0/esri-geometry-api-2.2.0.jar:/home/alex/.m2/repository/org/apache/calcite/avatica/avatica-core/1.18.0/avatica-core-1.18.0.jar:/home/alex/.m2/repository/org/apache/calcite/avatica/avatica-metrics/1.18.0/avatica-metrics-1.18.0.jar:/home/alex/.m2/repository/com/google/protobuf/protobuf-java/3.6.1/protobuf-java-3.6.1.jar:/home/alex/.m2/repository/org/apiguardian/apiguardian-api/1.1.0/apiguardian-api-1.1.0.jar:/home/alex/.m2/repository/com/fasterxml/jackson/dataformat/jackson-dataformat-yaml/2.10.0/jackson-dataformat-yaml-2.10.0.jar:/home/alex/.m2/repository/org/yaml/snakeyaml/1.29/snakeyaml-1.29.jar:/home/alex/.m2/repository/com/google/uzaygezen/uzaygezen-core/0.2/uzaygezen-core-0.2.jar:/home/alex/.m2/repository/com/yahoo/datasketches/sketches-core/0.9.0/sketches-core-0.9.0.jar:/home/alex/.m2/repository/com/yahoo/datasketches/memory/0.9.0/memory-0.9.0.jar:/home/alex/.m2/repository/net/hydromatic/aggdesigner-algorithm/6.0/aggdesigner-algorithm-6.0.jar:/home/alex/.m2/repository/commons-lang/commons-lang/2.4/commons-lang-2.4.jar:/home/alex/.m2/repository/org/apache/commons/commons-dbcp2/2.6.0/commons-dbcp2-2.6.0.jar:/home/alex/.m2/repository/org/apache/commons/commons-pool2/2.6.1/commons-pool2-2.6.1.jar:/home/alex/.m2/repository/org/codehaus/janino/commons-compiler/3.0.11/commons-compiler-3.0.11.jar:/home/alex/.m2/repository/org/codehaus/janino/janino/3.0.11/janino-3.0.11.jar:/home/alex/Repositories/nifi/nifi-nar-bundles/nifi-standard-services/nifi-schema-registry-service-api/target/classes:/home/alex/Repositories/nifi/nifi-nar-bundles/nifi-extension-utils/nifi-database-utils/target/classes:/home/alex/Repositories/nifi/nifi-nar-bundles/nifi-standard-bundle/nifi-standard-web-test-utils/target/classes:/home/alex/.m2/repository/com/github/stefanbirkner/fake-sftp-server-rule/2.0.1/fake-sftp-server-rule-2.0.1.jar:/home/alex/.m2/repository/com/github/marschall/memoryfilesystem/2.8.0/memoryfilesystem-2.8.0.jar:/home/alex/.m2/repository/junit/junit/4.13.2/junit-4.13.2.jar:/home/alex/.m2/repository/org/hamcrest/hamcrest-core/1.3/hamcrest-core-1.3.jar:/home/alex/Repositories/nifi/nifi-nar-bundles/nifi-extension-utils/nifi-database-test-utils/target/classes:/home/alex/.m2/repository/org/codehaus/groovy/groovy-json/2.5.14/groovy-json-2.5.14.jar:/home/alex/.m2/repository/org/codehaus/groovy/groovy/2.5.14/groovy-2.5.14.jar:/home/alex/.m2/repository/org/codehaus/groovy/groovy-servlet/2.5.14/groovy-servlet-2.5.14.jar:/home/alex/.m2/repository/org/codehaus/groovy/groovy-templates/2.5.14/groovy-templates-2.5.14.jar:/home/alex/.m2/repository/org/codehaus/groovy/groovy-xml/2.5.14/groovy-xml-2.5.14.jar:/home/alex/.m2/repository/org/hamcrest/hamcrest-all/1.3/hamcrest-all-1.3.jar:/home/alex/.m2/repository/com/squareup/okhttp3/mockwebserver/4.9.2/mockwebserver-4.9.2.jar:/home/alex/.m2/repository/org/jetbrains/kotlin/kotlin-stdlib-jdk8/1.4.10/kotlin-stdlib-jdk8-1.4.10.jar:/home/alex/.m2/repository/org/jetbrains/kotlin/kotlin-stdlib-jdk7/1.4.10/kotlin-stdlib-jdk7-1.4.10.jar:/home/alex/.m2/repository/org/mockito/mockito-inline/3.12.4/mockito-inline-3.12.4.jar:/home/alex/.m2/repository/org/junit/jupiter/junit-jupiter-api/5.7.2/junit-jupiter-api-5.7.2.jar:/home/alex/.m2/repository/org/opentest4j/opentest4j/1.2.0/opentest4j-1.2.0.jar:/home/alex/.m2/repository/org/junit/platform/junit-platform-commons/1.7.2/junit-platform-commons-1.7.2.jar:/home/alex/.m2/repository/org/junit/jupiter/junit-jupiter-engine/5.7.2/junit-jupiter-engine-5.7.2.jar:/home/alex/.m2/repository/org/junit/platform/junit-platform-engine/1.7.2/junit-platform-engine-1.7.2.jar:/home/alex/.m2/repository/org/junit/vintage/junit-vintage-engine/5.7.2/junit-vintage-engine-5.7.2.jar:/home/alex/.m2/repository/org/junit/jupiter/junit-jupiter-params/5.7.2/junit-jupiter-params-5.7.2.jar:/home/alex/.m2/repository/org/mockito/mockito-core/3.11.2/mockito-core-3.11.2.jar:/home/alex/.m2/repository/net/bytebuddy/byte-buddy/1.11.3/byte-buddy-1.11.3.jar:/home/alex/.m2/repository/net/bytebuddy/byte-buddy-agent/1.11.3/byte-buddy-agent-1.11.3.jar:/home/alex/.m2/repository/org/objenesis/objenesis/3.2/objenesis-3.2.jar:/home/alex/.m2/repository/org/mockito/mockito-junit-jupiter/3.11.2/mockito-junit-jupiter-3.11.2.jar:/home/alex/.m2/repository/org/slf4j/slf4j-simple/1.7.32/slf4j-simple-1.7.32.jar:/home/alex/.m2/repository/org/codehaus/groovy/groovy-test/2.5.14/groovy-test-2.5.14.jar:"/>
    <property name="sun.cpu.endian" value="little"/>
    <property name="user.home" value="/home/alex"/>
    <property name="user.language" value="en"/>
    <property name="java.specification.vendor" value="Oracle Corporation"/>
    <property name="java.home" value="/usr/lib/jvm/java-8-openjdk-amd64/jre"/>
    <property name="basedir" value="/home/alex/Repositories/nifi/nifi-nar-bundles/nifi-standard-bundle/nifi-standard-processors"/>
    <property name="file.separator" value="/"/>
    <property name="line.separator" value="&#10;"/>
    <property name="java.vm.specification.vendor" value="Oracle Corporation"/>
    <property name="java.specification.name" value="Java Platform API Specification"/>
    <property name="derby.stream.error.file" value="target/derby.log"/>
    <property name="java.awt.graphicsenv" value="sun.awt.X11GraphicsEnvironment"/>
    <property name="org.slf4j.simpleLogger.log.org.apache.nifi.processors.standard.SQLTransform" value="debug"/>
    <property name="java.awt.headless" value="true"/>
    <property name="org.slf4j.simpleLogger.showDateTime" value="true"/>
    <property name="surefire.real.class.path" value="/home/alex/Repositories/nifi/nifi-nar-bundles/nifi-standard-bundle/nifi-standard-processors/target/surefire/surefirebooter5765390859711556220.jar"/>
    <property name="sun.boot.class.path" value="/usr/lib/jvm/java-8-openjdk-amd64/jre/lib/resources.jar:/usr/lib/jvm/java-8-openjdk-amd64/jre/lib/rt.jar:/usr/lib/jvm/java-8-openjdk-amd64/jre/lib/sunrsasign.jar:/usr/lib/jvm/java-8-openjdk-amd64/jre/lib/jsse.jar:/usr/lib/jvm/java-8-openjdk-amd64/jre/lib/jce.jar:/usr/lib/jvm/java-8-openjdk-amd64/jre/lib/charsets.jar:/usr/lib/jvm/java-8-openjdk-amd64/jre/lib/jfr.jar:/usr/lib/jvm/java-8-openjdk-amd64/jre/classes"/>
    <property name="sun.management.compiler" value="HotSpot 64-Bit Tiered Compilers"/>
    <property name="java.runtime.version" value="1.8.0_402-8u402-ga-2ubuntu1~22.04-b06"/>
    <property name="java.net.preferIPv4Stack" value="true"/>
    <property name="user.name" value="alex"/>
    <property name="path.separator" value=":"/>
    <property name="os.version" value="6.5.0-28-generic"/>
    <property name="java.endorsed.dirs" value="/usr/lib/jvm/java-8-openjdk-amd64/jre/lib/endorsed"/>
    <property name="java.runtime.name" value="OpenJDK Runtime Environment"/>
    <property name="file.encoding" value="UTF-8"/>
    <property name="sun.nio.ch.bugLevel" value=""/>
    <property name="java.vm.name" value="OpenJDK 64-Bit Server VM"/>
    <property name="localRepository" value="/home/alex/.m2/repository"/>
    <property name="java.vendor.url.bug" value="http://bugreport.sun.com/bugreport/"/>
    <property name="java.io.tmpdir" value="/tmp"/>
    <property name="java.version" value="1.8.0_402"/>
    <property name="user.dir" value="/home/alex/Repositories/nifi/nifi-nar-bundles/nifi-standard-bundle/nifi-standard-processors"/>
    <property name="os.arch" value="amd64"/>
    <property name="java.vm.specification.name" value="Java Virtual Machine Specification"/>
    <property name="java.awt.printerjob" value="sun.print.PSPrinterJob"/>
    <property name="sun.os.patch.level" value="unknown"/>
    <property name="org.slf4j.simpleLogger.defaultLogLevel" value="info"/>
    <property name="java.library.path" value="/usr/java/packages/lib/amd64:/usr/lib/x86_64-linux-gnu/jni:/lib/x86_64-linux-gnu:/usr/lib/x86_64-linux-gnu:/usr/lib/jni:/lib:/usr/lib"/>
    <property name="java.vm.info" value="mixed mode"/>
    <property name="java.vendor" value="Private Build"/>
    <property name="java.vm.version" value="25.402-b06"/>
    <property name="java.specification.maintenance.version" value="5"/>
    <property name="java.ext.dirs" value="/usr/lib/jvm/java-8-openjdk-amd64/jre/lib/ext:/usr/java/packages/lib/ext"/>
    <property name="sun.io.unicode.encoding" value="UnicodeLittle"/>
    <property name="java.class.version" value="52.0"/>
  </properties>
  <testcase name="testMatchesMultipleXmlAttribute" classname="org.apache.nifi.processors.standard.TestEvaluateXQuery" time="0.582">
    <system-err><![CDATA[[pool-648-thread-1] INFO org.apache.nifi.processors.standard.EvaluateXQuery - EvaluateXQuery[id=e34a5b6c-7d6f-46ce-856c-c39e0ba68b0d] Successfully evaluated XQueries against FlowFile[0,fruit.xml,1581B] and found 7 matches; routing to matched
]]></system-err>
  </testcase>
  <testcase name="testUnmatchedAttribute" classname="org.apache.nifi.processors.standard.TestEvaluateXQuery" time="0.006">
    <system-err><![CDATA[[pool-649-thread-1] INFO org.apache.nifi.processors.standard.EvaluateXQuery - EvaluateXQuery[id=d5606f4b-299b-400a-8527-ab2315309208] Successfully evaluated XQueries against FlowFile[0,fruit.xml,1581B] and found 0 matches; routing to unmatched
]]></system-err>
  </testcase>
  <testcase name="testBadXQuery" classname="org.apache.nifi.processors.standard.TestEvaluateXQuery" time="0.009">
    <system-err><![CDATA[Static error on line 1 column 26 
  XPST0017  Cannot find a 1-argument function named
  Q{http://www.w3.org/2005/xpath-functions}counttttttt()
Static error on line 1 column 26 
  XPST0017  Cannot find a 1-argument function named
  Q{http://www.w3.org/2005/xpath-functions}counttttttt()
]]></system-err>
  </testcase>
  <testcase name="testNoXQueryAttribute" classname="org.apache.nifi.processors.standard.TestEvaluateXQuery" time="0.004">
    <system-err><![CDATA[[pool-650-thread-1] INFO org.apache.nifi.processors.standard.EvaluateXQuery - EvaluateXQuery[id=55cbb633-9e52-431d-84db-6c7197baa461] Successfully evaluated XQueries against FlowFile[0,fruit.xml,1581B] and found 0 matches; routing to unmatched
]]></system-err>
  </testcase>
  <testcase name="testMatchedEmptyStringAttribute" classname="org.apache.nifi.processors.standard.TestEvaluateXQuery" time="0.034">
    <system-err><![CDATA[[pool-651-thread-1] INFO org.apache.nifi.processors.standard.EvaluateXQuery - EvaluateXQuery[id=9f9c7d9a-70d4-47d8-8de8-383427024db4] Successfully evaluated XQueries against FlowFile[0,fruit.xml,1581B] and found 0 matches; routing to unmatched
]]></system-err>
  </testcase>
  <testcase name="testWriteStringToAttribute" classname="org.apache.nifi.processors.standard.TestEvaluateXQuery" time="0.008">
    <system-err><![CDATA[[pool-652-thread-1] INFO org.apache.nifi.processors.standard.EvaluateXQuery - EvaluateXQuery[id=4e14e8c3-1b7a-4c45-9e2e-a32b12e592be] Successfully evaluated XQueries against FlowFile[0,fruit.xml,1581B] and found 1 matches; routing to matched
]]></system-err>
  </testcase>
  <testcase name="testFailureForExternalDocTypeWithDocTypeValidationEnabled" classname="org.apache.nifi.processors.standard.TestEvaluateXQuery" time="0.007">
    <system-err><![CDATA[[pool-653-thread-1] ERROR org.apache.nifi.processors.standard.EvaluateXQuery - EvaluateXQuery[id=23d6a120-38a2-460d-b4d9-faaa0e4d00cb] unable to evaluate XQuery against FlowFile[0,xml-snippet-external-doctype.xml,1059B] due to net.sf.saxon.s9api.SaxonApiException: I/O error reported by XML parser processing null: /home/alex/Repositories/nifi/nifi-nar-bundles/nifi-standard-bundle/nifi-standard-processors/non-existent-doctype.dtd (No such file or directory); routing to 'failure': net.sf.saxon.s9api.SaxonApiException: I/O error reported by XML parser processing null: /home/alex/Repositories/nifi/nifi-nar-bundles/nifi-standard-bundle/nifi-standard-processors/non-existent-doctype.dtd (No such file or directory)
net.sf.saxon.s9api.SaxonApiException: I/O error reported by XML parser processing null: /home/alex/Repositories/nifi/nifi-nar-bundles/nifi-standard-bundle/nifi-standard-processors/non-existent-doctype.dtd (No such file or directory)
	at net.sf.saxon.s9api.DocumentBuilder.build(DocumentBuilder.java:360)
	at net.sf.saxon.s9api.XQueryEvaluator.setSource(XQueryEvaluator.java:134)
	at org.apache.nifi.processors.standard.EvaluateXQuery$2.process(EvaluateXQuery.java:310)
	at org.apache.nifi.util.MockProcessSession.read(MockProcessSession.java:601)
	at org.apache.nifi.util.MockProcessSession.read(MockProcessSession.java:583)
	at org.apache.nifi.processors.standard.EvaluateXQuery.onTrigger(EvaluateXQuery.java:305)
	at org.apache.nifi.processor.AbstractProcessor.onTrigger(AbstractProcessor.java:27)
	at org.apache.nifi.util.StandardProcessorTestRunner$RunProcessor.call(StandardProcessorTestRunner.java:284)
	at org.apache.nifi.util.StandardProcessorTestRunner$RunProcessor.call(StandardProcessorTestRunner.java:278)
	at java.util.concurrent.FutureTask.run(FutureTask.java:266)
	at java.util.concurrent.ScheduledThreadPoolExecutor$ScheduledFutureTask.access$201(ScheduledThreadPoolExecutor.java:180)
	at java.util.concurrent.ScheduledThreadPoolExecutor$ScheduledFutureTask.run(ScheduledThreadPoolExecutor.java:293)
	at java.util.concurrent.ThreadPoolExecutor.runWorker(ThreadPoolExecutor.java:1149)
	at java.util.concurrent.ThreadPoolExecutor$Worker.run(ThreadPoolExecutor.java:624)
	at java.lang.Thread.run(Thread.java:750)
Caused by: net.sf.saxon.trans.XPathException: I/O error reported by XML parser processing null: /home/alex/Repositories/nifi/nifi-nar-bundles/nifi-standard-bundle/nifi-standard-processors/non-existent-doctype.dtd (No such file or directory)
	at net.sf.saxon.event.Sender.sendSAXSource(Sender.java:467)
	at net.sf.saxon.event.Sender.send(Sender.java:142)
	at net.sf.saxon.Configuration.buildDocumentTree(Configuration.java:4203)
	at net.sf.saxon.s9api.DocumentBuilder.build(DocumentBuilder.java:357)
	... 14 more
Caused by: java.io.FileNotFoundException: /home/alex/Repositories/nifi/nifi-nar-bundles/nifi-standard-bundle/nifi-standard-processors/non-existent-doctype.dtd (No such file or directory)
	at java.io.FileInputStream.open0(Native Method)
	at java.io.FileInputStream.open(FileInputStream.java:195)
	at java.io.FileInputStream.<init>(FileInputStream.java:138)
	at java.io.FileInputStream.<init>(FileInputStream.java:93)
	at sun.net.www.protocol.file.FileURLConnection.connect(FileURLConnection.java:90)
	at sun.net.www.protocol.file.FileURLConnection.getInputStream(FileURLConnection.java:188)
	at com.sun.org.apache.xerces.internal.impl.XMLEntityManager.setupCurrentEntity(XMLEntityManager.java:624)
	at com.sun.org.apache.xerces.internal.impl.XMLEntityManager.startEntity(XMLEntityManager.java:1305)
	at com.sun.org.apache.xerces.internal.impl.XMLEntityManager.startDTDEntity(XMLEntityManager.java:1271)
	at com.sun.org.apache.xerces.internal.impl.XMLDTDScannerImpl.setInputSource(XMLDTDScannerImpl.java:264)
	at com.sun.org.apache.xerces.internal.impl.XMLDocumentScannerImpl$DTDDriver.dispatch(XMLDocumentScannerImpl.java:1160)
	at com.sun.org.apache.xerces.internal.impl.XMLDocumentScannerImpl$DTDDriver.next(XMLDocumentScannerImpl.java:1044)
	at com.sun.org.apache.xerces.internal.impl.XMLDocumentScannerImpl$PrologDriver.next(XMLDocumentScannerImpl.java:958)
	at com.sun.org.apache.xerces.internal.impl.XMLDocumentScannerImpl.next(XMLDocumentScannerImpl.java:601)
	at com.sun.org.apache.xerces.internal.impl.XMLNSDocumentScannerImpl.next(XMLNSDocumentScannerImpl.java:112)
	at com.sun.org.apache.xerces.internal.impl.XMLDocumentFragmentScannerImpl.scanDocument(XMLDocumentFragmentScannerImpl.java:504)
	at com.sun.org.apache.xerces.internal.parsers.XML11Configuration.parse(XML11Configuration.java:841)
	at com.sun.org.apache.xerces.internal.parsers.XML11Configuration.parse(XML11Configuration.java:770)
	at com.sun.org.apache.xerces.internal.parsers.XMLParser.parse(XMLParser.java:141)
	at com.sun.org.apache.xerces.internal.parsers.AbstractSAXParser.parse(AbstractSAXParser.java:1213)
	at net.sf.saxon.event.Sender.sendSAXSource(Sender.java:439)
	... 17 more
]]></system-err>
  </testcase>
  <testcase name="testSetTransformerProperties" classname="org.apache.nifi.processors.standard.TestEvaluateXQuery" time="0"/>
  <testcase name="testMatchesMultipleStringContent" classname="org.apache.nifi.processors.standard.TestEvaluateXQuery" time="0.006">
    <system-err><![CDATA[[pool-654-thread-1] INFO org.apache.nifi.processors.standard.EvaluateXQuery - EvaluateXQuery[id=0bc63eec-3f63-4ba4-921e-d6abb8f4e2cd] Successfully created 7 new FlowFiles from FlowFile[0,fruit.xml,1581B]; routing all to 'matched'
]]></system-err>
  </testcase>
  <testcase name="testFormatting" classname="org.apache.nifi.processors.standard.TestEvaluateXQuery" time="0.197">
    <system-err><![CDATA[[pool-655-thread-1] INFO org.apache.nifi.processors.standard.EvaluateXQuery - EvaluateXQuery[id=4dec1f6c-2420-4207-94d0-a3cc216861a7] Successfully updated content for FlowFile[0,fruit.xml,1B]; routing to 'matched'
[pool-656-thread-1] INFO org.apache.nifi.processors.standard.EvaluateXQuery - EvaluateXQuery[id=ffc3cb04-1b45-427e-aaa6-e9ad26f55932] Successfully updated content for FlowFile[0,fruit.xml,1B]; routing to 'matched'
[pool-657-thread-1] INFO org.apache.nifi.processors.standard.EvaluateXQuery - EvaluateXQuery[id=3c708b7d-67cf-4a9a-a645-cb23a66156c1] Successfully updated content for FlowFile[0,fruit.xml,1B]; routing to 'matched'
[pool-658-thread-1] INFO org.apache.nifi.processors.standard.EvaluateXQuery - EvaluateXQuery[id=f11c57ef-6ba3-48f8-8688-9dbfbc1de34a] Successfully updated content for FlowFile[0,fruit.xml,1B]; routing to 'matched'
[pool-659-thread-1] INFO org.apache.nifi.processors.standard.EvaluateXQuery - EvaluateXQuery[id=c3959cb3-cfa1-43a9-8471-cec632b3b90c] Successfully updated content for FlowFile[0,fruit.xml,1B]; routing to 'matched'
[pool-660-thread-1] INFO org.apache.nifi.processors.standard.EvaluateXQuery - EvaluateXQuery[id=ffdc8f41-f8fc-4114-b59a-e21321e8e824] Successfully updated content for FlowFile[0,fruit.xml,1B]; routing to 'matched'
[pool-661-thread-1] INFO org.apache.nifi.processors.standard.EvaluateXQuery - EvaluateXQuery[id=2cd89fd4-9e3d-41ba-b272-dcc6f4440677] Successfully updated content for FlowFile[0,fruit.xml,1B]; routing to 'matched'
[pool-662-thread-1] INFO org.apache.nifi.processors.standard.EvaluateXQuery - EvaluateXQuery[id=c32dcf70-33a2-41fb-9248-df1301f5bf69] Successfully updated content for FlowFile[0,fruit.xml,1B]; routing to 'matched'
[pool-663-thread-1] INFO org.apache.nifi.processors.standard.EvaluateXQuery - EvaluateXQuery[id=2c8ee4ec-88a0-44bc-abdc-1d54dd69c40d] Successfully updated content for FlowFile[0,fruit.xml,1B]; routing to 'matched'
[pool-664-thread-1] INFO org.apache.nifi.processors.standard.EvaluateXQuery - EvaluateXQuery[id=5367b76b-56b9-4dee-90aa-79a4685b3d56] Successfully updated content for FlowFile[0,fruit.xml,1B]; routing to 'matched'
[pool-665-thread-1] INFO org.apache.nifi.processors.standard.EvaluateXQuery - EvaluateXQuery[id=8fa0b6eb-5dec-4388-89ee-f6311bd41bf0] Successfully updated content for FlowFile[0,fruit.xml,1B]; routing to 'matched'
[pool-666-thread-1] INFO org.apache.nifi.processors.standard.EvaluateXQuery - EvaluateXQuery[id=e333283f-a236-4360-a77c-c4e383e56f8b] Successfully updated content for FlowFile[0,fruit.xml,1B]; routing to 'matched'
[pool-667-thread-1] INFO org.apache.nifi.processors.standard.EvaluateXQuery - EvaluateXQuery[id=a9c43846-223a-46a3-bfba-0f319ba7ba53] Successfully updated content for FlowFile[0,fruit.xml,5B]; routing to 'matched'
[pool-668-thread-1] INFO org.apache.nifi.processors.standard.EvaluateXQuery - EvaluateXQuery[id=60ed0b54-56dc-456c-8a15-a1433473bb64] Successfully updated content for FlowFile[0,fruit.xml,5B]; routing to 'matched'
[pool-669-thread-1] INFO org.apache.nifi.processors.standard.EvaluateXQuery - EvaluateXQuery[id=d33be9ed-a96e-4e90-b0a3-adee123c5977] Successfully updated content for FlowFile[0,fruit.xml,5B]; routing to 'matched'
[pool-670-thread-1] INFO org.apache.nifi.processors.standard.EvaluateXQuery - EvaluateXQuery[id=26181946-50f6-430d-aa93-b6a035fc998a] Successfully updated content for FlowFile[0,fruit.xml,5B]; routing to 'matched'
[pool-671-thread-1] INFO org.apache.nifi.processors.standard.EvaluateXQuery - EvaluateXQuery[id=31c927a1-f737-449d-a7eb-364ae41b8eef] Successfully updated content for FlowFile[0,fruit.xml,5B]; routing to 'matched'
[pool-672-thread-1] INFO org.apache.nifi.processors.standard.EvaluateXQuery - EvaluateXQuery[id=3e99aadf-7e3e-4088-9b70-62782cf70d53] Successfully updated content for FlowFile[0,fruit.xml,5B]; routing to 'matched'
[pool-673-thread-1] INFO org.apache.nifi.processors.standard.EvaluateXQuery - EvaluateXQuery[id=14cabf82-0214-4fb3-9e8d-bb6b411aa375] Successfully updated content for FlowFile[0,fruit.xml,5B]; routing to 'matched'
[pool-674-thread-1] INFO org.apache.nifi.processors.standard.EvaluateXQuery - EvaluateXQuery[id=1bc059a2-ac4b-41f2-8a54-5a2931e655da] Successfully updated content for FlowFile[0,fruit.xml,5B]; routing to 'matched'
[pool-675-thread-1] INFO org.apache.nifi.processors.standard.EvaluateXQuery - EvaluateXQuery[id=1c8deceb-2f80-4492-90e6-671f66d41ec1] Successfully updated content for FlowFile[0,fruit.xml,5B]; routing to 'matched'
[pool-676-thread-1] INFO org.apache.nifi.processors.standard.EvaluateXQuery - EvaluateXQuery[id=f7c5c61a-308c-4177-ad4f-dff1b47c036a] Successfully updated content for FlowFile[0,fruit.xml,5B]; routing to 'matched'
[pool-677-thread-1] INFO org.apache.nifi.processors.standard.EvaluateXQuery - EvaluateXQuery[id=01fa5e5b-c6d5-420c-9724-fae85e49fe89] Successfully updated content for FlowFile[0,fruit.xml,5B]; routing to 'matched'
[pool-678-thread-1] INFO org.apache.nifi.processors.standard.EvaluateXQuery - EvaluateXQuery[id=a6462955-c295-4721-883e-19f60cf08620] Successfully updated content for FlowFile[0,fruit.xml,5B]; routing to 'matched'
[pool-679-thread-1] INFO org.apache.nifi.processors.standard.EvaluateXQuery - EvaluateXQuery[id=4af8e059-2338-471c-911d-231960ac68c9] Successfully updated content for FlowFile[0,fruit.xml,196B]; routing to 'matched'
[pool-680-thread-1] INFO org.apache.nifi.processors.standard.EvaluateXQuery - EvaluateXQuery[id=7979aa24-f52f-449c-b75f-e35957c101e5] Successfully updated content for FlowFile[0,fruit.xml,158B]; routing to 'matched'
[pool-681-thread-1] INFO org.apache.nifi.processors.standard.EvaluateXQuery - EvaluateXQuery[id=88829713-ac49-406f-91b3-099f9493b40c] Successfully updated content for FlowFile[0,fruit.xml,40B]; routing to 'matched'
[pool-682-thread-1] INFO org.apache.nifi.processors.standard.EvaluateXQuery - EvaluateXQuery[id=0b1103d9-0d11-44f1-a087-57f24c0262c3] Successfully updated content for FlowFile[0,fruit.xml,184B]; routing to 'matched'
[pool-683-thread-1] INFO org.apache.nifi.processors.standard.EvaluateXQuery - EvaluateXQuery[id=79938c29-81a1-48b5-9126-4b0d52b49169] Successfully updated content for FlowFile[0,fruit.xml,145B]; routing to 'matched'
]]></system-err>
  </testcase>
  <testcase name="testUnmatchedContent" classname="org.apache.nifi.processors.standard.TestEvaluateXQuery" time="0.004">
    <system-err><![CDATA[[pool-684-thread-1] INFO org.apache.nifi.processors.standard.EvaluateXQuery - EvaluateXQuery[id=3aa748f4-6df7-456b-b294-7a7df553c747] Routing FlowFile[0,fruit.xml,1581B] to 'unmatched'
]]></system-err>
  </testcase>
  <testcase name="testNoXQueryContent" classname="org.apache.nifi.processors.standard.TestEvaluateXQuery" time="0"/>
  <testcase name="testWriteXmlToContent" classname="org.apache.nifi.processors.standard.TestEvaluateXQuery" time="0.005">
    <system-err><![CDATA[[pool-685-thread-1] INFO org.apache.nifi.processors.standard.EvaluateXQuery - EvaluateXQuery[id=fac8743a-c611-484a-bf43-03ac3b3ad280] Successfully updated content for FlowFile[0,fruit.xml,86B]; routing to 'matched'
]]></system-err>
  </testcase>
  <testcase name="testRootPath" classname="org.apache.nifi.processors.standard.TestEvaluateXQuery" time="0.005">
    <system-err><![CDATA[[pool-686-thread-1] INFO org.apache.nifi.processors.standard.EvaluateXQuery - EvaluateXQuery[id=bd24cb88-05cc-47f0-ab8f-cd9fee16979e] Successfully evaluated XQueries against FlowFile[0,fruit.xml,1581B] and found 1 matches; routing to matched
]]></system-err>
  </testcase>
  <testcase name="testWriteXmlToAttribute" classname="org.apache.nifi.processors.standard.TestEvaluateXQuery" time="0.005">
    <system-err><![CDATA[[pool-687-thread-1] INFO org.apache.nifi.processors.standard.EvaluateXQuery - EvaluateXQuery[id=a5ddca6a-01be-4f11-89af-f1e8ba1e09a0] Successfully evaluated XQueries against FlowFile[0,fruit.xml,1581B] and found 1 matches; routing to matched
]]></system-err>
  </testcase>
  <testcase name="testSuccessForEmbeddedDocTypeValidationDisabled" classname="org.apache.nifi.processors.standard.TestEvaluateXQuery" time="0.005">
    <system-err><![CDATA[[pool-688-thread-1] INFO org.apache.nifi.processors.standard.EvaluateXQuery - EvaluateXQuery[id=8dd2ca5e-e14b-49df-a906-94d62bf66823] Successfully updated content for FlowFile[0,xml-snippet-embedded-doctype.xml,5B]; routing to 'matched'
]]></system-err>
  </testcase>
  <testcase name="testMatchesMultipleStringAttribute" classname="org.apache.nifi.processors.standard.TestEvaluateXQuery" time="0.005">
    <system-err><![CDATA[[pool-689-thread-1] INFO org.apache.nifi.processors.standard.EvaluateXQuery - EvaluateXQuery[id=49cb1bcb-2aac-4002-a6c0-dc0d10242838] Successfully evaluated XQueries against FlowFile[0,fruit.xml,1581B] and found 7 matches; routing to matched
]]></system-err>
  </testcase>
  <testcase name="testCheckIfElementExists" classname="org.apache.nifi.processors.standard.TestEvaluateXQuery" time="0.028">
    <system-err><![CDATA[[pool-690-thread-1] INFO org.apache.nifi.processors.standard.EvaluateXQuery - EvaluateXQuery[id=3c2f3bd8-0f56-4198-9bbb-c449aa948d62] Successfully evaluated XQueries against FlowFile[0,fruit.xml,1581B] and found 2 matches; routing to matched
]]></system-err>
  </testcase>
  <testcase name="testSuccessForExternalDocTypeWithDocTypeValidationDisabled" classname="org.apache.nifi.processors.standard.TestEvaluateXQuery" time="0.005">
    <system-err><![CDATA[[pool-691-thread-1] INFO org.apache.nifi.processors.standard.EvaluateXQuery - EvaluateXQuery[id=6754fd6b-2bbc-47d3-a1d1-da2099a19b27] Successfully updated content for FlowFile[0,xml-snippet-external-doctype.xml,5B]; routing to 'matched'
]]></system-err>
  </testcase>
  <testcase name="testSuccessForEmbeddedDocTypeValidation" classname="org.apache.nifi.processors.standard.TestEvaluateXQuery" time="0.004">
    <system-err><![CDATA[[pool-692-thread-1] INFO org.apache.nifi.processors.standard.EvaluateXQuery - EvaluateXQuery[id=93357da4-c4a3-4732-af65-0e49ad81098d] Successfully updated content for FlowFile[0,xml-snippet-embedded-doctype.xml,5B]; routing to 'matched'
]]></system-err>
  </testcase>
  <testcase name="testXQueries" classname="org.apache.nifi.processors.standard.TestEvaluateXQuery" time="0.291">
    <system-err><![CDATA[[pool-693-thread-1] INFO org.apache.nifi.processors.standard.EvaluateXQuery - EvaluateXQuery[id=b765cf00-cc9e-4a17-ad8c-68491e4517cc] Successfully evaluated XQueries against FlowFile[0,fruit.xml,1581B] and found 1 matches; routing to matched
[pool-694-thread-1] INFO org.apache.nifi.processors.standard.EvaluateXQuery - EvaluateXQuery[id=6ed9059c-0030-4290-8af0-f02c5e0503c7] Successfully updated content for FlowFile[0,fruit.xml,1B]; routing to 'matched'
[pool-695-thread-1] INFO org.apache.nifi.processors.standard.EvaluateXQuery - EvaluateXQuery[id=fe10ee4e-2009-458c-a352-bef912a3da3f] Successfully evaluated XQueries against FlowFile[0,fruit.xml,1581B] and found 1 matches; routing to matched
[pool-696-thread-1] INFO org.apache.nifi.processors.standard.EvaluateXQuery - EvaluateXQuery[id=60861629-cc19-4ecd-9ca0-8693005555f9] Successfully updated content for FlowFile[0,fruit.xml,1B]; routing to 'matched'
[pool-697-thread-1] INFO org.apache.nifi.processors.standard.EvaluateXQuery - EvaluateXQuery[id=d111a7ef-547b-4b2b-b374-5dfaac37d788] Successfully evaluated XQueries against FlowFile[0,fruit.xml,1581B] and found 1 matches; routing to matched
[pool-698-thread-1] INFO org.apache.nifi.processors.standard.EvaluateXQuery - EvaluateXQuery[id=31c1c16e-63b7-45f4-8c92-636edefb480a] Successfully updated content for FlowFile[0,fruit.xml,1B]; routing to 'matched'
[pool-699-thread-1] INFO org.apache.nifi.processors.standard.EvaluateXQuery - EvaluateXQuery[id=46de1a4f-d7d3-4124-a6b7-8c86d9caab2c] Successfully evaluated XQueries against FlowFile[0,fruit.xml,1581B] and found 1 matches; routing to matched
[pool-700-thread-1] INFO org.apache.nifi.processors.standard.EvaluateXQuery - EvaluateXQuery[id=bfeb7c21-2120-4b69-b58b-3c43ccda965d] Successfully updated content for FlowFile[0,fruit.xml,4B]; routing to 'matched'
[pool-701-thread-1] INFO org.apache.nifi.processors.standard.EvaluateXQuery - EvaluateXQuery[id=9c9254fb-f718-4d73-9593-3bb1e9932770] Successfully evaluated XQueries against FlowFile[0,fruit.xml,1581B] and found 1 matches; routing to matched
[pool-702-thread-1] INFO org.apache.nifi.processors.standard.EvaluateXQuery - EvaluateXQuery[id=b7bf3a08-436b-4203-8495-c2932845c424] Successfully updated content for FlowFile[0,fruit.xml,5B]; routing to 'matched'
[pool-703-thread-1] INFO org.apache.nifi.processors.standard.EvaluateXQuery - EvaluateXQuery[id=5126e153-327c-4d03-bd3f-6cfbe2ac7b7f] Successfully evaluated XQueries against FlowFile[0,fruit.xml,1581B] and found 1 matches; routing to matched
[pool-704-thread-1] INFO org.apache.nifi.processors.standard.EvaluateXQuery - EvaluateXQuery[id=273f7982-1efd-481d-8735-2552eab8a51e] Successfully updated content for FlowFile[0,fruit.xml,196B]; routing to 'matched'
[pool-705-thread-1] INFO org.apache.nifi.processors.standard.EvaluateXQuery - EvaluateXQuery[id=4b891413-651a-4ce2-8d21-48c76c8c47dd] Successfully evaluated XQueries against FlowFile[0,fruit.xml,1581B] and found 1 matches; routing to matched
[pool-706-thread-1] INFO org.apache.nifi.processors.standard.EvaluateXQuery - EvaluateXQuery[id=f8ef1c53-701c-4322-a666-96abb5d2a962] Successfully updated content for FlowFile[0,fruit.xml,131B]; routing to 'matched'
[pool-707-thread-1] INFO org.apache.nifi.processors.standard.EvaluateXQuery - EvaluateXQuery[id=6d9da828-2fc7-48bd-a8fa-56210fff3a13] Successfully evaluated XQueries against FlowFile[0,fruit.xml,1581B] and found 1 matches; routing to matched
[pool-708-thread-1] INFO org.apache.nifi.processors.standard.EvaluateXQuery - EvaluateXQuery[id=bb40ffc0-1080-48ed-ab11-8f4979f87739] Successfully updated content for FlowFile[0,fruit.xml,209B]; routing to 'matched'
[pool-709-thread-1] INFO org.apache.nifi.processors.standard.EvaluateXQuery - EvaluateXQuery[id=fb251194-3b50-458e-a65d-923f07f8fd93] Successfully evaluated XQueries against FlowFile[0,fruit.xml,1581B] and found 7 matches; routing to matched
[pool-710-thread-1] INFO org.apache.nifi.processors.standard.EvaluateXQuery - EvaluateXQuery[id=7be8d257-f48e-4c36-bb2e-3fd89f677cd4] Successfully created 7 new FlowFiles from FlowFile[0,fruit.xml,1581B]; routing all to 'matched'
[pool-711-thread-1] INFO org.apache.nifi.processors.standard.EvaluateXQuery - EvaluateXQuery[id=f04201a5-1475-46c2-baba-9c27f0318ba0] Successfully evaluated XQueries against FlowFile[0,fruit.xml,1581B] and found 1 matches; routing to matched
[pool-712-thread-1] INFO org.apache.nifi.processors.standard.EvaluateXQuery - EvaluateXQuery[id=53ffd300-ea8b-4a67-abec-8b569974f518] Successfully updated content for FlowFile[0,fruit.xml,868B]; routing to 'matched'
[pool-713-thread-1] INFO org.apache.nifi.processors.standard.EvaluateXQuery - EvaluateXQuery[id=376b0dde-dd6e-4c0f-95d7-ed3e1f9378db] Successfully evaluated XQueries against FlowFile[0,fruit.xml,1581B] and found 7 matches; routing to matched
[pool-714-thread-1] INFO org.apache.nifi.processors.standard.EvaluateXQuery - EvaluateXQuery[id=c123138d-417f-4a0a-ac3e-8d5092b9513b] Successfully created 7 new FlowFiles from FlowFile[0,fruit.xml,1581B]; routing all to 'matched'
[pool-715-thread-1] INFO org.apache.nifi.processors.standard.EvaluateXQuery - EvaluateXQuery[id=0daaf50c-c155-4f8d-94a8-700108b7985f] Successfully evaluated XQueries against FlowFile[0,fruit.xml,1581B] and found 1 matches; routing to matched
[pool-716-thread-1] INFO org.apache.nifi.processors.standard.EvaluateXQuery - EvaluateXQuery[id=2f83b705-db6d-4a20-8800-892aaa1c52b0] Successfully updated content for FlowFile[0,fruit.xml,5B]; routing to 'matched'
[pool-717-thread-1] INFO org.apache.nifi.processors.standard.EvaluateXQuery - EvaluateXQuery[id=9d428951-89c3-4501-b4f6-c2222c3bc305] Successfully evaluated XQueries against FlowFile[0,fruit.xml,1581B] and found 1 matches; routing to matched
[pool-718-thread-1] INFO org.apache.nifi.processors.standard.EvaluateXQuery - EvaluateXQuery[id=6739a952-e2be-43dd-bb88-602def88e118] Successfully updated content for FlowFile[0,fruit.xml,3B]; routing to 'matched'
[pool-719-thread-1] INFO org.apache.nifi.processors.standard.EvaluateXQuery - EvaluateXQuery[id=e58fcda7-aa7e-491c-afe8-5056735c6a5b] Successfully evaluated XQueries against FlowFile[0,fruit.xml,1581B] and found 1 matches; routing to matched
[pool-720-thread-1] INFO org.apache.nifi.processors.standard.EvaluateXQuery - EvaluateXQuery[id=1727eecf-1043-48b0-89d6-a93bfdfb64d8] Successfully updated content for FlowFile[0,fruit.xml,11B]; routing to 'matched'
[pool-721-thread-1] INFO org.apache.nifi.processors.standard.EvaluateXQuery - EvaluateXQuery[id=d819cea3-a3be-4a94-a898-774c52b84ed0] Successfully evaluated XQueries against FlowFile[0,fruit.xml,1581B] and found 1 matches; routing to matched
[pool-722-thread-1] INFO org.apache.nifi.processors.standard.EvaluateXQuery - EvaluateXQuery[id=01df977a-4fc8-4370-b867-191e926ea4b0] Successfully updated content for FlowFile[0,fruit.xml,11B]; routing to 'matched'
[pool-723-thread-1] INFO org.apache.nifi.processors.standard.EvaluateXQuery - EvaluateXQuery[id=d824f68f-2449-43c3-8cd4-9063ceb09c83] Successfully evaluated XQueries against FlowFile[0,fruit.xml,1581B] and found 7 matches; routing to matched
[pool-724-thread-1] INFO org.apache.nifi.processors.standard.EvaluateXQuery - EvaluateXQuery[id=d97cf5fc-27d5-48be-be17-ec461b6fff20] Successfully created 7 new FlowFiles from FlowFile[0,fruit.xml,1581B]; routing all to 'matched'
[pool-725-thread-1] INFO org.apache.nifi.processors.standard.EvaluateXQuery - EvaluateXQuery[id=604be47b-25d0-4a21-abbf-3f926accfa1d] Successfully evaluated XQueries against FlowFile[0,fruit.xml,1581B] and found 1 matches; routing to matched
[pool-726-thread-1] INFO org.apache.nifi.processors.standard.EvaluateXQuery - EvaluateXQuery[id=98dd9ada-9940-4df9-b53e-39b804bc600a] Successfully updated content for FlowFile[0,fruit.xml,95B]; routing to 'matched'
[pool-727-thread-1] INFO org.apache.nifi.processors.standard.EvaluateXQuery - EvaluateXQuery[id=6a84a947-18b3-465d-8c5d-a9b98e3a4c1d] Successfully evaluated XQueries against FlowFile[0,fruit.xml,1581B] and found 1 matches; routing to matched
[pool-728-thread-1] INFO org.apache.nifi.processors.standard.EvaluateXQuery - EvaluateXQuery[id=ab79b7e3-2177-49f7-9b8c-6944cc8ca4ab] Successfully updated content for FlowFile[0,fruit.xml,95B]; routing to 'matched'
[pool-729-thread-1] INFO org.apache.nifi.processors.standard.EvaluateXQuery - EvaluateXQuery[id=d5dee435-04d1-4c8d-b759-9d5501bb3b70] Successfully evaluated XQueries against FlowFile[0,fruit.xml,1581B] and found 1 matches; routing to matched
[pool-730-thread-1] INFO org.apache.nifi.processors.standard.EvaluateXQuery - EvaluateXQuery[id=0854159a-e114-40c6-9865-177f3ff4903e] Successfully updated content for FlowFile[0,fruit.xml,56B]; routing to 'matched'
[pool-731-thread-1] INFO org.apache.nifi.processors.standard.EvaluateXQuery - EvaluateXQuery[id=c7f70871-acee-4534-b314-8291f59e98f6] Successfully evaluated XQueries against FlowFile[0,fruit.xml,1581B] and found 1 matches; routing to matched
[pool-732-thread-1] INFO org.apache.nifi.processors.standard.EvaluateXQuery - EvaluateXQuery[id=d37e990d-6b87-414d-a95c-d3f02a6ff071] Successfully updated content for FlowFile[0,fruit.xml,89B]; routing to 'matched'
[pool-733-thread-1] INFO org.apache.nifi.processors.standard.EvaluateXQuery - EvaluateXQuery[id=80ec5c57-20ad-4e32-b243-2c54ab25f722] Successfully evaluated XQueries against FlowFile[0,fruit.xml,1581B] and found 1 matches; routing to matched
[pool-734-thread-1] INFO org.apache.nifi.processors.standard.EvaluateXQuery - EvaluateXQuery[id=50f4ec43-480e-4c5a-883e-bd216b9e3544] Successfully updated content for FlowFile[0,fruit.xml,89B]; routing to 'matched'
[pool-735-thread-1] INFO org.apache.nifi.processors.standard.EvaluateXQuery - EvaluateXQuery[id=2f01fd48-fa79-4b1e-b2c2-11121507799d] Successfully evaluated XQueries against FlowFile[0,fruit.xml,1581B] and found 1 matches; routing to matched
[pool-736-thread-1] INFO org.apache.nifi.processors.standard.EvaluateXQuery - EvaluateXQuery[id=79f08834-8a6f-4c09-94f2-d26fc5ba5217] Successfully updated content for FlowFile[0,fruit.xml,5B]; routing to 'matched'
[pool-737-thread-1] INFO org.apache.nifi.processors.standard.EvaluateXQuery - EvaluateXQuery[id=2beb3732-c148-4d6a-9d01-e131cc504d3c] Successfully evaluated XQueries against FlowFile[0,fruit.xml,1581B] and found 1 matches; routing to matched
[pool-738-thread-1] INFO org.apache.nifi.processors.standard.EvaluateXQuery - EvaluateXQuery[id=64454d67-1e7c-4adb-b2b1-67982e7db58f] Successfully updated content for FlowFile[0,fruit.xml,24B]; routing to 'matched'
[pool-739-thread-1] INFO org.apache.nifi.processors.standard.EvaluateXQuery - EvaluateXQuery[id=32709d7a-6892-41ce-ab85-a3e457c79c22] Successfully evaluated XQueries against FlowFile[0,fruit.xml,1581B] and found 1 matches; routing to matched
[pool-740-thread-1] INFO org.apache.nifi.processors.standard.EvaluateXQuery - EvaluateXQuery[id=d4ebde97-37b3-4576-8bb6-ab0c6caaa1dc] Successfully updated content for FlowFile[0,fruit.xml,30B]; routing to 'matched'
]]></system-err>
  </testcase>
  <testcase name="testOneMatchOneUnmatchAttribute" classname="org.apache.nifi.processors.standard.TestEvaluateXQuery" time="0.004">
    <system-err><![CDATA[[pool-741-thread-1] INFO org.apache.nifi.processors.standard.EvaluateXQuery - EvaluateXQuery[id=9d006ecf-ef48-42b1-83a7-4d7953b16d9e] Successfully evaluated XQueries against FlowFile[0,fruit.xml,1581B] and found 7 matches; routing to matched
]]></system-err>
  </testcase>
  <testcase name="testMatchesMultipleXmlContent" classname="org.apache.nifi.processors.standard.TestEvaluateXQuery" time="0.007">
    <system-err><![CDATA[[pool-742-thread-1] INFO org.apache.nifi.processors.standard.EvaluateXQuery - EvaluateXQuery[id=601178a0-c2a2-4f87-9bfc-b2c223fb7d07] Successfully created 7 new FlowFiles from FlowFile[0,fruit.xml,1581B]; routing all to 'matched'
]]></system-err>
  </testcase>
  <testcase name="testWriteStringToContent" classname="org.apache.nifi.processors.standard.TestEvaluateXQuery" time="0.004">
    <system-err><![CDATA[[pool-743-thread-1] INFO org.apache.nifi.processors.standard.EvaluateXQuery - EvaluateXQuery[id=8439a25a-0ccf-434c-a0fd-711548750522] Successfully updated content for FlowFile[0,fruit.xml,5B]; routing to 'matched'
]]></system-err>
  </testcase>
  <testcase name="testMultipleXPathForContent" classname="org.apache.nifi.processors.standard.TestEvaluateXQuery" time="0.001"/>
</testsuite>