<?xml version="1.0" encoding="UTF-8"?>
<testsuite xmlns:xsi="http://www.w3.org/2001/XMLSchema-instance" xsi:noNamespaceSchemaLocation="https://maven.apache.org/surefire/maven-surefire-plugin/xsd/surefire-test-report-3.0.xsd" version="3.0" name="org.apache.nifi.minifi.bootstrap.configuration.ingestors.PullHttpChangeIngestorTest" time="1.71" tests="7" errors="0" skipped="0" failures="0">
  <properties>
    <property name="sun.desktop" value="gnome"/>
    <property name="awt.toolkit" value="sun.awt.X11.XToolkit"/>
    <property name="file.encoding.pkg" value="sun.io"/>
    <property name="java.specification.version" value="1.8"/>
    <property name="sun.cpu.isalist" value=""/>
    <property name="sun.jnu.encoding" value="UTF-8"/>
    <property name="java.class.path" value="/home/alex/Repositories/nifi/minifi/minifi-bootstrap/target/test-classes:/home/alex/Repositories/nifi/minifi/minifi-bootstrap/target/classes:/home/alex/.m2/repository/org/slf4j/slf4j-api/1.7.32/slf4j-api-1.7.32.jar:/home/alex/.m2/repository/ch/qos/logback/logback-classic/1.2.6/logback-classic-1.2.6.jar:/home/alex/.m2/repository/ch/qos/logback/logback-core/1.2.6/logback-core-1.2.6.jar:/home/alex/Repositories/nifi/nifi-api/target/classes:/home/alex/Repositories/nifi/nifi-commons/nifi-bootstrap-utils/target/classes:/home/alex/.m2/repository/net/java/dev/jna/jna-platform/4.4.0/jna-platform-4.4.0.jar:/home/alex/.m2/repository/net/java/dev/jna/jna/4.4.0/jna-4.4.0.jar:/home/alex/Repositories/nifi/nifi-nar-bundles/nifi-extension-utils/nifi-processor-utils/target/classes:/home/alex/Repositories/nifi/nifi-commons/nifi-security-socket-ssl/target/classes:/home/alex/.m2/repository/org/apache/commons/commons-lang3/3.9/commons-lang3-3.9.jar:/home/alex/.m2/repository/com/fasterxml/jackson/core/jackson-databind/2.12.3/jackson-databind-2.12.3.jar:/home/alex/.m2/repository/com/fasterxml/jackson/core/jackson-annotations/2.12.3/jackson-annotations-2.12.3.jar:/home/alex/.m2/repository/com/fasterxml/jackson/core/jackson-core/2.12.3/jackson-core-2.12.3.jar:/home/alex/Repositories/nifi/nifi-nar-bundles/nifi-standard-services/nifi-record-serialization-service-api/target/classes:/home/alex/Repositories/nifi/nifi-commons/nifi-record/target/classes:/home/alex/Repositories/nifi/nifi-nar-bundles/nifi-extension-utils/nifi-event-transport/target/classes:/home/alex/.m2/repository/io/netty/netty-handler/4.1.69.Final/netty-handler-4.1.69.Final.jar:/home/alex/.m2/repository/io/netty/netty-common/4.1.69.Final/netty-common-4.1.69.Final.jar:/home/alex/.m2/repository/io/netty/netty-resolver/4.1.69.Final/netty-resolver-4.1.69.Final.jar:/home/alex/.m2/repository/io/netty/netty-buffer/4.1.69.Final/netty-buffer-4.1.69.Final.jar:/home/alex/.m2/repository/io/netty/netty-transport/4.1.69.Final/netty-transport-4.1.69.Final.jar:/home/alex/.m2/repository/io/netty/netty-codec/4.1.69.Final/netty-codec-4.1.69.Final.jar:/home/alex/Repositories/nifi/nifi-commons/nifi-expression-language/target/classes:/home/alex/.m2/repository/org/antlr/antlr-runtime/3.5.2/antlr-runtime-3.5.2.jar:/home/alex/Repositories/nifi/nifi-commons/nifi-parameter/target/classes:/home/alex/Repositories/nifi/nifi-commons/nifi-uuid5/target/classes:/home/alex/.m2/repository/com/jayway/jsonpath/json-path/2.6.0/json-path-2.6.0.jar:/home/alex/.m2/repository/net/minidev/json-smart/2.4.7/json-smart-2.4.7.jar:/home/alex/.m2/repository/net/minidev/accessors-smart/2.4.7/accessors-smart-2.4.7.jar:/home/alex/.m2/repository/org/ow2/asm/asm/9.1/asm-9.1.jar:/home/alex/.m2/repository/org/apache/commons/commons-text/1.8/commons-text-1.8.jar:/home/alex/.m2/repository/commons-codec/commons-codec/1.10/commons-codec-1.10.jar:/home/alex/Repositories/nifi/minifi/minifi-commons/minifi-utils/target/classes:/home/alex/Repositories/nifi/nifi-commons/nifi-utils/target/classes:/home/alex/Repositories/nifi/nifi-commons/nifi-properties/target/classes:/home/alex/Repositories/nifi/nifi-commons/nifi-property-utils/target/classes:/home/alex/.m2/repository/org/yaml/snakeyaml/1.29/snakeyaml-1.29.jar:/home/alex/Repositories/nifi/minifi/minifi-commons/minifi-commons-schema/target/classes:/home/alex/.m2/repository/org/eclipse/jetty/jetty-server/9.4.44.v20210927/jetty-server-9.4.44.v20210927.jar:/home/alex/.m2/repository/javax/servlet/javax.servlet-api/3.1.0/javax.servlet-api-3.1.0.jar:/home/alex/.m2/repository/org/eclipse/jetty/jetty-http/9.4.44.v20210927/jetty-http-9.4.44.v20210927.jar:/home/alex/.m2/repository/org/eclipse/jetty/jetty-util/9.4.44.v20210927/jetty-util-9.4.44.v20210927.jar:/home/alex/.m2/repository/org/eclipse/jetty/jetty-io/9.4.44.v20210927/jetty-io-9.4.44.v20210927.jar:/home/alex/.m2/repository/org/eclipse/jetty/jetty-servlet/9.4.44.v20210927/jetty-servlet-9.4.44.v20210927.jar:/home/alex/.m2/repository/org/eclipse/jetty/jetty-security/9.4.44.v20210927/jetty-security-9.4.44.v20210927.jar:/home/alex/.m2/repository/org/eclipse/jetty/jetty-util-ajax/9.4.44.v20210927/jetty-util-ajax-9.4.44.v20210927.jar:/home/alex/.m2/repository/com/squareup/okhttp3/okhttp/3.12.3/okhttp-3.12.3.jar:/home/alex/.m2/repository/com/squareup/okio/okio/1.15.0/okio-1.15.0.jar:/home/alex/.m2/repository/commons-io/commons-io/2.10.0/commons-io-2.10.0.jar:/home/alex/.m2/repository/junit/junit/4.13.2/junit-4.13.2.jar:/home/alex/.m2/repository/org/hamcrest/hamcrest-core/1.3/hamcrest-core-1.3.jar:/home/alex/.m2/repository/org/mockito/mockito-all/1.10.19/mockito-all-1.10.19.jar:/home/alex/.m2/repository/org/slf4j/slf4j-simple/1.7.32/slf4j-simple-1.7.32.jar:/home/alex/.m2/repository/org/junit/jupiter/junit-jupiter-api/5.7.2/junit-jupiter-api-5.7.2.jar:/home/alex/.m2/repository/org/apiguardian/apiguardian-api/1.1.0/apiguardian-api-1.1.0.jar:/home/alex/.m2/repository/org/opentest4j/opentest4j/1.2.0/opentest4j-1.2.0.jar:/home/alex/.m2/repository/org/junit/platform/junit-platform-commons/1.7.2/junit-platform-commons-1.7.2.jar:/home/alex/.m2/repository/org/junit/jupiter/junit-jupiter-engine/5.7.2/junit-jupiter-engine-5.7.2.jar:/home/alex/.m2/repository/org/junit/platform/junit-platform-engine/1.7.2/junit-platform-engine-1.7.2.jar:/home/alex/.m2/repository/org/junit/vintage/junit-vintage-engine/5.7.2/junit-vintage-engine-5.7.2.jar:/home/alex/.m2/repository/org/junit/jupiter/junit-jupiter-params/5.7.2/junit-jupiter-params-5.7.2.jar:/home/alex/.m2/repository/org/mockito/mockito-core/3.11.2/mockito-core-3.11.2.jar:/home/alex/.m2/repository/net/bytebuddy/byte-buddy/1.11.3/byte-buddy-1.11.3.jar:/home/alex/.m2/repository/net/bytebuddy/byte-buddy-agent/1.11.3/byte-buddy-agent-1.11.3.jar:/home/alex/.m2/repository/org/objenesis/objenesis/3.2/objenesis-3.2.jar:/home/alex/.m2/repository/org/mockito/mockito-junit-jupiter/3.11.2/mockito-junit-jupiter-3.11.2.jar:/home/alex/.m2/repository/org/codehaus/groovy/groovy-test/2.5.14/groovy-test-2.5.14.jar:/home/alex/.m2/repository/org/codehaus/groovy/groovy/2.5.14/groovy-2.5.14.jar:"/>
    <property name="java.vm.vendor" value="Private Build"/>
    <property name="sun.arch.data.model" value="64"/>
    <property name="java.vendor.url" value="http://java.oracle.com/"/>
    <property name="user.timezone" value="Europe/Lisbon"/>
    <property name="java.vm.specification.version" value="1.8"/>
    <property name="os.name" value="Linux"/>
    <property name="user.country" value="US"/>
    <property name="sun.java.launcher" value="SUN_STANDARD"/>
    <property name="sun.boot.library.path" value="/usr/lib/jvm/java-8-openjdk-amd64/jre/lib/amd64"/>
    <property name="sun.java.command" value="/home/alex/Repositories/nifi/minifi/minifi-bootstrap/target/surefire/surefirebooter1088053733108555417.jar /home/alex/Repositories/nifi/minifi/minifi-bootstrap/target/surefire 2024-05-02T03-00-27_868-jvmRun1 surefire649953053294263904tmp surefire_1822151825625501026622tmp"/>
    <property name="surefire.test.class.path" value="/home/alex/Repositories/nifi/minifi/minifi-bootstrap/target/test-classes:/home/alex/Repositories/nifi/minifi/minifi-bootstrap/target/classes:/home/alex/.m2/repository/org/slf4j/slf4j-api/1.7.32/slf4j-api-1.7.32.jar:/home/alex/.m2/repository/ch/qos/logback/logback-classic/1.2.6/logback-classic-1.2.6.jar:/home/alex/.m2/repository/ch/qos/logback/logback-core/1.2.6/logback-core-1.2.6.jar:/home/alex/Repositories/nifi/nifi-api/target/classes:/home/alex/Repositories/nifi/nifi-commons/nifi-bootstrap-utils/target/classes:/home/alex/.m2/repository/net/java/dev/jna/jna-platform/4.4.0/jna-platform-4.4.0.jar:/home/alex/.m2/repository/net/java/dev/jna/jna/4.4.0/jna-4.4.0.jar:/home/alex/Repositories/nifi/nifi-nar-bundles/nifi-extension-utils/nifi-processor-utils/target/classes:/home/alex/Repositories/nifi/nifi-commons/nifi-security-socket-ssl/target/classes:/home/alex/.m2/repository/org/apache/commons/commons-lang3/3.9/commons-lang3-3.9.jar:/home/alex/.m2/repository/com/fasterxml/jackson/core/jackson-databind/2.12.3/jackson-databind-2.12.3.jar:/home/alex/.m2/repository/com/fasterxml/jackson/core/jackson-annotations/2.12.3/jackson-annotations-2.12.3.jar:/home/alex/.m2/repository/com/fasterxml/jackson/core/jackson-core/2.12.3/jackson-core-2.12.3.jar:/home/alex/Repositories/nifi/nifi-nar-bundles/nifi-standard-services/nifi-record-serialization-service-api/target/classes:/home/alex/Repositories/nifi/nifi-commons/nifi-record/target/classes:/home/alex/Repositories/nifi/nifi-nar-bundles/nifi-extension-utils/nifi-event-transport/target/classes:/home/alex/.m2/repository/io/netty/netty-handler/4.1.69.Final/netty-handler-4.1.69.Final.jar:/home/alex/.m2/repository/io/netty/netty-common/4.1.69.Final/netty-common-4.1.69.Final.jar:/home/alex/.m2/repository/io/netty/netty-resolver/4.1.69.Final/netty-resolver-4.1.69.Final.jar:/home/alex/.m2/repository/io/netty/netty-buffer/4.1.69.Final/netty-buffer-4.1.69.Final.jar:/home/alex/.m2/repository/io/netty/netty-transport/4.1.69.Final/netty-transport-4.1.69.Final.jar:/home/alex/.m2/repository/io/netty/netty-codec/4.1.69.Final/netty-codec-4.1.69.Final.jar:/home/alex/Repositories/nifi/nifi-commons/nifi-expression-language/target/classes:/home/alex/.m2/repository/org/antlr/antlr-runtime/3.5.2/antlr-runtime-3.5.2.jar:/home/alex/Repositories/nifi/nifi-commons/nifi-parameter/target/classes:/home/alex/Repositories/nifi/nifi-commons/nifi-uuid5/target/classes:/home/alex/.m2/repository/com/jayway/jsonpath/json-path/2.6.0/json-path-2.6.0.jar:/home/alex/.m2/repository/net/minidev/json-smart/2.4.7/json-smart-2.4.7.jar:/home/alex/.m2/repository/net/minidev/accessors-smart/2.4.7/accessors-smart-2.4.7.jar:/home/alex/.m2/repository/org/ow2/asm/asm/9.1/asm-9.1.jar:/home/alex/.m2/repository/org/apache/commons/commons-text/1.8/commons-text-1.8.jar:/home/alex/.m2/repository/commons-codec/commons-codec/1.10/commons-codec-1.10.jar:/home/alex/Repositories/nifi/minifi/minifi-commons/minifi-utils/target/classes:/home/alex/Repositories/nifi/nifi-commons/nifi-utils/target/classes:/home/alex/Repositories/nifi/nifi-commons/nifi-properties/target/classes:/home/alex/Repositories/nifi/nifi-commons/nifi-property-utils/target/classes:/home/alex/.m2/repository/org/yaml/snakeyaml/1.29/snakeyaml-1.29.jar:/home/alex/Repositories/nifi/minifi/minifi-commons/minifi-commons-schema/target/classes:/home/alex/.m2/repository/org/eclipse/jetty/jetty-server/9.4.44.v20210927/jetty-server-9.4.44.v20210927.jar:/home/alex/.m2/repository/javax/servlet/javax.servlet-api/3.1.0/javax.servlet-api-3.1.0.jar:/home/alex/.m2/repository/org/eclipse/jetty/jetty-http/9.4.44.v20210927/jetty-http-9.4.44.v20210927.jar:/home/alex/.m2/repository/org/eclipse/jetty/jetty-util/9.4.44.v20210927/jetty-util-9.4.44.v20210927.jar:/home/alex/.m2/repository/org/eclipse/jetty/jetty-io/9.4.44.v20210927/jetty-io-9.4.44.v20210927.jar:/home/alex/.m2/repository/org/eclipse/jetty/jetty-servlet/9.4.44.v20210927/jetty-servlet-9.4.44.v20210927.jar:/home/alex/.m2/repository/org/eclipse/jetty/jetty-security/9.4.44.v20210927/jetty-security-9.4.44.v20210927.jar:/home/alex/.m2/repository/org/eclipse/jetty/jetty-util-ajax/9.4.44.v20210927/jetty-util-ajax-9.4.44.v20210927.jar:/home/alex/.m2/repository/com/squareup/okhttp3/okhttp/3.12.3/okhttp-3.12.3.jar:/home/alex/.m2/repository/com/squareup/okio/okio/1.15.0/okio-1.15.0.jar:/home/alex/.m2/repository/commons-io/commons-io/2.10.0/commons-io-2.10.0.jar:/home/alex/.m2/repository/junit/junit/4.13.2/junit-4.13.2.jar:/home/alex/.m2/repository/org/hamcrest/hamcrest-core/1.3/hamcrest-core-1.3.jar:/home/alex/.m2/repository/org/mockito/mockito-all/1.10.19/mockito-all-1.10.19.jar:/home/alex/.m2/repository/org/slf4j/slf4j-simple/1.7.32/slf4j-simple-1.7.32.jar:/home/alex/.m2/repository/org/junit/jupiter/junit-jupiter-api/5.7.2/junit-jupiter-api-5.7.2.jar:/home/alex/.m2/repository/org/apiguardian/apiguardian-api/1.1.0/apiguardian-api-1.1.0.jar:/home/alex/.m2/repository/org/opentest4j/opentest4j/1.2.0/opentest4j-1.2.0.jar:/home/alex/.m2/repository/org/junit/platform/junit-platform-commons/1.7.2/junit-platform-commons-1.7.2.jar:/home/alex/.m2/repository/org/junit/jupiter/junit-jupiter-engine/5.7.2/junit-jupiter-engine-5.7.2.jar:/home/alex/.m2/repository/org/junit/platform/junit-platform-engine/1.7.2/junit-platform-engine-1.7.2.jar:/home/alex/.m2/repository/org/junit/vintage/junit-vintage-engine/5.7.2/junit-vintage-engine-5.7.2.jar:/home/alex/.m2/repository/org/junit/jupiter/junit-jupiter-params/5.7.2/junit-jupiter-params-5.7.2.jar:/home/alex/.m2/repository/org/mockito/mockito-core/3.11.2/mockito-core-3.11.2.jar:/home/alex/.m2/repository/net/bytebuddy/byte-buddy/1.11.3/byte-buddy-1.11.3.jar:/home/alex/.m2/repository/net/bytebuddy/byte-buddy-agent/1.11.3/byte-buddy-agent-1.11.3.jar:/home/alex/.m2/repository/org/objenesis/objenesis/3.2/objenesis-3.2.jar:/home/alex/.m2/repository/org/mockito/mockito-junit-jupiter/3.11.2/mockito-junit-jupiter-3.11.2.jar:/home/alex/.m2/repository/org/codehaus/groovy/groovy-test/2.5.14/groovy-test-2.5.14.jar:/home/alex/.m2/repository/org/codehaus/groovy/groovy/2.5.14/groovy-2.5.14.jar:"/>
    <property name="sun.cpu.endian" value="little"/>
    <property name="user.home" value="/home/alex"/>
    <property name="user.language" value="en"/>
    <property name="java.specification.vendor" value="Oracle Corporation"/>
    <property name="java.home" value="/usr/lib/jvm/java-8-openjdk-amd64/jre"/>
    <property name="basedir" value="/home/alex/Repositories/nifi/minifi/minifi-bootstrap"/>
    <property name="file.separator" value="/"/>
    <property name="line.separator" value="&#10;"/>
    <property name="java.vm.specification.vendor" value="Oracle Corporation"/>
    <property name="java.specification.name" value="Java Platform API Specification"/>
    <property name="java.awt.graphicsenv" value="sun.awt.X11GraphicsEnvironment"/>
    <property name="java.awt.headless" value="true"/>
    <property name="surefire.real.class.path" value="/home/alex/Repositories/nifi/minifi/minifi-bootstrap/target/surefire/surefirebooter1088053733108555417.jar"/>
    <property name="sun.boot.class.path" value="/usr/lib/jvm/java-8-openjdk-amd64/jre/lib/resources.jar:/usr/lib/jvm/java-8-openjdk-amd64/jre/lib/rt.jar:/usr/lib/jvm/java-8-openjdk-amd64/jre/lib/sunrsasign.jar:/usr/lib/jvm/java-8-openjdk-amd64/jre/lib/jsse.jar:/usr/lib/jvm/java-8-openjdk-amd64/jre/lib/jce.jar:/usr/lib/jvm/java-8-openjdk-amd64/jre/lib/charsets.jar:/usr/lib/jvm/java-8-openjdk-amd64/jre/lib/jfr.jar:/usr/lib/jvm/java-8-openjdk-amd64/jre/classes"/>
    <property name="sun.management.compiler" value="HotSpot 64-Bit Tiered Compilers"/>
    <property name="java.runtime.version" value="1.8.0_402-8u402-ga-2ubuntu1~22.04-b06"/>
    <property name="java.net.preferIPv4Stack" value="true"/>
    <property name="user.name" value="alex"/>
    <property name="path.separator" value=":"/>
    <property name="os.version" value="6.5.0-28-generic"/>
    <property name="java.endorsed.dirs" value="/usr/lib/jvm/java-8-openjdk-amd64/jre/lib/endorsed"/>
    <property name="java.runtime.name" value="OpenJDK Runtime Environment"/>
    <property name="file.encoding" value="UTF-8"/>
    <property name="java.vm.name" value="OpenJDK 64-Bit Server VM"/>
    <property name="localRepository" value="/home/alex/.m2/repository"/>
    <property name="java.vendor.url.bug" value="http://bugreport.sun.com/bugreport/"/>
    <property name="jetty.git.hash" value="8da83308eeca865e495e53ef315a249d63ba9332"/>
    <property name="java.io.tmpdir" value="/tmp"/>
    <property name="java.version" value="1.8.0_402"/>
    <property name="user.dir" value="/home/alex/Repositories/nifi/minifi/minifi-bootstrap"/>
    <property name="os.arch" value="amd64"/>
    <property name="java.vm.specification.name" value="Java Virtual Machine Specification"/>
    <property name="java.awt.printerjob" value="sun.print.PSPrinterJob"/>
    <property name="sun.os.patch.level" value="unknown"/>
    <property name="java.library.path" value="/usr/java/packages/lib/amd64:/usr/lib/x86_64-linux-gnu/jni:/lib/x86_64-linux-gnu:/usr/lib/x86_64-linux-gnu:/usr/lib/jni:/lib:/usr/lib"/>
    <property name="java.vm.info" value="mixed mode"/>
    <property name="java.vendor" value="Private Build"/>
    <property name="java.vm.version" value="25.402-b06"/>
    <property name="java.specification.maintenance.version" value="5"/>
    <property name="java.ext.dirs" value="/usr/lib/jvm/java-8-openjdk-amd64/jre/lib/ext:/usr/java/packages/lib/ext"/>
    <property name="sun.io.unicode.encoding" value="UnicodeLittle"/>
    <property name="java.class.version" value="52.0"/>
  </properties>
  <testcase name="testNewUpdateWithPath" classname="org.apache.nifi.minifi.bootstrap.configuration.ingestors.PullHttpChangeIngestorTest" time="0.254">
    <system-out><![CDATA[03:19:44.502 [main] DEBUG org.eclipse.jetty.util.log - Logging to Logger[org.eclipse.jetty.util.log] via org.eclipse.jetty.util.log.Slf4jLog
03:19:44.504 [main] INFO org.eclipse.jetty.util.log - Logging initialized @869ms to org.eclipse.jetty.util.log.Slf4jLog
03:19:44.510 [main] DEBUG org.eclipse.jetty.util.component.ContainerLifeCycle - QueuedThreadPool[qtp961160488]@394a2528{STOPPED,8<=0<=200,i=0,r=-1,q=0}[NO_TRY] added {org.eclipse.jetty.util.thread.ThreadPoolBudget@2a266d09,POJO}
03:19:44.523 [main] DEBUG org.eclipse.jetty.util.component.ContainerLifeCycle - Server@53aad5d5{STOPPED}[9.4.44.v20210927] added {QueuedThreadPool[qtp961160488]@394a2528{STOPPED,8<=0<=200,i=0,r=-1,q=0}[NO_TRY],AUTO}
03:19:44.526 [main] DEBUG org.eclipse.jetty.util.component.ContainerLifeCycle - HandlerCollection@2892dae4{STOPPED} added {JettyHandler@355ce81c{STOPPED},AUTO}
03:19:44.526 [main] DEBUG org.eclipse.jetty.util.component.ContainerLifeCycle - Server@53aad5d5{STOPPED}[9.4.44.v20210927] added {HandlerCollection@2892dae4{STOPPED},MANAGED}
03:19:44.541 [main] DEBUG org.eclipse.jetty.util.component.ContainerLifeCycle - HttpConnectionFactory@22e357dc[HTTP/1.1] added {HttpConfiguration@49912c99{32768/8192,8192/8192,https://:0,[]},POJO}
03:19:44.548 [main] DEBUG org.eclipse.jetty.util.component.ContainerLifeCycle - ServerConnector@446293d{null, ()}{0.0.0.0:0} added {Server@53aad5d5{STOPPED}[9.4.44.v20210927],UNMANAGED}
03:19:44.548 [main] DEBUG org.eclipse.jetty.util.component.ContainerLifeCycle - ServerConnector@446293d{null, ()}{0.0.0.0:0} added {QueuedThreadPool[qtp961160488]@394a2528{STOPPED,8<=0<=200,i=0,r=-1,q=0}[NO_TRY],AUTO}
03:19:44.548 [main] DEBUG org.eclipse.jetty.util.component.ContainerLifeCycle - ServerConnector@446293d{null, ()}{0.0.0.0:0} added {ScheduledExecutorScheduler@3059cbc{STOPPED},AUTO}
03:19:44.548 [main] DEBUG org.eclipse.jetty.util.component.ContainerLifeCycle - ServerConnector@446293d{null, ()}{0.0.0.0:0} added {org.eclipse.jetty.io.ArrayByteBufferPool@7ea9e1e2,POJO}
03:19:44.548 [main] DEBUG org.eclipse.jetty.util.component.ContainerLifeCycle - ServerConnector@446293d{null, (http/1.1)}{0.0.0.0:0} added {HttpConnectionFactory@22e357dc[HTTP/1.1],AUTO}
03:19:44.549 [main] DEBUG org.eclipse.jetty.server.AbstractConnector - ServerConnector@446293d{HTTP/1.1, (http/1.1)}{0.0.0.0:0} added HttpConnectionFactory@22e357dc[HTTP/1.1]
03:19:44.552 [main] DEBUG org.eclipse.jetty.util.component.ContainerLifeCycle - ServerConnector@446293d{HTTP/1.1, (http/1.1)}{0.0.0.0:0} added {SelectorManager@ServerConnector@446293d{HTTP/1.1, (http/1.1)}{0.0.0.0:0},MANAGED}
03:19:44.552 [main] DEBUG org.eclipse.jetty.util.component.ContainerLifeCycle - Server@53aad5d5{STOPPED}[9.4.44.v20210927] added {ServerConnector@446293d{HTTP/1.1, (http/1.1)}{localhost:0},AUTO}
03:19:44.552 [main] DEBUG org.eclipse.jetty.util.component.AbstractLifeCycle - starting Server@53aad5d5{STOPPED}[9.4.44.v20210927]
03:19:44.554 [main] DEBUG org.eclipse.jetty.util.component.ContainerLifeCycle - Server@53aad5d5{STARTING}[9.4.44.v20210927] added {ErrorHandler@4d5b6aac{STOPPED},AUTO}
03:19:44.555 [main] INFO org.eclipse.jetty.server.Server - jetty-9.4.44.v20210927; built: 2021-09-27T23:02:44.612Z; git: 8da83308eeca865e495e53ef315a249d63ba9332; jvm 1.8.0_402-8u402-ga-2ubuntu1~22.04-b06
03:19:44.564 [main] DEBUG org.eclipse.jetty.server.handler.AbstractHandler - starting Server@53aad5d5{STARTING}[9.4.44.v20210927]
03:19:44.564 [main] DEBUG org.eclipse.jetty.util.component.AbstractLifeCycle - starting QueuedThreadPool[qtp961160488]@394a2528{STOPPED,8<=0<=200,i=0,r=-1,q=0}[NO_TRY]
03:19:44.565 [main] DEBUG org.eclipse.jetty.util.thread.ReservedThreadExecutor - ReservedThreadExecutor@383bfa16{reserved=0/8,pending=0}
03:19:44.566 [main] DEBUG org.eclipse.jetty.util.component.ContainerLifeCycle - QueuedThreadPool[qtp961160488]@394a2528{STARTING,8<=0<=200,i=0,r=-1,q=0}[ReservedThreadExecutor@383bfa16{reserved=0/8,pending=0}] added {ReservedThreadExecutor@383bfa16{reserved=0/8,pending=0},AUTO}
03:19:44.566 [main] DEBUG org.eclipse.jetty.util.component.AbstractLifeCycle - starting ReservedThreadExecutor@383bfa16{reserved=0/8,pending=0}
03:19:44.568 [main] DEBUG org.eclipse.jetty.util.component.AbstractLifeCycle - STARTED @933ms ReservedThreadExecutor@383bfa16{reserved=0/8,pending=0}
03:19:44.569 [main] DEBUG org.eclipse.jetty.util.thread.QueuedThreadPool - Starting Thread[qtp961160488-15,5,main]
03:19:44.569 [main] DEBUG org.eclipse.jetty.util.thread.QueuedThreadPool - Starting Thread[qtp961160488-16,5,main]
03:19:44.569 [main] DEBUG org.eclipse.jetty.util.thread.QueuedThreadPool - Starting Thread[qtp961160488-17,5,main]
03:19:44.569 [qtp961160488-15] DEBUG org.eclipse.jetty.util.thread.QueuedThreadPool - Runner started for QueuedThreadPool[qtp961160488]@394a2528{STARTING,8<=2<=200,i=2,r=-1,q=0}[ReservedThreadExecutor@383bfa16{reserved=0/8,pending=0}]
03:19:44.570 [main] DEBUG org.eclipse.jetty.util.thread.QueuedThreadPool - Starting Thread[qtp961160488-18,5,main]
03:19:44.570 [qtp961160488-16] DEBUG org.eclipse.jetty.util.thread.QueuedThreadPool - Runner started for QueuedThreadPool[qtp961160488]@394a2528{STARTING,8<=3<=200,i=3,r=-1,q=0}[ReservedThreadExecutor@383bfa16{reserved=0/8,pending=0}]
03:19:44.570 [qtp961160488-17] DEBUG org.eclipse.jetty.util.thread.QueuedThreadPool - Runner started for QueuedThreadPool[qtp961160488]@394a2528{STARTING,8<=4<=200,i=4,r=-1,q=0}[ReservedThreadExecutor@383bfa16{reserved=0/8,pending=0}]
03:19:44.570 [main] DEBUG org.eclipse.jetty.util.thread.QueuedThreadPool - Starting Thread[qtp961160488-19,5,main]
03:19:44.570 [main] DEBUG org.eclipse.jetty.util.thread.QueuedThreadPool - Starting Thread[qtp961160488-20,5,main]
03:19:44.570 [qtp961160488-18] DEBUG org.eclipse.jetty.util.thread.QueuedThreadPool - Runner started for QueuedThreadPool[qtp961160488]@394a2528{STARTING,8<=5<=200,i=5,r=-1,q=0}[ReservedThreadExecutor@383bfa16{reserved=0/8,pending=0}]
03:19:44.570 [main] DEBUG org.eclipse.jetty.util.thread.QueuedThreadPool - Starting Thread[qtp961160488-21,5,main]
03:19:44.570 [qtp961160488-19] DEBUG org.eclipse.jetty.util.thread.QueuedThreadPool - Runner started for QueuedThreadPool[qtp961160488]@394a2528{STARTING,8<=6<=200,i=6,r=-1,q=0}[ReservedThreadExecutor@383bfa16{reserved=0/8,pending=0}]
03:19:44.576 [qtp961160488-20] DEBUG org.eclipse.jetty.util.thread.QueuedThreadPool - Runner started for QueuedThreadPool[qtp961160488]@394a2528{STARTING,8<=8<=200,i=8,r=-1,q=0}[ReservedThreadExecutor@383bfa16{reserved=0/8,pending=0}]
03:19:44.576 [qtp961160488-21] DEBUG org.eclipse.jetty.util.thread.QueuedThreadPool - Runner started for QueuedThreadPool[qtp961160488]@394a2528{STARTING,8<=8<=200,i=8,r=-1,q=0}[ReservedThreadExecutor@383bfa16{reserved=0/8,pending=0}]
03:19:44.576 [main] DEBUG org.eclipse.jetty.util.thread.QueuedThreadPool - Starting Thread[qtp961160488-22,5,main]
03:19:44.577 [main] DEBUG org.eclipse.jetty.util.component.AbstractLifeCycle - STARTED @942ms QueuedThreadPool[qtp961160488]@394a2528{STARTED,8<=8<=200,i=8,r=-1,q=0}[ReservedThreadExecutor@383bfa16{reserved=0/8,pending=0}]
03:19:44.577 [qtp961160488-22] DEBUG org.eclipse.jetty.util.thread.QueuedThreadPool - Runner started for QueuedThreadPool[qtp961160488]@394a2528{STARTED,8<=8<=200,i=8,r=-1,q=0}[ReservedThreadExecutor@383bfa16{reserved=0/8,pending=0}]
03:19:44.577 [main] DEBUG org.eclipse.jetty.util.component.AbstractLifeCycle - starting HandlerCollection@2892dae4{STOPPED}
03:19:44.577 [main] DEBUG org.eclipse.jetty.server.handler.AbstractHandler - starting HandlerCollection@2892dae4{STARTING}
03:19:44.577 [main] DEBUG org.eclipse.jetty.util.component.AbstractLifeCycle - starting JettyHandler@355ce81c{STOPPED}
03:19:44.577 [main] DEBUG org.eclipse.jetty.server.handler.AbstractHandler - starting JettyHandler@355ce81c{STARTING}
03:19:44.577 [main] DEBUG org.eclipse.jetty.util.component.AbstractLifeCycle - STARTED @943ms JettyHandler@355ce81c{STARTED}
03:19:44.577 [main] DEBUG org.eclipse.jetty.util.component.AbstractLifeCycle - STARTED @943ms HandlerCollection@2892dae4{STARTED}
03:19:44.577 [main] DEBUG org.eclipse.jetty.util.component.AbstractLifeCycle - starting ErrorHandler@4d5b6aac{STOPPED}
03:19:44.578 [main] DEBUG org.eclipse.jetty.server.handler.AbstractHandler - starting ErrorHandler@4d5b6aac{STARTING}
03:19:44.578 [main] DEBUG org.eclipse.jetty.util.component.AbstractLifeCycle - STARTED @943ms ErrorHandler@4d5b6aac{STARTED}
03:19:44.578 [main] DEBUG org.eclipse.jetty.util.component.AbstractLifeCycle - starting ServerConnector@446293d{HTTP/1.1, (http/1.1)}{localhost:0}
03:19:44.582 [main] DEBUG org.eclipse.jetty.util.component.ContainerLifeCycle - ServerConnector@446293d{HTTP/1.1, (http/1.1)}{localhost:36749} added {sun.nio.ch.ServerSocketChannelImpl[/127.0.0.1:36749],POJO}
03:19:44.583 [main] DEBUG org.eclipse.jetty.util.component.AbstractLifeCycle - starting ScheduledExecutorScheduler@3059cbc{STOPPED}
03:19:44.583 [main] DEBUG org.eclipse.jetty.util.component.AbstractLifeCycle - STARTED @949ms ScheduledExecutorScheduler@3059cbc{STARTED}
03:19:44.583 [main] DEBUG org.eclipse.jetty.util.component.AbstractLifeCycle - starting HttpConnectionFactory@22e357dc[HTTP/1.1]
03:19:44.583 [main] DEBUG org.eclipse.jetty.util.component.AbstractLifeCycle - STARTED @949ms HttpConnectionFactory@22e357dc[HTTP/1.1]
03:19:44.584 [main] DEBUG org.eclipse.jetty.util.component.AbstractLifeCycle - starting SelectorManager@ServerConnector@446293d{HTTP/1.1, (http/1.1)}{localhost:36749}
03:19:44.596 [main] DEBUG org.eclipse.jetty.util.component.ContainerLifeCycle - EatWhatYouKill@25fb8912/SelectorProducer@d5b810e/IDLE/p=false/QueuedThreadPool[qtp961160488]@394a2528{STARTED,8<=8<=200,i=8,r=-1,q=0}[ReservedThreadExecutor@383bfa16{reserved=0/8,pending=0}][pc=0,pic=0,pec=0,epc=0]@2024-05-02T03:19:44.594+01:00 added {SelectorProducer@d5b810e,POJO}
03:19:44.597 [main] DEBUG org.eclipse.jetty.util.component.ContainerLifeCycle - EatWhatYouKill@25fb8912/SelectorProducer@d5b810e/IDLE/p=false/QueuedThreadPool[qtp961160488]@394a2528{STARTED,8<=8<=200,i=8,r=-1,q=0}[ReservedThreadExecutor@383bfa16{reserved=0/8,pending=0}][pc=0,pic=0,pec=0,epc=0]@2024-05-02T03:19:44.596+01:00 added {QueuedThreadPool[qtp961160488]@394a2528{STARTED,8<=8<=200,i=8,r=-1,q=0}[ReservedThreadExecutor@383bfa16{reserved=0/8,pending=0}],UNMANAGED}
03:19:44.597 [main] DEBUG org.eclipse.jetty.util.thread.strategy.EatWhatYouKill - EatWhatYouKill@25fb8912/SelectorProducer@d5b810e/IDLE/p=false/QueuedThreadPool[qtp961160488]@394a2528{STARTED,8<=8<=200,i=8,r=-1,q=0}[ReservedThreadExecutor@383bfa16{reserved=0/8,pending=0}][pc=0,pic=0,pec=0,epc=0]@2024-05-02T03:19:44.597+01:00 created
03:19:44.597 [main] DEBUG org.eclipse.jetty.util.component.ContainerLifeCycle - ManagedSelector@194bcebf{STOPPED} id=0 keys=-1 selected=-1 updates=0 added {EatWhatYouKill@25fb8912/SelectorProducer@d5b810e/IDLE/p=false/QueuedThreadPool[qtp961160488]@394a2528{STARTED,8<=8<=200,i=8,r=-1,q=0}[ReservedThreadExecutor@383bfa16{reserved=0/8,pending=0}][pc=0,pic=0,pec=0,epc=0]@2024-05-02T03:19:44.597+01:00,MANAGED}
03:19:44.597 [main] DEBUG org.eclipse.jetty.util.component.ContainerLifeCycle - SelectorManager@ServerConnector@446293d{HTTP/1.1, (http/1.1)}{localhost:36749} added {ManagedSelector@194bcebf{STOPPED} id=0 keys=-1 selected=-1 updates=0,AUTO}
03:19:44.598 [main] DEBUG org.eclipse.jetty.util.component.ContainerLifeCycle - EatWhatYouKill@17497425/SelectorProducer@f0da945/IDLE/p=false/QueuedThreadPool[qtp961160488]@394a2528{STARTED,8<=8<=200,i=8,r=-1,q=0}[ReservedThreadExecutor@383bfa16{reserved=0/8,pending=0}][pc=0,pic=0,pec=0,epc=0]@2024-05-02T03:19:44.597+01:00 added {SelectorProducer@f0da945,POJO}
03:19:44.598 [main] DEBUG org.eclipse.jetty.util.component.ContainerLifeCycle - EatWhatYouKill@17497425/SelectorProducer@f0da945/IDLE/p=false/QueuedThreadPool[qtp961160488]@394a2528{STARTED,8<=8<=200,i=8,r=-1,q=0}[ReservedThreadExecutor@383bfa16{reserved=0/8,pending=0}][pc=0,pic=0,pec=0,epc=0]@2024-05-02T03:19:44.598+01:00 added {QueuedThreadPool[qtp961160488]@394a2528{STARTED,8<=8<=200,i=8,r=-1,q=0}[ReservedThreadExecutor@383bfa16{reserved=0/8,pending=0}],UNMANAGED}
03:19:44.598 [main] DEBUG org.eclipse.jetty.util.thread.strategy.EatWhatYouKill - EatWhatYouKill@17497425/SelectorProducer@f0da945/IDLE/p=false/QueuedThreadPool[qtp961160488]@394a2528{STARTED,8<=8<=200,i=8,r=-1,q=0}[ReservedThreadExecutor@383bfa16{reserved=0/8,pending=0}][pc=0,pic=0,pec=0,epc=0]@2024-05-02T03:19:44.598+01:00 created
03:19:44.598 [main] DEBUG org.eclipse.jetty.util.component.ContainerLifeCycle - ManagedSelector@4803b726{STOPPED} id=1 keys=-1 selected=-1 updates=0 added {EatWhatYouKill@17497425/SelectorProducer@f0da945/IDLE/p=false/QueuedThreadPool[qtp961160488]@394a2528{STARTED,8<=8<=200,i=8,r=-1,q=0}[ReservedThreadExecutor@383bfa16{reserved=0/8,pending=0}][pc=0,pic=0,pec=0,epc=0]@2024-05-02T03:19:44.598+01:00,MANAGED}
03:19:44.598 [main] DEBUG org.eclipse.jetty.util.component.ContainerLifeCycle - SelectorManager@ServerConnector@446293d{HTTP/1.1, (http/1.1)}{localhost:36749} added {ManagedSelector@4803b726{STOPPED} id=1 keys=-1 selected=-1 updates=0,AUTO}
03:19:44.599 [main] DEBUG org.eclipse.jetty.util.component.ContainerLifeCycle - EatWhatYouKill@ffaa6af/SelectorProducer@53ce1329/IDLE/p=false/QueuedThreadPool[qtp961160488]@394a2528{STARTED,8<=8<=200,i=8,r=-1,q=0}[ReservedThreadExecutor@383bfa16{reserved=0/8,pending=0}][pc=0,pic=0,pec=0,epc=0]@2024-05-02T03:19:44.599+01:00 added {SelectorProducer@53ce1329,POJO}
03:19:44.599 [main] DEBUG org.eclipse.jetty.util.component.ContainerLifeCycle - EatWhatYouKill@ffaa6af/SelectorProducer@53ce1329/IDLE/p=false/QueuedThreadPool[qtp961160488]@394a2528{STARTED,8<=8<=200,i=8,r=-1,q=0}[ReservedThreadExecutor@383bfa16{reserved=0/8,pending=0}][pc=0,pic=0,pec=0,epc=0]@2024-05-02T03:19:44.599+01:00 added {QueuedThreadPool[qtp961160488]@394a2528{STARTED,8<=8<=200,i=8,r=-1,q=0}[ReservedThreadExecutor@383bfa16{reserved=0/8,pending=0}],UNMANAGED}
03:19:44.599 [main] DEBUG org.eclipse.jetty.util.thread.strategy.EatWhatYouKill - EatWhatYouKill@ffaa6af/SelectorProducer@53ce1329/IDLE/p=false/QueuedThreadPool[qtp961160488]@394a2528{STARTED,8<=8<=200,i=8,r=-1,q=0}[ReservedThreadExecutor@383bfa16{reserved=0/8,pending=0}][pc=0,pic=0,pec=0,epc=0]@2024-05-02T03:19:44.599+01:00 created
03:19:44.599 [main] DEBUG org.eclipse.jetty.util.component.ContainerLifeCycle - ManagedSelector@316bcf94{STOPPED} id=2 keys=-1 selected=-1 updates=0 added {EatWhatYouKill@ffaa6af/SelectorProducer@53ce1329/IDLE/p=false/QueuedThreadPool[qtp961160488]@394a2528{STARTED,8<=8<=200,i=8,r=-1,q=0}[ReservedThreadExecutor@383bfa16{reserved=0/8,pending=0}][pc=0,pic=0,pec=0,epc=0]@2024-05-02T03:19:44.599+01:00,MANAGED}
03:19:44.599 [main] DEBUG org.eclipse.jetty.util.component.ContainerLifeCycle - SelectorManager@ServerConnector@446293d{HTTP/1.1, (http/1.1)}{localhost:36749} added {ManagedSelector@316bcf94{STOPPED} id=2 keys=-1 selected=-1 updates=0,AUTO}
03:19:44.600 [main] DEBUG org.eclipse.jetty.util.component.ContainerLifeCycle - EatWhatYouKill@6404f418/SelectorProducer@3e11f9e9/IDLE/p=false/QueuedThreadPool[qtp961160488]@394a2528{STARTED,8<=8<=200,i=8,r=-1,q=0}[ReservedThreadExecutor@383bfa16{reserved=0/8,pending=0}][pc=0,pic=0,pec=0,epc=0]@2024-05-02T03:19:44.6+01:00 added {SelectorProducer@3e11f9e9,POJO}
03:19:44.600 [main] DEBUG org.eclipse.jetty.util.component.ContainerLifeCycle - EatWhatYouKill@6404f418/SelectorProducer@3e11f9e9/IDLE/p=false/QueuedThreadPool[qtp961160488]@394a2528{STARTED,8<=8<=200,i=8,r=-1,q=0}[ReservedThreadExecutor@383bfa16{reserved=0/8,pending=0}][pc=0,pic=0,pec=0,epc=0]@2024-05-02T03:19:44.6+01:00 added {QueuedThreadPool[qtp961160488]@394a2528{STARTED,8<=8<=200,i=8,r=-1,q=0}[ReservedThreadExecutor@383bfa16{reserved=0/8,pending=0}],UNMANAGED}
03:19:44.600 [main] DEBUG org.eclipse.jetty.util.thread.strategy.EatWhatYouKill - EatWhatYouKill@6404f418/SelectorProducer@3e11f9e9/IDLE/p=false/QueuedThreadPool[qtp961160488]@394a2528{STARTED,8<=8<=200,i=8,r=-1,q=0}[ReservedThreadExecutor@383bfa16{reserved=0/8,pending=0}][pc=0,pic=0,pec=0,epc=0]@2024-05-02T03:19:44.6+01:00 created
03:19:44.600 [main] DEBUG org.eclipse.jetty.util.component.ContainerLifeCycle - ManagedSelector@1de5f259{STOPPED} id=3 keys=-1 selected=-1 updates=0 added {EatWhatYouKill@6404f418/SelectorProducer@3e11f9e9/IDLE/p=false/QueuedThreadPool[qtp961160488]@394a2528{STARTED,8<=8<=200,i=8,r=-1,q=0}[ReservedThreadExecutor@383bfa16{reserved=0/8,pending=0}][pc=0,pic=0,pec=0,epc=0]@2024-05-02T03:19:44.6+01:00,MANAGED}
03:19:44.601 [main] DEBUG org.eclipse.jetty.util.component.ContainerLifeCycle - SelectorManager@ServerConnector@446293d{HTTP/1.1, (http/1.1)}{localhost:36749} added {ManagedSelector@1de5f259{STOPPED} id=3 keys=-1 selected=-1 updates=0,AUTO}
03:19:44.601 [main] DEBUG org.eclipse.jetty.util.component.AbstractLifeCycle - starting ManagedSelector@194bcebf{STOPPED} id=0 keys=-1 selected=-1 updates=0
03:19:44.601 [main] DEBUG org.eclipse.jetty.util.component.AbstractLifeCycle - starting EatWhatYouKill@25fb8912/SelectorProducer@d5b810e/IDLE/p=false/QueuedThreadPool[qtp961160488]@394a2528{STARTED,8<=8<=200,i=8,r=-1,q=0}[ReservedThreadExecutor@383bfa16{reserved=0/8,pending=0}][pc=0,pic=0,pec=0,epc=0]@2024-05-02T03:19:44.601+01:00
03:19:44.601 [main] DEBUG org.eclipse.jetty.util.component.AbstractLifeCycle - STARTED @967ms EatWhatYouKill@25fb8912/SelectorProducer@d5b810e/IDLE/p=false/QueuedThreadPool[qtp961160488]@394a2528{STARTED,8<=8<=200,i=8,r=-1,q=0}[ReservedThreadExecutor@383bfa16{reserved=0/8,pending=0}][pc=0,pic=0,pec=0,epc=0]@2024-05-02T03:19:44.601+01:00
03:19:44.602 [main] DEBUG org.eclipse.jetty.util.thread.QueuedThreadPool - queue org.eclipse.jetty.io.ManagedSelector$$Lambda$253/838473569@957e06 startThread=0
03:19:44.602 [qtp961160488-15] DEBUG org.eclipse.jetty.util.thread.QueuedThreadPool - run org.eclipse.jetty.io.ManagedSelector$$Lambda$253/838473569@957e06 in QueuedThreadPool[qtp961160488]@394a2528{STARTED,8<=8<=200,i=7,r=-1,q=0}[ReservedThreadExecutor@383bfa16{reserved=0/8,pending=0}]
03:19:44.603 [main] DEBUG org.eclipse.jetty.io.ManagedSelector - Queued change lazy=false org.eclipse.jetty.io.ManagedSelector$Start@32502377 on ManagedSelector@194bcebf{STARTING} id=0 keys=0 selected=0 updates=0
03:19:44.603 [qtp961160488-15] DEBUG org.eclipse.jetty.util.thread.strategy.EatWhatYouKill - EatWhatYouKill@25fb8912/SelectorProducer@d5b810e/IDLE/p=false/QueuedThreadPool[qtp961160488]@394a2528{STARTED,8<=8<=200,i=7,r=-1,q=0}[ReservedThreadExecutor@383bfa16{reserved=0/8,pending=0}][pc=0,pic=0,pec=0,epc=0]@2024-05-02T03:19:44.603+01:00 tryProduce false
03:19:44.604 [qtp961160488-15] DEBUG org.eclipse.jetty.io.ManagedSelector - updateable 1
03:19:44.604 [qtp961160488-15] DEBUG org.eclipse.jetty.io.ManagedSelector - update org.eclipse.jetty.io.ManagedSelector$Start@32502377
03:19:44.604 [qtp961160488-15] DEBUG org.eclipse.jetty.io.ManagedSelector - updates 0
03:19:44.605 [qtp961160488-15] DEBUG org.eclipse.jetty.io.ManagedSelector - Selector sun.nio.ch.EPollSelectorImpl@2a74277d waiting with 0 keys
03:19:44.605 [main] DEBUG org.eclipse.jetty.util.component.AbstractLifeCycle - STARTED @970ms ManagedSelector@194bcebf{STARTED} id=0 keys=0 selected=0 updates=0
03:19:44.605 [main] DEBUG org.eclipse.jetty.util.component.AbstractLifeCycle - starting ManagedSelector@4803b726{STOPPED} id=1 keys=-1 selected=-1 updates=0
03:19:44.605 [main] DEBUG org.eclipse.jetty.util.component.AbstractLifeCycle - starting EatWhatYouKill@17497425/SelectorProducer@f0da945/IDLE/p=false/QueuedThreadPool[qtp961160488]@394a2528{STARTED,8<=8<=200,i=7,r=-1,q=0}[ReservedThreadExecutor@383bfa16{reserved=0/8,pending=0}][pc=0,pic=0,pec=0,epc=0]@2024-05-02T03:19:44.605+01:00
03:19:44.605 [main] DEBUG org.eclipse.jetty.util.component.AbstractLifeCycle - STARTED @971ms EatWhatYouKill@17497425/SelectorProducer@f0da945/IDLE/p=false/QueuedThreadPool[qtp961160488]@394a2528{STARTED,8<=8<=200,i=7,r=-1,q=0}[ReservedThreadExecutor@383bfa16{reserved=0/8,pending=0}][pc=0,pic=0,pec=0,epc=0]@2024-05-02T03:19:44.605+01:00
03:19:44.605 [main] DEBUG org.eclipse.jetty.util.thread.QueuedThreadPool - queue org.eclipse.jetty.io.ManagedSelector$$Lambda$253/838473569@2c1b194a startThread=0
03:19:44.605 [main] DEBUG org.eclipse.jetty.io.ManagedSelector - Queued change lazy=false org.eclipse.jetty.io.ManagedSelector$Start@4dbb42b7 on ManagedSelector@4803b726{STARTING} id=1 keys=0 selected=0 updates=0
03:19:44.605 [qtp961160488-16] DEBUG org.eclipse.jetty.util.thread.QueuedThreadPool - run org.eclipse.jetty.io.ManagedSelector$$Lambda$253/838473569@2c1b194a in QueuedThreadPool[qtp961160488]@394a2528{STARTED,8<=8<=200,i=6,r=-1,q=0}[ReservedThreadExecutor@383bfa16{reserved=0/8,pending=0}]
03:19:44.606 [qtp961160488-16] DEBUG org.eclipse.jetty.util.thread.strategy.EatWhatYouKill - EatWhatYouKill@17497425/SelectorProducer@f0da945/IDLE/p=false/QueuedThreadPool[qtp961160488]@394a2528{STARTED,8<=8<=200,i=6,r=-1,q=0}[ReservedThreadExecutor@383bfa16{reserved=0/8,pending=0}][pc=0,pic=0,pec=0,epc=0]@2024-05-02T03:19:44.606+01:00 tryProduce false
03:19:44.606 [qtp961160488-16] DEBUG org.eclipse.jetty.io.ManagedSelector - updateable 1
03:19:44.606 [qtp961160488-16] DEBUG org.eclipse.jetty.io.ManagedSelector - update org.eclipse.jetty.io.ManagedSelector$Start@4dbb42b7
03:19:44.606 [qtp961160488-16] DEBUG org.eclipse.jetty.io.ManagedSelector - updates 0
03:19:44.606 [qtp961160488-16] DEBUG org.eclipse.jetty.io.ManagedSelector - Selector sun.nio.ch.EPollSelectorImpl@6684ed9 waiting with 0 keys
03:19:44.606 [main] DEBUG org.eclipse.jetty.util.component.AbstractLifeCycle - STARTED @972ms ManagedSelector@4803b726{STARTED} id=1 keys=0 selected=0 updates=0
03:19:44.606 [main] DEBUG org.eclipse.jetty.util.component.AbstractLifeCycle - starting ManagedSelector@316bcf94{STOPPED} id=2 keys=-1 selected=-1 updates=0
03:19:44.607 [main] DEBUG org.eclipse.jetty.util.component.AbstractLifeCycle - starting EatWhatYouKill@ffaa6af/SelectorProducer@53ce1329/IDLE/p=false/QueuedThreadPool[qtp961160488]@394a2528{STARTED,8<=8<=200,i=6,r=-1,q=0}[ReservedThreadExecutor@383bfa16{reserved=0/8,pending=0}][pc=0,pic=0,pec=0,epc=0]@2024-05-02T03:19:44.606+01:00
03:19:44.607 [main] DEBUG org.eclipse.jetty.util.component.AbstractLifeCycle - STARTED @972ms EatWhatYouKill@ffaa6af/SelectorProducer@53ce1329/IDLE/p=false/QueuedThreadPool[qtp961160488]@394a2528{STARTED,8<=8<=200,i=6,r=-1,q=0}[ReservedThreadExecutor@383bfa16{reserved=0/8,pending=0}][pc=0,pic=0,pec=0,epc=0]@2024-05-02T03:19:44.607+01:00
03:19:44.607 [main] DEBUG org.eclipse.jetty.util.thread.QueuedThreadPool - queue org.eclipse.jetty.io.ManagedSelector$$Lambda$253/838473569@66f57048 startThread=0
03:19:44.607 [qtp961160488-17] DEBUG org.eclipse.jetty.util.thread.QueuedThreadPool - run org.eclipse.jetty.io.ManagedSelector$$Lambda$253/838473569@66f57048 in QueuedThreadPool[qtp961160488]@394a2528{STARTED,8<=8<=200,i=5,r=-1,q=0}[ReservedThreadExecutor@383bfa16{reserved=0/8,pending=0}]
03:19:44.607 [main] DEBUG org.eclipse.jetty.io.ManagedSelector - Queued change lazy=false org.eclipse.jetty.io.ManagedSelector$Start@550dbc7a on ManagedSelector@316bcf94{STARTING} id=2 keys=0 selected=0 updates=0
03:19:44.607 [qtp961160488-17] DEBUG org.eclipse.jetty.util.thread.strategy.EatWhatYouKill - EatWhatYouKill@ffaa6af/SelectorProducer@53ce1329/IDLE/p=false/QueuedThreadPool[qtp961160488]@394a2528{STARTED,8<=8<=200,i=5,r=-1,q=0}[ReservedThreadExecutor@383bfa16{reserved=0/8,pending=0}][pc=0,pic=0,pec=0,epc=0]@2024-05-02T03:19:44.607+01:00 tryProduce false
03:19:44.607 [qtp961160488-17] DEBUG org.eclipse.jetty.io.ManagedSelector - updateable 1
03:19:44.607 [qtp961160488-17] DEBUG org.eclipse.jetty.io.ManagedSelector - update org.eclipse.jetty.io.ManagedSelector$Start@550dbc7a
03:19:44.607 [qtp961160488-17] DEBUG org.eclipse.jetty.io.ManagedSelector - updates 0
03:19:44.607 [qtp961160488-17] DEBUG org.eclipse.jetty.io.ManagedSelector - Selector sun.nio.ch.EPollSelectorImpl@4b5bcbdf waiting with 0 keys
03:19:44.607 [main] DEBUG org.eclipse.jetty.util.component.AbstractLifeCycle - STARTED @973ms ManagedSelector@316bcf94{STARTED} id=2 keys=0 selected=0 updates=0
03:19:44.608 [main] DEBUG org.eclipse.jetty.util.component.AbstractLifeCycle - starting ManagedSelector@1de5f259{STOPPED} id=3 keys=-1 selected=-1 updates=0
03:19:44.608 [main] DEBUG org.eclipse.jetty.util.component.AbstractLifeCycle - starting EatWhatYouKill@6404f418/SelectorProducer@3e11f9e9/IDLE/p=false/QueuedThreadPool[qtp961160488]@394a2528{STARTED,8<=8<=200,i=5,r=-1,q=0}[ReservedThreadExecutor@383bfa16{reserved=0/8,pending=0}][pc=0,pic=0,pec=0,epc=0]@2024-05-02T03:19:44.608+01:00
03:19:44.608 [main] DEBUG org.eclipse.jetty.util.component.AbstractLifeCycle - STARTED @973ms EatWhatYouKill@6404f418/SelectorProducer@3e11f9e9/IDLE/p=false/QueuedThreadPool[qtp961160488]@394a2528{STARTED,8<=8<=200,i=5,r=-1,q=0}[ReservedThreadExecutor@383bfa16{reserved=0/8,pending=0}][pc=0,pic=0,pec=0,epc=0]@2024-05-02T03:19:44.608+01:00
03:19:44.608 [main] DEBUG org.eclipse.jetty.util.thread.QueuedThreadPool - queue org.eclipse.jetty.io.ManagedSelector$$Lambda$253/838473569@21282ed8 startThread=0
03:19:44.608 [qtp961160488-18] DEBUG org.eclipse.jetty.util.thread.QueuedThreadPool - run org.eclipse.jetty.io.ManagedSelector$$Lambda$253/838473569@21282ed8 in QueuedThreadPool[qtp961160488]@394a2528{STARTED,8<=8<=200,i=4,r=-1,q=0}[ReservedThreadExecutor@383bfa16{reserved=0/8,pending=0}]
03:19:44.608 [main] DEBUG org.eclipse.jetty.io.ManagedSelector - Queued change lazy=false org.eclipse.jetty.io.ManagedSelector$Start@36916eb0 on ManagedSelector@1de5f259{STARTING} id=3 keys=0 selected=0 updates=0
03:19:44.608 [qtp961160488-18] DEBUG org.eclipse.jetty.util.thread.strategy.EatWhatYouKill - EatWhatYouKill@6404f418/SelectorProducer@3e11f9e9/IDLE/p=false/QueuedThreadPool[qtp961160488]@394a2528{STARTED,8<=8<=200,i=4,r=-1,q=0}[ReservedThreadExecutor@383bfa16{reserved=0/8,pending=0}][pc=0,pic=0,pec=0,epc=0]@2024-05-02T03:19:44.608+01:00 tryProduce false
03:19:44.608 [qtp961160488-18] DEBUG org.eclipse.jetty.io.ManagedSelector - updateable 1
03:19:44.609 [qtp961160488-18] DEBUG org.eclipse.jetty.io.ManagedSelector - update org.eclipse.jetty.io.ManagedSelector$Start@36916eb0
03:19:44.609 [qtp961160488-18] DEBUG org.eclipse.jetty.io.ManagedSelector - updates 0
03:19:44.609 [qtp961160488-18] DEBUG org.eclipse.jetty.io.ManagedSelector - Selector sun.nio.ch.EPollSelectorImpl@44394951 waiting with 0 keys
03:19:44.609 [main] DEBUG org.eclipse.jetty.util.component.AbstractLifeCycle - STARTED @974ms ManagedSelector@1de5f259{STARTED} id=3 keys=0 selected=0 updates=0
03:19:44.609 [main] DEBUG org.eclipse.jetty.util.component.AbstractLifeCycle - STARTED @975ms SelectorManager@ServerConnector@446293d{HTTP/1.1, (http/1.1)}{localhost:36749}
03:19:44.610 [main] DEBUG org.eclipse.jetty.util.component.ContainerLifeCycle - ServerConnector@446293d{HTTP/1.1, (http/1.1)}{localhost:36749} added {acceptor-0@1e1a0406,POJO}
03:19:44.610 [main] DEBUG org.eclipse.jetty.util.thread.QueuedThreadPool - queue acceptor-0@1e1a0406 startThread=0
03:19:44.610 [qtp961160488-19] DEBUG org.eclipse.jetty.util.thread.QueuedThreadPool - run acceptor-0@1e1a0406 in QueuedThreadPool[qtp961160488]@394a2528{STARTED,8<=8<=200,i=3,r=-1,q=0}[ReservedThreadExecutor@383bfa16{reserved=0/8,pending=0}]
03:19:44.610 [main] INFO org.eclipse.jetty.server.AbstractConnector - Started ServerConnector@446293d{HTTP/1.1, (http/1.1)}{localhost:36749}
03:19:44.610 [main] DEBUG org.eclipse.jetty.util.component.AbstractLifeCycle - STARTED @976ms ServerConnector@446293d{HTTP/1.1, (http/1.1)}{localhost:36749}
03:19:44.610 [main] INFO org.eclipse.jetty.server.Server - Started @976ms
03:19:44.610 [main] DEBUG org.eclipse.jetty.util.component.AbstractLifeCycle - STARTED @976ms Server@53aad5d5{STARTED}[9.4.44.v20210927]
03:19:45.753 [main] DEBUG org.apache.nifi.minifi.bootstrap.configuration.ingestors.PullHttpChangeIngestor - Attempting to pull new config
03:19:45.772 [qtp961160488-19-acceptor-0@1e1a0406-ServerConnector@446293d{HTTP/1.1, (http/1.1)}{localhost:36749}] DEBUG org.eclipse.jetty.io.ManagedSelector - Queued change lazy=false Accept@3f716551[java.nio.channels.SocketChannel[connected local=/127.0.0.1:36749 remote=/127.0.0.1:35060]] on ManagedSelector@4803b726{STARTED} id=1 keys=0 selected=0 updates=0
03:19:45.772 [qtp961160488-19-acceptor-0@1e1a0406-ServerConnector@446293d{HTTP/1.1, (http/1.1)}{localhost:36749}] DEBUG org.eclipse.jetty.io.ManagedSelector - Wakeup on submit ManagedSelector@4803b726{STARTED} id=1 keys=0 selected=0 updates=1
03:19:45.773 [qtp961160488-16] DEBUG org.eclipse.jetty.io.ManagedSelector - Selector sun.nio.ch.EPollSelectorImpl@6684ed9 woken with none selected
03:19:45.773 [qtp961160488-16] DEBUG org.eclipse.jetty.io.ManagedSelector - Selector sun.nio.ch.EPollSelectorImpl@6684ed9 woken up from select, 0/0/0 selected
03:19:45.773 [qtp961160488-16] DEBUG org.eclipse.jetty.io.ManagedSelector - Selector sun.nio.ch.EPollSelectorImpl@6684ed9 processing 0 keys, 1 updates
03:19:45.773 [qtp961160488-16] DEBUG org.eclipse.jetty.io.ManagedSelector - updateable 1
03:19:45.773 [qtp961160488-16] DEBUG org.eclipse.jetty.io.ManagedSelector - update Accept@3f716551[java.nio.channels.SocketChannel[connected local=/127.0.0.1:36749 remote=/127.0.0.1:35060]]
03:19:45.773 [qtp961160488-16] DEBUG org.eclipse.jetty.util.thread.QueuedThreadPool - queue Accept@3f716551[java.nio.channels.SocketChannel[connected local=/127.0.0.1:36749 remote=/127.0.0.1:35060]] startThread=0
03:19:45.773 [qtp961160488-16] DEBUG org.eclipse.jetty.io.ManagedSelector - updates 0
03:19:45.773 [qtp961160488-20] DEBUG org.eclipse.jetty.util.thread.QueuedThreadPool - run Accept@3f716551[java.nio.channels.SocketChannel[connected local=/127.0.0.1:36749 remote=/127.0.0.1:35060]] in QueuedThreadPool[qtp961160488]@394a2528{STARTED,8<=8<=200,i=2,r=-1,q=0}[ReservedThreadExecutor@383bfa16{reserved=0/8,pending=0}]
03:19:45.773 [qtp961160488-16] DEBUG org.eclipse.jetty.io.ManagedSelector - Selector sun.nio.ch.EPollSelectorImpl@6684ed9 waiting with 1 keys
03:19:45.780 [qtp961160488-20] DEBUG org.eclipse.jetty.io.IdleTimeout - SocketChannelEndPoint@49e2f6f7{l=/127.0.0.1:36749,r=/127.0.0.1:35060,OPEN,fill=-,flush=-,to=4/3000}{io=0/0,kio=0,kro=0}-><null> idle timeout check, elapsed: 3 ms, remaining: 2997 ms
03:19:45.785 [qtp961160488-20] DEBUG org.eclipse.jetty.http.PreEncodedHttpField - HttpField encoders loaded: [org.eclipse.jetty.http.Http1FieldPreEncoder@7796ee00]
03:19:45.812 [qtp961160488-20] DEBUG org.eclipse.jetty.server.HttpChannel - new HttpChannelOverHttp@4201c43{s=HttpChannelState@a182b14{s=IDLE rs=BLOCKING os=OPEN is=IDLE awp=false se=false i=true al=0},r=0,c=false/false,a=IDLE,uri=null,age=0} -> SocketChannelEndPoint@49e2f6f7{l=/127.0.0.1:36749,r=/127.0.0.1:35060,OPEN,fill=-,flush=-,to=36/3000}{io=0/0,kio=0,kro=0}-><null>,null,HttpChannelState@a182b14{s=IDLE rs=BLOCKING os=OPEN is=IDLE awp=false se=false i=true al=0}
03:19:45.819 [qtp961160488-20] DEBUG org.eclipse.jetty.server.HttpConnection - New HTTP Connection HttpConnection@593a486d::SocketChannelEndPoint@49e2f6f7{l=/127.0.0.1:36749,r=/127.0.0.1:35060,OPEN,fill=-,flush=-,to=42/3000}{io=0/0,kio=0,kro=0}-><null>
03:19:45.819 [qtp961160488-20] DEBUG org.eclipse.jetty.io.ManagedSelector - Queued change lazy=true org.eclipse.jetty.io.ManagedSelector$$Lambda$258/445561681@3cc1e42d on ManagedSelector@4803b726{STARTED} id=1 keys=1 selected=0 updates=0
03:19:45.820 [qtp961160488-20] DEBUG org.eclipse.jetty.io.AbstractEndPoint - onOpen SocketChannelEndPoint@49e2f6f7{l=/127.0.0.1:36749,r=/127.0.0.1:35060,OPEN,fill=-,flush=-,to=44/3000}{io=0/0,kio=0,kro=0}->HttpConnection@593a486d[p=HttpParser{s=START,0 of -1},g=HttpGenerator@6f38f041{s=START}]=>HttpChannelOverHttp@4201c43{s=HttpChannelState@a182b14{s=IDLE rs=BLOCKING os=OPEN is=IDLE awp=false se=false i=true al=0},r=0,c=false/false,a=IDLE,uri=null,age=0}
03:19:45.820 [qtp961160488-20] DEBUG org.eclipse.jetty.io.AbstractConnection - onOpen HttpConnection@593a486d::SocketChannelEndPoint@49e2f6f7{l=/127.0.0.1:36749,r=/127.0.0.1:35060,OPEN,fill=-,flush=-,to=44/3000}{io=0/0,kio=0,kro=0}->HttpConnection@593a486d[p=HttpParser{s=START,0 of -1},g=HttpGenerator@6f38f041{s=START}]=>HttpChannelOverHttp@4201c43{s=HttpChannelState@a182b14{s=IDLE rs=BLOCKING os=OPEN is=IDLE awp=false se=false i=true al=0},r=0,c=false/false,a=IDLE,uri=null,age=0}
03:19:45.820 [qtp961160488-20] DEBUG org.eclipse.jetty.io.AbstractConnection - fillInterested HttpConnection@593a486d::SocketChannelEndPoint@49e2f6f7{l=/127.0.0.1:36749,r=/127.0.0.1:35060,OPEN,fill=-,flush=-,to=44/3000}{io=0/0,kio=0,kro=0}->HttpConnection@593a486d[p=HttpParser{s=START,0 of -1},g=HttpGenerator@6f38f041{s=START}]=>HttpChannelOverHttp@4201c43{s=HttpChannelState@a182b14{s=IDLE rs=BLOCKING os=OPEN is=IDLE awp=false se=false i=true al=0},r=0,c=false/false,a=IDLE,uri=null,age=0}
03:19:45.821 [qtp961160488-20] DEBUG org.eclipse.jetty.io.FillInterest - interested FillInterest@7daac544{AC.ReadCB@593a486d{HttpConnection@593a486d::SocketChannelEndPoint@49e2f6f7{l=/127.0.0.1:36749,r=/127.0.0.1:35060,OPEN,fill=FI,flush=-,to=0/3000}{io=0/0,kio=0,kro=0}->HttpConnection@593a486d[p=HttpParser{s=START,0 of -1},g=HttpGenerator@6f38f041{s=START}]=>HttpChannelOverHttp@4201c43{s=HttpChannelState@a182b14{s=IDLE rs=BLOCKING os=OPEN is=IDLE awp=false se=false i=true al=0},r=0,c=false/false,a=IDLE,uri=null,age=0}}}
03:19:45.821 [qtp961160488-20] DEBUG org.eclipse.jetty.io.ChannelEndPoint - changeInterests p=false 0->1 for SocketChannelEndPoint@49e2f6f7{l=/127.0.0.1:36749,r=/127.0.0.1:35060,OPEN,fill=FI,flush=-,to=0/3000}{io=0/1,kio=0,kro=0}->HttpConnection@593a486d[p=HttpParser{s=START,0 of -1},g=HttpGenerator@6f38f041{s=START}]=>HttpChannelOverHttp@4201c43{s=HttpChannelState@a182b14{s=IDLE rs=BLOCKING os=OPEN is=IDLE awp=false se=false i=true al=0},r=0,c=false/false,a=IDLE,uri=null,age=0}
03:19:45.821 [qtp961160488-20] DEBUG org.eclipse.jetty.io.ManagedSelector - Queued change lazy=false org.eclipse.jetty.io.ChannelEndPoint$$Lambda$255/90666987@1211bd93 on ManagedSelector@4803b726{STARTED} id=1 keys=1 selected=0 updates=1
03:19:45.821 [qtp961160488-20] DEBUG org.eclipse.jetty.io.ManagedSelector - Wakeup on submit ManagedSelector@4803b726{STARTED} id=1 keys=1 selected=0 updates=2
03:19:45.821 [qtp961160488-16] DEBUG org.eclipse.jetty.io.ManagedSelector - Selector sun.nio.ch.EPollSelectorImpl@6684ed9 woken with none selected
03:19:45.821 [qtp961160488-16] DEBUG org.eclipse.jetty.io.ManagedSelector - Selector sun.nio.ch.EPollSelectorImpl@6684ed9 woken up from select, 0/0/1 selected
03:19:45.821 [qtp961160488-16] DEBUG org.eclipse.jetty.io.ManagedSelector - Selector sun.nio.ch.EPollSelectorImpl@6684ed9 processing 0 keys, 2 updates
03:19:45.821 [qtp961160488-20] DEBUG org.eclipse.jetty.io.ManagedSelector - Created SocketChannelEndPoint@49e2f6f7{l=/127.0.0.1:36749,r=/127.0.0.1:35060,OPEN,fill=FI,flush=-,to=0/3000}{io=0/1,kio=0,kro=0}->HttpConnection@593a486d[p=HttpParser{s=START,0 of -1},g=HttpGenerator@6f38f041{s=START}]=>HttpChannelOverHttp@4201c43{s=HttpChannelState@a182b14{s=IDLE rs=BLOCKING os=OPEN is=IDLE awp=false se=false i=true al=0},r=0,c=false/false,a=IDLE,uri=null,age=0}
03:19:45.822 [qtp961160488-16] DEBUG org.eclipse.jetty.io.ManagedSelector - updateable 2
03:19:45.822 [qtp961160488-16] DEBUG org.eclipse.jetty.io.ManagedSelector - update org.eclipse.jetty.io.ManagedSelector$$Lambda$258/445561681@3cc1e42d
03:19:45.822 [qtp961160488-20] DEBUG org.eclipse.jetty.util.thread.QueuedThreadPool - ran Accept@3f716551[java.nio.channels.SocketChannel[connected local=/127.0.0.1:36749 remote=/127.0.0.1:35060]] in QueuedThreadPool[qtp961160488]@394a2528{STARTED,8<=8<=200,i=2,r=-1,q=0}[ReservedThreadExecutor@383bfa16{reserved=0/8,pending=0}]
03:19:45.822 [qtp961160488-16] DEBUG org.eclipse.jetty.io.ManagedSelector - update org.eclipse.jetty.io.ChannelEndPoint$$Lambda$255/90666987@1211bd93
03:19:45.822 [qtp961160488-16] DEBUG org.eclipse.jetty.io.ChannelEndPoint - Key interests updated 0 -> 1 on SocketChannelEndPoint@49e2f6f7{l=/127.0.0.1:36749,r=/127.0.0.1:35060,OPEN,fill=FI,flush=-,to=1/3000}{io=1/1,kio=1,kro=0}->HttpConnection@593a486d[p=HttpParser{s=START,0 of -1},g=HttpGenerator@6f38f041{s=START}]=>HttpChannelOverHttp@4201c43{s=HttpChannelState@a182b14{s=IDLE rs=BLOCKING os=OPEN is=IDLE awp=false se=false i=true al=0},r=0,c=false/false,a=IDLE,uri=null,age=0}
03:19:45.822 [qtp961160488-16] DEBUG org.eclipse.jetty.io.ManagedSelector - updates 0
03:19:45.822 [qtp961160488-16] DEBUG org.eclipse.jetty.io.ManagedSelector - Selector sun.nio.ch.EPollSelectorImpl@6684ed9 waiting with 1 keys
03:19:45.822 [qtp961160488-16] DEBUG org.eclipse.jetty.io.ManagedSelector - Selector sun.nio.ch.EPollSelectorImpl@6684ed9 woken up from select, 1/1/1 selected
03:19:45.822 [qtp961160488-16] DEBUG org.eclipse.jetty.io.ManagedSelector - Selector sun.nio.ch.EPollSelectorImpl@6684ed9 processing 1 keys, 0 updates
03:19:45.823 [qtp961160488-16] DEBUG org.eclipse.jetty.io.ManagedSelector - selected 1 sun.nio.ch.SelectionKeyImpl@c9025a9 SocketChannelEndPoint@49e2f6f7{l=/127.0.0.1:36749,r=/127.0.0.1:35060,OPEN,fill=FI,flush=-,to=2/3000}{io=1/1,kio=1,kro=1}->HttpConnection@593a486d[p=HttpParser{s=START,0 of -1},g=HttpGenerator@6f38f041{s=START}]=>HttpChannelOverHttp@4201c43{s=HttpChannelState@a182b14{s=IDLE rs=BLOCKING os=OPEN is=IDLE awp=false se=false i=true al=0},r=0,c=false/false,a=IDLE,uri=null,age=0} 
03:19:45.823 [qtp961160488-16] DEBUG org.eclipse.jetty.io.ChannelEndPoint - onSelected 1->0 r=true w=false for SocketChannelEndPoint@49e2f6f7{l=/127.0.0.1:36749,r=/127.0.0.1:35060,OPEN,fill=FI,flush=-,to=2/3000}{io=1/0,kio=1,kro=1}->HttpConnection@593a486d[p=HttpParser{s=START,0 of -1},g=HttpGenerator@6f38f041{s=START}]=>HttpChannelOverHttp@4201c43{s=HttpChannelState@a182b14{s=IDLE rs=BLOCKING os=OPEN is=IDLE awp=false se=false i=true al=0},r=0,c=false/false,a=IDLE,uri=null,age=0}
03:19:45.823 [qtp961160488-16] DEBUG org.eclipse.jetty.io.ChannelEndPoint - task CEP:SocketChannelEndPoint@49e2f6f7{l=/127.0.0.1:36749,r=/127.0.0.1:35060,OPEN,fill=FI,flush=-,to=2/3000}{io=1/0,kio=1,kro=1}->HttpConnection@593a486d[p=HttpParser{s=START,0 of -1},g=HttpGenerator@6f38f041{s=START}]=>HttpChannelOverHttp@4201c43{s=HttpChannelState@a182b14{s=IDLE rs=BLOCKING os=OPEN is=IDLE awp=false se=false i=true al=0},r=0,c=false/false,a=IDLE,uri=null,age=0}:runFillable:BLOCKING
03:19:45.823 [qtp961160488-16] DEBUG org.eclipse.jetty.util.thread.ReservedThreadExecutor - ReservedThreadExecutor@383bfa16{reserved=0/8,pending=0} tryExecute EatWhatYouKill@17497425/SelectorProducer@f0da945/PRODUCING/p=false/QueuedThreadPool[qtp961160488]@394a2528{STARTED,8<=8<=200,i=3,r=-1,q=0}[ReservedThreadExecutor@383bfa16{reserved=0/8,pending=0}][pc=0,pic=0,pec=0,epc=0]@2024-05-02T03:19:45.823+01:00
03:19:45.824 [qtp961160488-16] DEBUG org.eclipse.jetty.util.thread.ReservedThreadExecutor - ReservedThreadExecutor@383bfa16{reserved=0/8,pending=1} startReservedThread p=1
03:19:45.825 [qtp961160488-21] DEBUG org.eclipse.jetty.util.thread.QueuedThreadPool - run ReservedThread@29bd5510{PENDING,thread=null} in QueuedThreadPool[qtp961160488]@394a2528{STARTED,8<=8<=200,i=2,r=-1,q=0}[ReservedThreadExecutor@383bfa16{reserved=0/8,pending=1}]
03:19:45.825 [qtp961160488-16] DEBUG org.eclipse.jetty.util.thread.QueuedThreadPool - queue ReservedThread@29bd5510{PENDING,thread=null} startThread=0
03:19:45.825 [qtp961160488-21] DEBUG org.eclipse.jetty.util.thread.ReservedThreadExecutor - ReservedThread@29bd5510{PENDING,thread=Thread[qtp961160488-21,5,main]} was=PENDING next=RESERVED size=0+1 capacity=8
03:19:45.825 [qtp961160488-21] DEBUG org.eclipse.jetty.util.thread.ReservedThreadExecutor - ReservedThread@29bd5510{RESERVED,thread=Thread[qtp961160488-21,5,main]} waiting ReservedThreadExecutor@383bfa16{reserved=1/8,pending=0}
03:19:45.825 [qtp961160488-16] DEBUG org.eclipse.jetty.util.thread.strategy.EatWhatYouKill - EatWhatYouKill@17497425/SelectorProducer@f0da945/PRODUCING/p=false/QueuedThreadPool[qtp961160488]@394a2528{STARTED,8<=8<=200,i=2,r=-1,q=0}[ReservedThreadExecutor@383bfa16{reserved=1/8,pending=0}][pc=0,pic=0,pec=0,epc=0]@2024-05-02T03:19:45.825+01:00 m=PRODUCE_EXECUTE_CONSUME t=CEP:SocketChannelEndPoint@49e2f6f7{l=/127.0.0.1:36749,r=/127.0.0.1:35060,OPEN,fill=FI,flush=-,to=4/3000}{io=1/0,kio=1,kro=1}->HttpConnection@593a486d[p=HttpParser{s=START,0 of -1},g=HttpGenerator@6f38f041{s=START}]=>HttpChannelOverHttp@4201c43{s=HttpChannelState@a182b14{s=IDLE rs=BLOCKING os=OPEN is=IDLE awp=false se=false i=true al=0},r=0,c=false/false,a=IDLE,uri=null,age=0}:runFillable:BLOCKING/BLOCKING
03:19:45.826 [qtp961160488-22] DEBUG org.eclipse.jetty.util.thread.QueuedThreadPool - run CEP:SocketChannelEndPoint@49e2f6f7{l=/127.0.0.1:36749,r=/127.0.0.1:35060,OPEN,fill=FI,flush=-,to=5/3000}{io=1/0,kio=1,kro=1}->HttpConnection@593a486d[p=HttpParser{s=START,0 of -1},g=HttpGenerator@6f38f041{s=START}]=>HttpChannelOverHttp@4201c43{s=HttpChannelState@a182b14{s=IDLE rs=BLOCKING os=OPEN is=IDLE awp=false se=false i=true al=0},r=0,c=false/false,a=IDLE,uri=null,age=0}:runFillable:BLOCKING in QueuedThreadPool[qtp961160488]@394a2528{STARTED,8<=8<=200,i=1,r=-1,q=0}[ReservedThreadExecutor@383bfa16{reserved=1/8,pending=0}]
03:19:45.826 [qtp961160488-16] DEBUG org.eclipse.jetty.util.thread.QueuedThreadPool - queue CEP:SocketChannelEndPoint@49e2f6f7{l=/127.0.0.1:36749,r=/127.0.0.1:35060,OPEN,fill=FI,flush=-,to=5/3000}{io=1/0,kio=1,kro=1}->HttpConnection@593a486d[p=HttpParser{s=START,0 of -1},g=HttpGenerator@6f38f041{s=START}]=>HttpChannelOverHttp@4201c43{s=HttpChannelState@a182b14{s=IDLE rs=BLOCKING os=OPEN is=IDLE awp=false se=false i=true al=0},r=0,c=false/false,a=IDLE,uri=null,age=0}:runFillable:BLOCKING startThread=0
03:19:45.826 [qtp961160488-16] DEBUG org.eclipse.jetty.io.ManagedSelector - updateable 0
03:19:45.826 [qtp961160488-16] DEBUG org.eclipse.jetty.io.ManagedSelector - updates 0
03:19:45.826 [qtp961160488-22] DEBUG org.eclipse.jetty.io.FillInterest - fillable FillInterest@7daac544{AC.ReadCB@593a486d{HttpConnection@593a486d::SocketChannelEndPoint@49e2f6f7{l=/127.0.0.1:36749,r=/127.0.0.1:35060,OPEN,fill=FI,flush=-,to=5/3000}{io=1/0,kio=1,kro=1}->HttpConnection@593a486d[p=HttpParser{s=START,0 of -1},g=HttpGenerator@6f38f041{s=START}]=>HttpChannelOverHttp@4201c43{s=HttpChannelState@a182b14{s=IDLE rs=BLOCKING os=OPEN is=IDLE awp=false se=false i=true al=0},r=0,c=false/false,a=IDLE,uri=null,age=0}}}
03:19:45.826 [qtp961160488-16] DEBUG org.eclipse.jetty.io.ChannelEndPoint - Key interests updated 1 -> 0 on SocketChannelEndPoint@49e2f6f7{l=/127.0.0.1:36749,r=/127.0.0.1:35060,OPEN,fill=FI,flush=-,to=5/3000}{io=0/0,kio=0,kro=1}->HttpConnection@593a486d[p=HttpParser{s=START,0 of -1},g=HttpGenerator@6f38f041{s=START}]=>HttpChannelOverHttp@4201c43{s=HttpChannelState@a182b14{s=IDLE rs=BLOCKING os=OPEN is=IDLE awp=false se=false i=true al=0},r=0,c=false/false,a=IDLE,uri=null,age=0}
03:19:45.826 [qtp961160488-16] DEBUG org.eclipse.jetty.io.ManagedSelector - Selector sun.nio.ch.EPollSelectorImpl@6684ed9 waiting with 1 keys
03:19:45.826 [qtp961160488-22] DEBUG org.eclipse.jetty.server.HttpConnection - HttpConnection@593a486d::SocketChannelEndPoint@49e2f6f7{l=/127.0.0.1:36749,r=/127.0.0.1:35060,OPEN,fill=-,flush=-,to=5/3000}{io=0/0,kio=0,kro=1}->HttpConnection@593a486d[p=HttpParser{s=START,0 of -1},g=HttpGenerator@6f38f041{s=START}]=>HttpChannelOverHttp@4201c43{s=HttpChannelState@a182b14{s=IDLE rs=BLOCKING os=OPEN is=IDLE awp=false se=false i=true al=0},r=0,c=false/false,a=IDLE,uri=null,age=0} onFillable enter HttpChannelState@a182b14{s=IDLE rs=BLOCKING os=OPEN is=IDLE awp=false se=false i=true al=0} null
03:19:45.830 [qtp961160488-22] DEBUG org.eclipse.jetty.util.TypeUtil - This JVM Runtime does not support Modules, disabling Jetty internal support
03:19:45.830 [qtp961160488-22] DEBUG org.eclipse.jetty.io.ChannelEndPoint - filled 125 HeapByteBuffer@59198ba9[p=0,l=125,c=8192,r=125]={<<<GET /config.yml HTTP/1.1\r...gent: okhttp/3.12.3\r\n\r\n>>>\x00\x00\x00\x00\x00\x00\x00\x00\x00...\x00\x00\x00\x00\x00\x00\x00}
03:19:45.830 [qtp961160488-22] DEBUG org.eclipse.jetty.server.HttpConnection - HttpConnection@593a486d::SocketChannelEndPoint@49e2f6f7{l=/127.0.0.1:36749,r=/127.0.0.1:35060,OPEN,fill=-,flush=-,to=3/3000}{io=0/0,kio=0,kro=1}->HttpConnection@593a486d[p=HttpParser{s=START,0 of -1},g=HttpGenerator@6f38f041{s=START}]=>HttpChannelOverHttp@4201c43{s=HttpChannelState@a182b14{s=IDLE rs=BLOCKING os=OPEN is=IDLE awp=false se=false i=true al=0},r=0,c=false/false,a=IDLE,uri=null,age=0} filled 125 HeapByteBuffer@59198ba9[p=0,l=125,c=8192,r=125]={<<<GET /config.yml HTTP/1.1\r...gent: okhttp/3.12.3\r\n\r\n>>>\x00\x00\x00\x00\x00\x00\x00\x00\x00...\x00\x00\x00\x00\x00\x00\x00}
03:19:45.831 [qtp961160488-22] DEBUG org.eclipse.jetty.server.HttpConnection - HttpConnection@593a486d::SocketChannelEndPoint@49e2f6f7{l=/127.0.0.1:36749,r=/127.0.0.1:35060,OPEN,fill=-,flush=-,to=3/3000}{io=0/0,kio=0,kro=1}->HttpConnection@593a486d[p=HttpParser{s=START,0 of -1},g=HttpGenerator@6f38f041{s=START}]=>HttpChannelOverHttp@4201c43{s=HttpChannelState@a182b14{s=IDLE rs=BLOCKING os=OPEN is=IDLE awp=false se=false i=true al=0},r=0,c=false/false,a=IDLE,uri=null,age=0} parse HeapByteBuffer@59198ba9[p=0,l=125,c=8192,r=125]={<<<GET /config.yml HTTP/1.1\r...gent: okhttp/3.12.3\r\n\r\n>>>\x00\x00\x00\x00\x00\x00\x00\x00\x00...\x00\x00\x00\x00\x00\x00\x00} {}
03:19:45.831 [qtp961160488-22] DEBUG org.eclipse.jetty.http.HttpParser - parseNext s=START HeapByteBuffer@59198ba9[p=0,l=125,c=8192,r=125]={<<<GET /config.yml HTTP/1.1\r...gent: okhttp/3.12.3\r\n\r\n>>>\x00\x00\x00\x00\x00\x00\x00\x00\x00...\x00\x00\x00\x00\x00\x00\x00}
03:19:45.831 [qtp961160488-22] DEBUG org.eclipse.jetty.http.HttpParser - START --> SPACE1
03:19:45.833 [qtp961160488-22] DEBUG org.eclipse.jetty.http.HttpParser - SPACE1 --> URI
03:19:45.833 [qtp961160488-22] DEBUG org.eclipse.jetty.http.HttpParser - URI --> SPACE2
03:19:45.833 [qtp961160488-22] DEBUG org.eclipse.jetty.http.HttpParser - SPACE2 --> REQUEST_VERSION
03:19:45.833 [qtp961160488-22] DEBUG org.eclipse.jetty.http.HttpParser - REQUEST_VERSION --> HEADER
03:19:45.834 [qtp961160488-22] DEBUG org.eclipse.jetty.http.HttpParser - HEADER:Host --> VALUE
03:19:45.834 [qtp961160488-22] DEBUG org.eclipse.jetty.http.HttpParser - HEADER:Host --> IN_VALUE
03:19:45.834 [qtp961160488-22] DEBUG org.eclipse.jetty.http.HttpParser - HEADER:Host --> FIELD
03:19:45.835 [qtp961160488-22] DEBUG org.eclipse.jetty.http.HttpParser - HEADER:Connection: keep-alive --> IN_VALUE
03:19:45.835 [qtp961160488-22] DEBUG org.eclipse.jetty.http.HttpParser - HEADER:Connection: keep-alive --> FIELD
03:19:45.835 [qtp961160488-22] DEBUG org.eclipse.jetty.http.HttpParser - HEADER:Accept-Encoding: gzip --> IN_VALUE
03:19:45.835 [qtp961160488-22] DEBUG org.eclipse.jetty.http.HttpParser - HEADER:Accept-Encoding: gzip --> FIELD
03:19:45.835 [qtp961160488-22] DEBUG org.eclipse.jetty.http.HttpParser - HEADER:User-Agent --> VALUE
03:19:45.835 [qtp961160488-22] DEBUG org.eclipse.jetty.http.HttpParser - HEADER:User-Agent --> IN_VALUE
03:19:45.835 [qtp961160488-22] DEBUG org.eclipse.jetty.http.HttpParser - HEADER:User-Agent --> FIELD
03:19:45.835 [qtp961160488-22] DEBUG org.eclipse.jetty.http.HttpParser - HEADER --> CONTENT
03:19:45.837 [qtp961160488-22] DEBUG org.eclipse.jetty.server.HttpChannel - REQUEST for //localhost:36749/config.yml on HttpChannelOverHttp@4201c43{s=HttpChannelState@a182b14{s=IDLE rs=BLOCKING os=OPEN is=IDLE awp=false se=false i=true al=0},r=1,c=false/false,a=IDLE,uri=//localhost:36749/config.yml,age=0}
GET //localhost:36749/config.yml HTTP/1.1
Host: localhost:36749
Connection: keep-alive
Accept-Encoding: gzip
User-Agent: okhttp/3.12.3


03:19:45.837 [qtp961160488-22] DEBUG org.eclipse.jetty.server.HttpConnection - HttpConnection@593a486d::SocketChannelEndPoint@49e2f6f7{l=/127.0.0.1:36749,r=/127.0.0.1:35060,OPEN,fill=-,flush=-,to=9/3000}{io=0/0,kio=0,kro=1}->HttpConnection@593a486d[p=HttpParser{s=CONTENT,0 of -1},g=HttpGenerator@6f38f041{s=START}]=>HttpChannelOverHttp@4201c43{s=HttpChannelState@a182b14{s=IDLE rs=BLOCKING os=OPEN is=IDLE awp=false se=false i=true al=0},r=1,c=false/false,a=IDLE,uri=//localhost:36749/config.yml,age=1} parsed true HttpParser{s=CONTENT,0 of -1}
03:19:45.837 [qtp961160488-22] DEBUG org.eclipse.jetty.server.HttpConnection - releaseRequestBuffer HttpConnection@593a486d::SocketChannelEndPoint@49e2f6f7{l=/127.0.0.1:36749,r=/127.0.0.1:35060,OPEN,fill=-,flush=-,to=10/3000}{io=0/0,kio=0,kro=1}->HttpConnection@593a486d[p=HttpParser{s=CONTENT,0 of -1},g=HttpGenerator@6f38f041{s=START}]=>HttpChannelOverHttp@4201c43{s=HttpChannelState@a182b14{s=IDLE rs=BLOCKING os=OPEN is=IDLE awp=false se=false i=true al=0},r=1,c=false/false,a=IDLE,uri=//localhost:36749/config.yml,age=1}
03:19:45.838 [qtp961160488-22] DEBUG org.eclipse.jetty.server.HttpChannel - handle //localhost:36749/config.yml HttpChannelOverHttp@4201c43{s=HttpChannelState@a182b14{s=IDLE rs=BLOCKING os=OPEN is=IDLE awp=false se=false i=true al=0},r=1,c=false/false,a=IDLE,uri=//localhost:36749/config.yml,age=2} 
03:19:45.838 [qtp961160488-22] DEBUG org.eclipse.jetty.server.HttpChannelState - handling HttpChannelState@a182b14{s=IDLE rs=BLOCKING os=OPEN is=IDLE awp=false se=false i=true al=0}
03:19:45.839 [qtp961160488-22] DEBUG org.eclipse.jetty.server.HttpChannel - action DISPATCH HttpChannelOverHttp@4201c43{s=HttpChannelState@a182b14{s=HANDLING rs=BLOCKING os=OPEN is=IDLE awp=false se=false i=true al=0},r=1,c=false/false,a=HANDLING,uri=//localhost:36749/config.yml,age=3}
03:19:45.840 [qtp961160488-22] DEBUG org.eclipse.jetty.server.Server - REQUEST GET /config.yml on HttpChannelOverHttp@4201c43{s=HttpChannelState@a182b14{s=HANDLING rs=BLOCKING os=OPEN is=IDLE awp=false se=false i=true al=0},r=1,c=false/false,a=HANDLING,uri=//localhost:36749/config.yml,age=4}
03:19:45.848 [qtp961160488-22] DEBUG org.eclipse.jetty.server.HttpOutput - write(array HeapByteBuffer@7d12c987[p=0,l=4,c=512,r=4]={<<<path>>>\x00\x00\x00\x00\x00\x00\x00\x00\x00...\x00\x00\x00\x00\x00\x00\x00})
03:19:45.848 [qtp961160488-22] DEBUG org.eclipse.jetty.server.HttpOutput - write(array) s=CLOSING,api=BLOCKED,sc=false,e=null last=true agg=false flush=true async=false, len=4 null
03:19:45.848 [qtp961160488-22] DEBUG org.eclipse.jetty.server.HttpChannel - sendResponse info=null content=HeapByteBuffer@53f94bda[p=0,l=4,c=512,r=4]={<<<path>>>\x00\x00\x00\x00\x00\x00\x00\x00\x00...\x00\x00\x00\x00\x00\x00\x00} complete=true committing=true callback=Blocker@38cceed3{null}
03:19:45.848 [qtp961160488-22] DEBUG org.eclipse.jetty.server.HttpChannel - COMMIT for /config.yml on HttpChannelOverHttp@4201c43{s=HttpChannelState@a182b14{s=HANDLING rs=BLOCKING os=COMMITTED is=IDLE awp=false se=false i=true al=0},r=1,c=false/false,a=HANDLING,uri=//localhost:36749/config.yml,age=12}
200 null HTTP/1.1
Date: Thu, 02 May 2024 02:19:45 GMT
ETag: testEtag
Content-Type: text/plain;charset=utf-8
Content-Length: 4


03:19:45.851 [qtp961160488-22] DEBUG org.eclipse.jetty.server.HttpConnection - generate: NEED_HEADER for SendCallback@5b40dc66[PROCESSING][i=HTTP/1.1{s=200,h=4,cl=4},cb=org.eclipse.jetty.server.HttpChannel$SendCallback@9a2c956] (null,[p=0,l=4,c=512,r=4],true)@START
03:19:45.851 [qtp961160488-22] DEBUG org.eclipse.jetty.http.HttpGenerator - generateHeaders HTTP/1.1{s=200,h=4,cl=4} last=true content=HeapByteBuffer@53f94bda[p=0,l=4,c=512,r=4]={<<<path>>>\x00\x00\x00\x00\x00\x00\x00\x00\x00...\x00\x00\x00\x00\x00\x00\x00}
03:19:45.851 [qtp961160488-22] DEBUG org.eclipse.jetty.http.HttpGenerator - Date: Thu, 02 May 2024 02:19:45 GMT
ETag: testEtag
Content-Type: text/plain;charset=utf-8
Content-Length: 4


03:19:45.851 [qtp961160488-22] DEBUG org.eclipse.jetty.http.HttpGenerator - CONTENT_LENGTH
03:19:45.852 [qtp961160488-22] DEBUG org.eclipse.jetty.server.HttpConnection - generate: FLUSH for SendCallback@5b40dc66[PROCESSING][i=HTTP/1.1{s=200,h=4,cl=4},cb=org.eclipse.jetty.server.HttpChannel$SendCallback@9a2c956] ([p=0,l=164,c=8192,r=164],[p=0,l=4,c=512,r=4],true)@COMPLETING
03:19:45.852 [qtp961160488-22] DEBUG org.eclipse.jetty.io.WriteFlusher - write: WriteFlusher@5c95a6e5{IDLE}->null [HeapByteBuffer@59198ba9[p=0,l=164,c=8192,r=164]={<<<HTTP/1.1 200 OK\r\nDate: Th...y(9.4.44.v20210927)\r\n\r\n>>>\x00\x00\x00\x00\x00\x00\x00\x00\x00...\x00\x00\x00\x00\x00\x00\x00},HeapByteBuffer@53f94bda[p=0,l=4,c=512,r=4]={<<<path>>>\x00\x00\x00\x00\x00\x00\x00\x00\x00...\x00\x00\x00\x00\x00\x00\x00}]
03:19:45.852 [qtp961160488-22] DEBUG org.eclipse.jetty.io.WriteFlusher - update WriteFlusher@5c95a6e5{WRITING}->null:IDLE-->WRITING
03:19:45.852 [qtp961160488-22] DEBUG org.eclipse.jetty.io.ChannelEndPoint - flushed 168 SocketChannelEndPoint@49e2f6f7{l=/127.0.0.1:36749,r=/127.0.0.1:35060,OPEN,fill=-,flush=W,to=25/3000}{io=0/0,kio=0,kro=1}->HttpConnection@593a486d[p=HttpParser{s=CONTENT,0 of -1},g=HttpGenerator@6f38f041{s=COMPLETING}]=>HttpChannelOverHttp@4201c43{s=HttpChannelState@a182b14{s=HANDLING rs=BLOCKING os=COMMITTED is=IDLE awp=false se=false i=true al=0},r=1,c=false/false,a=HANDLING,uri=//localhost:36749/config.yml,age=16}
03:19:45.852 [qtp961160488-22] DEBUG org.eclipse.jetty.io.WriteFlusher - Flushed=true written=168 remaining=0 WriteFlusher@5c95a6e5{WRITING}->null
03:19:45.853 [qtp961160488-22] DEBUG org.eclipse.jetty.io.WriteFlusher - update WriteFlusher@5c95a6e5{IDLE}->null:WRITING-->IDLE
03:19:45.853 [qtp961160488-22] DEBUG org.eclipse.jetty.server.HttpConnection - generate: DONE for SendCallback@5b40dc66[PROCESSING][i=HTTP/1.1{s=200,h=4,cl=4},cb=org.eclipse.jetty.server.HttpChannel$SendCallback@9a2c956] ([p=164,l=164,c=8192,r=0],[p=4,l=4,c=512,r=0],true)@END
03:19:45.853 [qtp961160488-22] DEBUG org.eclipse.jetty.server.HttpOutput - onWriteComplete(true,null) s=CLOSING,api=BLOCKED,sc=false,e=null->s=CLOSED,api=BLOCKING,sc=false,e=null c=null cb=null w=false
03:19:45.853 [qtp961160488-22] DEBUG org.eclipse.jetty.server.HttpOutput - close() s=CLOSED,api=BLOCKING,sc=false,e=null c=null b=null
03:19:45.853 [qtp961160488-22] DEBUG org.eclipse.jetty.server.Server - handled=true async=false committed=true on HttpChannelOverHttp@4201c43{s=HttpChannelState@a182b14{s=HANDLING rs=BLOCKING os=COMPLETED is=IDLE awp=false se=false i=true al=0},r=1,c=false/true,a=HANDLING,uri=//localhost:36749/config.yml,age=17}
03:19:45.853 [qtp961160488-22] DEBUG org.eclipse.jetty.server.HttpChannelState - unhandle HttpChannelState@a182b14{s=HANDLING rs=BLOCKING os=COMPLETED is=IDLE awp=false se=false i=true al=0}
03:19:45.853 [qtp961160488-22] DEBUG org.eclipse.jetty.server.HttpChannelState - nextAction(false) COMPLETE HttpChannelState@a182b14{s=HANDLING rs=COMPLETING os=COMPLETED is=IDLE awp=false se=false i=false al=0}
03:19:45.853 [qtp961160488-22] DEBUG org.eclipse.jetty.server.HttpChannel - action COMPLETE HttpChannelOverHttp@4201c43{s=HttpChannelState@a182b14{s=HANDLING rs=COMPLETING os=COMPLETED is=IDLE awp=false se=false i=false al=0},r=1,c=false/true,a=HANDLING,uri=//localhost:36749/config.yml,age=17}
03:19:45.854 [qtp961160488-22] DEBUG org.eclipse.jetty.server.HttpOutput - complete(org.eclipse.jetty.util.Callback$3@20db9b50) s=CLOSED,api=BLOCKING,sc=false,e=null s=true e=null, c=null
03:19:45.854 [qtp961160488-22] DEBUG org.eclipse.jetty.server.HttpChannelState - completed HttpChannelState@a182b14{s=HANDLING rs=COMPLETING os=COMPLETED is=IDLE awp=false se=false i=false al=0}
03:19:45.854 [qtp961160488-22] DEBUG org.eclipse.jetty.server.HttpChannelState - unhandle HttpChannelState@a182b14{s=HANDLING rs=COMPLETED os=COMPLETED is=IDLE awp=false se=false i=false al=0}
03:19:45.854 [qtp961160488-22] DEBUG org.eclipse.jetty.server.HttpChannelState - nextAction(false) TERMINATED HttpChannelState@a182b14{s=IDLE rs=COMPLETED os=COMPLETED is=IDLE awp=false se=false i=false al=0}
03:19:45.854 [qtp961160488-22] DEBUG org.eclipse.jetty.server.HttpChannel - action TERMINATED HttpChannelOverHttp@4201c43{s=HttpChannelState@a182b14{s=IDLE rs=COMPLETED os=COMPLETED is=IDLE awp=false se=false i=false al=0},r=1,c=true/true,a=IDLE,uri=//localhost:36749/config.yml,age=18}
03:19:45.854 [qtp961160488-22] DEBUG org.eclipse.jetty.server.HttpChannel - onCompleted for /config.yml written=4
03:19:45.854 [qtp961160488-22] DEBUG org.eclipse.jetty.io.ChannelEndPoint - filled 0 HeapByteBuffer@59198ba9[p=0,l=0,c=8192,r=0]={<<<>>>HTTP/1.1 ...\x00\x00\x00\x00\x00\x00\x00}
03:19:45.855 [qtp961160488-22] DEBUG org.eclipse.jetty.io.ChannelEndPoint - filled 0 HeapByteBuffer@59198ba9[p=0,l=0,c=8192,r=0]={<<<>>>HTTP/1.1 ...\x00\x00\x00\x00\x00\x00\x00}
03:19:45.855 [qtp961160488-22] DEBUG org.eclipse.jetty.server.HttpConnection - HttpConnection@593a486d::SocketChannelEndPoint@49e2f6f7{l=/127.0.0.1:36749,r=/127.0.0.1:35060,OPEN,fill=-,flush=-,to=2/3000}{io=0/0,kio=0,kro=1}->HttpConnection@593a486d[p=HttpParser{s=CONTENT,0 of -1},g=HttpGenerator@6f38f041{s=END}]=>HttpChannelOverHttp@4201c43{s=HttpChannelState@a182b14{s=IDLE rs=COMPLETED os=COMPLETED is=IDLE awp=false se=false i=false al=0},r=1,c=true/true,a=IDLE,uri=//localhost:36749/config.yml,age=19} filled 0 HeapByteBuffer@59198ba9[p=0,l=0,c=8192,r=0]={<<<>>>HTTP/1.1 ...\x00\x00\x00\x00\x00\x00\x00}
03:19:45.855 [qtp961160488-22] DEBUG org.eclipse.jetty.server.HttpConnection - HttpConnection@593a486d::SocketChannelEndPoint@49e2f6f7{l=/127.0.0.1:36749,r=/127.0.0.1:35060,OPEN,fill=-,flush=-,to=2/3000}{io=0/0,kio=0,kro=1}->HttpConnection@593a486d[p=HttpParser{s=CONTENT,0 of -1},g=HttpGenerator@6f38f041{s=END}]=>HttpChannelOverHttp@4201c43{s=HttpChannelState@a182b14{s=IDLE rs=COMPLETED os=COMPLETED is=IDLE awp=false se=false i=false al=0},r=1,c=true/true,a=IDLE,uri=//localhost:36749/config.yml,age=19} parse HeapByteBuffer@59198ba9[p=0,l=0,c=8192,r=0]={<<<>>>HTTP/1.1 ...\x00\x00\x00\x00\x00\x00\x00} {}
03:19:45.855 [qtp961160488-22] DEBUG org.eclipse.jetty.http.HttpParser - parseNext s=CONTENT HeapByteBuffer@59198ba9[p=0,l=0,c=8192,r=0]={<<<>>>HTTP/1.1 ...\x00\x00\x00\x00\x00\x00\x00}
03:19:45.855 [qtp961160488-22] DEBUG org.eclipse.jetty.http.HttpParser - CONTENT --> CONTENT_END
03:19:45.855 [qtp961160488-22] DEBUG org.eclipse.jetty.server.HttpChannel - onContentComplete HttpChannelOverHttp@4201c43{s=HttpChannelState@a182b14{s=IDLE rs=COMPLETED os=COMPLETED is=IDLE awp=false se=false i=false al=0},r=1,c=true/true,a=IDLE,uri=//localhost:36749/config.yml,age=19}
03:19:45.855 [qtp961160488-22] DEBUG org.eclipse.jetty.http.HttpParser - CONTENT_END --> END
03:19:45.855 [qtp961160488-22] DEBUG org.eclipse.jetty.server.HttpChannel - onRequestComplete HttpChannelOverHttp@4201c43{s=HttpChannelState@a182b14{s=IDLE rs=COMPLETED os=COMPLETED is=IDLE awp=false se=false i=false al=0},r=1,c=true/true,a=IDLE,uri=//localhost:36749/config.yml,age=19}
03:19:45.855 [qtp961160488-22] DEBUG org.eclipse.jetty.server.HttpInput - HttpInputOverHTTP@289ae154[c=0,q=0,[0]=null,s=STREAM] addContent EOF
03:19:45.855 [qtp961160488-22] DEBUG org.eclipse.jetty.server.HttpConnection - HttpConnection@593a486d::SocketChannelEndPoint@49e2f6f7{l=/127.0.0.1:36749,r=/127.0.0.1:35060,OPEN,fill=-,flush=-,to=2/3000}{io=0/0,kio=0,kro=1}->HttpConnection@593a486d[p=HttpParser{s=END,0 of -1},g=HttpGenerator@6f38f041{s=END}]=>HttpChannelOverHttp@4201c43{s=HttpChannelState@a182b14{s=IDLE rs=COMPLETED os=COMPLETED is=IDLE awp=false se=false i=false al=0},r=1,c=true/true,a=IDLE,uri=//localhost:36749/config.yml,age=19} parsed false HttpParser{s=END,0 of -1}
03:19:45.856 [qtp961160488-22] DEBUG org.eclipse.jetty.server.HttpConnection - releaseRequestBuffer HttpConnection@593a486d::SocketChannelEndPoint@49e2f6f7{l=/127.0.0.1:36749,r=/127.0.0.1:35060,OPEN,fill=-,flush=-,to=3/3000}{io=0/0,kio=0,kro=1}->HttpConnection@593a486d[p=HttpParser{s=END,0 of -1},g=HttpGenerator@6f38f041{s=END}]=>HttpChannelOverHttp@4201c43{s=HttpChannelState@a182b14{s=IDLE rs=COMPLETED os=COMPLETED is=IDLE awp=false se=false i=false al=0},r=1,c=true/true,a=IDLE,uri=//localhost:36749/config.yml,age=20}
03:19:45.856 [qtp961160488-22] DEBUG org.eclipse.jetty.server.HttpChannelState - recycle HttpChannelState@a182b14{s=IDLE rs=COMPLETED os=COMPLETED is=IDLE awp=false se=false i=false al=0}
03:19:45.856 [main] DEBUG org.apache.nifi.minifi.bootstrap.configuration.ingestors.PullHttpChangeIngestor - Response received: Response{protocol=http/1.1, code=200, message=OK, url=http://localhost:36749/config.yml}
03:19:45.858 [main] DEBUG org.apache.nifi.minifi.bootstrap.configuration.ingestors.PullHttpChangeIngestor - New change received, notifying listener
03:19:45.858 [main] DEBUG org.apache.nifi.minifi.bootstrap.configuration.ingestors.PullHttpChangeIngestor - Listeners notified
03:19:45.858 [qtp961160488-22] DEBUG org.eclipse.jetty.http.HttpParser - reset HttpParser{s=END,0 of -1}
03:19:45.858 [qtp961160488-22] DEBUG org.eclipse.jetty.http.HttpParser - END --> START
03:19:45.858 [qtp961160488-22] DEBUG org.eclipse.jetty.server.HttpChannel - !handle TERMINATED HttpChannelOverHttp@4201c43{s=HttpChannelState@a182b14{s=IDLE rs=BLOCKING os=OPEN is=IDLE awp=false se=false i=true al=0},r=1,c=false/false,a=IDLE,uri=null,age=0}
03:19:45.858 [qtp961160488-22] DEBUG org.eclipse.jetty.io.ChannelEndPoint - filled 0 HeapByteBuffer@59198ba9[p=0,l=0,c=8192,r=0]={<<<>>>HTTP/1.1 ...\x00\x00\x00\x00\x00\x00\x00}
03:19:45.858 [qtp961160488-22] DEBUG org.eclipse.jetty.io.ChannelEndPoint - filled 0 HeapByteBuffer@59198ba9[p=0,l=0,c=8192,r=0]={<<<>>>HTTP/1.1 ...\x00\x00\x00\x00\x00\x00\x00}
03:19:45.858 [qtp961160488-22] DEBUG org.eclipse.jetty.server.HttpConnection - HttpConnection@593a486d::SocketChannelEndPoint@49e2f6f7{l=/127.0.0.1:36749,r=/127.0.0.1:35060,OPEN,fill=-,flush=-,to=5/3000}{io=0/0,kio=0,kro=1}->HttpConnection@593a486d[p=HttpParser{s=START,0 of -1},g=HttpGenerator@6f38f041{s=START}]=>HttpChannelOverHttp@4201c43{s=HttpChannelState@a182b14{s=IDLE rs=BLOCKING os=OPEN is=IDLE awp=false se=false i=true al=0},r=1,c=false/false,a=IDLE,uri=null,age=0} filled 0 HeapByteBuffer@59198ba9[p=0,l=0,c=8192,r=0]={<<<>>>HTTP/1.1 ...\x00\x00\x00\x00\x00\x00\x00}
03:19:45.858 [qtp961160488-22] DEBUG org.eclipse.jetty.server.HttpConnection - HttpConnection@593a486d::SocketChannelEndPoint@49e2f6f7{l=/127.0.0.1:36749,r=/127.0.0.1:35060,OPEN,fill=-,flush=-,to=5/3000}{io=0/0,kio=0,kro=1}->HttpConnection@593a486d[p=HttpParser{s=START,0 of -1},g=HttpGenerator@6f38f041{s=START}]=>HttpChannelOverHttp@4201c43{s=HttpChannelState@a182b14{s=IDLE rs=BLOCKING os=OPEN is=IDLE awp=false se=false i=true al=0},r=1,c=false/false,a=IDLE,uri=null,age=0} parse HeapByteBuffer@59198ba9[p=0,l=0,c=8192,r=0]={<<<>>>HTTP/1.1 ...\x00\x00\x00\x00\x00\x00\x00} {}
03:19:45.858 [qtp961160488-22] DEBUG org.eclipse.jetty.http.HttpParser - parseNext s=START HeapByteBuffer@59198ba9[p=0,l=0,c=8192,r=0]={<<<>>>HTTP/1.1 ...\x00\x00\x00\x00\x00\x00\x00}
03:19:45.859 [qtp961160488-22] DEBUG org.eclipse.jetty.server.HttpConnection - HttpConnection@593a486d::SocketChannelEndPoint@49e2f6f7{l=/127.0.0.1:36749,r=/127.0.0.1:35060,OPEN,fill=-,flush=-,to=6/3000}{io=0/0,kio=0,kro=1}->HttpConnection@593a486d[p=HttpParser{s=START,0 of -1},g=HttpGenerator@6f38f041{s=START}]=>HttpChannelOverHttp@4201c43{s=HttpChannelState@a182b14{s=IDLE rs=BLOCKING os=OPEN is=IDLE awp=false se=false i=true al=0},r=1,c=false/false,a=IDLE,uri=null,age=0} parsed false HttpParser{s=START,0 of -1}
03:19:45.859 [qtp961160488-22] DEBUG org.eclipse.jetty.server.HttpConnection - releaseRequestBuffer HttpConnection@593a486d::SocketChannelEndPoint@49e2f6f7{l=/127.0.0.1:36749,r=/127.0.0.1:35060,OPEN,fill=-,flush=-,to=6/3000}{io=0/0,kio=0,kro=1}->HttpConnection@593a486d[p=HttpParser{s=START,0 of -1},g=HttpGenerator@6f38f041{s=START}]=>HttpChannelOverHttp@4201c43{s=HttpChannelState@a182b14{s=IDLE rs=BLOCKING os=OPEN is=IDLE awp=false se=false i=true al=0},r=1,c=false/false,a=IDLE,uri=null,age=0}
03:19:45.859 [qtp961160488-22] DEBUG org.eclipse.jetty.io.AbstractConnection - fillInterested HttpConnection@593a486d::SocketChannelEndPoint@49e2f6f7{l=/127.0.0.1:36749,r=/127.0.0.1:35060,OPEN,fill=-,flush=-,to=6/3000}{io=0/0,kio=0,kro=1}->HttpConnection@593a486d[p=HttpParser{s=START,0 of -1},g=HttpGenerator@6f38f041{s=START}]=>HttpChannelOverHttp@4201c43{s=HttpChannelState@a182b14{s=IDLE rs=BLOCKING os=OPEN is=IDLE awp=false se=false i=true al=0},r=1,c=false/false,a=IDLE,uri=null,age=0}
03:19:45.859 [qtp961160488-22] DEBUG org.eclipse.jetty.io.FillInterest - interested FillInterest@7daac544{AC.ReadCB@593a486d{HttpConnection@593a486d::SocketChannelEndPoint@49e2f6f7{l=/127.0.0.1:36749,r=/127.0.0.1:35060,OPEN,fill=FI,flush=-,to=0/3000}{io=0/0,kio=0,kro=1}->HttpConnection@593a486d[p=HttpParser{s=START,0 of -1},g=HttpGenerator@6f38f041{s=START}]=>HttpChannelOverHttp@4201c43{s=HttpChannelState@a182b14{s=IDLE rs=BLOCKING os=OPEN is=IDLE awp=false se=false i=true al=0},r=1,c=false/false,a=IDLE,uri=null,age=0}}}
03:19:45.859 [qtp961160488-22] DEBUG org.eclipse.jetty.io.ChannelEndPoint - changeInterests p=false 0->1 for SocketChannelEndPoint@49e2f6f7{l=/127.0.0.1:36749,r=/127.0.0.1:35060,OPEN,fill=FI,flush=-,to=0/3000}{io=0/1,kio=0,kro=1}->HttpConnection@593a486d[p=HttpParser{s=START,0 of -1},g=HttpGenerator@6f38f041{s=START}]=>HttpChannelOverHttp@4201c43{s=HttpChannelState@a182b14{s=IDLE rs=BLOCKING os=OPEN is=IDLE awp=false se=false i=true al=0},r=1,c=false/false,a=IDLE,uri=null,age=0}
03:19:45.859 [qtp961160488-22] DEBUG org.eclipse.jetty.io.ManagedSelector - Queued change lazy=false org.eclipse.jetty.io.ChannelEndPoint$$Lambda$255/90666987@1211bd93 on ManagedSelector@4803b726{STARTED} id=1 keys=1 selected=0 updates=0
03:19:45.859 [qtp961160488-22] DEBUG org.eclipse.jetty.io.ManagedSelector - Wakeup on submit ManagedSelector@4803b726{STARTED} id=1 keys=1 selected=0 updates=1
03:19:45.859 [qtp961160488-16] DEBUG org.eclipse.jetty.io.ManagedSelector - Selector sun.nio.ch.EPollSelectorImpl@6684ed9 woken with none selected
03:19:45.859 [qtp961160488-16] DEBUG org.eclipse.jetty.io.ManagedSelector - Selector sun.nio.ch.EPollSelectorImpl@6684ed9 woken up from select, 0/0/1 selected
03:19:45.859 [qtp961160488-16] DEBUG org.eclipse.jetty.io.ManagedSelector - Selector sun.nio.ch.EPollSelectorImpl@6684ed9 processing 0 keys, 1 updates
03:19:45.860 [qtp961160488-16] DEBUG org.eclipse.jetty.io.ManagedSelector - updateable 1
03:19:45.860 [qtp961160488-22] DEBUG org.eclipse.jetty.server.HttpConnection - HttpConnection@593a486d::SocketChannelEndPoint@49e2f6f7{l=/127.0.0.1:36749,r=/127.0.0.1:35060,OPEN,fill=FI,flush=-,to=0/3000}{io=0/1,kio=0,kro=1}->HttpConnection@593a486d[p=HttpParser{s=START,0 of -1},g=HttpGenerator@6f38f041{s=START}]=>HttpChannelOverHttp@4201c43{s=HttpChannelState@a182b14{s=IDLE rs=BLOCKING os=OPEN is=IDLE awp=false se=false i=true al=0},r=1,c=false/false,a=IDLE,uri=null,age=0} onFillable exit HttpChannelState@a182b14{s=IDLE rs=BLOCKING os=OPEN is=IDLE awp=false se=false i=true al=0} null
03:19:45.860 [qtp961160488-16] DEBUG org.eclipse.jetty.io.ManagedSelector - update org.eclipse.jetty.io.ChannelEndPoint$$Lambda$255/90666987@1211bd93
03:19:45.860 [qtp961160488-16] DEBUG org.eclipse.jetty.io.ChannelEndPoint - Key interests updated 0 -> 1 on SocketChannelEndPoint@49e2f6f7{l=/127.0.0.1:36749,r=/127.0.0.1:35060,OPEN,fill=FI,flush=-,to=0/3000}{io=1/1,kio=1,kro=1}->HttpConnection@593a486d[p=HttpParser{s=START,0 of -1},g=HttpGenerator@6f38f041{s=START}]=>HttpChannelOverHttp@4201c43{s=HttpChannelState@a182b14{s=IDLE rs=BLOCKING os=OPEN is=IDLE awp=false se=false i=true al=0},r=1,c=false/false,a=IDLE,uri=null,age=0}
03:19:45.860 [qtp961160488-16] DEBUG org.eclipse.jetty.io.ManagedSelector - updates 0
03:19:45.860 [qtp961160488-22] DEBUG org.eclipse.jetty.util.thread.QueuedThreadPool - ran CEP:SocketChannelEndPoint@49e2f6f7{l=/127.0.0.1:36749,r=/127.0.0.1:35060,OPEN,fill=FI,flush=-,to=0/3000}{io=1/1,kio=1,kro=1}->HttpConnection@593a486d[p=HttpParser{s=START,0 of -1},g=HttpGenerator@6f38f041{s=START}]=>HttpChannelOverHttp@4201c43{s=HttpChannelState@a182b14{s=IDLE rs=BLOCKING os=OPEN is=IDLE awp=false se=false i=true al=0},r=1,c=false/false,a=IDLE,uri=null,age=0}:runFillable:BLOCKING in QueuedThreadPool[qtp961160488]@394a2528{STARTED,8<=8<=200,i=1,r=-1,q=0}[ReservedThreadExecutor@383bfa16{reserved=1/8,pending=0}]
03:19:45.860 [qtp961160488-16] DEBUG org.eclipse.jetty.io.ManagedSelector - Selector sun.nio.ch.EPollSelectorImpl@6684ed9 waiting with 1 keys
]]></system-out>
  </testcase>
  <testcase name="testUseEtag" classname="org.apache.nifi.minifi.bootstrap.configuration.ingestors.PullHttpChangeIngestorTest" time="0.018">
    <system-out><![CDATA[03:19:45.866 [main] DEBUG org.apache.nifi.minifi.bootstrap.configuration.ingestors.PullHttpChangeIngestor - Attempting to pull new config
03:19:45.867 [qtp961160488-19-acceptor-0@1e1a0406-ServerConnector@446293d{HTTP/1.1, (http/1.1)}{localhost:36749}] DEBUG org.eclipse.jetty.io.ManagedSelector - Queued change lazy=false Accept@31b69ccf[java.nio.channels.SocketChannel[connected local=/127.0.0.1:36749 remote=/127.0.0.1:35072]] on ManagedSelector@316bcf94{STARTED} id=2 keys=0 selected=0 updates=0
03:19:45.867 [qtp961160488-19-acceptor-0@1e1a0406-ServerConnector@446293d{HTTP/1.1, (http/1.1)}{localhost:36749}] DEBUG org.eclipse.jetty.io.ManagedSelector - Wakeup on submit ManagedSelector@316bcf94{STARTED} id=2 keys=0 selected=0 updates=1
03:19:45.867 [qtp961160488-17] DEBUG org.eclipse.jetty.io.ManagedSelector - Selector sun.nio.ch.EPollSelectorImpl@4b5bcbdf woken with none selected
03:19:45.867 [qtp961160488-17] DEBUG org.eclipse.jetty.io.ManagedSelector - Selector sun.nio.ch.EPollSelectorImpl@4b5bcbdf woken up from select, 0/0/0 selected
03:19:45.867 [qtp961160488-17] DEBUG org.eclipse.jetty.io.ManagedSelector - Selector sun.nio.ch.EPollSelectorImpl@4b5bcbdf processing 0 keys, 1 updates
03:19:45.867 [qtp961160488-17] DEBUG org.eclipse.jetty.io.ManagedSelector - updateable 1
03:19:45.867 [qtp961160488-17] DEBUG org.eclipse.jetty.io.ManagedSelector - update Accept@31b69ccf[java.nio.channels.SocketChannel[connected local=/127.0.0.1:36749 remote=/127.0.0.1:35072]]
03:19:45.868 [qtp961160488-17] DEBUG org.eclipse.jetty.util.thread.QueuedThreadPool - queue Accept@31b69ccf[java.nio.channels.SocketChannel[connected local=/127.0.0.1:36749 remote=/127.0.0.1:35072]] startThread=0
03:19:45.868 [qtp961160488-20] DEBUG org.eclipse.jetty.util.thread.QueuedThreadPool - run Accept@31b69ccf[java.nio.channels.SocketChannel[connected local=/127.0.0.1:36749 remote=/127.0.0.1:35072]] in QueuedThreadPool[qtp961160488]@394a2528{STARTED,8<=8<=200,i=1,r=-1,q=0}[ReservedThreadExecutor@383bfa16{reserved=1/8,pending=0}]
03:19:45.868 [qtp961160488-17] DEBUG org.eclipse.jetty.io.ManagedSelector - updates 0
03:19:45.868 [qtp961160488-17] DEBUG org.eclipse.jetty.io.ManagedSelector - Selector sun.nio.ch.EPollSelectorImpl@4b5bcbdf waiting with 1 keys
03:19:45.868 [qtp961160488-20] DEBUG org.eclipse.jetty.io.IdleTimeout - SocketChannelEndPoint@2142d370{l=/127.0.0.1:36749,r=/127.0.0.1:35072,OPEN,fill=-,flush=-,to=0/3000}{io=0/0,kio=0,kro=0}-><null> idle timeout check, elapsed: 0 ms, remaining: 3000 ms
03:19:45.868 [qtp961160488-20] DEBUG org.eclipse.jetty.server.HttpChannel - new HttpChannelOverHttp@95085e1{s=HttpChannelState@227be16a{s=IDLE rs=BLOCKING os=OPEN is=IDLE awp=false se=false i=true al=0},r=0,c=false/false,a=IDLE,uri=null,age=0} -> SocketChannelEndPoint@2142d370{l=/127.0.0.1:36749,r=/127.0.0.1:35072,OPEN,fill=-,flush=-,to=0/3000}{io=0/0,kio=0,kro=0}-><null>,null,HttpChannelState@227be16a{s=IDLE rs=BLOCKING os=OPEN is=IDLE awp=false se=false i=true al=0}
03:19:45.868 [qtp961160488-20] DEBUG org.eclipse.jetty.server.HttpConnection - New HTTP Connection HttpConnection@3d192d93::SocketChannelEndPoint@2142d370{l=/127.0.0.1:36749,r=/127.0.0.1:35072,OPEN,fill=-,flush=-,to=0/3000}{io=0/0,kio=0,kro=0}-><null>
03:19:45.868 [qtp961160488-20] DEBUG org.eclipse.jetty.io.ManagedSelector - Queued change lazy=true org.eclipse.jetty.io.ManagedSelector$$Lambda$258/445561681@a77a013 on ManagedSelector@316bcf94{STARTED} id=2 keys=1 selected=0 updates=0
03:19:45.868 [qtp961160488-20] DEBUG org.eclipse.jetty.io.AbstractEndPoint - onOpen SocketChannelEndPoint@2142d370{l=/127.0.0.1:36749,r=/127.0.0.1:35072,OPEN,fill=-,flush=-,to=0/3000}{io=0/0,kio=0,kro=0}->HttpConnection@3d192d93[p=HttpParser{s=START,0 of -1},g=HttpGenerator@7854331{s=START}]=>HttpChannelOverHttp@95085e1{s=HttpChannelState@227be16a{s=IDLE rs=BLOCKING os=OPEN is=IDLE awp=false se=false i=true al=0},r=0,c=false/false,a=IDLE,uri=null,age=0}
03:19:45.868 [qtp961160488-20] DEBUG org.eclipse.jetty.io.AbstractConnection - onOpen HttpConnection@3d192d93::SocketChannelEndPoint@2142d370{l=/127.0.0.1:36749,r=/127.0.0.1:35072,OPEN,fill=-,flush=-,to=0/3000}{io=0/0,kio=0,kro=0}->HttpConnection@3d192d93[p=HttpParser{s=START,0 of -1},g=HttpGenerator@7854331{s=START}]=>HttpChannelOverHttp@95085e1{s=HttpChannelState@227be16a{s=IDLE rs=BLOCKING os=OPEN is=IDLE awp=false se=false i=true al=0},r=0,c=false/false,a=IDLE,uri=null,age=0}
03:19:45.868 [qtp961160488-20] DEBUG org.eclipse.jetty.io.AbstractConnection - fillInterested HttpConnection@3d192d93::SocketChannelEndPoint@2142d370{l=/127.0.0.1:36749,r=/127.0.0.1:35072,OPEN,fill=-,flush=-,to=0/3000}{io=0/0,kio=0,kro=0}->HttpConnection@3d192d93[p=HttpParser{s=START,0 of -1},g=HttpGenerator@7854331{s=START}]=>HttpChannelOverHttp@95085e1{s=HttpChannelState@227be16a{s=IDLE rs=BLOCKING os=OPEN is=IDLE awp=false se=false i=true al=0},r=0,c=false/false,a=IDLE,uri=null,age=0}
03:19:45.869 [qtp961160488-20] DEBUG org.eclipse.jetty.io.FillInterest - interested FillInterest@7a88821a{AC.ReadCB@3d192d93{HttpConnection@3d192d93::SocketChannelEndPoint@2142d370{l=/127.0.0.1:36749,r=/127.0.0.1:35072,OPEN,fill=FI,flush=-,to=0/3000}{io=0/0,kio=0,kro=0}->HttpConnection@3d192d93[p=HttpParser{s=START,0 of -1},g=HttpGenerator@7854331{s=START}]=>HttpChannelOverHttp@95085e1{s=HttpChannelState@227be16a{s=IDLE rs=BLOCKING os=OPEN is=IDLE awp=false se=false i=true al=0},r=0,c=false/false,a=IDLE,uri=null,age=0}}}
03:19:45.869 [qtp961160488-20] DEBUG org.eclipse.jetty.io.ChannelEndPoint - changeInterests p=false 0->1 for SocketChannelEndPoint@2142d370{l=/127.0.0.1:36749,r=/127.0.0.1:35072,OPEN,fill=FI,flush=-,to=0/3000}{io=0/1,kio=0,kro=0}->HttpConnection@3d192d93[p=HttpParser{s=START,0 of -1},g=HttpGenerator@7854331{s=START}]=>HttpChannelOverHttp@95085e1{s=HttpChannelState@227be16a{s=IDLE rs=BLOCKING os=OPEN is=IDLE awp=false se=false i=true al=0},r=0,c=false/false,a=IDLE,uri=null,age=0}
03:19:45.869 [qtp961160488-20] DEBUG org.eclipse.jetty.io.ManagedSelector - Queued change lazy=false org.eclipse.jetty.io.ChannelEndPoint$$Lambda$255/90666987@e094d6d on ManagedSelector@316bcf94{STARTED} id=2 keys=1 selected=0 updates=1
03:19:45.869 [qtp961160488-20] DEBUG org.eclipse.jetty.io.ManagedSelector - Wakeup on submit ManagedSelector@316bcf94{STARTED} id=2 keys=1 selected=0 updates=2
03:19:45.869 [qtp961160488-17] DEBUG org.eclipse.jetty.io.ManagedSelector - Selector sun.nio.ch.EPollSelectorImpl@4b5bcbdf woken with none selected
03:19:45.869 [qtp961160488-20] DEBUG org.eclipse.jetty.io.ManagedSelector - Created SocketChannelEndPoint@2142d370{l=/127.0.0.1:36749,r=/127.0.0.1:35072,OPEN,fill=FI,flush=-,to=0/3000}{io=0/1,kio=0,kro=0}->HttpConnection@3d192d93[p=HttpParser{s=START,0 of -1},g=HttpGenerator@7854331{s=START}]=>HttpChannelOverHttp@95085e1{s=HttpChannelState@227be16a{s=IDLE rs=BLOCKING os=OPEN is=IDLE awp=false se=false i=true al=0},r=0,c=false/false,a=IDLE,uri=null,age=0}
03:19:45.869 [qtp961160488-17] DEBUG org.eclipse.jetty.io.ManagedSelector - Selector sun.nio.ch.EPollSelectorImpl@4b5bcbdf woken up from select, 0/0/1 selected
03:19:45.869 [qtp961160488-17] DEBUG org.eclipse.jetty.io.ManagedSelector - Selector sun.nio.ch.EPollSelectorImpl@4b5bcbdf processing 0 keys, 2 updates
03:19:45.869 [qtp961160488-20] DEBUG org.eclipse.jetty.util.thread.QueuedThreadPool - ran Accept@31b69ccf[java.nio.channels.SocketChannel[connected local=/127.0.0.1:36749 remote=/127.0.0.1:35072]] in QueuedThreadPool[qtp961160488]@394a2528{STARTED,8<=8<=200,i=1,r=-1,q=0}[ReservedThreadExecutor@383bfa16{reserved=1/8,pending=0}]
03:19:45.869 [qtp961160488-17] DEBUG org.eclipse.jetty.io.ManagedSelector - updateable 2
03:19:45.869 [qtp961160488-17] DEBUG org.eclipse.jetty.io.ManagedSelector - update org.eclipse.jetty.io.ManagedSelector$$Lambda$258/445561681@a77a013
03:19:45.869 [qtp961160488-17] DEBUG org.eclipse.jetty.io.ManagedSelector - update org.eclipse.jetty.io.ChannelEndPoint$$Lambda$255/90666987@e094d6d
03:19:45.869 [qtp961160488-17] DEBUG org.eclipse.jetty.io.ChannelEndPoint - Key interests updated 0 -> 1 on SocketChannelEndPoint@2142d370{l=/127.0.0.1:36749,r=/127.0.0.1:35072,OPEN,fill=FI,flush=-,to=0/3000}{io=1/1,kio=1,kro=0}->HttpConnection@3d192d93[p=HttpParser{s=START,0 of -1},g=HttpGenerator@7854331{s=START}]=>HttpChannelOverHttp@95085e1{s=HttpChannelState@227be16a{s=IDLE rs=BLOCKING os=OPEN is=IDLE awp=false se=false i=true al=0},r=0,c=false/false,a=IDLE,uri=null,age=0}
03:19:45.869 [qtp961160488-17] DEBUG org.eclipse.jetty.io.ManagedSelector - updates 0
03:19:45.869 [qtp961160488-17] DEBUG org.eclipse.jetty.io.ManagedSelector - Selector sun.nio.ch.EPollSelectorImpl@4b5bcbdf waiting with 1 keys
03:19:45.870 [qtp961160488-17] DEBUG org.eclipse.jetty.io.ManagedSelector - Selector sun.nio.ch.EPollSelectorImpl@4b5bcbdf woken up from select, 1/1/1 selected
03:19:45.870 [qtp961160488-17] DEBUG org.eclipse.jetty.io.ManagedSelector - Selector sun.nio.ch.EPollSelectorImpl@4b5bcbdf processing 1 keys, 0 updates
03:19:45.870 [qtp961160488-17] DEBUG org.eclipse.jetty.io.ManagedSelector - selected 1 sun.nio.ch.SelectionKeyImpl@459c2cc4 SocketChannelEndPoint@2142d370{l=/127.0.0.1:36749,r=/127.0.0.1:35072,OPEN,fill=FI,flush=-,to=1/3000}{io=1/1,kio=1,kro=1}->HttpConnection@3d192d93[p=HttpParser{s=START,0 of -1},g=HttpGenerator@7854331{s=START}]=>HttpChannelOverHttp@95085e1{s=HttpChannelState@227be16a{s=IDLE rs=BLOCKING os=OPEN is=IDLE awp=false se=false i=true al=0},r=0,c=false/false,a=IDLE,uri=null,age=0} 
03:19:45.870 [qtp961160488-17] DEBUG org.eclipse.jetty.io.ChannelEndPoint - onSelected 1->0 r=true w=false for SocketChannelEndPoint@2142d370{l=/127.0.0.1:36749,r=/127.0.0.1:35072,OPEN,fill=FI,flush=-,to=1/3000}{io=1/0,kio=1,kro=1}->HttpConnection@3d192d93[p=HttpParser{s=START,0 of -1},g=HttpGenerator@7854331{s=START}]=>HttpChannelOverHttp@95085e1{s=HttpChannelState@227be16a{s=IDLE rs=BLOCKING os=OPEN is=IDLE awp=false se=false i=true al=0},r=0,c=false/false,a=IDLE,uri=null,age=0}
03:19:45.870 [qtp961160488-17] DEBUG org.eclipse.jetty.io.ChannelEndPoint - task CEP:SocketChannelEndPoint@2142d370{l=/127.0.0.1:36749,r=/127.0.0.1:35072,OPEN,fill=FI,flush=-,to=1/3000}{io=1/0,kio=1,kro=1}->HttpConnection@3d192d93[p=HttpParser{s=START,0 of -1},g=HttpGenerator@7854331{s=START}]=>HttpChannelOverHttp@95085e1{s=HttpChannelState@227be16a{s=IDLE rs=BLOCKING os=OPEN is=IDLE awp=false se=false i=true al=0},r=0,c=false/false,a=IDLE,uri=null,age=0}:runFillable:BLOCKING
03:19:45.870 [qtp961160488-17] DEBUG org.eclipse.jetty.util.thread.ReservedThreadExecutor - ReservedThreadExecutor@383bfa16{reserved=1/8,pending=0} tryExecute EatWhatYouKill@ffaa6af/SelectorProducer@53ce1329/PRODUCING/p=false/QueuedThreadPool[qtp961160488]@394a2528{STARTED,8<=8<=200,i=2,r=-1,q=0}[ReservedThreadExecutor@383bfa16{reserved=1/8,pending=0}][pc=0,pic=0,pec=0,epc=0]@2024-05-02T03:19:45.87+01:00
03:19:45.871 [qtp961160488-17] DEBUG org.eclipse.jetty.util.thread.ReservedThreadExecutor - ReservedThreadExecutor@383bfa16{reserved=0/8,pending=1} startReservedThread p=1
03:19:45.871 [qtp961160488-17] DEBUG org.eclipse.jetty.util.thread.QueuedThreadPool - queue ReservedThread@41a3a0af{PENDING,thread=null} startThread=0
03:19:45.871 [qtp961160488-22] DEBUG org.eclipse.jetty.util.thread.QueuedThreadPool - run ReservedThread@41a3a0af{PENDING,thread=null} in QueuedThreadPool[qtp961160488]@394a2528{STARTED,8<=8<=200,i=1,r=-1,q=0}[ReservedThreadExecutor@383bfa16{reserved=0/8,pending=1}]
03:19:45.871 [qtp961160488-22] DEBUG org.eclipse.jetty.util.thread.ReservedThreadExecutor - ReservedThread@41a3a0af{PENDING,thread=Thread[qtp961160488-22,5,main]} was=PENDING next=RESERVED size=0+1 capacity=8
03:19:45.871 [qtp961160488-22] DEBUG org.eclipse.jetty.util.thread.ReservedThreadExecutor - ReservedThread@41a3a0af{RESERVED,thread=Thread[qtp961160488-22,5,main]} waiting ReservedThreadExecutor@383bfa16{reserved=1/8,pending=0}
03:19:45.871 [qtp961160488-21] DEBUG org.eclipse.jetty.util.thread.ReservedThreadExecutor - ReservedThread@29bd5510{RESERVED,thread=Thread[qtp961160488-21,5,main]} task=EatWhatYouKill@ffaa6af/SelectorProducer@53ce1329/IDLE/p=true/QueuedThreadPool[qtp961160488]@394a2528{STARTED,8<=8<=200,i=1,r=-1,q=0}[ReservedThreadExecutor@383bfa16{reserved=1/8,pending=0}][pc=0,pic=0,pec=0,epc=0]@2024-05-02T03:19:45.871+01:00 ReservedThreadExecutor@383bfa16{reserved=1/8,pending=0}
03:19:45.871 [qtp961160488-17] DEBUG org.eclipse.jetty.util.thread.strategy.EatWhatYouKill - EatWhatYouKill@ffaa6af/SelectorProducer@53ce1329/IDLE/p=true/QueuedThreadPool[qtp961160488]@394a2528{STARTED,8<=8<=200,i=1,r=-1,q=0}[ReservedThreadExecutor@383bfa16{reserved=0/8,pending=1}][pc=0,pic=0,pec=0,epc=0]@2024-05-02T03:19:45.871+01:00 m=EXECUTE_PRODUCE_CONSUME t=CEP:SocketChannelEndPoint@2142d370{l=/127.0.0.1:36749,r=/127.0.0.1:35072,OPEN,fill=FI,flush=-,to=2/3000}{io=1/0,kio=1,kro=1}->HttpConnection@3d192d93[p=HttpParser{s=START,0 of -1},g=HttpGenerator@7854331{s=START}]=>HttpChannelOverHttp@95085e1{s=HttpChannelState@227be16a{s=IDLE rs=BLOCKING os=OPEN is=IDLE awp=false se=false i=true al=0},r=0,c=false/false,a=IDLE,uri=null,age=0}:runFillable:BLOCKING/BLOCKING
03:19:45.871 [qtp961160488-21] DEBUG org.eclipse.jetty.util.thread.strategy.EatWhatYouKill - EatWhatYouKill@ffaa6af/SelectorProducer@53ce1329/IDLE/p=true/QueuedThreadPool[qtp961160488]@394a2528{STARTED,8<=8<=200,i=1,r=-1,q=0}[ReservedThreadExecutor@383bfa16{reserved=1/8,pending=0}][pc=0,pic=0,pec=0,epc=0]@2024-05-02T03:19:45.871+01:00 tryProduce true
03:19:45.871 [qtp961160488-21] DEBUG org.eclipse.jetty.io.ManagedSelector - updateable 0
03:19:45.871 [qtp961160488-21] DEBUG org.eclipse.jetty.io.ManagedSelector - updates 0
03:19:45.871 [qtp961160488-17] DEBUG org.eclipse.jetty.io.FillInterest - fillable FillInterest@7a88821a{AC.ReadCB@3d192d93{HttpConnection@3d192d93::SocketChannelEndPoint@2142d370{l=/127.0.0.1:36749,r=/127.0.0.1:35072,OPEN,fill=FI,flush=-,to=2/3000}{io=1/0,kio=1,kro=1}->HttpConnection@3d192d93[p=HttpParser{s=START,0 of -1},g=HttpGenerator@7854331{s=START}]=>HttpChannelOverHttp@95085e1{s=HttpChannelState@227be16a{s=IDLE rs=BLOCKING os=OPEN is=IDLE awp=false se=false i=true al=0},r=0,c=false/false,a=IDLE,uri=null,age=0}}}
03:19:45.871 [qtp961160488-21] DEBUG org.eclipse.jetty.io.ChannelEndPoint - Key interests updated 1 -> 0 on SocketChannelEndPoint@2142d370{l=/127.0.0.1:36749,r=/127.0.0.1:35072,OPEN,fill=FI,flush=-,to=2/3000}{io=0/0,kio=0,kro=1}->HttpConnection@3d192d93[p=HttpParser{s=START,0 of -1},g=HttpGenerator@7854331{s=START}]=>HttpChannelOverHttp@95085e1{s=HttpChannelState@227be16a{s=IDLE rs=BLOCKING os=OPEN is=IDLE awp=false se=false i=true al=0},r=0,c=false/false,a=IDLE,uri=null,age=0}
03:19:45.872 [qtp961160488-21] DEBUG org.eclipse.jetty.io.ManagedSelector - Selector sun.nio.ch.EPollSelectorImpl@4b5bcbdf waiting with 1 keys
03:19:45.872 [qtp961160488-17] DEBUG org.eclipse.jetty.server.HttpConnection - HttpConnection@3d192d93::SocketChannelEndPoint@2142d370{l=/127.0.0.1:36749,r=/127.0.0.1:35072,OPEN,fill=-,flush=-,to=2/3000}{io=0/0,kio=0,kro=1}->HttpConnection@3d192d93[p=HttpParser{s=START,0 of -1},g=HttpGenerator@7854331{s=START}]=>HttpChannelOverHttp@95085e1{s=HttpChannelState@227be16a{s=IDLE rs=BLOCKING os=OPEN is=IDLE awp=false se=false i=true al=0},r=0,c=false/false,a=IDLE,uri=null,age=0} onFillable enter HttpChannelState@227be16a{s=IDLE rs=BLOCKING os=OPEN is=IDLE awp=false se=false i=true al=0} null
03:19:45.872 [qtp961160488-17] DEBUG org.eclipse.jetty.io.ChannelEndPoint - filled 132 HeapByteBuffer@59198ba9[p=0,l=132,c=8192,r=132]={<<<GET / HTTP/1.1\r\nIf-None-M...gent: okhttp/3.12.3\r\n\r\n>>>ver: Jett...\x00\x00\x00\x00\x00\x00\x00}
03:19:45.872 [qtp961160488-17] DEBUG org.eclipse.jetty.server.HttpConnection - HttpConnection@3d192d93::SocketChannelEndPoint@2142d370{l=/127.0.0.1:36749,r=/127.0.0.1:35072,OPEN,fill=-,flush=-,to=0/3000}{io=0/0,kio=0,kro=1}->HttpConnection@3d192d93[p=HttpParser{s=START,0 of -1},g=HttpGenerator@7854331{s=START}]=>HttpChannelOverHttp@95085e1{s=HttpChannelState@227be16a{s=IDLE rs=BLOCKING os=OPEN is=IDLE awp=false se=false i=true al=0},r=0,c=false/false,a=IDLE,uri=null,age=0} filled 132 HeapByteBuffer@59198ba9[p=0,l=132,c=8192,r=132]={<<<GET / HTTP/1.1\r\nIf-None-M...gent: okhttp/3.12.3\r\n\r\n>>>ver: Jett...\x00\x00\x00\x00\x00\x00\x00}
03:19:45.872 [qtp961160488-17] DEBUG org.eclipse.jetty.server.HttpConnection - HttpConnection@3d192d93::SocketChannelEndPoint@2142d370{l=/127.0.0.1:36749,r=/127.0.0.1:35072,OPEN,fill=-,flush=-,to=0/3000}{io=0/0,kio=0,kro=1}->HttpConnection@3d192d93[p=HttpParser{s=START,0 of -1},g=HttpGenerator@7854331{s=START}]=>HttpChannelOverHttp@95085e1{s=HttpChannelState@227be16a{s=IDLE rs=BLOCKING os=OPEN is=IDLE awp=false se=false i=true al=0},r=0,c=false/false,a=IDLE,uri=null,age=0} parse HeapByteBuffer@59198ba9[p=0,l=132,c=8192,r=132]={<<<GET / HTTP/1.1\r\nIf-None-M...gent: okhttp/3.12.3\r\n\r\n>>>ver: Jett...\x00\x00\x00\x00\x00\x00\x00} {}
03:19:45.872 [qtp961160488-17] DEBUG org.eclipse.jetty.http.HttpParser - parseNext s=START HeapByteBuffer@59198ba9[p=0,l=132,c=8192,r=132]={<<<GET / HTTP/1.1\r\nIf-None-M...gent: okhttp/3.12.3\r\n\r\n>>>ver: Jett...\x00\x00\x00\x00\x00\x00\x00}
03:19:45.872 [qtp961160488-17] DEBUG org.eclipse.jetty.http.HttpParser - START --> SPACE1
03:19:45.872 [qtp961160488-17] DEBUG org.eclipse.jetty.http.HttpParser - SPACE1 --> URI
03:19:45.872 [qtp961160488-17] DEBUG org.eclipse.jetty.http.HttpParser - URI --> SPACE2
03:19:45.872 [qtp961160488-17] DEBUG org.eclipse.jetty.http.HttpParser - SPACE2 --> REQUEST_VERSION
03:19:45.872 [qtp961160488-17] DEBUG org.eclipse.jetty.http.HttpParser - REQUEST_VERSION --> HEADER
03:19:45.873 [qtp961160488-17] DEBUG org.eclipse.jetty.http.HttpParser - HEADER:If-None-Match --> VALUE
03:19:45.873 [qtp961160488-17] DEBUG org.eclipse.jetty.http.HttpParser - HEADER:If-None-Match --> FIELD
03:19:45.873 [qtp961160488-17] DEBUG org.eclipse.jetty.http.HttpParser - HEADER:Host --> VALUE
03:19:45.873 [qtp961160488-17] DEBUG org.eclipse.jetty.http.HttpParser - HEADER:Host --> IN_VALUE
03:19:45.873 [qtp961160488-17] DEBUG org.eclipse.jetty.http.HttpParser - HEADER:Host --> FIELD
03:19:45.873 [qtp961160488-17] DEBUG org.eclipse.jetty.http.HttpParser - HEADER:Connection: keep-alive --> IN_VALUE
03:19:45.873 [qtp961160488-17] DEBUG org.eclipse.jetty.http.HttpParser - HEADER:Connection: keep-alive --> FIELD
03:19:45.873 [qtp961160488-17] DEBUG org.eclipse.jetty.http.HttpParser - HEADER:Accept-Encoding: gzip --> IN_VALUE
03:19:45.873 [qtp961160488-17] DEBUG org.eclipse.jetty.http.HttpParser - HEADER:Accept-Encoding: gzip --> FIELD
03:19:45.873 [qtp961160488-17] DEBUG org.eclipse.jetty.http.HttpParser - HEADER:User-Agent --> VALUE
03:19:45.873 [qtp961160488-17] DEBUG org.eclipse.jetty.http.HttpParser - HEADER:User-Agent --> IN_VALUE
03:19:45.873 [qtp961160488-17] DEBUG org.eclipse.jetty.http.HttpParser - HEADER:User-Agent --> FIELD
03:19:45.873 [qtp961160488-17] DEBUG org.eclipse.jetty.http.HttpParser - HEADER --> CONTENT
03:19:45.873 [qtp961160488-17] DEBUG org.eclipse.jetty.server.HttpChannel - REQUEST for //localhost:36749/ on HttpChannelOverHttp@95085e1{s=HttpChannelState@227be16a{s=IDLE rs=BLOCKING os=OPEN is=IDLE awp=false se=false i=true al=0},r=1,c=false/false,a=IDLE,uri=//localhost:36749/,age=0}
GET //localhost:36749/ HTTP/1.1
If-None-Match: 
Host: localhost:36749
Connection: keep-alive
Accept-Encoding: gzip
User-Agent: okhttp/3.12.3


03:19:45.873 [qtp961160488-17] DEBUG org.eclipse.jetty.server.HttpConnection - HttpConnection@3d192d93::SocketChannelEndPoint@2142d370{l=/127.0.0.1:36749,r=/127.0.0.1:35072,OPEN,fill=-,flush=-,to=1/3000}{io=0/0,kio=0,kro=1}->HttpConnection@3d192d93[p=HttpParser{s=CONTENT,0 of -1},g=HttpGenerator@7854331{s=START}]=>HttpChannelOverHttp@95085e1{s=HttpChannelState@227be16a{s=IDLE rs=BLOCKING os=OPEN is=IDLE awp=false se=false i=true al=0},r=1,c=false/false,a=IDLE,uri=//localhost:36749/,age=0} parsed true HttpParser{s=CONTENT,0 of -1}
03:19:45.874 [qtp961160488-17] DEBUG org.eclipse.jetty.server.HttpConnection - releaseRequestBuffer HttpConnection@3d192d93::SocketChannelEndPoint@2142d370{l=/127.0.0.1:36749,r=/127.0.0.1:35072,OPEN,fill=-,flush=-,to=1/3000}{io=0/0,kio=0,kro=1}->HttpConnection@3d192d93[p=HttpParser{s=CONTENT,0 of -1},g=HttpGenerator@7854331{s=START}]=>HttpChannelOverHttp@95085e1{s=HttpChannelState@227be16a{s=IDLE rs=BLOCKING os=OPEN is=IDLE awp=false se=false i=true al=0},r=1,c=false/false,a=IDLE,uri=//localhost:36749/,age=1}
03:19:45.874 [qtp961160488-17] DEBUG org.eclipse.jetty.server.HttpChannel - handle //localhost:36749/ HttpChannelOverHttp@95085e1{s=HttpChannelState@227be16a{s=IDLE rs=BLOCKING os=OPEN is=IDLE awp=false se=false i=true al=0},r=1,c=false/false,a=IDLE,uri=//localhost:36749/,age=1} 
03:19:45.874 [qtp961160488-17] DEBUG org.eclipse.jetty.server.HttpChannelState - handling HttpChannelState@227be16a{s=IDLE rs=BLOCKING os=OPEN is=IDLE awp=false se=false i=true al=0}
03:19:45.874 [qtp961160488-17] DEBUG org.eclipse.jetty.server.HttpChannel - action DISPATCH HttpChannelOverHttp@95085e1{s=HttpChannelState@227be16a{s=HANDLING rs=BLOCKING os=OPEN is=IDLE awp=false se=false i=true al=0},r=1,c=false/false,a=HANDLING,uri=//localhost:36749/,age=1}
03:19:45.874 [qtp961160488-17] DEBUG org.eclipse.jetty.server.Server - REQUEST GET / on HttpChannelOverHttp@95085e1{s=HttpChannelState@227be16a{s=HANDLING rs=BLOCKING os=OPEN is=IDLE awp=false se=false i=true al=0},r=1,c=false/false,a=HANDLING,uri=//localhost:36749/,age=1}
03:19:45.874 [qtp961160488-17] DEBUG org.eclipse.jetty.server.HttpOutput - write(array HeapByteBuffer@4a126ff[p=0,l=4,c=512,r=4]={<<<test>>>\x00\x00\x00\x00\x00\x00\x00\x00\x00...\x00\x00\x00\x00\x00\x00\x00})
03:19:45.874 [qtp961160488-17] DEBUG org.eclipse.jetty.server.HttpOutput - write(array) s=CLOSING,api=BLOCKED,sc=false,e=null last=true agg=false flush=true async=false, len=4 null
03:19:45.874 [qtp961160488-17] DEBUG org.eclipse.jetty.server.HttpChannel - sendResponse info=null content=HeapByteBuffer@11b11087[p=0,l=4,c=512,r=4]={<<<test>>>\x00\x00\x00\x00\x00\x00\x00\x00\x00...\x00\x00\x00\x00\x00\x00\x00} complete=true committing=true callback=Blocker@35efe479{null}
03:19:45.874 [qtp961160488-17] DEBUG org.eclipse.jetty.server.HttpChannel - COMMIT for / on HttpChannelOverHttp@95085e1{s=HttpChannelState@227be16a{s=HANDLING rs=BLOCKING os=COMMITTED is=IDLE awp=false se=false i=true al=0},r=1,c=false/false,a=HANDLING,uri=//localhost:36749/,age=1}
200 null HTTP/1.1
Date: Thu, 02 May 2024 02:19:45 GMT
ETag: testEtag
Content-Type: text/plain;charset=utf-8
Content-Length: 4


03:19:45.875 [qtp961160488-17] DEBUG org.eclipse.jetty.server.HttpConnection - generate: NEED_HEADER for SendCallback@69158cb3[PROCESSING][i=HTTP/1.1{s=200,h=4,cl=4},cb=org.eclipse.jetty.server.HttpChannel$SendCallback@648ed9b0] (null,[p=0,l=4,c=512,r=4],true)@START
03:19:45.875 [qtp961160488-17] DEBUG org.eclipse.jetty.http.HttpGenerator - generateHeaders HTTP/1.1{s=200,h=4,cl=4} last=true content=HeapByteBuffer@11b11087[p=0,l=4,c=512,r=4]={<<<test>>>\x00\x00\x00\x00\x00\x00\x00\x00\x00...\x00\x00\x00\x00\x00\x00\x00}
03:19:45.875 [qtp961160488-17] DEBUG org.eclipse.jetty.http.HttpGenerator - Date: Thu, 02 May 2024 02:19:45 GMT
ETag: testEtag
Content-Type: text/plain;charset=utf-8
Content-Length: 4


03:19:45.875 [qtp961160488-17] DEBUG org.eclipse.jetty.http.HttpGenerator - CONTENT_LENGTH
03:19:45.875 [qtp961160488-17] DEBUG org.eclipse.jetty.server.HttpConnection - generate: FLUSH for SendCallback@69158cb3[PROCESSING][i=HTTP/1.1{s=200,h=4,cl=4},cb=org.eclipse.jetty.server.HttpChannel$SendCallback@648ed9b0] ([p=0,l=164,c=8192,r=164],[p=0,l=4,c=512,r=4],true)@COMPLETING
03:19:45.875 [qtp961160488-17] DEBUG org.eclipse.jetty.io.WriteFlusher - write: WriteFlusher@7d22d88e{IDLE}->null [HeapByteBuffer@59198ba9[p=0,l=164,c=8192,r=164]={<<<HTTP/1.1 200 OK\r\nDate: Th...y(9.4.44.v20210927)\r\n\r\n>>>\x00\x00\x00\x00\x00\x00\x00\x00\x00...\x00\x00\x00\x00\x00\x00\x00},HeapByteBuffer@11b11087[p=0,l=4,c=512,r=4]={<<<test>>>\x00\x00\x00\x00\x00\x00\x00\x00\x00...\x00\x00\x00\x00\x00\x00\x00}]
03:19:45.875 [qtp961160488-17] DEBUG org.eclipse.jetty.io.WriteFlusher - update WriteFlusher@7d22d88e{WRITING}->null:IDLE-->WRITING
03:19:45.875 [main] DEBUG org.apache.nifi.minifi.bootstrap.configuration.ingestors.PullHttpChangeIngestor - Response received: Response{protocol=http/1.1, code=200, message=OK, url=http://localhost:36749/}
03:19:45.875 [qtp961160488-17] DEBUG org.eclipse.jetty.io.ChannelEndPoint - flushed 168 SocketChannelEndPoint@2142d370{l=/127.0.0.1:36749,r=/127.0.0.1:35072,OPEN,fill=-,flush=W,to=3/3000}{io=0/0,kio=0,kro=1}->HttpConnection@3d192d93[p=HttpParser{s=CONTENT,0 of -1},g=HttpGenerator@7854331{s=COMPLETING}]=>HttpChannelOverHttp@95085e1{s=HttpChannelState@227be16a{s=HANDLING rs=BLOCKING os=COMMITTED is=IDLE awp=false se=false i=true al=0},r=1,c=false/false,a=HANDLING,uri=//localhost:36749/,age=2}
03:19:45.875 [qtp961160488-17] DEBUG org.eclipse.jetty.io.WriteFlusher - Flushed=true written=168 remaining=0 WriteFlusher@7d22d88e{WRITING}->null
03:19:45.875 [qtp961160488-17] DEBUG org.eclipse.jetty.io.WriteFlusher - update WriteFlusher@7d22d88e{IDLE}->null:WRITING-->IDLE
03:19:45.875 [main] DEBUG org.apache.nifi.minifi.bootstrap.configuration.ingestors.PullHttpChangeIngestor - New change received, notifying listener
03:19:45.876 [main] DEBUG org.apache.nifi.minifi.bootstrap.configuration.ingestors.PullHttpChangeIngestor - Listeners notified
03:19:45.876 [qtp961160488-17] DEBUG org.eclipse.jetty.server.HttpConnection - generate: DONE for SendCallback@69158cb3[PROCESSING][i=HTTP/1.1{s=200,h=4,cl=4},cb=org.eclipse.jetty.server.HttpChannel$SendCallback@648ed9b0] ([p=164,l=164,c=8192,r=0],[p=4,l=4,c=512,r=0],true)@END
03:19:45.876 [qtp961160488-17] DEBUG org.eclipse.jetty.server.HttpOutput - onWriteComplete(true,null) s=CLOSING,api=BLOCKED,sc=false,e=null->s=CLOSED,api=BLOCKING,sc=false,e=null c=null cb=null w=false
03:19:45.876 [main] DEBUG org.apache.nifi.minifi.bootstrap.configuration.ingestors.PullHttpChangeIngestor - Attempting to pull new config
03:19:45.876 [qtp961160488-17] DEBUG org.eclipse.jetty.server.HttpOutput - close() s=CLOSED,api=BLOCKING,sc=false,e=null c=null b=null
03:19:45.876 [qtp961160488-17] DEBUG org.eclipse.jetty.server.Server - handled=true async=false committed=true on HttpChannelOverHttp@95085e1{s=HttpChannelState@227be16a{s=HANDLING rs=BLOCKING os=COMPLETED is=IDLE awp=false se=false i=true al=0},r=1,c=false/true,a=HANDLING,uri=//localhost:36749/,age=3}
03:19:45.876 [qtp961160488-17] DEBUG org.eclipse.jetty.server.HttpChannelState - unhandle HttpChannelState@227be16a{s=HANDLING rs=BLOCKING os=COMPLETED is=IDLE awp=false se=false i=true al=0}
03:19:45.876 [qtp961160488-17] DEBUG org.eclipse.jetty.server.HttpChannelState - nextAction(false) COMPLETE HttpChannelState@227be16a{s=HANDLING rs=COMPLETING os=COMPLETED is=IDLE awp=false se=false i=false al=0}
03:19:45.876 [qtp961160488-17] DEBUG org.eclipse.jetty.server.HttpChannel - action COMPLETE HttpChannelOverHttp@95085e1{s=HttpChannelState@227be16a{s=HANDLING rs=COMPLETING os=COMPLETED is=IDLE awp=false se=false i=false al=0},r=1,c=false/true,a=HANDLING,uri=//localhost:36749/,age=3}
03:19:45.877 [qtp961160488-17] DEBUG org.eclipse.jetty.server.HttpOutput - complete(org.eclipse.jetty.util.Callback$3@3724377f) s=CLOSED,api=BLOCKING,sc=false,e=null s=true e=null, c=null
03:19:45.877 [qtp961160488-17] DEBUG org.eclipse.jetty.server.HttpChannelState - completed HttpChannelState@227be16a{s=HANDLING rs=COMPLETING os=COMPLETED is=IDLE awp=false se=false i=false al=0}
03:19:45.877 [qtp961160488-17] DEBUG org.eclipse.jetty.server.HttpChannelState - unhandle HttpChannelState@227be16a{s=HANDLING rs=COMPLETED os=COMPLETED is=IDLE awp=false se=false i=false al=0}
03:19:45.877 [qtp961160488-17] DEBUG org.eclipse.jetty.server.HttpChannelState - nextAction(false) TERMINATED HttpChannelState@227be16a{s=IDLE rs=COMPLETED os=COMPLETED is=IDLE awp=false se=false i=false al=0}
03:19:45.877 [qtp961160488-17] DEBUG org.eclipse.jetty.server.HttpChannel - action TERMINATED HttpChannelOverHttp@95085e1{s=HttpChannelState@227be16a{s=IDLE rs=COMPLETED os=COMPLETED is=IDLE awp=false se=false i=false al=0},r=1,c=true/true,a=IDLE,uri=//localhost:36749/,age=4}
03:19:45.877 [qtp961160488-17] DEBUG org.eclipse.jetty.server.HttpChannel - onCompleted for / written=4
03:19:45.877 [qtp961160488-17] DEBUG org.eclipse.jetty.io.ChannelEndPoint - filled 142 HeapByteBuffer@59198ba9[p=0,l=142,c=8192,r=142]={<<<GET / HTTP/1.1\r\nIf-None-M...gent: okhttp/3.12.3\r\n\r\n>>>(9.4.44.v...\x00\x00\x00\x00\x00\x00\x00}
03:19:45.877 [qtp961160488-17] DEBUG org.eclipse.jetty.server.HttpConnection - HttpConnection@3d192d93::SocketChannelEndPoint@2142d370{l=/127.0.0.1:36749,r=/127.0.0.1:35072,OPEN,fill=-,flush=-,to=0/3000}{io=0/0,kio=0,kro=1}->HttpConnection@3d192d93[p=HttpParser{s=CONTENT,0 of -1},g=HttpGenerator@7854331{s=END}]=>HttpChannelOverHttp@95085e1{s=HttpChannelState@227be16a{s=IDLE rs=COMPLETED os=COMPLETED is=IDLE awp=false se=false i=false al=0},r=1,c=true/true,a=IDLE,uri=//localhost:36749/,age=4} filled 142 HeapByteBuffer@59198ba9[p=0,l=142,c=8192,r=142]={<<<GET / HTTP/1.1\r\nIf-None-M...gent: okhttp/3.12.3\r\n\r\n>>>(9.4.44.v...\x00\x00\x00\x00\x00\x00\x00}
03:19:45.877 [qtp961160488-17] DEBUG org.eclipse.jetty.server.HttpConnection - HttpConnection@3d192d93::SocketChannelEndPoint@2142d370{l=/127.0.0.1:36749,r=/127.0.0.1:35072,OPEN,fill=-,flush=-,to=0/3000}{io=0/0,kio=0,kro=1}->HttpConnection@3d192d93[p=HttpParser{s=CONTENT,0 of -1},g=HttpGenerator@7854331{s=END}]=>HttpChannelOverHttp@95085e1{s=HttpChannelState@227be16a{s=IDLE rs=COMPLETED os=COMPLETED is=IDLE awp=false se=false i=false al=0},r=1,c=true/true,a=IDLE,uri=//localhost:36749/,age=4} parse HeapByteBuffer@59198ba9[p=0,l=142,c=8192,r=142]={<<<GET / HTTP/1.1\r\nIf-None-M...gent: okhttp/3.12.3\r\n\r\n>>>(9.4.44.v...\x00\x00\x00\x00\x00\x00\x00} {}
03:19:45.878 [qtp961160488-17] DEBUG org.eclipse.jetty.http.HttpParser - parseNext s=CONTENT HeapByteBuffer@59198ba9[p=0,l=142,c=8192,r=142]={<<<GET / HTTP/1.1\r\nIf-None-M...gent: okhttp/3.12.3\r\n\r\n>>>(9.4.44.v...\x00\x00\x00\x00\x00\x00\x00}
03:19:45.878 [qtp961160488-17] DEBUG org.eclipse.jetty.http.HttpParser - CONTENT --> CONTENT_END
03:19:45.878 [qtp961160488-17] DEBUG org.eclipse.jetty.server.HttpChannel - onContentComplete HttpChannelOverHttp@95085e1{s=HttpChannelState@227be16a{s=IDLE rs=COMPLETED os=COMPLETED is=IDLE awp=false se=false i=false al=0},r=1,c=true/true,a=IDLE,uri=//localhost:36749/,age=5}
03:19:45.878 [qtp961160488-17] DEBUG org.eclipse.jetty.http.HttpParser - CONTENT_END --> END
03:19:45.878 [qtp961160488-17] DEBUG org.eclipse.jetty.server.HttpChannel - onRequestComplete HttpChannelOverHttp@95085e1{s=HttpChannelState@227be16a{s=IDLE rs=COMPLETED os=COMPLETED is=IDLE awp=false se=false i=false al=0},r=1,c=true/true,a=IDLE,uri=//localhost:36749/,age=5}
03:19:45.878 [qtp961160488-17] DEBUG org.eclipse.jetty.server.HttpInput - HttpInputOverHTTP@7211453c[c=0,q=0,[0]=null,s=STREAM] addContent EOF
03:19:45.878 [qtp961160488-17] DEBUG org.eclipse.jetty.server.HttpConnection - HttpConnection@3d192d93::SocketChannelEndPoint@2142d370{l=/127.0.0.1:36749,r=/127.0.0.1:35072,OPEN,fill=-,flush=-,to=0/3000}{io=0/0,kio=0,kro=1}->HttpConnection@3d192d93[p=HttpParser{s=END,0 of -1},g=HttpGenerator@7854331{s=END}]=>HttpChannelOverHttp@95085e1{s=HttpChannelState@227be16a{s=IDLE rs=COMPLETED os=COMPLETED is=IDLE awp=false se=false i=false al=0},r=1,c=true/true,a=IDLE,uri=//localhost:36749/,age=5} parsed false HttpParser{s=END,0 of -1}
03:19:45.878 [qtp961160488-17] DEBUG org.eclipse.jetty.server.HttpChannelState - recycle HttpChannelState@227be16a{s=IDLE rs=COMPLETED os=COMPLETED is=IDLE awp=false se=false i=false al=0}
03:19:45.878 [qtp961160488-17] DEBUG org.eclipse.jetty.http.HttpParser - reset HttpParser{s=END,0 of -1}
03:19:45.878 [qtp961160488-17] DEBUG org.eclipse.jetty.http.HttpParser - END --> START
03:19:45.878 [qtp961160488-17] DEBUG org.eclipse.jetty.server.HttpChannel - !handle TERMINATED HttpChannelOverHttp@95085e1{s=HttpChannelState@227be16a{s=IDLE rs=BLOCKING os=OPEN is=IDLE awp=false se=false i=true al=0},r=1,c=false/false,a=IDLE,uri=null,age=0}
03:19:45.879 [qtp961160488-17] DEBUG org.eclipse.jetty.server.HttpConnection - HttpConnection@3d192d93::SocketChannelEndPoint@2142d370{l=/127.0.0.1:36749,r=/127.0.0.1:35072,OPEN,fill=-,flush=-,to=1/3000}{io=0/0,kio=0,kro=1}->HttpConnection@3d192d93[p=HttpParser{s=START,0 of -1},g=HttpGenerator@7854331{s=START}]=>HttpChannelOverHttp@95085e1{s=HttpChannelState@227be16a{s=IDLE rs=BLOCKING os=OPEN is=IDLE awp=false se=false i=true al=0},r=1,c=false/false,a=IDLE,uri=null,age=0} parse HeapByteBuffer@59198ba9[p=0,l=142,c=8192,r=142]={<<<GET / HTTP/1.1\r\nIf-None-M...gent: okhttp/3.12.3\r\n\r\n>>>(9.4.44.v...\x00\x00\x00\x00\x00\x00\x00} {}
03:19:45.879 [qtp961160488-17] DEBUG org.eclipse.jetty.http.HttpParser - parseNext s=START HeapByteBuffer@59198ba9[p=0,l=142,c=8192,r=142]={<<<GET / HTTP/1.1\r\nIf-None-M...gent: okhttp/3.12.3\r\n\r\n>>>(9.4.44.v...\x00\x00\x00\x00\x00\x00\x00}
03:19:45.879 [qtp961160488-17] DEBUG org.eclipse.jetty.http.HttpParser - START --> SPACE1
03:19:45.879 [qtp961160488-17] DEBUG org.eclipse.jetty.http.HttpParser - SPACE1 --> URI
03:19:45.879 [qtp961160488-17] DEBUG org.eclipse.jetty.http.HttpParser - URI --> SPACE2
03:19:45.879 [qtp961160488-17] DEBUG org.eclipse.jetty.http.HttpParser - SPACE2 --> REQUEST_VERSION
03:19:45.879 [qtp961160488-17] DEBUG org.eclipse.jetty.http.HttpParser - REQUEST_VERSION --> HEADER
03:19:45.879 [qtp961160488-17] DEBUG org.eclipse.jetty.http.HttpParser - HEADER:If-None-Match --> VALUE
03:19:45.879 [qtp961160488-17] DEBUG org.eclipse.jetty.http.HttpParser - HEADER:If-None-Match --> IN_VALUE
03:19:45.879 [qtp961160488-17] DEBUG org.eclipse.jetty.http.HttpParser - HEADER:If-None-Match --> FIELD
03:19:45.879 [qtp961160488-17] DEBUG org.eclipse.jetty.http.HttpParser - HEADER:Host: localhost:36749 --> IN_VALUE
03:19:45.879 [qtp961160488-17] DEBUG org.eclipse.jetty.http.HttpParser - HEADER:Host: localhost:36749 --> FIELD
03:19:45.879 [qtp961160488-17] DEBUG org.eclipse.jetty.http.HttpParser - HEADER:Connection: keep-alive --> IN_VALUE
03:19:45.879 [qtp961160488-17] DEBUG org.eclipse.jetty.http.HttpParser - HEADER:Connection: keep-alive --> FIELD
03:19:45.879 [qtp961160488-17] DEBUG org.eclipse.jetty.http.HttpParser - HEADER:Accept-Encoding: gzip --> IN_VALUE
03:19:45.879 [qtp961160488-17] DEBUG org.eclipse.jetty.http.HttpParser - HEADER:Accept-Encoding: gzip --> FIELD
03:19:45.879 [qtp961160488-17] DEBUG org.eclipse.jetty.http.HttpParser - HEADER:User-Agent: okhttp/3.12.3 --> IN_VALUE
03:19:45.879 [qtp961160488-17] DEBUG org.eclipse.jetty.http.HttpParser - HEADER:User-Agent: okhttp/3.12.3 --> FIELD
03:19:45.879 [qtp961160488-17] DEBUG org.eclipse.jetty.http.HttpParser - HEADER --> CONTENT
03:19:45.879 [qtp961160488-17] DEBUG org.eclipse.jetty.server.HttpChannel - REQUEST for //localhost:36749/ on HttpChannelOverHttp@95085e1{s=HttpChannelState@227be16a{s=IDLE rs=BLOCKING os=OPEN is=IDLE awp=false se=false i=true al=0},r=2,c=false/false,a=IDLE,uri=//localhost:36749/,age=0}
GET //localhost:36749/ HTTP/1.1
If-None-Match: "testEtag"
Host: localhost:36749
Connection: keep-alive
Accept-Encoding: gzip
User-Agent: okhttp/3.12.3


03:19:45.879 [qtp961160488-17] DEBUG org.eclipse.jetty.server.HttpConnection - HttpConnection@3d192d93::SocketChannelEndPoint@2142d370{l=/127.0.0.1:36749,r=/127.0.0.1:35072,OPEN,fill=-,flush=-,to=2/3000}{io=0/0,kio=0,kro=1}->HttpConnection@3d192d93[p=HttpParser{s=CONTENT,0 of -1},g=HttpGenerator@7854331{s=START}]=>HttpChannelOverHttp@95085e1{s=HttpChannelState@227be16a{s=IDLE rs=BLOCKING os=OPEN is=IDLE awp=false se=false i=true al=0},r=2,c=false/false,a=IDLE,uri=//localhost:36749/,age=0} parsed true HttpParser{s=CONTENT,0 of -1}
03:19:45.879 [qtp961160488-17] DEBUG org.eclipse.jetty.server.HttpConnection - releaseRequestBuffer HttpConnection@3d192d93::SocketChannelEndPoint@2142d370{l=/127.0.0.1:36749,r=/127.0.0.1:35072,OPEN,fill=-,flush=-,to=2/3000}{io=0/0,kio=0,kro=1}->HttpConnection@3d192d93[p=HttpParser{s=CONTENT,0 of -1},g=HttpGenerator@7854331{s=START}]=>HttpChannelOverHttp@95085e1{s=HttpChannelState@227be16a{s=IDLE rs=BLOCKING os=OPEN is=IDLE awp=false se=false i=true al=0},r=2,c=false/false,a=IDLE,uri=//localhost:36749/,age=0}
03:19:45.880 [qtp961160488-17] DEBUG org.eclipse.jetty.server.HttpChannel - handle //localhost:36749/ HttpChannelOverHttp@95085e1{s=HttpChannelState@227be16a{s=IDLE rs=BLOCKING os=OPEN is=IDLE awp=false se=false i=true al=0},r=2,c=false/false,a=IDLE,uri=//localhost:36749/,age=1} 
03:19:45.880 [qtp961160488-17] DEBUG org.eclipse.jetty.server.HttpChannelState - handling HttpChannelState@227be16a{s=IDLE rs=BLOCKING os=OPEN is=IDLE awp=false se=false i=true al=0}
03:19:45.880 [qtp961160488-17] DEBUG org.eclipse.jetty.server.HttpChannel - action DISPATCH HttpChannelOverHttp@95085e1{s=HttpChannelState@227be16a{s=HANDLING rs=BLOCKING os=OPEN is=IDLE awp=false se=false i=true al=0},r=2,c=false/false,a=HANDLING,uri=//localhost:36749/,age=1}
03:19:45.880 [qtp961160488-17] DEBUG org.eclipse.jetty.server.Server - REQUEST GET / on HttpChannelOverHttp@95085e1{s=HttpChannelState@227be16a{s=HANDLING rs=BLOCKING os=OPEN is=IDLE awp=false se=false i=true al=0},r=2,c=false/false,a=HANDLING,uri=//localhost:36749/,age=1}
03:19:45.880 [qtp961160488-17] DEBUG org.eclipse.jetty.server.Server - handled=true async=false committed=false on HttpChannelOverHttp@95085e1{s=HttpChannelState@227be16a{s=HANDLING rs=BLOCKING os=OPEN is=IDLE awp=false se=false i=true al=0},r=2,c=false/false,a=HANDLING,uri=//localhost:36749/,age=1}
03:19:45.880 [qtp961160488-17] DEBUG org.eclipse.jetty.server.HttpChannelState - unhandle HttpChannelState@227be16a{s=HANDLING rs=BLOCKING os=OPEN is=IDLE awp=false se=false i=true al=0}
03:19:45.880 [qtp961160488-17] DEBUG org.eclipse.jetty.server.HttpChannelState - nextAction(false) COMPLETE HttpChannelState@227be16a{s=HANDLING rs=COMPLETING os=OPEN is=IDLE awp=false se=false i=false al=0}
03:19:45.880 [qtp961160488-17] DEBUG org.eclipse.jetty.server.HttpChannel - action COMPLETE HttpChannelOverHttp@95085e1{s=HttpChannelState@227be16a{s=HANDLING rs=COMPLETING os=OPEN is=IDLE awp=false se=false i=false al=0},r=2,c=false/false,a=HANDLING,uri=//localhost:36749/,age=1}
03:19:45.880 [qtp961160488-17] DEBUG org.eclipse.jetty.io.ChannelEndPoint - filled 0 HeapByteBuffer@59198ba9[p=0,l=0,c=8192,r=0]={<<<>>>GET / HTT...\x00\x00\x00\x00\x00\x00\x00}
03:19:45.880 [qtp961160488-17] DEBUG org.eclipse.jetty.io.ChannelEndPoint - filled 0 HeapByteBuffer@59198ba9[p=0,l=0,c=8192,r=0]={<<<>>>GET / HTT...\x00\x00\x00\x00\x00\x00\x00}
03:19:45.880 [qtp961160488-17] DEBUG org.eclipse.jetty.server.HttpConnection - HttpConnection@3d192d93::SocketChannelEndPoint@2142d370{l=/127.0.0.1:36749,r=/127.0.0.1:35072,OPEN,fill=-,flush=-,to=3/3000}{io=0/0,kio=0,kro=1}->HttpConnection@3d192d93[p=HttpParser{s=CONTENT,0 of -1},g=HttpGenerator@7854331{s=START}]=>HttpChannelOverHttp@95085e1{s=HttpChannelState@227be16a{s=HANDLING rs=COMPLETING os=OPEN is=IDLE awp=false se=false i=false al=0},r=2,c=false/false,a=HANDLING,uri=//localhost:36749/,age=1} filled 0 HeapByteBuffer@59198ba9[p=0,l=0,c=8192,r=0]={<<<>>>GET / HTT...\x00\x00\x00\x00\x00\x00\x00}
03:19:45.880 [qtp961160488-17] DEBUG org.eclipse.jetty.server.HttpConnection - HttpConnection@3d192d93::SocketChannelEndPoint@2142d370{l=/127.0.0.1:36749,r=/127.0.0.1:35072,OPEN,fill=-,flush=-,to=3/3000}{io=0/0,kio=0,kro=1}->HttpConnection@3d192d93[p=HttpParser{s=CONTENT,0 of -1},g=HttpGenerator@7854331{s=START}]=>HttpChannelOverHttp@95085e1{s=HttpChannelState@227be16a{s=HANDLING rs=COMPLETING os=OPEN is=IDLE awp=false se=false i=false al=0},r=2,c=false/false,a=HANDLING,uri=//localhost:36749/,age=1} parse HeapByteBuffer@59198ba9[p=0,l=0,c=8192,r=0]={<<<>>>GET / HTT...\x00\x00\x00\x00\x00\x00\x00} {}
03:19:45.881 [qtp961160488-17] DEBUG org.eclipse.jetty.http.HttpParser - parseNext s=CONTENT HeapByteBuffer@59198ba9[p=0,l=0,c=8192,r=0]={<<<>>>GET / HTT...\x00\x00\x00\x00\x00\x00\x00}
03:19:45.881 [qtp961160488-17] DEBUG org.eclipse.jetty.http.HttpParser - CONTENT --> CONTENT_END
03:19:45.881 [qtp961160488-17] DEBUG org.eclipse.jetty.server.HttpChannel - onContentComplete HttpChannelOverHttp@95085e1{s=HttpChannelState@227be16a{s=HANDLING rs=COMPLETING os=OPEN is=IDLE awp=false se=false i=false al=0},r=2,c=false/false,a=HANDLING,uri=//localhost:36749/,age=2}
03:19:45.881 [qtp961160488-17] DEBUG org.eclipse.jetty.http.HttpParser - CONTENT_END --> END
03:19:45.881 [qtp961160488-17] DEBUG org.eclipse.jetty.server.HttpChannel - onRequestComplete HttpChannelOverHttp@95085e1{s=HttpChannelState@227be16a{s=HANDLING rs=COMPLETING os=OPEN is=IDLE awp=false se=false i=false al=0},r=2,c=false/false,a=HANDLING,uri=//localhost:36749/,age=2}
03:19:45.881 [qtp961160488-17] DEBUG org.eclipse.jetty.server.HttpInput - HttpInputOverHTTP@7211453c[c=0,q=0,[0]=null,s=STREAM] addContent EOF
03:19:45.881 [qtp961160488-17] DEBUG org.eclipse.jetty.server.HttpConnection - HttpConnection@3d192d93::SocketChannelEndPoint@2142d370{l=/127.0.0.1:36749,r=/127.0.0.1:35072,OPEN,fill=-,flush=-,to=3/3000}{io=0/0,kio=0,kro=1}->HttpConnection@3d192d93[p=HttpParser{s=END,0 of -1},g=HttpGenerator@7854331{s=START}]=>HttpChannelOverHttp@95085e1{s=HttpChannelState@227be16a{s=HANDLING rs=COMPLETING os=OPEN is=IDLE awp=false se=false i=false al=0},r=2,c=false/false,a=HANDLING,uri=//localhost:36749/,age=2} parsed false HttpParser{s=END,0 of -1}
03:19:45.881 [qtp961160488-17] DEBUG org.eclipse.jetty.server.HttpConnection - releaseRequestBuffer HttpConnection@3d192d93::SocketChannelEndPoint@2142d370{l=/127.0.0.1:36749,r=/127.0.0.1:35072,OPEN,fill=-,flush=-,to=4/3000}{io=0/0,kio=0,kro=1}->HttpConnection@3d192d93[p=HttpParser{s=END,0 of -1},g=HttpGenerator@7854331{s=START}]=>HttpChannelOverHttp@95085e1{s=HttpChannelState@227be16a{s=HANDLING rs=COMPLETING os=OPEN is=IDLE awp=false se=false i=false al=0},r=2,c=false/false,a=HANDLING,uri=//localhost:36749/,age=2}
03:19:45.881 [qtp961160488-17] DEBUG org.eclipse.jetty.server.HttpOutput - complete(org.eclipse.jetty.util.Callback$3@b4d03a9) s=CLOSING,api=BLOCKED,sc=false,e=null s=false e=null, c=HeapByteBuffer@60c04197[p=0,l=0,c=0,r=0]={<<<>>>}
03:19:45.882 [qtp961160488-17] DEBUG org.eclipse.jetty.server.HttpChannel - sendResponse info=null content=HeapByteBuffer@60c04197[p=0,l=0,c=0,r=0]={<<<>>>} complete=true committing=true callback=org.eclipse.jetty.server.HttpOutput$WriteCompleteCB@7aaf58f
03:19:45.882 [qtp961160488-17] DEBUG org.eclipse.jetty.server.HttpChannel - COMMIT for / on HttpChannelOverHttp@95085e1{s=HttpChannelState@227be16a{s=HANDLING rs=COMPLETING os=COMMITTED is=IDLE awp=false se=false i=false al=0},r=2,c=false/false,a=HANDLING,uri=//localhost:36749/,age=3}
304 null HTTP/1.1
Date: Thu, 02 May 2024 02:19:45 GMT
ETag: testEtag


03:19:45.882 [qtp961160488-17] DEBUG org.eclipse.jetty.server.HttpConnection - generate: NEED_HEADER for SendCallback@69158cb3[PROCESSING][i=HTTP/1.1{s=304,h=2,cl=-1},cb=org.eclipse.jetty.server.HttpChannel$SendCallback@6499fe98] (null,[p=0,l=0,c=0,r=0],true)@START
03:19:45.882 [qtp961160488-17] DEBUG org.eclipse.jetty.http.HttpGenerator - generateHeaders HTTP/1.1{s=304,h=2,cl=-1} last=true content=HeapByteBuffer@60c04197[p=0,l=0,c=0,r=0]={<<<>>>}
03:19:45.882 [qtp961160488-17] DEBUG org.eclipse.jetty.http.HttpGenerator - Date: Thu, 02 May 2024 02:19:45 GMT
ETag: testEtag


03:19:45.883 [qtp961160488-17] DEBUG org.eclipse.jetty.http.HttpGenerator - NO_CONTENT
03:19:45.883 [qtp961160488-17] DEBUG org.eclipse.jetty.server.HttpConnection - generate: FLUSH for SendCallback@69158cb3[PROCESSING][i=HTTP/1.1{s=304,h=2,cl=-1},cb=org.eclipse.jetty.server.HttpChannel$SendCallback@6499fe98] ([p=0,l=115,c=8192,r=115],[p=0,l=0,c=0,r=0],true)@COMPLETING
03:19:45.883 [qtp961160488-17] DEBUG org.eclipse.jetty.io.WriteFlusher - write: WriteFlusher@7d22d88e{IDLE}->null [HeapByteBuffer@59198ba9[p=0,l=115,c=8192,r=115]={<<<HTTP/1.1 304 Not Modified...y(9.4.44.v20210927)\r\n\r\n>>>er-Agent:...\x00\x00\x00\x00\x00\x00\x00}]
03:19:45.883 [qtp961160488-17] DEBUG org.eclipse.jetty.io.WriteFlusher - update WriteFlusher@7d22d88e{WRITING}->null:IDLE-->WRITING
03:19:45.883 [main] DEBUG org.apache.nifi.minifi.bootstrap.configuration.ingestors.PullHttpChangeIngestor - Response received: Response{protocol=http/1.1, code=304, message=Not Modified, url=http://localhost:36749/}
03:19:45.883 [qtp961160488-17] DEBUG org.eclipse.jetty.io.ChannelEndPoint - flushed 115 SocketChannelEndPoint@2142d370{l=/127.0.0.1:36749,r=/127.0.0.1:35072,OPEN,fill=-,flush=W,to=5/3000}{io=0/0,kio=0,kro=1}->HttpConnection@3d192d93[p=HttpParser{s=END,0 of -1},g=HttpGenerator@7854331{s=COMPLETING}]=>HttpChannelOverHttp@95085e1{s=HttpChannelState@227be16a{s=HANDLING rs=COMPLETING os=COMMITTED is=IDLE awp=false se=false i=false al=0},r=2,c=false/false,a=HANDLING,uri=//localhost:36749/,age=4}
03:19:45.883 [qtp961160488-17] DEBUG org.eclipse.jetty.io.WriteFlusher - Flushed=true written=115 remaining=0 WriteFlusher@7d22d88e{WRITING}->null
03:19:45.883 [qtp961160488-17] DEBUG org.eclipse.jetty.io.WriteFlusher - update WriteFlusher@7d22d88e{IDLE}->null:WRITING-->IDLE
03:19:45.883 [qtp961160488-17] DEBUG org.eclipse.jetty.server.HttpConnection - generate: DONE for SendCallback@69158cb3[PROCESSING][i=HTTP/1.1{s=304,h=2,cl=-1},cb=org.eclipse.jetty.server.HttpChannel$SendCallback@6499fe98] ([p=115,l=115,c=8192,r=0],[p=0,l=0,c=0,r=0],true)@END
]]></system-out>
  </testcase>
  <testcase name="testNewUpdate" classname="org.apache.nifi.minifi.bootstrap.configuration.ingestors.PullHttpChangeIngestorTest" time="0.009">
    <system-out><![CDATA[03:19:45.883 [qtp961160488-17] DEBUG org.eclipse.jetty.server.HttpOutput - onWriteComplete(true,null) s=CLOSING,api=BLOCKED,sc=false,e=null->s=CLOSED,api=BLOCKING,sc=false,e=null c=null cb=org.eclipse.jetty.util.Callback$3@b4d03a9 w=false
03:19:45.883 [qtp961160488-17] DEBUG org.eclipse.jetty.server.HttpChannelState - completed HttpChannelState@227be16a{s=HANDLING rs=COMPLETING os=COMPLETED is=IDLE awp=false se=false i=false al=0}
03:19:45.884 [qtp961160488-17] DEBUG org.eclipse.jetty.server.HttpChannelState - unhandle HttpChannelState@227be16a{s=HANDLING rs=COMPLETED os=COMPLETED is=IDLE awp=false se=false i=false al=0}
03:19:45.884 [qtp961160488-17] DEBUG org.eclipse.jetty.server.HttpChannelState - nextAction(false) TERMINATED HttpChannelState@227be16a{s=IDLE rs=COMPLETED os=COMPLETED is=IDLE awp=false se=false i=false al=0}
03:19:45.884 [qtp961160488-17] DEBUG org.eclipse.jetty.server.HttpChannel - action TERMINATED HttpChannelOverHttp@95085e1{s=HttpChannelState@227be16a{s=IDLE rs=COMPLETED os=COMPLETED is=IDLE awp=false se=false i=false al=0},r=2,c=true/true,a=IDLE,uri=//localhost:36749/,age=5}
03:19:45.884 [qtp961160488-17] DEBUG org.eclipse.jetty.server.HttpChannel - onCompleted for / written=0
03:19:45.884 [qtp961160488-17] DEBUG org.eclipse.jetty.server.HttpChannelState - recycle HttpChannelState@227be16a{s=IDLE rs=COMPLETED os=COMPLETED is=IDLE awp=false se=false i=false al=0}
03:19:45.884 [qtp961160488-17] DEBUG org.eclipse.jetty.http.HttpParser - reset HttpParser{s=END,0 of -1}
03:19:45.884 [qtp961160488-17] DEBUG org.eclipse.jetty.http.HttpParser - END --> START
03:19:45.884 [qtp961160488-17] DEBUG org.eclipse.jetty.server.HttpChannel - !handle TERMINATED HttpChannelOverHttp@95085e1{s=HttpChannelState@227be16a{s=IDLE rs=BLOCKING os=OPEN is=IDLE awp=false se=false i=true al=0},r=2,c=false/false,a=IDLE,uri=null,age=0}
03:19:45.884 [qtp961160488-17] DEBUG org.eclipse.jetty.io.ChannelEndPoint - filled 0 HeapByteBuffer@59198ba9[p=0,l=0,c=8192,r=0]={<<<>>>HTTP/1.1 ...\x00\x00\x00\x00\x00\x00\x00}
03:19:45.884 [qtp961160488-17] DEBUG org.eclipse.jetty.io.ChannelEndPoint - filled 0 HeapByteBuffer@59198ba9[p=0,l=0,c=8192,r=0]={<<<>>>HTTP/1.1 ...\x00\x00\x00\x00\x00\x00\x00}
03:19:45.884 [qtp961160488-17] DEBUG org.eclipse.jetty.server.HttpConnection - HttpConnection@3d192d93::SocketChannelEndPoint@2142d370{l=/127.0.0.1:36749,r=/127.0.0.1:35072,OPEN,fill=-,flush=-,to=1/3000}{io=0/0,kio=0,kro=1}->HttpConnection@3d192d93[p=HttpParser{s=START,0 of -1},g=HttpGenerator@7854331{s=START}]=>HttpChannelOverHttp@95085e1{s=HttpChannelState@227be16a{s=IDLE rs=BLOCKING os=OPEN is=IDLE awp=false se=false i=true al=0},r=2,c=false/false,a=IDLE,uri=null,age=0} filled 0 HeapByteBuffer@59198ba9[p=0,l=0,c=8192,r=0]={<<<>>>HTTP/1.1 ...\x00\x00\x00\x00\x00\x00\x00}
03:19:45.884 [main] DEBUG org.apache.nifi.minifi.bootstrap.configuration.ingestors.PullHttpChangeIngestor - Attempting to pull new config
03:19:45.885 [qtp961160488-17] DEBUG org.eclipse.jetty.server.HttpConnection - HttpConnection@3d192d93::SocketChannelEndPoint@2142d370{l=/127.0.0.1:36749,r=/127.0.0.1:35072,OPEN,fill=-,flush=-,to=1/3000}{io=0/0,kio=0,kro=1}->HttpConnection@3d192d93[p=HttpParser{s=START,0 of -1},g=HttpGenerator@7854331{s=START}]=>HttpChannelOverHttp@95085e1{s=HttpChannelState@227be16a{s=IDLE rs=BLOCKING os=OPEN is=IDLE awp=false se=false i=true al=0},r=2,c=false/false,a=IDLE,uri=null,age=0} parse HeapByteBuffer@59198ba9[p=0,l=0,c=8192,r=0]={<<<>>>HTTP/1.1 ...\x00\x00\x00\x00\x00\x00\x00} {}
03:19:45.885 [qtp961160488-17] DEBUG org.eclipse.jetty.http.HttpParser - parseNext s=START HeapByteBuffer@59198ba9[p=0,l=0,c=8192,r=0]={<<<>>>HTTP/1.1 ...\x00\x00\x00\x00\x00\x00\x00}
03:19:45.885 [qtp961160488-17] DEBUG org.eclipse.jetty.server.HttpConnection - HttpConnection@3d192d93::SocketChannelEndPoint@2142d370{l=/127.0.0.1:36749,r=/127.0.0.1:35072,OPEN,fill=-,flush=-,to=1/3000}{io=0/0,kio=0,kro=1}->HttpConnection@3d192d93[p=HttpParser{s=START,0 of -1},g=HttpGenerator@7854331{s=START}]=>HttpChannelOverHttp@95085e1{s=HttpChannelState@227be16a{s=IDLE rs=BLOCKING os=OPEN is=IDLE awp=false se=false i=true al=0},r=2,c=false/false,a=IDLE,uri=null,age=0} parsed false HttpParser{s=START,0 of -1}
03:19:45.885 [qtp961160488-19-acceptor-0@1e1a0406-ServerConnector@446293d{HTTP/1.1, (http/1.1)}{localhost:36749}] DEBUG org.eclipse.jetty.io.ManagedSelector - Queued change lazy=false Accept@35890e21[java.nio.channels.SocketChannel[connected local=/127.0.0.1:36749 remote=/127.0.0.1:35076]] on ManagedSelector@1de5f259{STARTED} id=3 keys=0 selected=0 updates=0
03:19:45.885 [qtp961160488-17] DEBUG org.eclipse.jetty.server.HttpConnection - releaseRequestBuffer HttpConnection@3d192d93::SocketChannelEndPoint@2142d370{l=/127.0.0.1:36749,r=/127.0.0.1:35072,OPEN,fill=-,flush=-,to=1/3000}{io=0/0,kio=0,kro=1}->HttpConnection@3d192d93[p=HttpParser{s=START,0 of -1},g=HttpGenerator@7854331{s=START}]=>HttpChannelOverHttp@95085e1{s=HttpChannelState@227be16a{s=IDLE rs=BLOCKING os=OPEN is=IDLE awp=false se=false i=true al=0},r=2,c=false/false,a=IDLE,uri=null,age=0}
03:19:45.885 [qtp961160488-19-acceptor-0@1e1a0406-ServerConnector@446293d{HTTP/1.1, (http/1.1)}{localhost:36749}] DEBUG org.eclipse.jetty.io.ManagedSelector - Wakeup on submit ManagedSelector@1de5f259{STARTED} id=3 keys=0 selected=0 updates=1
03:19:45.885 [qtp961160488-18] DEBUG org.eclipse.jetty.io.ManagedSelector - Selector sun.nio.ch.EPollSelectorImpl@44394951 woken with none selected
03:19:45.885 [qtp961160488-18] DEBUG org.eclipse.jetty.io.ManagedSelector - Selector sun.nio.ch.EPollSelectorImpl@44394951 woken up from select, 0/0/0 selected
03:19:45.885 [qtp961160488-18] DEBUG org.eclipse.jetty.io.ManagedSelector - Selector sun.nio.ch.EPollSelectorImpl@44394951 processing 0 keys, 1 updates
03:19:45.885 [qtp961160488-18] DEBUG org.eclipse.jetty.io.ManagedSelector - updateable 1
03:19:45.885 [qtp961160488-18] DEBUG org.eclipse.jetty.io.ManagedSelector - update Accept@35890e21[java.nio.channels.SocketChannel[connected local=/127.0.0.1:36749 remote=/127.0.0.1:35076]]
03:19:45.885 [qtp961160488-18] DEBUG org.eclipse.jetty.util.thread.QueuedThreadPool - queue Accept@35890e21[java.nio.channels.SocketChannel[connected local=/127.0.0.1:36749 remote=/127.0.0.1:35076]] startThread=0
03:19:45.885 [qtp961160488-18] DEBUG org.eclipse.jetty.io.ManagedSelector - updates 0
03:19:45.885 [qtp961160488-18] DEBUG org.eclipse.jetty.io.ManagedSelector - Selector sun.nio.ch.EPollSelectorImpl@44394951 waiting with 1 keys
03:19:45.885 [qtp961160488-20] DEBUG org.eclipse.jetty.util.thread.QueuedThreadPool - run Accept@35890e21[java.nio.channels.SocketChannel[connected local=/127.0.0.1:36749 remote=/127.0.0.1:35076]] in QueuedThreadPool[qtp961160488]@394a2528{STARTED,8<=8<=200,i=0,r=-1,q=0}[ReservedThreadExecutor@383bfa16{reserved=1/8,pending=0}]
03:19:45.886 [qtp961160488-20] DEBUG org.eclipse.jetty.io.IdleTimeout - SocketChannelEndPoint@39491387{l=/127.0.0.1:36749,r=/127.0.0.1:35076,OPEN,fill=-,flush=-,to=0/3000}{io=0/0,kio=0,kro=0}-><null> idle timeout check, elapsed: 0 ms, remaining: 3000 ms
03:19:45.886 [qtp961160488-17] DEBUG org.eclipse.jetty.io.AbstractConnection - fillInterested HttpConnection@3d192d93::SocketChannelEndPoint@2142d370{l=/127.0.0.1:36749,r=/127.0.0.1:35072,OPEN,fill=-,flush=-,to=2/3000}{io=0/0,kio=0,kro=1}->HttpConnection@3d192d93[p=HttpParser{s=START,0 of -1},g=HttpGenerator@7854331{s=START}]=>HttpChannelOverHttp@95085e1{s=HttpChannelState@227be16a{s=IDLE rs=BLOCKING os=OPEN is=IDLE awp=false se=false i=true al=0},r=2,c=false/false,a=IDLE,uri=null,age=0}
03:19:45.886 [qtp961160488-20] DEBUG org.eclipse.jetty.server.HttpChannel - new HttpChannelOverHttp@14f85354{s=HttpChannelState@2a5e8b83{s=IDLE rs=BLOCKING os=OPEN is=IDLE awp=false se=false i=true al=0},r=0,c=false/false,a=IDLE,uri=null,age=0} -> SocketChannelEndPoint@39491387{l=/127.0.0.1:36749,r=/127.0.0.1:35076,OPEN,fill=-,flush=-,to=0/3000}{io=0/0,kio=0,kro=0}-><null>,null,HttpChannelState@2a5e8b83{s=IDLE rs=BLOCKING os=OPEN is=IDLE awp=false se=false i=true al=0}
03:19:45.886 [qtp961160488-20] DEBUG org.eclipse.jetty.server.HttpConnection - New HTTP Connection HttpConnection@6ef8d980::SocketChannelEndPoint@39491387{l=/127.0.0.1:36749,r=/127.0.0.1:35076,OPEN,fill=-,flush=-,to=0/3000}{io=0/0,kio=0,kro=0}-><null>
03:19:45.886 [qtp961160488-17] DEBUG org.eclipse.jetty.io.FillInterest - interested FillInterest@7a88821a{AC.ReadCB@3d192d93{HttpConnection@3d192d93::SocketChannelEndPoint@2142d370{l=/127.0.0.1:36749,r=/127.0.0.1:35072,OPEN,fill=FI,flush=-,to=0/3000}{io=0/0,kio=0,kro=1}->HttpConnection@3d192d93[p=HttpParser{s=START,0 of -1},g=HttpGenerator@7854331{s=START}]=>HttpChannelOverHttp@95085e1{s=HttpChannelState@227be16a{s=IDLE rs=BLOCKING os=OPEN is=IDLE awp=false se=false i=true al=0},r=2,c=false/false,a=IDLE,uri=null,age=0}}}
03:19:45.886 [qtp961160488-20] DEBUG org.eclipse.jetty.io.ManagedSelector - Queued change lazy=true org.eclipse.jetty.io.ManagedSelector$$Lambda$258/445561681@1fdc2af3 on ManagedSelector@1de5f259{STARTED} id=3 keys=1 selected=0 updates=0
03:19:45.886 [qtp961160488-20] DEBUG org.eclipse.jetty.io.AbstractEndPoint - onOpen SocketChannelEndPoint@39491387{l=/127.0.0.1:36749,r=/127.0.0.1:35076,OPEN,fill=-,flush=-,to=0/3000}{io=0/0,kio=0,kro=0}->HttpConnection@6ef8d980[p=HttpParser{s=START,0 of -1},g=HttpGenerator@49e8a8af{s=START}]=>HttpChannelOverHttp@14f85354{s=HttpChannelState@2a5e8b83{s=IDLE rs=BLOCKING os=OPEN is=IDLE awp=false se=false i=true al=0},r=0,c=false/false,a=IDLE,uri=null,age=0}
03:19:45.886 [qtp961160488-17] DEBUG org.eclipse.jetty.io.ChannelEndPoint - changeInterests p=false 0->1 for SocketChannelEndPoint@2142d370{l=/127.0.0.1:36749,r=/127.0.0.1:35072,OPEN,fill=FI,flush=-,to=0/3000}{io=0/1,kio=0,kro=1}->HttpConnection@3d192d93[p=HttpParser{s=START,0 of -1},g=HttpGenerator@7854331{s=START}]=>HttpChannelOverHttp@95085e1{s=HttpChannelState@227be16a{s=IDLE rs=BLOCKING os=OPEN is=IDLE awp=false se=false i=true al=0},r=2,c=false/false,a=IDLE,uri=null,age=0}
03:19:45.886 [qtp961160488-20] DEBUG org.eclipse.jetty.io.AbstractConnection - onOpen HttpConnection@6ef8d980::SocketChannelEndPoint@39491387{l=/127.0.0.1:36749,r=/127.0.0.1:35076,OPEN,fill=-,flush=-,to=0/3000}{io=0/0,kio=0,kro=0}->HttpConnection@6ef8d980[p=HttpParser{s=START,0 of -1},g=HttpGenerator@49e8a8af{s=START}]=>HttpChannelOverHttp@14f85354{s=HttpChannelState@2a5e8b83{s=IDLE rs=BLOCKING os=OPEN is=IDLE awp=false se=false i=true al=0},r=0,c=false/false,a=IDLE,uri=null,age=0}
03:19:45.886 [qtp961160488-17] DEBUG org.eclipse.jetty.io.ManagedSelector - Queued change lazy=false org.eclipse.jetty.io.ChannelEndPoint$$Lambda$255/90666987@e094d6d on ManagedSelector@316bcf94{STARTED} id=2 keys=1 selected=0 updates=0
03:19:45.886 [qtp961160488-20] DEBUG org.eclipse.jetty.io.AbstractConnection - fillInterested HttpConnection@6ef8d980::SocketChannelEndPoint@39491387{l=/127.0.0.1:36749,r=/127.0.0.1:35076,OPEN,fill=-,flush=-,to=0/3000}{io=0/0,kio=0,kro=0}->HttpConnection@6ef8d980[p=HttpParser{s=START,0 of -1},g=HttpGenerator@49e8a8af{s=START}]=>HttpChannelOverHttp@14f85354{s=HttpChannelState@2a5e8b83{s=IDLE rs=BLOCKING os=OPEN is=IDLE awp=false se=false i=true al=0},r=0,c=false/false,a=IDLE,uri=null,age=0}
03:19:45.886 [qtp961160488-17] DEBUG org.eclipse.jetty.io.ManagedSelector - Wakeup on submit ManagedSelector@316bcf94{STARTED} id=2 keys=1 selected=0 updates=1
03:19:45.886 [qtp961160488-21] DEBUG org.eclipse.jetty.io.ManagedSelector - Selector sun.nio.ch.EPollSelectorImpl@4b5bcbdf woken with none selected
03:19:45.886 [qtp961160488-20] DEBUG org.eclipse.jetty.io.FillInterest - interested FillInterest@17b42082{AC.ReadCB@6ef8d980{HttpConnection@6ef8d980::SocketChannelEndPoint@39491387{l=/127.0.0.1:36749,r=/127.0.0.1:35076,OPEN,fill=FI,flush=-,to=0/3000}{io=0/0,kio=0,kro=0}->HttpConnection@6ef8d980[p=HttpParser{s=START,0 of -1},g=HttpGenerator@49e8a8af{s=START}]=>HttpChannelOverHttp@14f85354{s=HttpChannelState@2a5e8b83{s=IDLE rs=BLOCKING os=OPEN is=IDLE awp=false se=false i=true al=0},r=0,c=false/false,a=IDLE,uri=null,age=0}}}
03:19:45.886 [qtp961160488-21] DEBUG org.eclipse.jetty.io.ManagedSelector - Selector sun.nio.ch.EPollSelectorImpl@4b5bcbdf woken up from select, 0/0/1 selected
03:19:45.887 [qtp961160488-21] DEBUG org.eclipse.jetty.io.ManagedSelector - Selector sun.nio.ch.EPollSelectorImpl@4b5bcbdf processing 0 keys, 1 updates
03:19:45.887 [qtp961160488-17] DEBUG org.eclipse.jetty.server.HttpConnection - HttpConnection@3d192d93::SocketChannelEndPoint@2142d370{l=/127.0.0.1:36749,r=/127.0.0.1:35072,OPEN,fill=FI,flush=-,to=0/3000}{io=0/1,kio=0,kro=1}->HttpConnection@3d192d93[p=HttpParser{s=START,0 of -1},g=HttpGenerator@7854331{s=START}]=>HttpChannelOverHttp@95085e1{s=HttpChannelState@227be16a{s=IDLE rs=BLOCKING os=OPEN is=IDLE awp=false se=false i=true al=0},r=2,c=false/false,a=IDLE,uri=null,age=0} onFillable exit HttpChannelState@227be16a{s=IDLE rs=BLOCKING os=OPEN is=IDLE awp=false se=false i=true al=0} null
03:19:45.887 [qtp961160488-20] DEBUG org.eclipse.jetty.io.ChannelEndPoint - changeInterests p=false 0->1 for SocketChannelEndPoint@39491387{l=/127.0.0.1:36749,r=/127.0.0.1:35076,OPEN,fill=FI,flush=-,to=0/3000}{io=0/1,kio=0,kro=0}->HttpConnection@6ef8d980[p=HttpParser{s=START,0 of -1},g=HttpGenerator@49e8a8af{s=START}]=>HttpChannelOverHttp@14f85354{s=HttpChannelState@2a5e8b83{s=IDLE rs=BLOCKING os=OPEN is=IDLE awp=false se=false i=true al=0},r=0,c=false/false,a=IDLE,uri=null,age=0}
03:19:45.887 [qtp961160488-21] DEBUG org.eclipse.jetty.io.ManagedSelector - updateable 1
03:19:45.887 [qtp961160488-21] DEBUG org.eclipse.jetty.io.ManagedSelector - update org.eclipse.jetty.io.ChannelEndPoint$$Lambda$255/90666987@e094d6d
03:19:45.887 [qtp961160488-17] DEBUG org.eclipse.jetty.util.thread.QueuedThreadPool - ran org.eclipse.jetty.io.ManagedSelector$$Lambda$253/838473569@66f57048 in QueuedThreadPool[qtp961160488]@394a2528{STARTED,8<=8<=200,i=0,r=-1,q=0}[ReservedThreadExecutor@383bfa16{reserved=1/8,pending=0}]
03:19:45.887 [qtp961160488-20] DEBUG org.eclipse.jetty.io.ManagedSelector - Queued change lazy=false org.eclipse.jetty.io.ChannelEndPoint$$Lambda$255/90666987@3f28df2d on ManagedSelector@1de5f259{STARTED} id=3 keys=1 selected=0 updates=1
03:19:45.887 [qtp961160488-20] DEBUG org.eclipse.jetty.io.ManagedSelector - Wakeup on submit ManagedSelector@1de5f259{STARTED} id=3 keys=1 selected=0 updates=2
03:19:45.887 [qtp961160488-21] DEBUG org.eclipse.jetty.io.ChannelEndPoint - Key interests updated 0 -> 1 on SocketChannelEndPoint@2142d370{l=/127.0.0.1:36749,r=/127.0.0.1:35072,OPEN,fill=FI,flush=-,to=1/3000}{io=1/1,kio=1,kro=1}->HttpConnection@3d192d93[p=HttpParser{s=START,0 of -1},g=HttpGenerator@7854331{s=START}]=>HttpChannelOverHttp@95085e1{s=HttpChannelState@227be16a{s=IDLE rs=BLOCKING os=OPEN is=IDLE awp=false se=false i=true al=0},r=2,c=false/false,a=IDLE,uri=null,age=0}
03:19:45.887 [qtp961160488-21] DEBUG org.eclipse.jetty.io.ManagedSelector - updates 0
03:19:45.887 [qtp961160488-18] DEBUG org.eclipse.jetty.io.ManagedSelector - Selector sun.nio.ch.EPollSelectorImpl@44394951 woken with none selected
03:19:45.887 [qtp961160488-18] DEBUG org.eclipse.jetty.io.ManagedSelector - Selector sun.nio.ch.EPollSelectorImpl@44394951 woken up from select, 0/0/1 selected
03:19:45.887 [qtp961160488-21] DEBUG org.eclipse.jetty.io.ManagedSelector - Selector sun.nio.ch.EPollSelectorImpl@4b5bcbdf waiting with 1 keys
03:19:45.887 [qtp961160488-18] DEBUG org.eclipse.jetty.io.ManagedSelector - Selector sun.nio.ch.EPollSelectorImpl@44394951 processing 0 keys, 2 updates
03:19:45.887 [qtp961160488-20] DEBUG org.eclipse.jetty.io.ManagedSelector - Created SocketChannelEndPoint@39491387{l=/127.0.0.1:36749,r=/127.0.0.1:35076,OPEN,fill=FI,flush=-,to=0/3000}{io=0/1,kio=0,kro=0}->HttpConnection@6ef8d980[p=HttpParser{s=START,0 of -1},g=HttpGenerator@49e8a8af{s=START}]=>HttpChannelOverHttp@14f85354{s=HttpChannelState@2a5e8b83{s=IDLE rs=BLOCKING os=OPEN is=IDLE awp=false se=false i=true al=0},r=0,c=false/false,a=IDLE,uri=null,age=0}
03:19:45.887 [qtp961160488-18] DEBUG org.eclipse.jetty.io.ManagedSelector - updateable 2
03:19:45.887 [qtp961160488-18] DEBUG org.eclipse.jetty.io.ManagedSelector - update org.eclipse.jetty.io.ManagedSelector$$Lambda$258/445561681@1fdc2af3
03:19:45.887 [qtp961160488-20] DEBUG org.eclipse.jetty.util.thread.QueuedThreadPool - ran Accept@35890e21[java.nio.channels.SocketChannel[connected local=/127.0.0.1:36749 remote=/127.0.0.1:35076]] in QueuedThreadPool[qtp961160488]@394a2528{STARTED,8<=8<=200,i=1,r=-1,q=0}[ReservedThreadExecutor@383bfa16{reserved=1/8,pending=0}]
03:19:45.887 [qtp961160488-18] DEBUG org.eclipse.jetty.io.ManagedSelector - update org.eclipse.jetty.io.ChannelEndPoint$$Lambda$255/90666987@3f28df2d
03:19:45.887 [qtp961160488-18] DEBUG org.eclipse.jetty.io.ChannelEndPoint - Key interests updated 0 -> 1 on SocketChannelEndPoint@39491387{l=/127.0.0.1:36749,r=/127.0.0.1:35076,OPEN,fill=FI,flush=-,to=0/3000}{io=1/1,kio=1,kro=0}->HttpConnection@6ef8d980[p=HttpParser{s=START,0 of -1},g=HttpGenerator@49e8a8af{s=START}]=>HttpChannelOverHttp@14f85354{s=HttpChannelState@2a5e8b83{s=IDLE rs=BLOCKING os=OPEN is=IDLE awp=false se=false i=true al=0},r=0,c=false/false,a=IDLE,uri=null,age=0}
03:19:45.887 [qtp961160488-18] DEBUG org.eclipse.jetty.io.ManagedSelector - updates 0
03:19:45.887 [qtp961160488-18] DEBUG org.eclipse.jetty.io.ManagedSelector - Selector sun.nio.ch.EPollSelectorImpl@44394951 waiting with 1 keys
03:19:45.887 [qtp961160488-18] DEBUG org.eclipse.jetty.io.ManagedSelector - Selector sun.nio.ch.EPollSelectorImpl@44394951 woken up from select, 1/1/1 selected
03:19:45.887 [qtp961160488-18] DEBUG org.eclipse.jetty.io.ManagedSelector - Selector sun.nio.ch.EPollSelectorImpl@44394951 processing 1 keys, 0 updates
03:19:45.888 [qtp961160488-18] DEBUG org.eclipse.jetty.io.ManagedSelector - selected 1 sun.nio.ch.SelectionKeyImpl@4afebfa6 SocketChannelEndPoint@39491387{l=/127.0.0.1:36749,r=/127.0.0.1:35076,OPEN,fill=FI,flush=-,to=1/3000}{io=1/1,kio=1,kro=1}->HttpConnection@6ef8d980[p=HttpParser{s=START,0 of -1},g=HttpGenerator@49e8a8af{s=START}]=>HttpChannelOverHttp@14f85354{s=HttpChannelState@2a5e8b83{s=IDLE rs=BLOCKING os=OPEN is=IDLE awp=false se=false i=true al=0},r=0,c=false/false,a=IDLE,uri=null,age=0} 
03:19:45.888 [qtp961160488-18] DEBUG org.eclipse.jetty.io.ChannelEndPoint - onSelected 1->0 r=true w=false for SocketChannelEndPoint@39491387{l=/127.0.0.1:36749,r=/127.0.0.1:35076,OPEN,fill=FI,flush=-,to=1/3000}{io=1/0,kio=1,kro=1}->HttpConnection@6ef8d980[p=HttpParser{s=START,0 of -1},g=HttpGenerator@49e8a8af{s=START}]=>HttpChannelOverHttp@14f85354{s=HttpChannelState@2a5e8b83{s=IDLE rs=BLOCKING os=OPEN is=IDLE awp=false se=false i=true al=0},r=0,c=false/false,a=IDLE,uri=null,age=0}
03:19:45.888 [qtp961160488-18] DEBUG org.eclipse.jetty.io.ChannelEndPoint - task CEP:SocketChannelEndPoint@39491387{l=/127.0.0.1:36749,r=/127.0.0.1:35076,OPEN,fill=FI,flush=-,to=1/3000}{io=1/0,kio=1,kro=1}->HttpConnection@6ef8d980[p=HttpParser{s=START,0 of -1},g=HttpGenerator@49e8a8af{s=START}]=>HttpChannelOverHttp@14f85354{s=HttpChannelState@2a5e8b83{s=IDLE rs=BLOCKING os=OPEN is=IDLE awp=false se=false i=true al=0},r=0,c=false/false,a=IDLE,uri=null,age=0}:runFillable:BLOCKING
03:19:45.888 [qtp961160488-18] DEBUG org.eclipse.jetty.util.thread.ReservedThreadExecutor - ReservedThreadExecutor@383bfa16{reserved=1/8,pending=0} tryExecute EatWhatYouKill@6404f418/SelectorProducer@3e11f9e9/PRODUCING/p=false/QueuedThreadPool[qtp961160488]@394a2528{STARTED,8<=8<=200,i=2,r=-1,q=0}[ReservedThreadExecutor@383bfa16{reserved=1/8,pending=0}][pc=0,pic=0,pec=0,epc=0]@2024-05-02T03:19:45.888+01:00
03:19:45.888 [qtp961160488-18] DEBUG org.eclipse.jetty.util.thread.ReservedThreadExecutor - ReservedThreadExecutor@383bfa16{reserved=0/8,pending=1} startReservedThread p=1
03:19:45.888 [qtp961160488-18] DEBUG org.eclipse.jetty.util.thread.QueuedThreadPool - queue ReservedThread@4ec12221{PENDING,thread=null} startThread=0
03:19:45.888 [qtp961160488-17] DEBUG org.eclipse.jetty.util.thread.QueuedThreadPool - run ReservedThread@4ec12221{PENDING,thread=null} in QueuedThreadPool[qtp961160488]@394a2528{STARTED,8<=8<=200,i=1,r=-1,q=0}[ReservedThreadExecutor@383bfa16{reserved=0/8,pending=1}]
03:19:45.889 [qtp961160488-17] DEBUG org.eclipse.jetty.util.thread.ReservedThreadExecutor - ReservedThread@4ec12221{PENDING,thread=Thread[qtp961160488-17,5,main]} was=PENDING next=RESERVED size=0+1 capacity=8
03:19:45.889 [qtp961160488-17] DEBUG org.eclipse.jetty.util.thread.ReservedThreadExecutor - ReservedThread@4ec12221{RESERVED,thread=Thread[qtp961160488-17,5,main]} waiting ReservedThreadExecutor@383bfa16{reserved=1/8,pending=0}
03:19:45.889 [qtp961160488-22] DEBUG org.eclipse.jetty.util.thread.ReservedThreadExecutor - ReservedThread@41a3a0af{RESERVED,thread=Thread[qtp961160488-22,5,main]} task=EatWhatYouKill@6404f418/SelectorProducer@3e11f9e9/IDLE/p=true/QueuedThreadPool[qtp961160488]@394a2528{STARTED,8<=8<=200,i=1,r=-1,q=0}[ReservedThreadExecutor@383bfa16{reserved=0/8,pending=1}][pc=0,pic=0,pec=0,epc=0]@2024-05-02T03:19:45.888+01:00 ReservedThreadExecutor@383bfa16{reserved=1/8,pending=0}
03:19:45.889 [qtp961160488-22] DEBUG org.eclipse.jetty.util.thread.strategy.EatWhatYouKill - EatWhatYouKill@6404f418/SelectorProducer@3e11f9e9/IDLE/p=true/QueuedThreadPool[qtp961160488]@394a2528{STARTED,8<=8<=200,i=1,r=-1,q=0}[ReservedThreadExecutor@383bfa16{reserved=1/8,pending=0}][pc=0,pic=0,pec=0,epc=0]@2024-05-02T03:19:45.889+01:00 tryProduce true
03:19:45.889 [qtp961160488-18] DEBUG org.eclipse.jetty.util.thread.strategy.EatWhatYouKill - EatWhatYouKill@6404f418/SelectorProducer@3e11f9e9/IDLE/p=true/QueuedThreadPool[qtp961160488]@394a2528{STARTED,8<=8<=200,i=1,r=-1,q=0}[ReservedThreadExecutor@383bfa16{reserved=1/8,pending=0}][pc=0,pic=0,pec=0,epc=0]@2024-05-02T03:19:45.889+01:00 m=EXECUTE_PRODUCE_CONSUME t=CEP:SocketChannelEndPoint@39491387{l=/127.0.0.1:36749,r=/127.0.0.1:35076,OPEN,fill=FI,flush=-,to=2/3000}{io=1/0,kio=1,kro=1}->HttpConnection@6ef8d980[p=HttpParser{s=START,0 of -1},g=HttpGenerator@49e8a8af{s=START}]=>HttpChannelOverHttp@14f85354{s=HttpChannelState@2a5e8b83{s=IDLE rs=BLOCKING os=OPEN is=IDLE awp=false se=false i=true al=0},r=0,c=false/false,a=IDLE,uri=null,age=0}:runFillable:BLOCKING/BLOCKING
03:19:45.889 [qtp961160488-22] DEBUG org.eclipse.jetty.io.ManagedSelector - updateable 0
03:19:45.889 [qtp961160488-22] DEBUG org.eclipse.jetty.io.ManagedSelector - updates 0
03:19:45.889 [qtp961160488-18] DEBUG org.eclipse.jetty.io.FillInterest - fillable FillInterest@17b42082{AC.ReadCB@6ef8d980{HttpConnection@6ef8d980::SocketChannelEndPoint@39491387{l=/127.0.0.1:36749,r=/127.0.0.1:35076,OPEN,fill=FI,flush=-,to=2/3000}{io=1/0,kio=1,kro=1}->HttpConnection@6ef8d980[p=HttpParser{s=START,0 of -1},g=HttpGenerator@49e8a8af{s=START}]=>HttpChannelOverHttp@14f85354{s=HttpChannelState@2a5e8b83{s=IDLE rs=BLOCKING os=OPEN is=IDLE awp=false se=false i=true al=0},r=0,c=false/false,a=IDLE,uri=null,age=0}}}
03:19:45.889 [qtp961160488-22] DEBUG org.eclipse.jetty.io.ChannelEndPoint - Key interests updated 1 -> 0 on SocketChannelEndPoint@39491387{l=/127.0.0.1:36749,r=/127.0.0.1:35076,OPEN,fill=FI,flush=-,to=2/3000}{io=0/0,kio=0,kro=1}->HttpConnection@6ef8d980[p=HttpParser{s=START,0 of -1},g=HttpGenerator@49e8a8af{s=START}]=>HttpChannelOverHttp@14f85354{s=HttpChannelState@2a5e8b83{s=IDLE rs=BLOCKING os=OPEN is=IDLE awp=false se=false i=true al=0},r=0,c=false/false,a=IDLE,uri=null,age=0}
03:19:45.889 [qtp961160488-22] DEBUG org.eclipse.jetty.io.ManagedSelector - Selector sun.nio.ch.EPollSelectorImpl@44394951 waiting with 1 keys
03:19:45.889 [qtp961160488-18] DEBUG org.eclipse.jetty.server.HttpConnection - HttpConnection@6ef8d980::SocketChannelEndPoint@39491387{l=/127.0.0.1:36749,r=/127.0.0.1:35076,OPEN,fill=-,flush=-,to=2/3000}{io=0/0,kio=0,kro=1}->HttpConnection@6ef8d980[p=HttpParser{s=START,0 of -1},g=HttpGenerator@49e8a8af{s=START}]=>HttpChannelOverHttp@14f85354{s=HttpChannelState@2a5e8b83{s=IDLE rs=BLOCKING os=OPEN is=IDLE awp=false se=false i=true al=0},r=0,c=false/false,a=IDLE,uri=null,age=0} onFillable enter HttpChannelState@2a5e8b83{s=IDLE rs=BLOCKING os=OPEN is=IDLE awp=false se=false i=true al=0} null
03:19:45.890 [qtp961160488-18] DEBUG org.eclipse.jetty.io.ChannelEndPoint - filled 115 HeapByteBuffer@59198ba9[p=0,l=115,c=8192,r=115]={<<<GET / HTTP/1.1\r\nHost: loc...gent: okhttp/3.12.3\r\n\r\n>>>er-Agent:...\x00\x00\x00\x00\x00\x00\x00}
03:19:45.890 [qtp961160488-18] DEBUG org.eclipse.jetty.server.HttpConnection - HttpConnection@6ef8d980::SocketChannelEndPoint@39491387{l=/127.0.0.1:36749,r=/127.0.0.1:35076,OPEN,fill=-,flush=-,to=0/3000}{io=0/0,kio=0,kro=1}->HttpConnection@6ef8d980[p=HttpParser{s=START,0 of -1},g=HttpGenerator@49e8a8af{s=START}]=>HttpChannelOverHttp@14f85354{s=HttpChannelState@2a5e8b83{s=IDLE rs=BLOCKING os=OPEN is=IDLE awp=false se=false i=true al=0},r=0,c=false/false,a=IDLE,uri=null,age=0} filled 115 HeapByteBuffer@59198ba9[p=0,l=115,c=8192,r=115]={<<<GET / HTTP/1.1\r\nHost: loc...gent: okhttp/3.12.3\r\n\r\n>>>er-Agent:...\x00\x00\x00\x00\x00\x00\x00}
03:19:45.890 [qtp961160488-18] DEBUG org.eclipse.jetty.server.HttpConnection - HttpConnection@6ef8d980::SocketChannelEndPoint@39491387{l=/127.0.0.1:36749,r=/127.0.0.1:35076,OPEN,fill=-,flush=-,to=0/3000}{io=0/0,kio=0,kro=1}->HttpConnection@6ef8d980[p=HttpParser{s=START,0 of -1},g=HttpGenerator@49e8a8af{s=START}]=>HttpChannelOverHttp@14f85354{s=HttpChannelState@2a5e8b83{s=IDLE rs=BLOCKING os=OPEN is=IDLE awp=false se=false i=true al=0},r=0,c=false/false,a=IDLE,uri=null,age=0} parse HeapByteBuffer@59198ba9[p=0,l=115,c=8192,r=115]={<<<GET / HTTP/1.1\r\nHost: loc...gent: okhttp/3.12.3\r\n\r\n>>>er-Agent:...\x00\x00\x00\x00\x00\x00\x00} {}
03:19:45.890 [qtp961160488-18] DEBUG org.eclipse.jetty.http.HttpParser - parseNext s=START HeapByteBuffer@59198ba9[p=0,l=115,c=8192,r=115]={<<<GET / HTTP/1.1\r\nHost: loc...gent: okhttp/3.12.3\r\n\r\n>>>er-Agent:...\x00\x00\x00\x00\x00\x00\x00}
03:19:45.890 [qtp961160488-18] DEBUG org.eclipse.jetty.http.HttpParser - START --> SPACE1
03:19:45.890 [qtp961160488-18] DEBUG org.eclipse.jetty.http.HttpParser - SPACE1 --> URI
03:19:45.890 [qtp961160488-18] DEBUG org.eclipse.jetty.http.HttpParser - URI --> SPACE2
03:19:45.890 [qtp961160488-18] DEBUG org.eclipse.jetty.http.HttpParser - SPACE2 --> REQUEST_VERSION
03:19:45.890 [qtp961160488-18] DEBUG org.eclipse.jetty.http.HttpParser - REQUEST_VERSION --> HEADER
03:19:45.890 [qtp961160488-18] DEBUG org.eclipse.jetty.http.HttpParser - HEADER:Host --> VALUE
03:19:45.890 [qtp961160488-18] DEBUG org.eclipse.jetty.http.HttpParser - HEADER:Host --> IN_VALUE
03:19:45.890 [qtp961160488-18] DEBUG org.eclipse.jetty.http.HttpParser - HEADER:Host --> FIELD
03:19:45.890 [qtp961160488-18] DEBUG org.eclipse.jetty.http.HttpParser - HEADER:Connection: keep-alive --> IN_VALUE
03:19:45.890 [qtp961160488-18] DEBUG org.eclipse.jetty.http.HttpParser - HEADER:Connection: keep-alive --> FIELD
03:19:45.890 [qtp961160488-18] DEBUG org.eclipse.jetty.http.HttpParser - HEADER:Accept-Encoding: gzip --> IN_VALUE
03:19:45.890 [qtp961160488-18] DEBUG org.eclipse.jetty.http.HttpParser - HEADER:Accept-Encoding: gzip --> FIELD
03:19:45.890 [qtp961160488-18] DEBUG org.eclipse.jetty.http.HttpParser - HEADER:User-Agent --> VALUE
03:19:45.890 [qtp961160488-18] DEBUG org.eclipse.jetty.http.HttpParser - HEADER:User-Agent --> IN_VALUE
03:19:45.890 [qtp961160488-18] DEBUG org.eclipse.jetty.http.HttpParser - HEADER:User-Agent --> FIELD
03:19:45.891 [qtp961160488-18] DEBUG org.eclipse.jetty.http.HttpParser - HEADER --> CONTENT
03:19:45.891 [qtp961160488-18] DEBUG org.eclipse.jetty.server.HttpChannel - REQUEST for //localhost:36749/ on HttpChannelOverHttp@14f85354{s=HttpChannelState@2a5e8b83{s=IDLE rs=BLOCKING os=OPEN is=IDLE awp=false se=false i=true al=0},r=1,c=false/false,a=IDLE,uri=//localhost:36749/,age=0}
GET //localhost:36749/ HTTP/1.1
Host: localhost:36749
Connection: keep-alive
Accept-Encoding: gzip
User-Agent: okhttp/3.12.3


03:19:45.891 [qtp961160488-18] DEBUG org.eclipse.jetty.server.HttpConnection - HttpConnection@6ef8d980::SocketChannelEndPoint@39491387{l=/127.0.0.1:36749,r=/127.0.0.1:35076,OPEN,fill=-,flush=-,to=1/3000}{io=0/0,kio=0,kro=1}->HttpConnection@6ef8d980[p=HttpParser{s=CONTENT,0 of -1},g=HttpGenerator@49e8a8af{s=START}]=>HttpChannelOverHttp@14f85354{s=HttpChannelState@2a5e8b83{s=IDLE rs=BLOCKING os=OPEN is=IDLE awp=false se=false i=true al=0},r=1,c=false/false,a=IDLE,uri=//localhost:36749/,age=0} parsed true HttpParser{s=CONTENT,0 of -1}
03:19:45.891 [qtp961160488-18] DEBUG org.eclipse.jetty.server.HttpConnection - releaseRequestBuffer HttpConnection@6ef8d980::SocketChannelEndPoint@39491387{l=/127.0.0.1:36749,r=/127.0.0.1:35076,OPEN,fill=-,flush=-,to=1/3000}{io=0/0,kio=0,kro=1}->HttpConnection@6ef8d980[p=HttpParser{s=CONTENT,0 of -1},g=HttpGenerator@49e8a8af{s=START}]=>HttpChannelOverHttp@14f85354{s=HttpChannelState@2a5e8b83{s=IDLE rs=BLOCKING os=OPEN is=IDLE awp=false se=false i=true al=0},r=1,c=false/false,a=IDLE,uri=//localhost:36749/,age=0}
03:19:45.891 [qtp961160488-18] DEBUG org.eclipse.jetty.server.HttpChannel - handle //localhost:36749/ HttpChannelOverHttp@14f85354{s=HttpChannelState@2a5e8b83{s=IDLE rs=BLOCKING os=OPEN is=IDLE awp=false se=false i=true al=0},r=1,c=false/false,a=IDLE,uri=//localhost:36749/,age=0} 
03:19:45.891 [qtp961160488-18] DEBUG org.eclipse.jetty.server.HttpChannelState - handling HttpChannelState@2a5e8b83{s=IDLE rs=BLOCKING os=OPEN is=IDLE awp=false se=false i=true al=0}
03:19:45.891 [qtp961160488-18] DEBUG org.eclipse.jetty.server.HttpChannel - action DISPATCH HttpChannelOverHttp@14f85354{s=HttpChannelState@2a5e8b83{s=HANDLING rs=BLOCKING os=OPEN is=IDLE awp=false se=false i=true al=0},r=1,c=false/false,a=HANDLING,uri=//localhost:36749/,age=0}
03:19:45.891 [qtp961160488-18] DEBUG org.eclipse.jetty.server.Server - REQUEST GET / on HttpChannelOverHttp@14f85354{s=HttpChannelState@2a5e8b83{s=HANDLING rs=BLOCKING os=OPEN is=IDLE awp=false se=false i=true al=0},r=1,c=false/false,a=HANDLING,uri=//localhost:36749/,age=0}
03:19:45.891 [qtp961160488-18] DEBUG org.eclipse.jetty.server.HttpOutput - write(array HeapByteBuffer@bc3b59d[p=0,l=4,c=512,r=4]={<<<test>>>\x00\x00\x00\x00\x00\x00\x00\x00\x00...\x00\x00\x00\x00\x00\x00\x00})
03:19:45.892 [qtp961160488-18] DEBUG org.eclipse.jetty.server.HttpOutput - write(array) s=CLOSING,api=BLOCKED,sc=false,e=null last=true agg=false flush=true async=false, len=4 null
03:19:45.892 [qtp961160488-18] DEBUG org.eclipse.jetty.server.HttpChannel - sendResponse info=null content=HeapByteBuffer@53e1675[p=0,l=4,c=512,r=4]={<<<test>>>\x00\x00\x00\x00\x00\x00\x00\x00\x00...\x00\x00\x00\x00\x00\x00\x00} complete=true committing=true callback=Blocker@3a029afb{null}
03:19:45.892 [qtp961160488-18] DEBUG org.eclipse.jetty.server.HttpChannel - COMMIT for / on HttpChannelOverHttp@14f85354{s=HttpChannelState@2a5e8b83{s=HANDLING rs=BLOCKING os=COMMITTED is=IDLE awp=false se=false i=true al=0},r=1,c=false/false,a=HANDLING,uri=//localhost:36749/,age=1}
200 null HTTP/1.1
Date: Thu, 02 May 2024 02:19:45 GMT
ETag: testEtag
Content-Type: text/plain;charset=utf-8
Content-Length: 4


03:19:45.892 [qtp961160488-18] DEBUG org.eclipse.jetty.server.HttpConnection - generate: NEED_HEADER for SendCallback@7d1567b0[PROCESSING][i=HTTP/1.1{s=200,h=4,cl=4},cb=org.eclipse.jetty.server.HttpChannel$SendCallback@6bec4ad2] (null,[p=0,l=4,c=512,r=4],true)@START
03:19:45.892 [qtp961160488-18] DEBUG org.eclipse.jetty.http.HttpGenerator - generateHeaders HTTP/1.1{s=200,h=4,cl=4} last=true content=HeapByteBuffer@53e1675[p=0,l=4,c=512,r=4]={<<<test>>>\x00\x00\x00\x00\x00\x00\x00\x00\x00...\x00\x00\x00\x00\x00\x00\x00}
03:19:45.892 [qtp961160488-18] DEBUG org.eclipse.jetty.http.HttpGenerator - Date: Thu, 02 May 2024 02:19:45 GMT
ETag: testEtag
Content-Type: text/plain;charset=utf-8
Content-Length: 4


03:19:45.892 [qtp961160488-18] DEBUG org.eclipse.jetty.http.HttpGenerator - CONTENT_LENGTH
03:19:45.892 [qtp961160488-18] DEBUG org.eclipse.jetty.server.HttpConnection - generate: FLUSH for SendCallback@7d1567b0[PROCESSING][i=HTTP/1.1{s=200,h=4,cl=4},cb=org.eclipse.jetty.server.HttpChannel$SendCallback@6bec4ad2] ([p=0,l=164,c=8192,r=164],[p=0,l=4,c=512,r=4],true)@COMPLETING
03:19:45.892 [qtp961160488-18] DEBUG org.eclipse.jetty.io.WriteFlusher - write: WriteFlusher@1e947464{IDLE}->null [HeapByteBuffer@59198ba9[p=0,l=164,c=8192,r=164]={<<<HTTP/1.1 200 OK\r\nDate: Th...y(9.4.44.v20210927)\r\n\r\n>>>\x00\x00\x00\x00\x00\x00\x00\x00\x00...\x00\x00\x00\x00\x00\x00\x00},HeapByteBuffer@53e1675[p=0,l=4,c=512,r=4]={<<<test>>>\x00\x00\x00\x00\x00\x00\x00\x00\x00...\x00\x00\x00\x00\x00\x00\x00}]
03:19:45.892 [qtp961160488-18] DEBUG org.eclipse.jetty.io.WriteFlusher - update WriteFlusher@1e947464{WRITING}->null:IDLE-->WRITING
03:19:45.892 [main] DEBUG org.apache.nifi.minifi.bootstrap.configuration.ingestors.PullHttpChangeIngestor - Response received: Response{protocol=http/1.1, code=200, message=OK, url=http://localhost:36749/}
03:19:45.892 [qtp961160488-18] DEBUG org.eclipse.jetty.io.ChannelEndPoint - flushed 168 SocketChannelEndPoint@39491387{l=/127.0.0.1:36749,r=/127.0.0.1:35076,OPEN,fill=-,flush=W,to=2/3000}{io=0/0,kio=0,kro=1}->HttpConnection@6ef8d980[p=HttpParser{s=CONTENT,0 of -1},g=HttpGenerator@49e8a8af{s=COMPLETING}]=>HttpChannelOverHttp@14f85354{s=HttpChannelState@2a5e8b83{s=HANDLING rs=BLOCKING os=COMMITTED is=IDLE awp=false se=false i=true al=0},r=1,c=false/false,a=HANDLING,uri=//localhost:36749/,age=1}
03:19:45.893 [qtp961160488-18] DEBUG org.eclipse.jetty.io.WriteFlusher - Flushed=true written=168 remaining=0 WriteFlusher@1e947464{WRITING}->null
03:19:45.893 [qtp961160488-18] DEBUG org.eclipse.jetty.io.WriteFlusher - update WriteFlusher@1e947464{IDLE}->null:WRITING-->IDLE
03:19:45.893 [main] DEBUG org.apache.nifi.minifi.bootstrap.configuration.ingestors.PullHttpChangeIngestor - New change received, notifying listener
03:19:45.893 [qtp961160488-18] DEBUG org.eclipse.jetty.server.HttpConnection - generate: DONE for SendCallback@7d1567b0[PROCESSING][i=HTTP/1.1{s=200,h=4,cl=4},cb=org.eclipse.jetty.server.HttpChannel$SendCallback@6bec4ad2] ([p=164,l=164,c=8192,r=0],[p=4,l=4,c=512,r=0],true)@END
03:19:45.893 [main] DEBUG org.apache.nifi.minifi.bootstrap.configuration.ingestors.PullHttpChangeIngestor - Listeners notified
03:19:45.893 [qtp961160488-18] DEBUG org.eclipse.jetty.server.HttpOutput - onWriteComplete(true,null) s=CLOSING,api=BLOCKED,sc=false,e=null->s=CLOSED,api=BLOCKING,sc=false,e=null c=null cb=null w=false
03:19:45.893 [qtp961160488-18] DEBUG org.eclipse.jetty.server.HttpOutput - close() s=CLOSED,api=BLOCKING,sc=false,e=null c=null b=null
03:19:45.893 [qtp961160488-18] DEBUG org.eclipse.jetty.server.Server - handled=true async=false committed=true on HttpChannelOverHttp@14f85354{s=HttpChannelState@2a5e8b83{s=HANDLING rs=BLOCKING os=COMPLETED is=IDLE awp=false se=false i=true al=0},r=1,c=false/true,a=HANDLING,uri=//localhost:36749/,age=2}
]]></system-out>
  </testcase>
  <testcase name="testUseEtagWithPath" classname="org.apache.nifi.minifi.bootstrap.configuration.ingestors.PullHttpChangeIngestorTest" time="0.079">
    <system-out><![CDATA[03:19:45.893 [qtp961160488-18] DEBUG org.eclipse.jetty.server.HttpChannelState - unhandle HttpChannelState@2a5e8b83{s=HANDLING rs=BLOCKING os=COMPLETED is=IDLE awp=false se=false i=true al=0}
03:19:45.893 [qtp961160488-18] DEBUG org.eclipse.jetty.server.HttpChannelState - nextAction(false) COMPLETE HttpChannelState@2a5e8b83{s=HANDLING rs=COMPLETING os=COMPLETED is=IDLE awp=false se=false i=false al=0}
03:19:45.893 [qtp961160488-18] DEBUG org.eclipse.jetty.server.HttpChannel - action COMPLETE HttpChannelOverHttp@14f85354{s=HttpChannelState@2a5e8b83{s=HANDLING rs=COMPLETING os=COMPLETED is=IDLE awp=false se=false i=false al=0},r=1,c=false/true,a=HANDLING,uri=//localhost:36749/,age=2}
03:19:45.893 [qtp961160488-18] DEBUG org.eclipse.jetty.server.HttpOutput - complete(org.eclipse.jetty.util.Callback$3@306ff00f) s=CLOSED,api=BLOCKING,sc=false,e=null s=true e=null, c=null
03:19:45.893 [qtp961160488-18] DEBUG org.eclipse.jetty.server.HttpChannelState - completed HttpChannelState@2a5e8b83{s=HANDLING rs=COMPLETING os=COMPLETED is=IDLE awp=false se=false i=false al=0}
03:19:45.893 [qtp961160488-18] DEBUG org.eclipse.jetty.server.HttpChannelState - unhandle HttpChannelState@2a5e8b83{s=HANDLING rs=COMPLETED os=COMPLETED is=IDLE awp=false se=false i=false al=0}
03:19:45.893 [qtp961160488-18] DEBUG org.eclipse.jetty.server.HttpChannelState - nextAction(false) TERMINATED HttpChannelState@2a5e8b83{s=IDLE rs=COMPLETED os=COMPLETED is=IDLE awp=false se=false i=false al=0}
03:19:45.893 [qtp961160488-18] DEBUG org.eclipse.jetty.server.HttpChannel - action TERMINATED HttpChannelOverHttp@14f85354{s=HttpChannelState@2a5e8b83{s=IDLE rs=COMPLETED os=COMPLETED is=IDLE awp=false se=false i=false al=0},r=1,c=true/true,a=IDLE,uri=//localhost:36749/,age=2}
03:19:45.893 [qtp961160488-18] DEBUG org.eclipse.jetty.server.HttpChannel - onCompleted for / written=4
03:19:45.894 [qtp961160488-18] DEBUG org.eclipse.jetty.io.ChannelEndPoint - filled 0 HeapByteBuffer@59198ba9[p=0,l=0,c=8192,r=0]={<<<>>>HTTP/1.1 ...\x00\x00\x00\x00\x00\x00\x00}
03:19:45.894 [qtp961160488-18] DEBUG org.eclipse.jetty.io.ChannelEndPoint - filled 0 HeapByteBuffer@59198ba9[p=0,l=0,c=8192,r=0]={<<<>>>HTTP/1.1 ...\x00\x00\x00\x00\x00\x00\x00}
03:19:45.894 [qtp961160488-18] DEBUG org.eclipse.jetty.server.HttpConnection - HttpConnection@6ef8d980::SocketChannelEndPoint@39491387{l=/127.0.0.1:36749,r=/127.0.0.1:35076,OPEN,fill=-,flush=-,to=1/3000}{io=0/0,kio=0,kro=1}->HttpConnection@6ef8d980[p=HttpParser{s=CONTENT,0 of -1},g=HttpGenerator@49e8a8af{s=END}]=>HttpChannelOverHttp@14f85354{s=HttpChannelState@2a5e8b83{s=IDLE rs=COMPLETED os=COMPLETED is=IDLE awp=false se=false i=false al=0},r=1,c=true/true,a=IDLE,uri=//localhost:36749/,age=3} filled 0 HeapByteBuffer@59198ba9[p=0,l=0,c=8192,r=0]={<<<>>>HTTP/1.1 ...\x00\x00\x00\x00\x00\x00\x00}
03:19:45.894 [qtp961160488-18] DEBUG org.eclipse.jetty.server.HttpConnection - HttpConnection@6ef8d980::SocketChannelEndPoint@39491387{l=/127.0.0.1:36749,r=/127.0.0.1:35076,OPEN,fill=-,flush=-,to=1/3000}{io=0/0,kio=0,kro=1}->HttpConnection@6ef8d980[p=HttpParser{s=CONTENT,0 of -1},g=HttpGenerator@49e8a8af{s=END}]=>HttpChannelOverHttp@14f85354{s=HttpChannelState@2a5e8b83{s=IDLE rs=COMPLETED os=COMPLETED is=IDLE awp=false se=false i=false al=0},r=1,c=true/true,a=IDLE,uri=//localhost:36749/,age=3} parse HeapByteBuffer@59198ba9[p=0,l=0,c=8192,r=0]={<<<>>>HTTP/1.1 ...\x00\x00\x00\x00\x00\x00\x00} {}
03:19:45.894 [qtp961160488-18] DEBUG org.eclipse.jetty.http.HttpParser - parseNext s=CONTENT HeapByteBuffer@59198ba9[p=0,l=0,c=8192,r=0]={<<<>>>HTTP/1.1 ...\x00\x00\x00\x00\x00\x00\x00}
03:19:45.894 [qtp961160488-18] DEBUG org.eclipse.jetty.http.HttpParser - CONTENT --> CONTENT_END
03:19:45.894 [qtp961160488-18] DEBUG org.eclipse.jetty.server.HttpChannel - onContentComplete HttpChannelOverHttp@14f85354{s=HttpChannelState@2a5e8b83{s=IDLE rs=COMPLETED os=COMPLETED is=IDLE awp=false se=false i=false al=0},r=1,c=true/true,a=IDLE,uri=//localhost:36749/,age=3}
03:19:45.894 [qtp961160488-18] DEBUG org.eclipse.jetty.http.HttpParser - CONTENT_END --> END
03:19:45.894 [qtp961160488-18] DEBUG org.eclipse.jetty.server.HttpChannel - onRequestComplete HttpChannelOverHttp@14f85354{s=HttpChannelState@2a5e8b83{s=IDLE rs=COMPLETED os=COMPLETED is=IDLE awp=false se=false i=false al=0},r=1,c=true/true,a=IDLE,uri=//localhost:36749/,age=3}
03:19:45.894 [main] DEBUG org.apache.nifi.minifi.bootstrap.configuration.ingestors.PullHttpChangeIngestor - Attempting to pull new config
03:19:45.894 [qtp961160488-18] DEBUG org.eclipse.jetty.server.HttpInput - HttpInputOverHTTP@66112955[c=0,q=0,[0]=null,s=STREAM] addContent EOF
03:19:45.895 [qtp961160488-18] DEBUG org.eclipse.jetty.server.HttpConnection - HttpConnection@6ef8d980::SocketChannelEndPoint@39491387{l=/127.0.0.1:36749,r=/127.0.0.1:35076,OPEN,fill=-,flush=-,to=1/3000}{io=0/0,kio=0,kro=1}->HttpConnection@6ef8d980[p=HttpParser{s=END,0 of -1},g=HttpGenerator@49e8a8af{s=END}]=>HttpChannelOverHttp@14f85354{s=HttpChannelState@2a5e8b83{s=IDLE rs=COMPLETED os=COMPLETED is=IDLE awp=false se=false i=false al=0},r=1,c=true/true,a=IDLE,uri=//localhost:36749/,age=3} parsed false HttpParser{s=END,0 of -1}
03:19:45.895 [qtp961160488-18] DEBUG org.eclipse.jetty.server.HttpConnection - releaseRequestBuffer HttpConnection@6ef8d980::SocketChannelEndPoint@39491387{l=/127.0.0.1:36749,r=/127.0.0.1:35076,OPEN,fill=-,flush=-,to=2/3000}{io=0/0,kio=0,kro=1}->HttpConnection@6ef8d980[p=HttpParser{s=END,0 of -1},g=HttpGenerator@49e8a8af{s=END}]=>HttpChannelOverHttp@14f85354{s=HttpChannelState@2a5e8b83{s=IDLE rs=COMPLETED os=COMPLETED is=IDLE awp=false se=false i=false al=0},r=1,c=true/true,a=IDLE,uri=//localhost:36749/,age=4}
03:19:45.895 [qtp961160488-18] DEBUG org.eclipse.jetty.server.HttpChannelState - recycle HttpChannelState@2a5e8b83{s=IDLE rs=COMPLETED os=COMPLETED is=IDLE awp=false se=false i=false al=0}
03:19:45.895 [qtp961160488-18] DEBUG org.eclipse.jetty.http.HttpParser - reset HttpParser{s=END,0 of -1}
03:19:45.895 [qtp961160488-18] DEBUG org.eclipse.jetty.http.HttpParser - END --> START
03:19:45.895 [qtp961160488-18] DEBUG org.eclipse.jetty.server.HttpChannel - !handle TERMINATED HttpChannelOverHttp@14f85354{s=HttpChannelState@2a5e8b83{s=IDLE rs=BLOCKING os=OPEN is=IDLE awp=false se=false i=true al=0},r=1,c=false/false,a=IDLE,uri=null,age=0}
03:19:45.895 [qtp961160488-18] DEBUG org.eclipse.jetty.io.ChannelEndPoint - filled 0 HeapByteBuffer@59198ba9[p=0,l=0,c=8192,r=0]={<<<>>>HTTP/1.1 ...\x00\x00\x00\x00\x00\x00\x00}
03:19:45.895 [qtp961160488-19-acceptor-0@1e1a0406-ServerConnector@446293d{HTTP/1.1, (http/1.1)}{localhost:36749}] DEBUG org.eclipse.jetty.io.ManagedSelector - Queued change lazy=false Accept@708b96f4[java.nio.channels.SocketChannel[connected local=/127.0.0.1:36749 remote=/127.0.0.1:35078]] on ManagedSelector@194bcebf{STARTED} id=0 keys=0 selected=0 updates=0
03:19:45.895 [qtp961160488-18] DEBUG org.eclipse.jetty.io.ChannelEndPoint - filled 0 HeapByteBuffer@59198ba9[p=0,l=0,c=8192,r=0]={<<<>>>HTTP/1.1 ...\x00\x00\x00\x00\x00\x00\x00}
03:19:45.895 [qtp961160488-19-acceptor-0@1e1a0406-ServerConnector@446293d{HTTP/1.1, (http/1.1)}{localhost:36749}] DEBUG org.eclipse.jetty.io.ManagedSelector - Wakeup on submit ManagedSelector@194bcebf{STARTED} id=0 keys=0 selected=0 updates=1
03:19:45.895 [qtp961160488-15] DEBUG org.eclipse.jetty.io.ManagedSelector - Selector sun.nio.ch.EPollSelectorImpl@2a74277d woken with none selected
03:19:45.895 [qtp961160488-15] DEBUG org.eclipse.jetty.io.ManagedSelector - Selector sun.nio.ch.EPollSelectorImpl@2a74277d woken up from select, 0/0/0 selected
03:19:45.895 [qtp961160488-15] DEBUG org.eclipse.jetty.io.ManagedSelector - Selector sun.nio.ch.EPollSelectorImpl@2a74277d processing 0 keys, 1 updates
03:19:45.895 [qtp961160488-15] DEBUG org.eclipse.jetty.io.ManagedSelector - updateable 1
03:19:45.895 [qtp961160488-18] DEBUG org.eclipse.jetty.server.HttpConnection - HttpConnection@6ef8d980::SocketChannelEndPoint@39491387{l=/127.0.0.1:36749,r=/127.0.0.1:35076,OPEN,fill=-,flush=-,to=2/3000}{io=0/0,kio=0,kro=1}->HttpConnection@6ef8d980[p=HttpParser{s=START,0 of -1},g=HttpGenerator@49e8a8af{s=START}]=>HttpChannelOverHttp@14f85354{s=HttpChannelState@2a5e8b83{s=IDLE rs=BLOCKING os=OPEN is=IDLE awp=false se=false i=true al=0},r=1,c=false/false,a=IDLE,uri=null,age=0} filled 0 HeapByteBuffer@59198ba9[p=0,l=0,c=8192,r=0]={<<<>>>HTTP/1.1 ...\x00\x00\x00\x00\x00\x00\x00}
03:19:45.895 [qtp961160488-15] DEBUG org.eclipse.jetty.io.ManagedSelector - update Accept@708b96f4[java.nio.channels.SocketChannel[connected local=/127.0.0.1:36749 remote=/127.0.0.1:35078]]
03:19:45.895 [qtp961160488-15] DEBUG org.eclipse.jetty.util.thread.QueuedThreadPool - queue Accept@708b96f4[java.nio.channels.SocketChannel[connected local=/127.0.0.1:36749 remote=/127.0.0.1:35078]] startThread=0
03:19:45.895 [qtp961160488-15] DEBUG org.eclipse.jetty.io.ManagedSelector - updates 0
03:19:45.895 [qtp961160488-15] DEBUG org.eclipse.jetty.io.ManagedSelector - Selector sun.nio.ch.EPollSelectorImpl@2a74277d waiting with 1 keys
03:19:45.896 [qtp961160488-20] DEBUG org.eclipse.jetty.util.thread.QueuedThreadPool - run Accept@708b96f4[java.nio.channels.SocketChannel[connected local=/127.0.0.1:36749 remote=/127.0.0.1:35078]] in QueuedThreadPool[qtp961160488]@394a2528{STARTED,8<=8<=200,i=0,r=-1,q=0}[ReservedThreadExecutor@383bfa16{reserved=1/8,pending=0}]
03:19:45.896 [qtp961160488-18] DEBUG org.eclipse.jetty.server.HttpConnection - HttpConnection@6ef8d980::SocketChannelEndPoint@39491387{l=/127.0.0.1:36749,r=/127.0.0.1:35076,OPEN,fill=-,flush=-,to=2/3000}{io=0/0,kio=0,kro=1}->HttpConnection@6ef8d980[p=HttpParser{s=START,0 of -1},g=HttpGenerator@49e8a8af{s=START}]=>HttpChannelOverHttp@14f85354{s=HttpChannelState@2a5e8b83{s=IDLE rs=BLOCKING os=OPEN is=IDLE awp=false se=false i=true al=0},r=1,c=false/false,a=IDLE,uri=null,age=0} parse HeapByteBuffer@59198ba9[p=0,l=0,c=8192,r=0]={<<<>>>HTTP/1.1 ...\x00\x00\x00\x00\x00\x00\x00} {}
03:19:45.896 [qtp961160488-18] DEBUG org.eclipse.jetty.http.HttpParser - parseNext s=START HeapByteBuffer@59198ba9[p=0,l=0,c=8192,r=0]={<<<>>>HTTP/1.1 ...\x00\x00\x00\x00\x00\x00\x00}
03:19:45.896 [qtp961160488-20] DEBUG org.eclipse.jetty.io.IdleTimeout - SocketChannelEndPoint@41dde189{l=/127.0.0.1:36749,r=/127.0.0.1:35078,OPEN,fill=-,flush=-,to=0/3000}{io=0/0,kio=0,kro=0}-><null> idle timeout check, elapsed: 0 ms, remaining: 3000 ms
03:19:45.896 [qtp961160488-18] DEBUG org.eclipse.jetty.server.HttpConnection - HttpConnection@6ef8d980::SocketChannelEndPoint@39491387{l=/127.0.0.1:36749,r=/127.0.0.1:35076,OPEN,fill=-,flush=-,to=3/3000}{io=0/0,kio=0,kro=1}->HttpConnection@6ef8d980[p=HttpParser{s=START,0 of -1},g=HttpGenerator@49e8a8af{s=START}]=>HttpChannelOverHttp@14f85354{s=HttpChannelState@2a5e8b83{s=IDLE rs=BLOCKING os=OPEN is=IDLE awp=false se=false i=true al=0},r=1,c=false/false,a=IDLE,uri=null,age=0} parsed false HttpParser{s=START,0 of -1}
03:19:45.896 [qtp961160488-20] DEBUG org.eclipse.jetty.server.HttpChannel - new HttpChannelOverHttp@4dfc94cd{s=HttpChannelState@7b7a0dc0{s=IDLE rs=BLOCKING os=OPEN is=IDLE awp=false se=false i=true al=0},r=0,c=false/false,a=IDLE,uri=null,age=0} -> SocketChannelEndPoint@41dde189{l=/127.0.0.1:36749,r=/127.0.0.1:35078,OPEN,fill=-,flush=-,to=0/3000}{io=0/0,kio=0,kro=0}-><null>,null,HttpChannelState@7b7a0dc0{s=IDLE rs=BLOCKING os=OPEN is=IDLE awp=false se=false i=true al=0}
03:19:45.896 [qtp961160488-20] DEBUG org.eclipse.jetty.server.HttpConnection - New HTTP Connection HttpConnection@2d27435::SocketChannelEndPoint@41dde189{l=/127.0.0.1:36749,r=/127.0.0.1:35078,OPEN,fill=-,flush=-,to=0/3000}{io=0/0,kio=0,kro=0}-><null>
03:19:45.896 [qtp961160488-18] DEBUG org.eclipse.jetty.server.HttpConnection - releaseRequestBuffer HttpConnection@6ef8d980::SocketChannelEndPoint@39491387{l=/127.0.0.1:36749,r=/127.0.0.1:35076,OPEN,fill=-,flush=-,to=3/3000}{io=0/0,kio=0,kro=1}->HttpConnection@6ef8d980[p=HttpParser{s=START,0 of -1},g=HttpGenerator@49e8a8af{s=START}]=>HttpChannelOverHttp@14f85354{s=HttpChannelState@2a5e8b83{s=IDLE rs=BLOCKING os=OPEN is=IDLE awp=false se=false i=true al=0},r=1,c=false/false,a=IDLE,uri=null,age=0}
03:19:45.896 [qtp961160488-20] DEBUG org.eclipse.jetty.io.ManagedSelector - Queued change lazy=true org.eclipse.jetty.io.ManagedSelector$$Lambda$258/445561681@2cad1c4f on ManagedSelector@194bcebf{STARTED} id=0 keys=1 selected=0 updates=0
03:19:45.896 [qtp961160488-18] DEBUG org.eclipse.jetty.io.AbstractConnection - fillInterested HttpConnection@6ef8d980::SocketChannelEndPoint@39491387{l=/127.0.0.1:36749,r=/127.0.0.1:35076,OPEN,fill=-,flush=-,to=3/3000}{io=0/0,kio=0,kro=1}->HttpConnection@6ef8d980[p=HttpParser{s=START,0 of -1},g=HttpGenerator@49e8a8af{s=START}]=>HttpChannelOverHttp@14f85354{s=HttpChannelState@2a5e8b83{s=IDLE rs=BLOCKING os=OPEN is=IDLE awp=false se=false i=true al=0},r=1,c=false/false,a=IDLE,uri=null,age=0}
03:19:45.896 [qtp961160488-20] DEBUG org.eclipse.jetty.io.AbstractEndPoint - onOpen SocketChannelEndPoint@41dde189{l=/127.0.0.1:36749,r=/127.0.0.1:35078,OPEN,fill=-,flush=-,to=0/3000}{io=0/0,kio=0,kro=0}->HttpConnection@2d27435[p=HttpParser{s=START,0 of -1},g=HttpGenerator@5debfeb{s=START}]=>HttpChannelOverHttp@4dfc94cd{s=HttpChannelState@7b7a0dc0{s=IDLE rs=BLOCKING os=OPEN is=IDLE awp=false se=false i=true al=0},r=0,c=false/false,a=IDLE,uri=null,age=0}
03:19:45.896 [qtp961160488-18] DEBUG org.eclipse.jetty.io.FillInterest - interested FillInterest@17b42082{AC.ReadCB@6ef8d980{HttpConnection@6ef8d980::SocketChannelEndPoint@39491387{l=/127.0.0.1:36749,r=/127.0.0.1:35076,OPEN,fill=FI,flush=-,to=0/3000}{io=0/0,kio=0,kro=1}->HttpConnection@6ef8d980[p=HttpParser{s=START,0 of -1},g=HttpGenerator@49e8a8af{s=START}]=>HttpChannelOverHttp@14f85354{s=HttpChannelState@2a5e8b83{s=IDLE rs=BLOCKING os=OPEN is=IDLE awp=false se=false i=true al=0},r=1,c=false/false,a=IDLE,uri=null,age=0}}}
03:19:45.896 [qtp961160488-20] DEBUG org.eclipse.jetty.io.AbstractConnection - onOpen HttpConnection@2d27435::SocketChannelEndPoint@41dde189{l=/127.0.0.1:36749,r=/127.0.0.1:35078,OPEN,fill=-,flush=-,to=0/3000}{io=0/0,kio=0,kro=0}->HttpConnection@2d27435[p=HttpParser{s=START,0 of -1},g=HttpGenerator@5debfeb{s=START}]=>HttpChannelOverHttp@4dfc94cd{s=HttpChannelState@7b7a0dc0{s=IDLE rs=BLOCKING os=OPEN is=IDLE awp=false se=false i=true al=0},r=0,c=false/false,a=IDLE,uri=null,age=0}
03:19:45.897 [qtp961160488-18] DEBUG org.eclipse.jetty.io.ChannelEndPoint - changeInterests p=false 0->1 for SocketChannelEndPoint@39491387{l=/127.0.0.1:36749,r=/127.0.0.1:35076,OPEN,fill=FI,flush=-,to=0/3000}{io=0/1,kio=0,kro=1}->HttpConnection@6ef8d980[p=HttpParser{s=START,0 of -1},g=HttpGenerator@49e8a8af{s=START}]=>HttpChannelOverHttp@14f85354{s=HttpChannelState@2a5e8b83{s=IDLE rs=BLOCKING os=OPEN is=IDLE awp=false se=false i=true al=0},r=1,c=false/false,a=IDLE,uri=null,age=0}
03:19:45.897 [qtp961160488-20] DEBUG org.eclipse.jetty.io.AbstractConnection - fillInterested HttpConnection@2d27435::SocketChannelEndPoint@41dde189{l=/127.0.0.1:36749,r=/127.0.0.1:35078,OPEN,fill=-,flush=-,to=0/3000}{io=0/0,kio=0,kro=0}->HttpConnection@2d27435[p=HttpParser{s=START,0 of -1},g=HttpGenerator@5debfeb{s=START}]=>HttpChannelOverHttp@4dfc94cd{s=HttpChannelState@7b7a0dc0{s=IDLE rs=BLOCKING os=OPEN is=IDLE awp=false se=false i=true al=0},r=0,c=false/false,a=IDLE,uri=null,age=0}
03:19:45.897 [qtp961160488-18] DEBUG org.eclipse.jetty.io.ManagedSelector - Queued change lazy=false org.eclipse.jetty.io.ChannelEndPoint$$Lambda$255/90666987@3f28df2d on ManagedSelector@1de5f259{STARTED} id=3 keys=1 selected=0 updates=0
03:19:45.897 [qtp961160488-18] DEBUG org.eclipse.jetty.io.ManagedSelector - Wakeup on submit ManagedSelector@1de5f259{STARTED} id=3 keys=1 selected=0 updates=1
03:19:45.897 [qtp961160488-20] DEBUG org.eclipse.jetty.io.FillInterest - interested FillInterest@2ee1a69d{AC.ReadCB@2d27435{HttpConnection@2d27435::SocketChannelEndPoint@41dde189{l=/127.0.0.1:36749,r=/127.0.0.1:35078,OPEN,fill=FI,flush=-,to=0/3000}{io=0/0,kio=0,kro=0}->HttpConnection@2d27435[p=HttpParser{s=START,0 of -1},g=HttpGenerator@5debfeb{s=START}]=>HttpChannelOverHttp@4dfc94cd{s=HttpChannelState@7b7a0dc0{s=IDLE rs=BLOCKING os=OPEN is=IDLE awp=false se=false i=true al=0},r=0,c=false/false,a=IDLE,uri=null,age=0}}}
03:19:45.897 [qtp961160488-22] DEBUG org.eclipse.jetty.io.ManagedSelector - Selector sun.nio.ch.EPollSelectorImpl@44394951 woken with none selected
03:19:45.897 [qtp961160488-22] DEBUG org.eclipse.jetty.io.ManagedSelector - Selector sun.nio.ch.EPollSelectorImpl@44394951 woken up from select, 0/0/1 selected
03:19:45.897 [qtp961160488-22] DEBUG org.eclipse.jetty.io.ManagedSelector - Selector sun.nio.ch.EPollSelectorImpl@44394951 processing 0 keys, 1 updates
03:19:45.897 [qtp961160488-22] DEBUG org.eclipse.jetty.io.ManagedSelector - updateable 1
03:19:45.897 [qtp961160488-22] DEBUG org.eclipse.jetty.io.ManagedSelector - update org.eclipse.jetty.io.ChannelEndPoint$$Lambda$255/90666987@3f28df2d
03:19:45.897 [qtp961160488-20] DEBUG org.eclipse.jetty.io.ChannelEndPoint - changeInterests p=false 0->1 for SocketChannelEndPoint@41dde189{l=/127.0.0.1:36749,r=/127.0.0.1:35078,OPEN,fill=FI,flush=-,to=0/3000}{io=0/1,kio=0,kro=0}->HttpConnection@2d27435[p=HttpParser{s=START,0 of -1},g=HttpGenerator@5debfeb{s=START}]=>HttpChannelOverHttp@4dfc94cd{s=HttpChannelState@7b7a0dc0{s=IDLE rs=BLOCKING os=OPEN is=IDLE awp=false se=false i=true al=0},r=0,c=false/false,a=IDLE,uri=null,age=0}
03:19:45.897 [qtp961160488-18] DEBUG org.eclipse.jetty.server.HttpConnection - HttpConnection@6ef8d980::SocketChannelEndPoint@39491387{l=/127.0.0.1:36749,r=/127.0.0.1:35076,OPEN,fill=FI,flush=-,to=0/3000}{io=0/1,kio=0,kro=1}->HttpConnection@6ef8d980[p=HttpParser{s=START,0 of -1},g=HttpGenerator@49e8a8af{s=START}]=>HttpChannelOverHttp@14f85354{s=HttpChannelState@2a5e8b83{s=IDLE rs=BLOCKING os=OPEN is=IDLE awp=false se=false i=true al=0},r=1,c=false/false,a=IDLE,uri=null,age=0} onFillable exit HttpChannelState@2a5e8b83{s=IDLE rs=BLOCKING os=OPEN is=IDLE awp=false se=false i=true al=0} null
03:19:45.897 [qtp961160488-20] DEBUG org.eclipse.jetty.io.ManagedSelector - Queued change lazy=false org.eclipse.jetty.io.ChannelEndPoint$$Lambda$255/90666987@3f830ca8 on ManagedSelector@194bcebf{STARTED} id=0 keys=1 selected=0 updates=1
03:19:45.897 [qtp961160488-18] DEBUG org.eclipse.jetty.util.thread.QueuedThreadPool - ran org.eclipse.jetty.io.ManagedSelector$$Lambda$253/838473569@21282ed8 in QueuedThreadPool[qtp961160488]@394a2528{STARTED,8<=8<=200,i=0,r=-1,q=0}[ReservedThreadExecutor@383bfa16{reserved=1/8,pending=0}]
03:19:45.897 [qtp961160488-22] DEBUG org.eclipse.jetty.io.ChannelEndPoint - Key interests updated 0 -> 1 on SocketChannelEndPoint@39491387{l=/127.0.0.1:36749,r=/127.0.0.1:35076,OPEN,fill=FI,flush=-,to=0/3000}{io=1/1,kio=1,kro=1}->HttpConnection@6ef8d980[p=HttpParser{s=START,0 of -1},g=HttpGenerator@49e8a8af{s=START}]=>HttpChannelOverHttp@14f85354{s=HttpChannelState@2a5e8b83{s=IDLE rs=BLOCKING os=OPEN is=IDLE awp=false se=false i=true al=0},r=1,c=false/false,a=IDLE,uri=null,age=0}
03:19:45.897 [qtp961160488-20] DEBUG org.eclipse.jetty.io.ManagedSelector - Wakeup on submit ManagedSelector@194bcebf{STARTED} id=0 keys=1 selected=0 updates=2
03:19:45.897 [qtp961160488-22] DEBUG org.eclipse.jetty.io.ManagedSelector - updates 0
03:19:45.897 [qtp961160488-22] DEBUG org.eclipse.jetty.io.ManagedSelector - Selector sun.nio.ch.EPollSelectorImpl@44394951 waiting with 1 keys
03:19:45.897 [qtp961160488-15] DEBUG org.eclipse.jetty.io.ManagedSelector - Selector sun.nio.ch.EPollSelectorImpl@2a74277d woken with none selected
03:19:45.897 [qtp961160488-15] DEBUG org.eclipse.jetty.io.ManagedSelector - Selector sun.nio.ch.EPollSelectorImpl@2a74277d woken up from select, 0/0/1 selected
03:19:45.897 [qtp961160488-15] DEBUG org.eclipse.jetty.io.ManagedSelector - Selector sun.nio.ch.EPollSelectorImpl@2a74277d processing 0 keys, 2 updates
03:19:45.897 [qtp961160488-15] DEBUG org.eclipse.jetty.io.ManagedSelector - updateable 2
03:19:45.897 [qtp961160488-20] DEBUG org.eclipse.jetty.io.ManagedSelector - Created SocketChannelEndPoint@41dde189{l=/127.0.0.1:36749,r=/127.0.0.1:35078,OPEN,fill=FI,flush=-,to=0/3000}{io=0/1,kio=0,kro=0}->HttpConnection@2d27435[p=HttpParser{s=START,0 of -1},g=HttpGenerator@5debfeb{s=START}]=>HttpChannelOverHttp@4dfc94cd{s=HttpChannelState@7b7a0dc0{s=IDLE rs=BLOCKING os=OPEN is=IDLE awp=false se=false i=true al=0},r=0,c=false/false,a=IDLE,uri=null,age=0}
03:19:45.897 [qtp961160488-15] DEBUG org.eclipse.jetty.io.ManagedSelector - update org.eclipse.jetty.io.ManagedSelector$$Lambda$258/445561681@2cad1c4f
03:19:45.897 [qtp961160488-15] DEBUG org.eclipse.jetty.io.ManagedSelector - update org.eclipse.jetty.io.ChannelEndPoint$$Lambda$255/90666987@3f830ca8
03:19:45.897 [qtp961160488-20] DEBUG org.eclipse.jetty.util.thread.QueuedThreadPool - ran Accept@708b96f4[java.nio.channels.SocketChannel[connected local=/127.0.0.1:36749 remote=/127.0.0.1:35078]] in QueuedThreadPool[qtp961160488]@394a2528{STARTED,8<=8<=200,i=1,r=-1,q=0}[ReservedThreadExecutor@383bfa16{reserved=1/8,pending=0}]
03:19:45.897 [qtp961160488-15] DEBUG org.eclipse.jetty.io.ChannelEndPoint - Key interests updated 0 -> 1 on SocketChannelEndPoint@41dde189{l=/127.0.0.1:36749,r=/127.0.0.1:35078,OPEN,fill=FI,flush=-,to=0/3000}{io=1/1,kio=1,kro=0}->HttpConnection@2d27435[p=HttpParser{s=START,0 of -1},g=HttpGenerator@5debfeb{s=START}]=>HttpChannelOverHttp@4dfc94cd{s=HttpChannelState@7b7a0dc0{s=IDLE rs=BLOCKING os=OPEN is=IDLE awp=false se=false i=true al=0},r=0,c=false/false,a=IDLE,uri=null,age=0}
03:19:45.898 [qtp961160488-15] DEBUG org.eclipse.jetty.io.ManagedSelector - updates 0
03:19:45.898 [qtp961160488-15] DEBUG org.eclipse.jetty.io.ManagedSelector - Selector sun.nio.ch.EPollSelectorImpl@2a74277d waiting with 1 keys
03:19:45.898 [qtp961160488-15] DEBUG org.eclipse.jetty.io.ManagedSelector - Selector sun.nio.ch.EPollSelectorImpl@2a74277d woken up from select, 1/1/1 selected
03:19:45.898 [qtp961160488-15] DEBUG org.eclipse.jetty.io.ManagedSelector - Selector sun.nio.ch.EPollSelectorImpl@2a74277d processing 1 keys, 0 updates
03:19:45.898 [qtp961160488-15] DEBUG org.eclipse.jetty.io.ManagedSelector - selected 1 sun.nio.ch.SelectionKeyImpl@1536a3cb SocketChannelEndPoint@41dde189{l=/127.0.0.1:36749,r=/127.0.0.1:35078,OPEN,fill=FI,flush=-,to=1/3000}{io=1/1,kio=1,kro=1}->HttpConnection@2d27435[p=HttpParser{s=START,0 of -1},g=HttpGenerator@5debfeb{s=START}]=>HttpChannelOverHttp@4dfc94cd{s=HttpChannelState@7b7a0dc0{s=IDLE rs=BLOCKING os=OPEN is=IDLE awp=false se=false i=true al=0},r=0,c=false/false,a=IDLE,uri=null,age=0} 
03:19:45.898 [qtp961160488-15] DEBUG org.eclipse.jetty.io.ChannelEndPoint - onSelected 1->0 r=true w=false for SocketChannelEndPoint@41dde189{l=/127.0.0.1:36749,r=/127.0.0.1:35078,OPEN,fill=FI,flush=-,to=1/3000}{io=1/0,kio=1,kro=1}->HttpConnection@2d27435[p=HttpParser{s=START,0 of -1},g=HttpGenerator@5debfeb{s=START}]=>HttpChannelOverHttp@4dfc94cd{s=HttpChannelState@7b7a0dc0{s=IDLE rs=BLOCKING os=OPEN is=IDLE awp=false se=false i=true al=0},r=0,c=false/false,a=IDLE,uri=null,age=0}
03:19:45.898 [qtp961160488-15] DEBUG org.eclipse.jetty.io.ChannelEndPoint - task CEP:SocketChannelEndPoint@41dde189{l=/127.0.0.1:36749,r=/127.0.0.1:35078,OPEN,fill=FI,flush=-,to=1/3000}{io=1/0,kio=1,kro=1}->HttpConnection@2d27435[p=HttpParser{s=START,0 of -1},g=HttpGenerator@5debfeb{s=START}]=>HttpChannelOverHttp@4dfc94cd{s=HttpChannelState@7b7a0dc0{s=IDLE rs=BLOCKING os=OPEN is=IDLE awp=false se=false i=true al=0},r=0,c=false/false,a=IDLE,uri=null,age=0}:runFillable:BLOCKING
03:19:45.898 [qtp961160488-15] DEBUG org.eclipse.jetty.util.thread.ReservedThreadExecutor - ReservedThreadExecutor@383bfa16{reserved=1/8,pending=0} tryExecute EatWhatYouKill@25fb8912/SelectorProducer@d5b810e/PRODUCING/p=false/QueuedThreadPool[qtp961160488]@394a2528{STARTED,8<=8<=200,i=2,r=-1,q=0}[ReservedThreadExecutor@383bfa16{reserved=1/8,pending=0}][pc=0,pic=0,pec=0,epc=0]@2024-05-02T03:19:45.898+01:00
03:19:45.898 [qtp961160488-15] DEBUG org.eclipse.jetty.util.thread.ReservedThreadExecutor - ReservedThreadExecutor@383bfa16{reserved=0/8,pending=1} startReservedThread p=1
03:19:45.898 [qtp961160488-15] DEBUG org.eclipse.jetty.util.thread.QueuedThreadPool - queue ReservedThread@4c1ab60c{PENDING,thread=null} startThread=0
03:19:45.898 [qtp961160488-18] DEBUG org.eclipse.jetty.util.thread.QueuedThreadPool - run ReservedThread@4c1ab60c{PENDING,thread=null} in QueuedThreadPool[qtp961160488]@394a2528{STARTED,8<=8<=200,i=1,r=-1,q=0}[ReservedThreadExecutor@383bfa16{reserved=0/8,pending=1}]
03:19:45.899 [qtp961160488-18] DEBUG org.eclipse.jetty.util.thread.ReservedThreadExecutor - ReservedThread@4c1ab60c{PENDING,thread=Thread[qtp961160488-18,5,main]} was=PENDING next=RESERVED size=0+1 capacity=8
03:19:45.899 [qtp961160488-17] DEBUG org.eclipse.jetty.util.thread.ReservedThreadExecutor - ReservedThread@4ec12221{RESERVED,thread=Thread[qtp961160488-17,5,main]} task=EatWhatYouKill@25fb8912/SelectorProducer@d5b810e/IDLE/p=true/QueuedThreadPool[qtp961160488]@394a2528{STARTED,8<=8<=200,i=1,r=-1,q=0}[ReservedThreadExecutor@383bfa16{reserved=0/8,pending=1}][pc=0,pic=0,pec=0,epc=0]@2024-05-02T03:19:45.899+01:00 ReservedThreadExecutor@383bfa16{reserved=1/8,pending=0}
03:19:45.899 [qtp961160488-18] DEBUG org.eclipse.jetty.util.thread.ReservedThreadExecutor - ReservedThread@4c1ab60c{RESERVED,thread=Thread[qtp961160488-18,5,main]} waiting ReservedThreadExecutor@383bfa16{reserved=1/8,pending=0}
03:19:45.899 [qtp961160488-15] DEBUG org.eclipse.jetty.util.thread.strategy.EatWhatYouKill - EatWhatYouKill@25fb8912/SelectorProducer@d5b810e/IDLE/p=true/QueuedThreadPool[qtp961160488]@394a2528{STARTED,8<=8<=200,i=1,r=-1,q=0}[ReservedThreadExecutor@383bfa16{reserved=1/8,pending=0}][pc=0,pic=0,pec=0,epc=0]@2024-05-02T03:19:45.899+01:00 m=EXECUTE_PRODUCE_CONSUME t=CEP:SocketChannelEndPoint@41dde189{l=/127.0.0.1:36749,r=/127.0.0.1:35078,OPEN,fill=FI,flush=-,to=2/3000}{io=1/0,kio=1,kro=1}->HttpConnection@2d27435[p=HttpParser{s=START,0 of -1},g=HttpGenerator@5debfeb{s=START}]=>HttpChannelOverHttp@4dfc94cd{s=HttpChannelState@7b7a0dc0{s=IDLE rs=BLOCKING os=OPEN is=IDLE awp=false se=false i=true al=0},r=0,c=false/false,a=IDLE,uri=null,age=0}:runFillable:BLOCKING/BLOCKING
03:19:45.899 [qtp961160488-17] DEBUG org.eclipse.jetty.util.thread.strategy.EatWhatYouKill - EatWhatYouKill@25fb8912/SelectorProducer@d5b810e/IDLE/p=true/QueuedThreadPool[qtp961160488]@394a2528{STARTED,8<=8<=200,i=1,r=-1,q=0}[ReservedThreadExecutor@383bfa16{reserved=1/8,pending=0}][pc=0,pic=0,pec=0,epc=0]@2024-05-02T03:19:45.899+01:00 tryProduce true
03:19:45.899 [qtp961160488-17] DEBUG org.eclipse.jetty.io.ManagedSelector - updateable 0
03:19:45.899 [qtp961160488-17] DEBUG org.eclipse.jetty.io.ManagedSelector - updates 0
03:19:45.899 [qtp961160488-15] DEBUG org.eclipse.jetty.io.FillInterest - fillable FillInterest@2ee1a69d{AC.ReadCB@2d27435{HttpConnection@2d27435::SocketChannelEndPoint@41dde189{l=/127.0.0.1:36749,r=/127.0.0.1:35078,OPEN,fill=FI,flush=-,to=2/3000}{io=1/0,kio=1,kro=1}->HttpConnection@2d27435[p=HttpParser{s=START,0 of -1},g=HttpGenerator@5debfeb{s=START}]=>HttpChannelOverHttp@4dfc94cd{s=HttpChannelState@7b7a0dc0{s=IDLE rs=BLOCKING os=OPEN is=IDLE awp=false se=false i=true al=0},r=0,c=false/false,a=IDLE,uri=null,age=0}}}
03:19:45.899 [qtp961160488-17] DEBUG org.eclipse.jetty.io.ChannelEndPoint - Key interests updated 1 -> 0 on SocketChannelEndPoint@41dde189{l=/127.0.0.1:36749,r=/127.0.0.1:35078,OPEN,fill=FI,flush=-,to=2/3000}{io=0/0,kio=0,kro=1}->HttpConnection@2d27435[p=HttpParser{s=START,0 of -1},g=HttpGenerator@5debfeb{s=START}]=>HttpChannelOverHttp@4dfc94cd{s=HttpChannelState@7b7a0dc0{s=IDLE rs=BLOCKING os=OPEN is=IDLE awp=false se=false i=true al=0},r=0,c=false/false,a=IDLE,uri=null,age=0}
03:19:45.899 [qtp961160488-17] DEBUG org.eclipse.jetty.io.ManagedSelector - Selector sun.nio.ch.EPollSelectorImpl@2a74277d waiting with 1 keys
03:19:45.899 [qtp961160488-15] DEBUG org.eclipse.jetty.server.HttpConnection - HttpConnection@2d27435::SocketChannelEndPoint@41dde189{l=/127.0.0.1:36749,r=/127.0.0.1:35078,OPEN,fill=-,flush=-,to=2/3000}{io=0/0,kio=0,kro=1}->HttpConnection@2d27435[p=HttpParser{s=START,0 of -1},g=HttpGenerator@5debfeb{s=START}]=>HttpChannelOverHttp@4dfc94cd{s=HttpChannelState@7b7a0dc0{s=IDLE rs=BLOCKING os=OPEN is=IDLE awp=false se=false i=true al=0},r=0,c=false/false,a=IDLE,uri=null,age=0} onFillable enter HttpChannelState@7b7a0dc0{s=IDLE rs=BLOCKING os=OPEN is=IDLE awp=false se=false i=true al=0} null
03:19:45.899 [qtp961160488-15] DEBUG org.eclipse.jetty.io.ChannelEndPoint - filled 142 HeapByteBuffer@59198ba9[p=0,l=142,c=8192,r=142]={<<<GET /config.yml HTTP/1.1\r...gent: okhttp/3.12.3\r\n\r\n>>>(9.4.44.v...\x00\x00\x00\x00\x00\x00\x00}
03:19:45.899 [qtp961160488-15] DEBUG org.eclipse.jetty.server.HttpConnection - HttpConnection@2d27435::SocketChannelEndPoint@41dde189{l=/127.0.0.1:36749,r=/127.0.0.1:35078,OPEN,fill=-,flush=-,to=0/3000}{io=0/0,kio=0,kro=1}->HttpConnection@2d27435[p=HttpParser{s=START,0 of -1},g=HttpGenerator@5debfeb{s=START}]=>HttpChannelOverHttp@4dfc94cd{s=HttpChannelState@7b7a0dc0{s=IDLE rs=BLOCKING os=OPEN is=IDLE awp=false se=false i=true al=0},r=0,c=false/false,a=IDLE,uri=null,age=0} filled 142 HeapByteBuffer@59198ba9[p=0,l=142,c=8192,r=142]={<<<GET /config.yml HTTP/1.1\r...gent: okhttp/3.12.3\r\n\r\n>>>(9.4.44.v...\x00\x00\x00\x00\x00\x00\x00}
03:19:45.900 [qtp961160488-15] DEBUG org.eclipse.jetty.server.HttpConnection - HttpConnection@2d27435::SocketChannelEndPoint@41dde189{l=/127.0.0.1:36749,r=/127.0.0.1:35078,OPEN,fill=-,flush=-,to=0/3000}{io=0/0,kio=0,kro=1}->HttpConnection@2d27435[p=HttpParser{s=START,0 of -1},g=HttpGenerator@5debfeb{s=START}]=>HttpChannelOverHttp@4dfc94cd{s=HttpChannelState@7b7a0dc0{s=IDLE rs=BLOCKING os=OPEN is=IDLE awp=false se=false i=true al=0},r=0,c=false/false,a=IDLE,uri=null,age=0} parse HeapByteBuffer@59198ba9[p=0,l=142,c=8192,r=142]={<<<GET /config.yml HTTP/1.1\r...gent: okhttp/3.12.3\r\n\r\n>>>(9.4.44.v...\x00\x00\x00\x00\x00\x00\x00} {}
03:19:45.900 [qtp961160488-15] DEBUG org.eclipse.jetty.http.HttpParser - parseNext s=START HeapByteBuffer@59198ba9[p=0,l=142,c=8192,r=142]={<<<GET /config.yml HTTP/1.1\r...gent: okhttp/3.12.3\r\n\r\n>>>(9.4.44.v...\x00\x00\x00\x00\x00\x00\x00}
03:19:45.900 [qtp961160488-15] DEBUG org.eclipse.jetty.http.HttpParser - START --> SPACE1
03:19:45.900 [qtp961160488-15] DEBUG org.eclipse.jetty.http.HttpParser - SPACE1 --> URI
03:19:45.900 [qtp961160488-15] DEBUG org.eclipse.jetty.http.HttpParser - URI --> SPACE2
03:19:45.900 [qtp961160488-15] DEBUG org.eclipse.jetty.http.HttpParser - SPACE2 --> REQUEST_VERSION
03:19:45.900 [qtp961160488-15] DEBUG org.eclipse.jetty.http.HttpParser - REQUEST_VERSION --> HEADER
03:19:45.900 [qtp961160488-15] DEBUG org.eclipse.jetty.http.HttpParser - HEADER:If-None-Match --> VALUE
03:19:45.900 [qtp961160488-15] DEBUG org.eclipse.jetty.http.HttpParser - HEADER:If-None-Match --> FIELD
03:19:45.900 [qtp961160488-15] DEBUG org.eclipse.jetty.http.HttpParser - HEADER:Host --> VALUE
03:19:45.900 [qtp961160488-15] DEBUG org.eclipse.jetty.http.HttpParser - HEADER:Host --> IN_VALUE
03:19:45.900 [qtp961160488-15] DEBUG org.eclipse.jetty.http.HttpParser - HEADER:Host --> FIELD
03:19:45.900 [qtp961160488-15] DEBUG org.eclipse.jetty.http.HttpParser - HEADER:Connection: keep-alive --> IN_VALUE
03:19:45.900 [qtp961160488-15] DEBUG org.eclipse.jetty.http.HttpParser - HEADER:Connection: keep-alive --> FIELD
03:19:45.900 [qtp961160488-15] DEBUG org.eclipse.jetty.http.HttpParser - HEADER:Accept-Encoding: gzip --> IN_VALUE
03:19:45.900 [qtp961160488-15] DEBUG org.eclipse.jetty.http.HttpParser - HEADER:Accept-Encoding: gzip --> FIELD
03:19:45.900 [qtp961160488-15] DEBUG org.eclipse.jetty.http.HttpParser - HEADER:User-Agent --> VALUE
03:19:45.900 [qtp961160488-15] DEBUG org.eclipse.jetty.http.HttpParser - HEADER:User-Agent --> IN_VALUE
03:19:45.900 [qtp961160488-15] DEBUG org.eclipse.jetty.http.HttpParser - HEADER:User-Agent --> FIELD
03:19:45.900 [qtp961160488-15] DEBUG org.eclipse.jetty.http.HttpParser - HEADER --> CONTENT
03:19:45.900 [qtp961160488-15] DEBUG org.eclipse.jetty.server.HttpChannel - REQUEST for //localhost:36749/config.yml on HttpChannelOverHttp@4dfc94cd{s=HttpChannelState@7b7a0dc0{s=IDLE rs=BLOCKING os=OPEN is=IDLE awp=false se=false i=true al=0},r=1,c=false/false,a=IDLE,uri=//localhost:36749/config.yml,age=0}
GET //localhost:36749/config.yml HTTP/1.1
If-None-Match: 
Host: localhost:36749
Connection: keep-alive
Accept-Encoding: gzip
User-Agent: okhttp/3.12.3


03:19:45.900 [qtp961160488-15] DEBUG org.eclipse.jetty.server.HttpConnection - HttpConnection@2d27435::SocketChannelEndPoint@41dde189{l=/127.0.0.1:36749,r=/127.0.0.1:35078,OPEN,fill=-,flush=-,to=0/3000}{io=0/0,kio=0,kro=1}->HttpConnection@2d27435[p=HttpParser{s=CONTENT,0 of -1},g=HttpGenerator@5debfeb{s=START}]=>HttpChannelOverHttp@4dfc94cd{s=HttpChannelState@7b7a0dc0{s=IDLE rs=BLOCKING os=OPEN is=IDLE awp=false se=false i=true al=0},r=1,c=false/false,a=IDLE,uri=//localhost:36749/config.yml,age=0} parsed true HttpParser{s=CONTENT,0 of -1}
03:19:45.901 [qtp961160488-15] DEBUG org.eclipse.jetty.server.HttpConnection - releaseRequestBuffer HttpConnection@2d27435::SocketChannelEndPoint@41dde189{l=/127.0.0.1:36749,r=/127.0.0.1:35078,OPEN,fill=-,flush=-,to=1/3000}{io=0/0,kio=0,kro=1}->HttpConnection@2d27435[p=HttpParser{s=CONTENT,0 of -1},g=HttpGenerator@5debfeb{s=START}]=>HttpChannelOverHttp@4dfc94cd{s=HttpChannelState@7b7a0dc0{s=IDLE rs=BLOCKING os=OPEN is=IDLE awp=false se=false i=true al=0},r=1,c=false/false,a=IDLE,uri=//localhost:36749/config.yml,age=0}
03:19:45.901 [qtp961160488-15] DEBUG org.eclipse.jetty.server.HttpChannel - handle //localhost:36749/config.yml HttpChannelOverHttp@4dfc94cd{s=HttpChannelState@7b7a0dc0{s=IDLE rs=BLOCKING os=OPEN is=IDLE awp=false se=false i=true al=0},r=1,c=false/false,a=IDLE,uri=//localhost:36749/config.yml,age=1} 
03:19:45.901 [qtp961160488-15] DEBUG org.eclipse.jetty.server.HttpChannelState - handling HttpChannelState@7b7a0dc0{s=IDLE rs=BLOCKING os=OPEN is=IDLE awp=false se=false i=true al=0}
03:19:45.901 [qtp961160488-15] DEBUG org.eclipse.jetty.server.HttpChannel - action DISPATCH HttpChannelOverHttp@4dfc94cd{s=HttpChannelState@7b7a0dc0{s=HANDLING rs=BLOCKING os=OPEN is=IDLE awp=false se=false i=true al=0},r=1,c=false/false,a=HANDLING,uri=//localhost:36749/config.yml,age=1}
03:19:45.901 [qtp961160488-15] DEBUG org.eclipse.jetty.server.Server - REQUEST GET /config.yml on HttpChannelOverHttp@4dfc94cd{s=HttpChannelState@7b7a0dc0{s=HANDLING rs=BLOCKING os=OPEN is=IDLE awp=false se=false i=true al=0},r=1,c=false/false,a=HANDLING,uri=//localhost:36749/config.yml,age=1}
03:19:45.901 [qtp961160488-15] DEBUG org.eclipse.jetty.server.HttpOutput - write(array HeapByteBuffer@3ab418a6[p=0,l=4,c=512,r=4]={<<<path>>>\x00\x00\x00\x00\x00\x00\x00\x00\x00...\x00\x00\x00\x00\x00\x00\x00})
03:19:45.901 [qtp961160488-15] DEBUG org.eclipse.jetty.server.HttpOutput - write(array) s=CLOSING,api=BLOCKED,sc=false,e=null last=true agg=false flush=true async=false, len=4 null
03:19:45.901 [qtp961160488-15] DEBUG org.eclipse.jetty.server.HttpChannel - sendResponse info=null content=HeapByteBuffer@31708f42[p=0,l=4,c=512,r=4]={<<<path>>>\x00\x00\x00\x00\x00\x00\x00\x00\x00...\x00\x00\x00\x00\x00\x00\x00} complete=true committing=true callback=Blocker@11785a5c{null}
03:19:45.901 [qtp961160488-15] DEBUG org.eclipse.jetty.server.HttpChannel - COMMIT for /config.yml on HttpChannelOverHttp@4dfc94cd{s=HttpChannelState@7b7a0dc0{s=HANDLING rs=BLOCKING os=COMMITTED is=IDLE awp=false se=false i=true al=0},r=1,c=false/false,a=HANDLING,uri=//localhost:36749/config.yml,age=1}
200 null HTTP/1.1
Date: Thu, 02 May 2024 02:19:45 GMT
ETag: testEtag
Content-Type: text/plain;charset=utf-8
Content-Length: 4


03:19:45.901 [qtp961160488-15] DEBUG org.eclipse.jetty.server.HttpConnection - generate: NEED_HEADER for SendCallback@84b24a9[PROCESSING][i=HTTP/1.1{s=200,h=4,cl=4},cb=org.eclipse.jetty.server.HttpChannel$SendCallback@12206c2e] (null,[p=0,l=4,c=512,r=4],true)@START
03:19:45.901 [qtp961160488-15] DEBUG org.eclipse.jetty.http.HttpGenerator - generateHeaders HTTP/1.1{s=200,h=4,cl=4} last=true content=HeapByteBuffer@31708f42[p=0,l=4,c=512,r=4]={<<<path>>>\x00\x00\x00\x00\x00\x00\x00\x00\x00...\x00\x00\x00\x00\x00\x00\x00}
03:19:45.901 [qtp961160488-15] DEBUG org.eclipse.jetty.http.HttpGenerator - Date: Thu, 02 May 2024 02:19:45 GMT
ETag: testEtag
Content-Type: text/plain;charset=utf-8
Content-Length: 4


03:19:45.901 [qtp961160488-15] DEBUG org.eclipse.jetty.http.HttpGenerator - CONTENT_LENGTH
03:19:45.901 [qtp961160488-15] DEBUG org.eclipse.jetty.server.HttpConnection - generate: FLUSH for SendCallback@84b24a9[PROCESSING][i=HTTP/1.1{s=200,h=4,cl=4},cb=org.eclipse.jetty.server.HttpChannel$SendCallback@12206c2e] ([p=0,l=164,c=8192,r=164],[p=0,l=4,c=512,r=4],true)@COMPLETING
03:19:45.901 [qtp961160488-15] DEBUG org.eclipse.jetty.io.WriteFlusher - write: WriteFlusher@279febb7{IDLE}->null [HeapByteBuffer@59198ba9[p=0,l=164,c=8192,r=164]={<<<HTTP/1.1 200 OK\r\nDate: Th...y(9.4.44.v20210927)\r\n\r\n>>>\x00\x00\x00\x00\x00\x00\x00\x00\x00...\x00\x00\x00\x00\x00\x00\x00},HeapByteBuffer@31708f42[p=0,l=4,c=512,r=4]={<<<path>>>\x00\x00\x00\x00\x00\x00\x00\x00\x00...\x00\x00\x00\x00\x00\x00\x00}]
03:19:45.901 [qtp961160488-15] DEBUG org.eclipse.jetty.io.WriteFlusher - update WriteFlusher@279febb7{WRITING}->null:IDLE-->WRITING
03:19:45.902 [qtp961160488-15] DEBUG org.eclipse.jetty.io.ChannelEndPoint - flushed 168 SocketChannelEndPoint@41dde189{l=/127.0.0.1:36749,r=/127.0.0.1:35078,OPEN,fill=-,flush=W,to=2/3000}{io=0/0,kio=0,kro=1}->HttpConnection@2d27435[p=HttpParser{s=CONTENT,0 of -1},g=HttpGenerator@5debfeb{s=COMPLETING}]=>HttpChannelOverHttp@4dfc94cd{s=HttpChannelState@7b7a0dc0{s=HANDLING rs=BLOCKING os=COMMITTED is=IDLE awp=false se=false i=true al=0},r=1,c=false/false,a=HANDLING,uri=//localhost:36749/config.yml,age=2}
03:19:45.902 [qtp961160488-15] DEBUG org.eclipse.jetty.io.WriteFlusher - Flushed=true written=168 remaining=0 WriteFlusher@279febb7{WRITING}->null
03:19:45.902 [qtp961160488-15] DEBUG org.eclipse.jetty.io.WriteFlusher - update WriteFlusher@279febb7{IDLE}->null:WRITING-->IDLE
03:19:45.902 [qtp961160488-15] DEBUG org.eclipse.jetty.server.HttpConnection - generate: DONE for SendCallback@84b24a9[PROCESSING][i=HTTP/1.1{s=200,h=4,cl=4},cb=org.eclipse.jetty.server.HttpChannel$SendCallback@12206c2e] ([p=164,l=164,c=8192,r=0],[p=4,l=4,c=512,r=0],true)@END
03:19:45.902 [qtp961160488-15] DEBUG org.eclipse.jetty.server.HttpOutput - onWriteComplete(true,null) s=CLOSING,api=BLOCKED,sc=false,e=null->s=CLOSED,api=BLOCKING,sc=false,e=null c=null cb=null w=false
03:19:45.902 [qtp961160488-15] DEBUG org.eclipse.jetty.server.HttpOutput - close() s=CLOSED,api=BLOCKING,sc=false,e=null c=null b=null
03:19:45.902 [qtp961160488-15] DEBUG org.eclipse.jetty.server.Server - handled=true async=false committed=true on HttpChannelOverHttp@4dfc94cd{s=HttpChannelState@7b7a0dc0{s=HANDLING rs=BLOCKING os=COMPLETED is=IDLE awp=false se=false i=true al=0},r=1,c=false/true,a=HANDLING,uri=//localhost:36749/config.yml,age=2}
03:19:45.902 [qtp961160488-15] DEBUG org.eclipse.jetty.server.HttpChannelState - unhandle HttpChannelState@7b7a0dc0{s=HANDLING rs=BLOCKING os=COMPLETED is=IDLE awp=false se=false i=true al=0}
03:19:45.902 [qtp961160488-15] DEBUG org.eclipse.jetty.server.HttpChannelState - nextAction(false) COMPLETE HttpChannelState@7b7a0dc0{s=HANDLING rs=COMPLETING os=COMPLETED is=IDLE awp=false se=false i=false al=0}
03:19:45.902 [qtp961160488-15] DEBUG org.eclipse.jetty.server.HttpChannel - action COMPLETE HttpChannelOverHttp@4dfc94cd{s=HttpChannelState@7b7a0dc0{s=HANDLING rs=COMPLETING os=COMPLETED is=IDLE awp=false se=false i=false al=0},r=1,c=false/true,a=HANDLING,uri=//localhost:36749/config.yml,age=2}
03:19:45.902 [qtp961160488-15] DEBUG org.eclipse.jetty.server.HttpOutput - complete(org.eclipse.jetty.util.Callback$3@74e6ffa2) s=CLOSED,api=BLOCKING,sc=false,e=null s=true e=null, c=null
03:19:45.902 [qtp961160488-15] DEBUG org.eclipse.jetty.server.HttpChannelState - completed HttpChannelState@7b7a0dc0{s=HANDLING rs=COMPLETING os=COMPLETED is=IDLE awp=false se=false i=false al=0}
03:19:45.902 [qtp961160488-15] DEBUG org.eclipse.jetty.server.HttpChannelState - unhandle HttpChannelState@7b7a0dc0{s=HANDLING rs=COMPLETED os=COMPLETED is=IDLE awp=false se=false i=false al=0}
03:19:45.902 [qtp961160488-15] DEBUG org.eclipse.jetty.server.HttpChannelState - nextAction(false) TERMINATED HttpChannelState@7b7a0dc0{s=IDLE rs=COMPLETED os=COMPLETED is=IDLE awp=false se=false i=false al=0}
03:19:45.902 [qtp961160488-15] DEBUG org.eclipse.jetty.server.HttpChannel - action TERMINATED HttpChannelOverHttp@4dfc94cd{s=HttpChannelState@7b7a0dc0{s=IDLE rs=COMPLETED os=COMPLETED is=IDLE awp=false se=false i=false al=0},r=1,c=true/true,a=IDLE,uri=//localhost:36749/config.yml,age=2}
03:19:45.902 [qtp961160488-15] DEBUG org.eclipse.jetty.server.HttpChannel - onCompleted for /config.yml written=4
03:19:45.902 [qtp961160488-15] DEBUG org.eclipse.jetty.io.ChannelEndPoint - filled 0 HeapByteBuffer@59198ba9[p=0,l=0,c=8192,r=0]={<<<>>>HTTP/1.1 ...\x00\x00\x00\x00\x00\x00\x00}
03:19:45.903 [qtp961160488-15] DEBUG org.eclipse.jetty.io.ChannelEndPoint - filled 0 HeapByteBuffer@59198ba9[p=0,l=0,c=8192,r=0]={<<<>>>HTTP/1.1 ...\x00\x00\x00\x00\x00\x00\x00}
03:19:45.903 [qtp961160488-15] DEBUG org.eclipse.jetty.server.HttpConnection - HttpConnection@2d27435::SocketChannelEndPoint@41dde189{l=/127.0.0.1:36749,r=/127.0.0.1:35078,OPEN,fill=-,flush=-,to=0/3000}{io=0/0,kio=0,kro=1}->HttpConnection@2d27435[p=HttpParser{s=CONTENT,0 of -1},g=HttpGenerator@5debfeb{s=END}]=>HttpChannelOverHttp@4dfc94cd{s=HttpChannelState@7b7a0dc0{s=IDLE rs=COMPLETED os=COMPLETED is=IDLE awp=false se=false i=false al=0},r=1,c=true/true,a=IDLE,uri=//localhost:36749/config.yml,age=3} filled 0 HeapByteBuffer@59198ba9[p=0,l=0,c=8192,r=0]={<<<>>>HTTP/1.1 ...\x00\x00\x00\x00\x00\x00\x00}
03:19:45.903 [qtp961160488-15] DEBUG org.eclipse.jetty.server.HttpConnection - HttpConnection@2d27435::SocketChannelEndPoint@41dde189{l=/127.0.0.1:36749,r=/127.0.0.1:35078,OPEN,fill=-,flush=-,to=0/3000}{io=0/0,kio=0,kro=1}->HttpConnection@2d27435[p=HttpParser{s=CONTENT,0 of -1},g=HttpGenerator@5debfeb{s=END}]=>HttpChannelOverHttp@4dfc94cd{s=HttpChannelState@7b7a0dc0{s=IDLE rs=COMPLETED os=COMPLETED is=IDLE awp=false se=false i=false al=0},r=1,c=true/true,a=IDLE,uri=//localhost:36749/config.yml,age=3} parse HeapByteBuffer@59198ba9[p=0,l=0,c=8192,r=0]={<<<>>>HTTP/1.1 ...\x00\x00\x00\x00\x00\x00\x00} {}
03:19:45.903 [qtp961160488-15] DEBUG org.eclipse.jetty.http.HttpParser - parseNext s=CONTENT HeapByteBuffer@59198ba9[p=0,l=0,c=8192,r=0]={<<<>>>HTTP/1.1 ...\x00\x00\x00\x00\x00\x00\x00}
03:19:45.903 [qtp961160488-15] DEBUG org.eclipse.jetty.http.HttpParser - CONTENT --> CONTENT_END
03:19:45.903 [qtp961160488-15] DEBUG org.eclipse.jetty.server.HttpChannel - onContentComplete HttpChannelOverHttp@4dfc94cd{s=HttpChannelState@7b7a0dc0{s=IDLE rs=COMPLETED os=COMPLETED is=IDLE awp=false se=false i=false al=0},r=1,c=true/true,a=IDLE,uri=//localhost:36749/config.yml,age=3}
03:19:45.903 [main] DEBUG org.apache.nifi.minifi.bootstrap.configuration.ingestors.PullHttpChangeIngestor - Response received: Response{protocol=http/1.1, code=200, message=OK, url=http://localhost:36749/config.yml}
03:19:45.903 [main] DEBUG org.apache.nifi.minifi.bootstrap.configuration.ingestors.PullHttpChangeIngestor - New change received, notifying listener
03:19:45.904 [main] DEBUG org.apache.nifi.minifi.bootstrap.configuration.ingestors.PullHttpChangeIngestor - Listeners notified
03:19:45.904 [main] DEBUG org.apache.nifi.minifi.bootstrap.configuration.ingestors.PullHttpChangeIngestor - Attempting to pull new config
03:19:45.903 [qtp961160488-15] DEBUG org.eclipse.jetty.http.HttpParser - CONTENT_END --> END
03:19:45.904 [qtp961160488-15] DEBUG org.eclipse.jetty.server.HttpChannel - onRequestComplete HttpChannelOverHttp@4dfc94cd{s=HttpChannelState@7b7a0dc0{s=IDLE rs=COMPLETED os=COMPLETED is=IDLE awp=false se=false i=false al=0},r=1,c=true/true,a=IDLE,uri=//localhost:36749/config.yml,age=4}
03:19:45.904 [qtp961160488-15] DEBUG org.eclipse.jetty.server.HttpInput - HttpInputOverHTTP@2559e3fb[c=0,q=0,[0]=null,s=STREAM] addContent EOF
03:19:45.905 [qtp961160488-15] DEBUG org.eclipse.jetty.server.HttpConnection - HttpConnection@2d27435::SocketChannelEndPoint@41dde189{l=/127.0.0.1:36749,r=/127.0.0.1:35078,OPEN,fill=-,flush=-,to=2/3000}{io=0/0,kio=0,kro=1}->HttpConnection@2d27435[p=HttpParser{s=END,0 of -1},g=HttpGenerator@5debfeb{s=END}]=>HttpChannelOverHttp@4dfc94cd{s=HttpChannelState@7b7a0dc0{s=IDLE rs=COMPLETED os=COMPLETED is=IDLE awp=false se=false i=false al=0},r=1,c=true/true,a=IDLE,uri=//localhost:36749/config.yml,age=4} parsed false HttpParser{s=END,0 of -1}
03:19:45.905 [qtp961160488-15] DEBUG org.eclipse.jetty.server.HttpConnection - releaseRequestBuffer HttpConnection@2d27435::SocketChannelEndPoint@41dde189{l=/127.0.0.1:36749,r=/127.0.0.1:35078,OPEN,fill=-,flush=-,to=2/3000}{io=0/0,kio=0,kro=1}->HttpConnection@2d27435[p=HttpParser{s=END,0 of -1},g=HttpGenerator@5debfeb{s=END}]=>HttpChannelOverHttp@4dfc94cd{s=HttpChannelState@7b7a0dc0{s=IDLE rs=COMPLETED os=COMPLETED is=IDLE awp=false se=false i=false al=0},r=1,c=true/true,a=IDLE,uri=//localhost:36749/config.yml,age=5}
03:19:45.905 [qtp961160488-15] DEBUG org.eclipse.jetty.server.HttpChannelState - recycle HttpChannelState@7b7a0dc0{s=IDLE rs=COMPLETED os=COMPLETED is=IDLE awp=false se=false i=false al=0}
03:19:45.905 [qtp961160488-15] DEBUG org.eclipse.jetty.http.HttpParser - reset HttpParser{s=END,0 of -1}
03:19:45.905 [qtp961160488-15] DEBUG org.eclipse.jetty.http.HttpParser - END --> START
03:19:45.905 [qtp961160488-15] DEBUG org.eclipse.jetty.server.HttpChannel - !handle TERMINATED HttpChannelOverHttp@4dfc94cd{s=HttpChannelState@7b7a0dc0{s=IDLE rs=BLOCKING os=OPEN is=IDLE awp=false se=false i=true al=0},r=1,c=false/false,a=IDLE,uri=null,age=0}
03:19:45.905 [qtp961160488-15] DEBUG org.eclipse.jetty.io.ChannelEndPoint - filled 152 HeapByteBuffer@59198ba9[p=0,l=152,c=8192,r=152]={<<<GET /config.yml HTTP/1.1\r...gent: okhttp/3.12.3\r\n\r\n>>>0210927)\r...\x00\x00\x00\x00\x00\x00\x00}
03:19:45.905 [qtp961160488-15] DEBUG org.eclipse.jetty.server.HttpConnection - HttpConnection@2d27435::SocketChannelEndPoint@41dde189{l=/127.0.0.1:36749,r=/127.0.0.1:35078,OPEN,fill=-,flush=-,to=0/3000}{io=0/0,kio=0,kro=1}->HttpConnection@2d27435[p=HttpParser{s=START,0 of -1},g=HttpGenerator@5debfeb{s=START}]=>HttpChannelOverHttp@4dfc94cd{s=HttpChannelState@7b7a0dc0{s=IDLE rs=BLOCKING os=OPEN is=IDLE awp=false se=false i=true al=0},r=1,c=false/false,a=IDLE,uri=null,age=0} filled 152 HeapByteBuffer@59198ba9[p=0,l=152,c=8192,r=152]={<<<GET /config.yml HTTP/1.1\r...gent: okhttp/3.12.3\r\n\r\n>>>0210927)\r...\x00\x00\x00\x00\x00\x00\x00}
03:19:45.905 [qtp961160488-15] DEBUG org.eclipse.jetty.server.HttpConnection - HttpConnection@2d27435::SocketChannelEndPoint@41dde189{l=/127.0.0.1:36749,r=/127.0.0.1:35078,OPEN,fill=-,flush=-,to=0/3000}{io=0/0,kio=0,kro=1}->HttpConnection@2d27435[p=HttpParser{s=START,0 of -1},g=HttpGenerator@5debfeb{s=START}]=>HttpChannelOverHttp@4dfc94cd{s=HttpChannelState@7b7a0dc0{s=IDLE rs=BLOCKING os=OPEN is=IDLE awp=false se=false i=true al=0},r=1,c=false/false,a=IDLE,uri=null,age=0} parse HeapByteBuffer@59198ba9[p=0,l=152,c=8192,r=152]={<<<GET /config.yml HTTP/1.1\r...gent: okhttp/3.12.3\r\n\r\n>>>0210927)\r...\x00\x00\x00\x00\x00\x00\x00} {}
03:19:45.905 [qtp961160488-15] DEBUG org.eclipse.jetty.http.HttpParser - parseNext s=START HeapByteBuffer@59198ba9[p=0,l=152,c=8192,r=152]={<<<GET /config.yml HTTP/1.1\r...gent: okhttp/3.12.3\r\n\r\n>>>0210927)\r...\x00\x00\x00\x00\x00\x00\x00}
03:19:45.905 [qtp961160488-15] DEBUG org.eclipse.jetty.http.HttpParser - START --> SPACE1
03:19:45.905 [qtp961160488-15] DEBUG org.eclipse.jetty.http.HttpParser - SPACE1 --> URI
03:19:45.905 [qtp961160488-15] DEBUG org.eclipse.jetty.http.HttpParser - URI --> SPACE2
03:19:45.905 [qtp961160488-15] DEBUG org.eclipse.jetty.http.HttpParser - SPACE2 --> REQUEST_VERSION
03:19:45.905 [qtp961160488-15] DEBUG org.eclipse.jetty.http.HttpParser - REQUEST_VERSION --> HEADER
03:19:45.905 [qtp961160488-15] DEBUG org.eclipse.jetty.http.HttpParser - HEADER:If-None-Match --> VALUE
03:19:45.905 [qtp961160488-15] DEBUG org.eclipse.jetty.http.HttpParser - HEADER:If-None-Match --> IN_VALUE
03:19:45.906 [qtp961160488-15] DEBUG org.eclipse.jetty.http.HttpParser - HEADER:If-None-Match --> FIELD
03:19:45.906 [qtp961160488-15] DEBUG org.eclipse.jetty.http.HttpParser - HEADER:Host: localhost:36749 --> IN_VALUE
03:19:45.906 [qtp961160488-15] DEBUG org.eclipse.jetty.http.HttpParser - HEADER:Host: localhost:36749 --> FIELD
03:19:45.906 [qtp961160488-15] DEBUG org.eclipse.jetty.http.HttpParser - HEADER:Connection: keep-alive --> IN_VALUE
03:19:45.906 [qtp961160488-15] DEBUG org.eclipse.jetty.http.HttpParser - HEADER:Connection: keep-alive --> FIELD
03:19:45.906 [qtp961160488-15] DEBUG org.eclipse.jetty.http.HttpParser - HEADER:Accept-Encoding: gzip --> IN_VALUE
03:19:45.906 [qtp961160488-15] DEBUG org.eclipse.jetty.http.HttpParser - HEADER:Accept-Encoding: gzip --> FIELD
03:19:45.906 [qtp961160488-15] DEBUG org.eclipse.jetty.http.HttpParser - HEADER:User-Agent: okhttp/3.12.3 --> IN_VALUE
03:19:45.906 [qtp961160488-15] DEBUG org.eclipse.jetty.http.HttpParser - HEADER:User-Agent: okhttp/3.12.3 --> FIELD
03:19:45.906 [qtp961160488-15] DEBUG org.eclipse.jetty.http.HttpParser - HEADER --> CONTENT
03:19:45.906 [qtp961160488-15] DEBUG org.eclipse.jetty.server.HttpChannel - REQUEST for //localhost:36749/config.yml on HttpChannelOverHttp@4dfc94cd{s=HttpChannelState@7b7a0dc0{s=IDLE rs=BLOCKING os=OPEN is=IDLE awp=false se=false i=true al=0},r=2,c=false/false,a=IDLE,uri=//localhost:36749/config.yml,age=0}
GET //localhost:36749/config.yml HTTP/1.1
If-None-Match: "testEtag"
Host: localhost:36749
Connection: keep-alive
Accept-Encoding: gzip
User-Agent: okhttp/3.12.3


03:19:45.906 [qtp961160488-15] DEBUG org.eclipse.jetty.server.HttpConnection - HttpConnection@2d27435::SocketChannelEndPoint@41dde189{l=/127.0.0.1:36749,r=/127.0.0.1:35078,OPEN,fill=-,flush=-,to=0/3000}{io=0/0,kio=0,kro=1}->HttpConnection@2d27435[p=HttpParser{s=CONTENT,0 of -1},g=HttpGenerator@5debfeb{s=START}]=>HttpChannelOverHttp@4dfc94cd{s=HttpChannelState@7b7a0dc0{s=IDLE rs=BLOCKING os=OPEN is=IDLE awp=false se=false i=true al=0},r=2,c=false/false,a=IDLE,uri=//localhost:36749/config.yml,age=0} parsed true HttpParser{s=CONTENT,0 of -1}
03:19:45.906 [qtp961160488-15] DEBUG org.eclipse.jetty.server.HttpConnection - releaseRequestBuffer HttpConnection@2d27435::SocketChannelEndPoint@41dde189{l=/127.0.0.1:36749,r=/127.0.0.1:35078,OPEN,fill=-,flush=-,to=1/3000}{io=0/0,kio=0,kro=1}->HttpConnection@2d27435[p=HttpParser{s=CONTENT,0 of -1},g=HttpGenerator@5debfeb{s=START}]=>HttpChannelOverHttp@4dfc94cd{s=HttpChannelState@7b7a0dc0{s=IDLE rs=BLOCKING os=OPEN is=IDLE awp=false se=false i=true al=0},r=2,c=false/false,a=IDLE,uri=//localhost:36749/config.yml,age=0}
03:19:45.906 [qtp961160488-15] DEBUG org.eclipse.jetty.server.HttpChannel - handle //localhost:36749/config.yml HttpChannelOverHttp@4dfc94cd{s=HttpChannelState@7b7a0dc0{s=IDLE rs=BLOCKING os=OPEN is=IDLE awp=false se=false i=true al=0},r=2,c=false/false,a=IDLE,uri=//localhost:36749/config.yml,age=0} 
03:19:45.906 [qtp961160488-15] DEBUG org.eclipse.jetty.server.HttpChannelState - handling HttpChannelState@7b7a0dc0{s=IDLE rs=BLOCKING os=OPEN is=IDLE awp=false se=false i=true al=0}
03:19:45.906 [qtp961160488-15] DEBUG org.eclipse.jetty.server.HttpChannel - action DISPATCH HttpChannelOverHttp@4dfc94cd{s=HttpChannelState@7b7a0dc0{s=HANDLING rs=BLOCKING os=OPEN is=IDLE awp=false se=false i=true al=0},r=2,c=false/false,a=HANDLING,uri=//localhost:36749/config.yml,age=0}
03:19:45.906 [qtp961160488-15] DEBUG org.eclipse.jetty.server.Server - REQUEST GET /config.yml on HttpChannelOverHttp@4dfc94cd{s=HttpChannelState@7b7a0dc0{s=HANDLING rs=BLOCKING os=OPEN is=IDLE awp=false se=false i=true al=0},r=2,c=false/false,a=HANDLING,uri=//localhost:36749/config.yml,age=0}
03:19:45.906 [qtp961160488-15] DEBUG org.eclipse.jetty.server.Server - handled=true async=false committed=false on HttpChannelOverHttp@4dfc94cd{s=HttpChannelState@7b7a0dc0{s=HANDLING rs=BLOCKING os=OPEN is=IDLE awp=false se=false i=true al=0},r=2,c=false/false,a=HANDLING,uri=//localhost:36749/config.yml,age=0}
03:19:45.906 [qtp961160488-15] DEBUG org.eclipse.jetty.server.HttpChannelState - unhandle HttpChannelState@7b7a0dc0{s=HANDLING rs=BLOCKING os=OPEN is=IDLE awp=false se=false i=true al=0}
03:19:45.906 [qtp961160488-15] DEBUG org.eclipse.jetty.server.HttpChannelState - nextAction(false) COMPLETE HttpChannelState@7b7a0dc0{s=HANDLING rs=COMPLETING os=OPEN is=IDLE awp=false se=false i=false al=0}
03:19:45.907 [qtp961160488-15] DEBUG org.eclipse.jetty.server.HttpChannel - action COMPLETE HttpChannelOverHttp@4dfc94cd{s=HttpChannelState@7b7a0dc0{s=HANDLING rs=COMPLETING os=OPEN is=IDLE awp=false se=false i=false al=0},r=2,c=false/false,a=HANDLING,uri=//localhost:36749/config.yml,age=0}
03:19:45.907 [qtp961160488-15] DEBUG org.eclipse.jetty.io.ChannelEndPoint - filled 0 HeapByteBuffer@59198ba9[p=0,l=0,c=8192,r=0]={<<<>>>GET /conf...\x00\x00\x00\x00\x00\x00\x00}
03:19:45.907 [qtp961160488-15] DEBUG org.eclipse.jetty.io.ChannelEndPoint - filled 0 HeapByteBuffer@59198ba9[p=0,l=0,c=8192,r=0]={<<<>>>GET /conf...\x00\x00\x00\x00\x00\x00\x00}
03:19:45.907 [qtp961160488-15] DEBUG org.eclipse.jetty.server.HttpConnection - HttpConnection@2d27435::SocketChannelEndPoint@41dde189{l=/127.0.0.1:36749,r=/127.0.0.1:35078,OPEN,fill=-,flush=-,to=1/3000}{io=0/0,kio=0,kro=1}->HttpConnection@2d27435[p=HttpParser{s=CONTENT,0 of -1},g=HttpGenerator@5debfeb{s=START}]=>HttpChannelOverHttp@4dfc94cd{s=HttpChannelState@7b7a0dc0{s=HANDLING rs=COMPLETING os=OPEN is=IDLE awp=false se=false i=false al=0},r=2,c=false/false,a=HANDLING,uri=//localhost:36749/config.yml,age=1} filled 0 HeapByteBuffer@59198ba9[p=0,l=0,c=8192,r=0]={<<<>>>GET /conf...\x00\x00\x00\x00\x00\x00\x00}
03:19:45.907 [qtp961160488-15] DEBUG org.eclipse.jetty.server.HttpConnection - HttpConnection@2d27435::SocketChannelEndPoint@41dde189{l=/127.0.0.1:36749,r=/127.0.0.1:35078,OPEN,fill=-,flush=-,to=1/3000}{io=0/0,kio=0,kro=1}->HttpConnection@2d27435[p=HttpParser{s=CONTENT,0 of -1},g=HttpGenerator@5debfeb{s=START}]=>HttpChannelOverHttp@4dfc94cd{s=HttpChannelState@7b7a0dc0{s=HANDLING rs=COMPLETING os=OPEN is=IDLE awp=false se=false i=false al=0},r=2,c=false/false,a=HANDLING,uri=//localhost:36749/config.yml,age=1} parse HeapByteBuffer@59198ba9[p=0,l=0,c=8192,r=0]={<<<>>>GET /conf...\x00\x00\x00\x00\x00\x00\x00} {}
03:19:45.907 [qtp961160488-15] DEBUG org.eclipse.jetty.http.HttpParser - parseNext s=CONTENT HeapByteBuffer@59198ba9[p=0,l=0,c=8192,r=0]={<<<>>>GET /conf...\x00\x00\x00\x00\x00\x00\x00}
03:19:45.907 [qtp961160488-15] DEBUG org.eclipse.jetty.http.HttpParser - CONTENT --> CONTENT_END
03:19:45.907 [qtp961160488-15] DEBUG org.eclipse.jetty.server.HttpChannel - onContentComplete HttpChannelOverHttp@4dfc94cd{s=HttpChannelState@7b7a0dc0{s=HANDLING rs=COMPLETING os=OPEN is=IDLE awp=false se=false i=false al=0},r=2,c=false/false,a=HANDLING,uri=//localhost:36749/config.yml,age=1}
03:19:45.907 [qtp961160488-15] DEBUG org.eclipse.jetty.http.HttpParser - CONTENT_END --> END
03:19:45.907 [qtp961160488-15] DEBUG org.eclipse.jetty.server.HttpChannel - onRequestComplete HttpChannelOverHttp@4dfc94cd{s=HttpChannelState@7b7a0dc0{s=HANDLING rs=COMPLETING os=OPEN is=IDLE awp=false se=false i=false al=0},r=2,c=false/false,a=HANDLING,uri=//localhost:36749/config.yml,age=1}
03:19:45.907 [qtp961160488-15] DEBUG org.eclipse.jetty.server.HttpInput - HttpInputOverHTTP@2559e3fb[c=0,q=0,[0]=null,s=STREAM] addContent EOF
03:19:45.907 [qtp961160488-15] DEBUG org.eclipse.jetty.server.HttpConnection - HttpConnection@2d27435::SocketChannelEndPoint@41dde189{l=/127.0.0.1:36749,r=/127.0.0.1:35078,OPEN,fill=-,flush=-,to=2/3000}{io=0/0,kio=0,kro=1}->HttpConnection@2d27435[p=HttpParser{s=END,0 of -1},g=HttpGenerator@5debfeb{s=START}]=>HttpChannelOverHttp@4dfc94cd{s=HttpChannelState@7b7a0dc0{s=HANDLING rs=COMPLETING os=OPEN is=IDLE awp=false se=false i=false al=0},r=2,c=false/false,a=HANDLING,uri=//localhost:36749/config.yml,age=1} parsed false HttpParser{s=END,0 of -1}
03:19:45.907 [qtp961160488-15] DEBUG org.eclipse.jetty.server.HttpConnection - releaseRequestBuffer HttpConnection@2d27435::SocketChannelEndPoint@41dde189{l=/127.0.0.1:36749,r=/127.0.0.1:35078,OPEN,fill=-,flush=-,to=2/3000}{io=0/0,kio=0,kro=1}->HttpConnection@2d27435[p=HttpParser{s=END,0 of -1},g=HttpGenerator@5debfeb{s=START}]=>HttpChannelOverHttp@4dfc94cd{s=HttpChannelState@7b7a0dc0{s=HANDLING rs=COMPLETING os=OPEN is=IDLE awp=false se=false i=false al=0},r=2,c=false/false,a=HANDLING,uri=//localhost:36749/config.yml,age=1}
03:19:45.969 [qtp961160488-15] DEBUG org.eclipse.jetty.server.HttpOutput - complete(org.eclipse.jetty.util.Callback$3@3489ba62) s=CLOSING,api=BLOCKED,sc=false,e=null s=false e=null, c=HeapByteBuffer@60c04197[p=0,l=0,c=0,r=0]={<<<>>>}
03:19:45.969 [qtp961160488-15] DEBUG org.eclipse.jetty.server.HttpChannel - sendResponse info=null content=HeapByteBuffer@60c04197[p=0,l=0,c=0,r=0]={<<<>>>} complete=true committing=true callback=org.eclipse.jetty.server.HttpOutput$WriteCompleteCB@6c933d17
03:19:45.969 [qtp961160488-15] DEBUG org.eclipse.jetty.server.HttpChannel - COMMIT for /config.yml on HttpChannelOverHttp@4dfc94cd{s=HttpChannelState@7b7a0dc0{s=HANDLING rs=COMPLETING os=COMMITTED is=IDLE awp=false se=false i=false al=0},r=2,c=false/false,a=HANDLING,uri=//localhost:36749/config.yml,age=63}
304 null HTTP/1.1
Date: Thu, 02 May 2024 02:19:45 GMT
ETag: testEtag


03:19:45.969 [qtp961160488-15] DEBUG org.eclipse.jetty.server.HttpConnection - generate: NEED_HEADER for SendCallback@84b24a9[PROCESSING][i=HTTP/1.1{s=304,h=2,cl=-1},cb=org.eclipse.jetty.server.HttpChannel$SendCallback@2f4bc4c8] (null,[p=0,l=0,c=0,r=0],true)@START
03:19:45.969 [qtp961160488-15] DEBUG org.eclipse.jetty.http.HttpGenerator - generateHeaders HTTP/1.1{s=304,h=2,cl=-1} last=true content=HeapByteBuffer@60c04197[p=0,l=0,c=0,r=0]={<<<>>>}
03:19:45.969 [qtp961160488-15] DEBUG org.eclipse.jetty.http.HttpGenerator - Date: Thu, 02 May 2024 02:19:45 GMT
ETag: testEtag


03:19:45.969 [qtp961160488-15] DEBUG org.eclipse.jetty.http.HttpGenerator - NO_CONTENT
03:19:45.969 [qtp961160488-15] DEBUG org.eclipse.jetty.server.HttpConnection - generate: FLUSH for SendCallback@84b24a9[PROCESSING][i=HTTP/1.1{s=304,h=2,cl=-1},cb=org.eclipse.jetty.server.HttpChannel$SendCallback@2f4bc4c8] ([p=0,l=115,c=8192,r=115],[p=0,l=0,c=0,r=0],true)@COMPLETING
03:19:45.969 [qtp961160488-15] DEBUG org.eclipse.jetty.io.WriteFlusher - write: WriteFlusher@279febb7{IDLE}->null [HeapByteBuffer@59198ba9[p=0,l=115,c=8192,r=115]={<<<HTTP/1.1 304 Not Modified...y(9.4.44.v20210927)\r\n\r\n>>>: gzip\r\nU...\x00\x00\x00\x00\x00\x00\x00}]
03:19:45.969 [qtp961160488-15] DEBUG org.eclipse.jetty.io.WriteFlusher - update WriteFlusher@279febb7{WRITING}->null:IDLE-->WRITING
03:19:45.969 [qtp961160488-15] DEBUG org.eclipse.jetty.io.ChannelEndPoint - flushed 115 SocketChannelEndPoint@41dde189{l=/127.0.0.1:36749,r=/127.0.0.1:35078,OPEN,fill=-,flush=W,to=64/3000}{io=0/0,kio=0,kro=1}->HttpConnection@2d27435[p=HttpParser{s=END,0 of -1},g=HttpGenerator@5debfeb{s=COMPLETING}]=>HttpChannelOverHttp@4dfc94cd{s=HttpChannelState@7b7a0dc0{s=HANDLING rs=COMPLETING os=COMMITTED is=IDLE awp=false se=false i=false al=0},r=2,c=false/false,a=HANDLING,uri=//localhost:36749/config.yml,age=63}
03:19:45.969 [qtp961160488-15] DEBUG org.eclipse.jetty.io.WriteFlusher - Flushed=true written=115 remaining=0 WriteFlusher@279febb7{WRITING}->null
03:19:45.969 [qtp961160488-15] DEBUG org.eclipse.jetty.io.WriteFlusher - update WriteFlusher@279febb7{IDLE}->null:WRITING-->IDLE
03:19:45.970 [qtp961160488-15] DEBUG org.eclipse.jetty.server.HttpConnection - generate: DONE for SendCallback@84b24a9[PROCESSING][i=HTTP/1.1{s=304,h=2,cl=-1},cb=org.eclipse.jetty.server.HttpChannel$SendCallback@2f4bc4c8] ([p=115,l=115,c=8192,r=0],[p=0,l=0,c=0,r=0],true)@END
03:19:45.970 [qtp961160488-15] DEBUG org.eclipse.jetty.server.HttpOutput - onWriteComplete(true,null) s=CLOSING,api=BLOCKED,sc=false,e=null->s=CLOSED,api=BLOCKING,sc=false,e=null c=null cb=org.eclipse.jetty.util.Callback$3@3489ba62 w=false
03:19:45.970 [qtp961160488-15] DEBUG org.eclipse.jetty.server.HttpChannelState - completed HttpChannelState@7b7a0dc0{s=HANDLING rs=COMPLETING os=COMPLETED is=IDLE awp=false se=false i=false al=0}
03:19:45.970 [qtp961160488-15] DEBUG org.eclipse.jetty.server.HttpChannelState - unhandle HttpChannelState@7b7a0dc0{s=HANDLING rs=COMPLETED os=COMPLETED is=IDLE awp=false se=false i=false al=0}
03:19:45.970 [qtp961160488-15] DEBUG org.eclipse.jetty.server.HttpChannelState - nextAction(false) TERMINATED HttpChannelState@7b7a0dc0{s=IDLE rs=COMPLETED os=COMPLETED is=IDLE awp=false se=false i=false al=0}
03:19:45.970 [qtp961160488-15] DEBUG org.eclipse.jetty.server.HttpChannel - action TERMINATED HttpChannelOverHttp@4dfc94cd{s=HttpChannelState@7b7a0dc0{s=IDLE rs=COMPLETED os=COMPLETED is=IDLE awp=false se=false i=false al=0},r=2,c=true/true,a=IDLE,uri=//localhost:36749/config.yml,age=64}
03:19:45.970 [qtp961160488-15] DEBUG org.eclipse.jetty.server.HttpChannel - onCompleted for /config.yml written=0
03:19:45.970 [qtp961160488-15] DEBUG org.eclipse.jetty.server.HttpChannelState - recycle HttpChannelState@7b7a0dc0{s=IDLE rs=COMPLETED os=COMPLETED is=IDLE awp=false se=false i=false al=0}
03:19:45.970 [qtp961160488-15] DEBUG org.eclipse.jetty.http.HttpParser - reset HttpParser{s=END,0 of -1}
03:19:45.970 [qtp961160488-15] DEBUG org.eclipse.jetty.http.HttpParser - END --> START
03:19:45.970 [qtp961160488-15] DEBUG org.eclipse.jetty.server.HttpChannel - !handle TERMINATED HttpChannelOverHttp@4dfc94cd{s=HttpChannelState@7b7a0dc0{s=IDLE rs=BLOCKING os=OPEN is=IDLE awp=false se=false i=true al=0},r=2,c=false/false,a=IDLE,uri=null,age=0}
03:19:45.970 [qtp961160488-15] DEBUG org.eclipse.jetty.io.ChannelEndPoint - filled 0 HeapByteBuffer@59198ba9[p=0,l=0,c=8192,r=0]={<<<>>>HTTP/1.1 ...\x00\x00\x00\x00\x00\x00\x00}
03:19:45.970 [qtp961160488-15] DEBUG org.eclipse.jetty.io.ChannelEndPoint - filled 0 HeapByteBuffer@59198ba9[p=0,l=0,c=8192,r=0]={<<<>>>HTTP/1.1 ...\x00\x00\x00\x00\x00\x00\x00}
03:19:45.970 [qtp961160488-15] DEBUG org.eclipse.jetty.server.HttpConnection - HttpConnection@2d27435::SocketChannelEndPoint@41dde189{l=/127.0.0.1:36749,r=/127.0.0.1:35078,OPEN,fill=-,flush=-,to=0/3000}{io=0/0,kio=0,kro=1}->HttpConnection@2d27435[p=HttpParser{s=START,0 of -1},g=HttpGenerator@5debfeb{s=START}]=>HttpChannelOverHttp@4dfc94cd{s=HttpChannelState@7b7a0dc0{s=IDLE rs=BLOCKING os=OPEN is=IDLE awp=false se=false i=true al=0},r=2,c=false/false,a=IDLE,uri=null,age=0} filled 0 HeapByteBuffer@59198ba9[p=0,l=0,c=8192,r=0]={<<<>>>HTTP/1.1 ...\x00\x00\x00\x00\x00\x00\x00}
03:19:45.970 [qtp961160488-15] DEBUG org.eclipse.jetty.server.HttpConnection - HttpConnection@2d27435::SocketChannelEndPoint@41dde189{l=/127.0.0.1:36749,r=/127.0.0.1:35078,OPEN,fill=-,flush=-,to=0/3000}{io=0/0,kio=0,kro=1}->HttpConnection@2d27435[p=HttpParser{s=START,0 of -1},g=HttpGenerator@5debfeb{s=START}]=>HttpChannelOverHttp@4dfc94cd{s=HttpChannelState@7b7a0dc0{s=IDLE rs=BLOCKING os=OPEN is=IDLE awp=false se=false i=true al=0},r=2,c=false/false,a=IDLE,uri=null,age=0} parse HeapByteBuffer@59198ba9[p=0,l=0,c=8192,r=0]={<<<>>>HTTP/1.1 ...\x00\x00\x00\x00\x00\x00\x00} {}
03:19:45.970 [qtp961160488-15] DEBUG org.eclipse.jetty.http.HttpParser - parseNext s=START HeapByteBuffer@59198ba9[p=0,l=0,c=8192,r=0]={<<<>>>HTTP/1.1 ...\x00\x00\x00\x00\x00\x00\x00}
03:19:45.970 [qtp961160488-15] DEBUG org.eclipse.jetty.server.HttpConnection - HttpConnection@2d27435::SocketChannelEndPoint@41dde189{l=/127.0.0.1:36749,r=/127.0.0.1:35078,OPEN,fill=-,flush=-,to=0/3000}{io=0/0,kio=0,kro=1}->HttpConnection@2d27435[p=HttpParser{s=START,0 of -1},g=HttpGenerator@5debfeb{s=START}]=>HttpChannelOverHttp@4dfc94cd{s=HttpChannelState@7b7a0dc0{s=IDLE rs=BLOCKING os=OPEN is=IDLE awp=false se=false i=true al=0},r=2,c=false/false,a=IDLE,uri=null,age=0} parsed false HttpParser{s=START,0 of -1}
03:19:45.971 [qtp961160488-15] DEBUG org.eclipse.jetty.server.HttpConnection - releaseRequestBuffer HttpConnection@2d27435::SocketChannelEndPoint@41dde189{l=/127.0.0.1:36749,r=/127.0.0.1:35078,OPEN,fill=-,flush=-,to=1/3000}{io=0/0,kio=0,kro=1}->HttpConnection@2d27435[p=HttpParser{s=START,0 of -1},g=HttpGenerator@5debfeb{s=START}]=>HttpChannelOverHttp@4dfc94cd{s=HttpChannelState@7b7a0dc0{s=IDLE rs=BLOCKING os=OPEN is=IDLE awp=false se=false i=true al=0},r=2,c=false/false,a=IDLE,uri=null,age=0}
03:19:45.971 [qtp961160488-15] DEBUG org.eclipse.jetty.io.AbstractConnection - fillInterested HttpConnection@2d27435::SocketChannelEndPoint@41dde189{l=/127.0.0.1:36749,r=/127.0.0.1:35078,OPEN,fill=-,flush=-,to=1/3000}{io=0/0,kio=0,kro=1}->HttpConnection@2d27435[p=HttpParser{s=START,0 of -1},g=HttpGenerator@5debfeb{s=START}]=>HttpChannelOverHttp@4dfc94cd{s=HttpChannelState@7b7a0dc0{s=IDLE rs=BLOCKING os=OPEN is=IDLE awp=false se=false i=true al=0},r=2,c=false/false,a=IDLE,uri=null,age=0}
03:19:45.971 [qtp961160488-15] DEBUG org.eclipse.jetty.io.FillInterest - interested FillInterest@2ee1a69d{AC.ReadCB@2d27435{HttpConnection@2d27435::SocketChannelEndPoint@41dde189{l=/127.0.0.1:36749,r=/127.0.0.1:35078,OPEN,fill=FI,flush=-,to=0/3000}{io=0/0,kio=0,kro=1}->HttpConnection@2d27435[p=HttpParser{s=START,0 of -1},g=HttpGenerator@5debfeb{s=START}]=>HttpChannelOverHttp@4dfc94cd{s=HttpChannelState@7b7a0dc0{s=IDLE rs=BLOCKING os=OPEN is=IDLE awp=false se=false i=true al=0},r=2,c=false/false,a=IDLE,uri=null,age=0}}}
03:19:45.971 [qtp961160488-15] DEBUG org.eclipse.jetty.io.ChannelEndPoint - changeInterests p=false 0->1 for SocketChannelEndPoint@41dde189{l=/127.0.0.1:36749,r=/127.0.0.1:35078,OPEN,fill=FI,flush=-,to=0/3000}{io=0/1,kio=0,kro=1}->HttpConnection@2d27435[p=HttpParser{s=START,0 of -1},g=HttpGenerator@5debfeb{s=START}]=>HttpChannelOverHttp@4dfc94cd{s=HttpChannelState@7b7a0dc0{s=IDLE rs=BLOCKING os=OPEN is=IDLE awp=false se=false i=true al=0},r=2,c=false/false,a=IDLE,uri=null,age=0}
03:19:45.971 [qtp961160488-15] DEBUG org.eclipse.jetty.io.ManagedSelector - Queued change lazy=false org.eclipse.jetty.io.ChannelEndPoint$$Lambda$255/90666987@3f830ca8 on ManagedSelector@194bcebf{STARTED} id=0 keys=1 selected=0 updates=0
03:19:45.971 [qtp961160488-15] DEBUG org.eclipse.jetty.io.ManagedSelector - Wakeup on submit ManagedSelector@194bcebf{STARTED} id=0 keys=1 selected=0 updates=1
03:19:45.971 [qtp961160488-15] DEBUG org.eclipse.jetty.server.HttpConnection - HttpConnection@2d27435::SocketChannelEndPoint@41dde189{l=/127.0.0.1:36749,r=/127.0.0.1:35078,OPEN,fill=FI,flush=-,to=0/3000}{io=0/1,kio=0,kro=1}->HttpConnection@2d27435[p=HttpParser{s=START,0 of -1},g=HttpGenerator@5debfeb{s=START}]=>HttpChannelOverHttp@4dfc94cd{s=HttpChannelState@7b7a0dc0{s=IDLE rs=BLOCKING os=OPEN is=IDLE awp=false se=false i=true al=0},r=2,c=false/false,a=IDLE,uri=null,age=0} onFillable exit HttpChannelState@7b7a0dc0{s=IDLE rs=BLOCKING os=OPEN is=IDLE awp=false se=false i=true al=0} null
03:19:45.971 [qtp961160488-15] DEBUG org.eclipse.jetty.util.thread.QueuedThreadPool - ran org.eclipse.jetty.io.ManagedSelector$$Lambda$253/838473569@957e06 in QueuedThreadPool[qtp961160488]@394a2528{STARTED,8<=8<=200,i=1,r=-1,q=0}[ReservedThreadExecutor@383bfa16{reserved=1/8,pending=0}]
03:19:45.972 [main] DEBUG org.apache.nifi.minifi.bootstrap.configuration.ingestors.PullHttpChangeIngestor - Response received: Response{protocol=http/1.1, code=304, message=Not Modified, url=http://localhost:36749/config.yml}
03:19:45.972 [qtp961160488-17] DEBUG org.eclipse.jetty.io.ManagedSelector - Selector sun.nio.ch.EPollSelectorImpl@2a74277d woken with none selected
03:19:45.972 [qtp961160488-17] DEBUG org.eclipse.jetty.io.ManagedSelector - Selector sun.nio.ch.EPollSelectorImpl@2a74277d woken up from select, 0/0/1 selected
03:19:45.972 [qtp961160488-17] DEBUG org.eclipse.jetty.io.ManagedSelector - Selector sun.nio.ch.EPollSelectorImpl@2a74277d processing 0 keys, 1 updates
03:19:45.972 [qtp961160488-17] DEBUG org.eclipse.jetty.io.ManagedSelector - updateable 1
03:19:45.972 [qtp961160488-17] DEBUG org.eclipse.jetty.io.ManagedSelector - update org.eclipse.jetty.io.ChannelEndPoint$$Lambda$255/90666987@3f830ca8
03:19:45.972 [qtp961160488-17] DEBUG org.eclipse.jetty.io.ChannelEndPoint - Key interests updated 0 -> 1 on SocketChannelEndPoint@41dde189{l=/127.0.0.1:36749,r=/127.0.0.1:35078,OPEN,fill=FI,flush=-,to=0/3000}{io=1/1,kio=1,kro=1}->HttpConnection@2d27435[p=HttpParser{s=START,0 of -1},g=HttpGenerator@5debfeb{s=START}]=>HttpChannelOverHttp@4dfc94cd{s=HttpChannelState@7b7a0dc0{s=IDLE rs=BLOCKING os=OPEN is=IDLE awp=false se=false i=true al=0},r=2,c=false/false,a=IDLE,uri=null,age=0}
03:19:45.972 [qtp961160488-17] DEBUG org.eclipse.jetty.io.ManagedSelector - updates 0
03:19:45.972 [qtp961160488-17] DEBUG org.eclipse.jetty.io.ManagedSelector - Selector sun.nio.ch.EPollSelectorImpl@2a74277d waiting with 1 keys
]]></system-out>
  </testcase>
  <testcase name="testSecurityOverride" classname="org.apache.nifi.minifi.bootstrap.configuration.ingestors.PullHttpChangeIngestorTest" time="0.192">
    <system-out><![CDATA[03:19:45.973 [main] DEBUG org.apache.nifi.minifi.bootstrap.configuration.ingestors.PullHttpChangeIngestor - Attempting to pull new config
03:19:45.974 [qtp961160488-19-acceptor-0@1e1a0406-ServerConnector@446293d{HTTP/1.1, (http/1.1)}{localhost:36749}] DEBUG org.eclipse.jetty.io.ManagedSelector - Queued change lazy=false Accept@44643e59[java.nio.channels.SocketChannel[connected local=/127.0.0.1:36749 remote=/127.0.0.1:35080]] on ManagedSelector@4803b726{STARTED} id=1 keys=1 selected=0 updates=0
03:19:45.974 [qtp961160488-19-acceptor-0@1e1a0406-ServerConnector@446293d{HTTP/1.1, (http/1.1)}{localhost:36749}] DEBUG org.eclipse.jetty.io.ManagedSelector - Wakeup on submit ManagedSelector@4803b726{STARTED} id=1 keys=1 selected=0 updates=1
03:19:45.975 [qtp961160488-16] DEBUG org.eclipse.jetty.io.ManagedSelector - Selector sun.nio.ch.EPollSelectorImpl@6684ed9 woken with none selected
03:19:45.975 [qtp961160488-16] DEBUG org.eclipse.jetty.io.ManagedSelector - Selector sun.nio.ch.EPollSelectorImpl@6684ed9 woken up from select, 0/0/1 selected
03:19:45.975 [qtp961160488-16] DEBUG org.eclipse.jetty.io.ManagedSelector - Selector sun.nio.ch.EPollSelectorImpl@6684ed9 processing 0 keys, 1 updates
03:19:45.975 [qtp961160488-16] DEBUG org.eclipse.jetty.io.ManagedSelector - updateable 1
03:19:45.975 [qtp961160488-16] DEBUG org.eclipse.jetty.io.ManagedSelector - update Accept@44643e59[java.nio.channels.SocketChannel[connected local=/127.0.0.1:36749 remote=/127.0.0.1:35080]]
03:19:45.975 [qtp961160488-16] DEBUG org.eclipse.jetty.util.thread.QueuedThreadPool - queue Accept@44643e59[java.nio.channels.SocketChannel[connected local=/127.0.0.1:36749 remote=/127.0.0.1:35080]] startThread=0
03:19:45.975 [qtp961160488-16] DEBUG org.eclipse.jetty.io.ManagedSelector - updates 0
03:19:45.975 [qtp961160488-16] DEBUG org.eclipse.jetty.io.ManagedSelector - Selector sun.nio.ch.EPollSelectorImpl@6684ed9 waiting with 2 keys
03:19:45.975 [qtp961160488-20] DEBUG org.eclipse.jetty.util.thread.QueuedThreadPool - run Accept@44643e59[java.nio.channels.SocketChannel[connected local=/127.0.0.1:36749 remote=/127.0.0.1:35080]] in QueuedThreadPool[qtp961160488]@394a2528{STARTED,8<=8<=200,i=1,r=-1,q=0}[ReservedThreadExecutor@383bfa16{reserved=1/8,pending=0}]
03:19:45.975 [qtp961160488-20] DEBUG org.eclipse.jetty.io.IdleTimeout - SocketChannelEndPoint@7b882073{l=/127.0.0.1:36749,r=/127.0.0.1:35080,OPEN,fill=-,flush=-,to=0/3000}{io=0/0,kio=0,kro=0}-><null> idle timeout check, elapsed: 0 ms, remaining: 3000 ms
03:19:45.975 [qtp961160488-20] DEBUG org.eclipse.jetty.server.HttpChannel - new HttpChannelOverHttp@b59e90e{s=HttpChannelState@28af63b6{s=IDLE rs=BLOCKING os=OPEN is=IDLE awp=false se=false i=true al=0},r=0,c=false/false,a=IDLE,uri=null,age=0} -> SocketChannelEndPoint@7b882073{l=/127.0.0.1:36749,r=/127.0.0.1:35080,OPEN,fill=-,flush=-,to=0/3000}{io=0/0,kio=0,kro=0}-><null>,null,HttpChannelState@28af63b6{s=IDLE rs=BLOCKING os=OPEN is=IDLE awp=false se=false i=true al=0}
03:19:45.975 [qtp961160488-20] DEBUG org.eclipse.jetty.server.HttpConnection - New HTTP Connection HttpConnection@f6edc47::SocketChannelEndPoint@7b882073{l=/127.0.0.1:36749,r=/127.0.0.1:35080,OPEN,fill=-,flush=-,to=0/3000}{io=0/0,kio=0,kro=0}-><null>
03:19:45.975 [qtp961160488-20] DEBUG org.eclipse.jetty.io.ManagedSelector - Queued change lazy=true org.eclipse.jetty.io.ManagedSelector$$Lambda$258/445561681@35dffe61 on ManagedSelector@4803b726{STARTED} id=1 keys=2 selected=0 updates=0
03:19:45.975 [qtp961160488-20] DEBUG org.eclipse.jetty.io.AbstractEndPoint - onOpen SocketChannelEndPoint@7b882073{l=/127.0.0.1:36749,r=/127.0.0.1:35080,OPEN,fill=-,flush=-,to=0/3000}{io=0/0,kio=0,kro=0}->HttpConnection@f6edc47[p=HttpParser{s=START,0 of -1},g=HttpGenerator@718a604d{s=START}]=>HttpChannelOverHttp@b59e90e{s=HttpChannelState@28af63b6{s=IDLE rs=BLOCKING os=OPEN is=IDLE awp=false se=false i=true al=0},r=0,c=false/false,a=IDLE,uri=null,age=0}
03:19:45.976 [qtp961160488-20] DEBUG org.eclipse.jetty.io.AbstractConnection - onOpen HttpConnection@f6edc47::SocketChannelEndPoint@7b882073{l=/127.0.0.1:36749,r=/127.0.0.1:35080,OPEN,fill=-,flush=-,to=0/3000}{io=0/0,kio=0,kro=0}->HttpConnection@f6edc47[p=HttpParser{s=START,0 of -1},g=HttpGenerator@718a604d{s=START}]=>HttpChannelOverHttp@b59e90e{s=HttpChannelState@28af63b6{s=IDLE rs=BLOCKING os=OPEN is=IDLE awp=false se=false i=true al=0},r=0,c=false/false,a=IDLE,uri=null,age=0}
03:19:45.976 [qtp961160488-20] DEBUG org.eclipse.jetty.io.AbstractConnection - fillInterested HttpConnection@f6edc47::SocketChannelEndPoint@7b882073{l=/127.0.0.1:36749,r=/127.0.0.1:35080,OPEN,fill=-,flush=-,to=0/3000}{io=0/0,kio=0,kro=0}->HttpConnection@f6edc47[p=HttpParser{s=START,0 of -1},g=HttpGenerator@718a604d{s=START}]=>HttpChannelOverHttp@b59e90e{s=HttpChannelState@28af63b6{s=IDLE rs=BLOCKING os=OPEN is=IDLE awp=false se=false i=true al=0},r=0,c=false/false,a=IDLE,uri=null,age=0}
03:19:45.976 [qtp961160488-20] DEBUG org.eclipse.jetty.io.FillInterest - interested FillInterest@22eb1f19{AC.ReadCB@f6edc47{HttpConnection@f6edc47::SocketChannelEndPoint@7b882073{l=/127.0.0.1:36749,r=/127.0.0.1:35080,OPEN,fill=FI,flush=-,to=0/3000}{io=0/0,kio=0,kro=0}->HttpConnection@f6edc47[p=HttpParser{s=START,0 of -1},g=HttpGenerator@718a604d{s=START}]=>HttpChannelOverHttp@b59e90e{s=HttpChannelState@28af63b6{s=IDLE rs=BLOCKING os=OPEN is=IDLE awp=false se=false i=true al=0},r=0,c=false/false,a=IDLE,uri=null,age=0}}}
03:19:45.976 [qtp961160488-20] DEBUG org.eclipse.jetty.io.ChannelEndPoint - changeInterests p=false 0->1 for SocketChannelEndPoint@7b882073{l=/127.0.0.1:36749,r=/127.0.0.1:35080,OPEN,fill=FI,flush=-,to=0/3000}{io=0/1,kio=0,kro=0}->HttpConnection@f6edc47[p=HttpParser{s=START,0 of -1},g=HttpGenerator@718a604d{s=START}]=>HttpChannelOverHttp@b59e90e{s=HttpChannelState@28af63b6{s=IDLE rs=BLOCKING os=OPEN is=IDLE awp=false se=false i=true al=0},r=0,c=false/false,a=IDLE,uri=null,age=0}
03:19:45.976 [qtp961160488-20] DEBUG org.eclipse.jetty.io.ManagedSelector - Queued change lazy=false org.eclipse.jetty.io.ChannelEndPoint$$Lambda$255/90666987@5b9e73e7 on ManagedSelector@4803b726{STARTED} id=1 keys=2 selected=0 updates=1
03:19:45.976 [qtp961160488-20] DEBUG org.eclipse.jetty.io.ManagedSelector - Wakeup on submit ManagedSelector@4803b726{STARTED} id=1 keys=2 selected=0 updates=2
03:19:45.976 [qtp961160488-20] DEBUG org.eclipse.jetty.io.ManagedSelector - Created SocketChannelEndPoint@7b882073{l=/127.0.0.1:36749,r=/127.0.0.1:35080,OPEN,fill=FI,flush=-,to=0/3000}{io=0/1,kio=0,kro=0}->HttpConnection@f6edc47[p=HttpParser{s=START,0 of -1},g=HttpGenerator@718a604d{s=START}]=>HttpChannelOverHttp@b59e90e{s=HttpChannelState@28af63b6{s=IDLE rs=BLOCKING os=OPEN is=IDLE awp=false se=false i=true al=0},r=0,c=false/false,a=IDLE,uri=null,age=0}
03:19:45.976 [qtp961160488-20] DEBUG org.eclipse.jetty.util.thread.QueuedThreadPool - ran Accept@44643e59[java.nio.channels.SocketChannel[connected local=/127.0.0.1:36749 remote=/127.0.0.1:35080]] in QueuedThreadPool[qtp961160488]@394a2528{STARTED,8<=8<=200,i=1,r=-1,q=0}[ReservedThreadExecutor@383bfa16{reserved=1/8,pending=0}]
03:19:45.976 [qtp961160488-16] DEBUG org.eclipse.jetty.io.ManagedSelector - Selector sun.nio.ch.EPollSelectorImpl@6684ed9 woken with none selected
03:19:45.976 [qtp961160488-16] DEBUG org.eclipse.jetty.io.ManagedSelector - Selector sun.nio.ch.EPollSelectorImpl@6684ed9 woken up from select, 0/0/2 selected
03:19:45.976 [qtp961160488-16] DEBUG org.eclipse.jetty.io.ManagedSelector - Selector sun.nio.ch.EPollSelectorImpl@6684ed9 processing 0 keys, 2 updates
03:19:45.976 [qtp961160488-16] DEBUG org.eclipse.jetty.io.ManagedSelector - updateable 2
03:19:45.976 [qtp961160488-16] DEBUG org.eclipse.jetty.io.ManagedSelector - update org.eclipse.jetty.io.ManagedSelector$$Lambda$258/445561681@35dffe61
03:19:45.976 [qtp961160488-16] DEBUG org.eclipse.jetty.io.ManagedSelector - update org.eclipse.jetty.io.ChannelEndPoint$$Lambda$255/90666987@5b9e73e7
03:19:45.976 [qtp961160488-16] DEBUG org.eclipse.jetty.io.ChannelEndPoint - Key interests updated 0 -> 1 on SocketChannelEndPoint@7b882073{l=/127.0.0.1:36749,r=/127.0.0.1:35080,OPEN,fill=FI,flush=-,to=0/3000}{io=1/1,kio=1,kro=0}->HttpConnection@f6edc47[p=HttpParser{s=START,0 of -1},g=HttpGenerator@718a604d{s=START}]=>HttpChannelOverHttp@b59e90e{s=HttpChannelState@28af63b6{s=IDLE rs=BLOCKING os=OPEN is=IDLE awp=false se=false i=true al=0},r=0,c=false/false,a=IDLE,uri=null,age=0}
03:19:45.976 [qtp961160488-16] DEBUG org.eclipse.jetty.io.ManagedSelector - updates 0
03:19:45.976 [qtp961160488-16] DEBUG org.eclipse.jetty.io.ManagedSelector - Selector sun.nio.ch.EPollSelectorImpl@6684ed9 waiting with 2 keys
03:19:45.977 [qtp961160488-16] DEBUG org.eclipse.jetty.io.ManagedSelector - Selector sun.nio.ch.EPollSelectorImpl@6684ed9 woken up from select, 1/1/2 selected
03:19:45.977 [qtp961160488-16] DEBUG org.eclipse.jetty.io.ManagedSelector - Selector sun.nio.ch.EPollSelectorImpl@6684ed9 processing 1 keys, 0 updates
03:19:45.977 [qtp961160488-16] DEBUG org.eclipse.jetty.io.ManagedSelector - selected 1 sun.nio.ch.SelectionKeyImpl@65e07abe SocketChannelEndPoint@7b882073{l=/127.0.0.1:36749,r=/127.0.0.1:35080,OPEN,fill=FI,flush=-,to=1/3000}{io=1/1,kio=1,kro=1}->HttpConnection@f6edc47[p=HttpParser{s=START,0 of -1},g=HttpGenerator@718a604d{s=START}]=>HttpChannelOverHttp@b59e90e{s=HttpChannelState@28af63b6{s=IDLE rs=BLOCKING os=OPEN is=IDLE awp=false se=false i=true al=0},r=0,c=false/false,a=IDLE,uri=null,age=0} 
03:19:45.977 [qtp961160488-16] DEBUG org.eclipse.jetty.io.ChannelEndPoint - onSelected 1->0 r=true w=false for SocketChannelEndPoint@7b882073{l=/127.0.0.1:36749,r=/127.0.0.1:35080,OPEN,fill=FI,flush=-,to=1/3000}{io=1/0,kio=1,kro=1}->HttpConnection@f6edc47[p=HttpParser{s=START,0 of -1},g=HttpGenerator@718a604d{s=START}]=>HttpChannelOverHttp@b59e90e{s=HttpChannelState@28af63b6{s=IDLE rs=BLOCKING os=OPEN is=IDLE awp=false se=false i=true al=0},r=0,c=false/false,a=IDLE,uri=null,age=0}
03:19:45.977 [qtp961160488-16] DEBUG org.eclipse.jetty.io.ChannelEndPoint - task CEP:SocketChannelEndPoint@7b882073{l=/127.0.0.1:36749,r=/127.0.0.1:35080,OPEN,fill=FI,flush=-,to=1/3000}{io=1/0,kio=1,kro=1}->HttpConnection@f6edc47[p=HttpParser{s=START,0 of -1},g=HttpGenerator@718a604d{s=START}]=>HttpChannelOverHttp@b59e90e{s=HttpChannelState@28af63b6{s=IDLE rs=BLOCKING os=OPEN is=IDLE awp=false se=false i=true al=0},r=0,c=false/false,a=IDLE,uri=null,age=0}:runFillable:BLOCKING
03:19:45.977 [qtp961160488-16] DEBUG org.eclipse.jetty.util.thread.ReservedThreadExecutor - ReservedThreadExecutor@383bfa16{reserved=1/8,pending=0} tryExecute EatWhatYouKill@17497425/SelectorProducer@f0da945/PRODUCING/p=false/QueuedThreadPool[qtp961160488]@394a2528{STARTED,8<=8<=200,i=2,r=-1,q=0}[ReservedThreadExecutor@383bfa16{reserved=1/8,pending=0}][pc=0,pic=0,pec=1,epc=0]@2024-05-02T03:19:45.977+01:00
03:19:45.978 [qtp961160488-16] DEBUG org.eclipse.jetty.util.thread.ReservedThreadExecutor - ReservedThreadExecutor@383bfa16{reserved=0/8,pending=1} startReservedThread p=1
03:19:45.978 [qtp961160488-16] DEBUG org.eclipse.jetty.util.thread.QueuedThreadPool - queue ReservedThread@15322a83{PENDING,thread=null} startThread=0
03:19:45.978 [qtp961160488-15] DEBUG org.eclipse.jetty.util.thread.QueuedThreadPool - run ReservedThread@15322a83{PENDING,thread=null} in QueuedThreadPool[qtp961160488]@394a2528{STARTED,8<=8<=200,i=1,r=-1,q=0}[ReservedThreadExecutor@383bfa16{reserved=0/8,pending=1}]
03:19:45.978 [qtp961160488-15] DEBUG org.eclipse.jetty.util.thread.ReservedThreadExecutor - ReservedThread@15322a83{PENDING,thread=Thread[qtp961160488-15,5,main]} was=PENDING next=RESERVED size=0+1 capacity=8
03:19:45.978 [qtp961160488-15] DEBUG org.eclipse.jetty.util.thread.ReservedThreadExecutor - ReservedThread@15322a83{RESERVED,thread=Thread[qtp961160488-15,5,main]} waiting ReservedThreadExecutor@383bfa16{reserved=1/8,pending=0}
03:19:45.978 [qtp961160488-18] DEBUG org.eclipse.jetty.util.thread.ReservedThreadExecutor - ReservedThread@4c1ab60c{RESERVED,thread=Thread[qtp961160488-18,5,main]} task=EatWhatYouKill@17497425/SelectorProducer@f0da945/IDLE/p=true/QueuedThreadPool[qtp961160488]@394a2528{STARTED,8<=8<=200,i=1,r=-1,q=0}[ReservedThreadExecutor@383bfa16{reserved=0/8,pending=1}][pc=0,pic=0,pec=1,epc=0]@2024-05-02T03:19:45.978+01:00 ReservedThreadExecutor@383bfa16{reserved=1/8,pending=0}
03:19:45.978 [qtp961160488-18] DEBUG org.eclipse.jetty.util.thread.strategy.EatWhatYouKill - EatWhatYouKill@17497425/SelectorProducer@f0da945/IDLE/p=true/QueuedThreadPool[qtp961160488]@394a2528{STARTED,8<=8<=200,i=1,r=-1,q=0}[ReservedThreadExecutor@383bfa16{reserved=1/8,pending=0}][pc=0,pic=0,pec=1,epc=0]@2024-05-02T03:19:45.978+01:00 tryProduce true
03:19:45.978 [qtp961160488-18] DEBUG org.eclipse.jetty.io.ManagedSelector - updateable 0
03:19:45.978 [qtp961160488-18] DEBUG org.eclipse.jetty.io.ManagedSelector - updates 0
03:19:45.978 [qtp961160488-18] DEBUG org.eclipse.jetty.io.ChannelEndPoint - Key interests updated 1 -> 0 on SocketChannelEndPoint@7b882073{l=/127.0.0.1:36749,r=/127.0.0.1:35080,OPEN,fill=FI,flush=-,to=2/3000}{io=0/0,kio=0,kro=1}->HttpConnection@f6edc47[p=HttpParser{s=START,0 of -1},g=HttpGenerator@718a604d{s=START}]=>HttpChannelOverHttp@b59e90e{s=HttpChannelState@28af63b6{s=IDLE rs=BLOCKING os=OPEN is=IDLE awp=false se=false i=true al=0},r=0,c=false/false,a=IDLE,uri=null,age=0}
03:19:45.978 [qtp961160488-18] DEBUG org.eclipse.jetty.io.ManagedSelector - Selector sun.nio.ch.EPollSelectorImpl@6684ed9 waiting with 2 keys
03:19:45.981 [qtp961160488-16] DEBUG org.eclipse.jetty.util.thread.strategy.EatWhatYouKill - EatWhatYouKill@17497425/SelectorProducer@f0da945/PRODUCING/p=false/QueuedThreadPool[qtp961160488]@394a2528{STARTED,8<=8<=200,i=1,r=-1,q=0}[ReservedThreadExecutor@383bfa16{reserved=1/8,pending=0}][pc=0,pic=0,pec=1,epc=0]@2024-05-02T03:19:45.981+01:00 m=EXECUTE_PRODUCE_CONSUME t=CEP:SocketChannelEndPoint@7b882073{l=/127.0.0.1:36749,r=/127.0.0.1:35080,OPEN,fill=FI,flush=-,to=5/3000}{io=0/0,kio=0,kro=1}->HttpConnection@f6edc47[p=HttpParser{s=START,0 of -1},g=HttpGenerator@718a604d{s=START}]=>HttpChannelOverHttp@b59e90e{s=HttpChannelState@28af63b6{s=IDLE rs=BLOCKING os=OPEN is=IDLE awp=false se=false i=true al=0},r=0,c=false/false,a=IDLE,uri=null,age=0}:runFillable:BLOCKING/BLOCKING
03:19:45.981 [qtp961160488-16] DEBUG org.eclipse.jetty.io.FillInterest - fillable FillInterest@22eb1f19{AC.ReadCB@f6edc47{HttpConnection@f6edc47::SocketChannelEndPoint@7b882073{l=/127.0.0.1:36749,r=/127.0.0.1:35080,OPEN,fill=FI,flush=-,to=5/3000}{io=0/0,kio=0,kro=1}->HttpConnection@f6edc47[p=HttpParser{s=START,0 of -1},g=HttpGenerator@718a604d{s=START}]=>HttpChannelOverHttp@b59e90e{s=HttpChannelState@28af63b6{s=IDLE rs=BLOCKING os=OPEN is=IDLE awp=false se=false i=true al=0},r=0,c=false/false,a=IDLE,uri=null,age=0}}}
03:19:45.981 [qtp961160488-16] DEBUG org.eclipse.jetty.server.HttpConnection - HttpConnection@f6edc47::SocketChannelEndPoint@7b882073{l=/127.0.0.1:36749,r=/127.0.0.1:35080,OPEN,fill=-,flush=-,to=5/3000}{io=0/0,kio=0,kro=1}->HttpConnection@f6edc47[p=HttpParser{s=START,0 of -1},g=HttpGenerator@718a604d{s=START}]=>HttpChannelOverHttp@b59e90e{s=HttpChannelState@28af63b6{s=IDLE rs=BLOCKING os=OPEN is=IDLE awp=false se=false i=true al=0},r=0,c=false/false,a=IDLE,uri=null,age=0} onFillable enter HttpChannelState@28af63b6{s=IDLE rs=BLOCKING os=OPEN is=IDLE awp=false se=false i=true al=0} null
03:19:45.981 [qtp961160488-16] DEBUG org.eclipse.jetty.io.ChannelEndPoint - filled 133 HeapByteBuffer@59198ba9[p=0,l=133,c=8192,r=133]={<<<GET /config-minimal.yml H...gent: okhttp/3.12.3\r\n\r\n>>>: okhttp/...\x00\x00\x00\x00\x00\x00\x00}
03:19:45.981 [qtp961160488-16] DEBUG org.eclipse.jetty.server.HttpConnection - HttpConnection@f6edc47::SocketChannelEndPoint@7b882073{l=/127.0.0.1:36749,r=/127.0.0.1:35080,OPEN,fill=-,flush=-,to=0/3000}{io=0/0,kio=0,kro=1}->HttpConnection@f6edc47[p=HttpParser{s=START,0 of -1},g=HttpGenerator@718a604d{s=START}]=>HttpChannelOverHttp@b59e90e{s=HttpChannelState@28af63b6{s=IDLE rs=BLOCKING os=OPEN is=IDLE awp=false se=false i=true al=0},r=0,c=false/false,a=IDLE,uri=null,age=0} filled 133 HeapByteBuffer@59198ba9[p=0,l=133,c=8192,r=133]={<<<GET /config-minimal.yml H...gent: okhttp/3.12.3\r\n\r\n>>>: okhttp/...\x00\x00\x00\x00\x00\x00\x00}
03:19:45.982 [qtp961160488-16] DEBUG org.eclipse.jetty.server.HttpConnection - HttpConnection@f6edc47::SocketChannelEndPoint@7b882073{l=/127.0.0.1:36749,r=/127.0.0.1:35080,OPEN,fill=-,flush=-,to=0/3000}{io=0/0,kio=0,kro=1}->HttpConnection@f6edc47[p=HttpParser{s=START,0 of -1},g=HttpGenerator@718a604d{s=START}]=>HttpChannelOverHttp@b59e90e{s=HttpChannelState@28af63b6{s=IDLE rs=BLOCKING os=OPEN is=IDLE awp=false se=false i=true al=0},r=0,c=false/false,a=IDLE,uri=null,age=0} parse HeapByteBuffer@59198ba9[p=0,l=133,c=8192,r=133]={<<<GET /config-minimal.yml H...gent: okhttp/3.12.3\r\n\r\n>>>: okhttp/...\x00\x00\x00\x00\x00\x00\x00} {}
03:19:45.982 [qtp961160488-16] DEBUG org.eclipse.jetty.http.HttpParser - parseNext s=START HeapByteBuffer@59198ba9[p=0,l=133,c=8192,r=133]={<<<GET /config-minimal.yml H...gent: okhttp/3.12.3\r\n\r\n>>>: okhttp/...\x00\x00\x00\x00\x00\x00\x00}
03:19:45.982 [qtp961160488-16] DEBUG org.eclipse.jetty.http.HttpParser - START --> SPACE1
03:19:45.982 [qtp961160488-16] DEBUG org.eclipse.jetty.http.HttpParser - SPACE1 --> URI
03:19:45.982 [qtp961160488-16] DEBUG org.eclipse.jetty.http.HttpParser - URI --> SPACE2
03:19:45.982 [qtp961160488-16] DEBUG org.eclipse.jetty.http.HttpParser - SPACE2 --> REQUEST_VERSION
03:19:45.982 [qtp961160488-16] DEBUG org.eclipse.jetty.http.HttpParser - REQUEST_VERSION --> HEADER
03:19:45.982 [qtp961160488-16] DEBUG org.eclipse.jetty.http.HttpParser - HEADER:Host --> VALUE
03:19:45.982 [qtp961160488-16] DEBUG org.eclipse.jetty.http.HttpParser - HEADER:Host --> IN_VALUE
03:19:45.982 [qtp961160488-16] DEBUG org.eclipse.jetty.http.HttpParser - HEADER:Host --> FIELD
03:19:45.982 [qtp961160488-16] DEBUG org.eclipse.jetty.http.HttpParser - HEADER:Connection: keep-alive --> IN_VALUE
03:19:45.982 [qtp961160488-16] DEBUG org.eclipse.jetty.http.HttpParser - HEADER:Connection: keep-alive --> FIELD
03:19:45.982 [qtp961160488-16] DEBUG org.eclipse.jetty.http.HttpParser - HEADER:Accept-Encoding: gzip --> IN_VALUE
03:19:45.982 [qtp961160488-16] DEBUG org.eclipse.jetty.http.HttpParser - HEADER:Accept-Encoding: gzip --> FIELD
03:19:45.982 [qtp961160488-16] DEBUG org.eclipse.jetty.http.HttpParser - HEADER:User-Agent --> VALUE
03:19:45.982 [qtp961160488-16] DEBUG org.eclipse.jetty.http.HttpParser - HEADER:User-Agent --> IN_VALUE
03:19:45.982 [qtp961160488-16] DEBUG org.eclipse.jetty.http.HttpParser - HEADER:User-Agent --> FIELD
03:19:45.982 [qtp961160488-16] DEBUG org.eclipse.jetty.http.HttpParser - HEADER --> CONTENT
03:19:45.982 [qtp961160488-16] DEBUG org.eclipse.jetty.server.HttpChannel - REQUEST for //localhost:36749/config-minimal.yml on HttpChannelOverHttp@b59e90e{s=HttpChannelState@28af63b6{s=IDLE rs=BLOCKING os=OPEN is=IDLE awp=false se=false i=true al=0},r=1,c=false/false,a=IDLE,uri=//localhost:36749/config-minimal.yml,age=0}
GET //localhost:36749/config-minimal.yml HTTP/1.1
Host: localhost:36749
Connection: keep-alive
Accept-Encoding: gzip
User-Agent: okhttp/3.12.3


03:19:45.982 [qtp961160488-16] DEBUG org.eclipse.jetty.server.HttpConnection - HttpConnection@f6edc47::SocketChannelEndPoint@7b882073{l=/127.0.0.1:36749,r=/127.0.0.1:35080,OPEN,fill=-,flush=-,to=0/3000}{io=0/0,kio=0,kro=1}->HttpConnection@f6edc47[p=HttpParser{s=CONTENT,0 of -1},g=HttpGenerator@718a604d{s=START}]=>HttpChannelOverHttp@b59e90e{s=HttpChannelState@28af63b6{s=IDLE rs=BLOCKING os=OPEN is=IDLE awp=false se=false i=true al=0},r=1,c=false/false,a=IDLE,uri=//localhost:36749/config-minimal.yml,age=0} parsed true HttpParser{s=CONTENT,0 of -1}
03:19:45.982 [qtp961160488-16] DEBUG org.eclipse.jetty.server.HttpConnection - releaseRequestBuffer HttpConnection@f6edc47::SocketChannelEndPoint@7b882073{l=/127.0.0.1:36749,r=/127.0.0.1:35080,OPEN,fill=-,flush=-,to=0/3000}{io=0/0,kio=0,kro=1}->HttpConnection@f6edc47[p=HttpParser{s=CONTENT,0 of -1},g=HttpGenerator@718a604d{s=START}]=>HttpChannelOverHttp@b59e90e{s=HttpChannelState@28af63b6{s=IDLE rs=BLOCKING os=OPEN is=IDLE awp=false se=false i=true al=0},r=1,c=false/false,a=IDLE,uri=//localhost:36749/config-minimal.yml,age=0}
03:19:45.982 [qtp961160488-16] DEBUG org.eclipse.jetty.server.HttpChannel - handle //localhost:36749/config-minimal.yml HttpChannelOverHttp@b59e90e{s=HttpChannelState@28af63b6{s=IDLE rs=BLOCKING os=OPEN is=IDLE awp=false se=false i=true al=0},r=1,c=false/false,a=IDLE,uri=//localhost:36749/config-minimal.yml,age=0} 
03:19:45.982 [qtp961160488-16] DEBUG org.eclipse.jetty.server.HttpChannelState - handling HttpChannelState@28af63b6{s=IDLE rs=BLOCKING os=OPEN is=IDLE awp=false se=false i=true al=0}
03:19:45.982 [qtp961160488-16] DEBUG org.eclipse.jetty.server.HttpChannel - action DISPATCH HttpChannelOverHttp@b59e90e{s=HttpChannelState@28af63b6{s=HANDLING rs=BLOCKING os=OPEN is=IDLE awp=false se=false i=true al=0},r=1,c=false/false,a=HANDLING,uri=//localhost:36749/config-minimal.yml,age=0}
03:19:45.982 [qtp961160488-16] DEBUG org.eclipse.jetty.server.Server - REQUEST GET /config-minimal.yml on HttpChannelOverHttp@b59e90e{s=HttpChannelState@28af63b6{s=HANDLING rs=BLOCKING os=OPEN is=IDLE awp=false se=false i=true al=0},r=1,c=false/false,a=HANDLING,uri=//localhost:36749/config-minimal.yml,age=0}
03:19:45.990 [qtp961160488-16] DEBUG org.eclipse.jetty.server.HttpOutput - write(array HeapByteBuffer@2df3881c[p=0,l=1469,c=262144,r=1469]={<<<# Licensed to the Apache ...tination name: PutFile\n>>>\x00\x00\x00\x00\x00\x00\x00\x00\x00...\x00\x00\x00\x00\x00\x00\x00})
03:19:45.990 [qtp961160488-16] DEBUG org.eclipse.jetty.server.HttpOutput - write(array) s=CLOSING,api=BLOCKED,sc=false,e=null last=true agg=false flush=true async=false, len=1469 null
03:19:45.990 [qtp961160488-16] DEBUG org.eclipse.jetty.server.HttpChannel - sendResponse info=null content=HeapByteBuffer@4ba03296[p=0,l=1469,c=262144,r=1469]={<<<# Licensed to the Apache ...tination name: PutFile\n>>>\x00\x00\x00\x00\x00\x00\x00\x00\x00...\x00\x00\x00\x00\x00\x00\x00} complete=true committing=true callback=Blocker@4f426f53{null}
03:19:45.990 [qtp961160488-16] DEBUG org.eclipse.jetty.server.HttpChannel - COMMIT for /config-minimal.yml on HttpChannelOverHttp@b59e90e{s=HttpChannelState@28af63b6{s=HANDLING rs=BLOCKING os=COMMITTED is=IDLE awp=false se=false i=true al=0},r=1,c=false/false,a=HANDLING,uri=//localhost:36749/config-minimal.yml,age=8}
200 null HTTP/1.1
Date: Thu, 02 May 2024 02:19:45 GMT
ETag: testEtag
Content-Type: text/plain;charset=utf-8
Content-Length: 1469


03:19:45.990 [qtp961160488-16] DEBUG org.eclipse.jetty.server.HttpConnection - generate: NEED_HEADER for SendCallback@b8bd69b[PROCESSING][i=HTTP/1.1{s=200,h=4,cl=1469},cb=org.eclipse.jetty.server.HttpChannel$SendCallback@3a891c9e] (null,[p=0,l=1469,c=262144,r=1469],true)@START
03:19:45.990 [qtp961160488-16] DEBUG org.eclipse.jetty.http.HttpGenerator - generateHeaders HTTP/1.1{s=200,h=4,cl=1469} last=true content=HeapByteBuffer@4ba03296[p=0,l=1469,c=262144,r=1469]={<<<# Licensed to the Apache ...tination name: PutFile\n>>>\x00\x00\x00\x00\x00\x00\x00\x00\x00...\x00\x00\x00\x00\x00\x00\x00}
03:19:45.990 [qtp961160488-16] DEBUG org.eclipse.jetty.http.HttpGenerator - Date: Thu, 02 May 2024 02:19:45 GMT
ETag: testEtag
Content-Type: text/plain;charset=utf-8
Content-Length: 1469


03:19:45.990 [qtp961160488-16] DEBUG org.eclipse.jetty.http.HttpGenerator - CONTENT_LENGTH
03:19:45.991 [qtp961160488-16] DEBUG org.eclipse.jetty.server.HttpConnection - generate: FLUSH for SendCallback@b8bd69b[PROCESSING][i=HTTP/1.1{s=200,h=4,cl=1469},cb=org.eclipse.jetty.server.HttpChannel$SendCallback@3a891c9e] ([p=0,l=167,c=8192,r=167],[p=0,l=1469,c=262144,r=1469],true)@COMPLETING
03:19:45.991 [qtp961160488-16] DEBUG org.eclipse.jetty.io.WriteFlusher - write: WriteFlusher@70f7addb{IDLE}->null [HeapByteBuffer@59198ba9[p=0,l=167,c=8192,r=167]={<<<HTTP/1.1 200 OK\r\nDate: Th...y(9.4.44.v20210927)\r\n\r\n>>>\x00\x00\x00\x00\x00\x00\x00\x00\x00...\x00\x00\x00\x00\x00\x00\x00},HeapByteBuffer@4ba03296[p=0,l=1469,c=262144,r=1469]={<<<# Licensed to the Apache ...tination name: PutFile\n>>>\x00\x00\x00\x00\x00\x00\x00\x00\x00...\x00\x00\x00\x00\x00\x00\x00}]
03:19:45.991 [qtp961160488-16] DEBUG org.eclipse.jetty.io.WriteFlusher - update WriteFlusher@70f7addb{WRITING}->null:IDLE-->WRITING
03:19:45.991 [qtp961160488-16] DEBUG org.eclipse.jetty.io.ChannelEndPoint - flushed 1636 SocketChannelEndPoint@7b882073{l=/127.0.0.1:36749,r=/127.0.0.1:35080,OPEN,fill=-,flush=W,to=9/3000}{io=0/0,kio=0,kro=1}->HttpConnection@f6edc47[p=HttpParser{s=CONTENT,0 of -1},g=HttpGenerator@718a604d{s=COMPLETING}]=>HttpChannelOverHttp@b59e90e{s=HttpChannelState@28af63b6{s=HANDLING rs=BLOCKING os=COMMITTED is=IDLE awp=false se=false i=true al=0},r=1,c=false/false,a=HANDLING,uri=//localhost:36749/config-minimal.yml,age=9}
03:19:45.991 [main] DEBUG org.apache.nifi.minifi.bootstrap.configuration.ingestors.PullHttpChangeIngestor - Response received: Response{protocol=http/1.1, code=200, message=OK, url=http://localhost:36749/config-minimal.yml}
03:19:45.991 [qtp961160488-16] DEBUG org.eclipse.jetty.io.WriteFlusher - Flushed=true written=1636 remaining=0 WriteFlusher@70f7addb{WRITING}->null
03:19:45.991 [qtp961160488-16] DEBUG org.eclipse.jetty.io.WriteFlusher - update WriteFlusher@70f7addb{IDLE}->null:WRITING-->IDLE
03:19:45.991 [main] DEBUG org.apache.nifi.minifi.bootstrap.configuration.ingestors.PullHttpChangeIngestor - Preserving previous security properties...
03:19:45.991 [qtp961160488-16] DEBUG org.eclipse.jetty.server.HttpConnection - generate: DONE for SendCallback@b8bd69b[PROCESSING][i=HTTP/1.1{s=200,h=4,cl=1469},cb=org.eclipse.jetty.server.HttpChannel$SendCallback@3a891c9e] ([p=167,l=167,c=8192,r=0],[p=1469,l=1469,c=262144,r=0],true)@END
03:19:45.991 [qtp961160488-16] DEBUG org.eclipse.jetty.server.HttpOutput - onWriteComplete(true,null) s=CLOSING,api=BLOCKED,sc=false,e=null->s=CLOSED,api=BLOCKING,sc=false,e=null c=null cb=null w=false
03:19:45.992 [qtp961160488-16] DEBUG org.eclipse.jetty.server.HttpOutput - close() s=CLOSED,api=BLOCKING,sc=false,e=null c=null b=null
03:19:45.992 [qtp961160488-16] DEBUG org.eclipse.jetty.server.Server - handled=true async=false committed=true on HttpChannelOverHttp@b59e90e{s=HttpChannelState@28af63b6{s=HANDLING rs=BLOCKING os=COMPLETED is=IDLE awp=false se=false i=true al=0},r=1,c=false/true,a=HANDLING,uri=//localhost:36749/config-minimal.yml,age=10}
03:19:45.992 [qtp961160488-16] DEBUG org.eclipse.jetty.server.HttpChannelState - unhandle HttpChannelState@28af63b6{s=HANDLING rs=BLOCKING os=COMPLETED is=IDLE awp=false se=false i=true al=0}
03:19:45.992 [qtp961160488-16] DEBUG org.eclipse.jetty.server.HttpChannelState - nextAction(false) COMPLETE HttpChannelState@28af63b6{s=HANDLING rs=COMPLETING os=COMPLETED is=IDLE awp=false se=false i=false al=0}
03:19:45.992 [qtp961160488-16] DEBUG org.eclipse.jetty.server.HttpChannel - action COMPLETE HttpChannelOverHttp@b59e90e{s=HttpChannelState@28af63b6{s=HANDLING rs=COMPLETING os=COMPLETED is=IDLE awp=false se=false i=false al=0},r=1,c=false/true,a=HANDLING,uri=//localhost:36749/config-minimal.yml,age=10}
03:19:45.992 [qtp961160488-16] DEBUG org.eclipse.jetty.server.HttpOutput - complete(org.eclipse.jetty.util.Callback$3@2c136c61) s=CLOSED,api=BLOCKING,sc=false,e=null s=true e=null, c=null
03:19:45.992 [qtp961160488-16] DEBUG org.eclipse.jetty.server.HttpChannelState - completed HttpChannelState@28af63b6{s=HANDLING rs=COMPLETING os=COMPLETED is=IDLE awp=false se=false i=false al=0}
03:19:45.992 [qtp961160488-16] DEBUG org.eclipse.jetty.server.HttpChannelState - unhandle HttpChannelState@28af63b6{s=HANDLING rs=COMPLETED os=COMPLETED is=IDLE awp=false se=false i=false al=0}
03:19:45.992 [qtp961160488-16] DEBUG org.eclipse.jetty.server.HttpChannelState - nextAction(false) TERMINATED HttpChannelState@28af63b6{s=IDLE rs=COMPLETED os=COMPLETED is=IDLE awp=false se=false i=false al=0}
03:19:45.992 [qtp961160488-16] DEBUG org.eclipse.jetty.server.HttpChannel - action TERMINATED HttpChannelOverHttp@b59e90e{s=HttpChannelState@28af63b6{s=IDLE rs=COMPLETED os=COMPLETED is=IDLE awp=false se=false i=false al=0},r=1,c=true/true,a=IDLE,uri=//localhost:36749/config-minimal.yml,age=10}
03:19:45.992 [qtp961160488-16] DEBUG org.eclipse.jetty.server.HttpChannel - onCompleted for /config-minimal.yml written=1469
03:19:45.992 [qtp961160488-16] DEBUG org.eclipse.jetty.io.ChannelEndPoint - filled 0 HeapByteBuffer@59198ba9[p=0,l=0,c=8192,r=0]={<<<>>>HTTP/1.1 ...\x00\x00\x00\x00\x00\x00\x00}
03:19:45.992 [qtp961160488-16] DEBUG org.eclipse.jetty.io.ChannelEndPoint - filled 0 HeapByteBuffer@59198ba9[p=0,l=0,c=8192,r=0]={<<<>>>HTTP/1.1 ...\x00\x00\x00\x00\x00\x00\x00}
03:19:45.993 [qtp961160488-16] DEBUG org.eclipse.jetty.server.HttpConnection - HttpConnection@f6edc47::SocketChannelEndPoint@7b882073{l=/127.0.0.1:36749,r=/127.0.0.1:35080,OPEN,fill=-,flush=-,to=1/3000}{io=0/0,kio=0,kro=1}->HttpConnection@f6edc47[p=HttpParser{s=CONTENT,0 of -1},g=HttpGenerator@718a604d{s=END}]=>HttpChannelOverHttp@b59e90e{s=HttpChannelState@28af63b6{s=IDLE rs=COMPLETED os=COMPLETED is=IDLE awp=false se=false i=false al=0},r=1,c=true/true,a=IDLE,uri=//localhost:36749/config-minimal.yml,age=11} filled 0 HeapByteBuffer@59198ba9[p=0,l=0,c=8192,r=0]={<<<>>>HTTP/1.1 ...\x00\x00\x00\x00\x00\x00\x00}
03:19:45.993 [qtp961160488-16] DEBUG org.eclipse.jetty.server.HttpConnection - HttpConnection@f6edc47::SocketChannelEndPoint@7b882073{l=/127.0.0.1:36749,r=/127.0.0.1:35080,OPEN,fill=-,flush=-,to=1/3000}{io=0/0,kio=0,kro=1}->HttpConnection@f6edc47[p=HttpParser{s=CONTENT,0 of -1},g=HttpGenerator@718a604d{s=END}]=>HttpChannelOverHttp@b59e90e{s=HttpChannelState@28af63b6{s=IDLE rs=COMPLETED os=COMPLETED is=IDLE awp=false se=false i=false al=0},r=1,c=true/true,a=IDLE,uri=//localhost:36749/config-minimal.yml,age=11} parse HeapByteBuffer@59198ba9[p=0,l=0,c=8192,r=0]={<<<>>>HTTP/1.1 ...\x00\x00\x00\x00\x00\x00\x00} {}
03:19:45.993 [qtp961160488-16] DEBUG org.eclipse.jetty.http.HttpParser - parseNext s=CONTENT HeapByteBuffer@59198ba9[p=0,l=0,c=8192,r=0]={<<<>>>HTTP/1.1 ...\x00\x00\x00\x00\x00\x00\x00}
03:19:45.993 [qtp961160488-16] DEBUG org.eclipse.jetty.http.HttpParser - CONTENT --> CONTENT_END
03:19:45.993 [qtp961160488-16] DEBUG org.eclipse.jetty.server.HttpChannel - onContentComplete HttpChannelOverHttp@b59e90e{s=HttpChannelState@28af63b6{s=IDLE rs=COMPLETED os=COMPLETED is=IDLE awp=false se=false i=false al=0},r=1,c=true/true,a=IDLE,uri=//localhost:36749/config-minimal.yml,age=11}
03:19:45.993 [qtp961160488-16] DEBUG org.eclipse.jetty.http.HttpParser - CONTENT_END --> END
03:19:45.993 [qtp961160488-16] DEBUG org.eclipse.jetty.server.HttpChannel - onRequestComplete HttpChannelOverHttp@b59e90e{s=HttpChannelState@28af63b6{s=IDLE rs=COMPLETED os=COMPLETED is=IDLE awp=false se=false i=false al=0},r=1,c=true/true,a=IDLE,uri=//localhost:36749/config-minimal.yml,age=11}
03:19:45.993 [qtp961160488-16] DEBUG org.eclipse.jetty.server.HttpInput - HttpInputOverHTTP@79f94876[c=0,q=0,[0]=null,s=STREAM] addContent EOF
03:19:45.993 [qtp961160488-16] DEBUG org.eclipse.jetty.server.HttpConnection - HttpConnection@f6edc47::SocketChannelEndPoint@7b882073{l=/127.0.0.1:36749,r=/127.0.0.1:35080,OPEN,fill=-,flush=-,to=2/3000}{io=0/0,kio=0,kro=1}->HttpConnection@f6edc47[p=HttpParser{s=END,0 of -1},g=HttpGenerator@718a604d{s=END}]=>HttpChannelOverHttp@b59e90e{s=HttpChannelState@28af63b6{s=IDLE rs=COMPLETED os=COMPLETED is=IDLE awp=false se=false i=false al=0},r=1,c=true/true,a=IDLE,uri=//localhost:36749/config-minimal.yml,age=11} parsed false HttpParser{s=END,0 of -1}
03:19:45.993 [qtp961160488-16] DEBUG org.eclipse.jetty.server.HttpConnection - releaseRequestBuffer HttpConnection@f6edc47::SocketChannelEndPoint@7b882073{l=/127.0.0.1:36749,r=/127.0.0.1:35080,OPEN,fill=-,flush=-,to=2/3000}{io=0/0,kio=0,kro=1}->HttpConnection@f6edc47[p=HttpParser{s=END,0 of -1},g=HttpGenerator@718a604d{s=END}]=>HttpChannelOverHttp@b59e90e{s=HttpChannelState@28af63b6{s=IDLE rs=COMPLETED os=COMPLETED is=IDLE awp=false se=false i=false al=0},r=1,c=true/true,a=IDLE,uri=//localhost:36749/config-minimal.yml,age=11}
03:19:45.993 [qtp961160488-16] DEBUG org.eclipse.jetty.server.HttpChannelState - recycle HttpChannelState@28af63b6{s=IDLE rs=COMPLETED os=COMPLETED is=IDLE awp=false se=false i=false al=0}
03:19:45.993 [qtp961160488-16] DEBUG org.eclipse.jetty.http.HttpParser - reset HttpParser{s=END,0 of -1}
03:19:45.993 [qtp961160488-16] DEBUG org.eclipse.jetty.http.HttpParser - END --> START
03:19:45.993 [qtp961160488-16] DEBUG org.eclipse.jetty.server.HttpChannel - !handle TERMINATED HttpChannelOverHttp@b59e90e{s=HttpChannelState@28af63b6{s=IDLE rs=BLOCKING os=OPEN is=IDLE awp=false se=false i=true al=0},r=1,c=false/false,a=IDLE,uri=null,age=0}
03:19:45.993 [qtp961160488-16] DEBUG org.eclipse.jetty.io.ChannelEndPoint - filled 0 HeapByteBuffer@59198ba9[p=0,l=0,c=8192,r=0]={<<<>>>HTTP/1.1 ...\x00\x00\x00\x00\x00\x00\x00}
03:19:45.994 [qtp961160488-16] DEBUG org.eclipse.jetty.io.ChannelEndPoint - filled 0 HeapByteBuffer@59198ba9[p=0,l=0,c=8192,r=0]={<<<>>>HTTP/1.1 ...\x00\x00\x00\x00\x00\x00\x00}
03:19:45.994 [qtp961160488-16] DEBUG org.eclipse.jetty.server.HttpConnection - HttpConnection@f6edc47::SocketChannelEndPoint@7b882073{l=/127.0.0.1:36749,r=/127.0.0.1:35080,OPEN,fill=-,flush=-,to=2/3000}{io=0/0,kio=0,kro=1}->HttpConnection@f6edc47[p=HttpParser{s=START,0 of -1},g=HttpGenerator@718a604d{s=START}]=>HttpChannelOverHttp@b59e90e{s=HttpChannelState@28af63b6{s=IDLE rs=BLOCKING os=OPEN is=IDLE awp=false se=false i=true al=0},r=1,c=false/false,a=IDLE,uri=null,age=0} filled 0 HeapByteBuffer@59198ba9[p=0,l=0,c=8192,r=0]={<<<>>>HTTP/1.1 ...\x00\x00\x00\x00\x00\x00\x00}
03:19:45.994 [qtp961160488-16] DEBUG org.eclipse.jetty.server.HttpConnection - HttpConnection@f6edc47::SocketChannelEndPoint@7b882073{l=/127.0.0.1:36749,r=/127.0.0.1:35080,OPEN,fill=-,flush=-,to=2/3000}{io=0/0,kio=0,kro=1}->HttpConnection@f6edc47[p=HttpParser{s=START,0 of -1},g=HttpGenerator@718a604d{s=START}]=>HttpChannelOverHttp@b59e90e{s=HttpChannelState@28af63b6{s=IDLE rs=BLOCKING os=OPEN is=IDLE awp=false se=false i=true al=0},r=1,c=false/false,a=IDLE,uri=null,age=0} parse HeapByteBuffer@59198ba9[p=0,l=0,c=8192,r=0]={<<<>>>HTTP/1.1 ...\x00\x00\x00\x00\x00\x00\x00} {}
03:19:45.994 [qtp961160488-16] DEBUG org.eclipse.jetty.http.HttpParser - parseNext s=START HeapByteBuffer@59198ba9[p=0,l=0,c=8192,r=0]={<<<>>>HTTP/1.1 ...\x00\x00\x00\x00\x00\x00\x00}
03:19:45.994 [qtp961160488-16] DEBUG org.eclipse.jetty.server.HttpConnection - HttpConnection@f6edc47::SocketChannelEndPoint@7b882073{l=/127.0.0.1:36749,r=/127.0.0.1:35080,OPEN,fill=-,flush=-,to=2/3000}{io=0/0,kio=0,kro=1}->HttpConnection@f6edc47[p=HttpParser{s=START,0 of -1},g=HttpGenerator@718a604d{s=START}]=>HttpChannelOverHttp@b59e90e{s=HttpChannelState@28af63b6{s=IDLE rs=BLOCKING os=OPEN is=IDLE awp=false se=false i=true al=0},r=1,c=false/false,a=IDLE,uri=null,age=0} parsed false HttpParser{s=START,0 of -1}
03:19:45.994 [qtp961160488-16] DEBUG org.eclipse.jetty.server.HttpConnection - releaseRequestBuffer HttpConnection@f6edc47::SocketChannelEndPoint@7b882073{l=/127.0.0.1:36749,r=/127.0.0.1:35080,OPEN,fill=-,flush=-,to=3/3000}{io=0/0,kio=0,kro=1}->HttpConnection@f6edc47[p=HttpParser{s=START,0 of -1},g=HttpGenerator@718a604d{s=START}]=>HttpChannelOverHttp@b59e90e{s=HttpChannelState@28af63b6{s=IDLE rs=BLOCKING os=OPEN is=IDLE awp=false se=false i=true al=0},r=1,c=false/false,a=IDLE,uri=null,age=0}
03:19:45.994 [qtp961160488-16] DEBUG org.eclipse.jetty.io.AbstractConnection - fillInterested HttpConnection@f6edc47::SocketChannelEndPoint@7b882073{l=/127.0.0.1:36749,r=/127.0.0.1:35080,OPEN,fill=-,flush=-,to=3/3000}{io=0/0,kio=0,kro=1}->HttpConnection@f6edc47[p=HttpParser{s=START,0 of -1},g=HttpGenerator@718a604d{s=START}]=>HttpChannelOverHttp@b59e90e{s=HttpChannelState@28af63b6{s=IDLE rs=BLOCKING os=OPEN is=IDLE awp=false se=false i=true al=0},r=1,c=false/false,a=IDLE,uri=null,age=0}
03:19:45.994 [qtp961160488-16] DEBUG org.eclipse.jetty.io.FillInterest - interested FillInterest@22eb1f19{AC.ReadCB@f6edc47{HttpConnection@f6edc47::SocketChannelEndPoint@7b882073{l=/127.0.0.1:36749,r=/127.0.0.1:35080,OPEN,fill=FI,flush=-,to=0/3000}{io=0/0,kio=0,kro=1}->HttpConnection@f6edc47[p=HttpParser{s=START,0 of -1},g=HttpGenerator@718a604d{s=START}]=>HttpChannelOverHttp@b59e90e{s=HttpChannelState@28af63b6{s=IDLE rs=BLOCKING os=OPEN is=IDLE awp=false se=false i=true al=0},r=1,c=false/false,a=IDLE,uri=null,age=0}}}
03:19:45.995 [qtp961160488-16] DEBUG org.eclipse.jetty.io.ChannelEndPoint - changeInterests p=false 0->1 for SocketChannelEndPoint@7b882073{l=/127.0.0.1:36749,r=/127.0.0.1:35080,OPEN,fill=FI,flush=-,to=0/3000}{io=0/1,kio=0,kro=1}->HttpConnection@f6edc47[p=HttpParser{s=START,0 of -1},g=HttpGenerator@718a604d{s=START}]=>HttpChannelOverHttp@b59e90e{s=HttpChannelState@28af63b6{s=IDLE rs=BLOCKING os=OPEN is=IDLE awp=false se=false i=true al=0},r=1,c=false/false,a=IDLE,uri=null,age=0}
03:19:45.995 [qtp961160488-16] DEBUG org.eclipse.jetty.io.ManagedSelector - Queued change lazy=false org.eclipse.jetty.io.ChannelEndPoint$$Lambda$255/90666987@5b9e73e7 on ManagedSelector@4803b726{STARTED} id=1 keys=2 selected=0 updates=0
03:19:45.995 [qtp961160488-16] DEBUG org.eclipse.jetty.io.ManagedSelector - Wakeup on submit ManagedSelector@4803b726{STARTED} id=1 keys=2 selected=0 updates=1
03:19:45.995 [qtp961160488-18] DEBUG org.eclipse.jetty.io.ManagedSelector - Selector sun.nio.ch.EPollSelectorImpl@6684ed9 woken with none selected
03:19:45.995 [qtp961160488-18] DEBUG org.eclipse.jetty.io.ManagedSelector - Selector sun.nio.ch.EPollSelectorImpl@6684ed9 woken up from select, 0/0/2 selected
03:19:45.995 [qtp961160488-18] DEBUG org.eclipse.jetty.io.ManagedSelector - Selector sun.nio.ch.EPollSelectorImpl@6684ed9 processing 0 keys, 1 updates
03:19:45.995 [qtp961160488-18] DEBUG org.eclipse.jetty.io.ManagedSelector - updateable 1
03:19:45.995 [qtp961160488-18] DEBUG org.eclipse.jetty.io.ManagedSelector - update org.eclipse.jetty.io.ChannelEndPoint$$Lambda$255/90666987@5b9e73e7
03:19:45.995 [qtp961160488-16] DEBUG org.eclipse.jetty.server.HttpConnection - HttpConnection@f6edc47::SocketChannelEndPoint@7b882073{l=/127.0.0.1:36749,r=/127.0.0.1:35080,OPEN,fill=FI,flush=-,to=0/3000}{io=0/1,kio=0,kro=1}->HttpConnection@f6edc47[p=HttpParser{s=START,0 of -1},g=HttpGenerator@718a604d{s=START}]=>HttpChannelOverHttp@b59e90e{s=HttpChannelState@28af63b6{s=IDLE rs=BLOCKING os=OPEN is=IDLE awp=false se=false i=true al=0},r=1,c=false/false,a=IDLE,uri=null,age=0} onFillable exit HttpChannelState@28af63b6{s=IDLE rs=BLOCKING os=OPEN is=IDLE awp=false se=false i=true al=0} null
03:19:45.995 [qtp961160488-16] DEBUG org.eclipse.jetty.util.thread.QueuedThreadPool - ran org.eclipse.jetty.io.ManagedSelector$$Lambda$253/838473569@2c1b194a in QueuedThreadPool[qtp961160488]@394a2528{STARTED,8<=8<=200,i=1,r=-1,q=0}[ReservedThreadExecutor@383bfa16{reserved=1/8,pending=0}]
03:19:45.995 [qtp961160488-18] DEBUG org.eclipse.jetty.io.ChannelEndPoint - Key interests updated 0 -> 1 on SocketChannelEndPoint@7b882073{l=/127.0.0.1:36749,r=/127.0.0.1:35080,OPEN,fill=FI,flush=-,to=0/3000}{io=1/1,kio=1,kro=1}->HttpConnection@f6edc47[p=HttpParser{s=START,0 of -1},g=HttpGenerator@718a604d{s=START}]=>HttpChannelOverHttp@b59e90e{s=HttpChannelState@28af63b6{s=IDLE rs=BLOCKING os=OPEN is=IDLE awp=false se=false i=true al=0},r=1,c=false/false,a=IDLE,uri=null,age=0}
03:19:45.995 [qtp961160488-18] DEBUG org.eclipse.jetty.io.ManagedSelector - updates 0
03:19:45.995 [qtp961160488-18] DEBUG org.eclipse.jetty.io.ManagedSelector - Selector sun.nio.ch.EPollSelectorImpl@6684ed9 waiting with 2 keys
03:19:46.153 [main] DEBUG org.apache.nifi.minifi.bootstrap.configuration.ingestors.PullHttpChangeIngestor - New change received, notifying listener
03:19:46.153 [main] DEBUG org.apache.nifi.minifi.bootstrap.configuration.ingestors.PullHttpChangeIngestor - Listeners notified
]]></system-out>
  </testcase>
  <testcase name="testNoUpdate" classname="org.apache.nifi.minifi.bootstrap.configuration.ingestors.PullHttpChangeIngestorTest" time="0.007">
    <system-out><![CDATA[03:19:46.165 [main] DEBUG org.apache.nifi.minifi.bootstrap.configuration.ingestors.PullHttpChangeIngestor - Attempting to pull new config
03:19:46.166 [qtp961160488-19-acceptor-0@1e1a0406-ServerConnector@446293d{HTTP/1.1, (http/1.1)}{localhost:36749}] DEBUG org.eclipse.jetty.io.ManagedSelector - Queued change lazy=false Accept@413182fe[java.nio.channels.SocketChannel[connected local=/127.0.0.1:36749 remote=/127.0.0.1:35086]] on ManagedSelector@316bcf94{STARTED} id=2 keys=1 selected=0 updates=0
03:19:46.166 [qtp961160488-19-acceptor-0@1e1a0406-ServerConnector@446293d{HTTP/1.1, (http/1.1)}{localhost:36749}] DEBUG org.eclipse.jetty.io.ManagedSelector - Wakeup on submit ManagedSelector@316bcf94{STARTED} id=2 keys=1 selected=0 updates=1
03:19:46.166 [qtp961160488-21] DEBUG org.eclipse.jetty.io.ManagedSelector - Selector sun.nio.ch.EPollSelectorImpl@4b5bcbdf woken with none selected
03:19:46.166 [qtp961160488-21] DEBUG org.eclipse.jetty.io.ManagedSelector - Selector sun.nio.ch.EPollSelectorImpl@4b5bcbdf woken up from select, 0/0/1 selected
03:19:46.166 [qtp961160488-21] DEBUG org.eclipse.jetty.io.ManagedSelector - Selector sun.nio.ch.EPollSelectorImpl@4b5bcbdf processing 0 keys, 1 updates
03:19:46.166 [qtp961160488-21] DEBUG org.eclipse.jetty.io.ManagedSelector - updateable 1
03:19:46.166 [qtp961160488-21] DEBUG org.eclipse.jetty.io.ManagedSelector - update Accept@413182fe[java.nio.channels.SocketChannel[connected local=/127.0.0.1:36749 remote=/127.0.0.1:35086]]
03:19:46.167 [qtp961160488-21] DEBUG org.eclipse.jetty.util.thread.QueuedThreadPool - queue Accept@413182fe[java.nio.channels.SocketChannel[connected local=/127.0.0.1:36749 remote=/127.0.0.1:35086]] startThread=0
03:19:46.167 [qtp961160488-21] DEBUG org.eclipse.jetty.io.ManagedSelector - updates 0
03:19:46.167 [qtp961160488-20] DEBUG org.eclipse.jetty.util.thread.QueuedThreadPool - run Accept@413182fe[java.nio.channels.SocketChannel[connected local=/127.0.0.1:36749 remote=/127.0.0.1:35086]] in QueuedThreadPool[qtp961160488]@394a2528{STARTED,8<=8<=200,i=1,r=-1,q=0}[ReservedThreadExecutor@383bfa16{reserved=1/8,pending=0}]
03:19:46.167 [qtp961160488-21] DEBUG org.eclipse.jetty.io.ManagedSelector - Selector sun.nio.ch.EPollSelectorImpl@4b5bcbdf waiting with 2 keys
03:19:46.167 [qtp961160488-20] DEBUG org.eclipse.jetty.io.IdleTimeout - SocketChannelEndPoint@11f8b203{l=/127.0.0.1:36749,r=/127.0.0.1:35086,OPEN,fill=-,flush=-,to=0/3000}{io=0/0,kio=0,kro=0}-><null> idle timeout check, elapsed: 0 ms, remaining: 3000 ms
03:19:46.167 [qtp961160488-20] DEBUG org.eclipse.jetty.server.HttpChannel - new HttpChannelOverHttp@33d22079{s=HttpChannelState@49bbe2cd{s=IDLE rs=BLOCKING os=OPEN is=IDLE awp=false se=false i=true al=0},r=0,c=false/false,a=IDLE,uri=null,age=0} -> SocketChannelEndPoint@11f8b203{l=/127.0.0.1:36749,r=/127.0.0.1:35086,OPEN,fill=-,flush=-,to=0/3000}{io=0/0,kio=0,kro=0}-><null>,null,HttpChannelState@49bbe2cd{s=IDLE rs=BLOCKING os=OPEN is=IDLE awp=false se=false i=true al=0}
03:19:46.167 [qtp961160488-20] DEBUG org.eclipse.jetty.server.HttpConnection - New HTTP Connection HttpConnection@6192a156::SocketChannelEndPoint@11f8b203{l=/127.0.0.1:36749,r=/127.0.0.1:35086,OPEN,fill=-,flush=-,to=0/3000}{io=0/0,kio=0,kro=0}-><null>
03:19:46.167 [qtp961160488-20] DEBUG org.eclipse.jetty.io.ManagedSelector - Queued change lazy=true org.eclipse.jetty.io.ManagedSelector$$Lambda$258/445561681@35ae6fcd on ManagedSelector@316bcf94{STARTED} id=2 keys=2 selected=0 updates=0
03:19:46.167 [qtp961160488-20] DEBUG org.eclipse.jetty.io.AbstractEndPoint - onOpen SocketChannelEndPoint@11f8b203{l=/127.0.0.1:36749,r=/127.0.0.1:35086,OPEN,fill=-,flush=-,to=0/3000}{io=0/0,kio=0,kro=0}->HttpConnection@6192a156[p=HttpParser{s=START,0 of -1},g=HttpGenerator@17dd50e9{s=START}]=>HttpChannelOverHttp@33d22079{s=HttpChannelState@49bbe2cd{s=IDLE rs=BLOCKING os=OPEN is=IDLE awp=false se=false i=true al=0},r=0,c=false/false,a=IDLE,uri=null,age=0}
03:19:46.167 [qtp961160488-20] DEBUG org.eclipse.jetty.io.AbstractConnection - onOpen HttpConnection@6192a156::SocketChannelEndPoint@11f8b203{l=/127.0.0.1:36749,r=/127.0.0.1:35086,OPEN,fill=-,flush=-,to=0/3000}{io=0/0,kio=0,kro=0}->HttpConnection@6192a156[p=HttpParser{s=START,0 of -1},g=HttpGenerator@17dd50e9{s=START}]=>HttpChannelOverHttp@33d22079{s=HttpChannelState@49bbe2cd{s=IDLE rs=BLOCKING os=OPEN is=IDLE awp=false se=false i=true al=0},r=0,c=false/false,a=IDLE,uri=null,age=0}
03:19:46.167 [qtp961160488-20] DEBUG org.eclipse.jetty.io.AbstractConnection - fillInterested HttpConnection@6192a156::SocketChannelEndPoint@11f8b203{l=/127.0.0.1:36749,r=/127.0.0.1:35086,OPEN,fill=-,flush=-,to=0/3000}{io=0/0,kio=0,kro=0}->HttpConnection@6192a156[p=HttpParser{s=START,0 of -1},g=HttpGenerator@17dd50e9{s=START}]=>HttpChannelOverHttp@33d22079{s=HttpChannelState@49bbe2cd{s=IDLE rs=BLOCKING os=OPEN is=IDLE awp=false se=false i=true al=0},r=0,c=false/false,a=IDLE,uri=null,age=0}
03:19:46.167 [qtp961160488-20] DEBUG org.eclipse.jetty.io.FillInterest - interested FillInterest@1e66555{AC.ReadCB@6192a156{HttpConnection@6192a156::SocketChannelEndPoint@11f8b203{l=/127.0.0.1:36749,r=/127.0.0.1:35086,OPEN,fill=FI,flush=-,to=0/3000}{io=0/0,kio=0,kro=0}->HttpConnection@6192a156[p=HttpParser{s=START,0 of -1},g=HttpGenerator@17dd50e9{s=START}]=>HttpChannelOverHttp@33d22079{s=HttpChannelState@49bbe2cd{s=IDLE rs=BLOCKING os=OPEN is=IDLE awp=false se=false i=true al=0},r=0,c=false/false,a=IDLE,uri=null,age=0}}}
03:19:46.168 [qtp961160488-20] DEBUG org.eclipse.jetty.io.ChannelEndPoint - changeInterests p=false 0->1 for SocketChannelEndPoint@11f8b203{l=/127.0.0.1:36749,r=/127.0.0.1:35086,OPEN,fill=FI,flush=-,to=0/3000}{io=0/1,kio=0,kro=0}->HttpConnection@6192a156[p=HttpParser{s=START,0 of -1},g=HttpGenerator@17dd50e9{s=START}]=>HttpChannelOverHttp@33d22079{s=HttpChannelState@49bbe2cd{s=IDLE rs=BLOCKING os=OPEN is=IDLE awp=false se=false i=true al=0},r=0,c=false/false,a=IDLE,uri=null,age=0}
03:19:46.168 [qtp961160488-20] DEBUG org.eclipse.jetty.io.ManagedSelector - Queued change lazy=false org.eclipse.jetty.io.ChannelEndPoint$$Lambda$255/90666987@758aec2e on ManagedSelector@316bcf94{STARTED} id=2 keys=2 selected=0 updates=1
03:19:46.168 [qtp961160488-20] DEBUG org.eclipse.jetty.io.ManagedSelector - Wakeup on submit ManagedSelector@316bcf94{STARTED} id=2 keys=2 selected=0 updates=2
03:19:46.168 [qtp961160488-21] DEBUG org.eclipse.jetty.io.ManagedSelector - Selector sun.nio.ch.EPollSelectorImpl@4b5bcbdf woken with none selected
03:19:46.168 [qtp961160488-21] DEBUG org.eclipse.jetty.io.ManagedSelector - Selector sun.nio.ch.EPollSelectorImpl@4b5bcbdf woken up from select, 0/0/2 selected
03:19:46.168 [qtp961160488-21] DEBUG org.eclipse.jetty.io.ManagedSelector - Selector sun.nio.ch.EPollSelectorImpl@4b5bcbdf processing 0 keys, 2 updates
03:19:46.168 [qtp961160488-21] DEBUG org.eclipse.jetty.io.ManagedSelector - updateable 2
03:19:46.168 [qtp961160488-20] DEBUG org.eclipse.jetty.io.ManagedSelector - Created SocketChannelEndPoint@11f8b203{l=/127.0.0.1:36749,r=/127.0.0.1:35086,OPEN,fill=FI,flush=-,to=0/3000}{io=0/1,kio=0,kro=0}->HttpConnection@6192a156[p=HttpParser{s=START,0 of -1},g=HttpGenerator@17dd50e9{s=START}]=>HttpChannelOverHttp@33d22079{s=HttpChannelState@49bbe2cd{s=IDLE rs=BLOCKING os=OPEN is=IDLE awp=false se=false i=true al=0},r=0,c=false/false,a=IDLE,uri=null,age=0}
03:19:46.168 [qtp961160488-21] DEBUG org.eclipse.jetty.io.ManagedSelector - update org.eclipse.jetty.io.ManagedSelector$$Lambda$258/445561681@35ae6fcd
03:19:46.168 [qtp961160488-21] DEBUG org.eclipse.jetty.io.ManagedSelector - update org.eclipse.jetty.io.ChannelEndPoint$$Lambda$255/90666987@758aec2e
03:19:46.168 [qtp961160488-20] DEBUG org.eclipse.jetty.util.thread.QueuedThreadPool - ran Accept@413182fe[java.nio.channels.SocketChannel[connected local=/127.0.0.1:36749 remote=/127.0.0.1:35086]] in QueuedThreadPool[qtp961160488]@394a2528{STARTED,8<=8<=200,i=1,r=-1,q=0}[ReservedThreadExecutor@383bfa16{reserved=1/8,pending=0}]
03:19:46.168 [qtp961160488-21] DEBUG org.eclipse.jetty.io.ChannelEndPoint - Key interests updated 0 -> 1 on SocketChannelEndPoint@11f8b203{l=/127.0.0.1:36749,r=/127.0.0.1:35086,OPEN,fill=FI,flush=-,to=0/3000}{io=1/1,kio=1,kro=0}->HttpConnection@6192a156[p=HttpParser{s=START,0 of -1},g=HttpGenerator@17dd50e9{s=START}]=>HttpChannelOverHttp@33d22079{s=HttpChannelState@49bbe2cd{s=IDLE rs=BLOCKING os=OPEN is=IDLE awp=false se=false i=true al=0},r=0,c=false/false,a=IDLE,uri=null,age=0}
03:19:46.168 [qtp961160488-21] DEBUG org.eclipse.jetty.io.ManagedSelector - updates 0
03:19:46.168 [qtp961160488-21] DEBUG org.eclipse.jetty.io.ManagedSelector - Selector sun.nio.ch.EPollSelectorImpl@4b5bcbdf waiting with 2 keys
03:19:46.168 [qtp961160488-21] DEBUG org.eclipse.jetty.io.ManagedSelector - Selector sun.nio.ch.EPollSelectorImpl@4b5bcbdf woken up from select, 1/1/2 selected
03:19:46.168 [qtp961160488-21] DEBUG org.eclipse.jetty.io.ManagedSelector - Selector sun.nio.ch.EPollSelectorImpl@4b5bcbdf processing 1 keys, 0 updates
03:19:46.168 [qtp961160488-21] DEBUG org.eclipse.jetty.io.ManagedSelector - selected 1 sun.nio.ch.SelectionKeyImpl@50f5ee63 SocketChannelEndPoint@11f8b203{l=/127.0.0.1:36749,r=/127.0.0.1:35086,OPEN,fill=FI,flush=-,to=0/3000}{io=1/1,kio=1,kro=1}->HttpConnection@6192a156[p=HttpParser{s=START,0 of -1},g=HttpGenerator@17dd50e9{s=START}]=>HttpChannelOverHttp@33d22079{s=HttpChannelState@49bbe2cd{s=IDLE rs=BLOCKING os=OPEN is=IDLE awp=false se=false i=true al=0},r=0,c=false/false,a=IDLE,uri=null,age=0} 
03:19:46.168 [qtp961160488-21] DEBUG org.eclipse.jetty.io.ChannelEndPoint - onSelected 1->0 r=true w=false for SocketChannelEndPoint@11f8b203{l=/127.0.0.1:36749,r=/127.0.0.1:35086,OPEN,fill=FI,flush=-,to=0/3000}{io=1/0,kio=1,kro=1}->HttpConnection@6192a156[p=HttpParser{s=START,0 of -1},g=HttpGenerator@17dd50e9{s=START}]=>HttpChannelOverHttp@33d22079{s=HttpChannelState@49bbe2cd{s=IDLE rs=BLOCKING os=OPEN is=IDLE awp=false se=false i=true al=0},r=0,c=false/false,a=IDLE,uri=null,age=0}
03:19:46.168 [qtp961160488-21] DEBUG org.eclipse.jetty.io.ChannelEndPoint - task CEP:SocketChannelEndPoint@11f8b203{l=/127.0.0.1:36749,r=/127.0.0.1:35086,OPEN,fill=FI,flush=-,to=0/3000}{io=1/0,kio=1,kro=1}->HttpConnection@6192a156[p=HttpParser{s=START,0 of -1},g=HttpGenerator@17dd50e9{s=START}]=>HttpChannelOverHttp@33d22079{s=HttpChannelState@49bbe2cd{s=IDLE rs=BLOCKING os=OPEN is=IDLE awp=false se=false i=true al=0},r=0,c=false/false,a=IDLE,uri=null,age=0}:runFillable:BLOCKING
03:19:46.168 [qtp961160488-21] DEBUG org.eclipse.jetty.util.thread.ReservedThreadExecutor - ReservedThreadExecutor@383bfa16{reserved=1/8,pending=0} tryExecute EatWhatYouKill@ffaa6af/SelectorProducer@53ce1329/PRODUCING/p=false/QueuedThreadPool[qtp961160488]@394a2528{STARTED,8<=8<=200,i=2,r=-1,q=0}[ReservedThreadExecutor@383bfa16{reserved=1/8,pending=0}][pc=0,pic=0,pec=0,epc=1]@2024-05-02T03:19:46.168+01:00
03:19:46.169 [qtp961160488-21] DEBUG org.eclipse.jetty.util.thread.ReservedThreadExecutor - ReservedThreadExecutor@383bfa16{reserved=0/8,pending=1} startReservedThread p=1
03:19:46.169 [qtp961160488-21] DEBUG org.eclipse.jetty.util.thread.QueuedThreadPool - queue ReservedThread@54ca70a5{PENDING,thread=null} startThread=0
03:19:46.169 [qtp961160488-16] DEBUG org.eclipse.jetty.util.thread.QueuedThreadPool - run ReservedThread@54ca70a5{PENDING,thread=null} in QueuedThreadPool[qtp961160488]@394a2528{STARTED,8<=8<=200,i=1,r=-1,q=0}[ReservedThreadExecutor@383bfa16{reserved=0/8,pending=1}]
03:19:46.169 [qtp961160488-16] DEBUG org.eclipse.jetty.util.thread.ReservedThreadExecutor - ReservedThread@54ca70a5{PENDING,thread=Thread[qtp961160488-16,5,main]} was=PENDING next=RESERVED size=0+1 capacity=8
03:19:46.169 [qtp961160488-16] DEBUG org.eclipse.jetty.util.thread.ReservedThreadExecutor - ReservedThread@54ca70a5{RESERVED,thread=Thread[qtp961160488-16,5,main]} waiting ReservedThreadExecutor@383bfa16{reserved=1/8,pending=0}
03:19:46.169 [qtp961160488-15] DEBUG org.eclipse.jetty.util.thread.ReservedThreadExecutor - ReservedThread@15322a83{RESERVED,thread=Thread[qtp961160488-15,5,main]} task=EatWhatYouKill@ffaa6af/SelectorProducer@53ce1329/IDLE/p=true/QueuedThreadPool[qtp961160488]@394a2528{STARTED,8<=8<=200,i=1,r=-1,q=0}[ReservedThreadExecutor@383bfa16{reserved=0/8,pending=1}][pc=0,pic=0,pec=0,epc=1]@2024-05-02T03:19:46.169+01:00 ReservedThreadExecutor@383bfa16{reserved=1/8,pending=0}
03:19:46.169 [qtp961160488-21] DEBUG org.eclipse.jetty.util.thread.strategy.EatWhatYouKill - EatWhatYouKill@ffaa6af/SelectorProducer@53ce1329/IDLE/p=true/QueuedThreadPool[qtp961160488]@394a2528{STARTED,8<=8<=200,i=1,r=-1,q=0}[ReservedThreadExecutor@383bfa16{reserved=1/8,pending=0}][pc=0,pic=0,pec=0,epc=1]@2024-05-02T03:19:46.169+01:00 m=EXECUTE_PRODUCE_CONSUME t=CEP:SocketChannelEndPoint@11f8b203{l=/127.0.0.1:36749,r=/127.0.0.1:35086,OPEN,fill=FI,flush=-,to=1/3000}{io=1/0,kio=1,kro=1}->HttpConnection@6192a156[p=HttpParser{s=START,0 of -1},g=HttpGenerator@17dd50e9{s=START}]=>HttpChannelOverHttp@33d22079{s=HttpChannelState@49bbe2cd{s=IDLE rs=BLOCKING os=OPEN is=IDLE awp=false se=false i=true al=0},r=0,c=false/false,a=IDLE,uri=null,age=0}:runFillable:BLOCKING/BLOCKING
03:19:46.169 [qtp961160488-15] DEBUG org.eclipse.jetty.util.thread.strategy.EatWhatYouKill - EatWhatYouKill@ffaa6af/SelectorProducer@53ce1329/IDLE/p=true/QueuedThreadPool[qtp961160488]@394a2528{STARTED,8<=8<=200,i=1,r=-1,q=0}[ReservedThreadExecutor@383bfa16{reserved=1/8,pending=0}][pc=0,pic=0,pec=0,epc=1]@2024-05-02T03:19:46.169+01:00 tryProduce true
03:19:46.169 [qtp961160488-15] DEBUG org.eclipse.jetty.io.ManagedSelector - updateable 0
03:19:46.169 [qtp961160488-15] DEBUG org.eclipse.jetty.io.ManagedSelector - updates 0
03:19:46.169 [qtp961160488-21] DEBUG org.eclipse.jetty.io.FillInterest - fillable FillInterest@1e66555{AC.ReadCB@6192a156{HttpConnection@6192a156::SocketChannelEndPoint@11f8b203{l=/127.0.0.1:36749,r=/127.0.0.1:35086,OPEN,fill=FI,flush=-,to=1/3000}{io=1/0,kio=1,kro=1}->HttpConnection@6192a156[p=HttpParser{s=START,0 of -1},g=HttpGenerator@17dd50e9{s=START}]=>HttpChannelOverHttp@33d22079{s=HttpChannelState@49bbe2cd{s=IDLE rs=BLOCKING os=OPEN is=IDLE awp=false se=false i=true al=0},r=0,c=false/false,a=IDLE,uri=null,age=0}}}
03:19:46.169 [qtp961160488-15] DEBUG org.eclipse.jetty.io.ChannelEndPoint - Key interests updated 1 -> 0 on SocketChannelEndPoint@11f8b203{l=/127.0.0.1:36749,r=/127.0.0.1:35086,OPEN,fill=FI,flush=-,to=1/3000}{io=0/0,kio=0,kro=1}->HttpConnection@6192a156[p=HttpParser{s=START,0 of -1},g=HttpGenerator@17dd50e9{s=START}]=>HttpChannelOverHttp@33d22079{s=HttpChannelState@49bbe2cd{s=IDLE rs=BLOCKING os=OPEN is=IDLE awp=false se=false i=true al=0},r=0,c=false/false,a=IDLE,uri=null,age=0}
03:19:46.169 [qtp961160488-15] DEBUG org.eclipse.jetty.io.ManagedSelector - Selector sun.nio.ch.EPollSelectorImpl@4b5bcbdf waiting with 2 keys
03:19:46.169 [qtp961160488-21] DEBUG org.eclipse.jetty.server.HttpConnection - HttpConnection@6192a156::SocketChannelEndPoint@11f8b203{l=/127.0.0.1:36749,r=/127.0.0.1:35086,OPEN,fill=-,flush=-,to=1/3000}{io=0/0,kio=0,kro=1}->HttpConnection@6192a156[p=HttpParser{s=START,0 of -1},g=HttpGenerator@17dd50e9{s=START}]=>HttpChannelOverHttp@33d22079{s=HttpChannelState@49bbe2cd{s=IDLE rs=BLOCKING os=OPEN is=IDLE awp=false se=false i=true al=0},r=0,c=false/false,a=IDLE,uri=null,age=0} onFillable enter HttpChannelState@49bbe2cd{s=IDLE rs=BLOCKING os=OPEN is=IDLE awp=false se=false i=true al=0} null
03:19:46.169 [qtp961160488-21] DEBUG org.eclipse.jetty.io.ChannelEndPoint - filled 115 HeapByteBuffer@59198ba9[p=0,l=115,c=8192,r=115]={<<<GET / HTTP/1.1\r\nHost: loc...gent: okhttp/3.12.3\r\n\r\n>>>nt-Length...\x00\x00\x00\x00\x00\x00\x00}
03:19:46.169 [qtp961160488-21] DEBUG org.eclipse.jetty.server.HttpConnection - HttpConnection@6192a156::SocketChannelEndPoint@11f8b203{l=/127.0.0.1:36749,r=/127.0.0.1:35086,OPEN,fill=-,flush=-,to=0/3000}{io=0/0,kio=0,kro=1}->HttpConnection@6192a156[p=HttpParser{s=START,0 of -1},g=HttpGenerator@17dd50e9{s=START}]=>HttpChannelOverHttp@33d22079{s=HttpChannelState@49bbe2cd{s=IDLE rs=BLOCKING os=OPEN is=IDLE awp=false se=false i=true al=0},r=0,c=false/false,a=IDLE,uri=null,age=0} filled 115 HeapByteBuffer@59198ba9[p=0,l=115,c=8192,r=115]={<<<GET / HTTP/1.1\r\nHost: loc...gent: okhttp/3.12.3\r\n\r\n>>>nt-Length...\x00\x00\x00\x00\x00\x00\x00}
03:19:46.170 [qtp961160488-21] DEBUG org.eclipse.jetty.server.HttpConnection - HttpConnection@6192a156::SocketChannelEndPoint@11f8b203{l=/127.0.0.1:36749,r=/127.0.0.1:35086,OPEN,fill=-,flush=-,to=0/3000}{io=0/0,kio=0,kro=1}->HttpConnection@6192a156[p=HttpParser{s=START,0 of -1},g=HttpGenerator@17dd50e9{s=START}]=>HttpChannelOverHttp@33d22079{s=HttpChannelState@49bbe2cd{s=IDLE rs=BLOCKING os=OPEN is=IDLE awp=false se=false i=true al=0},r=0,c=false/false,a=IDLE,uri=null,age=0} parse HeapByteBuffer@59198ba9[p=0,l=115,c=8192,r=115]={<<<GET / HTTP/1.1\r\nHost: loc...gent: okhttp/3.12.3\r\n\r\n>>>nt-Length...\x00\x00\x00\x00\x00\x00\x00} {}
03:19:46.170 [qtp961160488-21] DEBUG org.eclipse.jetty.http.HttpParser - parseNext s=START HeapByteBuffer@59198ba9[p=0,l=115,c=8192,r=115]={<<<GET / HTTP/1.1\r\nHost: loc...gent: okhttp/3.12.3\r\n\r\n>>>nt-Length...\x00\x00\x00\x00\x00\x00\x00}
03:19:46.170 [qtp961160488-21] DEBUG org.eclipse.jetty.http.HttpParser - START --> SPACE1
03:19:46.170 [qtp961160488-21] DEBUG org.eclipse.jetty.http.HttpParser - SPACE1 --> URI
03:19:46.170 [qtp961160488-21] DEBUG org.eclipse.jetty.http.HttpParser - URI --> SPACE2
03:19:46.170 [qtp961160488-21] DEBUG org.eclipse.jetty.http.HttpParser - SPACE2 --> REQUEST_VERSION
03:19:46.170 [qtp961160488-21] DEBUG org.eclipse.jetty.http.HttpParser - REQUEST_VERSION --> HEADER
03:19:46.170 [qtp961160488-21] DEBUG org.eclipse.jetty.http.HttpParser - HEADER:Host --> VALUE
03:19:46.170 [qtp961160488-21] DEBUG org.eclipse.jetty.http.HttpParser - HEADER:Host --> IN_VALUE
03:19:46.170 [qtp961160488-21] DEBUG org.eclipse.jetty.http.HttpParser - HEADER:Host --> FIELD
03:19:46.170 [qtp961160488-21] DEBUG org.eclipse.jetty.http.HttpParser - HEADER:Connection: keep-alive --> IN_VALUE
03:19:46.170 [qtp961160488-21] DEBUG org.eclipse.jetty.http.HttpParser - HEADER:Connection: keep-alive --> FIELD
03:19:46.170 [qtp961160488-21] DEBUG org.eclipse.jetty.http.HttpParser - HEADER:Accept-Encoding: gzip --> IN_VALUE
03:19:46.170 [qtp961160488-21] DEBUG org.eclipse.jetty.http.HttpParser - HEADER:Accept-Encoding: gzip --> FIELD
03:19:46.170 [qtp961160488-21] DEBUG org.eclipse.jetty.http.HttpParser - HEADER:User-Agent --> VALUE
03:19:46.170 [qtp961160488-21] DEBUG org.eclipse.jetty.http.HttpParser - HEADER:User-Agent --> IN_VALUE
03:19:46.170 [qtp961160488-21] DEBUG org.eclipse.jetty.http.HttpParser - HEADER:User-Agent --> FIELD
03:19:46.170 [qtp961160488-21] DEBUG org.eclipse.jetty.http.HttpParser - HEADER --> CONTENT
03:19:46.170 [qtp961160488-21] DEBUG org.eclipse.jetty.server.HttpChannel - REQUEST for //localhost:36749/ on HttpChannelOverHttp@33d22079{s=HttpChannelState@49bbe2cd{s=IDLE rs=BLOCKING os=OPEN is=IDLE awp=false se=false i=true al=0},r=1,c=false/false,a=IDLE,uri=//localhost:36749/,age=0}
GET //localhost:36749/ HTTP/1.1
Host: localhost:36749
Connection: keep-alive
Accept-Encoding: gzip
User-Agent: okhttp/3.12.3


03:19:46.170 [qtp961160488-21] DEBUG org.eclipse.jetty.server.HttpConnection - HttpConnection@6192a156::SocketChannelEndPoint@11f8b203{l=/127.0.0.1:36749,r=/127.0.0.1:35086,OPEN,fill=-,flush=-,to=0/3000}{io=0/0,kio=0,kro=1}->HttpConnection@6192a156[p=HttpParser{s=CONTENT,0 of -1},g=HttpGenerator@17dd50e9{s=START}]=>HttpChannelOverHttp@33d22079{s=HttpChannelState@49bbe2cd{s=IDLE rs=BLOCKING os=OPEN is=IDLE awp=false se=false i=true al=0},r=1,c=false/false,a=IDLE,uri=//localhost:36749/,age=0} parsed true HttpParser{s=CONTENT,0 of -1}
03:19:46.170 [qtp961160488-21] DEBUG org.eclipse.jetty.server.HttpConnection - releaseRequestBuffer HttpConnection@6192a156::SocketChannelEndPoint@11f8b203{l=/127.0.0.1:36749,r=/127.0.0.1:35086,OPEN,fill=-,flush=-,to=0/3000}{io=0/0,kio=0,kro=1}->HttpConnection@6192a156[p=HttpParser{s=CONTENT,0 of -1},g=HttpGenerator@17dd50e9{s=START}]=>HttpChannelOverHttp@33d22079{s=HttpChannelState@49bbe2cd{s=IDLE rs=BLOCKING os=OPEN is=IDLE awp=false se=false i=true al=0},r=1,c=false/false,a=IDLE,uri=//localhost:36749/,age=0}
03:19:46.170 [qtp961160488-21] DEBUG org.eclipse.jetty.server.HttpChannel - handle //localhost:36749/ HttpChannelOverHttp@33d22079{s=HttpChannelState@49bbe2cd{s=IDLE rs=BLOCKING os=OPEN is=IDLE awp=false se=false i=true al=0},r=1,c=false/false,a=IDLE,uri=//localhost:36749/,age=0} 
03:19:46.170 [qtp961160488-21] DEBUG org.eclipse.jetty.server.HttpChannelState - handling HttpChannelState@49bbe2cd{s=IDLE rs=BLOCKING os=OPEN is=IDLE awp=false se=false i=true al=0}
03:19:46.170 [qtp961160488-21] DEBUG org.eclipse.jetty.server.HttpChannel - action DISPATCH HttpChannelOverHttp@33d22079{s=HttpChannelState@49bbe2cd{s=HANDLING rs=BLOCKING os=OPEN is=IDLE awp=false se=false i=true al=0},r=1,c=false/false,a=HANDLING,uri=//localhost:36749/,age=0}
03:19:46.170 [qtp961160488-21] DEBUG org.eclipse.jetty.server.Server - REQUEST GET / on HttpChannelOverHttp@33d22079{s=HttpChannelState@49bbe2cd{s=HANDLING rs=BLOCKING os=OPEN is=IDLE awp=false se=false i=true al=0},r=1,c=false/false,a=HANDLING,uri=//localhost:36749/,age=0}
03:19:46.170 [qtp961160488-21] DEBUG org.eclipse.jetty.server.HttpOutput - write(array HeapByteBuffer@11c8e458[p=0,l=4,c=512,r=4]={<<<test>>>\x00\x00\x00\x00\x00\x00\x00\x00\x00...\x00\x00\x00\x00\x00\x00\x00})
03:19:46.170 [qtp961160488-21] DEBUG org.eclipse.jetty.server.HttpOutput - write(array) s=CLOSING,api=BLOCKED,sc=false,e=null last=true agg=false flush=true async=false, len=4 null
03:19:46.170 [qtp961160488-21] DEBUG org.eclipse.jetty.server.HttpChannel - sendResponse info=null content=HeapByteBuffer@5feaa907[p=0,l=4,c=512,r=4]={<<<test>>>\x00\x00\x00\x00\x00\x00\x00\x00\x00...\x00\x00\x00\x00\x00\x00\x00} complete=true committing=true callback=Blocker@2013d26f{null}
03:19:46.170 [qtp961160488-21] DEBUG org.eclipse.jetty.server.HttpChannel - COMMIT for / on HttpChannelOverHttp@33d22079{s=HttpChannelState@49bbe2cd{s=HANDLING rs=BLOCKING os=COMMITTED is=IDLE awp=false se=false i=true al=0},r=1,c=false/false,a=HANDLING,uri=//localhost:36749/,age=0}
200 null HTTP/1.1
Date: Thu, 02 May 2024 02:19:46 GMT
ETag: testEtag
Content-Type: text/plain;charset=utf-8
Content-Length: 4


03:19:46.170 [qtp961160488-21] DEBUG org.eclipse.jetty.server.HttpConnection - generate: NEED_HEADER for SendCallback@27dbc190[PROCESSING][i=HTTP/1.1{s=200,h=4,cl=4},cb=org.eclipse.jetty.server.HttpChannel$SendCallback@71e71b17] (null,[p=0,l=4,c=512,r=4],true)@START
03:19:46.170 [qtp961160488-21] DEBUG org.eclipse.jetty.http.HttpGenerator - generateHeaders HTTP/1.1{s=200,h=4,cl=4} last=true content=HeapByteBuffer@5feaa907[p=0,l=4,c=512,r=4]={<<<test>>>\x00\x00\x00\x00\x00\x00\x00\x00\x00...\x00\x00\x00\x00\x00\x00\x00}
03:19:46.170 [qtp961160488-21] DEBUG org.eclipse.jetty.http.HttpGenerator - Date: Thu, 02 May 2024 02:19:46 GMT
ETag: testEtag
Content-Type: text/plain;charset=utf-8
Content-Length: 4


03:19:46.170 [qtp961160488-21] DEBUG org.eclipse.jetty.http.HttpGenerator - CONTENT_LENGTH
03:19:46.170 [qtp961160488-21] DEBUG org.eclipse.jetty.server.HttpConnection - generate: FLUSH for SendCallback@27dbc190[PROCESSING][i=HTTP/1.1{s=200,h=4,cl=4},cb=org.eclipse.jetty.server.HttpChannel$SendCallback@71e71b17] ([p=0,l=164,c=8192,r=164],[p=0,l=4,c=512,r=4],true)@COMPLETING
03:19:46.170 [qtp961160488-21] DEBUG org.eclipse.jetty.io.WriteFlusher - write: WriteFlusher@7b4f26bd{IDLE}->null [HeapByteBuffer@59198ba9[p=0,l=164,c=8192,r=164]={<<<HTTP/1.1 200 OK\r\nDate: Th...y(9.4.44.v20210927)\r\n\r\n>>>\n\r\n\x00\x00\x00\x00\x00\x00...\x00\x00\x00\x00\x00\x00\x00},HeapByteBuffer@5feaa907[p=0,l=4,c=512,r=4]={<<<test>>>\x00\x00\x00\x00\x00\x00\x00\x00\x00...\x00\x00\x00\x00\x00\x00\x00}]
03:19:46.170 [qtp961160488-21] DEBUG org.eclipse.jetty.io.WriteFlusher - update WriteFlusher@7b4f26bd{WRITING}->null:IDLE-->WRITING
03:19:46.171 [qtp961160488-21] DEBUG org.eclipse.jetty.io.ChannelEndPoint - flushed 168 SocketChannelEndPoint@11f8b203{l=/127.0.0.1:36749,r=/127.0.0.1:35086,OPEN,fill=-,flush=W,to=1/3000}{io=0/0,kio=0,kro=1}->HttpConnection@6192a156[p=HttpParser{s=CONTENT,0 of -1},g=HttpGenerator@17dd50e9{s=COMPLETING}]=>HttpChannelOverHttp@33d22079{s=HttpChannelState@49bbe2cd{s=HANDLING rs=BLOCKING os=COMMITTED is=IDLE awp=false se=false i=true al=0},r=1,c=false/false,a=HANDLING,uri=//localhost:36749/,age=1}
03:19:46.171 [main] DEBUG org.apache.nifi.minifi.bootstrap.configuration.ingestors.PullHttpChangeIngestor - Response received: Response{protocol=http/1.1, code=200, message=OK, url=http://localhost:36749/}
03:19:46.171 [qtp961160488-21] DEBUG org.eclipse.jetty.io.WriteFlusher - Flushed=true written=168 remaining=0 WriteFlusher@7b4f26bd{WRITING}->null
03:19:46.171 [qtp961160488-21] DEBUG org.eclipse.jetty.io.WriteFlusher - update WriteFlusher@7b4f26bd{IDLE}->null:WRITING-->IDLE
03:19:46.171 [qtp961160488-21] DEBUG org.eclipse.jetty.server.HttpConnection - generate: DONE for SendCallback@27dbc190[PROCESSING][i=HTTP/1.1{s=200,h=4,cl=4},cb=org.eclipse.jetty.server.HttpChannel$SendCallback@71e71b17] ([p=164,l=164,c=8192,r=0],[p=4,l=4,c=512,r=0],true)@END
03:19:46.171 [qtp961160488-21] DEBUG org.eclipse.jetty.server.HttpOutput - onWriteComplete(true,null) s=CLOSING,api=BLOCKED,sc=false,e=null->s=CLOSED,api=BLOCKING,sc=false,e=null c=null cb=null w=false
03:19:46.171 [main] DEBUG org.apache.nifi.minifi.bootstrap.configuration.ingestors.PullHttpChangeIngestor - Pulled config same as currently running.
03:19:46.171 [qtp961160488-21] DEBUG org.eclipse.jetty.server.HttpOutput - close() s=CLOSED,api=BLOCKING,sc=false,e=null c=null b=null
03:19:46.171 [qtp961160488-21] DEBUG org.eclipse.jetty.server.Server - handled=true async=false committed=true on HttpChannelOverHttp@33d22079{s=HttpChannelState@49bbe2cd{s=HANDLING rs=BLOCKING os=COMPLETED is=IDLE awp=false se=false i=true al=0},r=1,c=false/true,a=HANDLING,uri=//localhost:36749/,age=1}
03:19:46.171 [qtp961160488-21] DEBUG org.eclipse.jetty.server.HttpChannelState - unhandle HttpChannelState@49bbe2cd{s=HANDLING rs=BLOCKING os=COMPLETED is=IDLE awp=false se=false i=true al=0}
03:19:46.171 [qtp961160488-21] DEBUG org.eclipse.jetty.server.HttpChannelState - nextAction(false) COMPLETE HttpChannelState@49bbe2cd{s=HANDLING rs=COMPLETING os=COMPLETED is=IDLE awp=false se=false i=false al=0}
03:19:46.171 [qtp961160488-21] DEBUG org.eclipse.jetty.server.HttpChannel - action COMPLETE HttpChannelOverHttp@33d22079{s=HttpChannelState@49bbe2cd{s=HANDLING rs=COMPLETING os=COMPLETED is=IDLE awp=false se=false i=false al=0},r=1,c=false/true,a=HANDLING,uri=//localhost:36749/,age=1}
03:19:46.171 [qtp961160488-21] DEBUG org.eclipse.jetty.server.HttpOutput - complete(org.eclipse.jetty.util.Callback$3@45710311) s=CLOSED,api=BLOCKING,sc=false,e=null s=true e=null, c=null
03:19:46.171 [qtp961160488-21] DEBUG org.eclipse.jetty.server.HttpChannelState - completed HttpChannelState@49bbe2cd{s=HANDLING rs=COMPLETING os=COMPLETED is=IDLE awp=false se=false i=false al=0}
03:19:46.171 [qtp961160488-21] DEBUG org.eclipse.jetty.server.HttpChannelState - unhandle HttpChannelState@49bbe2cd{s=HANDLING rs=COMPLETED os=COMPLETED is=IDLE awp=false se=false i=false al=0}
]]></system-out>
  </testcase>
  <testcase name="testNoUpdateWithPath" classname="org.apache.nifi.minifi.bootstrap.configuration.ingestors.PullHttpChangeIngestorTest" time="0.007">
    <system-out><![CDATA[03:19:46.171 [qtp961160488-21] DEBUG org.eclipse.jetty.server.HttpChannelState - nextAction(false) TERMINATED HttpChannelState@49bbe2cd{s=IDLE rs=COMPLETED os=COMPLETED is=IDLE awp=false se=false i=false al=0}
03:19:46.171 [qtp961160488-21] DEBUG org.eclipse.jetty.server.HttpChannel - action TERMINATED HttpChannelOverHttp@33d22079{s=HttpChannelState@49bbe2cd{s=IDLE rs=COMPLETED os=COMPLETED is=IDLE awp=false se=false i=false al=0},r=1,c=true/true,a=IDLE,uri=//localhost:36749/,age=1}
03:19:46.171 [qtp961160488-21] DEBUG org.eclipse.jetty.server.HttpChannel - onCompleted for / written=4
03:19:46.171 [qtp961160488-21] DEBUG org.eclipse.jetty.io.ChannelEndPoint - filled 0 HeapByteBuffer@59198ba9[p=0,l=0,c=8192,r=0]={<<<>>>HTTP/1.1 ...\x00\x00\x00\x00\x00\x00\x00}
03:19:46.172 [qtp961160488-21] DEBUG org.eclipse.jetty.io.ChannelEndPoint - filled 0 HeapByteBuffer@59198ba9[p=0,l=0,c=8192,r=0]={<<<>>>HTTP/1.1 ...\x00\x00\x00\x00\x00\x00\x00}
03:19:46.172 [qtp961160488-21] DEBUG org.eclipse.jetty.server.HttpConnection - HttpConnection@6192a156::SocketChannelEndPoint@11f8b203{l=/127.0.0.1:36749,r=/127.0.0.1:35086,OPEN,fill=-,flush=-,to=0/3000}{io=0/0,kio=0,kro=1}->HttpConnection@6192a156[p=HttpParser{s=CONTENT,0 of -1},g=HttpGenerator@17dd50e9{s=END}]=>HttpChannelOverHttp@33d22079{s=HttpChannelState@49bbe2cd{s=IDLE rs=COMPLETED os=COMPLETED is=IDLE awp=false se=false i=false al=0},r=1,c=true/true,a=IDLE,uri=//localhost:36749/,age=2} filled 0 HeapByteBuffer@59198ba9[p=0,l=0,c=8192,r=0]={<<<>>>HTTP/1.1 ...\x00\x00\x00\x00\x00\x00\x00}
03:19:46.172 [qtp961160488-21] DEBUG org.eclipse.jetty.server.HttpConnection - HttpConnection@6192a156::SocketChannelEndPoint@11f8b203{l=/127.0.0.1:36749,r=/127.0.0.1:35086,OPEN,fill=-,flush=-,to=0/3000}{io=0/0,kio=0,kro=1}->HttpConnection@6192a156[p=HttpParser{s=CONTENT,0 of -1},g=HttpGenerator@17dd50e9{s=END}]=>HttpChannelOverHttp@33d22079{s=HttpChannelState@49bbe2cd{s=IDLE rs=COMPLETED os=COMPLETED is=IDLE awp=false se=false i=false al=0},r=1,c=true/true,a=IDLE,uri=//localhost:36749/,age=2} parse HeapByteBuffer@59198ba9[p=0,l=0,c=8192,r=0]={<<<>>>HTTP/1.1 ...\x00\x00\x00\x00\x00\x00\x00} {}
03:19:46.172 [qtp961160488-21] DEBUG org.eclipse.jetty.http.HttpParser - parseNext s=CONTENT HeapByteBuffer@59198ba9[p=0,l=0,c=8192,r=0]={<<<>>>HTTP/1.1 ...\x00\x00\x00\x00\x00\x00\x00}
03:19:46.172 [qtp961160488-21] DEBUG org.eclipse.jetty.http.HttpParser - CONTENT --> CONTENT_END
03:19:46.172 [qtp961160488-21] DEBUG org.eclipse.jetty.server.HttpChannel - onContentComplete HttpChannelOverHttp@33d22079{s=HttpChannelState@49bbe2cd{s=IDLE rs=COMPLETED os=COMPLETED is=IDLE awp=false se=false i=false al=0},r=1,c=true/true,a=IDLE,uri=//localhost:36749/,age=2}
03:19:46.172 [qtp961160488-21] DEBUG org.eclipse.jetty.http.HttpParser - CONTENT_END --> END
03:19:46.172 [qtp961160488-21] DEBUG org.eclipse.jetty.server.HttpChannel - onRequestComplete HttpChannelOverHttp@33d22079{s=HttpChannelState@49bbe2cd{s=IDLE rs=COMPLETED os=COMPLETED is=IDLE awp=false se=false i=false al=0},r=1,c=true/true,a=IDLE,uri=//localhost:36749/,age=2}
03:19:46.172 [qtp961160488-21] DEBUG org.eclipse.jetty.server.HttpInput - HttpInputOverHTTP@3cdf8d6e[c=0,q=0,[0]=null,s=STREAM] addContent EOF
03:19:46.172 [qtp961160488-21] DEBUG org.eclipse.jetty.server.HttpConnection - HttpConnection@6192a156::SocketChannelEndPoint@11f8b203{l=/127.0.0.1:36749,r=/127.0.0.1:35086,OPEN,fill=-,flush=-,to=1/3000}{io=0/0,kio=0,kro=1}->HttpConnection@6192a156[p=HttpParser{s=END,0 of -1},g=HttpGenerator@17dd50e9{s=END}]=>HttpChannelOverHttp@33d22079{s=HttpChannelState@49bbe2cd{s=IDLE rs=COMPLETED os=COMPLETED is=IDLE awp=false se=false i=false al=0},r=1,c=true/true,a=IDLE,uri=//localhost:36749/,age=2} parsed false HttpParser{s=END,0 of -1}
03:19:46.172 [qtp961160488-21] DEBUG org.eclipse.jetty.server.HttpConnection - releaseRequestBuffer HttpConnection@6192a156::SocketChannelEndPoint@11f8b203{l=/127.0.0.1:36749,r=/127.0.0.1:35086,OPEN,fill=-,flush=-,to=1/3000}{io=0/0,kio=0,kro=1}->HttpConnection@6192a156[p=HttpParser{s=END,0 of -1},g=HttpGenerator@17dd50e9{s=END}]=>HttpChannelOverHttp@33d22079{s=HttpChannelState@49bbe2cd{s=IDLE rs=COMPLETED os=COMPLETED is=IDLE awp=false se=false i=false al=0},r=1,c=true/true,a=IDLE,uri=//localhost:36749/,age=2}
03:19:46.172 [qtp961160488-21] DEBUG org.eclipse.jetty.server.HttpChannelState - recycle HttpChannelState@49bbe2cd{s=IDLE rs=COMPLETED os=COMPLETED is=IDLE awp=false se=false i=false al=0}
03:19:46.172 [qtp961160488-21] DEBUG org.eclipse.jetty.http.HttpParser - reset HttpParser{s=END,0 of -1}
03:19:46.172 [qtp961160488-21] DEBUG org.eclipse.jetty.http.HttpParser - END --> START
03:19:46.172 [qtp961160488-21] DEBUG org.eclipse.jetty.server.HttpChannel - !handle TERMINATED HttpChannelOverHttp@33d22079{s=HttpChannelState@49bbe2cd{s=IDLE rs=BLOCKING os=OPEN is=IDLE awp=false se=false i=true al=0},r=1,c=false/false,a=IDLE,uri=null,age=0}
03:19:46.172 [qtp961160488-21] DEBUG org.eclipse.jetty.io.ChannelEndPoint - filled 0 HeapByteBuffer@59198ba9[p=0,l=0,c=8192,r=0]={<<<>>>HTTP/1.1 ...\x00\x00\x00\x00\x00\x00\x00}
03:19:46.172 [qtp961160488-21] DEBUG org.eclipse.jetty.io.ChannelEndPoint - filled 0 HeapByteBuffer@59198ba9[p=0,l=0,c=8192,r=0]={<<<>>>HTTP/1.1 ...\x00\x00\x00\x00\x00\x00\x00}
03:19:46.173 [main] DEBUG org.apache.nifi.minifi.bootstrap.configuration.ingestors.PullHttpChangeIngestor - Attempting to pull new config
03:19:46.173 [qtp961160488-21] DEBUG org.eclipse.jetty.server.HttpConnection - HttpConnection@6192a156::SocketChannelEndPoint@11f8b203{l=/127.0.0.1:36749,r=/127.0.0.1:35086,OPEN,fill=-,flush=-,to=1/3000}{io=0/0,kio=0,kro=1}->HttpConnection@6192a156[p=HttpParser{s=START,0 of -1},g=HttpGenerator@17dd50e9{s=START}]=>HttpChannelOverHttp@33d22079{s=HttpChannelState@49bbe2cd{s=IDLE rs=BLOCKING os=OPEN is=IDLE awp=false se=false i=true al=0},r=1,c=false/false,a=IDLE,uri=null,age=0} filled 0 HeapByteBuffer@59198ba9[p=0,l=0,c=8192,r=0]={<<<>>>HTTP/1.1 ...\x00\x00\x00\x00\x00\x00\x00}
03:19:46.173 [qtp961160488-21] DEBUG org.eclipse.jetty.server.HttpConnection - HttpConnection@6192a156::SocketChannelEndPoint@11f8b203{l=/127.0.0.1:36749,r=/127.0.0.1:35086,OPEN,fill=-,flush=-,to=1/3000}{io=0/0,kio=0,kro=1}->HttpConnection@6192a156[p=HttpParser{s=START,0 of -1},g=HttpGenerator@17dd50e9{s=START}]=>HttpChannelOverHttp@33d22079{s=HttpChannelState@49bbe2cd{s=IDLE rs=BLOCKING os=OPEN is=IDLE awp=false se=false i=true al=0},r=1,c=false/false,a=IDLE,uri=null,age=0} parse HeapByteBuffer@59198ba9[p=0,l=0,c=8192,r=0]={<<<>>>HTTP/1.1 ...\x00\x00\x00\x00\x00\x00\x00} {}
03:19:46.173 [qtp961160488-21] DEBUG org.eclipse.jetty.http.HttpParser - parseNext s=START HeapByteBuffer@59198ba9[p=0,l=0,c=8192,r=0]={<<<>>>HTTP/1.1 ...\x00\x00\x00\x00\x00\x00\x00}
03:19:46.173 [qtp961160488-21] DEBUG org.eclipse.jetty.server.HttpConnection - HttpConnection@6192a156::SocketChannelEndPoint@11f8b203{l=/127.0.0.1:36749,r=/127.0.0.1:35086,OPEN,fill=-,flush=-,to=2/3000}{io=0/0,kio=0,kro=1}->HttpConnection@6192a156[p=HttpParser{s=START,0 of -1},g=HttpGenerator@17dd50e9{s=START}]=>HttpChannelOverHttp@33d22079{s=HttpChannelState@49bbe2cd{s=IDLE rs=BLOCKING os=OPEN is=IDLE awp=false se=false i=true al=0},r=1,c=false/false,a=IDLE,uri=null,age=0} parsed false HttpParser{s=START,0 of -1}
03:19:46.173 [qtp961160488-21] DEBUG org.eclipse.jetty.server.HttpConnection - releaseRequestBuffer HttpConnection@6192a156::SocketChannelEndPoint@11f8b203{l=/127.0.0.1:36749,r=/127.0.0.1:35086,OPEN,fill=-,flush=-,to=2/3000}{io=0/0,kio=0,kro=1}->HttpConnection@6192a156[p=HttpParser{s=START,0 of -1},g=HttpGenerator@17dd50e9{s=START}]=>HttpChannelOverHttp@33d22079{s=HttpChannelState@49bbe2cd{s=IDLE rs=BLOCKING os=OPEN is=IDLE awp=false se=false i=true al=0},r=1,c=false/false,a=IDLE,uri=null,age=0}
03:19:46.173 [qtp961160488-21] DEBUG org.eclipse.jetty.io.AbstractConnection - fillInterested HttpConnection@6192a156::SocketChannelEndPoint@11f8b203{l=/127.0.0.1:36749,r=/127.0.0.1:35086,OPEN,fill=-,flush=-,to=2/3000}{io=0/0,kio=0,kro=1}->HttpConnection@6192a156[p=HttpParser{s=START,0 of -1},g=HttpGenerator@17dd50e9{s=START}]=>HttpChannelOverHttp@33d22079{s=HttpChannelState@49bbe2cd{s=IDLE rs=BLOCKING os=OPEN is=IDLE awp=false se=false i=true al=0},r=1,c=false/false,a=IDLE,uri=null,age=0}
03:19:46.173 [qtp961160488-19-acceptor-0@1e1a0406-ServerConnector@446293d{HTTP/1.1, (http/1.1)}{localhost:36749}] DEBUG org.eclipse.jetty.io.ManagedSelector - Queued change lazy=false Accept@3c3474ff[java.nio.channels.SocketChannel[connected local=/127.0.0.1:36749 remote=/127.0.0.1:35098]] on ManagedSelector@1de5f259{STARTED} id=3 keys=1 selected=0 updates=0
03:19:46.173 [qtp961160488-19-acceptor-0@1e1a0406-ServerConnector@446293d{HTTP/1.1, (http/1.1)}{localhost:36749}] DEBUG org.eclipse.jetty.io.ManagedSelector - Wakeup on submit ManagedSelector@1de5f259{STARTED} id=3 keys=1 selected=0 updates=1
03:19:46.173 [qtp961160488-21] DEBUG org.eclipse.jetty.io.FillInterest - interested FillInterest@1e66555{AC.ReadCB@6192a156{HttpConnection@6192a156::SocketChannelEndPoint@11f8b203{l=/127.0.0.1:36749,r=/127.0.0.1:35086,OPEN,fill=FI,flush=-,to=0/3000}{io=0/0,kio=0,kro=1}->HttpConnection@6192a156[p=HttpParser{s=START,0 of -1},g=HttpGenerator@17dd50e9{s=START}]=>HttpChannelOverHttp@33d22079{s=HttpChannelState@49bbe2cd{s=IDLE rs=BLOCKING os=OPEN is=IDLE awp=false se=false i=true al=0},r=1,c=false/false,a=IDLE,uri=null,age=0}}}
03:19:46.173 [qtp961160488-22] DEBUG org.eclipse.jetty.io.ManagedSelector - Selector sun.nio.ch.EPollSelectorImpl@44394951 woken with none selected
03:19:46.173 [qtp961160488-22] DEBUG org.eclipse.jetty.io.ManagedSelector - Selector sun.nio.ch.EPollSelectorImpl@44394951 woken up from select, 0/0/1 selected
03:19:46.173 [qtp961160488-22] DEBUG org.eclipse.jetty.io.ManagedSelector - Selector sun.nio.ch.EPollSelectorImpl@44394951 processing 0 keys, 1 updates
03:19:46.173 [qtp961160488-22] DEBUG org.eclipse.jetty.io.ManagedSelector - updateable 1
03:19:46.173 [qtp961160488-21] DEBUG org.eclipse.jetty.io.ChannelEndPoint - changeInterests p=false 0->1 for SocketChannelEndPoint@11f8b203{l=/127.0.0.1:36749,r=/127.0.0.1:35086,OPEN,fill=FI,flush=-,to=0/3000}{io=0/1,kio=0,kro=1}->HttpConnection@6192a156[p=HttpParser{s=START,0 of -1},g=HttpGenerator@17dd50e9{s=START}]=>HttpChannelOverHttp@33d22079{s=HttpChannelState@49bbe2cd{s=IDLE rs=BLOCKING os=OPEN is=IDLE awp=false se=false i=true al=0},r=1,c=false/false,a=IDLE,uri=null,age=0}
03:19:46.173 [qtp961160488-22] DEBUG org.eclipse.jetty.io.ManagedSelector - update Accept@3c3474ff[java.nio.channels.SocketChannel[connected local=/127.0.0.1:36749 remote=/127.0.0.1:35098]]
03:19:46.173 [qtp961160488-21] DEBUG org.eclipse.jetty.io.ManagedSelector - Queued change lazy=false org.eclipse.jetty.io.ChannelEndPoint$$Lambda$255/90666987@758aec2e on ManagedSelector@316bcf94{STARTED} id=2 keys=2 selected=0 updates=0
03:19:46.174 [qtp961160488-21] DEBUG org.eclipse.jetty.io.ManagedSelector - Wakeup on submit ManagedSelector@316bcf94{STARTED} id=2 keys=2 selected=0 updates=1
03:19:46.174 [qtp961160488-22] DEBUG org.eclipse.jetty.util.thread.QueuedThreadPool - queue Accept@3c3474ff[java.nio.channels.SocketChannel[connected local=/127.0.0.1:36749 remote=/127.0.0.1:35098]] startThread=0
03:19:46.174 [qtp961160488-22] DEBUG org.eclipse.jetty.io.ManagedSelector - updates 0
03:19:46.174 [qtp961160488-20] DEBUG org.eclipse.jetty.util.thread.QueuedThreadPool - run Accept@3c3474ff[java.nio.channels.SocketChannel[connected local=/127.0.0.1:36749 remote=/127.0.0.1:35098]] in QueuedThreadPool[qtp961160488]@394a2528{STARTED,8<=8<=200,i=0,r=-1,q=0}[ReservedThreadExecutor@383bfa16{reserved=1/8,pending=0}]
03:19:46.174 [qtp961160488-22] DEBUG org.eclipse.jetty.io.ManagedSelector - Selector sun.nio.ch.EPollSelectorImpl@44394951 waiting with 2 keys
03:19:46.174 [qtp961160488-20] DEBUG org.eclipse.jetty.io.IdleTimeout - SocketChannelEndPoint@331c2555{l=/127.0.0.1:36749,r=/127.0.0.1:35098,OPEN,fill=-,flush=-,to=0/3000}{io=0/0,kio=0,kro=0}-><null> idle timeout check, elapsed: 0 ms, remaining: 3000 ms
03:19:46.174 [qtp961160488-15] DEBUG org.eclipse.jetty.io.ManagedSelector - Selector sun.nio.ch.EPollSelectorImpl@4b5bcbdf woken with none selected
03:19:46.174 [qtp961160488-15] DEBUG org.eclipse.jetty.io.ManagedSelector - Selector sun.nio.ch.EPollSelectorImpl@4b5bcbdf woken up from select, 0/0/2 selected
03:19:46.174 [qtp961160488-15] DEBUG org.eclipse.jetty.io.ManagedSelector - Selector sun.nio.ch.EPollSelectorImpl@4b5bcbdf processing 0 keys, 1 updates
03:19:46.174 [qtp961160488-15] DEBUG org.eclipse.jetty.io.ManagedSelector - updateable 1
03:19:46.174 [qtp961160488-15] DEBUG org.eclipse.jetty.io.ManagedSelector - update org.eclipse.jetty.io.ChannelEndPoint$$Lambda$255/90666987@758aec2e
03:19:46.174 [qtp961160488-21] DEBUG org.eclipse.jetty.server.HttpConnection - HttpConnection@6192a156::SocketChannelEndPoint@11f8b203{l=/127.0.0.1:36749,r=/127.0.0.1:35086,OPEN,fill=FI,flush=-,to=0/3000}{io=0/1,kio=0,kro=1}->HttpConnection@6192a156[p=HttpParser{s=START,0 of -1},g=HttpGenerator@17dd50e9{s=START}]=>HttpChannelOverHttp@33d22079{s=HttpChannelState@49bbe2cd{s=IDLE rs=BLOCKING os=OPEN is=IDLE awp=false se=false i=true al=0},r=1,c=false/false,a=IDLE,uri=null,age=0} onFillable exit HttpChannelState@49bbe2cd{s=IDLE rs=BLOCKING os=OPEN is=IDLE awp=false se=false i=true al=0} null
03:19:46.174 [qtp961160488-21] DEBUG org.eclipse.jetty.util.thread.ReservedThreadExecutor - ReservedThread@29bd5510{RUNNING,thread=Thread[qtp961160488-21,5,main]} was=RUNNING next=RESERVED size=0+2 capacity=8
03:19:46.174 [qtp961160488-20] DEBUG org.eclipse.jetty.server.HttpChannel - new HttpChannelOverHttp@4e3b71c7{s=HttpChannelState@7cc56998{s=IDLE rs=BLOCKING os=OPEN is=IDLE awp=false se=false i=true al=0},r=0,c=false/false,a=IDLE,uri=null,age=0} -> SocketChannelEndPoint@331c2555{l=/127.0.0.1:36749,r=/127.0.0.1:35098,OPEN,fill=-,flush=-,to=0/3000}{io=0/0,kio=0,kro=0}-><null>,null,HttpChannelState@7cc56998{s=IDLE rs=BLOCKING os=OPEN is=IDLE awp=false se=false i=true al=0}
03:19:46.174 [qtp961160488-21] DEBUG org.eclipse.jetty.util.thread.ReservedThreadExecutor - ReservedThread@29bd5510{RESERVED,thread=Thread[qtp961160488-21,5,main]} waiting ReservedThreadExecutor@383bfa16{reserved=2/8,pending=0}
03:19:46.174 [qtp961160488-15] DEBUG org.eclipse.jetty.io.ChannelEndPoint - Key interests updated 0 -> 1 on SocketChannelEndPoint@11f8b203{l=/127.0.0.1:36749,r=/127.0.0.1:35086,OPEN,fill=FI,flush=-,to=0/3000}{io=1/1,kio=1,kro=1}->HttpConnection@6192a156[p=HttpParser{s=START,0 of -1},g=HttpGenerator@17dd50e9{s=START}]=>HttpChannelOverHttp@33d22079{s=HttpChannelState@49bbe2cd{s=IDLE rs=BLOCKING os=OPEN is=IDLE awp=false se=false i=true al=0},r=1,c=false/false,a=IDLE,uri=null,age=0}
03:19:46.174 [qtp961160488-15] DEBUG org.eclipse.jetty.io.ManagedSelector - updates 0
03:19:46.174 [qtp961160488-20] DEBUG org.eclipse.jetty.server.HttpConnection - New HTTP Connection HttpConnection@5e8c01b2::SocketChannelEndPoint@331c2555{l=/127.0.0.1:36749,r=/127.0.0.1:35098,OPEN,fill=-,flush=-,to=0/3000}{io=0/0,kio=0,kro=0}-><null>
03:19:46.174 [qtp961160488-15] DEBUG org.eclipse.jetty.io.ManagedSelector - Selector sun.nio.ch.EPollSelectorImpl@4b5bcbdf waiting with 2 keys
03:19:46.174 [qtp961160488-20] DEBUG org.eclipse.jetty.io.ManagedSelector - Queued change lazy=true org.eclipse.jetty.io.ManagedSelector$$Lambda$258/445561681@ce8b1bb on ManagedSelector@1de5f259{STARTED} id=3 keys=2 selected=0 updates=0
03:19:46.174 [qtp961160488-20] DEBUG org.eclipse.jetty.io.AbstractEndPoint - onOpen SocketChannelEndPoint@331c2555{l=/127.0.0.1:36749,r=/127.0.0.1:35098,OPEN,fill=-,flush=-,to=0/3000}{io=0/0,kio=0,kro=0}->HttpConnection@5e8c01b2[p=HttpParser{s=START,0 of -1},g=HttpGenerator@19484ca8{s=START}]=>HttpChannelOverHttp@4e3b71c7{s=HttpChannelState@7cc56998{s=IDLE rs=BLOCKING os=OPEN is=IDLE awp=false se=false i=true al=0},r=0,c=false/false,a=IDLE,uri=null,age=0}
03:19:46.174 [qtp961160488-20] DEBUG org.eclipse.jetty.io.AbstractConnection - onOpen HttpConnection@5e8c01b2::SocketChannelEndPoint@331c2555{l=/127.0.0.1:36749,r=/127.0.0.1:35098,OPEN,fill=-,flush=-,to=0/3000}{io=0/0,kio=0,kro=0}->HttpConnection@5e8c01b2[p=HttpParser{s=START,0 of -1},g=HttpGenerator@19484ca8{s=START}]=>HttpChannelOverHttp@4e3b71c7{s=HttpChannelState@7cc56998{s=IDLE rs=BLOCKING os=OPEN is=IDLE awp=false se=false i=true al=0},r=0,c=false/false,a=IDLE,uri=null,age=0}
03:19:46.174 [qtp961160488-20] DEBUG org.eclipse.jetty.io.AbstractConnection - fillInterested HttpConnection@5e8c01b2::SocketChannelEndPoint@331c2555{l=/127.0.0.1:36749,r=/127.0.0.1:35098,OPEN,fill=-,flush=-,to=0/3000}{io=0/0,kio=0,kro=0}->HttpConnection@5e8c01b2[p=HttpParser{s=START,0 of -1},g=HttpGenerator@19484ca8{s=START}]=>HttpChannelOverHttp@4e3b71c7{s=HttpChannelState@7cc56998{s=IDLE rs=BLOCKING os=OPEN is=IDLE awp=false se=false i=true al=0},r=0,c=false/false,a=IDLE,uri=null,age=0}
03:19:46.174 [qtp961160488-20] DEBUG org.eclipse.jetty.io.FillInterest - interested FillInterest@4e166fb0{AC.ReadCB@5e8c01b2{HttpConnection@5e8c01b2::SocketChannelEndPoint@331c2555{l=/127.0.0.1:36749,r=/127.0.0.1:35098,OPEN,fill=FI,flush=-,to=0/3000}{io=0/0,kio=0,kro=0}->HttpConnection@5e8c01b2[p=HttpParser{s=START,0 of -1},g=HttpGenerator@19484ca8{s=START}]=>HttpChannelOverHttp@4e3b71c7{s=HttpChannelState@7cc56998{s=IDLE rs=BLOCKING os=OPEN is=IDLE awp=false se=false i=true al=0},r=0,c=false/false,a=IDLE,uri=null,age=0}}}
03:19:46.174 [qtp961160488-20] DEBUG org.eclipse.jetty.io.ChannelEndPoint - changeInterests p=false 0->1 for SocketChannelEndPoint@331c2555{l=/127.0.0.1:36749,r=/127.0.0.1:35098,OPEN,fill=FI,flush=-,to=0/3000}{io=0/1,kio=0,kro=0}->HttpConnection@5e8c01b2[p=HttpParser{s=START,0 of -1},g=HttpGenerator@19484ca8{s=START}]=>HttpChannelOverHttp@4e3b71c7{s=HttpChannelState@7cc56998{s=IDLE rs=BLOCKING os=OPEN is=IDLE awp=false se=false i=true al=0},r=0,c=false/false,a=IDLE,uri=null,age=0}
03:19:46.174 [qtp961160488-20] DEBUG org.eclipse.jetty.io.ManagedSelector - Queued change lazy=false org.eclipse.jetty.io.ChannelEndPoint$$Lambda$255/90666987@70a96651 on ManagedSelector@1de5f259{STARTED} id=3 keys=2 selected=0 updates=1
03:19:46.174 [qtp961160488-20] DEBUG org.eclipse.jetty.io.ManagedSelector - Wakeup on submit ManagedSelector@1de5f259{STARTED} id=3 keys=2 selected=0 updates=2
03:19:46.174 [qtp961160488-22] DEBUG org.eclipse.jetty.io.ManagedSelector - Selector sun.nio.ch.EPollSelectorImpl@44394951 woken with none selected
03:19:46.174 [qtp961160488-20] DEBUG org.eclipse.jetty.io.ManagedSelector - Created SocketChannelEndPoint@331c2555{l=/127.0.0.1:36749,r=/127.0.0.1:35098,OPEN,fill=FI,flush=-,to=0/3000}{io=0/1,kio=0,kro=0}->HttpConnection@5e8c01b2[p=HttpParser{s=START,0 of -1},g=HttpGenerator@19484ca8{s=START}]=>HttpChannelOverHttp@4e3b71c7{s=HttpChannelState@7cc56998{s=IDLE rs=BLOCKING os=OPEN is=IDLE awp=false se=false i=true al=0},r=0,c=false/false,a=IDLE,uri=null,age=0}
03:19:46.174 [qtp961160488-22] DEBUG org.eclipse.jetty.io.ManagedSelector - Selector sun.nio.ch.EPollSelectorImpl@44394951 woken up from select, 0/0/2 selected
03:19:46.174 [qtp961160488-22] DEBUG org.eclipse.jetty.io.ManagedSelector - Selector sun.nio.ch.EPollSelectorImpl@44394951 processing 0 keys, 2 updates
03:19:46.174 [qtp961160488-22] DEBUG org.eclipse.jetty.io.ManagedSelector - updateable 2
03:19:46.174 [qtp961160488-22] DEBUG org.eclipse.jetty.io.ManagedSelector - update org.eclipse.jetty.io.ManagedSelector$$Lambda$258/445561681@ce8b1bb
03:19:46.174 [qtp961160488-20] DEBUG org.eclipse.jetty.util.thread.QueuedThreadPool - ran Accept@3c3474ff[java.nio.channels.SocketChannel[connected local=/127.0.0.1:36749 remote=/127.0.0.1:35098]] in QueuedThreadPool[qtp961160488]@394a2528{STARTED,8<=8<=200,i=0,r=-1,q=0}[ReservedThreadExecutor@383bfa16{reserved=2/8,pending=0}]
03:19:46.175 [qtp961160488-22] DEBUG org.eclipse.jetty.io.ManagedSelector - update org.eclipse.jetty.io.ChannelEndPoint$$Lambda$255/90666987@70a96651
03:19:46.175 [qtp961160488-22] DEBUG org.eclipse.jetty.io.ChannelEndPoint - Key interests updated 0 -> 1 on SocketChannelEndPoint@331c2555{l=/127.0.0.1:36749,r=/127.0.0.1:35098,OPEN,fill=FI,flush=-,to=0/3000}{io=1/1,kio=1,kro=0}->HttpConnection@5e8c01b2[p=HttpParser{s=START,0 of -1},g=HttpGenerator@19484ca8{s=START}]=>HttpChannelOverHttp@4e3b71c7{s=HttpChannelState@7cc56998{s=IDLE rs=BLOCKING os=OPEN is=IDLE awp=false se=false i=true al=0},r=0,c=false/false,a=IDLE,uri=null,age=0}
03:19:46.175 [qtp961160488-22] DEBUG org.eclipse.jetty.io.ManagedSelector - updates 0
03:19:46.175 [qtp961160488-22] DEBUG org.eclipse.jetty.io.ManagedSelector - Selector sun.nio.ch.EPollSelectorImpl@44394951 waiting with 2 keys
03:19:46.175 [qtp961160488-22] DEBUG org.eclipse.jetty.io.ManagedSelector - Selector sun.nio.ch.EPollSelectorImpl@44394951 woken up from select, 1/1/2 selected
03:19:46.175 [qtp961160488-22] DEBUG org.eclipse.jetty.io.ManagedSelector - Selector sun.nio.ch.EPollSelectorImpl@44394951 processing 1 keys, 0 updates
03:19:46.175 [qtp961160488-22] DEBUG org.eclipse.jetty.io.ManagedSelector - selected 1 sun.nio.ch.SelectionKeyImpl@39c576bc SocketChannelEndPoint@331c2555{l=/127.0.0.1:36749,r=/127.0.0.1:35098,OPEN,fill=FI,flush=-,to=0/3000}{io=1/1,kio=1,kro=1}->HttpConnection@5e8c01b2[p=HttpParser{s=START,0 of -1},g=HttpGenerator@19484ca8{s=START}]=>HttpChannelOverHttp@4e3b71c7{s=HttpChannelState@7cc56998{s=IDLE rs=BLOCKING os=OPEN is=IDLE awp=false se=false i=true al=0},r=0,c=false/false,a=IDLE,uri=null,age=0} 
03:19:46.175 [qtp961160488-22] DEBUG org.eclipse.jetty.io.ChannelEndPoint - onSelected 1->0 r=true w=false for SocketChannelEndPoint@331c2555{l=/127.0.0.1:36749,r=/127.0.0.1:35098,OPEN,fill=FI,flush=-,to=0/3000}{io=1/0,kio=1,kro=1}->HttpConnection@5e8c01b2[p=HttpParser{s=START,0 of -1},g=HttpGenerator@19484ca8{s=START}]=>HttpChannelOverHttp@4e3b71c7{s=HttpChannelState@7cc56998{s=IDLE rs=BLOCKING os=OPEN is=IDLE awp=false se=false i=true al=0},r=0,c=false/false,a=IDLE,uri=null,age=0}
03:19:46.175 [qtp961160488-22] DEBUG org.eclipse.jetty.io.ChannelEndPoint - task CEP:SocketChannelEndPoint@331c2555{l=/127.0.0.1:36749,r=/127.0.0.1:35098,OPEN,fill=FI,flush=-,to=0/3000}{io=1/0,kio=1,kro=1}->HttpConnection@5e8c01b2[p=HttpParser{s=START,0 of -1},g=HttpGenerator@19484ca8{s=START}]=>HttpChannelOverHttp@4e3b71c7{s=HttpChannelState@7cc56998{s=IDLE rs=BLOCKING os=OPEN is=IDLE awp=false se=false i=true al=0},r=0,c=false/false,a=IDLE,uri=null,age=0}:runFillable:BLOCKING
03:19:46.175 [qtp961160488-22] DEBUG org.eclipse.jetty.util.thread.ReservedThreadExecutor - ReservedThreadExecutor@383bfa16{reserved=2/8,pending=0} tryExecute EatWhatYouKill@6404f418/SelectorProducer@3e11f9e9/PRODUCING/p=false/QueuedThreadPool[qtp961160488]@394a2528{STARTED,8<=8<=200,i=1,r=-1,q=0}[ReservedThreadExecutor@383bfa16{reserved=2/8,pending=0}][pc=0,pic=0,pec=0,epc=1]@2024-05-02T03:19:46.175+01:00
03:19:46.176 [qtp961160488-21] DEBUG org.eclipse.jetty.util.thread.ReservedThreadExecutor - ReservedThread@29bd5510{RESERVED,thread=Thread[qtp961160488-21,5,main]} task=EatWhatYouKill@6404f418/SelectorProducer@3e11f9e9/IDLE/p=true/QueuedThreadPool[qtp961160488]@394a2528{STARTED,8<=8<=200,i=1,r=-1,q=0}[ReservedThreadExecutor@383bfa16{reserved=1/8,pending=0}][pc=0,pic=0,pec=0,epc=1]@2024-05-02T03:19:46.176+01:00 ReservedThreadExecutor@383bfa16{reserved=1/8,pending=0}
03:19:46.176 [qtp961160488-22] DEBUG org.eclipse.jetty.util.thread.strategy.EatWhatYouKill - EatWhatYouKill@6404f418/SelectorProducer@3e11f9e9/IDLE/p=true/QueuedThreadPool[qtp961160488]@394a2528{STARTED,8<=8<=200,i=1,r=-1,q=0}[ReservedThreadExecutor@383bfa16{reserved=1/8,pending=0}][pc=0,pic=0,pec=0,epc=1]@2024-05-02T03:19:46.175+01:00 m=EXECUTE_PRODUCE_CONSUME t=CEP:SocketChannelEndPoint@331c2555{l=/127.0.0.1:36749,r=/127.0.0.1:35098,OPEN,fill=FI,flush=-,to=1/3000}{io=1/0,kio=1,kro=1}->HttpConnection@5e8c01b2[p=HttpParser{s=START,0 of -1},g=HttpGenerator@19484ca8{s=START}]=>HttpChannelOverHttp@4e3b71c7{s=HttpChannelState@7cc56998{s=IDLE rs=BLOCKING os=OPEN is=IDLE awp=false se=false i=true al=0},r=0,c=false/false,a=IDLE,uri=null,age=0}:runFillable:BLOCKING/BLOCKING
03:19:46.176 [qtp961160488-21] DEBUG org.eclipse.jetty.util.thread.strategy.EatWhatYouKill - EatWhatYouKill@6404f418/SelectorProducer@3e11f9e9/IDLE/p=true/QueuedThreadPool[qtp961160488]@394a2528{STARTED,8<=8<=200,i=1,r=-1,q=0}[ReservedThreadExecutor@383bfa16{reserved=1/8,pending=0}][pc=0,pic=0,pec=0,epc=2]@2024-05-02T03:19:46.176+01:00 tryProduce true
03:19:46.176 [qtp961160488-22] DEBUG org.eclipse.jetty.io.FillInterest - fillable FillInterest@4e166fb0{AC.ReadCB@5e8c01b2{HttpConnection@5e8c01b2::SocketChannelEndPoint@331c2555{l=/127.0.0.1:36749,r=/127.0.0.1:35098,OPEN,fill=FI,flush=-,to=1/3000}{io=1/0,kio=1,kro=1}->HttpConnection@5e8c01b2[p=HttpParser{s=START,0 of -1},g=HttpGenerator@19484ca8{s=START}]=>HttpChannelOverHttp@4e3b71c7{s=HttpChannelState@7cc56998{s=IDLE rs=BLOCKING os=OPEN is=IDLE awp=false se=false i=true al=0},r=0,c=false/false,a=IDLE,uri=null,age=0}}}
03:19:46.176 [qtp961160488-21] DEBUG org.eclipse.jetty.io.ManagedSelector - updateable 0
03:19:46.176 [qtp961160488-21] DEBUG org.eclipse.jetty.io.ManagedSelector - updates 0
03:19:46.176 [qtp961160488-22] DEBUG org.eclipse.jetty.server.HttpConnection - HttpConnection@5e8c01b2::SocketChannelEndPoint@331c2555{l=/127.0.0.1:36749,r=/127.0.0.1:35098,OPEN,fill=-,flush=-,to=1/3000}{io=0/0,kio=1,kro=1}->HttpConnection@5e8c01b2[p=HttpParser{s=START,0 of -1},g=HttpGenerator@19484ca8{s=START}]=>HttpChannelOverHttp@4e3b71c7{s=HttpChannelState@7cc56998{s=IDLE rs=BLOCKING os=OPEN is=IDLE awp=false se=false i=true al=0},r=0,c=false/false,a=IDLE,uri=null,age=0} onFillable enter HttpChannelState@7cc56998{s=IDLE rs=BLOCKING os=OPEN is=IDLE awp=false se=false i=true al=0} null
03:19:46.176 [qtp961160488-21] DEBUG org.eclipse.jetty.io.ChannelEndPoint - Key interests updated 1 -> 0 on SocketChannelEndPoint@331c2555{l=/127.0.0.1:36749,r=/127.0.0.1:35098,OPEN,fill=-,flush=-,to=1/3000}{io=0/0,kio=0,kro=1}->HttpConnection@5e8c01b2[p=HttpParser{s=START,0 of -1},g=HttpGenerator@19484ca8{s=START}]=>HttpChannelOverHttp@4e3b71c7{s=HttpChannelState@7cc56998{s=IDLE rs=BLOCKING os=OPEN is=IDLE awp=false se=false i=true al=0},r=0,c=false/false,a=IDLE,uri=null,age=0}
03:19:46.176 [qtp961160488-21] DEBUG org.eclipse.jetty.io.ManagedSelector - Selector sun.nio.ch.EPollSelectorImpl@44394951 waiting with 2 keys
03:19:46.176 [qtp961160488-22] DEBUG org.eclipse.jetty.io.ChannelEndPoint - filled 125 HeapByteBuffer@59198ba9[p=0,l=125,c=8192,r=125]={<<<GET /config.yml HTTP/1.1\r...gent: okhttp/3.12.3\r\n\r\n>>> 4\r\nServe...\x00\x00\x00\x00\x00\x00\x00}
03:19:46.176 [qtp961160488-22] DEBUG org.eclipse.jetty.server.HttpConnection - HttpConnection@5e8c01b2::SocketChannelEndPoint@331c2555{l=/127.0.0.1:36749,r=/127.0.0.1:35098,OPEN,fill=-,flush=-,to=0/3000}{io=0/0,kio=0,kro=1}->HttpConnection@5e8c01b2[p=HttpParser{s=START,0 of -1},g=HttpGenerator@19484ca8{s=START}]=>HttpChannelOverHttp@4e3b71c7{s=HttpChannelState@7cc56998{s=IDLE rs=BLOCKING os=OPEN is=IDLE awp=false se=false i=true al=0},r=0,c=false/false,a=IDLE,uri=null,age=0} filled 125 HeapByteBuffer@59198ba9[p=0,l=125,c=8192,r=125]={<<<GET /config.yml HTTP/1.1\r...gent: okhttp/3.12.3\r\n\r\n>>> 4\r\nServe...\x00\x00\x00\x00\x00\x00\x00}
03:19:46.176 [qtp961160488-22] DEBUG org.eclipse.jetty.server.HttpConnection - HttpConnection@5e8c01b2::SocketChannelEndPoint@331c2555{l=/127.0.0.1:36749,r=/127.0.0.1:35098,OPEN,fill=-,flush=-,to=0/3000}{io=0/0,kio=0,kro=1}->HttpConnection@5e8c01b2[p=HttpParser{s=START,0 of -1},g=HttpGenerator@19484ca8{s=START}]=>HttpChannelOverHttp@4e3b71c7{s=HttpChannelState@7cc56998{s=IDLE rs=BLOCKING os=OPEN is=IDLE awp=false se=false i=true al=0},r=0,c=false/false,a=IDLE,uri=null,age=0} parse HeapByteBuffer@59198ba9[p=0,l=125,c=8192,r=125]={<<<GET /config.yml HTTP/1.1\r...gent: okhttp/3.12.3\r\n\r\n>>> 4\r\nServe...\x00\x00\x00\x00\x00\x00\x00} {}
03:19:46.176 [qtp961160488-22] DEBUG org.eclipse.jetty.http.HttpParser - parseNext s=START HeapByteBuffer@59198ba9[p=0,l=125,c=8192,r=125]={<<<GET /config.yml HTTP/1.1\r...gent: okhttp/3.12.3\r\n\r\n>>> 4\r\nServe...\x00\x00\x00\x00\x00\x00\x00}
03:19:46.176 [qtp961160488-22] DEBUG org.eclipse.jetty.http.HttpParser - START --> SPACE1
03:19:46.176 [qtp961160488-22] DEBUG org.eclipse.jetty.http.HttpParser - SPACE1 --> URI
03:19:46.176 [qtp961160488-22] DEBUG org.eclipse.jetty.http.HttpParser - URI --> SPACE2
03:19:46.176 [qtp961160488-22] DEBUG org.eclipse.jetty.http.HttpParser - SPACE2 --> REQUEST_VERSION
03:19:46.177 [qtp961160488-22] DEBUG org.eclipse.jetty.http.HttpParser - REQUEST_VERSION --> HEADER
03:19:46.177 [qtp961160488-22] DEBUG org.eclipse.jetty.http.HttpParser - HEADER:Host --> VALUE
03:19:46.177 [qtp961160488-22] DEBUG org.eclipse.jetty.http.HttpParser - HEADER:Host --> IN_VALUE
03:19:46.177 [qtp961160488-22] DEBUG org.eclipse.jetty.http.HttpParser - HEADER:Host --> FIELD
03:19:46.177 [qtp961160488-22] DEBUG org.eclipse.jetty.http.HttpParser - HEADER:Connection: keep-alive --> IN_VALUE
03:19:46.177 [qtp961160488-22] DEBUG org.eclipse.jetty.http.HttpParser - HEADER:Connection: keep-alive --> FIELD
03:19:46.177 [qtp961160488-22] DEBUG org.eclipse.jetty.http.HttpParser - HEADER:Accept-Encoding: gzip --> IN_VALUE
03:19:46.177 [qtp961160488-22] DEBUG org.eclipse.jetty.http.HttpParser - HEADER:Accept-Encoding: gzip --> FIELD
03:19:46.177 [qtp961160488-22] DEBUG org.eclipse.jetty.http.HttpParser - HEADER:User-Agent --> VALUE
03:19:46.177 [qtp961160488-22] DEBUG org.eclipse.jetty.http.HttpParser - HEADER:User-Agent --> IN_VALUE
03:19:46.177 [qtp961160488-22] DEBUG org.eclipse.jetty.http.HttpParser - HEADER:User-Agent --> FIELD
03:19:46.177 [qtp961160488-22] DEBUG org.eclipse.jetty.http.HttpParser - HEADER --> CONTENT
03:19:46.177 [qtp961160488-22] DEBUG org.eclipse.jetty.server.HttpChannel - REQUEST for //localhost:36749/config.yml on HttpChannelOverHttp@4e3b71c7{s=HttpChannelState@7cc56998{s=IDLE rs=BLOCKING os=OPEN is=IDLE awp=false se=false i=true al=0},r=1,c=false/false,a=IDLE,uri=//localhost:36749/config.yml,age=0}
GET //localhost:36749/config.yml HTTP/1.1
Host: localhost:36749
Connection: keep-alive
Accept-Encoding: gzip
User-Agent: okhttp/3.12.3


03:19:46.177 [qtp961160488-22] DEBUG org.eclipse.jetty.server.HttpConnection - HttpConnection@5e8c01b2::SocketChannelEndPoint@331c2555{l=/127.0.0.1:36749,r=/127.0.0.1:35098,OPEN,fill=-,flush=-,to=0/3000}{io=0/0,kio=0,kro=1}->HttpConnection@5e8c01b2[p=HttpParser{s=CONTENT,0 of -1},g=HttpGenerator@19484ca8{s=START}]=>HttpChannelOverHttp@4e3b71c7{s=HttpChannelState@7cc56998{s=IDLE rs=BLOCKING os=OPEN is=IDLE awp=false se=false i=true al=0},r=1,c=false/false,a=IDLE,uri=//localhost:36749/config.yml,age=0} parsed true HttpParser{s=CONTENT,0 of -1}
03:19:46.177 [qtp961160488-22] DEBUG org.eclipse.jetty.server.HttpConnection - releaseRequestBuffer HttpConnection@5e8c01b2::SocketChannelEndPoint@331c2555{l=/127.0.0.1:36749,r=/127.0.0.1:35098,OPEN,fill=-,flush=-,to=0/3000}{io=0/0,kio=0,kro=1}->HttpConnection@5e8c01b2[p=HttpParser{s=CONTENT,0 of -1},g=HttpGenerator@19484ca8{s=START}]=>HttpChannelOverHttp@4e3b71c7{s=HttpChannelState@7cc56998{s=IDLE rs=BLOCKING os=OPEN is=IDLE awp=false se=false i=true al=0},r=1,c=false/false,a=IDLE,uri=//localhost:36749/config.yml,age=0}
03:19:46.177 [qtp961160488-22] DEBUG org.eclipse.jetty.server.HttpChannel - handle //localhost:36749/config.yml HttpChannelOverHttp@4e3b71c7{s=HttpChannelState@7cc56998{s=IDLE rs=BLOCKING os=OPEN is=IDLE awp=false se=false i=true al=0},r=1,c=false/false,a=IDLE,uri=//localhost:36749/config.yml,age=0} 
03:19:46.177 [qtp961160488-22] DEBUG org.eclipse.jetty.server.HttpChannelState - handling HttpChannelState@7cc56998{s=IDLE rs=BLOCKING os=OPEN is=IDLE awp=false se=false i=true al=0}
03:19:46.177 [qtp961160488-22] DEBUG org.eclipse.jetty.server.HttpChannel - action DISPATCH HttpChannelOverHttp@4e3b71c7{s=HttpChannelState@7cc56998{s=HANDLING rs=BLOCKING os=OPEN is=IDLE awp=false se=false i=true al=0},r=1,c=false/false,a=HANDLING,uri=//localhost:36749/config.yml,age=0}
03:19:46.177 [qtp961160488-22] DEBUG org.eclipse.jetty.server.Server - REQUEST GET /config.yml on HttpChannelOverHttp@4e3b71c7{s=HttpChannelState@7cc56998{s=HANDLING rs=BLOCKING os=OPEN is=IDLE awp=false se=false i=true al=0},r=1,c=false/false,a=HANDLING,uri=//localhost:36749/config.yml,age=0}
03:19:46.177 [qtp961160488-22] DEBUG org.eclipse.jetty.server.HttpOutput - write(array HeapByteBuffer@36d9a081[p=0,l=4,c=512,r=4]={<<<path>>>\x00\x00\x00\x00\x00\x00\x00\x00\x00...\x00\x00\x00\x00\x00\x00\x00})
03:19:46.177 [qtp961160488-22] DEBUG org.eclipse.jetty.server.HttpOutput - write(array) s=CLOSING,api=BLOCKED,sc=false,e=null last=true agg=false flush=true async=false, len=4 null
03:19:46.177 [qtp961160488-22] DEBUG org.eclipse.jetty.server.HttpChannel - sendResponse info=null content=HeapByteBuffer@5f76ebde[p=0,l=4,c=512,r=4]={<<<path>>>\x00\x00\x00\x00\x00\x00\x00\x00\x00...\x00\x00\x00\x00\x00\x00\x00} complete=true committing=true callback=Blocker@83fa04b{null}
03:19:46.178 [qtp961160488-22] DEBUG org.eclipse.jetty.server.HttpChannel - COMMIT for /config.yml on HttpChannelOverHttp@4e3b71c7{s=HttpChannelState@7cc56998{s=HANDLING rs=BLOCKING os=COMMITTED is=IDLE awp=false se=false i=true al=0},r=1,c=false/false,a=HANDLING,uri=//localhost:36749/config.yml,age=1}
200 null HTTP/1.1
Date: Thu, 02 May 2024 02:19:46 GMT
ETag: testEtag
Content-Type: text/plain;charset=utf-8
Content-Length: 4


03:19:46.178 [qtp961160488-22] DEBUG org.eclipse.jetty.server.HttpConnection - generate: NEED_HEADER for SendCallback@1a5d4766[PROCESSING][i=HTTP/1.1{s=200,h=4,cl=4},cb=org.eclipse.jetty.server.HttpChannel$SendCallback@61fb3104] (null,[p=0,l=4,c=512,r=4],true)@START
03:19:46.178 [qtp961160488-22] DEBUG org.eclipse.jetty.http.HttpGenerator - generateHeaders HTTP/1.1{s=200,h=4,cl=4} last=true content=HeapByteBuffer@5f76ebde[p=0,l=4,c=512,r=4]={<<<path>>>\x00\x00\x00\x00\x00\x00\x00\x00\x00...\x00\x00\x00\x00\x00\x00\x00}
03:19:46.178 [qtp961160488-22] DEBUG org.eclipse.jetty.http.HttpGenerator - Date: Thu, 02 May 2024 02:19:46 GMT
ETag: testEtag
Content-Type: text/plain;charset=utf-8
Content-Length: 4


03:19:46.178 [qtp961160488-22] DEBUG org.eclipse.jetty.http.HttpGenerator - CONTENT_LENGTH
03:19:46.178 [qtp961160488-22] DEBUG org.eclipse.jetty.server.HttpConnection - generate: FLUSH for SendCallback@1a5d4766[PROCESSING][i=HTTP/1.1{s=200,h=4,cl=4},cb=org.eclipse.jetty.server.HttpChannel$SendCallback@61fb3104] ([p=0,l=164,c=8192,r=164],[p=0,l=4,c=512,r=4],true)@COMPLETING
03:19:46.178 [qtp961160488-22] DEBUG org.eclipse.jetty.io.WriteFlusher - write: WriteFlusher@93b0efe{IDLE}->null [HeapByteBuffer@59198ba9[p=0,l=164,c=8192,r=164]={<<<HTTP/1.1 200 OK\r\nDate: Th...y(9.4.44.v20210927)\r\n\r\n>>>\n\r\n\x00\x00\x00\x00\x00\x00...\x00\x00\x00\x00\x00\x00\x00},HeapByteBuffer@5f76ebde[p=0,l=4,c=512,r=4]={<<<path>>>\x00\x00\x00\x00\x00\x00\x00\x00\x00...\x00\x00\x00\x00\x00\x00\x00}]
03:19:46.178 [qtp961160488-22] DEBUG org.eclipse.jetty.io.WriteFlusher - update WriteFlusher@93b0efe{WRITING}->null:IDLE-->WRITING
03:19:46.178 [qtp961160488-22] DEBUG org.eclipse.jetty.io.ChannelEndPoint - flushed 168 SocketChannelEndPoint@331c2555{l=/127.0.0.1:36749,r=/127.0.0.1:35098,OPEN,fill=-,flush=W,to=1/3000}{io=0/0,kio=0,kro=1}->HttpConnection@5e8c01b2[p=HttpParser{s=CONTENT,0 of -1},g=HttpGenerator@19484ca8{s=COMPLETING}]=>HttpChannelOverHttp@4e3b71c7{s=HttpChannelState@7cc56998{s=HANDLING rs=BLOCKING os=COMMITTED is=IDLE awp=false se=false i=true al=0},r=1,c=false/false,a=HANDLING,uri=//localhost:36749/config.yml,age=1}
03:19:46.178 [main] DEBUG org.apache.nifi.minifi.bootstrap.configuration.ingestors.PullHttpChangeIngestor - Response received: Response{protocol=http/1.1, code=200, message=OK, url=http://localhost:36749/config.yml}
03:19:46.178 [qtp961160488-22] DEBUG org.eclipse.jetty.io.WriteFlusher - Flushed=true written=168 remaining=0 WriteFlusher@93b0efe{WRITING}->null
03:19:46.178 [qtp961160488-22] DEBUG org.eclipse.jetty.io.WriteFlusher - update WriteFlusher@93b0efe{IDLE}->null:WRITING-->IDLE
03:19:46.178 [qtp961160488-22] DEBUG org.eclipse.jetty.server.HttpConnection - generate: DONE for SendCallback@1a5d4766[PROCESSING][i=HTTP/1.1{s=200,h=4,cl=4},cb=org.eclipse.jetty.server.HttpChannel$SendCallback@61fb3104] ([p=164,l=164,c=8192,r=0],[p=4,l=4,c=512,r=0],true)@END
03:19:46.178 [main] DEBUG org.apache.nifi.minifi.bootstrap.configuration.ingestors.PullHttpChangeIngestor - Pulled config same as currently running.
03:19:46.178 [qtp961160488-22] DEBUG org.eclipse.jetty.server.HttpOutput - onWriteComplete(true,null) s=CLOSING,api=BLOCKED,sc=false,e=null->s=CLOSED,api=BLOCKING,sc=false,e=null c=null cb=null w=false
03:19:46.178 [qtp961160488-22] DEBUG org.eclipse.jetty.server.HttpOutput - close() s=CLOSED,api=BLOCKING,sc=false,e=null c=null b=null
03:19:46.178 [qtp961160488-22] DEBUG org.eclipse.jetty.server.Server - handled=true async=false committed=true on HttpChannelOverHttp@4e3b71c7{s=HttpChannelState@7cc56998{s=HANDLING rs=BLOCKING os=COMPLETED is=IDLE awp=false se=false i=true al=0},r=1,c=false/true,a=HANDLING,uri=//localhost:36749/config.yml,age=1}
03:19:46.178 [qtp961160488-22] DEBUG org.eclipse.jetty.server.HttpChannelState - unhandle HttpChannelState@7cc56998{s=HANDLING rs=BLOCKING os=COMPLETED is=IDLE awp=false se=false i=true al=0}
03:19:46.178 [qtp961160488-22] DEBUG org.eclipse.jetty.server.HttpChannelState - nextAction(false) COMPLETE HttpChannelState@7cc56998{s=HANDLING rs=COMPLETING os=COMPLETED is=IDLE awp=false se=false i=false al=0}
]]></system-out>
  </testcase>
</testsuite>