<?xml version="1.0" encoding="UTF-8"?>
<testsuite xmlns:xsi="http://www.w3.org/2001/XMLSchema-instance" xsi:noNamespaceSchemaLocation="https://maven.apache.org/surefire/maven-surefire-plugin/xsd/surefire-test-report-3.0.xsd" version="3.0" name="org.apache.nifi.web.security.x509.ocsp.OcspCertificateValidatorTest" time="0.399" tests="8" errors="0" skipped="5" failures="0">
  <properties>
    <property name="sun.desktop" value="gnome"/>
    <property name="awt.toolkit" value="sun.awt.X11.XToolkit"/>
    <property name="file.encoding.pkg" value="sun.io"/>
    <property name="java.specification.version" value="1.8"/>
    <property name="sun.cpu.isalist" value=""/>
    <property name="sun.jnu.encoding" value="UTF-8"/>
    <property name="java.class.path" value="/home/alex/Repositories/nifi/nifi-nar-bundles/nifi-framework-bundle/nifi-framework/nifi-web/nifi-web-security/target/test-classes:/home/alex/Repositories/nifi/nifi-nar-bundles/nifi-framework-bundle/nifi-framework/nifi-web/nifi-web-security/target/classes:/home/alex/Repositories/nifi/nifi-nar-bundles/nifi-framework-bundle/nifi-framework/nifi-administration/target/classes:/home/alex/Repositories/nifi/nifi-nar-bundles/nifi-framework-bundle/nifi-framework/nifi-user-actions/target/classes:/home/alex/Repositories/nifi/nifi-nar-bundles/nifi-framework-bundle/nifi-framework/nifi-framework-core-api/target/classes:/home/alex/Repositories/nifi/nifi-nar-bundles/nifi-framework-bundle/nifi-framework/nifi-framework-nar-utils/target/classes:/home/alex/Repositories/nifi/nifi-commons/nifi-parameter/target/classes:/home/alex/Repositories/nifi/nifi-commons/nifi-utils/target/classes:/home/alex/.m2/repository/com/h2database/h2/1.4.199/h2-1.4.199.jar:/home/alex/.m2/repository/org/springframework/spring-beans/5.3.11/spring-beans-5.3.11.jar:/home/alex/.m2/repository/org/springframework/spring-context/5.3.11/spring-context-5.3.11.jar:/home/alex/.m2/repository/org/springframework/spring-expression/5.3.11/spring-expression-5.3.11.jar:/home/alex/.m2/repository/org/springframework/spring-core/5.3.11/spring-core-5.3.11.jar:/home/alex/.m2/repository/org/springframework/spring-jcl/5.3.11/spring-jcl-5.3.11.jar:/home/alex/.m2/repository/org/springframework/spring-aop/5.3.11/spring-aop-5.3.11.jar:/home/alex/.m2/repository/org/aspectj/aspectjweaver/1.9.6/aspectjweaver-1.9.6.jar:/home/alex/.m2/repository/org/apache/commons/commons-collections4/4.4/commons-collections4-4.4.jar:/home/alex/Repositories/nifi/nifi-nar-bundles/nifi-framework-bundle/nifi-framework/nifi-nar-utils/target/classes:/home/alex/Repositories/nifi/nifi-api/target/classes:/home/alex/Repositories/nifi/nifi-framework-api/target/classes:/home/alex/Repositories/nifi/nifi-commons/nifi-web-utils/target/classes:/home/alex/.m2/repository/org/apache/commons/commons-lang3/3.9/commons-lang3-3.9.jar:/home/alex/.m2/repository/com/fasterxml/jackson/core/jackson-databind/2.12.3/jackson-databind-2.12.3.jar:/home/alex/.m2/repository/com/fasterxml/jackson/core/jackson-annotations/2.12.3/jackson-annotations-2.12.3.jar:/home/alex/.m2/repository/com/fasterxml/jackson/module/jackson-module-jaxb-annotations/2.12.3/jackson-module-jaxb-annotations-2.12.3.jar:/home/alex/.m2/repository/jakarta/xml/bind/jakarta.xml.bind-api/2.3.2/jakarta.xml.bind-api-2.3.2.jar:/home/alex/.m2/repository/jakarta/activation/jakarta.activation-api/1.2.1/jakarta.activation-api-1.2.1.jar:/home/alex/.m2/repository/org/apache/httpcomponents/httpclient/4.5.5/httpclient-4.5.5.jar:/home/alex/.m2/repository/org/apache/httpcomponents/httpcore/4.4.9/httpcore-4.4.9.jar:/home/alex/Repositories/nifi/nifi-commons/nifi-security-utils/target/classes:/home/alex/Repositories/nifi/nifi-commons/nifi-security-utils-api/target/classes:/home/alex/Repositories/nifi/nifi-commons/nifi-security-kms/target/classes:/home/alex/.m2/repository/commons-codec/commons-codec/1.14/commons-codec-1.14.jar:/home/alex/Repositories/nifi/nifi-commons/nifi-properties/target/classes:/home/alex/Repositories/nifi/nifi-commons/nifi-property-utils/target/classes:/home/alex/.m2/repository/at/favre/lib/bcrypt/0.9.0/bcrypt-0.9.0.jar:/home/alex/.m2/repository/at/favre/lib/bytes/1.3.0/bytes-1.3.0.jar:/home/alex/.m2/repository/org/apache/commons/commons-configuration2/2.7/commons-configuration2-2.7.jar:/home/alex/.m2/repository/org/apache/commons/commons-text/1.8/commons-text-1.8.jar:/home/alex/Repositories/nifi/nifi-nar-bundles/nifi-framework-bundle/nifi-framework/nifi-framework-core/target/classes:/home/alex/Repositories/nifi/nifi-nar-bundles/nifi-framework-bundle/nifi-framework/nifi-properties-loader/target/classes:/home/alex/Repositories/nifi/nifi-commons/nifi-sensitive-property-provider/target/classes:/home/alex/.m2/repository/software/amazon/awssdk/kms/2.17.1/kms-2.17.1.jar:/home/alex/.m2/repository/software/amazon/awssdk/aws-json-protocol/2.17.1/aws-json-protocol-2.17.1.jar:/home/alex/.m2/repository/software/amazon/awssdk/third-party-jackson-core/2.17.1/third-party-jackson-core-2.17.1.jar:/home/alex/.m2/repository/software/amazon/awssdk/json-utils/2.17.1/json-utils-2.17.1.jar:/home/alex/.m2/repository/software/amazon/awssdk/protocol-core/2.17.1/protocol-core-2.17.1.jar:/home/alex/.m2/repository/software/amazon/awssdk/sdk-core/2.17.1/sdk-core-2.17.1.jar:/home/alex/.m2/repository/software/amazon/awssdk/profiles/2.17.1/profiles-2.17.1.jar:/home/alex/.m2/repository/org/reactivestreams/reactive-streams/1.0.3/reactive-streams-1.0.3.jar:/home/alex/.m2/repository/software/amazon/awssdk/auth/2.17.1/auth-2.17.1.jar:/home/alex/.m2/repository/software/amazon/eventstream/eventstream/1.0.1/eventstream-1.0.1.jar:/home/alex/.m2/repository/software/amazon/awssdk/http-client-spi/2.17.1/http-client-spi-2.17.1.jar:/home/alex/.m2/repository/software/amazon/awssdk/regions/2.17.1/regions-2.17.1.jar:/home/alex/.m2/repository/software/amazon/awssdk/annotations/2.17.1/annotations-2.17.1.jar:/home/alex/.m2/repository/software/amazon/awssdk/utils/2.17.1/utils-2.17.1.jar:/home/alex/.m2/repository/software/amazon/awssdk/aws-core/2.17.1/aws-core-2.17.1.jar:/home/alex/.m2/repository/software/amazon/awssdk/metrics-spi/2.17.1/metrics-spi-2.17.1.jar:/home/alex/.m2/repository/software/amazon/awssdk/secretsmanager/2.17.1/secretsmanager-2.17.1.jar:/home/alex/.m2/repository/com/azure/azure-security-keyvault-secrets/4.3.3/azure-security-keyvault-secrets-4.3.3.jar:/home/alex/.m2/repository/com/azure/azure-core/1.20.0/azure-core-1.20.0.jar:/home/alex/.m2/repository/com/fasterxml/jackson/dataformat/jackson-dataformat-xml/2.12.4/jackson-dataformat-xml-2.12.4.jar:/home/alex/.m2/repository/io/projectreactor/reactor-core/3.4.9/reactor-core-3.4.9.jar:/home/alex/.m2/repository/com/azure/azure-security-keyvault-keys/4.3.3/azure-security-keyvault-keys-4.3.3.jar:/home/alex/.m2/repository/com/azure/azure-identity/1.3.4/azure-identity-1.3.4.jar:/home/alex/.m2/repository/com/microsoft/azure/msal4j/1.10.1/msal4j-1.10.1.jar:/home/alex/.m2/repository/com/microsoft/azure/msal4j-persistence-extension/1.1.0/msal4j-persistence-extension-1.1.0.jar:/home/alex/.m2/repository/net/java/dev/jna/jna/5.5.0/jna-5.5.0.jar:/home/alex/.m2/repository/net/java/dev/jna/jna-platform/5.6.0/jna-platform-5.6.0.jar:/home/alex/.m2/repository/com/azure/azure-core-http-okhttp/1.7.1/azure-core-http-okhttp-1.7.1.jar:/home/alex/.m2/repository/com/squareup/okhttp3/okhttp/4.8.1/okhttp-4.8.1.jar:/home/alex/.m2/repository/com/squareup/okio/okio/2.7.0/okio-2.7.0.jar:/home/alex/.m2/repository/org/jetbrains/kotlin/kotlin-stdlib-common/1.3.70/kotlin-stdlib-common-1.3.70.jar:/home/alex/.m2/repository/org/jetbrains/kotlin/kotlin-stdlib/1.3.72/kotlin-stdlib-1.3.72.jar:/home/alex/.m2/repository/org/jetbrains/annotations/13.0/annotations-13.0.jar:/home/alex/.m2/repository/software/amazon/awssdk/url-connection-client/2.17.1/url-connection-client-2.17.1.jar:/home/alex/.m2/repository/com/google/cloud/google-cloud-kms/2.0.2/google-cloud-kms-2.0.2.jar:/home/alex/.m2/repository/io/grpc/grpc-api/1.40.0/grpc-api-1.40.0.jar:/home/alex/.m2/repository/io/grpc/grpc-context/1.40.0/grpc-context-1.40.0.jar:/home/alex/.m2/repository/io/grpc/grpc-stub/1.40.0/grpc-stub-1.40.0.jar:/home/alex/.m2/repository/io/grpc/grpc-protobuf/1.40.0/grpc-protobuf-1.40.0.jar:/home/alex/.m2/repository/io/grpc/grpc-protobuf-lite/1.40.0/grpc-protobuf-lite-1.40.0.jar:/home/alex/.m2/repository/com/google/api/api-common/2.0.1/api-common-2.0.1.jar:/home/alex/.m2/repository/javax/annotation/javax.annotation-api/1.3.2/javax.annotation-api-1.3.2.jar:/home/alex/.m2/repository/com/google/auto/value/auto-value-annotations/1.8.2/auto-value-annotations-1.8.2.jar:/home/alex/.m2/repository/com/google/protobuf/protobuf-java/3.17.3/protobuf-java-3.17.3.jar:/home/alex/.m2/repository/com/google/api/grpc/proto-google-common-protos/2.3.2/proto-google-common-protos-2.3.2.jar:/home/alex/.m2/repository/com/google/api/grpc/proto-google-cloud-kms-v1/0.91.2/proto-google-cloud-kms-v1-0.91.2.jar:/home/alex/.m2/repository/com/google/api/gax/2.3.0/gax-2.3.0.jar:/home/alex/.m2/repository/io/opencensus/opencensus-api/0.28.0/opencensus-api-0.28.0.jar:/home/alex/.m2/repository/com/google/api/gax-grpc/2.3.0/gax-grpc-2.3.0.jar:/home/alex/.m2/repository/com/google/auth/google-auth-library-credentials/1.1.0/google-auth-library-credentials-1.1.0.jar:/home/alex/.m2/repository/io/grpc/grpc-netty-shaded/1.40.0/grpc-netty-shaded-1.40.0.jar:/home/alex/.m2/repository/io/perfmark/perfmark-api/0.23.0/perfmark-api-0.23.0.jar:/home/alex/.m2/repository/io/grpc/grpc-core/1.40.0/grpc-core-1.40.0.jar:/home/alex/.m2/repository/com/google/android/annotations/4.1.1.4/annotations-4.1.1.4.jar:/home/alex/.m2/repository/io/grpc/grpc-alts/1.40.0/grpc-alts-1.40.0.jar:/home/alex/.m2/repository/io/grpc/grpc-grpclb/1.40.0/grpc-grpclb-1.40.0.jar:/home/alex/.m2/repository/com/google/protobuf/protobuf-java-util/3.17.3/protobuf-java-util-3.17.3.jar:/home/alex/.m2/repository/org/conscrypt/conscrypt-openjdk-uber/2.5.1/conscrypt-openjdk-uber-2.5.1.jar:/home/alex/.m2/repository/org/threeten/threetenbp/1.5.1/threetenbp-1.5.1.jar:/home/alex/.m2/repository/io/grpc/grpc-auth/1.40.0/grpc-auth-1.40.0.jar:/home/alex/.m2/repository/com/google/api/grpc/proto-google-iam-v1/1.0.14/proto-google-iam-v1-1.0.14.jar:/home/alex/.m2/repository/com/google/auth/google-auth-library-oauth2-http/1.1.0/google-auth-library-oauth2-http-1.1.0.jar:/home/alex/.m2/repository/com/google/http-client/google-http-client/1.39.2/google-http-client-1.39.2.jar:/home/alex/.m2/repository/io/opencensus/opencensus-contrib-http-util/0.28.0/opencensus-contrib-http-util-0.28.0.jar:/home/alex/.m2/repository/com/google/http-client/google-http-client-gson/1.39.2/google-http-client-gson-1.39.2.jar:/home/alex/.m2/repository/com/google/code/gson/gson/2.8.8/gson-2.8.8.jar:/home/alex/Repositories/nifi/nifi-commons/nifi-vault-utils/target/classes:/home/alex/.m2/repository/org/springframework/vault/spring-vault-core/2.3.2/spring-vault-core-2.3.2.jar:/home/alex/Repositories/nifi/nifi-nar-bundles/nifi-framework-bundle/nifi-framework/nifi-framework-components/target/classes:/home/alex/.m2/repository/org/quartz-scheduler/quartz/2.3.2/quartz-2.3.2.jar:/home/alex/.m2/repository/com/mchange/c3p0/0.9.5.4/c3p0-0.9.5.4.jar:/home/alex/.m2/repository/com/mchange/mchange-commons-java/0.2.15/mchange-commons-java-0.2.15.jar:/home/alex/.m2/repository/com/zaxxer/HikariCP-java7/2.4.13/HikariCP-java7-2.4.13.jar:/home/alex/Repositories/nifi/nifi-commons/nifi-property-encryptor/target/classes:/home/alex/Repositories/nifi/nifi-commons/nifi-expression-language/target/classes:/home/alex/.m2/repository/org/antlr/antlr-runtime/3.5.2/antlr-runtime-3.5.2.jar:/home/alex/Repositories/nifi/nifi-commons/nifi-uuid5/target/classes:/home/alex/.m2/repository/com/jayway/jsonpath/json-path/2.6.0/json-path-2.6.0.jar:/home/alex/Repositories/nifi/nifi-commons/nifi-schema-utils/target/classes:/home/alex/Repositories/nifi/nifi-nar-bundles/nifi-framework-bundle/nifi-framework/nifi-repository-models/target/classes:/home/alex/Repositories/nifi/nifi-commons/nifi-repository-encryption/target/classes:/home/alex/Repositories/nifi/nifi-nar-bundles/nifi-framework-bundle/nifi-framework/nifi-site-to-site/target/classes:/home/alex/Repositories/nifi/nifi-nar-bundles/nifi-framework-bundle/nifi-framework/nifi-framework-cluster-protocol/target/classes:/home/alex/Repositories/nifi/nifi-commons/nifi-socket-utils/target/classes:/home/alex/.m2/repository/commons-net/commons-net/3.6/commons-net-3.6.jar:/home/alex/Repositories/nifi/nifi-commons/nifi-logging-utils/target/classes:/home/alex/Repositories/nifi/nifi-nar-bundles/nifi-framework-bundle/nifi-framework/nifi-client-dto/target/classes:/home/alex/.m2/repository/io/swagger/swagger-annotations/1.6.0/swagger-annotations-1.6.0.jar:/home/alex/Repositories/nifi/nifi-commons/nifi-site-to-site-client/target/classes:/home/alex/.m2/repository/org/apache/httpcomponents/httpasyncclient/4.1.4/httpasyncclient-4.1.4.jar:/home/alex/.m2/repository/org/apache/httpcomponents/httpcore-nio/4.4.10/httpcore-nio-4.4.10.jar:/home/alex/.m2/repository/commons-io/commons-io/2.10.0/commons-io-2.10.0.jar:/home/alex/.m2/repository/org/apache/commons/commons-math3/3.6.1/commons-math3-3.6.1.jar:/home/alex/.m2/repository/org/questdb/core/4.2.1/core-4.2.1.jar:/home/alex/Repositories/nifi/nifi-commons/nifi-data-provenance-utils/target/classes:/home/alex/Repositories/nifi/nifi-commons/nifi-write-ahead-log/target/classes:/home/alex/Repositories/nifi/nifi-commons/nifi-rocksdb-utils/target/classes:/home/alex/.m2/repository/org/rocksdb/rocksdbjni/6.6.4/rocksdbjni-6.6.4.jar:/home/alex/Repositories/nifi/nifi-nar-bundles/nifi-framework-bundle/nifi-framework/nifi-flowfile-repo-serialization/target/classes:/home/alex/.m2/repository/org/apache/zookeeper/zookeeper/3.5.9/zookeeper-3.5.9.jar:/home/alex/.m2/repository/org/apache/zookeeper/zookeeper-jute/3.5.9/zookeeper-jute-3.5.9.jar:/home/alex/.m2/repository/org/apache/yetus/audience-annotations/0.5.0/audience-annotations-0.5.0.jar:/home/alex/.m2/repository/io/netty/netty-handler/4.1.50.Final/netty-handler-4.1.50.Final.jar:/home/alex/.m2/repository/io/netty/netty-common/4.1.50.Final/netty-common-4.1.50.Final.jar:/home/alex/.m2/repository/io/netty/netty-resolver/4.1.50.Final/netty-resolver-4.1.50.Final.jar:/home/alex/.m2/repository/io/netty/netty-buffer/4.1.50.Final/netty-buffer-4.1.50.Final.jar:/home/alex/.m2/repository/io/netty/netty-transport/4.1.50.Final/netty-transport-4.1.50.Final.jar:/home/alex/.m2/repository/io/netty/netty-codec/4.1.50.Final/netty-codec-4.1.50.Final.jar:/home/alex/.m2/repository/io/netty/netty-transport-native-epoll/4.1.50.Final/netty-transport-native-epoll-4.1.50.Final.jar:/home/alex/.m2/repository/io/netty/netty-transport-native-unix-common/4.1.50.Final/netty-transport-native-unix-common-4.1.50.Final.jar:/home/alex/.m2/repository/org/apache/curator/curator-framework/5.2.0/curator-framework-5.2.0.jar:/home/alex/.m2/repository/org/apache/curator/curator-client/5.2.0/curator-client-5.2.0.jar:/home/alex/.m2/repository/org/apache/curator/curator-recipes/5.2.0/curator-recipes-5.2.0.jar:/home/alex/Repositories/nifi/nifi-registry/nifi-registry-core/nifi-registry-data-model/target/classes:/home/alex/.m2/repository/javax/validation/validation-api/2.0.1.Final/validation-api-2.0.1.Final.jar:/home/alex/Repositories/nifi/nifi-registry/nifi-registry-core/nifi-registry-revision/nifi-registry-revision-entity-model/target/classes:/home/alex/Repositories/nifi/nifi-registry/nifi-registry-core/nifi-registry-flow-diff/target/classes:/home/alex/Repositories/nifi/nifi-registry/nifi-registry-core/nifi-registry-client/target/classes:/home/alex/Repositories/nifi/nifi-registry/nifi-registry-core/nifi-registry-security-utils/target/classes:/home/alex/.m2/repository/org/glassfish/jersey/inject/jersey-hk2/2.33/jersey-hk2-2.33.jar:/home/alex/.m2/repository/org/glassfish/hk2/hk2-locator/2.6.1/hk2-locator-2.6.1.jar:/home/alex/.m2/repository/org/glassfish/hk2/external/aopalliance-repackaged/2.6.1/aopalliance-repackaged-2.6.1.jar:/home/alex/.m2/repository/org/glassfish/hk2/hk2-api/2.6.1/hk2-api-2.6.1.jar:/home/alex/.m2/repository/org/glassfish/hk2/hk2-utils/2.6.1/hk2-utils-2.6.1.jar:/home/alex/.m2/repository/org/javassist/javassist/3.25.0-GA/javassist-3.25.0-GA.jar:/home/alex/.m2/repository/org/glassfish/jersey/media/jersey-media-multipart/2.33/jersey-media-multipart-2.33.jar:/home/alex/.m2/repository/org/jvnet/mimepull/mimepull/1.9.13/mimepull-1.9.13.jar:/home/alex/.m2/repository/com/fasterxml/jackson/core/jackson-core/2.12.3/jackson-core-2.12.3.jar:/home/alex/Repositories/nifi/nifi-nar-bundles/nifi-framework-bundle/nifi-framework/nifi-authorizer/target/classes:/home/alex/Repositories/nifi/nifi-nar-bundles/nifi-framework-bundle/nifi-framework/nifi-framework-authorization-providers/target/classes:/home/alex/.m2/repository/com/github/ben-manes/caffeine/caffeine/2.8.1/caffeine-2.8.1.jar:/home/alex/Repositories/nifi/nifi-nar-bundles/nifi-framework-bundle/nifi-framework/nifi-framework-authorization/target/classes:/home/alex/.m2/repository/org/bouncycastle/bcprov-jdk15on/1.69/bcprov-jdk15on-1.69.jar:/home/alex/.m2/repository/org/bouncycastle/bcpkix-jdk15on/1.69/bcpkix-jdk15on-1.69.jar:/home/alex/.m2/repository/org/bouncycastle/bcutil-jdk15on/1.69/bcutil-jdk15on-1.69.jar:/home/alex/.m2/repository/com/google/guava/guava/28.0-jre/guava-28.0-jre.jar:/home/alex/.m2/repository/com/google/guava/failureaccess/1.0.1/failureaccess-1.0.1.jar:/home/alex/.m2/repository/com/google/guava/listenablefuture/9999.0-empty-to-avoid-conflict-with-guava/listenablefuture-9999.0-empty-to-avoid-conflict-with-guava.jar:/home/alex/.m2/repository/com/google/code/findbugs/jsr305/3.0.2/jsr305-3.0.2.jar:/home/alex/.m2/repository/org/checkerframework/checker-qual/2.8.1/checker-qual-2.8.1.jar:/home/alex/.m2/repository/com/google/errorprone/error_prone_annotations/2.3.2/error_prone_annotations-2.3.2.jar:/home/alex/.m2/repository/com/google/j2objc/j2objc-annotations/1.3/j2objc-annotations-1.3.jar:/home/alex/.m2/repository/org/codehaus/mojo/animal-sniffer-annotations/1.17/animal-sniffer-annotations-1.17.jar:/home/alex/.m2/repository/org/springframework/spring-jdbc/5.3.11/spring-jdbc-5.3.11.jar:/home/alex/.m2/repository/org/springframework/spring-tx/5.3.11/spring-tx-5.3.11.jar:/home/alex/.m2/repository/org/springframework/spring-web/5.3.11/spring-web-5.3.11.jar:/home/alex/.m2/repository/org/springframework/security/spring-security-core/5.5.2/spring-security-core-5.5.2.jar:/home/alex/.m2/repository/org/springframework/security/spring-security-crypto/5.5.2/spring-security-crypto-5.5.2.jar:/home/alex/.m2/repository/org/springframework/security/spring-security-config/5.5.2/spring-security-config-5.5.2.jar:/home/alex/.m2/repository/org/springframework/security/spring-security-web/5.5.2/spring-security-web-5.5.2.jar:/home/alex/.m2/repository/javax/servlet/javax.servlet-api/3.1.0/javax.servlet-api-3.1.0.jar:/home/alex/.m2/repository/org/springframework/security/extensions/spring-security-saml2-core/1.0.10.RELEASE/spring-security-saml2-core-1.0.10.RELEASE.jar:/home/alex/.m2/repository/com/narupley/not-going-to-be-commons-ssl/0.3.20/not-going-to-be-commons-ssl-0.3.20.jar:/home/alex/.m2/repository/commons-httpclient/commons-httpclient/3.1/commons-httpclient-3.1.jar:/home/alex/.m2/repository/org/apache/santuario/xmlsec/1.5.8/xmlsec-1.5.8.jar:/home/alex/.m2/repository/org/apache/velocity/velocity-engine-core/2.0/velocity-engine-core-2.0.jar:/home/alex/.m2/repository/org/opensaml/opensaml/2.6.6/opensaml-2.6.6.jar:/home/alex/.m2/repository/org/opensaml/openws/1.5.6/openws-1.5.6.jar:/home/alex/.m2/repository/org/opensaml/xmltooling/1.4.6/xmltooling-1.4.6.jar:/home/alex/.m2/repository/commons-collections/commons-collections/3.2.1/commons-collections-3.2.1.jar:/home/alex/.m2/repository/commons-lang/commons-lang/2.6/commons-lang-2.6.jar:/home/alex/.m2/repository/joda-time/joda-time/2.2/joda-time-2.2.jar:/home/alex/.m2/repository/org/owasp/esapi/esapi/2.2.0.0/esapi-2.2.0.0.jar:/home/alex/.m2/repository/commons-beanutils/commons-beanutils/1.9.4/commons-beanutils-1.9.4.jar:/home/alex/.m2/repository/org/apache-extras/beanshell/bsh/2.0b6/bsh-2.0b6.jar:/home/alex/.m2/repository/xerces/xercesImpl/2.12.0/xercesImpl-2.12.0.jar:/home/alex/.m2/repository/xml-apis/xml-apis/1.4.01/xml-apis-1.4.01.jar:/home/alex/.m2/repository/org/springframework/security/kerberos/spring-security-kerberos-core/1.0.1.RELEASE/spring-security-kerberos-core-1.0.1.RELEASE.jar:/home/alex/.m2/repository/org/springframework/security/spring-security-oauth2-resource-server/5.5.2/spring-security-oauth2-resource-server-5.5.2.jar:/home/alex/.m2/repository/org/springframework/security/spring-security-oauth2-core/5.5.2/spring-security-oauth2-core-5.5.2.jar:/home/alex/.m2/repository/org/springframework/security/spring-security-oauth2-jose/5.5.2/spring-security-oauth2-jose-5.5.2.jar:/home/alex/.m2/repository/com/nimbusds/nimbus-jose-jwt/9.11.2/nimbus-jose-jwt-9.11.2.jar:/home/alex/.m2/repository/org/slf4j/jcl-over-slf4j/1.7.32/jcl-over-slf4j-1.7.32.jar:/home/alex/.m2/repository/com/nimbusds/oauth2-oidc-sdk/9.10.2/oauth2-oidc-sdk-9.10.2.jar:/home/alex/.m2/repository/com/github/stephenc/jcip/jcip-annotations/1.0-1/jcip-annotations-1.0-1.jar:/home/alex/.m2/repository/com/nimbusds/content-type/2.1/content-type-2.1.jar:/home/alex/.m2/repository/net/minidev/json-smart/2.4.7/json-smart-2.4.7.jar:/home/alex/.m2/repository/net/minidev/accessors-smart/2.4.7/accessors-smart-2.4.7.jar:/home/alex/.m2/repository/org/ow2/asm/asm/9.1/asm-9.1.jar:/home/alex/.m2/repository/com/nimbusds/lang-tag/1.5/lang-tag-1.5.jar:/home/alex/.m2/repository/javax/ws/rs/javax.ws.rs-api/2.1/javax.ws.rs-api-2.1.jar:/home/alex/.m2/repository/org/glassfish/jersey/core/jersey-client/2.33/jersey-client-2.33.jar:/home/alex/.m2/repository/jakarta/ws/rs/jakarta.ws.rs-api/2.1.6/jakarta.ws.rs-api-2.1.6.jar:/home/alex/.m2/repository/org/glassfish/jersey/core/jersey-common/2.33/jersey-common-2.33.jar:/home/alex/.m2/repository/jakarta/annotation/jakarta.annotation-api/1.3.5/jakarta.annotation-api-1.3.5.jar:/home/alex/.m2/repository/org/glassfish/hk2/osgi-resource-locator/1.0.3/osgi-resource-locator-1.0.3.jar:/home/alex/.m2/repository/org/glassfish/hk2/external/jakarta.inject/2.6.1/jakarta.inject-2.6.1.jar:/home/alex/.m2/repository/org/glassfish/jersey/media/jersey-media-json-jackson/2.33/jersey-media-json-jackson-2.33.jar:/home/alex/.m2/repository/org/glassfish/jersey/ext/jersey-entity-filtering/2.33/jersey-entity-filtering-2.33.jar:/home/alex/.m2/repository/com/fasterxml/jackson/datatype/jackson-datatype-jsr310/2.12.3/jackson-datatype-jsr310-2.12.3.jar:/home/alex/.m2/repository/org/codehaus/jettison/jettison/1.3.7/jettison-1.3.7.jar:/home/alex/.m2/repository/stax/stax-api/1.0.1/stax-api-1.0.1.jar:/home/alex/.m2/repository/org/springframework/spring-test/5.3.11/spring-test-5.3.11.jar:/home/alex/.m2/repository/org/eclipse/jetty/jetty-servlet/9.4.44.v20210927/jetty-servlet-9.4.44.v20210927.jar:/home/alex/.m2/repository/org/eclipse/jetty/jetty-security/9.4.44.v20210927/jetty-security-9.4.44.v20210927.jar:/home/alex/.m2/repository/org/eclipse/jetty/jetty-server/9.4.44.v20210927/jetty-server-9.4.44.v20210927.jar:/home/alex/.m2/repository/org/eclipse/jetty/jetty-http/9.4.44.v20210927/jetty-http-9.4.44.v20210927.jar:/home/alex/.m2/repository/org/eclipse/jetty/jetty-io/9.4.44.v20210927/jetty-io-9.4.44.v20210927.jar:/home/alex/.m2/repository/org/eclipse/jetty/jetty-util-ajax/9.4.44.v20210927/jetty-util-ajax-9.4.44.v20210927.jar:/home/alex/.m2/repository/org/eclipse/jetty/jetty-util/9.4.44.v20210927/jetty-util-9.4.44.v20210927.jar:/home/alex/.m2/repository/org/codehaus/groovy/groovy-json/2.5.14/groovy-json-2.5.14.jar:/home/alex/.m2/repository/org/codehaus/groovy/groovy/2.5.14/groovy-2.5.14.jar:/home/alex/.m2/repository/org/slf4j/slf4j-api/1.7.32/slf4j-api-1.7.32.jar:/home/alex/.m2/repository/org/junit/jupiter/junit-jupiter-api/5.7.2/junit-jupiter-api-5.7.2.jar:/home/alex/.m2/repository/org/apiguardian/apiguardian-api/1.1.0/apiguardian-api-1.1.0.jar:/home/alex/.m2/repository/org/opentest4j/opentest4j/1.2.0/opentest4j-1.2.0.jar:/home/alex/.m2/repository/org/junit/platform/junit-platform-commons/1.7.2/junit-platform-commons-1.7.2.jar:/home/alex/.m2/repository/org/junit/jupiter/junit-jupiter-engine/5.7.2/junit-jupiter-engine-5.7.2.jar:/home/alex/.m2/repository/org/junit/platform/junit-platform-engine/1.7.2/junit-platform-engine-1.7.2.jar:/home/alex/.m2/repository/org/junit/vintage/junit-vintage-engine/5.7.2/junit-vintage-engine-5.7.2.jar:/home/alex/.m2/repository/junit/junit/4.13.2/junit-4.13.2.jar:/home/alex/.m2/repository/org/hamcrest/hamcrest-core/1.3/hamcrest-core-1.3.jar:/home/alex/.m2/repository/org/junit/jupiter/junit-jupiter-params/5.7.2/junit-jupiter-params-5.7.2.jar:/home/alex/.m2/repository/org/mockito/mockito-core/3.11.2/mockito-core-3.11.2.jar:/home/alex/.m2/repository/net/bytebuddy/byte-buddy/1.11.3/byte-buddy-1.11.3.jar:/home/alex/.m2/repository/net/bytebuddy/byte-buddy-agent/1.11.3/byte-buddy-agent-1.11.3.jar:/home/alex/.m2/repository/org/objenesis/objenesis/3.2/objenesis-3.2.jar:/home/alex/.m2/repository/org/mockito/mockito-junit-jupiter/3.11.2/mockito-junit-jupiter-3.11.2.jar:/home/alex/.m2/repository/org/slf4j/slf4j-simple/1.7.32/slf4j-simple-1.7.32.jar:/home/alex/.m2/repository/org/codehaus/groovy/groovy-test/2.5.14/groovy-test-2.5.14.jar:"/>
    <property name="java.vm.vendor" value="Private Build"/>
    <property name="sun.arch.data.model" value="64"/>
    <property name="java.vendor.url" value="http://java.oracle.com/"/>
    <property name="user.timezone" value="Europe/Lisbon"/>
    <property name="java.vm.specification.version" value="1.8"/>
    <property name="os.name" value="Linux"/>
    <property name="nifi.properties.file.path" value="conf/nifi.properties"/>
    <property name="user.country" value="US"/>
    <property name="sun.java.launcher" value="SUN_STANDARD"/>
    <property name="sun.boot.library.path" value="/usr/lib/jvm/java-8-openjdk-amd64/jre/lib/amd64"/>
    <property name="sun.java.command" value="/home/alex/Repositories/nifi/nifi-nar-bundles/nifi-framework-bundle/nifi-framework/nifi-web/nifi-web-security/target/surefire/surefirebooter2478298232972539892.jar /home/alex/Repositories/nifi/nifi-nar-bundles/nifi-framework-bundle/nifi-framework/nifi-web/nifi-web-security/target/surefire 2024-05-02T03-00-27_868-jvmRun1 surefire3366055868218468767tmp surefire_453279716762749598696tmp"/>
    <property name="surefire.test.class.path" value="/home/alex/Repositories/nifi/nifi-nar-bundles/nifi-framework-bundle/nifi-framework/nifi-web/nifi-web-security/target/test-classes:/home/alex/Repositories/nifi/nifi-nar-bundles/nifi-framework-bundle/nifi-framework/nifi-web/nifi-web-security/target/classes:/home/alex/Repositories/nifi/nifi-nar-bundles/nifi-framework-bundle/nifi-framework/nifi-administration/target/classes:/home/alex/Repositories/nifi/nifi-nar-bundles/nifi-framework-bundle/nifi-framework/nifi-user-actions/target/classes:/home/alex/Repositories/nifi/nifi-nar-bundles/nifi-framework-bundle/nifi-framework/nifi-framework-core-api/target/classes:/home/alex/Repositories/nifi/nifi-nar-bundles/nifi-framework-bundle/nifi-framework/nifi-framework-nar-utils/target/classes:/home/alex/Repositories/nifi/nifi-commons/nifi-parameter/target/classes:/home/alex/Repositories/nifi/nifi-commons/nifi-utils/target/classes:/home/alex/.m2/repository/com/h2database/h2/1.4.199/h2-1.4.199.jar:/home/alex/.m2/repository/org/springframework/spring-beans/5.3.11/spring-beans-5.3.11.jar:/home/alex/.m2/repository/org/springframework/spring-context/5.3.11/spring-context-5.3.11.jar:/home/alex/.m2/repository/org/springframework/spring-expression/5.3.11/spring-expression-5.3.11.jar:/home/alex/.m2/repository/org/springframework/spring-core/5.3.11/spring-core-5.3.11.jar:/home/alex/.m2/repository/org/springframework/spring-jcl/5.3.11/spring-jcl-5.3.11.jar:/home/alex/.m2/repository/org/springframework/spring-aop/5.3.11/spring-aop-5.3.11.jar:/home/alex/.m2/repository/org/aspectj/aspectjweaver/1.9.6/aspectjweaver-1.9.6.jar:/home/alex/.m2/repository/org/apache/commons/commons-collections4/4.4/commons-collections4-4.4.jar:/home/alex/Repositories/nifi/nifi-nar-bundles/nifi-framework-bundle/nifi-framework/nifi-nar-utils/target/classes:/home/alex/Repositories/nifi/nifi-api/target/classes:/home/alex/Repositories/nifi/nifi-framework-api/target/classes:/home/alex/Repositories/nifi/nifi-commons/nifi-web-utils/target/classes:/home/alex/.m2/repository/org/apache/commons/commons-lang3/3.9/commons-lang3-3.9.jar:/home/alex/.m2/repository/com/fasterxml/jackson/core/jackson-databind/2.12.3/jackson-databind-2.12.3.jar:/home/alex/.m2/repository/com/fasterxml/jackson/core/jackson-annotations/2.12.3/jackson-annotations-2.12.3.jar:/home/alex/.m2/repository/com/fasterxml/jackson/module/jackson-module-jaxb-annotations/2.12.3/jackson-module-jaxb-annotations-2.12.3.jar:/home/alex/.m2/repository/jakarta/xml/bind/jakarta.xml.bind-api/2.3.2/jakarta.xml.bind-api-2.3.2.jar:/home/alex/.m2/repository/jakarta/activation/jakarta.activation-api/1.2.1/jakarta.activation-api-1.2.1.jar:/home/alex/.m2/repository/org/apache/httpcomponents/httpclient/4.5.5/httpclient-4.5.5.jar:/home/alex/.m2/repository/org/apache/httpcomponents/httpcore/4.4.9/httpcore-4.4.9.jar:/home/alex/Repositories/nifi/nifi-commons/nifi-security-utils/target/classes:/home/alex/Repositories/nifi/nifi-commons/nifi-security-utils-api/target/classes:/home/alex/Repositories/nifi/nifi-commons/nifi-security-kms/target/classes:/home/alex/.m2/repository/commons-codec/commons-codec/1.14/commons-codec-1.14.jar:/home/alex/Repositories/nifi/nifi-commons/nifi-properties/target/classes:/home/alex/Repositories/nifi/nifi-commons/nifi-property-utils/target/classes:/home/alex/.m2/repository/at/favre/lib/bcrypt/0.9.0/bcrypt-0.9.0.jar:/home/alex/.m2/repository/at/favre/lib/bytes/1.3.0/bytes-1.3.0.jar:/home/alex/.m2/repository/org/apache/commons/commons-configuration2/2.7/commons-configuration2-2.7.jar:/home/alex/.m2/repository/org/apache/commons/commons-text/1.8/commons-text-1.8.jar:/home/alex/Repositories/nifi/nifi-nar-bundles/nifi-framework-bundle/nifi-framework/nifi-framework-core/target/classes:/home/alex/Repositories/nifi/nifi-nar-bundles/nifi-framework-bundle/nifi-framework/nifi-properties-loader/target/classes:/home/alex/Repositories/nifi/nifi-commons/nifi-sensitive-property-provider/target/classes:/home/alex/.m2/repository/software/amazon/awssdk/kms/2.17.1/kms-2.17.1.jar:/home/alex/.m2/repository/software/amazon/awssdk/aws-json-protocol/2.17.1/aws-json-protocol-2.17.1.jar:/home/alex/.m2/repository/software/amazon/awssdk/third-party-jackson-core/2.17.1/third-party-jackson-core-2.17.1.jar:/home/alex/.m2/repository/software/amazon/awssdk/json-utils/2.17.1/json-utils-2.17.1.jar:/home/alex/.m2/repository/software/amazon/awssdk/protocol-core/2.17.1/protocol-core-2.17.1.jar:/home/alex/.m2/repository/software/amazon/awssdk/sdk-core/2.17.1/sdk-core-2.17.1.jar:/home/alex/.m2/repository/software/amazon/awssdk/profiles/2.17.1/profiles-2.17.1.jar:/home/alex/.m2/repository/org/reactivestreams/reactive-streams/1.0.3/reactive-streams-1.0.3.jar:/home/alex/.m2/repository/software/amazon/awssdk/auth/2.17.1/auth-2.17.1.jar:/home/alex/.m2/repository/software/amazon/eventstream/eventstream/1.0.1/eventstream-1.0.1.jar:/home/alex/.m2/repository/software/amazon/awssdk/http-client-spi/2.17.1/http-client-spi-2.17.1.jar:/home/alex/.m2/repository/software/amazon/awssdk/regions/2.17.1/regions-2.17.1.jar:/home/alex/.m2/repository/software/amazon/awssdk/annotations/2.17.1/annotations-2.17.1.jar:/home/alex/.m2/repository/software/amazon/awssdk/utils/2.17.1/utils-2.17.1.jar:/home/alex/.m2/repository/software/amazon/awssdk/aws-core/2.17.1/aws-core-2.17.1.jar:/home/alex/.m2/repository/software/amazon/awssdk/metrics-spi/2.17.1/metrics-spi-2.17.1.jar:/home/alex/.m2/repository/software/amazon/awssdk/secretsmanager/2.17.1/secretsmanager-2.17.1.jar:/home/alex/.m2/repository/com/azure/azure-security-keyvault-secrets/4.3.3/azure-security-keyvault-secrets-4.3.3.jar:/home/alex/.m2/repository/com/azure/azure-core/1.20.0/azure-core-1.20.0.jar:/home/alex/.m2/repository/com/fasterxml/jackson/dataformat/jackson-dataformat-xml/2.12.4/jackson-dataformat-xml-2.12.4.jar:/home/alex/.m2/repository/io/projectreactor/reactor-core/3.4.9/reactor-core-3.4.9.jar:/home/alex/.m2/repository/com/azure/azure-security-keyvault-keys/4.3.3/azure-security-keyvault-keys-4.3.3.jar:/home/alex/.m2/repository/com/azure/azure-identity/1.3.4/azure-identity-1.3.4.jar:/home/alex/.m2/repository/com/microsoft/azure/msal4j/1.10.1/msal4j-1.10.1.jar:/home/alex/.m2/repository/com/microsoft/azure/msal4j-persistence-extension/1.1.0/msal4j-persistence-extension-1.1.0.jar:/home/alex/.m2/repository/net/java/dev/jna/jna/5.5.0/jna-5.5.0.jar:/home/alex/.m2/repository/net/java/dev/jna/jna-platform/5.6.0/jna-platform-5.6.0.jar:/home/alex/.m2/repository/com/azure/azure-core-http-okhttp/1.7.1/azure-core-http-okhttp-1.7.1.jar:/home/alex/.m2/repository/com/squareup/okhttp3/okhttp/4.8.1/okhttp-4.8.1.jar:/home/alex/.m2/repository/com/squareup/okio/okio/2.7.0/okio-2.7.0.jar:/home/alex/.m2/repository/org/jetbrains/kotlin/kotlin-stdlib-common/1.3.70/kotlin-stdlib-common-1.3.70.jar:/home/alex/.m2/repository/org/jetbrains/kotlin/kotlin-stdlib/1.3.72/kotlin-stdlib-1.3.72.jar:/home/alex/.m2/repository/org/jetbrains/annotations/13.0/annotations-13.0.jar:/home/alex/.m2/repository/software/amazon/awssdk/url-connection-client/2.17.1/url-connection-client-2.17.1.jar:/home/alex/.m2/repository/com/google/cloud/google-cloud-kms/2.0.2/google-cloud-kms-2.0.2.jar:/home/alex/.m2/repository/io/grpc/grpc-api/1.40.0/grpc-api-1.40.0.jar:/home/alex/.m2/repository/io/grpc/grpc-context/1.40.0/grpc-context-1.40.0.jar:/home/alex/.m2/repository/io/grpc/grpc-stub/1.40.0/grpc-stub-1.40.0.jar:/home/alex/.m2/repository/io/grpc/grpc-protobuf/1.40.0/grpc-protobuf-1.40.0.jar:/home/alex/.m2/repository/io/grpc/grpc-protobuf-lite/1.40.0/grpc-protobuf-lite-1.40.0.jar:/home/alex/.m2/repository/com/google/api/api-common/2.0.1/api-common-2.0.1.jar:/home/alex/.m2/repository/javax/annotation/javax.annotation-api/1.3.2/javax.annotation-api-1.3.2.jar:/home/alex/.m2/repository/com/google/auto/value/auto-value-annotations/1.8.2/auto-value-annotations-1.8.2.jar:/home/alex/.m2/repository/com/google/protobuf/protobuf-java/3.17.3/protobuf-java-3.17.3.jar:/home/alex/.m2/repository/com/google/api/grpc/proto-google-common-protos/2.3.2/proto-google-common-protos-2.3.2.jar:/home/alex/.m2/repository/com/google/api/grpc/proto-google-cloud-kms-v1/0.91.2/proto-google-cloud-kms-v1-0.91.2.jar:/home/alex/.m2/repository/com/google/api/gax/2.3.0/gax-2.3.0.jar:/home/alex/.m2/repository/io/opencensus/opencensus-api/0.28.0/opencensus-api-0.28.0.jar:/home/alex/.m2/repository/com/google/api/gax-grpc/2.3.0/gax-grpc-2.3.0.jar:/home/alex/.m2/repository/com/google/auth/google-auth-library-credentials/1.1.0/google-auth-library-credentials-1.1.0.jar:/home/alex/.m2/repository/io/grpc/grpc-netty-shaded/1.40.0/grpc-netty-shaded-1.40.0.jar:/home/alex/.m2/repository/io/perfmark/perfmark-api/0.23.0/perfmark-api-0.23.0.jar:/home/alex/.m2/repository/io/grpc/grpc-core/1.40.0/grpc-core-1.40.0.jar:/home/alex/.m2/repository/com/google/android/annotations/4.1.1.4/annotations-4.1.1.4.jar:/home/alex/.m2/repository/io/grpc/grpc-alts/1.40.0/grpc-alts-1.40.0.jar:/home/alex/.m2/repository/io/grpc/grpc-grpclb/1.40.0/grpc-grpclb-1.40.0.jar:/home/alex/.m2/repository/com/google/protobuf/protobuf-java-util/3.17.3/protobuf-java-util-3.17.3.jar:/home/alex/.m2/repository/org/conscrypt/conscrypt-openjdk-uber/2.5.1/conscrypt-openjdk-uber-2.5.1.jar:/home/alex/.m2/repository/org/threeten/threetenbp/1.5.1/threetenbp-1.5.1.jar:/home/alex/.m2/repository/io/grpc/grpc-auth/1.40.0/grpc-auth-1.40.0.jar:/home/alex/.m2/repository/com/google/api/grpc/proto-google-iam-v1/1.0.14/proto-google-iam-v1-1.0.14.jar:/home/alex/.m2/repository/com/google/auth/google-auth-library-oauth2-http/1.1.0/google-auth-library-oauth2-http-1.1.0.jar:/home/alex/.m2/repository/com/google/http-client/google-http-client/1.39.2/google-http-client-1.39.2.jar:/home/alex/.m2/repository/io/opencensus/opencensus-contrib-http-util/0.28.0/opencensus-contrib-http-util-0.28.0.jar:/home/alex/.m2/repository/com/google/http-client/google-http-client-gson/1.39.2/google-http-client-gson-1.39.2.jar:/home/alex/.m2/repository/com/google/code/gson/gson/2.8.8/gson-2.8.8.jar:/home/alex/Repositories/nifi/nifi-commons/nifi-vault-utils/target/classes:/home/alex/.m2/repository/org/springframework/vault/spring-vault-core/2.3.2/spring-vault-core-2.3.2.jar:/home/alex/Repositories/nifi/nifi-nar-bundles/nifi-framework-bundle/nifi-framework/nifi-framework-components/target/classes:/home/alex/.m2/repository/org/quartz-scheduler/quartz/2.3.2/quartz-2.3.2.jar:/home/alex/.m2/repository/com/mchange/c3p0/0.9.5.4/c3p0-0.9.5.4.jar:/home/alex/.m2/repository/com/mchange/mchange-commons-java/0.2.15/mchange-commons-java-0.2.15.jar:/home/alex/.m2/repository/com/zaxxer/HikariCP-java7/2.4.13/HikariCP-java7-2.4.13.jar:/home/alex/Repositories/nifi/nifi-commons/nifi-property-encryptor/target/classes:/home/alex/Repositories/nifi/nifi-commons/nifi-expression-language/target/classes:/home/alex/.m2/repository/org/antlr/antlr-runtime/3.5.2/antlr-runtime-3.5.2.jar:/home/alex/Repositories/nifi/nifi-commons/nifi-uuid5/target/classes:/home/alex/.m2/repository/com/jayway/jsonpath/json-path/2.6.0/json-path-2.6.0.jar:/home/alex/Repositories/nifi/nifi-commons/nifi-schema-utils/target/classes:/home/alex/Repositories/nifi/nifi-nar-bundles/nifi-framework-bundle/nifi-framework/nifi-repository-models/target/classes:/home/alex/Repositories/nifi/nifi-commons/nifi-repository-encryption/target/classes:/home/alex/Repositories/nifi/nifi-nar-bundles/nifi-framework-bundle/nifi-framework/nifi-site-to-site/target/classes:/home/alex/Repositories/nifi/nifi-nar-bundles/nifi-framework-bundle/nifi-framework/nifi-framework-cluster-protocol/target/classes:/home/alex/Repositories/nifi/nifi-commons/nifi-socket-utils/target/classes:/home/alex/.m2/repository/commons-net/commons-net/3.6/commons-net-3.6.jar:/home/alex/Repositories/nifi/nifi-commons/nifi-logging-utils/target/classes:/home/alex/Repositories/nifi/nifi-nar-bundles/nifi-framework-bundle/nifi-framework/nifi-client-dto/target/classes:/home/alex/.m2/repository/io/swagger/swagger-annotations/1.6.0/swagger-annotations-1.6.0.jar:/home/alex/Repositories/nifi/nifi-commons/nifi-site-to-site-client/target/classes:/home/alex/.m2/repository/org/apache/httpcomponents/httpasyncclient/4.1.4/httpasyncclient-4.1.4.jar:/home/alex/.m2/repository/org/apache/httpcomponents/httpcore-nio/4.4.10/httpcore-nio-4.4.10.jar:/home/alex/.m2/repository/commons-io/commons-io/2.10.0/commons-io-2.10.0.jar:/home/alex/.m2/repository/org/apache/commons/commons-math3/3.6.1/commons-math3-3.6.1.jar:/home/alex/.m2/repository/org/questdb/core/4.2.1/core-4.2.1.jar:/home/alex/Repositories/nifi/nifi-commons/nifi-data-provenance-utils/target/classes:/home/alex/Repositories/nifi/nifi-commons/nifi-write-ahead-log/target/classes:/home/alex/Repositories/nifi/nifi-commons/nifi-rocksdb-utils/target/classes:/home/alex/.m2/repository/org/rocksdb/rocksdbjni/6.6.4/rocksdbjni-6.6.4.jar:/home/alex/Repositories/nifi/nifi-nar-bundles/nifi-framework-bundle/nifi-framework/nifi-flowfile-repo-serialization/target/classes:/home/alex/.m2/repository/org/apache/zookeeper/zookeeper/3.5.9/zookeeper-3.5.9.jar:/home/alex/.m2/repository/org/apache/zookeeper/zookeeper-jute/3.5.9/zookeeper-jute-3.5.9.jar:/home/alex/.m2/repository/org/apache/yetus/audience-annotations/0.5.0/audience-annotations-0.5.0.jar:/home/alex/.m2/repository/io/netty/netty-handler/4.1.50.Final/netty-handler-4.1.50.Final.jar:/home/alex/.m2/repository/io/netty/netty-common/4.1.50.Final/netty-common-4.1.50.Final.jar:/home/alex/.m2/repository/io/netty/netty-resolver/4.1.50.Final/netty-resolver-4.1.50.Final.jar:/home/alex/.m2/repository/io/netty/netty-buffer/4.1.50.Final/netty-buffer-4.1.50.Final.jar:/home/alex/.m2/repository/io/netty/netty-transport/4.1.50.Final/netty-transport-4.1.50.Final.jar:/home/alex/.m2/repository/io/netty/netty-codec/4.1.50.Final/netty-codec-4.1.50.Final.jar:/home/alex/.m2/repository/io/netty/netty-transport-native-epoll/4.1.50.Final/netty-transport-native-epoll-4.1.50.Final.jar:/home/alex/.m2/repository/io/netty/netty-transport-native-unix-common/4.1.50.Final/netty-transport-native-unix-common-4.1.50.Final.jar:/home/alex/.m2/repository/org/apache/curator/curator-framework/5.2.0/curator-framework-5.2.0.jar:/home/alex/.m2/repository/org/apache/curator/curator-client/5.2.0/curator-client-5.2.0.jar:/home/alex/.m2/repository/org/apache/curator/curator-recipes/5.2.0/curator-recipes-5.2.0.jar:/home/alex/Repositories/nifi/nifi-registry/nifi-registry-core/nifi-registry-data-model/target/classes:/home/alex/.m2/repository/javax/validation/validation-api/2.0.1.Final/validation-api-2.0.1.Final.jar:/home/alex/Repositories/nifi/nifi-registry/nifi-registry-core/nifi-registry-revision/nifi-registry-revision-entity-model/target/classes:/home/alex/Repositories/nifi/nifi-registry/nifi-registry-core/nifi-registry-flow-diff/target/classes:/home/alex/Repositories/nifi/nifi-registry/nifi-registry-core/nifi-registry-client/target/classes:/home/alex/Repositories/nifi/nifi-registry/nifi-registry-core/nifi-registry-security-utils/target/classes:/home/alex/.m2/repository/org/glassfish/jersey/inject/jersey-hk2/2.33/jersey-hk2-2.33.jar:/home/alex/.m2/repository/org/glassfish/hk2/hk2-locator/2.6.1/hk2-locator-2.6.1.jar:/home/alex/.m2/repository/org/glassfish/hk2/external/aopalliance-repackaged/2.6.1/aopalliance-repackaged-2.6.1.jar:/home/alex/.m2/repository/org/glassfish/hk2/hk2-api/2.6.1/hk2-api-2.6.1.jar:/home/alex/.m2/repository/org/glassfish/hk2/hk2-utils/2.6.1/hk2-utils-2.6.1.jar:/home/alex/.m2/repository/org/javassist/javassist/3.25.0-GA/javassist-3.25.0-GA.jar:/home/alex/.m2/repository/org/glassfish/jersey/media/jersey-media-multipart/2.33/jersey-media-multipart-2.33.jar:/home/alex/.m2/repository/org/jvnet/mimepull/mimepull/1.9.13/mimepull-1.9.13.jar:/home/alex/.m2/repository/com/fasterxml/jackson/core/jackson-core/2.12.3/jackson-core-2.12.3.jar:/home/alex/Repositories/nifi/nifi-nar-bundles/nifi-framework-bundle/nifi-framework/nifi-authorizer/target/classes:/home/alex/Repositories/nifi/nifi-nar-bundles/nifi-framework-bundle/nifi-framework/nifi-framework-authorization-providers/target/classes:/home/alex/.m2/repository/com/github/ben-manes/caffeine/caffeine/2.8.1/caffeine-2.8.1.jar:/home/alex/Repositories/nifi/nifi-nar-bundles/nifi-framework-bundle/nifi-framework/nifi-framework-authorization/target/classes:/home/alex/.m2/repository/org/bouncycastle/bcprov-jdk15on/1.69/bcprov-jdk15on-1.69.jar:/home/alex/.m2/repository/org/bouncycastle/bcpkix-jdk15on/1.69/bcpkix-jdk15on-1.69.jar:/home/alex/.m2/repository/org/bouncycastle/bcutil-jdk15on/1.69/bcutil-jdk15on-1.69.jar:/home/alex/.m2/repository/com/google/guava/guava/28.0-jre/guava-28.0-jre.jar:/home/alex/.m2/repository/com/google/guava/failureaccess/1.0.1/failureaccess-1.0.1.jar:/home/alex/.m2/repository/com/google/guava/listenablefuture/9999.0-empty-to-avoid-conflict-with-guava/listenablefuture-9999.0-empty-to-avoid-conflict-with-guava.jar:/home/alex/.m2/repository/com/google/code/findbugs/jsr305/3.0.2/jsr305-3.0.2.jar:/home/alex/.m2/repository/org/checkerframework/checker-qual/2.8.1/checker-qual-2.8.1.jar:/home/alex/.m2/repository/com/google/errorprone/error_prone_annotations/2.3.2/error_prone_annotations-2.3.2.jar:/home/alex/.m2/repository/com/google/j2objc/j2objc-annotations/1.3/j2objc-annotations-1.3.jar:/home/alex/.m2/repository/org/codehaus/mojo/animal-sniffer-annotations/1.17/animal-sniffer-annotations-1.17.jar:/home/alex/.m2/repository/org/springframework/spring-jdbc/5.3.11/spring-jdbc-5.3.11.jar:/home/alex/.m2/repository/org/springframework/spring-tx/5.3.11/spring-tx-5.3.11.jar:/home/alex/.m2/repository/org/springframework/spring-web/5.3.11/spring-web-5.3.11.jar:/home/alex/.m2/repository/org/springframework/security/spring-security-core/5.5.2/spring-security-core-5.5.2.jar:/home/alex/.m2/repository/org/springframework/security/spring-security-crypto/5.5.2/spring-security-crypto-5.5.2.jar:/home/alex/.m2/repository/org/springframework/security/spring-security-config/5.5.2/spring-security-config-5.5.2.jar:/home/alex/.m2/repository/org/springframework/security/spring-security-web/5.5.2/spring-security-web-5.5.2.jar:/home/alex/.m2/repository/javax/servlet/javax.servlet-api/3.1.0/javax.servlet-api-3.1.0.jar:/home/alex/.m2/repository/org/springframework/security/extensions/spring-security-saml2-core/1.0.10.RELEASE/spring-security-saml2-core-1.0.10.RELEASE.jar:/home/alex/.m2/repository/com/narupley/not-going-to-be-commons-ssl/0.3.20/not-going-to-be-commons-ssl-0.3.20.jar:/home/alex/.m2/repository/commons-httpclient/commons-httpclient/3.1/commons-httpclient-3.1.jar:/home/alex/.m2/repository/org/apache/santuario/xmlsec/1.5.8/xmlsec-1.5.8.jar:/home/alex/.m2/repository/org/apache/velocity/velocity-engine-core/2.0/velocity-engine-core-2.0.jar:/home/alex/.m2/repository/org/opensaml/opensaml/2.6.6/opensaml-2.6.6.jar:/home/alex/.m2/repository/org/opensaml/openws/1.5.6/openws-1.5.6.jar:/home/alex/.m2/repository/org/opensaml/xmltooling/1.4.6/xmltooling-1.4.6.jar:/home/alex/.m2/repository/commons-collections/commons-collections/3.2.1/commons-collections-3.2.1.jar:/home/alex/.m2/repository/commons-lang/commons-lang/2.6/commons-lang-2.6.jar:/home/alex/.m2/repository/joda-time/joda-time/2.2/joda-time-2.2.jar:/home/alex/.m2/repository/org/owasp/esapi/esapi/2.2.0.0/esapi-2.2.0.0.jar:/home/alex/.m2/repository/commons-beanutils/commons-beanutils/1.9.4/commons-beanutils-1.9.4.jar:/home/alex/.m2/repository/org/apache-extras/beanshell/bsh/2.0b6/bsh-2.0b6.jar:/home/alex/.m2/repository/xerces/xercesImpl/2.12.0/xercesImpl-2.12.0.jar:/home/alex/.m2/repository/xml-apis/xml-apis/1.4.01/xml-apis-1.4.01.jar:/home/alex/.m2/repository/org/springframework/security/kerberos/spring-security-kerberos-core/1.0.1.RELEASE/spring-security-kerberos-core-1.0.1.RELEASE.jar:/home/alex/.m2/repository/org/springframework/security/spring-security-oauth2-resource-server/5.5.2/spring-security-oauth2-resource-server-5.5.2.jar:/home/alex/.m2/repository/org/springframework/security/spring-security-oauth2-core/5.5.2/spring-security-oauth2-core-5.5.2.jar:/home/alex/.m2/repository/org/springframework/security/spring-security-oauth2-jose/5.5.2/spring-security-oauth2-jose-5.5.2.jar:/home/alex/.m2/repository/com/nimbusds/nimbus-jose-jwt/9.11.2/nimbus-jose-jwt-9.11.2.jar:/home/alex/.m2/repository/org/slf4j/jcl-over-slf4j/1.7.32/jcl-over-slf4j-1.7.32.jar:/home/alex/.m2/repository/com/nimbusds/oauth2-oidc-sdk/9.10.2/oauth2-oidc-sdk-9.10.2.jar:/home/alex/.m2/repository/com/github/stephenc/jcip/jcip-annotations/1.0-1/jcip-annotations-1.0-1.jar:/home/alex/.m2/repository/com/nimbusds/content-type/2.1/content-type-2.1.jar:/home/alex/.m2/repository/net/minidev/json-smart/2.4.7/json-smart-2.4.7.jar:/home/alex/.m2/repository/net/minidev/accessors-smart/2.4.7/accessors-smart-2.4.7.jar:/home/alex/.m2/repository/org/ow2/asm/asm/9.1/asm-9.1.jar:/home/alex/.m2/repository/com/nimbusds/lang-tag/1.5/lang-tag-1.5.jar:/home/alex/.m2/repository/javax/ws/rs/javax.ws.rs-api/2.1/javax.ws.rs-api-2.1.jar:/home/alex/.m2/repository/org/glassfish/jersey/core/jersey-client/2.33/jersey-client-2.33.jar:/home/alex/.m2/repository/jakarta/ws/rs/jakarta.ws.rs-api/2.1.6/jakarta.ws.rs-api-2.1.6.jar:/home/alex/.m2/repository/org/glassfish/jersey/core/jersey-common/2.33/jersey-common-2.33.jar:/home/alex/.m2/repository/jakarta/annotation/jakarta.annotation-api/1.3.5/jakarta.annotation-api-1.3.5.jar:/home/alex/.m2/repository/org/glassfish/hk2/osgi-resource-locator/1.0.3/osgi-resource-locator-1.0.3.jar:/home/alex/.m2/repository/org/glassfish/hk2/external/jakarta.inject/2.6.1/jakarta.inject-2.6.1.jar:/home/alex/.m2/repository/org/glassfish/jersey/media/jersey-media-json-jackson/2.33/jersey-media-json-jackson-2.33.jar:/home/alex/.m2/repository/org/glassfish/jersey/ext/jersey-entity-filtering/2.33/jersey-entity-filtering-2.33.jar:/home/alex/.m2/repository/com/fasterxml/jackson/datatype/jackson-datatype-jsr310/2.12.3/jackson-datatype-jsr310-2.12.3.jar:/home/alex/.m2/repository/org/codehaus/jettison/jettison/1.3.7/jettison-1.3.7.jar:/home/alex/.m2/repository/stax/stax-api/1.0.1/stax-api-1.0.1.jar:/home/alex/.m2/repository/org/springframework/spring-test/5.3.11/spring-test-5.3.11.jar:/home/alex/.m2/repository/org/eclipse/jetty/jetty-servlet/9.4.44.v20210927/jetty-servlet-9.4.44.v20210927.jar:/home/alex/.m2/repository/org/eclipse/jetty/jetty-security/9.4.44.v20210927/jetty-security-9.4.44.v20210927.jar:/home/alex/.m2/repository/org/eclipse/jetty/jetty-server/9.4.44.v20210927/jetty-server-9.4.44.v20210927.jar:/home/alex/.m2/repository/org/eclipse/jetty/jetty-http/9.4.44.v20210927/jetty-http-9.4.44.v20210927.jar:/home/alex/.m2/repository/org/eclipse/jetty/jetty-io/9.4.44.v20210927/jetty-io-9.4.44.v20210927.jar:/home/alex/.m2/repository/org/eclipse/jetty/jetty-util-ajax/9.4.44.v20210927/jetty-util-ajax-9.4.44.v20210927.jar:/home/alex/.m2/repository/org/eclipse/jetty/jetty-util/9.4.44.v20210927/jetty-util-9.4.44.v20210927.jar:/home/alex/.m2/repository/org/codehaus/groovy/groovy-json/2.5.14/groovy-json-2.5.14.jar:/home/alex/.m2/repository/org/codehaus/groovy/groovy/2.5.14/groovy-2.5.14.jar:/home/alex/.m2/repository/org/slf4j/slf4j-api/1.7.32/slf4j-api-1.7.32.jar:/home/alex/.m2/repository/org/junit/jupiter/junit-jupiter-api/5.7.2/junit-jupiter-api-5.7.2.jar:/home/alex/.m2/repository/org/apiguardian/apiguardian-api/1.1.0/apiguardian-api-1.1.0.jar:/home/alex/.m2/repository/org/opentest4j/opentest4j/1.2.0/opentest4j-1.2.0.jar:/home/alex/.m2/repository/org/junit/platform/junit-platform-commons/1.7.2/junit-platform-commons-1.7.2.jar:/home/alex/.m2/repository/org/junit/jupiter/junit-jupiter-engine/5.7.2/junit-jupiter-engine-5.7.2.jar:/home/alex/.m2/repository/org/junit/platform/junit-platform-engine/1.7.2/junit-platform-engine-1.7.2.jar:/home/alex/.m2/repository/org/junit/vintage/junit-vintage-engine/5.7.2/junit-vintage-engine-5.7.2.jar:/home/alex/.m2/repository/junit/junit/4.13.2/junit-4.13.2.jar:/home/alex/.m2/repository/org/hamcrest/hamcrest-core/1.3/hamcrest-core-1.3.jar:/home/alex/.m2/repository/org/junit/jupiter/junit-jupiter-params/5.7.2/junit-jupiter-params-5.7.2.jar:/home/alex/.m2/repository/org/mockito/mockito-core/3.11.2/mockito-core-3.11.2.jar:/home/alex/.m2/repository/net/bytebuddy/byte-buddy/1.11.3/byte-buddy-1.11.3.jar:/home/alex/.m2/repository/net/bytebuddy/byte-buddy-agent/1.11.3/byte-buddy-agent-1.11.3.jar:/home/alex/.m2/repository/org/objenesis/objenesis/3.2/objenesis-3.2.jar:/home/alex/.m2/repository/org/mockito/mockito-junit-jupiter/3.11.2/mockito-junit-jupiter-3.11.2.jar:/home/alex/.m2/repository/org/slf4j/slf4j-simple/1.7.32/slf4j-simple-1.7.32.jar:/home/alex/.m2/repository/org/codehaus/groovy/groovy-test/2.5.14/groovy-test-2.5.14.jar:"/>
    <property name="sun.cpu.endian" value="little"/>
    <property name="user.home" value="/home/alex"/>
    <property name="user.language" value="en"/>
    <property name="java.specification.vendor" value="Oracle Corporation"/>
    <property name="java.home" value="/usr/lib/jvm/java-8-openjdk-amd64/jre"/>
    <property name="basedir" value="/home/alex/Repositories/nifi/nifi-nar-bundles/nifi-framework-bundle/nifi-framework/nifi-web/nifi-web-security"/>
    <property name="file.separator" value="/"/>
    <property name="line.separator" value="&#10;"/>
    <property name="java.vm.specification.vendor" value="Oracle Corporation"/>
    <property name="java.specification.name" value="Java Platform API Specification"/>
    <property name="java.awt.graphicsenv" value="sun.awt.X11GraphicsEnvironment"/>
    <property name="java.awt.headless" value="true"/>
    <property name="surefire.real.class.path" value="/home/alex/Repositories/nifi/nifi-nar-bundles/nifi-framework-bundle/nifi-framework/nifi-web/nifi-web-security/target/surefire/surefirebooter2478298232972539892.jar"/>
    <property name="org.apache.xml.security.ignoreLineBreaks" value="true"/>
    <property name="sun.boot.class.path" value="/usr/lib/jvm/java-8-openjdk-amd64/jre/lib/resources.jar:/usr/lib/jvm/java-8-openjdk-amd64/jre/lib/rt.jar:/usr/lib/jvm/java-8-openjdk-amd64/jre/lib/sunrsasign.jar:/usr/lib/jvm/java-8-openjdk-amd64/jre/lib/jsse.jar:/usr/lib/jvm/java-8-openjdk-amd64/jre/lib/jce.jar:/usr/lib/jvm/java-8-openjdk-amd64/jre/lib/charsets.jar:/usr/lib/jvm/java-8-openjdk-amd64/jre/lib/jfr.jar:/usr/lib/jvm/java-8-openjdk-amd64/jre/classes"/>
    <property name="sun.management.compiler" value="HotSpot 64-Bit Tiered Compilers"/>
    <property name="java.runtime.version" value="1.8.0_402-8u402-ga-2ubuntu1~22.04-b06"/>
    <property name="org.owasp.esapi.SecurityConfiguration" value="org.opensaml.ESAPISecurityConfig"/>
    <property name="java.net.preferIPv4Stack" value="true"/>
    <property name="user.name" value="alex"/>
    <property name="path.separator" value=":"/>
    <property name="os.version" value="6.5.0-28-generic"/>
    <property name="java.endorsed.dirs" value="/usr/lib/jvm/java-8-openjdk-amd64/jre/lib/endorsed"/>
    <property name="java.runtime.name" value="OpenJDK Runtime Environment"/>
    <property name="file.encoding" value="UTF-8"/>
    <property name="java.vm.name" value="OpenJDK 64-Bit Server VM"/>
    <property name="localRepository" value="/home/alex/.m2/repository"/>
    <property name="java.vendor.url.bug" value="http://bugreport.sun.com/bugreport/"/>
    <property name="jetty.git.hash" value="8da83308eeca865e495e53ef315a249d63ba9332"/>
    <property name="java.io.tmpdir" value="/tmp"/>
    <property name="java.version" value="1.8.0_402"/>
    <property name="user.dir" value="/home/alex/Repositories/nifi/nifi-nar-bundles/nifi-framework-bundle/nifi-framework/nifi-web/nifi-web-security"/>
    <property name="os.arch" value="amd64"/>
    <property name="java.vm.specification.name" value="Java Virtual Machine Specification"/>
    <property name="java.awt.printerjob" value="sun.print.PSPrinterJob"/>
    <property name="sun.os.patch.level" value="unknown"/>
    <property name="java.library.path" value="/usr/java/packages/lib/amd64:/usr/lib/x86_64-linux-gnu/jni:/lib/x86_64-linux-gnu:/usr/lib/x86_64-linux-gnu:/usr/lib/jni:/lib:/usr/lib"/>
    <property name="java.vm.info" value="mixed mode"/>
    <property name="java.vendor" value="Private Build"/>
    <property name="java.vm.version" value="25.402-b06"/>
    <property name="java.specification.maintenance.version" value="5"/>
    <property name="java.ext.dirs" value="/usr/lib/jvm/java-8-openjdk-amd64/jre/lib/ext:/usr/java/packages/lib/ext"/>
    <property name="sun.io.unicode.encoding" value="UnicodeLittle"/>
    <property name="java.class.version" value="52.0"/>
  </properties>
  <testcase name="testShouldNotValidateInvalidCertificate" classname="org.apache.nifi.web.security.x509.ocsp.OcspCertificateValidatorTest" time="0">
    <skipped message="To be implemented with Groovy test"/>
  </testcase>
  <testcase name="testShouldValidateCertificate" classname="org.apache.nifi.web.security.x509.ocsp.OcspCertificateValidatorTest" time="0">
    <skipped message="To be implemented with Groovy test"/>
  </testcase>
  <testcase name="testValidateShouldHandleUnsignedResponse" classname="org.apache.nifi.web.security.x509.ocsp.OcspCertificateValidatorTest" time="0">
    <skipped message="To be implemented with Groovy test"/>
  </testcase>
  <testcase name="testValidateShouldHandleResponseWithIncorrectNonce" classname="org.apache.nifi.web.security.x509.ocsp.OcspCertificateValidatorTest" time="0">
    <skipped message="To be implemented with Groovy test"/>
  </testcase>
  <testcase name="testShouldGenerateCertificate" classname="org.apache.nifi.web.security.x509.ocsp.OcspCertificateValidatorTest" time="0.086">
    <system-err><![CDATA[[main] INFO org.apache.nifi.web.security.x509.ocsp.OcspCertificateValidatorTest - Generated certificate: 
  [0]         Version: 3
         SerialNumber: 1714615516685
             IssuerDN: CN=This is a test
           Start Date: Wed May 01 03:05:16 WEST 2024
           Final Date: Sun May 19 03:45:45 WEST 2024
            SubjectDN: CN=This is a test
           Public Key: RSA Public Key [cb:71:8e:85:fa:63:9b:b6:68:52:89:23:2c:24:a5:cd:40:1d:db:a4],[56:66:d1:a4]
        modulus: a34e815801b458049eb64b423067afc649e649433b466e1cfc164577207b590047d3d60c0047d50d67f6c9de5989324eb720b28ca300be31ccff9471872bd4f2bafd7b54a9e72a14a1fb1cd4f119340eacfb0c184be08b3afd6ef83ea8f9bf196df5a2119dcc2e47bb435b38239b638b838aa292665347f922289ef163f97372a48dc476ec8ed42be3ff5cf27e80e33e78ce3b12aeb72a65eddc92ac93cab5f70be00e478e4443ba1a6cf59ea2c1a9d45654f4f75e5b6b3ab179384da5fe0099984339644805115ce3f58ca8438393edf92d793664c7b3b58801a6fcb8a3841cf09d3ec6e069ba4f0e58364672b01eee198c3d14425b344460f35cf3d0dca11f
public exponent: 10001

  Signature Algorithm: SHA256WITHRSA
            Signature: 1f4320f15aa24c66cc4ae642678f148d7c009bfb
                       cd0c38631c94d1bfceb487bb5e790172a2886094
                       c86906d0cba92b5bed37d10f0bb9ae4d0d6e0b37
                       ea838d33ce7e4b204ae89b0b366c788c2bafc69b
                       5e2bd205bd41401ed929f9d3fcd01297587dcaab
                       fb29646e3d55edf4d2a9a6b4dcaf1ac1ff2ec821
                       d53c7a6552543500fb0fa6b50eab21798c5ba47d
                       bbda2f68c0a2abf94c14c6e8097232b71741f2e1
                       4f8147f1fd7e67783ff0ebdef78122a3db3b90d4
                       03e5e168e9c319499ed6e4f605b7016c4305ee13
                       56d5398d3bbeb405ea482df68ec78f69311bc8f5
                       d8924040fdd01e5b168de3fd6fd319934ce464b9
                       5a0e99179660a09eef3064fe368536e9
       Extensions: 
                       critical(true) KeyUsage: 0xb8
                       critical(false) 2.5.29.37 value = Sequence
    ObjectIdentifier(1.3.6.1.5.5.7.3.2)
    ObjectIdentifier(1.3.6.1.5.5.7.3.1)


]]></system-err>
  </testcase>
  <testcase name="testShouldGenerateCertificateFromKeyPair" classname="org.apache.nifi.web.security.x509.ocsp.OcspCertificateValidatorTest" time="0.135">
    <system-err><![CDATA[[main] INFO org.apache.nifi.web.security.x509.ocsp.OcspCertificateValidatorTest - Generated certificate: 
  [0]         Version: 3
         SerialNumber: 1714615516828
             IssuerDN: CN=This is a test
           Start Date: Wed May 01 03:05:16 WEST 2024
           Final Date: Sun May 19 03:45:45 WEST 2024
            SubjectDN: CN=This is a test
           Public Key: RSA Public Key [3e:93:fe:e3:91:a3:85:d1:61:00:10:7e:79:e9:a7:5b:b4:ba:a8:8e],[56:66:d1:a4]
        modulus: a1800715d7ab66b7eb45a9931a7408e1dc3dde0ee63a8aad0422735928613c57975e6f1b23c22773b44510666525ebf1b6def78d4ad42f13a5dc2e97e3ee01c3cba82ec3e9b62c7102de1de74c05a396a857d0a87406b70537e49570ef465088b4ed399c12c582de1e1994972d2889d210d70956cb8af0a0aab077559df8571d2fe61451482c99673cbbded4c7fcd764c19d3cf970efd9fb47ca40e7ca2c67367bc5639cd3d069b75fd9d5f4c25044e66237437e2a525e2409fb302fbff2f4ed1580e08cafb90a500d3c1e931d64554e354a1bc9ab9813657feb6da1d5838dc1a82c333093367c3afd08a6b266d59922bc4be1e4839161509575cff067336143
public exponent: 10001

  Signature Algorithm: SHA256WITHRSA
            Signature: 166b9adc68cd3344396703c070a3a44bbfcf00d9
                       e4b10b533f6bc78a85b1317516896bbfb685f5d0
                       10b932aa8c19220a4ec7e772349c152291795575
                       f100cab4f73fb20a841d8d45358a08bf881b618d
                       4cf359470695f6a3027b15f79103877b16d5c01a
                       3b4ac59fc738ffd69499d22fa2542a2840427641
                       2e399eae82f61302b1bba7237c9d593e21f0d0ca
                       7cba5c3bf1328eb5c3115aa62c84e5774e0d4b2d
                       7080ea9b2f463626676fb0777467b81aca4446b7
                       986c2a8ff773caf2153c16e0f66a7ea567be30b1
                       9bece3a855c757b8edd16bfcec036fdb4983e68e
                       3881c111ae497de29455cfcb996b395e8ec22c8e
                       de4f890c0c8fc874696d178aa73b02d9
       Extensions: 
                       critical(true) KeyUsage: 0xb8
                       critical(false) 2.5.29.37 value = Sequence
    ObjectIdentifier(1.3.6.1.5.5.7.3.2)
    ObjectIdentifier(1.3.6.1.5.5.7.3.1)


]]></system-err>
  </testcase>
  <testcase name="testShouldGenerateIssuedCertificate" classname="org.apache.nifi.web.security.x509.ocsp.OcspCertificateValidatorTest" time="0.172">
    <system-err><![CDATA[[main] INFO org.apache.nifi.web.security.x509.ocsp.OcspCertificateValidatorTest - Generated issuer certificate: 
  [0]         Version: 3
         SerialNumber: 1714615516924
             IssuerDN: CN=Issuer CA
           Start Date: Wed May 01 03:05:16 WEST 2024
           Final Date: Sun May 19 03:45:45 WEST 2024
            SubjectDN: CN=Issuer CA
           Public Key: RSA Public Key [4b:e4:cc:85:31:bd:46:c9:38:07:ac:6a:bc:d6:57:27:fb:76:4e:0f],[56:66:d1:a4]
        modulus: 955fe5ddf836e08656b8c40bb6cb5d4c3d3941783a0b5008ef53b88761950dcc3fa4db3df7a332e496140c290a3b267fc8cb11f68808a69a4ecb5e18d50b2ea5e5195709828e404c2db0e9530491f91b4d7f9d08f0e1ae45b0f8bf8dc3cb4089c6f8b4e613727214a61ed03f046f3c9760104ea7f7463020230b613c898ef4b3012fcb324eb291f1ee2d60d36f8bfd430811fd6d4f7ef3bb07266dd7af50a1247cc4dcb0c127a29f1d38fcfbadbf933590d8cbb451bba56c75e81d98cd98e34766b49f759b6df3e60ea6a7d9d3dae4283656e241ecf7f921c10b22e28f1f8b9a14cbcfe72bcc3f9d3fa0453318ea88a48a8d1ae4591e83af6fb453d6ff1b8ac5
public exponent: 10001

  Signature Algorithm: SHA256WITHRSA
            Signature: 47ffbdbb953a6420de09873aea9614a1bc4d33b7
                       9e21b5bef8dfef00779adeb9009eaea187c881c6
                       138ef6c8d942c91b9f0baedb53c11420d1caaa19
                       f6a1c2a7fd442589f4356aa1091e4110e634c0c0
                       92b541571bcf2b2b602ee698af16fec732821f40
                       cbece8bfc67f33e2f5ea090a7ab8f6687562154f
                       931c3a248794a2dbca000164db43cf0dfe2a034f
                       c80b6437923a323806c2cab8a91856a7a050c1bc
                       e003367447eb6f92d3a241fd1fe9656031d1c886
                       a628f7dde584b68e20778ed711610ab36b7ef25a
                       e2c9f83e6778d857027af2eda3358577d067d7d9
                       40be0ab64edfb653d9c05e67ce5bccf55738713c
                       c8cf93853f1da6442d20d71619ae9460
       Extensions: 
                       critical(true) KeyUsage: 0xb8
                       critical(false) 2.5.29.37 value = Sequence
    ObjectIdentifier(1.3.6.1.5.5.7.3.2)
    ObjectIdentifier(1.3.6.1.5.5.7.3.1)


[main] INFO org.apache.nifi.web.security.x509.ocsp.OcspCertificateValidatorTest - Generated signed certificate: 
  [0]         Version: 3
         SerialNumber: 1714615516998
             IssuerDN: CN=Issuer CA
           Start Date: Wed May 01 03:05:16 WEST 2024
           Final Date: Sun May 19 03:45:45 WEST 2024
            SubjectDN: CN=This is a signed test
           Public Key: RSA Public Key [08:b7:5b:fa:98:c3:99:d2:52:64:bb:19:c4:3c:21:6b:07:ac:d7:8f],[56:66:d1:a4]
        modulus: aa87560259dfad9478706dde32f6511d0bcdb0518e2c1860000550f3f20ad4b6ee3f09281f01a3af437d1ea36db08271d54f20f6f82cceeae1e9c01fb1e7fe505b03703489ca72126762624e2a6080ab0707fdf3f49d4579c4d7f0bf62be5b255df94e8ab143ad157cdb87f673ed4f32ea87034ce7b42ee722e843236a1ce67bee4dcc86770eda0c53e1e648651963bd05f05a44bd6b1fae1f97b80d2a3739d5b90e31e67c4fcf1d58c2520388519f5ad23fbaa8adf1c45a8870e1eaca03eab242b20ad4783af1b6e76dd90306a3da2cad27c43967893d5ef2a516314ddb85934378573c10ea6a9b5e646f615b4c35f3ba7cdd839a0e126b89a4de88bda04d91
public exponent: 10001

  Signature Algorithm: SHA256WITHRSA
            Signature: 0890fceaf92e19f9e3d26f5c99892ac29954e14b
                       b55d7ac8030cd509118855c856f1d541379850d6
                       f573ab025d53b8db1d799311c4b4c9ab460e71f9
                       5e38e1ce674be34b14e32fdcbe289fdd15410f8f
                       982b83667b60a27ddcfd601bd47432a4602e2bd1
                       8f91057455684530d74b925d6fd1ecca45379805
                       8729bcaaf41d8dd8c9419e373e6d494e1e9a152a
                       7aac3b968a7074448c00830d2532635774a88738
                       4c68fa59534938cef6e51744fbf8d428e508d7e8
                       59cd241adaf35600b28c218c6163143b2b925cc5
                       c62b9413c8fa242508b7a6d854d00b68ef3d9114
                       cabc456a0c88fb9c447801bfb7269101e3cdc255
                       1bd89615edecfc769225f07fc47a9e8f

]]></system-err>
  </testcase>
  <testcase name="testShouldNotValidateEmptyCertificate" classname="org.apache.nifi.web.security.x509.ocsp.OcspCertificateValidatorTest" time="0">
    <skipped message="To be implemented with Groovy test"/>
  </testcase>
</testsuite>