<?xml version="1.0" encoding="UTF-8"?>
<testsuite xmlns:xsi="http://www.w3.org/2001/XMLSchema-instance" xsi:noNamespaceSchemaLocation="https://maven.apache.org/surefire/maven-surefire-plugin/xsd/surefire-test-report-3.0.xsd" version="3.0" name="org.apache.nifi.serialization.record.TestDataTypeUtils" time="0.136" tests="64" errors="0" skipped="0" failures="0">
  <properties>
    <property name="sun.desktop" value="gnome"/>
    <property name="awt.toolkit" value="sun.awt.X11.XToolkit"/>
    <property name="file.encoding.pkg" value="sun.io"/>
    <property name="java.specification.version" value="1.8"/>
    <property name="sun.cpu.isalist" value=""/>
    <property name="sun.jnu.encoding" value="UTF-8"/>
    <property name="java.class.path" value="/home/alex/Repositories/nifi/nifi-commons/nifi-record/target/test-classes:/home/alex/Repositories/nifi/nifi-commons/nifi-record/target/classes:/home/alex/.m2/repository/org/junit/jupiter/junit-jupiter-api/5.7.2/junit-jupiter-api-5.7.2.jar:/home/alex/.m2/repository/org/apiguardian/apiguardian-api/1.1.0/apiguardian-api-1.1.0.jar:/home/alex/.m2/repository/org/opentest4j/opentest4j/1.2.0/opentest4j-1.2.0.jar:/home/alex/.m2/repository/org/junit/platform/junit-platform-commons/1.7.2/junit-platform-commons-1.7.2.jar:/home/alex/.m2/repository/org/junit/jupiter/junit-jupiter-engine/5.7.2/junit-jupiter-engine-5.7.2.jar:/home/alex/.m2/repository/org/junit/platform/junit-platform-engine/1.7.2/junit-platform-engine-1.7.2.jar:/home/alex/.m2/repository/org/junit/vintage/junit-vintage-engine/5.7.2/junit-vintage-engine-5.7.2.jar:/home/alex/.m2/repository/junit/junit/4.13.2/junit-4.13.2.jar:/home/alex/.m2/repository/org/hamcrest/hamcrest-core/1.3/hamcrest-core-1.3.jar:/home/alex/.m2/repository/org/junit/jupiter/junit-jupiter-params/5.7.2/junit-jupiter-params-5.7.2.jar:/home/alex/.m2/repository/org/mockito/mockito-core/3.11.2/mockito-core-3.11.2.jar:/home/alex/.m2/repository/net/bytebuddy/byte-buddy/1.11.3/byte-buddy-1.11.3.jar:/home/alex/.m2/repository/net/bytebuddy/byte-buddy-agent/1.11.3/byte-buddy-agent-1.11.3.jar:/home/alex/.m2/repository/org/objenesis/objenesis/3.2/objenesis-3.2.jar:/home/alex/.m2/repository/org/mockito/mockito-junit-jupiter/3.11.2/mockito-junit-jupiter-3.11.2.jar:/home/alex/.m2/repository/org/slf4j/slf4j-simple/1.7.32/slf4j-simple-1.7.32.jar:/home/alex/.m2/repository/org/slf4j/slf4j-api/1.7.32/slf4j-api-1.7.32.jar:/home/alex/.m2/repository/org/codehaus/groovy/groovy-test/2.5.14/groovy-test-2.5.14.jar:/home/alex/.m2/repository/org/codehaus/groovy/groovy/2.5.14/groovy-2.5.14.jar:"/>
    <property name="java.vm.vendor" value="Private Build"/>
    <property name="sun.arch.data.model" value="64"/>
    <property name="java.vendor.url" value="http://java.oracle.com/"/>
    <property name="user.timezone" value="Europe/Lisbon"/>
    <property name="java.vm.specification.version" value="1.8"/>
    <property name="os.name" value="Linux"/>
    <property name="user.country" value="US"/>
    <property name="sun.java.launcher" value="SUN_STANDARD"/>
    <property name="sun.boot.library.path" value="/usr/lib/jvm/java-8-openjdk-amd64/jre/lib/amd64"/>
    <property name="sun.java.command" value="/home/alex/Repositories/nifi/nifi-commons/nifi-record/target/surefire/surefirebooter6600501804622553457.jar /home/alex/Repositories/nifi/nifi-commons/nifi-record/target/surefire 2024-05-02T03-00-27_868-jvmRun1 surefire7831688080118263592tmp surefire_173246556419942210770tmp"/>
    <property name="surefire.test.class.path" value="/home/alex/Repositories/nifi/nifi-commons/nifi-record/target/test-classes:/home/alex/Repositories/nifi/nifi-commons/nifi-record/target/classes:/home/alex/.m2/repository/org/junit/jupiter/junit-jupiter-api/5.7.2/junit-jupiter-api-5.7.2.jar:/home/alex/.m2/repository/org/apiguardian/apiguardian-api/1.1.0/apiguardian-api-1.1.0.jar:/home/alex/.m2/repository/org/opentest4j/opentest4j/1.2.0/opentest4j-1.2.0.jar:/home/alex/.m2/repository/org/junit/platform/junit-platform-commons/1.7.2/junit-platform-commons-1.7.2.jar:/home/alex/.m2/repository/org/junit/jupiter/junit-jupiter-engine/5.7.2/junit-jupiter-engine-5.7.2.jar:/home/alex/.m2/repository/org/junit/platform/junit-platform-engine/1.7.2/junit-platform-engine-1.7.2.jar:/home/alex/.m2/repository/org/junit/vintage/junit-vintage-engine/5.7.2/junit-vintage-engine-5.7.2.jar:/home/alex/.m2/repository/junit/junit/4.13.2/junit-4.13.2.jar:/home/alex/.m2/repository/org/hamcrest/hamcrest-core/1.3/hamcrest-core-1.3.jar:/home/alex/.m2/repository/org/junit/jupiter/junit-jupiter-params/5.7.2/junit-jupiter-params-5.7.2.jar:/home/alex/.m2/repository/org/mockito/mockito-core/3.11.2/mockito-core-3.11.2.jar:/home/alex/.m2/repository/net/bytebuddy/byte-buddy/1.11.3/byte-buddy-1.11.3.jar:/home/alex/.m2/repository/net/bytebuddy/byte-buddy-agent/1.11.3/byte-buddy-agent-1.11.3.jar:/home/alex/.m2/repository/org/objenesis/objenesis/3.2/objenesis-3.2.jar:/home/alex/.m2/repository/org/mockito/mockito-junit-jupiter/3.11.2/mockito-junit-jupiter-3.11.2.jar:/home/alex/.m2/repository/org/slf4j/slf4j-simple/1.7.32/slf4j-simple-1.7.32.jar:/home/alex/.m2/repository/org/slf4j/slf4j-api/1.7.32/slf4j-api-1.7.32.jar:/home/alex/.m2/repository/org/codehaus/groovy/groovy-test/2.5.14/groovy-test-2.5.14.jar:/home/alex/.m2/repository/org/codehaus/groovy/groovy/2.5.14/groovy-2.5.14.jar:"/>
    <property name="sun.cpu.endian" value="little"/>
    <property name="user.home" value="/home/alex"/>
    <property name="user.language" value="en"/>
    <property name="java.specification.vendor" value="Oracle Corporation"/>
    <property name="java.home" value="/usr/lib/jvm/java-8-openjdk-amd64/jre"/>
    <property name="basedir" value="/home/alex/Repositories/nifi/nifi-commons/nifi-record"/>
    <property name="file.separator" value="/"/>
    <property name="line.separator" value="&#10;"/>
    <property name="java.vm.specification.vendor" value="Oracle Corporation"/>
    <property name="java.specification.name" value="Java Platform API Specification"/>
    <property name="java.awt.graphicsenv" value="sun.awt.X11GraphicsEnvironment"/>
    <property name="java.awt.headless" value="true"/>
    <property name="surefire.real.class.path" value="/home/alex/Repositories/nifi/nifi-commons/nifi-record/target/surefire/surefirebooter6600501804622553457.jar"/>
    <property name="sun.boot.class.path" value="/usr/lib/jvm/java-8-openjdk-amd64/jre/lib/resources.jar:/usr/lib/jvm/java-8-openjdk-amd64/jre/lib/rt.jar:/usr/lib/jvm/java-8-openjdk-amd64/jre/lib/sunrsasign.jar:/usr/lib/jvm/java-8-openjdk-amd64/jre/lib/jsse.jar:/usr/lib/jvm/java-8-openjdk-amd64/jre/lib/jce.jar:/usr/lib/jvm/java-8-openjdk-amd64/jre/lib/charsets.jar:/usr/lib/jvm/java-8-openjdk-amd64/jre/lib/jfr.jar:/usr/lib/jvm/java-8-openjdk-amd64/jre/classes"/>
    <property name="sun.management.compiler" value="HotSpot 64-Bit Tiered Compilers"/>
    <property name="java.runtime.version" value="1.8.0_402-8u402-ga-2ubuntu1~22.04-b06"/>
    <property name="java.net.preferIPv4Stack" value="true"/>
    <property name="user.name" value="alex"/>
    <property name="path.separator" value=":"/>
    <property name="os.version" value="6.5.0-28-generic"/>
    <property name="java.endorsed.dirs" value="/usr/lib/jvm/java-8-openjdk-amd64/jre/lib/endorsed"/>
    <property name="java.runtime.name" value="OpenJDK Runtime Environment"/>
    <property name="file.encoding" value="UTF-8"/>
    <property name="java.vm.name" value="OpenJDK 64-Bit Server VM"/>
    <property name="localRepository" value="/home/alex/.m2/repository"/>
    <property name="java.vendor.url.bug" value="http://bugreport.sun.com/bugreport/"/>
    <property name="java.io.tmpdir" value="/tmp"/>
    <property name="java.version" value="1.8.0_402"/>
    <property name="user.dir" value="/home/alex/Repositories/nifi/nifi-commons/nifi-record"/>
    <property name="os.arch" value="amd64"/>
    <property name="java.vm.specification.name" value="Java Virtual Machine Specification"/>
    <property name="java.awt.printerjob" value="sun.print.PSPrinterJob"/>
    <property name="sun.os.patch.level" value="unknown"/>
    <property name="java.library.path" value="/usr/java/packages/lib/amd64:/usr/lib/x86_64-linux-gnu/jni:/lib/x86_64-linux-gnu:/usr/lib/x86_64-linux-gnu:/usr/lib/jni:/lib:/usr/lib"/>
    <property name="java.vm.info" value="mixed mode"/>
    <property name="java.vendor" value="Private Build"/>
    <property name="java.vm.version" value="25.402-b06"/>
    <property name="java.specification.maintenance.version" value="5"/>
    <property name="java.ext.dirs" value="/usr/lib/jvm/java-8-openjdk-amd64/jre/lib/ext:/usr/java/packages/lib/ext"/>
    <property name="sun.io.unicode.encoding" value="UnicodeLittle"/>
    <property name="java.class.version" value="52.0"/>
  </properties>
  <testcase name="testChooseDataTypeWhenHasChoiceThenShouldReturnSingleMatchingFromChoice" classname="org.apache.nifi.serialization.record.TestDataTypeUtils" time="0.002"/>
  <testcase name="testConvertToBigDecimalWhenUnsupportedNumberType" classname="org.apache.nifi.serialization.record.TestDataTypeUtils" time="0.001"/>
  <testcase name="testBytesToBytes" classname="org.apache.nifi.serialization.record.TestDataTypeUtils" time="0.003"/>
  <testcase name="testConvertToBigDecimalWhenInputStringIsInvalid" classname="org.apache.nifi.serialization.record.TestDataTypeUtils" time="0.001"/>
  <testcase name="testConvertArrayOfRecordsToJavaArray" classname="org.apache.nifi.serialization.record.TestDataTypeUtils" time="0"/>
  <testcase name="testFindMostSuitableTypeWithArray" classname="org.apache.nifi.serialization.record.TestDataTypeUtils" time="0.005"/>
  <testcase name="testFindMostSuitableTypeWithFloat" classname="org.apache.nifi.serialization.record.TestDataTypeUtils" time="0.001"/>
  <testcase name="testFindMostSuitableTypeWithShort" classname="org.apache.nifi.serialization.record.TestDataTypeUtils" time="0.001"/>
  <testcase name="testConvertDataTypeBigint" classname="org.apache.nifi.serialization.record.TestDataTypeUtils" time="0.001"/>
  <testcase name="testToLocalDateFromString" classname="org.apache.nifi.serialization.record.TestDataTypeUtils" time="0.007"/>
  <testcase name="testToLocalDateFromSqlDate" classname="org.apache.nifi.serialization.record.TestDataTypeUtils" time="0.001"/>
  <testcase name="testIsDoubleWithinFloatInterval" classname="org.apache.nifi.serialization.record.TestDataTypeUtils" time="0.001"/>
  <testcase name="testTimestampToDate" classname="org.apache.nifi.serialization.record.TestDataTypeUtils" time="0"/>
  <testcase name="testFindMostSuitableTypeWithStringShouldReturnChar" classname="org.apache.nifi.serialization.record.TestDataTypeUtils" time="0.023"/>
  <testcase name="testToArray" classname="org.apache.nifi.serialization.record.TestDataTypeUtils" time="0.001"/>
  <testcase name="testChooseDataTypeWhenInt_vs_INT_FLOAT_ThenShouldReturnINT" classname="org.apache.nifi.serialization.record.TestDataTypeUtils" time="0.001"/>
  <testcase name="testConvertTypeStringToDateConfiguredSystemDefaultTimeZoneFormat" classname="org.apache.nifi.serialization.record.TestDataTypeUtils" time="0.002"/>
  <testcase name="testGetDataTypeFromSQLTypeValue" classname="org.apache.nifi.serialization.record.TestDataTypeUtils" time="0"/>
  <testcase name="testIsIntegerFitsToFloat" classname="org.apache.nifi.serialization.record.TestDataTypeUtils" time="0"/>
  <testcase name="testFindMostSuitableTypeWithTimeStamp" classname="org.apache.nifi.serialization.record.TestDataTypeUtils" time="0.009"/>
  <testcase name="testChooseDataTypeWhenFloat_vs_INT_FLOAT_ThenShouldReturnFLOAT" classname="org.apache.nifi.serialization.record.TestDataTypeUtils" time="0"/>
  <testcase name="testIsCompatibleDataTypeInteger" classname="org.apache.nifi.serialization.record.TestDataTypeUtils" time="0"/>
  <testcase name="testConvertToBigDecimalWhenInputIsValid" classname="org.apache.nifi.serialization.record.TestDataTypeUtils" time="0"/>
  <testcase name="testInferDataTypeWithBigDecimal" classname="org.apache.nifi.serialization.record.TestDataTypeUtils" time="0.001"/>
  <testcase name="testIsCompatibleDataTypeMap" classname="org.apache.nifi.serialization.record.TestDataTypeUtils" time="0"/>
  <testcase name="testCompatibleDataTypeBigDecimal" classname="org.apache.nifi.serialization.record.TestDataTypeUtils" time="0"/>
  <testcase name="testConvertToBigDecimalWhenNullInput" classname="org.apache.nifi.serialization.record.TestDataTypeUtils" time="0.001"/>
  <testcase name="testConvertRecordArrayToJavaArray" classname="org.apache.nifi.serialization.record.TestDataTypeUtils" time="0"/>
  <testcase name="testIsCompatibleDataTypeBigint" classname="org.apache.nifi.serialization.record.TestDataTypeUtils" time="0"/>
  <testcase name="testIsLongFitsToFloat" classname="org.apache.nifi.serialization.record.TestDataTypeUtils" time="0"/>
  <testcase name="testIsBigIntFitsToFloat" classname="org.apache.nifi.serialization.record.TestDataTypeUtils" time="0"/>
  <testcase name="testGetSQLTypeValueWithBigDecimal" classname="org.apache.nifi.serialization.record.TestDataTypeUtils" time="0.001"/>
  <testcase name="testIsCompatibleDataTypeArrayDifferentElementTypes" classname="org.apache.nifi.serialization.record.TestDataTypeUtils" time="0"/>
  <testcase name="testDateToTimestamp" classname="org.apache.nifi.serialization.record.TestDataTypeUtils" time="0"/>
  <testcase name="testConvertRecordFieldToObject" classname="org.apache.nifi.serialization.record.TestDataTypeUtils" time="0"/>
  <testcase name="testFindMostSuitableTypeByStringValueShouldReturnEvenWhenOneTypeThrowsException" classname="org.apache.nifi.serialization.record.TestDataTypeUtils" time="0.003">
    <system-err><![CDATA[[main] ERROR org.apache.nifi.serialization.record.util.DataTypeUtils - Exception thrown while checking if 'value' is compatible with 'throwsExceptionType'
java.lang.RuntimeException: maching error
	at org.apache.nifi.serialization.record.TestDataTypeUtils$2.getFormat(TestDataTypeUtils.java:528)
	at org.apache.nifi.serialization.record.util.DataTypeUtils.isCompatibleDataType(DataTypeUtils.java:253)
	at org.apache.nifi.serialization.record.util.DataTypeUtils.isCompatibleDataType(DataTypeUtils.java:237)
	at org.apache.nifi.serialization.record.util.DataTypeUtils.findMostSuitableTypeByStringValue(DataTypeUtils.java:350)
	at org.apache.nifi.serialization.record.TestDataTypeUtils.testFindMostSuitableTypeByStringValueShouldReturnEvenWhenOneTypeThrowsException(TestDataTypeUtils.java:538)
	at sun.reflect.NativeMethodAccessorImpl.invoke0(Native Method)
	at sun.reflect.NativeMethodAccessorImpl.invoke(NativeMethodAccessorImpl.java:62)
	at sun.reflect.DelegatingMethodAccessorImpl.invoke(DelegatingMethodAccessorImpl.java:43)
	at java.lang.reflect.Method.invoke(Method.java:498)
	at org.junit.platform.commons.util.ReflectionUtils.invokeMethod(ReflectionUtils.java:688)
	at org.junit.jupiter.engine.execution.MethodInvocation.proceed(MethodInvocation.java:60)
	at org.junit.jupiter.engine.execution.InvocationInterceptorChain$ValidatingInvocation.proceed(InvocationInterceptorChain.java:131)
	at org.junit.jupiter.engine.extension.TimeoutExtension.intercept(TimeoutExtension.java:149)
	at org.junit.jupiter.engine.extension.TimeoutExtension.interceptTestableMethod(TimeoutExtension.java:140)
	at org.junit.jupiter.engine.extension.TimeoutExtension.interceptTestMethod(TimeoutExtension.java:84)
	at org.junit.jupiter.engine.execution.ExecutableInvoker$ReflectiveInterceptorCall.lambda$ofVoidMethod$0(ExecutableInvoker.java:115)
	at org.junit.jupiter.engine.execution.ExecutableInvoker.lambda$invoke$0(ExecutableInvoker.java:105)
	at org.junit.jupiter.engine.execution.InvocationInterceptorChain$InterceptedInvocation.proceed(InvocationInterceptorChain.java:106)
	at org.junit.jupiter.engine.execution.InvocationInterceptorChain.proceed(InvocationInterceptorChain.java:64)
	at org.junit.jupiter.engine.execution.InvocationInterceptorChain.chainAndInvoke(InvocationInterceptorChain.java:45)
	at org.junit.jupiter.engine.execution.InvocationInterceptorChain.invoke(InvocationInterceptorChain.java:37)
	at org.junit.jupiter.engine.execution.ExecutableInvoker.invoke(ExecutableInvoker.java:104)
	at org.junit.jupiter.engine.execution.ExecutableInvoker.invoke(ExecutableInvoker.java:98)
	at org.junit.jupiter.engine.descriptor.TestMethodTestDescriptor.lambda$invokeTestMethod$6(TestMethodTestDescriptor.java:210)
	at org.junit.platform.engine.support.hierarchical.ThrowableCollector.execute(ThrowableCollector.java:73)
	at org.junit.jupiter.engine.descriptor.TestMethodTestDescriptor.invokeTestMethod(TestMethodTestDescriptor.java:206)
	at org.junit.jupiter.engine.descriptor.TestMethodTestDescriptor.execute(TestMethodTestDescriptor.java:131)
	at org.junit.jupiter.engine.descriptor.TestMethodTestDescriptor.execute(TestMethodTestDescriptor.java:65)
	at org.junit.platform.engine.support.hierarchical.NodeTestTask.lambda$executeRecursively$5(NodeTestTask.java:139)
	at org.junit.platform.engine.support.hierarchical.ThrowableCollector.execute(ThrowableCollector.java:73)
	at org.junit.platform.engine.support.hierarchical.NodeTestTask.lambda$executeRecursively$7(NodeTestTask.java:129)
	at org.junit.platform.engine.support.hierarchical.Node.around(Node.java:137)
	at org.junit.platform.engine.support.hierarchical.NodeTestTask.lambda$executeRecursively$8(NodeTestTask.java:127)
	at org.junit.platform.engine.support.hierarchical.ThrowableCollector.execute(ThrowableCollector.java:73)
	at org.junit.platform.engine.support.hierarchical.NodeTestTask.executeRecursively(NodeTestTask.java:126)
	at org.junit.platform.engine.support.hierarchical.NodeTestTask.execute(NodeTestTask.java:84)
	at java.util.ArrayList.forEach(ArrayList.java:1259)
	at org.junit.platform.engine.support.hierarchical.SameThreadHierarchicalTestExecutorService.invokeAll(SameThreadHierarchicalTestExecutorService.java:38)
	at org.junit.platform.engine.support.hierarchical.NodeTestTask.lambda$executeRecursively$5(NodeTestTask.java:143)
	at org.junit.platform.engine.support.hierarchical.ThrowableCollector.execute(ThrowableCollector.java:73)
	at org.junit.platform.engine.support.hierarchical.NodeTestTask.lambda$executeRecursively$7(NodeTestTask.java:129)
	at org.junit.platform.engine.support.hierarchical.Node.around(Node.java:137)
	at org.junit.platform.engine.support.hierarchical.NodeTestTask.lambda$executeRecursively$8(NodeTestTask.java:127)
	at org.junit.platform.engine.support.hierarchical.ThrowableCollector.execute(ThrowableCollector.java:73)
	at org.junit.platform.engine.support.hierarchical.NodeTestTask.executeRecursively(NodeTestTask.java:126)
	at org.junit.platform.engine.support.hierarchical.NodeTestTask.execute(NodeTestTask.java:84)
	at java.util.ArrayList.forEach(ArrayList.java:1259)
	at org.junit.platform.engine.support.hierarchical.SameThreadHierarchicalTestExecutorService.invokeAll(SameThreadHierarchicalTestExecutorService.java:38)
	at org.junit.platform.engine.support.hierarchical.NodeTestTask.lambda$executeRecursively$5(NodeTestTask.java:143)
	at org.junit.platform.engine.support.hierarchical.ThrowableCollector.execute(ThrowableCollector.java:73)
	at org.junit.platform.engine.support.hierarchical.NodeTestTask.lambda$executeRecursively$7(NodeTestTask.java:129)
	at org.junit.platform.engine.support.hierarchical.Node.around(Node.java:137)
	at org.junit.platform.engine.support.hierarchical.NodeTestTask.lambda$executeRecursively$8(NodeTestTask.java:127)
	at org.junit.platform.engine.support.hierarchical.ThrowableCollector.execute(ThrowableCollector.java:73)
	at org.junit.platform.engine.support.hierarchical.NodeTestTask.executeRecursively(NodeTestTask.java:126)
	at org.junit.platform.engine.support.hierarchical.NodeTestTask.execute(NodeTestTask.java:84)
	at org.junit.platform.engine.support.hierarchical.SameThreadHierarchicalTestExecutorService.submit(SameThreadHierarchicalTestExecutorService.java:32)
	at org.junit.platform.engine.support.hierarchical.HierarchicalTestExecutor.execute(HierarchicalTestExecutor.java:57)
	at org.junit.platform.engine.support.hierarchical.HierarchicalTestEngine.execute(HierarchicalTestEngine.java:51)
	at org.junit.platform.launcher.core.EngineExecutionOrchestrator.execute(EngineExecutionOrchestrator.java:108)
	at org.junit.platform.launcher.core.EngineExecutionOrchestrator.execute(EngineExecutionOrchestrator.java:88)
	at org.junit.platform.launcher.core.EngineExecutionOrchestrator.lambda$execute$0(EngineExecutionOrchestrator.java:54)
	at org.junit.platform.launcher.core.EngineExecutionOrchestrator.withInterceptedStreams(EngineExecutionOrchestrator.java:67)
	at org.junit.platform.launcher.core.EngineExecutionOrchestrator.execute(EngineExecutionOrchestrator.java:52)
	at org.junit.platform.launcher.core.DefaultLauncher.execute(DefaultLauncher.java:96)
	at org.junit.platform.launcher.core.DefaultLauncher.execute(DefaultLauncher.java:75)
	at org.apache.maven.surefire.junitplatform.JUnitPlatformProvider.execute(JUnitPlatformProvider.java:188)
	at org.apache.maven.surefire.junitplatform.JUnitPlatformProvider.invokeAllTests(JUnitPlatformProvider.java:154)
	at org.apache.maven.surefire.junitplatform.JUnitPlatformProvider.invoke(JUnitPlatformProvider.java:128)
	at org.apache.maven.surefire.booter.ForkedBooter.runSuitesInProcess(ForkedBooter.java:428)
	at org.apache.maven.surefire.booter.ForkedBooter.execute(ForkedBooter.java:162)
	at org.apache.maven.surefire.booter.ForkedBooter.run(ForkedBooter.java:562)
	at org.apache.maven.surefire.booter.ForkedBooter.main(ForkedBooter.java:548)
]]></system-err>
  </testcase>
  <testcase name="testIsBigDecimalTypeCompatible" classname="org.apache.nifi.serialization.record.TestDataTypeUtils" time="0"/>
  <testcase name="testFindMostSuitableTypeWithBigInt" classname="org.apache.nifi.serialization.record.TestDataTypeUtils" time="0.001"/>
  <testcase name="testFindMostSuitableTypeWithDouble" classname="org.apache.nifi.serialization.record.TestDataTypeUtils" time="0"/>
  <testcase name="testInferTypeWithMapStringKeys" classname="org.apache.nifi.serialization.record.TestDataTypeUtils" time="0"/>
  <testcase name="testFindMostSuitableTypeWithString" classname="org.apache.nifi.serialization.record.TestDataTypeUtils" time="0.009"/>
  <testcase name="testStringToBytes" classname="org.apache.nifi.serialization.record.TestDataTypeUtils" time="0.001"/>
  <testcase name="testFindMostSuitableTypeWithInt" classname="org.apache.nifi.serialization.record.TestDataTypeUtils" time="0.001"/>
  <testcase name="testToLocalDateFromUtilDate" classname="org.apache.nifi.serialization.record.TestDataTypeUtils" time="0"/>
  <testcase name="testFindMostSuitableTypeWithBigDecimal" classname="org.apache.nifi.serialization.record.TestDataTypeUtils" time="0"/>
  <testcase name="testIsBigIntFitsToDouble" classname="org.apache.nifi.serialization.record.TestDataTypeUtils" time="0"/>
  <testcase name="testIsFittingNumberType" classname="org.apache.nifi.serialization.record.TestDataTypeUtils" time="0.001"/>
  <testcase name="testChooseDataTypeWhenExpectedIsBigDecimal" classname="org.apache.nifi.serialization.record.TestDataTypeUtils" time="0"/>
  <testcase name="testConvertTypeStringToDateConfiguredTimeZoneFormat" classname="org.apache.nifi.serialization.record.TestDataTypeUtils" time="0.001"/>
  <testcase name="testFloatingPointCompatibility" classname="org.apache.nifi.serialization.record.TestDataTypeUtils" time="0.002"/>
  <testcase name="testConvertRecordMapToJavaMap" classname="org.apache.nifi.serialization.record.TestDataTypeUtils" time="0"/>
  <testcase name="testIsLongFitsToDouble" classname="org.apache.nifi.serialization.record.TestDataTypeUtils" time="0"/>
  <testcase name="testConvertDateToUTC" classname="org.apache.nifi.serialization.record.TestDataTypeUtils" time="0.001"/>
  <testcase name="testToLocalDateFromNumberEpochMillis" classname="org.apache.nifi.serialization.record.TestDataTypeUtils" time="0"/>
  <testcase name="testInferTypeWithMapNonStringKeys" classname="org.apache.nifi.serialization.record.TestDataTypeUtils" time="0.001"/>
  <testcase name="testBytesToString" classname="org.apache.nifi.serialization.record.TestDataTypeUtils" time="0.001"/>
  <testcase name="testFindMostSuitableTypeWithBoolean" classname="org.apache.nifi.serialization.record.TestDataTypeUtils" time="0.001"/>
  <testcase name="testFindMostSuitableTypeWithByte" classname="org.apache.nifi.serialization.record.TestDataTypeUtils" time="0.001"/>
  <testcase name="testFindMostSuitableTypeWithChar" classname="org.apache.nifi.serialization.record.TestDataTypeUtils" time="0.001"/>
  <testcase name="testFindMostSuitableTypeWithDate" classname="org.apache.nifi.serialization.record.TestDataTypeUtils" time="0.009"/>
  <testcase name="testFindMostSuitableTypeWithLong" classname="org.apache.nifi.serialization.record.TestDataTypeUtils" time="0"/>
  <testcase name="testFindMostSuitableTypeWithTime" classname="org.apache.nifi.serialization.record.TestDataTypeUtils" time="0.01"/>
  <testcase name="testConvertToBigDecimalWhenUnsupportedType" classname="org.apache.nifi.serialization.record.TestDataTypeUtils" time="0.001"/>
  <testcase name="testConvertTypeStringToDateDefaultTimeZoneFormat" classname="org.apache.nifi.serialization.record.TestDataTypeUtils" time="0.001"/>
</testsuite>