<?xml version="1.0" encoding="UTF-8"?>
<testsuite xmlns:xsi="http://www.w3.org/2001/XMLSchema-instance" xsi:noNamespaceSchemaLocation="https://maven.apache.org/surefire/maven-surefire-plugin/xsd/surefire-test-report-3.0.xsd" version="3.0" name="org.apache.nifi.minifi.bootstrap.configuration.ingestors.RestChangeIngestorTest" time="1.043" tests="3" errors="0" skipped="0" failures="0">
  <properties>
    <property name="sun.desktop" value="gnome"/>
    <property name="awt.toolkit" value="sun.awt.X11.XToolkit"/>
    <property name="file.encoding.pkg" value="sun.io"/>
    <property name="java.specification.version" value="1.8"/>
    <property name="sun.cpu.isalist" value=""/>
    <property name="sun.jnu.encoding" value="UTF-8"/>
    <property name="java.class.path" value="/home/alex/Repositories/nifi/minifi/minifi-bootstrap/target/test-classes:/home/alex/Repositories/nifi/minifi/minifi-bootstrap/target/classes:/home/alex/.m2/repository/org/slf4j/slf4j-api/1.7.32/slf4j-api-1.7.32.jar:/home/alex/.m2/repository/ch/qos/logback/logback-classic/1.2.6/logback-classic-1.2.6.jar:/home/alex/.m2/repository/ch/qos/logback/logback-core/1.2.6/logback-core-1.2.6.jar:/home/alex/Repositories/nifi/nifi-api/target/classes:/home/alex/Repositories/nifi/nifi-commons/nifi-bootstrap-utils/target/classes:/home/alex/.m2/repository/net/java/dev/jna/jna-platform/4.4.0/jna-platform-4.4.0.jar:/home/alex/.m2/repository/net/java/dev/jna/jna/4.4.0/jna-4.4.0.jar:/home/alex/Repositories/nifi/nifi-nar-bundles/nifi-extension-utils/nifi-processor-utils/target/classes:/home/alex/Repositories/nifi/nifi-commons/nifi-security-socket-ssl/target/classes:/home/alex/.m2/repository/org/apache/commons/commons-lang3/3.9/commons-lang3-3.9.jar:/home/alex/.m2/repository/com/fasterxml/jackson/core/jackson-databind/2.12.3/jackson-databind-2.12.3.jar:/home/alex/.m2/repository/com/fasterxml/jackson/core/jackson-annotations/2.12.3/jackson-annotations-2.12.3.jar:/home/alex/.m2/repository/com/fasterxml/jackson/core/jackson-core/2.12.3/jackson-core-2.12.3.jar:/home/alex/Repositories/nifi/nifi-nar-bundles/nifi-standard-services/nifi-record-serialization-service-api/target/classes:/home/alex/Repositories/nifi/nifi-commons/nifi-record/target/classes:/home/alex/Repositories/nifi/nifi-nar-bundles/nifi-extension-utils/nifi-event-transport/target/classes:/home/alex/.m2/repository/io/netty/netty-handler/4.1.69.Final/netty-handler-4.1.69.Final.jar:/home/alex/.m2/repository/io/netty/netty-common/4.1.69.Final/netty-common-4.1.69.Final.jar:/home/alex/.m2/repository/io/netty/netty-resolver/4.1.69.Final/netty-resolver-4.1.69.Final.jar:/home/alex/.m2/repository/io/netty/netty-buffer/4.1.69.Final/netty-buffer-4.1.69.Final.jar:/home/alex/.m2/repository/io/netty/netty-transport/4.1.69.Final/netty-transport-4.1.69.Final.jar:/home/alex/.m2/repository/io/netty/netty-codec/4.1.69.Final/netty-codec-4.1.69.Final.jar:/home/alex/Repositories/nifi/nifi-commons/nifi-expression-language/target/classes:/home/alex/.m2/repository/org/antlr/antlr-runtime/3.5.2/antlr-runtime-3.5.2.jar:/home/alex/Repositories/nifi/nifi-commons/nifi-parameter/target/classes:/home/alex/Repositories/nifi/nifi-commons/nifi-uuid5/target/classes:/home/alex/.m2/repository/com/jayway/jsonpath/json-path/2.6.0/json-path-2.6.0.jar:/home/alex/.m2/repository/net/minidev/json-smart/2.4.7/json-smart-2.4.7.jar:/home/alex/.m2/repository/net/minidev/accessors-smart/2.4.7/accessors-smart-2.4.7.jar:/home/alex/.m2/repository/org/ow2/asm/asm/9.1/asm-9.1.jar:/home/alex/.m2/repository/org/apache/commons/commons-text/1.8/commons-text-1.8.jar:/home/alex/.m2/repository/commons-codec/commons-codec/1.10/commons-codec-1.10.jar:/home/alex/Repositories/nifi/minifi/minifi-commons/minifi-utils/target/classes:/home/alex/Repositories/nifi/nifi-commons/nifi-utils/target/classes:/home/alex/Repositories/nifi/nifi-commons/nifi-properties/target/classes:/home/alex/Repositories/nifi/nifi-commons/nifi-property-utils/target/classes:/home/alex/.m2/repository/org/yaml/snakeyaml/1.29/snakeyaml-1.29.jar:/home/alex/Repositories/nifi/minifi/minifi-commons/minifi-commons-schema/target/classes:/home/alex/.m2/repository/org/eclipse/jetty/jetty-server/9.4.44.v20210927/jetty-server-9.4.44.v20210927.jar:/home/alex/.m2/repository/javax/servlet/javax.servlet-api/3.1.0/javax.servlet-api-3.1.0.jar:/home/alex/.m2/repository/org/eclipse/jetty/jetty-http/9.4.44.v20210927/jetty-http-9.4.44.v20210927.jar:/home/alex/.m2/repository/org/eclipse/jetty/jetty-util/9.4.44.v20210927/jetty-util-9.4.44.v20210927.jar:/home/alex/.m2/repository/org/eclipse/jetty/jetty-io/9.4.44.v20210927/jetty-io-9.4.44.v20210927.jar:/home/alex/.m2/repository/org/eclipse/jetty/jetty-servlet/9.4.44.v20210927/jetty-servlet-9.4.44.v20210927.jar:/home/alex/.m2/repository/org/eclipse/jetty/jetty-security/9.4.44.v20210927/jetty-security-9.4.44.v20210927.jar:/home/alex/.m2/repository/org/eclipse/jetty/jetty-util-ajax/9.4.44.v20210927/jetty-util-ajax-9.4.44.v20210927.jar:/home/alex/.m2/repository/com/squareup/okhttp3/okhttp/3.12.3/okhttp-3.12.3.jar:/home/alex/.m2/repository/com/squareup/okio/okio/1.15.0/okio-1.15.0.jar:/home/alex/.m2/repository/commons-io/commons-io/2.10.0/commons-io-2.10.0.jar:/home/alex/.m2/repository/junit/junit/4.13.2/junit-4.13.2.jar:/home/alex/.m2/repository/org/hamcrest/hamcrest-core/1.3/hamcrest-core-1.3.jar:/home/alex/.m2/repository/org/mockito/mockito-all/1.10.19/mockito-all-1.10.19.jar:/home/alex/.m2/repository/org/slf4j/slf4j-simple/1.7.32/slf4j-simple-1.7.32.jar:/home/alex/.m2/repository/org/junit/jupiter/junit-jupiter-api/5.7.2/junit-jupiter-api-5.7.2.jar:/home/alex/.m2/repository/org/apiguardian/apiguardian-api/1.1.0/apiguardian-api-1.1.0.jar:/home/alex/.m2/repository/org/opentest4j/opentest4j/1.2.0/opentest4j-1.2.0.jar:/home/alex/.m2/repository/org/junit/platform/junit-platform-commons/1.7.2/junit-platform-commons-1.7.2.jar:/home/alex/.m2/repository/org/junit/jupiter/junit-jupiter-engine/5.7.2/junit-jupiter-engine-5.7.2.jar:/home/alex/.m2/repository/org/junit/platform/junit-platform-engine/1.7.2/junit-platform-engine-1.7.2.jar:/home/alex/.m2/repository/org/junit/vintage/junit-vintage-engine/5.7.2/junit-vintage-engine-5.7.2.jar:/home/alex/.m2/repository/org/junit/jupiter/junit-jupiter-params/5.7.2/junit-jupiter-params-5.7.2.jar:/home/alex/.m2/repository/org/mockito/mockito-core/3.11.2/mockito-core-3.11.2.jar:/home/alex/.m2/repository/net/bytebuddy/byte-buddy/1.11.3/byte-buddy-1.11.3.jar:/home/alex/.m2/repository/net/bytebuddy/byte-buddy-agent/1.11.3/byte-buddy-agent-1.11.3.jar:/home/alex/.m2/repository/org/objenesis/objenesis/3.2/objenesis-3.2.jar:/home/alex/.m2/repository/org/mockito/mockito-junit-jupiter/3.11.2/mockito-junit-jupiter-3.11.2.jar:/home/alex/.m2/repository/org/codehaus/groovy/groovy-test/2.5.14/groovy-test-2.5.14.jar:/home/alex/.m2/repository/org/codehaus/groovy/groovy/2.5.14/groovy-2.5.14.jar:"/>
    <property name="java.vm.vendor" value="Private Build"/>
    <property name="sun.arch.data.model" value="64"/>
    <property name="java.vendor.url" value="http://java.oracle.com/"/>
    <property name="user.timezone" value="Europe/Lisbon"/>
    <property name="java.vm.specification.version" value="1.8"/>
    <property name="os.name" value="Linux"/>
    <property name="user.country" value="US"/>
    <property name="sun.java.launcher" value="SUN_STANDARD"/>
    <property name="sun.boot.library.path" value="/usr/lib/jvm/java-8-openjdk-amd64/jre/lib/amd64"/>
    <property name="sun.java.command" value="/home/alex/Repositories/nifi/minifi/minifi-bootstrap/target/surefire/surefirebooter1088053733108555417.jar /home/alex/Repositories/nifi/minifi/minifi-bootstrap/target/surefire 2024-05-02T03-00-27_868-jvmRun1 surefire649953053294263904tmp surefire_1822151825625501026622tmp"/>
    <property name="surefire.test.class.path" value="/home/alex/Repositories/nifi/minifi/minifi-bootstrap/target/test-classes:/home/alex/Repositories/nifi/minifi/minifi-bootstrap/target/classes:/home/alex/.m2/repository/org/slf4j/slf4j-api/1.7.32/slf4j-api-1.7.32.jar:/home/alex/.m2/repository/ch/qos/logback/logback-classic/1.2.6/logback-classic-1.2.6.jar:/home/alex/.m2/repository/ch/qos/logback/logback-core/1.2.6/logback-core-1.2.6.jar:/home/alex/Repositories/nifi/nifi-api/target/classes:/home/alex/Repositories/nifi/nifi-commons/nifi-bootstrap-utils/target/classes:/home/alex/.m2/repository/net/java/dev/jna/jna-platform/4.4.0/jna-platform-4.4.0.jar:/home/alex/.m2/repository/net/java/dev/jna/jna/4.4.0/jna-4.4.0.jar:/home/alex/Repositories/nifi/nifi-nar-bundles/nifi-extension-utils/nifi-processor-utils/target/classes:/home/alex/Repositories/nifi/nifi-commons/nifi-security-socket-ssl/target/classes:/home/alex/.m2/repository/org/apache/commons/commons-lang3/3.9/commons-lang3-3.9.jar:/home/alex/.m2/repository/com/fasterxml/jackson/core/jackson-databind/2.12.3/jackson-databind-2.12.3.jar:/home/alex/.m2/repository/com/fasterxml/jackson/core/jackson-annotations/2.12.3/jackson-annotations-2.12.3.jar:/home/alex/.m2/repository/com/fasterxml/jackson/core/jackson-core/2.12.3/jackson-core-2.12.3.jar:/home/alex/Repositories/nifi/nifi-nar-bundles/nifi-standard-services/nifi-record-serialization-service-api/target/classes:/home/alex/Repositories/nifi/nifi-commons/nifi-record/target/classes:/home/alex/Repositories/nifi/nifi-nar-bundles/nifi-extension-utils/nifi-event-transport/target/classes:/home/alex/.m2/repository/io/netty/netty-handler/4.1.69.Final/netty-handler-4.1.69.Final.jar:/home/alex/.m2/repository/io/netty/netty-common/4.1.69.Final/netty-common-4.1.69.Final.jar:/home/alex/.m2/repository/io/netty/netty-resolver/4.1.69.Final/netty-resolver-4.1.69.Final.jar:/home/alex/.m2/repository/io/netty/netty-buffer/4.1.69.Final/netty-buffer-4.1.69.Final.jar:/home/alex/.m2/repository/io/netty/netty-transport/4.1.69.Final/netty-transport-4.1.69.Final.jar:/home/alex/.m2/repository/io/netty/netty-codec/4.1.69.Final/netty-codec-4.1.69.Final.jar:/home/alex/Repositories/nifi/nifi-commons/nifi-expression-language/target/classes:/home/alex/.m2/repository/org/antlr/antlr-runtime/3.5.2/antlr-runtime-3.5.2.jar:/home/alex/Repositories/nifi/nifi-commons/nifi-parameter/target/classes:/home/alex/Repositories/nifi/nifi-commons/nifi-uuid5/target/classes:/home/alex/.m2/repository/com/jayway/jsonpath/json-path/2.6.0/json-path-2.6.0.jar:/home/alex/.m2/repository/net/minidev/json-smart/2.4.7/json-smart-2.4.7.jar:/home/alex/.m2/repository/net/minidev/accessors-smart/2.4.7/accessors-smart-2.4.7.jar:/home/alex/.m2/repository/org/ow2/asm/asm/9.1/asm-9.1.jar:/home/alex/.m2/repository/org/apache/commons/commons-text/1.8/commons-text-1.8.jar:/home/alex/.m2/repository/commons-codec/commons-codec/1.10/commons-codec-1.10.jar:/home/alex/Repositories/nifi/minifi/minifi-commons/minifi-utils/target/classes:/home/alex/Repositories/nifi/nifi-commons/nifi-utils/target/classes:/home/alex/Repositories/nifi/nifi-commons/nifi-properties/target/classes:/home/alex/Repositories/nifi/nifi-commons/nifi-property-utils/target/classes:/home/alex/.m2/repository/org/yaml/snakeyaml/1.29/snakeyaml-1.29.jar:/home/alex/Repositories/nifi/minifi/minifi-commons/minifi-commons-schema/target/classes:/home/alex/.m2/repository/org/eclipse/jetty/jetty-server/9.4.44.v20210927/jetty-server-9.4.44.v20210927.jar:/home/alex/.m2/repository/javax/servlet/javax.servlet-api/3.1.0/javax.servlet-api-3.1.0.jar:/home/alex/.m2/repository/org/eclipse/jetty/jetty-http/9.4.44.v20210927/jetty-http-9.4.44.v20210927.jar:/home/alex/.m2/repository/org/eclipse/jetty/jetty-util/9.4.44.v20210927/jetty-util-9.4.44.v20210927.jar:/home/alex/.m2/repository/org/eclipse/jetty/jetty-io/9.4.44.v20210927/jetty-io-9.4.44.v20210927.jar:/home/alex/.m2/repository/org/eclipse/jetty/jetty-servlet/9.4.44.v20210927/jetty-servlet-9.4.44.v20210927.jar:/home/alex/.m2/repository/org/eclipse/jetty/jetty-security/9.4.44.v20210927/jetty-security-9.4.44.v20210927.jar:/home/alex/.m2/repository/org/eclipse/jetty/jetty-util-ajax/9.4.44.v20210927/jetty-util-ajax-9.4.44.v20210927.jar:/home/alex/.m2/repository/com/squareup/okhttp3/okhttp/3.12.3/okhttp-3.12.3.jar:/home/alex/.m2/repository/com/squareup/okio/okio/1.15.0/okio-1.15.0.jar:/home/alex/.m2/repository/commons-io/commons-io/2.10.0/commons-io-2.10.0.jar:/home/alex/.m2/repository/junit/junit/4.13.2/junit-4.13.2.jar:/home/alex/.m2/repository/org/hamcrest/hamcrest-core/1.3/hamcrest-core-1.3.jar:/home/alex/.m2/repository/org/mockito/mockito-all/1.10.19/mockito-all-1.10.19.jar:/home/alex/.m2/repository/org/slf4j/slf4j-simple/1.7.32/slf4j-simple-1.7.32.jar:/home/alex/.m2/repository/org/junit/jupiter/junit-jupiter-api/5.7.2/junit-jupiter-api-5.7.2.jar:/home/alex/.m2/repository/org/apiguardian/apiguardian-api/1.1.0/apiguardian-api-1.1.0.jar:/home/alex/.m2/repository/org/opentest4j/opentest4j/1.2.0/opentest4j-1.2.0.jar:/home/alex/.m2/repository/org/junit/platform/junit-platform-commons/1.7.2/junit-platform-commons-1.7.2.jar:/home/alex/.m2/repository/org/junit/jupiter/junit-jupiter-engine/5.7.2/junit-jupiter-engine-5.7.2.jar:/home/alex/.m2/repository/org/junit/platform/junit-platform-engine/1.7.2/junit-platform-engine-1.7.2.jar:/home/alex/.m2/repository/org/junit/vintage/junit-vintage-engine/5.7.2/junit-vintage-engine-5.7.2.jar:/home/alex/.m2/repository/org/junit/jupiter/junit-jupiter-params/5.7.2/junit-jupiter-params-5.7.2.jar:/home/alex/.m2/repository/org/mockito/mockito-core/3.11.2/mockito-core-3.11.2.jar:/home/alex/.m2/repository/net/bytebuddy/byte-buddy/1.11.3/byte-buddy-1.11.3.jar:/home/alex/.m2/repository/net/bytebuddy/byte-buddy-agent/1.11.3/byte-buddy-agent-1.11.3.jar:/home/alex/.m2/repository/org/objenesis/objenesis/3.2/objenesis-3.2.jar:/home/alex/.m2/repository/org/mockito/mockito-junit-jupiter/3.11.2/mockito-junit-jupiter-3.11.2.jar:/home/alex/.m2/repository/org/codehaus/groovy/groovy-test/2.5.14/groovy-test-2.5.14.jar:/home/alex/.m2/repository/org/codehaus/groovy/groovy/2.5.14/groovy-2.5.14.jar:"/>
    <property name="sun.cpu.endian" value="little"/>
    <property name="user.home" value="/home/alex"/>
    <property name="user.language" value="en"/>
    <property name="java.specification.vendor" value="Oracle Corporation"/>
    <property name="java.home" value="/usr/lib/jvm/java-8-openjdk-amd64/jre"/>
    <property name="basedir" value="/home/alex/Repositories/nifi/minifi/minifi-bootstrap"/>
    <property name="file.separator" value="/"/>
    <property name="line.separator" value="&#10;"/>
    <property name="java.vm.specification.vendor" value="Oracle Corporation"/>
    <property name="java.specification.name" value="Java Platform API Specification"/>
    <property name="java.awt.graphicsenv" value="sun.awt.X11GraphicsEnvironment"/>
    <property name="java.awt.headless" value="true"/>
    <property name="surefire.real.class.path" value="/home/alex/Repositories/nifi/minifi/minifi-bootstrap/target/surefire/surefirebooter1088053733108555417.jar"/>
    <property name="sun.boot.class.path" value="/usr/lib/jvm/java-8-openjdk-amd64/jre/lib/resources.jar:/usr/lib/jvm/java-8-openjdk-amd64/jre/lib/rt.jar:/usr/lib/jvm/java-8-openjdk-amd64/jre/lib/sunrsasign.jar:/usr/lib/jvm/java-8-openjdk-amd64/jre/lib/jsse.jar:/usr/lib/jvm/java-8-openjdk-amd64/jre/lib/jce.jar:/usr/lib/jvm/java-8-openjdk-amd64/jre/lib/charsets.jar:/usr/lib/jvm/java-8-openjdk-amd64/jre/lib/jfr.jar:/usr/lib/jvm/java-8-openjdk-amd64/jre/classes"/>
    <property name="sun.management.compiler" value="HotSpot 64-Bit Tiered Compilers"/>
    <property name="java.runtime.version" value="1.8.0_402-8u402-ga-2ubuntu1~22.04-b06"/>
    <property name="java.net.preferIPv4Stack" value="true"/>
    <property name="user.name" value="alex"/>
    <property name="path.separator" value=":"/>
    <property name="os.version" value="6.5.0-28-generic"/>
    <property name="java.endorsed.dirs" value="/usr/lib/jvm/java-8-openjdk-amd64/jre/lib/endorsed"/>
    <property name="java.runtime.name" value="OpenJDK Runtime Environment"/>
    <property name="file.encoding" value="UTF-8"/>
    <property name="java.vm.name" value="OpenJDK 64-Bit Server VM"/>
    <property name="localRepository" value="/home/alex/.m2/repository"/>
    <property name="java.vendor.url.bug" value="http://bugreport.sun.com/bugreport/"/>
    <property name="jetty.git.hash" value="8da83308eeca865e495e53ef315a249d63ba9332"/>
    <property name="java.io.tmpdir" value="/tmp"/>
    <property name="java.version" value="1.8.0_402"/>
    <property name="user.dir" value="/home/alex/Repositories/nifi/minifi/minifi-bootstrap"/>
    <property name="os.arch" value="amd64"/>
    <property name="java.vm.specification.name" value="Java Virtual Machine Specification"/>
    <property name="java.awt.printerjob" value="sun.print.PSPrinterJob"/>
    <property name="sun.os.patch.level" value="unknown"/>
    <property name="java.library.path" value="/usr/java/packages/lib/amd64:/usr/lib/x86_64-linux-gnu/jni:/lib/x86_64-linux-gnu:/usr/lib/x86_64-linux-gnu:/usr/lib/jni:/lib:/usr/lib"/>
    <property name="java.vm.info" value="mixed mode"/>
    <property name="java.vendor" value="Private Build"/>
    <property name="java.vm.version" value="25.402-b06"/>
    <property name="java.specification.maintenance.version" value="5"/>
    <property name="java.ext.dirs" value="/usr/lib/jvm/java-8-openjdk-amd64/jre/lib/ext:/usr/java/packages/lib/ext"/>
    <property name="sun.io.unicode.encoding" value="UnicodeLittle"/>
    <property name="java.class.version" value="52.0"/>
  </properties>
  <testcase name="testGet" classname="org.apache.nifi.minifi.bootstrap.configuration.ingestors.RestChangeIngestorTest" time="0.008">
    <system-out><![CDATA[03:19:46.260 [main] DEBUG org.eclipse.jetty.util.component.ContainerLifeCycle - QueuedThreadPool[qtp1449772539]@5669c5fb{STOPPED,8<=0<=200,i=0,r=-1,q=0}[NO_TRY] added {org.eclipse.jetty.util.thread.ThreadPoolBudget@373ebf74,POJO}
03:19:46.260 [main] DEBUG org.eclipse.jetty.util.component.ContainerLifeCycle - Server@5f9678e1{STOPPED}[9.4.44.v20210927] added {QueuedThreadPool[qtp1449772539]@5669c5fb{STOPPED,8<=0<=200,i=0,r=-1,q=0}[NO_TRY],AUTO}
03:19:46.260 [main] INFO org.apache.nifi.minifi.bootstrap.configuration.ingestors.RestChangeIngestor - Initializing
03:19:46.260 [main] DEBUG org.eclipse.jetty.util.component.ContainerLifeCycle - HttpConnectionFactory@c4ed84[HTTP/1.1] added {HttpConfiguration@189aa67a{32768/8192,8192/8192,https://:0,[]},POJO}
03:19:46.260 [main] DEBUG org.eclipse.jetty.util.component.ContainerLifeCycle - ServerConnector@5a9d6f02{null, ()}{0.0.0.0:0} added {Server@5f9678e1{STOPPED}[9.4.44.v20210927],UNMANAGED}
03:19:46.260 [main] DEBUG org.eclipse.jetty.util.component.ContainerLifeCycle - ServerConnector@5a9d6f02{null, ()}{0.0.0.0:0} added {QueuedThreadPool[qtp1449772539]@5669c5fb{STOPPED,8<=0<=200,i=0,r=-1,q=0}[NO_TRY],AUTO}
03:19:46.260 [main] DEBUG org.eclipse.jetty.util.component.ContainerLifeCycle - ServerConnector@5a9d6f02{null, ()}{0.0.0.0:0} added {ScheduledExecutorScheduler@362045c0{STOPPED},AUTO}
03:19:46.260 [main] DEBUG org.eclipse.jetty.util.component.ContainerLifeCycle - ServerConnector@5a9d6f02{null, ()}{0.0.0.0:0} added {org.eclipse.jetty.io.ArrayByteBufferPool@112f364d,POJO}
03:19:46.260 [main] DEBUG org.eclipse.jetty.util.component.ContainerLifeCycle - ServerConnector@5a9d6f02{null, (http/1.1)}{0.0.0.0:0} added {HttpConnectionFactory@c4ed84[HTTP/1.1],AUTO}
03:19:46.261 [main] DEBUG org.eclipse.jetty.server.AbstractConnector - ServerConnector@5a9d6f02{HTTP/1.1, (http/1.1)}{0.0.0.0:0} added HttpConnectionFactory@c4ed84[HTTP/1.1]
03:19:46.261 [main] DEBUG org.eclipse.jetty.util.component.ContainerLifeCycle - ServerConnector@5a9d6f02{HTTP/1.1, (http/1.1)}{0.0.0.0:0} added {SelectorManager@ServerConnector@5a9d6f02{HTTP/1.1, (http/1.1)}{0.0.0.0:0},MANAGED}
03:19:46.261 [main] DEBUG org.eclipse.jetty.util.component.ContainerLifeCycle - Server@5f9678e1{STOPPED}[9.4.44.v20210927] added {ServerConnector@5a9d6f02{HTTP/1.1, (http/1.1)}{localhost:0},AUTO}
03:19:46.261 [main] INFO org.apache.nifi.minifi.bootstrap.configuration.ingestors.RestChangeIngestor - Added an http connector on the host 'localhost' and port '0'
03:19:46.261 [main] DEBUG org.eclipse.jetty.util.component.ContainerLifeCycle - HandlerCollection@5ccbeb64{STOPPED} added {JettyHandler@6d9f7a80{STOPPED},AUTO}
03:19:46.261 [main] DEBUG org.eclipse.jetty.util.component.ContainerLifeCycle - Server@5f9678e1{STOPPED}[9.4.44.v20210927] added {HandlerCollection@5ccbeb64{STOPPED},MANAGED}
03:19:46.261 [main] DEBUG org.eclipse.jetty.util.component.AbstractLifeCycle - starting Server@5f9678e1{STOPPED}[9.4.44.v20210927]
03:19:46.261 [main] DEBUG org.eclipse.jetty.util.component.ContainerLifeCycle - Server@5f9678e1{STARTING}[9.4.44.v20210927] added {ErrorHandler@59252cb6{STOPPED},AUTO}
03:19:46.261 [main] INFO org.eclipse.jetty.server.Server - jetty-9.4.44.v20210927; built: 2021-09-27T23:02:44.612Z; git: 8da83308eeca865e495e53ef315a249d63ba9332; jvm 1.8.0_402-8u402-ga-2ubuntu1~22.04-b06
03:19:46.261 [main] DEBUG org.eclipse.jetty.server.handler.AbstractHandler - starting Server@5f9678e1{STARTING}[9.4.44.v20210927]
03:19:46.262 [main] DEBUG org.eclipse.jetty.util.component.AbstractLifeCycle - starting QueuedThreadPool[qtp1449772539]@5669c5fb{STOPPED,8<=0<=200,i=0,r=-1,q=0}[NO_TRY]
03:19:46.262 [main] DEBUG org.eclipse.jetty.util.thread.ReservedThreadExecutor - ReservedThreadExecutor@31d0e481{reserved=0/8,pending=0}
03:19:46.262 [main] DEBUG org.eclipse.jetty.util.component.ContainerLifeCycle - QueuedThreadPool[qtp1449772539]@5669c5fb{STARTING,8<=0<=200,i=0,r=-1,q=0}[ReservedThreadExecutor@31d0e481{reserved=0/8,pending=0}] added {ReservedThreadExecutor@31d0e481{reserved=0/8,pending=0},AUTO}
03:19:46.262 [main] DEBUG org.eclipse.jetty.util.component.AbstractLifeCycle - starting ReservedThreadExecutor@31d0e481{reserved=0/8,pending=0}
03:19:46.262 [main] DEBUG org.eclipse.jetty.util.component.AbstractLifeCycle - STARTED @2627ms ReservedThreadExecutor@31d0e481{reserved=0/8,pending=0}
03:19:46.262 [main] DEBUG org.eclipse.jetty.util.thread.QueuedThreadPool - Starting Thread[qtp1449772539-35,5,main]
03:19:46.262 [main] DEBUG org.eclipse.jetty.util.thread.QueuedThreadPool - Starting Thread[qtp1449772539-36,5,main]
03:19:46.262 [main] DEBUG org.eclipse.jetty.util.thread.QueuedThreadPool - Starting Thread[qtp1449772539-37,5,main]
03:19:46.262 [qtp1449772539-35] DEBUG org.eclipse.jetty.util.thread.QueuedThreadPool - Runner started for QueuedThreadPool[qtp1449772539]@5669c5fb{STARTING,8<=2<=200,i=2,r=-1,q=0}[ReservedThreadExecutor@31d0e481{reserved=0/8,pending=0}]
03:19:46.262 [qtp1449772539-36] DEBUG org.eclipse.jetty.util.thread.QueuedThreadPool - Runner started for QueuedThreadPool[qtp1449772539]@5669c5fb{STARTING,8<=3<=200,i=3,r=-1,q=0}[ReservedThreadExecutor@31d0e481{reserved=0/8,pending=0}]
03:19:46.262 [main] DEBUG org.eclipse.jetty.util.thread.QueuedThreadPool - Starting Thread[qtp1449772539-38,5,main]
03:19:46.262 [main] DEBUG org.eclipse.jetty.util.thread.QueuedThreadPool - Starting Thread[qtp1449772539-39,5,main]
03:19:46.262 [qtp1449772539-37] DEBUG org.eclipse.jetty.util.thread.QueuedThreadPool - Runner started for QueuedThreadPool[qtp1449772539]@5669c5fb{STARTING,8<=5<=200,i=5,r=-1,q=0}[ReservedThreadExecutor@31d0e481{reserved=0/8,pending=0}]
03:19:46.262 [qtp1449772539-38] DEBUG org.eclipse.jetty.util.thread.QueuedThreadPool - Runner started for QueuedThreadPool[qtp1449772539]@5669c5fb{STARTING,8<=5<=200,i=5,r=-1,q=0}[ReservedThreadExecutor@31d0e481{reserved=0/8,pending=0}]
03:19:46.263 [main] DEBUG org.eclipse.jetty.util.thread.QueuedThreadPool - Starting Thread[qtp1449772539-40,5,main]
03:19:46.263 [qtp1449772539-39] DEBUG org.eclipse.jetty.util.thread.QueuedThreadPool - Runner started for QueuedThreadPool[qtp1449772539]@5669c5fb{STARTING,8<=6<=200,i=6,r=-1,q=0}[ReservedThreadExecutor@31d0e481{reserved=0/8,pending=0}]
03:19:46.263 [main] DEBUG org.eclipse.jetty.util.thread.QueuedThreadPool - Starting Thread[qtp1449772539-41,5,main]
03:19:46.263 [qtp1449772539-40] DEBUG org.eclipse.jetty.util.thread.QueuedThreadPool - Runner started for QueuedThreadPool[qtp1449772539]@5669c5fb{STARTING,8<=7<=200,i=7,r=-1,q=0}[ReservedThreadExecutor@31d0e481{reserved=0/8,pending=0}]
03:19:46.263 [main] DEBUG org.eclipse.jetty.util.thread.QueuedThreadPool - Starting Thread[qtp1449772539-42,5,main]
03:19:46.263 [qtp1449772539-41] DEBUG org.eclipse.jetty.util.thread.QueuedThreadPool - Runner started for QueuedThreadPool[qtp1449772539]@5669c5fb{STARTING,8<=8<=200,i=8,r=-1,q=0}[ReservedThreadExecutor@31d0e481{reserved=0/8,pending=0}]
03:19:46.263 [main] DEBUG org.eclipse.jetty.util.component.AbstractLifeCycle - STARTED @2629ms QueuedThreadPool[qtp1449772539]@5669c5fb{STARTED,8<=8<=200,i=8,r=-1,q=0}[ReservedThreadExecutor@31d0e481{reserved=0/8,pending=0}]
03:19:46.264 [main] DEBUG org.eclipse.jetty.util.component.AbstractLifeCycle - starting HandlerCollection@5ccbeb64{STOPPED}
03:19:46.264 [qtp1449772539-42] DEBUG org.eclipse.jetty.util.thread.QueuedThreadPool - Runner started for QueuedThreadPool[qtp1449772539]@5669c5fb{STARTED,8<=8<=200,i=8,r=-1,q=0}[ReservedThreadExecutor@31d0e481{reserved=0/8,pending=0}]
03:19:46.264 [main] DEBUG org.eclipse.jetty.server.handler.AbstractHandler - starting HandlerCollection@5ccbeb64{STARTING}
03:19:46.264 [main] DEBUG org.eclipse.jetty.util.component.AbstractLifeCycle - starting JettyHandler@6d9f7a80{STOPPED}
03:19:46.264 [main] DEBUG org.eclipse.jetty.server.handler.AbstractHandler - starting JettyHandler@6d9f7a80{STARTING}
03:19:46.264 [main] DEBUG org.eclipse.jetty.util.component.AbstractLifeCycle - STARTED @2629ms JettyHandler@6d9f7a80{STARTED}
03:19:46.264 [main] DEBUG org.eclipse.jetty.util.component.AbstractLifeCycle - STARTED @2629ms HandlerCollection@5ccbeb64{STARTED}
03:19:46.264 [main] DEBUG org.eclipse.jetty.util.component.AbstractLifeCycle - starting ErrorHandler@59252cb6{STOPPED}
03:19:46.264 [main] DEBUG org.eclipse.jetty.server.handler.AbstractHandler - starting ErrorHandler@59252cb6{STARTING}
03:19:46.264 [main] DEBUG org.eclipse.jetty.util.component.AbstractLifeCycle - STARTED @2629ms ErrorHandler@59252cb6{STARTED}
03:19:46.264 [main] DEBUG org.eclipse.jetty.util.component.AbstractLifeCycle - starting ServerConnector@5a9d6f02{HTTP/1.1, (http/1.1)}{localhost:0}
03:19:46.264 [main] DEBUG org.eclipse.jetty.util.component.ContainerLifeCycle - ServerConnector@5a9d6f02{HTTP/1.1, (http/1.1)}{localhost:41305} added {sun.nio.ch.ServerSocketChannelImpl[/127.0.0.1:41305],POJO}
03:19:46.264 [main] DEBUG org.eclipse.jetty.util.component.AbstractLifeCycle - starting ScheduledExecutorScheduler@362045c0{STOPPED}
03:19:46.264 [main] DEBUG org.eclipse.jetty.util.component.AbstractLifeCycle - STARTED @2630ms ScheduledExecutorScheduler@362045c0{STARTED}
03:19:46.264 [main] DEBUG org.eclipse.jetty.util.component.AbstractLifeCycle - starting HttpConnectionFactory@c4ed84[HTTP/1.1]
03:19:46.264 [main] DEBUG org.eclipse.jetty.util.component.AbstractLifeCycle - STARTED @2630ms HttpConnectionFactory@c4ed84[HTTP/1.1]
03:19:46.264 [main] DEBUG org.eclipse.jetty.util.component.AbstractLifeCycle - starting SelectorManager@ServerConnector@5a9d6f02{HTTP/1.1, (http/1.1)}{localhost:41305}
03:19:46.264 [main] DEBUG org.eclipse.jetty.util.component.ContainerLifeCycle - EatWhatYouKill@3016fd5e/SelectorProducer@35d08e6c/IDLE/p=false/QueuedThreadPool[qtp1449772539]@5669c5fb{STARTED,8<=8<=200,i=8,r=-1,q=0}[ReservedThreadExecutor@31d0e481{reserved=0/8,pending=0}][pc=0,pic=0,pec=0,epc=0]@2024-05-02T03:19:46.264+01:00 added {SelectorProducer@35d08e6c,POJO}
03:19:46.264 [main] DEBUG org.eclipse.jetty.util.component.ContainerLifeCycle - EatWhatYouKill@3016fd5e/SelectorProducer@35d08e6c/IDLE/p=false/QueuedThreadPool[qtp1449772539]@5669c5fb{STARTED,8<=8<=200,i=8,r=-1,q=0}[ReservedThreadExecutor@31d0e481{reserved=0/8,pending=0}][pc=0,pic=0,pec=0,epc=0]@2024-05-02T03:19:46.264+01:00 added {QueuedThreadPool[qtp1449772539]@5669c5fb{STARTED,8<=8<=200,i=8,r=-1,q=0}[ReservedThreadExecutor@31d0e481{reserved=0/8,pending=0}],UNMANAGED}
03:19:46.265 [main] DEBUG org.eclipse.jetty.util.thread.strategy.EatWhatYouKill - EatWhatYouKill@3016fd5e/SelectorProducer@35d08e6c/IDLE/p=false/QueuedThreadPool[qtp1449772539]@5669c5fb{STARTED,8<=8<=200,i=8,r=-1,q=0}[ReservedThreadExecutor@31d0e481{reserved=0/8,pending=0}][pc=0,pic=0,pec=0,epc=0]@2024-05-02T03:19:46.265+01:00 created
03:19:46.265 [main] DEBUG org.eclipse.jetty.util.component.ContainerLifeCycle - ManagedSelector@53d102a2{STOPPED} id=0 keys=-1 selected=-1 updates=0 added {EatWhatYouKill@3016fd5e/SelectorProducer@35d08e6c/IDLE/p=false/QueuedThreadPool[qtp1449772539]@5669c5fb{STARTED,8<=8<=200,i=8,r=-1,q=0}[ReservedThreadExecutor@31d0e481{reserved=0/8,pending=0}][pc=0,pic=0,pec=0,epc=0]@2024-05-02T03:19:46.265+01:00,MANAGED}
03:19:46.265 [main] DEBUG org.eclipse.jetty.util.component.ContainerLifeCycle - SelectorManager@ServerConnector@5a9d6f02{HTTP/1.1, (http/1.1)}{localhost:41305} added {ManagedSelector@53d102a2{STOPPED} id=0 keys=-1 selected=-1 updates=0,AUTO}
03:19:46.265 [main] DEBUG org.eclipse.jetty.util.component.ContainerLifeCycle - EatWhatYouKill@6c45ee6e/SelectorProducer@6b3e12b5/IDLE/p=false/QueuedThreadPool[qtp1449772539]@5669c5fb{STARTED,8<=8<=200,i=8,r=-1,q=0}[ReservedThreadExecutor@31d0e481{reserved=0/8,pending=0}][pc=0,pic=0,pec=0,epc=0]@2024-05-02T03:19:46.265+01:00 added {SelectorProducer@6b3e12b5,POJO}
03:19:46.265 [main] DEBUG org.eclipse.jetty.util.component.ContainerLifeCycle - EatWhatYouKill@6c45ee6e/SelectorProducer@6b3e12b5/IDLE/p=false/QueuedThreadPool[qtp1449772539]@5669c5fb{STARTED,8<=8<=200,i=8,r=-1,q=0}[ReservedThreadExecutor@31d0e481{reserved=0/8,pending=0}][pc=0,pic=0,pec=0,epc=0]@2024-05-02T03:19:46.265+01:00 added {QueuedThreadPool[qtp1449772539]@5669c5fb{STARTED,8<=8<=200,i=8,r=-1,q=0}[ReservedThreadExecutor@31d0e481{reserved=0/8,pending=0}],UNMANAGED}
03:19:46.265 [main] DEBUG org.eclipse.jetty.util.thread.strategy.EatWhatYouKill - EatWhatYouKill@6c45ee6e/SelectorProducer@6b3e12b5/IDLE/p=false/QueuedThreadPool[qtp1449772539]@5669c5fb{STARTED,8<=8<=200,i=8,r=-1,q=0}[ReservedThreadExecutor@31d0e481{reserved=0/8,pending=0}][pc=0,pic=0,pec=0,epc=0]@2024-05-02T03:19:46.265+01:00 created
03:19:46.265 [main] DEBUG org.eclipse.jetty.util.component.ContainerLifeCycle - ManagedSelector@5aac4250{STOPPED} id=1 keys=-1 selected=-1 updates=0 added {EatWhatYouKill@6c45ee6e/SelectorProducer@6b3e12b5/IDLE/p=false/QueuedThreadPool[qtp1449772539]@5669c5fb{STARTED,8<=8<=200,i=8,r=-1,q=0}[ReservedThreadExecutor@31d0e481{reserved=0/8,pending=0}][pc=0,pic=0,pec=0,epc=0]@2024-05-02T03:19:46.265+01:00,MANAGED}
03:19:46.266 [main] DEBUG org.eclipse.jetty.util.component.ContainerLifeCycle - SelectorManager@ServerConnector@5a9d6f02{HTTP/1.1, (http/1.1)}{localhost:41305} added {ManagedSelector@5aac4250{STOPPED} id=1 keys=-1 selected=-1 updates=0,AUTO}
03:19:46.266 [main] DEBUG org.eclipse.jetty.util.component.ContainerLifeCycle - EatWhatYouKill@1338fb5/SelectorProducer@42463763/IDLE/p=false/QueuedThreadPool[qtp1449772539]@5669c5fb{STARTED,8<=8<=200,i=8,r=-1,q=0}[ReservedThreadExecutor@31d0e481{reserved=0/8,pending=0}][pc=0,pic=0,pec=0,epc=0]@2024-05-02T03:19:46.266+01:00 added {SelectorProducer@42463763,POJO}
03:19:46.266 [main] DEBUG org.eclipse.jetty.util.component.ContainerLifeCycle - EatWhatYouKill@1338fb5/SelectorProducer@42463763/IDLE/p=false/QueuedThreadPool[qtp1449772539]@5669c5fb{STARTED,8<=8<=200,i=8,r=-1,q=0}[ReservedThreadExecutor@31d0e481{reserved=0/8,pending=0}][pc=0,pic=0,pec=0,epc=0]@2024-05-02T03:19:46.266+01:00 added {QueuedThreadPool[qtp1449772539]@5669c5fb{STARTED,8<=8<=200,i=8,r=-1,q=0}[ReservedThreadExecutor@31d0e481{reserved=0/8,pending=0}],UNMANAGED}
03:19:46.266 [main] DEBUG org.eclipse.jetty.util.thread.strategy.EatWhatYouKill - EatWhatYouKill@1338fb5/SelectorProducer@42463763/IDLE/p=false/QueuedThreadPool[qtp1449772539]@5669c5fb{STARTED,8<=8<=200,i=8,r=-1,q=0}[ReservedThreadExecutor@31d0e481{reserved=0/8,pending=0}][pc=0,pic=0,pec=0,epc=0]@2024-05-02T03:19:46.266+01:00 created
03:19:46.266 [main] DEBUG org.eclipse.jetty.util.component.ContainerLifeCycle - ManagedSelector@59f63e24{STOPPED} id=2 keys=-1 selected=-1 updates=0 added {EatWhatYouKill@1338fb5/SelectorProducer@42463763/IDLE/p=false/QueuedThreadPool[qtp1449772539]@5669c5fb{STARTED,8<=8<=200,i=8,r=-1,q=0}[ReservedThreadExecutor@31d0e481{reserved=0/8,pending=0}][pc=0,pic=0,pec=0,epc=0]@2024-05-02T03:19:46.266+01:00,MANAGED}
03:19:46.266 [main] DEBUG org.eclipse.jetty.util.component.ContainerLifeCycle - SelectorManager@ServerConnector@5a9d6f02{HTTP/1.1, (http/1.1)}{localhost:41305} added {ManagedSelector@59f63e24{STOPPED} id=2 keys=-1 selected=-1 updates=0,AUTO}
03:19:46.266 [main] DEBUG org.eclipse.jetty.util.component.ContainerLifeCycle - EatWhatYouKill@61f05988/SelectorProducer@7ca33c24/IDLE/p=false/QueuedThreadPool[qtp1449772539]@5669c5fb{STARTED,8<=8<=200,i=8,r=-1,q=0}[ReservedThreadExecutor@31d0e481{reserved=0/8,pending=0}][pc=0,pic=0,pec=0,epc=0]@2024-05-02T03:19:46.266+01:00 added {SelectorProducer@7ca33c24,POJO}
03:19:46.266 [main] DEBUG org.eclipse.jetty.util.component.ContainerLifeCycle - EatWhatYouKill@61f05988/SelectorProducer@7ca33c24/IDLE/p=false/QueuedThreadPool[qtp1449772539]@5669c5fb{STARTED,8<=8<=200,i=8,r=-1,q=0}[ReservedThreadExecutor@31d0e481{reserved=0/8,pending=0}][pc=0,pic=0,pec=0,epc=0]@2024-05-02T03:19:46.266+01:00 added {QueuedThreadPool[qtp1449772539]@5669c5fb{STARTED,8<=8<=200,i=8,r=-1,q=0}[ReservedThreadExecutor@31d0e481{reserved=0/8,pending=0}],UNMANAGED}
03:19:46.267 [main] DEBUG org.eclipse.jetty.util.thread.strategy.EatWhatYouKill - EatWhatYouKill@61f05988/SelectorProducer@7ca33c24/IDLE/p=false/QueuedThreadPool[qtp1449772539]@5669c5fb{STARTED,8<=8<=200,i=8,r=-1,q=0}[ReservedThreadExecutor@31d0e481{reserved=0/8,pending=0}][pc=0,pic=0,pec=0,epc=0]@2024-05-02T03:19:46.266+01:00 created
03:19:46.267 [main] DEBUG org.eclipse.jetty.util.component.ContainerLifeCycle - ManagedSelector@fade1fc{STOPPED} id=3 keys=-1 selected=-1 updates=0 added {EatWhatYouKill@61f05988/SelectorProducer@7ca33c24/IDLE/p=false/QueuedThreadPool[qtp1449772539]@5669c5fb{STARTED,8<=8<=200,i=8,r=-1,q=0}[ReservedThreadExecutor@31d0e481{reserved=0/8,pending=0}][pc=0,pic=0,pec=0,epc=0]@2024-05-02T03:19:46.267+01:00,MANAGED}
03:19:46.267 [main] DEBUG org.eclipse.jetty.util.component.ContainerLifeCycle - SelectorManager@ServerConnector@5a9d6f02{HTTP/1.1, (http/1.1)}{localhost:41305} added {ManagedSelector@fade1fc{STOPPED} id=3 keys=-1 selected=-1 updates=0,AUTO}
03:19:46.267 [main] DEBUG org.eclipse.jetty.util.component.AbstractLifeCycle - starting ManagedSelector@53d102a2{STOPPED} id=0 keys=-1 selected=-1 updates=0
03:19:46.267 [main] DEBUG org.eclipse.jetty.util.component.AbstractLifeCycle - starting EatWhatYouKill@3016fd5e/SelectorProducer@35d08e6c/IDLE/p=false/QueuedThreadPool[qtp1449772539]@5669c5fb{STARTED,8<=8<=200,i=8,r=-1,q=0}[ReservedThreadExecutor@31d0e481{reserved=0/8,pending=0}][pc=0,pic=0,pec=0,epc=0]@2024-05-02T03:19:46.267+01:00
03:19:46.267 [main] DEBUG org.eclipse.jetty.util.component.AbstractLifeCycle - STARTED @2633ms EatWhatYouKill@3016fd5e/SelectorProducer@35d08e6c/IDLE/p=false/QueuedThreadPool[qtp1449772539]@5669c5fb{STARTED,8<=8<=200,i=8,r=-1,q=0}[ReservedThreadExecutor@31d0e481{reserved=0/8,pending=0}][pc=0,pic=0,pec=0,epc=0]@2024-05-02T03:19:46.267+01:00
03:19:46.267 [main] DEBUG org.eclipse.jetty.util.thread.QueuedThreadPool - queue org.eclipse.jetty.io.ManagedSelector$$Lambda$253/838473569@67c2e933 startThread=0
03:19:46.267 [main] DEBUG org.eclipse.jetty.io.ManagedSelector - Queued change lazy=false org.eclipse.jetty.io.ManagedSelector$Start@41dd05a on ManagedSelector@53d102a2{STARTING} id=0 keys=0 selected=0 updates=0
03:19:46.267 [qtp1449772539-35] DEBUG org.eclipse.jetty.util.thread.QueuedThreadPool - run org.eclipse.jetty.io.ManagedSelector$$Lambda$253/838473569@67c2e933 in QueuedThreadPool[qtp1449772539]@5669c5fb{STARTED,8<=8<=200,i=7,r=-1,q=0}[ReservedThreadExecutor@31d0e481{reserved=0/8,pending=0}]
03:19:46.267 [qtp1449772539-35] DEBUG org.eclipse.jetty.util.thread.strategy.EatWhatYouKill - EatWhatYouKill@3016fd5e/SelectorProducer@35d08e6c/IDLE/p=false/QueuedThreadPool[qtp1449772539]@5669c5fb{STARTED,8<=8<=200,i=7,r=-1,q=0}[ReservedThreadExecutor@31d0e481{reserved=0/8,pending=0}][pc=0,pic=0,pec=0,epc=0]@2024-05-02T03:19:46.267+01:00 tryProduce false
03:19:46.267 [qtp1449772539-35] DEBUG org.eclipse.jetty.io.ManagedSelector - updateable 1
03:19:46.267 [qtp1449772539-35] DEBUG org.eclipse.jetty.io.ManagedSelector - update org.eclipse.jetty.io.ManagedSelector$Start@41dd05a
03:19:46.267 [qtp1449772539-35] DEBUG org.eclipse.jetty.io.ManagedSelector - updates 0
03:19:46.267 [qtp1449772539-35] DEBUG org.eclipse.jetty.io.ManagedSelector - Selector sun.nio.ch.EPollSelectorImpl@5c64f2b2 waiting with 0 keys
03:19:46.267 [main] DEBUG org.eclipse.jetty.util.component.AbstractLifeCycle - STARTED @2633ms ManagedSelector@53d102a2{STARTED} id=0 keys=0 selected=0 updates=0
03:19:46.268 [main] DEBUG org.eclipse.jetty.util.component.AbstractLifeCycle - starting ManagedSelector@5aac4250{STOPPED} id=1 keys=-1 selected=-1 updates=0
03:19:46.268 [main] DEBUG org.eclipse.jetty.util.component.AbstractLifeCycle - starting EatWhatYouKill@6c45ee6e/SelectorProducer@6b3e12b5/IDLE/p=false/QueuedThreadPool[qtp1449772539]@5669c5fb{STARTED,8<=8<=200,i=7,r=-1,q=0}[ReservedThreadExecutor@31d0e481{reserved=0/8,pending=0}][pc=0,pic=0,pec=0,epc=0]@2024-05-02T03:19:46.268+01:00
03:19:46.268 [main] DEBUG org.eclipse.jetty.util.component.AbstractLifeCycle - STARTED @2633ms EatWhatYouKill@6c45ee6e/SelectorProducer@6b3e12b5/IDLE/p=false/QueuedThreadPool[qtp1449772539]@5669c5fb{STARTED,8<=8<=200,i=7,r=-1,q=0}[ReservedThreadExecutor@31d0e481{reserved=0/8,pending=0}][pc=0,pic=0,pec=0,epc=0]@2024-05-02T03:19:46.268+01:00
03:19:46.268 [main] DEBUG org.eclipse.jetty.util.thread.QueuedThreadPool - queue org.eclipse.jetty.io.ManagedSelector$$Lambda$253/838473569@613a8ee1 startThread=0
03:19:46.268 [main] DEBUG org.eclipse.jetty.io.ManagedSelector - Queued change lazy=false org.eclipse.jetty.io.ManagedSelector$Start@178213b on ManagedSelector@5aac4250{STARTING} id=1 keys=0 selected=0 updates=0
03:19:46.268 [qtp1449772539-36] DEBUG org.eclipse.jetty.util.thread.QueuedThreadPool - run org.eclipse.jetty.io.ManagedSelector$$Lambda$253/838473569@613a8ee1 in QueuedThreadPool[qtp1449772539]@5669c5fb{STARTED,8<=8<=200,i=6,r=-1,q=0}[ReservedThreadExecutor@31d0e481{reserved=0/8,pending=0}]
03:19:46.268 [qtp1449772539-36] DEBUG org.eclipse.jetty.util.thread.strategy.EatWhatYouKill - EatWhatYouKill@6c45ee6e/SelectorProducer@6b3e12b5/IDLE/p=false/QueuedThreadPool[qtp1449772539]@5669c5fb{STARTED,8<=8<=200,i=6,r=-1,q=0}[ReservedThreadExecutor@31d0e481{reserved=0/8,pending=0}][pc=0,pic=0,pec=0,epc=0]@2024-05-02T03:19:46.268+01:00 tryProduce false
03:19:46.268 [qtp1449772539-36] DEBUG org.eclipse.jetty.io.ManagedSelector - updateable 1
03:19:46.268 [qtp1449772539-36] DEBUG org.eclipse.jetty.io.ManagedSelector - update org.eclipse.jetty.io.ManagedSelector$Start@178213b
03:19:46.268 [main] DEBUG org.eclipse.jetty.util.component.AbstractLifeCycle - STARTED @2634ms ManagedSelector@5aac4250{STARTED} id=1 keys=0 selected=0 updates=0
03:19:46.268 [main] DEBUG org.eclipse.jetty.util.component.AbstractLifeCycle - starting ManagedSelector@59f63e24{STOPPED} id=2 keys=-1 selected=-1 updates=0
03:19:46.268 [main] DEBUG org.eclipse.jetty.util.component.AbstractLifeCycle - starting EatWhatYouKill@1338fb5/SelectorProducer@42463763/IDLE/p=false/QueuedThreadPool[qtp1449772539]@5669c5fb{STARTED,8<=8<=200,i=6,r=-1,q=0}[ReservedThreadExecutor@31d0e481{reserved=0/8,pending=0}][pc=0,pic=0,pec=0,epc=0]@2024-05-02T03:19:46.268+01:00
03:19:46.268 [main] DEBUG org.eclipse.jetty.util.component.AbstractLifeCycle - STARTED @2634ms EatWhatYouKill@1338fb5/SelectorProducer@42463763/IDLE/p=false/QueuedThreadPool[qtp1449772539]@5669c5fb{STARTED,8<=8<=200,i=6,r=-1,q=0}[ReservedThreadExecutor@31d0e481{reserved=0/8,pending=0}][pc=0,pic=0,pec=0,epc=0]@2024-05-02T03:19:46.268+01:00
03:19:46.268 [main] DEBUG org.eclipse.jetty.util.thread.QueuedThreadPool - queue org.eclipse.jetty.io.ManagedSelector$$Lambda$253/838473569@7103cb56 startThread=0
03:19:46.268 [main] DEBUG org.eclipse.jetty.io.ManagedSelector - Queued change lazy=false org.eclipse.jetty.io.ManagedSelector$Start@1b765a2c on ManagedSelector@59f63e24{STARTING} id=2 keys=0 selected=0 updates=0
03:19:46.268 [qtp1449772539-36] DEBUG org.eclipse.jetty.io.ManagedSelector - updates 0
03:19:46.268 [qtp1449772539-36] DEBUG org.eclipse.jetty.io.ManagedSelector - Selector sun.nio.ch.EPollSelectorImpl@2c460550 waiting with 0 keys
03:19:46.268 [qtp1449772539-37] DEBUG org.eclipse.jetty.util.thread.QueuedThreadPool - run org.eclipse.jetty.io.ManagedSelector$$Lambda$253/838473569@7103cb56 in QueuedThreadPool[qtp1449772539]@5669c5fb{STARTED,8<=8<=200,i=5,r=-1,q=0}[ReservedThreadExecutor@31d0e481{reserved=0/8,pending=0}]
03:19:46.268 [qtp1449772539-37] DEBUG org.eclipse.jetty.util.thread.strategy.EatWhatYouKill - EatWhatYouKill@1338fb5/SelectorProducer@42463763/IDLE/p=false/QueuedThreadPool[qtp1449772539]@5669c5fb{STARTED,8<=8<=200,i=5,r=-1,q=0}[ReservedThreadExecutor@31d0e481{reserved=0/8,pending=0}][pc=0,pic=0,pec=0,epc=0]@2024-05-02T03:19:46.268+01:00 tryProduce false
03:19:46.268 [qtp1449772539-37] DEBUG org.eclipse.jetty.io.ManagedSelector - updateable 1
03:19:46.268 [qtp1449772539-37] DEBUG org.eclipse.jetty.io.ManagedSelector - update org.eclipse.jetty.io.ManagedSelector$Start@1b765a2c
03:19:46.269 [qtp1449772539-37] DEBUG org.eclipse.jetty.io.ManagedSelector - updates 0
03:19:46.269 [main] DEBUG org.eclipse.jetty.util.component.AbstractLifeCycle - STARTED @2634ms ManagedSelector@59f63e24{STARTED} id=2 keys=0 selected=0 updates=0
03:19:46.269 [qtp1449772539-37] DEBUG org.eclipse.jetty.io.ManagedSelector - Selector sun.nio.ch.EPollSelectorImpl@bd87ea9 waiting with 0 keys
03:19:46.269 [main] DEBUG org.eclipse.jetty.util.component.AbstractLifeCycle - starting ManagedSelector@fade1fc{STOPPED} id=3 keys=-1 selected=-1 updates=0
03:19:46.269 [main] DEBUG org.eclipse.jetty.util.component.AbstractLifeCycle - starting EatWhatYouKill@61f05988/SelectorProducer@7ca33c24/IDLE/p=false/QueuedThreadPool[qtp1449772539]@5669c5fb{STARTED,8<=8<=200,i=5,r=-1,q=0}[ReservedThreadExecutor@31d0e481{reserved=0/8,pending=0}][pc=0,pic=0,pec=0,epc=0]@2024-05-02T03:19:46.269+01:00
03:19:46.269 [main] DEBUG org.eclipse.jetty.util.component.AbstractLifeCycle - STARTED @2634ms EatWhatYouKill@61f05988/SelectorProducer@7ca33c24/IDLE/p=false/QueuedThreadPool[qtp1449772539]@5669c5fb{STARTED,8<=8<=200,i=5,r=-1,q=0}[ReservedThreadExecutor@31d0e481{reserved=0/8,pending=0}][pc=0,pic=0,pec=0,epc=0]@2024-05-02T03:19:46.269+01:00
03:19:46.269 [main] DEBUG org.eclipse.jetty.util.thread.QueuedThreadPool - queue org.eclipse.jetty.io.ManagedSelector$$Lambda$253/838473569@2e8e8225 startThread=0
03:19:46.269 [main] DEBUG org.eclipse.jetty.io.ManagedSelector - Queued change lazy=false org.eclipse.jetty.io.ManagedSelector$Start@6ebf0f36 on ManagedSelector@fade1fc{STARTING} id=3 keys=0 selected=0 updates=0
03:19:46.269 [qtp1449772539-38] DEBUG org.eclipse.jetty.util.thread.QueuedThreadPool - run org.eclipse.jetty.io.ManagedSelector$$Lambda$253/838473569@2e8e8225 in QueuedThreadPool[qtp1449772539]@5669c5fb{STARTED,8<=8<=200,i=4,r=-1,q=0}[ReservedThreadExecutor@31d0e481{reserved=0/8,pending=0}]
03:19:46.269 [qtp1449772539-38] DEBUG org.eclipse.jetty.util.thread.strategy.EatWhatYouKill - EatWhatYouKill@61f05988/SelectorProducer@7ca33c24/IDLE/p=false/QueuedThreadPool[qtp1449772539]@5669c5fb{STARTED,8<=8<=200,i=4,r=-1,q=0}[ReservedThreadExecutor@31d0e481{reserved=0/8,pending=0}][pc=0,pic=0,pec=0,epc=0]@2024-05-02T03:19:46.269+01:00 tryProduce false
03:19:46.269 [qtp1449772539-38] DEBUG org.eclipse.jetty.io.ManagedSelector - updateable 1
03:19:46.269 [qtp1449772539-38] DEBUG org.eclipse.jetty.io.ManagedSelector - update org.eclipse.jetty.io.ManagedSelector$Start@6ebf0f36
03:19:46.269 [qtp1449772539-38] DEBUG org.eclipse.jetty.io.ManagedSelector - updates 0
03:19:46.269 [qtp1449772539-38] DEBUG org.eclipse.jetty.io.ManagedSelector - Selector sun.nio.ch.EPollSelectorImpl@5436a02f waiting with 0 keys
03:19:46.269 [main] DEBUG org.eclipse.jetty.util.component.AbstractLifeCycle - STARTED @2635ms ManagedSelector@fade1fc{STARTED} id=3 keys=0 selected=0 updates=0
03:19:46.269 [main] DEBUG org.eclipse.jetty.util.component.AbstractLifeCycle - STARTED @2635ms SelectorManager@ServerConnector@5a9d6f02{HTTP/1.1, (http/1.1)}{localhost:41305}
03:19:46.269 [main] DEBUG org.eclipse.jetty.util.component.ContainerLifeCycle - ServerConnector@5a9d6f02{HTTP/1.1, (http/1.1)}{localhost:41305} added {acceptor-0@18920cc,POJO}
03:19:46.269 [main] DEBUG org.eclipse.jetty.util.thread.QueuedThreadPool - queue acceptor-0@18920cc startThread=0
03:19:46.269 [main] INFO org.eclipse.jetty.server.AbstractConnector - Started ServerConnector@5a9d6f02{HTTP/1.1, (http/1.1)}{localhost:41305}
03:19:46.269 [main] DEBUG org.eclipse.jetty.util.component.AbstractLifeCycle - STARTED @2635ms ServerConnector@5a9d6f02{HTTP/1.1, (http/1.1)}{localhost:41305}
03:19:46.269 [main] INFO org.eclipse.jetty.server.Server - Started @2635ms
03:19:46.269 [main] DEBUG org.eclipse.jetty.util.component.AbstractLifeCycle - STARTED @2635ms Server@5f9678e1{STARTED}[9.4.44.v20210927]
03:19:46.269 [main] INFO org.apache.nifi.minifi.bootstrap.configuration.ingestors.RestChangeIngestor - RestChangeIngester has started and is listening on port 41305.
03:19:46.270 [qtp1449772539-39] DEBUG org.eclipse.jetty.util.thread.QueuedThreadPool - run acceptor-0@18920cc in QueuedThreadPool[qtp1449772539]@5669c5fb{STARTED,8<=8<=200,i=3,r=-1,q=0}[ReservedThreadExecutor@31d0e481{reserved=0/8,pending=0}]
03:19:47.273 [qtp1449772539-39-acceptor-0@18920cc-ServerConnector@5a9d6f02{HTTP/1.1, (http/1.1)}{localhost:41305}] DEBUG org.eclipse.jetty.io.ManagedSelector - Queued change lazy=false Accept@533dc1d2[java.nio.channels.SocketChannel[connected local=/127.0.0.1:41305 remote=/127.0.0.1:50594]] on ManagedSelector@5aac4250{STARTED} id=1 keys=0 selected=0 updates=0
03:19:47.273 [qtp1449772539-39-acceptor-0@18920cc-ServerConnector@5a9d6f02{HTTP/1.1, (http/1.1)}{localhost:41305}] DEBUG org.eclipse.jetty.io.ManagedSelector - Wakeup on submit ManagedSelector@5aac4250{STARTED} id=1 keys=0 selected=0 updates=1
03:19:47.273 [qtp1449772539-36] DEBUG org.eclipse.jetty.io.ManagedSelector - Selector sun.nio.ch.EPollSelectorImpl@2c460550 woken with none selected
03:19:47.273 [qtp1449772539-36] DEBUG org.eclipse.jetty.io.ManagedSelector - Selector sun.nio.ch.EPollSelectorImpl@2c460550 woken up from select, 0/0/0 selected
03:19:47.273 [qtp1449772539-36] DEBUG org.eclipse.jetty.io.ManagedSelector - Selector sun.nio.ch.EPollSelectorImpl@2c460550 processing 0 keys, 1 updates
03:19:47.273 [qtp1449772539-36] DEBUG org.eclipse.jetty.io.ManagedSelector - updateable 1
03:19:47.273 [qtp1449772539-36] DEBUG org.eclipse.jetty.io.ManagedSelector - update Accept@533dc1d2[java.nio.channels.SocketChannel[connected local=/127.0.0.1:41305 remote=/127.0.0.1:50594]]
03:19:47.273 [qtp1449772539-36] DEBUG org.eclipse.jetty.util.thread.QueuedThreadPool - queue Accept@533dc1d2[java.nio.channels.SocketChannel[connected local=/127.0.0.1:41305 remote=/127.0.0.1:50594]] startThread=0
03:19:47.273 [qtp1449772539-36] DEBUG org.eclipse.jetty.io.ManagedSelector - updates 0
03:19:47.273 [qtp1449772539-36] DEBUG org.eclipse.jetty.io.ManagedSelector - Selector sun.nio.ch.EPollSelectorImpl@2c460550 waiting with 1 keys
03:19:47.273 [qtp1449772539-40] DEBUG org.eclipse.jetty.util.thread.QueuedThreadPool - run Accept@533dc1d2[java.nio.channels.SocketChannel[connected local=/127.0.0.1:41305 remote=/127.0.0.1:50594]] in QueuedThreadPool[qtp1449772539]@5669c5fb{STARTED,8<=8<=200,i=2,r=-1,q=0}[ReservedThreadExecutor@31d0e481{reserved=0/8,pending=0}]
03:19:47.273 [qtp1449772539-40] DEBUG org.eclipse.jetty.io.IdleTimeout - SocketChannelEndPoint@6c482127{l=/127.0.0.1:41305,r=/127.0.0.1:50594,OPEN,fill=-,flush=-,to=0/30000}{io=0/0,kio=0,kro=0}-><null> idle timeout check, elapsed: 0 ms, remaining: 30000 ms
03:19:47.274 [qtp1449772539-40] DEBUG org.eclipse.jetty.server.HttpChannel - new HttpChannelOverHttp@66b04a57{s=HttpChannelState@23b2c8e5{s=IDLE rs=BLOCKING os=OPEN is=IDLE awp=false se=false i=true al=0},r=0,c=false/false,a=IDLE,uri=null,age=0} -> SocketChannelEndPoint@6c482127{l=/127.0.0.1:41305,r=/127.0.0.1:50594,OPEN,fill=-,flush=-,to=0/30000}{io=0/0,kio=0,kro=0}-><null>,null,HttpChannelState@23b2c8e5{s=IDLE rs=BLOCKING os=OPEN is=IDLE awp=false se=false i=true al=0}
03:19:47.274 [qtp1449772539-40] DEBUG org.eclipse.jetty.server.HttpConnection - New HTTP Connection HttpConnection@e5e94ad::SocketChannelEndPoint@6c482127{l=/127.0.0.1:41305,r=/127.0.0.1:50594,OPEN,fill=-,flush=-,to=0/30000}{io=0/0,kio=0,kro=0}-><null>
03:19:47.274 [qtp1449772539-40] DEBUG org.eclipse.jetty.io.ManagedSelector - Queued change lazy=true org.eclipse.jetty.io.ManagedSelector$$Lambda$258/445561681@12db2e8a on ManagedSelector@5aac4250{STARTED} id=1 keys=1 selected=0 updates=0
03:19:47.274 [qtp1449772539-40] DEBUG org.eclipse.jetty.io.AbstractEndPoint - onOpen SocketChannelEndPoint@6c482127{l=/127.0.0.1:41305,r=/127.0.0.1:50594,OPEN,fill=-,flush=-,to=0/30000}{io=0/0,kio=0,kro=0}->HttpConnection@e5e94ad[p=HttpParser{s=START,0 of -1},g=HttpGenerator@76dd2c74{s=START}]=>HttpChannelOverHttp@66b04a57{s=HttpChannelState@23b2c8e5{s=IDLE rs=BLOCKING os=OPEN is=IDLE awp=false se=false i=true al=0},r=0,c=false/false,a=IDLE,uri=null,age=0}
03:19:47.274 [qtp1449772539-40] DEBUG org.eclipse.jetty.io.AbstractConnection - onOpen HttpConnection@e5e94ad::SocketChannelEndPoint@6c482127{l=/127.0.0.1:41305,r=/127.0.0.1:50594,OPEN,fill=-,flush=-,to=0/30000}{io=0/0,kio=0,kro=0}->HttpConnection@e5e94ad[p=HttpParser{s=START,0 of -1},g=HttpGenerator@76dd2c74{s=START}]=>HttpChannelOverHttp@66b04a57{s=HttpChannelState@23b2c8e5{s=IDLE rs=BLOCKING os=OPEN is=IDLE awp=false se=false i=true al=0},r=0,c=false/false,a=IDLE,uri=null,age=0}
03:19:47.274 [qtp1449772539-40] DEBUG org.eclipse.jetty.io.AbstractConnection - fillInterested HttpConnection@e5e94ad::SocketChannelEndPoint@6c482127{l=/127.0.0.1:41305,r=/127.0.0.1:50594,OPEN,fill=-,flush=-,to=0/30000}{io=0/0,kio=0,kro=0}->HttpConnection@e5e94ad[p=HttpParser{s=START,0 of -1},g=HttpGenerator@76dd2c74{s=START}]=>HttpChannelOverHttp@66b04a57{s=HttpChannelState@23b2c8e5{s=IDLE rs=BLOCKING os=OPEN is=IDLE awp=false se=false i=true al=0},r=0,c=false/false,a=IDLE,uri=null,age=0}
03:19:47.274 [qtp1449772539-40] DEBUG org.eclipse.jetty.io.FillInterest - interested FillInterest@439d37aa{AC.ReadCB@e5e94ad{HttpConnection@e5e94ad::SocketChannelEndPoint@6c482127{l=/127.0.0.1:41305,r=/127.0.0.1:50594,OPEN,fill=FI,flush=-,to=0/30000}{io=0/0,kio=0,kro=0}->HttpConnection@e5e94ad[p=HttpParser{s=START,0 of -1},g=HttpGenerator@76dd2c74{s=START}]=>HttpChannelOverHttp@66b04a57{s=HttpChannelState@23b2c8e5{s=IDLE rs=BLOCKING os=OPEN is=IDLE awp=false se=false i=true al=0},r=0,c=false/false,a=IDLE,uri=null,age=0}}}
03:19:47.274 [qtp1449772539-40] DEBUG org.eclipse.jetty.io.ChannelEndPoint - changeInterests p=false 0->1 for SocketChannelEndPoint@6c482127{l=/127.0.0.1:41305,r=/127.0.0.1:50594,OPEN,fill=FI,flush=-,to=0/30000}{io=0/1,kio=0,kro=0}->HttpConnection@e5e94ad[p=HttpParser{s=START,0 of -1},g=HttpGenerator@76dd2c74{s=START}]=>HttpChannelOverHttp@66b04a57{s=HttpChannelState@23b2c8e5{s=IDLE rs=BLOCKING os=OPEN is=IDLE awp=false se=false i=true al=0},r=0,c=false/false,a=IDLE,uri=null,age=0}
03:19:47.274 [qtp1449772539-40] DEBUG org.eclipse.jetty.io.ManagedSelector - Queued change lazy=false org.eclipse.jetty.io.ChannelEndPoint$$Lambda$255/90666987@391c2888 on ManagedSelector@5aac4250{STARTED} id=1 keys=1 selected=0 updates=1
03:19:47.274 [qtp1449772539-40] DEBUG org.eclipse.jetty.io.ManagedSelector - Wakeup on submit ManagedSelector@5aac4250{STARTED} id=1 keys=1 selected=0 updates=2
03:19:47.274 [qtp1449772539-40] DEBUG org.eclipse.jetty.io.ManagedSelector - Created SocketChannelEndPoint@6c482127{l=/127.0.0.1:41305,r=/127.0.0.1:50594,OPEN,fill=FI,flush=-,to=0/30000}{io=0/1,kio=0,kro=0}->HttpConnection@e5e94ad[p=HttpParser{s=START,0 of -1},g=HttpGenerator@76dd2c74{s=START}]=>HttpChannelOverHttp@66b04a57{s=HttpChannelState@23b2c8e5{s=IDLE rs=BLOCKING os=OPEN is=IDLE awp=false se=false i=true al=0},r=0,c=false/false,a=IDLE,uri=null,age=0}
03:19:47.274 [qtp1449772539-36] DEBUG org.eclipse.jetty.io.ManagedSelector - Selector sun.nio.ch.EPollSelectorImpl@2c460550 woken with none selected
03:19:47.274 [qtp1449772539-36] DEBUG org.eclipse.jetty.io.ManagedSelector - Selector sun.nio.ch.EPollSelectorImpl@2c460550 woken up from select, 0/0/1 selected
03:19:47.274 [qtp1449772539-36] DEBUG org.eclipse.jetty.io.ManagedSelector - Selector sun.nio.ch.EPollSelectorImpl@2c460550 processing 0 keys, 2 updates
03:19:47.274 [qtp1449772539-40] DEBUG org.eclipse.jetty.util.thread.QueuedThreadPool - ran Accept@533dc1d2[java.nio.channels.SocketChannel[connected local=/127.0.0.1:41305 remote=/127.0.0.1:50594]] in QueuedThreadPool[qtp1449772539]@5669c5fb{STARTED,8<=8<=200,i=2,r=-1,q=0}[ReservedThreadExecutor@31d0e481{reserved=0/8,pending=0}]
03:19:47.274 [qtp1449772539-36] DEBUG org.eclipse.jetty.io.ManagedSelector - updateable 2
03:19:47.274 [qtp1449772539-36] DEBUG org.eclipse.jetty.io.ManagedSelector - update org.eclipse.jetty.io.ManagedSelector$$Lambda$258/445561681@12db2e8a
03:19:47.274 [qtp1449772539-36] DEBUG org.eclipse.jetty.io.ManagedSelector - update org.eclipse.jetty.io.ChannelEndPoint$$Lambda$255/90666987@391c2888
03:19:47.274 [qtp1449772539-36] DEBUG org.eclipse.jetty.io.ChannelEndPoint - Key interests updated 0 -> 1 on SocketChannelEndPoint@6c482127{l=/127.0.0.1:41305,r=/127.0.0.1:50594,OPEN,fill=FI,flush=-,to=0/30000}{io=1/1,kio=1,kro=0}->HttpConnection@e5e94ad[p=HttpParser{s=START,0 of -1},g=HttpGenerator@76dd2c74{s=START}]=>HttpChannelOverHttp@66b04a57{s=HttpChannelState@23b2c8e5{s=IDLE rs=BLOCKING os=OPEN is=IDLE awp=false se=false i=true al=0},r=0,c=false/false,a=IDLE,uri=null,age=0}
03:19:47.274 [qtp1449772539-36] DEBUG org.eclipse.jetty.io.ManagedSelector - updates 0
03:19:47.274 [qtp1449772539-36] DEBUG org.eclipse.jetty.io.ManagedSelector - Selector sun.nio.ch.EPollSelectorImpl@2c460550 waiting with 1 keys
03:19:47.274 [qtp1449772539-36] DEBUG org.eclipse.jetty.io.ManagedSelector - Selector sun.nio.ch.EPollSelectorImpl@2c460550 woken up from select, 1/1/1 selected
03:19:47.274 [qtp1449772539-36] DEBUG org.eclipse.jetty.io.ManagedSelector - Selector sun.nio.ch.EPollSelectorImpl@2c460550 processing 1 keys, 0 updates
03:19:47.274 [qtp1449772539-36] DEBUG org.eclipse.jetty.io.ManagedSelector - selected 1 sun.nio.ch.SelectionKeyImpl@2281fea8 SocketChannelEndPoint@6c482127{l=/127.0.0.1:41305,r=/127.0.0.1:50594,OPEN,fill=FI,flush=-,to=0/30000}{io=1/1,kio=1,kro=1}->HttpConnection@e5e94ad[p=HttpParser{s=START,0 of -1},g=HttpGenerator@76dd2c74{s=START}]=>HttpChannelOverHttp@66b04a57{s=HttpChannelState@23b2c8e5{s=IDLE rs=BLOCKING os=OPEN is=IDLE awp=false se=false i=true al=0},r=0,c=false/false,a=IDLE,uri=null,age=0} 
03:19:47.274 [qtp1449772539-36] DEBUG org.eclipse.jetty.io.ChannelEndPoint - onSelected 1->0 r=true w=false for SocketChannelEndPoint@6c482127{l=/127.0.0.1:41305,r=/127.0.0.1:50594,OPEN,fill=FI,flush=-,to=0/30000}{io=1/0,kio=1,kro=1}->HttpConnection@e5e94ad[p=HttpParser{s=START,0 of -1},g=HttpGenerator@76dd2c74{s=START}]=>HttpChannelOverHttp@66b04a57{s=HttpChannelState@23b2c8e5{s=IDLE rs=BLOCKING os=OPEN is=IDLE awp=false se=false i=true al=0},r=0,c=false/false,a=IDLE,uri=null,age=0}
03:19:47.274 [qtp1449772539-36] DEBUG org.eclipse.jetty.io.ChannelEndPoint - task CEP:SocketChannelEndPoint@6c482127{l=/127.0.0.1:41305,r=/127.0.0.1:50594,OPEN,fill=FI,flush=-,to=0/30000}{io=1/0,kio=1,kro=1}->HttpConnection@e5e94ad[p=HttpParser{s=START,0 of -1},g=HttpGenerator@76dd2c74{s=START}]=>HttpChannelOverHttp@66b04a57{s=HttpChannelState@23b2c8e5{s=IDLE rs=BLOCKING os=OPEN is=IDLE awp=false se=false i=true al=0},r=0,c=false/false,a=IDLE,uri=null,age=0}:runFillable:BLOCKING
03:19:47.275 [qtp1449772539-36] DEBUG org.eclipse.jetty.util.thread.ReservedThreadExecutor - ReservedThreadExecutor@31d0e481{reserved=0/8,pending=0} tryExecute EatWhatYouKill@6c45ee6e/SelectorProducer@6b3e12b5/PRODUCING/p=false/QueuedThreadPool[qtp1449772539]@5669c5fb{STARTED,8<=8<=200,i=3,r=-1,q=0}[ReservedThreadExecutor@31d0e481{reserved=0/8,pending=0}][pc=0,pic=0,pec=0,epc=0]@2024-05-02T03:19:47.275+01:00
03:19:47.275 [qtp1449772539-36] DEBUG org.eclipse.jetty.util.thread.ReservedThreadExecutor - ReservedThreadExecutor@31d0e481{reserved=0/8,pending=1} startReservedThread p=1
03:19:47.275 [qtp1449772539-36] DEBUG org.eclipse.jetty.util.thread.QueuedThreadPool - queue ReservedThread@26be6e20{PENDING,thread=null} startThread=0
03:19:47.275 [qtp1449772539-41] DEBUG org.eclipse.jetty.util.thread.QueuedThreadPool - run ReservedThread@26be6e20{PENDING,thread=null} in QueuedThreadPool[qtp1449772539]@5669c5fb{STARTED,8<=8<=200,i=2,r=-1,q=0}[ReservedThreadExecutor@31d0e481{reserved=0/8,pending=1}]
03:19:47.275 [qtp1449772539-41] DEBUG org.eclipse.jetty.util.thread.ReservedThreadExecutor - ReservedThread@26be6e20{PENDING,thread=Thread[qtp1449772539-41,5,main]} was=PENDING next=RESERVED size=0+1 capacity=8
03:19:47.275 [qtp1449772539-41] DEBUG org.eclipse.jetty.util.thread.ReservedThreadExecutor - ReservedThread@26be6e20{RESERVED,thread=Thread[qtp1449772539-41,5,main]} waiting ReservedThreadExecutor@31d0e481{reserved=1/8,pending=0}
03:19:47.275 [qtp1449772539-36] DEBUG org.eclipse.jetty.util.thread.strategy.EatWhatYouKill - EatWhatYouKill@6c45ee6e/SelectorProducer@6b3e12b5/PRODUCING/p=false/QueuedThreadPool[qtp1449772539]@5669c5fb{STARTED,8<=8<=200,i=2,r=-1,q=0}[ReservedThreadExecutor@31d0e481{reserved=0/8,pending=1}][pc=0,pic=0,pec=0,epc=0]@2024-05-02T03:19:47.275+01:00 m=PRODUCE_EXECUTE_CONSUME t=CEP:SocketChannelEndPoint@6c482127{l=/127.0.0.1:41305,r=/127.0.0.1:50594,OPEN,fill=FI,flush=-,to=0/30000}{io=1/0,kio=1,kro=1}->HttpConnection@e5e94ad[p=HttpParser{s=START,0 of -1},g=HttpGenerator@76dd2c74{s=START}]=>HttpChannelOverHttp@66b04a57{s=HttpChannelState@23b2c8e5{s=IDLE rs=BLOCKING os=OPEN is=IDLE awp=false se=false i=true al=0},r=0,c=false/false,a=IDLE,uri=null,age=0}:runFillable:BLOCKING/BLOCKING
03:19:47.275 [qtp1449772539-36] DEBUG org.eclipse.jetty.util.thread.QueuedThreadPool - queue CEP:SocketChannelEndPoint@6c482127{l=/127.0.0.1:41305,r=/127.0.0.1:50594,OPEN,fill=FI,flush=-,to=0/30000}{io=1/0,kio=1,kro=1}->HttpConnection@e5e94ad[p=HttpParser{s=START,0 of -1},g=HttpGenerator@76dd2c74{s=START}]=>HttpChannelOverHttp@66b04a57{s=HttpChannelState@23b2c8e5{s=IDLE rs=BLOCKING os=OPEN is=IDLE awp=false se=false i=true al=0},r=0,c=false/false,a=IDLE,uri=null,age=0}:runFillable:BLOCKING startThread=0
03:19:47.275 [qtp1449772539-36] DEBUG org.eclipse.jetty.io.ManagedSelector - updateable 0
03:19:47.275 [qtp1449772539-36] DEBUG org.eclipse.jetty.io.ManagedSelector - updates 0
03:19:47.275 [qtp1449772539-42] DEBUG org.eclipse.jetty.util.thread.QueuedThreadPool - run CEP:SocketChannelEndPoint@6c482127{l=/127.0.0.1:41305,r=/127.0.0.1:50594,OPEN,fill=FI,flush=-,to=1/30000}{io=1/0,kio=1,kro=1}->HttpConnection@e5e94ad[p=HttpParser{s=START,0 of -1},g=HttpGenerator@76dd2c74{s=START}]=>HttpChannelOverHttp@66b04a57{s=HttpChannelState@23b2c8e5{s=IDLE rs=BLOCKING os=OPEN is=IDLE awp=false se=false i=true al=0},r=0,c=false/false,a=IDLE,uri=null,age=0}:runFillable:BLOCKING in QueuedThreadPool[qtp1449772539]@5669c5fb{STARTED,8<=8<=200,i=1,r=-1,q=0}[ReservedThreadExecutor@31d0e481{reserved=1/8,pending=0}]
03:19:47.275 [qtp1449772539-36] DEBUG org.eclipse.jetty.io.ChannelEndPoint - Key interests updated 1 -> 0 on SocketChannelEndPoint@6c482127{l=/127.0.0.1:41305,r=/127.0.0.1:50594,OPEN,fill=FI,flush=-,to=1/30000}{io=0/0,kio=0,kro=1}->HttpConnection@e5e94ad[p=HttpParser{s=START,0 of -1},g=HttpGenerator@76dd2c74{s=START}]=>HttpChannelOverHttp@66b04a57{s=HttpChannelState@23b2c8e5{s=IDLE rs=BLOCKING os=OPEN is=IDLE awp=false se=false i=true al=0},r=0,c=false/false,a=IDLE,uri=null,age=0}
03:19:47.275 [qtp1449772539-36] DEBUG org.eclipse.jetty.io.ManagedSelector - Selector sun.nio.ch.EPollSelectorImpl@2c460550 waiting with 1 keys
03:19:47.275 [qtp1449772539-42] DEBUG org.eclipse.jetty.io.FillInterest - fillable FillInterest@439d37aa{AC.ReadCB@e5e94ad{HttpConnection@e5e94ad::SocketChannelEndPoint@6c482127{l=/127.0.0.1:41305,r=/127.0.0.1:50594,OPEN,fill=FI,flush=-,to=1/30000}{io=0/0,kio=0,kro=1}->HttpConnection@e5e94ad[p=HttpParser{s=START,0 of -1},g=HttpGenerator@76dd2c74{s=START}]=>HttpChannelOverHttp@66b04a57{s=HttpChannelState@23b2c8e5{s=IDLE rs=BLOCKING os=OPEN is=IDLE awp=false se=false i=true al=0},r=0,c=false/false,a=IDLE,uri=null,age=0}}}
03:19:47.275 [qtp1449772539-42] DEBUG org.eclipse.jetty.server.HttpConnection - HttpConnection@e5e94ad::SocketChannelEndPoint@6c482127{l=/127.0.0.1:41305,r=/127.0.0.1:50594,OPEN,fill=-,flush=-,to=1/30000}{io=0/0,kio=0,kro=1}->HttpConnection@e5e94ad[p=HttpParser{s=START,0 of -1},g=HttpGenerator@76dd2c74{s=START}]=>HttpChannelOverHttp@66b04a57{s=HttpChannelState@23b2c8e5{s=IDLE rs=BLOCKING os=OPEN is=IDLE awp=false se=false i=true al=0},r=0,c=false/false,a=IDLE,uri=null,age=0} onFillable enter HttpChannelState@23b2c8e5{s=IDLE rs=BLOCKING os=OPEN is=IDLE awp=false se=false i=true al=0} null
03:19:47.275 [qtp1449772539-42] DEBUG org.eclipse.jetty.io.ChannelEndPoint - filled 115 HeapByteBuffer@fcdef27[p=0,l=115,c=8192,r=115]={<<<GET / HTTP/1.1\r\nHost: loc...gent: okhttp/3.12.3\r\n\r\n>>>\x00\x00\x00\x00\x00\x00\x00\x00\x00...\x00\x00\x00\x00\x00\x00\x00}
03:19:47.275 [qtp1449772539-42] DEBUG org.eclipse.jetty.server.HttpConnection - HttpConnection@e5e94ad::SocketChannelEndPoint@6c482127{l=/127.0.0.1:41305,r=/127.0.0.1:50594,OPEN,fill=-,flush=-,to=0/30000}{io=0/0,kio=0,kro=1}->HttpConnection@e5e94ad[p=HttpParser{s=START,0 of -1},g=HttpGenerator@76dd2c74{s=START}]=>HttpChannelOverHttp@66b04a57{s=HttpChannelState@23b2c8e5{s=IDLE rs=BLOCKING os=OPEN is=IDLE awp=false se=false i=true al=0},r=0,c=false/false,a=IDLE,uri=null,age=0} filled 115 HeapByteBuffer@fcdef27[p=0,l=115,c=8192,r=115]={<<<GET / HTTP/1.1\r\nHost: loc...gent: okhttp/3.12.3\r\n\r\n>>>\x00\x00\x00\x00\x00\x00\x00\x00\x00...\x00\x00\x00\x00\x00\x00\x00}
03:19:47.275 [qtp1449772539-42] DEBUG org.eclipse.jetty.server.HttpConnection - HttpConnection@e5e94ad::SocketChannelEndPoint@6c482127{l=/127.0.0.1:41305,r=/127.0.0.1:50594,OPEN,fill=-,flush=-,to=0/30000}{io=0/0,kio=0,kro=1}->HttpConnection@e5e94ad[p=HttpParser{s=START,0 of -1},g=HttpGenerator@76dd2c74{s=START}]=>HttpChannelOverHttp@66b04a57{s=HttpChannelState@23b2c8e5{s=IDLE rs=BLOCKING os=OPEN is=IDLE awp=false se=false i=true al=0},r=0,c=false/false,a=IDLE,uri=null,age=0} parse HeapByteBuffer@fcdef27[p=0,l=115,c=8192,r=115]={<<<GET / HTTP/1.1\r\nHost: loc...gent: okhttp/3.12.3\r\n\r\n>>>\x00\x00\x00\x00\x00\x00\x00\x00\x00...\x00\x00\x00\x00\x00\x00\x00} {}
03:19:47.275 [qtp1449772539-42] DEBUG org.eclipse.jetty.http.HttpParser - parseNext s=START HeapByteBuffer@fcdef27[p=0,l=115,c=8192,r=115]={<<<GET / HTTP/1.1\r\nHost: loc...gent: okhttp/3.12.3\r\n\r\n>>>\x00\x00\x00\x00\x00\x00\x00\x00\x00...\x00\x00\x00\x00\x00\x00\x00}
03:19:47.276 [qtp1449772539-42] DEBUG org.eclipse.jetty.http.HttpParser - START --> SPACE1
03:19:47.276 [qtp1449772539-42] DEBUG org.eclipse.jetty.http.HttpParser - SPACE1 --> URI
03:19:47.276 [qtp1449772539-42] DEBUG org.eclipse.jetty.http.HttpParser - URI --> SPACE2
03:19:47.276 [qtp1449772539-42] DEBUG org.eclipse.jetty.http.HttpParser - SPACE2 --> REQUEST_VERSION
03:19:47.276 [qtp1449772539-42] DEBUG org.eclipse.jetty.http.HttpParser - REQUEST_VERSION --> HEADER
03:19:47.276 [qtp1449772539-42] DEBUG org.eclipse.jetty.http.HttpParser - HEADER:Host --> VALUE
03:19:47.276 [qtp1449772539-42] DEBUG org.eclipse.jetty.http.HttpParser - HEADER:Host --> IN_VALUE
03:19:47.276 [qtp1449772539-42] DEBUG org.eclipse.jetty.http.HttpParser - HEADER:Host --> FIELD
03:19:47.276 [qtp1449772539-42] DEBUG org.eclipse.jetty.http.HttpParser - HEADER:Connection: keep-alive --> IN_VALUE
03:19:47.276 [qtp1449772539-42] DEBUG org.eclipse.jetty.http.HttpParser - HEADER:Connection: keep-alive --> FIELD
03:19:47.276 [qtp1449772539-42] DEBUG org.eclipse.jetty.http.HttpParser - HEADER:Accept-Encoding: gzip --> IN_VALUE
03:19:47.276 [qtp1449772539-42] DEBUG org.eclipse.jetty.http.HttpParser - HEADER:Accept-Encoding: gzip --> FIELD
03:19:47.276 [qtp1449772539-42] DEBUG org.eclipse.jetty.http.HttpParser - HEADER:User-Agent --> VALUE
03:19:47.276 [qtp1449772539-42] DEBUG org.eclipse.jetty.http.HttpParser - HEADER:User-Agent --> IN_VALUE
03:19:47.276 [qtp1449772539-42] DEBUG org.eclipse.jetty.http.HttpParser - HEADER:User-Agent --> FIELD
03:19:47.276 [qtp1449772539-42] DEBUG org.eclipse.jetty.http.HttpParser - HEADER --> CONTENT
03:19:47.276 [qtp1449772539-42] DEBUG org.eclipse.jetty.server.HttpChannel - REQUEST for //localhost:41305/ on HttpChannelOverHttp@66b04a57{s=HttpChannelState@23b2c8e5{s=IDLE rs=BLOCKING os=OPEN is=IDLE awp=false se=false i=true al=0},r=1,c=false/false,a=IDLE,uri=//localhost:41305/,age=0}
GET //localhost:41305/ HTTP/1.1
Host: localhost:41305
Connection: keep-alive
Accept-Encoding: gzip
User-Agent: okhttp/3.12.3


03:19:47.276 [qtp1449772539-42] DEBUG org.eclipse.jetty.server.HttpConnection - HttpConnection@e5e94ad::SocketChannelEndPoint@6c482127{l=/127.0.0.1:41305,r=/127.0.0.1:50594,OPEN,fill=-,flush=-,to=0/30000}{io=0/0,kio=0,kro=1}->HttpConnection@e5e94ad[p=HttpParser{s=CONTENT,0 of -1},g=HttpGenerator@76dd2c74{s=START}]=>HttpChannelOverHttp@66b04a57{s=HttpChannelState@23b2c8e5{s=IDLE rs=BLOCKING os=OPEN is=IDLE awp=false se=false i=true al=0},r=1,c=false/false,a=IDLE,uri=//localhost:41305/,age=0} parsed true HttpParser{s=CONTENT,0 of -1}
03:19:47.276 [qtp1449772539-42] DEBUG org.eclipse.jetty.server.HttpConnection - releaseRequestBuffer HttpConnection@e5e94ad::SocketChannelEndPoint@6c482127{l=/127.0.0.1:41305,r=/127.0.0.1:50594,OPEN,fill=-,flush=-,to=0/30000}{io=0/0,kio=0,kro=1}->HttpConnection@e5e94ad[p=HttpParser{s=CONTENT,0 of -1},g=HttpGenerator@76dd2c74{s=START}]=>HttpChannelOverHttp@66b04a57{s=HttpChannelState@23b2c8e5{s=IDLE rs=BLOCKING os=OPEN is=IDLE awp=false se=false i=true al=0},r=1,c=false/false,a=IDLE,uri=//localhost:41305/,age=0}
03:19:47.276 [qtp1449772539-42] DEBUG org.eclipse.jetty.server.HttpChannel - handle //localhost:41305/ HttpChannelOverHttp@66b04a57{s=HttpChannelState@23b2c8e5{s=IDLE rs=BLOCKING os=OPEN is=IDLE awp=false se=false i=true al=0},r=1,c=false/false,a=IDLE,uri=//localhost:41305/,age=0} 
03:19:47.276 [qtp1449772539-42] DEBUG org.eclipse.jetty.server.HttpChannelState - handling HttpChannelState@23b2c8e5{s=IDLE rs=BLOCKING os=OPEN is=IDLE awp=false se=false i=true al=0}
03:19:47.276 [qtp1449772539-42] DEBUG org.eclipse.jetty.server.HttpChannel - action DISPATCH HttpChannelOverHttp@66b04a57{s=HttpChannelState@23b2c8e5{s=HANDLING rs=BLOCKING os=OPEN is=IDLE awp=false se=false i=true al=0},r=1,c=false/false,a=HANDLING,uri=//localhost:41305/,age=0}
03:19:47.276 [qtp1449772539-42] DEBUG org.eclipse.jetty.server.Server - REQUEST GET / on HttpChannelOverHttp@66b04a57{s=HttpChannelState@23b2c8e5{s=HANDLING rs=BLOCKING os=OPEN is=IDLE awp=false se=false i=true al=0},r=1,c=false/false,a=HANDLING,uri=//localhost:41305/,age=0}
03:19:47.276 [qtp1449772539-42] INFO org.apache.nifi.minifi.bootstrap.configuration.ingestors.RestChangeIngestor - >>>>>>>>>>>>>>>>>>>>>>>>>>>>>>>>>>>>>>>>>>>>
03:19:47.276 [qtp1449772539-42] INFO org.apache.nifi.minifi.bootstrap.configuration.ingestors.RestChangeIngestor - request method = GET
03:19:47.277 [qtp1449772539-42] INFO org.apache.nifi.minifi.bootstrap.configuration.ingestors.RestChangeIngestor - request url = http://localhost:41305/
03:19:47.277 [qtp1449772539-42] INFO org.apache.nifi.minifi.bootstrap.configuration.ingestors.RestChangeIngestor - context path = null
03:19:47.277 [qtp1449772539-42] INFO org.apache.nifi.minifi.bootstrap.configuration.ingestors.RestChangeIngestor - request content type = null
03:19:47.277 [qtp1449772539-42] INFO org.apache.nifi.minifi.bootstrap.configuration.ingestors.RestChangeIngestor - <<<<<<<<<<<<<<<<<<<<<<<<<<<<<<<<<<<<<<<<<<<<
03:19:47.278 [qtp1449772539-42] DEBUG org.eclipse.jetty.server.HttpOutput - write(array HeapByteBuffer@40370a95[p=0,l=198,c=512,r=198]={<<<This is a config change l...'/' to upload the file.>>>\x00\x00\x00\x00\x00\x00\x00\x00\x00...\x00\x00\x00\x00\x00\x00\x00})
03:19:47.278 [qtp1449772539-42] DEBUG org.eclipse.jetty.server.HttpOutput - write(array) s=CLOSING,api=BLOCKED,sc=false,e=null last=true agg=false flush=true async=false, len=198 null
03:19:47.278 [qtp1449772539-42] DEBUG org.eclipse.jetty.server.HttpChannel - sendResponse info=null content=HeapByteBuffer@20636163[p=0,l=198,c=512,r=198]={<<<This is a config change l...'/' to upload the file.>>>\x00\x00\x00\x00\x00\x00\x00\x00\x00...\x00\x00\x00\x00\x00\x00\x00} complete=true committing=true callback=Blocker@713d0ab1{null}
03:19:47.278 [qtp1449772539-42] DEBUG org.eclipse.jetty.server.HttpChannel - COMMIT for / on HttpChannelOverHttp@66b04a57{s=HttpChannelState@23b2c8e5{s=HANDLING rs=BLOCKING os=COMMITTED is=IDLE awp=false se=false i=true al=0},r=1,c=false/false,a=HANDLING,uri=//localhost:41305/,age=2}
200 null HTTP/1.1
Date: Thu, 02 May 2024 02:19:47 GMT
Content-Type: text/plain;charset=iso-8859-1
Content-Length: 198


03:19:47.278 [qtp1449772539-42] DEBUG org.eclipse.jetty.server.HttpConnection - generate: NEED_HEADER for SendCallback@58833ffd[PROCESSING][i=HTTP/1.1{s=200,h=3,cl=198},cb=org.eclipse.jetty.server.HttpChannel$SendCallback@2018f5da] (null,[p=0,l=198,c=512,r=198],true)@START
03:19:47.278 [qtp1449772539-42] DEBUG org.eclipse.jetty.http.HttpGenerator - generateHeaders HTTP/1.1{s=200,h=3,cl=198} last=true content=HeapByteBuffer@20636163[p=0,l=198,c=512,r=198]={<<<This is a config change l...'/' to upload the file.>>>\x00\x00\x00\x00\x00\x00\x00\x00\x00...\x00\x00\x00\x00\x00\x00\x00}
03:19:47.278 [qtp1449772539-42] DEBUG org.eclipse.jetty.http.HttpGenerator - Date: Thu, 02 May 2024 02:19:47 GMT
Content-Type: text/plain;charset=iso-8859-1
Content-Length: 198


03:19:47.278 [qtp1449772539-42] DEBUG org.eclipse.jetty.http.HttpGenerator - CONTENT_LENGTH
03:19:47.278 [qtp1449772539-42] DEBUG org.eclipse.jetty.server.HttpConnection - generate: FLUSH for SendCallback@58833ffd[PROCESSING][i=HTTP/1.1{s=200,h=3,cl=198},cb=org.eclipse.jetty.server.HttpChannel$SendCallback@2018f5da] ([p=0,l=155,c=8192,r=155],[p=0,l=198,c=512,r=198],true)@COMPLETING
03:19:47.278 [qtp1449772539-42] DEBUG org.eclipse.jetty.io.WriteFlusher - write: WriteFlusher@1bcbf0c3{IDLE}->null [HeapByteBuffer@fcdef27[p=0,l=155,c=8192,r=155]={<<<HTTP/1.1 200 OK\r\nDate: Th...y(9.4.44.v20210927)\r\n\r\n>>>\x00\x00\x00\x00\x00\x00\x00\x00\x00...\x00\x00\x00\x00\x00\x00\x00},HeapByteBuffer@20636163[p=0,l=198,c=512,r=198]={<<<This is a config change l...'/' to upload the file.>>>\x00\x00\x00\x00\x00\x00\x00\x00\x00...\x00\x00\x00\x00\x00\x00\x00}]
03:19:47.278 [qtp1449772539-42] DEBUG org.eclipse.jetty.io.WriteFlusher - update WriteFlusher@1bcbf0c3{WRITING}->null:IDLE-->WRITING
Date: Thu, 02 May 2024 02:19:47 GMT
Content-Type: text/plain;charset=iso-8859-1
Content-Length: 198
Server: Jetty(9.4.44.v20210927)
03:19:47.279 [qtp1449772539-42] DEBUG org.eclipse.jetty.io.ChannelEndPoint - flushed 353 SocketChannelEndPoint@6c482127{l=/127.0.0.1:41305,r=/127.0.0.1:50594,OPEN,fill=-,flush=W,to=3/30000}{io=0/0,kio=0,kro=1}->HttpConnection@e5e94ad[p=HttpParser{s=CONTENT,0 of -1},g=HttpGenerator@76dd2c74{s=COMPLETING}]=>HttpChannelOverHttp@66b04a57{s=HttpChannelState@23b2c8e5{s=HANDLING rs=BLOCKING os=COMMITTED is=IDLE awp=false se=false i=true al=0},r=1,c=false/false,a=HANDLING,uri=//localhost:41305/,age=3}
03:19:47.279 [qtp1449772539-42] DEBUG org.eclipse.jetty.io.WriteFlusher - Flushed=true written=353 remaining=0 WriteFlusher@1bcbf0c3{WRITING}->null
03:19:47.279 [qtp1449772539-42] DEBUG org.eclipse.jetty.io.WriteFlusher - update WriteFlusher@1bcbf0c3{IDLE}->null:WRITING-->IDLE
03:19:47.279 [qtp1449772539-42] DEBUG org.eclipse.jetty.server.HttpConnection - generate: DONE for SendCallback@58833ffd[PROCESSING][i=HTTP/1.1{s=200,h=3,cl=198},cb=org.eclipse.jetty.server.HttpChannel$SendCallback@2018f5da] ([p=155,l=155,c=8192,r=0],[p=198,l=198,c=512,r=0],true)@END
03:19:47.279 [qtp1449772539-42] DEBUG org.eclipse.jetty.server.HttpOutput - onWriteComplete(true,null) s=CLOSING,api=BLOCKED,sc=false,e=null->s=CLOSED,api=BLOCKING,sc=false,e=null c=null cb=null w=false
03:19:47.279 [qtp1449772539-42] DEBUG org.eclipse.jetty.server.HttpOutput - close() s=CLOSED,api=BLOCKING,sc=false,e=null c=null b=null
03:19:47.279 [qtp1449772539-42] DEBUG org.eclipse.jetty.server.Server - handled=true async=false committed=true on HttpChannelOverHttp@66b04a57{s=HttpChannelState@23b2c8e5{s=HANDLING rs=BLOCKING os=COMPLETED is=IDLE awp=false se=false i=true al=0},r=1,c=false/true,a=HANDLING,uri=//localhost:41305/,age=3}
03:19:47.279 [qtp1449772539-42] DEBUG org.eclipse.jetty.server.HttpChannelState - unhandle HttpChannelState@23b2c8e5{s=HANDLING rs=BLOCKING os=COMPLETED is=IDLE awp=false se=false i=true al=0}
03:19:47.279 [qtp1449772539-42] DEBUG org.eclipse.jetty.server.HttpChannelState - nextAction(false) COMPLETE HttpChannelState@23b2c8e5{s=HANDLING rs=COMPLETING os=COMPLETED is=IDLE awp=false se=false i=false al=0}
03:19:47.279 [qtp1449772539-42] DEBUG org.eclipse.jetty.server.HttpChannel - action COMPLETE HttpChannelOverHttp@66b04a57{s=HttpChannelState@23b2c8e5{s=HANDLING rs=COMPLETING os=COMPLETED is=IDLE awp=false se=false i=false al=0},r=1,c=false/true,a=HANDLING,uri=//localhost:41305/,age=3}
03:19:47.279 [qtp1449772539-42] DEBUG org.eclipse.jetty.server.HttpOutput - complete(org.eclipse.jetty.util.Callback$3@2ba1989) s=CLOSED,api=BLOCKING,sc=false,e=null s=true e=null, c=null
03:19:47.279 [qtp1449772539-42] DEBUG org.eclipse.jetty.server.HttpChannelState - completed HttpChannelState@23b2c8e5{s=HANDLING rs=COMPLETING os=COMPLETED is=IDLE awp=false se=false i=false al=0}
03:19:47.279 [qtp1449772539-42] DEBUG org.eclipse.jetty.server.HttpChannelState - unhandle HttpChannelState@23b2c8e5{s=HANDLING rs=COMPLETED os=COMPLETED is=IDLE awp=false se=false i=false al=0}
03:19:47.279 [qtp1449772539-42] DEBUG org.eclipse.jetty.server.HttpChannelState - nextAction(false) TERMINATED HttpChannelState@23b2c8e5{s=IDLE rs=COMPLETED os=COMPLETED is=IDLE awp=false se=false i=false al=0}
03:19:47.279 [qtp1449772539-42] DEBUG org.eclipse.jetty.server.HttpChannel - action TERMINATED HttpChannelOverHttp@66b04a57{s=HttpChannelState@23b2c8e5{s=IDLE rs=COMPLETED os=COMPLETED is=IDLE awp=false se=false i=false al=0},r=1,c=true/true,a=IDLE,uri=//localhost:41305/,age=3}
03:19:47.279 [qtp1449772539-42] DEBUG org.eclipse.jetty.server.HttpChannel - onCompleted for / written=198
]]></system-out>
  </testcase>
  <testcase name="testFileUploadNewConfig" classname="org.apache.nifi.minifi.bootstrap.configuration.ingestors.RestChangeIngestorTest" time="0.009">
    <system-out><![CDATA[03:19:47.279 [qtp1449772539-42] DEBUG org.eclipse.jetty.io.ChannelEndPoint - filled 0 HeapByteBuffer@fcdef27[p=0,l=0,c=8192,r=0]={<<<>>>HTTP/1.1 ...\x00\x00\x00\x00\x00\x00\x00}
03:19:47.279 [qtp1449772539-42] DEBUG org.eclipse.jetty.io.ChannelEndPoint - filled 0 HeapByteBuffer@fcdef27[p=0,l=0,c=8192,r=0]={<<<>>>HTTP/1.1 ...\x00\x00\x00\x00\x00\x00\x00}
03:19:47.280 [qtp1449772539-42] DEBUG org.eclipse.jetty.server.HttpConnection - HttpConnection@e5e94ad::SocketChannelEndPoint@6c482127{l=/127.0.0.1:41305,r=/127.0.0.1:50594,OPEN,fill=-,flush=-,to=0/30000}{io=0/0,kio=0,kro=1}->HttpConnection@e5e94ad[p=HttpParser{s=CONTENT,0 of -1},g=HttpGenerator@76dd2c74{s=END}]=>HttpChannelOverHttp@66b04a57{s=HttpChannelState@23b2c8e5{s=IDLE rs=COMPLETED os=COMPLETED is=IDLE awp=false se=false i=false al=0},r=1,c=true/true,a=IDLE,uri=//localhost:41305/,age=4} filled 0 HeapByteBuffer@fcdef27[p=0,l=0,c=8192,r=0]={<<<>>>HTTP/1.1 ...\x00\x00\x00\x00\x00\x00\x00}
03:19:47.280 [qtp1449772539-42] DEBUG org.eclipse.jetty.server.HttpConnection - HttpConnection@e5e94ad::SocketChannelEndPoint@6c482127{l=/127.0.0.1:41305,r=/127.0.0.1:50594,OPEN,fill=-,flush=-,to=0/30000}{io=0/0,kio=0,kro=1}->HttpConnection@e5e94ad[p=HttpParser{s=CONTENT,0 of -1},g=HttpGenerator@76dd2c74{s=END}]=>HttpChannelOverHttp@66b04a57{s=HttpChannelState@23b2c8e5{s=IDLE rs=COMPLETED os=COMPLETED is=IDLE awp=false se=false i=false al=0},r=1,c=true/true,a=IDLE,uri=//localhost:41305/,age=4} parse HeapByteBuffer@fcdef27[p=0,l=0,c=8192,r=0]={<<<>>>HTTP/1.1 ...\x00\x00\x00\x00\x00\x00\x00} {}
03:19:47.280 [qtp1449772539-42] DEBUG org.eclipse.jetty.http.HttpParser - parseNext s=CONTENT HeapByteBuffer@fcdef27[p=0,l=0,c=8192,r=0]={<<<>>>HTTP/1.1 ...\x00\x00\x00\x00\x00\x00\x00}
03:19:47.280 [qtp1449772539-42] DEBUG org.eclipse.jetty.http.HttpParser - CONTENT --> CONTENT_END
03:19:47.280 [qtp1449772539-42] DEBUG org.eclipse.jetty.server.HttpChannel - onContentComplete HttpChannelOverHttp@66b04a57{s=HttpChannelState@23b2c8e5{s=IDLE rs=COMPLETED os=COMPLETED is=IDLE awp=false se=false i=false al=0},r=1,c=true/true,a=IDLE,uri=//localhost:41305/,age=4}
03:19:47.280 [qtp1449772539-42] DEBUG org.eclipse.jetty.http.HttpParser - CONTENT_END --> END
03:19:47.280 [qtp1449772539-42] DEBUG org.eclipse.jetty.server.HttpChannel - onRequestComplete HttpChannelOverHttp@66b04a57{s=HttpChannelState@23b2c8e5{s=IDLE rs=COMPLETED os=COMPLETED is=IDLE awp=false se=false i=false al=0},r=1,c=true/true,a=IDLE,uri=//localhost:41305/,age=4}
03:19:47.280 [qtp1449772539-42] DEBUG org.eclipse.jetty.server.HttpInput - HttpInputOverHTTP@4387b2f4[c=0,q=0,[0]=null,s=STREAM] addContent EOF
03:19:47.280 [qtp1449772539-42] DEBUG org.eclipse.jetty.server.HttpConnection - HttpConnection@e5e94ad::SocketChannelEndPoint@6c482127{l=/127.0.0.1:41305,r=/127.0.0.1:50594,OPEN,fill=-,flush=-,to=1/30000}{io=0/0,kio=0,kro=1}->HttpConnection@e5e94ad[p=HttpParser{s=END,0 of -1},g=HttpGenerator@76dd2c74{s=END}]=>HttpChannelOverHttp@66b04a57{s=HttpChannelState@23b2c8e5{s=IDLE rs=COMPLETED os=COMPLETED is=IDLE awp=false se=false i=false al=0},r=1,c=true/true,a=IDLE,uri=//localhost:41305/,age=4} parsed false HttpParser{s=END,0 of -1}
03:19:47.280 [qtp1449772539-42] DEBUG org.eclipse.jetty.server.HttpConnection - releaseRequestBuffer HttpConnection@e5e94ad::SocketChannelEndPoint@6c482127{l=/127.0.0.1:41305,r=/127.0.0.1:50594,OPEN,fill=-,flush=-,to=1/30000}{io=0/0,kio=0,kro=1}->HttpConnection@e5e94ad[p=HttpParser{s=END,0 of -1},g=HttpGenerator@76dd2c74{s=END}]=>HttpChannelOverHttp@66b04a57{s=HttpChannelState@23b2c8e5{s=IDLE rs=COMPLETED os=COMPLETED is=IDLE awp=false se=false i=false al=0},r=1,c=true/true,a=IDLE,uri=//localhost:41305/,age=4}
03:19:47.280 [qtp1449772539-42] DEBUG org.eclipse.jetty.server.HttpChannelState - recycle HttpChannelState@23b2c8e5{s=IDLE rs=COMPLETED os=COMPLETED is=IDLE awp=false se=false i=false al=0}
03:19:47.280 [qtp1449772539-42] DEBUG org.eclipse.jetty.http.HttpParser - reset HttpParser{s=END,0 of -1}
03:19:47.280 [qtp1449772539-42] DEBUG org.eclipse.jetty.http.HttpParser - END --> START
03:19:47.280 [qtp1449772539-42] DEBUG org.eclipse.jetty.server.HttpChannel - !handle TERMINATED HttpChannelOverHttp@66b04a57{s=HttpChannelState@23b2c8e5{s=IDLE rs=BLOCKING os=OPEN is=IDLE awp=false se=false i=true al=0},r=1,c=false/false,a=IDLE,uri=null,age=0}
03:19:47.280 [qtp1449772539-42] DEBUG org.eclipse.jetty.io.ChannelEndPoint - filled 0 HeapByteBuffer@fcdef27[p=0,l=0,c=8192,r=0]={<<<>>>HTTP/1.1 ...\x00\x00\x00\x00\x00\x00\x00}
03:19:47.280 [qtp1449772539-42] DEBUG org.eclipse.jetty.io.ChannelEndPoint - filled 0 HeapByteBuffer@fcdef27[p=0,l=0,c=8192,r=0]={<<<>>>HTTP/1.1 ...\x00\x00\x00\x00\x00\x00\x00}
03:19:47.280 [qtp1449772539-42] DEBUG org.eclipse.jetty.server.HttpConnection - HttpConnection@e5e94ad::SocketChannelEndPoint@6c482127{l=/127.0.0.1:41305,r=/127.0.0.1:50594,OPEN,fill=-,flush=-,to=1/30000}{io=0/0,kio=0,kro=1}->HttpConnection@e5e94ad[p=HttpParser{s=START,0 of -1},g=HttpGenerator@76dd2c74{s=START}]=>HttpChannelOverHttp@66b04a57{s=HttpChannelState@23b2c8e5{s=IDLE rs=BLOCKING os=OPEN is=IDLE awp=false se=false i=true al=0},r=1,c=false/false,a=IDLE,uri=null,age=0} filled 0 HeapByteBuffer@fcdef27[p=0,l=0,c=8192,r=0]={<<<>>>HTTP/1.1 ...\x00\x00\x00\x00\x00\x00\x00}
03:19:47.281 [qtp1449772539-42] DEBUG org.eclipse.jetty.server.HttpConnection - HttpConnection@e5e94ad::SocketChannelEndPoint@6c482127{l=/127.0.0.1:41305,r=/127.0.0.1:50594,OPEN,fill=-,flush=-,to=1/30000}{io=0/0,kio=0,kro=1}->HttpConnection@e5e94ad[p=HttpParser{s=START,0 of -1},g=HttpGenerator@76dd2c74{s=START}]=>HttpChannelOverHttp@66b04a57{s=HttpChannelState@23b2c8e5{s=IDLE rs=BLOCKING os=OPEN is=IDLE awp=false se=false i=true al=0},r=1,c=false/false,a=IDLE,uri=null,age=0} parse HeapByteBuffer@fcdef27[p=0,l=0,c=8192,r=0]={<<<>>>HTTP/1.1 ...\x00\x00\x00\x00\x00\x00\x00} {}
03:19:47.281 [qtp1449772539-42] DEBUG org.eclipse.jetty.http.HttpParser - parseNext s=START HeapByteBuffer@fcdef27[p=0,l=0,c=8192,r=0]={<<<>>>HTTP/1.1 ...\x00\x00\x00\x00\x00\x00\x00}
03:19:47.281 [qtp1449772539-42] DEBUG org.eclipse.jetty.server.HttpConnection - HttpConnection@e5e94ad::SocketChannelEndPoint@6c482127{l=/127.0.0.1:41305,r=/127.0.0.1:50594,OPEN,fill=-,flush=-,to=1/30000}{io=0/0,kio=0,kro=1}->HttpConnection@e5e94ad[p=HttpParser{s=START,0 of -1},g=HttpGenerator@76dd2c74{s=START}]=>HttpChannelOverHttp@66b04a57{s=HttpChannelState@23b2c8e5{s=IDLE rs=BLOCKING os=OPEN is=IDLE awp=false se=false i=true al=0},r=1,c=false/false,a=IDLE,uri=null,age=0} parsed false HttpParser{s=START,0 of -1}
03:19:47.281 [qtp1449772539-42] DEBUG org.eclipse.jetty.server.HttpConnection - releaseRequestBuffer HttpConnection@e5e94ad::SocketChannelEndPoint@6c482127{l=/127.0.0.1:41305,r=/127.0.0.1:50594,OPEN,fill=-,flush=-,to=1/30000}{io=0/0,kio=0,kro=1}->HttpConnection@e5e94ad[p=HttpParser{s=START,0 of -1},g=HttpGenerator@76dd2c74{s=START}]=>HttpChannelOverHttp@66b04a57{s=HttpChannelState@23b2c8e5{s=IDLE rs=BLOCKING os=OPEN is=IDLE awp=false se=false i=true al=0},r=1,c=false/false,a=IDLE,uri=null,age=0}
03:19:47.281 [qtp1449772539-42] DEBUG org.eclipse.jetty.io.AbstractConnection - fillInterested HttpConnection@e5e94ad::SocketChannelEndPoint@6c482127{l=/127.0.0.1:41305,r=/127.0.0.1:50594,OPEN,fill=-,flush=-,to=2/30000}{io=0/0,kio=0,kro=1}->HttpConnection@e5e94ad[p=HttpParser{s=START,0 of -1},g=HttpGenerator@76dd2c74{s=START}]=>HttpChannelOverHttp@66b04a57{s=HttpChannelState@23b2c8e5{s=IDLE rs=BLOCKING os=OPEN is=IDLE awp=false se=false i=true al=0},r=1,c=false/false,a=IDLE,uri=null,age=0}
03:19:47.281 [qtp1449772539-42] DEBUG org.eclipse.jetty.io.FillInterest - interested FillInterest@439d37aa{AC.ReadCB@e5e94ad{HttpConnection@e5e94ad::SocketChannelEndPoint@6c482127{l=/127.0.0.1:41305,r=/127.0.0.1:50594,OPEN,fill=FI,flush=-,to=0/30000}{io=0/0,kio=0,kro=1}->HttpConnection@e5e94ad[p=HttpParser{s=START,0 of -1},g=HttpGenerator@76dd2c74{s=START}]=>HttpChannelOverHttp@66b04a57{s=HttpChannelState@23b2c8e5{s=IDLE rs=BLOCKING os=OPEN is=IDLE awp=false se=false i=true al=0},r=1,c=false/false,a=IDLE,uri=null,age=0}}}
03:19:47.281 [qtp1449772539-42] DEBUG org.eclipse.jetty.io.ChannelEndPoint - changeInterests p=false 0->1 for SocketChannelEndPoint@6c482127{l=/127.0.0.1:41305,r=/127.0.0.1:50594,OPEN,fill=FI,flush=-,to=0/30000}{io=0/1,kio=0,kro=1}->HttpConnection@e5e94ad[p=HttpParser{s=START,0 of -1},g=HttpGenerator@76dd2c74{s=START}]=>HttpChannelOverHttp@66b04a57{s=HttpChannelState@23b2c8e5{s=IDLE rs=BLOCKING os=OPEN is=IDLE awp=false se=false i=true al=0},r=1,c=false/false,a=IDLE,uri=null,age=0}
03:19:47.281 [qtp1449772539-42] DEBUG org.eclipse.jetty.io.ManagedSelector - Queued change lazy=false org.eclipse.jetty.io.ChannelEndPoint$$Lambda$255/90666987@391c2888 on ManagedSelector@5aac4250{STARTED} id=1 keys=1 selected=0 updates=0
03:19:47.281 [qtp1449772539-42] DEBUG org.eclipse.jetty.io.ManagedSelector - Wakeup on submit ManagedSelector@5aac4250{STARTED} id=1 keys=1 selected=0 updates=1
03:19:47.281 [qtp1449772539-36] DEBUG org.eclipse.jetty.io.ManagedSelector - Selector sun.nio.ch.EPollSelectorImpl@2c460550 woken with none selected
03:19:47.281 [qtp1449772539-36] DEBUG org.eclipse.jetty.io.ManagedSelector - Selector sun.nio.ch.EPollSelectorImpl@2c460550 woken up from select, 0/0/1 selected
03:19:47.281 [qtp1449772539-36] DEBUG org.eclipse.jetty.io.ManagedSelector - Selector sun.nio.ch.EPollSelectorImpl@2c460550 processing 0 keys, 1 updates
03:19:47.281 [qtp1449772539-36] DEBUG org.eclipse.jetty.io.ManagedSelector - updateable 1
03:19:47.281 [qtp1449772539-42] DEBUG org.eclipse.jetty.server.HttpConnection - HttpConnection@e5e94ad::SocketChannelEndPoint@6c482127{l=/127.0.0.1:41305,r=/127.0.0.1:50594,OPEN,fill=FI,flush=-,to=0/30000}{io=0/1,kio=0,kro=1}->HttpConnection@e5e94ad[p=HttpParser{s=START,0 of -1},g=HttpGenerator@76dd2c74{s=START}]=>HttpChannelOverHttp@66b04a57{s=HttpChannelState@23b2c8e5{s=IDLE rs=BLOCKING os=OPEN is=IDLE awp=false se=false i=true al=0},r=1,c=false/false,a=IDLE,uri=null,age=0} onFillable exit HttpChannelState@23b2c8e5{s=IDLE rs=BLOCKING os=OPEN is=IDLE awp=false se=false i=true al=0} null
03:19:47.281 [qtp1449772539-36] DEBUG org.eclipse.jetty.io.ManagedSelector - update org.eclipse.jetty.io.ChannelEndPoint$$Lambda$255/90666987@391c2888
03:19:47.281 [qtp1449772539-36] DEBUG org.eclipse.jetty.io.ChannelEndPoint - Key interests updated 0 -> 1 on SocketChannelEndPoint@6c482127{l=/127.0.0.1:41305,r=/127.0.0.1:50594,OPEN,fill=FI,flush=-,to=0/30000}{io=1/1,kio=1,kro=1}->HttpConnection@e5e94ad[p=HttpParser{s=START,0 of -1},g=HttpGenerator@76dd2c74{s=START}]=>HttpChannelOverHttp@66b04a57{s=HttpChannelState@23b2c8e5{s=IDLE rs=BLOCKING os=OPEN is=IDLE awp=false se=false i=true al=0},r=1,c=false/false,a=IDLE,uri=null,age=0}
03:19:47.281 [qtp1449772539-42] DEBUG org.eclipse.jetty.util.thread.QueuedThreadPool - ran CEP:SocketChannelEndPoint@6c482127{l=/127.0.0.1:41305,r=/127.0.0.1:50594,OPEN,fill=FI,flush=-,to=0/30000}{io=1/1,kio=1,kro=1}->HttpConnection@e5e94ad[p=HttpParser{s=START,0 of -1},g=HttpGenerator@76dd2c74{s=START}]=>HttpChannelOverHttp@66b04a57{s=HttpChannelState@23b2c8e5{s=IDLE rs=BLOCKING os=OPEN is=IDLE awp=false se=false i=true al=0},r=1,c=false/false,a=IDLE,uri=null,age=0}:runFillable:BLOCKING in QueuedThreadPool[qtp1449772539]@5669c5fb{STARTED,8<=8<=200,i=1,r=-1,q=0}[ReservedThreadExecutor@31d0e481{reserved=1/8,pending=0}]
03:19:47.281 [qtp1449772539-36] DEBUG org.eclipse.jetty.io.ManagedSelector - updates 0
03:19:47.281 [qtp1449772539-36] DEBUG org.eclipse.jetty.io.ManagedSelector - Selector sun.nio.ch.EPollSelectorImpl@2c460550 waiting with 1 keys
03:19:47.283 [qtp1449772539-36] DEBUG org.eclipse.jetty.io.ManagedSelector - Selector sun.nio.ch.EPollSelectorImpl@2c460550 woken up from select, 1/1/1 selected
03:19:47.283 [qtp1449772539-36] DEBUG org.eclipse.jetty.io.ManagedSelector - Selector sun.nio.ch.EPollSelectorImpl@2c460550 processing 1 keys, 0 updates
03:19:47.283 [qtp1449772539-36] DEBUG org.eclipse.jetty.io.ManagedSelector - selected 1 sun.nio.ch.SelectionKeyImpl@2281fea8 SocketChannelEndPoint@6c482127{l=/127.0.0.1:41305,r=/127.0.0.1:50594,OPEN,fill=FI,flush=-,to=2/30000}{io=1/1,kio=1,kro=1}->HttpConnection@e5e94ad[p=HttpParser{s=START,0 of -1},g=HttpGenerator@76dd2c74{s=START}]=>HttpChannelOverHttp@66b04a57{s=HttpChannelState@23b2c8e5{s=IDLE rs=BLOCKING os=OPEN is=IDLE awp=false se=false i=true al=0},r=1,c=false/false,a=IDLE,uri=null,age=0} 
03:19:47.283 [qtp1449772539-36] DEBUG org.eclipse.jetty.io.ChannelEndPoint - onSelected 1->0 r=true w=false for SocketChannelEndPoint@6c482127{l=/127.0.0.1:41305,r=/127.0.0.1:50594,OPEN,fill=FI,flush=-,to=2/30000}{io=1/0,kio=1,kro=1}->HttpConnection@e5e94ad[p=HttpParser{s=START,0 of -1},g=HttpGenerator@76dd2c74{s=START}]=>HttpChannelOverHttp@66b04a57{s=HttpChannelState@23b2c8e5{s=IDLE rs=BLOCKING os=OPEN is=IDLE awp=false se=false i=true al=0},r=1,c=false/false,a=IDLE,uri=null,age=0}
03:19:47.283 [qtp1449772539-36] DEBUG org.eclipse.jetty.io.ChannelEndPoint - task CEP:SocketChannelEndPoint@6c482127{l=/127.0.0.1:41305,r=/127.0.0.1:50594,OPEN,fill=FI,flush=-,to=2/30000}{io=1/0,kio=1,kro=1}->HttpConnection@e5e94ad[p=HttpParser{s=START,0 of -1},g=HttpGenerator@76dd2c74{s=START}]=>HttpChannelOverHttp@66b04a57{s=HttpChannelState@23b2c8e5{s=IDLE rs=BLOCKING os=OPEN is=IDLE awp=false se=false i=true al=0},r=1,c=false/false,a=IDLE,uri=null,age=0}:runFillable:BLOCKING
03:19:47.283 [qtp1449772539-36] DEBUG org.eclipse.jetty.util.thread.ReservedThreadExecutor - ReservedThreadExecutor@31d0e481{reserved=1/8,pending=0} tryExecute EatWhatYouKill@6c45ee6e/SelectorProducer@6b3e12b5/PRODUCING/p=false/QueuedThreadPool[qtp1449772539]@5669c5fb{STARTED,8<=8<=200,i=2,r=-1,q=0}[ReservedThreadExecutor@31d0e481{reserved=1/8,pending=0}][pc=0,pic=0,pec=1,epc=0]@2024-05-02T03:19:47.283+01:00
03:19:47.283 [qtp1449772539-36] DEBUG org.eclipse.jetty.util.thread.ReservedThreadExecutor - ReservedThreadExecutor@31d0e481{reserved=0/8,pending=1} startReservedThread p=1
03:19:47.283 [qtp1449772539-36] DEBUG org.eclipse.jetty.util.thread.QueuedThreadPool - queue ReservedThread@63bcf493{PENDING,thread=null} startThread=0
03:19:47.283 [qtp1449772539-40] DEBUG org.eclipse.jetty.util.thread.QueuedThreadPool - run ReservedThread@63bcf493{PENDING,thread=null} in QueuedThreadPool[qtp1449772539]@5669c5fb{STARTED,8<=8<=200,i=1,r=-1,q=0}[ReservedThreadExecutor@31d0e481{reserved=0/8,pending=1}]
03:19:47.283 [qtp1449772539-40] DEBUG org.eclipse.jetty.util.thread.ReservedThreadExecutor - ReservedThread@63bcf493{PENDING,thread=Thread[qtp1449772539-40,5,main]} was=PENDING next=RESERVED size=0+1 capacity=8
03:19:47.284 [qtp1449772539-40] DEBUG org.eclipse.jetty.util.thread.ReservedThreadExecutor - ReservedThread@63bcf493{RESERVED,thread=Thread[qtp1449772539-40,5,main]} waiting ReservedThreadExecutor@31d0e481{reserved=1/8,pending=0}
03:19:47.284 [qtp1449772539-41] DEBUG org.eclipse.jetty.util.thread.ReservedThreadExecutor - ReservedThread@26be6e20{RESERVED,thread=Thread[qtp1449772539-41,5,main]} task=EatWhatYouKill@6c45ee6e/SelectorProducer@6b3e12b5/IDLE/p=true/QueuedThreadPool[qtp1449772539]@5669c5fb{STARTED,8<=8<=200,i=1,r=-1,q=0}[ReservedThreadExecutor@31d0e481{reserved=0/8,pending=1}][pc=0,pic=0,pec=1,epc=0]@2024-05-02T03:19:47.283+01:00 ReservedThreadExecutor@31d0e481{reserved=1/8,pending=0}
03:19:47.284 [qtp1449772539-36] DEBUG org.eclipse.jetty.util.thread.strategy.EatWhatYouKill - EatWhatYouKill@6c45ee6e/SelectorProducer@6b3e12b5/IDLE/p=true/QueuedThreadPool[qtp1449772539]@5669c5fb{STARTED,8<=8<=200,i=1,r=-1,q=0}[ReservedThreadExecutor@31d0e481{reserved=1/8,pending=0}][pc=0,pic=0,pec=1,epc=0]@2024-05-02T03:19:47.284+01:00 m=EXECUTE_PRODUCE_CONSUME t=CEP:SocketChannelEndPoint@6c482127{l=/127.0.0.1:41305,r=/127.0.0.1:50594,OPEN,fill=FI,flush=-,to=2/30000}{io=1/0,kio=1,kro=1}->HttpConnection@e5e94ad[p=HttpParser{s=START,0 of -1},g=HttpGenerator@76dd2c74{s=START}]=>HttpChannelOverHttp@66b04a57{s=HttpChannelState@23b2c8e5{s=IDLE rs=BLOCKING os=OPEN is=IDLE awp=false se=false i=true al=0},r=1,c=false/false,a=IDLE,uri=null,age=0}:runFillable:BLOCKING/BLOCKING
03:19:47.284 [qtp1449772539-41] DEBUG org.eclipse.jetty.util.thread.strategy.EatWhatYouKill - EatWhatYouKill@6c45ee6e/SelectorProducer@6b3e12b5/IDLE/p=true/QueuedThreadPool[qtp1449772539]@5669c5fb{STARTED,8<=8<=200,i=1,r=-1,q=0}[ReservedThreadExecutor@31d0e481{reserved=1/8,pending=0}][pc=0,pic=0,pec=1,epc=0]@2024-05-02T03:19:47.284+01:00 tryProduce true
03:19:47.284 [qtp1449772539-41] DEBUG org.eclipse.jetty.io.ManagedSelector - updateable 0
03:19:47.284 [qtp1449772539-41] DEBUG org.eclipse.jetty.io.ManagedSelector - updates 0
03:19:47.284 [qtp1449772539-36] DEBUG org.eclipse.jetty.io.FillInterest - fillable FillInterest@439d37aa{AC.ReadCB@e5e94ad{HttpConnection@e5e94ad::SocketChannelEndPoint@6c482127{l=/127.0.0.1:41305,r=/127.0.0.1:50594,OPEN,fill=FI,flush=-,to=2/30000}{io=1/0,kio=1,kro=1}->HttpConnection@e5e94ad[p=HttpParser{s=START,0 of -1},g=HttpGenerator@76dd2c74{s=START}]=>HttpChannelOverHttp@66b04a57{s=HttpChannelState@23b2c8e5{s=IDLE rs=BLOCKING os=OPEN is=IDLE awp=false se=false i=true al=0},r=1,c=false/false,a=IDLE,uri=null,age=0}}}
03:19:47.284 [qtp1449772539-41] DEBUG org.eclipse.jetty.io.ChannelEndPoint - Key interests updated 1 -> 0 on SocketChannelEndPoint@6c482127{l=/127.0.0.1:41305,r=/127.0.0.1:50594,OPEN,fill=FI,flush=-,to=2/30000}{io=0/0,kio=0,kro=1}->HttpConnection@e5e94ad[p=HttpParser{s=START,0 of -1},g=HttpGenerator@76dd2c74{s=START}]=>HttpChannelOverHttp@66b04a57{s=HttpChannelState@23b2c8e5{s=IDLE rs=BLOCKING os=OPEN is=IDLE awp=false se=false i=true al=0},r=1,c=false/false,a=IDLE,uri=null,age=0}
03:19:47.284 [qtp1449772539-41] DEBUG org.eclipse.jetty.io.ManagedSelector - Selector sun.nio.ch.EPollSelectorImpl@2c460550 waiting with 1 keys
03:19:47.284 [qtp1449772539-36] DEBUG org.eclipse.jetty.server.HttpConnection - HttpConnection@e5e94ad::SocketChannelEndPoint@6c482127{l=/127.0.0.1:41305,r=/127.0.0.1:50594,OPEN,fill=-,flush=-,to=3/30000}{io=0/0,kio=0,kro=1}->HttpConnection@e5e94ad[p=HttpParser{s=START,0 of -1},g=HttpGenerator@76dd2c74{s=START}]=>HttpChannelOverHttp@66b04a57{s=HttpChannelState@23b2c8e5{s=IDLE rs=BLOCKING os=OPEN is=IDLE awp=false se=false i=true al=0},r=1,c=false/false,a=IDLE,uri=null,age=0} onFillable enter HttpChannelState@23b2c8e5{s=IDLE rs=BLOCKING os=OPEN is=IDLE awp=false se=false i=true al=0} null
03:19:47.284 [qtp1449772539-36] DEBUG org.eclipse.jetty.io.ChannelEndPoint - filled 220 HeapByteBuffer@fcdef27[p=0,l=220,c=8192,r=220]={<<<POST / HTTP/1.1\r\ncharset:...\nThis is a test string.>>>\x00\x00\x00\x00\x00\x00\x00\x00\x00...\x00\x00\x00\x00\x00\x00\x00}
03:19:47.284 [qtp1449772539-36] DEBUG org.eclipse.jetty.server.HttpConnection - HttpConnection@e5e94ad::SocketChannelEndPoint@6c482127{l=/127.0.0.1:41305,r=/127.0.0.1:50594,OPEN,fill=-,flush=-,to=0/30000}{io=0/0,kio=0,kro=1}->HttpConnection@e5e94ad[p=HttpParser{s=START,0 of -1},g=HttpGenerator@76dd2c74{s=START}]=>HttpChannelOverHttp@66b04a57{s=HttpChannelState@23b2c8e5{s=IDLE rs=BLOCKING os=OPEN is=IDLE awp=false se=false i=true al=0},r=1,c=false/false,a=IDLE,uri=null,age=0} filled 220 HeapByteBuffer@fcdef27[p=0,l=220,c=8192,r=220]={<<<POST / HTTP/1.1\r\ncharset:...\nThis is a test string.>>>\x00\x00\x00\x00\x00\x00\x00\x00\x00...\x00\x00\x00\x00\x00\x00\x00}
03:19:47.284 [qtp1449772539-36] DEBUG org.eclipse.jetty.server.HttpConnection - HttpConnection@e5e94ad::SocketChannelEndPoint@6c482127{l=/127.0.0.1:41305,r=/127.0.0.1:50594,OPEN,fill=-,flush=-,to=0/30000}{io=0/0,kio=0,kro=1}->HttpConnection@e5e94ad[p=HttpParser{s=START,0 of -1},g=HttpGenerator@76dd2c74{s=START}]=>HttpChannelOverHttp@66b04a57{s=HttpChannelState@23b2c8e5{s=IDLE rs=BLOCKING os=OPEN is=IDLE awp=false se=false i=true al=0},r=1,c=false/false,a=IDLE,uri=null,age=0} parse HeapByteBuffer@fcdef27[p=0,l=220,c=8192,r=220]={<<<POST / HTTP/1.1\r\ncharset:...\nThis is a test string.>>>\x00\x00\x00\x00\x00\x00\x00\x00\x00...\x00\x00\x00\x00\x00\x00\x00} {}
03:19:47.284 [qtp1449772539-36] DEBUG org.eclipse.jetty.http.HttpParser - parseNext s=START HeapByteBuffer@fcdef27[p=0,l=220,c=8192,r=220]={<<<POST / HTTP/1.1\r\ncharset:...\nThis is a test string.>>>\x00\x00\x00\x00\x00\x00\x00\x00\x00...\x00\x00\x00\x00\x00\x00\x00}
03:19:47.284 [qtp1449772539-36] DEBUG org.eclipse.jetty.http.HttpParser - START --> SPACE1
03:19:47.284 [qtp1449772539-36] DEBUG org.eclipse.jetty.http.HttpParser - SPACE1 --> URI
03:19:47.284 [qtp1449772539-36] DEBUG org.eclipse.jetty.http.HttpParser - URI --> SPACE2
03:19:47.284 [qtp1449772539-36] DEBUG org.eclipse.jetty.http.HttpParser - SPACE2 --> REQUEST_VERSION
03:19:47.284 [qtp1449772539-36] DEBUG org.eclipse.jetty.http.HttpParser - REQUEST_VERSION --> HEADER
03:19:47.284 [qtp1449772539-36] DEBUG org.eclipse.jetty.http.HttpParser - HEADER: --> IN_NAME
03:19:47.284 [qtp1449772539-36] DEBUG org.eclipse.jetty.http.HttpParser - HEADER:charset --> VALUE
03:19:47.284 [qtp1449772539-36] DEBUG org.eclipse.jetty.http.HttpParser - HEADER:charset --> IN_VALUE
03:19:47.284 [qtp1449772539-36] DEBUG org.eclipse.jetty.http.HttpParser - HEADER:charset --> FIELD
03:19:47.284 [qtp1449772539-36] DEBUG org.eclipse.jetty.http.HttpParser - HEADER:Content-Type --> VALUE
03:19:47.284 [qtp1449772539-36] DEBUG org.eclipse.jetty.http.HttpParser - HEADER:Content-Type --> IN_VALUE
03:19:47.285 [qtp1449772539-36] DEBUG org.eclipse.jetty.http.HttpParser - HEADER:Content-Type --> FIELD
03:19:47.285 [qtp1449772539-36] DEBUG org.eclipse.jetty.http.HttpParser - HEADER:Content-Length --> VALUE
03:19:47.285 [qtp1449772539-36] DEBUG org.eclipse.jetty.http.HttpParser - HEADER:Content-Length --> IN_VALUE
03:19:47.285 [qtp1449772539-36] DEBUG org.eclipse.jetty.http.HttpParser - HEADER:Content-Length --> FIELD
03:19:47.285 [qtp1449772539-36] DEBUG org.eclipse.jetty.http.HttpParser - HEADER:Host: localhost:41305 --> IN_VALUE
03:19:47.285 [qtp1449772539-36] DEBUG org.eclipse.jetty.http.HttpParser - HEADER:Host: localhost:41305 --> FIELD
03:19:47.285 [qtp1449772539-36] DEBUG org.eclipse.jetty.http.HttpParser - HEADER:Connection: keep-alive --> IN_VALUE
03:19:47.285 [qtp1449772539-36] DEBUG org.eclipse.jetty.http.HttpParser - HEADER:Connection: keep-alive --> FIELD
03:19:47.285 [qtp1449772539-36] DEBUG org.eclipse.jetty.http.HttpParser - HEADER:Accept-Encoding: gzip --> IN_VALUE
03:19:47.285 [qtp1449772539-36] DEBUG org.eclipse.jetty.http.HttpParser - HEADER:Accept-Encoding: gzip --> FIELD
03:19:47.285 [qtp1449772539-36] DEBUG org.eclipse.jetty.http.HttpParser - HEADER:User-Agent: okhttp/3.12.3 --> IN_VALUE
03:19:47.285 [qtp1449772539-36] DEBUG org.eclipse.jetty.http.HttpParser - HEADER:User-Agent: okhttp/3.12.3 --> FIELD
03:19:47.285 [qtp1449772539-36] DEBUG org.eclipse.jetty.http.HttpParser - HEADER --> CONTENT
03:19:47.285 [qtp1449772539-36] DEBUG org.eclipse.jetty.server.HttpChannel - REQUEST for //localhost:41305/ on HttpChannelOverHttp@66b04a57{s=HttpChannelState@23b2c8e5{s=IDLE rs=BLOCKING os=OPEN is=IDLE awp=false se=false i=true al=0},r=2,c=false/false,a=IDLE,uri=//localhost:41305/,age=0}
POST //localhost:41305/ HTTP/1.1
charset: UTF-8
Content-Type: text/x-markdown; charset=utf-8
Content-Length: 22
Host: localhost:41305
Connection: keep-alive
Accept-Encoding: gzip
User-Agent: okhttp/3.12.3


03:19:47.285 [qtp1449772539-36] DEBUG org.eclipse.jetty.server.HttpConnection - HttpConnection@e5e94ad::SocketChannelEndPoint@6c482127{l=/127.0.0.1:41305,r=/127.0.0.1:50594,OPEN,fill=-,flush=-,to=0/30000}{io=0/0,kio=0,kro=1}->HttpConnection@e5e94ad[p=HttpParser{s=CONTENT,0 of 22},g=HttpGenerator@76dd2c74{s=START}]=>HttpChannelOverHttp@66b04a57{s=HttpChannelState@23b2c8e5{s=IDLE rs=BLOCKING os=OPEN is=IDLE awp=false se=false i=true al=0},r=2,c=false/false,a=IDLE,uri=//localhost:41305/,age=0} parsed true HttpParser{s=CONTENT,0 of 22}
03:19:47.285 [qtp1449772539-36] DEBUG org.eclipse.jetty.server.HttpChannel - handle //localhost:41305/ HttpChannelOverHttp@66b04a57{s=HttpChannelState@23b2c8e5{s=IDLE rs=BLOCKING os=OPEN is=IDLE awp=false se=false i=true al=0},r=2,c=false/false,a=IDLE,uri=//localhost:41305/,age=0} 
03:19:47.285 [qtp1449772539-36] DEBUG org.eclipse.jetty.server.HttpChannelState - handling HttpChannelState@23b2c8e5{s=IDLE rs=BLOCKING os=OPEN is=IDLE awp=false se=false i=true al=0}
03:19:47.285 [qtp1449772539-36] DEBUG org.eclipse.jetty.server.HttpChannel - action DISPATCH HttpChannelOverHttp@66b04a57{s=HttpChannelState@23b2c8e5{s=HANDLING rs=BLOCKING os=OPEN is=IDLE awp=false se=false i=true al=0},r=2,c=false/false,a=HANDLING,uri=//localhost:41305/,age=0}
03:19:47.285 [qtp1449772539-36] DEBUG org.eclipse.jetty.server.Server - REQUEST POST / on HttpChannelOverHttp@66b04a57{s=HttpChannelState@23b2c8e5{s=HANDLING rs=BLOCKING os=OPEN is=IDLE awp=false se=false i=true al=0},r=2,c=false/false,a=HANDLING,uri=//localhost:41305/,age=0}
03:19:47.285 [qtp1449772539-36] INFO org.apache.nifi.minifi.bootstrap.configuration.ingestors.RestChangeIngestor - >>>>>>>>>>>>>>>>>>>>>>>>>>>>>>>>>>>>>>>>>>>>
03:19:47.285 [qtp1449772539-36] INFO org.apache.nifi.minifi.bootstrap.configuration.ingestors.RestChangeIngestor - request method = POST
03:19:47.285 [qtp1449772539-36] INFO org.apache.nifi.minifi.bootstrap.configuration.ingestors.RestChangeIngestor - request url = http://localhost:41305/
03:19:47.285 [qtp1449772539-36] INFO org.apache.nifi.minifi.bootstrap.configuration.ingestors.RestChangeIngestor - context path = null
03:19:47.285 [qtp1449772539-36] INFO org.apache.nifi.minifi.bootstrap.configuration.ingestors.RestChangeIngestor - request content type = text/x-markdown; charset=utf-8
03:19:47.285 [qtp1449772539-36] INFO org.apache.nifi.minifi.bootstrap.configuration.ingestors.RestChangeIngestor - <<<<<<<<<<<<<<<<<<<<<<<<<<<<<<<<<<<<<<<<<<<<
03:19:47.286 [qtp1449772539-36] DEBUG org.eclipse.jetty.server.HttpConnection - HttpConnection@e5e94ad::SocketChannelEndPoint@6c482127{l=/127.0.0.1:41305,r=/127.0.0.1:50594,OPEN,fill=-,flush=-,to=1/30000}{io=0/0,kio=0,kro=1}->HttpConnection@e5e94ad[p=HttpParser{s=CONTENT,0 of 22},g=HttpGenerator@76dd2c74{s=START}]=>HttpChannelOverHttp@66b04a57{s=HttpChannelState@23b2c8e5{s=HANDLING rs=BLOCKING os=OPEN is=IDLE awp=false se=false i=true al=0},r=2,c=false/false,a=HANDLING,uri=//localhost:41305/,age=1} parse HeapByteBuffer@fcdef27[p=198,l=220,c=8192,r=22]={POST / HT...2.3\r\n\r\n<<<This is a test string.>>>\x00\x00\x00\x00\x00\x00\x00\x00\x00...\x00\x00\x00\x00\x00\x00\x00} {}
03:19:47.286 [qtp1449772539-36] DEBUG org.eclipse.jetty.http.HttpParser - parseNext s=CONTENT HeapByteBuffer@fcdef27[p=198,l=220,c=8192,r=22]={POST / HT...2.3\r\n\r\n<<<This is a test string.>>>\x00\x00\x00\x00\x00\x00\x00\x00\x00...\x00\x00\x00\x00\x00\x00\x00}
03:19:47.286 [qtp1449772539-36] DEBUG org.eclipse.jetty.server.HttpChannel - onContent HttpChannelOverHttp@66b04a57{s=HttpChannelState@23b2c8e5{s=HANDLING rs=BLOCKING os=OPEN is=IDLE awp=false se=false i=true al=0},r=2,c=false/false,a=HANDLING,uri=//localhost:41305/,age=1} Content@7fcc0131{HeapByteBufferR@5215d4de[p=198,l=220,c=8192,r=22]={POST / HT...2.3\r\n\r\n<<<This is a test string.>>>\x00\x00\x00\x00\x00\x00\x00\x00\x00...\x00\x00\x00\x00\x00\x00\x00}}
03:19:47.286 [qtp1449772539-36] DEBUG org.eclipse.jetty.server.HttpInput - HttpInputOverHTTP@4387b2f4[c=0,q=0,[0]=null,s=STREAM] addContent Content@7fcc0131{HeapByteBufferR@5215d4de[p=198,l=220,c=8192,r=22]={POST / HT...2.3\r\n\r\n<<<This is a test string.>>>\x00\x00\x00\x00\x00\x00\x00\x00\x00...\x00\x00\x00\x00\x00\x00\x00}}
03:19:47.286 [qtp1449772539-36] DEBUG org.eclipse.jetty.http.HttpParser - CONTENT --> CONTENT_END
03:19:47.286 [qtp1449772539-36] DEBUG org.eclipse.jetty.server.HttpChannel - onContentComplete HttpChannelOverHttp@66b04a57{s=HttpChannelState@23b2c8e5{s=HANDLING rs=BLOCKING os=OPEN is=IDLE awp=false se=false i=true al=0},r=2,c=false/false,a=HANDLING,uri=//localhost:41305/,age=1}
03:19:47.286 [qtp1449772539-36] DEBUG org.eclipse.jetty.http.HttpParser - CONTENT_END --> END
03:19:47.286 [qtp1449772539-36] DEBUG org.eclipse.jetty.server.HttpChannel - onRequestComplete HttpChannelOverHttp@66b04a57{s=HttpChannelState@23b2c8e5{s=HANDLING rs=BLOCKING os=OPEN is=IDLE awp=false se=false i=true al=0},r=2,c=false/false,a=HANDLING,uri=//localhost:41305/,age=1}
03:19:47.286 [qtp1449772539-36] DEBUG org.eclipse.jetty.server.HttpInput - HttpInputOverHTTP@4387b2f4[c=0,q=1,[0]=EOF,s=STREAM] addContent EOF
03:19:47.286 [qtp1449772539-36] DEBUG org.eclipse.jetty.server.HttpConnection - HttpConnection@e5e94ad::SocketChannelEndPoint@6c482127{l=/127.0.0.1:41305,r=/127.0.0.1:50594,OPEN,fill=-,flush=-,to=2/30000}{io=0/0,kio=0,kro=1}->HttpConnection@e5e94ad[p=HttpParser{s=END,22 of 22},g=HttpGenerator@76dd2c74{s=START}]=>HttpChannelOverHttp@66b04a57{s=HttpChannelState@23b2c8e5{s=HANDLING rs=BLOCKING os=OPEN is=IDLE awp=false se=false i=true al=0},r=2,c=false/false,a=HANDLING,uri=//localhost:41305/,age=1} parsed false HttpParser{s=END,22 of 22}
03:19:47.286 [qtp1449772539-36] DEBUG org.eclipse.jetty.server.HttpInput - HttpInputOverHTTP@4387b2f4[c=1,q=1,[0]=EOF,s=STREAM] read 1 from Content@7fcc0131{HeapByteBufferR@5215d4de[p=199,l=220,c=8192,r=21]={POST / HT....3\r\n\r\nT<<<his is a test string.>>>\x00\x00\x00\x00\x00\x00\x00\x00\x00...\x00\x00\x00\x00\x00\x00\x00}}
03:19:47.286 [qtp1449772539-36] DEBUG org.eclipse.jetty.server.HttpInput - HttpInputOverHTTP@4387b2f4[c=2,q=1,[0]=EOF,s=STREAM] read 1 from Content@7fcc0131{HeapByteBufferR@5215d4de[p=200,l=220,c=8192,r=20]={POST / HT...3\r\n\r\nTh<<<is is a test string.>>>\x00\x00\x00\x00\x00\x00\x00\x00\x00...\x00\x00\x00\x00\x00\x00\x00}}
03:19:47.286 [qtp1449772539-36] DEBUG org.eclipse.jetty.server.HttpInput - HttpInputOverHTTP@4387b2f4[c=3,q=1,[0]=EOF,s=STREAM] read 1 from Content@7fcc0131{HeapByteBufferR@5215d4de[p=201,l=220,c=8192,r=19]={POST / HT...\r\n\r\nThi<<<s is a test string.>>>\x00\x00\x00\x00\x00\x00\x00\x00\x00...\x00\x00\x00\x00\x00\x00\x00}}
03:19:47.286 [qtp1449772539-36] DEBUG org.eclipse.jetty.server.HttpInput - HttpInputOverHTTP@4387b2f4[c=4,q=1,[0]=EOF,s=STREAM] read 1 from Content@7fcc0131{HeapByteBufferR@5215d4de[p=202,l=220,c=8192,r=18]={POST / HT...\n\r\nThis<<< is a test string.>>>\x00\x00\x00\x00\x00\x00\x00\x00\x00...\x00\x00\x00\x00\x00\x00\x00}}
03:19:47.286 [qtp1449772539-36] DEBUG org.eclipse.jetty.server.HttpInput - HttpInputOverHTTP@4387b2f4[c=5,q=1,[0]=EOF,s=STREAM] read 1 from Content@7fcc0131{HeapByteBufferR@5215d4de[p=203,l=220,c=8192,r=17]={POST / HT...\r\nThis <<<is a test string.>>>\x00\x00\x00\x00\x00\x00\x00\x00\x00...\x00\x00\x00\x00\x00\x00\x00}}
03:19:47.286 [qtp1449772539-36] DEBUG org.eclipse.jetty.server.HttpInput - HttpInputOverHTTP@4387b2f4[c=6,q=1,[0]=EOF,s=STREAM] read 1 from Content@7fcc0131{HeapByteBufferR@5215d4de[p=204,l=220,c=8192,r=16]={POST / HT...\nThis i<<<s a test string.>>>\x00\x00\x00\x00\x00\x00\x00\x00\x00...\x00\x00\x00\x00\x00\x00\x00}}
03:19:47.287 [qtp1449772539-36] DEBUG org.eclipse.jetty.server.HttpInput - HttpInputOverHTTP@4387b2f4[c=7,q=1,[0]=EOF,s=STREAM] read 1 from Content@7fcc0131{HeapByteBufferR@5215d4de[p=205,l=220,c=8192,r=15]={POST / HT...This is<<< a test string.>>>\x00\x00\x00\x00\x00\x00\x00\x00\x00...\x00\x00\x00\x00\x00\x00\x00}}
03:19:47.287 [qtp1449772539-36] DEBUG org.eclipse.jetty.server.HttpInput - HttpInputOverHTTP@4387b2f4[c=8,q=1,[0]=EOF,s=STREAM] read 1 from Content@7fcc0131{HeapByteBufferR@5215d4de[p=206,l=220,c=8192,r=14]={POST / HT...his is <<<a test string.>>>\x00\x00\x00\x00\x00\x00\x00\x00\x00...\x00\x00\x00\x00\x00\x00\x00}}
03:19:47.287 [qtp1449772539-36] DEBUG org.eclipse.jetty.server.HttpInput - HttpInputOverHTTP@4387b2f4[c=9,q=1,[0]=EOF,s=STREAM] read 1 from Content@7fcc0131{HeapByteBufferR@5215d4de[p=207,l=220,c=8192,r=13]={POST / HT...is is a<<< test string.>>>\x00\x00\x00\x00\x00\x00\x00\x00\x00...\x00\x00\x00\x00\x00\x00\x00}}
03:19:47.287 [qtp1449772539-36] DEBUG org.eclipse.jetty.server.HttpInput - HttpInputOverHTTP@4387b2f4[c=10,q=1,[0]=EOF,s=STREAM] read 1 from Content@7fcc0131{HeapByteBufferR@5215d4de[p=208,l=220,c=8192,r=12]={POST / HT...s is a <<<test string.>>>\x00\x00\x00\x00\x00\x00\x00\x00\x00...\x00\x00\x00\x00\x00\x00\x00}}
03:19:47.287 [qtp1449772539-36] DEBUG org.eclipse.jetty.server.HttpInput - HttpInputOverHTTP@4387b2f4[c=11,q=1,[0]=EOF,s=STREAM] read 1 from Content@7fcc0131{HeapByteBufferR@5215d4de[p=209,l=220,c=8192,r=11]={POST / HT... is a t<<<est string.>>>\x00\x00\x00\x00\x00\x00\x00\x00\x00...\x00\x00\x00\x00\x00\x00\x00}}
03:19:47.287 [qtp1449772539-36] DEBUG org.eclipse.jetty.server.HttpInput - HttpInputOverHTTP@4387b2f4[c=12,q=1,[0]=EOF,s=STREAM] read 1 from Content@7fcc0131{HeapByteBufferR@5215d4de[p=210,l=220,c=8192,r=10]={POST / HT...is a te<<<st string.>>>\x00\x00\x00\x00\x00\x00\x00\x00\x00...\x00\x00\x00\x00\x00\x00\x00}}
03:19:47.287 [qtp1449772539-36] DEBUG org.eclipse.jetty.server.HttpInput - HttpInputOverHTTP@4387b2f4[c=13,q=1,[0]=EOF,s=STREAM] read 1 from Content@7fcc0131{HeapByteBufferR@5215d4de[p=211,l=220,c=8192,r=9]={POST / HT...s a tes<<<t string.>>>\x00\x00\x00\x00\x00\x00\x00\x00\x00...\x00\x00\x00\x00\x00\x00\x00}}
03:19:47.287 [qtp1449772539-36] DEBUG org.eclipse.jetty.server.HttpInput - HttpInputOverHTTP@4387b2f4[c=14,q=1,[0]=EOF,s=STREAM] read 1 from Content@7fcc0131{HeapByteBufferR@5215d4de[p=212,l=220,c=8192,r=8]={POST / HT... a test<<< string.>>>\x00\x00\x00\x00\x00\x00\x00\x00\x00...\x00\x00\x00\x00\x00\x00\x00}}
03:19:47.287 [qtp1449772539-36] DEBUG org.eclipse.jetty.server.HttpInput - HttpInputOverHTTP@4387b2f4[c=15,q=1,[0]=EOF,s=STREAM] read 1 from Content@7fcc0131{HeapByteBufferR@5215d4de[p=213,l=220,c=8192,r=7]={POST / HT...a test <<<string.>>>\x00\x00\x00\x00\x00\x00\x00\x00\x00...\x00\x00\x00\x00\x00\x00\x00}}
03:19:47.287 [qtp1449772539-36] DEBUG org.eclipse.jetty.server.HttpInput - HttpInputOverHTTP@4387b2f4[c=16,q=1,[0]=EOF,s=STREAM] read 1 from Content@7fcc0131{HeapByteBufferR@5215d4de[p=214,l=220,c=8192,r=6]={POST / HT... test s<<<tring.>>>\x00\x00\x00\x00\x00\x00\x00\x00\x00...\x00\x00\x00\x00\x00\x00\x00}}
03:19:47.287 [qtp1449772539-36] DEBUG org.eclipse.jetty.server.HttpInput - HttpInputOverHTTP@4387b2f4[c=17,q=1,[0]=EOF,s=STREAM] read 1 from Content@7fcc0131{HeapByteBufferR@5215d4de[p=215,l=220,c=8192,r=5]={POST / HT...test st<<<ring.>>>\x00\x00\x00\x00\x00\x00\x00\x00\x00...\x00\x00\x00\x00\x00\x00\x00}}
03:19:47.287 [qtp1449772539-36] DEBUG org.eclipse.jetty.server.HttpInput - HttpInputOverHTTP@4387b2f4[c=18,q=1,[0]=EOF,s=STREAM] read 1 from Content@7fcc0131{HeapByteBufferR@5215d4de[p=216,l=220,c=8192,r=4]={POST / HT...est str<<<ing.>>>\x00\x00\x00\x00\x00\x00\x00\x00\x00...\x00\x00\x00\x00\x00\x00\x00}}
03:19:47.287 [qtp1449772539-36] DEBUG org.eclipse.jetty.server.HttpInput - HttpInputOverHTTP@4387b2f4[c=19,q=1,[0]=EOF,s=STREAM] read 1 from Content@7fcc0131{HeapByteBufferR@5215d4de[p=217,l=220,c=8192,r=3]={POST / HT...st stri<<<ng.>>>\x00\x00\x00\x00\x00\x00\x00\x00\x00...\x00\x00\x00\x00\x00\x00\x00}}
03:19:47.287 [qtp1449772539-36] DEBUG org.eclipse.jetty.server.HttpInput - HttpInputOverHTTP@4387b2f4[c=20,q=1,[0]=EOF,s=STREAM] read 1 from Content@7fcc0131{HeapByteBufferR@5215d4de[p=218,l=220,c=8192,r=2]={POST / HT...t strin<<<g.>>>\x00\x00\x00\x00\x00\x00\x00\x00\x00...\x00\x00\x00\x00\x00\x00\x00}}
03:19:47.287 [qtp1449772539-36] DEBUG org.eclipse.jetty.server.HttpInput - HttpInputOverHTTP@4387b2f4[c=21,q=1,[0]=EOF,s=STREAM] read 1 from Content@7fcc0131{HeapByteBufferR@5215d4de[p=219,l=220,c=8192,r=1]={POST / HT... string<<<.>>>\x00\x00\x00\x00\x00\x00\x00\x00\x00...\x00\x00\x00\x00\x00\x00\x00}}
03:19:47.287 [qtp1449772539-36] DEBUG org.eclipse.jetty.server.HttpInput - HttpInputOverHTTP@4387b2f4[c=22,q=1,[0]=EOF,s=STREAM] read 1 from Content@7fcc0131{HeapByteBufferR@5215d4de[p=220,l=220,c=8192,r=0]={POST / HT...string.<<<>>>\x00\x00\x00\x00\x00\x00\x00\x00\x00...\x00\x00\x00\x00\x00\x00\x00}}
03:19:47.287 [qtp1449772539-36] DEBUG org.eclipse.jetty.server.HttpConnection - releaseRequestBuffer HttpConnection@e5e94ad::SocketChannelEndPoint@6c482127{l=/127.0.0.1:41305,r=/127.0.0.1:50594,OPEN,fill=-,flush=-,to=2/30000}{io=0/0,kio=0,kro=1}->HttpConnection@e5e94ad[p=HttpParser{s=END,22 of 22},g=HttpGenerator@76dd2c74{s=START}]=>HttpChannelOverHttp@66b04a57{s=HttpChannelState@23b2c8e5{s=HANDLING rs=BLOCKING os=OPEN is=IDLE awp=false se=false i=true al=0},r=2,c=false/false,a=HANDLING,uri=//localhost:41305/,age=2}
03:19:47.287 [qtp1449772539-36] DEBUG org.eclipse.jetty.server.HttpOutput - write(array HeapByteBuffer@78f7fd2[p=0,l=100,c=512,r=100]={<<<The result of notifying l...e configuration change\n>>>d a conf....\x00\x00\x00\x00\x00\x00\x00})
03:19:47.287 [qtp1449772539-36] DEBUG org.eclipse.jetty.server.HttpOutput - write(array) s=CLOSING,api=BLOCKED,sc=false,e=null last=true agg=false flush=true async=false, len=100 null
03:19:47.287 [qtp1449772539-36] DEBUG org.eclipse.jetty.server.HttpChannel - sendResponse info=null content=HeapByteBuffer@3930bdc[p=0,l=100,c=512,r=100]={<<<The result of notifying l...e configuration change\n>>>d a conf....\x00\x00\x00\x00\x00\x00\x00} complete=true committing=true callback=Blocker@713d0ab1{null}
03:19:47.288 [qtp1449772539-36] DEBUG org.eclipse.jetty.server.HttpChannel - COMMIT for / on HttpChannelOverHttp@66b04a57{s=HttpChannelState@23b2c8e5{s=HANDLING rs=BLOCKING os=COMMITTED is=IDLE awp=false se=false i=true al=0},r=2,c=false/false,a=HANDLING,uri=//localhost:41305/,age=3}
200 null HTTP/1.1
Date: Thu, 02 May 2024 02:19:47 GMT
Content-Type: text/plain;charset=iso-8859-1
Content-Length: 100


03:19:47.288 [qtp1449772539-36] DEBUG org.eclipse.jetty.server.HttpConnection - generate: NEED_HEADER for SendCallback@58833ffd[PROCESSING][i=HTTP/1.1{s=200,h=3,cl=100},cb=org.eclipse.jetty.server.HttpChannel$SendCallback@1cc94716] (null,[p=0,l=100,c=512,r=100],true)@START
03:19:47.288 [qtp1449772539-36] DEBUG org.eclipse.jetty.http.HttpGenerator - generateHeaders HTTP/1.1{s=200,h=3,cl=100} last=true content=HeapByteBuffer@3930bdc[p=0,l=100,c=512,r=100]={<<<The result of notifying l...e configuration change\n>>>d a conf....\x00\x00\x00\x00\x00\x00\x00}
03:19:47.288 [qtp1449772539-36] DEBUG org.eclipse.jetty.http.HttpGenerator - Date: Thu, 02 May 2024 02:19:47 GMT
Content-Type: text/plain;charset=iso-8859-1
Content-Length: 100


03:19:47.288 [qtp1449772539-36] DEBUG org.eclipse.jetty.http.HttpGenerator - CONTENT_LENGTH
03:19:47.288 [qtp1449772539-36] DEBUG org.eclipse.jetty.server.HttpConnection - generate: FLUSH for SendCallback@58833ffd[PROCESSING][i=HTTP/1.1{s=200,h=3,cl=100},cb=org.eclipse.jetty.server.HttpChannel$SendCallback@1cc94716] ([p=0,l=155,c=8192,r=155],[p=0,l=100,c=512,r=100],true)@COMPLETING
03:19:47.288 [qtp1449772539-36] DEBUG org.eclipse.jetty.io.WriteFlusher - write: WriteFlusher@1bcbf0c3{IDLE}->null [HeapByteBuffer@fcdef27[p=0,l=155,c=8192,r=155]={<<<HTTP/1.1 200 OK\r\nDate: Th...y(9.4.44.v20210927)\r\n\r\n>>>coding: g...\x00\x00\x00\x00\x00\x00\x00},HeapByteBuffer@3930bdc[p=0,l=100,c=512,r=100]={<<<The result of notifying l...e configuration change\n>>>d a conf....\x00\x00\x00\x00\x00\x00\x00}]
03:19:47.288 [qtp1449772539-36] DEBUG org.eclipse.jetty.io.WriteFlusher - update WriteFlusher@1bcbf0c3{WRITING}->null:IDLE-->WRITING
03:19:47.288 [qtp1449772539-36] DEBUG org.eclipse.jetty.io.ChannelEndPoint - flushed 255 SocketChannelEndPoint@6c482127{l=/127.0.0.1:41305,r=/127.0.0.1:50594,OPEN,fill=-,flush=W,to=4/30000}{io=0/0,kio=0,kro=1}->HttpConnection@e5e94ad[p=HttpParser{s=END,22 of 22},g=HttpGenerator@76dd2c74{s=COMPLETING}]=>HttpChannelOverHttp@66b04a57{s=HttpChannelState@23b2c8e5{s=HANDLING rs=BLOCKING os=COMMITTED is=IDLE awp=false se=false i=true al=0},r=2,c=false/false,a=HANDLING,uri=//localhost:41305/,age=3}
Date: Thu, 02 May 2024 02:19:47 GMT
03:19:47.288 [qtp1449772539-36] DEBUG org.eclipse.jetty.io.WriteFlusher - Flushed=true written=255 remaining=0 WriteFlusher@1bcbf0c3{WRITING}->null
Content-Type: text/plain;charset=iso-8859-1
Content-Length: 100
Server: Jetty(9.4.44.v20210927)
03:19:47.288 [qtp1449772539-36] DEBUG org.eclipse.jetty.io.WriteFlusher - update WriteFlusher@1bcbf0c3{IDLE}->null:WRITING-->IDLE
03:19:47.288 [qtp1449772539-36] DEBUG org.eclipse.jetty.server.HttpConnection - generate: DONE for SendCallback@58833ffd[PROCESSING][i=HTTP/1.1{s=200,h=3,cl=100},cb=org.eclipse.jetty.server.HttpChannel$SendCallback@1cc94716] ([p=155,l=155,c=8192,r=0],[p=100,l=100,c=512,r=0],true)@END
03:19:47.288 [qtp1449772539-36] DEBUG org.eclipse.jetty.server.HttpOutput - onWriteComplete(true,null) s=CLOSING,api=BLOCKED,sc=false,e=null->s=CLOSED,api=BLOCKING,sc=false,e=null c=null cb=null w=false
03:19:47.288 [qtp1449772539-36] DEBUG org.eclipse.jetty.server.HttpOutput - close() s=CLOSED,api=BLOCKING,sc=false,e=null c=null b=null
03:19:47.288 [qtp1449772539-36] DEBUG org.eclipse.jetty.server.Server - handled=true async=false committed=true on HttpChannelOverHttp@66b04a57{s=HttpChannelState@23b2c8e5{s=HANDLING rs=BLOCKING os=COMPLETED is=IDLE awp=false se=false i=true al=0},r=2,c=false/true,a=HANDLING,uri=//localhost:41305/,age=3}
03:19:47.288 [qtp1449772539-36] DEBUG org.eclipse.jetty.server.HttpChannelState - unhandle HttpChannelState@23b2c8e5{s=HANDLING rs=BLOCKING os=COMPLETED is=IDLE awp=false se=false i=true al=0}
03:19:47.288 [qtp1449772539-36] DEBUG org.eclipse.jetty.server.HttpChannelState - nextAction(false) COMPLETE HttpChannelState@23b2c8e5{s=HANDLING rs=COMPLETING os=COMPLETED is=IDLE awp=false se=false i=false al=0}
03:19:47.289 [qtp1449772539-36] DEBUG org.eclipse.jetty.server.HttpChannel - action COMPLETE HttpChannelOverHttp@66b04a57{s=HttpChannelState@23b2c8e5{s=HANDLING rs=COMPLETING os=COMPLETED is=IDLE awp=false se=false i=false al=0},r=2,c=false/true,a=HANDLING,uri=//localhost:41305/,age=3}
03:19:47.289 [qtp1449772539-36] DEBUG org.eclipse.jetty.server.HttpOutput - complete(org.eclipse.jetty.util.Callback$3@6086c375) s=CLOSED,api=BLOCKING,sc=false,e=null s=true e=null, c=null
03:19:47.289 [qtp1449772539-36] DEBUG org.eclipse.jetty.server.HttpChannelState - completed HttpChannelState@23b2c8e5{s=HANDLING rs=COMPLETING os=COMPLETED is=IDLE awp=false se=false i=false al=0}
]]></system-out>
  </testcase>
  <testcase name="testFileUploadSameConfig" classname="org.apache.nifi.minifi.bootstrap.configuration.ingestors.RestChangeIngestorTest" time="0.006">
    <system-out><![CDATA[03:19:47.289 [qtp1449772539-36] DEBUG org.eclipse.jetty.server.HttpChannelState - unhandle HttpChannelState@23b2c8e5{s=HANDLING rs=COMPLETED os=COMPLETED is=IDLE awp=false se=false i=false al=0}
03:19:47.289 [qtp1449772539-36] DEBUG org.eclipse.jetty.server.HttpChannelState - nextAction(false) TERMINATED HttpChannelState@23b2c8e5{s=IDLE rs=COMPLETED os=COMPLETED is=IDLE awp=false se=false i=false al=0}
03:19:47.289 [qtp1449772539-36] DEBUG org.eclipse.jetty.server.HttpChannel - action TERMINATED HttpChannelOverHttp@66b04a57{s=HttpChannelState@23b2c8e5{s=IDLE rs=COMPLETED os=COMPLETED is=IDLE awp=false se=false i=false al=0},r=2,c=true/true,a=IDLE,uri=//localhost:41305/,age=4}
03:19:47.289 [qtp1449772539-36] DEBUG org.eclipse.jetty.server.HttpChannel - onCompleted for / written=100
03:19:47.289 [qtp1449772539-36] DEBUG org.eclipse.jetty.server.HttpChannelState - recycle HttpChannelState@23b2c8e5{s=IDLE rs=COMPLETED os=COMPLETED is=IDLE awp=false se=false i=false al=0}
03:19:47.289 [qtp1449772539-36] DEBUG org.eclipse.jetty.http.HttpParser - reset HttpParser{s=END,22 of 22}
03:19:47.289 [qtp1449772539-36] DEBUG org.eclipse.jetty.http.HttpParser - END --> START
03:19:47.289 [qtp1449772539-36] DEBUG org.eclipse.jetty.server.HttpChannel - !handle TERMINATED HttpChannelOverHttp@66b04a57{s=HttpChannelState@23b2c8e5{s=IDLE rs=BLOCKING os=OPEN is=IDLE awp=false se=false i=true al=0},r=2,c=false/false,a=IDLE,uri=null,age=0}
03:19:47.289 [qtp1449772539-36] DEBUG org.eclipse.jetty.io.ChannelEndPoint - filled 0 HeapByteBuffer@fcdef27[p=0,l=0,c=8192,r=0]={<<<>>>HTTP/1.1 ...\x00\x00\x00\x00\x00\x00\x00}
03:19:47.289 [qtp1449772539-36] DEBUG org.eclipse.jetty.io.ChannelEndPoint - filled 0 HeapByteBuffer@fcdef27[p=0,l=0,c=8192,r=0]={<<<>>>HTTP/1.1 ...\x00\x00\x00\x00\x00\x00\x00}
03:19:47.289 [qtp1449772539-36] DEBUG org.eclipse.jetty.server.HttpConnection - HttpConnection@e5e94ad::SocketChannelEndPoint@6c482127{l=/127.0.0.1:41305,r=/127.0.0.1:50594,OPEN,fill=-,flush=-,to=1/30000}{io=0/0,kio=0,kro=1}->HttpConnection@e5e94ad[p=HttpParser{s=START,0 of -1},g=HttpGenerator@76dd2c74{s=START}]=>HttpChannelOverHttp@66b04a57{s=HttpChannelState@23b2c8e5{s=IDLE rs=BLOCKING os=OPEN is=IDLE awp=false se=false i=true al=0},r=2,c=false/false,a=IDLE,uri=null,age=0} filled 0 HeapByteBuffer@fcdef27[p=0,l=0,c=8192,r=0]={<<<>>>HTTP/1.1 ...\x00\x00\x00\x00\x00\x00\x00}
03:19:47.290 [qtp1449772539-36] DEBUG org.eclipse.jetty.server.HttpConnection - HttpConnection@e5e94ad::SocketChannelEndPoint@6c482127{l=/127.0.0.1:41305,r=/127.0.0.1:50594,OPEN,fill=-,flush=-,to=1/30000}{io=0/0,kio=0,kro=1}->HttpConnection@e5e94ad[p=HttpParser{s=START,0 of -1},g=HttpGenerator@76dd2c74{s=START}]=>HttpChannelOverHttp@66b04a57{s=HttpChannelState@23b2c8e5{s=IDLE rs=BLOCKING os=OPEN is=IDLE awp=false se=false i=true al=0},r=2,c=false/false,a=IDLE,uri=null,age=0} parse HeapByteBuffer@fcdef27[p=0,l=0,c=8192,r=0]={<<<>>>HTTP/1.1 ...\x00\x00\x00\x00\x00\x00\x00} {}
03:19:47.290 [qtp1449772539-36] DEBUG org.eclipse.jetty.http.HttpParser - parseNext s=START HeapByteBuffer@fcdef27[p=0,l=0,c=8192,r=0]={<<<>>>HTTP/1.1 ...\x00\x00\x00\x00\x00\x00\x00}
03:19:47.290 [qtp1449772539-36] DEBUG org.eclipse.jetty.server.HttpConnection - HttpConnection@e5e94ad::SocketChannelEndPoint@6c482127{l=/127.0.0.1:41305,r=/127.0.0.1:50594,OPEN,fill=-,flush=-,to=1/30000}{io=0/0,kio=0,kro=1}->HttpConnection@e5e94ad[p=HttpParser{s=START,0 of -1},g=HttpGenerator@76dd2c74{s=START}]=>HttpChannelOverHttp@66b04a57{s=HttpChannelState@23b2c8e5{s=IDLE rs=BLOCKING os=OPEN is=IDLE awp=false se=false i=true al=0},r=2,c=false/false,a=IDLE,uri=null,age=0} parsed false HttpParser{s=START,0 of -1}
03:19:47.290 [qtp1449772539-36] DEBUG org.eclipse.jetty.server.HttpConnection - releaseRequestBuffer HttpConnection@e5e94ad::SocketChannelEndPoint@6c482127{l=/127.0.0.1:41305,r=/127.0.0.1:50594,OPEN,fill=-,flush=-,to=1/30000}{io=0/0,kio=0,kro=1}->HttpConnection@e5e94ad[p=HttpParser{s=START,0 of -1},g=HttpGenerator@76dd2c74{s=START}]=>HttpChannelOverHttp@66b04a57{s=HttpChannelState@23b2c8e5{s=IDLE rs=BLOCKING os=OPEN is=IDLE awp=false se=false i=true al=0},r=2,c=false/false,a=IDLE,uri=null,age=0}
03:19:47.290 [qtp1449772539-36] DEBUG org.eclipse.jetty.io.AbstractConnection - fillInterested HttpConnection@e5e94ad::SocketChannelEndPoint@6c482127{l=/127.0.0.1:41305,r=/127.0.0.1:50594,OPEN,fill=-,flush=-,to=1/30000}{io=0/0,kio=0,kro=1}->HttpConnection@e5e94ad[p=HttpParser{s=START,0 of -1},g=HttpGenerator@76dd2c74{s=START}]=>HttpChannelOverHttp@66b04a57{s=HttpChannelState@23b2c8e5{s=IDLE rs=BLOCKING os=OPEN is=IDLE awp=false se=false i=true al=0},r=2,c=false/false,a=IDLE,uri=null,age=0}
03:19:47.290 [qtp1449772539-36] DEBUG org.eclipse.jetty.io.FillInterest - interested FillInterest@439d37aa{AC.ReadCB@e5e94ad{HttpConnection@e5e94ad::SocketChannelEndPoint@6c482127{l=/127.0.0.1:41305,r=/127.0.0.1:50594,OPEN,fill=FI,flush=-,to=0/30000}{io=0/0,kio=0,kro=1}->HttpConnection@e5e94ad[p=HttpParser{s=START,0 of -1},g=HttpGenerator@76dd2c74{s=START}]=>HttpChannelOverHttp@66b04a57{s=HttpChannelState@23b2c8e5{s=IDLE rs=BLOCKING os=OPEN is=IDLE awp=false se=false i=true al=0},r=2,c=false/false,a=IDLE,uri=null,age=0}}}
03:19:47.290 [qtp1449772539-36] DEBUG org.eclipse.jetty.io.ChannelEndPoint - changeInterests p=false 0->1 for SocketChannelEndPoint@6c482127{l=/127.0.0.1:41305,r=/127.0.0.1:50594,OPEN,fill=FI,flush=-,to=0/30000}{io=0/1,kio=0,kro=1}->HttpConnection@e5e94ad[p=HttpParser{s=START,0 of -1},g=HttpGenerator@76dd2c74{s=START}]=>HttpChannelOverHttp@66b04a57{s=HttpChannelState@23b2c8e5{s=IDLE rs=BLOCKING os=OPEN is=IDLE awp=false se=false i=true al=0},r=2,c=false/false,a=IDLE,uri=null,age=0}
03:19:47.290 [qtp1449772539-36] DEBUG org.eclipse.jetty.io.ManagedSelector - Queued change lazy=false org.eclipse.jetty.io.ChannelEndPoint$$Lambda$255/90666987@391c2888 on ManagedSelector@5aac4250{STARTED} id=1 keys=1 selected=0 updates=0
03:19:47.290 [qtp1449772539-36] DEBUG org.eclipse.jetty.io.ManagedSelector - Wakeup on submit ManagedSelector@5aac4250{STARTED} id=1 keys=1 selected=0 updates=1
03:19:47.290 [qtp1449772539-41] DEBUG org.eclipse.jetty.io.ManagedSelector - Selector sun.nio.ch.EPollSelectorImpl@2c460550 woken with none selected
03:19:47.290 [qtp1449772539-41] DEBUG org.eclipse.jetty.io.ManagedSelector - Selector sun.nio.ch.EPollSelectorImpl@2c460550 woken up from select, 0/0/1 selected
03:19:47.290 [qtp1449772539-41] DEBUG org.eclipse.jetty.io.ManagedSelector - Selector sun.nio.ch.EPollSelectorImpl@2c460550 processing 0 keys, 1 updates
03:19:47.290 [qtp1449772539-41] DEBUG org.eclipse.jetty.io.ManagedSelector - updateable 1
03:19:47.290 [qtp1449772539-36] DEBUG org.eclipse.jetty.server.HttpConnection - HttpConnection@e5e94ad::SocketChannelEndPoint@6c482127{l=/127.0.0.1:41305,r=/127.0.0.1:50594,OPEN,fill=FI,flush=-,to=0/30000}{io=0/1,kio=0,kro=1}->HttpConnection@e5e94ad[p=HttpParser{s=START,0 of -1},g=HttpGenerator@76dd2c74{s=START}]=>HttpChannelOverHttp@66b04a57{s=HttpChannelState@23b2c8e5{s=IDLE rs=BLOCKING os=OPEN is=IDLE awp=false se=false i=true al=0},r=2,c=false/false,a=IDLE,uri=null,age=0} onFillable exit HttpChannelState@23b2c8e5{s=IDLE rs=BLOCKING os=OPEN is=IDLE awp=false se=false i=true al=0} null
03:19:47.290 [qtp1449772539-41] DEBUG org.eclipse.jetty.io.ManagedSelector - update org.eclipse.jetty.io.ChannelEndPoint$$Lambda$255/90666987@391c2888
03:19:47.290 [qtp1449772539-41] DEBUG org.eclipse.jetty.io.ChannelEndPoint - Key interests updated 0 -> 1 on SocketChannelEndPoint@6c482127{l=/127.0.0.1:41305,r=/127.0.0.1:50594,OPEN,fill=FI,flush=-,to=0/30000}{io=1/1,kio=1,kro=1}->HttpConnection@e5e94ad[p=HttpParser{s=START,0 of -1},g=HttpGenerator@76dd2c74{s=START}]=>HttpChannelOverHttp@66b04a57{s=HttpChannelState@23b2c8e5{s=IDLE rs=BLOCKING os=OPEN is=IDLE awp=false se=false i=true al=0},r=2,c=false/false,a=IDLE,uri=null,age=0}
03:19:47.291 [qtp1449772539-41] DEBUG org.eclipse.jetty.io.ManagedSelector - updates 0
03:19:47.291 [qtp1449772539-41] DEBUG org.eclipse.jetty.io.ManagedSelector - Selector sun.nio.ch.EPollSelectorImpl@2c460550 waiting with 1 keys
03:19:47.291 [qtp1449772539-36] DEBUG org.eclipse.jetty.util.thread.QueuedThreadPool - ran org.eclipse.jetty.io.ManagedSelector$$Lambda$253/838473569@613a8ee1 in QueuedThreadPool[qtp1449772539]@5669c5fb{STARTED,8<=8<=200,i=1,r=-1,q=0}[ReservedThreadExecutor@31d0e481{reserved=1/8,pending=0}]
03:19:47.291 [qtp1449772539-41] DEBUG org.eclipse.jetty.io.ManagedSelector - Selector sun.nio.ch.EPollSelectorImpl@2c460550 woken up from select, 1/1/1 selected
03:19:47.291 [qtp1449772539-41] DEBUG org.eclipse.jetty.io.ManagedSelector - Selector sun.nio.ch.EPollSelectorImpl@2c460550 processing 1 keys, 0 updates
03:19:47.291 [qtp1449772539-41] DEBUG org.eclipse.jetty.io.ManagedSelector - selected 1 sun.nio.ch.SelectionKeyImpl@2281fea8 SocketChannelEndPoint@6c482127{l=/127.0.0.1:41305,r=/127.0.0.1:50594,OPEN,fill=FI,flush=-,to=1/30000}{io=1/1,kio=1,kro=1}->HttpConnection@e5e94ad[p=HttpParser{s=START,0 of -1},g=HttpGenerator@76dd2c74{s=START}]=>HttpChannelOverHttp@66b04a57{s=HttpChannelState@23b2c8e5{s=IDLE rs=BLOCKING os=OPEN is=IDLE awp=false se=false i=true al=0},r=2,c=false/false,a=IDLE,uri=null,age=0} 
03:19:47.291 [qtp1449772539-41] DEBUG org.eclipse.jetty.io.ChannelEndPoint - onSelected 1->0 r=true w=false for SocketChannelEndPoint@6c482127{l=/127.0.0.1:41305,r=/127.0.0.1:50594,OPEN,fill=FI,flush=-,to=1/30000}{io=1/0,kio=1,kro=1}->HttpConnection@e5e94ad[p=HttpParser{s=START,0 of -1},g=HttpGenerator@76dd2c74{s=START}]=>HttpChannelOverHttp@66b04a57{s=HttpChannelState@23b2c8e5{s=IDLE rs=BLOCKING os=OPEN is=IDLE awp=false se=false i=true al=0},r=2,c=false/false,a=IDLE,uri=null,age=0}
03:19:47.292 [qtp1449772539-41] DEBUG org.eclipse.jetty.io.ChannelEndPoint - task CEP:SocketChannelEndPoint@6c482127{l=/127.0.0.1:41305,r=/127.0.0.1:50594,OPEN,fill=FI,flush=-,to=1/30000}{io=1/0,kio=1,kro=1}->HttpConnection@e5e94ad[p=HttpParser{s=START,0 of -1},g=HttpGenerator@76dd2c74{s=START}]=>HttpChannelOverHttp@66b04a57{s=HttpChannelState@23b2c8e5{s=IDLE rs=BLOCKING os=OPEN is=IDLE awp=false se=false i=true al=0},r=2,c=false/false,a=IDLE,uri=null,age=0}:runFillable:BLOCKING
03:19:47.292 [qtp1449772539-41] DEBUG org.eclipse.jetty.util.thread.ReservedThreadExecutor - ReservedThreadExecutor@31d0e481{reserved=1/8,pending=0} tryExecute EatWhatYouKill@6c45ee6e/SelectorProducer@6b3e12b5/PRODUCING/p=false/QueuedThreadPool[qtp1449772539]@5669c5fb{STARTED,8<=8<=200,i=2,r=-1,q=0}[ReservedThreadExecutor@31d0e481{reserved=1/8,pending=0}][pc=0,pic=0,pec=1,epc=1]@2024-05-02T03:19:47.292+01:00
03:19:47.292 [qtp1449772539-41] DEBUG org.eclipse.jetty.util.thread.ReservedThreadExecutor - ReservedThreadExecutor@31d0e481{reserved=0/8,pending=1} startReservedThread p=1
03:19:47.292 [qtp1449772539-41] DEBUG org.eclipse.jetty.util.thread.QueuedThreadPool - queue ReservedThread@5c7f7861{PENDING,thread=null} startThread=0
03:19:47.292 [qtp1449772539-42] DEBUG org.eclipse.jetty.util.thread.QueuedThreadPool - run ReservedThread@5c7f7861{PENDING,thread=null} in QueuedThreadPool[qtp1449772539]@5669c5fb{STARTED,8<=8<=200,i=1,r=-1,q=0}[ReservedThreadExecutor@31d0e481{reserved=0/8,pending=1}]
03:19:47.292 [qtp1449772539-42] DEBUG org.eclipse.jetty.util.thread.ReservedThreadExecutor - ReservedThread@5c7f7861{PENDING,thread=Thread[qtp1449772539-42,5,main]} was=PENDING next=RESERVED size=0+1 capacity=8
03:19:47.292 [qtp1449772539-42] DEBUG org.eclipse.jetty.util.thread.ReservedThreadExecutor - ReservedThread@5c7f7861{RESERVED,thread=Thread[qtp1449772539-42,5,main]} waiting ReservedThreadExecutor@31d0e481{reserved=1/8,pending=0}
03:19:47.292 [qtp1449772539-41] DEBUG org.eclipse.jetty.util.thread.strategy.EatWhatYouKill - EatWhatYouKill@6c45ee6e/SelectorProducer@6b3e12b5/IDLE/p=true/QueuedThreadPool[qtp1449772539]@5669c5fb{STARTED,8<=8<=200,i=1,r=-1,q=0}[ReservedThreadExecutor@31d0e481{reserved=0/8,pending=1}][pc=0,pic=0,pec=1,epc=1]@2024-05-02T03:19:47.292+01:00 m=EXECUTE_PRODUCE_CONSUME t=CEP:SocketChannelEndPoint@6c482127{l=/127.0.0.1:41305,r=/127.0.0.1:50594,OPEN,fill=FI,flush=-,to=2/30000}{io=1/0,kio=1,kro=1}->HttpConnection@e5e94ad[p=HttpParser{s=START,0 of -1},g=HttpGenerator@76dd2c74{s=START}]=>HttpChannelOverHttp@66b04a57{s=HttpChannelState@23b2c8e5{s=IDLE rs=BLOCKING os=OPEN is=IDLE awp=false se=false i=true al=0},r=2,c=false/false,a=IDLE,uri=null,age=0}:runFillable:BLOCKING/BLOCKING
03:19:47.292 [qtp1449772539-40] DEBUG org.eclipse.jetty.util.thread.ReservedThreadExecutor - ReservedThread@63bcf493{RESERVED,thread=Thread[qtp1449772539-40,5,main]} task=EatWhatYouKill@6c45ee6e/SelectorProducer@6b3e12b5/IDLE/p=true/QueuedThreadPool[qtp1449772539]@5669c5fb{STARTED,8<=8<=200,i=1,r=-1,q=0}[ReservedThreadExecutor@31d0e481{reserved=1/8,pending=0}][pc=0,pic=0,pec=1,epc=1]@2024-05-02T03:19:47.292+01:00 ReservedThreadExecutor@31d0e481{reserved=1/8,pending=0}
03:19:47.292 [qtp1449772539-41] DEBUG org.eclipse.jetty.io.FillInterest - fillable FillInterest@439d37aa{AC.ReadCB@e5e94ad{HttpConnection@e5e94ad::SocketChannelEndPoint@6c482127{l=/127.0.0.1:41305,r=/127.0.0.1:50594,OPEN,fill=FI,flush=-,to=2/30000}{io=1/0,kio=1,kro=1}->HttpConnection@e5e94ad[p=HttpParser{s=START,0 of -1},g=HttpGenerator@76dd2c74{s=START}]=>HttpChannelOverHttp@66b04a57{s=HttpChannelState@23b2c8e5{s=IDLE rs=BLOCKING os=OPEN is=IDLE awp=false se=false i=true al=0},r=2,c=false/false,a=IDLE,uri=null,age=0}}}
03:19:47.292 [qtp1449772539-40] DEBUG org.eclipse.jetty.util.thread.strategy.EatWhatYouKill - EatWhatYouKill@6c45ee6e/SelectorProducer@6b3e12b5/IDLE/p=true/QueuedThreadPool[qtp1449772539]@5669c5fb{STARTED,8<=8<=200,i=1,r=-1,q=0}[ReservedThreadExecutor@31d0e481{reserved=1/8,pending=0}][pc=0,pic=0,pec=1,epc=2]@2024-05-02T03:19:47.292+01:00 tryProduce true
03:19:47.292 [qtp1449772539-40] DEBUG org.eclipse.jetty.io.ManagedSelector - updateable 0
03:19:47.292 [qtp1449772539-41] DEBUG org.eclipse.jetty.server.HttpConnection - HttpConnection@e5e94ad::SocketChannelEndPoint@6c482127{l=/127.0.0.1:41305,r=/127.0.0.1:50594,OPEN,fill=-,flush=-,to=2/30000}{io=1/0,kio=1,kro=1}->HttpConnection@e5e94ad[p=HttpParser{s=START,0 of -1},g=HttpGenerator@76dd2c74{s=START}]=>HttpChannelOverHttp@66b04a57{s=HttpChannelState@23b2c8e5{s=IDLE rs=BLOCKING os=OPEN is=IDLE awp=false se=false i=true al=0},r=2,c=false/false,a=IDLE,uri=null,age=0} onFillable enter HttpChannelState@23b2c8e5{s=IDLE rs=BLOCKING os=OPEN is=IDLE awp=false se=false i=true al=0} null
03:19:47.292 [qtp1449772539-40] DEBUG org.eclipse.jetty.io.ManagedSelector - updates 0
03:19:47.292 [qtp1449772539-40] DEBUG org.eclipse.jetty.io.ChannelEndPoint - Key interests updated 1 -> 0 on SocketChannelEndPoint@6c482127{l=/127.0.0.1:41305,r=/127.0.0.1:50594,OPEN,fill=-,flush=-,to=2/30000}{io=0/0,kio=0,kro=1}->HttpConnection@e5e94ad[p=HttpParser{s=START,0 of -1},g=HttpGenerator@76dd2c74{s=START}]=>HttpChannelOverHttp@66b04a57{s=HttpChannelState@23b2c8e5{s=IDLE rs=BLOCKING os=OPEN is=IDLE awp=false se=false i=true al=0},r=2,c=false/false,a=IDLE,uri=null,age=0}
03:19:47.292 [qtp1449772539-40] DEBUG org.eclipse.jetty.io.ManagedSelector - Selector sun.nio.ch.EPollSelectorImpl@2c460550 waiting with 1 keys
03:19:47.292 [qtp1449772539-41] DEBUG org.eclipse.jetty.io.ChannelEndPoint - filled 220 HeapByteBuffer@fcdef27[p=0,l=220,c=8192,r=220]={<<<POST / HTTP/1.1\r\ncharset:...\nThis is a test string.>>>\x00\x00\x00\x00\x00\x00\x00\x00\x00...\x00\x00\x00\x00\x00\x00\x00}
03:19:47.293 [qtp1449772539-41] DEBUG org.eclipse.jetty.server.HttpConnection - HttpConnection@e5e94ad::SocketChannelEndPoint@6c482127{l=/127.0.0.1:41305,r=/127.0.0.1:50594,OPEN,fill=-,flush=-,to=0/30000}{io=0/0,kio=0,kro=1}->HttpConnection@e5e94ad[p=HttpParser{s=START,0 of -1},g=HttpGenerator@76dd2c74{s=START}]=>HttpChannelOverHttp@66b04a57{s=HttpChannelState@23b2c8e5{s=IDLE rs=BLOCKING os=OPEN is=IDLE awp=false se=false i=true al=0},r=2,c=false/false,a=IDLE,uri=null,age=0} filled 220 HeapByteBuffer@fcdef27[p=0,l=220,c=8192,r=220]={<<<POST / HTTP/1.1\r\ncharset:...\nThis is a test string.>>>\x00\x00\x00\x00\x00\x00\x00\x00\x00...\x00\x00\x00\x00\x00\x00\x00}
03:19:47.293 [qtp1449772539-41] DEBUG org.eclipse.jetty.server.HttpConnection - HttpConnection@e5e94ad::SocketChannelEndPoint@6c482127{l=/127.0.0.1:41305,r=/127.0.0.1:50594,OPEN,fill=-,flush=-,to=0/30000}{io=0/0,kio=0,kro=1}->HttpConnection@e5e94ad[p=HttpParser{s=START,0 of -1},g=HttpGenerator@76dd2c74{s=START}]=>HttpChannelOverHttp@66b04a57{s=HttpChannelState@23b2c8e5{s=IDLE rs=BLOCKING os=OPEN is=IDLE awp=false se=false i=true al=0},r=2,c=false/false,a=IDLE,uri=null,age=0} parse HeapByteBuffer@fcdef27[p=0,l=220,c=8192,r=220]={<<<POST / HTTP/1.1\r\ncharset:...\nThis is a test string.>>>\x00\x00\x00\x00\x00\x00\x00\x00\x00...\x00\x00\x00\x00\x00\x00\x00} {}
03:19:47.293 [qtp1449772539-41] DEBUG org.eclipse.jetty.http.HttpParser - parseNext s=START HeapByteBuffer@fcdef27[p=0,l=220,c=8192,r=220]={<<<POST / HTTP/1.1\r\ncharset:...\nThis is a test string.>>>\x00\x00\x00\x00\x00\x00\x00\x00\x00...\x00\x00\x00\x00\x00\x00\x00}
03:19:47.293 [qtp1449772539-41] DEBUG org.eclipse.jetty.http.HttpParser - START --> SPACE1
03:19:47.293 [qtp1449772539-41] DEBUG org.eclipse.jetty.http.HttpParser - SPACE1 --> URI
03:19:47.293 [qtp1449772539-41] DEBUG org.eclipse.jetty.http.HttpParser - URI --> SPACE2
03:19:47.293 [qtp1449772539-41] DEBUG org.eclipse.jetty.http.HttpParser - SPACE2 --> REQUEST_VERSION
03:19:47.293 [qtp1449772539-41] DEBUG org.eclipse.jetty.http.HttpParser - REQUEST_VERSION --> HEADER
03:19:47.293 [qtp1449772539-41] DEBUG org.eclipse.jetty.http.HttpParser - HEADER: --> IN_NAME
03:19:47.293 [qtp1449772539-41] DEBUG org.eclipse.jetty.http.HttpParser - HEADER:charset --> VALUE
03:19:47.293 [qtp1449772539-41] DEBUG org.eclipse.jetty.http.HttpParser - HEADER:charset --> IN_VALUE
03:19:47.293 [qtp1449772539-41] DEBUG org.eclipse.jetty.http.HttpParser - HEADER:charset --> FIELD
03:19:47.293 [qtp1449772539-41] DEBUG org.eclipse.jetty.http.HttpParser - HEADER:Content-Type --> VALUE
03:19:47.293 [qtp1449772539-41] DEBUG org.eclipse.jetty.http.HttpParser - HEADER:Content-Type --> IN_VALUE
03:19:47.293 [qtp1449772539-41] DEBUG org.eclipse.jetty.http.HttpParser - HEADER:Content-Type --> FIELD
03:19:47.293 [qtp1449772539-41] DEBUG org.eclipse.jetty.http.HttpParser - HEADER:Content-Length --> VALUE
03:19:47.293 [qtp1449772539-41] DEBUG org.eclipse.jetty.http.HttpParser - HEADER:Content-Length --> IN_VALUE
03:19:47.293 [qtp1449772539-41] DEBUG org.eclipse.jetty.http.HttpParser - HEADER:Content-Length --> FIELD
03:19:47.293 [qtp1449772539-41] DEBUG org.eclipse.jetty.http.HttpParser - HEADER:Host: localhost:41305 --> IN_VALUE
03:19:47.293 [qtp1449772539-41] DEBUG org.eclipse.jetty.http.HttpParser - HEADER:Host: localhost:41305 --> FIELD
03:19:47.293 [qtp1449772539-41] DEBUG org.eclipse.jetty.http.HttpParser - HEADER:Connection: keep-alive --> IN_VALUE
03:19:47.293 [qtp1449772539-41] DEBUG org.eclipse.jetty.http.HttpParser - HEADER:Connection: keep-alive --> FIELD
03:19:47.293 [qtp1449772539-41] DEBUG org.eclipse.jetty.http.HttpParser - HEADER:Accept-Encoding: gzip --> IN_VALUE
03:19:47.293 [qtp1449772539-41] DEBUG org.eclipse.jetty.http.HttpParser - HEADER:Accept-Encoding: gzip --> FIELD
03:19:47.293 [qtp1449772539-41] DEBUG org.eclipse.jetty.http.HttpParser - HEADER:User-Agent: okhttp/3.12.3 --> IN_VALUE
03:19:47.293 [qtp1449772539-41] DEBUG org.eclipse.jetty.http.HttpParser - HEADER:User-Agent: okhttp/3.12.3 --> FIELD
03:19:47.293 [qtp1449772539-41] DEBUG org.eclipse.jetty.http.HttpParser - HEADER --> CONTENT
03:19:47.293 [qtp1449772539-41] DEBUG org.eclipse.jetty.server.HttpChannel - REQUEST for //localhost:41305/ on HttpChannelOverHttp@66b04a57{s=HttpChannelState@23b2c8e5{s=IDLE rs=BLOCKING os=OPEN is=IDLE awp=false se=false i=true al=0},r=3,c=false/false,a=IDLE,uri=//localhost:41305/,age=0}
POST //localhost:41305/ HTTP/1.1
charset: UTF-8
Content-Type: text/x-markdown; charset=utf-8
Content-Length: 22
Host: localhost:41305
Connection: keep-alive
Accept-Encoding: gzip
User-Agent: okhttp/3.12.3


03:19:47.293 [qtp1449772539-41] DEBUG org.eclipse.jetty.server.HttpConnection - HttpConnection@e5e94ad::SocketChannelEndPoint@6c482127{l=/127.0.0.1:41305,r=/127.0.0.1:50594,OPEN,fill=-,flush=-,to=0/30000}{io=0/0,kio=0,kro=1}->HttpConnection@e5e94ad[p=HttpParser{s=CONTENT,0 of 22},g=HttpGenerator@76dd2c74{s=START}]=>HttpChannelOverHttp@66b04a57{s=HttpChannelState@23b2c8e5{s=IDLE rs=BLOCKING os=OPEN is=IDLE awp=false se=false i=true al=0},r=3,c=false/false,a=IDLE,uri=//localhost:41305/,age=0} parsed true HttpParser{s=CONTENT,0 of 22}
03:19:47.293 [qtp1449772539-41] DEBUG org.eclipse.jetty.server.HttpChannel - handle //localhost:41305/ HttpChannelOverHttp@66b04a57{s=HttpChannelState@23b2c8e5{s=IDLE rs=BLOCKING os=OPEN is=IDLE awp=false se=false i=true al=0},r=3,c=false/false,a=IDLE,uri=//localhost:41305/,age=0} 
03:19:47.293 [qtp1449772539-41] DEBUG org.eclipse.jetty.server.HttpChannelState - handling HttpChannelState@23b2c8e5{s=IDLE rs=BLOCKING os=OPEN is=IDLE awp=false se=false i=true al=0}
03:19:47.293 [qtp1449772539-41] DEBUG org.eclipse.jetty.server.HttpChannel - action DISPATCH HttpChannelOverHttp@66b04a57{s=HttpChannelState@23b2c8e5{s=HANDLING rs=BLOCKING os=OPEN is=IDLE awp=false se=false i=true al=0},r=3,c=false/false,a=HANDLING,uri=//localhost:41305/,age=0}
03:19:47.294 [qtp1449772539-41] DEBUG org.eclipse.jetty.server.Server - REQUEST POST / on HttpChannelOverHttp@66b04a57{s=HttpChannelState@23b2c8e5{s=HANDLING rs=BLOCKING os=OPEN is=IDLE awp=false se=false i=true al=0},r=3,c=false/false,a=HANDLING,uri=//localhost:41305/,age=1}
03:19:47.294 [qtp1449772539-41] INFO org.apache.nifi.minifi.bootstrap.configuration.ingestors.RestChangeIngestor - >>>>>>>>>>>>>>>>>>>>>>>>>>>>>>>>>>>>>>>>>>>>
03:19:47.294 [qtp1449772539-41] INFO org.apache.nifi.minifi.bootstrap.configuration.ingestors.RestChangeIngestor - request method = POST
03:19:47.294 [qtp1449772539-41] INFO org.apache.nifi.minifi.bootstrap.configuration.ingestors.RestChangeIngestor - request url = http://localhost:41305/
03:19:47.294 [qtp1449772539-41] INFO org.apache.nifi.minifi.bootstrap.configuration.ingestors.RestChangeIngestor - context path = null
03:19:47.294 [qtp1449772539-41] INFO org.apache.nifi.minifi.bootstrap.configuration.ingestors.RestChangeIngestor - request content type = text/x-markdown; charset=utf-8
03:19:47.294 [qtp1449772539-41] INFO org.apache.nifi.minifi.bootstrap.configuration.ingestors.RestChangeIngestor - <<<<<<<<<<<<<<<<<<<<<<<<<<<<<<<<<<<<<<<<<<<<
03:19:47.294 [qtp1449772539-41] DEBUG org.eclipse.jetty.server.HttpOutput - write(array HeapByteBuffer@52b88d9e[p=0,l=61,c=512,r=61]={<<<Request received but inst...dy running this config.>>>fully han...\x00\x00\x00\x00\x00\x00\x00})
03:19:47.294 [qtp1449772539-41] DEBUG org.eclipse.jetty.server.HttpOutput - write(array) s=CLOSING,api=BLOCKED,sc=false,e=null last=true agg=false flush=true async=false, len=61 null
03:19:47.294 [qtp1449772539-41] DEBUG org.eclipse.jetty.server.HttpChannel - sendResponse info=null content=HeapByteBuffer@56871311[p=0,l=61,c=512,r=61]={<<<Request received but inst...dy running this config.>>>fully han...\x00\x00\x00\x00\x00\x00\x00} complete=true committing=true callback=Blocker@713d0ab1{null}
03:19:47.294 [qtp1449772539-41] DEBUG org.eclipse.jetty.server.HttpChannel - COMMIT for / on HttpChannelOverHttp@66b04a57{s=HttpChannelState@23b2c8e5{s=HANDLING rs=BLOCKING os=COMMITTED is=IDLE awp=false se=false i=true al=0},r=3,c=false/false,a=HANDLING,uri=//localhost:41305/,age=1}
409 null HTTP/1.1
Date: Thu, 02 May 2024 02:19:47 GMT
Content-Type: text/plain;charset=iso-8859-1
Content-Length: 61


03:19:47.294 [qtp1449772539-41] DEBUG org.eclipse.jetty.server.HttpConnection - generate: NEED_HEADER for SendCallback@58833ffd[PROCESSING][i=HTTP/1.1{s=409,h=3,cl=61},cb=org.eclipse.jetty.server.HttpChannel$SendCallback@138587a5] (null,[p=0,l=61,c=512,r=61],true)@START
03:19:47.294 [qtp1449772539-41] DEBUG org.eclipse.jetty.http.HttpGenerator - generateHeaders HTTP/1.1{s=409,h=3,cl=61} last=true content=HeapByteBuffer@56871311[p=0,l=61,c=512,r=61]={<<<Request received but inst...dy running this config.>>>fully han...\x00\x00\x00\x00\x00\x00\x00}
03:19:47.295 [qtp1449772539-41] DEBUG org.eclipse.jetty.http.HttpGenerator - Date: Thu, 02 May 2024 02:19:47 GMT
Content-Type: text/plain;charset=iso-8859-1
Content-Length: 61


03:19:47.295 [qtp1449772539-41] DEBUG org.eclipse.jetty.http.HttpGenerator - CONTENT_LENGTH
03:19:47.295 [qtp1449772539-41] DEBUG org.eclipse.jetty.server.HttpConnection - generate: FLUSH for SendCallback@58833ffd[PROCESSING][i=HTTP/1.1{s=409,h=3,cl=61},cb=org.eclipse.jetty.server.HttpChannel$SendCallback@138587a5] ([p=0,l=160,c=8192,r=160],[p=0,l=61,c=512,r=61],true)@COMPLETING
03:19:47.295 [qtp1449772539-41] DEBUG org.eclipse.jetty.io.WriteFlusher - write: WriteFlusher@1bcbf0c3{IDLE}->null [HeapByteBuffer@349e59c4[p=0,l=160,c=8192,r=160]={<<<HTTP/1.1 409 Conflict\r\nDa...y(9.4.44.v20210927)\r\n\r\n>>>\x00\x00\x00\x00\x00\x00\x00\x00\x00...\x00\x00\x00\x00\x00\x00\x00},HeapByteBuffer@56871311[p=0,l=61,c=512,r=61]={<<<Request received but inst...dy running this config.>>>fully han...\x00\x00\x00\x00\x00\x00\x00}]
03:19:47.295 [qtp1449772539-41] DEBUG org.eclipse.jetty.io.WriteFlusher - update WriteFlusher@1bcbf0c3{WRITING}->null:IDLE-->WRITING
Date: Thu, 02 May 2024 02:19:47 GMT
03:19:47.295 [qtp1449772539-41] DEBUG org.eclipse.jetty.io.ChannelEndPoint - flushed 221 SocketChannelEndPoint@6c482127{l=/127.0.0.1:41305,r=/127.0.0.1:50594,OPEN,fill=-,flush=W,to=2/30000}{io=0/0,kio=0,kro=1}->HttpConnection@e5e94ad[p=HttpParser{s=CONTENT,0 of 22},g=HttpGenerator@76dd2c74{s=COMPLETING}]=>HttpChannelOverHttp@66b04a57{s=HttpChannelState@23b2c8e5{s=HANDLING rs=BLOCKING os=COMMITTED is=IDLE awp=false se=false i=true al=0},r=3,c=false/false,a=HANDLING,uri=//localhost:41305/,age=2}
Content-Type: text/plain;charset=iso-8859-1
Content-Length: 61
Server: Jetty(9.4.44.v20210927)
03:19:47.295 [qtp1449772539-41] DEBUG org.eclipse.jetty.io.WriteFlusher - Flushed=true written=221 remaining=0 WriteFlusher@1bcbf0c3{WRITING}->null
03:19:47.295 [qtp1449772539-41] DEBUG org.eclipse.jetty.io.WriteFlusher - update WriteFlusher@1bcbf0c3{IDLE}->null:WRITING-->IDLE
03:19:47.295 [qtp1449772539-41] DEBUG org.eclipse.jetty.server.HttpConnection - generate: DONE for SendCallback@58833ffd[PROCESSING][i=HTTP/1.1{s=409,h=3,cl=61},cb=org.eclipse.jetty.server.HttpChannel$SendCallback@138587a5] ([p=160,l=160,c=8192,r=0],[p=61,l=61,c=512,r=0],true)@END
03:19:47.295 [qtp1449772539-41] DEBUG org.eclipse.jetty.server.HttpOutput - onWriteComplete(true,null) s=CLOSING,api=BLOCKED,sc=false,e=null->s=CLOSED,api=BLOCKING,sc=false,e=null c=null cb=null w=false
03:19:47.295 [qtp1449772539-41] DEBUG org.eclipse.jetty.server.HttpOutput - close() s=CLOSED,api=BLOCKING,sc=false,e=null c=null b=null
03:19:47.295 [qtp1449772539-41] DEBUG org.eclipse.jetty.server.Server - handled=true async=false committed=true on HttpChannelOverHttp@66b04a57{s=HttpChannelState@23b2c8e5{s=HANDLING rs=BLOCKING os=COMPLETED is=IDLE awp=false se=false i=true al=0},r=3,c=false/true,a=HANDLING,uri=//localhost:41305/,age=2}
03:19:47.295 [qtp1449772539-41] DEBUG org.eclipse.jetty.server.HttpChannelState - unhandle HttpChannelState@23b2c8e5{s=HANDLING rs=BLOCKING os=COMPLETED is=IDLE awp=false se=false i=true al=0}
03:19:47.295 [qtp1449772539-41] DEBUG org.eclipse.jetty.server.HttpChannelState - nextAction(false) COMPLETE HttpChannelState@23b2c8e5{s=HANDLING rs=COMPLETING os=COMPLETED is=IDLE awp=false se=false i=false al=0}
03:19:47.295 [qtp1449772539-41] DEBUG org.eclipse.jetty.server.HttpChannel - action COMPLETE HttpChannelOverHttp@66b04a57{s=HttpChannelState@23b2c8e5{s=HANDLING rs=COMPLETING os=COMPLETED is=IDLE awp=false se=false i=false al=0},r=3,c=false/true,a=HANDLING,uri=//localhost:41305/,age=2}
03:19:47.295 [qtp1449772539-41] DEBUG org.eclipse.jetty.server.HttpOutput - complete(org.eclipse.jetty.util.Callback$3@225cf6b4) s=CLOSED,api=BLOCKING,sc=false,e=null s=true e=null, c=null
]]></system-out>
  </testcase>
</testsuite>