<?xml version="1.0" encoding="UTF-8"?>
<testsuite xmlns:xsi="http://www.w3.org/2001/XMLSchema-instance" xsi:noNamespaceSchemaLocation="https://maven.apache.org/surefire/maven-surefire-plugin/xsd/surefire-test-report-3.0.xsd" version="3.0" name="org.apache.nifi.processors.standard.TestControlRate" time="5.212" tests="8" errors="0" skipped="0" failures="0">
  <properties>
    <property name="sun.desktop" value="gnome"/>
    <property name="awt.toolkit" value="sun.awt.X11.XToolkit"/>
    <property name="file.encoding.pkg" value="sun.io"/>
    <property name="java.specification.version" value="1.8"/>
    <property name="sun.cpu.isalist" value=""/>
    <property name="sun.jnu.encoding" value="UTF-8"/>
    <property name="java.class.path" value="/home/alex/Repositories/nifi/nifi-nar-bundles/nifi-standard-bundle/nifi-standard-processors/target/test-classes:/home/alex/Repositories/nifi/nifi-nar-bundles/nifi-standard-bundle/nifi-standard-processors/target/classes:/home/alex/.m2/repository/org/apache/ftpserver/ftpserver-core/1.1.1/ftpserver-core-1.1.1.jar:/home/alex/.m2/repository/org/apache/ftpserver/ftplet-api/1.1.1/ftplet-api-1.1.1.jar:/home/alex/.m2/repository/org/slf4j/slf4j-api/1.7.32/slf4j-api-1.7.32.jar:/home/alex/.m2/repository/org/apache/mina/mina-core/2.0.16/mina-core-2.0.16.jar:/home/alex/Repositories/nifi/nifi-api/target/classes:/home/alex/Repositories/nifi/nifi-commons/nifi-expression-language/target/classes:/home/alex/.m2/repository/org/antlr/antlr-runtime/3.5.2/antlr-runtime-3.5.2.jar:/home/alex/Repositories/nifi/nifi-commons/nifi-parameter/target/classes:/home/alex/Repositories/nifi/nifi-commons/nifi-uuid5/target/classes:/home/alex/.m2/repository/org/apache/commons/commons-text/1.8/commons-text-1.8.jar:/home/alex/Repositories/nifi/nifi-nar-bundles/nifi-extension-utils/nifi-processor-utils/target/classes:/home/alex/Repositories/nifi/nifi-commons/nifi-security-socket-ssl/target/classes:/home/alex/Repositories/nifi/nifi-nar-bundles/nifi-extension-utils/nifi-event-transport/target/classes:/home/alex/.m2/repository/io/netty/netty-handler/4.1.69.Final/netty-handler-4.1.69.Final.jar:/home/alex/.m2/repository/io/netty/netty-common/4.1.69.Final/netty-common-4.1.69.Final.jar:/home/alex/.m2/repository/io/netty/netty-resolver/4.1.69.Final/netty-resolver-4.1.69.Final.jar:/home/alex/.m2/repository/io/netty/netty-transport/4.1.69.Final/netty-transport-4.1.69.Final.jar:/home/alex/.m2/repository/io/netty/netty-codec/4.1.69.Final/netty-codec-4.1.69.Final.jar:/home/alex/Repositories/nifi/nifi-nar-bundles/nifi-extension-utils/nifi-syslog-utils/target/classes:/home/alex/.m2/repository/com/github/palindromicity/simple-syslog-5424/0.0.16/simple-syslog-5424-0.0.16.jar:/home/alex/.m2/repository/org/antlr/antlr4-runtime/4.7.2/antlr4-runtime-4.7.2.jar:/home/alex/Repositories/nifi/nifi-commons/nifi-utils/target/classes:/home/alex/Repositories/nifi/nifi-commons/nifi-record-path/target/classes:/home/alex/Repositories/nifi/nifi-commons/nifi-properties/target/classes:/home/alex/Repositories/nifi/nifi-commons/nifi-property-utils/target/classes:/home/alex/.m2/repository/com/github/ben-manes/caffeine/caffeine/2.8.1/caffeine-2.8.1.jar:/home/alex/Repositories/nifi/nifi-nar-bundles/nifi-standard-services/nifi-ssl-context-service-api/target/classes:/home/alex/Repositories/nifi/nifi-commons/nifi-security-utils-api/target/classes:/home/alex/Repositories/nifi/nifi-nar-bundles/nifi-standard-services/nifi-lookup-service-api/target/classes:/home/alex/Repositories/nifi/nifi-commons/nifi-flowfile-packager/target/classes:/home/alex/Repositories/nifi/nifi-nar-bundles/nifi-standard-services/nifi-distributed-cache-client-service-api/target/classes:/home/alex/Repositories/nifi/nifi-nar-bundles/nifi-standard-services/nifi-http-context-map-api/target/classes:/home/alex/Repositories/nifi/nifi-nar-bundles/nifi-standard-services/nifi-record-serialization-service-api/target/classes:/home/alex/Repositories/nifi/nifi-nar-bundles/nifi-standard-services/nifi-proxy-configuration-api/target/classes:/home/alex/Repositories/nifi/nifi-commons/nifi-record/target/classes:/home/alex/Repositories/nifi/nifi-nar-bundles/nifi-standard-services/nifi-record-sink-api/target/classes:/home/alex/.m2/repository/commons-io/commons-io/2.10.0/commons-io-2.10.0.jar:/home/alex/.m2/repository/javax/ws/rs/javax.ws.rs-api/2.1/javax.ws.rs-api-2.1.jar:/home/alex/.m2/repository/commons-net/commons-net/3.6/commons-net-3.6.jar:/home/alex/.m2/repository/org/apache/commons/commons-compress/1.21/commons-compress-1.21.jar:/home/alex/.m2/repository/org/apache/commons/commons-lang3/3.9/commons-lang3-3.9.jar:/home/alex/.m2/repository/org/bouncycastle/bcprov-jdk15on/1.69/bcprov-jdk15on-1.69.jar:/home/alex/.m2/repository/org/bouncycastle/bcpg-jdk15on/1.69/bcpg-jdk15on-1.69.jar:/home/alex/.m2/repository/org/bouncycastle/bcpkix-jdk15on/1.69/bcpkix-jdk15on-1.69.jar:/home/alex/.m2/repository/org/bouncycastle/bcutil-jdk15on/1.69/bcutil-jdk15on-1.69.jar:/home/alex/.m2/repository/commons-codec/commons-codec/1.14/commons-codec-1.14.jar:/home/alex/Repositories/nifi/nifi-commons/nifi-security-utils/target/classes:/home/alex/Repositories/nifi/nifi-commons/nifi-security-kms/target/classes:/home/alex/.m2/repository/org/apache/commons/commons-configuration2/2.7/commons-configuration2-2.7.jar:/home/alex/.m2/repository/com/hierynomus/sshj/0.32.0/sshj-0.32.0.jar:/home/alex/.m2/repository/com/jcraft/jzlib/1.1.3/jzlib-1.1.3.jar:/home/alex/.m2/repository/com/hierynomus/asn-one/0.6.0/asn-one-0.6.0.jar:/home/alex/.m2/repository/net/i2p/crypto/eddsa/0.3.0/eddsa-0.3.0.jar:/home/alex/.m2/repository/org/eclipse/jetty/jetty-server/9.4.44.v20210927/jetty-server-9.4.44.v20210927.jar:/home/alex/.m2/repository/javax/servlet/javax.servlet-api/3.1.0/javax.servlet-api-3.1.0.jar:/home/alex/.m2/repository/org/eclipse/jetty/jetty-http/9.4.44.v20210927/jetty-http-9.4.44.v20210927.jar:/home/alex/.m2/repository/org/eclipse/jetty/jetty-util/9.4.44.v20210927/jetty-util-9.4.44.v20210927.jar:/home/alex/.m2/repository/org/eclipse/jetty/jetty-io/9.4.44.v20210927/jetty-io-9.4.44.v20210927.jar:/home/alex/.m2/repository/org/eclipse/jetty/jetty-servlet/9.4.44.v20210927/jetty-servlet-9.4.44.v20210927.jar:/home/alex/.m2/repository/org/eclipse/jetty/jetty-security/9.4.44.v20210927/jetty-security-9.4.44.v20210927.jar:/home/alex/.m2/repository/org/eclipse/jetty/jetty-util-ajax/9.4.44.v20210927/jetty-util-ajax-9.4.44.v20210927.jar:/home/alex/.m2/repository/org/apache/httpcomponents/httpclient/4.5.5/httpclient-4.5.5.jar:/home/alex/.m2/repository/commons-logging/commons-logging/1.2/commons-logging-1.2.jar:/home/alex/.m2/repository/org/apache/httpcomponents/httpcore/4.4.9/httpcore-4.4.9.jar:/home/alex/.m2/repository/jakarta/activation/jakarta.activation-api/2.0.1/jakarta.activation-api-2.0.1.jar:/home/alex/.m2/repository/com/sun/activation/jakarta.activation/2.0.1/jakarta.activation-2.0.1.jar:/home/alex/.m2/repository/jakarta/mail/jakarta.mail-api/2.0.1/jakarta.mail-api-2.0.1.jar:/home/alex/.m2/repository/com/sun/mail/jakarta.mail/2.0.1/jakarta.mail-2.0.1.jar:/home/alex/.m2/repository/com/github/jponge/lzma-java/1.3/lzma-java-1.3.jar:/home/alex/.m2/repository/org/tukaani/xz/1.8/xz-1.8.jar:/home/alex/.m2/repository/net/sf/saxon/Saxon-HE/10.6/Saxon-HE-10.6.jar:/home/alex/Repositories/nifi/nifi-commons/nifi-socket-utils/target/classes:/home/alex/Repositories/nifi/nifi-commons/nifi-logging-utils/target/classes:/home/alex/Repositories/nifi/nifi-nar-bundles/nifi-standard-services/nifi-load-distribution-service-api/target/classes:/home/alex/.m2/repository/javax/jms/javax.jms-api/2.0.1/javax.jms-api-2.0.1.jar:/home/alex/.m2/repository/org/apache/activemq/activemq-client/5.15.15/activemq-client-5.15.15.jar:/home/alex/.m2/repository/org/apache/geronimo/specs/geronimo-jms_1.1_spec/1.1.1/geronimo-jms_1.1_spec-1.1.1.jar:/home/alex/.m2/repository/org/fusesource/hawtbuf/hawtbuf/1.11/hawtbuf-1.11.jar:/home/alex/.m2/repository/org/apache/geronimo/specs/geronimo-j2ee-management_1.1_spec/1.0.1/geronimo-j2ee-management_1.1_spec-1.0.1.jar:/home/alex/.m2/repository/com/jayway/jsonpath/json-path/2.6.0/json-path-2.6.0.jar:/home/alex/.m2/repository/net/minidev/json-smart/2.4.7/json-smart-2.4.7.jar:/home/alex/.m2/repository/net/minidev/accessors-smart/2.4.7/accessors-smart-2.4.7.jar:/home/alex/.m2/repository/org/ow2/asm/asm/9.1/asm-9.1.jar:/home/alex/.m2/repository/org/apache/tika/tika-core/1.26/tika-core-1.26.jar:/home/alex/.m2/repository/com/fasterxml/jackson/core/jackson-databind/2.12.3/jackson-databind-2.12.3.jar:/home/alex/.m2/repository/com/fasterxml/jackson/core/jackson-annotations/2.12.3/jackson-annotations-2.12.3.jar:/home/alex/.m2/repository/com/fasterxml/jackson/core/jackson-core/2.12.3/jackson-core-2.12.3.jar:/home/alex/Repositories/nifi/nifi-nar-bundles/nifi-extension-utils/nifi-record-utils/nifi-avro-record-utils/target/classes:/home/alex/Repositories/nifi/nifi-nar-bundles/nifi-extension-utils/nifi-record-utils/nifi-standard-record-utils/target/classes:/home/alex/.m2/repository/org/apache/avro/avro/1.8.1/avro-1.8.1.jar:/home/alex/.m2/repository/org/codehaus/jackson/jackson-core-asl/1.9.13/jackson-core-asl-1.9.13.jar:/home/alex/.m2/repository/org/codehaus/jackson/jackson-mapper-asl/1.9.13/jackson-mapper-asl-1.9.13.jar:/home/alex/.m2/repository/com/thoughtworks/paranamer/paranamer/2.7/paranamer-2.7.jar:/home/alex/Repositories/nifi/nifi-nar-bundles/nifi-standard-services/nifi-dbcp-service-api/target/classes:/home/alex/.m2/repository/com/squareup/okhttp3/okhttp/4.9.2/okhttp-4.9.2.jar:/home/alex/.m2/repository/com/squareup/okio/okio/2.8.0/okio-2.8.0.jar:/home/alex/.m2/repository/org/jetbrains/kotlin/kotlin-stdlib-common/1.4.0/kotlin-stdlib-common-1.4.0.jar:/home/alex/.m2/repository/org/jetbrains/kotlin/kotlin-stdlib/1.4.10/kotlin-stdlib-1.4.10.jar:/home/alex/.m2/repository/org/jetbrains/annotations/13.0/annotations-13.0.jar:/home/alex/.m2/repository/io/github/rburgst/okhttp-digest/2.5/okhttp-digest-2.5.jar:/home/alex/.m2/repository/at/favre/lib/bcrypt/0.9.0/bcrypt-0.9.0.jar:/home/alex/.m2/repository/at/favre/lib/bytes/1.3.0/bytes-1.3.0.jar:/home/alex/.m2/repository/com/google/guava/guava/28.0-jre/guava-28.0-jre.jar:/home/alex/.m2/repository/com/google/guava/failureaccess/1.0.1/failureaccess-1.0.1.jar:/home/alex/.m2/repository/com/google/guava/listenablefuture/9999.0-empty-to-avoid-conflict-with-guava/listenablefuture-9999.0-empty-to-avoid-conflict-with-guava.jar:/home/alex/.m2/repository/com/google/code/findbugs/jsr305/3.0.2/jsr305-3.0.2.jar:/home/alex/.m2/repository/org/checkerframework/checker-qual/2.8.1/checker-qual-2.8.1.jar:/home/alex/.m2/repository/com/google/errorprone/error_prone_annotations/2.3.2/error_prone_annotations-2.3.2.jar:/home/alex/.m2/repository/com/google/j2objc/j2objc-annotations/1.3/j2objc-annotations-1.3.jar:/home/alex/.m2/repository/org/codehaus/mojo/animal-sniffer-annotations/1.17/animal-sniffer-annotations-1.17.jar:/home/alex/Repositories/nifi/nifi-mock/target/classes:/home/alex/Repositories/nifi/nifi-framework-api/target/classes:/home/alex/Repositories/nifi/nifi-nar-bundles/nifi-framework-bundle/nifi-framework/nifi-framework-core-api/target/classes:/home/alex/Repositories/nifi/nifi-nar-bundles/nifi-framework-bundle/nifi-framework/nifi-framework-nar-utils/target/classes:/home/alex/Repositories/nifi/nifi-nar-bundles/nifi-framework-bundle/nifi-framework/nifi-client-dto/target/classes:/home/alex/.m2/repository/io/swagger/swagger-annotations/1.6.0/swagger-annotations-1.6.0.jar:/home/alex/Repositories/nifi/nifi-commons/nifi-site-to-site-client/target/classes:/home/alex/.m2/repository/org/apache/httpcomponents/httpasyncclient/4.1.4/httpasyncclient-4.1.4.jar:/home/alex/.m2/repository/org/apache/httpcomponents/httpcore-nio/4.4.10/httpcore-nio-4.4.10.jar:/home/alex/Repositories/nifi/nifi-nar-bundles/nifi-framework-bundle/nifi-framework/nifi-framework-authorization/target/classes:/home/alex/Repositories/nifi/nifi-registry/nifi-registry-core/nifi-registry-data-model/target/classes:/home/alex/Repositories/nifi/nifi-registry/nifi-registry-core/nifi-registry-revision/nifi-registry-revision-entity-model/target/classes:/home/alex/Repositories/nifi/nifi-registry/nifi-registry-core/nifi-registry-client/target/classes:/home/alex/Repositories/nifi/nifi-registry/nifi-registry-core/nifi-registry-security-utils/target/classes:/home/alex/.m2/repository/org/glassfish/jersey/core/jersey-client/2.33/jersey-client-2.33.jar:/home/alex/.m2/repository/jakarta/ws/rs/jakarta.ws.rs-api/2.1.6/jakarta.ws.rs-api-2.1.6.jar:/home/alex/.m2/repository/org/glassfish/hk2/external/jakarta.inject/2.6.1/jakarta.inject-2.6.1.jar:/home/alex/.m2/repository/org/glassfish/jersey/media/jersey-media-json-jackson/2.33/jersey-media-json-jackson-2.33.jar:/home/alex/.m2/repository/org/glassfish/jersey/ext/jersey-entity-filtering/2.33/jersey-entity-filtering-2.33.jar:/home/alex/.m2/repository/org/glassfish/jersey/inject/jersey-hk2/2.33/jersey-hk2-2.33.jar:/home/alex/.m2/repository/org/glassfish/hk2/hk2-locator/2.6.1/hk2-locator-2.6.1.jar:/home/alex/.m2/repository/org/glassfish/hk2/external/aopalliance-repackaged/2.6.1/aopalliance-repackaged-2.6.1.jar:/home/alex/.m2/repository/org/glassfish/hk2/hk2-api/2.6.1/hk2-api-2.6.1.jar:/home/alex/.m2/repository/org/glassfish/hk2/hk2-utils/2.6.1/hk2-utils-2.6.1.jar:/home/alex/.m2/repository/org/javassist/javassist/3.25.0-GA/javassist-3.25.0-GA.jar:/home/alex/.m2/repository/org/glassfish/jersey/core/jersey-common/2.33/jersey-common-2.33.jar:/home/alex/.m2/repository/jakarta/annotation/jakarta.annotation-api/1.3.5/jakarta.annotation-api-1.3.5.jar:/home/alex/.m2/repository/org/glassfish/hk2/osgi-resource-locator/1.0.3/osgi-resource-locator-1.0.3.jar:/home/alex/.m2/repository/org/glassfish/jersey/media/jersey-media-multipart/2.33/jersey-media-multipart-2.33.jar:/home/alex/.m2/repository/org/jvnet/mimepull/mimepull/1.9.13/mimepull-1.9.13.jar:/home/alex/Repositories/nifi/nifi-commons/nifi-data-provenance-utils/target/classes:/home/alex/Repositories/nifi/nifi-nar-bundles/nifi-standard-services/nifi-distributed-cache-services-bundle/nifi-distributed-cache-client-service/target/classes:/home/alex/Repositories/nifi/nifi-nar-bundles/nifi-standard-services/nifi-distributed-cache-services-bundle/nifi-distributed-cache-protocol/target/classes:/home/alex/.m2/repository/io/netty/netty-buffer/4.1.69.Final/netty-buffer-4.1.69.Final.jar:/home/alex/.m2/repository/com/google/http-client/google-http-client/1.28.0/google-http-client-1.28.0.jar:/home/alex/.m2/repository/io/opencensus/opencensus-api/0.18.0/opencensus-api-0.18.0.jar:/home/alex/.m2/repository/io/grpc/grpc-context/1.14.0/grpc-context-1.14.0.jar:/home/alex/.m2/repository/io/opencensus/opencensus-contrib-http-util/0.18.0/opencensus-contrib-http-util-0.18.0.jar:/home/alex/.m2/repository/org/apache/activemq/activemq-broker/5.15.14/activemq-broker-5.15.14.jar:/home/alex/.m2/repository/org/apache/activemq/activemq-openwire-legacy/5.15.14/activemq-openwire-legacy-5.15.14.jar:/home/alex/Repositories/nifi/nifi-nar-bundles/nifi-standard-services/nifi-ssl-context-bundle/nifi-ssl-context-service/target/classes:/home/alex/Repositories/nifi/nifi-nar-bundles/nifi-framework-bundle/nifi-framework/nifi-standard-prioritizers/target/classes:/home/alex/Repositories/nifi/nifi-nar-bundles/nifi-extension-utils/nifi-record-utils/nifi-mock-record-utils/target/classes:/home/alex/Repositories/nifi/nifi-nar-bundles/nifi-standard-services/nifi-record-serialization-services-bundle/nifi-record-serialization-services/target/classes:/home/alex/.m2/repository/org/apache/commons/commons-csv/1.8/commons-csv-1.8.jar:/home/alex/.m2/repository/com/fasterxml/jackson/dataformat/jackson-dataformat-csv/2.12.3/jackson-dataformat-csv-2.12.3.jar:/home/alex/.m2/repository/net/java/dev/stax-utils/stax-utils/20070216/stax-utils-20070216.jar:/home/alex/Repositories/nifi/nifi-nar-bundles/nifi-standard-services/nifi-lookup-services-bundle/nifi-lookup-services/target/classes:/home/alex/.m2/repository/commons-beanutils/commons-beanutils/1.9.4/commons-beanutils-1.9.4.jar:/home/alex/.m2/repository/commons-collections/commons-collections/3.2.2/commons-collections-3.2.2.jar:/home/alex/.m2/repository/com/maxmind/geoip2/geoip2/2.12.0/geoip2-2.12.0.jar:/home/alex/.m2/repository/com/maxmind/db/maxmind-db/1.2.2/maxmind-db-1.2.2.jar:/home/alex/.m2/repository/org/apache/derby/derby/10.14.2.0/derby-10.14.2.0.jar:/home/alex/.m2/repository/org/xerial/snappy/snappy-java/1.1.7.3/snappy-java-1.1.7.3.jar:/home/alex/.m2/repository/net/lingala/zip4j/zip4j/2.8.0/zip4j-2.8.0.jar:/home/alex/.m2/repository/com/h2database/h2/1.4.187/h2-1.4.187.jar:/home/alex/.m2/repository/org/mockftpserver/MockFtpServer/2.7.1/MockFtpServer-2.7.1.jar:/home/alex/.m2/repository/org/apache/sshd/sshd-core/1.7.0/sshd-core-1.7.0.jar:/home/alex/.m2/repository/com/bazaarvoice/jolt/jolt-core/0.1.1/jolt-core-0.1.1.jar:/home/alex/.m2/repository/javax/inject/javax.inject/1/javax.inject-1.jar:/home/alex/.m2/repository/com/bazaarvoice/jolt/json-utils/0.1.1/json-utils-0.1.1.jar:/home/alex/Repositories/nifi/nifi-nar-bundles/nifi-standard-bundle/nifi-standard-utils/target/classes:/home/alex/.m2/repository/net/sf/supercsv/super-csv/2.4.0/super-csv-2.4.0.jar:/home/alex/.m2/repository/com/fluenda/parcefone/2.1.0/parcefone-2.1.0.jar:/home/alex/.m2/repository/javax/validation/validation-api/1.1.0.Final/validation-api-1.1.0.Final.jar:/home/alex/.m2/repository/javax/el/javax.el-api/3.0.0/javax.el-api-3.0.0.jar:/home/alex/.m2/repository/com/github/wnameless/json/json-flattener/0.12.0/json-flattener-0.12.0.jar:/home/alex/.m2/repository/com/github/wnameless/json/json-base/2.0.0/json-base-2.0.0.jar:/home/alex/.m2/repository/org/apache/bval/bval-jsr/1.1.2/bval-jsr-1.1.2.jar:/home/alex/.m2/repository/org/apache/bval/bval-core/1.1.2/bval-core-1.1.2.jar:/home/alex/.m2/repository/io/krakens/java-grok/0.1.9/java-grok-0.1.9.jar:/home/alex/.m2/repository/org/apache/calcite/calcite-core/1.27.0/calcite-core-1.27.0.jar:/home/alex/.m2/repository/org/apache/calcite/calcite-linq4j/1.27.0/calcite-linq4j-1.27.0.jar:/home/alex/.m2/repository/com/esri/geometry/esri-geometry-api/2.2.0/esri-geometry-api-2.2.0.jar:/home/alex/.m2/repository/org/apache/calcite/avatica/avatica-core/1.18.0/avatica-core-1.18.0.jar:/home/alex/.m2/repository/org/apache/calcite/avatica/avatica-metrics/1.18.0/avatica-metrics-1.18.0.jar:/home/alex/.m2/repository/com/google/protobuf/protobuf-java/3.6.1/protobuf-java-3.6.1.jar:/home/alex/.m2/repository/org/apiguardian/apiguardian-api/1.1.0/apiguardian-api-1.1.0.jar:/home/alex/.m2/repository/com/fasterxml/jackson/dataformat/jackson-dataformat-yaml/2.10.0/jackson-dataformat-yaml-2.10.0.jar:/home/alex/.m2/repository/org/yaml/snakeyaml/1.29/snakeyaml-1.29.jar:/home/alex/.m2/repository/com/google/uzaygezen/uzaygezen-core/0.2/uzaygezen-core-0.2.jar:/home/alex/.m2/repository/com/yahoo/datasketches/sketches-core/0.9.0/sketches-core-0.9.0.jar:/home/alex/.m2/repository/com/yahoo/datasketches/memory/0.9.0/memory-0.9.0.jar:/home/alex/.m2/repository/net/hydromatic/aggdesigner-algorithm/6.0/aggdesigner-algorithm-6.0.jar:/home/alex/.m2/repository/commons-lang/commons-lang/2.4/commons-lang-2.4.jar:/home/alex/.m2/repository/org/apache/commons/commons-dbcp2/2.6.0/commons-dbcp2-2.6.0.jar:/home/alex/.m2/repository/org/apache/commons/commons-pool2/2.6.1/commons-pool2-2.6.1.jar:/home/alex/.m2/repository/org/codehaus/janino/commons-compiler/3.0.11/commons-compiler-3.0.11.jar:/home/alex/.m2/repository/org/codehaus/janino/janino/3.0.11/janino-3.0.11.jar:/home/alex/Repositories/nifi/nifi-nar-bundles/nifi-standard-services/nifi-schema-registry-service-api/target/classes:/home/alex/Repositories/nifi/nifi-nar-bundles/nifi-extension-utils/nifi-database-utils/target/classes:/home/alex/Repositories/nifi/nifi-nar-bundles/nifi-standard-bundle/nifi-standard-web-test-utils/target/classes:/home/alex/.m2/repository/com/github/stefanbirkner/fake-sftp-server-rule/2.0.1/fake-sftp-server-rule-2.0.1.jar:/home/alex/.m2/repository/com/github/marschall/memoryfilesystem/2.8.0/memoryfilesystem-2.8.0.jar:/home/alex/.m2/repository/junit/junit/4.13.2/junit-4.13.2.jar:/home/alex/.m2/repository/org/hamcrest/hamcrest-core/1.3/hamcrest-core-1.3.jar:/home/alex/Repositories/nifi/nifi-nar-bundles/nifi-extension-utils/nifi-database-test-utils/target/classes:/home/alex/.m2/repository/org/codehaus/groovy/groovy-json/2.5.14/groovy-json-2.5.14.jar:/home/alex/.m2/repository/org/codehaus/groovy/groovy/2.5.14/groovy-2.5.14.jar:/home/alex/.m2/repository/org/codehaus/groovy/groovy-servlet/2.5.14/groovy-servlet-2.5.14.jar:/home/alex/.m2/repository/org/codehaus/groovy/groovy-templates/2.5.14/groovy-templates-2.5.14.jar:/home/alex/.m2/repository/org/codehaus/groovy/groovy-xml/2.5.14/groovy-xml-2.5.14.jar:/home/alex/.m2/repository/org/hamcrest/hamcrest-all/1.3/hamcrest-all-1.3.jar:/home/alex/.m2/repository/com/squareup/okhttp3/mockwebserver/4.9.2/mockwebserver-4.9.2.jar:/home/alex/.m2/repository/org/jetbrains/kotlin/kotlin-stdlib-jdk8/1.4.10/kotlin-stdlib-jdk8-1.4.10.jar:/home/alex/.m2/repository/org/jetbrains/kotlin/kotlin-stdlib-jdk7/1.4.10/kotlin-stdlib-jdk7-1.4.10.jar:/home/alex/.m2/repository/org/mockito/mockito-inline/3.12.4/mockito-inline-3.12.4.jar:/home/alex/.m2/repository/org/junit/jupiter/junit-jupiter-api/5.7.2/junit-jupiter-api-5.7.2.jar:/home/alex/.m2/repository/org/opentest4j/opentest4j/1.2.0/opentest4j-1.2.0.jar:/home/alex/.m2/repository/org/junit/platform/junit-platform-commons/1.7.2/junit-platform-commons-1.7.2.jar:/home/alex/.m2/repository/org/junit/jupiter/junit-jupiter-engine/5.7.2/junit-jupiter-engine-5.7.2.jar:/home/alex/.m2/repository/org/junit/platform/junit-platform-engine/1.7.2/junit-platform-engine-1.7.2.jar:/home/alex/.m2/repository/org/junit/vintage/junit-vintage-engine/5.7.2/junit-vintage-engine-5.7.2.jar:/home/alex/.m2/repository/org/junit/jupiter/junit-jupiter-params/5.7.2/junit-jupiter-params-5.7.2.jar:/home/alex/.m2/repository/org/mockito/mockito-core/3.11.2/mockito-core-3.11.2.jar:/home/alex/.m2/repository/net/bytebuddy/byte-buddy/1.11.3/byte-buddy-1.11.3.jar:/home/alex/.m2/repository/net/bytebuddy/byte-buddy-agent/1.11.3/byte-buddy-agent-1.11.3.jar:/home/alex/.m2/repository/org/objenesis/objenesis/3.2/objenesis-3.2.jar:/home/alex/.m2/repository/org/mockito/mockito-junit-jupiter/3.11.2/mockito-junit-jupiter-3.11.2.jar:/home/alex/.m2/repository/org/slf4j/slf4j-simple/1.7.32/slf4j-simple-1.7.32.jar:/home/alex/.m2/repository/org/codehaus/groovy/groovy-test/2.5.14/groovy-test-2.5.14.jar:"/>
    <property name="java.vm.vendor" value="Private Build"/>
    <property name="sun.arch.data.model" value="64"/>
    <property name="java.vendor.url" value="http://java.oracle.com/"/>
    <property name="user.timezone" value="Europe/Lisbon"/>
    <property name="java.vm.specification.version" value="1.8"/>
    <property name="os.name" value="Linux"/>
    <property name="user.country" value="US"/>
    <property name="sun.java.launcher" value="SUN_STANDARD"/>
    <property name="sun.boot.library.path" value="/usr/lib/jvm/java-8-openjdk-amd64/jre/lib/amd64"/>
    <property name="sun.java.command" value="/home/alex/Repositories/nifi/nifi-nar-bundles/nifi-standard-bundle/nifi-standard-processors/target/surefire/surefirebooter5765390859711556220.jar /home/alex/Repositories/nifi/nifi-nar-bundles/nifi-standard-bundle/nifi-standard-processors/target/surefire 2024-05-02T03-00-27_868-jvmRun1 surefire9208373730939602304tmp surefire_6996902428243563721tmp"/>
    <property name="surefire.test.class.path" value="/home/alex/Repositories/nifi/nifi-nar-bundles/nifi-standard-bundle/nifi-standard-processors/target/test-classes:/home/alex/Repositories/nifi/nifi-nar-bundles/nifi-standard-bundle/nifi-standard-processors/target/classes:/home/alex/.m2/repository/org/apache/ftpserver/ftpserver-core/1.1.1/ftpserver-core-1.1.1.jar:/home/alex/.m2/repository/org/apache/ftpserver/ftplet-api/1.1.1/ftplet-api-1.1.1.jar:/home/alex/.m2/repository/org/slf4j/slf4j-api/1.7.32/slf4j-api-1.7.32.jar:/home/alex/.m2/repository/org/apache/mina/mina-core/2.0.16/mina-core-2.0.16.jar:/home/alex/Repositories/nifi/nifi-api/target/classes:/home/alex/Repositories/nifi/nifi-commons/nifi-expression-language/target/classes:/home/alex/.m2/repository/org/antlr/antlr-runtime/3.5.2/antlr-runtime-3.5.2.jar:/home/alex/Repositories/nifi/nifi-commons/nifi-parameter/target/classes:/home/alex/Repositories/nifi/nifi-commons/nifi-uuid5/target/classes:/home/alex/.m2/repository/org/apache/commons/commons-text/1.8/commons-text-1.8.jar:/home/alex/Repositories/nifi/nifi-nar-bundles/nifi-extension-utils/nifi-processor-utils/target/classes:/home/alex/Repositories/nifi/nifi-commons/nifi-security-socket-ssl/target/classes:/home/alex/Repositories/nifi/nifi-nar-bundles/nifi-extension-utils/nifi-event-transport/target/classes:/home/alex/.m2/repository/io/netty/netty-handler/4.1.69.Final/netty-handler-4.1.69.Final.jar:/home/alex/.m2/repository/io/netty/netty-common/4.1.69.Final/netty-common-4.1.69.Final.jar:/home/alex/.m2/repository/io/netty/netty-resolver/4.1.69.Final/netty-resolver-4.1.69.Final.jar:/home/alex/.m2/repository/io/netty/netty-transport/4.1.69.Final/netty-transport-4.1.69.Final.jar:/home/alex/.m2/repository/io/netty/netty-codec/4.1.69.Final/netty-codec-4.1.69.Final.jar:/home/alex/Repositories/nifi/nifi-nar-bundles/nifi-extension-utils/nifi-syslog-utils/target/classes:/home/alex/.m2/repository/com/github/palindromicity/simple-syslog-5424/0.0.16/simple-syslog-5424-0.0.16.jar:/home/alex/.m2/repository/org/antlr/antlr4-runtime/4.7.2/antlr4-runtime-4.7.2.jar:/home/alex/Repositories/nifi/nifi-commons/nifi-utils/target/classes:/home/alex/Repositories/nifi/nifi-commons/nifi-record-path/target/classes:/home/alex/Repositories/nifi/nifi-commons/nifi-properties/target/classes:/home/alex/Repositories/nifi/nifi-commons/nifi-property-utils/target/classes:/home/alex/.m2/repository/com/github/ben-manes/caffeine/caffeine/2.8.1/caffeine-2.8.1.jar:/home/alex/Repositories/nifi/nifi-nar-bundles/nifi-standard-services/nifi-ssl-context-service-api/target/classes:/home/alex/Repositories/nifi/nifi-commons/nifi-security-utils-api/target/classes:/home/alex/Repositories/nifi/nifi-nar-bundles/nifi-standard-services/nifi-lookup-service-api/target/classes:/home/alex/Repositories/nifi/nifi-commons/nifi-flowfile-packager/target/classes:/home/alex/Repositories/nifi/nifi-nar-bundles/nifi-standard-services/nifi-distributed-cache-client-service-api/target/classes:/home/alex/Repositories/nifi/nifi-nar-bundles/nifi-standard-services/nifi-http-context-map-api/target/classes:/home/alex/Repositories/nifi/nifi-nar-bundles/nifi-standard-services/nifi-record-serialization-service-api/target/classes:/home/alex/Repositories/nifi/nifi-nar-bundles/nifi-standard-services/nifi-proxy-configuration-api/target/classes:/home/alex/Repositories/nifi/nifi-commons/nifi-record/target/classes:/home/alex/Repositories/nifi/nifi-nar-bundles/nifi-standard-services/nifi-record-sink-api/target/classes:/home/alex/.m2/repository/commons-io/commons-io/2.10.0/commons-io-2.10.0.jar:/home/alex/.m2/repository/javax/ws/rs/javax.ws.rs-api/2.1/javax.ws.rs-api-2.1.jar:/home/alex/.m2/repository/commons-net/commons-net/3.6/commons-net-3.6.jar:/home/alex/.m2/repository/org/apache/commons/commons-compress/1.21/commons-compress-1.21.jar:/home/alex/.m2/repository/org/apache/commons/commons-lang3/3.9/commons-lang3-3.9.jar:/home/alex/.m2/repository/org/bouncycastle/bcprov-jdk15on/1.69/bcprov-jdk15on-1.69.jar:/home/alex/.m2/repository/org/bouncycastle/bcpg-jdk15on/1.69/bcpg-jdk15on-1.69.jar:/home/alex/.m2/repository/org/bouncycastle/bcpkix-jdk15on/1.69/bcpkix-jdk15on-1.69.jar:/home/alex/.m2/repository/org/bouncycastle/bcutil-jdk15on/1.69/bcutil-jdk15on-1.69.jar:/home/alex/.m2/repository/commons-codec/commons-codec/1.14/commons-codec-1.14.jar:/home/alex/Repositories/nifi/nifi-commons/nifi-security-utils/target/classes:/home/alex/Repositories/nifi/nifi-commons/nifi-security-kms/target/classes:/home/alex/.m2/repository/org/apache/commons/commons-configuration2/2.7/commons-configuration2-2.7.jar:/home/alex/.m2/repository/com/hierynomus/sshj/0.32.0/sshj-0.32.0.jar:/home/alex/.m2/repository/com/jcraft/jzlib/1.1.3/jzlib-1.1.3.jar:/home/alex/.m2/repository/com/hierynomus/asn-one/0.6.0/asn-one-0.6.0.jar:/home/alex/.m2/repository/net/i2p/crypto/eddsa/0.3.0/eddsa-0.3.0.jar:/home/alex/.m2/repository/org/eclipse/jetty/jetty-server/9.4.44.v20210927/jetty-server-9.4.44.v20210927.jar:/home/alex/.m2/repository/javax/servlet/javax.servlet-api/3.1.0/javax.servlet-api-3.1.0.jar:/home/alex/.m2/repository/org/eclipse/jetty/jetty-http/9.4.44.v20210927/jetty-http-9.4.44.v20210927.jar:/home/alex/.m2/repository/org/eclipse/jetty/jetty-util/9.4.44.v20210927/jetty-util-9.4.44.v20210927.jar:/home/alex/.m2/repository/org/eclipse/jetty/jetty-io/9.4.44.v20210927/jetty-io-9.4.44.v20210927.jar:/home/alex/.m2/repository/org/eclipse/jetty/jetty-servlet/9.4.44.v20210927/jetty-servlet-9.4.44.v20210927.jar:/home/alex/.m2/repository/org/eclipse/jetty/jetty-security/9.4.44.v20210927/jetty-security-9.4.44.v20210927.jar:/home/alex/.m2/repository/org/eclipse/jetty/jetty-util-ajax/9.4.44.v20210927/jetty-util-ajax-9.4.44.v20210927.jar:/home/alex/.m2/repository/org/apache/httpcomponents/httpclient/4.5.5/httpclient-4.5.5.jar:/home/alex/.m2/repository/commons-logging/commons-logging/1.2/commons-logging-1.2.jar:/home/alex/.m2/repository/org/apache/httpcomponents/httpcore/4.4.9/httpcore-4.4.9.jar:/home/alex/.m2/repository/jakarta/activation/jakarta.activation-api/2.0.1/jakarta.activation-api-2.0.1.jar:/home/alex/.m2/repository/com/sun/activation/jakarta.activation/2.0.1/jakarta.activation-2.0.1.jar:/home/alex/.m2/repository/jakarta/mail/jakarta.mail-api/2.0.1/jakarta.mail-api-2.0.1.jar:/home/alex/.m2/repository/com/sun/mail/jakarta.mail/2.0.1/jakarta.mail-2.0.1.jar:/home/alex/.m2/repository/com/github/jponge/lzma-java/1.3/lzma-java-1.3.jar:/home/alex/.m2/repository/org/tukaani/xz/1.8/xz-1.8.jar:/home/alex/.m2/repository/net/sf/saxon/Saxon-HE/10.6/Saxon-HE-10.6.jar:/home/alex/Repositories/nifi/nifi-commons/nifi-socket-utils/target/classes:/home/alex/Repositories/nifi/nifi-commons/nifi-logging-utils/target/classes:/home/alex/Repositories/nifi/nifi-nar-bundles/nifi-standard-services/nifi-load-distribution-service-api/target/classes:/home/alex/.m2/repository/javax/jms/javax.jms-api/2.0.1/javax.jms-api-2.0.1.jar:/home/alex/.m2/repository/org/apache/activemq/activemq-client/5.15.15/activemq-client-5.15.15.jar:/home/alex/.m2/repository/org/apache/geronimo/specs/geronimo-jms_1.1_spec/1.1.1/geronimo-jms_1.1_spec-1.1.1.jar:/home/alex/.m2/repository/org/fusesource/hawtbuf/hawtbuf/1.11/hawtbuf-1.11.jar:/home/alex/.m2/repository/org/apache/geronimo/specs/geronimo-j2ee-management_1.1_spec/1.0.1/geronimo-j2ee-management_1.1_spec-1.0.1.jar:/home/alex/.m2/repository/com/jayway/jsonpath/json-path/2.6.0/json-path-2.6.0.jar:/home/alex/.m2/repository/net/minidev/json-smart/2.4.7/json-smart-2.4.7.jar:/home/alex/.m2/repository/net/minidev/accessors-smart/2.4.7/accessors-smart-2.4.7.jar:/home/alex/.m2/repository/org/ow2/asm/asm/9.1/asm-9.1.jar:/home/alex/.m2/repository/org/apache/tika/tika-core/1.26/tika-core-1.26.jar:/home/alex/.m2/repository/com/fasterxml/jackson/core/jackson-databind/2.12.3/jackson-databind-2.12.3.jar:/home/alex/.m2/repository/com/fasterxml/jackson/core/jackson-annotations/2.12.3/jackson-annotations-2.12.3.jar:/home/alex/.m2/repository/com/fasterxml/jackson/core/jackson-core/2.12.3/jackson-core-2.12.3.jar:/home/alex/Repositories/nifi/nifi-nar-bundles/nifi-extension-utils/nifi-record-utils/nifi-avro-record-utils/target/classes:/home/alex/Repositories/nifi/nifi-nar-bundles/nifi-extension-utils/nifi-record-utils/nifi-standard-record-utils/target/classes:/home/alex/.m2/repository/org/apache/avro/avro/1.8.1/avro-1.8.1.jar:/home/alex/.m2/repository/org/codehaus/jackson/jackson-core-asl/1.9.13/jackson-core-asl-1.9.13.jar:/home/alex/.m2/repository/org/codehaus/jackson/jackson-mapper-asl/1.9.13/jackson-mapper-asl-1.9.13.jar:/home/alex/.m2/repository/com/thoughtworks/paranamer/paranamer/2.7/paranamer-2.7.jar:/home/alex/Repositories/nifi/nifi-nar-bundles/nifi-standard-services/nifi-dbcp-service-api/target/classes:/home/alex/.m2/repository/com/squareup/okhttp3/okhttp/4.9.2/okhttp-4.9.2.jar:/home/alex/.m2/repository/com/squareup/okio/okio/2.8.0/okio-2.8.0.jar:/home/alex/.m2/repository/org/jetbrains/kotlin/kotlin-stdlib-common/1.4.0/kotlin-stdlib-common-1.4.0.jar:/home/alex/.m2/repository/org/jetbrains/kotlin/kotlin-stdlib/1.4.10/kotlin-stdlib-1.4.10.jar:/home/alex/.m2/repository/org/jetbrains/annotations/13.0/annotations-13.0.jar:/home/alex/.m2/repository/io/github/rburgst/okhttp-digest/2.5/okhttp-digest-2.5.jar:/home/alex/.m2/repository/at/favre/lib/bcrypt/0.9.0/bcrypt-0.9.0.jar:/home/alex/.m2/repository/at/favre/lib/bytes/1.3.0/bytes-1.3.0.jar:/home/alex/.m2/repository/com/google/guava/guava/28.0-jre/guava-28.0-jre.jar:/home/alex/.m2/repository/com/google/guava/failureaccess/1.0.1/failureaccess-1.0.1.jar:/home/alex/.m2/repository/com/google/guava/listenablefuture/9999.0-empty-to-avoid-conflict-with-guava/listenablefuture-9999.0-empty-to-avoid-conflict-with-guava.jar:/home/alex/.m2/repository/com/google/code/findbugs/jsr305/3.0.2/jsr305-3.0.2.jar:/home/alex/.m2/repository/org/checkerframework/checker-qual/2.8.1/checker-qual-2.8.1.jar:/home/alex/.m2/repository/com/google/errorprone/error_prone_annotations/2.3.2/error_prone_annotations-2.3.2.jar:/home/alex/.m2/repository/com/google/j2objc/j2objc-annotations/1.3/j2objc-annotations-1.3.jar:/home/alex/.m2/repository/org/codehaus/mojo/animal-sniffer-annotations/1.17/animal-sniffer-annotations-1.17.jar:/home/alex/Repositories/nifi/nifi-mock/target/classes:/home/alex/Repositories/nifi/nifi-framework-api/target/classes:/home/alex/Repositories/nifi/nifi-nar-bundles/nifi-framework-bundle/nifi-framework/nifi-framework-core-api/target/classes:/home/alex/Repositories/nifi/nifi-nar-bundles/nifi-framework-bundle/nifi-framework/nifi-framework-nar-utils/target/classes:/home/alex/Repositories/nifi/nifi-nar-bundles/nifi-framework-bundle/nifi-framework/nifi-client-dto/target/classes:/home/alex/.m2/repository/io/swagger/swagger-annotations/1.6.0/swagger-annotations-1.6.0.jar:/home/alex/Repositories/nifi/nifi-commons/nifi-site-to-site-client/target/classes:/home/alex/.m2/repository/org/apache/httpcomponents/httpasyncclient/4.1.4/httpasyncclient-4.1.4.jar:/home/alex/.m2/repository/org/apache/httpcomponents/httpcore-nio/4.4.10/httpcore-nio-4.4.10.jar:/home/alex/Repositories/nifi/nifi-nar-bundles/nifi-framework-bundle/nifi-framework/nifi-framework-authorization/target/classes:/home/alex/Repositories/nifi/nifi-registry/nifi-registry-core/nifi-registry-data-model/target/classes:/home/alex/Repositories/nifi/nifi-registry/nifi-registry-core/nifi-registry-revision/nifi-registry-revision-entity-model/target/classes:/home/alex/Repositories/nifi/nifi-registry/nifi-registry-core/nifi-registry-client/target/classes:/home/alex/Repositories/nifi/nifi-registry/nifi-registry-core/nifi-registry-security-utils/target/classes:/home/alex/.m2/repository/org/glassfish/jersey/core/jersey-client/2.33/jersey-client-2.33.jar:/home/alex/.m2/repository/jakarta/ws/rs/jakarta.ws.rs-api/2.1.6/jakarta.ws.rs-api-2.1.6.jar:/home/alex/.m2/repository/org/glassfish/hk2/external/jakarta.inject/2.6.1/jakarta.inject-2.6.1.jar:/home/alex/.m2/repository/org/glassfish/jersey/media/jersey-media-json-jackson/2.33/jersey-media-json-jackson-2.33.jar:/home/alex/.m2/repository/org/glassfish/jersey/ext/jersey-entity-filtering/2.33/jersey-entity-filtering-2.33.jar:/home/alex/.m2/repository/org/glassfish/jersey/inject/jersey-hk2/2.33/jersey-hk2-2.33.jar:/home/alex/.m2/repository/org/glassfish/hk2/hk2-locator/2.6.1/hk2-locator-2.6.1.jar:/home/alex/.m2/repository/org/glassfish/hk2/external/aopalliance-repackaged/2.6.1/aopalliance-repackaged-2.6.1.jar:/home/alex/.m2/repository/org/glassfish/hk2/hk2-api/2.6.1/hk2-api-2.6.1.jar:/home/alex/.m2/repository/org/glassfish/hk2/hk2-utils/2.6.1/hk2-utils-2.6.1.jar:/home/alex/.m2/repository/org/javassist/javassist/3.25.0-GA/javassist-3.25.0-GA.jar:/home/alex/.m2/repository/org/glassfish/jersey/core/jersey-common/2.33/jersey-common-2.33.jar:/home/alex/.m2/repository/jakarta/annotation/jakarta.annotation-api/1.3.5/jakarta.annotation-api-1.3.5.jar:/home/alex/.m2/repository/org/glassfish/hk2/osgi-resource-locator/1.0.3/osgi-resource-locator-1.0.3.jar:/home/alex/.m2/repository/org/glassfish/jersey/media/jersey-media-multipart/2.33/jersey-media-multipart-2.33.jar:/home/alex/.m2/repository/org/jvnet/mimepull/mimepull/1.9.13/mimepull-1.9.13.jar:/home/alex/Repositories/nifi/nifi-commons/nifi-data-provenance-utils/target/classes:/home/alex/Repositories/nifi/nifi-nar-bundles/nifi-standard-services/nifi-distributed-cache-services-bundle/nifi-distributed-cache-client-service/target/classes:/home/alex/Repositories/nifi/nifi-nar-bundles/nifi-standard-services/nifi-distributed-cache-services-bundle/nifi-distributed-cache-protocol/target/classes:/home/alex/.m2/repository/io/netty/netty-buffer/4.1.69.Final/netty-buffer-4.1.69.Final.jar:/home/alex/.m2/repository/com/google/http-client/google-http-client/1.28.0/google-http-client-1.28.0.jar:/home/alex/.m2/repository/io/opencensus/opencensus-api/0.18.0/opencensus-api-0.18.0.jar:/home/alex/.m2/repository/io/grpc/grpc-context/1.14.0/grpc-context-1.14.0.jar:/home/alex/.m2/repository/io/opencensus/opencensus-contrib-http-util/0.18.0/opencensus-contrib-http-util-0.18.0.jar:/home/alex/.m2/repository/org/apache/activemq/activemq-broker/5.15.14/activemq-broker-5.15.14.jar:/home/alex/.m2/repository/org/apache/activemq/activemq-openwire-legacy/5.15.14/activemq-openwire-legacy-5.15.14.jar:/home/alex/Repositories/nifi/nifi-nar-bundles/nifi-standard-services/nifi-ssl-context-bundle/nifi-ssl-context-service/target/classes:/home/alex/Repositories/nifi/nifi-nar-bundles/nifi-framework-bundle/nifi-framework/nifi-standard-prioritizers/target/classes:/home/alex/Repositories/nifi/nifi-nar-bundles/nifi-extension-utils/nifi-record-utils/nifi-mock-record-utils/target/classes:/home/alex/Repositories/nifi/nifi-nar-bundles/nifi-standard-services/nifi-record-serialization-services-bundle/nifi-record-serialization-services/target/classes:/home/alex/.m2/repository/org/apache/commons/commons-csv/1.8/commons-csv-1.8.jar:/home/alex/.m2/repository/com/fasterxml/jackson/dataformat/jackson-dataformat-csv/2.12.3/jackson-dataformat-csv-2.12.3.jar:/home/alex/.m2/repository/net/java/dev/stax-utils/stax-utils/20070216/stax-utils-20070216.jar:/home/alex/Repositories/nifi/nifi-nar-bundles/nifi-standard-services/nifi-lookup-services-bundle/nifi-lookup-services/target/classes:/home/alex/.m2/repository/commons-beanutils/commons-beanutils/1.9.4/commons-beanutils-1.9.4.jar:/home/alex/.m2/repository/commons-collections/commons-collections/3.2.2/commons-collections-3.2.2.jar:/home/alex/.m2/repository/com/maxmind/geoip2/geoip2/2.12.0/geoip2-2.12.0.jar:/home/alex/.m2/repository/com/maxmind/db/maxmind-db/1.2.2/maxmind-db-1.2.2.jar:/home/alex/.m2/repository/org/apache/derby/derby/10.14.2.0/derby-10.14.2.0.jar:/home/alex/.m2/repository/org/xerial/snappy/snappy-java/1.1.7.3/snappy-java-1.1.7.3.jar:/home/alex/.m2/repository/net/lingala/zip4j/zip4j/2.8.0/zip4j-2.8.0.jar:/home/alex/.m2/repository/com/h2database/h2/1.4.187/h2-1.4.187.jar:/home/alex/.m2/repository/org/mockftpserver/MockFtpServer/2.7.1/MockFtpServer-2.7.1.jar:/home/alex/.m2/repository/org/apache/sshd/sshd-core/1.7.0/sshd-core-1.7.0.jar:/home/alex/.m2/repository/com/bazaarvoice/jolt/jolt-core/0.1.1/jolt-core-0.1.1.jar:/home/alex/.m2/repository/javax/inject/javax.inject/1/javax.inject-1.jar:/home/alex/.m2/repository/com/bazaarvoice/jolt/json-utils/0.1.1/json-utils-0.1.1.jar:/home/alex/Repositories/nifi/nifi-nar-bundles/nifi-standard-bundle/nifi-standard-utils/target/classes:/home/alex/.m2/repository/net/sf/supercsv/super-csv/2.4.0/super-csv-2.4.0.jar:/home/alex/.m2/repository/com/fluenda/parcefone/2.1.0/parcefone-2.1.0.jar:/home/alex/.m2/repository/javax/validation/validation-api/1.1.0.Final/validation-api-1.1.0.Final.jar:/home/alex/.m2/repository/javax/el/javax.el-api/3.0.0/javax.el-api-3.0.0.jar:/home/alex/.m2/repository/com/github/wnameless/json/json-flattener/0.12.0/json-flattener-0.12.0.jar:/home/alex/.m2/repository/com/github/wnameless/json/json-base/2.0.0/json-base-2.0.0.jar:/home/alex/.m2/repository/org/apache/bval/bval-jsr/1.1.2/bval-jsr-1.1.2.jar:/home/alex/.m2/repository/org/apache/bval/bval-core/1.1.2/bval-core-1.1.2.jar:/home/alex/.m2/repository/io/krakens/java-grok/0.1.9/java-grok-0.1.9.jar:/home/alex/.m2/repository/org/apache/calcite/calcite-core/1.27.0/calcite-core-1.27.0.jar:/home/alex/.m2/repository/org/apache/calcite/calcite-linq4j/1.27.0/calcite-linq4j-1.27.0.jar:/home/alex/.m2/repository/com/esri/geometry/esri-geometry-api/2.2.0/esri-geometry-api-2.2.0.jar:/home/alex/.m2/repository/org/apache/calcite/avatica/avatica-core/1.18.0/avatica-core-1.18.0.jar:/home/alex/.m2/repository/org/apache/calcite/avatica/avatica-metrics/1.18.0/avatica-metrics-1.18.0.jar:/home/alex/.m2/repository/com/google/protobuf/protobuf-java/3.6.1/protobuf-java-3.6.1.jar:/home/alex/.m2/repository/org/apiguardian/apiguardian-api/1.1.0/apiguardian-api-1.1.0.jar:/home/alex/.m2/repository/com/fasterxml/jackson/dataformat/jackson-dataformat-yaml/2.10.0/jackson-dataformat-yaml-2.10.0.jar:/home/alex/.m2/repository/org/yaml/snakeyaml/1.29/snakeyaml-1.29.jar:/home/alex/.m2/repository/com/google/uzaygezen/uzaygezen-core/0.2/uzaygezen-core-0.2.jar:/home/alex/.m2/repository/com/yahoo/datasketches/sketches-core/0.9.0/sketches-core-0.9.0.jar:/home/alex/.m2/repository/com/yahoo/datasketches/memory/0.9.0/memory-0.9.0.jar:/home/alex/.m2/repository/net/hydromatic/aggdesigner-algorithm/6.0/aggdesigner-algorithm-6.0.jar:/home/alex/.m2/repository/commons-lang/commons-lang/2.4/commons-lang-2.4.jar:/home/alex/.m2/repository/org/apache/commons/commons-dbcp2/2.6.0/commons-dbcp2-2.6.0.jar:/home/alex/.m2/repository/org/apache/commons/commons-pool2/2.6.1/commons-pool2-2.6.1.jar:/home/alex/.m2/repository/org/codehaus/janino/commons-compiler/3.0.11/commons-compiler-3.0.11.jar:/home/alex/.m2/repository/org/codehaus/janino/janino/3.0.11/janino-3.0.11.jar:/home/alex/Repositories/nifi/nifi-nar-bundles/nifi-standard-services/nifi-schema-registry-service-api/target/classes:/home/alex/Repositories/nifi/nifi-nar-bundles/nifi-extension-utils/nifi-database-utils/target/classes:/home/alex/Repositories/nifi/nifi-nar-bundles/nifi-standard-bundle/nifi-standard-web-test-utils/target/classes:/home/alex/.m2/repository/com/github/stefanbirkner/fake-sftp-server-rule/2.0.1/fake-sftp-server-rule-2.0.1.jar:/home/alex/.m2/repository/com/github/marschall/memoryfilesystem/2.8.0/memoryfilesystem-2.8.0.jar:/home/alex/.m2/repository/junit/junit/4.13.2/junit-4.13.2.jar:/home/alex/.m2/repository/org/hamcrest/hamcrest-core/1.3/hamcrest-core-1.3.jar:/home/alex/Repositories/nifi/nifi-nar-bundles/nifi-extension-utils/nifi-database-test-utils/target/classes:/home/alex/.m2/repository/org/codehaus/groovy/groovy-json/2.5.14/groovy-json-2.5.14.jar:/home/alex/.m2/repository/org/codehaus/groovy/groovy/2.5.14/groovy-2.5.14.jar:/home/alex/.m2/repository/org/codehaus/groovy/groovy-servlet/2.5.14/groovy-servlet-2.5.14.jar:/home/alex/.m2/repository/org/codehaus/groovy/groovy-templates/2.5.14/groovy-templates-2.5.14.jar:/home/alex/.m2/repository/org/codehaus/groovy/groovy-xml/2.5.14/groovy-xml-2.5.14.jar:/home/alex/.m2/repository/org/hamcrest/hamcrest-all/1.3/hamcrest-all-1.3.jar:/home/alex/.m2/repository/com/squareup/okhttp3/mockwebserver/4.9.2/mockwebserver-4.9.2.jar:/home/alex/.m2/repository/org/jetbrains/kotlin/kotlin-stdlib-jdk8/1.4.10/kotlin-stdlib-jdk8-1.4.10.jar:/home/alex/.m2/repository/org/jetbrains/kotlin/kotlin-stdlib-jdk7/1.4.10/kotlin-stdlib-jdk7-1.4.10.jar:/home/alex/.m2/repository/org/mockito/mockito-inline/3.12.4/mockito-inline-3.12.4.jar:/home/alex/.m2/repository/org/junit/jupiter/junit-jupiter-api/5.7.2/junit-jupiter-api-5.7.2.jar:/home/alex/.m2/repository/org/opentest4j/opentest4j/1.2.0/opentest4j-1.2.0.jar:/home/alex/.m2/repository/org/junit/platform/junit-platform-commons/1.7.2/junit-platform-commons-1.7.2.jar:/home/alex/.m2/repository/org/junit/jupiter/junit-jupiter-engine/5.7.2/junit-jupiter-engine-5.7.2.jar:/home/alex/.m2/repository/org/junit/platform/junit-platform-engine/1.7.2/junit-platform-engine-1.7.2.jar:/home/alex/.m2/repository/org/junit/vintage/junit-vintage-engine/5.7.2/junit-vintage-engine-5.7.2.jar:/home/alex/.m2/repository/org/junit/jupiter/junit-jupiter-params/5.7.2/junit-jupiter-params-5.7.2.jar:/home/alex/.m2/repository/org/mockito/mockito-core/3.11.2/mockito-core-3.11.2.jar:/home/alex/.m2/repository/net/bytebuddy/byte-buddy/1.11.3/byte-buddy-1.11.3.jar:/home/alex/.m2/repository/net/bytebuddy/byte-buddy-agent/1.11.3/byte-buddy-agent-1.11.3.jar:/home/alex/.m2/repository/org/objenesis/objenesis/3.2/objenesis-3.2.jar:/home/alex/.m2/repository/org/mockito/mockito-junit-jupiter/3.11.2/mockito-junit-jupiter-3.11.2.jar:/home/alex/.m2/repository/org/slf4j/slf4j-simple/1.7.32/slf4j-simple-1.7.32.jar:/home/alex/.m2/repository/org/codehaus/groovy/groovy-test/2.5.14/groovy-test-2.5.14.jar:"/>
    <property name="sun.cpu.endian" value="little"/>
    <property name="user.home" value="/home/alex"/>
    <property name="user.language" value="en"/>
    <property name="java.specification.vendor" value="Oracle Corporation"/>
    <property name="java.home" value="/usr/lib/jvm/java-8-openjdk-amd64/jre"/>
    <property name="basedir" value="/home/alex/Repositories/nifi/nifi-nar-bundles/nifi-standard-bundle/nifi-standard-processors"/>
    <property name="file.separator" value="/"/>
    <property name="line.separator" value="&#10;"/>
    <property name="java.vm.specification.vendor" value="Oracle Corporation"/>
    <property name="java.specification.name" value="Java Platform API Specification"/>
    <property name="derby.stream.error.file" value="target/derby.log"/>
    <property name="java.awt.graphicsenv" value="sun.awt.X11GraphicsEnvironment"/>
    <property name="java.awt.headless" value="true"/>
    <property name="surefire.real.class.path" value="/home/alex/Repositories/nifi/nifi-nar-bundles/nifi-standard-bundle/nifi-standard-processors/target/surefire/surefirebooter5765390859711556220.jar"/>
    <property name="sun.boot.class.path" value="/usr/lib/jvm/java-8-openjdk-amd64/jre/lib/resources.jar:/usr/lib/jvm/java-8-openjdk-amd64/jre/lib/rt.jar:/usr/lib/jvm/java-8-openjdk-amd64/jre/lib/sunrsasign.jar:/usr/lib/jvm/java-8-openjdk-amd64/jre/lib/jsse.jar:/usr/lib/jvm/java-8-openjdk-amd64/jre/lib/jce.jar:/usr/lib/jvm/java-8-openjdk-amd64/jre/lib/charsets.jar:/usr/lib/jvm/java-8-openjdk-amd64/jre/lib/jfr.jar:/usr/lib/jvm/java-8-openjdk-amd64/jre/classes"/>
    <property name="sun.management.compiler" value="HotSpot 64-Bit Tiered Compilers"/>
    <property name="java.runtime.version" value="1.8.0_402-8u402-ga-2ubuntu1~22.04-b06"/>
    <property name="java.net.preferIPv4Stack" value="true"/>
    <property name="user.name" value="alex"/>
    <property name="path.separator" value=":"/>
    <property name="os.version" value="6.5.0-28-generic"/>
    <property name="java.endorsed.dirs" value="/usr/lib/jvm/java-8-openjdk-amd64/jre/lib/endorsed"/>
    <property name="java.runtime.name" value="OpenJDK Runtime Environment"/>
    <property name="file.encoding" value="UTF-8"/>
    <property name="sun.nio.ch.bugLevel" value=""/>
    <property name="java.vm.name" value="OpenJDK 64-Bit Server VM"/>
    <property name="localRepository" value="/home/alex/.m2/repository"/>
    <property name="java.vendor.url.bug" value="http://bugreport.sun.com/bugreport/"/>
    <property name="java.io.tmpdir" value="/tmp"/>
    <property name="java.version" value="1.8.0_402"/>
    <property name="user.dir" value="/home/alex/Repositories/nifi/nifi-nar-bundles/nifi-standard-bundle/nifi-standard-processors"/>
    <property name="os.arch" value="amd64"/>
    <property name="java.vm.specification.name" value="Java Virtual Machine Specification"/>
    <property name="java.awt.printerjob" value="sun.print.PSPrinterJob"/>
    <property name="sun.os.patch.level" value="unknown"/>
    <property name="java.library.path" value="/usr/java/packages/lib/amd64:/usr/lib/x86_64-linux-gnu/jni:/lib/x86_64-linux-gnu:/usr/lib/x86_64-linux-gnu:/usr/lib/jni:/lib:/usr/lib"/>
    <property name="java.vm.info" value="mixed mode"/>
    <property name="java.vendor" value="Private Build"/>
    <property name="java.vm.version" value="25.402-b06"/>
    <property name="java.specification.maintenance.version" value="5"/>
    <property name="java.ext.dirs" value="/usr/lib/jvm/java-8-openjdk-amd64/jre/lib/ext:/usr/java/packages/lib/ext"/>
    <property name="sun.io.unicode.encoding" value="UnicodeLittle"/>
    <property name="java.class.version" value="52.0"/>
  </properties>
  <testcase name="testFileCountRate" classname="org.apache.nifi.processors.standard.TestControlRate" time="1.109">
    <system-err><![CDATA[[pool-139-thread-1] INFO org.apache.nifi.processors.standard.ControlRate - ControlRate[id=44eea73d-eedd-4285-8321-7a9d8b2ef6ad] transferring FlowFile[0,96101726874203.mockFlowFile,11B] to 'success'
[pool-139-thread-1] INFO org.apache.nifi.processors.standard.ControlRate - ControlRate[id=44eea73d-eedd-4285-8321-7a9d8b2ef6ad] transferring FlowFile[1,96101726940842.mockFlowFile,11B] to 'success'
[pool-139-thread-1] INFO org.apache.nifi.processors.standard.ControlRate - ControlRate[id=44eea73d-eedd-4285-8321-7a9d8b2ef6ad] transferring FlowFile[2,96101726986441.mockFlowFile,11B] to 'success'
[pool-141-thread-1] INFO org.apache.nifi.processors.standard.ControlRate - ControlRate[id=44eea73d-eedd-4285-8321-7a9d8b2ef6ad] transferring FlowFile[3,96101727010443.mockFlowFile,11B] to 'success'
]]></system-err>
  </testcase>
  <testcase name="testDataSizeRate" classname="org.apache.nifi.processors.standard.TestControlRate" time="1.104">
    <system-err><![CDATA[[pool-142-thread-1] INFO org.apache.nifi.processors.standard.ControlRate - ControlRate[id=a96dd34b-69f0-40a7-9249-54f008d6784f] transferring FlowFile[0,96102833428673.mockFlowFile,10B] to 'success'
[pool-142-thread-1] INFO org.apache.nifi.processors.standard.ControlRate - ControlRate[id=a96dd34b-69f0-40a7-9249-54f008d6784f] transferring FlowFile[1,96102833472275.mockFlowFile,10B] to 'success'
[pool-144-thread-1] INFO org.apache.nifi.processors.standard.ControlRate - ControlRate[id=a96dd34b-69f0-40a7-9249-54f008d6784f] transferring FlowFile[2,96102833496605.mockFlowFile,10B] to 'success'
[pool-144-thread-1] INFO org.apache.nifi.processors.standard.ControlRate - ControlRate[id=a96dd34b-69f0-40a7-9249-54f008d6784f] transferring FlowFile[3,96102833519109.mockFlowFile,10B] to 'success'
]]></system-err>
  </testcase>
  <testcase name="testBatchLimit" classname="org.apache.nifi.processors.standard.TestControlRate" time="0.081">
    <system-err><![CDATA[[pool-145-thread-1] INFO org.apache.nifi.processors.standard.ControlRate - ControlRate[id=cdfdff17-80e1-43c9-ac97-e51acf6a863b] transferring FlowFile[0,96103938044327.mockFlowFile,11B] to 'success'
[pool-145-thread-1] INFO org.apache.nifi.processors.standard.ControlRate - ControlRate[id=cdfdff17-80e1-43c9-ac97-e51acf6a863b] transferring FlowFile[1,96103938087067.mockFlowFile,11B] to 'success'
[pool-145-thread-1] INFO org.apache.nifi.processors.standard.ControlRate - ControlRate[id=cdfdff17-80e1-43c9-ac97-e51acf6a863b] transferring FlowFile[2,96103938143907.mockFlowFile,11B] to 'success'
[pool-145-thread-1] INFO org.apache.nifi.processors.standard.ControlRate - ControlRate[id=cdfdff17-80e1-43c9-ac97-e51acf6a863b] transferring FlowFile[3,96103938186640.mockFlowFile,11B] to 'success'
[pool-145-thread-1] INFO org.apache.nifi.processors.standard.ControlRate - ControlRate[id=cdfdff17-80e1-43c9-ac97-e51acf6a863b] transferring FlowFile[4,96103938225755.mockFlowFile,11B] to 'success'
[pool-145-thread-1] INFO org.apache.nifi.processors.standard.ControlRate - ControlRate[id=cdfdff17-80e1-43c9-ac97-e51acf6a863b] transferring FlowFile[5,96103938245651.mockFlowFile,11B] to 'success'
[pool-145-thread-1] INFO org.apache.nifi.processors.standard.ControlRate - ControlRate[id=cdfdff17-80e1-43c9-ac97-e51acf6a863b] transferring FlowFile[6,96103938277894.mockFlowFile,11B] to 'success'
[pool-145-thread-1] INFO org.apache.nifi.processors.standard.ControlRate - ControlRate[id=cdfdff17-80e1-43c9-ac97-e51acf6a863b] transferring FlowFile[7,96103938316377.mockFlowFile,11B] to 'success'
[pool-145-thread-1] INFO org.apache.nifi.processors.standard.ControlRate - ControlRate[id=cdfdff17-80e1-43c9-ac97-e51acf6a863b] transferring FlowFile[8,96103938336357.mockFlowFile,11B] to 'success'
[pool-145-thread-1] INFO org.apache.nifi.processors.standard.ControlRate - ControlRate[id=cdfdff17-80e1-43c9-ac97-e51acf6a863b] transferring FlowFile[9,96103938356027.mockFlowFile,11B] to 'success'
[pool-145-thread-1] INFO org.apache.nifi.processors.standard.ControlRate - ControlRate[id=cdfdff17-80e1-43c9-ac97-e51acf6a863b] transferring FlowFile[10,96103938375061.mockFlowFile,12B] to 'success'
[pool-145-thread-1] INFO org.apache.nifi.processors.standard.ControlRate - ControlRate[id=cdfdff17-80e1-43c9-ac97-e51acf6a863b] transferring FlowFile[11,96103938394153.mockFlowFile,12B] to 'success'
[pool-145-thread-1] INFO org.apache.nifi.processors.standard.ControlRate - ControlRate[id=cdfdff17-80e1-43c9-ac97-e51acf6a863b] transferring FlowFile[12,96103938412169.mockFlowFile,12B] to 'success'
[pool-145-thread-1] INFO org.apache.nifi.processors.standard.ControlRate - ControlRate[id=cdfdff17-80e1-43c9-ac97-e51acf6a863b] transferring FlowFile[13,96103938430756.mockFlowFile,12B] to 'success'
[pool-145-thread-1] INFO org.apache.nifi.processors.standard.ControlRate - ControlRate[id=cdfdff17-80e1-43c9-ac97-e51acf6a863b] transferring FlowFile[14,96103938449094.mockFlowFile,12B] to 'success'
[pool-145-thread-1] INFO org.apache.nifi.processors.standard.ControlRate - ControlRate[id=cdfdff17-80e1-43c9-ac97-e51acf6a863b] transferring FlowFile[15,96103938490155.mockFlowFile,12B] to 'success'
[pool-145-thread-1] INFO org.apache.nifi.processors.standard.ControlRate - ControlRate[id=cdfdff17-80e1-43c9-ac97-e51acf6a863b] transferring FlowFile[16,96103938531813.mockFlowFile,12B] to 'success'
[pool-145-thread-1] INFO org.apache.nifi.processors.standard.ControlRate - ControlRate[id=cdfdff17-80e1-43c9-ac97-e51acf6a863b] transferring FlowFile[17,96103938569445.mockFlowFile,12B] to 'success'
[pool-145-thread-1] INFO org.apache.nifi.processors.standard.ControlRate - ControlRate[id=cdfdff17-80e1-43c9-ac97-e51acf6a863b] transferring FlowFile[18,96103938589000.mockFlowFile,12B] to 'success'
[pool-145-thread-1] INFO org.apache.nifi.processors.standard.ControlRate - ControlRate[id=cdfdff17-80e1-43c9-ac97-e51acf6a863b] transferring FlowFile[19,96103938608574.mockFlowFile,12B] to 'success'
[pool-145-thread-1] INFO org.apache.nifi.processors.standard.ControlRate - ControlRate[id=cdfdff17-80e1-43c9-ac97-e51acf6a863b] transferring FlowFile[20,96103938640190.mockFlowFile,12B] to 'success'
[pool-145-thread-1] INFO org.apache.nifi.processors.standard.ControlRate - ControlRate[id=cdfdff17-80e1-43c9-ac97-e51acf6a863b] transferring FlowFile[21,96103938658187.mockFlowFile,12B] to 'success'
[pool-145-thread-1] INFO org.apache.nifi.processors.standard.ControlRate - ControlRate[id=cdfdff17-80e1-43c9-ac97-e51acf6a863b] transferring FlowFile[22,96103938680307.mockFlowFile,12B] to 'success'
[pool-145-thread-1] INFO org.apache.nifi.processors.standard.ControlRate - ControlRate[id=cdfdff17-80e1-43c9-ac97-e51acf6a863b] transferring FlowFile[23,96103938705377.mockFlowFile,12B] to 'success'
[pool-145-thread-1] INFO org.apache.nifi.processors.standard.ControlRate - ControlRate[id=cdfdff17-80e1-43c9-ac97-e51acf6a863b] transferring FlowFile[24,96103938726379.mockFlowFile,12B] to 'success'
[pool-145-thread-1] INFO org.apache.nifi.processors.standard.ControlRate - ControlRate[id=cdfdff17-80e1-43c9-ac97-e51acf6a863b] transferring FlowFile[25,96103938746457.mockFlowFile,12B] to 'success'
[pool-145-thread-1] INFO org.apache.nifi.processors.standard.ControlRate - ControlRate[id=cdfdff17-80e1-43c9-ac97-e51acf6a863b] transferring FlowFile[26,96103938767864.mockFlowFile,12B] to 'success'
[pool-145-thread-1] INFO org.apache.nifi.processors.standard.ControlRate - ControlRate[id=cdfdff17-80e1-43c9-ac97-e51acf6a863b] transferring FlowFile[27,96103938787095.mockFlowFile,12B] to 'success'
[pool-145-thread-1] INFO org.apache.nifi.processors.standard.ControlRate - ControlRate[id=cdfdff17-80e1-43c9-ac97-e51acf6a863b] transferring FlowFile[28,96103938808405.mockFlowFile,12B] to 'success'
[pool-145-thread-1] INFO org.apache.nifi.processors.standard.ControlRate - ControlRate[id=cdfdff17-80e1-43c9-ac97-e51acf6a863b] transferring FlowFile[29,96103938832384.mockFlowFile,12B] to 'success'
[pool-145-thread-1] INFO org.apache.nifi.processors.standard.ControlRate - ControlRate[id=cdfdff17-80e1-43c9-ac97-e51acf6a863b] transferring FlowFile[30,96103938854429.mockFlowFile,12B] to 'success'
[pool-145-thread-1] INFO org.apache.nifi.processors.standard.ControlRate - ControlRate[id=cdfdff17-80e1-43c9-ac97-e51acf6a863b] transferring FlowFile[31,96103938878300.mockFlowFile,12B] to 'success'
[pool-145-thread-1] INFO org.apache.nifi.processors.standard.ControlRate - ControlRate[id=cdfdff17-80e1-43c9-ac97-e51acf6a863b] transferring FlowFile[32,96103938898701.mockFlowFile,12B] to 'success'
[pool-145-thread-1] INFO org.apache.nifi.processors.standard.ControlRate - ControlRate[id=cdfdff17-80e1-43c9-ac97-e51acf6a863b] transferring FlowFile[33,96103938918370.mockFlowFile,12B] to 'success'
[pool-145-thread-1] INFO org.apache.nifi.processors.standard.ControlRate - ControlRate[id=cdfdff17-80e1-43c9-ac97-e51acf6a863b] transferring FlowFile[34,96103938937288.mockFlowFile,12B] to 'success'
[pool-145-thread-1] INFO org.apache.nifi.processors.standard.ControlRate - ControlRate[id=cdfdff17-80e1-43c9-ac97-e51acf6a863b] transferring FlowFile[35,96103938957808.mockFlowFile,12B] to 'success'
[pool-145-thread-1] INFO org.apache.nifi.processors.standard.ControlRate - ControlRate[id=cdfdff17-80e1-43c9-ac97-e51acf6a863b] transferring FlowFile[36,96103938977886.mockFlowFile,12B] to 'success'
[pool-145-thread-1] INFO org.apache.nifi.processors.standard.ControlRate - ControlRate[id=cdfdff17-80e1-43c9-ac97-e51acf6a863b] transferring FlowFile[37,96103938998578.mockFlowFile,12B] to 'success'
[pool-145-thread-1] INFO org.apache.nifi.processors.standard.ControlRate - ControlRate[id=cdfdff17-80e1-43c9-ac97-e51acf6a863b] transferring FlowFile[38,96103939018922.mockFlowFile,12B] to 'success'
[pool-145-thread-1] INFO org.apache.nifi.processors.standard.ControlRate - ControlRate[id=cdfdff17-80e1-43c9-ac97-e51acf6a863b] transferring FlowFile[39,96103939053052.mockFlowFile,12B] to 'success'
[pool-145-thread-1] INFO org.apache.nifi.processors.standard.ControlRate - ControlRate[id=cdfdff17-80e1-43c9-ac97-e51acf6a863b] transferring FlowFile[40,96103939087787.mockFlowFile,12B] to 'success'
[pool-145-thread-1] INFO org.apache.nifi.processors.standard.ControlRate - ControlRate[id=cdfdff17-80e1-43c9-ac97-e51acf6a863b] transferring FlowFile[41,96103939108336.mockFlowFile,12B] to 'success'
[pool-145-thread-1] INFO org.apache.nifi.processors.standard.ControlRate - ControlRate[id=cdfdff17-80e1-43c9-ac97-e51acf6a863b] transferring FlowFile[42,96103939125858.mockFlowFile,12B] to 'success'
[pool-145-thread-1] INFO org.apache.nifi.processors.standard.ControlRate - ControlRate[id=cdfdff17-80e1-43c9-ac97-e51acf6a863b] transferring FlowFile[43,96103939143597.mockFlowFile,12B] to 'success'
[pool-145-thread-1] INFO org.apache.nifi.processors.standard.ControlRate - ControlRate[id=cdfdff17-80e1-43c9-ac97-e51acf6a863b] transferring FlowFile[44,96103939190031.mockFlowFile,12B] to 'success'
[pool-145-thread-1] INFO org.apache.nifi.processors.standard.ControlRate - ControlRate[id=cdfdff17-80e1-43c9-ac97-e51acf6a863b] transferring FlowFile[45,96103939227822.mockFlowFile,12B] to 'success'
[pool-145-thread-1] INFO org.apache.nifi.processors.standard.ControlRate - ControlRate[id=cdfdff17-80e1-43c9-ac97-e51acf6a863b] transferring FlowFile[46,96103939261008.mockFlowFile,12B] to 'success'
[pool-145-thread-1] INFO org.apache.nifi.processors.standard.ControlRate - ControlRate[id=cdfdff17-80e1-43c9-ac97-e51acf6a863b] transferring FlowFile[47,96103939297340.mockFlowFile,12B] to 'success'
[pool-145-thread-1] INFO org.apache.nifi.processors.standard.ControlRate - ControlRate[id=cdfdff17-80e1-43c9-ac97-e51acf6a863b] transferring FlowFile[48,96103939317783.mockFlowFile,12B] to 'success'
[pool-145-thread-1] INFO org.apache.nifi.processors.standard.ControlRate - ControlRate[id=cdfdff17-80e1-43c9-ac97-e51acf6a863b] transferring FlowFile[49,96103939338897.mockFlowFile,12B] to 'success'
[pool-145-thread-1] INFO org.apache.nifi.processors.standard.ControlRate - ControlRate[id=cdfdff17-80e1-43c9-ac97-e51acf6a863b] transferring FlowFile[50,96103939358930.mockFlowFile,12B] to 'success'
[pool-145-thread-1] INFO org.apache.nifi.processors.standard.ControlRate - ControlRate[id=cdfdff17-80e1-43c9-ac97-e51acf6a863b] transferring FlowFile[51,96103939377827.mockFlowFile,12B] to 'success'
[pool-145-thread-1] INFO org.apache.nifi.processors.standard.ControlRate - ControlRate[id=cdfdff17-80e1-43c9-ac97-e51acf6a863b] transferring FlowFile[52,96103939395632.mockFlowFile,12B] to 'success'
[pool-145-thread-1] INFO org.apache.nifi.processors.standard.ControlRate - ControlRate[id=cdfdff17-80e1-43c9-ac97-e51acf6a863b] transferring FlowFile[53,96103939414346.mockFlowFile,12B] to 'success'
[pool-145-thread-1] INFO org.apache.nifi.processors.standard.ControlRate - ControlRate[id=cdfdff17-80e1-43c9-ac97-e51acf6a863b] transferring FlowFile[54,96103939432448.mockFlowFile,12B] to 'success'
[pool-145-thread-1] INFO org.apache.nifi.processors.standard.ControlRate - ControlRate[id=cdfdff17-80e1-43c9-ac97-e51acf6a863b] transferring FlowFile[55,96103939453721.mockFlowFile,12B] to 'success'
[pool-145-thread-1] INFO org.apache.nifi.processors.standard.ControlRate - ControlRate[id=cdfdff17-80e1-43c9-ac97-e51acf6a863b] transferring FlowFile[56,96103939471824.mockFlowFile,12B] to 'success'
[pool-145-thread-1] INFO org.apache.nifi.processors.standard.ControlRate - ControlRate[id=cdfdff17-80e1-43c9-ac97-e51acf6a863b] transferring FlowFile[57,96103939517416.mockFlowFile,12B] to 'success'
[pool-145-thread-1] INFO org.apache.nifi.processors.standard.ControlRate - ControlRate[id=cdfdff17-80e1-43c9-ac97-e51acf6a863b] transferring FlowFile[58,96103939555317.mockFlowFile,12B] to 'success'
[pool-145-thread-1] INFO org.apache.nifi.processors.standard.ControlRate - ControlRate[id=cdfdff17-80e1-43c9-ac97-e51acf6a863b] transferring FlowFile[59,96103939587108.mockFlowFile,12B] to 'success'
[pool-145-thread-1] INFO org.apache.nifi.processors.standard.ControlRate - ControlRate[id=cdfdff17-80e1-43c9-ac97-e51acf6a863b] transferring FlowFile[60,96103939618230.mockFlowFile,12B] to 'success'
[pool-145-thread-1] INFO org.apache.nifi.processors.standard.ControlRate - ControlRate[id=cdfdff17-80e1-43c9-ac97-e51acf6a863b] transferring FlowFile[61,96103939637285.mockFlowFile,12B] to 'success'
[pool-145-thread-1] INFO org.apache.nifi.processors.standard.ControlRate - ControlRate[id=cdfdff17-80e1-43c9-ac97-e51acf6a863b] transferring FlowFile[62,96103939655648.mockFlowFile,12B] to 'success'
[pool-145-thread-1] INFO org.apache.nifi.processors.standard.ControlRate - ControlRate[id=cdfdff17-80e1-43c9-ac97-e51acf6a863b] transferring FlowFile[63,96103939680667.mockFlowFile,12B] to 'success'
[pool-145-thread-1] INFO org.apache.nifi.processors.standard.ControlRate - ControlRate[id=cdfdff17-80e1-43c9-ac97-e51acf6a863b] transferring FlowFile[64,96103939702865.mockFlowFile,12B] to 'success'
[pool-145-thread-1] INFO org.apache.nifi.processors.standard.ControlRate - ControlRate[id=cdfdff17-80e1-43c9-ac97-e51acf6a863b] transferring FlowFile[65,96103939722576.mockFlowFile,12B] to 'success'
[pool-145-thread-1] INFO org.apache.nifi.processors.standard.ControlRate - ControlRate[id=cdfdff17-80e1-43c9-ac97-e51acf6a863b] transferring FlowFile[66,96103939808179.mockFlowFile,12B] to 'success'
[pool-145-thread-1] INFO org.apache.nifi.processors.standard.ControlRate - ControlRate[id=cdfdff17-80e1-43c9-ac97-e51acf6a863b] transferring FlowFile[67,96103939833313.mockFlowFile,12B] to 'success'
[pool-145-thread-1] INFO org.apache.nifi.processors.standard.ControlRate - ControlRate[id=cdfdff17-80e1-43c9-ac97-e51acf6a863b] transferring FlowFile[68,96103939854566.mockFlowFile,12B] to 'success'
[pool-145-thread-1] INFO org.apache.nifi.processors.standard.ControlRate - ControlRate[id=cdfdff17-80e1-43c9-ac97-e51acf6a863b] transferring FlowFile[69,96103939874174.mockFlowFile,12B] to 'success'
[pool-145-thread-1] INFO org.apache.nifi.processors.standard.ControlRate - ControlRate[id=cdfdff17-80e1-43c9-ac97-e51acf6a863b] transferring FlowFile[70,96103939892392.mockFlowFile,12B] to 'success'
[pool-145-thread-1] INFO org.apache.nifi.processors.standard.ControlRate - ControlRate[id=cdfdff17-80e1-43c9-ac97-e51acf6a863b] transferring FlowFile[71,96103939917442.mockFlowFile,12B] to 'success'
[pool-145-thread-1] INFO org.apache.nifi.processors.standard.ControlRate - ControlRate[id=cdfdff17-80e1-43c9-ac97-e51acf6a863b] transferring FlowFile[72,96103939937481.mockFlowFile,12B] to 'success'
[pool-145-thread-1] INFO org.apache.nifi.processors.standard.ControlRate - ControlRate[id=cdfdff17-80e1-43c9-ac97-e51acf6a863b] transferring FlowFile[73,96103939957872.mockFlowFile,12B] to 'success'
[pool-145-thread-1] INFO org.apache.nifi.processors.standard.ControlRate - ControlRate[id=cdfdff17-80e1-43c9-ac97-e51acf6a863b] transferring FlowFile[74,96103940037053.mockFlowFile,12B] to 'success'
[pool-145-thread-1] INFO org.apache.nifi.processors.standard.ControlRate - ControlRate[id=cdfdff17-80e1-43c9-ac97-e51acf6a863b] transferring FlowFile[75,96103940062532.mockFlowFile,12B] to 'success'
[pool-145-thread-1] INFO org.apache.nifi.processors.standard.ControlRate - ControlRate[id=cdfdff17-80e1-43c9-ac97-e51acf6a863b] transferring FlowFile[76,96103940109264.mockFlowFile,12B] to 'success'
[pool-145-thread-1] INFO org.apache.nifi.processors.standard.ControlRate - ControlRate[id=cdfdff17-80e1-43c9-ac97-e51acf6a863b] transferring FlowFile[77,96103940128988.mockFlowFile,12B] to 'success'
[pool-145-thread-1] INFO org.apache.nifi.processors.standard.ControlRate - ControlRate[id=cdfdff17-80e1-43c9-ac97-e51acf6a863b] transferring FlowFile[78,96103940148580.mockFlowFile,12B] to 'success'
[pool-145-thread-1] INFO org.apache.nifi.processors.standard.ControlRate - ControlRate[id=cdfdff17-80e1-43c9-ac97-e51acf6a863b] transferring FlowFile[79,96103940207969.mockFlowFile,12B] to 'success'
[pool-145-thread-1] INFO org.apache.nifi.processors.standard.ControlRate - ControlRate[id=cdfdff17-80e1-43c9-ac97-e51acf6a863b] transferring FlowFile[80,96103940248580.mockFlowFile,12B] to 'success'
[pool-145-thread-1] INFO org.apache.nifi.processors.standard.ControlRate - ControlRate[id=cdfdff17-80e1-43c9-ac97-e51acf6a863b] transferring FlowFile[81,96103940283696.mockFlowFile,12B] to 'success'
[pool-145-thread-1] INFO org.apache.nifi.processors.standard.ControlRate - ControlRate[id=cdfdff17-80e1-43c9-ac97-e51acf6a863b] transferring FlowFile[82,96103940316501.mockFlowFile,12B] to 'success'
[pool-145-thread-1] INFO org.apache.nifi.processors.standard.ControlRate - ControlRate[id=cdfdff17-80e1-43c9-ac97-e51acf6a863b] transferring FlowFile[83,96103940336618.mockFlowFile,12B] to 'success'
[pool-145-thread-1] INFO org.apache.nifi.processors.standard.ControlRate - ControlRate[id=cdfdff17-80e1-43c9-ac97-e51acf6a863b] transferring FlowFile[84,96103940356765.mockFlowFile,12B] to 'success'
[pool-145-thread-1] INFO org.apache.nifi.processors.standard.ControlRate - ControlRate[id=cdfdff17-80e1-43c9-ac97-e51acf6a863b] transferring FlowFile[85,96103940378201.mockFlowFile,12B] to 'success'
[pool-145-thread-1] INFO org.apache.nifi.processors.standard.ControlRate - ControlRate[id=cdfdff17-80e1-43c9-ac97-e51acf6a863b] transferring FlowFile[86,96103940398454.mockFlowFile,12B] to 'success'
[pool-145-thread-1] INFO org.apache.nifi.processors.standard.ControlRate - ControlRate[id=cdfdff17-80e1-43c9-ac97-e51acf6a863b] transferring FlowFile[87,96103940421901.mockFlowFile,12B] to 'success'
[pool-145-thread-1] INFO org.apache.nifi.processors.standard.ControlRate - ControlRate[id=cdfdff17-80e1-43c9-ac97-e51acf6a863b] transferring FlowFile[88,96103940442033.mockFlowFile,12B] to 'success'
[pool-145-thread-1] INFO org.apache.nifi.processors.standard.ControlRate - ControlRate[id=cdfdff17-80e1-43c9-ac97-e51acf6a863b] transferring FlowFile[89,96103940463968.mockFlowFile,12B] to 'success'
[pool-145-thread-1] INFO org.apache.nifi.processors.standard.ControlRate - ControlRate[id=cdfdff17-80e1-43c9-ac97-e51acf6a863b] transferring FlowFile[90,96103940484990.mockFlowFile,12B] to 'success'
[pool-145-thread-1] INFO org.apache.nifi.processors.standard.ControlRate - ControlRate[id=cdfdff17-80e1-43c9-ac97-e51acf6a863b] transferring FlowFile[91,96103940537067.mockFlowFile,12B] to 'success'
[pool-145-thread-1] INFO org.apache.nifi.processors.standard.ControlRate - ControlRate[id=cdfdff17-80e1-43c9-ac97-e51acf6a863b] transferring FlowFile[92,96103940578484.mockFlowFile,12B] to 'success'
[pool-145-thread-1] INFO org.apache.nifi.processors.standard.ControlRate - ControlRate[id=cdfdff17-80e1-43c9-ac97-e51acf6a863b] transferring FlowFile[93,96103940639276.mockFlowFile,12B] to 'success'
[pool-145-thread-1] INFO org.apache.nifi.processors.standard.ControlRate - ControlRate[id=cdfdff17-80e1-43c9-ac97-e51acf6a863b] transferring FlowFile[94,96103940680764.mockFlowFile,12B] to 'success'
[pool-145-thread-1] INFO org.apache.nifi.processors.standard.ControlRate - ControlRate[id=cdfdff17-80e1-43c9-ac97-e51acf6a863b] transferring FlowFile[95,96103940727387.mockFlowFile,12B] to 'success'
[pool-145-thread-1] INFO org.apache.nifi.processors.standard.ControlRate - ControlRate[id=cdfdff17-80e1-43c9-ac97-e51acf6a863b] transferring FlowFile[96,96103940788833.mockFlowFile,12B] to 'success'
[pool-145-thread-1] INFO org.apache.nifi.processors.standard.ControlRate - ControlRate[id=cdfdff17-80e1-43c9-ac97-e51acf6a863b] transferring FlowFile[97,96103940845199.mockFlowFile,12B] to 'success'
[pool-145-thread-1] INFO org.apache.nifi.processors.standard.ControlRate - ControlRate[id=cdfdff17-80e1-43c9-ac97-e51acf6a863b] transferring FlowFile[98,96103940893914.mockFlowFile,12B] to 'success'
[pool-145-thread-1] INFO org.apache.nifi.processors.standard.ControlRate - ControlRate[id=cdfdff17-80e1-43c9-ac97-e51acf6a863b] transferring FlowFile[99,96103940913852.mockFlowFile,12B] to 'success'
[pool-145-thread-1] INFO org.apache.nifi.processors.standard.ControlRate - ControlRate[id=cdfdff17-80e1-43c9-ac97-e51acf6a863b] transferring FlowFile[100,96103940933260.mockFlowFile,13B] to 'success'
[pool-145-thread-1] INFO org.apache.nifi.processors.standard.ControlRate - ControlRate[id=cdfdff17-80e1-43c9-ac97-e51acf6a863b] transferring FlowFile[101,96103940955528.mockFlowFile,13B] to 'success'
[pool-145-thread-1] INFO org.apache.nifi.processors.standard.ControlRate - ControlRate[id=cdfdff17-80e1-43c9-ac97-e51acf6a863b] transferring FlowFile[102,96103940975257.mockFlowFile,13B] to 'success'
[pool-145-thread-1] INFO org.apache.nifi.processors.standard.ControlRate - ControlRate[id=cdfdff17-80e1-43c9-ac97-e51acf6a863b] transferring FlowFile[103,96103941000854.mockFlowFile,13B] to 'success'
[pool-145-thread-1] INFO org.apache.nifi.processors.standard.ControlRate - ControlRate[id=cdfdff17-80e1-43c9-ac97-e51acf6a863b] transferring FlowFile[104,96103941022001.mockFlowFile,13B] to 'success'
[pool-145-thread-1] INFO org.apache.nifi.processors.standard.ControlRate - ControlRate[id=cdfdff17-80e1-43c9-ac97-e51acf6a863b] transferring FlowFile[105,96103941041861.mockFlowFile,13B] to 'success'
[pool-145-thread-1] INFO org.apache.nifi.processors.standard.ControlRate - ControlRate[id=cdfdff17-80e1-43c9-ac97-e51acf6a863b] transferring FlowFile[106,96103941087994.mockFlowFile,13B] to 'success'
[pool-145-thread-1] INFO org.apache.nifi.processors.standard.ControlRate - ControlRate[id=cdfdff17-80e1-43c9-ac97-e51acf6a863b] transferring FlowFile[107,96103941126822.mockFlowFile,13B] to 'success'
[pool-145-thread-1] INFO org.apache.nifi.processors.standard.ControlRate - ControlRate[id=cdfdff17-80e1-43c9-ac97-e51acf6a863b] transferring FlowFile[108,96103941146935.mockFlowFile,13B] to 'success'
[pool-145-thread-1] INFO org.apache.nifi.processors.standard.ControlRate - ControlRate[id=cdfdff17-80e1-43c9-ac97-e51acf6a863b] transferring FlowFile[109,96103941178685.mockFlowFile,13B] to 'success'
[pool-145-thread-1] INFO org.apache.nifi.processors.standard.ControlRate - ControlRate[id=cdfdff17-80e1-43c9-ac97-e51acf6a863b] transferring FlowFile[110,96103941196884.mockFlowFile,13B] to 'success'
[pool-145-thread-1] INFO org.apache.nifi.processors.standard.ControlRate - ControlRate[id=cdfdff17-80e1-43c9-ac97-e51acf6a863b] transferring FlowFile[111,96103941220978.mockFlowFile,13B] to 'success'
[pool-145-thread-1] INFO org.apache.nifi.processors.standard.ControlRate - ControlRate[id=cdfdff17-80e1-43c9-ac97-e51acf6a863b] transferring FlowFile[112,96103941240434.mockFlowFile,13B] to 'success'
[pool-145-thread-1] INFO org.apache.nifi.processors.standard.ControlRate - ControlRate[id=cdfdff17-80e1-43c9-ac97-e51acf6a863b] transferring FlowFile[113,96103941260607.mockFlowFile,13B] to 'success'
[pool-145-thread-1] INFO org.apache.nifi.processors.standard.ControlRate - ControlRate[id=cdfdff17-80e1-43c9-ac97-e51acf6a863b] transferring FlowFile[114,96103941280923.mockFlowFile,13B] to 'success'
[pool-145-thread-1] INFO org.apache.nifi.processors.standard.ControlRate - ControlRate[id=cdfdff17-80e1-43c9-ac97-e51acf6a863b] transferring FlowFile[115,96103941301088.mockFlowFile,13B] to 'success'
[pool-145-thread-1] INFO org.apache.nifi.processors.standard.ControlRate - ControlRate[id=cdfdff17-80e1-43c9-ac97-e51acf6a863b] transferring FlowFile[116,96103941321903.mockFlowFile,13B] to 'success'
[pool-145-thread-1] INFO org.apache.nifi.processors.standard.ControlRate - ControlRate[id=cdfdff17-80e1-43c9-ac97-e51acf6a863b] transferring FlowFile[117,96103941348445.mockFlowFile,13B] to 'success'
[pool-145-thread-1] INFO org.apache.nifi.processors.standard.ControlRate - ControlRate[id=cdfdff17-80e1-43c9-ac97-e51acf6a863b] transferring FlowFile[118,96103941369444.mockFlowFile,13B] to 'success'
[pool-145-thread-1] INFO org.apache.nifi.processors.standard.ControlRate - ControlRate[id=cdfdff17-80e1-43c9-ac97-e51acf6a863b] transferring FlowFile[119,96103941394472.mockFlowFile,13B] to 'success'
[pool-145-thread-1] INFO org.apache.nifi.processors.standard.ControlRate - ControlRate[id=cdfdff17-80e1-43c9-ac97-e51acf6a863b] transferring FlowFile[120,96103941414657.mockFlowFile,13B] to 'success'
[pool-145-thread-1] INFO org.apache.nifi.processors.standard.ControlRate - ControlRate[id=cdfdff17-80e1-43c9-ac97-e51acf6a863b] transferring FlowFile[121,96103941470500.mockFlowFile,13B] to 'success'
[pool-145-thread-1] INFO org.apache.nifi.processors.standard.ControlRate - ControlRate[id=cdfdff17-80e1-43c9-ac97-e51acf6a863b] transferring FlowFile[122,96103941499875.mockFlowFile,13B] to 'success'
[pool-145-thread-1] INFO org.apache.nifi.processors.standard.ControlRate - ControlRate[id=cdfdff17-80e1-43c9-ac97-e51acf6a863b] transferring FlowFile[123,96103941521783.mockFlowFile,13B] to 'success'
[pool-145-thread-1] INFO org.apache.nifi.processors.standard.ControlRate - ControlRate[id=cdfdff17-80e1-43c9-ac97-e51acf6a863b] transferring FlowFile[124,96103941556533.mockFlowFile,13B] to 'success'
[pool-145-thread-1] INFO org.apache.nifi.processors.standard.ControlRate - ControlRate[id=cdfdff17-80e1-43c9-ac97-e51acf6a863b] transferring FlowFile[125,96103941584380.mockFlowFile,13B] to 'success'
[pool-145-thread-1] INFO org.apache.nifi.processors.standard.ControlRate - ControlRate[id=cdfdff17-80e1-43c9-ac97-e51acf6a863b] transferring FlowFile[126,96103941606283.mockFlowFile,13B] to 'success'
[pool-145-thread-1] INFO org.apache.nifi.processors.standard.ControlRate - ControlRate[id=cdfdff17-80e1-43c9-ac97-e51acf6a863b] transferring FlowFile[127,96103941631693.mockFlowFile,13B] to 'success'
[pool-145-thread-1] INFO org.apache.nifi.processors.standard.ControlRate - ControlRate[id=cdfdff17-80e1-43c9-ac97-e51acf6a863b] transferring FlowFile[128,96103941652960.mockFlowFile,13B] to 'success'
[pool-145-thread-1] INFO org.apache.nifi.processors.standard.ControlRate - ControlRate[id=cdfdff17-80e1-43c9-ac97-e51acf6a863b] transferring FlowFile[129,96103941674816.mockFlowFile,13B] to 'success'
[pool-145-thread-1] INFO org.apache.nifi.processors.standard.ControlRate - ControlRate[id=cdfdff17-80e1-43c9-ac97-e51acf6a863b] transferring FlowFile[130,96103941699770.mockFlowFile,13B] to 'success'
[pool-145-thread-1] INFO org.apache.nifi.processors.standard.ControlRate - ControlRate[id=cdfdff17-80e1-43c9-ac97-e51acf6a863b] transferring FlowFile[131,96103941719742.mockFlowFile,13B] to 'success'
[pool-145-thread-1] INFO org.apache.nifi.processors.standard.ControlRate - ControlRate[id=cdfdff17-80e1-43c9-ac97-e51acf6a863b] transferring FlowFile[132,96103941739261.mockFlowFile,13B] to 'success'
[pool-145-thread-1] INFO org.apache.nifi.processors.standard.ControlRate - ControlRate[id=cdfdff17-80e1-43c9-ac97-e51acf6a863b] transferring FlowFile[133,96103941761045.mockFlowFile,13B] to 'success'
[pool-145-thread-1] INFO org.apache.nifi.processors.standard.ControlRate - ControlRate[id=cdfdff17-80e1-43c9-ac97-e51acf6a863b] transferring FlowFile[134,96103941793634.mockFlowFile,13B] to 'success'
[pool-145-thread-1] INFO org.apache.nifi.processors.standard.ControlRate - ControlRate[id=cdfdff17-80e1-43c9-ac97-e51acf6a863b] transferring FlowFile[135,96103941825808.mockFlowFile,13B] to 'success'
[pool-145-thread-1] INFO org.apache.nifi.processors.standard.ControlRate - ControlRate[id=cdfdff17-80e1-43c9-ac97-e51acf6a863b] transferring FlowFile[136,96103941846900.mockFlowFile,13B] to 'success'
[pool-145-thread-1] INFO org.apache.nifi.processors.standard.ControlRate - ControlRate[id=cdfdff17-80e1-43c9-ac97-e51acf6a863b] transferring FlowFile[137,96103941865635.mockFlowFile,13B] to 'success'
[pool-145-thread-1] INFO org.apache.nifi.processors.standard.ControlRate - ControlRate[id=cdfdff17-80e1-43c9-ac97-e51acf6a863b] transferring FlowFile[138,96103941884935.mockFlowFile,13B] to 'success'
[pool-145-thread-1] INFO org.apache.nifi.processors.standard.ControlRate - ControlRate[id=cdfdff17-80e1-43c9-ac97-e51acf6a863b] transferring FlowFile[139,96103941903959.mockFlowFile,13B] to 'success'
[pool-145-thread-1] INFO org.apache.nifi.processors.standard.ControlRate - ControlRate[id=cdfdff17-80e1-43c9-ac97-e51acf6a863b] transferring FlowFile[140,96103941922758.mockFlowFile,13B] to 'success'
[pool-145-thread-1] INFO org.apache.nifi.processors.standard.ControlRate - ControlRate[id=cdfdff17-80e1-43c9-ac97-e51acf6a863b] transferring FlowFile[141,96103941942054.mockFlowFile,13B] to 'success'
[pool-145-thread-1] INFO org.apache.nifi.processors.standard.ControlRate - ControlRate[id=cdfdff17-80e1-43c9-ac97-e51acf6a863b] transferring FlowFile[142,96103941960432.mockFlowFile,13B] to 'success'
[pool-145-thread-1] INFO org.apache.nifi.processors.standard.ControlRate - ControlRate[id=cdfdff17-80e1-43c9-ac97-e51acf6a863b] transferring FlowFile[143,96103941985049.mockFlowFile,13B] to 'success'
[pool-145-thread-1] INFO org.apache.nifi.processors.standard.ControlRate - ControlRate[id=cdfdff17-80e1-43c9-ac97-e51acf6a863b] transferring FlowFile[144,96103942004682.mockFlowFile,13B] to 'success'
[pool-145-thread-1] INFO org.apache.nifi.processors.standard.ControlRate - ControlRate[id=cdfdff17-80e1-43c9-ac97-e51acf6a863b] transferring FlowFile[145,96103942022226.mockFlowFile,13B] to 'success'
[pool-145-thread-1] INFO org.apache.nifi.processors.standard.ControlRate - ControlRate[id=cdfdff17-80e1-43c9-ac97-e51acf6a863b] transferring FlowFile[146,96103942039573.mockFlowFile,13B] to 'success'
[pool-145-thread-1] INFO org.apache.nifi.processors.standard.ControlRate - ControlRate[id=cdfdff17-80e1-43c9-ac97-e51acf6a863b] transferring FlowFile[147,96103942056675.mockFlowFile,13B] to 'success'
[pool-145-thread-1] INFO org.apache.nifi.processors.standard.ControlRate - ControlRate[id=cdfdff17-80e1-43c9-ac97-e51acf6a863b] transferring FlowFile[148,96103942074949.mockFlowFile,13B] to 'success'
[pool-145-thread-1] INFO org.apache.nifi.processors.standard.ControlRate - ControlRate[id=cdfdff17-80e1-43c9-ac97-e51acf6a863b] transferring FlowFile[149,96103942093818.mockFlowFile,13B] to 'success'
[pool-145-thread-1] INFO org.apache.nifi.processors.standard.ControlRate - ControlRate[id=cdfdff17-80e1-43c9-ac97-e51acf6a863b] transferring FlowFile[150,96103942114725.mockFlowFile,13B] to 'success'
[pool-145-thread-1] INFO org.apache.nifi.processors.standard.ControlRate - ControlRate[id=cdfdff17-80e1-43c9-ac97-e51acf6a863b] transferring FlowFile[151,96103942140180.mockFlowFile,13B] to 'success'
[pool-145-thread-1] INFO org.apache.nifi.processors.standard.ControlRate - ControlRate[id=cdfdff17-80e1-43c9-ac97-e51acf6a863b] transferring FlowFile[152,96103942158453.mockFlowFile,13B] to 'success'
[pool-145-thread-1] INFO org.apache.nifi.processors.standard.ControlRate - ControlRate[id=cdfdff17-80e1-43c9-ac97-e51acf6a863b] transferring FlowFile[153,96103942176912.mockFlowFile,13B] to 'success'
[pool-145-thread-1] INFO org.apache.nifi.processors.standard.ControlRate - ControlRate[id=cdfdff17-80e1-43c9-ac97-e51acf6a863b] transferring FlowFile[154,96103942195369.mockFlowFile,13B] to 'success'
[pool-145-thread-1] INFO org.apache.nifi.processors.standard.ControlRate - ControlRate[id=cdfdff17-80e1-43c9-ac97-e51acf6a863b] transferring FlowFile[155,96103942213025.mockFlowFile,13B] to 'success'
[pool-145-thread-1] INFO org.apache.nifi.processors.standard.ControlRate - ControlRate[id=cdfdff17-80e1-43c9-ac97-e51acf6a863b] transferring FlowFile[156,96103942230365.mockFlowFile,13B] to 'success'
[pool-145-thread-1] INFO org.apache.nifi.processors.standard.ControlRate - ControlRate[id=cdfdff17-80e1-43c9-ac97-e51acf6a863b] transferring FlowFile[157,96103942247744.mockFlowFile,13B] to 'success'
[pool-145-thread-1] INFO org.apache.nifi.processors.standard.ControlRate - ControlRate[id=cdfdff17-80e1-43c9-ac97-e51acf6a863b] transferring FlowFile[158,96103942293635.mockFlowFile,13B] to 'success'
[pool-145-thread-1] INFO org.apache.nifi.processors.standard.ControlRate - ControlRate[id=cdfdff17-80e1-43c9-ac97-e51acf6a863b] transferring FlowFile[159,96103942338427.mockFlowFile,13B] to 'success'
[pool-145-thread-1] INFO org.apache.nifi.processors.standard.ControlRate - ControlRate[id=cdfdff17-80e1-43c9-ac97-e51acf6a863b] transferring FlowFile[160,96103942370902.mockFlowFile,13B] to 'success'
[pool-145-thread-1] INFO org.apache.nifi.processors.standard.ControlRate - ControlRate[id=cdfdff17-80e1-43c9-ac97-e51acf6a863b] transferring FlowFile[161,96103942401997.mockFlowFile,13B] to 'success'
[pool-145-thread-1] INFO org.apache.nifi.processors.standard.ControlRate - ControlRate[id=cdfdff17-80e1-43c9-ac97-e51acf6a863b] transferring FlowFile[162,96103942421285.mockFlowFile,13B] to 'success'
[pool-145-thread-1] INFO org.apache.nifi.processors.standard.ControlRate - ControlRate[id=cdfdff17-80e1-43c9-ac97-e51acf6a863b] transferring FlowFile[163,96103942466313.mockFlowFile,13B] to 'success'
[pool-145-thread-1] INFO org.apache.nifi.processors.standard.ControlRate - ControlRate[id=cdfdff17-80e1-43c9-ac97-e51acf6a863b] transferring FlowFile[164,96103942504367.mockFlowFile,13B] to 'success'
[pool-145-thread-1] INFO org.apache.nifi.processors.standard.ControlRate - ControlRate[id=cdfdff17-80e1-43c9-ac97-e51acf6a863b] transferring FlowFile[165,96103942583657.mockFlowFile,13B] to 'success'
[pool-145-thread-1] INFO org.apache.nifi.processors.standard.ControlRate - ControlRate[id=cdfdff17-80e1-43c9-ac97-e51acf6a863b] transferring FlowFile[166,96103942624175.mockFlowFile,13B] to 'success'
[pool-145-thread-1] INFO org.apache.nifi.processors.standard.ControlRate - ControlRate[id=cdfdff17-80e1-43c9-ac97-e51acf6a863b] transferring FlowFile[167,96103942674695.mockFlowFile,13B] to 'success'
[pool-145-thread-1] INFO org.apache.nifi.processors.standard.ControlRate - ControlRate[id=cdfdff17-80e1-43c9-ac97-e51acf6a863b] transferring FlowFile[168,96103942695027.mockFlowFile,13B] to 'success'
[pool-145-thread-1] INFO org.apache.nifi.processors.standard.ControlRate - ControlRate[id=cdfdff17-80e1-43c9-ac97-e51acf6a863b] transferring FlowFile[169,96103942714462.mockFlowFile,13B] to 'success'
[pool-145-thread-1] INFO org.apache.nifi.processors.standard.ControlRate - ControlRate[id=cdfdff17-80e1-43c9-ac97-e51acf6a863b] transferring FlowFile[170,96103942732532.mockFlowFile,13B] to 'success'
[pool-145-thread-1] INFO org.apache.nifi.processors.standard.ControlRate - ControlRate[id=cdfdff17-80e1-43c9-ac97-e51acf6a863b] transferring FlowFile[171,96103942779979.mockFlowFile,13B] to 'success'
[pool-145-thread-1] INFO org.apache.nifi.processors.standard.ControlRate - ControlRate[id=cdfdff17-80e1-43c9-ac97-e51acf6a863b] transferring FlowFile[172,96103942826131.mockFlowFile,13B] to 'success'
[pool-145-thread-1] INFO org.apache.nifi.processors.standard.ControlRate - ControlRate[id=cdfdff17-80e1-43c9-ac97-e51acf6a863b] transferring FlowFile[173,96103942845355.mockFlowFile,13B] to 'success'
[pool-145-thread-1] INFO org.apache.nifi.processors.standard.ControlRate - ControlRate[id=cdfdff17-80e1-43c9-ac97-e51acf6a863b] transferring FlowFile[174,96103942863547.mockFlowFile,13B] to 'success'
[pool-145-thread-1] INFO org.apache.nifi.processors.standard.ControlRate - ControlRate[id=cdfdff17-80e1-43c9-ac97-e51acf6a863b] transferring FlowFile[175,96103942889098.mockFlowFile,13B] to 'success'
[pool-145-thread-1] INFO org.apache.nifi.processors.standard.ControlRate - ControlRate[id=cdfdff17-80e1-43c9-ac97-e51acf6a863b] transferring FlowFile[176,96103942911819.mockFlowFile,13B] to 'success'
[pool-145-thread-1] INFO org.apache.nifi.processors.standard.ControlRate - ControlRate[id=cdfdff17-80e1-43c9-ac97-e51acf6a863b] transferring FlowFile[177,96103942987997.mockFlowFile,13B] to 'success'
[pool-145-thread-1] INFO org.apache.nifi.processors.standard.ControlRate - ControlRate[id=cdfdff17-80e1-43c9-ac97-e51acf6a863b] transferring FlowFile[178,96103943051159.mockFlowFile,13B] to 'success'
[pool-145-thread-1] INFO org.apache.nifi.processors.standard.ControlRate - ControlRate[id=cdfdff17-80e1-43c9-ac97-e51acf6a863b] transferring FlowFile[179,96103943073235.mockFlowFile,13B] to 'success'
[pool-145-thread-1] INFO org.apache.nifi.processors.standard.ControlRate - ControlRate[id=cdfdff17-80e1-43c9-ac97-e51acf6a863b] transferring FlowFile[180,96103943093457.mockFlowFile,13B] to 'success'
[pool-145-thread-1] INFO org.apache.nifi.processors.standard.ControlRate - ControlRate[id=cdfdff17-80e1-43c9-ac97-e51acf6a863b] transferring FlowFile[181,96103943113246.mockFlowFile,13B] to 'success'
[pool-145-thread-1] INFO org.apache.nifi.processors.standard.ControlRate - ControlRate[id=cdfdff17-80e1-43c9-ac97-e51acf6a863b] transferring FlowFile[182,96103943137026.mockFlowFile,13B] to 'success'
[pool-145-thread-1] INFO org.apache.nifi.processors.standard.ControlRate - ControlRate[id=cdfdff17-80e1-43c9-ac97-e51acf6a863b] transferring FlowFile[183,96103943164171.mockFlowFile,13B] to 'success'
[pool-145-thread-1] INFO org.apache.nifi.processors.standard.ControlRate - ControlRate[id=cdfdff17-80e1-43c9-ac97-e51acf6a863b] transferring FlowFile[184,96103943185680.mockFlowFile,13B] to 'success'
[pool-145-thread-1] INFO org.apache.nifi.processors.standard.ControlRate - ControlRate[id=cdfdff17-80e1-43c9-ac97-e51acf6a863b] transferring FlowFile[185,96103943204742.mockFlowFile,13B] to 'success'
[pool-145-thread-1] INFO org.apache.nifi.processors.standard.ControlRate - ControlRate[id=cdfdff17-80e1-43c9-ac97-e51acf6a863b] transferring FlowFile[186,96103943224967.mockFlowFile,13B] to 'success'
[pool-145-thread-1] INFO org.apache.nifi.processors.standard.ControlRate - ControlRate[id=cdfdff17-80e1-43c9-ac97-e51acf6a863b] transferring FlowFile[187,96103943263250.mockFlowFile,13B] to 'success'
[pool-145-thread-1] INFO org.apache.nifi.processors.standard.ControlRate - ControlRate[id=cdfdff17-80e1-43c9-ac97-e51acf6a863b] transferring FlowFile[188,96103943283612.mockFlowFile,13B] to 'success'
[pool-145-thread-1] INFO org.apache.nifi.processors.standard.ControlRate - ControlRate[id=cdfdff17-80e1-43c9-ac97-e51acf6a863b] transferring FlowFile[189,96103943303516.mockFlowFile,13B] to 'success'
[pool-145-thread-1] INFO org.apache.nifi.processors.standard.ControlRate - ControlRate[id=cdfdff17-80e1-43c9-ac97-e51acf6a863b] transferring FlowFile[190,96103943327188.mockFlowFile,13B] to 'success'
[pool-145-thread-1] INFO org.apache.nifi.processors.standard.ControlRate - ControlRate[id=cdfdff17-80e1-43c9-ac97-e51acf6a863b] transferring FlowFile[191,96103943352953.mockFlowFile,13B] to 'success'
[pool-145-thread-1] INFO org.apache.nifi.processors.standard.ControlRate - ControlRate[id=cdfdff17-80e1-43c9-ac97-e51acf6a863b] transferring FlowFile[192,96103943372015.mockFlowFile,13B] to 'success'
[pool-145-thread-1] INFO org.apache.nifi.processors.standard.ControlRate - ControlRate[id=cdfdff17-80e1-43c9-ac97-e51acf6a863b] transferring FlowFile[193,96103943391923.mockFlowFile,13B] to 'success'
[pool-145-thread-1] INFO org.apache.nifi.processors.standard.ControlRate - ControlRate[id=cdfdff17-80e1-43c9-ac97-e51acf6a863b] transferring FlowFile[194,96103943421223.mockFlowFile,13B] to 'success'
[pool-145-thread-1] INFO org.apache.nifi.processors.standard.ControlRate - ControlRate[id=cdfdff17-80e1-43c9-ac97-e51acf6a863b] transferring FlowFile[195,96103943443120.mockFlowFile,13B] to 'success'
[pool-145-thread-1] INFO org.apache.nifi.processors.standard.ControlRate - ControlRate[id=cdfdff17-80e1-43c9-ac97-e51acf6a863b] transferring FlowFile[196,96103943462164.mockFlowFile,13B] to 'success'
[pool-145-thread-1] INFO org.apache.nifi.processors.standard.ControlRate - ControlRate[id=cdfdff17-80e1-43c9-ac97-e51acf6a863b] transferring FlowFile[197,96103943480461.mockFlowFile,13B] to 'success'
[pool-145-thread-1] INFO org.apache.nifi.processors.standard.ControlRate - ControlRate[id=cdfdff17-80e1-43c9-ac97-e51acf6a863b] transferring FlowFile[198,96103943499530.mockFlowFile,13B] to 'success'
[pool-145-thread-1] INFO org.apache.nifi.processors.standard.ControlRate - ControlRate[id=cdfdff17-80e1-43c9-ac97-e51acf6a863b] transferring FlowFile[199,96103943523989.mockFlowFile,13B] to 'success'
[pool-145-thread-1] INFO org.apache.nifi.processors.standard.ControlRate - ControlRate[id=cdfdff17-80e1-43c9-ac97-e51acf6a863b] transferring FlowFile[200,96103943542974.mockFlowFile,13B] to 'success'
[pool-145-thread-1] INFO org.apache.nifi.processors.standard.ControlRate - ControlRate[id=cdfdff17-80e1-43c9-ac97-e51acf6a863b] transferring FlowFile[201,96103943562237.mockFlowFile,13B] to 'success'
[pool-145-thread-1] INFO org.apache.nifi.processors.standard.ControlRate - ControlRate[id=cdfdff17-80e1-43c9-ac97-e51acf6a863b] transferring FlowFile[202,96103943580168.mockFlowFile,13B] to 'success'
[pool-145-thread-1] INFO org.apache.nifi.processors.standard.ControlRate - ControlRate[id=cdfdff17-80e1-43c9-ac97-e51acf6a863b] transferring FlowFile[203,96103943614721.mockFlowFile,13B] to 'success'
[pool-145-thread-1] INFO org.apache.nifi.processors.standard.ControlRate - ControlRate[id=cdfdff17-80e1-43c9-ac97-e51acf6a863b] transferring FlowFile[204,96103943636495.mockFlowFile,13B] to 'success'
[pool-145-thread-1] INFO org.apache.nifi.processors.standard.ControlRate - ControlRate[id=cdfdff17-80e1-43c9-ac97-e51acf6a863b] transferring FlowFile[205,96103943655509.mockFlowFile,13B] to 'success'
[pool-145-thread-1] INFO org.apache.nifi.processors.standard.ControlRate - ControlRate[id=cdfdff17-80e1-43c9-ac97-e51acf6a863b] transferring FlowFile[206,96103943674884.mockFlowFile,13B] to 'success'
[pool-145-thread-1] INFO org.apache.nifi.processors.standard.ControlRate - ControlRate[id=cdfdff17-80e1-43c9-ac97-e51acf6a863b] transferring FlowFile[207,96103943710754.mockFlowFile,13B] to 'success'
[pool-145-thread-1] INFO org.apache.nifi.processors.standard.ControlRate - ControlRate[id=cdfdff17-80e1-43c9-ac97-e51acf6a863b] transferring FlowFile[208,96103943733610.mockFlowFile,13B] to 'success'
[pool-145-thread-1] INFO org.apache.nifi.processors.standard.ControlRate - ControlRate[id=cdfdff17-80e1-43c9-ac97-e51acf6a863b] transferring FlowFile[209,96103943755742.mockFlowFile,13B] to 'success'
[pool-145-thread-1] INFO org.apache.nifi.processors.standard.ControlRate - ControlRate[id=cdfdff17-80e1-43c9-ac97-e51acf6a863b] transferring FlowFile[210,96103943772825.mockFlowFile,13B] to 'success'
[pool-145-thread-1] INFO org.apache.nifi.processors.standard.ControlRate - ControlRate[id=cdfdff17-80e1-43c9-ac97-e51acf6a863b] transferring FlowFile[211,96103943796760.mockFlowFile,13B] to 'success'
[pool-145-thread-1] INFO org.apache.nifi.processors.standard.ControlRate - ControlRate[id=cdfdff17-80e1-43c9-ac97-e51acf6a863b] transferring FlowFile[212,96103943817490.mockFlowFile,13B] to 'success'
[pool-145-thread-1] INFO org.apache.nifi.processors.standard.ControlRate - ControlRate[id=cdfdff17-80e1-43c9-ac97-e51acf6a863b] transferring FlowFile[213,96103943851312.mockFlowFile,13B] to 'success'
[pool-145-thread-1] INFO org.apache.nifi.processors.standard.ControlRate - ControlRate[id=cdfdff17-80e1-43c9-ac97-e51acf6a863b] transferring FlowFile[214,96103943870525.mockFlowFile,13B] to 'success'
[pool-145-thread-1] INFO org.apache.nifi.processors.standard.ControlRate - ControlRate[id=cdfdff17-80e1-43c9-ac97-e51acf6a863b] transferring FlowFile[215,96103943892821.mockFlowFile,13B] to 'success'
[pool-145-thread-1] INFO org.apache.nifi.processors.standard.ControlRate - ControlRate[id=cdfdff17-80e1-43c9-ac97-e51acf6a863b] transferring FlowFile[216,96103943911238.mockFlowFile,13B] to 'success'
[pool-145-thread-1] INFO org.apache.nifi.processors.standard.ControlRate - ControlRate[id=cdfdff17-80e1-43c9-ac97-e51acf6a863b] transferring FlowFile[217,96103943931982.mockFlowFile,13B] to 'success'
[pool-145-thread-1] INFO org.apache.nifi.processors.standard.ControlRate - ControlRate[id=cdfdff17-80e1-43c9-ac97-e51acf6a863b] transferring FlowFile[218,96103943952019.mockFlowFile,13B] to 'success'
[pool-145-thread-1] INFO org.apache.nifi.processors.standard.ControlRate - ControlRate[id=cdfdff17-80e1-43c9-ac97-e51acf6a863b] transferring FlowFile[219,96103943970116.mockFlowFile,13B] to 'success'
[pool-145-thread-1] INFO org.apache.nifi.processors.standard.ControlRate - ControlRate[id=cdfdff17-80e1-43c9-ac97-e51acf6a863b] transferring FlowFile[220,96103943988008.mockFlowFile,13B] to 'success'
[pool-145-thread-1] INFO org.apache.nifi.processors.standard.ControlRate - ControlRate[id=cdfdff17-80e1-43c9-ac97-e51acf6a863b] transferring FlowFile[221,96103944060542.mockFlowFile,13B] to 'success'
[pool-145-thread-1] INFO org.apache.nifi.processors.standard.ControlRate - ControlRate[id=cdfdff17-80e1-43c9-ac97-e51acf6a863b] transferring FlowFile[222,96103944079734.mockFlowFile,13B] to 'success'
[pool-145-thread-1] INFO org.apache.nifi.processors.standard.ControlRate - ControlRate[id=cdfdff17-80e1-43c9-ac97-e51acf6a863b] transferring FlowFile[223,96103944140985.mockFlowFile,13B] to 'success'
[pool-145-thread-1] INFO org.apache.nifi.processors.standard.ControlRate - ControlRate[id=cdfdff17-80e1-43c9-ac97-e51acf6a863b] transferring FlowFile[224,96103944162381.mockFlowFile,13B] to 'success'
[pool-145-thread-1] INFO org.apache.nifi.processors.standard.ControlRate - ControlRate[id=cdfdff17-80e1-43c9-ac97-e51acf6a863b] transferring FlowFile[225,96103944281503.mockFlowFile,13B] to 'success'
[pool-145-thread-1] INFO org.apache.nifi.processors.standard.ControlRate - ControlRate[id=cdfdff17-80e1-43c9-ac97-e51acf6a863b] transferring FlowFile[226,96103944307377.mockFlowFile,13B] to 'success'
[pool-145-thread-1] INFO org.apache.nifi.processors.standard.ControlRate - ControlRate[id=cdfdff17-80e1-43c9-ac97-e51acf6a863b] transferring FlowFile[227,96103944327449.mockFlowFile,13B] to 'success'
[pool-145-thread-1] INFO org.apache.nifi.processors.standard.ControlRate - ControlRate[id=cdfdff17-80e1-43c9-ac97-e51acf6a863b] transferring FlowFile[228,96103944346788.mockFlowFile,13B] to 'success'
[pool-145-thread-1] INFO org.apache.nifi.processors.standard.ControlRate - ControlRate[id=cdfdff17-80e1-43c9-ac97-e51acf6a863b] transferring FlowFile[229,96103944367599.mockFlowFile,13B] to 'success'
[pool-145-thread-1] INFO org.apache.nifi.processors.standard.ControlRate - ControlRate[id=cdfdff17-80e1-43c9-ac97-e51acf6a863b] transferring FlowFile[230,96103944385164.mockFlowFile,13B] to 'success'
[pool-145-thread-1] INFO org.apache.nifi.processors.standard.ControlRate - ControlRate[id=cdfdff17-80e1-43c9-ac97-e51acf6a863b] transferring FlowFile[231,96103944408917.mockFlowFile,13B] to 'success'
[pool-145-thread-1] INFO org.apache.nifi.processors.standard.ControlRate - ControlRate[id=cdfdff17-80e1-43c9-ac97-e51acf6a863b] transferring FlowFile[232,96103944429810.mockFlowFile,13B] to 'success'
[pool-145-thread-1] INFO org.apache.nifi.processors.standard.ControlRate - ControlRate[id=cdfdff17-80e1-43c9-ac97-e51acf6a863b] transferring FlowFile[233,96103944447867.mockFlowFile,13B] to 'success'
[pool-145-thread-1] INFO org.apache.nifi.processors.standard.ControlRate - ControlRate[id=cdfdff17-80e1-43c9-ac97-e51acf6a863b] transferring FlowFile[234,96103944465660.mockFlowFile,13B] to 'success'
[pool-145-thread-1] INFO org.apache.nifi.processors.standard.ControlRate - ControlRate[id=cdfdff17-80e1-43c9-ac97-e51acf6a863b] transferring FlowFile[235,96103944482281.mockFlowFile,13B] to 'success'
[pool-145-thread-1] INFO org.apache.nifi.processors.standard.ControlRate - ControlRate[id=cdfdff17-80e1-43c9-ac97-e51acf6a863b] transferring FlowFile[236,96103944501067.mockFlowFile,13B] to 'success'
[pool-145-thread-1] INFO org.apache.nifi.processors.standard.ControlRate - ControlRate[id=cdfdff17-80e1-43c9-ac97-e51acf6a863b] transferring FlowFile[237,96103944518320.mockFlowFile,13B] to 'success'
[pool-145-thread-1] INFO org.apache.nifi.processors.standard.ControlRate - ControlRate[id=cdfdff17-80e1-43c9-ac97-e51acf6a863b] transferring FlowFile[238,96103944536262.mockFlowFile,13B] to 'success'
[pool-145-thread-1] INFO org.apache.nifi.processors.standard.ControlRate - ControlRate[id=cdfdff17-80e1-43c9-ac97-e51acf6a863b] transferring FlowFile[239,96103944559039.mockFlowFile,13B] to 'success'
[pool-145-thread-1] INFO org.apache.nifi.processors.standard.ControlRate - ControlRate[id=cdfdff17-80e1-43c9-ac97-e51acf6a863b] transferring FlowFile[240,96103944575264.mockFlowFile,13B] to 'success'
[pool-145-thread-1] INFO org.apache.nifi.processors.standard.ControlRate - ControlRate[id=cdfdff17-80e1-43c9-ac97-e51acf6a863b] transferring FlowFile[241,96103944592117.mockFlowFile,13B] to 'success'
[pool-145-thread-1] INFO org.apache.nifi.processors.standard.ControlRate - ControlRate[id=cdfdff17-80e1-43c9-ac97-e51acf6a863b] transferring FlowFile[242,96103944607716.mockFlowFile,13B] to 'success'
[pool-145-thread-1] INFO org.apache.nifi.processors.standard.ControlRate - ControlRate[id=cdfdff17-80e1-43c9-ac97-e51acf6a863b] transferring FlowFile[243,96103944624806.mockFlowFile,13B] to 'success'
[pool-145-thread-1] INFO org.apache.nifi.processors.standard.ControlRate - ControlRate[id=cdfdff17-80e1-43c9-ac97-e51acf6a863b] transferring FlowFile[244,96103944641242.mockFlowFile,13B] to 'success'
[pool-145-thread-1] INFO org.apache.nifi.processors.standard.ControlRate - ControlRate[id=cdfdff17-80e1-43c9-ac97-e51acf6a863b] transferring FlowFile[245,96103944656308.mockFlowFile,13B] to 'success'
[pool-145-thread-1] INFO org.apache.nifi.processors.standard.ControlRate - ControlRate[id=cdfdff17-80e1-43c9-ac97-e51acf6a863b] transferring FlowFile[246,96103944672017.mockFlowFile,13B] to 'success'
[pool-145-thread-1] INFO org.apache.nifi.processors.standard.ControlRate - ControlRate[id=cdfdff17-80e1-43c9-ac97-e51acf6a863b] transferring FlowFile[247,96103944691229.mockFlowFile,13B] to 'success'
[pool-145-thread-1] INFO org.apache.nifi.processors.standard.ControlRate - ControlRate[id=cdfdff17-80e1-43c9-ac97-e51acf6a863b] transferring FlowFile[248,96103944707423.mockFlowFile,13B] to 'success'
[pool-145-thread-1] INFO org.apache.nifi.processors.standard.ControlRate - ControlRate[id=cdfdff17-80e1-43c9-ac97-e51acf6a863b] transferring FlowFile[249,96103944723031.mockFlowFile,13B] to 'success'
[pool-145-thread-1] INFO org.apache.nifi.processors.standard.ControlRate - ControlRate[id=cdfdff17-80e1-43c9-ac97-e51acf6a863b] transferring FlowFile[250,96103944737993.mockFlowFile,13B] to 'success'
[pool-145-thread-1] INFO org.apache.nifi.processors.standard.ControlRate - ControlRate[id=cdfdff17-80e1-43c9-ac97-e51acf6a863b] transferring FlowFile[251,96103944754144.mockFlowFile,13B] to 'success'
[pool-145-thread-1] INFO org.apache.nifi.processors.standard.ControlRate - ControlRate[id=cdfdff17-80e1-43c9-ac97-e51acf6a863b] transferring FlowFile[252,96103944769287.mockFlowFile,13B] to 'success'
[pool-145-thread-1] INFO org.apache.nifi.processors.standard.ControlRate - ControlRate[id=cdfdff17-80e1-43c9-ac97-e51acf6a863b] transferring FlowFile[253,96103944785647.mockFlowFile,13B] to 'success'
[pool-145-thread-1] INFO org.apache.nifi.processors.standard.ControlRate - ControlRate[id=cdfdff17-80e1-43c9-ac97-e51acf6a863b] transferring FlowFile[254,96103944803639.mockFlowFile,13B] to 'success'
[pool-145-thread-1] INFO org.apache.nifi.processors.standard.ControlRate - ControlRate[id=cdfdff17-80e1-43c9-ac97-e51acf6a863b] transferring FlowFile[255,96103944823909.mockFlowFile,13B] to 'success'
[pool-145-thread-1] INFO org.apache.nifi.processors.standard.ControlRate - ControlRate[id=cdfdff17-80e1-43c9-ac97-e51acf6a863b] transferring FlowFile[256,96103944840461.mockFlowFile,13B] to 'success'
[pool-145-thread-1] INFO org.apache.nifi.processors.standard.ControlRate - ControlRate[id=cdfdff17-80e1-43c9-ac97-e51acf6a863b] transferring FlowFile[257,96103944856528.mockFlowFile,13B] to 'success'
[pool-145-thread-1] INFO org.apache.nifi.processors.standard.ControlRate - ControlRate[id=cdfdff17-80e1-43c9-ac97-e51acf6a863b] transferring FlowFile[258,96103944879724.mockFlowFile,13B] to 'success'
[pool-145-thread-1] INFO org.apache.nifi.processors.standard.ControlRate - ControlRate[id=cdfdff17-80e1-43c9-ac97-e51acf6a863b] transferring FlowFile[259,96103944897197.mockFlowFile,13B] to 'success'
[pool-145-thread-1] INFO org.apache.nifi.processors.standard.ControlRate - ControlRate[id=cdfdff17-80e1-43c9-ac97-e51acf6a863b] transferring FlowFile[260,96103944913483.mockFlowFile,13B] to 'success'
[pool-145-thread-1] INFO org.apache.nifi.processors.standard.ControlRate - ControlRate[id=cdfdff17-80e1-43c9-ac97-e51acf6a863b] transferring FlowFile[261,96103944930988.mockFlowFile,13B] to 'success'
[pool-145-thread-1] INFO org.apache.nifi.processors.standard.ControlRate - ControlRate[id=cdfdff17-80e1-43c9-ac97-e51acf6a863b] transferring FlowFile[262,96103944947658.mockFlowFile,13B] to 'success'
[pool-145-thread-1] INFO org.apache.nifi.processors.standard.ControlRate - ControlRate[id=cdfdff17-80e1-43c9-ac97-e51acf6a863b] transferring FlowFile[263,96103944968498.mockFlowFile,13B] to 'success'
[pool-145-thread-1] INFO org.apache.nifi.processors.standard.ControlRate - ControlRate[id=cdfdff17-80e1-43c9-ac97-e51acf6a863b] transferring FlowFile[264,96103945022752.mockFlowFile,13B] to 'success'
[pool-145-thread-1] INFO org.apache.nifi.processors.standard.ControlRate - ControlRate[id=cdfdff17-80e1-43c9-ac97-e51acf6a863b] transferring FlowFile[265,96103945041503.mockFlowFile,13B] to 'success'
[pool-145-thread-1] INFO org.apache.nifi.processors.standard.ControlRate - ControlRate[id=cdfdff17-80e1-43c9-ac97-e51acf6a863b] transferring FlowFile[266,96103945059985.mockFlowFile,13B] to 'success'
[pool-145-thread-1] INFO org.apache.nifi.processors.standard.ControlRate - ControlRate[id=cdfdff17-80e1-43c9-ac97-e51acf6a863b] transferring FlowFile[267,96103945076576.mockFlowFile,13B] to 'success'
[pool-145-thread-1] INFO org.apache.nifi.processors.standard.ControlRate - ControlRate[id=cdfdff17-80e1-43c9-ac97-e51acf6a863b] transferring FlowFile[268,96103945094724.mockFlowFile,13B] to 'success'
[pool-145-thread-1] INFO org.apache.nifi.processors.standard.ControlRate - ControlRate[id=cdfdff17-80e1-43c9-ac97-e51acf6a863b] transferring FlowFile[269,96103945112688.mockFlowFile,13B] to 'success'
[pool-145-thread-1] INFO org.apache.nifi.processors.standard.ControlRate - ControlRate[id=cdfdff17-80e1-43c9-ac97-e51acf6a863b] transferring FlowFile[270,96103945130014.mockFlowFile,13B] to 'success'
[pool-145-thread-1] INFO org.apache.nifi.processors.standard.ControlRate - ControlRate[id=cdfdff17-80e1-43c9-ac97-e51acf6a863b] transferring FlowFile[271,96103945157902.mockFlowFile,13B] to 'success'
[pool-145-thread-1] INFO org.apache.nifi.processors.standard.ControlRate - ControlRate[id=cdfdff17-80e1-43c9-ac97-e51acf6a863b] transferring FlowFile[272,96103945175544.mockFlowFile,13B] to 'success'
[pool-145-thread-1] INFO org.apache.nifi.processors.standard.ControlRate - ControlRate[id=cdfdff17-80e1-43c9-ac97-e51acf6a863b] transferring FlowFile[273,96103945193818.mockFlowFile,13B] to 'success'
[pool-145-thread-1] INFO org.apache.nifi.processors.standard.ControlRate - ControlRate[id=cdfdff17-80e1-43c9-ac97-e51acf6a863b] transferring FlowFile[274,96103945212419.mockFlowFile,13B] to 'success'
[pool-145-thread-1] INFO org.apache.nifi.processors.standard.ControlRate - ControlRate[id=cdfdff17-80e1-43c9-ac97-e51acf6a863b] transferring FlowFile[275,96103945229621.mockFlowFile,13B] to 'success'
[pool-145-thread-1] INFO org.apache.nifi.processors.standard.ControlRate - ControlRate[id=cdfdff17-80e1-43c9-ac97-e51acf6a863b] transferring FlowFile[276,96103945247663.mockFlowFile,13B] to 'success'
[pool-145-thread-1] INFO org.apache.nifi.processors.standard.ControlRate - ControlRate[id=cdfdff17-80e1-43c9-ac97-e51acf6a863b] transferring FlowFile[277,96103945263705.mockFlowFile,13B] to 'success'
[pool-145-thread-1] INFO org.apache.nifi.processors.standard.ControlRate - ControlRate[id=cdfdff17-80e1-43c9-ac97-e51acf6a863b] transferring FlowFile[278,96103945284130.mockFlowFile,13B] to 'success'
[pool-145-thread-1] INFO org.apache.nifi.processors.standard.ControlRate - ControlRate[id=cdfdff17-80e1-43c9-ac97-e51acf6a863b] transferring FlowFile[279,96103945307520.mockFlowFile,13B] to 'success'
[pool-145-thread-1] INFO org.apache.nifi.processors.standard.ControlRate - ControlRate[id=cdfdff17-80e1-43c9-ac97-e51acf6a863b] transferring FlowFile[280,96103945325209.mockFlowFile,13B] to 'success'
[pool-145-thread-1] INFO org.apache.nifi.processors.standard.ControlRate - ControlRate[id=cdfdff17-80e1-43c9-ac97-e51acf6a863b] transferring FlowFile[281,96103945343174.mockFlowFile,13B] to 'success'
[pool-145-thread-1] INFO org.apache.nifi.processors.standard.ControlRate - ControlRate[id=cdfdff17-80e1-43c9-ac97-e51acf6a863b] transferring FlowFile[282,96103945359172.mockFlowFile,13B] to 'success'
[pool-145-thread-1] INFO org.apache.nifi.processors.standard.ControlRate - ControlRate[id=cdfdff17-80e1-43c9-ac97-e51acf6a863b] transferring FlowFile[283,96103945377590.mockFlowFile,13B] to 'success'
[pool-145-thread-1] INFO org.apache.nifi.processors.standard.ControlRate - ControlRate[id=cdfdff17-80e1-43c9-ac97-e51acf6a863b] transferring FlowFile[284,96103945394255.mockFlowFile,13B] to 'success'
[pool-145-thread-1] INFO org.apache.nifi.processors.standard.ControlRate - ControlRate[id=cdfdff17-80e1-43c9-ac97-e51acf6a863b] transferring FlowFile[285,96103945410001.mockFlowFile,13B] to 'success'
[pool-145-thread-1] INFO org.apache.nifi.processors.standard.ControlRate - ControlRate[id=cdfdff17-80e1-43c9-ac97-e51acf6a863b] transferring FlowFile[286,96103945433799.mockFlowFile,13B] to 'success'
[pool-145-thread-1] INFO org.apache.nifi.processors.standard.ControlRate - ControlRate[id=cdfdff17-80e1-43c9-ac97-e51acf6a863b] transferring FlowFile[287,96103945454078.mockFlowFile,13B] to 'success'
[pool-145-thread-1] INFO org.apache.nifi.processors.standard.ControlRate - ControlRate[id=cdfdff17-80e1-43c9-ac97-e51acf6a863b] transferring FlowFile[288,96103945470403.mockFlowFile,13B] to 'success'
[pool-145-thread-1] INFO org.apache.nifi.processors.standard.ControlRate - ControlRate[id=cdfdff17-80e1-43c9-ac97-e51acf6a863b] transferring FlowFile[289,96103945486615.mockFlowFile,13B] to 'success'
[pool-145-thread-1] INFO org.apache.nifi.processors.standard.ControlRate - ControlRate[id=cdfdff17-80e1-43c9-ac97-e51acf6a863b] transferring FlowFile[290,96103945501728.mockFlowFile,13B] to 'success'
[pool-145-thread-1] INFO org.apache.nifi.processors.standard.ControlRate - ControlRate[id=cdfdff17-80e1-43c9-ac97-e51acf6a863b] transferring FlowFile[291,96103945523996.mockFlowFile,13B] to 'success'
[pool-145-thread-1] INFO org.apache.nifi.processors.standard.ControlRate - ControlRate[id=cdfdff17-80e1-43c9-ac97-e51acf6a863b] transferring FlowFile[292,96103945539206.mockFlowFile,13B] to 'success'
[pool-145-thread-1] INFO org.apache.nifi.processors.standard.ControlRate - ControlRate[id=cdfdff17-80e1-43c9-ac97-e51acf6a863b] transferring FlowFile[293,96103945556157.mockFlowFile,13B] to 'success'
[pool-145-thread-1] INFO org.apache.nifi.processors.standard.ControlRate - ControlRate[id=cdfdff17-80e1-43c9-ac97-e51acf6a863b] transferring FlowFile[294,96103945573208.mockFlowFile,13B] to 'success'
[pool-145-thread-1] INFO org.apache.nifi.processors.standard.ControlRate - ControlRate[id=cdfdff17-80e1-43c9-ac97-e51acf6a863b] transferring FlowFile[295,96103945594773.mockFlowFile,13B] to 'success'
[pool-145-thread-1] INFO org.apache.nifi.processors.standard.ControlRate - ControlRate[id=cdfdff17-80e1-43c9-ac97-e51acf6a863b] transferring FlowFile[296,96103945612034.mockFlowFile,13B] to 'success'
[pool-145-thread-1] INFO org.apache.nifi.processors.standard.ControlRate - ControlRate[id=cdfdff17-80e1-43c9-ac97-e51acf6a863b] transferring FlowFile[297,96103945627919.mockFlowFile,13B] to 'success'
[pool-145-thread-1] INFO org.apache.nifi.processors.standard.ControlRate - ControlRate[id=cdfdff17-80e1-43c9-ac97-e51acf6a863b] transferring FlowFile[298,96103945645140.mockFlowFile,13B] to 'success'
[pool-145-thread-1] INFO org.apache.nifi.processors.standard.ControlRate - ControlRate[id=cdfdff17-80e1-43c9-ac97-e51acf6a863b] transferring FlowFile[299,96103945661447.mockFlowFile,13B] to 'success'
[pool-145-thread-1] INFO org.apache.nifi.processors.standard.ControlRate - ControlRate[id=cdfdff17-80e1-43c9-ac97-e51acf6a863b] transferring FlowFile[300,96103945677534.mockFlowFile,13B] to 'success'
[pool-145-thread-1] INFO org.apache.nifi.processors.standard.ControlRate - ControlRate[id=cdfdff17-80e1-43c9-ac97-e51acf6a863b] transferring FlowFile[301,96103945701799.mockFlowFile,13B] to 'success'
[pool-145-thread-1] INFO org.apache.nifi.processors.standard.ControlRate - ControlRate[id=cdfdff17-80e1-43c9-ac97-e51acf6a863b] transferring FlowFile[302,96103945788085.mockFlowFile,13B] to 'success'
[pool-145-thread-1] INFO org.apache.nifi.processors.standard.ControlRate - ControlRate[id=cdfdff17-80e1-43c9-ac97-e51acf6a863b] transferring FlowFile[303,96103945843072.mockFlowFile,13B] to 'success'
[pool-145-thread-1] INFO org.apache.nifi.processors.standard.ControlRate - ControlRate[id=cdfdff17-80e1-43c9-ac97-e51acf6a863b] transferring FlowFile[304,96103945935401.mockFlowFile,13B] to 'success'
[pool-145-thread-1] INFO org.apache.nifi.processors.standard.ControlRate - ControlRate[id=cdfdff17-80e1-43c9-ac97-e51acf6a863b] transferring FlowFile[305,96103945960369.mockFlowFile,13B] to 'success'
[pool-145-thread-1] INFO org.apache.nifi.processors.standard.ControlRate - ControlRate[id=cdfdff17-80e1-43c9-ac97-e51acf6a863b] transferring FlowFile[306,96103946006409.mockFlowFile,13B] to 'success'
[pool-145-thread-1] INFO org.apache.nifi.processors.standard.ControlRate - ControlRate[id=cdfdff17-80e1-43c9-ac97-e51acf6a863b] transferring FlowFile[307,96103946026258.mockFlowFile,13B] to 'success'
[pool-145-thread-1] INFO org.apache.nifi.processors.standard.ControlRate - ControlRate[id=cdfdff17-80e1-43c9-ac97-e51acf6a863b] transferring FlowFile[308,96103946044641.mockFlowFile,13B] to 'success'
[pool-145-thread-1] INFO org.apache.nifi.processors.standard.ControlRate - ControlRate[id=cdfdff17-80e1-43c9-ac97-e51acf6a863b] transferring FlowFile[309,96103946063148.mockFlowFile,13B] to 'success'
[pool-145-thread-1] INFO org.apache.nifi.processors.standard.ControlRate - ControlRate[id=cdfdff17-80e1-43c9-ac97-e51acf6a863b] transferring FlowFile[310,96103946080700.mockFlowFile,13B] to 'success'
[pool-145-thread-1] INFO org.apache.nifi.processors.standard.ControlRate - ControlRate[id=cdfdff17-80e1-43c9-ac97-e51acf6a863b] transferring FlowFile[311,96103946105382.mockFlowFile,13B] to 'success'
[pool-145-thread-1] INFO org.apache.nifi.processors.standard.ControlRate - ControlRate[id=cdfdff17-80e1-43c9-ac97-e51acf6a863b] transferring FlowFile[312,96103946123697.mockFlowFile,13B] to 'success'
[pool-145-thread-1] INFO org.apache.nifi.processors.standard.ControlRate - ControlRate[id=cdfdff17-80e1-43c9-ac97-e51acf6a863b] transferring FlowFile[313,96103946142862.mockFlowFile,13B] to 'success'
[pool-145-thread-1] INFO org.apache.nifi.processors.standard.ControlRate - ControlRate[id=cdfdff17-80e1-43c9-ac97-e51acf6a863b] transferring FlowFile[314,96103946161574.mockFlowFile,13B] to 'success'
[pool-145-thread-1] INFO org.apache.nifi.processors.standard.ControlRate - ControlRate[id=cdfdff17-80e1-43c9-ac97-e51acf6a863b] transferring FlowFile[315,96103946178141.mockFlowFile,13B] to 'success'
[pool-145-thread-1] INFO org.apache.nifi.processors.standard.ControlRate - ControlRate[id=cdfdff17-80e1-43c9-ac97-e51acf6a863b] transferring FlowFile[316,96103946202965.mockFlowFile,13B] to 'success'
[pool-145-thread-1] INFO org.apache.nifi.processors.standard.ControlRate - ControlRate[id=cdfdff17-80e1-43c9-ac97-e51acf6a863b] transferring FlowFile[317,96103946239862.mockFlowFile,13B] to 'success'
[pool-145-thread-1] INFO org.apache.nifi.processors.standard.ControlRate - ControlRate[id=cdfdff17-80e1-43c9-ac97-e51acf6a863b] transferring FlowFile[318,96103946258481.mockFlowFile,13B] to 'success'
[pool-145-thread-1] INFO org.apache.nifi.processors.standard.ControlRate - ControlRate[id=cdfdff17-80e1-43c9-ac97-e51acf6a863b] transferring FlowFile[319,96103946294658.mockFlowFile,13B] to 'success'
[pool-145-thread-1] INFO org.apache.nifi.processors.standard.ControlRate - ControlRate[id=cdfdff17-80e1-43c9-ac97-e51acf6a863b] transferring FlowFile[320,96103946312877.mockFlowFile,13B] to 'success'
[pool-145-thread-1] INFO org.apache.nifi.processors.standard.ControlRate - ControlRate[id=cdfdff17-80e1-43c9-ac97-e51acf6a863b] transferring FlowFile[321,96103946331828.mockFlowFile,13B] to 'success'
[pool-145-thread-1] INFO org.apache.nifi.processors.standard.ControlRate - ControlRate[id=cdfdff17-80e1-43c9-ac97-e51acf6a863b] transferring FlowFile[322,96103946351363.mockFlowFile,13B] to 'success'
[pool-145-thread-1] INFO org.apache.nifi.processors.standard.ControlRate - ControlRate[id=cdfdff17-80e1-43c9-ac97-e51acf6a863b] transferring FlowFile[323,96103946370809.mockFlowFile,13B] to 'success'
[pool-145-thread-1] INFO org.apache.nifi.processors.standard.ControlRate - ControlRate[id=cdfdff17-80e1-43c9-ac97-e51acf6a863b] transferring FlowFile[324,96103946388478.mockFlowFile,13B] to 'success'
[pool-145-thread-1] INFO org.apache.nifi.processors.standard.ControlRate - ControlRate[id=cdfdff17-80e1-43c9-ac97-e51acf6a863b] transferring FlowFile[325,96103946428642.mockFlowFile,13B] to 'success'
[pool-145-thread-1] INFO org.apache.nifi.processors.standard.ControlRate - ControlRate[id=cdfdff17-80e1-43c9-ac97-e51acf6a863b] transferring FlowFile[326,96103946447093.mockFlowFile,13B] to 'success'
[pool-145-thread-1] INFO org.apache.nifi.processors.standard.ControlRate - ControlRate[id=cdfdff17-80e1-43c9-ac97-e51acf6a863b] transferring FlowFile[327,96103946481406.mockFlowFile,13B] to 'success'
[pool-145-thread-1] INFO org.apache.nifi.processors.standard.ControlRate - ControlRate[id=cdfdff17-80e1-43c9-ac97-e51acf6a863b] transferring FlowFile[328,96103946498933.mockFlowFile,13B] to 'success'
[pool-145-thread-1] INFO org.apache.nifi.processors.standard.ControlRate - ControlRate[id=cdfdff17-80e1-43c9-ac97-e51acf6a863b] transferring FlowFile[329,96103946517249.mockFlowFile,13B] to 'success'
[pool-145-thread-1] INFO org.apache.nifi.processors.standard.ControlRate - ControlRate[id=cdfdff17-80e1-43c9-ac97-e51acf6a863b] transferring FlowFile[330,96103946532954.mockFlowFile,13B] to 'success'
[pool-145-thread-1] INFO org.apache.nifi.processors.standard.ControlRate - ControlRate[id=cdfdff17-80e1-43c9-ac97-e51acf6a863b] transferring FlowFile[331,96103946551189.mockFlowFile,13B] to 'success'
[pool-145-thread-1] INFO org.apache.nifi.processors.standard.ControlRate - ControlRate[id=cdfdff17-80e1-43c9-ac97-e51acf6a863b] transferring FlowFile[332,96103946567168.mockFlowFile,13B] to 'success'
[pool-145-thread-1] INFO org.apache.nifi.processors.standard.ControlRate - ControlRate[id=cdfdff17-80e1-43c9-ac97-e51acf6a863b] transferring FlowFile[333,96103946583085.mockFlowFile,13B] to 'success'
[pool-145-thread-1] INFO org.apache.nifi.processors.standard.ControlRate - ControlRate[id=cdfdff17-80e1-43c9-ac97-e51acf6a863b] transferring FlowFile[334,96103946599361.mockFlowFile,13B] to 'success'
[pool-145-thread-1] INFO org.apache.nifi.processors.standard.ControlRate - ControlRate[id=cdfdff17-80e1-43c9-ac97-e51acf6a863b] transferring FlowFile[335,96103946618648.mockFlowFile,13B] to 'success'
[pool-145-thread-1] INFO org.apache.nifi.processors.standard.ControlRate - ControlRate[id=cdfdff17-80e1-43c9-ac97-e51acf6a863b] transferring FlowFile[336,96103946635504.mockFlowFile,13B] to 'success'
[pool-145-thread-1] INFO org.apache.nifi.processors.standard.ControlRate - ControlRate[id=cdfdff17-80e1-43c9-ac97-e51acf6a863b] transferring FlowFile[337,96103946650885.mockFlowFile,13B] to 'success'
[pool-145-thread-1] INFO org.apache.nifi.processors.standard.ControlRate - ControlRate[id=cdfdff17-80e1-43c9-ac97-e51acf6a863b] transferring FlowFile[338,96103946667239.mockFlowFile,13B] to 'success'
[pool-145-thread-1] INFO org.apache.nifi.processors.standard.ControlRate - ControlRate[id=cdfdff17-80e1-43c9-ac97-e51acf6a863b] transferring FlowFile[339,96103946683746.mockFlowFile,13B] to 'success'
[pool-145-thread-1] INFO org.apache.nifi.processors.standard.ControlRate - ControlRate[id=cdfdff17-80e1-43c9-ac97-e51acf6a863b] transferring FlowFile[340,96103946699332.mockFlowFile,13B] to 'success'
[pool-145-thread-1] INFO org.apache.nifi.processors.standard.ControlRate - ControlRate[id=cdfdff17-80e1-43c9-ac97-e51acf6a863b] transferring FlowFile[341,96103946739793.mockFlowFile,13B] to 'success'
[pool-145-thread-1] INFO org.apache.nifi.processors.standard.ControlRate - ControlRate[id=cdfdff17-80e1-43c9-ac97-e51acf6a863b] transferring FlowFile[342,96103946757441.mockFlowFile,13B] to 'success'
[pool-145-thread-1] INFO org.apache.nifi.processors.standard.ControlRate - ControlRate[id=cdfdff17-80e1-43c9-ac97-e51acf6a863b] transferring FlowFile[343,96103946793124.mockFlowFile,13B] to 'success'
[pool-145-thread-1] INFO org.apache.nifi.processors.standard.ControlRate - ControlRate[id=cdfdff17-80e1-43c9-ac97-e51acf6a863b] transferring FlowFile[344,96103946811158.mockFlowFile,13B] to 'success'
[pool-145-thread-1] INFO org.apache.nifi.processors.standard.ControlRate - ControlRate[id=cdfdff17-80e1-43c9-ac97-e51acf6a863b] transferring FlowFile[345,96103946865474.mockFlowFile,13B] to 'success'
[pool-145-thread-1] INFO org.apache.nifi.processors.standard.ControlRate - ControlRate[id=cdfdff17-80e1-43c9-ac97-e51acf6a863b] transferring FlowFile[346,96103946905408.mockFlowFile,13B] to 'success'
[pool-145-thread-1] INFO org.apache.nifi.processors.standard.ControlRate - ControlRate[id=cdfdff17-80e1-43c9-ac97-e51acf6a863b] transferring FlowFile[347,96103946926265.mockFlowFile,13B] to 'success'
[pool-145-thread-1] INFO org.apache.nifi.processors.standard.ControlRate - ControlRate[id=cdfdff17-80e1-43c9-ac97-e51acf6a863b] transferring FlowFile[348,96103946982939.mockFlowFile,13B] to 'success'
[pool-145-thread-1] INFO org.apache.nifi.processors.standard.ControlRate - ControlRate[id=cdfdff17-80e1-43c9-ac97-e51acf6a863b] transferring FlowFile[349,96103947053437.mockFlowFile,13B] to 'success'
[pool-145-thread-1] INFO org.apache.nifi.processors.standard.ControlRate - ControlRate[id=cdfdff17-80e1-43c9-ac97-e51acf6a863b] transferring FlowFile[350,96103947072212.mockFlowFile,13B] to 'success'
[pool-145-thread-1] INFO org.apache.nifi.processors.standard.ControlRate - ControlRate[id=cdfdff17-80e1-43c9-ac97-e51acf6a863b] transferring FlowFile[351,96103947115041.mockFlowFile,13B] to 'success'
[pool-145-thread-1] INFO org.apache.nifi.processors.standard.ControlRate - ControlRate[id=cdfdff17-80e1-43c9-ac97-e51acf6a863b] transferring FlowFile[352,96103947147630.mockFlowFile,13B] to 'success'
[pool-145-thread-1] INFO org.apache.nifi.processors.standard.ControlRate - ControlRate[id=cdfdff17-80e1-43c9-ac97-e51acf6a863b] transferring FlowFile[353,96103947168712.mockFlowFile,13B] to 'success'
[pool-145-thread-1] INFO org.apache.nifi.processors.standard.ControlRate - ControlRate[id=cdfdff17-80e1-43c9-ac97-e51acf6a863b] transferring FlowFile[354,96103947189153.mockFlowFile,13B] to 'success'
[pool-145-thread-1] INFO org.apache.nifi.processors.standard.ControlRate - ControlRate[id=cdfdff17-80e1-43c9-ac97-e51acf6a863b] transferring FlowFile[355,96103947206504.mockFlowFile,13B] to 'success'
[pool-145-thread-1] INFO org.apache.nifi.processors.standard.ControlRate - ControlRate[id=cdfdff17-80e1-43c9-ac97-e51acf6a863b] transferring FlowFile[356,96103947223645.mockFlowFile,13B] to 'success'
[pool-145-thread-1] INFO org.apache.nifi.processors.standard.ControlRate - ControlRate[id=cdfdff17-80e1-43c9-ac97-e51acf6a863b] transferring FlowFile[357,96103947279979.mockFlowFile,13B] to 'success'
[pool-145-thread-1] INFO org.apache.nifi.processors.standard.ControlRate - ControlRate[id=cdfdff17-80e1-43c9-ac97-e51acf6a863b] transferring FlowFile[358,96103947359545.mockFlowFile,13B] to 'success'
[pool-145-thread-1] INFO org.apache.nifi.processors.standard.ControlRate - ControlRate[id=cdfdff17-80e1-43c9-ac97-e51acf6a863b] transferring FlowFile[359,96103947407179.mockFlowFile,13B] to 'success'
[pool-145-thread-1] INFO org.apache.nifi.processors.standard.ControlRate - ControlRate[id=cdfdff17-80e1-43c9-ac97-e51acf6a863b] transferring FlowFile[360,96103947426233.mockFlowFile,13B] to 'success'
[pool-145-thread-1] INFO org.apache.nifi.processors.standard.ControlRate - ControlRate[id=cdfdff17-80e1-43c9-ac97-e51acf6a863b] transferring FlowFile[361,96103947445597.mockFlowFile,13B] to 'success'
[pool-145-thread-1] INFO org.apache.nifi.processors.standard.ControlRate - ControlRate[id=cdfdff17-80e1-43c9-ac97-e51acf6a863b] transferring FlowFile[362,96103947463530.mockFlowFile,13B] to 'success'
[pool-145-thread-1] INFO org.apache.nifi.processors.standard.ControlRate - ControlRate[id=cdfdff17-80e1-43c9-ac97-e51acf6a863b] transferring FlowFile[363,96103947481520.mockFlowFile,13B] to 'success'
[pool-145-thread-1] INFO org.apache.nifi.processors.standard.ControlRate - ControlRate[id=cdfdff17-80e1-43c9-ac97-e51acf6a863b] transferring FlowFile[364,96103947549241.mockFlowFile,13B] to 'success'
[pool-145-thread-1] INFO org.apache.nifi.processors.standard.ControlRate - ControlRate[id=cdfdff17-80e1-43c9-ac97-e51acf6a863b] transferring FlowFile[365,96103947566756.mockFlowFile,13B] to 'success'
[pool-145-thread-1] INFO org.apache.nifi.processors.standard.ControlRate - ControlRate[id=cdfdff17-80e1-43c9-ac97-e51acf6a863b] transferring FlowFile[366,96103947584473.mockFlowFile,13B] to 'success'
[pool-145-thread-1] INFO org.apache.nifi.processors.standard.ControlRate - ControlRate[id=cdfdff17-80e1-43c9-ac97-e51acf6a863b] transferring FlowFile[367,96103947607980.mockFlowFile,13B] to 'success'
[pool-145-thread-1] INFO org.apache.nifi.processors.standard.ControlRate - ControlRate[id=cdfdff17-80e1-43c9-ac97-e51acf6a863b] transferring FlowFile[368,96103947647902.mockFlowFile,13B] to 'success'
[pool-145-thread-1] INFO org.apache.nifi.processors.standard.ControlRate - ControlRate[id=cdfdff17-80e1-43c9-ac97-e51acf6a863b] transferring FlowFile[369,96103947668115.mockFlowFile,13B] to 'success'
[pool-145-thread-1] INFO org.apache.nifi.processors.standard.ControlRate - ControlRate[id=cdfdff17-80e1-43c9-ac97-e51acf6a863b] transferring FlowFile[370,96103947685880.mockFlowFile,13B] to 'success'
[pool-145-thread-1] INFO org.apache.nifi.processors.standard.ControlRate - ControlRate[id=cdfdff17-80e1-43c9-ac97-e51acf6a863b] transferring FlowFile[371,96103947703105.mockFlowFile,13B] to 'success'
[pool-145-thread-1] INFO org.apache.nifi.processors.standard.ControlRate - ControlRate[id=cdfdff17-80e1-43c9-ac97-e51acf6a863b] transferring FlowFile[372,96103947719120.mockFlowFile,13B] to 'success'
[pool-145-thread-1] INFO org.apache.nifi.processors.standard.ControlRate - ControlRate[id=cdfdff17-80e1-43c9-ac97-e51acf6a863b] transferring FlowFile[373,96103947741839.mockFlowFile,13B] to 'success'
[pool-145-thread-1] INFO org.apache.nifi.processors.standard.ControlRate - ControlRate[id=cdfdff17-80e1-43c9-ac97-e51acf6a863b] transferring FlowFile[374,96103947760112.mockFlowFile,13B] to 'success'
[pool-145-thread-1] INFO org.apache.nifi.processors.standard.ControlRate - ControlRate[id=cdfdff17-80e1-43c9-ac97-e51acf6a863b] transferring FlowFile[375,96103947798219.mockFlowFile,13B] to 'success'
[pool-145-thread-1] INFO org.apache.nifi.processors.standard.ControlRate - ControlRate[id=cdfdff17-80e1-43c9-ac97-e51acf6a863b] transferring FlowFile[376,96103947823886.mockFlowFile,13B] to 'success'
[pool-145-thread-1] INFO org.apache.nifi.processors.standard.ControlRate - ControlRate[id=cdfdff17-80e1-43c9-ac97-e51acf6a863b] transferring FlowFile[377,96103947841260.mockFlowFile,13B] to 'success'
[pool-145-thread-1] INFO org.apache.nifi.processors.standard.ControlRate - ControlRate[id=cdfdff17-80e1-43c9-ac97-e51acf6a863b] transferring FlowFile[378,96103947859155.mockFlowFile,13B] to 'success'
[pool-145-thread-1] INFO org.apache.nifi.processors.standard.ControlRate - ControlRate[id=cdfdff17-80e1-43c9-ac97-e51acf6a863b] transferring FlowFile[379,96103947877289.mockFlowFile,13B] to 'success'
[pool-145-thread-1] INFO org.apache.nifi.processors.standard.ControlRate - ControlRate[id=cdfdff17-80e1-43c9-ac97-e51acf6a863b] transferring FlowFile[380,96103947893529.mockFlowFile,13B] to 'success'
[pool-145-thread-1] INFO org.apache.nifi.processors.standard.ControlRate - ControlRate[id=cdfdff17-80e1-43c9-ac97-e51acf6a863b] transferring FlowFile[381,96103947910876.mockFlowFile,13B] to 'success'
[pool-145-thread-1] INFO org.apache.nifi.processors.standard.ControlRate - ControlRate[id=cdfdff17-80e1-43c9-ac97-e51acf6a863b] transferring FlowFile[382,96103947927821.mockFlowFile,13B] to 'success'
[pool-145-thread-1] INFO org.apache.nifi.processors.standard.ControlRate - ControlRate[id=cdfdff17-80e1-43c9-ac97-e51acf6a863b] transferring FlowFile[383,96103947951022.mockFlowFile,13B] to 'success'
[pool-145-thread-1] INFO org.apache.nifi.processors.standard.ControlRate - ControlRate[id=cdfdff17-80e1-43c9-ac97-e51acf6a863b] transferring FlowFile[384,96103947969822.mockFlowFile,13B] to 'success'
[pool-145-thread-1] INFO org.apache.nifi.processors.standard.ControlRate - ControlRate[id=cdfdff17-80e1-43c9-ac97-e51acf6a863b] transferring FlowFile[385,96103947987659.mockFlowFile,13B] to 'success'
[pool-145-thread-1] INFO org.apache.nifi.processors.standard.ControlRate - ControlRate[id=cdfdff17-80e1-43c9-ac97-e51acf6a863b] transferring FlowFile[386,96103948024433.mockFlowFile,13B] to 'success'
[pool-145-thread-1] INFO org.apache.nifi.processors.standard.ControlRate - ControlRate[id=cdfdff17-80e1-43c9-ac97-e51acf6a863b] transferring FlowFile[387,96103948043121.mockFlowFile,13B] to 'success'
[pool-145-thread-1] INFO org.apache.nifi.processors.standard.ControlRate - ControlRate[id=cdfdff17-80e1-43c9-ac97-e51acf6a863b] transferring FlowFile[388,96103948060024.mockFlowFile,13B] to 'success'
[pool-145-thread-1] INFO org.apache.nifi.processors.standard.ControlRate - ControlRate[id=cdfdff17-80e1-43c9-ac97-e51acf6a863b] transferring FlowFile[389,96103948081509.mockFlowFile,13B] to 'success'
[pool-145-thread-1] INFO org.apache.nifi.processors.standard.ControlRate - ControlRate[id=cdfdff17-80e1-43c9-ac97-e51acf6a863b] transferring FlowFile[390,96103948098107.mockFlowFile,13B] to 'success'
[pool-145-thread-1] INFO org.apache.nifi.processors.standard.ControlRate - ControlRate[id=cdfdff17-80e1-43c9-ac97-e51acf6a863b] transferring FlowFile[391,96103948121185.mockFlowFile,13B] to 'success'
[pool-145-thread-1] INFO org.apache.nifi.processors.standard.ControlRate - ControlRate[id=cdfdff17-80e1-43c9-ac97-e51acf6a863b] transferring FlowFile[392,96103948138730.mockFlowFile,13B] to 'success'
[pool-145-thread-1] INFO org.apache.nifi.processors.standard.ControlRate - ControlRate[id=cdfdff17-80e1-43c9-ac97-e51acf6a863b] transferring FlowFile[393,96103948157436.mockFlowFile,13B] to 'success'
[pool-145-thread-1] INFO org.apache.nifi.processors.standard.ControlRate - ControlRate[id=cdfdff17-80e1-43c9-ac97-e51acf6a863b] transferring FlowFile[394,96103948174752.mockFlowFile,13B] to 'success'
[pool-145-thread-1] INFO org.apache.nifi.processors.standard.ControlRate - ControlRate[id=cdfdff17-80e1-43c9-ac97-e51acf6a863b] transferring FlowFile[395,96103948191428.mockFlowFile,13B] to 'success'
[pool-145-thread-1] INFO org.apache.nifi.processors.standard.ControlRate - ControlRate[id=cdfdff17-80e1-43c9-ac97-e51acf6a863b] transferring FlowFile[396,96103948208223.mockFlowFile,13B] to 'success'
[pool-145-thread-1] INFO org.apache.nifi.processors.standard.ControlRate - ControlRate[id=cdfdff17-80e1-43c9-ac97-e51acf6a863b] transferring FlowFile[397,96103948224070.mockFlowFile,13B] to 'success'
[pool-145-thread-1] INFO org.apache.nifi.processors.standard.ControlRate - ControlRate[id=cdfdff17-80e1-43c9-ac97-e51acf6a863b] transferring FlowFile[398,96103948241802.mockFlowFile,13B] to 'success'
[pool-145-thread-1] INFO org.apache.nifi.processors.standard.ControlRate - ControlRate[id=cdfdff17-80e1-43c9-ac97-e51acf6a863b] transferring FlowFile[399,96103948265745.mockFlowFile,13B] to 'success'
[pool-145-thread-1] INFO org.apache.nifi.processors.standard.ControlRate - ControlRate[id=cdfdff17-80e1-43c9-ac97-e51acf6a863b] transferring FlowFile[400,96103948284435.mockFlowFile,13B] to 'success'
[pool-145-thread-1] INFO org.apache.nifi.processors.standard.ControlRate - ControlRate[id=cdfdff17-80e1-43c9-ac97-e51acf6a863b] transferring FlowFile[401,96103948302993.mockFlowFile,13B] to 'success'
[pool-145-thread-1] INFO org.apache.nifi.processors.standard.ControlRate - ControlRate[id=cdfdff17-80e1-43c9-ac97-e51acf6a863b] transferring FlowFile[402,96103948319883.mockFlowFile,13B] to 'success'
[pool-145-thread-1] INFO org.apache.nifi.processors.standard.ControlRate - ControlRate[id=cdfdff17-80e1-43c9-ac97-e51acf6a863b] transferring FlowFile[403,96103948337980.mockFlowFile,13B] to 'success'
[pool-145-thread-1] INFO org.apache.nifi.processors.standard.ControlRate - ControlRate[id=cdfdff17-80e1-43c9-ac97-e51acf6a863b] transferring FlowFile[404,96103948356307.mockFlowFile,13B] to 'success'
[pool-145-thread-1] INFO org.apache.nifi.processors.standard.ControlRate - ControlRate[id=cdfdff17-80e1-43c9-ac97-e51acf6a863b] transferring FlowFile[405,96103948373673.mockFlowFile,13B] to 'success'
[pool-145-thread-1] INFO org.apache.nifi.processors.standard.ControlRate - ControlRate[id=cdfdff17-80e1-43c9-ac97-e51acf6a863b] transferring FlowFile[406,96103948413611.mockFlowFile,13B] to 'success'
[pool-145-thread-1] INFO org.apache.nifi.processors.standard.ControlRate - ControlRate[id=cdfdff17-80e1-43c9-ac97-e51acf6a863b] transferring FlowFile[407,96103948437528.mockFlowFile,13B] to 'success'
[pool-145-thread-1] INFO org.apache.nifi.processors.standard.ControlRate - ControlRate[id=cdfdff17-80e1-43c9-ac97-e51acf6a863b] transferring FlowFile[408,96103948457670.mockFlowFile,13B] to 'success'
[pool-145-thread-1] INFO org.apache.nifi.processors.standard.ControlRate - ControlRate[id=cdfdff17-80e1-43c9-ac97-e51acf6a863b] transferring FlowFile[409,96103948475948.mockFlowFile,13B] to 'success'
[pool-145-thread-1] INFO org.apache.nifi.processors.standard.ControlRate - ControlRate[id=cdfdff17-80e1-43c9-ac97-e51acf6a863b] transferring FlowFile[410,96103948493303.mockFlowFile,13B] to 'success'
[pool-145-thread-1] INFO org.apache.nifi.processors.standard.ControlRate - ControlRate[id=cdfdff17-80e1-43c9-ac97-e51acf6a863b] transferring FlowFile[411,96103948511033.mockFlowFile,13B] to 'success'
[pool-145-thread-1] INFO org.apache.nifi.processors.standard.ControlRate - ControlRate[id=cdfdff17-80e1-43c9-ac97-e51acf6a863b] transferring FlowFile[412,96103948528610.mockFlowFile,13B] to 'success'
[pool-145-thread-1] INFO org.apache.nifi.processors.standard.ControlRate - ControlRate[id=cdfdff17-80e1-43c9-ac97-e51acf6a863b] transferring FlowFile[413,96103948552975.mockFlowFile,13B] to 'success'
[pool-145-thread-1] INFO org.apache.nifi.processors.standard.ControlRate - ControlRate[id=cdfdff17-80e1-43c9-ac97-e51acf6a863b] transferring FlowFile[414,96103948585036.mockFlowFile,13B] to 'success'
[pool-145-thread-1] INFO org.apache.nifi.processors.standard.ControlRate - ControlRate[id=cdfdff17-80e1-43c9-ac97-e51acf6a863b] transferring FlowFile[415,96103948609476.mockFlowFile,13B] to 'success'
[pool-145-thread-1] INFO org.apache.nifi.processors.standard.ControlRate - ControlRate[id=cdfdff17-80e1-43c9-ac97-e51acf6a863b] transferring FlowFile[416,96103948631890.mockFlowFile,13B] to 'success'
[pool-145-thread-1] INFO org.apache.nifi.processors.standard.ControlRate - ControlRate[id=cdfdff17-80e1-43c9-ac97-e51acf6a863b] transferring FlowFile[417,96103948649912.mockFlowFile,13B] to 'success'
[pool-145-thread-1] INFO org.apache.nifi.processors.standard.ControlRate - ControlRate[id=cdfdff17-80e1-43c9-ac97-e51acf6a863b] transferring FlowFile[418,96103948669089.mockFlowFile,13B] to 'success'
[pool-145-thread-1] INFO org.apache.nifi.processors.standard.ControlRate - ControlRate[id=cdfdff17-80e1-43c9-ac97-e51acf6a863b] transferring FlowFile[419,96103948689818.mockFlowFile,13B] to 'success'
[pool-145-thread-1] INFO org.apache.nifi.processors.standard.ControlRate - ControlRate[id=cdfdff17-80e1-43c9-ac97-e51acf6a863b] transferring FlowFile[420,96103948707473.mockFlowFile,13B] to 'success'
[pool-145-thread-1] INFO org.apache.nifi.processors.standard.ControlRate - ControlRate[id=cdfdff17-80e1-43c9-ac97-e51acf6a863b] transferring FlowFile[421,96103948727320.mockFlowFile,13B] to 'success'
[pool-145-thread-1] INFO org.apache.nifi.processors.standard.ControlRate - ControlRate[id=cdfdff17-80e1-43c9-ac97-e51acf6a863b] transferring FlowFile[422,96103948744609.mockFlowFile,13B] to 'success'
[pool-145-thread-1] INFO org.apache.nifi.processors.standard.ControlRate - ControlRate[id=cdfdff17-80e1-43c9-ac97-e51acf6a863b] transferring FlowFile[423,96103948768495.mockFlowFile,13B] to 'success'
[pool-145-thread-1] INFO org.apache.nifi.processors.standard.ControlRate - ControlRate[id=cdfdff17-80e1-43c9-ac97-e51acf6a863b] transferring FlowFile[424,96103948787923.mockFlowFile,13B] to 'success'
[pool-145-thread-1] INFO org.apache.nifi.processors.standard.ControlRate - ControlRate[id=cdfdff17-80e1-43c9-ac97-e51acf6a863b] transferring FlowFile[425,96103948805271.mockFlowFile,13B] to 'success'
[pool-145-thread-1] INFO org.apache.nifi.processors.standard.ControlRate - ControlRate[id=cdfdff17-80e1-43c9-ac97-e51acf6a863b] transferring FlowFile[426,96103948823028.mockFlowFile,13B] to 'success'
[pool-145-thread-1] INFO org.apache.nifi.processors.standard.ControlRate - ControlRate[id=cdfdff17-80e1-43c9-ac97-e51acf6a863b] transferring FlowFile[427,96103948839590.mockFlowFile,13B] to 'success'
[pool-145-thread-1] INFO org.apache.nifi.processors.standard.ControlRate - ControlRate[id=cdfdff17-80e1-43c9-ac97-e51acf6a863b] transferring FlowFile[428,96103948856633.mockFlowFile,13B] to 'success'
[pool-145-thread-1] INFO org.apache.nifi.processors.standard.ControlRate - ControlRate[id=cdfdff17-80e1-43c9-ac97-e51acf6a863b] transferring FlowFile[429,96103948873673.mockFlowFile,13B] to 'success'
[pool-145-thread-1] INFO org.apache.nifi.processors.standard.ControlRate - ControlRate[id=cdfdff17-80e1-43c9-ac97-e51acf6a863b] transferring FlowFile[430,96103948889231.mockFlowFile,13B] to 'success'
[pool-145-thread-1] INFO org.apache.nifi.processors.standard.ControlRate - ControlRate[id=cdfdff17-80e1-43c9-ac97-e51acf6a863b] transferring FlowFile[431,96103948910897.mockFlowFile,13B] to 'success'
[pool-145-thread-1] INFO org.apache.nifi.processors.standard.ControlRate - ControlRate[id=cdfdff17-80e1-43c9-ac97-e51acf6a863b] transferring FlowFile[432,96103948927230.mockFlowFile,13B] to 'success'
[pool-145-thread-1] INFO org.apache.nifi.processors.standard.ControlRate - ControlRate[id=cdfdff17-80e1-43c9-ac97-e51acf6a863b] transferring FlowFile[433,96103948946167.mockFlowFile,13B] to 'success'
[pool-145-thread-1] INFO org.apache.nifi.processors.standard.ControlRate - ControlRate[id=cdfdff17-80e1-43c9-ac97-e51acf6a863b] transferring FlowFile[434,96103948980405.mockFlowFile,13B] to 'success'
[pool-145-thread-1] INFO org.apache.nifi.processors.standard.ControlRate - ControlRate[id=cdfdff17-80e1-43c9-ac97-e51acf6a863b] transferring FlowFile[435,96103948998798.mockFlowFile,13B] to 'success'
[pool-145-thread-1] INFO org.apache.nifi.processors.standard.ControlRate - ControlRate[id=cdfdff17-80e1-43c9-ac97-e51acf6a863b] transferring FlowFile[436,96103949017421.mockFlowFile,13B] to 'success'
[pool-145-thread-1] INFO org.apache.nifi.processors.standard.ControlRate - ControlRate[id=cdfdff17-80e1-43c9-ac97-e51acf6a863b] transferring FlowFile[437,96103949036970.mockFlowFile,13B] to 'success'
[pool-145-thread-1] INFO org.apache.nifi.processors.standard.ControlRate - ControlRate[id=cdfdff17-80e1-43c9-ac97-e51acf6a863b] transferring FlowFile[438,96103949083810.mockFlowFile,13B] to 'success'
[pool-145-thread-1] INFO org.apache.nifi.processors.standard.ControlRate - ControlRate[id=cdfdff17-80e1-43c9-ac97-e51acf6a863b] transferring FlowFile[439,96103949118080.mockFlowFile,13B] to 'success'
[pool-145-thread-1] INFO org.apache.nifi.processors.standard.ControlRate - ControlRate[id=cdfdff17-80e1-43c9-ac97-e51acf6a863b] transferring FlowFile[440,96103949137858.mockFlowFile,13B] to 'success'
[pool-145-thread-1] INFO org.apache.nifi.processors.standard.ControlRate - ControlRate[id=cdfdff17-80e1-43c9-ac97-e51acf6a863b] transferring FlowFile[441,96103949157038.mockFlowFile,13B] to 'success'
[pool-145-thread-1] INFO org.apache.nifi.processors.standard.ControlRate - ControlRate[id=cdfdff17-80e1-43c9-ac97-e51acf6a863b] transferring FlowFile[442,96103949174519.mockFlowFile,13B] to 'success'
[pool-145-thread-1] INFO org.apache.nifi.processors.standard.ControlRate - ControlRate[id=cdfdff17-80e1-43c9-ac97-e51acf6a863b] transferring FlowFile[443,96103949192060.mockFlowFile,13B] to 'success'
[pool-145-thread-1] INFO org.apache.nifi.processors.standard.ControlRate - ControlRate[id=cdfdff17-80e1-43c9-ac97-e51acf6a863b] transferring FlowFile[444,96103949209160.mockFlowFile,13B] to 'success'
[pool-145-thread-1] INFO org.apache.nifi.processors.standard.ControlRate - ControlRate[id=cdfdff17-80e1-43c9-ac97-e51acf6a863b] transferring FlowFile[445,96103949224760.mockFlowFile,13B] to 'success'
[pool-145-thread-1] INFO org.apache.nifi.processors.standard.ControlRate - ControlRate[id=cdfdff17-80e1-43c9-ac97-e51acf6a863b] transferring FlowFile[446,96103949241690.mockFlowFile,13B] to 'success'
[pool-145-thread-1] INFO org.apache.nifi.processors.standard.ControlRate - ControlRate[id=cdfdff17-80e1-43c9-ac97-e51acf6a863b] transferring FlowFile[447,96103949263550.mockFlowFile,13B] to 'success'
[pool-145-thread-1] INFO org.apache.nifi.processors.standard.ControlRate - ControlRate[id=cdfdff17-80e1-43c9-ac97-e51acf6a863b] transferring FlowFile[448,96103949285618.mockFlowFile,13B] to 'success'
[pool-145-thread-1] INFO org.apache.nifi.processors.standard.ControlRate - ControlRate[id=cdfdff17-80e1-43c9-ac97-e51acf6a863b] transferring FlowFile[449,96103949331023.mockFlowFile,13B] to 'success'
[pool-145-thread-1] INFO org.apache.nifi.processors.standard.ControlRate - ControlRate[id=cdfdff17-80e1-43c9-ac97-e51acf6a863b] transferring FlowFile[450,96103949365458.mockFlowFile,13B] to 'success'
[pool-145-thread-1] INFO org.apache.nifi.processors.standard.ControlRate - ControlRate[id=cdfdff17-80e1-43c9-ac97-e51acf6a863b] transferring FlowFile[451,96103949396195.mockFlowFile,13B] to 'success'
[pool-145-thread-1] INFO org.apache.nifi.processors.standard.ControlRate - ControlRate[id=cdfdff17-80e1-43c9-ac97-e51acf6a863b] transferring FlowFile[452,96103949416225.mockFlowFile,13B] to 'success'
[pool-145-thread-1] INFO org.apache.nifi.processors.standard.ControlRate - ControlRate[id=cdfdff17-80e1-43c9-ac97-e51acf6a863b] transferring FlowFile[453,96103949434819.mockFlowFile,13B] to 'success'
[pool-145-thread-1] INFO org.apache.nifi.processors.standard.ControlRate - ControlRate[id=cdfdff17-80e1-43c9-ac97-e51acf6a863b] transferring FlowFile[454,96103949453452.mockFlowFile,13B] to 'success'
[pool-145-thread-1] INFO org.apache.nifi.processors.standard.ControlRate - ControlRate[id=cdfdff17-80e1-43c9-ac97-e51acf6a863b] transferring FlowFile[455,96103949479531.mockFlowFile,13B] to 'success'
[pool-145-thread-1] INFO org.apache.nifi.processors.standard.ControlRate - ControlRate[id=cdfdff17-80e1-43c9-ac97-e51acf6a863b] transferring FlowFile[456,96103949499306.mockFlowFile,13B] to 'success'
[pool-145-thread-1] INFO org.apache.nifi.processors.standard.ControlRate - ControlRate[id=cdfdff17-80e1-43c9-ac97-e51acf6a863b] transferring FlowFile[457,96103949517510.mockFlowFile,13B] to 'success'
[pool-145-thread-1] INFO org.apache.nifi.processors.standard.ControlRate - ControlRate[id=cdfdff17-80e1-43c9-ac97-e51acf6a863b] transferring FlowFile[458,96103949535326.mockFlowFile,13B] to 'success'
[pool-145-thread-1] INFO org.apache.nifi.processors.standard.ControlRate - ControlRate[id=cdfdff17-80e1-43c9-ac97-e51acf6a863b] transferring FlowFile[459,96103949555003.mockFlowFile,13B] to 'success'
[pool-145-thread-1] INFO org.apache.nifi.processors.standard.ControlRate - ControlRate[id=cdfdff17-80e1-43c9-ac97-e51acf6a863b] transferring FlowFile[460,96103949572987.mockFlowFile,13B] to 'success'
[pool-145-thread-1] INFO org.apache.nifi.processors.standard.ControlRate - ControlRate[id=cdfdff17-80e1-43c9-ac97-e51acf6a863b] transferring FlowFile[461,96103949591213.mockFlowFile,13B] to 'success'
[pool-145-thread-1] INFO org.apache.nifi.processors.standard.ControlRate - ControlRate[id=cdfdff17-80e1-43c9-ac97-e51acf6a863b] transferring FlowFile[462,96103949608210.mockFlowFile,13B] to 'success'
[pool-145-thread-1] INFO org.apache.nifi.processors.standard.ControlRate - ControlRate[id=cdfdff17-80e1-43c9-ac97-e51acf6a863b] transferring FlowFile[463,96103949632661.mockFlowFile,13B] to 'success'
[pool-145-thread-1] INFO org.apache.nifi.processors.standard.ControlRate - ControlRate[id=cdfdff17-80e1-43c9-ac97-e51acf6a863b] transferring FlowFile[464,96103949653109.mockFlowFile,13B] to 'success'
[pool-145-thread-1] INFO org.apache.nifi.processors.standard.ControlRate - ControlRate[id=cdfdff17-80e1-43c9-ac97-e51acf6a863b] transferring FlowFile[465,96103949670600.mockFlowFile,13B] to 'success'
[pool-145-thread-1] INFO org.apache.nifi.processors.standard.ControlRate - ControlRate[id=cdfdff17-80e1-43c9-ac97-e51acf6a863b] transferring FlowFile[466,96103949697941.mockFlowFile,13B] to 'success'
[pool-145-thread-1] INFO org.apache.nifi.processors.standard.ControlRate - ControlRate[id=cdfdff17-80e1-43c9-ac97-e51acf6a863b] transferring FlowFile[467,96103949718901.mockFlowFile,13B] to 'success'
[pool-145-thread-1] INFO org.apache.nifi.processors.standard.ControlRate - ControlRate[id=cdfdff17-80e1-43c9-ac97-e51acf6a863b] transferring FlowFile[468,96103949738301.mockFlowFile,13B] to 'success'
[pool-145-thread-1] INFO org.apache.nifi.processors.standard.ControlRate - ControlRate[id=cdfdff17-80e1-43c9-ac97-e51acf6a863b] transferring FlowFile[469,96103949758404.mockFlowFile,13B] to 'success'
[pool-145-thread-1] INFO org.apache.nifi.processors.standard.ControlRate - ControlRate[id=cdfdff17-80e1-43c9-ac97-e51acf6a863b] transferring FlowFile[470,96103949776455.mockFlowFile,13B] to 'success'
[pool-145-thread-1] INFO org.apache.nifi.processors.standard.ControlRate - ControlRate[id=cdfdff17-80e1-43c9-ac97-e51acf6a863b] transferring FlowFile[471,96103949801952.mockFlowFile,13B] to 'success'
[pool-145-thread-1] INFO org.apache.nifi.processors.standard.ControlRate - ControlRate[id=cdfdff17-80e1-43c9-ac97-e51acf6a863b] transferring FlowFile[472,96103949822437.mockFlowFile,13B] to 'success'
[pool-145-thread-1] INFO org.apache.nifi.processors.standard.ControlRate - ControlRate[id=cdfdff17-80e1-43c9-ac97-e51acf6a863b] transferring FlowFile[473,96103949844627.mockFlowFile,13B] to 'success'
[pool-145-thread-1] INFO org.apache.nifi.processors.standard.ControlRate - ControlRate[id=cdfdff17-80e1-43c9-ac97-e51acf6a863b] transferring FlowFile[474,96103949876943.mockFlowFile,13B] to 'success'
[pool-145-thread-1] INFO org.apache.nifi.processors.standard.ControlRate - ControlRate[id=cdfdff17-80e1-43c9-ac97-e51acf6a863b] transferring FlowFile[475,96103949917730.mockFlowFile,13B] to 'success'
[pool-145-thread-1] INFO org.apache.nifi.processors.standard.ControlRate - ControlRate[id=cdfdff17-80e1-43c9-ac97-e51acf6a863b] transferring FlowFile[476,96103949938130.mockFlowFile,13B] to 'success'
[pool-145-thread-1] INFO org.apache.nifi.processors.standard.ControlRate - ControlRate[id=cdfdff17-80e1-43c9-ac97-e51acf6a863b] transferring FlowFile[477,96103949955899.mockFlowFile,13B] to 'success'
[pool-145-thread-1] INFO org.apache.nifi.processors.standard.ControlRate - ControlRate[id=cdfdff17-80e1-43c9-ac97-e51acf6a863b] transferring FlowFile[478,96103949975318.mockFlowFile,13B] to 'success'
[pool-145-thread-1] INFO org.apache.nifi.processors.standard.ControlRate - ControlRate[id=cdfdff17-80e1-43c9-ac97-e51acf6a863b] transferring FlowFile[479,96103950007748.mockFlowFile,13B] to 'success'
[pool-145-thread-1] INFO org.apache.nifi.processors.standard.ControlRate - ControlRate[id=cdfdff17-80e1-43c9-ac97-e51acf6a863b] transferring FlowFile[480,96103950029282.mockFlowFile,13B] to 'success'
[pool-145-thread-1] INFO org.apache.nifi.processors.standard.ControlRate - ControlRate[id=cdfdff17-80e1-43c9-ac97-e51acf6a863b] transferring FlowFile[481,96103950048073.mockFlowFile,13B] to 'success'
[pool-145-thread-1] INFO org.apache.nifi.processors.standard.ControlRate - ControlRate[id=cdfdff17-80e1-43c9-ac97-e51acf6a863b] transferring FlowFile[482,96103950065751.mockFlowFile,13B] to 'success'
[pool-145-thread-1] INFO org.apache.nifi.processors.standard.ControlRate - ControlRate[id=cdfdff17-80e1-43c9-ac97-e51acf6a863b] transferring FlowFile[483,96103950083106.mockFlowFile,13B] to 'success'
[pool-145-thread-1] INFO org.apache.nifi.processors.standard.ControlRate - ControlRate[id=cdfdff17-80e1-43c9-ac97-e51acf6a863b] transferring FlowFile[484,96103950100525.mockFlowFile,13B] to 'success'
[pool-145-thread-1] INFO org.apache.nifi.processors.standard.ControlRate - ControlRate[id=cdfdff17-80e1-43c9-ac97-e51acf6a863b] transferring FlowFile[485,96103950118405.mockFlowFile,13B] to 'success'
[pool-145-thread-1] INFO org.apache.nifi.processors.standard.ControlRate - ControlRate[id=cdfdff17-80e1-43c9-ac97-e51acf6a863b] transferring FlowFile[486,96103950135865.mockFlowFile,13B] to 'success'
[pool-145-thread-1] INFO org.apache.nifi.processors.standard.ControlRate - ControlRate[id=cdfdff17-80e1-43c9-ac97-e51acf6a863b] transferring FlowFile[487,96103950156637.mockFlowFile,13B] to 'success'
[pool-145-thread-1] INFO org.apache.nifi.processors.standard.ControlRate - ControlRate[id=cdfdff17-80e1-43c9-ac97-e51acf6a863b] transferring FlowFile[488,96103950176148.mockFlowFile,13B] to 'success'
[pool-145-thread-1] INFO org.apache.nifi.processors.standard.ControlRate - ControlRate[id=cdfdff17-80e1-43c9-ac97-e51acf6a863b] transferring FlowFile[489,96103950192911.mockFlowFile,13B] to 'success'
[pool-145-thread-1] INFO org.apache.nifi.processors.standard.ControlRate - ControlRate[id=cdfdff17-80e1-43c9-ac97-e51acf6a863b] transferring FlowFile[490,96103950208577.mockFlowFile,13B] to 'success'
[pool-145-thread-1] INFO org.apache.nifi.processors.standard.ControlRate - ControlRate[id=cdfdff17-80e1-43c9-ac97-e51acf6a863b] transferring FlowFile[491,96103950225499.mockFlowFile,13B] to 'success'
[pool-145-thread-1] INFO org.apache.nifi.processors.standard.ControlRate - ControlRate[id=cdfdff17-80e1-43c9-ac97-e51acf6a863b] transferring FlowFile[492,96103950242812.mockFlowFile,13B] to 'success'
[pool-145-thread-1] INFO org.apache.nifi.processors.standard.ControlRate - ControlRate[id=cdfdff17-80e1-43c9-ac97-e51acf6a863b] transferring FlowFile[493,96103950259963.mockFlowFile,13B] to 'success'
[pool-145-thread-1] INFO org.apache.nifi.processors.standard.ControlRate - ControlRate[id=cdfdff17-80e1-43c9-ac97-e51acf6a863b] transferring FlowFile[494,96103950276923.mockFlowFile,13B] to 'success'
[pool-145-thread-1] INFO org.apache.nifi.processors.standard.ControlRate - ControlRate[id=cdfdff17-80e1-43c9-ac97-e51acf6a863b] transferring FlowFile[495,96103950297166.mockFlowFile,13B] to 'success'
[pool-145-thread-1] INFO org.apache.nifi.processors.standard.ControlRate - ControlRate[id=cdfdff17-80e1-43c9-ac97-e51acf6a863b] transferring FlowFile[496,96103950315482.mockFlowFile,13B] to 'success'
[pool-145-thread-1] INFO org.apache.nifi.processors.standard.ControlRate - ControlRate[id=cdfdff17-80e1-43c9-ac97-e51acf6a863b] transferring FlowFile[497,96103950331845.mockFlowFile,13B] to 'success'
[pool-145-thread-1] INFO org.apache.nifi.processors.standard.ControlRate - ControlRate[id=cdfdff17-80e1-43c9-ac97-e51acf6a863b] transferring FlowFile[498,96103950349747.mockFlowFile,13B] to 'success'
[pool-145-thread-1] INFO org.apache.nifi.processors.standard.ControlRate - ControlRate[id=cdfdff17-80e1-43c9-ac97-e51acf6a863b] transferring FlowFile[499,96103950367233.mockFlowFile,13B] to 'success'
[pool-145-thread-1] INFO org.apache.nifi.processors.standard.ControlRate - ControlRate[id=cdfdff17-80e1-43c9-ac97-e51acf6a863b] transferring FlowFile[500,96103950384042.mockFlowFile,13B] to 'success'
[pool-145-thread-1] INFO org.apache.nifi.processors.standard.ControlRate - ControlRate[id=cdfdff17-80e1-43c9-ac97-e51acf6a863b] transferring FlowFile[501,96103950402348.mockFlowFile,13B] to 'success'
[pool-145-thread-1] INFO org.apache.nifi.processors.standard.ControlRate - ControlRate[id=cdfdff17-80e1-43c9-ac97-e51acf6a863b] transferring FlowFile[502,96103950420894.mockFlowFile,13B] to 'success'
[pool-145-thread-1] INFO org.apache.nifi.processors.standard.ControlRate - ControlRate[id=cdfdff17-80e1-43c9-ac97-e51acf6a863b] transferring FlowFile[503,96103950444457.mockFlowFile,13B] to 'success'
[pool-145-thread-1] INFO org.apache.nifi.processors.standard.ControlRate - ControlRate[id=cdfdff17-80e1-43c9-ac97-e51acf6a863b] transferring FlowFile[504,96103950511472.mockFlowFile,13B] to 'success'
[pool-145-thread-1] INFO org.apache.nifi.processors.standard.ControlRate - ControlRate[id=cdfdff17-80e1-43c9-ac97-e51acf6a863b] transferring FlowFile[505,96103950530806.mockFlowFile,13B] to 'success'
[pool-145-thread-1] INFO org.apache.nifi.processors.standard.ControlRate - ControlRate[id=cdfdff17-80e1-43c9-ac97-e51acf6a863b] transferring FlowFile[506,96103950549574.mockFlowFile,13B] to 'success'
[pool-145-thread-1] INFO org.apache.nifi.processors.standard.ControlRate - ControlRate[id=cdfdff17-80e1-43c9-ac97-e51acf6a863b] transferring FlowFile[507,96103950566642.mockFlowFile,13B] to 'success'
[pool-145-thread-1] INFO org.apache.nifi.processors.standard.ControlRate - ControlRate[id=cdfdff17-80e1-43c9-ac97-e51acf6a863b] transferring FlowFile[508,96103950584655.mockFlowFile,13B] to 'success'
[pool-145-thread-1] INFO org.apache.nifi.processors.standard.ControlRate - ControlRate[id=cdfdff17-80e1-43c9-ac97-e51acf6a863b] transferring FlowFile[509,96103950601986.mockFlowFile,13B] to 'success'
[pool-145-thread-1] INFO org.apache.nifi.processors.standard.ControlRate - ControlRate[id=cdfdff17-80e1-43c9-ac97-e51acf6a863b] transferring FlowFile[510,96103950618741.mockFlowFile,13B] to 'success'
[pool-145-thread-1] INFO org.apache.nifi.processors.standard.ControlRate - ControlRate[id=cdfdff17-80e1-43c9-ac97-e51acf6a863b] transferring FlowFile[511,96103950642032.mockFlowFile,13B] to 'success'
[pool-145-thread-1] INFO org.apache.nifi.processors.standard.ControlRate - ControlRate[id=cdfdff17-80e1-43c9-ac97-e51acf6a863b] transferring FlowFile[512,96103950659450.mockFlowFile,13B] to 'success'
[pool-145-thread-1] INFO org.apache.nifi.processors.standard.ControlRate - ControlRate[id=cdfdff17-80e1-43c9-ac97-e51acf6a863b] transferring FlowFile[513,96103950677335.mockFlowFile,13B] to 'success'
[pool-145-thread-1] INFO org.apache.nifi.processors.standard.ControlRate - ControlRate[id=cdfdff17-80e1-43c9-ac97-e51acf6a863b] transferring FlowFile[514,96103950695169.mockFlowFile,13B] to 'success'
[pool-145-thread-1] INFO org.apache.nifi.processors.standard.ControlRate - ControlRate[id=cdfdff17-80e1-43c9-ac97-e51acf6a863b] transferring FlowFile[515,96103950712300.mockFlowFile,13B] to 'success'
[pool-145-thread-1] INFO org.apache.nifi.processors.standard.ControlRate - ControlRate[id=cdfdff17-80e1-43c9-ac97-e51acf6a863b] transferring FlowFile[516,96103950730436.mockFlowFile,13B] to 'success'
[pool-145-thread-1] INFO org.apache.nifi.processors.standard.ControlRate - ControlRate[id=cdfdff17-80e1-43c9-ac97-e51acf6a863b] transferring FlowFile[517,96103950747615.mockFlowFile,13B] to 'success'
[pool-145-thread-1] INFO org.apache.nifi.processors.standard.ControlRate - ControlRate[id=cdfdff17-80e1-43c9-ac97-e51acf6a863b] transferring FlowFile[518,96103950765624.mockFlowFile,13B] to 'success'
[pool-145-thread-1] INFO org.apache.nifi.processors.standard.ControlRate - ControlRate[id=cdfdff17-80e1-43c9-ac97-e51acf6a863b] transferring FlowFile[519,96103950787626.mockFlowFile,13B] to 'success'
[pool-145-thread-1] INFO org.apache.nifi.processors.standard.ControlRate - ControlRate[id=cdfdff17-80e1-43c9-ac97-e51acf6a863b] transferring FlowFile[520,96103950807364.mockFlowFile,13B] to 'success'
[pool-145-thread-1] INFO org.apache.nifi.processors.standard.ControlRate - ControlRate[id=cdfdff17-80e1-43c9-ac97-e51acf6a863b] transferring FlowFile[521,96103950825263.mockFlowFile,13B] to 'success'
[pool-145-thread-1] INFO org.apache.nifi.processors.standard.ControlRate - ControlRate[id=cdfdff17-80e1-43c9-ac97-e51acf6a863b] transferring FlowFile[522,96103950841757.mockFlowFile,13B] to 'success'
[pool-145-thread-1] INFO org.apache.nifi.processors.standard.ControlRate - ControlRate[id=cdfdff17-80e1-43c9-ac97-e51acf6a863b] transferring FlowFile[523,96103950859361.mockFlowFile,13B] to 'success'
[pool-145-thread-1] INFO org.apache.nifi.processors.standard.ControlRate - ControlRate[id=cdfdff17-80e1-43c9-ac97-e51acf6a863b] transferring FlowFile[524,96103950876757.mockFlowFile,13B] to 'success'
[pool-145-thread-1] INFO org.apache.nifi.processors.standard.ControlRate - ControlRate[id=cdfdff17-80e1-43c9-ac97-e51acf6a863b] transferring FlowFile[525,96103950892641.mockFlowFile,13B] to 'success'
[pool-145-thread-1] INFO org.apache.nifi.processors.standard.ControlRate - ControlRate[id=cdfdff17-80e1-43c9-ac97-e51acf6a863b] transferring FlowFile[526,96103950910354.mockFlowFile,13B] to 'success'
[pool-145-thread-1] INFO org.apache.nifi.processors.standard.ControlRate - ControlRate[id=cdfdff17-80e1-43c9-ac97-e51acf6a863b] transferring FlowFile[527,96103950931223.mockFlowFile,13B] to 'success'
[pool-145-thread-1] INFO org.apache.nifi.processors.standard.ControlRate - ControlRate[id=cdfdff17-80e1-43c9-ac97-e51acf6a863b] transferring FlowFile[528,96103950949649.mockFlowFile,13B] to 'success'
[pool-145-thread-1] INFO org.apache.nifi.processors.standard.ControlRate - ControlRate[id=cdfdff17-80e1-43c9-ac97-e51acf6a863b] transferring FlowFile[529,96103950966907.mockFlowFile,13B] to 'success'
[pool-145-thread-1] INFO org.apache.nifi.processors.standard.ControlRate - ControlRate[id=cdfdff17-80e1-43c9-ac97-e51acf6a863b] transferring FlowFile[530,96103950982526.mockFlowFile,13B] to 'success'
[pool-145-thread-1] INFO org.apache.nifi.processors.standard.ControlRate - ControlRate[id=cdfdff17-80e1-43c9-ac97-e51acf6a863b] transferring FlowFile[531,96103950999375.mockFlowFile,13B] to 'success'
[pool-145-thread-1] INFO org.apache.nifi.processors.standard.ControlRate - ControlRate[id=cdfdff17-80e1-43c9-ac97-e51acf6a863b] transferring FlowFile[532,96103951021156.mockFlowFile,13B] to 'success'
[pool-145-thread-1] INFO org.apache.nifi.processors.standard.ControlRate - ControlRate[id=cdfdff17-80e1-43c9-ac97-e51acf6a863b] transferring FlowFile[533,96103951039130.mockFlowFile,13B] to 'success'
[pool-145-thread-1] INFO org.apache.nifi.processors.standard.ControlRate - ControlRate[id=cdfdff17-80e1-43c9-ac97-e51acf6a863b] transferring FlowFile[534,96103951058900.mockFlowFile,13B] to 'success'
[pool-145-thread-1] INFO org.apache.nifi.processors.standard.ControlRate - ControlRate[id=cdfdff17-80e1-43c9-ac97-e51acf6a863b] transferring FlowFile[535,96103951079747.mockFlowFile,13B] to 'success'
[pool-145-thread-1] INFO org.apache.nifi.processors.standard.ControlRate - ControlRate[id=cdfdff17-80e1-43c9-ac97-e51acf6a863b] transferring FlowFile[536,96103951096782.mockFlowFile,13B] to 'success'
[pool-145-thread-1] INFO org.apache.nifi.processors.standard.ControlRate - ControlRate[id=cdfdff17-80e1-43c9-ac97-e51acf6a863b] transferring FlowFile[537,96103951112261.mockFlowFile,13B] to 'success'
[pool-145-thread-1] INFO org.apache.nifi.processors.standard.ControlRate - ControlRate[id=cdfdff17-80e1-43c9-ac97-e51acf6a863b] transferring FlowFile[538,96103951129122.mockFlowFile,13B] to 'success'
[pool-145-thread-1] INFO org.apache.nifi.processors.standard.ControlRate - ControlRate[id=cdfdff17-80e1-43c9-ac97-e51acf6a863b] transferring FlowFile[539,96103951145509.mockFlowFile,13B] to 'success'
[pool-145-thread-1] INFO org.apache.nifi.processors.standard.ControlRate - ControlRate[id=cdfdff17-80e1-43c9-ac97-e51acf6a863b] transferring FlowFile[540,96103951160647.mockFlowFile,13B] to 'success'
[pool-145-thread-1] INFO org.apache.nifi.processors.standard.ControlRate - ControlRate[id=cdfdff17-80e1-43c9-ac97-e51acf6a863b] transferring FlowFile[541,96103951176854.mockFlowFile,13B] to 'success'
[pool-145-thread-1] INFO org.apache.nifi.processors.standard.ControlRate - ControlRate[id=cdfdff17-80e1-43c9-ac97-e51acf6a863b] transferring FlowFile[542,96103951197285.mockFlowFile,13B] to 'success'
[pool-145-thread-1] INFO org.apache.nifi.processors.standard.ControlRate - ControlRate[id=cdfdff17-80e1-43c9-ac97-e51acf6a863b] transferring FlowFile[543,96103951218521.mockFlowFile,13B] to 'success'
[pool-145-thread-1] INFO org.apache.nifi.processors.standard.ControlRate - ControlRate[id=cdfdff17-80e1-43c9-ac97-e51acf6a863b] transferring FlowFile[544,96103951235500.mockFlowFile,13B] to 'success'
[pool-145-thread-1] INFO org.apache.nifi.processors.standard.ControlRate - ControlRate[id=cdfdff17-80e1-43c9-ac97-e51acf6a863b] transferring FlowFile[545,96103951251289.mockFlowFile,13B] to 'success'
[pool-145-thread-1] INFO org.apache.nifi.processors.standard.ControlRate - ControlRate[id=cdfdff17-80e1-43c9-ac97-e51acf6a863b] transferring FlowFile[546,96103951267730.mockFlowFile,13B] to 'success'
[pool-145-thread-1] INFO org.apache.nifi.processors.standard.ControlRate - ControlRate[id=cdfdff17-80e1-43c9-ac97-e51acf6a863b] transferring FlowFile[547,96103951284250.mockFlowFile,13B] to 'success'
[pool-145-thread-1] INFO org.apache.nifi.processors.standard.ControlRate - ControlRate[id=cdfdff17-80e1-43c9-ac97-e51acf6a863b] transferring FlowFile[548,96103951303530.mockFlowFile,13B] to 'success'
[pool-145-thread-1] INFO org.apache.nifi.processors.standard.ControlRate - ControlRate[id=cdfdff17-80e1-43c9-ac97-e51acf6a863b] transferring FlowFile[549,96103951320542.mockFlowFile,13B] to 'success'
[pool-145-thread-1] INFO org.apache.nifi.processors.standard.ControlRate - ControlRate[id=cdfdff17-80e1-43c9-ac97-e51acf6a863b] transferring FlowFile[550,96103951336180.mockFlowFile,13B] to 'success'
[pool-145-thread-1] INFO org.apache.nifi.processors.standard.ControlRate - ControlRate[id=cdfdff17-80e1-43c9-ac97-e51acf6a863b] transferring FlowFile[551,96103951356472.mockFlowFile,13B] to 'success'
[pool-145-thread-1] INFO org.apache.nifi.processors.standard.ControlRate - ControlRate[id=cdfdff17-80e1-43c9-ac97-e51acf6a863b] transferring FlowFile[552,96103951371602.mockFlowFile,13B] to 'success'
[pool-145-thread-1] INFO org.apache.nifi.processors.standard.ControlRate - ControlRate[id=cdfdff17-80e1-43c9-ac97-e51acf6a863b] transferring FlowFile[553,96103951387387.mockFlowFile,13B] to 'success'
[pool-145-thread-1] INFO org.apache.nifi.processors.standard.ControlRate - ControlRate[id=cdfdff17-80e1-43c9-ac97-e51acf6a863b] transferring FlowFile[554,96103951403087.mockFlowFile,13B] to 'success'
[pool-145-thread-1] INFO org.apache.nifi.processors.standard.ControlRate - ControlRate[id=cdfdff17-80e1-43c9-ac97-e51acf6a863b] transferring FlowFile[555,96103951418223.mockFlowFile,13B] to 'success'
[pool-145-thread-1] INFO org.apache.nifi.processors.standard.ControlRate - ControlRate[id=cdfdff17-80e1-43c9-ac97-e51acf6a863b] transferring FlowFile[556,96103951435070.mockFlowFile,13B] to 'success'
[pool-145-thread-1] INFO org.apache.nifi.processors.standard.ControlRate - ControlRate[id=cdfdff17-80e1-43c9-ac97-e51acf6a863b] transferring FlowFile[557,96103951450436.mockFlowFile,13B] to 'success'
[pool-145-thread-1] INFO org.apache.nifi.processors.standard.ControlRate - ControlRate[id=cdfdff17-80e1-43c9-ac97-e51acf6a863b] transferring FlowFile[558,96103951467003.mockFlowFile,13B] to 'success'
[pool-145-thread-1] INFO org.apache.nifi.processors.standard.ControlRate - ControlRate[id=cdfdff17-80e1-43c9-ac97-e51acf6a863b] transferring FlowFile[559,96103951487433.mockFlowFile,13B] to 'success'
[pool-145-thread-1] INFO org.apache.nifi.processors.standard.ControlRate - ControlRate[id=cdfdff17-80e1-43c9-ac97-e51acf6a863b] transferring FlowFile[560,96103951503543.mockFlowFile,13B] to 'success'
[pool-145-thread-1] INFO org.apache.nifi.processors.standard.ControlRate - ControlRate[id=cdfdff17-80e1-43c9-ac97-e51acf6a863b] transferring FlowFile[561,96103951520954.mockFlowFile,13B] to 'success'
[pool-145-thread-1] INFO org.apache.nifi.processors.standard.ControlRate - ControlRate[id=cdfdff17-80e1-43c9-ac97-e51acf6a863b] transferring FlowFile[562,96103951537022.mockFlowFile,13B] to 'success'
[pool-145-thread-1] INFO org.apache.nifi.processors.standard.ControlRate - ControlRate[id=cdfdff17-80e1-43c9-ac97-e51acf6a863b] transferring FlowFile[563,96103951552979.mockFlowFile,13B] to 'success'
[pool-145-thread-1] INFO org.apache.nifi.processors.standard.ControlRate - ControlRate[id=cdfdff17-80e1-43c9-ac97-e51acf6a863b] transferring FlowFile[564,96103951569528.mockFlowFile,13B] to 'success'
[pool-145-thread-1] INFO org.apache.nifi.processors.standard.ControlRate - ControlRate[id=cdfdff17-80e1-43c9-ac97-e51acf6a863b] transferring FlowFile[565,96103951588103.mockFlowFile,13B] to 'success'
[pool-145-thread-1] INFO org.apache.nifi.processors.standard.ControlRate - ControlRate[id=cdfdff17-80e1-43c9-ac97-e51acf6a863b] transferring FlowFile[566,96103951604697.mockFlowFile,13B] to 'success'
[pool-145-thread-1] INFO org.apache.nifi.processors.standard.ControlRate - ControlRate[id=cdfdff17-80e1-43c9-ac97-e51acf6a863b] transferring FlowFile[567,96103951627583.mockFlowFile,13B] to 'success'
[pool-145-thread-1] INFO org.apache.nifi.processors.standard.ControlRate - ControlRate[id=cdfdff17-80e1-43c9-ac97-e51acf6a863b] transferring FlowFile[568,96103951645737.mockFlowFile,13B] to 'success'
[pool-145-thread-1] INFO org.apache.nifi.processors.standard.ControlRate - ControlRate[id=cdfdff17-80e1-43c9-ac97-e51acf6a863b] transferring FlowFile[569,96103951663559.mockFlowFile,13B] to 'success'
[pool-145-thread-1] INFO org.apache.nifi.processors.standard.ControlRate - ControlRate[id=cdfdff17-80e1-43c9-ac97-e51acf6a863b] transferring FlowFile[570,96103951678760.mockFlowFile,13B] to 'success'
[pool-145-thread-1] INFO org.apache.nifi.processors.standard.ControlRate - ControlRate[id=cdfdff17-80e1-43c9-ac97-e51acf6a863b] transferring FlowFile[571,96103951694851.mockFlowFile,13B] to 'success'
[pool-145-thread-1] INFO org.apache.nifi.processors.standard.ControlRate - ControlRate[id=cdfdff17-80e1-43c9-ac97-e51acf6a863b] transferring FlowFile[572,96103951711437.mockFlowFile,13B] to 'success'
[pool-145-thread-1] INFO org.apache.nifi.processors.standard.ControlRate - ControlRate[id=cdfdff17-80e1-43c9-ac97-e51acf6a863b] transferring FlowFile[573,96103951727914.mockFlowFile,13B] to 'success'
[pool-145-thread-1] INFO org.apache.nifi.processors.standard.ControlRate - ControlRate[id=cdfdff17-80e1-43c9-ac97-e51acf6a863b] transferring FlowFile[574,96103951745181.mockFlowFile,13B] to 'success'
[pool-145-thread-1] INFO org.apache.nifi.processors.standard.ControlRate - ControlRate[id=cdfdff17-80e1-43c9-ac97-e51acf6a863b] transferring FlowFile[575,96103951771883.mockFlowFile,13B] to 'success'
[pool-145-thread-1] INFO org.apache.nifi.processors.standard.ControlRate - ControlRate[id=cdfdff17-80e1-43c9-ac97-e51acf6a863b] transferring FlowFile[576,96103951910108.mockFlowFile,13B] to 'success'
[pool-145-thread-1] INFO org.apache.nifi.processors.standard.ControlRate - ControlRate[id=cdfdff17-80e1-43c9-ac97-e51acf6a863b] transferring FlowFile[577,96103951932032.mockFlowFile,13B] to 'success'
[pool-145-thread-1] INFO org.apache.nifi.processors.standard.ControlRate - ControlRate[id=cdfdff17-80e1-43c9-ac97-e51acf6a863b] transferring FlowFile[578,96103951952961.mockFlowFile,13B] to 'success'
[pool-145-thread-1] INFO org.apache.nifi.processors.standard.ControlRate - ControlRate[id=cdfdff17-80e1-43c9-ac97-e51acf6a863b] transferring FlowFile[579,96103951972749.mockFlowFile,13B] to 'success'
[pool-145-thread-1] INFO org.apache.nifi.processors.standard.ControlRate - ControlRate[id=cdfdff17-80e1-43c9-ac97-e51acf6a863b] transferring FlowFile[580,96103951989288.mockFlowFile,13B] to 'success'
[pool-145-thread-1] INFO org.apache.nifi.processors.standard.ControlRate - ControlRate[id=cdfdff17-80e1-43c9-ac97-e51acf6a863b] transferring FlowFile[581,96103952017579.mockFlowFile,13B] to 'success'
[pool-145-thread-1] INFO org.apache.nifi.processors.standard.ControlRate - ControlRate[id=cdfdff17-80e1-43c9-ac97-e51acf6a863b] transferring FlowFile[582,96103952035021.mockFlowFile,13B] to 'success'
[pool-145-thread-1] INFO org.apache.nifi.processors.standard.ControlRate - ControlRate[id=cdfdff17-80e1-43c9-ac97-e51acf6a863b] transferring FlowFile[583,96103952059205.mockFlowFile,13B] to 'success'
[pool-145-thread-1] INFO org.apache.nifi.processors.standard.ControlRate - ControlRate[id=cdfdff17-80e1-43c9-ac97-e51acf6a863b] transferring FlowFile[584,96103952077671.mockFlowFile,13B] to 'success'
[pool-145-thread-1] INFO org.apache.nifi.processors.standard.ControlRate - ControlRate[id=cdfdff17-80e1-43c9-ac97-e51acf6a863b] transferring FlowFile[585,96103952098440.mockFlowFile,13B] to 'success'
[pool-145-thread-1] INFO org.apache.nifi.processors.standard.ControlRate - ControlRate[id=cdfdff17-80e1-43c9-ac97-e51acf6a863b] transferring FlowFile[586,96103952119801.mockFlowFile,13B] to 'success'
[pool-145-thread-1] INFO org.apache.nifi.processors.standard.ControlRate - ControlRate[id=cdfdff17-80e1-43c9-ac97-e51acf6a863b] transferring FlowFile[587,96103952143895.mockFlowFile,13B] to 'success'
[pool-145-thread-1] INFO org.apache.nifi.processors.standard.ControlRate - ControlRate[id=cdfdff17-80e1-43c9-ac97-e51acf6a863b] transferring FlowFile[588,96103952165301.mockFlowFile,13B] to 'success'
[pool-145-thread-1] INFO org.apache.nifi.processors.standard.ControlRate - ControlRate[id=cdfdff17-80e1-43c9-ac97-e51acf6a863b] transferring FlowFile[589,96103952181490.mockFlowFile,13B] to 'success'
[pool-145-thread-1] INFO org.apache.nifi.processors.standard.ControlRate - ControlRate[id=cdfdff17-80e1-43c9-ac97-e51acf6a863b] transferring FlowFile[590,96103952196641.mockFlowFile,13B] to 'success'
[pool-145-thread-1] INFO org.apache.nifi.processors.standard.ControlRate - ControlRate[id=cdfdff17-80e1-43c9-ac97-e51acf6a863b] transferring FlowFile[591,96103952219043.mockFlowFile,13B] to 'success'
[pool-145-thread-1] INFO org.apache.nifi.processors.standard.ControlRate - ControlRate[id=cdfdff17-80e1-43c9-ac97-e51acf6a863b] transferring FlowFile[592,96103952234842.mockFlowFile,13B] to 'success'
[pool-145-thread-1] INFO org.apache.nifi.processors.standard.ControlRate - ControlRate[id=cdfdff17-80e1-43c9-ac97-e51acf6a863b] transferring FlowFile[593,96103952250440.mockFlowFile,13B] to 'success'
[pool-145-thread-1] INFO org.apache.nifi.processors.standard.ControlRate - ControlRate[id=cdfdff17-80e1-43c9-ac97-e51acf6a863b] transferring FlowFile[594,96103952266246.mockFlowFile,13B] to 'success'
[pool-145-thread-1] INFO org.apache.nifi.processors.standard.ControlRate - ControlRate[id=cdfdff17-80e1-43c9-ac97-e51acf6a863b] transferring FlowFile[595,96103952281252.mockFlowFile,13B] to 'success'
[pool-145-thread-1] INFO org.apache.nifi.processors.standard.ControlRate - ControlRate[id=cdfdff17-80e1-43c9-ac97-e51acf6a863b] transferring FlowFile[596,96103952304980.mockFlowFile,13B] to 'success'
[pool-145-thread-1] INFO org.apache.nifi.processors.standard.ControlRate - ControlRate[id=cdfdff17-80e1-43c9-ac97-e51acf6a863b] transferring FlowFile[597,96103952320724.mockFlowFile,13B] to 'success'
[pool-145-thread-1] INFO org.apache.nifi.processors.standard.ControlRate - ControlRate[id=cdfdff17-80e1-43c9-ac97-e51acf6a863b] transferring FlowFile[598,96103952336320.mockFlowFile,13B] to 'success'
[pool-145-thread-1] INFO org.apache.nifi.processors.standard.ControlRate - ControlRate[id=cdfdff17-80e1-43c9-ac97-e51acf6a863b] transferring FlowFile[599,96103952389850.mockFlowFile,13B] to 'success'
[pool-145-thread-1] INFO org.apache.nifi.processors.standard.ControlRate - ControlRate[id=cdfdff17-80e1-43c9-ac97-e51acf6a863b] transferring FlowFile[600,96103952405890.mockFlowFile,13B] to 'success'
[pool-145-thread-1] INFO org.apache.nifi.processors.standard.ControlRate - ControlRate[id=cdfdff17-80e1-43c9-ac97-e51acf6a863b] transferring FlowFile[601,96103952422892.mockFlowFile,13B] to 'success'
[pool-145-thread-1] INFO org.apache.nifi.processors.standard.ControlRate - ControlRate[id=cdfdff17-80e1-43c9-ac97-e51acf6a863b] transferring FlowFile[602,96103952438955.mockFlowFile,13B] to 'success'
[pool-145-thread-1] INFO org.apache.nifi.processors.standard.ControlRate - ControlRate[id=cdfdff17-80e1-43c9-ac97-e51acf6a863b] transferring FlowFile[603,96103952456091.mockFlowFile,13B] to 'success'
[pool-145-thread-1] INFO org.apache.nifi.processors.standard.ControlRate - ControlRate[id=cdfdff17-80e1-43c9-ac97-e51acf6a863b] transferring FlowFile[604,96103952471933.mockFlowFile,13B] to 'success'
[pool-145-thread-1] INFO org.apache.nifi.processors.standard.ControlRate - ControlRate[id=cdfdff17-80e1-43c9-ac97-e51acf6a863b] transferring FlowFile[605,96103952487083.mockFlowFile,13B] to 'success'
[pool-145-thread-1] INFO org.apache.nifi.processors.standard.ControlRate - ControlRate[id=cdfdff17-80e1-43c9-ac97-e51acf6a863b] transferring FlowFile[606,96103952508237.mockFlowFile,13B] to 'success'
[pool-145-thread-1] INFO org.apache.nifi.processors.standard.ControlRate - ControlRate[id=cdfdff17-80e1-43c9-ac97-e51acf6a863b] transferring FlowFile[607,96103952534001.mockFlowFile,13B] to 'success'
[pool-145-thread-1] INFO org.apache.nifi.processors.standard.ControlRate - ControlRate[id=cdfdff17-80e1-43c9-ac97-e51acf6a863b] transferring FlowFile[608,96103952552510.mockFlowFile,13B] to 'success'
[pool-145-thread-1] INFO org.apache.nifi.processors.standard.ControlRate - ControlRate[id=cdfdff17-80e1-43c9-ac97-e51acf6a863b] transferring FlowFile[609,96103952568527.mockFlowFile,13B] to 'success'
[pool-145-thread-1] INFO org.apache.nifi.processors.standard.ControlRate - ControlRate[id=cdfdff17-80e1-43c9-ac97-e51acf6a863b] transferring FlowFile[610,96103952584617.mockFlowFile,13B] to 'success'
[pool-145-thread-1] INFO org.apache.nifi.processors.standard.ControlRate - ControlRate[id=cdfdff17-80e1-43c9-ac97-e51acf6a863b] transferring FlowFile[611,96103952600616.mockFlowFile,13B] to 'success'
[pool-145-thread-1] INFO org.apache.nifi.processors.standard.ControlRate - ControlRate[id=cdfdff17-80e1-43c9-ac97-e51acf6a863b] transferring FlowFile[612,96103952622842.mockFlowFile,13B] to 'success'
[pool-145-thread-1] INFO org.apache.nifi.processors.standard.ControlRate - ControlRate[id=cdfdff17-80e1-43c9-ac97-e51acf6a863b] transferring FlowFile[613,96103952660953.mockFlowFile,13B] to 'success'
[pool-145-thread-1] INFO org.apache.nifi.processors.standard.ControlRate - ControlRate[id=cdfdff17-80e1-43c9-ac97-e51acf6a863b] transferring FlowFile[614,96103952677306.mockFlowFile,13B] to 'success'
[pool-145-thread-1] INFO org.apache.nifi.processors.standard.ControlRate - ControlRate[id=cdfdff17-80e1-43c9-ac97-e51acf6a863b] transferring FlowFile[615,96103952710602.mockFlowFile,13B] to 'success'
[pool-145-thread-1] INFO org.apache.nifi.processors.standard.ControlRate - ControlRate[id=cdfdff17-80e1-43c9-ac97-e51acf6a863b] transferring FlowFile[616,96103952727934.mockFlowFile,13B] to 'success'
[pool-145-thread-1] INFO org.apache.nifi.processors.standard.ControlRate - ControlRate[id=cdfdff17-80e1-43c9-ac97-e51acf6a863b] transferring FlowFile[617,96103952742908.mockFlowFile,13B] to 'success'
[pool-145-thread-1] INFO org.apache.nifi.processors.standard.ControlRate - ControlRate[id=cdfdff17-80e1-43c9-ac97-e51acf6a863b] transferring FlowFile[618,96103952759118.mockFlowFile,13B] to 'success'
[pool-145-thread-1] INFO org.apache.nifi.processors.standard.ControlRate - ControlRate[id=cdfdff17-80e1-43c9-ac97-e51acf6a863b] transferring FlowFile[619,96103952775119.mockFlowFile,13B] to 'success'
[pool-145-thread-1] INFO org.apache.nifi.processors.standard.ControlRate - ControlRate[id=cdfdff17-80e1-43c9-ac97-e51acf6a863b] transferring FlowFile[620,96103952790208.mockFlowFile,13B] to 'success'
[pool-145-thread-1] INFO org.apache.nifi.processors.standard.ControlRate - ControlRate[id=cdfdff17-80e1-43c9-ac97-e51acf6a863b] transferring FlowFile[621,96103952806106.mockFlowFile,13B] to 'success'
[pool-145-thread-1] INFO org.apache.nifi.processors.standard.ControlRate - ControlRate[id=cdfdff17-80e1-43c9-ac97-e51acf6a863b] transferring FlowFile[622,96103952821421.mockFlowFile,13B] to 'success'
[pool-145-thread-1] INFO org.apache.nifi.processors.standard.ControlRate - ControlRate[id=cdfdff17-80e1-43c9-ac97-e51acf6a863b] transferring FlowFile[623,96103952843292.mockFlowFile,13B] to 'success'
[pool-145-thread-1] INFO org.apache.nifi.processors.standard.ControlRate - ControlRate[id=cdfdff17-80e1-43c9-ac97-e51acf6a863b] transferring FlowFile[624,96103952860353.mockFlowFile,13B] to 'success'
[pool-145-thread-1] INFO org.apache.nifi.processors.standard.ControlRate - ControlRate[id=cdfdff17-80e1-43c9-ac97-e51acf6a863b] transferring FlowFile[625,96103952875882.mockFlowFile,13B] to 'success'
[pool-145-thread-1] INFO org.apache.nifi.processors.standard.ControlRate - ControlRate[id=cdfdff17-80e1-43c9-ac97-e51acf6a863b] transferring FlowFile[626,96103952892382.mockFlowFile,13B] to 'success'
[pool-145-thread-1] INFO org.apache.nifi.processors.standard.ControlRate - ControlRate[id=cdfdff17-80e1-43c9-ac97-e51acf6a863b] transferring FlowFile[627,96103952907932.mockFlowFile,13B] to 'success'
[pool-145-thread-1] INFO org.apache.nifi.processors.standard.ControlRate - ControlRate[id=cdfdff17-80e1-43c9-ac97-e51acf6a863b] transferring FlowFile[628,96103952924715.mockFlowFile,13B] to 'success'
[pool-145-thread-1] INFO org.apache.nifi.processors.standard.ControlRate - ControlRate[id=cdfdff17-80e1-43c9-ac97-e51acf6a863b] transferring FlowFile[629,96103952941561.mockFlowFile,13B] to 'success'
[pool-145-thread-1] INFO org.apache.nifi.processors.standard.ControlRate - ControlRate[id=cdfdff17-80e1-43c9-ac97-e51acf6a863b] transferring FlowFile[630,96103952957408.mockFlowFile,13B] to 'success'
[pool-145-thread-1] INFO org.apache.nifi.processors.standard.ControlRate - ControlRate[id=cdfdff17-80e1-43c9-ac97-e51acf6a863b] transferring FlowFile[631,96103952979105.mockFlowFile,13B] to 'success'
[pool-145-thread-1] INFO org.apache.nifi.processors.standard.ControlRate - ControlRate[id=cdfdff17-80e1-43c9-ac97-e51acf6a863b] transferring FlowFile[632,96103952997215.mockFlowFile,13B] to 'success'
[pool-145-thread-1] INFO org.apache.nifi.processors.standard.ControlRate - ControlRate[id=cdfdff17-80e1-43c9-ac97-e51acf6a863b] transferring FlowFile[633,96103953014453.mockFlowFile,13B] to 'success'
[pool-145-thread-1] INFO org.apache.nifi.processors.standard.ControlRate - ControlRate[id=cdfdff17-80e1-43c9-ac97-e51acf6a863b] transferring FlowFile[634,96103953031422.mockFlowFile,13B] to 'success'
[pool-145-thread-1] INFO org.apache.nifi.processors.standard.ControlRate - ControlRate[id=cdfdff17-80e1-43c9-ac97-e51acf6a863b] transferring FlowFile[635,96103953047418.mockFlowFile,13B] to 'success'
[pool-145-thread-1] INFO org.apache.nifi.processors.standard.ControlRate - ControlRate[id=cdfdff17-80e1-43c9-ac97-e51acf6a863b] transferring FlowFile[636,96103953065431.mockFlowFile,13B] to 'success'
[pool-145-thread-1] INFO org.apache.nifi.processors.standard.ControlRate - ControlRate[id=cdfdff17-80e1-43c9-ac97-e51acf6a863b] transferring FlowFile[637,96103953081224.mockFlowFile,13B] to 'success'
[pool-145-thread-1] INFO org.apache.nifi.processors.standard.ControlRate - ControlRate[id=cdfdff17-80e1-43c9-ac97-e51acf6a863b] transferring FlowFile[638,96103953097079.mockFlowFile,13B] to 'success'
[pool-145-thread-1] INFO org.apache.nifi.processors.standard.ControlRate - ControlRate[id=cdfdff17-80e1-43c9-ac97-e51acf6a863b] transferring FlowFile[639,96103953117759.mockFlowFile,13B] to 'success'
[pool-145-thread-1] INFO org.apache.nifi.processors.standard.ControlRate - ControlRate[id=cdfdff17-80e1-43c9-ac97-e51acf6a863b] transferring FlowFile[640,96103953133633.mockFlowFile,13B] to 'success'
[pool-145-thread-1] INFO org.apache.nifi.processors.standard.ControlRate - ControlRate[id=cdfdff17-80e1-43c9-ac97-e51acf6a863b] transferring FlowFile[641,96103953150309.mockFlowFile,13B] to 'success'
[pool-145-thread-1] INFO org.apache.nifi.processors.standard.ControlRate - ControlRate[id=cdfdff17-80e1-43c9-ac97-e51acf6a863b] transferring FlowFile[642,96103953165782.mockFlowFile,13B] to 'success'
[pool-145-thread-1] INFO org.apache.nifi.processors.standard.ControlRate - ControlRate[id=cdfdff17-80e1-43c9-ac97-e51acf6a863b] transferring FlowFile[643,96103953182679.mockFlowFile,13B] to 'success'
[pool-145-thread-1] INFO org.apache.nifi.processors.standard.ControlRate - ControlRate[id=cdfdff17-80e1-43c9-ac97-e51acf6a863b] transferring FlowFile[644,96103953199453.mockFlowFile,13B] to 'success'
[pool-145-thread-1] INFO org.apache.nifi.processors.standard.ControlRate - ControlRate[id=cdfdff17-80e1-43c9-ac97-e51acf6a863b] transferring FlowFile[645,96103953217838.mockFlowFile,13B] to 'success'
[pool-145-thread-1] INFO org.apache.nifi.processors.standard.ControlRate - ControlRate[id=cdfdff17-80e1-43c9-ac97-e51acf6a863b] transferring FlowFile[646,96103953256776.mockFlowFile,13B] to 'success'
[pool-145-thread-1] INFO org.apache.nifi.processors.standard.ControlRate - ControlRate[id=cdfdff17-80e1-43c9-ac97-e51acf6a863b] transferring FlowFile[647,96103953277222.mockFlowFile,13B] to 'success'
[pool-145-thread-1] INFO org.apache.nifi.processors.standard.ControlRate - ControlRate[id=cdfdff17-80e1-43c9-ac97-e51acf6a863b] transferring FlowFile[648,96103953293777.mockFlowFile,13B] to 'success'
[pool-145-thread-1] INFO org.apache.nifi.processors.standard.ControlRate - ControlRate[id=cdfdff17-80e1-43c9-ac97-e51acf6a863b] transferring FlowFile[649,96103953311575.mockFlowFile,13B] to 'success'
[pool-145-thread-1] INFO org.apache.nifi.processors.standard.ControlRate - ControlRate[id=cdfdff17-80e1-43c9-ac97-e51acf6a863b] transferring FlowFile[650,96103953326919.mockFlowFile,13B] to 'success'
[pool-145-thread-1] INFO org.apache.nifi.processors.standard.ControlRate - ControlRate[id=cdfdff17-80e1-43c9-ac97-e51acf6a863b] transferring FlowFile[651,96103953345225.mockFlowFile,13B] to 'success'
[pool-145-thread-1] INFO org.apache.nifi.processors.standard.ControlRate - ControlRate[id=cdfdff17-80e1-43c9-ac97-e51acf6a863b] transferring FlowFile[652,96103953360254.mockFlowFile,13B] to 'success'
[pool-145-thread-1] INFO org.apache.nifi.processors.standard.ControlRate - ControlRate[id=cdfdff17-80e1-43c9-ac97-e51acf6a863b] transferring FlowFile[653,96103953376124.mockFlowFile,13B] to 'success'
[pool-145-thread-1] INFO org.apache.nifi.processors.standard.ControlRate - ControlRate[id=cdfdff17-80e1-43c9-ac97-e51acf6a863b] transferring FlowFile[654,96103953392540.mockFlowFile,13B] to 'success'
[pool-145-thread-1] INFO org.apache.nifi.processors.standard.ControlRate - ControlRate[id=cdfdff17-80e1-43c9-ac97-e51acf6a863b] transferring FlowFile[655,96103953412629.mockFlowFile,13B] to 'success'
[pool-145-thread-1] INFO org.apache.nifi.processors.standard.ControlRate - ControlRate[id=cdfdff17-80e1-43c9-ac97-e51acf6a863b] transferring FlowFile[656,96103953429569.mockFlowFile,13B] to 'success'
[pool-145-thread-1] INFO org.apache.nifi.processors.standard.ControlRate - ControlRate[id=cdfdff17-80e1-43c9-ac97-e51acf6a863b] transferring FlowFile[657,96103953444864.mockFlowFile,13B] to 'success'
[pool-145-thread-1] INFO org.apache.nifi.processors.standard.ControlRate - ControlRate[id=cdfdff17-80e1-43c9-ac97-e51acf6a863b] transferring FlowFile[658,96103953461025.mockFlowFile,13B] to 'success'
[pool-145-thread-1] INFO org.apache.nifi.processors.standard.ControlRate - ControlRate[id=cdfdff17-80e1-43c9-ac97-e51acf6a863b] transferring FlowFile[659,96103953477108.mockFlowFile,13B] to 'success'
[pool-145-thread-1] INFO org.apache.nifi.processors.standard.ControlRate - ControlRate[id=cdfdff17-80e1-43c9-ac97-e51acf6a863b] transferring FlowFile[660,96103953491724.mockFlowFile,13B] to 'success'
[pool-145-thread-1] INFO org.apache.nifi.processors.standard.ControlRate - ControlRate[id=cdfdff17-80e1-43c9-ac97-e51acf6a863b] transferring FlowFile[661,96103953506726.mockFlowFile,13B] to 'success'
[pool-145-thread-1] INFO org.apache.nifi.processors.standard.ControlRate - ControlRate[id=cdfdff17-80e1-43c9-ac97-e51acf6a863b] transferring FlowFile[662,96103953549591.mockFlowFile,13B] to 'success'
[pool-145-thread-1] INFO org.apache.nifi.processors.standard.ControlRate - ControlRate[id=cdfdff17-80e1-43c9-ac97-e51acf6a863b] transferring FlowFile[663,96103953570258.mockFlowFile,13B] to 'success'
[pool-145-thread-1] INFO org.apache.nifi.processors.standard.ControlRate - ControlRate[id=cdfdff17-80e1-43c9-ac97-e51acf6a863b] transferring FlowFile[664,96103953599251.mockFlowFile,13B] to 'success'
[pool-145-thread-1] INFO org.apache.nifi.processors.standard.ControlRate - ControlRate[id=cdfdff17-80e1-43c9-ac97-e51acf6a863b] transferring FlowFile[665,96103953613595.mockFlowFile,13B] to 'success'
[pool-145-thread-1] INFO org.apache.nifi.processors.standard.ControlRate - ControlRate[id=cdfdff17-80e1-43c9-ac97-e51acf6a863b] transferring FlowFile[666,96103953628745.mockFlowFile,13B] to 'success'
[pool-145-thread-1] INFO org.apache.nifi.processors.standard.ControlRate - ControlRate[id=cdfdff17-80e1-43c9-ac97-e51acf6a863b] transferring FlowFile[667,96103953643103.mockFlowFile,13B] to 'success'
[pool-145-thread-1] INFO org.apache.nifi.processors.standard.ControlRate - ControlRate[id=cdfdff17-80e1-43c9-ac97-e51acf6a863b] transferring FlowFile[668,96103953658174.mockFlowFile,13B] to 'success'
[pool-145-thread-1] INFO org.apache.nifi.processors.standard.ControlRate - ControlRate[id=cdfdff17-80e1-43c9-ac97-e51acf6a863b] transferring FlowFile[669,96103953673467.mockFlowFile,13B] to 'success'
[pool-145-thread-1] INFO org.apache.nifi.processors.standard.ControlRate - ControlRate[id=cdfdff17-80e1-43c9-ac97-e51acf6a863b] transferring FlowFile[670,96103953687766.mockFlowFile,13B] to 'success'
[pool-145-thread-1] INFO org.apache.nifi.processors.standard.ControlRate - ControlRate[id=cdfdff17-80e1-43c9-ac97-e51acf6a863b] transferring FlowFile[671,96103953706942.mockFlowFile,13B] to 'success'
[pool-145-thread-1] INFO org.apache.nifi.processors.standard.ControlRate - ControlRate[id=cdfdff17-80e1-43c9-ac97-e51acf6a863b] transferring FlowFile[672,96103953721821.mockFlowFile,13B] to 'success'
[pool-145-thread-1] INFO org.apache.nifi.processors.standard.ControlRate - ControlRate[id=cdfdff17-80e1-43c9-ac97-e51acf6a863b] transferring FlowFile[673,96103953737145.mockFlowFile,13B] to 'success'
[pool-145-thread-1] INFO org.apache.nifi.processors.standard.ControlRate - ControlRate[id=cdfdff17-80e1-43c9-ac97-e51acf6a863b] transferring FlowFile[674,96103953751772.mockFlowFile,13B] to 'success'
[pool-145-thread-1] INFO org.apache.nifi.processors.standard.ControlRate - ControlRate[id=cdfdff17-80e1-43c9-ac97-e51acf6a863b] transferring FlowFile[675,96103953766309.mockFlowFile,13B] to 'success'
[pool-145-thread-1] INFO org.apache.nifi.processors.standard.ControlRate - ControlRate[id=cdfdff17-80e1-43c9-ac97-e51acf6a863b] transferring FlowFile[676,96103953788118.mockFlowFile,13B] to 'success'
[pool-145-thread-1] INFO org.apache.nifi.processors.standard.ControlRate - ControlRate[id=cdfdff17-80e1-43c9-ac97-e51acf6a863b] transferring FlowFile[677,96103953822882.mockFlowFile,13B] to 'success'
[pool-145-thread-1] INFO org.apache.nifi.processors.standard.ControlRate - ControlRate[id=cdfdff17-80e1-43c9-ac97-e51acf6a863b] transferring FlowFile[678,96103953838373.mockFlowFile,13B] to 'success'
[pool-145-thread-1] INFO org.apache.nifi.processors.standard.ControlRate - ControlRate[id=cdfdff17-80e1-43c9-ac97-e51acf6a863b] transferring FlowFile[679,96103953857440.mockFlowFile,13B] to 'success'
[pool-145-thread-1] INFO org.apache.nifi.processors.standard.ControlRate - ControlRate[id=cdfdff17-80e1-43c9-ac97-e51acf6a863b] transferring FlowFile[680,96103953872270.mockFlowFile,13B] to 'success'
[pool-145-thread-1] INFO org.apache.nifi.processors.standard.ControlRate - ControlRate[id=cdfdff17-80e1-43c9-ac97-e51acf6a863b] transferring FlowFile[681,96103953887435.mockFlowFile,13B] to 'success'
[pool-145-thread-1] INFO org.apache.nifi.processors.standard.ControlRate - ControlRate[id=cdfdff17-80e1-43c9-ac97-e51acf6a863b] transferring FlowFile[682,96103953901402.mockFlowFile,13B] to 'success'
[pool-145-thread-1] INFO org.apache.nifi.processors.standard.ControlRate - ControlRate[id=cdfdff17-80e1-43c9-ac97-e51acf6a863b] transferring FlowFile[683,96103953916451.mockFlowFile,13B] to 'success'
[pool-145-thread-1] INFO org.apache.nifi.processors.standard.ControlRate - ControlRate[id=cdfdff17-80e1-43c9-ac97-e51acf6a863b] transferring FlowFile[684,96103953931273.mockFlowFile,13B] to 'success'
[pool-145-thread-1] INFO org.apache.nifi.processors.standard.ControlRate - ControlRate[id=cdfdff17-80e1-43c9-ac97-e51acf6a863b] transferring FlowFile[685,96103953946610.mockFlowFile,13B] to 'success'
[pool-145-thread-1] INFO org.apache.nifi.processors.standard.ControlRate - ControlRate[id=cdfdff17-80e1-43c9-ac97-e51acf6a863b] transferring FlowFile[686,96103953961707.mockFlowFile,13B] to 'success'
[pool-145-thread-1] INFO org.apache.nifi.processors.standard.ControlRate - ControlRate[id=cdfdff17-80e1-43c9-ac97-e51acf6a863b] transferring FlowFile[687,96103953980074.mockFlowFile,13B] to 'success'
[pool-145-thread-1] INFO org.apache.nifi.processors.standard.ControlRate - ControlRate[id=cdfdff17-80e1-43c9-ac97-e51acf6a863b] transferring FlowFile[688,96103953996055.mockFlowFile,13B] to 'success'
[pool-145-thread-1] INFO org.apache.nifi.processors.standard.ControlRate - ControlRate[id=cdfdff17-80e1-43c9-ac97-e51acf6a863b] transferring FlowFile[689,96103954014873.mockFlowFile,13B] to 'success'
[pool-145-thread-1] INFO org.apache.nifi.processors.standard.ControlRate - ControlRate[id=cdfdff17-80e1-43c9-ac97-e51acf6a863b] transferring FlowFile[690,96103954030601.mockFlowFile,13B] to 'success'
[pool-145-thread-1] INFO org.apache.nifi.processors.standard.ControlRate - ControlRate[id=cdfdff17-80e1-43c9-ac97-e51acf6a863b] transferring FlowFile[691,96103954046208.mockFlowFile,13B] to 'success'
[pool-145-thread-1] INFO org.apache.nifi.processors.standard.ControlRate - ControlRate[id=cdfdff17-80e1-43c9-ac97-e51acf6a863b] transferring FlowFile[692,96103954073321.mockFlowFile,13B] to 'success'
[pool-145-thread-1] INFO org.apache.nifi.processors.standard.ControlRate - ControlRate[id=cdfdff17-80e1-43c9-ac97-e51acf6a863b] transferring FlowFile[693,96103954088551.mockFlowFile,13B] to 'success'
[pool-145-thread-1] INFO org.apache.nifi.processors.standard.ControlRate - ControlRate[id=cdfdff17-80e1-43c9-ac97-e51acf6a863b] transferring FlowFile[694,96103954103806.mockFlowFile,13B] to 'success'
[pool-145-thread-1] INFO org.apache.nifi.processors.standard.ControlRate - ControlRate[id=cdfdff17-80e1-43c9-ac97-e51acf6a863b] transferring FlowFile[695,96103954122240.mockFlowFile,13B] to 'success'
[pool-145-thread-1] INFO org.apache.nifi.processors.standard.ControlRate - ControlRate[id=cdfdff17-80e1-43c9-ac97-e51acf6a863b] transferring FlowFile[696,96103954137639.mockFlowFile,13B] to 'success'
[pool-145-thread-1] INFO org.apache.nifi.processors.standard.ControlRate - ControlRate[id=cdfdff17-80e1-43c9-ac97-e51acf6a863b] transferring FlowFile[697,96103954151798.mockFlowFile,13B] to 'success'
[pool-145-thread-1] INFO org.apache.nifi.processors.standard.ControlRate - ControlRate[id=cdfdff17-80e1-43c9-ac97-e51acf6a863b] transferring FlowFile[698,96103954166744.mockFlowFile,13B] to 'success'
[pool-145-thread-1] INFO org.apache.nifi.processors.standard.ControlRate - ControlRate[id=cdfdff17-80e1-43c9-ac97-e51acf6a863b] transferring FlowFile[699,96103954181702.mockFlowFile,13B] to 'success'
[pool-145-thread-1] INFO org.apache.nifi.processors.standard.ControlRate - ControlRate[id=cdfdff17-80e1-43c9-ac97-e51acf6a863b] transferring FlowFile[700,96103954195888.mockFlowFile,13B] to 'success'
[pool-145-thread-1] INFO org.apache.nifi.processors.standard.ControlRate - ControlRate[id=cdfdff17-80e1-43c9-ac97-e51acf6a863b] transferring FlowFile[701,96103954211208.mockFlowFile,13B] to 'success'
[pool-145-thread-1] INFO org.apache.nifi.processors.standard.ControlRate - ControlRate[id=cdfdff17-80e1-43c9-ac97-e51acf6a863b] transferring FlowFile[702,96103954225465.mockFlowFile,13B] to 'success'
[pool-145-thread-1] INFO org.apache.nifi.processors.standard.ControlRate - ControlRate[id=cdfdff17-80e1-43c9-ac97-e51acf6a863b] transferring FlowFile[703,96103954245412.mockFlowFile,13B] to 'success'
[pool-145-thread-1] INFO org.apache.nifi.processors.standard.ControlRate - ControlRate[id=cdfdff17-80e1-43c9-ac97-e51acf6a863b] transferring FlowFile[704,96103954261818.mockFlowFile,13B] to 'success'
[pool-145-thread-1] INFO org.apache.nifi.processors.standard.ControlRate - ControlRate[id=cdfdff17-80e1-43c9-ac97-e51acf6a863b] transferring FlowFile[705,96103954289400.mockFlowFile,13B] to 'success'
[pool-145-thread-1] INFO org.apache.nifi.processors.standard.ControlRate - ControlRate[id=cdfdff17-80e1-43c9-ac97-e51acf6a863b] transferring FlowFile[706,96103954327057.mockFlowFile,13B] to 'success'
[pool-145-thread-1] INFO org.apache.nifi.processors.standard.ControlRate - ControlRate[id=cdfdff17-80e1-43c9-ac97-e51acf6a863b] transferring FlowFile[707,96103954344126.mockFlowFile,13B] to 'success'
[pool-145-thread-1] INFO org.apache.nifi.processors.standard.ControlRate - ControlRate[id=cdfdff17-80e1-43c9-ac97-e51acf6a863b] transferring FlowFile[708,96103954373117.mockFlowFile,13B] to 'success'
[pool-145-thread-1] INFO org.apache.nifi.processors.standard.ControlRate - ControlRate[id=cdfdff17-80e1-43c9-ac97-e51acf6a863b] transferring FlowFile[709,96103954388548.mockFlowFile,13B] to 'success'
[pool-145-thread-1] INFO org.apache.nifi.processors.standard.ControlRate - ControlRate[id=cdfdff17-80e1-43c9-ac97-e51acf6a863b] transferring FlowFile[710,96103954402467.mockFlowFile,13B] to 'success'
[pool-145-thread-1] INFO org.apache.nifi.processors.standard.ControlRate - ControlRate[id=cdfdff17-80e1-43c9-ac97-e51acf6a863b] transferring FlowFile[711,96103954451252.mockFlowFile,13B] to 'success'
[pool-145-thread-1] INFO org.apache.nifi.processors.standard.ControlRate - ControlRate[id=cdfdff17-80e1-43c9-ac97-e51acf6a863b] transferring FlowFile[712,96103954470910.mockFlowFile,13B] to 'success'
[pool-145-thread-1] INFO org.apache.nifi.processors.standard.ControlRate - ControlRate[id=cdfdff17-80e1-43c9-ac97-e51acf6a863b] transferring FlowFile[713,96103954487599.mockFlowFile,13B] to 'success'
[pool-145-thread-1] INFO org.apache.nifi.processors.standard.ControlRate - ControlRate[id=cdfdff17-80e1-43c9-ac97-e51acf6a863b] transferring FlowFile[714,96103954503955.mockFlowFile,13B] to 'success'
[pool-145-thread-1] INFO org.apache.nifi.processors.standard.ControlRate - ControlRate[id=cdfdff17-80e1-43c9-ac97-e51acf6a863b] transferring FlowFile[715,96103954538115.mockFlowFile,13B] to 'success'
[pool-145-thread-1] INFO org.apache.nifi.processors.standard.ControlRate - ControlRate[id=cdfdff17-80e1-43c9-ac97-e51acf6a863b] transferring FlowFile[716,96103954553416.mockFlowFile,13B] to 'success'
[pool-145-thread-1] INFO org.apache.nifi.processors.standard.ControlRate - ControlRate[id=cdfdff17-80e1-43c9-ac97-e51acf6a863b] transferring FlowFile[717,96103954565572.mockFlowFile,13B] to 'success'
[pool-145-thread-1] INFO org.apache.nifi.processors.standard.ControlRate - ControlRate[id=cdfdff17-80e1-43c9-ac97-e51acf6a863b] transferring FlowFile[718,96103954584089.mockFlowFile,13B] to 'success'
[pool-145-thread-1] INFO org.apache.nifi.processors.standard.ControlRate - ControlRate[id=cdfdff17-80e1-43c9-ac97-e51acf6a863b] transferring FlowFile[719,96103954625517.mockFlowFile,13B] to 'success'
[pool-145-thread-1] INFO org.apache.nifi.processors.standard.ControlRate - ControlRate[id=cdfdff17-80e1-43c9-ac97-e51acf6a863b] transferring FlowFile[720,96103954719209.mockFlowFile,13B] to 'success'
[pool-145-thread-1] INFO org.apache.nifi.processors.standard.ControlRate - ControlRate[id=cdfdff17-80e1-43c9-ac97-e51acf6a863b] transferring FlowFile[721,96103954776856.mockFlowFile,13B] to 'success'
[pool-145-thread-1] INFO org.apache.nifi.processors.standard.ControlRate - ControlRate[id=cdfdff17-80e1-43c9-ac97-e51acf6a863b] transferring FlowFile[722,96103954795323.mockFlowFile,13B] to 'success'
[pool-145-thread-1] INFO org.apache.nifi.processors.standard.ControlRate - ControlRate[id=cdfdff17-80e1-43c9-ac97-e51acf6a863b] transferring FlowFile[723,96103954811915.mockFlowFile,13B] to 'success'
[pool-145-thread-1] INFO org.apache.nifi.processors.standard.ControlRate - ControlRate[id=cdfdff17-80e1-43c9-ac97-e51acf6a863b] transferring FlowFile[724,96103954828495.mockFlowFile,13B] to 'success'
[pool-145-thread-1] INFO org.apache.nifi.processors.standard.ControlRate - ControlRate[id=cdfdff17-80e1-43c9-ac97-e51acf6a863b] transferring FlowFile[725,96103954845094.mockFlowFile,13B] to 'success'
[pool-145-thread-1] INFO org.apache.nifi.processors.standard.ControlRate - ControlRate[id=cdfdff17-80e1-43c9-ac97-e51acf6a863b] transferring FlowFile[726,96103954862091.mockFlowFile,13B] to 'success'
[pool-145-thread-1] INFO org.apache.nifi.processors.standard.ControlRate - ControlRate[id=cdfdff17-80e1-43c9-ac97-e51acf6a863b] transferring FlowFile[727,96103954883865.mockFlowFile,13B] to 'success'
[pool-145-thread-1] INFO org.apache.nifi.processors.standard.ControlRate - ControlRate[id=cdfdff17-80e1-43c9-ac97-e51acf6a863b] transferring FlowFile[728,96103954901231.mockFlowFile,13B] to 'success'
[pool-145-thread-1] INFO org.apache.nifi.processors.standard.ControlRate - ControlRate[id=cdfdff17-80e1-43c9-ac97-e51acf6a863b] transferring FlowFile[729,96103954918388.mockFlowFile,13B] to 'success'
[pool-145-thread-1] INFO org.apache.nifi.processors.standard.ControlRate - ControlRate[id=cdfdff17-80e1-43c9-ac97-e51acf6a863b] transferring FlowFile[730,96103954934938.mockFlowFile,13B] to 'success'
[pool-145-thread-1] INFO org.apache.nifi.processors.standard.ControlRate - ControlRate[id=cdfdff17-80e1-43c9-ac97-e51acf6a863b] transferring FlowFile[731,96103954950728.mockFlowFile,13B] to 'success'
[pool-145-thread-1] INFO org.apache.nifi.processors.standard.ControlRate - ControlRate[id=cdfdff17-80e1-43c9-ac97-e51acf6a863b] transferring FlowFile[732,96103954965115.mockFlowFile,13B] to 'success'
[pool-145-thread-1] INFO org.apache.nifi.processors.standard.ControlRate - ControlRate[id=cdfdff17-80e1-43c9-ac97-e51acf6a863b] transferring FlowFile[733,96103954980635.mockFlowFile,13B] to 'success'
[pool-145-thread-1] INFO org.apache.nifi.processors.standard.ControlRate - ControlRate[id=cdfdff17-80e1-43c9-ac97-e51acf6a863b] transferring FlowFile[734,96103954996201.mockFlowFile,13B] to 'success'
[pool-145-thread-1] INFO org.apache.nifi.processors.standard.ControlRate - ControlRate[id=cdfdff17-80e1-43c9-ac97-e51acf6a863b] transferring FlowFile[735,96103955020750.mockFlowFile,13B] to 'success'
[pool-145-thread-1] INFO org.apache.nifi.processors.standard.ControlRate - ControlRate[id=cdfdff17-80e1-43c9-ac97-e51acf6a863b] transferring FlowFile[736,96103955039829.mockFlowFile,13B] to 'success'
[pool-145-thread-1] INFO org.apache.nifi.processors.standard.ControlRate - ControlRate[id=cdfdff17-80e1-43c9-ac97-e51acf6a863b] transferring FlowFile[737,96103955055894.mockFlowFile,13B] to 'success'
[pool-145-thread-1] INFO org.apache.nifi.processors.standard.ControlRate - ControlRate[id=cdfdff17-80e1-43c9-ac97-e51acf6a863b] transferring FlowFile[738,96103955074613.mockFlowFile,13B] to 'success'
[pool-145-thread-1] INFO org.apache.nifi.processors.standard.ControlRate - ControlRate[id=cdfdff17-80e1-43c9-ac97-e51acf6a863b] transferring FlowFile[739,96103955098182.mockFlowFile,13B] to 'success'
[pool-145-thread-1] INFO org.apache.nifi.processors.standard.ControlRate - ControlRate[id=cdfdff17-80e1-43c9-ac97-e51acf6a863b] transferring FlowFile[740,96103955127108.mockFlowFile,13B] to 'success'
[pool-145-thread-1] INFO org.apache.nifi.processors.standard.ControlRate - ControlRate[id=cdfdff17-80e1-43c9-ac97-e51acf6a863b] transferring FlowFile[741,96103955152043.mockFlowFile,13B] to 'success'
[pool-145-thread-1] INFO org.apache.nifi.processors.standard.ControlRate - ControlRate[id=cdfdff17-80e1-43c9-ac97-e51acf6a863b] transferring FlowFile[742,96103955169825.mockFlowFile,13B] to 'success'
[pool-145-thread-1] INFO org.apache.nifi.processors.standard.ControlRate - ControlRate[id=cdfdff17-80e1-43c9-ac97-e51acf6a863b] transferring FlowFile[743,96103955199363.mockFlowFile,13B] to 'success'
[pool-145-thread-1] INFO org.apache.nifi.processors.standard.ControlRate - ControlRate[id=cdfdff17-80e1-43c9-ac97-e51acf6a863b] transferring FlowFile[744,96103955221451.mockFlowFile,13B] to 'success'
[pool-145-thread-1] INFO org.apache.nifi.processors.standard.ControlRate - ControlRate[id=cdfdff17-80e1-43c9-ac97-e51acf6a863b] transferring FlowFile[745,96103955238302.mockFlowFile,13B] to 'success'
[pool-145-thread-1] INFO org.apache.nifi.processors.standard.ControlRate - ControlRate[id=cdfdff17-80e1-43c9-ac97-e51acf6a863b] transferring FlowFile[746,96103955255332.mockFlowFile,13B] to 'success'
[pool-145-thread-1] INFO org.apache.nifi.processors.standard.ControlRate - ControlRate[id=cdfdff17-80e1-43c9-ac97-e51acf6a863b] transferring FlowFile[747,96103955271769.mockFlowFile,13B] to 'success'
[pool-145-thread-1] INFO org.apache.nifi.processors.standard.ControlRate - ControlRate[id=cdfdff17-80e1-43c9-ac97-e51acf6a863b] transferring FlowFile[748,96103955288274.mockFlowFile,13B] to 'success'
[pool-145-thread-1] INFO org.apache.nifi.processors.standard.ControlRate - ControlRate[id=cdfdff17-80e1-43c9-ac97-e51acf6a863b] transferring FlowFile[749,96103955304406.mockFlowFile,13B] to 'success'
[pool-145-thread-1] INFO org.apache.nifi.processors.standard.ControlRate - ControlRate[id=cdfdff17-80e1-43c9-ac97-e51acf6a863b] transferring FlowFile[750,96103955319175.mockFlowFile,13B] to 'success'
[pool-145-thread-1] INFO org.apache.nifi.processors.standard.ControlRate - ControlRate[id=cdfdff17-80e1-43c9-ac97-e51acf6a863b] transferring FlowFile[751,96103955340266.mockFlowFile,13B] to 'success'
[pool-145-thread-1] INFO org.apache.nifi.processors.standard.ControlRate - ControlRate[id=cdfdff17-80e1-43c9-ac97-e51acf6a863b] transferring FlowFile[752,96103955356693.mockFlowFile,13B] to 'success'
[pool-145-thread-1] INFO org.apache.nifi.processors.standard.ControlRate - ControlRate[id=cdfdff17-80e1-43c9-ac97-e51acf6a863b] transferring FlowFile[753,96103955373319.mockFlowFile,13B] to 'success'
[pool-145-thread-1] INFO org.apache.nifi.processors.standard.ControlRate - ControlRate[id=cdfdff17-80e1-43c9-ac97-e51acf6a863b] transferring FlowFile[754,96103955390089.mockFlowFile,13B] to 'success'
[pool-145-thread-1] INFO org.apache.nifi.processors.standard.ControlRate - ControlRate[id=cdfdff17-80e1-43c9-ac97-e51acf6a863b] transferring FlowFile[755,96103955412094.mockFlowFile,13B] to 'success'
[pool-145-thread-1] INFO org.apache.nifi.processors.standard.ControlRate - ControlRate[id=cdfdff17-80e1-43c9-ac97-e51acf6a863b] transferring FlowFile[756,96103955441722.mockFlowFile,13B] to 'success'
[pool-145-thread-1] INFO org.apache.nifi.processors.standard.ControlRate - ControlRate[id=cdfdff17-80e1-43c9-ac97-e51acf6a863b] transferring FlowFile[757,96103955458092.mockFlowFile,13B] to 'success'
[pool-145-thread-1] INFO org.apache.nifi.processors.standard.ControlRate - ControlRate[id=cdfdff17-80e1-43c9-ac97-e51acf6a863b] transferring FlowFile[758,96103955476810.mockFlowFile,13B] to 'success'
[pool-145-thread-1] INFO org.apache.nifi.processors.standard.ControlRate - ControlRate[id=cdfdff17-80e1-43c9-ac97-e51acf6a863b] transferring FlowFile[759,96103955503709.mockFlowFile,13B] to 'success'
[pool-145-thread-1] INFO org.apache.nifi.processors.standard.ControlRate - ControlRate[id=cdfdff17-80e1-43c9-ac97-e51acf6a863b] transferring FlowFile[760,96103955521999.mockFlowFile,13B] to 'success'
[pool-145-thread-1] INFO org.apache.nifi.processors.standard.ControlRate - ControlRate[id=cdfdff17-80e1-43c9-ac97-e51acf6a863b] transferring FlowFile[761,96103955540397.mockFlowFile,13B] to 'success'
[pool-145-thread-1] INFO org.apache.nifi.processors.standard.ControlRate - ControlRate[id=cdfdff17-80e1-43c9-ac97-e51acf6a863b] transferring FlowFile[762,96103955556662.mockFlowFile,13B] to 'success'
[pool-145-thread-1] INFO org.apache.nifi.processors.standard.ControlRate - ControlRate[id=cdfdff17-80e1-43c9-ac97-e51acf6a863b] transferring FlowFile[763,96103955574156.mockFlowFile,13B] to 'success'
[pool-145-thread-1] INFO org.apache.nifi.processors.standard.ControlRate - ControlRate[id=cdfdff17-80e1-43c9-ac97-e51acf6a863b] transferring FlowFile[764,96103955591324.mockFlowFile,13B] to 'success'
[pool-145-thread-1] INFO org.apache.nifi.processors.standard.ControlRate - ControlRate[id=cdfdff17-80e1-43c9-ac97-e51acf6a863b] transferring FlowFile[765,96103955607882.mockFlowFile,13B] to 'success'
[pool-145-thread-1] INFO org.apache.nifi.processors.standard.ControlRate - ControlRate[id=cdfdff17-80e1-43c9-ac97-e51acf6a863b] transferring FlowFile[766,96103955625029.mockFlowFile,13B] to 'success'
[pool-145-thread-1] INFO org.apache.nifi.processors.standard.ControlRate - ControlRate[id=cdfdff17-80e1-43c9-ac97-e51acf6a863b] transferring FlowFile[767,96103955645904.mockFlowFile,13B] to 'success'
[pool-145-thread-1] INFO org.apache.nifi.processors.standard.ControlRate - ControlRate[id=cdfdff17-80e1-43c9-ac97-e51acf6a863b] transferring FlowFile[768,96103955664930.mockFlowFile,13B] to 'success'
[pool-145-thread-1] INFO org.apache.nifi.processors.standard.ControlRate - ControlRate[id=cdfdff17-80e1-43c9-ac97-e51acf6a863b] transferring FlowFile[769,96103955682713.mockFlowFile,13B] to 'success'
[pool-145-thread-1] INFO org.apache.nifi.processors.standard.ControlRate - ControlRate[id=cdfdff17-80e1-43c9-ac97-e51acf6a863b] transferring FlowFile[770,96103955699373.mockFlowFile,13B] to 'success'
[pool-145-thread-1] INFO org.apache.nifi.processors.standard.ControlRate - ControlRate[id=cdfdff17-80e1-43c9-ac97-e51acf6a863b] transferring FlowFile[771,96103955717175.mockFlowFile,13B] to 'success'
[pool-145-thread-1] INFO org.apache.nifi.processors.standard.ControlRate - ControlRate[id=cdfdff17-80e1-43c9-ac97-e51acf6a863b] transferring FlowFile[772,96103955733942.mockFlowFile,13B] to 'success'
[pool-145-thread-1] INFO org.apache.nifi.processors.standard.ControlRate - ControlRate[id=cdfdff17-80e1-43c9-ac97-e51acf6a863b] transferring FlowFile[773,96103955751867.mockFlowFile,13B] to 'success'
[pool-145-thread-1] INFO org.apache.nifi.processors.standard.ControlRate - ControlRate[id=cdfdff17-80e1-43c9-ac97-e51acf6a863b] transferring FlowFile[774,96103955768825.mockFlowFile,13B] to 'success'
[pool-145-thread-1] INFO org.apache.nifi.processors.standard.ControlRate - ControlRate[id=cdfdff17-80e1-43c9-ac97-e51acf6a863b] transferring FlowFile[775,96103955789986.mockFlowFile,13B] to 'success'
[pool-145-thread-1] INFO org.apache.nifi.processors.standard.ControlRate - ControlRate[id=cdfdff17-80e1-43c9-ac97-e51acf6a863b] transferring FlowFile[776,96103955808344.mockFlowFile,13B] to 'success'
[pool-145-thread-1] INFO org.apache.nifi.processors.standard.ControlRate - ControlRate[id=cdfdff17-80e1-43c9-ac97-e51acf6a863b] transferring FlowFile[777,96103955834131.mockFlowFile,13B] to 'success'
[pool-145-thread-1] INFO org.apache.nifi.processors.standard.ControlRate - ControlRate[id=cdfdff17-80e1-43c9-ac97-e51acf6a863b] transferring FlowFile[778,96103955851256.mockFlowFile,13B] to 'success'
[pool-145-thread-1] INFO org.apache.nifi.processors.standard.ControlRate - ControlRate[id=cdfdff17-80e1-43c9-ac97-e51acf6a863b] transferring FlowFile[779,96103955867484.mockFlowFile,13B] to 'success'
[pool-145-thread-1] INFO org.apache.nifi.processors.standard.ControlRate - ControlRate[id=cdfdff17-80e1-43c9-ac97-e51acf6a863b] transferring FlowFile[780,96103955883081.mockFlowFile,13B] to 'success'
[pool-145-thread-1] INFO org.apache.nifi.processors.standard.ControlRate - ControlRate[id=cdfdff17-80e1-43c9-ac97-e51acf6a863b] transferring FlowFile[781,96103955899762.mockFlowFile,13B] to 'success'
[pool-145-thread-1] INFO org.apache.nifi.processors.standard.ControlRate - ControlRate[id=cdfdff17-80e1-43c9-ac97-e51acf6a863b] transferring FlowFile[782,96103955914992.mockFlowFile,13B] to 'success'
[pool-145-thread-1] INFO org.apache.nifi.processors.standard.ControlRate - ControlRate[id=cdfdff17-80e1-43c9-ac97-e51acf6a863b] transferring FlowFile[783,96103955936563.mockFlowFile,13B] to 'success'
[pool-145-thread-1] INFO org.apache.nifi.processors.standard.ControlRate - ControlRate[id=cdfdff17-80e1-43c9-ac97-e51acf6a863b] transferring FlowFile[784,96103955954332.mockFlowFile,13B] to 'success'
[pool-145-thread-1] INFO org.apache.nifi.processors.standard.ControlRate - ControlRate[id=cdfdff17-80e1-43c9-ac97-e51acf6a863b] transferring FlowFile[785,96103955970738.mockFlowFile,13B] to 'success'
[pool-145-thread-1] INFO org.apache.nifi.processors.standard.ControlRate - ControlRate[id=cdfdff17-80e1-43c9-ac97-e51acf6a863b] transferring FlowFile[786,96103955987497.mockFlowFile,13B] to 'success'
[pool-145-thread-1] INFO org.apache.nifi.processors.standard.ControlRate - ControlRate[id=cdfdff17-80e1-43c9-ac97-e51acf6a863b] transferring FlowFile[787,96103956014864.mockFlowFile,13B] to 'success'
[pool-145-thread-1] INFO org.apache.nifi.processors.standard.ControlRate - ControlRate[id=cdfdff17-80e1-43c9-ac97-e51acf6a863b] transferring FlowFile[788,96103956032528.mockFlowFile,13B] to 'success'
[pool-145-thread-1] INFO org.apache.nifi.processors.standard.ControlRate - ControlRate[id=cdfdff17-80e1-43c9-ac97-e51acf6a863b] transferring FlowFile[789,96103956049022.mockFlowFile,13B] to 'success'
[pool-145-thread-1] INFO org.apache.nifi.processors.standard.ControlRate - ControlRate[id=cdfdff17-80e1-43c9-ac97-e51acf6a863b] transferring FlowFile[790,96103956067129.mockFlowFile,13B] to 'success'
[pool-145-thread-1] INFO org.apache.nifi.processors.standard.ControlRate - ControlRate[id=cdfdff17-80e1-43c9-ac97-e51acf6a863b] transferring FlowFile[791,96103956087954.mockFlowFile,13B] to 'success'
[pool-145-thread-1] INFO org.apache.nifi.processors.standard.ControlRate - ControlRate[id=cdfdff17-80e1-43c9-ac97-e51acf6a863b] transferring FlowFile[792,96103956103705.mockFlowFile,13B] to 'success'
[pool-145-thread-1] INFO org.apache.nifi.processors.standard.ControlRate - ControlRate[id=cdfdff17-80e1-43c9-ac97-e51acf6a863b] transferring FlowFile[793,96103956119643.mockFlowFile,13B] to 'success'
[pool-145-thread-1] INFO org.apache.nifi.processors.standard.ControlRate - ControlRate[id=cdfdff17-80e1-43c9-ac97-e51acf6a863b] transferring FlowFile[794,96103956135606.mockFlowFile,13B] to 'success'
[pool-145-thread-1] INFO org.apache.nifi.processors.standard.ControlRate - ControlRate[id=cdfdff17-80e1-43c9-ac97-e51acf6a863b] transferring FlowFile[795,96103956153526.mockFlowFile,13B] to 'success'
[pool-145-thread-1] INFO org.apache.nifi.processors.standard.ControlRate - ControlRate[id=cdfdff17-80e1-43c9-ac97-e51acf6a863b] transferring FlowFile[796,96103956169398.mockFlowFile,13B] to 'success'
[pool-145-thread-1] INFO org.apache.nifi.processors.standard.ControlRate - ControlRate[id=cdfdff17-80e1-43c9-ac97-e51acf6a863b] transferring FlowFile[797,96103956184395.mockFlowFile,13B] to 'success'
[pool-145-thread-1] INFO org.apache.nifi.processors.standard.ControlRate - ControlRate[id=cdfdff17-80e1-43c9-ac97-e51acf6a863b] transferring FlowFile[798,96103956200180.mockFlowFile,13B] to 'success'
[pool-145-thread-1] INFO org.apache.nifi.processors.standard.ControlRate - ControlRate[id=cdfdff17-80e1-43c9-ac97-e51acf6a863b] transferring FlowFile[799,96103956220037.mockFlowFile,13B] to 'success'
[pool-145-thread-1] INFO org.apache.nifi.processors.standard.ControlRate - ControlRate[id=cdfdff17-80e1-43c9-ac97-e51acf6a863b] transferring FlowFile[800,96103956234670.mockFlowFile,13B] to 'success'
[pool-145-thread-1] INFO org.apache.nifi.processors.standard.ControlRate - ControlRate[id=cdfdff17-80e1-43c9-ac97-e51acf6a863b] transferring FlowFile[801,96103956249983.mockFlowFile,13B] to 'success'
[pool-145-thread-1] INFO org.apache.nifi.processors.standard.ControlRate - ControlRate[id=cdfdff17-80e1-43c9-ac97-e51acf6a863b] transferring FlowFile[802,96103956264084.mockFlowFile,13B] to 'success'
[pool-145-thread-1] INFO org.apache.nifi.processors.standard.ControlRate - ControlRate[id=cdfdff17-80e1-43c9-ac97-e51acf6a863b] transferring FlowFile[803,96103956280405.mockFlowFile,13B] to 'success'
[pool-145-thread-1] INFO org.apache.nifi.processors.standard.ControlRate - ControlRate[id=cdfdff17-80e1-43c9-ac97-e51acf6a863b] transferring FlowFile[804,96103956296022.mockFlowFile,13B] to 'success'
[pool-145-thread-1] INFO org.apache.nifi.processors.standard.ControlRate - ControlRate[id=cdfdff17-80e1-43c9-ac97-e51acf6a863b] transferring FlowFile[805,96103956311181.mockFlowFile,13B] to 'success'
[pool-145-thread-1] INFO org.apache.nifi.processors.standard.ControlRate - ControlRate[id=cdfdff17-80e1-43c9-ac97-e51acf6a863b] transferring FlowFile[806,96103956327925.mockFlowFile,13B] to 'success'
[pool-145-thread-1] INFO org.apache.nifi.processors.standard.ControlRate - ControlRate[id=cdfdff17-80e1-43c9-ac97-e51acf6a863b] transferring FlowFile[807,96103956346679.mockFlowFile,13B] to 'success'
[pool-145-thread-1] INFO org.apache.nifi.processors.standard.ControlRate - ControlRate[id=cdfdff17-80e1-43c9-ac97-e51acf6a863b] transferring FlowFile[808,96103956363052.mockFlowFile,13B] to 'success'
[pool-145-thread-1] INFO org.apache.nifi.processors.standard.ControlRate - ControlRate[id=cdfdff17-80e1-43c9-ac97-e51acf6a863b] transferring FlowFile[809,96103956378862.mockFlowFile,13B] to 'success'
[pool-145-thread-1] INFO org.apache.nifi.processors.standard.ControlRate - ControlRate[id=cdfdff17-80e1-43c9-ac97-e51acf6a863b] transferring FlowFile[810,96103956393394.mockFlowFile,13B] to 'success'
[pool-145-thread-1] INFO org.apache.nifi.processors.standard.ControlRate - ControlRate[id=cdfdff17-80e1-43c9-ac97-e51acf6a863b] transferring FlowFile[811,96103956408674.mockFlowFile,13B] to 'success'
[pool-145-thread-1] INFO org.apache.nifi.processors.standard.ControlRate - ControlRate[id=cdfdff17-80e1-43c9-ac97-e51acf6a863b] transferring FlowFile[812,96103956423844.mockFlowFile,13B] to 'success'
[pool-145-thread-1] INFO org.apache.nifi.processors.standard.ControlRate - ControlRate[id=cdfdff17-80e1-43c9-ac97-e51acf6a863b] transferring FlowFile[813,96103956440053.mockFlowFile,13B] to 'success'
[pool-145-thread-1] INFO org.apache.nifi.processors.standard.ControlRate - ControlRate[id=cdfdff17-80e1-43c9-ac97-e51acf6a863b] transferring FlowFile[814,96103956456435.mockFlowFile,13B] to 'success'
[pool-145-thread-1] INFO org.apache.nifi.processors.standard.ControlRate - ControlRate[id=cdfdff17-80e1-43c9-ac97-e51acf6a863b] transferring FlowFile[815,96103956476938.mockFlowFile,13B] to 'success'
[pool-145-thread-1] INFO org.apache.nifi.processors.standard.ControlRate - ControlRate[id=cdfdff17-80e1-43c9-ac97-e51acf6a863b] transferring FlowFile[816,96103956493993.mockFlowFile,13B] to 'success'
[pool-145-thread-1] INFO org.apache.nifi.processors.standard.ControlRate - ControlRate[id=cdfdff17-80e1-43c9-ac97-e51acf6a863b] transferring FlowFile[817,96103956509906.mockFlowFile,13B] to 'success'
[pool-145-thread-1] INFO org.apache.nifi.processors.standard.ControlRate - ControlRate[id=cdfdff17-80e1-43c9-ac97-e51acf6a863b] transferring FlowFile[818,96103956528229.mockFlowFile,13B] to 'success'
[pool-145-thread-1] INFO org.apache.nifi.processors.standard.ControlRate - ControlRate[id=cdfdff17-80e1-43c9-ac97-e51acf6a863b] transferring FlowFile[819,96103956543385.mockFlowFile,13B] to 'success'
[pool-145-thread-1] INFO org.apache.nifi.processors.standard.ControlRate - ControlRate[id=cdfdff17-80e1-43c9-ac97-e51acf6a863b] transferring FlowFile[820,96103956559329.mockFlowFile,13B] to 'success'
[pool-145-thread-1] INFO org.apache.nifi.processors.standard.ControlRate - ControlRate[id=cdfdff17-80e1-43c9-ac97-e51acf6a863b] transferring FlowFile[821,96103956576542.mockFlowFile,13B] to 'success'
[pool-145-thread-1] INFO org.apache.nifi.processors.standard.ControlRate - ControlRate[id=cdfdff17-80e1-43c9-ac97-e51acf6a863b] transferring FlowFile[822,96103956594036.mockFlowFile,13B] to 'success'
[pool-145-thread-1] INFO org.apache.nifi.processors.standard.ControlRate - ControlRate[id=cdfdff17-80e1-43c9-ac97-e51acf6a863b] transferring FlowFile[823,96103956616325.mockFlowFile,13B] to 'success'
[pool-145-thread-1] INFO org.apache.nifi.processors.standard.ControlRate - ControlRate[id=cdfdff17-80e1-43c9-ac97-e51acf6a863b] transferring FlowFile[824,96103956667716.mockFlowFile,13B] to 'success'
[pool-145-thread-1] INFO org.apache.nifi.processors.standard.ControlRate - ControlRate[id=cdfdff17-80e1-43c9-ac97-e51acf6a863b] transferring FlowFile[825,96103956695801.mockFlowFile,13B] to 'success'
[pool-145-thread-1] INFO org.apache.nifi.processors.standard.ControlRate - ControlRate[id=cdfdff17-80e1-43c9-ac97-e51acf6a863b] transferring FlowFile[826,96103956714452.mockFlowFile,13B] to 'success'
[pool-145-thread-1] INFO org.apache.nifi.processors.standard.ControlRate - ControlRate[id=cdfdff17-80e1-43c9-ac97-e51acf6a863b] transferring FlowFile[827,96103956729917.mockFlowFile,13B] to 'success'
[pool-145-thread-1] INFO org.apache.nifi.processors.standard.ControlRate - ControlRate[id=cdfdff17-80e1-43c9-ac97-e51acf6a863b] transferring FlowFile[828,96103956746134.mockFlowFile,13B] to 'success'
[pool-145-thread-1] INFO org.apache.nifi.processors.standard.ControlRate - ControlRate[id=cdfdff17-80e1-43c9-ac97-e51acf6a863b] transferring FlowFile[829,96103956761881.mockFlowFile,13B] to 'success'
[pool-145-thread-1] INFO org.apache.nifi.processors.standard.ControlRate - ControlRate[id=cdfdff17-80e1-43c9-ac97-e51acf6a863b] transferring FlowFile[830,96103956777144.mockFlowFile,13B] to 'success'
[pool-145-thread-1] INFO org.apache.nifi.processors.standard.ControlRate - ControlRate[id=cdfdff17-80e1-43c9-ac97-e51acf6a863b] transferring FlowFile[831,96103956801363.mockFlowFile,13B] to 'success'
[pool-145-thread-1] INFO org.apache.nifi.processors.standard.ControlRate - ControlRate[id=cdfdff17-80e1-43c9-ac97-e51acf6a863b] transferring FlowFile[832,96103956831726.mockFlowFile,13B] to 'success'
[pool-145-thread-1] INFO org.apache.nifi.processors.standard.ControlRate - ControlRate[id=cdfdff17-80e1-43c9-ac97-e51acf6a863b] transferring FlowFile[833,96103956856747.mockFlowFile,13B] to 'success'
[pool-145-thread-1] INFO org.apache.nifi.processors.standard.ControlRate - ControlRate[id=cdfdff17-80e1-43c9-ac97-e51acf6a863b] transferring FlowFile[834,96103956882089.mockFlowFile,13B] to 'success'
[pool-145-thread-1] INFO org.apache.nifi.processors.standard.ControlRate - ControlRate[id=cdfdff17-80e1-43c9-ac97-e51acf6a863b] transferring FlowFile[835,96103956900286.mockFlowFile,13B] to 'success'
[pool-145-thread-1] INFO org.apache.nifi.processors.standard.ControlRate - ControlRate[id=cdfdff17-80e1-43c9-ac97-e51acf6a863b] transferring FlowFile[836,96103956918094.mockFlowFile,13B] to 'success'
[pool-145-thread-1] INFO org.apache.nifi.processors.standard.ControlRate - ControlRate[id=cdfdff17-80e1-43c9-ac97-e51acf6a863b] transferring FlowFile[837,96103956942812.mockFlowFile,13B] to 'success'
[pool-145-thread-1] INFO org.apache.nifi.processors.standard.ControlRate - ControlRate[id=cdfdff17-80e1-43c9-ac97-e51acf6a863b] transferring FlowFile[838,96103956959861.mockFlowFile,13B] to 'success'
[pool-145-thread-1] INFO org.apache.nifi.processors.standard.ControlRate - ControlRate[id=cdfdff17-80e1-43c9-ac97-e51acf6a863b] transferring FlowFile[839,96103956981667.mockFlowFile,13B] to 'success'
[pool-145-thread-1] INFO org.apache.nifi.processors.standard.ControlRate - ControlRate[id=cdfdff17-80e1-43c9-ac97-e51acf6a863b] transferring FlowFile[840,96103956998134.mockFlowFile,13B] to 'success'
[pool-145-thread-1] INFO org.apache.nifi.processors.standard.ControlRate - ControlRate[id=cdfdff17-80e1-43c9-ac97-e51acf6a863b] transferring FlowFile[841,96103957017654.mockFlowFile,13B] to 'success'
[pool-145-thread-1] INFO org.apache.nifi.processors.standard.ControlRate - ControlRate[id=cdfdff17-80e1-43c9-ac97-e51acf6a863b] transferring FlowFile[842,96103957034050.mockFlowFile,13B] to 'success'
[pool-145-thread-1] INFO org.apache.nifi.processors.standard.ControlRate - ControlRate[id=cdfdff17-80e1-43c9-ac97-e51acf6a863b] transferring FlowFile[843,96103957052772.mockFlowFile,13B] to 'success'
[pool-145-thread-1] INFO org.apache.nifi.processors.standard.ControlRate - ControlRate[id=cdfdff17-80e1-43c9-ac97-e51acf6a863b] transferring FlowFile[844,96103957070609.mockFlowFile,13B] to 'success'
[pool-145-thread-1] INFO org.apache.nifi.processors.standard.ControlRate - ControlRate[id=cdfdff17-80e1-43c9-ac97-e51acf6a863b] transferring FlowFile[845,96103957086488.mockFlowFile,13B] to 'success'
[pool-145-thread-1] INFO org.apache.nifi.processors.standard.ControlRate - ControlRate[id=cdfdff17-80e1-43c9-ac97-e51acf6a863b] transferring FlowFile[846,96103957103034.mockFlowFile,13B] to 'success'
[pool-145-thread-1] INFO org.apache.nifi.processors.standard.ControlRate - ControlRate[id=cdfdff17-80e1-43c9-ac97-e51acf6a863b] transferring FlowFile[847,96103957122862.mockFlowFile,13B] to 'success'
[pool-145-thread-1] INFO org.apache.nifi.processors.standard.ControlRate - ControlRate[id=cdfdff17-80e1-43c9-ac97-e51acf6a863b] transferring FlowFile[848,96103957140474.mockFlowFile,13B] to 'success'
[pool-145-thread-1] INFO org.apache.nifi.processors.standard.ControlRate - ControlRate[id=cdfdff17-80e1-43c9-ac97-e51acf6a863b] transferring FlowFile[849,96103957157439.mockFlowFile,13B] to 'success'
[pool-145-thread-1] INFO org.apache.nifi.processors.standard.ControlRate - ControlRate[id=cdfdff17-80e1-43c9-ac97-e51acf6a863b] transferring FlowFile[850,96103957173023.mockFlowFile,13B] to 'success'
[pool-145-thread-1] INFO org.apache.nifi.processors.standard.ControlRate - ControlRate[id=cdfdff17-80e1-43c9-ac97-e51acf6a863b] transferring FlowFile[851,96103957189055.mockFlowFile,13B] to 'success'
[pool-145-thread-1] INFO org.apache.nifi.processors.standard.ControlRate - ControlRate[id=cdfdff17-80e1-43c9-ac97-e51acf6a863b] transferring FlowFile[852,96103957203981.mockFlowFile,13B] to 'success'
[pool-145-thread-1] INFO org.apache.nifi.processors.standard.ControlRate - ControlRate[id=cdfdff17-80e1-43c9-ac97-e51acf6a863b] transferring FlowFile[853,96103957221438.mockFlowFile,13B] to 'success'
[pool-145-thread-1] INFO org.apache.nifi.processors.standard.ControlRate - ControlRate[id=cdfdff17-80e1-43c9-ac97-e51acf6a863b] transferring FlowFile[854,96103957236808.mockFlowFile,13B] to 'success'
[pool-145-thread-1] INFO org.apache.nifi.processors.standard.ControlRate - ControlRate[id=cdfdff17-80e1-43c9-ac97-e51acf6a863b] transferring FlowFile[855,96103957256428.mockFlowFile,13B] to 'success'
[pool-145-thread-1] INFO org.apache.nifi.processors.standard.ControlRate - ControlRate[id=cdfdff17-80e1-43c9-ac97-e51acf6a863b] transferring FlowFile[856,96103957273123.mockFlowFile,13B] to 'success'
[pool-145-thread-1] INFO org.apache.nifi.processors.standard.ControlRate - ControlRate[id=cdfdff17-80e1-43c9-ac97-e51acf6a863b] transferring FlowFile[857,96103957289116.mockFlowFile,13B] to 'success'
[pool-145-thread-1] INFO org.apache.nifi.processors.standard.ControlRate - ControlRate[id=cdfdff17-80e1-43c9-ac97-e51acf6a863b] transferring FlowFile[858,96103957309419.mockFlowFile,13B] to 'success'
[pool-145-thread-1] INFO org.apache.nifi.processors.standard.ControlRate - ControlRate[id=cdfdff17-80e1-43c9-ac97-e51acf6a863b] transferring FlowFile[859,96103957328203.mockFlowFile,13B] to 'success'
[pool-145-thread-1] INFO org.apache.nifi.processors.standard.ControlRate - ControlRate[id=cdfdff17-80e1-43c9-ac97-e51acf6a863b] transferring FlowFile[860,96103957344412.mockFlowFile,13B] to 'success'
[pool-145-thread-1] INFO org.apache.nifi.processors.standard.ControlRate - ControlRate[id=cdfdff17-80e1-43c9-ac97-e51acf6a863b] transferring FlowFile[861,96103957363028.mockFlowFile,13B] to 'success'
[pool-145-thread-1] INFO org.apache.nifi.processors.standard.ControlRate - ControlRate[id=cdfdff17-80e1-43c9-ac97-e51acf6a863b] transferring FlowFile[862,96103957381170.mockFlowFile,13B] to 'success'
[pool-145-thread-1] INFO org.apache.nifi.processors.standard.ControlRate - ControlRate[id=cdfdff17-80e1-43c9-ac97-e51acf6a863b] transferring FlowFile[863,96103957416056.mockFlowFile,13B] to 'success'
[pool-145-thread-1] INFO org.apache.nifi.processors.standard.ControlRate - ControlRate[id=cdfdff17-80e1-43c9-ac97-e51acf6a863b] transferring FlowFile[864,96103957445034.mockFlowFile,13B] to 'success'
[pool-145-thread-1] INFO org.apache.nifi.processors.standard.ControlRate - ControlRate[id=cdfdff17-80e1-43c9-ac97-e51acf6a863b] transferring FlowFile[865,96103957461786.mockFlowFile,13B] to 'success'
[pool-145-thread-1] INFO org.apache.nifi.processors.standard.ControlRate - ControlRate[id=cdfdff17-80e1-43c9-ac97-e51acf6a863b] transferring FlowFile[866,96103957481892.mockFlowFile,13B] to 'success'
[pool-145-thread-1] INFO org.apache.nifi.processors.standard.ControlRate - ControlRate[id=cdfdff17-80e1-43c9-ac97-e51acf6a863b] transferring FlowFile[867,96103957498672.mockFlowFile,13B] to 'success'
[pool-145-thread-1] INFO org.apache.nifi.processors.standard.ControlRate - ControlRate[id=cdfdff17-80e1-43c9-ac97-e51acf6a863b] transferring FlowFile[868,96103957516012.mockFlowFile,13B] to 'success'
[pool-145-thread-1] INFO org.apache.nifi.processors.standard.ControlRate - ControlRate[id=cdfdff17-80e1-43c9-ac97-e51acf6a863b] transferring FlowFile[869,96103957534567.mockFlowFile,13B] to 'success'
[pool-145-thread-1] INFO org.apache.nifi.processors.standard.ControlRate - ControlRate[id=cdfdff17-80e1-43c9-ac97-e51acf6a863b] transferring FlowFile[870,96103957550092.mockFlowFile,13B] to 'success'
[pool-145-thread-1] INFO org.apache.nifi.processors.standard.ControlRate - ControlRate[id=cdfdff17-80e1-43c9-ac97-e51acf6a863b] transferring FlowFile[871,96103957573913.mockFlowFile,13B] to 'success'
[pool-145-thread-1] INFO org.apache.nifi.processors.standard.ControlRate - ControlRate[id=cdfdff17-80e1-43c9-ac97-e51acf6a863b] transferring FlowFile[872,96103957590502.mockFlowFile,13B] to 'success'
[pool-145-thread-1] INFO org.apache.nifi.processors.standard.ControlRate - ControlRate[id=cdfdff17-80e1-43c9-ac97-e51acf6a863b] transferring FlowFile[873,96103957606750.mockFlowFile,13B] to 'success'
[pool-145-thread-1] INFO org.apache.nifi.processors.standard.ControlRate - ControlRate[id=cdfdff17-80e1-43c9-ac97-e51acf6a863b] transferring FlowFile[874,96103957622419.mockFlowFile,13B] to 'success'
[pool-145-thread-1] INFO org.apache.nifi.processors.standard.ControlRate - ControlRate[id=cdfdff17-80e1-43c9-ac97-e51acf6a863b] transferring FlowFile[875,96103957637036.mockFlowFile,13B] to 'success'
[pool-145-thread-1] INFO org.apache.nifi.processors.standard.ControlRate - ControlRate[id=cdfdff17-80e1-43c9-ac97-e51acf6a863b] transferring FlowFile[876,96103957652834.mockFlowFile,13B] to 'success'
[pool-145-thread-1] INFO org.apache.nifi.processors.standard.ControlRate - ControlRate[id=cdfdff17-80e1-43c9-ac97-e51acf6a863b] transferring FlowFile[877,96103957667646.mockFlowFile,13B] to 'success'
[pool-145-thread-1] INFO org.apache.nifi.processors.standard.ControlRate - ControlRate[id=cdfdff17-80e1-43c9-ac97-e51acf6a863b] transferring FlowFile[878,96103957683567.mockFlowFile,13B] to 'success'
[pool-145-thread-1] INFO org.apache.nifi.processors.standard.ControlRate - ControlRate[id=cdfdff17-80e1-43c9-ac97-e51acf6a863b] transferring FlowFile[879,96103957705174.mockFlowFile,13B] to 'success'
[pool-145-thread-1] INFO org.apache.nifi.processors.standard.ControlRate - ControlRate[id=cdfdff17-80e1-43c9-ac97-e51acf6a863b] transferring FlowFile[880,96103957721540.mockFlowFile,13B] to 'success'
[pool-145-thread-1] INFO org.apache.nifi.processors.standard.ControlRate - ControlRate[id=cdfdff17-80e1-43c9-ac97-e51acf6a863b] transferring FlowFile[881,96103957737829.mockFlowFile,13B] to 'success'
[pool-145-thread-1] INFO org.apache.nifi.processors.standard.ControlRate - ControlRate[id=cdfdff17-80e1-43c9-ac97-e51acf6a863b] transferring FlowFile[882,96103957775906.mockFlowFile,13B] to 'success'
[pool-145-thread-1] INFO org.apache.nifi.processors.standard.ControlRate - ControlRate[id=cdfdff17-80e1-43c9-ac97-e51acf6a863b] transferring FlowFile[883,96103957793433.mockFlowFile,13B] to 'success'
[pool-145-thread-1] INFO org.apache.nifi.processors.standard.ControlRate - ControlRate[id=cdfdff17-80e1-43c9-ac97-e51acf6a863b] transferring FlowFile[884,96103957810548.mockFlowFile,13B] to 'success'
[pool-145-thread-1] INFO org.apache.nifi.processors.standard.ControlRate - ControlRate[id=cdfdff17-80e1-43c9-ac97-e51acf6a863b] transferring FlowFile[885,96103957826460.mockFlowFile,13B] to 'success'
[pool-145-thread-1] INFO org.apache.nifi.processors.standard.ControlRate - ControlRate[id=cdfdff17-80e1-43c9-ac97-e51acf6a863b] transferring FlowFile[886,96103957845985.mockFlowFile,13B] to 'success'
[pool-145-thread-1] INFO org.apache.nifi.processors.standard.ControlRate - ControlRate[id=cdfdff17-80e1-43c9-ac97-e51acf6a863b] transferring FlowFile[887,96103957867932.mockFlowFile,13B] to 'success'
[pool-145-thread-1] INFO org.apache.nifi.processors.standard.ControlRate - ControlRate[id=cdfdff17-80e1-43c9-ac97-e51acf6a863b] transferring FlowFile[888,96103957884702.mockFlowFile,13B] to 'success'
[pool-145-thread-1] INFO org.apache.nifi.processors.standard.ControlRate - ControlRate[id=cdfdff17-80e1-43c9-ac97-e51acf6a863b] transferring FlowFile[889,96103957900118.mockFlowFile,13B] to 'success'
[pool-145-thread-1] INFO org.apache.nifi.processors.standard.ControlRate - ControlRate[id=cdfdff17-80e1-43c9-ac97-e51acf6a863b] transferring FlowFile[890,96103957915190.mockFlowFile,13B] to 'success'
[pool-145-thread-1] INFO org.apache.nifi.processors.standard.ControlRate - ControlRate[id=cdfdff17-80e1-43c9-ac97-e51acf6a863b] transferring FlowFile[891,96103957932108.mockFlowFile,13B] to 'success'
[pool-145-thread-1] INFO org.apache.nifi.processors.standard.ControlRate - ControlRate[id=cdfdff17-80e1-43c9-ac97-e51acf6a863b] transferring FlowFile[892,96103957947639.mockFlowFile,13B] to 'success'
[pool-145-thread-1] INFO org.apache.nifi.processors.standard.ControlRate - ControlRate[id=cdfdff17-80e1-43c9-ac97-e51acf6a863b] transferring FlowFile[893,96103957985071.mockFlowFile,13B] to 'success'
[pool-145-thread-1] INFO org.apache.nifi.processors.standard.ControlRate - ControlRate[id=cdfdff17-80e1-43c9-ac97-e51acf6a863b] transferring FlowFile[894,96103958001811.mockFlowFile,13B] to 'success'
[pool-145-thread-1] INFO org.apache.nifi.processors.standard.ControlRate - ControlRate[id=cdfdff17-80e1-43c9-ac97-e51acf6a863b] transferring FlowFile[895,96103958023613.mockFlowFile,13B] to 'success'
[pool-145-thread-1] INFO org.apache.nifi.processors.standard.ControlRate - ControlRate[id=cdfdff17-80e1-43c9-ac97-e51acf6a863b] transferring FlowFile[896,96103958041948.mockFlowFile,13B] to 'success'
[pool-145-thread-1] INFO org.apache.nifi.processors.standard.ControlRate - ControlRate[id=cdfdff17-80e1-43c9-ac97-e51acf6a863b] transferring FlowFile[897,96103958058134.mockFlowFile,13B] to 'success'
[pool-145-thread-1] INFO org.apache.nifi.processors.standard.ControlRate - ControlRate[id=cdfdff17-80e1-43c9-ac97-e51acf6a863b] transferring FlowFile[898,96103958075201.mockFlowFile,13B] to 'success'
[pool-145-thread-1] INFO org.apache.nifi.processors.standard.ControlRate - ControlRate[id=cdfdff17-80e1-43c9-ac97-e51acf6a863b] transferring FlowFile[899,96103958092285.mockFlowFile,13B] to 'success'
[pool-145-thread-1] INFO org.apache.nifi.processors.standard.ControlRate - ControlRate[id=cdfdff17-80e1-43c9-ac97-e51acf6a863b] transferring FlowFile[900,96103958107655.mockFlowFile,13B] to 'success'
[pool-145-thread-1] INFO org.apache.nifi.processors.standard.ControlRate - ControlRate[id=cdfdff17-80e1-43c9-ac97-e51acf6a863b] transferring FlowFile[901,96103958124943.mockFlowFile,13B] to 'success'
[pool-145-thread-1] INFO org.apache.nifi.processors.standard.ControlRate - ControlRate[id=cdfdff17-80e1-43c9-ac97-e51acf6a863b] transferring FlowFile[902,96103958140460.mockFlowFile,13B] to 'success'
[pool-145-thread-1] INFO org.apache.nifi.processors.standard.ControlRate - ControlRate[id=cdfdff17-80e1-43c9-ac97-e51acf6a863b] transferring FlowFile[903,96103958162188.mockFlowFile,13B] to 'success'
[pool-145-thread-1] INFO org.apache.nifi.processors.standard.ControlRate - ControlRate[id=cdfdff17-80e1-43c9-ac97-e51acf6a863b] transferring FlowFile[904,96103958179986.mockFlowFile,13B] to 'success'
[pool-145-thread-1] INFO org.apache.nifi.processors.standard.ControlRate - ControlRate[id=cdfdff17-80e1-43c9-ac97-e51acf6a863b] transferring FlowFile[905,96103958195936.mockFlowFile,13B] to 'success'
[pool-145-thread-1] INFO org.apache.nifi.processors.standard.ControlRate - ControlRate[id=cdfdff17-80e1-43c9-ac97-e51acf6a863b] transferring FlowFile[906,96103958212976.mockFlowFile,13B] to 'success'
[pool-145-thread-1] INFO org.apache.nifi.processors.standard.ControlRate - ControlRate[id=cdfdff17-80e1-43c9-ac97-e51acf6a863b] transferring FlowFile[907,96103958228712.mockFlowFile,13B] to 'success'
[pool-145-thread-1] INFO org.apache.nifi.processors.standard.ControlRate - ControlRate[id=cdfdff17-80e1-43c9-ac97-e51acf6a863b] transferring FlowFile[908,96103958245836.mockFlowFile,13B] to 'success'
[pool-145-thread-1] INFO org.apache.nifi.processors.standard.ControlRate - ControlRate[id=cdfdff17-80e1-43c9-ac97-e51acf6a863b] transferring FlowFile[909,96103958263194.mockFlowFile,13B] to 'success'
[pool-145-thread-1] INFO org.apache.nifi.processors.standard.ControlRate - ControlRate[id=cdfdff17-80e1-43c9-ac97-e51acf6a863b] transferring FlowFile[910,96103958279191.mockFlowFile,13B] to 'success'
[pool-145-thread-1] INFO org.apache.nifi.processors.standard.ControlRate - ControlRate[id=cdfdff17-80e1-43c9-ac97-e51acf6a863b] transferring FlowFile[911,96103958301604.mockFlowFile,13B] to 'success'
[pool-145-thread-1] INFO org.apache.nifi.processors.standard.ControlRate - ControlRate[id=cdfdff17-80e1-43c9-ac97-e51acf6a863b] transferring FlowFile[912,96103958318543.mockFlowFile,13B] to 'success'
[pool-145-thread-1] INFO org.apache.nifi.processors.standard.ControlRate - ControlRate[id=cdfdff17-80e1-43c9-ac97-e51acf6a863b] transferring FlowFile[913,96103958336198.mockFlowFile,13B] to 'success'
[pool-145-thread-1] INFO org.apache.nifi.processors.standard.ControlRate - ControlRate[id=cdfdff17-80e1-43c9-ac97-e51acf6a863b] transferring FlowFile[914,96103958353818.mockFlowFile,13B] to 'success'
[pool-145-thread-1] INFO org.apache.nifi.processors.standard.ControlRate - ControlRate[id=cdfdff17-80e1-43c9-ac97-e51acf6a863b] transferring FlowFile[915,96103958369683.mockFlowFile,13B] to 'success'
[pool-145-thread-1] INFO org.apache.nifi.processors.standard.ControlRate - ControlRate[id=cdfdff17-80e1-43c9-ac97-e51acf6a863b] transferring FlowFile[916,96103958386804.mockFlowFile,13B] to 'success'
[pool-145-thread-1] INFO org.apache.nifi.processors.standard.ControlRate - ControlRate[id=cdfdff17-80e1-43c9-ac97-e51acf6a863b] transferring FlowFile[917,96103958402590.mockFlowFile,13B] to 'success'
[pool-145-thread-1] INFO org.apache.nifi.processors.standard.ControlRate - ControlRate[id=cdfdff17-80e1-43c9-ac97-e51acf6a863b] transferring FlowFile[918,96103958431129.mockFlowFile,13B] to 'success'
[pool-145-thread-1] INFO org.apache.nifi.processors.standard.ControlRate - ControlRate[id=cdfdff17-80e1-43c9-ac97-e51acf6a863b] transferring FlowFile[919,96103958453968.mockFlowFile,13B] to 'success'
[pool-145-thread-1] INFO org.apache.nifi.processors.standard.ControlRate - ControlRate[id=cdfdff17-80e1-43c9-ac97-e51acf6a863b] transferring FlowFile[920,96103958471855.mockFlowFile,13B] to 'success'
[pool-145-thread-1] INFO org.apache.nifi.processors.standard.ControlRate - ControlRate[id=cdfdff17-80e1-43c9-ac97-e51acf6a863b] transferring FlowFile[921,96103958488949.mockFlowFile,13B] to 'success'
[pool-145-thread-1] INFO org.apache.nifi.processors.standard.ControlRate - ControlRate[id=cdfdff17-80e1-43c9-ac97-e51acf6a863b] transferring FlowFile[922,96103958505089.mockFlowFile,13B] to 'success'
[pool-145-thread-1] INFO org.apache.nifi.processors.standard.ControlRate - ControlRate[id=cdfdff17-80e1-43c9-ac97-e51acf6a863b] transferring FlowFile[923,96103958523670.mockFlowFile,13B] to 'success'
[pool-145-thread-1] INFO org.apache.nifi.processors.standard.ControlRate - ControlRate[id=cdfdff17-80e1-43c9-ac97-e51acf6a863b] transferring FlowFile[924,96103958542136.mockFlowFile,13B] to 'success'
[pool-145-thread-1] INFO org.apache.nifi.processors.standard.ControlRate - ControlRate[id=cdfdff17-80e1-43c9-ac97-e51acf6a863b] transferring FlowFile[925,96103958558134.mockFlowFile,13B] to 'success'
[pool-145-thread-1] INFO org.apache.nifi.processors.standard.ControlRate - ControlRate[id=cdfdff17-80e1-43c9-ac97-e51acf6a863b] transferring FlowFile[926,96103958574768.mockFlowFile,13B] to 'success'
[pool-145-thread-1] INFO org.apache.nifi.processors.standard.ControlRate - ControlRate[id=cdfdff17-80e1-43c9-ac97-e51acf6a863b] transferring FlowFile[927,96103958594995.mockFlowFile,13B] to 'success'
[pool-145-thread-1] INFO org.apache.nifi.processors.standard.ControlRate - ControlRate[id=cdfdff17-80e1-43c9-ac97-e51acf6a863b] transferring FlowFile[928,96103958612473.mockFlowFile,13B] to 'success'
[pool-145-thread-1] INFO org.apache.nifi.processors.standard.ControlRate - ControlRate[id=cdfdff17-80e1-43c9-ac97-e51acf6a863b] transferring FlowFile[929,96103958628396.mockFlowFile,13B] to 'success'
[pool-145-thread-1] INFO org.apache.nifi.processors.standard.ControlRate - ControlRate[id=cdfdff17-80e1-43c9-ac97-e51acf6a863b] transferring FlowFile[930,96103958646132.mockFlowFile,13B] to 'success'
[pool-145-thread-1] INFO org.apache.nifi.processors.standard.ControlRate - ControlRate[id=cdfdff17-80e1-43c9-ac97-e51acf6a863b] transferring FlowFile[931,96103958663437.mockFlowFile,13B] to 'success'
[pool-145-thread-1] INFO org.apache.nifi.processors.standard.ControlRate - ControlRate[id=cdfdff17-80e1-43c9-ac97-e51acf6a863b] transferring FlowFile[932,96103958678464.mockFlowFile,13B] to 'success'
[pool-145-thread-1] INFO org.apache.nifi.processors.standard.ControlRate - ControlRate[id=cdfdff17-80e1-43c9-ac97-e51acf6a863b] transferring FlowFile[933,96103958694622.mockFlowFile,13B] to 'success'
[pool-145-thread-1] INFO org.apache.nifi.processors.standard.ControlRate - ControlRate[id=cdfdff17-80e1-43c9-ac97-e51acf6a863b] transferring FlowFile[934,96103958711716.mockFlowFile,13B] to 'success'
[pool-145-thread-1] INFO org.apache.nifi.processors.standard.ControlRate - ControlRate[id=cdfdff17-80e1-43c9-ac97-e51acf6a863b] transferring FlowFile[935,96103958731274.mockFlowFile,13B] to 'success'
[pool-145-thread-1] INFO org.apache.nifi.processors.standard.ControlRate - ControlRate[id=cdfdff17-80e1-43c9-ac97-e51acf6a863b] transferring FlowFile[936,96103958747023.mockFlowFile,13B] to 'success'
[pool-145-thread-1] INFO org.apache.nifi.processors.standard.ControlRate - ControlRate[id=cdfdff17-80e1-43c9-ac97-e51acf6a863b] transferring FlowFile[937,96103958761944.mockFlowFile,13B] to 'success'
[pool-145-thread-1] INFO org.apache.nifi.processors.standard.ControlRate - ControlRate[id=cdfdff17-80e1-43c9-ac97-e51acf6a863b] transferring FlowFile[938,96103958777488.mockFlowFile,13B] to 'success'
[pool-145-thread-1] INFO org.apache.nifi.processors.standard.ControlRate - ControlRate[id=cdfdff17-80e1-43c9-ac97-e51acf6a863b] transferring FlowFile[939,96103958792818.mockFlowFile,13B] to 'success'
[pool-145-thread-1] INFO org.apache.nifi.processors.standard.ControlRate - ControlRate[id=cdfdff17-80e1-43c9-ac97-e51acf6a863b] transferring FlowFile[940,96103958807248.mockFlowFile,13B] to 'success'
[pool-145-thread-1] INFO org.apache.nifi.processors.standard.ControlRate - ControlRate[id=cdfdff17-80e1-43c9-ac97-e51acf6a863b] transferring FlowFile[941,96103958822874.mockFlowFile,13B] to 'success'
[pool-145-thread-1] INFO org.apache.nifi.processors.standard.ControlRate - ControlRate[id=cdfdff17-80e1-43c9-ac97-e51acf6a863b] transferring FlowFile[942,96103958837335.mockFlowFile,13B] to 'success'
[pool-145-thread-1] INFO org.apache.nifi.processors.standard.ControlRate - ControlRate[id=cdfdff17-80e1-43c9-ac97-e51acf6a863b] transferring FlowFile[943,96103958857462.mockFlowFile,13B] to 'success'
[pool-145-thread-1] INFO org.apache.nifi.processors.standard.ControlRate - ControlRate[id=cdfdff17-80e1-43c9-ac97-e51acf6a863b] transferring FlowFile[944,96103958873959.mockFlowFile,13B] to 'success'
[pool-145-thread-1] INFO org.apache.nifi.processors.standard.ControlRate - ControlRate[id=cdfdff17-80e1-43c9-ac97-e51acf6a863b] transferring FlowFile[945,96103958890152.mockFlowFile,13B] to 'success'
[pool-145-thread-1] INFO org.apache.nifi.processors.standard.ControlRate - ControlRate[id=cdfdff17-80e1-43c9-ac97-e51acf6a863b] transferring FlowFile[946,96103958906894.mockFlowFile,13B] to 'success'
[pool-145-thread-1] INFO org.apache.nifi.processors.standard.ControlRate - ControlRate[id=cdfdff17-80e1-43c9-ac97-e51acf6a863b] transferring FlowFile[947,96103958921862.mockFlowFile,13B] to 'success'
[pool-145-thread-1] INFO org.apache.nifi.processors.standard.ControlRate - ControlRate[id=cdfdff17-80e1-43c9-ac97-e51acf6a863b] transferring FlowFile[948,96103958937526.mockFlowFile,13B] to 'success'
[pool-145-thread-1] INFO org.apache.nifi.processors.standard.ControlRate - ControlRate[id=cdfdff17-80e1-43c9-ac97-e51acf6a863b] transferring FlowFile[949,96103958952860.mockFlowFile,13B] to 'success'
[pool-145-thread-1] INFO org.apache.nifi.processors.standard.ControlRate - ControlRate[id=cdfdff17-80e1-43c9-ac97-e51acf6a863b] transferring FlowFile[950,96103958967963.mockFlowFile,13B] to 'success'
[pool-145-thread-1] INFO org.apache.nifi.processors.standard.ControlRate - ControlRate[id=cdfdff17-80e1-43c9-ac97-e51acf6a863b] transferring FlowFile[951,96103958988810.mockFlowFile,13B] to 'success'
[pool-145-thread-1] INFO org.apache.nifi.processors.standard.ControlRate - ControlRate[id=cdfdff17-80e1-43c9-ac97-e51acf6a863b] transferring FlowFile[952,96103959004406.mockFlowFile,13B] to 'success'
[pool-145-thread-1] INFO org.apache.nifi.processors.standard.ControlRate - ControlRate[id=cdfdff17-80e1-43c9-ac97-e51acf6a863b] transferring FlowFile[953,96103959021263.mockFlowFile,13B] to 'success'
[pool-145-thread-1] INFO org.apache.nifi.processors.standard.ControlRate - ControlRate[id=cdfdff17-80e1-43c9-ac97-e51acf6a863b] transferring FlowFile[954,96103959040348.mockFlowFile,13B] to 'success'
[pool-145-thread-1] INFO org.apache.nifi.processors.standard.ControlRate - ControlRate[id=cdfdff17-80e1-43c9-ac97-e51acf6a863b] transferring FlowFile[955,96103959056022.mockFlowFile,13B] to 'success'
[pool-145-thread-1] INFO org.apache.nifi.processors.standard.ControlRate - ControlRate[id=cdfdff17-80e1-43c9-ac97-e51acf6a863b] transferring FlowFile[956,96103959071806.mockFlowFile,13B] to 'success'
[pool-145-thread-1] INFO org.apache.nifi.processors.standard.ControlRate - ControlRate[id=cdfdff17-80e1-43c9-ac97-e51acf6a863b] transferring FlowFile[957,96103959088463.mockFlowFile,13B] to 'success'
[pool-145-thread-1] INFO org.apache.nifi.processors.standard.ControlRate - ControlRate[id=cdfdff17-80e1-43c9-ac97-e51acf6a863b] transferring FlowFile[958,96103959105504.mockFlowFile,13B] to 'success'
[pool-145-thread-1] INFO org.apache.nifi.processors.standard.ControlRate - ControlRate[id=cdfdff17-80e1-43c9-ac97-e51acf6a863b] transferring FlowFile[959,96103959129954.mockFlowFile,13B] to 'success'
[pool-145-thread-1] INFO org.apache.nifi.processors.standard.ControlRate - ControlRate[id=cdfdff17-80e1-43c9-ac97-e51acf6a863b] transferring FlowFile[960,96103959152373.mockFlowFile,13B] to 'success'
[pool-145-thread-1] INFO org.apache.nifi.processors.standard.ControlRate - ControlRate[id=cdfdff17-80e1-43c9-ac97-e51acf6a863b] transferring FlowFile[961,96103959173495.mockFlowFile,13B] to 'success'
[pool-145-thread-1] INFO org.apache.nifi.processors.standard.ControlRate - ControlRate[id=cdfdff17-80e1-43c9-ac97-e51acf6a863b] transferring FlowFile[962,96103959192396.mockFlowFile,13B] to 'success'
[pool-145-thread-1] INFO org.apache.nifi.processors.standard.ControlRate - ControlRate[id=cdfdff17-80e1-43c9-ac97-e51acf6a863b] transferring FlowFile[963,96103959212578.mockFlowFile,13B] to 'success'
[pool-145-thread-1] INFO org.apache.nifi.processors.standard.ControlRate - ControlRate[id=cdfdff17-80e1-43c9-ac97-e51acf6a863b] transferring FlowFile[964,96103959323025.mockFlowFile,13B] to 'success'
[pool-145-thread-1] INFO org.apache.nifi.processors.standard.ControlRate - ControlRate[id=cdfdff17-80e1-43c9-ac97-e51acf6a863b] transferring FlowFile[965,96103959348262.mockFlowFile,13B] to 'success'
[pool-145-thread-1] INFO org.apache.nifi.processors.standard.ControlRate - ControlRate[id=cdfdff17-80e1-43c9-ac97-e51acf6a863b] transferring FlowFile[966,96103959366920.mockFlowFile,13B] to 'success'
[pool-145-thread-1] INFO org.apache.nifi.processors.standard.ControlRate - ControlRate[id=cdfdff17-80e1-43c9-ac97-e51acf6a863b] transferring FlowFile[967,96103959389765.mockFlowFile,13B] to 'success'
[pool-145-thread-1] INFO org.apache.nifi.processors.standard.ControlRate - ControlRate[id=cdfdff17-80e1-43c9-ac97-e51acf6a863b] transferring FlowFile[968,96103959408451.mockFlowFile,13B] to 'success'
[pool-145-thread-1] INFO org.apache.nifi.processors.standard.ControlRate - ControlRate[id=cdfdff17-80e1-43c9-ac97-e51acf6a863b] transferring FlowFile[969,96103959425397.mockFlowFile,13B] to 'success'
[pool-145-thread-1] INFO org.apache.nifi.processors.standard.ControlRate - ControlRate[id=cdfdff17-80e1-43c9-ac97-e51acf6a863b] transferring FlowFile[970,96103959441269.mockFlowFile,13B] to 'success'
[pool-145-thread-1] INFO org.apache.nifi.processors.standard.ControlRate - ControlRate[id=cdfdff17-80e1-43c9-ac97-e51acf6a863b] transferring FlowFile[971,96103959458256.mockFlowFile,13B] to 'success'
[pool-145-thread-1] INFO org.apache.nifi.processors.standard.ControlRate - ControlRate[id=cdfdff17-80e1-43c9-ac97-e51acf6a863b] transferring FlowFile[972,96103959474713.mockFlowFile,13B] to 'success'
[pool-145-thread-1] INFO org.apache.nifi.processors.standard.ControlRate - ControlRate[id=cdfdff17-80e1-43c9-ac97-e51acf6a863b] transferring FlowFile[973,96103959494132.mockFlowFile,13B] to 'success'
[pool-145-thread-1] INFO org.apache.nifi.processors.standard.ControlRate - ControlRate[id=cdfdff17-80e1-43c9-ac97-e51acf6a863b] transferring FlowFile[974,96103959510925.mockFlowFile,13B] to 'success'
[pool-145-thread-1] INFO org.apache.nifi.processors.standard.ControlRate - ControlRate[id=cdfdff17-80e1-43c9-ac97-e51acf6a863b] transferring FlowFile[975,96103959533254.mockFlowFile,13B] to 'success'
[pool-145-thread-1] INFO org.apache.nifi.processors.standard.ControlRate - ControlRate[id=cdfdff17-80e1-43c9-ac97-e51acf6a863b] transferring FlowFile[976,96103959550914.mockFlowFile,13B] to 'success'
[pool-145-thread-1] INFO org.apache.nifi.processors.standard.ControlRate - ControlRate[id=cdfdff17-80e1-43c9-ac97-e51acf6a863b] transferring FlowFile[977,96103959565985.mockFlowFile,13B] to 'success'
[pool-145-thread-1] INFO org.apache.nifi.processors.standard.ControlRate - ControlRate[id=cdfdff17-80e1-43c9-ac97-e51acf6a863b] transferring FlowFile[978,96103959582162.mockFlowFile,13B] to 'success'
[pool-145-thread-1] INFO org.apache.nifi.processors.standard.ControlRate - ControlRate[id=cdfdff17-80e1-43c9-ac97-e51acf6a863b] transferring FlowFile[979,96103959598545.mockFlowFile,13B] to 'success'
[pool-145-thread-1] INFO org.apache.nifi.processors.standard.ControlRate - ControlRate[id=cdfdff17-80e1-43c9-ac97-e51acf6a863b] transferring FlowFile[980,96103959613825.mockFlowFile,13B] to 'success'
[pool-145-thread-1] INFO org.apache.nifi.processors.standard.ControlRate - ControlRate[id=cdfdff17-80e1-43c9-ac97-e51acf6a863b] transferring FlowFile[981,96103959631265.mockFlowFile,13B] to 'success'
[pool-145-thread-1] INFO org.apache.nifi.processors.standard.ControlRate - ControlRate[id=cdfdff17-80e1-43c9-ac97-e51acf6a863b] transferring FlowFile[982,96103959646765.mockFlowFile,13B] to 'success'
[pool-145-thread-1] INFO org.apache.nifi.processors.standard.ControlRate - ControlRate[id=cdfdff17-80e1-43c9-ac97-e51acf6a863b] transferring FlowFile[983,96103959668661.mockFlowFile,13B] to 'success'
[pool-145-thread-1] INFO org.apache.nifi.processors.standard.ControlRate - ControlRate[id=cdfdff17-80e1-43c9-ac97-e51acf6a863b] transferring FlowFile[984,96103959687026.mockFlowFile,13B] to 'success'
[pool-145-thread-1] INFO org.apache.nifi.processors.standard.ControlRate - ControlRate[id=cdfdff17-80e1-43c9-ac97-e51acf6a863b] transferring FlowFile[985,96103959703712.mockFlowFile,13B] to 'success'
[pool-145-thread-1] INFO org.apache.nifi.processors.standard.ControlRate - ControlRate[id=cdfdff17-80e1-43c9-ac97-e51acf6a863b] transferring FlowFile[986,96103959721295.mockFlowFile,13B] to 'success'
[pool-145-thread-1] INFO org.apache.nifi.processors.standard.ControlRate - ControlRate[id=cdfdff17-80e1-43c9-ac97-e51acf6a863b] transferring FlowFile[987,96103959739812.mockFlowFile,13B] to 'success'
[pool-145-thread-1] INFO org.apache.nifi.processors.standard.ControlRate - ControlRate[id=cdfdff17-80e1-43c9-ac97-e51acf6a863b] transferring FlowFile[988,96103959777275.mockFlowFile,13B] to 'success'
[pool-145-thread-1] INFO org.apache.nifi.processors.standard.ControlRate - ControlRate[id=cdfdff17-80e1-43c9-ac97-e51acf6a863b] transferring FlowFile[989,96103959796833.mockFlowFile,13B] to 'success'
[pool-145-thread-1] INFO org.apache.nifi.processors.standard.ControlRate - ControlRate[id=cdfdff17-80e1-43c9-ac97-e51acf6a863b] transferring FlowFile[990,96103959814036.mockFlowFile,13B] to 'success'
[pool-145-thread-1] INFO org.apache.nifi.processors.standard.ControlRate - ControlRate[id=cdfdff17-80e1-43c9-ac97-e51acf6a863b] transferring FlowFile[991,96103959838914.mockFlowFile,13B] to 'success'
[pool-145-thread-1] INFO org.apache.nifi.processors.standard.ControlRate - ControlRate[id=cdfdff17-80e1-43c9-ac97-e51acf6a863b] transferring FlowFile[992,96103959857287.mockFlowFile,13B] to 'success'
[pool-145-thread-1] INFO org.apache.nifi.processors.standard.ControlRate - ControlRate[id=cdfdff17-80e1-43c9-ac97-e51acf6a863b] transferring FlowFile[993,96103959874897.mockFlowFile,13B] to 'success'
[pool-145-thread-1] INFO org.apache.nifi.processors.standard.ControlRate - ControlRate[id=cdfdff17-80e1-43c9-ac97-e51acf6a863b] transferring FlowFile[994,96103959892531.mockFlowFile,13B] to 'success'
[pool-145-thread-1] INFO org.apache.nifi.processors.standard.ControlRate - ControlRate[id=cdfdff17-80e1-43c9-ac97-e51acf6a863b] transferring FlowFile[995,96103959908473.mockFlowFile,13B] to 'success'
[pool-145-thread-1] INFO org.apache.nifi.processors.standard.ControlRate - ControlRate[id=cdfdff17-80e1-43c9-ac97-e51acf6a863b] transferring FlowFile[996,96103959925030.mockFlowFile,13B] to 'success'
[pool-145-thread-1] INFO org.apache.nifi.processors.standard.ControlRate - ControlRate[id=cdfdff17-80e1-43c9-ac97-e51acf6a863b] transferring FlowFile[997,96103959947201.mockFlowFile,13B] to 'success'
[pool-145-thread-1] INFO org.apache.nifi.processors.standard.ControlRate - ControlRate[id=cdfdff17-80e1-43c9-ac97-e51acf6a863b] transferring FlowFile[998,96103959965598.mockFlowFile,13B] to 'success'
[pool-145-thread-1] INFO org.apache.nifi.processors.standard.ControlRate - ControlRate[id=cdfdff17-80e1-43c9-ac97-e51acf6a863b] transferring FlowFile[999,96103959988377.mockFlowFile,13B] to 'success'
[pool-146-thread-1] INFO org.apache.nifi.processors.standard.ControlRate - ControlRate[id=cdfdff17-80e1-43c9-ac97-e51acf6a863b] transferring FlowFile[1000,96103960023768.mockFlowFile,14B] to 'success'
[pool-146-thread-1] INFO org.apache.nifi.processors.standard.ControlRate - ControlRate[id=cdfdff17-80e1-43c9-ac97-e51acf6a863b] transferring FlowFile[1001,96103960044962.mockFlowFile,14B] to 'success'
[pool-146-thread-1] INFO org.apache.nifi.processors.standard.ControlRate - ControlRate[id=cdfdff17-80e1-43c9-ac97-e51acf6a863b] transferring FlowFile[1002,96103960062403.mockFlowFile,14B] to 'success'
[pool-146-thread-1] INFO org.apache.nifi.processors.standard.ControlRate - ControlRate[id=cdfdff17-80e1-43c9-ac97-e51acf6a863b] transferring FlowFile[1003,96103960080443.mockFlowFile,14B] to 'success'
[pool-146-thread-1] INFO org.apache.nifi.processors.standard.ControlRate - ControlRate[id=cdfdff17-80e1-43c9-ac97-e51acf6a863b] transferring FlowFile[1004,96103960099813.mockFlowFile,14B] to 'success'
[pool-146-thread-1] INFO org.apache.nifi.processors.standard.ControlRate - ControlRate[id=cdfdff17-80e1-43c9-ac97-e51acf6a863b] transferring FlowFile[1005,96103960116818.mockFlowFile,14B] to 'success'
[pool-146-thread-1] INFO org.apache.nifi.processors.standard.ControlRate - ControlRate[id=cdfdff17-80e1-43c9-ac97-e51acf6a863b] transferring FlowFile[1006,96103960133348.mockFlowFile,14B] to 'success'
[pool-146-thread-1] INFO org.apache.nifi.processors.standard.ControlRate - ControlRate[id=cdfdff17-80e1-43c9-ac97-e51acf6a863b] transferring FlowFile[1007,96103960154374.mockFlowFile,14B] to 'success'
[pool-146-thread-1] INFO org.apache.nifi.processors.standard.ControlRate - ControlRate[id=cdfdff17-80e1-43c9-ac97-e51acf6a863b] transferring FlowFile[1008,96103960172313.mockFlowFile,14B] to 'success'
[pool-146-thread-1] INFO org.apache.nifi.processors.standard.ControlRate - ControlRate[id=cdfdff17-80e1-43c9-ac97-e51acf6a863b] transferring FlowFile[1009,96103960188903.mockFlowFile,14B] to 'success'
[pool-146-thread-1] INFO org.apache.nifi.processors.standard.ControlRate - ControlRate[id=cdfdff17-80e1-43c9-ac97-e51acf6a863b] transferring FlowFile[1010,96103960204071.mockFlowFile,14B] to 'success'
[pool-146-thread-1] INFO org.apache.nifi.processors.standard.ControlRate - ControlRate[id=cdfdff17-80e1-43c9-ac97-e51acf6a863b] transferring FlowFile[1011,96103960223485.mockFlowFile,14B] to 'success'
[pool-146-thread-1] INFO org.apache.nifi.processors.standard.ControlRate - ControlRate[id=cdfdff17-80e1-43c9-ac97-e51acf6a863b] transferring FlowFile[1012,96103960238610.mockFlowFile,14B] to 'success'
[pool-146-thread-1] INFO org.apache.nifi.processors.standard.ControlRate - ControlRate[id=cdfdff17-80e1-43c9-ac97-e51acf6a863b] transferring FlowFile[1013,96103960254830.mockFlowFile,14B] to 'success'
[pool-146-thread-1] INFO org.apache.nifi.processors.standard.ControlRate - ControlRate[id=cdfdff17-80e1-43c9-ac97-e51acf6a863b] transferring FlowFile[1014,96103960270911.mockFlowFile,14B] to 'success'
[pool-146-thread-1] INFO org.apache.nifi.processors.standard.ControlRate - ControlRate[id=cdfdff17-80e1-43c9-ac97-e51acf6a863b] transferring FlowFile[1015,96103960290480.mockFlowFile,14B] to 'success'
[pool-146-thread-1] INFO org.apache.nifi.processors.standard.ControlRate - ControlRate[id=cdfdff17-80e1-43c9-ac97-e51acf6a863b] transferring FlowFile[1016,96103960306920.mockFlowFile,14B] to 'success'
[pool-146-thread-1] INFO org.apache.nifi.processors.standard.ControlRate - ControlRate[id=cdfdff17-80e1-43c9-ac97-e51acf6a863b] transferring FlowFile[1017,96103960321684.mockFlowFile,14B] to 'success'
[pool-146-thread-1] INFO org.apache.nifi.processors.standard.ControlRate - ControlRate[id=cdfdff17-80e1-43c9-ac97-e51acf6a863b] transferring FlowFile[1018,96103960337138.mockFlowFile,14B] to 'success'
[pool-146-thread-1] INFO org.apache.nifi.processors.standard.ControlRate - ControlRate[id=cdfdff17-80e1-43c9-ac97-e51acf6a863b] transferring FlowFile[1019,96103960352308.mockFlowFile,14B] to 'success'
[pool-146-thread-1] INFO org.apache.nifi.processors.standard.ControlRate - ControlRate[id=cdfdff17-80e1-43c9-ac97-e51acf6a863b] transferring FlowFile[1020,96103960366563.mockFlowFile,14B] to 'success'
[pool-146-thread-1] INFO org.apache.nifi.processors.standard.ControlRate - ControlRate[id=cdfdff17-80e1-43c9-ac97-e51acf6a863b] transferring FlowFile[1021,96103960382481.mockFlowFile,14B] to 'success'
[pool-146-thread-1] INFO org.apache.nifi.processors.standard.ControlRate - ControlRate[id=cdfdff17-80e1-43c9-ac97-e51acf6a863b] transferring FlowFile[1022,96103960397614.mockFlowFile,14B] to 'success'
[pool-146-thread-1] INFO org.apache.nifi.processors.standard.ControlRate - ControlRate[id=cdfdff17-80e1-43c9-ac97-e51acf6a863b] transferring FlowFile[1023,96103960417810.mockFlowFile,14B] to 'success'
[pool-146-thread-1] INFO org.apache.nifi.processors.standard.ControlRate - ControlRate[id=cdfdff17-80e1-43c9-ac97-e51acf6a863b] transferring FlowFile[1024,96103960438223.mockFlowFile,14B] to 'success'
[pool-146-thread-1] INFO org.apache.nifi.processors.standard.ControlRate - ControlRate[id=cdfdff17-80e1-43c9-ac97-e51acf6a863b] transferring FlowFile[1025,96103960452963.mockFlowFile,14B] to 'success'
[pool-146-thread-1] INFO org.apache.nifi.processors.standard.ControlRate - ControlRate[id=cdfdff17-80e1-43c9-ac97-e51acf6a863b] transferring FlowFile[1026,96103960469315.mockFlowFile,14B] to 'success'
[pool-146-thread-1] INFO org.apache.nifi.processors.standard.ControlRate - ControlRate[id=cdfdff17-80e1-43c9-ac97-e51acf6a863b] transferring FlowFile[1027,96103960484269.mockFlowFile,14B] to 'success'
[pool-146-thread-1] INFO org.apache.nifi.processors.standard.ControlRate - ControlRate[id=cdfdff17-80e1-43c9-ac97-e51acf6a863b] transferring FlowFile[1028,96103960501060.mockFlowFile,14B] to 'success'
[pool-146-thread-1] INFO org.apache.nifi.processors.standard.ControlRate - ControlRate[id=cdfdff17-80e1-43c9-ac97-e51acf6a863b] transferring FlowFile[1029,96103960517127.mockFlowFile,14B] to 'success'
[pool-146-thread-1] INFO org.apache.nifi.processors.standard.ControlRate - ControlRate[id=cdfdff17-80e1-43c9-ac97-e51acf6a863b] transferring FlowFile[1030,96103960532119.mockFlowFile,14B] to 'success'
[pool-146-thread-1] INFO org.apache.nifi.processors.standard.ControlRate - ControlRate[id=cdfdff17-80e1-43c9-ac97-e51acf6a863b] transferring FlowFile[1031,96103960553834.mockFlowFile,14B] to 'success'
[pool-146-thread-1] INFO org.apache.nifi.processors.standard.ControlRate - ControlRate[id=cdfdff17-80e1-43c9-ac97-e51acf6a863b] transferring FlowFile[1032,96103960569723.mockFlowFile,14B] to 'success'
[pool-146-thread-1] INFO org.apache.nifi.processors.standard.ControlRate - ControlRate[id=cdfdff17-80e1-43c9-ac97-e51acf6a863b] transferring FlowFile[1033,96103960586502.mockFlowFile,14B] to 'success'
[pool-146-thread-1] INFO org.apache.nifi.processors.standard.ControlRate - ControlRate[id=cdfdff17-80e1-43c9-ac97-e51acf6a863b] transferring FlowFile[1034,96103960603727.mockFlowFile,14B] to 'success'
[pool-146-thread-1] INFO org.apache.nifi.processors.standard.ControlRate - ControlRate[id=cdfdff17-80e1-43c9-ac97-e51acf6a863b] transferring FlowFile[1035,96103960621617.mockFlowFile,14B] to 'success'
[pool-146-thread-1] INFO org.apache.nifi.processors.standard.ControlRate - ControlRate[id=cdfdff17-80e1-43c9-ac97-e51acf6a863b] transferring FlowFile[1036,96103960637477.mockFlowFile,14B] to 'success'
[pool-146-thread-1] INFO org.apache.nifi.processors.standard.ControlRate - ControlRate[id=cdfdff17-80e1-43c9-ac97-e51acf6a863b] transferring FlowFile[1037,96103960652254.mockFlowFile,14B] to 'success'
[pool-146-thread-1] INFO org.apache.nifi.processors.standard.ControlRate - ControlRate[id=cdfdff17-80e1-43c9-ac97-e51acf6a863b] transferring FlowFile[1038,96103960668211.mockFlowFile,14B] to 'success'
[pool-146-thread-1] INFO org.apache.nifi.processors.standard.ControlRate - ControlRate[id=cdfdff17-80e1-43c9-ac97-e51acf6a863b] transferring FlowFile[1039,96103960688952.mockFlowFile,14B] to 'success'
[pool-146-thread-1] INFO org.apache.nifi.processors.standard.ControlRate - ControlRate[id=cdfdff17-80e1-43c9-ac97-e51acf6a863b] transferring FlowFile[1040,96103960704545.mockFlowFile,14B] to 'success'
[pool-146-thread-1] INFO org.apache.nifi.processors.standard.ControlRate - ControlRate[id=cdfdff17-80e1-43c9-ac97-e51acf6a863b] transferring FlowFile[1041,96103960720408.mockFlowFile,14B] to 'success'
[pool-146-thread-1] INFO org.apache.nifi.processors.standard.ControlRate - ControlRate[id=cdfdff17-80e1-43c9-ac97-e51acf6a863b] transferring FlowFile[1042,96103960736448.mockFlowFile,14B] to 'success'
[pool-146-thread-1] INFO org.apache.nifi.processors.standard.ControlRate - ControlRate[id=cdfdff17-80e1-43c9-ac97-e51acf6a863b] transferring FlowFile[1043,96103960752633.mockFlowFile,14B] to 'success'
[pool-146-thread-1] INFO org.apache.nifi.processors.standard.ControlRate - ControlRate[id=cdfdff17-80e1-43c9-ac97-e51acf6a863b] transferring FlowFile[1044,96103960777198.mockFlowFile,14B] to 'success'
[pool-146-thread-1] INFO org.apache.nifi.processors.standard.ControlRate - ControlRate[id=cdfdff17-80e1-43c9-ac97-e51acf6a863b] transferring FlowFile[1045,96103960793440.mockFlowFile,14B] to 'success'
[pool-146-thread-1] INFO org.apache.nifi.processors.standard.ControlRate - ControlRate[id=cdfdff17-80e1-43c9-ac97-e51acf6a863b] transferring FlowFile[1046,96103960811891.mockFlowFile,14B] to 'success'
[pool-146-thread-1] INFO org.apache.nifi.processors.standard.ControlRate - ControlRate[id=cdfdff17-80e1-43c9-ac97-e51acf6a863b] transferring FlowFile[1047,96103960833701.mockFlowFile,14B] to 'success'
[pool-146-thread-1] INFO org.apache.nifi.processors.standard.ControlRate - ControlRate[id=cdfdff17-80e1-43c9-ac97-e51acf6a863b] transferring FlowFile[1048,96103960851076.mockFlowFile,14B] to 'success'
[pool-146-thread-1] INFO org.apache.nifi.processors.standard.ControlRate - ControlRate[id=cdfdff17-80e1-43c9-ac97-e51acf6a863b] transferring FlowFile[1049,96103960867896.mockFlowFile,14B] to 'success'
[pool-146-thread-1] INFO org.apache.nifi.processors.standard.ControlRate - ControlRate[id=cdfdff17-80e1-43c9-ac97-e51acf6a863b] transferring FlowFile[1050,96103960883351.mockFlowFile,14B] to 'success'
[pool-146-thread-1] INFO org.apache.nifi.processors.standard.ControlRate - ControlRate[id=cdfdff17-80e1-43c9-ac97-e51acf6a863b] transferring FlowFile[1051,96103960899133.mockFlowFile,14B] to 'success'
[pool-146-thread-1] INFO org.apache.nifi.processors.standard.ControlRate - ControlRate[id=cdfdff17-80e1-43c9-ac97-e51acf6a863b] transferring FlowFile[1052,96103960914475.mockFlowFile,14B] to 'success'
[pool-146-thread-1] INFO org.apache.nifi.processors.standard.ControlRate - ControlRate[id=cdfdff17-80e1-43c9-ac97-e51acf6a863b] transferring FlowFile[1053,96103960930311.mockFlowFile,14B] to 'success'
[pool-146-thread-1] INFO org.apache.nifi.processors.standard.ControlRate - ControlRate[id=cdfdff17-80e1-43c9-ac97-e51acf6a863b] transferring FlowFile[1054,96103960946864.mockFlowFile,14B] to 'success'
[pool-146-thread-1] INFO org.apache.nifi.processors.standard.ControlRate - ControlRate[id=cdfdff17-80e1-43c9-ac97-e51acf6a863b] transferring FlowFile[1055,96103960967356.mockFlowFile,14B] to 'success'
[pool-146-thread-1] INFO org.apache.nifi.processors.standard.ControlRate - ControlRate[id=cdfdff17-80e1-43c9-ac97-e51acf6a863b] transferring FlowFile[1056,96103960984275.mockFlowFile,14B] to 'success'
[pool-146-thread-1] INFO org.apache.nifi.processors.standard.ControlRate - ControlRate[id=cdfdff17-80e1-43c9-ac97-e51acf6a863b] transferring FlowFile[1057,96103960999618.mockFlowFile,14B] to 'success'
[pool-146-thread-1] INFO org.apache.nifi.processors.standard.ControlRate - ControlRate[id=cdfdff17-80e1-43c9-ac97-e51acf6a863b] transferring FlowFile[1058,96103961016732.mockFlowFile,14B] to 'success'
[pool-146-thread-1] INFO org.apache.nifi.processors.standard.ControlRate - ControlRate[id=cdfdff17-80e1-43c9-ac97-e51acf6a863b] transferring FlowFile[1059,96103961032999.mockFlowFile,14B] to 'success'
[pool-146-thread-1] INFO org.apache.nifi.processors.standard.ControlRate - ControlRate[id=cdfdff17-80e1-43c9-ac97-e51acf6a863b] transferring FlowFile[1060,96103961048708.mockFlowFile,14B] to 'success'
[pool-146-thread-1] INFO org.apache.nifi.processors.standard.ControlRate - ControlRate[id=cdfdff17-80e1-43c9-ac97-e51acf6a863b] transferring FlowFile[1061,96103961065414.mockFlowFile,14B] to 'success'
[pool-146-thread-1] INFO org.apache.nifi.processors.standard.ControlRate - ControlRate[id=cdfdff17-80e1-43c9-ac97-e51acf6a863b] transferring FlowFile[1062,96103961080754.mockFlowFile,14B] to 'success'
[pool-146-thread-1] INFO org.apache.nifi.processors.standard.ControlRate - ControlRate[id=cdfdff17-80e1-43c9-ac97-e51acf6a863b] transferring FlowFile[1063,96103961102304.mockFlowFile,14B] to 'success'
[pool-146-thread-1] INFO org.apache.nifi.processors.standard.ControlRate - ControlRate[id=cdfdff17-80e1-43c9-ac97-e51acf6a863b] transferring FlowFile[1064,96103961119737.mockFlowFile,14B] to 'success'
[pool-146-thread-1] INFO org.apache.nifi.processors.standard.ControlRate - ControlRate[id=cdfdff17-80e1-43c9-ac97-e51acf6a863b] transferring FlowFile[1065,96103961135412.mockFlowFile,14B] to 'success'
[pool-146-thread-1] INFO org.apache.nifi.processors.standard.ControlRate - ControlRate[id=cdfdff17-80e1-43c9-ac97-e51acf6a863b] transferring FlowFile[1066,96103961151163.mockFlowFile,14B] to 'success'
[pool-146-thread-1] INFO org.apache.nifi.processors.standard.ControlRate - ControlRate[id=cdfdff17-80e1-43c9-ac97-e51acf6a863b] transferring FlowFile[1067,96103961166018.mockFlowFile,14B] to 'success'
[pool-146-thread-1] INFO org.apache.nifi.processors.standard.ControlRate - ControlRate[id=cdfdff17-80e1-43c9-ac97-e51acf6a863b] transferring FlowFile[1068,96103961181492.mockFlowFile,14B] to 'success'
[pool-146-thread-1] INFO org.apache.nifi.processors.standard.ControlRate - ControlRate[id=cdfdff17-80e1-43c9-ac97-e51acf6a863b] transferring FlowFile[1069,96103961196777.mockFlowFile,14B] to 'success'
[pool-146-thread-1] INFO org.apache.nifi.processors.standard.ControlRate - ControlRate[id=cdfdff17-80e1-43c9-ac97-e51acf6a863b] transferring FlowFile[1070,96103961210798.mockFlowFile,14B] to 'success'
[pool-146-thread-1] INFO org.apache.nifi.processors.standard.ControlRate - ControlRate[id=cdfdff17-80e1-43c9-ac97-e51acf6a863b] transferring FlowFile[1071,96103961231479.mockFlowFile,14B] to 'success'
[pool-146-thread-1] INFO org.apache.nifi.processors.standard.ControlRate - ControlRate[id=cdfdff17-80e1-43c9-ac97-e51acf6a863b] transferring FlowFile[1072,96103961246281.mockFlowFile,14B] to 'success'
[pool-146-thread-1] INFO org.apache.nifi.processors.standard.ControlRate - ControlRate[id=cdfdff17-80e1-43c9-ac97-e51acf6a863b] transferring FlowFile[1073,96103961262231.mockFlowFile,14B] to 'success'
[pool-146-thread-1] INFO org.apache.nifi.processors.standard.ControlRate - ControlRate[id=cdfdff17-80e1-43c9-ac97-e51acf6a863b] transferring FlowFile[1074,96103961280188.mockFlowFile,14B] to 'success'
[pool-146-thread-1] INFO org.apache.nifi.processors.standard.ControlRate - ControlRate[id=cdfdff17-80e1-43c9-ac97-e51acf6a863b] transferring FlowFile[1075,96103961295499.mockFlowFile,14B] to 'success'
[pool-146-thread-1] INFO org.apache.nifi.processors.standard.ControlRate - ControlRate[id=cdfdff17-80e1-43c9-ac97-e51acf6a863b] transferring FlowFile[1076,96103961323550.mockFlowFile,14B] to 'success'
[pool-146-thread-1] INFO org.apache.nifi.processors.standard.ControlRate - ControlRate[id=cdfdff17-80e1-43c9-ac97-e51acf6a863b] transferring FlowFile[1077,96103961339293.mockFlowFile,14B] to 'success'
[pool-146-thread-1] INFO org.apache.nifi.processors.standard.ControlRate - ControlRate[id=cdfdff17-80e1-43c9-ac97-e51acf6a863b] transferring FlowFile[1078,96103961355498.mockFlowFile,14B] to 'success'
[pool-146-thread-1] INFO org.apache.nifi.processors.standard.ControlRate - ControlRate[id=cdfdff17-80e1-43c9-ac97-e51acf6a863b] transferring FlowFile[1079,96103961377011.mockFlowFile,14B] to 'success'
[pool-146-thread-1] INFO org.apache.nifi.processors.standard.ControlRate - ControlRate[id=cdfdff17-80e1-43c9-ac97-e51acf6a863b] transferring FlowFile[1080,96103961392960.mockFlowFile,14B] to 'success'
[pool-146-thread-1] INFO org.apache.nifi.processors.standard.ControlRate - ControlRate[id=cdfdff17-80e1-43c9-ac97-e51acf6a863b] transferring FlowFile[1081,96103961411792.mockFlowFile,14B] to 'success'
[pool-146-thread-1] INFO org.apache.nifi.processors.standard.ControlRate - ControlRate[id=cdfdff17-80e1-43c9-ac97-e51acf6a863b] transferring FlowFile[1082,96103961426064.mockFlowFile,14B] to 'success'
[pool-146-thread-1] INFO org.apache.nifi.processors.standard.ControlRate - ControlRate[id=cdfdff17-80e1-43c9-ac97-e51acf6a863b] transferring FlowFile[1083,96103961440835.mockFlowFile,14B] to 'success'
[pool-146-thread-1] INFO org.apache.nifi.processors.standard.ControlRate - ControlRate[id=cdfdff17-80e1-43c9-ac97-e51acf6a863b] transferring FlowFile[1084,96103961455749.mockFlowFile,14B] to 'success'
[pool-146-thread-1] INFO org.apache.nifi.processors.standard.ControlRate - ControlRate[id=cdfdff17-80e1-43c9-ac97-e51acf6a863b] transferring FlowFile[1085,96103961470084.mockFlowFile,14B] to 'success'
[pool-146-thread-1] INFO org.apache.nifi.processors.standard.ControlRate - ControlRate[id=cdfdff17-80e1-43c9-ac97-e51acf6a863b] transferring FlowFile[1086,96103961487931.mockFlowFile,14B] to 'success'
[pool-146-thread-1] INFO org.apache.nifi.processors.standard.ControlRate - ControlRate[id=cdfdff17-80e1-43c9-ac97-e51acf6a863b] transferring FlowFile[1087,96103961507404.mockFlowFile,14B] to 'success'
[pool-146-thread-1] INFO org.apache.nifi.processors.standard.ControlRate - ControlRate[id=cdfdff17-80e1-43c9-ac97-e51acf6a863b] transferring FlowFile[1088,96103961523605.mockFlowFile,14B] to 'success'
[pool-146-thread-1] INFO org.apache.nifi.processors.standard.ControlRate - ControlRate[id=cdfdff17-80e1-43c9-ac97-e51acf6a863b] transferring FlowFile[1089,96103961539169.mockFlowFile,14B] to 'success'
[pool-146-thread-1] INFO org.apache.nifi.processors.standard.ControlRate - ControlRate[id=cdfdff17-80e1-43c9-ac97-e51acf6a863b] transferring FlowFile[1090,96103961556356.mockFlowFile,14B] to 'success'
[pool-146-thread-1] INFO org.apache.nifi.processors.standard.ControlRate - ControlRate[id=cdfdff17-80e1-43c9-ac97-e51acf6a863b] transferring FlowFile[1091,96103961579875.mockFlowFile,14B] to 'success'
[pool-146-thread-1] INFO org.apache.nifi.processors.standard.ControlRate - ControlRate[id=cdfdff17-80e1-43c9-ac97-e51acf6a863b] transferring FlowFile[1092,96103961594539.mockFlowFile,14B] to 'success'
[pool-146-thread-1] INFO org.apache.nifi.processors.standard.ControlRate - ControlRate[id=cdfdff17-80e1-43c9-ac97-e51acf6a863b] transferring FlowFile[1093,96103961610175.mockFlowFile,14B] to 'success'
[pool-146-thread-1] INFO org.apache.nifi.processors.standard.ControlRate - ControlRate[id=cdfdff17-80e1-43c9-ac97-e51acf6a863b] transferring FlowFile[1094,96103961625142.mockFlowFile,14B] to 'success'
[pool-146-thread-1] INFO org.apache.nifi.processors.standard.ControlRate - ControlRate[id=cdfdff17-80e1-43c9-ac97-e51acf6a863b] transferring FlowFile[1095,96103961651242.mockFlowFile,14B] to 'success'
[pool-146-thread-1] INFO org.apache.nifi.processors.standard.ControlRate - ControlRate[id=cdfdff17-80e1-43c9-ac97-e51acf6a863b] transferring FlowFile[1096,96103961667333.mockFlowFile,14B] to 'success'
[pool-146-thread-1] INFO org.apache.nifi.processors.standard.ControlRate - ControlRate[id=cdfdff17-80e1-43c9-ac97-e51acf6a863b] transferring FlowFile[1097,96103961682445.mockFlowFile,14B] to 'success'
[pool-146-thread-1] INFO org.apache.nifi.processors.standard.ControlRate - ControlRate[id=cdfdff17-80e1-43c9-ac97-e51acf6a863b] transferring FlowFile[1098,96103961697685.mockFlowFile,14B] to 'success'
[pool-146-thread-1] INFO org.apache.nifi.processors.standard.ControlRate - ControlRate[id=cdfdff17-80e1-43c9-ac97-e51acf6a863b] transferring FlowFile[1099,96103961712282.mockFlowFile,14B] to 'success'
[pool-146-thread-1] INFO org.apache.nifi.processors.standard.ControlRate - ControlRate[id=cdfdff17-80e1-43c9-ac97-e51acf6a863b] transferring FlowFile[1100,96103961725888.mockFlowFile,14B] to 'success'
[pool-146-thread-1] INFO org.apache.nifi.processors.standard.ControlRate - ControlRate[id=cdfdff17-80e1-43c9-ac97-e51acf6a863b] transferring FlowFile[1101,96103961740725.mockFlowFile,14B] to 'success'
[pool-146-thread-1] INFO org.apache.nifi.processors.standard.ControlRate - ControlRate[id=cdfdff17-80e1-43c9-ac97-e51acf6a863b] transferring FlowFile[1102,96103961755992.mockFlowFile,14B] to 'success'
[pool-146-thread-1] INFO org.apache.nifi.processors.standard.ControlRate - ControlRate[id=cdfdff17-80e1-43c9-ac97-e51acf6a863b] transferring FlowFile[1103,96103961775954.mockFlowFile,14B] to 'success'
[pool-146-thread-1] INFO org.apache.nifi.processors.standard.ControlRate - ControlRate[id=cdfdff17-80e1-43c9-ac97-e51acf6a863b] transferring FlowFile[1104,96103961792383.mockFlowFile,14B] to 'success'
[pool-146-thread-1] INFO org.apache.nifi.processors.standard.ControlRate - ControlRate[id=cdfdff17-80e1-43c9-ac97-e51acf6a863b] transferring FlowFile[1105,96103961806371.mockFlowFile,14B] to 'success'
[pool-146-thread-1] INFO org.apache.nifi.processors.standard.ControlRate - ControlRate[id=cdfdff17-80e1-43c9-ac97-e51acf6a863b] transferring FlowFile[1106,96103961821221.mockFlowFile,14B] to 'success'
[pool-146-thread-1] INFO org.apache.nifi.processors.standard.ControlRate - ControlRate[id=cdfdff17-80e1-43c9-ac97-e51acf6a863b] transferring FlowFile[1107,96103961836122.mockFlowFile,14B] to 'success'
[pool-146-thread-1] INFO org.apache.nifi.processors.standard.ControlRate - ControlRate[id=cdfdff17-80e1-43c9-ac97-e51acf6a863b] transferring FlowFile[1108,96103961860205.mockFlowFile,14B] to 'success'
[pool-146-thread-1] INFO org.apache.nifi.processors.standard.ControlRate - ControlRate[id=cdfdff17-80e1-43c9-ac97-e51acf6a863b] transferring FlowFile[1109,96103961875307.mockFlowFile,14B] to 'success'
[pool-146-thread-1] INFO org.apache.nifi.processors.standard.ControlRate - ControlRate[id=cdfdff17-80e1-43c9-ac97-e51acf6a863b] transferring FlowFile[1110,96103961889013.mockFlowFile,14B] to 'success'
[pool-146-thread-1] INFO org.apache.nifi.processors.standard.ControlRate - ControlRate[id=cdfdff17-80e1-43c9-ac97-e51acf6a863b] transferring FlowFile[1111,96103961908336.mockFlowFile,14B] to 'success'
[pool-146-thread-1] INFO org.apache.nifi.processors.standard.ControlRate - ControlRate[id=cdfdff17-80e1-43c9-ac97-e51acf6a863b] transferring FlowFile[1112,96103961923085.mockFlowFile,14B] to 'success'
[pool-146-thread-1] INFO org.apache.nifi.processors.standard.ControlRate - ControlRate[id=cdfdff17-80e1-43c9-ac97-e51acf6a863b] transferring FlowFile[1113,96103961937477.mockFlowFile,14B] to 'success'
[pool-146-thread-1] INFO org.apache.nifi.processors.standard.ControlRate - ControlRate[id=cdfdff17-80e1-43c9-ac97-e51acf6a863b] transferring FlowFile[1114,96103961953675.mockFlowFile,14B] to 'success'
[pool-146-thread-1] INFO org.apache.nifi.processors.standard.ControlRate - ControlRate[id=cdfdff17-80e1-43c9-ac97-e51acf6a863b] transferring FlowFile[1115,96103961970022.mockFlowFile,14B] to 'success'
[pool-146-thread-1] INFO org.apache.nifi.processors.standard.ControlRate - ControlRate[id=cdfdff17-80e1-43c9-ac97-e51acf6a863b] transferring FlowFile[1116,96103961985659.mockFlowFile,14B] to 'success'
[pool-146-thread-1] INFO org.apache.nifi.processors.standard.ControlRate - ControlRate[id=cdfdff17-80e1-43c9-ac97-e51acf6a863b] transferring FlowFile[1117,96103961999340.mockFlowFile,14B] to 'success'
[pool-146-thread-1] INFO org.apache.nifi.processors.standard.ControlRate - ControlRate[id=cdfdff17-80e1-43c9-ac97-e51acf6a863b] transferring FlowFile[1118,96103962015427.mockFlowFile,14B] to 'success'
[pool-146-thread-1] INFO org.apache.nifi.processors.standard.ControlRate - ControlRate[id=cdfdff17-80e1-43c9-ac97-e51acf6a863b] transferring FlowFile[1119,96103962037937.mockFlowFile,14B] to 'success'
[pool-146-thread-1] INFO org.apache.nifi.processors.standard.ControlRate - ControlRate[id=cdfdff17-80e1-43c9-ac97-e51acf6a863b] transferring FlowFile[1120,96103962054219.mockFlowFile,14B] to 'success'
[pool-146-thread-1] INFO org.apache.nifi.processors.standard.ControlRate - ControlRate[id=cdfdff17-80e1-43c9-ac97-e51acf6a863b] transferring FlowFile[1121,96103962069865.mockFlowFile,14B] to 'success'
[pool-146-thread-1] INFO org.apache.nifi.processors.standard.ControlRate - ControlRate[id=cdfdff17-80e1-43c9-ac97-e51acf6a863b] transferring FlowFile[1122,96103962085458.mockFlowFile,14B] to 'success'
[pool-146-thread-1] INFO org.apache.nifi.processors.standard.ControlRate - ControlRate[id=cdfdff17-80e1-43c9-ac97-e51acf6a863b] transferring FlowFile[1123,96103962100179.mockFlowFile,14B] to 'success'
[pool-146-thread-1] INFO org.apache.nifi.processors.standard.ControlRate - ControlRate[id=cdfdff17-80e1-43c9-ac97-e51acf6a863b] transferring FlowFile[1124,96103962115468.mockFlowFile,14B] to 'success'
[pool-146-thread-1] INFO org.apache.nifi.processors.standard.ControlRate - ControlRate[id=cdfdff17-80e1-43c9-ac97-e51acf6a863b] transferring FlowFile[1125,96103962130424.mockFlowFile,14B] to 'success'
[pool-146-thread-1] INFO org.apache.nifi.processors.standard.ControlRate - ControlRate[id=cdfdff17-80e1-43c9-ac97-e51acf6a863b] transferring FlowFile[1126,96103962145047.mockFlowFile,14B] to 'success'
[pool-146-thread-1] INFO org.apache.nifi.processors.standard.ControlRate - ControlRate[id=cdfdff17-80e1-43c9-ac97-e51acf6a863b] transferring FlowFile[1127,96103962163985.mockFlowFile,14B] to 'success'
[pool-146-thread-1] INFO org.apache.nifi.processors.standard.ControlRate - ControlRate[id=cdfdff17-80e1-43c9-ac97-e51acf6a863b] transferring FlowFile[1128,96103962179828.mockFlowFile,14B] to 'success'
[pool-146-thread-1] INFO org.apache.nifi.processors.standard.ControlRate - ControlRate[id=cdfdff17-80e1-43c9-ac97-e51acf6a863b] transferring FlowFile[1129,96103962194983.mockFlowFile,14B] to 'success'
[pool-146-thread-1] INFO org.apache.nifi.processors.standard.ControlRate - ControlRate[id=cdfdff17-80e1-43c9-ac97-e51acf6a863b] transferring FlowFile[1130,96103962208404.mockFlowFile,14B] to 'success'
[pool-146-thread-1] INFO org.apache.nifi.processors.standard.ControlRate - ControlRate[id=cdfdff17-80e1-43c9-ac97-e51acf6a863b] transferring FlowFile[1131,96103962222959.mockFlowFile,14B] to 'success'
[pool-146-thread-1] INFO org.apache.nifi.processors.standard.ControlRate - ControlRate[id=cdfdff17-80e1-43c9-ac97-e51acf6a863b] transferring FlowFile[1132,96103962236351.mockFlowFile,14B] to 'success'
[pool-146-thread-1] INFO org.apache.nifi.processors.standard.ControlRate - ControlRate[id=cdfdff17-80e1-43c9-ac97-e51acf6a863b] transferring FlowFile[1133,96103962250461.mockFlowFile,14B] to 'success'
[pool-146-thread-1] INFO org.apache.nifi.processors.standard.ControlRate - ControlRate[id=cdfdff17-80e1-43c9-ac97-e51acf6a863b] transferring FlowFile[1134,96103962264441.mockFlowFile,14B] to 'success'
[pool-146-thread-1] INFO org.apache.nifi.processors.standard.ControlRate - ControlRate[id=cdfdff17-80e1-43c9-ac97-e51acf6a863b] transferring FlowFile[1135,96103962282324.mockFlowFile,14B] to 'success'
[pool-146-thread-1] INFO org.apache.nifi.processors.standard.ControlRate - ControlRate[id=cdfdff17-80e1-43c9-ac97-e51acf6a863b] transferring FlowFile[1136,96103962296912.mockFlowFile,14B] to 'success'
[pool-146-thread-1] INFO org.apache.nifi.processors.standard.ControlRate - ControlRate[id=cdfdff17-80e1-43c9-ac97-e51acf6a863b] transferring FlowFile[1137,96103962310227.mockFlowFile,14B] to 'success'
[pool-146-thread-1] INFO org.apache.nifi.processors.standard.ControlRate - ControlRate[id=cdfdff17-80e1-43c9-ac97-e51acf6a863b] transferring FlowFile[1138,96103962325033.mockFlowFile,14B] to 'success'
[pool-146-thread-1] INFO org.apache.nifi.processors.standard.ControlRate - ControlRate[id=cdfdff17-80e1-43c9-ac97-e51acf6a863b] transferring FlowFile[1139,96103962339516.mockFlowFile,14B] to 'success'
[pool-146-thread-1] INFO org.apache.nifi.processors.standard.ControlRate - ControlRate[id=cdfdff17-80e1-43c9-ac97-e51acf6a863b] transferring FlowFile[1140,96103962353017.mockFlowFile,14B] to 'success'
[pool-146-thread-1] INFO org.apache.nifi.processors.standard.ControlRate - ControlRate[id=cdfdff17-80e1-43c9-ac97-e51acf6a863b] transferring FlowFile[1141,96103962367481.mockFlowFile,14B] to 'success'
[pool-146-thread-1] INFO org.apache.nifi.processors.standard.ControlRate - ControlRate[id=cdfdff17-80e1-43c9-ac97-e51acf6a863b] transferring FlowFile[1142,96103962381246.mockFlowFile,14B] to 'success'
[pool-146-thread-1] INFO org.apache.nifi.processors.standard.ControlRate - ControlRate[id=cdfdff17-80e1-43c9-ac97-e51acf6a863b] transferring FlowFile[1143,96103962400810.mockFlowFile,14B] to 'success'
[pool-146-thread-1] INFO org.apache.nifi.processors.standard.ControlRate - ControlRate[id=cdfdff17-80e1-43c9-ac97-e51acf6a863b] transferring FlowFile[1144,96103962416205.mockFlowFile,14B] to 'success'
[pool-146-thread-1] INFO org.apache.nifi.processors.standard.ControlRate - ControlRate[id=cdfdff17-80e1-43c9-ac97-e51acf6a863b] transferring FlowFile[1145,96103962430262.mockFlowFile,14B] to 'success'
[pool-146-thread-1] INFO org.apache.nifi.processors.standard.ControlRate - ControlRate[id=cdfdff17-80e1-43c9-ac97-e51acf6a863b] transferring FlowFile[1146,96103962446086.mockFlowFile,14B] to 'success'
[pool-146-thread-1] INFO org.apache.nifi.processors.standard.ControlRate - ControlRate[id=cdfdff17-80e1-43c9-ac97-e51acf6a863b] transferring FlowFile[1147,96103962461713.mockFlowFile,14B] to 'success'
[pool-146-thread-1] INFO org.apache.nifi.processors.standard.ControlRate - ControlRate[id=cdfdff17-80e1-43c9-ac97-e51acf6a863b] transferring FlowFile[1148,96103962479903.mockFlowFile,14B] to 'success'
[pool-146-thread-1] INFO org.apache.nifi.processors.standard.ControlRate - ControlRate[id=cdfdff17-80e1-43c9-ac97-e51acf6a863b] transferring FlowFile[1149,96103962537088.mockFlowFile,14B] to 'success'
[pool-146-thread-1] INFO org.apache.nifi.processors.standard.ControlRate - ControlRate[id=cdfdff17-80e1-43c9-ac97-e51acf6a863b] transferring FlowFile[1150,96103962552439.mockFlowFile,14B] to 'success'
[pool-146-thread-1] INFO org.apache.nifi.processors.standard.ControlRate - ControlRate[id=cdfdff17-80e1-43c9-ac97-e51acf6a863b] transferring FlowFile[1151,96103962573784.mockFlowFile,14B] to 'success'
[pool-146-thread-1] INFO org.apache.nifi.processors.standard.ControlRate - ControlRate[id=cdfdff17-80e1-43c9-ac97-e51acf6a863b] transferring FlowFile[1152,96103962588829.mockFlowFile,14B] to 'success'
[pool-146-thread-1] INFO org.apache.nifi.processors.standard.ControlRate - ControlRate[id=cdfdff17-80e1-43c9-ac97-e51acf6a863b] transferring FlowFile[1153,96103962604116.mockFlowFile,14B] to 'success'
[pool-146-thread-1] INFO org.apache.nifi.processors.standard.ControlRate - ControlRate[id=cdfdff17-80e1-43c9-ac97-e51acf6a863b] transferring FlowFile[1154,96103962619357.mockFlowFile,14B] to 'success'
[pool-146-thread-1] INFO org.apache.nifi.processors.standard.ControlRate - ControlRate[id=cdfdff17-80e1-43c9-ac97-e51acf6a863b] transferring FlowFile[1155,96103962633819.mockFlowFile,14B] to 'success'
[pool-146-thread-1] INFO org.apache.nifi.processors.standard.ControlRate - ControlRate[id=cdfdff17-80e1-43c9-ac97-e51acf6a863b] transferring FlowFile[1156,96103962649185.mockFlowFile,14B] to 'success'
[pool-146-thread-1] INFO org.apache.nifi.processors.standard.ControlRate - ControlRate[id=cdfdff17-80e1-43c9-ac97-e51acf6a863b] transferring FlowFile[1157,96103962663008.mockFlowFile,14B] to 'success'
[pool-146-thread-1] INFO org.apache.nifi.processors.standard.ControlRate - ControlRate[id=cdfdff17-80e1-43c9-ac97-e51acf6a863b] transferring FlowFile[1158,96103962677811.mockFlowFile,14B] to 'success'
[pool-146-thread-1] INFO org.apache.nifi.processors.standard.ControlRate - ControlRate[id=cdfdff17-80e1-43c9-ac97-e51acf6a863b] transferring FlowFile[1159,96103962698051.mockFlowFile,14B] to 'success'
[pool-146-thread-1] INFO org.apache.nifi.processors.standard.ControlRate - ControlRate[id=cdfdff17-80e1-43c9-ac97-e51acf6a863b] transferring FlowFile[1160,96103962712959.mockFlowFile,14B] to 'success'
[pool-146-thread-1] INFO org.apache.nifi.processors.standard.ControlRate - ControlRate[id=cdfdff17-80e1-43c9-ac97-e51acf6a863b] transferring FlowFile[1161,96103962728234.mockFlowFile,14B] to 'success'
[pool-146-thread-1] INFO org.apache.nifi.processors.standard.ControlRate - ControlRate[id=cdfdff17-80e1-43c9-ac97-e51acf6a863b] transferring FlowFile[1162,96103962742728.mockFlowFile,14B] to 'success'
[pool-146-thread-1] INFO org.apache.nifi.processors.standard.ControlRate - ControlRate[id=cdfdff17-80e1-43c9-ac97-e51acf6a863b] transferring FlowFile[1163,96103962758215.mockFlowFile,14B] to 'success'
[pool-146-thread-1] INFO org.apache.nifi.processors.standard.ControlRate - ControlRate[id=cdfdff17-80e1-43c9-ac97-e51acf6a863b] transferring FlowFile[1164,96103962773298.mockFlowFile,14B] to 'success'
[pool-146-thread-1] INFO org.apache.nifi.processors.standard.ControlRate - ControlRate[id=cdfdff17-80e1-43c9-ac97-e51acf6a863b] transferring FlowFile[1165,96103962787073.mockFlowFile,14B] to 'success'
[pool-146-thread-1] INFO org.apache.nifi.processors.standard.ControlRate - ControlRate[id=cdfdff17-80e1-43c9-ac97-e51acf6a863b] transferring FlowFile[1166,96103962802361.mockFlowFile,14B] to 'success'
[pool-146-thread-1] INFO org.apache.nifi.processors.standard.ControlRate - ControlRate[id=cdfdff17-80e1-43c9-ac97-e51acf6a863b] transferring FlowFile[1167,96103962821259.mockFlowFile,14B] to 'success'
[pool-146-thread-1] INFO org.apache.nifi.processors.standard.ControlRate - ControlRate[id=cdfdff17-80e1-43c9-ac97-e51acf6a863b] transferring FlowFile[1168,96103962836898.mockFlowFile,14B] to 'success'
[pool-146-thread-1] INFO org.apache.nifi.processors.standard.ControlRate - ControlRate[id=cdfdff17-80e1-43c9-ac97-e51acf6a863b] transferring FlowFile[1169,96103962850933.mockFlowFile,14B] to 'success'
[pool-146-thread-1] INFO org.apache.nifi.processors.standard.ControlRate - ControlRate[id=cdfdff17-80e1-43c9-ac97-e51acf6a863b] transferring FlowFile[1170,96103962863857.mockFlowFile,14B] to 'success'
[pool-146-thread-1] INFO org.apache.nifi.processors.standard.ControlRate - ControlRate[id=cdfdff17-80e1-43c9-ac97-e51acf6a863b] transferring FlowFile[1171,96103962881334.mockFlowFile,14B] to 'success'
[pool-146-thread-1] INFO org.apache.nifi.processors.standard.ControlRate - ControlRate[id=cdfdff17-80e1-43c9-ac97-e51acf6a863b] transferring FlowFile[1172,96103962894464.mockFlowFile,14B] to 'success'
[pool-146-thread-1] INFO org.apache.nifi.processors.standard.ControlRate - ControlRate[id=cdfdff17-80e1-43c9-ac97-e51acf6a863b] transferring FlowFile[1173,96103962927942.mockFlowFile,14B] to 'success'
[pool-146-thread-1] INFO org.apache.nifi.processors.standard.ControlRate - ControlRate[id=cdfdff17-80e1-43c9-ac97-e51acf6a863b] transferring FlowFile[1174,96103962947476.mockFlowFile,14B] to 'success'
[pool-146-thread-1] INFO org.apache.nifi.processors.standard.ControlRate - ControlRate[id=cdfdff17-80e1-43c9-ac97-e51acf6a863b] transferring FlowFile[1175,96103962965201.mockFlowFile,14B] to 'success'
[pool-146-thread-1] INFO org.apache.nifi.processors.standard.ControlRate - ControlRate[id=cdfdff17-80e1-43c9-ac97-e51acf6a863b] transferring FlowFile[1176,96103962979015.mockFlowFile,14B] to 'success'
[pool-146-thread-1] INFO org.apache.nifi.processors.standard.ControlRate - ControlRate[id=cdfdff17-80e1-43c9-ac97-e51acf6a863b] transferring FlowFile[1177,96103962991715.mockFlowFile,14B] to 'success'
[pool-146-thread-1] INFO org.apache.nifi.processors.standard.ControlRate - ControlRate[id=cdfdff17-80e1-43c9-ac97-e51acf6a863b] transferring FlowFile[1178,96103963005182.mockFlowFile,14B] to 'success'
[pool-146-thread-1] INFO org.apache.nifi.processors.standard.ControlRate - ControlRate[id=cdfdff17-80e1-43c9-ac97-e51acf6a863b] transferring FlowFile[1179,96103963018331.mockFlowFile,14B] to 'success'
[pool-146-thread-1] INFO org.apache.nifi.processors.standard.ControlRate - ControlRate[id=cdfdff17-80e1-43c9-ac97-e51acf6a863b] transferring FlowFile[1180,96103963030760.mockFlowFile,14B] to 'success'
[pool-146-thread-1] INFO org.apache.nifi.processors.standard.ControlRate - ControlRate[id=cdfdff17-80e1-43c9-ac97-e51acf6a863b] transferring FlowFile[1181,96103963043929.mockFlowFile,14B] to 'success'
[pool-146-thread-1] INFO org.apache.nifi.processors.standard.ControlRate - ControlRate[id=cdfdff17-80e1-43c9-ac97-e51acf6a863b] transferring FlowFile[1182,96103963067082.mockFlowFile,14B] to 'success'
[pool-146-thread-1] INFO org.apache.nifi.processors.standard.ControlRate - ControlRate[id=cdfdff17-80e1-43c9-ac97-e51acf6a863b] transferring FlowFile[1183,96103963084467.mockFlowFile,14B] to 'success'
[pool-146-thread-1] INFO org.apache.nifi.processors.standard.ControlRate - ControlRate[id=cdfdff17-80e1-43c9-ac97-e51acf6a863b] transferring FlowFile[1184,96103963098428.mockFlowFile,14B] to 'success'
[pool-146-thread-1] INFO org.apache.nifi.processors.standard.ControlRate - ControlRate[id=cdfdff17-80e1-43c9-ac97-e51acf6a863b] transferring FlowFile[1185,96103963111897.mockFlowFile,14B] to 'success'
[pool-146-thread-1] INFO org.apache.nifi.processors.standard.ControlRate - ControlRate[id=cdfdff17-80e1-43c9-ac97-e51acf6a863b] transferring FlowFile[1186,96103963125282.mockFlowFile,14B] to 'success'
[pool-146-thread-1] INFO org.apache.nifi.processors.standard.ControlRate - ControlRate[id=cdfdff17-80e1-43c9-ac97-e51acf6a863b] transferring FlowFile[1187,96103963137435.mockFlowFile,14B] to 'success'
[pool-146-thread-1] INFO org.apache.nifi.processors.standard.ControlRate - ControlRate[id=cdfdff17-80e1-43c9-ac97-e51acf6a863b] transferring FlowFile[1188,96103963151583.mockFlowFile,14B] to 'success'
[pool-146-thread-1] INFO org.apache.nifi.processors.standard.ControlRate - ControlRate[id=cdfdff17-80e1-43c9-ac97-e51acf6a863b] transferring FlowFile[1189,96103963165861.mockFlowFile,14B] to 'success'
[pool-146-thread-1] INFO org.apache.nifi.processors.standard.ControlRate - ControlRate[id=cdfdff17-80e1-43c9-ac97-e51acf6a863b] transferring FlowFile[1190,96103963188689.mockFlowFile,14B] to 'success'
[pool-146-thread-1] INFO org.apache.nifi.processors.standard.ControlRate - ControlRate[id=cdfdff17-80e1-43c9-ac97-e51acf6a863b] transferring FlowFile[1191,96103963207458.mockFlowFile,14B] to 'success'
[pool-146-thread-1] INFO org.apache.nifi.processors.standard.ControlRate - ControlRate[id=cdfdff17-80e1-43c9-ac97-e51acf6a863b] transferring FlowFile[1192,96103963220242.mockFlowFile,14B] to 'success'
[pool-146-thread-1] INFO org.apache.nifi.processors.standard.ControlRate - ControlRate[id=cdfdff17-80e1-43c9-ac97-e51acf6a863b] transferring FlowFile[1193,96103963234495.mockFlowFile,14B] to 'success'
[pool-146-thread-1] INFO org.apache.nifi.processors.standard.ControlRate - ControlRate[id=cdfdff17-80e1-43c9-ac97-e51acf6a863b] transferring FlowFile[1194,96103963247963.mockFlowFile,14B] to 'success'
[pool-146-thread-1] INFO org.apache.nifi.processors.standard.ControlRate - ControlRate[id=cdfdff17-80e1-43c9-ac97-e51acf6a863b] transferring FlowFile[1195,96103963261404.mockFlowFile,14B] to 'success'
[pool-146-thread-1] INFO org.apache.nifi.processors.standard.ControlRate - ControlRate[id=cdfdff17-80e1-43c9-ac97-e51acf6a863b] transferring FlowFile[1196,96103963275541.mockFlowFile,14B] to 'success'
[pool-146-thread-1] INFO org.apache.nifi.processors.standard.ControlRate - ControlRate[id=cdfdff17-80e1-43c9-ac97-e51acf6a863b] transferring FlowFile[1197,96103963290640.mockFlowFile,14B] to 'success'
[pool-146-thread-1] INFO org.apache.nifi.processors.standard.ControlRate - ControlRate[id=cdfdff17-80e1-43c9-ac97-e51acf6a863b] transferring FlowFile[1198,96103963316471.mockFlowFile,14B] to 'success'
[pool-146-thread-1] INFO org.apache.nifi.processors.standard.ControlRate - ControlRate[id=cdfdff17-80e1-43c9-ac97-e51acf6a863b] transferring FlowFile[1199,96103963351734.mockFlowFile,14B] to 'success'
[pool-146-thread-1] INFO org.apache.nifi.processors.standard.ControlRate - ControlRate[id=cdfdff17-80e1-43c9-ac97-e51acf6a863b] transferring FlowFile[1200,96103963364718.mockFlowFile,14B] to 'success'
[pool-146-thread-1] INFO org.apache.nifi.processors.standard.ControlRate - ControlRate[id=cdfdff17-80e1-43c9-ac97-e51acf6a863b] transferring FlowFile[1201,96103963377988.mockFlowFile,14B] to 'success'
[pool-146-thread-1] INFO org.apache.nifi.processors.standard.ControlRate - ControlRate[id=cdfdff17-80e1-43c9-ac97-e51acf6a863b] transferring FlowFile[1202,96103963390233.mockFlowFile,14B] to 'success'
[pool-146-thread-1] INFO org.apache.nifi.processors.standard.ControlRate - ControlRate[id=cdfdff17-80e1-43c9-ac97-e51acf6a863b] transferring FlowFile[1203,96103963403016.mockFlowFile,14B] to 'success'
[pool-146-thread-1] INFO org.apache.nifi.processors.standard.ControlRate - ControlRate[id=cdfdff17-80e1-43c9-ac97-e51acf6a863b] transferring FlowFile[1204,96103963416461.mockFlowFile,14B] to 'success'
[pool-146-thread-1] INFO org.apache.nifi.processors.standard.ControlRate - ControlRate[id=cdfdff17-80e1-43c9-ac97-e51acf6a863b] transferring FlowFile[1205,96103963429193.mockFlowFile,14B] to 'success'
[pool-146-thread-1] INFO org.apache.nifi.processors.standard.ControlRate - ControlRate[id=cdfdff17-80e1-43c9-ac97-e51acf6a863b] transferring FlowFile[1206,96103963441993.mockFlowFile,14B] to 'success'
[pool-146-thread-1] INFO org.apache.nifi.processors.standard.ControlRate - ControlRate[id=cdfdff17-80e1-43c9-ac97-e51acf6a863b] transferring FlowFile[1207,96103963458611.mockFlowFile,14B] to 'success'
[pool-146-thread-1] INFO org.apache.nifi.processors.standard.ControlRate - ControlRate[id=cdfdff17-80e1-43c9-ac97-e51acf6a863b] transferring FlowFile[1208,96103963472075.mockFlowFile,14B] to 'success'
[pool-146-thread-1] INFO org.apache.nifi.processors.standard.ControlRate - ControlRate[id=cdfdff17-80e1-43c9-ac97-e51acf6a863b] transferring FlowFile[1209,96103963485798.mockFlowFile,14B] to 'success'
[pool-146-thread-1] INFO org.apache.nifi.processors.standard.ControlRate - ControlRate[id=cdfdff17-80e1-43c9-ac97-e51acf6a863b] transferring FlowFile[1210,96103963497934.mockFlowFile,14B] to 'success'
[pool-146-thread-1] INFO org.apache.nifi.processors.standard.ControlRate - ControlRate[id=cdfdff17-80e1-43c9-ac97-e51acf6a863b] transferring FlowFile[1211,96103963509935.mockFlowFile,14B] to 'success'
[pool-146-thread-1] INFO org.apache.nifi.processors.standard.ControlRate - ControlRate[id=cdfdff17-80e1-43c9-ac97-e51acf6a863b] transferring FlowFile[1212,96103963521647.mockFlowFile,14B] to 'success'
[pool-146-thread-1] INFO org.apache.nifi.processors.standard.ControlRate - ControlRate[id=cdfdff17-80e1-43c9-ac97-e51acf6a863b] transferring FlowFile[1213,96103963534102.mockFlowFile,14B] to 'success'
[pool-146-thread-1] INFO org.apache.nifi.processors.standard.ControlRate - ControlRate[id=cdfdff17-80e1-43c9-ac97-e51acf6a863b] transferring FlowFile[1214,96103963546625.mockFlowFile,14B] to 'success'
[pool-146-thread-1] INFO org.apache.nifi.processors.standard.ControlRate - ControlRate[id=cdfdff17-80e1-43c9-ac97-e51acf6a863b] transferring FlowFile[1215,96103963563185.mockFlowFile,14B] to 'success'
[pool-146-thread-1] INFO org.apache.nifi.processors.standard.ControlRate - ControlRate[id=cdfdff17-80e1-43c9-ac97-e51acf6a863b] transferring FlowFile[1216,96103963575714.mockFlowFile,14B] to 'success'
[pool-146-thread-1] INFO org.apache.nifi.processors.standard.ControlRate - ControlRate[id=cdfdff17-80e1-43c9-ac97-e51acf6a863b] transferring FlowFile[1217,96103963587020.mockFlowFile,14B] to 'success'
[pool-146-thread-1] INFO org.apache.nifi.processors.standard.ControlRate - ControlRate[id=cdfdff17-80e1-43c9-ac97-e51acf6a863b] transferring FlowFile[1218,96103963603799.mockFlowFile,14B] to 'success'
[pool-146-thread-1] INFO org.apache.nifi.processors.standard.ControlRate - ControlRate[id=cdfdff17-80e1-43c9-ac97-e51acf6a863b] transferring FlowFile[1219,96103963616796.mockFlowFile,14B] to 'success'
[pool-146-thread-1] INFO org.apache.nifi.processors.standard.ControlRate - ControlRate[id=cdfdff17-80e1-43c9-ac97-e51acf6a863b] transferring FlowFile[1220,96103963628661.mockFlowFile,14B] to 'success'
[pool-146-thread-1] INFO org.apache.nifi.processors.standard.ControlRate - ControlRate[id=cdfdff17-80e1-43c9-ac97-e51acf6a863b] transferring FlowFile[1221,96103963641084.mockFlowFile,14B] to 'success'
[pool-146-thread-1] INFO org.apache.nifi.processors.standard.ControlRate - ControlRate[id=cdfdff17-80e1-43c9-ac97-e51acf6a863b] transferring FlowFile[1222,96103963653273.mockFlowFile,14B] to 'success'
[pool-146-thread-1] INFO org.apache.nifi.processors.standard.ControlRate - ControlRate[id=cdfdff17-80e1-43c9-ac97-e51acf6a863b] transferring FlowFile[1223,96103963670636.mockFlowFile,14B] to 'success'
[pool-146-thread-1] INFO org.apache.nifi.processors.standard.ControlRate - ControlRate[id=cdfdff17-80e1-43c9-ac97-e51acf6a863b] transferring FlowFile[1224,96103963683969.mockFlowFile,14B] to 'success'
[pool-146-thread-1] INFO org.apache.nifi.processors.standard.ControlRate - ControlRate[id=cdfdff17-80e1-43c9-ac97-e51acf6a863b] transferring FlowFile[1225,96103963695404.mockFlowFile,14B] to 'success'
[pool-146-thread-1] INFO org.apache.nifi.processors.standard.ControlRate - ControlRate[id=cdfdff17-80e1-43c9-ac97-e51acf6a863b] transferring FlowFile[1226,96103963708246.mockFlowFile,14B] to 'success'
[pool-146-thread-1] INFO org.apache.nifi.processors.standard.ControlRate - ControlRate[id=cdfdff17-80e1-43c9-ac97-e51acf6a863b] transferring FlowFile[1227,96103963722167.mockFlowFile,14B] to 'success'
[pool-146-thread-1] INFO org.apache.nifi.processors.standard.ControlRate - ControlRate[id=cdfdff17-80e1-43c9-ac97-e51acf6a863b] transferring FlowFile[1228,96103963735984.mockFlowFile,14B] to 'success'
[pool-146-thread-1] INFO org.apache.nifi.processors.standard.ControlRate - ControlRate[id=cdfdff17-80e1-43c9-ac97-e51acf6a863b] transferring FlowFile[1229,96103963749114.mockFlowFile,14B] to 'success'
[pool-146-thread-1] INFO org.apache.nifi.processors.standard.ControlRate - ControlRate[id=cdfdff17-80e1-43c9-ac97-e51acf6a863b] transferring FlowFile[1230,96103963761917.mockFlowFile,14B] to 'success'
[pool-146-thread-1] INFO org.apache.nifi.processors.standard.ControlRate - ControlRate[id=cdfdff17-80e1-43c9-ac97-e51acf6a863b] transferring FlowFile[1231,96103963781289.mockFlowFile,14B] to 'success'
[pool-146-thread-1] INFO org.apache.nifi.processors.standard.ControlRate - ControlRate[id=cdfdff17-80e1-43c9-ac97-e51acf6a863b] transferring FlowFile[1232,96103963793882.mockFlowFile,14B] to 'success'
[pool-146-thread-1] INFO org.apache.nifi.processors.standard.ControlRate - ControlRate[id=cdfdff17-80e1-43c9-ac97-e51acf6a863b] transferring FlowFile[1233,96103963806808.mockFlowFile,14B] to 'success'
[pool-146-thread-1] INFO org.apache.nifi.processors.standard.ControlRate - ControlRate[id=cdfdff17-80e1-43c9-ac97-e51acf6a863b] transferring FlowFile[1234,96103963819141.mockFlowFile,14B] to 'success'
[pool-146-thread-1] INFO org.apache.nifi.processors.standard.ControlRate - ControlRate[id=cdfdff17-80e1-43c9-ac97-e51acf6a863b] transferring FlowFile[1235,96103963830420.mockFlowFile,14B] to 'success'
[pool-146-thread-1] INFO org.apache.nifi.processors.standard.ControlRate - ControlRate[id=cdfdff17-80e1-43c9-ac97-e51acf6a863b] transferring FlowFile[1236,96103963843138.mockFlowFile,14B] to 'success'
[pool-146-thread-1] INFO org.apache.nifi.processors.standard.ControlRate - ControlRate[id=cdfdff17-80e1-43c9-ac97-e51acf6a863b] transferring FlowFile[1237,96103963856707.mockFlowFile,14B] to 'success'
[pool-146-thread-1] INFO org.apache.nifi.processors.standard.ControlRate - ControlRate[id=cdfdff17-80e1-43c9-ac97-e51acf6a863b] transferring FlowFile[1238,96103963869958.mockFlowFile,14B] to 'success'
[pool-146-thread-1] INFO org.apache.nifi.processors.standard.ControlRate - ControlRate[id=cdfdff17-80e1-43c9-ac97-e51acf6a863b] transferring FlowFile[1239,96103963887458.mockFlowFile,14B] to 'success'
[pool-146-thread-1] INFO org.apache.nifi.processors.standard.ControlRate - ControlRate[id=cdfdff17-80e1-43c9-ac97-e51acf6a863b] transferring FlowFile[1240,96103963899701.mockFlowFile,14B] to 'success'
[pool-146-thread-1] INFO org.apache.nifi.processors.standard.ControlRate - ControlRate[id=cdfdff17-80e1-43c9-ac97-e51acf6a863b] transferring FlowFile[1241,96103963912633.mockFlowFile,14B] to 'success'
[pool-146-thread-1] INFO org.apache.nifi.processors.standard.ControlRate - ControlRate[id=cdfdff17-80e1-43c9-ac97-e51acf6a863b] transferring FlowFile[1242,96103963926036.mockFlowFile,14B] to 'success'
[pool-146-thread-1] INFO org.apache.nifi.processors.standard.ControlRate - ControlRate[id=cdfdff17-80e1-43c9-ac97-e51acf6a863b] transferring FlowFile[1243,96103963939222.mockFlowFile,14B] to 'success'
[pool-146-thread-1] INFO org.apache.nifi.processors.standard.ControlRate - ControlRate[id=cdfdff17-80e1-43c9-ac97-e51acf6a863b] transferring FlowFile[1244,96103963951866.mockFlowFile,14B] to 'success'
[pool-146-thread-1] INFO org.apache.nifi.processors.standard.ControlRate - ControlRate[id=cdfdff17-80e1-43c9-ac97-e51acf6a863b] transferring FlowFile[1245,96103963963276.mockFlowFile,14B] to 'success'
[pool-146-thread-1] INFO org.apache.nifi.processors.standard.ControlRate - ControlRate[id=cdfdff17-80e1-43c9-ac97-e51acf6a863b] transferring FlowFile[1246,96103963975670.mockFlowFile,14B] to 'success'
[pool-146-thread-1] INFO org.apache.nifi.processors.standard.ControlRate - ControlRate[id=cdfdff17-80e1-43c9-ac97-e51acf6a863b] transferring FlowFile[1247,96103963992929.mockFlowFile,14B] to 'success'
[pool-146-thread-1] INFO org.apache.nifi.processors.standard.ControlRate - ControlRate[id=cdfdff17-80e1-43c9-ac97-e51acf6a863b] transferring FlowFile[1248,96103964018237.mockFlowFile,14B] to 'success'
[pool-146-thread-1] INFO org.apache.nifi.processors.standard.ControlRate - ControlRate[id=cdfdff17-80e1-43c9-ac97-e51acf6a863b] transferring FlowFile[1249,96103964031747.mockFlowFile,14B] to 'success'
[pool-146-thread-1] INFO org.apache.nifi.processors.standard.ControlRate - ControlRate[id=cdfdff17-80e1-43c9-ac97-e51acf6a863b] transferring FlowFile[1250,96103964043818.mockFlowFile,14B] to 'success'
[pool-146-thread-1] INFO org.apache.nifi.processors.standard.ControlRate - ControlRate[id=cdfdff17-80e1-43c9-ac97-e51acf6a863b] transferring FlowFile[1251,96103964056886.mockFlowFile,14B] to 'success'
[pool-146-thread-1] INFO org.apache.nifi.processors.standard.ControlRate - ControlRate[id=cdfdff17-80e1-43c9-ac97-e51acf6a863b] transferring FlowFile[1252,96103964068861.mockFlowFile,14B] to 'success'
[pool-146-thread-1] INFO org.apache.nifi.processors.standard.ControlRate - ControlRate[id=cdfdff17-80e1-43c9-ac97-e51acf6a863b] transferring FlowFile[1253,96103964083007.mockFlowFile,14B] to 'success'
[pool-146-thread-1] INFO org.apache.nifi.processors.standard.ControlRate - ControlRate[id=cdfdff17-80e1-43c9-ac97-e51acf6a863b] transferring FlowFile[1254,96103964095560.mockFlowFile,14B] to 'success'
[pool-146-thread-1] INFO org.apache.nifi.processors.standard.ControlRate - ControlRate[id=cdfdff17-80e1-43c9-ac97-e51acf6a863b] transferring FlowFile[1255,96103964112535.mockFlowFile,14B] to 'success'
[pool-146-thread-1] INFO org.apache.nifi.processors.standard.ControlRate - ControlRate[id=cdfdff17-80e1-43c9-ac97-e51acf6a863b] transferring FlowFile[1256,96103964128713.mockFlowFile,14B] to 'success'
[pool-146-thread-1] INFO org.apache.nifi.processors.standard.ControlRate - ControlRate[id=cdfdff17-80e1-43c9-ac97-e51acf6a863b] transferring FlowFile[1257,96103964141127.mockFlowFile,14B] to 'success'
[pool-146-thread-1] INFO org.apache.nifi.processors.standard.ControlRate - ControlRate[id=cdfdff17-80e1-43c9-ac97-e51acf6a863b] transferring FlowFile[1258,96103964154284.mockFlowFile,14B] to 'success'
[pool-146-thread-1] INFO org.apache.nifi.processors.standard.ControlRate - ControlRate[id=cdfdff17-80e1-43c9-ac97-e51acf6a863b] transferring FlowFile[1259,96103964167271.mockFlowFile,14B] to 'success'
[pool-146-thread-1] INFO org.apache.nifi.processors.standard.ControlRate - ControlRate[id=cdfdff17-80e1-43c9-ac97-e51acf6a863b] transferring FlowFile[1260,96103964180735.mockFlowFile,14B] to 'success'
[pool-146-thread-1] INFO org.apache.nifi.processors.standard.ControlRate - ControlRate[id=cdfdff17-80e1-43c9-ac97-e51acf6a863b] transferring FlowFile[1261,96103964193332.mockFlowFile,14B] to 'success'
[pool-146-thread-1] INFO org.apache.nifi.processors.standard.ControlRate - ControlRate[id=cdfdff17-80e1-43c9-ac97-e51acf6a863b] transferring FlowFile[1262,96103964204915.mockFlowFile,14B] to 'success'
[pool-146-thread-1] INFO org.apache.nifi.processors.standard.ControlRate - ControlRate[id=cdfdff17-80e1-43c9-ac97-e51acf6a863b] transferring FlowFile[1263,96103964222825.mockFlowFile,14B] to 'success'
[pool-146-thread-1] INFO org.apache.nifi.processors.standard.ControlRate - ControlRate[id=cdfdff17-80e1-43c9-ac97-e51acf6a863b] transferring FlowFile[1264,96103964236364.mockFlowFile,14B] to 'success'
[pool-146-thread-1] INFO org.apache.nifi.processors.standard.ControlRate - ControlRate[id=cdfdff17-80e1-43c9-ac97-e51acf6a863b] transferring FlowFile[1265,96103964248287.mockFlowFile,14B] to 'success'
[pool-146-thread-1] INFO org.apache.nifi.processors.standard.ControlRate - ControlRate[id=cdfdff17-80e1-43c9-ac97-e51acf6a863b] transferring FlowFile[1266,96103964261354.mockFlowFile,14B] to 'success'
[pool-146-thread-1] INFO org.apache.nifi.processors.standard.ControlRate - ControlRate[id=cdfdff17-80e1-43c9-ac97-e51acf6a863b] transferring FlowFile[1267,96103964277415.mockFlowFile,14B] to 'success'
[pool-146-thread-1] INFO org.apache.nifi.processors.standard.ControlRate - ControlRate[id=cdfdff17-80e1-43c9-ac97-e51acf6a863b] transferring FlowFile[1268,96103964290150.mockFlowFile,14B] to 'success'
[pool-146-thread-1] INFO org.apache.nifi.processors.standard.ControlRate - ControlRate[id=cdfdff17-80e1-43c9-ac97-e51acf6a863b] transferring FlowFile[1269,96103964303233.mockFlowFile,14B] to 'success'
[pool-146-thread-1] INFO org.apache.nifi.processors.standard.ControlRate - ControlRate[id=cdfdff17-80e1-43c9-ac97-e51acf6a863b] transferring FlowFile[1270,96103964315732.mockFlowFile,14B] to 'success'
[pool-146-thread-1] INFO org.apache.nifi.processors.standard.ControlRate - ControlRate[id=cdfdff17-80e1-43c9-ac97-e51acf6a863b] transferring FlowFile[1271,96103964333512.mockFlowFile,14B] to 'success'
[pool-146-thread-1] INFO org.apache.nifi.processors.standard.ControlRate - ControlRate[id=cdfdff17-80e1-43c9-ac97-e51acf6a863b] transferring FlowFile[1272,96103964346952.mockFlowFile,14B] to 'success'
[pool-146-thread-1] INFO org.apache.nifi.processors.standard.ControlRate - ControlRate[id=cdfdff17-80e1-43c9-ac97-e51acf6a863b] transferring FlowFile[1273,96103964360979.mockFlowFile,14B] to 'success'
[pool-146-thread-1] INFO org.apache.nifi.processors.standard.ControlRate - ControlRate[id=cdfdff17-80e1-43c9-ac97-e51acf6a863b] transferring FlowFile[1274,96103964374426.mockFlowFile,14B] to 'success'
[pool-146-thread-1] INFO org.apache.nifi.processors.standard.ControlRate - ControlRate[id=cdfdff17-80e1-43c9-ac97-e51acf6a863b] transferring FlowFile[1275,96103964387106.mockFlowFile,14B] to 'success'
[pool-146-thread-1] INFO org.apache.nifi.processors.standard.ControlRate - ControlRate[id=cdfdff17-80e1-43c9-ac97-e51acf6a863b] transferring FlowFile[1276,96103964399885.mockFlowFile,14B] to 'success'
[pool-146-thread-1] INFO org.apache.nifi.processors.standard.ControlRate - ControlRate[id=cdfdff17-80e1-43c9-ac97-e51acf6a863b] transferring FlowFile[1277,96103964411795.mockFlowFile,14B] to 'success'
[pool-146-thread-1] INFO org.apache.nifi.processors.standard.ControlRate - ControlRate[id=cdfdff17-80e1-43c9-ac97-e51acf6a863b] transferring FlowFile[1278,96103964426652.mockFlowFile,14B] to 'success'
[pool-146-thread-1] INFO org.apache.nifi.processors.standard.ControlRate - ControlRate[id=cdfdff17-80e1-43c9-ac97-e51acf6a863b] transferring FlowFile[1279,96103964444575.mockFlowFile,14B] to 'success'
[pool-146-thread-1] INFO org.apache.nifi.processors.standard.ControlRate - ControlRate[id=cdfdff17-80e1-43c9-ac97-e51acf6a863b] transferring FlowFile[1280,96103964456490.mockFlowFile,14B] to 'success'
[pool-146-thread-1] INFO org.apache.nifi.processors.standard.ControlRate - ControlRate[id=cdfdff17-80e1-43c9-ac97-e51acf6a863b] transferring FlowFile[1281,96103964468563.mockFlowFile,14B] to 'success'
[pool-146-thread-1] INFO org.apache.nifi.processors.standard.ControlRate - ControlRate[id=cdfdff17-80e1-43c9-ac97-e51acf6a863b] transferring FlowFile[1282,96103964479639.mockFlowFile,14B] to 'success'
[pool-146-thread-1] INFO org.apache.nifi.processors.standard.ControlRate - ControlRate[id=cdfdff17-80e1-43c9-ac97-e51acf6a863b] transferring FlowFile[1283,96103964492347.mockFlowFile,14B] to 'success'
[pool-146-thread-1] INFO org.apache.nifi.processors.standard.ControlRate - ControlRate[id=cdfdff17-80e1-43c9-ac97-e51acf6a863b] transferring FlowFile[1284,96103964504753.mockFlowFile,14B] to 'success'
[pool-146-thread-1] INFO org.apache.nifi.processors.standard.ControlRate - ControlRate[id=cdfdff17-80e1-43c9-ac97-e51acf6a863b] transferring FlowFile[1285,96103964516308.mockFlowFile,14B] to 'success'
[pool-146-thread-1] INFO org.apache.nifi.processors.standard.ControlRate - ControlRate[id=cdfdff17-80e1-43c9-ac97-e51acf6a863b] transferring FlowFile[1286,96103964529066.mockFlowFile,14B] to 'success'
[pool-146-thread-1] INFO org.apache.nifi.processors.standard.ControlRate - ControlRate[id=cdfdff17-80e1-43c9-ac97-e51acf6a863b] transferring FlowFile[1287,96103964545266.mockFlowFile,14B] to 'success'
[pool-146-thread-1] INFO org.apache.nifi.processors.standard.ControlRate - ControlRate[id=cdfdff17-80e1-43c9-ac97-e51acf6a863b] transferring FlowFile[1288,96103964559291.mockFlowFile,14B] to 'success'
[pool-146-thread-1] INFO org.apache.nifi.processors.standard.ControlRate - ControlRate[id=cdfdff17-80e1-43c9-ac97-e51acf6a863b] transferring FlowFile[1289,96103964573740.mockFlowFile,14B] to 'success'
[pool-146-thread-1] INFO org.apache.nifi.processors.standard.ControlRate - ControlRate[id=cdfdff17-80e1-43c9-ac97-e51acf6a863b] transferring FlowFile[1290,96103964585183.mockFlowFile,14B] to 'success'
[pool-146-thread-1] INFO org.apache.nifi.processors.standard.ControlRate - ControlRate[id=cdfdff17-80e1-43c9-ac97-e51acf6a863b] transferring FlowFile[1291,96103964597835.mockFlowFile,14B] to 'success'
[pool-146-thread-1] INFO org.apache.nifi.processors.standard.ControlRate - ControlRate[id=cdfdff17-80e1-43c9-ac97-e51acf6a863b] transferring FlowFile[1292,96103964609229.mockFlowFile,14B] to 'success'
[pool-146-thread-1] INFO org.apache.nifi.processors.standard.ControlRate - ControlRate[id=cdfdff17-80e1-43c9-ac97-e51acf6a863b] transferring FlowFile[1293,96103964622036.mockFlowFile,14B] to 'success'
[pool-146-thread-1] INFO org.apache.nifi.processors.standard.ControlRate - ControlRate[id=cdfdff17-80e1-43c9-ac97-e51acf6a863b] transferring FlowFile[1294,96103964634920.mockFlowFile,14B] to 'success'
[pool-146-thread-1] INFO org.apache.nifi.processors.standard.ControlRate - ControlRate[id=cdfdff17-80e1-43c9-ac97-e51acf6a863b] transferring FlowFile[1295,96103964652464.mockFlowFile,14B] to 'success'
[pool-146-thread-1] INFO org.apache.nifi.processors.standard.ControlRate - ControlRate[id=cdfdff17-80e1-43c9-ac97-e51acf6a863b] transferring FlowFile[1296,96103964665737.mockFlowFile,14B] to 'success'
[pool-146-thread-1] INFO org.apache.nifi.processors.standard.ControlRate - ControlRate[id=cdfdff17-80e1-43c9-ac97-e51acf6a863b] transferring FlowFile[1297,96103964677579.mockFlowFile,14B] to 'success'
[pool-146-thread-1] INFO org.apache.nifi.processors.standard.ControlRate - ControlRate[id=cdfdff17-80e1-43c9-ac97-e51acf6a863b] transferring FlowFile[1298,96103964691171.mockFlowFile,14B] to 'success'
[pool-146-thread-1] INFO org.apache.nifi.processors.standard.ControlRate - ControlRate[id=cdfdff17-80e1-43c9-ac97-e51acf6a863b] transferring FlowFile[1299,96103964703793.mockFlowFile,14B] to 'success'
[pool-146-thread-1] INFO org.apache.nifi.processors.standard.ControlRate - ControlRate[id=cdfdff17-80e1-43c9-ac97-e51acf6a863b] transferring FlowFile[1300,96103964715304.mockFlowFile,14B] to 'success'
[pool-146-thread-1] INFO org.apache.nifi.processors.standard.ControlRate - ControlRate[id=cdfdff17-80e1-43c9-ac97-e51acf6a863b] transferring FlowFile[1301,96103964727832.mockFlowFile,14B] to 'success'
[pool-146-thread-1] INFO org.apache.nifi.processors.standard.ControlRate - ControlRate[id=cdfdff17-80e1-43c9-ac97-e51acf6a863b] transferring FlowFile[1302,96103964740202.mockFlowFile,14B] to 'success'
[pool-146-thread-1] INFO org.apache.nifi.processors.standard.ControlRate - ControlRate[id=cdfdff17-80e1-43c9-ac97-e51acf6a863b] transferring FlowFile[1303,96103964758402.mockFlowFile,14B] to 'success'
[pool-146-thread-1] INFO org.apache.nifi.processors.standard.ControlRate - ControlRate[id=cdfdff17-80e1-43c9-ac97-e51acf6a863b] transferring FlowFile[1304,96103964771763.mockFlowFile,14B] to 'success'
[pool-146-thread-1] INFO org.apache.nifi.processors.standard.ControlRate - ControlRate[id=cdfdff17-80e1-43c9-ac97-e51acf6a863b] transferring FlowFile[1305,96103964783603.mockFlowFile,14B] to 'success'
[pool-146-thread-1] INFO org.apache.nifi.processors.standard.ControlRate - ControlRate[id=cdfdff17-80e1-43c9-ac97-e51acf6a863b] transferring FlowFile[1306,96103964796448.mockFlowFile,14B] to 'success'
[pool-146-thread-1] INFO org.apache.nifi.processors.standard.ControlRate - ControlRate[id=cdfdff17-80e1-43c9-ac97-e51acf6a863b] transferring FlowFile[1307,96103964809081.mockFlowFile,14B] to 'success'
[pool-146-thread-1] INFO org.apache.nifi.processors.standard.ControlRate - ControlRate[id=cdfdff17-80e1-43c9-ac97-e51acf6a863b] transferring FlowFile[1308,96103964822517.mockFlowFile,14B] to 'success'
[pool-146-thread-1] INFO org.apache.nifi.processors.standard.ControlRate - ControlRate[id=cdfdff17-80e1-43c9-ac97-e51acf6a863b] transferring FlowFile[1309,96103964835648.mockFlowFile,14B] to 'success'
[pool-146-thread-1] INFO org.apache.nifi.processors.standard.ControlRate - ControlRate[id=cdfdff17-80e1-43c9-ac97-e51acf6a863b] transferring FlowFile[1310,96103964847318.mockFlowFile,14B] to 'success'
[pool-146-thread-1] INFO org.apache.nifi.processors.standard.ControlRate - ControlRate[id=cdfdff17-80e1-43c9-ac97-e51acf6a863b] transferring FlowFile[1311,96103964864405.mockFlowFile,14B] to 'success'
[pool-146-thread-1] INFO org.apache.nifi.processors.standard.ControlRate - ControlRate[id=cdfdff17-80e1-43c9-ac97-e51acf6a863b] transferring FlowFile[1312,96103964876954.mockFlowFile,14B] to 'success'
[pool-146-thread-1] INFO org.apache.nifi.processors.standard.ControlRate - ControlRate[id=cdfdff17-80e1-43c9-ac97-e51acf6a863b] transferring FlowFile[1313,96103964889447.mockFlowFile,14B] to 'success'
[pool-146-thread-1] INFO org.apache.nifi.processors.standard.ControlRate - ControlRate[id=cdfdff17-80e1-43c9-ac97-e51acf6a863b] transferring FlowFile[1314,96103964901834.mockFlowFile,14B] to 'success'
[pool-146-thread-1] INFO org.apache.nifi.processors.standard.ControlRate - ControlRate[id=cdfdff17-80e1-43c9-ac97-e51acf6a863b] transferring FlowFile[1315,96103964916066.mockFlowFile,14B] to 'success'
[pool-146-thread-1] INFO org.apache.nifi.processors.standard.ControlRate - ControlRate[id=cdfdff17-80e1-43c9-ac97-e51acf6a863b] transferring FlowFile[1316,96103964928821.mockFlowFile,14B] to 'success'
[pool-146-thread-1] INFO org.apache.nifi.processors.standard.ControlRate - ControlRate[id=cdfdff17-80e1-43c9-ac97-e51acf6a863b] transferring FlowFile[1317,96103964942392.mockFlowFile,14B] to 'success'
[pool-146-thread-1] INFO org.apache.nifi.processors.standard.ControlRate - ControlRate[id=cdfdff17-80e1-43c9-ac97-e51acf6a863b] transferring FlowFile[1318,96103964955992.mockFlowFile,14B] to 'success'
[pool-146-thread-1] INFO org.apache.nifi.processors.standard.ControlRate - ControlRate[id=cdfdff17-80e1-43c9-ac97-e51acf6a863b] transferring FlowFile[1319,96103964973747.mockFlowFile,14B] to 'success'
[pool-146-thread-1] INFO org.apache.nifi.processors.standard.ControlRate - ControlRate[id=cdfdff17-80e1-43c9-ac97-e51acf6a863b] transferring FlowFile[1320,96103964985699.mockFlowFile,14B] to 'success'
[pool-146-thread-1] INFO org.apache.nifi.processors.standard.ControlRate - ControlRate[id=cdfdff17-80e1-43c9-ac97-e51acf6a863b] transferring FlowFile[1321,96103964998306.mockFlowFile,14B] to 'success'
[pool-146-thread-1] INFO org.apache.nifi.processors.standard.ControlRate - ControlRate[id=cdfdff17-80e1-43c9-ac97-e51acf6a863b] transferring FlowFile[1322,96103965009383.mockFlowFile,14B] to 'success'
[pool-146-thread-1] INFO org.apache.nifi.processors.standard.ControlRate - ControlRate[id=cdfdff17-80e1-43c9-ac97-e51acf6a863b] transferring FlowFile[1323,96103965021729.mockFlowFile,14B] to 'success'
[pool-146-thread-1] INFO org.apache.nifi.processors.standard.ControlRate - ControlRate[id=cdfdff17-80e1-43c9-ac97-e51acf6a863b] transferring FlowFile[1324,96103965033708.mockFlowFile,14B] to 'success'
[pool-146-thread-1] INFO org.apache.nifi.processors.standard.ControlRate - ControlRate[id=cdfdff17-80e1-43c9-ac97-e51acf6a863b] transferring FlowFile[1325,96103965046683.mockFlowFile,14B] to 'success'
[pool-146-thread-1] INFO org.apache.nifi.processors.standard.ControlRate - ControlRate[id=cdfdff17-80e1-43c9-ac97-e51acf6a863b] transferring FlowFile[1326,96103965059200.mockFlowFile,14B] to 'success'
[pool-146-thread-1] INFO org.apache.nifi.processors.standard.ControlRate - ControlRate[id=cdfdff17-80e1-43c9-ac97-e51acf6a863b] transferring FlowFile[1327,96103965074834.mockFlowFile,14B] to 'success'
[pool-146-thread-1] INFO org.apache.nifi.processors.standard.ControlRate - ControlRate[id=cdfdff17-80e1-43c9-ac97-e51acf6a863b] transferring FlowFile[1328,96103965087671.mockFlowFile,14B] to 'success'
[pool-146-thread-1] INFO org.apache.nifi.processors.standard.ControlRate - ControlRate[id=cdfdff17-80e1-43c9-ac97-e51acf6a863b] transferring FlowFile[1329,96103965099808.mockFlowFile,14B] to 'success'
[pool-146-thread-1] INFO org.apache.nifi.processors.standard.ControlRate - ControlRate[id=cdfdff17-80e1-43c9-ac97-e51acf6a863b] transferring FlowFile[1330,96103965111332.mockFlowFile,14B] to 'success'
[pool-146-thread-1] INFO org.apache.nifi.processors.standard.ControlRate - ControlRate[id=cdfdff17-80e1-43c9-ac97-e51acf6a863b] transferring FlowFile[1331,96103965123916.mockFlowFile,14B] to 'success'
[pool-146-thread-1] INFO org.apache.nifi.processors.standard.ControlRate - ControlRate[id=cdfdff17-80e1-43c9-ac97-e51acf6a863b] transferring FlowFile[1332,96103965135878.mockFlowFile,14B] to 'success'
[pool-146-thread-1] INFO org.apache.nifi.processors.standard.ControlRate - ControlRate[id=cdfdff17-80e1-43c9-ac97-e51acf6a863b] transferring FlowFile[1333,96103965148374.mockFlowFile,14B] to 'success'
[pool-146-thread-1] INFO org.apache.nifi.processors.standard.ControlRate - ControlRate[id=cdfdff17-80e1-43c9-ac97-e51acf6a863b] transferring FlowFile[1334,96103965161909.mockFlowFile,14B] to 'success'
[pool-146-thread-1] INFO org.apache.nifi.processors.standard.ControlRate - ControlRate[id=cdfdff17-80e1-43c9-ac97-e51acf6a863b] transferring FlowFile[1335,96103965179427.mockFlowFile,14B] to 'success'
[pool-146-thread-1] INFO org.apache.nifi.processors.standard.ControlRate - ControlRate[id=cdfdff17-80e1-43c9-ac97-e51acf6a863b] transferring FlowFile[1336,96103965218282.mockFlowFile,14B] to 'success'
[pool-146-thread-1] INFO org.apache.nifi.processors.standard.ControlRate - ControlRate[id=cdfdff17-80e1-43c9-ac97-e51acf6a863b] transferring FlowFile[1337,96103965233193.mockFlowFile,14B] to 'success'
[pool-146-thread-1] INFO org.apache.nifi.processors.standard.ControlRate - ControlRate[id=cdfdff17-80e1-43c9-ac97-e51acf6a863b] transferring FlowFile[1338,96103965246499.mockFlowFile,14B] to 'success'
[pool-146-thread-1] INFO org.apache.nifi.processors.standard.ControlRate - ControlRate[id=cdfdff17-80e1-43c9-ac97-e51acf6a863b] transferring FlowFile[1339,96103965259797.mockFlowFile,14B] to 'success'
[pool-146-thread-1] INFO org.apache.nifi.processors.standard.ControlRate - ControlRate[id=cdfdff17-80e1-43c9-ac97-e51acf6a863b] transferring FlowFile[1340,96103965271333.mockFlowFile,14B] to 'success'
[pool-146-thread-1] INFO org.apache.nifi.processors.standard.ControlRate - ControlRate[id=cdfdff17-80e1-43c9-ac97-e51acf6a863b] transferring FlowFile[1341,96103965283471.mockFlowFile,14B] to 'success'
[pool-146-thread-1] INFO org.apache.nifi.processors.standard.ControlRate - ControlRate[id=cdfdff17-80e1-43c9-ac97-e51acf6a863b] transferring FlowFile[1342,96103965295034.mockFlowFile,14B] to 'success'
[pool-146-thread-1] INFO org.apache.nifi.processors.standard.ControlRate - ControlRate[id=cdfdff17-80e1-43c9-ac97-e51acf6a863b] transferring FlowFile[1343,96103965312745.mockFlowFile,14B] to 'success'
[pool-146-thread-1] INFO org.apache.nifi.processors.standard.ControlRate - ControlRate[id=cdfdff17-80e1-43c9-ac97-e51acf6a863b] transferring FlowFile[1344,96103965327743.mockFlowFile,14B] to 'success'
[pool-146-thread-1] INFO org.apache.nifi.processors.standard.ControlRate - ControlRate[id=cdfdff17-80e1-43c9-ac97-e51acf6a863b] transferring FlowFile[1345,96103965338818.mockFlowFile,14B] to 'success'
[pool-146-thread-1] INFO org.apache.nifi.processors.standard.ControlRate - ControlRate[id=cdfdff17-80e1-43c9-ac97-e51acf6a863b] transferring FlowFile[1346,96103965354169.mockFlowFile,14B] to 'success'
[pool-146-thread-1] INFO org.apache.nifi.processors.standard.ControlRate - ControlRate[id=cdfdff17-80e1-43c9-ac97-e51acf6a863b] transferring FlowFile[1347,96103965366499.mockFlowFile,14B] to 'success'
[pool-146-thread-1] INFO org.apache.nifi.processors.standard.ControlRate - ControlRate[id=cdfdff17-80e1-43c9-ac97-e51acf6a863b] transferring FlowFile[1348,96103965378859.mockFlowFile,14B] to 'success'
[pool-146-thread-1] INFO org.apache.nifi.processors.standard.ControlRate - ControlRate[id=cdfdff17-80e1-43c9-ac97-e51acf6a863b] transferring FlowFile[1349,96103965391984.mockFlowFile,14B] to 'success'
[pool-146-thread-1] INFO org.apache.nifi.processors.standard.ControlRate - ControlRate[id=cdfdff17-80e1-43c9-ac97-e51acf6a863b] transferring FlowFile[1350,96103965405528.mockFlowFile,14B] to 'success'
[pool-146-thread-1] INFO org.apache.nifi.processors.standard.ControlRate - ControlRate[id=cdfdff17-80e1-43c9-ac97-e51acf6a863b] transferring FlowFile[1351,96103965422510.mockFlowFile,14B] to 'success'
[pool-146-thread-1] INFO org.apache.nifi.processors.standard.ControlRate - ControlRate[id=cdfdff17-80e1-43c9-ac97-e51acf6a863b] transferring FlowFile[1352,96103965442977.mockFlowFile,14B] to 'success'
[pool-146-thread-1] INFO org.apache.nifi.processors.standard.ControlRate - ControlRate[id=cdfdff17-80e1-43c9-ac97-e51acf6a863b] transferring FlowFile[1353,96103965458788.mockFlowFile,14B] to 'success'
[pool-146-thread-1] INFO org.apache.nifi.processors.standard.ControlRate - ControlRate[id=cdfdff17-80e1-43c9-ac97-e51acf6a863b] transferring FlowFile[1354,96103965470500.mockFlowFile,14B] to 'success'
[pool-146-thread-1] INFO org.apache.nifi.processors.standard.ControlRate - ControlRate[id=cdfdff17-80e1-43c9-ac97-e51acf6a863b] transferring FlowFile[1355,96103965483769.mockFlowFile,14B] to 'success'
[pool-146-thread-1] INFO org.apache.nifi.processors.standard.ControlRate - ControlRate[id=cdfdff17-80e1-43c9-ac97-e51acf6a863b] transferring FlowFile[1356,96103965496933.mockFlowFile,14B] to 'success'
[pool-146-thread-1] INFO org.apache.nifi.processors.standard.ControlRate - ControlRate[id=cdfdff17-80e1-43c9-ac97-e51acf6a863b] transferring FlowFile[1357,96103965508989.mockFlowFile,14B] to 'success'
[pool-146-thread-1] INFO org.apache.nifi.processors.standard.ControlRate - ControlRate[id=cdfdff17-80e1-43c9-ac97-e51acf6a863b] transferring FlowFile[1358,96103965521572.mockFlowFile,14B] to 'success'
[pool-146-thread-1] INFO org.apache.nifi.processors.standard.ControlRate - ControlRate[id=cdfdff17-80e1-43c9-ac97-e51acf6a863b] transferring FlowFile[1359,96103965539292.mockFlowFile,14B] to 'success'
[pool-146-thread-1] INFO org.apache.nifi.processors.standard.ControlRate - ControlRate[id=cdfdff17-80e1-43c9-ac97-e51acf6a863b] transferring FlowFile[1360,96103965551489.mockFlowFile,14B] to 'success'
[pool-146-thread-1] INFO org.apache.nifi.processors.standard.ControlRate - ControlRate[id=cdfdff17-80e1-43c9-ac97-e51acf6a863b] transferring FlowFile[1361,96103965563611.mockFlowFile,14B] to 'success'
[pool-146-thread-1] INFO org.apache.nifi.processors.standard.ControlRate - ControlRate[id=cdfdff17-80e1-43c9-ac97-e51acf6a863b] transferring FlowFile[1362,96103965575145.mockFlowFile,14B] to 'success'
[pool-146-thread-1] INFO org.apache.nifi.processors.standard.ControlRate - ControlRate[id=cdfdff17-80e1-43c9-ac97-e51acf6a863b] transferring FlowFile[1363,96103965587383.mockFlowFile,14B] to 'success'
[pool-146-thread-1] INFO org.apache.nifi.processors.standard.ControlRate - ControlRate[id=cdfdff17-80e1-43c9-ac97-e51acf6a863b] transferring FlowFile[1364,96103965599522.mockFlowFile,14B] to 'success'
[pool-146-thread-1] INFO org.apache.nifi.processors.standard.ControlRate - ControlRate[id=cdfdff17-80e1-43c9-ac97-e51acf6a863b] transferring FlowFile[1365,96103965611206.mockFlowFile,14B] to 'success'
[pool-146-thread-1] INFO org.apache.nifi.processors.standard.ControlRate - ControlRate[id=cdfdff17-80e1-43c9-ac97-e51acf6a863b] transferring FlowFile[1366,96103965623352.mockFlowFile,14B] to 'success'
[pool-146-thread-1] INFO org.apache.nifi.processors.standard.ControlRate - ControlRate[id=cdfdff17-80e1-43c9-ac97-e51acf6a863b] transferring FlowFile[1367,96103965639548.mockFlowFile,14B] to 'success'
[pool-146-thread-1] INFO org.apache.nifi.processors.standard.ControlRate - ControlRate[id=cdfdff17-80e1-43c9-ac97-e51acf6a863b] transferring FlowFile[1368,96103965651668.mockFlowFile,14B] to 'success'
[pool-146-thread-1] INFO org.apache.nifi.processors.standard.ControlRate - ControlRate[id=cdfdff17-80e1-43c9-ac97-e51acf6a863b] transferring FlowFile[1369,96103965663727.mockFlowFile,14B] to 'success'
[pool-146-thread-1] INFO org.apache.nifi.processors.standard.ControlRate - ControlRate[id=cdfdff17-80e1-43c9-ac97-e51acf6a863b] transferring FlowFile[1370,96103965676222.mockFlowFile,14B] to 'success'
[pool-146-thread-1] INFO org.apache.nifi.processors.standard.ControlRate - ControlRate[id=cdfdff17-80e1-43c9-ac97-e51acf6a863b] transferring FlowFile[1371,96103965688073.mockFlowFile,14B] to 'success'
[pool-146-thread-1] INFO org.apache.nifi.processors.standard.ControlRate - ControlRate[id=cdfdff17-80e1-43c9-ac97-e51acf6a863b] transferring FlowFile[1372,96103965699385.mockFlowFile,14B] to 'success'
[pool-146-thread-1] INFO org.apache.nifi.processors.standard.ControlRate - ControlRate[id=cdfdff17-80e1-43c9-ac97-e51acf6a863b] transferring FlowFile[1373,96103965711512.mockFlowFile,14B] to 'success'
[pool-146-thread-1] INFO org.apache.nifi.processors.standard.ControlRate - ControlRate[id=cdfdff17-80e1-43c9-ac97-e51acf6a863b] transferring FlowFile[1374,96103965723354.mockFlowFile,14B] to 'success'
[pool-146-thread-1] INFO org.apache.nifi.processors.standard.ControlRate - ControlRate[id=cdfdff17-80e1-43c9-ac97-e51acf6a863b] transferring FlowFile[1375,96103965740953.mockFlowFile,14B] to 'success'
[pool-146-thread-1] INFO org.apache.nifi.processors.standard.ControlRate - ControlRate[id=cdfdff17-80e1-43c9-ac97-e51acf6a863b] transferring FlowFile[1376,96103965753947.mockFlowFile,14B] to 'success'
[pool-146-thread-1] INFO org.apache.nifi.processors.standard.ControlRate - ControlRate[id=cdfdff17-80e1-43c9-ac97-e51acf6a863b] transferring FlowFile[1377,96103965847618.mockFlowFile,14B] to 'success'
[pool-146-thread-1] INFO org.apache.nifi.processors.standard.ControlRate - ControlRate[id=cdfdff17-80e1-43c9-ac97-e51acf6a863b] transferring FlowFile[1378,96103965870440.mockFlowFile,14B] to 'success'
[pool-146-thread-1] INFO org.apache.nifi.processors.standard.ControlRate - ControlRate[id=cdfdff17-80e1-43c9-ac97-e51acf6a863b] transferring FlowFile[1379,96103965898154.mockFlowFile,14B] to 'success'
[pool-146-thread-1] INFO org.apache.nifi.processors.standard.ControlRate - ControlRate[id=cdfdff17-80e1-43c9-ac97-e51acf6a863b] transferring FlowFile[1380,96103965923944.mockFlowFile,14B] to 'success'
[pool-146-thread-1] INFO org.apache.nifi.processors.standard.ControlRate - ControlRate[id=cdfdff17-80e1-43c9-ac97-e51acf6a863b] transferring FlowFile[1381,96103965937922.mockFlowFile,14B] to 'success'
[pool-146-thread-1] INFO org.apache.nifi.processors.standard.ControlRate - ControlRate[id=cdfdff17-80e1-43c9-ac97-e51acf6a863b] transferring FlowFile[1382,96103965949009.mockFlowFile,14B] to 'success'
[pool-146-thread-1] INFO org.apache.nifi.processors.standard.ControlRate - ControlRate[id=cdfdff17-80e1-43c9-ac97-e51acf6a863b] transferring FlowFile[1383,96103965968781.mockFlowFile,14B] to 'success'
[pool-146-thread-1] INFO org.apache.nifi.processors.standard.ControlRate - ControlRate[id=cdfdff17-80e1-43c9-ac97-e51acf6a863b] transferring FlowFile[1384,96103965981120.mockFlowFile,14B] to 'success'
[pool-146-thread-1] INFO org.apache.nifi.processors.standard.ControlRate - ControlRate[id=cdfdff17-80e1-43c9-ac97-e51acf6a863b] transferring FlowFile[1385,96103965991675.mockFlowFile,14B] to 'success'
[pool-146-thread-1] INFO org.apache.nifi.processors.standard.ControlRate - ControlRate[id=cdfdff17-80e1-43c9-ac97-e51acf6a863b] transferring FlowFile[1386,96103966002361.mockFlowFile,14B] to 'success'
[pool-146-thread-1] INFO org.apache.nifi.processors.standard.ControlRate - ControlRate[id=cdfdff17-80e1-43c9-ac97-e51acf6a863b] transferring FlowFile[1387,96103966012274.mockFlowFile,14B] to 'success'
[pool-146-thread-1] INFO org.apache.nifi.processors.standard.ControlRate - ControlRate[id=cdfdff17-80e1-43c9-ac97-e51acf6a863b] transferring FlowFile[1388,96103966026471.mockFlowFile,14B] to 'success'
[pool-146-thread-1] INFO org.apache.nifi.processors.standard.ControlRate - ControlRate[id=cdfdff17-80e1-43c9-ac97-e51acf6a863b] transferring FlowFile[1389,96103966036438.mockFlowFile,14B] to 'success'
[pool-146-thread-1] INFO org.apache.nifi.processors.standard.ControlRate - ControlRate[id=cdfdff17-80e1-43c9-ac97-e51acf6a863b] transferring FlowFile[1390,96103966045960.mockFlowFile,14B] to 'success'
[pool-146-thread-1] INFO org.apache.nifi.processors.standard.ControlRate - ControlRate[id=cdfdff17-80e1-43c9-ac97-e51acf6a863b] transferring FlowFile[1391,96103966079245.mockFlowFile,14B] to 'success'
[pool-146-thread-1] INFO org.apache.nifi.processors.standard.ControlRate - ControlRate[id=cdfdff17-80e1-43c9-ac97-e51acf6a863b] transferring FlowFile[1392,96103966138911.mockFlowFile,14B] to 'success'
[pool-146-thread-1] INFO org.apache.nifi.processors.standard.ControlRate - ControlRate[id=cdfdff17-80e1-43c9-ac97-e51acf6a863b] transferring FlowFile[1393,96103966152474.mockFlowFile,14B] to 'success'
[pool-146-thread-1] INFO org.apache.nifi.processors.standard.ControlRate - ControlRate[id=cdfdff17-80e1-43c9-ac97-e51acf6a863b] transferring FlowFile[1394,96103966163346.mockFlowFile,14B] to 'success'
[pool-146-thread-1] INFO org.apache.nifi.processors.standard.ControlRate - ControlRate[id=cdfdff17-80e1-43c9-ac97-e51acf6a863b] transferring FlowFile[1395,96103966173222.mockFlowFile,14B] to 'success'
[pool-146-thread-1] INFO org.apache.nifi.processors.standard.ControlRate - ControlRate[id=cdfdff17-80e1-43c9-ac97-e51acf6a863b] transferring FlowFile[1396,96103966184275.mockFlowFile,14B] to 'success'
[pool-146-thread-1] INFO org.apache.nifi.processors.standard.ControlRate - ControlRate[id=cdfdff17-80e1-43c9-ac97-e51acf6a863b] transferring FlowFile[1397,96103966194465.mockFlowFile,14B] to 'success'
[pool-146-thread-1] INFO org.apache.nifi.processors.standard.ControlRate - ControlRate[id=cdfdff17-80e1-43c9-ac97-e51acf6a863b] transferring FlowFile[1398,96103966205087.mockFlowFile,14B] to 'success'
[pool-146-thread-1] INFO org.apache.nifi.processors.standard.ControlRate - ControlRate[id=cdfdff17-80e1-43c9-ac97-e51acf6a863b] transferring FlowFile[1399,96103966221719.mockFlowFile,14B] to 'success'
[pool-146-thread-1] INFO org.apache.nifi.processors.standard.ControlRate - ControlRate[id=cdfdff17-80e1-43c9-ac97-e51acf6a863b] transferring FlowFile[1400,96103966232182.mockFlowFile,14B] to 'success'
[pool-146-thread-1] INFO org.apache.nifi.processors.standard.ControlRate - ControlRate[id=cdfdff17-80e1-43c9-ac97-e51acf6a863b] transferring FlowFile[1401,96103966243267.mockFlowFile,14B] to 'success'
[pool-146-thread-1] INFO org.apache.nifi.processors.standard.ControlRate - ControlRate[id=cdfdff17-80e1-43c9-ac97-e51acf6a863b] transferring FlowFile[1402,96103966252990.mockFlowFile,14B] to 'success'
[pool-146-thread-1] INFO org.apache.nifi.processors.standard.ControlRate - ControlRate[id=cdfdff17-80e1-43c9-ac97-e51acf6a863b] transferring FlowFile[1403,96103966265205.mockFlowFile,14B] to 'success'
[pool-146-thread-1] INFO org.apache.nifi.processors.standard.ControlRate - ControlRate[id=cdfdff17-80e1-43c9-ac97-e51acf6a863b] transferring FlowFile[1404,96103966297546.mockFlowFile,14B] to 'success'
[pool-146-thread-1] INFO org.apache.nifi.processors.standard.ControlRate - ControlRate[id=cdfdff17-80e1-43c9-ac97-e51acf6a863b] transferring FlowFile[1405,96103966308653.mockFlowFile,14B] to 'success'
[pool-146-thread-1] INFO org.apache.nifi.processors.standard.ControlRate - ControlRate[id=cdfdff17-80e1-43c9-ac97-e51acf6a863b] transferring FlowFile[1406,96103966319845.mockFlowFile,14B] to 'success'
[pool-146-thread-1] INFO org.apache.nifi.processors.standard.ControlRate - ControlRate[id=cdfdff17-80e1-43c9-ac97-e51acf6a863b] transferring FlowFile[1407,96103966335023.mockFlowFile,14B] to 'success'
[pool-146-thread-1] INFO org.apache.nifi.processors.standard.ControlRate - ControlRate[id=cdfdff17-80e1-43c9-ac97-e51acf6a863b] transferring FlowFile[1408,96103966346053.mockFlowFile,14B] to 'success'
[pool-146-thread-1] INFO org.apache.nifi.processors.standard.ControlRate - ControlRate[id=cdfdff17-80e1-43c9-ac97-e51acf6a863b] transferring FlowFile[1409,96103966356199.mockFlowFile,14B] to 'success'
[pool-146-thread-1] INFO org.apache.nifi.processors.standard.ControlRate - ControlRate[id=cdfdff17-80e1-43c9-ac97-e51acf6a863b] transferring FlowFile[1410,96103966366545.mockFlowFile,14B] to 'success'
[pool-146-thread-1] INFO org.apache.nifi.processors.standard.ControlRate - ControlRate[id=cdfdff17-80e1-43c9-ac97-e51acf6a863b] transferring FlowFile[1411,96103966377546.mockFlowFile,14B] to 'success'
[pool-146-thread-1] INFO org.apache.nifi.processors.standard.ControlRate - ControlRate[id=cdfdff17-80e1-43c9-ac97-e51acf6a863b] transferring FlowFile[1412,96103966390543.mockFlowFile,14B] to 'success'
[pool-146-thread-1] INFO org.apache.nifi.processors.standard.ControlRate - ControlRate[id=cdfdff17-80e1-43c9-ac97-e51acf6a863b] transferring FlowFile[1413,96103966402231.mockFlowFile,14B] to 'success'
[pool-146-thread-1] INFO org.apache.nifi.processors.standard.ControlRate - ControlRate[id=cdfdff17-80e1-43c9-ac97-e51acf6a863b] transferring FlowFile[1414,96103966413928.mockFlowFile,14B] to 'success'
[pool-146-thread-1] INFO org.apache.nifi.processors.standard.ControlRate - ControlRate[id=cdfdff17-80e1-43c9-ac97-e51acf6a863b] transferring FlowFile[1415,96103966428734.mockFlowFile,14B] to 'success'
[pool-146-thread-1] INFO org.apache.nifi.processors.standard.ControlRate - ControlRate[id=cdfdff17-80e1-43c9-ac97-e51acf6a863b] transferring FlowFile[1416,96103966440134.mockFlowFile,14B] to 'success'
[pool-146-thread-1] INFO org.apache.nifi.processors.standard.ControlRate - ControlRate[id=cdfdff17-80e1-43c9-ac97-e51acf6a863b] transferring FlowFile[1417,96103966450023.mockFlowFile,14B] to 'success'
[pool-146-thread-1] INFO org.apache.nifi.processors.standard.ControlRate - ControlRate[id=cdfdff17-80e1-43c9-ac97-e51acf6a863b] transferring FlowFile[1418,96103966460522.mockFlowFile,14B] to 'success'
[pool-146-thread-1] INFO org.apache.nifi.processors.standard.ControlRate - ControlRate[id=cdfdff17-80e1-43c9-ac97-e51acf6a863b] transferring FlowFile[1419,96103966471099.mockFlowFile,14B] to 'success'
[pool-146-thread-1] INFO org.apache.nifi.processors.standard.ControlRate - ControlRate[id=cdfdff17-80e1-43c9-ac97-e51acf6a863b] transferring FlowFile[1420,96103966481103.mockFlowFile,14B] to 'success'
[pool-146-thread-1] INFO org.apache.nifi.processors.standard.ControlRate - ControlRate[id=cdfdff17-80e1-43c9-ac97-e51acf6a863b] transferring FlowFile[1421,96103966491577.mockFlowFile,14B] to 'success'
[pool-146-thread-1] INFO org.apache.nifi.processors.standard.ControlRate - ControlRate[id=cdfdff17-80e1-43c9-ac97-e51acf6a863b] transferring FlowFile[1422,96103966501348.mockFlowFile,14B] to 'success'
[pool-146-thread-1] INFO org.apache.nifi.processors.standard.ControlRate - ControlRate[id=cdfdff17-80e1-43c9-ac97-e51acf6a863b] transferring FlowFile[1423,96103966516719.mockFlowFile,14B] to 'success'
[pool-146-thread-1] INFO org.apache.nifi.processors.standard.ControlRate - ControlRate[id=cdfdff17-80e1-43c9-ac97-e51acf6a863b] transferring FlowFile[1424,96103966527563.mockFlowFile,14B] to 'success'
[pool-146-thread-1] INFO org.apache.nifi.processors.standard.ControlRate - ControlRate[id=cdfdff17-80e1-43c9-ac97-e51acf6a863b] transferring FlowFile[1425,96103966537064.mockFlowFile,14B] to 'success'
[pool-146-thread-1] INFO org.apache.nifi.processors.standard.ControlRate - ControlRate[id=cdfdff17-80e1-43c9-ac97-e51acf6a863b] transferring FlowFile[1426,96103966547569.mockFlowFile,14B] to 'success'
[pool-146-thread-1] INFO org.apache.nifi.processors.standard.ControlRate - ControlRate[id=cdfdff17-80e1-43c9-ac97-e51acf6a863b] transferring FlowFile[1427,96103966557423.mockFlowFile,14B] to 'success'
[pool-146-thread-1] INFO org.apache.nifi.processors.standard.ControlRate - ControlRate[id=cdfdff17-80e1-43c9-ac97-e51acf6a863b] transferring FlowFile[1428,96103966567762.mockFlowFile,14B] to 'success'
[pool-146-thread-1] INFO org.apache.nifi.processors.standard.ControlRate - ControlRate[id=cdfdff17-80e1-43c9-ac97-e51acf6a863b] transferring FlowFile[1429,96103966578412.mockFlowFile,14B] to 'success'
[pool-146-thread-1] INFO org.apache.nifi.processors.standard.ControlRate - ControlRate[id=cdfdff17-80e1-43c9-ac97-e51acf6a863b] transferring FlowFile[1430,96103966591140.mockFlowFile,14B] to 'success'
[pool-146-thread-1] INFO org.apache.nifi.processors.standard.ControlRate - ControlRate[id=cdfdff17-80e1-43c9-ac97-e51acf6a863b] transferring FlowFile[1431,96103966606488.mockFlowFile,14B] to 'success'
[pool-146-thread-1] INFO org.apache.nifi.processors.standard.ControlRate - ControlRate[id=cdfdff17-80e1-43c9-ac97-e51acf6a863b] transferring FlowFile[1432,96103966618868.mockFlowFile,14B] to 'success'
[pool-146-thread-1] INFO org.apache.nifi.processors.standard.ControlRate - ControlRate[id=cdfdff17-80e1-43c9-ac97-e51acf6a863b] transferring FlowFile[1433,96103966629021.mockFlowFile,14B] to 'success'
[pool-146-thread-1] INFO org.apache.nifi.processors.standard.ControlRate - ControlRate[id=cdfdff17-80e1-43c9-ac97-e51acf6a863b] transferring FlowFile[1434,96103966650367.mockFlowFile,14B] to 'success'
[pool-146-thread-1] INFO org.apache.nifi.processors.standard.ControlRate - ControlRate[id=cdfdff17-80e1-43c9-ac97-e51acf6a863b] transferring FlowFile[1435,96103966671751.mockFlowFile,14B] to 'success'
[pool-146-thread-1] INFO org.apache.nifi.processors.standard.ControlRate - ControlRate[id=cdfdff17-80e1-43c9-ac97-e51acf6a863b] transferring FlowFile[1436,96103966684938.mockFlowFile,14B] to 'success'
[pool-146-thread-1] INFO org.apache.nifi.processors.standard.ControlRate - ControlRate[id=cdfdff17-80e1-43c9-ac97-e51acf6a863b] transferring FlowFile[1437,96103966693478.mockFlowFile,14B] to 'success'
[pool-146-thread-1] INFO org.apache.nifi.processors.standard.ControlRate - ControlRate[id=cdfdff17-80e1-43c9-ac97-e51acf6a863b] transferring FlowFile[1438,96103966702280.mockFlowFile,14B] to 'success'
[pool-146-thread-1] INFO org.apache.nifi.processors.standard.ControlRate - ControlRate[id=cdfdff17-80e1-43c9-ac97-e51acf6a863b] transferring FlowFile[1439,96103966715455.mockFlowFile,14B] to 'success'
[pool-146-thread-1] INFO org.apache.nifi.processors.standard.ControlRate - ControlRate[id=cdfdff17-80e1-43c9-ac97-e51acf6a863b] transferring FlowFile[1440,96103966723961.mockFlowFile,14B] to 'success'
[pool-146-thread-1] INFO org.apache.nifi.processors.standard.ControlRate - ControlRate[id=cdfdff17-80e1-43c9-ac97-e51acf6a863b] transferring FlowFile[1441,96103966734357.mockFlowFile,14B] to 'success'
[pool-146-thread-1] INFO org.apache.nifi.processors.standard.ControlRate - ControlRate[id=cdfdff17-80e1-43c9-ac97-e51acf6a863b] transferring FlowFile[1442,96103966742570.mockFlowFile,14B] to 'success'
[pool-146-thread-1] INFO org.apache.nifi.processors.standard.ControlRate - ControlRate[id=cdfdff17-80e1-43c9-ac97-e51acf6a863b] transferring FlowFile[1443,96103966751288.mockFlowFile,14B] to 'success'
[pool-146-thread-1] INFO org.apache.nifi.processors.standard.ControlRate - ControlRate[id=cdfdff17-80e1-43c9-ac97-e51acf6a863b] transferring FlowFile[1444,96103966760053.mockFlowFile,14B] to 'success'
[pool-146-thread-1] INFO org.apache.nifi.processors.standard.ControlRate - ControlRate[id=cdfdff17-80e1-43c9-ac97-e51acf6a863b] transferring FlowFile[1445,96103966768272.mockFlowFile,14B] to 'success'
[pool-146-thread-1] INFO org.apache.nifi.processors.standard.ControlRate - ControlRate[id=cdfdff17-80e1-43c9-ac97-e51acf6a863b] transferring FlowFile[1446,96103966777027.mockFlowFile,14B] to 'success'
[pool-146-thread-1] INFO org.apache.nifi.processors.standard.ControlRate - ControlRate[id=cdfdff17-80e1-43c9-ac97-e51acf6a863b] transferring FlowFile[1447,96103966788575.mockFlowFile,14B] to 'success'
[pool-146-thread-1] INFO org.apache.nifi.processors.standard.ControlRate - ControlRate[id=cdfdff17-80e1-43c9-ac97-e51acf6a863b] transferring FlowFile[1448,96103966797666.mockFlowFile,14B] to 'success'
[pool-146-thread-1] INFO org.apache.nifi.processors.standard.ControlRate - ControlRate[id=cdfdff17-80e1-43c9-ac97-e51acf6a863b] transferring FlowFile[1449,96103966806674.mockFlowFile,14B] to 'success'
[pool-146-thread-1] INFO org.apache.nifi.processors.standard.ControlRate - ControlRate[id=cdfdff17-80e1-43c9-ac97-e51acf6a863b] transferring FlowFile[1450,96103966814868.mockFlowFile,14B] to 'success'
[pool-146-thread-1] INFO org.apache.nifi.processors.standard.ControlRate - ControlRate[id=cdfdff17-80e1-43c9-ac97-e51acf6a863b] transferring FlowFile[1451,96103966823750.mockFlowFile,14B] to 'success'
[pool-146-thread-1] INFO org.apache.nifi.processors.standard.ControlRate - ControlRate[id=cdfdff17-80e1-43c9-ac97-e51acf6a863b] transferring FlowFile[1452,96103966831996.mockFlowFile,14B] to 'success'
[pool-146-thread-1] INFO org.apache.nifi.processors.standard.ControlRate - ControlRate[id=cdfdff17-80e1-43c9-ac97-e51acf6a863b] transferring FlowFile[1453,96103966840839.mockFlowFile,14B] to 'success'
[pool-146-thread-1] INFO org.apache.nifi.processors.standard.ControlRate - ControlRate[id=cdfdff17-80e1-43c9-ac97-e51acf6a863b] transferring FlowFile[1454,96103966849647.mockFlowFile,14B] to 'success'
[pool-146-thread-1] INFO org.apache.nifi.processors.standard.ControlRate - ControlRate[id=cdfdff17-80e1-43c9-ac97-e51acf6a863b] transferring FlowFile[1455,96103966861266.mockFlowFile,14B] to 'success'
[pool-146-thread-1] INFO org.apache.nifi.processors.standard.ControlRate - ControlRate[id=cdfdff17-80e1-43c9-ac97-e51acf6a863b] transferring FlowFile[1456,96103966870331.mockFlowFile,14B] to 'success'
[pool-146-thread-1] INFO org.apache.nifi.processors.standard.ControlRate - ControlRate[id=cdfdff17-80e1-43c9-ac97-e51acf6a863b] transferring FlowFile[1457,96103966878563.mockFlowFile,14B] to 'success'
[pool-146-thread-1] INFO org.apache.nifi.processors.standard.ControlRate - ControlRate[id=cdfdff17-80e1-43c9-ac97-e51acf6a863b] transferring FlowFile[1458,96103966887371.mockFlowFile,14B] to 'success'
[pool-146-thread-1] INFO org.apache.nifi.processors.standard.ControlRate - ControlRate[id=cdfdff17-80e1-43c9-ac97-e51acf6a863b] transferring FlowFile[1459,96103966896200.mockFlowFile,14B] to 'success'
[pool-146-thread-1] INFO org.apache.nifi.processors.standard.ControlRate - ControlRate[id=cdfdff17-80e1-43c9-ac97-e51acf6a863b] transferring FlowFile[1460,96103966904576.mockFlowFile,14B] to 'success'
[pool-146-thread-1] INFO org.apache.nifi.processors.standard.ControlRate - ControlRate[id=cdfdff17-80e1-43c9-ac97-e51acf6a863b] transferring FlowFile[1461,96103966913402.mockFlowFile,14B] to 'success'
[pool-146-thread-1] INFO org.apache.nifi.processors.standard.ControlRate - ControlRate[id=cdfdff17-80e1-43c9-ac97-e51acf6a863b] transferring FlowFile[1462,96103966921735.mockFlowFile,14B] to 'success'
[pool-146-thread-1] INFO org.apache.nifi.processors.standard.ControlRate - ControlRate[id=cdfdff17-80e1-43c9-ac97-e51acf6a863b] transferring FlowFile[1463,96103966933548.mockFlowFile,14B] to 'success'
[pool-146-thread-1] INFO org.apache.nifi.processors.standard.ControlRate - ControlRate[id=cdfdff17-80e1-43c9-ac97-e51acf6a863b] transferring FlowFile[1464,96103966942601.mockFlowFile,14B] to 'success'
[pool-146-thread-1] INFO org.apache.nifi.processors.standard.ControlRate - ControlRate[id=cdfdff17-80e1-43c9-ac97-e51acf6a863b] transferring FlowFile[1465,96103966951202.mockFlowFile,14B] to 'success'
[pool-146-thread-1] INFO org.apache.nifi.processors.standard.ControlRate - ControlRate[id=cdfdff17-80e1-43c9-ac97-e51acf6a863b] transferring FlowFile[1466,96103966960025.mockFlowFile,14B] to 'success'
[pool-146-thread-1] INFO org.apache.nifi.processors.standard.ControlRate - ControlRate[id=cdfdff17-80e1-43c9-ac97-e51acf6a863b] transferring FlowFile[1467,96103966968230.mockFlowFile,14B] to 'success'
[pool-146-thread-1] INFO org.apache.nifi.processors.standard.ControlRate - ControlRate[id=cdfdff17-80e1-43c9-ac97-e51acf6a863b] transferring FlowFile[1468,96103966977169.mockFlowFile,14B] to 'success'
[pool-146-thread-1] INFO org.apache.nifi.processors.standard.ControlRate - ControlRate[id=cdfdff17-80e1-43c9-ac97-e51acf6a863b] transferring FlowFile[1469,96103966986205.mockFlowFile,14B] to 'success'
[pool-146-thread-1] INFO org.apache.nifi.processors.standard.ControlRate - ControlRate[id=cdfdff17-80e1-43c9-ac97-e51acf6a863b] transferring FlowFile[1470,96103966994564.mockFlowFile,14B] to 'success'
[pool-146-thread-1] INFO org.apache.nifi.processors.standard.ControlRate - ControlRate[id=cdfdff17-80e1-43c9-ac97-e51acf6a863b] transferring FlowFile[1471,96103967007593.mockFlowFile,14B] to 'success'
[pool-146-thread-1] INFO org.apache.nifi.processors.standard.ControlRate - ControlRate[id=cdfdff17-80e1-43c9-ac97-e51acf6a863b] transferring FlowFile[1472,96103967016154.mockFlowFile,14B] to 'success'
[pool-146-thread-1] INFO org.apache.nifi.processors.standard.ControlRate - ControlRate[id=cdfdff17-80e1-43c9-ac97-e51acf6a863b] transferring FlowFile[1473,96103967025098.mockFlowFile,14B] to 'success'
[pool-146-thread-1] INFO org.apache.nifi.processors.standard.ControlRate - ControlRate[id=cdfdff17-80e1-43c9-ac97-e51acf6a863b] transferring FlowFile[1474,96103967034712.mockFlowFile,14B] to 'success'
[pool-146-thread-1] INFO org.apache.nifi.processors.standard.ControlRate - ControlRate[id=cdfdff17-80e1-43c9-ac97-e51acf6a863b] transferring FlowFile[1475,96103967044713.mockFlowFile,14B] to 'success'
[pool-146-thread-1] INFO org.apache.nifi.processors.standard.ControlRate - ControlRate[id=cdfdff17-80e1-43c9-ac97-e51acf6a863b] transferring FlowFile[1476,96103967053706.mockFlowFile,14B] to 'success'
[pool-146-thread-1] INFO org.apache.nifi.processors.standard.ControlRate - ControlRate[id=cdfdff17-80e1-43c9-ac97-e51acf6a863b] transferring FlowFile[1477,96103967061978.mockFlowFile,14B] to 'success'
[pool-146-thread-1] INFO org.apache.nifi.processors.standard.ControlRate - ControlRate[id=cdfdff17-80e1-43c9-ac97-e51acf6a863b] transferring FlowFile[1478,96103967070773.mockFlowFile,14B] to 'success'
[pool-146-thread-1] INFO org.apache.nifi.processors.standard.ControlRate - ControlRate[id=cdfdff17-80e1-43c9-ac97-e51acf6a863b] transferring FlowFile[1479,96103967082692.mockFlowFile,14B] to 'success'
[pool-146-thread-1] INFO org.apache.nifi.processors.standard.ControlRate - ControlRate[id=cdfdff17-80e1-43c9-ac97-e51acf6a863b] transferring FlowFile[1480,96103967091217.mockFlowFile,14B] to 'success'
[pool-146-thread-1] INFO org.apache.nifi.processors.standard.ControlRate - ControlRate[id=cdfdff17-80e1-43c9-ac97-e51acf6a863b] transferring FlowFile[1481,96103967100116.mockFlowFile,14B] to 'success'
[pool-146-thread-1] INFO org.apache.nifi.processors.standard.ControlRate - ControlRate[id=cdfdff17-80e1-43c9-ac97-e51acf6a863b] transferring FlowFile[1482,96103967108410.mockFlowFile,14B] to 'success'
[pool-146-thread-1] INFO org.apache.nifi.processors.standard.ControlRate - ControlRate[id=cdfdff17-80e1-43c9-ac97-e51acf6a863b] transferring FlowFile[1483,96103967117235.mockFlowFile,14B] to 'success'
[pool-146-thread-1] INFO org.apache.nifi.processors.standard.ControlRate - ControlRate[id=cdfdff17-80e1-43c9-ac97-e51acf6a863b] transferring FlowFile[1484,96103967126005.mockFlowFile,14B] to 'success'
[pool-146-thread-1] INFO org.apache.nifi.processors.standard.ControlRate - ControlRate[id=cdfdff17-80e1-43c9-ac97-e51acf6a863b] transferring FlowFile[1485,96103967134325.mockFlowFile,14B] to 'success'
[pool-146-thread-1] INFO org.apache.nifi.processors.standard.ControlRate - ControlRate[id=cdfdff17-80e1-43c9-ac97-e51acf6a863b] transferring FlowFile[1486,96103967143141.mockFlowFile,14B] to 'success'
[pool-146-thread-1] INFO org.apache.nifi.processors.standard.ControlRate - ControlRate[id=cdfdff17-80e1-43c9-ac97-e51acf6a863b] transferring FlowFile[1487,96103967154578.mockFlowFile,14B] to 'success'
[pool-146-thread-1] INFO org.apache.nifi.processors.standard.ControlRate - ControlRate[id=cdfdff17-80e1-43c9-ac97-e51acf6a863b] transferring FlowFile[1488,96103967163752.mockFlowFile,14B] to 'success'
[pool-146-thread-1] INFO org.apache.nifi.processors.standard.ControlRate - ControlRate[id=cdfdff17-80e1-43c9-ac97-e51acf6a863b] transferring FlowFile[1489,96103967172562.mockFlowFile,14B] to 'success'
[pool-146-thread-1] INFO org.apache.nifi.processors.standard.ControlRate - ControlRate[id=cdfdff17-80e1-43c9-ac97-e51acf6a863b] transferring FlowFile[1490,96103967180931.mockFlowFile,14B] to 'success'
[pool-146-thread-1] INFO org.apache.nifi.processors.standard.ControlRate - ControlRate[id=cdfdff17-80e1-43c9-ac97-e51acf6a863b] transferring FlowFile[1491,96103967189806.mockFlowFile,14B] to 'success'
[pool-146-thread-1] INFO org.apache.nifi.processors.standard.ControlRate - ControlRate[id=cdfdff17-80e1-43c9-ac97-e51acf6a863b] transferring FlowFile[1492,96103967198305.mockFlowFile,14B] to 'success'
[pool-146-thread-1] INFO org.apache.nifi.processors.standard.ControlRate - ControlRate[id=cdfdff17-80e1-43c9-ac97-e51acf6a863b] transferring FlowFile[1493,96103967207149.mockFlowFile,14B] to 'success'
[pool-146-thread-1] INFO org.apache.nifi.processors.standard.ControlRate - ControlRate[id=cdfdff17-80e1-43c9-ac97-e51acf6a863b] transferring FlowFile[1494,96103967216022.mockFlowFile,14B] to 'success'
[pool-146-thread-1] INFO org.apache.nifi.processors.standard.ControlRate - ControlRate[id=cdfdff17-80e1-43c9-ac97-e51acf6a863b] transferring FlowFile[1495,96103967227448.mockFlowFile,14B] to 'success'
[pool-146-thread-1] INFO org.apache.nifi.processors.standard.ControlRate - ControlRate[id=cdfdff17-80e1-43c9-ac97-e51acf6a863b] transferring FlowFile[1496,96103967237739.mockFlowFile,14B] to 'success'
[pool-146-thread-1] INFO org.apache.nifi.processors.standard.ControlRate - ControlRate[id=cdfdff17-80e1-43c9-ac97-e51acf6a863b] transferring FlowFile[1497,96103967246177.mockFlowFile,14B] to 'success'
[pool-146-thread-1] INFO org.apache.nifi.processors.standard.ControlRate - ControlRate[id=cdfdff17-80e1-43c9-ac97-e51acf6a863b] transferring FlowFile[1498,96103967256601.mockFlowFile,14B] to 'success'
[pool-146-thread-1] INFO org.apache.nifi.processors.standard.ControlRate - ControlRate[id=cdfdff17-80e1-43c9-ac97-e51acf6a863b] transferring FlowFile[1499,96103967266495.mockFlowFile,14B] to 'success'
]]></system-err>
  </testcase>
  <testcase name="testViaAttribute" classname="org.apache.nifi.processors.standard.TestControlRate" time="1.806">
    <system-err><![CDATA[[pool-147-thread-1] INFO org.apache.nifi.processors.standard.ControlRate - ControlRate[id=76bf2c9f-c885-4623-ac61-e004f4843de3] transferring FlowFile[0,96104019265112.mockFlowFile,0B] to 'success'
[pool-147-thread-1] INFO org.apache.nifi.processors.standard.ControlRate - ControlRate[id=76bf2c9f-c885-4623-ac61-e004f4843de3] transferring FlowFile[1,96104019333541.mockFlowFile,0B] to 'success'
[pool-147-thread-1] INFO org.apache.nifi.processors.standard.ControlRate - ControlRate[id=76bf2c9f-c885-4623-ac61-e004f4843de3] transferring FlowFile[2,96104019361789.mockFlowFile,0B] to 'success'
[pool-147-thread-1] INFO org.apache.nifi.processors.standard.ControlRate - ControlRate[id=76bf2c9f-c885-4623-ac61-e004f4843de3] transferring FlowFile[3,96104019372997.mockFlowFile,0B] to 'success'
[pool-150-thread-1] INFO org.apache.nifi.processors.standard.ControlRate - ControlRate[id=76bf2c9f-c885-4623-ac61-e004f4843de3] transferring FlowFile[4,96104019381863.mockFlowFile,0B] to 'success'
]]></system-err>
  </testcase>
  <testcase name="testNonExistingGroupAttribute" classname="org.apache.nifi.processors.standard.TestControlRate" time="0.001">
    <system-err><![CDATA[[pool-151-thread-1] INFO org.apache.nifi.processors.standard.ControlRate - ControlRate[id=28947a4e-4008-4ba1-a430-ed7fccf25dd0] transferring FlowFile[0,96105824799032.mockFlowFile,0B] to 'success'
[pool-151-thread-1] INFO org.apache.nifi.processors.standard.ControlRate - ControlRate[id=28947a4e-4008-4ba1-a430-ed7fccf25dd0] transferring FlowFile[1,96105824821918.mockFlowFile,0B] to 'success'
[pool-151-thread-1] INFO org.apache.nifi.processors.standard.ControlRate - ControlRate[id=28947a4e-4008-4ba1-a430-ed7fccf25dd0] transferring FlowFile[2,96105824831401.mockFlowFile,0B] to 'success'
[pool-151-thread-1] INFO org.apache.nifi.processors.standard.ControlRate - ControlRate[id=28947a4e-4008-4ba1-a430-ed7fccf25dd0] transferring FlowFile[3,96105824836389.mockFlowFile,0B] to 'success'
]]></system-err>
  </testcase>
  <testcase name="testLimitExceededThenOtherLimitNotExceeded" classname="org.apache.nifi.processors.standard.TestControlRate" time="0.005">
    <system-err><![CDATA[[pool-152-thread-1] INFO org.apache.nifi.processors.standard.ControlRate - ControlRate[id=cd7e0206-653b-4cd8-8efd-48941b7929b6] transferring FlowFile[0,96105826007832.mockFlowFile,9B] to 'success'
[pool-152-thread-1] INFO org.apache.nifi.processors.standard.ControlRate - ControlRate[id=cd7e0206-653b-4cd8-8efd-48941b7929b6] transferring FlowFile[1,96105826030554.mockFlowFile,9B] to 'success'
[pool-152-thread-1] INFO org.apache.nifi.processors.standard.ControlRate - ControlRate[id=cd7e0206-653b-4cd8-8efd-48941b7929b6] transferring FlowFile[2,96105826044919.mockFlowFile,9B] to 'success'
[pool-152-thread-1] INFO org.apache.nifi.processors.standard.ControlRate - ControlRate[id=cd7e0206-653b-4cd8-8efd-48941b7929b6] transferring FlowFile[5,96105826062826.mockFlowFile,9B] to 'success'
]]></system-err>
  </testcase>
  <testcase name="testFileCountWithGrouping" classname="org.apache.nifi.processors.standard.TestControlRate" time="1.103">
    <system-err><![CDATA[[pool-153-thread-1] INFO org.apache.nifi.processors.standard.ControlRate - ControlRate[id=3af9e1db-b788-4b61-8bd7-a38cd4ac1d1a] transferring FlowFile[0,96105831008676.mockFlowFile,0B] to 'success'
[pool-153-thread-1] INFO org.apache.nifi.processors.standard.ControlRate - ControlRate[id=3af9e1db-b788-4b61-8bd7-a38cd4ac1d1a] transferring FlowFile[1,96105831045223.mockFlowFile,0B] to 'success'
[pool-153-thread-1] INFO org.apache.nifi.processors.standard.ControlRate - ControlRate[id=3af9e1db-b788-4b61-8bd7-a38cd4ac1d1a] transferring FlowFile[2,96105831051487.mockFlowFile,0B] to 'success'
[pool-153-thread-1] INFO org.apache.nifi.processors.standard.ControlRate - ControlRate[id=3af9e1db-b788-4b61-8bd7-a38cd4ac1d1a] transferring FlowFile[3,96105831063758.mockFlowFile,0B] to 'success'
[pool-155-thread-1] INFO org.apache.nifi.processors.standard.ControlRate - ControlRate[id=3af9e1db-b788-4b61-8bd7-a38cd4ac1d1a] transferring FlowFile[4,96105831102735.mockFlowFile,0B] to 'success'
[pool-155-thread-1] INFO org.apache.nifi.processors.standard.ControlRate - ControlRate[id=3af9e1db-b788-4b61-8bd7-a38cd4ac1d1a] transferring FlowFile[5,96105831108305.mockFlowFile,0B] to 'success'
]]></system-err>
  </testcase>
  <testcase name="testBadAttributeRate" classname="org.apache.nifi.processors.standard.TestControlRate" time="0.001">
    <system-err><![CDATA[[pool-156-thread-1] ERROR org.apache.nifi.processors.standard.ControlRate - ControlRate[id=7b0a47ba-6714-4c3c-9fb9-508bfaa42b48] Routing FlowFile[0,96106934491186.mockFlowFile,0B] to 'failure' due to missing or invalid attribute
]]></system-err>
  </testcase>
</testsuite>