<?xml version="1.0" encoding="UTF-8"?>
<testsuite xmlns:xsi="http://www.w3.org/2001/XMLSchema-instance" xsi:noNamespaceSchemaLocation="https://maven.apache.org/surefire/maven-surefire-plugin/xsd/surefire-test-report-3.0.xsd" version="3.0" name="org.apache.nifi.minifi.bootstrap.configuration.ingestors.PullHttpChangeIngestorSSLTest" time="1.534" tests="7" errors="0" skipped="0" failures="0">
  <properties>
    <property name="sun.desktop" value="gnome"/>
    <property name="awt.toolkit" value="sun.awt.X11.XToolkit"/>
    <property name="file.encoding.pkg" value="sun.io"/>
    <property name="java.specification.version" value="1.8"/>
    <property name="sun.cpu.isalist" value=""/>
    <property name="sun.jnu.encoding" value="UTF-8"/>
    <property name="java.class.path" value="/home/alex/Repositories/nifi/minifi/minifi-bootstrap/target/test-classes:/home/alex/Repositories/nifi/minifi/minifi-bootstrap/target/classes:/home/alex/.m2/repository/org/slf4j/slf4j-api/1.7.32/slf4j-api-1.7.32.jar:/home/alex/.m2/repository/ch/qos/logback/logback-classic/1.2.6/logback-classic-1.2.6.jar:/home/alex/.m2/repository/ch/qos/logback/logback-core/1.2.6/logback-core-1.2.6.jar:/home/alex/Repositories/nifi/nifi-api/target/classes:/home/alex/Repositories/nifi/nifi-commons/nifi-bootstrap-utils/target/classes:/home/alex/.m2/repository/net/java/dev/jna/jna-platform/4.4.0/jna-platform-4.4.0.jar:/home/alex/.m2/repository/net/java/dev/jna/jna/4.4.0/jna-4.4.0.jar:/home/alex/Repositories/nifi/nifi-nar-bundles/nifi-extension-utils/nifi-processor-utils/target/classes:/home/alex/Repositories/nifi/nifi-commons/nifi-security-socket-ssl/target/classes:/home/alex/.m2/repository/org/apache/commons/commons-lang3/3.9/commons-lang3-3.9.jar:/home/alex/.m2/repository/com/fasterxml/jackson/core/jackson-databind/2.12.3/jackson-databind-2.12.3.jar:/home/alex/.m2/repository/com/fasterxml/jackson/core/jackson-annotations/2.12.3/jackson-annotations-2.12.3.jar:/home/alex/.m2/repository/com/fasterxml/jackson/core/jackson-core/2.12.3/jackson-core-2.12.3.jar:/home/alex/Repositories/nifi/nifi-nar-bundles/nifi-standard-services/nifi-record-serialization-service-api/target/classes:/home/alex/Repositories/nifi/nifi-commons/nifi-record/target/classes:/home/alex/Repositories/nifi/nifi-nar-bundles/nifi-extension-utils/nifi-event-transport/target/classes:/home/alex/.m2/repository/io/netty/netty-handler/4.1.69.Final/netty-handler-4.1.69.Final.jar:/home/alex/.m2/repository/io/netty/netty-common/4.1.69.Final/netty-common-4.1.69.Final.jar:/home/alex/.m2/repository/io/netty/netty-resolver/4.1.69.Final/netty-resolver-4.1.69.Final.jar:/home/alex/.m2/repository/io/netty/netty-buffer/4.1.69.Final/netty-buffer-4.1.69.Final.jar:/home/alex/.m2/repository/io/netty/netty-transport/4.1.69.Final/netty-transport-4.1.69.Final.jar:/home/alex/.m2/repository/io/netty/netty-codec/4.1.69.Final/netty-codec-4.1.69.Final.jar:/home/alex/Repositories/nifi/nifi-commons/nifi-expression-language/target/classes:/home/alex/.m2/repository/org/antlr/antlr-runtime/3.5.2/antlr-runtime-3.5.2.jar:/home/alex/Repositories/nifi/nifi-commons/nifi-parameter/target/classes:/home/alex/Repositories/nifi/nifi-commons/nifi-uuid5/target/classes:/home/alex/.m2/repository/com/jayway/jsonpath/json-path/2.6.0/json-path-2.6.0.jar:/home/alex/.m2/repository/net/minidev/json-smart/2.4.7/json-smart-2.4.7.jar:/home/alex/.m2/repository/net/minidev/accessors-smart/2.4.7/accessors-smart-2.4.7.jar:/home/alex/.m2/repository/org/ow2/asm/asm/9.1/asm-9.1.jar:/home/alex/.m2/repository/org/apache/commons/commons-text/1.8/commons-text-1.8.jar:/home/alex/.m2/repository/commons-codec/commons-codec/1.10/commons-codec-1.10.jar:/home/alex/Repositories/nifi/minifi/minifi-commons/minifi-utils/target/classes:/home/alex/Repositories/nifi/nifi-commons/nifi-utils/target/classes:/home/alex/Repositories/nifi/nifi-commons/nifi-properties/target/classes:/home/alex/Repositories/nifi/nifi-commons/nifi-property-utils/target/classes:/home/alex/.m2/repository/org/yaml/snakeyaml/1.29/snakeyaml-1.29.jar:/home/alex/Repositories/nifi/minifi/minifi-commons/minifi-commons-schema/target/classes:/home/alex/.m2/repository/org/eclipse/jetty/jetty-server/9.4.44.v20210927/jetty-server-9.4.44.v20210927.jar:/home/alex/.m2/repository/javax/servlet/javax.servlet-api/3.1.0/javax.servlet-api-3.1.0.jar:/home/alex/.m2/repository/org/eclipse/jetty/jetty-http/9.4.44.v20210927/jetty-http-9.4.44.v20210927.jar:/home/alex/.m2/repository/org/eclipse/jetty/jetty-util/9.4.44.v20210927/jetty-util-9.4.44.v20210927.jar:/home/alex/.m2/repository/org/eclipse/jetty/jetty-io/9.4.44.v20210927/jetty-io-9.4.44.v20210927.jar:/home/alex/.m2/repository/org/eclipse/jetty/jetty-servlet/9.4.44.v20210927/jetty-servlet-9.4.44.v20210927.jar:/home/alex/.m2/repository/org/eclipse/jetty/jetty-security/9.4.44.v20210927/jetty-security-9.4.44.v20210927.jar:/home/alex/.m2/repository/org/eclipse/jetty/jetty-util-ajax/9.4.44.v20210927/jetty-util-ajax-9.4.44.v20210927.jar:/home/alex/.m2/repository/com/squareup/okhttp3/okhttp/3.12.3/okhttp-3.12.3.jar:/home/alex/.m2/repository/com/squareup/okio/okio/1.15.0/okio-1.15.0.jar:/home/alex/.m2/repository/commons-io/commons-io/2.10.0/commons-io-2.10.0.jar:/home/alex/.m2/repository/junit/junit/4.13.2/junit-4.13.2.jar:/home/alex/.m2/repository/org/hamcrest/hamcrest-core/1.3/hamcrest-core-1.3.jar:/home/alex/.m2/repository/org/mockito/mockito-all/1.10.19/mockito-all-1.10.19.jar:/home/alex/.m2/repository/org/slf4j/slf4j-simple/1.7.32/slf4j-simple-1.7.32.jar:/home/alex/.m2/repository/org/junit/jupiter/junit-jupiter-api/5.7.2/junit-jupiter-api-5.7.2.jar:/home/alex/.m2/repository/org/apiguardian/apiguardian-api/1.1.0/apiguardian-api-1.1.0.jar:/home/alex/.m2/repository/org/opentest4j/opentest4j/1.2.0/opentest4j-1.2.0.jar:/home/alex/.m2/repository/org/junit/platform/junit-platform-commons/1.7.2/junit-platform-commons-1.7.2.jar:/home/alex/.m2/repository/org/junit/jupiter/junit-jupiter-engine/5.7.2/junit-jupiter-engine-5.7.2.jar:/home/alex/.m2/repository/org/junit/platform/junit-platform-engine/1.7.2/junit-platform-engine-1.7.2.jar:/home/alex/.m2/repository/org/junit/vintage/junit-vintage-engine/5.7.2/junit-vintage-engine-5.7.2.jar:/home/alex/.m2/repository/org/junit/jupiter/junit-jupiter-params/5.7.2/junit-jupiter-params-5.7.2.jar:/home/alex/.m2/repository/org/mockito/mockito-core/3.11.2/mockito-core-3.11.2.jar:/home/alex/.m2/repository/net/bytebuddy/byte-buddy/1.11.3/byte-buddy-1.11.3.jar:/home/alex/.m2/repository/net/bytebuddy/byte-buddy-agent/1.11.3/byte-buddy-agent-1.11.3.jar:/home/alex/.m2/repository/org/objenesis/objenesis/3.2/objenesis-3.2.jar:/home/alex/.m2/repository/org/mockito/mockito-junit-jupiter/3.11.2/mockito-junit-jupiter-3.11.2.jar:/home/alex/.m2/repository/org/codehaus/groovy/groovy-test/2.5.14/groovy-test-2.5.14.jar:/home/alex/.m2/repository/org/codehaus/groovy/groovy/2.5.14/groovy-2.5.14.jar:"/>
    <property name="java.vm.vendor" value="Private Build"/>
    <property name="sun.arch.data.model" value="64"/>
    <property name="java.vendor.url" value="http://java.oracle.com/"/>
    <property name="user.timezone" value="Europe/Lisbon"/>
    <property name="java.vm.specification.version" value="1.8"/>
    <property name="os.name" value="Linux"/>
    <property name="user.country" value="US"/>
    <property name="sun.java.launcher" value="SUN_STANDARD"/>
    <property name="sun.boot.library.path" value="/usr/lib/jvm/java-8-openjdk-amd64/jre/lib/amd64"/>
    <property name="sun.java.command" value="/home/alex/Repositories/nifi/minifi/minifi-bootstrap/target/surefire/surefirebooter1088053733108555417.jar /home/alex/Repositories/nifi/minifi/minifi-bootstrap/target/surefire 2024-05-02T03-00-27_868-jvmRun1 surefire649953053294263904tmp surefire_1822151825625501026622tmp"/>
    <property name="surefire.test.class.path" value="/home/alex/Repositories/nifi/minifi/minifi-bootstrap/target/test-classes:/home/alex/Repositories/nifi/minifi/minifi-bootstrap/target/classes:/home/alex/.m2/repository/org/slf4j/slf4j-api/1.7.32/slf4j-api-1.7.32.jar:/home/alex/.m2/repository/ch/qos/logback/logback-classic/1.2.6/logback-classic-1.2.6.jar:/home/alex/.m2/repository/ch/qos/logback/logback-core/1.2.6/logback-core-1.2.6.jar:/home/alex/Repositories/nifi/nifi-api/target/classes:/home/alex/Repositories/nifi/nifi-commons/nifi-bootstrap-utils/target/classes:/home/alex/.m2/repository/net/java/dev/jna/jna-platform/4.4.0/jna-platform-4.4.0.jar:/home/alex/.m2/repository/net/java/dev/jna/jna/4.4.0/jna-4.4.0.jar:/home/alex/Repositories/nifi/nifi-nar-bundles/nifi-extension-utils/nifi-processor-utils/target/classes:/home/alex/Repositories/nifi/nifi-commons/nifi-security-socket-ssl/target/classes:/home/alex/.m2/repository/org/apache/commons/commons-lang3/3.9/commons-lang3-3.9.jar:/home/alex/.m2/repository/com/fasterxml/jackson/core/jackson-databind/2.12.3/jackson-databind-2.12.3.jar:/home/alex/.m2/repository/com/fasterxml/jackson/core/jackson-annotations/2.12.3/jackson-annotations-2.12.3.jar:/home/alex/.m2/repository/com/fasterxml/jackson/core/jackson-core/2.12.3/jackson-core-2.12.3.jar:/home/alex/Repositories/nifi/nifi-nar-bundles/nifi-standard-services/nifi-record-serialization-service-api/target/classes:/home/alex/Repositories/nifi/nifi-commons/nifi-record/target/classes:/home/alex/Repositories/nifi/nifi-nar-bundles/nifi-extension-utils/nifi-event-transport/target/classes:/home/alex/.m2/repository/io/netty/netty-handler/4.1.69.Final/netty-handler-4.1.69.Final.jar:/home/alex/.m2/repository/io/netty/netty-common/4.1.69.Final/netty-common-4.1.69.Final.jar:/home/alex/.m2/repository/io/netty/netty-resolver/4.1.69.Final/netty-resolver-4.1.69.Final.jar:/home/alex/.m2/repository/io/netty/netty-buffer/4.1.69.Final/netty-buffer-4.1.69.Final.jar:/home/alex/.m2/repository/io/netty/netty-transport/4.1.69.Final/netty-transport-4.1.69.Final.jar:/home/alex/.m2/repository/io/netty/netty-codec/4.1.69.Final/netty-codec-4.1.69.Final.jar:/home/alex/Repositories/nifi/nifi-commons/nifi-expression-language/target/classes:/home/alex/.m2/repository/org/antlr/antlr-runtime/3.5.2/antlr-runtime-3.5.2.jar:/home/alex/Repositories/nifi/nifi-commons/nifi-parameter/target/classes:/home/alex/Repositories/nifi/nifi-commons/nifi-uuid5/target/classes:/home/alex/.m2/repository/com/jayway/jsonpath/json-path/2.6.0/json-path-2.6.0.jar:/home/alex/.m2/repository/net/minidev/json-smart/2.4.7/json-smart-2.4.7.jar:/home/alex/.m2/repository/net/minidev/accessors-smart/2.4.7/accessors-smart-2.4.7.jar:/home/alex/.m2/repository/org/ow2/asm/asm/9.1/asm-9.1.jar:/home/alex/.m2/repository/org/apache/commons/commons-text/1.8/commons-text-1.8.jar:/home/alex/.m2/repository/commons-codec/commons-codec/1.10/commons-codec-1.10.jar:/home/alex/Repositories/nifi/minifi/minifi-commons/minifi-utils/target/classes:/home/alex/Repositories/nifi/nifi-commons/nifi-utils/target/classes:/home/alex/Repositories/nifi/nifi-commons/nifi-properties/target/classes:/home/alex/Repositories/nifi/nifi-commons/nifi-property-utils/target/classes:/home/alex/.m2/repository/org/yaml/snakeyaml/1.29/snakeyaml-1.29.jar:/home/alex/Repositories/nifi/minifi/minifi-commons/minifi-commons-schema/target/classes:/home/alex/.m2/repository/org/eclipse/jetty/jetty-server/9.4.44.v20210927/jetty-server-9.4.44.v20210927.jar:/home/alex/.m2/repository/javax/servlet/javax.servlet-api/3.1.0/javax.servlet-api-3.1.0.jar:/home/alex/.m2/repository/org/eclipse/jetty/jetty-http/9.4.44.v20210927/jetty-http-9.4.44.v20210927.jar:/home/alex/.m2/repository/org/eclipse/jetty/jetty-util/9.4.44.v20210927/jetty-util-9.4.44.v20210927.jar:/home/alex/.m2/repository/org/eclipse/jetty/jetty-io/9.4.44.v20210927/jetty-io-9.4.44.v20210927.jar:/home/alex/.m2/repository/org/eclipse/jetty/jetty-servlet/9.4.44.v20210927/jetty-servlet-9.4.44.v20210927.jar:/home/alex/.m2/repository/org/eclipse/jetty/jetty-security/9.4.44.v20210927/jetty-security-9.4.44.v20210927.jar:/home/alex/.m2/repository/org/eclipse/jetty/jetty-util-ajax/9.4.44.v20210927/jetty-util-ajax-9.4.44.v20210927.jar:/home/alex/.m2/repository/com/squareup/okhttp3/okhttp/3.12.3/okhttp-3.12.3.jar:/home/alex/.m2/repository/com/squareup/okio/okio/1.15.0/okio-1.15.0.jar:/home/alex/.m2/repository/commons-io/commons-io/2.10.0/commons-io-2.10.0.jar:/home/alex/.m2/repository/junit/junit/4.13.2/junit-4.13.2.jar:/home/alex/.m2/repository/org/hamcrest/hamcrest-core/1.3/hamcrest-core-1.3.jar:/home/alex/.m2/repository/org/mockito/mockito-all/1.10.19/mockito-all-1.10.19.jar:/home/alex/.m2/repository/org/slf4j/slf4j-simple/1.7.32/slf4j-simple-1.7.32.jar:/home/alex/.m2/repository/org/junit/jupiter/junit-jupiter-api/5.7.2/junit-jupiter-api-5.7.2.jar:/home/alex/.m2/repository/org/apiguardian/apiguardian-api/1.1.0/apiguardian-api-1.1.0.jar:/home/alex/.m2/repository/org/opentest4j/opentest4j/1.2.0/opentest4j-1.2.0.jar:/home/alex/.m2/repository/org/junit/platform/junit-platform-commons/1.7.2/junit-platform-commons-1.7.2.jar:/home/alex/.m2/repository/org/junit/jupiter/junit-jupiter-engine/5.7.2/junit-jupiter-engine-5.7.2.jar:/home/alex/.m2/repository/org/junit/platform/junit-platform-engine/1.7.2/junit-platform-engine-1.7.2.jar:/home/alex/.m2/repository/org/junit/vintage/junit-vintage-engine/5.7.2/junit-vintage-engine-5.7.2.jar:/home/alex/.m2/repository/org/junit/jupiter/junit-jupiter-params/5.7.2/junit-jupiter-params-5.7.2.jar:/home/alex/.m2/repository/org/mockito/mockito-core/3.11.2/mockito-core-3.11.2.jar:/home/alex/.m2/repository/net/bytebuddy/byte-buddy/1.11.3/byte-buddy-1.11.3.jar:/home/alex/.m2/repository/net/bytebuddy/byte-buddy-agent/1.11.3/byte-buddy-agent-1.11.3.jar:/home/alex/.m2/repository/org/objenesis/objenesis/3.2/objenesis-3.2.jar:/home/alex/.m2/repository/org/mockito/mockito-junit-jupiter/3.11.2/mockito-junit-jupiter-3.11.2.jar:/home/alex/.m2/repository/org/codehaus/groovy/groovy-test/2.5.14/groovy-test-2.5.14.jar:/home/alex/.m2/repository/org/codehaus/groovy/groovy/2.5.14/groovy-2.5.14.jar:"/>
    <property name="sun.cpu.endian" value="little"/>
    <property name="user.home" value="/home/alex"/>
    <property name="user.language" value="en"/>
    <property name="java.specification.vendor" value="Oracle Corporation"/>
    <property name="java.home" value="/usr/lib/jvm/java-8-openjdk-amd64/jre"/>
    <property name="basedir" value="/home/alex/Repositories/nifi/minifi/minifi-bootstrap"/>
    <property name="file.separator" value="/"/>
    <property name="line.separator" value="&#10;"/>
    <property name="java.vm.specification.vendor" value="Oracle Corporation"/>
    <property name="java.specification.name" value="Java Platform API Specification"/>
    <property name="java.awt.graphicsenv" value="sun.awt.X11GraphicsEnvironment"/>
    <property name="java.awt.headless" value="true"/>
    <property name="surefire.real.class.path" value="/home/alex/Repositories/nifi/minifi/minifi-bootstrap/target/surefire/surefirebooter1088053733108555417.jar"/>
    <property name="sun.boot.class.path" value="/usr/lib/jvm/java-8-openjdk-amd64/jre/lib/resources.jar:/usr/lib/jvm/java-8-openjdk-amd64/jre/lib/rt.jar:/usr/lib/jvm/java-8-openjdk-amd64/jre/lib/sunrsasign.jar:/usr/lib/jvm/java-8-openjdk-amd64/jre/lib/jsse.jar:/usr/lib/jvm/java-8-openjdk-amd64/jre/lib/jce.jar:/usr/lib/jvm/java-8-openjdk-amd64/jre/lib/charsets.jar:/usr/lib/jvm/java-8-openjdk-amd64/jre/lib/jfr.jar:/usr/lib/jvm/java-8-openjdk-amd64/jre/classes"/>
    <property name="sun.management.compiler" value="HotSpot 64-Bit Tiered Compilers"/>
    <property name="java.runtime.version" value="1.8.0_402-8u402-ga-2ubuntu1~22.04-b06"/>
    <property name="java.net.preferIPv4Stack" value="true"/>
    <property name="user.name" value="alex"/>
    <property name="path.separator" value=":"/>
    <property name="os.version" value="6.5.0-28-generic"/>
    <property name="java.endorsed.dirs" value="/usr/lib/jvm/java-8-openjdk-amd64/jre/lib/endorsed"/>
    <property name="java.runtime.name" value="OpenJDK Runtime Environment"/>
    <property name="file.encoding" value="UTF-8"/>
    <property name="java.vm.name" value="OpenJDK 64-Bit Server VM"/>
    <property name="localRepository" value="/home/alex/.m2/repository"/>
    <property name="java.vendor.url.bug" value="http://bugreport.sun.com/bugreport/"/>
    <property name="jetty.git.hash" value="8da83308eeca865e495e53ef315a249d63ba9332"/>
    <property name="java.io.tmpdir" value="/tmp"/>
    <property name="java.version" value="1.8.0_402"/>
    <property name="user.dir" value="/home/alex/Repositories/nifi/minifi/minifi-bootstrap"/>
    <property name="os.arch" value="amd64"/>
    <property name="java.vm.specification.name" value="Java Virtual Machine Specification"/>
    <property name="java.awt.printerjob" value="sun.print.PSPrinterJob"/>
    <property name="sun.os.patch.level" value="unknown"/>
    <property name="java.library.path" value="/usr/java/packages/lib/amd64:/usr/lib/x86_64-linux-gnu/jni:/lib/x86_64-linux-gnu:/usr/lib/x86_64-linux-gnu:/usr/lib/jni:/lib:/usr/lib"/>
    <property name="java.vm.info" value="mixed mode"/>
    <property name="java.vendor" value="Private Build"/>
    <property name="java.vm.version" value="25.402-b06"/>
    <property name="java.specification.maintenance.version" value="5"/>
    <property name="java.ext.dirs" value="/usr/lib/jvm/java-8-openjdk-amd64/jre/lib/ext:/usr/java/packages/lib/ext"/>
    <property name="sun.io.unicode.encoding" value="UnicodeLittle"/>
    <property name="java.class.version" value="52.0"/>
  </properties>
  <testcase name="testNewUpdateWithPath" classname="org.apache.nifi.minifi.bootstrap.configuration.ingestors.PullHttpChangeIngestorSSLTest" time="0.083">
    <system-out><![CDATA[03:19:48.554 [main] DEBUG org.eclipse.jetty.util.component.ContainerLifeCycle - QueuedThreadPool[qtp399373008]@17cdf2d0{STOPPED,8<=0<=200,i=0,r=-1,q=0}[NO_TRY] added {org.eclipse.jetty.util.thread.ThreadPoolBudget@1755e85b,POJO}
03:19:48.554 [main] DEBUG org.eclipse.jetty.util.component.ContainerLifeCycle - Server@736d6a5c{STOPPED}[9.4.44.v20210927] added {QueuedThreadPool[qtp399373008]@17cdf2d0{STOPPED,8<=0<=200,i=0,r=-1,q=0}[NO_TRY],AUTO}
03:19:48.554 [main] DEBUG org.eclipse.jetty.util.component.ContainerLifeCycle - HandlerCollection@2371aaca{STOPPED} added {JettyHandler@5b529706{STOPPED},AUTO}
03:19:48.554 [main] DEBUG org.eclipse.jetty.util.component.ContainerLifeCycle - Server@736d6a5c{STOPPED}[9.4.44.v20210927] added {HandlerCollection@2371aaca{STOPPED},MANAGED}
03:19:48.556 [main] DEBUG org.eclipse.jetty.util.component.ContainerLifeCycle - HttpConnectionFactory@5553d0f5[HTTP/1.1] added {HttpConfiguration@1af687fe{32768/8192,8192/8192,https://:0,[]},POJO}
03:19:48.557 [main] DEBUG org.eclipse.jetty.util.component.ContainerLifeCycle - SslConnectionFactory@14dda234{SSL->HTTP/1.1} added {Server@5a411614[provider=null,keyStore=file:///home/alex/Repositories/nifi/minifi/minifi-bootstrap/src/test/resources/localhost-ks.jks,trustStore=file:///home/alex/Repositories/nifi/minifi/minifi-bootstrap/src/test/resources/localhost-ts.jks],AUTO}
03:19:48.557 [main] DEBUG org.eclipse.jetty.util.component.ContainerLifeCycle - ServerConnector@2374d36a{null, ()}{0.0.0.0:0} added {Server@736d6a5c{STOPPED}[9.4.44.v20210927],UNMANAGED}
03:19:48.557 [main] DEBUG org.eclipse.jetty.util.component.ContainerLifeCycle - ServerConnector@2374d36a{null, ()}{0.0.0.0:0} added {QueuedThreadPool[qtp399373008]@17cdf2d0{STOPPED,8<=0<=200,i=0,r=-1,q=0}[NO_TRY],AUTO}
03:19:48.557 [main] DEBUG org.eclipse.jetty.util.component.ContainerLifeCycle - ServerConnector@2374d36a{null, ()}{0.0.0.0:0} added {ScheduledExecutorScheduler@54d18072{STOPPED},AUTO}
03:19:48.558 [main] DEBUG org.eclipse.jetty.util.component.ContainerLifeCycle - ServerConnector@2374d36a{null, ()}{0.0.0.0:0} added {org.eclipse.jetty.io.ArrayByteBufferPool@1506f20f,POJO}
03:19:48.558 [main] DEBUG org.eclipse.jetty.util.component.ContainerLifeCycle - ServerConnector@2374d36a{null, (ssl)}{0.0.0.0:0} added {SslConnectionFactory@14dda234{SSL->HTTP/1.1},AUTO}
03:19:48.558 [main] DEBUG org.eclipse.jetty.server.AbstractConnector - ServerConnector@2374d36a{SSL, (ssl)}{0.0.0.0:0} added SslConnectionFactory@14dda234{SSL->HTTP/1.1}
03:19:48.558 [main] DEBUG org.eclipse.jetty.util.component.ContainerLifeCycle - ServerConnector@2374d36a{SSL, (ssl, http/1.1)}{0.0.0.0:0} added {HttpConnectionFactory@5553d0f5[HTTP/1.1],AUTO}
03:19:48.558 [main] DEBUG org.eclipse.jetty.server.AbstractConnector - ServerConnector@2374d36a{SSL, (ssl, http/1.1)}{0.0.0.0:0} added HttpConnectionFactory@5553d0f5[HTTP/1.1]
03:19:48.558 [main] DEBUG org.eclipse.jetty.util.component.ContainerLifeCycle - ServerConnector@2374d36a{SSL, (ssl, http/1.1)}{0.0.0.0:0} added {SelectorManager@ServerConnector@2374d36a{SSL, (ssl, http/1.1)}{0.0.0.0:0},MANAGED}
03:19:48.558 [main] DEBUG org.eclipse.jetty.util.component.ContainerLifeCycle - Server@736d6a5c{STOPPED}[9.4.44.v20210927] added {ServerConnector@2374d36a{SSL, (ssl, http/1.1)}{localhost:0},AUTO}
03:19:48.558 [main] DEBUG org.eclipse.jetty.util.component.AbstractLifeCycle - starting Server@736d6a5c{STOPPED}[9.4.44.v20210927]
03:19:48.558 [main] DEBUG org.eclipse.jetty.util.component.ContainerLifeCycle - Server@736d6a5c{STARTING}[9.4.44.v20210927] added {ErrorHandler@47a5b70d{STOPPED},AUTO}
03:19:48.558 [main] INFO org.eclipse.jetty.server.Server - jetty-9.4.44.v20210927; built: 2021-09-27T23:02:44.612Z; git: 8da83308eeca865e495e53ef315a249d63ba9332; jvm 1.8.0_402-8u402-ga-2ubuntu1~22.04-b06
03:19:48.558 [main] DEBUG org.eclipse.jetty.server.handler.AbstractHandler - starting Server@736d6a5c{STARTING}[9.4.44.v20210927]
03:19:48.558 [main] DEBUG org.eclipse.jetty.util.component.AbstractLifeCycle - starting QueuedThreadPool[qtp399373008]@17cdf2d0{STOPPED,8<=0<=200,i=0,r=-1,q=0}[NO_TRY]
03:19:48.558 [main] DEBUG org.eclipse.jetty.util.thread.ReservedThreadExecutor - ReservedThreadExecutor@424fd310{reserved=0/8,pending=0}
03:19:48.558 [main] DEBUG org.eclipse.jetty.util.component.ContainerLifeCycle - QueuedThreadPool[qtp399373008]@17cdf2d0{STARTING,8<=0<=200,i=0,r=-1,q=0}[ReservedThreadExecutor@424fd310{reserved=0/8,pending=0}] added {ReservedThreadExecutor@424fd310{reserved=0/8,pending=0},AUTO}
03:19:48.558 [main] DEBUG org.eclipse.jetty.util.component.AbstractLifeCycle - starting ReservedThreadExecutor@424fd310{reserved=0/8,pending=0}
03:19:48.558 [main] DEBUG org.eclipse.jetty.util.component.AbstractLifeCycle - STARTED @4924ms ReservedThreadExecutor@424fd310{reserved=0/8,pending=0}
03:19:48.559 [main] DEBUG org.eclipse.jetty.util.thread.QueuedThreadPool - Starting Thread[qtp399373008-55,5,main]
03:19:48.559 [main] DEBUG org.eclipse.jetty.util.thread.QueuedThreadPool - Starting Thread[qtp399373008-56,5,main]
03:19:48.559 [main] DEBUG org.eclipse.jetty.util.thread.QueuedThreadPool - Starting Thread[qtp399373008-57,5,main]
03:19:48.559 [qtp399373008-55] DEBUG org.eclipse.jetty.util.thread.QueuedThreadPool - Runner started for QueuedThreadPool[qtp399373008]@17cdf2d0{STARTING,8<=2<=200,i=2,r=-1,q=0}[ReservedThreadExecutor@424fd310{reserved=0/8,pending=0}]
03:19:48.559 [qtp399373008-56] DEBUG org.eclipse.jetty.util.thread.QueuedThreadPool - Runner started for QueuedThreadPool[qtp399373008]@17cdf2d0{STARTING,8<=3<=200,i=3,r=-1,q=0}[ReservedThreadExecutor@424fd310{reserved=0/8,pending=0}]
03:19:48.559 [main] DEBUG org.eclipse.jetty.util.thread.QueuedThreadPool - Starting Thread[qtp399373008-58,5,main]
03:19:48.559 [qtp399373008-57] DEBUG org.eclipse.jetty.util.thread.QueuedThreadPool - Runner started for QueuedThreadPool[qtp399373008]@17cdf2d0{STARTING,8<=4<=200,i=4,r=-1,q=0}[ReservedThreadExecutor@424fd310{reserved=0/8,pending=0}]
03:19:48.559 [main] DEBUG org.eclipse.jetty.util.thread.QueuedThreadPool - Starting Thread[qtp399373008-59,5,main]
03:19:48.559 [qtp399373008-58] DEBUG org.eclipse.jetty.util.thread.QueuedThreadPool - Runner started for QueuedThreadPool[qtp399373008]@17cdf2d0{STARTING,8<=5<=200,i=5,r=-1,q=0}[ReservedThreadExecutor@424fd310{reserved=0/8,pending=0}]
03:19:48.559 [main] DEBUG org.eclipse.jetty.util.thread.QueuedThreadPool - Starting Thread[qtp399373008-60,5,main]
03:19:48.559 [qtp399373008-59] DEBUG org.eclipse.jetty.util.thread.QueuedThreadPool - Runner started for QueuedThreadPool[qtp399373008]@17cdf2d0{STARTING,8<=6<=200,i=6,r=-1,q=0}[ReservedThreadExecutor@424fd310{reserved=0/8,pending=0}]
03:19:48.559 [main] DEBUG org.eclipse.jetty.util.thread.QueuedThreadPool - Starting Thread[qtp399373008-61,5,main]
03:19:48.560 [qtp399373008-60] DEBUG org.eclipse.jetty.util.thread.QueuedThreadPool - Runner started for QueuedThreadPool[qtp399373008]@17cdf2d0{STARTING,8<=7<=200,i=7,r=-1,q=0}[ReservedThreadExecutor@424fd310{reserved=0/8,pending=0}]
03:19:48.560 [main] DEBUG org.eclipse.jetty.util.thread.QueuedThreadPool - Starting Thread[qtp399373008-62,5,main]
03:19:48.560 [qtp399373008-61] DEBUG org.eclipse.jetty.util.thread.QueuedThreadPool - Runner started for QueuedThreadPool[qtp399373008]@17cdf2d0{STARTING,8<=8<=200,i=8,r=-1,q=0}[ReservedThreadExecutor@424fd310{reserved=0/8,pending=0}]
03:19:48.560 [main] DEBUG org.eclipse.jetty.util.component.AbstractLifeCycle - STARTED @4925ms QueuedThreadPool[qtp399373008]@17cdf2d0{STARTED,8<=8<=200,i=8,r=-1,q=0}[ReservedThreadExecutor@424fd310{reserved=0/8,pending=0}]
03:19:48.560 [main] DEBUG org.eclipse.jetty.util.component.AbstractLifeCycle - starting HandlerCollection@2371aaca{STOPPED}
03:19:48.560 [qtp399373008-62] DEBUG org.eclipse.jetty.util.thread.QueuedThreadPool - Runner started for QueuedThreadPool[qtp399373008]@17cdf2d0{STARTED,8<=8<=200,i=8,r=-1,q=0}[ReservedThreadExecutor@424fd310{reserved=0/8,pending=0}]
03:19:48.560 [main] DEBUG org.eclipse.jetty.server.handler.AbstractHandler - starting HandlerCollection@2371aaca{STARTING}
03:19:48.560 [main] DEBUG org.eclipse.jetty.util.component.AbstractLifeCycle - starting JettyHandler@5b529706{STOPPED}
03:19:48.560 [main] DEBUG org.eclipse.jetty.server.handler.AbstractHandler - starting JettyHandler@5b529706{STARTING}
03:19:48.560 [main] DEBUG org.eclipse.jetty.util.component.AbstractLifeCycle - STARTED @4925ms JettyHandler@5b529706{STARTED}
03:19:48.560 [main] DEBUG org.eclipse.jetty.util.component.AbstractLifeCycle - STARTED @4925ms HandlerCollection@2371aaca{STARTED}
03:19:48.560 [main] DEBUG org.eclipse.jetty.util.component.AbstractLifeCycle - starting ErrorHandler@47a5b70d{STOPPED}
03:19:48.560 [main] DEBUG org.eclipse.jetty.server.handler.AbstractHandler - starting ErrorHandler@47a5b70d{STARTING}
03:19:48.560 [main] DEBUG org.eclipse.jetty.util.component.AbstractLifeCycle - STARTED @4926ms ErrorHandler@47a5b70d{STARTED}
03:19:48.560 [main] DEBUG org.eclipse.jetty.util.component.AbstractLifeCycle - starting ServerConnector@2374d36a{SSL, (ssl, http/1.1)}{localhost:0}
03:19:48.560 [main] DEBUG org.eclipse.jetty.util.component.ContainerLifeCycle - ServerConnector@2374d36a{SSL, (ssl, http/1.1)}{localhost:43437} added {sun.nio.ch.ServerSocketChannelImpl[/127.0.0.1:43437],POJO}
03:19:48.560 [main] DEBUG org.eclipse.jetty.util.component.AbstractLifeCycle - starting ScheduledExecutorScheduler@54d18072{STOPPED}
03:19:48.560 [main] DEBUG org.eclipse.jetty.util.component.AbstractLifeCycle - STARTED @4926ms ScheduledExecutorScheduler@54d18072{STARTED}
03:19:48.560 [main] DEBUG org.eclipse.jetty.util.component.AbstractLifeCycle - starting SslConnectionFactory@14dda234{SSL->HTTP/1.1}
03:19:48.560 [main] DEBUG org.eclipse.jetty.util.component.AbstractLifeCycle - starting Server@5a411614[provider=null,keyStore=file:///home/alex/Repositories/nifi/minifi/minifi-bootstrap/src/test/resources/localhost-ks.jks,trustStore=file:///home/alex/Repositories/nifi/minifi/minifi-bootstrap/src/test/resources/localhost-ts.jks]
03:19:48.563 [main] DEBUG org.eclipse.jetty.util.ssl.SslContextFactory - Skipping [
[
  Version: V3
  Subject: CN=localhost, OU=Apache NiFi, O=Apache, L=Santa Monica, ST=CA, C=US
  Signature Algorithm: SHA256withRSA, OID = 1.2.840.113549.1.1.11

  Key:  Sun RSA public key, 2048 bits
  params: null
  modulus: 30814356967964143889979985530055364514699394643854733747998343669441470253519148017443938086010371890735549349346219651337818702185332874291515054870079563226954918193849616960862684868242286307978102369612841123949572244550174312189783512432514374223942259755501453758648376374577329063158223919569981746956302768359932779930568567551025861141698242321770321797245641831546024352966190839853333380405862111836548816513307103278129669977363291361980989435025931448076674220589578916708474451915467598527744638059964817414583177679616410437042552549854073395960578135618251112100328624274333297476918645698689757444387
  public exponent: 65537
  Validity: [From: Wed Sep 11 16:38:57 WEST 2019,
               To: Thu Sep 10 16:38:57 WEST 2020]
  Issuer: CN=localhost, OU=Apache NiFi, O=Apache, L=Santa Monica, ST=CA, C=US
  SerialNumber: [    5d791511]

Certificate Extensions: 2
[1]: ObjectId: 2.5.29.15 Criticality=false
KeyUsage [
  DigitalSignature
  Non_repudiation
  Key_Encipherment
  Data_Encipherment
  Key_Agreement
  Key_CertSign
]

[2]: ObjectId: 2.5.29.17 Criticality=false
SubjectAlternativeName [
  DNSName: localhost
]

]
  Algorithm: [SHA256withRSA]
  Signature:
0000: BD 60 51 3B 2B 7F 6A 1F   07 27 5B 95 90 71 12 AA  .`Q;+.j..'[..q..
0010: E2 51 88 19 F1 3D BF D9   70 36 DE BE 2E D0 E6 CB  .Q...=..p6......
0020: F9 37 23 D4 B2 67 1D FA   F6 06 D0 05 A4 C4 D8 BF  .7#..g..........
0030: 25 30 00 BC 98 A7 DC 41   D4 42 76 94 DB AD 9B DD  %0.....A.Bv.....
0040: E8 4A DA 97 40 4D 22 7F   8A B2 D2 F8 08 28 76 9F  .J..@M"......(v.
0050: AF 21 73 EC 37 D2 F2 3B   96 20 AE 8B E0 F8 F7 E9  .!s.7..;. ......
0060: E8 22 85 21 82 19 0F D1   C5 8A BE 7C CC FE D7 6F  .".!...........o
0070: A9 4E 62 69 45 A5 2D 50   33 31 06 6A 0F 61 1E F7  .NbiE.-P31.j.a..
0080: 8D 9F 60 68 D7 61 D6 32   25 64 43 76 B1 1B 7A 21  ..`h.a.2%dCv..z!
0090: 59 6F A3 FA BC D5 A9 28   6C A8 EF 30 F2 67 5E 1D  Yo.....(l..0.g^.
00A0: B9 AD A0 03 53 6E 83 6D   C4 CE CE 0C 66 10 73 39  ....Sn.m....f.s9
00B0: CE 73 1D BD 4D 8C 13 18   84 E7 E5 41 97 68 C1 53  .s..M......A.h.S
00C0: 81 CD B5 40 25 73 EC 05   E4 23 01 BA 4D 20 78 6B  ...@%s...#..M xk
00D0: 84 14 EB FF F2 82 AD 99   1F B9 34 99 3B BD 1D 3E  ..........4.;..>
00E0: 1B 14 48 1E E6 ED F9 7B   82 EE 15 33 57 CE B3 44  ..H........3W..D
00F0: 86 C7 F4 99 89 34 CE F3   88 BB AC F6 35 F2 80 59  .....4......5..Y

]
03:19:48.564 [main] DEBUG org.eclipse.jetty.util.ssl.X509 - Certificate CN alias=mykey CN=localhost in X509@48a12036(mykey,h=[],a=[],w=[])
03:19:48.564 [main] INFO org.eclipse.jetty.util.ssl.SslContextFactory - x509=X509@48a12036(mykey,h=[localhost],a=[],w=[]) for Server@5a411614[provider=null,keyStore=file:///home/alex/Repositories/nifi/minifi/minifi-bootstrap/src/test/resources/localhost-ks.jks,trustStore=file:///home/alex/Repositories/nifi/minifi/minifi-bootstrap/src/test/resources/localhost-ts.jks]
03:19:48.565 [main] DEBUG org.eclipse.jetty.util.ssl.SslContextFactory - managers=[sun.security.ssl.SunX509KeyManagerImpl@70efb718] for Server@5a411614[provider=null,keyStore=file:///home/alex/Repositories/nifi/minifi/minifi-bootstrap/src/test/resources/localhost-ks.jks,trustStore=file:///home/alex/Repositories/nifi/minifi/minifi-bootstrap/src/test/resources/localhost-ts.jks]
03:19:48.565 [main] DEBUG org.eclipse.jetty.util.ssl.SslContextFactory - Selected Protocols [TLSv1.3, TLSv1.2] of [TLSv1.3, TLSv1.2, TLSv1.1, TLSv1, SSLv3, SSLv2Hello]
03:19:48.565 [main] DEBUG org.eclipse.jetty.util.ssl.SslContextFactory - Selected Ciphers   [TLS_AES_256_GCM_SHA384, TLS_AES_128_GCM_SHA256, TLS_ECDHE_ECDSA_WITH_AES_256_GCM_SHA384, TLS_ECDHE_ECDSA_WITH_AES_128_GCM_SHA256, TLS_ECDHE_RSA_WITH_AES_256_GCM_SHA384, TLS_ECDHE_RSA_WITH_AES_128_GCM_SHA256, TLS_DHE_RSA_WITH_AES_256_GCM_SHA384, TLS_DHE_DSS_WITH_AES_256_GCM_SHA384, TLS_DHE_RSA_WITH_AES_128_GCM_SHA256, TLS_DHE_DSS_WITH_AES_128_GCM_SHA256, TLS_ECDHE_ECDSA_WITH_AES_256_CBC_SHA384, TLS_ECDHE_RSA_WITH_AES_256_CBC_SHA384, TLS_ECDHE_ECDSA_WITH_AES_128_CBC_SHA256, TLS_ECDHE_RSA_WITH_AES_128_CBC_SHA256, TLS_DHE_RSA_WITH_AES_256_CBC_SHA256, TLS_DHE_DSS_WITH_AES_256_CBC_SHA256, TLS_DHE_RSA_WITH_AES_128_CBC_SHA256, TLS_DHE_DSS_WITH_AES_128_CBC_SHA256, TLS_ECDH_ECDSA_WITH_AES_256_GCM_SHA384, TLS_ECDH_RSA_WITH_AES_256_GCM_SHA384, TLS_ECDH_ECDSA_WITH_AES_128_GCM_SHA256, TLS_ECDH_RSA_WITH_AES_128_GCM_SHA256, TLS_ECDH_ECDSA_WITH_AES_256_CBC_SHA384, TLS_ECDH_RSA_WITH_AES_256_CBC_SHA384, TLS_ECDH_ECDSA_WITH_AES_128_CBC_SHA256, TLS_ECDH_RSA_WITH_AES_128_CBC_SHA256, TLS_EMPTY_RENEGOTIATION_INFO_SCSV] of [TLS_AES_256_GCM_SHA384, TLS_AES_128_GCM_SHA256, TLS_ECDHE_ECDSA_WITH_AES_256_GCM_SHA384, TLS_ECDHE_ECDSA_WITH_AES_128_GCM_SHA256, TLS_ECDHE_RSA_WITH_AES_256_GCM_SHA384, TLS_ECDHE_RSA_WITH_AES_128_GCM_SHA256, TLS_DHE_RSA_WITH_AES_256_GCM_SHA384, TLS_DHE_DSS_WITH_AES_256_GCM_SHA384, TLS_DHE_RSA_WITH_AES_128_GCM_SHA256, TLS_DHE_DSS_WITH_AES_128_GCM_SHA256, TLS_ECDHE_ECDSA_WITH_AES_256_CBC_SHA384, TLS_ECDHE_RSA_WITH_AES_256_CBC_SHA384, TLS_ECDHE_ECDSA_WITH_AES_128_CBC_SHA256, TLS_ECDHE_RSA_WITH_AES_128_CBC_SHA256, TLS_DHE_RSA_WITH_AES_256_CBC_SHA256, TLS_DHE_DSS_WITH_AES_256_CBC_SHA256, TLS_DHE_RSA_WITH_AES_128_CBC_SHA256, TLS_DHE_DSS_WITH_AES_128_CBC_SHA256, TLS_ECDH_ECDSA_WITH_AES_256_GCM_SHA384, TLS_ECDH_RSA_WITH_AES_256_GCM_SHA384, TLS_ECDH_ECDSA_WITH_AES_128_GCM_SHA256, TLS_ECDH_RSA_WITH_AES_128_GCM_SHA256, TLS_ECDH_ECDSA_WITH_AES_256_CBC_SHA384, TLS_ECDH_RSA_WITH_AES_256_CBC_SHA384, TLS_ECDH_ECDSA_WITH_AES_128_CBC_SHA256, TLS_ECDH_RSA_WITH_AES_128_CBC_SHA256, TLS_ECDHE_ECDSA_WITH_AES_256_CBC_SHA, TLS_ECDHE_RSA_WITH_AES_256_CBC_SHA, TLS_ECDHE_ECDSA_WITH_AES_128_CBC_SHA, TLS_ECDHE_RSA_WITH_AES_128_CBC_SHA, TLS_DHE_RSA_WITH_AES_256_CBC_SHA, TLS_DHE_DSS_WITH_AES_256_CBC_SHA, TLS_DHE_RSA_WITH_AES_128_CBC_SHA, TLS_DHE_DSS_WITH_AES_128_CBC_SHA, TLS_ECDH_ECDSA_WITH_AES_256_CBC_SHA, TLS_ECDH_RSA_WITH_AES_256_CBC_SHA, TLS_ECDH_ECDSA_WITH_AES_128_CBC_SHA, TLS_ECDH_RSA_WITH_AES_128_CBC_SHA, TLS_RSA_WITH_AES_256_GCM_SHA384, TLS_RSA_WITH_AES_128_GCM_SHA256, TLS_RSA_WITH_AES_256_CBC_SHA256, TLS_RSA_WITH_AES_128_CBC_SHA256, TLS_RSA_WITH_AES_256_CBC_SHA, TLS_RSA_WITH_AES_128_CBC_SHA, TLS_EMPTY_RENEGOTIATION_INFO_SCSV]
03:19:48.566 [main] DEBUG org.eclipse.jetty.util.ssl.SslContextFactory - Customize sun.security.ssl.SSLEngineImpl@b70da4c
03:19:48.566 [main] DEBUG org.eclipse.jetty.util.component.AbstractLifeCycle - STARTED @4932ms Server@5a411614[provider=null,keyStore=file:///home/alex/Repositories/nifi/minifi/minifi-bootstrap/src/test/resources/localhost-ks.jks,trustStore=file:///home/alex/Repositories/nifi/minifi/minifi-bootstrap/src/test/resources/localhost-ts.jks]
03:19:48.567 [main] DEBUG org.eclipse.jetty.util.ssl.SslContextFactory - Customize sun.security.ssl.SSLEngineImpl@4a11eb84
03:19:48.567 [main] DEBUG org.eclipse.jetty.util.component.AbstractLifeCycle - STARTED @4932ms SslConnectionFactory@14dda234{SSL->HTTP/1.1}
03:19:48.567 [main] DEBUG org.eclipse.jetty.util.component.AbstractLifeCycle - starting HttpConnectionFactory@5553d0f5[HTTP/1.1]
03:19:48.567 [main] DEBUG org.eclipse.jetty.util.component.AbstractLifeCycle - STARTED @4932ms HttpConnectionFactory@5553d0f5[HTTP/1.1]
03:19:48.567 [main] DEBUG org.eclipse.jetty.util.component.AbstractLifeCycle - starting SelectorManager@ServerConnector@2374d36a{SSL, (ssl, http/1.1)}{localhost:43437}
03:19:48.567 [main] DEBUG org.eclipse.jetty.util.component.ContainerLifeCycle - EatWhatYouKill@4e858e0a/SelectorProducer@435fb7b5/IDLE/p=false/QueuedThreadPool[qtp399373008]@17cdf2d0{STARTED,8<=8<=200,i=8,r=-1,q=0}[ReservedThreadExecutor@424fd310{reserved=0/8,pending=0}][pc=0,pic=0,pec=0,epc=0]@2024-05-02T03:19:48.567+01:00 added {SelectorProducer@435fb7b5,POJO}
03:19:48.567 [main] DEBUG org.eclipse.jetty.util.component.ContainerLifeCycle - EatWhatYouKill@4e858e0a/SelectorProducer@435fb7b5/IDLE/p=false/QueuedThreadPool[qtp399373008]@17cdf2d0{STARTED,8<=8<=200,i=8,r=-1,q=0}[ReservedThreadExecutor@424fd310{reserved=0/8,pending=0}][pc=0,pic=0,pec=0,epc=0]@2024-05-02T03:19:48.567+01:00 added {QueuedThreadPool[qtp399373008]@17cdf2d0{STARTED,8<=8<=200,i=8,r=-1,q=0}[ReservedThreadExecutor@424fd310{reserved=0/8,pending=0}],UNMANAGED}
03:19:48.567 [main] DEBUG org.eclipse.jetty.util.thread.strategy.EatWhatYouKill - EatWhatYouKill@4e858e0a/SelectorProducer@435fb7b5/IDLE/p=false/QueuedThreadPool[qtp399373008]@17cdf2d0{STARTED,8<=8<=200,i=8,r=-1,q=0}[ReservedThreadExecutor@424fd310{reserved=0/8,pending=0}][pc=0,pic=0,pec=0,epc=0]@2024-05-02T03:19:48.567+01:00 created
03:19:48.567 [main] DEBUG org.eclipse.jetty.util.component.ContainerLifeCycle - ManagedSelector@4e70a728{STOPPED} id=0 keys=-1 selected=-1 updates=0 added {EatWhatYouKill@4e858e0a/SelectorProducer@435fb7b5/IDLE/p=false/QueuedThreadPool[qtp399373008]@17cdf2d0{STARTED,8<=8<=200,i=8,r=-1,q=0}[ReservedThreadExecutor@424fd310{reserved=0/8,pending=0}][pc=0,pic=0,pec=0,epc=0]@2024-05-02T03:19:48.567+01:00,MANAGED}
03:19:48.568 [main] DEBUG org.eclipse.jetty.util.component.ContainerLifeCycle - SelectorManager@ServerConnector@2374d36a{SSL, (ssl, http/1.1)}{localhost:43437} added {ManagedSelector@4e70a728{STOPPED} id=0 keys=-1 selected=-1 updates=0,AUTO}
03:19:48.568 [main] DEBUG org.eclipse.jetty.util.component.ContainerLifeCycle - EatWhatYouKill@b7838a9/SelectorProducer@696f0212/IDLE/p=false/QueuedThreadPool[qtp399373008]@17cdf2d0{STARTED,8<=8<=200,i=8,r=-1,q=0}[ReservedThreadExecutor@424fd310{reserved=0/8,pending=0}][pc=0,pic=0,pec=0,epc=0]@2024-05-02T03:19:48.568+01:00 added {SelectorProducer@696f0212,POJO}
03:19:48.568 [main] DEBUG org.eclipse.jetty.util.component.ContainerLifeCycle - EatWhatYouKill@b7838a9/SelectorProducer@696f0212/IDLE/p=false/QueuedThreadPool[qtp399373008]@17cdf2d0{STARTED,8<=8<=200,i=8,r=-1,q=0}[ReservedThreadExecutor@424fd310{reserved=0/8,pending=0}][pc=0,pic=0,pec=0,epc=0]@2024-05-02T03:19:48.568+01:00 added {QueuedThreadPool[qtp399373008]@17cdf2d0{STARTED,8<=8<=200,i=8,r=-1,q=0}[ReservedThreadExecutor@424fd310{reserved=0/8,pending=0}],UNMANAGED}
03:19:48.568 [main] DEBUG org.eclipse.jetty.util.thread.strategy.EatWhatYouKill - EatWhatYouKill@b7838a9/SelectorProducer@696f0212/IDLE/p=false/QueuedThreadPool[qtp399373008]@17cdf2d0{STARTED,8<=8<=200,i=8,r=-1,q=0}[ReservedThreadExecutor@424fd310{reserved=0/8,pending=0}][pc=0,pic=0,pec=0,epc=0]@2024-05-02T03:19:48.568+01:00 created
03:19:48.568 [main] DEBUG org.eclipse.jetty.util.component.ContainerLifeCycle - ManagedSelector@5733f295{STOPPED} id=1 keys=-1 selected=-1 updates=0 added {EatWhatYouKill@b7838a9/SelectorProducer@696f0212/IDLE/p=false/QueuedThreadPool[qtp399373008]@17cdf2d0{STARTED,8<=8<=200,i=8,r=-1,q=0}[ReservedThreadExecutor@424fd310{reserved=0/8,pending=0}][pc=0,pic=0,pec=0,epc=0]@2024-05-02T03:19:48.568+01:00,MANAGED}
03:19:48.568 [main] DEBUG org.eclipse.jetty.util.component.ContainerLifeCycle - SelectorManager@ServerConnector@2374d36a{SSL, (ssl, http/1.1)}{localhost:43437} added {ManagedSelector@5733f295{STOPPED} id=1 keys=-1 selected=-1 updates=0,AUTO}
03:19:48.568 [main] DEBUG org.eclipse.jetty.util.component.ContainerLifeCycle - EatWhatYouKill@1c3146bc/SelectorProducer@56c698e3/IDLE/p=false/QueuedThreadPool[qtp399373008]@17cdf2d0{STARTED,8<=8<=200,i=8,r=-1,q=0}[ReservedThreadExecutor@424fd310{reserved=0/8,pending=0}][pc=0,pic=0,pec=0,epc=0]@2024-05-02T03:19:48.568+01:00 added {SelectorProducer@56c698e3,POJO}
03:19:48.569 [main] DEBUG org.eclipse.jetty.util.component.ContainerLifeCycle - EatWhatYouKill@1c3146bc/SelectorProducer@56c698e3/IDLE/p=false/QueuedThreadPool[qtp399373008]@17cdf2d0{STARTED,8<=8<=200,i=8,r=-1,q=0}[ReservedThreadExecutor@424fd310{reserved=0/8,pending=0}][pc=0,pic=0,pec=0,epc=0]@2024-05-02T03:19:48.569+01:00 added {QueuedThreadPool[qtp399373008]@17cdf2d0{STARTED,8<=8<=200,i=8,r=-1,q=0}[ReservedThreadExecutor@424fd310{reserved=0/8,pending=0}],UNMANAGED}
03:19:48.569 [main] DEBUG org.eclipse.jetty.util.thread.strategy.EatWhatYouKill - EatWhatYouKill@1c3146bc/SelectorProducer@56c698e3/IDLE/p=false/QueuedThreadPool[qtp399373008]@17cdf2d0{STARTED,8<=8<=200,i=8,r=-1,q=0}[ReservedThreadExecutor@424fd310{reserved=0/8,pending=0}][pc=0,pic=0,pec=0,epc=0]@2024-05-02T03:19:48.569+01:00 created
03:19:48.569 [main] DEBUG org.eclipse.jetty.util.component.ContainerLifeCycle - ManagedSelector@47a86fbb{STOPPED} id=2 keys=-1 selected=-1 updates=0 added {EatWhatYouKill@1c3146bc/SelectorProducer@56c698e3/IDLE/p=false/QueuedThreadPool[qtp399373008]@17cdf2d0{STARTED,8<=8<=200,i=8,r=-1,q=0}[ReservedThreadExecutor@424fd310{reserved=0/8,pending=0}][pc=0,pic=0,pec=0,epc=0]@2024-05-02T03:19:48.569+01:00,MANAGED}
03:19:48.569 [main] DEBUG org.eclipse.jetty.util.component.ContainerLifeCycle - SelectorManager@ServerConnector@2374d36a{SSL, (ssl, http/1.1)}{localhost:43437} added {ManagedSelector@47a86fbb{STOPPED} id=2 keys=-1 selected=-1 updates=0,AUTO}
03:19:48.569 [main] DEBUG org.eclipse.jetty.util.component.ContainerLifeCycle - EatWhatYouKill@f478a81/SelectorProducer@19553973/IDLE/p=false/QueuedThreadPool[qtp399373008]@17cdf2d0{STARTED,8<=8<=200,i=8,r=-1,q=0}[ReservedThreadExecutor@424fd310{reserved=0/8,pending=0}][pc=0,pic=0,pec=0,epc=0]@2024-05-02T03:19:48.569+01:00 added {SelectorProducer@19553973,POJO}
03:19:48.569 [main] DEBUG org.eclipse.jetty.util.component.ContainerLifeCycle - EatWhatYouKill@f478a81/SelectorProducer@19553973/IDLE/p=false/QueuedThreadPool[qtp399373008]@17cdf2d0{STARTED,8<=8<=200,i=8,r=-1,q=0}[ReservedThreadExecutor@424fd310{reserved=0/8,pending=0}][pc=0,pic=0,pec=0,epc=0]@2024-05-02T03:19:48.569+01:00 added {QueuedThreadPool[qtp399373008]@17cdf2d0{STARTED,8<=8<=200,i=8,r=-1,q=0}[ReservedThreadExecutor@424fd310{reserved=0/8,pending=0}],UNMANAGED}
03:19:48.569 [main] DEBUG org.eclipse.jetty.util.thread.strategy.EatWhatYouKill - EatWhatYouKill@f478a81/SelectorProducer@19553973/IDLE/p=false/QueuedThreadPool[qtp399373008]@17cdf2d0{STARTED,8<=8<=200,i=8,r=-1,q=0}[ReservedThreadExecutor@424fd310{reserved=0/8,pending=0}][pc=0,pic=0,pec=0,epc=0]@2024-05-02T03:19:48.569+01:00 created
03:19:48.569 [main] DEBUG org.eclipse.jetty.util.component.ContainerLifeCycle - ManagedSelector@7bb6ab3a{STOPPED} id=3 keys=-1 selected=-1 updates=0 added {EatWhatYouKill@f478a81/SelectorProducer@19553973/IDLE/p=false/QueuedThreadPool[qtp399373008]@17cdf2d0{STARTED,8<=8<=200,i=8,r=-1,q=0}[ReservedThreadExecutor@424fd310{reserved=0/8,pending=0}][pc=0,pic=0,pec=0,epc=0]@2024-05-02T03:19:48.569+01:00,MANAGED}
03:19:48.570 [main] DEBUG org.eclipse.jetty.util.component.ContainerLifeCycle - SelectorManager@ServerConnector@2374d36a{SSL, (ssl, http/1.1)}{localhost:43437} added {ManagedSelector@7bb6ab3a{STOPPED} id=3 keys=-1 selected=-1 updates=0,AUTO}
03:19:48.570 [main] DEBUG org.eclipse.jetty.util.component.AbstractLifeCycle - starting ManagedSelector@4e70a728{STOPPED} id=0 keys=-1 selected=-1 updates=0
03:19:48.570 [main] DEBUG org.eclipse.jetty.util.component.AbstractLifeCycle - starting EatWhatYouKill@4e858e0a/SelectorProducer@435fb7b5/IDLE/p=false/QueuedThreadPool[qtp399373008]@17cdf2d0{STARTED,8<=8<=200,i=8,r=-1,q=0}[ReservedThreadExecutor@424fd310{reserved=0/8,pending=0}][pc=0,pic=0,pec=0,epc=0]@2024-05-02T03:19:48.57+01:00
03:19:48.570 [main] DEBUG org.eclipse.jetty.util.component.AbstractLifeCycle - STARTED @4935ms EatWhatYouKill@4e858e0a/SelectorProducer@435fb7b5/IDLE/p=false/QueuedThreadPool[qtp399373008]@17cdf2d0{STARTED,8<=8<=200,i=8,r=-1,q=0}[ReservedThreadExecutor@424fd310{reserved=0/8,pending=0}][pc=0,pic=0,pec=0,epc=0]@2024-05-02T03:19:48.57+01:00
03:19:48.570 [main] DEBUG org.eclipse.jetty.util.thread.QueuedThreadPool - queue org.eclipse.jetty.io.ManagedSelector$$Lambda$253/838473569@7fe7c640 startThread=0
03:19:48.570 [main] DEBUG org.eclipse.jetty.io.ManagedSelector - Queued change lazy=false org.eclipse.jetty.io.ManagedSelector$Start@4c4748bf on ManagedSelector@4e70a728{STARTING} id=0 keys=0 selected=0 updates=0
03:19:48.570 [qtp399373008-55] DEBUG org.eclipse.jetty.util.thread.QueuedThreadPool - run org.eclipse.jetty.io.ManagedSelector$$Lambda$253/838473569@7fe7c640 in QueuedThreadPool[qtp399373008]@17cdf2d0{STARTED,8<=8<=200,i=7,r=-1,q=0}[ReservedThreadExecutor@424fd310{reserved=0/8,pending=0}]
03:19:48.570 [qtp399373008-55] DEBUG org.eclipse.jetty.util.thread.strategy.EatWhatYouKill - EatWhatYouKill@4e858e0a/SelectorProducer@435fb7b5/IDLE/p=false/QueuedThreadPool[qtp399373008]@17cdf2d0{STARTED,8<=8<=200,i=7,r=-1,q=0}[ReservedThreadExecutor@424fd310{reserved=0/8,pending=0}][pc=0,pic=0,pec=0,epc=0]@2024-05-02T03:19:48.57+01:00 tryProduce false
03:19:48.570 [qtp399373008-55] DEBUG org.eclipse.jetty.io.ManagedSelector - updateable 1
03:19:48.570 [qtp399373008-55] DEBUG org.eclipse.jetty.io.ManagedSelector - update org.eclipse.jetty.io.ManagedSelector$Start@4c4748bf
03:19:48.570 [qtp399373008-55] DEBUG org.eclipse.jetty.io.ManagedSelector - updates 0
03:19:48.570 [qtp399373008-55] DEBUG org.eclipse.jetty.io.ManagedSelector - Selector sun.nio.ch.EPollSelectorImpl@3702dbe9 waiting with 0 keys
03:19:48.570 [main] DEBUG org.eclipse.jetty.util.component.AbstractLifeCycle - STARTED @4936ms ManagedSelector@4e70a728{STARTED} id=0 keys=0 selected=0 updates=0
03:19:48.570 [main] DEBUG org.eclipse.jetty.util.component.AbstractLifeCycle - starting ManagedSelector@5733f295{STOPPED} id=1 keys=-1 selected=-1 updates=0
03:19:48.571 [main] DEBUG org.eclipse.jetty.util.component.AbstractLifeCycle - starting EatWhatYouKill@b7838a9/SelectorProducer@696f0212/IDLE/p=false/QueuedThreadPool[qtp399373008]@17cdf2d0{STARTED,8<=8<=200,i=7,r=-1,q=0}[ReservedThreadExecutor@424fd310{reserved=0/8,pending=0}][pc=0,pic=0,pec=0,epc=0]@2024-05-02T03:19:48.571+01:00
03:19:48.571 [main] DEBUG org.eclipse.jetty.util.component.AbstractLifeCycle - STARTED @4936ms EatWhatYouKill@b7838a9/SelectorProducer@696f0212/IDLE/p=false/QueuedThreadPool[qtp399373008]@17cdf2d0{STARTED,8<=8<=200,i=7,r=-1,q=0}[ReservedThreadExecutor@424fd310{reserved=0/8,pending=0}][pc=0,pic=0,pec=0,epc=0]@2024-05-02T03:19:48.571+01:00
03:19:48.571 [main] DEBUG org.eclipse.jetty.util.thread.QueuedThreadPool - queue org.eclipse.jetty.io.ManagedSelector$$Lambda$253/838473569@7ce97ee5 startThread=0
03:19:48.571 [qtp399373008-56] DEBUG org.eclipse.jetty.util.thread.QueuedThreadPool - run org.eclipse.jetty.io.ManagedSelector$$Lambda$253/838473569@7ce97ee5 in QueuedThreadPool[qtp399373008]@17cdf2d0{STARTED,8<=8<=200,i=6,r=-1,q=0}[ReservedThreadExecutor@424fd310{reserved=0/8,pending=0}]
03:19:48.571 [main] DEBUG org.eclipse.jetty.io.ManagedSelector - Queued change lazy=false org.eclipse.jetty.io.ManagedSelector$Start@32c8e539 on ManagedSelector@5733f295{STARTING} id=1 keys=0 selected=0 updates=0
03:19:48.571 [qtp399373008-56] DEBUG org.eclipse.jetty.util.thread.strategy.EatWhatYouKill - EatWhatYouKill@b7838a9/SelectorProducer@696f0212/IDLE/p=false/QueuedThreadPool[qtp399373008]@17cdf2d0{STARTED,8<=8<=200,i=6,r=-1,q=0}[ReservedThreadExecutor@424fd310{reserved=0/8,pending=0}][pc=0,pic=0,pec=0,epc=0]@2024-05-02T03:19:48.571+01:00 tryProduce false
03:19:48.571 [qtp399373008-56] DEBUG org.eclipse.jetty.io.ManagedSelector - updateable 1
03:19:48.571 [qtp399373008-56] DEBUG org.eclipse.jetty.io.ManagedSelector - update org.eclipse.jetty.io.ManagedSelector$Start@32c8e539
03:19:48.571 [qtp399373008-56] DEBUG org.eclipse.jetty.io.ManagedSelector - updates 0
03:19:48.571 [qtp399373008-56] DEBUG org.eclipse.jetty.io.ManagedSelector - Selector sun.nio.ch.EPollSelectorImpl@342f02f2 waiting with 0 keys
03:19:48.571 [main] DEBUG org.eclipse.jetty.util.component.AbstractLifeCycle - STARTED @4937ms ManagedSelector@5733f295{STARTED} id=1 keys=0 selected=0 updates=0
03:19:48.571 [main] DEBUG org.eclipse.jetty.util.component.AbstractLifeCycle - starting ManagedSelector@47a86fbb{STOPPED} id=2 keys=-1 selected=-1 updates=0
03:19:48.571 [main] DEBUG org.eclipse.jetty.util.component.AbstractLifeCycle - starting EatWhatYouKill@1c3146bc/SelectorProducer@56c698e3/IDLE/p=false/QueuedThreadPool[qtp399373008]@17cdf2d0{STARTED,8<=8<=200,i=6,r=-1,q=0}[ReservedThreadExecutor@424fd310{reserved=0/8,pending=0}][pc=0,pic=0,pec=0,epc=0]@2024-05-02T03:19:48.571+01:00
03:19:48.571 [main] DEBUG org.eclipse.jetty.util.component.AbstractLifeCycle - STARTED @4937ms EatWhatYouKill@1c3146bc/SelectorProducer@56c698e3/IDLE/p=false/QueuedThreadPool[qtp399373008]@17cdf2d0{STARTED,8<=8<=200,i=6,r=-1,q=0}[ReservedThreadExecutor@424fd310{reserved=0/8,pending=0}][pc=0,pic=0,pec=0,epc=0]@2024-05-02T03:19:48.571+01:00
03:19:48.572 [main] DEBUG org.eclipse.jetty.util.thread.QueuedThreadPool - queue org.eclipse.jetty.io.ManagedSelector$$Lambda$253/838473569@73dce0e6 startThread=0
03:19:48.572 [qtp399373008-57] DEBUG org.eclipse.jetty.util.thread.QueuedThreadPool - run org.eclipse.jetty.io.ManagedSelector$$Lambda$253/838473569@73dce0e6 in QueuedThreadPool[qtp399373008]@17cdf2d0{STARTED,8<=8<=200,i=5,r=-1,q=0}[ReservedThreadExecutor@424fd310{reserved=0/8,pending=0}]
03:19:48.572 [main] DEBUG org.eclipse.jetty.io.ManagedSelector - Queued change lazy=false org.eclipse.jetty.io.ManagedSelector$Start@5a85c92 on ManagedSelector@47a86fbb{STARTING} id=2 keys=0 selected=0 updates=0
03:19:48.572 [qtp399373008-57] DEBUG org.eclipse.jetty.util.thread.strategy.EatWhatYouKill - EatWhatYouKill@1c3146bc/SelectorProducer@56c698e3/IDLE/p=false/QueuedThreadPool[qtp399373008]@17cdf2d0{STARTED,8<=8<=200,i=5,r=-1,q=0}[ReservedThreadExecutor@424fd310{reserved=0/8,pending=0}][pc=0,pic=0,pec=0,epc=0]@2024-05-02T03:19:48.572+01:00 tryProduce false
03:19:48.572 [qtp399373008-57] DEBUG org.eclipse.jetty.io.ManagedSelector - updateable 1
03:19:48.572 [qtp399373008-57] DEBUG org.eclipse.jetty.io.ManagedSelector - update org.eclipse.jetty.io.ManagedSelector$Start@5a85c92
03:19:48.572 [qtp399373008-57] DEBUG org.eclipse.jetty.io.ManagedSelector - updates 0
03:19:48.572 [qtp399373008-57] DEBUG org.eclipse.jetty.io.ManagedSelector - Selector sun.nio.ch.EPollSelectorImpl@25f05ce6 waiting with 0 keys
03:19:48.572 [main] DEBUG org.eclipse.jetty.util.component.AbstractLifeCycle - STARTED @4937ms ManagedSelector@47a86fbb{STARTED} id=2 keys=0 selected=0 updates=0
03:19:48.572 [main] DEBUG org.eclipse.jetty.util.component.AbstractLifeCycle - starting ManagedSelector@7bb6ab3a{STOPPED} id=3 keys=-1 selected=-1 updates=0
03:19:48.572 [main] DEBUG org.eclipse.jetty.util.component.AbstractLifeCycle - starting EatWhatYouKill@f478a81/SelectorProducer@19553973/IDLE/p=false/QueuedThreadPool[qtp399373008]@17cdf2d0{STARTED,8<=8<=200,i=5,r=-1,q=0}[ReservedThreadExecutor@424fd310{reserved=0/8,pending=0}][pc=0,pic=0,pec=0,epc=0]@2024-05-02T03:19:48.572+01:00
03:19:48.572 [main] DEBUG org.eclipse.jetty.util.component.AbstractLifeCycle - STARTED @4938ms EatWhatYouKill@f478a81/SelectorProducer@19553973/IDLE/p=false/QueuedThreadPool[qtp399373008]@17cdf2d0{STARTED,8<=8<=200,i=5,r=-1,q=0}[ReservedThreadExecutor@424fd310{reserved=0/8,pending=0}][pc=0,pic=0,pec=0,epc=0]@2024-05-02T03:19:48.572+01:00
03:19:48.572 [main] DEBUG org.eclipse.jetty.util.thread.QueuedThreadPool - queue org.eclipse.jetty.io.ManagedSelector$$Lambda$253/838473569@32811494 startThread=0
03:19:48.572 [qtp399373008-58] DEBUG org.eclipse.jetty.util.thread.QueuedThreadPool - run org.eclipse.jetty.io.ManagedSelector$$Lambda$253/838473569@32811494 in QueuedThreadPool[qtp399373008]@17cdf2d0{STARTED,8<=8<=200,i=4,r=-1,q=0}[ReservedThreadExecutor@424fd310{reserved=0/8,pending=0}]
03:19:48.572 [main] DEBUG org.eclipse.jetty.io.ManagedSelector - Queued change lazy=false org.eclipse.jetty.io.ManagedSelector$Start@4795ded0 on ManagedSelector@7bb6ab3a{STARTING} id=3 keys=0 selected=0 updates=0
03:19:48.572 [qtp399373008-58] DEBUG org.eclipse.jetty.util.thread.strategy.EatWhatYouKill - EatWhatYouKill@f478a81/SelectorProducer@19553973/IDLE/p=false/QueuedThreadPool[qtp399373008]@17cdf2d0{STARTED,8<=8<=200,i=4,r=-1,q=0}[ReservedThreadExecutor@424fd310{reserved=0/8,pending=0}][pc=0,pic=0,pec=0,epc=0]@2024-05-02T03:19:48.572+01:00 tryProduce false
03:19:48.572 [qtp399373008-58] DEBUG org.eclipse.jetty.io.ManagedSelector - updateable 1
03:19:48.573 [qtp399373008-58] DEBUG org.eclipse.jetty.io.ManagedSelector - update org.eclipse.jetty.io.ManagedSelector$Start@4795ded0
03:19:48.573 [qtp399373008-58] DEBUG org.eclipse.jetty.io.ManagedSelector - updates 0
03:19:48.573 [qtp399373008-58] DEBUG org.eclipse.jetty.io.ManagedSelector - Selector sun.nio.ch.EPollSelectorImpl@2af73879 waiting with 0 keys
03:19:48.573 [main] DEBUG org.eclipse.jetty.util.component.AbstractLifeCycle - STARTED @4938ms ManagedSelector@7bb6ab3a{STARTED} id=3 keys=0 selected=0 updates=0
03:19:48.573 [main] DEBUG org.eclipse.jetty.util.component.AbstractLifeCycle - STARTED @4938ms SelectorManager@ServerConnector@2374d36a{SSL, (ssl, http/1.1)}{localhost:43437}
03:19:48.573 [main] DEBUG org.eclipse.jetty.util.component.ContainerLifeCycle - ServerConnector@2374d36a{SSL, (ssl, http/1.1)}{localhost:43437} added {acceptor-0@53dacd14,POJO}
03:19:48.573 [main] DEBUG org.eclipse.jetty.util.thread.QueuedThreadPool - queue acceptor-0@53dacd14 startThread=0
03:19:48.573 [qtp399373008-59] DEBUG org.eclipse.jetty.util.thread.QueuedThreadPool - run acceptor-0@53dacd14 in QueuedThreadPool[qtp399373008]@17cdf2d0{STARTED,8<=8<=200,i=3,r=-1,q=0}[ReservedThreadExecutor@424fd310{reserved=0/8,pending=0}]
03:19:48.573 [main] INFO org.eclipse.jetty.server.AbstractConnector - Started ServerConnector@2374d36a{SSL, (ssl, http/1.1)}{localhost:43437}
03:19:48.573 [main] DEBUG org.eclipse.jetty.util.component.AbstractLifeCycle - STARTED @4938ms ServerConnector@2374d36a{SSL, (ssl, http/1.1)}{localhost:43437}
03:19:48.573 [main] INFO org.eclipse.jetty.server.Server - Started @4939ms
03:19:48.573 [main] DEBUG org.eclipse.jetty.util.component.AbstractLifeCycle - STARTED @4939ms Server@736d6a5c{STARTED}[9.4.44.v20210927]
03:19:49.576 [main] DEBUG org.apache.nifi.minifi.bootstrap.configuration.ingestors.PullHttpChangeIngestor - Attempting to pull new config
03:19:49.576 [qtp399373008-59-acceptor-0@53dacd14-ServerConnector@2374d36a{SSL, (ssl, http/1.1)}{localhost:43437}] DEBUG org.eclipse.jetty.io.ManagedSelector - Queued change lazy=false Accept@44631275[java.nio.channels.SocketChannel[connected local=/127.0.0.1:43437 remote=/127.0.0.1:54562]] on ManagedSelector@5733f295{STARTED} id=1 keys=0 selected=0 updates=0
03:19:49.576 [qtp399373008-59-acceptor-0@53dacd14-ServerConnector@2374d36a{SSL, (ssl, http/1.1)}{localhost:43437}] DEBUG org.eclipse.jetty.io.ManagedSelector - Wakeup on submit ManagedSelector@5733f295{STARTED} id=1 keys=0 selected=0 updates=1
03:19:49.577 [qtp399373008-56] DEBUG org.eclipse.jetty.io.ManagedSelector - Selector sun.nio.ch.EPollSelectorImpl@342f02f2 woken with none selected
03:19:49.577 [qtp399373008-56] DEBUG org.eclipse.jetty.io.ManagedSelector - Selector sun.nio.ch.EPollSelectorImpl@342f02f2 woken up from select, 0/0/0 selected
03:19:49.577 [qtp399373008-56] DEBUG org.eclipse.jetty.io.ManagedSelector - Selector sun.nio.ch.EPollSelectorImpl@342f02f2 processing 0 keys, 1 updates
03:19:49.577 [qtp399373008-56] DEBUG org.eclipse.jetty.io.ManagedSelector - updateable 1
03:19:49.577 [qtp399373008-56] DEBUG org.eclipse.jetty.io.ManagedSelector - update Accept@44631275[java.nio.channels.SocketChannel[connected local=/127.0.0.1:43437 remote=/127.0.0.1:54562]]
03:19:49.577 [qtp399373008-56] DEBUG org.eclipse.jetty.util.thread.QueuedThreadPool - queue Accept@44631275[java.nio.channels.SocketChannel[connected local=/127.0.0.1:43437 remote=/127.0.0.1:54562]] startThread=0
03:19:49.577 [qtp399373008-56] DEBUG org.eclipse.jetty.io.ManagedSelector - updates 0
03:19:49.577 [qtp399373008-56] DEBUG org.eclipse.jetty.io.ManagedSelector - Selector sun.nio.ch.EPollSelectorImpl@342f02f2 waiting with 1 keys
03:19:49.577 [qtp399373008-60] DEBUG org.eclipse.jetty.util.thread.QueuedThreadPool - run Accept@44631275[java.nio.channels.SocketChannel[connected local=/127.0.0.1:43437 remote=/127.0.0.1:54562]] in QueuedThreadPool[qtp399373008]@17cdf2d0{STARTED,8<=8<=200,i=2,r=-1,q=0}[ReservedThreadExecutor@424fd310{reserved=0/8,pending=0}]
03:19:49.577 [qtp399373008-60] DEBUG org.eclipse.jetty.io.IdleTimeout - SocketChannelEndPoint@3dc4242d{l=/127.0.0.1:43437,r=/127.0.0.1:54562,OPEN,fill=-,flush=-,to=0/30000}{io=0/0,kio=0,kro=0}-><null> idle timeout check, elapsed: 0 ms, remaining: 30000 ms
03:19:49.578 [qtp399373008-60] DEBUG org.eclipse.jetty.util.ssl.SslContextFactory - Customize sun.security.ssl.SSLEngineImpl@373c4f5d
03:19:49.578 [qtp399373008-60] DEBUG org.eclipse.jetty.server.HttpChannel - new HttpChannelOverHttp@723ed7de{s=HttpChannelState@6ec760f8{s=IDLE rs=BLOCKING os=OPEN is=IDLE awp=false se=false i=true al=0},r=0,c=false/false,a=IDLE,uri=null,age=0} -> DecryptedEndPoint@43866430{l=/127.0.0.1:43437,r=/127.0.0.1:54562,OPEN,fill=-,flush=-,to=0/30000},null,HttpChannelState@6ec760f8{s=IDLE rs=BLOCKING os=OPEN is=IDLE awp=false se=false i=true al=0}
03:19:49.578 [qtp399373008-60] DEBUG org.eclipse.jetty.server.HttpConnection - New HTTP Connection HttpConnection@16958dba::DecryptedEndPoint@43866430{l=/127.0.0.1:43437,r=/127.0.0.1:54562,OPEN,fill=-,flush=-,to=0/30000}
03:19:49.578 [qtp399373008-60] DEBUG org.eclipse.jetty.io.ManagedSelector - Queued change lazy=true org.eclipse.jetty.io.ManagedSelector$$Lambda$258/445561681@12112891 on ManagedSelector@5733f295{STARTED} id=1 keys=1 selected=0 updates=0
03:19:49.578 [qtp399373008-60] DEBUG org.eclipse.jetty.io.AbstractEndPoint - onOpen SocketChannelEndPoint@3dc4242d{l=/127.0.0.1:43437,r=/127.0.0.1:54562,OPEN,fill=-,flush=-,to=0/30000}{io=0/0,kio=0,kro=0}->SslConnection@47044a8b{NOT_HANDSHAKING,eio=-1/-1,di=-1,fill=IDLE,flush=IDLE}~>DecryptedEndPoint@43866430{l=/127.0.0.1:43437,r=/127.0.0.1:54562,OPEN,fill=-,flush=-,to=0/30000}=>HttpConnection@16958dba[p=HttpParser{s=START,0 of -1},g=HttpGenerator@37d311bf{s=START}]=>HttpChannelOverHttp@723ed7de{s=HttpChannelState@6ec760f8{s=IDLE rs=BLOCKING os=OPEN is=IDLE awp=false se=false i=true al=0},r=0,c=false/false,a=IDLE,uri=null,age=0}
03:19:49.578 [qtp399373008-60] DEBUG org.eclipse.jetty.io.AbstractConnection - onOpen SslConnection@47044a8b::SocketChannelEndPoint@3dc4242d{l=/127.0.0.1:43437,r=/127.0.0.1:54562,OPEN,fill=-,flush=-,to=0/30000}{io=0/0,kio=0,kro=0}->SslConnection@47044a8b{NOT_HANDSHAKING,eio=-1/-1,di=-1,fill=IDLE,flush=IDLE}~>DecryptedEndPoint@43866430{l=/127.0.0.1:43437,r=/127.0.0.1:54562,OPEN,fill=-,flush=-,to=0/30000}=>HttpConnection@16958dba[p=HttpParser{s=START,0 of -1},g=HttpGenerator@37d311bf{s=START}]=>HttpChannelOverHttp@723ed7de{s=HttpChannelState@6ec760f8{s=IDLE rs=BLOCKING os=OPEN is=IDLE awp=false se=false i=true al=0},r=0,c=false/false,a=IDLE,uri=null,age=0}
03:19:49.578 [qtp399373008-60] DEBUG org.eclipse.jetty.io.AbstractConnection - onOpen HttpConnection@16958dba::DecryptedEndPoint@43866430{l=/127.0.0.1:43437,r=/127.0.0.1:54562,OPEN,fill=-,flush=-,to=0/30000}
03:19:49.578 [qtp399373008-60] DEBUG org.eclipse.jetty.io.AbstractConnection - fillInterested HttpConnection@16958dba::DecryptedEndPoint@43866430{l=/127.0.0.1:43437,r=/127.0.0.1:54562,OPEN,fill=-,flush=-,to=0/30000}
03:19:49.578 [qtp399373008-60] DEBUG org.eclipse.jetty.io.FillInterest - interested FillInterest@d91a2a2{AC.ReadCB@16958dba{HttpConnection@16958dba::DecryptedEndPoint@43866430{l=/127.0.0.1:43437,r=/127.0.0.1:54562,OPEN,fill=FI,flush=-,to=0/30000}}}
03:19:49.578 [qtp399373008-60] DEBUG org.eclipse.jetty.io.ssl.SslConnection - >needFillInterest s=IDLE/IDLE uf=false ei=null di=null SslConnection@47044a8b::SocketChannelEndPoint@3dc4242d{l=/127.0.0.1:43437,r=/127.0.0.1:54562,OPEN,fill=-,flush=-,to=0/30000}{io=0/0,kio=0,kro=0}->SslConnection@47044a8b{NOT_HANDSHAKING,eio=-1/-1,di=-1,fill=IDLE,flush=IDLE}~>DecryptedEndPoint@43866430{l=/127.0.0.1:43437,r=/127.0.0.1:54562,OPEN,fill=FI,flush=-,to=0/30000}=>HttpConnection@16958dba[p=HttpParser{s=START,0 of -1},g=HttpGenerator@37d311bf{s=START}]=>HttpChannelOverHttp@723ed7de{s=HttpChannelState@6ec760f8{s=IDLE rs=BLOCKING os=OPEN is=IDLE awp=false se=false i=true al=0},r=0,c=false/false,a=IDLE,uri=null,age=0}
03:19:49.578 [qtp399373008-60] DEBUG org.eclipse.jetty.io.ssl.SslConnection - <needFillInterest s=IDLE/INTERESTED f=false i=true w=null
03:19:49.578 [qtp399373008-60] DEBUG org.eclipse.jetty.io.ssl.SslConnection - ensureFillInterested SslConnection@47044a8b::SocketChannelEndPoint@3dc4242d{l=/127.0.0.1:43437,r=/127.0.0.1:54562,OPEN,fill=-,flush=-,to=1/30000}{io=0/0,kio=0,kro=0}->SslConnection@47044a8b{NOT_HANDSHAKING,eio=-1/-1,di=-1,fill=INTERESTED,flush=IDLE}~>DecryptedEndPoint@43866430{l=/127.0.0.1:43437,r=/127.0.0.1:54562,OPEN,fill=FI,flush=-,to=0/30000}=>HttpConnection@16958dba[p=HttpParser{s=START,0 of -1},g=HttpGenerator@37d311bf{s=START}]=>HttpChannelOverHttp@723ed7de{s=HttpChannelState@6ec760f8{s=IDLE rs=BLOCKING os=OPEN is=IDLE awp=false se=false i=true al=0},r=0,c=false/false,a=IDLE,uri=null,age=0}
03:19:49.579 [qtp399373008-60] DEBUG org.eclipse.jetty.io.FillInterest - interested FillInterest@165f5621{SSLC.NBReadCB@47044a8b{SslConnection@47044a8b::SocketChannelEndPoint@3dc4242d{l=/127.0.0.1:43437,r=/127.0.0.1:54562,OPEN,fill=FI,flush=-,to=0/30000}{io=0/0,kio=0,kro=0}->SslConnection@47044a8b{NOT_HANDSHAKING,eio=-1/-1,di=-1,fill=INTERESTED,flush=IDLE}~>DecryptedEndPoint@43866430{l=/127.0.0.1:43437,r=/127.0.0.1:54562,OPEN,fill=FI,flush=-,to=0/30000}=>HttpConnection@16958dba[p=HttpParser{s=START,0 of -1},g=HttpGenerator@37d311bf{s=START}]=>HttpChannelOverHttp@723ed7de{s=HttpChannelState@6ec760f8{s=IDLE rs=BLOCKING os=OPEN is=IDLE awp=false se=false i=true al=0},r=0,c=false/false,a=IDLE,uri=null,age=0}}}
03:19:49.579 [qtp399373008-60] DEBUG org.eclipse.jetty.io.ChannelEndPoint - changeInterests p=false 0->1 for SocketChannelEndPoint@3dc4242d{l=/127.0.0.1:43437,r=/127.0.0.1:54562,OPEN,fill=FI,flush=-,to=0/30000}{io=0/1,kio=0,kro=0}->SslConnection@47044a8b{NOT_HANDSHAKING,eio=-1/-1,di=-1,fill=INTERESTED,flush=IDLE}~>DecryptedEndPoint@43866430{l=/127.0.0.1:43437,r=/127.0.0.1:54562,OPEN,fill=FI,flush=-,to=0/30000}=>HttpConnection@16958dba[p=HttpParser{s=START,0 of -1},g=HttpGenerator@37d311bf{s=START}]=>HttpChannelOverHttp@723ed7de{s=HttpChannelState@6ec760f8{s=IDLE rs=BLOCKING os=OPEN is=IDLE awp=false se=false i=true al=0},r=0,c=false/false,a=IDLE,uri=null,age=0}
03:19:49.579 [qtp399373008-60] DEBUG org.eclipse.jetty.io.ManagedSelector - Queued change lazy=false org.eclipse.jetty.io.ChannelEndPoint$$Lambda$255/90666987@73ea0673 on ManagedSelector@5733f295{STARTED} id=1 keys=1 selected=0 updates=1
03:19:49.579 [qtp399373008-60] DEBUG org.eclipse.jetty.io.ManagedSelector - Wakeup on submit ManagedSelector@5733f295{STARTED} id=1 keys=1 selected=0 updates=2
03:19:49.579 [qtp399373008-56] DEBUG org.eclipse.jetty.io.ManagedSelector - Selector sun.nio.ch.EPollSelectorImpl@342f02f2 woken with none selected
03:19:49.579 [qtp399373008-56] DEBUG org.eclipse.jetty.io.ManagedSelector - Selector sun.nio.ch.EPollSelectorImpl@342f02f2 woken up from select, 0/0/1 selected
03:19:49.579 [qtp399373008-56] DEBUG org.eclipse.jetty.io.ManagedSelector - Selector sun.nio.ch.EPollSelectorImpl@342f02f2 processing 0 keys, 2 updates
03:19:49.579 [qtp399373008-56] DEBUG org.eclipse.jetty.io.ManagedSelector - updateable 2
03:19:49.579 [qtp399373008-60] DEBUG org.eclipse.jetty.io.ManagedSelector - Created SocketChannelEndPoint@3dc4242d{l=/127.0.0.1:43437,r=/127.0.0.1:54562,OPEN,fill=FI,flush=-,to=0/30000}{io=0/1,kio=0,kro=0}->SslConnection@47044a8b{NOT_HANDSHAKING,eio=-1/-1,di=-1,fill=INTERESTED,flush=IDLE}~>DecryptedEndPoint@43866430{l=/127.0.0.1:43437,r=/127.0.0.1:54562,OPEN,fill=FI,flush=-,to=0/30000}=>HttpConnection@16958dba[p=HttpParser{s=START,0 of -1},g=HttpGenerator@37d311bf{s=START}]=>HttpChannelOverHttp@723ed7de{s=HttpChannelState@6ec760f8{s=IDLE rs=BLOCKING os=OPEN is=IDLE awp=false se=false i=true al=0},r=0,c=false/false,a=IDLE,uri=null,age=0}
03:19:49.579 [qtp399373008-56] DEBUG org.eclipse.jetty.io.ManagedSelector - update org.eclipse.jetty.io.ManagedSelector$$Lambda$258/445561681@12112891
03:19:49.579 [qtp399373008-56] DEBUG org.eclipse.jetty.io.ManagedSelector - update org.eclipse.jetty.io.ChannelEndPoint$$Lambda$255/90666987@73ea0673
03:19:49.579 [qtp399373008-60] DEBUG org.eclipse.jetty.util.thread.QueuedThreadPool - ran Accept@44631275[java.nio.channels.SocketChannel[connected local=/127.0.0.1:43437 remote=/127.0.0.1:54562]] in QueuedThreadPool[qtp399373008]@17cdf2d0{STARTED,8<=8<=200,i=2,r=-1,q=0}[ReservedThreadExecutor@424fd310{reserved=0/8,pending=0}]
03:19:49.579 [qtp399373008-56] DEBUG org.eclipse.jetty.io.ChannelEndPoint - Key interests updated 0 -> 1 on SocketChannelEndPoint@3dc4242d{l=/127.0.0.1:43437,r=/127.0.0.1:54562,OPEN,fill=FI,flush=-,to=0/30000}{io=1/1,kio=1,kro=0}->SslConnection@47044a8b{NOT_HANDSHAKING,eio=-1/-1,di=-1,fill=INTERESTED,flush=IDLE}~>DecryptedEndPoint@43866430{l=/127.0.0.1:43437,r=/127.0.0.1:54562,OPEN,fill=FI,flush=-,to=0/30000}=>HttpConnection@16958dba[p=HttpParser{s=START,0 of -1},g=HttpGenerator@37d311bf{s=START}]=>HttpChannelOverHttp@723ed7de{s=HttpChannelState@6ec760f8{s=IDLE rs=BLOCKING os=OPEN is=IDLE awp=false se=false i=true al=0},r=0,c=false/false,a=IDLE,uri=null,age=0}
03:19:49.579 [qtp399373008-56] DEBUG org.eclipse.jetty.io.ManagedSelector - updates 0
03:19:49.579 [qtp399373008-56] DEBUG org.eclipse.jetty.io.ManagedSelector - Selector sun.nio.ch.EPollSelectorImpl@342f02f2 waiting with 1 keys
03:19:49.579 [qtp399373008-56] DEBUG org.eclipse.jetty.io.ManagedSelector - Selector sun.nio.ch.EPollSelectorImpl@342f02f2 woken up from select, 1/1/1 selected
03:19:49.579 [qtp399373008-56] DEBUG org.eclipse.jetty.io.ManagedSelector - Selector sun.nio.ch.EPollSelectorImpl@342f02f2 processing 1 keys, 0 updates
03:19:49.579 [qtp399373008-56] DEBUG org.eclipse.jetty.io.ManagedSelector - selected 1 sun.nio.ch.SelectionKeyImpl@3ae8fa07 SocketChannelEndPoint@3dc4242d{l=/127.0.0.1:43437,r=/127.0.0.1:54562,OPEN,fill=FI,flush=-,to=0/30000}{io=1/1,kio=1,kro=1}->SslConnection@47044a8b{NOT_HANDSHAKING,eio=-1/-1,di=-1,fill=INTERESTED,flush=IDLE}~>DecryptedEndPoint@43866430{l=/127.0.0.1:43437,r=/127.0.0.1:54562,OPEN,fill=FI,flush=-,to=1/30000}=>HttpConnection@16958dba[p=HttpParser{s=START,0 of -1},g=HttpGenerator@37d311bf{s=START}]=>HttpChannelOverHttp@723ed7de{s=HttpChannelState@6ec760f8{s=IDLE rs=BLOCKING os=OPEN is=IDLE awp=false se=false i=true al=0},r=0,c=false/false,a=IDLE,uri=null,age=0} 
03:19:49.579 [qtp399373008-56] DEBUG org.eclipse.jetty.io.ChannelEndPoint - onSelected 1->0 r=true w=false for SocketChannelEndPoint@3dc4242d{l=/127.0.0.1:43437,r=/127.0.0.1:54562,OPEN,fill=FI,flush=-,to=0/30000}{io=1/0,kio=1,kro=1}->SslConnection@47044a8b{NOT_HANDSHAKING,eio=-1/-1,di=-1,fill=INTERESTED,flush=IDLE}~>DecryptedEndPoint@43866430{l=/127.0.0.1:43437,r=/127.0.0.1:54562,OPEN,fill=FI,flush=-,to=1/30000}=>HttpConnection@16958dba[p=HttpParser{s=START,0 of -1},g=HttpGenerator@37d311bf{s=START}]=>HttpChannelOverHttp@723ed7de{s=HttpChannelState@6ec760f8{s=IDLE rs=BLOCKING os=OPEN is=IDLE awp=false se=false i=true al=0},r=0,c=false/false,a=IDLE,uri=null,age=0}
03:19:49.580 [qtp399373008-56] DEBUG org.eclipse.jetty.io.ChannelEndPoint - task CEP:SocketChannelEndPoint@3dc4242d{l=/127.0.0.1:43437,r=/127.0.0.1:54562,OPEN,fill=FI,flush=-,to=0/30000}{io=1/0,kio=1,kro=1}->SslConnection@47044a8b{NOT_HANDSHAKING,eio=-1/-1,di=-1,fill=INTERESTED,flush=IDLE}~>DecryptedEndPoint@43866430{l=/127.0.0.1:43437,r=/127.0.0.1:54562,OPEN,fill=FI,flush=-,to=1/30000}=>HttpConnection@16958dba[p=HttpParser{s=START,0 of -1},g=HttpGenerator@37d311bf{s=START}]=>HttpChannelOverHttp@723ed7de{s=HttpChannelState@6ec760f8{s=IDLE rs=BLOCKING os=OPEN is=IDLE awp=false se=false i=true al=0},r=0,c=false/false,a=IDLE,uri=null,age=0}:runFillable:BLOCKING
03:19:49.580 [qtp399373008-56] DEBUG org.eclipse.jetty.util.thread.ReservedThreadExecutor - ReservedThreadExecutor@424fd310{reserved=0/8,pending=0} tryExecute EatWhatYouKill@b7838a9/SelectorProducer@696f0212/PRODUCING/p=false/QueuedThreadPool[qtp399373008]@17cdf2d0{STARTED,8<=8<=200,i=3,r=-1,q=0}[ReservedThreadExecutor@424fd310{reserved=0/8,pending=0}][pc=0,pic=0,pec=0,epc=0]@2024-05-02T03:19:49.58+01:00
03:19:49.580 [qtp399373008-56] DEBUG org.eclipse.jetty.util.thread.ReservedThreadExecutor - ReservedThreadExecutor@424fd310{reserved=0/8,pending=1} startReservedThread p=1
03:19:49.580 [qtp399373008-56] DEBUG org.eclipse.jetty.util.thread.QueuedThreadPool - queue ReservedThread@3ed76982{PENDING,thread=null} startThread=0
03:19:49.580 [qtp399373008-61] DEBUG org.eclipse.jetty.util.thread.QueuedThreadPool - run ReservedThread@3ed76982{PENDING,thread=null} in QueuedThreadPool[qtp399373008]@17cdf2d0{STARTED,8<=8<=200,i=2,r=-1,q=0}[ReservedThreadExecutor@424fd310{reserved=0/8,pending=1}]
03:19:49.580 [qtp399373008-61] DEBUG org.eclipse.jetty.util.thread.ReservedThreadExecutor - ReservedThread@3ed76982{PENDING,thread=Thread[qtp399373008-61,5,main]} was=PENDING next=RESERVED size=0+1 capacity=8
03:19:49.580 [qtp399373008-61] DEBUG org.eclipse.jetty.util.thread.ReservedThreadExecutor - ReservedThread@3ed76982{RESERVED,thread=Thread[qtp399373008-61,5,main]} waiting ReservedThreadExecutor@424fd310{reserved=1/8,pending=0}
03:19:49.580 [qtp399373008-56] DEBUG org.eclipse.jetty.util.thread.strategy.EatWhatYouKill - EatWhatYouKill@b7838a9/SelectorProducer@696f0212/PRODUCING/p=false/QueuedThreadPool[qtp399373008]@17cdf2d0{STARTED,8<=8<=200,i=2,r=-1,q=0}[ReservedThreadExecutor@424fd310{reserved=0/8,pending=1}][pc=0,pic=0,pec=0,epc=0]@2024-05-02T03:19:49.58+01:00 m=PRODUCE_EXECUTE_CONSUME t=CEP:SocketChannelEndPoint@3dc4242d{l=/127.0.0.1:43437,r=/127.0.0.1:54562,OPEN,fill=FI,flush=-,to=1/30000}{io=1/0,kio=1,kro=1}->SslConnection@47044a8b{NOT_HANDSHAKING,eio=-1/-1,di=-1,fill=INTERESTED,flush=IDLE}~>DecryptedEndPoint@43866430{l=/127.0.0.1:43437,r=/127.0.0.1:54562,OPEN,fill=FI,flush=-,to=1/30000}=>HttpConnection@16958dba[p=HttpParser{s=START,0 of -1},g=HttpGenerator@37d311bf{s=START}]=>HttpChannelOverHttp@723ed7de{s=HttpChannelState@6ec760f8{s=IDLE rs=BLOCKING os=OPEN is=IDLE awp=false se=false i=true al=0},r=0,c=false/false,a=IDLE,uri=null,age=0}:runFillable:BLOCKING/BLOCKING
03:19:49.580 [qtp399373008-56] DEBUG org.eclipse.jetty.util.thread.QueuedThreadPool - queue CEP:SocketChannelEndPoint@3dc4242d{l=/127.0.0.1:43437,r=/127.0.0.1:54562,OPEN,fill=FI,flush=-,to=1/30000}{io=1/0,kio=1,kro=1}->SslConnection@47044a8b{NOT_HANDSHAKING,eio=-1/-1,di=-1,fill=INTERESTED,flush=IDLE}~>DecryptedEndPoint@43866430{l=/127.0.0.1:43437,r=/127.0.0.1:54562,OPEN,fill=FI,flush=-,to=1/30000}=>HttpConnection@16958dba[p=HttpParser{s=START,0 of -1},g=HttpGenerator@37d311bf{s=START}]=>HttpChannelOverHttp@723ed7de{s=HttpChannelState@6ec760f8{s=IDLE rs=BLOCKING os=OPEN is=IDLE awp=false se=false i=true al=0},r=0,c=false/false,a=IDLE,uri=null,age=0}:runFillable:BLOCKING startThread=0
03:19:49.580 [qtp399373008-62] DEBUG org.eclipse.jetty.util.thread.QueuedThreadPool - run CEP:SocketChannelEndPoint@3dc4242d{l=/127.0.0.1:43437,r=/127.0.0.1:54562,OPEN,fill=FI,flush=-,to=1/30000}{io=1/0,kio=1,kro=1}->SslConnection@47044a8b{NOT_HANDSHAKING,eio=-1/-1,di=-1,fill=INTERESTED,flush=IDLE}~>DecryptedEndPoint@43866430{l=/127.0.0.1:43437,r=/127.0.0.1:54562,OPEN,fill=FI,flush=-,to=1/30000}=>HttpConnection@16958dba[p=HttpParser{s=START,0 of -1},g=HttpGenerator@37d311bf{s=START}]=>HttpChannelOverHttp@723ed7de{s=HttpChannelState@6ec760f8{s=IDLE rs=BLOCKING os=OPEN is=IDLE awp=false se=false i=true al=0},r=0,c=false/false,a=IDLE,uri=null,age=0}:runFillable:BLOCKING in QueuedThreadPool[qtp399373008]@17cdf2d0{STARTED,8<=8<=200,i=1,r=-1,q=0}[ReservedThreadExecutor@424fd310{reserved=1/8,pending=0}]
03:19:49.580 [qtp399373008-56] DEBUG org.eclipse.jetty.io.ManagedSelector - updateable 0
03:19:49.580 [qtp399373008-56] DEBUG org.eclipse.jetty.io.ManagedSelector - updates 0
03:19:49.580 [qtp399373008-62] DEBUG org.eclipse.jetty.io.FillInterest - fillable FillInterest@165f5621{SSLC.NBReadCB@47044a8b{SslConnection@47044a8b::SocketChannelEndPoint@3dc4242d{l=/127.0.0.1:43437,r=/127.0.0.1:54562,OPEN,fill=FI,flush=-,to=1/30000}{io=1/0,kio=1,kro=1}->SslConnection@47044a8b{NOT_HANDSHAKING,eio=-1/-1,di=-1,fill=INTERESTED,flush=IDLE}~>DecryptedEndPoint@43866430{l=/127.0.0.1:43437,r=/127.0.0.1:54562,OPEN,fill=FI,flush=-,to=2/30000}=>HttpConnection@16958dba[p=HttpParser{s=START,0 of -1},g=HttpGenerator@37d311bf{s=START}]=>HttpChannelOverHttp@723ed7de{s=HttpChannelState@6ec760f8{s=IDLE rs=BLOCKING os=OPEN is=IDLE awp=false se=false i=true al=0},r=0,c=false/false,a=IDLE,uri=null,age=0}}}
03:19:49.580 [qtp399373008-56] DEBUG org.eclipse.jetty.io.ChannelEndPoint - Key interests updated 1 -> 0 on SocketChannelEndPoint@3dc4242d{l=/127.0.0.1:43437,r=/127.0.0.1:54562,OPEN,fill=FI,flush=-,to=1/30000}{io=0/0,kio=0,kro=1}->SslConnection@47044a8b{NOT_HANDSHAKING,eio=-1/-1,di=-1,fill=INTERESTED,flush=IDLE}~>DecryptedEndPoint@43866430{l=/127.0.0.1:43437,r=/127.0.0.1:54562,OPEN,fill=FI,flush=-,to=2/30000}=>HttpConnection@16958dba[p=HttpParser{s=START,0 of -1},g=HttpGenerator@37d311bf{s=START}]=>HttpChannelOverHttp@723ed7de{s=HttpChannelState@6ec760f8{s=IDLE rs=BLOCKING os=OPEN is=IDLE awp=false se=false i=true al=0},r=0,c=false/false,a=IDLE,uri=null,age=0}
03:19:49.581 [qtp399373008-56] DEBUG org.eclipse.jetty.io.ManagedSelector - Selector sun.nio.ch.EPollSelectorImpl@342f02f2 waiting with 1 keys
03:19:49.581 [qtp399373008-62] DEBUG org.eclipse.jetty.io.ssl.SslConnection - >c.onFillable SslConnection@47044a8b::SocketChannelEndPoint@3dc4242d{l=/127.0.0.1:43437,r=/127.0.0.1:54562,OPEN,fill=-,flush=-,to=1/30000}{io=0/0,kio=0,kro=1}->SslConnection@47044a8b{NOT_HANDSHAKING,eio=-1/-1,di=-1,fill=INTERESTED,flush=IDLE}~>DecryptedEndPoint@43866430{l=/127.0.0.1:43437,r=/127.0.0.1:54562,OPEN,fill=FI,flush=-,to=2/30000}=>HttpConnection@16958dba[p=HttpParser{s=START,0 of -1},g=HttpGenerator@37d311bf{s=START}]=>HttpChannelOverHttp@723ed7de{s=HttpChannelState@6ec760f8{s=IDLE rs=BLOCKING os=OPEN is=IDLE awp=false se=false i=true al=0},r=0,c=false/false,a=IDLE,uri=null,age=0}
03:19:49.581 [qtp399373008-62] DEBUG org.eclipse.jetty.io.ssl.SslConnection - onFillable SslConnection@47044a8b::SocketChannelEndPoint@3dc4242d{l=/127.0.0.1:43437,r=/127.0.0.1:54562,OPEN,fill=-,flush=-,to=2/30000}{io=0/0,kio=0,kro=1}->SslConnection@47044a8b{NOT_HANDSHAKING,eio=-1/-1,di=-1,fill=INTERESTED,flush=IDLE}~>DecryptedEndPoint@43866430{l=/127.0.0.1:43437,r=/127.0.0.1:54562,OPEN,fill=FI,flush=-,to=2/30000}=>HttpConnection@16958dba[p=HttpParser{s=START,0 of -1},g=HttpGenerator@37d311bf{s=START}]=>HttpChannelOverHttp@723ed7de{s=HttpChannelState@6ec760f8{s=IDLE rs=BLOCKING os=OPEN is=IDLE awp=false se=false i=true al=0},r=0,c=false/false,a=IDLE,uri=null,age=0}
03:19:49.581 [qtp399373008-62] DEBUG org.eclipse.jetty.io.FillInterest - fillable FillInterest@d91a2a2{AC.ReadCB@16958dba{HttpConnection@16958dba::DecryptedEndPoint@43866430{l=/127.0.0.1:43437,r=/127.0.0.1:54562,OPEN,fill=FI,flush=-,to=2/30000}}}
03:19:49.581 [qtp399373008-62] DEBUG org.eclipse.jetty.server.HttpConnection - HttpConnection@16958dba::DecryptedEndPoint@43866430{l=/127.0.0.1:43437,r=/127.0.0.1:54562,OPEN,fill=-,flush=-,to=2/30000} onFillable enter HttpChannelState@6ec760f8{s=IDLE rs=BLOCKING os=OPEN is=IDLE awp=false se=false i=true al=0} null
03:19:49.581 [qtp399373008-62] DEBUG org.eclipse.jetty.io.ssl.SslConnection - >fill SslConnection@47044a8b::SocketChannelEndPoint@3dc4242d{l=/127.0.0.1:43437,r=/127.0.0.1:54562,OPEN,fill=-,flush=-,to=2/30000}{io=0/0,kio=0,kro=1}->SslConnection@47044a8b{NOT_HANDSHAKING,eio=-1/-1,di=-1,fill=IDLE,flush=IDLE}~>DecryptedEndPoint@43866430{l=/127.0.0.1:43437,r=/127.0.0.1:54562,OPEN,fill=-,flush=-,to=2/30000}=>HttpConnection@16958dba[p=HttpParser{s=START,0 of -1},g=HttpGenerator@37d311bf{s=START}]=>HttpChannelOverHttp@723ed7de{s=HttpChannelState@6ec760f8{s=IDLE rs=BLOCKING os=OPEN is=IDLE awp=false se=false i=true al=0},r=0,c=false/false,a=IDLE,uri=null,age=0}
03:19:49.581 [qtp399373008-62] DEBUG org.eclipse.jetty.io.ssl.SslConnection - fill NOT_HANDSHAKING
03:19:49.581 [qtp399373008-62] DEBUG org.eclipse.jetty.io.ChannelEndPoint - filled 339 HeapByteBuffer@19de0680[p=0,l=339,c=17408,r=339]={<<<\x16\x03\x03\x01N\x01\x00\x01J\x03\x03\xC8\xCc[\x81\x19\xEbN\x9e\x06.\xAfY\x996...;\xAaV\xE2\x1d\xA9\xEfL\xA8=\x81\xE0\xF1Q\xE0\xF1&\xB8\xFf\x01\x00\x01\x00>>>\x00\x00\x00\x00\x00\x00\x00\x00\x00...\x00\x00\x00\x00\x00\x00\x00}
03:19:49.581 [qtp399373008-62] DEBUG org.eclipse.jetty.io.ssl.SslConnection - net filled=339
03:19:49.581 [qtp399373008-62] DEBUG org.eclipse.jetty.io.ssl.SslConnection - fill starting handshake SslConnection@47044a8b::SocketChannelEndPoint@3dc4242d{l=/127.0.0.1:43437,r=/127.0.0.1:54562,OPEN,fill=-,flush=-,to=0/30000}{io=0/0,kio=0,kro=1}->SslConnection@47044a8b{NOT_HANDSHAKING,eio=339/-1,di=-1,fill=IDLE,flush=IDLE}~>DecryptedEndPoint@43866430{l=/127.0.0.1:43437,r=/127.0.0.1:54562,OPEN,fill=-,flush=-,to=3/30000}=>HttpConnection@16958dba[p=HttpParser{s=START,0 of -1},g=HttpGenerator@37d311bf{s=START}]=>HttpChannelOverHttp@723ed7de{s=HttpChannelState@6ec760f8{s=IDLE rs=BLOCKING os=OPEN is=IDLE awp=false se=false i=true al=0},r=0,c=false/false,a=IDLE,uri=null,age=0}
03:19:49.582 [qtp399373008-62] DEBUG org.eclipse.jetty.io.ssl.SslConnection - unwrap net_filled=339 Status = OK HandshakeStatus = NEED_TASK bytesConsumed = 339 bytesProduced = 0 encryptedBuffer=[p=339,l=339,c=17408,r=0] unwrapBuffer=HeapByteBuffer@1719ebcb[p=0,l=0,c=17408,r=0]={<<<>>>\x00\x00\x00\x00\x00\x00\x00\x00\x00...\x00\x00\x00\x00\x00\x00\x00} appBuffer=HeapByteBuffer@1719ebcb[p=0,l=0,c=17408,r=0]={<<<>>>\x00\x00\x00\x00\x00\x00\x00\x00\x00...\x00\x00\x00\x00\x00\x00\x00}
03:19:49.582 [qtp399373008-62] DEBUG org.eclipse.jetty.io.ssl.SslConnection - fill NEED_TASK
03:19:49.596 [qtp399373008-62] DEBUG org.eclipse.jetty.io.ssl.SslConnection - fill NEED_WRAP
03:19:49.596 [qtp399373008-62] DEBUG org.eclipse.jetty.io.ssl.SslConnection - >flush SslConnection@47044a8b::SocketChannelEndPoint@3dc4242d{l=/127.0.0.1:43437,r=/127.0.0.1:54562,OPEN,fill=-,flush=-,to=14/30000}{io=0/0,kio=0,kro=1}->SslConnection@47044a8b{NEED_WRAP,eio=0/-1,di=-1,fill=IDLE,flush=IDLE}~>DecryptedEndPoint@43866430{l=/127.0.0.1:43437,r=/127.0.0.1:54562,OPEN,fill=-,flush=-,to=17/30000}=>HttpConnection@16958dba[p=HttpParser{s=START,0 of -1},g=HttpGenerator@37d311bf{s=START}]=>HttpChannelOverHttp@723ed7de{s=HttpChannelState@6ec760f8{s=IDLE rs=BLOCKING os=OPEN is=IDLE awp=false se=false i=true al=0},r=0,c=false/false,a=IDLE,uri=null,age=0}
03:19:49.596 [qtp399373008-62] DEBUG org.eclipse.jetty.io.ssl.SslConnection - flush b[0]=HeapByteBuffer@60c04197[p=0,l=0,c=0,r=0]={<<<>>>}
03:19:49.596 [qtp399373008-62] DEBUG org.eclipse.jetty.io.ssl.SslConnection - flush NEED_WRAP
03:19:49.596 [qtp399373008-62] DEBUG org.eclipse.jetty.io.ssl.SslConnection - wrap Status = OK HandshakeStatus = NEED_WRAP bytesConsumed = 0 bytesProduced = 160 [p=0,l=160,c=17408,r=160] ioDone=false/false
03:19:49.596 [qtp399373008-62] DEBUG org.eclipse.jetty.io.ChannelEndPoint - flushed 160 SocketChannelEndPoint@3dc4242d{l=/127.0.0.1:43437,r=/127.0.0.1:54562,OPEN,fill=-,flush=-,to=14/30000}{io=0/0,kio=0,kro=1}->SslConnection@47044a8b{NEED_WRAP,eio=0/0,di=-1,fill=IDLE,flush=IDLE}~>DecryptedEndPoint@43866430{l=/127.0.0.1:43437,r=/127.0.0.1:54562,OPEN,fill=-,flush=-,to=17/30000}=>HttpConnection@16958dba[p=HttpParser{s=START,0 of -1},g=HttpGenerator@37d311bf{s=START}]=>HttpChannelOverHttp@723ed7de{s=HttpChannelState@6ec760f8{s=IDLE rs=BLOCKING os=OPEN is=IDLE awp=false se=false i=true al=0},r=0,c=false/false,a=IDLE,uri=null,age=0}
03:19:49.596 [qtp399373008-62] DEBUG org.eclipse.jetty.io.ssl.SslConnection - net flushed=true, ac=true
03:19:49.596 [qtp399373008-62] DEBUG org.eclipse.jetty.io.ssl.SslConnection - flush NEED_WRAP
03:19:49.596 [qtp399373008-62] DEBUG org.eclipse.jetty.io.ssl.SslConnection - wrap Status = OK HandshakeStatus = NEED_WRAP bytesConsumed = 0 bytesProduced = 6 [p=0,l=6,c=17408,r=6] ioDone=false/false
03:19:49.596 [qtp399373008-62] DEBUG org.eclipse.jetty.io.ChannelEndPoint - flushed 6 SocketChannelEndPoint@3dc4242d{l=/127.0.0.1:43437,r=/127.0.0.1:54562,OPEN,fill=-,flush=-,to=0/30000}{io=0/0,kio=0,kro=1}->SslConnection@47044a8b{NEED_WRAP,eio=0/0,di=-1,fill=IDLE,flush=IDLE}~>DecryptedEndPoint@43866430{l=/127.0.0.1:43437,r=/127.0.0.1:54562,OPEN,fill=-,flush=-,to=18/30000}=>HttpConnection@16958dba[p=HttpParser{s=START,0 of -1},g=HttpGenerator@37d311bf{s=START}]=>HttpChannelOverHttp@723ed7de{s=HttpChannelState@6ec760f8{s=IDLE rs=BLOCKING os=OPEN is=IDLE awp=false se=false i=true al=0},r=0,c=false/false,a=IDLE,uri=null,age=0}
03:19:49.596 [qtp399373008-62] DEBUG org.eclipse.jetty.io.ssl.SslConnection - net flushed=true, ac=true
03:19:49.596 [qtp399373008-62] DEBUG org.eclipse.jetty.io.ssl.SslConnection - flush NEED_WRAP
03:19:49.597 [qtp399373008-62] DEBUG org.eclipse.jetty.io.ssl.SslConnection - wrap Status = OK HandshakeStatus = NEED_UNWRAP bytesConsumed = 0 bytesProduced = 1597 [p=0,l=1597,c=17408,r=1597] ioDone=false/false
03:19:49.597 [qtp399373008-62] DEBUG org.eclipse.jetty.io.ChannelEndPoint - flushed 1597 SocketChannelEndPoint@3dc4242d{l=/127.0.0.1:43437,r=/127.0.0.1:54562,OPEN,fill=-,flush=-,to=0/30000}{io=0/0,kio=0,kro=1}->SslConnection@47044a8b{NEED_UNWRAP,eio=0/0,di=-1,fill=IDLE,flush=IDLE}~>DecryptedEndPoint@43866430{l=/127.0.0.1:43437,r=/127.0.0.1:54562,OPEN,fill=-,flush=-,to=18/30000}=>HttpConnection@16958dba[p=HttpParser{s=START,0 of -1},g=HttpGenerator@37d311bf{s=START}]=>HttpChannelOverHttp@723ed7de{s=HttpChannelState@6ec760f8{s=IDLE rs=BLOCKING os=OPEN is=IDLE awp=false se=false i=true al=0},r=0,c=false/false,a=IDLE,uri=null,age=0}
03:19:49.597 [qtp399373008-62] DEBUG org.eclipse.jetty.io.ssl.SslConnection - net flushed=true, ac=true
03:19:49.597 [qtp399373008-62] DEBUG org.eclipse.jetty.io.ssl.SslConnection - <flush true SslConnection@47044a8b::SocketChannelEndPoint@3dc4242d{l=/127.0.0.1:43437,r=/127.0.0.1:54562,OPEN,fill=-,flush=-,to=0/30000}{io=0/0,kio=0,kro=1}->SslConnection@47044a8b{NEED_UNWRAP,eio=0/-1,di=-1,fill=IDLE,flush=IDLE}~>DecryptedEndPoint@43866430{l=/127.0.0.1:43437,r=/127.0.0.1:54562,OPEN,fill=-,flush=-,to=18/30000}=>HttpConnection@16958dba[p=HttpParser{s=START,0 of -1},g=HttpGenerator@37d311bf{s=START}]=>HttpChannelOverHttp@723ed7de{s=HttpChannelState@6ec760f8{s=IDLE rs=BLOCKING os=OPEN is=IDLE awp=false se=false i=true al=0},r=0,c=false/false,a=IDLE,uri=null,age=0}
03:19:49.597 [qtp399373008-62] DEBUG org.eclipse.jetty.io.ssl.SslConnection - fill NEED_UNWRAP
03:19:49.597 [qtp399373008-62] DEBUG org.eclipse.jetty.io.ChannelEndPoint - filled 0 HeapByteBuffer@19de0680[p=0,l=0,c=17408,r=0]={<<<>>>\x16\x03\x03\x01N\x01\x00\x01J...\x00\x00\x00\x00\x00\x00\x00}
03:19:49.597 [qtp399373008-62] DEBUG org.eclipse.jetty.io.ssl.SslConnection - net filled=0
03:19:49.597 [qtp399373008-62] DEBUG org.eclipse.jetty.io.ssl.SslConnection - unwrap net_filled=0 Status = BUFFER_UNDERFLOW HandshakeStatus = NEED_UNWRAP bytesConsumed = 0 bytesProduced = 0 encryptedBuffer=[p=0,l=0,c=17408,r=0] unwrapBuffer=HeapByteBuffer@1719ebcb[p=0,l=0,c=17408,r=0]={<<<>>>\x00\x00\x00\x00\x00\x00\x00\x00\x00...\x00\x00\x00\x00\x00\x00\x00} appBuffer=HeapByteBuffer@1719ebcb[p=0,l=0,c=17408,r=0]={<<<>>>\x00\x00\x00\x00\x00\x00\x00\x00\x00...\x00\x00\x00\x00\x00\x00\x00}
03:19:49.597 [qtp399373008-62] DEBUG org.eclipse.jetty.io.ssl.SslConnection - <fill f=0 uf=true SslConnection@47044a8b::SocketChannelEndPoint@3dc4242d{l=/127.0.0.1:43437,r=/127.0.0.1:54562,OPEN,fill=-,flush=-,to=0/30000}{io=0/0,kio=0,kro=1}->SslConnection@47044a8b{NEED_UNWRAP,eio=-1/-1,di=-1,fill=IDLE,flush=IDLE}~>DecryptedEndPoint@43866430{l=/127.0.0.1:43437,r=/127.0.0.1:54562,OPEN,fill=-,flush=-,to=19/30000}=>HttpConnection@16958dba[p=HttpParser{s=START,0 of -1},g=HttpGenerator@37d311bf{s=START}]=>HttpChannelOverHttp@723ed7de{s=HttpChannelState@6ec760f8{s=IDLE rs=BLOCKING os=OPEN is=IDLE awp=false se=false i=true al=0},r=0,c=false/false,a=IDLE,uri=null,age=0}
03:19:49.597 [qtp399373008-62] DEBUG org.eclipse.jetty.io.ssl.SslConnection - >fill SslConnection@47044a8b::SocketChannelEndPoint@3dc4242d{l=/127.0.0.1:43437,r=/127.0.0.1:54562,OPEN,fill=-,flush=-,to=0/30000}{io=0/0,kio=0,kro=1}->SslConnection@47044a8b{NEED_UNWRAP,eio=-1/-1,di=-1,fill=IDLE,flush=IDLE}~>DecryptedEndPoint@43866430{l=/127.0.0.1:43437,r=/127.0.0.1:54562,OPEN,fill=-,flush=-,to=19/30000}=>HttpConnection@16958dba[p=HttpParser{s=START,0 of -1},g=HttpGenerator@37d311bf{s=START}]=>HttpChannelOverHttp@723ed7de{s=HttpChannelState@6ec760f8{s=IDLE rs=BLOCKING os=OPEN is=IDLE awp=false se=false i=true al=0},r=0,c=false/false,a=IDLE,uri=null,age=0}
03:19:49.597 [qtp399373008-62] DEBUG org.eclipse.jetty.io.ssl.SslConnection - fill NEED_UNWRAP
03:19:49.598 [qtp399373008-62] DEBUG org.eclipse.jetty.io.ChannelEndPoint - filled 0 HeapByteBuffer@13266df0[p=0,l=0,c=17408,r=0]={<<<>>>\x17\x03\x03\x068\xCfc\xDaY...\x00\x00\x00\x00\x00\x00\x00}
03:19:49.598 [qtp399373008-62] DEBUG org.eclipse.jetty.io.ssl.SslConnection - net filled=0
03:19:49.598 [qtp399373008-62] DEBUG org.eclipse.jetty.io.ssl.SslConnection - unwrap net_filled=0 Status = BUFFER_UNDERFLOW HandshakeStatus = NEED_UNWRAP bytesConsumed = 0 bytesProduced = 0 encryptedBuffer=[p=0,l=0,c=17408,r=0] unwrapBuffer=HeapByteBuffer@1719ebcb[p=0,l=0,c=17408,r=0]={<<<>>>\x00\x00\x00\x00\x00\x00\x00\x00\x00...\x00\x00\x00\x00\x00\x00\x00} appBuffer=HeapByteBuffer@1719ebcb[p=0,l=0,c=17408,r=0]={<<<>>>\x00\x00\x00\x00\x00\x00\x00\x00\x00...\x00\x00\x00\x00\x00\x00\x00}
03:19:49.598 [qtp399373008-62] DEBUG org.eclipse.jetty.io.ssl.SslConnection - <fill f=0 uf=true SslConnection@47044a8b::SocketChannelEndPoint@3dc4242d{l=/127.0.0.1:43437,r=/127.0.0.1:54562,OPEN,fill=-,flush=-,to=0/30000}{io=0/0,kio=0,kro=1}->SslConnection@47044a8b{NEED_UNWRAP,eio=-1/-1,di=-1,fill=IDLE,flush=IDLE}~>DecryptedEndPoint@43866430{l=/127.0.0.1:43437,r=/127.0.0.1:54562,OPEN,fill=-,flush=-,to=19/30000}=>HttpConnection@16958dba[p=HttpParser{s=START,0 of -1},g=HttpGenerator@37d311bf{s=START}]=>HttpChannelOverHttp@723ed7de{s=HttpChannelState@6ec760f8{s=IDLE rs=BLOCKING os=OPEN is=IDLE awp=false se=false i=true al=0},r=0,c=false/false,a=IDLE,uri=null,age=0}
03:19:49.598 [qtp399373008-62] DEBUG org.eclipse.jetty.server.HttpConnection - HttpConnection@16958dba::DecryptedEndPoint@43866430{l=/127.0.0.1:43437,r=/127.0.0.1:54562,OPEN,fill=-,flush=-,to=19/30000} filled 0 HeapByteBuffer@1719ebcb[p=0,l=0,c=17408,r=0]={<<<>>>\x00\x00\x00\x00\x00\x00\x00\x00\x00...\x00\x00\x00\x00\x00\x00\x00}
03:19:49.598 [qtp399373008-62] DEBUG org.eclipse.jetty.server.HttpConnection - HttpConnection@16958dba::DecryptedEndPoint@43866430{l=/127.0.0.1:43437,r=/127.0.0.1:54562,OPEN,fill=-,flush=-,to=19/30000} parse HeapByteBuffer@1719ebcb[p=0,l=0,c=17408,r=0]={<<<>>>\x00\x00\x00\x00\x00\x00\x00\x00\x00...\x00\x00\x00\x00\x00\x00\x00} {}
03:19:49.598 [qtp399373008-62] DEBUG org.eclipse.jetty.http.HttpParser - parseNext s=START HeapByteBuffer@1719ebcb[p=0,l=0,c=17408,r=0]={<<<>>>\x00\x00\x00\x00\x00\x00\x00\x00\x00...\x00\x00\x00\x00\x00\x00\x00}
03:19:49.598 [qtp399373008-62] DEBUG org.eclipse.jetty.server.HttpConnection - HttpConnection@16958dba::DecryptedEndPoint@43866430{l=/127.0.0.1:43437,r=/127.0.0.1:54562,OPEN,fill=-,flush=-,to=19/30000} parsed false HttpParser{s=START,0 of -1}
03:19:49.598 [qtp399373008-62] DEBUG org.eclipse.jetty.server.HttpConnection - releaseRequestBuffer HttpConnection@16958dba::DecryptedEndPoint@43866430{l=/127.0.0.1:43437,r=/127.0.0.1:54562,OPEN,fill=-,flush=-,to=19/30000}
03:19:49.598 [qtp399373008-62] DEBUG org.eclipse.jetty.io.AbstractConnection - fillInterested HttpConnection@16958dba::DecryptedEndPoint@43866430{l=/127.0.0.1:43437,r=/127.0.0.1:54562,OPEN,fill=-,flush=-,to=19/30000}
03:19:49.598 [qtp399373008-62] DEBUG org.eclipse.jetty.io.FillInterest - interested FillInterest@d91a2a2{AC.ReadCB@16958dba{HttpConnection@16958dba::DecryptedEndPoint@43866430{l=/127.0.0.1:43437,r=/127.0.0.1:54562,OPEN,fill=FI,flush=-,to=0/30000}}}
03:19:49.598 [qtp399373008-62] DEBUG org.eclipse.jetty.io.ssl.SslConnection - >needFillInterest s=IDLE/IDLE uf=true ei=null di=null SslConnection@47044a8b::SocketChannelEndPoint@3dc4242d{l=/127.0.0.1:43437,r=/127.0.0.1:54562,OPEN,fill=-,flush=-,to=1/30000}{io=0/0,kio=0,kro=1}->SslConnection@47044a8b{NEED_UNWRAP,eio=-1/-1,di=-1,fill=IDLE,flush=IDLE}~>DecryptedEndPoint@43866430{l=/127.0.0.1:43437,r=/127.0.0.1:54562,OPEN,fill=FI,flush=-,to=0/30000}=>HttpConnection@16958dba[p=HttpParser{s=START,0 of -1},g=HttpGenerator@37d311bf{s=START}]=>HttpChannelOverHttp@723ed7de{s=HttpChannelState@6ec760f8{s=IDLE rs=BLOCKING os=OPEN is=IDLE awp=false se=false i=true al=0},r=0,c=false/false,a=IDLE,uri=null,age=0}
03:19:49.598 [qtp399373008-62] DEBUG org.eclipse.jetty.io.ssl.SslConnection - <needFillInterest s=IDLE/INTERESTED f=false i=true w=null
03:19:49.598 [qtp399373008-62] DEBUG org.eclipse.jetty.io.ssl.SslConnection - ensureFillInterested SslConnection@47044a8b::SocketChannelEndPoint@3dc4242d{l=/127.0.0.1:43437,r=/127.0.0.1:54562,OPEN,fill=-,flush=-,to=1/30000}{io=0/0,kio=0,kro=1}->SslConnection@47044a8b{NEED_UNWRAP,eio=-1/-1,di=-1,fill=INTERESTED,flush=IDLE}~>DecryptedEndPoint@43866430{l=/127.0.0.1:43437,r=/127.0.0.1:54562,OPEN,fill=FI,flush=-,to=0/30000}=>HttpConnection@16958dba[p=HttpParser{s=START,0 of -1},g=HttpGenerator@37d311bf{s=START}]=>HttpChannelOverHttp@723ed7de{s=HttpChannelState@6ec760f8{s=IDLE rs=BLOCKING os=OPEN is=IDLE awp=false se=false i=true al=0},r=0,c=false/false,a=IDLE,uri=null,age=0}
03:19:49.598 [qtp399373008-62] DEBUG org.eclipse.jetty.io.FillInterest - interested FillInterest@165f5621{SSLC.NBReadCB@47044a8b{SslConnection@47044a8b::SocketChannelEndPoint@3dc4242d{l=/127.0.0.1:43437,r=/127.0.0.1:54562,OPEN,fill=FI,flush=-,to=0/30000}{io=0/0,kio=0,kro=1}->SslConnection@47044a8b{NEED_UNWRAP,eio=-1/-1,di=-1,fill=INTERESTED,flush=IDLE}~>DecryptedEndPoint@43866430{l=/127.0.0.1:43437,r=/127.0.0.1:54562,OPEN,fill=FI,flush=-,to=0/30000}=>HttpConnection@16958dba[p=HttpParser{s=START,0 of -1},g=HttpGenerator@37d311bf{s=START}]=>HttpChannelOverHttp@723ed7de{s=HttpChannelState@6ec760f8{s=IDLE rs=BLOCKING os=OPEN is=IDLE awp=false se=false i=true al=0},r=0,c=false/false,a=IDLE,uri=null,age=0}}}
03:19:49.598 [qtp399373008-62] DEBUG org.eclipse.jetty.io.ChannelEndPoint - changeInterests p=false 0->1 for SocketChannelEndPoint@3dc4242d{l=/127.0.0.1:43437,r=/127.0.0.1:54562,OPEN,fill=FI,flush=-,to=0/30000}{io=0/1,kio=0,kro=1}->SslConnection@47044a8b{NEED_UNWRAP,eio=-1/-1,di=-1,fill=INTERESTED,flush=IDLE}~>DecryptedEndPoint@43866430{l=/127.0.0.1:43437,r=/127.0.0.1:54562,OPEN,fill=FI,flush=-,to=0/30000}=>HttpConnection@16958dba[p=HttpParser{s=START,0 of -1},g=HttpGenerator@37d311bf{s=START}]=>HttpChannelOverHttp@723ed7de{s=HttpChannelState@6ec760f8{s=IDLE rs=BLOCKING os=OPEN is=IDLE awp=false se=false i=true al=0},r=0,c=false/false,a=IDLE,uri=null,age=0}
03:19:49.598 [qtp399373008-62] DEBUG org.eclipse.jetty.io.ManagedSelector - Queued change lazy=false org.eclipse.jetty.io.ChannelEndPoint$$Lambda$255/90666987@73ea0673 on ManagedSelector@5733f295{STARTED} id=1 keys=1 selected=0 updates=0
03:19:49.598 [qtp399373008-62] DEBUG org.eclipse.jetty.io.ManagedSelector - Wakeup on submit ManagedSelector@5733f295{STARTED} id=1 keys=1 selected=0 updates=1
03:19:49.599 [qtp399373008-56] DEBUG org.eclipse.jetty.io.ManagedSelector - Selector sun.nio.ch.EPollSelectorImpl@342f02f2 woken with none selected
03:19:49.599 [qtp399373008-62] DEBUG org.eclipse.jetty.server.HttpConnection - HttpConnection@16958dba::DecryptedEndPoint@43866430{l=/127.0.0.1:43437,r=/127.0.0.1:54562,OPEN,fill=FI,flush=-,to=0/30000} onFillable exit HttpChannelState@6ec760f8{s=IDLE rs=BLOCKING os=OPEN is=IDLE awp=false se=false i=true al=0} null
03:19:49.599 [qtp399373008-56] DEBUG org.eclipse.jetty.io.ManagedSelector - Selector sun.nio.ch.EPollSelectorImpl@342f02f2 woken up from select, 0/0/1 selected
03:19:49.599 [qtp399373008-56] DEBUG org.eclipse.jetty.io.ManagedSelector - Selector sun.nio.ch.EPollSelectorImpl@342f02f2 processing 0 keys, 1 updates
03:19:49.599 [qtp399373008-56] DEBUG org.eclipse.jetty.io.ManagedSelector - updateable 1
03:19:49.599 [qtp399373008-56] DEBUG org.eclipse.jetty.io.ManagedSelector - update org.eclipse.jetty.io.ChannelEndPoint$$Lambda$255/90666987@73ea0673
03:19:49.599 [qtp399373008-62] DEBUG org.eclipse.jetty.io.ssl.SslConnection - <c.onFillable SslConnection@47044a8b::SocketChannelEndPoint@3dc4242d{l=/127.0.0.1:43437,r=/127.0.0.1:54562,OPEN,fill=FI,flush=-,to=0/30000}{io=0/1,kio=0,kro=1}->SslConnection@47044a8b{NEED_UNWRAP,eio=-1/-1,di=-1,fill=INTERESTED,flush=IDLE}~>DecryptedEndPoint@43866430{l=/127.0.0.1:43437,r=/127.0.0.1:54562,OPEN,fill=FI,flush=-,to=0/30000}=>HttpConnection@16958dba[p=HttpParser{s=START,0 of -1},g=HttpGenerator@37d311bf{s=START}]=>HttpChannelOverHttp@723ed7de{s=HttpChannelState@6ec760f8{s=IDLE rs=BLOCKING os=OPEN is=IDLE awp=false se=false i=true al=0},r=0,c=false/false,a=IDLE,uri=null,age=0}
03:19:49.599 [qtp399373008-56] DEBUG org.eclipse.jetty.io.ChannelEndPoint - Key interests updated 0 -> 1 on SocketChannelEndPoint@3dc4242d{l=/127.0.0.1:43437,r=/127.0.0.1:54562,OPEN,fill=FI,flush=-,to=0/30000}{io=1/1,kio=1,kro=1}->SslConnection@47044a8b{NEED_UNWRAP,eio=-1/-1,di=-1,fill=INTERESTED,flush=IDLE}~>DecryptedEndPoint@43866430{l=/127.0.0.1:43437,r=/127.0.0.1:54562,OPEN,fill=FI,flush=-,to=0/30000}=>HttpConnection@16958dba[p=HttpParser{s=START,0 of -1},g=HttpGenerator@37d311bf{s=START}]=>HttpChannelOverHttp@723ed7de{s=HttpChannelState@6ec760f8{s=IDLE rs=BLOCKING os=OPEN is=IDLE awp=false se=false i=true al=0},r=0,c=false/false,a=IDLE,uri=null,age=0}
03:19:49.599 [qtp399373008-56] DEBUG org.eclipse.jetty.io.ManagedSelector - updates 0
03:19:49.599 [qtp399373008-56] DEBUG org.eclipse.jetty.io.ManagedSelector - Selector sun.nio.ch.EPollSelectorImpl@342f02f2 waiting with 1 keys
03:19:49.599 [qtp399373008-62] DEBUG org.eclipse.jetty.util.thread.QueuedThreadPool - ran CEP:SocketChannelEndPoint@3dc4242d{l=/127.0.0.1:43437,r=/127.0.0.1:54562,OPEN,fill=FI,flush=-,to=0/30000}{io=1/1,kio=1,kro=1}->SslConnection@47044a8b{NEED_UNWRAP,eio=-1/-1,di=-1,fill=INTERESTED,flush=IDLE}~>DecryptedEndPoint@43866430{l=/127.0.0.1:43437,r=/127.0.0.1:54562,OPEN,fill=FI,flush=-,to=1/30000}=>HttpConnection@16958dba[p=HttpParser{s=START,0 of -1},g=HttpGenerator@37d311bf{s=START}]=>HttpChannelOverHttp@723ed7de{s=HttpChannelState@6ec760f8{s=IDLE rs=BLOCKING os=OPEN is=IDLE awp=false se=false i=true al=0},r=0,c=false/false,a=IDLE,uri=null,age=0}:runFillable:BLOCKING in QueuedThreadPool[qtp399373008]@17cdf2d0{STARTED,8<=8<=200,i=1,r=-1,q=0}[ReservedThreadExecutor@424fd310{reserved=1/8,pending=0}]
03:19:49.600 [qtp399373008-56] DEBUG org.eclipse.jetty.io.ManagedSelector - Selector sun.nio.ch.EPollSelectorImpl@342f02f2 woken up from select, 1/1/1 selected
03:19:49.600 [qtp399373008-56] DEBUG org.eclipse.jetty.io.ManagedSelector - Selector sun.nio.ch.EPollSelectorImpl@342f02f2 processing 1 keys, 0 updates
03:19:49.600 [qtp399373008-56] DEBUG org.eclipse.jetty.io.ManagedSelector - selected 1 sun.nio.ch.SelectionKeyImpl@3ae8fa07 SocketChannelEndPoint@3dc4242d{l=/127.0.0.1:43437,r=/127.0.0.1:54562,OPEN,fill=FI,flush=-,to=2/30000}{io=1/1,kio=1,kro=1}->SslConnection@47044a8b{NEED_UNWRAP,eio=-1/-1,di=-1,fill=INTERESTED,flush=IDLE}~>DecryptedEndPoint@43866430{l=/127.0.0.1:43437,r=/127.0.0.1:54562,OPEN,fill=FI,flush=-,to=2/30000}=>HttpConnection@16958dba[p=HttpParser{s=START,0 of -1},g=HttpGenerator@37d311bf{s=START}]=>HttpChannelOverHttp@723ed7de{s=HttpChannelState@6ec760f8{s=IDLE rs=BLOCKING os=OPEN is=IDLE awp=false se=false i=true al=0},r=0,c=false/false,a=IDLE,uri=null,age=0} 
03:19:49.601 [qtp399373008-56] DEBUG org.eclipse.jetty.io.ChannelEndPoint - onSelected 1->0 r=true w=false for SocketChannelEndPoint@3dc4242d{l=/127.0.0.1:43437,r=/127.0.0.1:54562,OPEN,fill=FI,flush=-,to=2/30000}{io=1/0,kio=1,kro=1}->SslConnection@47044a8b{NEED_UNWRAP,eio=-1/-1,di=-1,fill=INTERESTED,flush=IDLE}~>DecryptedEndPoint@43866430{l=/127.0.0.1:43437,r=/127.0.0.1:54562,OPEN,fill=FI,flush=-,to=2/30000}=>HttpConnection@16958dba[p=HttpParser{s=START,0 of -1},g=HttpGenerator@37d311bf{s=START}]=>HttpChannelOverHttp@723ed7de{s=HttpChannelState@6ec760f8{s=IDLE rs=BLOCKING os=OPEN is=IDLE awp=false se=false i=true al=0},r=0,c=false/false,a=IDLE,uri=null,age=0}
03:19:49.601 [qtp399373008-56] DEBUG org.eclipse.jetty.io.ChannelEndPoint - task CEP:SocketChannelEndPoint@3dc4242d{l=/127.0.0.1:43437,r=/127.0.0.1:54562,OPEN,fill=FI,flush=-,to=2/30000}{io=1/0,kio=1,kro=1}->SslConnection@47044a8b{NEED_UNWRAP,eio=-1/-1,di=-1,fill=INTERESTED,flush=IDLE}~>DecryptedEndPoint@43866430{l=/127.0.0.1:43437,r=/127.0.0.1:54562,OPEN,fill=FI,flush=-,to=2/30000}=>HttpConnection@16958dba[p=HttpParser{s=START,0 of -1},g=HttpGenerator@37d311bf{s=START}]=>HttpChannelOverHttp@723ed7de{s=HttpChannelState@6ec760f8{s=IDLE rs=BLOCKING os=OPEN is=IDLE awp=false se=false i=true al=0},r=0,c=false/false,a=IDLE,uri=null,age=0}:runFillable:BLOCKING
03:19:49.601 [qtp399373008-56] DEBUG org.eclipse.jetty.util.thread.ReservedThreadExecutor - ReservedThreadExecutor@424fd310{reserved=1/8,pending=0} tryExecute EatWhatYouKill@b7838a9/SelectorProducer@696f0212/PRODUCING/p=false/QueuedThreadPool[qtp399373008]@17cdf2d0{STARTED,8<=8<=200,i=2,r=-1,q=0}[ReservedThreadExecutor@424fd310{reserved=1/8,pending=0}][pc=0,pic=0,pec=1,epc=0]@2024-05-02T03:19:49.601+01:00
03:19:49.601 [qtp399373008-56] DEBUG org.eclipse.jetty.util.thread.ReservedThreadExecutor - ReservedThreadExecutor@424fd310{reserved=0/8,pending=1} startReservedThread p=1
03:19:49.601 [qtp399373008-56] DEBUG org.eclipse.jetty.util.thread.QueuedThreadPool - queue ReservedThread@7bd5f03c{PENDING,thread=null} startThread=0
03:19:49.601 [qtp399373008-60] DEBUG org.eclipse.jetty.util.thread.QueuedThreadPool - run ReservedThread@7bd5f03c{PENDING,thread=null} in QueuedThreadPool[qtp399373008]@17cdf2d0{STARTED,8<=8<=200,i=1,r=-1,q=0}[ReservedThreadExecutor@424fd310{reserved=0/8,pending=1}]
03:19:49.601 [qtp399373008-60] DEBUG org.eclipse.jetty.util.thread.ReservedThreadExecutor - ReservedThread@7bd5f03c{PENDING,thread=Thread[qtp399373008-60,5,main]} was=PENDING next=RESERVED size=0+1 capacity=8
03:19:49.601 [qtp399373008-60] DEBUG org.eclipse.jetty.util.thread.ReservedThreadExecutor - ReservedThread@7bd5f03c{RESERVED,thread=Thread[qtp399373008-60,5,main]} waiting ReservedThreadExecutor@424fd310{reserved=1/8,pending=0}
03:19:49.602 [qtp399373008-61] DEBUG org.eclipse.jetty.util.thread.ReservedThreadExecutor - ReservedThread@3ed76982{RESERVED,thread=Thread[qtp399373008-61,5,main]} task=EatWhatYouKill@b7838a9/SelectorProducer@696f0212/IDLE/p=true/QueuedThreadPool[qtp399373008]@17cdf2d0{STARTED,8<=8<=200,i=1,r=-1,q=0}[ReservedThreadExecutor@424fd310{reserved=1/8,pending=0}][pc=0,pic=0,pec=1,epc=0]@2024-05-02T03:19:49.601+01:00 ReservedThreadExecutor@424fd310{reserved=1/8,pending=0}
03:19:49.602 [qtp399373008-56] DEBUG org.eclipse.jetty.util.thread.strategy.EatWhatYouKill - EatWhatYouKill@b7838a9/SelectorProducer@696f0212/IDLE/p=true/QueuedThreadPool[qtp399373008]@17cdf2d0{STARTED,8<=8<=200,i=1,r=-1,q=0}[ReservedThreadExecutor@424fd310{reserved=0/8,pending=1}][pc=0,pic=0,pec=1,epc=0]@2024-05-02T03:19:49.601+01:00 m=EXECUTE_PRODUCE_CONSUME t=CEP:SocketChannelEndPoint@3dc4242d{l=/127.0.0.1:43437,r=/127.0.0.1:54562,OPEN,fill=FI,flush=-,to=3/30000}{io=1/0,kio=1,kro=1}->SslConnection@47044a8b{NEED_UNWRAP,eio=-1/-1,di=-1,fill=INTERESTED,flush=IDLE}~>DecryptedEndPoint@43866430{l=/127.0.0.1:43437,r=/127.0.0.1:54562,OPEN,fill=FI,flush=-,to=3/30000}=>HttpConnection@16958dba[p=HttpParser{s=START,0 of -1},g=HttpGenerator@37d311bf{s=START}]=>HttpChannelOverHttp@723ed7de{s=HttpChannelState@6ec760f8{s=IDLE rs=BLOCKING os=OPEN is=IDLE awp=false se=false i=true al=0},r=0,c=false/false,a=IDLE,uri=null,age=0}:runFillable:BLOCKING/BLOCKING
03:19:49.602 [qtp399373008-61] DEBUG org.eclipse.jetty.util.thread.strategy.EatWhatYouKill - EatWhatYouKill@b7838a9/SelectorProducer@696f0212/IDLE/p=true/QueuedThreadPool[qtp399373008]@17cdf2d0{STARTED,8<=8<=200,i=1,r=-1,q=0}[ReservedThreadExecutor@424fd310{reserved=1/8,pending=0}][pc=0,pic=0,pec=1,epc=0]@2024-05-02T03:19:49.602+01:00 tryProduce true
03:19:49.602 [qtp399373008-61] DEBUG org.eclipse.jetty.io.ManagedSelector - updateable 0
03:19:49.602 [qtp399373008-61] DEBUG org.eclipse.jetty.io.ManagedSelector - updates 0
03:19:49.602 [qtp399373008-56] DEBUG org.eclipse.jetty.io.FillInterest - fillable FillInterest@165f5621{SSLC.NBReadCB@47044a8b{SslConnection@47044a8b::SocketChannelEndPoint@3dc4242d{l=/127.0.0.1:43437,r=/127.0.0.1:54562,OPEN,fill=FI,flush=-,to=3/30000}{io=1/0,kio=1,kro=1}->SslConnection@47044a8b{NEED_UNWRAP,eio=-1/-1,di=-1,fill=INTERESTED,flush=IDLE}~>DecryptedEndPoint@43866430{l=/127.0.0.1:43437,r=/127.0.0.1:54562,OPEN,fill=FI,flush=-,to=3/30000}=>HttpConnection@16958dba[p=HttpParser{s=START,0 of -1},g=HttpGenerator@37d311bf{s=START}]=>HttpChannelOverHttp@723ed7de{s=HttpChannelState@6ec760f8{s=IDLE rs=BLOCKING os=OPEN is=IDLE awp=false se=false i=true al=0},r=0,c=false/false,a=IDLE,uri=null,age=0}}}
03:19:49.602 [qtp399373008-61] DEBUG org.eclipse.jetty.io.ChannelEndPoint - Key interests updated 1 -> 0 on SocketChannelEndPoint@3dc4242d{l=/127.0.0.1:43437,r=/127.0.0.1:54562,OPEN,fill=FI,flush=-,to=3/30000}{io=0/0,kio=0,kro=1}->SslConnection@47044a8b{NEED_UNWRAP,eio=-1/-1,di=-1,fill=INTERESTED,flush=IDLE}~>DecryptedEndPoint@43866430{l=/127.0.0.1:43437,r=/127.0.0.1:54562,OPEN,fill=FI,flush=-,to=4/30000}=>HttpConnection@16958dba[p=HttpParser{s=START,0 of -1},g=HttpGenerator@37d311bf{s=START}]=>HttpChannelOverHttp@723ed7de{s=HttpChannelState@6ec760f8{s=IDLE rs=BLOCKING os=OPEN is=IDLE awp=false se=false i=true al=0},r=0,c=false/false,a=IDLE,uri=null,age=0}
03:19:49.602 [qtp399373008-56] DEBUG org.eclipse.jetty.io.ssl.SslConnection - >c.onFillable SslConnection@47044a8b::SocketChannelEndPoint@3dc4242d{l=/127.0.0.1:43437,r=/127.0.0.1:54562,OPEN,fill=-,flush=-,to=3/30000}{io=0/0,kio=0,kro=1}->SslConnection@47044a8b{NEED_UNWRAP,eio=-1/-1,di=-1,fill=INTERESTED,flush=IDLE}~>DecryptedEndPoint@43866430{l=/127.0.0.1:43437,r=/127.0.0.1:54562,OPEN,fill=FI,flush=-,to=4/30000}=>HttpConnection@16958dba[p=HttpParser{s=START,0 of -1},g=HttpGenerator@37d311bf{s=START}]=>HttpChannelOverHttp@723ed7de{s=HttpChannelState@6ec760f8{s=IDLE rs=BLOCKING os=OPEN is=IDLE awp=false se=false i=true al=0},r=0,c=false/false,a=IDLE,uri=null,age=0}
03:19:49.602 [qtp399373008-56] DEBUG org.eclipse.jetty.io.ssl.SslConnection - onFillable SslConnection@47044a8b::SocketChannelEndPoint@3dc4242d{l=/127.0.0.1:43437,r=/127.0.0.1:54562,OPEN,fill=-,flush=-,to=3/30000}{io=0/0,kio=0,kro=1}->SslConnection@47044a8b{NEED_UNWRAP,eio=-1/-1,di=-1,fill=INTERESTED,flush=IDLE}~>DecryptedEndPoint@43866430{l=/127.0.0.1:43437,r=/127.0.0.1:54562,OPEN,fill=FI,flush=-,to=4/30000}=>HttpConnection@16958dba[p=HttpParser{s=START,0 of -1},g=HttpGenerator@37d311bf{s=START}]=>HttpChannelOverHttp@723ed7de{s=HttpChannelState@6ec760f8{s=IDLE rs=BLOCKING os=OPEN is=IDLE awp=false se=false i=true al=0},r=0,c=false/false,a=IDLE,uri=null,age=0}
03:19:49.602 [qtp399373008-56] DEBUG org.eclipse.jetty.io.FillInterest - fillable FillInterest@d91a2a2{AC.ReadCB@16958dba{HttpConnection@16958dba::DecryptedEndPoint@43866430{l=/127.0.0.1:43437,r=/127.0.0.1:54562,OPEN,fill=FI,flush=-,to=4/30000}}}
03:19:49.602 [qtp399373008-56] DEBUG org.eclipse.jetty.server.HttpConnection - HttpConnection@16958dba::DecryptedEndPoint@43866430{l=/127.0.0.1:43437,r=/127.0.0.1:54562,OPEN,fill=-,flush=-,to=4/30000} onFillable enter HttpChannelState@6ec760f8{s=IDLE rs=BLOCKING os=OPEN is=IDLE awp=false se=false i=true al=0} null
03:19:49.602 [qtp399373008-61] DEBUG org.eclipse.jetty.io.ManagedSelector - Selector sun.nio.ch.EPollSelectorImpl@342f02f2 waiting with 1 keys
03:19:49.603 [qtp399373008-56] DEBUG org.eclipse.jetty.io.ssl.SslConnection - >fill SslConnection@47044a8b::SocketChannelEndPoint@3dc4242d{l=/127.0.0.1:43437,r=/127.0.0.1:54562,OPEN,fill=-,flush=-,to=4/30000}{io=0/0,kio=0,kro=1}->SslConnection@47044a8b{NEED_UNWRAP,eio=-1/-1,di=-1,fill=IDLE,flush=IDLE}~>DecryptedEndPoint@43866430{l=/127.0.0.1:43437,r=/127.0.0.1:54562,OPEN,fill=-,flush=-,to=4/30000}=>HttpConnection@16958dba[p=HttpParser{s=START,0 of -1},g=HttpGenerator@37d311bf{s=START}]=>HttpChannelOverHttp@723ed7de{s=HttpChannelState@6ec760f8{s=IDLE rs=BLOCKING os=OPEN is=IDLE awp=false se=false i=true al=0},r=0,c=false/false,a=IDLE,uri=null,age=0}
03:19:49.603 [qtp399373008-56] DEBUG org.eclipse.jetty.io.ssl.SslConnection - fill NEED_UNWRAP
03:19:49.604 [qtp399373008-56] DEBUG org.eclipse.jetty.io.ChannelEndPoint - filled 6 HeapByteBuffer@13266df0[p=0,l=6,c=17408,r=6]={<<<\x14\x03\x03\x00\x01\x01>>>c\xDaYl\xD6\xC10\xCc\xCc...\x00\x00\x00\x00\x00\x00\x00}
03:19:49.604 [qtp399373008-56] DEBUG org.eclipse.jetty.io.ssl.SslConnection - net filled=6
03:19:49.604 [qtp399373008-56] DEBUG org.eclipse.jetty.io.ssl.SslConnection - unwrap net_filled=6 Status = OK HandshakeStatus = NEED_UNWRAP bytesConsumed = 6 bytesProduced = 0 encryptedBuffer=[p=6,l=6,c=17408,r=0] unwrapBuffer=HeapByteBuffer@19de0680[p=0,l=0,c=17408,r=0]={<<<>>>\x16\x03\x03\x01N\x01\x00\x01J...\x00\x00\x00\x00\x00\x00\x00} appBuffer=HeapByteBuffer@19de0680[p=0,l=0,c=17408,r=0]={<<<>>>\x16\x03\x03\x01N\x01\x00\x01J...\x00\x00\x00\x00\x00\x00\x00}
03:19:49.604 [qtp399373008-56] DEBUG org.eclipse.jetty.io.ssl.SslConnection - fill NEED_UNWRAP
03:19:49.604 [qtp399373008-56] DEBUG org.eclipse.jetty.io.ChannelEndPoint - filled 0 HeapByteBuffer@13266df0[p=0,l=0,c=17408,r=0]={<<<>>>\x14\x03\x03\x00\x01\x01c\xDaY...\x00\x00\x00\x00\x00\x00\x00}
03:19:49.604 [qtp399373008-56] DEBUG org.eclipse.jetty.io.ssl.SslConnection - net filled=0
03:19:49.604 [qtp399373008-56] DEBUG org.eclipse.jetty.io.ssl.SslConnection - unwrap net_filled=0 Status = BUFFER_UNDERFLOW HandshakeStatus = NEED_UNWRAP bytesConsumed = 0 bytesProduced = 0 encryptedBuffer=[p=0,l=0,c=17408,r=0] unwrapBuffer=HeapByteBuffer@19de0680[p=0,l=0,c=17408,r=0]={<<<>>>\x16\x03\x03\x01N\x01\x00\x01J...\x00\x00\x00\x00\x00\x00\x00} appBuffer=HeapByteBuffer@19de0680[p=0,l=0,c=17408,r=0]={<<<>>>\x16\x03\x03\x01N\x01\x00\x01J...\x00\x00\x00\x00\x00\x00\x00}
03:19:49.604 [qtp399373008-56] DEBUG org.eclipse.jetty.io.ssl.SslConnection - <fill f=0 uf=true SslConnection@47044a8b::SocketChannelEndPoint@3dc4242d{l=/127.0.0.1:43437,r=/127.0.0.1:54562,OPEN,fill=-,flush=-,to=0/30000}{io=0/0,kio=0,kro=1}->SslConnection@47044a8b{NEED_UNWRAP,eio=-1/-1,di=-1,fill=IDLE,flush=IDLE}~>DecryptedEndPoint@43866430{l=/127.0.0.1:43437,r=/127.0.0.1:54562,OPEN,fill=-,flush=-,to=5/30000}=>HttpConnection@16958dba[p=HttpParser{s=START,0 of -1},g=HttpGenerator@37d311bf{s=START}]=>HttpChannelOverHttp@723ed7de{s=HttpChannelState@6ec760f8{s=IDLE rs=BLOCKING os=OPEN is=IDLE awp=false se=false i=true al=0},r=0,c=false/false,a=IDLE,uri=null,age=0}
03:19:49.604 [qtp399373008-56] DEBUG org.eclipse.jetty.io.ssl.SslConnection - >fill SslConnection@47044a8b::SocketChannelEndPoint@3dc4242d{l=/127.0.0.1:43437,r=/127.0.0.1:54562,OPEN,fill=-,flush=-,to=0/30000}{io=0/0,kio=0,kro=1}->SslConnection@47044a8b{NEED_UNWRAP,eio=-1/-1,di=-1,fill=IDLE,flush=IDLE}~>DecryptedEndPoint@43866430{l=/127.0.0.1:43437,r=/127.0.0.1:54562,OPEN,fill=-,flush=-,to=6/30000}=>HttpConnection@16958dba[p=HttpParser{s=START,0 of -1},g=HttpGenerator@37d311bf{s=START}]=>HttpChannelOverHttp@723ed7de{s=HttpChannelState@6ec760f8{s=IDLE rs=BLOCKING os=OPEN is=IDLE awp=false se=false i=true al=0},r=0,c=false/false,a=IDLE,uri=null,age=0}
03:19:49.604 [qtp399373008-56] DEBUG org.eclipse.jetty.io.ssl.SslConnection - fill NEED_UNWRAP
03:19:49.604 [qtp399373008-56] DEBUG org.eclipse.jetty.io.ChannelEndPoint - filled 0 HeapByteBuffer@1719ebcb[p=0,l=0,c=17408,r=0]={<<<>>>\x00\x00\x00\x00\x00\x00\x00\x00\x00...\x00\x00\x00\x00\x00\x00\x00}
03:19:49.604 [qtp399373008-56] DEBUG org.eclipse.jetty.io.ssl.SslConnection - net filled=0
03:19:49.604 [qtp399373008-56] DEBUG org.eclipse.jetty.io.ssl.SslConnection - unwrap net_filled=0 Status = BUFFER_UNDERFLOW HandshakeStatus = NEED_UNWRAP bytesConsumed = 0 bytesProduced = 0 encryptedBuffer=[p=0,l=0,c=17408,r=0] unwrapBuffer=HeapByteBuffer@19de0680[p=0,l=0,c=17408,r=0]={<<<>>>\x16\x03\x03\x01N\x01\x00\x01J...\x00\x00\x00\x00\x00\x00\x00} appBuffer=HeapByteBuffer@19de0680[p=0,l=0,c=17408,r=0]={<<<>>>\x16\x03\x03\x01N\x01\x00\x01J...\x00\x00\x00\x00\x00\x00\x00}
03:19:49.604 [qtp399373008-56] DEBUG org.eclipse.jetty.io.ssl.SslConnection - <fill f=0 uf=true SslConnection@47044a8b::SocketChannelEndPoint@3dc4242d{l=/127.0.0.1:43437,r=/127.0.0.1:54562,OPEN,fill=-,flush=-,to=0/30000}{io=0/0,kio=0,kro=1}->SslConnection@47044a8b{NEED_UNWRAP,eio=-1/-1,di=-1,fill=IDLE,flush=IDLE}~>DecryptedEndPoint@43866430{l=/127.0.0.1:43437,r=/127.0.0.1:54562,OPEN,fill=-,flush=-,to=6/30000}=>HttpConnection@16958dba[p=HttpParser{s=START,0 of -1},g=HttpGenerator@37d311bf{s=START}]=>HttpChannelOverHttp@723ed7de{s=HttpChannelState@6ec760f8{s=IDLE rs=BLOCKING os=OPEN is=IDLE awp=false se=false i=true al=0},r=0,c=false/false,a=IDLE,uri=null,age=0}
03:19:49.604 [qtp399373008-56] DEBUG org.eclipse.jetty.server.HttpConnection - HttpConnection@16958dba::DecryptedEndPoint@43866430{l=/127.0.0.1:43437,r=/127.0.0.1:54562,OPEN,fill=-,flush=-,to=6/30000} filled 0 HeapByteBuffer@19de0680[p=0,l=0,c=17408,r=0]={<<<>>>\x16\x03\x03\x01N\x01\x00\x01J...\x00\x00\x00\x00\x00\x00\x00}
03:19:49.604 [qtp399373008-56] DEBUG org.eclipse.jetty.server.HttpConnection - HttpConnection@16958dba::DecryptedEndPoint@43866430{l=/127.0.0.1:43437,r=/127.0.0.1:54562,OPEN,fill=-,flush=-,to=6/30000} parse HeapByteBuffer@19de0680[p=0,l=0,c=17408,r=0]={<<<>>>\x16\x03\x03\x01N\x01\x00\x01J...\x00\x00\x00\x00\x00\x00\x00} {}
03:19:49.604 [qtp399373008-56] DEBUG org.eclipse.jetty.http.HttpParser - parseNext s=START HeapByteBuffer@19de0680[p=0,l=0,c=17408,r=0]={<<<>>>\x16\x03\x03\x01N\x01\x00\x01J...\x00\x00\x00\x00\x00\x00\x00}
03:19:49.604 [qtp399373008-56] DEBUG org.eclipse.jetty.server.HttpConnection - HttpConnection@16958dba::DecryptedEndPoint@43866430{l=/127.0.0.1:43437,r=/127.0.0.1:54562,OPEN,fill=-,flush=-,to=6/30000} parsed false HttpParser{s=START,0 of -1}
03:19:49.604 [qtp399373008-56] DEBUG org.eclipse.jetty.server.HttpConnection - releaseRequestBuffer HttpConnection@16958dba::DecryptedEndPoint@43866430{l=/127.0.0.1:43437,r=/127.0.0.1:54562,OPEN,fill=-,flush=-,to=6/30000}
03:19:49.605 [qtp399373008-56] DEBUG org.eclipse.jetty.io.AbstractConnection - fillInterested HttpConnection@16958dba::DecryptedEndPoint@43866430{l=/127.0.0.1:43437,r=/127.0.0.1:54562,OPEN,fill=-,flush=-,to=6/30000}
03:19:49.605 [qtp399373008-56] DEBUG org.eclipse.jetty.io.FillInterest - interested FillInterest@d91a2a2{AC.ReadCB@16958dba{HttpConnection@16958dba::DecryptedEndPoint@43866430{l=/127.0.0.1:43437,r=/127.0.0.1:54562,OPEN,fill=FI,flush=-,to=0/30000}}}
03:19:49.605 [qtp399373008-56] DEBUG org.eclipse.jetty.io.ssl.SslConnection - >needFillInterest s=IDLE/IDLE uf=true ei=null di=null SslConnection@47044a8b::SocketChannelEndPoint@3dc4242d{l=/127.0.0.1:43437,r=/127.0.0.1:54562,OPEN,fill=-,flush=-,to=1/30000}{io=0/0,kio=0,kro=1}->SslConnection@47044a8b{NEED_UNWRAP,eio=-1/-1,di=-1,fill=IDLE,flush=IDLE}~>DecryptedEndPoint@43866430{l=/127.0.0.1:43437,r=/127.0.0.1:54562,OPEN,fill=FI,flush=-,to=0/30000}=>HttpConnection@16958dba[p=HttpParser{s=START,0 of -1},g=HttpGenerator@37d311bf{s=START}]=>HttpChannelOverHttp@723ed7de{s=HttpChannelState@6ec760f8{s=IDLE rs=BLOCKING os=OPEN is=IDLE awp=false se=false i=true al=0},r=0,c=false/false,a=IDLE,uri=null,age=0}
03:19:49.605 [qtp399373008-56] DEBUG org.eclipse.jetty.io.ssl.SslConnection - <needFillInterest s=IDLE/INTERESTED f=false i=true w=null
03:19:49.605 [qtp399373008-56] DEBUG org.eclipse.jetty.io.ssl.SslConnection - ensureFillInterested SslConnection@47044a8b::SocketChannelEndPoint@3dc4242d{l=/127.0.0.1:43437,r=/127.0.0.1:54562,OPEN,fill=-,flush=-,to=1/30000}{io=0/0,kio=0,kro=1}->SslConnection@47044a8b{NEED_UNWRAP,eio=-1/-1,di=-1,fill=INTERESTED,flush=IDLE}~>DecryptedEndPoint@43866430{l=/127.0.0.1:43437,r=/127.0.0.1:54562,OPEN,fill=FI,flush=-,to=0/30000}=>HttpConnection@16958dba[p=HttpParser{s=START,0 of -1},g=HttpGenerator@37d311bf{s=START}]=>HttpChannelOverHttp@723ed7de{s=HttpChannelState@6ec760f8{s=IDLE rs=BLOCKING os=OPEN is=IDLE awp=false se=false i=true al=0},r=0,c=false/false,a=IDLE,uri=null,age=0}
03:19:49.605 [qtp399373008-56] DEBUG org.eclipse.jetty.io.FillInterest - interested FillInterest@165f5621{SSLC.NBReadCB@47044a8b{SslConnection@47044a8b::SocketChannelEndPoint@3dc4242d{l=/127.0.0.1:43437,r=/127.0.0.1:54562,OPEN,fill=FI,flush=-,to=0/30000}{io=0/0,kio=0,kro=1}->SslConnection@47044a8b{NEED_UNWRAP,eio=-1/-1,di=-1,fill=INTERESTED,flush=IDLE}~>DecryptedEndPoint@43866430{l=/127.0.0.1:43437,r=/127.0.0.1:54562,OPEN,fill=FI,flush=-,to=0/30000}=>HttpConnection@16958dba[p=HttpParser{s=START,0 of -1},g=HttpGenerator@37d311bf{s=START}]=>HttpChannelOverHttp@723ed7de{s=HttpChannelState@6ec760f8{s=IDLE rs=BLOCKING os=OPEN is=IDLE awp=false se=false i=true al=0},r=0,c=false/false,a=IDLE,uri=null,age=0}}}
03:19:49.605 [qtp399373008-56] DEBUG org.eclipse.jetty.io.ChannelEndPoint - changeInterests p=false 0->1 for SocketChannelEndPoint@3dc4242d{l=/127.0.0.1:43437,r=/127.0.0.1:54562,OPEN,fill=FI,flush=-,to=0/30000}{io=0/1,kio=0,kro=1}->SslConnection@47044a8b{NEED_UNWRAP,eio=-1/-1,di=-1,fill=INTERESTED,flush=IDLE}~>DecryptedEndPoint@43866430{l=/127.0.0.1:43437,r=/127.0.0.1:54562,OPEN,fill=FI,flush=-,to=0/30000}=>HttpConnection@16958dba[p=HttpParser{s=START,0 of -1},g=HttpGenerator@37d311bf{s=START}]=>HttpChannelOverHttp@723ed7de{s=HttpChannelState@6ec760f8{s=IDLE rs=BLOCKING os=OPEN is=IDLE awp=false se=false i=true al=0},r=0,c=false/false,a=IDLE,uri=null,age=0}
03:19:49.605 [qtp399373008-56] DEBUG org.eclipse.jetty.io.ManagedSelector - Queued change lazy=false org.eclipse.jetty.io.ChannelEndPoint$$Lambda$255/90666987@73ea0673 on ManagedSelector@5733f295{STARTED} id=1 keys=1 selected=0 updates=0
03:19:49.605 [qtp399373008-56] DEBUG org.eclipse.jetty.io.ManagedSelector - Wakeup on submit ManagedSelector@5733f295{STARTED} id=1 keys=1 selected=0 updates=1
03:19:49.605 [qtp399373008-56] DEBUG org.eclipse.jetty.server.HttpConnection - HttpConnection@16958dba::DecryptedEndPoint@43866430{l=/127.0.0.1:43437,r=/127.0.0.1:54562,OPEN,fill=FI,flush=-,to=0/30000} onFillable exit HttpChannelState@6ec760f8{s=IDLE rs=BLOCKING os=OPEN is=IDLE awp=false se=false i=true al=0} null
03:19:49.605 [qtp399373008-61] DEBUG org.eclipse.jetty.io.ManagedSelector - Selector sun.nio.ch.EPollSelectorImpl@342f02f2 woken with none selected
03:19:49.605 [qtp399373008-61] DEBUG org.eclipse.jetty.io.ManagedSelector - Selector sun.nio.ch.EPollSelectorImpl@342f02f2 woken up from select, 0/0/1 selected
03:19:49.605 [qtp399373008-61] DEBUG org.eclipse.jetty.io.ManagedSelector - Selector sun.nio.ch.EPollSelectorImpl@342f02f2 processing 0 keys, 1 updates
03:19:49.605 [qtp399373008-56] DEBUG org.eclipse.jetty.io.ssl.SslConnection - <c.onFillable SslConnection@47044a8b::SocketChannelEndPoint@3dc4242d{l=/127.0.0.1:43437,r=/127.0.0.1:54562,OPEN,fill=FI,flush=-,to=0/30000}{io=0/1,kio=0,kro=1}->SslConnection@47044a8b{NEED_UNWRAP,eio=-1/-1,di=-1,fill=INTERESTED,flush=IDLE}~>DecryptedEndPoint@43866430{l=/127.0.0.1:43437,r=/127.0.0.1:54562,OPEN,fill=FI,flush=-,to=0/30000}=>HttpConnection@16958dba[p=HttpParser{s=START,0 of -1},g=HttpGenerator@37d311bf{s=START}]=>HttpChannelOverHttp@723ed7de{s=HttpChannelState@6ec760f8{s=IDLE rs=BLOCKING os=OPEN is=IDLE awp=false se=false i=true al=0},r=0,c=false/false,a=IDLE,uri=null,age=0}
03:19:49.605 [qtp399373008-61] DEBUG org.eclipse.jetty.io.ManagedSelector - updateable 1
03:19:49.605 [qtp399373008-56] DEBUG org.eclipse.jetty.util.thread.QueuedThreadPool - ran org.eclipse.jetty.io.ManagedSelector$$Lambda$253/838473569@7ce97ee5 in QueuedThreadPool[qtp399373008]@17cdf2d0{STARTED,8<=8<=200,i=1,r=-1,q=0}[ReservedThreadExecutor@424fd310{reserved=1/8,pending=0}]
03:19:49.605 [qtp399373008-61] DEBUG org.eclipse.jetty.io.ManagedSelector - update org.eclipse.jetty.io.ChannelEndPoint$$Lambda$255/90666987@73ea0673
03:19:49.605 [qtp399373008-61] DEBUG org.eclipse.jetty.io.ChannelEndPoint - Key interests updated 0 -> 1 on SocketChannelEndPoint@3dc4242d{l=/127.0.0.1:43437,r=/127.0.0.1:54562,OPEN,fill=FI,flush=-,to=0/30000}{io=1/1,kio=1,kro=1}->SslConnection@47044a8b{NEED_UNWRAP,eio=-1/-1,di=-1,fill=INTERESTED,flush=IDLE}~>DecryptedEndPoint@43866430{l=/127.0.0.1:43437,r=/127.0.0.1:54562,OPEN,fill=FI,flush=-,to=0/30000}=>HttpConnection@16958dba[p=HttpParser{s=START,0 of -1},g=HttpGenerator@37d311bf{s=START}]=>HttpChannelOverHttp@723ed7de{s=HttpChannelState@6ec760f8{s=IDLE rs=BLOCKING os=OPEN is=IDLE awp=false se=false i=true al=0},r=0,c=false/false,a=IDLE,uri=null,age=0}
03:19:49.605 [qtp399373008-61] DEBUG org.eclipse.jetty.io.ManagedSelector - updates 0
03:19:49.606 [qtp399373008-61] DEBUG org.eclipse.jetty.io.ManagedSelector - Selector sun.nio.ch.EPollSelectorImpl@342f02f2 waiting with 1 keys
03:19:49.641 [qtp399373008-61] DEBUG org.eclipse.jetty.io.ManagedSelector - Selector sun.nio.ch.EPollSelectorImpl@342f02f2 woken up from select, 1/1/1 selected
03:19:49.641 [qtp399373008-61] DEBUG org.eclipse.jetty.io.ManagedSelector - Selector sun.nio.ch.EPollSelectorImpl@342f02f2 processing 1 keys, 0 updates
03:19:49.641 [qtp399373008-61] DEBUG org.eclipse.jetty.io.ManagedSelector - selected 1 sun.nio.ch.SelectionKeyImpl@3ae8fa07 SocketChannelEndPoint@3dc4242d{l=/127.0.0.1:43437,r=/127.0.0.1:54562,OPEN,fill=FI,flush=-,to=36/30000}{io=1/1,kio=1,kro=1}->SslConnection@47044a8b{NEED_UNWRAP,eio=-1/-1,di=-1,fill=INTERESTED,flush=IDLE}~>DecryptedEndPoint@43866430{l=/127.0.0.1:43437,r=/127.0.0.1:54562,OPEN,fill=FI,flush=-,to=36/30000}=>HttpConnection@16958dba[p=HttpParser{s=START,0 of -1},g=HttpGenerator@37d311bf{s=START}]=>HttpChannelOverHttp@723ed7de{s=HttpChannelState@6ec760f8{s=IDLE rs=BLOCKING os=OPEN is=IDLE awp=false se=false i=true al=0},r=0,c=false/false,a=IDLE,uri=null,age=0} 
03:19:49.641 [qtp399373008-61] DEBUG org.eclipse.jetty.io.ChannelEndPoint - onSelected 1->0 r=true w=false for SocketChannelEndPoint@3dc4242d{l=/127.0.0.1:43437,r=/127.0.0.1:54562,OPEN,fill=FI,flush=-,to=36/30000}{io=1/0,kio=1,kro=1}->SslConnection@47044a8b{NEED_UNWRAP,eio=-1/-1,di=-1,fill=INTERESTED,flush=IDLE}~>DecryptedEndPoint@43866430{l=/127.0.0.1:43437,r=/127.0.0.1:54562,OPEN,fill=FI,flush=-,to=36/30000}=>HttpConnection@16958dba[p=HttpParser{s=START,0 of -1},g=HttpGenerator@37d311bf{s=START}]=>HttpChannelOverHttp@723ed7de{s=HttpChannelState@6ec760f8{s=IDLE rs=BLOCKING os=OPEN is=IDLE awp=false se=false i=true al=0},r=0,c=false/false,a=IDLE,uri=null,age=0}
03:19:49.641 [qtp399373008-61] DEBUG org.eclipse.jetty.io.ChannelEndPoint - task CEP:SocketChannelEndPoint@3dc4242d{l=/127.0.0.1:43437,r=/127.0.0.1:54562,OPEN,fill=FI,flush=-,to=36/30000}{io=1/0,kio=1,kro=1}->SslConnection@47044a8b{NEED_UNWRAP,eio=-1/-1,di=-1,fill=INTERESTED,flush=IDLE}~>DecryptedEndPoint@43866430{l=/127.0.0.1:43437,r=/127.0.0.1:54562,OPEN,fill=FI,flush=-,to=36/30000}=>HttpConnection@16958dba[p=HttpParser{s=START,0 of -1},g=HttpGenerator@37d311bf{s=START}]=>HttpChannelOverHttp@723ed7de{s=HttpChannelState@6ec760f8{s=IDLE rs=BLOCKING os=OPEN is=IDLE awp=false se=false i=true al=0},r=0,c=false/false,a=IDLE,uri=null,age=0}:runFillable:BLOCKING
03:19:49.641 [qtp399373008-61] DEBUG org.eclipse.jetty.util.thread.ReservedThreadExecutor - ReservedThreadExecutor@424fd310{reserved=1/8,pending=0} tryExecute EatWhatYouKill@b7838a9/SelectorProducer@696f0212/PRODUCING/p=false/QueuedThreadPool[qtp399373008]@17cdf2d0{STARTED,8<=8<=200,i=2,r=-1,q=0}[ReservedThreadExecutor@424fd310{reserved=1/8,pending=0}][pc=0,pic=0,pec=1,epc=1]@2024-05-02T03:19:49.641+01:00
03:19:49.641 [qtp399373008-61] DEBUG org.eclipse.jetty.util.thread.ReservedThreadExecutor - ReservedThreadExecutor@424fd310{reserved=0/8,pending=1} startReservedThread p=1
03:19:49.641 [qtp399373008-61] DEBUG org.eclipse.jetty.util.thread.QueuedThreadPool - queue ReservedThread@29c437c9{PENDING,thread=null} startThread=0
03:19:49.641 [qtp399373008-62] DEBUG org.eclipse.jetty.util.thread.QueuedThreadPool - run ReservedThread@29c437c9{PENDING,thread=null} in QueuedThreadPool[qtp399373008]@17cdf2d0{STARTED,8<=8<=200,i=1,r=-1,q=0}[ReservedThreadExecutor@424fd310{reserved=0/8,pending=1}]
03:19:49.642 [qtp399373008-62] DEBUG org.eclipse.jetty.util.thread.ReservedThreadExecutor - ReservedThread@29c437c9{PENDING,thread=Thread[qtp399373008-62,5,main]} was=PENDING next=RESERVED size=0+1 capacity=8
03:19:49.642 [qtp399373008-62] DEBUG org.eclipse.jetty.util.thread.ReservedThreadExecutor - ReservedThread@29c437c9{RESERVED,thread=Thread[qtp399373008-62,5,main]} waiting ReservedThreadExecutor@424fd310{reserved=1/8,pending=0}
03:19:49.642 [qtp399373008-60] DEBUG org.eclipse.jetty.util.thread.ReservedThreadExecutor - ReservedThread@7bd5f03c{RESERVED,thread=Thread[qtp399373008-60,5,main]} task=EatWhatYouKill@b7838a9/SelectorProducer@696f0212/IDLE/p=true/QueuedThreadPool[qtp399373008]@17cdf2d0{STARTED,8<=8<=200,i=1,r=-1,q=0}[ReservedThreadExecutor@424fd310{reserved=0/8,pending=1}][pc=0,pic=0,pec=1,epc=1]@2024-05-02T03:19:49.642+01:00 ReservedThreadExecutor@424fd310{reserved=1/8,pending=0}
03:19:49.642 [qtp399373008-60] DEBUG org.eclipse.jetty.util.thread.strategy.EatWhatYouKill - EatWhatYouKill@b7838a9/SelectorProducer@696f0212/IDLE/p=true/QueuedThreadPool[qtp399373008]@17cdf2d0{STARTED,8<=8<=200,i=1,r=-1,q=0}[ReservedThreadExecutor@424fd310{reserved=1/8,pending=0}][pc=0,pic=0,pec=1,epc=1]@2024-05-02T03:19:49.642+01:00 tryProduce true
03:19:49.642 [qtp399373008-61] DEBUG org.eclipse.jetty.util.thread.strategy.EatWhatYouKill - EatWhatYouKill@b7838a9/SelectorProducer@696f0212/IDLE/p=true/QueuedThreadPool[qtp399373008]@17cdf2d0{STARTED,8<=8<=200,i=1,r=-1,q=0}[ReservedThreadExecutor@424fd310{reserved=1/8,pending=0}][pc=0,pic=0,pec=1,epc=1]@2024-05-02T03:19:49.642+01:00 m=EXECUTE_PRODUCE_CONSUME t=CEP:SocketChannelEndPoint@3dc4242d{l=/127.0.0.1:43437,r=/127.0.0.1:54562,OPEN,fill=FI,flush=-,to=36/30000}{io=1/0,kio=1,kro=1}->SslConnection@47044a8b{NEED_UNWRAP,eio=-1/-1,di=-1,fill=INTERESTED,flush=IDLE}~>DecryptedEndPoint@43866430{l=/127.0.0.1:43437,r=/127.0.0.1:54562,OPEN,fill=FI,flush=-,to=37/30000}=>HttpConnection@16958dba[p=HttpParser{s=START,0 of -1},g=HttpGenerator@37d311bf{s=START}]=>HttpChannelOverHttp@723ed7de{s=HttpChannelState@6ec760f8{s=IDLE rs=BLOCKING os=OPEN is=IDLE awp=false se=false i=true al=0},r=0,c=false/false,a=IDLE,uri=null,age=0}:runFillable:BLOCKING/BLOCKING
03:19:49.642 [qtp399373008-60] DEBUG org.eclipse.jetty.io.ManagedSelector - updateable 0
03:19:49.642 [qtp399373008-60] DEBUG org.eclipse.jetty.io.ManagedSelector - updates 0
03:19:49.642 [qtp399373008-61] DEBUG org.eclipse.jetty.io.FillInterest - fillable FillInterest@165f5621{SSLC.NBReadCB@47044a8b{SslConnection@47044a8b::SocketChannelEndPoint@3dc4242d{l=/127.0.0.1:43437,r=/127.0.0.1:54562,OPEN,fill=FI,flush=-,to=37/30000}{io=1/0,kio=1,kro=1}->SslConnection@47044a8b{NEED_UNWRAP,eio=-1/-1,di=-1,fill=INTERESTED,flush=IDLE}~>DecryptedEndPoint@43866430{l=/127.0.0.1:43437,r=/127.0.0.1:54562,OPEN,fill=FI,flush=-,to=37/30000}=>HttpConnection@16958dba[p=HttpParser{s=START,0 of -1},g=HttpGenerator@37d311bf{s=START}]=>HttpChannelOverHttp@723ed7de{s=HttpChannelState@6ec760f8{s=IDLE rs=BLOCKING os=OPEN is=IDLE awp=false se=false i=true al=0},r=0,c=false/false,a=IDLE,uri=null,age=0}}}
03:19:49.642 [qtp399373008-60] DEBUG org.eclipse.jetty.io.ChannelEndPoint - Key interests updated 1 -> 0 on SocketChannelEndPoint@3dc4242d{l=/127.0.0.1:43437,r=/127.0.0.1:54562,OPEN,fill=FI,flush=-,to=37/30000}{io=0/0,kio=0,kro=1}->SslConnection@47044a8b{NEED_UNWRAP,eio=-1/-1,di=-1,fill=INTERESTED,flush=IDLE}~>DecryptedEndPoint@43866430{l=/127.0.0.1:43437,r=/127.0.0.1:54562,OPEN,fill=FI,flush=-,to=37/30000}=>HttpConnection@16958dba[p=HttpParser{s=START,0 of -1},g=HttpGenerator@37d311bf{s=START}]=>HttpChannelOverHttp@723ed7de{s=HttpChannelState@6ec760f8{s=IDLE rs=BLOCKING os=OPEN is=IDLE awp=false se=false i=true al=0},r=0,c=false/false,a=IDLE,uri=null,age=0}
03:19:49.642 [qtp399373008-61] DEBUG org.eclipse.jetty.io.ssl.SslConnection - >c.onFillable SslConnection@47044a8b::SocketChannelEndPoint@3dc4242d{l=/127.0.0.1:43437,r=/127.0.0.1:54562,OPEN,fill=-,flush=-,to=37/30000}{io=0/0,kio=0,kro=1}->SslConnection@47044a8b{NEED_UNWRAP,eio=-1/-1,di=-1,fill=INTERESTED,flush=IDLE}~>DecryptedEndPoint@43866430{l=/127.0.0.1:43437,r=/127.0.0.1:54562,OPEN,fill=FI,flush=-,to=37/30000}=>HttpConnection@16958dba[p=HttpParser{s=START,0 of -1},g=HttpGenerator@37d311bf{s=START}]=>HttpChannelOverHttp@723ed7de{s=HttpChannelState@6ec760f8{s=IDLE rs=BLOCKING os=OPEN is=IDLE awp=false se=false i=true al=0},r=0,c=false/false,a=IDLE,uri=null,age=0}
03:19:49.642 [qtp399373008-60] DEBUG org.eclipse.jetty.io.ManagedSelector - Selector sun.nio.ch.EPollSelectorImpl@342f02f2 waiting with 1 keys
03:19:49.642 [qtp399373008-61] DEBUG org.eclipse.jetty.io.ssl.SslConnection - onFillable SslConnection@47044a8b::SocketChannelEndPoint@3dc4242d{l=/127.0.0.1:43437,r=/127.0.0.1:54562,OPEN,fill=-,flush=-,to=37/30000}{io=0/0,kio=0,kro=1}->SslConnection@47044a8b{NEED_UNWRAP,eio=-1/-1,di=-1,fill=INTERESTED,flush=IDLE}~>DecryptedEndPoint@43866430{l=/127.0.0.1:43437,r=/127.0.0.1:54562,OPEN,fill=FI,flush=-,to=37/30000}=>HttpConnection@16958dba[p=HttpParser{s=START,0 of -1},g=HttpGenerator@37d311bf{s=START}]=>HttpChannelOverHttp@723ed7de{s=HttpChannelState@6ec760f8{s=IDLE rs=BLOCKING os=OPEN is=IDLE awp=false se=false i=true al=0},r=0,c=false/false,a=IDLE,uri=null,age=0}
03:19:49.642 [qtp399373008-61] DEBUG org.eclipse.jetty.io.FillInterest - fillable FillInterest@d91a2a2{AC.ReadCB@16958dba{HttpConnection@16958dba::DecryptedEndPoint@43866430{l=/127.0.0.1:43437,r=/127.0.0.1:54562,OPEN,fill=FI,flush=-,to=37/30000}}}
03:19:49.642 [qtp399373008-61] DEBUG org.eclipse.jetty.server.HttpConnection - HttpConnection@16958dba::DecryptedEndPoint@43866430{l=/127.0.0.1:43437,r=/127.0.0.1:54562,OPEN,fill=-,flush=-,to=37/30000} onFillable enter HttpChannelState@6ec760f8{s=IDLE rs=BLOCKING os=OPEN is=IDLE awp=false se=false i=true al=0} null
03:19:49.642 [qtp399373008-61] DEBUG org.eclipse.jetty.io.ssl.SslConnection - >fill SslConnection@47044a8b::SocketChannelEndPoint@3dc4242d{l=/127.0.0.1:43437,r=/127.0.0.1:54562,OPEN,fill=-,flush=-,to=37/30000}{io=0/0,kio=0,kro=1}->SslConnection@47044a8b{NEED_UNWRAP,eio=-1/-1,di=-1,fill=IDLE,flush=IDLE}~>DecryptedEndPoint@43866430{l=/127.0.0.1:43437,r=/127.0.0.1:54562,OPEN,fill=-,flush=-,to=37/30000}=>HttpConnection@16958dba[p=HttpParser{s=START,0 of -1},g=HttpGenerator@37d311bf{s=START}]=>HttpChannelOverHttp@723ed7de{s=HttpChannelState@6ec760f8{s=IDLE rs=BLOCKING os=OPEN is=IDLE awp=false se=false i=true al=0},r=0,c=false/false,a=IDLE,uri=null,age=0}
03:19:49.643 [qtp399373008-61] DEBUG org.eclipse.jetty.io.ssl.SslConnection - fill NEED_UNWRAP
03:19:49.643 [qtp399373008-61] DEBUG org.eclipse.jetty.io.ChannelEndPoint - filled 1501 HeapByteBuffer@1719ebcb[p=0,l=1501,c=17408,r=1501]={<<<\x17\x03\x03\x03\xAd\x84\xE1\x14i\xFbe2\xB4\x9fx\x8eMi\xB1\xAasX}\xE0\xFb...\xF4\xE3&\x8b\xDe\xA1\xC9\x1a\x81\xFe,?\x7f\x9f\xC8\xB9\xF7L\x07{&EJ>>>\x00\x00\x00\x00\x00\x00\x00\x00\x00...\x00\x00\x00\x00\x00\x00\x00}
03:19:49.643 [qtp399373008-61] DEBUG org.eclipse.jetty.io.ssl.SslConnection - net filled=1501
03:19:49.643 [qtp399373008-61] DEBUG org.eclipse.jetty.io.ssl.SslConnection - unwrap net_filled=1501 Status = OK HandshakeStatus = NEED_TASK bytesConsumed = 946 bytesProduced = 0 encryptedBuffer=[p=946,l=1501,c=17408,r=555] unwrapBuffer=HeapByteBuffer@13266df0[p=0,l=0,c=17408,r=0]={<<<>>>\x14\x03\x03\x00\x01\x01c\xDaY...\x00\x00\x00\x00\x00\x00\x00} appBuffer=HeapByteBuffer@13266df0[p=0,l=0,c=17408,r=0]={<<<>>>\x14\x03\x03\x00\x01\x01c\xDaY...\x00\x00\x00\x00\x00\x00\x00}
03:19:49.643 [qtp399373008-61] DEBUG org.eclipse.jetty.io.ssl.SslConnection - fill NEED_TASK
03:19:49.643 [qtp399373008-61] DEBUG org.eclipse.jetty.io.ssl.SslConnection - fill NEED_UNWRAP
03:19:49.643 [qtp399373008-61] DEBUG org.eclipse.jetty.io.ChannelEndPoint - filled 0 HeapByteBuffer@1719ebcb[p=946,l=1501,c=17408,r=555]={\x17\x03\x03\x03\xAd\x0b\x00\x03\x88...D<\xD9R\xF4=\xC9<<<\x17\x03\x03\x01)A\xC7T0p\xE7\x9c\x06C\xB2"E-h\x08\xE3\x9d\xDa\xD59...\xF4\xE3&\x8b\xDe\xA1\xC9\x1a\x81\xFe,?\x7f\x9f\xC8\xB9\xF7L\x07{&EJ>>>\x00\x00\x00\x00\x00\x00\x00\x00\x00...\x00\x00\x00\x00\x00\x00\x00}
03:19:49.644 [qtp399373008-61] DEBUG org.eclipse.jetty.io.ssl.SslConnection - net filled=0
03:19:49.644 [qtp399373008-61] DEBUG org.eclipse.jetty.io.ssl.SslConnection - unwrap net_filled=0 Status = OK HandshakeStatus = NEED_TASK bytesConsumed = 302 bytesProduced = 0 encryptedBuffer=[p=1248,l=1501,c=17408,r=253] unwrapBuffer=HeapByteBuffer@13266df0[p=0,l=0,c=17408,r=0]={<<<>>>\x14\x03\x03\x00\x01\x01c\xDaY...\x00\x00\x00\x00\x00\x00\x00} appBuffer=HeapByteBuffer@13266df0[p=0,l=0,c=17408,r=0]={<<<>>>\x14\x03\x03\x00\x01\x01c\xDaY...\x00\x00\x00\x00\x00\x00\x00}
03:19:49.644 [qtp399373008-61] DEBUG org.eclipse.jetty.io.ssl.SslConnection - fill NEED_TASK
03:19:49.644 [qtp399373008-61] DEBUG org.eclipse.jetty.io.ssl.SslConnection - fill NEED_UNWRAP
03:19:49.644 [qtp399373008-61] DEBUG org.eclipse.jetty.io.ChannelEndPoint - filled 0 HeapByteBuffer@1719ebcb[p=1248,l=1501,c=17408,r=253]={\x17\x03\x03\x03\xAd\x0b\x00\x03\x88...Zh\xC4\xF8\xD5\xC3\xEb<<<\x17\x03\x03\x00U(w\x07\x03*\xD4\xFd\xF0\xEad\xBd'\x8al\x10\x94\xDd1\xAe\xC2...\xF4\xE3&\x8b\xDe\xA1\xC9\x1a\x81\xFe,?\x7f\x9f\xC8\xB9\xF7L\x07{&EJ>>>\x00\x00\x00\x00\x00\x00\x00\x00\x00...\x00\x00\x00\x00\x00\x00\x00}
03:19:49.644 [qtp399373008-61] DEBUG org.eclipse.jetty.io.ssl.SslConnection - net filled=0
03:19:49.645 [qtp399373008-61] DEBUG org.eclipse.jetty.io.ssl.SslConnection - unwrap net_filled=0 Status = OK HandshakeStatus = NEED_WRAP bytesConsumed = 90 bytesProduced = 0 encryptedBuffer=[p=1338,l=1501,c=17408,r=163] unwrapBuffer=HeapByteBuffer@13266df0[p=0,l=0,c=17408,r=0]={<<<>>>\x14\x03\x03\x00\x01\x01c\xDaY...\x00\x00\x00\x00\x00\x00\x00} appBuffer=HeapByteBuffer@13266df0[p=0,l=0,c=17408,r=0]={<<<>>>\x14\x03\x03\x00\x01\x01c\xDaY...\x00\x00\x00\x00\x00\x00\x00}
03:19:49.645 [qtp399373008-61] DEBUG org.eclipse.jetty.io.ssl.SslConnection - fill NEED_WRAP
03:19:49.645 [qtp399373008-61] DEBUG org.eclipse.jetty.io.ssl.SslConnection - >flush SslConnection@47044a8b::SocketChannelEndPoint@3dc4242d{l=/127.0.0.1:43437,r=/127.0.0.1:54562,OPEN,fill=-,flush=-,to=2/30000}{io=0/0,kio=0,kro=1}->SslConnection@47044a8b{NEED_WRAP,eio=163/-1,di=-1,fill=IDLE,flush=IDLE}~>DecryptedEndPoint@43866430{l=/127.0.0.1:43437,r=/127.0.0.1:54562,OPEN,fill=-,flush=-,to=40/30000}=>HttpConnection@16958dba[p=HttpParser{s=START,0 of -1},g=HttpGenerator@37d311bf{s=START}]=>HttpChannelOverHttp@723ed7de{s=HttpChannelState@6ec760f8{s=IDLE rs=BLOCKING os=OPEN is=IDLE awp=false se=false i=true al=0},r=0,c=false/false,a=IDLE,uri=null,age=0}
03:19:49.645 [qtp399373008-61] DEBUG org.eclipse.jetty.io.ssl.SslConnection - flush b[0]=HeapByteBuffer@60c04197[p=0,l=0,c=0,r=0]={<<<>>>}
03:19:49.645 [qtp399373008-61] DEBUG org.eclipse.jetty.io.ssl.SslConnection - flush NEED_WRAP
03:19:49.646 [qtp399373008-61] DEBUG org.eclipse.jetty.io.ssl.SslConnection - wrap Status = OK HandshakeStatus = FINISHED bytesConsumed = 0 bytesProduced = 88 [p=0,l=88,c=17408,r=88] ioDone=false/false
03:19:49.646 [qtp399373008-61] DEBUG org.eclipse.jetty.io.ChannelEndPoint - flushed 88 SocketChannelEndPoint@3dc4242d{l=/127.0.0.1:43437,r=/127.0.0.1:54562,OPEN,fill=-,flush=-,to=3/30000}{io=0/0,kio=0,kro=1}->SslConnection@47044a8b{NOT_HANDSHAKING,eio=163/0,di=-1,fill=IDLE,flush=IDLE}~>DecryptedEndPoint@43866430{l=/127.0.0.1:43437,r=/127.0.0.1:54562,OPEN,fill=-,flush=-,to=41/30000}=>HttpConnection@16958dba[p=HttpParser{s=START,0 of -1},g=HttpGenerator@37d311bf{s=START}]=>HttpChannelOverHttp@723ed7de{s=HttpChannelState@6ec760f8{s=IDLE rs=BLOCKING os=OPEN is=IDLE awp=false se=false i=true al=0},r=0,c=false/false,a=IDLE,uri=null,age=0}
03:19:49.646 [qtp399373008-61] DEBUG org.eclipse.jetty.io.ssl.SslConnection - net flushed=true, ac=true
03:19:49.650 [qtp399373008-61] DEBUG org.eclipse.jetty.io.ssl.SslConnection - handshake succeeded SslConnection@47044a8b::SocketChannelEndPoint@3dc4242d{l=/127.0.0.1:43437,r=/127.0.0.1:54562,OPEN,fill=-,flush=-,to=0/30000}{io=0/0,kio=0,kro=1}->SslConnection@47044a8b{NOT_HANDSHAKING,eio=163/0,di=-1,fill=IDLE,flush=IDLE}~>DecryptedEndPoint@43866430{l=/127.0.0.1:43437,r=/127.0.0.1:54562,OPEN,fill=-,flush=-,to=41/30000}=>HttpConnection@16958dba[p=HttpParser{s=START,0 of -1},g=HttpGenerator@37d311bf{s=START}]=>HttpChannelOverHttp@723ed7de{s=HttpChannelState@6ec760f8{s=IDLE rs=BLOCKING os=OPEN is=IDLE awp=false se=false i=true al=0},r=0,c=false/false,a=IDLE,uri=null,age=0} resumed server TLSv1.3/TLS_AES_256_GCM_SHA384
03:19:49.650 [qtp399373008-61] DEBUG org.eclipse.jetty.io.ssl.SslConnection - <flush true SslConnection@47044a8b::SocketChannelEndPoint@3dc4242d{l=/127.0.0.1:43437,r=/127.0.0.1:54562,OPEN,fill=-,flush=-,to=4/30000}{io=0/0,kio=0,kro=1}->SslConnection@47044a8b{NOT_HANDSHAKING,eio=163/-1,di=-1,fill=IDLE,flush=IDLE}~>DecryptedEndPoint@43866430{l=/127.0.0.1:43437,r=/127.0.0.1:54562,OPEN,fill=-,flush=-,to=45/30000}=>HttpConnection@16958dba[p=HttpParser{s=START,0 of -1},g=HttpGenerator@37d311bf{s=START}]=>HttpChannelOverHttp@723ed7de{s=HttpChannelState@6ec760f8{s=IDLE rs=BLOCKING os=OPEN is=IDLE awp=false se=false i=true al=0},r=0,c=false/false,a=IDLE,uri=null,age=0}
03:19:49.650 [qtp399373008-61] DEBUG org.eclipse.jetty.io.ssl.SslConnection - fill NOT_HANDSHAKING
03:19:49.650 [qtp399373008-61] DEBUG org.eclipse.jetty.io.ChannelEndPoint - filled 0 HeapByteBuffer@1719ebcb[p=1338,l=1501,c=17408,r=163]={\x17\x03\x03\x03\xAd\x0b\x00\x03\x88...\x86\xCa\x9e\x1dY\xBf\xE8<<<\x17\x03\x03\x00\x9e/\x89\xCe\xA1\xB0\x8f\xC4)\x0c6b14p\xD6\xE3\xC3\n\x10N...\xF4\xE3&\x8b\xDe\xA1\xC9\x1a\x81\xFe,?\x7f\x9f\xC8\xB9\xF7L\x07{&EJ>>>\x00\x00\x00\x00\x00\x00\x00\x00\x00...\x00\x00\x00\x00\x00\x00\x00}
03:19:49.650 [qtp399373008-61] DEBUG org.eclipse.jetty.io.ssl.SslConnection - net filled=0
03:19:49.651 [qtp399373008-61] DEBUG org.eclipse.jetty.io.ssl.SslConnection - unwrap net_filled=0 Status = OK HandshakeStatus = NOT_HANDSHAKING bytesConsumed = 163 bytesProduced = 125 encryptedBuffer=[p=1501,l=1501,c=17408,r=0] unwrapBuffer=HeapByteBuffer@13266df0[p=0,l=125,c=17408,r=125]={<<<GET /config.yml HTTP/1.1\r...gent: okhttp/3.12.3\r\n\r\n>>>\xE3\x86Ky\x07\x1c\x95\x02\x1f...\x00\x00\x00\x00\x00\x00\x00} appBuffer=HeapByteBuffer@13266df0[p=0,l=125,c=17408,r=125]={<<<GET /config.yml HTTP/1.1\r...gent: okhttp/3.12.3\r\n\r\n>>>\xE3\x86Ky\x07\x1c\x95\x02\x1f...\x00\x00\x00\x00\x00\x00\x00}
03:19:49.651 [qtp399373008-61] DEBUG org.eclipse.jetty.io.ssl.SslConnection - <fill f=125 uf=false SslConnection@47044a8b::SocketChannelEndPoint@3dc4242d{l=/127.0.0.1:43437,r=/127.0.0.1:54562,OPEN,fill=-,flush=-,to=5/30000}{io=0/0,kio=0,kro=1}->SslConnection@47044a8b{NOT_HANDSHAKING,eio=-1/-1,di=-1,fill=IDLE,flush=IDLE}~>DecryptedEndPoint@43866430{l=/127.0.0.1:43437,r=/127.0.0.1:54562,OPEN,fill=-,flush=-,to=46/30000}=>HttpConnection@16958dba[p=HttpParser{s=START,0 of -1},g=HttpGenerator@37d311bf{s=START}]=>HttpChannelOverHttp@723ed7de{s=HttpChannelState@6ec760f8{s=IDLE rs=BLOCKING os=OPEN is=IDLE awp=false se=false i=true al=0},r=0,c=false/false,a=IDLE,uri=null,age=0}
03:19:49.651 [qtp399373008-61] DEBUG org.eclipse.jetty.server.HttpConnection - HttpConnection@16958dba::DecryptedEndPoint@43866430{l=/127.0.0.1:43437,r=/127.0.0.1:54562,OPEN,fill=-,flush=-,to=46/30000} filled 125 HeapByteBuffer@13266df0[p=0,l=125,c=17408,r=125]={<<<GET /config.yml HTTP/1.1\r...gent: okhttp/3.12.3\r\n\r\n>>>\xE3\x86Ky\x07\x1c\x95\x02\x1f...\x00\x00\x00\x00\x00\x00\x00}
03:19:49.651 [qtp399373008-61] DEBUG org.eclipse.jetty.server.HttpConnection - HttpConnection@16958dba::DecryptedEndPoint@43866430{l=/127.0.0.1:43437,r=/127.0.0.1:54562,OPEN,fill=-,flush=-,to=46/30000} parse HeapByteBuffer@13266df0[p=0,l=125,c=17408,r=125]={<<<GET /config.yml HTTP/1.1\r...gent: okhttp/3.12.3\r\n\r\n>>>\xE3\x86Ky\x07\x1c\x95\x02\x1f...\x00\x00\x00\x00\x00\x00\x00} {}
03:19:49.651 [qtp399373008-61] DEBUG org.eclipse.jetty.http.HttpParser - parseNext s=START HeapByteBuffer@13266df0[p=0,l=125,c=17408,r=125]={<<<GET /config.yml HTTP/1.1\r...gent: okhttp/3.12.3\r\n\r\n>>>\xE3\x86Ky\x07\x1c\x95\x02\x1f...\x00\x00\x00\x00\x00\x00\x00}
03:19:49.651 [qtp399373008-61] DEBUG org.eclipse.jetty.http.HttpParser - START --> SPACE1
03:19:49.651 [qtp399373008-61] DEBUG org.eclipse.jetty.http.HttpParser - SPACE1 --> URI
03:19:49.651 [qtp399373008-61] DEBUG org.eclipse.jetty.http.HttpParser - URI --> SPACE2
03:19:49.651 [qtp399373008-61] DEBUG org.eclipse.jetty.http.HttpParser - SPACE2 --> REQUEST_VERSION
03:19:49.651 [qtp399373008-61] DEBUG org.eclipse.jetty.http.HttpParser - REQUEST_VERSION --> HEADER
03:19:49.651 [qtp399373008-61] DEBUG org.eclipse.jetty.http.HttpParser - HEADER:Host --> VALUE
03:19:49.651 [qtp399373008-61] DEBUG org.eclipse.jetty.http.HttpParser - HEADER:Host --> IN_VALUE
03:19:49.651 [qtp399373008-61] DEBUG org.eclipse.jetty.http.HttpParser - HEADER:Host --> FIELD
03:19:49.652 [qtp399373008-61] DEBUG org.eclipse.jetty.http.HttpParser - HEADER:Connection: keep-alive --> IN_VALUE
03:19:49.652 [qtp399373008-61] DEBUG org.eclipse.jetty.http.HttpParser - HEADER:Connection: keep-alive --> FIELD
03:19:49.652 [qtp399373008-61] DEBUG org.eclipse.jetty.http.HttpParser - HEADER:Accept-Encoding: gzip --> IN_VALUE
03:19:49.652 [qtp399373008-61] DEBUG org.eclipse.jetty.http.HttpParser - HEADER:Accept-Encoding: gzip --> FIELD
03:19:49.652 [qtp399373008-61] DEBUG org.eclipse.jetty.http.HttpParser - HEADER:User-Agent --> VALUE
03:19:49.652 [qtp399373008-61] DEBUG org.eclipse.jetty.http.HttpParser - HEADER:User-Agent --> IN_VALUE
03:19:49.652 [qtp399373008-61] DEBUG org.eclipse.jetty.http.HttpParser - HEADER:User-Agent --> FIELD
03:19:49.652 [qtp399373008-61] DEBUG org.eclipse.jetty.http.HttpParser - HEADER --> CONTENT
03:19:49.652 [qtp399373008-61] DEBUG org.eclipse.jetty.server.HttpChannel - REQUEST for //localhost:43437/config.yml on HttpChannelOverHttp@723ed7de{s=HttpChannelState@6ec760f8{s=IDLE rs=BLOCKING os=OPEN is=IDLE awp=false se=false i=true al=0},r=1,c=false/false,a=IDLE,uri=//localhost:43437/config.yml,age=0}
GET //localhost:43437/config.yml HTTP/1.1
Host: localhost:43437
Connection: keep-alive
Accept-Encoding: gzip
User-Agent: okhttp/3.12.3


03:19:49.652 [qtp399373008-61] DEBUG org.eclipse.jetty.server.HttpConnection - HttpConnection@16958dba::DecryptedEndPoint@43866430{l=/127.0.0.1:43437,r=/127.0.0.1:54562,OPEN,fill=-,flush=-,to=47/30000} parsed true HttpParser{s=CONTENT,0 of -1}
03:19:49.652 [qtp399373008-61] DEBUG org.eclipse.jetty.server.HttpConnection - releaseRequestBuffer HttpConnection@16958dba::DecryptedEndPoint@43866430{l=/127.0.0.1:43437,r=/127.0.0.1:54562,OPEN,fill=-,flush=-,to=47/30000}
03:19:49.652 [qtp399373008-61] DEBUG org.eclipse.jetty.server.HttpChannel - handle //localhost:43437/config.yml HttpChannelOverHttp@723ed7de{s=HttpChannelState@6ec760f8{s=IDLE rs=BLOCKING os=OPEN is=IDLE awp=false se=false i=true al=0},r=1,c=false/false,a=IDLE,uri=//localhost:43437/config.yml,age=0} 
03:19:49.652 [qtp399373008-61] DEBUG org.eclipse.jetty.server.HttpChannelState - handling HttpChannelState@6ec760f8{s=IDLE rs=BLOCKING os=OPEN is=IDLE awp=false se=false i=true al=0}
03:19:49.652 [qtp399373008-61] DEBUG org.eclipse.jetty.server.HttpChannel - action DISPATCH HttpChannelOverHttp@723ed7de{s=HttpChannelState@6ec760f8{s=HANDLING rs=BLOCKING os=OPEN is=IDLE awp=false se=false i=true al=0},r=1,c=false/false,a=HANDLING,uri=//localhost:43437/config.yml,age=0}
03:19:49.652 [qtp399373008-61] DEBUG org.eclipse.jetty.server.SecureRequestCustomizer - Host localhost with SNI null
03:19:49.652 [qtp399373008-61] DEBUG org.eclipse.jetty.server.Server - REQUEST GET /config.yml on HttpChannelOverHttp@723ed7de{s=HttpChannelState@6ec760f8{s=HANDLING rs=BLOCKING os=OPEN is=IDLE awp=false se=false i=true al=0},r=1,c=false/false,a=HANDLING,uri=https://localhost:43437/config.yml,age=0}
03:19:49.652 [qtp399373008-61] DEBUG org.eclipse.jetty.server.HttpOutput - write(array HeapByteBuffer@ce943da[p=0,l=4,c=512,r=4]={<<<path>>>\x00\x00\x00\x00\x00\x00\x00\x00\x00...\x00\x00\x00\x00\x00\x00\x00})
03:19:49.652 [qtp399373008-61] DEBUG org.eclipse.jetty.server.HttpOutput - write(array) s=CLOSING,api=BLOCKED,sc=false,e=null last=true agg=false flush=true async=false, len=4 null
03:19:49.653 [qtp399373008-61] DEBUG org.eclipse.jetty.server.HttpChannel - sendResponse info=null content=HeapByteBuffer@568c119b[p=0,l=4,c=512,r=4]={<<<path>>>\x00\x00\x00\x00\x00\x00\x00\x00\x00...\x00\x00\x00\x00\x00\x00\x00} complete=true committing=true callback=Blocker@83d1dc0{null}
03:19:49.653 [qtp399373008-61] DEBUG org.eclipse.jetty.server.HttpChannel - COMMIT for /config.yml on HttpChannelOverHttp@723ed7de{s=HttpChannelState@6ec760f8{s=HANDLING rs=BLOCKING os=COMMITTED is=IDLE awp=false se=false i=true al=0},r=1,c=false/false,a=HANDLING,uri=https://localhost:43437/config.yml,age=1}
200 null HTTP/1.1
Date: Thu, 02 May 2024 02:19:49 GMT
ETag: testEtag
Content-Type: text/plain;charset=utf-8
Content-Length: 4


03:19:49.653 [qtp399373008-61] DEBUG org.eclipse.jetty.server.HttpConnection - generate: NEED_HEADER for SendCallback@4e96c609[PROCESSING][i=HTTP/1.1{s=200,h=4,cl=4},cb=org.eclipse.jetty.server.HttpChannel$SendCallback@8a7bb92] (null,[p=0,l=4,c=512,r=4],true)@START
03:19:49.653 [qtp399373008-61] DEBUG org.eclipse.jetty.http.HttpGenerator - generateHeaders HTTP/1.1{s=200,h=4,cl=4} last=true content=HeapByteBuffer@568c119b[p=0,l=4,c=512,r=4]={<<<path>>>\x00\x00\x00\x00\x00\x00\x00\x00\x00...\x00\x00\x00\x00\x00\x00\x00}
03:19:49.653 [qtp399373008-61] DEBUG org.eclipse.jetty.http.HttpGenerator - Date: Thu, 02 May 2024 02:19:49 GMT
ETag: testEtag
Content-Type: text/plain;charset=utf-8
Content-Length: 4


03:19:49.653 [qtp399373008-61] DEBUG org.eclipse.jetty.http.HttpGenerator - CONTENT_LENGTH
03:19:49.653 [qtp399373008-61] DEBUG org.eclipse.jetty.server.HttpConnection - generate: FLUSH for SendCallback@4e96c609[PROCESSING][i=HTTP/1.1{s=200,h=4,cl=4},cb=org.eclipse.jetty.server.HttpChannel$SendCallback@8a7bb92] ([p=0,l=164,c=8192,r=164],[p=0,l=4,c=512,r=4],true)@COMPLETING
03:19:49.653 [qtp399373008-61] DEBUG org.eclipse.jetty.io.WriteFlusher - write: WriteFlusher@5e22badb{IDLE}->null [HeapByteBuffer@3e9173d4[p=0,l=164,c=8192,r=164]={<<<HTTP/1.1 200 OK\r\nDate: Th...y(9.4.44.v20210927)\r\n\r\n>>>\x00\x00\x00\x00\x00\x00\x00\x00\x00...\x00\x00\x00\x00\x00\x00\x00},HeapByteBuffer@568c119b[p=0,l=4,c=512,r=4]={<<<path>>>\x00\x00\x00\x00\x00\x00\x00\x00\x00...\x00\x00\x00\x00\x00\x00\x00}]
03:19:49.653 [qtp399373008-61] DEBUG org.eclipse.jetty.io.WriteFlusher - update WriteFlusher@5e22badb{WRITING}->null:IDLE-->WRITING
03:19:49.653 [qtp399373008-61] DEBUG org.eclipse.jetty.io.ssl.SslConnection - >flush SslConnection@47044a8b::SocketChannelEndPoint@3dc4242d{l=/127.0.0.1:43437,r=/127.0.0.1:54562,OPEN,fill=-,flush=-,to=6/30000}{io=0/0,kio=0,kro=1}->SslConnection@47044a8b{NOT_HANDSHAKING,eio=-1/-1,di=-1,fill=IDLE,flush=IDLE}~>DecryptedEndPoint@43866430{l=/127.0.0.1:43437,r=/127.0.0.1:54562,OPEN,fill=-,flush=W,to=48/30000}=>HttpConnection@16958dba[p=HttpParser{s=CONTENT,0 of -1},g=HttpGenerator@37d311bf{s=COMPLETING}]=>HttpChannelOverHttp@723ed7de{s=HttpChannelState@6ec760f8{s=HANDLING rs=BLOCKING os=COMMITTED is=IDLE awp=false se=false i=true al=0},r=1,c=false/false,a=HANDLING,uri=https://localhost:43437/config.yml,age=1}
03:19:49.653 [qtp399373008-61] DEBUG org.eclipse.jetty.io.ssl.SslConnection - flush b[0]=HeapByteBuffer@3e9173d4[p=0,l=164,c=8192,r=164]={<<<HTTP/1.1 200 OK\r\nDate: Th...y(9.4.44.v20210927)\r\n\r\n>>>\x00\x00\x00\x00\x00\x00\x00\x00\x00...\x00\x00\x00\x00\x00\x00\x00}
03:19:49.653 [qtp399373008-61] DEBUG org.eclipse.jetty.io.ssl.SslConnection - flush b[1]=HeapByteBuffer@568c119b[p=0,l=4,c=512,r=4]={<<<path>>>\x00\x00\x00\x00\x00\x00\x00\x00\x00...\x00\x00\x00\x00\x00\x00\x00}
03:19:49.653 [qtp399373008-61] DEBUG org.eclipse.jetty.io.ssl.SslConnection - flush NOT_HANDSHAKING
03:19:49.653 [qtp399373008-61] DEBUG org.eclipse.jetty.io.ssl.SslConnection - wrap Status = OK HandshakeStatus = NOT_HANDSHAKING bytesConsumed = 168 bytesProduced = 206 [p=0,l=206,c=17408,r=206] ioDone=false/false
03:19:49.653 [qtp399373008-61] DEBUG org.eclipse.jetty.io.ChannelEndPoint - flushed 206 SocketChannelEndPoint@3dc4242d{l=/127.0.0.1:43437,r=/127.0.0.1:54562,OPEN,fill=-,flush=-,to=7/30000}{io=0/0,kio=0,kro=1}->SslConnection@47044a8b{NOT_HANDSHAKING,eio=-1/0,di=-1,fill=IDLE,flush=IDLE}~>DecryptedEndPoint@43866430{l=/127.0.0.1:43437,r=/127.0.0.1:54562,OPEN,fill=-,flush=W,to=48/30000}=>HttpConnection@16958dba[p=HttpParser{s=CONTENT,0 of -1},g=HttpGenerator@37d311bf{s=COMPLETING}]=>HttpChannelOverHttp@723ed7de{s=HttpChannelState@6ec760f8{s=HANDLING rs=BLOCKING os=COMMITTED is=IDLE awp=false se=false i=true al=0},r=1,c=false/false,a=HANDLING,uri=https://localhost:43437/config.yml,age=1}
03:19:49.653 [qtp399373008-61] DEBUG org.eclipse.jetty.io.ssl.SslConnection - net flushed=true, ac=true
03:19:49.653 [qtp399373008-61] DEBUG org.eclipse.jetty.io.ssl.SslConnection - <flush true SslConnection@47044a8b::SocketChannelEndPoint@3dc4242d{l=/127.0.0.1:43437,r=/127.0.0.1:54562,OPEN,fill=-,flush=-,to=0/30000}{io=0/0,kio=0,kro=1}->SslConnection@47044a8b{NOT_HANDSHAKING,eio=-1/-1,di=-1,fill=IDLE,flush=IDLE}~>DecryptedEndPoint@43866430{l=/127.0.0.1:43437,r=/127.0.0.1:54562,OPEN,fill=-,flush=W,to=48/30000}=>HttpConnection@16958dba[p=HttpParser{s=CONTENT,0 of -1},g=HttpGenerator@37d311bf{s=COMPLETING}]=>HttpChannelOverHttp@723ed7de{s=HttpChannelState@6ec760f8{s=HANDLING rs=BLOCKING os=COMMITTED is=IDLE awp=false se=false i=true al=0},r=1,c=false/false,a=HANDLING,uri=https://localhost:43437/config.yml,age=1}
03:19:49.654 [qtp399373008-61] DEBUG org.eclipse.jetty.io.WriteFlusher - Flushed=true written=168 remaining=0 WriteFlusher@5e22badb{WRITING}->null
03:19:49.654 [qtp399373008-61] DEBUG org.eclipse.jetty.io.WriteFlusher - update WriteFlusher@5e22badb{IDLE}->null:WRITING-->IDLE
03:19:49.654 [qtp399373008-61] DEBUG org.eclipse.jetty.server.HttpConnection - generate: DONE for SendCallback@4e96c609[PROCESSING][i=HTTP/1.1{s=200,h=4,cl=4},cb=org.eclipse.jetty.server.HttpChannel$SendCallback@8a7bb92] ([p=164,l=164,c=8192,r=0],[p=4,l=4,c=512,r=0],true)@END
03:19:49.654 [qtp399373008-61] DEBUG org.eclipse.jetty.server.HttpOutput - onWriteComplete(true,null) s=CLOSING,api=BLOCKED,sc=false,e=null->s=CLOSED,api=BLOCKING,sc=false,e=null c=null cb=null w=false
03:19:49.654 [qtp399373008-61] DEBUG org.eclipse.jetty.server.HttpOutput - close() s=CLOSED,api=BLOCKING,sc=false,e=null c=null b=null
03:19:49.654 [qtp399373008-61] DEBUG org.eclipse.jetty.server.Server - handled=true async=false committed=true on HttpChannelOverHttp@723ed7de{s=HttpChannelState@6ec760f8{s=HANDLING rs=BLOCKING os=COMPLETED is=IDLE awp=false se=false i=true al=0},r=1,c=false/true,a=HANDLING,uri=https://localhost:43437/config.yml,age=2}
03:19:49.654 [qtp399373008-61] DEBUG org.eclipse.jetty.server.HttpChannelState - unhandle HttpChannelState@6ec760f8{s=HANDLING rs=BLOCKING os=COMPLETED is=IDLE awp=false se=false i=true al=0}
03:19:49.654 [qtp399373008-61] DEBUG org.eclipse.jetty.server.HttpChannelState - nextAction(false) COMPLETE HttpChannelState@6ec760f8{s=HANDLING rs=COMPLETING os=COMPLETED is=IDLE awp=false se=false i=false al=0}
03:19:49.654 [qtp399373008-61] DEBUG org.eclipse.jetty.server.HttpChannel - action COMPLETE HttpChannelOverHttp@723ed7de{s=HttpChannelState@6ec760f8{s=HANDLING rs=COMPLETING os=COMPLETED is=IDLE awp=false se=false i=false al=0},r=1,c=false/true,a=HANDLING,uri=https://localhost:43437/config.yml,age=2}
03:19:49.654 [qtp399373008-61] DEBUG org.eclipse.jetty.server.HttpOutput - complete(org.eclipse.jetty.util.Callback$3@26fc9998) s=CLOSED,api=BLOCKING,sc=false,e=null s=true e=null, c=null
03:19:49.654 [qtp399373008-61] DEBUG org.eclipse.jetty.server.HttpChannelState - completed HttpChannelState@6ec760f8{s=HANDLING rs=COMPLETING os=COMPLETED is=IDLE awp=false se=false i=false al=0}
03:19:49.654 [qtp399373008-61] DEBUG org.eclipse.jetty.server.HttpChannelState - unhandle HttpChannelState@6ec760f8{s=HANDLING rs=COMPLETED os=COMPLETED is=IDLE awp=false se=false i=false al=0}
03:19:49.654 [qtp399373008-61] DEBUG org.eclipse.jetty.server.HttpChannelState - nextAction(false) TERMINATED HttpChannelState@6ec760f8{s=IDLE rs=COMPLETED os=COMPLETED is=IDLE awp=false se=false i=false al=0}
03:19:49.654 [qtp399373008-61] DEBUG org.eclipse.jetty.server.HttpChannel - action TERMINATED HttpChannelOverHttp@723ed7de{s=HttpChannelState@6ec760f8{s=IDLE rs=COMPLETED os=COMPLETED is=IDLE awp=false se=false i=false al=0},r=1,c=true/true,a=IDLE,uri=https://localhost:43437/config.yml,age=2}
03:19:49.654 [qtp399373008-61] DEBUG org.eclipse.jetty.server.HttpChannel - onCompleted for /config.yml written=4
03:19:49.654 [qtp399373008-61] DEBUG org.eclipse.jetty.io.ssl.SslConnection - >fill SslConnection@47044a8b::SocketChannelEndPoint@3dc4242d{l=/127.0.0.1:43437,r=/127.0.0.1:54562,OPEN,fill=-,flush=-,to=1/30000}{io=0/0,kio=0,kro=1}->SslConnection@47044a8b{NOT_HANDSHAKING,eio=-1/-1,di=-1,fill=IDLE,flush=IDLE}~>DecryptedEndPoint@43866430{l=/127.0.0.1:43437,r=/127.0.0.1:54562,OPEN,fill=-,flush=-,to=49/30000}=>HttpConnection@16958dba[p=HttpParser{s=CONTENT,0 of -1},g=HttpGenerator@37d311bf{s=END}]=>HttpChannelOverHttp@723ed7de{s=HttpChannelState@6ec760f8{s=IDLE rs=COMPLETED os=COMPLETED is=IDLE awp=false se=false i=false al=0},r=1,c=true/true,a=IDLE,uri=https://localhost:43437/config.yml,age=2}
03:19:49.655 [qtp399373008-61] DEBUG org.eclipse.jetty.io.ssl.SslConnection - fill NOT_HANDSHAKING
03:19:49.655 [qtp399373008-61] DEBUG org.eclipse.jetty.io.ChannelEndPoint - filled 0 HeapByteBuffer@13266df0[p=0,l=0,c=17408,r=0]={<<<>>>GET /conf...\x00\x00\x00\x00\x00\x00\x00}
03:19:49.655 [qtp399373008-61] DEBUG org.eclipse.jetty.io.ssl.SslConnection - net filled=0
03:19:49.655 [qtp399373008-61] DEBUG org.eclipse.jetty.io.ssl.SslConnection - unwrap net_filled=0 Status = BUFFER_UNDERFLOW HandshakeStatus = NOT_HANDSHAKING bytesConsumed = 0 bytesProduced = 0 encryptedBuffer=[p=0,l=0,c=17408,r=0] unwrapBuffer=HeapByteBuffer@1719ebcb[p=0,l=0,c=17408,r=0]={<<<>>>\x17\x03\x03\x03\xAd\x0b\x00\x03\x88...\x00\x00\x00\x00\x00\x00\x00} appBuffer=HeapByteBuffer@1719ebcb[p=0,l=0,c=17408,r=0]={<<<>>>\x17\x03\x03\x03\xAd\x0b\x00\x03\x88...\x00\x00\x00\x00\x00\x00\x00}
03:19:49.655 [qtp399373008-61] DEBUG org.eclipse.jetty.io.ssl.SslConnection - <fill f=0 uf=true SslConnection@47044a8b::SocketChannelEndPoint@3dc4242d{l=/127.0.0.1:43437,r=/127.0.0.1:54562,OPEN,fill=-,flush=-,to=1/30000}{io=0/0,kio=0,kro=1}->SslConnection@47044a8b{NOT_HANDSHAKING,eio=-1/-1,di=-1,fill=IDLE,flush=IDLE}~>DecryptedEndPoint@43866430{l=/127.0.0.1:43437,r=/127.0.0.1:54562,OPEN,fill=-,flush=-,to=50/30000}=>HttpConnection@16958dba[p=HttpParser{s=CONTENT,0 of -1},g=HttpGenerator@37d311bf{s=END}]=>HttpChannelOverHttp@723ed7de{s=HttpChannelState@6ec760f8{s=IDLE rs=COMPLETED os=COMPLETED is=IDLE awp=false se=false i=false al=0},r=1,c=true/true,a=IDLE,uri=https://localhost:43437/config.yml,age=3}
03:19:49.655 [qtp399373008-61] DEBUG org.eclipse.jetty.io.ssl.SslConnection - >fill SslConnection@47044a8b::SocketChannelEndPoint@3dc4242d{l=/127.0.0.1:43437,r=/127.0.0.1:54562,OPEN,fill=-,flush=-,to=1/30000}{io=0/0,kio=0,kro=1}->SslConnection@47044a8b{NOT_HANDSHAKING,eio=-1/-1,di=-1,fill=IDLE,flush=IDLE}~>DecryptedEndPoint@43866430{l=/127.0.0.1:43437,r=/127.0.0.1:54562,OPEN,fill=-,flush=-,to=50/30000}=>HttpConnection@16958dba[p=HttpParser{s=CONTENT,0 of -1},g=HttpGenerator@37d311bf{s=END}]=>HttpChannelOverHttp@723ed7de{s=HttpChannelState@6ec760f8{s=IDLE rs=COMPLETED os=COMPLETED is=IDLE awp=false se=false i=false al=0},r=1,c=true/true,a=IDLE,uri=https://localhost:43437/config.yml,age=3}
03:19:49.655 [qtp399373008-61] DEBUG org.eclipse.jetty.io.ssl.SslConnection - fill NOT_HANDSHAKING
03:19:49.655 [qtp399373008-61] DEBUG org.eclipse.jetty.io.ChannelEndPoint - filled 0 HeapByteBuffer@19de0680[p=0,l=0,c=17408,r=0]={<<<>>>\x17\x03\x03\x00\xC9\x1c\x86\x98\xD4...\x00\x00\x00\x00\x00\x00\x00}
03:19:49.655 [qtp399373008-61] DEBUG org.eclipse.jetty.io.ssl.SslConnection - net filled=0
03:19:49.655 [qtp399373008-61] DEBUG org.eclipse.jetty.io.ssl.SslConnection - unwrap net_filled=0 Status = BUFFER_UNDERFLOW HandshakeStatus = NOT_HANDSHAKING bytesConsumed = 0 bytesProduced = 0 encryptedBuffer=[p=0,l=0,c=17408,r=0] unwrapBuffer=HeapByteBuffer@1719ebcb[p=0,l=0,c=17408,r=0]={<<<>>>\x17\x03\x03\x03\xAd\x0b\x00\x03\x88...\x00\x00\x00\x00\x00\x00\x00} appBuffer=HeapByteBuffer@1719ebcb[p=0,l=0,c=17408,r=0]={<<<>>>\x17\x03\x03\x03\xAd\x0b\x00\x03\x88...\x00\x00\x00\x00\x00\x00\x00}
03:19:49.655 [qtp399373008-61] DEBUG org.eclipse.jetty.io.ssl.SslConnection - <fill f=0 uf=true SslConnection@47044a8b::SocketChannelEndPoint@3dc4242d{l=/127.0.0.1:43437,r=/127.0.0.1:54562,OPEN,fill=-,flush=-,to=1/30000}{io=0/0,kio=0,kro=1}->SslConnection@47044a8b{NOT_HANDSHAKING,eio=-1/-1,di=-1,fill=IDLE,flush=IDLE}~>DecryptedEndPoint@43866430{l=/127.0.0.1:43437,r=/127.0.0.1:54562,OPEN,fill=-,flush=-,to=50/30000}=>HttpConnection@16958dba[p=HttpParser{s=CONTENT,0 of -1},g=HttpGenerator@37d311bf{s=END}]=>HttpChannelOverHttp@723ed7de{s=HttpChannelState@6ec760f8{s=IDLE rs=COMPLETED os=COMPLETED is=IDLE awp=false se=false i=false al=0},r=1,c=true/true,a=IDLE,uri=https://localhost:43437/config.yml,age=3}
03:19:49.655 [qtp399373008-61] DEBUG org.eclipse.jetty.server.HttpConnection - HttpConnection@16958dba::DecryptedEndPoint@43866430{l=/127.0.0.1:43437,r=/127.0.0.1:54562,OPEN,fill=-,flush=-,to=50/30000} filled 0 HeapByteBuffer@1719ebcb[p=0,l=0,c=17408,r=0]={<<<>>>\x17\x03\x03\x03\xAd\x0b\x00\x03\x88...\x00\x00\x00\x00\x00\x00\x00}
03:19:49.655 [qtp399373008-61] DEBUG org.eclipse.jetty.server.HttpConnection - HttpConnection@16958dba::DecryptedEndPoint@43866430{l=/127.0.0.1:43437,r=/127.0.0.1:54562,OPEN,fill=-,flush=-,to=50/30000} parse HeapByteBuffer@1719ebcb[p=0,l=0,c=17408,r=0]={<<<>>>\x17\x03\x03\x03\xAd\x0b\x00\x03\x88...\x00\x00\x00\x00\x00\x00\x00} {}
03:19:49.655 [qtp399373008-61] DEBUG org.eclipse.jetty.http.HttpParser - parseNext s=CONTENT HeapByteBuffer@1719ebcb[p=0,l=0,c=17408,r=0]={<<<>>>\x17\x03\x03\x03\xAd\x0b\x00\x03\x88...\x00\x00\x00\x00\x00\x00\x00}
03:19:49.655 [qtp399373008-61] DEBUG org.eclipse.jetty.http.HttpParser - CONTENT --> CONTENT_END
03:19:49.655 [qtp399373008-61] DEBUG org.eclipse.jetty.server.HttpChannel - onContentComplete HttpChannelOverHttp@723ed7de{s=HttpChannelState@6ec760f8{s=IDLE rs=COMPLETED os=COMPLETED is=IDLE awp=false se=false i=false al=0},r=1,c=true/true,a=IDLE,uri=https://localhost:43437/config.yml,age=3}
03:19:49.655 [qtp399373008-61] DEBUG org.eclipse.jetty.http.HttpParser - CONTENT_END --> END
03:19:49.655 [qtp399373008-61] DEBUG org.eclipse.jetty.server.HttpChannel - onRequestComplete HttpChannelOverHttp@723ed7de{s=HttpChannelState@6ec760f8{s=IDLE rs=COMPLETED os=COMPLETED is=IDLE awp=false se=false i=false al=0},r=1,c=true/true,a=IDLE,uri=https://localhost:43437/config.yml,age=3}
03:19:49.655 [qtp399373008-61] DEBUG org.eclipse.jetty.server.HttpInput - HttpInputOverHTTP@13b2cdfe[c=0,q=0,[0]=null,s=STREAM] addContent EOF
03:19:49.655 [qtp399373008-61] DEBUG org.eclipse.jetty.server.HttpConnection - HttpConnection@16958dba::DecryptedEndPoint@43866430{l=/127.0.0.1:43437,r=/127.0.0.1:54562,OPEN,fill=-,flush=-,to=50/30000} parsed false HttpParser{s=END,0 of -1}
03:19:49.655 [qtp399373008-61] DEBUG org.eclipse.jetty.server.HttpConnection - releaseRequestBuffer HttpConnection@16958dba::DecryptedEndPoint@43866430{l=/127.0.0.1:43437,r=/127.0.0.1:54562,OPEN,fill=-,flush=-,to=50/30000}
03:19:49.655 [qtp399373008-61] DEBUG org.eclipse.jetty.server.HttpChannelState - recycle HttpChannelState@6ec760f8{s=IDLE rs=COMPLETED os=COMPLETED is=IDLE awp=false se=false i=false al=0}
03:19:49.655 [qtp399373008-61] DEBUG org.eclipse.jetty.http.HttpParser - reset HttpParser{s=END,0 of -1}
03:19:49.655 [qtp399373008-61] DEBUG org.eclipse.jetty.http.HttpParser - END --> START
03:19:49.656 [qtp399373008-61] DEBUG org.eclipse.jetty.server.HttpChannel - !handle TERMINATED HttpChannelOverHttp@723ed7de{s=HttpChannelState@6ec760f8{s=IDLE rs=BLOCKING os=OPEN is=IDLE awp=false se=false i=true al=0},r=1,c=false/false,a=IDLE,uri=null,age=0}
03:19:49.656 [qtp399373008-61] DEBUG org.eclipse.jetty.io.ssl.SslConnection - >fill SslConnection@47044a8b::SocketChannelEndPoint@3dc4242d{l=/127.0.0.1:43437,r=/127.0.0.1:54562,OPEN,fill=-,flush=-,to=2/30000}{io=0/0,kio=0,kro=1}->SslConnection@47044a8b{NOT_HANDSHAKING,eio=-1/-1,di=-1,fill=IDLE,flush=IDLE}~>DecryptedEndPoint@43866430{l=/127.0.0.1:43437,r=/127.0.0.1:54562,OPEN,fill=-,flush=-,to=51/30000}=>HttpConnection@16958dba[p=HttpParser{s=START,0 of -1},g=HttpGenerator@37d311bf{s=START}]=>HttpChannelOverHttp@723ed7de{s=HttpChannelState@6ec760f8{s=IDLE rs=BLOCKING os=OPEN is=IDLE awp=false se=false i=true al=0},r=1,c=false/false,a=IDLE,uri=null,age=0}
03:19:49.656 [qtp399373008-61] DEBUG org.eclipse.jetty.io.ssl.SslConnection - fill NOT_HANDSHAKING
03:19:49.656 [qtp399373008-61] DEBUG org.eclipse.jetty.io.ChannelEndPoint - filled 0 HeapByteBuffer@19de0680[p=0,l=0,c=17408,r=0]={<<<>>>\x17\x03\x03\x00\xC9\x1c\x86\x98\xD4...\x00\x00\x00\x00\x00\x00\x00}
03:19:49.656 [qtp399373008-61] DEBUG org.eclipse.jetty.io.ssl.SslConnection - net filled=0
03:19:49.656 [qtp399373008-61] DEBUG org.eclipse.jetty.io.ssl.SslConnection - unwrap net_filled=0 Status = BUFFER_UNDERFLOW HandshakeStatus = NOT_HANDSHAKING bytesConsumed = 0 bytesProduced = 0 encryptedBuffer=[p=0,l=0,c=17408,r=0] unwrapBuffer=HeapByteBuffer@13266df0[p=0,l=0,c=17408,r=0]={<<<>>>GET /conf...\x00\x00\x00\x00\x00\x00\x00} appBuffer=HeapByteBuffer@13266df0[p=0,l=0,c=17408,r=0]={<<<>>>GET /conf...\x00\x00\x00\x00\x00\x00\x00}
03:19:49.656 [qtp399373008-61] DEBUG org.eclipse.jetty.io.ssl.SslConnection - <fill f=0 uf=true SslConnection@47044a8b::SocketChannelEndPoint@3dc4242d{l=/127.0.0.1:43437,r=/127.0.0.1:54562,OPEN,fill=-,flush=-,to=2/30000}{io=0/0,kio=0,kro=1}->SslConnection@47044a8b{NOT_HANDSHAKING,eio=-1/-1,di=-1,fill=IDLE,flush=IDLE}~>DecryptedEndPoint@43866430{l=/127.0.0.1:43437,r=/127.0.0.1:54562,OPEN,fill=-,flush=-,to=51/30000}=>HttpConnection@16958dba[p=HttpParser{s=START,0 of -1},g=HttpGenerator@37d311bf{s=START}]=>HttpChannelOverHttp@723ed7de{s=HttpChannelState@6ec760f8{s=IDLE rs=BLOCKING os=OPEN is=IDLE awp=false se=false i=true al=0},r=1,c=false/false,a=IDLE,uri=null,age=0}
03:19:49.656 [qtp399373008-61] DEBUG org.eclipse.jetty.io.ssl.SslConnection - >fill SslConnection@47044a8b::SocketChannelEndPoint@3dc4242d{l=/127.0.0.1:43437,r=/127.0.0.1:54562,OPEN,fill=-,flush=-,to=2/30000}{io=0/0,kio=0,kro=1}->SslConnection@47044a8b{NOT_HANDSHAKING,eio=-1/-1,di=-1,fill=IDLE,flush=IDLE}~>DecryptedEndPoint@43866430{l=/127.0.0.1:43437,r=/127.0.0.1:54562,OPEN,fill=-,flush=-,to=51/30000}=>HttpConnection@16958dba[p=HttpParser{s=START,0 of -1},g=HttpGenerator@37d311bf{s=START}]=>HttpChannelOverHttp@723ed7de{s=HttpChannelState@6ec760f8{s=IDLE rs=BLOCKING os=OPEN is=IDLE awp=false se=false i=true al=0},r=1,c=false/false,a=IDLE,uri=null,age=0}
03:19:49.656 [qtp399373008-61] DEBUG org.eclipse.jetty.io.ssl.SslConnection - fill NOT_HANDSHAKING
03:19:49.656 [qtp399373008-61] DEBUG org.eclipse.jetty.io.ChannelEndPoint - filled 0 HeapByteBuffer@1719ebcb[p=0,l=0,c=17408,r=0]={<<<>>>\x17\x03\x03\x03\xAd\x0b\x00\x03\x88...\x00\x00\x00\x00\x00\x00\x00}
03:19:49.656 [qtp399373008-61] DEBUG org.eclipse.jetty.io.ssl.SslConnection - net filled=0
03:19:49.656 [qtp399373008-61] DEBUG org.eclipse.jetty.io.ssl.SslConnection - unwrap net_filled=0 Status = BUFFER_UNDERFLOW HandshakeStatus = NOT_HANDSHAKING bytesConsumed = 0 bytesProduced = 0 encryptedBuffer=[p=0,l=0,c=17408,r=0] unwrapBuffer=HeapByteBuffer@13266df0[p=0,l=0,c=17408,r=0]={<<<>>>GET /conf...\x00\x00\x00\x00\x00\x00\x00} appBuffer=HeapByteBuffer@13266df0[p=0,l=0,c=17408,r=0]={<<<>>>GET /conf...\x00\x00\x00\x00\x00\x00\x00}
03:19:49.656 [qtp399373008-61] DEBUG org.eclipse.jetty.io.ssl.SslConnection - <fill f=0 uf=true SslConnection@47044a8b::SocketChannelEndPoint@3dc4242d{l=/127.0.0.1:43437,r=/127.0.0.1:54562,OPEN,fill=-,flush=-,to=2/30000}{io=0/0,kio=0,kro=1}->SslConnection@47044a8b{NOT_HANDSHAKING,eio=-1/-1,di=-1,fill=IDLE,flush=IDLE}~>DecryptedEndPoint@43866430{l=/127.0.0.1:43437,r=/127.0.0.1:54562,OPEN,fill=-,flush=-,to=51/30000}=>HttpConnection@16958dba[p=HttpParser{s=START,0 of -1},g=HttpGenerator@37d311bf{s=START}]=>HttpChannelOverHttp@723ed7de{s=HttpChannelState@6ec760f8{s=IDLE rs=BLOCKING os=OPEN is=IDLE awp=false se=false i=true al=0},r=1,c=false/false,a=IDLE,uri=null,age=0}
03:19:49.656 [qtp399373008-61] DEBUG org.eclipse.jetty.server.HttpConnection - HttpConnection@16958dba::DecryptedEndPoint@43866430{l=/127.0.0.1:43437,r=/127.0.0.1:54562,OPEN,fill=-,flush=-,to=51/30000} filled 0 HeapByteBuffer@13266df0[p=0,l=0,c=17408,r=0]={<<<>>>GET /conf...\x00\x00\x00\x00\x00\x00\x00}
03:19:49.656 [qtp399373008-61] DEBUG org.eclipse.jetty.server.HttpConnection - HttpConnection@16958dba::DecryptedEndPoint@43866430{l=/127.0.0.1:43437,r=/127.0.0.1:54562,OPEN,fill=-,flush=-,to=51/30000} parse HeapByteBuffer@13266df0[p=0,l=0,c=17408,r=0]={<<<>>>GET /conf...\x00\x00\x00\x00\x00\x00\x00} {}
03:19:49.656 [qtp399373008-61] DEBUG org.eclipse.jetty.http.HttpParser - parseNext s=START HeapByteBuffer@13266df0[p=0,l=0,c=17408,r=0]={<<<>>>GET /conf...\x00\x00\x00\x00\x00\x00\x00}
03:19:49.656 [qtp399373008-61] DEBUG org.eclipse.jetty.server.HttpConnection - HttpConnection@16958dba::DecryptedEndPoint@43866430{l=/127.0.0.1:43437,r=/127.0.0.1:54562,OPEN,fill=-,flush=-,to=51/30000} parsed false HttpParser{s=START,0 of -1}
03:19:49.656 [qtp399373008-61] DEBUG org.eclipse.jetty.server.HttpConnection - releaseRequestBuffer HttpConnection@16958dba::DecryptedEndPoint@43866430{l=/127.0.0.1:43437,r=/127.0.0.1:54562,OPEN,fill=-,flush=-,to=51/30000}
03:19:49.656 [qtp399373008-61] DEBUG org.eclipse.jetty.io.AbstractConnection - fillInterested HttpConnection@16958dba::DecryptedEndPoint@43866430{l=/127.0.0.1:43437,r=/127.0.0.1:54562,OPEN,fill=-,flush=-,to=51/30000}
03:19:49.656 [qtp399373008-61] DEBUG org.eclipse.jetty.io.FillInterest - interested FillInterest@d91a2a2{AC.ReadCB@16958dba{HttpConnection@16958dba::DecryptedEndPoint@43866430{l=/127.0.0.1:43437,r=/127.0.0.1:54562,OPEN,fill=FI,flush=-,to=0/30000}}}
03:19:49.656 [qtp399373008-61] DEBUG org.eclipse.jetty.io.ssl.SslConnection - >needFillInterest s=IDLE/IDLE uf=true ei=null di=null SslConnection@47044a8b::SocketChannelEndPoint@3dc4242d{l=/127.0.0.1:43437,r=/127.0.0.1:54562,OPEN,fill=-,flush=-,to=3/30000}{io=0/0,kio=0,kro=1}->SslConnection@47044a8b{NOT_HANDSHAKING,eio=-1/-1,di=-1,fill=IDLE,flush=IDLE}~>DecryptedEndPoint@43866430{l=/127.0.0.1:43437,r=/127.0.0.1:54562,OPEN,fill=FI,flush=-,to=0/30000}=>HttpConnection@16958dba[p=HttpParser{s=START,0 of -1},g=HttpGenerator@37d311bf{s=START}]=>HttpChannelOverHttp@723ed7de{s=HttpChannelState@6ec760f8{s=IDLE rs=BLOCKING os=OPEN is=IDLE awp=false se=false i=true al=0},r=1,c=false/false,a=IDLE,uri=null,age=0}
03:19:49.656 [qtp399373008-61] DEBUG org.eclipse.jetty.io.ssl.SslConnection - <needFillInterest s=IDLE/INTERESTED f=false i=true w=null
03:19:49.656 [main] DEBUG org.apache.nifi.minifi.bootstrap.configuration.ingestors.PullHttpChangeIngestor - Response received: Response{protocol=http/1.1, code=200, message=OK, url=https://localhost:43437/config.yml}
03:19:49.657 [qtp399373008-61] DEBUG org.eclipse.jetty.io.ssl.SslConnection - ensureFillInterested SslConnection@47044a8b::SocketChannelEndPoint@3dc4242d{l=/127.0.0.1:43437,r=/127.0.0.1:54562,OPEN,fill=-,flush=-,to=3/30000}{io=0/0,kio=0,kro=1}->SslConnection@47044a8b{NOT_HANDSHAKING,eio=-1/-1,di=-1,fill=INTERESTED,flush=IDLE}~>DecryptedEndPoint@43866430{l=/127.0.0.1:43437,r=/127.0.0.1:54562,OPEN,fill=FI,flush=-,to=0/30000}=>HttpConnection@16958dba[p=HttpParser{s=START,0 of -1},g=HttpGenerator@37d311bf{s=START}]=>HttpChannelOverHttp@723ed7de{s=HttpChannelState@6ec760f8{s=IDLE rs=BLOCKING os=OPEN is=IDLE awp=false se=false i=true al=0},r=1,c=false/false,a=IDLE,uri=null,age=0}
03:19:49.657 [main] DEBUG org.apache.nifi.minifi.bootstrap.configuration.ingestors.PullHttpChangeIngestor - New change received, notifying listener
03:19:49.657 [qtp399373008-61] DEBUG org.eclipse.jetty.io.FillInterest - interested FillInterest@165f5621{SSLC.NBReadCB@47044a8b{SslConnection@47044a8b::SocketChannelEndPoint@3dc4242d{l=/127.0.0.1:43437,r=/127.0.0.1:54562,OPEN,fill=FI,flush=-,to=0/30000}{io=0/0,kio=0,kro=1}->SslConnection@47044a8b{NOT_HANDSHAKING,eio=-1/-1,di=-1,fill=INTERESTED,flush=IDLE}~>DecryptedEndPoint@43866430{l=/127.0.0.1:43437,r=/127.0.0.1:54562,OPEN,fill=FI,flush=-,to=0/30000}=>HttpConnection@16958dba[p=HttpParser{s=START,0 of -1},g=HttpGenerator@37d311bf{s=START}]=>HttpChannelOverHttp@723ed7de{s=HttpChannelState@6ec760f8{s=IDLE rs=BLOCKING os=OPEN is=IDLE awp=false se=false i=true al=0},r=1,c=false/false,a=IDLE,uri=null,age=0}}}
03:19:49.657 [main] DEBUG org.apache.nifi.minifi.bootstrap.configuration.ingestors.PullHttpChangeIngestor - Listeners notified
03:19:49.657 [qtp399373008-61] DEBUG org.eclipse.jetty.io.ChannelEndPoint - changeInterests p=false 0->1 for SocketChannelEndPoint@3dc4242d{l=/127.0.0.1:43437,r=/127.0.0.1:54562,OPEN,fill=FI,flush=-,to=0/30000}{io=0/1,kio=0,kro=1}->SslConnection@47044a8b{NOT_HANDSHAKING,eio=-1/-1,di=-1,fill=INTERESTED,flush=IDLE}~>DecryptedEndPoint@43866430{l=/127.0.0.1:43437,r=/127.0.0.1:54562,OPEN,fill=FI,flush=-,to=0/30000}=>HttpConnection@16958dba[p=HttpParser{s=START,0 of -1},g=HttpGenerator@37d311bf{s=START}]=>HttpChannelOverHttp@723ed7de{s=HttpChannelState@6ec760f8{s=IDLE rs=BLOCKING os=OPEN is=IDLE awp=false se=false i=true al=0},r=1,c=false/false,a=IDLE,uri=null,age=0}
03:19:49.657 [qtp399373008-61] DEBUG org.eclipse.jetty.io.ManagedSelector - Queued change lazy=false org.eclipse.jetty.io.ChannelEndPoint$$Lambda$255/90666987@73ea0673 on ManagedSelector@5733f295{STARTED} id=1 keys=1 selected=0 updates=0
03:19:49.657 [qtp399373008-61] DEBUG org.eclipse.jetty.io.ManagedSelector - Wakeup on submit ManagedSelector@5733f295{STARTED} id=1 keys=1 selected=0 updates=1
03:19:49.657 [qtp399373008-61] DEBUG org.eclipse.jetty.server.HttpConnection - HttpConnection@16958dba::DecryptedEndPoint@43866430{l=/127.0.0.1:43437,r=/127.0.0.1:54562,OPEN,fill=FI,flush=-,to=0/30000} onFillable exit HttpChannelState@6ec760f8{s=IDLE rs=BLOCKING os=OPEN is=IDLE awp=false se=false i=true al=0} null
03:19:49.657 [qtp399373008-60] DEBUG org.eclipse.jetty.io.ManagedSelector - Selector sun.nio.ch.EPollSelectorImpl@342f02f2 woken with none selected
03:19:49.657 [qtp399373008-60] DEBUG org.eclipse.jetty.io.ManagedSelector - Selector sun.nio.ch.EPollSelectorImpl@342f02f2 woken up from select, 0/0/1 selected
03:19:49.657 [qtp399373008-60] DEBUG org.eclipse.jetty.io.ManagedSelector - Selector sun.nio.ch.EPollSelectorImpl@342f02f2 processing 0 keys, 1 updates
03:19:49.657 [qtp399373008-60] DEBUG org.eclipse.jetty.io.ManagedSelector - updateable 1
03:19:49.657 [qtp399373008-60] DEBUG org.eclipse.jetty.io.ManagedSelector - update org.eclipse.jetty.io.ChannelEndPoint$$Lambda$255/90666987@73ea0673
]]></system-out>
  </testcase>
  <testcase name="testUseEtag" classname="org.apache.nifi.minifi.bootstrap.configuration.ingestors.PullHttpChangeIngestorSSLTest" time="0.069">
    <system-out><![CDATA[03:19:49.657 [qtp399373008-61] DEBUG org.eclipse.jetty.io.ssl.SslConnection - <c.onFillable SslConnection@47044a8b::SocketChannelEndPoint@3dc4242d{l=/127.0.0.1:43437,r=/127.0.0.1:54562,OPEN,fill=FI,flush=-,to=0/30000}{io=0/1,kio=0,kro=1}->SslConnection@47044a8b{NOT_HANDSHAKING,eio=-1/-1,di=-1,fill=INTERESTED,flush=IDLE}~>DecryptedEndPoint@43866430{l=/127.0.0.1:43437,r=/127.0.0.1:54562,OPEN,fill=FI,flush=-,to=0/30000}=>HttpConnection@16958dba[p=HttpParser{s=START,0 of -1},g=HttpGenerator@37d311bf{s=START}]=>HttpChannelOverHttp@723ed7de{s=HttpChannelState@6ec760f8{s=IDLE rs=BLOCKING os=OPEN is=IDLE awp=false se=false i=true al=0},r=1,c=false/false,a=IDLE,uri=null,age=0}
03:19:49.657 [qtp399373008-60] DEBUG org.eclipse.jetty.io.ChannelEndPoint - Key interests updated 0 -> 1 on SocketChannelEndPoint@3dc4242d{l=/127.0.0.1:43437,r=/127.0.0.1:54562,OPEN,fill=FI,flush=-,to=0/30000}{io=1/1,kio=1,kro=1}->SslConnection@47044a8b{NOT_HANDSHAKING,eio=-1/-1,di=-1,fill=INTERESTED,flush=IDLE}~>DecryptedEndPoint@43866430{l=/127.0.0.1:43437,r=/127.0.0.1:54562,OPEN,fill=FI,flush=-,to=0/30000}=>HttpConnection@16958dba[p=HttpParser{s=START,0 of -1},g=HttpGenerator@37d311bf{s=START}]=>HttpChannelOverHttp@723ed7de{s=HttpChannelState@6ec760f8{s=IDLE rs=BLOCKING os=OPEN is=IDLE awp=false se=false i=true al=0},r=1,c=false/false,a=IDLE,uri=null,age=0}
03:19:49.657 [qtp399373008-61] DEBUG org.eclipse.jetty.util.thread.ReservedThreadExecutor - ReservedThread@3ed76982{RUNNING,thread=Thread[qtp399373008-61,5,main]} was=RUNNING next=RESERVED size=0+2 capacity=8
03:19:49.657 [qtp399373008-60] DEBUG org.eclipse.jetty.io.ManagedSelector - updates 0
03:19:49.657 [qtp399373008-60] DEBUG org.eclipse.jetty.io.ManagedSelector - Selector sun.nio.ch.EPollSelectorImpl@342f02f2 waiting with 1 keys
03:19:49.657 [qtp399373008-61] DEBUG org.eclipse.jetty.util.thread.ReservedThreadExecutor - ReservedThread@3ed76982{RESERVED,thread=Thread[qtp399373008-61,5,main]} waiting ReservedThreadExecutor@424fd310{reserved=2/8,pending=0}
03:19:49.659 [main] DEBUG org.apache.nifi.minifi.bootstrap.configuration.ingestors.PullHttpChangeIngestor - Attempting to pull new config
03:19:49.659 [qtp399373008-59-acceptor-0@53dacd14-ServerConnector@2374d36a{SSL, (ssl, http/1.1)}{localhost:43437}] DEBUG org.eclipse.jetty.io.ManagedSelector - Queued change lazy=false Accept@4aa4f489[java.nio.channels.SocketChannel[connected local=/127.0.0.1:43437 remote=/127.0.0.1:54570]] on ManagedSelector@47a86fbb{STARTED} id=2 keys=0 selected=0 updates=0
03:19:49.659 [qtp399373008-59-acceptor-0@53dacd14-ServerConnector@2374d36a{SSL, (ssl, http/1.1)}{localhost:43437}] DEBUG org.eclipse.jetty.io.ManagedSelector - Wakeup on submit ManagedSelector@47a86fbb{STARTED} id=2 keys=0 selected=0 updates=1
03:19:49.659 [qtp399373008-57] DEBUG org.eclipse.jetty.io.ManagedSelector - Selector sun.nio.ch.EPollSelectorImpl@25f05ce6 woken with none selected
03:19:49.659 [qtp399373008-57] DEBUG org.eclipse.jetty.io.ManagedSelector - Selector sun.nio.ch.EPollSelectorImpl@25f05ce6 woken up from select, 0/0/0 selected
03:19:49.659 [qtp399373008-57] DEBUG org.eclipse.jetty.io.ManagedSelector - Selector sun.nio.ch.EPollSelectorImpl@25f05ce6 processing 0 keys, 1 updates
03:19:49.660 [qtp399373008-57] DEBUG org.eclipse.jetty.io.ManagedSelector - updateable 1
03:19:49.660 [qtp399373008-57] DEBUG org.eclipse.jetty.io.ManagedSelector - update Accept@4aa4f489[java.nio.channels.SocketChannel[connected local=/127.0.0.1:43437 remote=/127.0.0.1:54570]]
03:19:49.660 [qtp399373008-57] DEBUG org.eclipse.jetty.util.thread.QueuedThreadPool - queue Accept@4aa4f489[java.nio.channels.SocketChannel[connected local=/127.0.0.1:43437 remote=/127.0.0.1:54570]] startThread=0
03:19:49.660 [qtp399373008-57] DEBUG org.eclipse.jetty.io.ManagedSelector - updates 0
03:19:49.660 [qtp399373008-57] DEBUG org.eclipse.jetty.io.ManagedSelector - Selector sun.nio.ch.EPollSelectorImpl@25f05ce6 waiting with 1 keys
03:19:49.660 [qtp399373008-56] DEBUG org.eclipse.jetty.util.thread.QueuedThreadPool - run Accept@4aa4f489[java.nio.channels.SocketChannel[connected local=/127.0.0.1:43437 remote=/127.0.0.1:54570]] in QueuedThreadPool[qtp399373008]@17cdf2d0{STARTED,8<=8<=200,i=0,r=-1,q=0}[ReservedThreadExecutor@424fd310{reserved=2/8,pending=0}]
03:19:49.660 [qtp399373008-56] DEBUG org.eclipse.jetty.io.IdleTimeout - SocketChannelEndPoint@37a14526{l=/127.0.0.1:43437,r=/127.0.0.1:54570,OPEN,fill=-,flush=-,to=0/30000}{io=0/0,kio=0,kro=0}-><null> idle timeout check, elapsed: 0 ms, remaining: 30000 ms
03:19:49.660 [qtp399373008-56] DEBUG org.eclipse.jetty.util.ssl.SslContextFactory - Customize sun.security.ssl.SSLEngineImpl@4a64a917
03:19:49.660 [qtp399373008-56] DEBUG org.eclipse.jetty.server.HttpChannel - new HttpChannelOverHttp@4ffa42a0{s=HttpChannelState@1bfa0f73{s=IDLE rs=BLOCKING os=OPEN is=IDLE awp=false se=false i=true al=0},r=0,c=false/false,a=IDLE,uri=null,age=0} -> DecryptedEndPoint@26cff15f{l=/127.0.0.1:43437,r=/127.0.0.1:54570,OPEN,fill=-,flush=-,to=0/30000},null,HttpChannelState@1bfa0f73{s=IDLE rs=BLOCKING os=OPEN is=IDLE awp=false se=false i=true al=0}
03:19:49.660 [qtp399373008-56] DEBUG org.eclipse.jetty.server.HttpConnection - New HTTP Connection HttpConnection@498cd880::DecryptedEndPoint@26cff15f{l=/127.0.0.1:43437,r=/127.0.0.1:54570,OPEN,fill=-,flush=-,to=0/30000}
03:19:49.660 [qtp399373008-56] DEBUG org.eclipse.jetty.io.ManagedSelector - Queued change lazy=true org.eclipse.jetty.io.ManagedSelector$$Lambda$258/445561681@54fe6c53 on ManagedSelector@47a86fbb{STARTED} id=2 keys=1 selected=0 updates=0
03:19:49.660 [qtp399373008-56] DEBUG org.eclipse.jetty.io.AbstractEndPoint - onOpen SocketChannelEndPoint@37a14526{l=/127.0.0.1:43437,r=/127.0.0.1:54570,OPEN,fill=-,flush=-,to=0/30000}{io=0/0,kio=0,kro=0}->SslConnection@1fb47028{NOT_HANDSHAKING,eio=-1/-1,di=-1,fill=IDLE,flush=IDLE}~>DecryptedEndPoint@26cff15f{l=/127.0.0.1:43437,r=/127.0.0.1:54570,OPEN,fill=-,flush=-,to=0/30000}=>HttpConnection@498cd880[p=HttpParser{s=START,0 of -1},g=HttpGenerator@46282f88{s=START}]=>HttpChannelOverHttp@4ffa42a0{s=HttpChannelState@1bfa0f73{s=IDLE rs=BLOCKING os=OPEN is=IDLE awp=false se=false i=true al=0},r=0,c=false/false,a=IDLE,uri=null,age=0}
03:19:49.661 [qtp399373008-56] DEBUG org.eclipse.jetty.io.AbstractConnection - onOpen SslConnection@1fb47028::SocketChannelEndPoint@37a14526{l=/127.0.0.1:43437,r=/127.0.0.1:54570,OPEN,fill=-,flush=-,to=0/30000}{io=0/0,kio=0,kro=0}->SslConnection@1fb47028{NOT_HANDSHAKING,eio=-1/-1,di=-1,fill=IDLE,flush=IDLE}~>DecryptedEndPoint@26cff15f{l=/127.0.0.1:43437,r=/127.0.0.1:54570,OPEN,fill=-,flush=-,to=0/30000}=>HttpConnection@498cd880[p=HttpParser{s=START,0 of -1},g=HttpGenerator@46282f88{s=START}]=>HttpChannelOverHttp@4ffa42a0{s=HttpChannelState@1bfa0f73{s=IDLE rs=BLOCKING os=OPEN is=IDLE awp=false se=false i=true al=0},r=0,c=false/false,a=IDLE,uri=null,age=0}
03:19:49.661 [qtp399373008-56] DEBUG org.eclipse.jetty.io.AbstractConnection - onOpen HttpConnection@498cd880::DecryptedEndPoint@26cff15f{l=/127.0.0.1:43437,r=/127.0.0.1:54570,OPEN,fill=-,flush=-,to=0/30000}
03:19:49.661 [qtp399373008-56] DEBUG org.eclipse.jetty.io.AbstractConnection - fillInterested HttpConnection@498cd880::DecryptedEndPoint@26cff15f{l=/127.0.0.1:43437,r=/127.0.0.1:54570,OPEN,fill=-,flush=-,to=0/30000}
03:19:49.661 [qtp399373008-56] DEBUG org.eclipse.jetty.io.FillInterest - interested FillInterest@69cfb715{AC.ReadCB@498cd880{HttpConnection@498cd880::DecryptedEndPoint@26cff15f{l=/127.0.0.1:43437,r=/127.0.0.1:54570,OPEN,fill=FI,flush=-,to=0/30000}}}
03:19:49.661 [qtp399373008-56] DEBUG org.eclipse.jetty.io.ssl.SslConnection - >needFillInterest s=IDLE/IDLE uf=false ei=null di=null SslConnection@1fb47028::SocketChannelEndPoint@37a14526{l=/127.0.0.1:43437,r=/127.0.0.1:54570,OPEN,fill=-,flush=-,to=0/30000}{io=0/0,kio=0,kro=0}->SslConnection@1fb47028{NOT_HANDSHAKING,eio=-1/-1,di=-1,fill=IDLE,flush=IDLE}~>DecryptedEndPoint@26cff15f{l=/127.0.0.1:43437,r=/127.0.0.1:54570,OPEN,fill=FI,flush=-,to=0/30000}=>HttpConnection@498cd880[p=HttpParser{s=START,0 of -1},g=HttpGenerator@46282f88{s=START}]=>HttpChannelOverHttp@4ffa42a0{s=HttpChannelState@1bfa0f73{s=IDLE rs=BLOCKING os=OPEN is=IDLE awp=false se=false i=true al=0},r=0,c=false/false,a=IDLE,uri=null,age=0}
03:19:49.661 [qtp399373008-56] DEBUG org.eclipse.jetty.io.ssl.SslConnection - <needFillInterest s=IDLE/INTERESTED f=false i=true w=null
03:19:49.661 [qtp399373008-56] DEBUG org.eclipse.jetty.io.ssl.SslConnection - ensureFillInterested SslConnection@1fb47028::SocketChannelEndPoint@37a14526{l=/127.0.0.1:43437,r=/127.0.0.1:54570,OPEN,fill=-,flush=-,to=0/30000}{io=0/0,kio=0,kro=0}->SslConnection@1fb47028{NOT_HANDSHAKING,eio=-1/-1,di=-1,fill=INTERESTED,flush=IDLE}~>DecryptedEndPoint@26cff15f{l=/127.0.0.1:43437,r=/127.0.0.1:54570,OPEN,fill=FI,flush=-,to=0/30000}=>HttpConnection@498cd880[p=HttpParser{s=START,0 of -1},g=HttpGenerator@46282f88{s=START}]=>HttpChannelOverHttp@4ffa42a0{s=HttpChannelState@1bfa0f73{s=IDLE rs=BLOCKING os=OPEN is=IDLE awp=false se=false i=true al=0},r=0,c=false/false,a=IDLE,uri=null,age=0}
03:19:49.661 [qtp399373008-56] DEBUG org.eclipse.jetty.io.FillInterest - interested FillInterest@4ef4c28b{SSLC.NBReadCB@1fb47028{SslConnection@1fb47028::SocketChannelEndPoint@37a14526{l=/127.0.0.1:43437,r=/127.0.0.1:54570,OPEN,fill=FI,flush=-,to=0/30000}{io=0/0,kio=0,kro=0}->SslConnection@1fb47028{NOT_HANDSHAKING,eio=-1/-1,di=-1,fill=INTERESTED,flush=IDLE}~>DecryptedEndPoint@26cff15f{l=/127.0.0.1:43437,r=/127.0.0.1:54570,OPEN,fill=FI,flush=-,to=0/30000}=>HttpConnection@498cd880[p=HttpParser{s=START,0 of -1},g=HttpGenerator@46282f88{s=START}]=>HttpChannelOverHttp@4ffa42a0{s=HttpChannelState@1bfa0f73{s=IDLE rs=BLOCKING os=OPEN is=IDLE awp=false se=false i=true al=0},r=0,c=false/false,a=IDLE,uri=null,age=0}}}
03:19:49.661 [qtp399373008-56] DEBUG org.eclipse.jetty.io.ChannelEndPoint - changeInterests p=false 0->1 for SocketChannelEndPoint@37a14526{l=/127.0.0.1:43437,r=/127.0.0.1:54570,OPEN,fill=FI,flush=-,to=0/30000}{io=0/1,kio=0,kro=0}->SslConnection@1fb47028{NOT_HANDSHAKING,eio=-1/-1,di=-1,fill=INTERESTED,flush=IDLE}~>DecryptedEndPoint@26cff15f{l=/127.0.0.1:43437,r=/127.0.0.1:54570,OPEN,fill=FI,flush=-,to=0/30000}=>HttpConnection@498cd880[p=HttpParser{s=START,0 of -1},g=HttpGenerator@46282f88{s=START}]=>HttpChannelOverHttp@4ffa42a0{s=HttpChannelState@1bfa0f73{s=IDLE rs=BLOCKING os=OPEN is=IDLE awp=false se=false i=true al=0},r=0,c=false/false,a=IDLE,uri=null,age=0}
03:19:49.661 [qtp399373008-56] DEBUG org.eclipse.jetty.io.ManagedSelector - Queued change lazy=false org.eclipse.jetty.io.ChannelEndPoint$$Lambda$255/90666987@72fdce4d on ManagedSelector@47a86fbb{STARTED} id=2 keys=1 selected=0 updates=1
03:19:49.661 [qtp399373008-56] DEBUG org.eclipse.jetty.io.ManagedSelector - Wakeup on submit ManagedSelector@47a86fbb{STARTED} id=2 keys=1 selected=0 updates=2
03:19:49.661 [qtp399373008-57] DEBUG org.eclipse.jetty.io.ManagedSelector - Selector sun.nio.ch.EPollSelectorImpl@25f05ce6 woken with none selected
03:19:49.661 [qtp399373008-56] DEBUG org.eclipse.jetty.io.ManagedSelector - Created SocketChannelEndPoint@37a14526{l=/127.0.0.1:43437,r=/127.0.0.1:54570,OPEN,fill=FI,flush=-,to=0/30000}{io=0/1,kio=0,kro=0}->SslConnection@1fb47028{NOT_HANDSHAKING,eio=-1/-1,di=-1,fill=INTERESTED,flush=IDLE}~>DecryptedEndPoint@26cff15f{l=/127.0.0.1:43437,r=/127.0.0.1:54570,OPEN,fill=FI,flush=-,to=0/30000}=>HttpConnection@498cd880[p=HttpParser{s=START,0 of -1},g=HttpGenerator@46282f88{s=START}]=>HttpChannelOverHttp@4ffa42a0{s=HttpChannelState@1bfa0f73{s=IDLE rs=BLOCKING os=OPEN is=IDLE awp=false se=false i=true al=0},r=0,c=false/false,a=IDLE,uri=null,age=0}
03:19:49.661 [qtp399373008-57] DEBUG org.eclipse.jetty.io.ManagedSelector - Selector sun.nio.ch.EPollSelectorImpl@25f05ce6 woken up from select, 0/0/1 selected
03:19:49.661 [qtp399373008-57] DEBUG org.eclipse.jetty.io.ManagedSelector - Selector sun.nio.ch.EPollSelectorImpl@25f05ce6 processing 0 keys, 2 updates
03:19:49.661 [qtp399373008-57] DEBUG org.eclipse.jetty.io.ManagedSelector - updateable 2
03:19:49.661 [qtp399373008-56] DEBUG org.eclipse.jetty.util.thread.QueuedThreadPool - ran Accept@4aa4f489[java.nio.channels.SocketChannel[connected local=/127.0.0.1:43437 remote=/127.0.0.1:54570]] in QueuedThreadPool[qtp399373008]@17cdf2d0{STARTED,8<=8<=200,i=0,r=-1,q=0}[ReservedThreadExecutor@424fd310{reserved=2/8,pending=0}]
03:19:49.661 [qtp399373008-57] DEBUG org.eclipse.jetty.io.ManagedSelector - update org.eclipse.jetty.io.ManagedSelector$$Lambda$258/445561681@54fe6c53
03:19:49.661 [qtp399373008-57] DEBUG org.eclipse.jetty.io.ManagedSelector - update org.eclipse.jetty.io.ChannelEndPoint$$Lambda$255/90666987@72fdce4d
03:19:49.661 [qtp399373008-57] DEBUG org.eclipse.jetty.io.ChannelEndPoint - Key interests updated 0 -> 1 on SocketChannelEndPoint@37a14526{l=/127.0.0.1:43437,r=/127.0.0.1:54570,OPEN,fill=FI,flush=-,to=0/30000}{io=1/1,kio=1,kro=0}->SslConnection@1fb47028{NOT_HANDSHAKING,eio=-1/-1,di=-1,fill=INTERESTED,flush=IDLE}~>DecryptedEndPoint@26cff15f{l=/127.0.0.1:43437,r=/127.0.0.1:54570,OPEN,fill=FI,flush=-,to=0/30000}=>HttpConnection@498cd880[p=HttpParser{s=START,0 of -1},g=HttpGenerator@46282f88{s=START}]=>HttpChannelOverHttp@4ffa42a0{s=HttpChannelState@1bfa0f73{s=IDLE rs=BLOCKING os=OPEN is=IDLE awp=false se=false i=true al=0},r=0,c=false/false,a=IDLE,uri=null,age=0}
03:19:49.661 [qtp399373008-57] DEBUG org.eclipse.jetty.io.ManagedSelector - updates 0
03:19:49.661 [qtp399373008-57] DEBUG org.eclipse.jetty.io.ManagedSelector - Selector sun.nio.ch.EPollSelectorImpl@25f05ce6 waiting with 1 keys
03:19:49.661 [qtp399373008-57] DEBUG org.eclipse.jetty.io.ManagedSelector - Selector sun.nio.ch.EPollSelectorImpl@25f05ce6 woken up from select, 1/1/1 selected
03:19:49.661 [qtp399373008-57] DEBUG org.eclipse.jetty.io.ManagedSelector - Selector sun.nio.ch.EPollSelectorImpl@25f05ce6 processing 1 keys, 0 updates
03:19:49.661 [qtp399373008-57] DEBUG org.eclipse.jetty.io.ManagedSelector - selected 1 sun.nio.ch.SelectionKeyImpl@2b37a628 SocketChannelEndPoint@37a14526{l=/127.0.0.1:43437,r=/127.0.0.1:54570,OPEN,fill=FI,flush=-,to=0/30000}{io=1/1,kio=1,kro=1}->SslConnection@1fb47028{NOT_HANDSHAKING,eio=-1/-1,di=-1,fill=INTERESTED,flush=IDLE}~>DecryptedEndPoint@26cff15f{l=/127.0.0.1:43437,r=/127.0.0.1:54570,OPEN,fill=FI,flush=-,to=0/30000}=>HttpConnection@498cd880[p=HttpParser{s=START,0 of -1},g=HttpGenerator@46282f88{s=START}]=>HttpChannelOverHttp@4ffa42a0{s=HttpChannelState@1bfa0f73{s=IDLE rs=BLOCKING os=OPEN is=IDLE awp=false se=false i=true al=0},r=0,c=false/false,a=IDLE,uri=null,age=0} 
03:19:49.661 [qtp399373008-57] DEBUG org.eclipse.jetty.io.ChannelEndPoint - onSelected 1->0 r=true w=false for SocketChannelEndPoint@37a14526{l=/127.0.0.1:43437,r=/127.0.0.1:54570,OPEN,fill=FI,flush=-,to=0/30000}{io=1/0,kio=1,kro=1}->SslConnection@1fb47028{NOT_HANDSHAKING,eio=-1/-1,di=-1,fill=INTERESTED,flush=IDLE}~>DecryptedEndPoint@26cff15f{l=/127.0.0.1:43437,r=/127.0.0.1:54570,OPEN,fill=FI,flush=-,to=0/30000}=>HttpConnection@498cd880[p=HttpParser{s=START,0 of -1},g=HttpGenerator@46282f88{s=START}]=>HttpChannelOverHttp@4ffa42a0{s=HttpChannelState@1bfa0f73{s=IDLE rs=BLOCKING os=OPEN is=IDLE awp=false se=false i=true al=0},r=0,c=false/false,a=IDLE,uri=null,age=0}
03:19:49.662 [qtp399373008-57] DEBUG org.eclipse.jetty.io.ChannelEndPoint - task CEP:SocketChannelEndPoint@37a14526{l=/127.0.0.1:43437,r=/127.0.0.1:54570,OPEN,fill=FI,flush=-,to=0/30000}{io=1/0,kio=1,kro=1}->SslConnection@1fb47028{NOT_HANDSHAKING,eio=-1/-1,di=-1,fill=INTERESTED,flush=IDLE}~>DecryptedEndPoint@26cff15f{l=/127.0.0.1:43437,r=/127.0.0.1:54570,OPEN,fill=FI,flush=-,to=0/30000}=>HttpConnection@498cd880[p=HttpParser{s=START,0 of -1},g=HttpGenerator@46282f88{s=START}]=>HttpChannelOverHttp@4ffa42a0{s=HttpChannelState@1bfa0f73{s=IDLE rs=BLOCKING os=OPEN is=IDLE awp=false se=false i=true al=0},r=0,c=false/false,a=IDLE,uri=null,age=0}:runFillable:BLOCKING
03:19:49.662 [qtp399373008-57] DEBUG org.eclipse.jetty.util.thread.ReservedThreadExecutor - ReservedThreadExecutor@424fd310{reserved=2/8,pending=0} tryExecute EatWhatYouKill@1c3146bc/SelectorProducer@56c698e3/PRODUCING/p=false/QueuedThreadPool[qtp399373008]@17cdf2d0{STARTED,8<=8<=200,i=1,r=-1,q=0}[ReservedThreadExecutor@424fd310{reserved=2/8,pending=0}][pc=0,pic=0,pec=0,epc=0]@2024-05-02T03:19:49.662+01:00
03:19:49.662 [qtp399373008-57] DEBUG org.eclipse.jetty.util.thread.strategy.EatWhatYouKill - EatWhatYouKill@1c3146bc/SelectorProducer@56c698e3/IDLE/p=true/QueuedThreadPool[qtp399373008]@17cdf2d0{STARTED,8<=8<=200,i=1,r=-1,q=0}[ReservedThreadExecutor@424fd310{reserved=1/8,pending=0}][pc=0,pic=0,pec=0,epc=0]@2024-05-02T03:19:49.662+01:00 m=EXECUTE_PRODUCE_CONSUME t=CEP:SocketChannelEndPoint@37a14526{l=/127.0.0.1:43437,r=/127.0.0.1:54570,OPEN,fill=FI,flush=-,to=1/30000}{io=1/0,kio=1,kro=1}->SslConnection@1fb47028{NOT_HANDSHAKING,eio=-1/-1,di=-1,fill=INTERESTED,flush=IDLE}~>DecryptedEndPoint@26cff15f{l=/127.0.0.1:43437,r=/127.0.0.1:54570,OPEN,fill=FI,flush=-,to=1/30000}=>HttpConnection@498cd880[p=HttpParser{s=START,0 of -1},g=HttpGenerator@46282f88{s=START}]=>HttpChannelOverHttp@4ffa42a0{s=HttpChannelState@1bfa0f73{s=IDLE rs=BLOCKING os=OPEN is=IDLE awp=false se=false i=true al=0},r=0,c=false/false,a=IDLE,uri=null,age=0}:runFillable:BLOCKING/BLOCKING
03:19:49.662 [qtp399373008-61] DEBUG org.eclipse.jetty.util.thread.ReservedThreadExecutor - ReservedThread@3ed76982{RESERVED,thread=Thread[qtp399373008-61,5,main]} task=EatWhatYouKill@1c3146bc/SelectorProducer@56c698e3/IDLE/p=true/QueuedThreadPool[qtp399373008]@17cdf2d0{STARTED,8<=8<=200,i=1,r=-1,q=0}[ReservedThreadExecutor@424fd310{reserved=1/8,pending=0}][pc=0,pic=0,pec=0,epc=0]@2024-05-02T03:19:49.662+01:00 ReservedThreadExecutor@424fd310{reserved=1/8,pending=0}
03:19:49.662 [qtp399373008-61] DEBUG org.eclipse.jetty.util.thread.strategy.EatWhatYouKill - EatWhatYouKill@1c3146bc/SelectorProducer@56c698e3/IDLE/p=true/QueuedThreadPool[qtp399373008]@17cdf2d0{STARTED,8<=8<=200,i=1,r=-1,q=0}[ReservedThreadExecutor@424fd310{reserved=1/8,pending=0}][pc=0,pic=0,pec=0,epc=1]@2024-05-02T03:19:49.662+01:00 tryProduce true
03:19:49.662 [qtp399373008-57] DEBUG org.eclipse.jetty.io.FillInterest - fillable FillInterest@4ef4c28b{SSLC.NBReadCB@1fb47028{SslConnection@1fb47028::SocketChannelEndPoint@37a14526{l=/127.0.0.1:43437,r=/127.0.0.1:54570,OPEN,fill=FI,flush=-,to=1/30000}{io=1/0,kio=1,kro=1}->SslConnection@1fb47028{NOT_HANDSHAKING,eio=-1/-1,di=-1,fill=INTERESTED,flush=IDLE}~>DecryptedEndPoint@26cff15f{l=/127.0.0.1:43437,r=/127.0.0.1:54570,OPEN,fill=FI,flush=-,to=1/30000}=>HttpConnection@498cd880[p=HttpParser{s=START,0 of -1},g=HttpGenerator@46282f88{s=START}]=>HttpChannelOverHttp@4ffa42a0{s=HttpChannelState@1bfa0f73{s=IDLE rs=BLOCKING os=OPEN is=IDLE awp=false se=false i=true al=0},r=0,c=false/false,a=IDLE,uri=null,age=0}}}
03:19:49.662 [qtp399373008-61] DEBUG org.eclipse.jetty.io.ManagedSelector - updateable 0
03:19:49.662 [qtp399373008-61] DEBUG org.eclipse.jetty.io.ManagedSelector - updates 0
03:19:49.662 [qtp399373008-57] DEBUG org.eclipse.jetty.io.ssl.SslConnection - >c.onFillable SslConnection@1fb47028::SocketChannelEndPoint@37a14526{l=/127.0.0.1:43437,r=/127.0.0.1:54570,OPEN,fill=-,flush=-,to=1/30000}{io=1/0,kio=1,kro=1}->SslConnection@1fb47028{NOT_HANDSHAKING,eio=-1/-1,di=-1,fill=INTERESTED,flush=IDLE}~>DecryptedEndPoint@26cff15f{l=/127.0.0.1:43437,r=/127.0.0.1:54570,OPEN,fill=FI,flush=-,to=1/30000}=>HttpConnection@498cd880[p=HttpParser{s=START,0 of -1},g=HttpGenerator@46282f88{s=START}]=>HttpChannelOverHttp@4ffa42a0{s=HttpChannelState@1bfa0f73{s=IDLE rs=BLOCKING os=OPEN is=IDLE awp=false se=false i=true al=0},r=0,c=false/false,a=IDLE,uri=null,age=0}
03:19:49.663 [qtp399373008-61] DEBUG org.eclipse.jetty.io.ChannelEndPoint - Key interests updated 1 -> 0 on SocketChannelEndPoint@37a14526{l=/127.0.0.1:43437,r=/127.0.0.1:54570,OPEN,fill=-,flush=-,to=1/30000}{io=0/0,kio=0,kro=1}->SslConnection@1fb47028{NOT_HANDSHAKING,eio=-1/-1,di=-1,fill=INTERESTED,flush=IDLE}~>DecryptedEndPoint@26cff15f{l=/127.0.0.1:43437,r=/127.0.0.1:54570,OPEN,fill=FI,flush=-,to=1/30000}=>HttpConnection@498cd880[p=HttpParser{s=START,0 of -1},g=HttpGenerator@46282f88{s=START}]=>HttpChannelOverHttp@4ffa42a0{s=HttpChannelState@1bfa0f73{s=IDLE rs=BLOCKING os=OPEN is=IDLE awp=false se=false i=true al=0},r=0,c=false/false,a=IDLE,uri=null,age=0}
03:19:49.663 [qtp399373008-61] DEBUG org.eclipse.jetty.io.ManagedSelector - Selector sun.nio.ch.EPollSelectorImpl@25f05ce6 waiting with 1 keys
03:19:49.663 [qtp399373008-57] DEBUG org.eclipse.jetty.io.ssl.SslConnection - onFillable SslConnection@1fb47028::SocketChannelEndPoint@37a14526{l=/127.0.0.1:43437,r=/127.0.0.1:54570,OPEN,fill=-,flush=-,to=1/30000}{io=0/0,kio=0,kro=1}->SslConnection@1fb47028{NOT_HANDSHAKING,eio=-1/-1,di=-1,fill=INTERESTED,flush=IDLE}~>DecryptedEndPoint@26cff15f{l=/127.0.0.1:43437,r=/127.0.0.1:54570,OPEN,fill=FI,flush=-,to=1/30000}=>HttpConnection@498cd880[p=HttpParser{s=START,0 of -1},g=HttpGenerator@46282f88{s=START}]=>HttpChannelOverHttp@4ffa42a0{s=HttpChannelState@1bfa0f73{s=IDLE rs=BLOCKING os=OPEN is=IDLE awp=false se=false i=true al=0},r=0,c=false/false,a=IDLE,uri=null,age=0}
03:19:49.663 [qtp399373008-57] DEBUG org.eclipse.jetty.io.FillInterest - fillable FillInterest@69cfb715{AC.ReadCB@498cd880{HttpConnection@498cd880::DecryptedEndPoint@26cff15f{l=/127.0.0.1:43437,r=/127.0.0.1:54570,OPEN,fill=FI,flush=-,to=2/30000}}}
03:19:49.663 [qtp399373008-57] DEBUG org.eclipse.jetty.server.HttpConnection - HttpConnection@498cd880::DecryptedEndPoint@26cff15f{l=/127.0.0.1:43437,r=/127.0.0.1:54570,OPEN,fill=-,flush=-,to=2/30000} onFillable enter HttpChannelState@1bfa0f73{s=IDLE rs=BLOCKING os=OPEN is=IDLE awp=false se=false i=true al=0} null
03:19:49.663 [qtp399373008-57] DEBUG org.eclipse.jetty.io.ssl.SslConnection - >fill SslConnection@1fb47028::SocketChannelEndPoint@37a14526{l=/127.0.0.1:43437,r=/127.0.0.1:54570,OPEN,fill=-,flush=-,to=2/30000}{io=0/0,kio=0,kro=1}->SslConnection@1fb47028{NOT_HANDSHAKING,eio=-1/-1,di=-1,fill=IDLE,flush=IDLE}~>DecryptedEndPoint@26cff15f{l=/127.0.0.1:43437,r=/127.0.0.1:54570,OPEN,fill=-,flush=-,to=2/30000}=>HttpConnection@498cd880[p=HttpParser{s=START,0 of -1},g=HttpGenerator@46282f88{s=START}]=>HttpChannelOverHttp@4ffa42a0{s=HttpChannelState@1bfa0f73{s=IDLE rs=BLOCKING os=OPEN is=IDLE awp=false se=false i=true al=0},r=0,c=false/false,a=IDLE,uri=null,age=0}
03:19:49.663 [qtp399373008-57] DEBUG org.eclipse.jetty.io.ssl.SslConnection - fill NOT_HANDSHAKING
03:19:49.663 [qtp399373008-57] DEBUG org.eclipse.jetty.io.ChannelEndPoint - filled 339 HeapByteBuffer@1719ebcb[p=0,l=339,c=17408,r=339]={<<<\x16\x03\x03\x01N\x01\x00\x01J\x03\x03w\xD4\xC2\xAa\t\x94\xD9P\xF6\xE6~\xC9]\x90...DK\xA4\xA8\x8d"\xEe\x16\x91\xF0T\x07o!&~\xEd\xD6\xFf\x01\x00\x01\x00>>>\xF9\xFb}{\xC0\xFag\xC6G...\x00\x00\x00\x00\x00\x00\x00}
03:19:49.663 [qtp399373008-57] DEBUG org.eclipse.jetty.io.ssl.SslConnection - net filled=339
03:19:49.663 [qtp399373008-57] DEBUG org.eclipse.jetty.io.ssl.SslConnection - fill starting handshake SslConnection@1fb47028::SocketChannelEndPoint@37a14526{l=/127.0.0.1:43437,r=/127.0.0.1:54570,OPEN,fill=-,flush=-,to=0/30000}{io=0/0,kio=0,kro=1}->SslConnection@1fb47028{NOT_HANDSHAKING,eio=339/-1,di=-1,fill=IDLE,flush=IDLE}~>DecryptedEndPoint@26cff15f{l=/127.0.0.1:43437,r=/127.0.0.1:54570,OPEN,fill=-,flush=-,to=2/30000}=>HttpConnection@498cd880[p=HttpParser{s=START,0 of -1},g=HttpGenerator@46282f88{s=START}]=>HttpChannelOverHttp@4ffa42a0{s=HttpChannelState@1bfa0f73{s=IDLE rs=BLOCKING os=OPEN is=IDLE awp=false se=false i=true al=0},r=0,c=false/false,a=IDLE,uri=null,age=0}
03:19:49.664 [qtp399373008-57] DEBUG org.eclipse.jetty.io.ssl.SslConnection - unwrap net_filled=339 Status = OK HandshakeStatus = NEED_TASK bytesConsumed = 339 bytesProduced = 0 encryptedBuffer=[p=339,l=339,c=17408,r=0] unwrapBuffer=HeapByteBuffer@19de0680[p=0,l=0,c=17408,r=0]={<<<>>>\x17\x03\x03\x00\xC9\x1c\x86\x98\xD4...\x00\x00\x00\x00\x00\x00\x00} appBuffer=HeapByteBuffer@19de0680[p=0,l=0,c=17408,r=0]={<<<>>>\x17\x03\x03\x00\xC9\x1c\x86\x98\xD4...\x00\x00\x00\x00\x00\x00\x00}
03:19:49.664 [qtp399373008-57] DEBUG org.eclipse.jetty.io.ssl.SslConnection - fill NEED_TASK
03:19:49.672 [qtp399373008-57] DEBUG org.eclipse.jetty.io.ssl.SslConnection - fill NEED_WRAP
03:19:49.672 [qtp399373008-57] DEBUG org.eclipse.jetty.io.ssl.SslConnection - >flush SslConnection@1fb47028::SocketChannelEndPoint@37a14526{l=/127.0.0.1:43437,r=/127.0.0.1:54570,OPEN,fill=-,flush=-,to=8/30000}{io=0/0,kio=0,kro=1}->SslConnection@1fb47028{NEED_WRAP,eio=0/-1,di=-1,fill=IDLE,flush=IDLE}~>DecryptedEndPoint@26cff15f{l=/127.0.0.1:43437,r=/127.0.0.1:54570,OPEN,fill=-,flush=-,to=11/30000}=>HttpConnection@498cd880[p=HttpParser{s=START,0 of -1},g=HttpGenerator@46282f88{s=START}]=>HttpChannelOverHttp@4ffa42a0{s=HttpChannelState@1bfa0f73{s=IDLE rs=BLOCKING os=OPEN is=IDLE awp=false se=false i=true al=0},r=0,c=false/false,a=IDLE,uri=null,age=0}
03:19:49.672 [qtp399373008-57] DEBUG org.eclipse.jetty.io.ssl.SslConnection - flush b[0]=HeapByteBuffer@60c04197[p=0,l=0,c=0,r=0]={<<<>>>}
03:19:49.672 [qtp399373008-57] DEBUG org.eclipse.jetty.io.ssl.SslConnection - flush NEED_WRAP
03:19:49.672 [qtp399373008-57] DEBUG org.eclipse.jetty.io.ssl.SslConnection - wrap Status = OK HandshakeStatus = NEED_WRAP bytesConsumed = 0 bytesProduced = 160 [p=0,l=160,c=17408,r=160] ioDone=false/false
03:19:49.672 [qtp399373008-57] DEBUG org.eclipse.jetty.io.ChannelEndPoint - flushed 160 SocketChannelEndPoint@37a14526{l=/127.0.0.1:43437,r=/127.0.0.1:54570,OPEN,fill=-,flush=-,to=8/30000}{io=0/0,kio=0,kro=1}->SslConnection@1fb47028{NEED_WRAP,eio=0/0,di=-1,fill=IDLE,flush=IDLE}~>DecryptedEndPoint@26cff15f{l=/127.0.0.1:43437,r=/127.0.0.1:54570,OPEN,fill=-,flush=-,to=11/30000}=>HttpConnection@498cd880[p=HttpParser{s=START,0 of -1},g=HttpGenerator@46282f88{s=START}]=>HttpChannelOverHttp@4ffa42a0{s=HttpChannelState@1bfa0f73{s=IDLE rs=BLOCKING os=OPEN is=IDLE awp=false se=false i=true al=0},r=0,c=false/false,a=IDLE,uri=null,age=0}
03:19:49.672 [qtp399373008-57] DEBUG org.eclipse.jetty.io.ssl.SslConnection - net flushed=true, ac=true
03:19:49.672 [qtp399373008-57] DEBUG org.eclipse.jetty.io.ssl.SslConnection - flush NEED_WRAP
03:19:49.672 [qtp399373008-57] DEBUG org.eclipse.jetty.io.ssl.SslConnection - wrap Status = OK HandshakeStatus = NEED_WRAP bytesConsumed = 0 bytesProduced = 6 [p=0,l=6,c=17408,r=6] ioDone=false/false
03:19:49.672 [qtp399373008-57] DEBUG org.eclipse.jetty.io.ChannelEndPoint - flushed 6 SocketChannelEndPoint@37a14526{l=/127.0.0.1:43437,r=/127.0.0.1:54570,OPEN,fill=-,flush=-,to=0/30000}{io=0/0,kio=0,kro=1}->SslConnection@1fb47028{NEED_WRAP,eio=0/0,di=-1,fill=IDLE,flush=IDLE}~>DecryptedEndPoint@26cff15f{l=/127.0.0.1:43437,r=/127.0.0.1:54570,OPEN,fill=-,flush=-,to=11/30000}=>HttpConnection@498cd880[p=HttpParser{s=START,0 of -1},g=HttpGenerator@46282f88{s=START}]=>HttpChannelOverHttp@4ffa42a0{s=HttpChannelState@1bfa0f73{s=IDLE rs=BLOCKING os=OPEN is=IDLE awp=false se=false i=true al=0},r=0,c=false/false,a=IDLE,uri=null,age=0}
03:19:49.672 [qtp399373008-57] DEBUG org.eclipse.jetty.io.ssl.SslConnection - net flushed=true, ac=true
03:19:49.672 [qtp399373008-57] DEBUG org.eclipse.jetty.io.ssl.SslConnection - flush NEED_WRAP
03:19:49.673 [qtp399373008-57] DEBUG org.eclipse.jetty.io.ssl.SslConnection - wrap Status = OK HandshakeStatus = NEED_UNWRAP bytesConsumed = 0 bytesProduced = 1597 [p=0,l=1597,c=17408,r=1597] ioDone=false/false
03:19:49.673 [qtp399373008-57] DEBUG org.eclipse.jetty.io.ChannelEndPoint - flushed 1597 SocketChannelEndPoint@37a14526{l=/127.0.0.1:43437,r=/127.0.0.1:54570,OPEN,fill=-,flush=-,to=0/30000}{io=0/0,kio=0,kro=1}->SslConnection@1fb47028{NEED_UNWRAP,eio=0/0,di=-1,fill=IDLE,flush=IDLE}~>DecryptedEndPoint@26cff15f{l=/127.0.0.1:43437,r=/127.0.0.1:54570,OPEN,fill=-,flush=-,to=12/30000}=>HttpConnection@498cd880[p=HttpParser{s=START,0 of -1},g=HttpGenerator@46282f88{s=START}]=>HttpChannelOverHttp@4ffa42a0{s=HttpChannelState@1bfa0f73{s=IDLE rs=BLOCKING os=OPEN is=IDLE awp=false se=false i=true al=0},r=0,c=false/false,a=IDLE,uri=null,age=0}
03:19:49.673 [qtp399373008-57] DEBUG org.eclipse.jetty.io.ssl.SslConnection - net flushed=true, ac=true
03:19:49.673 [qtp399373008-57] DEBUG org.eclipse.jetty.io.ssl.SslConnection - <flush true SslConnection@1fb47028::SocketChannelEndPoint@37a14526{l=/127.0.0.1:43437,r=/127.0.0.1:54570,OPEN,fill=-,flush=-,to=0/30000}{io=0/0,kio=0,kro=1}->SslConnection@1fb47028{NEED_UNWRAP,eio=0/-1,di=-1,fill=IDLE,flush=IDLE}~>DecryptedEndPoint@26cff15f{l=/127.0.0.1:43437,r=/127.0.0.1:54570,OPEN,fill=-,flush=-,to=12/30000}=>HttpConnection@498cd880[p=HttpParser{s=START,0 of -1},g=HttpGenerator@46282f88{s=START}]=>HttpChannelOverHttp@4ffa42a0{s=HttpChannelState@1bfa0f73{s=IDLE rs=BLOCKING os=OPEN is=IDLE awp=false se=false i=true al=0},r=0,c=false/false,a=IDLE,uri=null,age=0}
03:19:49.673 [qtp399373008-57] DEBUG org.eclipse.jetty.io.ssl.SslConnection - fill NEED_UNWRAP
03:19:49.673 [qtp399373008-57] DEBUG org.eclipse.jetty.io.ChannelEndPoint - filled 0 HeapByteBuffer@1719ebcb[p=0,l=0,c=17408,r=0]={<<<>>>\x16\x03\x03\x01N\x01\x00\x01J...\x00\x00\x00\x00\x00\x00\x00}
03:19:49.673 [qtp399373008-57] DEBUG org.eclipse.jetty.io.ssl.SslConnection - net filled=0
03:19:49.673 [qtp399373008-57] DEBUG org.eclipse.jetty.io.ssl.SslConnection - unwrap net_filled=0 Status = BUFFER_UNDERFLOW HandshakeStatus = NEED_UNWRAP bytesConsumed = 0 bytesProduced = 0 encryptedBuffer=[p=0,l=0,c=17408,r=0] unwrapBuffer=HeapByteBuffer@19de0680[p=0,l=0,c=17408,r=0]={<<<>>>\x17\x03\x03\x00\xC9\x1c\x86\x98\xD4...\x00\x00\x00\x00\x00\x00\x00} appBuffer=HeapByteBuffer@19de0680[p=0,l=0,c=17408,r=0]={<<<>>>\x17\x03\x03\x00\xC9\x1c\x86\x98\xD4...\x00\x00\x00\x00\x00\x00\x00}
03:19:49.673 [qtp399373008-57] DEBUG org.eclipse.jetty.io.ssl.SslConnection - <fill f=0 uf=true SslConnection@1fb47028::SocketChannelEndPoint@37a14526{l=/127.0.0.1:43437,r=/127.0.0.1:54570,OPEN,fill=-,flush=-,to=0/30000}{io=0/0,kio=0,kro=1}->SslConnection@1fb47028{NEED_UNWRAP,eio=-1/-1,di=-1,fill=IDLE,flush=IDLE}~>DecryptedEndPoint@26cff15f{l=/127.0.0.1:43437,r=/127.0.0.1:54570,OPEN,fill=-,flush=-,to=12/30000}=>HttpConnection@498cd880[p=HttpParser{s=START,0 of -1},g=HttpGenerator@46282f88{s=START}]=>HttpChannelOverHttp@4ffa42a0{s=HttpChannelState@1bfa0f73{s=IDLE rs=BLOCKING os=OPEN is=IDLE awp=false se=false i=true al=0},r=0,c=false/false,a=IDLE,uri=null,age=0}
03:19:49.673 [qtp399373008-57] DEBUG org.eclipse.jetty.io.ssl.SslConnection - >fill SslConnection@1fb47028::SocketChannelEndPoint@37a14526{l=/127.0.0.1:43437,r=/127.0.0.1:54570,OPEN,fill=-,flush=-,to=0/30000}{io=0/0,kio=0,kro=1}->SslConnection@1fb47028{NEED_UNWRAP,eio=-1/-1,di=-1,fill=IDLE,flush=IDLE}~>DecryptedEndPoint@26cff15f{l=/127.0.0.1:43437,r=/127.0.0.1:54570,OPEN,fill=-,flush=-,to=12/30000}=>HttpConnection@498cd880[p=HttpParser{s=START,0 of -1},g=HttpGenerator@46282f88{s=START}]=>HttpChannelOverHttp@4ffa42a0{s=HttpChannelState@1bfa0f73{s=IDLE rs=BLOCKING os=OPEN is=IDLE awp=false se=false i=true al=0},r=0,c=false/false,a=IDLE,uri=null,age=0}
03:19:49.673 [qtp399373008-57] DEBUG org.eclipse.jetty.io.ssl.SslConnection - fill NEED_UNWRAP
03:19:49.673 [qtp399373008-57] DEBUG org.eclipse.jetty.io.ChannelEndPoint - filled 0 HeapByteBuffer@13266df0[p=0,l=0,c=17408,r=0]={<<<>>>\x17\x03\x03\x068\x86\xDb\xC5I...\x00\x00\x00\x00\x00\x00\x00}
03:19:49.673 [qtp399373008-57] DEBUG org.eclipse.jetty.io.ssl.SslConnection - net filled=0
03:19:49.674 [qtp399373008-57] DEBUG org.eclipse.jetty.io.ssl.SslConnection - unwrap net_filled=0 Status = BUFFER_UNDERFLOW HandshakeStatus = NEED_UNWRAP bytesConsumed = 0 bytesProduced = 0 encryptedBuffer=[p=0,l=0,c=17408,r=0] unwrapBuffer=HeapByteBuffer@19de0680[p=0,l=0,c=17408,r=0]={<<<>>>\x17\x03\x03\x00\xC9\x1c\x86\x98\xD4...\x00\x00\x00\x00\x00\x00\x00} appBuffer=HeapByteBuffer@19de0680[p=0,l=0,c=17408,r=0]={<<<>>>\x17\x03\x03\x00\xC9\x1c\x86\x98\xD4...\x00\x00\x00\x00\x00\x00\x00}
03:19:49.674 [qtp399373008-57] DEBUG org.eclipse.jetty.io.ssl.SslConnection - <fill f=0 uf=true SslConnection@1fb47028::SocketChannelEndPoint@37a14526{l=/127.0.0.1:43437,r=/127.0.0.1:54570,OPEN,fill=-,flush=-,to=0/30000}{io=0/0,kio=0,kro=1}->SslConnection@1fb47028{NEED_UNWRAP,eio=-1/-1,di=-1,fill=IDLE,flush=IDLE}~>DecryptedEndPoint@26cff15f{l=/127.0.0.1:43437,r=/127.0.0.1:54570,OPEN,fill=-,flush=-,to=12/30000}=>HttpConnection@498cd880[p=HttpParser{s=START,0 of -1},g=HttpGenerator@46282f88{s=START}]=>HttpChannelOverHttp@4ffa42a0{s=HttpChannelState@1bfa0f73{s=IDLE rs=BLOCKING os=OPEN is=IDLE awp=false se=false i=true al=0},r=0,c=false/false,a=IDLE,uri=null,age=0}
03:19:49.674 [qtp399373008-57] DEBUG org.eclipse.jetty.server.HttpConnection - HttpConnection@498cd880::DecryptedEndPoint@26cff15f{l=/127.0.0.1:43437,r=/127.0.0.1:54570,OPEN,fill=-,flush=-,to=13/30000} filled 0 HeapByteBuffer@19de0680[p=0,l=0,c=17408,r=0]={<<<>>>\x17\x03\x03\x00\xC9\x1c\x86\x98\xD4...\x00\x00\x00\x00\x00\x00\x00}
03:19:49.674 [qtp399373008-57] DEBUG org.eclipse.jetty.server.HttpConnection - HttpConnection@498cd880::DecryptedEndPoint@26cff15f{l=/127.0.0.1:43437,r=/127.0.0.1:54570,OPEN,fill=-,flush=-,to=13/30000} parse HeapByteBuffer@19de0680[p=0,l=0,c=17408,r=0]={<<<>>>\x17\x03\x03\x00\xC9\x1c\x86\x98\xD4...\x00\x00\x00\x00\x00\x00\x00} {}
03:19:49.674 [qtp399373008-57] DEBUG org.eclipse.jetty.http.HttpParser - parseNext s=START HeapByteBuffer@19de0680[p=0,l=0,c=17408,r=0]={<<<>>>\x17\x03\x03\x00\xC9\x1c\x86\x98\xD4...\x00\x00\x00\x00\x00\x00\x00}
03:19:49.674 [qtp399373008-57] DEBUG org.eclipse.jetty.server.HttpConnection - HttpConnection@498cd880::DecryptedEndPoint@26cff15f{l=/127.0.0.1:43437,r=/127.0.0.1:54570,OPEN,fill=-,flush=-,to=13/30000} parsed false HttpParser{s=START,0 of -1}
03:19:49.674 [qtp399373008-57] DEBUG org.eclipse.jetty.server.HttpConnection - releaseRequestBuffer HttpConnection@498cd880::DecryptedEndPoint@26cff15f{l=/127.0.0.1:43437,r=/127.0.0.1:54570,OPEN,fill=-,flush=-,to=13/30000}
03:19:49.674 [qtp399373008-57] DEBUG org.eclipse.jetty.io.AbstractConnection - fillInterested HttpConnection@498cd880::DecryptedEndPoint@26cff15f{l=/127.0.0.1:43437,r=/127.0.0.1:54570,OPEN,fill=-,flush=-,to=13/30000}
03:19:49.674 [qtp399373008-57] DEBUG org.eclipse.jetty.io.FillInterest - interested FillInterest@69cfb715{AC.ReadCB@498cd880{HttpConnection@498cd880::DecryptedEndPoint@26cff15f{l=/127.0.0.1:43437,r=/127.0.0.1:54570,OPEN,fill=FI,flush=-,to=0/30000}}}
03:19:49.674 [qtp399373008-57] DEBUG org.eclipse.jetty.io.ssl.SslConnection - >needFillInterest s=IDLE/IDLE uf=true ei=null di=null SslConnection@1fb47028::SocketChannelEndPoint@37a14526{l=/127.0.0.1:43437,r=/127.0.0.1:54570,OPEN,fill=-,flush=-,to=0/30000}{io=0/0,kio=0,kro=1}->SslConnection@1fb47028{NEED_UNWRAP,eio=-1/-1,di=-1,fill=IDLE,flush=IDLE}~>DecryptedEndPoint@26cff15f{l=/127.0.0.1:43437,r=/127.0.0.1:54570,OPEN,fill=FI,flush=-,to=0/30000}=>HttpConnection@498cd880[p=HttpParser{s=START,0 of -1},g=HttpGenerator@46282f88{s=START}]=>HttpChannelOverHttp@4ffa42a0{s=HttpChannelState@1bfa0f73{s=IDLE rs=BLOCKING os=OPEN is=IDLE awp=false se=false i=true al=0},r=0,c=false/false,a=IDLE,uri=null,age=0}
03:19:49.674 [qtp399373008-57] DEBUG org.eclipse.jetty.io.ssl.SslConnection - <needFillInterest s=IDLE/INTERESTED f=false i=true w=null
03:19:49.674 [qtp399373008-57] DEBUG org.eclipse.jetty.io.ssl.SslConnection - ensureFillInterested SslConnection@1fb47028::SocketChannelEndPoint@37a14526{l=/127.0.0.1:43437,r=/127.0.0.1:54570,OPEN,fill=-,flush=-,to=0/30000}{io=0/0,kio=0,kro=1}->SslConnection@1fb47028{NEED_UNWRAP,eio=-1/-1,di=-1,fill=INTERESTED,flush=IDLE}~>DecryptedEndPoint@26cff15f{l=/127.0.0.1:43437,r=/127.0.0.1:54570,OPEN,fill=FI,flush=-,to=0/30000}=>HttpConnection@498cd880[p=HttpParser{s=START,0 of -1},g=HttpGenerator@46282f88{s=START}]=>HttpChannelOverHttp@4ffa42a0{s=HttpChannelState@1bfa0f73{s=IDLE rs=BLOCKING os=OPEN is=IDLE awp=false se=false i=true al=0},r=0,c=false/false,a=IDLE,uri=null,age=0}
03:19:49.674 [qtp399373008-57] DEBUG org.eclipse.jetty.io.FillInterest - interested FillInterest@4ef4c28b{SSLC.NBReadCB@1fb47028{SslConnection@1fb47028::SocketChannelEndPoint@37a14526{l=/127.0.0.1:43437,r=/127.0.0.1:54570,OPEN,fill=FI,flush=-,to=0/30000}{io=0/0,kio=0,kro=1}->SslConnection@1fb47028{NEED_UNWRAP,eio=-1/-1,di=-1,fill=INTERESTED,flush=IDLE}~>DecryptedEndPoint@26cff15f{l=/127.0.0.1:43437,r=/127.0.0.1:54570,OPEN,fill=FI,flush=-,to=0/30000}=>HttpConnection@498cd880[p=HttpParser{s=START,0 of -1},g=HttpGenerator@46282f88{s=START}]=>HttpChannelOverHttp@4ffa42a0{s=HttpChannelState@1bfa0f73{s=IDLE rs=BLOCKING os=OPEN is=IDLE awp=false se=false i=true al=0},r=0,c=false/false,a=IDLE,uri=null,age=0}}}
03:19:49.674 [qtp399373008-57] DEBUG org.eclipse.jetty.io.ChannelEndPoint - changeInterests p=false 0->1 for SocketChannelEndPoint@37a14526{l=/127.0.0.1:43437,r=/127.0.0.1:54570,OPEN,fill=FI,flush=-,to=0/30000}{io=0/1,kio=0,kro=1}->SslConnection@1fb47028{NEED_UNWRAP,eio=-1/-1,di=-1,fill=INTERESTED,flush=IDLE}~>DecryptedEndPoint@26cff15f{l=/127.0.0.1:43437,r=/127.0.0.1:54570,OPEN,fill=FI,flush=-,to=0/30000}=>HttpConnection@498cd880[p=HttpParser{s=START,0 of -1},g=HttpGenerator@46282f88{s=START}]=>HttpChannelOverHttp@4ffa42a0{s=HttpChannelState@1bfa0f73{s=IDLE rs=BLOCKING os=OPEN is=IDLE awp=false se=false i=true al=0},r=0,c=false/false,a=IDLE,uri=null,age=0}
03:19:49.674 [qtp399373008-57] DEBUG org.eclipse.jetty.io.ManagedSelector - Queued change lazy=false org.eclipse.jetty.io.ChannelEndPoint$$Lambda$255/90666987@72fdce4d on ManagedSelector@47a86fbb{STARTED} id=2 keys=1 selected=0 updates=0
03:19:49.674 [qtp399373008-57] DEBUG org.eclipse.jetty.io.ManagedSelector - Wakeup on submit ManagedSelector@47a86fbb{STARTED} id=2 keys=1 selected=0 updates=1
03:19:49.674 [qtp399373008-57] DEBUG org.eclipse.jetty.server.HttpConnection - HttpConnection@498cd880::DecryptedEndPoint@26cff15f{l=/127.0.0.1:43437,r=/127.0.0.1:54570,OPEN,fill=FI,flush=-,to=0/30000} onFillable exit HttpChannelState@1bfa0f73{s=IDLE rs=BLOCKING os=OPEN is=IDLE awp=false se=false i=true al=0} null
03:19:49.674 [qtp399373008-61] DEBUG org.eclipse.jetty.io.ManagedSelector - Selector sun.nio.ch.EPollSelectorImpl@25f05ce6 woken with none selected
03:19:49.674 [qtp399373008-61] DEBUG org.eclipse.jetty.io.ManagedSelector - Selector sun.nio.ch.EPollSelectorImpl@25f05ce6 woken up from select, 0/0/1 selected
03:19:49.674 [qtp399373008-61] DEBUG org.eclipse.jetty.io.ManagedSelector - Selector sun.nio.ch.EPollSelectorImpl@25f05ce6 processing 0 keys, 1 updates
03:19:49.674 [qtp399373008-61] DEBUG org.eclipse.jetty.io.ManagedSelector - updateable 1
03:19:49.674 [qtp399373008-61] DEBUG org.eclipse.jetty.io.ManagedSelector - update org.eclipse.jetty.io.ChannelEndPoint$$Lambda$255/90666987@72fdce4d
03:19:49.674 [qtp399373008-57] DEBUG org.eclipse.jetty.io.ssl.SslConnection - <c.onFillable SslConnection@1fb47028::SocketChannelEndPoint@37a14526{l=/127.0.0.1:43437,r=/127.0.0.1:54570,OPEN,fill=FI,flush=-,to=0/30000}{io=0/1,kio=0,kro=1}->SslConnection@1fb47028{NEED_UNWRAP,eio=-1/-1,di=-1,fill=INTERESTED,flush=IDLE}~>DecryptedEndPoint@26cff15f{l=/127.0.0.1:43437,r=/127.0.0.1:54570,OPEN,fill=FI,flush=-,to=0/30000}=>HttpConnection@498cd880[p=HttpParser{s=START,0 of -1},g=HttpGenerator@46282f88{s=START}]=>HttpChannelOverHttp@4ffa42a0{s=HttpChannelState@1bfa0f73{s=IDLE rs=BLOCKING os=OPEN is=IDLE awp=false se=false i=true al=0},r=0,c=false/false,a=IDLE,uri=null,age=0}
03:19:49.675 [qtp399373008-57] DEBUG org.eclipse.jetty.util.thread.QueuedThreadPool - ran org.eclipse.jetty.io.ManagedSelector$$Lambda$253/838473569@73dce0e6 in QueuedThreadPool[qtp399373008]@17cdf2d0{STARTED,8<=8<=200,i=1,r=-1,q=0}[ReservedThreadExecutor@424fd310{reserved=1/8,pending=0}]
03:19:49.675 [qtp399373008-61] DEBUG org.eclipse.jetty.io.ChannelEndPoint - Key interests updated 0 -> 1 on SocketChannelEndPoint@37a14526{l=/127.0.0.1:43437,r=/127.0.0.1:54570,OPEN,fill=FI,flush=-,to=0/30000}{io=1/1,kio=1,kro=1}->SslConnection@1fb47028{NEED_UNWRAP,eio=-1/-1,di=-1,fill=INTERESTED,flush=IDLE}~>DecryptedEndPoint@26cff15f{l=/127.0.0.1:43437,r=/127.0.0.1:54570,OPEN,fill=FI,flush=-,to=0/30000}=>HttpConnection@498cd880[p=HttpParser{s=START,0 of -1},g=HttpGenerator@46282f88{s=START}]=>HttpChannelOverHttp@4ffa42a0{s=HttpChannelState@1bfa0f73{s=IDLE rs=BLOCKING os=OPEN is=IDLE awp=false se=false i=true al=0},r=0,c=false/false,a=IDLE,uri=null,age=0}
03:19:49.675 [qtp399373008-61] DEBUG org.eclipse.jetty.io.ManagedSelector - updates 0
03:19:49.675 [qtp399373008-61] DEBUG org.eclipse.jetty.io.ManagedSelector - Selector sun.nio.ch.EPollSelectorImpl@25f05ce6 waiting with 1 keys
03:19:49.676 [qtp399373008-61] DEBUG org.eclipse.jetty.io.ManagedSelector - Selector sun.nio.ch.EPollSelectorImpl@25f05ce6 woken up from select, 1/1/1 selected
03:19:49.676 [qtp399373008-61] DEBUG org.eclipse.jetty.io.ManagedSelector - Selector sun.nio.ch.EPollSelectorImpl@25f05ce6 processing 1 keys, 0 updates
03:19:49.676 [qtp399373008-61] DEBUG org.eclipse.jetty.io.ManagedSelector - selected 1 sun.nio.ch.SelectionKeyImpl@2b37a628 SocketChannelEndPoint@37a14526{l=/127.0.0.1:43437,r=/127.0.0.1:54570,OPEN,fill=FI,flush=-,to=2/30000}{io=1/1,kio=1,kro=1}->SslConnection@1fb47028{NEED_UNWRAP,eio=-1/-1,di=-1,fill=INTERESTED,flush=IDLE}~>DecryptedEndPoint@26cff15f{l=/127.0.0.1:43437,r=/127.0.0.1:54570,OPEN,fill=FI,flush=-,to=2/30000}=>HttpConnection@498cd880[p=HttpParser{s=START,0 of -1},g=HttpGenerator@46282f88{s=START}]=>HttpChannelOverHttp@4ffa42a0{s=HttpChannelState@1bfa0f73{s=IDLE rs=BLOCKING os=OPEN is=IDLE awp=false se=false i=true al=0},r=0,c=false/false,a=IDLE,uri=null,age=0} 
03:19:49.676 [qtp399373008-61] DEBUG org.eclipse.jetty.io.ChannelEndPoint - onSelected 1->0 r=true w=false for SocketChannelEndPoint@37a14526{l=/127.0.0.1:43437,r=/127.0.0.1:54570,OPEN,fill=FI,flush=-,to=2/30000}{io=1/0,kio=1,kro=1}->SslConnection@1fb47028{NEED_UNWRAP,eio=-1/-1,di=-1,fill=INTERESTED,flush=IDLE}~>DecryptedEndPoint@26cff15f{l=/127.0.0.1:43437,r=/127.0.0.1:54570,OPEN,fill=FI,flush=-,to=2/30000}=>HttpConnection@498cd880[p=HttpParser{s=START,0 of -1},g=HttpGenerator@46282f88{s=START}]=>HttpChannelOverHttp@4ffa42a0{s=HttpChannelState@1bfa0f73{s=IDLE rs=BLOCKING os=OPEN is=IDLE awp=false se=false i=true al=0},r=0,c=false/false,a=IDLE,uri=null,age=0}
03:19:49.676 [qtp399373008-61] DEBUG org.eclipse.jetty.io.ChannelEndPoint - task CEP:SocketChannelEndPoint@37a14526{l=/127.0.0.1:43437,r=/127.0.0.1:54570,OPEN,fill=FI,flush=-,to=2/30000}{io=1/0,kio=1,kro=1}->SslConnection@1fb47028{NEED_UNWRAP,eio=-1/-1,di=-1,fill=INTERESTED,flush=IDLE}~>DecryptedEndPoint@26cff15f{l=/127.0.0.1:43437,r=/127.0.0.1:54570,OPEN,fill=FI,flush=-,to=2/30000}=>HttpConnection@498cd880[p=HttpParser{s=START,0 of -1},g=HttpGenerator@46282f88{s=START}]=>HttpChannelOverHttp@4ffa42a0{s=HttpChannelState@1bfa0f73{s=IDLE rs=BLOCKING os=OPEN is=IDLE awp=false se=false i=true al=0},r=0,c=false/false,a=IDLE,uri=null,age=0}:runFillable:BLOCKING
03:19:49.676 [qtp399373008-61] DEBUG org.eclipse.jetty.util.thread.ReservedThreadExecutor - ReservedThreadExecutor@424fd310{reserved=1/8,pending=0} tryExecute EatWhatYouKill@1c3146bc/SelectorProducer@56c698e3/PRODUCING/p=false/QueuedThreadPool[qtp399373008]@17cdf2d0{STARTED,8<=8<=200,i=2,r=-1,q=0}[ReservedThreadExecutor@424fd310{reserved=1/8,pending=0}][pc=0,pic=0,pec=0,epc=1]@2024-05-02T03:19:49.676+01:00
03:19:49.676 [qtp399373008-61] DEBUG org.eclipse.jetty.util.thread.ReservedThreadExecutor - ReservedThreadExecutor@424fd310{reserved=0/8,pending=1} startReservedThread p=1
03:19:49.677 [qtp399373008-61] DEBUG org.eclipse.jetty.util.thread.QueuedThreadPool - queue ReservedThread@2608138f{PENDING,thread=null} startThread=0
03:19:49.677 [qtp399373008-56] DEBUG org.eclipse.jetty.util.thread.QueuedThreadPool - run ReservedThread@2608138f{PENDING,thread=null} in QueuedThreadPool[qtp399373008]@17cdf2d0{STARTED,8<=8<=200,i=1,r=-1,q=0}[ReservedThreadExecutor@424fd310{reserved=0/8,pending=1}]
03:19:49.677 [qtp399373008-56] DEBUG org.eclipse.jetty.util.thread.ReservedThreadExecutor - ReservedThread@2608138f{PENDING,thread=Thread[qtp399373008-56,5,main]} was=PENDING next=RESERVED size=0+1 capacity=8
03:19:49.677 [qtp399373008-56] DEBUG org.eclipse.jetty.util.thread.ReservedThreadExecutor - ReservedThread@2608138f{RESERVED,thread=Thread[qtp399373008-56,5,main]} waiting ReservedThreadExecutor@424fd310{reserved=1/8,pending=0}
03:19:49.677 [qtp399373008-62] DEBUG org.eclipse.jetty.util.thread.ReservedThreadExecutor - ReservedThread@29c437c9{RESERVED,thread=Thread[qtp399373008-62,5,main]} task=EatWhatYouKill@1c3146bc/SelectorProducer@56c698e3/IDLE/p=true/QueuedThreadPool[qtp399373008]@17cdf2d0{STARTED,8<=8<=200,i=1,r=-1,q=0}[ReservedThreadExecutor@424fd310{reserved=1/8,pending=0}][pc=0,pic=0,pec=0,epc=1]@2024-05-02T03:19:49.677+01:00 ReservedThreadExecutor@424fd310{reserved=1/8,pending=0}
03:19:49.677 [qtp399373008-61] DEBUG org.eclipse.jetty.util.thread.strategy.EatWhatYouKill - EatWhatYouKill@1c3146bc/SelectorProducer@56c698e3/IDLE/p=true/QueuedThreadPool[qtp399373008]@17cdf2d0{STARTED,8<=8<=200,i=1,r=-1,q=0}[ReservedThreadExecutor@424fd310{reserved=1/8,pending=0}][pc=0,pic=0,pec=0,epc=1]@2024-05-02T03:19:49.677+01:00 m=EXECUTE_PRODUCE_CONSUME t=CEP:SocketChannelEndPoint@37a14526{l=/127.0.0.1:43437,r=/127.0.0.1:54570,OPEN,fill=FI,flush=-,to=2/30000}{io=1/0,kio=1,kro=1}->SslConnection@1fb47028{NEED_UNWRAP,eio=-1/-1,di=-1,fill=INTERESTED,flush=IDLE}~>DecryptedEndPoint@26cff15f{l=/127.0.0.1:43437,r=/127.0.0.1:54570,OPEN,fill=FI,flush=-,to=2/30000}=>HttpConnection@498cd880[p=HttpParser{s=START,0 of -1},g=HttpGenerator@46282f88{s=START}]=>HttpChannelOverHttp@4ffa42a0{s=HttpChannelState@1bfa0f73{s=IDLE rs=BLOCKING os=OPEN is=IDLE awp=false se=false i=true al=0},r=0,c=false/false,a=IDLE,uri=null,age=0}:runFillable:BLOCKING/BLOCKING
03:19:49.677 [qtp399373008-62] DEBUG org.eclipse.jetty.util.thread.strategy.EatWhatYouKill - EatWhatYouKill@1c3146bc/SelectorProducer@56c698e3/IDLE/p=true/QueuedThreadPool[qtp399373008]@17cdf2d0{STARTED,8<=8<=200,i=1,r=-1,q=0}[ReservedThreadExecutor@424fd310{reserved=1/8,pending=0}][pc=0,pic=0,pec=0,epc=1]@2024-05-02T03:19:49.677+01:00 tryProduce true
03:19:49.677 [qtp399373008-62] DEBUG org.eclipse.jetty.io.ManagedSelector - updateable 0
03:19:49.677 [qtp399373008-62] DEBUG org.eclipse.jetty.io.ManagedSelector - updates 0
03:19:49.677 [qtp399373008-61] DEBUG org.eclipse.jetty.io.FillInterest - fillable FillInterest@4ef4c28b{SSLC.NBReadCB@1fb47028{SslConnection@1fb47028::SocketChannelEndPoint@37a14526{l=/127.0.0.1:43437,r=/127.0.0.1:54570,OPEN,fill=FI,flush=-,to=2/30000}{io=1/0,kio=1,kro=1}->SslConnection@1fb47028{NEED_UNWRAP,eio=-1/-1,di=-1,fill=INTERESTED,flush=IDLE}~>DecryptedEndPoint@26cff15f{l=/127.0.0.1:43437,r=/127.0.0.1:54570,OPEN,fill=FI,flush=-,to=3/30000}=>HttpConnection@498cd880[p=HttpParser{s=START,0 of -1},g=HttpGenerator@46282f88{s=START}]=>HttpChannelOverHttp@4ffa42a0{s=HttpChannelState@1bfa0f73{s=IDLE rs=BLOCKING os=OPEN is=IDLE awp=false se=false i=true al=0},r=0,c=false/false,a=IDLE,uri=null,age=0}}}
03:19:49.677 [qtp399373008-62] DEBUG org.eclipse.jetty.io.ChannelEndPoint - Key interests updated 1 -> 0 on SocketChannelEndPoint@37a14526{l=/127.0.0.1:43437,r=/127.0.0.1:54570,OPEN,fill=FI,flush=-,to=2/30000}{io=0/0,kio=0,kro=1}->SslConnection@1fb47028{NEED_UNWRAP,eio=-1/-1,di=-1,fill=INTERESTED,flush=IDLE}~>DecryptedEndPoint@26cff15f{l=/127.0.0.1:43437,r=/127.0.0.1:54570,OPEN,fill=FI,flush=-,to=3/30000}=>HttpConnection@498cd880[p=HttpParser{s=START,0 of -1},g=HttpGenerator@46282f88{s=START}]=>HttpChannelOverHttp@4ffa42a0{s=HttpChannelState@1bfa0f73{s=IDLE rs=BLOCKING os=OPEN is=IDLE awp=false se=false i=true al=0},r=0,c=false/false,a=IDLE,uri=null,age=0}
03:19:49.677 [qtp399373008-62] DEBUG org.eclipse.jetty.io.ManagedSelector - Selector sun.nio.ch.EPollSelectorImpl@25f05ce6 waiting with 1 keys
03:19:49.677 [qtp399373008-61] DEBUG org.eclipse.jetty.io.ssl.SslConnection - >c.onFillable SslConnection@1fb47028::SocketChannelEndPoint@37a14526{l=/127.0.0.1:43437,r=/127.0.0.1:54570,OPEN,fill=-,flush=-,to=2/30000}{io=0/0,kio=0,kro=1}->SslConnection@1fb47028{NEED_UNWRAP,eio=-1/-1,di=-1,fill=INTERESTED,flush=IDLE}~>DecryptedEndPoint@26cff15f{l=/127.0.0.1:43437,r=/127.0.0.1:54570,OPEN,fill=FI,flush=-,to=3/30000}=>HttpConnection@498cd880[p=HttpParser{s=START,0 of -1},g=HttpGenerator@46282f88{s=START}]=>HttpChannelOverHttp@4ffa42a0{s=HttpChannelState@1bfa0f73{s=IDLE rs=BLOCKING os=OPEN is=IDLE awp=false se=false i=true al=0},r=0,c=false/false,a=IDLE,uri=null,age=0}
03:19:49.677 [qtp399373008-61] DEBUG org.eclipse.jetty.io.ssl.SslConnection - onFillable SslConnection@1fb47028::SocketChannelEndPoint@37a14526{l=/127.0.0.1:43437,r=/127.0.0.1:54570,OPEN,fill=-,flush=-,to=3/30000}{io=0/0,kio=0,kro=1}->SslConnection@1fb47028{NEED_UNWRAP,eio=-1/-1,di=-1,fill=INTERESTED,flush=IDLE}~>DecryptedEndPoint@26cff15f{l=/127.0.0.1:43437,r=/127.0.0.1:54570,OPEN,fill=FI,flush=-,to=3/30000}=>HttpConnection@498cd880[p=HttpParser{s=START,0 of -1},g=HttpGenerator@46282f88{s=START}]=>HttpChannelOverHttp@4ffa42a0{s=HttpChannelState@1bfa0f73{s=IDLE rs=BLOCKING os=OPEN is=IDLE awp=false se=false i=true al=0},r=0,c=false/false,a=IDLE,uri=null,age=0}
03:19:49.677 [qtp399373008-61] DEBUG org.eclipse.jetty.io.FillInterest - fillable FillInterest@69cfb715{AC.ReadCB@498cd880{HttpConnection@498cd880::DecryptedEndPoint@26cff15f{l=/127.0.0.1:43437,r=/127.0.0.1:54570,OPEN,fill=FI,flush=-,to=3/30000}}}
03:19:49.677 [qtp399373008-61] DEBUG org.eclipse.jetty.server.HttpConnection - HttpConnection@498cd880::DecryptedEndPoint@26cff15f{l=/127.0.0.1:43437,r=/127.0.0.1:54570,OPEN,fill=-,flush=-,to=3/30000} onFillable enter HttpChannelState@1bfa0f73{s=IDLE rs=BLOCKING os=OPEN is=IDLE awp=false se=false i=true al=0} null
03:19:49.677 [qtp399373008-61] DEBUG org.eclipse.jetty.io.ssl.SslConnection - >fill SslConnection@1fb47028::SocketChannelEndPoint@37a14526{l=/127.0.0.1:43437,r=/127.0.0.1:54570,OPEN,fill=-,flush=-,to=3/30000}{io=0/0,kio=0,kro=1}->SslConnection@1fb47028{NEED_UNWRAP,eio=-1/-1,di=-1,fill=IDLE,flush=IDLE}~>DecryptedEndPoint@26cff15f{l=/127.0.0.1:43437,r=/127.0.0.1:54570,OPEN,fill=-,flush=-,to=3/30000}=>HttpConnection@498cd880[p=HttpParser{s=START,0 of -1},g=HttpGenerator@46282f88{s=START}]=>HttpChannelOverHttp@4ffa42a0{s=HttpChannelState@1bfa0f73{s=IDLE rs=BLOCKING os=OPEN is=IDLE awp=false se=false i=true al=0},r=0,c=false/false,a=IDLE,uri=null,age=0}
03:19:49.677 [qtp399373008-61] DEBUG org.eclipse.jetty.io.ssl.SslConnection - fill NEED_UNWRAP
03:19:49.678 [qtp399373008-61] DEBUG org.eclipse.jetty.io.ChannelEndPoint - filled 6 HeapByteBuffer@13266df0[p=0,l=6,c=17408,r=6]={<<<\x14\x03\x03\x00\x01\x01>>>\xDb\xC5I\x9e\xB8\xF2\xE9-A...\x00\x00\x00\x00\x00\x00\x00}
03:19:49.678 [qtp399373008-61] DEBUG org.eclipse.jetty.io.ssl.SslConnection - net filled=6
03:19:49.678 [qtp399373008-61] DEBUG org.eclipse.jetty.io.ssl.SslConnection - unwrap net_filled=6 Status = OK HandshakeStatus = NEED_UNWRAP bytesConsumed = 6 bytesProduced = 0 encryptedBuffer=[p=6,l=6,c=17408,r=0] unwrapBuffer=HeapByteBuffer@1719ebcb[p=0,l=0,c=17408,r=0]={<<<>>>\x16\x03\x03\x01N\x01\x00\x01J...\x00\x00\x00\x00\x00\x00\x00} appBuffer=HeapByteBuffer@1719ebcb[p=0,l=0,c=17408,r=0]={<<<>>>\x16\x03\x03\x01N\x01\x00\x01J...\x00\x00\x00\x00\x00\x00\x00}
03:19:49.678 [qtp399373008-61] DEBUG org.eclipse.jetty.io.ssl.SslConnection - fill NEED_UNWRAP
03:19:49.678 [qtp399373008-61] DEBUG org.eclipse.jetty.io.ChannelEndPoint - filled 0 HeapByteBuffer@13266df0[p=0,l=0,c=17408,r=0]={<<<>>>\x14\x03\x03\x00\x01\x01\xDb\xC5I...\x00\x00\x00\x00\x00\x00\x00}
03:19:49.678 [qtp399373008-61] DEBUG org.eclipse.jetty.io.ssl.SslConnection - net filled=0
03:19:49.678 [qtp399373008-61] DEBUG org.eclipse.jetty.io.ssl.SslConnection - unwrap net_filled=0 Status = BUFFER_UNDERFLOW HandshakeStatus = NEED_UNWRAP bytesConsumed = 0 bytesProduced = 0 encryptedBuffer=[p=0,l=0,c=17408,r=0] unwrapBuffer=HeapByteBuffer@1719ebcb[p=0,l=0,c=17408,r=0]={<<<>>>\x16\x03\x03\x01N\x01\x00\x01J...\x00\x00\x00\x00\x00\x00\x00} appBuffer=HeapByteBuffer@1719ebcb[p=0,l=0,c=17408,r=0]={<<<>>>\x16\x03\x03\x01N\x01\x00\x01J...\x00\x00\x00\x00\x00\x00\x00}
03:19:49.678 [qtp399373008-61] DEBUG org.eclipse.jetty.io.ssl.SslConnection - <fill f=0 uf=true SslConnection@1fb47028::SocketChannelEndPoint@37a14526{l=/127.0.0.1:43437,r=/127.0.0.1:54570,OPEN,fill=-,flush=-,to=0/30000}{io=0/0,kio=0,kro=1}->SslConnection@1fb47028{NEED_UNWRAP,eio=-1/-1,di=-1,fill=IDLE,flush=IDLE}~>DecryptedEndPoint@26cff15f{l=/127.0.0.1:43437,r=/127.0.0.1:54570,OPEN,fill=-,flush=-,to=4/30000}=>HttpConnection@498cd880[p=HttpParser{s=START,0 of -1},g=HttpGenerator@46282f88{s=START}]=>HttpChannelOverHttp@4ffa42a0{s=HttpChannelState@1bfa0f73{s=IDLE rs=BLOCKING os=OPEN is=IDLE awp=false se=false i=true al=0},r=0,c=false/false,a=IDLE,uri=null,age=0}
03:19:49.678 [qtp399373008-61] DEBUG org.eclipse.jetty.io.ssl.SslConnection - >fill SslConnection@1fb47028::SocketChannelEndPoint@37a14526{l=/127.0.0.1:43437,r=/127.0.0.1:54570,OPEN,fill=-,flush=-,to=0/30000}{io=0/0,kio=0,kro=1}->SslConnection@1fb47028{NEED_UNWRAP,eio=-1/-1,di=-1,fill=IDLE,flush=IDLE}~>DecryptedEndPoint@26cff15f{l=/127.0.0.1:43437,r=/127.0.0.1:54570,OPEN,fill=-,flush=-,to=4/30000}=>HttpConnection@498cd880[p=HttpParser{s=START,0 of -1},g=HttpGenerator@46282f88{s=START}]=>HttpChannelOverHttp@4ffa42a0{s=HttpChannelState@1bfa0f73{s=IDLE rs=BLOCKING os=OPEN is=IDLE awp=false se=false i=true al=0},r=0,c=false/false,a=IDLE,uri=null,age=0}
03:19:49.678 [qtp399373008-61] DEBUG org.eclipse.jetty.io.ssl.SslConnection - fill NEED_UNWRAP
03:19:49.678 [qtp399373008-61] DEBUG org.eclipse.jetty.io.ChannelEndPoint - filled 0 HeapByteBuffer@19de0680[p=0,l=0,c=17408,r=0]={<<<>>>\x17\x03\x03\x00\xC9\x1c\x86\x98\xD4...\x00\x00\x00\x00\x00\x00\x00}
03:19:49.678 [qtp399373008-61] DEBUG org.eclipse.jetty.io.ssl.SslConnection - net filled=0
03:19:49.678 [qtp399373008-61] DEBUG org.eclipse.jetty.io.ssl.SslConnection - unwrap net_filled=0 Status = BUFFER_UNDERFLOW HandshakeStatus = NEED_UNWRAP bytesConsumed = 0 bytesProduced = 0 encryptedBuffer=[p=0,l=0,c=17408,r=0] unwrapBuffer=HeapByteBuffer@1719ebcb[p=0,l=0,c=17408,r=0]={<<<>>>\x16\x03\x03\x01N\x01\x00\x01J...\x00\x00\x00\x00\x00\x00\x00} appBuffer=HeapByteBuffer@1719ebcb[p=0,l=0,c=17408,r=0]={<<<>>>\x16\x03\x03\x01N\x01\x00\x01J...\x00\x00\x00\x00\x00\x00\x00}
03:19:49.678 [qtp399373008-61] DEBUG org.eclipse.jetty.io.ssl.SslConnection - <fill f=0 uf=true SslConnection@1fb47028::SocketChannelEndPoint@37a14526{l=/127.0.0.1:43437,r=/127.0.0.1:54570,OPEN,fill=-,flush=-,to=0/30000}{io=0/0,kio=0,kro=1}->SslConnection@1fb47028{NEED_UNWRAP,eio=-1/-1,di=-1,fill=IDLE,flush=IDLE}~>DecryptedEndPoint@26cff15f{l=/127.0.0.1:43437,r=/127.0.0.1:54570,OPEN,fill=-,flush=-,to=4/30000}=>HttpConnection@498cd880[p=HttpParser{s=START,0 of -1},g=HttpGenerator@46282f88{s=START}]=>HttpChannelOverHttp@4ffa42a0{s=HttpChannelState@1bfa0f73{s=IDLE rs=BLOCKING os=OPEN is=IDLE awp=false se=false i=true al=0},r=0,c=false/false,a=IDLE,uri=null,age=0}
03:19:49.679 [qtp399373008-61] DEBUG org.eclipse.jetty.server.HttpConnection - HttpConnection@498cd880::DecryptedEndPoint@26cff15f{l=/127.0.0.1:43437,r=/127.0.0.1:54570,OPEN,fill=-,flush=-,to=4/30000} filled 0 HeapByteBuffer@1719ebcb[p=0,l=0,c=17408,r=0]={<<<>>>\x16\x03\x03\x01N\x01\x00\x01J...\x00\x00\x00\x00\x00\x00\x00}
03:19:49.679 [qtp399373008-61] DEBUG org.eclipse.jetty.server.HttpConnection - HttpConnection@498cd880::DecryptedEndPoint@26cff15f{l=/127.0.0.1:43437,r=/127.0.0.1:54570,OPEN,fill=-,flush=-,to=4/30000} parse HeapByteBuffer@1719ebcb[p=0,l=0,c=17408,r=0]={<<<>>>\x16\x03\x03\x01N\x01\x00\x01J...\x00\x00\x00\x00\x00\x00\x00} {}
03:19:49.679 [qtp399373008-61] DEBUG org.eclipse.jetty.http.HttpParser - parseNext s=START HeapByteBuffer@1719ebcb[p=0,l=0,c=17408,r=0]={<<<>>>\x16\x03\x03\x01N\x01\x00\x01J...\x00\x00\x00\x00\x00\x00\x00}
03:19:49.679 [qtp399373008-61] DEBUG org.eclipse.jetty.server.HttpConnection - HttpConnection@498cd880::DecryptedEndPoint@26cff15f{l=/127.0.0.1:43437,r=/127.0.0.1:54570,OPEN,fill=-,flush=-,to=4/30000} parsed false HttpParser{s=START,0 of -1}
03:19:49.679 [qtp399373008-61] DEBUG org.eclipse.jetty.server.HttpConnection - releaseRequestBuffer HttpConnection@498cd880::DecryptedEndPoint@26cff15f{l=/127.0.0.1:43437,r=/127.0.0.1:54570,OPEN,fill=-,flush=-,to=4/30000}
03:19:49.679 [qtp399373008-61] DEBUG org.eclipse.jetty.io.AbstractConnection - fillInterested HttpConnection@498cd880::DecryptedEndPoint@26cff15f{l=/127.0.0.1:43437,r=/127.0.0.1:54570,OPEN,fill=-,flush=-,to=4/30000}
03:19:49.679 [qtp399373008-61] DEBUG org.eclipse.jetty.io.FillInterest - interested FillInterest@69cfb715{AC.ReadCB@498cd880{HttpConnection@498cd880::DecryptedEndPoint@26cff15f{l=/127.0.0.1:43437,r=/127.0.0.1:54570,OPEN,fill=FI,flush=-,to=0/30000}}}
03:19:49.679 [qtp399373008-61] DEBUG org.eclipse.jetty.io.ssl.SslConnection - >needFillInterest s=IDLE/IDLE uf=true ei=null di=null SslConnection@1fb47028::SocketChannelEndPoint@37a14526{l=/127.0.0.1:43437,r=/127.0.0.1:54570,OPEN,fill=-,flush=-,to=0/30000}{io=0/0,kio=0,kro=1}->SslConnection@1fb47028{NEED_UNWRAP,eio=-1/-1,di=-1,fill=IDLE,flush=IDLE}~>DecryptedEndPoint@26cff15f{l=/127.0.0.1:43437,r=/127.0.0.1:54570,OPEN,fill=FI,flush=-,to=0/30000}=>HttpConnection@498cd880[p=HttpParser{s=START,0 of -1},g=HttpGenerator@46282f88{s=START}]=>HttpChannelOverHttp@4ffa42a0{s=HttpChannelState@1bfa0f73{s=IDLE rs=BLOCKING os=OPEN is=IDLE awp=false se=false i=true al=0},r=0,c=false/false,a=IDLE,uri=null,age=0}
03:19:49.679 [qtp399373008-61] DEBUG org.eclipse.jetty.io.ssl.SslConnection - <needFillInterest s=IDLE/INTERESTED f=false i=true w=null
03:19:49.679 [qtp399373008-61] DEBUG org.eclipse.jetty.io.ssl.SslConnection - ensureFillInterested SslConnection@1fb47028::SocketChannelEndPoint@37a14526{l=/127.0.0.1:43437,r=/127.0.0.1:54570,OPEN,fill=-,flush=-,to=0/30000}{io=0/0,kio=0,kro=1}->SslConnection@1fb47028{NEED_UNWRAP,eio=-1/-1,di=-1,fill=INTERESTED,flush=IDLE}~>DecryptedEndPoint@26cff15f{l=/127.0.0.1:43437,r=/127.0.0.1:54570,OPEN,fill=FI,flush=-,to=0/30000}=>HttpConnection@498cd880[p=HttpParser{s=START,0 of -1},g=HttpGenerator@46282f88{s=START}]=>HttpChannelOverHttp@4ffa42a0{s=HttpChannelState@1bfa0f73{s=IDLE rs=BLOCKING os=OPEN is=IDLE awp=false se=false i=true al=0},r=0,c=false/false,a=IDLE,uri=null,age=0}
03:19:49.679 [qtp399373008-61] DEBUG org.eclipse.jetty.io.FillInterest - interested FillInterest@4ef4c28b{SSLC.NBReadCB@1fb47028{SslConnection@1fb47028::SocketChannelEndPoint@37a14526{l=/127.0.0.1:43437,r=/127.0.0.1:54570,OPEN,fill=FI,flush=-,to=0/30000}{io=0/0,kio=0,kro=1}->SslConnection@1fb47028{NEED_UNWRAP,eio=-1/-1,di=-1,fill=INTERESTED,flush=IDLE}~>DecryptedEndPoint@26cff15f{l=/127.0.0.1:43437,r=/127.0.0.1:54570,OPEN,fill=FI,flush=-,to=0/30000}=>HttpConnection@498cd880[p=HttpParser{s=START,0 of -1},g=HttpGenerator@46282f88{s=START}]=>HttpChannelOverHttp@4ffa42a0{s=HttpChannelState@1bfa0f73{s=IDLE rs=BLOCKING os=OPEN is=IDLE awp=false se=false i=true al=0},r=0,c=false/false,a=IDLE,uri=null,age=0}}}
03:19:49.679 [qtp399373008-61] DEBUG org.eclipse.jetty.io.ChannelEndPoint - changeInterests p=false 0->1 for SocketChannelEndPoint@37a14526{l=/127.0.0.1:43437,r=/127.0.0.1:54570,OPEN,fill=FI,flush=-,to=0/30000}{io=0/1,kio=0,kro=1}->SslConnection@1fb47028{NEED_UNWRAP,eio=-1/-1,di=-1,fill=INTERESTED,flush=IDLE}~>DecryptedEndPoint@26cff15f{l=/127.0.0.1:43437,r=/127.0.0.1:54570,OPEN,fill=FI,flush=-,to=0/30000}=>HttpConnection@498cd880[p=HttpParser{s=START,0 of -1},g=HttpGenerator@46282f88{s=START}]=>HttpChannelOverHttp@4ffa42a0{s=HttpChannelState@1bfa0f73{s=IDLE rs=BLOCKING os=OPEN is=IDLE awp=false se=false i=true al=0},r=0,c=false/false,a=IDLE,uri=null,age=0}
03:19:49.679 [qtp399373008-61] DEBUG org.eclipse.jetty.io.ManagedSelector - Queued change lazy=false org.eclipse.jetty.io.ChannelEndPoint$$Lambda$255/90666987@72fdce4d on ManagedSelector@47a86fbb{STARTED} id=2 keys=1 selected=0 updates=0
03:19:49.679 [qtp399373008-61] DEBUG org.eclipse.jetty.io.ManagedSelector - Wakeup on submit ManagedSelector@47a86fbb{STARTED} id=2 keys=1 selected=0 updates=1
03:19:49.679 [qtp399373008-61] DEBUG org.eclipse.jetty.server.HttpConnection - HttpConnection@498cd880::DecryptedEndPoint@26cff15f{l=/127.0.0.1:43437,r=/127.0.0.1:54570,OPEN,fill=FI,flush=-,to=0/30000} onFillable exit HttpChannelState@1bfa0f73{s=IDLE rs=BLOCKING os=OPEN is=IDLE awp=false se=false i=true al=0} null
03:19:49.679 [qtp399373008-62] DEBUG org.eclipse.jetty.io.ManagedSelector - Selector sun.nio.ch.EPollSelectorImpl@25f05ce6 woken with none selected
03:19:49.679 [qtp399373008-62] DEBUG org.eclipse.jetty.io.ManagedSelector - Selector sun.nio.ch.EPollSelectorImpl@25f05ce6 woken up from select, 0/0/1 selected
03:19:49.679 [qtp399373008-62] DEBUG org.eclipse.jetty.io.ManagedSelector - Selector sun.nio.ch.EPollSelectorImpl@25f05ce6 processing 0 keys, 1 updates
03:19:49.679 [qtp399373008-62] DEBUG org.eclipse.jetty.io.ManagedSelector - updateable 1
03:19:49.679 [qtp399373008-61] DEBUG org.eclipse.jetty.io.ssl.SslConnection - <c.onFillable SslConnection@1fb47028::SocketChannelEndPoint@37a14526{l=/127.0.0.1:43437,r=/127.0.0.1:54570,OPEN,fill=FI,flush=-,to=0/30000}{io=0/1,kio=0,kro=1}->SslConnection@1fb47028{NEED_UNWRAP,eio=-1/-1,di=-1,fill=INTERESTED,flush=IDLE}~>DecryptedEndPoint@26cff15f{l=/127.0.0.1:43437,r=/127.0.0.1:54570,OPEN,fill=FI,flush=-,to=0/30000}=>HttpConnection@498cd880[p=HttpParser{s=START,0 of -1},g=HttpGenerator@46282f88{s=START}]=>HttpChannelOverHttp@4ffa42a0{s=HttpChannelState@1bfa0f73{s=IDLE rs=BLOCKING os=OPEN is=IDLE awp=false se=false i=true al=0},r=0,c=false/false,a=IDLE,uri=null,age=0}
03:19:49.679 [qtp399373008-62] DEBUG org.eclipse.jetty.io.ManagedSelector - update org.eclipse.jetty.io.ChannelEndPoint$$Lambda$255/90666987@72fdce4d
03:19:49.679 [qtp399373008-61] DEBUG org.eclipse.jetty.util.thread.ReservedThreadExecutor - ReservedThread@3ed76982{RUNNING,thread=Thread[qtp399373008-61,5,main]} was=RUNNING next=RESERVED size=0+2 capacity=8
03:19:49.679 [qtp399373008-61] DEBUG org.eclipse.jetty.util.thread.ReservedThreadExecutor - ReservedThread@3ed76982{RESERVED,thread=Thread[qtp399373008-61,5,main]} waiting ReservedThreadExecutor@424fd310{reserved=2/8,pending=0}
03:19:49.679 [qtp399373008-62] DEBUG org.eclipse.jetty.io.ChannelEndPoint - Key interests updated 0 -> 1 on SocketChannelEndPoint@37a14526{l=/127.0.0.1:43437,r=/127.0.0.1:54570,OPEN,fill=FI,flush=-,to=0/30000}{io=1/1,kio=1,kro=1}->SslConnection@1fb47028{NEED_UNWRAP,eio=-1/-1,di=-1,fill=INTERESTED,flush=IDLE}~>DecryptedEndPoint@26cff15f{l=/127.0.0.1:43437,r=/127.0.0.1:54570,OPEN,fill=FI,flush=-,to=0/30000}=>HttpConnection@498cd880[p=HttpParser{s=START,0 of -1},g=HttpGenerator@46282f88{s=START}]=>HttpChannelOverHttp@4ffa42a0{s=HttpChannelState@1bfa0f73{s=IDLE rs=BLOCKING os=OPEN is=IDLE awp=false se=false i=true al=0},r=0,c=false/false,a=IDLE,uri=null,age=0}
03:19:49.679 [qtp399373008-62] DEBUG org.eclipse.jetty.io.ManagedSelector - updates 0
03:19:49.679 [qtp399373008-62] DEBUG org.eclipse.jetty.io.ManagedSelector - Selector sun.nio.ch.EPollSelectorImpl@25f05ce6 waiting with 1 keys
03:19:49.717 [qtp399373008-62] DEBUG org.eclipse.jetty.io.ManagedSelector - Selector sun.nio.ch.EPollSelectorImpl@25f05ce6 woken up from select, 1/1/1 selected
03:19:49.717 [qtp399373008-62] DEBUG org.eclipse.jetty.io.ManagedSelector - Selector sun.nio.ch.EPollSelectorImpl@25f05ce6 processing 1 keys, 0 updates
03:19:49.717 [qtp399373008-62] DEBUG org.eclipse.jetty.io.ManagedSelector - selected 1 sun.nio.ch.SelectionKeyImpl@2b37a628 SocketChannelEndPoint@37a14526{l=/127.0.0.1:43437,r=/127.0.0.1:54570,OPEN,fill=FI,flush=-,to=37/30000}{io=1/1,kio=1,kro=1}->SslConnection@1fb47028{NEED_UNWRAP,eio=-1/-1,di=-1,fill=INTERESTED,flush=IDLE}~>DecryptedEndPoint@26cff15f{l=/127.0.0.1:43437,r=/127.0.0.1:54570,OPEN,fill=FI,flush=-,to=38/30000}=>HttpConnection@498cd880[p=HttpParser{s=START,0 of -1},g=HttpGenerator@46282f88{s=START}]=>HttpChannelOverHttp@4ffa42a0{s=HttpChannelState@1bfa0f73{s=IDLE rs=BLOCKING os=OPEN is=IDLE awp=false se=false i=true al=0},r=0,c=false/false,a=IDLE,uri=null,age=0} 
03:19:49.717 [qtp399373008-62] DEBUG org.eclipse.jetty.io.ChannelEndPoint - onSelected 1->0 r=true w=false for SocketChannelEndPoint@37a14526{l=/127.0.0.1:43437,r=/127.0.0.1:54570,OPEN,fill=FI,flush=-,to=38/30000}{io=1/0,kio=1,kro=1}->SslConnection@1fb47028{NEED_UNWRAP,eio=-1/-1,di=-1,fill=INTERESTED,flush=IDLE}~>DecryptedEndPoint@26cff15f{l=/127.0.0.1:43437,r=/127.0.0.1:54570,OPEN,fill=FI,flush=-,to=38/30000}=>HttpConnection@498cd880[p=HttpParser{s=START,0 of -1},g=HttpGenerator@46282f88{s=START}]=>HttpChannelOverHttp@4ffa42a0{s=HttpChannelState@1bfa0f73{s=IDLE rs=BLOCKING os=OPEN is=IDLE awp=false se=false i=true al=0},r=0,c=false/false,a=IDLE,uri=null,age=0}
03:19:49.717 [qtp399373008-62] DEBUG org.eclipse.jetty.io.ChannelEndPoint - task CEP:SocketChannelEndPoint@37a14526{l=/127.0.0.1:43437,r=/127.0.0.1:54570,OPEN,fill=FI,flush=-,to=38/30000}{io=1/0,kio=1,kro=1}->SslConnection@1fb47028{NEED_UNWRAP,eio=-1/-1,di=-1,fill=INTERESTED,flush=IDLE}~>DecryptedEndPoint@26cff15f{l=/127.0.0.1:43437,r=/127.0.0.1:54570,OPEN,fill=FI,flush=-,to=38/30000}=>HttpConnection@498cd880[p=HttpParser{s=START,0 of -1},g=HttpGenerator@46282f88{s=START}]=>HttpChannelOverHttp@4ffa42a0{s=HttpChannelState@1bfa0f73{s=IDLE rs=BLOCKING os=OPEN is=IDLE awp=false se=false i=true al=0},r=0,c=false/false,a=IDLE,uri=null,age=0}:runFillable:BLOCKING
03:19:49.717 [qtp399373008-62] DEBUG org.eclipse.jetty.util.thread.ReservedThreadExecutor - ReservedThreadExecutor@424fd310{reserved=2/8,pending=0} tryExecute EatWhatYouKill@1c3146bc/SelectorProducer@56c698e3/PRODUCING/p=false/QueuedThreadPool[qtp399373008]@17cdf2d0{STARTED,8<=8<=200,i=1,r=-1,q=0}[ReservedThreadExecutor@424fd310{reserved=2/8,pending=0}][pc=0,pic=0,pec=0,epc=2]@2024-05-02T03:19:49.717+01:00
03:19:49.717 [qtp399373008-62] DEBUG org.eclipse.jetty.util.thread.strategy.EatWhatYouKill - EatWhatYouKill@1c3146bc/SelectorProducer@56c698e3/IDLE/p=true/QueuedThreadPool[qtp399373008]@17cdf2d0{STARTED,8<=8<=200,i=1,r=-1,q=0}[ReservedThreadExecutor@424fd310{reserved=1/8,pending=0}][pc=0,pic=0,pec=0,epc=2]@2024-05-02T03:19:49.717+01:00 m=EXECUTE_PRODUCE_CONSUME t=CEP:SocketChannelEndPoint@37a14526{l=/127.0.0.1:43437,r=/127.0.0.1:54570,OPEN,fill=FI,flush=-,to=38/30000}{io=1/0,kio=1,kro=1}->SslConnection@1fb47028{NEED_UNWRAP,eio=-1/-1,di=-1,fill=INTERESTED,flush=IDLE}~>DecryptedEndPoint@26cff15f{l=/127.0.0.1:43437,r=/127.0.0.1:54570,OPEN,fill=FI,flush=-,to=38/30000}=>HttpConnection@498cd880[p=HttpParser{s=START,0 of -1},g=HttpGenerator@46282f88{s=START}]=>HttpChannelOverHttp@4ffa42a0{s=HttpChannelState@1bfa0f73{s=IDLE rs=BLOCKING os=OPEN is=IDLE awp=false se=false i=true al=0},r=0,c=false/false,a=IDLE,uri=null,age=0}:runFillable:BLOCKING/BLOCKING
03:19:49.717 [qtp399373008-61] DEBUG org.eclipse.jetty.util.thread.ReservedThreadExecutor - ReservedThread@3ed76982{RESERVED,thread=Thread[qtp399373008-61,5,main]} task=EatWhatYouKill@1c3146bc/SelectorProducer@56c698e3/IDLE/p=true/QueuedThreadPool[qtp399373008]@17cdf2d0{STARTED,8<=8<=200,i=1,r=-1,q=0}[ReservedThreadExecutor@424fd310{reserved=1/8,pending=0}][pc=0,pic=0,pec=0,epc=2]@2024-05-02T03:19:49.717+01:00 ReservedThreadExecutor@424fd310{reserved=1/8,pending=0}
03:19:49.717 [qtp399373008-62] DEBUG org.eclipse.jetty.io.FillInterest - fillable FillInterest@4ef4c28b{SSLC.NBReadCB@1fb47028{SslConnection@1fb47028::SocketChannelEndPoint@37a14526{l=/127.0.0.1:43437,r=/127.0.0.1:54570,OPEN,fill=FI,flush=-,to=38/30000}{io=1/0,kio=1,kro=1}->SslConnection@1fb47028{NEED_UNWRAP,eio=-1/-1,di=-1,fill=INTERESTED,flush=IDLE}~>DecryptedEndPoint@26cff15f{l=/127.0.0.1:43437,r=/127.0.0.1:54570,OPEN,fill=FI,flush=-,to=38/30000}=>HttpConnection@498cd880[p=HttpParser{s=START,0 of -1},g=HttpGenerator@46282f88{s=START}]=>HttpChannelOverHttp@4ffa42a0{s=HttpChannelState@1bfa0f73{s=IDLE rs=BLOCKING os=OPEN is=IDLE awp=false se=false i=true al=0},r=0,c=false/false,a=IDLE,uri=null,age=0}}}
03:19:49.717 [qtp399373008-61] DEBUG org.eclipse.jetty.util.thread.strategy.EatWhatYouKill - EatWhatYouKill@1c3146bc/SelectorProducer@56c698e3/IDLE/p=true/QueuedThreadPool[qtp399373008]@17cdf2d0{STARTED,8<=8<=200,i=1,r=-1,q=0}[ReservedThreadExecutor@424fd310{reserved=1/8,pending=0}][pc=0,pic=0,pec=0,epc=3]@2024-05-02T03:19:49.717+01:00 tryProduce true
03:19:49.717 [qtp399373008-62] DEBUG org.eclipse.jetty.io.ssl.SslConnection - >c.onFillable SslConnection@1fb47028::SocketChannelEndPoint@37a14526{l=/127.0.0.1:43437,r=/127.0.0.1:54570,OPEN,fill=-,flush=-,to=38/30000}{io=1/0,kio=1,kro=1}->SslConnection@1fb47028{NEED_UNWRAP,eio=-1/-1,di=-1,fill=INTERESTED,flush=IDLE}~>DecryptedEndPoint@26cff15f{l=/127.0.0.1:43437,r=/127.0.0.1:54570,OPEN,fill=FI,flush=-,to=38/30000}=>HttpConnection@498cd880[p=HttpParser{s=START,0 of -1},g=HttpGenerator@46282f88{s=START}]=>HttpChannelOverHttp@4ffa42a0{s=HttpChannelState@1bfa0f73{s=IDLE rs=BLOCKING os=OPEN is=IDLE awp=false se=false i=true al=0},r=0,c=false/false,a=IDLE,uri=null,age=0}
03:19:49.717 [qtp399373008-61] DEBUG org.eclipse.jetty.io.ManagedSelector - updateable 0
03:19:49.717 [qtp399373008-61] DEBUG org.eclipse.jetty.io.ManagedSelector - updates 0
03:19:49.717 [qtp399373008-62] DEBUG org.eclipse.jetty.io.ssl.SslConnection - onFillable SslConnection@1fb47028::SocketChannelEndPoint@37a14526{l=/127.0.0.1:43437,r=/127.0.0.1:54570,OPEN,fill=-,flush=-,to=38/30000}{io=1/0,kio=1,kro=1}->SslConnection@1fb47028{NEED_UNWRAP,eio=-1/-1,di=-1,fill=INTERESTED,flush=IDLE}~>DecryptedEndPoint@26cff15f{l=/127.0.0.1:43437,r=/127.0.0.1:54570,OPEN,fill=FI,flush=-,to=38/30000}=>HttpConnection@498cd880[p=HttpParser{s=START,0 of -1},g=HttpGenerator@46282f88{s=START}]=>HttpChannelOverHttp@4ffa42a0{s=HttpChannelState@1bfa0f73{s=IDLE rs=BLOCKING os=OPEN is=IDLE awp=false se=false i=true al=0},r=0,c=false/false,a=IDLE,uri=null,age=0}
03:19:49.717 [qtp399373008-62] DEBUG org.eclipse.jetty.io.FillInterest - fillable FillInterest@69cfb715{AC.ReadCB@498cd880{HttpConnection@498cd880::DecryptedEndPoint@26cff15f{l=/127.0.0.1:43437,r=/127.0.0.1:54570,OPEN,fill=FI,flush=-,to=38/30000}}}
03:19:49.717 [qtp399373008-61] DEBUG org.eclipse.jetty.io.ChannelEndPoint - Key interests updated 1 -> 0 on SocketChannelEndPoint@37a14526{l=/127.0.0.1:43437,r=/127.0.0.1:54570,OPEN,fill=-,flush=-,to=38/30000}{io=0/0,kio=0,kro=1}->SslConnection@1fb47028{NEED_UNWRAP,eio=-1/-1,di=-1,fill=INTERESTED,flush=IDLE}~>DecryptedEndPoint@26cff15f{l=/127.0.0.1:43437,r=/127.0.0.1:54570,OPEN,fill=FI,flush=-,to=38/30000}=>HttpConnection@498cd880[p=HttpParser{s=START,0 of -1},g=HttpGenerator@46282f88{s=START}]=>HttpChannelOverHttp@4ffa42a0{s=HttpChannelState@1bfa0f73{s=IDLE rs=BLOCKING os=OPEN is=IDLE awp=false se=false i=true al=0},r=0,c=false/false,a=IDLE,uri=null,age=0}
03:19:49.718 [qtp399373008-61] DEBUG org.eclipse.jetty.io.ManagedSelector - Selector sun.nio.ch.EPollSelectorImpl@25f05ce6 waiting with 1 keys
03:19:49.717 [qtp399373008-62] DEBUG org.eclipse.jetty.server.HttpConnection - HttpConnection@498cd880::DecryptedEndPoint@26cff15f{l=/127.0.0.1:43437,r=/127.0.0.1:54570,OPEN,fill=-,flush=-,to=38/30000} onFillable enter HttpChannelState@1bfa0f73{s=IDLE rs=BLOCKING os=OPEN is=IDLE awp=false se=false i=true al=0} null
03:19:49.718 [qtp399373008-62] DEBUG org.eclipse.jetty.io.ssl.SslConnection - >fill SslConnection@1fb47028::SocketChannelEndPoint@37a14526{l=/127.0.0.1:43437,r=/127.0.0.1:54570,OPEN,fill=-,flush=-,to=38/30000}{io=0/0,kio=0,kro=1}->SslConnection@1fb47028{NEED_UNWRAP,eio=-1/-1,di=-1,fill=IDLE,flush=IDLE}~>DecryptedEndPoint@26cff15f{l=/127.0.0.1:43437,r=/127.0.0.1:54570,OPEN,fill=-,flush=-,to=38/30000}=>HttpConnection@498cd880[p=HttpParser{s=START,0 of -1},g=HttpGenerator@46282f88{s=START}]=>HttpChannelOverHttp@4ffa42a0{s=HttpChannelState@1bfa0f73{s=IDLE rs=BLOCKING os=OPEN is=IDLE awp=false se=false i=true al=0},r=0,c=false/false,a=IDLE,uri=null,age=0}
03:19:49.718 [qtp399373008-62] DEBUG org.eclipse.jetty.io.ssl.SslConnection - fill NEED_UNWRAP
03:19:49.718 [qtp399373008-62] DEBUG org.eclipse.jetty.io.ChannelEndPoint - filled 1508 HeapByteBuffer@19de0680[p=0,l=1508,c=17408,r=1508]={<<<\x17\x03\x03\x03\xAd\xEbsX:\x02\xB2^\x08|]\x02\xEa\xCb\xB1\x0e\x0b\xEd9H\xB7...\xB3\xA6p^\xEc0\xE7\x94L\xCeu\x9b\xCf\x0c`\x91\x19\x83\xAc\xAdS\xFa\xB9>>>\x00\x00\x00\x00\x00\x00\x00\x00\x00...\x00\x00\x00\x00\x00\x00\x00}
03:19:49.718 [qtp399373008-62] DEBUG org.eclipse.jetty.io.ssl.SslConnection - net filled=1508
03:19:49.718 [qtp399373008-62] DEBUG org.eclipse.jetty.io.ssl.SslConnection - unwrap net_filled=1508 Status = OK HandshakeStatus = NEED_TASK bytesConsumed = 946 bytesProduced = 0 encryptedBuffer=[p=946,l=1508,c=17408,r=562] unwrapBuffer=HeapByteBuffer@13266df0[p=0,l=0,c=17408,r=0]={<<<>>>\x14\x03\x03\x00\x01\x01\xDb\xC5I...\x00\x00\x00\x00\x00\x00\x00} appBuffer=HeapByteBuffer@13266df0[p=0,l=0,c=17408,r=0]={<<<>>>\x14\x03\x03\x00\x01\x01\xDb\xC5I...\x00\x00\x00\x00\x00\x00\x00}
03:19:49.718 [qtp399373008-62] DEBUG org.eclipse.jetty.io.ssl.SslConnection - fill NEED_TASK
03:19:49.719 [qtp399373008-62] DEBUG org.eclipse.jetty.io.ssl.SslConnection - fill NEED_UNWRAP
03:19:49.719 [qtp399373008-62] DEBUG org.eclipse.jetty.io.ChannelEndPoint - filled 0 HeapByteBuffer@19de0680[p=946,l=1508,c=17408,r=562]={\x17\x03\x03\x03\xAd\x0b\x00\x03\x88...\xBc\xE0\xB6@{\xAa4<<<\x17\x03\x03\x01)\xE8\x024_\x14\xAb}z|F\x9d\x8bN\x17P\x02\xD5\xCd\x9am...\xB3\xA6p^\xEc0\xE7\x94L\xCeu\x9b\xCf\x0c`\x91\x19\x83\xAc\xAdS\xFa\xB9>>>\x00\x00\x00\x00\x00\x00\x00\x00\x00...\x00\x00\x00\x00\x00\x00\x00}
03:19:49.719 [qtp399373008-62] DEBUG org.eclipse.jetty.io.ssl.SslConnection - net filled=0
03:19:49.719 [qtp399373008-62] DEBUG org.eclipse.jetty.io.ssl.SslConnection - unwrap net_filled=0 Status = OK HandshakeStatus = NEED_TASK bytesConsumed = 302 bytesProduced = 0 encryptedBuffer=[p=1248,l=1508,c=17408,r=260] unwrapBuffer=HeapByteBuffer@13266df0[p=0,l=0,c=17408,r=0]={<<<>>>\x14\x03\x03\x00\x01\x01\xDb\xC5I...\x00\x00\x00\x00\x00\x00\x00} appBuffer=HeapByteBuffer@13266df0[p=0,l=0,c=17408,r=0]={<<<>>>\x14\x03\x03\x00\x01\x01\xDb\xC5I...\x00\x00\x00\x00\x00\x00\x00}
03:19:49.719 [qtp399373008-62] DEBUG org.eclipse.jetty.io.ssl.SslConnection - fill NEED_TASK
03:19:49.719 [qtp399373008-62] DEBUG org.eclipse.jetty.io.ssl.SslConnection - fill NEED_UNWRAP
03:19:49.719 [qtp399373008-62] DEBUG org.eclipse.jetty.io.ChannelEndPoint - filled 0 HeapByteBuffer@19de0680[p=1248,l=1508,c=17408,r=260]={\x17\x03\x03\x03\xAd\x0b\x00\x03\x88...7=tIW\xA2\x17<<<\x17\x03\x03\x00U\xBb\xEdW\xBc\x13\xC8\x82\nBu\x83\xD1C\xFe\xBc\xF1R\xA5\xB5%...\xB3\xA6p^\xEc0\xE7\x94L\xCeu\x9b\xCf\x0c`\x91\x19\x83\xAc\xAdS\xFa\xB9>>>\x00\x00\x00\x00\x00\x00\x00\x00\x00...\x00\x00\x00\x00\x00\x00\x00}
03:19:49.719 [qtp399373008-62] DEBUG org.eclipse.jetty.io.ssl.SslConnection - net filled=0
03:19:49.720 [qtp399373008-62] DEBUG org.eclipse.jetty.io.ssl.SslConnection - unwrap net_filled=0 Status = OK HandshakeStatus = NEED_WRAP bytesConsumed = 90 bytesProduced = 0 encryptedBuffer=[p=1338,l=1508,c=17408,r=170] unwrapBuffer=HeapByteBuffer@13266df0[p=0,l=0,c=17408,r=0]={<<<>>>\x14\x03\x03\x00\x01\x01\xDb\xC5I...\x00\x00\x00\x00\x00\x00\x00} appBuffer=HeapByteBuffer@13266df0[p=0,l=0,c=17408,r=0]={<<<>>>\x14\x03\x03\x00\x01\x01\xDb\xC5I...\x00\x00\x00\x00\x00\x00\x00}
03:19:49.720 [qtp399373008-62] DEBUG org.eclipse.jetty.io.ssl.SslConnection - fill NEED_WRAP
03:19:49.721 [qtp399373008-62] DEBUG org.eclipse.jetty.io.ssl.SslConnection - >flush SslConnection@1fb47028::SocketChannelEndPoint@37a14526{l=/127.0.0.1:43437,r=/127.0.0.1:54570,OPEN,fill=-,flush=-,to=2/30000}{io=0/0,kio=0,kro=1}->SslConnection@1fb47028{NEED_WRAP,eio=170/-1,di=-1,fill=IDLE,flush=IDLE}~>DecryptedEndPoint@26cff15f{l=/127.0.0.1:43437,r=/127.0.0.1:54570,OPEN,fill=-,flush=-,to=41/30000}=>HttpConnection@498cd880[p=HttpParser{s=START,0 of -1},g=HttpGenerator@46282f88{s=START}]=>HttpChannelOverHttp@4ffa42a0{s=HttpChannelState@1bfa0f73{s=IDLE rs=BLOCKING os=OPEN is=IDLE awp=false se=false i=true al=0},r=0,c=false/false,a=IDLE,uri=null,age=0}
03:19:49.721 [qtp399373008-62] DEBUG org.eclipse.jetty.io.ssl.SslConnection - flush b[0]=HeapByteBuffer@60c04197[p=0,l=0,c=0,r=0]={<<<>>>}
03:19:49.721 [qtp399373008-62] DEBUG org.eclipse.jetty.io.ssl.SslConnection - flush NEED_WRAP
03:19:49.721 [qtp399373008-62] DEBUG org.eclipse.jetty.io.ssl.SslConnection - wrap Status = OK HandshakeStatus = FINISHED bytesConsumed = 0 bytesProduced = 88 [p=0,l=88,c=17408,r=88] ioDone=false/false
03:19:49.721 [qtp399373008-62] DEBUG org.eclipse.jetty.io.ChannelEndPoint - flushed 88 SocketChannelEndPoint@37a14526{l=/127.0.0.1:43437,r=/127.0.0.1:54570,OPEN,fill=-,flush=-,to=3/30000}{io=0/0,kio=0,kro=1}->SslConnection@1fb47028{NOT_HANDSHAKING,eio=170/0,di=-1,fill=IDLE,flush=IDLE}~>DecryptedEndPoint@26cff15f{l=/127.0.0.1:43437,r=/127.0.0.1:54570,OPEN,fill=-,flush=-,to=42/30000}=>HttpConnection@498cd880[p=HttpParser{s=START,0 of -1},g=HttpGenerator@46282f88{s=START}]=>HttpChannelOverHttp@4ffa42a0{s=HttpChannelState@1bfa0f73{s=IDLE rs=BLOCKING os=OPEN is=IDLE awp=false se=false i=true al=0},r=0,c=false/false,a=IDLE,uri=null,age=0}
03:19:49.721 [qtp399373008-62] DEBUG org.eclipse.jetty.io.ssl.SslConnection - net flushed=true, ac=true
03:19:49.721 [qtp399373008-62] DEBUG org.eclipse.jetty.io.ssl.SslConnection - handshake succeeded SslConnection@1fb47028::SocketChannelEndPoint@37a14526{l=/127.0.0.1:43437,r=/127.0.0.1:54570,OPEN,fill=-,flush=-,to=0/30000}{io=0/0,kio=0,kro=1}->SslConnection@1fb47028{NOT_HANDSHAKING,eio=170/0,di=-1,fill=IDLE,flush=IDLE}~>DecryptedEndPoint@26cff15f{l=/127.0.0.1:43437,r=/127.0.0.1:54570,OPEN,fill=-,flush=-,to=42/30000}=>HttpConnection@498cd880[p=HttpParser{s=START,0 of -1},g=HttpGenerator@46282f88{s=START}]=>HttpChannelOverHttp@4ffa42a0{s=HttpChannelState@1bfa0f73{s=IDLE rs=BLOCKING os=OPEN is=IDLE awp=false se=false i=true al=0},r=0,c=false/false,a=IDLE,uri=null,age=0} resumed server TLSv1.3/TLS_AES_256_GCM_SHA384
03:19:49.721 [qtp399373008-62] DEBUG org.eclipse.jetty.io.ssl.SslConnection - <flush true SslConnection@1fb47028::SocketChannelEndPoint@37a14526{l=/127.0.0.1:43437,r=/127.0.0.1:54570,OPEN,fill=-,flush=-,to=0/30000}{io=0/0,kio=0,kro=1}->SslConnection@1fb47028{NOT_HANDSHAKING,eio=170/-1,di=-1,fill=IDLE,flush=IDLE}~>DecryptedEndPoint@26cff15f{l=/127.0.0.1:43437,r=/127.0.0.1:54570,OPEN,fill=-,flush=-,to=42/30000}=>HttpConnection@498cd880[p=HttpParser{s=START,0 of -1},g=HttpGenerator@46282f88{s=START}]=>HttpChannelOverHttp@4ffa42a0{s=HttpChannelState@1bfa0f73{s=IDLE rs=BLOCKING os=OPEN is=IDLE awp=false se=false i=true al=0},r=0,c=false/false,a=IDLE,uri=null,age=0}
03:19:49.721 [qtp399373008-62] DEBUG org.eclipse.jetty.io.ssl.SslConnection - fill NOT_HANDSHAKING
03:19:49.721 [qtp399373008-62] DEBUG org.eclipse.jetty.io.ChannelEndPoint - filled 0 HeapByteBuffer@19de0680[p=1338,l=1508,c=17408,r=170]={\x17\x03\x03\x03\xAd\x0b\x00\x03\x88....~\x9b\xEdl\x1e\xFe<<<\x17\x03\x03\x00\xA5W\x12\xF3A\xFd\xE5\xF7\x88\xA4>&\x89.\xBb\x92\x02\x0c\xAf:\xC9...\xB3\xA6p^\xEc0\xE7\x94L\xCeu\x9b\xCf\x0c`\x91\x19\x83\xAc\xAdS\xFa\xB9>>>\x00\x00\x00\x00\x00\x00\x00\x00\x00...\x00\x00\x00\x00\x00\x00\x00}
03:19:49.721 [qtp399373008-62] DEBUG org.eclipse.jetty.io.ssl.SslConnection - net filled=0
03:19:49.722 [qtp399373008-62] DEBUG org.eclipse.jetty.io.ssl.SslConnection - unwrap net_filled=0 Status = OK HandshakeStatus = NOT_HANDSHAKING bytesConsumed = 170 bytesProduced = 132 encryptedBuffer=[p=1508,l=1508,c=17408,r=0] unwrapBuffer=HeapByteBuffer@13266df0[p=0,l=132,c=17408,r=132]={<<<GET / HTTP/1.1\r\nIf-None-M...gent: okhttp/3.12.3\r\n\r\n>>>L\x8a\xA9s\xC8\x85\xB6\xB0\x04...\x00\x00\x00\x00\x00\x00\x00} appBuffer=HeapByteBuffer@13266df0[p=0,l=132,c=17408,r=132]={<<<GET / HTTP/1.1\r\nIf-None-M...gent: okhttp/3.12.3\r\n\r\n>>>L\x8a\xA9s\xC8\x85\xB6\xB0\x04...\x00\x00\x00\x00\x00\x00\x00}
03:19:49.722 [qtp399373008-62] DEBUG org.eclipse.jetty.io.ssl.SslConnection - <fill f=132 uf=false SslConnection@1fb47028::SocketChannelEndPoint@37a14526{l=/127.0.0.1:43437,r=/127.0.0.1:54570,OPEN,fill=-,flush=-,to=0/30000}{io=0/0,kio=0,kro=1}->SslConnection@1fb47028{NOT_HANDSHAKING,eio=-1/-1,di=-1,fill=IDLE,flush=IDLE}~>DecryptedEndPoint@26cff15f{l=/127.0.0.1:43437,r=/127.0.0.1:54570,OPEN,fill=-,flush=-,to=42/30000}=>HttpConnection@498cd880[p=HttpParser{s=START,0 of -1},g=HttpGenerator@46282f88{s=START}]=>HttpChannelOverHttp@4ffa42a0{s=HttpChannelState@1bfa0f73{s=IDLE rs=BLOCKING os=OPEN is=IDLE awp=false se=false i=true al=0},r=0,c=false/false,a=IDLE,uri=null,age=0}
03:19:49.722 [qtp399373008-62] DEBUG org.eclipse.jetty.server.HttpConnection - HttpConnection@498cd880::DecryptedEndPoint@26cff15f{l=/127.0.0.1:43437,r=/127.0.0.1:54570,OPEN,fill=-,flush=-,to=43/30000} filled 132 HeapByteBuffer@13266df0[p=0,l=132,c=17408,r=132]={<<<GET / HTTP/1.1\r\nIf-None-M...gent: okhttp/3.12.3\r\n\r\n>>>L\x8a\xA9s\xC8\x85\xB6\xB0\x04...\x00\x00\x00\x00\x00\x00\x00}
03:19:49.722 [qtp399373008-62] DEBUG org.eclipse.jetty.server.HttpConnection - HttpConnection@498cd880::DecryptedEndPoint@26cff15f{l=/127.0.0.1:43437,r=/127.0.0.1:54570,OPEN,fill=-,flush=-,to=43/30000} parse HeapByteBuffer@13266df0[p=0,l=132,c=17408,r=132]={<<<GET / HTTP/1.1\r\nIf-None-M...gent: okhttp/3.12.3\r\n\r\n>>>L\x8a\xA9s\xC8\x85\xB6\xB0\x04...\x00\x00\x00\x00\x00\x00\x00} {}
03:19:49.722 [qtp399373008-62] DEBUG org.eclipse.jetty.http.HttpParser - parseNext s=START HeapByteBuffer@13266df0[p=0,l=132,c=17408,r=132]={<<<GET / HTTP/1.1\r\nIf-None-M...gent: okhttp/3.12.3\r\n\r\n>>>L\x8a\xA9s\xC8\x85\xB6\xB0\x04...\x00\x00\x00\x00\x00\x00\x00}
03:19:49.722 [qtp399373008-62] DEBUG org.eclipse.jetty.http.HttpParser - START --> SPACE1
03:19:49.722 [qtp399373008-62] DEBUG org.eclipse.jetty.http.HttpParser - SPACE1 --> URI
03:19:49.722 [qtp399373008-62] DEBUG org.eclipse.jetty.http.HttpParser - URI --> SPACE2
03:19:49.722 [qtp399373008-62] DEBUG org.eclipse.jetty.http.HttpParser - SPACE2 --> REQUEST_VERSION
03:19:49.722 [qtp399373008-62] DEBUG org.eclipse.jetty.http.HttpParser - REQUEST_VERSION --> HEADER
03:19:49.722 [qtp399373008-62] DEBUG org.eclipse.jetty.http.HttpParser - HEADER:If-None-Match --> VALUE
03:19:49.722 [qtp399373008-62] DEBUG org.eclipse.jetty.http.HttpParser - HEADER:If-None-Match --> FIELD
03:19:49.722 [qtp399373008-62] DEBUG org.eclipse.jetty.http.HttpParser - HEADER:Host --> VALUE
03:19:49.722 [qtp399373008-62] DEBUG org.eclipse.jetty.http.HttpParser - HEADER:Host --> IN_VALUE
03:19:49.722 [qtp399373008-62] DEBUG org.eclipse.jetty.http.HttpParser - HEADER:Host --> FIELD
03:19:49.722 [qtp399373008-62] DEBUG org.eclipse.jetty.http.HttpParser - HEADER:Connection: keep-alive --> IN_VALUE
03:19:49.722 [qtp399373008-62] DEBUG org.eclipse.jetty.http.HttpParser - HEADER:Connection: keep-alive --> FIELD
03:19:49.722 [qtp399373008-62] DEBUG org.eclipse.jetty.http.HttpParser - HEADER:Accept-Encoding: gzip --> IN_VALUE
03:19:49.722 [qtp399373008-62] DEBUG org.eclipse.jetty.http.HttpParser - HEADER:Accept-Encoding: gzip --> FIELD
03:19:49.722 [qtp399373008-62] DEBUG org.eclipse.jetty.http.HttpParser - HEADER:User-Agent --> VALUE
03:19:49.722 [qtp399373008-62] DEBUG org.eclipse.jetty.http.HttpParser - HEADER:User-Agent --> IN_VALUE
03:19:49.722 [qtp399373008-62] DEBUG org.eclipse.jetty.http.HttpParser - HEADER:User-Agent --> FIELD
03:19:49.722 [qtp399373008-62] DEBUG org.eclipse.jetty.http.HttpParser - HEADER --> CONTENT
03:19:49.722 [qtp399373008-62] DEBUG org.eclipse.jetty.server.HttpChannel - REQUEST for //localhost:43437/ on HttpChannelOverHttp@4ffa42a0{s=HttpChannelState@1bfa0f73{s=IDLE rs=BLOCKING os=OPEN is=IDLE awp=false se=false i=true al=0},r=1,c=false/false,a=IDLE,uri=//localhost:43437/,age=0}
GET //localhost:43437/ HTTP/1.1
If-None-Match: 
Host: localhost:43437
Connection: keep-alive
Accept-Encoding: gzip
User-Agent: okhttp/3.12.3


03:19:49.722 [qtp399373008-62] DEBUG org.eclipse.jetty.server.HttpConnection - HttpConnection@498cd880::DecryptedEndPoint@26cff15f{l=/127.0.0.1:43437,r=/127.0.0.1:54570,OPEN,fill=-,flush=-,to=43/30000} parsed true HttpParser{s=CONTENT,0 of -1}
03:19:49.722 [qtp399373008-62] DEBUG org.eclipse.jetty.server.HttpConnection - releaseRequestBuffer HttpConnection@498cd880::DecryptedEndPoint@26cff15f{l=/127.0.0.1:43437,r=/127.0.0.1:54570,OPEN,fill=-,flush=-,to=43/30000}
03:19:49.722 [qtp399373008-62] DEBUG org.eclipse.jetty.server.HttpChannel - handle //localhost:43437/ HttpChannelOverHttp@4ffa42a0{s=HttpChannelState@1bfa0f73{s=IDLE rs=BLOCKING os=OPEN is=IDLE awp=false se=false i=true al=0},r=1,c=false/false,a=IDLE,uri=//localhost:43437/,age=0} 
03:19:49.722 [qtp399373008-62] DEBUG org.eclipse.jetty.server.HttpChannelState - handling HttpChannelState@1bfa0f73{s=IDLE rs=BLOCKING os=OPEN is=IDLE awp=false se=false i=true al=0}
03:19:49.722 [qtp399373008-62] DEBUG org.eclipse.jetty.server.HttpChannel - action DISPATCH HttpChannelOverHttp@4ffa42a0{s=HttpChannelState@1bfa0f73{s=HANDLING rs=BLOCKING os=OPEN is=IDLE awp=false se=false i=true al=0},r=1,c=false/false,a=HANDLING,uri=//localhost:43437/,age=0}
03:19:49.722 [qtp399373008-62] DEBUG org.eclipse.jetty.server.SecureRequestCustomizer - Host localhost with SNI null
03:19:49.722 [qtp399373008-62] DEBUG org.eclipse.jetty.server.Server - REQUEST GET / on HttpChannelOverHttp@4ffa42a0{s=HttpChannelState@1bfa0f73{s=HANDLING rs=BLOCKING os=OPEN is=IDLE awp=false se=false i=true al=0},r=1,c=false/false,a=HANDLING,uri=https://localhost:43437/,age=0}
03:19:49.722 [qtp399373008-62] DEBUG org.eclipse.jetty.server.HttpOutput - write(array HeapByteBuffer@5624e1f0[p=0,l=4,c=512,r=4]={<<<test>>>\x00\x00\x00\x00\x00\x00\x00\x00\x00...\x00\x00\x00\x00\x00\x00\x00})
03:19:49.722 [qtp399373008-62] DEBUG org.eclipse.jetty.server.HttpOutput - write(array) s=CLOSING,api=BLOCKED,sc=false,e=null last=true agg=false flush=true async=false, len=4 null
03:19:49.722 [qtp399373008-62] DEBUG org.eclipse.jetty.server.HttpChannel - sendResponse info=null content=HeapByteBuffer@3fa707b2[p=0,l=4,c=512,r=4]={<<<test>>>\x00\x00\x00\x00\x00\x00\x00\x00\x00...\x00\x00\x00\x00\x00\x00\x00} complete=true committing=true callback=Blocker@6738f43e{null}
03:19:49.722 [qtp399373008-62] DEBUG org.eclipse.jetty.server.HttpChannel - COMMIT for / on HttpChannelOverHttp@4ffa42a0{s=HttpChannelState@1bfa0f73{s=HANDLING rs=BLOCKING os=COMMITTED is=IDLE awp=false se=false i=true al=0},r=1,c=false/false,a=HANDLING,uri=https://localhost:43437/,age=0}
200 null HTTP/1.1
Date: Thu, 02 May 2024 02:19:49 GMT
ETag: testEtag
Content-Type: text/plain;charset=utf-8
Content-Length: 4


03:19:49.722 [qtp399373008-62] DEBUG org.eclipse.jetty.server.HttpConnection - generate: NEED_HEADER for SendCallback@47514cc4[PROCESSING][i=HTTP/1.1{s=200,h=4,cl=4},cb=org.eclipse.jetty.server.HttpChannel$SendCallback@360b1ebf] (null,[p=0,l=4,c=512,r=4],true)@START
03:19:49.722 [qtp399373008-62] DEBUG org.eclipse.jetty.http.HttpGenerator - generateHeaders HTTP/1.1{s=200,h=4,cl=4} last=true content=HeapByteBuffer@3fa707b2[p=0,l=4,c=512,r=4]={<<<test>>>\x00\x00\x00\x00\x00\x00\x00\x00\x00...\x00\x00\x00\x00\x00\x00\x00}
03:19:49.722 [qtp399373008-62] DEBUG org.eclipse.jetty.http.HttpGenerator - Date: Thu, 02 May 2024 02:19:49 GMT
ETag: testEtag
Content-Type: text/plain;charset=utf-8
Content-Length: 4


03:19:49.722 [qtp399373008-62] DEBUG org.eclipse.jetty.http.HttpGenerator - CONTENT_LENGTH
03:19:49.722 [qtp399373008-62] DEBUG org.eclipse.jetty.server.HttpConnection - generate: FLUSH for SendCallback@47514cc4[PROCESSING][i=HTTP/1.1{s=200,h=4,cl=4},cb=org.eclipse.jetty.server.HttpChannel$SendCallback@360b1ebf] ([p=0,l=164,c=8192,r=164],[p=0,l=4,c=512,r=4],true)@COMPLETING
03:19:49.722 [qtp399373008-62] DEBUG org.eclipse.jetty.io.WriteFlusher - write: WriteFlusher@3196055b{IDLE}->null [HeapByteBuffer@3e9173d4[p=0,l=164,c=8192,r=164]={<<<HTTP/1.1 200 OK\r\nDate: Th...y(9.4.44.v20210927)\r\n\r\n>>>\x00\x00\x00\x00\x00\x00\x00\x00\x00...\x00\x00\x00\x00\x00\x00\x00},HeapByteBuffer@3fa707b2[p=0,l=4,c=512,r=4]={<<<test>>>\x00\x00\x00\x00\x00\x00\x00\x00\x00...\x00\x00\x00\x00\x00\x00\x00}]
03:19:49.723 [qtp399373008-62] DEBUG org.eclipse.jetty.io.WriteFlusher - update WriteFlusher@3196055b{WRITING}->null:IDLE-->WRITING
03:19:49.723 [qtp399373008-62] DEBUG org.eclipse.jetty.io.ssl.SslConnection - >flush SslConnection@1fb47028::SocketChannelEndPoint@37a14526{l=/127.0.0.1:43437,r=/127.0.0.1:54570,OPEN,fill=-,flush=-,to=1/30000}{io=0/0,kio=0,kro=1}->SslConnection@1fb47028{NOT_HANDSHAKING,eio=-1/-1,di=-1,fill=IDLE,flush=IDLE}~>DecryptedEndPoint@26cff15f{l=/127.0.0.1:43437,r=/127.0.0.1:54570,OPEN,fill=-,flush=W,to=44/30000}=>HttpConnection@498cd880[p=HttpParser{s=CONTENT,0 of -1},g=HttpGenerator@46282f88{s=COMPLETING}]=>HttpChannelOverHttp@4ffa42a0{s=HttpChannelState@1bfa0f73{s=HANDLING rs=BLOCKING os=COMMITTED is=IDLE awp=false se=false i=true al=0},r=1,c=false/false,a=HANDLING,uri=https://localhost:43437/,age=1}
03:19:49.723 [qtp399373008-62] DEBUG org.eclipse.jetty.io.ssl.SslConnection - flush b[0]=HeapByteBuffer@3e9173d4[p=0,l=164,c=8192,r=164]={<<<HTTP/1.1 200 OK\r\nDate: Th...y(9.4.44.v20210927)\r\n\r\n>>>\x00\x00\x00\x00\x00\x00\x00\x00\x00...\x00\x00\x00\x00\x00\x00\x00}
03:19:49.723 [qtp399373008-62] DEBUG org.eclipse.jetty.io.ssl.SslConnection - flush b[1]=HeapByteBuffer@3fa707b2[p=0,l=4,c=512,r=4]={<<<test>>>\x00\x00\x00\x00\x00\x00\x00\x00\x00...\x00\x00\x00\x00\x00\x00\x00}
03:19:49.723 [qtp399373008-62] DEBUG org.eclipse.jetty.io.ssl.SslConnection - flush NOT_HANDSHAKING
03:19:49.723 [qtp399373008-62] DEBUG org.eclipse.jetty.io.ssl.SslConnection - wrap Status = OK HandshakeStatus = NOT_HANDSHAKING bytesConsumed = 168 bytesProduced = 206 [p=0,l=206,c=17408,r=206] ioDone=false/false
03:19:49.723 [qtp399373008-62] DEBUG org.eclipse.jetty.io.ChannelEndPoint - flushed 206 SocketChannelEndPoint@37a14526{l=/127.0.0.1:43437,r=/127.0.0.1:54570,OPEN,fill=-,flush=-,to=1/30000}{io=0/0,kio=0,kro=1}->SslConnection@1fb47028{NOT_HANDSHAKING,eio=-1/0,di=-1,fill=IDLE,flush=IDLE}~>DecryptedEndPoint@26cff15f{l=/127.0.0.1:43437,r=/127.0.0.1:54570,OPEN,fill=-,flush=W,to=44/30000}=>HttpConnection@498cd880[p=HttpParser{s=CONTENT,0 of -1},g=HttpGenerator@46282f88{s=COMPLETING}]=>HttpChannelOverHttp@4ffa42a0{s=HttpChannelState@1bfa0f73{s=HANDLING rs=BLOCKING os=COMMITTED is=IDLE awp=false se=false i=true al=0},r=1,c=false/false,a=HANDLING,uri=https://localhost:43437/,age=1}
03:19:49.723 [qtp399373008-62] DEBUG org.eclipse.jetty.io.ssl.SslConnection - net flushed=true, ac=true
03:19:49.723 [qtp399373008-62] DEBUG org.eclipse.jetty.io.ssl.SslConnection - <flush true SslConnection@1fb47028::SocketChannelEndPoint@37a14526{l=/127.0.0.1:43437,r=/127.0.0.1:54570,OPEN,fill=-,flush=-,to=0/30000}{io=0/0,kio=0,kro=1}->SslConnection@1fb47028{NOT_HANDSHAKING,eio=-1/-1,di=-1,fill=IDLE,flush=IDLE}~>DecryptedEndPoint@26cff15f{l=/127.0.0.1:43437,r=/127.0.0.1:54570,OPEN,fill=-,flush=W,to=44/30000}=>HttpConnection@498cd880[p=HttpParser{s=CONTENT,0 of -1},g=HttpGenerator@46282f88{s=COMPLETING}]=>HttpChannelOverHttp@4ffa42a0{s=HttpChannelState@1bfa0f73{s=HANDLING rs=BLOCKING os=COMMITTED is=IDLE awp=false se=false i=true al=0},r=1,c=false/false,a=HANDLING,uri=https://localhost:43437/,age=1}
03:19:49.723 [qtp399373008-62] DEBUG org.eclipse.jetty.io.WriteFlusher - Flushed=true written=168 remaining=0 WriteFlusher@3196055b{WRITING}->null
03:19:49.723 [qtp399373008-62] DEBUG org.eclipse.jetty.io.WriteFlusher - update WriteFlusher@3196055b{IDLE}->null:WRITING-->IDLE
03:19:49.723 [main] DEBUG org.apache.nifi.minifi.bootstrap.configuration.ingestors.PullHttpChangeIngestor - Response received: Response{protocol=http/1.1, code=200, message=OK, url=https://localhost:43437/}
03:19:49.723 [qtp399373008-62] DEBUG org.eclipse.jetty.server.HttpConnection - generate: DONE for SendCallback@47514cc4[PROCESSING][i=HTTP/1.1{s=200,h=4,cl=4},cb=org.eclipse.jetty.server.HttpChannel$SendCallback@360b1ebf] ([p=164,l=164,c=8192,r=0],[p=4,l=4,c=512,r=0],true)@END
03:19:49.723 [qtp399373008-62] DEBUG org.eclipse.jetty.server.HttpOutput - onWriteComplete(true,null) s=CLOSING,api=BLOCKED,sc=false,e=null->s=CLOSED,api=BLOCKING,sc=false,e=null c=null cb=null w=false
03:19:49.723 [qtp399373008-62] DEBUG org.eclipse.jetty.server.HttpOutput - close() s=CLOSED,api=BLOCKING,sc=false,e=null c=null b=null
03:19:49.723 [qtp399373008-62] DEBUG org.eclipse.jetty.server.Server - handled=true async=false committed=true on HttpChannelOverHttp@4ffa42a0{s=HttpChannelState@1bfa0f73{s=HANDLING rs=BLOCKING os=COMPLETED is=IDLE awp=false se=false i=true al=0},r=1,c=false/true,a=HANDLING,uri=https://localhost:43437/,age=1}
03:19:49.723 [main] DEBUG org.apache.nifi.minifi.bootstrap.configuration.ingestors.PullHttpChangeIngestor - New change received, notifying listener
03:19:49.723 [qtp399373008-62] DEBUG org.eclipse.jetty.server.HttpChannelState - unhandle HttpChannelState@1bfa0f73{s=HANDLING rs=BLOCKING os=COMPLETED is=IDLE awp=false se=false i=true al=0}
03:19:49.723 [qtp399373008-62] DEBUG org.eclipse.jetty.server.HttpChannelState - nextAction(false) COMPLETE HttpChannelState@1bfa0f73{s=HANDLING rs=COMPLETING os=COMPLETED is=IDLE awp=false se=false i=false al=0}
03:19:49.723 [qtp399373008-62] DEBUG org.eclipse.jetty.server.HttpChannel - action COMPLETE HttpChannelOverHttp@4ffa42a0{s=HttpChannelState@1bfa0f73{s=HANDLING rs=COMPLETING os=COMPLETED is=IDLE awp=false se=false i=false al=0},r=1,c=false/true,a=HANDLING,uri=https://localhost:43437/,age=1}
03:19:49.723 [main] DEBUG org.apache.nifi.minifi.bootstrap.configuration.ingestors.PullHttpChangeIngestor - Listeners notified
03:19:49.724 [qtp399373008-62] DEBUG org.eclipse.jetty.server.HttpOutput - complete(org.eclipse.jetty.util.Callback$3@112f8e53) s=CLOSED,api=BLOCKING,sc=false,e=null s=true e=null, c=null
03:19:49.724 [qtp399373008-62] DEBUG org.eclipse.jetty.server.HttpChannelState - completed HttpChannelState@1bfa0f73{s=HANDLING rs=COMPLETING os=COMPLETED is=IDLE awp=false se=false i=false al=0}
03:19:49.724 [main] DEBUG org.apache.nifi.minifi.bootstrap.configuration.ingestors.PullHttpChangeIngestor - Attempting to pull new config
03:19:49.724 [qtp399373008-62] DEBUG org.eclipse.jetty.server.HttpChannelState - unhandle HttpChannelState@1bfa0f73{s=HANDLING rs=COMPLETED os=COMPLETED is=IDLE awp=false se=false i=false al=0}
03:19:49.724 [qtp399373008-62] DEBUG org.eclipse.jetty.server.HttpChannelState - nextAction(false) TERMINATED HttpChannelState@1bfa0f73{s=IDLE rs=COMPLETED os=COMPLETED is=IDLE awp=false se=false i=false al=0}
03:19:49.724 [qtp399373008-62] DEBUG org.eclipse.jetty.server.HttpChannel - action TERMINATED HttpChannelOverHttp@4ffa42a0{s=HttpChannelState@1bfa0f73{s=IDLE rs=COMPLETED os=COMPLETED is=IDLE awp=false se=false i=false al=0},r=1,c=true/true,a=IDLE,uri=https://localhost:43437/,age=2}
03:19:49.724 [qtp399373008-62] DEBUG org.eclipse.jetty.server.HttpChannel - onCompleted for / written=4
03:19:49.724 [qtp399373008-62] DEBUG org.eclipse.jetty.io.ssl.SslConnection - >fill SslConnection@1fb47028::SocketChannelEndPoint@37a14526{l=/127.0.0.1:43437,r=/127.0.0.1:54570,OPEN,fill=-,flush=-,to=0/30000}{io=0/0,kio=0,kro=1}->SslConnection@1fb47028{NOT_HANDSHAKING,eio=-1/-1,di=-1,fill=IDLE,flush=IDLE}~>DecryptedEndPoint@26cff15f{l=/127.0.0.1:43437,r=/127.0.0.1:54570,OPEN,fill=-,flush=-,to=45/30000}=>HttpConnection@498cd880[p=HttpParser{s=CONTENT,0 of -1},g=HttpGenerator@46282f88{s=END}]=>HttpChannelOverHttp@4ffa42a0{s=HttpChannelState@1bfa0f73{s=IDLE rs=COMPLETED os=COMPLETED is=IDLE awp=false se=false i=false al=0},r=1,c=true/true,a=IDLE,uri=https://localhost:43437/,age=2}
03:19:49.724 [qtp399373008-62] DEBUG org.eclipse.jetty.io.ssl.SslConnection - fill NOT_HANDSHAKING
03:19:49.724 [qtp399373008-62] DEBUG org.eclipse.jetty.io.ChannelEndPoint - filled 0 HeapByteBuffer@13266df0[p=0,l=0,c=17408,r=0]={<<<>>>GET / HTT...\x00\x00\x00\x00\x00\x00\x00}
03:19:49.724 [qtp399373008-62] DEBUG org.eclipse.jetty.io.ssl.SslConnection - net filled=0
03:19:49.724 [qtp399373008-62] DEBUG org.eclipse.jetty.io.ssl.SslConnection - unwrap net_filled=0 Status = BUFFER_UNDERFLOW HandshakeStatus = NOT_HANDSHAKING bytesConsumed = 0 bytesProduced = 0 encryptedBuffer=[p=0,l=0,c=17408,r=0] unwrapBuffer=HeapByteBuffer@19de0680[p=0,l=0,c=17408,r=0]={<<<>>>\x17\x03\x03\x03\xAd\x0b\x00\x03\x88...\x00\x00\x00\x00\x00\x00\x00} appBuffer=HeapByteBuffer@19de0680[p=0,l=0,c=17408,r=0]={<<<>>>\x17\x03\x03\x03\xAd\x0b\x00\x03\x88...\x00\x00\x00\x00\x00\x00\x00}
03:19:49.724 [qtp399373008-62] DEBUG org.eclipse.jetty.io.ssl.SslConnection - <fill f=0 uf=true SslConnection@1fb47028::SocketChannelEndPoint@37a14526{l=/127.0.0.1:43437,r=/127.0.0.1:54570,OPEN,fill=-,flush=-,to=0/30000}{io=0/0,kio=0,kro=1}->SslConnection@1fb47028{NOT_HANDSHAKING,eio=-1/-1,di=-1,fill=IDLE,flush=IDLE}~>DecryptedEndPoint@26cff15f{l=/127.0.0.1:43437,r=/127.0.0.1:54570,OPEN,fill=-,flush=-,to=45/30000}=>HttpConnection@498cd880[p=HttpParser{s=CONTENT,0 of -1},g=HttpGenerator@46282f88{s=END}]=>HttpChannelOverHttp@4ffa42a0{s=HttpChannelState@1bfa0f73{s=IDLE rs=COMPLETED os=COMPLETED is=IDLE awp=false se=false i=false al=0},r=1,c=true/true,a=IDLE,uri=https://localhost:43437/,age=2}
03:19:49.724 [qtp399373008-62] DEBUG org.eclipse.jetty.io.ssl.SslConnection - >fill SslConnection@1fb47028::SocketChannelEndPoint@37a14526{l=/127.0.0.1:43437,r=/127.0.0.1:54570,OPEN,fill=-,flush=-,to=0/30000}{io=0/0,kio=0,kro=1}->SslConnection@1fb47028{NOT_HANDSHAKING,eio=-1/-1,di=-1,fill=IDLE,flush=IDLE}~>DecryptedEndPoint@26cff15f{l=/127.0.0.1:43437,r=/127.0.0.1:54570,OPEN,fill=-,flush=-,to=45/30000}=>HttpConnection@498cd880[p=HttpParser{s=CONTENT,0 of -1},g=HttpGenerator@46282f88{s=END}]=>HttpChannelOverHttp@4ffa42a0{s=HttpChannelState@1bfa0f73{s=IDLE rs=COMPLETED os=COMPLETED is=IDLE awp=false se=false i=false al=0},r=1,c=true/true,a=IDLE,uri=https://localhost:43437/,age=2}
03:19:49.724 [qtp399373008-62] DEBUG org.eclipse.jetty.io.ssl.SslConnection - fill NOT_HANDSHAKING
03:19:49.724 [qtp399373008-62] DEBUG org.eclipse.jetty.io.ChannelEndPoint - filled 180 HeapByteBuffer@1719ebcb[p=0,l=180,c=17408,r=180]={<<<\x17\x03\x03\x00\xAf_\xEb\x00\xBf\n\xFf\xEf\x05\xCa\x1d\x8e\xB0\xE8U\x9f\x02$;\x8c\x1d...\xBc\x81\xAb\xB1\x1f\x9b\xE8\xB7=p\x96CB\xB01\xF4a\x7fz4\x18\x1cv>>>\xA8!\xA4]\xE3\x0b\xD6/\xD1...\x00\x00\x00\x00\x00\x00\x00}
03:19:49.724 [qtp399373008-62] DEBUG org.eclipse.jetty.io.ssl.SslConnection - net filled=180
03:19:49.724 [qtp399373008-62] DEBUG org.eclipse.jetty.io.ssl.SslConnection - unwrap net_filled=180 Status = OK HandshakeStatus = NOT_HANDSHAKING bytesConsumed = 180 bytesProduced = 142 encryptedBuffer=[p=180,l=180,c=17408,r=0] unwrapBuffer=HeapByteBuffer@19de0680[p=0,l=142,c=17408,r=142]={<<<GET / HTTP/1.1\r\nIf-None-M...gent: okhttp/3.12.3\r\n\r\n>>>0\x10\x06\x03U\x04\x03\x0c\t...\x00\x00\x00\x00\x00\x00\x00} appBuffer=HeapByteBuffer@19de0680[p=0,l=142,c=17408,r=142]={<<<GET / HTTP/1.1\r\nIf-None-M...gent: okhttp/3.12.3\r\n\r\n>>>0\x10\x06\x03U\x04\x03\x0c\t...\x00\x00\x00\x00\x00\x00\x00}
03:19:49.724 [qtp399373008-62] DEBUG org.eclipse.jetty.io.ssl.SslConnection - <fill f=142 uf=false SslConnection@1fb47028::SocketChannelEndPoint@37a14526{l=/127.0.0.1:43437,r=/127.0.0.1:54570,OPEN,fill=-,flush=-,to=0/30000}{io=0/0,kio=0,kro=1}->SslConnection@1fb47028{NOT_HANDSHAKING,eio=-1/-1,di=-1,fill=IDLE,flush=IDLE}~>DecryptedEndPoint@26cff15f{l=/127.0.0.1:43437,r=/127.0.0.1:54570,OPEN,fill=-,flush=-,to=45/30000}=>HttpConnection@498cd880[p=HttpParser{s=CONTENT,0 of -1},g=HttpGenerator@46282f88{s=END}]=>HttpChannelOverHttp@4ffa42a0{s=HttpChannelState@1bfa0f73{s=IDLE rs=COMPLETED os=COMPLETED is=IDLE awp=false se=false i=false al=0},r=1,c=true/true,a=IDLE,uri=https://localhost:43437/,age=2}
03:19:49.724 [qtp399373008-62] DEBUG org.eclipse.jetty.server.HttpConnection - HttpConnection@498cd880::DecryptedEndPoint@26cff15f{l=/127.0.0.1:43437,r=/127.0.0.1:54570,OPEN,fill=-,flush=-,to=45/30000} filled 142 HeapByteBuffer@19de0680[p=0,l=142,c=17408,r=142]={<<<GET / HTTP/1.1\r\nIf-None-M...gent: okhttp/3.12.3\r\n\r\n>>>0\x10\x06\x03U\x04\x03\x0c\t...\x00\x00\x00\x00\x00\x00\x00}
03:19:49.724 [qtp399373008-62] DEBUG org.eclipse.jetty.server.HttpConnection - HttpConnection@498cd880::DecryptedEndPoint@26cff15f{l=/127.0.0.1:43437,r=/127.0.0.1:54570,OPEN,fill=-,flush=-,to=45/30000} parse HeapByteBuffer@19de0680[p=0,l=142,c=17408,r=142]={<<<GET / HTTP/1.1\r\nIf-None-M...gent: okhttp/3.12.3\r\n\r\n>>>0\x10\x06\x03U\x04\x03\x0c\t...\x00\x00\x00\x00\x00\x00\x00} {}
03:19:49.724 [qtp399373008-62] DEBUG org.eclipse.jetty.http.HttpParser - parseNext s=CONTENT HeapByteBuffer@19de0680[p=0,l=142,c=17408,r=142]={<<<GET / HTTP/1.1\r\nIf-None-M...gent: okhttp/3.12.3\r\n\r\n>>>0\x10\x06\x03U\x04\x03\x0c\t...\x00\x00\x00\x00\x00\x00\x00}
03:19:49.724 [qtp399373008-62] DEBUG org.eclipse.jetty.http.HttpParser - CONTENT --> CONTENT_END
03:19:49.724 [qtp399373008-62] DEBUG org.eclipse.jetty.server.HttpChannel - onContentComplete HttpChannelOverHttp@4ffa42a0{s=HttpChannelState@1bfa0f73{s=IDLE rs=COMPLETED os=COMPLETED is=IDLE awp=false se=false i=false al=0},r=1,c=true/true,a=IDLE,uri=https://localhost:43437/,age=2}
03:19:49.724 [qtp399373008-62] DEBUG org.eclipse.jetty.http.HttpParser - CONTENT_END --> END
03:19:49.724 [qtp399373008-62] DEBUG org.eclipse.jetty.server.HttpChannel - onRequestComplete HttpChannelOverHttp@4ffa42a0{s=HttpChannelState@1bfa0f73{s=IDLE rs=COMPLETED os=COMPLETED is=IDLE awp=false se=false i=false al=0},r=1,c=true/true,a=IDLE,uri=https://localhost:43437/,age=2}
03:19:49.724 [qtp399373008-62] DEBUG org.eclipse.jetty.server.HttpInput - HttpInputOverHTTP@5c55c7de[c=0,q=0,[0]=null,s=STREAM] addContent EOF
03:19:49.724 [qtp399373008-62] DEBUG org.eclipse.jetty.server.HttpConnection - HttpConnection@498cd880::DecryptedEndPoint@26cff15f{l=/127.0.0.1:43437,r=/127.0.0.1:54570,OPEN,fill=-,flush=-,to=45/30000} parsed false HttpParser{s=END,0 of -1}
03:19:49.724 [qtp399373008-62] DEBUG org.eclipse.jetty.server.HttpChannelState - recycle HttpChannelState@1bfa0f73{s=IDLE rs=COMPLETED os=COMPLETED is=IDLE awp=false se=false i=false al=0}
03:19:49.724 [qtp399373008-62] DEBUG org.eclipse.jetty.http.HttpParser - reset HttpParser{s=END,0 of -1}
03:19:49.725 [qtp399373008-62] DEBUG org.eclipse.jetty.http.HttpParser - END --> START
03:19:49.725 [qtp399373008-62] DEBUG org.eclipse.jetty.server.HttpChannel - !handle TERMINATED HttpChannelOverHttp@4ffa42a0{s=HttpChannelState@1bfa0f73{s=IDLE rs=BLOCKING os=OPEN is=IDLE awp=false se=false i=true al=0},r=1,c=false/false,a=IDLE,uri=null,age=0}
03:19:49.725 [qtp399373008-62] DEBUG org.eclipse.jetty.server.HttpConnection - HttpConnection@498cd880::DecryptedEndPoint@26cff15f{l=/127.0.0.1:43437,r=/127.0.0.1:54570,OPEN,fill=-,flush=-,to=45/30000} parse HeapByteBuffer@19de0680[p=0,l=142,c=17408,r=142]={<<<GET / HTTP/1.1\r\nIf-None-M...gent: okhttp/3.12.3\r\n\r\n>>>0\x10\x06\x03U\x04\x03\x0c\t...\x00\x00\x00\x00\x00\x00\x00} {}
03:19:49.725 [qtp399373008-62] DEBUG org.eclipse.jetty.http.HttpParser - parseNext s=START HeapByteBuffer@19de0680[p=0,l=142,c=17408,r=142]={<<<GET / HTTP/1.1\r\nIf-None-M...gent: okhttp/3.12.3\r\n\r\n>>>0\x10\x06\x03U\x04\x03\x0c\t...\x00\x00\x00\x00\x00\x00\x00}
03:19:49.725 [qtp399373008-62] DEBUG org.eclipse.jetty.http.HttpParser - START --> SPACE1
03:19:49.725 [qtp399373008-62] DEBUG org.eclipse.jetty.http.HttpParser - SPACE1 --> URI
03:19:49.725 [qtp399373008-62] DEBUG org.eclipse.jetty.http.HttpParser - URI --> SPACE2
03:19:49.725 [qtp399373008-62] DEBUG org.eclipse.jetty.http.HttpParser - SPACE2 --> REQUEST_VERSION
03:19:49.725 [qtp399373008-62] DEBUG org.eclipse.jetty.http.HttpParser - REQUEST_VERSION --> HEADER
03:19:49.725 [qtp399373008-62] DEBUG org.eclipse.jetty.http.HttpParser - HEADER:If-None-Match --> VALUE
03:19:49.725 [qtp399373008-62] DEBUG org.eclipse.jetty.http.HttpParser - HEADER:If-None-Match --> IN_VALUE
03:19:49.725 [qtp399373008-62] DEBUG org.eclipse.jetty.http.HttpParser - HEADER:If-None-Match --> FIELD
03:19:49.725 [qtp399373008-62] DEBUG org.eclipse.jetty.http.HttpParser - HEADER:Host: localhost:43437 --> IN_VALUE
03:19:49.725 [qtp399373008-62] DEBUG org.eclipse.jetty.http.HttpParser - HEADER:Host: localhost:43437 --> FIELD
03:19:49.725 [qtp399373008-62] DEBUG org.eclipse.jetty.http.HttpParser - HEADER:Connection: keep-alive --> IN_VALUE
03:19:49.725 [qtp399373008-62] DEBUG org.eclipse.jetty.http.HttpParser - HEADER:Connection: keep-alive --> FIELD
03:19:49.725 [qtp399373008-62] DEBUG org.eclipse.jetty.http.HttpParser - HEADER:Accept-Encoding: gzip --> IN_VALUE
03:19:49.725 [qtp399373008-62] DEBUG org.eclipse.jetty.http.HttpParser - HEADER:Accept-Encoding: gzip --> FIELD
03:19:49.725 [qtp399373008-62] DEBUG org.eclipse.jetty.http.HttpParser - HEADER:User-Agent: okhttp/3.12.3 --> IN_VALUE
03:19:49.725 [qtp399373008-62] DEBUG org.eclipse.jetty.http.HttpParser - HEADER:User-Agent: okhttp/3.12.3 --> FIELD
03:19:49.725 [qtp399373008-62] DEBUG org.eclipse.jetty.http.HttpParser - HEADER --> CONTENT
03:19:49.725 [qtp399373008-62] DEBUG org.eclipse.jetty.server.HttpChannel - REQUEST for //localhost:43437/ on HttpChannelOverHttp@4ffa42a0{s=HttpChannelState@1bfa0f73{s=IDLE rs=BLOCKING os=OPEN is=IDLE awp=false se=false i=true al=0},r=2,c=false/false,a=IDLE,uri=//localhost:43437/,age=0}
GET //localhost:43437/ HTTP/1.1
If-None-Match: "testEtag"
Host: localhost:43437
Connection: keep-alive
Accept-Encoding: gzip
User-Agent: okhttp/3.12.3


03:19:49.725 [qtp399373008-62] DEBUG org.eclipse.jetty.server.HttpConnection - HttpConnection@498cd880::DecryptedEndPoint@26cff15f{l=/127.0.0.1:43437,r=/127.0.0.1:54570,OPEN,fill=-,flush=-,to=46/30000} parsed true HttpParser{s=CONTENT,0 of -1}
03:19:49.725 [qtp399373008-62] DEBUG org.eclipse.jetty.server.HttpConnection - releaseRequestBuffer HttpConnection@498cd880::DecryptedEndPoint@26cff15f{l=/127.0.0.1:43437,r=/127.0.0.1:54570,OPEN,fill=-,flush=-,to=46/30000}
03:19:49.725 [qtp399373008-62] DEBUG org.eclipse.jetty.server.HttpChannel - handle //localhost:43437/ HttpChannelOverHttp@4ffa42a0{s=HttpChannelState@1bfa0f73{s=IDLE rs=BLOCKING os=OPEN is=IDLE awp=false se=false i=true al=0},r=2,c=false/false,a=IDLE,uri=//localhost:43437/,age=0} 
03:19:49.725 [qtp399373008-62] DEBUG org.eclipse.jetty.server.HttpChannelState - handling HttpChannelState@1bfa0f73{s=IDLE rs=BLOCKING os=OPEN is=IDLE awp=false se=false i=true al=0}
03:19:49.725 [qtp399373008-62] DEBUG org.eclipse.jetty.server.HttpChannel - action DISPATCH HttpChannelOverHttp@4ffa42a0{s=HttpChannelState@1bfa0f73{s=HANDLING rs=BLOCKING os=OPEN is=IDLE awp=false se=false i=true al=0},r=2,c=false/false,a=HANDLING,uri=//localhost:43437/,age=0}
03:19:49.725 [qtp399373008-62] DEBUG org.eclipse.jetty.server.SecureRequestCustomizer - Host localhost with SNI null
03:19:49.725 [qtp399373008-62] DEBUG org.eclipse.jetty.server.Server - REQUEST GET / on HttpChannelOverHttp@4ffa42a0{s=HttpChannelState@1bfa0f73{s=HANDLING rs=BLOCKING os=OPEN is=IDLE awp=false se=false i=true al=0},r=2,c=false/false,a=HANDLING,uri=https://localhost:43437/,age=0}
03:19:49.725 [qtp399373008-62] DEBUG org.eclipse.jetty.server.Server - handled=true async=false committed=false on HttpChannelOverHttp@4ffa42a0{s=HttpChannelState@1bfa0f73{s=HANDLING rs=BLOCKING os=OPEN is=IDLE awp=false se=false i=true al=0},r=2,c=false/false,a=HANDLING,uri=https://localhost:43437/,age=0}
03:19:49.725 [qtp399373008-62] DEBUG org.eclipse.jetty.server.HttpChannelState - unhandle HttpChannelState@1bfa0f73{s=HANDLING rs=BLOCKING os=OPEN is=IDLE awp=false se=false i=true al=0}
03:19:49.725 [qtp399373008-62] DEBUG org.eclipse.jetty.server.HttpChannelState - nextAction(false) COMPLETE HttpChannelState@1bfa0f73{s=HANDLING rs=COMPLETING os=OPEN is=IDLE awp=false se=false i=false al=0}
03:19:49.725 [qtp399373008-62] DEBUG org.eclipse.jetty.server.HttpChannel - action COMPLETE HttpChannelOverHttp@4ffa42a0{s=HttpChannelState@1bfa0f73{s=HANDLING rs=COMPLETING os=OPEN is=IDLE awp=false se=false i=false al=0},r=2,c=false/false,a=HANDLING,uri=https://localhost:43437/,age=0}
03:19:49.725 [qtp399373008-62] DEBUG org.eclipse.jetty.io.ssl.SslConnection - >fill SslConnection@1fb47028::SocketChannelEndPoint@37a14526{l=/127.0.0.1:43437,r=/127.0.0.1:54570,OPEN,fill=-,flush=-,to=0/30000}{io=0/0,kio=0,kro=1}->SslConnection@1fb47028{NOT_HANDSHAKING,eio=-1/-1,di=-1,fill=IDLE,flush=IDLE}~>DecryptedEndPoint@26cff15f{l=/127.0.0.1:43437,r=/127.0.0.1:54570,OPEN,fill=-,flush=-,to=46/30000}=>HttpConnection@498cd880[p=HttpParser{s=CONTENT,0 of -1},g=HttpGenerator@46282f88{s=START}]=>HttpChannelOverHttp@4ffa42a0{s=HttpChannelState@1bfa0f73{s=HANDLING rs=COMPLETING os=OPEN is=IDLE awp=false se=false i=false al=0},r=2,c=false/false,a=HANDLING,uri=https://localhost:43437/,age=0}
03:19:49.725 [qtp399373008-62] DEBUG org.eclipse.jetty.io.ssl.SslConnection - fill NOT_HANDSHAKING
03:19:49.725 [qtp399373008-62] DEBUG org.eclipse.jetty.io.ChannelEndPoint - filled 0 HeapByteBuffer@1719ebcb[p=0,l=0,c=17408,r=0]={<<<>>>\x17\x03\x03\x00\xAfGET ...\x00\x00\x00\x00\x00\x00\x00}
03:19:49.725 [qtp399373008-62] DEBUG org.eclipse.jetty.io.ssl.SslConnection - net filled=0
03:19:49.725 [qtp399373008-62] DEBUG org.eclipse.jetty.io.ssl.SslConnection - unwrap net_filled=0 Status = BUFFER_UNDERFLOW HandshakeStatus = NOT_HANDSHAKING bytesConsumed = 0 bytesProduced = 0 encryptedBuffer=[p=0,l=0,c=17408,r=0] unwrapBuffer=HeapByteBuffer@13266df0[p=0,l=0,c=17408,r=0]={<<<>>>GET / HTT...\x00\x00\x00\x00\x00\x00\x00} appBuffer=HeapByteBuffer@13266df0[p=0,l=0,c=17408,r=0]={<<<>>>GET / HTT...\x00\x00\x00\x00\x00\x00\x00}
03:19:49.725 [qtp399373008-62] DEBUG org.eclipse.jetty.io.ssl.SslConnection - <fill f=0 uf=true SslConnection@1fb47028::SocketChannelEndPoint@37a14526{l=/127.0.0.1:43437,r=/127.0.0.1:54570,OPEN,fill=-,flush=-,to=1/30000}{io=0/0,kio=0,kro=1}->SslConnection@1fb47028{NOT_HANDSHAKING,eio=-1/-1,di=-1,fill=IDLE,flush=IDLE}~>DecryptedEndPoint@26cff15f{l=/127.0.0.1:43437,r=/127.0.0.1:54570,OPEN,fill=-,flush=-,to=46/30000}=>HttpConnection@498cd880[p=HttpParser{s=CONTENT,0 of -1},g=HttpGenerator@46282f88{s=START}]=>HttpChannelOverHttp@4ffa42a0{s=HttpChannelState@1bfa0f73{s=HANDLING rs=COMPLETING os=OPEN is=IDLE awp=false se=false i=false al=0},r=2,c=false/false,a=HANDLING,uri=https://localhost:43437/,age=0}
03:19:49.725 [qtp399373008-62] DEBUG org.eclipse.jetty.io.ssl.SslConnection - >fill SslConnection@1fb47028::SocketChannelEndPoint@37a14526{l=/127.0.0.1:43437,r=/127.0.0.1:54570,OPEN,fill=-,flush=-,to=1/30000}{io=0/0,kio=0,kro=1}->SslConnection@1fb47028{NOT_HANDSHAKING,eio=-1/-1,di=-1,fill=IDLE,flush=IDLE}~>DecryptedEndPoint@26cff15f{l=/127.0.0.1:43437,r=/127.0.0.1:54570,OPEN,fill=-,flush=-,to=46/30000}=>HttpConnection@498cd880[p=HttpParser{s=CONTENT,0 of -1},g=HttpGenerator@46282f88{s=START}]=>HttpChannelOverHttp@4ffa42a0{s=HttpChannelState@1bfa0f73{s=HANDLING rs=COMPLETING os=OPEN is=IDLE awp=false se=false i=false al=0},r=2,c=false/false,a=HANDLING,uri=https://localhost:43437/,age=0}
03:19:49.725 [qtp399373008-62] DEBUG org.eclipse.jetty.io.ssl.SslConnection - fill NOT_HANDSHAKING
03:19:49.725 [qtp399373008-62] DEBUG org.eclipse.jetty.io.ChannelEndPoint - filled 0 HeapByteBuffer@19de0680[p=0,l=0,c=17408,r=0]={<<<>>>GET / HTT...\x00\x00\x00\x00\x00\x00\x00}
03:19:49.725 [qtp399373008-62] DEBUG org.eclipse.jetty.io.ssl.SslConnection - net filled=0
03:19:49.725 [qtp399373008-62] DEBUG org.eclipse.jetty.io.ssl.SslConnection - unwrap net_filled=0 Status = BUFFER_UNDERFLOW HandshakeStatus = NOT_HANDSHAKING bytesConsumed = 0 bytesProduced = 0 encryptedBuffer=[p=0,l=0,c=17408,r=0] unwrapBuffer=HeapByteBuffer@13266df0[p=0,l=0,c=17408,r=0]={<<<>>>GET / HTT...\x00\x00\x00\x00\x00\x00\x00} appBuffer=HeapByteBuffer@13266df0[p=0,l=0,c=17408,r=0]={<<<>>>GET / HTT...\x00\x00\x00\x00\x00\x00\x00}
03:19:49.725 [qtp399373008-62] DEBUG org.eclipse.jetty.io.ssl.SslConnection - <fill f=0 uf=true SslConnection@1fb47028::SocketChannelEndPoint@37a14526{l=/127.0.0.1:43437,r=/127.0.0.1:54570,OPEN,fill=-,flush=-,to=1/30000}{io=0/0,kio=0,kro=1}->SslConnection@1fb47028{NOT_HANDSHAKING,eio=-1/-1,di=-1,fill=IDLE,flush=IDLE}~>DecryptedEndPoint@26cff15f{l=/127.0.0.1:43437,r=/127.0.0.1:54570,OPEN,fill=-,flush=-,to=46/30000}=>HttpConnection@498cd880[p=HttpParser{s=CONTENT,0 of -1},g=HttpGenerator@46282f88{s=START}]=>HttpChannelOverHttp@4ffa42a0{s=HttpChannelState@1bfa0f73{s=HANDLING rs=COMPLETING os=OPEN is=IDLE awp=false se=false i=false al=0},r=2,c=false/false,a=HANDLING,uri=https://localhost:43437/,age=0}
03:19:49.725 [qtp399373008-62] DEBUG org.eclipse.jetty.server.HttpConnection - HttpConnection@498cd880::DecryptedEndPoint@26cff15f{l=/127.0.0.1:43437,r=/127.0.0.1:54570,OPEN,fill=-,flush=-,to=46/30000} filled 0 HeapByteBuffer@13266df0[p=0,l=0,c=17408,r=0]={<<<>>>GET / HTT...\x00\x00\x00\x00\x00\x00\x00}
03:19:49.725 [qtp399373008-62] DEBUG org.eclipse.jetty.server.HttpConnection - HttpConnection@498cd880::DecryptedEndPoint@26cff15f{l=/127.0.0.1:43437,r=/127.0.0.1:54570,OPEN,fill=-,flush=-,to=46/30000} parse HeapByteBuffer@13266df0[p=0,l=0,c=17408,r=0]={<<<>>>GET / HTT...\x00\x00\x00\x00\x00\x00\x00} {}
03:19:49.725 [qtp399373008-62] DEBUG org.eclipse.jetty.http.HttpParser - parseNext s=CONTENT HeapByteBuffer@13266df0[p=0,l=0,c=17408,r=0]={<<<>>>GET / HTT...\x00\x00\x00\x00\x00\x00\x00}
03:19:49.725 [qtp399373008-62] DEBUG org.eclipse.jetty.http.HttpParser - CONTENT --> CONTENT_END
03:19:49.725 [qtp399373008-62] DEBUG org.eclipse.jetty.server.HttpChannel - onContentComplete HttpChannelOverHttp@4ffa42a0{s=HttpChannelState@1bfa0f73{s=HANDLING rs=COMPLETING os=OPEN is=IDLE awp=false se=false i=false al=0},r=2,c=false/false,a=HANDLING,uri=https://localhost:43437/,age=0}
03:19:49.725 [qtp399373008-62] DEBUG org.eclipse.jetty.http.HttpParser - CONTENT_END --> END
03:19:49.726 [qtp399373008-62] DEBUG org.eclipse.jetty.server.HttpChannel - onRequestComplete HttpChannelOverHttp@4ffa42a0{s=HttpChannelState@1bfa0f73{s=HANDLING rs=COMPLETING os=OPEN is=IDLE awp=false se=false i=false al=0},r=2,c=false/false,a=HANDLING,uri=https://localhost:43437/,age=0}
03:19:49.726 [qtp399373008-62] DEBUG org.eclipse.jetty.server.HttpInput - HttpInputOverHTTP@5c55c7de[c=0,q=0,[0]=null,s=STREAM] addContent EOF
03:19:49.726 [qtp399373008-62] DEBUG org.eclipse.jetty.server.HttpConnection - HttpConnection@498cd880::DecryptedEndPoint@26cff15f{l=/127.0.0.1:43437,r=/127.0.0.1:54570,OPEN,fill=-,flush=-,to=46/30000} parsed false HttpParser{s=END,0 of -1}
03:19:49.726 [qtp399373008-62] DEBUG org.eclipse.jetty.server.HttpConnection - releaseRequestBuffer HttpConnection@498cd880::DecryptedEndPoint@26cff15f{l=/127.0.0.1:43437,r=/127.0.0.1:54570,OPEN,fill=-,flush=-,to=46/30000}
03:19:49.726 [qtp399373008-62] DEBUG org.eclipse.jetty.server.HttpOutput - complete(org.eclipse.jetty.util.Callback$3@3245c40d) s=CLOSING,api=BLOCKED,sc=false,e=null s=false e=null, c=HeapByteBuffer@60c04197[p=0,l=0,c=0,r=0]={<<<>>>}
03:19:49.726 [qtp399373008-62] DEBUG org.eclipse.jetty.server.HttpChannel - sendResponse info=null content=HeapByteBuffer@60c04197[p=0,l=0,c=0,r=0]={<<<>>>} complete=true committing=true callback=org.eclipse.jetty.server.HttpOutput$WriteCompleteCB@33f8a3c3
03:19:49.726 [qtp399373008-62] DEBUG org.eclipse.jetty.server.HttpChannel - COMMIT for / on HttpChannelOverHttp@4ffa42a0{s=HttpChannelState@1bfa0f73{s=HANDLING rs=COMPLETING os=COMMITTED is=IDLE awp=false se=false i=false al=0},r=2,c=false/false,a=HANDLING,uri=https://localhost:43437/,age=1}
304 null HTTP/1.1
Date: Thu, 02 May 2024 02:19:49 GMT
ETag: testEtag


03:19:49.726 [qtp399373008-62] DEBUG org.eclipse.jetty.server.HttpConnection - generate: NEED_HEADER for SendCallback@47514cc4[PROCESSING][i=HTTP/1.1{s=304,h=2,cl=-1},cb=org.eclipse.jetty.server.HttpChannel$SendCallback@5e48eef9] (null,[p=0,l=0,c=0,r=0],true)@START
03:19:49.726 [qtp399373008-62] DEBUG org.eclipse.jetty.http.HttpGenerator - generateHeaders HTTP/1.1{s=304,h=2,cl=-1} last=true content=HeapByteBuffer@60c04197[p=0,l=0,c=0,r=0]={<<<>>>}
03:19:49.726 [qtp399373008-62] DEBUG org.eclipse.jetty.http.HttpGenerator - Date: Thu, 02 May 2024 02:19:49 GMT
ETag: testEtag


03:19:49.726 [qtp399373008-62] DEBUG org.eclipse.jetty.http.HttpGenerator - NO_CONTENT
03:19:49.726 [qtp399373008-62] DEBUG org.eclipse.jetty.server.HttpConnection - generate: FLUSH for SendCallback@47514cc4[PROCESSING][i=HTTP/1.1{s=304,h=2,cl=-1},cb=org.eclipse.jetty.server.HttpChannel$SendCallback@5e48eef9] ([p=0,l=115,c=8192,r=115],[p=0,l=0,c=0,r=0],true)@COMPLETING
03:19:49.726 [qtp399373008-62] DEBUG org.eclipse.jetty.io.WriteFlusher - write: WriteFlusher@3196055b{IDLE}->null [HeapByteBuffer@3e9173d4[p=0,l=115,c=8192,r=115]={<<<HTTP/1.1 304 Not Modified...y(9.4.44.v20210927)\r\n\r\n>>>nt-Length...\x00\x00\x00\x00\x00\x00\x00}]
03:19:49.726 [qtp399373008-62] DEBUG org.eclipse.jetty.io.WriteFlusher - update WriteFlusher@3196055b{WRITING}->null:IDLE-->WRITING
03:19:49.726 [qtp399373008-62] DEBUG org.eclipse.jetty.io.ssl.SslConnection - >flush SslConnection@1fb47028::SocketChannelEndPoint@37a14526{l=/127.0.0.1:43437,r=/127.0.0.1:54570,OPEN,fill=-,flush=-,to=1/30000}{io=0/0,kio=0,kro=1}->SslConnection@1fb47028{NOT_HANDSHAKING,eio=-1/-1,di=-1,fill=IDLE,flush=IDLE}~>DecryptedEndPoint@26cff15f{l=/127.0.0.1:43437,r=/127.0.0.1:54570,OPEN,fill=-,flush=W,to=47/30000}=>HttpConnection@498cd880[p=HttpParser{s=END,0 of -1},g=HttpGenerator@46282f88{s=COMPLETING}]=>HttpChannelOverHttp@4ffa42a0{s=HttpChannelState@1bfa0f73{s=HANDLING rs=COMPLETING os=COMMITTED is=IDLE awp=false se=false i=false al=0},r=2,c=false/false,a=HANDLING,uri=https://localhost:43437/,age=1}
03:19:49.726 [qtp399373008-62] DEBUG org.eclipse.jetty.io.ssl.SslConnection - flush b[0]=HeapByteBuffer@3e9173d4[p=0,l=115,c=8192,r=115]={<<<HTTP/1.1 304 Not Modified...y(9.4.44.v20210927)\r\n\r\n>>>nt-Length...\x00\x00\x00\x00\x00\x00\x00}
03:19:49.726 [qtp399373008-62] DEBUG org.eclipse.jetty.io.ssl.SslConnection - flush NOT_HANDSHAKING
03:19:49.726 [qtp399373008-62] DEBUG org.eclipse.jetty.io.ssl.SslConnection - wrap Status = OK HandshakeStatus = NOT_HANDSHAKING bytesConsumed = 115 bytesProduced = 153 [p=0,l=153,c=17408,r=153] ioDone=false/false
03:19:49.726 [qtp399373008-62] DEBUG org.eclipse.jetty.io.ChannelEndPoint - flushed 153 SocketChannelEndPoint@37a14526{l=/127.0.0.1:43437,r=/127.0.0.1:54570,OPEN,fill=-,flush=-,to=1/30000}{io=0/0,kio=0,kro=1}->SslConnection@1fb47028{NOT_HANDSHAKING,eio=-1/0,di=-1,fill=IDLE,flush=IDLE}~>DecryptedEndPoint@26cff15f{l=/127.0.0.1:43437,r=/127.0.0.1:54570,OPEN,fill=-,flush=W,to=47/30000}=>HttpConnection@498cd880[p=HttpParser{s=END,0 of -1},g=HttpGenerator@46282f88{s=COMPLETING}]=>HttpChannelOverHttp@4ffa42a0{s=HttpChannelState@1bfa0f73{s=HANDLING rs=COMPLETING os=COMMITTED is=IDLE awp=false se=false i=false al=0},r=2,c=false/false,a=HANDLING,uri=https://localhost:43437/,age=1}
03:19:49.726 [qtp399373008-62] DEBUG org.eclipse.jetty.io.ssl.SslConnection - net flushed=true, ac=true
03:19:49.726 [qtp399373008-62] DEBUG org.eclipse.jetty.io.ssl.SslConnection - <flush true SslConnection@1fb47028::SocketChannelEndPoint@37a14526{l=/127.0.0.1:43437,r=/127.0.0.1:54570,OPEN,fill=-,flush=-,to=0/30000}{io=0/0,kio=0,kro=1}->SslConnection@1fb47028{NOT_HANDSHAKING,eio=-1/-1,di=-1,fill=IDLE,flush=IDLE}~>DecryptedEndPoint@26cff15f{l=/127.0.0.1:43437,r=/127.0.0.1:54570,OPEN,fill=-,flush=W,to=47/30000}=>HttpConnection@498cd880[p=HttpParser{s=END,0 of -1},g=HttpGenerator@46282f88{s=COMPLETING}]=>HttpChannelOverHttp@4ffa42a0{s=HttpChannelState@1bfa0f73{s=HANDLING rs=COMPLETING os=COMMITTED is=IDLE awp=false se=false i=false al=0},r=2,c=false/false,a=HANDLING,uri=https://localhost:43437/,age=1}
03:19:49.726 [qtp399373008-62] DEBUG org.eclipse.jetty.io.WriteFlusher - Flushed=true written=115 remaining=0 WriteFlusher@3196055b{WRITING}->null
03:19:49.726 [qtp399373008-62] DEBUG org.eclipse.jetty.io.WriteFlusher - update WriteFlusher@3196055b{IDLE}->null:WRITING-->IDLE
03:19:49.726 [main] DEBUG org.apache.nifi.minifi.bootstrap.configuration.ingestors.PullHttpChangeIngestor - Response received: Response{protocol=http/1.1, code=304, message=Not Modified, url=https://localhost:43437/}
03:19:49.726 [qtp399373008-62] DEBUG org.eclipse.jetty.server.HttpConnection - generate: DONE for SendCallback@47514cc4[PROCESSING][i=HTTP/1.1{s=304,h=2,cl=-1},cb=org.eclipse.jetty.server.HttpChannel$SendCallback@5e48eef9] ([p=115,l=115,c=8192,r=0],[p=0,l=0,c=0,r=0],true)@END
03:19:49.726 [qtp399373008-62] DEBUG org.eclipse.jetty.server.HttpOutput - onWriteComplete(true,null) s=CLOSING,api=BLOCKED,sc=false,e=null->s=CLOSED,api=BLOCKING,sc=false,e=null c=null cb=org.eclipse.jetty.util.Callback$3@3245c40d w=false
03:19:49.726 [qtp399373008-62] DEBUG org.eclipse.jetty.server.HttpChannelState - completed HttpChannelState@1bfa0f73{s=HANDLING rs=COMPLETING os=COMPLETED is=IDLE awp=false se=false i=false al=0}
03:19:49.726 [qtp399373008-62] DEBUG org.eclipse.jetty.server.HttpChannelState - unhandle HttpChannelState@1bfa0f73{s=HANDLING rs=COMPLETED os=COMPLETED is=IDLE awp=false se=false i=false al=0}
03:19:49.726 [qtp399373008-62] DEBUG org.eclipse.jetty.server.HttpChannelState - nextAction(false) TERMINATED HttpChannelState@1bfa0f73{s=IDLE rs=COMPLETED os=COMPLETED is=IDLE awp=false se=false i=false al=0}
03:19:49.726 [qtp399373008-62] DEBUG org.eclipse.jetty.server.HttpChannel - action TERMINATED HttpChannelOverHttp@4ffa42a0{s=HttpChannelState@1bfa0f73{s=IDLE rs=COMPLETED os=COMPLETED is=IDLE awp=false se=false i=false al=0},r=2,c=true/true,a=IDLE,uri=https://localhost:43437/,age=1}
03:19:49.726 [qtp399373008-62] DEBUG org.eclipse.jetty.server.HttpChannel - onCompleted for / written=0
03:19:49.726 [qtp399373008-62] DEBUG org.eclipse.jetty.server.HttpChannelState - recycle HttpChannelState@1bfa0f73{s=IDLE rs=COMPLETED os=COMPLETED is=IDLE awp=false se=false i=false al=0}
03:19:49.726 [qtp399373008-62] DEBUG org.eclipse.jetty.http.HttpParser - reset HttpParser{s=END,0 of -1}
03:19:49.726 [qtp399373008-62] DEBUG org.eclipse.jetty.http.HttpParser - END --> START
03:19:49.727 [qtp399373008-62] DEBUG org.eclipse.jetty.server.HttpChannel - !handle TERMINATED HttpChannelOverHttp@4ffa42a0{s=HttpChannelState@1bfa0f73{s=IDLE rs=BLOCKING os=OPEN is=IDLE awp=false se=false i=true al=0},r=2,c=false/false,a=IDLE,uri=null,age=0}
]]></system-out>
  </testcase>
  <testcase name="testNewUpdate" classname="org.apache.nifi.minifi.bootstrap.configuration.ingestors.PullHttpChangeIngestorSSLTest" time="0.068">
    <system-out><![CDATA[03:19:49.727 [qtp399373008-62] DEBUG org.eclipse.jetty.io.ssl.SslConnection - >fill SslConnection@1fb47028::SocketChannelEndPoint@37a14526{l=/127.0.0.1:43437,r=/127.0.0.1:54570,OPEN,fill=-,flush=-,to=0/30000}{io=0/0,kio=0,kro=1}->SslConnection@1fb47028{NOT_HANDSHAKING,eio=-1/-1,di=-1,fill=IDLE,flush=IDLE}~>DecryptedEndPoint@26cff15f{l=/127.0.0.1:43437,r=/127.0.0.1:54570,OPEN,fill=-,flush=-,to=47/30000}=>HttpConnection@498cd880[p=HttpParser{s=START,0 of -1},g=HttpGenerator@46282f88{s=START}]=>HttpChannelOverHttp@4ffa42a0{s=HttpChannelState@1bfa0f73{s=IDLE rs=BLOCKING os=OPEN is=IDLE awp=false se=false i=true al=0},r=2,c=false/false,a=IDLE,uri=null,age=0}
03:19:49.727 [qtp399373008-62] DEBUG org.eclipse.jetty.io.ssl.SslConnection - fill NOT_HANDSHAKING
03:19:49.727 [qtp399373008-62] DEBUG org.eclipse.jetty.io.ChannelEndPoint - filled 0 HeapByteBuffer@13266df0[p=0,l=0,c=17408,r=0]={<<<>>>GET / HTT...\x00\x00\x00\x00\x00\x00\x00}
03:19:49.727 [qtp399373008-62] DEBUG org.eclipse.jetty.io.ssl.SslConnection - net filled=0
03:19:49.727 [qtp399373008-62] DEBUG org.eclipse.jetty.io.ssl.SslConnection - unwrap net_filled=0 Status = BUFFER_UNDERFLOW HandshakeStatus = NOT_HANDSHAKING bytesConsumed = 0 bytesProduced = 0 encryptedBuffer=[p=0,l=0,c=17408,r=0] unwrapBuffer=HeapByteBuffer@19de0680[p=0,l=0,c=17408,r=0]={<<<>>>GET / HTT...\x00\x00\x00\x00\x00\x00\x00} appBuffer=HeapByteBuffer@19de0680[p=0,l=0,c=17408,r=0]={<<<>>>GET / HTT...\x00\x00\x00\x00\x00\x00\x00}
03:19:49.727 [qtp399373008-62] DEBUG org.eclipse.jetty.io.ssl.SslConnection - <fill f=0 uf=true SslConnection@1fb47028::SocketChannelEndPoint@37a14526{l=/127.0.0.1:43437,r=/127.0.0.1:54570,OPEN,fill=-,flush=-,to=0/30000}{io=0/0,kio=0,kro=1}->SslConnection@1fb47028{NOT_HANDSHAKING,eio=-1/-1,di=-1,fill=IDLE,flush=IDLE}~>DecryptedEndPoint@26cff15f{l=/127.0.0.1:43437,r=/127.0.0.1:54570,OPEN,fill=-,flush=-,to=48/30000}=>HttpConnection@498cd880[p=HttpParser{s=START,0 of -1},g=HttpGenerator@46282f88{s=START}]=>HttpChannelOverHttp@4ffa42a0{s=HttpChannelState@1bfa0f73{s=IDLE rs=BLOCKING os=OPEN is=IDLE awp=false se=false i=true al=0},r=2,c=false/false,a=IDLE,uri=null,age=0}
03:19:49.727 [qtp399373008-62] DEBUG org.eclipse.jetty.io.ssl.SslConnection - >fill SslConnection@1fb47028::SocketChannelEndPoint@37a14526{l=/127.0.0.1:43437,r=/127.0.0.1:54570,OPEN,fill=-,flush=-,to=0/30000}{io=0/0,kio=0,kro=1}->SslConnection@1fb47028{NOT_HANDSHAKING,eio=-1/-1,di=-1,fill=IDLE,flush=IDLE}~>DecryptedEndPoint@26cff15f{l=/127.0.0.1:43437,r=/127.0.0.1:54570,OPEN,fill=-,flush=-,to=48/30000}=>HttpConnection@498cd880[p=HttpParser{s=START,0 of -1},g=HttpGenerator@46282f88{s=START}]=>HttpChannelOverHttp@4ffa42a0{s=HttpChannelState@1bfa0f73{s=IDLE rs=BLOCKING os=OPEN is=IDLE awp=false se=false i=true al=0},r=2,c=false/false,a=IDLE,uri=null,age=0}
03:19:49.727 [qtp399373008-62] DEBUG org.eclipse.jetty.io.ssl.SslConnection - fill NOT_HANDSHAKING
03:19:49.727 [qtp399373008-62] DEBUG org.eclipse.jetty.io.ChannelEndPoint - filled 0 HeapByteBuffer@1719ebcb[p=0,l=0,c=17408,r=0]={<<<>>>\x17\x03\x03\x00\x94\xBd\xCa^U...\x00\x00\x00\x00\x00\x00\x00}
03:19:49.727 [qtp399373008-62] DEBUG org.eclipse.jetty.io.ssl.SslConnection - net filled=0
03:19:49.727 [qtp399373008-62] DEBUG org.eclipse.jetty.io.ssl.SslConnection - unwrap net_filled=0 Status = BUFFER_UNDERFLOW HandshakeStatus = NOT_HANDSHAKING bytesConsumed = 0 bytesProduced = 0 encryptedBuffer=[p=0,l=0,c=17408,r=0] unwrapBuffer=HeapByteBuffer@19de0680[p=0,l=0,c=17408,r=0]={<<<>>>GET / HTT...\x00\x00\x00\x00\x00\x00\x00} appBuffer=HeapByteBuffer@19de0680[p=0,l=0,c=17408,r=0]={<<<>>>GET / HTT...\x00\x00\x00\x00\x00\x00\x00}
03:19:49.727 [qtp399373008-62] DEBUG org.eclipse.jetty.io.ssl.SslConnection - <fill f=0 uf=true SslConnection@1fb47028::SocketChannelEndPoint@37a14526{l=/127.0.0.1:43437,r=/127.0.0.1:54570,OPEN,fill=-,flush=-,to=1/30000}{io=0/0,kio=0,kro=1}->SslConnection@1fb47028{NOT_HANDSHAKING,eio=-1/-1,di=-1,fill=IDLE,flush=IDLE}~>DecryptedEndPoint@26cff15f{l=/127.0.0.1:43437,r=/127.0.0.1:54570,OPEN,fill=-,flush=-,to=48/30000}=>HttpConnection@498cd880[p=HttpParser{s=START,0 of -1},g=HttpGenerator@46282f88{s=START}]=>HttpChannelOverHttp@4ffa42a0{s=HttpChannelState@1bfa0f73{s=IDLE rs=BLOCKING os=OPEN is=IDLE awp=false se=false i=true al=0},r=2,c=false/false,a=IDLE,uri=null,age=0}
03:19:49.727 [qtp399373008-62] DEBUG org.eclipse.jetty.server.HttpConnection - HttpConnection@498cd880::DecryptedEndPoint@26cff15f{l=/127.0.0.1:43437,r=/127.0.0.1:54570,OPEN,fill=-,flush=-,to=48/30000} filled 0 HeapByteBuffer@19de0680[p=0,l=0,c=17408,r=0]={<<<>>>GET / HTT...\x00\x00\x00\x00\x00\x00\x00}
03:19:49.727 [qtp399373008-62] DEBUG org.eclipse.jetty.server.HttpConnection - HttpConnection@498cd880::DecryptedEndPoint@26cff15f{l=/127.0.0.1:43437,r=/127.0.0.1:54570,OPEN,fill=-,flush=-,to=48/30000} parse HeapByteBuffer@19de0680[p=0,l=0,c=17408,r=0]={<<<>>>GET / HTT...\x00\x00\x00\x00\x00\x00\x00} {}
03:19:49.727 [qtp399373008-62] DEBUG org.eclipse.jetty.http.HttpParser - parseNext s=START HeapByteBuffer@19de0680[p=0,l=0,c=17408,r=0]={<<<>>>GET / HTT...\x00\x00\x00\x00\x00\x00\x00}
03:19:49.727 [qtp399373008-62] DEBUG org.eclipse.jetty.server.HttpConnection - HttpConnection@498cd880::DecryptedEndPoint@26cff15f{l=/127.0.0.1:43437,r=/127.0.0.1:54570,OPEN,fill=-,flush=-,to=48/30000} parsed false HttpParser{s=START,0 of -1}
03:19:49.727 [qtp399373008-62] DEBUG org.eclipse.jetty.server.HttpConnection - releaseRequestBuffer HttpConnection@498cd880::DecryptedEndPoint@26cff15f{l=/127.0.0.1:43437,r=/127.0.0.1:54570,OPEN,fill=-,flush=-,to=48/30000}
03:19:49.727 [qtp399373008-62] DEBUG org.eclipse.jetty.io.AbstractConnection - fillInterested HttpConnection@498cd880::DecryptedEndPoint@26cff15f{l=/127.0.0.1:43437,r=/127.0.0.1:54570,OPEN,fill=-,flush=-,to=48/30000}
03:19:49.727 [qtp399373008-62] DEBUG org.eclipse.jetty.io.FillInterest - interested FillInterest@69cfb715{AC.ReadCB@498cd880{HttpConnection@498cd880::DecryptedEndPoint@26cff15f{l=/127.0.0.1:43437,r=/127.0.0.1:54570,OPEN,fill=FI,flush=-,to=0/30000}}}
03:19:49.727 [qtp399373008-62] DEBUG org.eclipse.jetty.io.ssl.SslConnection - >needFillInterest s=IDLE/IDLE uf=true ei=null di=null SslConnection@1fb47028::SocketChannelEndPoint@37a14526{l=/127.0.0.1:43437,r=/127.0.0.1:54570,OPEN,fill=-,flush=-,to=1/30000}{io=0/0,kio=0,kro=1}->SslConnection@1fb47028{NOT_HANDSHAKING,eio=-1/-1,di=-1,fill=IDLE,flush=IDLE}~>DecryptedEndPoint@26cff15f{l=/127.0.0.1:43437,r=/127.0.0.1:54570,OPEN,fill=FI,flush=-,to=0/30000}=>HttpConnection@498cd880[p=HttpParser{s=START,0 of -1},g=HttpGenerator@46282f88{s=START}]=>HttpChannelOverHttp@4ffa42a0{s=HttpChannelState@1bfa0f73{s=IDLE rs=BLOCKING os=OPEN is=IDLE awp=false se=false i=true al=0},r=2,c=false/false,a=IDLE,uri=null,age=0}
03:19:49.727 [qtp399373008-62] DEBUG org.eclipse.jetty.io.ssl.SslConnection - <needFillInterest s=IDLE/INTERESTED f=false i=true w=null
03:19:49.728 [qtp399373008-62] DEBUG org.eclipse.jetty.io.ssl.SslConnection - ensureFillInterested SslConnection@1fb47028::SocketChannelEndPoint@37a14526{l=/127.0.0.1:43437,r=/127.0.0.1:54570,OPEN,fill=-,flush=-,to=1/30000}{io=0/0,kio=0,kro=1}->SslConnection@1fb47028{NOT_HANDSHAKING,eio=-1/-1,di=-1,fill=INTERESTED,flush=IDLE}~>DecryptedEndPoint@26cff15f{l=/127.0.0.1:43437,r=/127.0.0.1:54570,OPEN,fill=FI,flush=-,to=0/30000}=>HttpConnection@498cd880[p=HttpParser{s=START,0 of -1},g=HttpGenerator@46282f88{s=START}]=>HttpChannelOverHttp@4ffa42a0{s=HttpChannelState@1bfa0f73{s=IDLE rs=BLOCKING os=OPEN is=IDLE awp=false se=false i=true al=0},r=2,c=false/false,a=IDLE,uri=null,age=0}
03:19:49.728 [qtp399373008-62] DEBUG org.eclipse.jetty.io.FillInterest - interested FillInterest@4ef4c28b{SSLC.NBReadCB@1fb47028{SslConnection@1fb47028::SocketChannelEndPoint@37a14526{l=/127.0.0.1:43437,r=/127.0.0.1:54570,OPEN,fill=FI,flush=-,to=0/30000}{io=0/0,kio=0,kro=1}->SslConnection@1fb47028{NOT_HANDSHAKING,eio=-1/-1,di=-1,fill=INTERESTED,flush=IDLE}~>DecryptedEndPoint@26cff15f{l=/127.0.0.1:43437,r=/127.0.0.1:54570,OPEN,fill=FI,flush=-,to=0/30000}=>HttpConnection@498cd880[p=HttpParser{s=START,0 of -1},g=HttpGenerator@46282f88{s=START}]=>HttpChannelOverHttp@4ffa42a0{s=HttpChannelState@1bfa0f73{s=IDLE rs=BLOCKING os=OPEN is=IDLE awp=false se=false i=true al=0},r=2,c=false/false,a=IDLE,uri=null,age=0}}}
03:19:49.728 [qtp399373008-62] DEBUG org.eclipse.jetty.io.ChannelEndPoint - changeInterests p=false 0->1 for SocketChannelEndPoint@37a14526{l=/127.0.0.1:43437,r=/127.0.0.1:54570,OPEN,fill=FI,flush=-,to=0/30000}{io=0/1,kio=0,kro=1}->SslConnection@1fb47028{NOT_HANDSHAKING,eio=-1/-1,di=-1,fill=INTERESTED,flush=IDLE}~>DecryptedEndPoint@26cff15f{l=/127.0.0.1:43437,r=/127.0.0.1:54570,OPEN,fill=FI,flush=-,to=0/30000}=>HttpConnection@498cd880[p=HttpParser{s=START,0 of -1},g=HttpGenerator@46282f88{s=START}]=>HttpChannelOverHttp@4ffa42a0{s=HttpChannelState@1bfa0f73{s=IDLE rs=BLOCKING os=OPEN is=IDLE awp=false se=false i=true al=0},r=2,c=false/false,a=IDLE,uri=null,age=0}
03:19:49.728 [qtp399373008-62] DEBUG org.eclipse.jetty.io.ManagedSelector - Queued change lazy=false org.eclipse.jetty.io.ChannelEndPoint$$Lambda$255/90666987@72fdce4d on ManagedSelector@47a86fbb{STARTED} id=2 keys=1 selected=0 updates=0
03:19:49.728 [qtp399373008-62] DEBUG org.eclipse.jetty.io.ManagedSelector - Wakeup on submit ManagedSelector@47a86fbb{STARTED} id=2 keys=1 selected=0 updates=1
03:19:49.728 [qtp399373008-62] DEBUG org.eclipse.jetty.server.HttpConnection - HttpConnection@498cd880::DecryptedEndPoint@26cff15f{l=/127.0.0.1:43437,r=/127.0.0.1:54570,OPEN,fill=FI,flush=-,to=0/30000} onFillable exit HttpChannelState@1bfa0f73{s=IDLE rs=BLOCKING os=OPEN is=IDLE awp=false se=false i=true al=0} null
03:19:49.728 [qtp399373008-62] DEBUG org.eclipse.jetty.io.ssl.SslConnection - <c.onFillable SslConnection@1fb47028::SocketChannelEndPoint@37a14526{l=/127.0.0.1:43437,r=/127.0.0.1:54570,OPEN,fill=FI,flush=-,to=0/30000}{io=0/1,kio=0,kro=1}->SslConnection@1fb47028{NOT_HANDSHAKING,eio=-1/-1,di=-1,fill=INTERESTED,flush=IDLE}~>DecryptedEndPoint@26cff15f{l=/127.0.0.1:43437,r=/127.0.0.1:54570,OPEN,fill=FI,flush=-,to=0/30000}=>HttpConnection@498cd880[p=HttpParser{s=START,0 of -1},g=HttpGenerator@46282f88{s=START}]=>HttpChannelOverHttp@4ffa42a0{s=HttpChannelState@1bfa0f73{s=IDLE rs=BLOCKING os=OPEN is=IDLE awp=false se=false i=true al=0},r=2,c=false/false,a=IDLE,uri=null,age=0}
03:19:49.728 [qtp399373008-62] DEBUG org.eclipse.jetty.util.thread.ReservedThreadExecutor - ReservedThread@29c437c9{RUNNING,thread=Thread[qtp399373008-62,5,main]} was=RUNNING next=RESERVED size=0+2 capacity=8
03:19:49.728 [qtp399373008-62] DEBUG org.eclipse.jetty.util.thread.ReservedThreadExecutor - ReservedThread@29c437c9{RESERVED,thread=Thread[qtp399373008-62,5,main]} waiting ReservedThreadExecutor@424fd310{reserved=2/8,pending=0}
03:19:49.729 [main] DEBUG org.apache.nifi.minifi.bootstrap.configuration.ingestors.PullHttpChangeIngestor - Attempting to pull new config
03:19:49.729 [qtp399373008-61] DEBUG org.eclipse.jetty.io.ManagedSelector - Selector sun.nio.ch.EPollSelectorImpl@25f05ce6 woken with none selected
03:19:49.729 [qtp399373008-61] DEBUG org.eclipse.jetty.io.ManagedSelector - Selector sun.nio.ch.EPollSelectorImpl@25f05ce6 woken up from select, 0/0/1 selected
03:19:49.729 [qtp399373008-61] DEBUG org.eclipse.jetty.io.ManagedSelector - Selector sun.nio.ch.EPollSelectorImpl@25f05ce6 processing 0 keys, 1 updates
03:19:49.729 [qtp399373008-61] DEBUG org.eclipse.jetty.io.ManagedSelector - updateable 1
03:19:49.729 [qtp399373008-61] DEBUG org.eclipse.jetty.io.ManagedSelector - update org.eclipse.jetty.io.ChannelEndPoint$$Lambda$255/90666987@72fdce4d
03:19:49.729 [qtp399373008-61] DEBUG org.eclipse.jetty.io.ChannelEndPoint - Key interests updated 0 -> 1 on SocketChannelEndPoint@37a14526{l=/127.0.0.1:43437,r=/127.0.0.1:54570,OPEN,fill=FI,flush=-,to=1/30000}{io=1/1,kio=1,kro=1}->SslConnection@1fb47028{NOT_HANDSHAKING,eio=-1/-1,di=-1,fill=INTERESTED,flush=IDLE}~>DecryptedEndPoint@26cff15f{l=/127.0.0.1:43437,r=/127.0.0.1:54570,OPEN,fill=FI,flush=-,to=1/30000}=>HttpConnection@498cd880[p=HttpParser{s=START,0 of -1},g=HttpGenerator@46282f88{s=START}]=>HttpChannelOverHttp@4ffa42a0{s=HttpChannelState@1bfa0f73{s=IDLE rs=BLOCKING os=OPEN is=IDLE awp=false se=false i=true al=0},r=2,c=false/false,a=IDLE,uri=null,age=0}
03:19:49.729 [qtp399373008-61] DEBUG org.eclipse.jetty.io.ManagedSelector - updates 0
03:19:49.729 [qtp399373008-61] DEBUG org.eclipse.jetty.io.ManagedSelector - Selector sun.nio.ch.EPollSelectorImpl@25f05ce6 waiting with 1 keys
03:19:49.729 [qtp399373008-59-acceptor-0@53dacd14-ServerConnector@2374d36a{SSL, (ssl, http/1.1)}{localhost:43437}] DEBUG org.eclipse.jetty.io.ManagedSelector - Queued change lazy=false Accept@4e9b7905[java.nio.channels.SocketChannel[connected local=/127.0.0.1:43437 remote=/127.0.0.1:54574]] on ManagedSelector@7bb6ab3a{STARTED} id=3 keys=0 selected=0 updates=0
03:19:49.729 [qtp399373008-59-acceptor-0@53dacd14-ServerConnector@2374d36a{SSL, (ssl, http/1.1)}{localhost:43437}] DEBUG org.eclipse.jetty.io.ManagedSelector - Wakeup on submit ManagedSelector@7bb6ab3a{STARTED} id=3 keys=0 selected=0 updates=1
03:19:49.729 [qtp399373008-58] DEBUG org.eclipse.jetty.io.ManagedSelector - Selector sun.nio.ch.EPollSelectorImpl@2af73879 woken with none selected
03:19:49.729 [qtp399373008-58] DEBUG org.eclipse.jetty.io.ManagedSelector - Selector sun.nio.ch.EPollSelectorImpl@2af73879 woken up from select, 0/0/0 selected
03:19:49.729 [qtp399373008-58] DEBUG org.eclipse.jetty.io.ManagedSelector - Selector sun.nio.ch.EPollSelectorImpl@2af73879 processing 0 keys, 1 updates
03:19:49.730 [qtp399373008-58] DEBUG org.eclipse.jetty.io.ManagedSelector - updateable 1
03:19:49.730 [qtp399373008-58] DEBUG org.eclipse.jetty.io.ManagedSelector - update Accept@4e9b7905[java.nio.channels.SocketChannel[connected local=/127.0.0.1:43437 remote=/127.0.0.1:54574]]
03:19:49.730 [qtp399373008-58] DEBUG org.eclipse.jetty.util.thread.QueuedThreadPool - queue Accept@4e9b7905[java.nio.channels.SocketChannel[connected local=/127.0.0.1:43437 remote=/127.0.0.1:54574]] startThread=0
03:19:49.730 [qtp399373008-58] DEBUG org.eclipse.jetty.io.ManagedSelector - updates 0
03:19:49.730 [qtp399373008-58] DEBUG org.eclipse.jetty.io.ManagedSelector - Selector sun.nio.ch.EPollSelectorImpl@2af73879 waiting with 1 keys
03:19:49.730 [qtp399373008-57] DEBUG org.eclipse.jetty.util.thread.QueuedThreadPool - run Accept@4e9b7905[java.nio.channels.SocketChannel[connected local=/127.0.0.1:43437 remote=/127.0.0.1:54574]] in QueuedThreadPool[qtp399373008]@17cdf2d0{STARTED,8<=8<=200,i=0,r=-1,q=0}[ReservedThreadExecutor@424fd310{reserved=2/8,pending=0}]
03:19:49.730 [qtp399373008-57] DEBUG org.eclipse.jetty.io.IdleTimeout - SocketChannelEndPoint@6a0aac13{l=/127.0.0.1:43437,r=/127.0.0.1:54574,OPEN,fill=-,flush=-,to=0/30000}{io=0/0,kio=0,kro=0}-><null> idle timeout check, elapsed: 0 ms, remaining: 30000 ms
03:19:49.730 [qtp399373008-57] DEBUG org.eclipse.jetty.util.ssl.SslContextFactory - Customize sun.security.ssl.SSLEngineImpl@4dbacad8
03:19:49.730 [qtp399373008-57] DEBUG org.eclipse.jetty.server.HttpChannel - new HttpChannelOverHttp@5baa23a1{s=HttpChannelState@35f01bc5{s=IDLE rs=BLOCKING os=OPEN is=IDLE awp=false se=false i=true al=0},r=0,c=false/false,a=IDLE,uri=null,age=0} -> DecryptedEndPoint@a25535c{l=/127.0.0.1:43437,r=/127.0.0.1:54574,OPEN,fill=-,flush=-,to=0/30000},null,HttpChannelState@35f01bc5{s=IDLE rs=BLOCKING os=OPEN is=IDLE awp=false se=false i=true al=0}
03:19:49.730 [qtp399373008-57] DEBUG org.eclipse.jetty.server.HttpConnection - New HTTP Connection HttpConnection@1152b4ca::DecryptedEndPoint@a25535c{l=/127.0.0.1:43437,r=/127.0.0.1:54574,OPEN,fill=-,flush=-,to=0/30000}
03:19:49.730 [qtp399373008-57] DEBUG org.eclipse.jetty.io.ManagedSelector - Queued change lazy=true org.eclipse.jetty.io.ManagedSelector$$Lambda$258/445561681@1bef3a6a on ManagedSelector@7bb6ab3a{STARTED} id=3 keys=1 selected=0 updates=0
03:19:49.730 [qtp399373008-57] DEBUG org.eclipse.jetty.io.AbstractEndPoint - onOpen SocketChannelEndPoint@6a0aac13{l=/127.0.0.1:43437,r=/127.0.0.1:54574,OPEN,fill=-,flush=-,to=0/30000}{io=0/0,kio=0,kro=0}->SslConnection@2ef434e1{NOT_HANDSHAKING,eio=-1/-1,di=-1,fill=IDLE,flush=IDLE}~>DecryptedEndPoint@a25535c{l=/127.0.0.1:43437,r=/127.0.0.1:54574,OPEN,fill=-,flush=-,to=0/30000}=>HttpConnection@1152b4ca[p=HttpParser{s=START,0 of -1},g=HttpGenerator@e6b2dd0{s=START}]=>HttpChannelOverHttp@5baa23a1{s=HttpChannelState@35f01bc5{s=IDLE rs=BLOCKING os=OPEN is=IDLE awp=false se=false i=true al=0},r=0,c=false/false,a=IDLE,uri=null,age=0}
03:19:49.730 [qtp399373008-57] DEBUG org.eclipse.jetty.io.AbstractConnection - onOpen SslConnection@2ef434e1::SocketChannelEndPoint@6a0aac13{l=/127.0.0.1:43437,r=/127.0.0.1:54574,OPEN,fill=-,flush=-,to=0/30000}{io=0/0,kio=0,kro=0}->SslConnection@2ef434e1{NOT_HANDSHAKING,eio=-1/-1,di=-1,fill=IDLE,flush=IDLE}~>DecryptedEndPoint@a25535c{l=/127.0.0.1:43437,r=/127.0.0.1:54574,OPEN,fill=-,flush=-,to=0/30000}=>HttpConnection@1152b4ca[p=HttpParser{s=START,0 of -1},g=HttpGenerator@e6b2dd0{s=START}]=>HttpChannelOverHttp@5baa23a1{s=HttpChannelState@35f01bc5{s=IDLE rs=BLOCKING os=OPEN is=IDLE awp=false se=false i=true al=0},r=0,c=false/false,a=IDLE,uri=null,age=0}
03:19:49.730 [qtp399373008-57] DEBUG org.eclipse.jetty.io.AbstractConnection - onOpen HttpConnection@1152b4ca::DecryptedEndPoint@a25535c{l=/127.0.0.1:43437,r=/127.0.0.1:54574,OPEN,fill=-,flush=-,to=0/30000}
03:19:49.731 [qtp399373008-57] DEBUG org.eclipse.jetty.io.AbstractConnection - fillInterested HttpConnection@1152b4ca::DecryptedEndPoint@a25535c{l=/127.0.0.1:43437,r=/127.0.0.1:54574,OPEN,fill=-,flush=-,to=0/30000}
03:19:49.731 [qtp399373008-57] DEBUG org.eclipse.jetty.io.FillInterest - interested FillInterest@a9b2c33{AC.ReadCB@1152b4ca{HttpConnection@1152b4ca::DecryptedEndPoint@a25535c{l=/127.0.0.1:43437,r=/127.0.0.1:54574,OPEN,fill=FI,flush=-,to=0/30000}}}
03:19:49.731 [qtp399373008-57] DEBUG org.eclipse.jetty.io.ssl.SslConnection - >needFillInterest s=IDLE/IDLE uf=false ei=null di=null SslConnection@2ef434e1::SocketChannelEndPoint@6a0aac13{l=/127.0.0.1:43437,r=/127.0.0.1:54574,OPEN,fill=-,flush=-,to=0/30000}{io=0/0,kio=0,kro=0}->SslConnection@2ef434e1{NOT_HANDSHAKING,eio=-1/-1,di=-1,fill=IDLE,flush=IDLE}~>DecryptedEndPoint@a25535c{l=/127.0.0.1:43437,r=/127.0.0.1:54574,OPEN,fill=FI,flush=-,to=0/30000}=>HttpConnection@1152b4ca[p=HttpParser{s=START,0 of -1},g=HttpGenerator@e6b2dd0{s=START}]=>HttpChannelOverHttp@5baa23a1{s=HttpChannelState@35f01bc5{s=IDLE rs=BLOCKING os=OPEN is=IDLE awp=false se=false i=true al=0},r=0,c=false/false,a=IDLE,uri=null,age=0}
03:19:49.731 [qtp399373008-57] DEBUG org.eclipse.jetty.io.ssl.SslConnection - <needFillInterest s=IDLE/INTERESTED f=false i=true w=null
03:19:49.731 [qtp399373008-57] DEBUG org.eclipse.jetty.io.ssl.SslConnection - ensureFillInterested SslConnection@2ef434e1::SocketChannelEndPoint@6a0aac13{l=/127.0.0.1:43437,r=/127.0.0.1:54574,OPEN,fill=-,flush=-,to=0/30000}{io=0/0,kio=0,kro=0}->SslConnection@2ef434e1{NOT_HANDSHAKING,eio=-1/-1,di=-1,fill=INTERESTED,flush=IDLE}~>DecryptedEndPoint@a25535c{l=/127.0.0.1:43437,r=/127.0.0.1:54574,OPEN,fill=FI,flush=-,to=0/30000}=>HttpConnection@1152b4ca[p=HttpParser{s=START,0 of -1},g=HttpGenerator@e6b2dd0{s=START}]=>HttpChannelOverHttp@5baa23a1{s=HttpChannelState@35f01bc5{s=IDLE rs=BLOCKING os=OPEN is=IDLE awp=false se=false i=true al=0},r=0,c=false/false,a=IDLE,uri=null,age=0}
03:19:49.731 [qtp399373008-57] DEBUG org.eclipse.jetty.io.FillInterest - interested FillInterest@68456b60{SSLC.NBReadCB@2ef434e1{SslConnection@2ef434e1::SocketChannelEndPoint@6a0aac13{l=/127.0.0.1:43437,r=/127.0.0.1:54574,OPEN,fill=FI,flush=-,to=0/30000}{io=0/0,kio=0,kro=0}->SslConnection@2ef434e1{NOT_HANDSHAKING,eio=-1/-1,di=-1,fill=INTERESTED,flush=IDLE}~>DecryptedEndPoint@a25535c{l=/127.0.0.1:43437,r=/127.0.0.1:54574,OPEN,fill=FI,flush=-,to=0/30000}=>HttpConnection@1152b4ca[p=HttpParser{s=START,0 of -1},g=HttpGenerator@e6b2dd0{s=START}]=>HttpChannelOverHttp@5baa23a1{s=HttpChannelState@35f01bc5{s=IDLE rs=BLOCKING os=OPEN is=IDLE awp=false se=false i=true al=0},r=0,c=false/false,a=IDLE,uri=null,age=0}}}
03:19:49.731 [qtp399373008-57] DEBUG org.eclipse.jetty.io.ChannelEndPoint - changeInterests p=false 0->1 for SocketChannelEndPoint@6a0aac13{l=/127.0.0.1:43437,r=/127.0.0.1:54574,OPEN,fill=FI,flush=-,to=0/30000}{io=0/1,kio=0,kro=0}->SslConnection@2ef434e1{NOT_HANDSHAKING,eio=-1/-1,di=-1,fill=INTERESTED,flush=IDLE}~>DecryptedEndPoint@a25535c{l=/127.0.0.1:43437,r=/127.0.0.1:54574,OPEN,fill=FI,flush=-,to=0/30000}=>HttpConnection@1152b4ca[p=HttpParser{s=START,0 of -1},g=HttpGenerator@e6b2dd0{s=START}]=>HttpChannelOverHttp@5baa23a1{s=HttpChannelState@35f01bc5{s=IDLE rs=BLOCKING os=OPEN is=IDLE awp=false se=false i=true al=0},r=0,c=false/false,a=IDLE,uri=null,age=0}
03:19:49.731 [qtp399373008-57] DEBUG org.eclipse.jetty.io.ManagedSelector - Queued change lazy=false org.eclipse.jetty.io.ChannelEndPoint$$Lambda$255/90666987@671909b5 on ManagedSelector@7bb6ab3a{STARTED} id=3 keys=1 selected=0 updates=1
03:19:49.731 [qtp399373008-57] DEBUG org.eclipse.jetty.io.ManagedSelector - Wakeup on submit ManagedSelector@7bb6ab3a{STARTED} id=3 keys=1 selected=0 updates=2
03:19:49.731 [qtp399373008-58] DEBUG org.eclipse.jetty.io.ManagedSelector - Selector sun.nio.ch.EPollSelectorImpl@2af73879 woken with none selected
03:19:49.731 [qtp399373008-58] DEBUG org.eclipse.jetty.io.ManagedSelector - Selector sun.nio.ch.EPollSelectorImpl@2af73879 woken up from select, 0/0/1 selected
03:19:49.731 [qtp399373008-58] DEBUG org.eclipse.jetty.io.ManagedSelector - Selector sun.nio.ch.EPollSelectorImpl@2af73879 processing 0 keys, 2 updates
03:19:49.731 [qtp399373008-57] DEBUG org.eclipse.jetty.io.ManagedSelector - Created SocketChannelEndPoint@6a0aac13{l=/127.0.0.1:43437,r=/127.0.0.1:54574,OPEN,fill=FI,flush=-,to=0/30000}{io=0/1,kio=0,kro=0}->SslConnection@2ef434e1{NOT_HANDSHAKING,eio=-1/-1,di=-1,fill=INTERESTED,flush=IDLE}~>DecryptedEndPoint@a25535c{l=/127.0.0.1:43437,r=/127.0.0.1:54574,OPEN,fill=FI,flush=-,to=0/30000}=>HttpConnection@1152b4ca[p=HttpParser{s=START,0 of -1},g=HttpGenerator@e6b2dd0{s=START}]=>HttpChannelOverHttp@5baa23a1{s=HttpChannelState@35f01bc5{s=IDLE rs=BLOCKING os=OPEN is=IDLE awp=false se=false i=true al=0},r=0,c=false/false,a=IDLE,uri=null,age=0}
03:19:49.731 [qtp399373008-58] DEBUG org.eclipse.jetty.io.ManagedSelector - updateable 2
03:19:49.731 [qtp399373008-58] DEBUG org.eclipse.jetty.io.ManagedSelector - update org.eclipse.jetty.io.ManagedSelector$$Lambda$258/445561681@1bef3a6a
03:19:49.731 [qtp399373008-58] DEBUG org.eclipse.jetty.io.ManagedSelector - update org.eclipse.jetty.io.ChannelEndPoint$$Lambda$255/90666987@671909b5
03:19:49.731 [qtp399373008-57] DEBUG org.eclipse.jetty.util.thread.QueuedThreadPool - ran Accept@4e9b7905[java.nio.channels.SocketChannel[connected local=/127.0.0.1:43437 remote=/127.0.0.1:54574]] in QueuedThreadPool[qtp399373008]@17cdf2d0{STARTED,8<=8<=200,i=0,r=-1,q=0}[ReservedThreadExecutor@424fd310{reserved=2/8,pending=0}]
03:19:49.731 [qtp399373008-58] DEBUG org.eclipse.jetty.io.ChannelEndPoint - Key interests updated 0 -> 1 on SocketChannelEndPoint@6a0aac13{l=/127.0.0.1:43437,r=/127.0.0.1:54574,OPEN,fill=FI,flush=-,to=0/30000}{io=1/1,kio=1,kro=0}->SslConnection@2ef434e1{NOT_HANDSHAKING,eio=-1/-1,di=-1,fill=INTERESTED,flush=IDLE}~>DecryptedEndPoint@a25535c{l=/127.0.0.1:43437,r=/127.0.0.1:54574,OPEN,fill=FI,flush=-,to=0/30000}=>HttpConnection@1152b4ca[p=HttpParser{s=START,0 of -1},g=HttpGenerator@e6b2dd0{s=START}]=>HttpChannelOverHttp@5baa23a1{s=HttpChannelState@35f01bc5{s=IDLE rs=BLOCKING os=OPEN is=IDLE awp=false se=false i=true al=0},r=0,c=false/false,a=IDLE,uri=null,age=0}
03:19:49.731 [qtp399373008-58] DEBUG org.eclipse.jetty.io.ManagedSelector - updates 0
03:19:49.731 [qtp399373008-58] DEBUG org.eclipse.jetty.io.ManagedSelector - Selector sun.nio.ch.EPollSelectorImpl@2af73879 waiting with 1 keys
03:19:49.732 [qtp399373008-58] DEBUG org.eclipse.jetty.io.ManagedSelector - Selector sun.nio.ch.EPollSelectorImpl@2af73879 woken up from select, 1/1/1 selected
03:19:49.732 [qtp399373008-58] DEBUG org.eclipse.jetty.io.ManagedSelector - Selector sun.nio.ch.EPollSelectorImpl@2af73879 processing 1 keys, 0 updates
03:19:49.732 [qtp399373008-58] DEBUG org.eclipse.jetty.io.ManagedSelector - selected 1 sun.nio.ch.SelectionKeyImpl@2430c357 SocketChannelEndPoint@6a0aac13{l=/127.0.0.1:43437,r=/127.0.0.1:54574,OPEN,fill=FI,flush=-,to=0/30000}{io=1/1,kio=1,kro=1}->SslConnection@2ef434e1{NOT_HANDSHAKING,eio=-1/-1,di=-1,fill=INTERESTED,flush=IDLE}~>DecryptedEndPoint@a25535c{l=/127.0.0.1:43437,r=/127.0.0.1:54574,OPEN,fill=FI,flush=-,to=1/30000}=>HttpConnection@1152b4ca[p=HttpParser{s=START,0 of -1},g=HttpGenerator@e6b2dd0{s=START}]=>HttpChannelOverHttp@5baa23a1{s=HttpChannelState@35f01bc5{s=IDLE rs=BLOCKING os=OPEN is=IDLE awp=false se=false i=true al=0},r=0,c=false/false,a=IDLE,uri=null,age=0} 
03:19:49.732 [qtp399373008-58] DEBUG org.eclipse.jetty.io.ChannelEndPoint - onSelected 1->0 r=true w=false for SocketChannelEndPoint@6a0aac13{l=/127.0.0.1:43437,r=/127.0.0.1:54574,OPEN,fill=FI,flush=-,to=0/30000}{io=1/0,kio=1,kro=1}->SslConnection@2ef434e1{NOT_HANDSHAKING,eio=-1/-1,di=-1,fill=INTERESTED,flush=IDLE}~>DecryptedEndPoint@a25535c{l=/127.0.0.1:43437,r=/127.0.0.1:54574,OPEN,fill=FI,flush=-,to=1/30000}=>HttpConnection@1152b4ca[p=HttpParser{s=START,0 of -1},g=HttpGenerator@e6b2dd0{s=START}]=>HttpChannelOverHttp@5baa23a1{s=HttpChannelState@35f01bc5{s=IDLE rs=BLOCKING os=OPEN is=IDLE awp=false se=false i=true al=0},r=0,c=false/false,a=IDLE,uri=null,age=0}
03:19:49.732 [qtp399373008-58] DEBUG org.eclipse.jetty.io.ChannelEndPoint - task CEP:SocketChannelEndPoint@6a0aac13{l=/127.0.0.1:43437,r=/127.0.0.1:54574,OPEN,fill=FI,flush=-,to=1/30000}{io=1/0,kio=1,kro=1}->SslConnection@2ef434e1{NOT_HANDSHAKING,eio=-1/-1,di=-1,fill=INTERESTED,flush=IDLE}~>DecryptedEndPoint@a25535c{l=/127.0.0.1:43437,r=/127.0.0.1:54574,OPEN,fill=FI,flush=-,to=1/30000}=>HttpConnection@1152b4ca[p=HttpParser{s=START,0 of -1},g=HttpGenerator@e6b2dd0{s=START}]=>HttpChannelOverHttp@5baa23a1{s=HttpChannelState@35f01bc5{s=IDLE rs=BLOCKING os=OPEN is=IDLE awp=false se=false i=true al=0},r=0,c=false/false,a=IDLE,uri=null,age=0}:runFillable:BLOCKING
03:19:49.732 [qtp399373008-58] DEBUG org.eclipse.jetty.util.thread.ReservedThreadExecutor - ReservedThreadExecutor@424fd310{reserved=2/8,pending=0} tryExecute EatWhatYouKill@f478a81/SelectorProducer@19553973/PRODUCING/p=false/QueuedThreadPool[qtp399373008]@17cdf2d0{STARTED,8<=8<=200,i=1,r=-1,q=0}[ReservedThreadExecutor@424fd310{reserved=2/8,pending=0}][pc=0,pic=0,pec=0,epc=0]@2024-05-02T03:19:49.732+01:00
03:19:49.732 [qtp399373008-62] DEBUG org.eclipse.jetty.util.thread.ReservedThreadExecutor - ReservedThread@29c437c9{RESERVED,thread=Thread[qtp399373008-62,5,main]} task=EatWhatYouKill@f478a81/SelectorProducer@19553973/IDLE/p=true/QueuedThreadPool[qtp399373008]@17cdf2d0{STARTED,8<=8<=200,i=1,r=-1,q=0}[ReservedThreadExecutor@424fd310{reserved=1/8,pending=0}][pc=0,pic=0,pec=0,epc=0]@2024-05-02T03:19:49.732+01:00 ReservedThreadExecutor@424fd310{reserved=1/8,pending=0}
03:19:49.732 [qtp399373008-58] DEBUG org.eclipse.jetty.util.thread.strategy.EatWhatYouKill - EatWhatYouKill@f478a81/SelectorProducer@19553973/IDLE/p=true/QueuedThreadPool[qtp399373008]@17cdf2d0{STARTED,8<=8<=200,i=1,r=-1,q=0}[ReservedThreadExecutor@424fd310{reserved=1/8,pending=0}][pc=0,pic=0,pec=0,epc=0]@2024-05-02T03:19:49.732+01:00 m=EXECUTE_PRODUCE_CONSUME t=CEP:SocketChannelEndPoint@6a0aac13{l=/127.0.0.1:43437,r=/127.0.0.1:54574,OPEN,fill=FI,flush=-,to=1/30000}{io=1/0,kio=1,kro=1}->SslConnection@2ef434e1{NOT_HANDSHAKING,eio=-1/-1,di=-1,fill=INTERESTED,flush=IDLE}~>DecryptedEndPoint@a25535c{l=/127.0.0.1:43437,r=/127.0.0.1:54574,OPEN,fill=FI,flush=-,to=1/30000}=>HttpConnection@1152b4ca[p=HttpParser{s=START,0 of -1},g=HttpGenerator@e6b2dd0{s=START}]=>HttpChannelOverHttp@5baa23a1{s=HttpChannelState@35f01bc5{s=IDLE rs=BLOCKING os=OPEN is=IDLE awp=false se=false i=true al=0},r=0,c=false/false,a=IDLE,uri=null,age=0}:runFillable:BLOCKING/BLOCKING
03:19:49.732 [qtp399373008-62] DEBUG org.eclipse.jetty.util.thread.strategy.EatWhatYouKill - EatWhatYouKill@f478a81/SelectorProducer@19553973/IDLE/p=true/QueuedThreadPool[qtp399373008]@17cdf2d0{STARTED,8<=8<=200,i=1,r=-1,q=0}[ReservedThreadExecutor@424fd310{reserved=1/8,pending=0}][pc=0,pic=0,pec=0,epc=0]@2024-05-02T03:19:49.732+01:00 tryProduce true
03:19:49.732 [qtp399373008-62] DEBUG org.eclipse.jetty.io.ManagedSelector - updateable 0
03:19:49.732 [qtp399373008-62] DEBUG org.eclipse.jetty.io.ManagedSelector - updates 0
03:19:49.732 [qtp399373008-58] DEBUG org.eclipse.jetty.io.FillInterest - fillable FillInterest@68456b60{SSLC.NBReadCB@2ef434e1{SslConnection@2ef434e1::SocketChannelEndPoint@6a0aac13{l=/127.0.0.1:43437,r=/127.0.0.1:54574,OPEN,fill=FI,flush=-,to=1/30000}{io=1/0,kio=1,kro=1}->SslConnection@2ef434e1{NOT_HANDSHAKING,eio=-1/-1,di=-1,fill=INTERESTED,flush=IDLE}~>DecryptedEndPoint@a25535c{l=/127.0.0.1:43437,r=/127.0.0.1:54574,OPEN,fill=FI,flush=-,to=1/30000}=>HttpConnection@1152b4ca[p=HttpParser{s=START,0 of -1},g=HttpGenerator@e6b2dd0{s=START}]=>HttpChannelOverHttp@5baa23a1{s=HttpChannelState@35f01bc5{s=IDLE rs=BLOCKING os=OPEN is=IDLE awp=false se=false i=true al=0},r=0,c=false/false,a=IDLE,uri=null,age=0}}}
03:19:49.733 [qtp399373008-62] DEBUG org.eclipse.jetty.io.ChannelEndPoint - Key interests updated 1 -> 0 on SocketChannelEndPoint@6a0aac13{l=/127.0.0.1:43437,r=/127.0.0.1:54574,OPEN,fill=-,flush=-,to=1/30000}{io=0/0,kio=0,kro=1}->SslConnection@2ef434e1{NOT_HANDSHAKING,eio=-1/-1,di=-1,fill=INTERESTED,flush=IDLE}~>DecryptedEndPoint@a25535c{l=/127.0.0.1:43437,r=/127.0.0.1:54574,OPEN,fill=FI,flush=-,to=2/30000}=>HttpConnection@1152b4ca[p=HttpParser{s=START,0 of -1},g=HttpGenerator@e6b2dd0{s=START}]=>HttpChannelOverHttp@5baa23a1{s=HttpChannelState@35f01bc5{s=IDLE rs=BLOCKING os=OPEN is=IDLE awp=false se=false i=true al=0},r=0,c=false/false,a=IDLE,uri=null,age=0}
03:19:49.733 [qtp399373008-58] DEBUG org.eclipse.jetty.io.ssl.SslConnection - >c.onFillable SslConnection@2ef434e1::SocketChannelEndPoint@6a0aac13{l=/127.0.0.1:43437,r=/127.0.0.1:54574,OPEN,fill=-,flush=-,to=1/30000}{io=0/0,kio=0,kro=1}->SslConnection@2ef434e1{NOT_HANDSHAKING,eio=-1/-1,di=-1,fill=INTERESTED,flush=IDLE}~>DecryptedEndPoint@a25535c{l=/127.0.0.1:43437,r=/127.0.0.1:54574,OPEN,fill=FI,flush=-,to=2/30000}=>HttpConnection@1152b4ca[p=HttpParser{s=START,0 of -1},g=HttpGenerator@e6b2dd0{s=START}]=>HttpChannelOverHttp@5baa23a1{s=HttpChannelState@35f01bc5{s=IDLE rs=BLOCKING os=OPEN is=IDLE awp=false se=false i=true al=0},r=0,c=false/false,a=IDLE,uri=null,age=0}
03:19:49.733 [qtp399373008-62] DEBUG org.eclipse.jetty.io.ManagedSelector - Selector sun.nio.ch.EPollSelectorImpl@2af73879 waiting with 1 keys
03:19:49.733 [qtp399373008-58] DEBUG org.eclipse.jetty.io.ssl.SslConnection - onFillable SslConnection@2ef434e1::SocketChannelEndPoint@6a0aac13{l=/127.0.0.1:43437,r=/127.0.0.1:54574,OPEN,fill=-,flush=-,to=1/30000}{io=0/0,kio=0,kro=1}->SslConnection@2ef434e1{NOT_HANDSHAKING,eio=-1/-1,di=-1,fill=INTERESTED,flush=IDLE}~>DecryptedEndPoint@a25535c{l=/127.0.0.1:43437,r=/127.0.0.1:54574,OPEN,fill=FI,flush=-,to=2/30000}=>HttpConnection@1152b4ca[p=HttpParser{s=START,0 of -1},g=HttpGenerator@e6b2dd0{s=START}]=>HttpChannelOverHttp@5baa23a1{s=HttpChannelState@35f01bc5{s=IDLE rs=BLOCKING os=OPEN is=IDLE awp=false se=false i=true al=0},r=0,c=false/false,a=IDLE,uri=null,age=0}
03:19:49.733 [qtp399373008-58] DEBUG org.eclipse.jetty.io.FillInterest - fillable FillInterest@a9b2c33{AC.ReadCB@1152b4ca{HttpConnection@1152b4ca::DecryptedEndPoint@a25535c{l=/127.0.0.1:43437,r=/127.0.0.1:54574,OPEN,fill=FI,flush=-,to=2/30000}}}
03:19:49.733 [qtp399373008-58] DEBUG org.eclipse.jetty.server.HttpConnection - HttpConnection@1152b4ca::DecryptedEndPoint@a25535c{l=/127.0.0.1:43437,r=/127.0.0.1:54574,OPEN,fill=-,flush=-,to=2/30000} onFillable enter HttpChannelState@35f01bc5{s=IDLE rs=BLOCKING os=OPEN is=IDLE awp=false se=false i=true al=0} null
03:19:49.733 [qtp399373008-58] DEBUG org.eclipse.jetty.io.ssl.SslConnection - >fill SslConnection@2ef434e1::SocketChannelEndPoint@6a0aac13{l=/127.0.0.1:43437,r=/127.0.0.1:54574,OPEN,fill=-,flush=-,to=2/30000}{io=0/0,kio=0,kro=1}->SslConnection@2ef434e1{NOT_HANDSHAKING,eio=-1/-1,di=-1,fill=IDLE,flush=IDLE}~>DecryptedEndPoint@a25535c{l=/127.0.0.1:43437,r=/127.0.0.1:54574,OPEN,fill=-,flush=-,to=2/30000}=>HttpConnection@1152b4ca[p=HttpParser{s=START,0 of -1},g=HttpGenerator@e6b2dd0{s=START}]=>HttpChannelOverHttp@5baa23a1{s=HttpChannelState@35f01bc5{s=IDLE rs=BLOCKING os=OPEN is=IDLE awp=false se=false i=true al=0},r=0,c=false/false,a=IDLE,uri=null,age=0}
03:19:49.733 [qtp399373008-58] DEBUG org.eclipse.jetty.io.ssl.SslConnection - fill NOT_HANDSHAKING
03:19:49.733 [qtp399373008-58] DEBUG org.eclipse.jetty.io.ChannelEndPoint - filled 339 HeapByteBuffer@1719ebcb[p=0,l=339,c=17408,r=339]={<<<\x16\x03\x03\x01N\x01\x00\x01J\x03\x03z\x80\xF6uG\x9c*)J\xB7\xD4+\xDb\x16...RY\x1e\xF38G8O\xC6\r\x93\x19t\x92\x0e<\x85a\xFf\x01\x00\x01\x00>>>\xF9\xFb}{\xC0\xFag\xC6G...\x00\x00\x00\x00\x00\x00\x00}
03:19:49.733 [qtp399373008-58] DEBUG org.eclipse.jetty.io.ssl.SslConnection - net filled=339
03:19:49.733 [qtp399373008-58] DEBUG org.eclipse.jetty.io.ssl.SslConnection - fill starting handshake SslConnection@2ef434e1::SocketChannelEndPoint@6a0aac13{l=/127.0.0.1:43437,r=/127.0.0.1:54574,OPEN,fill=-,flush=-,to=0/30000}{io=0/0,kio=0,kro=1}->SslConnection@2ef434e1{NOT_HANDSHAKING,eio=339/-1,di=-1,fill=IDLE,flush=IDLE}~>DecryptedEndPoint@a25535c{l=/127.0.0.1:43437,r=/127.0.0.1:54574,OPEN,fill=-,flush=-,to=2/30000}=>HttpConnection@1152b4ca[p=HttpParser{s=START,0 of -1},g=HttpGenerator@e6b2dd0{s=START}]=>HttpChannelOverHttp@5baa23a1{s=HttpChannelState@35f01bc5{s=IDLE rs=BLOCKING os=OPEN is=IDLE awp=false se=false i=true al=0},r=0,c=false/false,a=IDLE,uri=null,age=0}
03:19:49.734 [qtp399373008-58] DEBUG org.eclipse.jetty.io.ssl.SslConnection - unwrap net_filled=339 Status = OK HandshakeStatus = NEED_TASK bytesConsumed = 339 bytesProduced = 0 encryptedBuffer=[p=339,l=339,c=17408,r=0] unwrapBuffer=HeapByteBuffer@13266df0[p=0,l=0,c=17408,r=0]={<<<>>>GET / HTT...\x00\x00\x00\x00\x00\x00\x00} appBuffer=HeapByteBuffer@13266df0[p=0,l=0,c=17408,r=0]={<<<>>>GET / HTT...\x00\x00\x00\x00\x00\x00\x00}
03:19:49.734 [qtp399373008-58] DEBUG org.eclipse.jetty.io.ssl.SslConnection - fill NEED_TASK
03:19:49.742 [qtp399373008-58] DEBUG org.eclipse.jetty.io.ssl.SslConnection - fill NEED_WRAP
03:19:49.742 [qtp399373008-58] DEBUG org.eclipse.jetty.io.ssl.SslConnection - >flush SslConnection@2ef434e1::SocketChannelEndPoint@6a0aac13{l=/127.0.0.1:43437,r=/127.0.0.1:54574,OPEN,fill=-,flush=-,to=8/30000}{io=0/0,kio=0,kro=1}->SslConnection@2ef434e1{NEED_WRAP,eio=0/-1,di=-1,fill=IDLE,flush=IDLE}~>DecryptedEndPoint@a25535c{l=/127.0.0.1:43437,r=/127.0.0.1:54574,OPEN,fill=-,flush=-,to=11/30000}=>HttpConnection@1152b4ca[p=HttpParser{s=START,0 of -1},g=HttpGenerator@e6b2dd0{s=START}]=>HttpChannelOverHttp@5baa23a1{s=HttpChannelState@35f01bc5{s=IDLE rs=BLOCKING os=OPEN is=IDLE awp=false se=false i=true al=0},r=0,c=false/false,a=IDLE,uri=null,age=0}
03:19:49.742 [qtp399373008-58] DEBUG org.eclipse.jetty.io.ssl.SslConnection - flush b[0]=HeapByteBuffer@60c04197[p=0,l=0,c=0,r=0]={<<<>>>}
03:19:49.742 [qtp399373008-58] DEBUG org.eclipse.jetty.io.ssl.SslConnection - flush NEED_WRAP
03:19:49.742 [qtp399373008-58] DEBUG org.eclipse.jetty.io.ssl.SslConnection - wrap Status = OK HandshakeStatus = NEED_WRAP bytesConsumed = 0 bytesProduced = 160 [p=0,l=160,c=17408,r=160] ioDone=false/false
03:19:49.743 [qtp399373008-58] DEBUG org.eclipse.jetty.io.ChannelEndPoint - flushed 160 SocketChannelEndPoint@6a0aac13{l=/127.0.0.1:43437,r=/127.0.0.1:54574,OPEN,fill=-,flush=-,to=9/30000}{io=0/0,kio=0,kro=1}->SslConnection@2ef434e1{NEED_WRAP,eio=0/0,di=-1,fill=IDLE,flush=IDLE}~>DecryptedEndPoint@a25535c{l=/127.0.0.1:43437,r=/127.0.0.1:54574,OPEN,fill=-,flush=-,to=11/30000}=>HttpConnection@1152b4ca[p=HttpParser{s=START,0 of -1},g=HttpGenerator@e6b2dd0{s=START}]=>HttpChannelOverHttp@5baa23a1{s=HttpChannelState@35f01bc5{s=IDLE rs=BLOCKING os=OPEN is=IDLE awp=false se=false i=true al=0},r=0,c=false/false,a=IDLE,uri=null,age=0}
03:19:49.743 [qtp399373008-58] DEBUG org.eclipse.jetty.io.ssl.SslConnection - net flushed=true, ac=true
03:19:49.743 [qtp399373008-58] DEBUG org.eclipse.jetty.io.ssl.SslConnection - flush NEED_WRAP
03:19:49.743 [qtp399373008-58] DEBUG org.eclipse.jetty.io.ssl.SslConnection - wrap Status = OK HandshakeStatus = NEED_WRAP bytesConsumed = 0 bytesProduced = 6 [p=0,l=6,c=17408,r=6] ioDone=false/false
03:19:49.743 [qtp399373008-58] DEBUG org.eclipse.jetty.io.ChannelEndPoint - flushed 6 SocketChannelEndPoint@6a0aac13{l=/127.0.0.1:43437,r=/127.0.0.1:54574,OPEN,fill=-,flush=-,to=0/30000}{io=0/0,kio=0,kro=1}->SslConnection@2ef434e1{NEED_WRAP,eio=0/0,di=-1,fill=IDLE,flush=IDLE}~>DecryptedEndPoint@a25535c{l=/127.0.0.1:43437,r=/127.0.0.1:54574,OPEN,fill=-,flush=-,to=12/30000}=>HttpConnection@1152b4ca[p=HttpParser{s=START,0 of -1},g=HttpGenerator@e6b2dd0{s=START}]=>HttpChannelOverHttp@5baa23a1{s=HttpChannelState@35f01bc5{s=IDLE rs=BLOCKING os=OPEN is=IDLE awp=false se=false i=true al=0},r=0,c=false/false,a=IDLE,uri=null,age=0}
03:19:49.743 [qtp399373008-58] DEBUG org.eclipse.jetty.io.ssl.SslConnection - net flushed=true, ac=true
03:19:49.743 [qtp399373008-58] DEBUG org.eclipse.jetty.io.ssl.SslConnection - flush NEED_WRAP
03:19:49.743 [qtp399373008-58] DEBUG org.eclipse.jetty.io.ssl.SslConnection - wrap Status = OK HandshakeStatus = NEED_UNWRAP bytesConsumed = 0 bytesProduced = 1597 [p=0,l=1597,c=17408,r=1597] ioDone=false/false
03:19:49.743 [qtp399373008-58] DEBUG org.eclipse.jetty.io.ChannelEndPoint - flushed 1597 SocketChannelEndPoint@6a0aac13{l=/127.0.0.1:43437,r=/127.0.0.1:54574,OPEN,fill=-,flush=-,to=0/30000}{io=0/0,kio=0,kro=1}->SslConnection@2ef434e1{NEED_UNWRAP,eio=0/0,di=-1,fill=IDLE,flush=IDLE}~>DecryptedEndPoint@a25535c{l=/127.0.0.1:43437,r=/127.0.0.1:54574,OPEN,fill=-,flush=-,to=12/30000}=>HttpConnection@1152b4ca[p=HttpParser{s=START,0 of -1},g=HttpGenerator@e6b2dd0{s=START}]=>HttpChannelOverHttp@5baa23a1{s=HttpChannelState@35f01bc5{s=IDLE rs=BLOCKING os=OPEN is=IDLE awp=false se=false i=true al=0},r=0,c=false/false,a=IDLE,uri=null,age=0}
03:19:49.743 [qtp399373008-58] DEBUG org.eclipse.jetty.io.ssl.SslConnection - net flushed=true, ac=true
03:19:49.743 [qtp399373008-58] DEBUG org.eclipse.jetty.io.ssl.SslConnection - <flush true SslConnection@2ef434e1::SocketChannelEndPoint@6a0aac13{l=/127.0.0.1:43437,r=/127.0.0.1:54574,OPEN,fill=-,flush=-,to=0/30000}{io=0/0,kio=0,kro=1}->SslConnection@2ef434e1{NEED_UNWRAP,eio=0/-1,di=-1,fill=IDLE,flush=IDLE}~>DecryptedEndPoint@a25535c{l=/127.0.0.1:43437,r=/127.0.0.1:54574,OPEN,fill=-,flush=-,to=12/30000}=>HttpConnection@1152b4ca[p=HttpParser{s=START,0 of -1},g=HttpGenerator@e6b2dd0{s=START}]=>HttpChannelOverHttp@5baa23a1{s=HttpChannelState@35f01bc5{s=IDLE rs=BLOCKING os=OPEN is=IDLE awp=false se=false i=true al=0},r=0,c=false/false,a=IDLE,uri=null,age=0}
03:19:49.743 [qtp399373008-58] DEBUG org.eclipse.jetty.io.ssl.SslConnection - fill NEED_UNWRAP
03:19:49.744 [qtp399373008-58] DEBUG org.eclipse.jetty.io.ChannelEndPoint - filled 0 HeapByteBuffer@1719ebcb[p=0,l=0,c=17408,r=0]={<<<>>>\x16\x03\x03\x01N\x01\x00\x01J...\x00\x00\x00\x00\x00\x00\x00}
03:19:49.744 [qtp399373008-58] DEBUG org.eclipse.jetty.io.ssl.SslConnection - net filled=0
03:19:49.744 [qtp399373008-58] DEBUG org.eclipse.jetty.io.ssl.SslConnection - unwrap net_filled=0 Status = BUFFER_UNDERFLOW HandshakeStatus = NEED_UNWRAP bytesConsumed = 0 bytesProduced = 0 encryptedBuffer=[p=0,l=0,c=17408,r=0] unwrapBuffer=HeapByteBuffer@13266df0[p=0,l=0,c=17408,r=0]={<<<>>>GET / HTT...\x00\x00\x00\x00\x00\x00\x00} appBuffer=HeapByteBuffer@13266df0[p=0,l=0,c=17408,r=0]={<<<>>>GET / HTT...\x00\x00\x00\x00\x00\x00\x00}
03:19:49.744 [qtp399373008-58] DEBUG org.eclipse.jetty.io.ssl.SslConnection - <fill f=0 uf=true SslConnection@2ef434e1::SocketChannelEndPoint@6a0aac13{l=/127.0.0.1:43437,r=/127.0.0.1:54574,OPEN,fill=-,flush=-,to=0/30000}{io=0/0,kio=0,kro=1}->SslConnection@2ef434e1{NEED_UNWRAP,eio=-1/-1,di=-1,fill=IDLE,flush=IDLE}~>DecryptedEndPoint@a25535c{l=/127.0.0.1:43437,r=/127.0.0.1:54574,OPEN,fill=-,flush=-,to=13/30000}=>HttpConnection@1152b4ca[p=HttpParser{s=START,0 of -1},g=HttpGenerator@e6b2dd0{s=START}]=>HttpChannelOverHttp@5baa23a1{s=HttpChannelState@35f01bc5{s=IDLE rs=BLOCKING os=OPEN is=IDLE awp=false se=false i=true al=0},r=0,c=false/false,a=IDLE,uri=null,age=0}
03:19:49.744 [qtp399373008-58] DEBUG org.eclipse.jetty.io.ssl.SslConnection - >fill SslConnection@2ef434e1::SocketChannelEndPoint@6a0aac13{l=/127.0.0.1:43437,r=/127.0.0.1:54574,OPEN,fill=-,flush=-,to=0/30000}{io=0/0,kio=0,kro=1}->SslConnection@2ef434e1{NEED_UNWRAP,eio=-1/-1,di=-1,fill=IDLE,flush=IDLE}~>DecryptedEndPoint@a25535c{l=/127.0.0.1:43437,r=/127.0.0.1:54574,OPEN,fill=-,flush=-,to=13/30000}=>HttpConnection@1152b4ca[p=HttpParser{s=START,0 of -1},g=HttpGenerator@e6b2dd0{s=START}]=>HttpChannelOverHttp@5baa23a1{s=HttpChannelState@35f01bc5{s=IDLE rs=BLOCKING os=OPEN is=IDLE awp=false se=false i=true al=0},r=0,c=false/false,a=IDLE,uri=null,age=0}
03:19:49.744 [qtp399373008-58] DEBUG org.eclipse.jetty.io.ssl.SslConnection - fill NEED_UNWRAP
03:19:49.744 [qtp399373008-58] DEBUG org.eclipse.jetty.io.ChannelEndPoint - filled 0 HeapByteBuffer@19de0680[p=0,l=0,c=17408,r=0]={<<<>>>\x17\x03\x03\x068;\xEe\xA6\x80...\x00\x00\x00\x00\x00\x00\x00}
03:19:49.744 [qtp399373008-58] DEBUG org.eclipse.jetty.io.ssl.SslConnection - net filled=0
03:19:49.744 [qtp399373008-58] DEBUG org.eclipse.jetty.io.ssl.SslConnection - unwrap net_filled=0 Status = BUFFER_UNDERFLOW HandshakeStatus = NEED_UNWRAP bytesConsumed = 0 bytesProduced = 0 encryptedBuffer=[p=0,l=0,c=17408,r=0] unwrapBuffer=HeapByteBuffer@13266df0[p=0,l=0,c=17408,r=0]={<<<>>>GET / HTT...\x00\x00\x00\x00\x00\x00\x00} appBuffer=HeapByteBuffer@13266df0[p=0,l=0,c=17408,r=0]={<<<>>>GET / HTT...\x00\x00\x00\x00\x00\x00\x00}
03:19:49.744 [qtp399373008-58] DEBUG org.eclipse.jetty.io.ssl.SslConnection - <fill f=0 uf=true SslConnection@2ef434e1::SocketChannelEndPoint@6a0aac13{l=/127.0.0.1:43437,r=/127.0.0.1:54574,OPEN,fill=-,flush=-,to=0/30000}{io=0/0,kio=0,kro=1}->SslConnection@2ef434e1{NEED_UNWRAP,eio=-1/-1,di=-1,fill=IDLE,flush=IDLE}~>DecryptedEndPoint@a25535c{l=/127.0.0.1:43437,r=/127.0.0.1:54574,OPEN,fill=-,flush=-,to=13/30000}=>HttpConnection@1152b4ca[p=HttpParser{s=START,0 of -1},g=HttpGenerator@e6b2dd0{s=START}]=>HttpChannelOverHttp@5baa23a1{s=HttpChannelState@35f01bc5{s=IDLE rs=BLOCKING os=OPEN is=IDLE awp=false se=false i=true al=0},r=0,c=false/false,a=IDLE,uri=null,age=0}
03:19:49.744 [qtp399373008-58] DEBUG org.eclipse.jetty.server.HttpConnection - HttpConnection@1152b4ca::DecryptedEndPoint@a25535c{l=/127.0.0.1:43437,r=/127.0.0.1:54574,OPEN,fill=-,flush=-,to=13/30000} filled 0 HeapByteBuffer@13266df0[p=0,l=0,c=17408,r=0]={<<<>>>GET / HTT...\x00\x00\x00\x00\x00\x00\x00}
03:19:49.744 [qtp399373008-58] DEBUG org.eclipse.jetty.server.HttpConnection - HttpConnection@1152b4ca::DecryptedEndPoint@a25535c{l=/127.0.0.1:43437,r=/127.0.0.1:54574,OPEN,fill=-,flush=-,to=13/30000} parse HeapByteBuffer@13266df0[p=0,l=0,c=17408,r=0]={<<<>>>GET / HTT...\x00\x00\x00\x00\x00\x00\x00} {}
03:19:49.744 [qtp399373008-58] DEBUG org.eclipse.jetty.http.HttpParser - parseNext s=START HeapByteBuffer@13266df0[p=0,l=0,c=17408,r=0]={<<<>>>GET / HTT...\x00\x00\x00\x00\x00\x00\x00}
03:19:49.744 [qtp399373008-58] DEBUG org.eclipse.jetty.server.HttpConnection - HttpConnection@1152b4ca::DecryptedEndPoint@a25535c{l=/127.0.0.1:43437,r=/127.0.0.1:54574,OPEN,fill=-,flush=-,to=13/30000} parsed false HttpParser{s=START,0 of -1}
03:19:49.744 [qtp399373008-58] DEBUG org.eclipse.jetty.server.HttpConnection - releaseRequestBuffer HttpConnection@1152b4ca::DecryptedEndPoint@a25535c{l=/127.0.0.1:43437,r=/127.0.0.1:54574,OPEN,fill=-,flush=-,to=13/30000}
03:19:49.744 [qtp399373008-58] DEBUG org.eclipse.jetty.io.AbstractConnection - fillInterested HttpConnection@1152b4ca::DecryptedEndPoint@a25535c{l=/127.0.0.1:43437,r=/127.0.0.1:54574,OPEN,fill=-,flush=-,to=13/30000}
03:19:49.744 [qtp399373008-58] DEBUG org.eclipse.jetty.io.FillInterest - interested FillInterest@a9b2c33{AC.ReadCB@1152b4ca{HttpConnection@1152b4ca::DecryptedEndPoint@a25535c{l=/127.0.0.1:43437,r=/127.0.0.1:54574,OPEN,fill=FI,flush=-,to=0/30000}}}
03:19:49.744 [qtp399373008-58] DEBUG org.eclipse.jetty.io.ssl.SslConnection - >needFillInterest s=IDLE/IDLE uf=true ei=null di=null SslConnection@2ef434e1::SocketChannelEndPoint@6a0aac13{l=/127.0.0.1:43437,r=/127.0.0.1:54574,OPEN,fill=-,flush=-,to=0/30000}{io=0/0,kio=0,kro=1}->SslConnection@2ef434e1{NEED_UNWRAP,eio=-1/-1,di=-1,fill=IDLE,flush=IDLE}~>DecryptedEndPoint@a25535c{l=/127.0.0.1:43437,r=/127.0.0.1:54574,OPEN,fill=FI,flush=-,to=0/30000}=>HttpConnection@1152b4ca[p=HttpParser{s=START,0 of -1},g=HttpGenerator@e6b2dd0{s=START}]=>HttpChannelOverHttp@5baa23a1{s=HttpChannelState@35f01bc5{s=IDLE rs=BLOCKING os=OPEN is=IDLE awp=false se=false i=true al=0},r=0,c=false/false,a=IDLE,uri=null,age=0}
03:19:49.744 [qtp399373008-58] DEBUG org.eclipse.jetty.io.ssl.SslConnection - <needFillInterest s=IDLE/INTERESTED f=false i=true w=null
03:19:49.745 [qtp399373008-58] DEBUG org.eclipse.jetty.io.ssl.SslConnection - ensureFillInterested SslConnection@2ef434e1::SocketChannelEndPoint@6a0aac13{l=/127.0.0.1:43437,r=/127.0.0.1:54574,OPEN,fill=-,flush=-,to=1/30000}{io=0/0,kio=0,kro=1}->SslConnection@2ef434e1{NEED_UNWRAP,eio=-1/-1,di=-1,fill=INTERESTED,flush=IDLE}~>DecryptedEndPoint@a25535c{l=/127.0.0.1:43437,r=/127.0.0.1:54574,OPEN,fill=FI,flush=-,to=0/30000}=>HttpConnection@1152b4ca[p=HttpParser{s=START,0 of -1},g=HttpGenerator@e6b2dd0{s=START}]=>HttpChannelOverHttp@5baa23a1{s=HttpChannelState@35f01bc5{s=IDLE rs=BLOCKING os=OPEN is=IDLE awp=false se=false i=true al=0},r=0,c=false/false,a=IDLE,uri=null,age=0}
03:19:49.745 [qtp399373008-58] DEBUG org.eclipse.jetty.io.FillInterest - interested FillInterest@68456b60{SSLC.NBReadCB@2ef434e1{SslConnection@2ef434e1::SocketChannelEndPoint@6a0aac13{l=/127.0.0.1:43437,r=/127.0.0.1:54574,OPEN,fill=FI,flush=-,to=0/30000}{io=0/0,kio=0,kro=1}->SslConnection@2ef434e1{NEED_UNWRAP,eio=-1/-1,di=-1,fill=INTERESTED,flush=IDLE}~>DecryptedEndPoint@a25535c{l=/127.0.0.1:43437,r=/127.0.0.1:54574,OPEN,fill=FI,flush=-,to=0/30000}=>HttpConnection@1152b4ca[p=HttpParser{s=START,0 of -1},g=HttpGenerator@e6b2dd0{s=START}]=>HttpChannelOverHttp@5baa23a1{s=HttpChannelState@35f01bc5{s=IDLE rs=BLOCKING os=OPEN is=IDLE awp=false se=false i=true al=0},r=0,c=false/false,a=IDLE,uri=null,age=0}}}
03:19:49.745 [qtp399373008-58] DEBUG org.eclipse.jetty.io.ChannelEndPoint - changeInterests p=false 0->1 for SocketChannelEndPoint@6a0aac13{l=/127.0.0.1:43437,r=/127.0.0.1:54574,OPEN,fill=FI,flush=-,to=0/30000}{io=0/1,kio=0,kro=1}->SslConnection@2ef434e1{NEED_UNWRAP,eio=-1/-1,di=-1,fill=INTERESTED,flush=IDLE}~>DecryptedEndPoint@a25535c{l=/127.0.0.1:43437,r=/127.0.0.1:54574,OPEN,fill=FI,flush=-,to=0/30000}=>HttpConnection@1152b4ca[p=HttpParser{s=START,0 of -1},g=HttpGenerator@e6b2dd0{s=START}]=>HttpChannelOverHttp@5baa23a1{s=HttpChannelState@35f01bc5{s=IDLE rs=BLOCKING os=OPEN is=IDLE awp=false se=false i=true al=0},r=0,c=false/false,a=IDLE,uri=null,age=0}
03:19:49.745 [qtp399373008-58] DEBUG org.eclipse.jetty.io.ManagedSelector - Queued change lazy=false org.eclipse.jetty.io.ChannelEndPoint$$Lambda$255/90666987@671909b5 on ManagedSelector@7bb6ab3a{STARTED} id=3 keys=1 selected=0 updates=0
03:19:49.745 [qtp399373008-58] DEBUG org.eclipse.jetty.io.ManagedSelector - Wakeup on submit ManagedSelector@7bb6ab3a{STARTED} id=3 keys=1 selected=0 updates=1
03:19:49.745 [qtp399373008-62] DEBUG org.eclipse.jetty.io.ManagedSelector - Selector sun.nio.ch.EPollSelectorImpl@2af73879 woken with none selected
03:19:49.745 [qtp399373008-58] DEBUG org.eclipse.jetty.server.HttpConnection - HttpConnection@1152b4ca::DecryptedEndPoint@a25535c{l=/127.0.0.1:43437,r=/127.0.0.1:54574,OPEN,fill=FI,flush=-,to=0/30000} onFillable exit HttpChannelState@35f01bc5{s=IDLE rs=BLOCKING os=OPEN is=IDLE awp=false se=false i=true al=0} null
03:19:49.745 [qtp399373008-62] DEBUG org.eclipse.jetty.io.ManagedSelector - Selector sun.nio.ch.EPollSelectorImpl@2af73879 woken up from select, 0/0/1 selected
03:19:49.745 [qtp399373008-62] DEBUG org.eclipse.jetty.io.ManagedSelector - Selector sun.nio.ch.EPollSelectorImpl@2af73879 processing 0 keys, 1 updates
03:19:49.745 [qtp399373008-62] DEBUG org.eclipse.jetty.io.ManagedSelector - updateable 1
03:19:49.745 [qtp399373008-62] DEBUG org.eclipse.jetty.io.ManagedSelector - update org.eclipse.jetty.io.ChannelEndPoint$$Lambda$255/90666987@671909b5
03:19:49.745 [qtp399373008-58] DEBUG org.eclipse.jetty.io.ssl.SslConnection - <c.onFillable SslConnection@2ef434e1::SocketChannelEndPoint@6a0aac13{l=/127.0.0.1:43437,r=/127.0.0.1:54574,OPEN,fill=FI,flush=-,to=0/30000}{io=0/1,kio=0,kro=1}->SslConnection@2ef434e1{NEED_UNWRAP,eio=-1/-1,di=-1,fill=INTERESTED,flush=IDLE}~>DecryptedEndPoint@a25535c{l=/127.0.0.1:43437,r=/127.0.0.1:54574,OPEN,fill=FI,flush=-,to=0/30000}=>HttpConnection@1152b4ca[p=HttpParser{s=START,0 of -1},g=HttpGenerator@e6b2dd0{s=START}]=>HttpChannelOverHttp@5baa23a1{s=HttpChannelState@35f01bc5{s=IDLE rs=BLOCKING os=OPEN is=IDLE awp=false se=false i=true al=0},r=0,c=false/false,a=IDLE,uri=null,age=0}
03:19:49.745 [qtp399373008-58] DEBUG org.eclipse.jetty.util.thread.QueuedThreadPool - ran org.eclipse.jetty.io.ManagedSelector$$Lambda$253/838473569@32811494 in QueuedThreadPool[qtp399373008]@17cdf2d0{STARTED,8<=8<=200,i=1,r=-1,q=0}[ReservedThreadExecutor@424fd310{reserved=1/8,pending=0}]
03:19:49.745 [qtp399373008-62] DEBUG org.eclipse.jetty.io.ChannelEndPoint - Key interests updated 0 -> 1 on SocketChannelEndPoint@6a0aac13{l=/127.0.0.1:43437,r=/127.0.0.1:54574,OPEN,fill=FI,flush=-,to=0/30000}{io=1/1,kio=1,kro=1}->SslConnection@2ef434e1{NEED_UNWRAP,eio=-1/-1,di=-1,fill=INTERESTED,flush=IDLE}~>DecryptedEndPoint@a25535c{l=/127.0.0.1:43437,r=/127.0.0.1:54574,OPEN,fill=FI,flush=-,to=0/30000}=>HttpConnection@1152b4ca[p=HttpParser{s=START,0 of -1},g=HttpGenerator@e6b2dd0{s=START}]=>HttpChannelOverHttp@5baa23a1{s=HttpChannelState@35f01bc5{s=IDLE rs=BLOCKING os=OPEN is=IDLE awp=false se=false i=true al=0},r=0,c=false/false,a=IDLE,uri=null,age=0}
03:19:49.745 [qtp399373008-62] DEBUG org.eclipse.jetty.io.ManagedSelector - updates 0
03:19:49.745 [qtp399373008-62] DEBUG org.eclipse.jetty.io.ManagedSelector - Selector sun.nio.ch.EPollSelectorImpl@2af73879 waiting with 1 keys
03:19:49.745 [qtp399373008-62] DEBUG org.eclipse.jetty.io.ManagedSelector - Selector sun.nio.ch.EPollSelectorImpl@2af73879 woken up from select, 1/1/1 selected
03:19:49.745 [qtp399373008-62] DEBUG org.eclipse.jetty.io.ManagedSelector - Selector sun.nio.ch.EPollSelectorImpl@2af73879 processing 1 keys, 0 updates
03:19:49.745 [qtp399373008-62] DEBUG org.eclipse.jetty.io.ManagedSelector - selected 1 sun.nio.ch.SelectionKeyImpl@2430c357 SocketChannelEndPoint@6a0aac13{l=/127.0.0.1:43437,r=/127.0.0.1:54574,OPEN,fill=FI,flush=-,to=0/30000}{io=1/1,kio=1,kro=1}->SslConnection@2ef434e1{NEED_UNWRAP,eio=-1/-1,di=-1,fill=INTERESTED,flush=IDLE}~>DecryptedEndPoint@a25535c{l=/127.0.0.1:43437,r=/127.0.0.1:54574,OPEN,fill=FI,flush=-,to=1/30000}=>HttpConnection@1152b4ca[p=HttpParser{s=START,0 of -1},g=HttpGenerator@e6b2dd0{s=START}]=>HttpChannelOverHttp@5baa23a1{s=HttpChannelState@35f01bc5{s=IDLE rs=BLOCKING os=OPEN is=IDLE awp=false se=false i=true al=0},r=0,c=false/false,a=IDLE,uri=null,age=0} 
03:19:49.746 [qtp399373008-62] DEBUG org.eclipse.jetty.io.ChannelEndPoint - onSelected 1->0 r=true w=false for SocketChannelEndPoint@6a0aac13{l=/127.0.0.1:43437,r=/127.0.0.1:54574,OPEN,fill=FI,flush=-,to=0/30000}{io=1/0,kio=1,kro=1}->SslConnection@2ef434e1{NEED_UNWRAP,eio=-1/-1,di=-1,fill=INTERESTED,flush=IDLE}~>DecryptedEndPoint@a25535c{l=/127.0.0.1:43437,r=/127.0.0.1:54574,OPEN,fill=FI,flush=-,to=1/30000}=>HttpConnection@1152b4ca[p=HttpParser{s=START,0 of -1},g=HttpGenerator@e6b2dd0{s=START}]=>HttpChannelOverHttp@5baa23a1{s=HttpChannelState@35f01bc5{s=IDLE rs=BLOCKING os=OPEN is=IDLE awp=false se=false i=true al=0},r=0,c=false/false,a=IDLE,uri=null,age=0}
03:19:49.746 [qtp399373008-62] DEBUG org.eclipse.jetty.io.ChannelEndPoint - task CEP:SocketChannelEndPoint@6a0aac13{l=/127.0.0.1:43437,r=/127.0.0.1:54574,OPEN,fill=FI,flush=-,to=1/30000}{io=1/0,kio=1,kro=1}->SslConnection@2ef434e1{NEED_UNWRAP,eio=-1/-1,di=-1,fill=INTERESTED,flush=IDLE}~>DecryptedEndPoint@a25535c{l=/127.0.0.1:43437,r=/127.0.0.1:54574,OPEN,fill=FI,flush=-,to=1/30000}=>HttpConnection@1152b4ca[p=HttpParser{s=START,0 of -1},g=HttpGenerator@e6b2dd0{s=START}]=>HttpChannelOverHttp@5baa23a1{s=HttpChannelState@35f01bc5{s=IDLE rs=BLOCKING os=OPEN is=IDLE awp=false se=false i=true al=0},r=0,c=false/false,a=IDLE,uri=null,age=0}:runFillable:BLOCKING
03:19:49.746 [qtp399373008-62] DEBUG org.eclipse.jetty.util.thread.ReservedThreadExecutor - ReservedThreadExecutor@424fd310{reserved=1/8,pending=0} tryExecute EatWhatYouKill@f478a81/SelectorProducer@19553973/PRODUCING/p=false/QueuedThreadPool[qtp399373008]@17cdf2d0{STARTED,8<=8<=200,i=2,r=-1,q=0}[ReservedThreadExecutor@424fd310{reserved=1/8,pending=0}][pc=0,pic=0,pec=0,epc=1]@2024-05-02T03:19:49.746+01:00
03:19:49.746 [qtp399373008-62] DEBUG org.eclipse.jetty.util.thread.ReservedThreadExecutor - ReservedThreadExecutor@424fd310{reserved=0/8,pending=1} startReservedThread p=1
03:19:49.746 [qtp399373008-62] DEBUG org.eclipse.jetty.util.thread.QueuedThreadPool - queue ReservedThread@2c51a9d9{PENDING,thread=null} startThread=0
03:19:49.746 [qtp399373008-56] DEBUG org.eclipse.jetty.util.thread.ReservedThreadExecutor - ReservedThread@2608138f{RESERVED,thread=Thread[qtp399373008-56,5,main]} task=EatWhatYouKill@f478a81/SelectorProducer@19553973/IDLE/p=true/QueuedThreadPool[qtp399373008]@17cdf2d0{STARTED,8<=8<=200,i=1,r=-1,q=0}[ReservedThreadExecutor@424fd310{reserved=0/8,pending=1}][pc=0,pic=0,pec=0,epc=1]@2024-05-02T03:19:49.746+01:00 ReservedThreadExecutor@424fd310{reserved=0/8,pending=1}
03:19:49.746 [qtp399373008-57] DEBUG org.eclipse.jetty.util.thread.QueuedThreadPool - run ReservedThread@2c51a9d9{PENDING,thread=null} in QueuedThreadPool[qtp399373008]@17cdf2d0{STARTED,8<=8<=200,i=1,r=-1,q=0}[ReservedThreadExecutor@424fd310{reserved=0/8,pending=1}]
03:19:49.746 [qtp399373008-57] DEBUG org.eclipse.jetty.util.thread.ReservedThreadExecutor - ReservedThread@2c51a9d9{PENDING,thread=Thread[qtp399373008-57,5,main]} was=PENDING next=RESERVED size=0+1 capacity=8
03:19:49.746 [qtp399373008-57] DEBUG org.eclipse.jetty.util.thread.ReservedThreadExecutor - ReservedThread@2c51a9d9{RESERVED,thread=Thread[qtp399373008-57,5,main]} waiting ReservedThreadExecutor@424fd310{reserved=1/8,pending=0}
03:19:49.746 [qtp399373008-56] DEBUG org.eclipse.jetty.util.thread.strategy.EatWhatYouKill - EatWhatYouKill@f478a81/SelectorProducer@19553973/IDLE/p=true/QueuedThreadPool[qtp399373008]@17cdf2d0{STARTED,8<=8<=200,i=1,r=-1,q=0}[ReservedThreadExecutor@424fd310{reserved=1/8,pending=0}][pc=0,pic=0,pec=0,epc=1]@2024-05-02T03:19:49.746+01:00 tryProduce true
03:19:49.746 [qtp399373008-56] DEBUG org.eclipse.jetty.io.ManagedSelector - updateable 0
03:19:49.746 [qtp399373008-56] DEBUG org.eclipse.jetty.io.ManagedSelector - updates 0
03:19:49.746 [qtp399373008-56] DEBUG org.eclipse.jetty.io.ChannelEndPoint - Key interests updated 1 -> 0 on SocketChannelEndPoint@6a0aac13{l=/127.0.0.1:43437,r=/127.0.0.1:54574,OPEN,fill=FI,flush=-,to=1/30000}{io=0/0,kio=0,kro=1}->SslConnection@2ef434e1{NEED_UNWRAP,eio=-1/-1,di=-1,fill=INTERESTED,flush=IDLE}~>DecryptedEndPoint@a25535c{l=/127.0.0.1:43437,r=/127.0.0.1:54574,OPEN,fill=FI,flush=-,to=2/30000}=>HttpConnection@1152b4ca[p=HttpParser{s=START,0 of -1},g=HttpGenerator@e6b2dd0{s=START}]=>HttpChannelOverHttp@5baa23a1{s=HttpChannelState@35f01bc5{s=IDLE rs=BLOCKING os=OPEN is=IDLE awp=false se=false i=true al=0},r=0,c=false/false,a=IDLE,uri=null,age=0}
03:19:49.746 [qtp399373008-56] DEBUG org.eclipse.jetty.io.ManagedSelector - Selector sun.nio.ch.EPollSelectorImpl@2af73879 waiting with 1 keys
03:19:49.746 [qtp399373008-62] DEBUG org.eclipse.jetty.util.thread.strategy.EatWhatYouKill - EatWhatYouKill@f478a81/SelectorProducer@19553973/IDLE/p=true/QueuedThreadPool[qtp399373008]@17cdf2d0{STARTED,8<=8<=200,i=1,r=-1,q=0}[ReservedThreadExecutor@424fd310{reserved=0/8,pending=1}][pc=0,pic=0,pec=0,epc=1]@2024-05-02T03:19:49.746+01:00 m=EXECUTE_PRODUCE_CONSUME t=CEP:SocketChannelEndPoint@6a0aac13{l=/127.0.0.1:43437,r=/127.0.0.1:54574,OPEN,fill=FI,flush=-,to=1/30000}{io=0/0,kio=0,kro=1}->SslConnection@2ef434e1{NEED_UNWRAP,eio=-1/-1,di=-1,fill=INTERESTED,flush=IDLE}~>DecryptedEndPoint@a25535c{l=/127.0.0.1:43437,r=/127.0.0.1:54574,OPEN,fill=FI,flush=-,to=2/30000}=>HttpConnection@1152b4ca[p=HttpParser{s=START,0 of -1},g=HttpGenerator@e6b2dd0{s=START}]=>HttpChannelOverHttp@5baa23a1{s=HttpChannelState@35f01bc5{s=IDLE rs=BLOCKING os=OPEN is=IDLE awp=false se=false i=true al=0},r=0,c=false/false,a=IDLE,uri=null,age=0}:runFillable:BLOCKING/BLOCKING
03:19:49.747 [qtp399373008-62] DEBUG org.eclipse.jetty.io.FillInterest - fillable FillInterest@68456b60{SSLC.NBReadCB@2ef434e1{SslConnection@2ef434e1::SocketChannelEndPoint@6a0aac13{l=/127.0.0.1:43437,r=/127.0.0.1:54574,OPEN,fill=FI,flush=-,to=1/30000}{io=0/0,kio=0,kro=1}->SslConnection@2ef434e1{NEED_UNWRAP,eio=-1/-1,di=-1,fill=INTERESTED,flush=IDLE}~>DecryptedEndPoint@a25535c{l=/127.0.0.1:43437,r=/127.0.0.1:54574,OPEN,fill=FI,flush=-,to=2/30000}=>HttpConnection@1152b4ca[p=HttpParser{s=START,0 of -1},g=HttpGenerator@e6b2dd0{s=START}]=>HttpChannelOverHttp@5baa23a1{s=HttpChannelState@35f01bc5{s=IDLE rs=BLOCKING os=OPEN is=IDLE awp=false se=false i=true al=0},r=0,c=false/false,a=IDLE,uri=null,age=0}}}
03:19:49.747 [qtp399373008-62] DEBUG org.eclipse.jetty.io.ssl.SslConnection - >c.onFillable SslConnection@2ef434e1::SocketChannelEndPoint@6a0aac13{l=/127.0.0.1:43437,r=/127.0.0.1:54574,OPEN,fill=-,flush=-,to=2/30000}{io=0/0,kio=0,kro=1}->SslConnection@2ef434e1{NEED_UNWRAP,eio=-1/-1,di=-1,fill=INTERESTED,flush=IDLE}~>DecryptedEndPoint@a25535c{l=/127.0.0.1:43437,r=/127.0.0.1:54574,OPEN,fill=FI,flush=-,to=2/30000}=>HttpConnection@1152b4ca[p=HttpParser{s=START,0 of -1},g=HttpGenerator@e6b2dd0{s=START}]=>HttpChannelOverHttp@5baa23a1{s=HttpChannelState@35f01bc5{s=IDLE rs=BLOCKING os=OPEN is=IDLE awp=false se=false i=true al=0},r=0,c=false/false,a=IDLE,uri=null,age=0}
03:19:49.747 [qtp399373008-62] DEBUG org.eclipse.jetty.io.ssl.SslConnection - onFillable SslConnection@2ef434e1::SocketChannelEndPoint@6a0aac13{l=/127.0.0.1:43437,r=/127.0.0.1:54574,OPEN,fill=-,flush=-,to=2/30000}{io=0/0,kio=0,kro=1}->SslConnection@2ef434e1{NEED_UNWRAP,eio=-1/-1,di=-1,fill=INTERESTED,flush=IDLE}~>DecryptedEndPoint@a25535c{l=/127.0.0.1:43437,r=/127.0.0.1:54574,OPEN,fill=FI,flush=-,to=2/30000}=>HttpConnection@1152b4ca[p=HttpParser{s=START,0 of -1},g=HttpGenerator@e6b2dd0{s=START}]=>HttpChannelOverHttp@5baa23a1{s=HttpChannelState@35f01bc5{s=IDLE rs=BLOCKING os=OPEN is=IDLE awp=false se=false i=true al=0},r=0,c=false/false,a=IDLE,uri=null,age=0}
03:19:49.747 [qtp399373008-62] DEBUG org.eclipse.jetty.io.FillInterest - fillable FillInterest@a9b2c33{AC.ReadCB@1152b4ca{HttpConnection@1152b4ca::DecryptedEndPoint@a25535c{l=/127.0.0.1:43437,r=/127.0.0.1:54574,OPEN,fill=FI,flush=-,to=2/30000}}}
03:19:49.747 [qtp399373008-62] DEBUG org.eclipse.jetty.server.HttpConnection - HttpConnection@1152b4ca::DecryptedEndPoint@a25535c{l=/127.0.0.1:43437,r=/127.0.0.1:54574,OPEN,fill=-,flush=-,to=2/30000} onFillable enter HttpChannelState@35f01bc5{s=IDLE rs=BLOCKING os=OPEN is=IDLE awp=false se=false i=true al=0} null
03:19:49.747 [qtp399373008-62] DEBUG org.eclipse.jetty.io.ssl.SslConnection - >fill SslConnection@2ef434e1::SocketChannelEndPoint@6a0aac13{l=/127.0.0.1:43437,r=/127.0.0.1:54574,OPEN,fill=-,flush=-,to=2/30000}{io=0/0,kio=0,kro=1}->SslConnection@2ef434e1{NEED_UNWRAP,eio=-1/-1,di=-1,fill=IDLE,flush=IDLE}~>DecryptedEndPoint@a25535c{l=/127.0.0.1:43437,r=/127.0.0.1:54574,OPEN,fill=-,flush=-,to=2/30000}=>HttpConnection@1152b4ca[p=HttpParser{s=START,0 of -1},g=HttpGenerator@e6b2dd0{s=START}]=>HttpChannelOverHttp@5baa23a1{s=HttpChannelState@35f01bc5{s=IDLE rs=BLOCKING os=OPEN is=IDLE awp=false se=false i=true al=0},r=0,c=false/false,a=IDLE,uri=null,age=0}
03:19:49.747 [qtp399373008-62] DEBUG org.eclipse.jetty.io.ssl.SslConnection - fill NEED_UNWRAP
03:19:49.747 [qtp399373008-62] DEBUG org.eclipse.jetty.io.ChannelEndPoint - filled 6 HeapByteBuffer@19de0680[p=0,l=6,c=17408,r=6]={<<<\x14\x03\x03\x00\x01\x01>>>\xEe\xA6\x80\xE1it\xB2\x02\xEd...\x00\x00\x00\x00\x00\x00\x00}
03:19:49.747 [qtp399373008-62] DEBUG org.eclipse.jetty.io.ssl.SslConnection - net filled=6
03:19:49.747 [qtp399373008-62] DEBUG org.eclipse.jetty.io.ssl.SslConnection - unwrap net_filled=6 Status = OK HandshakeStatus = NEED_UNWRAP bytesConsumed = 6 bytesProduced = 0 encryptedBuffer=[p=6,l=6,c=17408,r=0] unwrapBuffer=HeapByteBuffer@1719ebcb[p=0,l=0,c=17408,r=0]={<<<>>>\x16\x03\x03\x01N\x01\x00\x01J...\x00\x00\x00\x00\x00\x00\x00} appBuffer=HeapByteBuffer@1719ebcb[p=0,l=0,c=17408,r=0]={<<<>>>\x16\x03\x03\x01N\x01\x00\x01J...\x00\x00\x00\x00\x00\x00\x00}
03:19:49.747 [qtp399373008-62] DEBUG org.eclipse.jetty.io.ssl.SslConnection - fill NEED_UNWRAP
03:19:49.747 [qtp399373008-62] DEBUG org.eclipse.jetty.io.ChannelEndPoint - filled 0 HeapByteBuffer@19de0680[p=0,l=0,c=17408,r=0]={<<<>>>\x14\x03\x03\x00\x01\x01\xEe\xA6\x80...\x00\x00\x00\x00\x00\x00\x00}
03:19:49.747 [qtp399373008-62] DEBUG org.eclipse.jetty.io.ssl.SslConnection - net filled=0
03:19:49.748 [qtp399373008-62] DEBUG org.eclipse.jetty.io.ssl.SslConnection - unwrap net_filled=0 Status = BUFFER_UNDERFLOW HandshakeStatus = NEED_UNWRAP bytesConsumed = 0 bytesProduced = 0 encryptedBuffer=[p=0,l=0,c=17408,r=0] unwrapBuffer=HeapByteBuffer@1719ebcb[p=0,l=0,c=17408,r=0]={<<<>>>\x16\x03\x03\x01N\x01\x00\x01J...\x00\x00\x00\x00\x00\x00\x00} appBuffer=HeapByteBuffer@1719ebcb[p=0,l=0,c=17408,r=0]={<<<>>>\x16\x03\x03\x01N\x01\x00\x01J...\x00\x00\x00\x00\x00\x00\x00}
03:19:49.748 [qtp399373008-62] DEBUG org.eclipse.jetty.io.ssl.SslConnection - <fill f=0 uf=true SslConnection@2ef434e1::SocketChannelEndPoint@6a0aac13{l=/127.0.0.1:43437,r=/127.0.0.1:54574,OPEN,fill=-,flush=-,to=0/30000}{io=0/0,kio=0,kro=1}->SslConnection@2ef434e1{NEED_UNWRAP,eio=-1/-1,di=-1,fill=IDLE,flush=IDLE}~>DecryptedEndPoint@a25535c{l=/127.0.0.1:43437,r=/127.0.0.1:54574,OPEN,fill=-,flush=-,to=3/30000}=>HttpConnection@1152b4ca[p=HttpParser{s=START,0 of -1},g=HttpGenerator@e6b2dd0{s=START}]=>HttpChannelOverHttp@5baa23a1{s=HttpChannelState@35f01bc5{s=IDLE rs=BLOCKING os=OPEN is=IDLE awp=false se=false i=true al=0},r=0,c=false/false,a=IDLE,uri=null,age=0}
03:19:49.748 [qtp399373008-62] DEBUG org.eclipse.jetty.io.ssl.SslConnection - >fill SslConnection@2ef434e1::SocketChannelEndPoint@6a0aac13{l=/127.0.0.1:43437,r=/127.0.0.1:54574,OPEN,fill=-,flush=-,to=0/30000}{io=0/0,kio=0,kro=1}->SslConnection@2ef434e1{NEED_UNWRAP,eio=-1/-1,di=-1,fill=IDLE,flush=IDLE}~>DecryptedEndPoint@a25535c{l=/127.0.0.1:43437,r=/127.0.0.1:54574,OPEN,fill=-,flush=-,to=3/30000}=>HttpConnection@1152b4ca[p=HttpParser{s=START,0 of -1},g=HttpGenerator@e6b2dd0{s=START}]=>HttpChannelOverHttp@5baa23a1{s=HttpChannelState@35f01bc5{s=IDLE rs=BLOCKING os=OPEN is=IDLE awp=false se=false i=true al=0},r=0,c=false/false,a=IDLE,uri=null,age=0}
03:19:49.748 [qtp399373008-62] DEBUG org.eclipse.jetty.io.ssl.SslConnection - fill NEED_UNWRAP
03:19:49.748 [qtp399373008-62] DEBUG org.eclipse.jetty.io.ChannelEndPoint - filled 0 HeapByteBuffer@13266df0[p=0,l=0,c=17408,r=0]={<<<>>>GET / HTT...\x00\x00\x00\x00\x00\x00\x00}
03:19:49.748 [qtp399373008-62] DEBUG org.eclipse.jetty.io.ssl.SslConnection - net filled=0
03:19:49.748 [qtp399373008-62] DEBUG org.eclipse.jetty.io.ssl.SslConnection - unwrap net_filled=0 Status = BUFFER_UNDERFLOW HandshakeStatus = NEED_UNWRAP bytesConsumed = 0 bytesProduced = 0 encryptedBuffer=[p=0,l=0,c=17408,r=0] unwrapBuffer=HeapByteBuffer@1719ebcb[p=0,l=0,c=17408,r=0]={<<<>>>\x16\x03\x03\x01N\x01\x00\x01J...\x00\x00\x00\x00\x00\x00\x00} appBuffer=HeapByteBuffer@1719ebcb[p=0,l=0,c=17408,r=0]={<<<>>>\x16\x03\x03\x01N\x01\x00\x01J...\x00\x00\x00\x00\x00\x00\x00}
03:19:49.748 [qtp399373008-62] DEBUG org.eclipse.jetty.io.ssl.SslConnection - <fill f=0 uf=true SslConnection@2ef434e1::SocketChannelEndPoint@6a0aac13{l=/127.0.0.1:43437,r=/127.0.0.1:54574,OPEN,fill=-,flush=-,to=0/30000}{io=0/0,kio=0,kro=1}->SslConnection@2ef434e1{NEED_UNWRAP,eio=-1/-1,di=-1,fill=IDLE,flush=IDLE}~>DecryptedEndPoint@a25535c{l=/127.0.0.1:43437,r=/127.0.0.1:54574,OPEN,fill=-,flush=-,to=3/30000}=>HttpConnection@1152b4ca[p=HttpParser{s=START,0 of -1},g=HttpGenerator@e6b2dd0{s=START}]=>HttpChannelOverHttp@5baa23a1{s=HttpChannelState@35f01bc5{s=IDLE rs=BLOCKING os=OPEN is=IDLE awp=false se=false i=true al=0},r=0,c=false/false,a=IDLE,uri=null,age=0}
03:19:49.748 [qtp399373008-62] DEBUG org.eclipse.jetty.server.HttpConnection - HttpConnection@1152b4ca::DecryptedEndPoint@a25535c{l=/127.0.0.1:43437,r=/127.0.0.1:54574,OPEN,fill=-,flush=-,to=3/30000} filled 0 HeapByteBuffer@1719ebcb[p=0,l=0,c=17408,r=0]={<<<>>>\x16\x03\x03\x01N\x01\x00\x01J...\x00\x00\x00\x00\x00\x00\x00}
03:19:49.748 [qtp399373008-62] DEBUG org.eclipse.jetty.server.HttpConnection - HttpConnection@1152b4ca::DecryptedEndPoint@a25535c{l=/127.0.0.1:43437,r=/127.0.0.1:54574,OPEN,fill=-,flush=-,to=3/30000} parse HeapByteBuffer@1719ebcb[p=0,l=0,c=17408,r=0]={<<<>>>\x16\x03\x03\x01N\x01\x00\x01J...\x00\x00\x00\x00\x00\x00\x00} {}
03:19:49.748 [qtp399373008-62] DEBUG org.eclipse.jetty.http.HttpParser - parseNext s=START HeapByteBuffer@1719ebcb[p=0,l=0,c=17408,r=0]={<<<>>>\x16\x03\x03\x01N\x01\x00\x01J...\x00\x00\x00\x00\x00\x00\x00}
03:19:49.748 [qtp399373008-62] DEBUG org.eclipse.jetty.server.HttpConnection - HttpConnection@1152b4ca::DecryptedEndPoint@a25535c{l=/127.0.0.1:43437,r=/127.0.0.1:54574,OPEN,fill=-,flush=-,to=3/30000} parsed false HttpParser{s=START,0 of -1}
03:19:49.748 [qtp399373008-62] DEBUG org.eclipse.jetty.server.HttpConnection - releaseRequestBuffer HttpConnection@1152b4ca::DecryptedEndPoint@a25535c{l=/127.0.0.1:43437,r=/127.0.0.1:54574,OPEN,fill=-,flush=-,to=3/30000}
03:19:49.748 [qtp399373008-62] DEBUG org.eclipse.jetty.io.AbstractConnection - fillInterested HttpConnection@1152b4ca::DecryptedEndPoint@a25535c{l=/127.0.0.1:43437,r=/127.0.0.1:54574,OPEN,fill=-,flush=-,to=3/30000}
03:19:49.748 [qtp399373008-62] DEBUG org.eclipse.jetty.io.FillInterest - interested FillInterest@a9b2c33{AC.ReadCB@1152b4ca{HttpConnection@1152b4ca::DecryptedEndPoint@a25535c{l=/127.0.0.1:43437,r=/127.0.0.1:54574,OPEN,fill=FI,flush=-,to=0/30000}}}
03:19:49.748 [qtp399373008-62] DEBUG org.eclipse.jetty.io.ssl.SslConnection - >needFillInterest s=IDLE/IDLE uf=true ei=null di=null SslConnection@2ef434e1::SocketChannelEndPoint@6a0aac13{l=/127.0.0.1:43437,r=/127.0.0.1:54574,OPEN,fill=-,flush=-,to=0/30000}{io=0/0,kio=0,kro=1}->SslConnection@2ef434e1{NEED_UNWRAP,eio=-1/-1,di=-1,fill=IDLE,flush=IDLE}~>DecryptedEndPoint@a25535c{l=/127.0.0.1:43437,r=/127.0.0.1:54574,OPEN,fill=FI,flush=-,to=0/30000}=>HttpConnection@1152b4ca[p=HttpParser{s=START,0 of -1},g=HttpGenerator@e6b2dd0{s=START}]=>HttpChannelOverHttp@5baa23a1{s=HttpChannelState@35f01bc5{s=IDLE rs=BLOCKING os=OPEN is=IDLE awp=false se=false i=true al=0},r=0,c=false/false,a=IDLE,uri=null,age=0}
03:19:49.748 [qtp399373008-62] DEBUG org.eclipse.jetty.io.ssl.SslConnection - <needFillInterest s=IDLE/INTERESTED f=false i=true w=null
03:19:49.748 [qtp399373008-62] DEBUG org.eclipse.jetty.io.ssl.SslConnection - ensureFillInterested SslConnection@2ef434e1::SocketChannelEndPoint@6a0aac13{l=/127.0.0.1:43437,r=/127.0.0.1:54574,OPEN,fill=-,flush=-,to=0/30000}{io=0/0,kio=0,kro=1}->SslConnection@2ef434e1{NEED_UNWRAP,eio=-1/-1,di=-1,fill=INTERESTED,flush=IDLE}~>DecryptedEndPoint@a25535c{l=/127.0.0.1:43437,r=/127.0.0.1:54574,OPEN,fill=FI,flush=-,to=0/30000}=>HttpConnection@1152b4ca[p=HttpParser{s=START,0 of -1},g=HttpGenerator@e6b2dd0{s=START}]=>HttpChannelOverHttp@5baa23a1{s=HttpChannelState@35f01bc5{s=IDLE rs=BLOCKING os=OPEN is=IDLE awp=false se=false i=true al=0},r=0,c=false/false,a=IDLE,uri=null,age=0}
03:19:49.748 [qtp399373008-62] DEBUG org.eclipse.jetty.io.FillInterest - interested FillInterest@68456b60{SSLC.NBReadCB@2ef434e1{SslConnection@2ef434e1::SocketChannelEndPoint@6a0aac13{l=/127.0.0.1:43437,r=/127.0.0.1:54574,OPEN,fill=FI,flush=-,to=0/30000}{io=0/0,kio=0,kro=1}->SslConnection@2ef434e1{NEED_UNWRAP,eio=-1/-1,di=-1,fill=INTERESTED,flush=IDLE}~>DecryptedEndPoint@a25535c{l=/127.0.0.1:43437,r=/127.0.0.1:54574,OPEN,fill=FI,flush=-,to=0/30000}=>HttpConnection@1152b4ca[p=HttpParser{s=START,0 of -1},g=HttpGenerator@e6b2dd0{s=START}]=>HttpChannelOverHttp@5baa23a1{s=HttpChannelState@35f01bc5{s=IDLE rs=BLOCKING os=OPEN is=IDLE awp=false se=false i=true al=0},r=0,c=false/false,a=IDLE,uri=null,age=0}}}
03:19:49.749 [qtp399373008-62] DEBUG org.eclipse.jetty.io.ChannelEndPoint - changeInterests p=false 0->1 for SocketChannelEndPoint@6a0aac13{l=/127.0.0.1:43437,r=/127.0.0.1:54574,OPEN,fill=FI,flush=-,to=0/30000}{io=0/1,kio=0,kro=1}->SslConnection@2ef434e1{NEED_UNWRAP,eio=-1/-1,di=-1,fill=INTERESTED,flush=IDLE}~>DecryptedEndPoint@a25535c{l=/127.0.0.1:43437,r=/127.0.0.1:54574,OPEN,fill=FI,flush=-,to=0/30000}=>HttpConnection@1152b4ca[p=HttpParser{s=START,0 of -1},g=HttpGenerator@e6b2dd0{s=START}]=>HttpChannelOverHttp@5baa23a1{s=HttpChannelState@35f01bc5{s=IDLE rs=BLOCKING os=OPEN is=IDLE awp=false se=false i=true al=0},r=0,c=false/false,a=IDLE,uri=null,age=0}
03:19:49.749 [qtp399373008-62] DEBUG org.eclipse.jetty.io.ManagedSelector - Queued change lazy=false org.eclipse.jetty.io.ChannelEndPoint$$Lambda$255/90666987@671909b5 on ManagedSelector@7bb6ab3a{STARTED} id=3 keys=1 selected=0 updates=0
03:19:49.749 [qtp399373008-62] DEBUG org.eclipse.jetty.io.ManagedSelector - Wakeup on submit ManagedSelector@7bb6ab3a{STARTED} id=3 keys=1 selected=0 updates=1
03:19:49.749 [qtp399373008-56] DEBUG org.eclipse.jetty.io.ManagedSelector - Selector sun.nio.ch.EPollSelectorImpl@2af73879 woken with none selected
03:19:49.749 [qtp399373008-56] DEBUG org.eclipse.jetty.io.ManagedSelector - Selector sun.nio.ch.EPollSelectorImpl@2af73879 woken up from select, 0/0/1 selected
03:19:49.749 [qtp399373008-56] DEBUG org.eclipse.jetty.io.ManagedSelector - Selector sun.nio.ch.EPollSelectorImpl@2af73879 processing 0 keys, 1 updates
03:19:49.749 [qtp399373008-56] DEBUG org.eclipse.jetty.io.ManagedSelector - updateable 1
03:19:49.749 [qtp399373008-56] DEBUG org.eclipse.jetty.io.ManagedSelector - update org.eclipse.jetty.io.ChannelEndPoint$$Lambda$255/90666987@671909b5
03:19:49.749 [qtp399373008-56] DEBUG org.eclipse.jetty.io.ChannelEndPoint - Key interests updated 0 -> 1 on SocketChannelEndPoint@6a0aac13{l=/127.0.0.1:43437,r=/127.0.0.1:54574,OPEN,fill=FI,flush=-,to=0/30000}{io=1/1,kio=1,kro=1}->SslConnection@2ef434e1{NEED_UNWRAP,eio=-1/-1,di=-1,fill=INTERESTED,flush=IDLE}~>DecryptedEndPoint@a25535c{l=/127.0.0.1:43437,r=/127.0.0.1:54574,OPEN,fill=FI,flush=-,to=0/30000}=>HttpConnection@1152b4ca[p=HttpParser{s=START,0 of -1},g=HttpGenerator@e6b2dd0{s=START}]=>HttpChannelOverHttp@5baa23a1{s=HttpChannelState@35f01bc5{s=IDLE rs=BLOCKING os=OPEN is=IDLE awp=false se=false i=true al=0},r=0,c=false/false,a=IDLE,uri=null,age=0}
03:19:49.749 [qtp399373008-56] DEBUG org.eclipse.jetty.io.ManagedSelector - updates 0
03:19:49.749 [qtp399373008-56] DEBUG org.eclipse.jetty.io.ManagedSelector - Selector sun.nio.ch.EPollSelectorImpl@2af73879 waiting with 1 keys
03:19:49.749 [qtp399373008-62] DEBUG org.eclipse.jetty.server.HttpConnection - HttpConnection@1152b4ca::DecryptedEndPoint@a25535c{l=/127.0.0.1:43437,r=/127.0.0.1:54574,OPEN,fill=FI,flush=-,to=0/30000} onFillable exit HttpChannelState@35f01bc5{s=IDLE rs=BLOCKING os=OPEN is=IDLE awp=false se=false i=true al=0} null
03:19:49.749 [qtp399373008-62] DEBUG org.eclipse.jetty.io.ssl.SslConnection - <c.onFillable SslConnection@2ef434e1::SocketChannelEndPoint@6a0aac13{l=/127.0.0.1:43437,r=/127.0.0.1:54574,OPEN,fill=FI,flush=-,to=0/30000}{io=1/1,kio=1,kro=1}->SslConnection@2ef434e1{NEED_UNWRAP,eio=-1/-1,di=-1,fill=INTERESTED,flush=IDLE}~>DecryptedEndPoint@a25535c{l=/127.0.0.1:43437,r=/127.0.0.1:54574,OPEN,fill=FI,flush=-,to=0/30000}=>HttpConnection@1152b4ca[p=HttpParser{s=START,0 of -1},g=HttpGenerator@e6b2dd0{s=START}]=>HttpChannelOverHttp@5baa23a1{s=HttpChannelState@35f01bc5{s=IDLE rs=BLOCKING os=OPEN is=IDLE awp=false se=false i=true al=0},r=0,c=false/false,a=IDLE,uri=null,age=0}
03:19:49.749 [qtp399373008-62] DEBUG org.eclipse.jetty.util.thread.ReservedThreadExecutor - ReservedThread@29c437c9{RUNNING,thread=Thread[qtp399373008-62,5,main]} was=RUNNING next=RESERVED size=0+2 capacity=8
03:19:49.749 [qtp399373008-62] DEBUG org.eclipse.jetty.util.thread.ReservedThreadExecutor - ReservedThread@29c437c9{RESERVED,thread=Thread[qtp399373008-62,5,main]} waiting ReservedThreadExecutor@424fd310{reserved=2/8,pending=0}
03:19:49.789 [qtp399373008-56] DEBUG org.eclipse.jetty.io.ManagedSelector - Selector sun.nio.ch.EPollSelectorImpl@2af73879 woken up from select, 1/1/1 selected
03:19:49.789 [qtp399373008-56] DEBUG org.eclipse.jetty.io.ManagedSelector - Selector sun.nio.ch.EPollSelectorImpl@2af73879 processing 1 keys, 0 updates
03:19:49.789 [qtp399373008-56] DEBUG org.eclipse.jetty.io.ManagedSelector - selected 1 sun.nio.ch.SelectionKeyImpl@2430c357 SocketChannelEndPoint@6a0aac13{l=/127.0.0.1:43437,r=/127.0.0.1:54574,OPEN,fill=FI,flush=-,to=40/30000}{io=1/1,kio=1,kro=1}->SslConnection@2ef434e1{NEED_UNWRAP,eio=-1/-1,di=-1,fill=INTERESTED,flush=IDLE}~>DecryptedEndPoint@a25535c{l=/127.0.0.1:43437,r=/127.0.0.1:54574,OPEN,fill=FI,flush=-,to=40/30000}=>HttpConnection@1152b4ca[p=HttpParser{s=START,0 of -1},g=HttpGenerator@e6b2dd0{s=START}]=>HttpChannelOverHttp@5baa23a1{s=HttpChannelState@35f01bc5{s=IDLE rs=BLOCKING os=OPEN is=IDLE awp=false se=false i=true al=0},r=0,c=false/false,a=IDLE,uri=null,age=0} 
03:19:49.789 [qtp399373008-56] DEBUG org.eclipse.jetty.io.ChannelEndPoint - onSelected 1->0 r=true w=false for SocketChannelEndPoint@6a0aac13{l=/127.0.0.1:43437,r=/127.0.0.1:54574,OPEN,fill=FI,flush=-,to=40/30000}{io=1/0,kio=1,kro=1}->SslConnection@2ef434e1{NEED_UNWRAP,eio=-1/-1,di=-1,fill=INTERESTED,flush=IDLE}~>DecryptedEndPoint@a25535c{l=/127.0.0.1:43437,r=/127.0.0.1:54574,OPEN,fill=FI,flush=-,to=40/30000}=>HttpConnection@1152b4ca[p=HttpParser{s=START,0 of -1},g=HttpGenerator@e6b2dd0{s=START}]=>HttpChannelOverHttp@5baa23a1{s=HttpChannelState@35f01bc5{s=IDLE rs=BLOCKING os=OPEN is=IDLE awp=false se=false i=true al=0},r=0,c=false/false,a=IDLE,uri=null,age=0}
03:19:49.789 [qtp399373008-56] DEBUG org.eclipse.jetty.io.ChannelEndPoint - task CEP:SocketChannelEndPoint@6a0aac13{l=/127.0.0.1:43437,r=/127.0.0.1:54574,OPEN,fill=FI,flush=-,to=40/30000}{io=1/0,kio=1,kro=1}->SslConnection@2ef434e1{NEED_UNWRAP,eio=-1/-1,di=-1,fill=INTERESTED,flush=IDLE}~>DecryptedEndPoint@a25535c{l=/127.0.0.1:43437,r=/127.0.0.1:54574,OPEN,fill=FI,flush=-,to=40/30000}=>HttpConnection@1152b4ca[p=HttpParser{s=START,0 of -1},g=HttpGenerator@e6b2dd0{s=START}]=>HttpChannelOverHttp@5baa23a1{s=HttpChannelState@35f01bc5{s=IDLE rs=BLOCKING os=OPEN is=IDLE awp=false se=false i=true al=0},r=0,c=false/false,a=IDLE,uri=null,age=0}:runFillable:BLOCKING
03:19:49.789 [qtp399373008-56] DEBUG org.eclipse.jetty.util.thread.ReservedThreadExecutor - ReservedThreadExecutor@424fd310{reserved=2/8,pending=0} tryExecute EatWhatYouKill@f478a81/SelectorProducer@19553973/PRODUCING/p=false/QueuedThreadPool[qtp399373008]@17cdf2d0{STARTED,8<=8<=200,i=1,r=-1,q=0}[ReservedThreadExecutor@424fd310{reserved=2/8,pending=0}][pc=0,pic=0,pec=0,epc=2]@2024-05-02T03:19:49.789+01:00
03:19:49.789 [qtp399373008-56] DEBUG org.eclipse.jetty.util.thread.strategy.EatWhatYouKill - EatWhatYouKill@f478a81/SelectorProducer@19553973/IDLE/p=true/QueuedThreadPool[qtp399373008]@17cdf2d0{STARTED,8<=8<=200,i=1,r=-1,q=0}[ReservedThreadExecutor@424fd310{reserved=1/8,pending=0}][pc=0,pic=0,pec=0,epc=2]@2024-05-02T03:19:49.789+01:00 m=EXECUTE_PRODUCE_CONSUME t=CEP:SocketChannelEndPoint@6a0aac13{l=/127.0.0.1:43437,r=/127.0.0.1:54574,OPEN,fill=FI,flush=-,to=40/30000}{io=1/0,kio=1,kro=1}->SslConnection@2ef434e1{NEED_UNWRAP,eio=-1/-1,di=-1,fill=INTERESTED,flush=IDLE}~>DecryptedEndPoint@a25535c{l=/127.0.0.1:43437,r=/127.0.0.1:54574,OPEN,fill=FI,flush=-,to=41/30000}=>HttpConnection@1152b4ca[p=HttpParser{s=START,0 of -1},g=HttpGenerator@e6b2dd0{s=START}]=>HttpChannelOverHttp@5baa23a1{s=HttpChannelState@35f01bc5{s=IDLE rs=BLOCKING os=OPEN is=IDLE awp=false se=false i=true al=0},r=0,c=false/false,a=IDLE,uri=null,age=0}:runFillable:BLOCKING/BLOCKING
03:19:49.789 [qtp399373008-62] DEBUG org.eclipse.jetty.util.thread.ReservedThreadExecutor - ReservedThread@29c437c9{RESERVED,thread=Thread[qtp399373008-62,5,main]} task=EatWhatYouKill@f478a81/SelectorProducer@19553973/IDLE/p=true/QueuedThreadPool[qtp399373008]@17cdf2d0{STARTED,8<=8<=200,i=1,r=-1,q=0}[ReservedThreadExecutor@424fd310{reserved=1/8,pending=0}][pc=0,pic=0,pec=0,epc=2]@2024-05-02T03:19:49.789+01:00 ReservedThreadExecutor@424fd310{reserved=1/8,pending=0}
03:19:49.789 [qtp399373008-56] DEBUG org.eclipse.jetty.io.FillInterest - fillable FillInterest@68456b60{SSLC.NBReadCB@2ef434e1{SslConnection@2ef434e1::SocketChannelEndPoint@6a0aac13{l=/127.0.0.1:43437,r=/127.0.0.1:54574,OPEN,fill=FI,flush=-,to=40/30000}{io=1/0,kio=1,kro=1}->SslConnection@2ef434e1{NEED_UNWRAP,eio=-1/-1,di=-1,fill=INTERESTED,flush=IDLE}~>DecryptedEndPoint@a25535c{l=/127.0.0.1:43437,r=/127.0.0.1:54574,OPEN,fill=FI,flush=-,to=41/30000}=>HttpConnection@1152b4ca[p=HttpParser{s=START,0 of -1},g=HttpGenerator@e6b2dd0{s=START}]=>HttpChannelOverHttp@5baa23a1{s=HttpChannelState@35f01bc5{s=IDLE rs=BLOCKING os=OPEN is=IDLE awp=false se=false i=true al=0},r=0,c=false/false,a=IDLE,uri=null,age=0}}}
03:19:49.789 [qtp399373008-62] DEBUG org.eclipse.jetty.util.thread.strategy.EatWhatYouKill - EatWhatYouKill@f478a81/SelectorProducer@19553973/IDLE/p=true/QueuedThreadPool[qtp399373008]@17cdf2d0{STARTED,8<=8<=200,i=1,r=-1,q=0}[ReservedThreadExecutor@424fd310{reserved=1/8,pending=0}][pc=0,pic=0,pec=0,epc=3]@2024-05-02T03:19:49.789+01:00 tryProduce true
03:19:49.789 [qtp399373008-56] DEBUG org.eclipse.jetty.io.ssl.SslConnection - >c.onFillable SslConnection@2ef434e1::SocketChannelEndPoint@6a0aac13{l=/127.0.0.1:43437,r=/127.0.0.1:54574,OPEN,fill=-,flush=-,to=40/30000}{io=1/0,kio=1,kro=1}->SslConnection@2ef434e1{NEED_UNWRAP,eio=-1/-1,di=-1,fill=INTERESTED,flush=IDLE}~>DecryptedEndPoint@a25535c{l=/127.0.0.1:43437,r=/127.0.0.1:54574,OPEN,fill=FI,flush=-,to=41/30000}=>HttpConnection@1152b4ca[p=HttpParser{s=START,0 of -1},g=HttpGenerator@e6b2dd0{s=START}]=>HttpChannelOverHttp@5baa23a1{s=HttpChannelState@35f01bc5{s=IDLE rs=BLOCKING os=OPEN is=IDLE awp=false se=false i=true al=0},r=0,c=false/false,a=IDLE,uri=null,age=0}
03:19:49.789 [qtp399373008-62] DEBUG org.eclipse.jetty.io.ManagedSelector - updateable 0
03:19:49.789 [qtp399373008-62] DEBUG org.eclipse.jetty.io.ManagedSelector - updates 0
03:19:49.790 [qtp399373008-62] DEBUG org.eclipse.jetty.io.ChannelEndPoint - Key interests updated 1 -> 0 on SocketChannelEndPoint@6a0aac13{l=/127.0.0.1:43437,r=/127.0.0.1:54574,OPEN,fill=-,flush=-,to=41/30000}{io=0/0,kio=0,kro=1}->SslConnection@2ef434e1{NEED_UNWRAP,eio=-1/-1,di=-1,fill=INTERESTED,flush=IDLE}~>DecryptedEndPoint@a25535c{l=/127.0.0.1:43437,r=/127.0.0.1:54574,OPEN,fill=FI,flush=-,to=41/30000}=>HttpConnection@1152b4ca[p=HttpParser{s=START,0 of -1},g=HttpGenerator@e6b2dd0{s=START}]=>HttpChannelOverHttp@5baa23a1{s=HttpChannelState@35f01bc5{s=IDLE rs=BLOCKING os=OPEN is=IDLE awp=false se=false i=true al=0},r=0,c=false/false,a=IDLE,uri=null,age=0}
03:19:49.790 [qtp399373008-56] DEBUG org.eclipse.jetty.io.ssl.SslConnection - onFillable SslConnection@2ef434e1::SocketChannelEndPoint@6a0aac13{l=/127.0.0.1:43437,r=/127.0.0.1:54574,OPEN,fill=-,flush=-,to=41/30000}{io=0/0,kio=1,kro=1}->SslConnection@2ef434e1{NEED_UNWRAP,eio=-1/-1,di=-1,fill=INTERESTED,flush=IDLE}~>DecryptedEndPoint@a25535c{l=/127.0.0.1:43437,r=/127.0.0.1:54574,OPEN,fill=FI,flush=-,to=41/30000}=>HttpConnection@1152b4ca[p=HttpParser{s=START,0 of -1},g=HttpGenerator@e6b2dd0{s=START}]=>HttpChannelOverHttp@5baa23a1{s=HttpChannelState@35f01bc5{s=IDLE rs=BLOCKING os=OPEN is=IDLE awp=false se=false i=true al=0},r=0,c=false/false,a=IDLE,uri=null,age=0}
03:19:49.790 [qtp399373008-62] DEBUG org.eclipse.jetty.io.ManagedSelector - Selector sun.nio.ch.EPollSelectorImpl@2af73879 waiting with 1 keys
03:19:49.790 [qtp399373008-56] DEBUG org.eclipse.jetty.io.FillInterest - fillable FillInterest@a9b2c33{AC.ReadCB@1152b4ca{HttpConnection@1152b4ca::DecryptedEndPoint@a25535c{l=/127.0.0.1:43437,r=/127.0.0.1:54574,OPEN,fill=FI,flush=-,to=41/30000}}}
03:19:49.790 [qtp399373008-56] DEBUG org.eclipse.jetty.server.HttpConnection - HttpConnection@1152b4ca::DecryptedEndPoint@a25535c{l=/127.0.0.1:43437,r=/127.0.0.1:54574,OPEN,fill=-,flush=-,to=41/30000} onFillable enter HttpChannelState@35f01bc5{s=IDLE rs=BLOCKING os=OPEN is=IDLE awp=false se=false i=true al=0} null
03:19:49.790 [qtp399373008-56] DEBUG org.eclipse.jetty.io.ssl.SslConnection - >fill SslConnection@2ef434e1::SocketChannelEndPoint@6a0aac13{l=/127.0.0.1:43437,r=/127.0.0.1:54574,OPEN,fill=-,flush=-,to=41/30000}{io=0/0,kio=0,kro=1}->SslConnection@2ef434e1{NEED_UNWRAP,eio=-1/-1,di=-1,fill=IDLE,flush=IDLE}~>DecryptedEndPoint@a25535c{l=/127.0.0.1:43437,r=/127.0.0.1:54574,OPEN,fill=-,flush=-,to=41/30000}=>HttpConnection@1152b4ca[p=HttpParser{s=START,0 of -1},g=HttpGenerator@e6b2dd0{s=START}]=>HttpChannelOverHttp@5baa23a1{s=HttpChannelState@35f01bc5{s=IDLE rs=BLOCKING os=OPEN is=IDLE awp=false se=false i=true al=0},r=0,c=false/false,a=IDLE,uri=null,age=0}
03:19:49.790 [qtp399373008-56] DEBUG org.eclipse.jetty.io.ssl.SslConnection - fill NEED_UNWRAP
03:19:49.790 [qtp399373008-56] DEBUG org.eclipse.jetty.io.ChannelEndPoint - filled 1491 HeapByteBuffer@13266df0[p=0,l=1491,c=17408,r=1491]={<<<\x17\x03\x03\x03\xAd\xB4\x97\xAe\xC9\x9b\x92\xB2Tt+\xEd\xC4\xDc\x0f\xA0\xF7\xF3\xB1\x1e\x03...\xAc\x01\xAd\x9c\xFc\xD7\xDc\xFa\x99,\x9a\x9e\x93\xD5\\\xBa\xDa\xFc\x15\xA9;i<>>>\xAcb\xB0'\x9e\x8a\xE9Hz...\x00\x00\x00\x00\x00\x00\x00}
03:19:49.790 [qtp399373008-56] DEBUG org.eclipse.jetty.io.ssl.SslConnection - net filled=1491
03:19:49.790 [qtp399373008-56] DEBUG org.eclipse.jetty.io.ssl.SslConnection - unwrap net_filled=1491 Status = OK HandshakeStatus = NEED_TASK bytesConsumed = 946 bytesProduced = 0 encryptedBuffer=[p=946,l=1491,c=17408,r=545] unwrapBuffer=HeapByteBuffer@19de0680[p=0,l=0,c=17408,r=0]={<<<>>>\x14\x03\x03\x00\x01\x01\xEe\xA6\x80...\x00\x00\x00\x00\x00\x00\x00} appBuffer=HeapByteBuffer@19de0680[p=0,l=0,c=17408,r=0]={<<<>>>\x14\x03\x03\x00\x01\x01\xEe\xA6\x80...\x00\x00\x00\x00\x00\x00\x00}
03:19:49.790 [qtp399373008-56] DEBUG org.eclipse.jetty.io.ssl.SslConnection - fill NEED_TASK
03:19:49.791 [qtp399373008-56] DEBUG org.eclipse.jetty.io.ssl.SslConnection - fill NEED_UNWRAP
03:19:49.791 [qtp399373008-56] DEBUG org.eclipse.jetty.io.ChannelEndPoint - filled 0 HeapByteBuffer@13266df0[p=946,l=1491,c=17408,r=545]={\x17\x03\x03\x03\xAd\x0b\x00\x03\x88...Y\x88"\xB6\x05\xC9\x9c<<<\x17\x03\x03\x01)\xDe\xD1\x96s\x81\xB9.\x1d[\x0e\x18cpW\x95\x83\xD58hK...\xAc\x01\xAd\x9c\xFc\xD7\xDc\xFa\x99,\x9a\x9e\x93\xD5\\\xBa\xDa\xFc\x15\xA9;i<>>>\xAcb\xB0'\x9e\x8a\xE9Hz...\x00\x00\x00\x00\x00\x00\x00}
03:19:49.791 [qtp399373008-56] DEBUG org.eclipse.jetty.io.ssl.SslConnection - net filled=0
03:19:49.791 [qtp399373008-56] DEBUG org.eclipse.jetty.io.ssl.SslConnection - unwrap net_filled=0 Status = OK HandshakeStatus = NEED_TASK bytesConsumed = 302 bytesProduced = 0 encryptedBuffer=[p=1248,l=1491,c=17408,r=243] unwrapBuffer=HeapByteBuffer@19de0680[p=0,l=0,c=17408,r=0]={<<<>>>\x14\x03\x03\x00\x01\x01\xEe\xA6\x80...\x00\x00\x00\x00\x00\x00\x00} appBuffer=HeapByteBuffer@19de0680[p=0,l=0,c=17408,r=0]={<<<>>>\x14\x03\x03\x00\x01\x01\xEe\xA6\x80...\x00\x00\x00\x00\x00\x00\x00}
03:19:49.791 [qtp399373008-56] DEBUG org.eclipse.jetty.io.ssl.SslConnection - fill NEED_TASK
03:19:49.791 [qtp399373008-56] DEBUG org.eclipse.jetty.io.ssl.SslConnection - fill NEED_UNWRAP
03:19:49.791 [qtp399373008-56] DEBUG org.eclipse.jetty.io.ChannelEndPoint - filled 0 HeapByteBuffer@13266df0[p=1248,l=1491,c=17408,r=243]={\x17\x03\x03\x03\xAd\x0b\x00\x03\x88...\x0e\x1e\xF3\xC2y\x1f\xFb<<<\x17\x03\x03\x00U\x04#r\xD1\x81S<\xEb\xF4\x89t\xA7Z\xA8zt\xCa\x04gU...\xAc\x01\xAd\x9c\xFc\xD7\xDc\xFa\x99,\x9a\x9e\x93\xD5\\\xBa\xDa\xFc\x15\xA9;i<>>>\xAcb\xB0'\x9e\x8a\xE9Hz...\x00\x00\x00\x00\x00\x00\x00}
03:19:49.791 [qtp399373008-56] DEBUG org.eclipse.jetty.io.ssl.SslConnection - net filled=0
03:19:49.792 [qtp399373008-56] DEBUG org.eclipse.jetty.io.ssl.SslConnection - unwrap net_filled=0 Status = OK HandshakeStatus = NEED_WRAP bytesConsumed = 90 bytesProduced = 0 encryptedBuffer=[p=1338,l=1491,c=17408,r=153] unwrapBuffer=HeapByteBuffer@19de0680[p=0,l=0,c=17408,r=0]={<<<>>>\x14\x03\x03\x00\x01\x01\xEe\xA6\x80...\x00\x00\x00\x00\x00\x00\x00} appBuffer=HeapByteBuffer@19de0680[p=0,l=0,c=17408,r=0]={<<<>>>\x14\x03\x03\x00\x01\x01\xEe\xA6\x80...\x00\x00\x00\x00\x00\x00\x00}
03:19:49.792 [qtp399373008-56] DEBUG org.eclipse.jetty.io.ssl.SslConnection - fill NEED_WRAP
03:19:49.792 [qtp399373008-56] DEBUG org.eclipse.jetty.io.ssl.SslConnection - >flush SslConnection@2ef434e1::SocketChannelEndPoint@6a0aac13{l=/127.0.0.1:43437,r=/127.0.0.1:54574,OPEN,fill=-,flush=-,to=2/30000}{io=0/0,kio=0,kro=1}->SslConnection@2ef434e1{NEED_WRAP,eio=153/-1,di=-1,fill=IDLE,flush=IDLE}~>DecryptedEndPoint@a25535c{l=/127.0.0.1:43437,r=/127.0.0.1:54574,OPEN,fill=-,flush=-,to=43/30000}=>HttpConnection@1152b4ca[p=HttpParser{s=START,0 of -1},g=HttpGenerator@e6b2dd0{s=START}]=>HttpChannelOverHttp@5baa23a1{s=HttpChannelState@35f01bc5{s=IDLE rs=BLOCKING os=OPEN is=IDLE awp=false se=false i=true al=0},r=0,c=false/false,a=IDLE,uri=null,age=0}
03:19:49.792 [qtp399373008-56] DEBUG org.eclipse.jetty.io.ssl.SslConnection - flush b[0]=HeapByteBuffer@60c04197[p=0,l=0,c=0,r=0]={<<<>>>}
03:19:49.792 [qtp399373008-56] DEBUG org.eclipse.jetty.io.ssl.SslConnection - flush NEED_WRAP
03:19:49.792 [qtp399373008-56] DEBUG org.eclipse.jetty.io.ssl.SslConnection - wrap Status = OK HandshakeStatus = FINISHED bytesConsumed = 0 bytesProduced = 88 [p=0,l=88,c=17408,r=88] ioDone=false/false
03:19:49.793 [qtp399373008-56] DEBUG org.eclipse.jetty.io.ChannelEndPoint - flushed 88 SocketChannelEndPoint@6a0aac13{l=/127.0.0.1:43437,r=/127.0.0.1:54574,OPEN,fill=-,flush=-,to=2/30000}{io=0/0,kio=0,kro=1}->SslConnection@2ef434e1{NOT_HANDSHAKING,eio=153/0,di=-1,fill=IDLE,flush=IDLE}~>DecryptedEndPoint@a25535c{l=/127.0.0.1:43437,r=/127.0.0.1:54574,OPEN,fill=-,flush=-,to=44/30000}=>HttpConnection@1152b4ca[p=HttpParser{s=START,0 of -1},g=HttpGenerator@e6b2dd0{s=START}]=>HttpChannelOverHttp@5baa23a1{s=HttpChannelState@35f01bc5{s=IDLE rs=BLOCKING os=OPEN is=IDLE awp=false se=false i=true al=0},r=0,c=false/false,a=IDLE,uri=null,age=0}
03:19:49.793 [qtp399373008-56] DEBUG org.eclipse.jetty.io.ssl.SslConnection - net flushed=true, ac=true
03:19:49.793 [qtp399373008-56] DEBUG org.eclipse.jetty.io.ssl.SslConnection - handshake succeeded SslConnection@2ef434e1::SocketChannelEndPoint@6a0aac13{l=/127.0.0.1:43437,r=/127.0.0.1:54574,OPEN,fill=-,flush=-,to=0/30000}{io=0/0,kio=0,kro=1}->SslConnection@2ef434e1{NOT_HANDSHAKING,eio=153/0,di=-1,fill=IDLE,flush=IDLE}~>DecryptedEndPoint@a25535c{l=/127.0.0.1:43437,r=/127.0.0.1:54574,OPEN,fill=-,flush=-,to=44/30000}=>HttpConnection@1152b4ca[p=HttpParser{s=START,0 of -1},g=HttpGenerator@e6b2dd0{s=START}]=>HttpChannelOverHttp@5baa23a1{s=HttpChannelState@35f01bc5{s=IDLE rs=BLOCKING os=OPEN is=IDLE awp=false se=false i=true al=0},r=0,c=false/false,a=IDLE,uri=null,age=0} resumed server TLSv1.3/TLS_AES_256_GCM_SHA384
03:19:49.793 [qtp399373008-56] DEBUG org.eclipse.jetty.io.ssl.SslConnection - <flush true SslConnection@2ef434e1::SocketChannelEndPoint@6a0aac13{l=/127.0.0.1:43437,r=/127.0.0.1:54574,OPEN,fill=-,flush=-,to=0/30000}{io=0/0,kio=0,kro=1}->SslConnection@2ef434e1{NOT_HANDSHAKING,eio=153/-1,di=-1,fill=IDLE,flush=IDLE}~>DecryptedEndPoint@a25535c{l=/127.0.0.1:43437,r=/127.0.0.1:54574,OPEN,fill=-,flush=-,to=44/30000}=>HttpConnection@1152b4ca[p=HttpParser{s=START,0 of -1},g=HttpGenerator@e6b2dd0{s=START}]=>HttpChannelOverHttp@5baa23a1{s=HttpChannelState@35f01bc5{s=IDLE rs=BLOCKING os=OPEN is=IDLE awp=false se=false i=true al=0},r=0,c=false/false,a=IDLE,uri=null,age=0}
03:19:49.793 [qtp399373008-56] DEBUG org.eclipse.jetty.io.ssl.SslConnection - fill NOT_HANDSHAKING
03:19:49.793 [qtp399373008-56] DEBUG org.eclipse.jetty.io.ChannelEndPoint - filled 0 HeapByteBuffer@13266df0[p=1338,l=1491,c=17408,r=153]={\x17\x03\x03\x03\xAd\x0b\x00\x03\x88..._\xFd\xC3\x1a\x88/\xFb<<<\x17\x03\x03\x00\x94b\xAd\xB5-\xB7\xD6\xA3\x92\x97\x81)dVB:gOe\xD6\xAa...\xAc\x01\xAd\x9c\xFc\xD7\xDc\xFa\x99,\x9a\x9e\x93\xD5\\\xBa\xDa\xFc\x15\xA9;i<>>>\xAcb\xB0'\x9e\x8a\xE9Hz...\x00\x00\x00\x00\x00\x00\x00}
03:19:49.793 [qtp399373008-56] DEBUG org.eclipse.jetty.io.ssl.SslConnection - net filled=0
03:19:49.793 [qtp399373008-56] DEBUG org.eclipse.jetty.io.ssl.SslConnection - unwrap net_filled=0 Status = OK HandshakeStatus = NOT_HANDSHAKING bytesConsumed = 153 bytesProduced = 115 encryptedBuffer=[p=1491,l=1491,c=17408,r=0] unwrapBuffer=HeapByteBuffer@19de0680[p=0,l=115,c=17408,r=115]={<<<GET / HTTP/1.1\r\nHost: loc...gent: okhttp/3.12.3\r\n\r\n>>>\xA95\r\t?\x05\x11\xD9\xC6...\x00\x00\x00\x00\x00\x00\x00} appBuffer=HeapByteBuffer@19de0680[p=0,l=115,c=17408,r=115]={<<<GET / HTTP/1.1\r\nHost: loc...gent: okhttp/3.12.3\r\n\r\n>>>\xA95\r\t?\x05\x11\xD9\xC6...\x00\x00\x00\x00\x00\x00\x00}
03:19:49.793 [qtp399373008-56] DEBUG org.eclipse.jetty.io.ssl.SslConnection - <fill f=115 uf=false SslConnection@2ef434e1::SocketChannelEndPoint@6a0aac13{l=/127.0.0.1:43437,r=/127.0.0.1:54574,OPEN,fill=-,flush=-,to=0/30000}{io=0/0,kio=0,kro=1}->SslConnection@2ef434e1{NOT_HANDSHAKING,eio=-1/-1,di=-1,fill=IDLE,flush=IDLE}~>DecryptedEndPoint@a25535c{l=/127.0.0.1:43437,r=/127.0.0.1:54574,OPEN,fill=-,flush=-,to=45/30000}=>HttpConnection@1152b4ca[p=HttpParser{s=START,0 of -1},g=HttpGenerator@e6b2dd0{s=START}]=>HttpChannelOverHttp@5baa23a1{s=HttpChannelState@35f01bc5{s=IDLE rs=BLOCKING os=OPEN is=IDLE awp=false se=false i=true al=0},r=0,c=false/false,a=IDLE,uri=null,age=0}
03:19:49.793 [qtp399373008-56] DEBUG org.eclipse.jetty.server.HttpConnection - HttpConnection@1152b4ca::DecryptedEndPoint@a25535c{l=/127.0.0.1:43437,r=/127.0.0.1:54574,OPEN,fill=-,flush=-,to=45/30000} filled 115 HeapByteBuffer@19de0680[p=0,l=115,c=17408,r=115]={<<<GET / HTTP/1.1\r\nHost: loc...gent: okhttp/3.12.3\r\n\r\n>>>\xA95\r\t?\x05\x11\xD9\xC6...\x00\x00\x00\x00\x00\x00\x00}
03:19:49.793 [qtp399373008-56] DEBUG org.eclipse.jetty.server.HttpConnection - HttpConnection@1152b4ca::DecryptedEndPoint@a25535c{l=/127.0.0.1:43437,r=/127.0.0.1:54574,OPEN,fill=-,flush=-,to=45/30000} parse HeapByteBuffer@19de0680[p=0,l=115,c=17408,r=115]={<<<GET / HTTP/1.1\r\nHost: loc...gent: okhttp/3.12.3\r\n\r\n>>>\xA95\r\t?\x05\x11\xD9\xC6...\x00\x00\x00\x00\x00\x00\x00} {}
03:19:49.793 [qtp399373008-56] DEBUG org.eclipse.jetty.http.HttpParser - parseNext s=START HeapByteBuffer@19de0680[p=0,l=115,c=17408,r=115]={<<<GET / HTTP/1.1\r\nHost: loc...gent: okhttp/3.12.3\r\n\r\n>>>\xA95\r\t?\x05\x11\xD9\xC6...\x00\x00\x00\x00\x00\x00\x00}
03:19:49.793 [qtp399373008-56] DEBUG org.eclipse.jetty.http.HttpParser - START --> SPACE1
03:19:49.793 [qtp399373008-56] DEBUG org.eclipse.jetty.http.HttpParser - SPACE1 --> URI
03:19:49.793 [qtp399373008-56] DEBUG org.eclipse.jetty.http.HttpParser - URI --> SPACE2
03:19:49.793 [qtp399373008-56] DEBUG org.eclipse.jetty.http.HttpParser - SPACE2 --> REQUEST_VERSION
03:19:49.793 [qtp399373008-56] DEBUG org.eclipse.jetty.http.HttpParser - REQUEST_VERSION --> HEADER
03:19:49.794 [qtp399373008-56] DEBUG org.eclipse.jetty.http.HttpParser - HEADER:Host --> VALUE
03:19:49.794 [qtp399373008-56] DEBUG org.eclipse.jetty.http.HttpParser - HEADER:Host --> IN_VALUE
03:19:49.794 [qtp399373008-56] DEBUG org.eclipse.jetty.http.HttpParser - HEADER:Host --> FIELD
03:19:49.794 [qtp399373008-56] DEBUG org.eclipse.jetty.http.HttpParser - HEADER:Connection: keep-alive --> IN_VALUE
03:19:49.794 [qtp399373008-56] DEBUG org.eclipse.jetty.http.HttpParser - HEADER:Connection: keep-alive --> FIELD
03:19:49.794 [qtp399373008-56] DEBUG org.eclipse.jetty.http.HttpParser - HEADER:Accept-Encoding: gzip --> IN_VALUE
03:19:49.794 [qtp399373008-56] DEBUG org.eclipse.jetty.http.HttpParser - HEADER:Accept-Encoding: gzip --> FIELD
03:19:49.794 [qtp399373008-56] DEBUG org.eclipse.jetty.http.HttpParser - HEADER:User-Agent --> VALUE
03:19:49.794 [qtp399373008-56] DEBUG org.eclipse.jetty.http.HttpParser - HEADER:User-Agent --> IN_VALUE
03:19:49.794 [qtp399373008-56] DEBUG org.eclipse.jetty.http.HttpParser - HEADER:User-Agent --> FIELD
03:19:49.794 [qtp399373008-56] DEBUG org.eclipse.jetty.http.HttpParser - HEADER --> CONTENT
03:19:49.794 [qtp399373008-56] DEBUG org.eclipse.jetty.server.HttpChannel - REQUEST for //localhost:43437/ on HttpChannelOverHttp@5baa23a1{s=HttpChannelState@35f01bc5{s=IDLE rs=BLOCKING os=OPEN is=IDLE awp=false se=false i=true al=0},r=1,c=false/false,a=IDLE,uri=//localhost:43437/,age=0}
GET //localhost:43437/ HTTP/1.1
Host: localhost:43437
Connection: keep-alive
Accept-Encoding: gzip
User-Agent: okhttp/3.12.3


03:19:49.794 [qtp399373008-56] DEBUG org.eclipse.jetty.server.HttpConnection - HttpConnection@1152b4ca::DecryptedEndPoint@a25535c{l=/127.0.0.1:43437,r=/127.0.0.1:54574,OPEN,fill=-,flush=-,to=45/30000} parsed true HttpParser{s=CONTENT,0 of -1}
03:19:49.794 [qtp399373008-56] DEBUG org.eclipse.jetty.server.HttpConnection - releaseRequestBuffer HttpConnection@1152b4ca::DecryptedEndPoint@a25535c{l=/127.0.0.1:43437,r=/127.0.0.1:54574,OPEN,fill=-,flush=-,to=45/30000}
03:19:49.794 [qtp399373008-56] DEBUG org.eclipse.jetty.server.HttpChannel - handle //localhost:43437/ HttpChannelOverHttp@5baa23a1{s=HttpChannelState@35f01bc5{s=IDLE rs=BLOCKING os=OPEN is=IDLE awp=false se=false i=true al=0},r=1,c=false/false,a=IDLE,uri=//localhost:43437/,age=0} 
03:19:49.794 [qtp399373008-56] DEBUG org.eclipse.jetty.server.HttpChannelState - handling HttpChannelState@35f01bc5{s=IDLE rs=BLOCKING os=OPEN is=IDLE awp=false se=false i=true al=0}
03:19:49.794 [qtp399373008-56] DEBUG org.eclipse.jetty.server.HttpChannel - action DISPATCH HttpChannelOverHttp@5baa23a1{s=HttpChannelState@35f01bc5{s=HANDLING rs=BLOCKING os=OPEN is=IDLE awp=false se=false i=true al=0},r=1,c=false/false,a=HANDLING,uri=//localhost:43437/,age=0}
03:19:49.794 [qtp399373008-56] DEBUG org.eclipse.jetty.server.SecureRequestCustomizer - Host localhost with SNI null
03:19:49.794 [qtp399373008-56] DEBUG org.eclipse.jetty.server.Server - REQUEST GET / on HttpChannelOverHttp@5baa23a1{s=HttpChannelState@35f01bc5{s=HANDLING rs=BLOCKING os=OPEN is=IDLE awp=false se=false i=true al=0},r=1,c=false/false,a=HANDLING,uri=https://localhost:43437/,age=0}
03:19:49.794 [qtp399373008-56] DEBUG org.eclipse.jetty.server.HttpOutput - write(array HeapByteBuffer@75aefbf5[p=0,l=4,c=512,r=4]={<<<test>>>\x00\x00\x00\x00\x00\x00\x00\x00\x00...\x00\x00\x00\x00\x00\x00\x00})
03:19:49.794 [qtp399373008-56] DEBUG org.eclipse.jetty.server.HttpOutput - write(array) s=CLOSING,api=BLOCKED,sc=false,e=null last=true agg=false flush=true async=false, len=4 null
03:19:49.794 [qtp399373008-56] DEBUG org.eclipse.jetty.server.HttpChannel - sendResponse info=null content=HeapByteBuffer@614d9d4a[p=0,l=4,c=512,r=4]={<<<test>>>\x00\x00\x00\x00\x00\x00\x00\x00\x00...\x00\x00\x00\x00\x00\x00\x00} complete=true committing=true callback=Blocker@945fb72{null}
03:19:49.794 [qtp399373008-56] DEBUG org.eclipse.jetty.server.HttpChannel - COMMIT for / on HttpChannelOverHttp@5baa23a1{s=HttpChannelState@35f01bc5{s=HANDLING rs=BLOCKING os=COMMITTED is=IDLE awp=false se=false i=true al=0},r=1,c=false/false,a=HANDLING,uri=https://localhost:43437/,age=0}
200 null HTTP/1.1
Date: Thu, 02 May 2024 02:19:49 GMT
ETag: testEtag
Content-Type: text/plain;charset=utf-8
Content-Length: 4


03:19:49.794 [qtp399373008-56] DEBUG org.eclipse.jetty.server.HttpConnection - generate: NEED_HEADER for SendCallback@1556d3b1[PROCESSING][i=HTTP/1.1{s=200,h=4,cl=4},cb=org.eclipse.jetty.server.HttpChannel$SendCallback@1725e3bd] (null,[p=0,l=4,c=512,r=4],true)@START
03:19:49.794 [qtp399373008-56] DEBUG org.eclipse.jetty.http.HttpGenerator - generateHeaders HTTP/1.1{s=200,h=4,cl=4} last=true content=HeapByteBuffer@614d9d4a[p=0,l=4,c=512,r=4]={<<<test>>>\x00\x00\x00\x00\x00\x00\x00\x00\x00...\x00\x00\x00\x00\x00\x00\x00}
03:19:49.794 [qtp399373008-56] DEBUG org.eclipse.jetty.http.HttpGenerator - Date: Thu, 02 May 2024 02:19:49 GMT
ETag: testEtag
Content-Type: text/plain;charset=utf-8
Content-Length: 4


03:19:49.794 [qtp399373008-56] DEBUG org.eclipse.jetty.http.HttpGenerator - CONTENT_LENGTH
03:19:49.794 [qtp399373008-56] DEBUG org.eclipse.jetty.server.HttpConnection - generate: FLUSH for SendCallback@1556d3b1[PROCESSING][i=HTTP/1.1{s=200,h=4,cl=4},cb=org.eclipse.jetty.server.HttpChannel$SendCallback@1725e3bd] ([p=0,l=164,c=8192,r=164],[p=0,l=4,c=512,r=4],true)@COMPLETING
03:19:49.794 [qtp399373008-56] DEBUG org.eclipse.jetty.io.WriteFlusher - write: WriteFlusher@1a0f9bde{IDLE}->null [HeapByteBuffer@3e9173d4[p=0,l=164,c=8192,r=164]={<<<HTTP/1.1 200 OK\r\nDate: Th...y(9.4.44.v20210927)\r\n\r\n>>>\x00\x00\x00\x00\x00\x00\x00\x00\x00...\x00\x00\x00\x00\x00\x00\x00},HeapByteBuffer@614d9d4a[p=0,l=4,c=512,r=4]={<<<test>>>\x00\x00\x00\x00\x00\x00\x00\x00\x00...\x00\x00\x00\x00\x00\x00\x00}]
03:19:49.794 [qtp399373008-56] DEBUG org.eclipse.jetty.io.WriteFlusher - update WriteFlusher@1a0f9bde{WRITING}->null:IDLE-->WRITING
03:19:49.794 [qtp399373008-56] DEBUG org.eclipse.jetty.io.ssl.SslConnection - >flush SslConnection@2ef434e1::SocketChannelEndPoint@6a0aac13{l=/127.0.0.1:43437,r=/127.0.0.1:54574,OPEN,fill=-,flush=-,to=1/30000}{io=0/0,kio=0,kro=1}->SslConnection@2ef434e1{NOT_HANDSHAKING,eio=-1/-1,di=-1,fill=IDLE,flush=IDLE}~>DecryptedEndPoint@a25535c{l=/127.0.0.1:43437,r=/127.0.0.1:54574,OPEN,fill=-,flush=W,to=45/30000}=>HttpConnection@1152b4ca[p=HttpParser{s=CONTENT,0 of -1},g=HttpGenerator@e6b2dd0{s=COMPLETING}]=>HttpChannelOverHttp@5baa23a1{s=HttpChannelState@35f01bc5{s=HANDLING rs=BLOCKING os=COMMITTED is=IDLE awp=false se=false i=true al=0},r=1,c=false/false,a=HANDLING,uri=https://localhost:43437/,age=0}
03:19:49.794 [qtp399373008-56] DEBUG org.eclipse.jetty.io.ssl.SslConnection - flush b[0]=HeapByteBuffer@3e9173d4[p=0,l=164,c=8192,r=164]={<<<HTTP/1.1 200 OK\r\nDate: Th...y(9.4.44.v20210927)\r\n\r\n>>>\x00\x00\x00\x00\x00\x00\x00\x00\x00...\x00\x00\x00\x00\x00\x00\x00}
03:19:49.794 [qtp399373008-56] DEBUG org.eclipse.jetty.io.ssl.SslConnection - flush b[1]=HeapByteBuffer@614d9d4a[p=0,l=4,c=512,r=4]={<<<test>>>\x00\x00\x00\x00\x00\x00\x00\x00\x00...\x00\x00\x00\x00\x00\x00\x00}
03:19:49.794 [qtp399373008-56] DEBUG org.eclipse.jetty.io.ssl.SslConnection - flush NOT_HANDSHAKING
03:19:49.794 [qtp399373008-56] DEBUG org.eclipse.jetty.io.ssl.SslConnection - wrap Status = OK HandshakeStatus = NOT_HANDSHAKING bytesConsumed = 168 bytesProduced = 206 [p=0,l=206,c=17408,r=206] ioDone=false/false
03:19:49.794 [qtp399373008-56] DEBUG org.eclipse.jetty.io.ChannelEndPoint - flushed 206 SocketChannelEndPoint@6a0aac13{l=/127.0.0.1:43437,r=/127.0.0.1:54574,OPEN,fill=-,flush=-,to=1/30000}{io=0/0,kio=0,kro=1}->SslConnection@2ef434e1{NOT_HANDSHAKING,eio=-1/0,di=-1,fill=IDLE,flush=IDLE}~>DecryptedEndPoint@a25535c{l=/127.0.0.1:43437,r=/127.0.0.1:54574,OPEN,fill=-,flush=W,to=46/30000}=>HttpConnection@1152b4ca[p=HttpParser{s=CONTENT,0 of -1},g=HttpGenerator@e6b2dd0{s=COMPLETING}]=>HttpChannelOverHttp@5baa23a1{s=HttpChannelState@35f01bc5{s=HANDLING rs=BLOCKING os=COMMITTED is=IDLE awp=false se=false i=true al=0},r=1,c=false/false,a=HANDLING,uri=https://localhost:43437/,age=0}
03:19:49.794 [qtp399373008-56] DEBUG org.eclipse.jetty.io.ssl.SslConnection - net flushed=true, ac=true
03:19:49.795 [qtp399373008-56] DEBUG org.eclipse.jetty.io.ssl.SslConnection - <flush true SslConnection@2ef434e1::SocketChannelEndPoint@6a0aac13{l=/127.0.0.1:43437,r=/127.0.0.1:54574,OPEN,fill=-,flush=-,to=0/30000}{io=0/0,kio=0,kro=1}->SslConnection@2ef434e1{NOT_HANDSHAKING,eio=-1/-1,di=-1,fill=IDLE,flush=IDLE}~>DecryptedEndPoint@a25535c{l=/127.0.0.1:43437,r=/127.0.0.1:54574,OPEN,fill=-,flush=W,to=46/30000}=>HttpConnection@1152b4ca[p=HttpParser{s=CONTENT,0 of -1},g=HttpGenerator@e6b2dd0{s=COMPLETING}]=>HttpChannelOverHttp@5baa23a1{s=HttpChannelState@35f01bc5{s=HANDLING rs=BLOCKING os=COMMITTED is=IDLE awp=false se=false i=true al=0},r=1,c=false/false,a=HANDLING,uri=https://localhost:43437/,age=1}
03:19:49.795 [qtp399373008-56] DEBUG org.eclipse.jetty.io.WriteFlusher - Flushed=true written=168 remaining=0 WriteFlusher@1a0f9bde{WRITING}->null
03:19:49.795 [qtp399373008-56] DEBUG org.eclipse.jetty.io.WriteFlusher - update WriteFlusher@1a0f9bde{IDLE}->null:WRITING-->IDLE
03:19:49.795 [qtp399373008-56] DEBUG org.eclipse.jetty.server.HttpConnection - generate: DONE for SendCallback@1556d3b1[PROCESSING][i=HTTP/1.1{s=200,h=4,cl=4},cb=org.eclipse.jetty.server.HttpChannel$SendCallback@1725e3bd] ([p=164,l=164,c=8192,r=0],[p=4,l=4,c=512,r=0],true)@END
03:19:49.795 [qtp399373008-56] DEBUG org.eclipse.jetty.server.HttpOutput - onWriteComplete(true,null) s=CLOSING,api=BLOCKED,sc=false,e=null->s=CLOSED,api=BLOCKING,sc=false,e=null c=null cb=null w=false
03:19:49.795 [qtp399373008-56] DEBUG org.eclipse.jetty.server.HttpOutput - close() s=CLOSED,api=BLOCKING,sc=false,e=null c=null b=null
03:19:49.795 [qtp399373008-56] DEBUG org.eclipse.jetty.server.Server - handled=true async=false committed=true on HttpChannelOverHttp@5baa23a1{s=HttpChannelState@35f01bc5{s=HANDLING rs=BLOCKING os=COMPLETED is=IDLE awp=false se=false i=true al=0},r=1,c=false/true,a=HANDLING,uri=https://localhost:43437/,age=1}
03:19:49.795 [qtp399373008-56] DEBUG org.eclipse.jetty.server.HttpChannelState - unhandle HttpChannelState@35f01bc5{s=HANDLING rs=BLOCKING os=COMPLETED is=IDLE awp=false se=false i=true al=0}
03:19:49.795 [main] DEBUG org.apache.nifi.minifi.bootstrap.configuration.ingestors.PullHttpChangeIngestor - Response received: Response{protocol=http/1.1, code=200, message=OK, url=https://localhost:43437/}
03:19:49.795 [qtp399373008-56] DEBUG org.eclipse.jetty.server.HttpChannelState - nextAction(false) COMPLETE HttpChannelState@35f01bc5{s=HANDLING rs=COMPLETING os=COMPLETED is=IDLE awp=false se=false i=false al=0}
03:19:49.795 [qtp399373008-56] DEBUG org.eclipse.jetty.server.HttpChannel - action COMPLETE HttpChannelOverHttp@5baa23a1{s=HttpChannelState@35f01bc5{s=HANDLING rs=COMPLETING os=COMPLETED is=IDLE awp=false se=false i=false al=0},r=1,c=false/true,a=HANDLING,uri=https://localhost:43437/,age=1}
03:19:49.795 [qtp399373008-56] DEBUG org.eclipse.jetty.server.HttpOutput - complete(org.eclipse.jetty.util.Callback$3@3cb76d86) s=CLOSED,api=BLOCKING,sc=false,e=null s=true e=null, c=null
03:19:49.795 [qtp399373008-56] DEBUG org.eclipse.jetty.server.HttpChannelState - completed HttpChannelState@35f01bc5{s=HANDLING rs=COMPLETING os=COMPLETED is=IDLE awp=false se=false i=false al=0}
03:19:49.795 [qtp399373008-56] DEBUG org.eclipse.jetty.server.HttpChannelState - unhandle HttpChannelState@35f01bc5{s=HANDLING rs=COMPLETED os=COMPLETED is=IDLE awp=false se=false i=false al=0}
03:19:49.795 [qtp399373008-56] DEBUG org.eclipse.jetty.server.HttpChannelState - nextAction(false) TERMINATED HttpChannelState@35f01bc5{s=IDLE rs=COMPLETED os=COMPLETED is=IDLE awp=false se=false i=false al=0}
03:19:49.795 [main] DEBUG org.apache.nifi.minifi.bootstrap.configuration.ingestors.PullHttpChangeIngestor - New change received, notifying listener
03:19:49.795 [qtp399373008-56] DEBUG org.eclipse.jetty.server.HttpChannel - action TERMINATED HttpChannelOverHttp@5baa23a1{s=HttpChannelState@35f01bc5{s=IDLE rs=COMPLETED os=COMPLETED is=IDLE awp=false se=false i=false al=0},r=1,c=true/true,a=IDLE,uri=https://localhost:43437/,age=1}
03:19:49.795 [qtp399373008-56] DEBUG org.eclipse.jetty.server.HttpChannel - onCompleted for / written=4
03:19:49.795 [main] DEBUG org.apache.nifi.minifi.bootstrap.configuration.ingestors.PullHttpChangeIngestor - Listeners notified
03:19:49.795 [qtp399373008-56] DEBUG org.eclipse.jetty.io.ssl.SslConnection - >fill SslConnection@2ef434e1::SocketChannelEndPoint@6a0aac13{l=/127.0.0.1:43437,r=/127.0.0.1:54574,OPEN,fill=-,flush=-,to=0/30000}{io=0/0,kio=0,kro=1}->SslConnection@2ef434e1{NOT_HANDSHAKING,eio=-1/-1,di=-1,fill=IDLE,flush=IDLE}~>DecryptedEndPoint@a25535c{l=/127.0.0.1:43437,r=/127.0.0.1:54574,OPEN,fill=-,flush=-,to=46/30000}=>HttpConnection@1152b4ca[p=HttpParser{s=CONTENT,0 of -1},g=HttpGenerator@e6b2dd0{s=END}]=>HttpChannelOverHttp@5baa23a1{s=HttpChannelState@35f01bc5{s=IDLE rs=COMPLETED os=COMPLETED is=IDLE awp=false se=false i=false al=0},r=1,c=true/true,a=IDLE,uri=https://localhost:43437/,age=1}
03:19:49.795 [qtp399373008-56] DEBUG org.eclipse.jetty.io.ssl.SslConnection - fill NOT_HANDSHAKING
03:19:49.795 [qtp399373008-56] DEBUG org.eclipse.jetty.io.ChannelEndPoint - filled 0 HeapByteBuffer@19de0680[p=0,l=0,c=17408,r=0]={<<<>>>GET / HTT...\x00\x00\x00\x00\x00\x00\x00}
03:19:49.795 [qtp399373008-56] DEBUG org.eclipse.jetty.io.ssl.SslConnection - net filled=0
03:19:49.795 [qtp399373008-56] DEBUG org.eclipse.jetty.io.ssl.SslConnection - unwrap net_filled=0 Status = BUFFER_UNDERFLOW HandshakeStatus = NOT_HANDSHAKING bytesConsumed = 0 bytesProduced = 0 encryptedBuffer=[p=0,l=0,c=17408,r=0] unwrapBuffer=HeapByteBuffer@13266df0[p=0,l=0,c=17408,r=0]={<<<>>>\x17\x03\x03\x03\xAd\x0b\x00\x03\x88...\x00\x00\x00\x00\x00\x00\x00} appBuffer=HeapByteBuffer@13266df0[p=0,l=0,c=17408,r=0]={<<<>>>\x17\x03\x03\x03\xAd\x0b\x00\x03\x88...\x00\x00\x00\x00\x00\x00\x00}
]]></system-out>
  </testcase>
  <testcase name="testUseEtagWithPath" classname="org.apache.nifi.minifi.bootstrap.configuration.ingestors.PullHttpChangeIngestorSSLTest" time="0.072">
    <system-out><![CDATA[03:19:49.795 [qtp399373008-56] DEBUG org.eclipse.jetty.io.ssl.SslConnection - <fill f=0 uf=true SslConnection@2ef434e1::SocketChannelEndPoint@6a0aac13{l=/127.0.0.1:43437,r=/127.0.0.1:54574,OPEN,fill=-,flush=-,to=0/30000}{io=0/0,kio=0,kro=1}->SslConnection@2ef434e1{NOT_HANDSHAKING,eio=-1/-1,di=-1,fill=IDLE,flush=IDLE}~>DecryptedEndPoint@a25535c{l=/127.0.0.1:43437,r=/127.0.0.1:54574,OPEN,fill=-,flush=-,to=47/30000}=>HttpConnection@1152b4ca[p=HttpParser{s=CONTENT,0 of -1},g=HttpGenerator@e6b2dd0{s=END}]=>HttpChannelOverHttp@5baa23a1{s=HttpChannelState@35f01bc5{s=IDLE rs=COMPLETED os=COMPLETED is=IDLE awp=false se=false i=false al=0},r=1,c=true/true,a=IDLE,uri=https://localhost:43437/,age=1}
03:19:49.795 [qtp399373008-56] DEBUG org.eclipse.jetty.io.ssl.SslConnection - >fill SslConnection@2ef434e1::SocketChannelEndPoint@6a0aac13{l=/127.0.0.1:43437,r=/127.0.0.1:54574,OPEN,fill=-,flush=-,to=0/30000}{io=0/0,kio=0,kro=1}->SslConnection@2ef434e1{NOT_HANDSHAKING,eio=-1/-1,di=-1,fill=IDLE,flush=IDLE}~>DecryptedEndPoint@a25535c{l=/127.0.0.1:43437,r=/127.0.0.1:54574,OPEN,fill=-,flush=-,to=47/30000}=>HttpConnection@1152b4ca[p=HttpParser{s=CONTENT,0 of -1},g=HttpGenerator@e6b2dd0{s=END}]=>HttpChannelOverHttp@5baa23a1{s=HttpChannelState@35f01bc5{s=IDLE rs=COMPLETED os=COMPLETED is=IDLE awp=false se=false i=false al=0},r=1,c=true/true,a=IDLE,uri=https://localhost:43437/,age=1}
03:19:49.795 [qtp399373008-56] DEBUG org.eclipse.jetty.io.ssl.SslConnection - fill NOT_HANDSHAKING
03:19:49.795 [qtp399373008-56] DEBUG org.eclipse.jetty.io.ChannelEndPoint - filled 0 HeapByteBuffer@1719ebcb[p=0,l=0,c=17408,r=0]={<<<>>>\x17\x03\x03\x00\xC9\x98$\xA1r...\x00\x00\x00\x00\x00\x00\x00}
03:19:49.796 [qtp399373008-56] DEBUG org.eclipse.jetty.io.ssl.SslConnection - net filled=0
03:19:49.796 [qtp399373008-56] DEBUG org.eclipse.jetty.io.ssl.SslConnection - unwrap net_filled=0 Status = BUFFER_UNDERFLOW HandshakeStatus = NOT_HANDSHAKING bytesConsumed = 0 bytesProduced = 0 encryptedBuffer=[p=0,l=0,c=17408,r=0] unwrapBuffer=HeapByteBuffer@13266df0[p=0,l=0,c=17408,r=0]={<<<>>>\x17\x03\x03\x03\xAd\x0b\x00\x03\x88...\x00\x00\x00\x00\x00\x00\x00} appBuffer=HeapByteBuffer@13266df0[p=0,l=0,c=17408,r=0]={<<<>>>\x17\x03\x03\x03\xAd\x0b\x00\x03\x88...\x00\x00\x00\x00\x00\x00\x00}
03:19:49.796 [qtp399373008-56] DEBUG org.eclipse.jetty.io.ssl.SslConnection - <fill f=0 uf=true SslConnection@2ef434e1::SocketChannelEndPoint@6a0aac13{l=/127.0.0.1:43437,r=/127.0.0.1:54574,OPEN,fill=-,flush=-,to=1/30000}{io=0/0,kio=0,kro=1}->SslConnection@2ef434e1{NOT_HANDSHAKING,eio=-1/-1,di=-1,fill=IDLE,flush=IDLE}~>DecryptedEndPoint@a25535c{l=/127.0.0.1:43437,r=/127.0.0.1:54574,OPEN,fill=-,flush=-,to=47/30000}=>HttpConnection@1152b4ca[p=HttpParser{s=CONTENT,0 of -1},g=HttpGenerator@e6b2dd0{s=END}]=>HttpChannelOverHttp@5baa23a1{s=HttpChannelState@35f01bc5{s=IDLE rs=COMPLETED os=COMPLETED is=IDLE awp=false se=false i=false al=0},r=1,c=true/true,a=IDLE,uri=https://localhost:43437/,age=2}
03:19:49.796 [qtp399373008-56] DEBUG org.eclipse.jetty.server.HttpConnection - HttpConnection@1152b4ca::DecryptedEndPoint@a25535c{l=/127.0.0.1:43437,r=/127.0.0.1:54574,OPEN,fill=-,flush=-,to=47/30000} filled 0 HeapByteBuffer@13266df0[p=0,l=0,c=17408,r=0]={<<<>>>\x17\x03\x03\x03\xAd\x0b\x00\x03\x88...\x00\x00\x00\x00\x00\x00\x00}
03:19:49.796 [qtp399373008-56] DEBUG org.eclipse.jetty.server.HttpConnection - HttpConnection@1152b4ca::DecryptedEndPoint@a25535c{l=/127.0.0.1:43437,r=/127.0.0.1:54574,OPEN,fill=-,flush=-,to=47/30000} parse HeapByteBuffer@13266df0[p=0,l=0,c=17408,r=0]={<<<>>>\x17\x03\x03\x03\xAd\x0b\x00\x03\x88...\x00\x00\x00\x00\x00\x00\x00} {}
03:19:49.796 [qtp399373008-56] DEBUG org.eclipse.jetty.http.HttpParser - parseNext s=CONTENT HeapByteBuffer@13266df0[p=0,l=0,c=17408,r=0]={<<<>>>\x17\x03\x03\x03\xAd\x0b\x00\x03\x88...\x00\x00\x00\x00\x00\x00\x00}
03:19:49.796 [qtp399373008-56] DEBUG org.eclipse.jetty.http.HttpParser - CONTENT --> CONTENT_END
03:19:49.796 [qtp399373008-56] DEBUG org.eclipse.jetty.server.HttpChannel - onContentComplete HttpChannelOverHttp@5baa23a1{s=HttpChannelState@35f01bc5{s=IDLE rs=COMPLETED os=COMPLETED is=IDLE awp=false se=false i=false al=0},r=1,c=true/true,a=IDLE,uri=https://localhost:43437/,age=2}
03:19:49.796 [qtp399373008-56] DEBUG org.eclipse.jetty.http.HttpParser - CONTENT_END --> END
03:19:49.796 [qtp399373008-56] DEBUG org.eclipse.jetty.server.HttpChannel - onRequestComplete HttpChannelOverHttp@5baa23a1{s=HttpChannelState@35f01bc5{s=IDLE rs=COMPLETED os=COMPLETED is=IDLE awp=false se=false i=false al=0},r=1,c=true/true,a=IDLE,uri=https://localhost:43437/,age=2}
03:19:49.796 [qtp399373008-56] DEBUG org.eclipse.jetty.server.HttpInput - HttpInputOverHTTP@1f5ffafa[c=0,q=0,[0]=null,s=STREAM] addContent EOF
03:19:49.796 [qtp399373008-56] DEBUG org.eclipse.jetty.server.HttpConnection - HttpConnection@1152b4ca::DecryptedEndPoint@a25535c{l=/127.0.0.1:43437,r=/127.0.0.1:54574,OPEN,fill=-,flush=-,to=47/30000} parsed false HttpParser{s=END,0 of -1}
03:19:49.796 [qtp399373008-56] DEBUG org.eclipse.jetty.server.HttpConnection - releaseRequestBuffer HttpConnection@1152b4ca::DecryptedEndPoint@a25535c{l=/127.0.0.1:43437,r=/127.0.0.1:54574,OPEN,fill=-,flush=-,to=47/30000}
03:19:49.796 [qtp399373008-56] DEBUG org.eclipse.jetty.server.HttpChannelState - recycle HttpChannelState@35f01bc5{s=IDLE rs=COMPLETED os=COMPLETED is=IDLE awp=false se=false i=false al=0}
03:19:49.796 [qtp399373008-56] DEBUG org.eclipse.jetty.http.HttpParser - reset HttpParser{s=END,0 of -1}
03:19:49.796 [qtp399373008-56] DEBUG org.eclipse.jetty.http.HttpParser - END --> START
03:19:49.796 [qtp399373008-56] DEBUG org.eclipse.jetty.server.HttpChannel - !handle TERMINATED HttpChannelOverHttp@5baa23a1{s=HttpChannelState@35f01bc5{s=IDLE rs=BLOCKING os=OPEN is=IDLE awp=false se=false i=true al=0},r=1,c=false/false,a=IDLE,uri=null,age=0}
03:19:49.796 [qtp399373008-56] DEBUG org.eclipse.jetty.io.ssl.SslConnection - >fill SslConnection@2ef434e1::SocketChannelEndPoint@6a0aac13{l=/127.0.0.1:43437,r=/127.0.0.1:54574,OPEN,fill=-,flush=-,to=1/30000}{io=0/0,kio=0,kro=1}->SslConnection@2ef434e1{NOT_HANDSHAKING,eio=-1/-1,di=-1,fill=IDLE,flush=IDLE}~>DecryptedEndPoint@a25535c{l=/127.0.0.1:43437,r=/127.0.0.1:54574,OPEN,fill=-,flush=-,to=47/30000}=>HttpConnection@1152b4ca[p=HttpParser{s=START,0 of -1},g=HttpGenerator@e6b2dd0{s=START}]=>HttpChannelOverHttp@5baa23a1{s=HttpChannelState@35f01bc5{s=IDLE rs=BLOCKING os=OPEN is=IDLE awp=false se=false i=true al=0},r=1,c=false/false,a=IDLE,uri=null,age=0}
03:19:49.796 [qtp399373008-56] DEBUG org.eclipse.jetty.io.ssl.SslConnection - fill NOT_HANDSHAKING
03:19:49.796 [qtp399373008-56] DEBUG org.eclipse.jetty.io.ChannelEndPoint - filled 0 HeapByteBuffer@1719ebcb[p=0,l=0,c=17408,r=0]={<<<>>>\x17\x03\x03\x00\xC9\x98$\xA1r...\x00\x00\x00\x00\x00\x00\x00}
03:19:49.796 [qtp399373008-56] DEBUG org.eclipse.jetty.io.ssl.SslConnection - net filled=0
03:19:49.796 [qtp399373008-56] DEBUG org.eclipse.jetty.io.ssl.SslConnection - unwrap net_filled=0 Status = BUFFER_UNDERFLOW HandshakeStatus = NOT_HANDSHAKING bytesConsumed = 0 bytesProduced = 0 encryptedBuffer=[p=0,l=0,c=17408,r=0] unwrapBuffer=HeapByteBuffer@19de0680[p=0,l=0,c=17408,r=0]={<<<>>>GET / HTT...\x00\x00\x00\x00\x00\x00\x00} appBuffer=HeapByteBuffer@19de0680[p=0,l=0,c=17408,r=0]={<<<>>>GET / HTT...\x00\x00\x00\x00\x00\x00\x00}
03:19:49.796 [qtp399373008-56] DEBUG org.eclipse.jetty.io.ssl.SslConnection - <fill f=0 uf=true SslConnection@2ef434e1::SocketChannelEndPoint@6a0aac13{l=/127.0.0.1:43437,r=/127.0.0.1:54574,OPEN,fill=-,flush=-,to=1/30000}{io=0/0,kio=0,kro=1}->SslConnection@2ef434e1{NOT_HANDSHAKING,eio=-1/-1,di=-1,fill=IDLE,flush=IDLE}~>DecryptedEndPoint@a25535c{l=/127.0.0.1:43437,r=/127.0.0.1:54574,OPEN,fill=-,flush=-,to=48/30000}=>HttpConnection@1152b4ca[p=HttpParser{s=START,0 of -1},g=HttpGenerator@e6b2dd0{s=START}]=>HttpChannelOverHttp@5baa23a1{s=HttpChannelState@35f01bc5{s=IDLE rs=BLOCKING os=OPEN is=IDLE awp=false se=false i=true al=0},r=1,c=false/false,a=IDLE,uri=null,age=0}
03:19:49.796 [qtp399373008-56] DEBUG org.eclipse.jetty.io.ssl.SslConnection - >fill SslConnection@2ef434e1::SocketChannelEndPoint@6a0aac13{l=/127.0.0.1:43437,r=/127.0.0.1:54574,OPEN,fill=-,flush=-,to=1/30000}{io=0/0,kio=0,kro=1}->SslConnection@2ef434e1{NOT_HANDSHAKING,eio=-1/-1,di=-1,fill=IDLE,flush=IDLE}~>DecryptedEndPoint@a25535c{l=/127.0.0.1:43437,r=/127.0.0.1:54574,OPEN,fill=-,flush=-,to=48/30000}=>HttpConnection@1152b4ca[p=HttpParser{s=START,0 of -1},g=HttpGenerator@e6b2dd0{s=START}]=>HttpChannelOverHttp@5baa23a1{s=HttpChannelState@35f01bc5{s=IDLE rs=BLOCKING os=OPEN is=IDLE awp=false se=false i=true al=0},r=1,c=false/false,a=IDLE,uri=null,age=0}
03:19:49.796 [qtp399373008-56] DEBUG org.eclipse.jetty.io.ssl.SslConnection - fill NOT_HANDSHAKING
03:19:49.796 [qtp399373008-56] DEBUG org.eclipse.jetty.io.ChannelEndPoint - filled 0 HeapByteBuffer@13266df0[p=0,l=0,c=17408,r=0]={<<<>>>\x17\x03\x03\x03\xAd\x0b\x00\x03\x88...\x00\x00\x00\x00\x00\x00\x00}
03:19:49.796 [qtp399373008-56] DEBUG org.eclipse.jetty.io.ssl.SslConnection - net filled=0
03:19:49.796 [qtp399373008-56] DEBUG org.eclipse.jetty.io.ssl.SslConnection - unwrap net_filled=0 Status = BUFFER_UNDERFLOW HandshakeStatus = NOT_HANDSHAKING bytesConsumed = 0 bytesProduced = 0 encryptedBuffer=[p=0,l=0,c=17408,r=0] unwrapBuffer=HeapByteBuffer@19de0680[p=0,l=0,c=17408,r=0]={<<<>>>GET / HTT...\x00\x00\x00\x00\x00\x00\x00} appBuffer=HeapByteBuffer@19de0680[p=0,l=0,c=17408,r=0]={<<<>>>GET / HTT...\x00\x00\x00\x00\x00\x00\x00}
03:19:49.797 [qtp399373008-56] DEBUG org.eclipse.jetty.io.ssl.SslConnection - <fill f=0 uf=true SslConnection@2ef434e1::SocketChannelEndPoint@6a0aac13{l=/127.0.0.1:43437,r=/127.0.0.1:54574,OPEN,fill=-,flush=-,to=2/30000}{io=0/0,kio=0,kro=1}->SslConnection@2ef434e1{NOT_HANDSHAKING,eio=-1/-1,di=-1,fill=IDLE,flush=IDLE}~>DecryptedEndPoint@a25535c{l=/127.0.0.1:43437,r=/127.0.0.1:54574,OPEN,fill=-,flush=-,to=48/30000}=>HttpConnection@1152b4ca[p=HttpParser{s=START,0 of -1},g=HttpGenerator@e6b2dd0{s=START}]=>HttpChannelOverHttp@5baa23a1{s=HttpChannelState@35f01bc5{s=IDLE rs=BLOCKING os=OPEN is=IDLE awp=false se=false i=true al=0},r=1,c=false/false,a=IDLE,uri=null,age=0}
03:19:49.797 [qtp399373008-56] DEBUG org.eclipse.jetty.server.HttpConnection - HttpConnection@1152b4ca::DecryptedEndPoint@a25535c{l=/127.0.0.1:43437,r=/127.0.0.1:54574,OPEN,fill=-,flush=-,to=48/30000} filled 0 HeapByteBuffer@19de0680[p=0,l=0,c=17408,r=0]={<<<>>>GET / HTT...\x00\x00\x00\x00\x00\x00\x00}
03:19:49.797 [qtp399373008-56] DEBUG org.eclipse.jetty.server.HttpConnection - HttpConnection@1152b4ca::DecryptedEndPoint@a25535c{l=/127.0.0.1:43437,r=/127.0.0.1:54574,OPEN,fill=-,flush=-,to=48/30000} parse HeapByteBuffer@19de0680[p=0,l=0,c=17408,r=0]={<<<>>>GET / HTT...\x00\x00\x00\x00\x00\x00\x00} {}
03:19:49.797 [qtp399373008-56] DEBUG org.eclipse.jetty.http.HttpParser - parseNext s=START HeapByteBuffer@19de0680[p=0,l=0,c=17408,r=0]={<<<>>>GET / HTT...\x00\x00\x00\x00\x00\x00\x00}
03:19:49.797 [qtp399373008-56] DEBUG org.eclipse.jetty.server.HttpConnection - HttpConnection@1152b4ca::DecryptedEndPoint@a25535c{l=/127.0.0.1:43437,r=/127.0.0.1:54574,OPEN,fill=-,flush=-,to=48/30000} parsed false HttpParser{s=START,0 of -1}
03:19:49.797 [qtp399373008-56] DEBUG org.eclipse.jetty.server.HttpConnection - releaseRequestBuffer HttpConnection@1152b4ca::DecryptedEndPoint@a25535c{l=/127.0.0.1:43437,r=/127.0.0.1:54574,OPEN,fill=-,flush=-,to=48/30000}
03:19:49.797 [qtp399373008-56] DEBUG org.eclipse.jetty.io.AbstractConnection - fillInterested HttpConnection@1152b4ca::DecryptedEndPoint@a25535c{l=/127.0.0.1:43437,r=/127.0.0.1:54574,OPEN,fill=-,flush=-,to=48/30000}
03:19:49.797 [qtp399373008-56] DEBUG org.eclipse.jetty.io.FillInterest - interested FillInterest@a9b2c33{AC.ReadCB@1152b4ca{HttpConnection@1152b4ca::DecryptedEndPoint@a25535c{l=/127.0.0.1:43437,r=/127.0.0.1:54574,OPEN,fill=FI,flush=-,to=0/30000}}}
03:19:49.797 [qtp399373008-56] DEBUG org.eclipse.jetty.io.ssl.SslConnection - >needFillInterest s=IDLE/IDLE uf=true ei=null di=null SslConnection@2ef434e1::SocketChannelEndPoint@6a0aac13{l=/127.0.0.1:43437,r=/127.0.0.1:54574,OPEN,fill=-,flush=-,to=2/30000}{io=0/0,kio=0,kro=1}->SslConnection@2ef434e1{NOT_HANDSHAKING,eio=-1/-1,di=-1,fill=IDLE,flush=IDLE}~>DecryptedEndPoint@a25535c{l=/127.0.0.1:43437,r=/127.0.0.1:54574,OPEN,fill=FI,flush=-,to=0/30000}=>HttpConnection@1152b4ca[p=HttpParser{s=START,0 of -1},g=HttpGenerator@e6b2dd0{s=START}]=>HttpChannelOverHttp@5baa23a1{s=HttpChannelState@35f01bc5{s=IDLE rs=BLOCKING os=OPEN is=IDLE awp=false se=false i=true al=0},r=1,c=false/false,a=IDLE,uri=null,age=0}
03:19:49.797 [qtp399373008-56] DEBUG org.eclipse.jetty.io.ssl.SslConnection - <needFillInterest s=IDLE/INTERESTED f=false i=true w=null
03:19:49.797 [qtp399373008-56] DEBUG org.eclipse.jetty.io.ssl.SslConnection - ensureFillInterested SslConnection@2ef434e1::SocketChannelEndPoint@6a0aac13{l=/127.0.0.1:43437,r=/127.0.0.1:54574,OPEN,fill=-,flush=-,to=2/30000}{io=0/0,kio=0,kro=1}->SslConnection@2ef434e1{NOT_HANDSHAKING,eio=-1/-1,di=-1,fill=INTERESTED,flush=IDLE}~>DecryptedEndPoint@a25535c{l=/127.0.0.1:43437,r=/127.0.0.1:54574,OPEN,fill=FI,flush=-,to=0/30000}=>HttpConnection@1152b4ca[p=HttpParser{s=START,0 of -1},g=HttpGenerator@e6b2dd0{s=START}]=>HttpChannelOverHttp@5baa23a1{s=HttpChannelState@35f01bc5{s=IDLE rs=BLOCKING os=OPEN is=IDLE awp=false se=false i=true al=0},r=1,c=false/false,a=IDLE,uri=null,age=0}
03:19:49.797 [qtp399373008-56] DEBUG org.eclipse.jetty.io.FillInterest - interested FillInterest@68456b60{SSLC.NBReadCB@2ef434e1{SslConnection@2ef434e1::SocketChannelEndPoint@6a0aac13{l=/127.0.0.1:43437,r=/127.0.0.1:54574,OPEN,fill=FI,flush=-,to=0/30000}{io=0/0,kio=0,kro=1}->SslConnection@2ef434e1{NOT_HANDSHAKING,eio=-1/-1,di=-1,fill=INTERESTED,flush=IDLE}~>DecryptedEndPoint@a25535c{l=/127.0.0.1:43437,r=/127.0.0.1:54574,OPEN,fill=FI,flush=-,to=0/30000}=>HttpConnection@1152b4ca[p=HttpParser{s=START,0 of -1},g=HttpGenerator@e6b2dd0{s=START}]=>HttpChannelOverHttp@5baa23a1{s=HttpChannelState@35f01bc5{s=IDLE rs=BLOCKING os=OPEN is=IDLE awp=false se=false i=true al=0},r=1,c=false/false,a=IDLE,uri=null,age=0}}}
03:19:49.797 [qtp399373008-56] DEBUG org.eclipse.jetty.io.ChannelEndPoint - changeInterests p=false 0->1 for SocketChannelEndPoint@6a0aac13{l=/127.0.0.1:43437,r=/127.0.0.1:54574,OPEN,fill=FI,flush=-,to=0/30000}{io=0/1,kio=0,kro=1}->SslConnection@2ef434e1{NOT_HANDSHAKING,eio=-1/-1,di=-1,fill=INTERESTED,flush=IDLE}~>DecryptedEndPoint@a25535c{l=/127.0.0.1:43437,r=/127.0.0.1:54574,OPEN,fill=FI,flush=-,to=0/30000}=>HttpConnection@1152b4ca[p=HttpParser{s=START,0 of -1},g=HttpGenerator@e6b2dd0{s=START}]=>HttpChannelOverHttp@5baa23a1{s=HttpChannelState@35f01bc5{s=IDLE rs=BLOCKING os=OPEN is=IDLE awp=false se=false i=true al=0},r=1,c=false/false,a=IDLE,uri=null,age=0}
03:19:49.797 [qtp399373008-56] DEBUG org.eclipse.jetty.io.ManagedSelector - Queued change lazy=false org.eclipse.jetty.io.ChannelEndPoint$$Lambda$255/90666987@671909b5 on ManagedSelector@7bb6ab3a{STARTED} id=3 keys=1 selected=0 updates=0
03:19:49.797 [qtp399373008-56] DEBUG org.eclipse.jetty.io.ManagedSelector - Wakeup on submit ManagedSelector@7bb6ab3a{STARTED} id=3 keys=1 selected=0 updates=1
03:19:49.797 [qtp399373008-56] DEBUG org.eclipse.jetty.server.HttpConnection - HttpConnection@1152b4ca::DecryptedEndPoint@a25535c{l=/127.0.0.1:43437,r=/127.0.0.1:54574,OPEN,fill=FI,flush=-,to=0/30000} onFillable exit HttpChannelState@35f01bc5{s=IDLE rs=BLOCKING os=OPEN is=IDLE awp=false se=false i=true al=0} null
03:19:49.797 [qtp399373008-62] DEBUG org.eclipse.jetty.io.ManagedSelector - Selector sun.nio.ch.EPollSelectorImpl@2af73879 woken with none selected
03:19:49.797 [qtp399373008-62] DEBUG org.eclipse.jetty.io.ManagedSelector - Selector sun.nio.ch.EPollSelectorImpl@2af73879 woken up from select, 0/0/1 selected
03:19:49.797 [qtp399373008-56] DEBUG org.eclipse.jetty.io.ssl.SslConnection - <c.onFillable SslConnection@2ef434e1::SocketChannelEndPoint@6a0aac13{l=/127.0.0.1:43437,r=/127.0.0.1:54574,OPEN,fill=FI,flush=-,to=0/30000}{io=0/1,kio=0,kro=1}->SslConnection@2ef434e1{NOT_HANDSHAKING,eio=-1/-1,di=-1,fill=INTERESTED,flush=IDLE}~>DecryptedEndPoint@a25535c{l=/127.0.0.1:43437,r=/127.0.0.1:54574,OPEN,fill=FI,flush=-,to=0/30000}=>HttpConnection@1152b4ca[p=HttpParser{s=START,0 of -1},g=HttpGenerator@e6b2dd0{s=START}]=>HttpChannelOverHttp@5baa23a1{s=HttpChannelState@35f01bc5{s=IDLE rs=BLOCKING os=OPEN is=IDLE awp=false se=false i=true al=0},r=1,c=false/false,a=IDLE,uri=null,age=0}
03:19:49.797 [qtp399373008-62] DEBUG org.eclipse.jetty.io.ManagedSelector - Selector sun.nio.ch.EPollSelectorImpl@2af73879 processing 0 keys, 1 updates
03:19:49.797 [qtp399373008-56] DEBUG org.eclipse.jetty.util.thread.ReservedThreadExecutor - ReservedThread@2608138f{RUNNING,thread=Thread[qtp399373008-56,5,main]} was=RUNNING next=RESERVED size=0+2 capacity=8
03:19:49.797 [qtp399373008-62] DEBUG org.eclipse.jetty.io.ManagedSelector - updateable 1
03:19:49.797 [qtp399373008-56] DEBUG org.eclipse.jetty.util.thread.ReservedThreadExecutor - ReservedThread@2608138f{RESERVED,thread=Thread[qtp399373008-56,5,main]} waiting ReservedThreadExecutor@424fd310{reserved=2/8,pending=0}
03:19:49.797 [qtp399373008-62] DEBUG org.eclipse.jetty.io.ManagedSelector - update org.eclipse.jetty.io.ChannelEndPoint$$Lambda$255/90666987@671909b5
03:19:49.797 [qtp399373008-62] DEBUG org.eclipse.jetty.io.ChannelEndPoint - Key interests updated 0 -> 1 on SocketChannelEndPoint@6a0aac13{l=/127.0.0.1:43437,r=/127.0.0.1:54574,OPEN,fill=FI,flush=-,to=0/30000}{io=1/1,kio=1,kro=1}->SslConnection@2ef434e1{NOT_HANDSHAKING,eio=-1/-1,di=-1,fill=INTERESTED,flush=IDLE}~>DecryptedEndPoint@a25535c{l=/127.0.0.1:43437,r=/127.0.0.1:54574,OPEN,fill=FI,flush=-,to=0/30000}=>HttpConnection@1152b4ca[p=HttpParser{s=START,0 of -1},g=HttpGenerator@e6b2dd0{s=START}]=>HttpChannelOverHttp@5baa23a1{s=HttpChannelState@35f01bc5{s=IDLE rs=BLOCKING os=OPEN is=IDLE awp=false se=false i=true al=0},r=1,c=false/false,a=IDLE,uri=null,age=0}
03:19:49.797 [qtp399373008-62] DEBUG org.eclipse.jetty.io.ManagedSelector - updates 0
03:19:49.797 [qtp399373008-62] DEBUG org.eclipse.jetty.io.ManagedSelector - Selector sun.nio.ch.EPollSelectorImpl@2af73879 waiting with 1 keys
03:19:49.797 [main] DEBUG org.apache.nifi.minifi.bootstrap.configuration.ingestors.PullHttpChangeIngestor - Attempting to pull new config
03:19:49.798 [qtp399373008-59-acceptor-0@53dacd14-ServerConnector@2374d36a{SSL, (ssl, http/1.1)}{localhost:43437}] DEBUG org.eclipse.jetty.io.ManagedSelector - Queued change lazy=false Accept@b99feb2[java.nio.channels.SocketChannel[connected local=/127.0.0.1:43437 remote=/127.0.0.1:54580]] on ManagedSelector@4e70a728{STARTED} id=0 keys=0 selected=0 updates=0
03:19:49.798 [qtp399373008-59-acceptor-0@53dacd14-ServerConnector@2374d36a{SSL, (ssl, http/1.1)}{localhost:43437}] DEBUG org.eclipse.jetty.io.ManagedSelector - Wakeup on submit ManagedSelector@4e70a728{STARTED} id=0 keys=0 selected=0 updates=1
03:19:49.798 [qtp399373008-55] DEBUG org.eclipse.jetty.io.ManagedSelector - Selector sun.nio.ch.EPollSelectorImpl@3702dbe9 woken with none selected
03:19:49.798 [qtp399373008-55] DEBUG org.eclipse.jetty.io.ManagedSelector - Selector sun.nio.ch.EPollSelectorImpl@3702dbe9 woken up from select, 0/0/0 selected
03:19:49.798 [qtp399373008-55] DEBUG org.eclipse.jetty.io.ManagedSelector - Selector sun.nio.ch.EPollSelectorImpl@3702dbe9 processing 0 keys, 1 updates
03:19:49.798 [qtp399373008-55] DEBUG org.eclipse.jetty.io.ManagedSelector - updateable 1
03:19:49.798 [qtp399373008-55] DEBUG org.eclipse.jetty.io.ManagedSelector - update Accept@b99feb2[java.nio.channels.SocketChannel[connected local=/127.0.0.1:43437 remote=/127.0.0.1:54580]]
03:19:49.798 [qtp399373008-55] DEBUG org.eclipse.jetty.util.thread.QueuedThreadPool - queue Accept@b99feb2[java.nio.channels.SocketChannel[connected local=/127.0.0.1:43437 remote=/127.0.0.1:54580]] startThread=0
03:19:49.798 [qtp399373008-55] DEBUG org.eclipse.jetty.io.ManagedSelector - updates 0
03:19:49.798 [qtp399373008-58] DEBUG org.eclipse.jetty.util.thread.QueuedThreadPool - run Accept@b99feb2[java.nio.channels.SocketChannel[connected local=/127.0.0.1:43437 remote=/127.0.0.1:54580]] in QueuedThreadPool[qtp399373008]@17cdf2d0{STARTED,8<=8<=200,i=0,r=-1,q=0}[ReservedThreadExecutor@424fd310{reserved=2/8,pending=0}]
03:19:49.798 [qtp399373008-55] DEBUG org.eclipse.jetty.io.ManagedSelector - Selector sun.nio.ch.EPollSelectorImpl@3702dbe9 waiting with 1 keys
03:19:49.798 [qtp399373008-58] DEBUG org.eclipse.jetty.io.IdleTimeout - SocketChannelEndPoint@200f5309{l=/127.0.0.1:43437,r=/127.0.0.1:54580,OPEN,fill=-,flush=-,to=0/30000}{io=0/0,kio=0,kro=0}-><null> idle timeout check, elapsed: 0 ms, remaining: 30000 ms
03:19:49.799 [qtp399373008-58] DEBUG org.eclipse.jetty.util.ssl.SslContextFactory - Customize sun.security.ssl.SSLEngineImpl@650dc96c
03:19:49.799 [qtp399373008-58] DEBUG org.eclipse.jetty.server.HttpChannel - new HttpChannelOverHttp@76aa1144{s=HttpChannelState@54a24ebd{s=IDLE rs=BLOCKING os=OPEN is=IDLE awp=false se=false i=true al=0},r=0,c=false/false,a=IDLE,uri=null,age=0} -> DecryptedEndPoint@eefc83b{l=/127.0.0.1:43437,r=/127.0.0.1:54580,OPEN,fill=-,flush=-,to=0/30000},null,HttpChannelState@54a24ebd{s=IDLE rs=BLOCKING os=OPEN is=IDLE awp=false se=false i=true al=0}
03:19:49.799 [qtp399373008-58] DEBUG org.eclipse.jetty.server.HttpConnection - New HTTP Connection HttpConnection@5223623::DecryptedEndPoint@eefc83b{l=/127.0.0.1:43437,r=/127.0.0.1:54580,OPEN,fill=-,flush=-,to=0/30000}
03:19:49.799 [qtp399373008-58] DEBUG org.eclipse.jetty.io.ManagedSelector - Queued change lazy=true org.eclipse.jetty.io.ManagedSelector$$Lambda$258/445561681@232427f2 on ManagedSelector@4e70a728{STARTED} id=0 keys=1 selected=0 updates=0
03:19:49.799 [qtp399373008-58] DEBUG org.eclipse.jetty.io.AbstractEndPoint - onOpen SocketChannelEndPoint@200f5309{l=/127.0.0.1:43437,r=/127.0.0.1:54580,OPEN,fill=-,flush=-,to=0/30000}{io=0/0,kio=0,kro=0}->SslConnection@65b5528d{NOT_HANDSHAKING,eio=-1/-1,di=-1,fill=IDLE,flush=IDLE}~>DecryptedEndPoint@eefc83b{l=/127.0.0.1:43437,r=/127.0.0.1:54580,OPEN,fill=-,flush=-,to=0/30000}=>HttpConnection@5223623[p=HttpParser{s=START,0 of -1},g=HttpGenerator@15ebe010{s=START}]=>HttpChannelOverHttp@76aa1144{s=HttpChannelState@54a24ebd{s=IDLE rs=BLOCKING os=OPEN is=IDLE awp=false se=false i=true al=0},r=0,c=false/false,a=IDLE,uri=null,age=0}
03:19:49.799 [qtp399373008-58] DEBUG org.eclipse.jetty.io.AbstractConnection - onOpen SslConnection@65b5528d::SocketChannelEndPoint@200f5309{l=/127.0.0.1:43437,r=/127.0.0.1:54580,OPEN,fill=-,flush=-,to=0/30000}{io=0/0,kio=0,kro=0}->SslConnection@65b5528d{NOT_HANDSHAKING,eio=-1/-1,di=-1,fill=IDLE,flush=IDLE}~>DecryptedEndPoint@eefc83b{l=/127.0.0.1:43437,r=/127.0.0.1:54580,OPEN,fill=-,flush=-,to=0/30000}=>HttpConnection@5223623[p=HttpParser{s=START,0 of -1},g=HttpGenerator@15ebe010{s=START}]=>HttpChannelOverHttp@76aa1144{s=HttpChannelState@54a24ebd{s=IDLE rs=BLOCKING os=OPEN is=IDLE awp=false se=false i=true al=0},r=0,c=false/false,a=IDLE,uri=null,age=0}
03:19:49.799 [qtp399373008-58] DEBUG org.eclipse.jetty.io.AbstractConnection - onOpen HttpConnection@5223623::DecryptedEndPoint@eefc83b{l=/127.0.0.1:43437,r=/127.0.0.1:54580,OPEN,fill=-,flush=-,to=0/30000}
03:19:49.799 [qtp399373008-58] DEBUG org.eclipse.jetty.io.AbstractConnection - fillInterested HttpConnection@5223623::DecryptedEndPoint@eefc83b{l=/127.0.0.1:43437,r=/127.0.0.1:54580,OPEN,fill=-,flush=-,to=0/30000}
03:19:49.799 [qtp399373008-58] DEBUG org.eclipse.jetty.io.FillInterest - interested FillInterest@16c4fa0{AC.ReadCB@5223623{HttpConnection@5223623::DecryptedEndPoint@eefc83b{l=/127.0.0.1:43437,r=/127.0.0.1:54580,OPEN,fill=FI,flush=-,to=0/30000}}}
03:19:49.799 [qtp399373008-58] DEBUG org.eclipse.jetty.io.ssl.SslConnection - >needFillInterest s=IDLE/IDLE uf=false ei=null di=null SslConnection@65b5528d::SocketChannelEndPoint@200f5309{l=/127.0.0.1:43437,r=/127.0.0.1:54580,OPEN,fill=-,flush=-,to=0/30000}{io=0/0,kio=0,kro=0}->SslConnection@65b5528d{NOT_HANDSHAKING,eio=-1/-1,di=-1,fill=IDLE,flush=IDLE}~>DecryptedEndPoint@eefc83b{l=/127.0.0.1:43437,r=/127.0.0.1:54580,OPEN,fill=FI,flush=-,to=0/30000}=>HttpConnection@5223623[p=HttpParser{s=START,0 of -1},g=HttpGenerator@15ebe010{s=START}]=>HttpChannelOverHttp@76aa1144{s=HttpChannelState@54a24ebd{s=IDLE rs=BLOCKING os=OPEN is=IDLE awp=false se=false i=true al=0},r=0,c=false/false,a=IDLE,uri=null,age=0}
03:19:49.799 [qtp399373008-58] DEBUG org.eclipse.jetty.io.ssl.SslConnection - <needFillInterest s=IDLE/INTERESTED f=false i=true w=null
03:19:49.799 [qtp399373008-58] DEBUG org.eclipse.jetty.io.ssl.SslConnection - ensureFillInterested SslConnection@65b5528d::SocketChannelEndPoint@200f5309{l=/127.0.0.1:43437,r=/127.0.0.1:54580,OPEN,fill=-,flush=-,to=0/30000}{io=0/0,kio=0,kro=0}->SslConnection@65b5528d{NOT_HANDSHAKING,eio=-1/-1,di=-1,fill=INTERESTED,flush=IDLE}~>DecryptedEndPoint@eefc83b{l=/127.0.0.1:43437,r=/127.0.0.1:54580,OPEN,fill=FI,flush=-,to=0/30000}=>HttpConnection@5223623[p=HttpParser{s=START,0 of -1},g=HttpGenerator@15ebe010{s=START}]=>HttpChannelOverHttp@76aa1144{s=HttpChannelState@54a24ebd{s=IDLE rs=BLOCKING os=OPEN is=IDLE awp=false se=false i=true al=0},r=0,c=false/false,a=IDLE,uri=null,age=0}
03:19:49.799 [qtp399373008-58] DEBUG org.eclipse.jetty.io.FillInterest - interested FillInterest@375f3c8{SSLC.NBReadCB@65b5528d{SslConnection@65b5528d::SocketChannelEndPoint@200f5309{l=/127.0.0.1:43437,r=/127.0.0.1:54580,OPEN,fill=FI,flush=-,to=0/30000}{io=0/0,kio=0,kro=0}->SslConnection@65b5528d{NOT_HANDSHAKING,eio=-1/-1,di=-1,fill=INTERESTED,flush=IDLE}~>DecryptedEndPoint@eefc83b{l=/127.0.0.1:43437,r=/127.0.0.1:54580,OPEN,fill=FI,flush=-,to=0/30000}=>HttpConnection@5223623[p=HttpParser{s=START,0 of -1},g=HttpGenerator@15ebe010{s=START}]=>HttpChannelOverHttp@76aa1144{s=HttpChannelState@54a24ebd{s=IDLE rs=BLOCKING os=OPEN is=IDLE awp=false se=false i=true al=0},r=0,c=false/false,a=IDLE,uri=null,age=0}}}
03:19:49.800 [qtp399373008-58] DEBUG org.eclipse.jetty.io.ChannelEndPoint - changeInterests p=false 0->1 for SocketChannelEndPoint@200f5309{l=/127.0.0.1:43437,r=/127.0.0.1:54580,OPEN,fill=FI,flush=-,to=0/30000}{io=0/1,kio=0,kro=0}->SslConnection@65b5528d{NOT_HANDSHAKING,eio=-1/-1,di=-1,fill=INTERESTED,flush=IDLE}~>DecryptedEndPoint@eefc83b{l=/127.0.0.1:43437,r=/127.0.0.1:54580,OPEN,fill=FI,flush=-,to=0/30000}=>HttpConnection@5223623[p=HttpParser{s=START,0 of -1},g=HttpGenerator@15ebe010{s=START}]=>HttpChannelOverHttp@76aa1144{s=HttpChannelState@54a24ebd{s=IDLE rs=BLOCKING os=OPEN is=IDLE awp=false se=false i=true al=0},r=0,c=false/false,a=IDLE,uri=null,age=0}
03:19:49.800 [qtp399373008-58] DEBUG org.eclipse.jetty.io.ManagedSelector - Queued change lazy=false org.eclipse.jetty.io.ChannelEndPoint$$Lambda$255/90666987@4c9bf811 on ManagedSelector@4e70a728{STARTED} id=0 keys=1 selected=0 updates=1
03:19:49.800 [qtp399373008-58] DEBUG org.eclipse.jetty.io.ManagedSelector - Wakeup on submit ManagedSelector@4e70a728{STARTED} id=0 keys=1 selected=0 updates=2
03:19:49.800 [qtp399373008-55] DEBUG org.eclipse.jetty.io.ManagedSelector - Selector sun.nio.ch.EPollSelectorImpl@3702dbe9 woken with none selected
03:19:49.800 [qtp399373008-55] DEBUG org.eclipse.jetty.io.ManagedSelector - Selector sun.nio.ch.EPollSelectorImpl@3702dbe9 woken up from select, 0/0/1 selected
03:19:49.800 [qtp399373008-58] DEBUG org.eclipse.jetty.io.ManagedSelector - Created SocketChannelEndPoint@200f5309{l=/127.0.0.1:43437,r=/127.0.0.1:54580,OPEN,fill=FI,flush=-,to=0/30000}{io=0/1,kio=0,kro=0}->SslConnection@65b5528d{NOT_HANDSHAKING,eio=-1/-1,di=-1,fill=INTERESTED,flush=IDLE}~>DecryptedEndPoint@eefc83b{l=/127.0.0.1:43437,r=/127.0.0.1:54580,OPEN,fill=FI,flush=-,to=0/30000}=>HttpConnection@5223623[p=HttpParser{s=START,0 of -1},g=HttpGenerator@15ebe010{s=START}]=>HttpChannelOverHttp@76aa1144{s=HttpChannelState@54a24ebd{s=IDLE rs=BLOCKING os=OPEN is=IDLE awp=false se=false i=true al=0},r=0,c=false/false,a=IDLE,uri=null,age=0}
03:19:49.800 [qtp399373008-55] DEBUG org.eclipse.jetty.io.ManagedSelector - Selector sun.nio.ch.EPollSelectorImpl@3702dbe9 processing 0 keys, 2 updates
03:19:49.800 [qtp399373008-55] DEBUG org.eclipse.jetty.io.ManagedSelector - updateable 2
03:19:49.800 [qtp399373008-58] DEBUG org.eclipse.jetty.util.thread.QueuedThreadPool - ran Accept@b99feb2[java.nio.channels.SocketChannel[connected local=/127.0.0.1:43437 remote=/127.0.0.1:54580]] in QueuedThreadPool[qtp399373008]@17cdf2d0{STARTED,8<=8<=200,i=0,r=-1,q=0}[ReservedThreadExecutor@424fd310{reserved=2/8,pending=0}]
03:19:49.800 [qtp399373008-55] DEBUG org.eclipse.jetty.io.ManagedSelector - update org.eclipse.jetty.io.ManagedSelector$$Lambda$258/445561681@232427f2
03:19:49.800 [qtp399373008-55] DEBUG org.eclipse.jetty.io.ManagedSelector - update org.eclipse.jetty.io.ChannelEndPoint$$Lambda$255/90666987@4c9bf811
03:19:49.800 [qtp399373008-55] DEBUG org.eclipse.jetty.io.ChannelEndPoint - Key interests updated 0 -> 1 on SocketChannelEndPoint@200f5309{l=/127.0.0.1:43437,r=/127.0.0.1:54580,OPEN,fill=FI,flush=-,to=0/30000}{io=1/1,kio=1,kro=0}->SslConnection@65b5528d{NOT_HANDSHAKING,eio=-1/-1,di=-1,fill=INTERESTED,flush=IDLE}~>DecryptedEndPoint@eefc83b{l=/127.0.0.1:43437,r=/127.0.0.1:54580,OPEN,fill=FI,flush=-,to=0/30000}=>HttpConnection@5223623[p=HttpParser{s=START,0 of -1},g=HttpGenerator@15ebe010{s=START}]=>HttpChannelOverHttp@76aa1144{s=HttpChannelState@54a24ebd{s=IDLE rs=BLOCKING os=OPEN is=IDLE awp=false se=false i=true al=0},r=0,c=false/false,a=IDLE,uri=null,age=0}
03:19:49.800 [qtp399373008-55] DEBUG org.eclipse.jetty.io.ManagedSelector - updates 0
03:19:49.800 [qtp399373008-55] DEBUG org.eclipse.jetty.io.ManagedSelector - Selector sun.nio.ch.EPollSelectorImpl@3702dbe9 waiting with 1 keys
03:19:49.800 [qtp399373008-55] DEBUG org.eclipse.jetty.io.ManagedSelector - Selector sun.nio.ch.EPollSelectorImpl@3702dbe9 woken up from select, 1/1/1 selected
03:19:49.800 [qtp399373008-55] DEBUG org.eclipse.jetty.io.ManagedSelector - Selector sun.nio.ch.EPollSelectorImpl@3702dbe9 processing 1 keys, 0 updates
03:19:49.800 [qtp399373008-55] DEBUG org.eclipse.jetty.io.ManagedSelector - selected 1 sun.nio.ch.SelectionKeyImpl@39c53379 SocketChannelEndPoint@200f5309{l=/127.0.0.1:43437,r=/127.0.0.1:54580,OPEN,fill=FI,flush=-,to=0/30000}{io=1/1,kio=1,kro=1}->SslConnection@65b5528d{NOT_HANDSHAKING,eio=-1/-1,di=-1,fill=INTERESTED,flush=IDLE}~>DecryptedEndPoint@eefc83b{l=/127.0.0.1:43437,r=/127.0.0.1:54580,OPEN,fill=FI,flush=-,to=1/30000}=>HttpConnection@5223623[p=HttpParser{s=START,0 of -1},g=HttpGenerator@15ebe010{s=START}]=>HttpChannelOverHttp@76aa1144{s=HttpChannelState@54a24ebd{s=IDLE rs=BLOCKING os=OPEN is=IDLE awp=false se=false i=true al=0},r=0,c=false/false,a=IDLE,uri=null,age=0} 
03:19:49.800 [qtp399373008-55] DEBUG org.eclipse.jetty.io.ChannelEndPoint - onSelected 1->0 r=true w=false for SocketChannelEndPoint@200f5309{l=/127.0.0.1:43437,r=/127.0.0.1:54580,OPEN,fill=FI,flush=-,to=0/30000}{io=1/0,kio=1,kro=1}->SslConnection@65b5528d{NOT_HANDSHAKING,eio=-1/-1,di=-1,fill=INTERESTED,flush=IDLE}~>DecryptedEndPoint@eefc83b{l=/127.0.0.1:43437,r=/127.0.0.1:54580,OPEN,fill=FI,flush=-,to=1/30000}=>HttpConnection@5223623[p=HttpParser{s=START,0 of -1},g=HttpGenerator@15ebe010{s=START}]=>HttpChannelOverHttp@76aa1144{s=HttpChannelState@54a24ebd{s=IDLE rs=BLOCKING os=OPEN is=IDLE awp=false se=false i=true al=0},r=0,c=false/false,a=IDLE,uri=null,age=0}
03:19:49.801 [qtp399373008-55] DEBUG org.eclipse.jetty.io.ChannelEndPoint - task CEP:SocketChannelEndPoint@200f5309{l=/127.0.0.1:43437,r=/127.0.0.1:54580,OPEN,fill=FI,flush=-,to=1/30000}{io=1/0,kio=1,kro=1}->SslConnection@65b5528d{NOT_HANDSHAKING,eio=-1/-1,di=-1,fill=INTERESTED,flush=IDLE}~>DecryptedEndPoint@eefc83b{l=/127.0.0.1:43437,r=/127.0.0.1:54580,OPEN,fill=FI,flush=-,to=1/30000}=>HttpConnection@5223623[p=HttpParser{s=START,0 of -1},g=HttpGenerator@15ebe010{s=START}]=>HttpChannelOverHttp@76aa1144{s=HttpChannelState@54a24ebd{s=IDLE rs=BLOCKING os=OPEN is=IDLE awp=false se=false i=true al=0},r=0,c=false/false,a=IDLE,uri=null,age=0}:runFillable:BLOCKING
03:19:49.801 [qtp399373008-55] DEBUG org.eclipse.jetty.util.thread.ReservedThreadExecutor - ReservedThreadExecutor@424fd310{reserved=2/8,pending=0} tryExecute EatWhatYouKill@4e858e0a/SelectorProducer@435fb7b5/PRODUCING/p=false/QueuedThreadPool[qtp399373008]@17cdf2d0{STARTED,8<=8<=200,i=1,r=-1,q=0}[ReservedThreadExecutor@424fd310{reserved=2/8,pending=0}][pc=0,pic=0,pec=0,epc=0]@2024-05-02T03:19:49.801+01:00
03:19:49.801 [qtp399373008-55] DEBUG org.eclipse.jetty.util.thread.strategy.EatWhatYouKill - EatWhatYouKill@4e858e0a/SelectorProducer@435fb7b5/IDLE/p=true/QueuedThreadPool[qtp399373008]@17cdf2d0{STARTED,8<=8<=200,i=1,r=-1,q=0}[ReservedThreadExecutor@424fd310{reserved=1/8,pending=0}][pc=0,pic=0,pec=0,epc=0]@2024-05-02T03:19:49.801+01:00 m=EXECUTE_PRODUCE_CONSUME t=CEP:SocketChannelEndPoint@200f5309{l=/127.0.0.1:43437,r=/127.0.0.1:54580,OPEN,fill=FI,flush=-,to=1/30000}{io=1/0,kio=1,kro=1}->SslConnection@65b5528d{NOT_HANDSHAKING,eio=-1/-1,di=-1,fill=INTERESTED,flush=IDLE}~>DecryptedEndPoint@eefc83b{l=/127.0.0.1:43437,r=/127.0.0.1:54580,OPEN,fill=FI,flush=-,to=1/30000}=>HttpConnection@5223623[p=HttpParser{s=START,0 of -1},g=HttpGenerator@15ebe010{s=START}]=>HttpChannelOverHttp@76aa1144{s=HttpChannelState@54a24ebd{s=IDLE rs=BLOCKING os=OPEN is=IDLE awp=false se=false i=true al=0},r=0,c=false/false,a=IDLE,uri=null,age=0}:runFillable:BLOCKING/BLOCKING
03:19:49.801 [qtp399373008-56] DEBUG org.eclipse.jetty.util.thread.ReservedThreadExecutor - ReservedThread@2608138f{RESERVED,thread=Thread[qtp399373008-56,5,main]} task=EatWhatYouKill@4e858e0a/SelectorProducer@435fb7b5/IDLE/p=true/QueuedThreadPool[qtp399373008]@17cdf2d0{STARTED,8<=8<=200,i=1,r=-1,q=0}[ReservedThreadExecutor@424fd310{reserved=1/8,pending=0}][pc=0,pic=0,pec=0,epc=0]@2024-05-02T03:19:49.801+01:00 ReservedThreadExecutor@424fd310{reserved=1/8,pending=0}
03:19:49.801 [qtp399373008-56] DEBUG org.eclipse.jetty.util.thread.strategy.EatWhatYouKill - EatWhatYouKill@4e858e0a/SelectorProducer@435fb7b5/IDLE/p=true/QueuedThreadPool[qtp399373008]@17cdf2d0{STARTED,8<=8<=200,i=1,r=-1,q=0}[ReservedThreadExecutor@424fd310{reserved=1/8,pending=0}][pc=0,pic=0,pec=0,epc=1]@2024-05-02T03:19:49.801+01:00 tryProduce true
03:19:49.801 [qtp399373008-55] DEBUG org.eclipse.jetty.io.FillInterest - fillable FillInterest@375f3c8{SSLC.NBReadCB@65b5528d{SslConnection@65b5528d::SocketChannelEndPoint@200f5309{l=/127.0.0.1:43437,r=/127.0.0.1:54580,OPEN,fill=FI,flush=-,to=1/30000}{io=1/0,kio=1,kro=1}->SslConnection@65b5528d{NOT_HANDSHAKING,eio=-1/-1,di=-1,fill=INTERESTED,flush=IDLE}~>DecryptedEndPoint@eefc83b{l=/127.0.0.1:43437,r=/127.0.0.1:54580,OPEN,fill=FI,flush=-,to=1/30000}=>HttpConnection@5223623[p=HttpParser{s=START,0 of -1},g=HttpGenerator@15ebe010{s=START}]=>HttpChannelOverHttp@76aa1144{s=HttpChannelState@54a24ebd{s=IDLE rs=BLOCKING os=OPEN is=IDLE awp=false se=false i=true al=0},r=0,c=false/false,a=IDLE,uri=null,age=0}}}
03:19:49.801 [qtp399373008-56] DEBUG org.eclipse.jetty.io.ManagedSelector - updateable 0
03:19:49.801 [qtp399373008-56] DEBUG org.eclipse.jetty.io.ManagedSelector - updates 0
03:19:49.801 [qtp399373008-55] DEBUG org.eclipse.jetty.io.ssl.SslConnection - >c.onFillable SslConnection@65b5528d::SocketChannelEndPoint@200f5309{l=/127.0.0.1:43437,r=/127.0.0.1:54580,OPEN,fill=-,flush=-,to=1/30000}{io=1/0,kio=1,kro=1}->SslConnection@65b5528d{NOT_HANDSHAKING,eio=-1/-1,di=-1,fill=INTERESTED,flush=IDLE}~>DecryptedEndPoint@eefc83b{l=/127.0.0.1:43437,r=/127.0.0.1:54580,OPEN,fill=FI,flush=-,to=1/30000}=>HttpConnection@5223623[p=HttpParser{s=START,0 of -1},g=HttpGenerator@15ebe010{s=START}]=>HttpChannelOverHttp@76aa1144{s=HttpChannelState@54a24ebd{s=IDLE rs=BLOCKING os=OPEN is=IDLE awp=false se=false i=true al=0},r=0,c=false/false,a=IDLE,uri=null,age=0}
03:19:49.801 [qtp399373008-56] DEBUG org.eclipse.jetty.io.ChannelEndPoint - Key interests updated 1 -> 0 on SocketChannelEndPoint@200f5309{l=/127.0.0.1:43437,r=/127.0.0.1:54580,OPEN,fill=-,flush=-,to=1/30000}{io=0/0,kio=0,kro=1}->SslConnection@65b5528d{NOT_HANDSHAKING,eio=-1/-1,di=-1,fill=INTERESTED,flush=IDLE}~>DecryptedEndPoint@eefc83b{l=/127.0.0.1:43437,r=/127.0.0.1:54580,OPEN,fill=FI,flush=-,to=2/30000}=>HttpConnection@5223623[p=HttpParser{s=START,0 of -1},g=HttpGenerator@15ebe010{s=START}]=>HttpChannelOverHttp@76aa1144{s=HttpChannelState@54a24ebd{s=IDLE rs=BLOCKING os=OPEN is=IDLE awp=false se=false i=true al=0},r=0,c=false/false,a=IDLE,uri=null,age=0}
03:19:49.801 [qtp399373008-56] DEBUG org.eclipse.jetty.io.ManagedSelector - Selector sun.nio.ch.EPollSelectorImpl@3702dbe9 waiting with 1 keys
03:19:49.801 [qtp399373008-55] DEBUG org.eclipse.jetty.io.ssl.SslConnection - onFillable SslConnection@65b5528d::SocketChannelEndPoint@200f5309{l=/127.0.0.1:43437,r=/127.0.0.1:54580,OPEN,fill=-,flush=-,to=1/30000}{io=0/0,kio=0,kro=1}->SslConnection@65b5528d{NOT_HANDSHAKING,eio=-1/-1,di=-1,fill=INTERESTED,flush=IDLE}~>DecryptedEndPoint@eefc83b{l=/127.0.0.1:43437,r=/127.0.0.1:54580,OPEN,fill=FI,flush=-,to=2/30000}=>HttpConnection@5223623[p=HttpParser{s=START,0 of -1},g=HttpGenerator@15ebe010{s=START}]=>HttpChannelOverHttp@76aa1144{s=HttpChannelState@54a24ebd{s=IDLE rs=BLOCKING os=OPEN is=IDLE awp=false se=false i=true al=0},r=0,c=false/false,a=IDLE,uri=null,age=0}
03:19:49.802 [qtp399373008-55] DEBUG org.eclipse.jetty.io.FillInterest - fillable FillInterest@16c4fa0{AC.ReadCB@5223623{HttpConnection@5223623::DecryptedEndPoint@eefc83b{l=/127.0.0.1:43437,r=/127.0.0.1:54580,OPEN,fill=FI,flush=-,to=2/30000}}}
03:19:49.802 [qtp399373008-55] DEBUG org.eclipse.jetty.server.HttpConnection - HttpConnection@5223623::DecryptedEndPoint@eefc83b{l=/127.0.0.1:43437,r=/127.0.0.1:54580,OPEN,fill=-,flush=-,to=2/30000} onFillable enter HttpChannelState@54a24ebd{s=IDLE rs=BLOCKING os=OPEN is=IDLE awp=false se=false i=true al=0} null
03:19:49.802 [qtp399373008-55] DEBUG org.eclipse.jetty.io.ssl.SslConnection - >fill SslConnection@65b5528d::SocketChannelEndPoint@200f5309{l=/127.0.0.1:43437,r=/127.0.0.1:54580,OPEN,fill=-,flush=-,to=2/30000}{io=0/0,kio=0,kro=1}->SslConnection@65b5528d{NOT_HANDSHAKING,eio=-1/-1,di=-1,fill=IDLE,flush=IDLE}~>DecryptedEndPoint@eefc83b{l=/127.0.0.1:43437,r=/127.0.0.1:54580,OPEN,fill=-,flush=-,to=2/30000}=>HttpConnection@5223623[p=HttpParser{s=START,0 of -1},g=HttpGenerator@15ebe010{s=START}]=>HttpChannelOverHttp@76aa1144{s=HttpChannelState@54a24ebd{s=IDLE rs=BLOCKING os=OPEN is=IDLE awp=false se=false i=true al=0},r=0,c=false/false,a=IDLE,uri=null,age=0}
03:19:49.802 [qtp399373008-55] DEBUG org.eclipse.jetty.io.ssl.SslConnection - fill NOT_HANDSHAKING
03:19:49.802 [qtp399373008-55] DEBUG org.eclipse.jetty.io.ChannelEndPoint - filled 339 HeapByteBuffer@13266df0[p=0,l=339,c=17408,r=339]={<<<\x16\x03\x03\x01N\x01\x00\x01J\x03\x03\x89\x8d\xA5g\xFd\x97\xC2\xAd0\xB295\x98\xB7...\x94\x07\x84\x97\xFf3\xC7D\xF7\xA7\xEd=\x1f\xEd\xF1/\xAb\x82\xFf\x01\x00\x01\x00>>>\xF9\xFb}{\xC0\xFag\xC6G...\x00\x00\x00\x00\x00\x00\x00}
03:19:49.802 [qtp399373008-55] DEBUG org.eclipse.jetty.io.ssl.SslConnection - net filled=339
03:19:49.802 [qtp399373008-55] DEBUG org.eclipse.jetty.io.ssl.SslConnection - fill starting handshake SslConnection@65b5528d::SocketChannelEndPoint@200f5309{l=/127.0.0.1:43437,r=/127.0.0.1:54580,OPEN,fill=-,flush=-,to=0/30000}{io=0/0,kio=0,kro=1}->SslConnection@65b5528d{NOT_HANDSHAKING,eio=339/-1,di=-1,fill=IDLE,flush=IDLE}~>DecryptedEndPoint@eefc83b{l=/127.0.0.1:43437,r=/127.0.0.1:54580,OPEN,fill=-,flush=-,to=2/30000}=>HttpConnection@5223623[p=HttpParser{s=START,0 of -1},g=HttpGenerator@15ebe010{s=START}]=>HttpChannelOverHttp@76aa1144{s=HttpChannelState@54a24ebd{s=IDLE rs=BLOCKING os=OPEN is=IDLE awp=false se=false i=true al=0},r=0,c=false/false,a=IDLE,uri=null,age=0}
03:19:49.802 [qtp399373008-55] DEBUG org.eclipse.jetty.io.ssl.SslConnection - unwrap net_filled=339 Status = OK HandshakeStatus = NEED_TASK bytesConsumed = 339 bytesProduced = 0 encryptedBuffer=[p=339,l=339,c=17408,r=0] unwrapBuffer=HeapByteBuffer@1719ebcb[p=0,l=0,c=17408,r=0]={<<<>>>\x17\x03\x03\x00\xC9\x98$\xA1r...\x00\x00\x00\x00\x00\x00\x00} appBuffer=HeapByteBuffer@1719ebcb[p=0,l=0,c=17408,r=0]={<<<>>>\x17\x03\x03\x00\xC9\x98$\xA1r...\x00\x00\x00\x00\x00\x00\x00}
03:19:49.802 [qtp399373008-55] DEBUG org.eclipse.jetty.io.ssl.SslConnection - fill NEED_TASK
03:19:49.813 [qtp399373008-55] DEBUG org.eclipse.jetty.io.ssl.SslConnection - fill NEED_WRAP
03:19:49.813 [qtp399373008-55] DEBUG org.eclipse.jetty.io.ssl.SslConnection - >flush SslConnection@65b5528d::SocketChannelEndPoint@200f5309{l=/127.0.0.1:43437,r=/127.0.0.1:54580,OPEN,fill=-,flush=-,to=10/30000}{io=0/0,kio=0,kro=1}->SslConnection@65b5528d{NEED_WRAP,eio=0/-1,di=-1,fill=IDLE,flush=IDLE}~>DecryptedEndPoint@eefc83b{l=/127.0.0.1:43437,r=/127.0.0.1:54580,OPEN,fill=-,flush=-,to=13/30000}=>HttpConnection@5223623[p=HttpParser{s=START,0 of -1},g=HttpGenerator@15ebe010{s=START}]=>HttpChannelOverHttp@76aa1144{s=HttpChannelState@54a24ebd{s=IDLE rs=BLOCKING os=OPEN is=IDLE awp=false se=false i=true al=0},r=0,c=false/false,a=IDLE,uri=null,age=0}
03:19:49.813 [qtp399373008-55] DEBUG org.eclipse.jetty.io.ssl.SslConnection - flush b[0]=HeapByteBuffer@60c04197[p=0,l=0,c=0,r=0]={<<<>>>}
03:19:49.813 [qtp399373008-55] DEBUG org.eclipse.jetty.io.ssl.SslConnection - flush NEED_WRAP
03:19:49.813 [qtp399373008-55] DEBUG org.eclipse.jetty.io.ssl.SslConnection - wrap Status = OK HandshakeStatus = NEED_WRAP bytesConsumed = 0 bytesProduced = 160 [p=0,l=160,c=17408,r=160] ioDone=false/false
03:19:49.813 [qtp399373008-55] DEBUG org.eclipse.jetty.io.ChannelEndPoint - flushed 160 SocketChannelEndPoint@200f5309{l=/127.0.0.1:43437,r=/127.0.0.1:54580,OPEN,fill=-,flush=-,to=11/30000}{io=0/0,kio=0,kro=1}->SslConnection@65b5528d{NEED_WRAP,eio=0/0,di=-1,fill=IDLE,flush=IDLE}~>DecryptedEndPoint@eefc83b{l=/127.0.0.1:43437,r=/127.0.0.1:54580,OPEN,fill=-,flush=-,to=14/30000}=>HttpConnection@5223623[p=HttpParser{s=START,0 of -1},g=HttpGenerator@15ebe010{s=START}]=>HttpChannelOverHttp@76aa1144{s=HttpChannelState@54a24ebd{s=IDLE rs=BLOCKING os=OPEN is=IDLE awp=false se=false i=true al=0},r=0,c=false/false,a=IDLE,uri=null,age=0}
03:19:49.813 [qtp399373008-55] DEBUG org.eclipse.jetty.io.ssl.SslConnection - net flushed=true, ac=true
03:19:49.813 [qtp399373008-55] DEBUG org.eclipse.jetty.io.ssl.SslConnection - flush NEED_WRAP
03:19:49.813 [qtp399373008-55] DEBUG org.eclipse.jetty.io.ssl.SslConnection - wrap Status = OK HandshakeStatus = NEED_WRAP bytesConsumed = 0 bytesProduced = 6 [p=0,l=6,c=17408,r=6] ioDone=false/false
03:19:49.814 [qtp399373008-55] DEBUG org.eclipse.jetty.io.ChannelEndPoint - flushed 6 SocketChannelEndPoint@200f5309{l=/127.0.0.1:43437,r=/127.0.0.1:54580,OPEN,fill=-,flush=-,to=0/30000}{io=0/0,kio=0,kro=1}->SslConnection@65b5528d{NEED_WRAP,eio=0/0,di=-1,fill=IDLE,flush=IDLE}~>DecryptedEndPoint@eefc83b{l=/127.0.0.1:43437,r=/127.0.0.1:54580,OPEN,fill=-,flush=-,to=14/30000}=>HttpConnection@5223623[p=HttpParser{s=START,0 of -1},g=HttpGenerator@15ebe010{s=START}]=>HttpChannelOverHttp@76aa1144{s=HttpChannelState@54a24ebd{s=IDLE rs=BLOCKING os=OPEN is=IDLE awp=false se=false i=true al=0},r=0,c=false/false,a=IDLE,uri=null,age=0}
03:19:49.814 [qtp399373008-55] DEBUG org.eclipse.jetty.io.ssl.SslConnection - net flushed=true, ac=true
03:19:49.814 [qtp399373008-55] DEBUG org.eclipse.jetty.io.ssl.SslConnection - flush NEED_WRAP
03:19:49.814 [qtp399373008-55] DEBUG org.eclipse.jetty.io.ssl.SslConnection - wrap Status = OK HandshakeStatus = NEED_UNWRAP bytesConsumed = 0 bytesProduced = 1597 [p=0,l=1597,c=17408,r=1597] ioDone=false/false
03:19:49.814 [qtp399373008-55] DEBUG org.eclipse.jetty.io.ChannelEndPoint - flushed 1597 SocketChannelEndPoint@200f5309{l=/127.0.0.1:43437,r=/127.0.0.1:54580,OPEN,fill=-,flush=-,to=0/30000}{io=0/0,kio=0,kro=1}->SslConnection@65b5528d{NEED_UNWRAP,eio=0/0,di=-1,fill=IDLE,flush=IDLE}~>DecryptedEndPoint@eefc83b{l=/127.0.0.1:43437,r=/127.0.0.1:54580,OPEN,fill=-,flush=-,to=14/30000}=>HttpConnection@5223623[p=HttpParser{s=START,0 of -1},g=HttpGenerator@15ebe010{s=START}]=>HttpChannelOverHttp@76aa1144{s=HttpChannelState@54a24ebd{s=IDLE rs=BLOCKING os=OPEN is=IDLE awp=false se=false i=true al=0},r=0,c=false/false,a=IDLE,uri=null,age=0}
03:19:49.814 [qtp399373008-55] DEBUG org.eclipse.jetty.io.ssl.SslConnection - net flushed=true, ac=true
03:19:49.814 [qtp399373008-55] DEBUG org.eclipse.jetty.io.ssl.SslConnection - <flush true SslConnection@65b5528d::SocketChannelEndPoint@200f5309{l=/127.0.0.1:43437,r=/127.0.0.1:54580,OPEN,fill=-,flush=-,to=0/30000}{io=0/0,kio=0,kro=1}->SslConnection@65b5528d{NEED_UNWRAP,eio=0/-1,di=-1,fill=IDLE,flush=IDLE}~>DecryptedEndPoint@eefc83b{l=/127.0.0.1:43437,r=/127.0.0.1:54580,OPEN,fill=-,flush=-,to=14/30000}=>HttpConnection@5223623[p=HttpParser{s=START,0 of -1},g=HttpGenerator@15ebe010{s=START}]=>HttpChannelOverHttp@76aa1144{s=HttpChannelState@54a24ebd{s=IDLE rs=BLOCKING os=OPEN is=IDLE awp=false se=false i=true al=0},r=0,c=false/false,a=IDLE,uri=null,age=0}
03:19:49.814 [qtp399373008-55] DEBUG org.eclipse.jetty.io.ssl.SslConnection - fill NEED_UNWRAP
03:19:49.814 [qtp399373008-55] DEBUG org.eclipse.jetty.io.ChannelEndPoint - filled 0 HeapByteBuffer@13266df0[p=0,l=0,c=17408,r=0]={<<<>>>\x16\x03\x03\x01N\x01\x00\x01J...\x00\x00\x00\x00\x00\x00\x00}
03:19:49.814 [qtp399373008-55] DEBUG org.eclipse.jetty.io.ssl.SslConnection - net filled=0
03:19:49.814 [qtp399373008-55] DEBUG org.eclipse.jetty.io.ssl.SslConnection - unwrap net_filled=0 Status = BUFFER_UNDERFLOW HandshakeStatus = NEED_UNWRAP bytesConsumed = 0 bytesProduced = 0 encryptedBuffer=[p=0,l=0,c=17408,r=0] unwrapBuffer=HeapByteBuffer@1719ebcb[p=0,l=0,c=17408,r=0]={<<<>>>\x17\x03\x03\x00\xC9\x98$\xA1r...\x00\x00\x00\x00\x00\x00\x00} appBuffer=HeapByteBuffer@1719ebcb[p=0,l=0,c=17408,r=0]={<<<>>>\x17\x03\x03\x00\xC9\x98$\xA1r...\x00\x00\x00\x00\x00\x00\x00}
03:19:49.814 [qtp399373008-55] DEBUG org.eclipse.jetty.io.ssl.SslConnection - <fill f=0 uf=true SslConnection@65b5528d::SocketChannelEndPoint@200f5309{l=/127.0.0.1:43437,r=/127.0.0.1:54580,OPEN,fill=-,flush=-,to=0/30000}{io=0/0,kio=0,kro=1}->SslConnection@65b5528d{NEED_UNWRAP,eio=-1/-1,di=-1,fill=IDLE,flush=IDLE}~>DecryptedEndPoint@eefc83b{l=/127.0.0.1:43437,r=/127.0.0.1:54580,OPEN,fill=-,flush=-,to=15/30000}=>HttpConnection@5223623[p=HttpParser{s=START,0 of -1},g=HttpGenerator@15ebe010{s=START}]=>HttpChannelOverHttp@76aa1144{s=HttpChannelState@54a24ebd{s=IDLE rs=BLOCKING os=OPEN is=IDLE awp=false se=false i=true al=0},r=0,c=false/false,a=IDLE,uri=null,age=0}
03:19:49.814 [qtp399373008-55] DEBUG org.eclipse.jetty.io.ssl.SslConnection - >fill SslConnection@65b5528d::SocketChannelEndPoint@200f5309{l=/127.0.0.1:43437,r=/127.0.0.1:54580,OPEN,fill=-,flush=-,to=0/30000}{io=0/0,kio=0,kro=1}->SslConnection@65b5528d{NEED_UNWRAP,eio=-1/-1,di=-1,fill=IDLE,flush=IDLE}~>DecryptedEndPoint@eefc83b{l=/127.0.0.1:43437,r=/127.0.0.1:54580,OPEN,fill=-,flush=-,to=15/30000}=>HttpConnection@5223623[p=HttpParser{s=START,0 of -1},g=HttpGenerator@15ebe010{s=START}]=>HttpChannelOverHttp@76aa1144{s=HttpChannelState@54a24ebd{s=IDLE rs=BLOCKING os=OPEN is=IDLE awp=false se=false i=true al=0},r=0,c=false/false,a=IDLE,uri=null,age=0}
03:19:49.814 [qtp399373008-55] DEBUG org.eclipse.jetty.io.ssl.SslConnection - fill NEED_UNWRAP
03:19:49.815 [qtp399373008-55] DEBUG org.eclipse.jetty.io.ChannelEndPoint - filled 0 HeapByteBuffer@19de0680[p=0,l=0,c=17408,r=0]={<<<>>>\x17\x03\x03\x068\xFcI\xD0N...\x00\x00\x00\x00\x00\x00\x00}
03:19:49.815 [qtp399373008-55] DEBUG org.eclipse.jetty.io.ssl.SslConnection - net filled=0
03:19:49.815 [qtp399373008-55] DEBUG org.eclipse.jetty.io.ssl.SslConnection - unwrap net_filled=0 Status = BUFFER_UNDERFLOW HandshakeStatus = NEED_UNWRAP bytesConsumed = 0 bytesProduced = 0 encryptedBuffer=[p=0,l=0,c=17408,r=0] unwrapBuffer=HeapByteBuffer@1719ebcb[p=0,l=0,c=17408,r=0]={<<<>>>\x17\x03\x03\x00\xC9\x98$\xA1r...\x00\x00\x00\x00\x00\x00\x00} appBuffer=HeapByteBuffer@1719ebcb[p=0,l=0,c=17408,r=0]={<<<>>>\x17\x03\x03\x00\xC9\x98$\xA1r...\x00\x00\x00\x00\x00\x00\x00}
03:19:49.815 [qtp399373008-55] DEBUG org.eclipse.jetty.io.ssl.SslConnection - <fill f=0 uf=true SslConnection@65b5528d::SocketChannelEndPoint@200f5309{l=/127.0.0.1:43437,r=/127.0.0.1:54580,OPEN,fill=-,flush=-,to=0/30000}{io=0/0,kio=0,kro=1}->SslConnection@65b5528d{NEED_UNWRAP,eio=-1/-1,di=-1,fill=IDLE,flush=IDLE}~>DecryptedEndPoint@eefc83b{l=/127.0.0.1:43437,r=/127.0.0.1:54580,OPEN,fill=-,flush=-,to=15/30000}=>HttpConnection@5223623[p=HttpParser{s=START,0 of -1},g=HttpGenerator@15ebe010{s=START}]=>HttpChannelOverHttp@76aa1144{s=HttpChannelState@54a24ebd{s=IDLE rs=BLOCKING os=OPEN is=IDLE awp=false se=false i=true al=0},r=0,c=false/false,a=IDLE,uri=null,age=0}
03:19:49.815 [qtp399373008-55] DEBUG org.eclipse.jetty.server.HttpConnection - HttpConnection@5223623::DecryptedEndPoint@eefc83b{l=/127.0.0.1:43437,r=/127.0.0.1:54580,OPEN,fill=-,flush=-,to=15/30000} filled 0 HeapByteBuffer@1719ebcb[p=0,l=0,c=17408,r=0]={<<<>>>\x17\x03\x03\x00\xC9\x98$\xA1r...\x00\x00\x00\x00\x00\x00\x00}
03:19:49.815 [qtp399373008-55] DEBUG org.eclipse.jetty.server.HttpConnection - HttpConnection@5223623::DecryptedEndPoint@eefc83b{l=/127.0.0.1:43437,r=/127.0.0.1:54580,OPEN,fill=-,flush=-,to=15/30000} parse HeapByteBuffer@1719ebcb[p=0,l=0,c=17408,r=0]={<<<>>>\x17\x03\x03\x00\xC9\x98$\xA1r...\x00\x00\x00\x00\x00\x00\x00} {}
03:19:49.815 [qtp399373008-55] DEBUG org.eclipse.jetty.http.HttpParser - parseNext s=START HeapByteBuffer@1719ebcb[p=0,l=0,c=17408,r=0]={<<<>>>\x17\x03\x03\x00\xC9\x98$\xA1r...\x00\x00\x00\x00\x00\x00\x00}
03:19:49.815 [qtp399373008-55] DEBUG org.eclipse.jetty.server.HttpConnection - HttpConnection@5223623::DecryptedEndPoint@eefc83b{l=/127.0.0.1:43437,r=/127.0.0.1:54580,OPEN,fill=-,flush=-,to=15/30000} parsed false HttpParser{s=START,0 of -1}
03:19:49.815 [qtp399373008-55] DEBUG org.eclipse.jetty.server.HttpConnection - releaseRequestBuffer HttpConnection@5223623::DecryptedEndPoint@eefc83b{l=/127.0.0.1:43437,r=/127.0.0.1:54580,OPEN,fill=-,flush=-,to=15/30000}
03:19:49.815 [qtp399373008-55] DEBUG org.eclipse.jetty.io.AbstractConnection - fillInterested HttpConnection@5223623::DecryptedEndPoint@eefc83b{l=/127.0.0.1:43437,r=/127.0.0.1:54580,OPEN,fill=-,flush=-,to=15/30000}
03:19:49.815 [qtp399373008-55] DEBUG org.eclipse.jetty.io.FillInterest - interested FillInterest@16c4fa0{AC.ReadCB@5223623{HttpConnection@5223623::DecryptedEndPoint@eefc83b{l=/127.0.0.1:43437,r=/127.0.0.1:54580,OPEN,fill=FI,flush=-,to=0/30000}}}
03:19:49.815 [qtp399373008-55] DEBUG org.eclipse.jetty.io.ssl.SslConnection - >needFillInterest s=IDLE/IDLE uf=true ei=null di=null SslConnection@65b5528d::SocketChannelEndPoint@200f5309{l=/127.0.0.1:43437,r=/127.0.0.1:54580,OPEN,fill=-,flush=-,to=0/30000}{io=0/0,kio=0,kro=1}->SslConnection@65b5528d{NEED_UNWRAP,eio=-1/-1,di=-1,fill=IDLE,flush=IDLE}~>DecryptedEndPoint@eefc83b{l=/127.0.0.1:43437,r=/127.0.0.1:54580,OPEN,fill=FI,flush=-,to=0/30000}=>HttpConnection@5223623[p=HttpParser{s=START,0 of -1},g=HttpGenerator@15ebe010{s=START}]=>HttpChannelOverHttp@76aa1144{s=HttpChannelState@54a24ebd{s=IDLE rs=BLOCKING os=OPEN is=IDLE awp=false se=false i=true al=0},r=0,c=false/false,a=IDLE,uri=null,age=0}
03:19:49.815 [qtp399373008-55] DEBUG org.eclipse.jetty.io.ssl.SslConnection - <needFillInterest s=IDLE/INTERESTED f=false i=true w=null
03:19:49.815 [qtp399373008-55] DEBUG org.eclipse.jetty.io.ssl.SslConnection - ensureFillInterested SslConnection@65b5528d::SocketChannelEndPoint@200f5309{l=/127.0.0.1:43437,r=/127.0.0.1:54580,OPEN,fill=-,flush=-,to=1/30000}{io=0/0,kio=0,kro=1}->SslConnection@65b5528d{NEED_UNWRAP,eio=-1/-1,di=-1,fill=INTERESTED,flush=IDLE}~>DecryptedEndPoint@eefc83b{l=/127.0.0.1:43437,r=/127.0.0.1:54580,OPEN,fill=FI,flush=-,to=0/30000}=>HttpConnection@5223623[p=HttpParser{s=START,0 of -1},g=HttpGenerator@15ebe010{s=START}]=>HttpChannelOverHttp@76aa1144{s=HttpChannelState@54a24ebd{s=IDLE rs=BLOCKING os=OPEN is=IDLE awp=false se=false i=true al=0},r=0,c=false/false,a=IDLE,uri=null,age=0}
03:19:49.815 [qtp399373008-55] DEBUG org.eclipse.jetty.io.FillInterest - interested FillInterest@375f3c8{SSLC.NBReadCB@65b5528d{SslConnection@65b5528d::SocketChannelEndPoint@200f5309{l=/127.0.0.1:43437,r=/127.0.0.1:54580,OPEN,fill=FI,flush=-,to=0/30000}{io=0/0,kio=0,kro=1}->SslConnection@65b5528d{NEED_UNWRAP,eio=-1/-1,di=-1,fill=INTERESTED,flush=IDLE}~>DecryptedEndPoint@eefc83b{l=/127.0.0.1:43437,r=/127.0.0.1:54580,OPEN,fill=FI,flush=-,to=0/30000}=>HttpConnection@5223623[p=HttpParser{s=START,0 of -1},g=HttpGenerator@15ebe010{s=START}]=>HttpChannelOverHttp@76aa1144{s=HttpChannelState@54a24ebd{s=IDLE rs=BLOCKING os=OPEN is=IDLE awp=false se=false i=true al=0},r=0,c=false/false,a=IDLE,uri=null,age=0}}}
03:19:49.815 [qtp399373008-55] DEBUG org.eclipse.jetty.io.ChannelEndPoint - changeInterests p=false 0->1 for SocketChannelEndPoint@200f5309{l=/127.0.0.1:43437,r=/127.0.0.1:54580,OPEN,fill=FI,flush=-,to=0/30000}{io=0/1,kio=0,kro=1}->SslConnection@65b5528d{NEED_UNWRAP,eio=-1/-1,di=-1,fill=INTERESTED,flush=IDLE}~>DecryptedEndPoint@eefc83b{l=/127.0.0.1:43437,r=/127.0.0.1:54580,OPEN,fill=FI,flush=-,to=0/30000}=>HttpConnection@5223623[p=HttpParser{s=START,0 of -1},g=HttpGenerator@15ebe010{s=START}]=>HttpChannelOverHttp@76aa1144{s=HttpChannelState@54a24ebd{s=IDLE rs=BLOCKING os=OPEN is=IDLE awp=false se=false i=true al=0},r=0,c=false/false,a=IDLE,uri=null,age=0}
03:19:49.815 [qtp399373008-55] DEBUG org.eclipse.jetty.io.ManagedSelector - Queued change lazy=false org.eclipse.jetty.io.ChannelEndPoint$$Lambda$255/90666987@4c9bf811 on ManagedSelector@4e70a728{STARTED} id=0 keys=1 selected=0 updates=0
03:19:49.815 [qtp399373008-55] DEBUG org.eclipse.jetty.io.ManagedSelector - Wakeup on submit ManagedSelector@4e70a728{STARTED} id=0 keys=1 selected=0 updates=1
03:19:49.815 [qtp399373008-55] DEBUG org.eclipse.jetty.server.HttpConnection - HttpConnection@5223623::DecryptedEndPoint@eefc83b{l=/127.0.0.1:43437,r=/127.0.0.1:54580,OPEN,fill=FI,flush=-,to=0/30000} onFillable exit HttpChannelState@54a24ebd{s=IDLE rs=BLOCKING os=OPEN is=IDLE awp=false se=false i=true al=0} null
03:19:49.815 [qtp399373008-55] DEBUG org.eclipse.jetty.io.ssl.SslConnection - <c.onFillable SslConnection@65b5528d::SocketChannelEndPoint@200f5309{l=/127.0.0.1:43437,r=/127.0.0.1:54580,OPEN,fill=FI,flush=-,to=0/30000}{io=0/1,kio=0,kro=1}->SslConnection@65b5528d{NEED_UNWRAP,eio=-1/-1,di=-1,fill=INTERESTED,flush=IDLE}~>DecryptedEndPoint@eefc83b{l=/127.0.0.1:43437,r=/127.0.0.1:54580,OPEN,fill=FI,flush=-,to=0/30000}=>HttpConnection@5223623[p=HttpParser{s=START,0 of -1},g=HttpGenerator@15ebe010{s=START}]=>HttpChannelOverHttp@76aa1144{s=HttpChannelState@54a24ebd{s=IDLE rs=BLOCKING os=OPEN is=IDLE awp=false se=false i=true al=0},r=0,c=false/false,a=IDLE,uri=null,age=0}
03:19:49.815 [qtp399373008-55] DEBUG org.eclipse.jetty.util.thread.QueuedThreadPool - ran org.eclipse.jetty.io.ManagedSelector$$Lambda$253/838473569@7fe7c640 in QueuedThreadPool[qtp399373008]@17cdf2d0{STARTED,8<=8<=200,i=1,r=-1,q=0}[ReservedThreadExecutor@424fd310{reserved=1/8,pending=0}]
03:19:49.816 [qtp399373008-56] DEBUG org.eclipse.jetty.io.ManagedSelector - Selector sun.nio.ch.EPollSelectorImpl@3702dbe9 woken with none selected
03:19:49.816 [qtp399373008-56] DEBUG org.eclipse.jetty.io.ManagedSelector - Selector sun.nio.ch.EPollSelectorImpl@3702dbe9 woken up from select, 0/0/1 selected
03:19:49.816 [qtp399373008-56] DEBUG org.eclipse.jetty.io.ManagedSelector - Selector sun.nio.ch.EPollSelectorImpl@3702dbe9 processing 0 keys, 1 updates
03:19:49.816 [qtp399373008-56] DEBUG org.eclipse.jetty.io.ManagedSelector - updateable 1
03:19:49.816 [qtp399373008-56] DEBUG org.eclipse.jetty.io.ManagedSelector - update org.eclipse.jetty.io.ChannelEndPoint$$Lambda$255/90666987@4c9bf811
03:19:49.816 [qtp399373008-56] DEBUG org.eclipse.jetty.io.ChannelEndPoint - Key interests updated 0 -> 1 on SocketChannelEndPoint@200f5309{l=/127.0.0.1:43437,r=/127.0.0.1:54580,OPEN,fill=FI,flush=-,to=0/30000}{io=1/1,kio=1,kro=1}->SslConnection@65b5528d{NEED_UNWRAP,eio=-1/-1,di=-1,fill=INTERESTED,flush=IDLE}~>DecryptedEndPoint@eefc83b{l=/127.0.0.1:43437,r=/127.0.0.1:54580,OPEN,fill=FI,flush=-,to=0/30000}=>HttpConnection@5223623[p=HttpParser{s=START,0 of -1},g=HttpGenerator@15ebe010{s=START}]=>HttpChannelOverHttp@76aa1144{s=HttpChannelState@54a24ebd{s=IDLE rs=BLOCKING os=OPEN is=IDLE awp=false se=false i=true al=0},r=0,c=false/false,a=IDLE,uri=null,age=0}
03:19:49.816 [qtp399373008-56] DEBUG org.eclipse.jetty.io.ManagedSelector - updates 0
03:19:49.816 [qtp399373008-56] DEBUG org.eclipse.jetty.io.ManagedSelector - Selector sun.nio.ch.EPollSelectorImpl@3702dbe9 waiting with 1 keys
03:19:49.816 [qtp399373008-56] DEBUG org.eclipse.jetty.io.ManagedSelector - Selector sun.nio.ch.EPollSelectorImpl@3702dbe9 woken up from select, 1/1/1 selected
03:19:49.816 [qtp399373008-56] DEBUG org.eclipse.jetty.io.ManagedSelector - Selector sun.nio.ch.EPollSelectorImpl@3702dbe9 processing 1 keys, 0 updates
03:19:49.816 [qtp399373008-56] DEBUG org.eclipse.jetty.io.ManagedSelector - selected 1 sun.nio.ch.SelectionKeyImpl@39c53379 SocketChannelEndPoint@200f5309{l=/127.0.0.1:43437,r=/127.0.0.1:54580,OPEN,fill=FI,flush=-,to=1/30000}{io=1/1,kio=1,kro=1}->SslConnection@65b5528d{NEED_UNWRAP,eio=-1/-1,di=-1,fill=INTERESTED,flush=IDLE}~>DecryptedEndPoint@eefc83b{l=/127.0.0.1:43437,r=/127.0.0.1:54580,OPEN,fill=FI,flush=-,to=1/30000}=>HttpConnection@5223623[p=HttpParser{s=START,0 of -1},g=HttpGenerator@15ebe010{s=START}]=>HttpChannelOverHttp@76aa1144{s=HttpChannelState@54a24ebd{s=IDLE rs=BLOCKING os=OPEN is=IDLE awp=false se=false i=true al=0},r=0,c=false/false,a=IDLE,uri=null,age=0} 
03:19:49.816 [qtp399373008-56] DEBUG org.eclipse.jetty.io.ChannelEndPoint - onSelected 1->0 r=true w=false for SocketChannelEndPoint@200f5309{l=/127.0.0.1:43437,r=/127.0.0.1:54580,OPEN,fill=FI,flush=-,to=1/30000}{io=1/0,kio=1,kro=1}->SslConnection@65b5528d{NEED_UNWRAP,eio=-1/-1,di=-1,fill=INTERESTED,flush=IDLE}~>DecryptedEndPoint@eefc83b{l=/127.0.0.1:43437,r=/127.0.0.1:54580,OPEN,fill=FI,flush=-,to=1/30000}=>HttpConnection@5223623[p=HttpParser{s=START,0 of -1},g=HttpGenerator@15ebe010{s=START}]=>HttpChannelOverHttp@76aa1144{s=HttpChannelState@54a24ebd{s=IDLE rs=BLOCKING os=OPEN is=IDLE awp=false se=false i=true al=0},r=0,c=false/false,a=IDLE,uri=null,age=0}
03:19:49.816 [qtp399373008-56] DEBUG org.eclipse.jetty.io.ChannelEndPoint - task CEP:SocketChannelEndPoint@200f5309{l=/127.0.0.1:43437,r=/127.0.0.1:54580,OPEN,fill=FI,flush=-,to=1/30000}{io=1/0,kio=1,kro=1}->SslConnection@65b5528d{NEED_UNWRAP,eio=-1/-1,di=-1,fill=INTERESTED,flush=IDLE}~>DecryptedEndPoint@eefc83b{l=/127.0.0.1:43437,r=/127.0.0.1:54580,OPEN,fill=FI,flush=-,to=1/30000}=>HttpConnection@5223623[p=HttpParser{s=START,0 of -1},g=HttpGenerator@15ebe010{s=START}]=>HttpChannelOverHttp@76aa1144{s=HttpChannelState@54a24ebd{s=IDLE rs=BLOCKING os=OPEN is=IDLE awp=false se=false i=true al=0},r=0,c=false/false,a=IDLE,uri=null,age=0}:runFillable:BLOCKING
03:19:49.816 [qtp399373008-56] DEBUG org.eclipse.jetty.util.thread.ReservedThreadExecutor - ReservedThreadExecutor@424fd310{reserved=1/8,pending=0} tryExecute EatWhatYouKill@4e858e0a/SelectorProducer@435fb7b5/PRODUCING/p=false/QueuedThreadPool[qtp399373008]@17cdf2d0{STARTED,8<=8<=200,i=2,r=-1,q=0}[ReservedThreadExecutor@424fd310{reserved=1/8,pending=0}][pc=0,pic=0,pec=0,epc=1]@2024-05-02T03:19:49.816+01:00
03:19:49.817 [qtp399373008-56] DEBUG org.eclipse.jetty.util.thread.ReservedThreadExecutor - ReservedThreadExecutor@424fd310{reserved=0/8,pending=1} startReservedThread p=1
03:19:49.817 [qtp399373008-56] DEBUG org.eclipse.jetty.util.thread.QueuedThreadPool - queue ReservedThread@27dfcaa7{PENDING,thread=null} startThread=0
03:19:49.817 [qtp399373008-58] DEBUG org.eclipse.jetty.util.thread.QueuedThreadPool - run ReservedThread@27dfcaa7{PENDING,thread=null} in QueuedThreadPool[qtp399373008]@17cdf2d0{STARTED,8<=8<=200,i=1,r=-1,q=0}[ReservedThreadExecutor@424fd310{reserved=0/8,pending=1}]
03:19:49.817 [qtp399373008-58] DEBUG org.eclipse.jetty.util.thread.ReservedThreadExecutor - ReservedThread@27dfcaa7{PENDING,thread=Thread[qtp399373008-58,5,main]} was=PENDING next=RESERVED size=0+1 capacity=8
03:19:49.817 [qtp399373008-58] DEBUG org.eclipse.jetty.util.thread.ReservedThreadExecutor - ReservedThread@27dfcaa7{RESERVED,thread=Thread[qtp399373008-58,5,main]} waiting ReservedThreadExecutor@424fd310{reserved=1/8,pending=0}
03:19:49.817 [qtp399373008-57] DEBUG org.eclipse.jetty.util.thread.ReservedThreadExecutor - ReservedThread@2c51a9d9{RESERVED,thread=Thread[qtp399373008-57,5,main]} task=EatWhatYouKill@4e858e0a/SelectorProducer@435fb7b5/IDLE/p=true/QueuedThreadPool[qtp399373008]@17cdf2d0{STARTED,8<=8<=200,i=1,r=-1,q=0}[ReservedThreadExecutor@424fd310{reserved=0/8,pending=1}][pc=0,pic=0,pec=0,epc=1]@2024-05-02T03:19:49.817+01:00 ReservedThreadExecutor@424fd310{reserved=1/8,pending=0}
03:19:49.817 [qtp399373008-57] DEBUG org.eclipse.jetty.util.thread.strategy.EatWhatYouKill - EatWhatYouKill@4e858e0a/SelectorProducer@435fb7b5/IDLE/p=true/QueuedThreadPool[qtp399373008]@17cdf2d0{STARTED,8<=8<=200,i=1,r=-1,q=0}[ReservedThreadExecutor@424fd310{reserved=1/8,pending=0}][pc=0,pic=0,pec=0,epc=1]@2024-05-02T03:19:49.817+01:00 tryProduce true
03:19:49.817 [qtp399373008-56] DEBUG org.eclipse.jetty.util.thread.strategy.EatWhatYouKill - EatWhatYouKill@4e858e0a/SelectorProducer@435fb7b5/IDLE/p=true/QueuedThreadPool[qtp399373008]@17cdf2d0{STARTED,8<=8<=200,i=1,r=-1,q=0}[ReservedThreadExecutor@424fd310{reserved=1/8,pending=0}][pc=0,pic=0,pec=0,epc=1]@2024-05-02T03:19:49.817+01:00 m=EXECUTE_PRODUCE_CONSUME t=CEP:SocketChannelEndPoint@200f5309{l=/127.0.0.1:43437,r=/127.0.0.1:54580,OPEN,fill=FI,flush=-,to=1/30000}{io=1/0,kio=1,kro=1}->SslConnection@65b5528d{NEED_UNWRAP,eio=-1/-1,di=-1,fill=INTERESTED,flush=IDLE}~>DecryptedEndPoint@eefc83b{l=/127.0.0.1:43437,r=/127.0.0.1:54580,OPEN,fill=FI,flush=-,to=1/30000}=>HttpConnection@5223623[p=HttpParser{s=START,0 of -1},g=HttpGenerator@15ebe010{s=START}]=>HttpChannelOverHttp@76aa1144{s=HttpChannelState@54a24ebd{s=IDLE rs=BLOCKING os=OPEN is=IDLE awp=false se=false i=true al=0},r=0,c=false/false,a=IDLE,uri=null,age=0}:runFillable:BLOCKING/BLOCKING
03:19:49.817 [qtp399373008-57] DEBUG org.eclipse.jetty.io.ManagedSelector - updateable 0
03:19:49.817 [qtp399373008-57] DEBUG org.eclipse.jetty.io.ManagedSelector - updates 0
03:19:49.817 [qtp399373008-56] DEBUG org.eclipse.jetty.io.FillInterest - fillable FillInterest@375f3c8{SSLC.NBReadCB@65b5528d{SslConnection@65b5528d::SocketChannelEndPoint@200f5309{l=/127.0.0.1:43437,r=/127.0.0.1:54580,OPEN,fill=FI,flush=-,to=1/30000}{io=0/0,kio=1,kro=1}->SslConnection@65b5528d{NEED_UNWRAP,eio=-1/-1,di=-1,fill=INTERESTED,flush=IDLE}~>DecryptedEndPoint@eefc83b{l=/127.0.0.1:43437,r=/127.0.0.1:54580,OPEN,fill=FI,flush=-,to=2/30000}=>HttpConnection@5223623[p=HttpParser{s=START,0 of -1},g=HttpGenerator@15ebe010{s=START}]=>HttpChannelOverHttp@76aa1144{s=HttpChannelState@54a24ebd{s=IDLE rs=BLOCKING os=OPEN is=IDLE awp=false se=false i=true al=0},r=0,c=false/false,a=IDLE,uri=null,age=0}}}
03:19:49.817 [qtp399373008-57] DEBUG org.eclipse.jetty.io.ChannelEndPoint - Key interests updated 1 -> 0 on SocketChannelEndPoint@200f5309{l=/127.0.0.1:43437,r=/127.0.0.1:54580,OPEN,fill=FI,flush=-,to=1/30000}{io=0/0,kio=0,kro=1}->SslConnection@65b5528d{NEED_UNWRAP,eio=-1/-1,di=-1,fill=INTERESTED,flush=IDLE}~>DecryptedEndPoint@eefc83b{l=/127.0.0.1:43437,r=/127.0.0.1:54580,OPEN,fill=FI,flush=-,to=2/30000}=>HttpConnection@5223623[p=HttpParser{s=START,0 of -1},g=HttpGenerator@15ebe010{s=START}]=>HttpChannelOverHttp@76aa1144{s=HttpChannelState@54a24ebd{s=IDLE rs=BLOCKING os=OPEN is=IDLE awp=false se=false i=true al=0},r=0,c=false/false,a=IDLE,uri=null,age=0}
03:19:49.817 [qtp399373008-57] DEBUG org.eclipse.jetty.io.ManagedSelector - Selector sun.nio.ch.EPollSelectorImpl@3702dbe9 waiting with 1 keys
03:19:49.817 [qtp399373008-56] DEBUG org.eclipse.jetty.io.ssl.SslConnection - >c.onFillable SslConnection@65b5528d::SocketChannelEndPoint@200f5309{l=/127.0.0.1:43437,r=/127.0.0.1:54580,OPEN,fill=-,flush=-,to=1/30000}{io=0/0,kio=0,kro=1}->SslConnection@65b5528d{NEED_UNWRAP,eio=-1/-1,di=-1,fill=INTERESTED,flush=IDLE}~>DecryptedEndPoint@eefc83b{l=/127.0.0.1:43437,r=/127.0.0.1:54580,OPEN,fill=FI,flush=-,to=2/30000}=>HttpConnection@5223623[p=HttpParser{s=START,0 of -1},g=HttpGenerator@15ebe010{s=START}]=>HttpChannelOverHttp@76aa1144{s=HttpChannelState@54a24ebd{s=IDLE rs=BLOCKING os=OPEN is=IDLE awp=false se=false i=true al=0},r=0,c=false/false,a=IDLE,uri=null,age=0}
03:19:49.817 [qtp399373008-56] DEBUG org.eclipse.jetty.io.ssl.SslConnection - onFillable SslConnection@65b5528d::SocketChannelEndPoint@200f5309{l=/127.0.0.1:43437,r=/127.0.0.1:54580,OPEN,fill=-,flush=-,to=2/30000}{io=0/0,kio=0,kro=1}->SslConnection@65b5528d{NEED_UNWRAP,eio=-1/-1,di=-1,fill=INTERESTED,flush=IDLE}~>DecryptedEndPoint@eefc83b{l=/127.0.0.1:43437,r=/127.0.0.1:54580,OPEN,fill=FI,flush=-,to=2/30000}=>HttpConnection@5223623[p=HttpParser{s=START,0 of -1},g=HttpGenerator@15ebe010{s=START}]=>HttpChannelOverHttp@76aa1144{s=HttpChannelState@54a24ebd{s=IDLE rs=BLOCKING os=OPEN is=IDLE awp=false se=false i=true al=0},r=0,c=false/false,a=IDLE,uri=null,age=0}
03:19:49.817 [qtp399373008-56] DEBUG org.eclipse.jetty.io.FillInterest - fillable FillInterest@16c4fa0{AC.ReadCB@5223623{HttpConnection@5223623::DecryptedEndPoint@eefc83b{l=/127.0.0.1:43437,r=/127.0.0.1:54580,OPEN,fill=FI,flush=-,to=2/30000}}}
03:19:49.817 [qtp399373008-56] DEBUG org.eclipse.jetty.server.HttpConnection - HttpConnection@5223623::DecryptedEndPoint@eefc83b{l=/127.0.0.1:43437,r=/127.0.0.1:54580,OPEN,fill=-,flush=-,to=2/30000} onFillable enter HttpChannelState@54a24ebd{s=IDLE rs=BLOCKING os=OPEN is=IDLE awp=false se=false i=true al=0} null
03:19:49.817 [qtp399373008-56] DEBUG org.eclipse.jetty.io.ssl.SslConnection - >fill SslConnection@65b5528d::SocketChannelEndPoint@200f5309{l=/127.0.0.1:43437,r=/127.0.0.1:54580,OPEN,fill=-,flush=-,to=2/30000}{io=0/0,kio=0,kro=1}->SslConnection@65b5528d{NEED_UNWRAP,eio=-1/-1,di=-1,fill=IDLE,flush=IDLE}~>DecryptedEndPoint@eefc83b{l=/127.0.0.1:43437,r=/127.0.0.1:54580,OPEN,fill=-,flush=-,to=2/30000}=>HttpConnection@5223623[p=HttpParser{s=START,0 of -1},g=HttpGenerator@15ebe010{s=START}]=>HttpChannelOverHttp@76aa1144{s=HttpChannelState@54a24ebd{s=IDLE rs=BLOCKING os=OPEN is=IDLE awp=false se=false i=true al=0},r=0,c=false/false,a=IDLE,uri=null,age=0}
03:19:49.817 [qtp399373008-56] DEBUG org.eclipse.jetty.io.ssl.SslConnection - fill NEED_UNWRAP
03:19:49.818 [qtp399373008-56] DEBUG org.eclipse.jetty.io.ChannelEndPoint - filled 6 HeapByteBuffer@19de0680[p=0,l=6,c=17408,r=6]={<<<\x14\x03\x03\x00\x01\x01>>>I\xD0N\x8b\x8a\xCc\xC5\xE0\x1a...\x00\x00\x00\x00\x00\x00\x00}
03:19:49.818 [qtp399373008-56] DEBUG org.eclipse.jetty.io.ssl.SslConnection - net filled=6
03:19:49.818 [qtp399373008-56] DEBUG org.eclipse.jetty.io.ssl.SslConnection - unwrap net_filled=6 Status = OK HandshakeStatus = NEED_UNWRAP bytesConsumed = 6 bytesProduced = 0 encryptedBuffer=[p=6,l=6,c=17408,r=0] unwrapBuffer=HeapByteBuffer@13266df0[p=0,l=0,c=17408,r=0]={<<<>>>\x16\x03\x03\x01N\x01\x00\x01J...\x00\x00\x00\x00\x00\x00\x00} appBuffer=HeapByteBuffer@13266df0[p=0,l=0,c=17408,r=0]={<<<>>>\x16\x03\x03\x01N\x01\x00\x01J...\x00\x00\x00\x00\x00\x00\x00}
03:19:49.818 [qtp399373008-56] DEBUG org.eclipse.jetty.io.ssl.SslConnection - fill NEED_UNWRAP
03:19:49.818 [qtp399373008-56] DEBUG org.eclipse.jetty.io.ChannelEndPoint - filled 0 HeapByteBuffer@19de0680[p=0,l=0,c=17408,r=0]={<<<>>>\x14\x03\x03\x00\x01\x01I\xD0N...\x00\x00\x00\x00\x00\x00\x00}
03:19:49.818 [qtp399373008-56] DEBUG org.eclipse.jetty.io.ssl.SslConnection - net filled=0
03:19:49.818 [qtp399373008-56] DEBUG org.eclipse.jetty.io.ssl.SslConnection - unwrap net_filled=0 Status = BUFFER_UNDERFLOW HandshakeStatus = NEED_UNWRAP bytesConsumed = 0 bytesProduced = 0 encryptedBuffer=[p=0,l=0,c=17408,r=0] unwrapBuffer=HeapByteBuffer@13266df0[p=0,l=0,c=17408,r=0]={<<<>>>\x16\x03\x03\x01N\x01\x00\x01J...\x00\x00\x00\x00\x00\x00\x00} appBuffer=HeapByteBuffer@13266df0[p=0,l=0,c=17408,r=0]={<<<>>>\x16\x03\x03\x01N\x01\x00\x01J...\x00\x00\x00\x00\x00\x00\x00}
03:19:49.818 [qtp399373008-56] DEBUG org.eclipse.jetty.io.ssl.SslConnection - <fill f=0 uf=true SslConnection@65b5528d::SocketChannelEndPoint@200f5309{l=/127.0.0.1:43437,r=/127.0.0.1:54580,OPEN,fill=-,flush=-,to=0/30000}{io=0/0,kio=0,kro=1}->SslConnection@65b5528d{NEED_UNWRAP,eio=-1/-1,di=-1,fill=IDLE,flush=IDLE}~>DecryptedEndPoint@eefc83b{l=/127.0.0.1:43437,r=/127.0.0.1:54580,OPEN,fill=-,flush=-,to=3/30000}=>HttpConnection@5223623[p=HttpParser{s=START,0 of -1},g=HttpGenerator@15ebe010{s=START}]=>HttpChannelOverHttp@76aa1144{s=HttpChannelState@54a24ebd{s=IDLE rs=BLOCKING os=OPEN is=IDLE awp=false se=false i=true al=0},r=0,c=false/false,a=IDLE,uri=null,age=0}
03:19:49.818 [qtp399373008-56] DEBUG org.eclipse.jetty.io.ssl.SslConnection - >fill SslConnection@65b5528d::SocketChannelEndPoint@200f5309{l=/127.0.0.1:43437,r=/127.0.0.1:54580,OPEN,fill=-,flush=-,to=0/30000}{io=0/0,kio=0,kro=1}->SslConnection@65b5528d{NEED_UNWRAP,eio=-1/-1,di=-1,fill=IDLE,flush=IDLE}~>DecryptedEndPoint@eefc83b{l=/127.0.0.1:43437,r=/127.0.0.1:54580,OPEN,fill=-,flush=-,to=3/30000}=>HttpConnection@5223623[p=HttpParser{s=START,0 of -1},g=HttpGenerator@15ebe010{s=START}]=>HttpChannelOverHttp@76aa1144{s=HttpChannelState@54a24ebd{s=IDLE rs=BLOCKING os=OPEN is=IDLE awp=false se=false i=true al=0},r=0,c=false/false,a=IDLE,uri=null,age=0}
03:19:49.818 [qtp399373008-56] DEBUG org.eclipse.jetty.io.ssl.SslConnection - fill NEED_UNWRAP
03:19:49.818 [qtp399373008-56] DEBUG org.eclipse.jetty.io.ChannelEndPoint - filled 0 HeapByteBuffer@1719ebcb[p=0,l=0,c=17408,r=0]={<<<>>>\x17\x03\x03\x00\xC9\x98$\xA1r...\x00\x00\x00\x00\x00\x00\x00}
03:19:49.818 [qtp399373008-56] DEBUG org.eclipse.jetty.io.ssl.SslConnection - net filled=0
03:19:49.818 [qtp399373008-56] DEBUG org.eclipse.jetty.io.ssl.SslConnection - unwrap net_filled=0 Status = BUFFER_UNDERFLOW HandshakeStatus = NEED_UNWRAP bytesConsumed = 0 bytesProduced = 0 encryptedBuffer=[p=0,l=0,c=17408,r=0] unwrapBuffer=HeapByteBuffer@13266df0[p=0,l=0,c=17408,r=0]={<<<>>>\x16\x03\x03\x01N\x01\x00\x01J...\x00\x00\x00\x00\x00\x00\x00} appBuffer=HeapByteBuffer@13266df0[p=0,l=0,c=17408,r=0]={<<<>>>\x16\x03\x03\x01N\x01\x00\x01J...\x00\x00\x00\x00\x00\x00\x00}
03:19:49.818 [qtp399373008-56] DEBUG org.eclipse.jetty.io.ssl.SslConnection - <fill f=0 uf=true SslConnection@65b5528d::SocketChannelEndPoint@200f5309{l=/127.0.0.1:43437,r=/127.0.0.1:54580,OPEN,fill=-,flush=-,to=0/30000}{io=0/0,kio=0,kro=1}->SslConnection@65b5528d{NEED_UNWRAP,eio=-1/-1,di=-1,fill=IDLE,flush=IDLE}~>DecryptedEndPoint@eefc83b{l=/127.0.0.1:43437,r=/127.0.0.1:54580,OPEN,fill=-,flush=-,to=3/30000}=>HttpConnection@5223623[p=HttpParser{s=START,0 of -1},g=HttpGenerator@15ebe010{s=START}]=>HttpChannelOverHttp@76aa1144{s=HttpChannelState@54a24ebd{s=IDLE rs=BLOCKING os=OPEN is=IDLE awp=false se=false i=true al=0},r=0,c=false/false,a=IDLE,uri=null,age=0}
03:19:49.818 [qtp399373008-56] DEBUG org.eclipse.jetty.server.HttpConnection - HttpConnection@5223623::DecryptedEndPoint@eefc83b{l=/127.0.0.1:43437,r=/127.0.0.1:54580,OPEN,fill=-,flush=-,to=3/30000} filled 0 HeapByteBuffer@13266df0[p=0,l=0,c=17408,r=0]={<<<>>>\x16\x03\x03\x01N\x01\x00\x01J...\x00\x00\x00\x00\x00\x00\x00}
03:19:49.819 [qtp399373008-56] DEBUG org.eclipse.jetty.server.HttpConnection - HttpConnection@5223623::DecryptedEndPoint@eefc83b{l=/127.0.0.1:43437,r=/127.0.0.1:54580,OPEN,fill=-,flush=-,to=3/30000} parse HeapByteBuffer@13266df0[p=0,l=0,c=17408,r=0]={<<<>>>\x16\x03\x03\x01N\x01\x00\x01J...\x00\x00\x00\x00\x00\x00\x00} {}
03:19:49.819 [qtp399373008-56] DEBUG org.eclipse.jetty.http.HttpParser - parseNext s=START HeapByteBuffer@13266df0[p=0,l=0,c=17408,r=0]={<<<>>>\x16\x03\x03\x01N\x01\x00\x01J...\x00\x00\x00\x00\x00\x00\x00}
03:19:49.819 [qtp399373008-56] DEBUG org.eclipse.jetty.server.HttpConnection - HttpConnection@5223623::DecryptedEndPoint@eefc83b{l=/127.0.0.1:43437,r=/127.0.0.1:54580,OPEN,fill=-,flush=-,to=3/30000} parsed false HttpParser{s=START,0 of -1}
03:19:49.819 [qtp399373008-56] DEBUG org.eclipse.jetty.server.HttpConnection - releaseRequestBuffer HttpConnection@5223623::DecryptedEndPoint@eefc83b{l=/127.0.0.1:43437,r=/127.0.0.1:54580,OPEN,fill=-,flush=-,to=3/30000}
03:19:49.819 [qtp399373008-56] DEBUG org.eclipse.jetty.io.AbstractConnection - fillInterested HttpConnection@5223623::DecryptedEndPoint@eefc83b{l=/127.0.0.1:43437,r=/127.0.0.1:54580,OPEN,fill=-,flush=-,to=3/30000}
03:19:49.819 [qtp399373008-56] DEBUG org.eclipse.jetty.io.FillInterest - interested FillInterest@16c4fa0{AC.ReadCB@5223623{HttpConnection@5223623::DecryptedEndPoint@eefc83b{l=/127.0.0.1:43437,r=/127.0.0.1:54580,OPEN,fill=FI,flush=-,to=0/30000}}}
03:19:49.819 [qtp399373008-56] DEBUG org.eclipse.jetty.io.ssl.SslConnection - >needFillInterest s=IDLE/IDLE uf=true ei=null di=null SslConnection@65b5528d::SocketChannelEndPoint@200f5309{l=/127.0.0.1:43437,r=/127.0.0.1:54580,OPEN,fill=-,flush=-,to=0/30000}{io=0/0,kio=0,kro=1}->SslConnection@65b5528d{NEED_UNWRAP,eio=-1/-1,di=-1,fill=IDLE,flush=IDLE}~>DecryptedEndPoint@eefc83b{l=/127.0.0.1:43437,r=/127.0.0.1:54580,OPEN,fill=FI,flush=-,to=0/30000}=>HttpConnection@5223623[p=HttpParser{s=START,0 of -1},g=HttpGenerator@15ebe010{s=START}]=>HttpChannelOverHttp@76aa1144{s=HttpChannelState@54a24ebd{s=IDLE rs=BLOCKING os=OPEN is=IDLE awp=false se=false i=true al=0},r=0,c=false/false,a=IDLE,uri=null,age=0}
03:19:49.819 [qtp399373008-56] DEBUG org.eclipse.jetty.io.ssl.SslConnection - <needFillInterest s=IDLE/INTERESTED f=false i=true w=null
03:19:49.819 [qtp399373008-56] DEBUG org.eclipse.jetty.io.ssl.SslConnection - ensureFillInterested SslConnection@65b5528d::SocketChannelEndPoint@200f5309{l=/127.0.0.1:43437,r=/127.0.0.1:54580,OPEN,fill=-,flush=-,to=0/30000}{io=0/0,kio=0,kro=1}->SslConnection@65b5528d{NEED_UNWRAP,eio=-1/-1,di=-1,fill=INTERESTED,flush=IDLE}~>DecryptedEndPoint@eefc83b{l=/127.0.0.1:43437,r=/127.0.0.1:54580,OPEN,fill=FI,flush=-,to=0/30000}=>HttpConnection@5223623[p=HttpParser{s=START,0 of -1},g=HttpGenerator@15ebe010{s=START}]=>HttpChannelOverHttp@76aa1144{s=HttpChannelState@54a24ebd{s=IDLE rs=BLOCKING os=OPEN is=IDLE awp=false se=false i=true al=0},r=0,c=false/false,a=IDLE,uri=null,age=0}
03:19:49.819 [qtp399373008-56] DEBUG org.eclipse.jetty.io.FillInterest - interested FillInterest@375f3c8{SSLC.NBReadCB@65b5528d{SslConnection@65b5528d::SocketChannelEndPoint@200f5309{l=/127.0.0.1:43437,r=/127.0.0.1:54580,OPEN,fill=FI,flush=-,to=0/30000}{io=0/0,kio=0,kro=1}->SslConnection@65b5528d{NEED_UNWRAP,eio=-1/-1,di=-1,fill=INTERESTED,flush=IDLE}~>DecryptedEndPoint@eefc83b{l=/127.0.0.1:43437,r=/127.0.0.1:54580,OPEN,fill=FI,flush=-,to=0/30000}=>HttpConnection@5223623[p=HttpParser{s=START,0 of -1},g=HttpGenerator@15ebe010{s=START}]=>HttpChannelOverHttp@76aa1144{s=HttpChannelState@54a24ebd{s=IDLE rs=BLOCKING os=OPEN is=IDLE awp=false se=false i=true al=0},r=0,c=false/false,a=IDLE,uri=null,age=0}}}
03:19:49.819 [qtp399373008-56] DEBUG org.eclipse.jetty.io.ChannelEndPoint - changeInterests p=false 0->1 for SocketChannelEndPoint@200f5309{l=/127.0.0.1:43437,r=/127.0.0.1:54580,OPEN,fill=FI,flush=-,to=0/30000}{io=0/1,kio=0,kro=1}->SslConnection@65b5528d{NEED_UNWRAP,eio=-1/-1,di=-1,fill=INTERESTED,flush=IDLE}~>DecryptedEndPoint@eefc83b{l=/127.0.0.1:43437,r=/127.0.0.1:54580,OPEN,fill=FI,flush=-,to=0/30000}=>HttpConnection@5223623[p=HttpParser{s=START,0 of -1},g=HttpGenerator@15ebe010{s=START}]=>HttpChannelOverHttp@76aa1144{s=HttpChannelState@54a24ebd{s=IDLE rs=BLOCKING os=OPEN is=IDLE awp=false se=false i=true al=0},r=0,c=false/false,a=IDLE,uri=null,age=0}
03:19:49.819 [qtp399373008-56] DEBUG org.eclipse.jetty.io.ManagedSelector - Queued change lazy=false org.eclipse.jetty.io.ChannelEndPoint$$Lambda$255/90666987@4c9bf811 on ManagedSelector@4e70a728{STARTED} id=0 keys=1 selected=0 updates=0
03:19:49.819 [qtp399373008-56] DEBUG org.eclipse.jetty.io.ManagedSelector - Wakeup on submit ManagedSelector@4e70a728{STARTED} id=0 keys=1 selected=0 updates=1
03:19:49.819 [qtp399373008-57] DEBUG org.eclipse.jetty.io.ManagedSelector - Selector sun.nio.ch.EPollSelectorImpl@3702dbe9 woken with none selected
03:19:49.819 [qtp399373008-57] DEBUG org.eclipse.jetty.io.ManagedSelector - Selector sun.nio.ch.EPollSelectorImpl@3702dbe9 woken up from select, 0/0/1 selected
03:19:49.819 [qtp399373008-56] DEBUG org.eclipse.jetty.server.HttpConnection - HttpConnection@5223623::DecryptedEndPoint@eefc83b{l=/127.0.0.1:43437,r=/127.0.0.1:54580,OPEN,fill=FI,flush=-,to=0/30000} onFillable exit HttpChannelState@54a24ebd{s=IDLE rs=BLOCKING os=OPEN is=IDLE awp=false se=false i=true al=0} null
03:19:49.819 [qtp399373008-57] DEBUG org.eclipse.jetty.io.ManagedSelector - Selector sun.nio.ch.EPollSelectorImpl@3702dbe9 processing 0 keys, 1 updates
03:19:49.819 [qtp399373008-57] DEBUG org.eclipse.jetty.io.ManagedSelector - updateable 1
03:19:49.819 [qtp399373008-57] DEBUG org.eclipse.jetty.io.ManagedSelector - update org.eclipse.jetty.io.ChannelEndPoint$$Lambda$255/90666987@4c9bf811
03:19:49.819 [qtp399373008-56] DEBUG org.eclipse.jetty.io.ssl.SslConnection - <c.onFillable SslConnection@65b5528d::SocketChannelEndPoint@200f5309{l=/127.0.0.1:43437,r=/127.0.0.1:54580,OPEN,fill=FI,flush=-,to=0/30000}{io=0/1,kio=0,kro=1}->SslConnection@65b5528d{NEED_UNWRAP,eio=-1/-1,di=-1,fill=INTERESTED,flush=IDLE}~>DecryptedEndPoint@eefc83b{l=/127.0.0.1:43437,r=/127.0.0.1:54580,OPEN,fill=FI,flush=-,to=0/30000}=>HttpConnection@5223623[p=HttpParser{s=START,0 of -1},g=HttpGenerator@15ebe010{s=START}]=>HttpChannelOverHttp@76aa1144{s=HttpChannelState@54a24ebd{s=IDLE rs=BLOCKING os=OPEN is=IDLE awp=false se=false i=true al=0},r=0,c=false/false,a=IDLE,uri=null,age=0}
03:19:49.819 [qtp399373008-56] DEBUG org.eclipse.jetty.util.thread.ReservedThreadExecutor - ReservedThread@2608138f{RUNNING,thread=Thread[qtp399373008-56,5,main]} was=RUNNING next=RESERVED size=0+2 capacity=8
03:19:49.819 [qtp399373008-57] DEBUG org.eclipse.jetty.io.ChannelEndPoint - Key interests updated 0 -> 1 on SocketChannelEndPoint@200f5309{l=/127.0.0.1:43437,r=/127.0.0.1:54580,OPEN,fill=FI,flush=-,to=0/30000}{io=1/1,kio=1,kro=1}->SslConnection@65b5528d{NEED_UNWRAP,eio=-1/-1,di=-1,fill=INTERESTED,flush=IDLE}~>DecryptedEndPoint@eefc83b{l=/127.0.0.1:43437,r=/127.0.0.1:54580,OPEN,fill=FI,flush=-,to=0/30000}=>HttpConnection@5223623[p=HttpParser{s=START,0 of -1},g=HttpGenerator@15ebe010{s=START}]=>HttpChannelOverHttp@76aa1144{s=HttpChannelState@54a24ebd{s=IDLE rs=BLOCKING os=OPEN is=IDLE awp=false se=false i=true al=0},r=0,c=false/false,a=IDLE,uri=null,age=0}
03:19:49.819 [qtp399373008-57] DEBUG org.eclipse.jetty.io.ManagedSelector - updates 0
03:19:49.819 [qtp399373008-56] DEBUG org.eclipse.jetty.util.thread.ReservedThreadExecutor - ReservedThread@2608138f{RESERVED,thread=Thread[qtp399373008-56,5,main]} waiting ReservedThreadExecutor@424fd310{reserved=2/8,pending=0}
03:19:49.819 [qtp399373008-57] DEBUG org.eclipse.jetty.io.ManagedSelector - Selector sun.nio.ch.EPollSelectorImpl@3702dbe9 waiting with 1 keys
03:19:49.857 [qtp399373008-57] DEBUG org.eclipse.jetty.io.ManagedSelector - Selector sun.nio.ch.EPollSelectorImpl@3702dbe9 woken up from select, 1/1/1 selected
03:19:49.857 [qtp399373008-57] DEBUG org.eclipse.jetty.io.ManagedSelector - Selector sun.nio.ch.EPollSelectorImpl@3702dbe9 processing 1 keys, 0 updates
03:19:49.857 [qtp399373008-57] DEBUG org.eclipse.jetty.io.ManagedSelector - selected 1 sun.nio.ch.SelectionKeyImpl@39c53379 SocketChannelEndPoint@200f5309{l=/127.0.0.1:43437,r=/127.0.0.1:54580,OPEN,fill=FI,flush=-,to=37/30000}{io=1/1,kio=1,kro=1}->SslConnection@65b5528d{NEED_UNWRAP,eio=-1/-1,di=-1,fill=INTERESTED,flush=IDLE}~>DecryptedEndPoint@eefc83b{l=/127.0.0.1:43437,r=/127.0.0.1:54580,OPEN,fill=FI,flush=-,to=38/30000}=>HttpConnection@5223623[p=HttpParser{s=START,0 of -1},g=HttpGenerator@15ebe010{s=START}]=>HttpChannelOverHttp@76aa1144{s=HttpChannelState@54a24ebd{s=IDLE rs=BLOCKING os=OPEN is=IDLE awp=false se=false i=true al=0},r=0,c=false/false,a=IDLE,uri=null,age=0} 
03:19:49.857 [qtp399373008-57] DEBUG org.eclipse.jetty.io.ChannelEndPoint - onSelected 1->0 r=true w=false for SocketChannelEndPoint@200f5309{l=/127.0.0.1:43437,r=/127.0.0.1:54580,OPEN,fill=FI,flush=-,to=38/30000}{io=1/0,kio=1,kro=1}->SslConnection@65b5528d{NEED_UNWRAP,eio=-1/-1,di=-1,fill=INTERESTED,flush=IDLE}~>DecryptedEndPoint@eefc83b{l=/127.0.0.1:43437,r=/127.0.0.1:54580,OPEN,fill=FI,flush=-,to=38/30000}=>HttpConnection@5223623[p=HttpParser{s=START,0 of -1},g=HttpGenerator@15ebe010{s=START}]=>HttpChannelOverHttp@76aa1144{s=HttpChannelState@54a24ebd{s=IDLE rs=BLOCKING os=OPEN is=IDLE awp=false se=false i=true al=0},r=0,c=false/false,a=IDLE,uri=null,age=0}
03:19:49.857 [qtp399373008-57] DEBUG org.eclipse.jetty.io.ChannelEndPoint - task CEP:SocketChannelEndPoint@200f5309{l=/127.0.0.1:43437,r=/127.0.0.1:54580,OPEN,fill=FI,flush=-,to=38/30000}{io=1/0,kio=1,kro=1}->SslConnection@65b5528d{NEED_UNWRAP,eio=-1/-1,di=-1,fill=INTERESTED,flush=IDLE}~>DecryptedEndPoint@eefc83b{l=/127.0.0.1:43437,r=/127.0.0.1:54580,OPEN,fill=FI,flush=-,to=38/30000}=>HttpConnection@5223623[p=HttpParser{s=START,0 of -1},g=HttpGenerator@15ebe010{s=START}]=>HttpChannelOverHttp@76aa1144{s=HttpChannelState@54a24ebd{s=IDLE rs=BLOCKING os=OPEN is=IDLE awp=false se=false i=true al=0},r=0,c=false/false,a=IDLE,uri=null,age=0}:runFillable:BLOCKING
03:19:49.857 [qtp399373008-57] DEBUG org.eclipse.jetty.util.thread.ReservedThreadExecutor - ReservedThreadExecutor@424fd310{reserved=2/8,pending=0} tryExecute EatWhatYouKill@4e858e0a/SelectorProducer@435fb7b5/PRODUCING/p=false/QueuedThreadPool[qtp399373008]@17cdf2d0{STARTED,8<=8<=200,i=1,r=-1,q=0}[ReservedThreadExecutor@424fd310{reserved=2/8,pending=0}][pc=0,pic=0,pec=0,epc=2]@2024-05-02T03:19:49.857+01:00
03:19:49.857 [qtp399373008-56] DEBUG org.eclipse.jetty.util.thread.ReservedThreadExecutor - ReservedThread@2608138f{RESERVED,thread=Thread[qtp399373008-56,5,main]} task=EatWhatYouKill@4e858e0a/SelectorProducer@435fb7b5/IDLE/p=true/QueuedThreadPool[qtp399373008]@17cdf2d0{STARTED,8<=8<=200,i=1,r=-1,q=0}[ReservedThreadExecutor@424fd310{reserved=1/8,pending=0}][pc=0,pic=0,pec=0,epc=2]@2024-05-02T03:19:49.857+01:00 ReservedThreadExecutor@424fd310{reserved=1/8,pending=0}
03:19:49.857 [qtp399373008-57] DEBUG org.eclipse.jetty.util.thread.strategy.EatWhatYouKill - EatWhatYouKill@4e858e0a/SelectorProducer@435fb7b5/IDLE/p=true/QueuedThreadPool[qtp399373008]@17cdf2d0{STARTED,8<=8<=200,i=1,r=-1,q=0}[ReservedThreadExecutor@424fd310{reserved=1/8,pending=0}][pc=0,pic=0,pec=0,epc=2]@2024-05-02T03:19:49.857+01:00 m=EXECUTE_PRODUCE_CONSUME t=CEP:SocketChannelEndPoint@200f5309{l=/127.0.0.1:43437,r=/127.0.0.1:54580,OPEN,fill=FI,flush=-,to=38/30000}{io=1/0,kio=1,kro=1}->SslConnection@65b5528d{NEED_UNWRAP,eio=-1/-1,di=-1,fill=INTERESTED,flush=IDLE}~>DecryptedEndPoint@eefc83b{l=/127.0.0.1:43437,r=/127.0.0.1:54580,OPEN,fill=FI,flush=-,to=38/30000}=>HttpConnection@5223623[p=HttpParser{s=START,0 of -1},g=HttpGenerator@15ebe010{s=START}]=>HttpChannelOverHttp@76aa1144{s=HttpChannelState@54a24ebd{s=IDLE rs=BLOCKING os=OPEN is=IDLE awp=false se=false i=true al=0},r=0,c=false/false,a=IDLE,uri=null,age=0}:runFillable:BLOCKING/BLOCKING
03:19:49.857 [qtp399373008-56] DEBUG org.eclipse.jetty.util.thread.strategy.EatWhatYouKill - EatWhatYouKill@4e858e0a/SelectorProducer@435fb7b5/IDLE/p=true/QueuedThreadPool[qtp399373008]@17cdf2d0{STARTED,8<=8<=200,i=1,r=-1,q=0}[ReservedThreadExecutor@424fd310{reserved=1/8,pending=0}][pc=0,pic=0,pec=0,epc=2]@2024-05-02T03:19:49.857+01:00 tryProduce true
03:19:49.857 [qtp399373008-56] DEBUG org.eclipse.jetty.io.ManagedSelector - updateable 0
03:19:49.857 [qtp399373008-56] DEBUG org.eclipse.jetty.io.ManagedSelector - updates 0
03:19:49.858 [qtp399373008-57] DEBUG org.eclipse.jetty.io.FillInterest - fillable FillInterest@375f3c8{SSLC.NBReadCB@65b5528d{SslConnection@65b5528d::SocketChannelEndPoint@200f5309{l=/127.0.0.1:43437,r=/127.0.0.1:54580,OPEN,fill=FI,flush=-,to=38/30000}{io=1/0,kio=1,kro=1}->SslConnection@65b5528d{NEED_UNWRAP,eio=-1/-1,di=-1,fill=INTERESTED,flush=IDLE}~>DecryptedEndPoint@eefc83b{l=/127.0.0.1:43437,r=/127.0.0.1:54580,OPEN,fill=FI,flush=-,to=38/30000}=>HttpConnection@5223623[p=HttpParser{s=START,0 of -1},g=HttpGenerator@15ebe010{s=START}]=>HttpChannelOverHttp@76aa1144{s=HttpChannelState@54a24ebd{s=IDLE rs=BLOCKING os=OPEN is=IDLE awp=false se=false i=true al=0},r=0,c=false/false,a=IDLE,uri=null,age=0}}}
03:19:49.858 [qtp399373008-56] DEBUG org.eclipse.jetty.io.ChannelEndPoint - Key interests updated 1 -> 0 on SocketChannelEndPoint@200f5309{l=/127.0.0.1:43437,r=/127.0.0.1:54580,OPEN,fill=FI,flush=-,to=38/30000}{io=0/0,kio=0,kro=1}->SslConnection@65b5528d{NEED_UNWRAP,eio=-1/-1,di=-1,fill=INTERESTED,flush=IDLE}~>DecryptedEndPoint@eefc83b{l=/127.0.0.1:43437,r=/127.0.0.1:54580,OPEN,fill=FI,flush=-,to=38/30000}=>HttpConnection@5223623[p=HttpParser{s=START,0 of -1},g=HttpGenerator@15ebe010{s=START}]=>HttpChannelOverHttp@76aa1144{s=HttpChannelState@54a24ebd{s=IDLE rs=BLOCKING os=OPEN is=IDLE awp=false se=false i=true al=0},r=0,c=false/false,a=IDLE,uri=null,age=0}
03:19:49.858 [qtp399373008-56] DEBUG org.eclipse.jetty.io.ManagedSelector - Selector sun.nio.ch.EPollSelectorImpl@3702dbe9 waiting with 1 keys
03:19:49.858 [qtp399373008-57] DEBUG org.eclipse.jetty.io.ssl.SslConnection - >c.onFillable SslConnection@65b5528d::SocketChannelEndPoint@200f5309{l=/127.0.0.1:43437,r=/127.0.0.1:54580,OPEN,fill=-,flush=-,to=38/30000}{io=0/0,kio=0,kro=1}->SslConnection@65b5528d{NEED_UNWRAP,eio=-1/-1,di=-1,fill=INTERESTED,flush=IDLE}~>DecryptedEndPoint@eefc83b{l=/127.0.0.1:43437,r=/127.0.0.1:54580,OPEN,fill=FI,flush=-,to=38/30000}=>HttpConnection@5223623[p=HttpParser{s=START,0 of -1},g=HttpGenerator@15ebe010{s=START}]=>HttpChannelOverHttp@76aa1144{s=HttpChannelState@54a24ebd{s=IDLE rs=BLOCKING os=OPEN is=IDLE awp=false se=false i=true al=0},r=0,c=false/false,a=IDLE,uri=null,age=0}
03:19:49.858 [qtp399373008-57] DEBUG org.eclipse.jetty.io.ssl.SslConnection - onFillable SslConnection@65b5528d::SocketChannelEndPoint@200f5309{l=/127.0.0.1:43437,r=/127.0.0.1:54580,OPEN,fill=-,flush=-,to=38/30000}{io=0/0,kio=0,kro=1}->SslConnection@65b5528d{NEED_UNWRAP,eio=-1/-1,di=-1,fill=INTERESTED,flush=IDLE}~>DecryptedEndPoint@eefc83b{l=/127.0.0.1:43437,r=/127.0.0.1:54580,OPEN,fill=FI,flush=-,to=39/30000}=>HttpConnection@5223623[p=HttpParser{s=START,0 of -1},g=HttpGenerator@15ebe010{s=START}]=>HttpChannelOverHttp@76aa1144{s=HttpChannelState@54a24ebd{s=IDLE rs=BLOCKING os=OPEN is=IDLE awp=false se=false i=true al=0},r=0,c=false/false,a=IDLE,uri=null,age=0}
03:19:49.858 [qtp399373008-57] DEBUG org.eclipse.jetty.io.FillInterest - fillable FillInterest@16c4fa0{AC.ReadCB@5223623{HttpConnection@5223623::DecryptedEndPoint@eefc83b{l=/127.0.0.1:43437,r=/127.0.0.1:54580,OPEN,fill=FI,flush=-,to=39/30000}}}
03:19:49.858 [qtp399373008-57] DEBUG org.eclipse.jetty.server.HttpConnection - HttpConnection@5223623::DecryptedEndPoint@eefc83b{l=/127.0.0.1:43437,r=/127.0.0.1:54580,OPEN,fill=-,flush=-,to=39/30000} onFillable enter HttpChannelState@54a24ebd{s=IDLE rs=BLOCKING os=OPEN is=IDLE awp=false se=false i=true al=0} null
03:19:49.858 [qtp399373008-57] DEBUG org.eclipse.jetty.io.ssl.SslConnection - >fill SslConnection@65b5528d::SocketChannelEndPoint@200f5309{l=/127.0.0.1:43437,r=/127.0.0.1:54580,OPEN,fill=-,flush=-,to=38/30000}{io=0/0,kio=0,kro=1}->SslConnection@65b5528d{NEED_UNWRAP,eio=-1/-1,di=-1,fill=IDLE,flush=IDLE}~>DecryptedEndPoint@eefc83b{l=/127.0.0.1:43437,r=/127.0.0.1:54580,OPEN,fill=-,flush=-,to=39/30000}=>HttpConnection@5223623[p=HttpParser{s=START,0 of -1},g=HttpGenerator@15ebe010{s=START}]=>HttpChannelOverHttp@76aa1144{s=HttpChannelState@54a24ebd{s=IDLE rs=BLOCKING os=OPEN is=IDLE awp=false se=false i=true al=0},r=0,c=false/false,a=IDLE,uri=null,age=0}
03:19:49.858 [qtp399373008-57] DEBUG org.eclipse.jetty.io.ssl.SslConnection - fill NEED_UNWRAP
03:19:49.858 [qtp399373008-57] DEBUG org.eclipse.jetty.io.ChannelEndPoint - filled 1518 HeapByteBuffer@1719ebcb[p=0,l=1518,c=17408,r=1518]={<<<\x17\x03\x03\x03\xAd\xC4x}\xA8]G\xAe\x1c`\x8d\x05x8\x90A\xE6\xE8m\xE0\x18...|U\xC5\x83\xC1v\x0e\xE6u\xA0\x85\r5\xC1e\xBcf\x15#\xDeh\xD6\xD8>>>\x00\x00\x00\x00\x00\x00\x00\x00\x00...\x00\x00\x00\x00\x00\x00\x00}
03:19:49.858 [qtp399373008-57] DEBUG org.eclipse.jetty.io.ssl.SslConnection - net filled=1518
03:19:49.858 [qtp399373008-57] DEBUG org.eclipse.jetty.io.ssl.SslConnection - unwrap net_filled=1518 Status = OK HandshakeStatus = NEED_TASK bytesConsumed = 946 bytesProduced = 0 encryptedBuffer=[p=946,l=1518,c=17408,r=572] unwrapBuffer=HeapByteBuffer@19de0680[p=0,l=0,c=17408,r=0]={<<<>>>\x14\x03\x03\x00\x01\x01I\xD0N...\x00\x00\x00\x00\x00\x00\x00} appBuffer=HeapByteBuffer@19de0680[p=0,l=0,c=17408,r=0]={<<<>>>\x14\x03\x03\x00\x01\x01I\xD0N...\x00\x00\x00\x00\x00\x00\x00}
03:19:49.858 [qtp399373008-57] DEBUG org.eclipse.jetty.io.ssl.SslConnection - fill NEED_TASK
03:19:49.859 [qtp399373008-57] DEBUG org.eclipse.jetty.io.ssl.SslConnection - fill NEED_UNWRAP
03:19:49.859 [qtp399373008-57] DEBUG org.eclipse.jetty.io.ChannelEndPoint - filled 0 HeapByteBuffer@1719ebcb[p=946,l=1518,c=17408,r=572]={\x17\x03\x03\x03\xAd\x0b\x00\x03\x88...j\xBc\xCd\x97\x19`X<<<\x17\x03\x03\x01)\xF8\xFa\xCe\xCeB-\x96\xB9\xB3&\x9e\xCd\xA1\x1eI\xAe\x15\x034G...|U\xC5\x83\xC1v\x0e\xE6u\xA0\x85\r5\xC1e\xBcf\x15#\xDeh\xD6\xD8>>>\x00\x00\x00\x00\x00\x00\x00\x00\x00...\x00\x00\x00\x00\x00\x00\x00}
03:19:49.859 [qtp399373008-57] DEBUG org.eclipse.jetty.io.ssl.SslConnection - net filled=0
03:19:49.859 [qtp399373008-57] DEBUG org.eclipse.jetty.io.ssl.SslConnection - unwrap net_filled=0 Status = OK HandshakeStatus = NEED_TASK bytesConsumed = 302 bytesProduced = 0 encryptedBuffer=[p=1248,l=1518,c=17408,r=270] unwrapBuffer=HeapByteBuffer@19de0680[p=0,l=0,c=17408,r=0]={<<<>>>\x14\x03\x03\x00\x01\x01I\xD0N...\x00\x00\x00\x00\x00\x00\x00} appBuffer=HeapByteBuffer@19de0680[p=0,l=0,c=17408,r=0]={<<<>>>\x14\x03\x03\x00\x01\x01I\xD0N...\x00\x00\x00\x00\x00\x00\x00}
03:19:49.859 [qtp399373008-57] DEBUG org.eclipse.jetty.io.ssl.SslConnection - fill NEED_TASK
03:19:49.859 [qtp399373008-57] DEBUG org.eclipse.jetty.io.ssl.SslConnection - fill NEED_UNWRAP
03:19:49.859 [qtp399373008-57] DEBUG org.eclipse.jetty.io.ChannelEndPoint - filled 0 HeapByteBuffer@1719ebcb[p=1248,l=1518,c=17408,r=270]={\x17\x03\x03\x03\xAd\x0b\x00\x03\x88...]\x8d\xCf\xCc\x10\xCb\xB0<<<\x17\x03\x03\x00U{\\\xD1\xBf\xF5\x0f\x0c~m\xCbMf_\xCb\xF2\x8b\xB4\x97\xC8~...|U\xC5\x83\xC1v\x0e\xE6u\xA0\x85\r5\xC1e\xBcf\x15#\xDeh\xD6\xD8>>>\x00\x00\x00\x00\x00\x00\x00\x00\x00...\x00\x00\x00\x00\x00\x00\x00}
03:19:49.859 [qtp399373008-57] DEBUG org.eclipse.jetty.io.ssl.SslConnection - net filled=0
03:19:49.860 [qtp399373008-57] DEBUG org.eclipse.jetty.io.ssl.SslConnection - unwrap net_filled=0 Status = OK HandshakeStatus = NEED_WRAP bytesConsumed = 90 bytesProduced = 0 encryptedBuffer=[p=1338,l=1518,c=17408,r=180] unwrapBuffer=HeapByteBuffer@19de0680[p=0,l=0,c=17408,r=0]={<<<>>>\x14\x03\x03\x00\x01\x01I\xD0N...\x00\x00\x00\x00\x00\x00\x00} appBuffer=HeapByteBuffer@19de0680[p=0,l=0,c=17408,r=0]={<<<>>>\x14\x03\x03\x00\x01\x01I\xD0N...\x00\x00\x00\x00\x00\x00\x00}
03:19:49.860 [qtp399373008-57] DEBUG org.eclipse.jetty.io.ssl.SslConnection - fill NEED_WRAP
03:19:49.860 [qtp399373008-57] DEBUG org.eclipse.jetty.io.ssl.SslConnection - >flush SslConnection@65b5528d::SocketChannelEndPoint@200f5309{l=/127.0.0.1:43437,r=/127.0.0.1:54580,OPEN,fill=-,flush=-,to=2/30000}{io=0/0,kio=0,kro=1}->SslConnection@65b5528d{NEED_WRAP,eio=180/-1,di=-1,fill=IDLE,flush=IDLE}~>DecryptedEndPoint@eefc83b{l=/127.0.0.1:43437,r=/127.0.0.1:54580,OPEN,fill=-,flush=-,to=41/30000}=>HttpConnection@5223623[p=HttpParser{s=START,0 of -1},g=HttpGenerator@15ebe010{s=START}]=>HttpChannelOverHttp@76aa1144{s=HttpChannelState@54a24ebd{s=IDLE rs=BLOCKING os=OPEN is=IDLE awp=false se=false i=true al=0},r=0,c=false/false,a=IDLE,uri=null,age=0}
03:19:49.860 [qtp399373008-57] DEBUG org.eclipse.jetty.io.ssl.SslConnection - flush b[0]=HeapByteBuffer@60c04197[p=0,l=0,c=0,r=0]={<<<>>>}
03:19:49.860 [qtp399373008-57] DEBUG org.eclipse.jetty.io.ssl.SslConnection - flush NEED_WRAP
03:19:49.861 [qtp399373008-57] DEBUG org.eclipse.jetty.io.ssl.SslConnection - wrap Status = OK HandshakeStatus = FINISHED bytesConsumed = 0 bytesProduced = 88 [p=0,l=88,c=17408,r=88] ioDone=false/false
03:19:49.861 [qtp399373008-57] DEBUG org.eclipse.jetty.io.ChannelEndPoint - flushed 88 SocketChannelEndPoint@200f5309{l=/127.0.0.1:43437,r=/127.0.0.1:54580,OPEN,fill=-,flush=-,to=2/30000}{io=0/0,kio=0,kro=1}->SslConnection@65b5528d{NOT_HANDSHAKING,eio=180/0,di=-1,fill=IDLE,flush=IDLE}~>DecryptedEndPoint@eefc83b{l=/127.0.0.1:43437,r=/127.0.0.1:54580,OPEN,fill=-,flush=-,to=42/30000}=>HttpConnection@5223623[p=HttpParser{s=START,0 of -1},g=HttpGenerator@15ebe010{s=START}]=>HttpChannelOverHttp@76aa1144{s=HttpChannelState@54a24ebd{s=IDLE rs=BLOCKING os=OPEN is=IDLE awp=false se=false i=true al=0},r=0,c=false/false,a=IDLE,uri=null,age=0}
03:19:49.861 [qtp399373008-57] DEBUG org.eclipse.jetty.io.ssl.SslConnection - net flushed=true, ac=true
03:19:49.861 [qtp399373008-57] DEBUG org.eclipse.jetty.io.ssl.SslConnection - handshake succeeded SslConnection@65b5528d::SocketChannelEndPoint@200f5309{l=/127.0.0.1:43437,r=/127.0.0.1:54580,OPEN,fill=-,flush=-,to=0/30000}{io=0/0,kio=0,kro=1}->SslConnection@65b5528d{NOT_HANDSHAKING,eio=180/0,di=-1,fill=IDLE,flush=IDLE}~>DecryptedEndPoint@eefc83b{l=/127.0.0.1:43437,r=/127.0.0.1:54580,OPEN,fill=-,flush=-,to=42/30000}=>HttpConnection@5223623[p=HttpParser{s=START,0 of -1},g=HttpGenerator@15ebe010{s=START}]=>HttpChannelOverHttp@76aa1144{s=HttpChannelState@54a24ebd{s=IDLE rs=BLOCKING os=OPEN is=IDLE awp=false se=false i=true al=0},r=0,c=false/false,a=IDLE,uri=null,age=0} resumed server TLSv1.3/TLS_AES_256_GCM_SHA384
03:19:49.861 [qtp399373008-57] DEBUG org.eclipse.jetty.io.ssl.SslConnection - <flush true SslConnection@65b5528d::SocketChannelEndPoint@200f5309{l=/127.0.0.1:43437,r=/127.0.0.1:54580,OPEN,fill=-,flush=-,to=0/30000}{io=0/0,kio=0,kro=1}->SslConnection@65b5528d{NOT_HANDSHAKING,eio=180/-1,di=-1,fill=IDLE,flush=IDLE}~>DecryptedEndPoint@eefc83b{l=/127.0.0.1:43437,r=/127.0.0.1:54580,OPEN,fill=-,flush=-,to=42/30000}=>HttpConnection@5223623[p=HttpParser{s=START,0 of -1},g=HttpGenerator@15ebe010{s=START}]=>HttpChannelOverHttp@76aa1144{s=HttpChannelState@54a24ebd{s=IDLE rs=BLOCKING os=OPEN is=IDLE awp=false se=false i=true al=0},r=0,c=false/false,a=IDLE,uri=null,age=0}
03:19:49.861 [qtp399373008-57] DEBUG org.eclipse.jetty.io.ssl.SslConnection - fill NOT_HANDSHAKING
03:19:49.861 [qtp399373008-57] DEBUG org.eclipse.jetty.io.ChannelEndPoint - filled 0 HeapByteBuffer@1719ebcb[p=1338,l=1518,c=17408,r=180]={\x17\x03\x03\x03\xAd\x0b\x00\x03\x88...\xFe\x82\xC8F\xBf\xAa@<<<\x17\x03\x03\x00\xAf\xC9w\x01\xBd\xE3 \x0f\x15\xF5\x8b\x92\xB72\x19\xCat\x86\x144c...|U\xC5\x83\xC1v\x0e\xE6u\xA0\x85\r5\xC1e\xBcf\x15#\xDeh\xD6\xD8>>>\x00\x00\x00\x00\x00\x00\x00\x00\x00...\x00\x00\x00\x00\x00\x00\x00}
03:19:49.861 [qtp399373008-57] DEBUG org.eclipse.jetty.io.ssl.SslConnection - net filled=0
03:19:49.862 [qtp399373008-57] DEBUG org.eclipse.jetty.io.ssl.SslConnection - unwrap net_filled=0 Status = OK HandshakeStatus = NOT_HANDSHAKING bytesConsumed = 180 bytesProduced = 142 encryptedBuffer=[p=1518,l=1518,c=17408,r=0] unwrapBuffer=HeapByteBuffer@19de0680[p=0,l=142,c=17408,r=142]={<<<GET /config.yml HTTP/1.1\r...gent: okhttp/3.12.3\r\n\r\n>>>E \xDa6\x93\xE4\x15\xEe\xAc...\x00\x00\x00\x00\x00\x00\x00} appBuffer=HeapByteBuffer@19de0680[p=0,l=142,c=17408,r=142]={<<<GET /config.yml HTTP/1.1\r...gent: okhttp/3.12.3\r\n\r\n>>>E \xDa6\x93\xE4\x15\xEe\xAc...\x00\x00\x00\x00\x00\x00\x00}
03:19:49.862 [qtp399373008-57] DEBUG org.eclipse.jetty.io.ssl.SslConnection - <fill f=142 uf=false SslConnection@65b5528d::SocketChannelEndPoint@200f5309{l=/127.0.0.1:43437,r=/127.0.0.1:54580,OPEN,fill=-,flush=-,to=0/30000}{io=0/0,kio=0,kro=1}->SslConnection@65b5528d{NOT_HANDSHAKING,eio=-1/-1,di=-1,fill=IDLE,flush=IDLE}~>DecryptedEndPoint@eefc83b{l=/127.0.0.1:43437,r=/127.0.0.1:54580,OPEN,fill=-,flush=-,to=42/30000}=>HttpConnection@5223623[p=HttpParser{s=START,0 of -1},g=HttpGenerator@15ebe010{s=START}]=>HttpChannelOverHttp@76aa1144{s=HttpChannelState@54a24ebd{s=IDLE rs=BLOCKING os=OPEN is=IDLE awp=false se=false i=true al=0},r=0,c=false/false,a=IDLE,uri=null,age=0}
03:19:49.862 [qtp399373008-57] DEBUG org.eclipse.jetty.server.HttpConnection - HttpConnection@5223623::DecryptedEndPoint@eefc83b{l=/127.0.0.1:43437,r=/127.0.0.1:54580,OPEN,fill=-,flush=-,to=43/30000} filled 142 HeapByteBuffer@19de0680[p=0,l=142,c=17408,r=142]={<<<GET /config.yml HTTP/1.1\r...gent: okhttp/3.12.3\r\n\r\n>>>E \xDa6\x93\xE4\x15\xEe\xAc...\x00\x00\x00\x00\x00\x00\x00}
03:19:49.862 [qtp399373008-57] DEBUG org.eclipse.jetty.server.HttpConnection - HttpConnection@5223623::DecryptedEndPoint@eefc83b{l=/127.0.0.1:43437,r=/127.0.0.1:54580,OPEN,fill=-,flush=-,to=43/30000} parse HeapByteBuffer@19de0680[p=0,l=142,c=17408,r=142]={<<<GET /config.yml HTTP/1.1\r...gent: okhttp/3.12.3\r\n\r\n>>>E \xDa6\x93\xE4\x15\xEe\xAc...\x00\x00\x00\x00\x00\x00\x00} {}
03:19:49.862 [qtp399373008-57] DEBUG org.eclipse.jetty.http.HttpParser - parseNext s=START HeapByteBuffer@19de0680[p=0,l=142,c=17408,r=142]={<<<GET /config.yml HTTP/1.1\r...gent: okhttp/3.12.3\r\n\r\n>>>E \xDa6\x93\xE4\x15\xEe\xAc...\x00\x00\x00\x00\x00\x00\x00}
03:19:49.862 [qtp399373008-57] DEBUG org.eclipse.jetty.http.HttpParser - START --> SPACE1
03:19:49.862 [qtp399373008-57] DEBUG org.eclipse.jetty.http.HttpParser - SPACE1 --> URI
03:19:49.862 [qtp399373008-57] DEBUG org.eclipse.jetty.http.HttpParser - URI --> SPACE2
03:19:49.862 [qtp399373008-57] DEBUG org.eclipse.jetty.http.HttpParser - SPACE2 --> REQUEST_VERSION
03:19:49.862 [qtp399373008-57] DEBUG org.eclipse.jetty.http.HttpParser - REQUEST_VERSION --> HEADER
03:19:49.862 [qtp399373008-57] DEBUG org.eclipse.jetty.http.HttpParser - HEADER:If-None-Match --> VALUE
03:19:49.862 [qtp399373008-57] DEBUG org.eclipse.jetty.http.HttpParser - HEADER:If-None-Match --> FIELD
03:19:49.862 [qtp399373008-57] DEBUG org.eclipse.jetty.http.HttpParser - HEADER:Host --> VALUE
03:19:49.862 [qtp399373008-57] DEBUG org.eclipse.jetty.http.HttpParser - HEADER:Host --> IN_VALUE
03:19:49.862 [qtp399373008-57] DEBUG org.eclipse.jetty.http.HttpParser - HEADER:Host --> FIELD
03:19:49.862 [qtp399373008-57] DEBUG org.eclipse.jetty.http.HttpParser - HEADER:Connection: keep-alive --> IN_VALUE
03:19:49.862 [qtp399373008-57] DEBUG org.eclipse.jetty.http.HttpParser - HEADER:Connection: keep-alive --> FIELD
03:19:49.862 [qtp399373008-57] DEBUG org.eclipse.jetty.http.HttpParser - HEADER:Accept-Encoding: gzip --> IN_VALUE
03:19:49.862 [qtp399373008-57] DEBUG org.eclipse.jetty.http.HttpParser - HEADER:Accept-Encoding: gzip --> FIELD
03:19:49.862 [qtp399373008-57] DEBUG org.eclipse.jetty.http.HttpParser - HEADER:User-Agent --> VALUE
03:19:49.862 [qtp399373008-57] DEBUG org.eclipse.jetty.http.HttpParser - HEADER:User-Agent --> IN_VALUE
03:19:49.862 [qtp399373008-57] DEBUG org.eclipse.jetty.http.HttpParser - HEADER:User-Agent --> FIELD
03:19:49.862 [qtp399373008-57] DEBUG org.eclipse.jetty.http.HttpParser - HEADER --> CONTENT
03:19:49.862 [qtp399373008-57] DEBUG org.eclipse.jetty.server.HttpChannel - REQUEST for //localhost:43437/config.yml on HttpChannelOverHttp@76aa1144{s=HttpChannelState@54a24ebd{s=IDLE rs=BLOCKING os=OPEN is=IDLE awp=false se=false i=true al=0},r=1,c=false/false,a=IDLE,uri=//localhost:43437/config.yml,age=0}
GET //localhost:43437/config.yml HTTP/1.1
If-None-Match: 
Host: localhost:43437
Connection: keep-alive
Accept-Encoding: gzip
User-Agent: okhttp/3.12.3


03:19:49.862 [qtp399373008-57] DEBUG org.eclipse.jetty.server.HttpConnection - HttpConnection@5223623::DecryptedEndPoint@eefc83b{l=/127.0.0.1:43437,r=/127.0.0.1:54580,OPEN,fill=-,flush=-,to=43/30000} parsed true HttpParser{s=CONTENT,0 of -1}
03:19:49.862 [qtp399373008-57] DEBUG org.eclipse.jetty.server.HttpConnection - releaseRequestBuffer HttpConnection@5223623::DecryptedEndPoint@eefc83b{l=/127.0.0.1:43437,r=/127.0.0.1:54580,OPEN,fill=-,flush=-,to=43/30000}
03:19:49.862 [qtp399373008-57] DEBUG org.eclipse.jetty.server.HttpChannel - handle //localhost:43437/config.yml HttpChannelOverHttp@76aa1144{s=HttpChannelState@54a24ebd{s=IDLE rs=BLOCKING os=OPEN is=IDLE awp=false se=false i=true al=0},r=1,c=false/false,a=IDLE,uri=//localhost:43437/config.yml,age=0} 
03:19:49.862 [qtp399373008-57] DEBUG org.eclipse.jetty.server.HttpChannelState - handling HttpChannelState@54a24ebd{s=IDLE rs=BLOCKING os=OPEN is=IDLE awp=false se=false i=true al=0}
03:19:49.862 [qtp399373008-57] DEBUG org.eclipse.jetty.server.HttpChannel - action DISPATCH HttpChannelOverHttp@76aa1144{s=HttpChannelState@54a24ebd{s=HANDLING rs=BLOCKING os=OPEN is=IDLE awp=false se=false i=true al=0},r=1,c=false/false,a=HANDLING,uri=//localhost:43437/config.yml,age=0}
03:19:49.862 [qtp399373008-57] DEBUG org.eclipse.jetty.server.SecureRequestCustomizer - Host localhost with SNI null
03:19:49.862 [qtp399373008-57] DEBUG org.eclipse.jetty.server.Server - REQUEST GET /config.yml on HttpChannelOverHttp@76aa1144{s=HttpChannelState@54a24ebd{s=HANDLING rs=BLOCKING os=OPEN is=IDLE awp=false se=false i=true al=0},r=1,c=false/false,a=HANDLING,uri=https://localhost:43437/config.yml,age=0}
03:19:49.862 [qtp399373008-57] DEBUG org.eclipse.jetty.server.HttpOutput - write(array HeapByteBuffer@30cbad2b[p=0,l=4,c=512,r=4]={<<<path>>>\x00\x00\x00\x00\x00\x00\x00\x00\x00...\x00\x00\x00\x00\x00\x00\x00})
03:19:49.862 [qtp399373008-57] DEBUG org.eclipse.jetty.server.HttpOutput - write(array) s=CLOSING,api=BLOCKED,sc=false,e=null last=true agg=false flush=true async=false, len=4 null
03:19:49.862 [qtp399373008-57] DEBUG org.eclipse.jetty.server.HttpChannel - sendResponse info=null content=HeapByteBuffer@6362f5b5[p=0,l=4,c=512,r=4]={<<<path>>>\x00\x00\x00\x00\x00\x00\x00\x00\x00...\x00\x00\x00\x00\x00\x00\x00} complete=true committing=true callback=Blocker@203f9cd2{null}
03:19:49.862 [qtp399373008-57] DEBUG org.eclipse.jetty.server.HttpChannel - COMMIT for /config.yml on HttpChannelOverHttp@76aa1144{s=HttpChannelState@54a24ebd{s=HANDLING rs=BLOCKING os=COMMITTED is=IDLE awp=false se=false i=true al=0},r=1,c=false/false,a=HANDLING,uri=https://localhost:43437/config.yml,age=0}
200 null HTTP/1.1
Date: Thu, 02 May 2024 02:19:49 GMT
ETag: testEtag
Content-Type: text/plain;charset=utf-8
Content-Length: 4


03:19:49.862 [qtp399373008-57] DEBUG org.eclipse.jetty.server.HttpConnection - generate: NEED_HEADER for SendCallback@fc47dc1[PROCESSING][i=HTTP/1.1{s=200,h=4,cl=4},cb=org.eclipse.jetty.server.HttpChannel$SendCallback@628b2be7] (null,[p=0,l=4,c=512,r=4],true)@START
03:19:49.863 [qtp399373008-57] DEBUG org.eclipse.jetty.http.HttpGenerator - generateHeaders HTTP/1.1{s=200,h=4,cl=4} last=true content=HeapByteBuffer@6362f5b5[p=0,l=4,c=512,r=4]={<<<path>>>\x00\x00\x00\x00\x00\x00\x00\x00\x00...\x00\x00\x00\x00\x00\x00\x00}
03:19:49.863 [qtp399373008-57] DEBUG org.eclipse.jetty.http.HttpGenerator - Date: Thu, 02 May 2024 02:19:49 GMT
ETag: testEtag
Content-Type: text/plain;charset=utf-8
Content-Length: 4


03:19:49.863 [qtp399373008-57] DEBUG org.eclipse.jetty.http.HttpGenerator - CONTENT_LENGTH
03:19:49.863 [qtp399373008-57] DEBUG org.eclipse.jetty.server.HttpConnection - generate: FLUSH for SendCallback@fc47dc1[PROCESSING][i=HTTP/1.1{s=200,h=4,cl=4},cb=org.eclipse.jetty.server.HttpChannel$SendCallback@628b2be7] ([p=0,l=164,c=8192,r=164],[p=0,l=4,c=512,r=4],true)@COMPLETING
03:19:49.863 [qtp399373008-57] DEBUG org.eclipse.jetty.io.WriteFlusher - write: WriteFlusher@16b0a55e{IDLE}->null [HeapByteBuffer@3e9173d4[p=0,l=164,c=8192,r=164]={<<<HTTP/1.1 200 OK\r\nDate: Th...y(9.4.44.v20210927)\r\n\r\n>>>\x00\x00\x00\x00\x00\x00\x00\x00\x00...\x00\x00\x00\x00\x00\x00\x00},HeapByteBuffer@6362f5b5[p=0,l=4,c=512,r=4]={<<<path>>>\x00\x00\x00\x00\x00\x00\x00\x00\x00...\x00\x00\x00\x00\x00\x00\x00}]
03:19:49.863 [qtp399373008-57] DEBUG org.eclipse.jetty.io.WriteFlusher - update WriteFlusher@16b0a55e{WRITING}->null:IDLE-->WRITING
03:19:49.863 [qtp399373008-57] DEBUG org.eclipse.jetty.io.ssl.SslConnection - >flush SslConnection@65b5528d::SocketChannelEndPoint@200f5309{l=/127.0.0.1:43437,r=/127.0.0.1:54580,OPEN,fill=-,flush=-,to=1/30000}{io=0/0,kio=0,kro=1}->SslConnection@65b5528d{NOT_HANDSHAKING,eio=-1/-1,di=-1,fill=IDLE,flush=IDLE}~>DecryptedEndPoint@eefc83b{l=/127.0.0.1:43437,r=/127.0.0.1:54580,OPEN,fill=-,flush=W,to=44/30000}=>HttpConnection@5223623[p=HttpParser{s=CONTENT,0 of -1},g=HttpGenerator@15ebe010{s=COMPLETING}]=>HttpChannelOverHttp@76aa1144{s=HttpChannelState@54a24ebd{s=HANDLING rs=BLOCKING os=COMMITTED is=IDLE awp=false se=false i=true al=0},r=1,c=false/false,a=HANDLING,uri=https://localhost:43437/config.yml,age=1}
03:19:49.863 [qtp399373008-57] DEBUG org.eclipse.jetty.io.ssl.SslConnection - flush b[0]=HeapByteBuffer@3e9173d4[p=0,l=164,c=8192,r=164]={<<<HTTP/1.1 200 OK\r\nDate: Th...y(9.4.44.v20210927)\r\n\r\n>>>\x00\x00\x00\x00\x00\x00\x00\x00\x00...\x00\x00\x00\x00\x00\x00\x00}
03:19:49.863 [qtp399373008-57] DEBUG org.eclipse.jetty.io.ssl.SslConnection - flush b[1]=HeapByteBuffer@6362f5b5[p=0,l=4,c=512,r=4]={<<<path>>>\x00\x00\x00\x00\x00\x00\x00\x00\x00...\x00\x00\x00\x00\x00\x00\x00}
03:19:49.863 [qtp399373008-57] DEBUG org.eclipse.jetty.io.ssl.SslConnection - flush NOT_HANDSHAKING
03:19:49.863 [qtp399373008-57] DEBUG org.eclipse.jetty.io.ssl.SslConnection - wrap Status = OK HandshakeStatus = NOT_HANDSHAKING bytesConsumed = 168 bytesProduced = 206 [p=0,l=206,c=17408,r=206] ioDone=false/false
03:19:49.863 [qtp399373008-57] DEBUG org.eclipse.jetty.io.ChannelEndPoint - flushed 206 SocketChannelEndPoint@200f5309{l=/127.0.0.1:43437,r=/127.0.0.1:54580,OPEN,fill=-,flush=-,to=2/30000}{io=0/0,kio=0,kro=1}->SslConnection@65b5528d{NOT_HANDSHAKING,eio=-1/0,di=-1,fill=IDLE,flush=IDLE}~>DecryptedEndPoint@eefc83b{l=/127.0.0.1:43437,r=/127.0.0.1:54580,OPEN,fill=-,flush=W,to=44/30000}=>HttpConnection@5223623[p=HttpParser{s=CONTENT,0 of -1},g=HttpGenerator@15ebe010{s=COMPLETING}]=>HttpChannelOverHttp@76aa1144{s=HttpChannelState@54a24ebd{s=HANDLING rs=BLOCKING os=COMMITTED is=IDLE awp=false se=false i=true al=0},r=1,c=false/false,a=HANDLING,uri=https://localhost:43437/config.yml,age=1}
03:19:49.863 [qtp399373008-57] DEBUG org.eclipse.jetty.io.ssl.SslConnection - net flushed=true, ac=true
03:19:49.863 [qtp399373008-57] DEBUG org.eclipse.jetty.io.ssl.SslConnection - <flush true SslConnection@65b5528d::SocketChannelEndPoint@200f5309{l=/127.0.0.1:43437,r=/127.0.0.1:54580,OPEN,fill=-,flush=-,to=0/30000}{io=0/0,kio=0,kro=1}->SslConnection@65b5528d{NOT_HANDSHAKING,eio=-1/-1,di=-1,fill=IDLE,flush=IDLE}~>DecryptedEndPoint@eefc83b{l=/127.0.0.1:43437,r=/127.0.0.1:54580,OPEN,fill=-,flush=W,to=44/30000}=>HttpConnection@5223623[p=HttpParser{s=CONTENT,0 of -1},g=HttpGenerator@15ebe010{s=COMPLETING}]=>HttpChannelOverHttp@76aa1144{s=HttpChannelState@54a24ebd{s=HANDLING rs=BLOCKING os=COMMITTED is=IDLE awp=false se=false i=true al=0},r=1,c=false/false,a=HANDLING,uri=https://localhost:43437/config.yml,age=1}
03:19:49.863 [qtp399373008-57] DEBUG org.eclipse.jetty.io.WriteFlusher - Flushed=true written=168 remaining=0 WriteFlusher@16b0a55e{WRITING}->null
03:19:49.863 [main] DEBUG org.apache.nifi.minifi.bootstrap.configuration.ingestors.PullHttpChangeIngestor - Response received: Response{protocol=http/1.1, code=200, message=OK, url=https://localhost:43437/config.yml}
03:19:49.863 [qtp399373008-57] DEBUG org.eclipse.jetty.io.WriteFlusher - update WriteFlusher@16b0a55e{IDLE}->null:WRITING-->IDLE
03:19:49.863 [qtp399373008-57] DEBUG org.eclipse.jetty.server.HttpConnection - generate: DONE for SendCallback@fc47dc1[PROCESSING][i=HTTP/1.1{s=200,h=4,cl=4},cb=org.eclipse.jetty.server.HttpChannel$SendCallback@628b2be7] ([p=164,l=164,c=8192,r=0],[p=4,l=4,c=512,r=0],true)@END
03:19:49.863 [qtp399373008-57] DEBUG org.eclipse.jetty.server.HttpOutput - onWriteComplete(true,null) s=CLOSING,api=BLOCKED,sc=false,e=null->s=CLOSED,api=BLOCKING,sc=false,e=null c=null cb=null w=false
03:19:49.863 [qtp399373008-57] DEBUG org.eclipse.jetty.server.HttpOutput - close() s=CLOSED,api=BLOCKING,sc=false,e=null c=null b=null
03:19:49.864 [main] DEBUG org.apache.nifi.minifi.bootstrap.configuration.ingestors.PullHttpChangeIngestor - New change received, notifying listener
03:19:49.864 [qtp399373008-57] DEBUG org.eclipse.jetty.server.Server - handled=true async=false committed=true on HttpChannelOverHttp@76aa1144{s=HttpChannelState@54a24ebd{s=HANDLING rs=BLOCKING os=COMPLETED is=IDLE awp=false se=false i=true al=0},r=1,c=false/true,a=HANDLING,uri=https://localhost:43437/config.yml,age=2}
03:19:49.864 [qtp399373008-57] DEBUG org.eclipse.jetty.server.HttpChannelState - unhandle HttpChannelState@54a24ebd{s=HANDLING rs=BLOCKING os=COMPLETED is=IDLE awp=false se=false i=true al=0}
03:19:49.864 [main] DEBUG org.apache.nifi.minifi.bootstrap.configuration.ingestors.PullHttpChangeIngestor - Listeners notified
03:19:49.864 [qtp399373008-57] DEBUG org.eclipse.jetty.server.HttpChannelState - nextAction(false) COMPLETE HttpChannelState@54a24ebd{s=HANDLING rs=COMPLETING os=COMPLETED is=IDLE awp=false se=false i=false al=0}
03:19:49.864 [qtp399373008-57] DEBUG org.eclipse.jetty.server.HttpChannel - action COMPLETE HttpChannelOverHttp@76aa1144{s=HttpChannelState@54a24ebd{s=HANDLING rs=COMPLETING os=COMPLETED is=IDLE awp=false se=false i=false al=0},r=1,c=false/true,a=HANDLING,uri=https://localhost:43437/config.yml,age=2}
03:19:49.864 [qtp399373008-57] DEBUG org.eclipse.jetty.server.HttpOutput - complete(org.eclipse.jetty.util.Callback$3@4a357256) s=CLOSED,api=BLOCKING,sc=false,e=null s=true e=null, c=null
03:19:49.864 [qtp399373008-57] DEBUG org.eclipse.jetty.server.HttpChannelState - completed HttpChannelState@54a24ebd{s=HANDLING rs=COMPLETING os=COMPLETED is=IDLE awp=false se=false i=false al=0}
03:19:49.864 [main] DEBUG org.apache.nifi.minifi.bootstrap.configuration.ingestors.PullHttpChangeIngestor - Attempting to pull new config
03:19:49.864 [qtp399373008-57] DEBUG org.eclipse.jetty.server.HttpChannelState - unhandle HttpChannelState@54a24ebd{s=HANDLING rs=COMPLETED os=COMPLETED is=IDLE awp=false se=false i=false al=0}
03:19:49.864 [qtp399373008-57] DEBUG org.eclipse.jetty.server.HttpChannelState - nextAction(false) TERMINATED HttpChannelState@54a24ebd{s=IDLE rs=COMPLETED os=COMPLETED is=IDLE awp=false se=false i=false al=0}
03:19:49.864 [qtp399373008-57] DEBUG org.eclipse.jetty.server.HttpChannel - action TERMINATED HttpChannelOverHttp@76aa1144{s=HttpChannelState@54a24ebd{s=IDLE rs=COMPLETED os=COMPLETED is=IDLE awp=false se=false i=false al=0},r=1,c=true/true,a=IDLE,uri=https://localhost:43437/config.yml,age=2}
03:19:49.864 [qtp399373008-57] DEBUG org.eclipse.jetty.server.HttpChannel - onCompleted for /config.yml written=4
03:19:49.864 [qtp399373008-57] DEBUG org.eclipse.jetty.io.ssl.SslConnection - >fill SslConnection@65b5528d::SocketChannelEndPoint@200f5309{l=/127.0.0.1:43437,r=/127.0.0.1:54580,OPEN,fill=-,flush=-,to=0/30000}{io=0/0,kio=0,kro=1}->SslConnection@65b5528d{NOT_HANDSHAKING,eio=-1/-1,di=-1,fill=IDLE,flush=IDLE}~>DecryptedEndPoint@eefc83b{l=/127.0.0.1:43437,r=/127.0.0.1:54580,OPEN,fill=-,flush=-,to=45/30000}=>HttpConnection@5223623[p=HttpParser{s=CONTENT,0 of -1},g=HttpGenerator@15ebe010{s=END}]=>HttpChannelOverHttp@76aa1144{s=HttpChannelState@54a24ebd{s=IDLE rs=COMPLETED os=COMPLETED is=IDLE awp=false se=false i=false al=0},r=1,c=true/true,a=IDLE,uri=https://localhost:43437/config.yml,age=2}
03:19:49.864 [qtp399373008-57] DEBUG org.eclipse.jetty.io.ssl.SslConnection - fill NOT_HANDSHAKING
03:19:49.864 [qtp399373008-57] DEBUG org.eclipse.jetty.io.ChannelEndPoint - filled 0 HeapByteBuffer@19de0680[p=0,l=0,c=17408,r=0]={<<<>>>GET /conf...\x00\x00\x00\x00\x00\x00\x00}
03:19:49.864 [qtp399373008-57] DEBUG org.eclipse.jetty.io.ssl.SslConnection - net filled=0
03:19:49.864 [qtp399373008-57] DEBUG org.eclipse.jetty.io.ssl.SslConnection - unwrap net_filled=0 Status = BUFFER_UNDERFLOW HandshakeStatus = NOT_HANDSHAKING bytesConsumed = 0 bytesProduced = 0 encryptedBuffer=[p=0,l=0,c=17408,r=0] unwrapBuffer=HeapByteBuffer@1719ebcb[p=0,l=0,c=17408,r=0]={<<<>>>\x17\x03\x03\x03\xAd\x0b\x00\x03\x88...\x00\x00\x00\x00\x00\x00\x00} appBuffer=HeapByteBuffer@1719ebcb[p=0,l=0,c=17408,r=0]={<<<>>>\x17\x03\x03\x03\xAd\x0b\x00\x03\x88...\x00\x00\x00\x00\x00\x00\x00}
03:19:49.864 [qtp399373008-57] DEBUG org.eclipse.jetty.io.ssl.SslConnection - <fill f=0 uf=true SslConnection@65b5528d::SocketChannelEndPoint@200f5309{l=/127.0.0.1:43437,r=/127.0.0.1:54580,OPEN,fill=-,flush=-,to=0/30000}{io=0/0,kio=0,kro=1}->SslConnection@65b5528d{NOT_HANDSHAKING,eio=-1/-1,di=-1,fill=IDLE,flush=IDLE}~>DecryptedEndPoint@eefc83b{l=/127.0.0.1:43437,r=/127.0.0.1:54580,OPEN,fill=-,flush=-,to=45/30000}=>HttpConnection@5223623[p=HttpParser{s=CONTENT,0 of -1},g=HttpGenerator@15ebe010{s=END}]=>HttpChannelOverHttp@76aa1144{s=HttpChannelState@54a24ebd{s=IDLE rs=COMPLETED os=COMPLETED is=IDLE awp=false se=false i=false al=0},r=1,c=true/true,a=IDLE,uri=https://localhost:43437/config.yml,age=2}
03:19:49.864 [qtp399373008-57] DEBUG org.eclipse.jetty.io.ssl.SslConnection - >fill SslConnection@65b5528d::SocketChannelEndPoint@200f5309{l=/127.0.0.1:43437,r=/127.0.0.1:54580,OPEN,fill=-,flush=-,to=0/30000}{io=0/0,kio=0,kro=1}->SslConnection@65b5528d{NOT_HANDSHAKING,eio=-1/-1,di=-1,fill=IDLE,flush=IDLE}~>DecryptedEndPoint@eefc83b{l=/127.0.0.1:43437,r=/127.0.0.1:54580,OPEN,fill=-,flush=-,to=45/30000}=>HttpConnection@5223623[p=HttpParser{s=CONTENT,0 of -1},g=HttpGenerator@15ebe010{s=END}]=>HttpChannelOverHttp@76aa1144{s=HttpChannelState@54a24ebd{s=IDLE rs=COMPLETED os=COMPLETED is=IDLE awp=false se=false i=false al=0},r=1,c=true/true,a=IDLE,uri=https://localhost:43437/config.yml,age=2}
03:19:49.864 [qtp399373008-57] DEBUG org.eclipse.jetty.io.ssl.SslConnection - fill NOT_HANDSHAKING
03:19:49.864 [qtp399373008-57] DEBUG org.eclipse.jetty.io.ChannelEndPoint - filled 190 HeapByteBuffer@13266df0[p=0,l=190,c=17408,r=190]={<<<\x17\x03\x03\x00\xB9\xFc\xDbD3\x10;\xFdE(\xFdI9rg>\xC5\x15\x90\xE0\xD6...5\xE7\xA1\x0e\x0c\xD9:\x19|7\xCd\xA9\x0biqMu\xE5\xEb\x15\xEb\xC7\xBf>>>\xA6\xCbf\xE0\xD1\xC1\xE8\x0e\x85...\x00\x00\x00\x00\x00\x00\x00}
03:19:49.864 [qtp399373008-57] DEBUG org.eclipse.jetty.io.ssl.SslConnection - net filled=190
03:19:49.864 [qtp399373008-57] DEBUG org.eclipse.jetty.io.ssl.SslConnection - unwrap net_filled=190 Status = OK HandshakeStatus = NOT_HANDSHAKING bytesConsumed = 190 bytesProduced = 152 encryptedBuffer=[p=190,l=190,c=17408,r=0] unwrapBuffer=HeapByteBuffer@1719ebcb[p=0,l=152,c=17408,r=152]={<<<GET /config.yml HTTP/1.1\r...gent: okhttp/3.12.3\r\n\r\n>>>ocalhost0...\x00\x00\x00\x00\x00\x00\x00} appBuffer=HeapByteBuffer@1719ebcb[p=0,l=152,c=17408,r=152]={<<<GET /config.yml HTTP/1.1\r...gent: okhttp/3.12.3\r\n\r\n>>>ocalhost0...\x00\x00\x00\x00\x00\x00\x00}
03:19:49.864 [qtp399373008-57] DEBUG org.eclipse.jetty.io.ssl.SslConnection - <fill f=152 uf=false SslConnection@65b5528d::SocketChannelEndPoint@200f5309{l=/127.0.0.1:43437,r=/127.0.0.1:54580,OPEN,fill=-,flush=-,to=0/30000}{io=0/0,kio=0,kro=1}->SslConnection@65b5528d{NOT_HANDSHAKING,eio=-1/-1,di=-1,fill=IDLE,flush=IDLE}~>DecryptedEndPoint@eefc83b{l=/127.0.0.1:43437,r=/127.0.0.1:54580,OPEN,fill=-,flush=-,to=45/30000}=>HttpConnection@5223623[p=HttpParser{s=CONTENT,0 of -1},g=HttpGenerator@15ebe010{s=END}]=>HttpChannelOverHttp@76aa1144{s=HttpChannelState@54a24ebd{s=IDLE rs=COMPLETED os=COMPLETED is=IDLE awp=false se=false i=false al=0},r=1,c=true/true,a=IDLE,uri=https://localhost:43437/config.yml,age=2}
03:19:49.864 [qtp399373008-57] DEBUG org.eclipse.jetty.server.HttpConnection - HttpConnection@5223623::DecryptedEndPoint@eefc83b{l=/127.0.0.1:43437,r=/127.0.0.1:54580,OPEN,fill=-,flush=-,to=45/30000} filled 152 HeapByteBuffer@1719ebcb[p=0,l=152,c=17408,r=152]={<<<GET /config.yml HTTP/1.1\r...gent: okhttp/3.12.3\r\n\r\n>>>ocalhost0...\x00\x00\x00\x00\x00\x00\x00}
03:19:49.864 [qtp399373008-57] DEBUG org.eclipse.jetty.server.HttpConnection - HttpConnection@5223623::DecryptedEndPoint@eefc83b{l=/127.0.0.1:43437,r=/127.0.0.1:54580,OPEN,fill=-,flush=-,to=45/30000} parse HeapByteBuffer@1719ebcb[p=0,l=152,c=17408,r=152]={<<<GET /config.yml HTTP/1.1\r...gent: okhttp/3.12.3\r\n\r\n>>>ocalhost0...\x00\x00\x00\x00\x00\x00\x00} {}
03:19:49.864 [qtp399373008-57] DEBUG org.eclipse.jetty.http.HttpParser - parseNext s=CONTENT HeapByteBuffer@1719ebcb[p=0,l=152,c=17408,r=152]={<<<GET /config.yml HTTP/1.1\r...gent: okhttp/3.12.3\r\n\r\n>>>ocalhost0...\x00\x00\x00\x00\x00\x00\x00}
03:19:49.864 [qtp399373008-57] DEBUG org.eclipse.jetty.http.HttpParser - CONTENT --> CONTENT_END
03:19:49.864 [qtp399373008-57] DEBUG org.eclipse.jetty.server.HttpChannel - onContentComplete HttpChannelOverHttp@76aa1144{s=HttpChannelState@54a24ebd{s=IDLE rs=COMPLETED os=COMPLETED is=IDLE awp=false se=false i=false al=0},r=1,c=true/true,a=IDLE,uri=https://localhost:43437/config.yml,age=2}
03:19:49.864 [qtp399373008-57] DEBUG org.eclipse.jetty.http.HttpParser - CONTENT_END --> END
03:19:49.864 [qtp399373008-57] DEBUG org.eclipse.jetty.server.HttpChannel - onRequestComplete HttpChannelOverHttp@76aa1144{s=HttpChannelState@54a24ebd{s=IDLE rs=COMPLETED os=COMPLETED is=IDLE awp=false se=false i=false al=0},r=1,c=true/true,a=IDLE,uri=https://localhost:43437/config.yml,age=2}
03:19:49.865 [qtp399373008-57] DEBUG org.eclipse.jetty.server.HttpInput - HttpInputOverHTTP@663324a4[c=0,q=0,[0]=null,s=STREAM] addContent EOF
03:19:49.865 [qtp399373008-57] DEBUG org.eclipse.jetty.server.HttpConnection - HttpConnection@5223623::DecryptedEndPoint@eefc83b{l=/127.0.0.1:43437,r=/127.0.0.1:54580,OPEN,fill=-,flush=-,to=45/30000} parsed false HttpParser{s=END,0 of -1}
03:19:49.865 [qtp399373008-57] DEBUG org.eclipse.jetty.server.HttpChannelState - recycle HttpChannelState@54a24ebd{s=IDLE rs=COMPLETED os=COMPLETED is=IDLE awp=false se=false i=false al=0}
03:19:49.865 [qtp399373008-57] DEBUG org.eclipse.jetty.http.HttpParser - reset HttpParser{s=END,0 of -1}
03:19:49.865 [qtp399373008-57] DEBUG org.eclipse.jetty.http.HttpParser - END --> START
03:19:49.865 [qtp399373008-57] DEBUG org.eclipse.jetty.server.HttpChannel - !handle TERMINATED HttpChannelOverHttp@76aa1144{s=HttpChannelState@54a24ebd{s=IDLE rs=BLOCKING os=OPEN is=IDLE awp=false se=false i=true al=0},r=1,c=false/false,a=IDLE,uri=null,age=0}
03:19:49.865 [qtp399373008-57] DEBUG org.eclipse.jetty.server.HttpConnection - HttpConnection@5223623::DecryptedEndPoint@eefc83b{l=/127.0.0.1:43437,r=/127.0.0.1:54580,OPEN,fill=-,flush=-,to=46/30000} parse HeapByteBuffer@1719ebcb[p=0,l=152,c=17408,r=152]={<<<GET /config.yml HTTP/1.1\r...gent: okhttp/3.12.3\r\n\r\n>>>ocalhost0...\x00\x00\x00\x00\x00\x00\x00} {}
03:19:49.865 [qtp399373008-57] DEBUG org.eclipse.jetty.http.HttpParser - parseNext s=START HeapByteBuffer@1719ebcb[p=0,l=152,c=17408,r=152]={<<<GET /config.yml HTTP/1.1\r...gent: okhttp/3.12.3\r\n\r\n>>>ocalhost0...\x00\x00\x00\x00\x00\x00\x00}
03:19:49.865 [qtp399373008-57] DEBUG org.eclipse.jetty.http.HttpParser - START --> SPACE1
03:19:49.865 [qtp399373008-57] DEBUG org.eclipse.jetty.http.HttpParser - SPACE1 --> URI
03:19:49.865 [qtp399373008-57] DEBUG org.eclipse.jetty.http.HttpParser - URI --> SPACE2
03:19:49.865 [qtp399373008-57] DEBUG org.eclipse.jetty.http.HttpParser - SPACE2 --> REQUEST_VERSION
03:19:49.865 [qtp399373008-57] DEBUG org.eclipse.jetty.http.HttpParser - REQUEST_VERSION --> HEADER
03:19:49.865 [qtp399373008-57] DEBUG org.eclipse.jetty.http.HttpParser - HEADER:If-None-Match --> VALUE
03:19:49.865 [qtp399373008-57] DEBUG org.eclipse.jetty.http.HttpParser - HEADER:If-None-Match --> IN_VALUE
03:19:49.865 [qtp399373008-57] DEBUG org.eclipse.jetty.http.HttpParser - HEADER:If-None-Match --> FIELD
03:19:49.865 [qtp399373008-57] DEBUG org.eclipse.jetty.http.HttpParser - HEADER:Host: localhost:43437 --> IN_VALUE
03:19:49.865 [qtp399373008-57] DEBUG org.eclipse.jetty.http.HttpParser - HEADER:Host: localhost:43437 --> FIELD
03:19:49.865 [qtp399373008-57] DEBUG org.eclipse.jetty.http.HttpParser - HEADER:Connection: keep-alive --> IN_VALUE
03:19:49.865 [qtp399373008-57] DEBUG org.eclipse.jetty.http.HttpParser - HEADER:Connection: keep-alive --> FIELD
03:19:49.865 [qtp399373008-57] DEBUG org.eclipse.jetty.http.HttpParser - HEADER:Accept-Encoding: gzip --> IN_VALUE
03:19:49.865 [qtp399373008-57] DEBUG org.eclipse.jetty.http.HttpParser - HEADER:Accept-Encoding: gzip --> FIELD
03:19:49.865 [qtp399373008-57] DEBUG org.eclipse.jetty.http.HttpParser - HEADER:User-Agent: okhttp/3.12.3 --> IN_VALUE
03:19:49.865 [qtp399373008-57] DEBUG org.eclipse.jetty.http.HttpParser - HEADER:User-Agent: okhttp/3.12.3 --> FIELD
03:19:49.865 [qtp399373008-57] DEBUG org.eclipse.jetty.http.HttpParser - HEADER --> CONTENT
03:19:49.865 [qtp399373008-57] DEBUG org.eclipse.jetty.server.HttpChannel - REQUEST for //localhost:43437/config.yml on HttpChannelOverHttp@76aa1144{s=HttpChannelState@54a24ebd{s=IDLE rs=BLOCKING os=OPEN is=IDLE awp=false se=false i=true al=0},r=2,c=false/false,a=IDLE,uri=//localhost:43437/config.yml,age=0}
GET //localhost:43437/config.yml HTTP/1.1
If-None-Match: "testEtag"
Host: localhost:43437
Connection: keep-alive
Accept-Encoding: gzip
User-Agent: okhttp/3.12.3


03:19:49.865 [qtp399373008-57] DEBUG org.eclipse.jetty.server.HttpConnection - HttpConnection@5223623::DecryptedEndPoint@eefc83b{l=/127.0.0.1:43437,r=/127.0.0.1:54580,OPEN,fill=-,flush=-,to=46/30000} parsed true HttpParser{s=CONTENT,0 of -1}
03:19:49.865 [qtp399373008-57] DEBUG org.eclipse.jetty.server.HttpConnection - releaseRequestBuffer HttpConnection@5223623::DecryptedEndPoint@eefc83b{l=/127.0.0.1:43437,r=/127.0.0.1:54580,OPEN,fill=-,flush=-,to=46/30000}
03:19:49.865 [qtp399373008-57] DEBUG org.eclipse.jetty.server.HttpChannel - handle //localhost:43437/config.yml HttpChannelOverHttp@76aa1144{s=HttpChannelState@54a24ebd{s=IDLE rs=BLOCKING os=OPEN is=IDLE awp=false se=false i=true al=0},r=2,c=false/false,a=IDLE,uri=//localhost:43437/config.yml,age=0} 
03:19:49.865 [qtp399373008-57] DEBUG org.eclipse.jetty.server.HttpChannelState - handling HttpChannelState@54a24ebd{s=IDLE rs=BLOCKING os=OPEN is=IDLE awp=false se=false i=true al=0}
03:19:49.865 [qtp399373008-57] DEBUG org.eclipse.jetty.server.HttpChannel - action DISPATCH HttpChannelOverHttp@76aa1144{s=HttpChannelState@54a24ebd{s=HANDLING rs=BLOCKING os=OPEN is=IDLE awp=false se=false i=true al=0},r=2,c=false/false,a=HANDLING,uri=//localhost:43437/config.yml,age=0}
03:19:49.865 [qtp399373008-57] DEBUG org.eclipse.jetty.server.SecureRequestCustomizer - Host localhost with SNI null
03:19:49.865 [qtp399373008-57] DEBUG org.eclipse.jetty.server.Server - REQUEST GET /config.yml on HttpChannelOverHttp@76aa1144{s=HttpChannelState@54a24ebd{s=HANDLING rs=BLOCKING os=OPEN is=IDLE awp=false se=false i=true al=0},r=2,c=false/false,a=HANDLING,uri=https://localhost:43437/config.yml,age=0}
03:19:49.865 [qtp399373008-57] DEBUG org.eclipse.jetty.server.Server - handled=true async=false committed=false on HttpChannelOverHttp@76aa1144{s=HttpChannelState@54a24ebd{s=HANDLING rs=BLOCKING os=OPEN is=IDLE awp=false se=false i=true al=0},r=2,c=false/false,a=HANDLING,uri=https://localhost:43437/config.yml,age=0}
03:19:49.865 [qtp399373008-57] DEBUG org.eclipse.jetty.server.HttpChannelState - unhandle HttpChannelState@54a24ebd{s=HANDLING rs=BLOCKING os=OPEN is=IDLE awp=false se=false i=true al=0}
03:19:49.865 [qtp399373008-57] DEBUG org.eclipse.jetty.server.HttpChannelState - nextAction(false) COMPLETE HttpChannelState@54a24ebd{s=HANDLING rs=COMPLETING os=OPEN is=IDLE awp=false se=false i=false al=0}
03:19:49.865 [qtp399373008-57] DEBUG org.eclipse.jetty.server.HttpChannel - action COMPLETE HttpChannelOverHttp@76aa1144{s=HttpChannelState@54a24ebd{s=HANDLING rs=COMPLETING os=OPEN is=IDLE awp=false se=false i=false al=0},r=2,c=false/false,a=HANDLING,uri=https://localhost:43437/config.yml,age=0}
03:19:49.865 [qtp399373008-57] DEBUG org.eclipse.jetty.io.ssl.SslConnection - >fill SslConnection@65b5528d::SocketChannelEndPoint@200f5309{l=/127.0.0.1:43437,r=/127.0.0.1:54580,OPEN,fill=-,flush=-,to=1/30000}{io=0/0,kio=0,kro=1}->SslConnection@65b5528d{NOT_HANDSHAKING,eio=-1/-1,di=-1,fill=IDLE,flush=IDLE}~>DecryptedEndPoint@eefc83b{l=/127.0.0.1:43437,r=/127.0.0.1:54580,OPEN,fill=-,flush=-,to=46/30000}=>HttpConnection@5223623[p=HttpParser{s=CONTENT,0 of -1},g=HttpGenerator@15ebe010{s=START}]=>HttpChannelOverHttp@76aa1144{s=HttpChannelState@54a24ebd{s=HANDLING rs=COMPLETING os=OPEN is=IDLE awp=false se=false i=false al=0},r=2,c=false/false,a=HANDLING,uri=https://localhost:43437/config.yml,age=0}
03:19:49.865 [qtp399373008-57] DEBUG org.eclipse.jetty.io.ssl.SslConnection - fill NOT_HANDSHAKING
03:19:49.866 [qtp399373008-57] DEBUG org.eclipse.jetty.io.ChannelEndPoint - filled 0 HeapByteBuffer@13266df0[p=0,l=0,c=17408,r=0]={<<<>>>\x17\x03\x03\x00\xB9GET ...\x00\x00\x00\x00\x00\x00\x00}
03:19:49.866 [qtp399373008-57] DEBUG org.eclipse.jetty.io.ssl.SslConnection - net filled=0
03:19:49.866 [qtp399373008-57] DEBUG org.eclipse.jetty.io.ssl.SslConnection - unwrap net_filled=0 Status = BUFFER_UNDERFLOW HandshakeStatus = NOT_HANDSHAKING bytesConsumed = 0 bytesProduced = 0 encryptedBuffer=[p=0,l=0,c=17408,r=0] unwrapBuffer=HeapByteBuffer@19de0680[p=0,l=0,c=17408,r=0]={<<<>>>GET /conf...\x00\x00\x00\x00\x00\x00\x00} appBuffer=HeapByteBuffer@19de0680[p=0,l=0,c=17408,r=0]={<<<>>>GET /conf...\x00\x00\x00\x00\x00\x00\x00}
03:19:49.866 [qtp399373008-57] DEBUG org.eclipse.jetty.io.ssl.SslConnection - <fill f=0 uf=true SslConnection@65b5528d::SocketChannelEndPoint@200f5309{l=/127.0.0.1:43437,r=/127.0.0.1:54580,OPEN,fill=-,flush=-,to=1/30000}{io=0/0,kio=0,kro=1}->SslConnection@65b5528d{NOT_HANDSHAKING,eio=-1/-1,di=-1,fill=IDLE,flush=IDLE}~>DecryptedEndPoint@eefc83b{l=/127.0.0.1:43437,r=/127.0.0.1:54580,OPEN,fill=-,flush=-,to=46/30000}=>HttpConnection@5223623[p=HttpParser{s=CONTENT,0 of -1},g=HttpGenerator@15ebe010{s=START}]=>HttpChannelOverHttp@76aa1144{s=HttpChannelState@54a24ebd{s=HANDLING rs=COMPLETING os=OPEN is=IDLE awp=false se=false i=false al=0},r=2,c=false/false,a=HANDLING,uri=https://localhost:43437/config.yml,age=1}
03:19:49.866 [qtp399373008-57] DEBUG org.eclipse.jetty.io.ssl.SslConnection - >fill SslConnection@65b5528d::SocketChannelEndPoint@200f5309{l=/127.0.0.1:43437,r=/127.0.0.1:54580,OPEN,fill=-,flush=-,to=1/30000}{io=0/0,kio=0,kro=1}->SslConnection@65b5528d{NOT_HANDSHAKING,eio=-1/-1,di=-1,fill=IDLE,flush=IDLE}~>DecryptedEndPoint@eefc83b{l=/127.0.0.1:43437,r=/127.0.0.1:54580,OPEN,fill=-,flush=-,to=47/30000}=>HttpConnection@5223623[p=HttpParser{s=CONTENT,0 of -1},g=HttpGenerator@15ebe010{s=START}]=>HttpChannelOverHttp@76aa1144{s=HttpChannelState@54a24ebd{s=HANDLING rs=COMPLETING os=OPEN is=IDLE awp=false se=false i=false al=0},r=2,c=false/false,a=HANDLING,uri=https://localhost:43437/config.yml,age=1}
03:19:49.866 [qtp399373008-57] DEBUG org.eclipse.jetty.io.ssl.SslConnection - fill NOT_HANDSHAKING
03:19:49.866 [qtp399373008-57] DEBUG org.eclipse.jetty.io.ChannelEndPoint - filled 0 HeapByteBuffer@1719ebcb[p=0,l=0,c=17408,r=0]={<<<>>>GET /conf...\x00\x00\x00\x00\x00\x00\x00}
03:19:49.866 [qtp399373008-57] DEBUG org.eclipse.jetty.io.ssl.SslConnection - net filled=0
03:19:49.866 [qtp399373008-57] DEBUG org.eclipse.jetty.io.ssl.SslConnection - unwrap net_filled=0 Status = BUFFER_UNDERFLOW HandshakeStatus = NOT_HANDSHAKING bytesConsumed = 0 bytesProduced = 0 encryptedBuffer=[p=0,l=0,c=17408,r=0] unwrapBuffer=HeapByteBuffer@19de0680[p=0,l=0,c=17408,r=0]={<<<>>>GET /conf...\x00\x00\x00\x00\x00\x00\x00} appBuffer=HeapByteBuffer@19de0680[p=0,l=0,c=17408,r=0]={<<<>>>GET /conf...\x00\x00\x00\x00\x00\x00\x00}
03:19:49.866 [qtp399373008-57] DEBUG org.eclipse.jetty.io.ssl.SslConnection - <fill f=0 uf=true SslConnection@65b5528d::SocketChannelEndPoint@200f5309{l=/127.0.0.1:43437,r=/127.0.0.1:54580,OPEN,fill=-,flush=-,to=1/30000}{io=0/0,kio=0,kro=1}->SslConnection@65b5528d{NOT_HANDSHAKING,eio=-1/-1,di=-1,fill=IDLE,flush=IDLE}~>DecryptedEndPoint@eefc83b{l=/127.0.0.1:43437,r=/127.0.0.1:54580,OPEN,fill=-,flush=-,to=47/30000}=>HttpConnection@5223623[p=HttpParser{s=CONTENT,0 of -1},g=HttpGenerator@15ebe010{s=START}]=>HttpChannelOverHttp@76aa1144{s=HttpChannelState@54a24ebd{s=HANDLING rs=COMPLETING os=OPEN is=IDLE awp=false se=false i=false al=0},r=2,c=false/false,a=HANDLING,uri=https://localhost:43437/config.yml,age=1}
03:19:49.866 [qtp399373008-57] DEBUG org.eclipse.jetty.server.HttpConnection - HttpConnection@5223623::DecryptedEndPoint@eefc83b{l=/127.0.0.1:43437,r=/127.0.0.1:54580,OPEN,fill=-,flush=-,to=47/30000} filled 0 HeapByteBuffer@19de0680[p=0,l=0,c=17408,r=0]={<<<>>>GET /conf...\x00\x00\x00\x00\x00\x00\x00}
03:19:49.866 [qtp399373008-57] DEBUG org.eclipse.jetty.server.HttpConnection - HttpConnection@5223623::DecryptedEndPoint@eefc83b{l=/127.0.0.1:43437,r=/127.0.0.1:54580,OPEN,fill=-,flush=-,to=47/30000} parse HeapByteBuffer@19de0680[p=0,l=0,c=17408,r=0]={<<<>>>GET /conf...\x00\x00\x00\x00\x00\x00\x00} {}
03:19:49.866 [qtp399373008-57] DEBUG org.eclipse.jetty.http.HttpParser - parseNext s=CONTENT HeapByteBuffer@19de0680[p=0,l=0,c=17408,r=0]={<<<>>>GET /conf...\x00\x00\x00\x00\x00\x00\x00}
03:19:49.866 [qtp399373008-57] DEBUG org.eclipse.jetty.http.HttpParser - CONTENT --> CONTENT_END
03:19:49.866 [qtp399373008-57] DEBUG org.eclipse.jetty.server.HttpChannel - onContentComplete HttpChannelOverHttp@76aa1144{s=HttpChannelState@54a24ebd{s=HANDLING rs=COMPLETING os=OPEN is=IDLE awp=false se=false i=false al=0},r=2,c=false/false,a=HANDLING,uri=https://localhost:43437/config.yml,age=1}
03:19:49.866 [qtp399373008-57] DEBUG org.eclipse.jetty.http.HttpParser - CONTENT_END --> END
03:19:49.866 [qtp399373008-57] DEBUG org.eclipse.jetty.server.HttpChannel - onRequestComplete HttpChannelOverHttp@76aa1144{s=HttpChannelState@54a24ebd{s=HANDLING rs=COMPLETING os=OPEN is=IDLE awp=false se=false i=false al=0},r=2,c=false/false,a=HANDLING,uri=https://localhost:43437/config.yml,age=1}
03:19:49.866 [qtp399373008-57] DEBUG org.eclipse.jetty.server.HttpInput - HttpInputOverHTTP@663324a4[c=0,q=0,[0]=null,s=STREAM] addContent EOF
03:19:49.866 [qtp399373008-57] DEBUG org.eclipse.jetty.server.HttpConnection - HttpConnection@5223623::DecryptedEndPoint@eefc83b{l=/127.0.0.1:43437,r=/127.0.0.1:54580,OPEN,fill=-,flush=-,to=47/30000} parsed false HttpParser{s=END,0 of -1}
03:19:49.866 [qtp399373008-57] DEBUG org.eclipse.jetty.server.HttpConnection - releaseRequestBuffer HttpConnection@5223623::DecryptedEndPoint@eefc83b{l=/127.0.0.1:43437,r=/127.0.0.1:54580,OPEN,fill=-,flush=-,to=47/30000}
03:19:49.866 [qtp399373008-57] DEBUG org.eclipse.jetty.server.HttpOutput - complete(org.eclipse.jetty.util.Callback$3@5d5cef96) s=CLOSING,api=BLOCKED,sc=false,e=null s=false e=null, c=HeapByteBuffer@60c04197[p=0,l=0,c=0,r=0]={<<<>>>}
03:19:49.866 [qtp399373008-57] DEBUG org.eclipse.jetty.server.HttpChannel - sendResponse info=null content=HeapByteBuffer@60c04197[p=0,l=0,c=0,r=0]={<<<>>>} complete=true committing=true callback=org.eclipse.jetty.server.HttpOutput$WriteCompleteCB@4e553b36
03:19:49.866 [qtp399373008-57] DEBUG org.eclipse.jetty.server.HttpChannel - COMMIT for /config.yml on HttpChannelOverHttp@76aa1144{s=HttpChannelState@54a24ebd{s=HANDLING rs=COMPLETING os=COMMITTED is=IDLE awp=false se=false i=false al=0},r=2,c=false/false,a=HANDLING,uri=https://localhost:43437/config.yml,age=1}
304 null HTTP/1.1
Date: Thu, 02 May 2024 02:19:49 GMT
ETag: testEtag


03:19:49.867 [qtp399373008-57] DEBUG org.eclipse.jetty.server.HttpConnection - generate: NEED_HEADER for SendCallback@fc47dc1[PROCESSING][i=HTTP/1.1{s=304,h=2,cl=-1},cb=org.eclipse.jetty.server.HttpChannel$SendCallback@2f135768] (null,[p=0,l=0,c=0,r=0],true)@START
03:19:49.867 [qtp399373008-57] DEBUG org.eclipse.jetty.http.HttpGenerator - generateHeaders HTTP/1.1{s=304,h=2,cl=-1} last=true content=HeapByteBuffer@60c04197[p=0,l=0,c=0,r=0]={<<<>>>}
03:19:49.867 [qtp399373008-57] DEBUG org.eclipse.jetty.http.HttpGenerator - Date: Thu, 02 May 2024 02:19:49 GMT
ETag: testEtag


03:19:49.867 [qtp399373008-57] DEBUG org.eclipse.jetty.http.HttpGenerator - NO_CONTENT
03:19:49.867 [qtp399373008-57] DEBUG org.eclipse.jetty.server.HttpConnection - generate: FLUSH for SendCallback@fc47dc1[PROCESSING][i=HTTP/1.1{s=304,h=2,cl=-1},cb=org.eclipse.jetty.server.HttpChannel$SendCallback@2f135768] ([p=0,l=115,c=8192,r=115],[p=0,l=0,c=0,r=0],true)@COMPLETING
03:19:49.867 [qtp399373008-57] DEBUG org.eclipse.jetty.io.WriteFlusher - write: WriteFlusher@16b0a55e{IDLE}->null [HeapByteBuffer@3e9173d4[p=0,l=115,c=8192,r=115]={<<<HTTP/1.1 304 Not Modified...y(9.4.44.v20210927)\r\n\r\n>>>nt-Length...\x00\x00\x00\x00\x00\x00\x00}]
03:19:49.867 [qtp399373008-57] DEBUG org.eclipse.jetty.io.WriteFlusher - update WriteFlusher@16b0a55e{WRITING}->null:IDLE-->WRITING
03:19:49.867 [qtp399373008-57] DEBUG org.eclipse.jetty.io.ssl.SslConnection - >flush SslConnection@65b5528d::SocketChannelEndPoint@200f5309{l=/127.0.0.1:43437,r=/127.0.0.1:54580,OPEN,fill=-,flush=-,to=2/30000}{io=0/0,kio=0,kro=1}->SslConnection@65b5528d{NOT_HANDSHAKING,eio=-1/-1,di=-1,fill=IDLE,flush=IDLE}~>DecryptedEndPoint@eefc83b{l=/127.0.0.1:43437,r=/127.0.0.1:54580,OPEN,fill=-,flush=W,to=48/30000}=>HttpConnection@5223623[p=HttpParser{s=END,0 of -1},g=HttpGenerator@15ebe010{s=COMPLETING}]=>HttpChannelOverHttp@76aa1144{s=HttpChannelState@54a24ebd{s=HANDLING rs=COMPLETING os=COMMITTED is=IDLE awp=false se=false i=false al=0},r=2,c=false/false,a=HANDLING,uri=https://localhost:43437/config.yml,age=2}
03:19:49.867 [qtp399373008-57] DEBUG org.eclipse.jetty.io.ssl.SslConnection - flush b[0]=HeapByteBuffer@3e9173d4[p=0,l=115,c=8192,r=115]={<<<HTTP/1.1 304 Not Modified...y(9.4.44.v20210927)\r\n\r\n>>>nt-Length...\x00\x00\x00\x00\x00\x00\x00}
03:19:49.867 [qtp399373008-57] DEBUG org.eclipse.jetty.io.ssl.SslConnection - flush NOT_HANDSHAKING
03:19:49.867 [qtp399373008-57] DEBUG org.eclipse.jetty.io.ssl.SslConnection - wrap Status = OK HandshakeStatus = NOT_HANDSHAKING bytesConsumed = 115 bytesProduced = 153 [p=0,l=153,c=17408,r=153] ioDone=false/false
03:19:49.867 [qtp399373008-57] DEBUG org.eclipse.jetty.io.ChannelEndPoint - flushed 153 SocketChannelEndPoint@200f5309{l=/127.0.0.1:43437,r=/127.0.0.1:54580,OPEN,fill=-,flush=-,to=2/30000}{io=0/0,kio=0,kro=1}->SslConnection@65b5528d{NOT_HANDSHAKING,eio=-1/0,di=-1,fill=IDLE,flush=IDLE}~>DecryptedEndPoint@eefc83b{l=/127.0.0.1:43437,r=/127.0.0.1:54580,OPEN,fill=-,flush=W,to=48/30000}=>HttpConnection@5223623[p=HttpParser{s=END,0 of -1},g=HttpGenerator@15ebe010{s=COMPLETING}]=>HttpChannelOverHttp@76aa1144{s=HttpChannelState@54a24ebd{s=HANDLING rs=COMPLETING os=COMMITTED is=IDLE awp=false se=false i=false al=0},r=2,c=false/false,a=HANDLING,uri=https://localhost:43437/config.yml,age=2}
03:19:49.867 [qtp399373008-57] DEBUG org.eclipse.jetty.io.ssl.SslConnection - net flushed=true, ac=true
03:19:49.867 [qtp399373008-57] DEBUG org.eclipse.jetty.io.ssl.SslConnection - <flush true SslConnection@65b5528d::SocketChannelEndPoint@200f5309{l=/127.0.0.1:43437,r=/127.0.0.1:54580,OPEN,fill=-,flush=-,to=0/30000}{io=0/0,kio=0,kro=1}->SslConnection@65b5528d{NOT_HANDSHAKING,eio=-1/-1,di=-1,fill=IDLE,flush=IDLE}~>DecryptedEndPoint@eefc83b{l=/127.0.0.1:43437,r=/127.0.0.1:54580,OPEN,fill=-,flush=W,to=48/30000}=>HttpConnection@5223623[p=HttpParser{s=END,0 of -1},g=HttpGenerator@15ebe010{s=COMPLETING}]=>HttpChannelOverHttp@76aa1144{s=HttpChannelState@54a24ebd{s=HANDLING rs=COMPLETING os=COMMITTED is=IDLE awp=false se=false i=false al=0},r=2,c=false/false,a=HANDLING,uri=https://localhost:43437/config.yml,age=2}
03:19:49.867 [qtp399373008-57] DEBUG org.eclipse.jetty.io.WriteFlusher - Flushed=true written=115 remaining=0 WriteFlusher@16b0a55e{WRITING}->null
03:19:49.867 [main] DEBUG org.apache.nifi.minifi.bootstrap.configuration.ingestors.PullHttpChangeIngestor - Response received: Response{protocol=http/1.1, code=304, message=Not Modified, url=https://localhost:43437/config.yml}
03:19:49.867 [qtp399373008-57] DEBUG org.eclipse.jetty.io.WriteFlusher - update WriteFlusher@16b0a55e{IDLE}->null:WRITING-->IDLE
03:19:49.867 [qtp399373008-57] DEBUG org.eclipse.jetty.server.HttpConnection - generate: DONE for SendCallback@fc47dc1[PROCESSING][i=HTTP/1.1{s=304,h=2,cl=-1},cb=org.eclipse.jetty.server.HttpChannel$SendCallback@2f135768] ([p=115,l=115,c=8192,r=0],[p=0,l=0,c=0,r=0],true)@END
03:19:49.867 [qtp399373008-57] DEBUG org.eclipse.jetty.server.HttpOutput - onWriteComplete(true,null) s=CLOSING,api=BLOCKED,sc=false,e=null->s=CLOSED,api=BLOCKING,sc=false,e=null c=null cb=org.eclipse.jetty.util.Callback$3@5d5cef96 w=false
03:19:49.867 [qtp399373008-57] DEBUG org.eclipse.jetty.server.HttpChannelState - completed HttpChannelState@54a24ebd{s=HANDLING rs=COMPLETING os=COMPLETED is=IDLE awp=false se=false i=false al=0}
03:19:49.867 [qtp399373008-57] DEBUG org.eclipse.jetty.server.HttpChannelState - unhandle HttpChannelState@54a24ebd{s=HANDLING rs=COMPLETED os=COMPLETED is=IDLE awp=false se=false i=false al=0}
03:19:49.867 [qtp399373008-57] DEBUG org.eclipse.jetty.server.HttpChannelState - nextAction(false) TERMINATED HttpChannelState@54a24ebd{s=IDLE rs=COMPLETED os=COMPLETED is=IDLE awp=false se=false i=false al=0}
03:19:49.867 [qtp399373008-57] DEBUG org.eclipse.jetty.server.HttpChannel - action TERMINATED HttpChannelOverHttp@76aa1144{s=HttpChannelState@54a24ebd{s=IDLE rs=COMPLETED os=COMPLETED is=IDLE awp=false se=false i=false al=0},r=2,c=true/true,a=IDLE,uri=https://localhost:43437/config.yml,age=2}
03:19:49.867 [qtp399373008-57] DEBUG org.eclipse.jetty.server.HttpChannel - onCompleted for /config.yml written=0
03:19:49.867 [qtp399373008-57] DEBUG org.eclipse.jetty.server.HttpChannelState - recycle HttpChannelState@54a24ebd{s=IDLE rs=COMPLETED os=COMPLETED is=IDLE awp=false se=false i=false al=0}
03:19:49.867 [qtp399373008-57] DEBUG org.eclipse.jetty.http.HttpParser - reset HttpParser{s=END,0 of -1}
03:19:49.868 [qtp399373008-57] DEBUG org.eclipse.jetty.http.HttpParser - END --> START
]]></system-out>
  </testcase>
  <testcase name="testSecurityOverride" classname="org.apache.nifi.minifi.bootstrap.configuration.ingestors.PullHttpChangeIngestorSSLTest" time="0.071">
    <system-out><![CDATA[03:19:49.868 [qtp399373008-57] DEBUG org.eclipse.jetty.server.HttpChannel - !handle TERMINATED HttpChannelOverHttp@76aa1144{s=HttpChannelState@54a24ebd{s=IDLE rs=BLOCKING os=OPEN is=IDLE awp=false se=false i=true al=0},r=2,c=false/false,a=IDLE,uri=null,age=0}
03:19:49.868 [qtp399373008-57] DEBUG org.eclipse.jetty.io.ssl.SslConnection - >fill SslConnection@65b5528d::SocketChannelEndPoint@200f5309{l=/127.0.0.1:43437,r=/127.0.0.1:54580,OPEN,fill=-,flush=-,to=0/30000}{io=0/0,kio=0,kro=1}->SslConnection@65b5528d{NOT_HANDSHAKING,eio=-1/-1,di=-1,fill=IDLE,flush=IDLE}~>DecryptedEndPoint@eefc83b{l=/127.0.0.1:43437,r=/127.0.0.1:54580,OPEN,fill=-,flush=-,to=49/30000}=>HttpConnection@5223623[p=HttpParser{s=START,0 of -1},g=HttpGenerator@15ebe010{s=START}]=>HttpChannelOverHttp@76aa1144{s=HttpChannelState@54a24ebd{s=IDLE rs=BLOCKING os=OPEN is=IDLE awp=false se=false i=true al=0},r=2,c=false/false,a=IDLE,uri=null,age=0}
03:19:49.868 [qtp399373008-57] DEBUG org.eclipse.jetty.io.ssl.SslConnection - fill NOT_HANDSHAKING
03:19:49.868 [qtp399373008-57] DEBUG org.eclipse.jetty.io.ChannelEndPoint - filled 0 HeapByteBuffer@19de0680[p=0,l=0,c=17408,r=0]={<<<>>>GET /conf...\x00\x00\x00\x00\x00\x00\x00}
03:19:49.868 [qtp399373008-57] DEBUG org.eclipse.jetty.io.ssl.SslConnection - net filled=0
03:19:49.868 [qtp399373008-57] DEBUG org.eclipse.jetty.io.ssl.SslConnection - unwrap net_filled=0 Status = BUFFER_UNDERFLOW HandshakeStatus = NOT_HANDSHAKING bytesConsumed = 0 bytesProduced = 0 encryptedBuffer=[p=0,l=0,c=17408,r=0] unwrapBuffer=HeapByteBuffer@1719ebcb[p=0,l=0,c=17408,r=0]={<<<>>>GET /conf...\x00\x00\x00\x00\x00\x00\x00} appBuffer=HeapByteBuffer@1719ebcb[p=0,l=0,c=17408,r=0]={<<<>>>GET /conf...\x00\x00\x00\x00\x00\x00\x00}
03:19:49.868 [qtp399373008-57] DEBUG org.eclipse.jetty.io.ssl.SslConnection - <fill f=0 uf=true SslConnection@65b5528d::SocketChannelEndPoint@200f5309{l=/127.0.0.1:43437,r=/127.0.0.1:54580,OPEN,fill=-,flush=-,to=0/30000}{io=0/0,kio=0,kro=1}->SslConnection@65b5528d{NOT_HANDSHAKING,eio=-1/-1,di=-1,fill=IDLE,flush=IDLE}~>DecryptedEndPoint@eefc83b{l=/127.0.0.1:43437,r=/127.0.0.1:54580,OPEN,fill=-,flush=-,to=49/30000}=>HttpConnection@5223623[p=HttpParser{s=START,0 of -1},g=HttpGenerator@15ebe010{s=START}]=>HttpChannelOverHttp@76aa1144{s=HttpChannelState@54a24ebd{s=IDLE rs=BLOCKING os=OPEN is=IDLE awp=false se=false i=true al=0},r=2,c=false/false,a=IDLE,uri=null,age=0}
03:19:49.868 [qtp399373008-57] DEBUG org.eclipse.jetty.io.ssl.SslConnection - >fill SslConnection@65b5528d::SocketChannelEndPoint@200f5309{l=/127.0.0.1:43437,r=/127.0.0.1:54580,OPEN,fill=-,flush=-,to=0/30000}{io=0/0,kio=0,kro=1}->SslConnection@65b5528d{NOT_HANDSHAKING,eio=-1/-1,di=-1,fill=IDLE,flush=IDLE}~>DecryptedEndPoint@eefc83b{l=/127.0.0.1:43437,r=/127.0.0.1:54580,OPEN,fill=-,flush=-,to=49/30000}=>HttpConnection@5223623[p=HttpParser{s=START,0 of -1},g=HttpGenerator@15ebe010{s=START}]=>HttpChannelOverHttp@76aa1144{s=HttpChannelState@54a24ebd{s=IDLE rs=BLOCKING os=OPEN is=IDLE awp=false se=false i=true al=0},r=2,c=false/false,a=IDLE,uri=null,age=0}
03:19:49.868 [qtp399373008-57] DEBUG org.eclipse.jetty.io.ssl.SslConnection - fill NOT_HANDSHAKING
03:19:49.868 [qtp399373008-57] DEBUG org.eclipse.jetty.io.ChannelEndPoint - filled 0 HeapByteBuffer@13266df0[p=0,l=0,c=17408,r=0]={<<<>>>\x17\x03\x03\x00\x946m\xF7^...\x00\x00\x00\x00\x00\x00\x00}
03:19:49.868 [qtp399373008-57] DEBUG org.eclipse.jetty.io.ssl.SslConnection - net filled=0
03:19:49.868 [qtp399373008-57] DEBUG org.eclipse.jetty.io.ssl.SslConnection - unwrap net_filled=0 Status = BUFFER_UNDERFLOW HandshakeStatus = NOT_HANDSHAKING bytesConsumed = 0 bytesProduced = 0 encryptedBuffer=[p=0,l=0,c=17408,r=0] unwrapBuffer=HeapByteBuffer@1719ebcb[p=0,l=0,c=17408,r=0]={<<<>>>GET /conf...\x00\x00\x00\x00\x00\x00\x00} appBuffer=HeapByteBuffer@1719ebcb[p=0,l=0,c=17408,r=0]={<<<>>>GET /conf...\x00\x00\x00\x00\x00\x00\x00}
03:19:49.868 [qtp399373008-57] DEBUG org.eclipse.jetty.io.ssl.SslConnection - <fill f=0 uf=true SslConnection@65b5528d::SocketChannelEndPoint@200f5309{l=/127.0.0.1:43437,r=/127.0.0.1:54580,OPEN,fill=-,flush=-,to=0/30000}{io=0/0,kio=0,kro=1}->SslConnection@65b5528d{NOT_HANDSHAKING,eio=-1/-1,di=-1,fill=IDLE,flush=IDLE}~>DecryptedEndPoint@eefc83b{l=/127.0.0.1:43437,r=/127.0.0.1:54580,OPEN,fill=-,flush=-,to=49/30000}=>HttpConnection@5223623[p=HttpParser{s=START,0 of -1},g=HttpGenerator@15ebe010{s=START}]=>HttpChannelOverHttp@76aa1144{s=HttpChannelState@54a24ebd{s=IDLE rs=BLOCKING os=OPEN is=IDLE awp=false se=false i=true al=0},r=2,c=false/false,a=IDLE,uri=null,age=0}
03:19:49.868 [qtp399373008-57] DEBUG org.eclipse.jetty.server.HttpConnection - HttpConnection@5223623::DecryptedEndPoint@eefc83b{l=/127.0.0.1:43437,r=/127.0.0.1:54580,OPEN,fill=-,flush=-,to=49/30000} filled 0 HeapByteBuffer@1719ebcb[p=0,l=0,c=17408,r=0]={<<<>>>GET /conf...\x00\x00\x00\x00\x00\x00\x00}
03:19:49.868 [qtp399373008-57] DEBUG org.eclipse.jetty.server.HttpConnection - HttpConnection@5223623::DecryptedEndPoint@eefc83b{l=/127.0.0.1:43437,r=/127.0.0.1:54580,OPEN,fill=-,flush=-,to=49/30000} parse HeapByteBuffer@1719ebcb[p=0,l=0,c=17408,r=0]={<<<>>>GET /conf...\x00\x00\x00\x00\x00\x00\x00} {}
03:19:49.868 [qtp399373008-57] DEBUG org.eclipse.jetty.http.HttpParser - parseNext s=START HeapByteBuffer@1719ebcb[p=0,l=0,c=17408,r=0]={<<<>>>GET /conf...\x00\x00\x00\x00\x00\x00\x00}
03:19:49.868 [qtp399373008-57] DEBUG org.eclipse.jetty.server.HttpConnection - HttpConnection@5223623::DecryptedEndPoint@eefc83b{l=/127.0.0.1:43437,r=/127.0.0.1:54580,OPEN,fill=-,flush=-,to=49/30000} parsed false HttpParser{s=START,0 of -1}
03:19:49.868 [qtp399373008-57] DEBUG org.eclipse.jetty.server.HttpConnection - releaseRequestBuffer HttpConnection@5223623::DecryptedEndPoint@eefc83b{l=/127.0.0.1:43437,r=/127.0.0.1:54580,OPEN,fill=-,flush=-,to=49/30000}
03:19:49.868 [qtp399373008-57] DEBUG org.eclipse.jetty.io.AbstractConnection - fillInterested HttpConnection@5223623::DecryptedEndPoint@eefc83b{l=/127.0.0.1:43437,r=/127.0.0.1:54580,OPEN,fill=-,flush=-,to=49/30000}
03:19:49.868 [qtp399373008-57] DEBUG org.eclipse.jetty.io.FillInterest - interested FillInterest@16c4fa0{AC.ReadCB@5223623{HttpConnection@5223623::DecryptedEndPoint@eefc83b{l=/127.0.0.1:43437,r=/127.0.0.1:54580,OPEN,fill=FI,flush=-,to=0/30000}}}
03:19:49.868 [qtp399373008-57] DEBUG org.eclipse.jetty.io.ssl.SslConnection - >needFillInterest s=IDLE/IDLE uf=true ei=null di=null SslConnection@65b5528d::SocketChannelEndPoint@200f5309{l=/127.0.0.1:43437,r=/127.0.0.1:54580,OPEN,fill=-,flush=-,to=1/30000}{io=0/0,kio=0,kro=1}->SslConnection@65b5528d{NOT_HANDSHAKING,eio=-1/-1,di=-1,fill=IDLE,flush=IDLE}~>DecryptedEndPoint@eefc83b{l=/127.0.0.1:43437,r=/127.0.0.1:54580,OPEN,fill=FI,flush=-,to=0/30000}=>HttpConnection@5223623[p=HttpParser{s=START,0 of -1},g=HttpGenerator@15ebe010{s=START}]=>HttpChannelOverHttp@76aa1144{s=HttpChannelState@54a24ebd{s=IDLE rs=BLOCKING os=OPEN is=IDLE awp=false se=false i=true al=0},r=2,c=false/false,a=IDLE,uri=null,age=0}
03:19:49.868 [qtp399373008-57] DEBUG org.eclipse.jetty.io.ssl.SslConnection - <needFillInterest s=IDLE/INTERESTED f=false i=true w=null
03:19:49.869 [qtp399373008-57] DEBUG org.eclipse.jetty.io.ssl.SslConnection - ensureFillInterested SslConnection@65b5528d::SocketChannelEndPoint@200f5309{l=/127.0.0.1:43437,r=/127.0.0.1:54580,OPEN,fill=-,flush=-,to=1/30000}{io=0/0,kio=0,kro=1}->SslConnection@65b5528d{NOT_HANDSHAKING,eio=-1/-1,di=-1,fill=INTERESTED,flush=IDLE}~>DecryptedEndPoint@eefc83b{l=/127.0.0.1:43437,r=/127.0.0.1:54580,OPEN,fill=FI,flush=-,to=0/30000}=>HttpConnection@5223623[p=HttpParser{s=START,0 of -1},g=HttpGenerator@15ebe010{s=START}]=>HttpChannelOverHttp@76aa1144{s=HttpChannelState@54a24ebd{s=IDLE rs=BLOCKING os=OPEN is=IDLE awp=false se=false i=true al=0},r=2,c=false/false,a=IDLE,uri=null,age=0}
03:19:49.869 [qtp399373008-57] DEBUG org.eclipse.jetty.io.FillInterest - interested FillInterest@375f3c8{SSLC.NBReadCB@65b5528d{SslConnection@65b5528d::SocketChannelEndPoint@200f5309{l=/127.0.0.1:43437,r=/127.0.0.1:54580,OPEN,fill=FI,flush=-,to=0/30000}{io=0/0,kio=0,kro=1}->SslConnection@65b5528d{NOT_HANDSHAKING,eio=-1/-1,di=-1,fill=INTERESTED,flush=IDLE}~>DecryptedEndPoint@eefc83b{l=/127.0.0.1:43437,r=/127.0.0.1:54580,OPEN,fill=FI,flush=-,to=0/30000}=>HttpConnection@5223623[p=HttpParser{s=START,0 of -1},g=HttpGenerator@15ebe010{s=START}]=>HttpChannelOverHttp@76aa1144{s=HttpChannelState@54a24ebd{s=IDLE rs=BLOCKING os=OPEN is=IDLE awp=false se=false i=true al=0},r=2,c=false/false,a=IDLE,uri=null,age=0}}}
03:19:49.869 [qtp399373008-57] DEBUG org.eclipse.jetty.io.ChannelEndPoint - changeInterests p=false 0->1 for SocketChannelEndPoint@200f5309{l=/127.0.0.1:43437,r=/127.0.0.1:54580,OPEN,fill=FI,flush=-,to=0/30000}{io=0/1,kio=0,kro=1}->SslConnection@65b5528d{NOT_HANDSHAKING,eio=-1/-1,di=-1,fill=INTERESTED,flush=IDLE}~>DecryptedEndPoint@eefc83b{l=/127.0.0.1:43437,r=/127.0.0.1:54580,OPEN,fill=FI,flush=-,to=0/30000}=>HttpConnection@5223623[p=HttpParser{s=START,0 of -1},g=HttpGenerator@15ebe010{s=START}]=>HttpChannelOverHttp@76aa1144{s=HttpChannelState@54a24ebd{s=IDLE rs=BLOCKING os=OPEN is=IDLE awp=false se=false i=true al=0},r=2,c=false/false,a=IDLE,uri=null,age=0}
03:19:49.869 [qtp399373008-57] DEBUG org.eclipse.jetty.io.ManagedSelector - Queued change lazy=false org.eclipse.jetty.io.ChannelEndPoint$$Lambda$255/90666987@4c9bf811 on ManagedSelector@4e70a728{STARTED} id=0 keys=1 selected=0 updates=0
03:19:49.869 [qtp399373008-57] DEBUG org.eclipse.jetty.io.ManagedSelector - Wakeup on submit ManagedSelector@4e70a728{STARTED} id=0 keys=1 selected=0 updates=1
03:19:49.869 [qtp399373008-56] DEBUG org.eclipse.jetty.io.ManagedSelector - Selector sun.nio.ch.EPollSelectorImpl@3702dbe9 woken with none selected
03:19:49.869 [qtp399373008-56] DEBUG org.eclipse.jetty.io.ManagedSelector - Selector sun.nio.ch.EPollSelectorImpl@3702dbe9 woken up from select, 0/0/1 selected
03:19:49.869 [qtp399373008-57] DEBUG org.eclipse.jetty.server.HttpConnection - HttpConnection@5223623::DecryptedEndPoint@eefc83b{l=/127.0.0.1:43437,r=/127.0.0.1:54580,OPEN,fill=FI,flush=-,to=0/30000} onFillable exit HttpChannelState@54a24ebd{s=IDLE rs=BLOCKING os=OPEN is=IDLE awp=false se=false i=true al=0} null
03:19:49.869 [qtp399373008-56] DEBUG org.eclipse.jetty.io.ManagedSelector - Selector sun.nio.ch.EPollSelectorImpl@3702dbe9 processing 0 keys, 1 updates
03:19:49.869 [qtp399373008-56] DEBUG org.eclipse.jetty.io.ManagedSelector - updateable 1
03:19:49.869 [qtp399373008-56] DEBUG org.eclipse.jetty.io.ManagedSelector - update org.eclipse.jetty.io.ChannelEndPoint$$Lambda$255/90666987@4c9bf811
03:19:49.869 [qtp399373008-57] DEBUG org.eclipse.jetty.io.ssl.SslConnection - <c.onFillable SslConnection@65b5528d::SocketChannelEndPoint@200f5309{l=/127.0.0.1:43437,r=/127.0.0.1:54580,OPEN,fill=FI,flush=-,to=0/30000}{io=0/1,kio=0,kro=1}->SslConnection@65b5528d{NOT_HANDSHAKING,eio=-1/-1,di=-1,fill=INTERESTED,flush=IDLE}~>DecryptedEndPoint@eefc83b{l=/127.0.0.1:43437,r=/127.0.0.1:54580,OPEN,fill=FI,flush=-,to=0/30000}=>HttpConnection@5223623[p=HttpParser{s=START,0 of -1},g=HttpGenerator@15ebe010{s=START}]=>HttpChannelOverHttp@76aa1144{s=HttpChannelState@54a24ebd{s=IDLE rs=BLOCKING os=OPEN is=IDLE awp=false se=false i=true al=0},r=2,c=false/false,a=IDLE,uri=null,age=0}
03:19:49.869 [qtp399373008-57] DEBUG org.eclipse.jetty.util.thread.ReservedThreadExecutor - ReservedThread@2c51a9d9{RUNNING,thread=Thread[qtp399373008-57,5,main]} was=RUNNING next=RESERVED size=0+2 capacity=8
03:19:49.869 [qtp399373008-56] DEBUG org.eclipse.jetty.io.ChannelEndPoint - Key interests updated 0 -> 1 on SocketChannelEndPoint@200f5309{l=/127.0.0.1:43437,r=/127.0.0.1:54580,OPEN,fill=FI,flush=-,to=0/30000}{io=1/1,kio=1,kro=1}->SslConnection@65b5528d{NOT_HANDSHAKING,eio=-1/-1,di=-1,fill=INTERESTED,flush=IDLE}~>DecryptedEndPoint@eefc83b{l=/127.0.0.1:43437,r=/127.0.0.1:54580,OPEN,fill=FI,flush=-,to=0/30000}=>HttpConnection@5223623[p=HttpParser{s=START,0 of -1},g=HttpGenerator@15ebe010{s=START}]=>HttpChannelOverHttp@76aa1144{s=HttpChannelState@54a24ebd{s=IDLE rs=BLOCKING os=OPEN is=IDLE awp=false se=false i=true al=0},r=2,c=false/false,a=IDLE,uri=null,age=0}
03:19:49.869 [qtp399373008-56] DEBUG org.eclipse.jetty.io.ManagedSelector - updates 0
03:19:49.869 [qtp399373008-57] DEBUG org.eclipse.jetty.util.thread.ReservedThreadExecutor - ReservedThread@2c51a9d9{RESERVED,thread=Thread[qtp399373008-57,5,main]} waiting ReservedThreadExecutor@424fd310{reserved=2/8,pending=0}
03:19:49.869 [qtp399373008-56] DEBUG org.eclipse.jetty.io.ManagedSelector - Selector sun.nio.ch.EPollSelectorImpl@3702dbe9 waiting with 1 keys
03:19:49.870 [main] DEBUG org.apache.nifi.minifi.bootstrap.configuration.ingestors.PullHttpChangeIngestor - Attempting to pull new config
03:19:49.870 [qtp399373008-59-acceptor-0@53dacd14-ServerConnector@2374d36a{SSL, (ssl, http/1.1)}{localhost:43437}] DEBUG org.eclipse.jetty.io.ManagedSelector - Queued change lazy=false Accept@57b5b50e[java.nio.channels.SocketChannel[connected local=/127.0.0.1:43437 remote=/127.0.0.1:54592]] on ManagedSelector@5733f295{STARTED} id=1 keys=1 selected=0 updates=0
03:19:49.870 [qtp399373008-59-acceptor-0@53dacd14-ServerConnector@2374d36a{SSL, (ssl, http/1.1)}{localhost:43437}] DEBUG org.eclipse.jetty.io.ManagedSelector - Wakeup on submit ManagedSelector@5733f295{STARTED} id=1 keys=1 selected=0 updates=1
03:19:49.870 [qtp399373008-60] DEBUG org.eclipse.jetty.io.ManagedSelector - Selector sun.nio.ch.EPollSelectorImpl@342f02f2 woken with none selected
03:19:49.870 [qtp399373008-60] DEBUG org.eclipse.jetty.io.ManagedSelector - Selector sun.nio.ch.EPollSelectorImpl@342f02f2 woken up from select, 0/0/1 selected
03:19:49.870 [qtp399373008-60] DEBUG org.eclipse.jetty.io.ManagedSelector - Selector sun.nio.ch.EPollSelectorImpl@342f02f2 processing 0 keys, 1 updates
03:19:49.870 [qtp399373008-60] DEBUG org.eclipse.jetty.io.ManagedSelector - updateable 1
03:19:49.871 [qtp399373008-60] DEBUG org.eclipse.jetty.io.ManagedSelector - update Accept@57b5b50e[java.nio.channels.SocketChannel[connected local=/127.0.0.1:43437 remote=/127.0.0.1:54592]]
03:19:49.871 [qtp399373008-60] DEBUG org.eclipse.jetty.util.thread.QueuedThreadPool - queue Accept@57b5b50e[java.nio.channels.SocketChannel[connected local=/127.0.0.1:43437 remote=/127.0.0.1:54592]] startThread=0
03:19:49.871 [qtp399373008-60] DEBUG org.eclipse.jetty.io.ManagedSelector - updates 0
03:19:49.871 [qtp399373008-60] DEBUG org.eclipse.jetty.io.ManagedSelector - Selector sun.nio.ch.EPollSelectorImpl@342f02f2 waiting with 2 keys
03:19:49.871 [qtp399373008-55] DEBUG org.eclipse.jetty.util.thread.QueuedThreadPool - run Accept@57b5b50e[java.nio.channels.SocketChannel[connected local=/127.0.0.1:43437 remote=/127.0.0.1:54592]] in QueuedThreadPool[qtp399373008]@17cdf2d0{STARTED,8<=8<=200,i=0,r=-1,q=0}[ReservedThreadExecutor@424fd310{reserved=2/8,pending=0}]
03:19:49.871 [qtp399373008-55] DEBUG org.eclipse.jetty.io.IdleTimeout - SocketChannelEndPoint@3dfab099{l=/127.0.0.1:43437,r=/127.0.0.1:54592,OPEN,fill=-,flush=-,to=0/30000}{io=0/0,kio=0,kro=0}-><null> idle timeout check, elapsed: 0 ms, remaining: 30000 ms
03:19:49.871 [qtp399373008-55] DEBUG org.eclipse.jetty.util.ssl.SslContextFactory - Customize sun.security.ssl.SSLEngineImpl@78f83942
03:19:49.871 [qtp399373008-55] DEBUG org.eclipse.jetty.server.HttpChannel - new HttpChannelOverHttp@59847827{s=HttpChannelState@49cac695{s=IDLE rs=BLOCKING os=OPEN is=IDLE awp=false se=false i=true al=0},r=0,c=false/false,a=IDLE,uri=null,age=0} -> DecryptedEndPoint@215cd94d{l=/127.0.0.1:43437,r=/127.0.0.1:54592,OPEN,fill=-,flush=-,to=0/30000},null,HttpChannelState@49cac695{s=IDLE rs=BLOCKING os=OPEN is=IDLE awp=false se=false i=true al=0}
03:19:49.871 [qtp399373008-55] DEBUG org.eclipse.jetty.server.HttpConnection - New HTTP Connection HttpConnection@18d7c60d::DecryptedEndPoint@215cd94d{l=/127.0.0.1:43437,r=/127.0.0.1:54592,OPEN,fill=-,flush=-,to=0/30000}
03:19:49.871 [qtp399373008-55] DEBUG org.eclipse.jetty.io.ManagedSelector - Queued change lazy=true org.eclipse.jetty.io.ManagedSelector$$Lambda$258/445561681@6268d070 on ManagedSelector@5733f295{STARTED} id=1 keys=2 selected=0 updates=0
03:19:49.871 [qtp399373008-55] DEBUG org.eclipse.jetty.io.AbstractEndPoint - onOpen SocketChannelEndPoint@3dfab099{l=/127.0.0.1:43437,r=/127.0.0.1:54592,OPEN,fill=-,flush=-,to=0/30000}{io=0/0,kio=0,kro=0}->SslConnection@7d094cc6{NOT_HANDSHAKING,eio=-1/-1,di=-1,fill=IDLE,flush=IDLE}~>DecryptedEndPoint@215cd94d{l=/127.0.0.1:43437,r=/127.0.0.1:54592,OPEN,fill=-,flush=-,to=0/30000}=>HttpConnection@18d7c60d[p=HttpParser{s=START,0 of -1},g=HttpGenerator@3a58749b{s=START}]=>HttpChannelOverHttp@59847827{s=HttpChannelState@49cac695{s=IDLE rs=BLOCKING os=OPEN is=IDLE awp=false se=false i=true al=0},r=0,c=false/false,a=IDLE,uri=null,age=0}
03:19:49.871 [qtp399373008-55] DEBUG org.eclipse.jetty.io.AbstractConnection - onOpen SslConnection@7d094cc6::SocketChannelEndPoint@3dfab099{l=/127.0.0.1:43437,r=/127.0.0.1:54592,OPEN,fill=-,flush=-,to=0/30000}{io=0/0,kio=0,kro=0}->SslConnection@7d094cc6{NOT_HANDSHAKING,eio=-1/-1,di=-1,fill=IDLE,flush=IDLE}~>DecryptedEndPoint@215cd94d{l=/127.0.0.1:43437,r=/127.0.0.1:54592,OPEN,fill=-,flush=-,to=0/30000}=>HttpConnection@18d7c60d[p=HttpParser{s=START,0 of -1},g=HttpGenerator@3a58749b{s=START}]=>HttpChannelOverHttp@59847827{s=HttpChannelState@49cac695{s=IDLE rs=BLOCKING os=OPEN is=IDLE awp=false se=false i=true al=0},r=0,c=false/false,a=IDLE,uri=null,age=0}
03:19:49.872 [qtp399373008-55] DEBUG org.eclipse.jetty.io.AbstractConnection - onOpen HttpConnection@18d7c60d::DecryptedEndPoint@215cd94d{l=/127.0.0.1:43437,r=/127.0.0.1:54592,OPEN,fill=-,flush=-,to=0/30000}
03:19:49.872 [qtp399373008-55] DEBUG org.eclipse.jetty.io.AbstractConnection - fillInterested HttpConnection@18d7c60d::DecryptedEndPoint@215cd94d{l=/127.0.0.1:43437,r=/127.0.0.1:54592,OPEN,fill=-,flush=-,to=0/30000}
03:19:49.872 [qtp399373008-55] DEBUG org.eclipse.jetty.io.FillInterest - interested FillInterest@1c993a73{AC.ReadCB@18d7c60d{HttpConnection@18d7c60d::DecryptedEndPoint@215cd94d{l=/127.0.0.1:43437,r=/127.0.0.1:54592,OPEN,fill=FI,flush=-,to=0/30000}}}
03:19:49.872 [qtp399373008-55] DEBUG org.eclipse.jetty.io.ssl.SslConnection - >needFillInterest s=IDLE/IDLE uf=false ei=null di=null SslConnection@7d094cc6::SocketChannelEndPoint@3dfab099{l=/127.0.0.1:43437,r=/127.0.0.1:54592,OPEN,fill=-,flush=-,to=0/30000}{io=0/0,kio=0,kro=0}->SslConnection@7d094cc6{NOT_HANDSHAKING,eio=-1/-1,di=-1,fill=IDLE,flush=IDLE}~>DecryptedEndPoint@215cd94d{l=/127.0.0.1:43437,r=/127.0.0.1:54592,OPEN,fill=FI,flush=-,to=0/30000}=>HttpConnection@18d7c60d[p=HttpParser{s=START,0 of -1},g=HttpGenerator@3a58749b{s=START}]=>HttpChannelOverHttp@59847827{s=HttpChannelState@49cac695{s=IDLE rs=BLOCKING os=OPEN is=IDLE awp=false se=false i=true al=0},r=0,c=false/false,a=IDLE,uri=null,age=0}
03:19:49.872 [qtp399373008-55] DEBUG org.eclipse.jetty.io.ssl.SslConnection - <needFillInterest s=IDLE/INTERESTED f=false i=true w=null
03:19:49.872 [qtp399373008-55] DEBUG org.eclipse.jetty.io.ssl.SslConnection - ensureFillInterested SslConnection@7d094cc6::SocketChannelEndPoint@3dfab099{l=/127.0.0.1:43437,r=/127.0.0.1:54592,OPEN,fill=-,flush=-,to=0/30000}{io=0/0,kio=0,kro=0}->SslConnection@7d094cc6{NOT_HANDSHAKING,eio=-1/-1,di=-1,fill=INTERESTED,flush=IDLE}~>DecryptedEndPoint@215cd94d{l=/127.0.0.1:43437,r=/127.0.0.1:54592,OPEN,fill=FI,flush=-,to=0/30000}=>HttpConnection@18d7c60d[p=HttpParser{s=START,0 of -1},g=HttpGenerator@3a58749b{s=START}]=>HttpChannelOverHttp@59847827{s=HttpChannelState@49cac695{s=IDLE rs=BLOCKING os=OPEN is=IDLE awp=false se=false i=true al=0},r=0,c=false/false,a=IDLE,uri=null,age=0}
03:19:49.872 [qtp399373008-55] DEBUG org.eclipse.jetty.io.FillInterest - interested FillInterest@385682c0{SSLC.NBReadCB@7d094cc6{SslConnection@7d094cc6::SocketChannelEndPoint@3dfab099{l=/127.0.0.1:43437,r=/127.0.0.1:54592,OPEN,fill=FI,flush=-,to=0/30000}{io=0/0,kio=0,kro=0}->SslConnection@7d094cc6{NOT_HANDSHAKING,eio=-1/-1,di=-1,fill=INTERESTED,flush=IDLE}~>DecryptedEndPoint@215cd94d{l=/127.0.0.1:43437,r=/127.0.0.1:54592,OPEN,fill=FI,flush=-,to=0/30000}=>HttpConnection@18d7c60d[p=HttpParser{s=START,0 of -1},g=HttpGenerator@3a58749b{s=START}]=>HttpChannelOverHttp@59847827{s=HttpChannelState@49cac695{s=IDLE rs=BLOCKING os=OPEN is=IDLE awp=false se=false i=true al=0},r=0,c=false/false,a=IDLE,uri=null,age=0}}}
03:19:49.872 [qtp399373008-55] DEBUG org.eclipse.jetty.io.ChannelEndPoint - changeInterests p=false 0->1 for SocketChannelEndPoint@3dfab099{l=/127.0.0.1:43437,r=/127.0.0.1:54592,OPEN,fill=FI,flush=-,to=0/30000}{io=0/1,kio=0,kro=0}->SslConnection@7d094cc6{NOT_HANDSHAKING,eio=-1/-1,di=-1,fill=INTERESTED,flush=IDLE}~>DecryptedEndPoint@215cd94d{l=/127.0.0.1:43437,r=/127.0.0.1:54592,OPEN,fill=FI,flush=-,to=0/30000}=>HttpConnection@18d7c60d[p=HttpParser{s=START,0 of -1},g=HttpGenerator@3a58749b{s=START}]=>HttpChannelOverHttp@59847827{s=HttpChannelState@49cac695{s=IDLE rs=BLOCKING os=OPEN is=IDLE awp=false se=false i=true al=0},r=0,c=false/false,a=IDLE,uri=null,age=0}
03:19:49.872 [qtp399373008-55] DEBUG org.eclipse.jetty.io.ManagedSelector - Queued change lazy=false org.eclipse.jetty.io.ChannelEndPoint$$Lambda$255/90666987@f8e9670 on ManagedSelector@5733f295{STARTED} id=1 keys=2 selected=0 updates=1
03:19:49.872 [qtp399373008-55] DEBUG org.eclipse.jetty.io.ManagedSelector - Wakeup on submit ManagedSelector@5733f295{STARTED} id=1 keys=2 selected=0 updates=2
03:19:49.872 [qtp399373008-60] DEBUG org.eclipse.jetty.io.ManagedSelector - Selector sun.nio.ch.EPollSelectorImpl@342f02f2 woken with none selected
03:19:49.872 [qtp399373008-60] DEBUG org.eclipse.jetty.io.ManagedSelector - Selector sun.nio.ch.EPollSelectorImpl@342f02f2 woken up from select, 0/0/2 selected
03:19:49.872 [qtp399373008-60] DEBUG org.eclipse.jetty.io.ManagedSelector - Selector sun.nio.ch.EPollSelectorImpl@342f02f2 processing 0 keys, 2 updates
03:19:49.872 [qtp399373008-55] DEBUG org.eclipse.jetty.io.ManagedSelector - Created SocketChannelEndPoint@3dfab099{l=/127.0.0.1:43437,r=/127.0.0.1:54592,OPEN,fill=FI,flush=-,to=0/30000}{io=0/1,kio=0,kro=0}->SslConnection@7d094cc6{NOT_HANDSHAKING,eio=-1/-1,di=-1,fill=INTERESTED,flush=IDLE}~>DecryptedEndPoint@215cd94d{l=/127.0.0.1:43437,r=/127.0.0.1:54592,OPEN,fill=FI,flush=-,to=0/30000}=>HttpConnection@18d7c60d[p=HttpParser{s=START,0 of -1},g=HttpGenerator@3a58749b{s=START}]=>HttpChannelOverHttp@59847827{s=HttpChannelState@49cac695{s=IDLE rs=BLOCKING os=OPEN is=IDLE awp=false se=false i=true al=0},r=0,c=false/false,a=IDLE,uri=null,age=0}
03:19:49.872 [qtp399373008-60] DEBUG org.eclipse.jetty.io.ManagedSelector - updateable 2
03:19:49.872 [qtp399373008-60] DEBUG org.eclipse.jetty.io.ManagedSelector - update org.eclipse.jetty.io.ManagedSelector$$Lambda$258/445561681@6268d070
03:19:49.872 [qtp399373008-60] DEBUG org.eclipse.jetty.io.ManagedSelector - update org.eclipse.jetty.io.ChannelEndPoint$$Lambda$255/90666987@f8e9670
03:19:49.872 [qtp399373008-55] DEBUG org.eclipse.jetty.util.thread.QueuedThreadPool - ran Accept@57b5b50e[java.nio.channels.SocketChannel[connected local=/127.0.0.1:43437 remote=/127.0.0.1:54592]] in QueuedThreadPool[qtp399373008]@17cdf2d0{STARTED,8<=8<=200,i=0,r=-1,q=0}[ReservedThreadExecutor@424fd310{reserved=2/8,pending=0}]
03:19:49.872 [qtp399373008-60] DEBUG org.eclipse.jetty.io.ChannelEndPoint - Key interests updated 0 -> 1 on SocketChannelEndPoint@3dfab099{l=/127.0.0.1:43437,r=/127.0.0.1:54592,OPEN,fill=FI,flush=-,to=0/30000}{io=1/1,kio=1,kro=0}->SslConnection@7d094cc6{NOT_HANDSHAKING,eio=-1/-1,di=-1,fill=INTERESTED,flush=IDLE}~>DecryptedEndPoint@215cd94d{l=/127.0.0.1:43437,r=/127.0.0.1:54592,OPEN,fill=FI,flush=-,to=0/30000}=>HttpConnection@18d7c60d[p=HttpParser{s=START,0 of -1},g=HttpGenerator@3a58749b{s=START}]=>HttpChannelOverHttp@59847827{s=HttpChannelState@49cac695{s=IDLE rs=BLOCKING os=OPEN is=IDLE awp=false se=false i=true al=0},r=0,c=false/false,a=IDLE,uri=null,age=0}
03:19:49.872 [qtp399373008-60] DEBUG org.eclipse.jetty.io.ManagedSelector - updates 0
03:19:49.872 [qtp399373008-60] DEBUG org.eclipse.jetty.io.ManagedSelector - Selector sun.nio.ch.EPollSelectorImpl@342f02f2 waiting with 2 keys
03:19:49.873 [qtp399373008-60] DEBUG org.eclipse.jetty.io.ManagedSelector - Selector sun.nio.ch.EPollSelectorImpl@342f02f2 woken up from select, 1/1/2 selected
03:19:49.873 [qtp399373008-60] DEBUG org.eclipse.jetty.io.ManagedSelector - Selector sun.nio.ch.EPollSelectorImpl@342f02f2 processing 1 keys, 0 updates
03:19:49.873 [qtp399373008-60] DEBUG org.eclipse.jetty.io.ManagedSelector - selected 1 sun.nio.ch.SelectionKeyImpl@5c9bbf58 SocketChannelEndPoint@3dfab099{l=/127.0.0.1:43437,r=/127.0.0.1:54592,OPEN,fill=FI,flush=-,to=1/30000}{io=1/1,kio=1,kro=1}->SslConnection@7d094cc6{NOT_HANDSHAKING,eio=-1/-1,di=-1,fill=INTERESTED,flush=IDLE}~>DecryptedEndPoint@215cd94d{l=/127.0.0.1:43437,r=/127.0.0.1:54592,OPEN,fill=FI,flush=-,to=1/30000}=>HttpConnection@18d7c60d[p=HttpParser{s=START,0 of -1},g=HttpGenerator@3a58749b{s=START}]=>HttpChannelOverHttp@59847827{s=HttpChannelState@49cac695{s=IDLE rs=BLOCKING os=OPEN is=IDLE awp=false se=false i=true al=0},r=0,c=false/false,a=IDLE,uri=null,age=0} 
03:19:49.873 [qtp399373008-60] DEBUG org.eclipse.jetty.io.ChannelEndPoint - onSelected 1->0 r=true w=false for SocketChannelEndPoint@3dfab099{l=/127.0.0.1:43437,r=/127.0.0.1:54592,OPEN,fill=FI,flush=-,to=1/30000}{io=1/0,kio=1,kro=1}->SslConnection@7d094cc6{NOT_HANDSHAKING,eio=-1/-1,di=-1,fill=INTERESTED,flush=IDLE}~>DecryptedEndPoint@215cd94d{l=/127.0.0.1:43437,r=/127.0.0.1:54592,OPEN,fill=FI,flush=-,to=1/30000}=>HttpConnection@18d7c60d[p=HttpParser{s=START,0 of -1},g=HttpGenerator@3a58749b{s=START}]=>HttpChannelOverHttp@59847827{s=HttpChannelState@49cac695{s=IDLE rs=BLOCKING os=OPEN is=IDLE awp=false se=false i=true al=0},r=0,c=false/false,a=IDLE,uri=null,age=0}
03:19:49.873 [qtp399373008-60] DEBUG org.eclipse.jetty.io.ChannelEndPoint - task CEP:SocketChannelEndPoint@3dfab099{l=/127.0.0.1:43437,r=/127.0.0.1:54592,OPEN,fill=FI,flush=-,to=1/30000}{io=1/0,kio=1,kro=1}->SslConnection@7d094cc6{NOT_HANDSHAKING,eio=-1/-1,di=-1,fill=INTERESTED,flush=IDLE}~>DecryptedEndPoint@215cd94d{l=/127.0.0.1:43437,r=/127.0.0.1:54592,OPEN,fill=FI,flush=-,to=1/30000}=>HttpConnection@18d7c60d[p=HttpParser{s=START,0 of -1},g=HttpGenerator@3a58749b{s=START}]=>HttpChannelOverHttp@59847827{s=HttpChannelState@49cac695{s=IDLE rs=BLOCKING os=OPEN is=IDLE awp=false se=false i=true al=0},r=0,c=false/false,a=IDLE,uri=null,age=0}:runFillable:BLOCKING
03:19:49.873 [qtp399373008-60] DEBUG org.eclipse.jetty.util.thread.ReservedThreadExecutor - ReservedThreadExecutor@424fd310{reserved=2/8,pending=0} tryExecute EatWhatYouKill@b7838a9/SelectorProducer@696f0212/PRODUCING/p=false/QueuedThreadPool[qtp399373008]@17cdf2d0{STARTED,8<=8<=200,i=1,r=-1,q=0}[ReservedThreadExecutor@424fd310{reserved=2/8,pending=0}][pc=0,pic=0,pec=1,epc=2]@2024-05-02T03:19:49.873+01:00
03:19:49.873 [qtp399373008-60] DEBUG org.eclipse.jetty.util.thread.strategy.EatWhatYouKill - EatWhatYouKill@b7838a9/SelectorProducer@696f0212/IDLE/p=true/QueuedThreadPool[qtp399373008]@17cdf2d0{STARTED,8<=8<=200,i=1,r=-1,q=0}[ReservedThreadExecutor@424fd310{reserved=1/8,pending=0}][pc=0,pic=0,pec=1,epc=2]@2024-05-02T03:19:49.873+01:00 m=EXECUTE_PRODUCE_CONSUME t=CEP:SocketChannelEndPoint@3dfab099{l=/127.0.0.1:43437,r=/127.0.0.1:54592,OPEN,fill=FI,flush=-,to=1/30000}{io=1/0,kio=1,kro=1}->SslConnection@7d094cc6{NOT_HANDSHAKING,eio=-1/-1,di=-1,fill=INTERESTED,flush=IDLE}~>DecryptedEndPoint@215cd94d{l=/127.0.0.1:43437,r=/127.0.0.1:54592,OPEN,fill=FI,flush=-,to=1/30000}=>HttpConnection@18d7c60d[p=HttpParser{s=START,0 of -1},g=HttpGenerator@3a58749b{s=START}]=>HttpChannelOverHttp@59847827{s=HttpChannelState@49cac695{s=IDLE rs=BLOCKING os=OPEN is=IDLE awp=false se=false i=true al=0},r=0,c=false/false,a=IDLE,uri=null,age=0}:runFillable:BLOCKING/BLOCKING
03:19:49.873 [qtp399373008-57] DEBUG org.eclipse.jetty.util.thread.ReservedThreadExecutor - ReservedThread@2c51a9d9{RESERVED,thread=Thread[qtp399373008-57,5,main]} task=EatWhatYouKill@b7838a9/SelectorProducer@696f0212/IDLE/p=true/QueuedThreadPool[qtp399373008]@17cdf2d0{STARTED,8<=8<=200,i=1,r=-1,q=0}[ReservedThreadExecutor@424fd310{reserved=1/8,pending=0}][pc=0,pic=0,pec=1,epc=2]@2024-05-02T03:19:49.873+01:00 ReservedThreadExecutor@424fd310{reserved=1/8,pending=0}
03:19:49.873 [qtp399373008-60] DEBUG org.eclipse.jetty.io.FillInterest - fillable FillInterest@385682c0{SSLC.NBReadCB@7d094cc6{SslConnection@7d094cc6::SocketChannelEndPoint@3dfab099{l=/127.0.0.1:43437,r=/127.0.0.1:54592,OPEN,fill=FI,flush=-,to=1/30000}{io=1/0,kio=1,kro=1}->SslConnection@7d094cc6{NOT_HANDSHAKING,eio=-1/-1,di=-1,fill=INTERESTED,flush=IDLE}~>DecryptedEndPoint@215cd94d{l=/127.0.0.1:43437,r=/127.0.0.1:54592,OPEN,fill=FI,flush=-,to=1/30000}=>HttpConnection@18d7c60d[p=HttpParser{s=START,0 of -1},g=HttpGenerator@3a58749b{s=START}]=>HttpChannelOverHttp@59847827{s=HttpChannelState@49cac695{s=IDLE rs=BLOCKING os=OPEN is=IDLE awp=false se=false i=true al=0},r=0,c=false/false,a=IDLE,uri=null,age=0}}}
03:19:49.873 [qtp399373008-57] DEBUG org.eclipse.jetty.util.thread.strategy.EatWhatYouKill - EatWhatYouKill@b7838a9/SelectorProducer@696f0212/IDLE/p=true/QueuedThreadPool[qtp399373008]@17cdf2d0{STARTED,8<=8<=200,i=1,r=-1,q=0}[ReservedThreadExecutor@424fd310{reserved=1/8,pending=0}][pc=0,pic=0,pec=1,epc=3]@2024-05-02T03:19:49.873+01:00 tryProduce true
03:19:49.873 [qtp399373008-57] DEBUG org.eclipse.jetty.io.ManagedSelector - updateable 0
03:19:49.873 [qtp399373008-57] DEBUG org.eclipse.jetty.io.ManagedSelector - updates 0
03:19:49.873 [qtp399373008-60] DEBUG org.eclipse.jetty.io.ssl.SslConnection - >c.onFillable SslConnection@7d094cc6::SocketChannelEndPoint@3dfab099{l=/127.0.0.1:43437,r=/127.0.0.1:54592,OPEN,fill=-,flush=-,to=1/30000}{io=1/0,kio=1,kro=1}->SslConnection@7d094cc6{NOT_HANDSHAKING,eio=-1/-1,di=-1,fill=INTERESTED,flush=IDLE}~>DecryptedEndPoint@215cd94d{l=/127.0.0.1:43437,r=/127.0.0.1:54592,OPEN,fill=FI,flush=-,to=1/30000}=>HttpConnection@18d7c60d[p=HttpParser{s=START,0 of -1},g=HttpGenerator@3a58749b{s=START}]=>HttpChannelOverHttp@59847827{s=HttpChannelState@49cac695{s=IDLE rs=BLOCKING os=OPEN is=IDLE awp=false se=false i=true al=0},r=0,c=false/false,a=IDLE,uri=null,age=0}
03:19:49.874 [qtp399373008-60] DEBUG org.eclipse.jetty.io.ssl.SslConnection - onFillable SslConnection@7d094cc6::SocketChannelEndPoint@3dfab099{l=/127.0.0.1:43437,r=/127.0.0.1:54592,OPEN,fill=-,flush=-,to=1/30000}{io=0/0,kio=0,kro=1}->SslConnection@7d094cc6{NOT_HANDSHAKING,eio=-1/-1,di=-1,fill=INTERESTED,flush=IDLE}~>DecryptedEndPoint@215cd94d{l=/127.0.0.1:43437,r=/127.0.0.1:54592,OPEN,fill=FI,flush=-,to=1/30000}=>HttpConnection@18d7c60d[p=HttpParser{s=START,0 of -1},g=HttpGenerator@3a58749b{s=START}]=>HttpChannelOverHttp@59847827{s=HttpChannelState@49cac695{s=IDLE rs=BLOCKING os=OPEN is=IDLE awp=false se=false i=true al=0},r=0,c=false/false,a=IDLE,uri=null,age=0}
03:19:49.874 [qtp399373008-57] DEBUG org.eclipse.jetty.io.ChannelEndPoint - Key interests updated 1 -> 0 on SocketChannelEndPoint@3dfab099{l=/127.0.0.1:43437,r=/127.0.0.1:54592,OPEN,fill=-,flush=-,to=1/30000}{io=0/0,kio=0,kro=1}->SslConnection@7d094cc6{NOT_HANDSHAKING,eio=-1/-1,di=-1,fill=INTERESTED,flush=IDLE}~>DecryptedEndPoint@215cd94d{l=/127.0.0.1:43437,r=/127.0.0.1:54592,OPEN,fill=FI,flush=-,to=1/30000}=>HttpConnection@18d7c60d[p=HttpParser{s=START,0 of -1},g=HttpGenerator@3a58749b{s=START}]=>HttpChannelOverHttp@59847827{s=HttpChannelState@49cac695{s=IDLE rs=BLOCKING os=OPEN is=IDLE awp=false se=false i=true al=0},r=0,c=false/false,a=IDLE,uri=null,age=0}
03:19:49.874 [qtp399373008-60] DEBUG org.eclipse.jetty.io.FillInterest - fillable FillInterest@1c993a73{AC.ReadCB@18d7c60d{HttpConnection@18d7c60d::DecryptedEndPoint@215cd94d{l=/127.0.0.1:43437,r=/127.0.0.1:54592,OPEN,fill=FI,flush=-,to=1/30000}}}
03:19:49.874 [qtp399373008-57] DEBUG org.eclipse.jetty.io.ManagedSelector - Selector sun.nio.ch.EPollSelectorImpl@342f02f2 waiting with 2 keys
03:19:49.874 [qtp399373008-60] DEBUG org.eclipse.jetty.server.HttpConnection - HttpConnection@18d7c60d::DecryptedEndPoint@215cd94d{l=/127.0.0.1:43437,r=/127.0.0.1:54592,OPEN,fill=-,flush=-,to=1/30000} onFillable enter HttpChannelState@49cac695{s=IDLE rs=BLOCKING os=OPEN is=IDLE awp=false se=false i=true al=0} null
03:19:49.874 [qtp399373008-60] DEBUG org.eclipse.jetty.io.ssl.SslConnection - >fill SslConnection@7d094cc6::SocketChannelEndPoint@3dfab099{l=/127.0.0.1:43437,r=/127.0.0.1:54592,OPEN,fill=-,flush=-,to=1/30000}{io=0/0,kio=0,kro=1}->SslConnection@7d094cc6{NOT_HANDSHAKING,eio=-1/-1,di=-1,fill=IDLE,flush=IDLE}~>DecryptedEndPoint@215cd94d{l=/127.0.0.1:43437,r=/127.0.0.1:54592,OPEN,fill=-,flush=-,to=2/30000}=>HttpConnection@18d7c60d[p=HttpParser{s=START,0 of -1},g=HttpGenerator@3a58749b{s=START}]=>HttpChannelOverHttp@59847827{s=HttpChannelState@49cac695{s=IDLE rs=BLOCKING os=OPEN is=IDLE awp=false se=false i=true al=0},r=0,c=false/false,a=IDLE,uri=null,age=0}
03:19:49.874 [qtp399373008-60] DEBUG org.eclipse.jetty.io.ssl.SslConnection - fill NOT_HANDSHAKING
03:19:49.874 [qtp399373008-60] DEBUG org.eclipse.jetty.io.ChannelEndPoint - filled 339 HeapByteBuffer@13266df0[p=0,l=339,c=17408,r=339]={<<<\x16\x03\x03\x01N\x01\x00\x01J\x03\x03m2\xC1V\xDaz\xB1I\x01\x13\xFe\xEfr%...\x9e\xCb\x1c;|\xF9^\xB7\xBa\xCbf1\xEf1\xCeS\x95\x14\xFf\x01\x00\x01\x00>>>\xF9\xFb}{\xC0\xFag\xC6G...\x00\x00\x00\x00\x00\x00\x00}
03:19:49.874 [qtp399373008-60] DEBUG org.eclipse.jetty.io.ssl.SslConnection - net filled=339
03:19:49.874 [qtp399373008-60] DEBUG org.eclipse.jetty.io.ssl.SslConnection - fill starting handshake SslConnection@7d094cc6::SocketChannelEndPoint@3dfab099{l=/127.0.0.1:43437,r=/127.0.0.1:54592,OPEN,fill=-,flush=-,to=0/30000}{io=0/0,kio=0,kro=1}->SslConnection@7d094cc6{NOT_HANDSHAKING,eio=339/-1,di=-1,fill=IDLE,flush=IDLE}~>DecryptedEndPoint@215cd94d{l=/127.0.0.1:43437,r=/127.0.0.1:54592,OPEN,fill=-,flush=-,to=2/30000}=>HttpConnection@18d7c60d[p=HttpParser{s=START,0 of -1},g=HttpGenerator@3a58749b{s=START}]=>HttpChannelOverHttp@59847827{s=HttpChannelState@49cac695{s=IDLE rs=BLOCKING os=OPEN is=IDLE awp=false se=false i=true al=0},r=0,c=false/false,a=IDLE,uri=null,age=0}
03:19:49.874 [qtp399373008-60] DEBUG org.eclipse.jetty.io.ssl.SslConnection - unwrap net_filled=339 Status = OK HandshakeStatus = NEED_TASK bytesConsumed = 339 bytesProduced = 0 encryptedBuffer=[p=339,l=339,c=17408,r=0] unwrapBuffer=HeapByteBuffer@19de0680[p=0,l=0,c=17408,r=0]={<<<>>>GET /conf...\x00\x00\x00\x00\x00\x00\x00} appBuffer=HeapByteBuffer@19de0680[p=0,l=0,c=17408,r=0]={<<<>>>GET /conf...\x00\x00\x00\x00\x00\x00\x00}
03:19:49.874 [qtp399373008-60] DEBUG org.eclipse.jetty.io.ssl.SslConnection - fill NEED_TASK
03:19:49.882 [qtp399373008-60] DEBUG org.eclipse.jetty.io.ssl.SslConnection - fill NEED_WRAP
03:19:49.882 [qtp399373008-60] DEBUG org.eclipse.jetty.io.ssl.SslConnection - >flush SslConnection@7d094cc6::SocketChannelEndPoint@3dfab099{l=/127.0.0.1:43437,r=/127.0.0.1:54592,OPEN,fill=-,flush=-,to=7/30000}{io=0/0,kio=0,kro=1}->SslConnection@7d094cc6{NEED_WRAP,eio=0/-1,di=-1,fill=IDLE,flush=IDLE}~>DecryptedEndPoint@215cd94d{l=/127.0.0.1:43437,r=/127.0.0.1:54592,OPEN,fill=-,flush=-,to=10/30000}=>HttpConnection@18d7c60d[p=HttpParser{s=START,0 of -1},g=HttpGenerator@3a58749b{s=START}]=>HttpChannelOverHttp@59847827{s=HttpChannelState@49cac695{s=IDLE rs=BLOCKING os=OPEN is=IDLE awp=false se=false i=true al=0},r=0,c=false/false,a=IDLE,uri=null,age=0}
03:19:49.882 [qtp399373008-60] DEBUG org.eclipse.jetty.io.ssl.SslConnection - flush b[0]=HeapByteBuffer@60c04197[p=0,l=0,c=0,r=0]={<<<>>>}
03:19:49.882 [qtp399373008-60] DEBUG org.eclipse.jetty.io.ssl.SslConnection - flush NEED_WRAP
03:19:49.882 [qtp399373008-60] DEBUG org.eclipse.jetty.io.ssl.SslConnection - wrap Status = OK HandshakeStatus = NEED_WRAP bytesConsumed = 0 bytesProduced = 160 [p=0,l=160,c=17408,r=160] ioDone=false/false
03:19:49.882 [qtp399373008-60] DEBUG org.eclipse.jetty.io.ChannelEndPoint - flushed 160 SocketChannelEndPoint@3dfab099{l=/127.0.0.1:43437,r=/127.0.0.1:54592,OPEN,fill=-,flush=-,to=8/30000}{io=0/0,kio=0,kro=1}->SslConnection@7d094cc6{NEED_WRAP,eio=0/0,di=-1,fill=IDLE,flush=IDLE}~>DecryptedEndPoint@215cd94d{l=/127.0.0.1:43437,r=/127.0.0.1:54592,OPEN,fill=-,flush=-,to=10/30000}=>HttpConnection@18d7c60d[p=HttpParser{s=START,0 of -1},g=HttpGenerator@3a58749b{s=START}]=>HttpChannelOverHttp@59847827{s=HttpChannelState@49cac695{s=IDLE rs=BLOCKING os=OPEN is=IDLE awp=false se=false i=true al=0},r=0,c=false/false,a=IDLE,uri=null,age=0}
03:19:49.882 [qtp399373008-60] DEBUG org.eclipse.jetty.io.ssl.SslConnection - net flushed=true, ac=true
03:19:49.882 [qtp399373008-60] DEBUG org.eclipse.jetty.io.ssl.SslConnection - flush NEED_WRAP
03:19:49.882 [qtp399373008-60] DEBUG org.eclipse.jetty.io.ssl.SslConnection - wrap Status = OK HandshakeStatus = NEED_WRAP bytesConsumed = 0 bytesProduced = 6 [p=0,l=6,c=17408,r=6] ioDone=false/false
03:19:49.882 [qtp399373008-60] DEBUG org.eclipse.jetty.io.ChannelEndPoint - flushed 6 SocketChannelEndPoint@3dfab099{l=/127.0.0.1:43437,r=/127.0.0.1:54592,OPEN,fill=-,flush=-,to=0/30000}{io=0/0,kio=0,kro=1}->SslConnection@7d094cc6{NEED_WRAP,eio=0/0,di=-1,fill=IDLE,flush=IDLE}~>DecryptedEndPoint@215cd94d{l=/127.0.0.1:43437,r=/127.0.0.1:54592,OPEN,fill=-,flush=-,to=10/30000}=>HttpConnection@18d7c60d[p=HttpParser{s=START,0 of -1},g=HttpGenerator@3a58749b{s=START}]=>HttpChannelOverHttp@59847827{s=HttpChannelState@49cac695{s=IDLE rs=BLOCKING os=OPEN is=IDLE awp=false se=false i=true al=0},r=0,c=false/false,a=IDLE,uri=null,age=0}
03:19:49.882 [qtp399373008-60] DEBUG org.eclipse.jetty.io.ssl.SslConnection - net flushed=true, ac=true
03:19:49.882 [qtp399373008-60] DEBUG org.eclipse.jetty.io.ssl.SslConnection - flush NEED_WRAP
03:19:49.883 [qtp399373008-60] DEBUG org.eclipse.jetty.io.ssl.SslConnection - wrap Status = OK HandshakeStatus = NEED_UNWRAP bytesConsumed = 0 bytesProduced = 1597 [p=0,l=1597,c=17408,r=1597] ioDone=false/false
03:19:49.883 [qtp399373008-60] DEBUG org.eclipse.jetty.io.ChannelEndPoint - flushed 1597 SocketChannelEndPoint@3dfab099{l=/127.0.0.1:43437,r=/127.0.0.1:54592,OPEN,fill=-,flush=-,to=0/30000}{io=0/0,kio=0,kro=1}->SslConnection@7d094cc6{NEED_UNWRAP,eio=0/0,di=-1,fill=IDLE,flush=IDLE}~>DecryptedEndPoint@215cd94d{l=/127.0.0.1:43437,r=/127.0.0.1:54592,OPEN,fill=-,flush=-,to=11/30000}=>HttpConnection@18d7c60d[p=HttpParser{s=START,0 of -1},g=HttpGenerator@3a58749b{s=START}]=>HttpChannelOverHttp@59847827{s=HttpChannelState@49cac695{s=IDLE rs=BLOCKING os=OPEN is=IDLE awp=false se=false i=true al=0},r=0,c=false/false,a=IDLE,uri=null,age=0}
03:19:49.883 [qtp399373008-60] DEBUG org.eclipse.jetty.io.ssl.SslConnection - net flushed=true, ac=true
03:19:49.883 [qtp399373008-60] DEBUG org.eclipse.jetty.io.ssl.SslConnection - <flush true SslConnection@7d094cc6::SocketChannelEndPoint@3dfab099{l=/127.0.0.1:43437,r=/127.0.0.1:54592,OPEN,fill=-,flush=-,to=0/30000}{io=0/0,kio=0,kro=1}->SslConnection@7d094cc6{NEED_UNWRAP,eio=0/-1,di=-1,fill=IDLE,flush=IDLE}~>DecryptedEndPoint@215cd94d{l=/127.0.0.1:43437,r=/127.0.0.1:54592,OPEN,fill=-,flush=-,to=11/30000}=>HttpConnection@18d7c60d[p=HttpParser{s=START,0 of -1},g=HttpGenerator@3a58749b{s=START}]=>HttpChannelOverHttp@59847827{s=HttpChannelState@49cac695{s=IDLE rs=BLOCKING os=OPEN is=IDLE awp=false se=false i=true al=0},r=0,c=false/false,a=IDLE,uri=null,age=0}
03:19:49.883 [qtp399373008-60] DEBUG org.eclipse.jetty.io.ssl.SslConnection - fill NEED_UNWRAP
03:19:49.883 [qtp399373008-60] DEBUG org.eclipse.jetty.io.ChannelEndPoint - filled 0 HeapByteBuffer@13266df0[p=0,l=0,c=17408,r=0]={<<<>>>\x16\x03\x03\x01N\x01\x00\x01J...\x00\x00\x00\x00\x00\x00\x00}
03:19:49.883 [qtp399373008-60] DEBUG org.eclipse.jetty.io.ssl.SslConnection - net filled=0
03:19:49.883 [qtp399373008-60] DEBUG org.eclipse.jetty.io.ssl.SslConnection - unwrap net_filled=0 Status = BUFFER_UNDERFLOW HandshakeStatus = NEED_UNWRAP bytesConsumed = 0 bytesProduced = 0 encryptedBuffer=[p=0,l=0,c=17408,r=0] unwrapBuffer=HeapByteBuffer@19de0680[p=0,l=0,c=17408,r=0]={<<<>>>GET /conf...\x00\x00\x00\x00\x00\x00\x00} appBuffer=HeapByteBuffer@19de0680[p=0,l=0,c=17408,r=0]={<<<>>>GET /conf...\x00\x00\x00\x00\x00\x00\x00}
03:19:49.883 [qtp399373008-60] DEBUG org.eclipse.jetty.io.ssl.SslConnection - <fill f=0 uf=true SslConnection@7d094cc6::SocketChannelEndPoint@3dfab099{l=/127.0.0.1:43437,r=/127.0.0.1:54592,OPEN,fill=-,flush=-,to=0/30000}{io=0/0,kio=0,kro=1}->SslConnection@7d094cc6{NEED_UNWRAP,eio=-1/-1,di=-1,fill=IDLE,flush=IDLE}~>DecryptedEndPoint@215cd94d{l=/127.0.0.1:43437,r=/127.0.0.1:54592,OPEN,fill=-,flush=-,to=11/30000}=>HttpConnection@18d7c60d[p=HttpParser{s=START,0 of -1},g=HttpGenerator@3a58749b{s=START}]=>HttpChannelOverHttp@59847827{s=HttpChannelState@49cac695{s=IDLE rs=BLOCKING os=OPEN is=IDLE awp=false se=false i=true al=0},r=0,c=false/false,a=IDLE,uri=null,age=0}
03:19:49.883 [qtp399373008-60] DEBUG org.eclipse.jetty.io.ssl.SslConnection - >fill SslConnection@7d094cc6::SocketChannelEndPoint@3dfab099{l=/127.0.0.1:43437,r=/127.0.0.1:54592,OPEN,fill=-,flush=-,to=0/30000}{io=0/0,kio=0,kro=1}->SslConnection@7d094cc6{NEED_UNWRAP,eio=-1/-1,di=-1,fill=IDLE,flush=IDLE}~>DecryptedEndPoint@215cd94d{l=/127.0.0.1:43437,r=/127.0.0.1:54592,OPEN,fill=-,flush=-,to=11/30000}=>HttpConnection@18d7c60d[p=HttpParser{s=START,0 of -1},g=HttpGenerator@3a58749b{s=START}]=>HttpChannelOverHttp@59847827{s=HttpChannelState@49cac695{s=IDLE rs=BLOCKING os=OPEN is=IDLE awp=false se=false i=true al=0},r=0,c=false/false,a=IDLE,uri=null,age=0}
03:19:49.883 [qtp399373008-60] DEBUG org.eclipse.jetty.io.ssl.SslConnection - fill NEED_UNWRAP
03:19:49.883 [qtp399373008-60] DEBUG org.eclipse.jetty.io.ChannelEndPoint - filled 0 HeapByteBuffer@1719ebcb[p=0,l=0,c=17408,r=0]={<<<>>>\x17\x03\x03\x068\x82\xA0\x95J...\x00\x00\x00\x00\x00\x00\x00}
03:19:49.883 [qtp399373008-60] DEBUG org.eclipse.jetty.io.ssl.SslConnection - net filled=0
03:19:49.883 [qtp399373008-60] DEBUG org.eclipse.jetty.io.ssl.SslConnection - unwrap net_filled=0 Status = BUFFER_UNDERFLOW HandshakeStatus = NEED_UNWRAP bytesConsumed = 0 bytesProduced = 0 encryptedBuffer=[p=0,l=0,c=17408,r=0] unwrapBuffer=HeapByteBuffer@19de0680[p=0,l=0,c=17408,r=0]={<<<>>>GET /conf...\x00\x00\x00\x00\x00\x00\x00} appBuffer=HeapByteBuffer@19de0680[p=0,l=0,c=17408,r=0]={<<<>>>GET /conf...\x00\x00\x00\x00\x00\x00\x00}
03:19:49.883 [qtp399373008-60] DEBUG org.eclipse.jetty.io.ssl.SslConnection - <fill f=0 uf=true SslConnection@7d094cc6::SocketChannelEndPoint@3dfab099{l=/127.0.0.1:43437,r=/127.0.0.1:54592,OPEN,fill=-,flush=-,to=0/30000}{io=0/0,kio=0,kro=1}->SslConnection@7d094cc6{NEED_UNWRAP,eio=-1/-1,di=-1,fill=IDLE,flush=IDLE}~>DecryptedEndPoint@215cd94d{l=/127.0.0.1:43437,r=/127.0.0.1:54592,OPEN,fill=-,flush=-,to=11/30000}=>HttpConnection@18d7c60d[p=HttpParser{s=START,0 of -1},g=HttpGenerator@3a58749b{s=START}]=>HttpChannelOverHttp@59847827{s=HttpChannelState@49cac695{s=IDLE rs=BLOCKING os=OPEN is=IDLE awp=false se=false i=true al=0},r=0,c=false/false,a=IDLE,uri=null,age=0}
03:19:49.883 [qtp399373008-60] DEBUG org.eclipse.jetty.server.HttpConnection - HttpConnection@18d7c60d::DecryptedEndPoint@215cd94d{l=/127.0.0.1:43437,r=/127.0.0.1:54592,OPEN,fill=-,flush=-,to=11/30000} filled 0 HeapByteBuffer@19de0680[p=0,l=0,c=17408,r=0]={<<<>>>GET /conf...\x00\x00\x00\x00\x00\x00\x00}
03:19:49.883 [qtp399373008-60] DEBUG org.eclipse.jetty.server.HttpConnection - HttpConnection@18d7c60d::DecryptedEndPoint@215cd94d{l=/127.0.0.1:43437,r=/127.0.0.1:54592,OPEN,fill=-,flush=-,to=11/30000} parse HeapByteBuffer@19de0680[p=0,l=0,c=17408,r=0]={<<<>>>GET /conf...\x00\x00\x00\x00\x00\x00\x00} {}
03:19:49.883 [qtp399373008-60] DEBUG org.eclipse.jetty.http.HttpParser - parseNext s=START HeapByteBuffer@19de0680[p=0,l=0,c=17408,r=0]={<<<>>>GET /conf...\x00\x00\x00\x00\x00\x00\x00}
03:19:49.883 [qtp399373008-60] DEBUG org.eclipse.jetty.server.HttpConnection - HttpConnection@18d7c60d::DecryptedEndPoint@215cd94d{l=/127.0.0.1:43437,r=/127.0.0.1:54592,OPEN,fill=-,flush=-,to=11/30000} parsed false HttpParser{s=START,0 of -1}
03:19:49.883 [qtp399373008-60] DEBUG org.eclipse.jetty.server.HttpConnection - releaseRequestBuffer HttpConnection@18d7c60d::DecryptedEndPoint@215cd94d{l=/127.0.0.1:43437,r=/127.0.0.1:54592,OPEN,fill=-,flush=-,to=11/30000}
03:19:49.883 [qtp399373008-60] DEBUG org.eclipse.jetty.io.AbstractConnection - fillInterested HttpConnection@18d7c60d::DecryptedEndPoint@215cd94d{l=/127.0.0.1:43437,r=/127.0.0.1:54592,OPEN,fill=-,flush=-,to=11/30000}
03:19:49.884 [qtp399373008-60] DEBUG org.eclipse.jetty.io.FillInterest - interested FillInterest@1c993a73{AC.ReadCB@18d7c60d{HttpConnection@18d7c60d::DecryptedEndPoint@215cd94d{l=/127.0.0.1:43437,r=/127.0.0.1:54592,OPEN,fill=FI,flush=-,to=0/30000}}}
03:19:49.884 [qtp399373008-60] DEBUG org.eclipse.jetty.io.ssl.SslConnection - >needFillInterest s=IDLE/IDLE uf=true ei=null di=null SslConnection@7d094cc6::SocketChannelEndPoint@3dfab099{l=/127.0.0.1:43437,r=/127.0.0.1:54592,OPEN,fill=-,flush=-,to=0/30000}{io=0/0,kio=0,kro=1}->SslConnection@7d094cc6{NEED_UNWRAP,eio=-1/-1,di=-1,fill=IDLE,flush=IDLE}~>DecryptedEndPoint@215cd94d{l=/127.0.0.1:43437,r=/127.0.0.1:54592,OPEN,fill=FI,flush=-,to=0/30000}=>HttpConnection@18d7c60d[p=HttpParser{s=START,0 of -1},g=HttpGenerator@3a58749b{s=START}]=>HttpChannelOverHttp@59847827{s=HttpChannelState@49cac695{s=IDLE rs=BLOCKING os=OPEN is=IDLE awp=false se=false i=true al=0},r=0,c=false/false,a=IDLE,uri=null,age=0}
03:19:49.884 [qtp399373008-60] DEBUG org.eclipse.jetty.io.ssl.SslConnection - <needFillInterest s=IDLE/INTERESTED f=false i=true w=null
03:19:49.884 [qtp399373008-60] DEBUG org.eclipse.jetty.io.ssl.SslConnection - ensureFillInterested SslConnection@7d094cc6::SocketChannelEndPoint@3dfab099{l=/127.0.0.1:43437,r=/127.0.0.1:54592,OPEN,fill=-,flush=-,to=0/30000}{io=0/0,kio=0,kro=1}->SslConnection@7d094cc6{NEED_UNWRAP,eio=-1/-1,di=-1,fill=INTERESTED,flush=IDLE}~>DecryptedEndPoint@215cd94d{l=/127.0.0.1:43437,r=/127.0.0.1:54592,OPEN,fill=FI,flush=-,to=0/30000}=>HttpConnection@18d7c60d[p=HttpParser{s=START,0 of -1},g=HttpGenerator@3a58749b{s=START}]=>HttpChannelOverHttp@59847827{s=HttpChannelState@49cac695{s=IDLE rs=BLOCKING os=OPEN is=IDLE awp=false se=false i=true al=0},r=0,c=false/false,a=IDLE,uri=null,age=0}
03:19:49.884 [qtp399373008-60] DEBUG org.eclipse.jetty.io.FillInterest - interested FillInterest@385682c0{SSLC.NBReadCB@7d094cc6{SslConnection@7d094cc6::SocketChannelEndPoint@3dfab099{l=/127.0.0.1:43437,r=/127.0.0.1:54592,OPEN,fill=FI,flush=-,to=0/30000}{io=0/0,kio=0,kro=1}->SslConnection@7d094cc6{NEED_UNWRAP,eio=-1/-1,di=-1,fill=INTERESTED,flush=IDLE}~>DecryptedEndPoint@215cd94d{l=/127.0.0.1:43437,r=/127.0.0.1:54592,OPEN,fill=FI,flush=-,to=0/30000}=>HttpConnection@18d7c60d[p=HttpParser{s=START,0 of -1},g=HttpGenerator@3a58749b{s=START}]=>HttpChannelOverHttp@59847827{s=HttpChannelState@49cac695{s=IDLE rs=BLOCKING os=OPEN is=IDLE awp=false se=false i=true al=0},r=0,c=false/false,a=IDLE,uri=null,age=0}}}
03:19:49.884 [qtp399373008-60] DEBUG org.eclipse.jetty.io.ChannelEndPoint - changeInterests p=false 0->1 for SocketChannelEndPoint@3dfab099{l=/127.0.0.1:43437,r=/127.0.0.1:54592,OPEN,fill=FI,flush=-,to=0/30000}{io=0/1,kio=0,kro=1}->SslConnection@7d094cc6{NEED_UNWRAP,eio=-1/-1,di=-1,fill=INTERESTED,flush=IDLE}~>DecryptedEndPoint@215cd94d{l=/127.0.0.1:43437,r=/127.0.0.1:54592,OPEN,fill=FI,flush=-,to=0/30000}=>HttpConnection@18d7c60d[p=HttpParser{s=START,0 of -1},g=HttpGenerator@3a58749b{s=START}]=>HttpChannelOverHttp@59847827{s=HttpChannelState@49cac695{s=IDLE rs=BLOCKING os=OPEN is=IDLE awp=false se=false i=true al=0},r=0,c=false/false,a=IDLE,uri=null,age=0}
03:19:49.884 [qtp399373008-60] DEBUG org.eclipse.jetty.io.ManagedSelector - Queued change lazy=false org.eclipse.jetty.io.ChannelEndPoint$$Lambda$255/90666987@f8e9670 on ManagedSelector@5733f295{STARTED} id=1 keys=2 selected=0 updates=0
03:19:49.884 [qtp399373008-60] DEBUG org.eclipse.jetty.io.ManagedSelector - Wakeup on submit ManagedSelector@5733f295{STARTED} id=1 keys=2 selected=0 updates=1
03:19:49.884 [qtp399373008-60] DEBUG org.eclipse.jetty.server.HttpConnection - HttpConnection@18d7c60d::DecryptedEndPoint@215cd94d{l=/127.0.0.1:43437,r=/127.0.0.1:54592,OPEN,fill=FI,flush=-,to=0/30000} onFillable exit HttpChannelState@49cac695{s=IDLE rs=BLOCKING os=OPEN is=IDLE awp=false se=false i=true al=0} null
03:19:49.884 [qtp399373008-60] DEBUG org.eclipse.jetty.io.ssl.SslConnection - <c.onFillable SslConnection@7d094cc6::SocketChannelEndPoint@3dfab099{l=/127.0.0.1:43437,r=/127.0.0.1:54592,OPEN,fill=FI,flush=-,to=0/30000}{io=0/1,kio=0,kro=1}->SslConnection@7d094cc6{NEED_UNWRAP,eio=-1/-1,di=-1,fill=INTERESTED,flush=IDLE}~>DecryptedEndPoint@215cd94d{l=/127.0.0.1:43437,r=/127.0.0.1:54592,OPEN,fill=FI,flush=-,to=0/30000}=>HttpConnection@18d7c60d[p=HttpParser{s=START,0 of -1},g=HttpGenerator@3a58749b{s=START}]=>HttpChannelOverHttp@59847827{s=HttpChannelState@49cac695{s=IDLE rs=BLOCKING os=OPEN is=IDLE awp=false se=false i=true al=0},r=0,c=false/false,a=IDLE,uri=null,age=0}
03:19:49.884 [qtp399373008-60] DEBUG org.eclipse.jetty.util.thread.ReservedThreadExecutor - ReservedThread@7bd5f03c{RUNNING,thread=Thread[qtp399373008-60,5,main]} was=RUNNING next=RESERVED size=0+2 capacity=8
03:19:49.884 [qtp399373008-60] DEBUG org.eclipse.jetty.util.thread.ReservedThreadExecutor - ReservedThread@7bd5f03c{RESERVED,thread=Thread[qtp399373008-60,5,main]} waiting ReservedThreadExecutor@424fd310{reserved=2/8,pending=0}
03:19:49.884 [qtp399373008-57] DEBUG org.eclipse.jetty.io.ManagedSelector - Selector sun.nio.ch.EPollSelectorImpl@342f02f2 woken with none selected
03:19:49.884 [qtp399373008-57] DEBUG org.eclipse.jetty.io.ManagedSelector - Selector sun.nio.ch.EPollSelectorImpl@342f02f2 woken up from select, 0/0/2 selected
03:19:49.884 [qtp399373008-57] DEBUG org.eclipse.jetty.io.ManagedSelector - Selector sun.nio.ch.EPollSelectorImpl@342f02f2 processing 0 keys, 1 updates
03:19:49.884 [qtp399373008-57] DEBUG org.eclipse.jetty.io.ManagedSelector - updateable 1
03:19:49.884 [qtp399373008-57] DEBUG org.eclipse.jetty.io.ManagedSelector - update org.eclipse.jetty.io.ChannelEndPoint$$Lambda$255/90666987@f8e9670
03:19:49.885 [qtp399373008-57] DEBUG org.eclipse.jetty.io.ChannelEndPoint - Key interests updated 0 -> 1 on SocketChannelEndPoint@3dfab099{l=/127.0.0.1:43437,r=/127.0.0.1:54592,OPEN,fill=FI,flush=-,to=0/30000}{io=1/1,kio=1,kro=1}->SslConnection@7d094cc6{NEED_UNWRAP,eio=-1/-1,di=-1,fill=INTERESTED,flush=IDLE}~>DecryptedEndPoint@215cd94d{l=/127.0.0.1:43437,r=/127.0.0.1:54592,OPEN,fill=FI,flush=-,to=1/30000}=>HttpConnection@18d7c60d[p=HttpParser{s=START,0 of -1},g=HttpGenerator@3a58749b{s=START}]=>HttpChannelOverHttp@59847827{s=HttpChannelState@49cac695{s=IDLE rs=BLOCKING os=OPEN is=IDLE awp=false se=false i=true al=0},r=0,c=false/false,a=IDLE,uri=null,age=0}
03:19:49.885 [qtp399373008-57] DEBUG org.eclipse.jetty.io.ManagedSelector - updates 0
03:19:49.885 [qtp399373008-57] DEBUG org.eclipse.jetty.io.ManagedSelector - Selector sun.nio.ch.EPollSelectorImpl@342f02f2 waiting with 2 keys
03:19:49.886 [qtp399373008-57] DEBUG org.eclipse.jetty.io.ManagedSelector - Selector sun.nio.ch.EPollSelectorImpl@342f02f2 woken up from select, 1/1/2 selected
03:19:49.886 [qtp399373008-57] DEBUG org.eclipse.jetty.io.ManagedSelector - Selector sun.nio.ch.EPollSelectorImpl@342f02f2 processing 1 keys, 0 updates
03:19:49.886 [qtp399373008-57] DEBUG org.eclipse.jetty.io.ManagedSelector - selected 1 sun.nio.ch.SelectionKeyImpl@5c9bbf58 SocketChannelEndPoint@3dfab099{l=/127.0.0.1:43437,r=/127.0.0.1:54592,OPEN,fill=FI,flush=-,to=1/30000}{io=1/1,kio=1,kro=1}->SslConnection@7d094cc6{NEED_UNWRAP,eio=-1/-1,di=-1,fill=INTERESTED,flush=IDLE}~>DecryptedEndPoint@215cd94d{l=/127.0.0.1:43437,r=/127.0.0.1:54592,OPEN,fill=FI,flush=-,to=2/30000}=>HttpConnection@18d7c60d[p=HttpParser{s=START,0 of -1},g=HttpGenerator@3a58749b{s=START}]=>HttpChannelOverHttp@59847827{s=HttpChannelState@49cac695{s=IDLE rs=BLOCKING os=OPEN is=IDLE awp=false se=false i=true al=0},r=0,c=false/false,a=IDLE,uri=null,age=0} 
03:19:49.886 [qtp399373008-57] DEBUG org.eclipse.jetty.io.ChannelEndPoint - onSelected 1->0 r=true w=false for SocketChannelEndPoint@3dfab099{l=/127.0.0.1:43437,r=/127.0.0.1:54592,OPEN,fill=FI,flush=-,to=1/30000}{io=1/0,kio=1,kro=1}->SslConnection@7d094cc6{NEED_UNWRAP,eio=-1/-1,di=-1,fill=INTERESTED,flush=IDLE}~>DecryptedEndPoint@215cd94d{l=/127.0.0.1:43437,r=/127.0.0.1:54592,OPEN,fill=FI,flush=-,to=2/30000}=>HttpConnection@18d7c60d[p=HttpParser{s=START,0 of -1},g=HttpGenerator@3a58749b{s=START}]=>HttpChannelOverHttp@59847827{s=HttpChannelState@49cac695{s=IDLE rs=BLOCKING os=OPEN is=IDLE awp=false se=false i=true al=0},r=0,c=false/false,a=IDLE,uri=null,age=0}
03:19:49.886 [qtp399373008-57] DEBUG org.eclipse.jetty.io.ChannelEndPoint - task CEP:SocketChannelEndPoint@3dfab099{l=/127.0.0.1:43437,r=/127.0.0.1:54592,OPEN,fill=FI,flush=-,to=2/30000}{io=1/0,kio=1,kro=1}->SslConnection@7d094cc6{NEED_UNWRAP,eio=-1/-1,di=-1,fill=INTERESTED,flush=IDLE}~>DecryptedEndPoint@215cd94d{l=/127.0.0.1:43437,r=/127.0.0.1:54592,OPEN,fill=FI,flush=-,to=2/30000}=>HttpConnection@18d7c60d[p=HttpParser{s=START,0 of -1},g=HttpGenerator@3a58749b{s=START}]=>HttpChannelOverHttp@59847827{s=HttpChannelState@49cac695{s=IDLE rs=BLOCKING os=OPEN is=IDLE awp=false se=false i=true al=0},r=0,c=false/false,a=IDLE,uri=null,age=0}:runFillable:BLOCKING
03:19:49.886 [qtp399373008-57] DEBUG org.eclipse.jetty.util.thread.ReservedThreadExecutor - ReservedThreadExecutor@424fd310{reserved=2/8,pending=0} tryExecute EatWhatYouKill@b7838a9/SelectorProducer@696f0212/PRODUCING/p=false/QueuedThreadPool[qtp399373008]@17cdf2d0{STARTED,8<=8<=200,i=1,r=-1,q=0}[ReservedThreadExecutor@424fd310{reserved=2/8,pending=0}][pc=0,pic=0,pec=1,epc=3]@2024-05-02T03:19:49.886+01:00
03:19:49.886 [qtp399373008-57] DEBUG org.eclipse.jetty.util.thread.strategy.EatWhatYouKill - EatWhatYouKill@b7838a9/SelectorProducer@696f0212/IDLE/p=true/QueuedThreadPool[qtp399373008]@17cdf2d0{STARTED,8<=8<=200,i=1,r=-1,q=0}[ReservedThreadExecutor@424fd310{reserved=1/8,pending=0}][pc=0,pic=0,pec=1,epc=3]@2024-05-02T03:19:49.886+01:00 m=EXECUTE_PRODUCE_CONSUME t=CEP:SocketChannelEndPoint@3dfab099{l=/127.0.0.1:43437,r=/127.0.0.1:54592,OPEN,fill=FI,flush=-,to=2/30000}{io=1/0,kio=1,kro=1}->SslConnection@7d094cc6{NEED_UNWRAP,eio=-1/-1,di=-1,fill=INTERESTED,flush=IDLE}~>DecryptedEndPoint@215cd94d{l=/127.0.0.1:43437,r=/127.0.0.1:54592,OPEN,fill=FI,flush=-,to=2/30000}=>HttpConnection@18d7c60d[p=HttpParser{s=START,0 of -1},g=HttpGenerator@3a58749b{s=START}]=>HttpChannelOverHttp@59847827{s=HttpChannelState@49cac695{s=IDLE rs=BLOCKING os=OPEN is=IDLE awp=false se=false i=true al=0},r=0,c=false/false,a=IDLE,uri=null,age=0}:runFillable:BLOCKING/BLOCKING
03:19:49.886 [qtp399373008-60] DEBUG org.eclipse.jetty.util.thread.ReservedThreadExecutor - ReservedThread@7bd5f03c{RESERVED,thread=Thread[qtp399373008-60,5,main]} task=EatWhatYouKill@b7838a9/SelectorProducer@696f0212/IDLE/p=true/QueuedThreadPool[qtp399373008]@17cdf2d0{STARTED,8<=8<=200,i=1,r=-1,q=0}[ReservedThreadExecutor@424fd310{reserved=1/8,pending=0}][pc=0,pic=0,pec=1,epc=3]@2024-05-02T03:19:49.886+01:00 ReservedThreadExecutor@424fd310{reserved=1/8,pending=0}
03:19:49.886 [qtp399373008-57] DEBUG org.eclipse.jetty.io.FillInterest - fillable FillInterest@385682c0{SSLC.NBReadCB@7d094cc6{SslConnection@7d094cc6::SocketChannelEndPoint@3dfab099{l=/127.0.0.1:43437,r=/127.0.0.1:54592,OPEN,fill=FI,flush=-,to=2/30000}{io=1/0,kio=1,kro=1}->SslConnection@7d094cc6{NEED_UNWRAP,eio=-1/-1,di=-1,fill=INTERESTED,flush=IDLE}~>DecryptedEndPoint@215cd94d{l=/127.0.0.1:43437,r=/127.0.0.1:54592,OPEN,fill=FI,flush=-,to=2/30000}=>HttpConnection@18d7c60d[p=HttpParser{s=START,0 of -1},g=HttpGenerator@3a58749b{s=START}]=>HttpChannelOverHttp@59847827{s=HttpChannelState@49cac695{s=IDLE rs=BLOCKING os=OPEN is=IDLE awp=false se=false i=true al=0},r=0,c=false/false,a=IDLE,uri=null,age=0}}}
03:19:49.886 [qtp399373008-57] DEBUG org.eclipse.jetty.io.ssl.SslConnection - >c.onFillable SslConnection@7d094cc6::SocketChannelEndPoint@3dfab099{l=/127.0.0.1:43437,r=/127.0.0.1:54592,OPEN,fill=-,flush=-,to=2/30000}{io=1/0,kio=1,kro=1}->SslConnection@7d094cc6{NEED_UNWRAP,eio=-1/-1,di=-1,fill=INTERESTED,flush=IDLE}~>DecryptedEndPoint@215cd94d{l=/127.0.0.1:43437,r=/127.0.0.1:54592,OPEN,fill=FI,flush=-,to=2/30000}=>HttpConnection@18d7c60d[p=HttpParser{s=START,0 of -1},g=HttpGenerator@3a58749b{s=START}]=>HttpChannelOverHttp@59847827{s=HttpChannelState@49cac695{s=IDLE rs=BLOCKING os=OPEN is=IDLE awp=false se=false i=true al=0},r=0,c=false/false,a=IDLE,uri=null,age=0}
03:19:49.886 [qtp399373008-57] DEBUG org.eclipse.jetty.io.ssl.SslConnection - onFillable SslConnection@7d094cc6::SocketChannelEndPoint@3dfab099{l=/127.0.0.1:43437,r=/127.0.0.1:54592,OPEN,fill=-,flush=-,to=2/30000}{io=1/0,kio=1,kro=1}->SslConnection@7d094cc6{NEED_UNWRAP,eio=-1/-1,di=-1,fill=INTERESTED,flush=IDLE}~>DecryptedEndPoint@215cd94d{l=/127.0.0.1:43437,r=/127.0.0.1:54592,OPEN,fill=FI,flush=-,to=2/30000}=>HttpConnection@18d7c60d[p=HttpParser{s=START,0 of -1},g=HttpGenerator@3a58749b{s=START}]=>HttpChannelOverHttp@59847827{s=HttpChannelState@49cac695{s=IDLE rs=BLOCKING os=OPEN is=IDLE awp=false se=false i=true al=0},r=0,c=false/false,a=IDLE,uri=null,age=0}
03:19:49.886 [qtp399373008-57] DEBUG org.eclipse.jetty.io.FillInterest - fillable FillInterest@1c993a73{AC.ReadCB@18d7c60d{HttpConnection@18d7c60d::DecryptedEndPoint@215cd94d{l=/127.0.0.1:43437,r=/127.0.0.1:54592,OPEN,fill=FI,flush=-,to=2/30000}}}
03:19:49.887 [qtp399373008-57] DEBUG org.eclipse.jetty.server.HttpConnection - HttpConnection@18d7c60d::DecryptedEndPoint@215cd94d{l=/127.0.0.1:43437,r=/127.0.0.1:54592,OPEN,fill=-,flush=-,to=2/30000} onFillable enter HttpChannelState@49cac695{s=IDLE rs=BLOCKING os=OPEN is=IDLE awp=false se=false i=true al=0} null
03:19:49.887 [qtp399373008-57] DEBUG org.eclipse.jetty.io.ssl.SslConnection - >fill SslConnection@7d094cc6::SocketChannelEndPoint@3dfab099{l=/127.0.0.1:43437,r=/127.0.0.1:54592,OPEN,fill=-,flush=-,to=2/30000}{io=1/0,kio=1,kro=1}->SslConnection@7d094cc6{NEED_UNWRAP,eio=-1/-1,di=-1,fill=IDLE,flush=IDLE}~>DecryptedEndPoint@215cd94d{l=/127.0.0.1:43437,r=/127.0.0.1:54592,OPEN,fill=-,flush=-,to=2/30000}=>HttpConnection@18d7c60d[p=HttpParser{s=START,0 of -1},g=HttpGenerator@3a58749b{s=START}]=>HttpChannelOverHttp@59847827{s=HttpChannelState@49cac695{s=IDLE rs=BLOCKING os=OPEN is=IDLE awp=false se=false i=true al=0},r=0,c=false/false,a=IDLE,uri=null,age=0}
03:19:49.887 [qtp399373008-57] DEBUG org.eclipse.jetty.io.ssl.SslConnection - fill NEED_UNWRAP
03:19:49.886 [qtp399373008-60] DEBUG org.eclipse.jetty.util.thread.strategy.EatWhatYouKill - EatWhatYouKill@b7838a9/SelectorProducer@696f0212/IDLE/p=true/QueuedThreadPool[qtp399373008]@17cdf2d0{STARTED,8<=8<=200,i=1,r=-1,q=0}[ReservedThreadExecutor@424fd310{reserved=1/8,pending=0}][pc=0,pic=0,pec=1,epc=4]@2024-05-02T03:19:49.886+01:00 tryProduce true
03:19:49.889 [qtp399373008-60] DEBUG org.eclipse.jetty.io.ManagedSelector - updateable 0
03:19:49.889 [qtp399373008-60] DEBUG org.eclipse.jetty.io.ManagedSelector - updates 0
03:19:49.889 [qtp399373008-57] DEBUG org.eclipse.jetty.io.ChannelEndPoint - filled 6 HeapByteBuffer@1719ebcb[p=0,l=6,c=17408,r=6]={<<<\x14\x03\x03\x00\x01\x01>>>\xA0\x95JJ\xB3tL\xFc\x04...\x00\x00\x00\x00\x00\x00\x00}
03:19:49.889 [qtp399373008-57] DEBUG org.eclipse.jetty.io.ssl.SslConnection - net filled=6
03:19:49.889 [qtp399373008-57] DEBUG org.eclipse.jetty.io.ssl.SslConnection - unwrap net_filled=6 Status = OK HandshakeStatus = NEED_UNWRAP bytesConsumed = 6 bytesProduced = 0 encryptedBuffer=[p=6,l=6,c=17408,r=0] unwrapBuffer=HeapByteBuffer@13266df0[p=0,l=0,c=17408,r=0]={<<<>>>\x16\x03\x03\x01N\x01\x00\x01J...\x00\x00\x00\x00\x00\x00\x00} appBuffer=HeapByteBuffer@13266df0[p=0,l=0,c=17408,r=0]={<<<>>>\x16\x03\x03\x01N\x01\x00\x01J...\x00\x00\x00\x00\x00\x00\x00}
03:19:49.889 [qtp399373008-60] DEBUG org.eclipse.jetty.io.ChannelEndPoint - Key interests updated 1 -> 0 on SocketChannelEndPoint@3dfab099{l=/127.0.0.1:43437,r=/127.0.0.1:54592,OPEN,fill=-,flush=-,to=0/30000}{io=0/0,kio=0,kro=1}->SslConnection@7d094cc6{NEED_UNWRAP,eio=6/-1,di=-1,fill=IDLE,flush=IDLE}~>DecryptedEndPoint@215cd94d{l=/127.0.0.1:43437,r=/127.0.0.1:54592,OPEN,fill=-,flush=-,to=5/30000}=>HttpConnection@18d7c60d[p=HttpParser{s=START,0 of -1},g=HttpGenerator@3a58749b{s=START}]=>HttpChannelOverHttp@59847827{s=HttpChannelState@49cac695{s=IDLE rs=BLOCKING os=OPEN is=IDLE awp=false se=false i=true al=0},r=0,c=false/false,a=IDLE,uri=null,age=0}
03:19:49.889 [qtp399373008-57] DEBUG org.eclipse.jetty.io.ssl.SslConnection - fill NEED_UNWRAP
03:19:49.889 [qtp399373008-60] DEBUG org.eclipse.jetty.io.ManagedSelector - Selector sun.nio.ch.EPollSelectorImpl@342f02f2 waiting with 2 keys
03:19:49.889 [qtp399373008-57] DEBUG org.eclipse.jetty.io.ChannelEndPoint - filled 0 HeapByteBuffer@1719ebcb[p=0,l=0,c=17408,r=0]={<<<>>>\x14\x03\x03\x00\x01\x01\xA0\x95J...\x00\x00\x00\x00\x00\x00\x00}
03:19:49.889 [qtp399373008-57] DEBUG org.eclipse.jetty.io.ssl.SslConnection - net filled=0
03:19:49.889 [qtp399373008-57] DEBUG org.eclipse.jetty.io.ssl.SslConnection - unwrap net_filled=0 Status = BUFFER_UNDERFLOW HandshakeStatus = NEED_UNWRAP bytesConsumed = 0 bytesProduced = 0 encryptedBuffer=[p=0,l=0,c=17408,r=0] unwrapBuffer=HeapByteBuffer@13266df0[p=0,l=0,c=17408,r=0]={<<<>>>\x16\x03\x03\x01N\x01\x00\x01J...\x00\x00\x00\x00\x00\x00\x00} appBuffer=HeapByteBuffer@13266df0[p=0,l=0,c=17408,r=0]={<<<>>>\x16\x03\x03\x01N\x01\x00\x01J...\x00\x00\x00\x00\x00\x00\x00}
03:19:49.889 [qtp399373008-57] DEBUG org.eclipse.jetty.io.ssl.SslConnection - <fill f=0 uf=true SslConnection@7d094cc6::SocketChannelEndPoint@3dfab099{l=/127.0.0.1:43437,r=/127.0.0.1:54592,OPEN,fill=-,flush=-,to=0/30000}{io=0/0,kio=0,kro=1}->SslConnection@7d094cc6{NEED_UNWRAP,eio=-1/-1,di=-1,fill=IDLE,flush=IDLE}~>DecryptedEndPoint@215cd94d{l=/127.0.0.1:43437,r=/127.0.0.1:54592,OPEN,fill=-,flush=-,to=5/30000}=>HttpConnection@18d7c60d[p=HttpParser{s=START,0 of -1},g=HttpGenerator@3a58749b{s=START}]=>HttpChannelOverHttp@59847827{s=HttpChannelState@49cac695{s=IDLE rs=BLOCKING os=OPEN is=IDLE awp=false se=false i=true al=0},r=0,c=false/false,a=IDLE,uri=null,age=0}
03:19:49.889 [qtp399373008-57] DEBUG org.eclipse.jetty.io.ssl.SslConnection - >fill SslConnection@7d094cc6::SocketChannelEndPoint@3dfab099{l=/127.0.0.1:43437,r=/127.0.0.1:54592,OPEN,fill=-,flush=-,to=0/30000}{io=0/0,kio=0,kro=1}->SslConnection@7d094cc6{NEED_UNWRAP,eio=-1/-1,di=-1,fill=IDLE,flush=IDLE}~>DecryptedEndPoint@215cd94d{l=/127.0.0.1:43437,r=/127.0.0.1:54592,OPEN,fill=-,flush=-,to=5/30000}=>HttpConnection@18d7c60d[p=HttpParser{s=START,0 of -1},g=HttpGenerator@3a58749b{s=START}]=>HttpChannelOverHttp@59847827{s=HttpChannelState@49cac695{s=IDLE rs=BLOCKING os=OPEN is=IDLE awp=false se=false i=true al=0},r=0,c=false/false,a=IDLE,uri=null,age=0}
03:19:49.889 [qtp399373008-57] DEBUG org.eclipse.jetty.io.ssl.SslConnection - fill NEED_UNWRAP
03:19:49.889 [qtp399373008-57] DEBUG org.eclipse.jetty.io.ChannelEndPoint - filled 0 HeapByteBuffer@19de0680[p=0,l=0,c=17408,r=0]={<<<>>>GET /conf...\x00\x00\x00\x00\x00\x00\x00}
03:19:49.889 [qtp399373008-57] DEBUG org.eclipse.jetty.io.ssl.SslConnection - net filled=0
03:19:49.889 [qtp399373008-57] DEBUG org.eclipse.jetty.io.ssl.SslConnection - unwrap net_filled=0 Status = BUFFER_UNDERFLOW HandshakeStatus = NEED_UNWRAP bytesConsumed = 0 bytesProduced = 0 encryptedBuffer=[p=0,l=0,c=17408,r=0] unwrapBuffer=HeapByteBuffer@13266df0[p=0,l=0,c=17408,r=0]={<<<>>>\x16\x03\x03\x01N\x01\x00\x01J...\x00\x00\x00\x00\x00\x00\x00} appBuffer=HeapByteBuffer@13266df0[p=0,l=0,c=17408,r=0]={<<<>>>\x16\x03\x03\x01N\x01\x00\x01J...\x00\x00\x00\x00\x00\x00\x00}
03:19:49.889 [qtp399373008-57] DEBUG org.eclipse.jetty.io.ssl.SslConnection - <fill f=0 uf=true SslConnection@7d094cc6::SocketChannelEndPoint@3dfab099{l=/127.0.0.1:43437,r=/127.0.0.1:54592,OPEN,fill=-,flush=-,to=0/30000}{io=0/0,kio=0,kro=1}->SslConnection@7d094cc6{NEED_UNWRAP,eio=-1/-1,di=-1,fill=IDLE,flush=IDLE}~>DecryptedEndPoint@215cd94d{l=/127.0.0.1:43437,r=/127.0.0.1:54592,OPEN,fill=-,flush=-,to=5/30000}=>HttpConnection@18d7c60d[p=HttpParser{s=START,0 of -1},g=HttpGenerator@3a58749b{s=START}]=>HttpChannelOverHttp@59847827{s=HttpChannelState@49cac695{s=IDLE rs=BLOCKING os=OPEN is=IDLE awp=false se=false i=true al=0},r=0,c=false/false,a=IDLE,uri=null,age=0}
03:19:49.890 [qtp399373008-57] DEBUG org.eclipse.jetty.server.HttpConnection - HttpConnection@18d7c60d::DecryptedEndPoint@215cd94d{l=/127.0.0.1:43437,r=/127.0.0.1:54592,OPEN,fill=-,flush=-,to=5/30000} filled 0 HeapByteBuffer@13266df0[p=0,l=0,c=17408,r=0]={<<<>>>\x16\x03\x03\x01N\x01\x00\x01J...\x00\x00\x00\x00\x00\x00\x00}
03:19:49.890 [qtp399373008-57] DEBUG org.eclipse.jetty.server.HttpConnection - HttpConnection@18d7c60d::DecryptedEndPoint@215cd94d{l=/127.0.0.1:43437,r=/127.0.0.1:54592,OPEN,fill=-,flush=-,to=5/30000} parse HeapByteBuffer@13266df0[p=0,l=0,c=17408,r=0]={<<<>>>\x16\x03\x03\x01N\x01\x00\x01J...\x00\x00\x00\x00\x00\x00\x00} {}
03:19:49.890 [qtp399373008-57] DEBUG org.eclipse.jetty.http.HttpParser - parseNext s=START HeapByteBuffer@13266df0[p=0,l=0,c=17408,r=0]={<<<>>>\x16\x03\x03\x01N\x01\x00\x01J...\x00\x00\x00\x00\x00\x00\x00}
03:19:49.890 [qtp399373008-57] DEBUG org.eclipse.jetty.server.HttpConnection - HttpConnection@18d7c60d::DecryptedEndPoint@215cd94d{l=/127.0.0.1:43437,r=/127.0.0.1:54592,OPEN,fill=-,flush=-,to=6/30000} parsed false HttpParser{s=START,0 of -1}
03:19:49.890 [qtp399373008-57] DEBUG org.eclipse.jetty.server.HttpConnection - releaseRequestBuffer HttpConnection@18d7c60d::DecryptedEndPoint@215cd94d{l=/127.0.0.1:43437,r=/127.0.0.1:54592,OPEN,fill=-,flush=-,to=6/30000}
03:19:49.890 [qtp399373008-57] DEBUG org.eclipse.jetty.io.AbstractConnection - fillInterested HttpConnection@18d7c60d::DecryptedEndPoint@215cd94d{l=/127.0.0.1:43437,r=/127.0.0.1:54592,OPEN,fill=-,flush=-,to=6/30000}
03:19:49.890 [qtp399373008-57] DEBUG org.eclipse.jetty.io.FillInterest - interested FillInterest@1c993a73{AC.ReadCB@18d7c60d{HttpConnection@18d7c60d::DecryptedEndPoint@215cd94d{l=/127.0.0.1:43437,r=/127.0.0.1:54592,OPEN,fill=FI,flush=-,to=0/30000}}}
03:19:49.890 [qtp399373008-57] DEBUG org.eclipse.jetty.io.ssl.SslConnection - >needFillInterest s=IDLE/IDLE uf=true ei=null di=null SslConnection@7d094cc6::SocketChannelEndPoint@3dfab099{l=/127.0.0.1:43437,r=/127.0.0.1:54592,OPEN,fill=-,flush=-,to=0/30000}{io=0/0,kio=0,kro=1}->SslConnection@7d094cc6{NEED_UNWRAP,eio=-1/-1,di=-1,fill=IDLE,flush=IDLE}~>DecryptedEndPoint@215cd94d{l=/127.0.0.1:43437,r=/127.0.0.1:54592,OPEN,fill=FI,flush=-,to=0/30000}=>HttpConnection@18d7c60d[p=HttpParser{s=START,0 of -1},g=HttpGenerator@3a58749b{s=START}]=>HttpChannelOverHttp@59847827{s=HttpChannelState@49cac695{s=IDLE rs=BLOCKING os=OPEN is=IDLE awp=false se=false i=true al=0},r=0,c=false/false,a=IDLE,uri=null,age=0}
03:19:49.890 [qtp399373008-57] DEBUG org.eclipse.jetty.io.ssl.SslConnection - <needFillInterest s=IDLE/INTERESTED f=false i=true w=null
03:19:49.890 [qtp399373008-57] DEBUG org.eclipse.jetty.io.ssl.SslConnection - ensureFillInterested SslConnection@7d094cc6::SocketChannelEndPoint@3dfab099{l=/127.0.0.1:43437,r=/127.0.0.1:54592,OPEN,fill=-,flush=-,to=1/30000}{io=0/0,kio=0,kro=1}->SslConnection@7d094cc6{NEED_UNWRAP,eio=-1/-1,di=-1,fill=INTERESTED,flush=IDLE}~>DecryptedEndPoint@215cd94d{l=/127.0.0.1:43437,r=/127.0.0.1:54592,OPEN,fill=FI,flush=-,to=0/30000}=>HttpConnection@18d7c60d[p=HttpParser{s=START,0 of -1},g=HttpGenerator@3a58749b{s=START}]=>HttpChannelOverHttp@59847827{s=HttpChannelState@49cac695{s=IDLE rs=BLOCKING os=OPEN is=IDLE awp=false se=false i=true al=0},r=0,c=false/false,a=IDLE,uri=null,age=0}
03:19:49.890 [qtp399373008-57] DEBUG org.eclipse.jetty.io.FillInterest - interested FillInterest@385682c0{SSLC.NBReadCB@7d094cc6{SslConnection@7d094cc6::SocketChannelEndPoint@3dfab099{l=/127.0.0.1:43437,r=/127.0.0.1:54592,OPEN,fill=FI,flush=-,to=0/30000}{io=0/0,kio=0,kro=1}->SslConnection@7d094cc6{NEED_UNWRAP,eio=-1/-1,di=-1,fill=INTERESTED,flush=IDLE}~>DecryptedEndPoint@215cd94d{l=/127.0.0.1:43437,r=/127.0.0.1:54592,OPEN,fill=FI,flush=-,to=0/30000}=>HttpConnection@18d7c60d[p=HttpParser{s=START,0 of -1},g=HttpGenerator@3a58749b{s=START}]=>HttpChannelOverHttp@59847827{s=HttpChannelState@49cac695{s=IDLE rs=BLOCKING os=OPEN is=IDLE awp=false se=false i=true al=0},r=0,c=false/false,a=IDLE,uri=null,age=0}}}
03:19:49.890 [qtp399373008-57] DEBUG org.eclipse.jetty.io.ChannelEndPoint - changeInterests p=false 0->1 for SocketChannelEndPoint@3dfab099{l=/127.0.0.1:43437,r=/127.0.0.1:54592,OPEN,fill=FI,flush=-,to=0/30000}{io=0/1,kio=0,kro=1}->SslConnection@7d094cc6{NEED_UNWRAP,eio=-1/-1,di=-1,fill=INTERESTED,flush=IDLE}~>DecryptedEndPoint@215cd94d{l=/127.0.0.1:43437,r=/127.0.0.1:54592,OPEN,fill=FI,flush=-,to=0/30000}=>HttpConnection@18d7c60d[p=HttpParser{s=START,0 of -1},g=HttpGenerator@3a58749b{s=START}]=>HttpChannelOverHttp@59847827{s=HttpChannelState@49cac695{s=IDLE rs=BLOCKING os=OPEN is=IDLE awp=false se=false i=true al=0},r=0,c=false/false,a=IDLE,uri=null,age=0}
03:19:49.890 [qtp399373008-57] DEBUG org.eclipse.jetty.io.ManagedSelector - Queued change lazy=false org.eclipse.jetty.io.ChannelEndPoint$$Lambda$255/90666987@f8e9670 on ManagedSelector@5733f295{STARTED} id=1 keys=2 selected=0 updates=0
03:19:49.890 [qtp399373008-57] DEBUG org.eclipse.jetty.io.ManagedSelector - Wakeup on submit ManagedSelector@5733f295{STARTED} id=1 keys=2 selected=0 updates=1
03:19:49.890 [qtp399373008-57] DEBUG org.eclipse.jetty.server.HttpConnection - HttpConnection@18d7c60d::DecryptedEndPoint@215cd94d{l=/127.0.0.1:43437,r=/127.0.0.1:54592,OPEN,fill=FI,flush=-,to=0/30000} onFillable exit HttpChannelState@49cac695{s=IDLE rs=BLOCKING os=OPEN is=IDLE awp=false se=false i=true al=0} null
03:19:49.890 [qtp399373008-60] DEBUG org.eclipse.jetty.io.ManagedSelector - Selector sun.nio.ch.EPollSelectorImpl@342f02f2 woken with none selected
03:19:49.890 [qtp399373008-60] DEBUG org.eclipse.jetty.io.ManagedSelector - Selector sun.nio.ch.EPollSelectorImpl@342f02f2 woken up from select, 0/0/2 selected
03:19:49.890 [qtp399373008-60] DEBUG org.eclipse.jetty.io.ManagedSelector - Selector sun.nio.ch.EPollSelectorImpl@342f02f2 processing 0 keys, 1 updates
03:19:49.890 [qtp399373008-60] DEBUG org.eclipse.jetty.io.ManagedSelector - updateable 1
03:19:49.890 [qtp399373008-60] DEBUG org.eclipse.jetty.io.ManagedSelector - update org.eclipse.jetty.io.ChannelEndPoint$$Lambda$255/90666987@f8e9670
03:19:49.890 [qtp399373008-57] DEBUG org.eclipse.jetty.io.ssl.SslConnection - <c.onFillable SslConnection@7d094cc6::SocketChannelEndPoint@3dfab099{l=/127.0.0.1:43437,r=/127.0.0.1:54592,OPEN,fill=FI,flush=-,to=0/30000}{io=0/1,kio=0,kro=1}->SslConnection@7d094cc6{NEED_UNWRAP,eio=-1/-1,di=-1,fill=INTERESTED,flush=IDLE}~>DecryptedEndPoint@215cd94d{l=/127.0.0.1:43437,r=/127.0.0.1:54592,OPEN,fill=FI,flush=-,to=0/30000}=>HttpConnection@18d7c60d[p=HttpParser{s=START,0 of -1},g=HttpGenerator@3a58749b{s=START}]=>HttpChannelOverHttp@59847827{s=HttpChannelState@49cac695{s=IDLE rs=BLOCKING os=OPEN is=IDLE awp=false se=false i=true al=0},r=0,c=false/false,a=IDLE,uri=null,age=0}
03:19:49.890 [qtp399373008-57] DEBUG org.eclipse.jetty.util.thread.ReservedThreadExecutor - ReservedThread@2c51a9d9{RUNNING,thread=Thread[qtp399373008-57,5,main]} was=RUNNING next=RESERVED size=0+2 capacity=8
03:19:49.890 [qtp399373008-60] DEBUG org.eclipse.jetty.io.ChannelEndPoint - Key interests updated 0 -> 1 on SocketChannelEndPoint@3dfab099{l=/127.0.0.1:43437,r=/127.0.0.1:54592,OPEN,fill=FI,flush=-,to=0/30000}{io=1/1,kio=1,kro=1}->SslConnection@7d094cc6{NEED_UNWRAP,eio=-1/-1,di=-1,fill=INTERESTED,flush=IDLE}~>DecryptedEndPoint@215cd94d{l=/127.0.0.1:43437,r=/127.0.0.1:54592,OPEN,fill=FI,flush=-,to=0/30000}=>HttpConnection@18d7c60d[p=HttpParser{s=START,0 of -1},g=HttpGenerator@3a58749b{s=START}]=>HttpChannelOverHttp@59847827{s=HttpChannelState@49cac695{s=IDLE rs=BLOCKING os=OPEN is=IDLE awp=false se=false i=true al=0},r=0,c=false/false,a=IDLE,uri=null,age=0}
03:19:49.890 [qtp399373008-60] DEBUG org.eclipse.jetty.io.ManagedSelector - updates 0
03:19:49.890 [qtp399373008-57] DEBUG org.eclipse.jetty.util.thread.ReservedThreadExecutor - ReservedThread@2c51a9d9{RESERVED,thread=Thread[qtp399373008-57,5,main]} waiting ReservedThreadExecutor@424fd310{reserved=2/8,pending=0}
03:19:49.890 [qtp399373008-60] DEBUG org.eclipse.jetty.io.ManagedSelector - Selector sun.nio.ch.EPollSelectorImpl@342f02f2 waiting with 2 keys
03:19:49.929 [qtp399373008-60] DEBUG org.eclipse.jetty.io.ManagedSelector - Selector sun.nio.ch.EPollSelectorImpl@342f02f2 woken up from select, 1/1/2 selected
03:19:49.929 [qtp399373008-60] DEBUG org.eclipse.jetty.io.ManagedSelector - Selector sun.nio.ch.EPollSelectorImpl@342f02f2 processing 1 keys, 0 updates
03:19:49.929 [qtp399373008-60] DEBUG org.eclipse.jetty.io.ManagedSelector - selected 1 sun.nio.ch.SelectionKeyImpl@5c9bbf58 SocketChannelEndPoint@3dfab099{l=/127.0.0.1:43437,r=/127.0.0.1:54592,OPEN,fill=FI,flush=-,to=38/30000}{io=1/1,kio=1,kro=1}->SslConnection@7d094cc6{NEED_UNWRAP,eio=-1/-1,di=-1,fill=INTERESTED,flush=IDLE}~>DecryptedEndPoint@215cd94d{l=/127.0.0.1:43437,r=/127.0.0.1:54592,OPEN,fill=FI,flush=-,to=39/30000}=>HttpConnection@18d7c60d[p=HttpParser{s=START,0 of -1},g=HttpGenerator@3a58749b{s=START}]=>HttpChannelOverHttp@59847827{s=HttpChannelState@49cac695{s=IDLE rs=BLOCKING os=OPEN is=IDLE awp=false se=false i=true al=0},r=0,c=false/false,a=IDLE,uri=null,age=0} 
03:19:49.929 [qtp399373008-60] DEBUG org.eclipse.jetty.io.ChannelEndPoint - onSelected 1->0 r=true w=false for SocketChannelEndPoint@3dfab099{l=/127.0.0.1:43437,r=/127.0.0.1:54592,OPEN,fill=FI,flush=-,to=39/30000}{io=1/0,kio=1,kro=1}->SslConnection@7d094cc6{NEED_UNWRAP,eio=-1/-1,di=-1,fill=INTERESTED,flush=IDLE}~>DecryptedEndPoint@215cd94d{l=/127.0.0.1:43437,r=/127.0.0.1:54592,OPEN,fill=FI,flush=-,to=39/30000}=>HttpConnection@18d7c60d[p=HttpParser{s=START,0 of -1},g=HttpGenerator@3a58749b{s=START}]=>HttpChannelOverHttp@59847827{s=HttpChannelState@49cac695{s=IDLE rs=BLOCKING os=OPEN is=IDLE awp=false se=false i=true al=0},r=0,c=false/false,a=IDLE,uri=null,age=0}
03:19:49.929 [qtp399373008-60] DEBUG org.eclipse.jetty.io.ChannelEndPoint - task CEP:SocketChannelEndPoint@3dfab099{l=/127.0.0.1:43437,r=/127.0.0.1:54592,OPEN,fill=FI,flush=-,to=39/30000}{io=1/0,kio=1,kro=1}->SslConnection@7d094cc6{NEED_UNWRAP,eio=-1/-1,di=-1,fill=INTERESTED,flush=IDLE}~>DecryptedEndPoint@215cd94d{l=/127.0.0.1:43437,r=/127.0.0.1:54592,OPEN,fill=FI,flush=-,to=39/30000}=>HttpConnection@18d7c60d[p=HttpParser{s=START,0 of -1},g=HttpGenerator@3a58749b{s=START}]=>HttpChannelOverHttp@59847827{s=HttpChannelState@49cac695{s=IDLE rs=BLOCKING os=OPEN is=IDLE awp=false se=false i=true al=0},r=0,c=false/false,a=IDLE,uri=null,age=0}:runFillable:BLOCKING
03:19:49.929 [qtp399373008-60] DEBUG org.eclipse.jetty.util.thread.ReservedThreadExecutor - ReservedThreadExecutor@424fd310{reserved=2/8,pending=0} tryExecute EatWhatYouKill@b7838a9/SelectorProducer@696f0212/PRODUCING/p=false/QueuedThreadPool[qtp399373008]@17cdf2d0{STARTED,8<=8<=200,i=1,r=-1,q=0}[ReservedThreadExecutor@424fd310{reserved=2/8,pending=0}][pc=0,pic=0,pec=1,epc=4]@2024-05-02T03:19:49.929+01:00
03:19:49.929 [qtp399373008-60] DEBUG org.eclipse.jetty.util.thread.strategy.EatWhatYouKill - EatWhatYouKill@b7838a9/SelectorProducer@696f0212/IDLE/p=true/QueuedThreadPool[qtp399373008]@17cdf2d0{STARTED,8<=8<=200,i=1,r=-1,q=0}[ReservedThreadExecutor@424fd310{reserved=1/8,pending=0}][pc=0,pic=0,pec=1,epc=4]@2024-05-02T03:19:49.929+01:00 m=EXECUTE_PRODUCE_CONSUME t=CEP:SocketChannelEndPoint@3dfab099{l=/127.0.0.1:43437,r=/127.0.0.1:54592,OPEN,fill=FI,flush=-,to=39/30000}{io=1/0,kio=1,kro=1}->SslConnection@7d094cc6{NEED_UNWRAP,eio=-1/-1,di=-1,fill=INTERESTED,flush=IDLE}~>DecryptedEndPoint@215cd94d{l=/127.0.0.1:43437,r=/127.0.0.1:54592,OPEN,fill=FI,flush=-,to=39/30000}=>HttpConnection@18d7c60d[p=HttpParser{s=START,0 of -1},g=HttpGenerator@3a58749b{s=START}]=>HttpChannelOverHttp@59847827{s=HttpChannelState@49cac695{s=IDLE rs=BLOCKING os=OPEN is=IDLE awp=false se=false i=true al=0},r=0,c=false/false,a=IDLE,uri=null,age=0}:runFillable:BLOCKING/BLOCKING
03:19:49.929 [qtp399373008-57] DEBUG org.eclipse.jetty.util.thread.ReservedThreadExecutor - ReservedThread@2c51a9d9{RESERVED,thread=Thread[qtp399373008-57,5,main]} task=EatWhatYouKill@b7838a9/SelectorProducer@696f0212/IDLE/p=true/QueuedThreadPool[qtp399373008]@17cdf2d0{STARTED,8<=8<=200,i=1,r=-1,q=0}[ReservedThreadExecutor@424fd310{reserved=1/8,pending=0}][pc=0,pic=0,pec=1,epc=4]@2024-05-02T03:19:49.929+01:00 ReservedThreadExecutor@424fd310{reserved=1/8,pending=0}
03:19:49.930 [qtp399373008-60] DEBUG org.eclipse.jetty.io.FillInterest - fillable FillInterest@385682c0{SSLC.NBReadCB@7d094cc6{SslConnection@7d094cc6::SocketChannelEndPoint@3dfab099{l=/127.0.0.1:43437,r=/127.0.0.1:54592,OPEN,fill=FI,flush=-,to=39/30000}{io=1/0,kio=1,kro=1}->SslConnection@7d094cc6{NEED_UNWRAP,eio=-1/-1,di=-1,fill=INTERESTED,flush=IDLE}~>DecryptedEndPoint@215cd94d{l=/127.0.0.1:43437,r=/127.0.0.1:54592,OPEN,fill=FI,flush=-,to=39/30000}=>HttpConnection@18d7c60d[p=HttpParser{s=START,0 of -1},g=HttpGenerator@3a58749b{s=START}]=>HttpChannelOverHttp@59847827{s=HttpChannelState@49cac695{s=IDLE rs=BLOCKING os=OPEN is=IDLE awp=false se=false i=true al=0},r=0,c=false/false,a=IDLE,uri=null,age=0}}}
03:19:49.930 [qtp399373008-57] DEBUG org.eclipse.jetty.util.thread.strategy.EatWhatYouKill - EatWhatYouKill@b7838a9/SelectorProducer@696f0212/IDLE/p=true/QueuedThreadPool[qtp399373008]@17cdf2d0{STARTED,8<=8<=200,i=1,r=-1,q=0}[ReservedThreadExecutor@424fd310{reserved=1/8,pending=0}][pc=0,pic=0,pec=1,epc=5]@2024-05-02T03:19:49.93+01:00 tryProduce true
03:19:49.930 [qtp399373008-57] DEBUG org.eclipse.jetty.io.ManagedSelector - updateable 0
03:19:49.930 [qtp399373008-57] DEBUG org.eclipse.jetty.io.ManagedSelector - updates 0
03:19:49.930 [qtp399373008-60] DEBUG org.eclipse.jetty.io.ssl.SslConnection - >c.onFillable SslConnection@7d094cc6::SocketChannelEndPoint@3dfab099{l=/127.0.0.1:43437,r=/127.0.0.1:54592,OPEN,fill=-,flush=-,to=39/30000}{io=1/0,kio=1,kro=1}->SslConnection@7d094cc6{NEED_UNWRAP,eio=-1/-1,di=-1,fill=INTERESTED,flush=IDLE}~>DecryptedEndPoint@215cd94d{l=/127.0.0.1:43437,r=/127.0.0.1:54592,OPEN,fill=FI,flush=-,to=39/30000}=>HttpConnection@18d7c60d[p=HttpParser{s=START,0 of -1},g=HttpGenerator@3a58749b{s=START}]=>HttpChannelOverHttp@59847827{s=HttpChannelState@49cac695{s=IDLE rs=BLOCKING os=OPEN is=IDLE awp=false se=false i=true al=0},r=0,c=false/false,a=IDLE,uri=null,age=0}
03:19:49.930 [qtp399373008-57] DEBUG org.eclipse.jetty.io.ChannelEndPoint - Key interests updated 1 -> 0 on SocketChannelEndPoint@3dfab099{l=/127.0.0.1:43437,r=/127.0.0.1:54592,OPEN,fill=-,flush=-,to=39/30000}{io=0/0,kio=0,kro=1}->SslConnection@7d094cc6{NEED_UNWRAP,eio=-1/-1,di=-1,fill=INTERESTED,flush=IDLE}~>DecryptedEndPoint@215cd94d{l=/127.0.0.1:43437,r=/127.0.0.1:54592,OPEN,fill=FI,flush=-,to=39/30000}=>HttpConnection@18d7c60d[p=HttpParser{s=START,0 of -1},g=HttpGenerator@3a58749b{s=START}]=>HttpChannelOverHttp@59847827{s=HttpChannelState@49cac695{s=IDLE rs=BLOCKING os=OPEN is=IDLE awp=false se=false i=true al=0},r=0,c=false/false,a=IDLE,uri=null,age=0}
03:19:49.930 [qtp399373008-57] DEBUG org.eclipse.jetty.io.ManagedSelector - Selector sun.nio.ch.EPollSelectorImpl@342f02f2 waiting with 2 keys
03:19:49.930 [qtp399373008-60] DEBUG org.eclipse.jetty.io.ssl.SslConnection - onFillable SslConnection@7d094cc6::SocketChannelEndPoint@3dfab099{l=/127.0.0.1:43437,r=/127.0.0.1:54592,OPEN,fill=-,flush=-,to=39/30000}{io=0/0,kio=0,kro=1}->SslConnection@7d094cc6{NEED_UNWRAP,eio=-1/-1,di=-1,fill=INTERESTED,flush=IDLE}~>DecryptedEndPoint@215cd94d{l=/127.0.0.1:43437,r=/127.0.0.1:54592,OPEN,fill=FI,flush=-,to=40/30000}=>HttpConnection@18d7c60d[p=HttpParser{s=START,0 of -1},g=HttpGenerator@3a58749b{s=START}]=>HttpChannelOverHttp@59847827{s=HttpChannelState@49cac695{s=IDLE rs=BLOCKING os=OPEN is=IDLE awp=false se=false i=true al=0},r=0,c=false/false,a=IDLE,uri=null,age=0}
03:19:49.930 [qtp399373008-60] DEBUG org.eclipse.jetty.io.FillInterest - fillable FillInterest@1c993a73{AC.ReadCB@18d7c60d{HttpConnection@18d7c60d::DecryptedEndPoint@215cd94d{l=/127.0.0.1:43437,r=/127.0.0.1:54592,OPEN,fill=FI,flush=-,to=40/30000}}}
03:19:49.930 [qtp399373008-60] DEBUG org.eclipse.jetty.server.HttpConnection - HttpConnection@18d7c60d::DecryptedEndPoint@215cd94d{l=/127.0.0.1:43437,r=/127.0.0.1:54592,OPEN,fill=-,flush=-,to=40/30000} onFillable enter HttpChannelState@49cac695{s=IDLE rs=BLOCKING os=OPEN is=IDLE awp=false se=false i=true al=0} null
03:19:49.930 [qtp399373008-60] DEBUG org.eclipse.jetty.io.ssl.SslConnection - >fill SslConnection@7d094cc6::SocketChannelEndPoint@3dfab099{l=/127.0.0.1:43437,r=/127.0.0.1:54592,OPEN,fill=-,flush=-,to=39/30000}{io=0/0,kio=0,kro=1}->SslConnection@7d094cc6{NEED_UNWRAP,eio=-1/-1,di=-1,fill=IDLE,flush=IDLE}~>DecryptedEndPoint@215cd94d{l=/127.0.0.1:43437,r=/127.0.0.1:54592,OPEN,fill=-,flush=-,to=40/30000}=>HttpConnection@18d7c60d[p=HttpParser{s=START,0 of -1},g=HttpGenerator@3a58749b{s=START}]=>HttpChannelOverHttp@59847827{s=HttpChannelState@49cac695{s=IDLE rs=BLOCKING os=OPEN is=IDLE awp=false se=false i=true al=0},r=0,c=false/false,a=IDLE,uri=null,age=0}
03:19:49.930 [qtp399373008-60] DEBUG org.eclipse.jetty.io.ssl.SslConnection - fill NEED_UNWRAP
03:19:49.930 [qtp399373008-60] DEBUG org.eclipse.jetty.io.ChannelEndPoint - filled 1509 HeapByteBuffer@19de0680[p=0,l=1509,c=17408,r=1509]={<<<\x17\x03\x03\x03\xAd\xE5\xFe3\xA6Rn{11\x97\xCb\xB1O\xB6t\xDc\x0e1\xCb\x06...\xCb\xCc\x8b_\x10\x18kD\x89f6\x90V+\x9a.;OU+\xDd\x1a0>>>\x98\xC4-i@Y\x80V\x0c...\x00\x00\x00\x00\x00\x00\x00}
03:19:49.930 [qtp399373008-60] DEBUG org.eclipse.jetty.io.ssl.SslConnection - net filled=1509
03:19:49.930 [qtp399373008-60] DEBUG org.eclipse.jetty.io.ssl.SslConnection - unwrap net_filled=1509 Status = OK HandshakeStatus = NEED_TASK bytesConsumed = 946 bytesProduced = 0 encryptedBuffer=[p=946,l=1509,c=17408,r=563] unwrapBuffer=HeapByteBuffer@1719ebcb[p=0,l=0,c=17408,r=0]={<<<>>>\x14\x03\x03\x00\x01\x01\xA0\x95J...\x00\x00\x00\x00\x00\x00\x00} appBuffer=HeapByteBuffer@1719ebcb[p=0,l=0,c=17408,r=0]={<<<>>>\x14\x03\x03\x00\x01\x01\xA0\x95J...\x00\x00\x00\x00\x00\x00\x00}
03:19:49.930 [qtp399373008-60] DEBUG org.eclipse.jetty.io.ssl.SslConnection - fill NEED_TASK
03:19:49.930 [qtp399373008-60] DEBUG org.eclipse.jetty.io.ssl.SslConnection - fill NEED_UNWRAP
03:19:49.930 [qtp399373008-60] DEBUG org.eclipse.jetty.io.ChannelEndPoint - filled 0 HeapByteBuffer@19de0680[p=946,l=1509,c=17408,r=563]={\x17\x03\x03\x03\xAd\x0b\x00\x03\x88...}\x0f\xFa\x84n\xBf\xEb<<<\x17\x03\x03\x01)\\gg\xCd\xEf\xF3\x0c\x17<u\xAa9\xF6\xC8t7%\x1f\x86\x82...\xCb\xCc\x8b_\x10\x18kD\x89f6\x90V+\x9a.;OU+\xDd\x1a0>>>\x98\xC4-i@Y\x80V\x0c...\x00\x00\x00\x00\x00\x00\x00}
03:19:49.930 [qtp399373008-60] DEBUG org.eclipse.jetty.io.ssl.SslConnection - net filled=0
03:19:49.930 [qtp399373008-60] DEBUG org.eclipse.jetty.io.ssl.SslConnection - unwrap net_filled=0 Status = OK HandshakeStatus = NEED_TASK bytesConsumed = 302 bytesProduced = 0 encryptedBuffer=[p=1248,l=1509,c=17408,r=261] unwrapBuffer=HeapByteBuffer@1719ebcb[p=0,l=0,c=17408,r=0]={<<<>>>\x14\x03\x03\x00\x01\x01\xA0\x95J...\x00\x00\x00\x00\x00\x00\x00} appBuffer=HeapByteBuffer@1719ebcb[p=0,l=0,c=17408,r=0]={<<<>>>\x14\x03\x03\x00\x01\x01\xA0\x95J...\x00\x00\x00\x00\x00\x00\x00}
03:19:49.931 [qtp399373008-60] DEBUG org.eclipse.jetty.io.ssl.SslConnection - fill NEED_TASK
03:19:49.931 [qtp399373008-60] DEBUG org.eclipse.jetty.io.ssl.SslConnection - fill NEED_UNWRAP
03:19:49.931 [qtp399373008-60] DEBUG org.eclipse.jetty.io.ChannelEndPoint - filled 0 HeapByteBuffer@19de0680[p=1248,l=1509,c=17408,r=261]={\x17\x03\x03\x03\xAd\x0b\x00\x03\x88...\x08\x99\x8dS\xD2\xEa\xC0<<<\x17\x03\x03\x00USi?\x0c\x05\xDa\xB3y\x0f\xD3F\xEbo:\xDaL@\xAd\xA4!...\xCb\xCc\x8b_\x10\x18kD\x89f6\x90V+\x9a.;OU+\xDd\x1a0>>>\x98\xC4-i@Y\x80V\x0c...\x00\x00\x00\x00\x00\x00\x00}
03:19:49.931 [qtp399373008-60] DEBUG org.eclipse.jetty.io.ssl.SslConnection - net filled=0
03:19:49.932 [qtp399373008-60] DEBUG org.eclipse.jetty.io.ssl.SslConnection - unwrap net_filled=0 Status = OK HandshakeStatus = NEED_WRAP bytesConsumed = 90 bytesProduced = 0 encryptedBuffer=[p=1338,l=1509,c=17408,r=171] unwrapBuffer=HeapByteBuffer@1719ebcb[p=0,l=0,c=17408,r=0]={<<<>>>\x14\x03\x03\x00\x01\x01\xA0\x95J...\x00\x00\x00\x00\x00\x00\x00} appBuffer=HeapByteBuffer@1719ebcb[p=0,l=0,c=17408,r=0]={<<<>>>\x14\x03\x03\x00\x01\x01\xA0\x95J...\x00\x00\x00\x00\x00\x00\x00}
03:19:49.932 [qtp399373008-60] DEBUG org.eclipse.jetty.io.ssl.SslConnection - fill NEED_WRAP
03:19:49.932 [qtp399373008-60] DEBUG org.eclipse.jetty.io.ssl.SslConnection - >flush SslConnection@7d094cc6::SocketChannelEndPoint@3dfab099{l=/127.0.0.1:43437,r=/127.0.0.1:54592,OPEN,fill=-,flush=-,to=1/30000}{io=0/0,kio=0,kro=1}->SslConnection@7d094cc6{NEED_WRAP,eio=171/-1,di=-1,fill=IDLE,flush=IDLE}~>DecryptedEndPoint@215cd94d{l=/127.0.0.1:43437,r=/127.0.0.1:54592,OPEN,fill=-,flush=-,to=42/30000}=>HttpConnection@18d7c60d[p=HttpParser{s=START,0 of -1},g=HttpGenerator@3a58749b{s=START}]=>HttpChannelOverHttp@59847827{s=HttpChannelState@49cac695{s=IDLE rs=BLOCKING os=OPEN is=IDLE awp=false se=false i=true al=0},r=0,c=false/false,a=IDLE,uri=null,age=0}
03:19:49.932 [qtp399373008-60] DEBUG org.eclipse.jetty.io.ssl.SslConnection - flush b[0]=HeapByteBuffer@60c04197[p=0,l=0,c=0,r=0]={<<<>>>}
03:19:49.932 [qtp399373008-60] DEBUG org.eclipse.jetty.io.ssl.SslConnection - flush NEED_WRAP
03:19:49.932 [qtp399373008-60] DEBUG org.eclipse.jetty.io.ssl.SslConnection - wrap Status = OK HandshakeStatus = FINISHED bytesConsumed = 0 bytesProduced = 88 [p=0,l=88,c=17408,r=88] ioDone=false/false
03:19:49.932 [qtp399373008-60] DEBUG org.eclipse.jetty.io.ChannelEndPoint - flushed 88 SocketChannelEndPoint@3dfab099{l=/127.0.0.1:43437,r=/127.0.0.1:54592,OPEN,fill=-,flush=-,to=2/30000}{io=0/0,kio=0,kro=1}->SslConnection@7d094cc6{NOT_HANDSHAKING,eio=171/0,di=-1,fill=IDLE,flush=IDLE}~>DecryptedEndPoint@215cd94d{l=/127.0.0.1:43437,r=/127.0.0.1:54592,OPEN,fill=-,flush=-,to=42/30000}=>HttpConnection@18d7c60d[p=HttpParser{s=START,0 of -1},g=HttpGenerator@3a58749b{s=START}]=>HttpChannelOverHttp@59847827{s=HttpChannelState@49cac695{s=IDLE rs=BLOCKING os=OPEN is=IDLE awp=false se=false i=true al=0},r=0,c=false/false,a=IDLE,uri=null,age=0}
03:19:49.932 [qtp399373008-60] DEBUG org.eclipse.jetty.io.ssl.SslConnection - net flushed=true, ac=true
03:19:49.932 [qtp399373008-60] DEBUG org.eclipse.jetty.io.ssl.SslConnection - handshake succeeded SslConnection@7d094cc6::SocketChannelEndPoint@3dfab099{l=/127.0.0.1:43437,r=/127.0.0.1:54592,OPEN,fill=-,flush=-,to=0/30000}{io=0/0,kio=0,kro=1}->SslConnection@7d094cc6{NOT_HANDSHAKING,eio=171/0,di=-1,fill=IDLE,flush=IDLE}~>DecryptedEndPoint@215cd94d{l=/127.0.0.1:43437,r=/127.0.0.1:54592,OPEN,fill=-,flush=-,to=42/30000}=>HttpConnection@18d7c60d[p=HttpParser{s=START,0 of -1},g=HttpGenerator@3a58749b{s=START}]=>HttpChannelOverHttp@59847827{s=HttpChannelState@49cac695{s=IDLE rs=BLOCKING os=OPEN is=IDLE awp=false se=false i=true al=0},r=0,c=false/false,a=IDLE,uri=null,age=0} resumed server TLSv1.3/TLS_AES_256_GCM_SHA384
03:19:49.932 [qtp399373008-60] DEBUG org.eclipse.jetty.io.ssl.SslConnection - <flush true SslConnection@7d094cc6::SocketChannelEndPoint@3dfab099{l=/127.0.0.1:43437,r=/127.0.0.1:54592,OPEN,fill=-,flush=-,to=0/30000}{io=0/0,kio=0,kro=1}->SslConnection@7d094cc6{NOT_HANDSHAKING,eio=171/-1,di=-1,fill=IDLE,flush=IDLE}~>DecryptedEndPoint@215cd94d{l=/127.0.0.1:43437,r=/127.0.0.1:54592,OPEN,fill=-,flush=-,to=42/30000}=>HttpConnection@18d7c60d[p=HttpParser{s=START,0 of -1},g=HttpGenerator@3a58749b{s=START}]=>HttpChannelOverHttp@59847827{s=HttpChannelState@49cac695{s=IDLE rs=BLOCKING os=OPEN is=IDLE awp=false se=false i=true al=0},r=0,c=false/false,a=IDLE,uri=null,age=0}
03:19:49.932 [qtp399373008-60] DEBUG org.eclipse.jetty.io.ssl.SslConnection - fill NOT_HANDSHAKING
03:19:49.932 [qtp399373008-60] DEBUG org.eclipse.jetty.io.ChannelEndPoint - filled 0 HeapByteBuffer@19de0680[p=1338,l=1509,c=17408,r=171]={\x17\x03\x03\x03\xAd\x0b\x00\x03\x88...\x12\x1e\x84\x94Q%\xA6<<<\x17\x03\x03\x00\xA6\x1b\xC1W\xCd\xDb\xFa\xC1\xDfR\xE4-\xCe\xF8j\xD2\xFc\xAa\xCe5e...\xCb\xCc\x8b_\x10\x18kD\x89f6\x90V+\x9a.;OU+\xDd\x1a0>>>\x98\xC4-i@Y\x80V\x0c...\x00\x00\x00\x00\x00\x00\x00}
03:19:49.932 [qtp399373008-60] DEBUG org.eclipse.jetty.io.ssl.SslConnection - net filled=0
03:19:49.933 [qtp399373008-60] DEBUG org.eclipse.jetty.io.ssl.SslConnection - unwrap net_filled=0 Status = OK HandshakeStatus = NOT_HANDSHAKING bytesConsumed = 171 bytesProduced = 133 encryptedBuffer=[p=1509,l=1509,c=17408,r=0] unwrapBuffer=HeapByteBuffer@1719ebcb[p=0,l=133,c=17408,r=133]={<<<GET /config-minimal.yml H...gent: okhttp/3.12.3\r\n\r\n>>>\xE1\xE7M\x1c<\xD5\xE4\xDb\xDc...\x00\x00\x00\x00\x00\x00\x00} appBuffer=HeapByteBuffer@1719ebcb[p=0,l=133,c=17408,r=133]={<<<GET /config-minimal.yml H...gent: okhttp/3.12.3\r\n\r\n>>>\xE1\xE7M\x1c<\xD5\xE4\xDb\xDc...\x00\x00\x00\x00\x00\x00\x00}
03:19:49.933 [qtp399373008-60] DEBUG org.eclipse.jetty.io.ssl.SslConnection - <fill f=133 uf=false SslConnection@7d094cc6::SocketChannelEndPoint@3dfab099{l=/127.0.0.1:43437,r=/127.0.0.1:54592,OPEN,fill=-,flush=-,to=0/30000}{io=0/0,kio=0,kro=1}->SslConnection@7d094cc6{NOT_HANDSHAKING,eio=-1/-1,di=-1,fill=IDLE,flush=IDLE}~>DecryptedEndPoint@215cd94d{l=/127.0.0.1:43437,r=/127.0.0.1:54592,OPEN,fill=-,flush=-,to=42/30000}=>HttpConnection@18d7c60d[p=HttpParser{s=START,0 of -1},g=HttpGenerator@3a58749b{s=START}]=>HttpChannelOverHttp@59847827{s=HttpChannelState@49cac695{s=IDLE rs=BLOCKING os=OPEN is=IDLE awp=false se=false i=true al=0},r=0,c=false/false,a=IDLE,uri=null,age=0}
03:19:49.933 [qtp399373008-60] DEBUG org.eclipse.jetty.server.HttpConnection - HttpConnection@18d7c60d::DecryptedEndPoint@215cd94d{l=/127.0.0.1:43437,r=/127.0.0.1:54592,OPEN,fill=-,flush=-,to=43/30000} filled 133 HeapByteBuffer@1719ebcb[p=0,l=133,c=17408,r=133]={<<<GET /config-minimal.yml H...gent: okhttp/3.12.3\r\n\r\n>>>\xE1\xE7M\x1c<\xD5\xE4\xDb\xDc...\x00\x00\x00\x00\x00\x00\x00}
03:19:49.933 [qtp399373008-60] DEBUG org.eclipse.jetty.server.HttpConnection - HttpConnection@18d7c60d::DecryptedEndPoint@215cd94d{l=/127.0.0.1:43437,r=/127.0.0.1:54592,OPEN,fill=-,flush=-,to=43/30000} parse HeapByteBuffer@1719ebcb[p=0,l=133,c=17408,r=133]={<<<GET /config-minimal.yml H...gent: okhttp/3.12.3\r\n\r\n>>>\xE1\xE7M\x1c<\xD5\xE4\xDb\xDc...\x00\x00\x00\x00\x00\x00\x00} {}
03:19:49.933 [qtp399373008-60] DEBUG org.eclipse.jetty.http.HttpParser - parseNext s=START HeapByteBuffer@1719ebcb[p=0,l=133,c=17408,r=133]={<<<GET /config-minimal.yml H...gent: okhttp/3.12.3\r\n\r\n>>>\xE1\xE7M\x1c<\xD5\xE4\xDb\xDc...\x00\x00\x00\x00\x00\x00\x00}
03:19:49.933 [qtp399373008-60] DEBUG org.eclipse.jetty.http.HttpParser - START --> SPACE1
03:19:49.933 [qtp399373008-60] DEBUG org.eclipse.jetty.http.HttpParser - SPACE1 --> URI
03:19:49.933 [qtp399373008-60] DEBUG org.eclipse.jetty.http.HttpParser - URI --> SPACE2
03:19:49.933 [qtp399373008-60] DEBUG org.eclipse.jetty.http.HttpParser - SPACE2 --> REQUEST_VERSION
03:19:49.933 [qtp399373008-60] DEBUG org.eclipse.jetty.http.HttpParser - REQUEST_VERSION --> HEADER
03:19:49.933 [qtp399373008-60] DEBUG org.eclipse.jetty.http.HttpParser - HEADER:Host --> VALUE
03:19:49.933 [qtp399373008-60] DEBUG org.eclipse.jetty.http.HttpParser - HEADER:Host --> IN_VALUE
03:19:49.933 [qtp399373008-60] DEBUG org.eclipse.jetty.http.HttpParser - HEADER:Host --> FIELD
03:19:49.933 [qtp399373008-60] DEBUG org.eclipse.jetty.http.HttpParser - HEADER:Connection: keep-alive --> IN_VALUE
03:19:49.933 [qtp399373008-60] DEBUG org.eclipse.jetty.http.HttpParser - HEADER:Connection: keep-alive --> FIELD
03:19:49.933 [qtp399373008-60] DEBUG org.eclipse.jetty.http.HttpParser - HEADER:Accept-Encoding: gzip --> IN_VALUE
03:19:49.933 [qtp399373008-60] DEBUG org.eclipse.jetty.http.HttpParser - HEADER:Accept-Encoding: gzip --> FIELD
03:19:49.933 [qtp399373008-60] DEBUG org.eclipse.jetty.http.HttpParser - HEADER:User-Agent --> VALUE
03:19:49.933 [qtp399373008-60] DEBUG org.eclipse.jetty.http.HttpParser - HEADER:User-Agent --> IN_VALUE
03:19:49.933 [qtp399373008-60] DEBUG org.eclipse.jetty.http.HttpParser - HEADER:User-Agent --> FIELD
03:19:49.933 [qtp399373008-60] DEBUG org.eclipse.jetty.http.HttpParser - HEADER --> CONTENT
03:19:49.933 [qtp399373008-60] DEBUG org.eclipse.jetty.server.HttpChannel - REQUEST for //localhost:43437/config-minimal.yml on HttpChannelOverHttp@59847827{s=HttpChannelState@49cac695{s=IDLE rs=BLOCKING os=OPEN is=IDLE awp=false se=false i=true al=0},r=1,c=false/false,a=IDLE,uri=//localhost:43437/config-minimal.yml,age=0}
GET //localhost:43437/config-minimal.yml HTTP/1.1
Host: localhost:43437
Connection: keep-alive
Accept-Encoding: gzip
User-Agent: okhttp/3.12.3


03:19:49.933 [qtp399373008-60] DEBUG org.eclipse.jetty.server.HttpConnection - HttpConnection@18d7c60d::DecryptedEndPoint@215cd94d{l=/127.0.0.1:43437,r=/127.0.0.1:54592,OPEN,fill=-,flush=-,to=43/30000} parsed true HttpParser{s=CONTENT,0 of -1}
03:19:49.933 [qtp399373008-60] DEBUG org.eclipse.jetty.server.HttpConnection - releaseRequestBuffer HttpConnection@18d7c60d::DecryptedEndPoint@215cd94d{l=/127.0.0.1:43437,r=/127.0.0.1:54592,OPEN,fill=-,flush=-,to=43/30000}
03:19:49.933 [qtp399373008-60] DEBUG org.eclipse.jetty.server.HttpChannel - handle //localhost:43437/config-minimal.yml HttpChannelOverHttp@59847827{s=HttpChannelState@49cac695{s=IDLE rs=BLOCKING os=OPEN is=IDLE awp=false se=false i=true al=0},r=1,c=false/false,a=IDLE,uri=//localhost:43437/config-minimal.yml,age=0} 
03:19:49.933 [qtp399373008-60] DEBUG org.eclipse.jetty.server.HttpChannelState - handling HttpChannelState@49cac695{s=IDLE rs=BLOCKING os=OPEN is=IDLE awp=false se=false i=true al=0}
03:19:49.933 [qtp399373008-60] DEBUG org.eclipse.jetty.server.HttpChannel - action DISPATCH HttpChannelOverHttp@59847827{s=HttpChannelState@49cac695{s=HANDLING rs=BLOCKING os=OPEN is=IDLE awp=false se=false i=true al=0},r=1,c=false/false,a=HANDLING,uri=//localhost:43437/config-minimal.yml,age=0}
03:19:49.933 [qtp399373008-60] DEBUG org.eclipse.jetty.server.SecureRequestCustomizer - Host localhost with SNI null
03:19:49.934 [qtp399373008-60] DEBUG org.eclipse.jetty.server.Server - REQUEST GET /config-minimal.yml on HttpChannelOverHttp@59847827{s=HttpChannelState@49cac695{s=HANDLING rs=BLOCKING os=OPEN is=IDLE awp=false se=false i=true al=0},r=1,c=false/false,a=HANDLING,uri=https://localhost:43437/config-minimal.yml,age=1}
03:19:49.934 [qtp399373008-60] DEBUG org.eclipse.jetty.server.HttpOutput - write(array HeapByteBuffer@5c9f82db[p=0,l=1469,c=262144,r=1469]={<<<# Licensed to the Apache ...tination name: PutFile\n>>>\x00\x00\x00\x00\x00\x00\x00\x00\x00...\x00\x00\x00\x00\x00\x00\x00})
03:19:49.934 [qtp399373008-60] DEBUG org.eclipse.jetty.server.HttpOutput - write(array) s=CLOSING,api=BLOCKED,sc=false,e=null last=true agg=false flush=true async=false, len=1469 null
03:19:49.934 [qtp399373008-60] DEBUG org.eclipse.jetty.server.HttpChannel - sendResponse info=null content=HeapByteBuffer@301d2937[p=0,l=1469,c=262144,r=1469]={<<<# Licensed to the Apache ...tination name: PutFile\n>>>\x00\x00\x00\x00\x00\x00\x00\x00\x00...\x00\x00\x00\x00\x00\x00\x00} complete=true committing=true callback=Blocker@13e778d9{null}
03:19:49.934 [qtp399373008-60] DEBUG org.eclipse.jetty.server.HttpChannel - COMMIT for /config-minimal.yml on HttpChannelOverHttp@59847827{s=HttpChannelState@49cac695{s=HANDLING rs=BLOCKING os=COMMITTED is=IDLE awp=false se=false i=true al=0},r=1,c=false/false,a=HANDLING,uri=https://localhost:43437/config-minimal.yml,age=1}
200 null HTTP/1.1
Date: Thu, 02 May 2024 02:19:49 GMT
ETag: testEtag
Content-Type: text/plain;charset=utf-8
Content-Length: 1469


03:19:49.934 [qtp399373008-60] DEBUG org.eclipse.jetty.server.HttpConnection - generate: NEED_HEADER for SendCallback@12077482[PROCESSING][i=HTTP/1.1{s=200,h=4,cl=1469},cb=org.eclipse.jetty.server.HttpChannel$SendCallback@32aea543] (null,[p=0,l=1469,c=262144,r=1469],true)@START
03:19:49.934 [qtp399373008-60] DEBUG org.eclipse.jetty.http.HttpGenerator - generateHeaders HTTP/1.1{s=200,h=4,cl=1469} last=true content=HeapByteBuffer@301d2937[p=0,l=1469,c=262144,r=1469]={<<<# Licensed to the Apache ...tination name: PutFile\n>>>\x00\x00\x00\x00\x00\x00\x00\x00\x00...\x00\x00\x00\x00\x00\x00\x00}
03:19:49.934 [qtp399373008-60] DEBUG org.eclipse.jetty.http.HttpGenerator - Date: Thu, 02 May 2024 02:19:49 GMT
ETag: testEtag
Content-Type: text/plain;charset=utf-8
Content-Length: 1469


03:19:49.934 [qtp399373008-60] DEBUG org.eclipse.jetty.http.HttpGenerator - CONTENT_LENGTH
03:19:49.934 [qtp399373008-60] DEBUG org.eclipse.jetty.server.HttpConnection - generate: FLUSH for SendCallback@12077482[PROCESSING][i=HTTP/1.1{s=200,h=4,cl=1469},cb=org.eclipse.jetty.server.HttpChannel$SendCallback@32aea543] ([p=0,l=167,c=8192,r=167],[p=0,l=1469,c=262144,r=1469],true)@COMPLETING
03:19:49.934 [qtp399373008-60] DEBUG org.eclipse.jetty.io.WriteFlusher - write: WriteFlusher@6ba366b0{IDLE}->null [HeapByteBuffer@3e9173d4[p=0,l=167,c=8192,r=167]={<<<HTTP/1.1 200 OK\r\nDate: Th...y(9.4.44.v20210927)\r\n\r\n>>>\x00\x00\x00\x00\x00\x00\x00\x00\x00...\x00\x00\x00\x00\x00\x00\x00},HeapByteBuffer@301d2937[p=0,l=1469,c=262144,r=1469]={<<<# Licensed to the Apache ...tination name: PutFile\n>>>\x00\x00\x00\x00\x00\x00\x00\x00\x00...\x00\x00\x00\x00\x00\x00\x00}]
03:19:49.934 [qtp399373008-60] DEBUG org.eclipse.jetty.io.WriteFlusher - update WriteFlusher@6ba366b0{WRITING}->null:IDLE-->WRITING
03:19:49.934 [qtp399373008-60] DEBUG org.eclipse.jetty.io.ssl.SslConnection - >flush SslConnection@7d094cc6::SocketChannelEndPoint@3dfab099{l=/127.0.0.1:43437,r=/127.0.0.1:54592,OPEN,fill=-,flush=-,to=1/30000}{io=0/0,kio=0,kro=1}->SslConnection@7d094cc6{NOT_HANDSHAKING,eio=-1/-1,di=-1,fill=IDLE,flush=IDLE}~>DecryptedEndPoint@215cd94d{l=/127.0.0.1:43437,r=/127.0.0.1:54592,OPEN,fill=-,flush=W,to=44/30000}=>HttpConnection@18d7c60d[p=HttpParser{s=CONTENT,0 of -1},g=HttpGenerator@3a58749b{s=COMPLETING}]=>HttpChannelOverHttp@59847827{s=HttpChannelState@49cac695{s=HANDLING rs=BLOCKING os=COMMITTED is=IDLE awp=false se=false i=true al=0},r=1,c=false/false,a=HANDLING,uri=https://localhost:43437/config-minimal.yml,age=1}
03:19:49.934 [qtp399373008-60] DEBUG org.eclipse.jetty.io.ssl.SslConnection - flush b[0]=HeapByteBuffer@3e9173d4[p=0,l=167,c=8192,r=167]={<<<HTTP/1.1 200 OK\r\nDate: Th...y(9.4.44.v20210927)\r\n\r\n>>>\x00\x00\x00\x00\x00\x00\x00\x00\x00...\x00\x00\x00\x00\x00\x00\x00}
03:19:49.934 [qtp399373008-60] DEBUG org.eclipse.jetty.io.ssl.SslConnection - flush b[1]=HeapByteBuffer@301d2937[p=0,l=1469,c=262144,r=1469]={<<<# Licensed to the Apache ...tination name: PutFile\n>>>\x00\x00\x00\x00\x00\x00\x00\x00\x00...\x00\x00\x00\x00\x00\x00\x00}
03:19:49.934 [qtp399373008-60] DEBUG org.eclipse.jetty.io.ssl.SslConnection - flush NOT_HANDSHAKING
03:19:49.934 [qtp399373008-60] DEBUG org.eclipse.jetty.io.ssl.SslConnection - wrap Status = OK HandshakeStatus = NOT_HANDSHAKING bytesConsumed = 1636 bytesProduced = 1674 [p=0,l=1674,c=17408,r=1674] ioDone=false/false
03:19:49.934 [qtp399373008-60] DEBUG org.eclipse.jetty.io.ChannelEndPoint - flushed 1674 SocketChannelEndPoint@3dfab099{l=/127.0.0.1:43437,r=/127.0.0.1:54592,OPEN,fill=-,flush=-,to=2/30000}{io=0/0,kio=0,kro=1}->SslConnection@7d094cc6{NOT_HANDSHAKING,eio=-1/0,di=-1,fill=IDLE,flush=IDLE}~>DecryptedEndPoint@215cd94d{l=/127.0.0.1:43437,r=/127.0.0.1:54592,OPEN,fill=-,flush=W,to=44/30000}=>HttpConnection@18d7c60d[p=HttpParser{s=CONTENT,0 of -1},g=HttpGenerator@3a58749b{s=COMPLETING}]=>HttpChannelOverHttp@59847827{s=HttpChannelState@49cac695{s=HANDLING rs=BLOCKING os=COMMITTED is=IDLE awp=false se=false i=true al=0},r=1,c=false/false,a=HANDLING,uri=https://localhost:43437/config-minimal.yml,age=1}
03:19:49.935 [qtp399373008-60] DEBUG org.eclipse.jetty.io.ssl.SslConnection - net flushed=true, ac=true
03:19:49.935 [qtp399373008-60] DEBUG org.eclipse.jetty.io.ssl.SslConnection - <flush true SslConnection@7d094cc6::SocketChannelEndPoint@3dfab099{l=/127.0.0.1:43437,r=/127.0.0.1:54592,OPEN,fill=-,flush=-,to=0/30000}{io=0/0,kio=0,kro=1}->SslConnection@7d094cc6{NOT_HANDSHAKING,eio=-1/-1,di=-1,fill=IDLE,flush=IDLE}~>DecryptedEndPoint@215cd94d{l=/127.0.0.1:43437,r=/127.0.0.1:54592,OPEN,fill=-,flush=W,to=44/30000}=>HttpConnection@18d7c60d[p=HttpParser{s=CONTENT,0 of -1},g=HttpGenerator@3a58749b{s=COMPLETING}]=>HttpChannelOverHttp@59847827{s=HttpChannelState@49cac695{s=HANDLING rs=BLOCKING os=COMMITTED is=IDLE awp=false se=false i=true al=0},r=1,c=false/false,a=HANDLING,uri=https://localhost:43437/config-minimal.yml,age=2}
03:19:49.935 [qtp399373008-60] DEBUG org.eclipse.jetty.io.WriteFlusher - Flushed=true written=1636 remaining=0 WriteFlusher@6ba366b0{WRITING}->null
03:19:49.935 [qtp399373008-60] DEBUG org.eclipse.jetty.io.WriteFlusher - update WriteFlusher@6ba366b0{IDLE}->null:WRITING-->IDLE
03:19:49.935 [qtp399373008-60] DEBUG org.eclipse.jetty.server.HttpConnection - generate: DONE for SendCallback@12077482[PROCESSING][i=HTTP/1.1{s=200,h=4,cl=1469},cb=org.eclipse.jetty.server.HttpChannel$SendCallback@32aea543] ([p=167,l=167,c=8192,r=0],[p=1469,l=1469,c=262144,r=0],true)@END
03:19:49.935 [qtp399373008-60] DEBUG org.eclipse.jetty.server.HttpOutput - onWriteComplete(true,null) s=CLOSING,api=BLOCKED,sc=false,e=null->s=CLOSED,api=BLOCKING,sc=false,e=null c=null cb=null w=false
03:19:49.935 [main] DEBUG org.apache.nifi.minifi.bootstrap.configuration.ingestors.PullHttpChangeIngestor - Response received: Response{protocol=http/1.1, code=200, message=OK, url=https://localhost:43437/config-minimal.yml}
03:19:49.935 [main] DEBUG org.apache.nifi.minifi.bootstrap.configuration.ingestors.PullHttpChangeIngestor - New change received, notifying listener
03:19:49.935 [main] DEBUG org.apache.nifi.minifi.bootstrap.configuration.ingestors.PullHttpChangeIngestor - Listeners notified
03:19:49.935 [qtp399373008-60] DEBUG org.eclipse.jetty.server.HttpOutput - close() s=CLOSED,api=BLOCKING,sc=false,e=null c=null b=null
03:19:49.935 [qtp399373008-60] DEBUG org.eclipse.jetty.server.Server - handled=true async=false committed=true on HttpChannelOverHttp@59847827{s=HttpChannelState@49cac695{s=HANDLING rs=BLOCKING os=COMPLETED is=IDLE awp=false se=false i=true al=0},r=1,c=false/true,a=HANDLING,uri=https://localhost:43437/config-minimal.yml,age=2}
03:19:49.935 [qtp399373008-60] DEBUG org.eclipse.jetty.server.HttpChannelState - unhandle HttpChannelState@49cac695{s=HANDLING rs=BLOCKING os=COMPLETED is=IDLE awp=false se=false i=true al=0}
03:19:49.935 [qtp399373008-60] DEBUG org.eclipse.jetty.server.HttpChannelState - nextAction(false) COMPLETE HttpChannelState@49cac695{s=HANDLING rs=COMPLETING os=COMPLETED is=IDLE awp=false se=false i=false al=0}
03:19:49.935 [qtp399373008-60] DEBUG org.eclipse.jetty.server.HttpChannel - action COMPLETE HttpChannelOverHttp@59847827{s=HttpChannelState@49cac695{s=HANDLING rs=COMPLETING os=COMPLETED is=IDLE awp=false se=false i=false al=0},r=1,c=false/true,a=HANDLING,uri=https://localhost:43437/config-minimal.yml,age=2}
03:19:49.935 [qtp399373008-60] DEBUG org.eclipse.jetty.server.HttpOutput - complete(org.eclipse.jetty.util.Callback$3@432afaad) s=CLOSED,api=BLOCKING,sc=false,e=null s=true e=null, c=null
03:19:49.935 [qtp399373008-60] DEBUG org.eclipse.jetty.server.HttpChannelState - completed HttpChannelState@49cac695{s=HANDLING rs=COMPLETING os=COMPLETED is=IDLE awp=false se=false i=false al=0}
03:19:49.935 [qtp399373008-60] DEBUG org.eclipse.jetty.server.HttpChannelState - unhandle HttpChannelState@49cac695{s=HANDLING rs=COMPLETED os=COMPLETED is=IDLE awp=false se=false i=false al=0}
03:19:49.935 [qtp399373008-60] DEBUG org.eclipse.jetty.server.HttpChannelState - nextAction(false) TERMINATED HttpChannelState@49cac695{s=IDLE rs=COMPLETED os=COMPLETED is=IDLE awp=false se=false i=false al=0}
03:19:49.935 [qtp399373008-60] DEBUG org.eclipse.jetty.server.HttpChannel - action TERMINATED HttpChannelOverHttp@59847827{s=HttpChannelState@49cac695{s=IDLE rs=COMPLETED os=COMPLETED is=IDLE awp=false se=false i=false al=0},r=1,c=true/true,a=IDLE,uri=https://localhost:43437/config-minimal.yml,age=2}
03:19:49.935 [qtp399373008-60] DEBUG org.eclipse.jetty.server.HttpChannel - onCompleted for /config-minimal.yml written=1469
03:19:49.936 [qtp399373008-60] DEBUG org.eclipse.jetty.io.ssl.SslConnection - >fill SslConnection@7d094cc6::SocketChannelEndPoint@3dfab099{l=/127.0.0.1:43437,r=/127.0.0.1:54592,OPEN,fill=-,flush=-,to=0/30000}{io=0/0,kio=0,kro=1}->SslConnection@7d094cc6{NOT_HANDSHAKING,eio=-1/-1,di=-1,fill=IDLE,flush=IDLE}~>DecryptedEndPoint@215cd94d{l=/127.0.0.1:43437,r=/127.0.0.1:54592,OPEN,fill=-,flush=-,to=45/30000}=>HttpConnection@18d7c60d[p=HttpParser{s=CONTENT,0 of -1},g=HttpGenerator@3a58749b{s=END}]=>HttpChannelOverHttp@59847827{s=HttpChannelState@49cac695{s=IDLE rs=COMPLETED os=COMPLETED is=IDLE awp=false se=false i=false al=0},r=1,c=true/true,a=IDLE,uri=https://localhost:43437/config-minimal.yml,age=3}
03:19:49.936 [qtp399373008-60] DEBUG org.eclipse.jetty.io.ssl.SslConnection - fill NOT_HANDSHAKING
03:19:49.936 [qtp399373008-60] DEBUG org.eclipse.jetty.io.ChannelEndPoint - filled 0 HeapByteBuffer@1719ebcb[p=0,l=0,c=17408,r=0]={<<<>>>GET /conf...\x00\x00\x00\x00\x00\x00\x00}
03:19:49.936 [qtp399373008-60] DEBUG org.eclipse.jetty.io.ssl.SslConnection - net filled=0
03:19:49.936 [qtp399373008-60] DEBUG org.eclipse.jetty.io.ssl.SslConnection - unwrap net_filled=0 Status = BUFFER_UNDERFLOW HandshakeStatus = NOT_HANDSHAKING bytesConsumed = 0 bytesProduced = 0 encryptedBuffer=[p=0,l=0,c=17408,r=0] unwrapBuffer=HeapByteBuffer@19de0680[p=0,l=0,c=17408,r=0]={<<<>>>\x17\x03\x03\x03\xAd\x0b\x00\x03\x88...\x00\x00\x00\x00\x00\x00\x00} appBuffer=HeapByteBuffer@19de0680[p=0,l=0,c=17408,r=0]={<<<>>>\x17\x03\x03\x03\xAd\x0b\x00\x03\x88...\x00\x00\x00\x00\x00\x00\x00}
03:19:49.936 [qtp399373008-60] DEBUG org.eclipse.jetty.io.ssl.SslConnection - <fill f=0 uf=true SslConnection@7d094cc6::SocketChannelEndPoint@3dfab099{l=/127.0.0.1:43437,r=/127.0.0.1:54592,OPEN,fill=-,flush=-,to=1/30000}{io=0/0,kio=0,kro=1}->SslConnection@7d094cc6{NOT_HANDSHAKING,eio=-1/-1,di=-1,fill=IDLE,flush=IDLE}~>DecryptedEndPoint@215cd94d{l=/127.0.0.1:43437,r=/127.0.0.1:54592,OPEN,fill=-,flush=-,to=46/30000}=>HttpConnection@18d7c60d[p=HttpParser{s=CONTENT,0 of -1},g=HttpGenerator@3a58749b{s=END}]=>HttpChannelOverHttp@59847827{s=HttpChannelState@49cac695{s=IDLE rs=COMPLETED os=COMPLETED is=IDLE awp=false se=false i=false al=0},r=1,c=true/true,a=IDLE,uri=https://localhost:43437/config-minimal.yml,age=3}
03:19:49.936 [qtp399373008-60] DEBUG org.eclipse.jetty.io.ssl.SslConnection - >fill SslConnection@7d094cc6::SocketChannelEndPoint@3dfab099{l=/127.0.0.1:43437,r=/127.0.0.1:54592,OPEN,fill=-,flush=-,to=1/30000}{io=0/0,kio=0,kro=1}->SslConnection@7d094cc6{NOT_HANDSHAKING,eio=-1/-1,di=-1,fill=IDLE,flush=IDLE}~>DecryptedEndPoint@215cd94d{l=/127.0.0.1:43437,r=/127.0.0.1:54592,OPEN,fill=-,flush=-,to=46/30000}=>HttpConnection@18d7c60d[p=HttpParser{s=CONTENT,0 of -1},g=HttpGenerator@3a58749b{s=END}]=>HttpChannelOverHttp@59847827{s=HttpChannelState@49cac695{s=IDLE rs=COMPLETED os=COMPLETED is=IDLE awp=false se=false i=false al=0},r=1,c=true/true,a=IDLE,uri=https://localhost:43437/config-minimal.yml,age=3}
03:19:49.936 [qtp399373008-60] DEBUG org.eclipse.jetty.io.ssl.SslConnection - fill NOT_HANDSHAKING
03:19:49.936 [qtp399373008-60] DEBUG org.eclipse.jetty.io.ChannelEndPoint - filled 0 HeapByteBuffer@13266df0[p=0,l=0,c=17408,r=0]={<<<>>>\x17\x03\x03\x06\x85^\xC6+\x0e...\x00\x00\x00\x00\x00\x00\x00}
03:19:49.936 [qtp399373008-60] DEBUG org.eclipse.jetty.io.ssl.SslConnection - net filled=0
03:19:49.936 [qtp399373008-60] DEBUG org.eclipse.jetty.io.ssl.SslConnection - unwrap net_filled=0 Status = BUFFER_UNDERFLOW HandshakeStatus = NOT_HANDSHAKING bytesConsumed = 0 bytesProduced = 0 encryptedBuffer=[p=0,l=0,c=17408,r=0] unwrapBuffer=HeapByteBuffer@19de0680[p=0,l=0,c=17408,r=0]={<<<>>>\x17\x03\x03\x03\xAd\x0b\x00\x03\x88...\x00\x00\x00\x00\x00\x00\x00} appBuffer=HeapByteBuffer@19de0680[p=0,l=0,c=17408,r=0]={<<<>>>\x17\x03\x03\x03\xAd\x0b\x00\x03\x88...\x00\x00\x00\x00\x00\x00\x00}
03:19:49.936 [qtp399373008-60] DEBUG org.eclipse.jetty.io.ssl.SslConnection - <fill f=0 uf=true SslConnection@7d094cc6::SocketChannelEndPoint@3dfab099{l=/127.0.0.1:43437,r=/127.0.0.1:54592,OPEN,fill=-,flush=-,to=1/30000}{io=0/0,kio=0,kro=1}->SslConnection@7d094cc6{NOT_HANDSHAKING,eio=-1/-1,di=-1,fill=IDLE,flush=IDLE}~>DecryptedEndPoint@215cd94d{l=/127.0.0.1:43437,r=/127.0.0.1:54592,OPEN,fill=-,flush=-,to=46/30000}=>HttpConnection@18d7c60d[p=HttpParser{s=CONTENT,0 of -1},g=HttpGenerator@3a58749b{s=END}]=>HttpChannelOverHttp@59847827{s=HttpChannelState@49cac695{s=IDLE rs=COMPLETED os=COMPLETED is=IDLE awp=false se=false i=false al=0},r=1,c=true/true,a=IDLE,uri=https://localhost:43437/config-minimal.yml,age=3}
03:19:49.936 [qtp399373008-60] DEBUG org.eclipse.jetty.server.HttpConnection - HttpConnection@18d7c60d::DecryptedEndPoint@215cd94d{l=/127.0.0.1:43437,r=/127.0.0.1:54592,OPEN,fill=-,flush=-,to=46/30000} filled 0 HeapByteBuffer@19de0680[p=0,l=0,c=17408,r=0]={<<<>>>\x17\x03\x03\x03\xAd\x0b\x00\x03\x88...\x00\x00\x00\x00\x00\x00\x00}
03:19:49.936 [qtp399373008-60] DEBUG org.eclipse.jetty.server.HttpConnection - HttpConnection@18d7c60d::DecryptedEndPoint@215cd94d{l=/127.0.0.1:43437,r=/127.0.0.1:54592,OPEN,fill=-,flush=-,to=46/30000} parse HeapByteBuffer@19de0680[p=0,l=0,c=17408,r=0]={<<<>>>\x17\x03\x03\x03\xAd\x0b\x00\x03\x88...\x00\x00\x00\x00\x00\x00\x00} {}
03:19:49.936 [qtp399373008-60] DEBUG org.eclipse.jetty.http.HttpParser - parseNext s=CONTENT HeapByteBuffer@19de0680[p=0,l=0,c=17408,r=0]={<<<>>>\x17\x03\x03\x03\xAd\x0b\x00\x03\x88...\x00\x00\x00\x00\x00\x00\x00}
03:19:49.936 [qtp399373008-60] DEBUG org.eclipse.jetty.http.HttpParser - CONTENT --> CONTENT_END
03:19:49.936 [qtp399373008-60] DEBUG org.eclipse.jetty.server.HttpChannel - onContentComplete HttpChannelOverHttp@59847827{s=HttpChannelState@49cac695{s=IDLE rs=COMPLETED os=COMPLETED is=IDLE awp=false se=false i=false al=0},r=1,c=true/true,a=IDLE,uri=https://localhost:43437/config-minimal.yml,age=3}
03:19:49.936 [qtp399373008-60] DEBUG org.eclipse.jetty.http.HttpParser - CONTENT_END --> END
03:19:49.936 [qtp399373008-60] DEBUG org.eclipse.jetty.server.HttpChannel - onRequestComplete HttpChannelOverHttp@59847827{s=HttpChannelState@49cac695{s=IDLE rs=COMPLETED os=COMPLETED is=IDLE awp=false se=false i=false al=0},r=1,c=true/true,a=IDLE,uri=https://localhost:43437/config-minimal.yml,age=3}
03:19:49.936 [qtp399373008-60] DEBUG org.eclipse.jetty.server.HttpInput - HttpInputOverHTTP@6aa0252e[c=0,q=0,[0]=null,s=STREAM] addContent EOF
03:19:49.936 [qtp399373008-60] DEBUG org.eclipse.jetty.server.HttpConnection - HttpConnection@18d7c60d::DecryptedEndPoint@215cd94d{l=/127.0.0.1:43437,r=/127.0.0.1:54592,OPEN,fill=-,flush=-,to=46/30000} parsed false HttpParser{s=END,0 of -1}
03:19:49.936 [qtp399373008-60] DEBUG org.eclipse.jetty.server.HttpConnection - releaseRequestBuffer HttpConnection@18d7c60d::DecryptedEndPoint@215cd94d{l=/127.0.0.1:43437,r=/127.0.0.1:54592,OPEN,fill=-,flush=-,to=46/30000}
03:19:49.936 [qtp399373008-60] DEBUG org.eclipse.jetty.server.HttpChannelState - recycle HttpChannelState@49cac695{s=IDLE rs=COMPLETED os=COMPLETED is=IDLE awp=false se=false i=false al=0}
03:19:49.936 [qtp399373008-60] DEBUG org.eclipse.jetty.http.HttpParser - reset HttpParser{s=END,0 of -1}
03:19:49.936 [qtp399373008-60] DEBUG org.eclipse.jetty.http.HttpParser - END --> START
03:19:49.936 [qtp399373008-60] DEBUG org.eclipse.jetty.server.HttpChannel - !handle TERMINATED HttpChannelOverHttp@59847827{s=HttpChannelState@49cac695{s=IDLE rs=BLOCKING os=OPEN is=IDLE awp=false se=false i=true al=0},r=1,c=false/false,a=IDLE,uri=null,age=0}
03:19:49.936 [qtp399373008-60] DEBUG org.eclipse.jetty.io.ssl.SslConnection - >fill SslConnection@7d094cc6::SocketChannelEndPoint@3dfab099{l=/127.0.0.1:43437,r=/127.0.0.1:54592,OPEN,fill=-,flush=-,to=1/30000}{io=0/0,kio=0,kro=1}->SslConnection@7d094cc6{NOT_HANDSHAKING,eio=-1/-1,di=-1,fill=IDLE,flush=IDLE}~>DecryptedEndPoint@215cd94d{l=/127.0.0.1:43437,r=/127.0.0.1:54592,OPEN,fill=-,flush=-,to=46/30000}=>HttpConnection@18d7c60d[p=HttpParser{s=START,0 of -1},g=HttpGenerator@3a58749b{s=START}]=>HttpChannelOverHttp@59847827{s=HttpChannelState@49cac695{s=IDLE rs=BLOCKING os=OPEN is=IDLE awp=false se=false i=true al=0},r=1,c=false/false,a=IDLE,uri=null,age=0}
03:19:49.936 [qtp399373008-60] DEBUG org.eclipse.jetty.io.ssl.SslConnection - fill NOT_HANDSHAKING
03:19:49.936 [qtp399373008-60] DEBUG org.eclipse.jetty.io.ChannelEndPoint - filled 0 HeapByteBuffer@13266df0[p=0,l=0,c=17408,r=0]={<<<>>>\x17\x03\x03\x06\x85^\xC6+\x0e...\x00\x00\x00\x00\x00\x00\x00}
03:19:49.936 [qtp399373008-60] DEBUG org.eclipse.jetty.io.ssl.SslConnection - net filled=0
03:19:49.936 [qtp399373008-60] DEBUG org.eclipse.jetty.io.ssl.SslConnection - unwrap net_filled=0 Status = BUFFER_UNDERFLOW HandshakeStatus = NOT_HANDSHAKING bytesConsumed = 0 bytesProduced = 0 encryptedBuffer=[p=0,l=0,c=17408,r=0] unwrapBuffer=HeapByteBuffer@1719ebcb[p=0,l=0,c=17408,r=0]={<<<>>>GET /conf...\x00\x00\x00\x00\x00\x00\x00} appBuffer=HeapByteBuffer@1719ebcb[p=0,l=0,c=17408,r=0]={<<<>>>GET /conf...\x00\x00\x00\x00\x00\x00\x00}
03:19:49.937 [qtp399373008-60] DEBUG org.eclipse.jetty.io.ssl.SslConnection - <fill f=0 uf=true SslConnection@7d094cc6::SocketChannelEndPoint@3dfab099{l=/127.0.0.1:43437,r=/127.0.0.1:54592,OPEN,fill=-,flush=-,to=1/30000}{io=0/0,kio=0,kro=1}->SslConnection@7d094cc6{NOT_HANDSHAKING,eio=-1/-1,di=-1,fill=IDLE,flush=IDLE}~>DecryptedEndPoint@215cd94d{l=/127.0.0.1:43437,r=/127.0.0.1:54592,OPEN,fill=-,flush=-,to=46/30000}=>HttpConnection@18d7c60d[p=HttpParser{s=START,0 of -1},g=HttpGenerator@3a58749b{s=START}]=>HttpChannelOverHttp@59847827{s=HttpChannelState@49cac695{s=IDLE rs=BLOCKING os=OPEN is=IDLE awp=false se=false i=true al=0},r=1,c=false/false,a=IDLE,uri=null,age=0}
03:19:49.937 [qtp399373008-60] DEBUG org.eclipse.jetty.io.ssl.SslConnection - >fill SslConnection@7d094cc6::SocketChannelEndPoint@3dfab099{l=/127.0.0.1:43437,r=/127.0.0.1:54592,OPEN,fill=-,flush=-,to=2/30000}{io=0/0,kio=0,kro=1}->SslConnection@7d094cc6{NOT_HANDSHAKING,eio=-1/-1,di=-1,fill=IDLE,flush=IDLE}~>DecryptedEndPoint@215cd94d{l=/127.0.0.1:43437,r=/127.0.0.1:54592,OPEN,fill=-,flush=-,to=46/30000}=>HttpConnection@18d7c60d[p=HttpParser{s=START,0 of -1},g=HttpGenerator@3a58749b{s=START}]=>HttpChannelOverHttp@59847827{s=HttpChannelState@49cac695{s=IDLE rs=BLOCKING os=OPEN is=IDLE awp=false se=false i=true al=0},r=1,c=false/false,a=IDLE,uri=null,age=0}
03:19:49.937 [qtp399373008-60] DEBUG org.eclipse.jetty.io.ssl.SslConnection - fill NOT_HANDSHAKING
03:19:49.937 [qtp399373008-60] DEBUG org.eclipse.jetty.io.ChannelEndPoint - filled 0 HeapByteBuffer@19de0680[p=0,l=0,c=17408,r=0]={<<<>>>\x17\x03\x03\x03\xAd\x0b\x00\x03\x88...\x00\x00\x00\x00\x00\x00\x00}
03:19:49.937 [qtp399373008-60] DEBUG org.eclipse.jetty.io.ssl.SslConnection - net filled=0
03:19:49.937 [qtp399373008-60] DEBUG org.eclipse.jetty.io.ssl.SslConnection - unwrap net_filled=0 Status = BUFFER_UNDERFLOW HandshakeStatus = NOT_HANDSHAKING bytesConsumed = 0 bytesProduced = 0 encryptedBuffer=[p=0,l=0,c=17408,r=0] unwrapBuffer=HeapByteBuffer@1719ebcb[p=0,l=0,c=17408,r=0]={<<<>>>GET /conf...\x00\x00\x00\x00\x00\x00\x00} appBuffer=HeapByteBuffer@1719ebcb[p=0,l=0,c=17408,r=0]={<<<>>>GET /conf...\x00\x00\x00\x00\x00\x00\x00}
03:19:49.937 [qtp399373008-60] DEBUG org.eclipse.jetty.io.ssl.SslConnection - <fill f=0 uf=true SslConnection@7d094cc6::SocketChannelEndPoint@3dfab099{l=/127.0.0.1:43437,r=/127.0.0.1:54592,OPEN,fill=-,flush=-,to=2/30000}{io=0/0,kio=0,kro=1}->SslConnection@7d094cc6{NOT_HANDSHAKING,eio=-1/-1,di=-1,fill=IDLE,flush=IDLE}~>DecryptedEndPoint@215cd94d{l=/127.0.0.1:43437,r=/127.0.0.1:54592,OPEN,fill=-,flush=-,to=47/30000}=>HttpConnection@18d7c60d[p=HttpParser{s=START,0 of -1},g=HttpGenerator@3a58749b{s=START}]=>HttpChannelOverHttp@59847827{s=HttpChannelState@49cac695{s=IDLE rs=BLOCKING os=OPEN is=IDLE awp=false se=false i=true al=0},r=1,c=false/false,a=IDLE,uri=null,age=0}
03:19:49.937 [qtp399373008-60] DEBUG org.eclipse.jetty.server.HttpConnection - HttpConnection@18d7c60d::DecryptedEndPoint@215cd94d{l=/127.0.0.1:43437,r=/127.0.0.1:54592,OPEN,fill=-,flush=-,to=47/30000} filled 0 HeapByteBuffer@1719ebcb[p=0,l=0,c=17408,r=0]={<<<>>>GET /conf...\x00\x00\x00\x00\x00\x00\x00}
03:19:49.937 [qtp399373008-60] DEBUG org.eclipse.jetty.server.HttpConnection - HttpConnection@18d7c60d::DecryptedEndPoint@215cd94d{l=/127.0.0.1:43437,r=/127.0.0.1:54592,OPEN,fill=-,flush=-,to=47/30000} parse HeapByteBuffer@1719ebcb[p=0,l=0,c=17408,r=0]={<<<>>>GET /conf...\x00\x00\x00\x00\x00\x00\x00} {}
03:19:49.937 [qtp399373008-60] DEBUG org.eclipse.jetty.http.HttpParser - parseNext s=START HeapByteBuffer@1719ebcb[p=0,l=0,c=17408,r=0]={<<<>>>GET /conf...\x00\x00\x00\x00\x00\x00\x00}
03:19:49.937 [qtp399373008-60] DEBUG org.eclipse.jetty.server.HttpConnection - HttpConnection@18d7c60d::DecryptedEndPoint@215cd94d{l=/127.0.0.1:43437,r=/127.0.0.1:54592,OPEN,fill=-,flush=-,to=47/30000} parsed false HttpParser{s=START,0 of -1}
03:19:49.937 [qtp399373008-60] DEBUG org.eclipse.jetty.server.HttpConnection - releaseRequestBuffer HttpConnection@18d7c60d::DecryptedEndPoint@215cd94d{l=/127.0.0.1:43437,r=/127.0.0.1:54592,OPEN,fill=-,flush=-,to=47/30000}
03:19:49.937 [qtp399373008-60] DEBUG org.eclipse.jetty.io.AbstractConnection - fillInterested HttpConnection@18d7c60d::DecryptedEndPoint@215cd94d{l=/127.0.0.1:43437,r=/127.0.0.1:54592,OPEN,fill=-,flush=-,to=47/30000}
03:19:49.937 [qtp399373008-60] DEBUG org.eclipse.jetty.io.FillInterest - interested FillInterest@1c993a73{AC.ReadCB@18d7c60d{HttpConnection@18d7c60d::DecryptedEndPoint@215cd94d{l=/127.0.0.1:43437,r=/127.0.0.1:54592,OPEN,fill=FI,flush=-,to=0/30000}}}
03:19:49.937 [qtp399373008-60] DEBUG org.eclipse.jetty.io.ssl.SslConnection - >needFillInterest s=IDLE/IDLE uf=true ei=null di=null SslConnection@7d094cc6::SocketChannelEndPoint@3dfab099{l=/127.0.0.1:43437,r=/127.0.0.1:54592,OPEN,fill=-,flush=-,to=2/30000}{io=0/0,kio=0,kro=1}->SslConnection@7d094cc6{NOT_HANDSHAKING,eio=-1/-1,di=-1,fill=IDLE,flush=IDLE}~>DecryptedEndPoint@215cd94d{l=/127.0.0.1:43437,r=/127.0.0.1:54592,OPEN,fill=FI,flush=-,to=0/30000}=>HttpConnection@18d7c60d[p=HttpParser{s=START,0 of -1},g=HttpGenerator@3a58749b{s=START}]=>HttpChannelOverHttp@59847827{s=HttpChannelState@49cac695{s=IDLE rs=BLOCKING os=OPEN is=IDLE awp=false se=false i=true al=0},r=1,c=false/false,a=IDLE,uri=null,age=0}
03:19:49.937 [qtp399373008-60] DEBUG org.eclipse.jetty.io.ssl.SslConnection - <needFillInterest s=IDLE/INTERESTED f=false i=true w=null
03:19:49.937 [qtp399373008-60] DEBUG org.eclipse.jetty.io.ssl.SslConnection - ensureFillInterested SslConnection@7d094cc6::SocketChannelEndPoint@3dfab099{l=/127.0.0.1:43437,r=/127.0.0.1:54592,OPEN,fill=-,flush=-,to=2/30000}{io=0/0,kio=0,kro=1}->SslConnection@7d094cc6{NOT_HANDSHAKING,eio=-1/-1,di=-1,fill=INTERESTED,flush=IDLE}~>DecryptedEndPoint@215cd94d{l=/127.0.0.1:43437,r=/127.0.0.1:54592,OPEN,fill=FI,flush=-,to=0/30000}=>HttpConnection@18d7c60d[p=HttpParser{s=START,0 of -1},g=HttpGenerator@3a58749b{s=START}]=>HttpChannelOverHttp@59847827{s=HttpChannelState@49cac695{s=IDLE rs=BLOCKING os=OPEN is=IDLE awp=false se=false i=true al=0},r=1,c=false/false,a=IDLE,uri=null,age=0}
03:19:49.937 [qtp399373008-60] DEBUG org.eclipse.jetty.io.FillInterest - interested FillInterest@385682c0{SSLC.NBReadCB@7d094cc6{SslConnection@7d094cc6::SocketChannelEndPoint@3dfab099{l=/127.0.0.1:43437,r=/127.0.0.1:54592,OPEN,fill=FI,flush=-,to=0/30000}{io=0/0,kio=0,kro=1}->SslConnection@7d094cc6{NOT_HANDSHAKING,eio=-1/-1,di=-1,fill=INTERESTED,flush=IDLE}~>DecryptedEndPoint@215cd94d{l=/127.0.0.1:43437,r=/127.0.0.1:54592,OPEN,fill=FI,flush=-,to=0/30000}=>HttpConnection@18d7c60d[p=HttpParser{s=START,0 of -1},g=HttpGenerator@3a58749b{s=START}]=>HttpChannelOverHttp@59847827{s=HttpChannelState@49cac695{s=IDLE rs=BLOCKING os=OPEN is=IDLE awp=false se=false i=true al=0},r=1,c=false/false,a=IDLE,uri=null,age=0}}}
03:19:49.937 [qtp399373008-60] DEBUG org.eclipse.jetty.io.ChannelEndPoint - changeInterests p=false 0->1 for SocketChannelEndPoint@3dfab099{l=/127.0.0.1:43437,r=/127.0.0.1:54592,OPEN,fill=FI,flush=-,to=0/30000}{io=0/1,kio=0,kro=1}->SslConnection@7d094cc6{NOT_HANDSHAKING,eio=-1/-1,di=-1,fill=INTERESTED,flush=IDLE}~>DecryptedEndPoint@215cd94d{l=/127.0.0.1:43437,r=/127.0.0.1:54592,OPEN,fill=FI,flush=-,to=0/30000}=>HttpConnection@18d7c60d[p=HttpParser{s=START,0 of -1},g=HttpGenerator@3a58749b{s=START}]=>HttpChannelOverHttp@59847827{s=HttpChannelState@49cac695{s=IDLE rs=BLOCKING os=OPEN is=IDLE awp=false se=false i=true al=0},r=1,c=false/false,a=IDLE,uri=null,age=0}
03:19:49.937 [qtp399373008-60] DEBUG org.eclipse.jetty.io.ManagedSelector - Queued change lazy=false org.eclipse.jetty.io.ChannelEndPoint$$Lambda$255/90666987@f8e9670 on ManagedSelector@5733f295{STARTED} id=1 keys=2 selected=0 updates=0
03:19:49.937 [qtp399373008-60] DEBUG org.eclipse.jetty.io.ManagedSelector - Wakeup on submit ManagedSelector@5733f295{STARTED} id=1 keys=2 selected=0 updates=1
03:19:49.937 [qtp399373008-60] DEBUG org.eclipse.jetty.server.HttpConnection - HttpConnection@18d7c60d::DecryptedEndPoint@215cd94d{l=/127.0.0.1:43437,r=/127.0.0.1:54592,OPEN,fill=FI,flush=-,to=0/30000} onFillable exit HttpChannelState@49cac695{s=IDLE rs=BLOCKING os=OPEN is=IDLE awp=false se=false i=true al=0} null
03:19:49.937 [qtp399373008-57] DEBUG org.eclipse.jetty.io.ManagedSelector - Selector sun.nio.ch.EPollSelectorImpl@342f02f2 woken with none selected
03:19:49.937 [qtp399373008-57] DEBUG org.eclipse.jetty.io.ManagedSelector - Selector sun.nio.ch.EPollSelectorImpl@342f02f2 woken up from select, 0/0/2 selected
03:19:49.937 [qtp399373008-57] DEBUG org.eclipse.jetty.io.ManagedSelector - Selector sun.nio.ch.EPollSelectorImpl@342f02f2 processing 0 keys, 1 updates
03:19:49.937 [qtp399373008-57] DEBUG org.eclipse.jetty.io.ManagedSelector - updateable 1
03:19:49.937 [qtp399373008-57] DEBUG org.eclipse.jetty.io.ManagedSelector - update org.eclipse.jetty.io.ChannelEndPoint$$Lambda$255/90666987@f8e9670
03:19:49.937 [qtp399373008-60] DEBUG org.eclipse.jetty.io.ssl.SslConnection - <c.onFillable SslConnection@7d094cc6::SocketChannelEndPoint@3dfab099{l=/127.0.0.1:43437,r=/127.0.0.1:54592,OPEN,fill=FI,flush=-,to=0/30000}{io=0/1,kio=0,kro=1}->SslConnection@7d094cc6{NOT_HANDSHAKING,eio=-1/-1,di=-1,fill=INTERESTED,flush=IDLE}~>DecryptedEndPoint@215cd94d{l=/127.0.0.1:43437,r=/127.0.0.1:54592,OPEN,fill=FI,flush=-,to=0/30000}=>HttpConnection@18d7c60d[p=HttpParser{s=START,0 of -1},g=HttpGenerator@3a58749b{s=START}]=>HttpChannelOverHttp@59847827{s=HttpChannelState@49cac695{s=IDLE rs=BLOCKING os=OPEN is=IDLE awp=false se=false i=true al=0},r=1,c=false/false,a=IDLE,uri=null,age=0}
03:19:49.937 [qtp399373008-60] DEBUG org.eclipse.jetty.util.thread.ReservedThreadExecutor - ReservedThread@7bd5f03c{RUNNING,thread=Thread[qtp399373008-60,5,main]} was=RUNNING next=RESERVED size=0+2 capacity=8
03:19:49.937 [qtp399373008-60] DEBUG org.eclipse.jetty.util.thread.ReservedThreadExecutor - ReservedThread@7bd5f03c{RESERVED,thread=Thread[qtp399373008-60,5,main]} waiting ReservedThreadExecutor@424fd310{reserved=2/8,pending=0}
03:19:49.937 [qtp399373008-57] DEBUG org.eclipse.jetty.io.ChannelEndPoint - Key interests updated 0 -> 1 on SocketChannelEndPoint@3dfab099{l=/127.0.0.1:43437,r=/127.0.0.1:54592,OPEN,fill=FI,flush=-,to=0/30000}{io=1/1,kio=1,kro=1}->SslConnection@7d094cc6{NOT_HANDSHAKING,eio=-1/-1,di=-1,fill=INTERESTED,flush=IDLE}~>DecryptedEndPoint@215cd94d{l=/127.0.0.1:43437,r=/127.0.0.1:54592,OPEN,fill=FI,flush=-,to=0/30000}=>HttpConnection@18d7c60d[p=HttpParser{s=START,0 of -1},g=HttpGenerator@3a58749b{s=START}]=>HttpChannelOverHttp@59847827{s=HttpChannelState@49cac695{s=IDLE rs=BLOCKING os=OPEN is=IDLE awp=false se=false i=true al=0},r=1,c=false/false,a=IDLE,uri=null,age=0}
03:19:49.938 [qtp399373008-57] DEBUG org.eclipse.jetty.io.ManagedSelector - updates 0
03:19:49.938 [qtp399373008-57] DEBUG org.eclipse.jetty.io.ManagedSelector - Selector sun.nio.ch.EPollSelectorImpl@342f02f2 waiting with 2 keys
]]></system-out>
  </testcase>
  <testcase name="testNoUpdate" classname="org.apache.nifi.minifi.bootstrap.configuration.ingestors.PullHttpChangeIngestorSSLTest" time="0.064">
    <system-out><![CDATA[03:19:49.941 [main] DEBUG org.apache.nifi.minifi.bootstrap.configuration.ingestors.PullHttpChangeIngestor - Attempting to pull new config
03:19:49.942 [qtp399373008-59-acceptor-0@53dacd14-ServerConnector@2374d36a{SSL, (ssl, http/1.1)}{localhost:43437}] DEBUG org.eclipse.jetty.io.ManagedSelector - Queued change lazy=false Accept@3ad813cd[java.nio.channels.SocketChannel[connected local=/127.0.0.1:43437 remote=/127.0.0.1:54596]] on ManagedSelector@47a86fbb{STARTED} id=2 keys=1 selected=0 updates=0
03:19:49.942 [qtp399373008-59-acceptor-0@53dacd14-ServerConnector@2374d36a{SSL, (ssl, http/1.1)}{localhost:43437}] DEBUG org.eclipse.jetty.io.ManagedSelector - Wakeup on submit ManagedSelector@47a86fbb{STARTED} id=2 keys=1 selected=0 updates=1
03:19:49.942 [qtp399373008-61] DEBUG org.eclipse.jetty.io.ManagedSelector - Selector sun.nio.ch.EPollSelectorImpl@25f05ce6 woken with none selected
03:19:49.942 [qtp399373008-61] DEBUG org.eclipse.jetty.io.ManagedSelector - Selector sun.nio.ch.EPollSelectorImpl@25f05ce6 woken up from select, 0/0/1 selected
03:19:49.942 [qtp399373008-61] DEBUG org.eclipse.jetty.io.ManagedSelector - Selector sun.nio.ch.EPollSelectorImpl@25f05ce6 processing 0 keys, 1 updates
03:19:49.942 [qtp399373008-61] DEBUG org.eclipse.jetty.io.ManagedSelector - updateable 1
03:19:49.942 [qtp399373008-61] DEBUG org.eclipse.jetty.io.ManagedSelector - update Accept@3ad813cd[java.nio.channels.SocketChannel[connected local=/127.0.0.1:43437 remote=/127.0.0.1:54596]]
03:19:49.942 [qtp399373008-61] DEBUG org.eclipse.jetty.util.thread.QueuedThreadPool - queue Accept@3ad813cd[java.nio.channels.SocketChannel[connected local=/127.0.0.1:43437 remote=/127.0.0.1:54596]] startThread=0
03:19:49.942 [qtp399373008-61] DEBUG org.eclipse.jetty.io.ManagedSelector - updates 0
03:19:49.942 [qtp399373008-61] DEBUG org.eclipse.jetty.io.ManagedSelector - Selector sun.nio.ch.EPollSelectorImpl@25f05ce6 waiting with 2 keys
03:19:49.942 [qtp399373008-55] DEBUG org.eclipse.jetty.util.thread.QueuedThreadPool - run Accept@3ad813cd[java.nio.channels.SocketChannel[connected local=/127.0.0.1:43437 remote=/127.0.0.1:54596]] in QueuedThreadPool[qtp399373008]@17cdf2d0{STARTED,8<=8<=200,i=0,r=-1,q=0}[ReservedThreadExecutor@424fd310{reserved=2/8,pending=0}]
03:19:49.942 [qtp399373008-55] DEBUG org.eclipse.jetty.io.IdleTimeout - SocketChannelEndPoint@768bd7b6{l=/127.0.0.1:43437,r=/127.0.0.1:54596,OPEN,fill=-,flush=-,to=0/30000}{io=0/0,kio=0,kro=0}-><null> idle timeout check, elapsed: 0 ms, remaining: 30000 ms
03:19:49.942 [qtp399373008-55] DEBUG org.eclipse.jetty.util.ssl.SslContextFactory - Customize sun.security.ssl.SSLEngineImpl@231431b6
03:19:49.943 [qtp399373008-55] DEBUG org.eclipse.jetty.server.HttpChannel - new HttpChannelOverHttp@2fd8e796{s=HttpChannelState@541ec90b{s=IDLE rs=BLOCKING os=OPEN is=IDLE awp=false se=false i=true al=0},r=0,c=false/false,a=IDLE,uri=null,age=0} -> DecryptedEndPoint@7c008259{l=/127.0.0.1:43437,r=/127.0.0.1:54596,OPEN,fill=-,flush=-,to=0/30000},null,HttpChannelState@541ec90b{s=IDLE rs=BLOCKING os=OPEN is=IDLE awp=false se=false i=true al=0}
03:19:49.943 [qtp399373008-55] DEBUG org.eclipse.jetty.server.HttpConnection - New HTTP Connection HttpConnection@7e9b85ee::DecryptedEndPoint@7c008259{l=/127.0.0.1:43437,r=/127.0.0.1:54596,OPEN,fill=-,flush=-,to=0/30000}
03:19:49.943 [qtp399373008-55] DEBUG org.eclipse.jetty.io.ManagedSelector - Queued change lazy=true org.eclipse.jetty.io.ManagedSelector$$Lambda$258/445561681@169729fc on ManagedSelector@47a86fbb{STARTED} id=2 keys=2 selected=0 updates=0
03:19:49.943 [qtp399373008-55] DEBUG org.eclipse.jetty.io.AbstractEndPoint - onOpen SocketChannelEndPoint@768bd7b6{l=/127.0.0.1:43437,r=/127.0.0.1:54596,OPEN,fill=-,flush=-,to=0/30000}{io=0/0,kio=0,kro=0}->SslConnection@34e3ecb4{NOT_HANDSHAKING,eio=-1/-1,di=-1,fill=IDLE,flush=IDLE}~>DecryptedEndPoint@7c008259{l=/127.0.0.1:43437,r=/127.0.0.1:54596,OPEN,fill=-,flush=-,to=0/30000}=>HttpConnection@7e9b85ee[p=HttpParser{s=START,0 of -1},g=HttpGenerator@4c09b23b{s=START}]=>HttpChannelOverHttp@2fd8e796{s=HttpChannelState@541ec90b{s=IDLE rs=BLOCKING os=OPEN is=IDLE awp=false se=false i=true al=0},r=0,c=false/false,a=IDLE,uri=null,age=0}
03:19:49.943 [qtp399373008-55] DEBUG org.eclipse.jetty.io.AbstractConnection - onOpen SslConnection@34e3ecb4::SocketChannelEndPoint@768bd7b6{l=/127.0.0.1:43437,r=/127.0.0.1:54596,OPEN,fill=-,flush=-,to=0/30000}{io=0/0,kio=0,kro=0}->SslConnection@34e3ecb4{NOT_HANDSHAKING,eio=-1/-1,di=-1,fill=IDLE,flush=IDLE}~>DecryptedEndPoint@7c008259{l=/127.0.0.1:43437,r=/127.0.0.1:54596,OPEN,fill=-,flush=-,to=0/30000}=>HttpConnection@7e9b85ee[p=HttpParser{s=START,0 of -1},g=HttpGenerator@4c09b23b{s=START}]=>HttpChannelOverHttp@2fd8e796{s=HttpChannelState@541ec90b{s=IDLE rs=BLOCKING os=OPEN is=IDLE awp=false se=false i=true al=0},r=0,c=false/false,a=IDLE,uri=null,age=0}
03:19:49.943 [qtp399373008-55] DEBUG org.eclipse.jetty.io.AbstractConnection - onOpen HttpConnection@7e9b85ee::DecryptedEndPoint@7c008259{l=/127.0.0.1:43437,r=/127.0.0.1:54596,OPEN,fill=-,flush=-,to=0/30000}
03:19:49.943 [qtp399373008-55] DEBUG org.eclipse.jetty.io.AbstractConnection - fillInterested HttpConnection@7e9b85ee::DecryptedEndPoint@7c008259{l=/127.0.0.1:43437,r=/127.0.0.1:54596,OPEN,fill=-,flush=-,to=0/30000}
03:19:49.943 [qtp399373008-55] DEBUG org.eclipse.jetty.io.FillInterest - interested FillInterest@6e9feaa1{AC.ReadCB@7e9b85ee{HttpConnection@7e9b85ee::DecryptedEndPoint@7c008259{l=/127.0.0.1:43437,r=/127.0.0.1:54596,OPEN,fill=FI,flush=-,to=0/30000}}}
03:19:49.943 [qtp399373008-55] DEBUG org.eclipse.jetty.io.ssl.SslConnection - >needFillInterest s=IDLE/IDLE uf=false ei=null di=null SslConnection@34e3ecb4::SocketChannelEndPoint@768bd7b6{l=/127.0.0.1:43437,r=/127.0.0.1:54596,OPEN,fill=-,flush=-,to=0/30000}{io=0/0,kio=0,kro=0}->SslConnection@34e3ecb4{NOT_HANDSHAKING,eio=-1/-1,di=-1,fill=IDLE,flush=IDLE}~>DecryptedEndPoint@7c008259{l=/127.0.0.1:43437,r=/127.0.0.1:54596,OPEN,fill=FI,flush=-,to=0/30000}=>HttpConnection@7e9b85ee[p=HttpParser{s=START,0 of -1},g=HttpGenerator@4c09b23b{s=START}]=>HttpChannelOverHttp@2fd8e796{s=HttpChannelState@541ec90b{s=IDLE rs=BLOCKING os=OPEN is=IDLE awp=false se=false i=true al=0},r=0,c=false/false,a=IDLE,uri=null,age=0}
03:19:49.943 [qtp399373008-55] DEBUG org.eclipse.jetty.io.ssl.SslConnection - <needFillInterest s=IDLE/INTERESTED f=false i=true w=null
03:19:49.943 [qtp399373008-55] DEBUG org.eclipse.jetty.io.ssl.SslConnection - ensureFillInterested SslConnection@34e3ecb4::SocketChannelEndPoint@768bd7b6{l=/127.0.0.1:43437,r=/127.0.0.1:54596,OPEN,fill=-,flush=-,to=0/30000}{io=0/0,kio=0,kro=0}->SslConnection@34e3ecb4{NOT_HANDSHAKING,eio=-1/-1,di=-1,fill=INTERESTED,flush=IDLE}~>DecryptedEndPoint@7c008259{l=/127.0.0.1:43437,r=/127.0.0.1:54596,OPEN,fill=FI,flush=-,to=0/30000}=>HttpConnection@7e9b85ee[p=HttpParser{s=START,0 of -1},g=HttpGenerator@4c09b23b{s=START}]=>HttpChannelOverHttp@2fd8e796{s=HttpChannelState@541ec90b{s=IDLE rs=BLOCKING os=OPEN is=IDLE awp=false se=false i=true al=0},r=0,c=false/false,a=IDLE,uri=null,age=0}
03:19:49.943 [qtp399373008-55] DEBUG org.eclipse.jetty.io.FillInterest - interested FillInterest@41e8e647{SSLC.NBReadCB@34e3ecb4{SslConnection@34e3ecb4::SocketChannelEndPoint@768bd7b6{l=/127.0.0.1:43437,r=/127.0.0.1:54596,OPEN,fill=FI,flush=-,to=0/30000}{io=0/0,kio=0,kro=0}->SslConnection@34e3ecb4{NOT_HANDSHAKING,eio=-1/-1,di=-1,fill=INTERESTED,flush=IDLE}~>DecryptedEndPoint@7c008259{l=/127.0.0.1:43437,r=/127.0.0.1:54596,OPEN,fill=FI,flush=-,to=0/30000}=>HttpConnection@7e9b85ee[p=HttpParser{s=START,0 of -1},g=HttpGenerator@4c09b23b{s=START}]=>HttpChannelOverHttp@2fd8e796{s=HttpChannelState@541ec90b{s=IDLE rs=BLOCKING os=OPEN is=IDLE awp=false se=false i=true al=0},r=0,c=false/false,a=IDLE,uri=null,age=0}}}
03:19:49.943 [qtp399373008-55] DEBUG org.eclipse.jetty.io.ChannelEndPoint - changeInterests p=false 0->1 for SocketChannelEndPoint@768bd7b6{l=/127.0.0.1:43437,r=/127.0.0.1:54596,OPEN,fill=FI,flush=-,to=0/30000}{io=0/1,kio=0,kro=0}->SslConnection@34e3ecb4{NOT_HANDSHAKING,eio=-1/-1,di=-1,fill=INTERESTED,flush=IDLE}~>DecryptedEndPoint@7c008259{l=/127.0.0.1:43437,r=/127.0.0.1:54596,OPEN,fill=FI,flush=-,to=0/30000}=>HttpConnection@7e9b85ee[p=HttpParser{s=START,0 of -1},g=HttpGenerator@4c09b23b{s=START}]=>HttpChannelOverHttp@2fd8e796{s=HttpChannelState@541ec90b{s=IDLE rs=BLOCKING os=OPEN is=IDLE awp=false se=false i=true al=0},r=0,c=false/false,a=IDLE,uri=null,age=0}
03:19:49.943 [qtp399373008-55] DEBUG org.eclipse.jetty.io.ManagedSelector - Queued change lazy=false org.eclipse.jetty.io.ChannelEndPoint$$Lambda$255/90666987@6a452482 on ManagedSelector@47a86fbb{STARTED} id=2 keys=2 selected=0 updates=1
03:19:49.943 [qtp399373008-55] DEBUG org.eclipse.jetty.io.ManagedSelector - Wakeup on submit ManagedSelector@47a86fbb{STARTED} id=2 keys=2 selected=0 updates=2
03:19:49.943 [qtp399373008-61] DEBUG org.eclipse.jetty.io.ManagedSelector - Selector sun.nio.ch.EPollSelectorImpl@25f05ce6 woken with none selected
03:19:49.944 [qtp399373008-61] DEBUG org.eclipse.jetty.io.ManagedSelector - Selector sun.nio.ch.EPollSelectorImpl@25f05ce6 woken up from select, 0/0/2 selected
03:19:49.944 [qtp399373008-61] DEBUG org.eclipse.jetty.io.ManagedSelector - Selector sun.nio.ch.EPollSelectorImpl@25f05ce6 processing 0 keys, 2 updates
03:19:49.944 [qtp399373008-55] DEBUG org.eclipse.jetty.io.ManagedSelector - Created SocketChannelEndPoint@768bd7b6{l=/127.0.0.1:43437,r=/127.0.0.1:54596,OPEN,fill=FI,flush=-,to=0/30000}{io=0/1,kio=0,kro=0}->SslConnection@34e3ecb4{NOT_HANDSHAKING,eio=-1/-1,di=-1,fill=INTERESTED,flush=IDLE}~>DecryptedEndPoint@7c008259{l=/127.0.0.1:43437,r=/127.0.0.1:54596,OPEN,fill=FI,flush=-,to=0/30000}=>HttpConnection@7e9b85ee[p=HttpParser{s=START,0 of -1},g=HttpGenerator@4c09b23b{s=START}]=>HttpChannelOverHttp@2fd8e796{s=HttpChannelState@541ec90b{s=IDLE rs=BLOCKING os=OPEN is=IDLE awp=false se=false i=true al=0},r=0,c=false/false,a=IDLE,uri=null,age=0}
03:19:49.944 [qtp399373008-61] DEBUG org.eclipse.jetty.io.ManagedSelector - updateable 2
03:19:49.944 [qtp399373008-55] DEBUG org.eclipse.jetty.util.thread.QueuedThreadPool - ran Accept@3ad813cd[java.nio.channels.SocketChannel[connected local=/127.0.0.1:43437 remote=/127.0.0.1:54596]] in QueuedThreadPool[qtp399373008]@17cdf2d0{STARTED,8<=8<=200,i=0,r=-1,q=0}[ReservedThreadExecutor@424fd310{reserved=2/8,pending=0}]
03:19:49.944 [qtp399373008-61] DEBUG org.eclipse.jetty.io.ManagedSelector - update org.eclipse.jetty.io.ManagedSelector$$Lambda$258/445561681@169729fc
03:19:49.944 [qtp399373008-61] DEBUG org.eclipse.jetty.io.ManagedSelector - update org.eclipse.jetty.io.ChannelEndPoint$$Lambda$255/90666987@6a452482
03:19:49.944 [qtp399373008-61] DEBUG org.eclipse.jetty.io.ChannelEndPoint - Key interests updated 0 -> 1 on SocketChannelEndPoint@768bd7b6{l=/127.0.0.1:43437,r=/127.0.0.1:54596,OPEN,fill=FI,flush=-,to=0/30000}{io=1/1,kio=1,kro=0}->SslConnection@34e3ecb4{NOT_HANDSHAKING,eio=-1/-1,di=-1,fill=INTERESTED,flush=IDLE}~>DecryptedEndPoint@7c008259{l=/127.0.0.1:43437,r=/127.0.0.1:54596,OPEN,fill=FI,flush=-,to=0/30000}=>HttpConnection@7e9b85ee[p=HttpParser{s=START,0 of -1},g=HttpGenerator@4c09b23b{s=START}]=>HttpChannelOverHttp@2fd8e796{s=HttpChannelState@541ec90b{s=IDLE rs=BLOCKING os=OPEN is=IDLE awp=false se=false i=true al=0},r=0,c=false/false,a=IDLE,uri=null,age=0}
03:19:49.944 [qtp399373008-61] DEBUG org.eclipse.jetty.io.ManagedSelector - updates 0
03:19:49.944 [qtp399373008-61] DEBUG org.eclipse.jetty.io.ManagedSelector - Selector sun.nio.ch.EPollSelectorImpl@25f05ce6 waiting with 2 keys
03:19:49.944 [qtp399373008-61] DEBUG org.eclipse.jetty.io.ManagedSelector - Selector sun.nio.ch.EPollSelectorImpl@25f05ce6 woken up from select, 1/1/2 selected
03:19:49.944 [qtp399373008-61] DEBUG org.eclipse.jetty.io.ManagedSelector - Selector sun.nio.ch.EPollSelectorImpl@25f05ce6 processing 1 keys, 0 updates
03:19:49.944 [qtp399373008-61] DEBUG org.eclipse.jetty.io.ManagedSelector - selected 1 sun.nio.ch.SelectionKeyImpl@6db791f7 SocketChannelEndPoint@768bd7b6{l=/127.0.0.1:43437,r=/127.0.0.1:54596,OPEN,fill=FI,flush=-,to=0/30000}{io=1/1,kio=1,kro=1}->SslConnection@34e3ecb4{NOT_HANDSHAKING,eio=-1/-1,di=-1,fill=INTERESTED,flush=IDLE}~>DecryptedEndPoint@7c008259{l=/127.0.0.1:43437,r=/127.0.0.1:54596,OPEN,fill=FI,flush=-,to=1/30000}=>HttpConnection@7e9b85ee[p=HttpParser{s=START,0 of -1},g=HttpGenerator@4c09b23b{s=START}]=>HttpChannelOverHttp@2fd8e796{s=HttpChannelState@541ec90b{s=IDLE rs=BLOCKING os=OPEN is=IDLE awp=false se=false i=true al=0},r=0,c=false/false,a=IDLE,uri=null,age=0} 
03:19:49.944 [qtp399373008-61] DEBUG org.eclipse.jetty.io.ChannelEndPoint - onSelected 1->0 r=true w=false for SocketChannelEndPoint@768bd7b6{l=/127.0.0.1:43437,r=/127.0.0.1:54596,OPEN,fill=FI,flush=-,to=1/30000}{io=1/0,kio=1,kro=1}->SslConnection@34e3ecb4{NOT_HANDSHAKING,eio=-1/-1,di=-1,fill=INTERESTED,flush=IDLE}~>DecryptedEndPoint@7c008259{l=/127.0.0.1:43437,r=/127.0.0.1:54596,OPEN,fill=FI,flush=-,to=1/30000}=>HttpConnection@7e9b85ee[p=HttpParser{s=START,0 of -1},g=HttpGenerator@4c09b23b{s=START}]=>HttpChannelOverHttp@2fd8e796{s=HttpChannelState@541ec90b{s=IDLE rs=BLOCKING os=OPEN is=IDLE awp=false se=false i=true al=0},r=0,c=false/false,a=IDLE,uri=null,age=0}
03:19:49.944 [qtp399373008-61] DEBUG org.eclipse.jetty.io.ChannelEndPoint - task CEP:SocketChannelEndPoint@768bd7b6{l=/127.0.0.1:43437,r=/127.0.0.1:54596,OPEN,fill=FI,flush=-,to=1/30000}{io=1/0,kio=1,kro=1}->SslConnection@34e3ecb4{NOT_HANDSHAKING,eio=-1/-1,di=-1,fill=INTERESTED,flush=IDLE}~>DecryptedEndPoint@7c008259{l=/127.0.0.1:43437,r=/127.0.0.1:54596,OPEN,fill=FI,flush=-,to=1/30000}=>HttpConnection@7e9b85ee[p=HttpParser{s=START,0 of -1},g=HttpGenerator@4c09b23b{s=START}]=>HttpChannelOverHttp@2fd8e796{s=HttpChannelState@541ec90b{s=IDLE rs=BLOCKING os=OPEN is=IDLE awp=false se=false i=true al=0},r=0,c=false/false,a=IDLE,uri=null,age=0}:runFillable:BLOCKING
03:19:49.945 [qtp399373008-61] DEBUG org.eclipse.jetty.util.thread.ReservedThreadExecutor - ReservedThreadExecutor@424fd310{reserved=2/8,pending=0} tryExecute EatWhatYouKill@1c3146bc/SelectorProducer@56c698e3/PRODUCING/p=false/QueuedThreadPool[qtp399373008]@17cdf2d0{STARTED,8<=8<=200,i=1,r=-1,q=0}[ReservedThreadExecutor@424fd310{reserved=2/8,pending=0}][pc=0,pic=0,pec=0,epc=3]@2024-05-02T03:19:49.945+01:00
03:19:49.945 [qtp399373008-60] DEBUG org.eclipse.jetty.util.thread.ReservedThreadExecutor - ReservedThread@7bd5f03c{RESERVED,thread=Thread[qtp399373008-60,5,main]} task=EatWhatYouKill@1c3146bc/SelectorProducer@56c698e3/IDLE/p=true/QueuedThreadPool[qtp399373008]@17cdf2d0{STARTED,8<=8<=200,i=1,r=-1,q=0}[ReservedThreadExecutor@424fd310{reserved=1/8,pending=0}][pc=0,pic=0,pec=0,epc=3]@2024-05-02T03:19:49.945+01:00 ReservedThreadExecutor@424fd310{reserved=1/8,pending=0}
03:19:49.945 [qtp399373008-61] DEBUG org.eclipse.jetty.util.thread.strategy.EatWhatYouKill - EatWhatYouKill@1c3146bc/SelectorProducer@56c698e3/IDLE/p=true/QueuedThreadPool[qtp399373008]@17cdf2d0{STARTED,8<=8<=200,i=1,r=-1,q=0}[ReservedThreadExecutor@424fd310{reserved=1/8,pending=0}][pc=0,pic=0,pec=0,epc=3]@2024-05-02T03:19:49.945+01:00 m=EXECUTE_PRODUCE_CONSUME t=CEP:SocketChannelEndPoint@768bd7b6{l=/127.0.0.1:43437,r=/127.0.0.1:54596,OPEN,fill=FI,flush=-,to=1/30000}{io=1/0,kio=1,kro=1}->SslConnection@34e3ecb4{NOT_HANDSHAKING,eio=-1/-1,di=-1,fill=INTERESTED,flush=IDLE}~>DecryptedEndPoint@7c008259{l=/127.0.0.1:43437,r=/127.0.0.1:54596,OPEN,fill=FI,flush=-,to=1/30000}=>HttpConnection@7e9b85ee[p=HttpParser{s=START,0 of -1},g=HttpGenerator@4c09b23b{s=START}]=>HttpChannelOverHttp@2fd8e796{s=HttpChannelState@541ec90b{s=IDLE rs=BLOCKING os=OPEN is=IDLE awp=false se=false i=true al=0},r=0,c=false/false,a=IDLE,uri=null,age=0}:runFillable:BLOCKING/BLOCKING
03:19:49.945 [qtp399373008-60] DEBUG org.eclipse.jetty.util.thread.strategy.EatWhatYouKill - EatWhatYouKill@1c3146bc/SelectorProducer@56c698e3/IDLE/p=true/QueuedThreadPool[qtp399373008]@17cdf2d0{STARTED,8<=8<=200,i=1,r=-1,q=0}[ReservedThreadExecutor@424fd310{reserved=1/8,pending=0}][pc=0,pic=0,pec=0,epc=3]@2024-05-02T03:19:49.945+01:00 tryProduce true
03:19:49.945 [qtp399373008-60] DEBUG org.eclipse.jetty.io.ManagedSelector - updateable 0
03:19:49.945 [qtp399373008-60] DEBUG org.eclipse.jetty.io.ManagedSelector - updates 0
03:19:49.945 [qtp399373008-61] DEBUG org.eclipse.jetty.io.FillInterest - fillable FillInterest@41e8e647{SSLC.NBReadCB@34e3ecb4{SslConnection@34e3ecb4::SocketChannelEndPoint@768bd7b6{l=/127.0.0.1:43437,r=/127.0.0.1:54596,OPEN,fill=FI,flush=-,to=1/30000}{io=1/0,kio=1,kro=1}->SslConnection@34e3ecb4{NOT_HANDSHAKING,eio=-1/-1,di=-1,fill=INTERESTED,flush=IDLE}~>DecryptedEndPoint@7c008259{l=/127.0.0.1:43437,r=/127.0.0.1:54596,OPEN,fill=FI,flush=-,to=1/30000}=>HttpConnection@7e9b85ee[p=HttpParser{s=START,0 of -1},g=HttpGenerator@4c09b23b{s=START}]=>HttpChannelOverHttp@2fd8e796{s=HttpChannelState@541ec90b{s=IDLE rs=BLOCKING os=OPEN is=IDLE awp=false se=false i=true al=0},r=0,c=false/false,a=IDLE,uri=null,age=0}}}
03:19:49.945 [qtp399373008-60] DEBUG org.eclipse.jetty.io.ChannelEndPoint - Key interests updated 1 -> 0 on SocketChannelEndPoint@768bd7b6{l=/127.0.0.1:43437,r=/127.0.0.1:54596,OPEN,fill=FI,flush=-,to=1/30000}{io=0/0,kio=0,kro=1}->SslConnection@34e3ecb4{NOT_HANDSHAKING,eio=-1/-1,di=-1,fill=INTERESTED,flush=IDLE}~>DecryptedEndPoint@7c008259{l=/127.0.0.1:43437,r=/127.0.0.1:54596,OPEN,fill=FI,flush=-,to=2/30000}=>HttpConnection@7e9b85ee[p=HttpParser{s=START,0 of -1},g=HttpGenerator@4c09b23b{s=START}]=>HttpChannelOverHttp@2fd8e796{s=HttpChannelState@541ec90b{s=IDLE rs=BLOCKING os=OPEN is=IDLE awp=false se=false i=true al=0},r=0,c=false/false,a=IDLE,uri=null,age=0}
03:19:49.945 [qtp399373008-60] DEBUG org.eclipse.jetty.io.ManagedSelector - Selector sun.nio.ch.EPollSelectorImpl@25f05ce6 waiting with 2 keys
03:19:49.945 [qtp399373008-61] DEBUG org.eclipse.jetty.io.ssl.SslConnection - >c.onFillable SslConnection@34e3ecb4::SocketChannelEndPoint@768bd7b6{l=/127.0.0.1:43437,r=/127.0.0.1:54596,OPEN,fill=-,flush=-,to=1/30000}{io=0/0,kio=0,kro=1}->SslConnection@34e3ecb4{NOT_HANDSHAKING,eio=-1/-1,di=-1,fill=INTERESTED,flush=IDLE}~>DecryptedEndPoint@7c008259{l=/127.0.0.1:43437,r=/127.0.0.1:54596,OPEN,fill=FI,flush=-,to=2/30000}=>HttpConnection@7e9b85ee[p=HttpParser{s=START,0 of -1},g=HttpGenerator@4c09b23b{s=START}]=>HttpChannelOverHttp@2fd8e796{s=HttpChannelState@541ec90b{s=IDLE rs=BLOCKING os=OPEN is=IDLE awp=false se=false i=true al=0},r=0,c=false/false,a=IDLE,uri=null,age=0}
03:19:49.945 [qtp399373008-61] DEBUG org.eclipse.jetty.io.ssl.SslConnection - onFillable SslConnection@34e3ecb4::SocketChannelEndPoint@768bd7b6{l=/127.0.0.1:43437,r=/127.0.0.1:54596,OPEN,fill=-,flush=-,to=1/30000}{io=0/0,kio=0,kro=1}->SslConnection@34e3ecb4{NOT_HANDSHAKING,eio=-1/-1,di=-1,fill=INTERESTED,flush=IDLE}~>DecryptedEndPoint@7c008259{l=/127.0.0.1:43437,r=/127.0.0.1:54596,OPEN,fill=FI,flush=-,to=2/30000}=>HttpConnection@7e9b85ee[p=HttpParser{s=START,0 of -1},g=HttpGenerator@4c09b23b{s=START}]=>HttpChannelOverHttp@2fd8e796{s=HttpChannelState@541ec90b{s=IDLE rs=BLOCKING os=OPEN is=IDLE awp=false se=false i=true al=0},r=0,c=false/false,a=IDLE,uri=null,age=0}
03:19:49.945 [qtp399373008-61] DEBUG org.eclipse.jetty.io.FillInterest - fillable FillInterest@6e9feaa1{AC.ReadCB@7e9b85ee{HttpConnection@7e9b85ee::DecryptedEndPoint@7c008259{l=/127.0.0.1:43437,r=/127.0.0.1:54596,OPEN,fill=FI,flush=-,to=2/30000}}}
03:19:49.945 [qtp399373008-61] DEBUG org.eclipse.jetty.server.HttpConnection - HttpConnection@7e9b85ee::DecryptedEndPoint@7c008259{l=/127.0.0.1:43437,r=/127.0.0.1:54596,OPEN,fill=-,flush=-,to=2/30000} onFillable enter HttpChannelState@541ec90b{s=IDLE rs=BLOCKING os=OPEN is=IDLE awp=false se=false i=true al=0} null
03:19:49.945 [qtp399373008-61] DEBUG org.eclipse.jetty.io.ssl.SslConnection - >fill SslConnection@34e3ecb4::SocketChannelEndPoint@768bd7b6{l=/127.0.0.1:43437,r=/127.0.0.1:54596,OPEN,fill=-,flush=-,to=2/30000}{io=0/0,kio=0,kro=1}->SslConnection@34e3ecb4{NOT_HANDSHAKING,eio=-1/-1,di=-1,fill=IDLE,flush=IDLE}~>DecryptedEndPoint@7c008259{l=/127.0.0.1:43437,r=/127.0.0.1:54596,OPEN,fill=-,flush=-,to=2/30000}=>HttpConnection@7e9b85ee[p=HttpParser{s=START,0 of -1},g=HttpGenerator@4c09b23b{s=START}]=>HttpChannelOverHttp@2fd8e796{s=HttpChannelState@541ec90b{s=IDLE rs=BLOCKING os=OPEN is=IDLE awp=false se=false i=true al=0},r=0,c=false/false,a=IDLE,uri=null,age=0}
03:19:49.945 [qtp399373008-61] DEBUG org.eclipse.jetty.io.ssl.SslConnection - fill NOT_HANDSHAKING
03:19:49.946 [qtp399373008-61] DEBUG org.eclipse.jetty.io.ChannelEndPoint - filled 339 HeapByteBuffer@19de0680[p=0,l=339,c=17408,r=339]={<<<\x16\x03\x03\x01N\x01\x00\x01J\x03\x03\x8e\x8a\xC1W\x8a\xCb\x93\xA8\x0b\xDd\xC4j?\x94...\x06w\xD9\xDf\\\xB9\x90>\xB2\x0e\xDf"?\xB1\xBaR\xD6a\xFf\x01\x00\x01\x00>>>\xF9\xFb}{\xC0\xFag\xC6G...\x00\x00\x00\x00\x00\x00\x00}
03:19:49.946 [qtp399373008-61] DEBUG org.eclipse.jetty.io.ssl.SslConnection - net filled=339
03:19:49.946 [qtp399373008-61] DEBUG org.eclipse.jetty.io.ssl.SslConnection - fill starting handshake SslConnection@34e3ecb4::SocketChannelEndPoint@768bd7b6{l=/127.0.0.1:43437,r=/127.0.0.1:54596,OPEN,fill=-,flush=-,to=0/30000}{io=0/0,kio=0,kro=1}->SslConnection@34e3ecb4{NOT_HANDSHAKING,eio=339/-1,di=-1,fill=IDLE,flush=IDLE}~>DecryptedEndPoint@7c008259{l=/127.0.0.1:43437,r=/127.0.0.1:54596,OPEN,fill=-,flush=-,to=2/30000}=>HttpConnection@7e9b85ee[p=HttpParser{s=START,0 of -1},g=HttpGenerator@4c09b23b{s=START}]=>HttpChannelOverHttp@2fd8e796{s=HttpChannelState@541ec90b{s=IDLE rs=BLOCKING os=OPEN is=IDLE awp=false se=false i=true al=0},r=0,c=false/false,a=IDLE,uri=null,age=0}
03:19:49.946 [qtp399373008-61] DEBUG org.eclipse.jetty.io.ssl.SslConnection - unwrap net_filled=339 Status = OK HandshakeStatus = NEED_TASK bytesConsumed = 339 bytesProduced = 0 encryptedBuffer=[p=339,l=339,c=17408,r=0] unwrapBuffer=HeapByteBuffer@13266df0[p=0,l=0,c=17408,r=0]={<<<>>>\x17\x03\x03\x06\x85^\xC6+\x0e...\x00\x00\x00\x00\x00\x00\x00} appBuffer=HeapByteBuffer@13266df0[p=0,l=0,c=17408,r=0]={<<<>>>\x17\x03\x03\x06\x85^\xC6+\x0e...\x00\x00\x00\x00\x00\x00\x00}
03:19:49.946 [qtp399373008-61] DEBUG org.eclipse.jetty.io.ssl.SslConnection - fill NEED_TASK
03:19:49.952 [qtp399373008-61] DEBUG org.eclipse.jetty.io.ssl.SslConnection - fill NEED_WRAP
03:19:49.953 [qtp399373008-61] DEBUG org.eclipse.jetty.io.ssl.SslConnection - >flush SslConnection@34e3ecb4::SocketChannelEndPoint@768bd7b6{l=/127.0.0.1:43437,r=/127.0.0.1:54596,OPEN,fill=-,flush=-,to=7/30000}{io=0/0,kio=0,kro=1}->SslConnection@34e3ecb4{NEED_WRAP,eio=0/-1,di=-1,fill=IDLE,flush=IDLE}~>DecryptedEndPoint@7c008259{l=/127.0.0.1:43437,r=/127.0.0.1:54596,OPEN,fill=-,flush=-,to=9/30000}=>HttpConnection@7e9b85ee[p=HttpParser{s=START,0 of -1},g=HttpGenerator@4c09b23b{s=START}]=>HttpChannelOverHttp@2fd8e796{s=HttpChannelState@541ec90b{s=IDLE rs=BLOCKING os=OPEN is=IDLE awp=false se=false i=true al=0},r=0,c=false/false,a=IDLE,uri=null,age=0}
03:19:49.953 [qtp399373008-61] DEBUG org.eclipse.jetty.io.ssl.SslConnection - flush b[0]=HeapByteBuffer@60c04197[p=0,l=0,c=0,r=0]={<<<>>>}
03:19:49.953 [qtp399373008-61] DEBUG org.eclipse.jetty.io.ssl.SslConnection - flush NEED_WRAP
03:19:49.953 [qtp399373008-61] DEBUG org.eclipse.jetty.io.ssl.SslConnection - wrap Status = OK HandshakeStatus = NEED_WRAP bytesConsumed = 0 bytesProduced = 160 [p=0,l=160,c=17408,r=160] ioDone=false/false
03:19:49.953 [qtp399373008-61] DEBUG org.eclipse.jetty.io.ChannelEndPoint - flushed 160 SocketChannelEndPoint@768bd7b6{l=/127.0.0.1:43437,r=/127.0.0.1:54596,OPEN,fill=-,flush=-,to=7/30000}{io=0/0,kio=0,kro=1}->SslConnection@34e3ecb4{NEED_WRAP,eio=0/0,di=-1,fill=IDLE,flush=IDLE}~>DecryptedEndPoint@7c008259{l=/127.0.0.1:43437,r=/127.0.0.1:54596,OPEN,fill=-,flush=-,to=9/30000}=>HttpConnection@7e9b85ee[p=HttpParser{s=START,0 of -1},g=HttpGenerator@4c09b23b{s=START}]=>HttpChannelOverHttp@2fd8e796{s=HttpChannelState@541ec90b{s=IDLE rs=BLOCKING os=OPEN is=IDLE awp=false se=false i=true al=0},r=0,c=false/false,a=IDLE,uri=null,age=0}
03:19:49.953 [qtp399373008-61] DEBUG org.eclipse.jetty.io.ssl.SslConnection - net flushed=true, ac=true
03:19:49.953 [qtp399373008-61] DEBUG org.eclipse.jetty.io.ssl.SslConnection - flush NEED_WRAP
03:19:49.953 [qtp399373008-61] DEBUG org.eclipse.jetty.io.ssl.SslConnection - wrap Status = OK HandshakeStatus = NEED_WRAP bytesConsumed = 0 bytesProduced = 6 [p=0,l=6,c=17408,r=6] ioDone=false/false
03:19:49.953 [qtp399373008-61] DEBUG org.eclipse.jetty.io.ChannelEndPoint - flushed 6 SocketChannelEndPoint@768bd7b6{l=/127.0.0.1:43437,r=/127.0.0.1:54596,OPEN,fill=-,flush=-,to=0/30000}{io=0/0,kio=0,kro=1}->SslConnection@34e3ecb4{NEED_WRAP,eio=0/0,di=-1,fill=IDLE,flush=IDLE}~>DecryptedEndPoint@7c008259{l=/127.0.0.1:43437,r=/127.0.0.1:54596,OPEN,fill=-,flush=-,to=10/30000}=>HttpConnection@7e9b85ee[p=HttpParser{s=START,0 of -1},g=HttpGenerator@4c09b23b{s=START}]=>HttpChannelOverHttp@2fd8e796{s=HttpChannelState@541ec90b{s=IDLE rs=BLOCKING os=OPEN is=IDLE awp=false se=false i=true al=0},r=0,c=false/false,a=IDLE,uri=null,age=0}
03:19:49.953 [qtp399373008-61] DEBUG org.eclipse.jetty.io.ssl.SslConnection - net flushed=true, ac=true
03:19:49.953 [qtp399373008-61] DEBUG org.eclipse.jetty.io.ssl.SslConnection - flush NEED_WRAP
03:19:49.953 [qtp399373008-61] DEBUG org.eclipse.jetty.io.ssl.SslConnection - wrap Status = OK HandshakeStatus = NEED_UNWRAP bytesConsumed = 0 bytesProduced = 1597 [p=0,l=1597,c=17408,r=1597] ioDone=false/false
03:19:49.953 [qtp399373008-61] DEBUG org.eclipse.jetty.io.ChannelEndPoint - flushed 1597 SocketChannelEndPoint@768bd7b6{l=/127.0.0.1:43437,r=/127.0.0.1:54596,OPEN,fill=-,flush=-,to=0/30000}{io=0/0,kio=0,kro=1}->SslConnection@34e3ecb4{NEED_UNWRAP,eio=0/0,di=-1,fill=IDLE,flush=IDLE}~>DecryptedEndPoint@7c008259{l=/127.0.0.1:43437,r=/127.0.0.1:54596,OPEN,fill=-,flush=-,to=10/30000}=>HttpConnection@7e9b85ee[p=HttpParser{s=START,0 of -1},g=HttpGenerator@4c09b23b{s=START}]=>HttpChannelOverHttp@2fd8e796{s=HttpChannelState@541ec90b{s=IDLE rs=BLOCKING os=OPEN is=IDLE awp=false se=false i=true al=0},r=0,c=false/false,a=IDLE,uri=null,age=0}
03:19:49.954 [qtp399373008-61] DEBUG org.eclipse.jetty.io.ssl.SslConnection - net flushed=true, ac=true
03:19:49.954 [qtp399373008-61] DEBUG org.eclipse.jetty.io.ssl.SslConnection - <flush true SslConnection@34e3ecb4::SocketChannelEndPoint@768bd7b6{l=/127.0.0.1:43437,r=/127.0.0.1:54596,OPEN,fill=-,flush=-,to=0/30000}{io=0/0,kio=0,kro=1}->SslConnection@34e3ecb4{NEED_UNWRAP,eio=0/-1,di=-1,fill=IDLE,flush=IDLE}~>DecryptedEndPoint@7c008259{l=/127.0.0.1:43437,r=/127.0.0.1:54596,OPEN,fill=-,flush=-,to=10/30000}=>HttpConnection@7e9b85ee[p=HttpParser{s=START,0 of -1},g=HttpGenerator@4c09b23b{s=START}]=>HttpChannelOverHttp@2fd8e796{s=HttpChannelState@541ec90b{s=IDLE rs=BLOCKING os=OPEN is=IDLE awp=false se=false i=true al=0},r=0,c=false/false,a=IDLE,uri=null,age=0}
03:19:49.954 [qtp399373008-61] DEBUG org.eclipse.jetty.io.ssl.SslConnection - fill NEED_UNWRAP
03:19:49.954 [qtp399373008-61] DEBUG org.eclipse.jetty.io.ChannelEndPoint - filled 0 HeapByteBuffer@19de0680[p=0,l=0,c=17408,r=0]={<<<>>>\x16\x03\x03\x01N\x01\x00\x01J...\x00\x00\x00\x00\x00\x00\x00}
03:19:49.954 [qtp399373008-61] DEBUG org.eclipse.jetty.io.ssl.SslConnection - net filled=0
03:19:49.954 [qtp399373008-61] DEBUG org.eclipse.jetty.io.ssl.SslConnection - unwrap net_filled=0 Status = BUFFER_UNDERFLOW HandshakeStatus = NEED_UNWRAP bytesConsumed = 0 bytesProduced = 0 encryptedBuffer=[p=0,l=0,c=17408,r=0] unwrapBuffer=HeapByteBuffer@13266df0[p=0,l=0,c=17408,r=0]={<<<>>>\x17\x03\x03\x06\x85^\xC6+\x0e...\x00\x00\x00\x00\x00\x00\x00} appBuffer=HeapByteBuffer@13266df0[p=0,l=0,c=17408,r=0]={<<<>>>\x17\x03\x03\x06\x85^\xC6+\x0e...\x00\x00\x00\x00\x00\x00\x00}
03:19:49.954 [qtp399373008-61] DEBUG org.eclipse.jetty.io.ssl.SslConnection - <fill f=0 uf=true SslConnection@34e3ecb4::SocketChannelEndPoint@768bd7b6{l=/127.0.0.1:43437,r=/127.0.0.1:54596,OPEN,fill=-,flush=-,to=0/30000}{io=0/0,kio=0,kro=1}->SslConnection@34e3ecb4{NEED_UNWRAP,eio=-1/-1,di=-1,fill=IDLE,flush=IDLE}~>DecryptedEndPoint@7c008259{l=/127.0.0.1:43437,r=/127.0.0.1:54596,OPEN,fill=-,flush=-,to=10/30000}=>HttpConnection@7e9b85ee[p=HttpParser{s=START,0 of -1},g=HttpGenerator@4c09b23b{s=START}]=>HttpChannelOverHttp@2fd8e796{s=HttpChannelState@541ec90b{s=IDLE rs=BLOCKING os=OPEN is=IDLE awp=false se=false i=true al=0},r=0,c=false/false,a=IDLE,uri=null,age=0}
03:19:49.954 [qtp399373008-61] DEBUG org.eclipse.jetty.io.ssl.SslConnection - >fill SslConnection@34e3ecb4::SocketChannelEndPoint@768bd7b6{l=/127.0.0.1:43437,r=/127.0.0.1:54596,OPEN,fill=-,flush=-,to=0/30000}{io=0/0,kio=0,kro=1}->SslConnection@34e3ecb4{NEED_UNWRAP,eio=-1/-1,di=-1,fill=IDLE,flush=IDLE}~>DecryptedEndPoint@7c008259{l=/127.0.0.1:43437,r=/127.0.0.1:54596,OPEN,fill=-,flush=-,to=10/30000}=>HttpConnection@7e9b85ee[p=HttpParser{s=START,0 of -1},g=HttpGenerator@4c09b23b{s=START}]=>HttpChannelOverHttp@2fd8e796{s=HttpChannelState@541ec90b{s=IDLE rs=BLOCKING os=OPEN is=IDLE awp=false se=false i=true al=0},r=0,c=false/false,a=IDLE,uri=null,age=0}
03:19:49.954 [qtp399373008-61] DEBUG org.eclipse.jetty.io.ssl.SslConnection - fill NEED_UNWRAP
03:19:49.954 [qtp399373008-61] DEBUG org.eclipse.jetty.io.ChannelEndPoint - filled 0 HeapByteBuffer@1719ebcb[p=0,l=0,c=17408,r=0]={<<<>>>\x17\x03\x03\x068D\xFe\x00>...\x00\x00\x00\x00\x00\x00\x00}
03:19:49.954 [qtp399373008-61] DEBUG org.eclipse.jetty.io.ssl.SslConnection - net filled=0
03:19:49.954 [qtp399373008-61] DEBUG org.eclipse.jetty.io.ssl.SslConnection - unwrap net_filled=0 Status = BUFFER_UNDERFLOW HandshakeStatus = NEED_UNWRAP bytesConsumed = 0 bytesProduced = 0 encryptedBuffer=[p=0,l=0,c=17408,r=0] unwrapBuffer=HeapByteBuffer@13266df0[p=0,l=0,c=17408,r=0]={<<<>>>\x17\x03\x03\x06\x85^\xC6+\x0e...\x00\x00\x00\x00\x00\x00\x00} appBuffer=HeapByteBuffer@13266df0[p=0,l=0,c=17408,r=0]={<<<>>>\x17\x03\x03\x06\x85^\xC6+\x0e...\x00\x00\x00\x00\x00\x00\x00}
03:19:49.954 [qtp399373008-61] DEBUG org.eclipse.jetty.io.ssl.SslConnection - <fill f=0 uf=true SslConnection@34e3ecb4::SocketChannelEndPoint@768bd7b6{l=/127.0.0.1:43437,r=/127.0.0.1:54596,OPEN,fill=-,flush=-,to=0/30000}{io=0/0,kio=0,kro=1}->SslConnection@34e3ecb4{NEED_UNWRAP,eio=-1/-1,di=-1,fill=IDLE,flush=IDLE}~>DecryptedEndPoint@7c008259{l=/127.0.0.1:43437,r=/127.0.0.1:54596,OPEN,fill=-,flush=-,to=11/30000}=>HttpConnection@7e9b85ee[p=HttpParser{s=START,0 of -1},g=HttpGenerator@4c09b23b{s=START}]=>HttpChannelOverHttp@2fd8e796{s=HttpChannelState@541ec90b{s=IDLE rs=BLOCKING os=OPEN is=IDLE awp=false se=false i=true al=0},r=0,c=false/false,a=IDLE,uri=null,age=0}
03:19:49.954 [qtp399373008-61] DEBUG org.eclipse.jetty.server.HttpConnection - HttpConnection@7e9b85ee::DecryptedEndPoint@7c008259{l=/127.0.0.1:43437,r=/127.0.0.1:54596,OPEN,fill=-,flush=-,to=11/30000} filled 0 HeapByteBuffer@13266df0[p=0,l=0,c=17408,r=0]={<<<>>>\x17\x03\x03\x06\x85^\xC6+\x0e...\x00\x00\x00\x00\x00\x00\x00}
03:19:49.954 [qtp399373008-61] DEBUG org.eclipse.jetty.server.HttpConnection - HttpConnection@7e9b85ee::DecryptedEndPoint@7c008259{l=/127.0.0.1:43437,r=/127.0.0.1:54596,OPEN,fill=-,flush=-,to=11/30000} parse HeapByteBuffer@13266df0[p=0,l=0,c=17408,r=0]={<<<>>>\x17\x03\x03\x06\x85^\xC6+\x0e...\x00\x00\x00\x00\x00\x00\x00} {}
03:19:49.954 [qtp399373008-61] DEBUG org.eclipse.jetty.http.HttpParser - parseNext s=START HeapByteBuffer@13266df0[p=0,l=0,c=17408,r=0]={<<<>>>\x17\x03\x03\x06\x85^\xC6+\x0e...\x00\x00\x00\x00\x00\x00\x00}
03:19:49.954 [qtp399373008-61] DEBUG org.eclipse.jetty.server.HttpConnection - HttpConnection@7e9b85ee::DecryptedEndPoint@7c008259{l=/127.0.0.1:43437,r=/127.0.0.1:54596,OPEN,fill=-,flush=-,to=11/30000} parsed false HttpParser{s=START,0 of -1}
03:19:49.954 [qtp399373008-61] DEBUG org.eclipse.jetty.server.HttpConnection - releaseRequestBuffer HttpConnection@7e9b85ee::DecryptedEndPoint@7c008259{l=/127.0.0.1:43437,r=/127.0.0.1:54596,OPEN,fill=-,flush=-,to=11/30000}
03:19:49.954 [qtp399373008-61] DEBUG org.eclipse.jetty.io.AbstractConnection - fillInterested HttpConnection@7e9b85ee::DecryptedEndPoint@7c008259{l=/127.0.0.1:43437,r=/127.0.0.1:54596,OPEN,fill=-,flush=-,to=11/30000}
03:19:49.954 [qtp399373008-61] DEBUG org.eclipse.jetty.io.FillInterest - interested FillInterest@6e9feaa1{AC.ReadCB@7e9b85ee{HttpConnection@7e9b85ee::DecryptedEndPoint@7c008259{l=/127.0.0.1:43437,r=/127.0.0.1:54596,OPEN,fill=FI,flush=-,to=0/30000}}}
03:19:49.954 [qtp399373008-61] DEBUG org.eclipse.jetty.io.ssl.SslConnection - >needFillInterest s=IDLE/IDLE uf=true ei=null di=null SslConnection@34e3ecb4::SocketChannelEndPoint@768bd7b6{l=/127.0.0.1:43437,r=/127.0.0.1:54596,OPEN,fill=-,flush=-,to=0/30000}{io=0/0,kio=0,kro=1}->SslConnection@34e3ecb4{NEED_UNWRAP,eio=-1/-1,di=-1,fill=IDLE,flush=IDLE}~>DecryptedEndPoint@7c008259{l=/127.0.0.1:43437,r=/127.0.0.1:54596,OPEN,fill=FI,flush=-,to=0/30000}=>HttpConnection@7e9b85ee[p=HttpParser{s=START,0 of -1},g=HttpGenerator@4c09b23b{s=START}]=>HttpChannelOverHttp@2fd8e796{s=HttpChannelState@541ec90b{s=IDLE rs=BLOCKING os=OPEN is=IDLE awp=false se=false i=true al=0},r=0,c=false/false,a=IDLE,uri=null,age=0}
03:19:49.954 [qtp399373008-61] DEBUG org.eclipse.jetty.io.ssl.SslConnection - <needFillInterest s=IDLE/INTERESTED f=false i=true w=null
03:19:49.954 [qtp399373008-61] DEBUG org.eclipse.jetty.io.ssl.SslConnection - ensureFillInterested SslConnection@34e3ecb4::SocketChannelEndPoint@768bd7b6{l=/127.0.0.1:43437,r=/127.0.0.1:54596,OPEN,fill=-,flush=-,to=0/30000}{io=0/0,kio=0,kro=1}->SslConnection@34e3ecb4{NEED_UNWRAP,eio=-1/-1,di=-1,fill=INTERESTED,flush=IDLE}~>DecryptedEndPoint@7c008259{l=/127.0.0.1:43437,r=/127.0.0.1:54596,OPEN,fill=FI,flush=-,to=0/30000}=>HttpConnection@7e9b85ee[p=HttpParser{s=START,0 of -1},g=HttpGenerator@4c09b23b{s=START}]=>HttpChannelOverHttp@2fd8e796{s=HttpChannelState@541ec90b{s=IDLE rs=BLOCKING os=OPEN is=IDLE awp=false se=false i=true al=0},r=0,c=false/false,a=IDLE,uri=null,age=0}
03:19:49.955 [qtp399373008-61] DEBUG org.eclipse.jetty.io.FillInterest - interested FillInterest@41e8e647{SSLC.NBReadCB@34e3ecb4{SslConnection@34e3ecb4::SocketChannelEndPoint@768bd7b6{l=/127.0.0.1:43437,r=/127.0.0.1:54596,OPEN,fill=FI,flush=-,to=0/30000}{io=0/0,kio=0,kro=1}->SslConnection@34e3ecb4{NEED_UNWRAP,eio=-1/-1,di=-1,fill=INTERESTED,flush=IDLE}~>DecryptedEndPoint@7c008259{l=/127.0.0.1:43437,r=/127.0.0.1:54596,OPEN,fill=FI,flush=-,to=0/30000}=>HttpConnection@7e9b85ee[p=HttpParser{s=START,0 of -1},g=HttpGenerator@4c09b23b{s=START}]=>HttpChannelOverHttp@2fd8e796{s=HttpChannelState@541ec90b{s=IDLE rs=BLOCKING os=OPEN is=IDLE awp=false se=false i=true al=0},r=0,c=false/false,a=IDLE,uri=null,age=0}}}
03:19:49.955 [qtp399373008-61] DEBUG org.eclipse.jetty.io.ChannelEndPoint - changeInterests p=false 0->1 for SocketChannelEndPoint@768bd7b6{l=/127.0.0.1:43437,r=/127.0.0.1:54596,OPEN,fill=FI,flush=-,to=0/30000}{io=0/1,kio=0,kro=1}->SslConnection@34e3ecb4{NEED_UNWRAP,eio=-1/-1,di=-1,fill=INTERESTED,flush=IDLE}~>DecryptedEndPoint@7c008259{l=/127.0.0.1:43437,r=/127.0.0.1:54596,OPEN,fill=FI,flush=-,to=0/30000}=>HttpConnection@7e9b85ee[p=HttpParser{s=START,0 of -1},g=HttpGenerator@4c09b23b{s=START}]=>HttpChannelOverHttp@2fd8e796{s=HttpChannelState@541ec90b{s=IDLE rs=BLOCKING os=OPEN is=IDLE awp=false se=false i=true al=0},r=0,c=false/false,a=IDLE,uri=null,age=0}
03:19:49.955 [qtp399373008-61] DEBUG org.eclipse.jetty.io.ManagedSelector - Queued change lazy=false org.eclipse.jetty.io.ChannelEndPoint$$Lambda$255/90666987@6a452482 on ManagedSelector@47a86fbb{STARTED} id=2 keys=2 selected=0 updates=0
03:19:49.955 [qtp399373008-61] DEBUG org.eclipse.jetty.io.ManagedSelector - Wakeup on submit ManagedSelector@47a86fbb{STARTED} id=2 keys=2 selected=0 updates=1
03:19:49.955 [qtp399373008-61] DEBUG org.eclipse.jetty.server.HttpConnection - HttpConnection@7e9b85ee::DecryptedEndPoint@7c008259{l=/127.0.0.1:43437,r=/127.0.0.1:54596,OPEN,fill=FI,flush=-,to=0/30000} onFillable exit HttpChannelState@541ec90b{s=IDLE rs=BLOCKING os=OPEN is=IDLE awp=false se=false i=true al=0} null
03:19:49.955 [qtp399373008-60] DEBUG org.eclipse.jetty.io.ManagedSelector - Selector sun.nio.ch.EPollSelectorImpl@25f05ce6 woken with none selected
03:19:49.955 [qtp399373008-60] DEBUG org.eclipse.jetty.io.ManagedSelector - Selector sun.nio.ch.EPollSelectorImpl@25f05ce6 woken up from select, 0/0/2 selected
03:19:49.955 [qtp399373008-60] DEBUG org.eclipse.jetty.io.ManagedSelector - Selector sun.nio.ch.EPollSelectorImpl@25f05ce6 processing 0 keys, 1 updates
03:19:49.955 [qtp399373008-60] DEBUG org.eclipse.jetty.io.ManagedSelector - updateable 1
03:19:49.955 [qtp399373008-60] DEBUG org.eclipse.jetty.io.ManagedSelector - update org.eclipse.jetty.io.ChannelEndPoint$$Lambda$255/90666987@6a452482
03:19:49.955 [qtp399373008-61] DEBUG org.eclipse.jetty.io.ssl.SslConnection - <c.onFillable SslConnection@34e3ecb4::SocketChannelEndPoint@768bd7b6{l=/127.0.0.1:43437,r=/127.0.0.1:54596,OPEN,fill=FI,flush=-,to=0/30000}{io=0/1,kio=0,kro=1}->SslConnection@34e3ecb4{NEED_UNWRAP,eio=-1/-1,di=-1,fill=INTERESTED,flush=IDLE}~>DecryptedEndPoint@7c008259{l=/127.0.0.1:43437,r=/127.0.0.1:54596,OPEN,fill=FI,flush=-,to=0/30000}=>HttpConnection@7e9b85ee[p=HttpParser{s=START,0 of -1},g=HttpGenerator@4c09b23b{s=START}]=>HttpChannelOverHttp@2fd8e796{s=HttpChannelState@541ec90b{s=IDLE rs=BLOCKING os=OPEN is=IDLE awp=false se=false i=true al=0},r=0,c=false/false,a=IDLE,uri=null,age=0}
03:19:49.955 [qtp399373008-61] DEBUG org.eclipse.jetty.util.thread.ReservedThreadExecutor - ReservedThread@3ed76982{RUNNING,thread=Thread[qtp399373008-61,5,main]} was=RUNNING next=RESERVED size=0+2 capacity=8
03:19:49.955 [qtp399373008-61] DEBUG org.eclipse.jetty.util.thread.ReservedThreadExecutor - ReservedThread@3ed76982{RESERVED,thread=Thread[qtp399373008-61,5,main]} waiting ReservedThreadExecutor@424fd310{reserved=2/8,pending=0}
03:19:49.955 [qtp399373008-60] DEBUG org.eclipse.jetty.io.ChannelEndPoint - Key interests updated 0 -> 1 on SocketChannelEndPoint@768bd7b6{l=/127.0.0.1:43437,r=/127.0.0.1:54596,OPEN,fill=FI,flush=-,to=0/30000}{io=1/1,kio=1,kro=1}->SslConnection@34e3ecb4{NEED_UNWRAP,eio=-1/-1,di=-1,fill=INTERESTED,flush=IDLE}~>DecryptedEndPoint@7c008259{l=/127.0.0.1:43437,r=/127.0.0.1:54596,OPEN,fill=FI,flush=-,to=0/30000}=>HttpConnection@7e9b85ee[p=HttpParser{s=START,0 of -1},g=HttpGenerator@4c09b23b{s=START}]=>HttpChannelOverHttp@2fd8e796{s=HttpChannelState@541ec90b{s=IDLE rs=BLOCKING os=OPEN is=IDLE awp=false se=false i=true al=0},r=0,c=false/false,a=IDLE,uri=null,age=0}
03:19:49.955 [qtp399373008-60] DEBUG org.eclipse.jetty.io.ManagedSelector - updates 0
03:19:49.955 [qtp399373008-60] DEBUG org.eclipse.jetty.io.ManagedSelector - Selector sun.nio.ch.EPollSelectorImpl@25f05ce6 waiting with 2 keys
03:19:49.956 [qtp399373008-60] DEBUG org.eclipse.jetty.io.ManagedSelector - Selector sun.nio.ch.EPollSelectorImpl@25f05ce6 woken up from select, 1/1/2 selected
03:19:49.956 [qtp399373008-60] DEBUG org.eclipse.jetty.io.ManagedSelector - Selector sun.nio.ch.EPollSelectorImpl@25f05ce6 processing 1 keys, 0 updates
03:19:49.957 [qtp399373008-60] DEBUG org.eclipse.jetty.io.ManagedSelector - selected 1 sun.nio.ch.SelectionKeyImpl@6db791f7 SocketChannelEndPoint@768bd7b6{l=/127.0.0.1:43437,r=/127.0.0.1:54596,OPEN,fill=FI,flush=-,to=1/30000}{io=1/1,kio=1,kro=1}->SslConnection@34e3ecb4{NEED_UNWRAP,eio=-1/-1,di=-1,fill=INTERESTED,flush=IDLE}~>DecryptedEndPoint@7c008259{l=/127.0.0.1:43437,r=/127.0.0.1:54596,OPEN,fill=FI,flush=-,to=2/30000}=>HttpConnection@7e9b85ee[p=HttpParser{s=START,0 of -1},g=HttpGenerator@4c09b23b{s=START}]=>HttpChannelOverHttp@2fd8e796{s=HttpChannelState@541ec90b{s=IDLE rs=BLOCKING os=OPEN is=IDLE awp=false se=false i=true al=0},r=0,c=false/false,a=IDLE,uri=null,age=0} 
03:19:49.957 [qtp399373008-60] DEBUG org.eclipse.jetty.io.ChannelEndPoint - onSelected 1->0 r=true w=false for SocketChannelEndPoint@768bd7b6{l=/127.0.0.1:43437,r=/127.0.0.1:54596,OPEN,fill=FI,flush=-,to=2/30000}{io=1/0,kio=1,kro=1}->SslConnection@34e3ecb4{NEED_UNWRAP,eio=-1/-1,di=-1,fill=INTERESTED,flush=IDLE}~>DecryptedEndPoint@7c008259{l=/127.0.0.1:43437,r=/127.0.0.1:54596,OPEN,fill=FI,flush=-,to=2/30000}=>HttpConnection@7e9b85ee[p=HttpParser{s=START,0 of -1},g=HttpGenerator@4c09b23b{s=START}]=>HttpChannelOverHttp@2fd8e796{s=HttpChannelState@541ec90b{s=IDLE rs=BLOCKING os=OPEN is=IDLE awp=false se=false i=true al=0},r=0,c=false/false,a=IDLE,uri=null,age=0}
03:19:49.957 [qtp399373008-60] DEBUG org.eclipse.jetty.io.ChannelEndPoint - task CEP:SocketChannelEndPoint@768bd7b6{l=/127.0.0.1:43437,r=/127.0.0.1:54596,OPEN,fill=FI,flush=-,to=2/30000}{io=1/0,kio=1,kro=1}->SslConnection@34e3ecb4{NEED_UNWRAP,eio=-1/-1,di=-1,fill=INTERESTED,flush=IDLE}~>DecryptedEndPoint@7c008259{l=/127.0.0.1:43437,r=/127.0.0.1:54596,OPEN,fill=FI,flush=-,to=2/30000}=>HttpConnection@7e9b85ee[p=HttpParser{s=START,0 of -1},g=HttpGenerator@4c09b23b{s=START}]=>HttpChannelOverHttp@2fd8e796{s=HttpChannelState@541ec90b{s=IDLE rs=BLOCKING os=OPEN is=IDLE awp=false se=false i=true al=0},r=0,c=false/false,a=IDLE,uri=null,age=0}:runFillable:BLOCKING
03:19:49.957 [qtp399373008-60] DEBUG org.eclipse.jetty.util.thread.ReservedThreadExecutor - ReservedThreadExecutor@424fd310{reserved=2/8,pending=0} tryExecute EatWhatYouKill@1c3146bc/SelectorProducer@56c698e3/PRODUCING/p=false/QueuedThreadPool[qtp399373008]@17cdf2d0{STARTED,8<=8<=200,i=1,r=-1,q=0}[ReservedThreadExecutor@424fd310{reserved=2/8,pending=0}][pc=0,pic=0,pec=0,epc=4]@2024-05-02T03:19:49.957+01:00
03:19:49.957 [qtp399373008-60] DEBUG org.eclipse.jetty.util.thread.strategy.EatWhatYouKill - EatWhatYouKill@1c3146bc/SelectorProducer@56c698e3/IDLE/p=true/QueuedThreadPool[qtp399373008]@17cdf2d0{STARTED,8<=8<=200,i=1,r=-1,q=0}[ReservedThreadExecutor@424fd310{reserved=1/8,pending=0}][pc=0,pic=0,pec=0,epc=4]@2024-05-02T03:19:49.957+01:00 m=EXECUTE_PRODUCE_CONSUME t=CEP:SocketChannelEndPoint@768bd7b6{l=/127.0.0.1:43437,r=/127.0.0.1:54596,OPEN,fill=FI,flush=-,to=2/30000}{io=1/0,kio=1,kro=1}->SslConnection@34e3ecb4{NEED_UNWRAP,eio=-1/-1,di=-1,fill=INTERESTED,flush=IDLE}~>DecryptedEndPoint@7c008259{l=/127.0.0.1:43437,r=/127.0.0.1:54596,OPEN,fill=FI,flush=-,to=2/30000}=>HttpConnection@7e9b85ee[p=HttpParser{s=START,0 of -1},g=HttpGenerator@4c09b23b{s=START}]=>HttpChannelOverHttp@2fd8e796{s=HttpChannelState@541ec90b{s=IDLE rs=BLOCKING os=OPEN is=IDLE awp=false se=false i=true al=0},r=0,c=false/false,a=IDLE,uri=null,age=0}:runFillable:BLOCKING/BLOCKING
03:19:49.957 [qtp399373008-61] DEBUG org.eclipse.jetty.util.thread.ReservedThreadExecutor - ReservedThread@3ed76982{RESERVED,thread=Thread[qtp399373008-61,5,main]} task=EatWhatYouKill@1c3146bc/SelectorProducer@56c698e3/IDLE/p=true/QueuedThreadPool[qtp399373008]@17cdf2d0{STARTED,8<=8<=200,i=1,r=-1,q=0}[ReservedThreadExecutor@424fd310{reserved=1/8,pending=0}][pc=0,pic=0,pec=0,epc=4]@2024-05-02T03:19:49.957+01:00 ReservedThreadExecutor@424fd310{reserved=1/8,pending=0}
03:19:49.957 [qtp399373008-60] DEBUG org.eclipse.jetty.io.FillInterest - fillable FillInterest@41e8e647{SSLC.NBReadCB@34e3ecb4{SslConnection@34e3ecb4::SocketChannelEndPoint@768bd7b6{l=/127.0.0.1:43437,r=/127.0.0.1:54596,OPEN,fill=FI,flush=-,to=2/30000}{io=1/0,kio=1,kro=1}->SslConnection@34e3ecb4{NEED_UNWRAP,eio=-1/-1,di=-1,fill=INTERESTED,flush=IDLE}~>DecryptedEndPoint@7c008259{l=/127.0.0.1:43437,r=/127.0.0.1:54596,OPEN,fill=FI,flush=-,to=2/30000}=>HttpConnection@7e9b85ee[p=HttpParser{s=START,0 of -1},g=HttpGenerator@4c09b23b{s=START}]=>HttpChannelOverHttp@2fd8e796{s=HttpChannelState@541ec90b{s=IDLE rs=BLOCKING os=OPEN is=IDLE awp=false se=false i=true al=0},r=0,c=false/false,a=IDLE,uri=null,age=0}}}
03:19:49.957 [qtp399373008-61] DEBUG org.eclipse.jetty.util.thread.strategy.EatWhatYouKill - EatWhatYouKill@1c3146bc/SelectorProducer@56c698e3/IDLE/p=true/QueuedThreadPool[qtp399373008]@17cdf2d0{STARTED,8<=8<=200,i=1,r=-1,q=0}[ReservedThreadExecutor@424fd310{reserved=1/8,pending=0}][pc=0,pic=0,pec=0,epc=5]@2024-05-02T03:19:49.957+01:00 tryProduce true
03:19:49.957 [qtp399373008-61] DEBUG org.eclipse.jetty.io.ManagedSelector - updateable 0
03:19:49.957 [qtp399373008-61] DEBUG org.eclipse.jetty.io.ManagedSelector - updates 0
03:19:49.958 [qtp399373008-61] DEBUG org.eclipse.jetty.io.ChannelEndPoint - Key interests updated 1 -> 0 on SocketChannelEndPoint@768bd7b6{l=/127.0.0.1:43437,r=/127.0.0.1:54596,OPEN,fill=-,flush=-,to=2/30000}{io=0/0,kio=0,kro=1}->SslConnection@34e3ecb4{NEED_UNWRAP,eio=-1/-1,di=-1,fill=INTERESTED,flush=IDLE}~>DecryptedEndPoint@7c008259{l=/127.0.0.1:43437,r=/127.0.0.1:54596,OPEN,fill=FI,flush=-,to=3/30000}=>HttpConnection@7e9b85ee[p=HttpParser{s=START,0 of -1},g=HttpGenerator@4c09b23b{s=START}]=>HttpChannelOverHttp@2fd8e796{s=HttpChannelState@541ec90b{s=IDLE rs=BLOCKING os=OPEN is=IDLE awp=false se=false i=true al=0},r=0,c=false/false,a=IDLE,uri=null,age=0}
03:19:49.958 [qtp399373008-61] DEBUG org.eclipse.jetty.io.ManagedSelector - Selector sun.nio.ch.EPollSelectorImpl@25f05ce6 waiting with 2 keys
03:19:49.957 [qtp399373008-60] DEBUG org.eclipse.jetty.io.ssl.SslConnection - >c.onFillable SslConnection@34e3ecb4::SocketChannelEndPoint@768bd7b6{l=/127.0.0.1:43437,r=/127.0.0.1:54596,OPEN,fill=-,flush=-,to=2/30000}{io=1/0,kio=1,kro=1}->SslConnection@34e3ecb4{NEED_UNWRAP,eio=-1/-1,di=-1,fill=INTERESTED,flush=IDLE}~>DecryptedEndPoint@7c008259{l=/127.0.0.1:43437,r=/127.0.0.1:54596,OPEN,fill=FI,flush=-,to=2/30000}=>HttpConnection@7e9b85ee[p=HttpParser{s=START,0 of -1},g=HttpGenerator@4c09b23b{s=START}]=>HttpChannelOverHttp@2fd8e796{s=HttpChannelState@541ec90b{s=IDLE rs=BLOCKING os=OPEN is=IDLE awp=false se=false i=true al=0},r=0,c=false/false,a=IDLE,uri=null,age=0}
03:19:49.958 [qtp399373008-60] DEBUG org.eclipse.jetty.io.ssl.SslConnection - onFillable SslConnection@34e3ecb4::SocketChannelEndPoint@768bd7b6{l=/127.0.0.1:43437,r=/127.0.0.1:54596,OPEN,fill=-,flush=-,to=3/30000}{io=0/0,kio=0,kro=1}->SslConnection@34e3ecb4{NEED_UNWRAP,eio=-1/-1,di=-1,fill=INTERESTED,flush=IDLE}~>DecryptedEndPoint@7c008259{l=/127.0.0.1:43437,r=/127.0.0.1:54596,OPEN,fill=FI,flush=-,to=3/30000}=>HttpConnection@7e9b85ee[p=HttpParser{s=START,0 of -1},g=HttpGenerator@4c09b23b{s=START}]=>HttpChannelOverHttp@2fd8e796{s=HttpChannelState@541ec90b{s=IDLE rs=BLOCKING os=OPEN is=IDLE awp=false se=false i=true al=0},r=0,c=false/false,a=IDLE,uri=null,age=0}
03:19:49.958 [qtp399373008-60] DEBUG org.eclipse.jetty.io.FillInterest - fillable FillInterest@6e9feaa1{AC.ReadCB@7e9b85ee{HttpConnection@7e9b85ee::DecryptedEndPoint@7c008259{l=/127.0.0.1:43437,r=/127.0.0.1:54596,OPEN,fill=FI,flush=-,to=3/30000}}}
03:19:49.958 [qtp399373008-60] DEBUG org.eclipse.jetty.server.HttpConnection - HttpConnection@7e9b85ee::DecryptedEndPoint@7c008259{l=/127.0.0.1:43437,r=/127.0.0.1:54596,OPEN,fill=-,flush=-,to=3/30000} onFillable enter HttpChannelState@541ec90b{s=IDLE rs=BLOCKING os=OPEN is=IDLE awp=false se=false i=true al=0} null
03:19:49.958 [qtp399373008-60] DEBUG org.eclipse.jetty.io.ssl.SslConnection - >fill SslConnection@34e3ecb4::SocketChannelEndPoint@768bd7b6{l=/127.0.0.1:43437,r=/127.0.0.1:54596,OPEN,fill=-,flush=-,to=3/30000}{io=0/0,kio=0,kro=1}->SslConnection@34e3ecb4{NEED_UNWRAP,eio=-1/-1,di=-1,fill=IDLE,flush=IDLE}~>DecryptedEndPoint@7c008259{l=/127.0.0.1:43437,r=/127.0.0.1:54596,OPEN,fill=-,flush=-,to=3/30000}=>HttpConnection@7e9b85ee[p=HttpParser{s=START,0 of -1},g=HttpGenerator@4c09b23b{s=START}]=>HttpChannelOverHttp@2fd8e796{s=HttpChannelState@541ec90b{s=IDLE rs=BLOCKING os=OPEN is=IDLE awp=false se=false i=true al=0},r=0,c=false/false,a=IDLE,uri=null,age=0}
03:19:49.958 [qtp399373008-60] DEBUG org.eclipse.jetty.io.ssl.SslConnection - fill NEED_UNWRAP
03:19:49.959 [qtp399373008-60] DEBUG org.eclipse.jetty.io.ChannelEndPoint - filled 6 HeapByteBuffer@1719ebcb[p=0,l=6,c=17408,r=6]={<<<\x14\x03\x03\x00\x01\x01>>>\xFe\x00>\xF4v\xDc\xF0\x82\x83...\x00\x00\x00\x00\x00\x00\x00}
03:19:49.959 [qtp399373008-60] DEBUG org.eclipse.jetty.io.ssl.SslConnection - net filled=6
03:19:49.959 [qtp399373008-60] DEBUG org.eclipse.jetty.io.ssl.SslConnection - unwrap net_filled=6 Status = OK HandshakeStatus = NEED_UNWRAP bytesConsumed = 6 bytesProduced = 0 encryptedBuffer=[p=6,l=6,c=17408,r=0] unwrapBuffer=HeapByteBuffer@19de0680[p=0,l=0,c=17408,r=0]={<<<>>>\x16\x03\x03\x01N\x01\x00\x01J...\x00\x00\x00\x00\x00\x00\x00} appBuffer=HeapByteBuffer@19de0680[p=0,l=0,c=17408,r=0]={<<<>>>\x16\x03\x03\x01N\x01\x00\x01J...\x00\x00\x00\x00\x00\x00\x00}
03:19:49.959 [qtp399373008-60] DEBUG org.eclipse.jetty.io.ssl.SslConnection - fill NEED_UNWRAP
03:19:49.959 [qtp399373008-60] DEBUG org.eclipse.jetty.io.ChannelEndPoint - filled 0 HeapByteBuffer@1719ebcb[p=0,l=0,c=17408,r=0]={<<<>>>\x14\x03\x03\x00\x01\x01\xFe\x00>...\x00\x00\x00\x00\x00\x00\x00}
03:19:49.959 [qtp399373008-60] DEBUG org.eclipse.jetty.io.ssl.SslConnection - net filled=0
03:19:49.959 [qtp399373008-60] DEBUG org.eclipse.jetty.io.ssl.SslConnection - unwrap net_filled=0 Status = BUFFER_UNDERFLOW HandshakeStatus = NEED_UNWRAP bytesConsumed = 0 bytesProduced = 0 encryptedBuffer=[p=0,l=0,c=17408,r=0] unwrapBuffer=HeapByteBuffer@19de0680[p=0,l=0,c=17408,r=0]={<<<>>>\x16\x03\x03\x01N\x01\x00\x01J...\x00\x00\x00\x00\x00\x00\x00} appBuffer=HeapByteBuffer@19de0680[p=0,l=0,c=17408,r=0]={<<<>>>\x16\x03\x03\x01N\x01\x00\x01J...\x00\x00\x00\x00\x00\x00\x00}
03:19:49.959 [qtp399373008-60] DEBUG org.eclipse.jetty.io.ssl.SslConnection - <fill f=0 uf=true SslConnection@34e3ecb4::SocketChannelEndPoint@768bd7b6{l=/127.0.0.1:43437,r=/127.0.0.1:54596,OPEN,fill=-,flush=-,to=0/30000}{io=0/0,kio=0,kro=1}->SslConnection@34e3ecb4{NEED_UNWRAP,eio=-1/-1,di=-1,fill=IDLE,flush=IDLE}~>DecryptedEndPoint@7c008259{l=/127.0.0.1:43437,r=/127.0.0.1:54596,OPEN,fill=-,flush=-,to=4/30000}=>HttpConnection@7e9b85ee[p=HttpParser{s=START,0 of -1},g=HttpGenerator@4c09b23b{s=START}]=>HttpChannelOverHttp@2fd8e796{s=HttpChannelState@541ec90b{s=IDLE rs=BLOCKING os=OPEN is=IDLE awp=false se=false i=true al=0},r=0,c=false/false,a=IDLE,uri=null,age=0}
03:19:49.959 [qtp399373008-60] DEBUG org.eclipse.jetty.io.ssl.SslConnection - >fill SslConnection@34e3ecb4::SocketChannelEndPoint@768bd7b6{l=/127.0.0.1:43437,r=/127.0.0.1:54596,OPEN,fill=-,flush=-,to=0/30000}{io=0/0,kio=0,kro=1}->SslConnection@34e3ecb4{NEED_UNWRAP,eio=-1/-1,di=-1,fill=IDLE,flush=IDLE}~>DecryptedEndPoint@7c008259{l=/127.0.0.1:43437,r=/127.0.0.1:54596,OPEN,fill=-,flush=-,to=4/30000}=>HttpConnection@7e9b85ee[p=HttpParser{s=START,0 of -1},g=HttpGenerator@4c09b23b{s=START}]=>HttpChannelOverHttp@2fd8e796{s=HttpChannelState@541ec90b{s=IDLE rs=BLOCKING os=OPEN is=IDLE awp=false se=false i=true al=0},r=0,c=false/false,a=IDLE,uri=null,age=0}
03:19:49.959 [qtp399373008-60] DEBUG org.eclipse.jetty.io.ssl.SslConnection - fill NEED_UNWRAP
03:19:49.959 [qtp399373008-60] DEBUG org.eclipse.jetty.io.ChannelEndPoint - filled 0 HeapByteBuffer@13266df0[p=0,l=0,c=17408,r=0]={<<<>>>\x17\x03\x03\x06\x85^\xC6+\x0e...\x00\x00\x00\x00\x00\x00\x00}
03:19:49.959 [qtp399373008-60] DEBUG org.eclipse.jetty.io.ssl.SslConnection - net filled=0
03:19:49.959 [qtp399373008-60] DEBUG org.eclipse.jetty.io.ssl.SslConnection - unwrap net_filled=0 Status = BUFFER_UNDERFLOW HandshakeStatus = NEED_UNWRAP bytesConsumed = 0 bytesProduced = 0 encryptedBuffer=[p=0,l=0,c=17408,r=0] unwrapBuffer=HeapByteBuffer@19de0680[p=0,l=0,c=17408,r=0]={<<<>>>\x16\x03\x03\x01N\x01\x00\x01J...\x00\x00\x00\x00\x00\x00\x00} appBuffer=HeapByteBuffer@19de0680[p=0,l=0,c=17408,r=0]={<<<>>>\x16\x03\x03\x01N\x01\x00\x01J...\x00\x00\x00\x00\x00\x00\x00}
03:19:49.959 [qtp399373008-60] DEBUG org.eclipse.jetty.io.ssl.SslConnection - <fill f=0 uf=true SslConnection@34e3ecb4::SocketChannelEndPoint@768bd7b6{l=/127.0.0.1:43437,r=/127.0.0.1:54596,OPEN,fill=-,flush=-,to=0/30000}{io=0/0,kio=0,kro=1}->SslConnection@34e3ecb4{NEED_UNWRAP,eio=-1/-1,di=-1,fill=IDLE,flush=IDLE}~>DecryptedEndPoint@7c008259{l=/127.0.0.1:43437,r=/127.0.0.1:54596,OPEN,fill=-,flush=-,to=4/30000}=>HttpConnection@7e9b85ee[p=HttpParser{s=START,0 of -1},g=HttpGenerator@4c09b23b{s=START}]=>HttpChannelOverHttp@2fd8e796{s=HttpChannelState@541ec90b{s=IDLE rs=BLOCKING os=OPEN is=IDLE awp=false se=false i=true al=0},r=0,c=false/false,a=IDLE,uri=null,age=0}
03:19:49.959 [qtp399373008-60] DEBUG org.eclipse.jetty.server.HttpConnection - HttpConnection@7e9b85ee::DecryptedEndPoint@7c008259{l=/127.0.0.1:43437,r=/127.0.0.1:54596,OPEN,fill=-,flush=-,to=4/30000} filled 0 HeapByteBuffer@19de0680[p=0,l=0,c=17408,r=0]={<<<>>>\x16\x03\x03\x01N\x01\x00\x01J...\x00\x00\x00\x00\x00\x00\x00}
03:19:49.959 [qtp399373008-60] DEBUG org.eclipse.jetty.server.HttpConnection - HttpConnection@7e9b85ee::DecryptedEndPoint@7c008259{l=/127.0.0.1:43437,r=/127.0.0.1:54596,OPEN,fill=-,flush=-,to=5/30000} parse HeapByteBuffer@19de0680[p=0,l=0,c=17408,r=0]={<<<>>>\x16\x03\x03\x01N\x01\x00\x01J...\x00\x00\x00\x00\x00\x00\x00} {}
03:19:49.959 [qtp399373008-60] DEBUG org.eclipse.jetty.http.HttpParser - parseNext s=START HeapByteBuffer@19de0680[p=0,l=0,c=17408,r=0]={<<<>>>\x16\x03\x03\x01N\x01\x00\x01J...\x00\x00\x00\x00\x00\x00\x00}
03:19:49.959 [qtp399373008-60] DEBUG org.eclipse.jetty.server.HttpConnection - HttpConnection@7e9b85ee::DecryptedEndPoint@7c008259{l=/127.0.0.1:43437,r=/127.0.0.1:54596,OPEN,fill=-,flush=-,to=5/30000} parsed false HttpParser{s=START,0 of -1}
03:19:49.959 [qtp399373008-60] DEBUG org.eclipse.jetty.server.HttpConnection - releaseRequestBuffer HttpConnection@7e9b85ee::DecryptedEndPoint@7c008259{l=/127.0.0.1:43437,r=/127.0.0.1:54596,OPEN,fill=-,flush=-,to=5/30000}
03:19:49.959 [qtp399373008-60] DEBUG org.eclipse.jetty.io.AbstractConnection - fillInterested HttpConnection@7e9b85ee::DecryptedEndPoint@7c008259{l=/127.0.0.1:43437,r=/127.0.0.1:54596,OPEN,fill=-,flush=-,to=5/30000}
03:19:49.959 [qtp399373008-60] DEBUG org.eclipse.jetty.io.FillInterest - interested FillInterest@6e9feaa1{AC.ReadCB@7e9b85ee{HttpConnection@7e9b85ee::DecryptedEndPoint@7c008259{l=/127.0.0.1:43437,r=/127.0.0.1:54596,OPEN,fill=FI,flush=-,to=0/30000}}}
03:19:49.960 [qtp399373008-60] DEBUG org.eclipse.jetty.io.ssl.SslConnection - >needFillInterest s=IDLE/IDLE uf=true ei=null di=null SslConnection@34e3ecb4::SocketChannelEndPoint@768bd7b6{l=/127.0.0.1:43437,r=/127.0.0.1:54596,OPEN,fill=-,flush=-,to=0/30000}{io=0/0,kio=0,kro=1}->SslConnection@34e3ecb4{NEED_UNWRAP,eio=-1/-1,di=-1,fill=IDLE,flush=IDLE}~>DecryptedEndPoint@7c008259{l=/127.0.0.1:43437,r=/127.0.0.1:54596,OPEN,fill=FI,flush=-,to=0/30000}=>HttpConnection@7e9b85ee[p=HttpParser{s=START,0 of -1},g=HttpGenerator@4c09b23b{s=START}]=>HttpChannelOverHttp@2fd8e796{s=HttpChannelState@541ec90b{s=IDLE rs=BLOCKING os=OPEN is=IDLE awp=false se=false i=true al=0},r=0,c=false/false,a=IDLE,uri=null,age=0}
03:19:49.960 [qtp399373008-60] DEBUG org.eclipse.jetty.io.ssl.SslConnection - <needFillInterest s=IDLE/INTERESTED f=false i=true w=null
03:19:49.960 [qtp399373008-60] DEBUG org.eclipse.jetty.io.ssl.SslConnection - ensureFillInterested SslConnection@34e3ecb4::SocketChannelEndPoint@768bd7b6{l=/127.0.0.1:43437,r=/127.0.0.1:54596,OPEN,fill=-,flush=-,to=0/30000}{io=0/0,kio=0,kro=1}->SslConnection@34e3ecb4{NEED_UNWRAP,eio=-1/-1,di=-1,fill=INTERESTED,flush=IDLE}~>DecryptedEndPoint@7c008259{l=/127.0.0.1:43437,r=/127.0.0.1:54596,OPEN,fill=FI,flush=-,to=0/30000}=>HttpConnection@7e9b85ee[p=HttpParser{s=START,0 of -1},g=HttpGenerator@4c09b23b{s=START}]=>HttpChannelOverHttp@2fd8e796{s=HttpChannelState@541ec90b{s=IDLE rs=BLOCKING os=OPEN is=IDLE awp=false se=false i=true al=0},r=0,c=false/false,a=IDLE,uri=null,age=0}
03:19:49.960 [qtp399373008-60] DEBUG org.eclipse.jetty.io.FillInterest - interested FillInterest@41e8e647{SSLC.NBReadCB@34e3ecb4{SslConnection@34e3ecb4::SocketChannelEndPoint@768bd7b6{l=/127.0.0.1:43437,r=/127.0.0.1:54596,OPEN,fill=FI,flush=-,to=0/30000}{io=0/0,kio=0,kro=1}->SslConnection@34e3ecb4{NEED_UNWRAP,eio=-1/-1,di=-1,fill=INTERESTED,flush=IDLE}~>DecryptedEndPoint@7c008259{l=/127.0.0.1:43437,r=/127.0.0.1:54596,OPEN,fill=FI,flush=-,to=0/30000}=>HttpConnection@7e9b85ee[p=HttpParser{s=START,0 of -1},g=HttpGenerator@4c09b23b{s=START}]=>HttpChannelOverHttp@2fd8e796{s=HttpChannelState@541ec90b{s=IDLE rs=BLOCKING os=OPEN is=IDLE awp=false se=false i=true al=0},r=0,c=false/false,a=IDLE,uri=null,age=0}}}
03:19:49.960 [qtp399373008-60] DEBUG org.eclipse.jetty.io.ChannelEndPoint - changeInterests p=false 0->1 for SocketChannelEndPoint@768bd7b6{l=/127.0.0.1:43437,r=/127.0.0.1:54596,OPEN,fill=FI,flush=-,to=0/30000}{io=0/1,kio=0,kro=1}->SslConnection@34e3ecb4{NEED_UNWRAP,eio=-1/-1,di=-1,fill=INTERESTED,flush=IDLE}~>DecryptedEndPoint@7c008259{l=/127.0.0.1:43437,r=/127.0.0.1:54596,OPEN,fill=FI,flush=-,to=0/30000}=>HttpConnection@7e9b85ee[p=HttpParser{s=START,0 of -1},g=HttpGenerator@4c09b23b{s=START}]=>HttpChannelOverHttp@2fd8e796{s=HttpChannelState@541ec90b{s=IDLE rs=BLOCKING os=OPEN is=IDLE awp=false se=false i=true al=0},r=0,c=false/false,a=IDLE,uri=null,age=0}
03:19:49.960 [qtp399373008-60] DEBUG org.eclipse.jetty.io.ManagedSelector - Queued change lazy=false org.eclipse.jetty.io.ChannelEndPoint$$Lambda$255/90666987@6a452482 on ManagedSelector@47a86fbb{STARTED} id=2 keys=2 selected=0 updates=0
03:19:49.960 [qtp399373008-60] DEBUG org.eclipse.jetty.io.ManagedSelector - Wakeup on submit ManagedSelector@47a86fbb{STARTED} id=2 keys=2 selected=0 updates=1
03:19:49.960 [qtp399373008-60] DEBUG org.eclipse.jetty.server.HttpConnection - HttpConnection@7e9b85ee::DecryptedEndPoint@7c008259{l=/127.0.0.1:43437,r=/127.0.0.1:54596,OPEN,fill=FI,flush=-,to=0/30000} onFillable exit HttpChannelState@541ec90b{s=IDLE rs=BLOCKING os=OPEN is=IDLE awp=false se=false i=true al=0} null
03:19:49.960 [qtp399373008-60] DEBUG org.eclipse.jetty.io.ssl.SslConnection - <c.onFillable SslConnection@34e3ecb4::SocketChannelEndPoint@768bd7b6{l=/127.0.0.1:43437,r=/127.0.0.1:54596,OPEN,fill=FI,flush=-,to=0/30000}{io=0/1,kio=0,kro=1}->SslConnection@34e3ecb4{NEED_UNWRAP,eio=-1/-1,di=-1,fill=INTERESTED,flush=IDLE}~>DecryptedEndPoint@7c008259{l=/127.0.0.1:43437,r=/127.0.0.1:54596,OPEN,fill=FI,flush=-,to=0/30000}=>HttpConnection@7e9b85ee[p=HttpParser{s=START,0 of -1},g=HttpGenerator@4c09b23b{s=START}]=>HttpChannelOverHttp@2fd8e796{s=HttpChannelState@541ec90b{s=IDLE rs=BLOCKING os=OPEN is=IDLE awp=false se=false i=true al=0},r=0,c=false/false,a=IDLE,uri=null,age=0}
03:19:49.960 [qtp399373008-60] DEBUG org.eclipse.jetty.util.thread.ReservedThreadExecutor - ReservedThread@7bd5f03c{RUNNING,thread=Thread[qtp399373008-60,5,main]} was=RUNNING next=RESERVED size=0+2 capacity=8
03:19:49.960 [qtp399373008-60] DEBUG org.eclipse.jetty.util.thread.ReservedThreadExecutor - ReservedThread@7bd5f03c{RESERVED,thread=Thread[qtp399373008-60,5,main]} waiting ReservedThreadExecutor@424fd310{reserved=2/8,pending=0}
03:19:49.960 [qtp399373008-61] DEBUG org.eclipse.jetty.io.ManagedSelector - Selector sun.nio.ch.EPollSelectorImpl@25f05ce6 woken with none selected
03:19:49.960 [qtp399373008-61] DEBUG org.eclipse.jetty.io.ManagedSelector - Selector sun.nio.ch.EPollSelectorImpl@25f05ce6 woken up from select, 0/0/2 selected
03:19:49.960 [qtp399373008-61] DEBUG org.eclipse.jetty.io.ManagedSelector - Selector sun.nio.ch.EPollSelectorImpl@25f05ce6 processing 0 keys, 1 updates
03:19:49.960 [qtp399373008-61] DEBUG org.eclipse.jetty.io.ManagedSelector - updateable 1
03:19:49.960 [qtp399373008-61] DEBUG org.eclipse.jetty.io.ManagedSelector - update org.eclipse.jetty.io.ChannelEndPoint$$Lambda$255/90666987@6a452482
03:19:49.960 [qtp399373008-61] DEBUG org.eclipse.jetty.io.ChannelEndPoint - Key interests updated 0 -> 1 on SocketChannelEndPoint@768bd7b6{l=/127.0.0.1:43437,r=/127.0.0.1:54596,OPEN,fill=FI,flush=-,to=0/30000}{io=1/1,kio=1,kro=1}->SslConnection@34e3ecb4{NEED_UNWRAP,eio=-1/-1,di=-1,fill=INTERESTED,flush=IDLE}~>DecryptedEndPoint@7c008259{l=/127.0.0.1:43437,r=/127.0.0.1:54596,OPEN,fill=FI,flush=-,to=0/30000}=>HttpConnection@7e9b85ee[p=HttpParser{s=START,0 of -1},g=HttpGenerator@4c09b23b{s=START}]=>HttpChannelOverHttp@2fd8e796{s=HttpChannelState@541ec90b{s=IDLE rs=BLOCKING os=OPEN is=IDLE awp=false se=false i=true al=0},r=0,c=false/false,a=IDLE,uri=null,age=0}
03:19:49.960 [qtp399373008-61] DEBUG org.eclipse.jetty.io.ManagedSelector - updates 0
03:19:49.960 [qtp399373008-61] DEBUG org.eclipse.jetty.io.ManagedSelector - Selector sun.nio.ch.EPollSelectorImpl@25f05ce6 waiting with 2 keys
03:19:49.997 [qtp399373008-61] DEBUG org.eclipse.jetty.io.ManagedSelector - Selector sun.nio.ch.EPollSelectorImpl@25f05ce6 woken up from select, 1/1/2 selected
03:19:49.997 [qtp399373008-61] DEBUG org.eclipse.jetty.io.ManagedSelector - Selector sun.nio.ch.EPollSelectorImpl@25f05ce6 processing 1 keys, 0 updates
03:19:49.997 [qtp399373008-61] DEBUG org.eclipse.jetty.io.ManagedSelector - selected 1 sun.nio.ch.SelectionKeyImpl@6db791f7 SocketChannelEndPoint@768bd7b6{l=/127.0.0.1:43437,r=/127.0.0.1:54596,OPEN,fill=FI,flush=-,to=37/30000}{io=1/1,kio=1,kro=1}->SslConnection@34e3ecb4{NEED_UNWRAP,eio=-1/-1,di=-1,fill=INTERESTED,flush=IDLE}~>DecryptedEndPoint@7c008259{l=/127.0.0.1:43437,r=/127.0.0.1:54596,OPEN,fill=FI,flush=-,to=37/30000}=>HttpConnection@7e9b85ee[p=HttpParser{s=START,0 of -1},g=HttpGenerator@4c09b23b{s=START}]=>HttpChannelOverHttp@2fd8e796{s=HttpChannelState@541ec90b{s=IDLE rs=BLOCKING os=OPEN is=IDLE awp=false se=false i=true al=0},r=0,c=false/false,a=IDLE,uri=null,age=0} 
03:19:49.997 [qtp399373008-61] DEBUG org.eclipse.jetty.io.ChannelEndPoint - onSelected 1->0 r=true w=false for SocketChannelEndPoint@768bd7b6{l=/127.0.0.1:43437,r=/127.0.0.1:54596,OPEN,fill=FI,flush=-,to=37/30000}{io=1/0,kio=1,kro=1}->SslConnection@34e3ecb4{NEED_UNWRAP,eio=-1/-1,di=-1,fill=INTERESTED,flush=IDLE}~>DecryptedEndPoint@7c008259{l=/127.0.0.1:43437,r=/127.0.0.1:54596,OPEN,fill=FI,flush=-,to=37/30000}=>HttpConnection@7e9b85ee[p=HttpParser{s=START,0 of -1},g=HttpGenerator@4c09b23b{s=START}]=>HttpChannelOverHttp@2fd8e796{s=HttpChannelState@541ec90b{s=IDLE rs=BLOCKING os=OPEN is=IDLE awp=false se=false i=true al=0},r=0,c=false/false,a=IDLE,uri=null,age=0}
03:19:49.997 [qtp399373008-61] DEBUG org.eclipse.jetty.io.ChannelEndPoint - task CEP:SocketChannelEndPoint@768bd7b6{l=/127.0.0.1:43437,r=/127.0.0.1:54596,OPEN,fill=FI,flush=-,to=37/30000}{io=1/0,kio=1,kro=1}->SslConnection@34e3ecb4{NEED_UNWRAP,eio=-1/-1,di=-1,fill=INTERESTED,flush=IDLE}~>DecryptedEndPoint@7c008259{l=/127.0.0.1:43437,r=/127.0.0.1:54596,OPEN,fill=FI,flush=-,to=37/30000}=>HttpConnection@7e9b85ee[p=HttpParser{s=START,0 of -1},g=HttpGenerator@4c09b23b{s=START}]=>HttpChannelOverHttp@2fd8e796{s=HttpChannelState@541ec90b{s=IDLE rs=BLOCKING os=OPEN is=IDLE awp=false se=false i=true al=0},r=0,c=false/false,a=IDLE,uri=null,age=0}:runFillable:BLOCKING
03:19:49.997 [qtp399373008-61] DEBUG org.eclipse.jetty.util.thread.ReservedThreadExecutor - ReservedThreadExecutor@424fd310{reserved=2/8,pending=0} tryExecute EatWhatYouKill@1c3146bc/SelectorProducer@56c698e3/PRODUCING/p=false/QueuedThreadPool[qtp399373008]@17cdf2d0{STARTED,8<=8<=200,i=1,r=-1,q=0}[ReservedThreadExecutor@424fd310{reserved=2/8,pending=0}][pc=0,pic=0,pec=0,epc=5]@2024-05-02T03:19:49.997+01:00
03:19:49.997 [qtp399373008-61] DEBUG org.eclipse.jetty.util.thread.strategy.EatWhatYouKill - EatWhatYouKill@1c3146bc/SelectorProducer@56c698e3/IDLE/p=true/QueuedThreadPool[qtp399373008]@17cdf2d0{STARTED,8<=8<=200,i=1,r=-1,q=0}[ReservedThreadExecutor@424fd310{reserved=1/8,pending=0}][pc=0,pic=0,pec=0,epc=5]@2024-05-02T03:19:49.997+01:00 m=EXECUTE_PRODUCE_CONSUME t=CEP:SocketChannelEndPoint@768bd7b6{l=/127.0.0.1:43437,r=/127.0.0.1:54596,OPEN,fill=FI,flush=-,to=37/30000}{io=1/0,kio=1,kro=1}->SslConnection@34e3ecb4{NEED_UNWRAP,eio=-1/-1,di=-1,fill=INTERESTED,flush=IDLE}~>DecryptedEndPoint@7c008259{l=/127.0.0.1:43437,r=/127.0.0.1:54596,OPEN,fill=FI,flush=-,to=37/30000}=>HttpConnection@7e9b85ee[p=HttpParser{s=START,0 of -1},g=HttpGenerator@4c09b23b{s=START}]=>HttpChannelOverHttp@2fd8e796{s=HttpChannelState@541ec90b{s=IDLE rs=BLOCKING os=OPEN is=IDLE awp=false se=false i=true al=0},r=0,c=false/false,a=IDLE,uri=null,age=0}:runFillable:BLOCKING/BLOCKING
03:19:49.997 [qtp399373008-60] DEBUG org.eclipse.jetty.util.thread.ReservedThreadExecutor - ReservedThread@7bd5f03c{RESERVED,thread=Thread[qtp399373008-60,5,main]} task=EatWhatYouKill@1c3146bc/SelectorProducer@56c698e3/IDLE/p=true/QueuedThreadPool[qtp399373008]@17cdf2d0{STARTED,8<=8<=200,i=1,r=-1,q=0}[ReservedThreadExecutor@424fd310{reserved=1/8,pending=0}][pc=0,pic=0,pec=0,epc=5]@2024-05-02T03:19:49.997+01:00 ReservedThreadExecutor@424fd310{reserved=1/8,pending=0}
03:19:49.998 [qtp399373008-61] DEBUG org.eclipse.jetty.io.FillInterest - fillable FillInterest@41e8e647{SSLC.NBReadCB@34e3ecb4{SslConnection@34e3ecb4::SocketChannelEndPoint@768bd7b6{l=/127.0.0.1:43437,r=/127.0.0.1:54596,OPEN,fill=FI,flush=-,to=37/30000}{io=1/0,kio=1,kro=1}->SslConnection@34e3ecb4{NEED_UNWRAP,eio=-1/-1,di=-1,fill=INTERESTED,flush=IDLE}~>DecryptedEndPoint@7c008259{l=/127.0.0.1:43437,r=/127.0.0.1:54596,OPEN,fill=FI,flush=-,to=38/30000}=>HttpConnection@7e9b85ee[p=HttpParser{s=START,0 of -1},g=HttpGenerator@4c09b23b{s=START}]=>HttpChannelOverHttp@2fd8e796{s=HttpChannelState@541ec90b{s=IDLE rs=BLOCKING os=OPEN is=IDLE awp=false se=false i=true al=0},r=0,c=false/false,a=IDLE,uri=null,age=0}}}
03:19:49.998 [qtp399373008-60] DEBUG org.eclipse.jetty.util.thread.strategy.EatWhatYouKill - EatWhatYouKill@1c3146bc/SelectorProducer@56c698e3/IDLE/p=true/QueuedThreadPool[qtp399373008]@17cdf2d0{STARTED,8<=8<=200,i=1,r=-1,q=0}[ReservedThreadExecutor@424fd310{reserved=1/8,pending=0}][pc=0,pic=0,pec=0,epc=6]@2024-05-02T03:19:49.998+01:00 tryProduce true
03:19:49.998 [qtp399373008-60] DEBUG org.eclipse.jetty.io.ManagedSelector - updateable 0
03:19:49.998 [qtp399373008-60] DEBUG org.eclipse.jetty.io.ManagedSelector - updates 0
03:19:49.998 [qtp399373008-61] DEBUG org.eclipse.jetty.io.ssl.SslConnection - >c.onFillable SslConnection@34e3ecb4::SocketChannelEndPoint@768bd7b6{l=/127.0.0.1:43437,r=/127.0.0.1:54596,OPEN,fill=-,flush=-,to=37/30000}{io=1/0,kio=1,kro=1}->SslConnection@34e3ecb4{NEED_UNWRAP,eio=-1/-1,di=-1,fill=INTERESTED,flush=IDLE}~>DecryptedEndPoint@7c008259{l=/127.0.0.1:43437,r=/127.0.0.1:54596,OPEN,fill=FI,flush=-,to=38/30000}=>HttpConnection@7e9b85ee[p=HttpParser{s=START,0 of -1},g=HttpGenerator@4c09b23b{s=START}]=>HttpChannelOverHttp@2fd8e796{s=HttpChannelState@541ec90b{s=IDLE rs=BLOCKING os=OPEN is=IDLE awp=false se=false i=true al=0},r=0,c=false/false,a=IDLE,uri=null,age=0}
03:19:49.998 [qtp399373008-60] DEBUG org.eclipse.jetty.io.ChannelEndPoint - Key interests updated 1 -> 0 on SocketChannelEndPoint@768bd7b6{l=/127.0.0.1:43437,r=/127.0.0.1:54596,OPEN,fill=-,flush=-,to=38/30000}{io=0/0,kio=0,kro=1}->SslConnection@34e3ecb4{NEED_UNWRAP,eio=-1/-1,di=-1,fill=INTERESTED,flush=IDLE}~>DecryptedEndPoint@7c008259{l=/127.0.0.1:43437,r=/127.0.0.1:54596,OPEN,fill=FI,flush=-,to=38/30000}=>HttpConnection@7e9b85ee[p=HttpParser{s=START,0 of -1},g=HttpGenerator@4c09b23b{s=START}]=>HttpChannelOverHttp@2fd8e796{s=HttpChannelState@541ec90b{s=IDLE rs=BLOCKING os=OPEN is=IDLE awp=false se=false i=true al=0},r=0,c=false/false,a=IDLE,uri=null,age=0}
03:19:49.998 [qtp399373008-61] DEBUG org.eclipse.jetty.io.ssl.SslConnection - onFillable SslConnection@34e3ecb4::SocketChannelEndPoint@768bd7b6{l=/127.0.0.1:43437,r=/127.0.0.1:54596,OPEN,fill=-,flush=-,to=38/30000}{io=0/0,kio=0,kro=1}->SslConnection@34e3ecb4{NEED_UNWRAP,eio=-1/-1,di=-1,fill=INTERESTED,flush=IDLE}~>DecryptedEndPoint@7c008259{l=/127.0.0.1:43437,r=/127.0.0.1:54596,OPEN,fill=FI,flush=-,to=38/30000}=>HttpConnection@7e9b85ee[p=HttpParser{s=START,0 of -1},g=HttpGenerator@4c09b23b{s=START}]=>HttpChannelOverHttp@2fd8e796{s=HttpChannelState@541ec90b{s=IDLE rs=BLOCKING os=OPEN is=IDLE awp=false se=false i=true al=0},r=0,c=false/false,a=IDLE,uri=null,age=0}
03:19:49.998 [qtp399373008-60] DEBUG org.eclipse.jetty.io.ManagedSelector - Selector sun.nio.ch.EPollSelectorImpl@25f05ce6 waiting with 2 keys
03:19:49.998 [qtp399373008-61] DEBUG org.eclipse.jetty.io.FillInterest - fillable FillInterest@6e9feaa1{AC.ReadCB@7e9b85ee{HttpConnection@7e9b85ee::DecryptedEndPoint@7c008259{l=/127.0.0.1:43437,r=/127.0.0.1:54596,OPEN,fill=FI,flush=-,to=38/30000}}}
03:19:49.998 [qtp399373008-61] DEBUG org.eclipse.jetty.server.HttpConnection - HttpConnection@7e9b85ee::DecryptedEndPoint@7c008259{l=/127.0.0.1:43437,r=/127.0.0.1:54596,OPEN,fill=-,flush=-,to=38/30000} onFillable enter HttpChannelState@541ec90b{s=IDLE rs=BLOCKING os=OPEN is=IDLE awp=false se=false i=true al=0} null
03:19:49.998 [qtp399373008-61] DEBUG org.eclipse.jetty.io.ssl.SslConnection - >fill SslConnection@34e3ecb4::SocketChannelEndPoint@768bd7b6{l=/127.0.0.1:43437,r=/127.0.0.1:54596,OPEN,fill=-,flush=-,to=38/30000}{io=0/0,kio=0,kro=1}->SslConnection@34e3ecb4{NEED_UNWRAP,eio=-1/-1,di=-1,fill=IDLE,flush=IDLE}~>DecryptedEndPoint@7c008259{l=/127.0.0.1:43437,r=/127.0.0.1:54596,OPEN,fill=-,flush=-,to=38/30000}=>HttpConnection@7e9b85ee[p=HttpParser{s=START,0 of -1},g=HttpGenerator@4c09b23b{s=START}]=>HttpChannelOverHttp@2fd8e796{s=HttpChannelState@541ec90b{s=IDLE rs=BLOCKING os=OPEN is=IDLE awp=false se=false i=true al=0},r=0,c=false/false,a=IDLE,uri=null,age=0}
03:19:49.998 [qtp399373008-61] DEBUG org.eclipse.jetty.io.ssl.SslConnection - fill NEED_UNWRAP
03:19:49.998 [qtp399373008-61] DEBUG org.eclipse.jetty.io.ChannelEndPoint - filled 1491 HeapByteBuffer@13266df0[p=0,l=1491,c=17408,r=1491]={<<<\x17\x03\x03\x03\xAd;\xE2-Y\xD7\x91\x98\xA6\xC3$1Y\x84PM/\xB4\xF4\xCc\xA2...fO\x9b\xAe\x8f\x90@,\xEb\x92u'\x11\xD9\xD5v\x06\xAe5;4\x9b\xB7>>>F\x1et\xB8\x96\xA53\x08T...\x00\x00\x00\x00\x00\x00\x00}
03:19:49.998 [qtp399373008-61] DEBUG org.eclipse.jetty.io.ssl.SslConnection - net filled=1491
03:19:49.998 [qtp399373008-61] DEBUG org.eclipse.jetty.io.ssl.SslConnection - unwrap net_filled=1491 Status = OK HandshakeStatus = NEED_TASK bytesConsumed = 946 bytesProduced = 0 encryptedBuffer=[p=946,l=1491,c=17408,r=545] unwrapBuffer=HeapByteBuffer@1719ebcb[p=0,l=0,c=17408,r=0]={<<<>>>\x14\x03\x03\x00\x01\x01\xFe\x00>...\x00\x00\x00\x00\x00\x00\x00} appBuffer=HeapByteBuffer@1719ebcb[p=0,l=0,c=17408,r=0]={<<<>>>\x14\x03\x03\x00\x01\x01\xFe\x00>...\x00\x00\x00\x00\x00\x00\x00}
03:19:49.998 [qtp399373008-61] DEBUG org.eclipse.jetty.io.ssl.SslConnection - fill NEED_TASK
03:19:49.999 [qtp399373008-61] DEBUG org.eclipse.jetty.io.ssl.SslConnection - fill NEED_UNWRAP
03:19:49.999 [qtp399373008-61] DEBUG org.eclipse.jetty.io.ChannelEndPoint - filled 0 HeapByteBuffer@13266df0[p=946,l=1491,c=17408,r=545]={\x17\x03\x03\x03\xAd\x0b\x00\x03\x88...M\xDb\x82\xD6<\xD5\xEc<<<\x17\x03\x03\x01)\x99\x1f\xFc2\xC3\xBf\xF0\xAf$\xC5~B\x0cU\xDc\xC1\x19\x19\x9b\t...fO\x9b\xAe\x8f\x90@,\xEb\x92u'\x11\xD9\xD5v\x06\xAe5;4\x9b\xB7>>>F\x1et\xB8\x96\xA53\x08T...\x00\x00\x00\x00\x00\x00\x00}
03:19:49.999 [qtp399373008-61] DEBUG org.eclipse.jetty.io.ssl.SslConnection - net filled=0
03:19:49.999 [qtp399373008-61] DEBUG org.eclipse.jetty.io.ssl.SslConnection - unwrap net_filled=0 Status = OK HandshakeStatus = NEED_TASK bytesConsumed = 302 bytesProduced = 0 encryptedBuffer=[p=1248,l=1491,c=17408,r=243] unwrapBuffer=HeapByteBuffer@1719ebcb[p=0,l=0,c=17408,r=0]={<<<>>>\x14\x03\x03\x00\x01\x01\xFe\x00>...\x00\x00\x00\x00\x00\x00\x00} appBuffer=HeapByteBuffer@1719ebcb[p=0,l=0,c=17408,r=0]={<<<>>>\x14\x03\x03\x00\x01\x01\xFe\x00>...\x00\x00\x00\x00\x00\x00\x00}
03:19:49.999 [qtp399373008-61] DEBUG org.eclipse.jetty.io.ssl.SslConnection - fill NEED_TASK
03:19:49.999 [qtp399373008-61] DEBUG org.eclipse.jetty.io.ssl.SslConnection - fill NEED_UNWRAP
03:19:49.999 [qtp399373008-61] DEBUG org.eclipse.jetty.io.ChannelEndPoint - filled 0 HeapByteBuffer@13266df0[p=1248,l=1491,c=17408,r=243]={\x17\x03\x03\x03\xAd\x0b\x00\x03\x88...^<X\x04ll\xFc<<<\x17\x03\x03\x00Ug\xAb\x81#@g\xFd\x99\x1eR\xCe\x82|\xCc\xC5aR\xA2\x14p...fO\x9b\xAe\x8f\x90@,\xEb\x92u'\x11\xD9\xD5v\x06\xAe5;4\x9b\xB7>>>F\x1et\xB8\x96\xA53\x08T...\x00\x00\x00\x00\x00\x00\x00}
03:19:49.999 [qtp399373008-61] DEBUG org.eclipse.jetty.io.ssl.SslConnection - net filled=0
03:19:50.000 [qtp399373008-61] DEBUG org.eclipse.jetty.io.ssl.SslConnection - unwrap net_filled=0 Status = OK HandshakeStatus = NEED_WRAP bytesConsumed = 90 bytesProduced = 0 encryptedBuffer=[p=1338,l=1491,c=17408,r=153] unwrapBuffer=HeapByteBuffer@1719ebcb[p=0,l=0,c=17408,r=0]={<<<>>>\x14\x03\x03\x00\x01\x01\xFe\x00>...\x00\x00\x00\x00\x00\x00\x00} appBuffer=HeapByteBuffer@1719ebcb[p=0,l=0,c=17408,r=0]={<<<>>>\x14\x03\x03\x00\x01\x01\xFe\x00>...\x00\x00\x00\x00\x00\x00\x00}
03:19:50.000 [qtp399373008-61] DEBUG org.eclipse.jetty.io.ssl.SslConnection - fill NEED_WRAP
03:19:50.000 [qtp399373008-61] DEBUG org.eclipse.jetty.io.ssl.SslConnection - >flush SslConnection@34e3ecb4::SocketChannelEndPoint@768bd7b6{l=/127.0.0.1:43437,r=/127.0.0.1:54596,OPEN,fill=-,flush=-,to=1/30000}{io=0/0,kio=0,kro=1}->SslConnection@34e3ecb4{NEED_WRAP,eio=153/-1,di=-1,fill=IDLE,flush=IDLE}~>DecryptedEndPoint@7c008259{l=/127.0.0.1:43437,r=/127.0.0.1:54596,OPEN,fill=-,flush=-,to=40/30000}=>HttpConnection@7e9b85ee[p=HttpParser{s=START,0 of -1},g=HttpGenerator@4c09b23b{s=START}]=>HttpChannelOverHttp@2fd8e796{s=HttpChannelState@541ec90b{s=IDLE rs=BLOCKING os=OPEN is=IDLE awp=false se=false i=true al=0},r=0,c=false/false,a=IDLE,uri=null,age=0}
03:19:50.000 [qtp399373008-61] DEBUG org.eclipse.jetty.io.ssl.SslConnection - flush b[0]=HeapByteBuffer@60c04197[p=0,l=0,c=0,r=0]={<<<>>>}
03:19:50.000 [qtp399373008-61] DEBUG org.eclipse.jetty.io.ssl.SslConnection - flush NEED_WRAP
03:19:50.000 [qtp399373008-61] DEBUG org.eclipse.jetty.io.ssl.SslConnection - wrap Status = OK HandshakeStatus = FINISHED bytesConsumed = 0 bytesProduced = 88 [p=0,l=88,c=17408,r=88] ioDone=false/false
03:19:50.000 [qtp399373008-61] DEBUG org.eclipse.jetty.io.ChannelEndPoint - flushed 88 SocketChannelEndPoint@768bd7b6{l=/127.0.0.1:43437,r=/127.0.0.1:54596,OPEN,fill=-,flush=-,to=2/30000}{io=0/0,kio=0,kro=1}->SslConnection@34e3ecb4{NOT_HANDSHAKING,eio=153/0,di=-1,fill=IDLE,flush=IDLE}~>DecryptedEndPoint@7c008259{l=/127.0.0.1:43437,r=/127.0.0.1:54596,OPEN,fill=-,flush=-,to=40/30000}=>HttpConnection@7e9b85ee[p=HttpParser{s=START,0 of -1},g=HttpGenerator@4c09b23b{s=START}]=>HttpChannelOverHttp@2fd8e796{s=HttpChannelState@541ec90b{s=IDLE rs=BLOCKING os=OPEN is=IDLE awp=false se=false i=true al=0},r=0,c=false/false,a=IDLE,uri=null,age=0}
03:19:50.000 [qtp399373008-61] DEBUG org.eclipse.jetty.io.ssl.SslConnection - net flushed=true, ac=true
03:19:50.000 [qtp399373008-61] DEBUG org.eclipse.jetty.io.ssl.SslConnection - handshake succeeded SslConnection@34e3ecb4::SocketChannelEndPoint@768bd7b6{l=/127.0.0.1:43437,r=/127.0.0.1:54596,OPEN,fill=-,flush=-,to=0/30000}{io=0/0,kio=0,kro=1}->SslConnection@34e3ecb4{NOT_HANDSHAKING,eio=153/0,di=-1,fill=IDLE,flush=IDLE}~>DecryptedEndPoint@7c008259{l=/127.0.0.1:43437,r=/127.0.0.1:54596,OPEN,fill=-,flush=-,to=40/30000}=>HttpConnection@7e9b85ee[p=HttpParser{s=START,0 of -1},g=HttpGenerator@4c09b23b{s=START}]=>HttpChannelOverHttp@2fd8e796{s=HttpChannelState@541ec90b{s=IDLE rs=BLOCKING os=OPEN is=IDLE awp=false se=false i=true al=0},r=0,c=false/false,a=IDLE,uri=null,age=0} resumed server TLSv1.3/TLS_AES_256_GCM_SHA384
03:19:50.000 [qtp399373008-61] DEBUG org.eclipse.jetty.io.ssl.SslConnection - <flush true SslConnection@34e3ecb4::SocketChannelEndPoint@768bd7b6{l=/127.0.0.1:43437,r=/127.0.0.1:54596,OPEN,fill=-,flush=-,to=0/30000}{io=0/0,kio=0,kro=1}->SslConnection@34e3ecb4{NOT_HANDSHAKING,eio=153/-1,di=-1,fill=IDLE,flush=IDLE}~>DecryptedEndPoint@7c008259{l=/127.0.0.1:43437,r=/127.0.0.1:54596,OPEN,fill=-,flush=-,to=40/30000}=>HttpConnection@7e9b85ee[p=HttpParser{s=START,0 of -1},g=HttpGenerator@4c09b23b{s=START}]=>HttpChannelOverHttp@2fd8e796{s=HttpChannelState@541ec90b{s=IDLE rs=BLOCKING os=OPEN is=IDLE awp=false se=false i=true al=0},r=0,c=false/false,a=IDLE,uri=null,age=0}
03:19:50.000 [qtp399373008-61] DEBUG org.eclipse.jetty.io.ssl.SslConnection - fill NOT_HANDSHAKING
03:19:50.000 [qtp399373008-61] DEBUG org.eclipse.jetty.io.ChannelEndPoint - filled 0 HeapByteBuffer@13266df0[p=1338,l=1491,c=17408,r=153]={\x17\x03\x03\x03\xAd\x0b\x00\x03\x88...AJ\x08\x94\xA4\x9f\x8b<<<\x17\x03\x03\x00\x94\xA5\xEea!\xD4\xDbB\xE3\xDa\xD7\xA6\x07\x89sm\x8c\tj\x16K...fO\x9b\xAe\x8f\x90@,\xEb\x92u'\x11\xD9\xD5v\x06\xAe5;4\x9b\xB7>>>F\x1et\xB8\x96\xA53\x08T...\x00\x00\x00\x00\x00\x00\x00}
03:19:50.000 [qtp399373008-61] DEBUG org.eclipse.jetty.io.ssl.SslConnection - net filled=0
03:19:50.001 [qtp399373008-61] DEBUG org.eclipse.jetty.io.ssl.SslConnection - unwrap net_filled=0 Status = OK HandshakeStatus = NOT_HANDSHAKING bytesConsumed = 153 bytesProduced = 115 encryptedBuffer=[p=1491,l=1491,c=17408,r=0] unwrapBuffer=HeapByteBuffer@1719ebcb[p=0,l=115,c=17408,r=115]={<<<GET / HTTP/1.1\r\nHost: loc...gent: okhttp/3.12.3\r\n\r\n>>>'\xC7\xA5\xF2\x19\x9buNy...\x00\x00\x00\x00\x00\x00\x00} appBuffer=HeapByteBuffer@1719ebcb[p=0,l=115,c=17408,r=115]={<<<GET / HTTP/1.1\r\nHost: loc...gent: okhttp/3.12.3\r\n\r\n>>>'\xC7\xA5\xF2\x19\x9buNy...\x00\x00\x00\x00\x00\x00\x00}
03:19:50.001 [qtp399373008-61] DEBUG org.eclipse.jetty.io.ssl.SslConnection - <fill f=115 uf=false SslConnection@34e3ecb4::SocketChannelEndPoint@768bd7b6{l=/127.0.0.1:43437,r=/127.0.0.1:54596,OPEN,fill=-,flush=-,to=0/30000}{io=0/0,kio=0,kro=1}->SslConnection@34e3ecb4{NOT_HANDSHAKING,eio=-1/-1,di=-1,fill=IDLE,flush=IDLE}~>DecryptedEndPoint@7c008259{l=/127.0.0.1:43437,r=/127.0.0.1:54596,OPEN,fill=-,flush=-,to=41/30000}=>HttpConnection@7e9b85ee[p=HttpParser{s=START,0 of -1},g=HttpGenerator@4c09b23b{s=START}]=>HttpChannelOverHttp@2fd8e796{s=HttpChannelState@541ec90b{s=IDLE rs=BLOCKING os=OPEN is=IDLE awp=false se=false i=true al=0},r=0,c=false/false,a=IDLE,uri=null,age=0}
03:19:50.001 [qtp399373008-61] DEBUG org.eclipse.jetty.server.HttpConnection - HttpConnection@7e9b85ee::DecryptedEndPoint@7c008259{l=/127.0.0.1:43437,r=/127.0.0.1:54596,OPEN,fill=-,flush=-,to=41/30000} filled 115 HeapByteBuffer@1719ebcb[p=0,l=115,c=17408,r=115]={<<<GET / HTTP/1.1\r\nHost: loc...gent: okhttp/3.12.3\r\n\r\n>>>'\xC7\xA5\xF2\x19\x9buNy...\x00\x00\x00\x00\x00\x00\x00}
03:19:50.001 [qtp399373008-61] DEBUG org.eclipse.jetty.server.HttpConnection - HttpConnection@7e9b85ee::DecryptedEndPoint@7c008259{l=/127.0.0.1:43437,r=/127.0.0.1:54596,OPEN,fill=-,flush=-,to=41/30000} parse HeapByteBuffer@1719ebcb[p=0,l=115,c=17408,r=115]={<<<GET / HTTP/1.1\r\nHost: loc...gent: okhttp/3.12.3\r\n\r\n>>>'\xC7\xA5\xF2\x19\x9buNy...\x00\x00\x00\x00\x00\x00\x00} {}
03:19:50.001 [qtp399373008-61] DEBUG org.eclipse.jetty.http.HttpParser - parseNext s=START HeapByteBuffer@1719ebcb[p=0,l=115,c=17408,r=115]={<<<GET / HTTP/1.1\r\nHost: loc...gent: okhttp/3.12.3\r\n\r\n>>>'\xC7\xA5\xF2\x19\x9buNy...\x00\x00\x00\x00\x00\x00\x00}
03:19:50.001 [qtp399373008-61] DEBUG org.eclipse.jetty.http.HttpParser - START --> SPACE1
03:19:50.001 [qtp399373008-61] DEBUG org.eclipse.jetty.http.HttpParser - SPACE1 --> URI
03:19:50.001 [qtp399373008-61] DEBUG org.eclipse.jetty.http.HttpParser - URI --> SPACE2
03:19:50.001 [qtp399373008-61] DEBUG org.eclipse.jetty.http.HttpParser - SPACE2 --> REQUEST_VERSION
03:19:50.001 [qtp399373008-61] DEBUG org.eclipse.jetty.http.HttpParser - REQUEST_VERSION --> HEADER
03:19:50.001 [qtp399373008-61] DEBUG org.eclipse.jetty.http.HttpParser - HEADER:Host --> VALUE
03:19:50.001 [qtp399373008-61] DEBUG org.eclipse.jetty.http.HttpParser - HEADER:Host --> IN_VALUE
03:19:50.001 [qtp399373008-61] DEBUG org.eclipse.jetty.http.HttpParser - HEADER:Host --> FIELD
03:19:50.001 [qtp399373008-61] DEBUG org.eclipse.jetty.http.HttpParser - HEADER:Connection: keep-alive --> IN_VALUE
03:19:50.001 [qtp399373008-61] DEBUG org.eclipse.jetty.http.HttpParser - HEADER:Connection: keep-alive --> FIELD
03:19:50.001 [qtp399373008-61] DEBUG org.eclipse.jetty.http.HttpParser - HEADER:Accept-Encoding: gzip --> IN_VALUE
03:19:50.001 [qtp399373008-61] DEBUG org.eclipse.jetty.http.HttpParser - HEADER:Accept-Encoding: gzip --> FIELD
03:19:50.001 [qtp399373008-61] DEBUG org.eclipse.jetty.http.HttpParser - HEADER:User-Agent --> VALUE
03:19:50.001 [qtp399373008-61] DEBUG org.eclipse.jetty.http.HttpParser - HEADER:User-Agent --> IN_VALUE
03:19:50.001 [qtp399373008-61] DEBUG org.eclipse.jetty.http.HttpParser - HEADER:User-Agent --> FIELD
03:19:50.001 [qtp399373008-61] DEBUG org.eclipse.jetty.http.HttpParser - HEADER --> CONTENT
03:19:50.001 [qtp399373008-61] DEBUG org.eclipse.jetty.server.HttpChannel - REQUEST for //localhost:43437/ on HttpChannelOverHttp@2fd8e796{s=HttpChannelState@541ec90b{s=IDLE rs=BLOCKING os=OPEN is=IDLE awp=false se=false i=true al=0},r=1,c=false/false,a=IDLE,uri=//localhost:43437/,age=0}
GET //localhost:43437/ HTTP/1.1
Host: localhost:43437
Connection: keep-alive
Accept-Encoding: gzip
User-Agent: okhttp/3.12.3


03:19:50.001 [qtp399373008-61] DEBUG org.eclipse.jetty.server.HttpConnection - HttpConnection@7e9b85ee::DecryptedEndPoint@7c008259{l=/127.0.0.1:43437,r=/127.0.0.1:54596,OPEN,fill=-,flush=-,to=41/30000} parsed true HttpParser{s=CONTENT,0 of -1}
03:19:50.001 [qtp399373008-61] DEBUG org.eclipse.jetty.server.HttpConnection - releaseRequestBuffer HttpConnection@7e9b85ee::DecryptedEndPoint@7c008259{l=/127.0.0.1:43437,r=/127.0.0.1:54596,OPEN,fill=-,flush=-,to=41/30000}
03:19:50.001 [qtp399373008-61] DEBUG org.eclipse.jetty.server.HttpChannel - handle //localhost:43437/ HttpChannelOverHttp@2fd8e796{s=HttpChannelState@541ec90b{s=IDLE rs=BLOCKING os=OPEN is=IDLE awp=false se=false i=true al=0},r=1,c=false/false,a=IDLE,uri=//localhost:43437/,age=0} 
03:19:50.001 [qtp399373008-61] DEBUG org.eclipse.jetty.server.HttpChannelState - handling HttpChannelState@541ec90b{s=IDLE rs=BLOCKING os=OPEN is=IDLE awp=false se=false i=true al=0}
03:19:50.001 [qtp399373008-61] DEBUG org.eclipse.jetty.server.HttpChannel - action DISPATCH HttpChannelOverHttp@2fd8e796{s=HttpChannelState@541ec90b{s=HANDLING rs=BLOCKING os=OPEN is=IDLE awp=false se=false i=true al=0},r=1,c=false/false,a=HANDLING,uri=//localhost:43437/,age=0}
03:19:50.001 [qtp399373008-61] DEBUG org.eclipse.jetty.server.SecureRequestCustomizer - Host localhost with SNI null
03:19:50.001 [qtp399373008-61] DEBUG org.eclipse.jetty.server.Server - REQUEST GET / on HttpChannelOverHttp@2fd8e796{s=HttpChannelState@541ec90b{s=HANDLING rs=BLOCKING os=OPEN is=IDLE awp=false se=false i=true al=0},r=1,c=false/false,a=HANDLING,uri=https://localhost:43437/,age=0}
03:19:50.001 [qtp399373008-61] DEBUG org.eclipse.jetty.server.HttpOutput - write(array HeapByteBuffer@2f45e580[p=0,l=4,c=512,r=4]={<<<test>>>\x00\x00\x00\x00\x00\x00\x00\x00\x00...\x00\x00\x00\x00\x00\x00\x00})
03:19:50.001 [qtp399373008-61] DEBUG org.eclipse.jetty.server.HttpOutput - write(array) s=CLOSING,api=BLOCKED,sc=false,e=null last=true agg=false flush=true async=false, len=4 null
03:19:50.001 [qtp399373008-61] DEBUG org.eclipse.jetty.server.HttpChannel - sendResponse info=null content=HeapByteBuffer@2a1d00ab[p=0,l=4,c=512,r=4]={<<<test>>>\x00\x00\x00\x00\x00\x00\x00\x00\x00...\x00\x00\x00\x00\x00\x00\x00} complete=true committing=true callback=Blocker@4c6fea0c{null}
03:19:50.001 [qtp399373008-61] DEBUG org.eclipse.jetty.server.HttpChannel - COMMIT for / on HttpChannelOverHttp@2fd8e796{s=HttpChannelState@541ec90b{s=HANDLING rs=BLOCKING os=COMMITTED is=IDLE awp=false se=false i=true al=0},r=1,c=false/false,a=HANDLING,uri=https://localhost:43437/,age=0}
200 null HTTP/1.1
Date: Thu, 02 May 2024 02:19:50 GMT
ETag: testEtag
Content-Type: text/plain;charset=utf-8
Content-Length: 4


03:19:50.002 [qtp399373008-61] DEBUG org.eclipse.jetty.server.HttpConnection - generate: NEED_HEADER for SendCallback@1d06f25f[PROCESSING][i=HTTP/1.1{s=200,h=4,cl=4},cb=org.eclipse.jetty.server.HttpChannel$SendCallback@1d6f7d9a] (null,[p=0,l=4,c=512,r=4],true)@START
03:19:50.002 [qtp399373008-61] DEBUG org.eclipse.jetty.http.HttpGenerator - generateHeaders HTTP/1.1{s=200,h=4,cl=4} last=true content=HeapByteBuffer@2a1d00ab[p=0,l=4,c=512,r=4]={<<<test>>>\x00\x00\x00\x00\x00\x00\x00\x00\x00...\x00\x00\x00\x00\x00\x00\x00}
03:19:50.002 [qtp399373008-61] DEBUG org.eclipse.jetty.http.HttpGenerator - Date: Thu, 02 May 2024 02:19:50 GMT
ETag: testEtag
Content-Type: text/plain;charset=utf-8
Content-Length: 4


03:19:50.002 [qtp399373008-61] DEBUG org.eclipse.jetty.http.HttpGenerator - CONTENT_LENGTH
03:19:50.002 [qtp399373008-61] DEBUG org.eclipse.jetty.server.HttpConnection - generate: FLUSH for SendCallback@1d06f25f[PROCESSING][i=HTTP/1.1{s=200,h=4,cl=4},cb=org.eclipse.jetty.server.HttpChannel$SendCallback@1d6f7d9a] ([p=0,l=164,c=8192,r=164],[p=0,l=4,c=512,r=4],true)@COMPLETING
03:19:50.002 [qtp399373008-61] DEBUG org.eclipse.jetty.io.WriteFlusher - write: WriteFlusher@5f353ec4{IDLE}->null [HeapByteBuffer@3e9173d4[p=0,l=164,c=8192,r=164]={<<<HTTP/1.1 200 OK\r\nDate: Th...y(9.4.44.v20210927)\r\n\r\n>>>\n\r\n\x00\x00\x00\x00\x00\x00...\x00\x00\x00\x00\x00\x00\x00},HeapByteBuffer@2a1d00ab[p=0,l=4,c=512,r=4]={<<<test>>>\x00\x00\x00\x00\x00\x00\x00\x00\x00...\x00\x00\x00\x00\x00\x00\x00}]
03:19:50.002 [qtp399373008-61] DEBUG org.eclipse.jetty.io.WriteFlusher - update WriteFlusher@5f353ec4{WRITING}->null:IDLE-->WRITING
03:19:50.002 [qtp399373008-61] DEBUG org.eclipse.jetty.io.ssl.SslConnection - >flush SslConnection@34e3ecb4::SocketChannelEndPoint@768bd7b6{l=/127.0.0.1:43437,r=/127.0.0.1:54596,OPEN,fill=-,flush=-,to=1/30000}{io=0/0,kio=0,kro=1}->SslConnection@34e3ecb4{NOT_HANDSHAKING,eio=-1/-1,di=-1,fill=IDLE,flush=IDLE}~>DecryptedEndPoint@7c008259{l=/127.0.0.1:43437,r=/127.0.0.1:54596,OPEN,fill=-,flush=W,to=42/30000}=>HttpConnection@7e9b85ee[p=HttpParser{s=CONTENT,0 of -1},g=HttpGenerator@4c09b23b{s=COMPLETING}]=>HttpChannelOverHttp@2fd8e796{s=HttpChannelState@541ec90b{s=HANDLING rs=BLOCKING os=COMMITTED is=IDLE awp=false se=false i=true al=0},r=1,c=false/false,a=HANDLING,uri=https://localhost:43437/,age=1}
03:19:50.002 [qtp399373008-61] DEBUG org.eclipse.jetty.io.ssl.SslConnection - flush b[0]=HeapByteBuffer@3e9173d4[p=0,l=164,c=8192,r=164]={<<<HTTP/1.1 200 OK\r\nDate: Th...y(9.4.44.v20210927)\r\n\r\n>>>\n\r\n\x00\x00\x00\x00\x00\x00...\x00\x00\x00\x00\x00\x00\x00}
03:19:50.002 [qtp399373008-61] DEBUG org.eclipse.jetty.io.ssl.SslConnection - flush b[1]=HeapByteBuffer@2a1d00ab[p=0,l=4,c=512,r=4]={<<<test>>>\x00\x00\x00\x00\x00\x00\x00\x00\x00...\x00\x00\x00\x00\x00\x00\x00}
03:19:50.002 [qtp399373008-61] DEBUG org.eclipse.jetty.io.ssl.SslConnection - flush NOT_HANDSHAKING
03:19:50.002 [qtp399373008-61] DEBUG org.eclipse.jetty.io.ssl.SslConnection - wrap Status = OK HandshakeStatus = NOT_HANDSHAKING bytesConsumed = 168 bytesProduced = 206 [p=0,l=206,c=17408,r=206] ioDone=false/false
03:19:50.002 [qtp399373008-61] DEBUG org.eclipse.jetty.io.ChannelEndPoint - flushed 206 SocketChannelEndPoint@768bd7b6{l=/127.0.0.1:43437,r=/127.0.0.1:54596,OPEN,fill=-,flush=-,to=1/30000}{io=0/0,kio=0,kro=1}->SslConnection@34e3ecb4{NOT_HANDSHAKING,eio=-1/0,di=-1,fill=IDLE,flush=IDLE}~>DecryptedEndPoint@7c008259{l=/127.0.0.1:43437,r=/127.0.0.1:54596,OPEN,fill=-,flush=W,to=42/30000}=>HttpConnection@7e9b85ee[p=HttpParser{s=CONTENT,0 of -1},g=HttpGenerator@4c09b23b{s=COMPLETING}]=>HttpChannelOverHttp@2fd8e796{s=HttpChannelState@541ec90b{s=HANDLING rs=BLOCKING os=COMMITTED is=IDLE awp=false se=false i=true al=0},r=1,c=false/false,a=HANDLING,uri=https://localhost:43437/,age=1}
03:19:50.002 [qtp399373008-61] DEBUG org.eclipse.jetty.io.ssl.SslConnection - net flushed=true, ac=true
03:19:50.002 [main] DEBUG org.apache.nifi.minifi.bootstrap.configuration.ingestors.PullHttpChangeIngestor - Response received: Response{protocol=http/1.1, code=200, message=OK, url=https://localhost:43437/}
03:19:50.002 [qtp399373008-61] DEBUG org.eclipse.jetty.io.ssl.SslConnection - <flush true SslConnection@34e3ecb4::SocketChannelEndPoint@768bd7b6{l=/127.0.0.1:43437,r=/127.0.0.1:54596,OPEN,fill=-,flush=-,to=0/30000}{io=0/0,kio=0,kro=1}->SslConnection@34e3ecb4{NOT_HANDSHAKING,eio=-1/-1,di=-1,fill=IDLE,flush=IDLE}~>DecryptedEndPoint@7c008259{l=/127.0.0.1:43437,r=/127.0.0.1:54596,OPEN,fill=-,flush=W,to=42/30000}=>HttpConnection@7e9b85ee[p=HttpParser{s=CONTENT,0 of -1},g=HttpGenerator@4c09b23b{s=COMPLETING}]=>HttpChannelOverHttp@2fd8e796{s=HttpChannelState@541ec90b{s=HANDLING rs=BLOCKING os=COMMITTED is=IDLE awp=false se=false i=true al=0},r=1,c=false/false,a=HANDLING,uri=https://localhost:43437/,age=1}
03:19:50.002 [qtp399373008-61] DEBUG org.eclipse.jetty.io.WriteFlusher - Flushed=true written=168 remaining=0 WriteFlusher@5f353ec4{WRITING}->null
03:19:50.002 [qtp399373008-61] DEBUG org.eclipse.jetty.io.WriteFlusher - update WriteFlusher@5f353ec4{IDLE}->null:WRITING-->IDLE
03:19:50.002 [qtp399373008-61] DEBUG org.eclipse.jetty.server.HttpConnection - generate: DONE for SendCallback@1d06f25f[PROCESSING][i=HTTP/1.1{s=200,h=4,cl=4},cb=org.eclipse.jetty.server.HttpChannel$SendCallback@1d6f7d9a] ([p=164,l=164,c=8192,r=0],[p=4,l=4,c=512,r=0],true)@END
03:19:50.002 [main] DEBUG org.apache.nifi.minifi.bootstrap.configuration.ingestors.PullHttpChangeIngestor - Pulled config same as currently running.
03:19:50.002 [qtp399373008-61] DEBUG org.eclipse.jetty.server.HttpOutput - onWriteComplete(true,null) s=CLOSING,api=BLOCKED,sc=false,e=null->s=CLOSED,api=BLOCKING,sc=false,e=null c=null cb=null w=false
03:19:50.002 [qtp399373008-61] DEBUG org.eclipse.jetty.server.HttpOutput - close() s=CLOSED,api=BLOCKING,sc=false,e=null c=null b=null
03:19:50.002 [qtp399373008-61] DEBUG org.eclipse.jetty.server.Server - handled=true async=false committed=true on HttpChannelOverHttp@2fd8e796{s=HttpChannelState@541ec90b{s=HANDLING rs=BLOCKING os=COMPLETED is=IDLE awp=false se=false i=true al=0},r=1,c=false/true,a=HANDLING,uri=https://localhost:43437/,age=1}
03:19:50.002 [qtp399373008-61] DEBUG org.eclipse.jetty.server.HttpChannelState - unhandle HttpChannelState@541ec90b{s=HANDLING rs=BLOCKING os=COMPLETED is=IDLE awp=false se=false i=true al=0}
03:19:50.002 [qtp399373008-61] DEBUG org.eclipse.jetty.server.HttpChannelState - nextAction(false) COMPLETE HttpChannelState@541ec90b{s=HANDLING rs=COMPLETING os=COMPLETED is=IDLE awp=false se=false i=false al=0}
03:19:50.002 [qtp399373008-61] DEBUG org.eclipse.jetty.server.HttpChannel - action COMPLETE HttpChannelOverHttp@2fd8e796{s=HttpChannelState@541ec90b{s=HANDLING rs=COMPLETING os=COMPLETED is=IDLE awp=false se=false i=false al=0},r=1,c=false/true,a=HANDLING,uri=https://localhost:43437/,age=1}
03:19:50.003 [qtp399373008-61] DEBUG org.eclipse.jetty.server.HttpOutput - complete(org.eclipse.jetty.util.Callback$3@6c3980a4) s=CLOSED,api=BLOCKING,sc=false,e=null s=true e=null, c=null
03:19:50.003 [qtp399373008-61] DEBUG org.eclipse.jetty.server.HttpChannelState - completed HttpChannelState@541ec90b{s=HANDLING rs=COMPLETING os=COMPLETED is=IDLE awp=false se=false i=false al=0}
03:19:50.003 [qtp399373008-61] DEBUG org.eclipse.jetty.server.HttpChannelState - unhandle HttpChannelState@541ec90b{s=HANDLING rs=COMPLETED os=COMPLETED is=IDLE awp=false se=false i=false al=0}
03:19:50.003 [qtp399373008-61] DEBUG org.eclipse.jetty.server.HttpChannelState - nextAction(false) TERMINATED HttpChannelState@541ec90b{s=IDLE rs=COMPLETED os=COMPLETED is=IDLE awp=false se=false i=false al=0}
]]></system-out>
  </testcase>
  <testcase name="testNoUpdateWithPath" classname="org.apache.nifi.minifi.bootstrap.configuration.ingestors.PullHttpChangeIngestorSSLTest" time="0.068">
    <system-out><![CDATA[03:19:50.003 [qtp399373008-61] DEBUG org.eclipse.jetty.server.HttpChannel - action TERMINATED HttpChannelOverHttp@2fd8e796{s=HttpChannelState@541ec90b{s=IDLE rs=COMPLETED os=COMPLETED is=IDLE awp=false se=false i=false al=0},r=1,c=true/true,a=IDLE,uri=https://localhost:43437/,age=2}
03:19:50.003 [qtp399373008-61] DEBUG org.eclipse.jetty.server.HttpChannel - onCompleted for / written=4
03:19:50.003 [qtp399373008-61] DEBUG org.eclipse.jetty.io.ssl.SslConnection - >fill SslConnection@34e3ecb4::SocketChannelEndPoint@768bd7b6{l=/127.0.0.1:43437,r=/127.0.0.1:54596,OPEN,fill=-,flush=-,to=0/30000}{io=0/0,kio=0,kro=1}->SslConnection@34e3ecb4{NOT_HANDSHAKING,eio=-1/-1,di=-1,fill=IDLE,flush=IDLE}~>DecryptedEndPoint@7c008259{l=/127.0.0.1:43437,r=/127.0.0.1:54596,OPEN,fill=-,flush=-,to=43/30000}=>HttpConnection@7e9b85ee[p=HttpParser{s=CONTENT,0 of -1},g=HttpGenerator@4c09b23b{s=END}]=>HttpChannelOverHttp@2fd8e796{s=HttpChannelState@541ec90b{s=IDLE rs=COMPLETED os=COMPLETED is=IDLE awp=false se=false i=false al=0},r=1,c=true/true,a=IDLE,uri=https://localhost:43437/,age=2}
03:19:50.003 [qtp399373008-61] DEBUG org.eclipse.jetty.io.ssl.SslConnection - fill NOT_HANDSHAKING
03:19:50.003 [qtp399373008-61] DEBUG org.eclipse.jetty.io.ChannelEndPoint - filled 0 HeapByteBuffer@1719ebcb[p=0,l=0,c=17408,r=0]={<<<>>>GET / HTT...\x00\x00\x00\x00\x00\x00\x00}
03:19:50.003 [qtp399373008-61] DEBUG org.eclipse.jetty.io.ssl.SslConnection - net filled=0
03:19:50.003 [qtp399373008-61] DEBUG org.eclipse.jetty.io.ssl.SslConnection - unwrap net_filled=0 Status = BUFFER_UNDERFLOW HandshakeStatus = NOT_HANDSHAKING bytesConsumed = 0 bytesProduced = 0 encryptedBuffer=[p=0,l=0,c=17408,r=0] unwrapBuffer=HeapByteBuffer@13266df0[p=0,l=0,c=17408,r=0]={<<<>>>\x17\x03\x03\x03\xAd\x0b\x00\x03\x88...\x00\x00\x00\x00\x00\x00\x00} appBuffer=HeapByteBuffer@13266df0[p=0,l=0,c=17408,r=0]={<<<>>>\x17\x03\x03\x03\xAd\x0b\x00\x03\x88...\x00\x00\x00\x00\x00\x00\x00}
03:19:50.003 [qtp399373008-61] DEBUG org.eclipse.jetty.io.ssl.SslConnection - <fill f=0 uf=true SslConnection@34e3ecb4::SocketChannelEndPoint@768bd7b6{l=/127.0.0.1:43437,r=/127.0.0.1:54596,OPEN,fill=-,flush=-,to=0/30000}{io=0/0,kio=0,kro=1}->SslConnection@34e3ecb4{NOT_HANDSHAKING,eio=-1/-1,di=-1,fill=IDLE,flush=IDLE}~>DecryptedEndPoint@7c008259{l=/127.0.0.1:43437,r=/127.0.0.1:54596,OPEN,fill=-,flush=-,to=43/30000}=>HttpConnection@7e9b85ee[p=HttpParser{s=CONTENT,0 of -1},g=HttpGenerator@4c09b23b{s=END}]=>HttpChannelOverHttp@2fd8e796{s=HttpChannelState@541ec90b{s=IDLE rs=COMPLETED os=COMPLETED is=IDLE awp=false se=false i=false al=0},r=1,c=true/true,a=IDLE,uri=https://localhost:43437/,age=2}
03:19:50.003 [qtp399373008-61] DEBUG org.eclipse.jetty.io.ssl.SslConnection - >fill SslConnection@34e3ecb4::SocketChannelEndPoint@768bd7b6{l=/127.0.0.1:43437,r=/127.0.0.1:54596,OPEN,fill=-,flush=-,to=0/30000}{io=0/0,kio=0,kro=1}->SslConnection@34e3ecb4{NOT_HANDSHAKING,eio=-1/-1,di=-1,fill=IDLE,flush=IDLE}~>DecryptedEndPoint@7c008259{l=/127.0.0.1:43437,r=/127.0.0.1:54596,OPEN,fill=-,flush=-,to=43/30000}=>HttpConnection@7e9b85ee[p=HttpParser{s=CONTENT,0 of -1},g=HttpGenerator@4c09b23b{s=END}]=>HttpChannelOverHttp@2fd8e796{s=HttpChannelState@541ec90b{s=IDLE rs=COMPLETED os=COMPLETED is=IDLE awp=false se=false i=false al=0},r=1,c=true/true,a=IDLE,uri=https://localhost:43437/,age=2}
03:19:50.003 [qtp399373008-61] DEBUG org.eclipse.jetty.io.ssl.SslConnection - fill NOT_HANDSHAKING
03:19:50.003 [qtp399373008-61] DEBUG org.eclipse.jetty.io.ChannelEndPoint - filled 0 HeapByteBuffer@19de0680[p=0,l=0,c=17408,r=0]={<<<>>>\x17\x03\x03\x00\xC9\x1e\x10\x16\xD0...\x00\x00\x00\x00\x00\x00\x00}
03:19:50.003 [qtp399373008-61] DEBUG org.eclipse.jetty.io.ssl.SslConnection - net filled=0
03:19:50.003 [qtp399373008-61] DEBUG org.eclipse.jetty.io.ssl.SslConnection - unwrap net_filled=0 Status = BUFFER_UNDERFLOW HandshakeStatus = NOT_HANDSHAKING bytesConsumed = 0 bytesProduced = 0 encryptedBuffer=[p=0,l=0,c=17408,r=0] unwrapBuffer=HeapByteBuffer@13266df0[p=0,l=0,c=17408,r=0]={<<<>>>\x17\x03\x03\x03\xAd\x0b\x00\x03\x88...\x00\x00\x00\x00\x00\x00\x00} appBuffer=HeapByteBuffer@13266df0[p=0,l=0,c=17408,r=0]={<<<>>>\x17\x03\x03\x03\xAd\x0b\x00\x03\x88...\x00\x00\x00\x00\x00\x00\x00}
03:19:50.003 [qtp399373008-61] DEBUG org.eclipse.jetty.io.ssl.SslConnection - <fill f=0 uf=true SslConnection@34e3ecb4::SocketChannelEndPoint@768bd7b6{l=/127.0.0.1:43437,r=/127.0.0.1:54596,OPEN,fill=-,flush=-,to=1/30000}{io=0/0,kio=0,kro=1}->SslConnection@34e3ecb4{NOT_HANDSHAKING,eio=-1/-1,di=-1,fill=IDLE,flush=IDLE}~>DecryptedEndPoint@7c008259{l=/127.0.0.1:43437,r=/127.0.0.1:54596,OPEN,fill=-,flush=-,to=43/30000}=>HttpConnection@7e9b85ee[p=HttpParser{s=CONTENT,0 of -1},g=HttpGenerator@4c09b23b{s=END}]=>HttpChannelOverHttp@2fd8e796{s=HttpChannelState@541ec90b{s=IDLE rs=COMPLETED os=COMPLETED is=IDLE awp=false se=false i=false al=0},r=1,c=true/true,a=IDLE,uri=https://localhost:43437/,age=2}
03:19:50.003 [qtp399373008-61] DEBUG org.eclipse.jetty.server.HttpConnection - HttpConnection@7e9b85ee::DecryptedEndPoint@7c008259{l=/127.0.0.1:43437,r=/127.0.0.1:54596,OPEN,fill=-,flush=-,to=43/30000} filled 0 HeapByteBuffer@13266df0[p=0,l=0,c=17408,r=0]={<<<>>>\x17\x03\x03\x03\xAd\x0b\x00\x03\x88...\x00\x00\x00\x00\x00\x00\x00}
03:19:50.003 [qtp399373008-61] DEBUG org.eclipse.jetty.server.HttpConnection - HttpConnection@7e9b85ee::DecryptedEndPoint@7c008259{l=/127.0.0.1:43437,r=/127.0.0.1:54596,OPEN,fill=-,flush=-,to=43/30000} parse HeapByteBuffer@13266df0[p=0,l=0,c=17408,r=0]={<<<>>>\x17\x03\x03\x03\xAd\x0b\x00\x03\x88...\x00\x00\x00\x00\x00\x00\x00} {}
03:19:50.003 [qtp399373008-61] DEBUG org.eclipse.jetty.http.HttpParser - parseNext s=CONTENT HeapByteBuffer@13266df0[p=0,l=0,c=17408,r=0]={<<<>>>\x17\x03\x03\x03\xAd\x0b\x00\x03\x88...\x00\x00\x00\x00\x00\x00\x00}
03:19:50.003 [qtp399373008-61] DEBUG org.eclipse.jetty.http.HttpParser - CONTENT --> CONTENT_END
03:19:50.003 [qtp399373008-61] DEBUG org.eclipse.jetty.server.HttpChannel - onContentComplete HttpChannelOverHttp@2fd8e796{s=HttpChannelState@541ec90b{s=IDLE rs=COMPLETED os=COMPLETED is=IDLE awp=false se=false i=false al=0},r=1,c=true/true,a=IDLE,uri=https://localhost:43437/,age=2}
03:19:50.003 [qtp399373008-61] DEBUG org.eclipse.jetty.http.HttpParser - CONTENT_END --> END
03:19:50.003 [qtp399373008-61] DEBUG org.eclipse.jetty.server.HttpChannel - onRequestComplete HttpChannelOverHttp@2fd8e796{s=HttpChannelState@541ec90b{s=IDLE rs=COMPLETED os=COMPLETED is=IDLE awp=false se=false i=false al=0},r=1,c=true/true,a=IDLE,uri=https://localhost:43437/,age=2}
03:19:50.003 [qtp399373008-61] DEBUG org.eclipse.jetty.server.HttpInput - HttpInputOverHTTP@46871376[c=0,q=0,[0]=null,s=STREAM] addContent EOF
03:19:50.004 [qtp399373008-61] DEBUG org.eclipse.jetty.server.HttpConnection - HttpConnection@7e9b85ee::DecryptedEndPoint@7c008259{l=/127.0.0.1:43437,r=/127.0.0.1:54596,OPEN,fill=-,flush=-,to=44/30000} parsed false HttpParser{s=END,0 of -1}
03:19:50.004 [qtp399373008-61] DEBUG org.eclipse.jetty.server.HttpConnection - releaseRequestBuffer HttpConnection@7e9b85ee::DecryptedEndPoint@7c008259{l=/127.0.0.1:43437,r=/127.0.0.1:54596,OPEN,fill=-,flush=-,to=44/30000}
03:19:50.004 [qtp399373008-61] DEBUG org.eclipse.jetty.server.HttpChannelState - recycle HttpChannelState@541ec90b{s=IDLE rs=COMPLETED os=COMPLETED is=IDLE awp=false se=false i=false al=0}
03:19:50.004 [qtp399373008-61] DEBUG org.eclipse.jetty.http.HttpParser - reset HttpParser{s=END,0 of -1}
03:19:50.004 [qtp399373008-61] DEBUG org.eclipse.jetty.http.HttpParser - END --> START
03:19:50.004 [qtp399373008-61] DEBUG org.eclipse.jetty.server.HttpChannel - !handle TERMINATED HttpChannelOverHttp@2fd8e796{s=HttpChannelState@541ec90b{s=IDLE rs=BLOCKING os=OPEN is=IDLE awp=false se=false i=true al=0},r=1,c=false/false,a=IDLE,uri=null,age=0}
03:19:50.004 [qtp399373008-61] DEBUG org.eclipse.jetty.io.ssl.SslConnection - >fill SslConnection@34e3ecb4::SocketChannelEndPoint@768bd7b6{l=/127.0.0.1:43437,r=/127.0.0.1:54596,OPEN,fill=-,flush=-,to=1/30000}{io=0/0,kio=0,kro=1}->SslConnection@34e3ecb4{NOT_HANDSHAKING,eio=-1/-1,di=-1,fill=IDLE,flush=IDLE}~>DecryptedEndPoint@7c008259{l=/127.0.0.1:43437,r=/127.0.0.1:54596,OPEN,fill=-,flush=-,to=44/30000}=>HttpConnection@7e9b85ee[p=HttpParser{s=START,0 of -1},g=HttpGenerator@4c09b23b{s=START}]=>HttpChannelOverHttp@2fd8e796{s=HttpChannelState@541ec90b{s=IDLE rs=BLOCKING os=OPEN is=IDLE awp=false se=false i=true al=0},r=1,c=false/false,a=IDLE,uri=null,age=0}
03:19:50.004 [qtp399373008-61] DEBUG org.eclipse.jetty.io.ssl.SslConnection - fill NOT_HANDSHAKING
03:19:50.004 [qtp399373008-61] DEBUG org.eclipse.jetty.io.ChannelEndPoint - filled 0 HeapByteBuffer@19de0680[p=0,l=0,c=17408,r=0]={<<<>>>\x17\x03\x03\x00\xC9\x1e\x10\x16\xD0...\x00\x00\x00\x00\x00\x00\x00}
03:19:50.004 [qtp399373008-61] DEBUG org.eclipse.jetty.io.ssl.SslConnection - net filled=0
03:19:50.004 [qtp399373008-61] DEBUG org.eclipse.jetty.io.ssl.SslConnection - unwrap net_filled=0 Status = BUFFER_UNDERFLOW HandshakeStatus = NOT_HANDSHAKING bytesConsumed = 0 bytesProduced = 0 encryptedBuffer=[p=0,l=0,c=17408,r=0] unwrapBuffer=HeapByteBuffer@1719ebcb[p=0,l=0,c=17408,r=0]={<<<>>>GET / HTT...\x00\x00\x00\x00\x00\x00\x00} appBuffer=HeapByteBuffer@1719ebcb[p=0,l=0,c=17408,r=0]={<<<>>>GET / HTT...\x00\x00\x00\x00\x00\x00\x00}
03:19:50.004 [qtp399373008-61] DEBUG org.eclipse.jetty.io.ssl.SslConnection - <fill f=0 uf=true SslConnection@34e3ecb4::SocketChannelEndPoint@768bd7b6{l=/127.0.0.1:43437,r=/127.0.0.1:54596,OPEN,fill=-,flush=-,to=1/30000}{io=0/0,kio=0,kro=1}->SslConnection@34e3ecb4{NOT_HANDSHAKING,eio=-1/-1,di=-1,fill=IDLE,flush=IDLE}~>DecryptedEndPoint@7c008259{l=/127.0.0.1:43437,r=/127.0.0.1:54596,OPEN,fill=-,flush=-,to=44/30000}=>HttpConnection@7e9b85ee[p=HttpParser{s=START,0 of -1},g=HttpGenerator@4c09b23b{s=START}]=>HttpChannelOverHttp@2fd8e796{s=HttpChannelState@541ec90b{s=IDLE rs=BLOCKING os=OPEN is=IDLE awp=false se=false i=true al=0},r=1,c=false/false,a=IDLE,uri=null,age=0}
03:19:50.004 [qtp399373008-61] DEBUG org.eclipse.jetty.io.ssl.SslConnection - >fill SslConnection@34e3ecb4::SocketChannelEndPoint@768bd7b6{l=/127.0.0.1:43437,r=/127.0.0.1:54596,OPEN,fill=-,flush=-,to=1/30000}{io=0/0,kio=0,kro=1}->SslConnection@34e3ecb4{NOT_HANDSHAKING,eio=-1/-1,di=-1,fill=IDLE,flush=IDLE}~>DecryptedEndPoint@7c008259{l=/127.0.0.1:43437,r=/127.0.0.1:54596,OPEN,fill=-,flush=-,to=44/30000}=>HttpConnection@7e9b85ee[p=HttpParser{s=START,0 of -1},g=HttpGenerator@4c09b23b{s=START}]=>HttpChannelOverHttp@2fd8e796{s=HttpChannelState@541ec90b{s=IDLE rs=BLOCKING os=OPEN is=IDLE awp=false se=false i=true al=0},r=1,c=false/false,a=IDLE,uri=null,age=0}
03:19:50.004 [qtp399373008-61] DEBUG org.eclipse.jetty.io.ssl.SslConnection - fill NOT_HANDSHAKING
03:19:50.004 [qtp399373008-61] DEBUG org.eclipse.jetty.io.ChannelEndPoint - filled 0 HeapByteBuffer@13266df0[p=0,l=0,c=17408,r=0]={<<<>>>\x17\x03\x03\x03\xAd\x0b\x00\x03\x88...\x00\x00\x00\x00\x00\x00\x00}
03:19:50.004 [qtp399373008-61] DEBUG org.eclipse.jetty.io.ssl.SslConnection - net filled=0
03:19:50.004 [qtp399373008-61] DEBUG org.eclipse.jetty.io.ssl.SslConnection - unwrap net_filled=0 Status = BUFFER_UNDERFLOW HandshakeStatus = NOT_HANDSHAKING bytesConsumed = 0 bytesProduced = 0 encryptedBuffer=[p=0,l=0,c=17408,r=0] unwrapBuffer=HeapByteBuffer@1719ebcb[p=0,l=0,c=17408,r=0]={<<<>>>GET / HTT...\x00\x00\x00\x00\x00\x00\x00} appBuffer=HeapByteBuffer@1719ebcb[p=0,l=0,c=17408,r=0]={<<<>>>GET / HTT...\x00\x00\x00\x00\x00\x00\x00}
03:19:50.004 [qtp399373008-61] DEBUG org.eclipse.jetty.io.ssl.SslConnection - <fill f=0 uf=true SslConnection@34e3ecb4::SocketChannelEndPoint@768bd7b6{l=/127.0.0.1:43437,r=/127.0.0.1:54596,OPEN,fill=-,flush=-,to=1/30000}{io=0/0,kio=0,kro=1}->SslConnection@34e3ecb4{NOT_HANDSHAKING,eio=-1/-1,di=-1,fill=IDLE,flush=IDLE}~>DecryptedEndPoint@7c008259{l=/127.0.0.1:43437,r=/127.0.0.1:54596,OPEN,fill=-,flush=-,to=44/30000}=>HttpConnection@7e9b85ee[p=HttpParser{s=START,0 of -1},g=HttpGenerator@4c09b23b{s=START}]=>HttpChannelOverHttp@2fd8e796{s=HttpChannelState@541ec90b{s=IDLE rs=BLOCKING os=OPEN is=IDLE awp=false se=false i=true al=0},r=1,c=false/false,a=IDLE,uri=null,age=0}
03:19:50.004 [qtp399373008-61] DEBUG org.eclipse.jetty.server.HttpConnection - HttpConnection@7e9b85ee::DecryptedEndPoint@7c008259{l=/127.0.0.1:43437,r=/127.0.0.1:54596,OPEN,fill=-,flush=-,to=44/30000} filled 0 HeapByteBuffer@1719ebcb[p=0,l=0,c=17408,r=0]={<<<>>>GET / HTT...\x00\x00\x00\x00\x00\x00\x00}
03:19:50.004 [qtp399373008-61] DEBUG org.eclipse.jetty.server.HttpConnection - HttpConnection@7e9b85ee::DecryptedEndPoint@7c008259{l=/127.0.0.1:43437,r=/127.0.0.1:54596,OPEN,fill=-,flush=-,to=44/30000} parse HeapByteBuffer@1719ebcb[p=0,l=0,c=17408,r=0]={<<<>>>GET / HTT...\x00\x00\x00\x00\x00\x00\x00} {}
03:19:50.004 [qtp399373008-61] DEBUG org.eclipse.jetty.http.HttpParser - parseNext s=START HeapByteBuffer@1719ebcb[p=0,l=0,c=17408,r=0]={<<<>>>GET / HTT...\x00\x00\x00\x00\x00\x00\x00}
03:19:50.004 [qtp399373008-61] DEBUG org.eclipse.jetty.server.HttpConnection - HttpConnection@7e9b85ee::DecryptedEndPoint@7c008259{l=/127.0.0.1:43437,r=/127.0.0.1:54596,OPEN,fill=-,flush=-,to=44/30000} parsed false HttpParser{s=START,0 of -1}
03:19:50.004 [qtp399373008-61] DEBUG org.eclipse.jetty.server.HttpConnection - releaseRequestBuffer HttpConnection@7e9b85ee::DecryptedEndPoint@7c008259{l=/127.0.0.1:43437,r=/127.0.0.1:54596,OPEN,fill=-,flush=-,to=44/30000}
03:19:50.004 [qtp399373008-61] DEBUG org.eclipse.jetty.io.AbstractConnection - fillInterested HttpConnection@7e9b85ee::DecryptedEndPoint@7c008259{l=/127.0.0.1:43437,r=/127.0.0.1:54596,OPEN,fill=-,flush=-,to=44/30000}
03:19:50.004 [qtp399373008-61] DEBUG org.eclipse.jetty.io.FillInterest - interested FillInterest@6e9feaa1{AC.ReadCB@7e9b85ee{HttpConnection@7e9b85ee::DecryptedEndPoint@7c008259{l=/127.0.0.1:43437,r=/127.0.0.1:54596,OPEN,fill=FI,flush=-,to=0/30000}}}
03:19:50.004 [qtp399373008-61] DEBUG org.eclipse.jetty.io.ssl.SslConnection - >needFillInterest s=IDLE/IDLE uf=true ei=null di=null SslConnection@34e3ecb4::SocketChannelEndPoint@768bd7b6{l=/127.0.0.1:43437,r=/127.0.0.1:54596,OPEN,fill=-,flush=-,to=2/30000}{io=0/0,kio=0,kro=1}->SslConnection@34e3ecb4{NOT_HANDSHAKING,eio=-1/-1,di=-1,fill=IDLE,flush=IDLE}~>DecryptedEndPoint@7c008259{l=/127.0.0.1:43437,r=/127.0.0.1:54596,OPEN,fill=FI,flush=-,to=0/30000}=>HttpConnection@7e9b85ee[p=HttpParser{s=START,0 of -1},g=HttpGenerator@4c09b23b{s=START}]=>HttpChannelOverHttp@2fd8e796{s=HttpChannelState@541ec90b{s=IDLE rs=BLOCKING os=OPEN is=IDLE awp=false se=false i=true al=0},r=1,c=false/false,a=IDLE,uri=null,age=0}
03:19:50.004 [qtp399373008-61] DEBUG org.eclipse.jetty.io.ssl.SslConnection - <needFillInterest s=IDLE/INTERESTED f=false i=true w=null
03:19:50.004 [qtp399373008-61] DEBUG org.eclipse.jetty.io.ssl.SslConnection - ensureFillInterested SslConnection@34e3ecb4::SocketChannelEndPoint@768bd7b6{l=/127.0.0.1:43437,r=/127.0.0.1:54596,OPEN,fill=-,flush=-,to=2/30000}{io=0/0,kio=0,kro=1}->SslConnection@34e3ecb4{NOT_HANDSHAKING,eio=-1/-1,di=-1,fill=INTERESTED,flush=IDLE}~>DecryptedEndPoint@7c008259{l=/127.0.0.1:43437,r=/127.0.0.1:54596,OPEN,fill=FI,flush=-,to=0/30000}=>HttpConnection@7e9b85ee[p=HttpParser{s=START,0 of -1},g=HttpGenerator@4c09b23b{s=START}]=>HttpChannelOverHttp@2fd8e796{s=HttpChannelState@541ec90b{s=IDLE rs=BLOCKING os=OPEN is=IDLE awp=false se=false i=true al=0},r=1,c=false/false,a=IDLE,uri=null,age=0}
03:19:50.005 [qtp399373008-61] DEBUG org.eclipse.jetty.io.FillInterest - interested FillInterest@41e8e647{SSLC.NBReadCB@34e3ecb4{SslConnection@34e3ecb4::SocketChannelEndPoint@768bd7b6{l=/127.0.0.1:43437,r=/127.0.0.1:54596,OPEN,fill=FI,flush=-,to=0/30000}{io=0/0,kio=0,kro=1}->SslConnection@34e3ecb4{NOT_HANDSHAKING,eio=-1/-1,di=-1,fill=INTERESTED,flush=IDLE}~>DecryptedEndPoint@7c008259{l=/127.0.0.1:43437,r=/127.0.0.1:54596,OPEN,fill=FI,flush=-,to=0/30000}=>HttpConnection@7e9b85ee[p=HttpParser{s=START,0 of -1},g=HttpGenerator@4c09b23b{s=START}]=>HttpChannelOverHttp@2fd8e796{s=HttpChannelState@541ec90b{s=IDLE rs=BLOCKING os=OPEN is=IDLE awp=false se=false i=true al=0},r=1,c=false/false,a=IDLE,uri=null,age=0}}}
03:19:50.005 [qtp399373008-61] DEBUG org.eclipse.jetty.io.ChannelEndPoint - changeInterests p=false 0->1 for SocketChannelEndPoint@768bd7b6{l=/127.0.0.1:43437,r=/127.0.0.1:54596,OPEN,fill=FI,flush=-,to=0/30000}{io=0/1,kio=0,kro=1}->SslConnection@34e3ecb4{NOT_HANDSHAKING,eio=-1/-1,di=-1,fill=INTERESTED,flush=IDLE}~>DecryptedEndPoint@7c008259{l=/127.0.0.1:43437,r=/127.0.0.1:54596,OPEN,fill=FI,flush=-,to=0/30000}=>HttpConnection@7e9b85ee[p=HttpParser{s=START,0 of -1},g=HttpGenerator@4c09b23b{s=START}]=>HttpChannelOverHttp@2fd8e796{s=HttpChannelState@541ec90b{s=IDLE rs=BLOCKING os=OPEN is=IDLE awp=false se=false i=true al=0},r=1,c=false/false,a=IDLE,uri=null,age=0}
03:19:50.005 [qtp399373008-61] DEBUG org.eclipse.jetty.io.ManagedSelector - Queued change lazy=false org.eclipse.jetty.io.ChannelEndPoint$$Lambda$255/90666987@6a452482 on ManagedSelector@47a86fbb{STARTED} id=2 keys=2 selected=0 updates=0
03:19:50.005 [qtp399373008-61] DEBUG org.eclipse.jetty.io.ManagedSelector - Wakeup on submit ManagedSelector@47a86fbb{STARTED} id=2 keys=2 selected=0 updates=1
03:19:50.005 [qtp399373008-60] DEBUG org.eclipse.jetty.io.ManagedSelector - Selector sun.nio.ch.EPollSelectorImpl@25f05ce6 woken with none selected
03:19:50.005 [qtp399373008-61] DEBUG org.eclipse.jetty.server.HttpConnection - HttpConnection@7e9b85ee::DecryptedEndPoint@7c008259{l=/127.0.0.1:43437,r=/127.0.0.1:54596,OPEN,fill=FI,flush=-,to=0/30000} onFillable exit HttpChannelState@541ec90b{s=IDLE rs=BLOCKING os=OPEN is=IDLE awp=false se=false i=true al=0} null
03:19:50.005 [qtp399373008-60] DEBUG org.eclipse.jetty.io.ManagedSelector - Selector sun.nio.ch.EPollSelectorImpl@25f05ce6 woken up from select, 0/0/2 selected
03:19:50.005 [qtp399373008-60] DEBUG org.eclipse.jetty.io.ManagedSelector - Selector sun.nio.ch.EPollSelectorImpl@25f05ce6 processing 0 keys, 1 updates
03:19:50.005 [qtp399373008-60] DEBUG org.eclipse.jetty.io.ManagedSelector - updateable 1
03:19:50.005 [qtp399373008-60] DEBUG org.eclipse.jetty.io.ManagedSelector - update org.eclipse.jetty.io.ChannelEndPoint$$Lambda$255/90666987@6a452482
03:19:50.005 [main] DEBUG org.apache.nifi.minifi.bootstrap.configuration.ingestors.PullHttpChangeIngestor - Attempting to pull new config
03:19:50.005 [qtp399373008-61] DEBUG org.eclipse.jetty.io.ssl.SslConnection - <c.onFillable SslConnection@34e3ecb4::SocketChannelEndPoint@768bd7b6{l=/127.0.0.1:43437,r=/127.0.0.1:54596,OPEN,fill=FI,flush=-,to=0/30000}{io=0/1,kio=0,kro=1}->SslConnection@34e3ecb4{NOT_HANDSHAKING,eio=-1/-1,di=-1,fill=INTERESTED,flush=IDLE}~>DecryptedEndPoint@7c008259{l=/127.0.0.1:43437,r=/127.0.0.1:54596,OPEN,fill=FI,flush=-,to=0/30000}=>HttpConnection@7e9b85ee[p=HttpParser{s=START,0 of -1},g=HttpGenerator@4c09b23b{s=START}]=>HttpChannelOverHttp@2fd8e796{s=HttpChannelState@541ec90b{s=IDLE rs=BLOCKING os=OPEN is=IDLE awp=false se=false i=true al=0},r=1,c=false/false,a=IDLE,uri=null,age=0}
03:19:50.005 [qtp399373008-61] DEBUG org.eclipse.jetty.util.thread.ReservedThreadExecutor - ReservedThread@3ed76982{RUNNING,thread=Thread[qtp399373008-61,5,main]} was=RUNNING next=RESERVED size=0+2 capacity=8
03:19:50.005 [qtp399373008-61] DEBUG org.eclipse.jetty.util.thread.ReservedThreadExecutor - ReservedThread@3ed76982{RESERVED,thread=Thread[qtp399373008-61,5,main]} waiting ReservedThreadExecutor@424fd310{reserved=2/8,pending=0}
03:19:50.005 [qtp399373008-60] DEBUG org.eclipse.jetty.io.ChannelEndPoint - Key interests updated 0 -> 1 on SocketChannelEndPoint@768bd7b6{l=/127.0.0.1:43437,r=/127.0.0.1:54596,OPEN,fill=FI,flush=-,to=0/30000}{io=1/1,kio=1,kro=1}->SslConnection@34e3ecb4{NOT_HANDSHAKING,eio=-1/-1,di=-1,fill=INTERESTED,flush=IDLE}~>DecryptedEndPoint@7c008259{l=/127.0.0.1:43437,r=/127.0.0.1:54596,OPEN,fill=FI,flush=-,to=0/30000}=>HttpConnection@7e9b85ee[p=HttpParser{s=START,0 of -1},g=HttpGenerator@4c09b23b{s=START}]=>HttpChannelOverHttp@2fd8e796{s=HttpChannelState@541ec90b{s=IDLE rs=BLOCKING os=OPEN is=IDLE awp=false se=false i=true al=0},r=1,c=false/false,a=IDLE,uri=null,age=0}
03:19:50.005 [qtp399373008-60] DEBUG org.eclipse.jetty.io.ManagedSelector - updates 0
03:19:50.005 [qtp399373008-60] DEBUG org.eclipse.jetty.io.ManagedSelector - Selector sun.nio.ch.EPollSelectorImpl@25f05ce6 waiting with 2 keys
03:19:50.005 [qtp399373008-59-acceptor-0@53dacd14-ServerConnector@2374d36a{SSL, (ssl, http/1.1)}{localhost:43437}] DEBUG org.eclipse.jetty.io.ManagedSelector - Queued change lazy=false Accept@2f1e06c2[java.nio.channels.SocketChannel[connected local=/127.0.0.1:43437 remote=/127.0.0.1:54610]] on ManagedSelector@7bb6ab3a{STARTED} id=3 keys=1 selected=0 updates=0
03:19:50.005 [qtp399373008-59-acceptor-0@53dacd14-ServerConnector@2374d36a{SSL, (ssl, http/1.1)}{localhost:43437}] DEBUG org.eclipse.jetty.io.ManagedSelector - Wakeup on submit ManagedSelector@7bb6ab3a{STARTED} id=3 keys=1 selected=0 updates=1
03:19:50.005 [qtp399373008-62] DEBUG org.eclipse.jetty.io.ManagedSelector - Selector sun.nio.ch.EPollSelectorImpl@2af73879 woken with none selected
03:19:50.006 [qtp399373008-62] DEBUG org.eclipse.jetty.io.ManagedSelector - Selector sun.nio.ch.EPollSelectorImpl@2af73879 woken up from select, 0/0/1 selected
03:19:50.006 [qtp399373008-62] DEBUG org.eclipse.jetty.io.ManagedSelector - Selector sun.nio.ch.EPollSelectorImpl@2af73879 processing 0 keys, 1 updates
03:19:50.006 [qtp399373008-62] DEBUG org.eclipse.jetty.io.ManagedSelector - updateable 1
03:19:50.006 [qtp399373008-62] DEBUG org.eclipse.jetty.io.ManagedSelector - update Accept@2f1e06c2[java.nio.channels.SocketChannel[connected local=/127.0.0.1:43437 remote=/127.0.0.1:54610]]
03:19:50.006 [qtp399373008-62] DEBUG org.eclipse.jetty.util.thread.QueuedThreadPool - queue Accept@2f1e06c2[java.nio.channels.SocketChannel[connected local=/127.0.0.1:43437 remote=/127.0.0.1:54610]] startThread=0
03:19:50.006 [qtp399373008-62] DEBUG org.eclipse.jetty.io.ManagedSelector - updates 0
03:19:50.006 [qtp399373008-62] DEBUG org.eclipse.jetty.io.ManagedSelector - Selector sun.nio.ch.EPollSelectorImpl@2af73879 waiting with 2 keys
03:19:50.006 [qtp399373008-55] DEBUG org.eclipse.jetty.util.thread.QueuedThreadPool - run Accept@2f1e06c2[java.nio.channels.SocketChannel[connected local=/127.0.0.1:43437 remote=/127.0.0.1:54610]] in QueuedThreadPool[qtp399373008]@17cdf2d0{STARTED,8<=8<=200,i=0,r=-1,q=0}[ReservedThreadExecutor@424fd310{reserved=2/8,pending=0}]
03:19:50.006 [qtp399373008-55] DEBUG org.eclipse.jetty.io.IdleTimeout - SocketChannelEndPoint@6b5cdb9b{l=/127.0.0.1:43437,r=/127.0.0.1:54610,OPEN,fill=-,flush=-,to=0/30000}{io=0/0,kio=0,kro=0}-><null> idle timeout check, elapsed: 0 ms, remaining: 30000 ms
03:19:50.006 [qtp399373008-55] DEBUG org.eclipse.jetty.util.ssl.SslContextFactory - Customize sun.security.ssl.SSLEngineImpl@7a87eeb3
03:19:50.006 [qtp399373008-55] DEBUG org.eclipse.jetty.server.HttpChannel - new HttpChannelOverHttp@7c5bf57a{s=HttpChannelState@3f79bf47{s=IDLE rs=BLOCKING os=OPEN is=IDLE awp=false se=false i=true al=0},r=0,c=false/false,a=IDLE,uri=null,age=0} -> DecryptedEndPoint@32f42b30{l=/127.0.0.1:43437,r=/127.0.0.1:54610,OPEN,fill=-,flush=-,to=0/30000},null,HttpChannelState@3f79bf47{s=IDLE rs=BLOCKING os=OPEN is=IDLE awp=false se=false i=true al=0}
03:19:50.006 [qtp399373008-55] DEBUG org.eclipse.jetty.server.HttpConnection - New HTTP Connection HttpConnection@77c3b9ab::DecryptedEndPoint@32f42b30{l=/127.0.0.1:43437,r=/127.0.0.1:54610,OPEN,fill=-,flush=-,to=0/30000}
03:19:50.007 [qtp399373008-55] DEBUG org.eclipse.jetty.io.ManagedSelector - Queued change lazy=true org.eclipse.jetty.io.ManagedSelector$$Lambda$258/445561681@5410620c on ManagedSelector@7bb6ab3a{STARTED} id=3 keys=2 selected=0 updates=0
03:19:50.007 [qtp399373008-55] DEBUG org.eclipse.jetty.io.AbstractEndPoint - onOpen SocketChannelEndPoint@6b5cdb9b{l=/127.0.0.1:43437,r=/127.0.0.1:54610,OPEN,fill=-,flush=-,to=0/30000}{io=0/0,kio=0,kro=0}->SslConnection@26e16c4e{NOT_HANDSHAKING,eio=-1/-1,di=-1,fill=IDLE,flush=IDLE}~>DecryptedEndPoint@32f42b30{l=/127.0.0.1:43437,r=/127.0.0.1:54610,OPEN,fill=-,flush=-,to=0/30000}=>HttpConnection@77c3b9ab[p=HttpParser{s=START,0 of -1},g=HttpGenerator@355f6e09{s=START}]=>HttpChannelOverHttp@7c5bf57a{s=HttpChannelState@3f79bf47{s=IDLE rs=BLOCKING os=OPEN is=IDLE awp=false se=false i=true al=0},r=0,c=false/false,a=IDLE,uri=null,age=0}
03:19:50.007 [qtp399373008-55] DEBUG org.eclipse.jetty.io.AbstractConnection - onOpen SslConnection@26e16c4e::SocketChannelEndPoint@6b5cdb9b{l=/127.0.0.1:43437,r=/127.0.0.1:54610,OPEN,fill=-,flush=-,to=0/30000}{io=0/0,kio=0,kro=0}->SslConnection@26e16c4e{NOT_HANDSHAKING,eio=-1/-1,di=-1,fill=IDLE,flush=IDLE}~>DecryptedEndPoint@32f42b30{l=/127.0.0.1:43437,r=/127.0.0.1:54610,OPEN,fill=-,flush=-,to=0/30000}=>HttpConnection@77c3b9ab[p=HttpParser{s=START,0 of -1},g=HttpGenerator@355f6e09{s=START}]=>HttpChannelOverHttp@7c5bf57a{s=HttpChannelState@3f79bf47{s=IDLE rs=BLOCKING os=OPEN is=IDLE awp=false se=false i=true al=0},r=0,c=false/false,a=IDLE,uri=null,age=0}
03:19:50.007 [qtp399373008-55] DEBUG org.eclipse.jetty.io.AbstractConnection - onOpen HttpConnection@77c3b9ab::DecryptedEndPoint@32f42b30{l=/127.0.0.1:43437,r=/127.0.0.1:54610,OPEN,fill=-,flush=-,to=0/30000}
03:19:50.007 [qtp399373008-55] DEBUG org.eclipse.jetty.io.AbstractConnection - fillInterested HttpConnection@77c3b9ab::DecryptedEndPoint@32f42b30{l=/127.0.0.1:43437,r=/127.0.0.1:54610,OPEN,fill=-,flush=-,to=0/30000}
03:19:50.007 [qtp399373008-55] DEBUG org.eclipse.jetty.io.FillInterest - interested FillInterest@5f3b87e8{AC.ReadCB@77c3b9ab{HttpConnection@77c3b9ab::DecryptedEndPoint@32f42b30{l=/127.0.0.1:43437,r=/127.0.0.1:54610,OPEN,fill=FI,flush=-,to=0/30000}}}
03:19:50.007 [qtp399373008-55] DEBUG org.eclipse.jetty.io.ssl.SslConnection - >needFillInterest s=IDLE/IDLE uf=false ei=null di=null SslConnection@26e16c4e::SocketChannelEndPoint@6b5cdb9b{l=/127.0.0.1:43437,r=/127.0.0.1:54610,OPEN,fill=-,flush=-,to=0/30000}{io=0/0,kio=0,kro=0}->SslConnection@26e16c4e{NOT_HANDSHAKING,eio=-1/-1,di=-1,fill=IDLE,flush=IDLE}~>DecryptedEndPoint@32f42b30{l=/127.0.0.1:43437,r=/127.0.0.1:54610,OPEN,fill=FI,flush=-,to=0/30000}=>HttpConnection@77c3b9ab[p=HttpParser{s=START,0 of -1},g=HttpGenerator@355f6e09{s=START}]=>HttpChannelOverHttp@7c5bf57a{s=HttpChannelState@3f79bf47{s=IDLE rs=BLOCKING os=OPEN is=IDLE awp=false se=false i=true al=0},r=0,c=false/false,a=IDLE,uri=null,age=0}
03:19:50.007 [qtp399373008-55] DEBUG org.eclipse.jetty.io.ssl.SslConnection - <needFillInterest s=IDLE/INTERESTED f=false i=true w=null
03:19:50.007 [qtp399373008-55] DEBUG org.eclipse.jetty.io.ssl.SslConnection - ensureFillInterested SslConnection@26e16c4e::SocketChannelEndPoint@6b5cdb9b{l=/127.0.0.1:43437,r=/127.0.0.1:54610,OPEN,fill=-,flush=-,to=0/30000}{io=0/0,kio=0,kro=0}->SslConnection@26e16c4e{NOT_HANDSHAKING,eio=-1/-1,di=-1,fill=INTERESTED,flush=IDLE}~>DecryptedEndPoint@32f42b30{l=/127.0.0.1:43437,r=/127.0.0.1:54610,OPEN,fill=FI,flush=-,to=0/30000}=>HttpConnection@77c3b9ab[p=HttpParser{s=START,0 of -1},g=HttpGenerator@355f6e09{s=START}]=>HttpChannelOverHttp@7c5bf57a{s=HttpChannelState@3f79bf47{s=IDLE rs=BLOCKING os=OPEN is=IDLE awp=false se=false i=true al=0},r=0,c=false/false,a=IDLE,uri=null,age=0}
03:19:50.007 [qtp399373008-55] DEBUG org.eclipse.jetty.io.FillInterest - interested FillInterest@8ec8e01{SSLC.NBReadCB@26e16c4e{SslConnection@26e16c4e::SocketChannelEndPoint@6b5cdb9b{l=/127.0.0.1:43437,r=/127.0.0.1:54610,OPEN,fill=FI,flush=-,to=0/30000}{io=0/0,kio=0,kro=0}->SslConnection@26e16c4e{NOT_HANDSHAKING,eio=-1/-1,di=-1,fill=INTERESTED,flush=IDLE}~>DecryptedEndPoint@32f42b30{l=/127.0.0.1:43437,r=/127.0.0.1:54610,OPEN,fill=FI,flush=-,to=0/30000}=>HttpConnection@77c3b9ab[p=HttpParser{s=START,0 of -1},g=HttpGenerator@355f6e09{s=START}]=>HttpChannelOverHttp@7c5bf57a{s=HttpChannelState@3f79bf47{s=IDLE rs=BLOCKING os=OPEN is=IDLE awp=false se=false i=true al=0},r=0,c=false/false,a=IDLE,uri=null,age=0}}}
03:19:50.007 [qtp399373008-55] DEBUG org.eclipse.jetty.io.ChannelEndPoint - changeInterests p=false 0->1 for SocketChannelEndPoint@6b5cdb9b{l=/127.0.0.1:43437,r=/127.0.0.1:54610,OPEN,fill=FI,flush=-,to=0/30000}{io=0/1,kio=0,kro=0}->SslConnection@26e16c4e{NOT_HANDSHAKING,eio=-1/-1,di=-1,fill=INTERESTED,flush=IDLE}~>DecryptedEndPoint@32f42b30{l=/127.0.0.1:43437,r=/127.0.0.1:54610,OPEN,fill=FI,flush=-,to=0/30000}=>HttpConnection@77c3b9ab[p=HttpParser{s=START,0 of -1},g=HttpGenerator@355f6e09{s=START}]=>HttpChannelOverHttp@7c5bf57a{s=HttpChannelState@3f79bf47{s=IDLE rs=BLOCKING os=OPEN is=IDLE awp=false se=false i=true al=0},r=0,c=false/false,a=IDLE,uri=null,age=0}
03:19:50.007 [qtp399373008-55] DEBUG org.eclipse.jetty.io.ManagedSelector - Queued change lazy=false org.eclipse.jetty.io.ChannelEndPoint$$Lambda$255/90666987@2542004e on ManagedSelector@7bb6ab3a{STARTED} id=3 keys=2 selected=0 updates=1
03:19:50.007 [qtp399373008-55] DEBUG org.eclipse.jetty.io.ManagedSelector - Wakeup on submit ManagedSelector@7bb6ab3a{STARTED} id=3 keys=2 selected=0 updates=2
03:19:50.007 [qtp399373008-55] DEBUG org.eclipse.jetty.io.ManagedSelector - Created SocketChannelEndPoint@6b5cdb9b{l=/127.0.0.1:43437,r=/127.0.0.1:54610,OPEN,fill=FI,flush=-,to=0/30000}{io=0/1,kio=0,kro=0}->SslConnection@26e16c4e{NOT_HANDSHAKING,eio=-1/-1,di=-1,fill=INTERESTED,flush=IDLE}~>DecryptedEndPoint@32f42b30{l=/127.0.0.1:43437,r=/127.0.0.1:54610,OPEN,fill=FI,flush=-,to=0/30000}=>HttpConnection@77c3b9ab[p=HttpParser{s=START,0 of -1},g=HttpGenerator@355f6e09{s=START}]=>HttpChannelOverHttp@7c5bf57a{s=HttpChannelState@3f79bf47{s=IDLE rs=BLOCKING os=OPEN is=IDLE awp=false se=false i=true al=0},r=0,c=false/false,a=IDLE,uri=null,age=0}
03:19:50.007 [qtp399373008-55] DEBUG org.eclipse.jetty.util.thread.QueuedThreadPool - ran Accept@2f1e06c2[java.nio.channels.SocketChannel[connected local=/127.0.0.1:43437 remote=/127.0.0.1:54610]] in QueuedThreadPool[qtp399373008]@17cdf2d0{STARTED,8<=8<=200,i=0,r=-1,q=0}[ReservedThreadExecutor@424fd310{reserved=2/8,pending=0}]
03:19:50.007 [qtp399373008-62] DEBUG org.eclipse.jetty.io.ManagedSelector - Selector sun.nio.ch.EPollSelectorImpl@2af73879 woken with none selected
03:19:50.007 [qtp399373008-62] DEBUG org.eclipse.jetty.io.ManagedSelector - Selector sun.nio.ch.EPollSelectorImpl@2af73879 woken up from select, 0/0/2 selected
03:19:50.007 [qtp399373008-62] DEBUG org.eclipse.jetty.io.ManagedSelector - Selector sun.nio.ch.EPollSelectorImpl@2af73879 processing 0 keys, 2 updates
03:19:50.007 [qtp399373008-62] DEBUG org.eclipse.jetty.io.ManagedSelector - updateable 2
03:19:50.007 [qtp399373008-62] DEBUG org.eclipse.jetty.io.ManagedSelector - update org.eclipse.jetty.io.ManagedSelector$$Lambda$258/445561681@5410620c
03:19:50.008 [qtp399373008-62] DEBUG org.eclipse.jetty.io.ManagedSelector - update org.eclipse.jetty.io.ChannelEndPoint$$Lambda$255/90666987@2542004e
03:19:50.008 [qtp399373008-62] DEBUG org.eclipse.jetty.io.ChannelEndPoint - Key interests updated 0 -> 1 on SocketChannelEndPoint@6b5cdb9b{l=/127.0.0.1:43437,r=/127.0.0.1:54610,OPEN,fill=FI,flush=-,to=0/30000}{io=1/1,kio=1,kro=0}->SslConnection@26e16c4e{NOT_HANDSHAKING,eio=-1/-1,di=-1,fill=INTERESTED,flush=IDLE}~>DecryptedEndPoint@32f42b30{l=/127.0.0.1:43437,r=/127.0.0.1:54610,OPEN,fill=FI,flush=-,to=0/30000}=>HttpConnection@77c3b9ab[p=HttpParser{s=START,0 of -1},g=HttpGenerator@355f6e09{s=START}]=>HttpChannelOverHttp@7c5bf57a{s=HttpChannelState@3f79bf47{s=IDLE rs=BLOCKING os=OPEN is=IDLE awp=false se=false i=true al=0},r=0,c=false/false,a=IDLE,uri=null,age=0}
03:19:50.008 [qtp399373008-62] DEBUG org.eclipse.jetty.io.ManagedSelector - updates 0
03:19:50.008 [qtp399373008-62] DEBUG org.eclipse.jetty.io.ManagedSelector - Selector sun.nio.ch.EPollSelectorImpl@2af73879 waiting with 2 keys
03:19:50.008 [qtp399373008-62] DEBUG org.eclipse.jetty.io.ManagedSelector - Selector sun.nio.ch.EPollSelectorImpl@2af73879 woken up from select, 1/1/2 selected
03:19:50.008 [qtp399373008-62] DEBUG org.eclipse.jetty.io.ManagedSelector - Selector sun.nio.ch.EPollSelectorImpl@2af73879 processing 1 keys, 0 updates
03:19:50.008 [qtp399373008-62] DEBUG org.eclipse.jetty.io.ManagedSelector - selected 1 sun.nio.ch.SelectionKeyImpl@302875f2 SocketChannelEndPoint@6b5cdb9b{l=/127.0.0.1:43437,r=/127.0.0.1:54610,OPEN,fill=FI,flush=-,to=1/30000}{io=1/1,kio=1,kro=1}->SslConnection@26e16c4e{NOT_HANDSHAKING,eio=-1/-1,di=-1,fill=INTERESTED,flush=IDLE}~>DecryptedEndPoint@32f42b30{l=/127.0.0.1:43437,r=/127.0.0.1:54610,OPEN,fill=FI,flush=-,to=1/30000}=>HttpConnection@77c3b9ab[p=HttpParser{s=START,0 of -1},g=HttpGenerator@355f6e09{s=START}]=>HttpChannelOverHttp@7c5bf57a{s=HttpChannelState@3f79bf47{s=IDLE rs=BLOCKING os=OPEN is=IDLE awp=false se=false i=true al=0},r=0,c=false/false,a=IDLE,uri=null,age=0} 
03:19:50.008 [qtp399373008-62] DEBUG org.eclipse.jetty.io.ChannelEndPoint - onSelected 1->0 r=true w=false for SocketChannelEndPoint@6b5cdb9b{l=/127.0.0.1:43437,r=/127.0.0.1:54610,OPEN,fill=FI,flush=-,to=1/30000}{io=1/0,kio=1,kro=1}->SslConnection@26e16c4e{NOT_HANDSHAKING,eio=-1/-1,di=-1,fill=INTERESTED,flush=IDLE}~>DecryptedEndPoint@32f42b30{l=/127.0.0.1:43437,r=/127.0.0.1:54610,OPEN,fill=FI,flush=-,to=1/30000}=>HttpConnection@77c3b9ab[p=HttpParser{s=START,0 of -1},g=HttpGenerator@355f6e09{s=START}]=>HttpChannelOverHttp@7c5bf57a{s=HttpChannelState@3f79bf47{s=IDLE rs=BLOCKING os=OPEN is=IDLE awp=false se=false i=true al=0},r=0,c=false/false,a=IDLE,uri=null,age=0}
03:19:50.008 [qtp399373008-62] DEBUG org.eclipse.jetty.io.ChannelEndPoint - task CEP:SocketChannelEndPoint@6b5cdb9b{l=/127.0.0.1:43437,r=/127.0.0.1:54610,OPEN,fill=FI,flush=-,to=1/30000}{io=1/0,kio=1,kro=1}->SslConnection@26e16c4e{NOT_HANDSHAKING,eio=-1/-1,di=-1,fill=INTERESTED,flush=IDLE}~>DecryptedEndPoint@32f42b30{l=/127.0.0.1:43437,r=/127.0.0.1:54610,OPEN,fill=FI,flush=-,to=1/30000}=>HttpConnection@77c3b9ab[p=HttpParser{s=START,0 of -1},g=HttpGenerator@355f6e09{s=START}]=>HttpChannelOverHttp@7c5bf57a{s=HttpChannelState@3f79bf47{s=IDLE rs=BLOCKING os=OPEN is=IDLE awp=false se=false i=true al=0},r=0,c=false/false,a=IDLE,uri=null,age=0}:runFillable:BLOCKING
03:19:50.009 [qtp399373008-62] DEBUG org.eclipse.jetty.util.thread.ReservedThreadExecutor - ReservedThreadExecutor@424fd310{reserved=2/8,pending=0} tryExecute EatWhatYouKill@f478a81/SelectorProducer@19553973/PRODUCING/p=false/QueuedThreadPool[qtp399373008]@17cdf2d0{STARTED,8<=8<=200,i=1,r=-1,q=0}[ReservedThreadExecutor@424fd310{reserved=2/8,pending=0}][pc=0,pic=0,pec=0,epc=3]@2024-05-02T03:19:50.008+01:00
03:19:50.009 [qtp399373008-61] DEBUG org.eclipse.jetty.util.thread.ReservedThreadExecutor - ReservedThread@3ed76982{RESERVED,thread=Thread[qtp399373008-61,5,main]} task=EatWhatYouKill@f478a81/SelectorProducer@19553973/IDLE/p=true/QueuedThreadPool[qtp399373008]@17cdf2d0{STARTED,8<=8<=200,i=1,r=-1,q=0}[ReservedThreadExecutor@424fd310{reserved=1/8,pending=0}][pc=0,pic=0,pec=0,epc=3]@2024-05-02T03:19:50.009+01:00 ReservedThreadExecutor@424fd310{reserved=1/8,pending=0}
03:19:50.009 [qtp399373008-62] DEBUG org.eclipse.jetty.util.thread.strategy.EatWhatYouKill - EatWhatYouKill@f478a81/SelectorProducer@19553973/IDLE/p=true/QueuedThreadPool[qtp399373008]@17cdf2d0{STARTED,8<=8<=200,i=1,r=-1,q=0}[ReservedThreadExecutor@424fd310{reserved=1/8,pending=0}][pc=0,pic=0,pec=0,epc=3]@2024-05-02T03:19:50.009+01:00 m=EXECUTE_PRODUCE_CONSUME t=CEP:SocketChannelEndPoint@6b5cdb9b{l=/127.0.0.1:43437,r=/127.0.0.1:54610,OPEN,fill=FI,flush=-,to=1/30000}{io=1/0,kio=1,kro=1}->SslConnection@26e16c4e{NOT_HANDSHAKING,eio=-1/-1,di=-1,fill=INTERESTED,flush=IDLE}~>DecryptedEndPoint@32f42b30{l=/127.0.0.1:43437,r=/127.0.0.1:54610,OPEN,fill=FI,flush=-,to=1/30000}=>HttpConnection@77c3b9ab[p=HttpParser{s=START,0 of -1},g=HttpGenerator@355f6e09{s=START}]=>HttpChannelOverHttp@7c5bf57a{s=HttpChannelState@3f79bf47{s=IDLE rs=BLOCKING os=OPEN is=IDLE awp=false se=false i=true al=0},r=0,c=false/false,a=IDLE,uri=null,age=0}:runFillable:BLOCKING/BLOCKING
03:19:50.009 [qtp399373008-62] DEBUG org.eclipse.jetty.io.FillInterest - fillable FillInterest@8ec8e01{SSLC.NBReadCB@26e16c4e{SslConnection@26e16c4e::SocketChannelEndPoint@6b5cdb9b{l=/127.0.0.1:43437,r=/127.0.0.1:54610,OPEN,fill=FI,flush=-,to=1/30000}{io=1/0,kio=1,kro=1}->SslConnection@26e16c4e{NOT_HANDSHAKING,eio=-1/-1,di=-1,fill=INTERESTED,flush=IDLE}~>DecryptedEndPoint@32f42b30{l=/127.0.0.1:43437,r=/127.0.0.1:54610,OPEN,fill=FI,flush=-,to=2/30000}=>HttpConnection@77c3b9ab[p=HttpParser{s=START,0 of -1},g=HttpGenerator@355f6e09{s=START}]=>HttpChannelOverHttp@7c5bf57a{s=HttpChannelState@3f79bf47{s=IDLE rs=BLOCKING os=OPEN is=IDLE awp=false se=false i=true al=0},r=0,c=false/false,a=IDLE,uri=null,age=0}}}
03:19:50.009 [qtp399373008-61] DEBUG org.eclipse.jetty.util.thread.strategy.EatWhatYouKill - EatWhatYouKill@f478a81/SelectorProducer@19553973/IDLE/p=true/QueuedThreadPool[qtp399373008]@17cdf2d0{STARTED,8<=8<=200,i=1,r=-1,q=0}[ReservedThreadExecutor@424fd310{reserved=1/8,pending=0}][pc=0,pic=0,pec=0,epc=4]@2024-05-02T03:19:50.009+01:00 tryProduce true
03:19:50.009 [qtp399373008-61] DEBUG org.eclipse.jetty.io.ManagedSelector - updateable 0
03:19:50.009 [qtp399373008-61] DEBUG org.eclipse.jetty.io.ManagedSelector - updates 0
03:19:50.009 [qtp399373008-62] DEBUG org.eclipse.jetty.io.ssl.SslConnection - >c.onFillable SslConnection@26e16c4e::SocketChannelEndPoint@6b5cdb9b{l=/127.0.0.1:43437,r=/127.0.0.1:54610,OPEN,fill=-,flush=-,to=1/30000}{io=1/0,kio=1,kro=1}->SslConnection@26e16c4e{NOT_HANDSHAKING,eio=-1/-1,di=-1,fill=INTERESTED,flush=IDLE}~>DecryptedEndPoint@32f42b30{l=/127.0.0.1:43437,r=/127.0.0.1:54610,OPEN,fill=FI,flush=-,to=2/30000}=>HttpConnection@77c3b9ab[p=HttpParser{s=START,0 of -1},g=HttpGenerator@355f6e09{s=START}]=>HttpChannelOverHttp@7c5bf57a{s=HttpChannelState@3f79bf47{s=IDLE rs=BLOCKING os=OPEN is=IDLE awp=false se=false i=true al=0},r=0,c=false/false,a=IDLE,uri=null,age=0}
03:19:50.009 [qtp399373008-61] DEBUG org.eclipse.jetty.io.ChannelEndPoint - Key interests updated 1 -> 0 on SocketChannelEndPoint@6b5cdb9b{l=/127.0.0.1:43437,r=/127.0.0.1:54610,OPEN,fill=-,flush=-,to=1/30000}{io=0/0,kio=0,kro=1}->SslConnection@26e16c4e{NOT_HANDSHAKING,eio=-1/-1,di=-1,fill=INTERESTED,flush=IDLE}~>DecryptedEndPoint@32f42b30{l=/127.0.0.1:43437,r=/127.0.0.1:54610,OPEN,fill=FI,flush=-,to=2/30000}=>HttpConnection@77c3b9ab[p=HttpParser{s=START,0 of -1},g=HttpGenerator@355f6e09{s=START}]=>HttpChannelOverHttp@7c5bf57a{s=HttpChannelState@3f79bf47{s=IDLE rs=BLOCKING os=OPEN is=IDLE awp=false se=false i=true al=0},r=0,c=false/false,a=IDLE,uri=null,age=0}
03:19:50.009 [qtp399373008-62] DEBUG org.eclipse.jetty.io.ssl.SslConnection - onFillable SslConnection@26e16c4e::SocketChannelEndPoint@6b5cdb9b{l=/127.0.0.1:43437,r=/127.0.0.1:54610,OPEN,fill=-,flush=-,to=1/30000}{io=0/0,kio=0,kro=1}->SslConnection@26e16c4e{NOT_HANDSHAKING,eio=-1/-1,di=-1,fill=INTERESTED,flush=IDLE}~>DecryptedEndPoint@32f42b30{l=/127.0.0.1:43437,r=/127.0.0.1:54610,OPEN,fill=FI,flush=-,to=2/30000}=>HttpConnection@77c3b9ab[p=HttpParser{s=START,0 of -1},g=HttpGenerator@355f6e09{s=START}]=>HttpChannelOverHttp@7c5bf57a{s=HttpChannelState@3f79bf47{s=IDLE rs=BLOCKING os=OPEN is=IDLE awp=false se=false i=true al=0},r=0,c=false/false,a=IDLE,uri=null,age=0}
03:19:50.009 [qtp399373008-61] DEBUG org.eclipse.jetty.io.ManagedSelector - Selector sun.nio.ch.EPollSelectorImpl@2af73879 waiting with 2 keys
03:19:50.009 [qtp399373008-62] DEBUG org.eclipse.jetty.io.FillInterest - fillable FillInterest@5f3b87e8{AC.ReadCB@77c3b9ab{HttpConnection@77c3b9ab::DecryptedEndPoint@32f42b30{l=/127.0.0.1:43437,r=/127.0.0.1:54610,OPEN,fill=FI,flush=-,to=2/30000}}}
03:19:50.009 [qtp399373008-62] DEBUG org.eclipse.jetty.server.HttpConnection - HttpConnection@77c3b9ab::DecryptedEndPoint@32f42b30{l=/127.0.0.1:43437,r=/127.0.0.1:54610,OPEN,fill=-,flush=-,to=2/30000} onFillable enter HttpChannelState@3f79bf47{s=IDLE rs=BLOCKING os=OPEN is=IDLE awp=false se=false i=true al=0} null
03:19:50.009 [qtp399373008-62] DEBUG org.eclipse.jetty.io.ssl.SslConnection - >fill SslConnection@26e16c4e::SocketChannelEndPoint@6b5cdb9b{l=/127.0.0.1:43437,r=/127.0.0.1:54610,OPEN,fill=-,flush=-,to=2/30000}{io=0/0,kio=0,kro=1}->SslConnection@26e16c4e{NOT_HANDSHAKING,eio=-1/-1,di=-1,fill=IDLE,flush=IDLE}~>DecryptedEndPoint@32f42b30{l=/127.0.0.1:43437,r=/127.0.0.1:54610,OPEN,fill=-,flush=-,to=2/30000}=>HttpConnection@77c3b9ab[p=HttpParser{s=START,0 of -1},g=HttpGenerator@355f6e09{s=START}]=>HttpChannelOverHttp@7c5bf57a{s=HttpChannelState@3f79bf47{s=IDLE rs=BLOCKING os=OPEN is=IDLE awp=false se=false i=true al=0},r=0,c=false/false,a=IDLE,uri=null,age=0}
03:19:50.009 [qtp399373008-62] DEBUG org.eclipse.jetty.io.ssl.SslConnection - fill NOT_HANDSHAKING
03:19:50.010 [qtp399373008-62] DEBUG org.eclipse.jetty.io.ChannelEndPoint - filled 339 HeapByteBuffer@13266df0[p=0,l=339,c=17408,r=339]={<<<\x16\x03\x03\x01N\x01\x00\x01J\x03\x03\xCd\x12\x0ckXa;\x97\xFc\xFcj\xDde\xCb...\x16\xD6/\xB5q\xEe\xB5g\xBag\x19.\xEf!\xE9~\xD3\xB3\xFf\x01\x00\x01\x00>>>\xF9\xFb}{\xC0\xFag\xC6G...\x00\x00\x00\x00\x00\x00\x00}
03:19:50.010 [qtp399373008-62] DEBUG org.eclipse.jetty.io.ssl.SslConnection - net filled=339
03:19:50.010 [qtp399373008-62] DEBUG org.eclipse.jetty.io.ssl.SslConnection - fill starting handshake SslConnection@26e16c4e::SocketChannelEndPoint@6b5cdb9b{l=/127.0.0.1:43437,r=/127.0.0.1:54610,OPEN,fill=-,flush=-,to=0/30000}{io=0/0,kio=0,kro=1}->SslConnection@26e16c4e{NOT_HANDSHAKING,eio=339/-1,di=-1,fill=IDLE,flush=IDLE}~>DecryptedEndPoint@32f42b30{l=/127.0.0.1:43437,r=/127.0.0.1:54610,OPEN,fill=-,flush=-,to=2/30000}=>HttpConnection@77c3b9ab[p=HttpParser{s=START,0 of -1},g=HttpGenerator@355f6e09{s=START}]=>HttpChannelOverHttp@7c5bf57a{s=HttpChannelState@3f79bf47{s=IDLE rs=BLOCKING os=OPEN is=IDLE awp=false se=false i=true al=0},r=0,c=false/false,a=IDLE,uri=null,age=0}
03:19:50.010 [qtp399373008-62] DEBUG org.eclipse.jetty.io.ssl.SslConnection - unwrap net_filled=339 Status = OK HandshakeStatus = NEED_TASK bytesConsumed = 339 bytesProduced = 0 encryptedBuffer=[p=339,l=339,c=17408,r=0] unwrapBuffer=HeapByteBuffer@19de0680[p=0,l=0,c=17408,r=0]={<<<>>>\x17\x03\x03\x00\xC9\x1e\x10\x16\xD0...\x00\x00\x00\x00\x00\x00\x00} appBuffer=HeapByteBuffer@19de0680[p=0,l=0,c=17408,r=0]={<<<>>>\x17\x03\x03\x00\xC9\x1e\x10\x16\xD0...\x00\x00\x00\x00\x00\x00\x00}
03:19:50.010 [qtp399373008-62] DEBUG org.eclipse.jetty.io.ssl.SslConnection - fill NEED_TASK
03:19:50.016 [qtp399373008-62] DEBUG org.eclipse.jetty.io.ssl.SslConnection - fill NEED_WRAP
03:19:50.016 [qtp399373008-62] DEBUG org.eclipse.jetty.io.ssl.SslConnection - >flush SslConnection@26e16c4e::SocketChannelEndPoint@6b5cdb9b{l=/127.0.0.1:43437,r=/127.0.0.1:54610,OPEN,fill=-,flush=-,to=6/30000}{io=0/0,kio=0,kro=1}->SslConnection@26e16c4e{NEED_WRAP,eio=0/-1,di=-1,fill=IDLE,flush=IDLE}~>DecryptedEndPoint@32f42b30{l=/127.0.0.1:43437,r=/127.0.0.1:54610,OPEN,fill=-,flush=-,to=9/30000}=>HttpConnection@77c3b9ab[p=HttpParser{s=START,0 of -1},g=HttpGenerator@355f6e09{s=START}]=>HttpChannelOverHttp@7c5bf57a{s=HttpChannelState@3f79bf47{s=IDLE rs=BLOCKING os=OPEN is=IDLE awp=false se=false i=true al=0},r=0,c=false/false,a=IDLE,uri=null,age=0}
03:19:50.016 [qtp399373008-62] DEBUG org.eclipse.jetty.io.ssl.SslConnection - flush b[0]=HeapByteBuffer@60c04197[p=0,l=0,c=0,r=0]={<<<>>>}
03:19:50.016 [qtp399373008-62] DEBUG org.eclipse.jetty.io.ssl.SslConnection - flush NEED_WRAP
03:19:50.016 [qtp399373008-62] DEBUG org.eclipse.jetty.io.ssl.SslConnection - wrap Status = OK HandshakeStatus = NEED_WRAP bytesConsumed = 0 bytesProduced = 160 [p=0,l=160,c=17408,r=160] ioDone=false/false
03:19:50.017 [qtp399373008-62] DEBUG org.eclipse.jetty.io.ChannelEndPoint - flushed 160 SocketChannelEndPoint@6b5cdb9b{l=/127.0.0.1:43437,r=/127.0.0.1:54610,OPEN,fill=-,flush=-,to=7/30000}{io=0/0,kio=0,kro=1}->SslConnection@26e16c4e{NEED_WRAP,eio=0/0,di=-1,fill=IDLE,flush=IDLE}~>DecryptedEndPoint@32f42b30{l=/127.0.0.1:43437,r=/127.0.0.1:54610,OPEN,fill=-,flush=-,to=9/30000}=>HttpConnection@77c3b9ab[p=HttpParser{s=START,0 of -1},g=HttpGenerator@355f6e09{s=START}]=>HttpChannelOverHttp@7c5bf57a{s=HttpChannelState@3f79bf47{s=IDLE rs=BLOCKING os=OPEN is=IDLE awp=false se=false i=true al=0},r=0,c=false/false,a=IDLE,uri=null,age=0}
03:19:50.017 [qtp399373008-62] DEBUG org.eclipse.jetty.io.ssl.SslConnection - net flushed=true, ac=true
03:19:50.017 [qtp399373008-62] DEBUG org.eclipse.jetty.io.ssl.SslConnection - flush NEED_WRAP
03:19:50.017 [qtp399373008-62] DEBUG org.eclipse.jetty.io.ssl.SslConnection - wrap Status = OK HandshakeStatus = NEED_WRAP bytesConsumed = 0 bytesProduced = 6 [p=0,l=6,c=17408,r=6] ioDone=false/false
03:19:50.017 [qtp399373008-62] DEBUG org.eclipse.jetty.io.ChannelEndPoint - flushed 6 SocketChannelEndPoint@6b5cdb9b{l=/127.0.0.1:43437,r=/127.0.0.1:54610,OPEN,fill=-,flush=-,to=0/30000}{io=0/0,kio=0,kro=1}->SslConnection@26e16c4e{NEED_WRAP,eio=0/0,di=-1,fill=IDLE,flush=IDLE}~>DecryptedEndPoint@32f42b30{l=/127.0.0.1:43437,r=/127.0.0.1:54610,OPEN,fill=-,flush=-,to=10/30000}=>HttpConnection@77c3b9ab[p=HttpParser{s=START,0 of -1},g=HttpGenerator@355f6e09{s=START}]=>HttpChannelOverHttp@7c5bf57a{s=HttpChannelState@3f79bf47{s=IDLE rs=BLOCKING os=OPEN is=IDLE awp=false se=false i=true al=0},r=0,c=false/false,a=IDLE,uri=null,age=0}
03:19:50.017 [qtp399373008-62] DEBUG org.eclipse.jetty.io.ssl.SslConnection - net flushed=true, ac=true
03:19:50.017 [qtp399373008-62] DEBUG org.eclipse.jetty.io.ssl.SslConnection - flush NEED_WRAP
03:19:50.017 [qtp399373008-62] DEBUG org.eclipse.jetty.io.ssl.SslConnection - wrap Status = OK HandshakeStatus = NEED_UNWRAP bytesConsumed = 0 bytesProduced = 1597 [p=0,l=1597,c=17408,r=1597] ioDone=false/false
03:19:50.017 [qtp399373008-62] DEBUG org.eclipse.jetty.io.ChannelEndPoint - flushed 1597 SocketChannelEndPoint@6b5cdb9b{l=/127.0.0.1:43437,r=/127.0.0.1:54610,OPEN,fill=-,flush=-,to=0/30000}{io=0/0,kio=0,kro=1}->SslConnection@26e16c4e{NEED_UNWRAP,eio=0/0,di=-1,fill=IDLE,flush=IDLE}~>DecryptedEndPoint@32f42b30{l=/127.0.0.1:43437,r=/127.0.0.1:54610,OPEN,fill=-,flush=-,to=10/30000}=>HttpConnection@77c3b9ab[p=HttpParser{s=START,0 of -1},g=HttpGenerator@355f6e09{s=START}]=>HttpChannelOverHttp@7c5bf57a{s=HttpChannelState@3f79bf47{s=IDLE rs=BLOCKING os=OPEN is=IDLE awp=false se=false i=true al=0},r=0,c=false/false,a=IDLE,uri=null,age=0}
03:19:50.017 [qtp399373008-62] DEBUG org.eclipse.jetty.io.ssl.SslConnection - net flushed=true, ac=true
03:19:50.018 [qtp399373008-62] DEBUG org.eclipse.jetty.io.ssl.SslConnection - <flush true SslConnection@26e16c4e::SocketChannelEndPoint@6b5cdb9b{l=/127.0.0.1:43437,r=/127.0.0.1:54610,OPEN,fill=-,flush=-,to=0/30000}{io=0/0,kio=0,kro=1}->SslConnection@26e16c4e{NEED_UNWRAP,eio=0/-1,di=-1,fill=IDLE,flush=IDLE}~>DecryptedEndPoint@32f42b30{l=/127.0.0.1:43437,r=/127.0.0.1:54610,OPEN,fill=-,flush=-,to=10/30000}=>HttpConnection@77c3b9ab[p=HttpParser{s=START,0 of -1},g=HttpGenerator@355f6e09{s=START}]=>HttpChannelOverHttp@7c5bf57a{s=HttpChannelState@3f79bf47{s=IDLE rs=BLOCKING os=OPEN is=IDLE awp=false se=false i=true al=0},r=0,c=false/false,a=IDLE,uri=null,age=0}
03:19:50.018 [qtp399373008-62] DEBUG org.eclipse.jetty.io.ssl.SslConnection - fill NEED_UNWRAP
03:19:50.018 [qtp399373008-62] DEBUG org.eclipse.jetty.io.ChannelEndPoint - filled 0 HeapByteBuffer@13266df0[p=0,l=0,c=17408,r=0]={<<<>>>\x16\x03\x03\x01N\x01\x00\x01J...\x00\x00\x00\x00\x00\x00\x00}
03:19:50.018 [qtp399373008-62] DEBUG org.eclipse.jetty.io.ssl.SslConnection - net filled=0
03:19:50.018 [qtp399373008-62] DEBUG org.eclipse.jetty.io.ssl.SslConnection - unwrap net_filled=0 Status = BUFFER_UNDERFLOW HandshakeStatus = NEED_UNWRAP bytesConsumed = 0 bytesProduced = 0 encryptedBuffer=[p=0,l=0,c=17408,r=0] unwrapBuffer=HeapByteBuffer@19de0680[p=0,l=0,c=17408,r=0]={<<<>>>\x17\x03\x03\x00\xC9\x1e\x10\x16\xD0...\x00\x00\x00\x00\x00\x00\x00} appBuffer=HeapByteBuffer@19de0680[p=0,l=0,c=17408,r=0]={<<<>>>\x17\x03\x03\x00\xC9\x1e\x10\x16\xD0...\x00\x00\x00\x00\x00\x00\x00}
03:19:50.018 [qtp399373008-62] DEBUG org.eclipse.jetty.io.ssl.SslConnection - <fill f=0 uf=true SslConnection@26e16c4e::SocketChannelEndPoint@6b5cdb9b{l=/127.0.0.1:43437,r=/127.0.0.1:54610,OPEN,fill=-,flush=-,to=0/30000}{io=0/0,kio=0,kro=1}->SslConnection@26e16c4e{NEED_UNWRAP,eio=-1/-1,di=-1,fill=IDLE,flush=IDLE}~>DecryptedEndPoint@32f42b30{l=/127.0.0.1:43437,r=/127.0.0.1:54610,OPEN,fill=-,flush=-,to=10/30000}=>HttpConnection@77c3b9ab[p=HttpParser{s=START,0 of -1},g=HttpGenerator@355f6e09{s=START}]=>HttpChannelOverHttp@7c5bf57a{s=HttpChannelState@3f79bf47{s=IDLE rs=BLOCKING os=OPEN is=IDLE awp=false se=false i=true al=0},r=0,c=false/false,a=IDLE,uri=null,age=0}
03:19:50.018 [qtp399373008-62] DEBUG org.eclipse.jetty.io.ssl.SslConnection - >fill SslConnection@26e16c4e::SocketChannelEndPoint@6b5cdb9b{l=/127.0.0.1:43437,r=/127.0.0.1:54610,OPEN,fill=-,flush=-,to=0/30000}{io=0/0,kio=0,kro=1}->SslConnection@26e16c4e{NEED_UNWRAP,eio=-1/-1,di=-1,fill=IDLE,flush=IDLE}~>DecryptedEndPoint@32f42b30{l=/127.0.0.1:43437,r=/127.0.0.1:54610,OPEN,fill=-,flush=-,to=10/30000}=>HttpConnection@77c3b9ab[p=HttpParser{s=START,0 of -1},g=HttpGenerator@355f6e09{s=START}]=>HttpChannelOverHttp@7c5bf57a{s=HttpChannelState@3f79bf47{s=IDLE rs=BLOCKING os=OPEN is=IDLE awp=false se=false i=true al=0},r=0,c=false/false,a=IDLE,uri=null,age=0}
03:19:50.018 [qtp399373008-62] DEBUG org.eclipse.jetty.io.ssl.SslConnection - fill NEED_UNWRAP
03:19:50.018 [qtp399373008-62] DEBUG org.eclipse.jetty.io.ChannelEndPoint - filled 0 HeapByteBuffer@1719ebcb[p=0,l=0,c=17408,r=0]={<<<>>>\x17\x03\x03\x068\xE5$\xA4\xC2...\x00\x00\x00\x00\x00\x00\x00}
03:19:50.018 [qtp399373008-62] DEBUG org.eclipse.jetty.io.ssl.SslConnection - net filled=0
03:19:50.018 [qtp399373008-62] DEBUG org.eclipse.jetty.io.ssl.SslConnection - unwrap net_filled=0 Status = BUFFER_UNDERFLOW HandshakeStatus = NEED_UNWRAP bytesConsumed = 0 bytesProduced = 0 encryptedBuffer=[p=0,l=0,c=17408,r=0] unwrapBuffer=HeapByteBuffer@19de0680[p=0,l=0,c=17408,r=0]={<<<>>>\x17\x03\x03\x00\xC9\x1e\x10\x16\xD0...\x00\x00\x00\x00\x00\x00\x00} appBuffer=HeapByteBuffer@19de0680[p=0,l=0,c=17408,r=0]={<<<>>>\x17\x03\x03\x00\xC9\x1e\x10\x16\xD0...\x00\x00\x00\x00\x00\x00\x00}
03:19:50.018 [qtp399373008-62] DEBUG org.eclipse.jetty.io.ssl.SslConnection - <fill f=0 uf=true SslConnection@26e16c4e::SocketChannelEndPoint@6b5cdb9b{l=/127.0.0.1:43437,r=/127.0.0.1:54610,OPEN,fill=-,flush=-,to=0/30000}{io=0/0,kio=0,kro=1}->SslConnection@26e16c4e{NEED_UNWRAP,eio=-1/-1,di=-1,fill=IDLE,flush=IDLE}~>DecryptedEndPoint@32f42b30{l=/127.0.0.1:43437,r=/127.0.0.1:54610,OPEN,fill=-,flush=-,to=11/30000}=>HttpConnection@77c3b9ab[p=HttpParser{s=START,0 of -1},g=HttpGenerator@355f6e09{s=START}]=>HttpChannelOverHttp@7c5bf57a{s=HttpChannelState@3f79bf47{s=IDLE rs=BLOCKING os=OPEN is=IDLE awp=false se=false i=true al=0},r=0,c=false/false,a=IDLE,uri=null,age=0}
03:19:50.018 [qtp399373008-62] DEBUG org.eclipse.jetty.server.HttpConnection - HttpConnection@77c3b9ab::DecryptedEndPoint@32f42b30{l=/127.0.0.1:43437,r=/127.0.0.1:54610,OPEN,fill=-,flush=-,to=11/30000} filled 0 HeapByteBuffer@19de0680[p=0,l=0,c=17408,r=0]={<<<>>>\x17\x03\x03\x00\xC9\x1e\x10\x16\xD0...\x00\x00\x00\x00\x00\x00\x00}
03:19:50.018 [qtp399373008-62] DEBUG org.eclipse.jetty.server.HttpConnection - HttpConnection@77c3b9ab::DecryptedEndPoint@32f42b30{l=/127.0.0.1:43437,r=/127.0.0.1:54610,OPEN,fill=-,flush=-,to=11/30000} parse HeapByteBuffer@19de0680[p=0,l=0,c=17408,r=0]={<<<>>>\x17\x03\x03\x00\xC9\x1e\x10\x16\xD0...\x00\x00\x00\x00\x00\x00\x00} {}
03:19:50.018 [qtp399373008-62] DEBUG org.eclipse.jetty.http.HttpParser - parseNext s=START HeapByteBuffer@19de0680[p=0,l=0,c=17408,r=0]={<<<>>>\x17\x03\x03\x00\xC9\x1e\x10\x16\xD0...\x00\x00\x00\x00\x00\x00\x00}
03:19:50.018 [qtp399373008-62] DEBUG org.eclipse.jetty.server.HttpConnection - HttpConnection@77c3b9ab::DecryptedEndPoint@32f42b30{l=/127.0.0.1:43437,r=/127.0.0.1:54610,OPEN,fill=-,flush=-,to=11/30000} parsed false HttpParser{s=START,0 of -1}
03:19:50.018 [qtp399373008-62] DEBUG org.eclipse.jetty.server.HttpConnection - releaseRequestBuffer HttpConnection@77c3b9ab::DecryptedEndPoint@32f42b30{l=/127.0.0.1:43437,r=/127.0.0.1:54610,OPEN,fill=-,flush=-,to=11/30000}
03:19:50.018 [qtp399373008-62] DEBUG org.eclipse.jetty.io.AbstractConnection - fillInterested HttpConnection@77c3b9ab::DecryptedEndPoint@32f42b30{l=/127.0.0.1:43437,r=/127.0.0.1:54610,OPEN,fill=-,flush=-,to=11/30000}
03:19:50.018 [qtp399373008-62] DEBUG org.eclipse.jetty.io.FillInterest - interested FillInterest@5f3b87e8{AC.ReadCB@77c3b9ab{HttpConnection@77c3b9ab::DecryptedEndPoint@32f42b30{l=/127.0.0.1:43437,r=/127.0.0.1:54610,OPEN,fill=FI,flush=-,to=0/30000}}}
03:19:50.018 [qtp399373008-62] DEBUG org.eclipse.jetty.io.ssl.SslConnection - >needFillInterest s=IDLE/IDLE uf=true ei=null di=null SslConnection@26e16c4e::SocketChannelEndPoint@6b5cdb9b{l=/127.0.0.1:43437,r=/127.0.0.1:54610,OPEN,fill=-,flush=-,to=0/30000}{io=0/0,kio=0,kro=1}->SslConnection@26e16c4e{NEED_UNWRAP,eio=-1/-1,di=-1,fill=IDLE,flush=IDLE}~>DecryptedEndPoint@32f42b30{l=/127.0.0.1:43437,r=/127.0.0.1:54610,OPEN,fill=FI,flush=-,to=0/30000}=>HttpConnection@77c3b9ab[p=HttpParser{s=START,0 of -1},g=HttpGenerator@355f6e09{s=START}]=>HttpChannelOverHttp@7c5bf57a{s=HttpChannelState@3f79bf47{s=IDLE rs=BLOCKING os=OPEN is=IDLE awp=false se=false i=true al=0},r=0,c=false/false,a=IDLE,uri=null,age=0}
03:19:50.018 [qtp399373008-62] DEBUG org.eclipse.jetty.io.ssl.SslConnection - <needFillInterest s=IDLE/INTERESTED f=false i=true w=null
03:19:50.018 [qtp399373008-62] DEBUG org.eclipse.jetty.io.ssl.SslConnection - ensureFillInterested SslConnection@26e16c4e::SocketChannelEndPoint@6b5cdb9b{l=/127.0.0.1:43437,r=/127.0.0.1:54610,OPEN,fill=-,flush=-,to=0/30000}{io=0/0,kio=0,kro=1}->SslConnection@26e16c4e{NEED_UNWRAP,eio=-1/-1,di=-1,fill=INTERESTED,flush=IDLE}~>DecryptedEndPoint@32f42b30{l=/127.0.0.1:43437,r=/127.0.0.1:54610,OPEN,fill=FI,flush=-,to=0/30000}=>HttpConnection@77c3b9ab[p=HttpParser{s=START,0 of -1},g=HttpGenerator@355f6e09{s=START}]=>HttpChannelOverHttp@7c5bf57a{s=HttpChannelState@3f79bf47{s=IDLE rs=BLOCKING os=OPEN is=IDLE awp=false se=false i=true al=0},r=0,c=false/false,a=IDLE,uri=null,age=0}
03:19:50.018 [qtp399373008-62] DEBUG org.eclipse.jetty.io.FillInterest - interested FillInterest@8ec8e01{SSLC.NBReadCB@26e16c4e{SslConnection@26e16c4e::SocketChannelEndPoint@6b5cdb9b{l=/127.0.0.1:43437,r=/127.0.0.1:54610,OPEN,fill=FI,flush=-,to=0/30000}{io=0/0,kio=0,kro=1}->SslConnection@26e16c4e{NEED_UNWRAP,eio=-1/-1,di=-1,fill=INTERESTED,flush=IDLE}~>DecryptedEndPoint@32f42b30{l=/127.0.0.1:43437,r=/127.0.0.1:54610,OPEN,fill=FI,flush=-,to=0/30000}=>HttpConnection@77c3b9ab[p=HttpParser{s=START,0 of -1},g=HttpGenerator@355f6e09{s=START}]=>HttpChannelOverHttp@7c5bf57a{s=HttpChannelState@3f79bf47{s=IDLE rs=BLOCKING os=OPEN is=IDLE awp=false se=false i=true al=0},r=0,c=false/false,a=IDLE,uri=null,age=0}}}
03:19:50.019 [qtp399373008-62] DEBUG org.eclipse.jetty.io.ChannelEndPoint - changeInterests p=false 0->1 for SocketChannelEndPoint@6b5cdb9b{l=/127.0.0.1:43437,r=/127.0.0.1:54610,OPEN,fill=FI,flush=-,to=0/30000}{io=0/1,kio=0,kro=1}->SslConnection@26e16c4e{NEED_UNWRAP,eio=-1/-1,di=-1,fill=INTERESTED,flush=IDLE}~>DecryptedEndPoint@32f42b30{l=/127.0.0.1:43437,r=/127.0.0.1:54610,OPEN,fill=FI,flush=-,to=0/30000}=>HttpConnection@77c3b9ab[p=HttpParser{s=START,0 of -1},g=HttpGenerator@355f6e09{s=START}]=>HttpChannelOverHttp@7c5bf57a{s=HttpChannelState@3f79bf47{s=IDLE rs=BLOCKING os=OPEN is=IDLE awp=false se=false i=true al=0},r=0,c=false/false,a=IDLE,uri=null,age=0}
03:19:50.019 [qtp399373008-62] DEBUG org.eclipse.jetty.io.ManagedSelector - Queued change lazy=false org.eclipse.jetty.io.ChannelEndPoint$$Lambda$255/90666987@2542004e on ManagedSelector@7bb6ab3a{STARTED} id=3 keys=2 selected=0 updates=0
03:19:50.019 [qtp399373008-62] DEBUG org.eclipse.jetty.io.ManagedSelector - Wakeup on submit ManagedSelector@7bb6ab3a{STARTED} id=3 keys=2 selected=0 updates=1
03:19:50.019 [qtp399373008-61] DEBUG org.eclipse.jetty.io.ManagedSelector - Selector sun.nio.ch.EPollSelectorImpl@2af73879 woken with none selected
03:19:50.019 [qtp399373008-61] DEBUG org.eclipse.jetty.io.ManagedSelector - Selector sun.nio.ch.EPollSelectorImpl@2af73879 woken up from select, 0/0/2 selected
03:19:50.019 [qtp399373008-61] DEBUG org.eclipse.jetty.io.ManagedSelector - Selector sun.nio.ch.EPollSelectorImpl@2af73879 processing 0 keys, 1 updates
03:19:50.019 [qtp399373008-61] DEBUG org.eclipse.jetty.io.ManagedSelector - updateable 1
03:19:50.019 [qtp399373008-61] DEBUG org.eclipse.jetty.io.ManagedSelector - update org.eclipse.jetty.io.ChannelEndPoint$$Lambda$255/90666987@2542004e
03:19:50.019 [qtp399373008-61] DEBUG org.eclipse.jetty.io.ChannelEndPoint - Key interests updated 0 -> 1 on SocketChannelEndPoint@6b5cdb9b{l=/127.0.0.1:43437,r=/127.0.0.1:54610,OPEN,fill=FI,flush=-,to=0/30000}{io=1/1,kio=1,kro=1}->SslConnection@26e16c4e{NEED_UNWRAP,eio=-1/-1,di=-1,fill=INTERESTED,flush=IDLE}~>DecryptedEndPoint@32f42b30{l=/127.0.0.1:43437,r=/127.0.0.1:54610,OPEN,fill=FI,flush=-,to=0/30000}=>HttpConnection@77c3b9ab[p=HttpParser{s=START,0 of -1},g=HttpGenerator@355f6e09{s=START}]=>HttpChannelOverHttp@7c5bf57a{s=HttpChannelState@3f79bf47{s=IDLE rs=BLOCKING os=OPEN is=IDLE awp=false se=false i=true al=0},r=0,c=false/false,a=IDLE,uri=null,age=0}
03:19:50.019 [qtp399373008-62] DEBUG org.eclipse.jetty.server.HttpConnection - HttpConnection@77c3b9ab::DecryptedEndPoint@32f42b30{l=/127.0.0.1:43437,r=/127.0.0.1:54610,OPEN,fill=FI,flush=-,to=0/30000} onFillable exit HttpChannelState@3f79bf47{s=IDLE rs=BLOCKING os=OPEN is=IDLE awp=false se=false i=true al=0} null
03:19:50.019 [qtp399373008-61] DEBUG org.eclipse.jetty.io.ManagedSelector - updates 0
03:19:50.019 [qtp399373008-61] DEBUG org.eclipse.jetty.io.ManagedSelector - Selector sun.nio.ch.EPollSelectorImpl@2af73879 waiting with 2 keys
03:19:50.019 [qtp399373008-62] DEBUG org.eclipse.jetty.io.ssl.SslConnection - <c.onFillable SslConnection@26e16c4e::SocketChannelEndPoint@6b5cdb9b{l=/127.0.0.1:43437,r=/127.0.0.1:54610,OPEN,fill=FI,flush=-,to=0/30000}{io=1/1,kio=1,kro=1}->SslConnection@26e16c4e{NEED_UNWRAP,eio=-1/-1,di=-1,fill=INTERESTED,flush=IDLE}~>DecryptedEndPoint@32f42b30{l=/127.0.0.1:43437,r=/127.0.0.1:54610,OPEN,fill=FI,flush=-,to=1/30000}=>HttpConnection@77c3b9ab[p=HttpParser{s=START,0 of -1},g=HttpGenerator@355f6e09{s=START}]=>HttpChannelOverHttp@7c5bf57a{s=HttpChannelState@3f79bf47{s=IDLE rs=BLOCKING os=OPEN is=IDLE awp=false se=false i=true al=0},r=0,c=false/false,a=IDLE,uri=null,age=0}
03:19:50.019 [qtp399373008-62] DEBUG org.eclipse.jetty.util.thread.ReservedThreadExecutor - ReservedThread@29c437c9{RUNNING,thread=Thread[qtp399373008-62,5,main]} was=RUNNING next=RESERVED size=0+2 capacity=8
03:19:50.019 [qtp399373008-62] DEBUG org.eclipse.jetty.util.thread.ReservedThreadExecutor - ReservedThread@29c437c9{RESERVED,thread=Thread[qtp399373008-62,5,main]} waiting ReservedThreadExecutor@424fd310{reserved=2/8,pending=0}
03:19:50.021 [qtp399373008-61] DEBUG org.eclipse.jetty.io.ManagedSelector - Selector sun.nio.ch.EPollSelectorImpl@2af73879 woken up from select, 1/1/2 selected
03:19:50.021 [qtp399373008-61] DEBUG org.eclipse.jetty.io.ManagedSelector - Selector sun.nio.ch.EPollSelectorImpl@2af73879 processing 1 keys, 0 updates
03:19:50.021 [qtp399373008-61] DEBUG org.eclipse.jetty.io.ManagedSelector - selected 1 sun.nio.ch.SelectionKeyImpl@302875f2 SocketChannelEndPoint@6b5cdb9b{l=/127.0.0.1:43437,r=/127.0.0.1:54610,OPEN,fill=FI,flush=-,to=2/30000}{io=1/1,kio=1,kro=1}->SslConnection@26e16c4e{NEED_UNWRAP,eio=-1/-1,di=-1,fill=INTERESTED,flush=IDLE}~>DecryptedEndPoint@32f42b30{l=/127.0.0.1:43437,r=/127.0.0.1:54610,OPEN,fill=FI,flush=-,to=2/30000}=>HttpConnection@77c3b9ab[p=HttpParser{s=START,0 of -1},g=HttpGenerator@355f6e09{s=START}]=>HttpChannelOverHttp@7c5bf57a{s=HttpChannelState@3f79bf47{s=IDLE rs=BLOCKING os=OPEN is=IDLE awp=false se=false i=true al=0},r=0,c=false/false,a=IDLE,uri=null,age=0} 
03:19:50.021 [qtp399373008-61] DEBUG org.eclipse.jetty.io.ChannelEndPoint - onSelected 1->0 r=true w=false for SocketChannelEndPoint@6b5cdb9b{l=/127.0.0.1:43437,r=/127.0.0.1:54610,OPEN,fill=FI,flush=-,to=2/30000}{io=1/0,kio=1,kro=1}->SslConnection@26e16c4e{NEED_UNWRAP,eio=-1/-1,di=-1,fill=INTERESTED,flush=IDLE}~>DecryptedEndPoint@32f42b30{l=/127.0.0.1:43437,r=/127.0.0.1:54610,OPEN,fill=FI,flush=-,to=2/30000}=>HttpConnection@77c3b9ab[p=HttpParser{s=START,0 of -1},g=HttpGenerator@355f6e09{s=START}]=>HttpChannelOverHttp@7c5bf57a{s=HttpChannelState@3f79bf47{s=IDLE rs=BLOCKING os=OPEN is=IDLE awp=false se=false i=true al=0},r=0,c=false/false,a=IDLE,uri=null,age=0}
03:19:50.021 [qtp399373008-61] DEBUG org.eclipse.jetty.io.ChannelEndPoint - task CEP:SocketChannelEndPoint@6b5cdb9b{l=/127.0.0.1:43437,r=/127.0.0.1:54610,OPEN,fill=FI,flush=-,to=2/30000}{io=1/0,kio=1,kro=1}->SslConnection@26e16c4e{NEED_UNWRAP,eio=-1/-1,di=-1,fill=INTERESTED,flush=IDLE}~>DecryptedEndPoint@32f42b30{l=/127.0.0.1:43437,r=/127.0.0.1:54610,OPEN,fill=FI,flush=-,to=3/30000}=>HttpConnection@77c3b9ab[p=HttpParser{s=START,0 of -1},g=HttpGenerator@355f6e09{s=START}]=>HttpChannelOverHttp@7c5bf57a{s=HttpChannelState@3f79bf47{s=IDLE rs=BLOCKING os=OPEN is=IDLE awp=false se=false i=true al=0},r=0,c=false/false,a=IDLE,uri=null,age=0}:runFillable:BLOCKING
03:19:50.021 [qtp399373008-61] DEBUG org.eclipse.jetty.util.thread.ReservedThreadExecutor - ReservedThreadExecutor@424fd310{reserved=2/8,pending=0} tryExecute EatWhatYouKill@f478a81/SelectorProducer@19553973/PRODUCING/p=false/QueuedThreadPool[qtp399373008]@17cdf2d0{STARTED,8<=8<=200,i=1,r=-1,q=0}[ReservedThreadExecutor@424fd310{reserved=2/8,pending=0}][pc=0,pic=0,pec=0,epc=4]@2024-05-02T03:19:50.021+01:00
03:19:50.022 [qtp399373008-62] DEBUG org.eclipse.jetty.util.thread.ReservedThreadExecutor - ReservedThread@29c437c9{RESERVED,thread=Thread[qtp399373008-62,5,main]} task=EatWhatYouKill@f478a81/SelectorProducer@19553973/IDLE/p=true/QueuedThreadPool[qtp399373008]@17cdf2d0{STARTED,8<=8<=200,i=1,r=-1,q=0}[ReservedThreadExecutor@424fd310{reserved=1/8,pending=0}][pc=0,pic=0,pec=0,epc=4]@2024-05-02T03:19:50.022+01:00 ReservedThreadExecutor@424fd310{reserved=1/8,pending=0}
03:19:50.022 [qtp399373008-61] DEBUG org.eclipse.jetty.util.thread.strategy.EatWhatYouKill - EatWhatYouKill@f478a81/SelectorProducer@19553973/IDLE/p=true/QueuedThreadPool[qtp399373008]@17cdf2d0{STARTED,8<=8<=200,i=1,r=-1,q=0}[ReservedThreadExecutor@424fd310{reserved=1/8,pending=0}][pc=0,pic=0,pec=0,epc=4]@2024-05-02T03:19:50.021+01:00 m=EXECUTE_PRODUCE_CONSUME t=CEP:SocketChannelEndPoint@6b5cdb9b{l=/127.0.0.1:43437,r=/127.0.0.1:54610,OPEN,fill=FI,flush=-,to=3/30000}{io=1/0,kio=1,kro=1}->SslConnection@26e16c4e{NEED_UNWRAP,eio=-1/-1,di=-1,fill=INTERESTED,flush=IDLE}~>DecryptedEndPoint@32f42b30{l=/127.0.0.1:43437,r=/127.0.0.1:54610,OPEN,fill=FI,flush=-,to=3/30000}=>HttpConnection@77c3b9ab[p=HttpParser{s=START,0 of -1},g=HttpGenerator@355f6e09{s=START}]=>HttpChannelOverHttp@7c5bf57a{s=HttpChannelState@3f79bf47{s=IDLE rs=BLOCKING os=OPEN is=IDLE awp=false se=false i=true al=0},r=0,c=false/false,a=IDLE,uri=null,age=0}:runFillable:BLOCKING/BLOCKING
03:19:50.022 [qtp399373008-62] DEBUG org.eclipse.jetty.util.thread.strategy.EatWhatYouKill - EatWhatYouKill@f478a81/SelectorProducer@19553973/IDLE/p=true/QueuedThreadPool[qtp399373008]@17cdf2d0{STARTED,8<=8<=200,i=1,r=-1,q=0}[ReservedThreadExecutor@424fd310{reserved=1/8,pending=0}][pc=0,pic=0,pec=0,epc=4]@2024-05-02T03:19:50.022+01:00 tryProduce true
03:19:50.022 [qtp399373008-62] DEBUG org.eclipse.jetty.io.ManagedSelector - updateable 0
03:19:50.022 [qtp399373008-62] DEBUG org.eclipse.jetty.io.ManagedSelector - updates 0
03:19:50.022 [qtp399373008-61] DEBUG org.eclipse.jetty.io.FillInterest - fillable FillInterest@8ec8e01{SSLC.NBReadCB@26e16c4e{SslConnection@26e16c4e::SocketChannelEndPoint@6b5cdb9b{l=/127.0.0.1:43437,r=/127.0.0.1:54610,OPEN,fill=FI,flush=-,to=3/30000}{io=1/0,kio=1,kro=1}->SslConnection@26e16c4e{NEED_UNWRAP,eio=-1/-1,di=-1,fill=INTERESTED,flush=IDLE}~>DecryptedEndPoint@32f42b30{l=/127.0.0.1:43437,r=/127.0.0.1:54610,OPEN,fill=FI,flush=-,to=3/30000}=>HttpConnection@77c3b9ab[p=HttpParser{s=START,0 of -1},g=HttpGenerator@355f6e09{s=START}]=>HttpChannelOverHttp@7c5bf57a{s=HttpChannelState@3f79bf47{s=IDLE rs=BLOCKING os=OPEN is=IDLE awp=false se=false i=true al=0},r=0,c=false/false,a=IDLE,uri=null,age=0}}}
03:19:50.022 [qtp399373008-62] DEBUG org.eclipse.jetty.io.ChannelEndPoint - Key interests updated 1 -> 0 on SocketChannelEndPoint@6b5cdb9b{l=/127.0.0.1:43437,r=/127.0.0.1:54610,OPEN,fill=FI,flush=-,to=3/30000}{io=0/0,kio=0,kro=1}->SslConnection@26e16c4e{NEED_UNWRAP,eio=-1/-1,di=-1,fill=INTERESTED,flush=IDLE}~>DecryptedEndPoint@32f42b30{l=/127.0.0.1:43437,r=/127.0.0.1:54610,OPEN,fill=FI,flush=-,to=3/30000}=>HttpConnection@77c3b9ab[p=HttpParser{s=START,0 of -1},g=HttpGenerator@355f6e09{s=START}]=>HttpChannelOverHttp@7c5bf57a{s=HttpChannelState@3f79bf47{s=IDLE rs=BLOCKING os=OPEN is=IDLE awp=false se=false i=true al=0},r=0,c=false/false,a=IDLE,uri=null,age=0}
03:19:50.022 [qtp399373008-61] DEBUG org.eclipse.jetty.io.ssl.SslConnection - >c.onFillable SslConnection@26e16c4e::SocketChannelEndPoint@6b5cdb9b{l=/127.0.0.1:43437,r=/127.0.0.1:54610,OPEN,fill=-,flush=-,to=3/30000}{io=0/0,kio=0,kro=1}->SslConnection@26e16c4e{NEED_UNWRAP,eio=-1/-1,di=-1,fill=INTERESTED,flush=IDLE}~>DecryptedEndPoint@32f42b30{l=/127.0.0.1:43437,r=/127.0.0.1:54610,OPEN,fill=FI,flush=-,to=3/30000}=>HttpConnection@77c3b9ab[p=HttpParser{s=START,0 of -1},g=HttpGenerator@355f6e09{s=START}]=>HttpChannelOverHttp@7c5bf57a{s=HttpChannelState@3f79bf47{s=IDLE rs=BLOCKING os=OPEN is=IDLE awp=false se=false i=true al=0},r=0,c=false/false,a=IDLE,uri=null,age=0}
03:19:50.022 [qtp399373008-61] DEBUG org.eclipse.jetty.io.ssl.SslConnection - onFillable SslConnection@26e16c4e::SocketChannelEndPoint@6b5cdb9b{l=/127.0.0.1:43437,r=/127.0.0.1:54610,OPEN,fill=-,flush=-,to=3/30000}{io=0/0,kio=0,kro=1}->SslConnection@26e16c4e{NEED_UNWRAP,eio=-1/-1,di=-1,fill=INTERESTED,flush=IDLE}~>DecryptedEndPoint@32f42b30{l=/127.0.0.1:43437,r=/127.0.0.1:54610,OPEN,fill=FI,flush=-,to=3/30000}=>HttpConnection@77c3b9ab[p=HttpParser{s=START,0 of -1},g=HttpGenerator@355f6e09{s=START}]=>HttpChannelOverHttp@7c5bf57a{s=HttpChannelState@3f79bf47{s=IDLE rs=BLOCKING os=OPEN is=IDLE awp=false se=false i=true al=0},r=0,c=false/false,a=IDLE,uri=null,age=0}
03:19:50.022 [qtp399373008-61] DEBUG org.eclipse.jetty.io.FillInterest - fillable FillInterest@5f3b87e8{AC.ReadCB@77c3b9ab{HttpConnection@77c3b9ab::DecryptedEndPoint@32f42b30{l=/127.0.0.1:43437,r=/127.0.0.1:54610,OPEN,fill=FI,flush=-,to=3/30000}}}
03:19:50.022 [qtp399373008-61] DEBUG org.eclipse.jetty.server.HttpConnection - HttpConnection@77c3b9ab::DecryptedEndPoint@32f42b30{l=/127.0.0.1:43437,r=/127.0.0.1:54610,OPEN,fill=-,flush=-,to=3/30000} onFillable enter HttpChannelState@3f79bf47{s=IDLE rs=BLOCKING os=OPEN is=IDLE awp=false se=false i=true al=0} null
03:19:50.022 [qtp399373008-61] DEBUG org.eclipse.jetty.io.ssl.SslConnection - >fill SslConnection@26e16c4e::SocketChannelEndPoint@6b5cdb9b{l=/127.0.0.1:43437,r=/127.0.0.1:54610,OPEN,fill=-,flush=-,to=3/30000}{io=0/0,kio=0,kro=1}->SslConnection@26e16c4e{NEED_UNWRAP,eio=-1/-1,di=-1,fill=IDLE,flush=IDLE}~>DecryptedEndPoint@32f42b30{l=/127.0.0.1:43437,r=/127.0.0.1:54610,OPEN,fill=-,flush=-,to=3/30000}=>HttpConnection@77c3b9ab[p=HttpParser{s=START,0 of -1},g=HttpGenerator@355f6e09{s=START}]=>HttpChannelOverHttp@7c5bf57a{s=HttpChannelState@3f79bf47{s=IDLE rs=BLOCKING os=OPEN is=IDLE awp=false se=false i=true al=0},r=0,c=false/false,a=IDLE,uri=null,age=0}
03:19:50.022 [qtp399373008-61] DEBUG org.eclipse.jetty.io.ssl.SslConnection - fill NEED_UNWRAP
03:19:50.022 [qtp399373008-62] DEBUG org.eclipse.jetty.io.ManagedSelector - Selector sun.nio.ch.EPollSelectorImpl@2af73879 waiting with 2 keys
03:19:50.022 [qtp399373008-61] DEBUG org.eclipse.jetty.io.ChannelEndPoint - filled 6 HeapByteBuffer@1719ebcb[p=0,l=6,c=17408,r=6]={<<<\x14\x03\x03\x00\x01\x01>>>$\xA4\xC2\xEe\xFd\\\xD5\xF9>...\x00\x00\x00\x00\x00\x00\x00}
03:19:50.022 [qtp399373008-61] DEBUG org.eclipse.jetty.io.ssl.SslConnection - net filled=6
03:19:50.022 [qtp399373008-61] DEBUG org.eclipse.jetty.io.ssl.SslConnection - unwrap net_filled=6 Status = OK HandshakeStatus = NEED_UNWRAP bytesConsumed = 6 bytesProduced = 0 encryptedBuffer=[p=6,l=6,c=17408,r=0] unwrapBuffer=HeapByteBuffer@13266df0[p=0,l=0,c=17408,r=0]={<<<>>>\x16\x03\x03\x01N\x01\x00\x01J...\x00\x00\x00\x00\x00\x00\x00} appBuffer=HeapByteBuffer@13266df0[p=0,l=0,c=17408,r=0]={<<<>>>\x16\x03\x03\x01N\x01\x00\x01J...\x00\x00\x00\x00\x00\x00\x00}
03:19:50.022 [qtp399373008-61] DEBUG org.eclipse.jetty.io.ssl.SslConnection - fill NEED_UNWRAP
03:19:50.022 [qtp399373008-61] DEBUG org.eclipse.jetty.io.ChannelEndPoint - filled 0 HeapByteBuffer@1719ebcb[p=0,l=0,c=17408,r=0]={<<<>>>\x14\x03\x03\x00\x01\x01$\xA4\xC2...\x00\x00\x00\x00\x00\x00\x00}
03:19:50.022 [qtp399373008-61] DEBUG org.eclipse.jetty.io.ssl.SslConnection - net filled=0
03:19:50.022 [qtp399373008-61] DEBUG org.eclipse.jetty.io.ssl.SslConnection - unwrap net_filled=0 Status = BUFFER_UNDERFLOW HandshakeStatus = NEED_UNWRAP bytesConsumed = 0 bytesProduced = 0 encryptedBuffer=[p=0,l=0,c=17408,r=0] unwrapBuffer=HeapByteBuffer@13266df0[p=0,l=0,c=17408,r=0]={<<<>>>\x16\x03\x03\x01N\x01\x00\x01J...\x00\x00\x00\x00\x00\x00\x00} appBuffer=HeapByteBuffer@13266df0[p=0,l=0,c=17408,r=0]={<<<>>>\x16\x03\x03\x01N\x01\x00\x01J...\x00\x00\x00\x00\x00\x00\x00}
03:19:50.023 [qtp399373008-61] DEBUG org.eclipse.jetty.io.ssl.SslConnection - <fill f=0 uf=true SslConnection@26e16c4e::SocketChannelEndPoint@6b5cdb9b{l=/127.0.0.1:43437,r=/127.0.0.1:54610,OPEN,fill=-,flush=-,to=0/30000}{io=0/0,kio=0,kro=1}->SslConnection@26e16c4e{NEED_UNWRAP,eio=-1/-1,di=-1,fill=IDLE,flush=IDLE}~>DecryptedEndPoint@32f42b30{l=/127.0.0.1:43437,r=/127.0.0.1:54610,OPEN,fill=-,flush=-,to=4/30000}=>HttpConnection@77c3b9ab[p=HttpParser{s=START,0 of -1},g=HttpGenerator@355f6e09{s=START}]=>HttpChannelOverHttp@7c5bf57a{s=HttpChannelState@3f79bf47{s=IDLE rs=BLOCKING os=OPEN is=IDLE awp=false se=false i=true al=0},r=0,c=false/false,a=IDLE,uri=null,age=0}
03:19:50.023 [qtp399373008-61] DEBUG org.eclipse.jetty.io.ssl.SslConnection - >fill SslConnection@26e16c4e::SocketChannelEndPoint@6b5cdb9b{l=/127.0.0.1:43437,r=/127.0.0.1:54610,OPEN,fill=-,flush=-,to=0/30000}{io=0/0,kio=0,kro=1}->SslConnection@26e16c4e{NEED_UNWRAP,eio=-1/-1,di=-1,fill=IDLE,flush=IDLE}~>DecryptedEndPoint@32f42b30{l=/127.0.0.1:43437,r=/127.0.0.1:54610,OPEN,fill=-,flush=-,to=4/30000}=>HttpConnection@77c3b9ab[p=HttpParser{s=START,0 of -1},g=HttpGenerator@355f6e09{s=START}]=>HttpChannelOverHttp@7c5bf57a{s=HttpChannelState@3f79bf47{s=IDLE rs=BLOCKING os=OPEN is=IDLE awp=false se=false i=true al=0},r=0,c=false/false,a=IDLE,uri=null,age=0}
03:19:50.023 [qtp399373008-61] DEBUG org.eclipse.jetty.io.ssl.SslConnection - fill NEED_UNWRAP
03:19:50.023 [qtp399373008-61] DEBUG org.eclipse.jetty.io.ChannelEndPoint - filled 0 HeapByteBuffer@19de0680[p=0,l=0,c=17408,r=0]={<<<>>>\x17\x03\x03\x00\xC9\x1e\x10\x16\xD0...\x00\x00\x00\x00\x00\x00\x00}
03:19:50.023 [qtp399373008-61] DEBUG org.eclipse.jetty.io.ssl.SslConnection - net filled=0
03:19:50.023 [qtp399373008-61] DEBUG org.eclipse.jetty.io.ssl.SslConnection - unwrap net_filled=0 Status = BUFFER_UNDERFLOW HandshakeStatus = NEED_UNWRAP bytesConsumed = 0 bytesProduced = 0 encryptedBuffer=[p=0,l=0,c=17408,r=0] unwrapBuffer=HeapByteBuffer@13266df0[p=0,l=0,c=17408,r=0]={<<<>>>\x16\x03\x03\x01N\x01\x00\x01J...\x00\x00\x00\x00\x00\x00\x00} appBuffer=HeapByteBuffer@13266df0[p=0,l=0,c=17408,r=0]={<<<>>>\x16\x03\x03\x01N\x01\x00\x01J...\x00\x00\x00\x00\x00\x00\x00}
03:19:50.023 [qtp399373008-61] DEBUG org.eclipse.jetty.io.ssl.SslConnection - <fill f=0 uf=true SslConnection@26e16c4e::SocketChannelEndPoint@6b5cdb9b{l=/127.0.0.1:43437,r=/127.0.0.1:54610,OPEN,fill=-,flush=-,to=0/30000}{io=0/0,kio=0,kro=1}->SslConnection@26e16c4e{NEED_UNWRAP,eio=-1/-1,di=-1,fill=IDLE,flush=IDLE}~>DecryptedEndPoint@32f42b30{l=/127.0.0.1:43437,r=/127.0.0.1:54610,OPEN,fill=-,flush=-,to=4/30000}=>HttpConnection@77c3b9ab[p=HttpParser{s=START,0 of -1},g=HttpGenerator@355f6e09{s=START}]=>HttpChannelOverHttp@7c5bf57a{s=HttpChannelState@3f79bf47{s=IDLE rs=BLOCKING os=OPEN is=IDLE awp=false se=false i=true al=0},r=0,c=false/false,a=IDLE,uri=null,age=0}
03:19:50.023 [qtp399373008-61] DEBUG org.eclipse.jetty.server.HttpConnection - HttpConnection@77c3b9ab::DecryptedEndPoint@32f42b30{l=/127.0.0.1:43437,r=/127.0.0.1:54610,OPEN,fill=-,flush=-,to=4/30000} filled 0 HeapByteBuffer@13266df0[p=0,l=0,c=17408,r=0]={<<<>>>\x16\x03\x03\x01N\x01\x00\x01J...\x00\x00\x00\x00\x00\x00\x00}
03:19:50.023 [qtp399373008-61] DEBUG org.eclipse.jetty.server.HttpConnection - HttpConnection@77c3b9ab::DecryptedEndPoint@32f42b30{l=/127.0.0.1:43437,r=/127.0.0.1:54610,OPEN,fill=-,flush=-,to=4/30000} parse HeapByteBuffer@13266df0[p=0,l=0,c=17408,r=0]={<<<>>>\x16\x03\x03\x01N\x01\x00\x01J...\x00\x00\x00\x00\x00\x00\x00} {}
03:19:50.023 [qtp399373008-61] DEBUG org.eclipse.jetty.http.HttpParser - parseNext s=START HeapByteBuffer@13266df0[p=0,l=0,c=17408,r=0]={<<<>>>\x16\x03\x03\x01N\x01\x00\x01J...\x00\x00\x00\x00\x00\x00\x00}
03:19:50.023 [qtp399373008-61] DEBUG org.eclipse.jetty.server.HttpConnection - HttpConnection@77c3b9ab::DecryptedEndPoint@32f42b30{l=/127.0.0.1:43437,r=/127.0.0.1:54610,OPEN,fill=-,flush=-,to=4/30000} parsed false HttpParser{s=START,0 of -1}
03:19:50.023 [qtp399373008-61] DEBUG org.eclipse.jetty.server.HttpConnection - releaseRequestBuffer HttpConnection@77c3b9ab::DecryptedEndPoint@32f42b30{l=/127.0.0.1:43437,r=/127.0.0.1:54610,OPEN,fill=-,flush=-,to=4/30000}
03:19:50.023 [qtp399373008-61] DEBUG org.eclipse.jetty.io.AbstractConnection - fillInterested HttpConnection@77c3b9ab::DecryptedEndPoint@32f42b30{l=/127.0.0.1:43437,r=/127.0.0.1:54610,OPEN,fill=-,flush=-,to=4/30000}
03:19:50.023 [qtp399373008-61] DEBUG org.eclipse.jetty.io.FillInterest - interested FillInterest@5f3b87e8{AC.ReadCB@77c3b9ab{HttpConnection@77c3b9ab::DecryptedEndPoint@32f42b30{l=/127.0.0.1:43437,r=/127.0.0.1:54610,OPEN,fill=FI,flush=-,to=0/30000}}}
03:19:50.023 [qtp399373008-61] DEBUG org.eclipse.jetty.io.ssl.SslConnection - >needFillInterest s=IDLE/IDLE uf=true ei=null di=null SslConnection@26e16c4e::SocketChannelEndPoint@6b5cdb9b{l=/127.0.0.1:43437,r=/127.0.0.1:54610,OPEN,fill=-,flush=-,to=0/30000}{io=0/0,kio=0,kro=1}->SslConnection@26e16c4e{NEED_UNWRAP,eio=-1/-1,di=-1,fill=IDLE,flush=IDLE}~>DecryptedEndPoint@32f42b30{l=/127.0.0.1:43437,r=/127.0.0.1:54610,OPEN,fill=FI,flush=-,to=0/30000}=>HttpConnection@77c3b9ab[p=HttpParser{s=START,0 of -1},g=HttpGenerator@355f6e09{s=START}]=>HttpChannelOverHttp@7c5bf57a{s=HttpChannelState@3f79bf47{s=IDLE rs=BLOCKING os=OPEN is=IDLE awp=false se=false i=true al=0},r=0,c=false/false,a=IDLE,uri=null,age=0}
03:19:50.023 [qtp399373008-61] DEBUG org.eclipse.jetty.io.ssl.SslConnection - <needFillInterest s=IDLE/INTERESTED f=false i=true w=null
03:19:50.023 [qtp399373008-61] DEBUG org.eclipse.jetty.io.ssl.SslConnection - ensureFillInterested SslConnection@26e16c4e::SocketChannelEndPoint@6b5cdb9b{l=/127.0.0.1:43437,r=/127.0.0.1:54610,OPEN,fill=-,flush=-,to=0/30000}{io=0/0,kio=0,kro=1}->SslConnection@26e16c4e{NEED_UNWRAP,eio=-1/-1,di=-1,fill=INTERESTED,flush=IDLE}~>DecryptedEndPoint@32f42b30{l=/127.0.0.1:43437,r=/127.0.0.1:54610,OPEN,fill=FI,flush=-,to=0/30000}=>HttpConnection@77c3b9ab[p=HttpParser{s=START,0 of -1},g=HttpGenerator@355f6e09{s=START}]=>HttpChannelOverHttp@7c5bf57a{s=HttpChannelState@3f79bf47{s=IDLE rs=BLOCKING os=OPEN is=IDLE awp=false se=false i=true al=0},r=0,c=false/false,a=IDLE,uri=null,age=0}
03:19:50.023 [qtp399373008-61] DEBUG org.eclipse.jetty.io.FillInterest - interested FillInterest@8ec8e01{SSLC.NBReadCB@26e16c4e{SslConnection@26e16c4e::SocketChannelEndPoint@6b5cdb9b{l=/127.0.0.1:43437,r=/127.0.0.1:54610,OPEN,fill=FI,flush=-,to=0/30000}{io=0/0,kio=0,kro=1}->SslConnection@26e16c4e{NEED_UNWRAP,eio=-1/-1,di=-1,fill=INTERESTED,flush=IDLE}~>DecryptedEndPoint@32f42b30{l=/127.0.0.1:43437,r=/127.0.0.1:54610,OPEN,fill=FI,flush=-,to=0/30000}=>HttpConnection@77c3b9ab[p=HttpParser{s=START,0 of -1},g=HttpGenerator@355f6e09{s=START}]=>HttpChannelOverHttp@7c5bf57a{s=HttpChannelState@3f79bf47{s=IDLE rs=BLOCKING os=OPEN is=IDLE awp=false se=false i=true al=0},r=0,c=false/false,a=IDLE,uri=null,age=0}}}
03:19:50.023 [qtp399373008-61] DEBUG org.eclipse.jetty.io.ChannelEndPoint - changeInterests p=false 0->1 for SocketChannelEndPoint@6b5cdb9b{l=/127.0.0.1:43437,r=/127.0.0.1:54610,OPEN,fill=FI,flush=-,to=0/30000}{io=0/1,kio=0,kro=1}->SslConnection@26e16c4e{NEED_UNWRAP,eio=-1/-1,di=-1,fill=INTERESTED,flush=IDLE}~>DecryptedEndPoint@32f42b30{l=/127.0.0.1:43437,r=/127.0.0.1:54610,OPEN,fill=FI,flush=-,to=0/30000}=>HttpConnection@77c3b9ab[p=HttpParser{s=START,0 of -1},g=HttpGenerator@355f6e09{s=START}]=>HttpChannelOverHttp@7c5bf57a{s=HttpChannelState@3f79bf47{s=IDLE rs=BLOCKING os=OPEN is=IDLE awp=false se=false i=true al=0},r=0,c=false/false,a=IDLE,uri=null,age=0}
03:19:50.023 [qtp399373008-61] DEBUG org.eclipse.jetty.io.ManagedSelector - Queued change lazy=false org.eclipse.jetty.io.ChannelEndPoint$$Lambda$255/90666987@2542004e on ManagedSelector@7bb6ab3a{STARTED} id=3 keys=2 selected=0 updates=0
03:19:50.023 [qtp399373008-61] DEBUG org.eclipse.jetty.io.ManagedSelector - Wakeup on submit ManagedSelector@7bb6ab3a{STARTED} id=3 keys=2 selected=0 updates=1
03:19:50.023 [qtp399373008-61] DEBUG org.eclipse.jetty.server.HttpConnection - HttpConnection@77c3b9ab::DecryptedEndPoint@32f42b30{l=/127.0.0.1:43437,r=/127.0.0.1:54610,OPEN,fill=FI,flush=-,to=0/30000} onFillable exit HttpChannelState@3f79bf47{s=IDLE rs=BLOCKING os=OPEN is=IDLE awp=false se=false i=true al=0} null
03:19:50.023 [qtp399373008-61] DEBUG org.eclipse.jetty.io.ssl.SslConnection - <c.onFillable SslConnection@26e16c4e::SocketChannelEndPoint@6b5cdb9b{l=/127.0.0.1:43437,r=/127.0.0.1:54610,OPEN,fill=FI,flush=-,to=0/30000}{io=0/1,kio=0,kro=1}->SslConnection@26e16c4e{NEED_UNWRAP,eio=-1/-1,di=-1,fill=INTERESTED,flush=IDLE}~>DecryptedEndPoint@32f42b30{l=/127.0.0.1:43437,r=/127.0.0.1:54610,OPEN,fill=FI,flush=-,to=0/30000}=>HttpConnection@77c3b9ab[p=HttpParser{s=START,0 of -1},g=HttpGenerator@355f6e09{s=START}]=>HttpChannelOverHttp@7c5bf57a{s=HttpChannelState@3f79bf47{s=IDLE rs=BLOCKING os=OPEN is=IDLE awp=false se=false i=true al=0},r=0,c=false/false,a=IDLE,uri=null,age=0}
03:19:50.023 [qtp399373008-61] DEBUG org.eclipse.jetty.util.thread.ReservedThreadExecutor - ReservedThread@3ed76982{RUNNING,thread=Thread[qtp399373008-61,5,main]} was=RUNNING next=RESERVED size=0+2 capacity=8
03:19:50.023 [qtp399373008-61] DEBUG org.eclipse.jetty.util.thread.ReservedThreadExecutor - ReservedThread@3ed76982{RESERVED,thread=Thread[qtp399373008-61,5,main]} waiting ReservedThreadExecutor@424fd310{reserved=2/8,pending=0}
03:19:50.023 [qtp399373008-62] DEBUG org.eclipse.jetty.io.ManagedSelector - Selector sun.nio.ch.EPollSelectorImpl@2af73879 woken with none selected
03:19:50.023 [qtp399373008-62] DEBUG org.eclipse.jetty.io.ManagedSelector - Selector sun.nio.ch.EPollSelectorImpl@2af73879 woken up from select, 0/0/2 selected
03:19:50.023 [qtp399373008-62] DEBUG org.eclipse.jetty.io.ManagedSelector - Selector sun.nio.ch.EPollSelectorImpl@2af73879 processing 0 keys, 1 updates
03:19:50.023 [qtp399373008-62] DEBUG org.eclipse.jetty.io.ManagedSelector - updateable 1
03:19:50.023 [qtp399373008-62] DEBUG org.eclipse.jetty.io.ManagedSelector - update org.eclipse.jetty.io.ChannelEndPoint$$Lambda$255/90666987@2542004e
03:19:50.023 [qtp399373008-62] DEBUG org.eclipse.jetty.io.ChannelEndPoint - Key interests updated 0 -> 1 on SocketChannelEndPoint@6b5cdb9b{l=/127.0.0.1:43437,r=/127.0.0.1:54610,OPEN,fill=FI,flush=-,to=0/30000}{io=1/1,kio=1,kro=1}->SslConnection@26e16c4e{NEED_UNWRAP,eio=-1/-1,di=-1,fill=INTERESTED,flush=IDLE}~>DecryptedEndPoint@32f42b30{l=/127.0.0.1:43437,r=/127.0.0.1:54610,OPEN,fill=FI,flush=-,to=0/30000}=>HttpConnection@77c3b9ab[p=HttpParser{s=START,0 of -1},g=HttpGenerator@355f6e09{s=START}]=>HttpChannelOverHttp@7c5bf57a{s=HttpChannelState@3f79bf47{s=IDLE rs=BLOCKING os=OPEN is=IDLE awp=false se=false i=true al=0},r=0,c=false/false,a=IDLE,uri=null,age=0}
03:19:50.023 [qtp399373008-62] DEBUG org.eclipse.jetty.io.ManagedSelector - updates 0
03:19:50.023 [qtp399373008-62] DEBUG org.eclipse.jetty.io.ManagedSelector - Selector sun.nio.ch.EPollSelectorImpl@2af73879 waiting with 2 keys
03:19:50.065 [qtp399373008-62] DEBUG org.eclipse.jetty.io.ManagedSelector - Selector sun.nio.ch.EPollSelectorImpl@2af73879 woken up from select, 1/1/2 selected
03:19:50.065 [qtp399373008-62] DEBUG org.eclipse.jetty.io.ManagedSelector - Selector sun.nio.ch.EPollSelectorImpl@2af73879 processing 1 keys, 0 updates
03:19:50.065 [qtp399373008-62] DEBUG org.eclipse.jetty.io.ManagedSelector - selected 1 sun.nio.ch.SelectionKeyImpl@302875f2 SocketChannelEndPoint@6b5cdb9b{l=/127.0.0.1:43437,r=/127.0.0.1:54610,OPEN,fill=FI,flush=-,to=41/30000}{io=1/1,kio=1,kro=1}->SslConnection@26e16c4e{NEED_UNWRAP,eio=-1/-1,di=-1,fill=INTERESTED,flush=IDLE}~>DecryptedEndPoint@32f42b30{l=/127.0.0.1:43437,r=/127.0.0.1:54610,OPEN,fill=FI,flush=-,to=42/30000}=>HttpConnection@77c3b9ab[p=HttpParser{s=START,0 of -1},g=HttpGenerator@355f6e09{s=START}]=>HttpChannelOverHttp@7c5bf57a{s=HttpChannelState@3f79bf47{s=IDLE rs=BLOCKING os=OPEN is=IDLE awp=false se=false i=true al=0},r=0,c=false/false,a=IDLE,uri=null,age=0} 
03:19:50.065 [qtp399373008-62] DEBUG org.eclipse.jetty.io.ChannelEndPoint - onSelected 1->0 r=true w=false for SocketChannelEndPoint@6b5cdb9b{l=/127.0.0.1:43437,r=/127.0.0.1:54610,OPEN,fill=FI,flush=-,to=41/30000}{io=1/0,kio=1,kro=1}->SslConnection@26e16c4e{NEED_UNWRAP,eio=-1/-1,di=-1,fill=INTERESTED,flush=IDLE}~>DecryptedEndPoint@32f42b30{l=/127.0.0.1:43437,r=/127.0.0.1:54610,OPEN,fill=FI,flush=-,to=42/30000}=>HttpConnection@77c3b9ab[p=HttpParser{s=START,0 of -1},g=HttpGenerator@355f6e09{s=START}]=>HttpChannelOverHttp@7c5bf57a{s=HttpChannelState@3f79bf47{s=IDLE rs=BLOCKING os=OPEN is=IDLE awp=false se=false i=true al=0},r=0,c=false/false,a=IDLE,uri=null,age=0}
03:19:50.065 [qtp399373008-62] DEBUG org.eclipse.jetty.io.ChannelEndPoint - task CEP:SocketChannelEndPoint@6b5cdb9b{l=/127.0.0.1:43437,r=/127.0.0.1:54610,OPEN,fill=FI,flush=-,to=42/30000}{io=1/0,kio=1,kro=1}->SslConnection@26e16c4e{NEED_UNWRAP,eio=-1/-1,di=-1,fill=INTERESTED,flush=IDLE}~>DecryptedEndPoint@32f42b30{l=/127.0.0.1:43437,r=/127.0.0.1:54610,OPEN,fill=FI,flush=-,to=42/30000}=>HttpConnection@77c3b9ab[p=HttpParser{s=START,0 of -1},g=HttpGenerator@355f6e09{s=START}]=>HttpChannelOverHttp@7c5bf57a{s=HttpChannelState@3f79bf47{s=IDLE rs=BLOCKING os=OPEN is=IDLE awp=false se=false i=true al=0},r=0,c=false/false,a=IDLE,uri=null,age=0}:runFillable:BLOCKING
03:19:50.065 [qtp399373008-62] DEBUG org.eclipse.jetty.util.thread.ReservedThreadExecutor - ReservedThreadExecutor@424fd310{reserved=2/8,pending=0} tryExecute EatWhatYouKill@f478a81/SelectorProducer@19553973/PRODUCING/p=false/QueuedThreadPool[qtp399373008]@17cdf2d0{STARTED,8<=8<=200,i=1,r=-1,q=0}[ReservedThreadExecutor@424fd310{reserved=2/8,pending=0}][pc=0,pic=0,pec=0,epc=5]@2024-05-02T03:19:50.065+01:00
03:19:50.065 [qtp399373008-62] DEBUG org.eclipse.jetty.util.thread.strategy.EatWhatYouKill - EatWhatYouKill@f478a81/SelectorProducer@19553973/IDLE/p=true/QueuedThreadPool[qtp399373008]@17cdf2d0{STARTED,8<=8<=200,i=1,r=-1,q=0}[ReservedThreadExecutor@424fd310{reserved=1/8,pending=0}][pc=0,pic=0,pec=0,epc=5]@2024-05-02T03:19:50.065+01:00 m=EXECUTE_PRODUCE_CONSUME t=CEP:SocketChannelEndPoint@6b5cdb9b{l=/127.0.0.1:43437,r=/127.0.0.1:54610,OPEN,fill=FI,flush=-,to=42/30000}{io=1/0,kio=1,kro=1}->SslConnection@26e16c4e{NEED_UNWRAP,eio=-1/-1,di=-1,fill=INTERESTED,flush=IDLE}~>DecryptedEndPoint@32f42b30{l=/127.0.0.1:43437,r=/127.0.0.1:54610,OPEN,fill=FI,flush=-,to=42/30000}=>HttpConnection@77c3b9ab[p=HttpParser{s=START,0 of -1},g=HttpGenerator@355f6e09{s=START}]=>HttpChannelOverHttp@7c5bf57a{s=HttpChannelState@3f79bf47{s=IDLE rs=BLOCKING os=OPEN is=IDLE awp=false se=false i=true al=0},r=0,c=false/false,a=IDLE,uri=null,age=0}:runFillable:BLOCKING/BLOCKING
03:19:50.065 [qtp399373008-61] DEBUG org.eclipse.jetty.util.thread.ReservedThreadExecutor - ReservedThread@3ed76982{RESERVED,thread=Thread[qtp399373008-61,5,main]} task=EatWhatYouKill@f478a81/SelectorProducer@19553973/IDLE/p=true/QueuedThreadPool[qtp399373008]@17cdf2d0{STARTED,8<=8<=200,i=1,r=-1,q=0}[ReservedThreadExecutor@424fd310{reserved=1/8,pending=0}][pc=0,pic=0,pec=0,epc=5]@2024-05-02T03:19:50.065+01:00 ReservedThreadExecutor@424fd310{reserved=1/8,pending=0}
03:19:50.065 [qtp399373008-62] DEBUG org.eclipse.jetty.io.FillInterest - fillable FillInterest@8ec8e01{SSLC.NBReadCB@26e16c4e{SslConnection@26e16c4e::SocketChannelEndPoint@6b5cdb9b{l=/127.0.0.1:43437,r=/127.0.0.1:54610,OPEN,fill=FI,flush=-,to=42/30000}{io=1/0,kio=1,kro=1}->SslConnection@26e16c4e{NEED_UNWRAP,eio=-1/-1,di=-1,fill=INTERESTED,flush=IDLE}~>DecryptedEndPoint@32f42b30{l=/127.0.0.1:43437,r=/127.0.0.1:54610,OPEN,fill=FI,flush=-,to=42/30000}=>HttpConnection@77c3b9ab[p=HttpParser{s=START,0 of -1},g=HttpGenerator@355f6e09{s=START}]=>HttpChannelOverHttp@7c5bf57a{s=HttpChannelState@3f79bf47{s=IDLE rs=BLOCKING os=OPEN is=IDLE awp=false se=false i=true al=0},r=0,c=false/false,a=IDLE,uri=null,age=0}}}
03:19:50.065 [qtp399373008-61] DEBUG org.eclipse.jetty.util.thread.strategy.EatWhatYouKill - EatWhatYouKill@f478a81/SelectorProducer@19553973/IDLE/p=true/QueuedThreadPool[qtp399373008]@17cdf2d0{STARTED,8<=8<=200,i=1,r=-1,q=0}[ReservedThreadExecutor@424fd310{reserved=1/8,pending=0}][pc=0,pic=0,pec=0,epc=6]@2024-05-02T03:19:50.065+01:00 tryProduce true
03:19:50.065 [qtp399373008-61] DEBUG org.eclipse.jetty.io.ManagedSelector - updateable 0
03:19:50.065 [qtp399373008-61] DEBUG org.eclipse.jetty.io.ManagedSelector - updates 0
03:19:50.065 [qtp399373008-62] DEBUG org.eclipse.jetty.io.ssl.SslConnection - >c.onFillable SslConnection@26e16c4e::SocketChannelEndPoint@6b5cdb9b{l=/127.0.0.1:43437,r=/127.0.0.1:54610,OPEN,fill=-,flush=-,to=42/30000}{io=1/0,kio=1,kro=1}->SslConnection@26e16c4e{NEED_UNWRAP,eio=-1/-1,di=-1,fill=INTERESTED,flush=IDLE}~>DecryptedEndPoint@32f42b30{l=/127.0.0.1:43437,r=/127.0.0.1:54610,OPEN,fill=FI,flush=-,to=42/30000}=>HttpConnection@77c3b9ab[p=HttpParser{s=START,0 of -1},g=HttpGenerator@355f6e09{s=START}]=>HttpChannelOverHttp@7c5bf57a{s=HttpChannelState@3f79bf47{s=IDLE rs=BLOCKING os=OPEN is=IDLE awp=false se=false i=true al=0},r=0,c=false/false,a=IDLE,uri=null,age=0}
03:19:50.065 [qtp399373008-62] DEBUG org.eclipse.jetty.io.ssl.SslConnection - onFillable SslConnection@26e16c4e::SocketChannelEndPoint@6b5cdb9b{l=/127.0.0.1:43437,r=/127.0.0.1:54610,OPEN,fill=-,flush=-,to=42/30000}{io=0/0,kio=0,kro=1}->SslConnection@26e16c4e{NEED_UNWRAP,eio=-1/-1,di=-1,fill=INTERESTED,flush=IDLE}~>DecryptedEndPoint@32f42b30{l=/127.0.0.1:43437,r=/127.0.0.1:54610,OPEN,fill=FI,flush=-,to=42/30000}=>HttpConnection@77c3b9ab[p=HttpParser{s=START,0 of -1},g=HttpGenerator@355f6e09{s=START}]=>HttpChannelOverHttp@7c5bf57a{s=HttpChannelState@3f79bf47{s=IDLE rs=BLOCKING os=OPEN is=IDLE awp=false se=false i=true al=0},r=0,c=false/false,a=IDLE,uri=null,age=0}
03:19:50.065 [qtp399373008-61] DEBUG org.eclipse.jetty.io.ChannelEndPoint - Key interests updated 1 -> 0 on SocketChannelEndPoint@6b5cdb9b{l=/127.0.0.1:43437,r=/127.0.0.1:54610,OPEN,fill=-,flush=-,to=42/30000}{io=0/0,kio=0,kro=1}->SslConnection@26e16c4e{NEED_UNWRAP,eio=-1/-1,di=-1,fill=INTERESTED,flush=IDLE}~>DecryptedEndPoint@32f42b30{l=/127.0.0.1:43437,r=/127.0.0.1:54610,OPEN,fill=FI,flush=-,to=42/30000}=>HttpConnection@77c3b9ab[p=HttpParser{s=START,0 of -1},g=HttpGenerator@355f6e09{s=START}]=>HttpChannelOverHttp@7c5bf57a{s=HttpChannelState@3f79bf47{s=IDLE rs=BLOCKING os=OPEN is=IDLE awp=false se=false i=true al=0},r=0,c=false/false,a=IDLE,uri=null,age=0}
03:19:50.065 [qtp399373008-62] DEBUG org.eclipse.jetty.io.FillInterest - fillable FillInterest@5f3b87e8{AC.ReadCB@77c3b9ab{HttpConnection@77c3b9ab::DecryptedEndPoint@32f42b30{l=/127.0.0.1:43437,r=/127.0.0.1:54610,OPEN,fill=FI,flush=-,to=42/30000}}}
03:19:50.066 [qtp399373008-61] DEBUG org.eclipse.jetty.io.ManagedSelector - Selector sun.nio.ch.EPollSelectorImpl@2af73879 waiting with 2 keys
03:19:50.066 [qtp399373008-62] DEBUG org.eclipse.jetty.server.HttpConnection - HttpConnection@77c3b9ab::DecryptedEndPoint@32f42b30{l=/127.0.0.1:43437,r=/127.0.0.1:54610,OPEN,fill=-,flush=-,to=42/30000} onFillable enter HttpChannelState@3f79bf47{s=IDLE rs=BLOCKING os=OPEN is=IDLE awp=false se=false i=true al=0} null
03:19:50.066 [qtp399373008-62] DEBUG org.eclipse.jetty.io.ssl.SslConnection - >fill SslConnection@26e16c4e::SocketChannelEndPoint@6b5cdb9b{l=/127.0.0.1:43437,r=/127.0.0.1:54610,OPEN,fill=-,flush=-,to=42/30000}{io=0/0,kio=0,kro=1}->SslConnection@26e16c4e{NEED_UNWRAP,eio=-1/-1,di=-1,fill=IDLE,flush=IDLE}~>DecryptedEndPoint@32f42b30{l=/127.0.0.1:43437,r=/127.0.0.1:54610,OPEN,fill=-,flush=-,to=42/30000}=>HttpConnection@77c3b9ab[p=HttpParser{s=START,0 of -1},g=HttpGenerator@355f6e09{s=START}]=>HttpChannelOverHttp@7c5bf57a{s=HttpChannelState@3f79bf47{s=IDLE rs=BLOCKING os=OPEN is=IDLE awp=false se=false i=true al=0},r=0,c=false/false,a=IDLE,uri=null,age=0}
03:19:50.066 [qtp399373008-62] DEBUG org.eclipse.jetty.io.ssl.SslConnection - fill NEED_UNWRAP
03:19:50.066 [qtp399373008-62] DEBUG org.eclipse.jetty.io.ChannelEndPoint - filled 1501 HeapByteBuffer@19de0680[p=0,l=1501,c=17408,r=1501]={<<<\x17\x03\x03\x03\xAd\xC5\x82\xB7\x84\xD5(D\xE1\x07tK$\x86r\x0b\x89\xE8\xE6\x18\xA1...H\xD9\xFf\xE9c\x88\xD3\x08\xF3\x93\x19o\x86\x8fS\xE6\x8b\xA69\xB1\xF5aR>>>.;OU+\xDd\x1a0\x98...\x00\x00\x00\x00\x00\x00\x00}
03:19:50.066 [qtp399373008-62] DEBUG org.eclipse.jetty.io.ssl.SslConnection - net filled=1501
03:19:50.066 [qtp399373008-62] DEBUG org.eclipse.jetty.io.ssl.SslConnection - unwrap net_filled=1501 Status = OK HandshakeStatus = NEED_TASK bytesConsumed = 946 bytesProduced = 0 encryptedBuffer=[p=946,l=1501,c=17408,r=555] unwrapBuffer=HeapByteBuffer@1719ebcb[p=0,l=0,c=17408,r=0]={<<<>>>\x14\x03\x03\x00\x01\x01$\xA4\xC2...\x00\x00\x00\x00\x00\x00\x00} appBuffer=HeapByteBuffer@1719ebcb[p=0,l=0,c=17408,r=0]={<<<>>>\x14\x03\x03\x00\x01\x01$\xA4\xC2...\x00\x00\x00\x00\x00\x00\x00}
03:19:50.066 [qtp399373008-62] DEBUG org.eclipse.jetty.io.ssl.SslConnection - fill NEED_TASK
03:19:50.066 [qtp399373008-62] DEBUG org.eclipse.jetty.io.ssl.SslConnection - fill NEED_UNWRAP
03:19:50.067 [qtp399373008-62] DEBUG org.eclipse.jetty.io.ChannelEndPoint - filled 0 HeapByteBuffer@19de0680[p=946,l=1501,c=17408,r=555]={\x17\x03\x03\x03\xAd\x0b\x00\x03\x88...\xA9l\x1a\x1d\xF8\x9f\n<<<\x17\x03\x03\x01)\xCeB\x12\xA5{|\x19\xD1al\xC9O\xD7\xD2\x9e\x85\xB0\xB4\xD2\x06...H\xD9\xFf\xE9c\x88\xD3\x08\xF3\x93\x19o\x86\x8fS\xE6\x8b\xA69\xB1\xF5aR>>>.;OU+\xDd\x1a0\x98...\x00\x00\x00\x00\x00\x00\x00}
03:19:50.067 [qtp399373008-62] DEBUG org.eclipse.jetty.io.ssl.SslConnection - net filled=0
03:19:50.067 [qtp399373008-62] DEBUG org.eclipse.jetty.io.ssl.SslConnection - unwrap net_filled=0 Status = OK HandshakeStatus = NEED_TASK bytesConsumed = 302 bytesProduced = 0 encryptedBuffer=[p=1248,l=1501,c=17408,r=253] unwrapBuffer=HeapByteBuffer@1719ebcb[p=0,l=0,c=17408,r=0]={<<<>>>\x14\x03\x03\x00\x01\x01$\xA4\xC2...\x00\x00\x00\x00\x00\x00\x00} appBuffer=HeapByteBuffer@1719ebcb[p=0,l=0,c=17408,r=0]={<<<>>>\x14\x03\x03\x00\x01\x01$\xA4\xC2...\x00\x00\x00\x00\x00\x00\x00}
03:19:50.067 [qtp399373008-62] DEBUG org.eclipse.jetty.io.ssl.SslConnection - fill NEED_TASK
03:19:50.067 [qtp399373008-62] DEBUG org.eclipse.jetty.io.ssl.SslConnection - fill NEED_UNWRAP
03:19:50.067 [qtp399373008-62] DEBUG org.eclipse.jetty.io.ChannelEndPoint - filled 0 HeapByteBuffer@19de0680[p=1248,l=1501,c=17408,r=253]={\x17\x03\x03\x03\xAd\x0b\x00\x03\x88...\xB7\xFa\x1d\x0bH\x01j<<<\x17\x03\x03\x00U-\x85W\x19\xBfq\xAd"v\xB2Uv\x86\xE5\xE6Ye\xAbwT...H\xD9\xFf\xE9c\x88\xD3\x08\xF3\x93\x19o\x86\x8fS\xE6\x8b\xA69\xB1\xF5aR>>>.;OU+\xDd\x1a0\x98...\x00\x00\x00\x00\x00\x00\x00}
03:19:50.067 [qtp399373008-62] DEBUG org.eclipse.jetty.io.ssl.SslConnection - net filled=0
03:19:50.068 [qtp399373008-62] DEBUG org.eclipse.jetty.io.ssl.SslConnection - unwrap net_filled=0 Status = OK HandshakeStatus = NEED_WRAP bytesConsumed = 90 bytesProduced = 0 encryptedBuffer=[p=1338,l=1501,c=17408,r=163] unwrapBuffer=HeapByteBuffer@1719ebcb[p=0,l=0,c=17408,r=0]={<<<>>>\x14\x03\x03\x00\x01\x01$\xA4\xC2...\x00\x00\x00\x00\x00\x00\x00} appBuffer=HeapByteBuffer@1719ebcb[p=0,l=0,c=17408,r=0]={<<<>>>\x14\x03\x03\x00\x01\x01$\xA4\xC2...\x00\x00\x00\x00\x00\x00\x00}
03:19:50.068 [qtp399373008-62] DEBUG org.eclipse.jetty.io.ssl.SslConnection - fill NEED_WRAP
03:19:50.068 [qtp399373008-62] DEBUG org.eclipse.jetty.io.ssl.SslConnection - >flush SslConnection@26e16c4e::SocketChannelEndPoint@6b5cdb9b{l=/127.0.0.1:43437,r=/127.0.0.1:54610,OPEN,fill=-,flush=-,to=1/30000}{io=0/0,kio=0,kro=1}->SslConnection@26e16c4e{NEED_WRAP,eio=163/-1,di=-1,fill=IDLE,flush=IDLE}~>DecryptedEndPoint@32f42b30{l=/127.0.0.1:43437,r=/127.0.0.1:54610,OPEN,fill=-,flush=-,to=45/30000}=>HttpConnection@77c3b9ab[p=HttpParser{s=START,0 of -1},g=HttpGenerator@355f6e09{s=START}]=>HttpChannelOverHttp@7c5bf57a{s=HttpChannelState@3f79bf47{s=IDLE rs=BLOCKING os=OPEN is=IDLE awp=false se=false i=true al=0},r=0,c=false/false,a=IDLE,uri=null,age=0}
03:19:50.068 [qtp399373008-62] DEBUG org.eclipse.jetty.io.ssl.SslConnection - flush b[0]=HeapByteBuffer@60c04197[p=0,l=0,c=0,r=0]={<<<>>>}
03:19:50.068 [qtp399373008-62] DEBUG org.eclipse.jetty.io.ssl.SslConnection - flush NEED_WRAP
03:19:50.068 [qtp399373008-62] DEBUG org.eclipse.jetty.io.ssl.SslConnection - wrap Status = OK HandshakeStatus = FINISHED bytesConsumed = 0 bytesProduced = 88 [p=0,l=88,c=17408,r=88] ioDone=false/false
03:19:50.068 [qtp399373008-62] DEBUG org.eclipse.jetty.io.ChannelEndPoint - flushed 88 SocketChannelEndPoint@6b5cdb9b{l=/127.0.0.1:43437,r=/127.0.0.1:54610,OPEN,fill=-,flush=-,to=2/30000}{io=0/0,kio=0,kro=1}->SslConnection@26e16c4e{NOT_HANDSHAKING,eio=163/0,di=-1,fill=IDLE,flush=IDLE}~>DecryptedEndPoint@32f42b30{l=/127.0.0.1:43437,r=/127.0.0.1:54610,OPEN,fill=-,flush=-,to=45/30000}=>HttpConnection@77c3b9ab[p=HttpParser{s=START,0 of -1},g=HttpGenerator@355f6e09{s=START}]=>HttpChannelOverHttp@7c5bf57a{s=HttpChannelState@3f79bf47{s=IDLE rs=BLOCKING os=OPEN is=IDLE awp=false se=false i=true al=0},r=0,c=false/false,a=IDLE,uri=null,age=0}
03:19:50.068 [qtp399373008-62] DEBUG org.eclipse.jetty.io.ssl.SslConnection - net flushed=true, ac=true
03:19:50.068 [qtp399373008-62] DEBUG org.eclipse.jetty.io.ssl.SslConnection - handshake succeeded SslConnection@26e16c4e::SocketChannelEndPoint@6b5cdb9b{l=/127.0.0.1:43437,r=/127.0.0.1:54610,OPEN,fill=-,flush=-,to=0/30000}{io=0/0,kio=0,kro=1}->SslConnection@26e16c4e{NOT_HANDSHAKING,eio=163/0,di=-1,fill=IDLE,flush=IDLE}~>DecryptedEndPoint@32f42b30{l=/127.0.0.1:43437,r=/127.0.0.1:54610,OPEN,fill=-,flush=-,to=45/30000}=>HttpConnection@77c3b9ab[p=HttpParser{s=START,0 of -1},g=HttpGenerator@355f6e09{s=START}]=>HttpChannelOverHttp@7c5bf57a{s=HttpChannelState@3f79bf47{s=IDLE rs=BLOCKING os=OPEN is=IDLE awp=false se=false i=true al=0},r=0,c=false/false,a=IDLE,uri=null,age=0} resumed server TLSv1.3/TLS_AES_256_GCM_SHA384
03:19:50.068 [qtp399373008-62] DEBUG org.eclipse.jetty.io.ssl.SslConnection - <flush true SslConnection@26e16c4e::SocketChannelEndPoint@6b5cdb9b{l=/127.0.0.1:43437,r=/127.0.0.1:54610,OPEN,fill=-,flush=-,to=0/30000}{io=0/0,kio=0,kro=1}->SslConnection@26e16c4e{NOT_HANDSHAKING,eio=163/-1,di=-1,fill=IDLE,flush=IDLE}~>DecryptedEndPoint@32f42b30{l=/127.0.0.1:43437,r=/127.0.0.1:54610,OPEN,fill=-,flush=-,to=45/30000}=>HttpConnection@77c3b9ab[p=HttpParser{s=START,0 of -1},g=HttpGenerator@355f6e09{s=START}]=>HttpChannelOverHttp@7c5bf57a{s=HttpChannelState@3f79bf47{s=IDLE rs=BLOCKING os=OPEN is=IDLE awp=false se=false i=true al=0},r=0,c=false/false,a=IDLE,uri=null,age=0}
03:19:50.068 [qtp399373008-62] DEBUG org.eclipse.jetty.io.ssl.SslConnection - fill NOT_HANDSHAKING
03:19:50.068 [qtp399373008-62] DEBUG org.eclipse.jetty.io.ChannelEndPoint - filled 0 HeapByteBuffer@19de0680[p=1338,l=1501,c=17408,r=163]={\x17\x03\x03\x03\xAd\x0b\x00\x03\x88...p%WcJ\xEd\x04<<<\x17\x03\x03\x00\x9eG\x9f7\xAf~\xA2\x84Tv\xBb\xF8\xDf\x7f\xBf=\x16\x98<*\x8c...H\xD9\xFf\xE9c\x88\xD3\x08\xF3\x93\x19o\x86\x8fS\xE6\x8b\xA69\xB1\xF5aR>>>.;OU+\xDd\x1a0\x98...\x00\x00\x00\x00\x00\x00\x00}
03:19:50.068 [qtp399373008-62] DEBUG org.eclipse.jetty.io.ssl.SslConnection - net filled=0
03:19:50.069 [qtp399373008-62] DEBUG org.eclipse.jetty.io.ssl.SslConnection - unwrap net_filled=0 Status = OK HandshakeStatus = NOT_HANDSHAKING bytesConsumed = 163 bytesProduced = 125 encryptedBuffer=[p=1501,l=1501,c=17408,r=0] unwrapBuffer=HeapByteBuffer@1719ebcb[p=0,l=125,c=17408,r=125]={<<<GET /config.yml HTTP/1.1\r...gent: okhttp/3.12.3\r\n\r\n>>>V>R:\xE0\xDb\x91\x94\xAd...\x00\x00\x00\x00\x00\x00\x00} appBuffer=HeapByteBuffer@1719ebcb[p=0,l=125,c=17408,r=125]={<<<GET /config.yml HTTP/1.1\r...gent: okhttp/3.12.3\r\n\r\n>>>V>R:\xE0\xDb\x91\x94\xAd...\x00\x00\x00\x00\x00\x00\x00}
03:19:50.069 [qtp399373008-62] DEBUG org.eclipse.jetty.io.ssl.SslConnection - <fill f=125 uf=false SslConnection@26e16c4e::SocketChannelEndPoint@6b5cdb9b{l=/127.0.0.1:43437,r=/127.0.0.1:54610,OPEN,fill=-,flush=-,to=0/30000}{io=0/0,kio=0,kro=1}->SslConnection@26e16c4e{NOT_HANDSHAKING,eio=-1/-1,di=-1,fill=IDLE,flush=IDLE}~>DecryptedEndPoint@32f42b30{l=/127.0.0.1:43437,r=/127.0.0.1:54610,OPEN,fill=-,flush=-,to=45/30000}=>HttpConnection@77c3b9ab[p=HttpParser{s=START,0 of -1},g=HttpGenerator@355f6e09{s=START}]=>HttpChannelOverHttp@7c5bf57a{s=HttpChannelState@3f79bf47{s=IDLE rs=BLOCKING os=OPEN is=IDLE awp=false se=false i=true al=0},r=0,c=false/false,a=IDLE,uri=null,age=0}
03:19:50.069 [qtp399373008-62] DEBUG org.eclipse.jetty.server.HttpConnection - HttpConnection@77c3b9ab::DecryptedEndPoint@32f42b30{l=/127.0.0.1:43437,r=/127.0.0.1:54610,OPEN,fill=-,flush=-,to=46/30000} filled 125 HeapByteBuffer@1719ebcb[p=0,l=125,c=17408,r=125]={<<<GET /config.yml HTTP/1.1\r...gent: okhttp/3.12.3\r\n\r\n>>>V>R:\xE0\xDb\x91\x94\xAd...\x00\x00\x00\x00\x00\x00\x00}
03:19:50.069 [qtp399373008-62] DEBUG org.eclipse.jetty.server.HttpConnection - HttpConnection@77c3b9ab::DecryptedEndPoint@32f42b30{l=/127.0.0.1:43437,r=/127.0.0.1:54610,OPEN,fill=-,flush=-,to=46/30000} parse HeapByteBuffer@1719ebcb[p=0,l=125,c=17408,r=125]={<<<GET /config.yml HTTP/1.1\r...gent: okhttp/3.12.3\r\n\r\n>>>V>R:\xE0\xDb\x91\x94\xAd...\x00\x00\x00\x00\x00\x00\x00} {}
03:19:50.069 [qtp399373008-62] DEBUG org.eclipse.jetty.http.HttpParser - parseNext s=START HeapByteBuffer@1719ebcb[p=0,l=125,c=17408,r=125]={<<<GET /config.yml HTTP/1.1\r...gent: okhttp/3.12.3\r\n\r\n>>>V>R:\xE0\xDb\x91\x94\xAd...\x00\x00\x00\x00\x00\x00\x00}
03:19:50.069 [qtp399373008-62] DEBUG org.eclipse.jetty.http.HttpParser - START --> SPACE1
03:19:50.069 [qtp399373008-62] DEBUG org.eclipse.jetty.http.HttpParser - SPACE1 --> URI
03:19:50.069 [qtp399373008-62] DEBUG org.eclipse.jetty.http.HttpParser - URI --> SPACE2
03:19:50.069 [qtp399373008-62] DEBUG org.eclipse.jetty.http.HttpParser - SPACE2 --> REQUEST_VERSION
03:19:50.069 [qtp399373008-62] DEBUG org.eclipse.jetty.http.HttpParser - REQUEST_VERSION --> HEADER
03:19:50.069 [qtp399373008-62] DEBUG org.eclipse.jetty.http.HttpParser - HEADER:Host --> VALUE
03:19:50.069 [qtp399373008-62] DEBUG org.eclipse.jetty.http.HttpParser - HEADER:Host --> IN_VALUE
03:19:50.069 [qtp399373008-62] DEBUG org.eclipse.jetty.http.HttpParser - HEADER:Host --> FIELD
03:19:50.069 [qtp399373008-62] DEBUG org.eclipse.jetty.http.HttpParser - HEADER:Connection: keep-alive --> IN_VALUE
03:19:50.069 [qtp399373008-62] DEBUG org.eclipse.jetty.http.HttpParser - HEADER:Connection: keep-alive --> FIELD
03:19:50.069 [qtp399373008-62] DEBUG org.eclipse.jetty.http.HttpParser - HEADER:Accept-Encoding: gzip --> IN_VALUE
03:19:50.069 [qtp399373008-62] DEBUG org.eclipse.jetty.http.HttpParser - HEADER:Accept-Encoding: gzip --> FIELD
03:19:50.069 [qtp399373008-62] DEBUG org.eclipse.jetty.http.HttpParser - HEADER:User-Agent --> VALUE
03:19:50.069 [qtp399373008-62] DEBUG org.eclipse.jetty.http.HttpParser - HEADER:User-Agent --> IN_VALUE
03:19:50.069 [qtp399373008-62] DEBUG org.eclipse.jetty.http.HttpParser - HEADER:User-Agent --> FIELD
03:19:50.069 [qtp399373008-62] DEBUG org.eclipse.jetty.http.HttpParser - HEADER --> CONTENT
03:19:50.069 [qtp399373008-62] DEBUG org.eclipse.jetty.server.HttpChannel - REQUEST for //localhost:43437/config.yml on HttpChannelOverHttp@7c5bf57a{s=HttpChannelState@3f79bf47{s=IDLE rs=BLOCKING os=OPEN is=IDLE awp=false se=false i=true al=0},r=1,c=false/false,a=IDLE,uri=//localhost:43437/config.yml,age=0}
GET //localhost:43437/config.yml HTTP/1.1
Host: localhost:43437
Connection: keep-alive
Accept-Encoding: gzip
User-Agent: okhttp/3.12.3


03:19:50.069 [qtp399373008-62] DEBUG org.eclipse.jetty.server.HttpConnection - HttpConnection@77c3b9ab::DecryptedEndPoint@32f42b30{l=/127.0.0.1:43437,r=/127.0.0.1:54610,OPEN,fill=-,flush=-,to=46/30000} parsed true HttpParser{s=CONTENT,0 of -1}
03:19:50.069 [qtp399373008-62] DEBUG org.eclipse.jetty.server.HttpConnection - releaseRequestBuffer HttpConnection@77c3b9ab::DecryptedEndPoint@32f42b30{l=/127.0.0.1:43437,r=/127.0.0.1:54610,OPEN,fill=-,flush=-,to=46/30000}
03:19:50.069 [qtp399373008-62] DEBUG org.eclipse.jetty.server.HttpChannel - handle //localhost:43437/config.yml HttpChannelOverHttp@7c5bf57a{s=HttpChannelState@3f79bf47{s=IDLE rs=BLOCKING os=OPEN is=IDLE awp=false se=false i=true al=0},r=1,c=false/false,a=IDLE,uri=//localhost:43437/config.yml,age=0} 
03:19:50.070 [qtp399373008-62] DEBUG org.eclipse.jetty.server.HttpChannelState - handling HttpChannelState@3f79bf47{s=IDLE rs=BLOCKING os=OPEN is=IDLE awp=false se=false i=true al=0}
03:19:50.070 [qtp399373008-62] DEBUG org.eclipse.jetty.server.HttpChannel - action DISPATCH HttpChannelOverHttp@7c5bf57a{s=HttpChannelState@3f79bf47{s=HANDLING rs=BLOCKING os=OPEN is=IDLE awp=false se=false i=true al=0},r=1,c=false/false,a=HANDLING,uri=//localhost:43437/config.yml,age=1}
03:19:50.070 [qtp399373008-62] DEBUG org.eclipse.jetty.server.SecureRequestCustomizer - Host localhost with SNI null
03:19:50.070 [qtp399373008-62] DEBUG org.eclipse.jetty.server.Server - REQUEST GET /config.yml on HttpChannelOverHttp@7c5bf57a{s=HttpChannelState@3f79bf47{s=HANDLING rs=BLOCKING os=OPEN is=IDLE awp=false se=false i=true al=0},r=1,c=false/false,a=HANDLING,uri=https://localhost:43437/config.yml,age=1}
03:19:50.070 [qtp399373008-62] DEBUG org.eclipse.jetty.server.HttpOutput - write(array HeapByteBuffer@46383e8f[p=0,l=4,c=512,r=4]={<<<path>>>\x00\x00\x00\x00\x00\x00\x00\x00\x00...\x00\x00\x00\x00\x00\x00\x00})
03:19:50.070 [qtp399373008-62] DEBUG org.eclipse.jetty.server.HttpOutput - write(array) s=CLOSING,api=BLOCKED,sc=false,e=null last=true agg=false flush=true async=false, len=4 null
03:19:50.070 [qtp399373008-62] DEBUG org.eclipse.jetty.server.HttpChannel - sendResponse info=null content=HeapByteBuffer@5f9e2f97[p=0,l=4,c=512,r=4]={<<<path>>>\x00\x00\x00\x00\x00\x00\x00\x00\x00...\x00\x00\x00\x00\x00\x00\x00} complete=true committing=true callback=Blocker@7ea04adc{null}
03:19:50.070 [qtp399373008-62] DEBUG org.eclipse.jetty.server.HttpChannel - COMMIT for /config.yml on HttpChannelOverHttp@7c5bf57a{s=HttpChannelState@3f79bf47{s=HANDLING rs=BLOCKING os=COMMITTED is=IDLE awp=false se=false i=true al=0},r=1,c=false/false,a=HANDLING,uri=https://localhost:43437/config.yml,age=1}
200 null HTTP/1.1
Date: Thu, 02 May 2024 02:19:50 GMT
ETag: testEtag
Content-Type: text/plain;charset=utf-8
Content-Length: 4


03:19:50.070 [qtp399373008-62] DEBUG org.eclipse.jetty.server.HttpConnection - generate: NEED_HEADER for SendCallback@dd4371f[PROCESSING][i=HTTP/1.1{s=200,h=4,cl=4},cb=org.eclipse.jetty.server.HttpChannel$SendCallback@a9fbc6c] (null,[p=0,l=4,c=512,r=4],true)@START
03:19:50.070 [qtp399373008-62] DEBUG org.eclipse.jetty.http.HttpGenerator - generateHeaders HTTP/1.1{s=200,h=4,cl=4} last=true content=HeapByteBuffer@5f9e2f97[p=0,l=4,c=512,r=4]={<<<path>>>\x00\x00\x00\x00\x00\x00\x00\x00\x00...\x00\x00\x00\x00\x00\x00\x00}
03:19:50.070 [qtp399373008-62] DEBUG org.eclipse.jetty.http.HttpGenerator - Date: Thu, 02 May 2024 02:19:50 GMT
ETag: testEtag
Content-Type: text/plain;charset=utf-8
Content-Length: 4


03:19:50.070 [qtp399373008-62] DEBUG org.eclipse.jetty.http.HttpGenerator - CONTENT_LENGTH
03:19:50.070 [qtp399373008-62] DEBUG org.eclipse.jetty.server.HttpConnection - generate: FLUSH for SendCallback@dd4371f[PROCESSING][i=HTTP/1.1{s=200,h=4,cl=4},cb=org.eclipse.jetty.server.HttpChannel$SendCallback@a9fbc6c] ([p=0,l=164,c=8192,r=164],[p=0,l=4,c=512,r=4],true)@COMPLETING
03:19:50.070 [qtp399373008-62] DEBUG org.eclipse.jetty.io.WriteFlusher - write: WriteFlusher@2453d83f{IDLE}->null [HeapByteBuffer@3e9173d4[p=0,l=164,c=8192,r=164]={<<<HTTP/1.1 200 OK\r\nDate: Th...y(9.4.44.v20210927)\r\n\r\n>>>\n\r\n\x00\x00\x00\x00\x00\x00...\x00\x00\x00\x00\x00\x00\x00},HeapByteBuffer@5f9e2f97[p=0,l=4,c=512,r=4]={<<<path>>>\x00\x00\x00\x00\x00\x00\x00\x00\x00...\x00\x00\x00\x00\x00\x00\x00}]
03:19:50.070 [qtp399373008-62] DEBUG org.eclipse.jetty.io.WriteFlusher - update WriteFlusher@2453d83f{WRITING}->null:IDLE-->WRITING
03:19:50.070 [qtp399373008-62] DEBUG org.eclipse.jetty.io.ssl.SslConnection - >flush SslConnection@26e16c4e::SocketChannelEndPoint@6b5cdb9b{l=/127.0.0.1:43437,r=/127.0.0.1:54610,OPEN,fill=-,flush=-,to=1/30000}{io=0/0,kio=0,kro=1}->SslConnection@26e16c4e{NOT_HANDSHAKING,eio=-1/-1,di=-1,fill=IDLE,flush=IDLE}~>DecryptedEndPoint@32f42b30{l=/127.0.0.1:43437,r=/127.0.0.1:54610,OPEN,fill=-,flush=W,to=47/30000}=>HttpConnection@77c3b9ab[p=HttpParser{s=CONTENT,0 of -1},g=HttpGenerator@355f6e09{s=COMPLETING}]=>HttpChannelOverHttp@7c5bf57a{s=HttpChannelState@3f79bf47{s=HANDLING rs=BLOCKING os=COMMITTED is=IDLE awp=false se=false i=true al=0},r=1,c=false/false,a=HANDLING,uri=https://localhost:43437/config.yml,age=1}
03:19:50.070 [qtp399373008-62] DEBUG org.eclipse.jetty.io.ssl.SslConnection - flush b[0]=HeapByteBuffer@3e9173d4[p=0,l=164,c=8192,r=164]={<<<HTTP/1.1 200 OK\r\nDate: Th...y(9.4.44.v20210927)\r\n\r\n>>>\n\r\n\x00\x00\x00\x00\x00\x00...\x00\x00\x00\x00\x00\x00\x00}
03:19:50.070 [qtp399373008-62] DEBUG org.eclipse.jetty.io.ssl.SslConnection - flush b[1]=HeapByteBuffer@5f9e2f97[p=0,l=4,c=512,r=4]={<<<path>>>\x00\x00\x00\x00\x00\x00\x00\x00\x00...\x00\x00\x00\x00\x00\x00\x00}
03:19:50.070 [qtp399373008-62] DEBUG org.eclipse.jetty.io.ssl.SslConnection - flush NOT_HANDSHAKING
03:19:50.070 [qtp399373008-62] DEBUG org.eclipse.jetty.io.ssl.SslConnection - wrap Status = OK HandshakeStatus = NOT_HANDSHAKING bytesConsumed = 168 bytesProduced = 206 [p=0,l=206,c=17408,r=206] ioDone=false/false
03:19:50.070 [qtp399373008-62] DEBUG org.eclipse.jetty.io.ChannelEndPoint - flushed 206 SocketChannelEndPoint@6b5cdb9b{l=/127.0.0.1:43437,r=/127.0.0.1:54610,OPEN,fill=-,flush=-,to=2/30000}{io=0/0,kio=0,kro=1}->SslConnection@26e16c4e{NOT_HANDSHAKING,eio=-1/0,di=-1,fill=IDLE,flush=IDLE}~>DecryptedEndPoint@32f42b30{l=/127.0.0.1:43437,r=/127.0.0.1:54610,OPEN,fill=-,flush=W,to=47/30000}=>HttpConnection@77c3b9ab[p=HttpParser{s=CONTENT,0 of -1},g=HttpGenerator@355f6e09{s=COMPLETING}]=>HttpChannelOverHttp@7c5bf57a{s=HttpChannelState@3f79bf47{s=HANDLING rs=BLOCKING os=COMMITTED is=IDLE awp=false se=false i=true al=0},r=1,c=false/false,a=HANDLING,uri=https://localhost:43437/config.yml,age=1}
03:19:50.070 [qtp399373008-62] DEBUG org.eclipse.jetty.io.ssl.SslConnection - net flushed=true, ac=true
03:19:50.071 [qtp399373008-62] DEBUG org.eclipse.jetty.io.ssl.SslConnection - <flush true SslConnection@26e16c4e::SocketChannelEndPoint@6b5cdb9b{l=/127.0.0.1:43437,r=/127.0.0.1:54610,OPEN,fill=-,flush=-,to=0/30000}{io=0/0,kio=0,kro=1}->SslConnection@26e16c4e{NOT_HANDSHAKING,eio=-1/-1,di=-1,fill=IDLE,flush=IDLE}~>DecryptedEndPoint@32f42b30{l=/127.0.0.1:43437,r=/127.0.0.1:54610,OPEN,fill=-,flush=W,to=47/30000}=>HttpConnection@77c3b9ab[p=HttpParser{s=CONTENT,0 of -1},g=HttpGenerator@355f6e09{s=COMPLETING}]=>HttpChannelOverHttp@7c5bf57a{s=HttpChannelState@3f79bf47{s=HANDLING rs=BLOCKING os=COMMITTED is=IDLE awp=false se=false i=true al=0},r=1,c=false/false,a=HANDLING,uri=https://localhost:43437/config.yml,age=2}
03:19:50.071 [main] DEBUG org.apache.nifi.minifi.bootstrap.configuration.ingestors.PullHttpChangeIngestor - Response received: Response{protocol=http/1.1, code=200, message=OK, url=https://localhost:43437/config.yml}
03:19:50.071 [qtp399373008-62] DEBUG org.eclipse.jetty.io.WriteFlusher - Flushed=true written=168 remaining=0 WriteFlusher@2453d83f{WRITING}->null
03:19:50.071 [qtp399373008-62] DEBUG org.eclipse.jetty.io.WriteFlusher - update WriteFlusher@2453d83f{IDLE}->null:WRITING-->IDLE
03:19:50.071 [main] DEBUG org.apache.nifi.minifi.bootstrap.configuration.ingestors.PullHttpChangeIngestor - Pulled config same as currently running.
03:19:50.071 [qtp399373008-62] DEBUG org.eclipse.jetty.server.HttpConnection - generate: DONE for SendCallback@dd4371f[PROCESSING][i=HTTP/1.1{s=200,h=4,cl=4},cb=org.eclipse.jetty.server.HttpChannel$SendCallback@a9fbc6c] ([p=164,l=164,c=8192,r=0],[p=4,l=4,c=512,r=0],true)@END
03:19:50.071 [qtp399373008-62] DEBUG org.eclipse.jetty.server.HttpOutput - onWriteComplete(true,null) s=CLOSING,api=BLOCKED,sc=false,e=null->s=CLOSED,api=BLOCKING,sc=false,e=null c=null cb=null w=false
03:19:50.071 [qtp399373008-62] DEBUG org.eclipse.jetty.server.HttpOutput - close() s=CLOSED,api=BLOCKING,sc=false,e=null c=null b=null
03:19:50.071 [qtp399373008-62] DEBUG org.eclipse.jetty.server.Server - handled=true async=false committed=true on HttpChannelOverHttp@7c5bf57a{s=HttpChannelState@3f79bf47{s=HANDLING rs=BLOCKING os=COMPLETED is=IDLE awp=false se=false i=true al=0},r=1,c=false/true,a=HANDLING,uri=https://localhost:43437/config.yml,age=2}
03:19:50.071 [qtp399373008-62] DEBUG org.eclipse.jetty.server.HttpChannelState - unhandle HttpChannelState@3f79bf47{s=HANDLING rs=BLOCKING os=COMPLETED is=IDLE awp=false se=false i=true al=0}
03:19:50.071 [qtp399373008-62] DEBUG org.eclipse.jetty.server.HttpChannelState - nextAction(false) COMPLETE HttpChannelState@3f79bf47{s=HANDLING rs=COMPLETING os=COMPLETED is=IDLE awp=false se=false i=false al=0}
03:19:50.071 [qtp399373008-62] DEBUG org.eclipse.jetty.server.HttpChannel - action COMPLETE HttpChannelOverHttp@7c5bf57a{s=HttpChannelState@3f79bf47{s=HANDLING rs=COMPLETING os=COMPLETED is=IDLE awp=false se=false i=false al=0},r=1,c=false/true,a=HANDLING,uri=https://localhost:43437/config.yml,age=2}
03:19:50.071 [qtp399373008-62] DEBUG org.eclipse.jetty.server.HttpOutput - complete(org.eclipse.jetty.util.Callback$3@585990c3) s=CLOSED,api=BLOCKING,sc=false,e=null s=true e=null, c=null
]]></system-out>
  </testcase>
</testsuite>