<?xml version="1.0" encoding="UTF-8"?>
<testsuite xmlns:xsi="http://www.w3.org/2001/XMLSchema-instance" xsi:noNamespaceSchemaLocation="https://maven.apache.org/surefire/maven-surefire-plugin/xsd/surefire-test-report-3.0.xsd" version="3.0" name="org.apache.nifi.processors.cassandra.PutCassandraRecordTest" time="0.136" tests="19" errors="0" skipped="0" failures="0">
  <properties>
    <property name="sun.desktop" value="gnome"/>
    <property name="awt.toolkit" value="sun.awt.X11.XToolkit"/>
    <property name="file.encoding.pkg" value="sun.io"/>
    <property name="java.specification.version" value="1.8"/>
    <property name="sun.cpu.isalist" value=""/>
    <property name="sun.jnu.encoding" value="UTF-8"/>
    <property name="java.class.path" value="/home/alex/Repositories/nifi/nifi-nar-bundles/nifi-cassandra-bundle/nifi-cassandra-processors/target/test-classes:/home/alex/Repositories/nifi/nifi-nar-bundles/nifi-cassandra-bundle/nifi-cassandra-processors/target/classes:/home/alex/Repositories/nifi/nifi-api/target/classes:/home/alex/Repositories/nifi/nifi-nar-bundles/nifi-extension-utils/nifi-processor-utils/target/classes:/home/alex/Repositories/nifi/nifi-commons/nifi-utils/target/classes:/home/alex/Repositories/nifi/nifi-commons/nifi-security-socket-ssl/target/classes:/home/alex/.m2/repository/commons-io/commons-io/2.10.0/commons-io-2.10.0.jar:/home/alex/.m2/repository/org/apache/commons/commons-lang3/3.11/commons-lang3-3.11.jar:/home/alex/.m2/repository/com/fasterxml/jackson/core/jackson-databind/2.12.3/jackson-databind-2.12.3.jar:/home/alex/.m2/repository/com/fasterxml/jackson/core/jackson-annotations/2.12.3/jackson-annotations-2.12.3.jar:/home/alex/.m2/repository/com/fasterxml/jackson/core/jackson-core/2.12.3/jackson-core-2.12.3.jar:/home/alex/Repositories/nifi/nifi-nar-bundles/nifi-extension-utils/nifi-event-transport/target/classes:/home/alex/Repositories/nifi/nifi-commons/nifi-properties/target/classes:/home/alex/Repositories/nifi/nifi-commons/nifi-property-utils/target/classes:/home/alex/.m2/repository/com/datastax/cassandra/cassandra-driver-core/3.10.2/cassandra-driver-core-3.10.2.jar:/home/alex/.m2/repository/io/netty/netty-handler/4.0.56.Final/netty-handler-4.0.56.Final.jar:/home/alex/.m2/repository/io/netty/netty-buffer/4.0.56.Final/netty-buffer-4.0.56.Final.jar:/home/alex/.m2/repository/io/netty/netty-common/4.0.56.Final/netty-common-4.0.56.Final.jar:/home/alex/.m2/repository/io/netty/netty-transport/4.0.56.Final/netty-transport-4.0.56.Final.jar:/home/alex/.m2/repository/io/netty/netty-codec/4.0.56.Final/netty-codec-4.0.56.Final.jar:/home/alex/.m2/repository/com/google/guava/guava/19.0/guava-19.0.jar:/home/alex/.m2/repository/io/dropwizard/metrics/metrics-core/3.2.2/metrics-core-3.2.2.jar:/home/alex/.m2/repository/org/slf4j/slf4j-api/1.7.32/slf4j-api-1.7.32.jar:/home/alex/.m2/repository/com/github/jnr/jnr-ffi/2.1.7/jnr-ffi-2.1.7.jar:/home/alex/.m2/repository/com/github/jnr/jffi/1.2.16/jffi-1.2.16.jar:/home/alex/.m2/repository/com/github/jnr/jffi/1.2.16/jffi-1.2.16-native.jar:/home/alex/.m2/repository/org/ow2/asm/asm/5.0.3/asm-5.0.3.jar:/home/alex/.m2/repository/org/ow2/asm/asm-commons/5.0.3/asm-commons-5.0.3.jar:/home/alex/.m2/repository/org/ow2/asm/asm-analysis/5.0.3/asm-analysis-5.0.3.jar:/home/alex/.m2/repository/org/ow2/asm/asm-tree/5.0.3/asm-tree-5.0.3.jar:/home/alex/.m2/repository/org/ow2/asm/asm-util/5.0.3/asm-util-5.0.3.jar:/home/alex/.m2/repository/com/github/jnr/jnr-x86asm/1.0.2/jnr-x86asm-1.0.2.jar:/home/alex/.m2/repository/com/github/jnr/jnr-posix/3.0.44/jnr-posix-3.0.44.jar:/home/alex/.m2/repository/com/github/jnr/jnr-constants/0.9.9/jnr-constants-0.9.9.jar:/home/alex/.m2/repository/com/datastax/cassandra/cassandra-driver-extras/3.10.2/cassandra-driver-extras-3.10.2.jar:/home/alex/Repositories/nifi/nifi-nar-bundles/nifi-standard-services/nifi-ssl-context-service-api/target/classes:/home/alex/Repositories/nifi/nifi-commons/nifi-security-utils-api/target/classes:/home/alex/.m2/repository/org/apache/avro/avro/1.8.1/avro-1.8.1.jar:/home/alex/.m2/repository/org/codehaus/jackson/jackson-core-asl/1.9.13/jackson-core-asl-1.9.13.jar:/home/alex/.m2/repository/org/codehaus/jackson/jackson-mapper-asl/1.9.13/jackson-mapper-asl-1.9.13.jar:/home/alex/.m2/repository/com/thoughtworks/paranamer/paranamer/2.7/paranamer-2.7.jar:/home/alex/.m2/repository/org/xerial/snappy/snappy-java/1.1.1.3/snappy-java-1.1.1.3.jar:/home/alex/.m2/repository/org/apache/commons/commons-compress/1.21/commons-compress-1.21.jar:/home/alex/.m2/repository/org/tukaani/xz/1.5/xz-1.5.jar:/home/alex/Repositories/nifi/nifi-nar-bundles/nifi-cassandra-bundle/nifi-cassandra-services-api/target/classes:/home/alex/Repositories/nifi/nifi-nar-bundles/nifi-cassandra-bundle/nifi-cassandra-services/target/classes:/home/alex/Repositories/nifi/nifi-nar-bundles/nifi-standard-services/nifi-record-serialization-service-api/target/classes:/home/alex/Repositories/nifi/nifi-commons/nifi-record/target/classes:/home/alex/Repositories/nifi/nifi-mock/target/classes:/home/alex/Repositories/nifi/nifi-framework-api/target/classes:/home/alex/Repositories/nifi/nifi-commons/nifi-parameter/target/classes:/home/alex/Repositories/nifi/nifi-nar-bundles/nifi-framework-bundle/nifi-framework/nifi-framework-core-api/target/classes:/home/alex/Repositories/nifi/nifi-nar-bundles/nifi-framework-bundle/nifi-framework/nifi-framework-nar-utils/target/classes:/home/alex/Repositories/nifi/nifi-nar-bundles/nifi-framework-bundle/nifi-framework/nifi-client-dto/target/classes:/home/alex/.m2/repository/io/swagger/swagger-annotations/1.6.0/swagger-annotations-1.6.0.jar:/home/alex/Repositories/nifi/nifi-commons/nifi-site-to-site-client/target/classes:/home/alex/Repositories/nifi/nifi-commons/nifi-security-utils/target/classes:/home/alex/Repositories/nifi/nifi-commons/nifi-security-kms/target/classes:/home/alex/.m2/repository/org/bouncycastle/bcprov-jdk15on/1.69/bcprov-jdk15on-1.69.jar:/home/alex/.m2/repository/org/bouncycastle/bcpkix-jdk15on/1.69/bcpkix-jdk15on-1.69.jar:/home/alex/.m2/repository/org/bouncycastle/bcutil-jdk15on/1.69/bcutil-jdk15on-1.69.jar:/home/alex/.m2/repository/at/favre/lib/bcrypt/0.9.0/bcrypt-0.9.0.jar:/home/alex/.m2/repository/at/favre/lib/bytes/1.3.0/bytes-1.3.0.jar:/home/alex/.m2/repository/org/apache/commons/commons-configuration2/2.7/commons-configuration2-2.7.jar:/home/alex/.m2/repository/org/apache/httpcomponents/httpclient/4.5.5/httpclient-4.5.5.jar:/home/alex/.m2/repository/org/apache/httpcomponents/httpcore/4.4.9/httpcore-4.4.9.jar:/home/alex/.m2/repository/org/apache/httpcomponents/httpasyncclient/4.1.4/httpasyncclient-4.1.4.jar:/home/alex/.m2/repository/org/apache/httpcomponents/httpcore-nio/4.4.10/httpcore-nio-4.4.10.jar:/home/alex/Repositories/nifi/nifi-nar-bundles/nifi-framework-bundle/nifi-framework/nifi-framework-authorization/target/classes:/home/alex/Repositories/nifi/nifi-registry/nifi-registry-core/nifi-registry-data-model/target/classes:/home/alex/.m2/repository/javax/validation/validation-api/2.0.1.Final/validation-api-2.0.1.Final.jar:/home/alex/.m2/repository/javax/ws/rs/javax.ws.rs-api/2.1/javax.ws.rs-api-2.1.jar:/home/alex/Repositories/nifi/nifi-registry/nifi-registry-core/nifi-registry-revision/nifi-registry-revision-entity-model/target/classes:/home/alex/Repositories/nifi/nifi-registry/nifi-registry-core/nifi-registry-client/target/classes:/home/alex/Repositories/nifi/nifi-registry/nifi-registry-core/nifi-registry-security-utils/target/classes:/home/alex/.m2/repository/org/glassfish/jersey/core/jersey-client/2.33/jersey-client-2.33.jar:/home/alex/.m2/repository/jakarta/ws/rs/jakarta.ws.rs-api/2.1.6/jakarta.ws.rs-api-2.1.6.jar:/home/alex/.m2/repository/org/glassfish/hk2/external/jakarta.inject/2.6.1/jakarta.inject-2.6.1.jar:/home/alex/.m2/repository/org/glassfish/jersey/media/jersey-media-json-jackson/2.33/jersey-media-json-jackson-2.33.jar:/home/alex/.m2/repository/org/glassfish/jersey/ext/jersey-entity-filtering/2.33/jersey-entity-filtering-2.33.jar:/home/alex/.m2/repository/com/fasterxml/jackson/module/jackson-module-jaxb-annotations/2.11.3/jackson-module-jaxb-annotations-2.11.3.jar:/home/alex/.m2/repository/jakarta/xml/bind/jakarta.xml.bind-api/2.3.2/jakarta.xml.bind-api-2.3.2.jar:/home/alex/.m2/repository/jakarta/activation/jakarta.activation-api/1.2.1/jakarta.activation-api-1.2.1.jar:/home/alex/.m2/repository/org/glassfish/jersey/inject/jersey-hk2/2.33/jersey-hk2-2.33.jar:/home/alex/.m2/repository/org/glassfish/hk2/hk2-locator/2.6.1/hk2-locator-2.6.1.jar:/home/alex/.m2/repository/org/glassfish/hk2/external/aopalliance-repackaged/2.6.1/aopalliance-repackaged-2.6.1.jar:/home/alex/.m2/repository/org/glassfish/hk2/hk2-api/2.6.1/hk2-api-2.6.1.jar:/home/alex/.m2/repository/org/glassfish/hk2/hk2-utils/2.6.1/hk2-utils-2.6.1.jar:/home/alex/.m2/repository/org/javassist/javassist/3.25.0-GA/javassist-3.25.0-GA.jar:/home/alex/.m2/repository/org/glassfish/jersey/core/jersey-common/2.33/jersey-common-2.33.jar:/home/alex/.m2/repository/jakarta/annotation/jakarta.annotation-api/1.3.5/jakarta.annotation-api-1.3.5.jar:/home/alex/.m2/repository/org/glassfish/hk2/osgi-resource-locator/1.0.3/osgi-resource-locator-1.0.3.jar:/home/alex/.m2/repository/org/glassfish/jersey/media/jersey-media-multipart/2.33/jersey-media-multipart-2.33.jar:/home/alex/.m2/repository/org/jvnet/mimepull/mimepull/1.9.13/mimepull-1.9.13.jar:/home/alex/Repositories/nifi/nifi-commons/nifi-expression-language/target/classes:/home/alex/.m2/repository/org/antlr/antlr-runtime/3.5.2/antlr-runtime-3.5.2.jar:/home/alex/Repositories/nifi/nifi-commons/nifi-uuid5/target/classes:/home/alex/.m2/repository/com/jayway/jsonpath/json-path/2.6.0/json-path-2.6.0.jar:/home/alex/.m2/repository/net/minidev/json-smart/2.4.7/json-smart-2.4.7.jar:/home/alex/.m2/repository/net/minidev/accessors-smart/2.4.7/accessors-smart-2.4.7.jar:/home/alex/.m2/repository/commons-codec/commons-codec/1.14/commons-codec-1.14.jar:/home/alex/Repositories/nifi/nifi-commons/nifi-data-provenance-utils/target/classes:/home/alex/Repositories/nifi/nifi-nar-bundles/nifi-extension-utils/nifi-record-utils/nifi-mock-record-utils/target/classes:/home/alex/.m2/repository/org/apache/commons/commons-text/1.8/commons-text-1.8.jar:/home/alex/.m2/repository/org/junit/jupiter/junit-jupiter-api/5.7.2/junit-jupiter-api-5.7.2.jar:/home/alex/.m2/repository/org/apiguardian/apiguardian-api/1.1.0/apiguardian-api-1.1.0.jar:/home/alex/.m2/repository/org/opentest4j/opentest4j/1.2.0/opentest4j-1.2.0.jar:/home/alex/.m2/repository/org/junit/platform/junit-platform-commons/1.7.2/junit-platform-commons-1.7.2.jar:/home/alex/.m2/repository/org/junit/jupiter/junit-jupiter-engine/5.7.2/junit-jupiter-engine-5.7.2.jar:/home/alex/.m2/repository/org/junit/platform/junit-platform-engine/1.7.2/junit-platform-engine-1.7.2.jar:/home/alex/.m2/repository/org/junit/vintage/junit-vintage-engine/5.7.2/junit-vintage-engine-5.7.2.jar:/home/alex/.m2/repository/junit/junit/4.13.2/junit-4.13.2.jar:/home/alex/.m2/repository/org/hamcrest/hamcrest-core/1.3/hamcrest-core-1.3.jar:/home/alex/.m2/repository/org/junit/jupiter/junit-jupiter-params/5.7.2/junit-jupiter-params-5.7.2.jar:/home/alex/.m2/repository/org/mockito/mockito-core/3.11.2/mockito-core-3.11.2.jar:/home/alex/.m2/repository/net/bytebuddy/byte-buddy/1.11.3/byte-buddy-1.11.3.jar:/home/alex/.m2/repository/net/bytebuddy/byte-buddy-agent/1.11.3/byte-buddy-agent-1.11.3.jar:/home/alex/.m2/repository/org/objenesis/objenesis/3.2/objenesis-3.2.jar:/home/alex/.m2/repository/org/mockito/mockito-junit-jupiter/3.11.2/mockito-junit-jupiter-3.11.2.jar:/home/alex/.m2/repository/org/slf4j/slf4j-simple/1.7.32/slf4j-simple-1.7.32.jar:/home/alex/.m2/repository/org/codehaus/groovy/groovy-test/2.5.14/groovy-test-2.5.14.jar:/home/alex/.m2/repository/org/codehaus/groovy/groovy/2.5.14/groovy-2.5.14.jar:"/>
    <property name="java.vm.vendor" value="Private Build"/>
    <property name="sun.arch.data.model" value="64"/>
    <property name="java.vendor.url" value="http://java.oracle.com/"/>
    <property name="user.timezone" value="Europe/Lisbon"/>
    <property name="java.vm.specification.version" value="1.8"/>
    <property name="os.name" value="Linux"/>
    <property name="user.country" value="US"/>
    <property name="sun.java.launcher" value="SUN_STANDARD"/>
    <property name="sun.boot.library.path" value="/usr/lib/jvm/java-8-openjdk-amd64/jre/lib/amd64"/>
    <property name="sun.java.command" value="/home/alex/Repositories/nifi/nifi-nar-bundles/nifi-cassandra-bundle/nifi-cassandra-processors/target/surefire/surefirebooter3734139237981268313.jar /home/alex/Repositories/nifi/nifi-nar-bundles/nifi-cassandra-bundle/nifi-cassandra-processors/target/surefire 2024-05-02T03-23-33_830-jvmRun1 surefire5966487929260242299tmp surefire_1256667875337067893210tmp"/>
    <property name="surefire.test.class.path" value="/home/alex/Repositories/nifi/nifi-nar-bundles/nifi-cassandra-bundle/nifi-cassandra-processors/target/test-classes:/home/alex/Repositories/nifi/nifi-nar-bundles/nifi-cassandra-bundle/nifi-cassandra-processors/target/classes:/home/alex/Repositories/nifi/nifi-api/target/classes:/home/alex/Repositories/nifi/nifi-nar-bundles/nifi-extension-utils/nifi-processor-utils/target/classes:/home/alex/Repositories/nifi/nifi-commons/nifi-utils/target/classes:/home/alex/Repositories/nifi/nifi-commons/nifi-security-socket-ssl/target/classes:/home/alex/.m2/repository/commons-io/commons-io/2.10.0/commons-io-2.10.0.jar:/home/alex/.m2/repository/org/apache/commons/commons-lang3/3.11/commons-lang3-3.11.jar:/home/alex/.m2/repository/com/fasterxml/jackson/core/jackson-databind/2.12.3/jackson-databind-2.12.3.jar:/home/alex/.m2/repository/com/fasterxml/jackson/core/jackson-annotations/2.12.3/jackson-annotations-2.12.3.jar:/home/alex/.m2/repository/com/fasterxml/jackson/core/jackson-core/2.12.3/jackson-core-2.12.3.jar:/home/alex/Repositories/nifi/nifi-nar-bundles/nifi-extension-utils/nifi-event-transport/target/classes:/home/alex/Repositories/nifi/nifi-commons/nifi-properties/target/classes:/home/alex/Repositories/nifi/nifi-commons/nifi-property-utils/target/classes:/home/alex/.m2/repository/com/datastax/cassandra/cassandra-driver-core/3.10.2/cassandra-driver-core-3.10.2.jar:/home/alex/.m2/repository/io/netty/netty-handler/4.0.56.Final/netty-handler-4.0.56.Final.jar:/home/alex/.m2/repository/io/netty/netty-buffer/4.0.56.Final/netty-buffer-4.0.56.Final.jar:/home/alex/.m2/repository/io/netty/netty-common/4.0.56.Final/netty-common-4.0.56.Final.jar:/home/alex/.m2/repository/io/netty/netty-transport/4.0.56.Final/netty-transport-4.0.56.Final.jar:/home/alex/.m2/repository/io/netty/netty-codec/4.0.56.Final/netty-codec-4.0.56.Final.jar:/home/alex/.m2/repository/com/google/guava/guava/19.0/guava-19.0.jar:/home/alex/.m2/repository/io/dropwizard/metrics/metrics-core/3.2.2/metrics-core-3.2.2.jar:/home/alex/.m2/repository/org/slf4j/slf4j-api/1.7.32/slf4j-api-1.7.32.jar:/home/alex/.m2/repository/com/github/jnr/jnr-ffi/2.1.7/jnr-ffi-2.1.7.jar:/home/alex/.m2/repository/com/github/jnr/jffi/1.2.16/jffi-1.2.16.jar:/home/alex/.m2/repository/com/github/jnr/jffi/1.2.16/jffi-1.2.16-native.jar:/home/alex/.m2/repository/org/ow2/asm/asm/5.0.3/asm-5.0.3.jar:/home/alex/.m2/repository/org/ow2/asm/asm-commons/5.0.3/asm-commons-5.0.3.jar:/home/alex/.m2/repository/org/ow2/asm/asm-analysis/5.0.3/asm-analysis-5.0.3.jar:/home/alex/.m2/repository/org/ow2/asm/asm-tree/5.0.3/asm-tree-5.0.3.jar:/home/alex/.m2/repository/org/ow2/asm/asm-util/5.0.3/asm-util-5.0.3.jar:/home/alex/.m2/repository/com/github/jnr/jnr-x86asm/1.0.2/jnr-x86asm-1.0.2.jar:/home/alex/.m2/repository/com/github/jnr/jnr-posix/3.0.44/jnr-posix-3.0.44.jar:/home/alex/.m2/repository/com/github/jnr/jnr-constants/0.9.9/jnr-constants-0.9.9.jar:/home/alex/.m2/repository/com/datastax/cassandra/cassandra-driver-extras/3.10.2/cassandra-driver-extras-3.10.2.jar:/home/alex/Repositories/nifi/nifi-nar-bundles/nifi-standard-services/nifi-ssl-context-service-api/target/classes:/home/alex/Repositories/nifi/nifi-commons/nifi-security-utils-api/target/classes:/home/alex/.m2/repository/org/apache/avro/avro/1.8.1/avro-1.8.1.jar:/home/alex/.m2/repository/org/codehaus/jackson/jackson-core-asl/1.9.13/jackson-core-asl-1.9.13.jar:/home/alex/.m2/repository/org/codehaus/jackson/jackson-mapper-asl/1.9.13/jackson-mapper-asl-1.9.13.jar:/home/alex/.m2/repository/com/thoughtworks/paranamer/paranamer/2.7/paranamer-2.7.jar:/home/alex/.m2/repository/org/xerial/snappy/snappy-java/1.1.1.3/snappy-java-1.1.1.3.jar:/home/alex/.m2/repository/org/apache/commons/commons-compress/1.21/commons-compress-1.21.jar:/home/alex/.m2/repository/org/tukaani/xz/1.5/xz-1.5.jar:/home/alex/Repositories/nifi/nifi-nar-bundles/nifi-cassandra-bundle/nifi-cassandra-services-api/target/classes:/home/alex/Repositories/nifi/nifi-nar-bundles/nifi-cassandra-bundle/nifi-cassandra-services/target/classes:/home/alex/Repositories/nifi/nifi-nar-bundles/nifi-standard-services/nifi-record-serialization-service-api/target/classes:/home/alex/Repositories/nifi/nifi-commons/nifi-record/target/classes:/home/alex/Repositories/nifi/nifi-mock/target/classes:/home/alex/Repositories/nifi/nifi-framework-api/target/classes:/home/alex/Repositories/nifi/nifi-commons/nifi-parameter/target/classes:/home/alex/Repositories/nifi/nifi-nar-bundles/nifi-framework-bundle/nifi-framework/nifi-framework-core-api/target/classes:/home/alex/Repositories/nifi/nifi-nar-bundles/nifi-framework-bundle/nifi-framework/nifi-framework-nar-utils/target/classes:/home/alex/Repositories/nifi/nifi-nar-bundles/nifi-framework-bundle/nifi-framework/nifi-client-dto/target/classes:/home/alex/.m2/repository/io/swagger/swagger-annotations/1.6.0/swagger-annotations-1.6.0.jar:/home/alex/Repositories/nifi/nifi-commons/nifi-site-to-site-client/target/classes:/home/alex/Repositories/nifi/nifi-commons/nifi-security-utils/target/classes:/home/alex/Repositories/nifi/nifi-commons/nifi-security-kms/target/classes:/home/alex/.m2/repository/org/bouncycastle/bcprov-jdk15on/1.69/bcprov-jdk15on-1.69.jar:/home/alex/.m2/repository/org/bouncycastle/bcpkix-jdk15on/1.69/bcpkix-jdk15on-1.69.jar:/home/alex/.m2/repository/org/bouncycastle/bcutil-jdk15on/1.69/bcutil-jdk15on-1.69.jar:/home/alex/.m2/repository/at/favre/lib/bcrypt/0.9.0/bcrypt-0.9.0.jar:/home/alex/.m2/repository/at/favre/lib/bytes/1.3.0/bytes-1.3.0.jar:/home/alex/.m2/repository/org/apache/commons/commons-configuration2/2.7/commons-configuration2-2.7.jar:/home/alex/.m2/repository/org/apache/httpcomponents/httpclient/4.5.5/httpclient-4.5.5.jar:/home/alex/.m2/repository/org/apache/httpcomponents/httpcore/4.4.9/httpcore-4.4.9.jar:/home/alex/.m2/repository/org/apache/httpcomponents/httpasyncclient/4.1.4/httpasyncclient-4.1.4.jar:/home/alex/.m2/repository/org/apache/httpcomponents/httpcore-nio/4.4.10/httpcore-nio-4.4.10.jar:/home/alex/Repositories/nifi/nifi-nar-bundles/nifi-framework-bundle/nifi-framework/nifi-framework-authorization/target/classes:/home/alex/Repositories/nifi/nifi-registry/nifi-registry-core/nifi-registry-data-model/target/classes:/home/alex/.m2/repository/javax/validation/validation-api/2.0.1.Final/validation-api-2.0.1.Final.jar:/home/alex/.m2/repository/javax/ws/rs/javax.ws.rs-api/2.1/javax.ws.rs-api-2.1.jar:/home/alex/Repositories/nifi/nifi-registry/nifi-registry-core/nifi-registry-revision/nifi-registry-revision-entity-model/target/classes:/home/alex/Repositories/nifi/nifi-registry/nifi-registry-core/nifi-registry-client/target/classes:/home/alex/Repositories/nifi/nifi-registry/nifi-registry-core/nifi-registry-security-utils/target/classes:/home/alex/.m2/repository/org/glassfish/jersey/core/jersey-client/2.33/jersey-client-2.33.jar:/home/alex/.m2/repository/jakarta/ws/rs/jakarta.ws.rs-api/2.1.6/jakarta.ws.rs-api-2.1.6.jar:/home/alex/.m2/repository/org/glassfish/hk2/external/jakarta.inject/2.6.1/jakarta.inject-2.6.1.jar:/home/alex/.m2/repository/org/glassfish/jersey/media/jersey-media-json-jackson/2.33/jersey-media-json-jackson-2.33.jar:/home/alex/.m2/repository/org/glassfish/jersey/ext/jersey-entity-filtering/2.33/jersey-entity-filtering-2.33.jar:/home/alex/.m2/repository/com/fasterxml/jackson/module/jackson-module-jaxb-annotations/2.11.3/jackson-module-jaxb-annotations-2.11.3.jar:/home/alex/.m2/repository/jakarta/xml/bind/jakarta.xml.bind-api/2.3.2/jakarta.xml.bind-api-2.3.2.jar:/home/alex/.m2/repository/jakarta/activation/jakarta.activation-api/1.2.1/jakarta.activation-api-1.2.1.jar:/home/alex/.m2/repository/org/glassfish/jersey/inject/jersey-hk2/2.33/jersey-hk2-2.33.jar:/home/alex/.m2/repository/org/glassfish/hk2/hk2-locator/2.6.1/hk2-locator-2.6.1.jar:/home/alex/.m2/repository/org/glassfish/hk2/external/aopalliance-repackaged/2.6.1/aopalliance-repackaged-2.6.1.jar:/home/alex/.m2/repository/org/glassfish/hk2/hk2-api/2.6.1/hk2-api-2.6.1.jar:/home/alex/.m2/repository/org/glassfish/hk2/hk2-utils/2.6.1/hk2-utils-2.6.1.jar:/home/alex/.m2/repository/org/javassist/javassist/3.25.0-GA/javassist-3.25.0-GA.jar:/home/alex/.m2/repository/org/glassfish/jersey/core/jersey-common/2.33/jersey-common-2.33.jar:/home/alex/.m2/repository/jakarta/annotation/jakarta.annotation-api/1.3.5/jakarta.annotation-api-1.3.5.jar:/home/alex/.m2/repository/org/glassfish/hk2/osgi-resource-locator/1.0.3/osgi-resource-locator-1.0.3.jar:/home/alex/.m2/repository/org/glassfish/jersey/media/jersey-media-multipart/2.33/jersey-media-multipart-2.33.jar:/home/alex/.m2/repository/org/jvnet/mimepull/mimepull/1.9.13/mimepull-1.9.13.jar:/home/alex/Repositories/nifi/nifi-commons/nifi-expression-language/target/classes:/home/alex/.m2/repository/org/antlr/antlr-runtime/3.5.2/antlr-runtime-3.5.2.jar:/home/alex/Repositories/nifi/nifi-commons/nifi-uuid5/target/classes:/home/alex/.m2/repository/com/jayway/jsonpath/json-path/2.6.0/json-path-2.6.0.jar:/home/alex/.m2/repository/net/minidev/json-smart/2.4.7/json-smart-2.4.7.jar:/home/alex/.m2/repository/net/minidev/accessors-smart/2.4.7/accessors-smart-2.4.7.jar:/home/alex/.m2/repository/commons-codec/commons-codec/1.14/commons-codec-1.14.jar:/home/alex/Repositories/nifi/nifi-commons/nifi-data-provenance-utils/target/classes:/home/alex/Repositories/nifi/nifi-nar-bundles/nifi-extension-utils/nifi-record-utils/nifi-mock-record-utils/target/classes:/home/alex/.m2/repository/org/apache/commons/commons-text/1.8/commons-text-1.8.jar:/home/alex/.m2/repository/org/junit/jupiter/junit-jupiter-api/5.7.2/junit-jupiter-api-5.7.2.jar:/home/alex/.m2/repository/org/apiguardian/apiguardian-api/1.1.0/apiguardian-api-1.1.0.jar:/home/alex/.m2/repository/org/opentest4j/opentest4j/1.2.0/opentest4j-1.2.0.jar:/home/alex/.m2/repository/org/junit/platform/junit-platform-commons/1.7.2/junit-platform-commons-1.7.2.jar:/home/alex/.m2/repository/org/junit/jupiter/junit-jupiter-engine/5.7.2/junit-jupiter-engine-5.7.2.jar:/home/alex/.m2/repository/org/junit/platform/junit-platform-engine/1.7.2/junit-platform-engine-1.7.2.jar:/home/alex/.m2/repository/org/junit/vintage/junit-vintage-engine/5.7.2/junit-vintage-engine-5.7.2.jar:/home/alex/.m2/repository/junit/junit/4.13.2/junit-4.13.2.jar:/home/alex/.m2/repository/org/hamcrest/hamcrest-core/1.3/hamcrest-core-1.3.jar:/home/alex/.m2/repository/org/junit/jupiter/junit-jupiter-params/5.7.2/junit-jupiter-params-5.7.2.jar:/home/alex/.m2/repository/org/mockito/mockito-core/3.11.2/mockito-core-3.11.2.jar:/home/alex/.m2/repository/net/bytebuddy/byte-buddy/1.11.3/byte-buddy-1.11.3.jar:/home/alex/.m2/repository/net/bytebuddy/byte-buddy-agent/1.11.3/byte-buddy-agent-1.11.3.jar:/home/alex/.m2/repository/org/objenesis/objenesis/3.2/objenesis-3.2.jar:/home/alex/.m2/repository/org/mockito/mockito-junit-jupiter/3.11.2/mockito-junit-jupiter-3.11.2.jar:/home/alex/.m2/repository/org/slf4j/slf4j-simple/1.7.32/slf4j-simple-1.7.32.jar:/home/alex/.m2/repository/org/codehaus/groovy/groovy-test/2.5.14/groovy-test-2.5.14.jar:/home/alex/.m2/repository/org/codehaus/groovy/groovy/2.5.14/groovy-2.5.14.jar:"/>
    <property name="sun.cpu.endian" value="little"/>
    <property name="user.home" value="/home/alex"/>
    <property name="user.language" value="en"/>
    <property name="java.specification.vendor" value="Oracle Corporation"/>
    <property name="java.home" value="/usr/lib/jvm/java-8-openjdk-amd64/jre"/>
    <property name="basedir" value="/home/alex/Repositories/nifi/nifi-nar-bundles/nifi-cassandra-bundle/nifi-cassandra-processors"/>
    <property name="file.separator" value="/"/>
    <property name="line.separator" value="&#10;"/>
    <property name="java.vm.specification.vendor" value="Oracle Corporation"/>
    <property name="java.specification.name" value="Java Platform API Specification"/>
    <property name="java.awt.graphicsenv" value="sun.awt.X11GraphicsEnvironment"/>
    <property name="java.awt.headless" value="true"/>
    <property name="surefire.real.class.path" value="/home/alex/Repositories/nifi/nifi-nar-bundles/nifi-cassandra-bundle/nifi-cassandra-processors/target/surefire/surefirebooter3734139237981268313.jar"/>
    <property name="sun.boot.class.path" value="/usr/lib/jvm/java-8-openjdk-amd64/jre/lib/resources.jar:/usr/lib/jvm/java-8-openjdk-amd64/jre/lib/rt.jar:/usr/lib/jvm/java-8-openjdk-amd64/jre/lib/sunrsasign.jar:/usr/lib/jvm/java-8-openjdk-amd64/jre/lib/jsse.jar:/usr/lib/jvm/java-8-openjdk-amd64/jre/lib/jce.jar:/usr/lib/jvm/java-8-openjdk-amd64/jre/lib/charsets.jar:/usr/lib/jvm/java-8-openjdk-amd64/jre/lib/jfr.jar:/usr/lib/jvm/java-8-openjdk-amd64/jre/classes"/>
    <property name="sun.management.compiler" value="HotSpot 64-Bit Tiered Compilers"/>
    <property name="java.runtime.version" value="1.8.0_402-8u402-ga-2ubuntu1~22.04-b06"/>
    <property name="java.net.preferIPv4Stack" value="true"/>
    <property name="user.name" value="alex"/>
    <property name="path.separator" value=":"/>
    <property name="os.version" value="6.5.0-28-generic"/>
    <property name="java.endorsed.dirs" value="/usr/lib/jvm/java-8-openjdk-amd64/jre/lib/endorsed"/>
    <property name="java.runtime.name" value="OpenJDK Runtime Environment"/>
    <property name="file.encoding" value="UTF-8"/>
    <property name="java.vm.name" value="OpenJDK 64-Bit Server VM"/>
    <property name="localRepository" value="/home/alex/.m2/repository"/>
    <property name="java.vendor.url.bug" value="http://bugreport.sun.com/bugreport/"/>
    <property name="java.io.tmpdir" value="/tmp"/>
    <property name="java.version" value="1.8.0_402"/>
    <property name="user.dir" value="/home/alex/Repositories/nifi/nifi-nar-bundles/nifi-cassandra-bundle/nifi-cassandra-processors"/>
    <property name="os.arch" value="amd64"/>
    <property name="java.vm.specification.name" value="Java Virtual Machine Specification"/>
    <property name="java.awt.printerjob" value="sun.print.PSPrinterJob"/>
    <property name="sun.os.patch.level" value="unknown"/>
    <property name="java.library.path" value="/usr/java/packages/lib/amd64:/usr/lib/x86_64-linux-gnu/jni:/lib/x86_64-linux-gnu:/usr/lib/x86_64-linux-gnu:/usr/lib/jni:/lib:/usr/lib"/>
    <property name="java.vm.info" value="mixed mode"/>
    <property name="java.vendor" value="Private Build"/>
    <property name="java.vm.version" value="25.402-b06"/>
    <property name="java.specification.maintenance.version" value="5"/>
    <property name="java.ext.dirs" value="/usr/lib/jvm/java-8-openjdk-amd64/jre/lib/ext:/usr/java/packages/lib/ext"/>
    <property name="sun.io.unicode.encoding" value="UnicodeLittle"/>
    <property name="java.class.version" value="52.0"/>
  </properties>
  <testcase name="testInsertWithBatchStatementAttributeInvalid" classname="org.apache.nifi.processors.cassandra.PutCassandraRecordTest" time="0.014">
    <system-err><![CDATA[[main] WARN com.datastax.driver.core.CodecRegistry - Ignoring codec ObjectArrayCodec [list<varchar> <-> [Ljava.lang.String;] because it collides with previously registered codec ObjectArrayCodec [list<varchar> <-> [Ljava.lang.String;]
[main] INFO com.datastax.driver.core.ClockFactory - Using native clock to generate timestamps.
[main] INFO org.apache.nifi.processors.cassandra.PutCassandraRecordTest$MockPutCassandraRecord - MockPutCassandraRecord[id=0f2ba1a2-8693-4959-b4d8-8250cb08f21e] Connected to Cassandra cluster: cluster1
[pool-12-thread-1] ERROR org.apache.nifi.processors.cassandra.PutCassandraRecordTest$MockPutCassandraRecord - MockPutCassandraRecord[id=0f2ba1a2-8693-4959-b4d8-8250cb08f21e] Unable to write the records into Cassandra table due to java.lang.IllegalArgumentException: No enum constant com.datastax.driver.core.BatchStatement.Type.INVALID-TYPE: java.lang.IllegalArgumentException: No enum constant com.datastax.driver.core.BatchStatement.Type.INVALID-TYPE
java.lang.IllegalArgumentException: No enum constant com.datastax.driver.core.BatchStatement.Type.INVALID-TYPE
	at java.lang.Enum.valueOf(Enum.java:238)
	at com.datastax.driver.core.BatchStatement$Type.valueOf(BatchStatement.java:43)
	at org.apache.nifi.processors.cassandra.PutCassandraRecord.onTrigger(PutCassandraRecord.java:278)
	at org.apache.nifi.processor.AbstractProcessor.onTrigger(AbstractProcessor.java:27)
	at org.apache.nifi.util.StandardProcessorTestRunner$RunProcessor.call(StandardProcessorTestRunner.java:284)
	at org.apache.nifi.util.StandardProcessorTestRunner$RunProcessor.call(StandardProcessorTestRunner.java:278)
	at java.util.concurrent.FutureTask.run(FutureTask.java:266)
	at java.util.concurrent.ScheduledThreadPoolExecutor$ScheduledFutureTask.access$201(ScheduledThreadPoolExecutor.java:180)
	at java.util.concurrent.ScheduledThreadPoolExecutor$ScheduledFutureTask.run(ScheduledThreadPoolExecutor.java:293)
	at java.util.concurrent.ThreadPoolExecutor.runWorker(ThreadPoolExecutor.java:1149)
	at java.util.concurrent.ThreadPoolExecutor$Worker.run(ThreadPoolExecutor.java:624)
	at java.lang.Thread.run(Thread.java:750)
]]></system-err>
  </testcase>
  <testcase name="testUpdateWithUpdateMethodAndKeyAttributes" classname="org.apache.nifi.processors.cassandra.PutCassandraRecordTest" time="0.018">
    <system-err><![CDATA[[main] WARN com.datastax.driver.core.CodecRegistry - Ignoring codec ObjectArrayCodec [list<varchar> <-> [Ljava.lang.String;] because it collides with previously registered codec ObjectArrayCodec [list<varchar> <-> [Ljava.lang.String;]
[main] INFO com.datastax.driver.core.ClockFactory - Using native clock to generate timestamps.
[main] INFO org.apache.nifi.processors.cassandra.PutCassandraRecordTest$MockPutCassandraRecord - MockPutCassandraRecord[id=b30e5f43-268a-4392-8466-000e985d3dfa] Connected to Cassandra cluster: cluster1
]]></system-err>
  </testcase>
  <testcase name="testProcessorConfigValidity" classname="org.apache.nifi.processors.cassandra.PutCassandraRecordTest" time="0.005"/>
  <testcase name="testUpdateCounterWrongBatchStatementType" classname="org.apache.nifi.processors.cassandra.PutCassandraRecordTest" time="0.002"/>
  <testcase name="testUpdateWithAttributesIncompatibleBatchStatementType" classname="org.apache.nifi.processors.cassandra.PutCassandraRecordTest" time="0.008">
    <system-err><![CDATA[[main] WARN com.datastax.driver.core.CodecRegistry - Ignoring codec ObjectArrayCodec [list<varchar> <-> [Ljava.lang.String;] because it collides with previously registered codec ObjectArrayCodec [list<varchar> <-> [Ljava.lang.String;]
[main] INFO com.datastax.driver.core.ClockFactory - Using native clock to generate timestamps.
[main] INFO org.apache.nifi.processors.cassandra.PutCassandraRecordTest$MockPutCassandraRecord - MockPutCassandraRecord[id=e8a4d92f-4b7d-432d-852d-38a6a813f0ea] Connected to Cassandra cluster: cluster1
[pool-14-thread-1] ERROR org.apache.nifi.processors.cassandra.PutCassandraRecordTest$MockPutCassandraRecord - MockPutCassandraRecord[id=e8a4d92f-4b7d-432d-852d-38a6a813f0ea] Unable to write the records into Cassandra table due to java.lang.IllegalArgumentException: Increment/Decrement Update Method can only be used with COUNTER or UNLOGGED Batch Statement Type, FlowFile FlowFile[0,97977578315125.mockFlowFile,0B]: java.lang.IllegalArgumentException: Increment/Decrement Update Method can only be used with COUNTER or UNLOGGED Batch Statement Type, FlowFile FlowFile[0,97977578315125.mockFlowFile,0B]
java.lang.IllegalArgumentException: Increment/Decrement Update Method can only be used with COUNTER or UNLOGGED Batch Statement Type, FlowFile FlowFile[0,97977578315125.mockFlowFile,0B]
	at org.apache.nifi.processors.cassandra.PutCassandraRecord.onTrigger(PutCassandraRecord.java:270)
	at org.apache.nifi.processor.AbstractProcessor.onTrigger(AbstractProcessor.java:27)
	at org.apache.nifi.util.StandardProcessorTestRunner$RunProcessor.call(StandardProcessorTestRunner.java:284)
	at org.apache.nifi.util.StandardProcessorTestRunner$RunProcessor.call(StandardProcessorTestRunner.java:278)
	at java.util.concurrent.FutureTask.run(FutureTask.java:266)
	at java.util.concurrent.ScheduledThreadPoolExecutor$ScheduledFutureTask.access$201(ScheduledThreadPoolExecutor.java:180)
	at java.util.concurrent.ScheduledThreadPoolExecutor$ScheduledFutureTask.run(ScheduledThreadPoolExecutor.java:293)
	at java.util.concurrent.ThreadPoolExecutor.runWorker(ThreadPoolExecutor.java:1149)
	at java.util.concurrent.ThreadPoolExecutor$Worker.run(ThreadPoolExecutor.java:624)
	at java.lang.Thread.run(Thread.java:750)
]]></system-err>
  </testcase>
  <testcase name="testSimplePut" classname="org.apache.nifi.processors.cassandra.PutCassandraRecordTest" time="0.008">
    <system-err><![CDATA[[main] WARN com.datastax.driver.core.CodecRegistry - Ignoring codec ObjectArrayCodec [list<varchar> <-> [Ljava.lang.String;] because it collides with previously registered codec ObjectArrayCodec [list<varchar> <-> [Ljava.lang.String;]
[main] INFO com.datastax.driver.core.ClockFactory - Using native clock to generate timestamps.
[main] INFO org.apache.nifi.processors.cassandra.PutCassandraRecordTest$MockPutCassandraRecord - MockPutCassandraRecord[id=69673834-e943-4dac-80a4-0af5ff03fa69] Connected to Cassandra cluster: cluster1
]]></system-err>
  </testcase>
  <testcase name="testUpdateNullUpdateKeys" classname="org.apache.nifi.processors.cassandra.PutCassandraRecordTest" time="0.002"/>
  <testcase name="testEL" classname="org.apache.nifi.processors.cassandra.PutCassandraRecordTest" time="0.009">
    <system-err><![CDATA[[main] WARN com.datastax.driver.core.CodecRegistry - Ignoring codec ObjectArrayCodec [list<varchar> <-> [Ljava.lang.String;] because it collides with previously registered codec ObjectArrayCodec [list<varchar> <-> [Ljava.lang.String;]
[main] INFO com.datastax.driver.core.ClockFactory - Using native clock to generate timestamps.
[main] INFO org.apache.nifi.processors.cassandra.PutCassandraRecordTest$MockPutCassandraRecord - MockPutCassandraRecord[id=86d845ea-6203-4232-88e6-4783fcd0a031] Connected to Cassandra cluster: cluster1
]]></system-err>
  </testcase>
  <testcase name="testInsertWithStatementAttribute" classname="org.apache.nifi.processors.cassandra.PutCassandraRecordTest" time="0.008">
    <system-err><![CDATA[[main] WARN com.datastax.driver.core.CodecRegistry - Ignoring codec ObjectArrayCodec [list<varchar> <-> [Ljava.lang.String;] because it collides with previously registered codec ObjectArrayCodec [list<varchar> <-> [Ljava.lang.String;]
[main] INFO com.datastax.driver.core.ClockFactory - Using native clock to generate timestamps.
[main] INFO org.apache.nifi.processors.cassandra.PutCassandraRecordTest$MockPutCassandraRecord - MockPutCassandraRecord[id=9c555bdb-49ed-4b1b-ad1f-08285f5c2b1c] Connected to Cassandra cluster: cluster1
]]></system-err>
  </testcase>
  <testcase name="testUpdateWithAttributesInvalidUpdateMethod" classname="org.apache.nifi.processors.cassandra.PutCassandraRecordTest" time="0.007">
    <system-err><![CDATA[[main] WARN com.datastax.driver.core.CodecRegistry - Ignoring codec ObjectArrayCodec [list<varchar> <-> [Ljava.lang.String;] because it collides with previously registered codec ObjectArrayCodec [list<varchar> <-> [Ljava.lang.String;]
[main] INFO com.datastax.driver.core.ClockFactory - Using native clock to generate timestamps.
[main] INFO org.apache.nifi.processors.cassandra.PutCassandraRecordTest$MockPutCassandraRecord - MockPutCassandraRecord[id=f97148bc-edbd-42a8-bdd3-add9572547c4] Connected to Cassandra cluster: cluster1
[pool-18-thread-1] ERROR org.apache.nifi.processors.cassandra.PutCassandraRecordTest$MockPutCassandraRecord - MockPutCassandraRecord[id=f97148bc-edbd-42a8-bdd3-add9572547c4] Unable to write the records into Cassandra table due to java.lang.IllegalArgumentException: Update Method 'invalid-method' is not valid.: java.lang.IllegalArgumentException: Update Method 'invalid-method' is not valid.
java.lang.IllegalArgumentException: Update Method 'invalid-method' is not valid.
	at org.apache.nifi.processors.cassandra.PutCassandraRecord.generateUpdate(PutCassandraRecord.java:368)
	at org.apache.nifi.processors.cassandra.PutCassandraRecord.onTrigger(PutCassandraRecord.java:289)
	at org.apache.nifi.processor.AbstractProcessor.onTrigger(AbstractProcessor.java:27)
	at org.apache.nifi.util.StandardProcessorTestRunner$RunProcessor.call(StandardProcessorTestRunner.java:284)
	at org.apache.nifi.util.StandardProcessorTestRunner$RunProcessor.call(StandardProcessorTestRunner.java:278)
	at java.util.concurrent.FutureTask.run(FutureTask.java:266)
	at java.util.concurrent.ScheduledThreadPoolExecutor$ScheduledFutureTask.access$201(ScheduledThreadPoolExecutor.java:180)
	at java.util.concurrent.ScheduledThreadPoolExecutor$ScheduledFutureTask.run(ScheduledThreadPoolExecutor.java:293)
	at java.util.concurrent.ThreadPoolExecutor.runWorker(ThreadPoolExecutor.java:1149)
	at java.util.concurrent.ThreadPoolExecutor$Worker.run(ThreadPoolExecutor.java:624)
	at java.lang.Thread.run(Thread.java:750)
]]></system-err>
  </testcase>
  <testcase name="testSimpleUpdate" classname="org.apache.nifi.processors.cassandra.PutCassandraRecordTest" time="0.007">
    <system-err><![CDATA[[main] WARN com.datastax.driver.core.CodecRegistry - Ignoring codec ObjectArrayCodec [list<varchar> <-> [Ljava.lang.String;] because it collides with previously registered codec ObjectArrayCodec [list<varchar> <-> [Ljava.lang.String;]
[main] INFO com.datastax.driver.core.ClockFactory - Using native clock to generate timestamps.
[main] INFO org.apache.nifi.processors.cassandra.PutCassandraRecordTest$MockPutCassandraRecord - MockPutCassandraRecord[id=c44a54aa-f8c0-45ff-98b0-34f87252f2d4] Connected to Cassandra cluster: cluster1
]]></system-err>
  </testcase>
  <testcase name="testInsertWithBatchStatementAttribute" classname="org.apache.nifi.processors.cassandra.PutCassandraRecordTest" time="0.006">
    <system-err><![CDATA[[main] WARN com.datastax.driver.core.CodecRegistry - Ignoring codec ObjectArrayCodec [list<varchar> <-> [Ljava.lang.String;] because it collides with previously registered codec ObjectArrayCodec [list<varchar> <-> [Ljava.lang.String;]
[main] INFO com.datastax.driver.core.ClockFactory - Using native clock to generate timestamps.
[main] INFO org.apache.nifi.processors.cassandra.PutCassandraRecordTest$MockPutCassandraRecord - MockPutCassandraRecord[id=30c365e2-85d2-4f40-b78f-78338eb2c8c8] Connected to Cassandra cluster: cluster1
]]></system-err>
  </testcase>
  <testcase name="testStringArrayPut" classname="org.apache.nifi.processors.cassandra.PutCassandraRecordTest" time="0.005">
    <system-err><![CDATA[[main] WARN com.datastax.driver.core.CodecRegistry - Ignoring codec ObjectArrayCodec [list<varchar> <-> [Ljava.lang.String;] because it collides with previously registered codec ObjectArrayCodec [list<varchar> <-> [Ljava.lang.String;]
[main] INFO com.datastax.driver.core.ClockFactory - Using native clock to generate timestamps.
[main] INFO org.apache.nifi.processors.cassandra.PutCassandraRecordTest$MockPutCassandraRecord - MockPutCassandraRecord[id=408c835e-0cbd-4a79-9b58-2d17071a2d4a] Connected to Cassandra cluster: cluster1
]]></system-err>
  </testcase>
  <testcase name="testUpdateWithAttributesEmptyUpdateMethodAttribute" classname="org.apache.nifi.processors.cassandra.PutCassandraRecordTest" time="0.006">
    <system-err><![CDATA[[main] WARN com.datastax.driver.core.CodecRegistry - Ignoring codec ObjectArrayCodec [list<varchar> <-> [Ljava.lang.String;] because it collides with previously registered codec ObjectArrayCodec [list<varchar> <-> [Ljava.lang.String;]
[main] INFO com.datastax.driver.core.ClockFactory - Using native clock to generate timestamps.
[main] INFO org.apache.nifi.processors.cassandra.PutCassandraRecordTest$MockPutCassandraRecord - MockPutCassandraRecord[id=6b86bf64-26be-4e20-b06b-7503c9f65b89] Connected to Cassandra cluster: cluster1
[pool-22-thread-1] ERROR org.apache.nifi.processors.cassandra.PutCassandraRecordTest$MockPutCassandraRecord - MockPutCassandraRecord[id=6b86bf64-26be-4e20-b06b-7503c9f65b89] Unable to write the records into Cassandra table due to java.lang.IllegalArgumentException: Update Method '' is not valid.: java.lang.IllegalArgumentException: Update Method '' is not valid.
java.lang.IllegalArgumentException: Update Method '' is not valid.
	at org.apache.nifi.processors.cassandra.PutCassandraRecord.generateUpdate(PutCassandraRecord.java:368)
	at org.apache.nifi.processors.cassandra.PutCassandraRecord.onTrigger(PutCassandraRecord.java:289)
	at org.apache.nifi.processor.AbstractProcessor.onTrigger(AbstractProcessor.java:27)
	at org.apache.nifi.util.StandardProcessorTestRunner$RunProcessor.call(StandardProcessorTestRunner.java:284)
	at org.apache.nifi.util.StandardProcessorTestRunner$RunProcessor.call(StandardProcessorTestRunner.java:278)
	at java.util.concurrent.FutureTask.run(FutureTask.java:266)
	at java.util.concurrent.ScheduledThreadPoolExecutor$ScheduledFutureTask.access$201(ScheduledThreadPoolExecutor.java:180)
	at java.util.concurrent.ScheduledThreadPoolExecutor$ScheduledFutureTask.run(ScheduledThreadPoolExecutor.java:293)
	at java.util.concurrent.ThreadPoolExecutor.runWorker(ThreadPoolExecutor.java:1149)
	at java.util.concurrent.ThreadPoolExecutor$Worker.run(ThreadPoolExecutor.java:624)
	at java.lang.Thread.run(Thread.java:750)
]]></system-err>
  </testcase>
  <testcase name="testInsertWithStatementAttributeInvalid" classname="org.apache.nifi.processors.cassandra.PutCassandraRecordTest" time="0.008">
    <system-err><![CDATA[[main] WARN com.datastax.driver.core.CodecRegistry - Ignoring codec ObjectArrayCodec [list<varchar> <-> [Ljava.lang.String;] because it collides with previously registered codec ObjectArrayCodec [list<varchar> <-> [Ljava.lang.String;]
[main] INFO com.datastax.driver.core.ClockFactory - Using native clock to generate timestamps.
[main] INFO org.apache.nifi.processors.cassandra.PutCassandraRecordTest$MockPutCassandraRecord - MockPutCassandraRecord[id=6fe7da5d-cb47-4f51-9ef2-7f3b8dc6c27f] Connected to Cassandra cluster: cluster1
[pool-23-thread-1] ERROR org.apache.nifi.processors.cassandra.PutCassandraRecordTest$MockPutCassandraRecord - MockPutCassandraRecord[id=6fe7da5d-cb47-4f51-9ef2-7f3b8dc6c27f] Unable to write the records into Cassandra table due to java.lang.IllegalArgumentException: Statement Type invalid-type is not valid, FlowFile FlowFile[0,97977647433666.mockFlowFile,0B]: java.lang.IllegalArgumentException: Statement Type invalid-type is not valid, FlowFile FlowFile[0,97977647433666.mockFlowFile,0B]
java.lang.IllegalArgumentException: Statement Type invalid-type is not valid, FlowFile FlowFile[0,97977647433666.mockFlowFile,0B]
	at org.apache.nifi.processors.cassandra.PutCassandraRecord.onTrigger(PutCassandraRecord.java:291)
	at org.apache.nifi.processor.AbstractProcessor.onTrigger(AbstractProcessor.java:27)
	at org.apache.nifi.util.StandardProcessorTestRunner$RunProcessor.call(StandardProcessorTestRunner.java:284)
	at org.apache.nifi.util.StandardProcessorTestRunner$RunProcessor.call(StandardProcessorTestRunner.java:278)
	at java.util.concurrent.FutureTask.run(FutureTask.java:266)
	at java.util.concurrent.ScheduledThreadPoolExecutor$ScheduledFutureTask.access$201(ScheduledThreadPoolExecutor.java:180)
	at java.util.concurrent.ScheduledThreadPoolExecutor$ScheduledFutureTask.run(ScheduledThreadPoolExecutor.java:293)
	at java.util.concurrent.ThreadPoolExecutor.runWorker(ThreadPoolExecutor.java:1149)
	at java.util.concurrent.ThreadPoolExecutor$Worker.run(ThreadPoolExecutor.java:624)
	at java.lang.Thread.run(Thread.java:750)
]]></system-err>
  </testcase>
  <testcase name="testUpdateInvalidFieldType" classname="org.apache.nifi.processors.cassandra.PutCassandraRecordTest" time="0.008">
    <system-err><![CDATA[[main] WARN com.datastax.driver.core.CodecRegistry - Ignoring codec ObjectArrayCodec [list<varchar> <-> [Ljava.lang.String;] because it collides with previously registered codec ObjectArrayCodec [list<varchar> <-> [Ljava.lang.String;]
[main] INFO com.datastax.driver.core.ClockFactory - Using native clock to generate timestamps.
[main] INFO org.apache.nifi.processors.cassandra.PutCassandraRecordTest$MockPutCassandraRecord - MockPutCassandraRecord[id=ebdf7bae-ea6b-4a1b-9d98-1f80e1690de4] Connected to Cassandra cluster: cluster1
[pool-24-thread-1] ERROR org.apache.nifi.processors.cassandra.PutCassandraRecordTest$MockPutCassandraRecord - MockPutCassandraRecord[id=ebdf7bae-ea6b-4a1b-9d98-1f80e1690de4] Unable to write the records into Cassandra table due to java.lang.IllegalArgumentException: Field 'goals' is not of type Number: java.lang.IllegalArgumentException: Field 'goals' is not of type Number
java.lang.IllegalArgumentException: Field 'goals' is not of type Number
	at org.apache.nifi.processors.cassandra.PutCassandraRecord.convertFieldObjectToLong(PutCassandraRecord.java:378)
	at org.apache.nifi.processors.cassandra.PutCassandraRecord.generateUpdate(PutCassandraRecord.java:364)
	at org.apache.nifi.processors.cassandra.PutCassandraRecord.onTrigger(PutCassandraRecord.java:289)
	at org.apache.nifi.processor.AbstractProcessor.onTrigger(AbstractProcessor.java:27)
	at org.apache.nifi.util.StandardProcessorTestRunner$RunProcessor.call(StandardProcessorTestRunner.java:284)
	at org.apache.nifi.util.StandardProcessorTestRunner$RunProcessor.call(StandardProcessorTestRunner.java:278)
	at java.util.concurrent.FutureTask.run(FutureTask.java:266)
	at java.util.concurrent.ScheduledThreadPoolExecutor$ScheduledFutureTask.access$201(ScheduledThreadPoolExecutor.java:180)
	at java.util.concurrent.ScheduledThreadPoolExecutor$ScheduledFutureTask.run(ScheduledThreadPoolExecutor.java:293)
	at java.util.concurrent.ThreadPoolExecutor.runWorker(ThreadPoolExecutor.java:1149)
	at java.util.concurrent.ThreadPoolExecutor$Worker.run(ThreadPoolExecutor.java:624)
	at java.lang.Thread.run(Thread.java:750)
]]></system-err>
  </testcase>
  <testcase name="testUpdateWithAttributesEmptyUpdateKeysAttribute" classname="org.apache.nifi.processors.cassandra.PutCassandraRecordTest" time="0.007">
    <system-err><![CDATA[[main] WARN com.datastax.driver.core.CodecRegistry - Ignoring codec ObjectArrayCodec [list<varchar> <-> [Ljava.lang.String;] because it collides with previously registered codec ObjectArrayCodec [list<varchar> <-> [Ljava.lang.String;]
[main] INFO com.datastax.driver.core.ClockFactory - Using native clock to generate timestamps.
[main] INFO org.apache.nifi.processors.cassandra.PutCassandraRecordTest$MockPutCassandraRecord - MockPutCassandraRecord[id=071f16bf-074c-4726-8eb8-30b613a35394] Connected to Cassandra cluster: cluster1
[pool-25-thread-1] ERROR org.apache.nifi.processors.cassandra.PutCassandraRecordTest$MockPutCassandraRecord - MockPutCassandraRecord[id=071f16bf-074c-4726-8eb8-30b613a35394] Unable to write the records into Cassandra table due to java.lang.IllegalArgumentException: Update Keys are not specified, FlowFile FlowFile[0,97977662894370.mockFlowFile,0B]: java.lang.IllegalArgumentException: Update Keys are not specified, FlowFile FlowFile[0,97977662894370.mockFlowFile,0B]
java.lang.IllegalArgumentException: Update Keys are not specified, FlowFile FlowFile[0,97977662894370.mockFlowFile,0B]
	at org.apache.nifi.processors.cassandra.PutCassandraRecord.onTrigger(PutCassandraRecord.java:264)
	at org.apache.nifi.processor.AbstractProcessor.onTrigger(AbstractProcessor.java:27)
	at org.apache.nifi.util.StandardProcessorTestRunner$RunProcessor.call(StandardProcessorTestRunner.java:284)
	at org.apache.nifi.util.StandardProcessorTestRunner$RunProcessor.call(StandardProcessorTestRunner.java:278)
	at java.util.concurrent.FutureTask.run(FutureTask.java:266)
	at java.util.concurrent.ScheduledThreadPoolExecutor$ScheduledFutureTask.access$201(ScheduledThreadPoolExecutor.java:180)
	at java.util.concurrent.ScheduledThreadPoolExecutor$ScheduledFutureTask.run(ScheduledThreadPoolExecutor.java:293)
	at java.util.concurrent.ThreadPoolExecutor.runWorker(ThreadPoolExecutor.java:1149)
	at java.util.concurrent.ThreadPoolExecutor$Worker.run(ThreadPoolExecutor.java:624)
	at java.lang.Thread.run(Thread.java:750)
]]></system-err>
  </testcase>
  <testcase name="testUpdateSetLoggedBatch" classname="org.apache.nifi.processors.cassandra.PutCassandraRecordTest" time="0.001"/>
  <testcase name="testUpdateEmptyUpdateKeys" classname="org.apache.nifi.processors.cassandra.PutCassandraRecordTest" time="0.001"/>
</testsuite>