<?xml version="1.0" encoding="UTF-8"?>
<testsuite xmlns:xsi="http://www.w3.org/2001/XMLSchema-instance" xsi:noNamespaceSchemaLocation="https://maven.apache.org/surefire/maven-surefire-plugin/xsd/surefire-test-report-3.0.xsd" version="3.0" name="org.apache.nifi.minifi.bootstrap.configuration.ingestors.PullHttpChangeIngestorTest" time="1.651" tests="7" errors="0" skipped="0" failures="0">
  <properties>
    <property name="sun.desktop" value="gnome"/>
    <property name="awt.toolkit" value="sun.awt.X11.XToolkit"/>
    <property name="file.encoding.pkg" value="sun.io"/>
    <property name="java.specification.version" value="1.8"/>
    <property name="sun.cpu.isalist" value=""/>
    <property name="sun.jnu.encoding" value="UTF-8"/>
    <property name="java.class.path" value="/home/alex/Repositories/nifi/minifi/minifi-bootstrap/target/test-classes:/home/alex/Repositories/nifi/minifi/minifi-bootstrap/target/classes:/home/alex/.m2/repository/org/slf4j/slf4j-api/1.7.32/slf4j-api-1.7.32.jar:/home/alex/.m2/repository/ch/qos/logback/logback-classic/1.2.6/logback-classic-1.2.6.jar:/home/alex/.m2/repository/ch/qos/logback/logback-core/1.2.6/logback-core-1.2.6.jar:/home/alex/Repositories/nifi/nifi-api/target/classes:/home/alex/Repositories/nifi/nifi-commons/nifi-bootstrap-utils/target/classes:/home/alex/.m2/repository/net/java/dev/jna/jna-platform/4.4.0/jna-platform-4.4.0.jar:/home/alex/.m2/repository/net/java/dev/jna/jna/4.4.0/jna-4.4.0.jar:/home/alex/Repositories/nifi/nifi-nar-bundles/nifi-extension-utils/nifi-processor-utils/target/classes:/home/alex/Repositories/nifi/nifi-commons/nifi-security-socket-ssl/target/classes:/home/alex/.m2/repository/org/apache/commons/commons-lang3/3.9/commons-lang3-3.9.jar:/home/alex/.m2/repository/com/fasterxml/jackson/core/jackson-databind/2.12.3/jackson-databind-2.12.3.jar:/home/alex/.m2/repository/com/fasterxml/jackson/core/jackson-annotations/2.12.3/jackson-annotations-2.12.3.jar:/home/alex/.m2/repository/com/fasterxml/jackson/core/jackson-core/2.12.3/jackson-core-2.12.3.jar:/home/alex/Repositories/nifi/nifi-nar-bundles/nifi-standard-services/nifi-record-serialization-service-api/target/classes:/home/alex/Repositories/nifi/nifi-commons/nifi-record/target/classes:/home/alex/Repositories/nifi/nifi-nar-bundles/nifi-extension-utils/nifi-event-transport/target/classes:/home/alex/.m2/repository/io/netty/netty-handler/4.1.69.Final/netty-handler-4.1.69.Final.jar:/home/alex/.m2/repository/io/netty/netty-common/4.1.69.Final/netty-common-4.1.69.Final.jar:/home/alex/.m2/repository/io/netty/netty-resolver/4.1.69.Final/netty-resolver-4.1.69.Final.jar:/home/alex/.m2/repository/io/netty/netty-buffer/4.1.69.Final/netty-buffer-4.1.69.Final.jar:/home/alex/.m2/repository/io/netty/netty-transport/4.1.69.Final/netty-transport-4.1.69.Final.jar:/home/alex/.m2/repository/io/netty/netty-codec/4.1.69.Final/netty-codec-4.1.69.Final.jar:/home/alex/Repositories/nifi/nifi-commons/nifi-expression-language/target/classes:/home/alex/.m2/repository/org/antlr/antlr-runtime/3.5.2/antlr-runtime-3.5.2.jar:/home/alex/Repositories/nifi/nifi-commons/nifi-parameter/target/classes:/home/alex/Repositories/nifi/nifi-commons/nifi-uuid5/target/classes:/home/alex/.m2/repository/com/jayway/jsonpath/json-path/2.6.0/json-path-2.6.0.jar:/home/alex/.m2/repository/net/minidev/json-smart/2.4.7/json-smart-2.4.7.jar:/home/alex/.m2/repository/net/minidev/accessors-smart/2.4.7/accessors-smart-2.4.7.jar:/home/alex/.m2/repository/org/ow2/asm/asm/9.1/asm-9.1.jar:/home/alex/.m2/repository/org/apache/commons/commons-text/1.8/commons-text-1.8.jar:/home/alex/.m2/repository/commons-codec/commons-codec/1.10/commons-codec-1.10.jar:/home/alex/Repositories/nifi/minifi/minifi-commons/minifi-utils/target/classes:/home/alex/Repositories/nifi/nifi-commons/nifi-utils/target/classes:/home/alex/Repositories/nifi/nifi-commons/nifi-properties/target/classes:/home/alex/Repositories/nifi/nifi-commons/nifi-property-utils/target/classes:/home/alex/.m2/repository/org/yaml/snakeyaml/1.29/snakeyaml-1.29.jar:/home/alex/Repositories/nifi/minifi/minifi-commons/minifi-commons-schema/target/classes:/home/alex/.m2/repository/org/eclipse/jetty/jetty-server/9.4.44.v20210927/jetty-server-9.4.44.v20210927.jar:/home/alex/.m2/repository/javax/servlet/javax.servlet-api/3.1.0/javax.servlet-api-3.1.0.jar:/home/alex/.m2/repository/org/eclipse/jetty/jetty-http/9.4.44.v20210927/jetty-http-9.4.44.v20210927.jar:/home/alex/.m2/repository/org/eclipse/jetty/jetty-util/9.4.44.v20210927/jetty-util-9.4.44.v20210927.jar:/home/alex/.m2/repository/org/eclipse/jetty/jetty-io/9.4.44.v20210927/jetty-io-9.4.44.v20210927.jar:/home/alex/.m2/repository/org/eclipse/jetty/jetty-servlet/9.4.44.v20210927/jetty-servlet-9.4.44.v20210927.jar:/home/alex/.m2/repository/org/eclipse/jetty/jetty-security/9.4.44.v20210927/jetty-security-9.4.44.v20210927.jar:/home/alex/.m2/repository/org/eclipse/jetty/jetty-util-ajax/9.4.44.v20210927/jetty-util-ajax-9.4.44.v20210927.jar:/home/alex/.m2/repository/com/squareup/okhttp3/okhttp/3.12.3/okhttp-3.12.3.jar:/home/alex/.m2/repository/com/squareup/okio/okio/1.15.0/okio-1.15.0.jar:/home/alex/.m2/repository/commons-io/commons-io/2.10.0/commons-io-2.10.0.jar:/home/alex/.m2/repository/junit/junit/4.13.2/junit-4.13.2.jar:/home/alex/.m2/repository/org/hamcrest/hamcrest-core/1.3/hamcrest-core-1.3.jar:/home/alex/.m2/repository/org/mockito/mockito-all/1.10.19/mockito-all-1.10.19.jar:/home/alex/.m2/repository/org/slf4j/slf4j-simple/1.7.32/slf4j-simple-1.7.32.jar:/home/alex/.m2/repository/org/junit/jupiter/junit-jupiter-api/5.7.2/junit-jupiter-api-5.7.2.jar:/home/alex/.m2/repository/org/apiguardian/apiguardian-api/1.1.0/apiguardian-api-1.1.0.jar:/home/alex/.m2/repository/org/opentest4j/opentest4j/1.2.0/opentest4j-1.2.0.jar:/home/alex/.m2/repository/org/junit/platform/junit-platform-commons/1.7.2/junit-platform-commons-1.7.2.jar:/home/alex/.m2/repository/org/junit/jupiter/junit-jupiter-engine/5.7.2/junit-jupiter-engine-5.7.2.jar:/home/alex/.m2/repository/org/junit/platform/junit-platform-engine/1.7.2/junit-platform-engine-1.7.2.jar:/home/alex/.m2/repository/org/junit/vintage/junit-vintage-engine/5.7.2/junit-vintage-engine-5.7.2.jar:/home/alex/.m2/repository/org/junit/jupiter/junit-jupiter-params/5.7.2/junit-jupiter-params-5.7.2.jar:/home/alex/.m2/repository/org/mockito/mockito-core/3.11.2/mockito-core-3.11.2.jar:/home/alex/.m2/repository/net/bytebuddy/byte-buddy/1.11.3/byte-buddy-1.11.3.jar:/home/alex/.m2/repository/net/bytebuddy/byte-buddy-agent/1.11.3/byte-buddy-agent-1.11.3.jar:/home/alex/.m2/repository/org/objenesis/objenesis/3.2/objenesis-3.2.jar:/home/alex/.m2/repository/org/mockito/mockito-junit-jupiter/3.11.2/mockito-junit-jupiter-3.11.2.jar:/home/alex/.m2/repository/org/codehaus/groovy/groovy-test/2.5.14/groovy-test-2.5.14.jar:/home/alex/.m2/repository/org/codehaus/groovy/groovy/2.5.14/groovy-2.5.14.jar:"/>
    <property name="java.vm.vendor" value="Private Build"/>
    <property name="sun.arch.data.model" value="64"/>
    <property name="java.vendor.url" value="http://java.oracle.com/"/>
    <property name="user.timezone" value="Europe/Lisbon"/>
    <property name="java.vm.specification.version" value="1.8"/>
    <property name="os.name" value="Linux"/>
    <property name="user.country" value="US"/>
    <property name="sun.java.launcher" value="SUN_STANDARD"/>
    <property name="sun.boot.library.path" value="/usr/lib/jvm/java-8-openjdk-amd64/jre/lib/amd64"/>
    <property name="sun.java.command" value="/home/alex/Repositories/nifi/minifi/minifi-bootstrap/target/surefire/surefirebooter1462496308895838440.jar /home/alex/Repositories/nifi/minifi/minifi-bootstrap/target/surefire 2024-05-02T03-23-33_830-jvmRun1 surefire8119979705351592500tmp surefire_1826208382793656960217tmp"/>
    <property name="surefire.test.class.path" value="/home/alex/Repositories/nifi/minifi/minifi-bootstrap/target/test-classes:/home/alex/Repositories/nifi/minifi/minifi-bootstrap/target/classes:/home/alex/.m2/repository/org/slf4j/slf4j-api/1.7.32/slf4j-api-1.7.32.jar:/home/alex/.m2/repository/ch/qos/logback/logback-classic/1.2.6/logback-classic-1.2.6.jar:/home/alex/.m2/repository/ch/qos/logback/logback-core/1.2.6/logback-core-1.2.6.jar:/home/alex/Repositories/nifi/nifi-api/target/classes:/home/alex/Repositories/nifi/nifi-commons/nifi-bootstrap-utils/target/classes:/home/alex/.m2/repository/net/java/dev/jna/jna-platform/4.4.0/jna-platform-4.4.0.jar:/home/alex/.m2/repository/net/java/dev/jna/jna/4.4.0/jna-4.4.0.jar:/home/alex/Repositories/nifi/nifi-nar-bundles/nifi-extension-utils/nifi-processor-utils/target/classes:/home/alex/Repositories/nifi/nifi-commons/nifi-security-socket-ssl/target/classes:/home/alex/.m2/repository/org/apache/commons/commons-lang3/3.9/commons-lang3-3.9.jar:/home/alex/.m2/repository/com/fasterxml/jackson/core/jackson-databind/2.12.3/jackson-databind-2.12.3.jar:/home/alex/.m2/repository/com/fasterxml/jackson/core/jackson-annotations/2.12.3/jackson-annotations-2.12.3.jar:/home/alex/.m2/repository/com/fasterxml/jackson/core/jackson-core/2.12.3/jackson-core-2.12.3.jar:/home/alex/Repositories/nifi/nifi-nar-bundles/nifi-standard-services/nifi-record-serialization-service-api/target/classes:/home/alex/Repositories/nifi/nifi-commons/nifi-record/target/classes:/home/alex/Repositories/nifi/nifi-nar-bundles/nifi-extension-utils/nifi-event-transport/target/classes:/home/alex/.m2/repository/io/netty/netty-handler/4.1.69.Final/netty-handler-4.1.69.Final.jar:/home/alex/.m2/repository/io/netty/netty-common/4.1.69.Final/netty-common-4.1.69.Final.jar:/home/alex/.m2/repository/io/netty/netty-resolver/4.1.69.Final/netty-resolver-4.1.69.Final.jar:/home/alex/.m2/repository/io/netty/netty-buffer/4.1.69.Final/netty-buffer-4.1.69.Final.jar:/home/alex/.m2/repository/io/netty/netty-transport/4.1.69.Final/netty-transport-4.1.69.Final.jar:/home/alex/.m2/repository/io/netty/netty-codec/4.1.69.Final/netty-codec-4.1.69.Final.jar:/home/alex/Repositories/nifi/nifi-commons/nifi-expression-language/target/classes:/home/alex/.m2/repository/org/antlr/antlr-runtime/3.5.2/antlr-runtime-3.5.2.jar:/home/alex/Repositories/nifi/nifi-commons/nifi-parameter/target/classes:/home/alex/Repositories/nifi/nifi-commons/nifi-uuid5/target/classes:/home/alex/.m2/repository/com/jayway/jsonpath/json-path/2.6.0/json-path-2.6.0.jar:/home/alex/.m2/repository/net/minidev/json-smart/2.4.7/json-smart-2.4.7.jar:/home/alex/.m2/repository/net/minidev/accessors-smart/2.4.7/accessors-smart-2.4.7.jar:/home/alex/.m2/repository/org/ow2/asm/asm/9.1/asm-9.1.jar:/home/alex/.m2/repository/org/apache/commons/commons-text/1.8/commons-text-1.8.jar:/home/alex/.m2/repository/commons-codec/commons-codec/1.10/commons-codec-1.10.jar:/home/alex/Repositories/nifi/minifi/minifi-commons/minifi-utils/target/classes:/home/alex/Repositories/nifi/nifi-commons/nifi-utils/target/classes:/home/alex/Repositories/nifi/nifi-commons/nifi-properties/target/classes:/home/alex/Repositories/nifi/nifi-commons/nifi-property-utils/target/classes:/home/alex/.m2/repository/org/yaml/snakeyaml/1.29/snakeyaml-1.29.jar:/home/alex/Repositories/nifi/minifi/minifi-commons/minifi-commons-schema/target/classes:/home/alex/.m2/repository/org/eclipse/jetty/jetty-server/9.4.44.v20210927/jetty-server-9.4.44.v20210927.jar:/home/alex/.m2/repository/javax/servlet/javax.servlet-api/3.1.0/javax.servlet-api-3.1.0.jar:/home/alex/.m2/repository/org/eclipse/jetty/jetty-http/9.4.44.v20210927/jetty-http-9.4.44.v20210927.jar:/home/alex/.m2/repository/org/eclipse/jetty/jetty-util/9.4.44.v20210927/jetty-util-9.4.44.v20210927.jar:/home/alex/.m2/repository/org/eclipse/jetty/jetty-io/9.4.44.v20210927/jetty-io-9.4.44.v20210927.jar:/home/alex/.m2/repository/org/eclipse/jetty/jetty-servlet/9.4.44.v20210927/jetty-servlet-9.4.44.v20210927.jar:/home/alex/.m2/repository/org/eclipse/jetty/jetty-security/9.4.44.v20210927/jetty-security-9.4.44.v20210927.jar:/home/alex/.m2/repository/org/eclipse/jetty/jetty-util-ajax/9.4.44.v20210927/jetty-util-ajax-9.4.44.v20210927.jar:/home/alex/.m2/repository/com/squareup/okhttp3/okhttp/3.12.3/okhttp-3.12.3.jar:/home/alex/.m2/repository/com/squareup/okio/okio/1.15.0/okio-1.15.0.jar:/home/alex/.m2/repository/commons-io/commons-io/2.10.0/commons-io-2.10.0.jar:/home/alex/.m2/repository/junit/junit/4.13.2/junit-4.13.2.jar:/home/alex/.m2/repository/org/hamcrest/hamcrest-core/1.3/hamcrest-core-1.3.jar:/home/alex/.m2/repository/org/mockito/mockito-all/1.10.19/mockito-all-1.10.19.jar:/home/alex/.m2/repository/org/slf4j/slf4j-simple/1.7.32/slf4j-simple-1.7.32.jar:/home/alex/.m2/repository/org/junit/jupiter/junit-jupiter-api/5.7.2/junit-jupiter-api-5.7.2.jar:/home/alex/.m2/repository/org/apiguardian/apiguardian-api/1.1.0/apiguardian-api-1.1.0.jar:/home/alex/.m2/repository/org/opentest4j/opentest4j/1.2.0/opentest4j-1.2.0.jar:/home/alex/.m2/repository/org/junit/platform/junit-platform-commons/1.7.2/junit-platform-commons-1.7.2.jar:/home/alex/.m2/repository/org/junit/jupiter/junit-jupiter-engine/5.7.2/junit-jupiter-engine-5.7.2.jar:/home/alex/.m2/repository/org/junit/platform/junit-platform-engine/1.7.2/junit-platform-engine-1.7.2.jar:/home/alex/.m2/repository/org/junit/vintage/junit-vintage-engine/5.7.2/junit-vintage-engine-5.7.2.jar:/home/alex/.m2/repository/org/junit/jupiter/junit-jupiter-params/5.7.2/junit-jupiter-params-5.7.2.jar:/home/alex/.m2/repository/org/mockito/mockito-core/3.11.2/mockito-core-3.11.2.jar:/home/alex/.m2/repository/net/bytebuddy/byte-buddy/1.11.3/byte-buddy-1.11.3.jar:/home/alex/.m2/repository/net/bytebuddy/byte-buddy-agent/1.11.3/byte-buddy-agent-1.11.3.jar:/home/alex/.m2/repository/org/objenesis/objenesis/3.2/objenesis-3.2.jar:/home/alex/.m2/repository/org/mockito/mockito-junit-jupiter/3.11.2/mockito-junit-jupiter-3.11.2.jar:/home/alex/.m2/repository/org/codehaus/groovy/groovy-test/2.5.14/groovy-test-2.5.14.jar:/home/alex/.m2/repository/org/codehaus/groovy/groovy/2.5.14/groovy-2.5.14.jar:"/>
    <property name="sun.cpu.endian" value="little"/>
    <property name="user.home" value="/home/alex"/>
    <property name="user.language" value="en"/>
    <property name="java.specification.vendor" value="Oracle Corporation"/>
    <property name="java.home" value="/usr/lib/jvm/java-8-openjdk-amd64/jre"/>
    <property name="basedir" value="/home/alex/Repositories/nifi/minifi/minifi-bootstrap"/>
    <property name="file.separator" value="/"/>
    <property name="line.separator" value="&#10;"/>
    <property name="java.vm.specification.vendor" value="Oracle Corporation"/>
    <property name="java.specification.name" value="Java Platform API Specification"/>
    <property name="java.awt.graphicsenv" value="sun.awt.X11GraphicsEnvironment"/>
    <property name="java.awt.headless" value="true"/>
    <property name="surefire.real.class.path" value="/home/alex/Repositories/nifi/minifi/minifi-bootstrap/target/surefire/surefirebooter1462496308895838440.jar"/>
    <property name="sun.boot.class.path" value="/usr/lib/jvm/java-8-openjdk-amd64/jre/lib/resources.jar:/usr/lib/jvm/java-8-openjdk-amd64/jre/lib/rt.jar:/usr/lib/jvm/java-8-openjdk-amd64/jre/lib/sunrsasign.jar:/usr/lib/jvm/java-8-openjdk-amd64/jre/lib/jsse.jar:/usr/lib/jvm/java-8-openjdk-amd64/jre/lib/jce.jar:/usr/lib/jvm/java-8-openjdk-amd64/jre/lib/charsets.jar:/usr/lib/jvm/java-8-openjdk-amd64/jre/lib/jfr.jar:/usr/lib/jvm/java-8-openjdk-amd64/jre/classes"/>
    <property name="sun.management.compiler" value="HotSpot 64-Bit Tiered Compilers"/>
    <property name="java.runtime.version" value="1.8.0_402-8u402-ga-2ubuntu1~22.04-b06"/>
    <property name="java.net.preferIPv4Stack" value="true"/>
    <property name="user.name" value="alex"/>
    <property name="path.separator" value=":"/>
    <property name="os.version" value="6.5.0-28-generic"/>
    <property name="java.endorsed.dirs" value="/usr/lib/jvm/java-8-openjdk-amd64/jre/lib/endorsed"/>
    <property name="java.runtime.name" value="OpenJDK Runtime Environment"/>
    <property name="file.encoding" value="UTF-8"/>
    <property name="java.vm.name" value="OpenJDK 64-Bit Server VM"/>
    <property name="localRepository" value="/home/alex/.m2/repository"/>
    <property name="java.vendor.url.bug" value="http://bugreport.sun.com/bugreport/"/>
    <property name="jetty.git.hash" value="8da83308eeca865e495e53ef315a249d63ba9332"/>
    <property name="java.io.tmpdir" value="/tmp"/>
    <property name="java.version" value="1.8.0_402"/>
    <property name="user.dir" value="/home/alex/Repositories/nifi/minifi/minifi-bootstrap"/>
    <property name="os.arch" value="amd64"/>
    <property name="java.vm.specification.name" value="Java Virtual Machine Specification"/>
    <property name="java.awt.printerjob" value="sun.print.PSPrinterJob"/>
    <property name="sun.os.patch.level" value="unknown"/>
    <property name="java.library.path" value="/usr/java/packages/lib/amd64:/usr/lib/x86_64-linux-gnu/jni:/lib/x86_64-linux-gnu:/usr/lib/x86_64-linux-gnu:/usr/lib/jni:/lib:/usr/lib"/>
    <property name="java.vm.info" value="mixed mode"/>
    <property name="java.vendor" value="Private Build"/>
    <property name="java.vm.version" value="25.402-b06"/>
    <property name="java.specification.maintenance.version" value="5"/>
    <property name="java.ext.dirs" value="/usr/lib/jvm/java-8-openjdk-amd64/jre/lib/ext:/usr/java/packages/lib/ext"/>
    <property name="sun.io.unicode.encoding" value="UnicodeLittle"/>
    <property name="java.class.version" value="52.0"/>
  </properties>
  <testcase name="testNewUpdateWithPath" classname="org.apache.nifi.minifi.bootstrap.configuration.ingestors.PullHttpChangeIngestorTest" time="0.23">
    <system-out><![CDATA[03:43:07.490 [main] DEBUG org.eclipse.jetty.util.log - Logging to Logger[org.eclipse.jetty.util.log] via org.eclipse.jetty.util.log.Slf4jLog
03:43:07.492 [main] INFO org.eclipse.jetty.util.log - Logging initialized @845ms to org.eclipse.jetty.util.log.Slf4jLog
03:43:07.498 [main] DEBUG org.eclipse.jetty.util.component.ContainerLifeCycle - QueuedThreadPool[qtp961160488]@394a2528{STOPPED,8<=0<=200,i=0,r=-1,q=0}[NO_TRY] added {org.eclipse.jetty.util.thread.ThreadPoolBudget@2a266d09,POJO}
03:43:07.514 [main] DEBUG org.eclipse.jetty.util.component.ContainerLifeCycle - Server@53aad5d5{STOPPED}[9.4.44.v20210927] added {QueuedThreadPool[qtp961160488]@394a2528{STOPPED,8<=0<=200,i=0,r=-1,q=0}[NO_TRY],AUTO}
03:43:07.516 [main] DEBUG org.eclipse.jetty.util.component.ContainerLifeCycle - HandlerCollection@2892dae4{STOPPED} added {JettyHandler@355ce81c{STOPPED},AUTO}
03:43:07.517 [main] DEBUG org.eclipse.jetty.util.component.ContainerLifeCycle - Server@53aad5d5{STOPPED}[9.4.44.v20210927] added {HandlerCollection@2892dae4{STOPPED},MANAGED}
03:43:07.533 [main] DEBUG org.eclipse.jetty.util.component.ContainerLifeCycle - HttpConnectionFactory@22e357dc[HTTP/1.1] added {HttpConfiguration@49912c99{32768/8192,8192/8192,https://:0,[]},POJO}
03:43:07.539 [main] DEBUG org.eclipse.jetty.util.component.ContainerLifeCycle - ServerConnector@446293d{null, ()}{0.0.0.0:0} added {Server@53aad5d5{STOPPED}[9.4.44.v20210927],UNMANAGED}
03:43:07.540 [main] DEBUG org.eclipse.jetty.util.component.ContainerLifeCycle - ServerConnector@446293d{null, ()}{0.0.0.0:0} added {QueuedThreadPool[qtp961160488]@394a2528{STOPPED,8<=0<=200,i=0,r=-1,q=0}[NO_TRY],AUTO}
03:43:07.540 [main] DEBUG org.eclipse.jetty.util.component.ContainerLifeCycle - ServerConnector@446293d{null, ()}{0.0.0.0:0} added {ScheduledExecutorScheduler@3059cbc{STOPPED},AUTO}
03:43:07.540 [main] DEBUG org.eclipse.jetty.util.component.ContainerLifeCycle - ServerConnector@446293d{null, ()}{0.0.0.0:0} added {org.eclipse.jetty.io.ArrayByteBufferPool@7ea9e1e2,POJO}
03:43:07.540 [main] DEBUG org.eclipse.jetty.util.component.ContainerLifeCycle - ServerConnector@446293d{null, (http/1.1)}{0.0.0.0:0} added {HttpConnectionFactory@22e357dc[HTTP/1.1],AUTO}
03:43:07.540 [main] DEBUG org.eclipse.jetty.server.AbstractConnector - ServerConnector@446293d{HTTP/1.1, (http/1.1)}{0.0.0.0:0} added HttpConnectionFactory@22e357dc[HTTP/1.1]
03:43:07.544 [main] DEBUG org.eclipse.jetty.util.component.ContainerLifeCycle - ServerConnector@446293d{HTTP/1.1, (http/1.1)}{0.0.0.0:0} added {SelectorManager@ServerConnector@446293d{HTTP/1.1, (http/1.1)}{0.0.0.0:0},MANAGED}
03:43:07.545 [main] DEBUG org.eclipse.jetty.util.component.ContainerLifeCycle - Server@53aad5d5{STOPPED}[9.4.44.v20210927] added {ServerConnector@446293d{HTTP/1.1, (http/1.1)}{localhost:0},AUTO}
03:43:07.545 [main] DEBUG org.eclipse.jetty.util.component.AbstractLifeCycle - starting Server@53aad5d5{STOPPED}[9.4.44.v20210927]
03:43:07.547 [main] DEBUG org.eclipse.jetty.util.component.ContainerLifeCycle - Server@53aad5d5{STARTING}[9.4.44.v20210927] added {ErrorHandler@4d5b6aac{STOPPED},AUTO}
03:43:07.547 [main] INFO org.eclipse.jetty.server.Server - jetty-9.4.44.v20210927; built: 2021-09-27T23:02:44.612Z; git: 8da83308eeca865e495e53ef315a249d63ba9332; jvm 1.8.0_402-8u402-ga-2ubuntu1~22.04-b06
03:43:07.556 [main] DEBUG org.eclipse.jetty.server.handler.AbstractHandler - starting Server@53aad5d5{STARTING}[9.4.44.v20210927]
03:43:07.557 [main] DEBUG org.eclipse.jetty.util.component.AbstractLifeCycle - starting QueuedThreadPool[qtp961160488]@394a2528{STOPPED,8<=0<=200,i=0,r=-1,q=0}[NO_TRY]
03:43:07.558 [main] DEBUG org.eclipse.jetty.util.thread.ReservedThreadExecutor - ReservedThreadExecutor@383bfa16{reserved=0/8,pending=0}
03:43:07.558 [main] DEBUG org.eclipse.jetty.util.component.ContainerLifeCycle - QueuedThreadPool[qtp961160488]@394a2528{STARTING,8<=0<=200,i=0,r=-1,q=0}[ReservedThreadExecutor@383bfa16{reserved=0/8,pending=0}] added {ReservedThreadExecutor@383bfa16{reserved=0/8,pending=0},AUTO}
03:43:07.558 [main] DEBUG org.eclipse.jetty.util.component.AbstractLifeCycle - starting ReservedThreadExecutor@383bfa16{reserved=0/8,pending=0}
03:43:07.560 [main] DEBUG org.eclipse.jetty.util.component.AbstractLifeCycle - STARTED @913ms ReservedThreadExecutor@383bfa16{reserved=0/8,pending=0}
03:43:07.561 [main] DEBUG org.eclipse.jetty.util.thread.QueuedThreadPool - Starting Thread[qtp961160488-15,5,main]
03:43:07.562 [main] DEBUG org.eclipse.jetty.util.thread.QueuedThreadPool - Starting Thread[qtp961160488-16,5,main]
03:43:07.562 [main] DEBUG org.eclipse.jetty.util.thread.QueuedThreadPool - Starting Thread[qtp961160488-17,5,main]
03:43:07.562 [main] DEBUG org.eclipse.jetty.util.thread.QueuedThreadPool - Starting Thread[qtp961160488-18,5,main]
03:43:07.562 [qtp961160488-15] DEBUG org.eclipse.jetty.util.thread.QueuedThreadPool - Runner started for QueuedThreadPool[qtp961160488]@394a2528{STARTING,8<=2<=200,i=2,r=-1,q=0}[ReservedThreadExecutor@383bfa16{reserved=0/8,pending=0}]
03:43:07.562 [qtp961160488-16] DEBUG org.eclipse.jetty.util.thread.QueuedThreadPool - Runner started for QueuedThreadPool[qtp961160488]@394a2528{STARTING,8<=3<=200,i=3,r=-1,q=0}[ReservedThreadExecutor@383bfa16{reserved=0/8,pending=0}]
03:43:07.562 [main] DEBUG org.eclipse.jetty.util.thread.QueuedThreadPool - Starting Thread[qtp961160488-19,5,main]
03:43:07.562 [qtp961160488-17] DEBUG org.eclipse.jetty.util.thread.QueuedThreadPool - Runner started for QueuedThreadPool[qtp961160488]@394a2528{STARTING,8<=4<=200,i=4,r=-1,q=0}[ReservedThreadExecutor@383bfa16{reserved=0/8,pending=0}]
03:43:07.568 [main] DEBUG org.eclipse.jetty.util.thread.QueuedThreadPool - Starting Thread[qtp961160488-20,5,main]
03:43:07.568 [qtp961160488-18] DEBUG org.eclipse.jetty.util.thread.QueuedThreadPool - Runner started for QueuedThreadPool[qtp961160488]@394a2528{STARTING,8<=5<=200,i=5,r=-1,q=0}[ReservedThreadExecutor@383bfa16{reserved=0/8,pending=0}]
03:43:07.569 [main] DEBUG org.eclipse.jetty.util.thread.QueuedThreadPool - Starting Thread[qtp961160488-21,5,main]
03:43:07.569 [qtp961160488-19] DEBUG org.eclipse.jetty.util.thread.QueuedThreadPool - Runner started for QueuedThreadPool[qtp961160488]@394a2528{STARTING,8<=6<=200,i=6,r=-1,q=0}[ReservedThreadExecutor@383bfa16{reserved=0/8,pending=0}]
03:43:07.569 [main] DEBUG org.eclipse.jetty.util.thread.QueuedThreadPool - Starting Thread[qtp961160488-22,5,main]
03:43:07.569 [qtp961160488-20] DEBUG org.eclipse.jetty.util.thread.QueuedThreadPool - Runner started for QueuedThreadPool[qtp961160488]@394a2528{STARTING,8<=7<=200,i=7,r=-1,q=0}[ReservedThreadExecutor@383bfa16{reserved=0/8,pending=0}]
03:43:07.569 [qtp961160488-21] DEBUG org.eclipse.jetty.util.thread.QueuedThreadPool - Runner started for QueuedThreadPool[qtp961160488]@394a2528{STARTING,8<=8<=200,i=8,r=-1,q=0}[ReservedThreadExecutor@383bfa16{reserved=0/8,pending=0}]
03:43:07.569 [main] DEBUG org.eclipse.jetty.util.component.AbstractLifeCycle - STARTED @922ms QueuedThreadPool[qtp961160488]@394a2528{STARTED,8<=8<=200,i=8,r=-1,q=0}[ReservedThreadExecutor@383bfa16{reserved=0/8,pending=0}]
03:43:07.569 [main] DEBUG org.eclipse.jetty.util.component.AbstractLifeCycle - starting HandlerCollection@2892dae4{STOPPED}
03:43:07.569 [qtp961160488-22] DEBUG org.eclipse.jetty.util.thread.QueuedThreadPool - Runner started for QueuedThreadPool[qtp961160488]@394a2528{STARTED,8<=8<=200,i=8,r=-1,q=0}[ReservedThreadExecutor@383bfa16{reserved=0/8,pending=0}]
03:43:07.569 [main] DEBUG org.eclipse.jetty.server.handler.AbstractHandler - starting HandlerCollection@2892dae4{STARTING}
03:43:07.569 [main] DEBUG org.eclipse.jetty.util.component.AbstractLifeCycle - starting JettyHandler@355ce81c{STOPPED}
03:43:07.569 [main] DEBUG org.eclipse.jetty.server.handler.AbstractHandler - starting JettyHandler@355ce81c{STARTING}
03:43:07.570 [main] DEBUG org.eclipse.jetty.util.component.AbstractLifeCycle - STARTED @922ms JettyHandler@355ce81c{STARTED}
03:43:07.570 [main] DEBUG org.eclipse.jetty.util.component.AbstractLifeCycle - STARTED @923ms HandlerCollection@2892dae4{STARTED}
03:43:07.570 [main] DEBUG org.eclipse.jetty.util.component.AbstractLifeCycle - starting ErrorHandler@4d5b6aac{STOPPED}
03:43:07.570 [main] DEBUG org.eclipse.jetty.server.handler.AbstractHandler - starting ErrorHandler@4d5b6aac{STARTING}
03:43:07.570 [main] DEBUG org.eclipse.jetty.util.component.AbstractLifeCycle - STARTED @923ms ErrorHandler@4d5b6aac{STARTED}
03:43:07.570 [main] DEBUG org.eclipse.jetty.util.component.AbstractLifeCycle - starting ServerConnector@446293d{HTTP/1.1, (http/1.1)}{localhost:0}
03:43:07.575 [main] DEBUG org.eclipse.jetty.util.component.ContainerLifeCycle - ServerConnector@446293d{HTTP/1.1, (http/1.1)}{localhost:44789} added {sun.nio.ch.ServerSocketChannelImpl[/127.0.0.1:44789],POJO}
03:43:07.576 [main] DEBUG org.eclipse.jetty.util.component.AbstractLifeCycle - starting ScheduledExecutorScheduler@3059cbc{STOPPED}
03:43:07.576 [main] DEBUG org.eclipse.jetty.util.component.AbstractLifeCycle - STARTED @929ms ScheduledExecutorScheduler@3059cbc{STARTED}
03:43:07.576 [main] DEBUG org.eclipse.jetty.util.component.AbstractLifeCycle - starting HttpConnectionFactory@22e357dc[HTTP/1.1]
03:43:07.576 [main] DEBUG org.eclipse.jetty.util.component.AbstractLifeCycle - STARTED @929ms HttpConnectionFactory@22e357dc[HTTP/1.1]
03:43:07.576 [main] DEBUG org.eclipse.jetty.util.component.AbstractLifeCycle - starting SelectorManager@ServerConnector@446293d{HTTP/1.1, (http/1.1)}{localhost:44789}
03:43:07.590 [main] DEBUG org.eclipse.jetty.util.component.ContainerLifeCycle - EatWhatYouKill@25fb8912/SelectorProducer@d5b810e/IDLE/p=false/QueuedThreadPool[qtp961160488]@394a2528{STARTED,8<=8<=200,i=8,r=-1,q=0}[ReservedThreadExecutor@383bfa16{reserved=0/8,pending=0}][pc=0,pic=0,pec=0,epc=0]@2024-05-02T03:43:07.587+01:00 added {SelectorProducer@d5b810e,POJO}
03:43:07.591 [main] DEBUG org.eclipse.jetty.util.component.ContainerLifeCycle - EatWhatYouKill@25fb8912/SelectorProducer@d5b810e/IDLE/p=false/QueuedThreadPool[qtp961160488]@394a2528{STARTED,8<=8<=200,i=8,r=-1,q=0}[ReservedThreadExecutor@383bfa16{reserved=0/8,pending=0}][pc=0,pic=0,pec=0,epc=0]@2024-05-02T03:43:07.59+01:00 added {QueuedThreadPool[qtp961160488]@394a2528{STARTED,8<=8<=200,i=8,r=-1,q=0}[ReservedThreadExecutor@383bfa16{reserved=0/8,pending=0}],UNMANAGED}
03:43:07.591 [main] DEBUG org.eclipse.jetty.util.thread.strategy.EatWhatYouKill - EatWhatYouKill@25fb8912/SelectorProducer@d5b810e/IDLE/p=false/QueuedThreadPool[qtp961160488]@394a2528{STARTED,8<=8<=200,i=8,r=-1,q=0}[ReservedThreadExecutor@383bfa16{reserved=0/8,pending=0}][pc=0,pic=0,pec=0,epc=0]@2024-05-02T03:43:07.591+01:00 created
03:43:07.592 [main] DEBUG org.eclipse.jetty.util.component.ContainerLifeCycle - ManagedSelector@194bcebf{STOPPED} id=0 keys=-1 selected=-1 updates=0 added {EatWhatYouKill@25fb8912/SelectorProducer@d5b810e/IDLE/p=false/QueuedThreadPool[qtp961160488]@394a2528{STARTED,8<=8<=200,i=8,r=-1,q=0}[ReservedThreadExecutor@383bfa16{reserved=0/8,pending=0}][pc=0,pic=0,pec=0,epc=0]@2024-05-02T03:43:07.592+01:00,MANAGED}
03:43:07.592 [main] DEBUG org.eclipse.jetty.util.component.ContainerLifeCycle - SelectorManager@ServerConnector@446293d{HTTP/1.1, (http/1.1)}{localhost:44789} added {ManagedSelector@194bcebf{STOPPED} id=0 keys=-1 selected=-1 updates=0,AUTO}
03:43:07.592 [main] DEBUG org.eclipse.jetty.util.component.ContainerLifeCycle - EatWhatYouKill@17497425/SelectorProducer@f0da945/IDLE/p=false/QueuedThreadPool[qtp961160488]@394a2528{STARTED,8<=8<=200,i=8,r=-1,q=0}[ReservedThreadExecutor@383bfa16{reserved=0/8,pending=0}][pc=0,pic=0,pec=0,epc=0]@2024-05-02T03:43:07.592+01:00 added {SelectorProducer@f0da945,POJO}
03:43:07.593 [main] DEBUG org.eclipse.jetty.util.component.ContainerLifeCycle - EatWhatYouKill@17497425/SelectorProducer@f0da945/IDLE/p=false/QueuedThreadPool[qtp961160488]@394a2528{STARTED,8<=8<=200,i=8,r=-1,q=0}[ReservedThreadExecutor@383bfa16{reserved=0/8,pending=0}][pc=0,pic=0,pec=0,epc=0]@2024-05-02T03:43:07.593+01:00 added {QueuedThreadPool[qtp961160488]@394a2528{STARTED,8<=8<=200,i=8,r=-1,q=0}[ReservedThreadExecutor@383bfa16{reserved=0/8,pending=0}],UNMANAGED}
03:43:07.593 [main] DEBUG org.eclipse.jetty.util.thread.strategy.EatWhatYouKill - EatWhatYouKill@17497425/SelectorProducer@f0da945/IDLE/p=false/QueuedThreadPool[qtp961160488]@394a2528{STARTED,8<=8<=200,i=8,r=-1,q=0}[ReservedThreadExecutor@383bfa16{reserved=0/8,pending=0}][pc=0,pic=0,pec=0,epc=0]@2024-05-02T03:43:07.593+01:00 created
03:43:07.594 [main] DEBUG org.eclipse.jetty.util.component.ContainerLifeCycle - ManagedSelector@4803b726{STOPPED} id=1 keys=-1 selected=-1 updates=0 added {EatWhatYouKill@17497425/SelectorProducer@f0da945/IDLE/p=false/QueuedThreadPool[qtp961160488]@394a2528{STARTED,8<=8<=200,i=8,r=-1,q=0}[ReservedThreadExecutor@383bfa16{reserved=0/8,pending=0}][pc=0,pic=0,pec=0,epc=0]@2024-05-02T03:43:07.593+01:00,MANAGED}
03:43:07.594 [main] DEBUG org.eclipse.jetty.util.component.ContainerLifeCycle - SelectorManager@ServerConnector@446293d{HTTP/1.1, (http/1.1)}{localhost:44789} added {ManagedSelector@4803b726{STOPPED} id=1 keys=-1 selected=-1 updates=0,AUTO}
03:43:07.594 [main] DEBUG org.eclipse.jetty.util.component.ContainerLifeCycle - EatWhatYouKill@ffaa6af/SelectorProducer@53ce1329/IDLE/p=false/QueuedThreadPool[qtp961160488]@394a2528{STARTED,8<=8<=200,i=8,r=-1,q=0}[ReservedThreadExecutor@383bfa16{reserved=0/8,pending=0}][pc=0,pic=0,pec=0,epc=0]@2024-05-02T03:43:07.594+01:00 added {SelectorProducer@53ce1329,POJO}
03:43:07.595 [main] DEBUG org.eclipse.jetty.util.component.ContainerLifeCycle - EatWhatYouKill@ffaa6af/SelectorProducer@53ce1329/IDLE/p=false/QueuedThreadPool[qtp961160488]@394a2528{STARTED,8<=8<=200,i=8,r=-1,q=0}[ReservedThreadExecutor@383bfa16{reserved=0/8,pending=0}][pc=0,pic=0,pec=0,epc=0]@2024-05-02T03:43:07.594+01:00 added {QueuedThreadPool[qtp961160488]@394a2528{STARTED,8<=8<=200,i=8,r=-1,q=0}[ReservedThreadExecutor@383bfa16{reserved=0/8,pending=0}],UNMANAGED}
03:43:07.595 [main] DEBUG org.eclipse.jetty.util.thread.strategy.EatWhatYouKill - EatWhatYouKill@ffaa6af/SelectorProducer@53ce1329/IDLE/p=false/QueuedThreadPool[qtp961160488]@394a2528{STARTED,8<=8<=200,i=8,r=-1,q=0}[ReservedThreadExecutor@383bfa16{reserved=0/8,pending=0}][pc=0,pic=0,pec=0,epc=0]@2024-05-02T03:43:07.595+01:00 created
03:43:07.595 [main] DEBUG org.eclipse.jetty.util.component.ContainerLifeCycle - ManagedSelector@316bcf94{STOPPED} id=2 keys=-1 selected=-1 updates=0 added {EatWhatYouKill@ffaa6af/SelectorProducer@53ce1329/IDLE/p=false/QueuedThreadPool[qtp961160488]@394a2528{STARTED,8<=8<=200,i=8,r=-1,q=0}[ReservedThreadExecutor@383bfa16{reserved=0/8,pending=0}][pc=0,pic=0,pec=0,epc=0]@2024-05-02T03:43:07.595+01:00,MANAGED}
03:43:07.596 [main] DEBUG org.eclipse.jetty.util.component.ContainerLifeCycle - SelectorManager@ServerConnector@446293d{HTTP/1.1, (http/1.1)}{localhost:44789} added {ManagedSelector@316bcf94{STOPPED} id=2 keys=-1 selected=-1 updates=0,AUTO}
03:43:07.596 [main] DEBUG org.eclipse.jetty.util.component.ContainerLifeCycle - EatWhatYouKill@6404f418/SelectorProducer@3e11f9e9/IDLE/p=false/QueuedThreadPool[qtp961160488]@394a2528{STARTED,8<=8<=200,i=8,r=-1,q=0}[ReservedThreadExecutor@383bfa16{reserved=0/8,pending=0}][pc=0,pic=0,pec=0,epc=0]@2024-05-02T03:43:07.596+01:00 added {SelectorProducer@3e11f9e9,POJO}
03:43:07.596 [main] DEBUG org.eclipse.jetty.util.component.ContainerLifeCycle - EatWhatYouKill@6404f418/SelectorProducer@3e11f9e9/IDLE/p=false/QueuedThreadPool[qtp961160488]@394a2528{STARTED,8<=8<=200,i=8,r=-1,q=0}[ReservedThreadExecutor@383bfa16{reserved=0/8,pending=0}][pc=0,pic=0,pec=0,epc=0]@2024-05-02T03:43:07.596+01:00 added {QueuedThreadPool[qtp961160488]@394a2528{STARTED,8<=8<=200,i=8,r=-1,q=0}[ReservedThreadExecutor@383bfa16{reserved=0/8,pending=0}],UNMANAGED}
03:43:07.597 [main] DEBUG org.eclipse.jetty.util.thread.strategy.EatWhatYouKill - EatWhatYouKill@6404f418/SelectorProducer@3e11f9e9/IDLE/p=false/QueuedThreadPool[qtp961160488]@394a2528{STARTED,8<=8<=200,i=8,r=-1,q=0}[ReservedThreadExecutor@383bfa16{reserved=0/8,pending=0}][pc=0,pic=0,pec=0,epc=0]@2024-05-02T03:43:07.596+01:00 created
03:43:07.597 [main] DEBUG org.eclipse.jetty.util.component.ContainerLifeCycle - ManagedSelector@1de5f259{STOPPED} id=3 keys=-1 selected=-1 updates=0 added {EatWhatYouKill@6404f418/SelectorProducer@3e11f9e9/IDLE/p=false/QueuedThreadPool[qtp961160488]@394a2528{STARTED,8<=8<=200,i=8,r=-1,q=0}[ReservedThreadExecutor@383bfa16{reserved=0/8,pending=0}][pc=0,pic=0,pec=0,epc=0]@2024-05-02T03:43:07.597+01:00,MANAGED}
03:43:07.597 [main] DEBUG org.eclipse.jetty.util.component.ContainerLifeCycle - SelectorManager@ServerConnector@446293d{HTTP/1.1, (http/1.1)}{localhost:44789} added {ManagedSelector@1de5f259{STOPPED} id=3 keys=-1 selected=-1 updates=0,AUTO}
03:43:07.597 [main] DEBUG org.eclipse.jetty.util.component.AbstractLifeCycle - starting ManagedSelector@194bcebf{STOPPED} id=0 keys=-1 selected=-1 updates=0
03:43:07.598 [main] DEBUG org.eclipse.jetty.util.component.AbstractLifeCycle - starting EatWhatYouKill@25fb8912/SelectorProducer@d5b810e/IDLE/p=false/QueuedThreadPool[qtp961160488]@394a2528{STARTED,8<=8<=200,i=8,r=-1,q=0}[ReservedThreadExecutor@383bfa16{reserved=0/8,pending=0}][pc=0,pic=0,pec=0,epc=0]@2024-05-02T03:43:07.597+01:00
03:43:07.598 [main] DEBUG org.eclipse.jetty.util.component.AbstractLifeCycle - STARTED @951ms EatWhatYouKill@25fb8912/SelectorProducer@d5b810e/IDLE/p=false/QueuedThreadPool[qtp961160488]@394a2528{STARTED,8<=8<=200,i=8,r=-1,q=0}[ReservedThreadExecutor@383bfa16{reserved=0/8,pending=0}][pc=0,pic=0,pec=0,epc=0]@2024-05-02T03:43:07.598+01:00
03:43:07.600 [main] DEBUG org.eclipse.jetty.util.thread.QueuedThreadPool - queue org.eclipse.jetty.io.ManagedSelector$$Lambda$253/838473569@957e06 startThread=0
03:43:07.600 [qtp961160488-15] DEBUG org.eclipse.jetty.util.thread.QueuedThreadPool - run org.eclipse.jetty.io.ManagedSelector$$Lambda$253/838473569@957e06 in QueuedThreadPool[qtp961160488]@394a2528{STARTED,8<=8<=200,i=7,r=-1,q=0}[ReservedThreadExecutor@383bfa16{reserved=0/8,pending=0}]
03:43:07.600 [main] DEBUG org.eclipse.jetty.io.ManagedSelector - Queued change lazy=false org.eclipse.jetty.io.ManagedSelector$Start@32502377 on ManagedSelector@194bcebf{STARTING} id=0 keys=0 selected=0 updates=0
03:43:07.600 [qtp961160488-15] DEBUG org.eclipse.jetty.util.thread.strategy.EatWhatYouKill - EatWhatYouKill@25fb8912/SelectorProducer@d5b810e/IDLE/p=false/QueuedThreadPool[qtp961160488]@394a2528{STARTED,8<=8<=200,i=7,r=-1,q=0}[ReservedThreadExecutor@383bfa16{reserved=0/8,pending=0}][pc=0,pic=0,pec=0,epc=0]@2024-05-02T03:43:07.6+01:00 tryProduce false
03:43:07.602 [qtp961160488-15] DEBUG org.eclipse.jetty.io.ManagedSelector - updateable 1
03:43:07.602 [qtp961160488-15] DEBUG org.eclipse.jetty.io.ManagedSelector - update org.eclipse.jetty.io.ManagedSelector$Start@32502377
03:43:07.602 [qtp961160488-15] DEBUG org.eclipse.jetty.io.ManagedSelector - updates 0
03:43:07.602 [qtp961160488-15] DEBUG org.eclipse.jetty.io.ManagedSelector - Selector sun.nio.ch.EPollSelectorImpl@7fa90fe8 waiting with 0 keys
03:43:07.602 [main] DEBUG org.eclipse.jetty.util.component.AbstractLifeCycle - STARTED @955ms ManagedSelector@194bcebf{STARTED} id=0 keys=0 selected=0 updates=0
03:43:07.602 [main] DEBUG org.eclipse.jetty.util.component.AbstractLifeCycle - starting ManagedSelector@4803b726{STOPPED} id=1 keys=-1 selected=-1 updates=0
03:43:07.603 [main] DEBUG org.eclipse.jetty.util.component.AbstractLifeCycle - starting EatWhatYouKill@17497425/SelectorProducer@f0da945/IDLE/p=false/QueuedThreadPool[qtp961160488]@394a2528{STARTED,8<=8<=200,i=7,r=-1,q=0}[ReservedThreadExecutor@383bfa16{reserved=0/8,pending=0}][pc=0,pic=0,pec=0,epc=0]@2024-05-02T03:43:07.602+01:00
03:43:07.603 [main] DEBUG org.eclipse.jetty.util.component.AbstractLifeCycle - STARTED @956ms EatWhatYouKill@17497425/SelectorProducer@f0da945/IDLE/p=false/QueuedThreadPool[qtp961160488]@394a2528{STARTED,8<=8<=200,i=7,r=-1,q=0}[ReservedThreadExecutor@383bfa16{reserved=0/8,pending=0}][pc=0,pic=0,pec=0,epc=0]@2024-05-02T03:43:07.603+01:00
03:43:07.603 [main] DEBUG org.eclipse.jetty.util.thread.QueuedThreadPool - queue org.eclipse.jetty.io.ManagedSelector$$Lambda$253/838473569@2c1b194a startThread=0
03:43:07.603 [main] DEBUG org.eclipse.jetty.io.ManagedSelector - Queued change lazy=false org.eclipse.jetty.io.ManagedSelector$Start@4dbb42b7 on ManagedSelector@4803b726{STARTING} id=1 keys=0 selected=0 updates=0
03:43:07.603 [qtp961160488-16] DEBUG org.eclipse.jetty.util.thread.QueuedThreadPool - run org.eclipse.jetty.io.ManagedSelector$$Lambda$253/838473569@2c1b194a in QueuedThreadPool[qtp961160488]@394a2528{STARTED,8<=8<=200,i=6,r=-1,q=0}[ReservedThreadExecutor@383bfa16{reserved=0/8,pending=0}]
03:43:07.604 [qtp961160488-16] DEBUG org.eclipse.jetty.util.thread.strategy.EatWhatYouKill - EatWhatYouKill@17497425/SelectorProducer@f0da945/IDLE/p=false/QueuedThreadPool[qtp961160488]@394a2528{STARTED,8<=8<=200,i=6,r=-1,q=0}[ReservedThreadExecutor@383bfa16{reserved=0/8,pending=0}][pc=0,pic=0,pec=0,epc=0]@2024-05-02T03:43:07.603+01:00 tryProduce false
03:43:07.604 [qtp961160488-16] DEBUG org.eclipse.jetty.io.ManagedSelector - updateable 1
03:43:07.604 [qtp961160488-16] DEBUG org.eclipse.jetty.io.ManagedSelector - update org.eclipse.jetty.io.ManagedSelector$Start@4dbb42b7
03:43:07.604 [qtp961160488-16] DEBUG org.eclipse.jetty.io.ManagedSelector - updates 0
03:43:07.604 [qtp961160488-16] DEBUG org.eclipse.jetty.io.ManagedSelector - Selector sun.nio.ch.EPollSelectorImpl@195030a5 waiting with 0 keys
03:43:07.604 [main] DEBUG org.eclipse.jetty.util.component.AbstractLifeCycle - STARTED @957ms ManagedSelector@4803b726{STARTED} id=1 keys=0 selected=0 updates=0
03:43:07.604 [main] DEBUG org.eclipse.jetty.util.component.AbstractLifeCycle - starting ManagedSelector@316bcf94{STOPPED} id=2 keys=-1 selected=-1 updates=0
03:43:07.604 [main] DEBUG org.eclipse.jetty.util.component.AbstractLifeCycle - starting EatWhatYouKill@ffaa6af/SelectorProducer@53ce1329/IDLE/p=false/QueuedThreadPool[qtp961160488]@394a2528{STARTED,8<=8<=200,i=6,r=-1,q=0}[ReservedThreadExecutor@383bfa16{reserved=0/8,pending=0}][pc=0,pic=0,pec=0,epc=0]@2024-05-02T03:43:07.604+01:00
03:43:07.604 [main] DEBUG org.eclipse.jetty.util.component.AbstractLifeCycle - STARTED @957ms EatWhatYouKill@ffaa6af/SelectorProducer@53ce1329/IDLE/p=false/QueuedThreadPool[qtp961160488]@394a2528{STARTED,8<=8<=200,i=6,r=-1,q=0}[ReservedThreadExecutor@383bfa16{reserved=0/8,pending=0}][pc=0,pic=0,pec=0,epc=0]@2024-05-02T03:43:07.604+01:00
03:43:07.605 [main] DEBUG org.eclipse.jetty.util.thread.QueuedThreadPool - queue org.eclipse.jetty.io.ManagedSelector$$Lambda$253/838473569@66f57048 startThread=0
03:43:07.605 [qtp961160488-17] DEBUG org.eclipse.jetty.util.thread.QueuedThreadPool - run org.eclipse.jetty.io.ManagedSelector$$Lambda$253/838473569@66f57048 in QueuedThreadPool[qtp961160488]@394a2528{STARTED,8<=8<=200,i=5,r=-1,q=0}[ReservedThreadExecutor@383bfa16{reserved=0/8,pending=0}]
03:43:07.605 [main] DEBUG org.eclipse.jetty.io.ManagedSelector - Queued change lazy=false org.eclipse.jetty.io.ManagedSelector$Start@550dbc7a on ManagedSelector@316bcf94{STARTING} id=2 keys=0 selected=0 updates=0
03:43:07.605 [qtp961160488-17] DEBUG org.eclipse.jetty.util.thread.strategy.EatWhatYouKill - EatWhatYouKill@ffaa6af/SelectorProducer@53ce1329/IDLE/p=false/QueuedThreadPool[qtp961160488]@394a2528{STARTED,8<=8<=200,i=5,r=-1,q=0}[ReservedThreadExecutor@383bfa16{reserved=0/8,pending=0}][pc=0,pic=0,pec=0,epc=0]@2024-05-02T03:43:07.605+01:00 tryProduce false
03:43:07.605 [qtp961160488-17] DEBUG org.eclipse.jetty.io.ManagedSelector - updateable 1
03:43:07.605 [qtp961160488-17] DEBUG org.eclipse.jetty.io.ManagedSelector - update org.eclipse.jetty.io.ManagedSelector$Start@550dbc7a
03:43:07.605 [qtp961160488-17] DEBUG org.eclipse.jetty.io.ManagedSelector - updates 0
03:43:07.605 [qtp961160488-17] DEBUG org.eclipse.jetty.io.ManagedSelector - Selector sun.nio.ch.EPollSelectorImpl@314fddb5 waiting with 0 keys
03:43:07.605 [main] DEBUG org.eclipse.jetty.util.component.AbstractLifeCycle - STARTED @958ms ManagedSelector@316bcf94{STARTED} id=2 keys=0 selected=0 updates=0
03:43:07.605 [main] DEBUG org.eclipse.jetty.util.component.AbstractLifeCycle - starting ManagedSelector@1de5f259{STOPPED} id=3 keys=-1 selected=-1 updates=0
03:43:07.606 [main] DEBUG org.eclipse.jetty.util.component.AbstractLifeCycle - starting EatWhatYouKill@6404f418/SelectorProducer@3e11f9e9/IDLE/p=false/QueuedThreadPool[qtp961160488]@394a2528{STARTED,8<=8<=200,i=5,r=-1,q=0}[ReservedThreadExecutor@383bfa16{reserved=0/8,pending=0}][pc=0,pic=0,pec=0,epc=0]@2024-05-02T03:43:07.606+01:00
03:43:07.606 [main] DEBUG org.eclipse.jetty.util.component.AbstractLifeCycle - STARTED @959ms EatWhatYouKill@6404f418/SelectorProducer@3e11f9e9/IDLE/p=false/QueuedThreadPool[qtp961160488]@394a2528{STARTED,8<=8<=200,i=5,r=-1,q=0}[ReservedThreadExecutor@383bfa16{reserved=0/8,pending=0}][pc=0,pic=0,pec=0,epc=0]@2024-05-02T03:43:07.606+01:00
03:43:07.606 [main] DEBUG org.eclipse.jetty.util.thread.QueuedThreadPool - queue org.eclipse.jetty.io.ManagedSelector$$Lambda$253/838473569@21282ed8 startThread=0
03:43:07.606 [main] DEBUG org.eclipse.jetty.io.ManagedSelector - Queued change lazy=false org.eclipse.jetty.io.ManagedSelector$Start@36916eb0 on ManagedSelector@1de5f259{STARTING} id=3 keys=0 selected=0 updates=0
03:43:07.606 [qtp961160488-18] DEBUG org.eclipse.jetty.util.thread.QueuedThreadPool - run org.eclipse.jetty.io.ManagedSelector$$Lambda$253/838473569@21282ed8 in QueuedThreadPool[qtp961160488]@394a2528{STARTED,8<=8<=200,i=4,r=-1,q=0}[ReservedThreadExecutor@383bfa16{reserved=0/8,pending=0}]
03:43:07.606 [qtp961160488-18] DEBUG org.eclipse.jetty.util.thread.strategy.EatWhatYouKill - EatWhatYouKill@6404f418/SelectorProducer@3e11f9e9/IDLE/p=false/QueuedThreadPool[qtp961160488]@394a2528{STARTED,8<=8<=200,i=4,r=-1,q=0}[ReservedThreadExecutor@383bfa16{reserved=0/8,pending=0}][pc=0,pic=0,pec=0,epc=0]@2024-05-02T03:43:07.606+01:00 tryProduce false
03:43:07.607 [qtp961160488-18] DEBUG org.eclipse.jetty.io.ManagedSelector - updateable 1
03:43:07.607 [qtp961160488-18] DEBUG org.eclipse.jetty.io.ManagedSelector - update org.eclipse.jetty.io.ManagedSelector$Start@36916eb0
03:43:07.607 [qtp961160488-18] DEBUG org.eclipse.jetty.io.ManagedSelector - updates 0
03:43:07.607 [qtp961160488-18] DEBUG org.eclipse.jetty.io.ManagedSelector - Selector sun.nio.ch.EPollSelectorImpl@11cfe143 waiting with 0 keys
03:43:07.607 [main] DEBUG org.eclipse.jetty.util.component.AbstractLifeCycle - STARTED @960ms ManagedSelector@1de5f259{STARTED} id=3 keys=0 selected=0 updates=0
03:43:07.607 [main] DEBUG org.eclipse.jetty.util.component.AbstractLifeCycle - STARTED @960ms SelectorManager@ServerConnector@446293d{HTTP/1.1, (http/1.1)}{localhost:44789}
03:43:07.608 [main] DEBUG org.eclipse.jetty.util.component.ContainerLifeCycle - ServerConnector@446293d{HTTP/1.1, (http/1.1)}{localhost:44789} added {acceptor-0@1e1a0406,POJO}
03:43:07.608 [main] DEBUG org.eclipse.jetty.util.thread.QueuedThreadPool - queue acceptor-0@1e1a0406 startThread=0
03:43:07.608 [qtp961160488-19] DEBUG org.eclipse.jetty.util.thread.QueuedThreadPool - run acceptor-0@1e1a0406 in QueuedThreadPool[qtp961160488]@394a2528{STARTED,8<=8<=200,i=3,r=-1,q=0}[ReservedThreadExecutor@383bfa16{reserved=0/8,pending=0}]
03:43:07.609 [main] INFO org.eclipse.jetty.server.AbstractConnector - Started ServerConnector@446293d{HTTP/1.1, (http/1.1)}{localhost:44789}
03:43:07.609 [main] DEBUG org.eclipse.jetty.util.component.AbstractLifeCycle - STARTED @962ms ServerConnector@446293d{HTTP/1.1, (http/1.1)}{localhost:44789}
03:43:07.609 [main] INFO org.eclipse.jetty.server.Server - Started @962ms
03:43:07.609 [main] DEBUG org.eclipse.jetty.util.component.AbstractLifeCycle - STARTED @962ms Server@53aad5d5{STARTED}[9.4.44.v20210927]
03:43:08.734 [main] DEBUG org.apache.nifi.minifi.bootstrap.configuration.ingestors.PullHttpChangeIngestor - Attempting to pull new config
03:43:08.749 [qtp961160488-19-acceptor-0@1e1a0406-ServerConnector@446293d{HTTP/1.1, (http/1.1)}{localhost:44789}] DEBUG org.eclipse.jetty.io.ManagedSelector - Queued change lazy=false Accept@3f716551[java.nio.channels.SocketChannel[connected local=/127.0.0.1:44789 remote=/127.0.0.1:41448]] on ManagedSelector@4803b726{STARTED} id=1 keys=0 selected=0 updates=0
03:43:08.750 [qtp961160488-19-acceptor-0@1e1a0406-ServerConnector@446293d{HTTP/1.1, (http/1.1)}{localhost:44789}] DEBUG org.eclipse.jetty.io.ManagedSelector - Wakeup on submit ManagedSelector@4803b726{STARTED} id=1 keys=0 selected=0 updates=1
03:43:08.750 [qtp961160488-16] DEBUG org.eclipse.jetty.io.ManagedSelector - Selector sun.nio.ch.EPollSelectorImpl@195030a5 woken with none selected
03:43:08.750 [qtp961160488-16] DEBUG org.eclipse.jetty.io.ManagedSelector - Selector sun.nio.ch.EPollSelectorImpl@195030a5 woken up from select, 0/0/0 selected
03:43:08.750 [qtp961160488-16] DEBUG org.eclipse.jetty.io.ManagedSelector - Selector sun.nio.ch.EPollSelectorImpl@195030a5 processing 0 keys, 1 updates
03:43:08.750 [qtp961160488-16] DEBUG org.eclipse.jetty.io.ManagedSelector - updateable 1
03:43:08.750 [qtp961160488-16] DEBUG org.eclipse.jetty.io.ManagedSelector - update Accept@3f716551[java.nio.channels.SocketChannel[connected local=/127.0.0.1:44789 remote=/127.0.0.1:41448]]
03:43:08.750 [qtp961160488-16] DEBUG org.eclipse.jetty.util.thread.QueuedThreadPool - queue Accept@3f716551[java.nio.channels.SocketChannel[connected local=/127.0.0.1:44789 remote=/127.0.0.1:41448]] startThread=0
03:43:08.750 [qtp961160488-20] DEBUG org.eclipse.jetty.util.thread.QueuedThreadPool - run Accept@3f716551[java.nio.channels.SocketChannel[connected local=/127.0.0.1:44789 remote=/127.0.0.1:41448]] in QueuedThreadPool[qtp961160488]@394a2528{STARTED,8<=8<=200,i=2,r=-1,q=0}[ReservedThreadExecutor@383bfa16{reserved=0/8,pending=0}]
03:43:08.750 [qtp961160488-16] DEBUG org.eclipse.jetty.io.ManagedSelector - updates 0
03:43:08.750 [qtp961160488-16] DEBUG org.eclipse.jetty.io.ManagedSelector - Selector sun.nio.ch.EPollSelectorImpl@195030a5 waiting with 1 keys
03:43:08.757 [qtp961160488-20] DEBUG org.eclipse.jetty.io.IdleTimeout - SocketChannelEndPoint@49e2f6f7{l=/127.0.0.1:44789,r=/127.0.0.1:41448,OPEN,fill=-,flush=-,to=4/3000}{io=0/0,kio=0,kro=0}-><null> idle timeout check, elapsed: 3 ms, remaining: 2997 ms
03:43:08.762 [qtp961160488-20] DEBUG org.eclipse.jetty.http.PreEncodedHttpField - HttpField encoders loaded: [org.eclipse.jetty.http.Http1FieldPreEncoder@7796ee00]
03:43:08.788 [qtp961160488-20] DEBUG org.eclipse.jetty.server.HttpChannel - new HttpChannelOverHttp@4201c43{s=HttpChannelState@a182b14{s=IDLE rs=BLOCKING os=OPEN is=IDLE awp=false se=false i=true al=0},r=0,c=false/false,a=IDLE,uri=null,age=0} -> SocketChannelEndPoint@49e2f6f7{l=/127.0.0.1:44789,r=/127.0.0.1:41448,OPEN,fill=-,flush=-,to=35/3000}{io=0/0,kio=0,kro=0}-><null>,null,HttpChannelState@a182b14{s=IDLE rs=BLOCKING os=OPEN is=IDLE awp=false se=false i=true al=0}
03:43:08.795 [qtp961160488-20] DEBUG org.eclipse.jetty.server.HttpConnection - New HTTP Connection HttpConnection@593a486d::SocketChannelEndPoint@49e2f6f7{l=/127.0.0.1:44789,r=/127.0.0.1:41448,OPEN,fill=-,flush=-,to=41/3000}{io=0/0,kio=0,kro=0}-><null>
03:43:08.796 [qtp961160488-20] DEBUG org.eclipse.jetty.io.ManagedSelector - Queued change lazy=true org.eclipse.jetty.io.ManagedSelector$$Lambda$258/445561681@3cc1e42d on ManagedSelector@4803b726{STARTED} id=1 keys=1 selected=0 updates=0
03:43:08.796 [qtp961160488-20] DEBUG org.eclipse.jetty.io.AbstractEndPoint - onOpen SocketChannelEndPoint@49e2f6f7{l=/127.0.0.1:44789,r=/127.0.0.1:41448,OPEN,fill=-,flush=-,to=43/3000}{io=0/0,kio=0,kro=0}->HttpConnection@593a486d[p=HttpParser{s=START,0 of -1},g=HttpGenerator@6f38f041{s=START}]=>HttpChannelOverHttp@4201c43{s=HttpChannelState@a182b14{s=IDLE rs=BLOCKING os=OPEN is=IDLE awp=false se=false i=true al=0},r=0,c=false/false,a=IDLE,uri=null,age=0}
03:43:08.796 [qtp961160488-20] DEBUG org.eclipse.jetty.io.AbstractConnection - onOpen HttpConnection@593a486d::SocketChannelEndPoint@49e2f6f7{l=/127.0.0.1:44789,r=/127.0.0.1:41448,OPEN,fill=-,flush=-,to=43/3000}{io=0/0,kio=0,kro=0}->HttpConnection@593a486d[p=HttpParser{s=START,0 of -1},g=HttpGenerator@6f38f041{s=START}]=>HttpChannelOverHttp@4201c43{s=HttpChannelState@a182b14{s=IDLE rs=BLOCKING os=OPEN is=IDLE awp=false se=false i=true al=0},r=0,c=false/false,a=IDLE,uri=null,age=0}
03:43:08.796 [qtp961160488-20] DEBUG org.eclipse.jetty.io.AbstractConnection - fillInterested HttpConnection@593a486d::SocketChannelEndPoint@49e2f6f7{l=/127.0.0.1:44789,r=/127.0.0.1:41448,OPEN,fill=-,flush=-,to=43/3000}{io=0/0,kio=0,kro=0}->HttpConnection@593a486d[p=HttpParser{s=START,0 of -1},g=HttpGenerator@6f38f041{s=START}]=>HttpChannelOverHttp@4201c43{s=HttpChannelState@a182b14{s=IDLE rs=BLOCKING os=OPEN is=IDLE awp=false se=false i=true al=0},r=0,c=false/false,a=IDLE,uri=null,age=0}
03:43:08.797 [qtp961160488-20] DEBUG org.eclipse.jetty.io.FillInterest - interested FillInterest@7daac544{AC.ReadCB@593a486d{HttpConnection@593a486d::SocketChannelEndPoint@49e2f6f7{l=/127.0.0.1:44789,r=/127.0.0.1:41448,OPEN,fill=FI,flush=-,to=0/3000}{io=0/0,kio=0,kro=0}->HttpConnection@593a486d[p=HttpParser{s=START,0 of -1},g=HttpGenerator@6f38f041{s=START}]=>HttpChannelOverHttp@4201c43{s=HttpChannelState@a182b14{s=IDLE rs=BLOCKING os=OPEN is=IDLE awp=false se=false i=true al=0},r=0,c=false/false,a=IDLE,uri=null,age=0}}}
03:43:08.797 [qtp961160488-20] DEBUG org.eclipse.jetty.io.ChannelEndPoint - changeInterests p=false 0->1 for SocketChannelEndPoint@49e2f6f7{l=/127.0.0.1:44789,r=/127.0.0.1:41448,OPEN,fill=FI,flush=-,to=0/3000}{io=0/1,kio=0,kro=0}->HttpConnection@593a486d[p=HttpParser{s=START,0 of -1},g=HttpGenerator@6f38f041{s=START}]=>HttpChannelOverHttp@4201c43{s=HttpChannelState@a182b14{s=IDLE rs=BLOCKING os=OPEN is=IDLE awp=false se=false i=true al=0},r=0,c=false/false,a=IDLE,uri=null,age=0}
03:43:08.797 [qtp961160488-20] DEBUG org.eclipse.jetty.io.ManagedSelector - Queued change lazy=false org.eclipse.jetty.io.ChannelEndPoint$$Lambda$255/90666987@1211bd93 on ManagedSelector@4803b726{STARTED} id=1 keys=1 selected=0 updates=1
03:43:08.797 [qtp961160488-20] DEBUG org.eclipse.jetty.io.ManagedSelector - Wakeup on submit ManagedSelector@4803b726{STARTED} id=1 keys=1 selected=0 updates=2
03:43:08.797 [qtp961160488-16] DEBUG org.eclipse.jetty.io.ManagedSelector - Selector sun.nio.ch.EPollSelectorImpl@195030a5 woken with none selected
03:43:08.797 [qtp961160488-16] DEBUG org.eclipse.jetty.io.ManagedSelector - Selector sun.nio.ch.EPollSelectorImpl@195030a5 woken up from select, 0/0/1 selected
03:43:08.797 [qtp961160488-16] DEBUG org.eclipse.jetty.io.ManagedSelector - Selector sun.nio.ch.EPollSelectorImpl@195030a5 processing 0 keys, 2 updates
03:43:08.797 [qtp961160488-20] DEBUG org.eclipse.jetty.io.ManagedSelector - Created SocketChannelEndPoint@49e2f6f7{l=/127.0.0.1:44789,r=/127.0.0.1:41448,OPEN,fill=FI,flush=-,to=0/3000}{io=0/1,kio=0,kro=0}->HttpConnection@593a486d[p=HttpParser{s=START,0 of -1},g=HttpGenerator@6f38f041{s=START}]=>HttpChannelOverHttp@4201c43{s=HttpChannelState@a182b14{s=IDLE rs=BLOCKING os=OPEN is=IDLE awp=false se=false i=true al=0},r=0,c=false/false,a=IDLE,uri=null,age=0}
03:43:08.797 [qtp961160488-16] DEBUG org.eclipse.jetty.io.ManagedSelector - updateable 2
03:43:08.797 [qtp961160488-16] DEBUG org.eclipse.jetty.io.ManagedSelector - update org.eclipse.jetty.io.ManagedSelector$$Lambda$258/445561681@3cc1e42d
03:43:08.797 [qtp961160488-20] DEBUG org.eclipse.jetty.util.thread.QueuedThreadPool - ran Accept@3f716551[java.nio.channels.SocketChannel[connected local=/127.0.0.1:44789 remote=/127.0.0.1:41448]] in QueuedThreadPool[qtp961160488]@394a2528{STARTED,8<=8<=200,i=2,r=-1,q=0}[ReservedThreadExecutor@383bfa16{reserved=0/8,pending=0}]
03:43:08.798 [qtp961160488-16] DEBUG org.eclipse.jetty.io.ManagedSelector - update org.eclipse.jetty.io.ChannelEndPoint$$Lambda$255/90666987@1211bd93
03:43:08.798 [qtp961160488-16] DEBUG org.eclipse.jetty.io.ChannelEndPoint - Key interests updated 0 -> 1 on SocketChannelEndPoint@49e2f6f7{l=/127.0.0.1:44789,r=/127.0.0.1:41448,OPEN,fill=FI,flush=-,to=1/3000}{io=1/1,kio=1,kro=0}->HttpConnection@593a486d[p=HttpParser{s=START,0 of -1},g=HttpGenerator@6f38f041{s=START}]=>HttpChannelOverHttp@4201c43{s=HttpChannelState@a182b14{s=IDLE rs=BLOCKING os=OPEN is=IDLE awp=false se=false i=true al=0},r=0,c=false/false,a=IDLE,uri=null,age=0}
03:43:08.798 [qtp961160488-16] DEBUG org.eclipse.jetty.io.ManagedSelector - updates 0
03:43:08.798 [qtp961160488-16] DEBUG org.eclipse.jetty.io.ManagedSelector - Selector sun.nio.ch.EPollSelectorImpl@195030a5 waiting with 1 keys
03:43:08.798 [qtp961160488-16] DEBUG org.eclipse.jetty.io.ManagedSelector - Selector sun.nio.ch.EPollSelectorImpl@195030a5 woken up from select, 1/1/1 selected
03:43:08.798 [qtp961160488-16] DEBUG org.eclipse.jetty.io.ManagedSelector - Selector sun.nio.ch.EPollSelectorImpl@195030a5 processing 1 keys, 0 updates
03:43:08.798 [qtp961160488-16] DEBUG org.eclipse.jetty.io.ManagedSelector - selected 1 sun.nio.ch.SelectionKeyImpl@13a85bd5 SocketChannelEndPoint@49e2f6f7{l=/127.0.0.1:44789,r=/127.0.0.1:41448,OPEN,fill=FI,flush=-,to=1/3000}{io=1/1,kio=1,kro=1}->HttpConnection@593a486d[p=HttpParser{s=START,0 of -1},g=HttpGenerator@6f38f041{s=START}]=>HttpChannelOverHttp@4201c43{s=HttpChannelState@a182b14{s=IDLE rs=BLOCKING os=OPEN is=IDLE awp=false se=false i=true al=0},r=0,c=false/false,a=IDLE,uri=null,age=0} 
03:43:08.798 [qtp961160488-16] DEBUG org.eclipse.jetty.io.ChannelEndPoint - onSelected 1->0 r=true w=false for SocketChannelEndPoint@49e2f6f7{l=/127.0.0.1:44789,r=/127.0.0.1:41448,OPEN,fill=FI,flush=-,to=1/3000}{io=1/0,kio=1,kro=1}->HttpConnection@593a486d[p=HttpParser{s=START,0 of -1},g=HttpGenerator@6f38f041{s=START}]=>HttpChannelOverHttp@4201c43{s=HttpChannelState@a182b14{s=IDLE rs=BLOCKING os=OPEN is=IDLE awp=false se=false i=true al=0},r=0,c=false/false,a=IDLE,uri=null,age=0}
03:43:08.798 [qtp961160488-16] DEBUG org.eclipse.jetty.io.ChannelEndPoint - task CEP:SocketChannelEndPoint@49e2f6f7{l=/127.0.0.1:44789,r=/127.0.0.1:41448,OPEN,fill=FI,flush=-,to=1/3000}{io=1/0,kio=1,kro=1}->HttpConnection@593a486d[p=HttpParser{s=START,0 of -1},g=HttpGenerator@6f38f041{s=START}]=>HttpChannelOverHttp@4201c43{s=HttpChannelState@a182b14{s=IDLE rs=BLOCKING os=OPEN is=IDLE awp=false se=false i=true al=0},r=0,c=false/false,a=IDLE,uri=null,age=0}:runFillable:BLOCKING
03:43:08.799 [qtp961160488-16] DEBUG org.eclipse.jetty.util.thread.ReservedThreadExecutor - ReservedThreadExecutor@383bfa16{reserved=0/8,pending=0} tryExecute EatWhatYouKill@17497425/SelectorProducer@f0da945/PRODUCING/p=false/QueuedThreadPool[qtp961160488]@394a2528{STARTED,8<=8<=200,i=3,r=-1,q=0}[ReservedThreadExecutor@383bfa16{reserved=0/8,pending=0}][pc=0,pic=0,pec=0,epc=0]@2024-05-02T03:43:08.799+01:00
03:43:08.799 [qtp961160488-16] DEBUG org.eclipse.jetty.util.thread.ReservedThreadExecutor - ReservedThreadExecutor@383bfa16{reserved=0/8,pending=1} startReservedThread p=1
03:43:08.800 [qtp961160488-16] DEBUG org.eclipse.jetty.util.thread.QueuedThreadPool - queue ReservedThread@3685288b{PENDING,thread=null} startThread=0
03:43:08.800 [qtp961160488-21] DEBUG org.eclipse.jetty.util.thread.QueuedThreadPool - run ReservedThread@3685288b{PENDING,thread=null} in QueuedThreadPool[qtp961160488]@394a2528{STARTED,8<=8<=200,i=2,r=-1,q=0}[ReservedThreadExecutor@383bfa16{reserved=0/8,pending=1}]
03:43:08.800 [qtp961160488-21] DEBUG org.eclipse.jetty.util.thread.ReservedThreadExecutor - ReservedThread@3685288b{PENDING,thread=Thread[qtp961160488-21,5,main]} was=PENDING next=RESERVED size=0+1 capacity=8
03:43:08.800 [qtp961160488-21] DEBUG org.eclipse.jetty.util.thread.ReservedThreadExecutor - ReservedThread@3685288b{RESERVED,thread=Thread[qtp961160488-21,5,main]} waiting ReservedThreadExecutor@383bfa16{reserved=1/8,pending=0}
03:43:08.800 [qtp961160488-16] DEBUG org.eclipse.jetty.util.thread.strategy.EatWhatYouKill - EatWhatYouKill@17497425/SelectorProducer@f0da945/PRODUCING/p=false/QueuedThreadPool[qtp961160488]@394a2528{STARTED,8<=8<=200,i=2,r=-1,q=0}[ReservedThreadExecutor@383bfa16{reserved=0/8,pending=1}][pc=0,pic=0,pec=0,epc=0]@2024-05-02T03:43:08.8+01:00 m=PRODUCE_EXECUTE_CONSUME t=CEP:SocketChannelEndPoint@49e2f6f7{l=/127.0.0.1:44789,r=/127.0.0.1:41448,OPEN,fill=FI,flush=-,to=3/3000}{io=1/0,kio=1,kro=1}->HttpConnection@593a486d[p=HttpParser{s=START,0 of -1},g=HttpGenerator@6f38f041{s=START}]=>HttpChannelOverHttp@4201c43{s=HttpChannelState@a182b14{s=IDLE rs=BLOCKING os=OPEN is=IDLE awp=false se=false i=true al=0},r=0,c=false/false,a=IDLE,uri=null,age=0}:runFillable:BLOCKING/BLOCKING
03:43:08.801 [qtp961160488-16] DEBUG org.eclipse.jetty.util.thread.QueuedThreadPool - queue CEP:SocketChannelEndPoint@49e2f6f7{l=/127.0.0.1:44789,r=/127.0.0.1:41448,OPEN,fill=FI,flush=-,to=3/3000}{io=1/0,kio=1,kro=1}->HttpConnection@593a486d[p=HttpParser{s=START,0 of -1},g=HttpGenerator@6f38f041{s=START}]=>HttpChannelOverHttp@4201c43{s=HttpChannelState@a182b14{s=IDLE rs=BLOCKING os=OPEN is=IDLE awp=false se=false i=true al=0},r=0,c=false/false,a=IDLE,uri=null,age=0}:runFillable:BLOCKING startThread=0
03:43:08.801 [qtp961160488-22] DEBUG org.eclipse.jetty.util.thread.QueuedThreadPool - run CEP:SocketChannelEndPoint@49e2f6f7{l=/127.0.0.1:44789,r=/127.0.0.1:41448,OPEN,fill=FI,flush=-,to=3/3000}{io=1/0,kio=1,kro=1}->HttpConnection@593a486d[p=HttpParser{s=START,0 of -1},g=HttpGenerator@6f38f041{s=START}]=>HttpChannelOverHttp@4201c43{s=HttpChannelState@a182b14{s=IDLE rs=BLOCKING os=OPEN is=IDLE awp=false se=false i=true al=0},r=0,c=false/false,a=IDLE,uri=null,age=0}:runFillable:BLOCKING in QueuedThreadPool[qtp961160488]@394a2528{STARTED,8<=8<=200,i=1,r=-1,q=0}[ReservedThreadExecutor@383bfa16{reserved=1/8,pending=0}]
03:43:08.801 [qtp961160488-16] DEBUG org.eclipse.jetty.io.ManagedSelector - updateable 0
03:43:08.801 [qtp961160488-16] DEBUG org.eclipse.jetty.io.ManagedSelector - updates 0
03:43:08.801 [qtp961160488-22] DEBUG org.eclipse.jetty.io.FillInterest - fillable FillInterest@7daac544{AC.ReadCB@593a486d{HttpConnection@593a486d::SocketChannelEndPoint@49e2f6f7{l=/127.0.0.1:44789,r=/127.0.0.1:41448,OPEN,fill=FI,flush=-,to=4/3000}{io=1/0,kio=1,kro=1}->HttpConnection@593a486d[p=HttpParser{s=START,0 of -1},g=HttpGenerator@6f38f041{s=START}]=>HttpChannelOverHttp@4201c43{s=HttpChannelState@a182b14{s=IDLE rs=BLOCKING os=OPEN is=IDLE awp=false se=false i=true al=0},r=0,c=false/false,a=IDLE,uri=null,age=0}}}
03:43:08.801 [qtp961160488-16] DEBUG org.eclipse.jetty.io.ChannelEndPoint - Key interests updated 1 -> 0 on SocketChannelEndPoint@49e2f6f7{l=/127.0.0.1:44789,r=/127.0.0.1:41448,OPEN,fill=FI,flush=-,to=4/3000}{io=0/0,kio=0,kro=1}->HttpConnection@593a486d[p=HttpParser{s=START,0 of -1},g=HttpGenerator@6f38f041{s=START}]=>HttpChannelOverHttp@4201c43{s=HttpChannelState@a182b14{s=IDLE rs=BLOCKING os=OPEN is=IDLE awp=false se=false i=true al=0},r=0,c=false/false,a=IDLE,uri=null,age=0}
03:43:08.801 [qtp961160488-16] DEBUG org.eclipse.jetty.io.ManagedSelector - Selector sun.nio.ch.EPollSelectorImpl@195030a5 waiting with 1 keys
03:43:08.801 [qtp961160488-22] DEBUG org.eclipse.jetty.server.HttpConnection - HttpConnection@593a486d::SocketChannelEndPoint@49e2f6f7{l=/127.0.0.1:44789,r=/127.0.0.1:41448,OPEN,fill=-,flush=-,to=4/3000}{io=0/0,kio=0,kro=1}->HttpConnection@593a486d[p=HttpParser{s=START,0 of -1},g=HttpGenerator@6f38f041{s=START}]=>HttpChannelOverHttp@4201c43{s=HttpChannelState@a182b14{s=IDLE rs=BLOCKING os=OPEN is=IDLE awp=false se=false i=true al=0},r=0,c=false/false,a=IDLE,uri=null,age=0} onFillable enter HttpChannelState@a182b14{s=IDLE rs=BLOCKING os=OPEN is=IDLE awp=false se=false i=true al=0} null
03:43:08.805 [qtp961160488-22] DEBUG org.eclipse.jetty.util.TypeUtil - This JVM Runtime does not support Modules, disabling Jetty internal support
03:43:08.805 [qtp961160488-22] DEBUG org.eclipse.jetty.io.ChannelEndPoint - filled 125 HeapByteBuffer@70640e51[p=0,l=125,c=8192,r=125]={<<<GET /config.yml HTTP/1.1\r...gent: okhttp/3.12.3\r\n\r\n>>>\x00\x00\x00\x00\x00\x00\x00\x00\x00...\x00\x00\x00\x00\x00\x00\x00}
03:43:08.805 [qtp961160488-22] DEBUG org.eclipse.jetty.server.HttpConnection - HttpConnection@593a486d::SocketChannelEndPoint@49e2f6f7{l=/127.0.0.1:44789,r=/127.0.0.1:41448,OPEN,fill=-,flush=-,to=3/3000}{io=0/0,kio=0,kro=1}->HttpConnection@593a486d[p=HttpParser{s=START,0 of -1},g=HttpGenerator@6f38f041{s=START}]=>HttpChannelOverHttp@4201c43{s=HttpChannelState@a182b14{s=IDLE rs=BLOCKING os=OPEN is=IDLE awp=false se=false i=true al=0},r=0,c=false/false,a=IDLE,uri=null,age=0} filled 125 HeapByteBuffer@70640e51[p=0,l=125,c=8192,r=125]={<<<GET /config.yml HTTP/1.1\r...gent: okhttp/3.12.3\r\n\r\n>>>\x00\x00\x00\x00\x00\x00\x00\x00\x00...\x00\x00\x00\x00\x00\x00\x00}
03:43:08.805 [qtp961160488-22] DEBUG org.eclipse.jetty.server.HttpConnection - HttpConnection@593a486d::SocketChannelEndPoint@49e2f6f7{l=/127.0.0.1:44789,r=/127.0.0.1:41448,OPEN,fill=-,flush=-,to=3/3000}{io=0/0,kio=0,kro=1}->HttpConnection@593a486d[p=HttpParser{s=START,0 of -1},g=HttpGenerator@6f38f041{s=START}]=>HttpChannelOverHttp@4201c43{s=HttpChannelState@a182b14{s=IDLE rs=BLOCKING os=OPEN is=IDLE awp=false se=false i=true al=0},r=0,c=false/false,a=IDLE,uri=null,age=0} parse HeapByteBuffer@70640e51[p=0,l=125,c=8192,r=125]={<<<GET /config.yml HTTP/1.1\r...gent: okhttp/3.12.3\r\n\r\n>>>\x00\x00\x00\x00\x00\x00\x00\x00\x00...\x00\x00\x00\x00\x00\x00\x00} {}
03:43:08.806 [qtp961160488-22] DEBUG org.eclipse.jetty.http.HttpParser - parseNext s=START HeapByteBuffer@70640e51[p=0,l=125,c=8192,r=125]={<<<GET /config.yml HTTP/1.1\r...gent: okhttp/3.12.3\r\n\r\n>>>\x00\x00\x00\x00\x00\x00\x00\x00\x00...\x00\x00\x00\x00\x00\x00\x00}
03:43:08.806 [qtp961160488-22] DEBUG org.eclipse.jetty.http.HttpParser - START --> SPACE1
03:43:08.808 [qtp961160488-22] DEBUG org.eclipse.jetty.http.HttpParser - SPACE1 --> URI
03:43:08.808 [qtp961160488-22] DEBUG org.eclipse.jetty.http.HttpParser - URI --> SPACE2
03:43:08.808 [qtp961160488-22] DEBUG org.eclipse.jetty.http.HttpParser - SPACE2 --> REQUEST_VERSION
03:43:08.808 [qtp961160488-22] DEBUG org.eclipse.jetty.http.HttpParser - REQUEST_VERSION --> HEADER
03:43:08.809 [qtp961160488-22] DEBUG org.eclipse.jetty.http.HttpParser - HEADER:Host --> VALUE
03:43:08.809 [qtp961160488-22] DEBUG org.eclipse.jetty.http.HttpParser - HEADER:Host --> IN_VALUE
03:43:08.809 [qtp961160488-22] DEBUG org.eclipse.jetty.http.HttpParser - HEADER:Host --> FIELD
03:43:08.810 [qtp961160488-22] DEBUG org.eclipse.jetty.http.HttpParser - HEADER:Connection: keep-alive --> IN_VALUE
03:43:08.810 [qtp961160488-22] DEBUG org.eclipse.jetty.http.HttpParser - HEADER:Connection: keep-alive --> FIELD
03:43:08.810 [qtp961160488-22] DEBUG org.eclipse.jetty.http.HttpParser - HEADER:Accept-Encoding: gzip --> IN_VALUE
03:43:08.810 [qtp961160488-22] DEBUG org.eclipse.jetty.http.HttpParser - HEADER:Accept-Encoding: gzip --> FIELD
03:43:08.810 [qtp961160488-22] DEBUG org.eclipse.jetty.http.HttpParser - HEADER:User-Agent --> VALUE
03:43:08.810 [qtp961160488-22] DEBUG org.eclipse.jetty.http.HttpParser - HEADER:User-Agent --> IN_VALUE
03:43:08.810 [qtp961160488-22] DEBUG org.eclipse.jetty.http.HttpParser - HEADER:User-Agent --> FIELD
03:43:08.810 [qtp961160488-22] DEBUG org.eclipse.jetty.http.HttpParser - HEADER --> CONTENT
03:43:08.811 [qtp961160488-22] DEBUG org.eclipse.jetty.server.HttpChannel - REQUEST for //localhost:44789/config.yml on HttpChannelOverHttp@4201c43{s=HttpChannelState@a182b14{s=IDLE rs=BLOCKING os=OPEN is=IDLE awp=false se=false i=true al=0},r=1,c=false/false,a=IDLE,uri=//localhost:44789/config.yml,age=1}
GET //localhost:44789/config.yml HTTP/1.1
Host: localhost:44789
Connection: keep-alive
Accept-Encoding: gzip
User-Agent: okhttp/3.12.3


03:43:08.811 [qtp961160488-22] DEBUG org.eclipse.jetty.server.HttpConnection - HttpConnection@593a486d::SocketChannelEndPoint@49e2f6f7{l=/127.0.0.1:44789,r=/127.0.0.1:41448,OPEN,fill=-,flush=-,to=9/3000}{io=0/0,kio=0,kro=1}->HttpConnection@593a486d[p=HttpParser{s=CONTENT,0 of -1},g=HttpGenerator@6f38f041{s=START}]=>HttpChannelOverHttp@4201c43{s=HttpChannelState@a182b14{s=IDLE rs=BLOCKING os=OPEN is=IDLE awp=false se=false i=true al=0},r=1,c=false/false,a=IDLE,uri=//localhost:44789/config.yml,age=1} parsed true HttpParser{s=CONTENT,0 of -1}
03:43:08.812 [qtp961160488-22] DEBUG org.eclipse.jetty.server.HttpConnection - releaseRequestBuffer HttpConnection@593a486d::SocketChannelEndPoint@49e2f6f7{l=/127.0.0.1:44789,r=/127.0.0.1:41448,OPEN,fill=-,flush=-,to=9/3000}{io=0/0,kio=0,kro=1}->HttpConnection@593a486d[p=HttpParser{s=CONTENT,0 of -1},g=HttpGenerator@6f38f041{s=START}]=>HttpChannelOverHttp@4201c43{s=HttpChannelState@a182b14{s=IDLE rs=BLOCKING os=OPEN is=IDLE awp=false se=false i=true al=0},r=1,c=false/false,a=IDLE,uri=//localhost:44789/config.yml,age=2}
03:43:08.813 [qtp961160488-22] DEBUG org.eclipse.jetty.server.HttpChannel - handle //localhost:44789/config.yml HttpChannelOverHttp@4201c43{s=HttpChannelState@a182b14{s=IDLE rs=BLOCKING os=OPEN is=IDLE awp=false se=false i=true al=0},r=1,c=false/false,a=IDLE,uri=//localhost:44789/config.yml,age=2} 
03:43:08.813 [qtp961160488-22] DEBUG org.eclipse.jetty.server.HttpChannelState - handling HttpChannelState@a182b14{s=IDLE rs=BLOCKING os=OPEN is=IDLE awp=false se=false i=true al=0}
03:43:08.814 [qtp961160488-22] DEBUG org.eclipse.jetty.server.HttpChannel - action DISPATCH HttpChannelOverHttp@4201c43{s=HttpChannelState@a182b14{s=HANDLING rs=BLOCKING os=OPEN is=IDLE awp=false se=false i=true al=0},r=1,c=false/false,a=HANDLING,uri=//localhost:44789/config.yml,age=4}
03:43:08.815 [qtp961160488-22] DEBUG org.eclipse.jetty.server.Server - REQUEST GET /config.yml on HttpChannelOverHttp@4201c43{s=HttpChannelState@a182b14{s=HANDLING rs=BLOCKING os=OPEN is=IDLE awp=false se=false i=true al=0},r=1,c=false/false,a=HANDLING,uri=//localhost:44789/config.yml,age=5}
03:43:08.822 [qtp961160488-22] DEBUG org.eclipse.jetty.server.HttpOutput - write(array HeapByteBuffer@4c94dfb8[p=0,l=4,c=512,r=4]={<<<path>>>\x00\x00\x00\x00\x00\x00\x00\x00\x00...\x00\x00\x00\x00\x00\x00\x00})
03:43:08.823 [qtp961160488-22] DEBUG org.eclipse.jetty.server.HttpOutput - write(array) s=CLOSING,api=BLOCKED,sc=false,e=null last=true agg=false flush=true async=false, len=4 null
03:43:08.823 [qtp961160488-22] DEBUG org.eclipse.jetty.server.HttpChannel - sendResponse info=null content=HeapByteBuffer@5c5bef1[p=0,l=4,c=512,r=4]={<<<path>>>\x00\x00\x00\x00\x00\x00\x00\x00\x00...\x00\x00\x00\x00\x00\x00\x00} complete=true committing=true callback=Blocker@6fc6d8ee{null}
03:43:08.823 [qtp961160488-22] DEBUG org.eclipse.jetty.server.HttpChannel - COMMIT for /config.yml on HttpChannelOverHttp@4201c43{s=HttpChannelState@a182b14{s=HANDLING rs=BLOCKING os=COMMITTED is=IDLE awp=false se=false i=true al=0},r=1,c=false/false,a=HANDLING,uri=//localhost:44789/config.yml,age=13}
200 null HTTP/1.1
Date: Thu, 02 May 2024 02:43:08 GMT
ETag: testEtag
Content-Type: text/plain;charset=utf-8
Content-Length: 4


03:43:08.825 [qtp961160488-22] DEBUG org.eclipse.jetty.server.HttpConnection - generate: NEED_HEADER for SendCallback@2da09bae[PROCESSING][i=HTTP/1.1{s=200,h=4,cl=4},cb=org.eclipse.jetty.server.HttpChannel$SendCallback@1cb04280] (null,[p=0,l=4,c=512,r=4],true)@START
03:43:08.826 [qtp961160488-22] DEBUG org.eclipse.jetty.http.HttpGenerator - generateHeaders HTTP/1.1{s=200,h=4,cl=4} last=true content=HeapByteBuffer@5c5bef1[p=0,l=4,c=512,r=4]={<<<path>>>\x00\x00\x00\x00\x00\x00\x00\x00\x00...\x00\x00\x00\x00\x00\x00\x00}
03:43:08.826 [qtp961160488-22] DEBUG org.eclipse.jetty.http.HttpGenerator - Date: Thu, 02 May 2024 02:43:08 GMT
ETag: testEtag
Content-Type: text/plain;charset=utf-8
Content-Length: 4


03:43:08.826 [qtp961160488-22] DEBUG org.eclipse.jetty.http.HttpGenerator - CONTENT_LENGTH
03:43:08.826 [qtp961160488-22] DEBUG org.eclipse.jetty.server.HttpConnection - generate: FLUSH for SendCallback@2da09bae[PROCESSING][i=HTTP/1.1{s=200,h=4,cl=4},cb=org.eclipse.jetty.server.HttpChannel$SendCallback@1cb04280] ([p=0,l=164,c=8192,r=164],[p=0,l=4,c=512,r=4],true)@COMPLETING
03:43:08.826 [qtp961160488-22] DEBUG org.eclipse.jetty.io.WriteFlusher - write: WriteFlusher@2d6087f7{IDLE}->null [HeapByteBuffer@70640e51[p=0,l=164,c=8192,r=164]={<<<HTTP/1.1 200 OK\r\nDate: Th...y(9.4.44.v20210927)\r\n\r\n>>>\x00\x00\x00\x00\x00\x00\x00\x00\x00...\x00\x00\x00\x00\x00\x00\x00},HeapByteBuffer@5c5bef1[p=0,l=4,c=512,r=4]={<<<path>>>\x00\x00\x00\x00\x00\x00\x00\x00\x00...\x00\x00\x00\x00\x00\x00\x00}]
03:43:08.826 [qtp961160488-22] DEBUG org.eclipse.jetty.io.WriteFlusher - update WriteFlusher@2d6087f7{WRITING}->null:IDLE-->WRITING
03:43:08.827 [qtp961160488-22] DEBUG org.eclipse.jetty.io.ChannelEndPoint - flushed 168 SocketChannelEndPoint@49e2f6f7{l=/127.0.0.1:44789,r=/127.0.0.1:41448,OPEN,fill=-,flush=W,to=24/3000}{io=0/0,kio=0,kro=1}->HttpConnection@593a486d[p=HttpParser{s=CONTENT,0 of -1},g=HttpGenerator@6f38f041{s=COMPLETING}]=>HttpChannelOverHttp@4201c43{s=HttpChannelState@a182b14{s=HANDLING rs=BLOCKING os=COMMITTED is=IDLE awp=false se=false i=true al=0},r=1,c=false/false,a=HANDLING,uri=//localhost:44789/config.yml,age=17}
03:43:08.827 [qtp961160488-22] DEBUG org.eclipse.jetty.io.WriteFlusher - Flushed=true written=168 remaining=0 WriteFlusher@2d6087f7{WRITING}->null
03:43:08.827 [qtp961160488-22] DEBUG org.eclipse.jetty.io.WriteFlusher - update WriteFlusher@2d6087f7{IDLE}->null:WRITING-->IDLE
03:43:08.827 [qtp961160488-22] DEBUG org.eclipse.jetty.server.HttpConnection - generate: DONE for SendCallback@2da09bae[PROCESSING][i=HTTP/1.1{s=200,h=4,cl=4},cb=org.eclipse.jetty.server.HttpChannel$SendCallback@1cb04280] ([p=164,l=164,c=8192,r=0],[p=4,l=4,c=512,r=0],true)@END
03:43:08.827 [qtp961160488-22] DEBUG org.eclipse.jetty.server.HttpOutput - onWriteComplete(true,null) s=CLOSING,api=BLOCKED,sc=false,e=null->s=CLOSED,api=BLOCKING,sc=false,e=null c=null cb=null w=false
03:43:08.827 [qtp961160488-22] DEBUG org.eclipse.jetty.server.HttpOutput - close() s=CLOSED,api=BLOCKING,sc=false,e=null c=null b=null
03:43:08.828 [qtp961160488-22] DEBUG org.eclipse.jetty.server.Server - handled=true async=false committed=true on HttpChannelOverHttp@4201c43{s=HttpChannelState@a182b14{s=HANDLING rs=BLOCKING os=COMPLETED is=IDLE awp=false se=false i=true al=0},r=1,c=false/true,a=HANDLING,uri=//localhost:44789/config.yml,age=18}
03:43:08.828 [qtp961160488-22] DEBUG org.eclipse.jetty.server.HttpChannelState - unhandle HttpChannelState@a182b14{s=HANDLING rs=BLOCKING os=COMPLETED is=IDLE awp=false se=false i=true al=0}
03:43:08.828 [qtp961160488-22] DEBUG org.eclipse.jetty.server.HttpChannelState - nextAction(false) COMPLETE HttpChannelState@a182b14{s=HANDLING rs=COMPLETING os=COMPLETED is=IDLE awp=false se=false i=false al=0}
03:43:08.828 [qtp961160488-22] DEBUG org.eclipse.jetty.server.HttpChannel - action COMPLETE HttpChannelOverHttp@4201c43{s=HttpChannelState@a182b14{s=HANDLING rs=COMPLETING os=COMPLETED is=IDLE awp=false se=false i=false al=0},r=1,c=false/true,a=HANDLING,uri=//localhost:44789/config.yml,age=18}
03:43:08.829 [qtp961160488-22] DEBUG org.eclipse.jetty.server.HttpOutput - complete(org.eclipse.jetty.util.Callback$3@1c23dbd4) s=CLOSED,api=BLOCKING,sc=false,e=null s=true e=null, c=null
03:43:08.829 [qtp961160488-22] DEBUG org.eclipse.jetty.server.HttpChannelState - completed HttpChannelState@a182b14{s=HANDLING rs=COMPLETING os=COMPLETED is=IDLE awp=false se=false i=false al=0}
03:43:08.829 [qtp961160488-22] DEBUG org.eclipse.jetty.server.HttpChannelState - unhandle HttpChannelState@a182b14{s=HANDLING rs=COMPLETED os=COMPLETED is=IDLE awp=false se=false i=false al=0}
03:43:08.829 [qtp961160488-22] DEBUG org.eclipse.jetty.server.HttpChannelState - nextAction(false) TERMINATED HttpChannelState@a182b14{s=IDLE rs=COMPLETED os=COMPLETED is=IDLE awp=false se=false i=false al=0}
03:43:08.829 [qtp961160488-22] DEBUG org.eclipse.jetty.server.HttpChannel - action TERMINATED HttpChannelOverHttp@4201c43{s=HttpChannelState@a182b14{s=IDLE rs=COMPLETED os=COMPLETED is=IDLE awp=false se=false i=false al=0},r=1,c=true/true,a=IDLE,uri=//localhost:44789/config.yml,age=19}
03:43:08.829 [qtp961160488-22] DEBUG org.eclipse.jetty.server.HttpChannel - onCompleted for /config.yml written=4
03:43:08.829 [qtp961160488-22] DEBUG org.eclipse.jetty.io.ChannelEndPoint - filled 0 HeapByteBuffer@70640e51[p=0,l=0,c=8192,r=0]={<<<>>>HTTP/1.1 ...\x00\x00\x00\x00\x00\x00\x00}
03:43:08.829 [qtp961160488-22] DEBUG org.eclipse.jetty.io.ChannelEndPoint - filled 0 HeapByteBuffer@70640e51[p=0,l=0,c=8192,r=0]={<<<>>>HTTP/1.1 ...\x00\x00\x00\x00\x00\x00\x00}
03:43:08.829 [qtp961160488-22] DEBUG org.eclipse.jetty.server.HttpConnection - HttpConnection@593a486d::SocketChannelEndPoint@49e2f6f7{l=/127.0.0.1:44789,r=/127.0.0.1:41448,OPEN,fill=-,flush=-,to=2/3000}{io=0/0,kio=0,kro=1}->HttpConnection@593a486d[p=HttpParser{s=CONTENT,0 of -1},g=HttpGenerator@6f38f041{s=END}]=>HttpChannelOverHttp@4201c43{s=HttpChannelState@a182b14{s=IDLE rs=COMPLETED os=COMPLETED is=IDLE awp=false se=false i=false al=0},r=1,c=true/true,a=IDLE,uri=//localhost:44789/config.yml,age=19} filled 0 HeapByteBuffer@70640e51[p=0,l=0,c=8192,r=0]={<<<>>>HTTP/1.1 ...\x00\x00\x00\x00\x00\x00\x00}
03:43:08.829 [qtp961160488-22] DEBUG org.eclipse.jetty.server.HttpConnection - HttpConnection@593a486d::SocketChannelEndPoint@49e2f6f7{l=/127.0.0.1:44789,r=/127.0.0.1:41448,OPEN,fill=-,flush=-,to=2/3000}{io=0/0,kio=0,kro=1}->HttpConnection@593a486d[p=HttpParser{s=CONTENT,0 of -1},g=HttpGenerator@6f38f041{s=END}]=>HttpChannelOverHttp@4201c43{s=HttpChannelState@a182b14{s=IDLE rs=COMPLETED os=COMPLETED is=IDLE awp=false se=false i=false al=0},r=1,c=true/true,a=IDLE,uri=//localhost:44789/config.yml,age=19} parse HeapByteBuffer@70640e51[p=0,l=0,c=8192,r=0]={<<<>>>HTTP/1.1 ...\x00\x00\x00\x00\x00\x00\x00} {}
03:43:08.830 [qtp961160488-22] DEBUG org.eclipse.jetty.http.HttpParser - parseNext s=CONTENT HeapByteBuffer@70640e51[p=0,l=0,c=8192,r=0]={<<<>>>HTTP/1.1 ...\x00\x00\x00\x00\x00\x00\x00}
03:43:08.830 [qtp961160488-22] DEBUG org.eclipse.jetty.http.HttpParser - CONTENT --> CONTENT_END
03:43:08.830 [qtp961160488-22] DEBUG org.eclipse.jetty.server.HttpChannel - onContentComplete HttpChannelOverHttp@4201c43{s=HttpChannelState@a182b14{s=IDLE rs=COMPLETED os=COMPLETED is=IDLE awp=false se=false i=false al=0},r=1,c=true/true,a=IDLE,uri=//localhost:44789/config.yml,age=20}
03:43:08.830 [qtp961160488-22] DEBUG org.eclipse.jetty.http.HttpParser - CONTENT_END --> END
03:43:08.830 [qtp961160488-22] DEBUG org.eclipse.jetty.server.HttpChannel - onRequestComplete HttpChannelOverHttp@4201c43{s=HttpChannelState@a182b14{s=IDLE rs=COMPLETED os=COMPLETED is=IDLE awp=false se=false i=false al=0},r=1,c=true/true,a=IDLE,uri=//localhost:44789/config.yml,age=20}
03:43:08.830 [qtp961160488-22] DEBUG org.eclipse.jetty.server.HttpInput - HttpInputOverHTTP@453a00bc[c=0,q=0,[0]=null,s=STREAM] addContent EOF
03:43:08.830 [qtp961160488-22] DEBUG org.eclipse.jetty.server.HttpConnection - HttpConnection@593a486d::SocketChannelEndPoint@49e2f6f7{l=/127.0.0.1:44789,r=/127.0.0.1:41448,OPEN,fill=-,flush=-,to=2/3000}{io=0/0,kio=0,kro=1}->HttpConnection@593a486d[p=HttpParser{s=END,0 of -1},g=HttpGenerator@6f38f041{s=END}]=>HttpChannelOverHttp@4201c43{s=HttpChannelState@a182b14{s=IDLE rs=COMPLETED os=COMPLETED is=IDLE awp=false se=false i=false al=0},r=1,c=true/true,a=IDLE,uri=//localhost:44789/config.yml,age=20} parsed false HttpParser{s=END,0 of -1}
03:43:08.830 [qtp961160488-22] DEBUG org.eclipse.jetty.server.HttpConnection - releaseRequestBuffer HttpConnection@593a486d::SocketChannelEndPoint@49e2f6f7{l=/127.0.0.1:44789,r=/127.0.0.1:41448,OPEN,fill=-,flush=-,to=3/3000}{io=0/0,kio=0,kro=1}->HttpConnection@593a486d[p=HttpParser{s=END,0 of -1},g=HttpGenerator@6f38f041{s=END}]=>HttpChannelOverHttp@4201c43{s=HttpChannelState@a182b14{s=IDLE rs=COMPLETED os=COMPLETED is=IDLE awp=false se=false i=false al=0},r=1,c=true/true,a=IDLE,uri=//localhost:44789/config.yml,age=20}
03:43:08.830 [qtp961160488-22] DEBUG org.eclipse.jetty.server.HttpChannelState - recycle HttpChannelState@a182b14{s=IDLE rs=COMPLETED os=COMPLETED is=IDLE awp=false se=false i=false al=0}
03:43:08.832 [main] DEBUG org.apache.nifi.minifi.bootstrap.configuration.ingestors.PullHttpChangeIngestor - Response received: Response{protocol=http/1.1, code=200, message=OK, url=http://localhost:44789/config.yml}
03:43:08.833 [main] DEBUG org.apache.nifi.minifi.bootstrap.configuration.ingestors.PullHttpChangeIngestor - New change received, notifying listener
03:43:08.833 [qtp961160488-22] DEBUG org.eclipse.jetty.http.HttpParser - reset HttpParser{s=END,0 of -1}
03:43:08.833 [qtp961160488-22] DEBUG org.eclipse.jetty.http.HttpParser - END --> START
03:43:08.833 [main] DEBUG org.apache.nifi.minifi.bootstrap.configuration.ingestors.PullHttpChangeIngestor - Listeners notified
03:43:08.833 [qtp961160488-22] DEBUG org.eclipse.jetty.server.HttpChannel - !handle TERMINATED HttpChannelOverHttp@4201c43{s=HttpChannelState@a182b14{s=IDLE rs=BLOCKING os=OPEN is=IDLE awp=false se=false i=true al=0},r=1,c=false/false,a=IDLE,uri=null,age=0}
03:43:08.833 [qtp961160488-22] DEBUG org.eclipse.jetty.io.ChannelEndPoint - filled 0 HeapByteBuffer@70640e51[p=0,l=0,c=8192,r=0]={<<<>>>HTTP/1.1 ...\x00\x00\x00\x00\x00\x00\x00}
03:43:08.833 [qtp961160488-22] DEBUG org.eclipse.jetty.io.ChannelEndPoint - filled 0 HeapByteBuffer@70640e51[p=0,l=0,c=8192,r=0]={<<<>>>HTTP/1.1 ...\x00\x00\x00\x00\x00\x00\x00}
03:43:08.833 [qtp961160488-22] DEBUG org.eclipse.jetty.server.HttpConnection - HttpConnection@593a486d::SocketChannelEndPoint@49e2f6f7{l=/127.0.0.1:44789,r=/127.0.0.1:41448,OPEN,fill=-,flush=-,to=5/3000}{io=0/0,kio=0,kro=1}->HttpConnection@593a486d[p=HttpParser{s=START,0 of -1},g=HttpGenerator@6f38f041{s=START}]=>HttpChannelOverHttp@4201c43{s=HttpChannelState@a182b14{s=IDLE rs=BLOCKING os=OPEN is=IDLE awp=false se=false i=true al=0},r=1,c=false/false,a=IDLE,uri=null,age=0} filled 0 HeapByteBuffer@70640e51[p=0,l=0,c=8192,r=0]={<<<>>>HTTP/1.1 ...\x00\x00\x00\x00\x00\x00\x00}
03:43:08.833 [qtp961160488-22] DEBUG org.eclipse.jetty.server.HttpConnection - HttpConnection@593a486d::SocketChannelEndPoint@49e2f6f7{l=/127.0.0.1:44789,r=/127.0.0.1:41448,OPEN,fill=-,flush=-,to=6/3000}{io=0/0,kio=0,kro=1}->HttpConnection@593a486d[p=HttpParser{s=START,0 of -1},g=HttpGenerator@6f38f041{s=START}]=>HttpChannelOverHttp@4201c43{s=HttpChannelState@a182b14{s=IDLE rs=BLOCKING os=OPEN is=IDLE awp=false se=false i=true al=0},r=1,c=false/false,a=IDLE,uri=null,age=0} parse HeapByteBuffer@70640e51[p=0,l=0,c=8192,r=0]={<<<>>>HTTP/1.1 ...\x00\x00\x00\x00\x00\x00\x00} {}
03:43:08.833 [qtp961160488-22] DEBUG org.eclipse.jetty.http.HttpParser - parseNext s=START HeapByteBuffer@70640e51[p=0,l=0,c=8192,r=0]={<<<>>>HTTP/1.1 ...\x00\x00\x00\x00\x00\x00\x00}
03:43:08.833 [qtp961160488-22] DEBUG org.eclipse.jetty.server.HttpConnection - HttpConnection@593a486d::SocketChannelEndPoint@49e2f6f7{l=/127.0.0.1:44789,r=/127.0.0.1:41448,OPEN,fill=-,flush=-,to=6/3000}{io=0/0,kio=0,kro=1}->HttpConnection@593a486d[p=HttpParser{s=START,0 of -1},g=HttpGenerator@6f38f041{s=START}]=>HttpChannelOverHttp@4201c43{s=HttpChannelState@a182b14{s=IDLE rs=BLOCKING os=OPEN is=IDLE awp=false se=false i=true al=0},r=1,c=false/false,a=IDLE,uri=null,age=0} parsed false HttpParser{s=START,0 of -1}
03:43:08.833 [qtp961160488-22] DEBUG org.eclipse.jetty.server.HttpConnection - releaseRequestBuffer HttpConnection@593a486d::SocketChannelEndPoint@49e2f6f7{l=/127.0.0.1:44789,r=/127.0.0.1:41448,OPEN,fill=-,flush=-,to=6/3000}{io=0/0,kio=0,kro=1}->HttpConnection@593a486d[p=HttpParser{s=START,0 of -1},g=HttpGenerator@6f38f041{s=START}]=>HttpChannelOverHttp@4201c43{s=HttpChannelState@a182b14{s=IDLE rs=BLOCKING os=OPEN is=IDLE awp=false se=false i=true al=0},r=1,c=false/false,a=IDLE,uri=null,age=0}
03:43:08.834 [qtp961160488-22] DEBUG org.eclipse.jetty.io.AbstractConnection - fillInterested HttpConnection@593a486d::SocketChannelEndPoint@49e2f6f7{l=/127.0.0.1:44789,r=/127.0.0.1:41448,OPEN,fill=-,flush=-,to=6/3000}{io=0/0,kio=0,kro=1}->HttpConnection@593a486d[p=HttpParser{s=START,0 of -1},g=HttpGenerator@6f38f041{s=START}]=>HttpChannelOverHttp@4201c43{s=HttpChannelState@a182b14{s=IDLE rs=BLOCKING os=OPEN is=IDLE awp=false se=false i=true al=0},r=1,c=false/false,a=IDLE,uri=null,age=0}
03:43:08.834 [qtp961160488-22] DEBUG org.eclipse.jetty.io.FillInterest - interested FillInterest@7daac544{AC.ReadCB@593a486d{HttpConnection@593a486d::SocketChannelEndPoint@49e2f6f7{l=/127.0.0.1:44789,r=/127.0.0.1:41448,OPEN,fill=FI,flush=-,to=0/3000}{io=0/0,kio=0,kro=1}->HttpConnection@593a486d[p=HttpParser{s=START,0 of -1},g=HttpGenerator@6f38f041{s=START}]=>HttpChannelOverHttp@4201c43{s=HttpChannelState@a182b14{s=IDLE rs=BLOCKING os=OPEN is=IDLE awp=false se=false i=true al=0},r=1,c=false/false,a=IDLE,uri=null,age=0}}}
03:43:08.834 [qtp961160488-22] DEBUG org.eclipse.jetty.io.ChannelEndPoint - changeInterests p=false 0->1 for SocketChannelEndPoint@49e2f6f7{l=/127.0.0.1:44789,r=/127.0.0.1:41448,OPEN,fill=FI,flush=-,to=0/3000}{io=0/1,kio=0,kro=1}->HttpConnection@593a486d[p=HttpParser{s=START,0 of -1},g=HttpGenerator@6f38f041{s=START}]=>HttpChannelOverHttp@4201c43{s=HttpChannelState@a182b14{s=IDLE rs=BLOCKING os=OPEN is=IDLE awp=false se=false i=true al=0},r=1,c=false/false,a=IDLE,uri=null,age=0}
03:43:08.834 [qtp961160488-22] DEBUG org.eclipse.jetty.io.ManagedSelector - Queued change lazy=false org.eclipse.jetty.io.ChannelEndPoint$$Lambda$255/90666987@1211bd93 on ManagedSelector@4803b726{STARTED} id=1 keys=1 selected=0 updates=0
03:43:08.834 [qtp961160488-22] DEBUG org.eclipse.jetty.io.ManagedSelector - Wakeup on submit ManagedSelector@4803b726{STARTED} id=1 keys=1 selected=0 updates=1
03:43:08.834 [qtp961160488-16] DEBUG org.eclipse.jetty.io.ManagedSelector - Selector sun.nio.ch.EPollSelectorImpl@195030a5 woken with none selected
03:43:08.834 [qtp961160488-16] DEBUG org.eclipse.jetty.io.ManagedSelector - Selector sun.nio.ch.EPollSelectorImpl@195030a5 woken up from select, 0/0/1 selected
03:43:08.834 [qtp961160488-16] DEBUG org.eclipse.jetty.io.ManagedSelector - Selector sun.nio.ch.EPollSelectorImpl@195030a5 processing 0 keys, 1 updates
03:43:08.834 [qtp961160488-16] DEBUG org.eclipse.jetty.io.ManagedSelector - updateable 1
03:43:08.834 [qtp961160488-22] DEBUG org.eclipse.jetty.server.HttpConnection - HttpConnection@593a486d::SocketChannelEndPoint@49e2f6f7{l=/127.0.0.1:44789,r=/127.0.0.1:41448,OPEN,fill=FI,flush=-,to=0/3000}{io=0/1,kio=0,kro=1}->HttpConnection@593a486d[p=HttpParser{s=START,0 of -1},g=HttpGenerator@6f38f041{s=START}]=>HttpChannelOverHttp@4201c43{s=HttpChannelState@a182b14{s=IDLE rs=BLOCKING os=OPEN is=IDLE awp=false se=false i=true al=0},r=1,c=false/false,a=IDLE,uri=null,age=0} onFillable exit HttpChannelState@a182b14{s=IDLE rs=BLOCKING os=OPEN is=IDLE awp=false se=false i=true al=0} null
03:43:08.834 [qtp961160488-16] DEBUG org.eclipse.jetty.io.ManagedSelector - update org.eclipse.jetty.io.ChannelEndPoint$$Lambda$255/90666987@1211bd93
03:43:08.835 [qtp961160488-16] DEBUG org.eclipse.jetty.io.ChannelEndPoint - Key interests updated 0 -> 1 on SocketChannelEndPoint@49e2f6f7{l=/127.0.0.1:44789,r=/127.0.0.1:41448,OPEN,fill=FI,flush=-,to=0/3000}{io=1/1,kio=1,kro=1}->HttpConnection@593a486d[p=HttpParser{s=START,0 of -1},g=HttpGenerator@6f38f041{s=START}]=>HttpChannelOverHttp@4201c43{s=HttpChannelState@a182b14{s=IDLE rs=BLOCKING os=OPEN is=IDLE awp=false se=false i=true al=0},r=1,c=false/false,a=IDLE,uri=null,age=0}
03:43:08.835 [qtp961160488-22] DEBUG org.eclipse.jetty.util.thread.QueuedThreadPool - ran CEP:SocketChannelEndPoint@49e2f6f7{l=/127.0.0.1:44789,r=/127.0.0.1:41448,OPEN,fill=FI,flush=-,to=0/3000}{io=1/1,kio=1,kro=1}->HttpConnection@593a486d[p=HttpParser{s=START,0 of -1},g=HttpGenerator@6f38f041{s=START}]=>HttpChannelOverHttp@4201c43{s=HttpChannelState@a182b14{s=IDLE rs=BLOCKING os=OPEN is=IDLE awp=false se=false i=true al=0},r=1,c=false/false,a=IDLE,uri=null,age=0}:runFillable:BLOCKING in QueuedThreadPool[qtp961160488]@394a2528{STARTED,8<=8<=200,i=1,r=-1,q=0}[ReservedThreadExecutor@383bfa16{reserved=1/8,pending=0}]
03:43:08.835 [qtp961160488-16] DEBUG org.eclipse.jetty.io.ManagedSelector - updates 0
03:43:08.835 [qtp961160488-16] DEBUG org.eclipse.jetty.io.ManagedSelector - Selector sun.nio.ch.EPollSelectorImpl@195030a5 waiting with 1 keys
]]></system-out>
  </testcase>
  <testcase name="testUseEtag" classname="org.apache.nifi.minifi.bootstrap.configuration.ingestors.PullHttpChangeIngestorTest" time="0.015">
    <system-out><![CDATA[03:43:08.841 [main] DEBUG org.apache.nifi.minifi.bootstrap.configuration.ingestors.PullHttpChangeIngestor - Attempting to pull new config
03:43:08.841 [qtp961160488-19-acceptor-0@1e1a0406-ServerConnector@446293d{HTTP/1.1, (http/1.1)}{localhost:44789}] DEBUG org.eclipse.jetty.io.ManagedSelector - Queued change lazy=false Accept@31b69ccf[java.nio.channels.SocketChannel[connected local=/127.0.0.1:44789 remote=/127.0.0.1:41456]] on ManagedSelector@316bcf94{STARTED} id=2 keys=0 selected=0 updates=0
03:43:08.842 [qtp961160488-19-acceptor-0@1e1a0406-ServerConnector@446293d{HTTP/1.1, (http/1.1)}{localhost:44789}] DEBUG org.eclipse.jetty.io.ManagedSelector - Wakeup on submit ManagedSelector@316bcf94{STARTED} id=2 keys=0 selected=0 updates=1
03:43:08.842 [qtp961160488-17] DEBUG org.eclipse.jetty.io.ManagedSelector - Selector sun.nio.ch.EPollSelectorImpl@314fddb5 woken with none selected
03:43:08.842 [qtp961160488-17] DEBUG org.eclipse.jetty.io.ManagedSelector - Selector sun.nio.ch.EPollSelectorImpl@314fddb5 woken up from select, 0/0/0 selected
03:43:08.842 [qtp961160488-17] DEBUG org.eclipse.jetty.io.ManagedSelector - Selector sun.nio.ch.EPollSelectorImpl@314fddb5 processing 0 keys, 1 updates
03:43:08.842 [qtp961160488-17] DEBUG org.eclipse.jetty.io.ManagedSelector - updateable 1
03:43:08.842 [qtp961160488-17] DEBUG org.eclipse.jetty.io.ManagedSelector - update Accept@31b69ccf[java.nio.channels.SocketChannel[connected local=/127.0.0.1:44789 remote=/127.0.0.1:41456]]
03:43:08.842 [qtp961160488-17] DEBUG org.eclipse.jetty.util.thread.QueuedThreadPool - queue Accept@31b69ccf[java.nio.channels.SocketChannel[connected local=/127.0.0.1:44789 remote=/127.0.0.1:41456]] startThread=0
03:43:08.842 [qtp961160488-17] DEBUG org.eclipse.jetty.io.ManagedSelector - updates 0
03:43:08.842 [qtp961160488-20] DEBUG org.eclipse.jetty.util.thread.QueuedThreadPool - run Accept@31b69ccf[java.nio.channels.SocketChannel[connected local=/127.0.0.1:44789 remote=/127.0.0.1:41456]] in QueuedThreadPool[qtp961160488]@394a2528{STARTED,8<=8<=200,i=1,r=-1,q=0}[ReservedThreadExecutor@383bfa16{reserved=1/8,pending=0}]
03:43:08.842 [qtp961160488-17] DEBUG org.eclipse.jetty.io.ManagedSelector - Selector sun.nio.ch.EPollSelectorImpl@314fddb5 waiting with 1 keys
03:43:08.842 [qtp961160488-20] DEBUG org.eclipse.jetty.io.IdleTimeout - SocketChannelEndPoint@2142d370{l=/127.0.0.1:44789,r=/127.0.0.1:41456,OPEN,fill=-,flush=-,to=0/3000}{io=0/0,kio=0,kro=0}-><null> idle timeout check, elapsed: 0 ms, remaining: 3000 ms
03:43:08.842 [qtp961160488-20] DEBUG org.eclipse.jetty.server.HttpChannel - new HttpChannelOverHttp@95085e1{s=HttpChannelState@227be16a{s=IDLE rs=BLOCKING os=OPEN is=IDLE awp=false se=false i=true al=0},r=0,c=false/false,a=IDLE,uri=null,age=0} -> SocketChannelEndPoint@2142d370{l=/127.0.0.1:44789,r=/127.0.0.1:41456,OPEN,fill=-,flush=-,to=0/3000}{io=0/0,kio=0,kro=0}-><null>,null,HttpChannelState@227be16a{s=IDLE rs=BLOCKING os=OPEN is=IDLE awp=false se=false i=true al=0}
03:43:08.842 [qtp961160488-20] DEBUG org.eclipse.jetty.server.HttpConnection - New HTTP Connection HttpConnection@3d192d93::SocketChannelEndPoint@2142d370{l=/127.0.0.1:44789,r=/127.0.0.1:41456,OPEN,fill=-,flush=-,to=0/3000}{io=0/0,kio=0,kro=0}-><null>
03:43:08.842 [qtp961160488-20] DEBUG org.eclipse.jetty.io.ManagedSelector - Queued change lazy=true org.eclipse.jetty.io.ManagedSelector$$Lambda$258/445561681@a77a013 on ManagedSelector@316bcf94{STARTED} id=2 keys=1 selected=0 updates=0
03:43:08.843 [qtp961160488-20] DEBUG org.eclipse.jetty.io.AbstractEndPoint - onOpen SocketChannelEndPoint@2142d370{l=/127.0.0.1:44789,r=/127.0.0.1:41456,OPEN,fill=-,flush=-,to=0/3000}{io=0/0,kio=0,kro=0}->HttpConnection@3d192d93[p=HttpParser{s=START,0 of -1},g=HttpGenerator@7854331{s=START}]=>HttpChannelOverHttp@95085e1{s=HttpChannelState@227be16a{s=IDLE rs=BLOCKING os=OPEN is=IDLE awp=false se=false i=true al=0},r=0,c=false/false,a=IDLE,uri=null,age=0}
03:43:08.843 [qtp961160488-20] DEBUG org.eclipse.jetty.io.AbstractConnection - onOpen HttpConnection@3d192d93::SocketChannelEndPoint@2142d370{l=/127.0.0.1:44789,r=/127.0.0.1:41456,OPEN,fill=-,flush=-,to=0/3000}{io=0/0,kio=0,kro=0}->HttpConnection@3d192d93[p=HttpParser{s=START,0 of -1},g=HttpGenerator@7854331{s=START}]=>HttpChannelOverHttp@95085e1{s=HttpChannelState@227be16a{s=IDLE rs=BLOCKING os=OPEN is=IDLE awp=false se=false i=true al=0},r=0,c=false/false,a=IDLE,uri=null,age=0}
03:43:08.843 [qtp961160488-20] DEBUG org.eclipse.jetty.io.AbstractConnection - fillInterested HttpConnection@3d192d93::SocketChannelEndPoint@2142d370{l=/127.0.0.1:44789,r=/127.0.0.1:41456,OPEN,fill=-,flush=-,to=0/3000}{io=0/0,kio=0,kro=0}->HttpConnection@3d192d93[p=HttpParser{s=START,0 of -1},g=HttpGenerator@7854331{s=START}]=>HttpChannelOverHttp@95085e1{s=HttpChannelState@227be16a{s=IDLE rs=BLOCKING os=OPEN is=IDLE awp=false se=false i=true al=0},r=0,c=false/false,a=IDLE,uri=null,age=0}
03:43:08.843 [qtp961160488-20] DEBUG org.eclipse.jetty.io.FillInterest - interested FillInterest@7a88821a{AC.ReadCB@3d192d93{HttpConnection@3d192d93::SocketChannelEndPoint@2142d370{l=/127.0.0.1:44789,r=/127.0.0.1:41456,OPEN,fill=FI,flush=-,to=0/3000}{io=0/0,kio=0,kro=0}->HttpConnection@3d192d93[p=HttpParser{s=START,0 of -1},g=HttpGenerator@7854331{s=START}]=>HttpChannelOverHttp@95085e1{s=HttpChannelState@227be16a{s=IDLE rs=BLOCKING os=OPEN is=IDLE awp=false se=false i=true al=0},r=0,c=false/false,a=IDLE,uri=null,age=0}}}
03:43:08.843 [qtp961160488-20] DEBUG org.eclipse.jetty.io.ChannelEndPoint - changeInterests p=false 0->1 for SocketChannelEndPoint@2142d370{l=/127.0.0.1:44789,r=/127.0.0.1:41456,OPEN,fill=FI,flush=-,to=0/3000}{io=0/1,kio=0,kro=0}->HttpConnection@3d192d93[p=HttpParser{s=START,0 of -1},g=HttpGenerator@7854331{s=START}]=>HttpChannelOverHttp@95085e1{s=HttpChannelState@227be16a{s=IDLE rs=BLOCKING os=OPEN is=IDLE awp=false se=false i=true al=0},r=0,c=false/false,a=IDLE,uri=null,age=0}
03:43:08.843 [qtp961160488-20] DEBUG org.eclipse.jetty.io.ManagedSelector - Queued change lazy=false org.eclipse.jetty.io.ChannelEndPoint$$Lambda$255/90666987@e094d6d on ManagedSelector@316bcf94{STARTED} id=2 keys=1 selected=0 updates=1
03:43:08.843 [qtp961160488-20] DEBUG org.eclipse.jetty.io.ManagedSelector - Wakeup on submit ManagedSelector@316bcf94{STARTED} id=2 keys=1 selected=0 updates=2
03:43:08.843 [qtp961160488-17] DEBUG org.eclipse.jetty.io.ManagedSelector - Selector sun.nio.ch.EPollSelectorImpl@314fddb5 woken with none selected
03:43:08.843 [qtp961160488-17] DEBUG org.eclipse.jetty.io.ManagedSelector - Selector sun.nio.ch.EPollSelectorImpl@314fddb5 woken up from select, 0/0/1 selected
03:43:08.843 [qtp961160488-17] DEBUG org.eclipse.jetty.io.ManagedSelector - Selector sun.nio.ch.EPollSelectorImpl@314fddb5 processing 0 keys, 2 updates
03:43:08.843 [qtp961160488-20] DEBUG org.eclipse.jetty.io.ManagedSelector - Created SocketChannelEndPoint@2142d370{l=/127.0.0.1:44789,r=/127.0.0.1:41456,OPEN,fill=FI,flush=-,to=0/3000}{io=0/1,kio=0,kro=0}->HttpConnection@3d192d93[p=HttpParser{s=START,0 of -1},g=HttpGenerator@7854331{s=START}]=>HttpChannelOverHttp@95085e1{s=HttpChannelState@227be16a{s=IDLE rs=BLOCKING os=OPEN is=IDLE awp=false se=false i=true al=0},r=0,c=false/false,a=IDLE,uri=null,age=0}
03:43:08.843 [qtp961160488-17] DEBUG org.eclipse.jetty.io.ManagedSelector - updateable 2
03:43:08.843 [qtp961160488-17] DEBUG org.eclipse.jetty.io.ManagedSelector - update org.eclipse.jetty.io.ManagedSelector$$Lambda$258/445561681@a77a013
03:43:08.843 [qtp961160488-17] DEBUG org.eclipse.jetty.io.ManagedSelector - update org.eclipse.jetty.io.ChannelEndPoint$$Lambda$255/90666987@e094d6d
03:43:08.843 [qtp961160488-20] DEBUG org.eclipse.jetty.util.thread.QueuedThreadPool - ran Accept@31b69ccf[java.nio.channels.SocketChannel[connected local=/127.0.0.1:44789 remote=/127.0.0.1:41456]] in QueuedThreadPool[qtp961160488]@394a2528{STARTED,8<=8<=200,i=1,r=-1,q=0}[ReservedThreadExecutor@383bfa16{reserved=1/8,pending=0}]
03:43:08.844 [qtp961160488-17] DEBUG org.eclipse.jetty.io.ChannelEndPoint - Key interests updated 0 -> 1 on SocketChannelEndPoint@2142d370{l=/127.0.0.1:44789,r=/127.0.0.1:41456,OPEN,fill=FI,flush=-,to=0/3000}{io=1/1,kio=1,kro=0}->HttpConnection@3d192d93[p=HttpParser{s=START,0 of -1},g=HttpGenerator@7854331{s=START}]=>HttpChannelOverHttp@95085e1{s=HttpChannelState@227be16a{s=IDLE rs=BLOCKING os=OPEN is=IDLE awp=false se=false i=true al=0},r=0,c=false/false,a=IDLE,uri=null,age=0}
03:43:08.844 [qtp961160488-17] DEBUG org.eclipse.jetty.io.ManagedSelector - updates 0
03:43:08.844 [qtp961160488-17] DEBUG org.eclipse.jetty.io.ManagedSelector - Selector sun.nio.ch.EPollSelectorImpl@314fddb5 waiting with 1 keys
03:43:08.844 [qtp961160488-17] DEBUG org.eclipse.jetty.io.ManagedSelector - Selector sun.nio.ch.EPollSelectorImpl@314fddb5 woken up from select, 1/1/1 selected
03:43:08.844 [qtp961160488-17] DEBUG org.eclipse.jetty.io.ManagedSelector - Selector sun.nio.ch.EPollSelectorImpl@314fddb5 processing 1 keys, 0 updates
03:43:08.844 [qtp961160488-17] DEBUG org.eclipse.jetty.io.ManagedSelector - selected 1 sun.nio.ch.SelectionKeyImpl@3f8835ec SocketChannelEndPoint@2142d370{l=/127.0.0.1:44789,r=/127.0.0.1:41456,OPEN,fill=FI,flush=-,to=0/3000}{io=1/1,kio=1,kro=1}->HttpConnection@3d192d93[p=HttpParser{s=START,0 of -1},g=HttpGenerator@7854331{s=START}]=>HttpChannelOverHttp@95085e1{s=HttpChannelState@227be16a{s=IDLE rs=BLOCKING os=OPEN is=IDLE awp=false se=false i=true al=0},r=0,c=false/false,a=IDLE,uri=null,age=0} 
03:43:08.844 [qtp961160488-17] DEBUG org.eclipse.jetty.io.ChannelEndPoint - onSelected 1->0 r=true w=false for SocketChannelEndPoint@2142d370{l=/127.0.0.1:44789,r=/127.0.0.1:41456,OPEN,fill=FI,flush=-,to=1/3000}{io=1/0,kio=1,kro=1}->HttpConnection@3d192d93[p=HttpParser{s=START,0 of -1},g=HttpGenerator@7854331{s=START}]=>HttpChannelOverHttp@95085e1{s=HttpChannelState@227be16a{s=IDLE rs=BLOCKING os=OPEN is=IDLE awp=false se=false i=true al=0},r=0,c=false/false,a=IDLE,uri=null,age=0}
03:43:08.844 [qtp961160488-17] DEBUG org.eclipse.jetty.io.ChannelEndPoint - task CEP:SocketChannelEndPoint@2142d370{l=/127.0.0.1:44789,r=/127.0.0.1:41456,OPEN,fill=FI,flush=-,to=1/3000}{io=1/0,kio=1,kro=1}->HttpConnection@3d192d93[p=HttpParser{s=START,0 of -1},g=HttpGenerator@7854331{s=START}]=>HttpChannelOverHttp@95085e1{s=HttpChannelState@227be16a{s=IDLE rs=BLOCKING os=OPEN is=IDLE awp=false se=false i=true al=0},r=0,c=false/false,a=IDLE,uri=null,age=0}:runFillable:BLOCKING
03:43:08.844 [qtp961160488-17] DEBUG org.eclipse.jetty.util.thread.ReservedThreadExecutor - ReservedThreadExecutor@383bfa16{reserved=1/8,pending=0} tryExecute EatWhatYouKill@ffaa6af/SelectorProducer@53ce1329/PRODUCING/p=false/QueuedThreadPool[qtp961160488]@394a2528{STARTED,8<=8<=200,i=2,r=-1,q=0}[ReservedThreadExecutor@383bfa16{reserved=1/8,pending=0}][pc=0,pic=0,pec=0,epc=0]@2024-05-02T03:43:08.844+01:00
03:43:08.844 [qtp961160488-17] DEBUG org.eclipse.jetty.util.thread.ReservedThreadExecutor - ReservedThreadExecutor@383bfa16{reserved=0/8,pending=1} startReservedThread p=1
03:43:08.844 [qtp961160488-17] DEBUG org.eclipse.jetty.util.thread.QueuedThreadPool - queue ReservedThread@3bb7b6c5{PENDING,thread=null} startThread=0
03:43:08.844 [qtp961160488-22] DEBUG org.eclipse.jetty.util.thread.QueuedThreadPool - run ReservedThread@3bb7b6c5{PENDING,thread=null} in QueuedThreadPool[qtp961160488]@394a2528{STARTED,8<=8<=200,i=1,r=-1,q=0}[ReservedThreadExecutor@383bfa16{reserved=0/8,pending=1}]
03:43:08.845 [qtp961160488-22] DEBUG org.eclipse.jetty.util.thread.ReservedThreadExecutor - ReservedThread@3bb7b6c5{PENDING,thread=Thread[qtp961160488-22,5,main]} was=PENDING next=RESERVED size=0+1 capacity=8
03:43:08.845 [qtp961160488-22] DEBUG org.eclipse.jetty.util.thread.ReservedThreadExecutor - ReservedThread@3bb7b6c5{RESERVED,thread=Thread[qtp961160488-22,5,main]} waiting ReservedThreadExecutor@383bfa16{reserved=1/8,pending=0}
03:43:08.845 [qtp961160488-17] DEBUG org.eclipse.jetty.util.thread.strategy.EatWhatYouKill - EatWhatYouKill@ffaa6af/SelectorProducer@53ce1329/IDLE/p=true/QueuedThreadPool[qtp961160488]@394a2528{STARTED,8<=8<=200,i=1,r=-1,q=0}[ReservedThreadExecutor@383bfa16{reserved=0/8,pending=1}][pc=0,pic=0,pec=0,epc=0]@2024-05-02T03:43:08.844+01:00 m=EXECUTE_PRODUCE_CONSUME t=CEP:SocketChannelEndPoint@2142d370{l=/127.0.0.1:44789,r=/127.0.0.1:41456,OPEN,fill=FI,flush=-,to=1/3000}{io=1/0,kio=1,kro=1}->HttpConnection@3d192d93[p=HttpParser{s=START,0 of -1},g=HttpGenerator@7854331{s=START}]=>HttpChannelOverHttp@95085e1{s=HttpChannelState@227be16a{s=IDLE rs=BLOCKING os=OPEN is=IDLE awp=false se=false i=true al=0},r=0,c=false/false,a=IDLE,uri=null,age=0}:runFillable:BLOCKING/BLOCKING
03:43:08.845 [qtp961160488-21] DEBUG org.eclipse.jetty.util.thread.ReservedThreadExecutor - ReservedThread@3685288b{RESERVED,thread=Thread[qtp961160488-21,5,main]} task=EatWhatYouKill@ffaa6af/SelectorProducer@53ce1329/IDLE/p=true/QueuedThreadPool[qtp961160488]@394a2528{STARTED,8<=8<=200,i=1,r=-1,q=0}[ReservedThreadExecutor@383bfa16{reserved=1/8,pending=0}][pc=0,pic=0,pec=0,epc=0]@2024-05-02T03:43:08.845+01:00 ReservedThreadExecutor@383bfa16{reserved=1/8,pending=0}
03:43:08.845 [qtp961160488-17] DEBUG org.eclipse.jetty.io.FillInterest - fillable FillInterest@7a88821a{AC.ReadCB@3d192d93{HttpConnection@3d192d93::SocketChannelEndPoint@2142d370{l=/127.0.0.1:44789,r=/127.0.0.1:41456,OPEN,fill=FI,flush=-,to=1/3000}{io=1/0,kio=1,kro=1}->HttpConnection@3d192d93[p=HttpParser{s=START,0 of -1},g=HttpGenerator@7854331{s=START}]=>HttpChannelOverHttp@95085e1{s=HttpChannelState@227be16a{s=IDLE rs=BLOCKING os=OPEN is=IDLE awp=false se=false i=true al=0},r=0,c=false/false,a=IDLE,uri=null,age=0}}}
03:43:08.845 [qtp961160488-17] DEBUG org.eclipse.jetty.server.HttpConnection - HttpConnection@3d192d93::SocketChannelEndPoint@2142d370{l=/127.0.0.1:44789,r=/127.0.0.1:41456,OPEN,fill=-,flush=-,to=2/3000}{io=1/0,kio=1,kro=1}->HttpConnection@3d192d93[p=HttpParser{s=START,0 of -1},g=HttpGenerator@7854331{s=START}]=>HttpChannelOverHttp@95085e1{s=HttpChannelState@227be16a{s=IDLE rs=BLOCKING os=OPEN is=IDLE awp=false se=false i=true al=0},r=0,c=false/false,a=IDLE,uri=null,age=0} onFillable enter HttpChannelState@227be16a{s=IDLE rs=BLOCKING os=OPEN is=IDLE awp=false se=false i=true al=0} null
03:43:08.845 [qtp961160488-21] DEBUG org.eclipse.jetty.util.thread.strategy.EatWhatYouKill - EatWhatYouKill@ffaa6af/SelectorProducer@53ce1329/IDLE/p=true/QueuedThreadPool[qtp961160488]@394a2528{STARTED,8<=8<=200,i=1,r=-1,q=0}[ReservedThreadExecutor@383bfa16{reserved=1/8,pending=0}][pc=0,pic=0,pec=0,epc=1]@2024-05-02T03:43:08.845+01:00 tryProduce true
03:43:08.845 [qtp961160488-21] DEBUG org.eclipse.jetty.io.ManagedSelector - updateable 0
03:43:08.845 [qtp961160488-21] DEBUG org.eclipse.jetty.io.ManagedSelector - updates 0
03:43:08.845 [qtp961160488-17] DEBUG org.eclipse.jetty.io.ChannelEndPoint - filled 132 HeapByteBuffer@70640e51[p=0,l=132,c=8192,r=132]={<<<GET / HTTP/1.1\r\nIf-None-M...gent: okhttp/3.12.3\r\n\r\n>>>ver: Jett...\x00\x00\x00\x00\x00\x00\x00}
03:43:08.845 [qtp961160488-17] DEBUG org.eclipse.jetty.server.HttpConnection - HttpConnection@3d192d93::SocketChannelEndPoint@2142d370{l=/127.0.0.1:44789,r=/127.0.0.1:41456,OPEN,fill=-,flush=-,to=0/3000}{io=0/0,kio=0,kro=1}->HttpConnection@3d192d93[p=HttpParser{s=START,0 of -1},g=HttpGenerator@7854331{s=START}]=>HttpChannelOverHttp@95085e1{s=HttpChannelState@227be16a{s=IDLE rs=BLOCKING os=OPEN is=IDLE awp=false se=false i=true al=0},r=0,c=false/false,a=IDLE,uri=null,age=0} filled 132 HeapByteBuffer@70640e51[p=0,l=132,c=8192,r=132]={<<<GET / HTTP/1.1\r\nIf-None-M...gent: okhttp/3.12.3\r\n\r\n>>>ver: Jett...\x00\x00\x00\x00\x00\x00\x00}
03:43:08.845 [qtp961160488-21] DEBUG org.eclipse.jetty.io.ChannelEndPoint - Key interests updated 1 -> 0 on SocketChannelEndPoint@2142d370{l=/127.0.0.1:44789,r=/127.0.0.1:41456,OPEN,fill=-,flush=-,to=0/3000}{io=0/0,kio=0,kro=1}->HttpConnection@3d192d93[p=HttpParser{s=START,0 of -1},g=HttpGenerator@7854331{s=START}]=>HttpChannelOverHttp@95085e1{s=HttpChannelState@227be16a{s=IDLE rs=BLOCKING os=OPEN is=IDLE awp=false se=false i=true al=0},r=0,c=false/false,a=IDLE,uri=null,age=0}
03:43:08.845 [qtp961160488-21] DEBUG org.eclipse.jetty.io.ManagedSelector - Selector sun.nio.ch.EPollSelectorImpl@314fddb5 waiting with 1 keys
03:43:08.845 [qtp961160488-17] DEBUG org.eclipse.jetty.server.HttpConnection - HttpConnection@3d192d93::SocketChannelEndPoint@2142d370{l=/127.0.0.1:44789,r=/127.0.0.1:41456,OPEN,fill=-,flush=-,to=0/3000}{io=0/0,kio=0,kro=1}->HttpConnection@3d192d93[p=HttpParser{s=START,0 of -1},g=HttpGenerator@7854331{s=START}]=>HttpChannelOverHttp@95085e1{s=HttpChannelState@227be16a{s=IDLE rs=BLOCKING os=OPEN is=IDLE awp=false se=false i=true al=0},r=0,c=false/false,a=IDLE,uri=null,age=0} parse HeapByteBuffer@70640e51[p=0,l=132,c=8192,r=132]={<<<GET / HTTP/1.1\r\nIf-None-M...gent: okhttp/3.12.3\r\n\r\n>>>ver: Jett...\x00\x00\x00\x00\x00\x00\x00} {}
03:43:08.845 [qtp961160488-17] DEBUG org.eclipse.jetty.http.HttpParser - parseNext s=START HeapByteBuffer@70640e51[p=0,l=132,c=8192,r=132]={<<<GET / HTTP/1.1\r\nIf-None-M...gent: okhttp/3.12.3\r\n\r\n>>>ver: Jett...\x00\x00\x00\x00\x00\x00\x00}
03:43:08.846 [qtp961160488-17] DEBUG org.eclipse.jetty.http.HttpParser - START --> SPACE1
03:43:08.846 [qtp961160488-17] DEBUG org.eclipse.jetty.http.HttpParser - SPACE1 --> URI
03:43:08.846 [qtp961160488-17] DEBUG org.eclipse.jetty.http.HttpParser - URI --> SPACE2
03:43:08.846 [qtp961160488-17] DEBUG org.eclipse.jetty.http.HttpParser - SPACE2 --> REQUEST_VERSION
03:43:08.846 [qtp961160488-17] DEBUG org.eclipse.jetty.http.HttpParser - REQUEST_VERSION --> HEADER
03:43:08.846 [qtp961160488-17] DEBUG org.eclipse.jetty.http.HttpParser - HEADER:If-None-Match --> VALUE
03:43:08.846 [qtp961160488-17] DEBUG org.eclipse.jetty.http.HttpParser - HEADER:If-None-Match --> FIELD
03:43:08.846 [qtp961160488-17] DEBUG org.eclipse.jetty.http.HttpParser - HEADER:Host --> VALUE
03:43:08.846 [qtp961160488-17] DEBUG org.eclipse.jetty.http.HttpParser - HEADER:Host --> IN_VALUE
03:43:08.846 [qtp961160488-17] DEBUG org.eclipse.jetty.http.HttpParser - HEADER:Host --> FIELD
03:43:08.846 [qtp961160488-17] DEBUG org.eclipse.jetty.http.HttpParser - HEADER:Connection: keep-alive --> IN_VALUE
03:43:08.846 [qtp961160488-17] DEBUG org.eclipse.jetty.http.HttpParser - HEADER:Connection: keep-alive --> FIELD
03:43:08.846 [qtp961160488-17] DEBUG org.eclipse.jetty.http.HttpParser - HEADER:Accept-Encoding: gzip --> IN_VALUE
03:43:08.846 [qtp961160488-17] DEBUG org.eclipse.jetty.http.HttpParser - HEADER:Accept-Encoding: gzip --> FIELD
03:43:08.846 [qtp961160488-17] DEBUG org.eclipse.jetty.http.HttpParser - HEADER:User-Agent --> VALUE
03:43:08.846 [qtp961160488-17] DEBUG org.eclipse.jetty.http.HttpParser - HEADER:User-Agent --> IN_VALUE
03:43:08.846 [qtp961160488-17] DEBUG org.eclipse.jetty.http.HttpParser - HEADER:User-Agent --> FIELD
03:43:08.846 [qtp961160488-17] DEBUG org.eclipse.jetty.http.HttpParser - HEADER --> CONTENT
03:43:08.846 [qtp961160488-17] DEBUG org.eclipse.jetty.server.HttpChannel - REQUEST for //localhost:44789/ on HttpChannelOverHttp@95085e1{s=HttpChannelState@227be16a{s=IDLE rs=BLOCKING os=OPEN is=IDLE awp=false se=false i=true al=0},r=1,c=false/false,a=IDLE,uri=//localhost:44789/,age=0}
GET //localhost:44789/ HTTP/1.1
If-None-Match: 
Host: localhost:44789
Connection: keep-alive
Accept-Encoding: gzip
User-Agent: okhttp/3.12.3


03:43:08.846 [qtp961160488-17] DEBUG org.eclipse.jetty.server.HttpConnection - HttpConnection@3d192d93::SocketChannelEndPoint@2142d370{l=/127.0.0.1:44789,r=/127.0.0.1:41456,OPEN,fill=-,flush=-,to=1/3000}{io=0/0,kio=0,kro=1}->HttpConnection@3d192d93[p=HttpParser{s=CONTENT,0 of -1},g=HttpGenerator@7854331{s=START}]=>HttpChannelOverHttp@95085e1{s=HttpChannelState@227be16a{s=IDLE rs=BLOCKING os=OPEN is=IDLE awp=false se=false i=true al=0},r=1,c=false/false,a=IDLE,uri=//localhost:44789/,age=0} parsed true HttpParser{s=CONTENT,0 of -1}
03:43:08.846 [qtp961160488-17] DEBUG org.eclipse.jetty.server.HttpConnection - releaseRequestBuffer HttpConnection@3d192d93::SocketChannelEndPoint@2142d370{l=/127.0.0.1:44789,r=/127.0.0.1:41456,OPEN,fill=-,flush=-,to=1/3000}{io=0/0,kio=0,kro=1}->HttpConnection@3d192d93[p=HttpParser{s=CONTENT,0 of -1},g=HttpGenerator@7854331{s=START}]=>HttpChannelOverHttp@95085e1{s=HttpChannelState@227be16a{s=IDLE rs=BLOCKING os=OPEN is=IDLE awp=false se=false i=true al=0},r=1,c=false/false,a=IDLE,uri=//localhost:44789/,age=0}
03:43:08.846 [qtp961160488-17] DEBUG org.eclipse.jetty.server.HttpChannel - handle //localhost:44789/ HttpChannelOverHttp@95085e1{s=HttpChannelState@227be16a{s=IDLE rs=BLOCKING os=OPEN is=IDLE awp=false se=false i=true al=0},r=1,c=false/false,a=IDLE,uri=//localhost:44789/,age=0} 
03:43:08.846 [qtp961160488-17] DEBUG org.eclipse.jetty.server.HttpChannelState - handling HttpChannelState@227be16a{s=IDLE rs=BLOCKING os=OPEN is=IDLE awp=false se=false i=true al=0}
03:43:08.847 [qtp961160488-17] DEBUG org.eclipse.jetty.server.HttpChannel - action DISPATCH HttpChannelOverHttp@95085e1{s=HttpChannelState@227be16a{s=HANDLING rs=BLOCKING os=OPEN is=IDLE awp=false se=false i=true al=0},r=1,c=false/false,a=HANDLING,uri=//localhost:44789/,age=0}
03:43:08.847 [qtp961160488-17] DEBUG org.eclipse.jetty.server.Server - REQUEST GET / on HttpChannelOverHttp@95085e1{s=HttpChannelState@227be16a{s=HANDLING rs=BLOCKING os=OPEN is=IDLE awp=false se=false i=true al=0},r=1,c=false/false,a=HANDLING,uri=//localhost:44789/,age=1}
03:43:08.847 [qtp961160488-17] DEBUG org.eclipse.jetty.server.HttpOutput - write(array HeapByteBuffer@7eb53fd7[p=0,l=4,c=512,r=4]={<<<test>>>\x00\x00\x00\x00\x00\x00\x00\x00\x00...\x00\x00\x00\x00\x00\x00\x00})
03:43:08.847 [qtp961160488-17] DEBUG org.eclipse.jetty.server.HttpOutput - write(array) s=CLOSING,api=BLOCKED,sc=false,e=null last=true agg=false flush=true async=false, len=4 null
03:43:08.847 [qtp961160488-17] DEBUG org.eclipse.jetty.server.HttpChannel - sendResponse info=null content=HeapByteBuffer@31d8e7c1[p=0,l=4,c=512,r=4]={<<<test>>>\x00\x00\x00\x00\x00\x00\x00\x00\x00...\x00\x00\x00\x00\x00\x00\x00} complete=true committing=true callback=Blocker@4f818343{null}
03:43:08.847 [qtp961160488-17] DEBUG org.eclipse.jetty.server.HttpChannel - COMMIT for / on HttpChannelOverHttp@95085e1{s=HttpChannelState@227be16a{s=HANDLING rs=BLOCKING os=COMMITTED is=IDLE awp=false se=false i=true al=0},r=1,c=false/false,a=HANDLING,uri=//localhost:44789/,age=1}
200 null HTTP/1.1
Date: Thu, 02 May 2024 02:43:08 GMT
ETag: testEtag
Content-Type: text/plain;charset=utf-8
Content-Length: 4


03:43:08.847 [qtp961160488-17] DEBUG org.eclipse.jetty.server.HttpConnection - generate: NEED_HEADER for SendCallback@490605e8[PROCESSING][i=HTTP/1.1{s=200,h=4,cl=4},cb=org.eclipse.jetty.server.HttpChannel$SendCallback@1e9ac098] (null,[p=0,l=4,c=512,r=4],true)@START
03:43:08.847 [qtp961160488-17] DEBUG org.eclipse.jetty.http.HttpGenerator - generateHeaders HTTP/1.1{s=200,h=4,cl=4} last=true content=HeapByteBuffer@31d8e7c1[p=0,l=4,c=512,r=4]={<<<test>>>\x00\x00\x00\x00\x00\x00\x00\x00\x00...\x00\x00\x00\x00\x00\x00\x00}
03:43:08.847 [qtp961160488-17] DEBUG org.eclipse.jetty.http.HttpGenerator - Date: Thu, 02 May 2024 02:43:08 GMT
ETag: testEtag
Content-Type: text/plain;charset=utf-8
Content-Length: 4


03:43:08.847 [qtp961160488-17] DEBUG org.eclipse.jetty.http.HttpGenerator - CONTENT_LENGTH
03:43:08.847 [qtp961160488-17] DEBUG org.eclipse.jetty.server.HttpConnection - generate: FLUSH for SendCallback@490605e8[PROCESSING][i=HTTP/1.1{s=200,h=4,cl=4},cb=org.eclipse.jetty.server.HttpChannel$SendCallback@1e9ac098] ([p=0,l=164,c=8192,r=164],[p=0,l=4,c=512,r=4],true)@COMPLETING
03:43:08.847 [qtp961160488-17] DEBUG org.eclipse.jetty.io.WriteFlusher - write: WriteFlusher@680ada65{IDLE}->null [HeapByteBuffer@70640e51[p=0,l=164,c=8192,r=164]={<<<HTTP/1.1 200 OK\r\nDate: Th...y(9.4.44.v20210927)\r\n\r\n>>>\x00\x00\x00\x00\x00\x00\x00\x00\x00...\x00\x00\x00\x00\x00\x00\x00},HeapByteBuffer@31d8e7c1[p=0,l=4,c=512,r=4]={<<<test>>>\x00\x00\x00\x00\x00\x00\x00\x00\x00...\x00\x00\x00\x00\x00\x00\x00}]
03:43:08.847 [qtp961160488-17] DEBUG org.eclipse.jetty.io.WriteFlusher - update WriteFlusher@680ada65{WRITING}->null:IDLE-->WRITING
03:43:08.847 [qtp961160488-17] DEBUG org.eclipse.jetty.io.ChannelEndPoint - flushed 168 SocketChannelEndPoint@2142d370{l=/127.0.0.1:44789,r=/127.0.0.1:41456,OPEN,fill=-,flush=W,to=2/3000}{io=0/0,kio=0,kro=1}->HttpConnection@3d192d93[p=HttpParser{s=CONTENT,0 of -1},g=HttpGenerator@7854331{s=COMPLETING}]=>HttpChannelOverHttp@95085e1{s=HttpChannelState@227be16a{s=HANDLING rs=BLOCKING os=COMMITTED is=IDLE awp=false se=false i=true al=0},r=1,c=false/false,a=HANDLING,uri=//localhost:44789/,age=1}
03:43:08.847 [qtp961160488-17] DEBUG org.eclipse.jetty.io.WriteFlusher - Flushed=true written=168 remaining=0 WriteFlusher@680ada65{WRITING}->null
03:43:08.847 [main] DEBUG org.apache.nifi.minifi.bootstrap.configuration.ingestors.PullHttpChangeIngestor - Response received: Response{protocol=http/1.1, code=200, message=OK, url=http://localhost:44789/}
03:43:08.848 [qtp961160488-17] DEBUG org.eclipse.jetty.io.WriteFlusher - update WriteFlusher@680ada65{IDLE}->null:WRITING-->IDLE
03:43:08.848 [qtp961160488-17] DEBUG org.eclipse.jetty.server.HttpConnection - generate: DONE for SendCallback@490605e8[PROCESSING][i=HTTP/1.1{s=200,h=4,cl=4},cb=org.eclipse.jetty.server.HttpChannel$SendCallback@1e9ac098] ([p=164,l=164,c=8192,r=0],[p=4,l=4,c=512,r=0],true)@END
03:43:08.848 [main] DEBUG org.apache.nifi.minifi.bootstrap.configuration.ingestors.PullHttpChangeIngestor - New change received, notifying listener
03:43:08.848 [qtp961160488-17] DEBUG org.eclipse.jetty.server.HttpOutput - onWriteComplete(true,null) s=CLOSING,api=BLOCKED,sc=false,e=null->s=CLOSED,api=BLOCKING,sc=false,e=null c=null cb=null w=false
03:43:08.848 [qtp961160488-17] DEBUG org.eclipse.jetty.server.HttpOutput - close() s=CLOSED,api=BLOCKING,sc=false,e=null c=null b=null
03:43:08.848 [main] DEBUG org.apache.nifi.minifi.bootstrap.configuration.ingestors.PullHttpChangeIngestor - Listeners notified
03:43:08.848 [qtp961160488-17] DEBUG org.eclipse.jetty.server.Server - handled=true async=false committed=true on HttpChannelOverHttp@95085e1{s=HttpChannelState@227be16a{s=HANDLING rs=BLOCKING os=COMPLETED is=IDLE awp=false se=false i=true al=0},r=1,c=false/true,a=HANDLING,uri=//localhost:44789/,age=2}
03:43:08.848 [qtp961160488-17] DEBUG org.eclipse.jetty.server.HttpChannelState - unhandle HttpChannelState@227be16a{s=HANDLING rs=BLOCKING os=COMPLETED is=IDLE awp=false se=false i=true al=0}
03:43:08.848 [qtp961160488-17] DEBUG org.eclipse.jetty.server.HttpChannelState - nextAction(false) COMPLETE HttpChannelState@227be16a{s=HANDLING rs=COMPLETING os=COMPLETED is=IDLE awp=false se=false i=false al=0}
03:43:08.848 [qtp961160488-17] DEBUG org.eclipse.jetty.server.HttpChannel - action COMPLETE HttpChannelOverHttp@95085e1{s=HttpChannelState@227be16a{s=HANDLING rs=COMPLETING os=COMPLETED is=IDLE awp=false se=false i=false al=0},r=1,c=false/true,a=HANDLING,uri=//localhost:44789/,age=2}
03:43:08.848 [qtp961160488-17] DEBUG org.eclipse.jetty.server.HttpOutput - complete(org.eclipse.jetty.util.Callback$3@2b52c7bc) s=CLOSED,api=BLOCKING,sc=false,e=null s=true e=null, c=null
03:43:08.848 [main] DEBUG org.apache.nifi.minifi.bootstrap.configuration.ingestors.PullHttpChangeIngestor - Attempting to pull new config
03:43:08.848 [qtp961160488-17] DEBUG org.eclipse.jetty.server.HttpChannelState - completed HttpChannelState@227be16a{s=HANDLING rs=COMPLETING os=COMPLETED is=IDLE awp=false se=false i=false al=0}
03:43:08.848 [qtp961160488-17] DEBUG org.eclipse.jetty.server.HttpChannelState - unhandle HttpChannelState@227be16a{s=HANDLING rs=COMPLETED os=COMPLETED is=IDLE awp=false se=false i=false al=0}
03:43:08.848 [qtp961160488-17] DEBUG org.eclipse.jetty.server.HttpChannelState - nextAction(false) TERMINATED HttpChannelState@227be16a{s=IDLE rs=COMPLETED os=COMPLETED is=IDLE awp=false se=false i=false al=0}
03:43:08.848 [qtp961160488-17] DEBUG org.eclipse.jetty.server.HttpChannel - action TERMINATED HttpChannelOverHttp@95085e1{s=HttpChannelState@227be16a{s=IDLE rs=COMPLETED os=COMPLETED is=IDLE awp=false se=false i=false al=0},r=1,c=true/true,a=IDLE,uri=//localhost:44789/,age=2}
03:43:08.848 [qtp961160488-17] DEBUG org.eclipse.jetty.server.HttpChannel - onCompleted for / written=4
03:43:08.848 [qtp961160488-17] DEBUG org.eclipse.jetty.io.ChannelEndPoint - filled 0 HeapByteBuffer@70640e51[p=0,l=0,c=8192,r=0]={<<<>>>HTTP/1.1 ...\x00\x00\x00\x00\x00\x00\x00}
03:43:08.848 [qtp961160488-17] DEBUG org.eclipse.jetty.io.ChannelEndPoint - filled 0 HeapByteBuffer@70640e51[p=0,l=0,c=8192,r=0]={<<<>>>HTTP/1.1 ...\x00\x00\x00\x00\x00\x00\x00}
03:43:08.849 [qtp961160488-17] DEBUG org.eclipse.jetty.server.HttpConnection - HttpConnection@3d192d93::SocketChannelEndPoint@2142d370{l=/127.0.0.1:44789,r=/127.0.0.1:41456,OPEN,fill=-,flush=-,to=0/3000}{io=0/0,kio=0,kro=1}->HttpConnection@3d192d93[p=HttpParser{s=CONTENT,0 of -1},g=HttpGenerator@7854331{s=END}]=>HttpChannelOverHttp@95085e1{s=HttpChannelState@227be16a{s=IDLE rs=COMPLETED os=COMPLETED is=IDLE awp=false se=false i=false al=0},r=1,c=true/true,a=IDLE,uri=//localhost:44789/,age=3} filled 0 HeapByteBuffer@70640e51[p=0,l=0,c=8192,r=0]={<<<>>>HTTP/1.1 ...\x00\x00\x00\x00\x00\x00\x00}
03:43:08.849 [qtp961160488-17] DEBUG org.eclipse.jetty.server.HttpConnection - HttpConnection@3d192d93::SocketChannelEndPoint@2142d370{l=/127.0.0.1:44789,r=/127.0.0.1:41456,OPEN,fill=-,flush=-,to=1/3000}{io=0/0,kio=0,kro=1}->HttpConnection@3d192d93[p=HttpParser{s=CONTENT,0 of -1},g=HttpGenerator@7854331{s=END}]=>HttpChannelOverHttp@95085e1{s=HttpChannelState@227be16a{s=IDLE rs=COMPLETED os=COMPLETED is=IDLE awp=false se=false i=false al=0},r=1,c=true/true,a=IDLE,uri=//localhost:44789/,age=3} parse HeapByteBuffer@70640e51[p=0,l=0,c=8192,r=0]={<<<>>>HTTP/1.1 ...\x00\x00\x00\x00\x00\x00\x00} {}
03:43:08.849 [qtp961160488-17] DEBUG org.eclipse.jetty.http.HttpParser - parseNext s=CONTENT HeapByteBuffer@70640e51[p=0,l=0,c=8192,r=0]={<<<>>>HTTP/1.1 ...\x00\x00\x00\x00\x00\x00\x00}
03:43:08.849 [qtp961160488-17] DEBUG org.eclipse.jetty.http.HttpParser - CONTENT --> CONTENT_END
03:43:08.849 [qtp961160488-17] DEBUG org.eclipse.jetty.server.HttpChannel - onContentComplete HttpChannelOverHttp@95085e1{s=HttpChannelState@227be16a{s=IDLE rs=COMPLETED os=COMPLETED is=IDLE awp=false se=false i=false al=0},r=1,c=true/true,a=IDLE,uri=//localhost:44789/,age=3}
03:43:08.849 [qtp961160488-17] DEBUG org.eclipse.jetty.http.HttpParser - CONTENT_END --> END
03:43:08.849 [qtp961160488-17] DEBUG org.eclipse.jetty.server.HttpChannel - onRequestComplete HttpChannelOverHttp@95085e1{s=HttpChannelState@227be16a{s=IDLE rs=COMPLETED os=COMPLETED is=IDLE awp=false se=false i=false al=0},r=1,c=true/true,a=IDLE,uri=//localhost:44789/,age=3}
03:43:08.849 [qtp961160488-17] DEBUG org.eclipse.jetty.server.HttpInput - HttpInputOverHTTP@5202ae7b[c=0,q=0,[0]=null,s=STREAM] addContent EOF
03:43:08.849 [qtp961160488-17] DEBUG org.eclipse.jetty.server.HttpConnection - HttpConnection@3d192d93::SocketChannelEndPoint@2142d370{l=/127.0.0.1:44789,r=/127.0.0.1:41456,OPEN,fill=-,flush=-,to=1/3000}{io=0/0,kio=0,kro=1}->HttpConnection@3d192d93[p=HttpParser{s=END,0 of -1},g=HttpGenerator@7854331{s=END}]=>HttpChannelOverHttp@95085e1{s=HttpChannelState@227be16a{s=IDLE rs=COMPLETED os=COMPLETED is=IDLE awp=false se=false i=false al=0},r=1,c=true/true,a=IDLE,uri=//localhost:44789/,age=3} parsed false HttpParser{s=END,0 of -1}
03:43:08.850 [qtp961160488-17] DEBUG org.eclipse.jetty.server.HttpConnection - releaseRequestBuffer HttpConnection@3d192d93::SocketChannelEndPoint@2142d370{l=/127.0.0.1:44789,r=/127.0.0.1:41456,OPEN,fill=-,flush=-,to=2/3000}{io=0/0,kio=0,kro=1}->HttpConnection@3d192d93[p=HttpParser{s=END,0 of -1},g=HttpGenerator@7854331{s=END}]=>HttpChannelOverHttp@95085e1{s=HttpChannelState@227be16a{s=IDLE rs=COMPLETED os=COMPLETED is=IDLE awp=false se=false i=false al=0},r=1,c=true/true,a=IDLE,uri=//localhost:44789/,age=4}
03:43:08.850 [qtp961160488-17] DEBUG org.eclipse.jetty.server.HttpChannelState - recycle HttpChannelState@227be16a{s=IDLE rs=COMPLETED os=COMPLETED is=IDLE awp=false se=false i=false al=0}
03:43:08.850 [qtp961160488-17] DEBUG org.eclipse.jetty.http.HttpParser - reset HttpParser{s=END,0 of -1}
03:43:08.850 [qtp961160488-17] DEBUG org.eclipse.jetty.http.HttpParser - END --> START
03:43:08.850 [qtp961160488-17] DEBUG org.eclipse.jetty.server.HttpChannel - !handle TERMINATED HttpChannelOverHttp@95085e1{s=HttpChannelState@227be16a{s=IDLE rs=BLOCKING os=OPEN is=IDLE awp=false se=false i=true al=0},r=1,c=false/false,a=IDLE,uri=null,age=0}
03:43:08.850 [qtp961160488-17] DEBUG org.eclipse.jetty.io.ChannelEndPoint - filled 142 HeapByteBuffer@70640e51[p=0,l=142,c=8192,r=142]={<<<GET / HTTP/1.1\r\nIf-None-M...gent: okhttp/3.12.3\r\n\r\n>>>(9.4.44.v...\x00\x00\x00\x00\x00\x00\x00}
03:43:08.850 [qtp961160488-17] DEBUG org.eclipse.jetty.server.HttpConnection - HttpConnection@3d192d93::SocketChannelEndPoint@2142d370{l=/127.0.0.1:44789,r=/127.0.0.1:41456,OPEN,fill=-,flush=-,to=0/3000}{io=0/0,kio=0,kro=1}->HttpConnection@3d192d93[p=HttpParser{s=START,0 of -1},g=HttpGenerator@7854331{s=START}]=>HttpChannelOverHttp@95085e1{s=HttpChannelState@227be16a{s=IDLE rs=BLOCKING os=OPEN is=IDLE awp=false se=false i=true al=0},r=1,c=false/false,a=IDLE,uri=null,age=0} filled 142 HeapByteBuffer@70640e51[p=0,l=142,c=8192,r=142]={<<<GET / HTTP/1.1\r\nIf-None-M...gent: okhttp/3.12.3\r\n\r\n>>>(9.4.44.v...\x00\x00\x00\x00\x00\x00\x00}
03:43:08.850 [qtp961160488-17] DEBUG org.eclipse.jetty.server.HttpConnection - HttpConnection@3d192d93::SocketChannelEndPoint@2142d370{l=/127.0.0.1:44789,r=/127.0.0.1:41456,OPEN,fill=-,flush=-,to=0/3000}{io=0/0,kio=0,kro=1}->HttpConnection@3d192d93[p=HttpParser{s=START,0 of -1},g=HttpGenerator@7854331{s=START}]=>HttpChannelOverHttp@95085e1{s=HttpChannelState@227be16a{s=IDLE rs=BLOCKING os=OPEN is=IDLE awp=false se=false i=true al=0},r=1,c=false/false,a=IDLE,uri=null,age=0} parse HeapByteBuffer@70640e51[p=0,l=142,c=8192,r=142]={<<<GET / HTTP/1.1\r\nIf-None-M...gent: okhttp/3.12.3\r\n\r\n>>>(9.4.44.v...\x00\x00\x00\x00\x00\x00\x00} {}
03:43:08.850 [qtp961160488-17] DEBUG org.eclipse.jetty.http.HttpParser - parseNext s=START HeapByteBuffer@70640e51[p=0,l=142,c=8192,r=142]={<<<GET / HTTP/1.1\r\nIf-None-M...gent: okhttp/3.12.3\r\n\r\n>>>(9.4.44.v...\x00\x00\x00\x00\x00\x00\x00}
03:43:08.850 [qtp961160488-17] DEBUG org.eclipse.jetty.http.HttpParser - START --> SPACE1
03:43:08.850 [qtp961160488-17] DEBUG org.eclipse.jetty.http.HttpParser - SPACE1 --> URI
03:43:08.850 [qtp961160488-17] DEBUG org.eclipse.jetty.http.HttpParser - URI --> SPACE2
03:43:08.850 [qtp961160488-17] DEBUG org.eclipse.jetty.http.HttpParser - SPACE2 --> REQUEST_VERSION
03:43:08.850 [qtp961160488-17] DEBUG org.eclipse.jetty.http.HttpParser - REQUEST_VERSION --> HEADER
03:43:08.850 [qtp961160488-17] DEBUG org.eclipse.jetty.http.HttpParser - HEADER:If-None-Match --> VALUE
03:43:08.850 [qtp961160488-17] DEBUG org.eclipse.jetty.http.HttpParser - HEADER:If-None-Match --> IN_VALUE
03:43:08.850 [qtp961160488-17] DEBUG org.eclipse.jetty.http.HttpParser - HEADER:If-None-Match --> FIELD
03:43:08.850 [qtp961160488-17] DEBUG org.eclipse.jetty.http.HttpParser - HEADER:Host: localhost:44789 --> IN_VALUE
03:43:08.850 [qtp961160488-17] DEBUG org.eclipse.jetty.http.HttpParser - HEADER:Host: localhost:44789 --> FIELD
03:43:08.850 [qtp961160488-17] DEBUG org.eclipse.jetty.http.HttpParser - HEADER:Connection: keep-alive --> IN_VALUE
03:43:08.850 [qtp961160488-17] DEBUG org.eclipse.jetty.http.HttpParser - HEADER:Connection: keep-alive --> FIELD
03:43:08.850 [qtp961160488-17] DEBUG org.eclipse.jetty.http.HttpParser - HEADER:Accept-Encoding: gzip --> IN_VALUE
03:43:08.850 [qtp961160488-17] DEBUG org.eclipse.jetty.http.HttpParser - HEADER:Accept-Encoding: gzip --> FIELD
03:43:08.850 [qtp961160488-17] DEBUG org.eclipse.jetty.http.HttpParser - HEADER:User-Agent: okhttp/3.12.3 --> IN_VALUE
03:43:08.851 [qtp961160488-17] DEBUG org.eclipse.jetty.http.HttpParser - HEADER:User-Agent: okhttp/3.12.3 --> FIELD
03:43:08.851 [qtp961160488-17] DEBUG org.eclipse.jetty.http.HttpParser - HEADER --> CONTENT
03:43:08.851 [qtp961160488-17] DEBUG org.eclipse.jetty.server.HttpChannel - REQUEST for //localhost:44789/ on HttpChannelOverHttp@95085e1{s=HttpChannelState@227be16a{s=IDLE rs=BLOCKING os=OPEN is=IDLE awp=false se=false i=true al=0},r=2,c=false/false,a=IDLE,uri=//localhost:44789/,age=0}
GET //localhost:44789/ HTTP/1.1
If-None-Match: "testEtag"
Host: localhost:44789
Connection: keep-alive
Accept-Encoding: gzip
User-Agent: okhttp/3.12.3


03:43:08.851 [qtp961160488-17] DEBUG org.eclipse.jetty.server.HttpConnection - HttpConnection@3d192d93::SocketChannelEndPoint@2142d370{l=/127.0.0.1:44789,r=/127.0.0.1:41456,OPEN,fill=-,flush=-,to=0/3000}{io=0/0,kio=0,kro=1}->HttpConnection@3d192d93[p=HttpParser{s=CONTENT,0 of -1},g=HttpGenerator@7854331{s=START}]=>HttpChannelOverHttp@95085e1{s=HttpChannelState@227be16a{s=IDLE rs=BLOCKING os=OPEN is=IDLE awp=false se=false i=true al=0},r=2,c=false/false,a=IDLE,uri=//localhost:44789/,age=0} parsed true HttpParser{s=CONTENT,0 of -1}
03:43:08.851 [qtp961160488-17] DEBUG org.eclipse.jetty.server.HttpConnection - releaseRequestBuffer HttpConnection@3d192d93::SocketChannelEndPoint@2142d370{l=/127.0.0.1:44789,r=/127.0.0.1:41456,OPEN,fill=-,flush=-,to=0/3000}{io=0/0,kio=0,kro=1}->HttpConnection@3d192d93[p=HttpParser{s=CONTENT,0 of -1},g=HttpGenerator@7854331{s=START}]=>HttpChannelOverHttp@95085e1{s=HttpChannelState@227be16a{s=IDLE rs=BLOCKING os=OPEN is=IDLE awp=false se=false i=true al=0},r=2,c=false/false,a=IDLE,uri=//localhost:44789/,age=0}
03:43:08.851 [qtp961160488-17] DEBUG org.eclipse.jetty.server.HttpChannel - handle //localhost:44789/ HttpChannelOverHttp@95085e1{s=HttpChannelState@227be16a{s=IDLE rs=BLOCKING os=OPEN is=IDLE awp=false se=false i=true al=0},r=2,c=false/false,a=IDLE,uri=//localhost:44789/,age=0} 
03:43:08.851 [qtp961160488-17] DEBUG org.eclipse.jetty.server.HttpChannelState - handling HttpChannelState@227be16a{s=IDLE rs=BLOCKING os=OPEN is=IDLE awp=false se=false i=true al=0}
03:43:08.851 [qtp961160488-17] DEBUG org.eclipse.jetty.server.HttpChannel - action DISPATCH HttpChannelOverHttp@95085e1{s=HttpChannelState@227be16a{s=HANDLING rs=BLOCKING os=OPEN is=IDLE awp=false se=false i=true al=0},r=2,c=false/false,a=HANDLING,uri=//localhost:44789/,age=0}
03:43:08.851 [qtp961160488-17] DEBUG org.eclipse.jetty.server.Server - REQUEST GET / on HttpChannelOverHttp@95085e1{s=HttpChannelState@227be16a{s=HANDLING rs=BLOCKING os=OPEN is=IDLE awp=false se=false i=true al=0},r=2,c=false/false,a=HANDLING,uri=//localhost:44789/,age=0}
03:43:08.851 [qtp961160488-17] DEBUG org.eclipse.jetty.server.Server - handled=true async=false committed=false on HttpChannelOverHttp@95085e1{s=HttpChannelState@227be16a{s=HANDLING rs=BLOCKING os=OPEN is=IDLE awp=false se=false i=true al=0},r=2,c=false/false,a=HANDLING,uri=//localhost:44789/,age=0}
03:43:08.851 [qtp961160488-17] DEBUG org.eclipse.jetty.server.HttpChannelState - unhandle HttpChannelState@227be16a{s=HANDLING rs=BLOCKING os=OPEN is=IDLE awp=false se=false i=true al=0}
03:43:08.851 [qtp961160488-17] DEBUG org.eclipse.jetty.server.HttpChannelState - nextAction(false) COMPLETE HttpChannelState@227be16a{s=HANDLING rs=COMPLETING os=OPEN is=IDLE awp=false se=false i=false al=0}
03:43:08.851 [qtp961160488-17] DEBUG org.eclipse.jetty.server.HttpChannel - action COMPLETE HttpChannelOverHttp@95085e1{s=HttpChannelState@227be16a{s=HANDLING rs=COMPLETING os=OPEN is=IDLE awp=false se=false i=false al=0},r=2,c=false/false,a=HANDLING,uri=//localhost:44789/,age=0}
03:43:08.851 [qtp961160488-17] DEBUG org.eclipse.jetty.io.ChannelEndPoint - filled 0 HeapByteBuffer@70640e51[p=0,l=0,c=8192,r=0]={<<<>>>GET / HTT...\x00\x00\x00\x00\x00\x00\x00}
03:43:08.851 [qtp961160488-17] DEBUG org.eclipse.jetty.io.ChannelEndPoint - filled 0 HeapByteBuffer@70640e51[p=0,l=0,c=8192,r=0]={<<<>>>GET / HTT...\x00\x00\x00\x00\x00\x00\x00}
03:43:08.851 [qtp961160488-17] DEBUG org.eclipse.jetty.server.HttpConnection - HttpConnection@3d192d93::SocketChannelEndPoint@2142d370{l=/127.0.0.1:44789,r=/127.0.0.1:41456,OPEN,fill=-,flush=-,to=1/3000}{io=0/0,kio=0,kro=1}->HttpConnection@3d192d93[p=HttpParser{s=CONTENT,0 of -1},g=HttpGenerator@7854331{s=START}]=>HttpChannelOverHttp@95085e1{s=HttpChannelState@227be16a{s=HANDLING rs=COMPLETING os=OPEN is=IDLE awp=false se=false i=false al=0},r=2,c=false/false,a=HANDLING,uri=//localhost:44789/,age=0} filled 0 HeapByteBuffer@70640e51[p=0,l=0,c=8192,r=0]={<<<>>>GET / HTT...\x00\x00\x00\x00\x00\x00\x00}
03:43:08.852 [qtp961160488-17] DEBUG org.eclipse.jetty.server.HttpConnection - HttpConnection@3d192d93::SocketChannelEndPoint@2142d370{l=/127.0.0.1:44789,r=/127.0.0.1:41456,OPEN,fill=-,flush=-,to=1/3000}{io=0/0,kio=0,kro=1}->HttpConnection@3d192d93[p=HttpParser{s=CONTENT,0 of -1},g=HttpGenerator@7854331{s=START}]=>HttpChannelOverHttp@95085e1{s=HttpChannelState@227be16a{s=HANDLING rs=COMPLETING os=OPEN is=IDLE awp=false se=false i=false al=0},r=2,c=false/false,a=HANDLING,uri=//localhost:44789/,age=1} parse HeapByteBuffer@70640e51[p=0,l=0,c=8192,r=0]={<<<>>>GET / HTT...\x00\x00\x00\x00\x00\x00\x00} {}
03:43:08.852 [qtp961160488-17] DEBUG org.eclipse.jetty.http.HttpParser - parseNext s=CONTENT HeapByteBuffer@70640e51[p=0,l=0,c=8192,r=0]={<<<>>>GET / HTT...\x00\x00\x00\x00\x00\x00\x00}
03:43:08.852 [qtp961160488-17] DEBUG org.eclipse.jetty.http.HttpParser - CONTENT --> CONTENT_END
03:43:08.852 [qtp961160488-17] DEBUG org.eclipse.jetty.server.HttpChannel - onContentComplete HttpChannelOverHttp@95085e1{s=HttpChannelState@227be16a{s=HANDLING rs=COMPLETING os=OPEN is=IDLE awp=false se=false i=false al=0},r=2,c=false/false,a=HANDLING,uri=//localhost:44789/,age=1}
03:43:08.852 [qtp961160488-17] DEBUG org.eclipse.jetty.http.HttpParser - CONTENT_END --> END
03:43:08.852 [qtp961160488-17] DEBUG org.eclipse.jetty.server.HttpChannel - onRequestComplete HttpChannelOverHttp@95085e1{s=HttpChannelState@227be16a{s=HANDLING rs=COMPLETING os=OPEN is=IDLE awp=false se=false i=false al=0},r=2,c=false/false,a=HANDLING,uri=//localhost:44789/,age=1}
03:43:08.852 [qtp961160488-17] DEBUG org.eclipse.jetty.server.HttpInput - HttpInputOverHTTP@5202ae7b[c=0,q=0,[0]=null,s=STREAM] addContent EOF
03:43:08.852 [qtp961160488-17] DEBUG org.eclipse.jetty.server.HttpConnection - HttpConnection@3d192d93::SocketChannelEndPoint@2142d370{l=/127.0.0.1:44789,r=/127.0.0.1:41456,OPEN,fill=-,flush=-,to=2/3000}{io=0/0,kio=0,kro=1}->HttpConnection@3d192d93[p=HttpParser{s=END,0 of -1},g=HttpGenerator@7854331{s=START}]=>HttpChannelOverHttp@95085e1{s=HttpChannelState@227be16a{s=HANDLING rs=COMPLETING os=OPEN is=IDLE awp=false se=false i=false al=0},r=2,c=false/false,a=HANDLING,uri=//localhost:44789/,age=1} parsed false HttpParser{s=END,0 of -1}
03:43:08.852 [qtp961160488-17] DEBUG org.eclipse.jetty.server.HttpConnection - releaseRequestBuffer HttpConnection@3d192d93::SocketChannelEndPoint@2142d370{l=/127.0.0.1:44789,r=/127.0.0.1:41456,OPEN,fill=-,flush=-,to=2/3000}{io=0/0,kio=0,kro=1}->HttpConnection@3d192d93[p=HttpParser{s=END,0 of -1},g=HttpGenerator@7854331{s=START}]=>HttpChannelOverHttp@95085e1{s=HttpChannelState@227be16a{s=HANDLING rs=COMPLETING os=OPEN is=IDLE awp=false se=false i=false al=0},r=2,c=false/false,a=HANDLING,uri=//localhost:44789/,age=1}
03:43:08.853 [qtp961160488-17] DEBUG org.eclipse.jetty.server.HttpOutput - complete(org.eclipse.jetty.util.Callback$3@24b3126e) s=CLOSING,api=BLOCKED,sc=false,e=null s=false e=null, c=HeapByteBuffer@1ad43aa3[p=0,l=0,c=0,r=0]={<<<>>>}
03:43:08.853 [qtp961160488-17] DEBUG org.eclipse.jetty.server.HttpChannel - sendResponse info=null content=HeapByteBuffer@1ad43aa3[p=0,l=0,c=0,r=0]={<<<>>>} complete=true committing=true callback=org.eclipse.jetty.server.HttpOutput$WriteCompleteCB@65ed6209
03:43:08.853 [qtp961160488-17] DEBUG org.eclipse.jetty.server.HttpChannel - COMMIT for / on HttpChannelOverHttp@95085e1{s=HttpChannelState@227be16a{s=HANDLING rs=COMPLETING os=COMMITTED is=IDLE awp=false se=false i=false al=0},r=2,c=false/false,a=HANDLING,uri=//localhost:44789/,age=2}
304 null HTTP/1.1
Date: Thu, 02 May 2024 02:43:08 GMT
ETag: testEtag


03:43:08.853 [qtp961160488-17] DEBUG org.eclipse.jetty.server.HttpConnection - generate: NEED_HEADER for SendCallback@490605e8[PROCESSING][i=HTTP/1.1{s=304,h=2,cl=-1},cb=org.eclipse.jetty.server.HttpChannel$SendCallback@59f13cb8] (null,[p=0,l=0,c=0,r=0],true)@START
03:43:08.854 [qtp961160488-17] DEBUG org.eclipse.jetty.http.HttpGenerator - generateHeaders HTTP/1.1{s=304,h=2,cl=-1} last=true content=HeapByteBuffer@1ad43aa3[p=0,l=0,c=0,r=0]={<<<>>>}
03:43:08.854 [qtp961160488-17] DEBUG org.eclipse.jetty.http.HttpGenerator - Date: Thu, 02 May 2024 02:43:08 GMT
ETag: testEtag


03:43:08.854 [qtp961160488-17] DEBUG org.eclipse.jetty.http.HttpGenerator - NO_CONTENT
03:43:08.854 [qtp961160488-17] DEBUG org.eclipse.jetty.server.HttpConnection - generate: FLUSH for SendCallback@490605e8[PROCESSING][i=HTTP/1.1{s=304,h=2,cl=-1},cb=org.eclipse.jetty.server.HttpChannel$SendCallback@59f13cb8] ([p=0,l=115,c=8192,r=115],[p=0,l=0,c=0,r=0],true)@COMPLETING
03:43:08.854 [qtp961160488-17] DEBUG org.eclipse.jetty.io.WriteFlusher - write: WriteFlusher@680ada65{IDLE}->null [HeapByteBuffer@70640e51[p=0,l=115,c=8192,r=115]={<<<HTTP/1.1 304 Not Modified...y(9.4.44.v20210927)\r\n\r\n>>>er-Agent:...\x00\x00\x00\x00\x00\x00\x00}]
03:43:08.854 [qtp961160488-17] DEBUG org.eclipse.jetty.io.WriteFlusher - update WriteFlusher@680ada65{WRITING}->null:IDLE-->WRITING
03:43:08.854 [qtp961160488-17] DEBUG org.eclipse.jetty.io.ChannelEndPoint - flushed 115 SocketChannelEndPoint@2142d370{l=/127.0.0.1:44789,r=/127.0.0.1:41456,OPEN,fill=-,flush=W,to=4/3000}{io=0/0,kio=0,kro=1}->HttpConnection@3d192d93[p=HttpParser{s=END,0 of -1},g=HttpGenerator@7854331{s=COMPLETING}]=>HttpChannelOverHttp@95085e1{s=HttpChannelState@227be16a{s=HANDLING rs=COMPLETING os=COMMITTED is=IDLE awp=false se=false i=false al=0},r=2,c=false/false,a=HANDLING,uri=//localhost:44789/,age=3}
03:43:08.854 [main] DEBUG org.apache.nifi.minifi.bootstrap.configuration.ingestors.PullHttpChangeIngestor - Response received: Response{protocol=http/1.1, code=304, message=Not Modified, url=http://localhost:44789/}
03:43:08.854 [qtp961160488-17] DEBUG org.eclipse.jetty.io.WriteFlusher - Flushed=true written=115 remaining=0 WriteFlusher@680ada65{WRITING}->null
03:43:08.854 [qtp961160488-17] DEBUG org.eclipse.jetty.io.WriteFlusher - update WriteFlusher@680ada65{IDLE}->null:WRITING-->IDLE
03:43:08.854 [qtp961160488-17] DEBUG org.eclipse.jetty.server.HttpConnection - generate: DONE for SendCallback@490605e8[PROCESSING][i=HTTP/1.1{s=304,h=2,cl=-1},cb=org.eclipse.jetty.server.HttpChannel$SendCallback@59f13cb8] ([p=115,l=115,c=8192,r=0],[p=0,l=0,c=0,r=0],true)@END
03:43:08.854 [qtp961160488-17] DEBUG org.eclipse.jetty.server.HttpOutput - onWriteComplete(true,null) s=CLOSING,api=BLOCKED,sc=false,e=null->s=CLOSED,api=BLOCKING,sc=false,e=null c=null cb=org.eclipse.jetty.util.Callback$3@24b3126e w=false
03:43:08.854 [qtp961160488-17] DEBUG org.eclipse.jetty.server.HttpChannelState - completed HttpChannelState@227be16a{s=HANDLING rs=COMPLETING os=COMPLETED is=IDLE awp=false se=false i=false al=0}
]]></system-out>
  </testcase>
  <testcase name="testNewUpdate" classname="org.apache.nifi.minifi.bootstrap.configuration.ingestors.PullHttpChangeIngestorTest" time="0.008">
    <system-out><![CDATA[03:43:08.855 [qtp961160488-17] DEBUG org.eclipse.jetty.server.HttpChannelState - unhandle HttpChannelState@227be16a{s=HANDLING rs=COMPLETED os=COMPLETED is=IDLE awp=false se=false i=false al=0}
03:43:08.855 [qtp961160488-17] DEBUG org.eclipse.jetty.server.HttpChannelState - nextAction(false) TERMINATED HttpChannelState@227be16a{s=IDLE rs=COMPLETED os=COMPLETED is=IDLE awp=false se=false i=false al=0}
03:43:08.855 [qtp961160488-17] DEBUG org.eclipse.jetty.server.HttpChannel - action TERMINATED HttpChannelOverHttp@95085e1{s=HttpChannelState@227be16a{s=IDLE rs=COMPLETED os=COMPLETED is=IDLE awp=false se=false i=false al=0},r=2,c=true/true,a=IDLE,uri=//localhost:44789/,age=4}
03:43:08.855 [qtp961160488-17] DEBUG org.eclipse.jetty.server.HttpChannel - onCompleted for / written=0
03:43:08.855 [qtp961160488-17] DEBUG org.eclipse.jetty.server.HttpChannelState - recycle HttpChannelState@227be16a{s=IDLE rs=COMPLETED os=COMPLETED is=IDLE awp=false se=false i=false al=0}
03:43:08.855 [qtp961160488-17] DEBUG org.eclipse.jetty.http.HttpParser - reset HttpParser{s=END,0 of -1}
03:43:08.855 [qtp961160488-17] DEBUG org.eclipse.jetty.http.HttpParser - END --> START
03:43:08.855 [qtp961160488-17] DEBUG org.eclipse.jetty.server.HttpChannel - !handle TERMINATED HttpChannelOverHttp@95085e1{s=HttpChannelState@227be16a{s=IDLE rs=BLOCKING os=OPEN is=IDLE awp=false se=false i=true al=0},r=2,c=false/false,a=IDLE,uri=null,age=0}
03:43:08.855 [qtp961160488-17] DEBUG org.eclipse.jetty.io.ChannelEndPoint - filled 0 HeapByteBuffer@70640e51[p=0,l=0,c=8192,r=0]={<<<>>>HTTP/1.1 ...\x00\x00\x00\x00\x00\x00\x00}
03:43:08.855 [qtp961160488-17] DEBUG org.eclipse.jetty.io.ChannelEndPoint - filled 0 HeapByteBuffer@70640e51[p=0,l=0,c=8192,r=0]={<<<>>>HTTP/1.1 ...\x00\x00\x00\x00\x00\x00\x00}
03:43:08.855 [qtp961160488-17] DEBUG org.eclipse.jetty.server.HttpConnection - HttpConnection@3d192d93::SocketChannelEndPoint@2142d370{l=/127.0.0.1:44789,r=/127.0.0.1:41456,OPEN,fill=-,flush=-,to=0/3000}{io=0/0,kio=0,kro=1}->HttpConnection@3d192d93[p=HttpParser{s=START,0 of -1},g=HttpGenerator@7854331{s=START}]=>HttpChannelOverHttp@95085e1{s=HttpChannelState@227be16a{s=IDLE rs=BLOCKING os=OPEN is=IDLE awp=false se=false i=true al=0},r=2,c=false/false,a=IDLE,uri=null,age=0} filled 0 HeapByteBuffer@70640e51[p=0,l=0,c=8192,r=0]={<<<>>>HTTP/1.1 ...\x00\x00\x00\x00\x00\x00\x00}
03:43:08.855 [qtp961160488-17] DEBUG org.eclipse.jetty.server.HttpConnection - HttpConnection@3d192d93::SocketChannelEndPoint@2142d370{l=/127.0.0.1:44789,r=/127.0.0.1:41456,OPEN,fill=-,flush=-,to=1/3000}{io=0/0,kio=0,kro=1}->HttpConnection@3d192d93[p=HttpParser{s=START,0 of -1},g=HttpGenerator@7854331{s=START}]=>HttpChannelOverHttp@95085e1{s=HttpChannelState@227be16a{s=IDLE rs=BLOCKING os=OPEN is=IDLE awp=false se=false i=true al=0},r=2,c=false/false,a=IDLE,uri=null,age=0} parse HeapByteBuffer@70640e51[p=0,l=0,c=8192,r=0]={<<<>>>HTTP/1.1 ...\x00\x00\x00\x00\x00\x00\x00} {}
03:43:08.856 [qtp961160488-17] DEBUG org.eclipse.jetty.http.HttpParser - parseNext s=START HeapByteBuffer@70640e51[p=0,l=0,c=8192,r=0]={<<<>>>HTTP/1.1 ...\x00\x00\x00\x00\x00\x00\x00}
03:43:08.856 [qtp961160488-17] DEBUG org.eclipse.jetty.server.HttpConnection - HttpConnection@3d192d93::SocketChannelEndPoint@2142d370{l=/127.0.0.1:44789,r=/127.0.0.1:41456,OPEN,fill=-,flush=-,to=1/3000}{io=0/0,kio=0,kro=1}->HttpConnection@3d192d93[p=HttpParser{s=START,0 of -1},g=HttpGenerator@7854331{s=START}]=>HttpChannelOverHttp@95085e1{s=HttpChannelState@227be16a{s=IDLE rs=BLOCKING os=OPEN is=IDLE awp=false se=false i=true al=0},r=2,c=false/false,a=IDLE,uri=null,age=0} parsed false HttpParser{s=START,0 of -1}
03:43:08.856 [qtp961160488-17] DEBUG org.eclipse.jetty.server.HttpConnection - releaseRequestBuffer HttpConnection@3d192d93::SocketChannelEndPoint@2142d370{l=/127.0.0.1:44789,r=/127.0.0.1:41456,OPEN,fill=-,flush=-,to=1/3000}{io=0/0,kio=0,kro=1}->HttpConnection@3d192d93[p=HttpParser{s=START,0 of -1},g=HttpGenerator@7854331{s=START}]=>HttpChannelOverHttp@95085e1{s=HttpChannelState@227be16a{s=IDLE rs=BLOCKING os=OPEN is=IDLE awp=false se=false i=true al=0},r=2,c=false/false,a=IDLE,uri=null,age=0}
03:43:08.856 [qtp961160488-17] DEBUG org.eclipse.jetty.io.AbstractConnection - fillInterested HttpConnection@3d192d93::SocketChannelEndPoint@2142d370{l=/127.0.0.1:44789,r=/127.0.0.1:41456,OPEN,fill=-,flush=-,to=1/3000}{io=0/0,kio=0,kro=1}->HttpConnection@3d192d93[p=HttpParser{s=START,0 of -1},g=HttpGenerator@7854331{s=START}]=>HttpChannelOverHttp@95085e1{s=HttpChannelState@227be16a{s=IDLE rs=BLOCKING os=OPEN is=IDLE awp=false se=false i=true al=0},r=2,c=false/false,a=IDLE,uri=null,age=0}
03:43:08.856 [qtp961160488-17] DEBUG org.eclipse.jetty.io.FillInterest - interested FillInterest@7a88821a{AC.ReadCB@3d192d93{HttpConnection@3d192d93::SocketChannelEndPoint@2142d370{l=/127.0.0.1:44789,r=/127.0.0.1:41456,OPEN,fill=FI,flush=-,to=0/3000}{io=0/0,kio=0,kro=1}->HttpConnection@3d192d93[p=HttpParser{s=START,0 of -1},g=HttpGenerator@7854331{s=START}]=>HttpChannelOverHttp@95085e1{s=HttpChannelState@227be16a{s=IDLE rs=BLOCKING os=OPEN is=IDLE awp=false se=false i=true al=0},r=2,c=false/false,a=IDLE,uri=null,age=0}}}
03:43:08.856 [qtp961160488-17] DEBUG org.eclipse.jetty.io.ChannelEndPoint - changeInterests p=false 0->1 for SocketChannelEndPoint@2142d370{l=/127.0.0.1:44789,r=/127.0.0.1:41456,OPEN,fill=FI,flush=-,to=0/3000}{io=0/1,kio=0,kro=1}->HttpConnection@3d192d93[p=HttpParser{s=START,0 of -1},g=HttpGenerator@7854331{s=START}]=>HttpChannelOverHttp@95085e1{s=HttpChannelState@227be16a{s=IDLE rs=BLOCKING os=OPEN is=IDLE awp=false se=false i=true al=0},r=2,c=false/false,a=IDLE,uri=null,age=0}
03:43:08.856 [main] DEBUG org.apache.nifi.minifi.bootstrap.configuration.ingestors.PullHttpChangeIngestor - Attempting to pull new config
03:43:08.856 [qtp961160488-17] DEBUG org.eclipse.jetty.io.ManagedSelector - Queued change lazy=false org.eclipse.jetty.io.ChannelEndPoint$$Lambda$255/90666987@e094d6d on ManagedSelector@316bcf94{STARTED} id=2 keys=1 selected=0 updates=0
03:43:08.856 [qtp961160488-17] DEBUG org.eclipse.jetty.io.ManagedSelector - Wakeup on submit ManagedSelector@316bcf94{STARTED} id=2 keys=1 selected=0 updates=1
03:43:08.857 [qtp961160488-21] DEBUG org.eclipse.jetty.io.ManagedSelector - Selector sun.nio.ch.EPollSelectorImpl@314fddb5 woken with none selected
03:43:08.857 [qtp961160488-21] DEBUG org.eclipse.jetty.io.ManagedSelector - Selector sun.nio.ch.EPollSelectorImpl@314fddb5 woken up from select, 0/0/1 selected
03:43:08.857 [qtp961160488-17] DEBUG org.eclipse.jetty.server.HttpConnection - HttpConnection@3d192d93::SocketChannelEndPoint@2142d370{l=/127.0.0.1:44789,r=/127.0.0.1:41456,OPEN,fill=FI,flush=-,to=0/3000}{io=0/1,kio=0,kro=1}->HttpConnection@3d192d93[p=HttpParser{s=START,0 of -1},g=HttpGenerator@7854331{s=START}]=>HttpChannelOverHttp@95085e1{s=HttpChannelState@227be16a{s=IDLE rs=BLOCKING os=OPEN is=IDLE awp=false se=false i=true al=0},r=2,c=false/false,a=IDLE,uri=null,age=0} onFillable exit HttpChannelState@227be16a{s=IDLE rs=BLOCKING os=OPEN is=IDLE awp=false se=false i=true al=0} null
03:43:08.857 [qtp961160488-21] DEBUG org.eclipse.jetty.io.ManagedSelector - Selector sun.nio.ch.EPollSelectorImpl@314fddb5 processing 0 keys, 1 updates
03:43:08.857 [qtp961160488-21] DEBUG org.eclipse.jetty.io.ManagedSelector - updateable 1
03:43:08.857 [qtp961160488-17] DEBUG org.eclipse.jetty.util.thread.QueuedThreadPool - ran org.eclipse.jetty.io.ManagedSelector$$Lambda$253/838473569@66f57048 in QueuedThreadPool[qtp961160488]@394a2528{STARTED,8<=8<=200,i=1,r=-1,q=0}[ReservedThreadExecutor@383bfa16{reserved=1/8,pending=0}]
03:43:08.857 [qtp961160488-21] DEBUG org.eclipse.jetty.io.ManagedSelector - update org.eclipse.jetty.io.ChannelEndPoint$$Lambda$255/90666987@e094d6d
03:43:08.857 [qtp961160488-19-acceptor-0@1e1a0406-ServerConnector@446293d{HTTP/1.1, (http/1.1)}{localhost:44789}] DEBUG org.eclipse.jetty.io.ManagedSelector - Queued change lazy=false Accept@35890e21[java.nio.channels.SocketChannel[connected local=/127.0.0.1:44789 remote=/127.0.0.1:41470]] on ManagedSelector@1de5f259{STARTED} id=3 keys=0 selected=0 updates=0
03:43:08.857 [qtp961160488-21] DEBUG org.eclipse.jetty.io.ChannelEndPoint - Key interests updated 0 -> 1 on SocketChannelEndPoint@2142d370{l=/127.0.0.1:44789,r=/127.0.0.1:41456,OPEN,fill=FI,flush=-,to=0/3000}{io=1/1,kio=1,kro=1}->HttpConnection@3d192d93[p=HttpParser{s=START,0 of -1},g=HttpGenerator@7854331{s=START}]=>HttpChannelOverHttp@95085e1{s=HttpChannelState@227be16a{s=IDLE rs=BLOCKING os=OPEN is=IDLE awp=false se=false i=true al=0},r=2,c=false/false,a=IDLE,uri=null,age=0}
03:43:08.857 [qtp961160488-19-acceptor-0@1e1a0406-ServerConnector@446293d{HTTP/1.1, (http/1.1)}{localhost:44789}] DEBUG org.eclipse.jetty.io.ManagedSelector - Wakeup on submit ManagedSelector@1de5f259{STARTED} id=3 keys=0 selected=0 updates=1
03:43:08.857 [qtp961160488-21] DEBUG org.eclipse.jetty.io.ManagedSelector - updates 0
03:43:08.857 [qtp961160488-21] DEBUG org.eclipse.jetty.io.ManagedSelector - Selector sun.nio.ch.EPollSelectorImpl@314fddb5 waiting with 1 keys
03:43:08.857 [qtp961160488-18] DEBUG org.eclipse.jetty.io.ManagedSelector - Selector sun.nio.ch.EPollSelectorImpl@11cfe143 woken with none selected
03:43:08.857 [qtp961160488-18] DEBUG org.eclipse.jetty.io.ManagedSelector - Selector sun.nio.ch.EPollSelectorImpl@11cfe143 woken up from select, 0/0/0 selected
03:43:08.857 [qtp961160488-18] DEBUG org.eclipse.jetty.io.ManagedSelector - Selector sun.nio.ch.EPollSelectorImpl@11cfe143 processing 0 keys, 1 updates
03:43:08.857 [qtp961160488-18] DEBUG org.eclipse.jetty.io.ManagedSelector - updateable 1
03:43:08.857 [qtp961160488-18] DEBUG org.eclipse.jetty.io.ManagedSelector - update Accept@35890e21[java.nio.channels.SocketChannel[connected local=/127.0.0.1:44789 remote=/127.0.0.1:41470]]
03:43:08.858 [qtp961160488-18] DEBUG org.eclipse.jetty.util.thread.QueuedThreadPool - queue Accept@35890e21[java.nio.channels.SocketChannel[connected local=/127.0.0.1:44789 remote=/127.0.0.1:41470]] startThread=0
03:43:08.858 [qtp961160488-20] DEBUG org.eclipse.jetty.util.thread.QueuedThreadPool - run Accept@35890e21[java.nio.channels.SocketChannel[connected local=/127.0.0.1:44789 remote=/127.0.0.1:41470]] in QueuedThreadPool[qtp961160488]@394a2528{STARTED,8<=8<=200,i=1,r=-1,q=0}[ReservedThreadExecutor@383bfa16{reserved=1/8,pending=0}]
03:43:08.858 [qtp961160488-18] DEBUG org.eclipse.jetty.io.ManagedSelector - updates 0
03:43:08.858 [qtp961160488-18] DEBUG org.eclipse.jetty.io.ManagedSelector - Selector sun.nio.ch.EPollSelectorImpl@11cfe143 waiting with 1 keys
03:43:08.858 [qtp961160488-20] DEBUG org.eclipse.jetty.io.IdleTimeout - SocketChannelEndPoint@39491387{l=/127.0.0.1:44789,r=/127.0.0.1:41470,OPEN,fill=-,flush=-,to=0/3000}{io=0/0,kio=0,kro=0}-><null> idle timeout check, elapsed: 0 ms, remaining: 3000 ms
03:43:08.858 [qtp961160488-20] DEBUG org.eclipse.jetty.server.HttpChannel - new HttpChannelOverHttp@14f85354{s=HttpChannelState@2a5e8b83{s=IDLE rs=BLOCKING os=OPEN is=IDLE awp=false se=false i=true al=0},r=0,c=false/false,a=IDLE,uri=null,age=0} -> SocketChannelEndPoint@39491387{l=/127.0.0.1:44789,r=/127.0.0.1:41470,OPEN,fill=-,flush=-,to=0/3000}{io=0/0,kio=0,kro=0}-><null>,null,HttpChannelState@2a5e8b83{s=IDLE rs=BLOCKING os=OPEN is=IDLE awp=false se=false i=true al=0}
03:43:08.858 [qtp961160488-20] DEBUG org.eclipse.jetty.server.HttpConnection - New HTTP Connection HttpConnection@6ef8d980::SocketChannelEndPoint@39491387{l=/127.0.0.1:44789,r=/127.0.0.1:41470,OPEN,fill=-,flush=-,to=0/3000}{io=0/0,kio=0,kro=0}-><null>
03:43:08.858 [qtp961160488-20] DEBUG org.eclipse.jetty.io.ManagedSelector - Queued change lazy=true org.eclipse.jetty.io.ManagedSelector$$Lambda$258/445561681@1fdc2af3 on ManagedSelector@1de5f259{STARTED} id=3 keys=1 selected=0 updates=0
03:43:08.858 [qtp961160488-20] DEBUG org.eclipse.jetty.io.AbstractEndPoint - onOpen SocketChannelEndPoint@39491387{l=/127.0.0.1:44789,r=/127.0.0.1:41470,OPEN,fill=-,flush=-,to=0/3000}{io=0/0,kio=0,kro=0}->HttpConnection@6ef8d980[p=HttpParser{s=START,0 of -1},g=HttpGenerator@49e8a8af{s=START}]=>HttpChannelOverHttp@14f85354{s=HttpChannelState@2a5e8b83{s=IDLE rs=BLOCKING os=OPEN is=IDLE awp=false se=false i=true al=0},r=0,c=false/false,a=IDLE,uri=null,age=0}
03:43:08.858 [qtp961160488-20] DEBUG org.eclipse.jetty.io.AbstractConnection - onOpen HttpConnection@6ef8d980::SocketChannelEndPoint@39491387{l=/127.0.0.1:44789,r=/127.0.0.1:41470,OPEN,fill=-,flush=-,to=0/3000}{io=0/0,kio=0,kro=0}->HttpConnection@6ef8d980[p=HttpParser{s=START,0 of -1},g=HttpGenerator@49e8a8af{s=START}]=>HttpChannelOverHttp@14f85354{s=HttpChannelState@2a5e8b83{s=IDLE rs=BLOCKING os=OPEN is=IDLE awp=false se=false i=true al=0},r=0,c=false/false,a=IDLE,uri=null,age=0}
03:43:08.858 [qtp961160488-20] DEBUG org.eclipse.jetty.io.AbstractConnection - fillInterested HttpConnection@6ef8d980::SocketChannelEndPoint@39491387{l=/127.0.0.1:44789,r=/127.0.0.1:41470,OPEN,fill=-,flush=-,to=0/3000}{io=0/0,kio=0,kro=0}->HttpConnection@6ef8d980[p=HttpParser{s=START,0 of -1},g=HttpGenerator@49e8a8af{s=START}]=>HttpChannelOverHttp@14f85354{s=HttpChannelState@2a5e8b83{s=IDLE rs=BLOCKING os=OPEN is=IDLE awp=false se=false i=true al=0},r=0,c=false/false,a=IDLE,uri=null,age=0}
03:43:08.858 [qtp961160488-20] DEBUG org.eclipse.jetty.io.FillInterest - interested FillInterest@17b42082{AC.ReadCB@6ef8d980{HttpConnection@6ef8d980::SocketChannelEndPoint@39491387{l=/127.0.0.1:44789,r=/127.0.0.1:41470,OPEN,fill=FI,flush=-,to=0/3000}{io=0/0,kio=0,kro=0}->HttpConnection@6ef8d980[p=HttpParser{s=START,0 of -1},g=HttpGenerator@49e8a8af{s=START}]=>HttpChannelOverHttp@14f85354{s=HttpChannelState@2a5e8b83{s=IDLE rs=BLOCKING os=OPEN is=IDLE awp=false se=false i=true al=0},r=0,c=false/false,a=IDLE,uri=null,age=0}}}
03:43:08.858 [qtp961160488-20] DEBUG org.eclipse.jetty.io.ChannelEndPoint - changeInterests p=false 0->1 for SocketChannelEndPoint@39491387{l=/127.0.0.1:44789,r=/127.0.0.1:41470,OPEN,fill=FI,flush=-,to=0/3000}{io=0/1,kio=0,kro=0}->HttpConnection@6ef8d980[p=HttpParser{s=START,0 of -1},g=HttpGenerator@49e8a8af{s=START}]=>HttpChannelOverHttp@14f85354{s=HttpChannelState@2a5e8b83{s=IDLE rs=BLOCKING os=OPEN is=IDLE awp=false se=false i=true al=0},r=0,c=false/false,a=IDLE,uri=null,age=0}
03:43:08.858 [qtp961160488-20] DEBUG org.eclipse.jetty.io.ManagedSelector - Queued change lazy=false org.eclipse.jetty.io.ChannelEndPoint$$Lambda$255/90666987@3f28df2d on ManagedSelector@1de5f259{STARTED} id=3 keys=1 selected=0 updates=1
03:43:08.859 [qtp961160488-20] DEBUG org.eclipse.jetty.io.ManagedSelector - Wakeup on submit ManagedSelector@1de5f259{STARTED} id=3 keys=1 selected=0 updates=2
03:43:08.859 [qtp961160488-18] DEBUG org.eclipse.jetty.io.ManagedSelector - Selector sun.nio.ch.EPollSelectorImpl@11cfe143 woken with none selected
03:43:08.859 [qtp961160488-18] DEBUG org.eclipse.jetty.io.ManagedSelector - Selector sun.nio.ch.EPollSelectorImpl@11cfe143 woken up from select, 0/0/1 selected
03:43:08.859 [qtp961160488-20] DEBUG org.eclipse.jetty.io.ManagedSelector - Created SocketChannelEndPoint@39491387{l=/127.0.0.1:44789,r=/127.0.0.1:41470,OPEN,fill=FI,flush=-,to=0/3000}{io=0/1,kio=0,kro=0}->HttpConnection@6ef8d980[p=HttpParser{s=START,0 of -1},g=HttpGenerator@49e8a8af{s=START}]=>HttpChannelOverHttp@14f85354{s=HttpChannelState@2a5e8b83{s=IDLE rs=BLOCKING os=OPEN is=IDLE awp=false se=false i=true al=0},r=0,c=false/false,a=IDLE,uri=null,age=0}
03:43:08.859 [qtp961160488-18] DEBUG org.eclipse.jetty.io.ManagedSelector - Selector sun.nio.ch.EPollSelectorImpl@11cfe143 processing 0 keys, 2 updates
03:43:08.859 [qtp961160488-18] DEBUG org.eclipse.jetty.io.ManagedSelector - updateable 2
03:43:08.859 [qtp961160488-18] DEBUG org.eclipse.jetty.io.ManagedSelector - update org.eclipse.jetty.io.ManagedSelector$$Lambda$258/445561681@1fdc2af3
03:43:08.859 [qtp961160488-20] DEBUG org.eclipse.jetty.util.thread.QueuedThreadPool - ran Accept@35890e21[java.nio.channels.SocketChannel[connected local=/127.0.0.1:44789 remote=/127.0.0.1:41470]] in QueuedThreadPool[qtp961160488]@394a2528{STARTED,8<=8<=200,i=1,r=-1,q=0}[ReservedThreadExecutor@383bfa16{reserved=1/8,pending=0}]
03:43:08.859 [qtp961160488-18] DEBUG org.eclipse.jetty.io.ManagedSelector - update org.eclipse.jetty.io.ChannelEndPoint$$Lambda$255/90666987@3f28df2d
03:43:08.859 [qtp961160488-18] DEBUG org.eclipse.jetty.io.ChannelEndPoint - Key interests updated 0 -> 1 on SocketChannelEndPoint@39491387{l=/127.0.0.1:44789,r=/127.0.0.1:41470,OPEN,fill=FI,flush=-,to=0/3000}{io=1/1,kio=1,kro=0}->HttpConnection@6ef8d980[p=HttpParser{s=START,0 of -1},g=HttpGenerator@49e8a8af{s=START}]=>HttpChannelOverHttp@14f85354{s=HttpChannelState@2a5e8b83{s=IDLE rs=BLOCKING os=OPEN is=IDLE awp=false se=false i=true al=0},r=0,c=false/false,a=IDLE,uri=null,age=0}
03:43:08.859 [qtp961160488-18] DEBUG org.eclipse.jetty.io.ManagedSelector - updates 0
03:43:08.859 [qtp961160488-18] DEBUG org.eclipse.jetty.io.ManagedSelector - Selector sun.nio.ch.EPollSelectorImpl@11cfe143 waiting with 1 keys
03:43:08.859 [qtp961160488-18] DEBUG org.eclipse.jetty.io.ManagedSelector - Selector sun.nio.ch.EPollSelectorImpl@11cfe143 woken up from select, 1/1/1 selected
03:43:08.859 [qtp961160488-18] DEBUG org.eclipse.jetty.io.ManagedSelector - Selector sun.nio.ch.EPollSelectorImpl@11cfe143 processing 1 keys, 0 updates
03:43:08.859 [qtp961160488-18] DEBUG org.eclipse.jetty.io.ManagedSelector - selected 1 sun.nio.ch.SelectionKeyImpl@1f080d0a SocketChannelEndPoint@39491387{l=/127.0.0.1:44789,r=/127.0.0.1:41470,OPEN,fill=FI,flush=-,to=0/3000}{io=1/1,kio=1,kro=1}->HttpConnection@6ef8d980[p=HttpParser{s=START,0 of -1},g=HttpGenerator@49e8a8af{s=START}]=>HttpChannelOverHttp@14f85354{s=HttpChannelState@2a5e8b83{s=IDLE rs=BLOCKING os=OPEN is=IDLE awp=false se=false i=true al=0},r=0,c=false/false,a=IDLE,uri=null,age=0} 
03:43:08.859 [qtp961160488-18] DEBUG org.eclipse.jetty.io.ChannelEndPoint - onSelected 1->0 r=true w=false for SocketChannelEndPoint@39491387{l=/127.0.0.1:44789,r=/127.0.0.1:41470,OPEN,fill=FI,flush=-,to=0/3000}{io=1/0,kio=1,kro=1}->HttpConnection@6ef8d980[p=HttpParser{s=START,0 of -1},g=HttpGenerator@49e8a8af{s=START}]=>HttpChannelOverHttp@14f85354{s=HttpChannelState@2a5e8b83{s=IDLE rs=BLOCKING os=OPEN is=IDLE awp=false se=false i=true al=0},r=0,c=false/false,a=IDLE,uri=null,age=0}
03:43:08.859 [qtp961160488-18] DEBUG org.eclipse.jetty.io.ChannelEndPoint - task CEP:SocketChannelEndPoint@39491387{l=/127.0.0.1:44789,r=/127.0.0.1:41470,OPEN,fill=FI,flush=-,to=1/3000}{io=1/0,kio=1,kro=1}->HttpConnection@6ef8d980[p=HttpParser{s=START,0 of -1},g=HttpGenerator@49e8a8af{s=START}]=>HttpChannelOverHttp@14f85354{s=HttpChannelState@2a5e8b83{s=IDLE rs=BLOCKING os=OPEN is=IDLE awp=false se=false i=true al=0},r=0,c=false/false,a=IDLE,uri=null,age=0}:runFillable:BLOCKING
03:43:08.860 [qtp961160488-18] DEBUG org.eclipse.jetty.util.thread.ReservedThreadExecutor - ReservedThreadExecutor@383bfa16{reserved=1/8,pending=0} tryExecute EatWhatYouKill@6404f418/SelectorProducer@3e11f9e9/PRODUCING/p=false/QueuedThreadPool[qtp961160488]@394a2528{STARTED,8<=8<=200,i=2,r=-1,q=0}[ReservedThreadExecutor@383bfa16{reserved=1/8,pending=0}][pc=0,pic=0,pec=0,epc=0]@2024-05-02T03:43:08.859+01:00
03:43:08.860 [qtp961160488-18] DEBUG org.eclipse.jetty.util.thread.ReservedThreadExecutor - ReservedThreadExecutor@383bfa16{reserved=0/8,pending=1} startReservedThread p=1
03:43:08.860 [qtp961160488-18] DEBUG org.eclipse.jetty.util.thread.QueuedThreadPool - queue ReservedThread@1b378a33{PENDING,thread=null} startThread=0
03:43:08.860 [qtp961160488-17] DEBUG org.eclipse.jetty.util.thread.QueuedThreadPool - run ReservedThread@1b378a33{PENDING,thread=null} in QueuedThreadPool[qtp961160488]@394a2528{STARTED,8<=8<=200,i=1,r=-1,q=0}[ReservedThreadExecutor@383bfa16{reserved=0/8,pending=1}]
03:43:08.860 [qtp961160488-17] DEBUG org.eclipse.jetty.util.thread.ReservedThreadExecutor - ReservedThread@1b378a33{PENDING,thread=Thread[qtp961160488-17,5,main]} was=PENDING next=RESERVED size=0+1 capacity=8
03:43:08.860 [qtp961160488-17] DEBUG org.eclipse.jetty.util.thread.ReservedThreadExecutor - ReservedThread@1b378a33{RESERVED,thread=Thread[qtp961160488-17,5,main]} waiting ReservedThreadExecutor@383bfa16{reserved=1/8,pending=0}
03:43:08.860 [qtp961160488-18] DEBUG org.eclipse.jetty.util.thread.strategy.EatWhatYouKill - EatWhatYouKill@6404f418/SelectorProducer@3e11f9e9/IDLE/p=true/QueuedThreadPool[qtp961160488]@394a2528{STARTED,8<=8<=200,i=1,r=-1,q=0}[ReservedThreadExecutor@383bfa16{reserved=0/8,pending=1}][pc=0,pic=0,pec=0,epc=0]@2024-05-02T03:43:08.86+01:00 m=EXECUTE_PRODUCE_CONSUME t=CEP:SocketChannelEndPoint@39491387{l=/127.0.0.1:44789,r=/127.0.0.1:41470,OPEN,fill=FI,flush=-,to=1/3000}{io=1/0,kio=1,kro=1}->HttpConnection@6ef8d980[p=HttpParser{s=START,0 of -1},g=HttpGenerator@49e8a8af{s=START}]=>HttpChannelOverHttp@14f85354{s=HttpChannelState@2a5e8b83{s=IDLE rs=BLOCKING os=OPEN is=IDLE awp=false se=false i=true al=0},r=0,c=false/false,a=IDLE,uri=null,age=0}:runFillable:BLOCKING/BLOCKING
03:43:08.860 [qtp961160488-22] DEBUG org.eclipse.jetty.util.thread.ReservedThreadExecutor - ReservedThread@3bb7b6c5{RESERVED,thread=Thread[qtp961160488-22,5,main]} task=EatWhatYouKill@6404f418/SelectorProducer@3e11f9e9/IDLE/p=true/QueuedThreadPool[qtp961160488]@394a2528{STARTED,8<=8<=200,i=1,r=-1,q=0}[ReservedThreadExecutor@383bfa16{reserved=1/8,pending=0}][pc=0,pic=0,pec=0,epc=0]@2024-05-02T03:43:08.86+01:00 ReservedThreadExecutor@383bfa16{reserved=1/8,pending=0}
03:43:08.860 [qtp961160488-18] DEBUG org.eclipse.jetty.io.FillInterest - fillable FillInterest@17b42082{AC.ReadCB@6ef8d980{HttpConnection@6ef8d980::SocketChannelEndPoint@39491387{l=/127.0.0.1:44789,r=/127.0.0.1:41470,OPEN,fill=FI,flush=-,to=1/3000}{io=1/0,kio=1,kro=1}->HttpConnection@6ef8d980[p=HttpParser{s=START,0 of -1},g=HttpGenerator@49e8a8af{s=START}]=>HttpChannelOverHttp@14f85354{s=HttpChannelState@2a5e8b83{s=IDLE rs=BLOCKING os=OPEN is=IDLE awp=false se=false i=true al=0},r=0,c=false/false,a=IDLE,uri=null,age=0}}}
03:43:08.860 [qtp961160488-22] DEBUG org.eclipse.jetty.util.thread.strategy.EatWhatYouKill - EatWhatYouKill@6404f418/SelectorProducer@3e11f9e9/IDLE/p=true/QueuedThreadPool[qtp961160488]@394a2528{STARTED,8<=8<=200,i=1,r=-1,q=0}[ReservedThreadExecutor@383bfa16{reserved=1/8,pending=0}][pc=0,pic=0,pec=0,epc=1]@2024-05-02T03:43:08.86+01:00 tryProduce true
03:43:08.860 [qtp961160488-22] DEBUG org.eclipse.jetty.io.ManagedSelector - updateable 0
03:43:08.860 [qtp961160488-22] DEBUG org.eclipse.jetty.io.ManagedSelector - updates 0
03:43:08.860 [qtp961160488-22] DEBUG org.eclipse.jetty.io.ChannelEndPoint - Key interests updated 1 -> 0 on SocketChannelEndPoint@39491387{l=/127.0.0.1:44789,r=/127.0.0.1:41470,OPEN,fill=-,flush=-,to=2/3000}{io=0/0,kio=0,kro=1}->HttpConnection@6ef8d980[p=HttpParser{s=START,0 of -1},g=HttpGenerator@49e8a8af{s=START}]=>HttpChannelOverHttp@14f85354{s=HttpChannelState@2a5e8b83{s=IDLE rs=BLOCKING os=OPEN is=IDLE awp=false se=false i=true al=0},r=0,c=false/false,a=IDLE,uri=null,age=0}
03:43:08.861 [qtp961160488-22] DEBUG org.eclipse.jetty.io.ManagedSelector - Selector sun.nio.ch.EPollSelectorImpl@11cfe143 waiting with 1 keys
03:43:08.861 [qtp961160488-18] DEBUG org.eclipse.jetty.server.HttpConnection - HttpConnection@6ef8d980::SocketChannelEndPoint@39491387{l=/127.0.0.1:44789,r=/127.0.0.1:41470,OPEN,fill=-,flush=-,to=2/3000}{io=0/0,kio=0,kro=1}->HttpConnection@6ef8d980[p=HttpParser{s=START,0 of -1},g=HttpGenerator@49e8a8af{s=START}]=>HttpChannelOverHttp@14f85354{s=HttpChannelState@2a5e8b83{s=IDLE rs=BLOCKING os=OPEN is=IDLE awp=false se=false i=true al=0},r=0,c=false/false,a=IDLE,uri=null,age=0} onFillable enter HttpChannelState@2a5e8b83{s=IDLE rs=BLOCKING os=OPEN is=IDLE awp=false se=false i=true al=0} null
03:43:08.861 [qtp961160488-18] DEBUG org.eclipse.jetty.io.ChannelEndPoint - filled 115 HeapByteBuffer@70640e51[p=0,l=115,c=8192,r=115]={<<<GET / HTTP/1.1\r\nHost: loc...gent: okhttp/3.12.3\r\n\r\n>>>er-Agent:...\x00\x00\x00\x00\x00\x00\x00}
03:43:08.861 [qtp961160488-18] DEBUG org.eclipse.jetty.server.HttpConnection - HttpConnection@6ef8d980::SocketChannelEndPoint@39491387{l=/127.0.0.1:44789,r=/127.0.0.1:41470,OPEN,fill=-,flush=-,to=0/3000}{io=0/0,kio=0,kro=1}->HttpConnection@6ef8d980[p=HttpParser{s=START,0 of -1},g=HttpGenerator@49e8a8af{s=START}]=>HttpChannelOverHttp@14f85354{s=HttpChannelState@2a5e8b83{s=IDLE rs=BLOCKING os=OPEN is=IDLE awp=false se=false i=true al=0},r=0,c=false/false,a=IDLE,uri=null,age=0} filled 115 HeapByteBuffer@70640e51[p=0,l=115,c=8192,r=115]={<<<GET / HTTP/1.1\r\nHost: loc...gent: okhttp/3.12.3\r\n\r\n>>>er-Agent:...\x00\x00\x00\x00\x00\x00\x00}
03:43:08.861 [qtp961160488-18] DEBUG org.eclipse.jetty.server.HttpConnection - HttpConnection@6ef8d980::SocketChannelEndPoint@39491387{l=/127.0.0.1:44789,r=/127.0.0.1:41470,OPEN,fill=-,flush=-,to=0/3000}{io=0/0,kio=0,kro=1}->HttpConnection@6ef8d980[p=HttpParser{s=START,0 of -1},g=HttpGenerator@49e8a8af{s=START}]=>HttpChannelOverHttp@14f85354{s=HttpChannelState@2a5e8b83{s=IDLE rs=BLOCKING os=OPEN is=IDLE awp=false se=false i=true al=0},r=0,c=false/false,a=IDLE,uri=null,age=0} parse HeapByteBuffer@70640e51[p=0,l=115,c=8192,r=115]={<<<GET / HTTP/1.1\r\nHost: loc...gent: okhttp/3.12.3\r\n\r\n>>>er-Agent:...\x00\x00\x00\x00\x00\x00\x00} {}
03:43:08.861 [qtp961160488-18] DEBUG org.eclipse.jetty.http.HttpParser - parseNext s=START HeapByteBuffer@70640e51[p=0,l=115,c=8192,r=115]={<<<GET / HTTP/1.1\r\nHost: loc...gent: okhttp/3.12.3\r\n\r\n>>>er-Agent:...\x00\x00\x00\x00\x00\x00\x00}
03:43:08.861 [qtp961160488-18] DEBUG org.eclipse.jetty.http.HttpParser - START --> SPACE1
03:43:08.861 [qtp961160488-18] DEBUG org.eclipse.jetty.http.HttpParser - SPACE1 --> URI
03:43:08.861 [qtp961160488-18] DEBUG org.eclipse.jetty.http.HttpParser - URI --> SPACE2
03:43:08.861 [qtp961160488-18] DEBUG org.eclipse.jetty.http.HttpParser - SPACE2 --> REQUEST_VERSION
03:43:08.861 [qtp961160488-18] DEBUG org.eclipse.jetty.http.HttpParser - REQUEST_VERSION --> HEADER
03:43:08.861 [qtp961160488-18] DEBUG org.eclipse.jetty.http.HttpParser - HEADER:Host --> VALUE
03:43:08.861 [qtp961160488-18] DEBUG org.eclipse.jetty.http.HttpParser - HEADER:Host --> IN_VALUE
03:43:08.861 [qtp961160488-18] DEBUG org.eclipse.jetty.http.HttpParser - HEADER:Host --> FIELD
03:43:08.861 [qtp961160488-18] DEBUG org.eclipse.jetty.http.HttpParser - HEADER:Connection: keep-alive --> IN_VALUE
03:43:08.861 [qtp961160488-18] DEBUG org.eclipse.jetty.http.HttpParser - HEADER:Connection: keep-alive --> FIELD
03:43:08.861 [qtp961160488-18] DEBUG org.eclipse.jetty.http.HttpParser - HEADER:Accept-Encoding: gzip --> IN_VALUE
03:43:08.861 [qtp961160488-18] DEBUG org.eclipse.jetty.http.HttpParser - HEADER:Accept-Encoding: gzip --> FIELD
03:43:08.861 [qtp961160488-18] DEBUG org.eclipse.jetty.http.HttpParser - HEADER:User-Agent --> VALUE
03:43:08.861 [qtp961160488-18] DEBUG org.eclipse.jetty.http.HttpParser - HEADER:User-Agent --> IN_VALUE
03:43:08.861 [qtp961160488-18] DEBUG org.eclipse.jetty.http.HttpParser - HEADER:User-Agent --> FIELD
03:43:08.861 [qtp961160488-18] DEBUG org.eclipse.jetty.http.HttpParser - HEADER --> CONTENT
03:43:08.861 [qtp961160488-18] DEBUG org.eclipse.jetty.server.HttpChannel - REQUEST for //localhost:44789/ on HttpChannelOverHttp@14f85354{s=HttpChannelState@2a5e8b83{s=IDLE rs=BLOCKING os=OPEN is=IDLE awp=false se=false i=true al=0},r=1,c=false/false,a=IDLE,uri=//localhost:44789/,age=0}
GET //localhost:44789/ HTTP/1.1
Host: localhost:44789
Connection: keep-alive
Accept-Encoding: gzip
User-Agent: okhttp/3.12.3


03:43:08.862 [qtp961160488-18] DEBUG org.eclipse.jetty.server.HttpConnection - HttpConnection@6ef8d980::SocketChannelEndPoint@39491387{l=/127.0.0.1:44789,r=/127.0.0.1:41470,OPEN,fill=-,flush=-,to=0/3000}{io=0/0,kio=0,kro=1}->HttpConnection@6ef8d980[p=HttpParser{s=CONTENT,0 of -1},g=HttpGenerator@49e8a8af{s=START}]=>HttpChannelOverHttp@14f85354{s=HttpChannelState@2a5e8b83{s=IDLE rs=BLOCKING os=OPEN is=IDLE awp=false se=false i=true al=0},r=1,c=false/false,a=IDLE,uri=//localhost:44789/,age=0} parsed true HttpParser{s=CONTENT,0 of -1}
03:43:08.862 [qtp961160488-18] DEBUG org.eclipse.jetty.server.HttpConnection - releaseRequestBuffer HttpConnection@6ef8d980::SocketChannelEndPoint@39491387{l=/127.0.0.1:44789,r=/127.0.0.1:41470,OPEN,fill=-,flush=-,to=0/3000}{io=0/0,kio=0,kro=1}->HttpConnection@6ef8d980[p=HttpParser{s=CONTENT,0 of -1},g=HttpGenerator@49e8a8af{s=START}]=>HttpChannelOverHttp@14f85354{s=HttpChannelState@2a5e8b83{s=IDLE rs=BLOCKING os=OPEN is=IDLE awp=false se=false i=true al=0},r=1,c=false/false,a=IDLE,uri=//localhost:44789/,age=1}
03:43:08.862 [qtp961160488-18] DEBUG org.eclipse.jetty.server.HttpChannel - handle //localhost:44789/ HttpChannelOverHttp@14f85354{s=HttpChannelState@2a5e8b83{s=IDLE rs=BLOCKING os=OPEN is=IDLE awp=false se=false i=true al=0},r=1,c=false/false,a=IDLE,uri=//localhost:44789/,age=1} 
03:43:08.862 [qtp961160488-18] DEBUG org.eclipse.jetty.server.HttpChannelState - handling HttpChannelState@2a5e8b83{s=IDLE rs=BLOCKING os=OPEN is=IDLE awp=false se=false i=true al=0}
03:43:08.862 [qtp961160488-18] DEBUG org.eclipse.jetty.server.HttpChannel - action DISPATCH HttpChannelOverHttp@14f85354{s=HttpChannelState@2a5e8b83{s=HANDLING rs=BLOCKING os=OPEN is=IDLE awp=false se=false i=true al=0},r=1,c=false/false,a=HANDLING,uri=//localhost:44789/,age=1}
03:43:08.862 [qtp961160488-18] DEBUG org.eclipse.jetty.server.Server - REQUEST GET / on HttpChannelOverHttp@14f85354{s=HttpChannelState@2a5e8b83{s=HANDLING rs=BLOCKING os=OPEN is=IDLE awp=false se=false i=true al=0},r=1,c=false/false,a=HANDLING,uri=//localhost:44789/,age=1}
03:43:08.862 [qtp961160488-18] DEBUG org.eclipse.jetty.server.HttpOutput - write(array HeapByteBuffer@5e350731[p=0,l=4,c=512,r=4]={<<<test>>>\x00\x00\x00\x00\x00\x00\x00\x00\x00...\x00\x00\x00\x00\x00\x00\x00})
03:43:08.862 [qtp961160488-18] DEBUG org.eclipse.jetty.server.HttpOutput - write(array) s=CLOSING,api=BLOCKED,sc=false,e=null last=true agg=false flush=true async=false, len=4 null
03:43:08.862 [qtp961160488-18] DEBUG org.eclipse.jetty.server.HttpChannel - sendResponse info=null content=HeapByteBuffer@301e304d[p=0,l=4,c=512,r=4]={<<<test>>>\x00\x00\x00\x00\x00\x00\x00\x00\x00...\x00\x00\x00\x00\x00\x00\x00} complete=true committing=true callback=Blocker@6f211b19{null}
03:43:08.862 [qtp961160488-18] DEBUG org.eclipse.jetty.server.HttpChannel - COMMIT for / on HttpChannelOverHttp@14f85354{s=HttpChannelState@2a5e8b83{s=HANDLING rs=BLOCKING os=COMMITTED is=IDLE awp=false se=false i=true al=0},r=1,c=false/false,a=HANDLING,uri=//localhost:44789/,age=1}
200 null HTTP/1.1
Date: Thu, 02 May 2024 02:43:08 GMT
ETag: testEtag
Content-Type: text/plain;charset=utf-8
Content-Length: 4


03:43:08.862 [qtp961160488-18] DEBUG org.eclipse.jetty.server.HttpConnection - generate: NEED_HEADER for SendCallback@48e072dc[PROCESSING][i=HTTP/1.1{s=200,h=4,cl=4},cb=org.eclipse.jetty.server.HttpChannel$SendCallback@3e1af87e] (null,[p=0,l=4,c=512,r=4],true)@START
03:43:08.862 [qtp961160488-18] DEBUG org.eclipse.jetty.http.HttpGenerator - generateHeaders HTTP/1.1{s=200,h=4,cl=4} last=true content=HeapByteBuffer@301e304d[p=0,l=4,c=512,r=4]={<<<test>>>\x00\x00\x00\x00\x00\x00\x00\x00\x00...\x00\x00\x00\x00\x00\x00\x00}
03:43:08.862 [qtp961160488-18] DEBUG org.eclipse.jetty.http.HttpGenerator - Date: Thu, 02 May 2024 02:43:08 GMT
ETag: testEtag
Content-Type: text/plain;charset=utf-8
Content-Length: 4


03:43:08.862 [qtp961160488-18] DEBUG org.eclipse.jetty.http.HttpGenerator - CONTENT_LENGTH
03:43:08.862 [qtp961160488-18] DEBUG org.eclipse.jetty.server.HttpConnection - generate: FLUSH for SendCallback@48e072dc[PROCESSING][i=HTTP/1.1{s=200,h=4,cl=4},cb=org.eclipse.jetty.server.HttpChannel$SendCallback@3e1af87e] ([p=0,l=164,c=8192,r=164],[p=0,l=4,c=512,r=4],true)@COMPLETING
03:43:08.862 [qtp961160488-18] DEBUG org.eclipse.jetty.io.WriteFlusher - write: WriteFlusher@7fc72ba8{IDLE}->null [HeapByteBuffer@70640e51[p=0,l=164,c=8192,r=164]={<<<HTTP/1.1 200 OK\r\nDate: Th...y(9.4.44.v20210927)\r\n\r\n>>>\x00\x00\x00\x00\x00\x00\x00\x00\x00...\x00\x00\x00\x00\x00\x00\x00},HeapByteBuffer@301e304d[p=0,l=4,c=512,r=4]={<<<test>>>\x00\x00\x00\x00\x00\x00\x00\x00\x00...\x00\x00\x00\x00\x00\x00\x00}]
03:43:08.862 [qtp961160488-18] DEBUG org.eclipse.jetty.io.WriteFlusher - update WriteFlusher@7fc72ba8{WRITING}->null:IDLE-->WRITING
03:43:08.863 [qtp961160488-18] DEBUG org.eclipse.jetty.io.ChannelEndPoint - flushed 168 SocketChannelEndPoint@39491387{l=/127.0.0.1:44789,r=/127.0.0.1:41470,OPEN,fill=-,flush=W,to=1/3000}{io=0/0,kio=0,kro=1}->HttpConnection@6ef8d980[p=HttpParser{s=CONTENT,0 of -1},g=HttpGenerator@49e8a8af{s=COMPLETING}]=>HttpChannelOverHttp@14f85354{s=HttpChannelState@2a5e8b83{s=HANDLING rs=BLOCKING os=COMMITTED is=IDLE awp=false se=false i=true al=0},r=1,c=false/false,a=HANDLING,uri=//localhost:44789/,age=2}
03:43:08.863 [main] DEBUG org.apache.nifi.minifi.bootstrap.configuration.ingestors.PullHttpChangeIngestor - Response received: Response{protocol=http/1.1, code=200, message=OK, url=http://localhost:44789/}
03:43:08.863 [qtp961160488-18] DEBUG org.eclipse.jetty.io.WriteFlusher - Flushed=true written=168 remaining=0 WriteFlusher@7fc72ba8{WRITING}->null
03:43:08.863 [qtp961160488-18] DEBUG org.eclipse.jetty.io.WriteFlusher - update WriteFlusher@7fc72ba8{IDLE}->null:WRITING-->IDLE
03:43:08.863 [qtp961160488-18] DEBUG org.eclipse.jetty.server.HttpConnection - generate: DONE for SendCallback@48e072dc[PROCESSING][i=HTTP/1.1{s=200,h=4,cl=4},cb=org.eclipse.jetty.server.HttpChannel$SendCallback@3e1af87e] ([p=164,l=164,c=8192,r=0],[p=4,l=4,c=512,r=0],true)@END
03:43:08.863 [main] DEBUG org.apache.nifi.minifi.bootstrap.configuration.ingestors.PullHttpChangeIngestor - New change received, notifying listener
03:43:08.863 [qtp961160488-18] DEBUG org.eclipse.jetty.server.HttpOutput - onWriteComplete(true,null) s=CLOSING,api=BLOCKED,sc=false,e=null->s=CLOSED,api=BLOCKING,sc=false,e=null c=null cb=null w=false
03:43:08.863 [main] DEBUG org.apache.nifi.minifi.bootstrap.configuration.ingestors.PullHttpChangeIngestor - Listeners notified
03:43:08.863 [qtp961160488-18] DEBUG org.eclipse.jetty.server.HttpOutput - close() s=CLOSED,api=BLOCKING,sc=false,e=null c=null b=null
03:43:08.863 [qtp961160488-18] DEBUG org.eclipse.jetty.server.Server - handled=true async=false committed=true on HttpChannelOverHttp@14f85354{s=HttpChannelState@2a5e8b83{s=HANDLING rs=BLOCKING os=COMPLETED is=IDLE awp=false se=false i=true al=0},r=1,c=false/true,a=HANDLING,uri=//localhost:44789/,age=2}
03:43:08.863 [qtp961160488-18] DEBUG org.eclipse.jetty.server.HttpChannelState - unhandle HttpChannelState@2a5e8b83{s=HANDLING rs=BLOCKING os=COMPLETED is=IDLE awp=false se=false i=true al=0}
03:43:08.863 [qtp961160488-18] DEBUG org.eclipse.jetty.server.HttpChannelState - nextAction(false) COMPLETE HttpChannelState@2a5e8b83{s=HANDLING rs=COMPLETING os=COMPLETED is=IDLE awp=false se=false i=false al=0}
03:43:08.863 [qtp961160488-18] DEBUG org.eclipse.jetty.server.HttpChannel - action COMPLETE HttpChannelOverHttp@14f85354{s=HttpChannelState@2a5e8b83{s=HANDLING rs=COMPLETING os=COMPLETED is=IDLE awp=false se=false i=false al=0},r=1,c=false/true,a=HANDLING,uri=//localhost:44789/,age=2}
]]></system-out>
  </testcase>
  <testcase name="testUseEtagWithPath" classname="org.apache.nifi.minifi.bootstrap.configuration.ingestors.PullHttpChangeIngestorTest" time="0.026">
    <system-out><![CDATA[03:43:08.863 [qtp961160488-18] DEBUG org.eclipse.jetty.server.HttpOutput - complete(org.eclipse.jetty.util.Callback$3@18d91e9a) s=CLOSED,api=BLOCKING,sc=false,e=null s=true e=null, c=null
03:43:08.865 [qtp961160488-18] DEBUG org.eclipse.jetty.server.HttpChannelState - completed HttpChannelState@2a5e8b83{s=HANDLING rs=COMPLETING os=COMPLETED is=IDLE awp=false se=false i=false al=0}
03:43:08.865 [qtp961160488-18] DEBUG org.eclipse.jetty.server.HttpChannelState - unhandle HttpChannelState@2a5e8b83{s=HANDLING rs=COMPLETED os=COMPLETED is=IDLE awp=false se=false i=false al=0}
03:43:08.865 [qtp961160488-18] DEBUG org.eclipse.jetty.server.HttpChannelState - nextAction(false) TERMINATED HttpChannelState@2a5e8b83{s=IDLE rs=COMPLETED os=COMPLETED is=IDLE awp=false se=false i=false al=0}
03:43:08.865 [qtp961160488-18] DEBUG org.eclipse.jetty.server.HttpChannel - action TERMINATED HttpChannelOverHttp@14f85354{s=HttpChannelState@2a5e8b83{s=IDLE rs=COMPLETED os=COMPLETED is=IDLE awp=false se=false i=false al=0},r=1,c=true/true,a=IDLE,uri=//localhost:44789/,age=4}
03:43:08.865 [qtp961160488-18] DEBUG org.eclipse.jetty.server.HttpChannel - onCompleted for / written=4
03:43:08.865 [qtp961160488-18] DEBUG org.eclipse.jetty.io.ChannelEndPoint - filled 0 HeapByteBuffer@70640e51[p=0,l=0,c=8192,r=0]={<<<>>>HTTP/1.1 ...\x00\x00\x00\x00\x00\x00\x00}
03:43:08.865 [qtp961160488-18] DEBUG org.eclipse.jetty.io.ChannelEndPoint - filled 0 HeapByteBuffer@70640e51[p=0,l=0,c=8192,r=0]={<<<>>>HTTP/1.1 ...\x00\x00\x00\x00\x00\x00\x00}
03:43:08.865 [main] DEBUG org.apache.nifi.minifi.bootstrap.configuration.ingestors.PullHttpChangeIngestor - Attempting to pull new config
03:43:08.865 [qtp961160488-18] DEBUG org.eclipse.jetty.server.HttpConnection - HttpConnection@6ef8d980::SocketChannelEndPoint@39491387{l=/127.0.0.1:44789,r=/127.0.0.1:41470,OPEN,fill=-,flush=-,to=2/3000}{io=0/0,kio=0,kro=1}->HttpConnection@6ef8d980[p=HttpParser{s=CONTENT,0 of -1},g=HttpGenerator@49e8a8af{s=END}]=>HttpChannelOverHttp@14f85354{s=HttpChannelState@2a5e8b83{s=IDLE rs=COMPLETED os=COMPLETED is=IDLE awp=false se=false i=false al=0},r=1,c=true/true,a=IDLE,uri=//localhost:44789/,age=4} filled 0 HeapByteBuffer@70640e51[p=0,l=0,c=8192,r=0]={<<<>>>HTTP/1.1 ...\x00\x00\x00\x00\x00\x00\x00}
03:43:08.865 [qtp961160488-18] DEBUG org.eclipse.jetty.server.HttpConnection - HttpConnection@6ef8d980::SocketChannelEndPoint@39491387{l=/127.0.0.1:44789,r=/127.0.0.1:41470,OPEN,fill=-,flush=-,to=2/3000}{io=0/0,kio=0,kro=1}->HttpConnection@6ef8d980[p=HttpParser{s=CONTENT,0 of -1},g=HttpGenerator@49e8a8af{s=END}]=>HttpChannelOverHttp@14f85354{s=HttpChannelState@2a5e8b83{s=IDLE rs=COMPLETED os=COMPLETED is=IDLE awp=false se=false i=false al=0},r=1,c=true/true,a=IDLE,uri=//localhost:44789/,age=4} parse HeapByteBuffer@70640e51[p=0,l=0,c=8192,r=0]={<<<>>>HTTP/1.1 ...\x00\x00\x00\x00\x00\x00\x00} {}
03:43:08.865 [qtp961160488-18] DEBUG org.eclipse.jetty.http.HttpParser - parseNext s=CONTENT HeapByteBuffer@70640e51[p=0,l=0,c=8192,r=0]={<<<>>>HTTP/1.1 ...\x00\x00\x00\x00\x00\x00\x00}
03:43:08.866 [qtp961160488-18] DEBUG org.eclipse.jetty.http.HttpParser - CONTENT --> CONTENT_END
03:43:08.866 [qtp961160488-18] DEBUG org.eclipse.jetty.server.HttpChannel - onContentComplete HttpChannelOverHttp@14f85354{s=HttpChannelState@2a5e8b83{s=IDLE rs=COMPLETED os=COMPLETED is=IDLE awp=false se=false i=false al=0},r=1,c=true/true,a=IDLE,uri=//localhost:44789/,age=5}
03:43:08.866 [qtp961160488-18] DEBUG org.eclipse.jetty.http.HttpParser - CONTENT_END --> END
03:43:08.866 [qtp961160488-18] DEBUG org.eclipse.jetty.server.HttpChannel - onRequestComplete HttpChannelOverHttp@14f85354{s=HttpChannelState@2a5e8b83{s=IDLE rs=COMPLETED os=COMPLETED is=IDLE awp=false se=false i=false al=0},r=1,c=true/true,a=IDLE,uri=//localhost:44789/,age=5}
03:43:08.866 [qtp961160488-18] DEBUG org.eclipse.jetty.server.HttpInput - HttpInputOverHTTP@53e4f9cf[c=0,q=0,[0]=null,s=STREAM] addContent EOF
03:43:08.866 [qtp961160488-19-acceptor-0@1e1a0406-ServerConnector@446293d{HTTP/1.1, (http/1.1)}{localhost:44789}] DEBUG org.eclipse.jetty.io.ManagedSelector - Queued change lazy=false Accept@708b96f4[java.nio.channels.SocketChannel[connected local=/127.0.0.1:44789 remote=/127.0.0.1:41478]] on ManagedSelector@194bcebf{STARTED} id=0 keys=0 selected=0 updates=0
03:43:08.866 [qtp961160488-18] DEBUG org.eclipse.jetty.server.HttpConnection - HttpConnection@6ef8d980::SocketChannelEndPoint@39491387{l=/127.0.0.1:44789,r=/127.0.0.1:41470,OPEN,fill=-,flush=-,to=3/3000}{io=0/0,kio=0,kro=1}->HttpConnection@6ef8d980[p=HttpParser{s=END,0 of -1},g=HttpGenerator@49e8a8af{s=END}]=>HttpChannelOverHttp@14f85354{s=HttpChannelState@2a5e8b83{s=IDLE rs=COMPLETED os=COMPLETED is=IDLE awp=false se=false i=false al=0},r=1,c=true/true,a=IDLE,uri=//localhost:44789/,age=5} parsed false HttpParser{s=END,0 of -1}
03:43:08.866 [qtp961160488-19-acceptor-0@1e1a0406-ServerConnector@446293d{HTTP/1.1, (http/1.1)}{localhost:44789}] DEBUG org.eclipse.jetty.io.ManagedSelector - Wakeup on submit ManagedSelector@194bcebf{STARTED} id=0 keys=0 selected=0 updates=1
03:43:08.866 [qtp961160488-15] DEBUG org.eclipse.jetty.io.ManagedSelector - Selector sun.nio.ch.EPollSelectorImpl@7fa90fe8 woken with none selected
03:43:08.866 [qtp961160488-15] DEBUG org.eclipse.jetty.io.ManagedSelector - Selector sun.nio.ch.EPollSelectorImpl@7fa90fe8 woken up from select, 0/0/0 selected
03:43:08.866 [qtp961160488-15] DEBUG org.eclipse.jetty.io.ManagedSelector - Selector sun.nio.ch.EPollSelectorImpl@7fa90fe8 processing 0 keys, 1 updates
03:43:08.866 [qtp961160488-15] DEBUG org.eclipse.jetty.io.ManagedSelector - updateable 1
03:43:08.866 [qtp961160488-18] DEBUG org.eclipse.jetty.server.HttpConnection - releaseRequestBuffer HttpConnection@6ef8d980::SocketChannelEndPoint@39491387{l=/127.0.0.1:44789,r=/127.0.0.1:41470,OPEN,fill=-,flush=-,to=3/3000}{io=0/0,kio=0,kro=1}->HttpConnection@6ef8d980[p=HttpParser{s=END,0 of -1},g=HttpGenerator@49e8a8af{s=END}]=>HttpChannelOverHttp@14f85354{s=HttpChannelState@2a5e8b83{s=IDLE rs=COMPLETED os=COMPLETED is=IDLE awp=false se=false i=false al=0},r=1,c=true/true,a=IDLE,uri=//localhost:44789/,age=5}
03:43:08.866 [qtp961160488-15] DEBUG org.eclipse.jetty.io.ManagedSelector - update Accept@708b96f4[java.nio.channels.SocketChannel[connected local=/127.0.0.1:44789 remote=/127.0.0.1:41478]]
03:43:08.866 [qtp961160488-18] DEBUG org.eclipse.jetty.server.HttpChannelState - recycle HttpChannelState@2a5e8b83{s=IDLE rs=COMPLETED os=COMPLETED is=IDLE awp=false se=false i=false al=0}
03:43:08.866 [qtp961160488-15] DEBUG org.eclipse.jetty.util.thread.QueuedThreadPool - queue Accept@708b96f4[java.nio.channels.SocketChannel[connected local=/127.0.0.1:44789 remote=/127.0.0.1:41478]] startThread=0
03:43:08.866 [qtp961160488-15] DEBUG org.eclipse.jetty.io.ManagedSelector - updates 0
03:43:08.866 [qtp961160488-18] DEBUG org.eclipse.jetty.http.HttpParser - reset HttpParser{s=END,0 of -1}
03:43:08.866 [qtp961160488-15] DEBUG org.eclipse.jetty.io.ManagedSelector - Selector sun.nio.ch.EPollSelectorImpl@7fa90fe8 waiting with 1 keys
03:43:08.866 [qtp961160488-18] DEBUG org.eclipse.jetty.http.HttpParser - END --> START
03:43:08.866 [qtp961160488-20] DEBUG org.eclipse.jetty.util.thread.QueuedThreadPool - run Accept@708b96f4[java.nio.channels.SocketChannel[connected local=/127.0.0.1:44789 remote=/127.0.0.1:41478]] in QueuedThreadPool[qtp961160488]@394a2528{STARTED,8<=8<=200,i=0,r=-1,q=0}[ReservedThreadExecutor@383bfa16{reserved=1/8,pending=0}]
03:43:08.866 [qtp961160488-18] DEBUG org.eclipse.jetty.server.HttpChannel - !handle TERMINATED HttpChannelOverHttp@14f85354{s=HttpChannelState@2a5e8b83{s=IDLE rs=BLOCKING os=OPEN is=IDLE awp=false se=false i=true al=0},r=1,c=false/false,a=IDLE,uri=null,age=0}
03:43:08.866 [qtp961160488-20] DEBUG org.eclipse.jetty.io.IdleTimeout - SocketChannelEndPoint@41dde189{l=/127.0.0.1:44789,r=/127.0.0.1:41478,OPEN,fill=-,flush=-,to=0/3000}{io=0/0,kio=0,kro=0}-><null> idle timeout check, elapsed: 0 ms, remaining: 3000 ms
03:43:08.867 [qtp961160488-18] DEBUG org.eclipse.jetty.io.ChannelEndPoint - filled 0 HeapByteBuffer@70640e51[p=0,l=0,c=8192,r=0]={<<<>>>HTTP/1.1 ...\x00\x00\x00\x00\x00\x00\x00}
03:43:08.867 [qtp961160488-20] DEBUG org.eclipse.jetty.server.HttpChannel - new HttpChannelOverHttp@4dfc94cd{s=HttpChannelState@7b7a0dc0{s=IDLE rs=BLOCKING os=OPEN is=IDLE awp=false se=false i=true al=0},r=0,c=false/false,a=IDLE,uri=null,age=0} -> SocketChannelEndPoint@41dde189{l=/127.0.0.1:44789,r=/127.0.0.1:41478,OPEN,fill=-,flush=-,to=0/3000}{io=0/0,kio=0,kro=0}-><null>,null,HttpChannelState@7b7a0dc0{s=IDLE rs=BLOCKING os=OPEN is=IDLE awp=false se=false i=true al=0}
03:43:08.867 [qtp961160488-18] DEBUG org.eclipse.jetty.io.ChannelEndPoint - filled 0 HeapByteBuffer@70640e51[p=0,l=0,c=8192,r=0]={<<<>>>HTTP/1.1 ...\x00\x00\x00\x00\x00\x00\x00}
03:43:08.867 [qtp961160488-20] DEBUG org.eclipse.jetty.server.HttpConnection - New HTTP Connection HttpConnection@2d27435::SocketChannelEndPoint@41dde189{l=/127.0.0.1:44789,r=/127.0.0.1:41478,OPEN,fill=-,flush=-,to=0/3000}{io=0/0,kio=0,kro=0}-><null>
03:43:08.867 [qtp961160488-20] DEBUG org.eclipse.jetty.io.ManagedSelector - Queued change lazy=true org.eclipse.jetty.io.ManagedSelector$$Lambda$258/445561681@2cad1c4f on ManagedSelector@194bcebf{STARTED} id=0 keys=1 selected=0 updates=0
03:43:08.867 [qtp961160488-20] DEBUG org.eclipse.jetty.io.AbstractEndPoint - onOpen SocketChannelEndPoint@41dde189{l=/127.0.0.1:44789,r=/127.0.0.1:41478,OPEN,fill=-,flush=-,to=0/3000}{io=0/0,kio=0,kro=0}->HttpConnection@2d27435[p=HttpParser{s=START,0 of -1},g=HttpGenerator@5debfeb{s=START}]=>HttpChannelOverHttp@4dfc94cd{s=HttpChannelState@7b7a0dc0{s=IDLE rs=BLOCKING os=OPEN is=IDLE awp=false se=false i=true al=0},r=0,c=false/false,a=IDLE,uri=null,age=0}
03:43:08.867 [qtp961160488-18] DEBUG org.eclipse.jetty.server.HttpConnection - HttpConnection@6ef8d980::SocketChannelEndPoint@39491387{l=/127.0.0.1:44789,r=/127.0.0.1:41470,OPEN,fill=-,flush=-,to=4/3000}{io=0/0,kio=0,kro=1}->HttpConnection@6ef8d980[p=HttpParser{s=START,0 of -1},g=HttpGenerator@49e8a8af{s=START}]=>HttpChannelOverHttp@14f85354{s=HttpChannelState@2a5e8b83{s=IDLE rs=BLOCKING os=OPEN is=IDLE awp=false se=false i=true al=0},r=1,c=false/false,a=IDLE,uri=null,age=0} filled 0 HeapByteBuffer@70640e51[p=0,l=0,c=8192,r=0]={<<<>>>HTTP/1.1 ...\x00\x00\x00\x00\x00\x00\x00}
03:43:08.867 [qtp961160488-20] DEBUG org.eclipse.jetty.io.AbstractConnection - onOpen HttpConnection@2d27435::SocketChannelEndPoint@41dde189{l=/127.0.0.1:44789,r=/127.0.0.1:41478,OPEN,fill=-,flush=-,to=0/3000}{io=0/0,kio=0,kro=0}->HttpConnection@2d27435[p=HttpParser{s=START,0 of -1},g=HttpGenerator@5debfeb{s=START}]=>HttpChannelOverHttp@4dfc94cd{s=HttpChannelState@7b7a0dc0{s=IDLE rs=BLOCKING os=OPEN is=IDLE awp=false se=false i=true al=0},r=0,c=false/false,a=IDLE,uri=null,age=0}
03:43:08.867 [qtp961160488-20] DEBUG org.eclipse.jetty.io.AbstractConnection - fillInterested HttpConnection@2d27435::SocketChannelEndPoint@41dde189{l=/127.0.0.1:44789,r=/127.0.0.1:41478,OPEN,fill=-,flush=-,to=0/3000}{io=0/0,kio=0,kro=0}->HttpConnection@2d27435[p=HttpParser{s=START,0 of -1},g=HttpGenerator@5debfeb{s=START}]=>HttpChannelOverHttp@4dfc94cd{s=HttpChannelState@7b7a0dc0{s=IDLE rs=BLOCKING os=OPEN is=IDLE awp=false se=false i=true al=0},r=0,c=false/false,a=IDLE,uri=null,age=0}
03:43:08.867 [qtp961160488-18] DEBUG org.eclipse.jetty.server.HttpConnection - HttpConnection@6ef8d980::SocketChannelEndPoint@39491387{l=/127.0.0.1:44789,r=/127.0.0.1:41470,OPEN,fill=-,flush=-,to=4/3000}{io=0/0,kio=0,kro=1}->HttpConnection@6ef8d980[p=HttpParser{s=START,0 of -1},g=HttpGenerator@49e8a8af{s=START}]=>HttpChannelOverHttp@14f85354{s=HttpChannelState@2a5e8b83{s=IDLE rs=BLOCKING os=OPEN is=IDLE awp=false se=false i=true al=0},r=1,c=false/false,a=IDLE,uri=null,age=0} parse HeapByteBuffer@70640e51[p=0,l=0,c=8192,r=0]={<<<>>>HTTP/1.1 ...\x00\x00\x00\x00\x00\x00\x00} {}
03:43:08.867 [qtp961160488-18] DEBUG org.eclipse.jetty.http.HttpParser - parseNext s=START HeapByteBuffer@70640e51[p=0,l=0,c=8192,r=0]={<<<>>>HTTP/1.1 ...\x00\x00\x00\x00\x00\x00\x00}
03:43:08.867 [qtp961160488-20] DEBUG org.eclipse.jetty.io.FillInterest - interested FillInterest@2ee1a69d{AC.ReadCB@2d27435{HttpConnection@2d27435::SocketChannelEndPoint@41dde189{l=/127.0.0.1:44789,r=/127.0.0.1:41478,OPEN,fill=FI,flush=-,to=0/3000}{io=0/0,kio=0,kro=0}->HttpConnection@2d27435[p=HttpParser{s=START,0 of -1},g=HttpGenerator@5debfeb{s=START}]=>HttpChannelOverHttp@4dfc94cd{s=HttpChannelState@7b7a0dc0{s=IDLE rs=BLOCKING os=OPEN is=IDLE awp=false se=false i=true al=0},r=0,c=false/false,a=IDLE,uri=null,age=0}}}
03:43:08.867 [qtp961160488-18] DEBUG org.eclipse.jetty.server.HttpConnection - HttpConnection@6ef8d980::SocketChannelEndPoint@39491387{l=/127.0.0.1:44789,r=/127.0.0.1:41470,OPEN,fill=-,flush=-,to=4/3000}{io=0/0,kio=0,kro=1}->HttpConnection@6ef8d980[p=HttpParser{s=START,0 of -1},g=HttpGenerator@49e8a8af{s=START}]=>HttpChannelOverHttp@14f85354{s=HttpChannelState@2a5e8b83{s=IDLE rs=BLOCKING os=OPEN is=IDLE awp=false se=false i=true al=0},r=1,c=false/false,a=IDLE,uri=null,age=0} parsed false HttpParser{s=START,0 of -1}
03:43:08.867 [qtp961160488-20] DEBUG org.eclipse.jetty.io.ChannelEndPoint - changeInterests p=false 0->1 for SocketChannelEndPoint@41dde189{l=/127.0.0.1:44789,r=/127.0.0.1:41478,OPEN,fill=FI,flush=-,to=0/3000}{io=0/1,kio=0,kro=0}->HttpConnection@2d27435[p=HttpParser{s=START,0 of -1},g=HttpGenerator@5debfeb{s=START}]=>HttpChannelOverHttp@4dfc94cd{s=HttpChannelState@7b7a0dc0{s=IDLE rs=BLOCKING os=OPEN is=IDLE awp=false se=false i=true al=0},r=0,c=false/false,a=IDLE,uri=null,age=0}
03:43:08.867 [qtp961160488-20] DEBUG org.eclipse.jetty.io.ManagedSelector - Queued change lazy=false org.eclipse.jetty.io.ChannelEndPoint$$Lambda$255/90666987@3f830ca8 on ManagedSelector@194bcebf{STARTED} id=0 keys=1 selected=0 updates=1
03:43:08.867 [qtp961160488-18] DEBUG org.eclipse.jetty.server.HttpConnection - releaseRequestBuffer HttpConnection@6ef8d980::SocketChannelEndPoint@39491387{l=/127.0.0.1:44789,r=/127.0.0.1:41470,OPEN,fill=-,flush=-,to=4/3000}{io=0/0,kio=0,kro=1}->HttpConnection@6ef8d980[p=HttpParser{s=START,0 of -1},g=HttpGenerator@49e8a8af{s=START}]=>HttpChannelOverHttp@14f85354{s=HttpChannelState@2a5e8b83{s=IDLE rs=BLOCKING os=OPEN is=IDLE awp=false se=false i=true al=0},r=1,c=false/false,a=IDLE,uri=null,age=0}
03:43:08.867 [qtp961160488-20] DEBUG org.eclipse.jetty.io.ManagedSelector - Wakeup on submit ManagedSelector@194bcebf{STARTED} id=0 keys=1 selected=0 updates=2
03:43:08.868 [qtp961160488-15] DEBUG org.eclipse.jetty.io.ManagedSelector - Selector sun.nio.ch.EPollSelectorImpl@7fa90fe8 woken with none selected
03:43:08.868 [qtp961160488-18] DEBUG org.eclipse.jetty.io.AbstractConnection - fillInterested HttpConnection@6ef8d980::SocketChannelEndPoint@39491387{l=/127.0.0.1:44789,r=/127.0.0.1:41470,OPEN,fill=-,flush=-,to=4/3000}{io=0/0,kio=0,kro=1}->HttpConnection@6ef8d980[p=HttpParser{s=START,0 of -1},g=HttpGenerator@49e8a8af{s=START}]=>HttpChannelOverHttp@14f85354{s=HttpChannelState@2a5e8b83{s=IDLE rs=BLOCKING os=OPEN is=IDLE awp=false se=false i=true al=0},r=1,c=false/false,a=IDLE,uri=null,age=0}
03:43:08.868 [qtp961160488-20] DEBUG org.eclipse.jetty.io.ManagedSelector - Created SocketChannelEndPoint@41dde189{l=/127.0.0.1:44789,r=/127.0.0.1:41478,OPEN,fill=FI,flush=-,to=0/3000}{io=0/1,kio=0,kro=0}->HttpConnection@2d27435[p=HttpParser{s=START,0 of -1},g=HttpGenerator@5debfeb{s=START}]=>HttpChannelOverHttp@4dfc94cd{s=HttpChannelState@7b7a0dc0{s=IDLE rs=BLOCKING os=OPEN is=IDLE awp=false se=false i=true al=0},r=0,c=false/false,a=IDLE,uri=null,age=0}
03:43:08.868 [qtp961160488-15] DEBUG org.eclipse.jetty.io.ManagedSelector - Selector sun.nio.ch.EPollSelectorImpl@7fa90fe8 woken up from select, 0/0/1 selected
03:43:08.868 [qtp961160488-15] DEBUG org.eclipse.jetty.io.ManagedSelector - Selector sun.nio.ch.EPollSelectorImpl@7fa90fe8 processing 0 keys, 2 updates
03:43:08.868 [qtp961160488-15] DEBUG org.eclipse.jetty.io.ManagedSelector - updateable 2
03:43:08.868 [qtp961160488-20] DEBUG org.eclipse.jetty.util.thread.QueuedThreadPool - ran Accept@708b96f4[java.nio.channels.SocketChannel[connected local=/127.0.0.1:44789 remote=/127.0.0.1:41478]] in QueuedThreadPool[qtp961160488]@394a2528{STARTED,8<=8<=200,i=0,r=-1,q=0}[ReservedThreadExecutor@383bfa16{reserved=1/8,pending=0}]
03:43:08.868 [qtp961160488-15] DEBUG org.eclipse.jetty.io.ManagedSelector - update org.eclipse.jetty.io.ManagedSelector$$Lambda$258/445561681@2cad1c4f
03:43:08.868 [qtp961160488-18] DEBUG org.eclipse.jetty.io.FillInterest - interested FillInterest@17b42082{AC.ReadCB@6ef8d980{HttpConnection@6ef8d980::SocketChannelEndPoint@39491387{l=/127.0.0.1:44789,r=/127.0.0.1:41470,OPEN,fill=FI,flush=-,to=0/3000}{io=0/0,kio=0,kro=1}->HttpConnection@6ef8d980[p=HttpParser{s=START,0 of -1},g=HttpGenerator@49e8a8af{s=START}]=>HttpChannelOverHttp@14f85354{s=HttpChannelState@2a5e8b83{s=IDLE rs=BLOCKING os=OPEN is=IDLE awp=false se=false i=true al=0},r=1,c=false/false,a=IDLE,uri=null,age=0}}}
03:43:08.868 [qtp961160488-15] DEBUG org.eclipse.jetty.io.ManagedSelector - update org.eclipse.jetty.io.ChannelEndPoint$$Lambda$255/90666987@3f830ca8
03:43:08.868 [qtp961160488-18] DEBUG org.eclipse.jetty.io.ChannelEndPoint - changeInterests p=false 0->1 for SocketChannelEndPoint@39491387{l=/127.0.0.1:44789,r=/127.0.0.1:41470,OPEN,fill=FI,flush=-,to=0/3000}{io=0/1,kio=0,kro=1}->HttpConnection@6ef8d980[p=HttpParser{s=START,0 of -1},g=HttpGenerator@49e8a8af{s=START}]=>HttpChannelOverHttp@14f85354{s=HttpChannelState@2a5e8b83{s=IDLE rs=BLOCKING os=OPEN is=IDLE awp=false se=false i=true al=0},r=1,c=false/false,a=IDLE,uri=null,age=0}
03:43:08.868 [qtp961160488-18] DEBUG org.eclipse.jetty.io.ManagedSelector - Queued change lazy=false org.eclipse.jetty.io.ChannelEndPoint$$Lambda$255/90666987@3f28df2d on ManagedSelector@1de5f259{STARTED} id=3 keys=1 selected=0 updates=0
03:43:08.868 [qtp961160488-15] DEBUG org.eclipse.jetty.io.ChannelEndPoint - Key interests updated 0 -> 1 on SocketChannelEndPoint@41dde189{l=/127.0.0.1:44789,r=/127.0.0.1:41478,OPEN,fill=FI,flush=-,to=0/3000}{io=1/1,kio=1,kro=0}->HttpConnection@2d27435[p=HttpParser{s=START,0 of -1},g=HttpGenerator@5debfeb{s=START}]=>HttpChannelOverHttp@4dfc94cd{s=HttpChannelState@7b7a0dc0{s=IDLE rs=BLOCKING os=OPEN is=IDLE awp=false se=false i=true al=0},r=0,c=false/false,a=IDLE,uri=null,age=0}
03:43:08.868 [qtp961160488-18] DEBUG org.eclipse.jetty.io.ManagedSelector - Wakeup on submit ManagedSelector@1de5f259{STARTED} id=3 keys=1 selected=0 updates=1
03:43:08.868 [qtp961160488-15] DEBUG org.eclipse.jetty.io.ManagedSelector - updates 0
03:43:08.868 [qtp961160488-15] DEBUG org.eclipse.jetty.io.ManagedSelector - Selector sun.nio.ch.EPollSelectorImpl@7fa90fe8 waiting with 1 keys
03:43:08.868 [qtp961160488-22] DEBUG org.eclipse.jetty.io.ManagedSelector - Selector sun.nio.ch.EPollSelectorImpl@11cfe143 woken with none selected
03:43:08.868 [qtp961160488-22] DEBUG org.eclipse.jetty.io.ManagedSelector - Selector sun.nio.ch.EPollSelectorImpl@11cfe143 woken up from select, 0/0/1 selected
03:43:08.868 [qtp961160488-15] DEBUG org.eclipse.jetty.io.ManagedSelector - Selector sun.nio.ch.EPollSelectorImpl@7fa90fe8 woken up from select, 1/1/1 selected
03:43:08.868 [qtp961160488-22] DEBUG org.eclipse.jetty.io.ManagedSelector - Selector sun.nio.ch.EPollSelectorImpl@11cfe143 processing 0 keys, 1 updates
03:43:08.868 [qtp961160488-15] DEBUG org.eclipse.jetty.io.ManagedSelector - Selector sun.nio.ch.EPollSelectorImpl@7fa90fe8 processing 1 keys, 0 updates
03:43:08.868 [qtp961160488-22] DEBUG org.eclipse.jetty.io.ManagedSelector - updateable 1
03:43:08.868 [qtp961160488-22] DEBUG org.eclipse.jetty.io.ManagedSelector - update org.eclipse.jetty.io.ChannelEndPoint$$Lambda$255/90666987@3f28df2d
03:43:08.868 [qtp961160488-18] DEBUG org.eclipse.jetty.server.HttpConnection - HttpConnection@6ef8d980::SocketChannelEndPoint@39491387{l=/127.0.0.1:44789,r=/127.0.0.1:41470,OPEN,fill=FI,flush=-,to=0/3000}{io=0/1,kio=0,kro=1}->HttpConnection@6ef8d980[p=HttpParser{s=START,0 of -1},g=HttpGenerator@49e8a8af{s=START}]=>HttpChannelOverHttp@14f85354{s=HttpChannelState@2a5e8b83{s=IDLE rs=BLOCKING os=OPEN is=IDLE awp=false se=false i=true al=0},r=1,c=false/false,a=IDLE,uri=null,age=0} onFillable exit HttpChannelState@2a5e8b83{s=IDLE rs=BLOCKING os=OPEN is=IDLE awp=false se=false i=true al=0} null
03:43:08.868 [qtp961160488-15] DEBUG org.eclipse.jetty.io.ManagedSelector - selected 1 sun.nio.ch.SelectionKeyImpl@2d2c15d8 SocketChannelEndPoint@41dde189{l=/127.0.0.1:44789,r=/127.0.0.1:41478,OPEN,fill=FI,flush=-,to=1/3000}{io=1/1,kio=1,kro=1}->HttpConnection@2d27435[p=HttpParser{s=START,0 of -1},g=HttpGenerator@5debfeb{s=START}]=>HttpChannelOverHttp@4dfc94cd{s=HttpChannelState@7b7a0dc0{s=IDLE rs=BLOCKING os=OPEN is=IDLE awp=false se=false i=true al=0},r=0,c=false/false,a=IDLE,uri=null,age=0} 
03:43:08.868 [qtp961160488-22] DEBUG org.eclipse.jetty.io.ChannelEndPoint - Key interests updated 0 -> 1 on SocketChannelEndPoint@39491387{l=/127.0.0.1:44789,r=/127.0.0.1:41470,OPEN,fill=FI,flush=-,to=0/3000}{io=1/1,kio=1,kro=1}->HttpConnection@6ef8d980[p=HttpParser{s=START,0 of -1},g=HttpGenerator@49e8a8af{s=START}]=>HttpChannelOverHttp@14f85354{s=HttpChannelState@2a5e8b83{s=IDLE rs=BLOCKING os=OPEN is=IDLE awp=false se=false i=true al=0},r=1,c=false/false,a=IDLE,uri=null,age=0}
03:43:08.868 [qtp961160488-22] DEBUG org.eclipse.jetty.io.ManagedSelector - updates 0
03:43:08.868 [qtp961160488-22] DEBUG org.eclipse.jetty.io.ManagedSelector - Selector sun.nio.ch.EPollSelectorImpl@11cfe143 waiting with 1 keys
03:43:08.868 [qtp961160488-15] DEBUG org.eclipse.jetty.io.ChannelEndPoint - onSelected 1->0 r=true w=false for SocketChannelEndPoint@41dde189{l=/127.0.0.1:44789,r=/127.0.0.1:41478,OPEN,fill=FI,flush=-,to=1/3000}{io=1/0,kio=1,kro=1}->HttpConnection@2d27435[p=HttpParser{s=START,0 of -1},g=HttpGenerator@5debfeb{s=START}]=>HttpChannelOverHttp@4dfc94cd{s=HttpChannelState@7b7a0dc0{s=IDLE rs=BLOCKING os=OPEN is=IDLE awp=false se=false i=true al=0},r=0,c=false/false,a=IDLE,uri=null,age=0}
03:43:08.868 [qtp961160488-18] DEBUG org.eclipse.jetty.util.thread.QueuedThreadPool - ran org.eclipse.jetty.io.ManagedSelector$$Lambda$253/838473569@21282ed8 in QueuedThreadPool[qtp961160488]@394a2528{STARTED,8<=8<=200,i=1,r=-1,q=0}[ReservedThreadExecutor@383bfa16{reserved=1/8,pending=0}]
03:43:08.869 [qtp961160488-15] DEBUG org.eclipse.jetty.io.ChannelEndPoint - task CEP:SocketChannelEndPoint@41dde189{l=/127.0.0.1:44789,r=/127.0.0.1:41478,OPEN,fill=FI,flush=-,to=1/3000}{io=1/0,kio=1,kro=1}->HttpConnection@2d27435[p=HttpParser{s=START,0 of -1},g=HttpGenerator@5debfeb{s=START}]=>HttpChannelOverHttp@4dfc94cd{s=HttpChannelState@7b7a0dc0{s=IDLE rs=BLOCKING os=OPEN is=IDLE awp=false se=false i=true al=0},r=0,c=false/false,a=IDLE,uri=null,age=0}:runFillable:BLOCKING
03:43:08.869 [qtp961160488-15] DEBUG org.eclipse.jetty.util.thread.ReservedThreadExecutor - ReservedThreadExecutor@383bfa16{reserved=1/8,pending=0} tryExecute EatWhatYouKill@25fb8912/SelectorProducer@d5b810e/PRODUCING/p=false/QueuedThreadPool[qtp961160488]@394a2528{STARTED,8<=8<=200,i=2,r=-1,q=0}[ReservedThreadExecutor@383bfa16{reserved=1/8,pending=0}][pc=0,pic=0,pec=0,epc=0]@2024-05-02T03:43:08.869+01:00
03:43:08.869 [qtp961160488-15] DEBUG org.eclipse.jetty.util.thread.ReservedThreadExecutor - ReservedThreadExecutor@383bfa16{reserved=0/8,pending=1} startReservedThread p=1
03:43:08.869 [qtp961160488-15] DEBUG org.eclipse.jetty.util.thread.QueuedThreadPool - queue ReservedThread@d0d79a7{PENDING,thread=null} startThread=0
03:43:08.869 [qtp961160488-20] DEBUG org.eclipse.jetty.util.thread.QueuedThreadPool - run ReservedThread@d0d79a7{PENDING,thread=null} in QueuedThreadPool[qtp961160488]@394a2528{STARTED,8<=8<=200,i=1,r=-1,q=0}[ReservedThreadExecutor@383bfa16{reserved=0/8,pending=1}]
03:43:08.869 [qtp961160488-20] DEBUG org.eclipse.jetty.util.thread.ReservedThreadExecutor - ReservedThread@d0d79a7{PENDING,thread=Thread[qtp961160488-20,5,main]} was=PENDING next=RESERVED size=0+1 capacity=8
03:43:08.869 [qtp961160488-20] DEBUG org.eclipse.jetty.util.thread.ReservedThreadExecutor - ReservedThread@d0d79a7{RESERVED,thread=Thread[qtp961160488-20,5,main]} waiting ReservedThreadExecutor@383bfa16{reserved=1/8,pending=0}
03:43:08.869 [qtp961160488-17] DEBUG org.eclipse.jetty.util.thread.ReservedThreadExecutor - ReservedThread@1b378a33{RESERVED,thread=Thread[qtp961160488-17,5,main]} task=EatWhatYouKill@25fb8912/SelectorProducer@d5b810e/IDLE/p=true/QueuedThreadPool[qtp961160488]@394a2528{STARTED,8<=8<=200,i=1,r=-1,q=0}[ReservedThreadExecutor@383bfa16{reserved=0/8,pending=1}][pc=0,pic=0,pec=0,epc=0]@2024-05-02T03:43:08.869+01:00 ReservedThreadExecutor@383bfa16{reserved=1/8,pending=0}
03:43:08.869 [qtp961160488-15] DEBUG org.eclipse.jetty.util.thread.strategy.EatWhatYouKill - EatWhatYouKill@25fb8912/SelectorProducer@d5b810e/IDLE/p=true/QueuedThreadPool[qtp961160488]@394a2528{STARTED,8<=8<=200,i=1,r=-1,q=0}[ReservedThreadExecutor@383bfa16{reserved=1/8,pending=0}][pc=0,pic=0,pec=0,epc=0]@2024-05-02T03:43:08.869+01:00 m=EXECUTE_PRODUCE_CONSUME t=CEP:SocketChannelEndPoint@41dde189{l=/127.0.0.1:44789,r=/127.0.0.1:41478,OPEN,fill=FI,flush=-,to=2/3000}{io=1/0,kio=1,kro=1}->HttpConnection@2d27435[p=HttpParser{s=START,0 of -1},g=HttpGenerator@5debfeb{s=START}]=>HttpChannelOverHttp@4dfc94cd{s=HttpChannelState@7b7a0dc0{s=IDLE rs=BLOCKING os=OPEN is=IDLE awp=false se=false i=true al=0},r=0,c=false/false,a=IDLE,uri=null,age=0}:runFillable:BLOCKING/BLOCKING
03:43:08.869 [qtp961160488-17] DEBUG org.eclipse.jetty.util.thread.strategy.EatWhatYouKill - EatWhatYouKill@25fb8912/SelectorProducer@d5b810e/IDLE/p=true/QueuedThreadPool[qtp961160488]@394a2528{STARTED,8<=8<=200,i=1,r=-1,q=0}[ReservedThreadExecutor@383bfa16{reserved=1/8,pending=0}][pc=0,pic=0,pec=0,epc=0]@2024-05-02T03:43:08.869+01:00 tryProduce true
03:43:08.869 [qtp961160488-17] DEBUG org.eclipse.jetty.io.ManagedSelector - updateable 0
03:43:08.869 [qtp961160488-17] DEBUG org.eclipse.jetty.io.ManagedSelector - updates 0
03:43:08.870 [qtp961160488-15] DEBUG org.eclipse.jetty.io.FillInterest - fillable FillInterest@2ee1a69d{AC.ReadCB@2d27435{HttpConnection@2d27435::SocketChannelEndPoint@41dde189{l=/127.0.0.1:44789,r=/127.0.0.1:41478,OPEN,fill=FI,flush=-,to=2/3000}{io=1/0,kio=1,kro=1}->HttpConnection@2d27435[p=HttpParser{s=START,0 of -1},g=HttpGenerator@5debfeb{s=START}]=>HttpChannelOverHttp@4dfc94cd{s=HttpChannelState@7b7a0dc0{s=IDLE rs=BLOCKING os=OPEN is=IDLE awp=false se=false i=true al=0},r=0,c=false/false,a=IDLE,uri=null,age=0}}}
03:43:08.870 [qtp961160488-17] DEBUG org.eclipse.jetty.io.ChannelEndPoint - Key interests updated 1 -> 0 on SocketChannelEndPoint@41dde189{l=/127.0.0.1:44789,r=/127.0.0.1:41478,OPEN,fill=FI,flush=-,to=2/3000}{io=0/0,kio=0,kro=1}->HttpConnection@2d27435[p=HttpParser{s=START,0 of -1},g=HttpGenerator@5debfeb{s=START}]=>HttpChannelOverHttp@4dfc94cd{s=HttpChannelState@7b7a0dc0{s=IDLE rs=BLOCKING os=OPEN is=IDLE awp=false se=false i=true al=0},r=0,c=false/false,a=IDLE,uri=null,age=0}
03:43:08.870 [qtp961160488-17] DEBUG org.eclipse.jetty.io.ManagedSelector - Selector sun.nio.ch.EPollSelectorImpl@7fa90fe8 waiting with 1 keys
03:43:08.870 [qtp961160488-15] DEBUG org.eclipse.jetty.server.HttpConnection - HttpConnection@2d27435::SocketChannelEndPoint@41dde189{l=/127.0.0.1:44789,r=/127.0.0.1:41478,OPEN,fill=-,flush=-,to=2/3000}{io=0/0,kio=0,kro=1}->HttpConnection@2d27435[p=HttpParser{s=START,0 of -1},g=HttpGenerator@5debfeb{s=START}]=>HttpChannelOverHttp@4dfc94cd{s=HttpChannelState@7b7a0dc0{s=IDLE rs=BLOCKING os=OPEN is=IDLE awp=false se=false i=true al=0},r=0,c=false/false,a=IDLE,uri=null,age=0} onFillable enter HttpChannelState@7b7a0dc0{s=IDLE rs=BLOCKING os=OPEN is=IDLE awp=false se=false i=true al=0} null
03:43:08.870 [qtp961160488-15] DEBUG org.eclipse.jetty.io.ChannelEndPoint - filled 142 HeapByteBuffer@70640e51[p=0,l=142,c=8192,r=142]={<<<GET /config.yml HTTP/1.1\r...gent: okhttp/3.12.3\r\n\r\n>>>(9.4.44.v...\x00\x00\x00\x00\x00\x00\x00}
03:43:08.870 [qtp961160488-15] DEBUG org.eclipse.jetty.server.HttpConnection - HttpConnection@2d27435::SocketChannelEndPoint@41dde189{l=/127.0.0.1:44789,r=/127.0.0.1:41478,OPEN,fill=-,flush=-,to=0/3000}{io=0/0,kio=0,kro=1}->HttpConnection@2d27435[p=HttpParser{s=START,0 of -1},g=HttpGenerator@5debfeb{s=START}]=>HttpChannelOverHttp@4dfc94cd{s=HttpChannelState@7b7a0dc0{s=IDLE rs=BLOCKING os=OPEN is=IDLE awp=false se=false i=true al=0},r=0,c=false/false,a=IDLE,uri=null,age=0} filled 142 HeapByteBuffer@70640e51[p=0,l=142,c=8192,r=142]={<<<GET /config.yml HTTP/1.1\r...gent: okhttp/3.12.3\r\n\r\n>>>(9.4.44.v...\x00\x00\x00\x00\x00\x00\x00}
03:43:08.870 [qtp961160488-15] DEBUG org.eclipse.jetty.server.HttpConnection - HttpConnection@2d27435::SocketChannelEndPoint@41dde189{l=/127.0.0.1:44789,r=/127.0.0.1:41478,OPEN,fill=-,flush=-,to=0/3000}{io=0/0,kio=0,kro=1}->HttpConnection@2d27435[p=HttpParser{s=START,0 of -1},g=HttpGenerator@5debfeb{s=START}]=>HttpChannelOverHttp@4dfc94cd{s=HttpChannelState@7b7a0dc0{s=IDLE rs=BLOCKING os=OPEN is=IDLE awp=false se=false i=true al=0},r=0,c=false/false,a=IDLE,uri=null,age=0} parse HeapByteBuffer@70640e51[p=0,l=142,c=8192,r=142]={<<<GET /config.yml HTTP/1.1\r...gent: okhttp/3.12.3\r\n\r\n>>>(9.4.44.v...\x00\x00\x00\x00\x00\x00\x00} {}
03:43:08.870 [qtp961160488-15] DEBUG org.eclipse.jetty.http.HttpParser - parseNext s=START HeapByteBuffer@70640e51[p=0,l=142,c=8192,r=142]={<<<GET /config.yml HTTP/1.1\r...gent: okhttp/3.12.3\r\n\r\n>>>(9.4.44.v...\x00\x00\x00\x00\x00\x00\x00}
03:43:08.870 [qtp961160488-15] DEBUG org.eclipse.jetty.http.HttpParser - START --> SPACE1
03:43:08.870 [qtp961160488-15] DEBUG org.eclipse.jetty.http.HttpParser - SPACE1 --> URI
03:43:08.870 [qtp961160488-15] DEBUG org.eclipse.jetty.http.HttpParser - URI --> SPACE2
03:43:08.870 [qtp961160488-15] DEBUG org.eclipse.jetty.http.HttpParser - SPACE2 --> REQUEST_VERSION
03:43:08.870 [qtp961160488-15] DEBUG org.eclipse.jetty.http.HttpParser - REQUEST_VERSION --> HEADER
03:43:08.870 [qtp961160488-15] DEBUG org.eclipse.jetty.http.HttpParser - HEADER:If-None-Match --> VALUE
03:43:08.870 [qtp961160488-15] DEBUG org.eclipse.jetty.http.HttpParser - HEADER:If-None-Match --> FIELD
03:43:08.870 [qtp961160488-15] DEBUG org.eclipse.jetty.http.HttpParser - HEADER:Host --> VALUE
03:43:08.870 [qtp961160488-15] DEBUG org.eclipse.jetty.http.HttpParser - HEADER:Host --> IN_VALUE
03:43:08.870 [qtp961160488-15] DEBUG org.eclipse.jetty.http.HttpParser - HEADER:Host --> FIELD
03:43:08.870 [qtp961160488-15] DEBUG org.eclipse.jetty.http.HttpParser - HEADER:Connection: keep-alive --> IN_VALUE
03:43:08.871 [qtp961160488-15] DEBUG org.eclipse.jetty.http.HttpParser - HEADER:Connection: keep-alive --> FIELD
03:43:08.871 [qtp961160488-15] DEBUG org.eclipse.jetty.http.HttpParser - HEADER:Accept-Encoding: gzip --> IN_VALUE
03:43:08.871 [qtp961160488-15] DEBUG org.eclipse.jetty.http.HttpParser - HEADER:Accept-Encoding: gzip --> FIELD
03:43:08.871 [qtp961160488-15] DEBUG org.eclipse.jetty.http.HttpParser - HEADER:User-Agent --> VALUE
03:43:08.871 [qtp961160488-15] DEBUG org.eclipse.jetty.http.HttpParser - HEADER:User-Agent --> IN_VALUE
03:43:08.871 [qtp961160488-15] DEBUG org.eclipse.jetty.http.HttpParser - HEADER:User-Agent --> FIELD
03:43:08.871 [qtp961160488-15] DEBUG org.eclipse.jetty.http.HttpParser - HEADER --> CONTENT
03:43:08.871 [qtp961160488-15] DEBUG org.eclipse.jetty.server.HttpChannel - REQUEST for //localhost:44789/config.yml on HttpChannelOverHttp@4dfc94cd{s=HttpChannelState@7b7a0dc0{s=IDLE rs=BLOCKING os=OPEN is=IDLE awp=false se=false i=true al=0},r=1,c=false/false,a=IDLE,uri=//localhost:44789/config.yml,age=0}
GET //localhost:44789/config.yml HTTP/1.1
If-None-Match: 
Host: localhost:44789
Connection: keep-alive
Accept-Encoding: gzip
User-Agent: okhttp/3.12.3


03:43:08.871 [qtp961160488-15] DEBUG org.eclipse.jetty.server.HttpConnection - HttpConnection@2d27435::SocketChannelEndPoint@41dde189{l=/127.0.0.1:44789,r=/127.0.0.1:41478,OPEN,fill=-,flush=-,to=1/3000}{io=0/0,kio=0,kro=1}->HttpConnection@2d27435[p=HttpParser{s=CONTENT,0 of -1},g=HttpGenerator@5debfeb{s=START}]=>HttpChannelOverHttp@4dfc94cd{s=HttpChannelState@7b7a0dc0{s=IDLE rs=BLOCKING os=OPEN is=IDLE awp=false se=false i=true al=0},r=1,c=false/false,a=IDLE,uri=//localhost:44789/config.yml,age=0} parsed true HttpParser{s=CONTENT,0 of -1}
03:43:08.871 [qtp961160488-15] DEBUG org.eclipse.jetty.server.HttpConnection - releaseRequestBuffer HttpConnection@2d27435::SocketChannelEndPoint@41dde189{l=/127.0.0.1:44789,r=/127.0.0.1:41478,OPEN,fill=-,flush=-,to=1/3000}{io=0/0,kio=0,kro=1}->HttpConnection@2d27435[p=HttpParser{s=CONTENT,0 of -1},g=HttpGenerator@5debfeb{s=START}]=>HttpChannelOverHttp@4dfc94cd{s=HttpChannelState@7b7a0dc0{s=IDLE rs=BLOCKING os=OPEN is=IDLE awp=false se=false i=true al=0},r=1,c=false/false,a=IDLE,uri=//localhost:44789/config.yml,age=0}
03:43:08.871 [qtp961160488-15] DEBUG org.eclipse.jetty.server.HttpChannel - handle //localhost:44789/config.yml HttpChannelOverHttp@4dfc94cd{s=HttpChannelState@7b7a0dc0{s=IDLE rs=BLOCKING os=OPEN is=IDLE awp=false se=false i=true al=0},r=1,c=false/false,a=IDLE,uri=//localhost:44789/config.yml,age=0} 
03:43:08.871 [qtp961160488-15] DEBUG org.eclipse.jetty.server.HttpChannelState - handling HttpChannelState@7b7a0dc0{s=IDLE rs=BLOCKING os=OPEN is=IDLE awp=false se=false i=true al=0}
03:43:08.871 [qtp961160488-15] DEBUG org.eclipse.jetty.server.HttpChannel - action DISPATCH HttpChannelOverHttp@4dfc94cd{s=HttpChannelState@7b7a0dc0{s=HANDLING rs=BLOCKING os=OPEN is=IDLE awp=false se=false i=true al=0},r=1,c=false/false,a=HANDLING,uri=//localhost:44789/config.yml,age=0}
03:43:08.871 [qtp961160488-15] DEBUG org.eclipse.jetty.server.Server - REQUEST GET /config.yml on HttpChannelOverHttp@4dfc94cd{s=HttpChannelState@7b7a0dc0{s=HANDLING rs=BLOCKING os=OPEN is=IDLE awp=false se=false i=true al=0},r=1,c=false/false,a=HANDLING,uri=//localhost:44789/config.yml,age=0}
03:43:08.871 [qtp961160488-15] DEBUG org.eclipse.jetty.server.HttpOutput - write(array HeapByteBuffer@53cc9413[p=0,l=4,c=512,r=4]={<<<path>>>\x00\x00\x00\x00\x00\x00\x00\x00\x00...\x00\x00\x00\x00\x00\x00\x00})
03:43:08.871 [qtp961160488-15] DEBUG org.eclipse.jetty.server.HttpOutput - write(array) s=CLOSING,api=BLOCKED,sc=false,e=null last=true agg=false flush=true async=false, len=4 null
03:43:08.872 [qtp961160488-15] DEBUG org.eclipse.jetty.server.HttpChannel - sendResponse info=null content=HeapByteBuffer@64ad07cd[p=0,l=4,c=512,r=4]={<<<path>>>\x00\x00\x00\x00\x00\x00\x00\x00\x00...\x00\x00\x00\x00\x00\x00\x00} complete=true committing=true callback=Blocker@29624c55{null}
03:43:08.872 [qtp961160488-15] DEBUG org.eclipse.jetty.server.HttpChannel - COMMIT for /config.yml on HttpChannelOverHttp@4dfc94cd{s=HttpChannelState@7b7a0dc0{s=HANDLING rs=BLOCKING os=COMMITTED is=IDLE awp=false se=false i=true al=0},r=1,c=false/false,a=HANDLING,uri=//localhost:44789/config.yml,age=1}
200 null HTTP/1.1
Date: Thu, 02 May 2024 02:43:08 GMT
ETag: testEtag
Content-Type: text/plain;charset=utf-8
Content-Length: 4


03:43:08.872 [qtp961160488-15] DEBUG org.eclipse.jetty.server.HttpConnection - generate: NEED_HEADER for SendCallback@4fc4d89f[PROCESSING][i=HTTP/1.1{s=200,h=4,cl=4},cb=org.eclipse.jetty.server.HttpChannel$SendCallback@789fa178] (null,[p=0,l=4,c=512,r=4],true)@START
03:43:08.872 [qtp961160488-15] DEBUG org.eclipse.jetty.http.HttpGenerator - generateHeaders HTTP/1.1{s=200,h=4,cl=4} last=true content=HeapByteBuffer@64ad07cd[p=0,l=4,c=512,r=4]={<<<path>>>\x00\x00\x00\x00\x00\x00\x00\x00\x00...\x00\x00\x00\x00\x00\x00\x00}
03:43:08.872 [qtp961160488-15] DEBUG org.eclipse.jetty.http.HttpGenerator - Date: Thu, 02 May 2024 02:43:08 GMT
ETag: testEtag
Content-Type: text/plain;charset=utf-8
Content-Length: 4


03:43:08.872 [qtp961160488-15] DEBUG org.eclipse.jetty.http.HttpGenerator - CONTENT_LENGTH
03:43:08.872 [qtp961160488-15] DEBUG org.eclipse.jetty.server.HttpConnection - generate: FLUSH for SendCallback@4fc4d89f[PROCESSING][i=HTTP/1.1{s=200,h=4,cl=4},cb=org.eclipse.jetty.server.HttpChannel$SendCallback@789fa178] ([p=0,l=164,c=8192,r=164],[p=0,l=4,c=512,r=4],true)@COMPLETING
03:43:08.872 [qtp961160488-15] DEBUG org.eclipse.jetty.io.WriteFlusher - write: WriteFlusher@748042c9{IDLE}->null [HeapByteBuffer@70640e51[p=0,l=164,c=8192,r=164]={<<<HTTP/1.1 200 OK\r\nDate: Th...y(9.4.44.v20210927)\r\n\r\n>>>\x00\x00\x00\x00\x00\x00\x00\x00\x00...\x00\x00\x00\x00\x00\x00\x00},HeapByteBuffer@64ad07cd[p=0,l=4,c=512,r=4]={<<<path>>>\x00\x00\x00\x00\x00\x00\x00\x00\x00...\x00\x00\x00\x00\x00\x00\x00}]
03:43:08.872 [qtp961160488-15] DEBUG org.eclipse.jetty.io.WriteFlusher - update WriteFlusher@748042c9{WRITING}->null:IDLE-->WRITING
03:43:08.872 [qtp961160488-15] DEBUG org.eclipse.jetty.io.ChannelEndPoint - flushed 168 SocketChannelEndPoint@41dde189{l=/127.0.0.1:44789,r=/127.0.0.1:41478,OPEN,fill=-,flush=W,to=2/3000}{io=0/0,kio=0,kro=1}->HttpConnection@2d27435[p=HttpParser{s=CONTENT,0 of -1},g=HttpGenerator@5debfeb{s=COMPLETING}]=>HttpChannelOverHttp@4dfc94cd{s=HttpChannelState@7b7a0dc0{s=HANDLING rs=BLOCKING os=COMMITTED is=IDLE awp=false se=false i=true al=0},r=1,c=false/false,a=HANDLING,uri=//localhost:44789/config.yml,age=1}
03:43:08.872 [main] DEBUG org.apache.nifi.minifi.bootstrap.configuration.ingestors.PullHttpChangeIngestor - Response received: Response{protocol=http/1.1, code=200, message=OK, url=http://localhost:44789/config.yml}
03:43:08.872 [qtp961160488-15] DEBUG org.eclipse.jetty.io.WriteFlusher - Flushed=true written=168 remaining=0 WriteFlusher@748042c9{WRITING}->null
03:43:08.872 [qtp961160488-15] DEBUG org.eclipse.jetty.io.WriteFlusher - update WriteFlusher@748042c9{IDLE}->null:WRITING-->IDLE
03:43:08.872 [qtp961160488-15] DEBUG org.eclipse.jetty.server.HttpConnection - generate: DONE for SendCallback@4fc4d89f[PROCESSING][i=HTTP/1.1{s=200,h=4,cl=4},cb=org.eclipse.jetty.server.HttpChannel$SendCallback@789fa178] ([p=164,l=164,c=8192,r=0],[p=4,l=4,c=512,r=0],true)@END
03:43:08.872 [main] DEBUG org.apache.nifi.minifi.bootstrap.configuration.ingestors.PullHttpChangeIngestor - New change received, notifying listener
03:43:08.873 [qtp961160488-15] DEBUG org.eclipse.jetty.server.HttpOutput - onWriteComplete(true,null) s=CLOSING,api=BLOCKED,sc=false,e=null->s=CLOSED,api=BLOCKING,sc=false,e=null c=null cb=null w=false
03:43:08.873 [main] DEBUG org.apache.nifi.minifi.bootstrap.configuration.ingestors.PullHttpChangeIngestor - Listeners notified
03:43:08.873 [qtp961160488-15] DEBUG org.eclipse.jetty.server.HttpOutput - close() s=CLOSED,api=BLOCKING,sc=false,e=null c=null b=null
03:43:08.873 [qtp961160488-15] DEBUG org.eclipse.jetty.server.Server - handled=true async=false committed=true on HttpChannelOverHttp@4dfc94cd{s=HttpChannelState@7b7a0dc0{s=HANDLING rs=BLOCKING os=COMPLETED is=IDLE awp=false se=false i=true al=0},r=1,c=false/true,a=HANDLING,uri=//localhost:44789/config.yml,age=2}
03:43:08.873 [main] DEBUG org.apache.nifi.minifi.bootstrap.configuration.ingestors.PullHttpChangeIngestor - Attempting to pull new config
03:43:08.873 [qtp961160488-15] DEBUG org.eclipse.jetty.server.HttpChannelState - unhandle HttpChannelState@7b7a0dc0{s=HANDLING rs=BLOCKING os=COMPLETED is=IDLE awp=false se=false i=true al=0}
03:43:08.873 [qtp961160488-15] DEBUG org.eclipse.jetty.server.HttpChannelState - nextAction(false) COMPLETE HttpChannelState@7b7a0dc0{s=HANDLING rs=COMPLETING os=COMPLETED is=IDLE awp=false se=false i=false al=0}
03:43:08.873 [qtp961160488-15] DEBUG org.eclipse.jetty.server.HttpChannel - action COMPLETE HttpChannelOverHttp@4dfc94cd{s=HttpChannelState@7b7a0dc0{s=HANDLING rs=COMPLETING os=COMPLETED is=IDLE awp=false se=false i=false al=0},r=1,c=false/true,a=HANDLING,uri=//localhost:44789/config.yml,age=2}
03:43:08.873 [qtp961160488-15] DEBUG org.eclipse.jetty.server.HttpOutput - complete(org.eclipse.jetty.util.Callback$3@4f3ba8e8) s=CLOSED,api=BLOCKING,sc=false,e=null s=true e=null, c=null
03:43:08.873 [qtp961160488-15] DEBUG org.eclipse.jetty.server.HttpChannelState - completed HttpChannelState@7b7a0dc0{s=HANDLING rs=COMPLETING os=COMPLETED is=IDLE awp=false se=false i=false al=0}
03:43:08.873 [qtp961160488-15] DEBUG org.eclipse.jetty.server.HttpChannelState - unhandle HttpChannelState@7b7a0dc0{s=HANDLING rs=COMPLETED os=COMPLETED is=IDLE awp=false se=false i=false al=0}
03:43:08.873 [qtp961160488-15] DEBUG org.eclipse.jetty.server.HttpChannelState - nextAction(false) TERMINATED HttpChannelState@7b7a0dc0{s=IDLE rs=COMPLETED os=COMPLETED is=IDLE awp=false se=false i=false al=0}
03:43:08.873 [qtp961160488-15] DEBUG org.eclipse.jetty.server.HttpChannel - action TERMINATED HttpChannelOverHttp@4dfc94cd{s=HttpChannelState@7b7a0dc0{s=IDLE rs=COMPLETED os=COMPLETED is=IDLE awp=false se=false i=false al=0},r=1,c=true/true,a=IDLE,uri=//localhost:44789/config.yml,age=2}
03:43:08.873 [qtp961160488-15] DEBUG org.eclipse.jetty.server.HttpChannel - onCompleted for /config.yml written=4
03:43:08.873 [qtp961160488-15] DEBUG org.eclipse.jetty.io.ChannelEndPoint - filled 152 HeapByteBuffer@70640e51[p=0,l=152,c=8192,r=152]={<<<GET /config.yml HTTP/1.1\r...gent: okhttp/3.12.3\r\n\r\n>>>0210927)\r...\x00\x00\x00\x00\x00\x00\x00}
03:43:08.873 [qtp961160488-15] DEBUG org.eclipse.jetty.server.HttpConnection - HttpConnection@2d27435::SocketChannelEndPoint@41dde189{l=/127.0.0.1:44789,r=/127.0.0.1:41478,OPEN,fill=-,flush=-,to=0/3000}{io=0/0,kio=0,kro=1}->HttpConnection@2d27435[p=HttpParser{s=CONTENT,0 of -1},g=HttpGenerator@5debfeb{s=END}]=>HttpChannelOverHttp@4dfc94cd{s=HttpChannelState@7b7a0dc0{s=IDLE rs=COMPLETED os=COMPLETED is=IDLE awp=false se=false i=false al=0},r=1,c=true/true,a=IDLE,uri=//localhost:44789/config.yml,age=2} filled 152 HeapByteBuffer@70640e51[p=0,l=152,c=8192,r=152]={<<<GET /config.yml HTTP/1.1\r...gent: okhttp/3.12.3\r\n\r\n>>>0210927)\r...\x00\x00\x00\x00\x00\x00\x00}
03:43:08.874 [qtp961160488-15] DEBUG org.eclipse.jetty.server.HttpConnection - HttpConnection@2d27435::SocketChannelEndPoint@41dde189{l=/127.0.0.1:44789,r=/127.0.0.1:41478,OPEN,fill=-,flush=-,to=0/3000}{io=0/0,kio=0,kro=1}->HttpConnection@2d27435[p=HttpParser{s=CONTENT,0 of -1},g=HttpGenerator@5debfeb{s=END}]=>HttpChannelOverHttp@4dfc94cd{s=HttpChannelState@7b7a0dc0{s=IDLE rs=COMPLETED os=COMPLETED is=IDLE awp=false se=false i=false al=0},r=1,c=true/true,a=IDLE,uri=//localhost:44789/config.yml,age=2} parse HeapByteBuffer@70640e51[p=0,l=152,c=8192,r=152]={<<<GET /config.yml HTTP/1.1\r...gent: okhttp/3.12.3\r\n\r\n>>>0210927)\r...\x00\x00\x00\x00\x00\x00\x00} {}
03:43:08.874 [qtp961160488-15] DEBUG org.eclipse.jetty.http.HttpParser - parseNext s=CONTENT HeapByteBuffer@70640e51[p=0,l=152,c=8192,r=152]={<<<GET /config.yml HTTP/1.1\r...gent: okhttp/3.12.3\r\n\r\n>>>0210927)\r...\x00\x00\x00\x00\x00\x00\x00}
03:43:08.874 [qtp961160488-15] DEBUG org.eclipse.jetty.http.HttpParser - CONTENT --> CONTENT_END
03:43:08.874 [qtp961160488-15] DEBUG org.eclipse.jetty.server.HttpChannel - onContentComplete HttpChannelOverHttp@4dfc94cd{s=HttpChannelState@7b7a0dc0{s=IDLE rs=COMPLETED os=COMPLETED is=IDLE awp=false se=false i=false al=0},r=1,c=true/true,a=IDLE,uri=//localhost:44789/config.yml,age=3}
03:43:08.874 [qtp961160488-15] DEBUG org.eclipse.jetty.http.HttpParser - CONTENT_END --> END
03:43:08.874 [qtp961160488-15] DEBUG org.eclipse.jetty.server.HttpChannel - onRequestComplete HttpChannelOverHttp@4dfc94cd{s=HttpChannelState@7b7a0dc0{s=IDLE rs=COMPLETED os=COMPLETED is=IDLE awp=false se=false i=false al=0},r=1,c=true/true,a=IDLE,uri=//localhost:44789/config.yml,age=3}
03:43:08.874 [qtp961160488-15] DEBUG org.eclipse.jetty.server.HttpInput - HttpInputOverHTTP@26d291b0[c=0,q=0,[0]=null,s=STREAM] addContent EOF
03:43:08.874 [qtp961160488-15] DEBUG org.eclipse.jetty.server.HttpConnection - HttpConnection@2d27435::SocketChannelEndPoint@41dde189{l=/127.0.0.1:44789,r=/127.0.0.1:41478,OPEN,fill=-,flush=-,to=0/3000}{io=0/0,kio=0,kro=1}->HttpConnection@2d27435[p=HttpParser{s=END,0 of -1},g=HttpGenerator@5debfeb{s=END}]=>HttpChannelOverHttp@4dfc94cd{s=HttpChannelState@7b7a0dc0{s=IDLE rs=COMPLETED os=COMPLETED is=IDLE awp=false se=false i=false al=0},r=1,c=true/true,a=IDLE,uri=//localhost:44789/config.yml,age=3} parsed false HttpParser{s=END,0 of -1}
03:43:08.874 [qtp961160488-15] DEBUG org.eclipse.jetty.server.HttpChannelState - recycle HttpChannelState@7b7a0dc0{s=IDLE rs=COMPLETED os=COMPLETED is=IDLE awp=false se=false i=false al=0}
03:43:08.874 [qtp961160488-15] DEBUG org.eclipse.jetty.http.HttpParser - reset HttpParser{s=END,0 of -1}
03:43:08.874 [qtp961160488-15] DEBUG org.eclipse.jetty.http.HttpParser - END --> START
03:43:08.874 [qtp961160488-15] DEBUG org.eclipse.jetty.server.HttpChannel - !handle TERMINATED HttpChannelOverHttp@4dfc94cd{s=HttpChannelState@7b7a0dc0{s=IDLE rs=BLOCKING os=OPEN is=IDLE awp=false se=false i=true al=0},r=1,c=false/false,a=IDLE,uri=null,age=0}
03:43:08.874 [qtp961160488-15] DEBUG org.eclipse.jetty.server.HttpConnection - HttpConnection@2d27435::SocketChannelEndPoint@41dde189{l=/127.0.0.1:44789,r=/127.0.0.1:41478,OPEN,fill=-,flush=-,to=1/3000}{io=0/0,kio=0,kro=1}->HttpConnection@2d27435[p=HttpParser{s=START,0 of -1},g=HttpGenerator@5debfeb{s=START}]=>HttpChannelOverHttp@4dfc94cd{s=HttpChannelState@7b7a0dc0{s=IDLE rs=BLOCKING os=OPEN is=IDLE awp=false se=false i=true al=0},r=1,c=false/false,a=IDLE,uri=null,age=0} parse HeapByteBuffer@70640e51[p=0,l=152,c=8192,r=152]={<<<GET /config.yml HTTP/1.1\r...gent: okhttp/3.12.3\r\n\r\n>>>0210927)\r...\x00\x00\x00\x00\x00\x00\x00} {}
03:43:08.874 [qtp961160488-15] DEBUG org.eclipse.jetty.http.HttpParser - parseNext s=START HeapByteBuffer@70640e51[p=0,l=152,c=8192,r=152]={<<<GET /config.yml HTTP/1.1\r...gent: okhttp/3.12.3\r\n\r\n>>>0210927)\r...\x00\x00\x00\x00\x00\x00\x00}
03:43:08.875 [qtp961160488-15] DEBUG org.eclipse.jetty.http.HttpParser - START --> SPACE1
03:43:08.875 [qtp961160488-15] DEBUG org.eclipse.jetty.http.HttpParser - SPACE1 --> URI
03:43:08.875 [qtp961160488-15] DEBUG org.eclipse.jetty.http.HttpParser - URI --> SPACE2
03:43:08.875 [qtp961160488-15] DEBUG org.eclipse.jetty.http.HttpParser - SPACE2 --> REQUEST_VERSION
03:43:08.875 [qtp961160488-15] DEBUG org.eclipse.jetty.http.HttpParser - REQUEST_VERSION --> HEADER
03:43:08.875 [qtp961160488-15] DEBUG org.eclipse.jetty.http.HttpParser - HEADER:If-None-Match --> VALUE
03:43:08.875 [qtp961160488-15] DEBUG org.eclipse.jetty.http.HttpParser - HEADER:If-None-Match --> IN_VALUE
03:43:08.875 [qtp961160488-15] DEBUG org.eclipse.jetty.http.HttpParser - HEADER:If-None-Match --> FIELD
03:43:08.875 [qtp961160488-15] DEBUG org.eclipse.jetty.http.HttpParser - HEADER:Host: localhost:44789 --> IN_VALUE
03:43:08.875 [qtp961160488-15] DEBUG org.eclipse.jetty.http.HttpParser - HEADER:Host: localhost:44789 --> FIELD
03:43:08.875 [qtp961160488-15] DEBUG org.eclipse.jetty.http.HttpParser - HEADER:Connection: keep-alive --> IN_VALUE
03:43:08.875 [qtp961160488-15] DEBUG org.eclipse.jetty.http.HttpParser - HEADER:Connection: keep-alive --> FIELD
03:43:08.875 [qtp961160488-15] DEBUG org.eclipse.jetty.http.HttpParser - HEADER:Accept-Encoding: gzip --> IN_VALUE
03:43:08.875 [qtp961160488-15] DEBUG org.eclipse.jetty.http.HttpParser - HEADER:Accept-Encoding: gzip --> FIELD
03:43:08.875 [qtp961160488-15] DEBUG org.eclipse.jetty.http.HttpParser - HEADER:User-Agent: okhttp/3.12.3 --> IN_VALUE
03:43:08.875 [qtp961160488-15] DEBUG org.eclipse.jetty.http.HttpParser - HEADER:User-Agent: okhttp/3.12.3 --> FIELD
03:43:08.875 [qtp961160488-15] DEBUG org.eclipse.jetty.http.HttpParser - HEADER --> CONTENT
03:43:08.875 [qtp961160488-15] DEBUG org.eclipse.jetty.server.HttpChannel - REQUEST for //localhost:44789/config.yml on HttpChannelOverHttp@4dfc94cd{s=HttpChannelState@7b7a0dc0{s=IDLE rs=BLOCKING os=OPEN is=IDLE awp=false se=false i=true al=0},r=2,c=false/false,a=IDLE,uri=//localhost:44789/config.yml,age=0}
GET //localhost:44789/config.yml HTTP/1.1
If-None-Match: "testEtag"
Host: localhost:44789
Connection: keep-alive
Accept-Encoding: gzip
User-Agent: okhttp/3.12.3


03:43:08.875 [qtp961160488-15] DEBUG org.eclipse.jetty.server.HttpConnection - HttpConnection@2d27435::SocketChannelEndPoint@41dde189{l=/127.0.0.1:44789,r=/127.0.0.1:41478,OPEN,fill=-,flush=-,to=1/3000}{io=0/0,kio=0,kro=1}->HttpConnection@2d27435[p=HttpParser{s=CONTENT,0 of -1},g=HttpGenerator@5debfeb{s=START}]=>HttpChannelOverHttp@4dfc94cd{s=HttpChannelState@7b7a0dc0{s=IDLE rs=BLOCKING os=OPEN is=IDLE awp=false se=false i=true al=0},r=2,c=false/false,a=IDLE,uri=//localhost:44789/config.yml,age=0} parsed true HttpParser{s=CONTENT,0 of -1}
03:43:08.875 [qtp961160488-15] DEBUG org.eclipse.jetty.server.HttpConnection - releaseRequestBuffer HttpConnection@2d27435::SocketChannelEndPoint@41dde189{l=/127.0.0.1:44789,r=/127.0.0.1:41478,OPEN,fill=-,flush=-,to=2/3000}{io=0/0,kio=0,kro=1}->HttpConnection@2d27435[p=HttpParser{s=CONTENT,0 of -1},g=HttpGenerator@5debfeb{s=START}]=>HttpChannelOverHttp@4dfc94cd{s=HttpChannelState@7b7a0dc0{s=IDLE rs=BLOCKING os=OPEN is=IDLE awp=false se=false i=true al=0},r=2,c=false/false,a=IDLE,uri=//localhost:44789/config.yml,age=0}
03:43:08.875 [qtp961160488-15] DEBUG org.eclipse.jetty.server.HttpChannel - handle //localhost:44789/config.yml HttpChannelOverHttp@4dfc94cd{s=HttpChannelState@7b7a0dc0{s=IDLE rs=BLOCKING os=OPEN is=IDLE awp=false se=false i=true al=0},r=2,c=false/false,a=IDLE,uri=//localhost:44789/config.yml,age=0} 
03:43:08.875 [qtp961160488-15] DEBUG org.eclipse.jetty.server.HttpChannelState - handling HttpChannelState@7b7a0dc0{s=IDLE rs=BLOCKING os=OPEN is=IDLE awp=false se=false i=true al=0}
03:43:08.875 [qtp961160488-15] DEBUG org.eclipse.jetty.server.HttpChannel - action DISPATCH HttpChannelOverHttp@4dfc94cd{s=HttpChannelState@7b7a0dc0{s=HANDLING rs=BLOCKING os=OPEN is=IDLE awp=false se=false i=true al=0},r=2,c=false/false,a=HANDLING,uri=//localhost:44789/config.yml,age=0}
03:43:08.876 [qtp961160488-15] DEBUG org.eclipse.jetty.server.Server - REQUEST GET /config.yml on HttpChannelOverHttp@4dfc94cd{s=HttpChannelState@7b7a0dc0{s=HANDLING rs=BLOCKING os=OPEN is=IDLE awp=false se=false i=true al=0},r=2,c=false/false,a=HANDLING,uri=//localhost:44789/config.yml,age=0}
03:43:08.876 [qtp961160488-15] DEBUG org.eclipse.jetty.server.Server - handled=true async=false committed=false on HttpChannelOverHttp@4dfc94cd{s=HttpChannelState@7b7a0dc0{s=HANDLING rs=BLOCKING os=OPEN is=IDLE awp=false se=false i=true al=0},r=2,c=false/false,a=HANDLING,uri=//localhost:44789/config.yml,age=1}
03:43:08.876 [qtp961160488-15] DEBUG org.eclipse.jetty.server.HttpChannelState - unhandle HttpChannelState@7b7a0dc0{s=HANDLING rs=BLOCKING os=OPEN is=IDLE awp=false se=false i=true al=0}
03:43:08.876 [qtp961160488-15] DEBUG org.eclipse.jetty.server.HttpChannelState - nextAction(false) COMPLETE HttpChannelState@7b7a0dc0{s=HANDLING rs=COMPLETING os=OPEN is=IDLE awp=false se=false i=false al=0}
03:43:08.876 [qtp961160488-15] DEBUG org.eclipse.jetty.server.HttpChannel - action COMPLETE HttpChannelOverHttp@4dfc94cd{s=HttpChannelState@7b7a0dc0{s=HANDLING rs=COMPLETING os=OPEN is=IDLE awp=false se=false i=false al=0},r=2,c=false/false,a=HANDLING,uri=//localhost:44789/config.yml,age=1}
03:43:08.876 [qtp961160488-15] DEBUG org.eclipse.jetty.io.ChannelEndPoint - filled 0 HeapByteBuffer@70640e51[p=0,l=0,c=8192,r=0]={<<<>>>GET /conf...\x00\x00\x00\x00\x00\x00\x00}
03:43:08.876 [qtp961160488-15] DEBUG org.eclipse.jetty.io.ChannelEndPoint - filled 0 HeapByteBuffer@70640e51[p=0,l=0,c=8192,r=0]={<<<>>>GET /conf...\x00\x00\x00\x00\x00\x00\x00}
03:43:08.876 [qtp961160488-15] DEBUG org.eclipse.jetty.server.HttpConnection - HttpConnection@2d27435::SocketChannelEndPoint@41dde189{l=/127.0.0.1:44789,r=/127.0.0.1:41478,OPEN,fill=-,flush=-,to=2/3000}{io=0/0,kio=0,kro=1}->HttpConnection@2d27435[p=HttpParser{s=CONTENT,0 of -1},g=HttpGenerator@5debfeb{s=START}]=>HttpChannelOverHttp@4dfc94cd{s=HttpChannelState@7b7a0dc0{s=HANDLING rs=COMPLETING os=OPEN is=IDLE awp=false se=false i=false al=0},r=2,c=false/false,a=HANDLING,uri=//localhost:44789/config.yml,age=1} filled 0 HeapByteBuffer@70640e51[p=0,l=0,c=8192,r=0]={<<<>>>GET /conf...\x00\x00\x00\x00\x00\x00\x00}
03:43:08.876 [qtp961160488-15] DEBUG org.eclipse.jetty.server.HttpConnection - HttpConnection@2d27435::SocketChannelEndPoint@41dde189{l=/127.0.0.1:44789,r=/127.0.0.1:41478,OPEN,fill=-,flush=-,to=2/3000}{io=0/0,kio=0,kro=1}->HttpConnection@2d27435[p=HttpParser{s=CONTENT,0 of -1},g=HttpGenerator@5debfeb{s=START}]=>HttpChannelOverHttp@4dfc94cd{s=HttpChannelState@7b7a0dc0{s=HANDLING rs=COMPLETING os=OPEN is=IDLE awp=false se=false i=false al=0},r=2,c=false/false,a=HANDLING,uri=//localhost:44789/config.yml,age=1} parse HeapByteBuffer@70640e51[p=0,l=0,c=8192,r=0]={<<<>>>GET /conf...\x00\x00\x00\x00\x00\x00\x00} {}
03:43:08.876 [qtp961160488-15] DEBUG org.eclipse.jetty.http.HttpParser - parseNext s=CONTENT HeapByteBuffer@70640e51[p=0,l=0,c=8192,r=0]={<<<>>>GET /conf...\x00\x00\x00\x00\x00\x00\x00}
03:43:08.876 [qtp961160488-15] DEBUG org.eclipse.jetty.http.HttpParser - CONTENT --> CONTENT_END
03:43:08.876 [qtp961160488-15] DEBUG org.eclipse.jetty.server.HttpChannel - onContentComplete HttpChannelOverHttp@4dfc94cd{s=HttpChannelState@7b7a0dc0{s=HANDLING rs=COMPLETING os=OPEN is=IDLE awp=false se=false i=false al=0},r=2,c=false/false,a=HANDLING,uri=//localhost:44789/config.yml,age=1}
03:43:08.876 [qtp961160488-15] DEBUG org.eclipse.jetty.http.HttpParser - CONTENT_END --> END
03:43:08.876 [qtp961160488-15] DEBUG org.eclipse.jetty.server.HttpChannel - onRequestComplete HttpChannelOverHttp@4dfc94cd{s=HttpChannelState@7b7a0dc0{s=HANDLING rs=COMPLETING os=OPEN is=IDLE awp=false se=false i=false al=0},r=2,c=false/false,a=HANDLING,uri=//localhost:44789/config.yml,age=1}
03:43:08.876 [qtp961160488-15] DEBUG org.eclipse.jetty.server.HttpInput - HttpInputOverHTTP@26d291b0[c=0,q=0,[0]=null,s=STREAM] addContent EOF
03:43:08.888 [qtp961160488-15] DEBUG org.eclipse.jetty.server.HttpConnection - HttpConnection@2d27435::SocketChannelEndPoint@41dde189{l=/127.0.0.1:44789,r=/127.0.0.1:41478,OPEN,fill=-,flush=-,to=3/3000}{io=0/0,kio=0,kro=1}->HttpConnection@2d27435[p=HttpParser{s=END,0 of -1},g=HttpGenerator@5debfeb{s=START}]=>HttpChannelOverHttp@4dfc94cd{s=HttpChannelState@7b7a0dc0{s=HANDLING rs=COMPLETING os=OPEN is=IDLE awp=false se=false i=false al=0},r=2,c=false/false,a=HANDLING,uri=//localhost:44789/config.yml,age=13} parsed false HttpParser{s=END,0 of -1}
03:43:08.888 [qtp961160488-15] DEBUG org.eclipse.jetty.server.HttpConnection - releaseRequestBuffer HttpConnection@2d27435::SocketChannelEndPoint@41dde189{l=/127.0.0.1:44789,r=/127.0.0.1:41478,OPEN,fill=-,flush=-,to=14/3000}{io=0/0,kio=0,kro=1}->HttpConnection@2d27435[p=HttpParser{s=END,0 of -1},g=HttpGenerator@5debfeb{s=START}]=>HttpChannelOverHttp@4dfc94cd{s=HttpChannelState@7b7a0dc0{s=HANDLING rs=COMPLETING os=OPEN is=IDLE awp=false se=false i=false al=0},r=2,c=false/false,a=HANDLING,uri=//localhost:44789/config.yml,age=13}
03:43:08.888 [qtp961160488-15] DEBUG org.eclipse.jetty.server.HttpOutput - complete(org.eclipse.jetty.util.Callback$3@23436073) s=CLOSING,api=BLOCKED,sc=false,e=null s=false e=null, c=HeapByteBuffer@1ad43aa3[p=0,l=0,c=0,r=0]={<<<>>>}
03:43:08.888 [qtp961160488-15] DEBUG org.eclipse.jetty.server.HttpChannel - sendResponse info=null content=HeapByteBuffer@1ad43aa3[p=0,l=0,c=0,r=0]={<<<>>>} complete=true committing=true callback=org.eclipse.jetty.server.HttpOutput$WriteCompleteCB@55a3f8d8
03:43:08.888 [qtp961160488-15] DEBUG org.eclipse.jetty.server.HttpChannel - COMMIT for /config.yml on HttpChannelOverHttp@4dfc94cd{s=HttpChannelState@7b7a0dc0{s=HANDLING rs=COMPLETING os=COMMITTED is=IDLE awp=false se=false i=false al=0},r=2,c=false/false,a=HANDLING,uri=//localhost:44789/config.yml,age=13}
304 null HTTP/1.1
Date: Thu, 02 May 2024 02:43:08 GMT
ETag: testEtag


03:43:08.888 [qtp961160488-15] DEBUG org.eclipse.jetty.server.HttpConnection - generate: NEED_HEADER for SendCallback@4fc4d89f[PROCESSING][i=HTTP/1.1{s=304,h=2,cl=-1},cb=org.eclipse.jetty.server.HttpChannel$SendCallback@47cd666c] (null,[p=0,l=0,c=0,r=0],true)@START
03:43:08.889 [qtp961160488-15] DEBUG org.eclipse.jetty.http.HttpGenerator - generateHeaders HTTP/1.1{s=304,h=2,cl=-1} last=true content=HeapByteBuffer@1ad43aa3[p=0,l=0,c=0,r=0]={<<<>>>}
03:43:08.889 [qtp961160488-15] DEBUG org.eclipse.jetty.http.HttpGenerator - Date: Thu, 02 May 2024 02:43:08 GMT
ETag: testEtag


03:43:08.889 [qtp961160488-15] DEBUG org.eclipse.jetty.http.HttpGenerator - NO_CONTENT
03:43:08.889 [qtp961160488-15] DEBUG org.eclipse.jetty.server.HttpConnection - generate: FLUSH for SendCallback@4fc4d89f[PROCESSING][i=HTTP/1.1{s=304,h=2,cl=-1},cb=org.eclipse.jetty.server.HttpChannel$SendCallback@47cd666c] ([p=0,l=115,c=8192,r=115],[p=0,l=0,c=0,r=0],true)@COMPLETING
03:43:08.889 [qtp961160488-15] DEBUG org.eclipse.jetty.io.WriteFlusher - write: WriteFlusher@748042c9{IDLE}->null [HeapByteBuffer@70640e51[p=0,l=115,c=8192,r=115]={<<<HTTP/1.1 304 Not Modified...y(9.4.44.v20210927)\r\n\r\n>>>: gzip\r\nU...\x00\x00\x00\x00\x00\x00\x00}]
03:43:08.889 [qtp961160488-15] DEBUG org.eclipse.jetty.io.WriteFlusher - update WriteFlusher@748042c9{WRITING}->null:IDLE-->WRITING
03:43:08.889 [main] DEBUG org.apache.nifi.minifi.bootstrap.configuration.ingestors.PullHttpChangeIngestor - Response received: Response{protocol=http/1.1, code=304, message=Not Modified, url=http://localhost:44789/config.yml}
]]></system-out>
  </testcase>
  <testcase name="testSecurityOverride" classname="org.apache.nifi.minifi.bootstrap.configuration.ingestors.PullHttpChangeIngestorTest" time="0.204">
    <system-out><![CDATA[03:43:08.891 [main] DEBUG org.apache.nifi.minifi.bootstrap.configuration.ingestors.PullHttpChangeIngestor - Attempting to pull new config
03:43:08.891 [qtp961160488-15] DEBUG org.eclipse.jetty.io.ChannelEndPoint - flushed 115 SocketChannelEndPoint@41dde189{l=/127.0.0.1:44789,r=/127.0.0.1:41478,OPEN,fill=-,flush=W,to=17/3000}{io=0/0,kio=0,kro=1}->HttpConnection@2d27435[p=HttpParser{s=END,0 of -1},g=HttpGenerator@5debfeb{s=COMPLETING}]=>HttpChannelOverHttp@4dfc94cd{s=HttpChannelState@7b7a0dc0{s=HANDLING rs=COMPLETING os=COMMITTED is=IDLE awp=false se=false i=false al=0},r=2,c=false/false,a=HANDLING,uri=//localhost:44789/config.yml,age=15}
03:43:08.891 [qtp961160488-15] DEBUG org.eclipse.jetty.io.WriteFlusher - Flushed=true written=115 remaining=0 WriteFlusher@748042c9{WRITING}->null
03:43:08.891 [qtp961160488-15] DEBUG org.eclipse.jetty.io.WriteFlusher - update WriteFlusher@748042c9{IDLE}->null:WRITING-->IDLE
03:43:08.891 [qtp961160488-15] DEBUG org.eclipse.jetty.server.HttpConnection - generate: DONE for SendCallback@4fc4d89f[PROCESSING][i=HTTP/1.1{s=304,h=2,cl=-1},cb=org.eclipse.jetty.server.HttpChannel$SendCallback@47cd666c] ([p=115,l=115,c=8192,r=0],[p=0,l=0,c=0,r=0],true)@END
03:43:08.891 [qtp961160488-15] DEBUG org.eclipse.jetty.server.HttpOutput - onWriteComplete(true,null) s=CLOSING,api=BLOCKED,sc=false,e=null->s=CLOSED,api=BLOCKING,sc=false,e=null c=null cb=org.eclipse.jetty.util.Callback$3@23436073 w=false
03:43:08.891 [qtp961160488-15] DEBUG org.eclipse.jetty.server.HttpChannelState - completed HttpChannelState@7b7a0dc0{s=HANDLING rs=COMPLETING os=COMPLETED is=IDLE awp=false se=false i=false al=0}
03:43:08.891 [qtp961160488-15] DEBUG org.eclipse.jetty.server.HttpChannelState - unhandle HttpChannelState@7b7a0dc0{s=HANDLING rs=COMPLETED os=COMPLETED is=IDLE awp=false se=false i=false al=0}
03:43:08.891 [qtp961160488-15] DEBUG org.eclipse.jetty.server.HttpChannelState - nextAction(false) TERMINATED HttpChannelState@7b7a0dc0{s=IDLE rs=COMPLETED os=COMPLETED is=IDLE awp=false se=false i=false al=0}
03:43:08.891 [qtp961160488-15] DEBUG org.eclipse.jetty.server.HttpChannel - action TERMINATED HttpChannelOverHttp@4dfc94cd{s=HttpChannelState@7b7a0dc0{s=IDLE rs=COMPLETED os=COMPLETED is=IDLE awp=false se=false i=false al=0},r=2,c=true/true,a=IDLE,uri=//localhost:44789/config.yml,age=16}
03:43:08.891 [qtp961160488-15] DEBUG org.eclipse.jetty.server.HttpChannel - onCompleted for /config.yml written=0
03:43:08.891 [qtp961160488-15] DEBUG org.eclipse.jetty.server.HttpChannelState - recycle HttpChannelState@7b7a0dc0{s=IDLE rs=COMPLETED os=COMPLETED is=IDLE awp=false se=false i=false al=0}
03:43:08.891 [qtp961160488-15] DEBUG org.eclipse.jetty.http.HttpParser - reset HttpParser{s=END,0 of -1}
03:43:08.891 [qtp961160488-15] DEBUG org.eclipse.jetty.http.HttpParser - END --> START
03:43:08.891 [qtp961160488-15] DEBUG org.eclipse.jetty.server.HttpChannel - !handle TERMINATED HttpChannelOverHttp@4dfc94cd{s=HttpChannelState@7b7a0dc0{s=IDLE rs=BLOCKING os=OPEN is=IDLE awp=false se=false i=true al=0},r=2,c=false/false,a=IDLE,uri=null,age=0}
03:43:08.891 [qtp961160488-15] DEBUG org.eclipse.jetty.io.ChannelEndPoint - filled 0 HeapByteBuffer@70640e51[p=0,l=0,c=8192,r=0]={<<<>>>HTTP/1.1 ...\x00\x00\x00\x00\x00\x00\x00}
03:43:08.891 [qtp961160488-15] DEBUG org.eclipse.jetty.io.ChannelEndPoint - filled 0 HeapByteBuffer@70640e51[p=0,l=0,c=8192,r=0]={<<<>>>HTTP/1.1 ...\x00\x00\x00\x00\x00\x00\x00}
03:43:08.891 [qtp961160488-19-acceptor-0@1e1a0406-ServerConnector@446293d{HTTP/1.1, (http/1.1)}{localhost:44789}] DEBUG org.eclipse.jetty.io.ManagedSelector - Queued change lazy=false Accept@44643e59[java.nio.channels.SocketChannel[connected local=/127.0.0.1:44789 remote=/127.0.0.1:41486]] on ManagedSelector@4803b726{STARTED} id=1 keys=1 selected=0 updates=0
03:43:08.891 [qtp961160488-19-acceptor-0@1e1a0406-ServerConnector@446293d{HTTP/1.1, (http/1.1)}{localhost:44789}] DEBUG org.eclipse.jetty.io.ManagedSelector - Wakeup on submit ManagedSelector@4803b726{STARTED} id=1 keys=1 selected=0 updates=1
03:43:08.891 [qtp961160488-15] DEBUG org.eclipse.jetty.server.HttpConnection - HttpConnection@2d27435::SocketChannelEndPoint@41dde189{l=/127.0.0.1:44789,r=/127.0.0.1:41478,OPEN,fill=-,flush=-,to=0/3000}{io=0/0,kio=0,kro=1}->HttpConnection@2d27435[p=HttpParser{s=START,0 of -1},g=HttpGenerator@5debfeb{s=START}]=>HttpChannelOverHttp@4dfc94cd{s=HttpChannelState@7b7a0dc0{s=IDLE rs=BLOCKING os=OPEN is=IDLE awp=false se=false i=true al=0},r=2,c=false/false,a=IDLE,uri=null,age=0} filled 0 HeapByteBuffer@70640e51[p=0,l=0,c=8192,r=0]={<<<>>>HTTP/1.1 ...\x00\x00\x00\x00\x00\x00\x00}
03:43:08.891 [qtp961160488-16] DEBUG org.eclipse.jetty.io.ManagedSelector - Selector sun.nio.ch.EPollSelectorImpl@195030a5 woken with none selected
03:43:08.891 [qtp961160488-16] DEBUG org.eclipse.jetty.io.ManagedSelector - Selector sun.nio.ch.EPollSelectorImpl@195030a5 woken up from select, 0/0/1 selected
03:43:08.891 [qtp961160488-16] DEBUG org.eclipse.jetty.io.ManagedSelector - Selector sun.nio.ch.EPollSelectorImpl@195030a5 processing 0 keys, 1 updates
03:43:08.891 [qtp961160488-16] DEBUG org.eclipse.jetty.io.ManagedSelector - updateable 1
03:43:08.892 [qtp961160488-16] DEBUG org.eclipse.jetty.io.ManagedSelector - update Accept@44643e59[java.nio.channels.SocketChannel[connected local=/127.0.0.1:44789 remote=/127.0.0.1:41486]]
03:43:08.892 [qtp961160488-15] DEBUG org.eclipse.jetty.server.HttpConnection - HttpConnection@2d27435::SocketChannelEndPoint@41dde189{l=/127.0.0.1:44789,r=/127.0.0.1:41478,OPEN,fill=-,flush=-,to=0/3000}{io=0/0,kio=0,kro=1}->HttpConnection@2d27435[p=HttpParser{s=START,0 of -1},g=HttpGenerator@5debfeb{s=START}]=>HttpChannelOverHttp@4dfc94cd{s=HttpChannelState@7b7a0dc0{s=IDLE rs=BLOCKING os=OPEN is=IDLE awp=false se=false i=true al=0},r=2,c=false/false,a=IDLE,uri=null,age=0} parse HeapByteBuffer@70640e51[p=0,l=0,c=8192,r=0]={<<<>>>HTTP/1.1 ...\x00\x00\x00\x00\x00\x00\x00} {}
03:43:08.892 [qtp961160488-15] DEBUG org.eclipse.jetty.http.HttpParser - parseNext s=START HeapByteBuffer@70640e51[p=0,l=0,c=8192,r=0]={<<<>>>HTTP/1.1 ...\x00\x00\x00\x00\x00\x00\x00}
03:43:08.892 [qtp961160488-16] DEBUG org.eclipse.jetty.util.thread.QueuedThreadPool - queue Accept@44643e59[java.nio.channels.SocketChannel[connected local=/127.0.0.1:44789 remote=/127.0.0.1:41486]] startThread=0
03:43:08.892 [qtp961160488-16] DEBUG org.eclipse.jetty.io.ManagedSelector - updates 0
03:43:08.892 [qtp961160488-16] DEBUG org.eclipse.jetty.io.ManagedSelector - Selector sun.nio.ch.EPollSelectorImpl@195030a5 waiting with 2 keys
03:43:08.892 [qtp961160488-15] DEBUG org.eclipse.jetty.server.HttpConnection - HttpConnection@2d27435::SocketChannelEndPoint@41dde189{l=/127.0.0.1:44789,r=/127.0.0.1:41478,OPEN,fill=-,flush=-,to=0/3000}{io=0/0,kio=0,kro=1}->HttpConnection@2d27435[p=HttpParser{s=START,0 of -1},g=HttpGenerator@5debfeb{s=START}]=>HttpChannelOverHttp@4dfc94cd{s=HttpChannelState@7b7a0dc0{s=IDLE rs=BLOCKING os=OPEN is=IDLE awp=false se=false i=true al=0},r=2,c=false/false,a=IDLE,uri=null,age=0} parsed false HttpParser{s=START,0 of -1}
03:43:08.892 [qtp961160488-15] DEBUG org.eclipse.jetty.server.HttpConnection - releaseRequestBuffer HttpConnection@2d27435::SocketChannelEndPoint@41dde189{l=/127.0.0.1:44789,r=/127.0.0.1:41478,OPEN,fill=-,flush=-,to=1/3000}{io=0/0,kio=0,kro=1}->HttpConnection@2d27435[p=HttpParser{s=START,0 of -1},g=HttpGenerator@5debfeb{s=START}]=>HttpChannelOverHttp@4dfc94cd{s=HttpChannelState@7b7a0dc0{s=IDLE rs=BLOCKING os=OPEN is=IDLE awp=false se=false i=true al=0},r=2,c=false/false,a=IDLE,uri=null,age=0}
03:43:08.892 [qtp961160488-18] DEBUG org.eclipse.jetty.util.thread.QueuedThreadPool - run Accept@44643e59[java.nio.channels.SocketChannel[connected local=/127.0.0.1:44789 remote=/127.0.0.1:41486]] in QueuedThreadPool[qtp961160488]@394a2528{STARTED,8<=8<=200,i=0,r=-1,q=0}[ReservedThreadExecutor@383bfa16{reserved=1/8,pending=0}]
03:43:08.892 [qtp961160488-18] DEBUG org.eclipse.jetty.io.IdleTimeout - SocketChannelEndPoint@3a5422c5{l=/127.0.0.1:44789,r=/127.0.0.1:41486,OPEN,fill=-,flush=-,to=0/3000}{io=0/0,kio=0,kro=0}-><null> idle timeout check, elapsed: 0 ms, remaining: 3000 ms
03:43:08.892 [qtp961160488-15] DEBUG org.eclipse.jetty.io.AbstractConnection - fillInterested HttpConnection@2d27435::SocketChannelEndPoint@41dde189{l=/127.0.0.1:44789,r=/127.0.0.1:41478,OPEN,fill=-,flush=-,to=1/3000}{io=0/0,kio=0,kro=1}->HttpConnection@2d27435[p=HttpParser{s=START,0 of -1},g=HttpGenerator@5debfeb{s=START}]=>HttpChannelOverHttp@4dfc94cd{s=HttpChannelState@7b7a0dc0{s=IDLE rs=BLOCKING os=OPEN is=IDLE awp=false se=false i=true al=0},r=2,c=false/false,a=IDLE,uri=null,age=0}
03:43:08.892 [qtp961160488-15] DEBUG org.eclipse.jetty.io.FillInterest - interested FillInterest@2ee1a69d{AC.ReadCB@2d27435{HttpConnection@2d27435::SocketChannelEndPoint@41dde189{l=/127.0.0.1:44789,r=/127.0.0.1:41478,OPEN,fill=FI,flush=-,to=0/3000}{io=0/0,kio=0,kro=1}->HttpConnection@2d27435[p=HttpParser{s=START,0 of -1},g=HttpGenerator@5debfeb{s=START}]=>HttpChannelOverHttp@4dfc94cd{s=HttpChannelState@7b7a0dc0{s=IDLE rs=BLOCKING os=OPEN is=IDLE awp=false se=false i=true al=0},r=2,c=false/false,a=IDLE,uri=null,age=0}}}
03:43:08.892 [qtp961160488-18] DEBUG org.eclipse.jetty.server.HttpChannel - new HttpChannelOverHttp@7c08d44c{s=HttpChannelState@2cf52899{s=IDLE rs=BLOCKING os=OPEN is=IDLE awp=false se=false i=true al=0},r=0,c=false/false,a=IDLE,uri=null,age=0} -> SocketChannelEndPoint@3a5422c5{l=/127.0.0.1:44789,r=/127.0.0.1:41486,OPEN,fill=-,flush=-,to=0/3000}{io=0/0,kio=0,kro=0}-><null>,null,HttpChannelState@2cf52899{s=IDLE rs=BLOCKING os=OPEN is=IDLE awp=false se=false i=true al=0}
03:43:08.892 [qtp961160488-18] DEBUG org.eclipse.jetty.server.HttpConnection - New HTTP Connection HttpConnection@58ab8649::SocketChannelEndPoint@3a5422c5{l=/127.0.0.1:44789,r=/127.0.0.1:41486,OPEN,fill=-,flush=-,to=0/3000}{io=0/0,kio=0,kro=0}-><null>
03:43:08.892 [qtp961160488-15] DEBUG org.eclipse.jetty.io.ChannelEndPoint - changeInterests p=false 0->1 for SocketChannelEndPoint@41dde189{l=/127.0.0.1:44789,r=/127.0.0.1:41478,OPEN,fill=FI,flush=-,to=0/3000}{io=0/1,kio=0,kro=1}->HttpConnection@2d27435[p=HttpParser{s=START,0 of -1},g=HttpGenerator@5debfeb{s=START}]=>HttpChannelOverHttp@4dfc94cd{s=HttpChannelState@7b7a0dc0{s=IDLE rs=BLOCKING os=OPEN is=IDLE awp=false se=false i=true al=0},r=2,c=false/false,a=IDLE,uri=null,age=0}
03:43:08.892 [qtp961160488-18] DEBUG org.eclipse.jetty.io.ManagedSelector - Queued change lazy=true org.eclipse.jetty.io.ManagedSelector$$Lambda$258/445561681@4372c593 on ManagedSelector@4803b726{STARTED} id=1 keys=2 selected=0 updates=0
03:43:08.892 [qtp961160488-15] DEBUG org.eclipse.jetty.io.ManagedSelector - Queued change lazy=false org.eclipse.jetty.io.ChannelEndPoint$$Lambda$255/90666987@3f830ca8 on ManagedSelector@194bcebf{STARTED} id=0 keys=1 selected=0 updates=0
03:43:08.892 [qtp961160488-15] DEBUG org.eclipse.jetty.io.ManagedSelector - Wakeup on submit ManagedSelector@194bcebf{STARTED} id=0 keys=1 selected=0 updates=1
03:43:08.892 [qtp961160488-18] DEBUG org.eclipse.jetty.io.AbstractEndPoint - onOpen SocketChannelEndPoint@3a5422c5{l=/127.0.0.1:44789,r=/127.0.0.1:41486,OPEN,fill=-,flush=-,to=0/3000}{io=0/0,kio=0,kro=0}->HttpConnection@58ab8649[p=HttpParser{s=START,0 of -1},g=HttpGenerator@7962c305{s=START}]=>HttpChannelOverHttp@7c08d44c{s=HttpChannelState@2cf52899{s=IDLE rs=BLOCKING os=OPEN is=IDLE awp=false se=false i=true al=0},r=0,c=false/false,a=IDLE,uri=null,age=0}
03:43:08.893 [qtp961160488-18] DEBUG org.eclipse.jetty.io.AbstractConnection - onOpen HttpConnection@58ab8649::SocketChannelEndPoint@3a5422c5{l=/127.0.0.1:44789,r=/127.0.0.1:41486,OPEN,fill=-,flush=-,to=0/3000}{io=0/0,kio=0,kro=0}->HttpConnection@58ab8649[p=HttpParser{s=START,0 of -1},g=HttpGenerator@7962c305{s=START}]=>HttpChannelOverHttp@7c08d44c{s=HttpChannelState@2cf52899{s=IDLE rs=BLOCKING os=OPEN is=IDLE awp=false se=false i=true al=0},r=0,c=false/false,a=IDLE,uri=null,age=0}
03:43:08.893 [qtp961160488-17] DEBUG org.eclipse.jetty.io.ManagedSelector - Selector sun.nio.ch.EPollSelectorImpl@7fa90fe8 woken with none selected
03:43:08.893 [qtp961160488-17] DEBUG org.eclipse.jetty.io.ManagedSelector - Selector sun.nio.ch.EPollSelectorImpl@7fa90fe8 woken up from select, 0/0/1 selected
03:43:08.893 [qtp961160488-17] DEBUG org.eclipse.jetty.io.ManagedSelector - Selector sun.nio.ch.EPollSelectorImpl@7fa90fe8 processing 0 keys, 1 updates
03:43:08.893 [qtp961160488-17] DEBUG org.eclipse.jetty.io.ManagedSelector - updateable 1
03:43:08.893 [qtp961160488-18] DEBUG org.eclipse.jetty.io.AbstractConnection - fillInterested HttpConnection@58ab8649::SocketChannelEndPoint@3a5422c5{l=/127.0.0.1:44789,r=/127.0.0.1:41486,OPEN,fill=-,flush=-,to=0/3000}{io=0/0,kio=0,kro=0}->HttpConnection@58ab8649[p=HttpParser{s=START,0 of -1},g=HttpGenerator@7962c305{s=START}]=>HttpChannelOverHttp@7c08d44c{s=HttpChannelState@2cf52899{s=IDLE rs=BLOCKING os=OPEN is=IDLE awp=false se=false i=true al=0},r=0,c=false/false,a=IDLE,uri=null,age=0}
03:43:08.893 [qtp961160488-15] DEBUG org.eclipse.jetty.server.HttpConnection - HttpConnection@2d27435::SocketChannelEndPoint@41dde189{l=/127.0.0.1:44789,r=/127.0.0.1:41478,OPEN,fill=FI,flush=-,to=0/3000}{io=0/1,kio=0,kro=1}->HttpConnection@2d27435[p=HttpParser{s=START,0 of -1},g=HttpGenerator@5debfeb{s=START}]=>HttpChannelOverHttp@4dfc94cd{s=HttpChannelState@7b7a0dc0{s=IDLE rs=BLOCKING os=OPEN is=IDLE awp=false se=false i=true al=0},r=2,c=false/false,a=IDLE,uri=null,age=0} onFillable exit HttpChannelState@7b7a0dc0{s=IDLE rs=BLOCKING os=OPEN is=IDLE awp=false se=false i=true al=0} null
03:43:08.893 [qtp961160488-15] DEBUG org.eclipse.jetty.util.thread.QueuedThreadPool - ran org.eclipse.jetty.io.ManagedSelector$$Lambda$253/838473569@957e06 in QueuedThreadPool[qtp961160488]@394a2528{STARTED,8<=8<=200,i=0,r=-1,q=0}[ReservedThreadExecutor@383bfa16{reserved=1/8,pending=0}]
03:43:08.893 [qtp961160488-17] DEBUG org.eclipse.jetty.io.ManagedSelector - update org.eclipse.jetty.io.ChannelEndPoint$$Lambda$255/90666987@3f830ca8
03:43:08.893 [qtp961160488-18] DEBUG org.eclipse.jetty.io.FillInterest - interested FillInterest@7c569d50{AC.ReadCB@58ab8649{HttpConnection@58ab8649::SocketChannelEndPoint@3a5422c5{l=/127.0.0.1:44789,r=/127.0.0.1:41486,OPEN,fill=FI,flush=-,to=0/3000}{io=0/0,kio=0,kro=0}->HttpConnection@58ab8649[p=HttpParser{s=START,0 of -1},g=HttpGenerator@7962c305{s=START}]=>HttpChannelOverHttp@7c08d44c{s=HttpChannelState@2cf52899{s=IDLE rs=BLOCKING os=OPEN is=IDLE awp=false se=false i=true al=0},r=0,c=false/false,a=IDLE,uri=null,age=0}}}
03:43:08.893 [qtp961160488-18] DEBUG org.eclipse.jetty.io.ChannelEndPoint - changeInterests p=false 0->1 for SocketChannelEndPoint@3a5422c5{l=/127.0.0.1:44789,r=/127.0.0.1:41486,OPEN,fill=FI,flush=-,to=0/3000}{io=0/1,kio=0,kro=0}->HttpConnection@58ab8649[p=HttpParser{s=START,0 of -1},g=HttpGenerator@7962c305{s=START}]=>HttpChannelOverHttp@7c08d44c{s=HttpChannelState@2cf52899{s=IDLE rs=BLOCKING os=OPEN is=IDLE awp=false se=false i=true al=0},r=0,c=false/false,a=IDLE,uri=null,age=0}
03:43:08.893 [qtp961160488-17] DEBUG org.eclipse.jetty.io.ChannelEndPoint - Key interests updated 0 -> 1 on SocketChannelEndPoint@41dde189{l=/127.0.0.1:44789,r=/127.0.0.1:41478,OPEN,fill=FI,flush=-,to=0/3000}{io=1/1,kio=1,kro=1}->HttpConnection@2d27435[p=HttpParser{s=START,0 of -1},g=HttpGenerator@5debfeb{s=START}]=>HttpChannelOverHttp@4dfc94cd{s=HttpChannelState@7b7a0dc0{s=IDLE rs=BLOCKING os=OPEN is=IDLE awp=false se=false i=true al=0},r=2,c=false/false,a=IDLE,uri=null,age=0}
03:43:08.893 [qtp961160488-18] DEBUG org.eclipse.jetty.io.ManagedSelector - Queued change lazy=false org.eclipse.jetty.io.ChannelEndPoint$$Lambda$255/90666987@78cbd55d on ManagedSelector@4803b726{STARTED} id=1 keys=2 selected=0 updates=1
03:43:08.893 [qtp961160488-17] DEBUG org.eclipse.jetty.io.ManagedSelector - updates 0
03:43:08.893 [qtp961160488-18] DEBUG org.eclipse.jetty.io.ManagedSelector - Wakeup on submit ManagedSelector@4803b726{STARTED} id=1 keys=2 selected=0 updates=2
03:43:08.893 [qtp961160488-17] DEBUG org.eclipse.jetty.io.ManagedSelector - Selector sun.nio.ch.EPollSelectorImpl@7fa90fe8 waiting with 1 keys
03:43:08.893 [qtp961160488-16] DEBUG org.eclipse.jetty.io.ManagedSelector - Selector sun.nio.ch.EPollSelectorImpl@195030a5 woken with none selected
03:43:08.893 [qtp961160488-16] DEBUG org.eclipse.jetty.io.ManagedSelector - Selector sun.nio.ch.EPollSelectorImpl@195030a5 woken up from select, 0/0/2 selected
03:43:08.893 [qtp961160488-16] DEBUG org.eclipse.jetty.io.ManagedSelector - Selector sun.nio.ch.EPollSelectorImpl@195030a5 processing 0 keys, 2 updates
03:43:08.893 [qtp961160488-16] DEBUG org.eclipse.jetty.io.ManagedSelector - updateable 2
03:43:08.893 [qtp961160488-16] DEBUG org.eclipse.jetty.io.ManagedSelector - update org.eclipse.jetty.io.ManagedSelector$$Lambda$258/445561681@4372c593
03:43:08.893 [qtp961160488-16] DEBUG org.eclipse.jetty.io.ManagedSelector - update org.eclipse.jetty.io.ChannelEndPoint$$Lambda$255/90666987@78cbd55d
03:43:08.894 [qtp961160488-16] DEBUG org.eclipse.jetty.io.ChannelEndPoint - Key interests updated 0 -> 1 on SocketChannelEndPoint@3a5422c5{l=/127.0.0.1:44789,r=/127.0.0.1:41486,OPEN,fill=FI,flush=-,to=0/3000}{io=1/1,kio=1,kro=0}->HttpConnection@58ab8649[p=HttpParser{s=START,0 of -1},g=HttpGenerator@7962c305{s=START}]=>HttpChannelOverHttp@7c08d44c{s=HttpChannelState@2cf52899{s=IDLE rs=BLOCKING os=OPEN is=IDLE awp=false se=false i=true al=0},r=0,c=false/false,a=IDLE,uri=null,age=0}
03:43:08.894 [qtp961160488-16] DEBUG org.eclipse.jetty.io.ManagedSelector - updates 0
03:43:08.894 [qtp961160488-16] DEBUG org.eclipse.jetty.io.ManagedSelector - Selector sun.nio.ch.EPollSelectorImpl@195030a5 waiting with 2 keys
03:43:08.894 [qtp961160488-16] DEBUG org.eclipse.jetty.io.ManagedSelector - Selector sun.nio.ch.EPollSelectorImpl@195030a5 woken up from select, 1/1/2 selected
03:43:08.894 [qtp961160488-16] DEBUG org.eclipse.jetty.io.ManagedSelector - Selector sun.nio.ch.EPollSelectorImpl@195030a5 processing 1 keys, 0 updates
03:43:08.894 [qtp961160488-16] DEBUG org.eclipse.jetty.io.ManagedSelector - selected 1 sun.nio.ch.SelectionKeyImpl@4011ac87 SocketChannelEndPoint@3a5422c5{l=/127.0.0.1:44789,r=/127.0.0.1:41486,OPEN,fill=FI,flush=-,to=0/3000}{io=1/1,kio=1,kro=1}->HttpConnection@58ab8649[p=HttpParser{s=START,0 of -1},g=HttpGenerator@7962c305{s=START}]=>HttpChannelOverHttp@7c08d44c{s=HttpChannelState@2cf52899{s=IDLE rs=BLOCKING os=OPEN is=IDLE awp=false se=false i=true al=0},r=0,c=false/false,a=IDLE,uri=null,age=0} 
03:43:08.894 [qtp961160488-16] DEBUG org.eclipse.jetty.io.ChannelEndPoint - onSelected 1->0 r=true w=false for SocketChannelEndPoint@3a5422c5{l=/127.0.0.1:44789,r=/127.0.0.1:41486,OPEN,fill=FI,flush=-,to=1/3000}{io=1/0,kio=1,kro=1}->HttpConnection@58ab8649[p=HttpParser{s=START,0 of -1},g=HttpGenerator@7962c305{s=START}]=>HttpChannelOverHttp@7c08d44c{s=HttpChannelState@2cf52899{s=IDLE rs=BLOCKING os=OPEN is=IDLE awp=false se=false i=true al=0},r=0,c=false/false,a=IDLE,uri=null,age=0}
03:43:08.894 [qtp961160488-16] DEBUG org.eclipse.jetty.io.ChannelEndPoint - task CEP:SocketChannelEndPoint@3a5422c5{l=/127.0.0.1:44789,r=/127.0.0.1:41486,OPEN,fill=FI,flush=-,to=1/3000}{io=1/0,kio=1,kro=1}->HttpConnection@58ab8649[p=HttpParser{s=START,0 of -1},g=HttpGenerator@7962c305{s=START}]=>HttpChannelOverHttp@7c08d44c{s=HttpChannelState@2cf52899{s=IDLE rs=BLOCKING os=OPEN is=IDLE awp=false se=false i=true al=0},r=0,c=false/false,a=IDLE,uri=null,age=0}:runFillable:BLOCKING
03:43:08.894 [qtp961160488-18] DEBUG org.eclipse.jetty.io.ManagedSelector - Created SocketChannelEndPoint@3a5422c5{l=/127.0.0.1:44789,r=/127.0.0.1:41486,OPEN,fill=FI,flush=-,to=1/3000}{io=1/0,kio=1,kro=1}->HttpConnection@58ab8649[p=HttpParser{s=START,0 of -1},g=HttpGenerator@7962c305{s=START}]=>HttpChannelOverHttp@7c08d44c{s=HttpChannelState@2cf52899{s=IDLE rs=BLOCKING os=OPEN is=IDLE awp=false se=false i=true al=0},r=0,c=false/false,a=IDLE,uri=null,age=0}
03:43:08.894 [qtp961160488-16] DEBUG org.eclipse.jetty.util.thread.ReservedThreadExecutor - ReservedThreadExecutor@383bfa16{reserved=1/8,pending=0} tryExecute EatWhatYouKill@17497425/SelectorProducer@f0da945/PRODUCING/p=false/QueuedThreadPool[qtp961160488]@394a2528{STARTED,8<=8<=200,i=1,r=-1,q=0}[ReservedThreadExecutor@383bfa16{reserved=1/8,pending=0}][pc=0,pic=0,pec=1,epc=0]@2024-05-02T03:43:08.894+01:00
03:43:08.894 [qtp961160488-18] DEBUG org.eclipse.jetty.util.thread.QueuedThreadPool - ran Accept@44643e59[java.nio.channels.SocketChannel[connected local=/127.0.0.1:44789 remote=/127.0.0.1:41486]] in QueuedThreadPool[qtp961160488]@394a2528{STARTED,8<=8<=200,i=1,r=-1,q=0}[ReservedThreadExecutor@383bfa16{reserved=1/8,pending=0}]
03:43:08.894 [qtp961160488-16] DEBUG org.eclipse.jetty.util.thread.ReservedThreadExecutor - ReservedThreadExecutor@383bfa16{reserved=0/8,pending=1} startReservedThread p=1
03:43:08.894 [qtp961160488-16] DEBUG org.eclipse.jetty.util.thread.QueuedThreadPool - queue ReservedThread@15d7b3ab{PENDING,thread=null} startThread=0
03:43:08.894 [qtp961160488-15] DEBUG org.eclipse.jetty.util.thread.QueuedThreadPool - run ReservedThread@15d7b3ab{PENDING,thread=null} in QueuedThreadPool[qtp961160488]@394a2528{STARTED,8<=8<=200,i=1,r=-1,q=0}[ReservedThreadExecutor@383bfa16{reserved=0/8,pending=1}]
03:43:08.895 [qtp961160488-15] DEBUG org.eclipse.jetty.util.thread.ReservedThreadExecutor - ReservedThread@15d7b3ab{PENDING,thread=Thread[qtp961160488-15,5,main]} was=PENDING next=RESERVED size=0+1 capacity=8
03:43:08.895 [qtp961160488-15] DEBUG org.eclipse.jetty.util.thread.ReservedThreadExecutor - ReservedThread@15d7b3ab{RESERVED,thread=Thread[qtp961160488-15,5,main]} waiting ReservedThreadExecutor@383bfa16{reserved=1/8,pending=0}
03:43:08.895 [qtp961160488-16] DEBUG org.eclipse.jetty.util.thread.strategy.EatWhatYouKill - EatWhatYouKill@17497425/SelectorProducer@f0da945/IDLE/p=true/QueuedThreadPool[qtp961160488]@394a2528{STARTED,8<=8<=200,i=1,r=-1,q=0}[ReservedThreadExecutor@383bfa16{reserved=0/8,pending=1}][pc=0,pic=0,pec=1,epc=0]@2024-05-02T03:43:08.895+01:00 m=EXECUTE_PRODUCE_CONSUME t=CEP:SocketChannelEndPoint@3a5422c5{l=/127.0.0.1:44789,r=/127.0.0.1:41486,OPEN,fill=FI,flush=-,to=1/3000}{io=1/0,kio=1,kro=1}->HttpConnection@58ab8649[p=HttpParser{s=START,0 of -1},g=HttpGenerator@7962c305{s=START}]=>HttpChannelOverHttp@7c08d44c{s=HttpChannelState@2cf52899{s=IDLE rs=BLOCKING os=OPEN is=IDLE awp=false se=false i=true al=0},r=0,c=false/false,a=IDLE,uri=null,age=0}:runFillable:BLOCKING/BLOCKING
03:43:08.895 [qtp961160488-16] DEBUG org.eclipse.jetty.io.FillInterest - fillable FillInterest@7c569d50{AC.ReadCB@58ab8649{HttpConnection@58ab8649::SocketChannelEndPoint@3a5422c5{l=/127.0.0.1:44789,r=/127.0.0.1:41486,OPEN,fill=FI,flush=-,to=1/3000}{io=1/0,kio=1,kro=1}->HttpConnection@58ab8649[p=HttpParser{s=START,0 of -1},g=HttpGenerator@7962c305{s=START}]=>HttpChannelOverHttp@7c08d44c{s=HttpChannelState@2cf52899{s=IDLE rs=BLOCKING os=OPEN is=IDLE awp=false se=false i=true al=0},r=0,c=false/false,a=IDLE,uri=null,age=0}}}
03:43:08.895 [qtp961160488-16] DEBUG org.eclipse.jetty.server.HttpConnection - HttpConnection@58ab8649::SocketChannelEndPoint@3a5422c5{l=/127.0.0.1:44789,r=/127.0.0.1:41486,OPEN,fill=-,flush=-,to=1/3000}{io=1/0,kio=1,kro=1}->HttpConnection@58ab8649[p=HttpParser{s=START,0 of -1},g=HttpGenerator@7962c305{s=START}]=>HttpChannelOverHttp@7c08d44c{s=HttpChannelState@2cf52899{s=IDLE rs=BLOCKING os=OPEN is=IDLE awp=false se=false i=true al=0},r=0,c=false/false,a=IDLE,uri=null,age=0} onFillable enter HttpChannelState@2cf52899{s=IDLE rs=BLOCKING os=OPEN is=IDLE awp=false se=false i=true al=0} null
03:43:08.895 [qtp961160488-16] DEBUG org.eclipse.jetty.io.ChannelEndPoint - filled 133 HeapByteBuffer@70640e51[p=0,l=133,c=8192,r=133]={<<<GET /config-minimal.yml H...gent: okhttp/3.12.3\r\n\r\n>>>: okhttp/...\x00\x00\x00\x00\x00\x00\x00}
03:43:08.895 [qtp961160488-16] DEBUG org.eclipse.jetty.server.HttpConnection - HttpConnection@58ab8649::SocketChannelEndPoint@3a5422c5{l=/127.0.0.1:44789,r=/127.0.0.1:41486,OPEN,fill=-,flush=-,to=0/3000}{io=1/0,kio=1,kro=1}->HttpConnection@58ab8649[p=HttpParser{s=START,0 of -1},g=HttpGenerator@7962c305{s=START}]=>HttpChannelOverHttp@7c08d44c{s=HttpChannelState@2cf52899{s=IDLE rs=BLOCKING os=OPEN is=IDLE awp=false se=false i=true al=0},r=0,c=false/false,a=IDLE,uri=null,age=0} filled 133 HeapByteBuffer@70640e51[p=0,l=133,c=8192,r=133]={<<<GET /config-minimal.yml H...gent: okhttp/3.12.3\r\n\r\n>>>: okhttp/...\x00\x00\x00\x00\x00\x00\x00}
03:43:08.895 [qtp961160488-16] DEBUG org.eclipse.jetty.server.HttpConnection - HttpConnection@58ab8649::SocketChannelEndPoint@3a5422c5{l=/127.0.0.1:44789,r=/127.0.0.1:41486,OPEN,fill=-,flush=-,to=0/3000}{io=1/0,kio=1,kro=1}->HttpConnection@58ab8649[p=HttpParser{s=START,0 of -1},g=HttpGenerator@7962c305{s=START}]=>HttpChannelOverHttp@7c08d44c{s=HttpChannelState@2cf52899{s=IDLE rs=BLOCKING os=OPEN is=IDLE awp=false se=false i=true al=0},r=0,c=false/false,a=IDLE,uri=null,age=0} parse HeapByteBuffer@70640e51[p=0,l=133,c=8192,r=133]={<<<GET /config-minimal.yml H...gent: okhttp/3.12.3\r\n\r\n>>>: okhttp/...\x00\x00\x00\x00\x00\x00\x00} {}
03:43:08.895 [qtp961160488-16] DEBUG org.eclipse.jetty.http.HttpParser - parseNext s=START HeapByteBuffer@70640e51[p=0,l=133,c=8192,r=133]={<<<GET /config-minimal.yml H...gent: okhttp/3.12.3\r\n\r\n>>>: okhttp/...\x00\x00\x00\x00\x00\x00\x00}
03:43:08.895 [qtp961160488-16] DEBUG org.eclipse.jetty.http.HttpParser - START --> SPACE1
03:43:08.895 [qtp961160488-16] DEBUG org.eclipse.jetty.http.HttpParser - SPACE1 --> URI
03:43:08.895 [qtp961160488-16] DEBUG org.eclipse.jetty.http.HttpParser - URI --> SPACE2
03:43:08.895 [qtp961160488-16] DEBUG org.eclipse.jetty.http.HttpParser - SPACE2 --> REQUEST_VERSION
03:43:08.895 [qtp961160488-16] DEBUG org.eclipse.jetty.http.HttpParser - REQUEST_VERSION --> HEADER
03:43:08.895 [qtp961160488-16] DEBUG org.eclipse.jetty.http.HttpParser - HEADER:Host --> VALUE
03:43:08.895 [qtp961160488-16] DEBUG org.eclipse.jetty.http.HttpParser - HEADER:Host --> IN_VALUE
03:43:08.895 [qtp961160488-16] DEBUG org.eclipse.jetty.http.HttpParser - HEADER:Host --> FIELD
03:43:08.896 [qtp961160488-16] DEBUG org.eclipse.jetty.http.HttpParser - HEADER:Connection: keep-alive --> IN_VALUE
03:43:08.896 [qtp961160488-16] DEBUG org.eclipse.jetty.http.HttpParser - HEADER:Connection: keep-alive --> FIELD
03:43:08.896 [qtp961160488-16] DEBUG org.eclipse.jetty.http.HttpParser - HEADER:Accept-Encoding: gzip --> IN_VALUE
03:43:08.896 [qtp961160488-16] DEBUG org.eclipse.jetty.http.HttpParser - HEADER:Accept-Encoding: gzip --> FIELD
03:43:08.896 [qtp961160488-16] DEBUG org.eclipse.jetty.http.HttpParser - HEADER:User-Agent --> VALUE
03:43:08.896 [qtp961160488-16] DEBUG org.eclipse.jetty.http.HttpParser - HEADER:User-Agent --> IN_VALUE
03:43:08.896 [qtp961160488-16] DEBUG org.eclipse.jetty.http.HttpParser - HEADER:User-Agent --> FIELD
03:43:08.896 [qtp961160488-16] DEBUG org.eclipse.jetty.http.HttpParser - HEADER --> CONTENT
03:43:08.896 [qtp961160488-16] DEBUG org.eclipse.jetty.server.HttpChannel - REQUEST for //localhost:44789/config-minimal.yml on HttpChannelOverHttp@7c08d44c{s=HttpChannelState@2cf52899{s=IDLE rs=BLOCKING os=OPEN is=IDLE awp=false se=false i=true al=0},r=1,c=false/false,a=IDLE,uri=//localhost:44789/config-minimal.yml,age=0}
GET //localhost:44789/config-minimal.yml HTTP/1.1
Host: localhost:44789
Connection: keep-alive
Accept-Encoding: gzip
User-Agent: okhttp/3.12.3


03:43:08.896 [qtp961160488-16] DEBUG org.eclipse.jetty.server.HttpConnection - HttpConnection@58ab8649::SocketChannelEndPoint@3a5422c5{l=/127.0.0.1:44789,r=/127.0.0.1:41486,OPEN,fill=-,flush=-,to=0/3000}{io=1/0,kio=1,kro=1}->HttpConnection@58ab8649[p=HttpParser{s=CONTENT,0 of -1},g=HttpGenerator@7962c305{s=START}]=>HttpChannelOverHttp@7c08d44c{s=HttpChannelState@2cf52899{s=IDLE rs=BLOCKING os=OPEN is=IDLE awp=false se=false i=true al=0},r=1,c=false/false,a=IDLE,uri=//localhost:44789/config-minimal.yml,age=0} parsed true HttpParser{s=CONTENT,0 of -1}
03:43:08.896 [qtp961160488-16] DEBUG org.eclipse.jetty.server.HttpConnection - releaseRequestBuffer HttpConnection@58ab8649::SocketChannelEndPoint@3a5422c5{l=/127.0.0.1:44789,r=/127.0.0.1:41486,OPEN,fill=-,flush=-,to=0/3000}{io=1/0,kio=1,kro=1}->HttpConnection@58ab8649[p=HttpParser{s=CONTENT,0 of -1},g=HttpGenerator@7962c305{s=START}]=>HttpChannelOverHttp@7c08d44c{s=HttpChannelState@2cf52899{s=IDLE rs=BLOCKING os=OPEN is=IDLE awp=false se=false i=true al=0},r=1,c=false/false,a=IDLE,uri=//localhost:44789/config-minimal.yml,age=0}
03:43:08.896 [qtp961160488-16] DEBUG org.eclipse.jetty.server.HttpChannel - handle //localhost:44789/config-minimal.yml HttpChannelOverHttp@7c08d44c{s=HttpChannelState@2cf52899{s=IDLE rs=BLOCKING os=OPEN is=IDLE awp=false se=false i=true al=0},r=1,c=false/false,a=IDLE,uri=//localhost:44789/config-minimal.yml,age=0} 
03:43:08.896 [qtp961160488-16] DEBUG org.eclipse.jetty.server.HttpChannelState - handling HttpChannelState@2cf52899{s=IDLE rs=BLOCKING os=OPEN is=IDLE awp=false se=false i=true al=0}
03:43:08.896 [qtp961160488-16] DEBUG org.eclipse.jetty.server.HttpChannel - action DISPATCH HttpChannelOverHttp@7c08d44c{s=HttpChannelState@2cf52899{s=HANDLING rs=BLOCKING os=OPEN is=IDLE awp=false se=false i=true al=0},r=1,c=false/false,a=HANDLING,uri=//localhost:44789/config-minimal.yml,age=0}
03:43:08.896 [qtp961160488-16] DEBUG org.eclipse.jetty.server.Server - REQUEST GET /config-minimal.yml on HttpChannelOverHttp@7c08d44c{s=HttpChannelState@2cf52899{s=HANDLING rs=BLOCKING os=OPEN is=IDLE awp=false se=false i=true al=0},r=1,c=false/false,a=HANDLING,uri=//localhost:44789/config-minimal.yml,age=0}
03:43:08.899 [qtp961160488-16] DEBUG org.eclipse.jetty.server.HttpOutput - write(array HeapByteBuffer@32cbf2bf[p=0,l=1469,c=262144,r=1469]={<<<# Licensed to the Apache ...tination name: PutFile\n>>>\x00\x00\x00\x00\x00\x00\x00\x00\x00...\x00\x00\x00\x00\x00\x00\x00})
03:43:08.899 [qtp961160488-16] DEBUG org.eclipse.jetty.server.HttpOutput - write(array) s=CLOSING,api=BLOCKED,sc=false,e=null last=true agg=false flush=true async=false, len=1469 null
03:43:08.899 [qtp961160488-16] DEBUG org.eclipse.jetty.server.HttpChannel - sendResponse info=null content=HeapByteBuffer@7ff315f5[p=0,l=1469,c=262144,r=1469]={<<<# Licensed to the Apache ...tination name: PutFile\n>>>\x00\x00\x00\x00\x00\x00\x00\x00\x00...\x00\x00\x00\x00\x00\x00\x00} complete=true committing=true callback=Blocker@5791bb4b{null}
03:43:08.899 [qtp961160488-16] DEBUG org.eclipse.jetty.server.HttpChannel - COMMIT for /config-minimal.yml on HttpChannelOverHttp@7c08d44c{s=HttpChannelState@2cf52899{s=HANDLING rs=BLOCKING os=COMMITTED is=IDLE awp=false se=false i=true al=0},r=1,c=false/false,a=HANDLING,uri=//localhost:44789/config-minimal.yml,age=3}
200 null HTTP/1.1
Date: Thu, 02 May 2024 02:43:08 GMT
ETag: testEtag
Content-Type: text/plain;charset=utf-8
Content-Length: 1469


03:43:08.899 [qtp961160488-16] DEBUG org.eclipse.jetty.server.HttpConnection - generate: NEED_HEADER for SendCallback@50b475a9[PROCESSING][i=HTTP/1.1{s=200,h=4,cl=1469},cb=org.eclipse.jetty.server.HttpChannel$SendCallback@3d872b0a] (null,[p=0,l=1469,c=262144,r=1469],true)@START
03:43:08.899 [qtp961160488-16] DEBUG org.eclipse.jetty.http.HttpGenerator - generateHeaders HTTP/1.1{s=200,h=4,cl=1469} last=true content=HeapByteBuffer@7ff315f5[p=0,l=1469,c=262144,r=1469]={<<<# Licensed to the Apache ...tination name: PutFile\n>>>\x00\x00\x00\x00\x00\x00\x00\x00\x00...\x00\x00\x00\x00\x00\x00\x00}
03:43:08.899 [qtp961160488-16] DEBUG org.eclipse.jetty.http.HttpGenerator - Date: Thu, 02 May 2024 02:43:08 GMT
ETag: testEtag
Content-Type: text/plain;charset=utf-8
Content-Length: 1469


03:43:08.899 [qtp961160488-16] DEBUG org.eclipse.jetty.http.HttpGenerator - CONTENT_LENGTH
03:43:08.899 [qtp961160488-16] DEBUG org.eclipse.jetty.server.HttpConnection - generate: FLUSH for SendCallback@50b475a9[PROCESSING][i=HTTP/1.1{s=200,h=4,cl=1469},cb=org.eclipse.jetty.server.HttpChannel$SendCallback@3d872b0a] ([p=0,l=167,c=8192,r=167],[p=0,l=1469,c=262144,r=1469],true)@COMPLETING
03:43:08.900 [qtp961160488-16] DEBUG org.eclipse.jetty.io.WriteFlusher - write: WriteFlusher@5a3ccdf2{IDLE}->null [HeapByteBuffer@70640e51[p=0,l=167,c=8192,r=167]={<<<HTTP/1.1 200 OK\r\nDate: Th...y(9.4.44.v20210927)\r\n\r\n>>>\x00\x00\x00\x00\x00\x00\x00\x00\x00...\x00\x00\x00\x00\x00\x00\x00},HeapByteBuffer@7ff315f5[p=0,l=1469,c=262144,r=1469]={<<<# Licensed to the Apache ...tination name: PutFile\n>>>\x00\x00\x00\x00\x00\x00\x00\x00\x00...\x00\x00\x00\x00\x00\x00\x00}]
03:43:08.900 [qtp961160488-16] DEBUG org.eclipse.jetty.io.WriteFlusher - update WriteFlusher@5a3ccdf2{WRITING}->null:IDLE-->WRITING
03:43:08.900 [qtp961160488-16] DEBUG org.eclipse.jetty.io.ChannelEndPoint - flushed 1636 SocketChannelEndPoint@3a5422c5{l=/127.0.0.1:44789,r=/127.0.0.1:41486,OPEN,fill=-,flush=W,to=4/3000}{io=1/0,kio=1,kro=1}->HttpConnection@58ab8649[p=HttpParser{s=CONTENT,0 of -1},g=HttpGenerator@7962c305{s=COMPLETING}]=>HttpChannelOverHttp@7c08d44c{s=HttpChannelState@2cf52899{s=HANDLING rs=BLOCKING os=COMMITTED is=IDLE awp=false se=false i=true al=0},r=1,c=false/false,a=HANDLING,uri=//localhost:44789/config-minimal.yml,age=4}
03:43:08.900 [qtp961160488-16] DEBUG org.eclipse.jetty.io.WriteFlusher - Flushed=true written=1636 remaining=0 WriteFlusher@5a3ccdf2{WRITING}->null
03:43:08.900 [qtp961160488-16] DEBUG org.eclipse.jetty.io.WriteFlusher - update WriteFlusher@5a3ccdf2{IDLE}->null:WRITING-->IDLE
03:43:08.900 [qtp961160488-16] DEBUG org.eclipse.jetty.server.HttpConnection - generate: DONE for SendCallback@50b475a9[PROCESSING][i=HTTP/1.1{s=200,h=4,cl=1469},cb=org.eclipse.jetty.server.HttpChannel$SendCallback@3d872b0a] ([p=167,l=167,c=8192,r=0],[p=1469,l=1469,c=262144,r=0],true)@END
03:43:08.900 [qtp961160488-16] DEBUG org.eclipse.jetty.server.HttpOutput - onWriteComplete(true,null) s=CLOSING,api=BLOCKED,sc=false,e=null->s=CLOSED,api=BLOCKING,sc=false,e=null c=null cb=null w=false
03:43:08.900 [qtp961160488-20] DEBUG org.eclipse.jetty.util.thread.ReservedThreadExecutor - ReservedThread@d0d79a7{RESERVED,thread=Thread[qtp961160488-20,5,main]} task=EatWhatYouKill@17497425/SelectorProducer@f0da945/IDLE/p=true/QueuedThreadPool[qtp961160488]@394a2528{STARTED,8<=8<=200,i=1,r=-1,q=0}[ReservedThreadExecutor@383bfa16{reserved=1/8,pending=0}][pc=0,pic=0,pec=1,epc=1]@2024-05-02T03:43:08.9+01:00 ReservedThreadExecutor@383bfa16{reserved=1/8,pending=0}
03:43:08.900 [qtp961160488-20] DEBUG org.eclipse.jetty.util.thread.strategy.EatWhatYouKill - EatWhatYouKill@17497425/SelectorProducer@f0da945/IDLE/p=true/QueuedThreadPool[qtp961160488]@394a2528{STARTED,8<=8<=200,i=1,r=-1,q=0}[ReservedThreadExecutor@383bfa16{reserved=1/8,pending=0}][pc=0,pic=0,pec=1,epc=1]@2024-05-02T03:43:08.9+01:00 tryProduce true
03:43:08.900 [qtp961160488-20] DEBUG org.eclipse.jetty.io.ManagedSelector - updateable 0
03:43:08.900 [qtp961160488-20] DEBUG org.eclipse.jetty.io.ManagedSelector - updates 0
03:43:08.901 [qtp961160488-20] DEBUG org.eclipse.jetty.io.ChannelEndPoint - Key interests updated 1 -> 0 on SocketChannelEndPoint@3a5422c5{l=/127.0.0.1:44789,r=/127.0.0.1:41486,OPEN,fill=-,flush=-,to=0/3000}{io=0/0,kio=0,kro=1}->HttpConnection@58ab8649[p=HttpParser{s=CONTENT,0 of -1},g=HttpGenerator@7962c305{s=END}]=>HttpChannelOverHttp@7c08d44c{s=HttpChannelState@2cf52899{s=HANDLING rs=BLOCKING os=COMPLETED is=IDLE awp=false se=false i=true al=0},r=1,c=false/true,a=HANDLING,uri=//localhost:44789/config-minimal.yml,age=5}
03:43:08.901 [qtp961160488-20] DEBUG org.eclipse.jetty.io.ManagedSelector - Selector sun.nio.ch.EPollSelectorImpl@195030a5 waiting with 2 keys
03:43:08.901 [main] DEBUG org.apache.nifi.minifi.bootstrap.configuration.ingestors.PullHttpChangeIngestor - Response received: Response{protocol=http/1.1, code=200, message=OK, url=http://localhost:44789/config-minimal.yml}
03:43:08.901 [main] DEBUG org.apache.nifi.minifi.bootstrap.configuration.ingestors.PullHttpChangeIngestor - Preserving previous security properties...
03:43:08.901 [qtp961160488-16] DEBUG org.eclipse.jetty.server.HttpOutput - close() s=CLOSED,api=BLOCKING,sc=false,e=null c=null b=null
03:43:08.901 [qtp961160488-16] DEBUG org.eclipse.jetty.server.Server - handled=true async=false committed=true on HttpChannelOverHttp@7c08d44c{s=HttpChannelState@2cf52899{s=HANDLING rs=BLOCKING os=COMPLETED is=IDLE awp=false se=false i=true al=0},r=1,c=false/true,a=HANDLING,uri=//localhost:44789/config-minimal.yml,age=5}
03:43:08.901 [qtp961160488-16] DEBUG org.eclipse.jetty.server.HttpChannelState - unhandle HttpChannelState@2cf52899{s=HANDLING rs=BLOCKING os=COMPLETED is=IDLE awp=false se=false i=true al=0}
03:43:08.901 [qtp961160488-16] DEBUG org.eclipse.jetty.server.HttpChannelState - nextAction(false) COMPLETE HttpChannelState@2cf52899{s=HANDLING rs=COMPLETING os=COMPLETED is=IDLE awp=false se=false i=false al=0}
03:43:08.901 [qtp961160488-16] DEBUG org.eclipse.jetty.server.HttpChannel - action COMPLETE HttpChannelOverHttp@7c08d44c{s=HttpChannelState@2cf52899{s=HANDLING rs=COMPLETING os=COMPLETED is=IDLE awp=false se=false i=false al=0},r=1,c=false/true,a=HANDLING,uri=//localhost:44789/config-minimal.yml,age=5}
03:43:08.901 [qtp961160488-16] DEBUG org.eclipse.jetty.server.HttpOutput - complete(org.eclipse.jetty.util.Callback$3@ad7e1d) s=CLOSED,api=BLOCKING,sc=false,e=null s=true e=null, c=null
03:43:08.901 [qtp961160488-16] DEBUG org.eclipse.jetty.server.HttpChannelState - completed HttpChannelState@2cf52899{s=HANDLING rs=COMPLETING os=COMPLETED is=IDLE awp=false se=false i=false al=0}
03:43:08.901 [qtp961160488-16] DEBUG org.eclipse.jetty.server.HttpChannelState - unhandle HttpChannelState@2cf52899{s=HANDLING rs=COMPLETED os=COMPLETED is=IDLE awp=false se=false i=false al=0}
03:43:08.901 [qtp961160488-16] DEBUG org.eclipse.jetty.server.HttpChannelState - nextAction(false) TERMINATED HttpChannelState@2cf52899{s=IDLE rs=COMPLETED os=COMPLETED is=IDLE awp=false se=false i=false al=0}
03:43:08.901 [qtp961160488-16] DEBUG org.eclipse.jetty.server.HttpChannel - action TERMINATED HttpChannelOverHttp@7c08d44c{s=HttpChannelState@2cf52899{s=IDLE rs=COMPLETED os=COMPLETED is=IDLE awp=false se=false i=false al=0},r=1,c=true/true,a=IDLE,uri=//localhost:44789/config-minimal.yml,age=5}
03:43:08.901 [qtp961160488-16] DEBUG org.eclipse.jetty.server.HttpChannel - onCompleted for /config-minimal.yml written=1469
03:43:08.901 [qtp961160488-16] DEBUG org.eclipse.jetty.io.ChannelEndPoint - filled 0 HeapByteBuffer@70640e51[p=0,l=0,c=8192,r=0]={<<<>>>HTTP/1.1 ...\x00\x00\x00\x00\x00\x00\x00}
03:43:08.901 [qtp961160488-16] DEBUG org.eclipse.jetty.io.ChannelEndPoint - filled 0 HeapByteBuffer@70640e51[p=0,l=0,c=8192,r=0]={<<<>>>HTTP/1.1 ...\x00\x00\x00\x00\x00\x00\x00}
03:43:08.902 [qtp961160488-16] DEBUG org.eclipse.jetty.server.HttpConnection - HttpConnection@58ab8649::SocketChannelEndPoint@3a5422c5{l=/127.0.0.1:44789,r=/127.0.0.1:41486,OPEN,fill=-,flush=-,to=1/3000}{io=0/0,kio=0,kro=1}->HttpConnection@58ab8649[p=HttpParser{s=CONTENT,0 of -1},g=HttpGenerator@7962c305{s=END}]=>HttpChannelOverHttp@7c08d44c{s=HttpChannelState@2cf52899{s=IDLE rs=COMPLETED os=COMPLETED is=IDLE awp=false se=false i=false al=0},r=1,c=true/true,a=IDLE,uri=//localhost:44789/config-minimal.yml,age=5} filled 0 HeapByteBuffer@70640e51[p=0,l=0,c=8192,r=0]={<<<>>>HTTP/1.1 ...\x00\x00\x00\x00\x00\x00\x00}
03:43:08.902 [qtp961160488-16] DEBUG org.eclipse.jetty.server.HttpConnection - HttpConnection@58ab8649::SocketChannelEndPoint@3a5422c5{l=/127.0.0.1:44789,r=/127.0.0.1:41486,OPEN,fill=-,flush=-,to=1/3000}{io=0/0,kio=0,kro=1}->HttpConnection@58ab8649[p=HttpParser{s=CONTENT,0 of -1},g=HttpGenerator@7962c305{s=END}]=>HttpChannelOverHttp@7c08d44c{s=HttpChannelState@2cf52899{s=IDLE rs=COMPLETED os=COMPLETED is=IDLE awp=false se=false i=false al=0},r=1,c=true/true,a=IDLE,uri=//localhost:44789/config-minimal.yml,age=6} parse HeapByteBuffer@70640e51[p=0,l=0,c=8192,r=0]={<<<>>>HTTP/1.1 ...\x00\x00\x00\x00\x00\x00\x00} {}
03:43:08.902 [qtp961160488-16] DEBUG org.eclipse.jetty.http.HttpParser - parseNext s=CONTENT HeapByteBuffer@70640e51[p=0,l=0,c=8192,r=0]={<<<>>>HTTP/1.1 ...\x00\x00\x00\x00\x00\x00\x00}
03:43:08.902 [qtp961160488-16] DEBUG org.eclipse.jetty.http.HttpParser - CONTENT --> CONTENT_END
03:43:08.902 [qtp961160488-16] DEBUG org.eclipse.jetty.server.HttpChannel - onContentComplete HttpChannelOverHttp@7c08d44c{s=HttpChannelState@2cf52899{s=IDLE rs=COMPLETED os=COMPLETED is=IDLE awp=false se=false i=false al=0},r=1,c=true/true,a=IDLE,uri=//localhost:44789/config-minimal.yml,age=6}
03:43:08.902 [qtp961160488-16] DEBUG org.eclipse.jetty.http.HttpParser - CONTENT_END --> END
03:43:08.902 [qtp961160488-16] DEBUG org.eclipse.jetty.server.HttpChannel - onRequestComplete HttpChannelOverHttp@7c08d44c{s=HttpChannelState@2cf52899{s=IDLE rs=COMPLETED os=COMPLETED is=IDLE awp=false se=false i=false al=0},r=1,c=true/true,a=IDLE,uri=//localhost:44789/config-minimal.yml,age=6}
03:43:08.902 [qtp961160488-16] DEBUG org.eclipse.jetty.server.HttpInput - HttpInputOverHTTP@73475a9c[c=0,q=0,[0]=null,s=STREAM] addContent EOF
03:43:08.902 [qtp961160488-16] DEBUG org.eclipse.jetty.server.HttpConnection - HttpConnection@58ab8649::SocketChannelEndPoint@3a5422c5{l=/127.0.0.1:44789,r=/127.0.0.1:41486,OPEN,fill=-,flush=-,to=2/3000}{io=0/0,kio=0,kro=1}->HttpConnection@58ab8649[p=HttpParser{s=END,0 of -1},g=HttpGenerator@7962c305{s=END}]=>HttpChannelOverHttp@7c08d44c{s=HttpChannelState@2cf52899{s=IDLE rs=COMPLETED os=COMPLETED is=IDLE awp=false se=false i=false al=0},r=1,c=true/true,a=IDLE,uri=//localhost:44789/config-minimal.yml,age=6} parsed false HttpParser{s=END,0 of -1}
03:43:08.902 [qtp961160488-16] DEBUG org.eclipse.jetty.server.HttpConnection - releaseRequestBuffer HttpConnection@58ab8649::SocketChannelEndPoint@3a5422c5{l=/127.0.0.1:44789,r=/127.0.0.1:41486,OPEN,fill=-,flush=-,to=2/3000}{io=0/0,kio=0,kro=1}->HttpConnection@58ab8649[p=HttpParser{s=END,0 of -1},g=HttpGenerator@7962c305{s=END}]=>HttpChannelOverHttp@7c08d44c{s=HttpChannelState@2cf52899{s=IDLE rs=COMPLETED os=COMPLETED is=IDLE awp=false se=false i=false al=0},r=1,c=true/true,a=IDLE,uri=//localhost:44789/config-minimal.yml,age=6}
03:43:08.902 [qtp961160488-16] DEBUG org.eclipse.jetty.server.HttpChannelState - recycle HttpChannelState@2cf52899{s=IDLE rs=COMPLETED os=COMPLETED is=IDLE awp=false se=false i=false al=0}
03:43:08.903 [qtp961160488-16] DEBUG org.eclipse.jetty.http.HttpParser - reset HttpParser{s=END,0 of -1}
03:43:08.903 [qtp961160488-16] DEBUG org.eclipse.jetty.http.HttpParser - END --> START
03:43:08.903 [qtp961160488-16] DEBUG org.eclipse.jetty.server.HttpChannel - !handle TERMINATED HttpChannelOverHttp@7c08d44c{s=HttpChannelState@2cf52899{s=IDLE rs=BLOCKING os=OPEN is=IDLE awp=false se=false i=true al=0},r=1,c=false/false,a=IDLE,uri=null,age=0}
03:43:08.903 [qtp961160488-16] DEBUG org.eclipse.jetty.io.ChannelEndPoint - filled 0 HeapByteBuffer@70640e51[p=0,l=0,c=8192,r=0]={<<<>>>HTTP/1.1 ...\x00\x00\x00\x00\x00\x00\x00}
03:43:08.903 [qtp961160488-16] DEBUG org.eclipse.jetty.io.ChannelEndPoint - filled 0 HeapByteBuffer@70640e51[p=0,l=0,c=8192,r=0]={<<<>>>HTTP/1.1 ...\x00\x00\x00\x00\x00\x00\x00}
03:43:08.903 [qtp961160488-16] DEBUG org.eclipse.jetty.server.HttpConnection - HttpConnection@58ab8649::SocketChannelEndPoint@3a5422c5{l=/127.0.0.1:44789,r=/127.0.0.1:41486,OPEN,fill=-,flush=-,to=3/3000}{io=0/0,kio=0,kro=1}->HttpConnection@58ab8649[p=HttpParser{s=START,0 of -1},g=HttpGenerator@7962c305{s=START}]=>HttpChannelOverHttp@7c08d44c{s=HttpChannelState@2cf52899{s=IDLE rs=BLOCKING os=OPEN is=IDLE awp=false se=false i=true al=0},r=1,c=false/false,a=IDLE,uri=null,age=0} filled 0 HeapByteBuffer@70640e51[p=0,l=0,c=8192,r=0]={<<<>>>HTTP/1.1 ...\x00\x00\x00\x00\x00\x00\x00}
03:43:08.903 [qtp961160488-16] DEBUG org.eclipse.jetty.server.HttpConnection - HttpConnection@58ab8649::SocketChannelEndPoint@3a5422c5{l=/127.0.0.1:44789,r=/127.0.0.1:41486,OPEN,fill=-,flush=-,to=3/3000}{io=0/0,kio=0,kro=1}->HttpConnection@58ab8649[p=HttpParser{s=START,0 of -1},g=HttpGenerator@7962c305{s=START}]=>HttpChannelOverHttp@7c08d44c{s=HttpChannelState@2cf52899{s=IDLE rs=BLOCKING os=OPEN is=IDLE awp=false se=false i=true al=0},r=1,c=false/false,a=IDLE,uri=null,age=0} parse HeapByteBuffer@70640e51[p=0,l=0,c=8192,r=0]={<<<>>>HTTP/1.1 ...\x00\x00\x00\x00\x00\x00\x00} {}
03:43:08.903 [qtp961160488-16] DEBUG org.eclipse.jetty.http.HttpParser - parseNext s=START HeapByteBuffer@70640e51[p=0,l=0,c=8192,r=0]={<<<>>>HTTP/1.1 ...\x00\x00\x00\x00\x00\x00\x00}
03:43:08.903 [qtp961160488-16] DEBUG org.eclipse.jetty.server.HttpConnection - HttpConnection@58ab8649::SocketChannelEndPoint@3a5422c5{l=/127.0.0.1:44789,r=/127.0.0.1:41486,OPEN,fill=-,flush=-,to=3/3000}{io=0/0,kio=0,kro=1}->HttpConnection@58ab8649[p=HttpParser{s=START,0 of -1},g=HttpGenerator@7962c305{s=START}]=>HttpChannelOverHttp@7c08d44c{s=HttpChannelState@2cf52899{s=IDLE rs=BLOCKING os=OPEN is=IDLE awp=false se=false i=true al=0},r=1,c=false/false,a=IDLE,uri=null,age=0} parsed false HttpParser{s=START,0 of -1}
03:43:08.903 [qtp961160488-16] DEBUG org.eclipse.jetty.server.HttpConnection - releaseRequestBuffer HttpConnection@58ab8649::SocketChannelEndPoint@3a5422c5{l=/127.0.0.1:44789,r=/127.0.0.1:41486,OPEN,fill=-,flush=-,to=3/3000}{io=0/0,kio=0,kro=1}->HttpConnection@58ab8649[p=HttpParser{s=START,0 of -1},g=HttpGenerator@7962c305{s=START}]=>HttpChannelOverHttp@7c08d44c{s=HttpChannelState@2cf52899{s=IDLE rs=BLOCKING os=OPEN is=IDLE awp=false se=false i=true al=0},r=1,c=false/false,a=IDLE,uri=null,age=0}
03:43:08.904 [qtp961160488-16] DEBUG org.eclipse.jetty.io.AbstractConnection - fillInterested HttpConnection@58ab8649::SocketChannelEndPoint@3a5422c5{l=/127.0.0.1:44789,r=/127.0.0.1:41486,OPEN,fill=-,flush=-,to=3/3000}{io=0/0,kio=0,kro=1}->HttpConnection@58ab8649[p=HttpParser{s=START,0 of -1},g=HttpGenerator@7962c305{s=START}]=>HttpChannelOverHttp@7c08d44c{s=HttpChannelState@2cf52899{s=IDLE rs=BLOCKING os=OPEN is=IDLE awp=false se=false i=true al=0},r=1,c=false/false,a=IDLE,uri=null,age=0}
03:43:08.904 [qtp961160488-16] DEBUG org.eclipse.jetty.io.FillInterest - interested FillInterest@7c569d50{AC.ReadCB@58ab8649{HttpConnection@58ab8649::SocketChannelEndPoint@3a5422c5{l=/127.0.0.1:44789,r=/127.0.0.1:41486,OPEN,fill=FI,flush=-,to=0/3000}{io=0/0,kio=0,kro=1}->HttpConnection@58ab8649[p=HttpParser{s=START,0 of -1},g=HttpGenerator@7962c305{s=START}]=>HttpChannelOverHttp@7c08d44c{s=HttpChannelState@2cf52899{s=IDLE rs=BLOCKING os=OPEN is=IDLE awp=false se=false i=true al=0},r=1,c=false/false,a=IDLE,uri=null,age=0}}}
03:43:08.904 [qtp961160488-16] DEBUG org.eclipse.jetty.io.ChannelEndPoint - changeInterests p=false 0->1 for SocketChannelEndPoint@3a5422c5{l=/127.0.0.1:44789,r=/127.0.0.1:41486,OPEN,fill=FI,flush=-,to=0/3000}{io=0/1,kio=0,kro=1}->HttpConnection@58ab8649[p=HttpParser{s=START,0 of -1},g=HttpGenerator@7962c305{s=START}]=>HttpChannelOverHttp@7c08d44c{s=HttpChannelState@2cf52899{s=IDLE rs=BLOCKING os=OPEN is=IDLE awp=false se=false i=true al=0},r=1,c=false/false,a=IDLE,uri=null,age=0}
03:43:08.904 [qtp961160488-16] DEBUG org.eclipse.jetty.io.ManagedSelector - Queued change lazy=false org.eclipse.jetty.io.ChannelEndPoint$$Lambda$255/90666987@78cbd55d on ManagedSelector@4803b726{STARTED} id=1 keys=2 selected=0 updates=0
03:43:08.904 [qtp961160488-16] DEBUG org.eclipse.jetty.io.ManagedSelector - Wakeup on submit ManagedSelector@4803b726{STARTED} id=1 keys=2 selected=0 updates=1
03:43:08.904 [qtp961160488-20] DEBUG org.eclipse.jetty.io.ManagedSelector - Selector sun.nio.ch.EPollSelectorImpl@195030a5 woken with none selected
03:43:08.904 [qtp961160488-20] DEBUG org.eclipse.jetty.io.ManagedSelector - Selector sun.nio.ch.EPollSelectorImpl@195030a5 woken up from select, 0/0/2 selected
03:43:08.904 [qtp961160488-20] DEBUG org.eclipse.jetty.io.ManagedSelector - Selector sun.nio.ch.EPollSelectorImpl@195030a5 processing 0 keys, 1 updates
03:43:08.904 [qtp961160488-20] DEBUG org.eclipse.jetty.io.ManagedSelector - updateable 1
03:43:08.904 [qtp961160488-20] DEBUG org.eclipse.jetty.io.ManagedSelector - update org.eclipse.jetty.io.ChannelEndPoint$$Lambda$255/90666987@78cbd55d
03:43:08.904 [qtp961160488-16] DEBUG org.eclipse.jetty.server.HttpConnection - HttpConnection@58ab8649::SocketChannelEndPoint@3a5422c5{l=/127.0.0.1:44789,r=/127.0.0.1:41486,OPEN,fill=FI,flush=-,to=0/3000}{io=0/1,kio=0,kro=1}->HttpConnection@58ab8649[p=HttpParser{s=START,0 of -1},g=HttpGenerator@7962c305{s=START}]=>HttpChannelOverHttp@7c08d44c{s=HttpChannelState@2cf52899{s=IDLE rs=BLOCKING os=OPEN is=IDLE awp=false se=false i=true al=0},r=1,c=false/false,a=IDLE,uri=null,age=0} onFillable exit HttpChannelState@2cf52899{s=IDLE rs=BLOCKING os=OPEN is=IDLE awp=false se=false i=true al=0} null
03:43:08.904 [qtp961160488-16] DEBUG org.eclipse.jetty.util.thread.QueuedThreadPool - ran org.eclipse.jetty.io.ManagedSelector$$Lambda$253/838473569@2c1b194a in QueuedThreadPool[qtp961160488]@394a2528{STARTED,8<=8<=200,i=1,r=-1,q=0}[ReservedThreadExecutor@383bfa16{reserved=1/8,pending=0}]
03:43:08.904 [qtp961160488-20] DEBUG org.eclipse.jetty.io.ChannelEndPoint - Key interests updated 0 -> 1 on SocketChannelEndPoint@3a5422c5{l=/127.0.0.1:44789,r=/127.0.0.1:41486,OPEN,fill=FI,flush=-,to=0/3000}{io=1/1,kio=1,kro=1}->HttpConnection@58ab8649[p=HttpParser{s=START,0 of -1},g=HttpGenerator@7962c305{s=START}]=>HttpChannelOverHttp@7c08d44c{s=HttpChannelState@2cf52899{s=IDLE rs=BLOCKING os=OPEN is=IDLE awp=false se=false i=true al=0},r=1,c=false/false,a=IDLE,uri=null,age=0}
03:43:08.904 [qtp961160488-20] DEBUG org.eclipse.jetty.io.ManagedSelector - updates 0
03:43:08.904 [qtp961160488-20] DEBUG org.eclipse.jetty.io.ManagedSelector - Selector sun.nio.ch.EPollSelectorImpl@195030a5 waiting with 2 keys
03:43:09.082 [main] DEBUG org.apache.nifi.minifi.bootstrap.configuration.ingestors.PullHttpChangeIngestor - New change received, notifying listener
03:43:09.082 [main] DEBUG org.apache.nifi.minifi.bootstrap.configuration.ingestors.PullHttpChangeIngestor - Listeners notified
]]></system-out>
  </testcase>
  <testcase name="testNoUpdate" classname="org.apache.nifi.minifi.bootstrap.configuration.ingestors.PullHttpChangeIngestorTest" time="0.007">
    <system-out><![CDATA[03:43:09.094 [main] DEBUG org.apache.nifi.minifi.bootstrap.configuration.ingestors.PullHttpChangeIngestor - Attempting to pull new config
03:43:09.095 [qtp961160488-19-acceptor-0@1e1a0406-ServerConnector@446293d{HTTP/1.1, (http/1.1)}{localhost:44789}] DEBUG org.eclipse.jetty.io.ManagedSelector - Queued change lazy=false Accept@413182fe[java.nio.channels.SocketChannel[connected local=/127.0.0.1:44789 remote=/127.0.0.1:41490]] on ManagedSelector@316bcf94{STARTED} id=2 keys=1 selected=0 updates=0
03:43:09.095 [qtp961160488-19-acceptor-0@1e1a0406-ServerConnector@446293d{HTTP/1.1, (http/1.1)}{localhost:44789}] DEBUG org.eclipse.jetty.io.ManagedSelector - Wakeup on submit ManagedSelector@316bcf94{STARTED} id=2 keys=1 selected=0 updates=1
03:43:09.095 [qtp961160488-21] DEBUG org.eclipse.jetty.io.ManagedSelector - Selector sun.nio.ch.EPollSelectorImpl@314fddb5 woken with none selected
03:43:09.095 [qtp961160488-21] DEBUG org.eclipse.jetty.io.ManagedSelector - Selector sun.nio.ch.EPollSelectorImpl@314fddb5 woken up from select, 0/0/1 selected
03:43:09.095 [qtp961160488-21] DEBUG org.eclipse.jetty.io.ManagedSelector - Selector sun.nio.ch.EPollSelectorImpl@314fddb5 processing 0 keys, 1 updates
03:43:09.095 [qtp961160488-21] DEBUG org.eclipse.jetty.io.ManagedSelector - updateable 1
03:43:09.095 [qtp961160488-21] DEBUG org.eclipse.jetty.io.ManagedSelector - update Accept@413182fe[java.nio.channels.SocketChannel[connected local=/127.0.0.1:44789 remote=/127.0.0.1:41490]]
03:43:09.095 [qtp961160488-21] DEBUG org.eclipse.jetty.util.thread.QueuedThreadPool - queue Accept@413182fe[java.nio.channels.SocketChannel[connected local=/127.0.0.1:44789 remote=/127.0.0.1:41490]] startThread=0
03:43:09.095 [qtp961160488-21] DEBUG org.eclipse.jetty.io.ManagedSelector - updates 0
03:43:09.095 [qtp961160488-21] DEBUG org.eclipse.jetty.io.ManagedSelector - Selector sun.nio.ch.EPollSelectorImpl@314fddb5 waiting with 2 keys
03:43:09.095 [qtp961160488-18] DEBUG org.eclipse.jetty.util.thread.QueuedThreadPool - run Accept@413182fe[java.nio.channels.SocketChannel[connected local=/127.0.0.1:44789 remote=/127.0.0.1:41490]] in QueuedThreadPool[qtp961160488]@394a2528{STARTED,8<=8<=200,i=1,r=-1,q=0}[ReservedThreadExecutor@383bfa16{reserved=1/8,pending=0}]
03:43:09.095 [qtp961160488-18] DEBUG org.eclipse.jetty.io.IdleTimeout - SocketChannelEndPoint@2dc0c98a{l=/127.0.0.1:44789,r=/127.0.0.1:41490,OPEN,fill=-,flush=-,to=0/3000}{io=0/0,kio=0,kro=0}-><null> idle timeout check, elapsed: 0 ms, remaining: 3000 ms
03:43:09.095 [qtp961160488-18] DEBUG org.eclipse.jetty.server.HttpChannel - new HttpChannelOverHttp@42d54ddc{s=HttpChannelState@a21f4cb{s=IDLE rs=BLOCKING os=OPEN is=IDLE awp=false se=false i=true al=0},r=0,c=false/false,a=IDLE,uri=null,age=0} -> SocketChannelEndPoint@2dc0c98a{l=/127.0.0.1:44789,r=/127.0.0.1:41490,OPEN,fill=-,flush=-,to=0/3000}{io=0/0,kio=0,kro=0}-><null>,null,HttpChannelState@a21f4cb{s=IDLE rs=BLOCKING os=OPEN is=IDLE awp=false se=false i=true al=0}
03:43:09.095 [qtp961160488-18] DEBUG org.eclipse.jetty.server.HttpConnection - New HTTP Connection HttpConnection@2ce6b9ef::SocketChannelEndPoint@2dc0c98a{l=/127.0.0.1:44789,r=/127.0.0.1:41490,OPEN,fill=-,flush=-,to=0/3000}{io=0/0,kio=0,kro=0}-><null>
03:43:09.095 [qtp961160488-18] DEBUG org.eclipse.jetty.io.ManagedSelector - Queued change lazy=true org.eclipse.jetty.io.ManagedSelector$$Lambda$258/445561681@7c1a960 on ManagedSelector@316bcf94{STARTED} id=2 keys=2 selected=0 updates=0
03:43:09.096 [qtp961160488-18] DEBUG org.eclipse.jetty.io.AbstractEndPoint - onOpen SocketChannelEndPoint@2dc0c98a{l=/127.0.0.1:44789,r=/127.0.0.1:41490,OPEN,fill=-,flush=-,to=0/3000}{io=0/0,kio=0,kro=0}->HttpConnection@2ce6b9ef[p=HttpParser{s=START,0 of -1},g=HttpGenerator@6f12afe9{s=START}]=>HttpChannelOverHttp@42d54ddc{s=HttpChannelState@a21f4cb{s=IDLE rs=BLOCKING os=OPEN is=IDLE awp=false se=false i=true al=0},r=0,c=false/false,a=IDLE,uri=null,age=0}
03:43:09.096 [qtp961160488-18] DEBUG org.eclipse.jetty.io.AbstractConnection - onOpen HttpConnection@2ce6b9ef::SocketChannelEndPoint@2dc0c98a{l=/127.0.0.1:44789,r=/127.0.0.1:41490,OPEN,fill=-,flush=-,to=0/3000}{io=0/0,kio=0,kro=0}->HttpConnection@2ce6b9ef[p=HttpParser{s=START,0 of -1},g=HttpGenerator@6f12afe9{s=START}]=>HttpChannelOverHttp@42d54ddc{s=HttpChannelState@a21f4cb{s=IDLE rs=BLOCKING os=OPEN is=IDLE awp=false se=false i=true al=0},r=0,c=false/false,a=IDLE,uri=null,age=0}
03:43:09.096 [qtp961160488-18] DEBUG org.eclipse.jetty.io.AbstractConnection - fillInterested HttpConnection@2ce6b9ef::SocketChannelEndPoint@2dc0c98a{l=/127.0.0.1:44789,r=/127.0.0.1:41490,OPEN,fill=-,flush=-,to=0/3000}{io=0/0,kio=0,kro=0}->HttpConnection@2ce6b9ef[p=HttpParser{s=START,0 of -1},g=HttpGenerator@6f12afe9{s=START}]=>HttpChannelOverHttp@42d54ddc{s=HttpChannelState@a21f4cb{s=IDLE rs=BLOCKING os=OPEN is=IDLE awp=false se=false i=true al=0},r=0,c=false/false,a=IDLE,uri=null,age=0}
03:43:09.096 [qtp961160488-18] DEBUG org.eclipse.jetty.io.FillInterest - interested FillInterest@6a10996c{AC.ReadCB@2ce6b9ef{HttpConnection@2ce6b9ef::SocketChannelEndPoint@2dc0c98a{l=/127.0.0.1:44789,r=/127.0.0.1:41490,OPEN,fill=FI,flush=-,to=0/3000}{io=0/0,kio=0,kro=0}->HttpConnection@2ce6b9ef[p=HttpParser{s=START,0 of -1},g=HttpGenerator@6f12afe9{s=START}]=>HttpChannelOverHttp@42d54ddc{s=HttpChannelState@a21f4cb{s=IDLE rs=BLOCKING os=OPEN is=IDLE awp=false se=false i=true al=0},r=0,c=false/false,a=IDLE,uri=null,age=0}}}
03:43:09.096 [qtp961160488-18] DEBUG org.eclipse.jetty.io.ChannelEndPoint - changeInterests p=false 0->1 for SocketChannelEndPoint@2dc0c98a{l=/127.0.0.1:44789,r=/127.0.0.1:41490,OPEN,fill=FI,flush=-,to=0/3000}{io=0/1,kio=0,kro=0}->HttpConnection@2ce6b9ef[p=HttpParser{s=START,0 of -1},g=HttpGenerator@6f12afe9{s=START}]=>HttpChannelOverHttp@42d54ddc{s=HttpChannelState@a21f4cb{s=IDLE rs=BLOCKING os=OPEN is=IDLE awp=false se=false i=true al=0},r=0,c=false/false,a=IDLE,uri=null,age=0}
03:43:09.096 [qtp961160488-18] DEBUG org.eclipse.jetty.io.ManagedSelector - Queued change lazy=false org.eclipse.jetty.io.ChannelEndPoint$$Lambda$255/90666987@73207c00 on ManagedSelector@316bcf94{STARTED} id=2 keys=2 selected=0 updates=1
03:43:09.096 [qtp961160488-18] DEBUG org.eclipse.jetty.io.ManagedSelector - Wakeup on submit ManagedSelector@316bcf94{STARTED} id=2 keys=2 selected=0 updates=2
03:43:09.096 [qtp961160488-21] DEBUG org.eclipse.jetty.io.ManagedSelector - Selector sun.nio.ch.EPollSelectorImpl@314fddb5 woken with none selected
03:43:09.096 [qtp961160488-21] DEBUG org.eclipse.jetty.io.ManagedSelector - Selector sun.nio.ch.EPollSelectorImpl@314fddb5 woken up from select, 0/0/2 selected
03:43:09.096 [qtp961160488-21] DEBUG org.eclipse.jetty.io.ManagedSelector - Selector sun.nio.ch.EPollSelectorImpl@314fddb5 processing 0 keys, 2 updates
03:43:09.096 [qtp961160488-21] DEBUG org.eclipse.jetty.io.ManagedSelector - updateable 2
03:43:09.096 [qtp961160488-18] DEBUG org.eclipse.jetty.io.ManagedSelector - Created SocketChannelEndPoint@2dc0c98a{l=/127.0.0.1:44789,r=/127.0.0.1:41490,OPEN,fill=FI,flush=-,to=0/3000}{io=0/1,kio=0,kro=0}->HttpConnection@2ce6b9ef[p=HttpParser{s=START,0 of -1},g=HttpGenerator@6f12afe9{s=START}]=>HttpChannelOverHttp@42d54ddc{s=HttpChannelState@a21f4cb{s=IDLE rs=BLOCKING os=OPEN is=IDLE awp=false se=false i=true al=0},r=0,c=false/false,a=IDLE,uri=null,age=0}
03:43:09.096 [qtp961160488-21] DEBUG org.eclipse.jetty.io.ManagedSelector - update org.eclipse.jetty.io.ManagedSelector$$Lambda$258/445561681@7c1a960
03:43:09.096 [qtp961160488-21] DEBUG org.eclipse.jetty.io.ManagedSelector - update org.eclipse.jetty.io.ChannelEndPoint$$Lambda$255/90666987@73207c00
03:43:09.096 [qtp961160488-18] DEBUG org.eclipse.jetty.util.thread.QueuedThreadPool - ran Accept@413182fe[java.nio.channels.SocketChannel[connected local=/127.0.0.1:44789 remote=/127.0.0.1:41490]] in QueuedThreadPool[qtp961160488]@394a2528{STARTED,8<=8<=200,i=1,r=-1,q=0}[ReservedThreadExecutor@383bfa16{reserved=1/8,pending=0}]
03:43:09.096 [qtp961160488-21] DEBUG org.eclipse.jetty.io.ChannelEndPoint - Key interests updated 0 -> 1 on SocketChannelEndPoint@2dc0c98a{l=/127.0.0.1:44789,r=/127.0.0.1:41490,OPEN,fill=FI,flush=-,to=0/3000}{io=1/1,kio=1,kro=0}->HttpConnection@2ce6b9ef[p=HttpParser{s=START,0 of -1},g=HttpGenerator@6f12afe9{s=START}]=>HttpChannelOverHttp@42d54ddc{s=HttpChannelState@a21f4cb{s=IDLE rs=BLOCKING os=OPEN is=IDLE awp=false se=false i=true al=0},r=0,c=false/false,a=IDLE,uri=null,age=0}
03:43:09.096 [qtp961160488-21] DEBUG org.eclipse.jetty.io.ManagedSelector - updates 0
03:43:09.096 [qtp961160488-21] DEBUG org.eclipse.jetty.io.ManagedSelector - Selector sun.nio.ch.EPollSelectorImpl@314fddb5 waiting with 2 keys
03:43:09.096 [qtp961160488-21] DEBUG org.eclipse.jetty.io.ManagedSelector - Selector sun.nio.ch.EPollSelectorImpl@314fddb5 woken up from select, 1/1/2 selected
03:43:09.096 [qtp961160488-21] DEBUG org.eclipse.jetty.io.ManagedSelector - Selector sun.nio.ch.EPollSelectorImpl@314fddb5 processing 1 keys, 0 updates
03:43:09.097 [qtp961160488-21] DEBUG org.eclipse.jetty.io.ManagedSelector - selected 1 sun.nio.ch.SelectionKeyImpl@50f5ee63 SocketChannelEndPoint@2dc0c98a{l=/127.0.0.1:44789,r=/127.0.0.1:41490,OPEN,fill=FI,flush=-,to=0/3000}{io=1/1,kio=1,kro=1}->HttpConnection@2ce6b9ef[p=HttpParser{s=START,0 of -1},g=HttpGenerator@6f12afe9{s=START}]=>HttpChannelOverHttp@42d54ddc{s=HttpChannelState@a21f4cb{s=IDLE rs=BLOCKING os=OPEN is=IDLE awp=false se=false i=true al=0},r=0,c=false/false,a=IDLE,uri=null,age=0} 
03:43:09.097 [qtp961160488-21] DEBUG org.eclipse.jetty.io.ChannelEndPoint - onSelected 1->0 r=true w=false for SocketChannelEndPoint@2dc0c98a{l=/127.0.0.1:44789,r=/127.0.0.1:41490,OPEN,fill=FI,flush=-,to=0/3000}{io=1/0,kio=1,kro=1}->HttpConnection@2ce6b9ef[p=HttpParser{s=START,0 of -1},g=HttpGenerator@6f12afe9{s=START}]=>HttpChannelOverHttp@42d54ddc{s=HttpChannelState@a21f4cb{s=IDLE rs=BLOCKING os=OPEN is=IDLE awp=false se=false i=true al=0},r=0,c=false/false,a=IDLE,uri=null,age=0}
03:43:09.097 [qtp961160488-21] DEBUG org.eclipse.jetty.io.ChannelEndPoint - task CEP:SocketChannelEndPoint@2dc0c98a{l=/127.0.0.1:44789,r=/127.0.0.1:41490,OPEN,fill=FI,flush=-,to=0/3000}{io=1/0,kio=1,kro=1}->HttpConnection@2ce6b9ef[p=HttpParser{s=START,0 of -1},g=HttpGenerator@6f12afe9{s=START}]=>HttpChannelOverHttp@42d54ddc{s=HttpChannelState@a21f4cb{s=IDLE rs=BLOCKING os=OPEN is=IDLE awp=false se=false i=true al=0},r=0,c=false/false,a=IDLE,uri=null,age=0}:runFillable:BLOCKING
03:43:09.097 [qtp961160488-21] DEBUG org.eclipse.jetty.util.thread.ReservedThreadExecutor - ReservedThreadExecutor@383bfa16{reserved=1/8,pending=0} tryExecute EatWhatYouKill@ffaa6af/SelectorProducer@53ce1329/PRODUCING/p=false/QueuedThreadPool[qtp961160488]@394a2528{STARTED,8<=8<=200,i=2,r=-1,q=0}[ReservedThreadExecutor@383bfa16{reserved=1/8,pending=0}][pc=0,pic=0,pec=0,epc=1]@2024-05-02T03:43:09.097+01:00
03:43:09.097 [qtp961160488-21] DEBUG org.eclipse.jetty.util.thread.ReservedThreadExecutor - ReservedThreadExecutor@383bfa16{reserved=0/8,pending=1} startReservedThread p=1
03:43:09.097 [qtp961160488-21] DEBUG org.eclipse.jetty.util.thread.QueuedThreadPool - queue ReservedThread@54ca70a5{PENDING,thread=null} startThread=0
03:43:09.097 [qtp961160488-16] DEBUG org.eclipse.jetty.util.thread.QueuedThreadPool - run ReservedThread@54ca70a5{PENDING,thread=null} in QueuedThreadPool[qtp961160488]@394a2528{STARTED,8<=8<=200,i=1,r=-1,q=0}[ReservedThreadExecutor@383bfa16{reserved=0/8,pending=1}]
03:43:09.097 [qtp961160488-16] DEBUG org.eclipse.jetty.util.thread.ReservedThreadExecutor - ReservedThread@54ca70a5{PENDING,thread=Thread[qtp961160488-16,5,main]} was=PENDING next=RESERVED size=0+1 capacity=8
03:43:09.097 [qtp961160488-16] DEBUG org.eclipse.jetty.util.thread.ReservedThreadExecutor - ReservedThread@54ca70a5{RESERVED,thread=Thread[qtp961160488-16,5,main]} waiting ReservedThreadExecutor@383bfa16{reserved=1/8,pending=0}
03:43:09.097 [qtp961160488-15] DEBUG org.eclipse.jetty.util.thread.ReservedThreadExecutor - ReservedThread@15d7b3ab{RESERVED,thread=Thread[qtp961160488-15,5,main]} task=EatWhatYouKill@ffaa6af/SelectorProducer@53ce1329/IDLE/p=true/QueuedThreadPool[qtp961160488]@394a2528{STARTED,8<=8<=200,i=1,r=-1,q=0}[ReservedThreadExecutor@383bfa16{reserved=0/8,pending=1}][pc=0,pic=0,pec=0,epc=1]@2024-05-02T03:43:09.097+01:00 ReservedThreadExecutor@383bfa16{reserved=1/8,pending=0}
03:43:09.097 [qtp961160488-21] DEBUG org.eclipse.jetty.util.thread.strategy.EatWhatYouKill - EatWhatYouKill@ffaa6af/SelectorProducer@53ce1329/IDLE/p=true/QueuedThreadPool[qtp961160488]@394a2528{STARTED,8<=8<=200,i=1,r=-1,q=0}[ReservedThreadExecutor@383bfa16{reserved=1/8,pending=0}][pc=0,pic=0,pec=0,epc=1]@2024-05-02T03:43:09.097+01:00 m=EXECUTE_PRODUCE_CONSUME t=CEP:SocketChannelEndPoint@2dc0c98a{l=/127.0.0.1:44789,r=/127.0.0.1:41490,OPEN,fill=FI,flush=-,to=1/3000}{io=1/0,kio=1,kro=1}->HttpConnection@2ce6b9ef[p=HttpParser{s=START,0 of -1},g=HttpGenerator@6f12afe9{s=START}]=>HttpChannelOverHttp@42d54ddc{s=HttpChannelState@a21f4cb{s=IDLE rs=BLOCKING os=OPEN is=IDLE awp=false se=false i=true al=0},r=0,c=false/false,a=IDLE,uri=null,age=0}:runFillable:BLOCKING/BLOCKING
03:43:09.098 [qtp961160488-15] DEBUG org.eclipse.jetty.util.thread.strategy.EatWhatYouKill - EatWhatYouKill@ffaa6af/SelectorProducer@53ce1329/IDLE/p=true/QueuedThreadPool[qtp961160488]@394a2528{STARTED,8<=8<=200,i=1,r=-1,q=0}[ReservedThreadExecutor@383bfa16{reserved=1/8,pending=0}][pc=0,pic=0,pec=0,epc=1]@2024-05-02T03:43:09.097+01:00 tryProduce true
03:43:09.098 [qtp961160488-15] DEBUG org.eclipse.jetty.io.ManagedSelector - updateable 0
03:43:09.098 [qtp961160488-15] DEBUG org.eclipse.jetty.io.ManagedSelector - updates 0
03:43:09.098 [qtp961160488-21] DEBUG org.eclipse.jetty.io.FillInterest - fillable FillInterest@6a10996c{AC.ReadCB@2ce6b9ef{HttpConnection@2ce6b9ef::SocketChannelEndPoint@2dc0c98a{l=/127.0.0.1:44789,r=/127.0.0.1:41490,OPEN,fill=FI,flush=-,to=1/3000}{io=1/0,kio=1,kro=1}->HttpConnection@2ce6b9ef[p=HttpParser{s=START,0 of -1},g=HttpGenerator@6f12afe9{s=START}]=>HttpChannelOverHttp@42d54ddc{s=HttpChannelState@a21f4cb{s=IDLE rs=BLOCKING os=OPEN is=IDLE awp=false se=false i=true al=0},r=0,c=false/false,a=IDLE,uri=null,age=0}}}
03:43:09.098 [qtp961160488-15] DEBUG org.eclipse.jetty.io.ChannelEndPoint - Key interests updated 1 -> 0 on SocketChannelEndPoint@2dc0c98a{l=/127.0.0.1:44789,r=/127.0.0.1:41490,OPEN,fill=FI,flush=-,to=1/3000}{io=0/0,kio=0,kro=1}->HttpConnection@2ce6b9ef[p=HttpParser{s=START,0 of -1},g=HttpGenerator@6f12afe9{s=START}]=>HttpChannelOverHttp@42d54ddc{s=HttpChannelState@a21f4cb{s=IDLE rs=BLOCKING os=OPEN is=IDLE awp=false se=false i=true al=0},r=0,c=false/false,a=IDLE,uri=null,age=0}
03:43:09.098 [qtp961160488-15] DEBUG org.eclipse.jetty.io.ManagedSelector - Selector sun.nio.ch.EPollSelectorImpl@314fddb5 waiting with 2 keys
03:43:09.098 [qtp961160488-21] DEBUG org.eclipse.jetty.server.HttpConnection - HttpConnection@2ce6b9ef::SocketChannelEndPoint@2dc0c98a{l=/127.0.0.1:44789,r=/127.0.0.1:41490,OPEN,fill=-,flush=-,to=1/3000}{io=0/0,kio=0,kro=1}->HttpConnection@2ce6b9ef[p=HttpParser{s=START,0 of -1},g=HttpGenerator@6f12afe9{s=START}]=>HttpChannelOverHttp@42d54ddc{s=HttpChannelState@a21f4cb{s=IDLE rs=BLOCKING os=OPEN is=IDLE awp=false se=false i=true al=0},r=0,c=false/false,a=IDLE,uri=null,age=0} onFillable enter HttpChannelState@a21f4cb{s=IDLE rs=BLOCKING os=OPEN is=IDLE awp=false se=false i=true al=0} null
03:43:09.098 [qtp961160488-21] DEBUG org.eclipse.jetty.io.ChannelEndPoint - filled 115 HeapByteBuffer@70640e51[p=0,l=115,c=8192,r=115]={<<<GET / HTTP/1.1\r\nHost: loc...gent: okhttp/3.12.3\r\n\r\n>>>nt-Length...\x00\x00\x00\x00\x00\x00\x00}
03:43:09.098 [qtp961160488-21] DEBUG org.eclipse.jetty.server.HttpConnection - HttpConnection@2ce6b9ef::SocketChannelEndPoint@2dc0c98a{l=/127.0.0.1:44789,r=/127.0.0.1:41490,OPEN,fill=-,flush=-,to=0/3000}{io=0/0,kio=0,kro=1}->HttpConnection@2ce6b9ef[p=HttpParser{s=START,0 of -1},g=HttpGenerator@6f12afe9{s=START}]=>HttpChannelOverHttp@42d54ddc{s=HttpChannelState@a21f4cb{s=IDLE rs=BLOCKING os=OPEN is=IDLE awp=false se=false i=true al=0},r=0,c=false/false,a=IDLE,uri=null,age=0} filled 115 HeapByteBuffer@70640e51[p=0,l=115,c=8192,r=115]={<<<GET / HTTP/1.1\r\nHost: loc...gent: okhttp/3.12.3\r\n\r\n>>>nt-Length...\x00\x00\x00\x00\x00\x00\x00}
03:43:09.098 [qtp961160488-21] DEBUG org.eclipse.jetty.server.HttpConnection - HttpConnection@2ce6b9ef::SocketChannelEndPoint@2dc0c98a{l=/127.0.0.1:44789,r=/127.0.0.1:41490,OPEN,fill=-,flush=-,to=0/3000}{io=0/0,kio=0,kro=1}->HttpConnection@2ce6b9ef[p=HttpParser{s=START,0 of -1},g=HttpGenerator@6f12afe9{s=START}]=>HttpChannelOverHttp@42d54ddc{s=HttpChannelState@a21f4cb{s=IDLE rs=BLOCKING os=OPEN is=IDLE awp=false se=false i=true al=0},r=0,c=false/false,a=IDLE,uri=null,age=0} parse HeapByteBuffer@70640e51[p=0,l=115,c=8192,r=115]={<<<GET / HTTP/1.1\r\nHost: loc...gent: okhttp/3.12.3\r\n\r\n>>>nt-Length...\x00\x00\x00\x00\x00\x00\x00} {}
03:43:09.098 [qtp961160488-21] DEBUG org.eclipse.jetty.http.HttpParser - parseNext s=START HeapByteBuffer@70640e51[p=0,l=115,c=8192,r=115]={<<<GET / HTTP/1.1\r\nHost: loc...gent: okhttp/3.12.3\r\n\r\n>>>nt-Length...\x00\x00\x00\x00\x00\x00\x00}
03:43:09.098 [qtp961160488-21] DEBUG org.eclipse.jetty.http.HttpParser - START --> SPACE1
03:43:09.098 [qtp961160488-21] DEBUG org.eclipse.jetty.http.HttpParser - SPACE1 --> URI
03:43:09.098 [qtp961160488-21] DEBUG org.eclipse.jetty.http.HttpParser - URI --> SPACE2
03:43:09.098 [qtp961160488-21] DEBUG org.eclipse.jetty.http.HttpParser - SPACE2 --> REQUEST_VERSION
03:43:09.098 [qtp961160488-21] DEBUG org.eclipse.jetty.http.HttpParser - REQUEST_VERSION --> HEADER
03:43:09.098 [qtp961160488-21] DEBUG org.eclipse.jetty.http.HttpParser - HEADER:Host --> VALUE
03:43:09.098 [qtp961160488-21] DEBUG org.eclipse.jetty.http.HttpParser - HEADER:Host --> IN_VALUE
03:43:09.098 [qtp961160488-21] DEBUG org.eclipse.jetty.http.HttpParser - HEADER:Host --> FIELD
03:43:09.098 [qtp961160488-21] DEBUG org.eclipse.jetty.http.HttpParser - HEADER:Connection: keep-alive --> IN_VALUE
03:43:09.098 [qtp961160488-21] DEBUG org.eclipse.jetty.http.HttpParser - HEADER:Connection: keep-alive --> FIELD
03:43:09.098 [qtp961160488-21] DEBUG org.eclipse.jetty.http.HttpParser - HEADER:Accept-Encoding: gzip --> IN_VALUE
03:43:09.098 [qtp961160488-21] DEBUG org.eclipse.jetty.http.HttpParser - HEADER:Accept-Encoding: gzip --> FIELD
03:43:09.098 [qtp961160488-21] DEBUG org.eclipse.jetty.http.HttpParser - HEADER:User-Agent --> VALUE
03:43:09.098 [qtp961160488-21] DEBUG org.eclipse.jetty.http.HttpParser - HEADER:User-Agent --> IN_VALUE
03:43:09.098 [qtp961160488-21] DEBUG org.eclipse.jetty.http.HttpParser - HEADER:User-Agent --> FIELD
03:43:09.098 [qtp961160488-21] DEBUG org.eclipse.jetty.http.HttpParser - HEADER --> CONTENT
03:43:09.099 [qtp961160488-21] DEBUG org.eclipse.jetty.server.HttpChannel - REQUEST for //localhost:44789/ on HttpChannelOverHttp@42d54ddc{s=HttpChannelState@a21f4cb{s=IDLE rs=BLOCKING os=OPEN is=IDLE awp=false se=false i=true al=0},r=1,c=false/false,a=IDLE,uri=//localhost:44789/,age=1}
GET //localhost:44789/ HTTP/1.1
Host: localhost:44789
Connection: keep-alive
Accept-Encoding: gzip
User-Agent: okhttp/3.12.3


03:43:09.099 [qtp961160488-21] DEBUG org.eclipse.jetty.server.HttpConnection - HttpConnection@2ce6b9ef::SocketChannelEndPoint@2dc0c98a{l=/127.0.0.1:44789,r=/127.0.0.1:41490,OPEN,fill=-,flush=-,to=0/3000}{io=0/0,kio=0,kro=1}->HttpConnection@2ce6b9ef[p=HttpParser{s=CONTENT,0 of -1},g=HttpGenerator@6f12afe9{s=START}]=>HttpChannelOverHttp@42d54ddc{s=HttpChannelState@a21f4cb{s=IDLE rs=BLOCKING os=OPEN is=IDLE awp=false se=false i=true al=0},r=1,c=false/false,a=IDLE,uri=//localhost:44789/,age=1} parsed true HttpParser{s=CONTENT,0 of -1}
03:43:09.099 [qtp961160488-21] DEBUG org.eclipse.jetty.server.HttpConnection - releaseRequestBuffer HttpConnection@2ce6b9ef::SocketChannelEndPoint@2dc0c98a{l=/127.0.0.1:44789,r=/127.0.0.1:41490,OPEN,fill=-,flush=-,to=0/3000}{io=0/0,kio=0,kro=1}->HttpConnection@2ce6b9ef[p=HttpParser{s=CONTENT,0 of -1},g=HttpGenerator@6f12afe9{s=START}]=>HttpChannelOverHttp@42d54ddc{s=HttpChannelState@a21f4cb{s=IDLE rs=BLOCKING os=OPEN is=IDLE awp=false se=false i=true al=0},r=1,c=false/false,a=IDLE,uri=//localhost:44789/,age=1}
03:43:09.099 [qtp961160488-21] DEBUG org.eclipse.jetty.server.HttpChannel - handle //localhost:44789/ HttpChannelOverHttp@42d54ddc{s=HttpChannelState@a21f4cb{s=IDLE rs=BLOCKING os=OPEN is=IDLE awp=false se=false i=true al=0},r=1,c=false/false,a=IDLE,uri=//localhost:44789/,age=1} 
03:43:09.099 [qtp961160488-21] DEBUG org.eclipse.jetty.server.HttpChannelState - handling HttpChannelState@a21f4cb{s=IDLE rs=BLOCKING os=OPEN is=IDLE awp=false se=false i=true al=0}
03:43:09.099 [qtp961160488-21] DEBUG org.eclipse.jetty.server.HttpChannel - action DISPATCH HttpChannelOverHttp@42d54ddc{s=HttpChannelState@a21f4cb{s=HANDLING rs=BLOCKING os=OPEN is=IDLE awp=false se=false i=true al=0},r=1,c=false/false,a=HANDLING,uri=//localhost:44789/,age=1}
03:43:09.099 [qtp961160488-21] DEBUG org.eclipse.jetty.server.Server - REQUEST GET / on HttpChannelOverHttp@42d54ddc{s=HttpChannelState@a21f4cb{s=HANDLING rs=BLOCKING os=OPEN is=IDLE awp=false se=false i=true al=0},r=1,c=false/false,a=HANDLING,uri=//localhost:44789/,age=1}
03:43:09.099 [qtp961160488-21] DEBUG org.eclipse.jetty.server.HttpOutput - write(array HeapByteBuffer@11c8e458[p=0,l=4,c=512,r=4]={<<<test>>>\x00\x00\x00\x00\x00\x00\x00\x00\x00...\x00\x00\x00\x00\x00\x00\x00})
03:43:09.099 [qtp961160488-21] DEBUG org.eclipse.jetty.server.HttpOutput - write(array) s=CLOSING,api=BLOCKED,sc=false,e=null last=true agg=false flush=true async=false, len=4 null
03:43:09.099 [qtp961160488-21] DEBUG org.eclipse.jetty.server.HttpChannel - sendResponse info=null content=HeapByteBuffer@5feaa907[p=0,l=4,c=512,r=4]={<<<test>>>\x00\x00\x00\x00\x00\x00\x00\x00\x00...\x00\x00\x00\x00\x00\x00\x00} complete=true committing=true callback=Blocker@2013d26f{null}
03:43:09.099 [qtp961160488-21] DEBUG org.eclipse.jetty.server.HttpChannel - COMMIT for / on HttpChannelOverHttp@42d54ddc{s=HttpChannelState@a21f4cb{s=HANDLING rs=BLOCKING os=COMMITTED is=IDLE awp=false se=false i=true al=0},r=1,c=false/false,a=HANDLING,uri=//localhost:44789/,age=1}
200 null HTTP/1.1
Date: Thu, 02 May 2024 02:43:09 GMT
ETag: testEtag
Content-Type: text/plain;charset=utf-8
Content-Length: 4


03:43:09.099 [qtp961160488-21] DEBUG org.eclipse.jetty.server.HttpConnection - generate: NEED_HEADER for SendCallback@27dbc190[PROCESSING][i=HTTP/1.1{s=200,h=4,cl=4},cb=org.eclipse.jetty.server.HttpChannel$SendCallback@71e71b17] (null,[p=0,l=4,c=512,r=4],true)@START
03:43:09.099 [qtp961160488-21] DEBUG org.eclipse.jetty.http.HttpGenerator - generateHeaders HTTP/1.1{s=200,h=4,cl=4} last=true content=HeapByteBuffer@5feaa907[p=0,l=4,c=512,r=4]={<<<test>>>\x00\x00\x00\x00\x00\x00\x00\x00\x00...\x00\x00\x00\x00\x00\x00\x00}
03:43:09.099 [qtp961160488-21] DEBUG org.eclipse.jetty.http.HttpGenerator - Date: Thu, 02 May 2024 02:43:09 GMT
ETag: testEtag
Content-Type: text/plain;charset=utf-8
Content-Length: 4


03:43:09.099 [qtp961160488-21] DEBUG org.eclipse.jetty.http.HttpGenerator - CONTENT_LENGTH
03:43:09.099 [qtp961160488-21] DEBUG org.eclipse.jetty.server.HttpConnection - generate: FLUSH for SendCallback@27dbc190[PROCESSING][i=HTTP/1.1{s=200,h=4,cl=4},cb=org.eclipse.jetty.server.HttpChannel$SendCallback@71e71b17] ([p=0,l=164,c=8192,r=164],[p=0,l=4,c=512,r=4],true)@COMPLETING
03:43:09.099 [qtp961160488-21] DEBUG org.eclipse.jetty.io.WriteFlusher - write: WriteFlusher@7b4f26bd{IDLE}->null [HeapByteBuffer@70640e51[p=0,l=164,c=8192,r=164]={<<<HTTP/1.1 200 OK\r\nDate: Th...y(9.4.44.v20210927)\r\n\r\n>>>\n\r\n\x00\x00\x00\x00\x00\x00...\x00\x00\x00\x00\x00\x00\x00},HeapByteBuffer@5feaa907[p=0,l=4,c=512,r=4]={<<<test>>>\x00\x00\x00\x00\x00\x00\x00\x00\x00...\x00\x00\x00\x00\x00\x00\x00}]
03:43:09.099 [qtp961160488-21] DEBUG org.eclipse.jetty.io.WriteFlusher - update WriteFlusher@7b4f26bd{WRITING}->null:IDLE-->WRITING
03:43:09.100 [qtp961160488-21] DEBUG org.eclipse.jetty.io.ChannelEndPoint - flushed 168 SocketChannelEndPoint@2dc0c98a{l=/127.0.0.1:44789,r=/127.0.0.1:41490,OPEN,fill=-,flush=W,to=1/3000}{io=0/0,kio=0,kro=1}->HttpConnection@2ce6b9ef[p=HttpParser{s=CONTENT,0 of -1},g=HttpGenerator@6f12afe9{s=COMPLETING}]=>HttpChannelOverHttp@42d54ddc{s=HttpChannelState@a21f4cb{s=HANDLING rs=BLOCKING os=COMMITTED is=IDLE awp=false se=false i=true al=0},r=1,c=false/false,a=HANDLING,uri=//localhost:44789/,age=2}
03:43:09.100 [qtp961160488-21] DEBUG org.eclipse.jetty.io.WriteFlusher - Flushed=true written=168 remaining=0 WriteFlusher@7b4f26bd{WRITING}->null
03:43:09.100 [main] DEBUG org.apache.nifi.minifi.bootstrap.configuration.ingestors.PullHttpChangeIngestor - Response received: Response{protocol=http/1.1, code=200, message=OK, url=http://localhost:44789/}
03:43:09.100 [qtp961160488-21] DEBUG org.eclipse.jetty.io.WriteFlusher - update WriteFlusher@7b4f26bd{IDLE}->null:WRITING-->IDLE
03:43:09.100 [qtp961160488-21] DEBUG org.eclipse.jetty.server.HttpConnection - generate: DONE for SendCallback@27dbc190[PROCESSING][i=HTTP/1.1{s=200,h=4,cl=4},cb=org.eclipse.jetty.server.HttpChannel$SendCallback@71e71b17] ([p=164,l=164,c=8192,r=0],[p=4,l=4,c=512,r=0],true)@END
03:43:09.100 [qtp961160488-21] DEBUG org.eclipse.jetty.server.HttpOutput - onWriteComplete(true,null) s=CLOSING,api=BLOCKED,sc=false,e=null->s=CLOSED,api=BLOCKING,sc=false,e=null c=null cb=null w=false
03:43:09.100 [qtp961160488-21] DEBUG org.eclipse.jetty.server.HttpOutput - close() s=CLOSED,api=BLOCKING,sc=false,e=null c=null b=null
03:43:09.100 [main] DEBUG org.apache.nifi.minifi.bootstrap.configuration.ingestors.PullHttpChangeIngestor - Pulled config same as currently running.
03:43:09.100 [qtp961160488-21] DEBUG org.eclipse.jetty.server.Server - handled=true async=false committed=true on HttpChannelOverHttp@42d54ddc{s=HttpChannelState@a21f4cb{s=HANDLING rs=BLOCKING os=COMPLETED is=IDLE awp=false se=false i=true al=0},r=1,c=false/true,a=HANDLING,uri=//localhost:44789/,age=2}
03:43:09.100 [qtp961160488-21] DEBUG org.eclipse.jetty.server.HttpChannelState - unhandle HttpChannelState@a21f4cb{s=HANDLING rs=BLOCKING os=COMPLETED is=IDLE awp=false se=false i=true al=0}
03:43:09.100 [qtp961160488-21] DEBUG org.eclipse.jetty.server.HttpChannelState - nextAction(false) COMPLETE HttpChannelState@a21f4cb{s=HANDLING rs=COMPLETING os=COMPLETED is=IDLE awp=false se=false i=false al=0}
03:43:09.100 [qtp961160488-21] DEBUG org.eclipse.jetty.server.HttpChannel - action COMPLETE HttpChannelOverHttp@42d54ddc{s=HttpChannelState@a21f4cb{s=HANDLING rs=COMPLETING os=COMPLETED is=IDLE awp=false se=false i=false al=0},r=1,c=false/true,a=HANDLING,uri=//localhost:44789/,age=2}
03:43:09.100 [qtp961160488-21] DEBUG org.eclipse.jetty.server.HttpOutput - complete(org.eclipse.jetty.util.Callback$3@45710311) s=CLOSED,api=BLOCKING,sc=false,e=null s=true e=null, c=null
03:43:09.100 [qtp961160488-21] DEBUG org.eclipse.jetty.server.HttpChannelState - completed HttpChannelState@a21f4cb{s=HANDLING rs=COMPLETING os=COMPLETED is=IDLE awp=false se=false i=false al=0}
03:43:09.100 [qtp961160488-21] DEBUG org.eclipse.jetty.server.HttpChannelState - unhandle HttpChannelState@a21f4cb{s=HANDLING rs=COMPLETED os=COMPLETED is=IDLE awp=false se=false i=false al=0}
03:43:09.100 [qtp961160488-21] DEBUG org.eclipse.jetty.server.HttpChannelState - nextAction(false) TERMINATED HttpChannelState@a21f4cb{s=IDLE rs=COMPLETED os=COMPLETED is=IDLE awp=false se=false i=false al=0}
]]></system-out>
  </testcase>
  <testcase name="testNoUpdateWithPath" classname="org.apache.nifi.minifi.bootstrap.configuration.ingestors.PullHttpChangeIngestorTest" time="0.007">
    <system-out><![CDATA[03:43:09.100 [qtp961160488-21] DEBUG org.eclipse.jetty.server.HttpChannel - action TERMINATED HttpChannelOverHttp@42d54ddc{s=HttpChannelState@a21f4cb{s=IDLE rs=COMPLETED os=COMPLETED is=IDLE awp=false se=false i=false al=0},r=1,c=true/true,a=IDLE,uri=//localhost:44789/,age=2}
03:43:09.100 [qtp961160488-21] DEBUG org.eclipse.jetty.server.HttpChannel - onCompleted for / written=4
03:43:09.100 [qtp961160488-21] DEBUG org.eclipse.jetty.io.ChannelEndPoint - filled 0 HeapByteBuffer@70640e51[p=0,l=0,c=8192,r=0]={<<<>>>HTTP/1.1 ...\x00\x00\x00\x00\x00\x00\x00}
03:43:09.100 [qtp961160488-21] DEBUG org.eclipse.jetty.io.ChannelEndPoint - filled 0 HeapByteBuffer@70640e51[p=0,l=0,c=8192,r=0]={<<<>>>HTTP/1.1 ...\x00\x00\x00\x00\x00\x00\x00}
03:43:09.101 [qtp961160488-21] DEBUG org.eclipse.jetty.server.HttpConnection - HttpConnection@2ce6b9ef::SocketChannelEndPoint@2dc0c98a{l=/127.0.0.1:44789,r=/127.0.0.1:41490,OPEN,fill=-,flush=-,to=0/3000}{io=0/0,kio=0,kro=1}->HttpConnection@2ce6b9ef[p=HttpParser{s=CONTENT,0 of -1},g=HttpGenerator@6f12afe9{s=END}]=>HttpChannelOverHttp@42d54ddc{s=HttpChannelState@a21f4cb{s=IDLE rs=COMPLETED os=COMPLETED is=IDLE awp=false se=false i=false al=0},r=1,c=true/true,a=IDLE,uri=//localhost:44789/,age=3} filled 0 HeapByteBuffer@70640e51[p=0,l=0,c=8192,r=0]={<<<>>>HTTP/1.1 ...\x00\x00\x00\x00\x00\x00\x00}
03:43:09.101 [qtp961160488-21] DEBUG org.eclipse.jetty.server.HttpConnection - HttpConnection@2ce6b9ef::SocketChannelEndPoint@2dc0c98a{l=/127.0.0.1:44789,r=/127.0.0.1:41490,OPEN,fill=-,flush=-,to=0/3000}{io=0/0,kio=0,kro=1}->HttpConnection@2ce6b9ef[p=HttpParser{s=CONTENT,0 of -1},g=HttpGenerator@6f12afe9{s=END}]=>HttpChannelOverHttp@42d54ddc{s=HttpChannelState@a21f4cb{s=IDLE rs=COMPLETED os=COMPLETED is=IDLE awp=false se=false i=false al=0},r=1,c=true/true,a=IDLE,uri=//localhost:44789/,age=3} parse HeapByteBuffer@70640e51[p=0,l=0,c=8192,r=0]={<<<>>>HTTP/1.1 ...\x00\x00\x00\x00\x00\x00\x00} {}
03:43:09.101 [qtp961160488-21] DEBUG org.eclipse.jetty.http.HttpParser - parseNext s=CONTENT HeapByteBuffer@70640e51[p=0,l=0,c=8192,r=0]={<<<>>>HTTP/1.1 ...\x00\x00\x00\x00\x00\x00\x00}
03:43:09.101 [qtp961160488-21] DEBUG org.eclipse.jetty.http.HttpParser - CONTENT --> CONTENT_END
03:43:09.101 [qtp961160488-21] DEBUG org.eclipse.jetty.server.HttpChannel - onContentComplete HttpChannelOverHttp@42d54ddc{s=HttpChannelState@a21f4cb{s=IDLE rs=COMPLETED os=COMPLETED is=IDLE awp=false se=false i=false al=0},r=1,c=true/true,a=IDLE,uri=//localhost:44789/,age=3}
03:43:09.101 [qtp961160488-21] DEBUG org.eclipse.jetty.http.HttpParser - CONTENT_END --> END
03:43:09.101 [qtp961160488-21] DEBUG org.eclipse.jetty.server.HttpChannel - onRequestComplete HttpChannelOverHttp@42d54ddc{s=HttpChannelState@a21f4cb{s=IDLE rs=COMPLETED os=COMPLETED is=IDLE awp=false se=false i=false al=0},r=1,c=true/true,a=IDLE,uri=//localhost:44789/,age=3}
03:43:09.101 [qtp961160488-21] DEBUG org.eclipse.jetty.server.HttpInput - HttpInputOverHTTP@3cdf8d6e[c=0,q=0,[0]=null,s=STREAM] addContent EOF
03:43:09.101 [qtp961160488-21] DEBUG org.eclipse.jetty.server.HttpConnection - HttpConnection@2ce6b9ef::SocketChannelEndPoint@2dc0c98a{l=/127.0.0.1:44789,r=/127.0.0.1:41490,OPEN,fill=-,flush=-,to=1/3000}{io=0/0,kio=0,kro=1}->HttpConnection@2ce6b9ef[p=HttpParser{s=END,0 of -1},g=HttpGenerator@6f12afe9{s=END}]=>HttpChannelOverHttp@42d54ddc{s=HttpChannelState@a21f4cb{s=IDLE rs=COMPLETED os=COMPLETED is=IDLE awp=false se=false i=false al=0},r=1,c=true/true,a=IDLE,uri=//localhost:44789/,age=3} parsed false HttpParser{s=END,0 of -1}
03:43:09.101 [qtp961160488-21] DEBUG org.eclipse.jetty.server.HttpConnection - releaseRequestBuffer HttpConnection@2ce6b9ef::SocketChannelEndPoint@2dc0c98a{l=/127.0.0.1:44789,r=/127.0.0.1:41490,OPEN,fill=-,flush=-,to=1/3000}{io=0/0,kio=0,kro=1}->HttpConnection@2ce6b9ef[p=HttpParser{s=END,0 of -1},g=HttpGenerator@6f12afe9{s=END}]=>HttpChannelOverHttp@42d54ddc{s=HttpChannelState@a21f4cb{s=IDLE rs=COMPLETED os=COMPLETED is=IDLE awp=false se=false i=false al=0},r=1,c=true/true,a=IDLE,uri=//localhost:44789/,age=3}
03:43:09.101 [qtp961160488-21] DEBUG org.eclipse.jetty.server.HttpChannelState - recycle HttpChannelState@a21f4cb{s=IDLE rs=COMPLETED os=COMPLETED is=IDLE awp=false se=false i=false al=0}
03:43:09.101 [qtp961160488-21] DEBUG org.eclipse.jetty.http.HttpParser - reset HttpParser{s=END,0 of -1}
03:43:09.101 [qtp961160488-21] DEBUG org.eclipse.jetty.http.HttpParser - END --> START
03:43:09.101 [qtp961160488-21] DEBUG org.eclipse.jetty.server.HttpChannel - !handle TERMINATED HttpChannelOverHttp@42d54ddc{s=HttpChannelState@a21f4cb{s=IDLE rs=BLOCKING os=OPEN is=IDLE awp=false se=false i=true al=0},r=1,c=false/false,a=IDLE,uri=null,age=0}
03:43:09.101 [qtp961160488-21] DEBUG org.eclipse.jetty.io.ChannelEndPoint - filled 0 HeapByteBuffer@70640e51[p=0,l=0,c=8192,r=0]={<<<>>>HTTP/1.1 ...\x00\x00\x00\x00\x00\x00\x00}
03:43:09.101 [qtp961160488-21] DEBUG org.eclipse.jetty.io.ChannelEndPoint - filled 0 HeapByteBuffer@70640e51[p=0,l=0,c=8192,r=0]={<<<>>>HTTP/1.1 ...\x00\x00\x00\x00\x00\x00\x00}
03:43:09.101 [qtp961160488-21] DEBUG org.eclipse.jetty.server.HttpConnection - HttpConnection@2ce6b9ef::SocketChannelEndPoint@2dc0c98a{l=/127.0.0.1:44789,r=/127.0.0.1:41490,OPEN,fill=-,flush=-,to=1/3000}{io=0/0,kio=0,kro=1}->HttpConnection@2ce6b9ef[p=HttpParser{s=START,0 of -1},g=HttpGenerator@6f12afe9{s=START}]=>HttpChannelOverHttp@42d54ddc{s=HttpChannelState@a21f4cb{s=IDLE rs=BLOCKING os=OPEN is=IDLE awp=false se=false i=true al=0},r=1,c=false/false,a=IDLE,uri=null,age=0} filled 0 HeapByteBuffer@70640e51[p=0,l=0,c=8192,r=0]={<<<>>>HTTP/1.1 ...\x00\x00\x00\x00\x00\x00\x00}
03:43:09.101 [main] DEBUG org.apache.nifi.minifi.bootstrap.configuration.ingestors.PullHttpChangeIngestor - Attempting to pull new config
03:43:09.102 [qtp961160488-21] DEBUG org.eclipse.jetty.server.HttpConnection - HttpConnection@2ce6b9ef::SocketChannelEndPoint@2dc0c98a{l=/127.0.0.1:44789,r=/127.0.0.1:41490,OPEN,fill=-,flush=-,to=1/3000}{io=0/0,kio=0,kro=1}->HttpConnection@2ce6b9ef[p=HttpParser{s=START,0 of -1},g=HttpGenerator@6f12afe9{s=START}]=>HttpChannelOverHttp@42d54ddc{s=HttpChannelState@a21f4cb{s=IDLE rs=BLOCKING os=OPEN is=IDLE awp=false se=false i=true al=0},r=1,c=false/false,a=IDLE,uri=null,age=0} parse HeapByteBuffer@70640e51[p=0,l=0,c=8192,r=0]={<<<>>>HTTP/1.1 ...\x00\x00\x00\x00\x00\x00\x00} {}
03:43:09.102 [qtp961160488-21] DEBUG org.eclipse.jetty.http.HttpParser - parseNext s=START HeapByteBuffer@70640e51[p=0,l=0,c=8192,r=0]={<<<>>>HTTP/1.1 ...\x00\x00\x00\x00\x00\x00\x00}
03:43:09.102 [qtp961160488-21] DEBUG org.eclipse.jetty.server.HttpConnection - HttpConnection@2ce6b9ef::SocketChannelEndPoint@2dc0c98a{l=/127.0.0.1:44789,r=/127.0.0.1:41490,OPEN,fill=-,flush=-,to=1/3000}{io=0/0,kio=0,kro=1}->HttpConnection@2ce6b9ef[p=HttpParser{s=START,0 of -1},g=HttpGenerator@6f12afe9{s=START}]=>HttpChannelOverHttp@42d54ddc{s=HttpChannelState@a21f4cb{s=IDLE rs=BLOCKING os=OPEN is=IDLE awp=false se=false i=true al=0},r=1,c=false/false,a=IDLE,uri=null,age=0} parsed false HttpParser{s=START,0 of -1}
03:43:09.102 [qtp961160488-21] DEBUG org.eclipse.jetty.server.HttpConnection - releaseRequestBuffer HttpConnection@2ce6b9ef::SocketChannelEndPoint@2dc0c98a{l=/127.0.0.1:44789,r=/127.0.0.1:41490,OPEN,fill=-,flush=-,to=2/3000}{io=0/0,kio=0,kro=1}->HttpConnection@2ce6b9ef[p=HttpParser{s=START,0 of -1},g=HttpGenerator@6f12afe9{s=START}]=>HttpChannelOverHttp@42d54ddc{s=HttpChannelState@a21f4cb{s=IDLE rs=BLOCKING os=OPEN is=IDLE awp=false se=false i=true al=0},r=1,c=false/false,a=IDLE,uri=null,age=0}
03:43:09.102 [qtp961160488-21] DEBUG org.eclipse.jetty.io.AbstractConnection - fillInterested HttpConnection@2ce6b9ef::SocketChannelEndPoint@2dc0c98a{l=/127.0.0.1:44789,r=/127.0.0.1:41490,OPEN,fill=-,flush=-,to=2/3000}{io=0/0,kio=0,kro=1}->HttpConnection@2ce6b9ef[p=HttpParser{s=START,0 of -1},g=HttpGenerator@6f12afe9{s=START}]=>HttpChannelOverHttp@42d54ddc{s=HttpChannelState@a21f4cb{s=IDLE rs=BLOCKING os=OPEN is=IDLE awp=false se=false i=true al=0},r=1,c=false/false,a=IDLE,uri=null,age=0}
03:43:09.102 [qtp961160488-21] DEBUG org.eclipse.jetty.io.FillInterest - interested FillInterest@6a10996c{AC.ReadCB@2ce6b9ef{HttpConnection@2ce6b9ef::SocketChannelEndPoint@2dc0c98a{l=/127.0.0.1:44789,r=/127.0.0.1:41490,OPEN,fill=FI,flush=-,to=0/3000}{io=0/0,kio=0,kro=1}->HttpConnection@2ce6b9ef[p=HttpParser{s=START,0 of -1},g=HttpGenerator@6f12afe9{s=START}]=>HttpChannelOverHttp@42d54ddc{s=HttpChannelState@a21f4cb{s=IDLE rs=BLOCKING os=OPEN is=IDLE awp=false se=false i=true al=0},r=1,c=false/false,a=IDLE,uri=null,age=0}}}
03:43:09.102 [qtp961160488-19-acceptor-0@1e1a0406-ServerConnector@446293d{HTTP/1.1, (http/1.1)}{localhost:44789}] DEBUG org.eclipse.jetty.io.ManagedSelector - Queued change lazy=false Accept@3c3474ff[java.nio.channels.SocketChannel[connected local=/127.0.0.1:44789 remote=/127.0.0.1:41504]] on ManagedSelector@1de5f259{STARTED} id=3 keys=1 selected=0 updates=0
03:43:09.102 [qtp961160488-21] DEBUG org.eclipse.jetty.io.ChannelEndPoint - changeInterests p=false 0->1 for SocketChannelEndPoint@2dc0c98a{l=/127.0.0.1:44789,r=/127.0.0.1:41490,OPEN,fill=FI,flush=-,to=0/3000}{io=0/1,kio=0,kro=1}->HttpConnection@2ce6b9ef[p=HttpParser{s=START,0 of -1},g=HttpGenerator@6f12afe9{s=START}]=>HttpChannelOverHttp@42d54ddc{s=HttpChannelState@a21f4cb{s=IDLE rs=BLOCKING os=OPEN is=IDLE awp=false se=false i=true al=0},r=1,c=false/false,a=IDLE,uri=null,age=0}
03:43:09.102 [qtp961160488-19-acceptor-0@1e1a0406-ServerConnector@446293d{HTTP/1.1, (http/1.1)}{localhost:44789}] DEBUG org.eclipse.jetty.io.ManagedSelector - Wakeup on submit ManagedSelector@1de5f259{STARTED} id=3 keys=1 selected=0 updates=1
03:43:09.102 [qtp961160488-21] DEBUG org.eclipse.jetty.io.ManagedSelector - Queued change lazy=false org.eclipse.jetty.io.ChannelEndPoint$$Lambda$255/90666987@73207c00 on ManagedSelector@316bcf94{STARTED} id=2 keys=2 selected=0 updates=0
03:43:09.102 [qtp961160488-21] DEBUG org.eclipse.jetty.io.ManagedSelector - Wakeup on submit ManagedSelector@316bcf94{STARTED} id=2 keys=2 selected=0 updates=1
03:43:09.102 [qtp961160488-22] DEBUG org.eclipse.jetty.io.ManagedSelector - Selector sun.nio.ch.EPollSelectorImpl@11cfe143 woken with none selected
03:43:09.102 [qtp961160488-22] DEBUG org.eclipse.jetty.io.ManagedSelector - Selector sun.nio.ch.EPollSelectorImpl@11cfe143 woken up from select, 0/0/1 selected
03:43:09.102 [qtp961160488-22] DEBUG org.eclipse.jetty.io.ManagedSelector - Selector sun.nio.ch.EPollSelectorImpl@11cfe143 processing 0 keys, 1 updates
03:43:09.102 [qtp961160488-22] DEBUG org.eclipse.jetty.io.ManagedSelector - updateable 1
03:43:09.102 [qtp961160488-15] DEBUG org.eclipse.jetty.io.ManagedSelector - Selector sun.nio.ch.EPollSelectorImpl@314fddb5 woken with none selected
03:43:09.102 [qtp961160488-22] DEBUG org.eclipse.jetty.io.ManagedSelector - update Accept@3c3474ff[java.nio.channels.SocketChannel[connected local=/127.0.0.1:44789 remote=/127.0.0.1:41504]]
03:43:09.102 [qtp961160488-15] DEBUG org.eclipse.jetty.io.ManagedSelector - Selector sun.nio.ch.EPollSelectorImpl@314fddb5 woken up from select, 0/0/2 selected
03:43:09.102 [qtp961160488-15] DEBUG org.eclipse.jetty.io.ManagedSelector - Selector sun.nio.ch.EPollSelectorImpl@314fddb5 processing 0 keys, 1 updates
03:43:09.102 [qtp961160488-15] DEBUG org.eclipse.jetty.io.ManagedSelector - updateable 1
03:43:09.102 [qtp961160488-15] DEBUG org.eclipse.jetty.io.ManagedSelector - update org.eclipse.jetty.io.ChannelEndPoint$$Lambda$255/90666987@73207c00
03:43:09.102 [qtp961160488-22] DEBUG org.eclipse.jetty.util.thread.QueuedThreadPool - queue Accept@3c3474ff[java.nio.channels.SocketChannel[connected local=/127.0.0.1:44789 remote=/127.0.0.1:41504]] startThread=0
03:43:09.102 [qtp961160488-22] DEBUG org.eclipse.jetty.io.ManagedSelector - updates 0
03:43:09.102 [qtp961160488-22] DEBUG org.eclipse.jetty.io.ManagedSelector - Selector sun.nio.ch.EPollSelectorImpl@11cfe143 waiting with 2 keys
03:43:09.102 [qtp961160488-21] DEBUG org.eclipse.jetty.server.HttpConnection - HttpConnection@2ce6b9ef::SocketChannelEndPoint@2dc0c98a{l=/127.0.0.1:44789,r=/127.0.0.1:41490,OPEN,fill=FI,flush=-,to=0/3000}{io=0/1,kio=0,kro=1}->HttpConnection@2ce6b9ef[p=HttpParser{s=START,0 of -1},g=HttpGenerator@6f12afe9{s=START}]=>HttpChannelOverHttp@42d54ddc{s=HttpChannelState@a21f4cb{s=IDLE rs=BLOCKING os=OPEN is=IDLE awp=false se=false i=true al=0},r=1,c=false/false,a=IDLE,uri=null,age=0} onFillable exit HttpChannelState@a21f4cb{s=IDLE rs=BLOCKING os=OPEN is=IDLE awp=false se=false i=true al=0} null
03:43:09.102 [qtp961160488-18] DEBUG org.eclipse.jetty.util.thread.QueuedThreadPool - run Accept@3c3474ff[java.nio.channels.SocketChannel[connected local=/127.0.0.1:44789 remote=/127.0.0.1:41504]] in QueuedThreadPool[qtp961160488]@394a2528{STARTED,8<=8<=200,i=0,r=-1,q=0}[ReservedThreadExecutor@383bfa16{reserved=1/8,pending=0}]
03:43:09.102 [qtp961160488-21] DEBUG org.eclipse.jetty.util.thread.ReservedThreadExecutor - ReservedThread@3685288b{RUNNING,thread=Thread[qtp961160488-21,5,main]} was=RUNNING next=RESERVED size=0+2 capacity=8
03:43:09.102 [qtp961160488-15] DEBUG org.eclipse.jetty.io.ChannelEndPoint - Key interests updated 0 -> 1 on SocketChannelEndPoint@2dc0c98a{l=/127.0.0.1:44789,r=/127.0.0.1:41490,OPEN,fill=FI,flush=-,to=0/3000}{io=1/1,kio=1,kro=1}->HttpConnection@2ce6b9ef[p=HttpParser{s=START,0 of -1},g=HttpGenerator@6f12afe9{s=START}]=>HttpChannelOverHttp@42d54ddc{s=HttpChannelState@a21f4cb{s=IDLE rs=BLOCKING os=OPEN is=IDLE awp=false se=false i=true al=0},r=1,c=false/false,a=IDLE,uri=null,age=0}
03:43:09.103 [qtp961160488-21] DEBUG org.eclipse.jetty.util.thread.ReservedThreadExecutor - ReservedThread@3685288b{RESERVED,thread=Thread[qtp961160488-21,5,main]} waiting ReservedThreadExecutor@383bfa16{reserved=2/8,pending=0}
03:43:09.103 [qtp961160488-15] DEBUG org.eclipse.jetty.io.ManagedSelector - updates 0
03:43:09.103 [qtp961160488-15] DEBUG org.eclipse.jetty.io.ManagedSelector - Selector sun.nio.ch.EPollSelectorImpl@314fddb5 waiting with 2 keys
03:43:09.103 [qtp961160488-18] DEBUG org.eclipse.jetty.io.IdleTimeout - SocketChannelEndPoint@792051ad{l=/127.0.0.1:44789,r=/127.0.0.1:41504,OPEN,fill=-,flush=-,to=0/3000}{io=0/0,kio=0,kro=0}-><null> idle timeout check, elapsed: 0 ms, remaining: 3000 ms
03:43:09.103 [qtp961160488-18] DEBUG org.eclipse.jetty.server.HttpChannel - new HttpChannelOverHttp@337c487{s=HttpChannelState@6d02f674{s=IDLE rs=BLOCKING os=OPEN is=IDLE awp=false se=false i=true al=0},r=0,c=false/false,a=IDLE,uri=null,age=0} -> SocketChannelEndPoint@792051ad{l=/127.0.0.1:44789,r=/127.0.0.1:41504,OPEN,fill=-,flush=-,to=0/3000}{io=0/0,kio=0,kro=0}-><null>,null,HttpChannelState@6d02f674{s=IDLE rs=BLOCKING os=OPEN is=IDLE awp=false se=false i=true al=0}
03:43:09.103 [qtp961160488-18] DEBUG org.eclipse.jetty.server.HttpConnection - New HTTP Connection HttpConnection@1db247a8::SocketChannelEndPoint@792051ad{l=/127.0.0.1:44789,r=/127.0.0.1:41504,OPEN,fill=-,flush=-,to=0/3000}{io=0/0,kio=0,kro=0}-><null>
03:43:09.103 [qtp961160488-18] DEBUG org.eclipse.jetty.io.ManagedSelector - Queued change lazy=true org.eclipse.jetty.io.ManagedSelector$$Lambda$258/445561681@66e4d08a on ManagedSelector@1de5f259{STARTED} id=3 keys=2 selected=0 updates=0
03:43:09.103 [qtp961160488-18] DEBUG org.eclipse.jetty.io.AbstractEndPoint - onOpen SocketChannelEndPoint@792051ad{l=/127.0.0.1:44789,r=/127.0.0.1:41504,OPEN,fill=-,flush=-,to=0/3000}{io=0/0,kio=0,kro=0}->HttpConnection@1db247a8[p=HttpParser{s=START,0 of -1},g=HttpGenerator@5bca232d{s=START}]=>HttpChannelOverHttp@337c487{s=HttpChannelState@6d02f674{s=IDLE rs=BLOCKING os=OPEN is=IDLE awp=false se=false i=true al=0},r=0,c=false/false,a=IDLE,uri=null,age=0}
03:43:09.103 [qtp961160488-18] DEBUG org.eclipse.jetty.io.AbstractConnection - onOpen HttpConnection@1db247a8::SocketChannelEndPoint@792051ad{l=/127.0.0.1:44789,r=/127.0.0.1:41504,OPEN,fill=-,flush=-,to=0/3000}{io=0/0,kio=0,kro=0}->HttpConnection@1db247a8[p=HttpParser{s=START,0 of -1},g=HttpGenerator@5bca232d{s=START}]=>HttpChannelOverHttp@337c487{s=HttpChannelState@6d02f674{s=IDLE rs=BLOCKING os=OPEN is=IDLE awp=false se=false i=true al=0},r=0,c=false/false,a=IDLE,uri=null,age=0}
03:43:09.103 [qtp961160488-18] DEBUG org.eclipse.jetty.io.AbstractConnection - fillInterested HttpConnection@1db247a8::SocketChannelEndPoint@792051ad{l=/127.0.0.1:44789,r=/127.0.0.1:41504,OPEN,fill=-,flush=-,to=0/3000}{io=0/0,kio=0,kro=0}->HttpConnection@1db247a8[p=HttpParser{s=START,0 of -1},g=HttpGenerator@5bca232d{s=START}]=>HttpChannelOverHttp@337c487{s=HttpChannelState@6d02f674{s=IDLE rs=BLOCKING os=OPEN is=IDLE awp=false se=false i=true al=0},r=0,c=false/false,a=IDLE,uri=null,age=0}
03:43:09.103 [qtp961160488-18] DEBUG org.eclipse.jetty.io.FillInterest - interested FillInterest@2101df76{AC.ReadCB@1db247a8{HttpConnection@1db247a8::SocketChannelEndPoint@792051ad{l=/127.0.0.1:44789,r=/127.0.0.1:41504,OPEN,fill=FI,flush=-,to=0/3000}{io=0/0,kio=0,kro=0}->HttpConnection@1db247a8[p=HttpParser{s=START,0 of -1},g=HttpGenerator@5bca232d{s=START}]=>HttpChannelOverHttp@337c487{s=HttpChannelState@6d02f674{s=IDLE rs=BLOCKING os=OPEN is=IDLE awp=false se=false i=true al=0},r=0,c=false/false,a=IDLE,uri=null,age=0}}}
03:43:09.104 [qtp961160488-18] DEBUG org.eclipse.jetty.io.ChannelEndPoint - changeInterests p=false 0->1 for SocketChannelEndPoint@792051ad{l=/127.0.0.1:44789,r=/127.0.0.1:41504,OPEN,fill=FI,flush=-,to=0/3000}{io=0/1,kio=0,kro=0}->HttpConnection@1db247a8[p=HttpParser{s=START,0 of -1},g=HttpGenerator@5bca232d{s=START}]=>HttpChannelOverHttp@337c487{s=HttpChannelState@6d02f674{s=IDLE rs=BLOCKING os=OPEN is=IDLE awp=false se=false i=true al=0},r=0,c=false/false,a=IDLE,uri=null,age=0}
03:43:09.104 [qtp961160488-18] DEBUG org.eclipse.jetty.io.ManagedSelector - Queued change lazy=false org.eclipse.jetty.io.ChannelEndPoint$$Lambda$255/90666987@2e0143f9 on ManagedSelector@1de5f259{STARTED} id=3 keys=2 selected=0 updates=1
03:43:09.104 [qtp961160488-18] DEBUG org.eclipse.jetty.io.ManagedSelector - Wakeup on submit ManagedSelector@1de5f259{STARTED} id=3 keys=2 selected=0 updates=2
03:43:09.104 [qtp961160488-22] DEBUG org.eclipse.jetty.io.ManagedSelector - Selector sun.nio.ch.EPollSelectorImpl@11cfe143 woken with none selected
03:43:09.104 [qtp961160488-22] DEBUG org.eclipse.jetty.io.ManagedSelector - Selector sun.nio.ch.EPollSelectorImpl@11cfe143 woken up from select, 0/0/2 selected
03:43:09.104 [qtp961160488-22] DEBUG org.eclipse.jetty.io.ManagedSelector - Selector sun.nio.ch.EPollSelectorImpl@11cfe143 processing 0 keys, 2 updates
03:43:09.104 [qtp961160488-22] DEBUG org.eclipse.jetty.io.ManagedSelector - updateable 2
03:43:09.104 [qtp961160488-22] DEBUG org.eclipse.jetty.io.ManagedSelector - update org.eclipse.jetty.io.ManagedSelector$$Lambda$258/445561681@66e4d08a
03:43:09.104 [qtp961160488-18] DEBUG org.eclipse.jetty.io.ManagedSelector - Created SocketChannelEndPoint@792051ad{l=/127.0.0.1:44789,r=/127.0.0.1:41504,OPEN,fill=FI,flush=-,to=0/3000}{io=0/1,kio=0,kro=0}->HttpConnection@1db247a8[p=HttpParser{s=START,0 of -1},g=HttpGenerator@5bca232d{s=START}]=>HttpChannelOverHttp@337c487{s=HttpChannelState@6d02f674{s=IDLE rs=BLOCKING os=OPEN is=IDLE awp=false se=false i=true al=0},r=0,c=false/false,a=IDLE,uri=null,age=0}
03:43:09.104 [qtp961160488-22] DEBUG org.eclipse.jetty.io.ManagedSelector - update org.eclipse.jetty.io.ChannelEndPoint$$Lambda$255/90666987@2e0143f9
03:43:09.104 [qtp961160488-18] DEBUG org.eclipse.jetty.util.thread.QueuedThreadPool - ran Accept@3c3474ff[java.nio.channels.SocketChannel[connected local=/127.0.0.1:44789 remote=/127.0.0.1:41504]] in QueuedThreadPool[qtp961160488]@394a2528{STARTED,8<=8<=200,i=0,r=-1,q=0}[ReservedThreadExecutor@383bfa16{reserved=2/8,pending=0}]
03:43:09.104 [qtp961160488-22] DEBUG org.eclipse.jetty.io.ChannelEndPoint - Key interests updated 0 -> 1 on SocketChannelEndPoint@792051ad{l=/127.0.0.1:44789,r=/127.0.0.1:41504,OPEN,fill=FI,flush=-,to=0/3000}{io=1/1,kio=1,kro=0}->HttpConnection@1db247a8[p=HttpParser{s=START,0 of -1},g=HttpGenerator@5bca232d{s=START}]=>HttpChannelOverHttp@337c487{s=HttpChannelState@6d02f674{s=IDLE rs=BLOCKING os=OPEN is=IDLE awp=false se=false i=true al=0},r=0,c=false/false,a=IDLE,uri=null,age=0}
03:43:09.104 [qtp961160488-22] DEBUG org.eclipse.jetty.io.ManagedSelector - updates 0
03:43:09.104 [qtp961160488-22] DEBUG org.eclipse.jetty.io.ManagedSelector - Selector sun.nio.ch.EPollSelectorImpl@11cfe143 waiting with 2 keys
03:43:09.104 [qtp961160488-22] DEBUG org.eclipse.jetty.io.ManagedSelector - Selector sun.nio.ch.EPollSelectorImpl@11cfe143 woken up from select, 1/1/2 selected
03:43:09.104 [qtp961160488-22] DEBUG org.eclipse.jetty.io.ManagedSelector - Selector sun.nio.ch.EPollSelectorImpl@11cfe143 processing 1 keys, 0 updates
03:43:09.104 [qtp961160488-22] DEBUG org.eclipse.jetty.io.ManagedSelector - selected 1 sun.nio.ch.SelectionKeyImpl@75ac0afa SocketChannelEndPoint@792051ad{l=/127.0.0.1:44789,r=/127.0.0.1:41504,OPEN,fill=FI,flush=-,to=0/3000}{io=1/1,kio=1,kro=1}->HttpConnection@1db247a8[p=HttpParser{s=START,0 of -1},g=HttpGenerator@5bca232d{s=START}]=>HttpChannelOverHttp@337c487{s=HttpChannelState@6d02f674{s=IDLE rs=BLOCKING os=OPEN is=IDLE awp=false se=false i=true al=0},r=0,c=false/false,a=IDLE,uri=null,age=0} 
03:43:09.104 [qtp961160488-22] DEBUG org.eclipse.jetty.io.ChannelEndPoint - onSelected 1->0 r=true w=false for SocketChannelEndPoint@792051ad{l=/127.0.0.1:44789,r=/127.0.0.1:41504,OPEN,fill=FI,flush=-,to=0/3000}{io=1/0,kio=1,kro=1}->HttpConnection@1db247a8[p=HttpParser{s=START,0 of -1},g=HttpGenerator@5bca232d{s=START}]=>HttpChannelOverHttp@337c487{s=HttpChannelState@6d02f674{s=IDLE rs=BLOCKING os=OPEN is=IDLE awp=false se=false i=true al=0},r=0,c=false/false,a=IDLE,uri=null,age=0}
03:43:09.104 [qtp961160488-22] DEBUG org.eclipse.jetty.io.ChannelEndPoint - task CEP:SocketChannelEndPoint@792051ad{l=/127.0.0.1:44789,r=/127.0.0.1:41504,OPEN,fill=FI,flush=-,to=1/3000}{io=1/0,kio=1,kro=1}->HttpConnection@1db247a8[p=HttpParser{s=START,0 of -1},g=HttpGenerator@5bca232d{s=START}]=>HttpChannelOverHttp@337c487{s=HttpChannelState@6d02f674{s=IDLE rs=BLOCKING os=OPEN is=IDLE awp=false se=false i=true al=0},r=0,c=false/false,a=IDLE,uri=null,age=0}:runFillable:BLOCKING
03:43:09.105 [qtp961160488-22] DEBUG org.eclipse.jetty.util.thread.ReservedThreadExecutor - ReservedThreadExecutor@383bfa16{reserved=2/8,pending=0} tryExecute EatWhatYouKill@6404f418/SelectorProducer@3e11f9e9/PRODUCING/p=false/QueuedThreadPool[qtp961160488]@394a2528{STARTED,8<=8<=200,i=1,r=-1,q=0}[ReservedThreadExecutor@383bfa16{reserved=2/8,pending=0}][pc=0,pic=0,pec=0,epc=1]@2024-05-02T03:43:09.105+01:00
03:43:09.105 [qtp961160488-22] DEBUG org.eclipse.jetty.util.thread.strategy.EatWhatYouKill - EatWhatYouKill@6404f418/SelectorProducer@3e11f9e9/IDLE/p=true/QueuedThreadPool[qtp961160488]@394a2528{STARTED,8<=8<=200,i=1,r=-1,q=0}[ReservedThreadExecutor@383bfa16{reserved=1/8,pending=0}][pc=0,pic=0,pec=0,epc=1]@2024-05-02T03:43:09.105+01:00 m=EXECUTE_PRODUCE_CONSUME t=CEP:SocketChannelEndPoint@792051ad{l=/127.0.0.1:44789,r=/127.0.0.1:41504,OPEN,fill=FI,flush=-,to=1/3000}{io=1/0,kio=1,kro=1}->HttpConnection@1db247a8[p=HttpParser{s=START,0 of -1},g=HttpGenerator@5bca232d{s=START}]=>HttpChannelOverHttp@337c487{s=HttpChannelState@6d02f674{s=IDLE rs=BLOCKING os=OPEN is=IDLE awp=false se=false i=true al=0},r=0,c=false/false,a=IDLE,uri=null,age=0}:runFillable:BLOCKING/BLOCKING
03:43:09.105 [qtp961160488-22] DEBUG org.eclipse.jetty.io.FillInterest - fillable FillInterest@2101df76{AC.ReadCB@1db247a8{HttpConnection@1db247a8::SocketChannelEndPoint@792051ad{l=/127.0.0.1:44789,r=/127.0.0.1:41504,OPEN,fill=FI,flush=-,to=1/3000}{io=1/0,kio=1,kro=1}->HttpConnection@1db247a8[p=HttpParser{s=START,0 of -1},g=HttpGenerator@5bca232d{s=START}]=>HttpChannelOverHttp@337c487{s=HttpChannelState@6d02f674{s=IDLE rs=BLOCKING os=OPEN is=IDLE awp=false se=false i=true al=0},r=0,c=false/false,a=IDLE,uri=null,age=0}}}
03:43:09.105 [qtp961160488-22] DEBUG org.eclipse.jetty.server.HttpConnection - HttpConnection@1db247a8::SocketChannelEndPoint@792051ad{l=/127.0.0.1:44789,r=/127.0.0.1:41504,OPEN,fill=-,flush=-,to=1/3000}{io=1/0,kio=1,kro=1}->HttpConnection@1db247a8[p=HttpParser{s=START,0 of -1},g=HttpGenerator@5bca232d{s=START}]=>HttpChannelOverHttp@337c487{s=HttpChannelState@6d02f674{s=IDLE rs=BLOCKING os=OPEN is=IDLE awp=false se=false i=true al=0},r=0,c=false/false,a=IDLE,uri=null,age=0} onFillable enter HttpChannelState@6d02f674{s=IDLE rs=BLOCKING os=OPEN is=IDLE awp=false se=false i=true al=0} null
03:43:09.105 [qtp961160488-22] DEBUG org.eclipse.jetty.io.ChannelEndPoint - filled 125 HeapByteBuffer@70640e51[p=0,l=125,c=8192,r=125]={<<<GET /config.yml HTTP/1.1\r...gent: okhttp/3.12.3\r\n\r\n>>> 4\r\nServe...\x00\x00\x00\x00\x00\x00\x00}
03:43:09.105 [qtp961160488-22] DEBUG org.eclipse.jetty.server.HttpConnection - HttpConnection@1db247a8::SocketChannelEndPoint@792051ad{l=/127.0.0.1:44789,r=/127.0.0.1:41504,OPEN,fill=-,flush=-,to=0/3000}{io=1/0,kio=1,kro=1}->HttpConnection@1db247a8[p=HttpParser{s=START,0 of -1},g=HttpGenerator@5bca232d{s=START}]=>HttpChannelOverHttp@337c487{s=HttpChannelState@6d02f674{s=IDLE rs=BLOCKING os=OPEN is=IDLE awp=false se=false i=true al=0},r=0,c=false/false,a=IDLE,uri=null,age=0} filled 125 HeapByteBuffer@70640e51[p=0,l=125,c=8192,r=125]={<<<GET /config.yml HTTP/1.1\r...gent: okhttp/3.12.3\r\n\r\n>>> 4\r\nServe...\x00\x00\x00\x00\x00\x00\x00}
03:43:09.105 [qtp961160488-22] DEBUG org.eclipse.jetty.server.HttpConnection - HttpConnection@1db247a8::SocketChannelEndPoint@792051ad{l=/127.0.0.1:44789,r=/127.0.0.1:41504,OPEN,fill=-,flush=-,to=0/3000}{io=1/0,kio=1,kro=1}->HttpConnection@1db247a8[p=HttpParser{s=START,0 of -1},g=HttpGenerator@5bca232d{s=START}]=>HttpChannelOverHttp@337c487{s=HttpChannelState@6d02f674{s=IDLE rs=BLOCKING os=OPEN is=IDLE awp=false se=false i=true al=0},r=0,c=false/false,a=IDLE,uri=null,age=0} parse HeapByteBuffer@70640e51[p=0,l=125,c=8192,r=125]={<<<GET /config.yml HTTP/1.1\r...gent: okhttp/3.12.3\r\n\r\n>>> 4\r\nServe...\x00\x00\x00\x00\x00\x00\x00} {}
03:43:09.105 [qtp961160488-22] DEBUG org.eclipse.jetty.http.HttpParser - parseNext s=START HeapByteBuffer@70640e51[p=0,l=125,c=8192,r=125]={<<<GET /config.yml HTTP/1.1\r...gent: okhttp/3.12.3\r\n\r\n>>> 4\r\nServe...\x00\x00\x00\x00\x00\x00\x00}
03:43:09.106 [qtp961160488-22] DEBUG org.eclipse.jetty.http.HttpParser - START --> SPACE1
03:43:09.106 [qtp961160488-22] DEBUG org.eclipse.jetty.http.HttpParser - SPACE1 --> URI
03:43:09.106 [qtp961160488-22] DEBUG org.eclipse.jetty.http.HttpParser - URI --> SPACE2
03:43:09.106 [qtp961160488-22] DEBUG org.eclipse.jetty.http.HttpParser - SPACE2 --> REQUEST_VERSION
03:43:09.106 [qtp961160488-22] DEBUG org.eclipse.jetty.http.HttpParser - REQUEST_VERSION --> HEADER
03:43:09.106 [qtp961160488-22] DEBUG org.eclipse.jetty.http.HttpParser - HEADER:Host --> VALUE
03:43:09.106 [qtp961160488-22] DEBUG org.eclipse.jetty.http.HttpParser - HEADER:Host --> IN_VALUE
03:43:09.106 [qtp961160488-22] DEBUG org.eclipse.jetty.http.HttpParser - HEADER:Host --> FIELD
03:43:09.106 [qtp961160488-22] DEBUG org.eclipse.jetty.http.HttpParser - HEADER:Connection: keep-alive --> IN_VALUE
03:43:09.106 [qtp961160488-22] DEBUG org.eclipse.jetty.http.HttpParser - HEADER:Connection: keep-alive --> FIELD
03:43:09.106 [qtp961160488-22] DEBUG org.eclipse.jetty.http.HttpParser - HEADER:Accept-Encoding: gzip --> IN_VALUE
03:43:09.106 [qtp961160488-22] DEBUG org.eclipse.jetty.http.HttpParser - HEADER:Accept-Encoding: gzip --> FIELD
03:43:09.106 [qtp961160488-22] DEBUG org.eclipse.jetty.http.HttpParser - HEADER:User-Agent --> VALUE
03:43:09.106 [qtp961160488-22] DEBUG org.eclipse.jetty.http.HttpParser - HEADER:User-Agent --> IN_VALUE
03:43:09.106 [qtp961160488-22] DEBUG org.eclipse.jetty.http.HttpParser - HEADER:User-Agent --> FIELD
03:43:09.106 [qtp961160488-22] DEBUG org.eclipse.jetty.http.HttpParser - HEADER --> CONTENT
03:43:09.106 [qtp961160488-22] DEBUG org.eclipse.jetty.server.HttpChannel - REQUEST for //localhost:44789/config.yml on HttpChannelOverHttp@337c487{s=HttpChannelState@6d02f674{s=IDLE rs=BLOCKING os=OPEN is=IDLE awp=false se=false i=true al=0},r=1,c=false/false,a=IDLE,uri=//localhost:44789/config.yml,age=0}
GET //localhost:44789/config.yml HTTP/1.1
Host: localhost:44789
Connection: keep-alive
Accept-Encoding: gzip
User-Agent: okhttp/3.12.3


03:43:09.106 [qtp961160488-22] DEBUG org.eclipse.jetty.server.HttpConnection - HttpConnection@1db247a8::SocketChannelEndPoint@792051ad{l=/127.0.0.1:44789,r=/127.0.0.1:41504,OPEN,fill=-,flush=-,to=0/3000}{io=1/0,kio=1,kro=1}->HttpConnection@1db247a8[p=HttpParser{s=CONTENT,0 of -1},g=HttpGenerator@5bca232d{s=START}]=>HttpChannelOverHttp@337c487{s=HttpChannelState@6d02f674{s=IDLE rs=BLOCKING os=OPEN is=IDLE awp=false se=false i=true al=0},r=1,c=false/false,a=IDLE,uri=//localhost:44789/config.yml,age=0} parsed true HttpParser{s=CONTENT,0 of -1}
03:43:09.106 [qtp961160488-22] DEBUG org.eclipse.jetty.server.HttpConnection - releaseRequestBuffer HttpConnection@1db247a8::SocketChannelEndPoint@792051ad{l=/127.0.0.1:44789,r=/127.0.0.1:41504,OPEN,fill=-,flush=-,to=0/3000}{io=1/0,kio=1,kro=1}->HttpConnection@1db247a8[p=HttpParser{s=CONTENT,0 of -1},g=HttpGenerator@5bca232d{s=START}]=>HttpChannelOverHttp@337c487{s=HttpChannelState@6d02f674{s=IDLE rs=BLOCKING os=OPEN is=IDLE awp=false se=false i=true al=0},r=1,c=false/false,a=IDLE,uri=//localhost:44789/config.yml,age=0}
03:43:09.106 [qtp961160488-22] DEBUG org.eclipse.jetty.server.HttpChannel - handle //localhost:44789/config.yml HttpChannelOverHttp@337c487{s=HttpChannelState@6d02f674{s=IDLE rs=BLOCKING os=OPEN is=IDLE awp=false se=false i=true al=0},r=1,c=false/false,a=IDLE,uri=//localhost:44789/config.yml,age=0} 
03:43:09.106 [qtp961160488-22] DEBUG org.eclipse.jetty.server.HttpChannelState - handling HttpChannelState@6d02f674{s=IDLE rs=BLOCKING os=OPEN is=IDLE awp=false se=false i=true al=0}
03:43:09.106 [qtp961160488-22] DEBUG org.eclipse.jetty.server.HttpChannel - action DISPATCH HttpChannelOverHttp@337c487{s=HttpChannelState@6d02f674{s=HANDLING rs=BLOCKING os=OPEN is=IDLE awp=false se=false i=true al=0},r=1,c=false/false,a=HANDLING,uri=//localhost:44789/config.yml,age=0}
03:43:09.106 [qtp961160488-22] DEBUG org.eclipse.jetty.server.Server - REQUEST GET /config.yml on HttpChannelOverHttp@337c487{s=HttpChannelState@6d02f674{s=HANDLING rs=BLOCKING os=OPEN is=IDLE awp=false se=false i=true al=0},r=1,c=false/false,a=HANDLING,uri=//localhost:44789/config.yml,age=0}
03:43:09.106 [qtp961160488-22] DEBUG org.eclipse.jetty.server.HttpOutput - write(array HeapByteBuffer@4181af33[p=0,l=4,c=512,r=4]={<<<path>>>\x00\x00\x00\x00\x00\x00\x00\x00\x00...\x00\x00\x00\x00\x00\x00\x00})
03:43:09.106 [qtp961160488-22] DEBUG org.eclipse.jetty.server.HttpOutput - write(array) s=CLOSING,api=BLOCKED,sc=false,e=null last=true agg=false flush=true async=false, len=4 null
03:43:09.106 [qtp961160488-22] DEBUG org.eclipse.jetty.server.HttpChannel - sendResponse info=null content=HeapByteBuffer@7705bbba[p=0,l=4,c=512,r=4]={<<<path>>>\x00\x00\x00\x00\x00\x00\x00\x00\x00...\x00\x00\x00\x00\x00\x00\x00} complete=true committing=true callback=Blocker@60bc9169{null}
03:43:09.106 [qtp961160488-22] DEBUG org.eclipse.jetty.server.HttpChannel - COMMIT for /config.yml on HttpChannelOverHttp@337c487{s=HttpChannelState@6d02f674{s=HANDLING rs=BLOCKING os=COMMITTED is=IDLE awp=false se=false i=true al=0},r=1,c=false/false,a=HANDLING,uri=//localhost:44789/config.yml,age=0}
200 null HTTP/1.1
Date: Thu, 02 May 2024 02:43:09 GMT
ETag: testEtag
Content-Type: text/plain;charset=utf-8
Content-Length: 4


03:43:09.107 [qtp961160488-22] DEBUG org.eclipse.jetty.server.HttpConnection - generate: NEED_HEADER for SendCallback@75d2ac5e[PROCESSING][i=HTTP/1.1{s=200,h=4,cl=4},cb=org.eclipse.jetty.server.HttpChannel$SendCallback@39e66de0] (null,[p=0,l=4,c=512,r=4],true)@START
03:43:09.107 [qtp961160488-22] DEBUG org.eclipse.jetty.http.HttpGenerator - generateHeaders HTTP/1.1{s=200,h=4,cl=4} last=true content=HeapByteBuffer@7705bbba[p=0,l=4,c=512,r=4]={<<<path>>>\x00\x00\x00\x00\x00\x00\x00\x00\x00...\x00\x00\x00\x00\x00\x00\x00}
03:43:09.107 [qtp961160488-22] DEBUG org.eclipse.jetty.http.HttpGenerator - Date: Thu, 02 May 2024 02:43:09 GMT
ETag: testEtag
Content-Type: text/plain;charset=utf-8
Content-Length: 4


03:43:09.107 [qtp961160488-22] DEBUG org.eclipse.jetty.http.HttpGenerator - CONTENT_LENGTH
03:43:09.107 [qtp961160488-22] DEBUG org.eclipse.jetty.server.HttpConnection - generate: FLUSH for SendCallback@75d2ac5e[PROCESSING][i=HTTP/1.1{s=200,h=4,cl=4},cb=org.eclipse.jetty.server.HttpChannel$SendCallback@39e66de0] ([p=0,l=164,c=8192,r=164],[p=0,l=4,c=512,r=4],true)@COMPLETING
03:43:09.107 [qtp961160488-22] DEBUG org.eclipse.jetty.io.WriteFlusher - write: WriteFlusher@6364c90d{IDLE}->null [HeapByteBuffer@70640e51[p=0,l=164,c=8192,r=164]={<<<HTTP/1.1 200 OK\r\nDate: Th...y(9.4.44.v20210927)\r\n\r\n>>>\n\r\n\x00\x00\x00\x00\x00\x00...\x00\x00\x00\x00\x00\x00\x00},HeapByteBuffer@7705bbba[p=0,l=4,c=512,r=4]={<<<path>>>\x00\x00\x00\x00\x00\x00\x00\x00\x00...\x00\x00\x00\x00\x00\x00\x00}]
03:43:09.107 [qtp961160488-22] DEBUG org.eclipse.jetty.io.WriteFlusher - update WriteFlusher@6364c90d{WRITING}->null:IDLE-->WRITING
03:43:09.107 [qtp961160488-22] DEBUG org.eclipse.jetty.io.ChannelEndPoint - flushed 168 SocketChannelEndPoint@792051ad{l=/127.0.0.1:44789,r=/127.0.0.1:41504,OPEN,fill=-,flush=W,to=1/3000}{io=1/0,kio=1,kro=1}->HttpConnection@1db247a8[p=HttpParser{s=CONTENT,0 of -1},g=HttpGenerator@5bca232d{s=COMPLETING}]=>HttpChannelOverHttp@337c487{s=HttpChannelState@6d02f674{s=HANDLING rs=BLOCKING os=COMMITTED is=IDLE awp=false se=false i=true al=0},r=1,c=false/false,a=HANDLING,uri=//localhost:44789/config.yml,age=1}
03:43:09.107 [qtp961160488-22] DEBUG org.eclipse.jetty.io.WriteFlusher - Flushed=true written=168 remaining=0 WriteFlusher@6364c90d{WRITING}->null
03:43:09.107 [main] DEBUG org.apache.nifi.minifi.bootstrap.configuration.ingestors.PullHttpChangeIngestor - Response received: Response{protocol=http/1.1, code=200, message=OK, url=http://localhost:44789/config.yml}
03:43:09.107 [qtp961160488-22] DEBUG org.eclipse.jetty.io.WriteFlusher - update WriteFlusher@6364c90d{IDLE}->null:WRITING-->IDLE
03:43:09.107 [qtp961160488-22] DEBUG org.eclipse.jetty.server.HttpConnection - generate: DONE for SendCallback@75d2ac5e[PROCESSING][i=HTTP/1.1{s=200,h=4,cl=4},cb=org.eclipse.jetty.server.HttpChannel$SendCallback@39e66de0] ([p=164,l=164,c=8192,r=0],[p=4,l=4,c=512,r=0],true)@END
03:43:09.107 [qtp961160488-22] DEBUG org.eclipse.jetty.server.HttpOutput - onWriteComplete(true,null) s=CLOSING,api=BLOCKED,sc=false,e=null->s=CLOSED,api=BLOCKING,sc=false,e=null c=null cb=null w=false
03:43:09.107 [qtp961160488-22] DEBUG org.eclipse.jetty.server.HttpOutput - close() s=CLOSED,api=BLOCKING,sc=false,e=null c=null b=null
03:43:09.107 [main] DEBUG org.apache.nifi.minifi.bootstrap.configuration.ingestors.PullHttpChangeIngestor - Pulled config same as currently running.
03:43:09.107 [qtp961160488-22] DEBUG org.eclipse.jetty.server.Server - handled=true async=false committed=true on HttpChannelOverHttp@337c487{s=HttpChannelState@6d02f674{s=HANDLING rs=BLOCKING os=COMPLETED is=IDLE awp=false se=false i=true al=0},r=1,c=false/true,a=HANDLING,uri=//localhost:44789/config.yml,age=1}
03:43:09.107 [qtp961160488-22] DEBUG org.eclipse.jetty.server.HttpChannelState - unhandle HttpChannelState@6d02f674{s=HANDLING rs=BLOCKING os=COMPLETED is=IDLE awp=false se=false i=true al=0}
03:43:09.107 [qtp961160488-22] DEBUG org.eclipse.jetty.server.HttpChannelState - nextAction(false) COMPLETE HttpChannelState@6d02f674{s=HANDLING rs=COMPLETING os=COMPLETED is=IDLE awp=false se=false i=false al=0}
03:43:09.107 [qtp961160488-22] DEBUG org.eclipse.jetty.server.HttpChannel - action COMPLETE HttpChannelOverHttp@337c487{s=HttpChannelState@6d02f674{s=HANDLING rs=COMPLETING os=COMPLETED is=IDLE awp=false se=false i=false al=0},r=1,c=false/true,a=HANDLING,uri=//localhost:44789/config.yml,age=1}
03:43:09.107 [qtp961160488-22] DEBUG org.eclipse.jetty.server.HttpOutput - complete(org.eclipse.jetty.util.Callback$3@67573bd1) s=CLOSED,api=BLOCKING,sc=false,e=null s=true e=null, c=null
03:43:09.107 [qtp961160488-22] DEBUG org.eclipse.jetty.server.HttpChannelState - completed HttpChannelState@6d02f674{s=HANDLING rs=COMPLETING os=COMPLETED is=IDLE awp=false se=false i=false al=0}
03:43:09.107 [qtp961160488-22] DEBUG org.eclipse.jetty.server.HttpChannelState - unhandle HttpChannelState@6d02f674{s=HANDLING rs=COMPLETED os=COMPLETED is=IDLE awp=false se=false i=false al=0}
]]></system-out>
  </testcase>
</testsuite>