<?xml version="1.0" encoding="UTF-8"?>
<testsuite xmlns:xsi="http://www.w3.org/2001/XMLSchema-instance" xsi:noNamespaceSchemaLocation="https://maven.apache.org/surefire/maven-surefire-plugin/xsd/surefire-test-report-3.0.xsd" version="3.0" name="org.apache.nifi.minifi.bootstrap.configuration.ingestors.PullHttpChangeIngestorSSLTest" time="1.534" tests="7" errors="0" skipped="0" failures="0">
  <properties>
    <property name="sun.desktop" value="gnome"/>
    <property name="awt.toolkit" value="sun.awt.X11.XToolkit"/>
    <property name="file.encoding.pkg" value="sun.io"/>
    <property name="java.specification.version" value="1.8"/>
    <property name="sun.cpu.isalist" value=""/>
    <property name="sun.jnu.encoding" value="UTF-8"/>
    <property name="java.class.path" value="/home/alex/Repositories/nifi/minifi/minifi-bootstrap/target/test-classes:/home/alex/Repositories/nifi/minifi/minifi-bootstrap/target/classes:/home/alex/.m2/repository/org/slf4j/slf4j-api/1.7.32/slf4j-api-1.7.32.jar:/home/alex/.m2/repository/ch/qos/logback/logback-classic/1.2.6/logback-classic-1.2.6.jar:/home/alex/.m2/repository/ch/qos/logback/logback-core/1.2.6/logback-core-1.2.6.jar:/home/alex/Repositories/nifi/nifi-api/target/classes:/home/alex/Repositories/nifi/nifi-commons/nifi-bootstrap-utils/target/classes:/home/alex/.m2/repository/net/java/dev/jna/jna-platform/4.4.0/jna-platform-4.4.0.jar:/home/alex/.m2/repository/net/java/dev/jna/jna/4.4.0/jna-4.4.0.jar:/home/alex/Repositories/nifi/nifi-nar-bundles/nifi-extension-utils/nifi-processor-utils/target/classes:/home/alex/Repositories/nifi/nifi-commons/nifi-security-socket-ssl/target/classes:/home/alex/.m2/repository/org/apache/commons/commons-lang3/3.9/commons-lang3-3.9.jar:/home/alex/.m2/repository/com/fasterxml/jackson/core/jackson-databind/2.12.3/jackson-databind-2.12.3.jar:/home/alex/.m2/repository/com/fasterxml/jackson/core/jackson-annotations/2.12.3/jackson-annotations-2.12.3.jar:/home/alex/.m2/repository/com/fasterxml/jackson/core/jackson-core/2.12.3/jackson-core-2.12.3.jar:/home/alex/Repositories/nifi/nifi-nar-bundles/nifi-standard-services/nifi-record-serialization-service-api/target/classes:/home/alex/Repositories/nifi/nifi-commons/nifi-record/target/classes:/home/alex/Repositories/nifi/nifi-nar-bundles/nifi-extension-utils/nifi-event-transport/target/classes:/home/alex/.m2/repository/io/netty/netty-handler/4.1.69.Final/netty-handler-4.1.69.Final.jar:/home/alex/.m2/repository/io/netty/netty-common/4.1.69.Final/netty-common-4.1.69.Final.jar:/home/alex/.m2/repository/io/netty/netty-resolver/4.1.69.Final/netty-resolver-4.1.69.Final.jar:/home/alex/.m2/repository/io/netty/netty-buffer/4.1.69.Final/netty-buffer-4.1.69.Final.jar:/home/alex/.m2/repository/io/netty/netty-transport/4.1.69.Final/netty-transport-4.1.69.Final.jar:/home/alex/.m2/repository/io/netty/netty-codec/4.1.69.Final/netty-codec-4.1.69.Final.jar:/home/alex/Repositories/nifi/nifi-commons/nifi-expression-language/target/classes:/home/alex/.m2/repository/org/antlr/antlr-runtime/3.5.2/antlr-runtime-3.5.2.jar:/home/alex/Repositories/nifi/nifi-commons/nifi-parameter/target/classes:/home/alex/Repositories/nifi/nifi-commons/nifi-uuid5/target/classes:/home/alex/.m2/repository/com/jayway/jsonpath/json-path/2.6.0/json-path-2.6.0.jar:/home/alex/.m2/repository/net/minidev/json-smart/2.4.7/json-smart-2.4.7.jar:/home/alex/.m2/repository/net/minidev/accessors-smart/2.4.7/accessors-smart-2.4.7.jar:/home/alex/.m2/repository/org/ow2/asm/asm/9.1/asm-9.1.jar:/home/alex/.m2/repository/org/apache/commons/commons-text/1.8/commons-text-1.8.jar:/home/alex/.m2/repository/commons-codec/commons-codec/1.10/commons-codec-1.10.jar:/home/alex/Repositories/nifi/minifi/minifi-commons/minifi-utils/target/classes:/home/alex/Repositories/nifi/nifi-commons/nifi-utils/target/classes:/home/alex/Repositories/nifi/nifi-commons/nifi-properties/target/classes:/home/alex/Repositories/nifi/nifi-commons/nifi-property-utils/target/classes:/home/alex/.m2/repository/org/yaml/snakeyaml/1.29/snakeyaml-1.29.jar:/home/alex/Repositories/nifi/minifi/minifi-commons/minifi-commons-schema/target/classes:/home/alex/.m2/repository/org/eclipse/jetty/jetty-server/9.4.44.v20210927/jetty-server-9.4.44.v20210927.jar:/home/alex/.m2/repository/javax/servlet/javax.servlet-api/3.1.0/javax.servlet-api-3.1.0.jar:/home/alex/.m2/repository/org/eclipse/jetty/jetty-http/9.4.44.v20210927/jetty-http-9.4.44.v20210927.jar:/home/alex/.m2/repository/org/eclipse/jetty/jetty-util/9.4.44.v20210927/jetty-util-9.4.44.v20210927.jar:/home/alex/.m2/repository/org/eclipse/jetty/jetty-io/9.4.44.v20210927/jetty-io-9.4.44.v20210927.jar:/home/alex/.m2/repository/org/eclipse/jetty/jetty-servlet/9.4.44.v20210927/jetty-servlet-9.4.44.v20210927.jar:/home/alex/.m2/repository/org/eclipse/jetty/jetty-security/9.4.44.v20210927/jetty-security-9.4.44.v20210927.jar:/home/alex/.m2/repository/org/eclipse/jetty/jetty-util-ajax/9.4.44.v20210927/jetty-util-ajax-9.4.44.v20210927.jar:/home/alex/.m2/repository/com/squareup/okhttp3/okhttp/3.12.3/okhttp-3.12.3.jar:/home/alex/.m2/repository/com/squareup/okio/okio/1.15.0/okio-1.15.0.jar:/home/alex/.m2/repository/commons-io/commons-io/2.10.0/commons-io-2.10.0.jar:/home/alex/.m2/repository/junit/junit/4.13.2/junit-4.13.2.jar:/home/alex/.m2/repository/org/hamcrest/hamcrest-core/1.3/hamcrest-core-1.3.jar:/home/alex/.m2/repository/org/mockito/mockito-all/1.10.19/mockito-all-1.10.19.jar:/home/alex/.m2/repository/org/slf4j/slf4j-simple/1.7.32/slf4j-simple-1.7.32.jar:/home/alex/.m2/repository/org/junit/jupiter/junit-jupiter-api/5.7.2/junit-jupiter-api-5.7.2.jar:/home/alex/.m2/repository/org/apiguardian/apiguardian-api/1.1.0/apiguardian-api-1.1.0.jar:/home/alex/.m2/repository/org/opentest4j/opentest4j/1.2.0/opentest4j-1.2.0.jar:/home/alex/.m2/repository/org/junit/platform/junit-platform-commons/1.7.2/junit-platform-commons-1.7.2.jar:/home/alex/.m2/repository/org/junit/jupiter/junit-jupiter-engine/5.7.2/junit-jupiter-engine-5.7.2.jar:/home/alex/.m2/repository/org/junit/platform/junit-platform-engine/1.7.2/junit-platform-engine-1.7.2.jar:/home/alex/.m2/repository/org/junit/vintage/junit-vintage-engine/5.7.2/junit-vintage-engine-5.7.2.jar:/home/alex/.m2/repository/org/junit/jupiter/junit-jupiter-params/5.7.2/junit-jupiter-params-5.7.2.jar:/home/alex/.m2/repository/org/mockito/mockito-core/3.11.2/mockito-core-3.11.2.jar:/home/alex/.m2/repository/net/bytebuddy/byte-buddy/1.11.3/byte-buddy-1.11.3.jar:/home/alex/.m2/repository/net/bytebuddy/byte-buddy-agent/1.11.3/byte-buddy-agent-1.11.3.jar:/home/alex/.m2/repository/org/objenesis/objenesis/3.2/objenesis-3.2.jar:/home/alex/.m2/repository/org/mockito/mockito-junit-jupiter/3.11.2/mockito-junit-jupiter-3.11.2.jar:/home/alex/.m2/repository/org/codehaus/groovy/groovy-test/2.5.14/groovy-test-2.5.14.jar:/home/alex/.m2/repository/org/codehaus/groovy/groovy/2.5.14/groovy-2.5.14.jar:"/>
    <property name="java.vm.vendor" value="Private Build"/>
    <property name="sun.arch.data.model" value="64"/>
    <property name="java.vendor.url" value="http://java.oracle.com/"/>
    <property name="user.timezone" value="Europe/Lisbon"/>
    <property name="java.vm.specification.version" value="1.8"/>
    <property name="os.name" value="Linux"/>
    <property name="user.country" value="US"/>
    <property name="sun.java.launcher" value="SUN_STANDARD"/>
    <property name="sun.boot.library.path" value="/usr/lib/jvm/java-8-openjdk-amd64/jre/lib/amd64"/>
    <property name="sun.java.command" value="/home/alex/Repositories/nifi/minifi/minifi-bootstrap/target/surefire/surefirebooter1462496308895838440.jar /home/alex/Repositories/nifi/minifi/minifi-bootstrap/target/surefire 2024-05-02T03-23-33_830-jvmRun1 surefire8119979705351592500tmp surefire_1826208382793656960217tmp"/>
    <property name="surefire.test.class.path" value="/home/alex/Repositories/nifi/minifi/minifi-bootstrap/target/test-classes:/home/alex/Repositories/nifi/minifi/minifi-bootstrap/target/classes:/home/alex/.m2/repository/org/slf4j/slf4j-api/1.7.32/slf4j-api-1.7.32.jar:/home/alex/.m2/repository/ch/qos/logback/logback-classic/1.2.6/logback-classic-1.2.6.jar:/home/alex/.m2/repository/ch/qos/logback/logback-core/1.2.6/logback-core-1.2.6.jar:/home/alex/Repositories/nifi/nifi-api/target/classes:/home/alex/Repositories/nifi/nifi-commons/nifi-bootstrap-utils/target/classes:/home/alex/.m2/repository/net/java/dev/jna/jna-platform/4.4.0/jna-platform-4.4.0.jar:/home/alex/.m2/repository/net/java/dev/jna/jna/4.4.0/jna-4.4.0.jar:/home/alex/Repositories/nifi/nifi-nar-bundles/nifi-extension-utils/nifi-processor-utils/target/classes:/home/alex/Repositories/nifi/nifi-commons/nifi-security-socket-ssl/target/classes:/home/alex/.m2/repository/org/apache/commons/commons-lang3/3.9/commons-lang3-3.9.jar:/home/alex/.m2/repository/com/fasterxml/jackson/core/jackson-databind/2.12.3/jackson-databind-2.12.3.jar:/home/alex/.m2/repository/com/fasterxml/jackson/core/jackson-annotations/2.12.3/jackson-annotations-2.12.3.jar:/home/alex/.m2/repository/com/fasterxml/jackson/core/jackson-core/2.12.3/jackson-core-2.12.3.jar:/home/alex/Repositories/nifi/nifi-nar-bundles/nifi-standard-services/nifi-record-serialization-service-api/target/classes:/home/alex/Repositories/nifi/nifi-commons/nifi-record/target/classes:/home/alex/Repositories/nifi/nifi-nar-bundles/nifi-extension-utils/nifi-event-transport/target/classes:/home/alex/.m2/repository/io/netty/netty-handler/4.1.69.Final/netty-handler-4.1.69.Final.jar:/home/alex/.m2/repository/io/netty/netty-common/4.1.69.Final/netty-common-4.1.69.Final.jar:/home/alex/.m2/repository/io/netty/netty-resolver/4.1.69.Final/netty-resolver-4.1.69.Final.jar:/home/alex/.m2/repository/io/netty/netty-buffer/4.1.69.Final/netty-buffer-4.1.69.Final.jar:/home/alex/.m2/repository/io/netty/netty-transport/4.1.69.Final/netty-transport-4.1.69.Final.jar:/home/alex/.m2/repository/io/netty/netty-codec/4.1.69.Final/netty-codec-4.1.69.Final.jar:/home/alex/Repositories/nifi/nifi-commons/nifi-expression-language/target/classes:/home/alex/.m2/repository/org/antlr/antlr-runtime/3.5.2/antlr-runtime-3.5.2.jar:/home/alex/Repositories/nifi/nifi-commons/nifi-parameter/target/classes:/home/alex/Repositories/nifi/nifi-commons/nifi-uuid5/target/classes:/home/alex/.m2/repository/com/jayway/jsonpath/json-path/2.6.0/json-path-2.6.0.jar:/home/alex/.m2/repository/net/minidev/json-smart/2.4.7/json-smart-2.4.7.jar:/home/alex/.m2/repository/net/minidev/accessors-smart/2.4.7/accessors-smart-2.4.7.jar:/home/alex/.m2/repository/org/ow2/asm/asm/9.1/asm-9.1.jar:/home/alex/.m2/repository/org/apache/commons/commons-text/1.8/commons-text-1.8.jar:/home/alex/.m2/repository/commons-codec/commons-codec/1.10/commons-codec-1.10.jar:/home/alex/Repositories/nifi/minifi/minifi-commons/minifi-utils/target/classes:/home/alex/Repositories/nifi/nifi-commons/nifi-utils/target/classes:/home/alex/Repositories/nifi/nifi-commons/nifi-properties/target/classes:/home/alex/Repositories/nifi/nifi-commons/nifi-property-utils/target/classes:/home/alex/.m2/repository/org/yaml/snakeyaml/1.29/snakeyaml-1.29.jar:/home/alex/Repositories/nifi/minifi/minifi-commons/minifi-commons-schema/target/classes:/home/alex/.m2/repository/org/eclipse/jetty/jetty-server/9.4.44.v20210927/jetty-server-9.4.44.v20210927.jar:/home/alex/.m2/repository/javax/servlet/javax.servlet-api/3.1.0/javax.servlet-api-3.1.0.jar:/home/alex/.m2/repository/org/eclipse/jetty/jetty-http/9.4.44.v20210927/jetty-http-9.4.44.v20210927.jar:/home/alex/.m2/repository/org/eclipse/jetty/jetty-util/9.4.44.v20210927/jetty-util-9.4.44.v20210927.jar:/home/alex/.m2/repository/org/eclipse/jetty/jetty-io/9.4.44.v20210927/jetty-io-9.4.44.v20210927.jar:/home/alex/.m2/repository/org/eclipse/jetty/jetty-servlet/9.4.44.v20210927/jetty-servlet-9.4.44.v20210927.jar:/home/alex/.m2/repository/org/eclipse/jetty/jetty-security/9.4.44.v20210927/jetty-security-9.4.44.v20210927.jar:/home/alex/.m2/repository/org/eclipse/jetty/jetty-util-ajax/9.4.44.v20210927/jetty-util-ajax-9.4.44.v20210927.jar:/home/alex/.m2/repository/com/squareup/okhttp3/okhttp/3.12.3/okhttp-3.12.3.jar:/home/alex/.m2/repository/com/squareup/okio/okio/1.15.0/okio-1.15.0.jar:/home/alex/.m2/repository/commons-io/commons-io/2.10.0/commons-io-2.10.0.jar:/home/alex/.m2/repository/junit/junit/4.13.2/junit-4.13.2.jar:/home/alex/.m2/repository/org/hamcrest/hamcrest-core/1.3/hamcrest-core-1.3.jar:/home/alex/.m2/repository/org/mockito/mockito-all/1.10.19/mockito-all-1.10.19.jar:/home/alex/.m2/repository/org/slf4j/slf4j-simple/1.7.32/slf4j-simple-1.7.32.jar:/home/alex/.m2/repository/org/junit/jupiter/junit-jupiter-api/5.7.2/junit-jupiter-api-5.7.2.jar:/home/alex/.m2/repository/org/apiguardian/apiguardian-api/1.1.0/apiguardian-api-1.1.0.jar:/home/alex/.m2/repository/org/opentest4j/opentest4j/1.2.0/opentest4j-1.2.0.jar:/home/alex/.m2/repository/org/junit/platform/junit-platform-commons/1.7.2/junit-platform-commons-1.7.2.jar:/home/alex/.m2/repository/org/junit/jupiter/junit-jupiter-engine/5.7.2/junit-jupiter-engine-5.7.2.jar:/home/alex/.m2/repository/org/junit/platform/junit-platform-engine/1.7.2/junit-platform-engine-1.7.2.jar:/home/alex/.m2/repository/org/junit/vintage/junit-vintage-engine/5.7.2/junit-vintage-engine-5.7.2.jar:/home/alex/.m2/repository/org/junit/jupiter/junit-jupiter-params/5.7.2/junit-jupiter-params-5.7.2.jar:/home/alex/.m2/repository/org/mockito/mockito-core/3.11.2/mockito-core-3.11.2.jar:/home/alex/.m2/repository/net/bytebuddy/byte-buddy/1.11.3/byte-buddy-1.11.3.jar:/home/alex/.m2/repository/net/bytebuddy/byte-buddy-agent/1.11.3/byte-buddy-agent-1.11.3.jar:/home/alex/.m2/repository/org/objenesis/objenesis/3.2/objenesis-3.2.jar:/home/alex/.m2/repository/org/mockito/mockito-junit-jupiter/3.11.2/mockito-junit-jupiter-3.11.2.jar:/home/alex/.m2/repository/org/codehaus/groovy/groovy-test/2.5.14/groovy-test-2.5.14.jar:/home/alex/.m2/repository/org/codehaus/groovy/groovy/2.5.14/groovy-2.5.14.jar:"/>
    <property name="sun.cpu.endian" value="little"/>
    <property name="user.home" value="/home/alex"/>
    <property name="user.language" value="en"/>
    <property name="java.specification.vendor" value="Oracle Corporation"/>
    <property name="java.home" value="/usr/lib/jvm/java-8-openjdk-amd64/jre"/>
    <property name="basedir" value="/home/alex/Repositories/nifi/minifi/minifi-bootstrap"/>
    <property name="file.separator" value="/"/>
    <property name="line.separator" value="&#10;"/>
    <property name="java.vm.specification.vendor" value="Oracle Corporation"/>
    <property name="java.specification.name" value="Java Platform API Specification"/>
    <property name="java.awt.graphicsenv" value="sun.awt.X11GraphicsEnvironment"/>
    <property name="java.awt.headless" value="true"/>
    <property name="surefire.real.class.path" value="/home/alex/Repositories/nifi/minifi/minifi-bootstrap/target/surefire/surefirebooter1462496308895838440.jar"/>
    <property name="sun.boot.class.path" value="/usr/lib/jvm/java-8-openjdk-amd64/jre/lib/resources.jar:/usr/lib/jvm/java-8-openjdk-amd64/jre/lib/rt.jar:/usr/lib/jvm/java-8-openjdk-amd64/jre/lib/sunrsasign.jar:/usr/lib/jvm/java-8-openjdk-amd64/jre/lib/jsse.jar:/usr/lib/jvm/java-8-openjdk-amd64/jre/lib/jce.jar:/usr/lib/jvm/java-8-openjdk-amd64/jre/lib/charsets.jar:/usr/lib/jvm/java-8-openjdk-amd64/jre/lib/jfr.jar:/usr/lib/jvm/java-8-openjdk-amd64/jre/classes"/>
    <property name="sun.management.compiler" value="HotSpot 64-Bit Tiered Compilers"/>
    <property name="java.runtime.version" value="1.8.0_402-8u402-ga-2ubuntu1~22.04-b06"/>
    <property name="java.net.preferIPv4Stack" value="true"/>
    <property name="user.name" value="alex"/>
    <property name="path.separator" value=":"/>
    <property name="os.version" value="6.5.0-28-generic"/>
    <property name="java.endorsed.dirs" value="/usr/lib/jvm/java-8-openjdk-amd64/jre/lib/endorsed"/>
    <property name="java.runtime.name" value="OpenJDK Runtime Environment"/>
    <property name="file.encoding" value="UTF-8"/>
    <property name="java.vm.name" value="OpenJDK 64-Bit Server VM"/>
    <property name="localRepository" value="/home/alex/.m2/repository"/>
    <property name="java.vendor.url.bug" value="http://bugreport.sun.com/bugreport/"/>
    <property name="jetty.git.hash" value="8da83308eeca865e495e53ef315a249d63ba9332"/>
    <property name="java.io.tmpdir" value="/tmp"/>
    <property name="java.version" value="1.8.0_402"/>
    <property name="user.dir" value="/home/alex/Repositories/nifi/minifi/minifi-bootstrap"/>
    <property name="os.arch" value="amd64"/>
    <property name="java.vm.specification.name" value="Java Virtual Machine Specification"/>
    <property name="java.awt.printerjob" value="sun.print.PSPrinterJob"/>
    <property name="sun.os.patch.level" value="unknown"/>
    <property name="java.library.path" value="/usr/java/packages/lib/amd64:/usr/lib/x86_64-linux-gnu/jni:/lib/x86_64-linux-gnu:/usr/lib/x86_64-linux-gnu:/usr/lib/jni:/lib:/usr/lib"/>
    <property name="java.vm.info" value="mixed mode"/>
    <property name="java.vendor" value="Private Build"/>
    <property name="java.vm.version" value="25.402-b06"/>
    <property name="java.specification.maintenance.version" value="5"/>
    <property name="java.ext.dirs" value="/usr/lib/jvm/java-8-openjdk-amd64/jre/lib/ext:/usr/java/packages/lib/ext"/>
    <property name="sun.io.unicode.encoding" value="UnicodeLittle"/>
    <property name="java.class.version" value="52.0"/>
  </properties>
  <testcase name="testNewUpdateWithPath" classname="org.apache.nifi.minifi.bootstrap.configuration.ingestors.PullHttpChangeIngestorSSLTest" time="0.084">
    <system-out><![CDATA[03:43:11.492 [main] DEBUG org.eclipse.jetty.util.component.ContainerLifeCycle - QueuedThreadPool[qtp399373008]@17cdf2d0{STOPPED,8<=0<=200,i=0,r=-1,q=0}[NO_TRY] added {org.eclipse.jetty.util.thread.ThreadPoolBudget@1755e85b,POJO}
03:43:11.493 [main] DEBUG org.eclipse.jetty.util.component.ContainerLifeCycle - Server@736d6a5c{STOPPED}[9.4.44.v20210927] added {QueuedThreadPool[qtp399373008]@17cdf2d0{STOPPED,8<=0<=200,i=0,r=-1,q=0}[NO_TRY],AUTO}
03:43:11.493 [main] DEBUG org.eclipse.jetty.util.component.ContainerLifeCycle - HandlerCollection@2371aaca{STOPPED} added {JettyHandler@5b529706{STOPPED},AUTO}
03:43:11.493 [main] DEBUG org.eclipse.jetty.util.component.ContainerLifeCycle - Server@736d6a5c{STOPPED}[9.4.44.v20210927] added {HandlerCollection@2371aaca{STOPPED},MANAGED}
03:43:11.495 [main] DEBUG org.eclipse.jetty.util.component.ContainerLifeCycle - HttpConnectionFactory@5553d0f5[HTTP/1.1] added {HttpConfiguration@1af687fe{32768/8192,8192/8192,https://:0,[]},POJO}
03:43:11.495 [main] DEBUG org.eclipse.jetty.util.component.ContainerLifeCycle - SslConnectionFactory@14dda234{SSL->HTTP/1.1} added {Server@5a411614[provider=null,keyStore=file:///home/alex/Repositories/nifi/minifi/minifi-bootstrap/src/test/resources/localhost-ks.jks,trustStore=file:///home/alex/Repositories/nifi/minifi/minifi-bootstrap/src/test/resources/localhost-ts.jks],AUTO}
03:43:11.495 [main] DEBUG org.eclipse.jetty.util.component.ContainerLifeCycle - ServerConnector@2374d36a{null, ()}{0.0.0.0:0} added {Server@736d6a5c{STOPPED}[9.4.44.v20210927],UNMANAGED}
03:43:11.496 [main] DEBUG org.eclipse.jetty.util.component.ContainerLifeCycle - ServerConnector@2374d36a{null, ()}{0.0.0.0:0} added {QueuedThreadPool[qtp399373008]@17cdf2d0{STOPPED,8<=0<=200,i=0,r=-1,q=0}[NO_TRY],AUTO}
03:43:11.496 [main] DEBUG org.eclipse.jetty.util.component.ContainerLifeCycle - ServerConnector@2374d36a{null, ()}{0.0.0.0:0} added {ScheduledExecutorScheduler@54d18072{STOPPED},AUTO}
03:43:11.496 [main] DEBUG org.eclipse.jetty.util.component.ContainerLifeCycle - ServerConnector@2374d36a{null, ()}{0.0.0.0:0} added {org.eclipse.jetty.io.ArrayByteBufferPool@1506f20f,POJO}
03:43:11.496 [main] DEBUG org.eclipse.jetty.util.component.ContainerLifeCycle - ServerConnector@2374d36a{null, (ssl)}{0.0.0.0:0} added {SslConnectionFactory@14dda234{SSL->HTTP/1.1},AUTO}
03:43:11.496 [main] DEBUG org.eclipse.jetty.server.AbstractConnector - ServerConnector@2374d36a{SSL, (ssl)}{0.0.0.0:0} added SslConnectionFactory@14dda234{SSL->HTTP/1.1}
03:43:11.496 [main] DEBUG org.eclipse.jetty.util.component.ContainerLifeCycle - ServerConnector@2374d36a{SSL, (ssl, http/1.1)}{0.0.0.0:0} added {HttpConnectionFactory@5553d0f5[HTTP/1.1],AUTO}
03:43:11.496 [main] DEBUG org.eclipse.jetty.server.AbstractConnector - ServerConnector@2374d36a{SSL, (ssl, http/1.1)}{0.0.0.0:0} added HttpConnectionFactory@5553d0f5[HTTP/1.1]
03:43:11.496 [main] DEBUG org.eclipse.jetty.util.component.ContainerLifeCycle - ServerConnector@2374d36a{SSL, (ssl, http/1.1)}{0.0.0.0:0} added {SelectorManager@ServerConnector@2374d36a{SSL, (ssl, http/1.1)}{0.0.0.0:0},MANAGED}
03:43:11.496 [main] DEBUG org.eclipse.jetty.util.component.ContainerLifeCycle - Server@736d6a5c{STOPPED}[9.4.44.v20210927] added {ServerConnector@2374d36a{SSL, (ssl, http/1.1)}{localhost:0},AUTO}
03:43:11.496 [main] DEBUG org.eclipse.jetty.util.component.AbstractLifeCycle - starting Server@736d6a5c{STOPPED}[9.4.44.v20210927]
03:43:11.496 [main] DEBUG org.eclipse.jetty.util.component.ContainerLifeCycle - Server@736d6a5c{STARTING}[9.4.44.v20210927] added {ErrorHandler@47a5b70d{STOPPED},AUTO}
03:43:11.496 [main] INFO org.eclipse.jetty.server.Server - jetty-9.4.44.v20210927; built: 2021-09-27T23:02:44.612Z; git: 8da83308eeca865e495e53ef315a249d63ba9332; jvm 1.8.0_402-8u402-ga-2ubuntu1~22.04-b06
03:43:11.496 [main] DEBUG org.eclipse.jetty.server.handler.AbstractHandler - starting Server@736d6a5c{STARTING}[9.4.44.v20210927]
03:43:11.496 [main] DEBUG org.eclipse.jetty.util.component.AbstractLifeCycle - starting QueuedThreadPool[qtp399373008]@17cdf2d0{STOPPED,8<=0<=200,i=0,r=-1,q=0}[NO_TRY]
03:43:11.496 [main] DEBUG org.eclipse.jetty.util.thread.ReservedThreadExecutor - ReservedThreadExecutor@424fd310{reserved=0/8,pending=0}
03:43:11.497 [main] DEBUG org.eclipse.jetty.util.component.ContainerLifeCycle - QueuedThreadPool[qtp399373008]@17cdf2d0{STARTING,8<=0<=200,i=0,r=-1,q=0}[ReservedThreadExecutor@424fd310{reserved=0/8,pending=0}] added {ReservedThreadExecutor@424fd310{reserved=0/8,pending=0},AUTO}
03:43:11.497 [main] DEBUG org.eclipse.jetty.util.component.AbstractLifeCycle - starting ReservedThreadExecutor@424fd310{reserved=0/8,pending=0}
03:43:11.497 [main] DEBUG org.eclipse.jetty.util.component.AbstractLifeCycle - STARTED @4850ms ReservedThreadExecutor@424fd310{reserved=0/8,pending=0}
03:43:11.497 [main] DEBUG org.eclipse.jetty.util.thread.QueuedThreadPool - Starting Thread[qtp399373008-55,5,main]
03:43:11.497 [main] DEBUG org.eclipse.jetty.util.thread.QueuedThreadPool - Starting Thread[qtp399373008-56,5,main]
03:43:11.497 [main] DEBUG org.eclipse.jetty.util.thread.QueuedThreadPool - Starting Thread[qtp399373008-57,5,main]
03:43:11.497 [qtp399373008-55] DEBUG org.eclipse.jetty.util.thread.QueuedThreadPool - Runner started for QueuedThreadPool[qtp399373008]@17cdf2d0{STARTING,8<=2<=200,i=2,r=-1,q=0}[ReservedThreadExecutor@424fd310{reserved=0/8,pending=0}]
03:43:11.497 [qtp399373008-56] DEBUG org.eclipse.jetty.util.thread.QueuedThreadPool - Runner started for QueuedThreadPool[qtp399373008]@17cdf2d0{STARTING,8<=3<=200,i=3,r=-1,q=0}[ReservedThreadExecutor@424fd310{reserved=0/8,pending=0}]
03:43:11.497 [main] DEBUG org.eclipse.jetty.util.thread.QueuedThreadPool - Starting Thread[qtp399373008-58,5,main]
03:43:11.497 [qtp399373008-57] DEBUG org.eclipse.jetty.util.thread.QueuedThreadPool - Runner started for QueuedThreadPool[qtp399373008]@17cdf2d0{STARTING,8<=4<=200,i=4,r=-1,q=0}[ReservedThreadExecutor@424fd310{reserved=0/8,pending=0}]
03:43:11.497 [main] DEBUG org.eclipse.jetty.util.thread.QueuedThreadPool - Starting Thread[qtp399373008-59,5,main]
03:43:11.497 [qtp399373008-58] DEBUG org.eclipse.jetty.util.thread.QueuedThreadPool - Runner started for QueuedThreadPool[qtp399373008]@17cdf2d0{STARTING,8<=5<=200,i=5,r=-1,q=0}[ReservedThreadExecutor@424fd310{reserved=0/8,pending=0}]
03:43:11.497 [main] DEBUG org.eclipse.jetty.util.thread.QueuedThreadPool - Starting Thread[qtp399373008-60,5,main]
03:43:11.498 [qtp399373008-59] DEBUG org.eclipse.jetty.util.thread.QueuedThreadPool - Runner started for QueuedThreadPool[qtp399373008]@17cdf2d0{STARTING,8<=6<=200,i=6,r=-1,q=0}[ReservedThreadExecutor@424fd310{reserved=0/8,pending=0}]
03:43:11.498 [main] DEBUG org.eclipse.jetty.util.thread.QueuedThreadPool - Starting Thread[qtp399373008-61,5,main]
03:43:11.498 [qtp399373008-60] DEBUG org.eclipse.jetty.util.thread.QueuedThreadPool - Runner started for QueuedThreadPool[qtp399373008]@17cdf2d0{STARTING,8<=7<=200,i=7,r=-1,q=0}[ReservedThreadExecutor@424fd310{reserved=0/8,pending=0}]
03:43:11.498 [main] DEBUG org.eclipse.jetty.util.thread.QueuedThreadPool - Starting Thread[qtp399373008-62,5,main]
03:43:11.498 [qtp399373008-61] DEBUG org.eclipse.jetty.util.thread.QueuedThreadPool - Runner started for QueuedThreadPool[qtp399373008]@17cdf2d0{STARTING,8<=8<=200,i=8,r=-1,q=0}[ReservedThreadExecutor@424fd310{reserved=0/8,pending=0}]
03:43:11.498 [main] DEBUG org.eclipse.jetty.util.component.AbstractLifeCycle - STARTED @4851ms QueuedThreadPool[qtp399373008]@17cdf2d0{STARTED,8<=8<=200,i=8,r=-1,q=0}[ReservedThreadExecutor@424fd310{reserved=0/8,pending=0}]
03:43:11.498 [main] DEBUG org.eclipse.jetty.util.component.AbstractLifeCycle - starting HandlerCollection@2371aaca{STOPPED}
03:43:11.498 [main] DEBUG org.eclipse.jetty.server.handler.AbstractHandler - starting HandlerCollection@2371aaca{STARTING}
03:43:11.498 [qtp399373008-62] DEBUG org.eclipse.jetty.util.thread.QueuedThreadPool - Runner started for QueuedThreadPool[qtp399373008]@17cdf2d0{STARTED,8<=8<=200,i=8,r=-1,q=0}[ReservedThreadExecutor@424fd310{reserved=0/8,pending=0}]
03:43:11.498 [main] DEBUG org.eclipse.jetty.util.component.AbstractLifeCycle - starting JettyHandler@5b529706{STOPPED}
03:43:11.498 [main] DEBUG org.eclipse.jetty.server.handler.AbstractHandler - starting JettyHandler@5b529706{STARTING}
03:43:11.498 [main] DEBUG org.eclipse.jetty.util.component.AbstractLifeCycle - STARTED @4851ms JettyHandler@5b529706{STARTED}
03:43:11.498 [main] DEBUG org.eclipse.jetty.util.component.AbstractLifeCycle - STARTED @4851ms HandlerCollection@2371aaca{STARTED}
03:43:11.498 [main] DEBUG org.eclipse.jetty.util.component.AbstractLifeCycle - starting ErrorHandler@47a5b70d{STOPPED}
03:43:11.498 [main] DEBUG org.eclipse.jetty.server.handler.AbstractHandler - starting ErrorHandler@47a5b70d{STARTING}
03:43:11.498 [main] DEBUG org.eclipse.jetty.util.component.AbstractLifeCycle - STARTED @4851ms ErrorHandler@47a5b70d{STARTED}
03:43:11.498 [main] DEBUG org.eclipse.jetty.util.component.AbstractLifeCycle - starting ServerConnector@2374d36a{SSL, (ssl, http/1.1)}{localhost:0}
03:43:11.498 [main] DEBUG org.eclipse.jetty.util.component.ContainerLifeCycle - ServerConnector@2374d36a{SSL, (ssl, http/1.1)}{localhost:44051} added {sun.nio.ch.ServerSocketChannelImpl[/127.0.0.1:44051],POJO}
03:43:11.499 [main] DEBUG org.eclipse.jetty.util.component.AbstractLifeCycle - starting ScheduledExecutorScheduler@54d18072{STOPPED}
03:43:11.499 [main] DEBUG org.eclipse.jetty.util.component.AbstractLifeCycle - STARTED @4852ms ScheduledExecutorScheduler@54d18072{STARTED}
03:43:11.499 [main] DEBUG org.eclipse.jetty.util.component.AbstractLifeCycle - starting SslConnectionFactory@14dda234{SSL->HTTP/1.1}
03:43:11.499 [main] DEBUG org.eclipse.jetty.util.component.AbstractLifeCycle - starting Server@5a411614[provider=null,keyStore=file:///home/alex/Repositories/nifi/minifi/minifi-bootstrap/src/test/resources/localhost-ks.jks,trustStore=file:///home/alex/Repositories/nifi/minifi/minifi-bootstrap/src/test/resources/localhost-ts.jks]
03:43:11.502 [main] DEBUG org.eclipse.jetty.util.ssl.SslContextFactory - Skipping [
[
  Version: V3
  Subject: CN=localhost, OU=Apache NiFi, O=Apache, L=Santa Monica, ST=CA, C=US
  Signature Algorithm: SHA256withRSA, OID = 1.2.840.113549.1.1.11

  Key:  Sun RSA public key, 2048 bits
  params: null
  modulus: 30814356967964143889979985530055364514699394643854733747998343669441470253519148017443938086010371890735549349346219651337818702185332874291515054870079563226954918193849616960862684868242286307978102369612841123949572244550174312189783512432514374223942259755501453758648376374577329063158223919569981746956302768359932779930568567551025861141698242321770321797245641831546024352966190839853333380405862111836548816513307103278129669977363291361980989435025931448076674220589578916708474451915467598527744638059964817414583177679616410437042552549854073395960578135618251112100328624274333297476918645698689757444387
  public exponent: 65537
  Validity: [From: Wed Sep 11 16:38:57 WEST 2019,
               To: Thu Sep 10 16:38:57 WEST 2020]
  Issuer: CN=localhost, OU=Apache NiFi, O=Apache, L=Santa Monica, ST=CA, C=US
  SerialNumber: [    5d791511]

Certificate Extensions: 2
[1]: ObjectId: 2.5.29.15 Criticality=false
KeyUsage [
  DigitalSignature
  Non_repudiation
  Key_Encipherment
  Data_Encipherment
  Key_Agreement
  Key_CertSign
]

[2]: ObjectId: 2.5.29.17 Criticality=false
SubjectAlternativeName [
  DNSName: localhost
]

]
  Algorithm: [SHA256withRSA]
  Signature:
0000: BD 60 51 3B 2B 7F 6A 1F   07 27 5B 95 90 71 12 AA  .`Q;+.j..'[..q..
0010: E2 51 88 19 F1 3D BF D9   70 36 DE BE 2E D0 E6 CB  .Q...=..p6......
0020: F9 37 23 D4 B2 67 1D FA   F6 06 D0 05 A4 C4 D8 BF  .7#..g..........
0030: 25 30 00 BC 98 A7 DC 41   D4 42 76 94 DB AD 9B DD  %0.....A.Bv.....
0040: E8 4A DA 97 40 4D 22 7F   8A B2 D2 F8 08 28 76 9F  .J..@M"......(v.
0050: AF 21 73 EC 37 D2 F2 3B   96 20 AE 8B E0 F8 F7 E9  .!s.7..;. ......
0060: E8 22 85 21 82 19 0F D1   C5 8A BE 7C CC FE D7 6F  .".!...........o
0070: A9 4E 62 69 45 A5 2D 50   33 31 06 6A 0F 61 1E F7  .NbiE.-P31.j.a..
0080: 8D 9F 60 68 D7 61 D6 32   25 64 43 76 B1 1B 7A 21  ..`h.a.2%dCv..z!
0090: 59 6F A3 FA BC D5 A9 28   6C A8 EF 30 F2 67 5E 1D  Yo.....(l..0.g^.
00A0: B9 AD A0 03 53 6E 83 6D   C4 CE CE 0C 66 10 73 39  ....Sn.m....f.s9
00B0: CE 73 1D BD 4D 8C 13 18   84 E7 E5 41 97 68 C1 53  .s..M......A.h.S
00C0: 81 CD B5 40 25 73 EC 05   E4 23 01 BA 4D 20 78 6B  ...@%s...#..M xk
00D0: 84 14 EB FF F2 82 AD 99   1F B9 34 99 3B BD 1D 3E  ..........4.;..>
00E0: 1B 14 48 1E E6 ED F9 7B   82 EE 15 33 57 CE B3 44  ..H........3W..D
00F0: 86 C7 F4 99 89 34 CE F3   88 BB AC F6 35 F2 80 59  .....4......5..Y

]
03:43:11.502 [main] DEBUG org.eclipse.jetty.util.ssl.X509 - Certificate CN alias=mykey CN=localhost in X509@48a12036(mykey,h=[],a=[],w=[])
03:43:11.502 [main] INFO org.eclipse.jetty.util.ssl.SslContextFactory - x509=X509@48a12036(mykey,h=[localhost],a=[],w=[]) for Server@5a411614[provider=null,keyStore=file:///home/alex/Repositories/nifi/minifi/minifi-bootstrap/src/test/resources/localhost-ks.jks,trustStore=file:///home/alex/Repositories/nifi/minifi/minifi-bootstrap/src/test/resources/localhost-ts.jks]
03:43:11.503 [main] DEBUG org.eclipse.jetty.util.ssl.SslContextFactory - managers=[sun.security.ssl.SunX509KeyManagerImpl@70efb718] for Server@5a411614[provider=null,keyStore=file:///home/alex/Repositories/nifi/minifi/minifi-bootstrap/src/test/resources/localhost-ks.jks,trustStore=file:///home/alex/Repositories/nifi/minifi/minifi-bootstrap/src/test/resources/localhost-ts.jks]
03:43:11.503 [main] DEBUG org.eclipse.jetty.util.ssl.SslContextFactory - Selected Protocols [TLSv1.3, TLSv1.2] of [TLSv1.3, TLSv1.2, TLSv1.1, TLSv1, SSLv3, SSLv2Hello]
03:43:11.503 [main] DEBUG org.eclipse.jetty.util.ssl.SslContextFactory - Selected Ciphers   [TLS_AES_256_GCM_SHA384, TLS_AES_128_GCM_SHA256, TLS_ECDHE_ECDSA_WITH_AES_256_GCM_SHA384, TLS_ECDHE_ECDSA_WITH_AES_128_GCM_SHA256, TLS_ECDHE_RSA_WITH_AES_256_GCM_SHA384, TLS_ECDHE_RSA_WITH_AES_128_GCM_SHA256, TLS_DHE_RSA_WITH_AES_256_GCM_SHA384, TLS_DHE_DSS_WITH_AES_256_GCM_SHA384, TLS_DHE_RSA_WITH_AES_128_GCM_SHA256, TLS_DHE_DSS_WITH_AES_128_GCM_SHA256, TLS_ECDHE_ECDSA_WITH_AES_256_CBC_SHA384, TLS_ECDHE_RSA_WITH_AES_256_CBC_SHA384, TLS_ECDHE_ECDSA_WITH_AES_128_CBC_SHA256, TLS_ECDHE_RSA_WITH_AES_128_CBC_SHA256, TLS_DHE_RSA_WITH_AES_256_CBC_SHA256, TLS_DHE_DSS_WITH_AES_256_CBC_SHA256, TLS_DHE_RSA_WITH_AES_128_CBC_SHA256, TLS_DHE_DSS_WITH_AES_128_CBC_SHA256, TLS_ECDH_ECDSA_WITH_AES_256_GCM_SHA384, TLS_ECDH_RSA_WITH_AES_256_GCM_SHA384, TLS_ECDH_ECDSA_WITH_AES_128_GCM_SHA256, TLS_ECDH_RSA_WITH_AES_128_GCM_SHA256, TLS_ECDH_ECDSA_WITH_AES_256_CBC_SHA384, TLS_ECDH_RSA_WITH_AES_256_CBC_SHA384, TLS_ECDH_ECDSA_WITH_AES_128_CBC_SHA256, TLS_ECDH_RSA_WITH_AES_128_CBC_SHA256, TLS_EMPTY_RENEGOTIATION_INFO_SCSV] of [TLS_AES_256_GCM_SHA384, TLS_AES_128_GCM_SHA256, TLS_ECDHE_ECDSA_WITH_AES_256_GCM_SHA384, TLS_ECDHE_ECDSA_WITH_AES_128_GCM_SHA256, TLS_ECDHE_RSA_WITH_AES_256_GCM_SHA384, TLS_ECDHE_RSA_WITH_AES_128_GCM_SHA256, TLS_DHE_RSA_WITH_AES_256_GCM_SHA384, TLS_DHE_DSS_WITH_AES_256_GCM_SHA384, TLS_DHE_RSA_WITH_AES_128_GCM_SHA256, TLS_DHE_DSS_WITH_AES_128_GCM_SHA256, TLS_ECDHE_ECDSA_WITH_AES_256_CBC_SHA384, TLS_ECDHE_RSA_WITH_AES_256_CBC_SHA384, TLS_ECDHE_ECDSA_WITH_AES_128_CBC_SHA256, TLS_ECDHE_RSA_WITH_AES_128_CBC_SHA256, TLS_DHE_RSA_WITH_AES_256_CBC_SHA256, TLS_DHE_DSS_WITH_AES_256_CBC_SHA256, TLS_DHE_RSA_WITH_AES_128_CBC_SHA256, TLS_DHE_DSS_WITH_AES_128_CBC_SHA256, TLS_ECDH_ECDSA_WITH_AES_256_GCM_SHA384, TLS_ECDH_RSA_WITH_AES_256_GCM_SHA384, TLS_ECDH_ECDSA_WITH_AES_128_GCM_SHA256, TLS_ECDH_RSA_WITH_AES_128_GCM_SHA256, TLS_ECDH_ECDSA_WITH_AES_256_CBC_SHA384, TLS_ECDH_RSA_WITH_AES_256_CBC_SHA384, TLS_ECDH_ECDSA_WITH_AES_128_CBC_SHA256, TLS_ECDH_RSA_WITH_AES_128_CBC_SHA256, TLS_ECDHE_ECDSA_WITH_AES_256_CBC_SHA, TLS_ECDHE_RSA_WITH_AES_256_CBC_SHA, TLS_ECDHE_ECDSA_WITH_AES_128_CBC_SHA, TLS_ECDHE_RSA_WITH_AES_128_CBC_SHA, TLS_DHE_RSA_WITH_AES_256_CBC_SHA, TLS_DHE_DSS_WITH_AES_256_CBC_SHA, TLS_DHE_RSA_WITH_AES_128_CBC_SHA, TLS_DHE_DSS_WITH_AES_128_CBC_SHA, TLS_ECDH_ECDSA_WITH_AES_256_CBC_SHA, TLS_ECDH_RSA_WITH_AES_256_CBC_SHA, TLS_ECDH_ECDSA_WITH_AES_128_CBC_SHA, TLS_ECDH_RSA_WITH_AES_128_CBC_SHA, TLS_RSA_WITH_AES_256_GCM_SHA384, TLS_RSA_WITH_AES_128_GCM_SHA256, TLS_RSA_WITH_AES_256_CBC_SHA256, TLS_RSA_WITH_AES_128_CBC_SHA256, TLS_RSA_WITH_AES_256_CBC_SHA, TLS_RSA_WITH_AES_128_CBC_SHA, TLS_EMPTY_RENEGOTIATION_INFO_SCSV]
03:43:11.503 [main] DEBUG org.eclipse.jetty.util.ssl.SslContextFactory - Customize sun.security.ssl.SSLEngineImpl@b70da4c
03:43:11.504 [main] DEBUG org.eclipse.jetty.util.component.AbstractLifeCycle - STARTED @4857ms Server@5a411614[provider=null,keyStore=file:///home/alex/Repositories/nifi/minifi/minifi-bootstrap/src/test/resources/localhost-ks.jks,trustStore=file:///home/alex/Repositories/nifi/minifi/minifi-bootstrap/src/test/resources/localhost-ts.jks]
03:43:11.504 [main] DEBUG org.eclipse.jetty.util.ssl.SslContextFactory - Customize sun.security.ssl.SSLEngineImpl@4a11eb84
03:43:11.504 [main] DEBUG org.eclipse.jetty.util.component.AbstractLifeCycle - STARTED @4857ms SslConnectionFactory@14dda234{SSL->HTTP/1.1}
03:43:11.504 [main] DEBUG org.eclipse.jetty.util.component.AbstractLifeCycle - starting HttpConnectionFactory@5553d0f5[HTTP/1.1]
03:43:11.504 [main] DEBUG org.eclipse.jetty.util.component.AbstractLifeCycle - STARTED @4857ms HttpConnectionFactory@5553d0f5[HTTP/1.1]
03:43:11.505 [main] DEBUG org.eclipse.jetty.util.component.AbstractLifeCycle - starting SelectorManager@ServerConnector@2374d36a{SSL, (ssl, http/1.1)}{localhost:44051}
03:43:11.505 [main] DEBUG org.eclipse.jetty.util.component.ContainerLifeCycle - EatWhatYouKill@4e858e0a/SelectorProducer@435fb7b5/IDLE/p=false/QueuedThreadPool[qtp399373008]@17cdf2d0{STARTED,8<=8<=200,i=8,r=-1,q=0}[ReservedThreadExecutor@424fd310{reserved=0/8,pending=0}][pc=0,pic=0,pec=0,epc=0]@2024-05-02T03:43:11.505+01:00 added {SelectorProducer@435fb7b5,POJO}
03:43:11.505 [main] DEBUG org.eclipse.jetty.util.component.ContainerLifeCycle - EatWhatYouKill@4e858e0a/SelectorProducer@435fb7b5/IDLE/p=false/QueuedThreadPool[qtp399373008]@17cdf2d0{STARTED,8<=8<=200,i=8,r=-1,q=0}[ReservedThreadExecutor@424fd310{reserved=0/8,pending=0}][pc=0,pic=0,pec=0,epc=0]@2024-05-02T03:43:11.505+01:00 added {QueuedThreadPool[qtp399373008]@17cdf2d0{STARTED,8<=8<=200,i=8,r=-1,q=0}[ReservedThreadExecutor@424fd310{reserved=0/8,pending=0}],UNMANAGED}
03:43:11.505 [main] DEBUG org.eclipse.jetty.util.thread.strategy.EatWhatYouKill - EatWhatYouKill@4e858e0a/SelectorProducer@435fb7b5/IDLE/p=false/QueuedThreadPool[qtp399373008]@17cdf2d0{STARTED,8<=8<=200,i=8,r=-1,q=0}[ReservedThreadExecutor@424fd310{reserved=0/8,pending=0}][pc=0,pic=0,pec=0,epc=0]@2024-05-02T03:43:11.505+01:00 created
03:43:11.505 [main] DEBUG org.eclipse.jetty.util.component.ContainerLifeCycle - ManagedSelector@4e70a728{STOPPED} id=0 keys=-1 selected=-1 updates=0 added {EatWhatYouKill@4e858e0a/SelectorProducer@435fb7b5/IDLE/p=false/QueuedThreadPool[qtp399373008]@17cdf2d0{STARTED,8<=8<=200,i=8,r=-1,q=0}[ReservedThreadExecutor@424fd310{reserved=0/8,pending=0}][pc=0,pic=0,pec=0,epc=0]@2024-05-02T03:43:11.505+01:00,MANAGED}
03:43:11.505 [main] DEBUG org.eclipse.jetty.util.component.ContainerLifeCycle - SelectorManager@ServerConnector@2374d36a{SSL, (ssl, http/1.1)}{localhost:44051} added {ManagedSelector@4e70a728{STOPPED} id=0 keys=-1 selected=-1 updates=0,AUTO}
03:43:11.505 [main] DEBUG org.eclipse.jetty.util.component.ContainerLifeCycle - EatWhatYouKill@b7838a9/SelectorProducer@696f0212/IDLE/p=false/QueuedThreadPool[qtp399373008]@17cdf2d0{STARTED,8<=8<=200,i=8,r=-1,q=0}[ReservedThreadExecutor@424fd310{reserved=0/8,pending=0}][pc=0,pic=0,pec=0,epc=0]@2024-05-02T03:43:11.505+01:00 added {SelectorProducer@696f0212,POJO}
03:43:11.506 [main] DEBUG org.eclipse.jetty.util.component.ContainerLifeCycle - EatWhatYouKill@b7838a9/SelectorProducer@696f0212/IDLE/p=false/QueuedThreadPool[qtp399373008]@17cdf2d0{STARTED,8<=8<=200,i=8,r=-1,q=0}[ReservedThreadExecutor@424fd310{reserved=0/8,pending=0}][pc=0,pic=0,pec=0,epc=0]@2024-05-02T03:43:11.506+01:00 added {QueuedThreadPool[qtp399373008]@17cdf2d0{STARTED,8<=8<=200,i=8,r=-1,q=0}[ReservedThreadExecutor@424fd310{reserved=0/8,pending=0}],UNMANAGED}
03:43:11.506 [main] DEBUG org.eclipse.jetty.util.thread.strategy.EatWhatYouKill - EatWhatYouKill@b7838a9/SelectorProducer@696f0212/IDLE/p=false/QueuedThreadPool[qtp399373008]@17cdf2d0{STARTED,8<=8<=200,i=8,r=-1,q=0}[ReservedThreadExecutor@424fd310{reserved=0/8,pending=0}][pc=0,pic=0,pec=0,epc=0]@2024-05-02T03:43:11.506+01:00 created
03:43:11.506 [main] DEBUG org.eclipse.jetty.util.component.ContainerLifeCycle - ManagedSelector@5733f295{STOPPED} id=1 keys=-1 selected=-1 updates=0 added {EatWhatYouKill@b7838a9/SelectorProducer@696f0212/IDLE/p=false/QueuedThreadPool[qtp399373008]@17cdf2d0{STARTED,8<=8<=200,i=8,r=-1,q=0}[ReservedThreadExecutor@424fd310{reserved=0/8,pending=0}][pc=0,pic=0,pec=0,epc=0]@2024-05-02T03:43:11.506+01:00,MANAGED}
03:43:11.506 [main] DEBUG org.eclipse.jetty.util.component.ContainerLifeCycle - SelectorManager@ServerConnector@2374d36a{SSL, (ssl, http/1.1)}{localhost:44051} added {ManagedSelector@5733f295{STOPPED} id=1 keys=-1 selected=-1 updates=0,AUTO}
03:43:11.506 [main] DEBUG org.eclipse.jetty.util.component.ContainerLifeCycle - EatWhatYouKill@1c3146bc/SelectorProducer@56c698e3/IDLE/p=false/QueuedThreadPool[qtp399373008]@17cdf2d0{STARTED,8<=8<=200,i=8,r=-1,q=0}[ReservedThreadExecutor@424fd310{reserved=0/8,pending=0}][pc=0,pic=0,pec=0,epc=0]@2024-05-02T03:43:11.506+01:00 added {SelectorProducer@56c698e3,POJO}
03:43:11.506 [main] DEBUG org.eclipse.jetty.util.component.ContainerLifeCycle - EatWhatYouKill@1c3146bc/SelectorProducer@56c698e3/IDLE/p=false/QueuedThreadPool[qtp399373008]@17cdf2d0{STARTED,8<=8<=200,i=8,r=-1,q=0}[ReservedThreadExecutor@424fd310{reserved=0/8,pending=0}][pc=0,pic=0,pec=0,epc=0]@2024-05-02T03:43:11.506+01:00 added {QueuedThreadPool[qtp399373008]@17cdf2d0{STARTED,8<=8<=200,i=8,r=-1,q=0}[ReservedThreadExecutor@424fd310{reserved=0/8,pending=0}],UNMANAGED}
03:43:11.506 [main] DEBUG org.eclipse.jetty.util.thread.strategy.EatWhatYouKill - EatWhatYouKill@1c3146bc/SelectorProducer@56c698e3/IDLE/p=false/QueuedThreadPool[qtp399373008]@17cdf2d0{STARTED,8<=8<=200,i=8,r=-1,q=0}[ReservedThreadExecutor@424fd310{reserved=0/8,pending=0}][pc=0,pic=0,pec=0,epc=0]@2024-05-02T03:43:11.506+01:00 created
03:43:11.506 [main] DEBUG org.eclipse.jetty.util.component.ContainerLifeCycle - ManagedSelector@47a86fbb{STOPPED} id=2 keys=-1 selected=-1 updates=0 added {EatWhatYouKill@1c3146bc/SelectorProducer@56c698e3/IDLE/p=false/QueuedThreadPool[qtp399373008]@17cdf2d0{STARTED,8<=8<=200,i=8,r=-1,q=0}[ReservedThreadExecutor@424fd310{reserved=0/8,pending=0}][pc=0,pic=0,pec=0,epc=0]@2024-05-02T03:43:11.506+01:00,MANAGED}
03:43:11.507 [main] DEBUG org.eclipse.jetty.util.component.ContainerLifeCycle - SelectorManager@ServerConnector@2374d36a{SSL, (ssl, http/1.1)}{localhost:44051} added {ManagedSelector@47a86fbb{STOPPED} id=2 keys=-1 selected=-1 updates=0,AUTO}
03:43:11.507 [main] DEBUG org.eclipse.jetty.util.component.ContainerLifeCycle - EatWhatYouKill@f478a81/SelectorProducer@19553973/IDLE/p=false/QueuedThreadPool[qtp399373008]@17cdf2d0{STARTED,8<=8<=200,i=8,r=-1,q=0}[ReservedThreadExecutor@424fd310{reserved=0/8,pending=0}][pc=0,pic=0,pec=0,epc=0]@2024-05-02T03:43:11.507+01:00 added {SelectorProducer@19553973,POJO}
03:43:11.507 [main] DEBUG org.eclipse.jetty.util.component.ContainerLifeCycle - EatWhatYouKill@f478a81/SelectorProducer@19553973/IDLE/p=false/QueuedThreadPool[qtp399373008]@17cdf2d0{STARTED,8<=8<=200,i=8,r=-1,q=0}[ReservedThreadExecutor@424fd310{reserved=0/8,pending=0}][pc=0,pic=0,pec=0,epc=0]@2024-05-02T03:43:11.507+01:00 added {QueuedThreadPool[qtp399373008]@17cdf2d0{STARTED,8<=8<=200,i=8,r=-1,q=0}[ReservedThreadExecutor@424fd310{reserved=0/8,pending=0}],UNMANAGED}
03:43:11.507 [main] DEBUG org.eclipse.jetty.util.thread.strategy.EatWhatYouKill - EatWhatYouKill@f478a81/SelectorProducer@19553973/IDLE/p=false/QueuedThreadPool[qtp399373008]@17cdf2d0{STARTED,8<=8<=200,i=8,r=-1,q=0}[ReservedThreadExecutor@424fd310{reserved=0/8,pending=0}][pc=0,pic=0,pec=0,epc=0]@2024-05-02T03:43:11.507+01:00 created
03:43:11.507 [main] DEBUG org.eclipse.jetty.util.component.ContainerLifeCycle - ManagedSelector@7bb6ab3a{STOPPED} id=3 keys=-1 selected=-1 updates=0 added {EatWhatYouKill@f478a81/SelectorProducer@19553973/IDLE/p=false/QueuedThreadPool[qtp399373008]@17cdf2d0{STARTED,8<=8<=200,i=8,r=-1,q=0}[ReservedThreadExecutor@424fd310{reserved=0/8,pending=0}][pc=0,pic=0,pec=0,epc=0]@2024-05-02T03:43:11.507+01:00,MANAGED}
03:43:11.507 [main] DEBUG org.eclipse.jetty.util.component.ContainerLifeCycle - SelectorManager@ServerConnector@2374d36a{SSL, (ssl, http/1.1)}{localhost:44051} added {ManagedSelector@7bb6ab3a{STOPPED} id=3 keys=-1 selected=-1 updates=0,AUTO}
03:43:11.507 [main] DEBUG org.eclipse.jetty.util.component.AbstractLifeCycle - starting ManagedSelector@4e70a728{STOPPED} id=0 keys=-1 selected=-1 updates=0
03:43:11.507 [main] DEBUG org.eclipse.jetty.util.component.AbstractLifeCycle - starting EatWhatYouKill@4e858e0a/SelectorProducer@435fb7b5/IDLE/p=false/QueuedThreadPool[qtp399373008]@17cdf2d0{STARTED,8<=8<=200,i=8,r=-1,q=0}[ReservedThreadExecutor@424fd310{reserved=0/8,pending=0}][pc=0,pic=0,pec=0,epc=0]@2024-05-02T03:43:11.507+01:00
03:43:11.507 [main] DEBUG org.eclipse.jetty.util.component.AbstractLifeCycle - STARTED @4860ms EatWhatYouKill@4e858e0a/SelectorProducer@435fb7b5/IDLE/p=false/QueuedThreadPool[qtp399373008]@17cdf2d0{STARTED,8<=8<=200,i=8,r=-1,q=0}[ReservedThreadExecutor@424fd310{reserved=0/8,pending=0}][pc=0,pic=0,pec=0,epc=0]@2024-05-02T03:43:11.507+01:00
03:43:11.508 [main] DEBUG org.eclipse.jetty.util.thread.QueuedThreadPool - queue org.eclipse.jetty.io.ManagedSelector$$Lambda$253/838473569@7fe7c640 startThread=0
03:43:11.508 [qtp399373008-55] DEBUG org.eclipse.jetty.util.thread.QueuedThreadPool - run org.eclipse.jetty.io.ManagedSelector$$Lambda$253/838473569@7fe7c640 in QueuedThreadPool[qtp399373008]@17cdf2d0{STARTED,8<=8<=200,i=7,r=-1,q=0}[ReservedThreadExecutor@424fd310{reserved=0/8,pending=0}]
03:43:11.508 [main] DEBUG org.eclipse.jetty.io.ManagedSelector - Queued change lazy=false org.eclipse.jetty.io.ManagedSelector$Start@4c4748bf on ManagedSelector@4e70a728{STARTING} id=0 keys=0 selected=0 updates=0
03:43:11.508 [qtp399373008-55] DEBUG org.eclipse.jetty.util.thread.strategy.EatWhatYouKill - EatWhatYouKill@4e858e0a/SelectorProducer@435fb7b5/IDLE/p=false/QueuedThreadPool[qtp399373008]@17cdf2d0{STARTED,8<=8<=200,i=7,r=-1,q=0}[ReservedThreadExecutor@424fd310{reserved=0/8,pending=0}][pc=0,pic=0,pec=0,epc=0]@2024-05-02T03:43:11.508+01:00 tryProduce false
03:43:11.508 [qtp399373008-55] DEBUG org.eclipse.jetty.io.ManagedSelector - updateable 1
03:43:11.508 [qtp399373008-55] DEBUG org.eclipse.jetty.io.ManagedSelector - update org.eclipse.jetty.io.ManagedSelector$Start@4c4748bf
03:43:11.508 [qtp399373008-55] DEBUG org.eclipse.jetty.io.ManagedSelector - updates 0
03:43:11.508 [qtp399373008-55] DEBUG org.eclipse.jetty.io.ManagedSelector - Selector sun.nio.ch.EPollSelectorImpl@7ec05eed waiting with 0 keys
03:43:11.508 [main] DEBUG org.eclipse.jetty.util.component.AbstractLifeCycle - STARTED @4861ms ManagedSelector@4e70a728{STARTED} id=0 keys=0 selected=0 updates=0
03:43:11.508 [main] DEBUG org.eclipse.jetty.util.component.AbstractLifeCycle - starting ManagedSelector@5733f295{STOPPED} id=1 keys=-1 selected=-1 updates=0
03:43:11.508 [main] DEBUG org.eclipse.jetty.util.component.AbstractLifeCycle - starting EatWhatYouKill@b7838a9/SelectorProducer@696f0212/IDLE/p=false/QueuedThreadPool[qtp399373008]@17cdf2d0{STARTED,8<=8<=200,i=7,r=-1,q=0}[ReservedThreadExecutor@424fd310{reserved=0/8,pending=0}][pc=0,pic=0,pec=0,epc=0]@2024-05-02T03:43:11.508+01:00
03:43:11.508 [main] DEBUG org.eclipse.jetty.util.component.AbstractLifeCycle - STARTED @4861ms EatWhatYouKill@b7838a9/SelectorProducer@696f0212/IDLE/p=false/QueuedThreadPool[qtp399373008]@17cdf2d0{STARTED,8<=8<=200,i=7,r=-1,q=0}[ReservedThreadExecutor@424fd310{reserved=0/8,pending=0}][pc=0,pic=0,pec=0,epc=0]@2024-05-02T03:43:11.508+01:00
03:43:11.508 [main] DEBUG org.eclipse.jetty.util.thread.QueuedThreadPool - queue org.eclipse.jetty.io.ManagedSelector$$Lambda$253/838473569@7ce97ee5 startThread=0
03:43:11.508 [qtp399373008-56] DEBUG org.eclipse.jetty.util.thread.QueuedThreadPool - run org.eclipse.jetty.io.ManagedSelector$$Lambda$253/838473569@7ce97ee5 in QueuedThreadPool[qtp399373008]@17cdf2d0{STARTED,8<=8<=200,i=6,r=-1,q=0}[ReservedThreadExecutor@424fd310{reserved=0/8,pending=0}]
03:43:11.508 [main] DEBUG org.eclipse.jetty.io.ManagedSelector - Queued change lazy=false org.eclipse.jetty.io.ManagedSelector$Start@32c8e539 on ManagedSelector@5733f295{STARTING} id=1 keys=0 selected=0 updates=0
03:43:11.509 [qtp399373008-56] DEBUG org.eclipse.jetty.util.thread.strategy.EatWhatYouKill - EatWhatYouKill@b7838a9/SelectorProducer@696f0212/IDLE/p=false/QueuedThreadPool[qtp399373008]@17cdf2d0{STARTED,8<=8<=200,i=6,r=-1,q=0}[ReservedThreadExecutor@424fd310{reserved=0/8,pending=0}][pc=0,pic=0,pec=0,epc=0]@2024-05-02T03:43:11.508+01:00 tryProduce false
03:43:11.509 [qtp399373008-56] DEBUG org.eclipse.jetty.io.ManagedSelector - updateable 1
03:43:11.509 [qtp399373008-56] DEBUG org.eclipse.jetty.io.ManagedSelector - update org.eclipse.jetty.io.ManagedSelector$Start@32c8e539
03:43:11.509 [qtp399373008-56] DEBUG org.eclipse.jetty.io.ManagedSelector - updates 0
03:43:11.509 [qtp399373008-56] DEBUG org.eclipse.jetty.io.ManagedSelector - Selector sun.nio.ch.EPollSelectorImpl@62ef7cb1 waiting with 0 keys
03:43:11.509 [main] DEBUG org.eclipse.jetty.util.component.AbstractLifeCycle - STARTED @4862ms ManagedSelector@5733f295{STARTED} id=1 keys=0 selected=0 updates=0
03:43:11.509 [main] DEBUG org.eclipse.jetty.util.component.AbstractLifeCycle - starting ManagedSelector@47a86fbb{STOPPED} id=2 keys=-1 selected=-1 updates=0
03:43:11.509 [main] DEBUG org.eclipse.jetty.util.component.AbstractLifeCycle - starting EatWhatYouKill@1c3146bc/SelectorProducer@56c698e3/IDLE/p=false/QueuedThreadPool[qtp399373008]@17cdf2d0{STARTED,8<=8<=200,i=6,r=-1,q=0}[ReservedThreadExecutor@424fd310{reserved=0/8,pending=0}][pc=0,pic=0,pec=0,epc=0]@2024-05-02T03:43:11.509+01:00
03:43:11.509 [main] DEBUG org.eclipse.jetty.util.component.AbstractLifeCycle - STARTED @4862ms EatWhatYouKill@1c3146bc/SelectorProducer@56c698e3/IDLE/p=false/QueuedThreadPool[qtp399373008]@17cdf2d0{STARTED,8<=8<=200,i=6,r=-1,q=0}[ReservedThreadExecutor@424fd310{reserved=0/8,pending=0}][pc=0,pic=0,pec=0,epc=0]@2024-05-02T03:43:11.509+01:00
03:43:11.509 [qtp399373008-57] DEBUG org.eclipse.jetty.util.thread.QueuedThreadPool - run org.eclipse.jetty.io.ManagedSelector$$Lambda$253/838473569@106d1d4d in QueuedThreadPool[qtp399373008]@17cdf2d0{STARTED,8<=8<=200,i=5,r=-1,q=0}[ReservedThreadExecutor@424fd310{reserved=0/8,pending=0}]
03:43:11.509 [qtp399373008-57] DEBUG org.eclipse.jetty.util.thread.strategy.EatWhatYouKill - EatWhatYouKill@1c3146bc/SelectorProducer@56c698e3/IDLE/p=false/QueuedThreadPool[qtp399373008]@17cdf2d0{STARTED,8<=8<=200,i=5,r=-1,q=0}[ReservedThreadExecutor@424fd310{reserved=0/8,pending=0}][pc=0,pic=0,pec=0,epc=0]@2024-05-02T03:43:11.509+01:00 tryProduce false
03:43:11.509 [qtp399373008-57] DEBUG org.eclipse.jetty.io.ManagedSelector - updateable 0
03:43:11.509 [qtp399373008-57] DEBUG org.eclipse.jetty.io.ManagedSelector - updates 0
03:43:11.509 [qtp399373008-57] DEBUG org.eclipse.jetty.io.ManagedSelector - Selector sun.nio.ch.EPollSelectorImpl@1eaae130 waiting with 0 keys
03:43:11.509 [main] DEBUG org.eclipse.jetty.util.thread.QueuedThreadPool - queue org.eclipse.jetty.io.ManagedSelector$$Lambda$253/838473569@106d1d4d startThread=0
03:43:11.509 [main] DEBUG org.eclipse.jetty.io.ManagedSelector - Queued change lazy=false org.eclipse.jetty.io.ManagedSelector$Start@73dce0e6 on ManagedSelector@47a86fbb{STARTING} id=2 keys=0 selected=0 updates=0
03:43:11.509 [main] DEBUG org.eclipse.jetty.io.ManagedSelector - Wakeup on submit ManagedSelector@47a86fbb{STARTING} id=2 keys=0 selected=0 updates=1
03:43:11.510 [qtp399373008-57] DEBUG org.eclipse.jetty.io.ManagedSelector - Selector sun.nio.ch.EPollSelectorImpl@1eaae130 woken with none selected
03:43:11.510 [qtp399373008-57] DEBUG org.eclipse.jetty.io.ManagedSelector - Selector sun.nio.ch.EPollSelectorImpl@1eaae130 woken up from select, 0/0/0 selected
03:43:11.510 [qtp399373008-57] DEBUG org.eclipse.jetty.io.ManagedSelector - Selector sun.nio.ch.EPollSelectorImpl@1eaae130 processing 0 keys, 1 updates
03:43:11.510 [qtp399373008-57] DEBUG org.eclipse.jetty.io.ManagedSelector - updateable 1
03:43:11.510 [qtp399373008-57] DEBUG org.eclipse.jetty.io.ManagedSelector - update org.eclipse.jetty.io.ManagedSelector$Start@73dce0e6
03:43:11.510 [qtp399373008-57] DEBUG org.eclipse.jetty.io.ManagedSelector - updates 0
03:43:11.510 [qtp399373008-57] DEBUG org.eclipse.jetty.io.ManagedSelector - Selector sun.nio.ch.EPollSelectorImpl@1eaae130 waiting with 0 keys
03:43:11.510 [main] DEBUG org.eclipse.jetty.util.component.AbstractLifeCycle - STARTED @4863ms ManagedSelector@47a86fbb{STARTED} id=2 keys=0 selected=0 updates=0
03:43:11.510 [main] DEBUG org.eclipse.jetty.util.component.AbstractLifeCycle - starting ManagedSelector@7bb6ab3a{STOPPED} id=3 keys=-1 selected=-1 updates=0
03:43:11.510 [main] DEBUG org.eclipse.jetty.util.component.AbstractLifeCycle - starting EatWhatYouKill@f478a81/SelectorProducer@19553973/IDLE/p=false/QueuedThreadPool[qtp399373008]@17cdf2d0{STARTED,8<=8<=200,i=5,r=-1,q=0}[ReservedThreadExecutor@424fd310{reserved=0/8,pending=0}][pc=0,pic=0,pec=0,epc=0]@2024-05-02T03:43:11.51+01:00
03:43:11.510 [main] DEBUG org.eclipse.jetty.util.component.AbstractLifeCycle - STARTED @4863ms EatWhatYouKill@f478a81/SelectorProducer@19553973/IDLE/p=false/QueuedThreadPool[qtp399373008]@17cdf2d0{STARTED,8<=8<=200,i=5,r=-1,q=0}[ReservedThreadExecutor@424fd310{reserved=0/8,pending=0}][pc=0,pic=0,pec=0,epc=0]@2024-05-02T03:43:11.51+01:00
03:43:11.510 [main] DEBUG org.eclipse.jetty.util.thread.QueuedThreadPool - queue org.eclipse.jetty.io.ManagedSelector$$Lambda$253/838473569@5a85c92 startThread=0
03:43:11.510 [main] DEBUG org.eclipse.jetty.io.ManagedSelector - Queued change lazy=false org.eclipse.jetty.io.ManagedSelector$Start@32811494 on ManagedSelector@7bb6ab3a{STARTING} id=3 keys=0 selected=0 updates=0
03:43:11.510 [qtp399373008-58] DEBUG org.eclipse.jetty.util.thread.QueuedThreadPool - run org.eclipse.jetty.io.ManagedSelector$$Lambda$253/838473569@5a85c92 in QueuedThreadPool[qtp399373008]@17cdf2d0{STARTED,8<=8<=200,i=4,r=-1,q=0}[ReservedThreadExecutor@424fd310{reserved=0/8,pending=0}]
03:43:11.511 [qtp399373008-58] DEBUG org.eclipse.jetty.util.thread.strategy.EatWhatYouKill - EatWhatYouKill@f478a81/SelectorProducer@19553973/IDLE/p=false/QueuedThreadPool[qtp399373008]@17cdf2d0{STARTED,8<=8<=200,i=4,r=-1,q=0}[ReservedThreadExecutor@424fd310{reserved=0/8,pending=0}][pc=0,pic=0,pec=0,epc=0]@2024-05-02T03:43:11.51+01:00 tryProduce false
03:43:11.511 [qtp399373008-58] DEBUG org.eclipse.jetty.io.ManagedSelector - updateable 1
03:43:11.511 [qtp399373008-58] DEBUG org.eclipse.jetty.io.ManagedSelector - update org.eclipse.jetty.io.ManagedSelector$Start@32811494
03:43:11.511 [qtp399373008-58] DEBUG org.eclipse.jetty.io.ManagedSelector - updates 0
03:43:11.511 [qtp399373008-58] DEBUG org.eclipse.jetty.io.ManagedSelector - Selector sun.nio.ch.EPollSelectorImpl@6d031e6b waiting with 0 keys
03:43:11.511 [main] DEBUG org.eclipse.jetty.util.component.AbstractLifeCycle - STARTED @4864ms ManagedSelector@7bb6ab3a{STARTED} id=3 keys=0 selected=0 updates=0
03:43:11.511 [main] DEBUG org.eclipse.jetty.util.component.AbstractLifeCycle - STARTED @4864ms SelectorManager@ServerConnector@2374d36a{SSL, (ssl, http/1.1)}{localhost:44051}
03:43:11.511 [main] DEBUG org.eclipse.jetty.util.component.ContainerLifeCycle - ServerConnector@2374d36a{SSL, (ssl, http/1.1)}{localhost:44051} added {acceptor-0@4795ded0,POJO}
03:43:11.511 [main] DEBUG org.eclipse.jetty.util.thread.QueuedThreadPool - queue acceptor-0@4795ded0 startThread=0
03:43:11.511 [main] INFO org.eclipse.jetty.server.AbstractConnector - Started ServerConnector@2374d36a{SSL, (ssl, http/1.1)}{localhost:44051}
03:43:11.511 [qtp399373008-59] DEBUG org.eclipse.jetty.util.thread.QueuedThreadPool - run acceptor-0@4795ded0 in QueuedThreadPool[qtp399373008]@17cdf2d0{STARTED,8<=8<=200,i=3,r=-1,q=0}[ReservedThreadExecutor@424fd310{reserved=0/8,pending=0}]
03:43:11.511 [main] DEBUG org.eclipse.jetty.util.component.AbstractLifeCycle - STARTED @4864ms ServerConnector@2374d36a{SSL, (ssl, http/1.1)}{localhost:44051}
03:43:11.511 [main] INFO org.eclipse.jetty.server.Server - Started @4864ms
03:43:11.511 [main] DEBUG org.eclipse.jetty.util.component.AbstractLifeCycle - STARTED @4864ms Server@736d6a5c{STARTED}[9.4.44.v20210927]
03:43:12.514 [main] DEBUG org.apache.nifi.minifi.bootstrap.configuration.ingestors.PullHttpChangeIngestor - Attempting to pull new config
03:43:12.515 [qtp399373008-59-acceptor-0@4795ded0-ServerConnector@2374d36a{SSL, (ssl, http/1.1)}{localhost:44051}] DEBUG org.eclipse.jetty.io.ManagedSelector - Queued change lazy=false Accept@247e7f82[java.nio.channels.SocketChannel[connected local=/127.0.0.1:44051 remote=/127.0.0.1:33232]] on ManagedSelector@5733f295{STARTED} id=1 keys=0 selected=0 updates=0
03:43:12.515 [qtp399373008-59-acceptor-0@4795ded0-ServerConnector@2374d36a{SSL, (ssl, http/1.1)}{localhost:44051}] DEBUG org.eclipse.jetty.io.ManagedSelector - Wakeup on submit ManagedSelector@5733f295{STARTED} id=1 keys=0 selected=0 updates=1
03:43:12.515 [qtp399373008-56] DEBUG org.eclipse.jetty.io.ManagedSelector - Selector sun.nio.ch.EPollSelectorImpl@62ef7cb1 woken with none selected
03:43:12.515 [qtp399373008-56] DEBUG org.eclipse.jetty.io.ManagedSelector - Selector sun.nio.ch.EPollSelectorImpl@62ef7cb1 woken up from select, 0/0/0 selected
03:43:12.515 [qtp399373008-56] DEBUG org.eclipse.jetty.io.ManagedSelector - Selector sun.nio.ch.EPollSelectorImpl@62ef7cb1 processing 0 keys, 1 updates
03:43:12.515 [qtp399373008-56] DEBUG org.eclipse.jetty.io.ManagedSelector - updateable 1
03:43:12.515 [qtp399373008-56] DEBUG org.eclipse.jetty.io.ManagedSelector - update Accept@247e7f82[java.nio.channels.SocketChannel[connected local=/127.0.0.1:44051 remote=/127.0.0.1:33232]]
03:43:12.516 [qtp399373008-56] DEBUG org.eclipse.jetty.util.thread.QueuedThreadPool - queue Accept@247e7f82[java.nio.channels.SocketChannel[connected local=/127.0.0.1:44051 remote=/127.0.0.1:33232]] startThread=0
03:43:12.516 [qtp399373008-60] DEBUG org.eclipse.jetty.util.thread.QueuedThreadPool - run Accept@247e7f82[java.nio.channels.SocketChannel[connected local=/127.0.0.1:44051 remote=/127.0.0.1:33232]] in QueuedThreadPool[qtp399373008]@17cdf2d0{STARTED,8<=8<=200,i=2,r=-1,q=0}[ReservedThreadExecutor@424fd310{reserved=0/8,pending=0}]
03:43:12.516 [qtp399373008-56] DEBUG org.eclipse.jetty.io.ManagedSelector - updates 0
03:43:12.516 [qtp399373008-56] DEBUG org.eclipse.jetty.io.ManagedSelector - Selector sun.nio.ch.EPollSelectorImpl@62ef7cb1 waiting with 1 keys
03:43:12.516 [qtp399373008-60] DEBUG org.eclipse.jetty.io.IdleTimeout - SocketChannelEndPoint@7613fbb1{l=/127.0.0.1:44051,r=/127.0.0.1:33232,OPEN,fill=-,flush=-,to=0/30000}{io=0/0,kio=0,kro=0}-><null> idle timeout check, elapsed: 0 ms, remaining: 30000 ms
03:43:12.516 [qtp399373008-60] DEBUG org.eclipse.jetty.util.ssl.SslContextFactory - Customize sun.security.ssl.SSLEngineImpl@7ceb90c1
03:43:12.516 [qtp399373008-60] DEBUG org.eclipse.jetty.server.HttpChannel - new HttpChannelOverHttp@39e90138{s=HttpChannelState@50ceabc7{s=IDLE rs=BLOCKING os=OPEN is=IDLE awp=false se=false i=true al=0},r=0,c=false/false,a=IDLE,uri=null,age=0} -> DecryptedEndPoint@81a3ece{l=/127.0.0.1:44051,r=/127.0.0.1:33232,OPEN,fill=-,flush=-,to=0/30000},null,HttpChannelState@50ceabc7{s=IDLE rs=BLOCKING os=OPEN is=IDLE awp=false se=false i=true al=0}
03:43:12.516 [qtp399373008-60] DEBUG org.eclipse.jetty.server.HttpConnection - New HTTP Connection HttpConnection@28d7ca94::DecryptedEndPoint@81a3ece{l=/127.0.0.1:44051,r=/127.0.0.1:33232,OPEN,fill=-,flush=-,to=0/30000}
03:43:12.516 [qtp399373008-60] DEBUG org.eclipse.jetty.io.ManagedSelector - Queued change lazy=true org.eclipse.jetty.io.ManagedSelector$$Lambda$258/445561681@59c6fe77 on ManagedSelector@5733f295{STARTED} id=1 keys=1 selected=0 updates=0
03:43:12.516 [qtp399373008-60] DEBUG org.eclipse.jetty.io.AbstractEndPoint - onOpen SocketChannelEndPoint@7613fbb1{l=/127.0.0.1:44051,r=/127.0.0.1:33232,OPEN,fill=-,flush=-,to=0/30000}{io=0/0,kio=0,kro=0}->SslConnection@7c73f61b{NOT_HANDSHAKING,eio=-1/-1,di=-1,fill=IDLE,flush=IDLE}~>DecryptedEndPoint@81a3ece{l=/127.0.0.1:44051,r=/127.0.0.1:33232,OPEN,fill=-,flush=-,to=0/30000}=>HttpConnection@28d7ca94[p=HttpParser{s=START,0 of -1},g=HttpGenerator@25465b15{s=START}]=>HttpChannelOverHttp@39e90138{s=HttpChannelState@50ceabc7{s=IDLE rs=BLOCKING os=OPEN is=IDLE awp=false se=false i=true al=0},r=0,c=false/false,a=IDLE,uri=null,age=0}
03:43:12.517 [qtp399373008-60] DEBUG org.eclipse.jetty.io.AbstractConnection - onOpen SslConnection@7c73f61b::SocketChannelEndPoint@7613fbb1{l=/127.0.0.1:44051,r=/127.0.0.1:33232,OPEN,fill=-,flush=-,to=0/30000}{io=0/0,kio=0,kro=0}->SslConnection@7c73f61b{NOT_HANDSHAKING,eio=-1/-1,di=-1,fill=IDLE,flush=IDLE}~>DecryptedEndPoint@81a3ece{l=/127.0.0.1:44051,r=/127.0.0.1:33232,OPEN,fill=-,flush=-,to=0/30000}=>HttpConnection@28d7ca94[p=HttpParser{s=START,0 of -1},g=HttpGenerator@25465b15{s=START}]=>HttpChannelOverHttp@39e90138{s=HttpChannelState@50ceabc7{s=IDLE rs=BLOCKING os=OPEN is=IDLE awp=false se=false i=true al=0},r=0,c=false/false,a=IDLE,uri=null,age=0}
03:43:12.517 [qtp399373008-60] DEBUG org.eclipse.jetty.io.AbstractConnection - onOpen HttpConnection@28d7ca94::DecryptedEndPoint@81a3ece{l=/127.0.0.1:44051,r=/127.0.0.1:33232,OPEN,fill=-,flush=-,to=0/30000}
03:43:12.517 [qtp399373008-60] DEBUG org.eclipse.jetty.io.AbstractConnection - fillInterested HttpConnection@28d7ca94::DecryptedEndPoint@81a3ece{l=/127.0.0.1:44051,r=/127.0.0.1:33232,OPEN,fill=-,flush=-,to=0/30000}
03:43:12.517 [qtp399373008-60] DEBUG org.eclipse.jetty.io.FillInterest - interested FillInterest@33d3a643{AC.ReadCB@28d7ca94{HttpConnection@28d7ca94::DecryptedEndPoint@81a3ece{l=/127.0.0.1:44051,r=/127.0.0.1:33232,OPEN,fill=FI,flush=-,to=0/30000}}}
03:43:12.517 [qtp399373008-60] DEBUG org.eclipse.jetty.io.ssl.SslConnection - >needFillInterest s=IDLE/IDLE uf=false ei=null di=null SslConnection@7c73f61b::SocketChannelEndPoint@7613fbb1{l=/127.0.0.1:44051,r=/127.0.0.1:33232,OPEN,fill=-,flush=-,to=1/30000}{io=0/0,kio=0,kro=0}->SslConnection@7c73f61b{NOT_HANDSHAKING,eio=-1/-1,di=-1,fill=IDLE,flush=IDLE}~>DecryptedEndPoint@81a3ece{l=/127.0.0.1:44051,r=/127.0.0.1:33232,OPEN,fill=FI,flush=-,to=0/30000}=>HttpConnection@28d7ca94[p=HttpParser{s=START,0 of -1},g=HttpGenerator@25465b15{s=START}]=>HttpChannelOverHttp@39e90138{s=HttpChannelState@50ceabc7{s=IDLE rs=BLOCKING os=OPEN is=IDLE awp=false se=false i=true al=0},r=0,c=false/false,a=IDLE,uri=null,age=0}
03:43:12.517 [qtp399373008-60] DEBUG org.eclipse.jetty.io.ssl.SslConnection - <needFillInterest s=IDLE/INTERESTED f=false i=true w=null
03:43:12.517 [qtp399373008-60] DEBUG org.eclipse.jetty.io.ssl.SslConnection - ensureFillInterested SslConnection@7c73f61b::SocketChannelEndPoint@7613fbb1{l=/127.0.0.1:44051,r=/127.0.0.1:33232,OPEN,fill=-,flush=-,to=1/30000}{io=0/0,kio=0,kro=0}->SslConnection@7c73f61b{NOT_HANDSHAKING,eio=-1/-1,di=-1,fill=INTERESTED,flush=IDLE}~>DecryptedEndPoint@81a3ece{l=/127.0.0.1:44051,r=/127.0.0.1:33232,OPEN,fill=FI,flush=-,to=0/30000}=>HttpConnection@28d7ca94[p=HttpParser{s=START,0 of -1},g=HttpGenerator@25465b15{s=START}]=>HttpChannelOverHttp@39e90138{s=HttpChannelState@50ceabc7{s=IDLE rs=BLOCKING os=OPEN is=IDLE awp=false se=false i=true al=0},r=0,c=false/false,a=IDLE,uri=null,age=0}
03:43:12.517 [qtp399373008-60] DEBUG org.eclipse.jetty.io.FillInterest - interested FillInterest@5d88c308{SSLC.NBReadCB@7c73f61b{SslConnection@7c73f61b::SocketChannelEndPoint@7613fbb1{l=/127.0.0.1:44051,r=/127.0.0.1:33232,OPEN,fill=FI,flush=-,to=0/30000}{io=0/0,kio=0,kro=0}->SslConnection@7c73f61b{NOT_HANDSHAKING,eio=-1/-1,di=-1,fill=INTERESTED,flush=IDLE}~>DecryptedEndPoint@81a3ece{l=/127.0.0.1:44051,r=/127.0.0.1:33232,OPEN,fill=FI,flush=-,to=0/30000}=>HttpConnection@28d7ca94[p=HttpParser{s=START,0 of -1},g=HttpGenerator@25465b15{s=START}]=>HttpChannelOverHttp@39e90138{s=HttpChannelState@50ceabc7{s=IDLE rs=BLOCKING os=OPEN is=IDLE awp=false se=false i=true al=0},r=0,c=false/false,a=IDLE,uri=null,age=0}}}
03:43:12.518 [qtp399373008-60] DEBUG org.eclipse.jetty.io.ChannelEndPoint - changeInterests p=false 0->1 for SocketChannelEndPoint@7613fbb1{l=/127.0.0.1:44051,r=/127.0.0.1:33232,OPEN,fill=FI,flush=-,to=0/30000}{io=0/1,kio=0,kro=0}->SslConnection@7c73f61b{NOT_HANDSHAKING,eio=-1/-1,di=-1,fill=INTERESTED,flush=IDLE}~>DecryptedEndPoint@81a3ece{l=/127.0.0.1:44051,r=/127.0.0.1:33232,OPEN,fill=FI,flush=-,to=0/30000}=>HttpConnection@28d7ca94[p=HttpParser{s=START,0 of -1},g=HttpGenerator@25465b15{s=START}]=>HttpChannelOverHttp@39e90138{s=HttpChannelState@50ceabc7{s=IDLE rs=BLOCKING os=OPEN is=IDLE awp=false se=false i=true al=0},r=0,c=false/false,a=IDLE,uri=null,age=0}
03:43:12.518 [qtp399373008-60] DEBUG org.eclipse.jetty.io.ManagedSelector - Queued change lazy=false org.eclipse.jetty.io.ChannelEndPoint$$Lambda$255/90666987@3ea8358c on ManagedSelector@5733f295{STARTED} id=1 keys=1 selected=0 updates=1
03:43:12.518 [qtp399373008-60] DEBUG org.eclipse.jetty.io.ManagedSelector - Wakeup on submit ManagedSelector@5733f295{STARTED} id=1 keys=1 selected=0 updates=2
03:43:12.518 [qtp399373008-56] DEBUG org.eclipse.jetty.io.ManagedSelector - Selector sun.nio.ch.EPollSelectorImpl@62ef7cb1 woken with none selected
03:43:12.518 [qtp399373008-56] DEBUG org.eclipse.jetty.io.ManagedSelector - Selector sun.nio.ch.EPollSelectorImpl@62ef7cb1 woken up from select, 0/0/1 selected
03:43:12.518 [qtp399373008-56] DEBUG org.eclipse.jetty.io.ManagedSelector - Selector sun.nio.ch.EPollSelectorImpl@62ef7cb1 processing 0 keys, 2 updates
03:43:12.518 [qtp399373008-56] DEBUG org.eclipse.jetty.io.ManagedSelector - updateable 2
03:43:12.518 [qtp399373008-60] DEBUG org.eclipse.jetty.io.ManagedSelector - Created SocketChannelEndPoint@7613fbb1{l=/127.0.0.1:44051,r=/127.0.0.1:33232,OPEN,fill=FI,flush=-,to=0/30000}{io=0/1,kio=0,kro=0}->SslConnection@7c73f61b{NOT_HANDSHAKING,eio=-1/-1,di=-1,fill=INTERESTED,flush=IDLE}~>DecryptedEndPoint@81a3ece{l=/127.0.0.1:44051,r=/127.0.0.1:33232,OPEN,fill=FI,flush=-,to=0/30000}=>HttpConnection@28d7ca94[p=HttpParser{s=START,0 of -1},g=HttpGenerator@25465b15{s=START}]=>HttpChannelOverHttp@39e90138{s=HttpChannelState@50ceabc7{s=IDLE rs=BLOCKING os=OPEN is=IDLE awp=false se=false i=true al=0},r=0,c=false/false,a=IDLE,uri=null,age=0}
03:43:12.518 [qtp399373008-56] DEBUG org.eclipse.jetty.io.ManagedSelector - update org.eclipse.jetty.io.ManagedSelector$$Lambda$258/445561681@59c6fe77
03:43:12.518 [qtp399373008-56] DEBUG org.eclipse.jetty.io.ManagedSelector - update org.eclipse.jetty.io.ChannelEndPoint$$Lambda$255/90666987@3ea8358c
03:43:12.518 [qtp399373008-60] DEBUG org.eclipse.jetty.util.thread.QueuedThreadPool - ran Accept@247e7f82[java.nio.channels.SocketChannel[connected local=/127.0.0.1:44051 remote=/127.0.0.1:33232]] in QueuedThreadPool[qtp399373008]@17cdf2d0{STARTED,8<=8<=200,i=2,r=-1,q=0}[ReservedThreadExecutor@424fd310{reserved=0/8,pending=0}]
03:43:12.518 [qtp399373008-56] DEBUG org.eclipse.jetty.io.ChannelEndPoint - Key interests updated 0 -> 1 on SocketChannelEndPoint@7613fbb1{l=/127.0.0.1:44051,r=/127.0.0.1:33232,OPEN,fill=FI,flush=-,to=0/30000}{io=1/1,kio=1,kro=0}->SslConnection@7c73f61b{NOT_HANDSHAKING,eio=-1/-1,di=-1,fill=INTERESTED,flush=IDLE}~>DecryptedEndPoint@81a3ece{l=/127.0.0.1:44051,r=/127.0.0.1:33232,OPEN,fill=FI,flush=-,to=1/30000}=>HttpConnection@28d7ca94[p=HttpParser{s=START,0 of -1},g=HttpGenerator@25465b15{s=START}]=>HttpChannelOverHttp@39e90138{s=HttpChannelState@50ceabc7{s=IDLE rs=BLOCKING os=OPEN is=IDLE awp=false se=false i=true al=0},r=0,c=false/false,a=IDLE,uri=null,age=0}
03:43:12.518 [qtp399373008-56] DEBUG org.eclipse.jetty.io.ManagedSelector - updates 0
03:43:12.518 [qtp399373008-56] DEBUG org.eclipse.jetty.io.ManagedSelector - Selector sun.nio.ch.EPollSelectorImpl@62ef7cb1 waiting with 1 keys
03:43:12.518 [qtp399373008-56] DEBUG org.eclipse.jetty.io.ManagedSelector - Selector sun.nio.ch.EPollSelectorImpl@62ef7cb1 woken up from select, 1/1/1 selected
03:43:12.518 [qtp399373008-56] DEBUG org.eclipse.jetty.io.ManagedSelector - Selector sun.nio.ch.EPollSelectorImpl@62ef7cb1 processing 1 keys, 0 updates
03:43:12.518 [qtp399373008-56] DEBUG org.eclipse.jetty.io.ManagedSelector - selected 1 sun.nio.ch.SelectionKeyImpl@6c289e9c SocketChannelEndPoint@7613fbb1{l=/127.0.0.1:44051,r=/127.0.0.1:33232,OPEN,fill=FI,flush=-,to=0/30000}{io=1/1,kio=1,kro=1}->SslConnection@7c73f61b{NOT_HANDSHAKING,eio=-1/-1,di=-1,fill=INTERESTED,flush=IDLE}~>DecryptedEndPoint@81a3ece{l=/127.0.0.1:44051,r=/127.0.0.1:33232,OPEN,fill=FI,flush=-,to=1/30000}=>HttpConnection@28d7ca94[p=HttpParser{s=START,0 of -1},g=HttpGenerator@25465b15{s=START}]=>HttpChannelOverHttp@39e90138{s=HttpChannelState@50ceabc7{s=IDLE rs=BLOCKING os=OPEN is=IDLE awp=false se=false i=true al=0},r=0,c=false/false,a=IDLE,uri=null,age=0} 
03:43:12.519 [qtp399373008-56] DEBUG org.eclipse.jetty.io.ChannelEndPoint - onSelected 1->0 r=true w=false for SocketChannelEndPoint@7613fbb1{l=/127.0.0.1:44051,r=/127.0.0.1:33232,OPEN,fill=FI,flush=-,to=1/30000}{io=1/0,kio=1,kro=1}->SslConnection@7c73f61b{NOT_HANDSHAKING,eio=-1/-1,di=-1,fill=INTERESTED,flush=IDLE}~>DecryptedEndPoint@81a3ece{l=/127.0.0.1:44051,r=/127.0.0.1:33232,OPEN,fill=FI,flush=-,to=1/30000}=>HttpConnection@28d7ca94[p=HttpParser{s=START,0 of -1},g=HttpGenerator@25465b15{s=START}]=>HttpChannelOverHttp@39e90138{s=HttpChannelState@50ceabc7{s=IDLE rs=BLOCKING os=OPEN is=IDLE awp=false se=false i=true al=0},r=0,c=false/false,a=IDLE,uri=null,age=0}
03:43:12.519 [qtp399373008-56] DEBUG org.eclipse.jetty.io.ChannelEndPoint - task CEP:SocketChannelEndPoint@7613fbb1{l=/127.0.0.1:44051,r=/127.0.0.1:33232,OPEN,fill=FI,flush=-,to=1/30000}{io=1/0,kio=1,kro=1}->SslConnection@7c73f61b{NOT_HANDSHAKING,eio=-1/-1,di=-1,fill=INTERESTED,flush=IDLE}~>DecryptedEndPoint@81a3ece{l=/127.0.0.1:44051,r=/127.0.0.1:33232,OPEN,fill=FI,flush=-,to=1/30000}=>HttpConnection@28d7ca94[p=HttpParser{s=START,0 of -1},g=HttpGenerator@25465b15{s=START}]=>HttpChannelOverHttp@39e90138{s=HttpChannelState@50ceabc7{s=IDLE rs=BLOCKING os=OPEN is=IDLE awp=false se=false i=true al=0},r=0,c=false/false,a=IDLE,uri=null,age=0}:runFillable:BLOCKING
03:43:12.519 [qtp399373008-56] DEBUG org.eclipse.jetty.util.thread.ReservedThreadExecutor - ReservedThreadExecutor@424fd310{reserved=0/8,pending=0} tryExecute EatWhatYouKill@b7838a9/SelectorProducer@696f0212/PRODUCING/p=false/QueuedThreadPool[qtp399373008]@17cdf2d0{STARTED,8<=8<=200,i=3,r=-1,q=0}[ReservedThreadExecutor@424fd310{reserved=0/8,pending=0}][pc=0,pic=0,pec=0,epc=0]@2024-05-02T03:43:12.519+01:00
03:43:12.519 [qtp399373008-56] DEBUG org.eclipse.jetty.util.thread.ReservedThreadExecutor - ReservedThreadExecutor@424fd310{reserved=0/8,pending=1} startReservedThread p=1
03:43:12.519 [qtp399373008-56] DEBUG org.eclipse.jetty.util.thread.QueuedThreadPool - queue ReservedThread@681717c1{PENDING,thread=null} startThread=0
03:43:12.519 [qtp399373008-61] DEBUG org.eclipse.jetty.util.thread.QueuedThreadPool - run ReservedThread@681717c1{PENDING,thread=null} in QueuedThreadPool[qtp399373008]@17cdf2d0{STARTED,8<=8<=200,i=2,r=-1,q=0}[ReservedThreadExecutor@424fd310{reserved=0/8,pending=1}]
03:43:12.519 [qtp399373008-61] DEBUG org.eclipse.jetty.util.thread.ReservedThreadExecutor - ReservedThread@681717c1{PENDING,thread=Thread[qtp399373008-61,5,main]} was=PENDING next=RESERVED size=0+1 capacity=8
03:43:12.519 [qtp399373008-61] DEBUG org.eclipse.jetty.util.thread.ReservedThreadExecutor - ReservedThread@681717c1{RESERVED,thread=Thread[qtp399373008-61,5,main]} waiting ReservedThreadExecutor@424fd310{reserved=1/8,pending=0}
03:43:12.519 [qtp399373008-56] DEBUG org.eclipse.jetty.util.thread.strategy.EatWhatYouKill - EatWhatYouKill@b7838a9/SelectorProducer@696f0212/PRODUCING/p=false/QueuedThreadPool[qtp399373008]@17cdf2d0{STARTED,8<=8<=200,i=2,r=-1,q=0}[ReservedThreadExecutor@424fd310{reserved=0/8,pending=1}][pc=0,pic=0,pec=0,epc=0]@2024-05-02T03:43:12.519+01:00 m=PRODUCE_EXECUTE_CONSUME t=CEP:SocketChannelEndPoint@7613fbb1{l=/127.0.0.1:44051,r=/127.0.0.1:33232,OPEN,fill=FI,flush=-,to=1/30000}{io=1/0,kio=1,kro=1}->SslConnection@7c73f61b{NOT_HANDSHAKING,eio=-1/-1,di=-1,fill=INTERESTED,flush=IDLE}~>DecryptedEndPoint@81a3ece{l=/127.0.0.1:44051,r=/127.0.0.1:33232,OPEN,fill=FI,flush=-,to=2/30000}=>HttpConnection@28d7ca94[p=HttpParser{s=START,0 of -1},g=HttpGenerator@25465b15{s=START}]=>HttpChannelOverHttp@39e90138{s=HttpChannelState@50ceabc7{s=IDLE rs=BLOCKING os=OPEN is=IDLE awp=false se=false i=true al=0},r=0,c=false/false,a=IDLE,uri=null,age=0}:runFillable:BLOCKING/BLOCKING
03:43:12.519 [qtp399373008-56] DEBUG org.eclipse.jetty.util.thread.QueuedThreadPool - queue CEP:SocketChannelEndPoint@7613fbb1{l=/127.0.0.1:44051,r=/127.0.0.1:33232,OPEN,fill=FI,flush=-,to=2/30000}{io=1/0,kio=1,kro=1}->SslConnection@7c73f61b{NOT_HANDSHAKING,eio=-1/-1,di=-1,fill=INTERESTED,flush=IDLE}~>DecryptedEndPoint@81a3ece{l=/127.0.0.1:44051,r=/127.0.0.1:33232,OPEN,fill=FI,flush=-,to=2/30000}=>HttpConnection@28d7ca94[p=HttpParser{s=START,0 of -1},g=HttpGenerator@25465b15{s=START}]=>HttpChannelOverHttp@39e90138{s=HttpChannelState@50ceabc7{s=IDLE rs=BLOCKING os=OPEN is=IDLE awp=false se=false i=true al=0},r=0,c=false/false,a=IDLE,uri=null,age=0}:runFillable:BLOCKING startThread=0
03:43:12.519 [qtp399373008-62] DEBUG org.eclipse.jetty.util.thread.QueuedThreadPool - run CEP:SocketChannelEndPoint@7613fbb1{l=/127.0.0.1:44051,r=/127.0.0.1:33232,OPEN,fill=FI,flush=-,to=2/30000}{io=1/0,kio=1,kro=1}->SslConnection@7c73f61b{NOT_HANDSHAKING,eio=-1/-1,di=-1,fill=INTERESTED,flush=IDLE}~>DecryptedEndPoint@81a3ece{l=/127.0.0.1:44051,r=/127.0.0.1:33232,OPEN,fill=FI,flush=-,to=2/30000}=>HttpConnection@28d7ca94[p=HttpParser{s=START,0 of -1},g=HttpGenerator@25465b15{s=START}]=>HttpChannelOverHttp@39e90138{s=HttpChannelState@50ceabc7{s=IDLE rs=BLOCKING os=OPEN is=IDLE awp=false se=false i=true al=0},r=0,c=false/false,a=IDLE,uri=null,age=0}:runFillable:BLOCKING in QueuedThreadPool[qtp399373008]@17cdf2d0{STARTED,8<=8<=200,i=1,r=-1,q=0}[ReservedThreadExecutor@424fd310{reserved=1/8,pending=0}]
03:43:12.519 [qtp399373008-56] DEBUG org.eclipse.jetty.io.ManagedSelector - updateable 0
03:43:12.520 [qtp399373008-56] DEBUG org.eclipse.jetty.io.ManagedSelector - updates 0
03:43:12.520 [qtp399373008-62] DEBUG org.eclipse.jetty.io.FillInterest - fillable FillInterest@5d88c308{SSLC.NBReadCB@7c73f61b{SslConnection@7c73f61b::SocketChannelEndPoint@7613fbb1{l=/127.0.0.1:44051,r=/127.0.0.1:33232,OPEN,fill=FI,flush=-,to=2/30000}{io=1/0,kio=1,kro=1}->SslConnection@7c73f61b{NOT_HANDSHAKING,eio=-1/-1,di=-1,fill=INTERESTED,flush=IDLE}~>DecryptedEndPoint@81a3ece{l=/127.0.0.1:44051,r=/127.0.0.1:33232,OPEN,fill=FI,flush=-,to=2/30000}=>HttpConnection@28d7ca94[p=HttpParser{s=START,0 of -1},g=HttpGenerator@25465b15{s=START}]=>HttpChannelOverHttp@39e90138{s=HttpChannelState@50ceabc7{s=IDLE rs=BLOCKING os=OPEN is=IDLE awp=false se=false i=true al=0},r=0,c=false/false,a=IDLE,uri=null,age=0}}}
03:43:12.520 [qtp399373008-56] DEBUG org.eclipse.jetty.io.ChannelEndPoint - Key interests updated 1 -> 0 on SocketChannelEndPoint@7613fbb1{l=/127.0.0.1:44051,r=/127.0.0.1:33232,OPEN,fill=FI,flush=-,to=2/30000}{io=0/0,kio=0,kro=1}->SslConnection@7c73f61b{NOT_HANDSHAKING,eio=-1/-1,di=-1,fill=INTERESTED,flush=IDLE}~>DecryptedEndPoint@81a3ece{l=/127.0.0.1:44051,r=/127.0.0.1:33232,OPEN,fill=FI,flush=-,to=2/30000}=>HttpConnection@28d7ca94[p=HttpParser{s=START,0 of -1},g=HttpGenerator@25465b15{s=START}]=>HttpChannelOverHttp@39e90138{s=HttpChannelState@50ceabc7{s=IDLE rs=BLOCKING os=OPEN is=IDLE awp=false se=false i=true al=0},r=0,c=false/false,a=IDLE,uri=null,age=0}
03:43:12.520 [qtp399373008-62] DEBUG org.eclipse.jetty.io.ssl.SslConnection - >c.onFillable SslConnection@7c73f61b::SocketChannelEndPoint@7613fbb1{l=/127.0.0.1:44051,r=/127.0.0.1:33232,OPEN,fill=-,flush=-,to=2/30000}{io=0/0,kio=0,kro=1}->SslConnection@7c73f61b{NOT_HANDSHAKING,eio=-1/-1,di=-1,fill=INTERESTED,flush=IDLE}~>DecryptedEndPoint@81a3ece{l=/127.0.0.1:44051,r=/127.0.0.1:33232,OPEN,fill=FI,flush=-,to=2/30000}=>HttpConnection@28d7ca94[p=HttpParser{s=START,0 of -1},g=HttpGenerator@25465b15{s=START}]=>HttpChannelOverHttp@39e90138{s=HttpChannelState@50ceabc7{s=IDLE rs=BLOCKING os=OPEN is=IDLE awp=false se=false i=true al=0},r=0,c=false/false,a=IDLE,uri=null,age=0}
03:43:12.520 [qtp399373008-56] DEBUG org.eclipse.jetty.io.ManagedSelector - Selector sun.nio.ch.EPollSelectorImpl@62ef7cb1 waiting with 1 keys
03:43:12.520 [qtp399373008-62] DEBUG org.eclipse.jetty.io.ssl.SslConnection - onFillable SslConnection@7c73f61b::SocketChannelEndPoint@7613fbb1{l=/127.0.0.1:44051,r=/127.0.0.1:33232,OPEN,fill=-,flush=-,to=2/30000}{io=0/0,kio=0,kro=1}->SslConnection@7c73f61b{NOT_HANDSHAKING,eio=-1/-1,di=-1,fill=INTERESTED,flush=IDLE}~>DecryptedEndPoint@81a3ece{l=/127.0.0.1:44051,r=/127.0.0.1:33232,OPEN,fill=FI,flush=-,to=3/30000}=>HttpConnection@28d7ca94[p=HttpParser{s=START,0 of -1},g=HttpGenerator@25465b15{s=START}]=>HttpChannelOverHttp@39e90138{s=HttpChannelState@50ceabc7{s=IDLE rs=BLOCKING os=OPEN is=IDLE awp=false se=false i=true al=0},r=0,c=false/false,a=IDLE,uri=null,age=0}
03:43:12.520 [qtp399373008-62] DEBUG org.eclipse.jetty.io.FillInterest - fillable FillInterest@33d3a643{AC.ReadCB@28d7ca94{HttpConnection@28d7ca94::DecryptedEndPoint@81a3ece{l=/127.0.0.1:44051,r=/127.0.0.1:33232,OPEN,fill=FI,flush=-,to=3/30000}}}
03:43:12.520 [qtp399373008-62] DEBUG org.eclipse.jetty.server.HttpConnection - HttpConnection@28d7ca94::DecryptedEndPoint@81a3ece{l=/127.0.0.1:44051,r=/127.0.0.1:33232,OPEN,fill=-,flush=-,to=3/30000} onFillable enter HttpChannelState@50ceabc7{s=IDLE rs=BLOCKING os=OPEN is=IDLE awp=false se=false i=true al=0} null
03:43:12.520 [qtp399373008-62] DEBUG org.eclipse.jetty.io.ssl.SslConnection - >fill SslConnection@7c73f61b::SocketChannelEndPoint@7613fbb1{l=/127.0.0.1:44051,r=/127.0.0.1:33232,OPEN,fill=-,flush=-,to=2/30000}{io=0/0,kio=0,kro=1}->SslConnection@7c73f61b{NOT_HANDSHAKING,eio=-1/-1,di=-1,fill=IDLE,flush=IDLE}~>DecryptedEndPoint@81a3ece{l=/127.0.0.1:44051,r=/127.0.0.1:33232,OPEN,fill=-,flush=-,to=3/30000}=>HttpConnection@28d7ca94[p=HttpParser{s=START,0 of -1},g=HttpGenerator@25465b15{s=START}]=>HttpChannelOverHttp@39e90138{s=HttpChannelState@50ceabc7{s=IDLE rs=BLOCKING os=OPEN is=IDLE awp=false se=false i=true al=0},r=0,c=false/false,a=IDLE,uri=null,age=0}
03:43:12.520 [qtp399373008-62] DEBUG org.eclipse.jetty.io.ssl.SslConnection - fill NOT_HANDSHAKING
03:43:12.521 [qtp399373008-62] DEBUG org.eclipse.jetty.io.ChannelEndPoint - filled 339 HeapByteBuffer@78682cd8[p=0,l=339,c=17408,r=339]={<<<\x16\x03\x03\x01N\x01\x00\x01J\x03\x03\xC7\xD5S\x9aClm\xFfR\x0f\xA3g\x0eD...\x08c\xCb@\xDb\xA52\xFd\xCc\xDf\xAdO\xDaM\x17\x10\x0f\x1d\xFf\x01\x00\x01\x00>>>\x00\x00\x00\x00\x00\x00\x00\x00\x00...\x00\x00\x00\x00\x00\x00\x00}
03:43:12.521 [qtp399373008-62] DEBUG org.eclipse.jetty.io.ssl.SslConnection - net filled=339
03:43:12.521 [qtp399373008-62] DEBUG org.eclipse.jetty.io.ssl.SslConnection - fill starting handshake SslConnection@7c73f61b::SocketChannelEndPoint@7613fbb1{l=/127.0.0.1:44051,r=/127.0.0.1:33232,OPEN,fill=-,flush=-,to=0/30000}{io=0/0,kio=0,kro=1}->SslConnection@7c73f61b{NOT_HANDSHAKING,eio=339/-1,di=-1,fill=IDLE,flush=IDLE}~>DecryptedEndPoint@81a3ece{l=/127.0.0.1:44051,r=/127.0.0.1:33232,OPEN,fill=-,flush=-,to=3/30000}=>HttpConnection@28d7ca94[p=HttpParser{s=START,0 of -1},g=HttpGenerator@25465b15{s=START}]=>HttpChannelOverHttp@39e90138{s=HttpChannelState@50ceabc7{s=IDLE rs=BLOCKING os=OPEN is=IDLE awp=false se=false i=true al=0},r=0,c=false/false,a=IDLE,uri=null,age=0}
03:43:12.521 [qtp399373008-62] DEBUG org.eclipse.jetty.io.ssl.SslConnection - unwrap net_filled=339 Status = OK HandshakeStatus = NEED_TASK bytesConsumed = 339 bytesProduced = 0 encryptedBuffer=[p=339,l=339,c=17408,r=0] unwrapBuffer=HeapByteBuffer@76afdda5[p=0,l=0,c=17408,r=0]={<<<>>>\x00\x00\x00\x00\x00\x00\x00\x00\x00...\x00\x00\x00\x00\x00\x00\x00} appBuffer=HeapByteBuffer@76afdda5[p=0,l=0,c=17408,r=0]={<<<>>>\x00\x00\x00\x00\x00\x00\x00\x00\x00...\x00\x00\x00\x00\x00\x00\x00}
03:43:12.521 [qtp399373008-62] DEBUG org.eclipse.jetty.io.ssl.SslConnection - fill NEED_TASK
03:43:12.539 [qtp399373008-62] DEBUG org.eclipse.jetty.io.ssl.SslConnection - fill NEED_WRAP
03:43:12.539 [qtp399373008-62] DEBUG org.eclipse.jetty.io.ssl.SslConnection - >flush SslConnection@7c73f61b::SocketChannelEndPoint@7613fbb1{l=/127.0.0.1:44051,r=/127.0.0.1:33232,OPEN,fill=-,flush=-,to=18/30000}{io=0/0,kio=0,kro=1}->SslConnection@7c73f61b{NEED_WRAP,eio=0/-1,di=-1,fill=IDLE,flush=IDLE}~>DecryptedEndPoint@81a3ece{l=/127.0.0.1:44051,r=/127.0.0.1:33232,OPEN,fill=-,flush=-,to=22/30000}=>HttpConnection@28d7ca94[p=HttpParser{s=START,0 of -1},g=HttpGenerator@25465b15{s=START}]=>HttpChannelOverHttp@39e90138{s=HttpChannelState@50ceabc7{s=IDLE rs=BLOCKING os=OPEN is=IDLE awp=false se=false i=true al=0},r=0,c=false/false,a=IDLE,uri=null,age=0}
03:43:12.539 [qtp399373008-62] DEBUG org.eclipse.jetty.io.ssl.SslConnection - flush b[0]=HeapByteBuffer@1ad43aa3[p=0,l=0,c=0,r=0]={<<<>>>}
03:43:12.539 [qtp399373008-62] DEBUG org.eclipse.jetty.io.ssl.SslConnection - flush NEED_WRAP
03:43:12.539 [qtp399373008-62] DEBUG org.eclipse.jetty.io.ssl.SslConnection - wrap Status = OK HandshakeStatus = NEED_WRAP bytesConsumed = 0 bytesProduced = 160 [p=0,l=160,c=17408,r=160] ioDone=false/false
03:43:12.539 [qtp399373008-62] DEBUG org.eclipse.jetty.io.ChannelEndPoint - flushed 160 SocketChannelEndPoint@7613fbb1{l=/127.0.0.1:44051,r=/127.0.0.1:33232,OPEN,fill=-,flush=-,to=18/30000}{io=0/0,kio=0,kro=1}->SslConnection@7c73f61b{NEED_WRAP,eio=0/0,di=-1,fill=IDLE,flush=IDLE}~>DecryptedEndPoint@81a3ece{l=/127.0.0.1:44051,r=/127.0.0.1:33232,OPEN,fill=-,flush=-,to=22/30000}=>HttpConnection@28d7ca94[p=HttpParser{s=START,0 of -1},g=HttpGenerator@25465b15{s=START}]=>HttpChannelOverHttp@39e90138{s=HttpChannelState@50ceabc7{s=IDLE rs=BLOCKING os=OPEN is=IDLE awp=false se=false i=true al=0},r=0,c=false/false,a=IDLE,uri=null,age=0}
03:43:12.540 [qtp399373008-62] DEBUG org.eclipse.jetty.io.ssl.SslConnection - net flushed=true, ac=true
03:43:12.540 [qtp399373008-62] DEBUG org.eclipse.jetty.io.ssl.SslConnection - flush NEED_WRAP
03:43:12.540 [qtp399373008-62] DEBUG org.eclipse.jetty.io.ssl.SslConnection - wrap Status = OK HandshakeStatus = NEED_WRAP bytesConsumed = 0 bytesProduced = 6 [p=0,l=6,c=17408,r=6] ioDone=false/false
03:43:12.540 [qtp399373008-62] DEBUG org.eclipse.jetty.io.ChannelEndPoint - flushed 6 SocketChannelEndPoint@7613fbb1{l=/127.0.0.1:44051,r=/127.0.0.1:33232,OPEN,fill=-,flush=-,to=0/30000}{io=0/0,kio=0,kro=1}->SslConnection@7c73f61b{NEED_WRAP,eio=0/0,di=-1,fill=IDLE,flush=IDLE}~>DecryptedEndPoint@81a3ece{l=/127.0.0.1:44051,r=/127.0.0.1:33232,OPEN,fill=-,flush=-,to=22/30000}=>HttpConnection@28d7ca94[p=HttpParser{s=START,0 of -1},g=HttpGenerator@25465b15{s=START}]=>HttpChannelOverHttp@39e90138{s=HttpChannelState@50ceabc7{s=IDLE rs=BLOCKING os=OPEN is=IDLE awp=false se=false i=true al=0},r=0,c=false/false,a=IDLE,uri=null,age=0}
03:43:12.540 [qtp399373008-62] DEBUG org.eclipse.jetty.io.ssl.SslConnection - net flushed=true, ac=true
03:43:12.540 [qtp399373008-62] DEBUG org.eclipse.jetty.io.ssl.SslConnection - flush NEED_WRAP
03:43:12.540 [qtp399373008-62] DEBUG org.eclipse.jetty.io.ssl.SslConnection - wrap Status = OK HandshakeStatus = NEED_UNWRAP bytesConsumed = 0 bytesProduced = 1597 [p=0,l=1597,c=17408,r=1597] ioDone=false/false
03:43:12.540 [qtp399373008-62] DEBUG org.eclipse.jetty.io.ChannelEndPoint - flushed 1597 SocketChannelEndPoint@7613fbb1{l=/127.0.0.1:44051,r=/127.0.0.1:33232,OPEN,fill=-,flush=-,to=0/30000}{io=0/0,kio=0,kro=1}->SslConnection@7c73f61b{NEED_UNWRAP,eio=0/0,di=-1,fill=IDLE,flush=IDLE}~>DecryptedEndPoint@81a3ece{l=/127.0.0.1:44051,r=/127.0.0.1:33232,OPEN,fill=-,flush=-,to=23/30000}=>HttpConnection@28d7ca94[p=HttpParser{s=START,0 of -1},g=HttpGenerator@25465b15{s=START}]=>HttpChannelOverHttp@39e90138{s=HttpChannelState@50ceabc7{s=IDLE rs=BLOCKING os=OPEN is=IDLE awp=false se=false i=true al=0},r=0,c=false/false,a=IDLE,uri=null,age=0}
03:43:12.541 [qtp399373008-62] DEBUG org.eclipse.jetty.io.ssl.SslConnection - net flushed=true, ac=true
03:43:12.541 [qtp399373008-62] DEBUG org.eclipse.jetty.io.ssl.SslConnection - <flush true SslConnection@7c73f61b::SocketChannelEndPoint@7613fbb1{l=/127.0.0.1:44051,r=/127.0.0.1:33232,OPEN,fill=-,flush=-,to=0/30000}{io=0/0,kio=0,kro=1}->SslConnection@7c73f61b{NEED_UNWRAP,eio=0/-1,di=-1,fill=IDLE,flush=IDLE}~>DecryptedEndPoint@81a3ece{l=/127.0.0.1:44051,r=/127.0.0.1:33232,OPEN,fill=-,flush=-,to=23/30000}=>HttpConnection@28d7ca94[p=HttpParser{s=START,0 of -1},g=HttpGenerator@25465b15{s=START}]=>HttpChannelOverHttp@39e90138{s=HttpChannelState@50ceabc7{s=IDLE rs=BLOCKING os=OPEN is=IDLE awp=false se=false i=true al=0},r=0,c=false/false,a=IDLE,uri=null,age=0}
03:43:12.541 [qtp399373008-62] DEBUG org.eclipse.jetty.io.ssl.SslConnection - fill NEED_UNWRAP
03:43:12.541 [qtp399373008-62] DEBUG org.eclipse.jetty.io.ChannelEndPoint - filled 0 HeapByteBuffer@78682cd8[p=0,l=0,c=17408,r=0]={<<<>>>\x16\x03\x03\x01N\x01\x00\x01J...\x00\x00\x00\x00\x00\x00\x00}
03:43:12.541 [qtp399373008-62] DEBUG org.eclipse.jetty.io.ssl.SslConnection - net filled=0
03:43:12.541 [qtp399373008-62] DEBUG org.eclipse.jetty.io.ssl.SslConnection - unwrap net_filled=0 Status = BUFFER_UNDERFLOW HandshakeStatus = NEED_UNWRAP bytesConsumed = 0 bytesProduced = 0 encryptedBuffer=[p=0,l=0,c=17408,r=0] unwrapBuffer=HeapByteBuffer@76afdda5[p=0,l=0,c=17408,r=0]={<<<>>>\x00\x00\x00\x00\x00\x00\x00\x00\x00...\x00\x00\x00\x00\x00\x00\x00} appBuffer=HeapByteBuffer@76afdda5[p=0,l=0,c=17408,r=0]={<<<>>>\x00\x00\x00\x00\x00\x00\x00\x00\x00...\x00\x00\x00\x00\x00\x00\x00}
03:43:12.541 [qtp399373008-62] DEBUG org.eclipse.jetty.io.ssl.SslConnection - <fill f=0 uf=true SslConnection@7c73f61b::SocketChannelEndPoint@7613fbb1{l=/127.0.0.1:44051,r=/127.0.0.1:33232,OPEN,fill=-,flush=-,to=0/30000}{io=0/0,kio=0,kro=1}->SslConnection@7c73f61b{NEED_UNWRAP,eio=-1/-1,di=-1,fill=IDLE,flush=IDLE}~>DecryptedEndPoint@81a3ece{l=/127.0.0.1:44051,r=/127.0.0.1:33232,OPEN,fill=-,flush=-,to=24/30000}=>HttpConnection@28d7ca94[p=HttpParser{s=START,0 of -1},g=HttpGenerator@25465b15{s=START}]=>HttpChannelOverHttp@39e90138{s=HttpChannelState@50ceabc7{s=IDLE rs=BLOCKING os=OPEN is=IDLE awp=false se=false i=true al=0},r=0,c=false/false,a=IDLE,uri=null,age=0}
03:43:12.541 [qtp399373008-62] DEBUG org.eclipse.jetty.io.ssl.SslConnection - >fill SslConnection@7c73f61b::SocketChannelEndPoint@7613fbb1{l=/127.0.0.1:44051,r=/127.0.0.1:33232,OPEN,fill=-,flush=-,to=0/30000}{io=0/0,kio=0,kro=1}->SslConnection@7c73f61b{NEED_UNWRAP,eio=-1/-1,di=-1,fill=IDLE,flush=IDLE}~>DecryptedEndPoint@81a3ece{l=/127.0.0.1:44051,r=/127.0.0.1:33232,OPEN,fill=-,flush=-,to=24/30000}=>HttpConnection@28d7ca94[p=HttpParser{s=START,0 of -1},g=HttpGenerator@25465b15{s=START}]=>HttpChannelOverHttp@39e90138{s=HttpChannelState@50ceabc7{s=IDLE rs=BLOCKING os=OPEN is=IDLE awp=false se=false i=true al=0},r=0,c=false/false,a=IDLE,uri=null,age=0}
03:43:12.541 [qtp399373008-62] DEBUG org.eclipse.jetty.io.ssl.SslConnection - fill NEED_UNWRAP
03:43:12.541 [qtp399373008-62] DEBUG org.eclipse.jetty.io.ChannelEndPoint - filled 0 HeapByteBuffer@729047a8[p=0,l=0,c=17408,r=0]={<<<>>>\x17\x03\x03\x068\x80\xF7\xE7\x04...\x00\x00\x00\x00\x00\x00\x00}
03:43:12.541 [qtp399373008-62] DEBUG org.eclipse.jetty.io.ssl.SslConnection - net filled=0
03:43:12.541 [qtp399373008-62] DEBUG org.eclipse.jetty.io.ssl.SslConnection - unwrap net_filled=0 Status = BUFFER_UNDERFLOW HandshakeStatus = NEED_UNWRAP bytesConsumed = 0 bytesProduced = 0 encryptedBuffer=[p=0,l=0,c=17408,r=0] unwrapBuffer=HeapByteBuffer@76afdda5[p=0,l=0,c=17408,r=0]={<<<>>>\x00\x00\x00\x00\x00\x00\x00\x00\x00...\x00\x00\x00\x00\x00\x00\x00} appBuffer=HeapByteBuffer@76afdda5[p=0,l=0,c=17408,r=0]={<<<>>>\x00\x00\x00\x00\x00\x00\x00\x00\x00...\x00\x00\x00\x00\x00\x00\x00}
03:43:12.542 [qtp399373008-62] DEBUG org.eclipse.jetty.io.ssl.SslConnection - <fill f=0 uf=true SslConnection@7c73f61b::SocketChannelEndPoint@7613fbb1{l=/127.0.0.1:44051,r=/127.0.0.1:33232,OPEN,fill=-,flush=-,to=0/30000}{io=0/0,kio=0,kro=1}->SslConnection@7c73f61b{NEED_UNWRAP,eio=-1/-1,di=-1,fill=IDLE,flush=IDLE}~>DecryptedEndPoint@81a3ece{l=/127.0.0.1:44051,r=/127.0.0.1:33232,OPEN,fill=-,flush=-,to=24/30000}=>HttpConnection@28d7ca94[p=HttpParser{s=START,0 of -1},g=HttpGenerator@25465b15{s=START}]=>HttpChannelOverHttp@39e90138{s=HttpChannelState@50ceabc7{s=IDLE rs=BLOCKING os=OPEN is=IDLE awp=false se=false i=true al=0},r=0,c=false/false,a=IDLE,uri=null,age=0}
03:43:12.542 [qtp399373008-62] DEBUG org.eclipse.jetty.server.HttpConnection - HttpConnection@28d7ca94::DecryptedEndPoint@81a3ece{l=/127.0.0.1:44051,r=/127.0.0.1:33232,OPEN,fill=-,flush=-,to=24/30000} filled 0 HeapByteBuffer@76afdda5[p=0,l=0,c=17408,r=0]={<<<>>>\x00\x00\x00\x00\x00\x00\x00\x00\x00...\x00\x00\x00\x00\x00\x00\x00}
03:43:12.542 [qtp399373008-62] DEBUG org.eclipse.jetty.server.HttpConnection - HttpConnection@28d7ca94::DecryptedEndPoint@81a3ece{l=/127.0.0.1:44051,r=/127.0.0.1:33232,OPEN,fill=-,flush=-,to=24/30000} parse HeapByteBuffer@76afdda5[p=0,l=0,c=17408,r=0]={<<<>>>\x00\x00\x00\x00\x00\x00\x00\x00\x00...\x00\x00\x00\x00\x00\x00\x00} {}
03:43:12.542 [qtp399373008-62] DEBUG org.eclipse.jetty.http.HttpParser - parseNext s=START HeapByteBuffer@76afdda5[p=0,l=0,c=17408,r=0]={<<<>>>\x00\x00\x00\x00\x00\x00\x00\x00\x00...\x00\x00\x00\x00\x00\x00\x00}
03:43:12.542 [qtp399373008-62] DEBUG org.eclipse.jetty.server.HttpConnection - HttpConnection@28d7ca94::DecryptedEndPoint@81a3ece{l=/127.0.0.1:44051,r=/127.0.0.1:33232,OPEN,fill=-,flush=-,to=24/30000} parsed false HttpParser{s=START,0 of -1}
03:43:12.542 [qtp399373008-62] DEBUG org.eclipse.jetty.server.HttpConnection - releaseRequestBuffer HttpConnection@28d7ca94::DecryptedEndPoint@81a3ece{l=/127.0.0.1:44051,r=/127.0.0.1:33232,OPEN,fill=-,flush=-,to=24/30000}
03:43:12.542 [qtp399373008-62] DEBUG org.eclipse.jetty.io.AbstractConnection - fillInterested HttpConnection@28d7ca94::DecryptedEndPoint@81a3ece{l=/127.0.0.1:44051,r=/127.0.0.1:33232,OPEN,fill=-,flush=-,to=25/30000}
03:43:12.542 [qtp399373008-62] DEBUG org.eclipse.jetty.io.FillInterest - interested FillInterest@33d3a643{AC.ReadCB@28d7ca94{HttpConnection@28d7ca94::DecryptedEndPoint@81a3ece{l=/127.0.0.1:44051,r=/127.0.0.1:33232,OPEN,fill=FI,flush=-,to=0/30000}}}
03:43:12.542 [qtp399373008-62] DEBUG org.eclipse.jetty.io.ssl.SslConnection - >needFillInterest s=IDLE/IDLE uf=true ei=null di=null SslConnection@7c73f61b::SocketChannelEndPoint@7613fbb1{l=/127.0.0.1:44051,r=/127.0.0.1:33232,OPEN,fill=-,flush=-,to=1/30000}{io=0/0,kio=0,kro=1}->SslConnection@7c73f61b{NEED_UNWRAP,eio=-1/-1,di=-1,fill=IDLE,flush=IDLE}~>DecryptedEndPoint@81a3ece{l=/127.0.0.1:44051,r=/127.0.0.1:33232,OPEN,fill=FI,flush=-,to=0/30000}=>HttpConnection@28d7ca94[p=HttpParser{s=START,0 of -1},g=HttpGenerator@25465b15{s=START}]=>HttpChannelOverHttp@39e90138{s=HttpChannelState@50ceabc7{s=IDLE rs=BLOCKING os=OPEN is=IDLE awp=false se=false i=true al=0},r=0,c=false/false,a=IDLE,uri=null,age=0}
03:43:12.542 [qtp399373008-62] DEBUG org.eclipse.jetty.io.ssl.SslConnection - <needFillInterest s=IDLE/INTERESTED f=false i=true w=null
03:43:12.542 [qtp399373008-62] DEBUG org.eclipse.jetty.io.ssl.SslConnection - ensureFillInterested SslConnection@7c73f61b::SocketChannelEndPoint@7613fbb1{l=/127.0.0.1:44051,r=/127.0.0.1:33232,OPEN,fill=-,flush=-,to=1/30000}{io=0/0,kio=0,kro=1}->SslConnection@7c73f61b{NEED_UNWRAP,eio=-1/-1,di=-1,fill=INTERESTED,flush=IDLE}~>DecryptedEndPoint@81a3ece{l=/127.0.0.1:44051,r=/127.0.0.1:33232,OPEN,fill=FI,flush=-,to=0/30000}=>HttpConnection@28d7ca94[p=HttpParser{s=START,0 of -1},g=HttpGenerator@25465b15{s=START}]=>HttpChannelOverHttp@39e90138{s=HttpChannelState@50ceabc7{s=IDLE rs=BLOCKING os=OPEN is=IDLE awp=false se=false i=true al=0},r=0,c=false/false,a=IDLE,uri=null,age=0}
03:43:12.542 [qtp399373008-62] DEBUG org.eclipse.jetty.io.FillInterest - interested FillInterest@5d88c308{SSLC.NBReadCB@7c73f61b{SslConnection@7c73f61b::SocketChannelEndPoint@7613fbb1{l=/127.0.0.1:44051,r=/127.0.0.1:33232,OPEN,fill=FI,flush=-,to=0/30000}{io=0/0,kio=0,kro=1}->SslConnection@7c73f61b{NEED_UNWRAP,eio=-1/-1,di=-1,fill=INTERESTED,flush=IDLE}~>DecryptedEndPoint@81a3ece{l=/127.0.0.1:44051,r=/127.0.0.1:33232,OPEN,fill=FI,flush=-,to=0/30000}=>HttpConnection@28d7ca94[p=HttpParser{s=START,0 of -1},g=HttpGenerator@25465b15{s=START}]=>HttpChannelOverHttp@39e90138{s=HttpChannelState@50ceabc7{s=IDLE rs=BLOCKING os=OPEN is=IDLE awp=false se=false i=true al=0},r=0,c=false/false,a=IDLE,uri=null,age=0}}}
03:43:12.543 [qtp399373008-62] DEBUG org.eclipse.jetty.io.ChannelEndPoint - changeInterests p=false 0->1 for SocketChannelEndPoint@7613fbb1{l=/127.0.0.1:44051,r=/127.0.0.1:33232,OPEN,fill=FI,flush=-,to=0/30000}{io=0/1,kio=0,kro=1}->SslConnection@7c73f61b{NEED_UNWRAP,eio=-1/-1,di=-1,fill=INTERESTED,flush=IDLE}~>DecryptedEndPoint@81a3ece{l=/127.0.0.1:44051,r=/127.0.0.1:33232,OPEN,fill=FI,flush=-,to=0/30000}=>HttpConnection@28d7ca94[p=HttpParser{s=START,0 of -1},g=HttpGenerator@25465b15{s=START}]=>HttpChannelOverHttp@39e90138{s=HttpChannelState@50ceabc7{s=IDLE rs=BLOCKING os=OPEN is=IDLE awp=false se=false i=true al=0},r=0,c=false/false,a=IDLE,uri=null,age=0}
03:43:12.543 [qtp399373008-62] DEBUG org.eclipse.jetty.io.ManagedSelector - Queued change lazy=false org.eclipse.jetty.io.ChannelEndPoint$$Lambda$255/90666987@3ea8358c on ManagedSelector@5733f295{STARTED} id=1 keys=1 selected=0 updates=0
03:43:12.543 [qtp399373008-62] DEBUG org.eclipse.jetty.io.ManagedSelector - Wakeup on submit ManagedSelector@5733f295{STARTED} id=1 keys=1 selected=0 updates=1
03:43:12.543 [qtp399373008-62] DEBUG org.eclipse.jetty.server.HttpConnection - HttpConnection@28d7ca94::DecryptedEndPoint@81a3ece{l=/127.0.0.1:44051,r=/127.0.0.1:33232,OPEN,fill=FI,flush=-,to=0/30000} onFillable exit HttpChannelState@50ceabc7{s=IDLE rs=BLOCKING os=OPEN is=IDLE awp=false se=false i=true al=0} null
03:43:12.543 [qtp399373008-56] DEBUG org.eclipse.jetty.io.ManagedSelector - Selector sun.nio.ch.EPollSelectorImpl@62ef7cb1 woken with none selected
03:43:12.543 [qtp399373008-56] DEBUG org.eclipse.jetty.io.ManagedSelector - Selector sun.nio.ch.EPollSelectorImpl@62ef7cb1 woken up from select, 0/0/1 selected
03:43:12.543 [qtp399373008-56] DEBUG org.eclipse.jetty.io.ManagedSelector - Selector sun.nio.ch.EPollSelectorImpl@62ef7cb1 processing 0 keys, 1 updates
03:43:12.543 [qtp399373008-62] DEBUG org.eclipse.jetty.io.ssl.SslConnection - <c.onFillable SslConnection@7c73f61b::SocketChannelEndPoint@7613fbb1{l=/127.0.0.1:44051,r=/127.0.0.1:33232,OPEN,fill=FI,flush=-,to=0/30000}{io=0/1,kio=0,kro=1}->SslConnection@7c73f61b{NEED_UNWRAP,eio=-1/-1,di=-1,fill=INTERESTED,flush=IDLE}~>DecryptedEndPoint@81a3ece{l=/127.0.0.1:44051,r=/127.0.0.1:33232,OPEN,fill=FI,flush=-,to=0/30000}=>HttpConnection@28d7ca94[p=HttpParser{s=START,0 of -1},g=HttpGenerator@25465b15{s=START}]=>HttpChannelOverHttp@39e90138{s=HttpChannelState@50ceabc7{s=IDLE rs=BLOCKING os=OPEN is=IDLE awp=false se=false i=true al=0},r=0,c=false/false,a=IDLE,uri=null,age=0}
03:43:12.543 [qtp399373008-62] DEBUG org.eclipse.jetty.util.thread.QueuedThreadPool - ran CEP:SocketChannelEndPoint@7613fbb1{l=/127.0.0.1:44051,r=/127.0.0.1:33232,OPEN,fill=FI,flush=-,to=0/30000}{io=0/1,kio=0,kro=1}->SslConnection@7c73f61b{NEED_UNWRAP,eio=-1/-1,di=-1,fill=INTERESTED,flush=IDLE}~>DecryptedEndPoint@81a3ece{l=/127.0.0.1:44051,r=/127.0.0.1:33232,OPEN,fill=FI,flush=-,to=1/30000}=>HttpConnection@28d7ca94[p=HttpParser{s=START,0 of -1},g=HttpGenerator@25465b15{s=START}]=>HttpChannelOverHttp@39e90138{s=HttpChannelState@50ceabc7{s=IDLE rs=BLOCKING os=OPEN is=IDLE awp=false se=false i=true al=0},r=0,c=false/false,a=IDLE,uri=null,age=0}:runFillable:BLOCKING in QueuedThreadPool[qtp399373008]@17cdf2d0{STARTED,8<=8<=200,i=1,r=-1,q=0}[ReservedThreadExecutor@424fd310{reserved=1/8,pending=0}]
03:43:12.543 [qtp399373008-56] DEBUG org.eclipse.jetty.io.ManagedSelector - updateable 1
03:43:12.543 [qtp399373008-56] DEBUG org.eclipse.jetty.io.ManagedSelector - update org.eclipse.jetty.io.ChannelEndPoint$$Lambda$255/90666987@3ea8358c
03:43:12.544 [qtp399373008-56] DEBUG org.eclipse.jetty.io.ChannelEndPoint - Key interests updated 0 -> 1 on SocketChannelEndPoint@7613fbb1{l=/127.0.0.1:44051,r=/127.0.0.1:33232,OPEN,fill=FI,flush=-,to=0/30000}{io=1/1,kio=1,kro=1}->SslConnection@7c73f61b{NEED_UNWRAP,eio=-1/-1,di=-1,fill=INTERESTED,flush=IDLE}~>DecryptedEndPoint@81a3ece{l=/127.0.0.1:44051,r=/127.0.0.1:33232,OPEN,fill=FI,flush=-,to=1/30000}=>HttpConnection@28d7ca94[p=HttpParser{s=START,0 of -1},g=HttpGenerator@25465b15{s=START}]=>HttpChannelOverHttp@39e90138{s=HttpChannelState@50ceabc7{s=IDLE rs=BLOCKING os=OPEN is=IDLE awp=false se=false i=true al=0},r=0,c=false/false,a=IDLE,uri=null,age=0}
03:43:12.544 [qtp399373008-56] DEBUG org.eclipse.jetty.io.ManagedSelector - updates 0
03:43:12.544 [qtp399373008-56] DEBUG org.eclipse.jetty.io.ManagedSelector - Selector sun.nio.ch.EPollSelectorImpl@62ef7cb1 waiting with 1 keys
03:43:12.544 [qtp399373008-56] DEBUG org.eclipse.jetty.io.ManagedSelector - Selector sun.nio.ch.EPollSelectorImpl@62ef7cb1 woken up from select, 1/1/1 selected
03:43:12.544 [qtp399373008-56] DEBUG org.eclipse.jetty.io.ManagedSelector - Selector sun.nio.ch.EPollSelectorImpl@62ef7cb1 processing 1 keys, 0 updates
03:43:12.544 [qtp399373008-56] DEBUG org.eclipse.jetty.io.ManagedSelector - selected 1 sun.nio.ch.SelectionKeyImpl@6c289e9c SocketChannelEndPoint@7613fbb1{l=/127.0.0.1:44051,r=/127.0.0.1:33232,OPEN,fill=FI,flush=-,to=1/30000}{io=1/1,kio=1,kro=1}->SslConnection@7c73f61b{NEED_UNWRAP,eio=-1/-1,di=-1,fill=INTERESTED,flush=IDLE}~>DecryptedEndPoint@81a3ece{l=/127.0.0.1:44051,r=/127.0.0.1:33232,OPEN,fill=FI,flush=-,to=2/30000}=>HttpConnection@28d7ca94[p=HttpParser{s=START,0 of -1},g=HttpGenerator@25465b15{s=START}]=>HttpChannelOverHttp@39e90138{s=HttpChannelState@50ceabc7{s=IDLE rs=BLOCKING os=OPEN is=IDLE awp=false se=false i=true al=0},r=0,c=false/false,a=IDLE,uri=null,age=0} 
03:43:12.544 [qtp399373008-56] DEBUG org.eclipse.jetty.io.ChannelEndPoint - onSelected 1->0 r=true w=false for SocketChannelEndPoint@7613fbb1{l=/127.0.0.1:44051,r=/127.0.0.1:33232,OPEN,fill=FI,flush=-,to=1/30000}{io=1/0,kio=1,kro=1}->SslConnection@7c73f61b{NEED_UNWRAP,eio=-1/-1,di=-1,fill=INTERESTED,flush=IDLE}~>DecryptedEndPoint@81a3ece{l=/127.0.0.1:44051,r=/127.0.0.1:33232,OPEN,fill=FI,flush=-,to=2/30000}=>HttpConnection@28d7ca94[p=HttpParser{s=START,0 of -1},g=HttpGenerator@25465b15{s=START}]=>HttpChannelOverHttp@39e90138{s=HttpChannelState@50ceabc7{s=IDLE rs=BLOCKING os=OPEN is=IDLE awp=false se=false i=true al=0},r=0,c=false/false,a=IDLE,uri=null,age=0}
03:43:12.544 [qtp399373008-56] DEBUG org.eclipse.jetty.io.ChannelEndPoint - task CEP:SocketChannelEndPoint@7613fbb1{l=/127.0.0.1:44051,r=/127.0.0.1:33232,OPEN,fill=FI,flush=-,to=1/30000}{io=1/0,kio=1,kro=1}->SslConnection@7c73f61b{NEED_UNWRAP,eio=-1/-1,di=-1,fill=INTERESTED,flush=IDLE}~>DecryptedEndPoint@81a3ece{l=/127.0.0.1:44051,r=/127.0.0.1:33232,OPEN,fill=FI,flush=-,to=2/30000}=>HttpConnection@28d7ca94[p=HttpParser{s=START,0 of -1},g=HttpGenerator@25465b15{s=START}]=>HttpChannelOverHttp@39e90138{s=HttpChannelState@50ceabc7{s=IDLE rs=BLOCKING os=OPEN is=IDLE awp=false se=false i=true al=0},r=0,c=false/false,a=IDLE,uri=null,age=0}:runFillable:BLOCKING
03:43:12.544 [qtp399373008-56] DEBUG org.eclipse.jetty.util.thread.ReservedThreadExecutor - ReservedThreadExecutor@424fd310{reserved=1/8,pending=0} tryExecute EatWhatYouKill@b7838a9/SelectorProducer@696f0212/PRODUCING/p=false/QueuedThreadPool[qtp399373008]@17cdf2d0{STARTED,8<=8<=200,i=2,r=-1,q=0}[ReservedThreadExecutor@424fd310{reserved=1/8,pending=0}][pc=0,pic=0,pec=1,epc=0]@2024-05-02T03:43:12.544+01:00
03:43:12.544 [qtp399373008-56] DEBUG org.eclipse.jetty.util.thread.ReservedThreadExecutor - ReservedThreadExecutor@424fd310{reserved=0/8,pending=1} startReservedThread p=1
03:43:12.545 [qtp399373008-56] DEBUG org.eclipse.jetty.util.thread.QueuedThreadPool - queue ReservedThread@1c72db32{PENDING,thread=null} startThread=0
03:43:12.545 [qtp399373008-60] DEBUG org.eclipse.jetty.util.thread.QueuedThreadPool - run ReservedThread@1c72db32{PENDING,thread=null} in QueuedThreadPool[qtp399373008]@17cdf2d0{STARTED,8<=8<=200,i=1,r=-1,q=0}[ReservedThreadExecutor@424fd310{reserved=0/8,pending=1}]
03:43:12.545 [qtp399373008-60] DEBUG org.eclipse.jetty.util.thread.ReservedThreadExecutor - ReservedThread@1c72db32{PENDING,thread=Thread[qtp399373008-60,5,main]} was=PENDING next=RESERVED size=0+1 capacity=8
03:43:12.545 [qtp399373008-60] DEBUG org.eclipse.jetty.util.thread.ReservedThreadExecutor - ReservedThread@1c72db32{RESERVED,thread=Thread[qtp399373008-60,5,main]} waiting ReservedThreadExecutor@424fd310{reserved=1/8,pending=0}
03:43:12.545 [qtp399373008-61] DEBUG org.eclipse.jetty.util.thread.ReservedThreadExecutor - ReservedThread@681717c1{RESERVED,thread=Thread[qtp399373008-61,5,main]} task=EatWhatYouKill@b7838a9/SelectorProducer@696f0212/IDLE/p=true/QueuedThreadPool[qtp399373008]@17cdf2d0{STARTED,8<=8<=200,i=1,r=-1,q=0}[ReservedThreadExecutor@424fd310{reserved=1/8,pending=0}][pc=0,pic=0,pec=1,epc=0]@2024-05-02T03:43:12.545+01:00 ReservedThreadExecutor@424fd310{reserved=1/8,pending=0}
03:43:12.545 [qtp399373008-56] DEBUG org.eclipse.jetty.util.thread.strategy.EatWhatYouKill - EatWhatYouKill@b7838a9/SelectorProducer@696f0212/IDLE/p=true/QueuedThreadPool[qtp399373008]@17cdf2d0{STARTED,8<=8<=200,i=1,r=-1,q=0}[ReservedThreadExecutor@424fd310{reserved=1/8,pending=0}][pc=0,pic=0,pec=1,epc=0]@2024-05-02T03:43:12.545+01:00 m=EXECUTE_PRODUCE_CONSUME t=CEP:SocketChannelEndPoint@7613fbb1{l=/127.0.0.1:44051,r=/127.0.0.1:33232,OPEN,fill=FI,flush=-,to=2/30000}{io=1/0,kio=1,kro=1}->SslConnection@7c73f61b{NEED_UNWRAP,eio=-1/-1,di=-1,fill=INTERESTED,flush=IDLE}~>DecryptedEndPoint@81a3ece{l=/127.0.0.1:44051,r=/127.0.0.1:33232,OPEN,fill=FI,flush=-,to=2/30000}=>HttpConnection@28d7ca94[p=HttpParser{s=START,0 of -1},g=HttpGenerator@25465b15{s=START}]=>HttpChannelOverHttp@39e90138{s=HttpChannelState@50ceabc7{s=IDLE rs=BLOCKING os=OPEN is=IDLE awp=false se=false i=true al=0},r=0,c=false/false,a=IDLE,uri=null,age=0}:runFillable:BLOCKING/BLOCKING
03:43:12.545 [qtp399373008-61] DEBUG org.eclipse.jetty.util.thread.strategy.EatWhatYouKill - EatWhatYouKill@b7838a9/SelectorProducer@696f0212/IDLE/p=true/QueuedThreadPool[qtp399373008]@17cdf2d0{STARTED,8<=8<=200,i=1,r=-1,q=0}[ReservedThreadExecutor@424fd310{reserved=1/8,pending=0}][pc=0,pic=0,pec=1,epc=0]@2024-05-02T03:43:12.545+01:00 tryProduce true
03:43:12.545 [qtp399373008-61] DEBUG org.eclipse.jetty.io.ManagedSelector - updateable 0
03:43:12.545 [qtp399373008-61] DEBUG org.eclipse.jetty.io.ManagedSelector - updates 0
03:43:12.545 [qtp399373008-56] DEBUG org.eclipse.jetty.io.FillInterest - fillable FillInterest@5d88c308{SSLC.NBReadCB@7c73f61b{SslConnection@7c73f61b::SocketChannelEndPoint@7613fbb1{l=/127.0.0.1:44051,r=/127.0.0.1:33232,OPEN,fill=FI,flush=-,to=2/30000}{io=1/0,kio=1,kro=1}->SslConnection@7c73f61b{NEED_UNWRAP,eio=-1/-1,di=-1,fill=INTERESTED,flush=IDLE}~>DecryptedEndPoint@81a3ece{l=/127.0.0.1:44051,r=/127.0.0.1:33232,OPEN,fill=FI,flush=-,to=3/30000}=>HttpConnection@28d7ca94[p=HttpParser{s=START,0 of -1},g=HttpGenerator@25465b15{s=START}]=>HttpChannelOverHttp@39e90138{s=HttpChannelState@50ceabc7{s=IDLE rs=BLOCKING os=OPEN is=IDLE awp=false se=false i=true al=0},r=0,c=false/false,a=IDLE,uri=null,age=0}}}
03:43:12.545 [qtp399373008-61] DEBUG org.eclipse.jetty.io.ChannelEndPoint - Key interests updated 1 -> 0 on SocketChannelEndPoint@7613fbb1{l=/127.0.0.1:44051,r=/127.0.0.1:33232,OPEN,fill=FI,flush=-,to=3/30000}{io=0/0,kio=0,kro=1}->SslConnection@7c73f61b{NEED_UNWRAP,eio=-1/-1,di=-1,fill=INTERESTED,flush=IDLE}~>DecryptedEndPoint@81a3ece{l=/127.0.0.1:44051,r=/127.0.0.1:33232,OPEN,fill=FI,flush=-,to=3/30000}=>HttpConnection@28d7ca94[p=HttpParser{s=START,0 of -1},g=HttpGenerator@25465b15{s=START}]=>HttpChannelOverHttp@39e90138{s=HttpChannelState@50ceabc7{s=IDLE rs=BLOCKING os=OPEN is=IDLE awp=false se=false i=true al=0},r=0,c=false/false,a=IDLE,uri=null,age=0}
03:43:12.545 [qtp399373008-61] DEBUG org.eclipse.jetty.io.ManagedSelector - Selector sun.nio.ch.EPollSelectorImpl@62ef7cb1 waiting with 1 keys
03:43:12.546 [qtp399373008-56] DEBUG org.eclipse.jetty.io.ssl.SslConnection - >c.onFillable SslConnection@7c73f61b::SocketChannelEndPoint@7613fbb1{l=/127.0.0.1:44051,r=/127.0.0.1:33232,OPEN,fill=-,flush=-,to=3/30000}{io=0/0,kio=0,kro=1}->SslConnection@7c73f61b{NEED_UNWRAP,eio=-1/-1,di=-1,fill=INTERESTED,flush=IDLE}~>DecryptedEndPoint@81a3ece{l=/127.0.0.1:44051,r=/127.0.0.1:33232,OPEN,fill=FI,flush=-,to=3/30000}=>HttpConnection@28d7ca94[p=HttpParser{s=START,0 of -1},g=HttpGenerator@25465b15{s=START}]=>HttpChannelOverHttp@39e90138{s=HttpChannelState@50ceabc7{s=IDLE rs=BLOCKING os=OPEN is=IDLE awp=false se=false i=true al=0},r=0,c=false/false,a=IDLE,uri=null,age=0}
03:43:12.546 [qtp399373008-56] DEBUG org.eclipse.jetty.io.ssl.SslConnection - onFillable SslConnection@7c73f61b::SocketChannelEndPoint@7613fbb1{l=/127.0.0.1:44051,r=/127.0.0.1:33232,OPEN,fill=-,flush=-,to=3/30000}{io=0/0,kio=0,kro=1}->SslConnection@7c73f61b{NEED_UNWRAP,eio=-1/-1,di=-1,fill=INTERESTED,flush=IDLE}~>DecryptedEndPoint@81a3ece{l=/127.0.0.1:44051,r=/127.0.0.1:33232,OPEN,fill=FI,flush=-,to=4/30000}=>HttpConnection@28d7ca94[p=HttpParser{s=START,0 of -1},g=HttpGenerator@25465b15{s=START}]=>HttpChannelOverHttp@39e90138{s=HttpChannelState@50ceabc7{s=IDLE rs=BLOCKING os=OPEN is=IDLE awp=false se=false i=true al=0},r=0,c=false/false,a=IDLE,uri=null,age=0}
03:43:12.546 [qtp399373008-56] DEBUG org.eclipse.jetty.io.FillInterest - fillable FillInterest@33d3a643{AC.ReadCB@28d7ca94{HttpConnection@28d7ca94::DecryptedEndPoint@81a3ece{l=/127.0.0.1:44051,r=/127.0.0.1:33232,OPEN,fill=FI,flush=-,to=4/30000}}}
03:43:12.546 [qtp399373008-56] DEBUG org.eclipse.jetty.server.HttpConnection - HttpConnection@28d7ca94::DecryptedEndPoint@81a3ece{l=/127.0.0.1:44051,r=/127.0.0.1:33232,OPEN,fill=-,flush=-,to=4/30000} onFillable enter HttpChannelState@50ceabc7{s=IDLE rs=BLOCKING os=OPEN is=IDLE awp=false se=false i=true al=0} null
03:43:12.546 [qtp399373008-56] DEBUG org.eclipse.jetty.io.ssl.SslConnection - >fill SslConnection@7c73f61b::SocketChannelEndPoint@7613fbb1{l=/127.0.0.1:44051,r=/127.0.0.1:33232,OPEN,fill=-,flush=-,to=3/30000}{io=0/0,kio=0,kro=1}->SslConnection@7c73f61b{NEED_UNWRAP,eio=-1/-1,di=-1,fill=IDLE,flush=IDLE}~>DecryptedEndPoint@81a3ece{l=/127.0.0.1:44051,r=/127.0.0.1:33232,OPEN,fill=-,flush=-,to=4/30000}=>HttpConnection@28d7ca94[p=HttpParser{s=START,0 of -1},g=HttpGenerator@25465b15{s=START}]=>HttpChannelOverHttp@39e90138{s=HttpChannelState@50ceabc7{s=IDLE rs=BLOCKING os=OPEN is=IDLE awp=false se=false i=true al=0},r=0,c=false/false,a=IDLE,uri=null,age=0}
03:43:12.546 [qtp399373008-56] DEBUG org.eclipse.jetty.io.ssl.SslConnection - fill NEED_UNWRAP
03:43:12.547 [qtp399373008-56] DEBUG org.eclipse.jetty.io.ChannelEndPoint - filled 6 HeapByteBuffer@729047a8[p=0,l=6,c=17408,r=6]={<<<\x14\x03\x03\x00\x01\x01>>>\xF7\xE7\x04\x95\x1c3#i\xB5...\x00\x00\x00\x00\x00\x00\x00}
03:43:12.547 [qtp399373008-56] DEBUG org.eclipse.jetty.io.ssl.SslConnection - net filled=6
03:43:12.547 [qtp399373008-56] DEBUG org.eclipse.jetty.io.ssl.SslConnection - unwrap net_filled=6 Status = OK HandshakeStatus = NEED_UNWRAP bytesConsumed = 6 bytesProduced = 0 encryptedBuffer=[p=6,l=6,c=17408,r=0] unwrapBuffer=HeapByteBuffer@78682cd8[p=0,l=0,c=17408,r=0]={<<<>>>\x16\x03\x03\x01N\x01\x00\x01J...\x00\x00\x00\x00\x00\x00\x00} appBuffer=HeapByteBuffer@78682cd8[p=0,l=0,c=17408,r=0]={<<<>>>\x16\x03\x03\x01N\x01\x00\x01J...\x00\x00\x00\x00\x00\x00\x00}
03:43:12.547 [qtp399373008-56] DEBUG org.eclipse.jetty.io.ssl.SslConnection - fill NEED_UNWRAP
03:43:12.547 [qtp399373008-56] DEBUG org.eclipse.jetty.io.ChannelEndPoint - filled 0 HeapByteBuffer@729047a8[p=0,l=0,c=17408,r=0]={<<<>>>\x14\x03\x03\x00\x01\x01\xF7\xE7\x04...\x00\x00\x00\x00\x00\x00\x00}
03:43:12.547 [qtp399373008-56] DEBUG org.eclipse.jetty.io.ssl.SslConnection - net filled=0
03:43:12.547 [qtp399373008-56] DEBUG org.eclipse.jetty.io.ssl.SslConnection - unwrap net_filled=0 Status = BUFFER_UNDERFLOW HandshakeStatus = NEED_UNWRAP bytesConsumed = 0 bytesProduced = 0 encryptedBuffer=[p=0,l=0,c=17408,r=0] unwrapBuffer=HeapByteBuffer@78682cd8[p=0,l=0,c=17408,r=0]={<<<>>>\x16\x03\x03\x01N\x01\x00\x01J...\x00\x00\x00\x00\x00\x00\x00} appBuffer=HeapByteBuffer@78682cd8[p=0,l=0,c=17408,r=0]={<<<>>>\x16\x03\x03\x01N\x01\x00\x01J...\x00\x00\x00\x00\x00\x00\x00}
03:43:12.547 [qtp399373008-56] DEBUG org.eclipse.jetty.io.ssl.SslConnection - <fill f=0 uf=true SslConnection@7c73f61b::SocketChannelEndPoint@7613fbb1{l=/127.0.0.1:44051,r=/127.0.0.1:33232,OPEN,fill=-,flush=-,to=0/30000}{io=0/0,kio=0,kro=1}->SslConnection@7c73f61b{NEED_UNWRAP,eio=-1/-1,di=-1,fill=IDLE,flush=IDLE}~>DecryptedEndPoint@81a3ece{l=/127.0.0.1:44051,r=/127.0.0.1:33232,OPEN,fill=-,flush=-,to=5/30000}=>HttpConnection@28d7ca94[p=HttpParser{s=START,0 of -1},g=HttpGenerator@25465b15{s=START}]=>HttpChannelOverHttp@39e90138{s=HttpChannelState@50ceabc7{s=IDLE rs=BLOCKING os=OPEN is=IDLE awp=false se=false i=true al=0},r=0,c=false/false,a=IDLE,uri=null,age=0}
03:43:12.547 [qtp399373008-56] DEBUG org.eclipse.jetty.io.ssl.SslConnection - >fill SslConnection@7c73f61b::SocketChannelEndPoint@7613fbb1{l=/127.0.0.1:44051,r=/127.0.0.1:33232,OPEN,fill=-,flush=-,to=0/30000}{io=0/0,kio=0,kro=1}->SslConnection@7c73f61b{NEED_UNWRAP,eio=-1/-1,di=-1,fill=IDLE,flush=IDLE}~>DecryptedEndPoint@81a3ece{l=/127.0.0.1:44051,r=/127.0.0.1:33232,OPEN,fill=-,flush=-,to=5/30000}=>HttpConnection@28d7ca94[p=HttpParser{s=START,0 of -1},g=HttpGenerator@25465b15{s=START}]=>HttpChannelOverHttp@39e90138{s=HttpChannelState@50ceabc7{s=IDLE rs=BLOCKING os=OPEN is=IDLE awp=false se=false i=true al=0},r=0,c=false/false,a=IDLE,uri=null,age=0}
03:43:12.547 [qtp399373008-56] DEBUG org.eclipse.jetty.io.ssl.SslConnection - fill NEED_UNWRAP
03:43:12.547 [qtp399373008-56] DEBUG org.eclipse.jetty.io.ChannelEndPoint - filled 0 HeapByteBuffer@76afdda5[p=0,l=0,c=17408,r=0]={<<<>>>\x00\x00\x00\x00\x00\x00\x00\x00\x00...\x00\x00\x00\x00\x00\x00\x00}
03:43:12.547 [qtp399373008-56] DEBUG org.eclipse.jetty.io.ssl.SslConnection - net filled=0
03:43:12.548 [qtp399373008-56] DEBUG org.eclipse.jetty.io.ssl.SslConnection - unwrap net_filled=0 Status = BUFFER_UNDERFLOW HandshakeStatus = NEED_UNWRAP bytesConsumed = 0 bytesProduced = 0 encryptedBuffer=[p=0,l=0,c=17408,r=0] unwrapBuffer=HeapByteBuffer@78682cd8[p=0,l=0,c=17408,r=0]={<<<>>>\x16\x03\x03\x01N\x01\x00\x01J...\x00\x00\x00\x00\x00\x00\x00} appBuffer=HeapByteBuffer@78682cd8[p=0,l=0,c=17408,r=0]={<<<>>>\x16\x03\x03\x01N\x01\x00\x01J...\x00\x00\x00\x00\x00\x00\x00}
03:43:12.548 [qtp399373008-56] DEBUG org.eclipse.jetty.io.ssl.SslConnection - <fill f=0 uf=true SslConnection@7c73f61b::SocketChannelEndPoint@7613fbb1{l=/127.0.0.1:44051,r=/127.0.0.1:33232,OPEN,fill=-,flush=-,to=0/30000}{io=0/0,kio=0,kro=1}->SslConnection@7c73f61b{NEED_UNWRAP,eio=-1/-1,di=-1,fill=IDLE,flush=IDLE}~>DecryptedEndPoint@81a3ece{l=/127.0.0.1:44051,r=/127.0.0.1:33232,OPEN,fill=-,flush=-,to=5/30000}=>HttpConnection@28d7ca94[p=HttpParser{s=START,0 of -1},g=HttpGenerator@25465b15{s=START}]=>HttpChannelOverHttp@39e90138{s=HttpChannelState@50ceabc7{s=IDLE rs=BLOCKING os=OPEN is=IDLE awp=false se=false i=true al=0},r=0,c=false/false,a=IDLE,uri=null,age=0}
03:43:12.548 [qtp399373008-56] DEBUG org.eclipse.jetty.server.HttpConnection - HttpConnection@28d7ca94::DecryptedEndPoint@81a3ece{l=/127.0.0.1:44051,r=/127.0.0.1:33232,OPEN,fill=-,flush=-,to=5/30000} filled 0 HeapByteBuffer@78682cd8[p=0,l=0,c=17408,r=0]={<<<>>>\x16\x03\x03\x01N\x01\x00\x01J...\x00\x00\x00\x00\x00\x00\x00}
03:43:12.548 [qtp399373008-56] DEBUG org.eclipse.jetty.server.HttpConnection - HttpConnection@28d7ca94::DecryptedEndPoint@81a3ece{l=/127.0.0.1:44051,r=/127.0.0.1:33232,OPEN,fill=-,flush=-,to=5/30000} parse HeapByteBuffer@78682cd8[p=0,l=0,c=17408,r=0]={<<<>>>\x16\x03\x03\x01N\x01\x00\x01J...\x00\x00\x00\x00\x00\x00\x00} {}
03:43:12.548 [qtp399373008-56] DEBUG org.eclipse.jetty.http.HttpParser - parseNext s=START HeapByteBuffer@78682cd8[p=0,l=0,c=17408,r=0]={<<<>>>\x16\x03\x03\x01N\x01\x00\x01J...\x00\x00\x00\x00\x00\x00\x00}
03:43:12.548 [qtp399373008-56] DEBUG org.eclipse.jetty.server.HttpConnection - HttpConnection@28d7ca94::DecryptedEndPoint@81a3ece{l=/127.0.0.1:44051,r=/127.0.0.1:33232,OPEN,fill=-,flush=-,to=5/30000} parsed false HttpParser{s=START,0 of -1}
03:43:12.548 [qtp399373008-56] DEBUG org.eclipse.jetty.server.HttpConnection - releaseRequestBuffer HttpConnection@28d7ca94::DecryptedEndPoint@81a3ece{l=/127.0.0.1:44051,r=/127.0.0.1:33232,OPEN,fill=-,flush=-,to=6/30000}
03:43:12.548 [qtp399373008-56] DEBUG org.eclipse.jetty.io.AbstractConnection - fillInterested HttpConnection@28d7ca94::DecryptedEndPoint@81a3ece{l=/127.0.0.1:44051,r=/127.0.0.1:33232,OPEN,fill=-,flush=-,to=6/30000}
03:43:12.548 [qtp399373008-56] DEBUG org.eclipse.jetty.io.FillInterest - interested FillInterest@33d3a643{AC.ReadCB@28d7ca94{HttpConnection@28d7ca94::DecryptedEndPoint@81a3ece{l=/127.0.0.1:44051,r=/127.0.0.1:33232,OPEN,fill=FI,flush=-,to=0/30000}}}
03:43:12.548 [qtp399373008-56] DEBUG org.eclipse.jetty.io.ssl.SslConnection - >needFillInterest s=IDLE/IDLE uf=true ei=null di=null SslConnection@7c73f61b::SocketChannelEndPoint@7613fbb1{l=/127.0.0.1:44051,r=/127.0.0.1:33232,OPEN,fill=-,flush=-,to=1/30000}{io=0/0,kio=0,kro=1}->SslConnection@7c73f61b{NEED_UNWRAP,eio=-1/-1,di=-1,fill=IDLE,flush=IDLE}~>DecryptedEndPoint@81a3ece{l=/127.0.0.1:44051,r=/127.0.0.1:33232,OPEN,fill=FI,flush=-,to=0/30000}=>HttpConnection@28d7ca94[p=HttpParser{s=START,0 of -1},g=HttpGenerator@25465b15{s=START}]=>HttpChannelOverHttp@39e90138{s=HttpChannelState@50ceabc7{s=IDLE rs=BLOCKING os=OPEN is=IDLE awp=false se=false i=true al=0},r=0,c=false/false,a=IDLE,uri=null,age=0}
03:43:12.548 [qtp399373008-56] DEBUG org.eclipse.jetty.io.ssl.SslConnection - <needFillInterest s=IDLE/INTERESTED f=false i=true w=null
03:43:12.548 [qtp399373008-56] DEBUG org.eclipse.jetty.io.ssl.SslConnection - ensureFillInterested SslConnection@7c73f61b::SocketChannelEndPoint@7613fbb1{l=/127.0.0.1:44051,r=/127.0.0.1:33232,OPEN,fill=-,flush=-,to=1/30000}{io=0/0,kio=0,kro=1}->SslConnection@7c73f61b{NEED_UNWRAP,eio=-1/-1,di=-1,fill=INTERESTED,flush=IDLE}~>DecryptedEndPoint@81a3ece{l=/127.0.0.1:44051,r=/127.0.0.1:33232,OPEN,fill=FI,flush=-,to=0/30000}=>HttpConnection@28d7ca94[p=HttpParser{s=START,0 of -1},g=HttpGenerator@25465b15{s=START}]=>HttpChannelOverHttp@39e90138{s=HttpChannelState@50ceabc7{s=IDLE rs=BLOCKING os=OPEN is=IDLE awp=false se=false i=true al=0},r=0,c=false/false,a=IDLE,uri=null,age=0}
03:43:12.549 [qtp399373008-56] DEBUG org.eclipse.jetty.io.FillInterest - interested FillInterest@5d88c308{SSLC.NBReadCB@7c73f61b{SslConnection@7c73f61b::SocketChannelEndPoint@7613fbb1{l=/127.0.0.1:44051,r=/127.0.0.1:33232,OPEN,fill=FI,flush=-,to=0/30000}{io=0/0,kio=0,kro=1}->SslConnection@7c73f61b{NEED_UNWRAP,eio=-1/-1,di=-1,fill=INTERESTED,flush=IDLE}~>DecryptedEndPoint@81a3ece{l=/127.0.0.1:44051,r=/127.0.0.1:33232,OPEN,fill=FI,flush=-,to=0/30000}=>HttpConnection@28d7ca94[p=HttpParser{s=START,0 of -1},g=HttpGenerator@25465b15{s=START}]=>HttpChannelOverHttp@39e90138{s=HttpChannelState@50ceabc7{s=IDLE rs=BLOCKING os=OPEN is=IDLE awp=false se=false i=true al=0},r=0,c=false/false,a=IDLE,uri=null,age=0}}}
03:43:12.549 [qtp399373008-56] DEBUG org.eclipse.jetty.io.ChannelEndPoint - changeInterests p=false 0->1 for SocketChannelEndPoint@7613fbb1{l=/127.0.0.1:44051,r=/127.0.0.1:33232,OPEN,fill=FI,flush=-,to=0/30000}{io=0/1,kio=0,kro=1}->SslConnection@7c73f61b{NEED_UNWRAP,eio=-1/-1,di=-1,fill=INTERESTED,flush=IDLE}~>DecryptedEndPoint@81a3ece{l=/127.0.0.1:44051,r=/127.0.0.1:33232,OPEN,fill=FI,flush=-,to=0/30000}=>HttpConnection@28d7ca94[p=HttpParser{s=START,0 of -1},g=HttpGenerator@25465b15{s=START}]=>HttpChannelOverHttp@39e90138{s=HttpChannelState@50ceabc7{s=IDLE rs=BLOCKING os=OPEN is=IDLE awp=false se=false i=true al=0},r=0,c=false/false,a=IDLE,uri=null,age=0}
03:43:12.549 [qtp399373008-56] DEBUG org.eclipse.jetty.io.ManagedSelector - Queued change lazy=false org.eclipse.jetty.io.ChannelEndPoint$$Lambda$255/90666987@3ea8358c on ManagedSelector@5733f295{STARTED} id=1 keys=1 selected=0 updates=0
03:43:12.549 [qtp399373008-56] DEBUG org.eclipse.jetty.io.ManagedSelector - Wakeup on submit ManagedSelector@5733f295{STARTED} id=1 keys=1 selected=0 updates=1
03:43:12.549 [qtp399373008-61] DEBUG org.eclipse.jetty.io.ManagedSelector - Selector sun.nio.ch.EPollSelectorImpl@62ef7cb1 woken with none selected
03:43:12.549 [qtp399373008-56] DEBUG org.eclipse.jetty.server.HttpConnection - HttpConnection@28d7ca94::DecryptedEndPoint@81a3ece{l=/127.0.0.1:44051,r=/127.0.0.1:33232,OPEN,fill=FI,flush=-,to=0/30000} onFillable exit HttpChannelState@50ceabc7{s=IDLE rs=BLOCKING os=OPEN is=IDLE awp=false se=false i=true al=0} null
03:43:12.549 [qtp399373008-61] DEBUG org.eclipse.jetty.io.ManagedSelector - Selector sun.nio.ch.EPollSelectorImpl@62ef7cb1 woken up from select, 0/0/1 selected
03:43:12.549 [qtp399373008-61] DEBUG org.eclipse.jetty.io.ManagedSelector - Selector sun.nio.ch.EPollSelectorImpl@62ef7cb1 processing 0 keys, 1 updates
03:43:12.549 [qtp399373008-61] DEBUG org.eclipse.jetty.io.ManagedSelector - updateable 1
03:43:12.549 [qtp399373008-61] DEBUG org.eclipse.jetty.io.ManagedSelector - update org.eclipse.jetty.io.ChannelEndPoint$$Lambda$255/90666987@3ea8358c
03:43:12.549 [qtp399373008-56] DEBUG org.eclipse.jetty.io.ssl.SslConnection - <c.onFillable SslConnection@7c73f61b::SocketChannelEndPoint@7613fbb1{l=/127.0.0.1:44051,r=/127.0.0.1:33232,OPEN,fill=FI,flush=-,to=0/30000}{io=0/1,kio=0,kro=1}->SslConnection@7c73f61b{NEED_UNWRAP,eio=-1/-1,di=-1,fill=INTERESTED,flush=IDLE}~>DecryptedEndPoint@81a3ece{l=/127.0.0.1:44051,r=/127.0.0.1:33232,OPEN,fill=FI,flush=-,to=0/30000}=>HttpConnection@28d7ca94[p=HttpParser{s=START,0 of -1},g=HttpGenerator@25465b15{s=START}]=>HttpChannelOverHttp@39e90138{s=HttpChannelState@50ceabc7{s=IDLE rs=BLOCKING os=OPEN is=IDLE awp=false se=false i=true al=0},r=0,c=false/false,a=IDLE,uri=null,age=0}
03:43:12.549 [qtp399373008-61] DEBUG org.eclipse.jetty.io.ChannelEndPoint - Key interests updated 0 -> 1 on SocketChannelEndPoint@7613fbb1{l=/127.0.0.1:44051,r=/127.0.0.1:33232,OPEN,fill=FI,flush=-,to=0/30000}{io=1/1,kio=1,kro=1}->SslConnection@7c73f61b{NEED_UNWRAP,eio=-1/-1,di=-1,fill=INTERESTED,flush=IDLE}~>DecryptedEndPoint@81a3ece{l=/127.0.0.1:44051,r=/127.0.0.1:33232,OPEN,fill=FI,flush=-,to=1/30000}=>HttpConnection@28d7ca94[p=HttpParser{s=START,0 of -1},g=HttpGenerator@25465b15{s=START}]=>HttpChannelOverHttp@39e90138{s=HttpChannelState@50ceabc7{s=IDLE rs=BLOCKING os=OPEN is=IDLE awp=false se=false i=true al=0},r=0,c=false/false,a=IDLE,uri=null,age=0}
03:43:12.549 [qtp399373008-61] DEBUG org.eclipse.jetty.io.ManagedSelector - updates 0
03:43:12.549 [qtp399373008-56] DEBUG org.eclipse.jetty.util.thread.QueuedThreadPool - ran org.eclipse.jetty.io.ManagedSelector$$Lambda$253/838473569@7ce97ee5 in QueuedThreadPool[qtp399373008]@17cdf2d0{STARTED,8<=8<=200,i=1,r=-1,q=0}[ReservedThreadExecutor@424fd310{reserved=1/8,pending=0}]
03:43:12.549 [qtp399373008-61] DEBUG org.eclipse.jetty.io.ManagedSelector - Selector sun.nio.ch.EPollSelectorImpl@62ef7cb1 waiting with 1 keys
03:43:12.585 [qtp399373008-61] DEBUG org.eclipse.jetty.io.ManagedSelector - Selector sun.nio.ch.EPollSelectorImpl@62ef7cb1 woken up from select, 1/1/1 selected
03:43:12.585 [qtp399373008-61] DEBUG org.eclipse.jetty.io.ManagedSelector - Selector sun.nio.ch.EPollSelectorImpl@62ef7cb1 processing 1 keys, 0 updates
03:43:12.585 [qtp399373008-61] DEBUG org.eclipse.jetty.io.ManagedSelector - selected 1 sun.nio.ch.SelectionKeyImpl@6c289e9c SocketChannelEndPoint@7613fbb1{l=/127.0.0.1:44051,r=/127.0.0.1:33232,OPEN,fill=FI,flush=-,to=36/30000}{io=1/1,kio=1,kro=1}->SslConnection@7c73f61b{NEED_UNWRAP,eio=-1/-1,di=-1,fill=INTERESTED,flush=IDLE}~>DecryptedEndPoint@81a3ece{l=/127.0.0.1:44051,r=/127.0.0.1:33232,OPEN,fill=FI,flush=-,to=36/30000}=>HttpConnection@28d7ca94[p=HttpParser{s=START,0 of -1},g=HttpGenerator@25465b15{s=START}]=>HttpChannelOverHttp@39e90138{s=HttpChannelState@50ceabc7{s=IDLE rs=BLOCKING os=OPEN is=IDLE awp=false se=false i=true al=0},r=0,c=false/false,a=IDLE,uri=null,age=0} 
03:43:12.585 [qtp399373008-61] DEBUG org.eclipse.jetty.io.ChannelEndPoint - onSelected 1->0 r=true w=false for SocketChannelEndPoint@7613fbb1{l=/127.0.0.1:44051,r=/127.0.0.1:33232,OPEN,fill=FI,flush=-,to=36/30000}{io=1/0,kio=1,kro=1}->SslConnection@7c73f61b{NEED_UNWRAP,eio=-1/-1,di=-1,fill=INTERESTED,flush=IDLE}~>DecryptedEndPoint@81a3ece{l=/127.0.0.1:44051,r=/127.0.0.1:33232,OPEN,fill=FI,flush=-,to=36/30000}=>HttpConnection@28d7ca94[p=HttpParser{s=START,0 of -1},g=HttpGenerator@25465b15{s=START}]=>HttpChannelOverHttp@39e90138{s=HttpChannelState@50ceabc7{s=IDLE rs=BLOCKING os=OPEN is=IDLE awp=false se=false i=true al=0},r=0,c=false/false,a=IDLE,uri=null,age=0}
03:43:12.585 [qtp399373008-61] DEBUG org.eclipse.jetty.io.ChannelEndPoint - task CEP:SocketChannelEndPoint@7613fbb1{l=/127.0.0.1:44051,r=/127.0.0.1:33232,OPEN,fill=FI,flush=-,to=36/30000}{io=1/0,kio=1,kro=1}->SslConnection@7c73f61b{NEED_UNWRAP,eio=-1/-1,di=-1,fill=INTERESTED,flush=IDLE}~>DecryptedEndPoint@81a3ece{l=/127.0.0.1:44051,r=/127.0.0.1:33232,OPEN,fill=FI,flush=-,to=37/30000}=>HttpConnection@28d7ca94[p=HttpParser{s=START,0 of -1},g=HttpGenerator@25465b15{s=START}]=>HttpChannelOverHttp@39e90138{s=HttpChannelState@50ceabc7{s=IDLE rs=BLOCKING os=OPEN is=IDLE awp=false se=false i=true al=0},r=0,c=false/false,a=IDLE,uri=null,age=0}:runFillable:BLOCKING
03:43:12.585 [qtp399373008-61] DEBUG org.eclipse.jetty.util.thread.ReservedThreadExecutor - ReservedThreadExecutor@424fd310{reserved=1/8,pending=0} tryExecute EatWhatYouKill@b7838a9/SelectorProducer@696f0212/PRODUCING/p=false/QueuedThreadPool[qtp399373008]@17cdf2d0{STARTED,8<=8<=200,i=2,r=-1,q=0}[ReservedThreadExecutor@424fd310{reserved=1/8,pending=0}][pc=0,pic=0,pec=1,epc=1]@2024-05-02T03:43:12.585+01:00
03:43:12.585 [qtp399373008-61] DEBUG org.eclipse.jetty.util.thread.ReservedThreadExecutor - ReservedThreadExecutor@424fd310{reserved=0/8,pending=1} startReservedThread p=1
03:43:12.585 [qtp399373008-61] DEBUG org.eclipse.jetty.util.thread.QueuedThreadPool - queue ReservedThread@1ba773eb{PENDING,thread=null} startThread=0
03:43:12.586 [qtp399373008-62] DEBUG org.eclipse.jetty.util.thread.QueuedThreadPool - run ReservedThread@1ba773eb{PENDING,thread=null} in QueuedThreadPool[qtp399373008]@17cdf2d0{STARTED,8<=8<=200,i=1,r=-1,q=0}[ReservedThreadExecutor@424fd310{reserved=0/8,pending=1}]
03:43:12.586 [qtp399373008-62] DEBUG org.eclipse.jetty.util.thread.ReservedThreadExecutor - ReservedThread@1ba773eb{PENDING,thread=Thread[qtp399373008-62,5,main]} was=PENDING next=RESERVED size=0+1 capacity=8
03:43:12.586 [qtp399373008-60] DEBUG org.eclipse.jetty.util.thread.ReservedThreadExecutor - ReservedThread@1c72db32{RESERVED,thread=Thread[qtp399373008-60,5,main]} task=EatWhatYouKill@b7838a9/SelectorProducer@696f0212/IDLE/p=true/QueuedThreadPool[qtp399373008]@17cdf2d0{STARTED,8<=8<=200,i=1,r=-1,q=0}[ReservedThreadExecutor@424fd310{reserved=0/8,pending=1}][pc=0,pic=0,pec=1,epc=1]@2024-05-02T03:43:12.586+01:00 ReservedThreadExecutor@424fd310{reserved=1/8,pending=0}
03:43:12.586 [qtp399373008-62] DEBUG org.eclipse.jetty.util.thread.ReservedThreadExecutor - ReservedThread@1ba773eb{RESERVED,thread=Thread[qtp399373008-62,5,main]} waiting ReservedThreadExecutor@424fd310{reserved=1/8,pending=0}
03:43:12.586 [qtp399373008-60] DEBUG org.eclipse.jetty.util.thread.strategy.EatWhatYouKill - EatWhatYouKill@b7838a9/SelectorProducer@696f0212/IDLE/p=true/QueuedThreadPool[qtp399373008]@17cdf2d0{STARTED,8<=8<=200,i=1,r=-1,q=0}[ReservedThreadExecutor@424fd310{reserved=1/8,pending=0}][pc=0,pic=0,pec=1,epc=1]@2024-05-02T03:43:12.586+01:00 tryProduce true
03:43:12.586 [qtp399373008-61] DEBUG org.eclipse.jetty.util.thread.strategy.EatWhatYouKill - EatWhatYouKill@b7838a9/SelectorProducer@696f0212/IDLE/p=true/QueuedThreadPool[qtp399373008]@17cdf2d0{STARTED,8<=8<=200,i=1,r=-1,q=0}[ReservedThreadExecutor@424fd310{reserved=1/8,pending=0}][pc=0,pic=0,pec=1,epc=1]@2024-05-02T03:43:12.586+01:00 m=EXECUTE_PRODUCE_CONSUME t=CEP:SocketChannelEndPoint@7613fbb1{l=/127.0.0.1:44051,r=/127.0.0.1:33232,OPEN,fill=FI,flush=-,to=37/30000}{io=1/0,kio=1,kro=1}->SslConnection@7c73f61b{NEED_UNWRAP,eio=-1/-1,di=-1,fill=INTERESTED,flush=IDLE}~>DecryptedEndPoint@81a3ece{l=/127.0.0.1:44051,r=/127.0.0.1:33232,OPEN,fill=FI,flush=-,to=37/30000}=>HttpConnection@28d7ca94[p=HttpParser{s=START,0 of -1},g=HttpGenerator@25465b15{s=START}]=>HttpChannelOverHttp@39e90138{s=HttpChannelState@50ceabc7{s=IDLE rs=BLOCKING os=OPEN is=IDLE awp=false se=false i=true al=0},r=0,c=false/false,a=IDLE,uri=null,age=0}:runFillable:BLOCKING/BLOCKING
03:43:12.586 [qtp399373008-60] DEBUG org.eclipse.jetty.io.ManagedSelector - updateable 0
03:43:12.586 [qtp399373008-60] DEBUG org.eclipse.jetty.io.ManagedSelector - updates 0
03:43:12.586 [qtp399373008-61] DEBUG org.eclipse.jetty.io.FillInterest - fillable FillInterest@5d88c308{SSLC.NBReadCB@7c73f61b{SslConnection@7c73f61b::SocketChannelEndPoint@7613fbb1{l=/127.0.0.1:44051,r=/127.0.0.1:33232,OPEN,fill=FI,flush=-,to=37/30000}{io=1/0,kio=1,kro=1}->SslConnection@7c73f61b{NEED_UNWRAP,eio=-1/-1,di=-1,fill=INTERESTED,flush=IDLE}~>DecryptedEndPoint@81a3ece{l=/127.0.0.1:44051,r=/127.0.0.1:33232,OPEN,fill=FI,flush=-,to=38/30000}=>HttpConnection@28d7ca94[p=HttpParser{s=START,0 of -1},g=HttpGenerator@25465b15{s=START}]=>HttpChannelOverHttp@39e90138{s=HttpChannelState@50ceabc7{s=IDLE rs=BLOCKING os=OPEN is=IDLE awp=false se=false i=true al=0},r=0,c=false/false,a=IDLE,uri=null,age=0}}}
03:43:12.586 [qtp399373008-60] DEBUG org.eclipse.jetty.io.ChannelEndPoint - Key interests updated 1 -> 0 on SocketChannelEndPoint@7613fbb1{l=/127.0.0.1:44051,r=/127.0.0.1:33232,OPEN,fill=FI,flush=-,to=37/30000}{io=0/0,kio=0,kro=1}->SslConnection@7c73f61b{NEED_UNWRAP,eio=-1/-1,di=-1,fill=INTERESTED,flush=IDLE}~>DecryptedEndPoint@81a3ece{l=/127.0.0.1:44051,r=/127.0.0.1:33232,OPEN,fill=FI,flush=-,to=38/30000}=>HttpConnection@28d7ca94[p=HttpParser{s=START,0 of -1},g=HttpGenerator@25465b15{s=START}]=>HttpChannelOverHttp@39e90138{s=HttpChannelState@50ceabc7{s=IDLE rs=BLOCKING os=OPEN is=IDLE awp=false se=false i=true al=0},r=0,c=false/false,a=IDLE,uri=null,age=0}
03:43:12.586 [qtp399373008-60] DEBUG org.eclipse.jetty.io.ManagedSelector - Selector sun.nio.ch.EPollSelectorImpl@62ef7cb1 waiting with 1 keys
03:43:12.586 [qtp399373008-61] DEBUG org.eclipse.jetty.io.ssl.SslConnection - >c.onFillable SslConnection@7c73f61b::SocketChannelEndPoint@7613fbb1{l=/127.0.0.1:44051,r=/127.0.0.1:33232,OPEN,fill=-,flush=-,to=37/30000}{io=0/0,kio=0,kro=1}->SslConnection@7c73f61b{NEED_UNWRAP,eio=-1/-1,di=-1,fill=INTERESTED,flush=IDLE}~>DecryptedEndPoint@81a3ece{l=/127.0.0.1:44051,r=/127.0.0.1:33232,OPEN,fill=FI,flush=-,to=38/30000}=>HttpConnection@28d7ca94[p=HttpParser{s=START,0 of -1},g=HttpGenerator@25465b15{s=START}]=>HttpChannelOverHttp@39e90138{s=HttpChannelState@50ceabc7{s=IDLE rs=BLOCKING os=OPEN is=IDLE awp=false se=false i=true al=0},r=0,c=false/false,a=IDLE,uri=null,age=0}
03:43:12.586 [qtp399373008-61] DEBUG org.eclipse.jetty.io.ssl.SslConnection - onFillable SslConnection@7c73f61b::SocketChannelEndPoint@7613fbb1{l=/127.0.0.1:44051,r=/127.0.0.1:33232,OPEN,fill=-,flush=-,to=37/30000}{io=0/0,kio=0,kro=1}->SslConnection@7c73f61b{NEED_UNWRAP,eio=-1/-1,di=-1,fill=INTERESTED,flush=IDLE}~>DecryptedEndPoint@81a3ece{l=/127.0.0.1:44051,r=/127.0.0.1:33232,OPEN,fill=FI,flush=-,to=38/30000}=>HttpConnection@28d7ca94[p=HttpParser{s=START,0 of -1},g=HttpGenerator@25465b15{s=START}]=>HttpChannelOverHttp@39e90138{s=HttpChannelState@50ceabc7{s=IDLE rs=BLOCKING os=OPEN is=IDLE awp=false se=false i=true al=0},r=0,c=false/false,a=IDLE,uri=null,age=0}
03:43:12.586 [qtp399373008-61] DEBUG org.eclipse.jetty.io.FillInterest - fillable FillInterest@33d3a643{AC.ReadCB@28d7ca94{HttpConnection@28d7ca94::DecryptedEndPoint@81a3ece{l=/127.0.0.1:44051,r=/127.0.0.1:33232,OPEN,fill=FI,flush=-,to=38/30000}}}
03:43:12.586 [qtp399373008-61] DEBUG org.eclipse.jetty.server.HttpConnection - HttpConnection@28d7ca94::DecryptedEndPoint@81a3ece{l=/127.0.0.1:44051,r=/127.0.0.1:33232,OPEN,fill=-,flush=-,to=38/30000} onFillable enter HttpChannelState@50ceabc7{s=IDLE rs=BLOCKING os=OPEN is=IDLE awp=false se=false i=true al=0} null
03:43:12.587 [qtp399373008-61] DEBUG org.eclipse.jetty.io.ssl.SslConnection - >fill SslConnection@7c73f61b::SocketChannelEndPoint@7613fbb1{l=/127.0.0.1:44051,r=/127.0.0.1:33232,OPEN,fill=-,flush=-,to=38/30000}{io=0/0,kio=0,kro=1}->SslConnection@7c73f61b{NEED_UNWRAP,eio=-1/-1,di=-1,fill=IDLE,flush=IDLE}~>DecryptedEndPoint@81a3ece{l=/127.0.0.1:44051,r=/127.0.0.1:33232,OPEN,fill=-,flush=-,to=38/30000}=>HttpConnection@28d7ca94[p=HttpParser{s=START,0 of -1},g=HttpGenerator@25465b15{s=START}]=>HttpChannelOverHttp@39e90138{s=HttpChannelState@50ceabc7{s=IDLE rs=BLOCKING os=OPEN is=IDLE awp=false se=false i=true al=0},r=0,c=false/false,a=IDLE,uri=null,age=0}
03:43:12.587 [qtp399373008-61] DEBUG org.eclipse.jetty.io.ssl.SslConnection - fill NEED_UNWRAP
03:43:12.587 [qtp399373008-61] DEBUG org.eclipse.jetty.io.ChannelEndPoint - filled 1501 HeapByteBuffer@76afdda5[p=0,l=1501,c=17408,r=1501]={<<<\x17\x03\x03\x03\xAd\xAb\xEb\x02\xCe\xC1\xCc\x9c\xFb\xA6m\xE1\x04\xD8j\x05\x00\x88\xF3\xA0\xF0...\xA8\xDe\x97y\x00\x10\x9c\xFd\x99!/\x832H\x8f\x1bQ\xD1\xB3K\x9a\xF2\xC6>>>\x00\x00\x00\x00\x00\x00\x00\x00\x00...\x00\x00\x00\x00\x00\x00\x00}
03:43:12.587 [qtp399373008-61] DEBUG org.eclipse.jetty.io.ssl.SslConnection - net filled=1501
03:43:12.587 [qtp399373008-61] DEBUG org.eclipse.jetty.io.ssl.SslConnection - unwrap net_filled=1501 Status = OK HandshakeStatus = NEED_TASK bytesConsumed = 946 bytesProduced = 0 encryptedBuffer=[p=946,l=1501,c=17408,r=555] unwrapBuffer=HeapByteBuffer@729047a8[p=0,l=0,c=17408,r=0]={<<<>>>\x14\x03\x03\x00\x01\x01\xF7\xE7\x04...\x00\x00\x00\x00\x00\x00\x00} appBuffer=HeapByteBuffer@729047a8[p=0,l=0,c=17408,r=0]={<<<>>>\x14\x03\x03\x00\x01\x01\xF7\xE7\x04...\x00\x00\x00\x00\x00\x00\x00}
03:43:12.587 [qtp399373008-61] DEBUG org.eclipse.jetty.io.ssl.SslConnection - fill NEED_TASK
03:43:12.587 [qtp399373008-61] DEBUG org.eclipse.jetty.io.ssl.SslConnection - fill NEED_UNWRAP
03:43:12.588 [qtp399373008-61] DEBUG org.eclipse.jetty.io.ChannelEndPoint - filled 0 HeapByteBuffer@76afdda5[p=946,l=1501,c=17408,r=555]={\x17\x03\x03\x03\xAd\x0b\x00\x03\x88...\x17.\x12L\xD7\xBa@<<<\x17\x03\x03\x01)\x05\xA2\xE8`\xC5\x1c\xBd\xF5\x19\xF2\xC7\xD6\x05\x12D\xEf\xA7\xB3fv...\xA8\xDe\x97y\x00\x10\x9c\xFd\x99!/\x832H\x8f\x1bQ\xD1\xB3K\x9a\xF2\xC6>>>\x00\x00\x00\x00\x00\x00\x00\x00\x00...\x00\x00\x00\x00\x00\x00\x00}
03:43:12.588 [qtp399373008-61] DEBUG org.eclipse.jetty.io.ssl.SslConnection - net filled=0
03:43:12.588 [qtp399373008-61] DEBUG org.eclipse.jetty.io.ssl.SslConnection - unwrap net_filled=0 Status = OK HandshakeStatus = NEED_TASK bytesConsumed = 302 bytesProduced = 0 encryptedBuffer=[p=1248,l=1501,c=17408,r=253] unwrapBuffer=HeapByteBuffer@729047a8[p=0,l=0,c=17408,r=0]={<<<>>>\x14\x03\x03\x00\x01\x01\xF7\xE7\x04...\x00\x00\x00\x00\x00\x00\x00} appBuffer=HeapByteBuffer@729047a8[p=0,l=0,c=17408,r=0]={<<<>>>\x14\x03\x03\x00\x01\x01\xF7\xE7\x04...\x00\x00\x00\x00\x00\x00\x00}
03:43:12.588 [qtp399373008-61] DEBUG org.eclipse.jetty.io.ssl.SslConnection - fill NEED_TASK
03:43:12.588 [qtp399373008-61] DEBUG org.eclipse.jetty.io.ssl.SslConnection - fill NEED_UNWRAP
03:43:12.588 [qtp399373008-61] DEBUG org.eclipse.jetty.io.ChannelEndPoint - filled 0 HeapByteBuffer@76afdda5[p=1248,l=1501,c=17408,r=253]={\x17\x03\x03\x03\xAd\x0b\x00\x03\x88...PV7\xEed\xF6\xBd<<<\x17\x03\x03\x00U_\x8aO\xCc\xE3yQ\xD3\xA2\xFe\x99|\r\xF12\xF6\x8b\xC31\\...\xA8\xDe\x97y\x00\x10\x9c\xFd\x99!/\x832H\x8f\x1bQ\xD1\xB3K\x9a\xF2\xC6>>>\x00\x00\x00\x00\x00\x00\x00\x00\x00...\x00\x00\x00\x00\x00\x00\x00}
03:43:12.588 [qtp399373008-61] DEBUG org.eclipse.jetty.io.ssl.SslConnection - net filled=0
03:43:12.590 [qtp399373008-61] DEBUG org.eclipse.jetty.io.ssl.SslConnection - unwrap net_filled=0 Status = OK HandshakeStatus = NEED_WRAP bytesConsumed = 90 bytesProduced = 0 encryptedBuffer=[p=1338,l=1501,c=17408,r=163] unwrapBuffer=HeapByteBuffer@729047a8[p=0,l=0,c=17408,r=0]={<<<>>>\x14\x03\x03\x00\x01\x01\xF7\xE7\x04...\x00\x00\x00\x00\x00\x00\x00} appBuffer=HeapByteBuffer@729047a8[p=0,l=0,c=17408,r=0]={<<<>>>\x14\x03\x03\x00\x01\x01\xF7\xE7\x04...\x00\x00\x00\x00\x00\x00\x00}
03:43:12.590 [qtp399373008-61] DEBUG org.eclipse.jetty.io.ssl.SslConnection - fill NEED_WRAP
03:43:12.590 [qtp399373008-61] DEBUG org.eclipse.jetty.io.ssl.SslConnection - >flush SslConnection@7c73f61b::SocketChannelEndPoint@7613fbb1{l=/127.0.0.1:44051,r=/127.0.0.1:33232,OPEN,fill=-,flush=-,to=3/30000}{io=0/0,kio=0,kro=1}->SslConnection@7c73f61b{NEED_WRAP,eio=163/-1,di=-1,fill=IDLE,flush=IDLE}~>DecryptedEndPoint@81a3ece{l=/127.0.0.1:44051,r=/127.0.0.1:33232,OPEN,fill=-,flush=-,to=41/30000}=>HttpConnection@28d7ca94[p=HttpParser{s=START,0 of -1},g=HttpGenerator@25465b15{s=START}]=>HttpChannelOverHttp@39e90138{s=HttpChannelState@50ceabc7{s=IDLE rs=BLOCKING os=OPEN is=IDLE awp=false se=false i=true al=0},r=0,c=false/false,a=IDLE,uri=null,age=0}
03:43:12.590 [qtp399373008-61] DEBUG org.eclipse.jetty.io.ssl.SslConnection - flush b[0]=HeapByteBuffer@1ad43aa3[p=0,l=0,c=0,r=0]={<<<>>>}
03:43:12.590 [qtp399373008-61] DEBUG org.eclipse.jetty.io.ssl.SslConnection - flush NEED_WRAP
03:43:12.590 [qtp399373008-61] DEBUG org.eclipse.jetty.io.ssl.SslConnection - wrap Status = OK HandshakeStatus = FINISHED bytesConsumed = 0 bytesProduced = 88 [p=0,l=88,c=17408,r=88] ioDone=false/false
03:43:12.591 [qtp399373008-61] DEBUG org.eclipse.jetty.io.ChannelEndPoint - flushed 88 SocketChannelEndPoint@7613fbb1{l=/127.0.0.1:44051,r=/127.0.0.1:33232,OPEN,fill=-,flush=-,to=3/30000}{io=0/0,kio=0,kro=1}->SslConnection@7c73f61b{NOT_HANDSHAKING,eio=163/0,di=-1,fill=IDLE,flush=IDLE}~>DecryptedEndPoint@81a3ece{l=/127.0.0.1:44051,r=/127.0.0.1:33232,OPEN,fill=-,flush=-,to=42/30000}=>HttpConnection@28d7ca94[p=HttpParser{s=START,0 of -1},g=HttpGenerator@25465b15{s=START}]=>HttpChannelOverHttp@39e90138{s=HttpChannelState@50ceabc7{s=IDLE rs=BLOCKING os=OPEN is=IDLE awp=false se=false i=true al=0},r=0,c=false/false,a=IDLE,uri=null,age=0}
03:43:12.591 [qtp399373008-61] DEBUG org.eclipse.jetty.io.ssl.SslConnection - net flushed=true, ac=true
03:43:12.591 [qtp399373008-61] DEBUG org.eclipse.jetty.io.ssl.SslConnection - handshake succeeded SslConnection@7c73f61b::SocketChannelEndPoint@7613fbb1{l=/127.0.0.1:44051,r=/127.0.0.1:33232,OPEN,fill=-,flush=-,to=0/30000}{io=0/0,kio=0,kro=1}->SslConnection@7c73f61b{NOT_HANDSHAKING,eio=163/0,di=-1,fill=IDLE,flush=IDLE}~>DecryptedEndPoint@81a3ece{l=/127.0.0.1:44051,r=/127.0.0.1:33232,OPEN,fill=-,flush=-,to=42/30000}=>HttpConnection@28d7ca94[p=HttpParser{s=START,0 of -1},g=HttpGenerator@25465b15{s=START}]=>HttpChannelOverHttp@39e90138{s=HttpChannelState@50ceabc7{s=IDLE rs=BLOCKING os=OPEN is=IDLE awp=false se=false i=true al=0},r=0,c=false/false,a=IDLE,uri=null,age=0} resumed server TLSv1.3/TLS_AES_256_GCM_SHA384
03:43:12.591 [qtp399373008-61] DEBUG org.eclipse.jetty.io.ssl.SslConnection - <flush true SslConnection@7c73f61b::SocketChannelEndPoint@7613fbb1{l=/127.0.0.1:44051,r=/127.0.0.1:33232,OPEN,fill=-,flush=-,to=0/30000}{io=0/0,kio=0,kro=1}->SslConnection@7c73f61b{NOT_HANDSHAKING,eio=163/-1,di=-1,fill=IDLE,flush=IDLE}~>DecryptedEndPoint@81a3ece{l=/127.0.0.1:44051,r=/127.0.0.1:33232,OPEN,fill=-,flush=-,to=42/30000}=>HttpConnection@28d7ca94[p=HttpParser{s=START,0 of -1},g=HttpGenerator@25465b15{s=START}]=>HttpChannelOverHttp@39e90138{s=HttpChannelState@50ceabc7{s=IDLE rs=BLOCKING os=OPEN is=IDLE awp=false se=false i=true al=0},r=0,c=false/false,a=IDLE,uri=null,age=0}
03:43:12.591 [qtp399373008-61] DEBUG org.eclipse.jetty.io.ssl.SslConnection - fill NOT_HANDSHAKING
03:43:12.591 [qtp399373008-61] DEBUG org.eclipse.jetty.io.ChannelEndPoint - filled 0 HeapByteBuffer@76afdda5[p=1338,l=1501,c=17408,r=163]={\x17\x03\x03\x03\xAd\x0b\x00\x03\x88..."\xA3\xF9*\xB7\xE4k<<<\x17\x03\x03\x00\x9e\xF9\xDd\xD0s L\r\x8dB\xEe\xD6\xD5<8:QQi\xD3)...\xA8\xDe\x97y\x00\x10\x9c\xFd\x99!/\x832H\x8f\x1bQ\xD1\xB3K\x9a\xF2\xC6>>>\x00\x00\x00\x00\x00\x00\x00\x00\x00...\x00\x00\x00\x00\x00\x00\x00}
03:43:12.591 [qtp399373008-61] DEBUG org.eclipse.jetty.io.ssl.SslConnection - net filled=0
03:43:12.592 [qtp399373008-61] DEBUG org.eclipse.jetty.io.ssl.SslConnection - unwrap net_filled=0 Status = OK HandshakeStatus = NOT_HANDSHAKING bytesConsumed = 163 bytesProduced = 125 encryptedBuffer=[p=1501,l=1501,c=17408,r=0] unwrapBuffer=HeapByteBuffer@729047a8[p=0,l=125,c=17408,r=125]={<<<GET /config.yml HTTP/1.1\r...gent: okhttp/3.12.3\r\n\r\n>>>=C04\xA8\xC7\xBf\xBb\xB6...\x00\x00\x00\x00\x00\x00\x00} appBuffer=HeapByteBuffer@729047a8[p=0,l=125,c=17408,r=125]={<<<GET /config.yml HTTP/1.1\r...gent: okhttp/3.12.3\r\n\r\n>>>=C04\xA8\xC7\xBf\xBb\xB6...\x00\x00\x00\x00\x00\x00\x00}
03:43:12.592 [qtp399373008-61] DEBUG org.eclipse.jetty.io.ssl.SslConnection - <fill f=125 uf=false SslConnection@7c73f61b::SocketChannelEndPoint@7613fbb1{l=/127.0.0.1:44051,r=/127.0.0.1:33232,OPEN,fill=-,flush=-,to=1/30000}{io=0/0,kio=0,kro=1}->SslConnection@7c73f61b{NOT_HANDSHAKING,eio=-1/-1,di=-1,fill=IDLE,flush=IDLE}~>DecryptedEndPoint@81a3ece{l=/127.0.0.1:44051,r=/127.0.0.1:33232,OPEN,fill=-,flush=-,to=43/30000}=>HttpConnection@28d7ca94[p=HttpParser{s=START,0 of -1},g=HttpGenerator@25465b15{s=START}]=>HttpChannelOverHttp@39e90138{s=HttpChannelState@50ceabc7{s=IDLE rs=BLOCKING os=OPEN is=IDLE awp=false se=false i=true al=0},r=0,c=false/false,a=IDLE,uri=null,age=0}
03:43:12.592 [qtp399373008-61] DEBUG org.eclipse.jetty.server.HttpConnection - HttpConnection@28d7ca94::DecryptedEndPoint@81a3ece{l=/127.0.0.1:44051,r=/127.0.0.1:33232,OPEN,fill=-,flush=-,to=43/30000} filled 125 HeapByteBuffer@729047a8[p=0,l=125,c=17408,r=125]={<<<GET /config.yml HTTP/1.1\r...gent: okhttp/3.12.3\r\n\r\n>>>=C04\xA8\xC7\xBf\xBb\xB6...\x00\x00\x00\x00\x00\x00\x00}
03:43:12.592 [qtp399373008-61] DEBUG org.eclipse.jetty.server.HttpConnection - HttpConnection@28d7ca94::DecryptedEndPoint@81a3ece{l=/127.0.0.1:44051,r=/127.0.0.1:33232,OPEN,fill=-,flush=-,to=43/30000} parse HeapByteBuffer@729047a8[p=0,l=125,c=17408,r=125]={<<<GET /config.yml HTTP/1.1\r...gent: okhttp/3.12.3\r\n\r\n>>>=C04\xA8\xC7\xBf\xBb\xB6...\x00\x00\x00\x00\x00\x00\x00} {}
03:43:12.592 [qtp399373008-61] DEBUG org.eclipse.jetty.http.HttpParser - parseNext s=START HeapByteBuffer@729047a8[p=0,l=125,c=17408,r=125]={<<<GET /config.yml HTTP/1.1\r...gent: okhttp/3.12.3\r\n\r\n>>>=C04\xA8\xC7\xBf\xBb\xB6...\x00\x00\x00\x00\x00\x00\x00}
03:43:12.592 [qtp399373008-61] DEBUG org.eclipse.jetty.http.HttpParser - START --> SPACE1
03:43:12.592 [qtp399373008-61] DEBUG org.eclipse.jetty.http.HttpParser - SPACE1 --> URI
03:43:12.592 [qtp399373008-61] DEBUG org.eclipse.jetty.http.HttpParser - URI --> SPACE2
03:43:12.592 [qtp399373008-61] DEBUG org.eclipse.jetty.http.HttpParser - SPACE2 --> REQUEST_VERSION
03:43:12.592 [qtp399373008-61] DEBUG org.eclipse.jetty.http.HttpParser - REQUEST_VERSION --> HEADER
03:43:12.592 [qtp399373008-61] DEBUG org.eclipse.jetty.http.HttpParser - HEADER:Host --> VALUE
03:43:12.592 [qtp399373008-61] DEBUG org.eclipse.jetty.http.HttpParser - HEADER:Host --> IN_VALUE
03:43:12.592 [qtp399373008-61] DEBUG org.eclipse.jetty.http.HttpParser - HEADER:Host --> FIELD
03:43:12.592 [qtp399373008-61] DEBUG org.eclipse.jetty.http.HttpParser - HEADER:Connection: keep-alive --> IN_VALUE
03:43:12.592 [qtp399373008-61] DEBUG org.eclipse.jetty.http.HttpParser - HEADER:Connection: keep-alive --> FIELD
03:43:12.592 [qtp399373008-61] DEBUG org.eclipse.jetty.http.HttpParser - HEADER:Accept-Encoding: gzip --> IN_VALUE
03:43:12.592 [qtp399373008-61] DEBUG org.eclipse.jetty.http.HttpParser - HEADER:Accept-Encoding: gzip --> FIELD
03:43:12.592 [qtp399373008-61] DEBUG org.eclipse.jetty.http.HttpParser - HEADER:User-Agent --> VALUE
03:43:12.592 [qtp399373008-61] DEBUG org.eclipse.jetty.http.HttpParser - HEADER:User-Agent --> IN_VALUE
03:43:12.592 [qtp399373008-61] DEBUG org.eclipse.jetty.http.HttpParser - HEADER:User-Agent --> FIELD
03:43:12.592 [qtp399373008-61] DEBUG org.eclipse.jetty.http.HttpParser - HEADER --> CONTENT
03:43:12.592 [qtp399373008-61] DEBUG org.eclipse.jetty.server.HttpChannel - REQUEST for //localhost:44051/config.yml on HttpChannelOverHttp@39e90138{s=HttpChannelState@50ceabc7{s=IDLE rs=BLOCKING os=OPEN is=IDLE awp=false se=false i=true al=0},r=1,c=false/false,a=IDLE,uri=//localhost:44051/config.yml,age=0}
GET //localhost:44051/config.yml HTTP/1.1
Host: localhost:44051
Connection: keep-alive
Accept-Encoding: gzip
User-Agent: okhttp/3.12.3


03:43:12.592 [qtp399373008-61] DEBUG org.eclipse.jetty.server.HttpConnection - HttpConnection@28d7ca94::DecryptedEndPoint@81a3ece{l=/127.0.0.1:44051,r=/127.0.0.1:33232,OPEN,fill=-,flush=-,to=44/30000} parsed true HttpParser{s=CONTENT,0 of -1}
03:43:12.592 [qtp399373008-61] DEBUG org.eclipse.jetty.server.HttpConnection - releaseRequestBuffer HttpConnection@28d7ca94::DecryptedEndPoint@81a3ece{l=/127.0.0.1:44051,r=/127.0.0.1:33232,OPEN,fill=-,flush=-,to=44/30000}
03:43:12.592 [qtp399373008-61] DEBUG org.eclipse.jetty.server.HttpChannel - handle //localhost:44051/config.yml HttpChannelOverHttp@39e90138{s=HttpChannelState@50ceabc7{s=IDLE rs=BLOCKING os=OPEN is=IDLE awp=false se=false i=true al=0},r=1,c=false/false,a=IDLE,uri=//localhost:44051/config.yml,age=0} 
03:43:12.593 [qtp399373008-61] DEBUG org.eclipse.jetty.server.HttpChannelState - handling HttpChannelState@50ceabc7{s=IDLE rs=BLOCKING os=OPEN is=IDLE awp=false se=false i=true al=0}
03:43:12.593 [qtp399373008-61] DEBUG org.eclipse.jetty.server.HttpChannel - action DISPATCH HttpChannelOverHttp@39e90138{s=HttpChannelState@50ceabc7{s=HANDLING rs=BLOCKING os=OPEN is=IDLE awp=false se=false i=true al=0},r=1,c=false/false,a=HANDLING,uri=//localhost:44051/config.yml,age=1}
03:43:12.593 [qtp399373008-61] DEBUG org.eclipse.jetty.server.SecureRequestCustomizer - Host localhost with SNI null
03:43:12.593 [qtp399373008-61] DEBUG org.eclipse.jetty.server.Server - REQUEST GET /config.yml on HttpChannelOverHttp@39e90138{s=HttpChannelState@50ceabc7{s=HANDLING rs=BLOCKING os=OPEN is=IDLE awp=false se=false i=true al=0},r=1,c=false/false,a=HANDLING,uri=https://localhost:44051/config.yml,age=1}
03:43:12.593 [qtp399373008-61] DEBUG org.eclipse.jetty.server.HttpOutput - write(array HeapByteBuffer@6543e20e[p=0,l=4,c=512,r=4]={<<<path>>>\x00\x00\x00\x00\x00\x00\x00\x00\x00...\x00\x00\x00\x00\x00\x00\x00})
03:43:12.593 [qtp399373008-61] DEBUG org.eclipse.jetty.server.HttpOutput - write(array) s=CLOSING,api=BLOCKED,sc=false,e=null last=true agg=false flush=true async=false, len=4 null
03:43:12.593 [qtp399373008-61] DEBUG org.eclipse.jetty.server.HttpChannel - sendResponse info=null content=HeapByteBuffer@c31a5fd[p=0,l=4,c=512,r=4]={<<<path>>>\x00\x00\x00\x00\x00\x00\x00\x00\x00...\x00\x00\x00\x00\x00\x00\x00} complete=true committing=true callback=Blocker@34726b9b{null}
03:43:12.593 [qtp399373008-61] DEBUG org.eclipse.jetty.server.HttpChannel - COMMIT for /config.yml on HttpChannelOverHttp@39e90138{s=HttpChannelState@50ceabc7{s=HANDLING rs=BLOCKING os=COMMITTED is=IDLE awp=false se=false i=true al=0},r=1,c=false/false,a=HANDLING,uri=https://localhost:44051/config.yml,age=1}
200 null HTTP/1.1
Date: Thu, 02 May 2024 02:43:12 GMT
ETag: testEtag
Content-Type: text/plain;charset=utf-8
Content-Length: 4


03:43:12.593 [qtp399373008-61] DEBUG org.eclipse.jetty.server.HttpConnection - generate: NEED_HEADER for SendCallback@6c03a1ff[PROCESSING][i=HTTP/1.1{s=200,h=4,cl=4},cb=org.eclipse.jetty.server.HttpChannel$SendCallback@16aa6de3] (null,[p=0,l=4,c=512,r=4],true)@START
03:43:12.593 [qtp399373008-61] DEBUG org.eclipse.jetty.http.HttpGenerator - generateHeaders HTTP/1.1{s=200,h=4,cl=4} last=true content=HeapByteBuffer@c31a5fd[p=0,l=4,c=512,r=4]={<<<path>>>\x00\x00\x00\x00\x00\x00\x00\x00\x00...\x00\x00\x00\x00\x00\x00\x00}
03:43:12.593 [qtp399373008-61] DEBUG org.eclipse.jetty.http.HttpGenerator - Date: Thu, 02 May 2024 02:43:12 GMT
ETag: testEtag
Content-Type: text/plain;charset=utf-8
Content-Length: 4


03:43:12.593 [qtp399373008-61] DEBUG org.eclipse.jetty.http.HttpGenerator - CONTENT_LENGTH
03:43:12.594 [qtp399373008-61] DEBUG org.eclipse.jetty.server.HttpConnection - generate: FLUSH for SendCallback@6c03a1ff[PROCESSING][i=HTTP/1.1{s=200,h=4,cl=4},cb=org.eclipse.jetty.server.HttpChannel$SendCallback@16aa6de3] ([p=0,l=164,c=8192,r=164],[p=0,l=4,c=512,r=4],true)@COMPLETING
03:43:12.594 [qtp399373008-61] DEBUG org.eclipse.jetty.io.WriteFlusher - write: WriteFlusher@303cb348{IDLE}->null [HeapByteBuffer@17352c86[p=0,l=164,c=8192,r=164]={<<<HTTP/1.1 200 OK\r\nDate: Th...y(9.4.44.v20210927)\r\n\r\n>>>\x00\x00\x00\x00\x00\x00\x00\x00\x00...\x00\x00\x00\x00\x00\x00\x00},HeapByteBuffer@c31a5fd[p=0,l=4,c=512,r=4]={<<<path>>>\x00\x00\x00\x00\x00\x00\x00\x00\x00...\x00\x00\x00\x00\x00\x00\x00}]
03:43:12.594 [qtp399373008-61] DEBUG org.eclipse.jetty.io.WriteFlusher - update WriteFlusher@303cb348{WRITING}->null:IDLE-->WRITING
03:43:12.594 [qtp399373008-61] DEBUG org.eclipse.jetty.io.ssl.SslConnection - >flush SslConnection@7c73f61b::SocketChannelEndPoint@7613fbb1{l=/127.0.0.1:44051,r=/127.0.0.1:33232,OPEN,fill=-,flush=-,to=3/30000}{io=0/0,kio=0,kro=1}->SslConnection@7c73f61b{NOT_HANDSHAKING,eio=-1/-1,di=-1,fill=IDLE,flush=IDLE}~>DecryptedEndPoint@81a3ece{l=/127.0.0.1:44051,r=/127.0.0.1:33232,OPEN,fill=-,flush=W,to=45/30000}=>HttpConnection@28d7ca94[p=HttpParser{s=CONTENT,0 of -1},g=HttpGenerator@25465b15{s=COMPLETING}]=>HttpChannelOverHttp@39e90138{s=HttpChannelState@50ceabc7{s=HANDLING rs=BLOCKING os=COMMITTED is=IDLE awp=false se=false i=true al=0},r=1,c=false/false,a=HANDLING,uri=https://localhost:44051/config.yml,age=2}
03:43:12.594 [qtp399373008-61] DEBUG org.eclipse.jetty.io.ssl.SslConnection - flush b[0]=HeapByteBuffer@17352c86[p=0,l=164,c=8192,r=164]={<<<HTTP/1.1 200 OK\r\nDate: Th...y(9.4.44.v20210927)\r\n\r\n>>>\x00\x00\x00\x00\x00\x00\x00\x00\x00...\x00\x00\x00\x00\x00\x00\x00}
03:43:12.594 [qtp399373008-61] DEBUG org.eclipse.jetty.io.ssl.SslConnection - flush b[1]=HeapByteBuffer@c31a5fd[p=0,l=4,c=512,r=4]={<<<path>>>\x00\x00\x00\x00\x00\x00\x00\x00\x00...\x00\x00\x00\x00\x00\x00\x00}
03:43:12.594 [qtp399373008-61] DEBUG org.eclipse.jetty.io.ssl.SslConnection - flush NOT_HANDSHAKING
03:43:12.594 [qtp399373008-61] DEBUG org.eclipse.jetty.io.ssl.SslConnection - wrap Status = OK HandshakeStatus = NOT_HANDSHAKING bytesConsumed = 168 bytesProduced = 206 [p=0,l=206,c=17408,r=206] ioDone=false/false
03:43:12.594 [qtp399373008-61] DEBUG org.eclipse.jetty.io.ChannelEndPoint - flushed 206 SocketChannelEndPoint@7613fbb1{l=/127.0.0.1:44051,r=/127.0.0.1:33232,OPEN,fill=-,flush=-,to=3/30000}{io=0/0,kio=0,kro=1}->SslConnection@7c73f61b{NOT_HANDSHAKING,eio=-1/0,di=-1,fill=IDLE,flush=IDLE}~>DecryptedEndPoint@81a3ece{l=/127.0.0.1:44051,r=/127.0.0.1:33232,OPEN,fill=-,flush=W,to=46/30000}=>HttpConnection@28d7ca94[p=HttpParser{s=CONTENT,0 of -1},g=HttpGenerator@25465b15{s=COMPLETING}]=>HttpChannelOverHttp@39e90138{s=HttpChannelState@50ceabc7{s=HANDLING rs=BLOCKING os=COMMITTED is=IDLE awp=false se=false i=true al=0},r=1,c=false/false,a=HANDLING,uri=https://localhost:44051/config.yml,age=2}
03:43:12.594 [qtp399373008-61] DEBUG org.eclipse.jetty.io.ssl.SslConnection - net flushed=true, ac=true
03:43:12.594 [qtp399373008-61] DEBUG org.eclipse.jetty.io.ssl.SslConnection - <flush true SslConnection@7c73f61b::SocketChannelEndPoint@7613fbb1{l=/127.0.0.1:44051,r=/127.0.0.1:33232,OPEN,fill=-,flush=-,to=0/30000}{io=0/0,kio=0,kro=1}->SslConnection@7c73f61b{NOT_HANDSHAKING,eio=-1/-1,di=-1,fill=IDLE,flush=IDLE}~>DecryptedEndPoint@81a3ece{l=/127.0.0.1:44051,r=/127.0.0.1:33232,OPEN,fill=-,flush=W,to=46/30000}=>HttpConnection@28d7ca94[p=HttpParser{s=CONTENT,0 of -1},g=HttpGenerator@25465b15{s=COMPLETING}]=>HttpChannelOverHttp@39e90138{s=HttpChannelState@50ceabc7{s=HANDLING rs=BLOCKING os=COMMITTED is=IDLE awp=false se=false i=true al=0},r=1,c=false/false,a=HANDLING,uri=https://localhost:44051/config.yml,age=2}
03:43:12.594 [qtp399373008-61] DEBUG org.eclipse.jetty.io.WriteFlusher - Flushed=true written=168 remaining=0 WriteFlusher@303cb348{WRITING}->null
03:43:12.594 [main] DEBUG org.apache.nifi.minifi.bootstrap.configuration.ingestors.PullHttpChangeIngestor - Response received: Response{protocol=http/1.1, code=200, message=OK, url=https://localhost:44051/config.yml}
03:43:12.595 [main] DEBUG org.apache.nifi.minifi.bootstrap.configuration.ingestors.PullHttpChangeIngestor - New change received, notifying listener
03:43:12.595 [main] DEBUG org.apache.nifi.minifi.bootstrap.configuration.ingestors.PullHttpChangeIngestor - Listeners notified
]]></system-out>
  </testcase>
  <testcase name="testUseEtag" classname="org.apache.nifi.minifi.bootstrap.configuration.ingestors.PullHttpChangeIngestorSSLTest" time="0.08">
    <system-out><![CDATA[03:43:12.594 [qtp399373008-61] DEBUG org.eclipse.jetty.io.WriteFlusher - update WriteFlusher@303cb348{IDLE}->null:WRITING-->IDLE
03:43:12.595 [qtp399373008-61] DEBUG org.eclipse.jetty.server.HttpConnection - generate: DONE for SendCallback@6c03a1ff[PROCESSING][i=HTTP/1.1{s=200,h=4,cl=4},cb=org.eclipse.jetty.server.HttpChannel$SendCallback@16aa6de3] ([p=164,l=164,c=8192,r=0],[p=4,l=4,c=512,r=0],true)@END
03:43:12.595 [qtp399373008-61] DEBUG org.eclipse.jetty.server.HttpOutput - onWriteComplete(true,null) s=CLOSING,api=BLOCKED,sc=false,e=null->s=CLOSED,api=BLOCKING,sc=false,e=null c=null cb=null w=false
03:43:12.595 [qtp399373008-61] DEBUG org.eclipse.jetty.server.HttpOutput - close() s=CLOSED,api=BLOCKING,sc=false,e=null c=null b=null
03:43:12.596 [qtp399373008-61] DEBUG org.eclipse.jetty.server.Server - handled=true async=false committed=true on HttpChannelOverHttp@39e90138{s=HttpChannelState@50ceabc7{s=HANDLING rs=BLOCKING os=COMPLETED is=IDLE awp=false se=false i=true al=0},r=1,c=false/true,a=HANDLING,uri=https://localhost:44051/config.yml,age=4}
03:43:12.596 [qtp399373008-61] DEBUG org.eclipse.jetty.server.HttpChannelState - unhandle HttpChannelState@50ceabc7{s=HANDLING rs=BLOCKING os=COMPLETED is=IDLE awp=false se=false i=true al=0}
03:43:12.596 [qtp399373008-61] DEBUG org.eclipse.jetty.server.HttpChannelState - nextAction(false) COMPLETE HttpChannelState@50ceabc7{s=HANDLING rs=COMPLETING os=COMPLETED is=IDLE awp=false se=false i=false al=0}
03:43:12.596 [qtp399373008-61] DEBUG org.eclipse.jetty.server.HttpChannel - action COMPLETE HttpChannelOverHttp@39e90138{s=HttpChannelState@50ceabc7{s=HANDLING rs=COMPLETING os=COMPLETED is=IDLE awp=false se=false i=false al=0},r=1,c=false/true,a=HANDLING,uri=https://localhost:44051/config.yml,age=4}
03:43:12.600 [qtp399373008-61] DEBUG org.eclipse.jetty.server.HttpOutput - complete(org.eclipse.jetty.util.Callback$3@4141e0e9) s=CLOSED,api=BLOCKING,sc=false,e=null s=true e=null, c=null
03:43:12.600 [qtp399373008-61] DEBUG org.eclipse.jetty.server.HttpChannelState - completed HttpChannelState@50ceabc7{s=HANDLING rs=COMPLETING os=COMPLETED is=IDLE awp=false se=false i=false al=0}
03:43:12.600 [qtp399373008-61] DEBUG org.eclipse.jetty.server.HttpChannelState - unhandle HttpChannelState@50ceabc7{s=HANDLING rs=COMPLETED os=COMPLETED is=IDLE awp=false se=false i=false al=0}
03:43:12.600 [qtp399373008-61] DEBUG org.eclipse.jetty.server.HttpChannelState - nextAction(false) TERMINATED HttpChannelState@50ceabc7{s=IDLE rs=COMPLETED os=COMPLETED is=IDLE awp=false se=false i=false al=0}
03:43:12.600 [qtp399373008-61] DEBUG org.eclipse.jetty.server.HttpChannel - action TERMINATED HttpChannelOverHttp@39e90138{s=HttpChannelState@50ceabc7{s=IDLE rs=COMPLETED os=COMPLETED is=IDLE awp=false se=false i=false al=0},r=1,c=true/true,a=IDLE,uri=https://localhost:44051/config.yml,age=8}
03:43:12.600 [qtp399373008-61] DEBUG org.eclipse.jetty.server.HttpChannel - onCompleted for /config.yml written=4
03:43:12.600 [qtp399373008-61] DEBUG org.eclipse.jetty.io.ssl.SslConnection - >fill SslConnection@7c73f61b::SocketChannelEndPoint@7613fbb1{l=/127.0.0.1:44051,r=/127.0.0.1:33232,OPEN,fill=-,flush=-,to=5/30000}{io=0/0,kio=0,kro=1}->SslConnection@7c73f61b{NOT_HANDSHAKING,eio=-1/-1,di=-1,fill=IDLE,flush=IDLE}~>DecryptedEndPoint@81a3ece{l=/127.0.0.1:44051,r=/127.0.0.1:33232,OPEN,fill=-,flush=-,to=52/30000}=>HttpConnection@28d7ca94[p=HttpParser{s=CONTENT,0 of -1},g=HttpGenerator@25465b15{s=END}]=>HttpChannelOverHttp@39e90138{s=HttpChannelState@50ceabc7{s=IDLE rs=COMPLETED os=COMPLETED is=IDLE awp=false se=false i=false al=0},r=1,c=true/true,a=IDLE,uri=https://localhost:44051/config.yml,age=8}
03:43:12.600 [qtp399373008-61] DEBUG org.eclipse.jetty.io.ssl.SslConnection - fill NOT_HANDSHAKING
03:43:12.600 [qtp399373008-61] DEBUG org.eclipse.jetty.io.ChannelEndPoint - filled 0 HeapByteBuffer@729047a8[p=0,l=0,c=17408,r=0]={<<<>>>GET /conf...\x00\x00\x00\x00\x00\x00\x00}
03:43:12.601 [qtp399373008-61] DEBUG org.eclipse.jetty.io.ssl.SslConnection - net filled=0
03:43:12.601 [qtp399373008-61] DEBUG org.eclipse.jetty.io.ssl.SslConnection - unwrap net_filled=0 Status = BUFFER_UNDERFLOW HandshakeStatus = NOT_HANDSHAKING bytesConsumed = 0 bytesProduced = 0 encryptedBuffer=[p=0,l=0,c=17408,r=0] unwrapBuffer=HeapByteBuffer@76afdda5[p=0,l=0,c=17408,r=0]={<<<>>>\x17\x03\x03\x03\xAd\x0b\x00\x03\x88...\x00\x00\x00\x00\x00\x00\x00} appBuffer=HeapByteBuffer@76afdda5[p=0,l=0,c=17408,r=0]={<<<>>>\x17\x03\x03\x03\xAd\x0b\x00\x03\x88...\x00\x00\x00\x00\x00\x00\x00}
03:43:12.602 [main] DEBUG org.apache.nifi.minifi.bootstrap.configuration.ingestors.PullHttpChangeIngestor - Attempting to pull new config
03:43:12.602 [qtp399373008-59-acceptor-0@4795ded0-ServerConnector@2374d36a{SSL, (ssl, http/1.1)}{localhost:44051}] DEBUG org.eclipse.jetty.io.ManagedSelector - Queued change lazy=false Accept@2ab9857d[java.nio.channels.SocketChannel[connected local=/127.0.0.1:44051 remote=/127.0.0.1:33248]] on ManagedSelector@47a86fbb{STARTED} id=2 keys=0 selected=0 updates=0
03:43:12.602 [qtp399373008-59-acceptor-0@4795ded0-ServerConnector@2374d36a{SSL, (ssl, http/1.1)}{localhost:44051}] DEBUG org.eclipse.jetty.io.ManagedSelector - Wakeup on submit ManagedSelector@47a86fbb{STARTED} id=2 keys=0 selected=0 updates=1
03:43:12.603 [qtp399373008-57] DEBUG org.eclipse.jetty.io.ManagedSelector - Selector sun.nio.ch.EPollSelectorImpl@1eaae130 woken with none selected
03:43:12.603 [qtp399373008-57] DEBUG org.eclipse.jetty.io.ManagedSelector - Selector sun.nio.ch.EPollSelectorImpl@1eaae130 woken up from select, 0/0/0 selected
03:43:12.603 [qtp399373008-57] DEBUG org.eclipse.jetty.io.ManagedSelector - Selector sun.nio.ch.EPollSelectorImpl@1eaae130 processing 0 keys, 1 updates
03:43:12.603 [qtp399373008-57] DEBUG org.eclipse.jetty.io.ManagedSelector - updateable 1
03:43:12.604 [qtp399373008-57] DEBUG org.eclipse.jetty.io.ManagedSelector - update Accept@2ab9857d[java.nio.channels.SocketChannel[connected local=/127.0.0.1:44051 remote=/127.0.0.1:33248]]
03:43:12.604 [qtp399373008-57] DEBUG org.eclipse.jetty.util.thread.QueuedThreadPool - queue Accept@2ab9857d[java.nio.channels.SocketChannel[connected local=/127.0.0.1:44051 remote=/127.0.0.1:33248]] startThread=0
03:43:12.604 [qtp399373008-57] DEBUG org.eclipse.jetty.io.ManagedSelector - updates 0
03:43:12.604 [qtp399373008-56] DEBUG org.eclipse.jetty.util.thread.QueuedThreadPool - run Accept@2ab9857d[java.nio.channels.SocketChannel[connected local=/127.0.0.1:44051 remote=/127.0.0.1:33248]] in QueuedThreadPool[qtp399373008]@17cdf2d0{STARTED,8<=8<=200,i=0,r=-1,q=0}[ReservedThreadExecutor@424fd310{reserved=1/8,pending=0}]
03:43:12.604 [qtp399373008-56] DEBUG org.eclipse.jetty.io.IdleTimeout - SocketChannelEndPoint@4c0b7e62{l=/127.0.0.1:44051,r=/127.0.0.1:33248,OPEN,fill=-,flush=-,to=0/30000}{io=0/0,kio=0,kro=0}-><null> idle timeout check, elapsed: 0 ms, remaining: 30000 ms
03:43:12.605 [qtp399373008-56] DEBUG org.eclipse.jetty.util.ssl.SslContextFactory - Customize sun.security.ssl.SSLEngineImpl@4d3a6be8
03:43:12.605 [qtp399373008-56] DEBUG org.eclipse.jetty.server.HttpChannel - new HttpChannelOverHttp@4a41e160{s=HttpChannelState@40e00851{s=IDLE rs=BLOCKING os=OPEN is=IDLE awp=false se=false i=true al=0},r=0,c=false/false,a=IDLE,uri=null,age=0} -> DecryptedEndPoint@570f9641{l=/127.0.0.1:44051,r=/127.0.0.1:33248,OPEN,fill=-,flush=-,to=0/30000},null,HttpChannelState@40e00851{s=IDLE rs=BLOCKING os=OPEN is=IDLE awp=false se=false i=true al=0}
03:43:12.605 [qtp399373008-61] DEBUG org.eclipse.jetty.io.ssl.SslConnection - <fill f=0 uf=true SslConnection@7c73f61b::SocketChannelEndPoint@7613fbb1{l=/127.0.0.1:44051,r=/127.0.0.1:33232,OPEN,fill=-,flush=-,to=9/30000}{io=0/0,kio=0,kro=1}->SslConnection@7c73f61b{NOT_HANDSHAKING,eio=-1/-1,di=-1,fill=IDLE,flush=IDLE}~>DecryptedEndPoint@81a3ece{l=/127.0.0.1:44051,r=/127.0.0.1:33232,OPEN,fill=-,flush=-,to=56/30000}=>HttpConnection@28d7ca94[p=HttpParser{s=CONTENT,0 of -1},g=HttpGenerator@25465b15{s=END}]=>HttpChannelOverHttp@39e90138{s=HttpChannelState@50ceabc7{s=IDLE rs=COMPLETED os=COMPLETED is=IDLE awp=false se=false i=false al=0},r=1,c=true/true,a=IDLE,uri=https://localhost:44051/config.yml,age=12}
03:43:12.604 [qtp399373008-57] DEBUG org.eclipse.jetty.io.ManagedSelector - Selector sun.nio.ch.EPollSelectorImpl@1eaae130 waiting with 1 keys
03:43:12.605 [qtp399373008-56] DEBUG org.eclipse.jetty.server.HttpConnection - New HTTP Connection HttpConnection@4974d263::DecryptedEndPoint@570f9641{l=/127.0.0.1:44051,r=/127.0.0.1:33248,OPEN,fill=-,flush=-,to=0/30000}
03:43:12.605 [qtp399373008-56] DEBUG org.eclipse.jetty.io.ManagedSelector - Queued change lazy=true org.eclipse.jetty.io.ManagedSelector$$Lambda$258/445561681@c7b70cc on ManagedSelector@47a86fbb{STARTED} id=2 keys=1 selected=0 updates=0
03:43:12.605 [qtp399373008-61] DEBUG org.eclipse.jetty.io.ssl.SslConnection - >fill SslConnection@7c73f61b::SocketChannelEndPoint@7613fbb1{l=/127.0.0.1:44051,r=/127.0.0.1:33232,OPEN,fill=-,flush=-,to=10/30000}{io=0/0,kio=0,kro=1}->SslConnection@7c73f61b{NOT_HANDSHAKING,eio=-1/-1,di=-1,fill=IDLE,flush=IDLE}~>DecryptedEndPoint@81a3ece{l=/127.0.0.1:44051,r=/127.0.0.1:33232,OPEN,fill=-,flush=-,to=56/30000}=>HttpConnection@28d7ca94[p=HttpParser{s=CONTENT,0 of -1},g=HttpGenerator@25465b15{s=END}]=>HttpChannelOverHttp@39e90138{s=HttpChannelState@50ceabc7{s=IDLE rs=COMPLETED os=COMPLETED is=IDLE awp=false se=false i=false al=0},r=1,c=true/true,a=IDLE,uri=https://localhost:44051/config.yml,age=13}
03:43:12.605 [qtp399373008-61] DEBUG org.eclipse.jetty.io.ssl.SslConnection - fill NOT_HANDSHAKING
03:43:12.605 [qtp399373008-56] DEBUG org.eclipse.jetty.io.AbstractEndPoint - onOpen SocketChannelEndPoint@4c0b7e62{l=/127.0.0.1:44051,r=/127.0.0.1:33248,OPEN,fill=-,flush=-,to=0/30000}{io=0/0,kio=0,kro=0}->SslConnection@4c995392{NOT_HANDSHAKING,eio=-1/-1,di=-1,fill=IDLE,flush=IDLE}~>DecryptedEndPoint@570f9641{l=/127.0.0.1:44051,r=/127.0.0.1:33248,OPEN,fill=-,flush=-,to=0/30000}=>HttpConnection@4974d263[p=HttpParser{s=START,0 of -1},g=HttpGenerator@670f79de{s=START}]=>HttpChannelOverHttp@4a41e160{s=HttpChannelState@40e00851{s=IDLE rs=BLOCKING os=OPEN is=IDLE awp=false se=false i=true al=0},r=0,c=false/false,a=IDLE,uri=null,age=0}
03:43:12.605 [qtp399373008-61] DEBUG org.eclipse.jetty.io.ChannelEndPoint - filled 0 HeapByteBuffer@78682cd8[p=0,l=0,c=17408,r=0]={<<<>>>\x17\x03\x03\x00\xC9O\x8d\xA9F...\x00\x00\x00\x00\x00\x00\x00}
03:43:12.605 [qtp399373008-61] DEBUG org.eclipse.jetty.io.ssl.SslConnection - net filled=0
03:43:12.605 [qtp399373008-61] DEBUG org.eclipse.jetty.io.ssl.SslConnection - unwrap net_filled=0 Status = BUFFER_UNDERFLOW HandshakeStatus = NOT_HANDSHAKING bytesConsumed = 0 bytesProduced = 0 encryptedBuffer=[p=0,l=0,c=17408,r=0] unwrapBuffer=HeapByteBuffer@76afdda5[p=0,l=0,c=17408,r=0]={<<<>>>\x17\x03\x03\x03\xAd\x0b\x00\x03\x88...\x00\x00\x00\x00\x00\x00\x00} appBuffer=HeapByteBuffer@76afdda5[p=0,l=0,c=17408,r=0]={<<<>>>\x17\x03\x03\x03\xAd\x0b\x00\x03\x88...\x00\x00\x00\x00\x00\x00\x00}
03:43:12.605 [qtp399373008-56] DEBUG org.eclipse.jetty.io.AbstractConnection - onOpen SslConnection@4c995392::SocketChannelEndPoint@4c0b7e62{l=/127.0.0.1:44051,r=/127.0.0.1:33248,OPEN,fill=-,flush=-,to=0/30000}{io=0/0,kio=0,kro=0}->SslConnection@4c995392{NOT_HANDSHAKING,eio=-1/-1,di=-1,fill=IDLE,flush=IDLE}~>DecryptedEndPoint@570f9641{l=/127.0.0.1:44051,r=/127.0.0.1:33248,OPEN,fill=-,flush=-,to=0/30000}=>HttpConnection@4974d263[p=HttpParser{s=START,0 of -1},g=HttpGenerator@670f79de{s=START}]=>HttpChannelOverHttp@4a41e160{s=HttpChannelState@40e00851{s=IDLE rs=BLOCKING os=OPEN is=IDLE awp=false se=false i=true al=0},r=0,c=false/false,a=IDLE,uri=null,age=0}
03:43:12.605 [qtp399373008-56] DEBUG org.eclipse.jetty.io.AbstractConnection - onOpen HttpConnection@4974d263::DecryptedEndPoint@570f9641{l=/127.0.0.1:44051,r=/127.0.0.1:33248,OPEN,fill=-,flush=-,to=0/30000}
03:43:12.605 [qtp399373008-56] DEBUG org.eclipse.jetty.io.AbstractConnection - fillInterested HttpConnection@4974d263::DecryptedEndPoint@570f9641{l=/127.0.0.1:44051,r=/127.0.0.1:33248,OPEN,fill=-,flush=-,to=0/30000}
03:43:12.605 [qtp399373008-56] DEBUG org.eclipse.jetty.io.FillInterest - interested FillInterest@8075896{AC.ReadCB@4974d263{HttpConnection@4974d263::DecryptedEndPoint@570f9641{l=/127.0.0.1:44051,r=/127.0.0.1:33248,OPEN,fill=FI,flush=-,to=0/30000}}}
03:43:12.605 [qtp399373008-61] DEBUG org.eclipse.jetty.io.ssl.SslConnection - <fill f=0 uf=true SslConnection@7c73f61b::SocketChannelEndPoint@7613fbb1{l=/127.0.0.1:44051,r=/127.0.0.1:33232,OPEN,fill=-,flush=-,to=10/30000}{io=0/0,kio=0,kro=1}->SslConnection@7c73f61b{NOT_HANDSHAKING,eio=-1/-1,di=-1,fill=IDLE,flush=IDLE}~>DecryptedEndPoint@81a3ece{l=/127.0.0.1:44051,r=/127.0.0.1:33232,OPEN,fill=-,flush=-,to=57/30000}=>HttpConnection@28d7ca94[p=HttpParser{s=CONTENT,0 of -1},g=HttpGenerator@25465b15{s=END}]=>HttpChannelOverHttp@39e90138{s=HttpChannelState@50ceabc7{s=IDLE rs=COMPLETED os=COMPLETED is=IDLE awp=false se=false i=false al=0},r=1,c=true/true,a=IDLE,uri=https://localhost:44051/config.yml,age=13}
03:43:12.605 [qtp399373008-61] DEBUG org.eclipse.jetty.server.HttpConnection - HttpConnection@28d7ca94::DecryptedEndPoint@81a3ece{l=/127.0.0.1:44051,r=/127.0.0.1:33232,OPEN,fill=-,flush=-,to=57/30000} filled 0 HeapByteBuffer@76afdda5[p=0,l=0,c=17408,r=0]={<<<>>>\x17\x03\x03\x03\xAd\x0b\x00\x03\x88...\x00\x00\x00\x00\x00\x00\x00}
03:43:12.605 [qtp399373008-56] DEBUG org.eclipse.jetty.io.ssl.SslConnection - >needFillInterest s=IDLE/IDLE uf=false ei=null di=null SslConnection@4c995392::SocketChannelEndPoint@4c0b7e62{l=/127.0.0.1:44051,r=/127.0.0.1:33248,OPEN,fill=-,flush=-,to=0/30000}{io=0/0,kio=0,kro=0}->SslConnection@4c995392{NOT_HANDSHAKING,eio=-1/-1,di=-1,fill=IDLE,flush=IDLE}~>DecryptedEndPoint@570f9641{l=/127.0.0.1:44051,r=/127.0.0.1:33248,OPEN,fill=FI,flush=-,to=0/30000}=>HttpConnection@4974d263[p=HttpParser{s=START,0 of -1},g=HttpGenerator@670f79de{s=START}]=>HttpChannelOverHttp@4a41e160{s=HttpChannelState@40e00851{s=IDLE rs=BLOCKING os=OPEN is=IDLE awp=false se=false i=true al=0},r=0,c=false/false,a=IDLE,uri=null,age=0}
03:43:12.605 [qtp399373008-56] DEBUG org.eclipse.jetty.io.ssl.SslConnection - <needFillInterest s=IDLE/INTERESTED f=false i=true w=null
03:43:12.605 [qtp399373008-61] DEBUG org.eclipse.jetty.server.HttpConnection - HttpConnection@28d7ca94::DecryptedEndPoint@81a3ece{l=/127.0.0.1:44051,r=/127.0.0.1:33232,OPEN,fill=-,flush=-,to=57/30000} parse HeapByteBuffer@76afdda5[p=0,l=0,c=17408,r=0]={<<<>>>\x17\x03\x03\x03\xAd\x0b\x00\x03\x88...\x00\x00\x00\x00\x00\x00\x00} {}
03:43:12.605 [qtp399373008-61] DEBUG org.eclipse.jetty.http.HttpParser - parseNext s=CONTENT HeapByteBuffer@76afdda5[p=0,l=0,c=17408,r=0]={<<<>>>\x17\x03\x03\x03\xAd\x0b\x00\x03\x88...\x00\x00\x00\x00\x00\x00\x00}
03:43:12.605 [qtp399373008-61] DEBUG org.eclipse.jetty.http.HttpParser - CONTENT --> CONTENT_END
03:43:12.605 [qtp399373008-56] DEBUG org.eclipse.jetty.io.ssl.SslConnection - ensureFillInterested SslConnection@4c995392::SocketChannelEndPoint@4c0b7e62{l=/127.0.0.1:44051,r=/127.0.0.1:33248,OPEN,fill=-,flush=-,to=0/30000}{io=0/0,kio=0,kro=0}->SslConnection@4c995392{NOT_HANDSHAKING,eio=-1/-1,di=-1,fill=INTERESTED,flush=IDLE}~>DecryptedEndPoint@570f9641{l=/127.0.0.1:44051,r=/127.0.0.1:33248,OPEN,fill=FI,flush=-,to=0/30000}=>HttpConnection@4974d263[p=HttpParser{s=START,0 of -1},g=HttpGenerator@670f79de{s=START}]=>HttpChannelOverHttp@4a41e160{s=HttpChannelState@40e00851{s=IDLE rs=BLOCKING os=OPEN is=IDLE awp=false se=false i=true al=0},r=0,c=false/false,a=IDLE,uri=null,age=0}
03:43:12.605 [qtp399373008-61] DEBUG org.eclipse.jetty.server.HttpChannel - onContentComplete HttpChannelOverHttp@39e90138{s=HttpChannelState@50ceabc7{s=IDLE rs=COMPLETED os=COMPLETED is=IDLE awp=false se=false i=false al=0},r=1,c=true/true,a=IDLE,uri=https://localhost:44051/config.yml,age=13}
03:43:12.605 [qtp399373008-61] DEBUG org.eclipse.jetty.http.HttpParser - CONTENT_END --> END
03:43:12.605 [qtp399373008-61] DEBUG org.eclipse.jetty.server.HttpChannel - onRequestComplete HttpChannelOverHttp@39e90138{s=HttpChannelState@50ceabc7{s=IDLE rs=COMPLETED os=COMPLETED is=IDLE awp=false se=false i=false al=0},r=1,c=true/true,a=IDLE,uri=https://localhost:44051/config.yml,age=13}
03:43:12.605 [qtp399373008-56] DEBUG org.eclipse.jetty.io.FillInterest - interested FillInterest@5f2da44a{SSLC.NBReadCB@4c995392{SslConnection@4c995392::SocketChannelEndPoint@4c0b7e62{l=/127.0.0.1:44051,r=/127.0.0.1:33248,OPEN,fill=FI,flush=-,to=0/30000}{io=0/0,kio=0,kro=0}->SslConnection@4c995392{NOT_HANDSHAKING,eio=-1/-1,di=-1,fill=INTERESTED,flush=IDLE}~>DecryptedEndPoint@570f9641{l=/127.0.0.1:44051,r=/127.0.0.1:33248,OPEN,fill=FI,flush=-,to=0/30000}=>HttpConnection@4974d263[p=HttpParser{s=START,0 of -1},g=HttpGenerator@670f79de{s=START}]=>HttpChannelOverHttp@4a41e160{s=HttpChannelState@40e00851{s=IDLE rs=BLOCKING os=OPEN is=IDLE awp=false se=false i=true al=0},r=0,c=false/false,a=IDLE,uri=null,age=0}}}
03:43:12.605 [qtp399373008-61] DEBUG org.eclipse.jetty.server.HttpInput - HttpInputOverHTTP@4415857[c=0,q=0,[0]=null,s=STREAM] addContent EOF
03:43:12.606 [qtp399373008-61] DEBUG org.eclipse.jetty.server.HttpConnection - HttpConnection@28d7ca94::DecryptedEndPoint@81a3ece{l=/127.0.0.1:44051,r=/127.0.0.1:33232,OPEN,fill=-,flush=-,to=57/30000} parsed false HttpParser{s=END,0 of -1}
03:43:12.606 [qtp399373008-56] DEBUG org.eclipse.jetty.io.ChannelEndPoint - changeInterests p=false 0->1 for SocketChannelEndPoint@4c0b7e62{l=/127.0.0.1:44051,r=/127.0.0.1:33248,OPEN,fill=FI,flush=-,to=0/30000}{io=0/1,kio=0,kro=0}->SslConnection@4c995392{NOT_HANDSHAKING,eio=-1/-1,di=-1,fill=INTERESTED,flush=IDLE}~>DecryptedEndPoint@570f9641{l=/127.0.0.1:44051,r=/127.0.0.1:33248,OPEN,fill=FI,flush=-,to=0/30000}=>HttpConnection@4974d263[p=HttpParser{s=START,0 of -1},g=HttpGenerator@670f79de{s=START}]=>HttpChannelOverHttp@4a41e160{s=HttpChannelState@40e00851{s=IDLE rs=BLOCKING os=OPEN is=IDLE awp=false se=false i=true al=0},r=0,c=false/false,a=IDLE,uri=null,age=0}
03:43:12.606 [qtp399373008-61] DEBUG org.eclipse.jetty.server.HttpConnection - releaseRequestBuffer HttpConnection@28d7ca94::DecryptedEndPoint@81a3ece{l=/127.0.0.1:44051,r=/127.0.0.1:33232,OPEN,fill=-,flush=-,to=57/30000}
03:43:12.606 [qtp399373008-56] DEBUG org.eclipse.jetty.io.ManagedSelector - Queued change lazy=false org.eclipse.jetty.io.ChannelEndPoint$$Lambda$255/90666987@59ae69fe on ManagedSelector@47a86fbb{STARTED} id=2 keys=1 selected=0 updates=1
03:43:12.606 [qtp399373008-61] DEBUG org.eclipse.jetty.server.HttpChannelState - recycle HttpChannelState@50ceabc7{s=IDLE rs=COMPLETED os=COMPLETED is=IDLE awp=false se=false i=false al=0}
03:43:12.606 [qtp399373008-56] DEBUG org.eclipse.jetty.io.ManagedSelector - Wakeup on submit ManagedSelector@47a86fbb{STARTED} id=2 keys=1 selected=0 updates=2
03:43:12.606 [qtp399373008-61] DEBUG org.eclipse.jetty.http.HttpParser - reset HttpParser{s=END,0 of -1}
03:43:12.606 [qtp399373008-61] DEBUG org.eclipse.jetty.http.HttpParser - END --> START
03:43:12.606 [qtp399373008-61] DEBUG org.eclipse.jetty.server.HttpChannel - !handle TERMINATED HttpChannelOverHttp@39e90138{s=HttpChannelState@50ceabc7{s=IDLE rs=BLOCKING os=OPEN is=IDLE awp=false se=false i=true al=0},r=1,c=false/false,a=IDLE,uri=null,age=0}
03:43:12.606 [qtp399373008-56] DEBUG org.eclipse.jetty.io.ManagedSelector - Created SocketChannelEndPoint@4c0b7e62{l=/127.0.0.1:44051,r=/127.0.0.1:33248,OPEN,fill=FI,flush=-,to=0/30000}{io=0/1,kio=0,kro=0}->SslConnection@4c995392{NOT_HANDSHAKING,eio=-1/-1,di=-1,fill=INTERESTED,flush=IDLE}~>DecryptedEndPoint@570f9641{l=/127.0.0.1:44051,r=/127.0.0.1:33248,OPEN,fill=FI,flush=-,to=0/30000}=>HttpConnection@4974d263[p=HttpParser{s=START,0 of -1},g=HttpGenerator@670f79de{s=START}]=>HttpChannelOverHttp@4a41e160{s=HttpChannelState@40e00851{s=IDLE rs=BLOCKING os=OPEN is=IDLE awp=false se=false i=true al=0},r=0,c=false/false,a=IDLE,uri=null,age=0}
03:43:12.606 [qtp399373008-56] DEBUG org.eclipse.jetty.util.thread.QueuedThreadPool - ran Accept@2ab9857d[java.nio.channels.SocketChannel[connected local=/127.0.0.1:44051 remote=/127.0.0.1:33248]] in QueuedThreadPool[qtp399373008]@17cdf2d0{STARTED,8<=8<=200,i=0,r=-1,q=0}[ReservedThreadExecutor@424fd310{reserved=1/8,pending=0}]
03:43:12.606 [qtp399373008-61] DEBUG org.eclipse.jetty.io.ssl.SslConnection - >fill SslConnection@7c73f61b::SocketChannelEndPoint@7613fbb1{l=/127.0.0.1:44051,r=/127.0.0.1:33232,OPEN,fill=-,flush=-,to=11/30000}{io=0/0,kio=0,kro=1}->SslConnection@7c73f61b{NOT_HANDSHAKING,eio=-1/-1,di=-1,fill=IDLE,flush=IDLE}~>DecryptedEndPoint@81a3ece{l=/127.0.0.1:44051,r=/127.0.0.1:33232,OPEN,fill=-,flush=-,to=57/30000}=>HttpConnection@28d7ca94[p=HttpParser{s=START,0 of -1},g=HttpGenerator@25465b15{s=START}]=>HttpChannelOverHttp@39e90138{s=HttpChannelState@50ceabc7{s=IDLE rs=BLOCKING os=OPEN is=IDLE awp=false se=false i=true al=0},r=1,c=false/false,a=IDLE,uri=null,age=0}
03:43:12.606 [qtp399373008-61] DEBUG org.eclipse.jetty.io.ssl.SslConnection - fill NOT_HANDSHAKING
03:43:12.606 [qtp399373008-57] DEBUG org.eclipse.jetty.io.ManagedSelector - Selector sun.nio.ch.EPollSelectorImpl@1eaae130 woken with none selected
03:43:12.606 [qtp399373008-57] DEBUG org.eclipse.jetty.io.ManagedSelector - Selector sun.nio.ch.EPollSelectorImpl@1eaae130 woken up from select, 0/0/1 selected
03:43:12.606 [qtp399373008-57] DEBUG org.eclipse.jetty.io.ManagedSelector - Selector sun.nio.ch.EPollSelectorImpl@1eaae130 processing 0 keys, 2 updates
03:43:12.606 [qtp399373008-57] DEBUG org.eclipse.jetty.io.ManagedSelector - updateable 2
03:43:12.606 [qtp399373008-61] DEBUG org.eclipse.jetty.io.ChannelEndPoint - filled 0 HeapByteBuffer@78682cd8[p=0,l=0,c=17408,r=0]={<<<>>>\x17\x03\x03\x00\xC9O\x8d\xA9F...\x00\x00\x00\x00\x00\x00\x00}
03:43:12.606 [qtp399373008-57] DEBUG org.eclipse.jetty.io.ManagedSelector - update org.eclipse.jetty.io.ManagedSelector$$Lambda$258/445561681@c7b70cc
03:43:12.606 [qtp399373008-61] DEBUG org.eclipse.jetty.io.ssl.SslConnection - net filled=0
03:43:12.606 [qtp399373008-57] DEBUG org.eclipse.jetty.io.ManagedSelector - update org.eclipse.jetty.io.ChannelEndPoint$$Lambda$255/90666987@59ae69fe
03:43:12.606 [qtp399373008-61] DEBUG org.eclipse.jetty.io.ssl.SslConnection - unwrap net_filled=0 Status = BUFFER_UNDERFLOW HandshakeStatus = NOT_HANDSHAKING bytesConsumed = 0 bytesProduced = 0 encryptedBuffer=[p=0,l=0,c=17408,r=0] unwrapBuffer=HeapByteBuffer@729047a8[p=0,l=0,c=17408,r=0]={<<<>>>GET /conf...\x00\x00\x00\x00\x00\x00\x00} appBuffer=HeapByteBuffer@729047a8[p=0,l=0,c=17408,r=0]={<<<>>>GET /conf...\x00\x00\x00\x00\x00\x00\x00}
03:43:12.606 [qtp399373008-57] DEBUG org.eclipse.jetty.io.ChannelEndPoint - Key interests updated 0 -> 1 on SocketChannelEndPoint@4c0b7e62{l=/127.0.0.1:44051,r=/127.0.0.1:33248,OPEN,fill=FI,flush=-,to=0/30000}{io=1/1,kio=1,kro=0}->SslConnection@4c995392{NOT_HANDSHAKING,eio=-1/-1,di=-1,fill=INTERESTED,flush=IDLE}~>DecryptedEndPoint@570f9641{l=/127.0.0.1:44051,r=/127.0.0.1:33248,OPEN,fill=FI,flush=-,to=0/30000}=>HttpConnection@4974d263[p=HttpParser{s=START,0 of -1},g=HttpGenerator@670f79de{s=START}]=>HttpChannelOverHttp@4a41e160{s=HttpChannelState@40e00851{s=IDLE rs=BLOCKING os=OPEN is=IDLE awp=false se=false i=true al=0},r=0,c=false/false,a=IDLE,uri=null,age=0}
03:43:12.606 [qtp399373008-57] DEBUG org.eclipse.jetty.io.ManagedSelector - updates 0
03:43:12.606 [qtp399373008-57] DEBUG org.eclipse.jetty.io.ManagedSelector - Selector sun.nio.ch.EPollSelectorImpl@1eaae130 waiting with 1 keys
03:43:12.606 [qtp399373008-61] DEBUG org.eclipse.jetty.io.ssl.SslConnection - <fill f=0 uf=true SslConnection@7c73f61b::SocketChannelEndPoint@7613fbb1{l=/127.0.0.1:44051,r=/127.0.0.1:33232,OPEN,fill=-,flush=-,to=11/30000}{io=0/0,kio=0,kro=1}->SslConnection@7c73f61b{NOT_HANDSHAKING,eio=-1/-1,di=-1,fill=IDLE,flush=IDLE}~>DecryptedEndPoint@81a3ece{l=/127.0.0.1:44051,r=/127.0.0.1:33232,OPEN,fill=-,flush=-,to=57/30000}=>HttpConnection@28d7ca94[p=HttpParser{s=START,0 of -1},g=HttpGenerator@25465b15{s=START}]=>HttpChannelOverHttp@39e90138{s=HttpChannelState@50ceabc7{s=IDLE rs=BLOCKING os=OPEN is=IDLE awp=false se=false i=true al=0},r=1,c=false/false,a=IDLE,uri=null,age=0}
03:43:12.606 [qtp399373008-57] DEBUG org.eclipse.jetty.io.ManagedSelector - Selector sun.nio.ch.EPollSelectorImpl@1eaae130 woken up from select, 1/1/1 selected
03:43:12.606 [qtp399373008-57] DEBUG org.eclipse.jetty.io.ManagedSelector - Selector sun.nio.ch.EPollSelectorImpl@1eaae130 processing 1 keys, 0 updates
03:43:12.606 [qtp399373008-61] DEBUG org.eclipse.jetty.io.ssl.SslConnection - >fill SslConnection@7c73f61b::SocketChannelEndPoint@7613fbb1{l=/127.0.0.1:44051,r=/127.0.0.1:33232,OPEN,fill=-,flush=-,to=11/30000}{io=0/0,kio=0,kro=1}->SslConnection@7c73f61b{NOT_HANDSHAKING,eio=-1/-1,di=-1,fill=IDLE,flush=IDLE}~>DecryptedEndPoint@81a3ece{l=/127.0.0.1:44051,r=/127.0.0.1:33232,OPEN,fill=-,flush=-,to=58/30000}=>HttpConnection@28d7ca94[p=HttpParser{s=START,0 of -1},g=HttpGenerator@25465b15{s=START}]=>HttpChannelOverHttp@39e90138{s=HttpChannelState@50ceabc7{s=IDLE rs=BLOCKING os=OPEN is=IDLE awp=false se=false i=true al=0},r=1,c=false/false,a=IDLE,uri=null,age=0}
03:43:12.606 [qtp399373008-61] DEBUG org.eclipse.jetty.io.ssl.SslConnection - fill NOT_HANDSHAKING
03:43:12.606 [qtp399373008-57] DEBUG org.eclipse.jetty.io.ManagedSelector - selected 1 sun.nio.ch.SelectionKeyImpl@1a95763d SocketChannelEndPoint@4c0b7e62{l=/127.0.0.1:44051,r=/127.0.0.1:33248,OPEN,fill=FI,flush=-,to=0/30000}{io=1/1,kio=1,kro=1}->SslConnection@4c995392{NOT_HANDSHAKING,eio=-1/-1,di=-1,fill=INTERESTED,flush=IDLE}~>DecryptedEndPoint@570f9641{l=/127.0.0.1:44051,r=/127.0.0.1:33248,OPEN,fill=FI,flush=-,to=0/30000}=>HttpConnection@4974d263[p=HttpParser{s=START,0 of -1},g=HttpGenerator@670f79de{s=START}]=>HttpChannelOverHttp@4a41e160{s=HttpChannelState@40e00851{s=IDLE rs=BLOCKING os=OPEN is=IDLE awp=false se=false i=true al=0},r=0,c=false/false,a=IDLE,uri=null,age=0} 
03:43:12.606 [qtp399373008-61] DEBUG org.eclipse.jetty.io.ChannelEndPoint - filled 0 HeapByteBuffer@76afdda5[p=0,l=0,c=17408,r=0]={<<<>>>\x17\x03\x03\x03\xAd\x0b\x00\x03\x88...\x00\x00\x00\x00\x00\x00\x00}
03:43:12.606 [qtp399373008-61] DEBUG org.eclipse.jetty.io.ssl.SslConnection - net filled=0
03:43:12.606 [qtp399373008-57] DEBUG org.eclipse.jetty.io.ChannelEndPoint - onSelected 1->0 r=true w=false for SocketChannelEndPoint@4c0b7e62{l=/127.0.0.1:44051,r=/127.0.0.1:33248,OPEN,fill=FI,flush=-,to=0/30000}{io=1/0,kio=1,kro=1}->SslConnection@4c995392{NOT_HANDSHAKING,eio=-1/-1,di=-1,fill=INTERESTED,flush=IDLE}~>DecryptedEndPoint@570f9641{l=/127.0.0.1:44051,r=/127.0.0.1:33248,OPEN,fill=FI,flush=-,to=1/30000}=>HttpConnection@4974d263[p=HttpParser{s=START,0 of -1},g=HttpGenerator@670f79de{s=START}]=>HttpChannelOverHttp@4a41e160{s=HttpChannelState@40e00851{s=IDLE rs=BLOCKING os=OPEN is=IDLE awp=false se=false i=true al=0},r=0,c=false/false,a=IDLE,uri=null,age=0}
03:43:12.606 [qtp399373008-61] DEBUG org.eclipse.jetty.io.ssl.SslConnection - unwrap net_filled=0 Status = BUFFER_UNDERFLOW HandshakeStatus = NOT_HANDSHAKING bytesConsumed = 0 bytesProduced = 0 encryptedBuffer=[p=0,l=0,c=17408,r=0] unwrapBuffer=HeapByteBuffer@729047a8[p=0,l=0,c=17408,r=0]={<<<>>>GET /conf...\x00\x00\x00\x00\x00\x00\x00} appBuffer=HeapByteBuffer@729047a8[p=0,l=0,c=17408,r=0]={<<<>>>GET /conf...\x00\x00\x00\x00\x00\x00\x00}
03:43:12.606 [qtp399373008-57] DEBUG org.eclipse.jetty.io.ChannelEndPoint - task CEP:SocketChannelEndPoint@4c0b7e62{l=/127.0.0.1:44051,r=/127.0.0.1:33248,OPEN,fill=FI,flush=-,to=0/30000}{io=1/0,kio=1,kro=1}->SslConnection@4c995392{NOT_HANDSHAKING,eio=-1/-1,di=-1,fill=INTERESTED,flush=IDLE}~>DecryptedEndPoint@570f9641{l=/127.0.0.1:44051,r=/127.0.0.1:33248,OPEN,fill=FI,flush=-,to=1/30000}=>HttpConnection@4974d263[p=HttpParser{s=START,0 of -1},g=HttpGenerator@670f79de{s=START}]=>HttpChannelOverHttp@4a41e160{s=HttpChannelState@40e00851{s=IDLE rs=BLOCKING os=OPEN is=IDLE awp=false se=false i=true al=0},r=0,c=false/false,a=IDLE,uri=null,age=0}:runFillable:BLOCKING
03:43:12.606 [qtp399373008-61] DEBUG org.eclipse.jetty.io.ssl.SslConnection - <fill f=0 uf=true SslConnection@7c73f61b::SocketChannelEndPoint@7613fbb1{l=/127.0.0.1:44051,r=/127.0.0.1:33232,OPEN,fill=-,flush=-,to=12/30000}{io=0/0,kio=0,kro=1}->SslConnection@7c73f61b{NOT_HANDSHAKING,eio=-1/-1,di=-1,fill=IDLE,flush=IDLE}~>DecryptedEndPoint@81a3ece{l=/127.0.0.1:44051,r=/127.0.0.1:33232,OPEN,fill=-,flush=-,to=58/30000}=>HttpConnection@28d7ca94[p=HttpParser{s=START,0 of -1},g=HttpGenerator@25465b15{s=START}]=>HttpChannelOverHttp@39e90138{s=HttpChannelState@50ceabc7{s=IDLE rs=BLOCKING os=OPEN is=IDLE awp=false se=false i=true al=0},r=1,c=false/false,a=IDLE,uri=null,age=0}
03:43:12.606 [qtp399373008-61] DEBUG org.eclipse.jetty.server.HttpConnection - HttpConnection@28d7ca94::DecryptedEndPoint@81a3ece{l=/127.0.0.1:44051,r=/127.0.0.1:33232,OPEN,fill=-,flush=-,to=58/30000} filled 0 HeapByteBuffer@729047a8[p=0,l=0,c=17408,r=0]={<<<>>>GET /conf...\x00\x00\x00\x00\x00\x00\x00}
03:43:12.606 [qtp399373008-61] DEBUG org.eclipse.jetty.server.HttpConnection - HttpConnection@28d7ca94::DecryptedEndPoint@81a3ece{l=/127.0.0.1:44051,r=/127.0.0.1:33232,OPEN,fill=-,flush=-,to=58/30000} parse HeapByteBuffer@729047a8[p=0,l=0,c=17408,r=0]={<<<>>>GET /conf...\x00\x00\x00\x00\x00\x00\x00} {}
03:43:12.606 [qtp399373008-61] DEBUG org.eclipse.jetty.http.HttpParser - parseNext s=START HeapByteBuffer@729047a8[p=0,l=0,c=17408,r=0]={<<<>>>GET /conf...\x00\x00\x00\x00\x00\x00\x00}
03:43:12.606 [qtp399373008-57] DEBUG org.eclipse.jetty.util.thread.ReservedThreadExecutor - ReservedThreadExecutor@424fd310{reserved=1/8,pending=0} tryExecute EatWhatYouKill@1c3146bc/SelectorProducer@56c698e3/PRODUCING/p=false/QueuedThreadPool[qtp399373008]@17cdf2d0{STARTED,8<=8<=200,i=1,r=-1,q=0}[ReservedThreadExecutor@424fd310{reserved=1/8,pending=0}][pc=0,pic=0,pec=0,epc=0]@2024-05-02T03:43:12.606+01:00
03:43:12.607 [qtp399373008-57] DEBUG org.eclipse.jetty.util.thread.ReservedThreadExecutor - ReservedThreadExecutor@424fd310{reserved=0/8,pending=1} startReservedThread p=1
03:43:12.607 [qtp399373008-61] DEBUG org.eclipse.jetty.server.HttpConnection - HttpConnection@28d7ca94::DecryptedEndPoint@81a3ece{l=/127.0.0.1:44051,r=/127.0.0.1:33232,OPEN,fill=-,flush=-,to=58/30000} parsed false HttpParser{s=START,0 of -1}
03:43:12.607 [qtp399373008-57] DEBUG org.eclipse.jetty.util.thread.QueuedThreadPool - queue ReservedThread@5f97eb0b{PENDING,thread=null} startThread=0
03:43:12.607 [qtp399373008-61] DEBUG org.eclipse.jetty.server.HttpConnection - releaseRequestBuffer HttpConnection@28d7ca94::DecryptedEndPoint@81a3ece{l=/127.0.0.1:44051,r=/127.0.0.1:33232,OPEN,fill=-,flush=-,to=58/30000}
03:43:12.607 [qtp399373008-61] DEBUG org.eclipse.jetty.io.AbstractConnection - fillInterested HttpConnection@28d7ca94::DecryptedEndPoint@81a3ece{l=/127.0.0.1:44051,r=/127.0.0.1:33232,OPEN,fill=-,flush=-,to=58/30000}
03:43:12.607 [qtp399373008-61] DEBUG org.eclipse.jetty.io.FillInterest - interested FillInterest@33d3a643{AC.ReadCB@28d7ca94{HttpConnection@28d7ca94::DecryptedEndPoint@81a3ece{l=/127.0.0.1:44051,r=/127.0.0.1:33232,OPEN,fill=FI,flush=-,to=0/30000}}}
03:43:12.607 [qtp399373008-57] DEBUG org.eclipse.jetty.util.thread.strategy.EatWhatYouKill - EatWhatYouKill@1c3146bc/SelectorProducer@56c698e3/IDLE/p=true/QueuedThreadPool[qtp399373008]@17cdf2d0{STARTED,8<=8<=200,i=0,r=-1,q=0}[ReservedThreadExecutor@424fd310{reserved=0/8,pending=1}][pc=0,pic=0,pec=0,epc=0]@2024-05-02T03:43:12.607+01:00 m=EXECUTE_PRODUCE_CONSUME t=CEP:SocketChannelEndPoint@4c0b7e62{l=/127.0.0.1:44051,r=/127.0.0.1:33248,OPEN,fill=FI,flush=-,to=1/30000}{io=1/0,kio=1,kro=1}->SslConnection@4c995392{NOT_HANDSHAKING,eio=-1/-1,di=-1,fill=INTERESTED,flush=IDLE}~>DecryptedEndPoint@570f9641{l=/127.0.0.1:44051,r=/127.0.0.1:33248,OPEN,fill=FI,flush=-,to=1/30000}=>HttpConnection@4974d263[p=HttpParser{s=START,0 of -1},g=HttpGenerator@670f79de{s=START}]=>HttpChannelOverHttp@4a41e160{s=HttpChannelState@40e00851{s=IDLE rs=BLOCKING os=OPEN is=IDLE awp=false se=false i=true al=0},r=0,c=false/false,a=IDLE,uri=null,age=0}:runFillable:BLOCKING/BLOCKING
03:43:12.607 [qtp399373008-56] DEBUG org.eclipse.jetty.util.thread.QueuedThreadPool - run ReservedThread@5f97eb0b{PENDING,thread=null} in QueuedThreadPool[qtp399373008]@17cdf2d0{STARTED,8<=8<=200,i=0,r=-1,q=0}[ReservedThreadExecutor@424fd310{reserved=0/8,pending=1}]
03:43:12.607 [qtp399373008-56] DEBUG org.eclipse.jetty.util.thread.ReservedThreadExecutor - ReservedThread@5f97eb0b{PENDING,thread=Thread[qtp399373008-56,5,main]} was=PENDING next=RESERVED size=0+1 capacity=8
03:43:12.607 [qtp399373008-57] DEBUG org.eclipse.jetty.io.FillInterest - fillable FillInterest@5f2da44a{SSLC.NBReadCB@4c995392{SslConnection@4c995392::SocketChannelEndPoint@4c0b7e62{l=/127.0.0.1:44051,r=/127.0.0.1:33248,OPEN,fill=FI,flush=-,to=1/30000}{io=1/0,kio=1,kro=1}->SslConnection@4c995392{NOT_HANDSHAKING,eio=-1/-1,di=-1,fill=INTERESTED,flush=IDLE}~>DecryptedEndPoint@570f9641{l=/127.0.0.1:44051,r=/127.0.0.1:33248,OPEN,fill=FI,flush=-,to=1/30000}=>HttpConnection@4974d263[p=HttpParser{s=START,0 of -1},g=HttpGenerator@670f79de{s=START}]=>HttpChannelOverHttp@4a41e160{s=HttpChannelState@40e00851{s=IDLE rs=BLOCKING os=OPEN is=IDLE awp=false se=false i=true al=0},r=0,c=false/false,a=IDLE,uri=null,age=0}}}
03:43:12.607 [qtp399373008-61] DEBUG org.eclipse.jetty.io.ssl.SslConnection - >needFillInterest s=IDLE/IDLE uf=true ei=null di=null SslConnection@7c73f61b::SocketChannelEndPoint@7613fbb1{l=/127.0.0.1:44051,r=/127.0.0.1:33232,OPEN,fill=-,flush=-,to=12/30000}{io=0/0,kio=0,kro=1}->SslConnection@7c73f61b{NOT_HANDSHAKING,eio=-1/-1,di=-1,fill=IDLE,flush=IDLE}~>DecryptedEndPoint@81a3ece{l=/127.0.0.1:44051,r=/127.0.0.1:33232,OPEN,fill=FI,flush=-,to=0/30000}=>HttpConnection@28d7ca94[p=HttpParser{s=START,0 of -1},g=HttpGenerator@25465b15{s=START}]=>HttpChannelOverHttp@39e90138{s=HttpChannelState@50ceabc7{s=IDLE rs=BLOCKING os=OPEN is=IDLE awp=false se=false i=true al=0},r=1,c=false/false,a=IDLE,uri=null,age=0}
03:43:12.607 [qtp399373008-61] DEBUG org.eclipse.jetty.io.ssl.SslConnection - <needFillInterest s=IDLE/INTERESTED f=false i=true w=null
03:43:12.607 [qtp399373008-62] DEBUG org.eclipse.jetty.util.thread.ReservedThreadExecutor - ReservedThread@1ba773eb{RESERVED,thread=Thread[qtp399373008-62,5,main]} task=EatWhatYouKill@1c3146bc/SelectorProducer@56c698e3/IDLE/p=true/QueuedThreadPool[qtp399373008]@17cdf2d0{STARTED,8<=8<=200,i=0,r=-1,q=0}[ReservedThreadExecutor@424fd310{reserved=0/8,pending=1}][pc=0,pic=0,pec=0,epc=1]@2024-05-02T03:43:12.607+01:00 ReservedThreadExecutor@424fd310{reserved=1/8,pending=0}
03:43:12.607 [qtp399373008-56] DEBUG org.eclipse.jetty.util.thread.ReservedThreadExecutor - ReservedThread@5f97eb0b{RESERVED,thread=Thread[qtp399373008-56,5,main]} waiting ReservedThreadExecutor@424fd310{reserved=1/8,pending=0}
03:43:12.607 [qtp399373008-57] DEBUG org.eclipse.jetty.io.ssl.SslConnection - >c.onFillable SslConnection@4c995392::SocketChannelEndPoint@4c0b7e62{l=/127.0.0.1:44051,r=/127.0.0.1:33248,OPEN,fill=-,flush=-,to=1/30000}{io=1/0,kio=1,kro=1}->SslConnection@4c995392{NOT_HANDSHAKING,eio=-1/-1,di=-1,fill=INTERESTED,flush=IDLE}~>DecryptedEndPoint@570f9641{l=/127.0.0.1:44051,r=/127.0.0.1:33248,OPEN,fill=FI,flush=-,to=1/30000}=>HttpConnection@4974d263[p=HttpParser{s=START,0 of -1},g=HttpGenerator@670f79de{s=START}]=>HttpChannelOverHttp@4a41e160{s=HttpChannelState@40e00851{s=IDLE rs=BLOCKING os=OPEN is=IDLE awp=false se=false i=true al=0},r=0,c=false/false,a=IDLE,uri=null,age=0}
03:43:12.607 [qtp399373008-62] DEBUG org.eclipse.jetty.util.thread.strategy.EatWhatYouKill - EatWhatYouKill@1c3146bc/SelectorProducer@56c698e3/IDLE/p=true/QueuedThreadPool[qtp399373008]@17cdf2d0{STARTED,8<=8<=200,i=0,r=-1,q=0}[ReservedThreadExecutor@424fd310{reserved=1/8,pending=0}][pc=0,pic=0,pec=0,epc=1]@2024-05-02T03:43:12.607+01:00 tryProduce true
03:43:12.607 [qtp399373008-61] DEBUG org.eclipse.jetty.io.ssl.SslConnection - ensureFillInterested SslConnection@7c73f61b::SocketChannelEndPoint@7613fbb1{l=/127.0.0.1:44051,r=/127.0.0.1:33232,OPEN,fill=-,flush=-,to=12/30000}{io=0/0,kio=0,kro=1}->SslConnection@7c73f61b{NOT_HANDSHAKING,eio=-1/-1,di=-1,fill=INTERESTED,flush=IDLE}~>DecryptedEndPoint@81a3ece{l=/127.0.0.1:44051,r=/127.0.0.1:33232,OPEN,fill=FI,flush=-,to=0/30000}=>HttpConnection@28d7ca94[p=HttpParser{s=START,0 of -1},g=HttpGenerator@25465b15{s=START}]=>HttpChannelOverHttp@39e90138{s=HttpChannelState@50ceabc7{s=IDLE rs=BLOCKING os=OPEN is=IDLE awp=false se=false i=true al=0},r=1,c=false/false,a=IDLE,uri=null,age=0}
03:43:12.607 [qtp399373008-62] DEBUG org.eclipse.jetty.io.ManagedSelector - updateable 0
03:43:12.607 [qtp399373008-57] DEBUG org.eclipse.jetty.io.ssl.SslConnection - onFillable SslConnection@4c995392::SocketChannelEndPoint@4c0b7e62{l=/127.0.0.1:44051,r=/127.0.0.1:33248,OPEN,fill=-,flush=-,to=1/30000}{io=1/0,kio=1,kro=1}->SslConnection@4c995392{NOT_HANDSHAKING,eio=-1/-1,di=-1,fill=INTERESTED,flush=IDLE}~>DecryptedEndPoint@570f9641{l=/127.0.0.1:44051,r=/127.0.0.1:33248,OPEN,fill=FI,flush=-,to=1/30000}=>HttpConnection@4974d263[p=HttpParser{s=START,0 of -1},g=HttpGenerator@670f79de{s=START}]=>HttpChannelOverHttp@4a41e160{s=HttpChannelState@40e00851{s=IDLE rs=BLOCKING os=OPEN is=IDLE awp=false se=false i=true al=0},r=0,c=false/false,a=IDLE,uri=null,age=0}
03:43:12.607 [qtp399373008-62] DEBUG org.eclipse.jetty.io.ManagedSelector - updates 0
03:43:12.607 [qtp399373008-57] DEBUG org.eclipse.jetty.io.FillInterest - fillable FillInterest@8075896{AC.ReadCB@4974d263{HttpConnection@4974d263::DecryptedEndPoint@570f9641{l=/127.0.0.1:44051,r=/127.0.0.1:33248,OPEN,fill=FI,flush=-,to=1/30000}}}
03:43:12.607 [qtp399373008-61] DEBUG org.eclipse.jetty.io.FillInterest - interested FillInterest@5d88c308{SSLC.NBReadCB@7c73f61b{SslConnection@7c73f61b::SocketChannelEndPoint@7613fbb1{l=/127.0.0.1:44051,r=/127.0.0.1:33232,OPEN,fill=FI,flush=-,to=0/30000}{io=0/0,kio=0,kro=1}->SslConnection@7c73f61b{NOT_HANDSHAKING,eio=-1/-1,di=-1,fill=INTERESTED,flush=IDLE}~>DecryptedEndPoint@81a3ece{l=/127.0.0.1:44051,r=/127.0.0.1:33232,OPEN,fill=FI,flush=-,to=0/30000}=>HttpConnection@28d7ca94[p=HttpParser{s=START,0 of -1},g=HttpGenerator@25465b15{s=START}]=>HttpChannelOverHttp@39e90138{s=HttpChannelState@50ceabc7{s=IDLE rs=BLOCKING os=OPEN is=IDLE awp=false se=false i=true al=0},r=1,c=false/false,a=IDLE,uri=null,age=0}}}
03:43:12.607 [qtp399373008-57] DEBUG org.eclipse.jetty.server.HttpConnection - HttpConnection@4974d263::DecryptedEndPoint@570f9641{l=/127.0.0.1:44051,r=/127.0.0.1:33248,OPEN,fill=-,flush=-,to=1/30000} onFillable enter HttpChannelState@40e00851{s=IDLE rs=BLOCKING os=OPEN is=IDLE awp=false se=false i=true al=0} null
03:43:12.607 [qtp399373008-62] DEBUG org.eclipse.jetty.io.ChannelEndPoint - Key interests updated 1 -> 0 on SocketChannelEndPoint@4c0b7e62{l=/127.0.0.1:44051,r=/127.0.0.1:33248,OPEN,fill=-,flush=-,to=1/30000}{io=0/0,kio=0,kro=1}->SslConnection@4c995392{NOT_HANDSHAKING,eio=-1/-1,di=-1,fill=IDLE,flush=IDLE}~>DecryptedEndPoint@570f9641{l=/127.0.0.1:44051,r=/127.0.0.1:33248,OPEN,fill=-,flush=-,to=2/30000}=>HttpConnection@4974d263[p=HttpParser{s=START,0 of -1},g=HttpGenerator@670f79de{s=START}]=>HttpChannelOverHttp@4a41e160{s=HttpChannelState@40e00851{s=IDLE rs=BLOCKING os=OPEN is=IDLE awp=false se=false i=true al=0},r=0,c=false/false,a=IDLE,uri=null,age=0}
03:43:12.607 [qtp399373008-61] DEBUG org.eclipse.jetty.io.ChannelEndPoint - changeInterests p=false 0->1 for SocketChannelEndPoint@7613fbb1{l=/127.0.0.1:44051,r=/127.0.0.1:33232,OPEN,fill=FI,flush=-,to=0/30000}{io=0/1,kio=0,kro=1}->SslConnection@7c73f61b{NOT_HANDSHAKING,eio=-1/-1,di=-1,fill=INTERESTED,flush=IDLE}~>DecryptedEndPoint@81a3ece{l=/127.0.0.1:44051,r=/127.0.0.1:33232,OPEN,fill=FI,flush=-,to=0/30000}=>HttpConnection@28d7ca94[p=HttpParser{s=START,0 of -1},g=HttpGenerator@25465b15{s=START}]=>HttpChannelOverHttp@39e90138{s=HttpChannelState@50ceabc7{s=IDLE rs=BLOCKING os=OPEN is=IDLE awp=false se=false i=true al=0},r=1,c=false/false,a=IDLE,uri=null,age=0}
03:43:12.607 [qtp399373008-62] DEBUG org.eclipse.jetty.io.ManagedSelector - Selector sun.nio.ch.EPollSelectorImpl@1eaae130 waiting with 1 keys
03:43:12.607 [qtp399373008-57] DEBUG org.eclipse.jetty.io.ssl.SslConnection - >fill SslConnection@4c995392::SocketChannelEndPoint@4c0b7e62{l=/127.0.0.1:44051,r=/127.0.0.1:33248,OPEN,fill=-,flush=-,to=1/30000}{io=0/0,kio=0,kro=1}->SslConnection@4c995392{NOT_HANDSHAKING,eio=-1/-1,di=-1,fill=IDLE,flush=IDLE}~>DecryptedEndPoint@570f9641{l=/127.0.0.1:44051,r=/127.0.0.1:33248,OPEN,fill=-,flush=-,to=2/30000}=>HttpConnection@4974d263[p=HttpParser{s=START,0 of -1},g=HttpGenerator@670f79de{s=START}]=>HttpChannelOverHttp@4a41e160{s=HttpChannelState@40e00851{s=IDLE rs=BLOCKING os=OPEN is=IDLE awp=false se=false i=true al=0},r=0,c=false/false,a=IDLE,uri=null,age=0}
03:43:12.608 [qtp399373008-57] DEBUG org.eclipse.jetty.io.ssl.SslConnection - fill NOT_HANDSHAKING
03:43:12.608 [qtp399373008-61] DEBUG org.eclipse.jetty.io.ManagedSelector - Queued change lazy=false org.eclipse.jetty.io.ChannelEndPoint$$Lambda$255/90666987@3ea8358c on ManagedSelector@5733f295{STARTED} id=1 keys=1 selected=0 updates=0
03:43:12.608 [qtp399373008-61] DEBUG org.eclipse.jetty.io.ManagedSelector - Wakeup on submit ManagedSelector@5733f295{STARTED} id=1 keys=1 selected=0 updates=1
03:43:12.608 [qtp399373008-60] DEBUG org.eclipse.jetty.io.ManagedSelector - Selector sun.nio.ch.EPollSelectorImpl@62ef7cb1 woken with none selected
03:43:12.608 [qtp399373008-61] DEBUG org.eclipse.jetty.server.HttpConnection - HttpConnection@28d7ca94::DecryptedEndPoint@81a3ece{l=/127.0.0.1:44051,r=/127.0.0.1:33232,OPEN,fill=FI,flush=-,to=1/30000} onFillable exit HttpChannelState@50ceabc7{s=IDLE rs=BLOCKING os=OPEN is=IDLE awp=false se=false i=true al=0} null
03:43:12.608 [qtp399373008-57] DEBUG org.eclipse.jetty.io.ChannelEndPoint - filled 339 HeapByteBuffer@76afdda5[p=0,l=339,c=17408,r=339]={<<<\x16\x03\x03\x01N\x01\x00\x01J\x03\x03\xC4\x06b#z\xFa\x9dw\xB7g\xEa\xB9@\xCe...\xEc\x01\x96^iC\x8d\xA0{\xC2\xB8=WM\x97\xEdz$\xFf\x01\x00\x01\x00>>>\xF9\xFb}{\xC0\xFag\xC6G...\x00\x00\x00\x00\x00\x00\x00}
03:43:12.608 [qtp399373008-57] DEBUG org.eclipse.jetty.io.ssl.SslConnection - net filled=339
03:43:12.608 [qtp399373008-60] DEBUG org.eclipse.jetty.io.ManagedSelector - Selector sun.nio.ch.EPollSelectorImpl@62ef7cb1 woken up from select, 0/0/1 selected
03:43:12.608 [qtp399373008-60] DEBUG org.eclipse.jetty.io.ManagedSelector - Selector sun.nio.ch.EPollSelectorImpl@62ef7cb1 processing 0 keys, 1 updates
03:43:12.608 [qtp399373008-60] DEBUG org.eclipse.jetty.io.ManagedSelector - updateable 1
03:43:12.608 [qtp399373008-61] DEBUG org.eclipse.jetty.io.ssl.SslConnection - <c.onFillable SslConnection@7c73f61b::SocketChannelEndPoint@7613fbb1{l=/127.0.0.1:44051,r=/127.0.0.1:33232,OPEN,fill=FI,flush=-,to=1/30000}{io=0/1,kio=0,kro=1}->SslConnection@7c73f61b{NOT_HANDSHAKING,eio=-1/-1,di=-1,fill=INTERESTED,flush=IDLE}~>DecryptedEndPoint@81a3ece{l=/127.0.0.1:44051,r=/127.0.0.1:33232,OPEN,fill=FI,flush=-,to=1/30000}=>HttpConnection@28d7ca94[p=HttpParser{s=START,0 of -1},g=HttpGenerator@25465b15{s=START}]=>HttpChannelOverHttp@39e90138{s=HttpChannelState@50ceabc7{s=IDLE rs=BLOCKING os=OPEN is=IDLE awp=false se=false i=true al=0},r=1,c=false/false,a=IDLE,uri=null,age=0}
03:43:12.608 [qtp399373008-60] DEBUG org.eclipse.jetty.io.ManagedSelector - update org.eclipse.jetty.io.ChannelEndPoint$$Lambda$255/90666987@3ea8358c
03:43:12.608 [qtp399373008-57] DEBUG org.eclipse.jetty.io.ssl.SslConnection - fill starting handshake SslConnection@4c995392::SocketChannelEndPoint@4c0b7e62{l=/127.0.0.1:44051,r=/127.0.0.1:33248,OPEN,fill=-,flush=-,to=0/30000}{io=0/0,kio=0,kro=1}->SslConnection@4c995392{NOT_HANDSHAKING,eio=339/-1,di=-1,fill=IDLE,flush=IDLE}~>DecryptedEndPoint@570f9641{l=/127.0.0.1:44051,r=/127.0.0.1:33248,OPEN,fill=-,flush=-,to=2/30000}=>HttpConnection@4974d263[p=HttpParser{s=START,0 of -1},g=HttpGenerator@670f79de{s=START}]=>HttpChannelOverHttp@4a41e160{s=HttpChannelState@40e00851{s=IDLE rs=BLOCKING os=OPEN is=IDLE awp=false se=false i=true al=0},r=0,c=false/false,a=IDLE,uri=null,age=0}
03:43:12.608 [qtp399373008-61] DEBUG org.eclipse.jetty.util.thread.ReservedThreadExecutor - ReservedThread@681717c1{RUNNING,thread=Thread[qtp399373008-61,5,main]} was=RUNNING next=RESERVED size=0+2 capacity=8
03:43:12.608 [qtp399373008-61] DEBUG org.eclipse.jetty.util.thread.ReservedThreadExecutor - ReservedThread@681717c1{RESERVED,thread=Thread[qtp399373008-61,5,main]} waiting ReservedThreadExecutor@424fd310{reserved=2/8,pending=0}
03:43:12.608 [qtp399373008-60] DEBUG org.eclipse.jetty.io.ChannelEndPoint - Key interests updated 0 -> 1 on SocketChannelEndPoint@7613fbb1{l=/127.0.0.1:44051,r=/127.0.0.1:33232,OPEN,fill=FI,flush=-,to=1/30000}{io=1/1,kio=1,kro=1}->SslConnection@7c73f61b{NOT_HANDSHAKING,eio=-1/-1,di=-1,fill=INTERESTED,flush=IDLE}~>DecryptedEndPoint@81a3ece{l=/127.0.0.1:44051,r=/127.0.0.1:33232,OPEN,fill=FI,flush=-,to=1/30000}=>HttpConnection@28d7ca94[p=HttpParser{s=START,0 of -1},g=HttpGenerator@25465b15{s=START}]=>HttpChannelOverHttp@39e90138{s=HttpChannelState@50ceabc7{s=IDLE rs=BLOCKING os=OPEN is=IDLE awp=false se=false i=true al=0},r=1,c=false/false,a=IDLE,uri=null,age=0}
03:43:12.608 [qtp399373008-60] DEBUG org.eclipse.jetty.io.ManagedSelector - updates 0
03:43:12.608 [qtp399373008-60] DEBUG org.eclipse.jetty.io.ManagedSelector - Selector sun.nio.ch.EPollSelectorImpl@62ef7cb1 waiting with 1 keys
03:43:12.609 [qtp399373008-57] DEBUG org.eclipse.jetty.io.ssl.SslConnection - unwrap net_filled=339 Status = OK HandshakeStatus = NEED_TASK bytesConsumed = 339 bytesProduced = 0 encryptedBuffer=[p=339,l=339,c=17408,r=0] unwrapBuffer=HeapByteBuffer@78682cd8[p=0,l=0,c=17408,r=0]={<<<>>>\x17\x03\x03\x00\xC9O\x8d\xA9F...\x00\x00\x00\x00\x00\x00\x00} appBuffer=HeapByteBuffer@78682cd8[p=0,l=0,c=17408,r=0]={<<<>>>\x17\x03\x03\x00\xC9O\x8d\xA9F...\x00\x00\x00\x00\x00\x00\x00}
03:43:12.609 [qtp399373008-57] DEBUG org.eclipse.jetty.io.ssl.SslConnection - fill NEED_TASK
03:43:12.619 [qtp399373008-57] DEBUG org.eclipse.jetty.io.ssl.SslConnection - fill NEED_WRAP
03:43:12.619 [qtp399373008-57] DEBUG org.eclipse.jetty.io.ssl.SslConnection - >flush SslConnection@4c995392::SocketChannelEndPoint@4c0b7e62{l=/127.0.0.1:44051,r=/127.0.0.1:33248,OPEN,fill=-,flush=-,to=11/30000}{io=0/0,kio=0,kro=1}->SslConnection@4c995392{NEED_WRAP,eio=0/-1,di=-1,fill=IDLE,flush=IDLE}~>DecryptedEndPoint@570f9641{l=/127.0.0.1:44051,r=/127.0.0.1:33248,OPEN,fill=-,flush=-,to=14/30000}=>HttpConnection@4974d263[p=HttpParser{s=START,0 of -1},g=HttpGenerator@670f79de{s=START}]=>HttpChannelOverHttp@4a41e160{s=HttpChannelState@40e00851{s=IDLE rs=BLOCKING os=OPEN is=IDLE awp=false se=false i=true al=0},r=0,c=false/false,a=IDLE,uri=null,age=0}
03:43:12.619 [qtp399373008-57] DEBUG org.eclipse.jetty.io.ssl.SslConnection - flush b[0]=HeapByteBuffer@1ad43aa3[p=0,l=0,c=0,r=0]={<<<>>>}
03:43:12.619 [qtp399373008-57] DEBUG org.eclipse.jetty.io.ssl.SslConnection - flush NEED_WRAP
03:43:12.619 [qtp399373008-57] DEBUG org.eclipse.jetty.io.ssl.SslConnection - wrap Status = OK HandshakeStatus = NEED_WRAP bytesConsumed = 0 bytesProduced = 160 [p=0,l=160,c=17408,r=160] ioDone=false/false
03:43:12.620 [qtp399373008-57] DEBUG org.eclipse.jetty.io.ChannelEndPoint - flushed 160 SocketChannelEndPoint@4c0b7e62{l=/127.0.0.1:44051,r=/127.0.0.1:33248,OPEN,fill=-,flush=-,to=11/30000}{io=0/0,kio=0,kro=1}->SslConnection@4c995392{NEED_WRAP,eio=0/0,di=-1,fill=IDLE,flush=IDLE}~>DecryptedEndPoint@570f9641{l=/127.0.0.1:44051,r=/127.0.0.1:33248,OPEN,fill=-,flush=-,to=14/30000}=>HttpConnection@4974d263[p=HttpParser{s=START,0 of -1},g=HttpGenerator@670f79de{s=START}]=>HttpChannelOverHttp@4a41e160{s=HttpChannelState@40e00851{s=IDLE rs=BLOCKING os=OPEN is=IDLE awp=false se=false i=true al=0},r=0,c=false/false,a=IDLE,uri=null,age=0}
03:43:12.620 [qtp399373008-57] DEBUG org.eclipse.jetty.io.ssl.SslConnection - net flushed=true, ac=true
03:43:12.620 [qtp399373008-57] DEBUG org.eclipse.jetty.io.ssl.SslConnection - flush NEED_WRAP
03:43:12.620 [qtp399373008-57] DEBUG org.eclipse.jetty.io.ssl.SslConnection - wrap Status = OK HandshakeStatus = NEED_WRAP bytesConsumed = 0 bytesProduced = 6 [p=0,l=6,c=17408,r=6] ioDone=false/false
03:43:12.620 [qtp399373008-57] DEBUG org.eclipse.jetty.io.ChannelEndPoint - flushed 6 SocketChannelEndPoint@4c0b7e62{l=/127.0.0.1:44051,r=/127.0.0.1:33248,OPEN,fill=-,flush=-,to=0/30000}{io=0/0,kio=0,kro=1}->SslConnection@4c995392{NEED_WRAP,eio=0/0,di=-1,fill=IDLE,flush=IDLE}~>DecryptedEndPoint@570f9641{l=/127.0.0.1:44051,r=/127.0.0.1:33248,OPEN,fill=-,flush=-,to=14/30000}=>HttpConnection@4974d263[p=HttpParser{s=START,0 of -1},g=HttpGenerator@670f79de{s=START}]=>HttpChannelOverHttp@4a41e160{s=HttpChannelState@40e00851{s=IDLE rs=BLOCKING os=OPEN is=IDLE awp=false se=false i=true al=0},r=0,c=false/false,a=IDLE,uri=null,age=0}
03:43:12.620 [qtp399373008-57] DEBUG org.eclipse.jetty.io.ssl.SslConnection - net flushed=true, ac=true
03:43:12.620 [qtp399373008-57] DEBUG org.eclipse.jetty.io.ssl.SslConnection - flush NEED_WRAP
03:43:12.620 [qtp399373008-57] DEBUG org.eclipse.jetty.io.ssl.SslConnection - wrap Status = OK HandshakeStatus = NEED_UNWRAP bytesConsumed = 0 bytesProduced = 1597 [p=0,l=1597,c=17408,r=1597] ioDone=false/false
03:43:12.620 [qtp399373008-57] DEBUG org.eclipse.jetty.io.ChannelEndPoint - flushed 1597 SocketChannelEndPoint@4c0b7e62{l=/127.0.0.1:44051,r=/127.0.0.1:33248,OPEN,fill=-,flush=-,to=0/30000}{io=0/0,kio=0,kro=1}->SslConnection@4c995392{NEED_UNWRAP,eio=0/0,di=-1,fill=IDLE,flush=IDLE}~>DecryptedEndPoint@570f9641{l=/127.0.0.1:44051,r=/127.0.0.1:33248,OPEN,fill=-,flush=-,to=15/30000}=>HttpConnection@4974d263[p=HttpParser{s=START,0 of -1},g=HttpGenerator@670f79de{s=START}]=>HttpChannelOverHttp@4a41e160{s=HttpChannelState@40e00851{s=IDLE rs=BLOCKING os=OPEN is=IDLE awp=false se=false i=true al=0},r=0,c=false/false,a=IDLE,uri=null,age=0}
03:43:12.620 [qtp399373008-57] DEBUG org.eclipse.jetty.io.ssl.SslConnection - net flushed=true, ac=true
03:43:12.621 [qtp399373008-57] DEBUG org.eclipse.jetty.io.ssl.SslConnection - <flush true SslConnection@4c995392::SocketChannelEndPoint@4c0b7e62{l=/127.0.0.1:44051,r=/127.0.0.1:33248,OPEN,fill=-,flush=-,to=0/30000}{io=0/0,kio=0,kro=1}->SslConnection@4c995392{NEED_UNWRAP,eio=0/-1,di=-1,fill=IDLE,flush=IDLE}~>DecryptedEndPoint@570f9641{l=/127.0.0.1:44051,r=/127.0.0.1:33248,OPEN,fill=-,flush=-,to=15/30000}=>HttpConnection@4974d263[p=HttpParser{s=START,0 of -1},g=HttpGenerator@670f79de{s=START}]=>HttpChannelOverHttp@4a41e160{s=HttpChannelState@40e00851{s=IDLE rs=BLOCKING os=OPEN is=IDLE awp=false se=false i=true al=0},r=0,c=false/false,a=IDLE,uri=null,age=0}
03:43:12.621 [qtp399373008-57] DEBUG org.eclipse.jetty.io.ssl.SslConnection - fill NEED_UNWRAP
03:43:12.621 [qtp399373008-57] DEBUG org.eclipse.jetty.io.ChannelEndPoint - filled 0 HeapByteBuffer@76afdda5[p=0,l=0,c=17408,r=0]={<<<>>>\x16\x03\x03\x01N\x01\x00\x01J...\x00\x00\x00\x00\x00\x00\x00}
03:43:12.621 [qtp399373008-57] DEBUG org.eclipse.jetty.io.ssl.SslConnection - net filled=0
03:43:12.621 [qtp399373008-57] DEBUG org.eclipse.jetty.io.ssl.SslConnection - unwrap net_filled=0 Status = BUFFER_UNDERFLOW HandshakeStatus = NEED_UNWRAP bytesConsumed = 0 bytesProduced = 0 encryptedBuffer=[p=0,l=0,c=17408,r=0] unwrapBuffer=HeapByteBuffer@78682cd8[p=0,l=0,c=17408,r=0]={<<<>>>\x17\x03\x03\x00\xC9O\x8d\xA9F...\x00\x00\x00\x00\x00\x00\x00} appBuffer=HeapByteBuffer@78682cd8[p=0,l=0,c=17408,r=0]={<<<>>>\x17\x03\x03\x00\xC9O\x8d\xA9F...\x00\x00\x00\x00\x00\x00\x00}
03:43:12.621 [qtp399373008-57] DEBUG org.eclipse.jetty.io.ssl.SslConnection - <fill f=0 uf=true SslConnection@4c995392::SocketChannelEndPoint@4c0b7e62{l=/127.0.0.1:44051,r=/127.0.0.1:33248,OPEN,fill=-,flush=-,to=0/30000}{io=0/0,kio=0,kro=1}->SslConnection@4c995392{NEED_UNWRAP,eio=-1/-1,di=-1,fill=IDLE,flush=IDLE}~>DecryptedEndPoint@570f9641{l=/127.0.0.1:44051,r=/127.0.0.1:33248,OPEN,fill=-,flush=-,to=15/30000}=>HttpConnection@4974d263[p=HttpParser{s=START,0 of -1},g=HttpGenerator@670f79de{s=START}]=>HttpChannelOverHttp@4a41e160{s=HttpChannelState@40e00851{s=IDLE rs=BLOCKING os=OPEN is=IDLE awp=false se=false i=true al=0},r=0,c=false/false,a=IDLE,uri=null,age=0}
03:43:12.621 [qtp399373008-57] DEBUG org.eclipse.jetty.io.ssl.SslConnection - >fill SslConnection@4c995392::SocketChannelEndPoint@4c0b7e62{l=/127.0.0.1:44051,r=/127.0.0.1:33248,OPEN,fill=-,flush=-,to=0/30000}{io=0/0,kio=0,kro=1}->SslConnection@4c995392{NEED_UNWRAP,eio=-1/-1,di=-1,fill=IDLE,flush=IDLE}~>DecryptedEndPoint@570f9641{l=/127.0.0.1:44051,r=/127.0.0.1:33248,OPEN,fill=-,flush=-,to=15/30000}=>HttpConnection@4974d263[p=HttpParser{s=START,0 of -1},g=HttpGenerator@670f79de{s=START}]=>HttpChannelOverHttp@4a41e160{s=HttpChannelState@40e00851{s=IDLE rs=BLOCKING os=OPEN is=IDLE awp=false se=false i=true al=0},r=0,c=false/false,a=IDLE,uri=null,age=0}
03:43:12.621 [qtp399373008-57] DEBUG org.eclipse.jetty.io.ssl.SslConnection - fill NEED_UNWRAP
03:43:12.621 [qtp399373008-57] DEBUG org.eclipse.jetty.io.ChannelEndPoint - filled 0 HeapByteBuffer@729047a8[p=0,l=0,c=17408,r=0]={<<<>>>\x17\x03\x03\x068@\xB1\x04\xC5...\x00\x00\x00\x00\x00\x00\x00}
03:43:12.621 [qtp399373008-57] DEBUG org.eclipse.jetty.io.ssl.SslConnection - net filled=0
03:43:12.621 [qtp399373008-57] DEBUG org.eclipse.jetty.io.ssl.SslConnection - unwrap net_filled=0 Status = BUFFER_UNDERFLOW HandshakeStatus = NEED_UNWRAP bytesConsumed = 0 bytesProduced = 0 encryptedBuffer=[p=0,l=0,c=17408,r=0] unwrapBuffer=HeapByteBuffer@78682cd8[p=0,l=0,c=17408,r=0]={<<<>>>\x17\x03\x03\x00\xC9O\x8d\xA9F...\x00\x00\x00\x00\x00\x00\x00} appBuffer=HeapByteBuffer@78682cd8[p=0,l=0,c=17408,r=0]={<<<>>>\x17\x03\x03\x00\xC9O\x8d\xA9F...\x00\x00\x00\x00\x00\x00\x00}
03:43:12.621 [qtp399373008-57] DEBUG org.eclipse.jetty.io.ssl.SslConnection - <fill f=0 uf=true SslConnection@4c995392::SocketChannelEndPoint@4c0b7e62{l=/127.0.0.1:44051,r=/127.0.0.1:33248,OPEN,fill=-,flush=-,to=0/30000}{io=0/0,kio=0,kro=1}->SslConnection@4c995392{NEED_UNWRAP,eio=-1/-1,di=-1,fill=IDLE,flush=IDLE}~>DecryptedEndPoint@570f9641{l=/127.0.0.1:44051,r=/127.0.0.1:33248,OPEN,fill=-,flush=-,to=15/30000}=>HttpConnection@4974d263[p=HttpParser{s=START,0 of -1},g=HttpGenerator@670f79de{s=START}]=>HttpChannelOverHttp@4a41e160{s=HttpChannelState@40e00851{s=IDLE rs=BLOCKING os=OPEN is=IDLE awp=false se=false i=true al=0},r=0,c=false/false,a=IDLE,uri=null,age=0}
03:43:12.621 [qtp399373008-57] DEBUG org.eclipse.jetty.server.HttpConnection - HttpConnection@4974d263::DecryptedEndPoint@570f9641{l=/127.0.0.1:44051,r=/127.0.0.1:33248,OPEN,fill=-,flush=-,to=16/30000} filled 0 HeapByteBuffer@78682cd8[p=0,l=0,c=17408,r=0]={<<<>>>\x17\x03\x03\x00\xC9O\x8d\xA9F...\x00\x00\x00\x00\x00\x00\x00}
03:43:12.621 [qtp399373008-57] DEBUG org.eclipse.jetty.server.HttpConnection - HttpConnection@4974d263::DecryptedEndPoint@570f9641{l=/127.0.0.1:44051,r=/127.0.0.1:33248,OPEN,fill=-,flush=-,to=16/30000} parse HeapByteBuffer@78682cd8[p=0,l=0,c=17408,r=0]={<<<>>>\x17\x03\x03\x00\xC9O\x8d\xA9F...\x00\x00\x00\x00\x00\x00\x00} {}
03:43:12.621 [qtp399373008-57] DEBUG org.eclipse.jetty.http.HttpParser - parseNext s=START HeapByteBuffer@78682cd8[p=0,l=0,c=17408,r=0]={<<<>>>\x17\x03\x03\x00\xC9O\x8d\xA9F...\x00\x00\x00\x00\x00\x00\x00}
03:43:12.621 [qtp399373008-57] DEBUG org.eclipse.jetty.server.HttpConnection - HttpConnection@4974d263::DecryptedEndPoint@570f9641{l=/127.0.0.1:44051,r=/127.0.0.1:33248,OPEN,fill=-,flush=-,to=16/30000} parsed false HttpParser{s=START,0 of -1}
03:43:12.621 [qtp399373008-57] DEBUG org.eclipse.jetty.server.HttpConnection - releaseRequestBuffer HttpConnection@4974d263::DecryptedEndPoint@570f9641{l=/127.0.0.1:44051,r=/127.0.0.1:33248,OPEN,fill=-,flush=-,to=16/30000}
03:43:12.621 [qtp399373008-57] DEBUG org.eclipse.jetty.io.AbstractConnection - fillInterested HttpConnection@4974d263::DecryptedEndPoint@570f9641{l=/127.0.0.1:44051,r=/127.0.0.1:33248,OPEN,fill=-,flush=-,to=16/30000}
03:43:12.621 [qtp399373008-57] DEBUG org.eclipse.jetty.io.FillInterest - interested FillInterest@8075896{AC.ReadCB@4974d263{HttpConnection@4974d263::DecryptedEndPoint@570f9641{l=/127.0.0.1:44051,r=/127.0.0.1:33248,OPEN,fill=FI,flush=-,to=0/30000}}}
03:43:12.621 [qtp399373008-57] DEBUG org.eclipse.jetty.io.ssl.SslConnection - >needFillInterest s=IDLE/IDLE uf=true ei=null di=null SslConnection@4c995392::SocketChannelEndPoint@4c0b7e62{l=/127.0.0.1:44051,r=/127.0.0.1:33248,OPEN,fill=-,flush=-,to=0/30000}{io=0/0,kio=0,kro=1}->SslConnection@4c995392{NEED_UNWRAP,eio=-1/-1,di=-1,fill=IDLE,flush=IDLE}~>DecryptedEndPoint@570f9641{l=/127.0.0.1:44051,r=/127.0.0.1:33248,OPEN,fill=FI,flush=-,to=0/30000}=>HttpConnection@4974d263[p=HttpParser{s=START,0 of -1},g=HttpGenerator@670f79de{s=START}]=>HttpChannelOverHttp@4a41e160{s=HttpChannelState@40e00851{s=IDLE rs=BLOCKING os=OPEN is=IDLE awp=false se=false i=true al=0},r=0,c=false/false,a=IDLE,uri=null,age=0}
03:43:12.621 [qtp399373008-57] DEBUG org.eclipse.jetty.io.ssl.SslConnection - <needFillInterest s=IDLE/INTERESTED f=false i=true w=null
03:43:12.622 [qtp399373008-57] DEBUG org.eclipse.jetty.io.ssl.SslConnection - ensureFillInterested SslConnection@4c995392::SocketChannelEndPoint@4c0b7e62{l=/127.0.0.1:44051,r=/127.0.0.1:33248,OPEN,fill=-,flush=-,to=1/30000}{io=0/0,kio=0,kro=1}->SslConnection@4c995392{NEED_UNWRAP,eio=-1/-1,di=-1,fill=INTERESTED,flush=IDLE}~>DecryptedEndPoint@570f9641{l=/127.0.0.1:44051,r=/127.0.0.1:33248,OPEN,fill=FI,flush=-,to=0/30000}=>HttpConnection@4974d263[p=HttpParser{s=START,0 of -1},g=HttpGenerator@670f79de{s=START}]=>HttpChannelOverHttp@4a41e160{s=HttpChannelState@40e00851{s=IDLE rs=BLOCKING os=OPEN is=IDLE awp=false se=false i=true al=0},r=0,c=false/false,a=IDLE,uri=null,age=0}
03:43:12.622 [qtp399373008-57] DEBUG org.eclipse.jetty.io.FillInterest - interested FillInterest@5f2da44a{SSLC.NBReadCB@4c995392{SslConnection@4c995392::SocketChannelEndPoint@4c0b7e62{l=/127.0.0.1:44051,r=/127.0.0.1:33248,OPEN,fill=FI,flush=-,to=0/30000}{io=0/0,kio=0,kro=1}->SslConnection@4c995392{NEED_UNWRAP,eio=-1/-1,di=-1,fill=INTERESTED,flush=IDLE}~>DecryptedEndPoint@570f9641{l=/127.0.0.1:44051,r=/127.0.0.1:33248,OPEN,fill=FI,flush=-,to=0/30000}=>HttpConnection@4974d263[p=HttpParser{s=START,0 of -1},g=HttpGenerator@670f79de{s=START}]=>HttpChannelOverHttp@4a41e160{s=HttpChannelState@40e00851{s=IDLE rs=BLOCKING os=OPEN is=IDLE awp=false se=false i=true al=0},r=0,c=false/false,a=IDLE,uri=null,age=0}}}
03:43:12.622 [qtp399373008-57] DEBUG org.eclipse.jetty.io.ChannelEndPoint - changeInterests p=false 0->1 for SocketChannelEndPoint@4c0b7e62{l=/127.0.0.1:44051,r=/127.0.0.1:33248,OPEN,fill=FI,flush=-,to=0/30000}{io=0/1,kio=0,kro=1}->SslConnection@4c995392{NEED_UNWRAP,eio=-1/-1,di=-1,fill=INTERESTED,flush=IDLE}~>DecryptedEndPoint@570f9641{l=/127.0.0.1:44051,r=/127.0.0.1:33248,OPEN,fill=FI,flush=-,to=0/30000}=>HttpConnection@4974d263[p=HttpParser{s=START,0 of -1},g=HttpGenerator@670f79de{s=START}]=>HttpChannelOverHttp@4a41e160{s=HttpChannelState@40e00851{s=IDLE rs=BLOCKING os=OPEN is=IDLE awp=false se=false i=true al=0},r=0,c=false/false,a=IDLE,uri=null,age=0}
03:43:12.622 [qtp399373008-57] DEBUG org.eclipse.jetty.io.ManagedSelector - Queued change lazy=false org.eclipse.jetty.io.ChannelEndPoint$$Lambda$255/90666987@59ae69fe on ManagedSelector@47a86fbb{STARTED} id=2 keys=1 selected=0 updates=0
03:43:12.622 [qtp399373008-57] DEBUG org.eclipse.jetty.io.ManagedSelector - Wakeup on submit ManagedSelector@47a86fbb{STARTED} id=2 keys=1 selected=0 updates=1
03:43:12.622 [qtp399373008-57] DEBUG org.eclipse.jetty.server.HttpConnection - HttpConnection@4974d263::DecryptedEndPoint@570f9641{l=/127.0.0.1:44051,r=/127.0.0.1:33248,OPEN,fill=FI,flush=-,to=0/30000} onFillable exit HttpChannelState@40e00851{s=IDLE rs=BLOCKING os=OPEN is=IDLE awp=false se=false i=true al=0} null
03:43:12.622 [qtp399373008-62] DEBUG org.eclipse.jetty.io.ManagedSelector - Selector sun.nio.ch.EPollSelectorImpl@1eaae130 woken with none selected
03:43:12.622 [qtp399373008-62] DEBUG org.eclipse.jetty.io.ManagedSelector - Selector sun.nio.ch.EPollSelectorImpl@1eaae130 woken up from select, 0/0/1 selected
03:43:12.622 [qtp399373008-62] DEBUG org.eclipse.jetty.io.ManagedSelector - Selector sun.nio.ch.EPollSelectorImpl@1eaae130 processing 0 keys, 1 updates
03:43:12.622 [qtp399373008-57] DEBUG org.eclipse.jetty.io.ssl.SslConnection - <c.onFillable SslConnection@4c995392::SocketChannelEndPoint@4c0b7e62{l=/127.0.0.1:44051,r=/127.0.0.1:33248,OPEN,fill=FI,flush=-,to=0/30000}{io=0/1,kio=0,kro=1}->SslConnection@4c995392{NEED_UNWRAP,eio=-1/-1,di=-1,fill=INTERESTED,flush=IDLE}~>DecryptedEndPoint@570f9641{l=/127.0.0.1:44051,r=/127.0.0.1:33248,OPEN,fill=FI,flush=-,to=0/30000}=>HttpConnection@4974d263[p=HttpParser{s=START,0 of -1},g=HttpGenerator@670f79de{s=START}]=>HttpChannelOverHttp@4a41e160{s=HttpChannelState@40e00851{s=IDLE rs=BLOCKING os=OPEN is=IDLE awp=false se=false i=true al=0},r=0,c=false/false,a=IDLE,uri=null,age=0}
03:43:12.622 [qtp399373008-62] DEBUG org.eclipse.jetty.io.ManagedSelector - updateable 1
03:43:12.622 [qtp399373008-57] DEBUG org.eclipse.jetty.util.thread.QueuedThreadPool - ran org.eclipse.jetty.io.ManagedSelector$$Lambda$253/838473569@106d1d4d in QueuedThreadPool[qtp399373008]@17cdf2d0{STARTED,8<=8<=200,i=0,r=-1,q=0}[ReservedThreadExecutor@424fd310{reserved=2/8,pending=0}]
03:43:12.622 [qtp399373008-62] DEBUG org.eclipse.jetty.io.ManagedSelector - update org.eclipse.jetty.io.ChannelEndPoint$$Lambda$255/90666987@59ae69fe
03:43:12.622 [qtp399373008-62] DEBUG org.eclipse.jetty.io.ChannelEndPoint - Key interests updated 0 -> 1 on SocketChannelEndPoint@4c0b7e62{l=/127.0.0.1:44051,r=/127.0.0.1:33248,OPEN,fill=FI,flush=-,to=0/30000}{io=1/1,kio=1,kro=1}->SslConnection@4c995392{NEED_UNWRAP,eio=-1/-1,di=-1,fill=INTERESTED,flush=IDLE}~>DecryptedEndPoint@570f9641{l=/127.0.0.1:44051,r=/127.0.0.1:33248,OPEN,fill=FI,flush=-,to=0/30000}=>HttpConnection@4974d263[p=HttpParser{s=START,0 of -1},g=HttpGenerator@670f79de{s=START}]=>HttpChannelOverHttp@4a41e160{s=HttpChannelState@40e00851{s=IDLE rs=BLOCKING os=OPEN is=IDLE awp=false se=false i=true al=0},r=0,c=false/false,a=IDLE,uri=null,age=0}
03:43:12.622 [qtp399373008-62] DEBUG org.eclipse.jetty.io.ManagedSelector - updates 0
03:43:12.622 [qtp399373008-62] DEBUG org.eclipse.jetty.io.ManagedSelector - Selector sun.nio.ch.EPollSelectorImpl@1eaae130 waiting with 1 keys
03:43:12.623 [qtp399373008-62] DEBUG org.eclipse.jetty.io.ManagedSelector - Selector sun.nio.ch.EPollSelectorImpl@1eaae130 woken up from select, 1/1/1 selected
03:43:12.623 [qtp399373008-62] DEBUG org.eclipse.jetty.io.ManagedSelector - Selector sun.nio.ch.EPollSelectorImpl@1eaae130 processing 1 keys, 0 updates
03:43:12.623 [qtp399373008-62] DEBUG org.eclipse.jetty.io.ManagedSelector - selected 1 sun.nio.ch.SelectionKeyImpl@1a95763d SocketChannelEndPoint@4c0b7e62{l=/127.0.0.1:44051,r=/127.0.0.1:33248,OPEN,fill=FI,flush=-,to=1/30000}{io=1/1,kio=1,kro=1}->SslConnection@4c995392{NEED_UNWRAP,eio=-1/-1,di=-1,fill=INTERESTED,flush=IDLE}~>DecryptedEndPoint@570f9641{l=/127.0.0.1:44051,r=/127.0.0.1:33248,OPEN,fill=FI,flush=-,to=1/30000}=>HttpConnection@4974d263[p=HttpParser{s=START,0 of -1},g=HttpGenerator@670f79de{s=START}]=>HttpChannelOverHttp@4a41e160{s=HttpChannelState@40e00851{s=IDLE rs=BLOCKING os=OPEN is=IDLE awp=false se=false i=true al=0},r=0,c=false/false,a=IDLE,uri=null,age=0} 
03:43:12.623 [qtp399373008-62] DEBUG org.eclipse.jetty.io.ChannelEndPoint - onSelected 1->0 r=true w=false for SocketChannelEndPoint@4c0b7e62{l=/127.0.0.1:44051,r=/127.0.0.1:33248,OPEN,fill=FI,flush=-,to=1/30000}{io=1/0,kio=1,kro=1}->SslConnection@4c995392{NEED_UNWRAP,eio=-1/-1,di=-1,fill=INTERESTED,flush=IDLE}~>DecryptedEndPoint@570f9641{l=/127.0.0.1:44051,r=/127.0.0.1:33248,OPEN,fill=FI,flush=-,to=1/30000}=>HttpConnection@4974d263[p=HttpParser{s=START,0 of -1},g=HttpGenerator@670f79de{s=START}]=>HttpChannelOverHttp@4a41e160{s=HttpChannelState@40e00851{s=IDLE rs=BLOCKING os=OPEN is=IDLE awp=false se=false i=true al=0},r=0,c=false/false,a=IDLE,uri=null,age=0}
03:43:12.623 [qtp399373008-62] DEBUG org.eclipse.jetty.io.ChannelEndPoint - task CEP:SocketChannelEndPoint@4c0b7e62{l=/127.0.0.1:44051,r=/127.0.0.1:33248,OPEN,fill=FI,flush=-,to=1/30000}{io=1/0,kio=1,kro=1}->SslConnection@4c995392{NEED_UNWRAP,eio=-1/-1,di=-1,fill=INTERESTED,flush=IDLE}~>DecryptedEndPoint@570f9641{l=/127.0.0.1:44051,r=/127.0.0.1:33248,OPEN,fill=FI,flush=-,to=1/30000}=>HttpConnection@4974d263[p=HttpParser{s=START,0 of -1},g=HttpGenerator@670f79de{s=START}]=>HttpChannelOverHttp@4a41e160{s=HttpChannelState@40e00851{s=IDLE rs=BLOCKING os=OPEN is=IDLE awp=false se=false i=true al=0},r=0,c=false/false,a=IDLE,uri=null,age=0}:runFillable:BLOCKING
03:43:12.623 [qtp399373008-62] DEBUG org.eclipse.jetty.util.thread.ReservedThreadExecutor - ReservedThreadExecutor@424fd310{reserved=2/8,pending=0} tryExecute EatWhatYouKill@1c3146bc/SelectorProducer@56c698e3/PRODUCING/p=false/QueuedThreadPool[qtp399373008]@17cdf2d0{STARTED,8<=8<=200,i=1,r=-1,q=0}[ReservedThreadExecutor@424fd310{reserved=2/8,pending=0}][pc=0,pic=0,pec=0,epc=1]@2024-05-02T03:43:12.623+01:00
03:43:12.623 [qtp399373008-62] DEBUG org.eclipse.jetty.util.thread.strategy.EatWhatYouKill - EatWhatYouKill@1c3146bc/SelectorProducer@56c698e3/IDLE/p=true/QueuedThreadPool[qtp399373008]@17cdf2d0{STARTED,8<=8<=200,i=1,r=-1,q=0}[ReservedThreadExecutor@424fd310{reserved=1/8,pending=0}][pc=0,pic=0,pec=0,epc=1]@2024-05-02T03:43:12.623+01:00 m=EXECUTE_PRODUCE_CONSUME t=CEP:SocketChannelEndPoint@4c0b7e62{l=/127.0.0.1:44051,r=/127.0.0.1:33248,OPEN,fill=FI,flush=-,to=1/30000}{io=1/0,kio=1,kro=1}->SslConnection@4c995392{NEED_UNWRAP,eio=-1/-1,di=-1,fill=INTERESTED,flush=IDLE}~>DecryptedEndPoint@570f9641{l=/127.0.0.1:44051,r=/127.0.0.1:33248,OPEN,fill=FI,flush=-,to=2/30000}=>HttpConnection@4974d263[p=HttpParser{s=START,0 of -1},g=HttpGenerator@670f79de{s=START}]=>HttpChannelOverHttp@4a41e160{s=HttpChannelState@40e00851{s=IDLE rs=BLOCKING os=OPEN is=IDLE awp=false se=false i=true al=0},r=0,c=false/false,a=IDLE,uri=null,age=0}:runFillable:BLOCKING/BLOCKING
03:43:12.623 [qtp399373008-61] DEBUG org.eclipse.jetty.util.thread.ReservedThreadExecutor - ReservedThread@681717c1{RESERVED,thread=Thread[qtp399373008-61,5,main]} task=EatWhatYouKill@1c3146bc/SelectorProducer@56c698e3/IDLE/p=true/QueuedThreadPool[qtp399373008]@17cdf2d0{STARTED,8<=8<=200,i=1,r=-1,q=0}[ReservedThreadExecutor@424fd310{reserved=1/8,pending=0}][pc=0,pic=0,pec=0,epc=1]@2024-05-02T03:43:12.623+01:00 ReservedThreadExecutor@424fd310{reserved=1/8,pending=0}
03:43:12.624 [qtp399373008-62] DEBUG org.eclipse.jetty.io.FillInterest - fillable FillInterest@5f2da44a{SSLC.NBReadCB@4c995392{SslConnection@4c995392::SocketChannelEndPoint@4c0b7e62{l=/127.0.0.1:44051,r=/127.0.0.1:33248,OPEN,fill=FI,flush=-,to=1/30000}{io=1/0,kio=1,kro=1}->SslConnection@4c995392{NEED_UNWRAP,eio=-1/-1,di=-1,fill=INTERESTED,flush=IDLE}~>DecryptedEndPoint@570f9641{l=/127.0.0.1:44051,r=/127.0.0.1:33248,OPEN,fill=FI,flush=-,to=2/30000}=>HttpConnection@4974d263[p=HttpParser{s=START,0 of -1},g=HttpGenerator@670f79de{s=START}]=>HttpChannelOverHttp@4a41e160{s=HttpChannelState@40e00851{s=IDLE rs=BLOCKING os=OPEN is=IDLE awp=false se=false i=true al=0},r=0,c=false/false,a=IDLE,uri=null,age=0}}}
03:43:12.624 [qtp399373008-61] DEBUG org.eclipse.jetty.util.thread.strategy.EatWhatYouKill - EatWhatYouKill@1c3146bc/SelectorProducer@56c698e3/IDLE/p=true/QueuedThreadPool[qtp399373008]@17cdf2d0{STARTED,8<=8<=200,i=1,r=-1,q=0}[ReservedThreadExecutor@424fd310{reserved=1/8,pending=0}][pc=0,pic=0,pec=0,epc=2]@2024-05-02T03:43:12.624+01:00 tryProduce true
03:43:12.624 [qtp399373008-61] DEBUG org.eclipse.jetty.io.ManagedSelector - updateable 0
03:43:12.624 [qtp399373008-61] DEBUG org.eclipse.jetty.io.ManagedSelector - updates 0
03:43:12.624 [qtp399373008-62] DEBUG org.eclipse.jetty.io.ssl.SslConnection - >c.onFillable SslConnection@4c995392::SocketChannelEndPoint@4c0b7e62{l=/127.0.0.1:44051,r=/127.0.0.1:33248,OPEN,fill=-,flush=-,to=1/30000}{io=1/0,kio=1,kro=1}->SslConnection@4c995392{NEED_UNWRAP,eio=-1/-1,di=-1,fill=INTERESTED,flush=IDLE}~>DecryptedEndPoint@570f9641{l=/127.0.0.1:44051,r=/127.0.0.1:33248,OPEN,fill=FI,flush=-,to=2/30000}=>HttpConnection@4974d263[p=HttpParser{s=START,0 of -1},g=HttpGenerator@670f79de{s=START}]=>HttpChannelOverHttp@4a41e160{s=HttpChannelState@40e00851{s=IDLE rs=BLOCKING os=OPEN is=IDLE awp=false se=false i=true al=0},r=0,c=false/false,a=IDLE,uri=null,age=0}
03:43:12.624 [qtp399373008-61] DEBUG org.eclipse.jetty.io.ChannelEndPoint - Key interests updated 1 -> 0 on SocketChannelEndPoint@4c0b7e62{l=/127.0.0.1:44051,r=/127.0.0.1:33248,OPEN,fill=-,flush=-,to=2/30000}{io=0/0,kio=0,kro=1}->SslConnection@4c995392{NEED_UNWRAP,eio=-1/-1,di=-1,fill=INTERESTED,flush=IDLE}~>DecryptedEndPoint@570f9641{l=/127.0.0.1:44051,r=/127.0.0.1:33248,OPEN,fill=FI,flush=-,to=2/30000}=>HttpConnection@4974d263[p=HttpParser{s=START,0 of -1},g=HttpGenerator@670f79de{s=START}]=>HttpChannelOverHttp@4a41e160{s=HttpChannelState@40e00851{s=IDLE rs=BLOCKING os=OPEN is=IDLE awp=false se=false i=true al=0},r=0,c=false/false,a=IDLE,uri=null,age=0}
03:43:12.624 [qtp399373008-62] DEBUG org.eclipse.jetty.io.ssl.SslConnection - onFillable SslConnection@4c995392::SocketChannelEndPoint@4c0b7e62{l=/127.0.0.1:44051,r=/127.0.0.1:33248,OPEN,fill=-,flush=-,to=2/30000}{io=0/0,kio=0,kro=1}->SslConnection@4c995392{NEED_UNWRAP,eio=-1/-1,di=-1,fill=INTERESTED,flush=IDLE}~>DecryptedEndPoint@570f9641{l=/127.0.0.1:44051,r=/127.0.0.1:33248,OPEN,fill=FI,flush=-,to=2/30000}=>HttpConnection@4974d263[p=HttpParser{s=START,0 of -1},g=HttpGenerator@670f79de{s=START}]=>HttpChannelOverHttp@4a41e160{s=HttpChannelState@40e00851{s=IDLE rs=BLOCKING os=OPEN is=IDLE awp=false se=false i=true al=0},r=0,c=false/false,a=IDLE,uri=null,age=0}
03:43:12.624 [qtp399373008-61] DEBUG org.eclipse.jetty.io.ManagedSelector - Selector sun.nio.ch.EPollSelectorImpl@1eaae130 waiting with 1 keys
03:43:12.624 [qtp399373008-62] DEBUG org.eclipse.jetty.io.FillInterest - fillable FillInterest@8075896{AC.ReadCB@4974d263{HttpConnection@4974d263::DecryptedEndPoint@570f9641{l=/127.0.0.1:44051,r=/127.0.0.1:33248,OPEN,fill=FI,flush=-,to=2/30000}}}
03:43:12.624 [qtp399373008-62] DEBUG org.eclipse.jetty.server.HttpConnection - HttpConnection@4974d263::DecryptedEndPoint@570f9641{l=/127.0.0.1:44051,r=/127.0.0.1:33248,OPEN,fill=-,flush=-,to=2/30000} onFillable enter HttpChannelState@40e00851{s=IDLE rs=BLOCKING os=OPEN is=IDLE awp=false se=false i=true al=0} null
03:43:12.624 [qtp399373008-62] DEBUG org.eclipse.jetty.io.ssl.SslConnection - >fill SslConnection@4c995392::SocketChannelEndPoint@4c0b7e62{l=/127.0.0.1:44051,r=/127.0.0.1:33248,OPEN,fill=-,flush=-,to=2/30000}{io=0/0,kio=0,kro=1}->SslConnection@4c995392{NEED_UNWRAP,eio=-1/-1,di=-1,fill=IDLE,flush=IDLE}~>DecryptedEndPoint@570f9641{l=/127.0.0.1:44051,r=/127.0.0.1:33248,OPEN,fill=-,flush=-,to=2/30000}=>HttpConnection@4974d263[p=HttpParser{s=START,0 of -1},g=HttpGenerator@670f79de{s=START}]=>HttpChannelOverHttp@4a41e160{s=HttpChannelState@40e00851{s=IDLE rs=BLOCKING os=OPEN is=IDLE awp=false se=false i=true al=0},r=0,c=false/false,a=IDLE,uri=null,age=0}
03:43:12.624 [qtp399373008-62] DEBUG org.eclipse.jetty.io.ssl.SslConnection - fill NEED_UNWRAP
03:43:12.624 [qtp399373008-62] DEBUG org.eclipse.jetty.io.ChannelEndPoint - filled 6 HeapByteBuffer@729047a8[p=0,l=6,c=17408,r=6]={<<<\x14\x03\x03\x00\x01\x01>>>\xB1\x04\xC5\x0e\xD7\xCdr\xA7*...\x00\x00\x00\x00\x00\x00\x00}
03:43:12.624 [qtp399373008-62] DEBUG org.eclipse.jetty.io.ssl.SslConnection - net filled=6
03:43:12.624 [qtp399373008-62] DEBUG org.eclipse.jetty.io.ssl.SslConnection - unwrap net_filled=6 Status = OK HandshakeStatus = NEED_UNWRAP bytesConsumed = 6 bytesProduced = 0 encryptedBuffer=[p=6,l=6,c=17408,r=0] unwrapBuffer=HeapByteBuffer@76afdda5[p=0,l=0,c=17408,r=0]={<<<>>>\x16\x03\x03\x01N\x01\x00\x01J...\x00\x00\x00\x00\x00\x00\x00} appBuffer=HeapByteBuffer@76afdda5[p=0,l=0,c=17408,r=0]={<<<>>>\x16\x03\x03\x01N\x01\x00\x01J...\x00\x00\x00\x00\x00\x00\x00}
03:43:12.624 [qtp399373008-62] DEBUG org.eclipse.jetty.io.ssl.SslConnection - fill NEED_UNWRAP
03:43:12.625 [qtp399373008-62] DEBUG org.eclipse.jetty.io.ChannelEndPoint - filled 0 HeapByteBuffer@729047a8[p=0,l=0,c=17408,r=0]={<<<>>>\x14\x03\x03\x00\x01\x01\xB1\x04\xC5...\x00\x00\x00\x00\x00\x00\x00}
03:43:12.625 [qtp399373008-62] DEBUG org.eclipse.jetty.io.ssl.SslConnection - net filled=0
03:43:12.625 [qtp399373008-62] DEBUG org.eclipse.jetty.io.ssl.SslConnection - unwrap net_filled=0 Status = BUFFER_UNDERFLOW HandshakeStatus = NEED_UNWRAP bytesConsumed = 0 bytesProduced = 0 encryptedBuffer=[p=0,l=0,c=17408,r=0] unwrapBuffer=HeapByteBuffer@76afdda5[p=0,l=0,c=17408,r=0]={<<<>>>\x16\x03\x03\x01N\x01\x00\x01J...\x00\x00\x00\x00\x00\x00\x00} appBuffer=HeapByteBuffer@76afdda5[p=0,l=0,c=17408,r=0]={<<<>>>\x16\x03\x03\x01N\x01\x00\x01J...\x00\x00\x00\x00\x00\x00\x00}
03:43:12.625 [qtp399373008-62] DEBUG org.eclipse.jetty.io.ssl.SslConnection - <fill f=0 uf=true SslConnection@4c995392::SocketChannelEndPoint@4c0b7e62{l=/127.0.0.1:44051,r=/127.0.0.1:33248,OPEN,fill=-,flush=-,to=0/30000}{io=0/0,kio=0,kro=1}->SslConnection@4c995392{NEED_UNWRAP,eio=-1/-1,di=-1,fill=IDLE,flush=IDLE}~>DecryptedEndPoint@570f9641{l=/127.0.0.1:44051,r=/127.0.0.1:33248,OPEN,fill=-,flush=-,to=3/30000}=>HttpConnection@4974d263[p=HttpParser{s=START,0 of -1},g=HttpGenerator@670f79de{s=START}]=>HttpChannelOverHttp@4a41e160{s=HttpChannelState@40e00851{s=IDLE rs=BLOCKING os=OPEN is=IDLE awp=false se=false i=true al=0},r=0,c=false/false,a=IDLE,uri=null,age=0}
03:43:12.625 [qtp399373008-62] DEBUG org.eclipse.jetty.io.ssl.SslConnection - >fill SslConnection@4c995392::SocketChannelEndPoint@4c0b7e62{l=/127.0.0.1:44051,r=/127.0.0.1:33248,OPEN,fill=-,flush=-,to=0/30000}{io=0/0,kio=0,kro=1}->SslConnection@4c995392{NEED_UNWRAP,eio=-1/-1,di=-1,fill=IDLE,flush=IDLE}~>DecryptedEndPoint@570f9641{l=/127.0.0.1:44051,r=/127.0.0.1:33248,OPEN,fill=-,flush=-,to=3/30000}=>HttpConnection@4974d263[p=HttpParser{s=START,0 of -1},g=HttpGenerator@670f79de{s=START}]=>HttpChannelOverHttp@4a41e160{s=HttpChannelState@40e00851{s=IDLE rs=BLOCKING os=OPEN is=IDLE awp=false se=false i=true al=0},r=0,c=false/false,a=IDLE,uri=null,age=0}
03:43:12.625 [qtp399373008-62] DEBUG org.eclipse.jetty.io.ssl.SslConnection - fill NEED_UNWRAP
03:43:12.625 [qtp399373008-62] DEBUG org.eclipse.jetty.io.ChannelEndPoint - filled 0 HeapByteBuffer@78682cd8[p=0,l=0,c=17408,r=0]={<<<>>>\x17\x03\x03\x00\xC9O\x8d\xA9F...\x00\x00\x00\x00\x00\x00\x00}
03:43:12.625 [qtp399373008-62] DEBUG org.eclipse.jetty.io.ssl.SslConnection - net filled=0
03:43:12.625 [qtp399373008-62] DEBUG org.eclipse.jetty.io.ssl.SslConnection - unwrap net_filled=0 Status = BUFFER_UNDERFLOW HandshakeStatus = NEED_UNWRAP bytesConsumed = 0 bytesProduced = 0 encryptedBuffer=[p=0,l=0,c=17408,r=0] unwrapBuffer=HeapByteBuffer@76afdda5[p=0,l=0,c=17408,r=0]={<<<>>>\x16\x03\x03\x01N\x01\x00\x01J...\x00\x00\x00\x00\x00\x00\x00} appBuffer=HeapByteBuffer@76afdda5[p=0,l=0,c=17408,r=0]={<<<>>>\x16\x03\x03\x01N\x01\x00\x01J...\x00\x00\x00\x00\x00\x00\x00}
03:43:12.625 [qtp399373008-62] DEBUG org.eclipse.jetty.io.ssl.SslConnection - <fill f=0 uf=true SslConnection@4c995392::SocketChannelEndPoint@4c0b7e62{l=/127.0.0.1:44051,r=/127.0.0.1:33248,OPEN,fill=-,flush=-,to=0/30000}{io=0/0,kio=0,kro=1}->SslConnection@4c995392{NEED_UNWRAP,eio=-1/-1,di=-1,fill=IDLE,flush=IDLE}~>DecryptedEndPoint@570f9641{l=/127.0.0.1:44051,r=/127.0.0.1:33248,OPEN,fill=-,flush=-,to=3/30000}=>HttpConnection@4974d263[p=HttpParser{s=START,0 of -1},g=HttpGenerator@670f79de{s=START}]=>HttpChannelOverHttp@4a41e160{s=HttpChannelState@40e00851{s=IDLE rs=BLOCKING os=OPEN is=IDLE awp=false se=false i=true al=0},r=0,c=false/false,a=IDLE,uri=null,age=0}
03:43:12.625 [qtp399373008-62] DEBUG org.eclipse.jetty.server.HttpConnection - HttpConnection@4974d263::DecryptedEndPoint@570f9641{l=/127.0.0.1:44051,r=/127.0.0.1:33248,OPEN,fill=-,flush=-,to=3/30000} filled 0 HeapByteBuffer@76afdda5[p=0,l=0,c=17408,r=0]={<<<>>>\x16\x03\x03\x01N\x01\x00\x01J...\x00\x00\x00\x00\x00\x00\x00}
03:43:12.625 [qtp399373008-62] DEBUG org.eclipse.jetty.server.HttpConnection - HttpConnection@4974d263::DecryptedEndPoint@570f9641{l=/127.0.0.1:44051,r=/127.0.0.1:33248,OPEN,fill=-,flush=-,to=3/30000} parse HeapByteBuffer@76afdda5[p=0,l=0,c=17408,r=0]={<<<>>>\x16\x03\x03\x01N\x01\x00\x01J...\x00\x00\x00\x00\x00\x00\x00} {}
03:43:12.625 [qtp399373008-62] DEBUG org.eclipse.jetty.http.HttpParser - parseNext s=START HeapByteBuffer@76afdda5[p=0,l=0,c=17408,r=0]={<<<>>>\x16\x03\x03\x01N\x01\x00\x01J...\x00\x00\x00\x00\x00\x00\x00}
03:43:12.625 [qtp399373008-62] DEBUG org.eclipse.jetty.server.HttpConnection - HttpConnection@4974d263::DecryptedEndPoint@570f9641{l=/127.0.0.1:44051,r=/127.0.0.1:33248,OPEN,fill=-,flush=-,to=3/30000} parsed false HttpParser{s=START,0 of -1}
03:43:12.625 [qtp399373008-62] DEBUG org.eclipse.jetty.server.HttpConnection - releaseRequestBuffer HttpConnection@4974d263::DecryptedEndPoint@570f9641{l=/127.0.0.1:44051,r=/127.0.0.1:33248,OPEN,fill=-,flush=-,to=3/30000}
03:43:12.625 [qtp399373008-62] DEBUG org.eclipse.jetty.io.AbstractConnection - fillInterested HttpConnection@4974d263::DecryptedEndPoint@570f9641{l=/127.0.0.1:44051,r=/127.0.0.1:33248,OPEN,fill=-,flush=-,to=3/30000}
03:43:12.625 [qtp399373008-62] DEBUG org.eclipse.jetty.io.FillInterest - interested FillInterest@8075896{AC.ReadCB@4974d263{HttpConnection@4974d263::DecryptedEndPoint@570f9641{l=/127.0.0.1:44051,r=/127.0.0.1:33248,OPEN,fill=FI,flush=-,to=0/30000}}}
03:43:12.625 [qtp399373008-62] DEBUG org.eclipse.jetty.io.ssl.SslConnection - >needFillInterest s=IDLE/IDLE uf=true ei=null di=null SslConnection@4c995392::SocketChannelEndPoint@4c0b7e62{l=/127.0.0.1:44051,r=/127.0.0.1:33248,OPEN,fill=-,flush=-,to=0/30000}{io=0/0,kio=0,kro=1}->SslConnection@4c995392{NEED_UNWRAP,eio=-1/-1,di=-1,fill=IDLE,flush=IDLE}~>DecryptedEndPoint@570f9641{l=/127.0.0.1:44051,r=/127.0.0.1:33248,OPEN,fill=FI,flush=-,to=0/30000}=>HttpConnection@4974d263[p=HttpParser{s=START,0 of -1},g=HttpGenerator@670f79de{s=START}]=>HttpChannelOverHttp@4a41e160{s=HttpChannelState@40e00851{s=IDLE rs=BLOCKING os=OPEN is=IDLE awp=false se=false i=true al=0},r=0,c=false/false,a=IDLE,uri=null,age=0}
03:43:12.625 [qtp399373008-62] DEBUG org.eclipse.jetty.io.ssl.SslConnection - <needFillInterest s=IDLE/INTERESTED f=false i=true w=null
03:43:12.625 [qtp399373008-62] DEBUG org.eclipse.jetty.io.ssl.SslConnection - ensureFillInterested SslConnection@4c995392::SocketChannelEndPoint@4c0b7e62{l=/127.0.0.1:44051,r=/127.0.0.1:33248,OPEN,fill=-,flush=-,to=0/30000}{io=0/0,kio=0,kro=1}->SslConnection@4c995392{NEED_UNWRAP,eio=-1/-1,di=-1,fill=INTERESTED,flush=IDLE}~>DecryptedEndPoint@570f9641{l=/127.0.0.1:44051,r=/127.0.0.1:33248,OPEN,fill=FI,flush=-,to=0/30000}=>HttpConnection@4974d263[p=HttpParser{s=START,0 of -1},g=HttpGenerator@670f79de{s=START}]=>HttpChannelOverHttp@4a41e160{s=HttpChannelState@40e00851{s=IDLE rs=BLOCKING os=OPEN is=IDLE awp=false se=false i=true al=0},r=0,c=false/false,a=IDLE,uri=null,age=0}
03:43:12.625 [qtp399373008-62] DEBUG org.eclipse.jetty.io.FillInterest - interested FillInterest@5f2da44a{SSLC.NBReadCB@4c995392{SslConnection@4c995392::SocketChannelEndPoint@4c0b7e62{l=/127.0.0.1:44051,r=/127.0.0.1:33248,OPEN,fill=FI,flush=-,to=0/30000}{io=0/0,kio=0,kro=1}->SslConnection@4c995392{NEED_UNWRAP,eio=-1/-1,di=-1,fill=INTERESTED,flush=IDLE}~>DecryptedEndPoint@570f9641{l=/127.0.0.1:44051,r=/127.0.0.1:33248,OPEN,fill=FI,flush=-,to=0/30000}=>HttpConnection@4974d263[p=HttpParser{s=START,0 of -1},g=HttpGenerator@670f79de{s=START}]=>HttpChannelOverHttp@4a41e160{s=HttpChannelState@40e00851{s=IDLE rs=BLOCKING os=OPEN is=IDLE awp=false se=false i=true al=0},r=0,c=false/false,a=IDLE,uri=null,age=0}}}
03:43:12.625 [qtp399373008-62] DEBUG org.eclipse.jetty.io.ChannelEndPoint - changeInterests p=false 0->1 for SocketChannelEndPoint@4c0b7e62{l=/127.0.0.1:44051,r=/127.0.0.1:33248,OPEN,fill=FI,flush=-,to=0/30000}{io=0/1,kio=0,kro=1}->SslConnection@4c995392{NEED_UNWRAP,eio=-1/-1,di=-1,fill=INTERESTED,flush=IDLE}~>DecryptedEndPoint@570f9641{l=/127.0.0.1:44051,r=/127.0.0.1:33248,OPEN,fill=FI,flush=-,to=0/30000}=>HttpConnection@4974d263[p=HttpParser{s=START,0 of -1},g=HttpGenerator@670f79de{s=START}]=>HttpChannelOverHttp@4a41e160{s=HttpChannelState@40e00851{s=IDLE rs=BLOCKING os=OPEN is=IDLE awp=false se=false i=true al=0},r=0,c=false/false,a=IDLE,uri=null,age=0}
03:43:12.625 [qtp399373008-62] DEBUG org.eclipse.jetty.io.ManagedSelector - Queued change lazy=false org.eclipse.jetty.io.ChannelEndPoint$$Lambda$255/90666987@59ae69fe on ManagedSelector@47a86fbb{STARTED} id=2 keys=1 selected=0 updates=0
03:43:12.625 [qtp399373008-62] DEBUG org.eclipse.jetty.io.ManagedSelector - Wakeup on submit ManagedSelector@47a86fbb{STARTED} id=2 keys=1 selected=0 updates=1
03:43:12.625 [qtp399373008-61] DEBUG org.eclipse.jetty.io.ManagedSelector - Selector sun.nio.ch.EPollSelectorImpl@1eaae130 woken with none selected
03:43:12.625 [qtp399373008-62] DEBUG org.eclipse.jetty.server.HttpConnection - HttpConnection@4974d263::DecryptedEndPoint@570f9641{l=/127.0.0.1:44051,r=/127.0.0.1:33248,OPEN,fill=FI,flush=-,to=0/30000} onFillable exit HttpChannelState@40e00851{s=IDLE rs=BLOCKING os=OPEN is=IDLE awp=false se=false i=true al=0} null
03:43:12.625 [qtp399373008-61] DEBUG org.eclipse.jetty.io.ManagedSelector - Selector sun.nio.ch.EPollSelectorImpl@1eaae130 woken up from select, 0/0/1 selected
03:43:12.625 [qtp399373008-61] DEBUG org.eclipse.jetty.io.ManagedSelector - Selector sun.nio.ch.EPollSelectorImpl@1eaae130 processing 0 keys, 1 updates
03:43:12.625 [qtp399373008-61] DEBUG org.eclipse.jetty.io.ManagedSelector - updateable 1
03:43:12.625 [qtp399373008-61] DEBUG org.eclipse.jetty.io.ManagedSelector - update org.eclipse.jetty.io.ChannelEndPoint$$Lambda$255/90666987@59ae69fe
03:43:12.626 [qtp399373008-62] DEBUG org.eclipse.jetty.io.ssl.SslConnection - <c.onFillable SslConnection@4c995392::SocketChannelEndPoint@4c0b7e62{l=/127.0.0.1:44051,r=/127.0.0.1:33248,OPEN,fill=FI,flush=-,to=0/30000}{io=0/1,kio=0,kro=1}->SslConnection@4c995392{NEED_UNWRAP,eio=-1/-1,di=-1,fill=INTERESTED,flush=IDLE}~>DecryptedEndPoint@570f9641{l=/127.0.0.1:44051,r=/127.0.0.1:33248,OPEN,fill=FI,flush=-,to=0/30000}=>HttpConnection@4974d263[p=HttpParser{s=START,0 of -1},g=HttpGenerator@670f79de{s=START}]=>HttpChannelOverHttp@4a41e160{s=HttpChannelState@40e00851{s=IDLE rs=BLOCKING os=OPEN is=IDLE awp=false se=false i=true al=0},r=0,c=false/false,a=IDLE,uri=null,age=0}
03:43:12.626 [qtp399373008-62] DEBUG org.eclipse.jetty.util.thread.ReservedThreadExecutor - ReservedThread@1ba773eb{RUNNING,thread=Thread[qtp399373008-62,5,main]} was=RUNNING next=RESERVED size=0+2 capacity=8
03:43:12.626 [qtp399373008-61] DEBUG org.eclipse.jetty.io.ChannelEndPoint - Key interests updated 0 -> 1 on SocketChannelEndPoint@4c0b7e62{l=/127.0.0.1:44051,r=/127.0.0.1:33248,OPEN,fill=FI,flush=-,to=0/30000}{io=1/1,kio=1,kro=1}->SslConnection@4c995392{NEED_UNWRAP,eio=-1/-1,di=-1,fill=INTERESTED,flush=IDLE}~>DecryptedEndPoint@570f9641{l=/127.0.0.1:44051,r=/127.0.0.1:33248,OPEN,fill=FI,flush=-,to=0/30000}=>HttpConnection@4974d263[p=HttpParser{s=START,0 of -1},g=HttpGenerator@670f79de{s=START}]=>HttpChannelOverHttp@4a41e160{s=HttpChannelState@40e00851{s=IDLE rs=BLOCKING os=OPEN is=IDLE awp=false se=false i=true al=0},r=0,c=false/false,a=IDLE,uri=null,age=0}
03:43:12.626 [qtp399373008-61] DEBUG org.eclipse.jetty.io.ManagedSelector - updates 0
03:43:12.626 [qtp399373008-62] DEBUG org.eclipse.jetty.util.thread.ReservedThreadExecutor - ReservedThread@1ba773eb{RESERVED,thread=Thread[qtp399373008-62,5,main]} waiting ReservedThreadExecutor@424fd310{reserved=2/8,pending=0}
03:43:12.626 [qtp399373008-61] DEBUG org.eclipse.jetty.io.ManagedSelector - Selector sun.nio.ch.EPollSelectorImpl@1eaae130 waiting with 1 keys
03:43:12.665 [qtp399373008-61] DEBUG org.eclipse.jetty.io.ManagedSelector - Selector sun.nio.ch.EPollSelectorImpl@1eaae130 woken up from select, 1/1/1 selected
03:43:12.665 [qtp399373008-61] DEBUG org.eclipse.jetty.io.ManagedSelector - Selector sun.nio.ch.EPollSelectorImpl@1eaae130 processing 1 keys, 0 updates
03:43:12.665 [qtp399373008-61] DEBUG org.eclipse.jetty.io.ManagedSelector - selected 1 sun.nio.ch.SelectionKeyImpl@1a95763d SocketChannelEndPoint@4c0b7e62{l=/127.0.0.1:44051,r=/127.0.0.1:33248,OPEN,fill=FI,flush=-,to=39/30000}{io=1/1,kio=1,kro=1}->SslConnection@4c995392{NEED_UNWRAP,eio=-1/-1,di=-1,fill=INTERESTED,flush=IDLE}~>DecryptedEndPoint@570f9641{l=/127.0.0.1:44051,r=/127.0.0.1:33248,OPEN,fill=FI,flush=-,to=39/30000}=>HttpConnection@4974d263[p=HttpParser{s=START,0 of -1},g=HttpGenerator@670f79de{s=START}]=>HttpChannelOverHttp@4a41e160{s=HttpChannelState@40e00851{s=IDLE rs=BLOCKING os=OPEN is=IDLE awp=false se=false i=true al=0},r=0,c=false/false,a=IDLE,uri=null,age=0} 
03:43:12.665 [qtp399373008-61] DEBUG org.eclipse.jetty.io.ChannelEndPoint - onSelected 1->0 r=true w=false for SocketChannelEndPoint@4c0b7e62{l=/127.0.0.1:44051,r=/127.0.0.1:33248,OPEN,fill=FI,flush=-,to=39/30000}{io=1/0,kio=1,kro=1}->SslConnection@4c995392{NEED_UNWRAP,eio=-1/-1,di=-1,fill=INTERESTED,flush=IDLE}~>DecryptedEndPoint@570f9641{l=/127.0.0.1:44051,r=/127.0.0.1:33248,OPEN,fill=FI,flush=-,to=39/30000}=>HttpConnection@4974d263[p=HttpParser{s=START,0 of -1},g=HttpGenerator@670f79de{s=START}]=>HttpChannelOverHttp@4a41e160{s=HttpChannelState@40e00851{s=IDLE rs=BLOCKING os=OPEN is=IDLE awp=false se=false i=true al=0},r=0,c=false/false,a=IDLE,uri=null,age=0}
03:43:12.665 [qtp399373008-61] DEBUG org.eclipse.jetty.io.ChannelEndPoint - task CEP:SocketChannelEndPoint@4c0b7e62{l=/127.0.0.1:44051,r=/127.0.0.1:33248,OPEN,fill=FI,flush=-,to=39/30000}{io=1/0,kio=1,kro=1}->SslConnection@4c995392{NEED_UNWRAP,eio=-1/-1,di=-1,fill=INTERESTED,flush=IDLE}~>DecryptedEndPoint@570f9641{l=/127.0.0.1:44051,r=/127.0.0.1:33248,OPEN,fill=FI,flush=-,to=40/30000}=>HttpConnection@4974d263[p=HttpParser{s=START,0 of -1},g=HttpGenerator@670f79de{s=START}]=>HttpChannelOverHttp@4a41e160{s=HttpChannelState@40e00851{s=IDLE rs=BLOCKING os=OPEN is=IDLE awp=false se=false i=true al=0},r=0,c=false/false,a=IDLE,uri=null,age=0}:runFillable:BLOCKING
03:43:12.665 [qtp399373008-61] DEBUG org.eclipse.jetty.util.thread.ReservedThreadExecutor - ReservedThreadExecutor@424fd310{reserved=2/8,pending=0} tryExecute EatWhatYouKill@1c3146bc/SelectorProducer@56c698e3/PRODUCING/p=false/QueuedThreadPool[qtp399373008]@17cdf2d0{STARTED,8<=8<=200,i=1,r=-1,q=0}[ReservedThreadExecutor@424fd310{reserved=2/8,pending=0}][pc=0,pic=0,pec=0,epc=2]@2024-05-02T03:43:12.665+01:00
03:43:12.665 [qtp399373008-61] DEBUG org.eclipse.jetty.util.thread.strategy.EatWhatYouKill - EatWhatYouKill@1c3146bc/SelectorProducer@56c698e3/IDLE/p=true/QueuedThreadPool[qtp399373008]@17cdf2d0{STARTED,8<=8<=200,i=1,r=-1,q=0}[ReservedThreadExecutor@424fd310{reserved=1/8,pending=0}][pc=0,pic=0,pec=0,epc=2]@2024-05-02T03:43:12.665+01:00 m=EXECUTE_PRODUCE_CONSUME t=CEP:SocketChannelEndPoint@4c0b7e62{l=/127.0.0.1:44051,r=/127.0.0.1:33248,OPEN,fill=FI,flush=-,to=40/30000}{io=1/0,kio=1,kro=1}->SslConnection@4c995392{NEED_UNWRAP,eio=-1/-1,di=-1,fill=INTERESTED,flush=IDLE}~>DecryptedEndPoint@570f9641{l=/127.0.0.1:44051,r=/127.0.0.1:33248,OPEN,fill=FI,flush=-,to=40/30000}=>HttpConnection@4974d263[p=HttpParser{s=START,0 of -1},g=HttpGenerator@670f79de{s=START}]=>HttpChannelOverHttp@4a41e160{s=HttpChannelState@40e00851{s=IDLE rs=BLOCKING os=OPEN is=IDLE awp=false se=false i=true al=0},r=0,c=false/false,a=IDLE,uri=null,age=0}:runFillable:BLOCKING/BLOCKING
03:43:12.665 [qtp399373008-62] DEBUG org.eclipse.jetty.util.thread.ReservedThreadExecutor - ReservedThread@1ba773eb{RESERVED,thread=Thread[qtp399373008-62,5,main]} task=EatWhatYouKill@1c3146bc/SelectorProducer@56c698e3/IDLE/p=true/QueuedThreadPool[qtp399373008]@17cdf2d0{STARTED,8<=8<=200,i=1,r=-1,q=0}[ReservedThreadExecutor@424fd310{reserved=1/8,pending=0}][pc=0,pic=0,pec=0,epc=2]@2024-05-02T03:43:12.665+01:00 ReservedThreadExecutor@424fd310{reserved=1/8,pending=0}
03:43:12.665 [qtp399373008-61] DEBUG org.eclipse.jetty.io.FillInterest - fillable FillInterest@5f2da44a{SSLC.NBReadCB@4c995392{SslConnection@4c995392::SocketChannelEndPoint@4c0b7e62{l=/127.0.0.1:44051,r=/127.0.0.1:33248,OPEN,fill=FI,flush=-,to=40/30000}{io=1/0,kio=1,kro=1}->SslConnection@4c995392{NEED_UNWRAP,eio=-1/-1,di=-1,fill=INTERESTED,flush=IDLE}~>DecryptedEndPoint@570f9641{l=/127.0.0.1:44051,r=/127.0.0.1:33248,OPEN,fill=FI,flush=-,to=40/30000}=>HttpConnection@4974d263[p=HttpParser{s=START,0 of -1},g=HttpGenerator@670f79de{s=START}]=>HttpChannelOverHttp@4a41e160{s=HttpChannelState@40e00851{s=IDLE rs=BLOCKING os=OPEN is=IDLE awp=false se=false i=true al=0},r=0,c=false/false,a=IDLE,uri=null,age=0}}}
03:43:12.665 [qtp399373008-61] DEBUG org.eclipse.jetty.io.ssl.SslConnection - >c.onFillable SslConnection@4c995392::SocketChannelEndPoint@4c0b7e62{l=/127.0.0.1:44051,r=/127.0.0.1:33248,OPEN,fill=-,flush=-,to=40/30000}{io=1/0,kio=1,kro=1}->SslConnection@4c995392{NEED_UNWRAP,eio=-1/-1,di=-1,fill=INTERESTED,flush=IDLE}~>DecryptedEndPoint@570f9641{l=/127.0.0.1:44051,r=/127.0.0.1:33248,OPEN,fill=FI,flush=-,to=40/30000}=>HttpConnection@4974d263[p=HttpParser{s=START,0 of -1},g=HttpGenerator@670f79de{s=START}]=>HttpChannelOverHttp@4a41e160{s=HttpChannelState@40e00851{s=IDLE rs=BLOCKING os=OPEN is=IDLE awp=false se=false i=true al=0},r=0,c=false/false,a=IDLE,uri=null,age=0}
03:43:12.666 [qtp399373008-62] DEBUG org.eclipse.jetty.util.thread.strategy.EatWhatYouKill - EatWhatYouKill@1c3146bc/SelectorProducer@56c698e3/IDLE/p=true/QueuedThreadPool[qtp399373008]@17cdf2d0{STARTED,8<=8<=200,i=1,r=-1,q=0}[ReservedThreadExecutor@424fd310{reserved=1/8,pending=0}][pc=0,pic=0,pec=0,epc=3]@2024-05-02T03:43:12.665+01:00 tryProduce true
03:43:12.666 [qtp399373008-61] DEBUG org.eclipse.jetty.io.ssl.SslConnection - onFillable SslConnection@4c995392::SocketChannelEndPoint@4c0b7e62{l=/127.0.0.1:44051,r=/127.0.0.1:33248,OPEN,fill=-,flush=-,to=40/30000}{io=1/0,kio=1,kro=1}->SslConnection@4c995392{NEED_UNWRAP,eio=-1/-1,di=-1,fill=INTERESTED,flush=IDLE}~>DecryptedEndPoint@570f9641{l=/127.0.0.1:44051,r=/127.0.0.1:33248,OPEN,fill=FI,flush=-,to=40/30000}=>HttpConnection@4974d263[p=HttpParser{s=START,0 of -1},g=HttpGenerator@670f79de{s=START}]=>HttpChannelOverHttp@4a41e160{s=HttpChannelState@40e00851{s=IDLE rs=BLOCKING os=OPEN is=IDLE awp=false se=false i=true al=0},r=0,c=false/false,a=IDLE,uri=null,age=0}
03:43:12.666 [qtp399373008-62] DEBUG org.eclipse.jetty.io.ManagedSelector - updateable 0
03:43:12.666 [qtp399373008-61] DEBUG org.eclipse.jetty.io.FillInterest - fillable FillInterest@8075896{AC.ReadCB@4974d263{HttpConnection@4974d263::DecryptedEndPoint@570f9641{l=/127.0.0.1:44051,r=/127.0.0.1:33248,OPEN,fill=FI,flush=-,to=40/30000}}}
03:43:12.666 [qtp399373008-62] DEBUG org.eclipse.jetty.io.ManagedSelector - updates 0
03:43:12.666 [qtp399373008-61] DEBUG org.eclipse.jetty.server.HttpConnection - HttpConnection@4974d263::DecryptedEndPoint@570f9641{l=/127.0.0.1:44051,r=/127.0.0.1:33248,OPEN,fill=-,flush=-,to=40/30000} onFillable enter HttpChannelState@40e00851{s=IDLE rs=BLOCKING os=OPEN is=IDLE awp=false se=false i=true al=0} null
03:43:12.666 [qtp399373008-61] DEBUG org.eclipse.jetty.io.ssl.SslConnection - >fill SslConnection@4c995392::SocketChannelEndPoint@4c0b7e62{l=/127.0.0.1:44051,r=/127.0.0.1:33248,OPEN,fill=-,flush=-,to=40/30000}{io=0/0,kio=0,kro=1}->SslConnection@4c995392{NEED_UNWRAP,eio=-1/-1,di=-1,fill=IDLE,flush=IDLE}~>DecryptedEndPoint@570f9641{l=/127.0.0.1:44051,r=/127.0.0.1:33248,OPEN,fill=-,flush=-,to=40/30000}=>HttpConnection@4974d263[p=HttpParser{s=START,0 of -1},g=HttpGenerator@670f79de{s=START}]=>HttpChannelOverHttp@4a41e160{s=HttpChannelState@40e00851{s=IDLE rs=BLOCKING os=OPEN is=IDLE awp=false se=false i=true al=0},r=0,c=false/false,a=IDLE,uri=null,age=0}
03:43:12.666 [qtp399373008-61] DEBUG org.eclipse.jetty.io.ssl.SslConnection - fill NEED_UNWRAP
03:43:12.666 [qtp399373008-62] DEBUG org.eclipse.jetty.io.ChannelEndPoint - Key interests updated 1 -> 0 on SocketChannelEndPoint@4c0b7e62{l=/127.0.0.1:44051,r=/127.0.0.1:33248,OPEN,fill=-,flush=-,to=40/30000}{io=0/0,kio=0,kro=1}->SslConnection@4c995392{NEED_UNWRAP,eio=-1/-1,di=-1,fill=IDLE,flush=IDLE}~>DecryptedEndPoint@570f9641{l=/127.0.0.1:44051,r=/127.0.0.1:33248,OPEN,fill=-,flush=-,to=40/30000}=>HttpConnection@4974d263[p=HttpParser{s=START,0 of -1},g=HttpGenerator@670f79de{s=START}]=>HttpChannelOverHttp@4a41e160{s=HttpChannelState@40e00851{s=IDLE rs=BLOCKING os=OPEN is=IDLE awp=false se=false i=true al=0},r=0,c=false/false,a=IDLE,uri=null,age=0}
03:43:12.666 [qtp399373008-62] DEBUG org.eclipse.jetty.io.ManagedSelector - Selector sun.nio.ch.EPollSelectorImpl@1eaae130 waiting with 1 keys
03:43:12.666 [qtp399373008-61] DEBUG org.eclipse.jetty.io.ChannelEndPoint - filled 1508 HeapByteBuffer@78682cd8[p=0,l=1508,c=17408,r=1508]={<<<\x17\x03\x03\x03\xAd\xB0dI\xF5\xEf\x08\xA6\x11\x02a\x19\x81Wwd\xE0\\}\x11\x99...\xD3\x97j\x8e\x04\xE9\x95\x02\x90\x06\x12\xC8$\xD0X\xBc\xFc\xC9\x04\xB3\xB6\xEfD>>>\x00\x00\x00\x00\x00\x00\x00\x00\x00...\x00\x00\x00\x00\x00\x00\x00}
03:43:12.666 [qtp399373008-61] DEBUG org.eclipse.jetty.io.ssl.SslConnection - net filled=1508
03:43:12.666 [qtp399373008-61] DEBUG org.eclipse.jetty.io.ssl.SslConnection - unwrap net_filled=1508 Status = OK HandshakeStatus = NEED_TASK bytesConsumed = 946 bytesProduced = 0 encryptedBuffer=[p=946,l=1508,c=17408,r=562] unwrapBuffer=HeapByteBuffer@729047a8[p=0,l=0,c=17408,r=0]={<<<>>>\x14\x03\x03\x00\x01\x01\xB1\x04\xC5...\x00\x00\x00\x00\x00\x00\x00} appBuffer=HeapByteBuffer@729047a8[p=0,l=0,c=17408,r=0]={<<<>>>\x14\x03\x03\x00\x01\x01\xB1\x04\xC5...\x00\x00\x00\x00\x00\x00\x00}
03:43:12.666 [qtp399373008-61] DEBUG org.eclipse.jetty.io.ssl.SslConnection - fill NEED_TASK
03:43:12.666 [qtp399373008-61] DEBUG org.eclipse.jetty.io.ssl.SslConnection - fill NEED_UNWRAP
03:43:12.666 [qtp399373008-61] DEBUG org.eclipse.jetty.io.ChannelEndPoint - filled 0 HeapByteBuffer@78682cd8[p=946,l=1508,c=17408,r=562]={\x17\x03\x03\x03\xAd\x0b\x00\x03\x88...|\x8f\x9ez\x86]\xF2<<<\x17\x03\x03\x01)\xEe\xEe\r\xD6<go\xB3$\x92\xB2\xB0\xF0\xCc\x01\x9dD\xA3\x18\x87...\xD3\x97j\x8e\x04\xE9\x95\x02\x90\x06\x12\xC8$\xD0X\xBc\xFc\xC9\x04\xB3\xB6\xEfD>>>\x00\x00\x00\x00\x00\x00\x00\x00\x00...\x00\x00\x00\x00\x00\x00\x00}
03:43:12.666 [qtp399373008-61] DEBUG org.eclipse.jetty.io.ssl.SslConnection - net filled=0
03:43:12.667 [qtp399373008-61] DEBUG org.eclipse.jetty.io.ssl.SslConnection - unwrap net_filled=0 Status = OK HandshakeStatus = NEED_TASK bytesConsumed = 302 bytesProduced = 0 encryptedBuffer=[p=1248,l=1508,c=17408,r=260] unwrapBuffer=HeapByteBuffer@729047a8[p=0,l=0,c=17408,r=0]={<<<>>>\x14\x03\x03\x00\x01\x01\xB1\x04\xC5...\x00\x00\x00\x00\x00\x00\x00} appBuffer=HeapByteBuffer@729047a8[p=0,l=0,c=17408,r=0]={<<<>>>\x14\x03\x03\x00\x01\x01\xB1\x04\xC5...\x00\x00\x00\x00\x00\x00\x00}
03:43:12.667 [qtp399373008-61] DEBUG org.eclipse.jetty.io.ssl.SslConnection - fill NEED_TASK
03:43:12.667 [qtp399373008-61] DEBUG org.eclipse.jetty.io.ssl.SslConnection - fill NEED_UNWRAP
03:43:12.667 [qtp399373008-61] DEBUG org.eclipse.jetty.io.ChannelEndPoint - filled 0 HeapByteBuffer@78682cd8[p=1248,l=1508,c=17408,r=260]={\x17\x03\x03\x03\xAd\x0b\x00\x03\x88...\xDf\xA6`\x86\x02\xB1\xB7<<<\x17\x03\x03\x00U\xD2i\x99\xB2\xB5t\xFa\x96\x0f\x16\xAdd\xF4\x89\xC0 \xAb\xB3\xD4T...\xD3\x97j\x8e\x04\xE9\x95\x02\x90\x06\x12\xC8$\xD0X\xBc\xFc\xC9\x04\xB3\xB6\xEfD>>>\x00\x00\x00\x00\x00\x00\x00\x00\x00...\x00\x00\x00\x00\x00\x00\x00}
03:43:12.667 [qtp399373008-61] DEBUG org.eclipse.jetty.io.ssl.SslConnection - net filled=0
03:43:12.668 [qtp399373008-61] DEBUG org.eclipse.jetty.io.ssl.SslConnection - unwrap net_filled=0 Status = OK HandshakeStatus = NEED_WRAP bytesConsumed = 90 bytesProduced = 0 encryptedBuffer=[p=1338,l=1508,c=17408,r=170] unwrapBuffer=HeapByteBuffer@729047a8[p=0,l=0,c=17408,r=0]={<<<>>>\x14\x03\x03\x00\x01\x01\xB1\x04\xC5...\x00\x00\x00\x00\x00\x00\x00} appBuffer=HeapByteBuffer@729047a8[p=0,l=0,c=17408,r=0]={<<<>>>\x14\x03\x03\x00\x01\x01\xB1\x04\xC5...\x00\x00\x00\x00\x00\x00\x00}
03:43:12.668 [qtp399373008-61] DEBUG org.eclipse.jetty.io.ssl.SslConnection - fill NEED_WRAP
03:43:12.668 [qtp399373008-61] DEBUG org.eclipse.jetty.io.ssl.SslConnection - >flush SslConnection@4c995392::SocketChannelEndPoint@4c0b7e62{l=/127.0.0.1:44051,r=/127.0.0.1:33248,OPEN,fill=-,flush=-,to=2/30000}{io=0/0,kio=0,kro=1}->SslConnection@4c995392{NEED_WRAP,eio=170/-1,di=-1,fill=IDLE,flush=IDLE}~>DecryptedEndPoint@570f9641{l=/127.0.0.1:44051,r=/127.0.0.1:33248,OPEN,fill=-,flush=-,to=43/30000}=>HttpConnection@4974d263[p=HttpParser{s=START,0 of -1},g=HttpGenerator@670f79de{s=START}]=>HttpChannelOverHttp@4a41e160{s=HttpChannelState@40e00851{s=IDLE rs=BLOCKING os=OPEN is=IDLE awp=false se=false i=true al=0},r=0,c=false/false,a=IDLE,uri=null,age=0}
03:43:12.668 [qtp399373008-61] DEBUG org.eclipse.jetty.io.ssl.SslConnection - flush b[0]=HeapByteBuffer@1ad43aa3[p=0,l=0,c=0,r=0]={<<<>>>}
03:43:12.668 [qtp399373008-61] DEBUG org.eclipse.jetty.io.ssl.SslConnection - flush NEED_WRAP
03:43:12.668 [qtp399373008-61] DEBUG org.eclipse.jetty.io.ssl.SslConnection - wrap Status = OK HandshakeStatus = FINISHED bytesConsumed = 0 bytesProduced = 88 [p=0,l=88,c=17408,r=88] ioDone=false/false
03:43:12.669 [qtp399373008-61] DEBUG org.eclipse.jetty.io.ChannelEndPoint - flushed 88 SocketChannelEndPoint@4c0b7e62{l=/127.0.0.1:44051,r=/127.0.0.1:33248,OPEN,fill=-,flush=-,to=2/30000}{io=0/0,kio=0,kro=1}->SslConnection@4c995392{NOT_HANDSHAKING,eio=170/0,di=-1,fill=IDLE,flush=IDLE}~>DecryptedEndPoint@570f9641{l=/127.0.0.1:44051,r=/127.0.0.1:33248,OPEN,fill=-,flush=-,to=43/30000}=>HttpConnection@4974d263[p=HttpParser{s=START,0 of -1},g=HttpGenerator@670f79de{s=START}]=>HttpChannelOverHttp@4a41e160{s=HttpChannelState@40e00851{s=IDLE rs=BLOCKING os=OPEN is=IDLE awp=false se=false i=true al=0},r=0,c=false/false,a=IDLE,uri=null,age=0}
03:43:12.669 [qtp399373008-61] DEBUG org.eclipse.jetty.io.ssl.SslConnection - net flushed=true, ac=true
03:43:12.669 [qtp399373008-61] DEBUG org.eclipse.jetty.io.ssl.SslConnection - handshake succeeded SslConnection@4c995392::SocketChannelEndPoint@4c0b7e62{l=/127.0.0.1:44051,r=/127.0.0.1:33248,OPEN,fill=-,flush=-,to=0/30000}{io=0/0,kio=0,kro=1}->SslConnection@4c995392{NOT_HANDSHAKING,eio=170/0,di=-1,fill=IDLE,flush=IDLE}~>DecryptedEndPoint@570f9641{l=/127.0.0.1:44051,r=/127.0.0.1:33248,OPEN,fill=-,flush=-,to=43/30000}=>HttpConnection@4974d263[p=HttpParser{s=START,0 of -1},g=HttpGenerator@670f79de{s=START}]=>HttpChannelOverHttp@4a41e160{s=HttpChannelState@40e00851{s=IDLE rs=BLOCKING os=OPEN is=IDLE awp=false se=false i=true al=0},r=0,c=false/false,a=IDLE,uri=null,age=0} resumed server TLSv1.3/TLS_AES_256_GCM_SHA384
03:43:12.669 [qtp399373008-61] DEBUG org.eclipse.jetty.io.ssl.SslConnection - <flush true SslConnection@4c995392::SocketChannelEndPoint@4c0b7e62{l=/127.0.0.1:44051,r=/127.0.0.1:33248,OPEN,fill=-,flush=-,to=0/30000}{io=0/0,kio=0,kro=1}->SslConnection@4c995392{NOT_HANDSHAKING,eio=170/-1,di=-1,fill=IDLE,flush=IDLE}~>DecryptedEndPoint@570f9641{l=/127.0.0.1:44051,r=/127.0.0.1:33248,OPEN,fill=-,flush=-,to=43/30000}=>HttpConnection@4974d263[p=HttpParser{s=START,0 of -1},g=HttpGenerator@670f79de{s=START}]=>HttpChannelOverHttp@4a41e160{s=HttpChannelState@40e00851{s=IDLE rs=BLOCKING os=OPEN is=IDLE awp=false se=false i=true al=0},r=0,c=false/false,a=IDLE,uri=null,age=0}
03:43:12.669 [qtp399373008-61] DEBUG org.eclipse.jetty.io.ssl.SslConnection - fill NOT_HANDSHAKING
03:43:12.669 [qtp399373008-61] DEBUG org.eclipse.jetty.io.ChannelEndPoint - filled 0 HeapByteBuffer@78682cd8[p=1338,l=1508,c=17408,r=170]={\x17\x03\x03\x03\xAd\x0b\x00\x03\x88...\xD7|)\x91\xA2\xDf\x90<<<\x17\x03\x03\x00\xA5}\xF9\xFc\xD1\x93\xA4_L\x11\xCf6\xEa\xC9\xC2\x08\xB8Nt\xE1~...\xD3\x97j\x8e\x04\xE9\x95\x02\x90\x06\x12\xC8$\xD0X\xBc\xFc\xC9\x04\xB3\xB6\xEfD>>>\x00\x00\x00\x00\x00\x00\x00\x00\x00...\x00\x00\x00\x00\x00\x00\x00}
03:43:12.669 [qtp399373008-61] DEBUG org.eclipse.jetty.io.ssl.SslConnection - net filled=0
03:43:12.669 [qtp399373008-61] DEBUG org.eclipse.jetty.io.ssl.SslConnection - unwrap net_filled=0 Status = OK HandshakeStatus = NOT_HANDSHAKING bytesConsumed = 170 bytesProduced = 132 encryptedBuffer=[p=1508,l=1508,c=17408,r=0] unwrapBuffer=HeapByteBuffer@729047a8[p=0,l=132,c=17408,r=132]={<<<GET / HTTP/1.1\r\nIf-None-M...gent: okhttp/3.12.3\r\n\r\n>>>\\\x82\x80\x1e\xB2w\x1c>^...\x00\x00\x00\x00\x00\x00\x00} appBuffer=HeapByteBuffer@729047a8[p=0,l=132,c=17408,r=132]={<<<GET / HTTP/1.1\r\nIf-None-M...gent: okhttp/3.12.3\r\n\r\n>>>\\\x82\x80\x1e\xB2w\x1c>^...\x00\x00\x00\x00\x00\x00\x00}
03:43:12.669 [qtp399373008-61] DEBUG org.eclipse.jetty.io.ssl.SslConnection - <fill f=132 uf=false SslConnection@4c995392::SocketChannelEndPoint@4c0b7e62{l=/127.0.0.1:44051,r=/127.0.0.1:33248,OPEN,fill=-,flush=-,to=0/30000}{io=0/0,kio=0,kro=1}->SslConnection@4c995392{NOT_HANDSHAKING,eio=-1/-1,di=-1,fill=IDLE,flush=IDLE}~>DecryptedEndPoint@570f9641{l=/127.0.0.1:44051,r=/127.0.0.1:33248,OPEN,fill=-,flush=-,to=44/30000}=>HttpConnection@4974d263[p=HttpParser{s=START,0 of -1},g=HttpGenerator@670f79de{s=START}]=>HttpChannelOverHttp@4a41e160{s=HttpChannelState@40e00851{s=IDLE rs=BLOCKING os=OPEN is=IDLE awp=false se=false i=true al=0},r=0,c=false/false,a=IDLE,uri=null,age=0}
03:43:12.669 [qtp399373008-61] DEBUG org.eclipse.jetty.server.HttpConnection - HttpConnection@4974d263::DecryptedEndPoint@570f9641{l=/127.0.0.1:44051,r=/127.0.0.1:33248,OPEN,fill=-,flush=-,to=44/30000} filled 132 HeapByteBuffer@729047a8[p=0,l=132,c=17408,r=132]={<<<GET / HTTP/1.1\r\nIf-None-M...gent: okhttp/3.12.3\r\n\r\n>>>\\\x82\x80\x1e\xB2w\x1c>^...\x00\x00\x00\x00\x00\x00\x00}
03:43:12.669 [qtp399373008-61] DEBUG org.eclipse.jetty.server.HttpConnection - HttpConnection@4974d263::DecryptedEndPoint@570f9641{l=/127.0.0.1:44051,r=/127.0.0.1:33248,OPEN,fill=-,flush=-,to=44/30000} parse HeapByteBuffer@729047a8[p=0,l=132,c=17408,r=132]={<<<GET / HTTP/1.1\r\nIf-None-M...gent: okhttp/3.12.3\r\n\r\n>>>\\\x82\x80\x1e\xB2w\x1c>^...\x00\x00\x00\x00\x00\x00\x00} {}
03:43:12.670 [qtp399373008-61] DEBUG org.eclipse.jetty.http.HttpParser - parseNext s=START HeapByteBuffer@729047a8[p=0,l=132,c=17408,r=132]={<<<GET / HTTP/1.1\r\nIf-None-M...gent: okhttp/3.12.3\r\n\r\n>>>\\\x82\x80\x1e\xB2w\x1c>^...\x00\x00\x00\x00\x00\x00\x00}
03:43:12.670 [qtp399373008-61] DEBUG org.eclipse.jetty.http.HttpParser - START --> SPACE1
03:43:12.670 [qtp399373008-61] DEBUG org.eclipse.jetty.http.HttpParser - SPACE1 --> URI
03:43:12.670 [qtp399373008-61] DEBUG org.eclipse.jetty.http.HttpParser - URI --> SPACE2
03:43:12.670 [qtp399373008-61] DEBUG org.eclipse.jetty.http.HttpParser - SPACE2 --> REQUEST_VERSION
03:43:12.670 [qtp399373008-61] DEBUG org.eclipse.jetty.http.HttpParser - REQUEST_VERSION --> HEADER
03:43:12.670 [qtp399373008-61] DEBUG org.eclipse.jetty.http.HttpParser - HEADER:If-None-Match --> VALUE
03:43:12.670 [qtp399373008-61] DEBUG org.eclipse.jetty.http.HttpParser - HEADER:If-None-Match --> FIELD
03:43:12.670 [qtp399373008-61] DEBUG org.eclipse.jetty.http.HttpParser - HEADER:Host --> VALUE
03:43:12.670 [qtp399373008-61] DEBUG org.eclipse.jetty.http.HttpParser - HEADER:Host --> IN_VALUE
03:43:12.670 [qtp399373008-61] DEBUG org.eclipse.jetty.http.HttpParser - HEADER:Host --> FIELD
03:43:12.670 [qtp399373008-61] DEBUG org.eclipse.jetty.http.HttpParser - HEADER:Connection: keep-alive --> IN_VALUE
03:43:12.670 [qtp399373008-61] DEBUG org.eclipse.jetty.http.HttpParser - HEADER:Connection: keep-alive --> FIELD
03:43:12.670 [qtp399373008-61] DEBUG org.eclipse.jetty.http.HttpParser - HEADER:Accept-Encoding: gzip --> IN_VALUE
03:43:12.670 [qtp399373008-61] DEBUG org.eclipse.jetty.http.HttpParser - HEADER:Accept-Encoding: gzip --> FIELD
03:43:12.670 [qtp399373008-61] DEBUG org.eclipse.jetty.http.HttpParser - HEADER:User-Agent --> VALUE
03:43:12.670 [qtp399373008-61] DEBUG org.eclipse.jetty.http.HttpParser - HEADER:User-Agent --> IN_VALUE
03:43:12.670 [qtp399373008-61] DEBUG org.eclipse.jetty.http.HttpParser - HEADER:User-Agent --> FIELD
03:43:12.670 [qtp399373008-61] DEBUG org.eclipse.jetty.http.HttpParser - HEADER --> CONTENT
03:43:12.670 [qtp399373008-61] DEBUG org.eclipse.jetty.server.HttpChannel - REQUEST for //localhost:44051/ on HttpChannelOverHttp@4a41e160{s=HttpChannelState@40e00851{s=IDLE rs=BLOCKING os=OPEN is=IDLE awp=false se=false i=true al=0},r=1,c=false/false,a=IDLE,uri=//localhost:44051/,age=0}
GET //localhost:44051/ HTTP/1.1
If-None-Match: 
Host: localhost:44051
Connection: keep-alive
Accept-Encoding: gzip
User-Agent: okhttp/3.12.3


03:43:12.670 [qtp399373008-61] DEBUG org.eclipse.jetty.server.HttpConnection - HttpConnection@4974d263::DecryptedEndPoint@570f9641{l=/127.0.0.1:44051,r=/127.0.0.1:33248,OPEN,fill=-,flush=-,to=44/30000} parsed true HttpParser{s=CONTENT,0 of -1}
03:43:12.670 [qtp399373008-61] DEBUG org.eclipse.jetty.server.HttpConnection - releaseRequestBuffer HttpConnection@4974d263::DecryptedEndPoint@570f9641{l=/127.0.0.1:44051,r=/127.0.0.1:33248,OPEN,fill=-,flush=-,to=44/30000}
03:43:12.670 [qtp399373008-61] DEBUG org.eclipse.jetty.server.HttpChannel - handle //localhost:44051/ HttpChannelOverHttp@4a41e160{s=HttpChannelState@40e00851{s=IDLE rs=BLOCKING os=OPEN is=IDLE awp=false se=false i=true al=0},r=1,c=false/false,a=IDLE,uri=//localhost:44051/,age=0} 
03:43:12.670 [qtp399373008-61] DEBUG org.eclipse.jetty.server.HttpChannelState - handling HttpChannelState@40e00851{s=IDLE rs=BLOCKING os=OPEN is=IDLE awp=false se=false i=true al=0}
03:43:12.670 [qtp399373008-61] DEBUG org.eclipse.jetty.server.HttpChannel - action DISPATCH HttpChannelOverHttp@4a41e160{s=HttpChannelState@40e00851{s=HANDLING rs=BLOCKING os=OPEN is=IDLE awp=false se=false i=true al=0},r=1,c=false/false,a=HANDLING,uri=//localhost:44051/,age=0}
03:43:12.670 [qtp399373008-61] DEBUG org.eclipse.jetty.server.SecureRequestCustomizer - Host localhost with SNI null
03:43:12.670 [qtp399373008-61] DEBUG org.eclipse.jetty.server.Server - REQUEST GET / on HttpChannelOverHttp@4a41e160{s=HttpChannelState@40e00851{s=HANDLING rs=BLOCKING os=OPEN is=IDLE awp=false se=false i=true al=0},r=1,c=false/false,a=HANDLING,uri=https://localhost:44051/,age=0}
03:43:12.670 [qtp399373008-61] DEBUG org.eclipse.jetty.server.HttpOutput - write(array HeapByteBuffer@3aae0545[p=0,l=4,c=512,r=4]={<<<test>>>\x00\x00\x00\x00\x00\x00\x00\x00\x00...\x00\x00\x00\x00\x00\x00\x00})
03:43:12.670 [qtp399373008-61] DEBUG org.eclipse.jetty.server.HttpOutput - write(array) s=CLOSING,api=BLOCKED,sc=false,e=null last=true agg=false flush=true async=false, len=4 null
03:43:12.670 [qtp399373008-61] DEBUG org.eclipse.jetty.server.HttpChannel - sendResponse info=null content=HeapByteBuffer@6fdd57ab[p=0,l=4,c=512,r=4]={<<<test>>>\x00\x00\x00\x00\x00\x00\x00\x00\x00...\x00\x00\x00\x00\x00\x00\x00} complete=true committing=true callback=Blocker@21d5a411{null}
03:43:12.670 [qtp399373008-61] DEBUG org.eclipse.jetty.server.HttpChannel - COMMIT for / on HttpChannelOverHttp@4a41e160{s=HttpChannelState@40e00851{s=HANDLING rs=BLOCKING os=COMMITTED is=IDLE awp=false se=false i=true al=0},r=1,c=false/false,a=HANDLING,uri=https://localhost:44051/,age=0}
200 null HTTP/1.1
Date: Thu, 02 May 2024 02:43:12 GMT
ETag: testEtag
Content-Type: text/plain;charset=utf-8
Content-Length: 4


03:43:12.670 [qtp399373008-61] DEBUG org.eclipse.jetty.server.HttpConnection - generate: NEED_HEADER for SendCallback@2fd8d39c[PROCESSING][i=HTTP/1.1{s=200,h=4,cl=4},cb=org.eclipse.jetty.server.HttpChannel$SendCallback@65167f0f] (null,[p=0,l=4,c=512,r=4],true)@START
03:43:12.670 [qtp399373008-61] DEBUG org.eclipse.jetty.http.HttpGenerator - generateHeaders HTTP/1.1{s=200,h=4,cl=4} last=true content=HeapByteBuffer@6fdd57ab[p=0,l=4,c=512,r=4]={<<<test>>>\x00\x00\x00\x00\x00\x00\x00\x00\x00...\x00\x00\x00\x00\x00\x00\x00}
03:43:12.670 [qtp399373008-61] DEBUG org.eclipse.jetty.http.HttpGenerator - Date: Thu, 02 May 2024 02:43:12 GMT
ETag: testEtag
Content-Type: text/plain;charset=utf-8
Content-Length: 4


03:43:12.670 [qtp399373008-61] DEBUG org.eclipse.jetty.http.HttpGenerator - CONTENT_LENGTH
03:43:12.670 [qtp399373008-61] DEBUG org.eclipse.jetty.server.HttpConnection - generate: FLUSH for SendCallback@2fd8d39c[PROCESSING][i=HTTP/1.1{s=200,h=4,cl=4},cb=org.eclipse.jetty.server.HttpChannel$SendCallback@65167f0f] ([p=0,l=164,c=8192,r=164],[p=0,l=4,c=512,r=4],true)@COMPLETING
03:43:12.670 [qtp399373008-61] DEBUG org.eclipse.jetty.io.WriteFlusher - write: WriteFlusher@60731c09{IDLE}->null [HeapByteBuffer@17352c86[p=0,l=164,c=8192,r=164]={<<<HTTP/1.1 200 OK\r\nDate: Th...y(9.4.44.v20210927)\r\n\r\n>>>\x00\x00\x00\x00\x00\x00\x00\x00\x00...\x00\x00\x00\x00\x00\x00\x00},HeapByteBuffer@6fdd57ab[p=0,l=4,c=512,r=4]={<<<test>>>\x00\x00\x00\x00\x00\x00\x00\x00\x00...\x00\x00\x00\x00\x00\x00\x00}]
03:43:12.670 [qtp399373008-61] DEBUG org.eclipse.jetty.io.WriteFlusher - update WriteFlusher@60731c09{WRITING}->null:IDLE-->WRITING
03:43:12.671 [qtp399373008-61] DEBUG org.eclipse.jetty.io.ssl.SslConnection - >flush SslConnection@4c995392::SocketChannelEndPoint@4c0b7e62{l=/127.0.0.1:44051,r=/127.0.0.1:33248,OPEN,fill=-,flush=-,to=1/30000}{io=0/0,kio=0,kro=1}->SslConnection@4c995392{NOT_HANDSHAKING,eio=-1/-1,di=-1,fill=IDLE,flush=IDLE}~>DecryptedEndPoint@570f9641{l=/127.0.0.1:44051,r=/127.0.0.1:33248,OPEN,fill=-,flush=W,to=45/30000}=>HttpConnection@4974d263[p=HttpParser{s=CONTENT,0 of -1},g=HttpGenerator@670f79de{s=COMPLETING}]=>HttpChannelOverHttp@4a41e160{s=HttpChannelState@40e00851{s=HANDLING rs=BLOCKING os=COMMITTED is=IDLE awp=false se=false i=true al=0},r=1,c=false/false,a=HANDLING,uri=https://localhost:44051/,age=1}
03:43:12.671 [qtp399373008-61] DEBUG org.eclipse.jetty.io.ssl.SslConnection - flush b[0]=HeapByteBuffer@17352c86[p=0,l=164,c=8192,r=164]={<<<HTTP/1.1 200 OK\r\nDate: Th...y(9.4.44.v20210927)\r\n\r\n>>>\x00\x00\x00\x00\x00\x00\x00\x00\x00...\x00\x00\x00\x00\x00\x00\x00}
03:43:12.671 [qtp399373008-61] DEBUG org.eclipse.jetty.io.ssl.SslConnection - flush b[1]=HeapByteBuffer@6fdd57ab[p=0,l=4,c=512,r=4]={<<<test>>>\x00\x00\x00\x00\x00\x00\x00\x00\x00...\x00\x00\x00\x00\x00\x00\x00}
03:43:12.671 [qtp399373008-61] DEBUG org.eclipse.jetty.io.ssl.SslConnection - flush NOT_HANDSHAKING
03:43:12.671 [qtp399373008-61] DEBUG org.eclipse.jetty.io.ssl.SslConnection - wrap Status = OK HandshakeStatus = NOT_HANDSHAKING bytesConsumed = 168 bytesProduced = 206 [p=0,l=206,c=17408,r=206] ioDone=false/false
03:43:12.671 [qtp399373008-61] DEBUG org.eclipse.jetty.io.ChannelEndPoint - flushed 206 SocketChannelEndPoint@4c0b7e62{l=/127.0.0.1:44051,r=/127.0.0.1:33248,OPEN,fill=-,flush=-,to=2/30000}{io=0/0,kio=0,kro=1}->SslConnection@4c995392{NOT_HANDSHAKING,eio=-1/0,di=-1,fill=IDLE,flush=IDLE}~>DecryptedEndPoint@570f9641{l=/127.0.0.1:44051,r=/127.0.0.1:33248,OPEN,fill=-,flush=W,to=45/30000}=>HttpConnection@4974d263[p=HttpParser{s=CONTENT,0 of -1},g=HttpGenerator@670f79de{s=COMPLETING}]=>HttpChannelOverHttp@4a41e160{s=HttpChannelState@40e00851{s=HANDLING rs=BLOCKING os=COMMITTED is=IDLE awp=false se=false i=true al=0},r=1,c=false/false,a=HANDLING,uri=https://localhost:44051/,age=1}
03:43:12.671 [qtp399373008-61] DEBUG org.eclipse.jetty.io.ssl.SslConnection - net flushed=true, ac=true
03:43:12.671 [qtp399373008-61] DEBUG org.eclipse.jetty.io.ssl.SslConnection - <flush true SslConnection@4c995392::SocketChannelEndPoint@4c0b7e62{l=/127.0.0.1:44051,r=/127.0.0.1:33248,OPEN,fill=-,flush=-,to=0/30000}{io=0/0,kio=0,kro=1}->SslConnection@4c995392{NOT_HANDSHAKING,eio=-1/-1,di=-1,fill=IDLE,flush=IDLE}~>DecryptedEndPoint@570f9641{l=/127.0.0.1:44051,r=/127.0.0.1:33248,OPEN,fill=-,flush=W,to=45/30000}=>HttpConnection@4974d263[p=HttpParser{s=CONTENT,0 of -1},g=HttpGenerator@670f79de{s=COMPLETING}]=>HttpChannelOverHttp@4a41e160{s=HttpChannelState@40e00851{s=HANDLING rs=BLOCKING os=COMMITTED is=IDLE awp=false se=false i=true al=0},r=1,c=false/false,a=HANDLING,uri=https://localhost:44051/,age=1}
03:43:12.671 [qtp399373008-61] DEBUG org.eclipse.jetty.io.WriteFlusher - Flushed=true written=168 remaining=0 WriteFlusher@60731c09{WRITING}->null
03:43:12.671 [qtp399373008-61] DEBUG org.eclipse.jetty.io.WriteFlusher - update WriteFlusher@60731c09{IDLE}->null:WRITING-->IDLE
03:43:12.671 [qtp399373008-61] DEBUG org.eclipse.jetty.server.HttpConnection - generate: DONE for SendCallback@2fd8d39c[PROCESSING][i=HTTP/1.1{s=200,h=4,cl=4},cb=org.eclipse.jetty.server.HttpChannel$SendCallback@65167f0f] ([p=164,l=164,c=8192,r=0],[p=4,l=4,c=512,r=0],true)@END
03:43:12.671 [qtp399373008-61] DEBUG org.eclipse.jetty.server.HttpOutput - onWriteComplete(true,null) s=CLOSING,api=BLOCKED,sc=false,e=null->s=CLOSED,api=BLOCKING,sc=false,e=null c=null cb=null w=false
03:43:12.671 [qtp399373008-61] DEBUG org.eclipse.jetty.server.HttpOutput - close() s=CLOSED,api=BLOCKING,sc=false,e=null c=null b=null
03:43:12.671 [qtp399373008-61] DEBUG org.eclipse.jetty.server.Server - handled=true async=false committed=true on HttpChannelOverHttp@4a41e160{s=HttpChannelState@40e00851{s=HANDLING rs=BLOCKING os=COMPLETED is=IDLE awp=false se=false i=true al=0},r=1,c=false/true,a=HANDLING,uri=https://localhost:44051/,age=1}
03:43:12.671 [qtp399373008-61] DEBUG org.eclipse.jetty.server.HttpChannelState - unhandle HttpChannelState@40e00851{s=HANDLING rs=BLOCKING os=COMPLETED is=IDLE awp=false se=false i=true al=0}
03:43:12.671 [main] DEBUG org.apache.nifi.minifi.bootstrap.configuration.ingestors.PullHttpChangeIngestor - Response received: Response{protocol=http/1.1, code=200, message=OK, url=https://localhost:44051/}
03:43:12.671 [qtp399373008-61] DEBUG org.eclipse.jetty.server.HttpChannelState - nextAction(false) COMPLETE HttpChannelState@40e00851{s=HANDLING rs=COMPLETING os=COMPLETED is=IDLE awp=false se=false i=false al=0}
03:43:12.671 [qtp399373008-61] DEBUG org.eclipse.jetty.server.HttpChannel - action COMPLETE HttpChannelOverHttp@4a41e160{s=HttpChannelState@40e00851{s=HANDLING rs=COMPLETING os=COMPLETED is=IDLE awp=false se=false i=false al=0},r=1,c=false/true,a=HANDLING,uri=https://localhost:44051/,age=1}
03:43:12.671 [qtp399373008-61] DEBUG org.eclipse.jetty.server.HttpOutput - complete(org.eclipse.jetty.util.Callback$3@6c8ac93a) s=CLOSED,api=BLOCKING,sc=false,e=null s=true e=null, c=null
03:43:12.671 [qtp399373008-61] DEBUG org.eclipse.jetty.server.HttpChannelState - completed HttpChannelState@40e00851{s=HANDLING rs=COMPLETING os=COMPLETED is=IDLE awp=false se=false i=false al=0}
03:43:12.671 [qtp399373008-61] DEBUG org.eclipse.jetty.server.HttpChannelState - unhandle HttpChannelState@40e00851{s=HANDLING rs=COMPLETED os=COMPLETED is=IDLE awp=false se=false i=false al=0}
03:43:12.671 [qtp399373008-61] DEBUG org.eclipse.jetty.server.HttpChannelState - nextAction(false) TERMINATED HttpChannelState@40e00851{s=IDLE rs=COMPLETED os=COMPLETED is=IDLE awp=false se=false i=false al=0}
03:43:12.671 [qtp399373008-61] DEBUG org.eclipse.jetty.server.HttpChannel - action TERMINATED HttpChannelOverHttp@4a41e160{s=HttpChannelState@40e00851{s=IDLE rs=COMPLETED os=COMPLETED is=IDLE awp=false se=false i=false al=0},r=1,c=true/true,a=IDLE,uri=https://localhost:44051/,age=1}
03:43:12.671 [qtp399373008-61] DEBUG org.eclipse.jetty.server.HttpChannel - onCompleted for / written=4
03:43:12.671 [main] DEBUG org.apache.nifi.minifi.bootstrap.configuration.ingestors.PullHttpChangeIngestor - New change received, notifying listener
03:43:12.671 [main] DEBUG org.apache.nifi.minifi.bootstrap.configuration.ingestors.PullHttpChangeIngestor - Listeners notified
03:43:12.671 [qtp399373008-61] DEBUG org.eclipse.jetty.io.ssl.SslConnection - >fill SslConnection@4c995392::SocketChannelEndPoint@4c0b7e62{l=/127.0.0.1:44051,r=/127.0.0.1:33248,OPEN,fill=-,flush=-,to=0/30000}{io=0/0,kio=0,kro=1}->SslConnection@4c995392{NOT_HANDSHAKING,eio=-1/-1,di=-1,fill=IDLE,flush=IDLE}~>DecryptedEndPoint@570f9641{l=/127.0.0.1:44051,r=/127.0.0.1:33248,OPEN,fill=-,flush=-,to=46/30000}=>HttpConnection@4974d263[p=HttpParser{s=CONTENT,0 of -1},g=HttpGenerator@670f79de{s=END}]=>HttpChannelOverHttp@4a41e160{s=HttpChannelState@40e00851{s=IDLE rs=COMPLETED os=COMPLETED is=IDLE awp=false se=false i=false al=0},r=1,c=true/true,a=IDLE,uri=https://localhost:44051/,age=1}
03:43:12.671 [qtp399373008-61] DEBUG org.eclipse.jetty.io.ssl.SslConnection - fill NOT_HANDSHAKING
03:43:12.671 [qtp399373008-61] DEBUG org.eclipse.jetty.io.ChannelEndPoint - filled 0 HeapByteBuffer@729047a8[p=0,l=0,c=17408,r=0]={<<<>>>GET / HTT...\x00\x00\x00\x00\x00\x00\x00}
03:43:12.671 [qtp399373008-61] DEBUG org.eclipse.jetty.io.ssl.SslConnection - net filled=0
03:43:12.671 [qtp399373008-61] DEBUG org.eclipse.jetty.io.ssl.SslConnection - unwrap net_filled=0 Status = BUFFER_UNDERFLOW HandshakeStatus = NOT_HANDSHAKING bytesConsumed = 0 bytesProduced = 0 encryptedBuffer=[p=0,l=0,c=17408,r=0] unwrapBuffer=HeapByteBuffer@78682cd8[p=0,l=0,c=17408,r=0]={<<<>>>\x17\x03\x03\x03\xAd\x0b\x00\x03\x88...\x00\x00\x00\x00\x00\x00\x00} appBuffer=HeapByteBuffer@78682cd8[p=0,l=0,c=17408,r=0]={<<<>>>\x17\x03\x03\x03\xAd\x0b\x00\x03\x88...\x00\x00\x00\x00\x00\x00\x00}
03:43:12.671 [main] DEBUG org.apache.nifi.minifi.bootstrap.configuration.ingestors.PullHttpChangeIngestor - Attempting to pull new config
03:43:12.671 [qtp399373008-61] DEBUG org.eclipse.jetty.io.ssl.SslConnection - <fill f=0 uf=true SslConnection@4c995392::SocketChannelEndPoint@4c0b7e62{l=/127.0.0.1:44051,r=/127.0.0.1:33248,OPEN,fill=-,flush=-,to=0/30000}{io=0/0,kio=0,kro=1}->SslConnection@4c995392{NOT_HANDSHAKING,eio=-1/-1,di=-1,fill=IDLE,flush=IDLE}~>DecryptedEndPoint@570f9641{l=/127.0.0.1:44051,r=/127.0.0.1:33248,OPEN,fill=-,flush=-,to=46/30000}=>HttpConnection@4974d263[p=HttpParser{s=CONTENT,0 of -1},g=HttpGenerator@670f79de{s=END}]=>HttpChannelOverHttp@4a41e160{s=HttpChannelState@40e00851{s=IDLE rs=COMPLETED os=COMPLETED is=IDLE awp=false se=false i=false al=0},r=1,c=true/true,a=IDLE,uri=https://localhost:44051/,age=1}
03:43:12.671 [qtp399373008-61] DEBUG org.eclipse.jetty.io.ssl.SslConnection - >fill SslConnection@4c995392::SocketChannelEndPoint@4c0b7e62{l=/127.0.0.1:44051,r=/127.0.0.1:33248,OPEN,fill=-,flush=-,to=0/30000}{io=0/0,kio=0,kro=1}->SslConnection@4c995392{NOT_HANDSHAKING,eio=-1/-1,di=-1,fill=IDLE,flush=IDLE}~>DecryptedEndPoint@570f9641{l=/127.0.0.1:44051,r=/127.0.0.1:33248,OPEN,fill=-,flush=-,to=46/30000}=>HttpConnection@4974d263[p=HttpParser{s=CONTENT,0 of -1},g=HttpGenerator@670f79de{s=END}]=>HttpChannelOverHttp@4a41e160{s=HttpChannelState@40e00851{s=IDLE rs=COMPLETED os=COMPLETED is=IDLE awp=false se=false i=false al=0},r=1,c=true/true,a=IDLE,uri=https://localhost:44051/,age=1}
03:43:12.671 [qtp399373008-61] DEBUG org.eclipse.jetty.io.ssl.SslConnection - fill NOT_HANDSHAKING
03:43:12.671 [qtp399373008-61] DEBUG org.eclipse.jetty.io.ChannelEndPoint - filled 0 HeapByteBuffer@76afdda5[p=0,l=0,c=17408,r=0]={<<<>>>\x17\x03\x03\x00\xC9H\x1bF\x8e...\x00\x00\x00\x00\x00\x00\x00}
03:43:12.672 [qtp399373008-61] DEBUG org.eclipse.jetty.io.ssl.SslConnection - net filled=0
03:43:12.672 [qtp399373008-61] DEBUG org.eclipse.jetty.io.ssl.SslConnection - unwrap net_filled=0 Status = BUFFER_UNDERFLOW HandshakeStatus = NOT_HANDSHAKING bytesConsumed = 0 bytesProduced = 0 encryptedBuffer=[p=0,l=0,c=17408,r=0] unwrapBuffer=HeapByteBuffer@78682cd8[p=0,l=0,c=17408,r=0]={<<<>>>\x17\x03\x03\x03\xAd\x0b\x00\x03\x88...\x00\x00\x00\x00\x00\x00\x00} appBuffer=HeapByteBuffer@78682cd8[p=0,l=0,c=17408,r=0]={<<<>>>\x17\x03\x03\x03\xAd\x0b\x00\x03\x88...\x00\x00\x00\x00\x00\x00\x00}
03:43:12.672 [qtp399373008-61] DEBUG org.eclipse.jetty.io.ssl.SslConnection - <fill f=0 uf=true SslConnection@4c995392::SocketChannelEndPoint@4c0b7e62{l=/127.0.0.1:44051,r=/127.0.0.1:33248,OPEN,fill=-,flush=-,to=0/30000}{io=0/0,kio=0,kro=1}->SslConnection@4c995392{NOT_HANDSHAKING,eio=-1/-1,di=-1,fill=IDLE,flush=IDLE}~>DecryptedEndPoint@570f9641{l=/127.0.0.1:44051,r=/127.0.0.1:33248,OPEN,fill=-,flush=-,to=46/30000}=>HttpConnection@4974d263[p=HttpParser{s=CONTENT,0 of -1},g=HttpGenerator@670f79de{s=END}]=>HttpChannelOverHttp@4a41e160{s=HttpChannelState@40e00851{s=IDLE rs=COMPLETED os=COMPLETED is=IDLE awp=false se=false i=false al=0},r=1,c=true/true,a=IDLE,uri=https://localhost:44051/,age=2}
03:43:12.672 [qtp399373008-61] DEBUG org.eclipse.jetty.server.HttpConnection - HttpConnection@4974d263::DecryptedEndPoint@570f9641{l=/127.0.0.1:44051,r=/127.0.0.1:33248,OPEN,fill=-,flush=-,to=46/30000} filled 0 HeapByteBuffer@78682cd8[p=0,l=0,c=17408,r=0]={<<<>>>\x17\x03\x03\x03\xAd\x0b\x00\x03\x88...\x00\x00\x00\x00\x00\x00\x00}
03:43:12.672 [qtp399373008-61] DEBUG org.eclipse.jetty.server.HttpConnection - HttpConnection@4974d263::DecryptedEndPoint@570f9641{l=/127.0.0.1:44051,r=/127.0.0.1:33248,OPEN,fill=-,flush=-,to=46/30000} parse HeapByteBuffer@78682cd8[p=0,l=0,c=17408,r=0]={<<<>>>\x17\x03\x03\x03\xAd\x0b\x00\x03\x88...\x00\x00\x00\x00\x00\x00\x00} {}
03:43:12.672 [qtp399373008-61] DEBUG org.eclipse.jetty.http.HttpParser - parseNext s=CONTENT HeapByteBuffer@78682cd8[p=0,l=0,c=17408,r=0]={<<<>>>\x17\x03\x03\x03\xAd\x0b\x00\x03\x88...\x00\x00\x00\x00\x00\x00\x00}
03:43:12.672 [qtp399373008-61] DEBUG org.eclipse.jetty.http.HttpParser - CONTENT --> CONTENT_END
03:43:12.672 [qtp399373008-61] DEBUG org.eclipse.jetty.server.HttpChannel - onContentComplete HttpChannelOverHttp@4a41e160{s=HttpChannelState@40e00851{s=IDLE rs=COMPLETED os=COMPLETED is=IDLE awp=false se=false i=false al=0},r=1,c=true/true,a=IDLE,uri=https://localhost:44051/,age=2}
03:43:12.672 [qtp399373008-61] DEBUG org.eclipse.jetty.http.HttpParser - CONTENT_END --> END
03:43:12.672 [qtp399373008-61] DEBUG org.eclipse.jetty.server.HttpChannel - onRequestComplete HttpChannelOverHttp@4a41e160{s=HttpChannelState@40e00851{s=IDLE rs=COMPLETED os=COMPLETED is=IDLE awp=false se=false i=false al=0},r=1,c=true/true,a=IDLE,uri=https://localhost:44051/,age=2}
03:43:12.672 [qtp399373008-61] DEBUG org.eclipse.jetty.server.HttpInput - HttpInputOverHTTP@527b304[c=0,q=0,[0]=null,s=STREAM] addContent EOF
03:43:12.672 [qtp399373008-61] DEBUG org.eclipse.jetty.server.HttpConnection - HttpConnection@4974d263::DecryptedEndPoint@570f9641{l=/127.0.0.1:44051,r=/127.0.0.1:33248,OPEN,fill=-,flush=-,to=46/30000} parsed false HttpParser{s=END,0 of -1}
03:43:12.672 [qtp399373008-61] DEBUG org.eclipse.jetty.server.HttpConnection - releaseRequestBuffer HttpConnection@4974d263::DecryptedEndPoint@570f9641{l=/127.0.0.1:44051,r=/127.0.0.1:33248,OPEN,fill=-,flush=-,to=46/30000}
03:43:12.672 [qtp399373008-61] DEBUG org.eclipse.jetty.server.HttpChannelState - recycle HttpChannelState@40e00851{s=IDLE rs=COMPLETED os=COMPLETED is=IDLE awp=false se=false i=false al=0}
03:43:12.672 [qtp399373008-61] DEBUG org.eclipse.jetty.http.HttpParser - reset HttpParser{s=END,0 of -1}
03:43:12.672 [qtp399373008-61] DEBUG org.eclipse.jetty.http.HttpParser - END --> START
03:43:12.672 [qtp399373008-61] DEBUG org.eclipse.jetty.server.HttpChannel - !handle TERMINATED HttpChannelOverHttp@4a41e160{s=HttpChannelState@40e00851{s=IDLE rs=BLOCKING os=OPEN is=IDLE awp=false se=false i=true al=0},r=1,c=false/false,a=IDLE,uri=null,age=0}
03:43:12.672 [qtp399373008-61] DEBUG org.eclipse.jetty.io.ssl.SslConnection - >fill SslConnection@4c995392::SocketChannelEndPoint@4c0b7e62{l=/127.0.0.1:44051,r=/127.0.0.1:33248,OPEN,fill=-,flush=-,to=1/30000}{io=0/0,kio=0,kro=1}->SslConnection@4c995392{NOT_HANDSHAKING,eio=-1/-1,di=-1,fill=IDLE,flush=IDLE}~>DecryptedEndPoint@570f9641{l=/127.0.0.1:44051,r=/127.0.0.1:33248,OPEN,fill=-,flush=-,to=46/30000}=>HttpConnection@4974d263[p=HttpParser{s=START,0 of -1},g=HttpGenerator@670f79de{s=START}]=>HttpChannelOverHttp@4a41e160{s=HttpChannelState@40e00851{s=IDLE rs=BLOCKING os=OPEN is=IDLE awp=false se=false i=true al=0},r=1,c=false/false,a=IDLE,uri=null,age=0}
03:43:12.672 [qtp399373008-61] DEBUG org.eclipse.jetty.io.ssl.SslConnection - fill NOT_HANDSHAKING
03:43:12.672 [qtp399373008-61] DEBUG org.eclipse.jetty.io.ChannelEndPoint - filled 180 HeapByteBuffer@76afdda5[p=0,l=180,c=17408,r=180]={<<<\x17\x03\x03\x00\xAf\xCdF\xFc\x9e\xA3=F\x83\x95\xFa^\xFb\x8a&6\xCe\x10=\xC53...\x19\x85y\x8e\x99p\xD0\x05@-\x02\xBe\xF25G\x19\x86\x0f\xEbK\xFf;Q>>>\x0f\x833[\x16J2\xA8\x87...\x00\x00\x00\x00\x00\x00\x00}
03:43:12.672 [qtp399373008-61] DEBUG org.eclipse.jetty.io.ssl.SslConnection - net filled=180
03:43:12.672 [qtp399373008-61] DEBUG org.eclipse.jetty.io.ssl.SslConnection - unwrap net_filled=180 Status = OK HandshakeStatus = NOT_HANDSHAKING bytesConsumed = 180 bytesProduced = 142 encryptedBuffer=[p=180,l=180,c=17408,r=0] unwrapBuffer=HeapByteBuffer@729047a8[p=0,l=142,c=17408,r=142]={<<<GET / HTTP/1.1\r\nIf-None-M...gent: okhttp/3.12.3\r\n\r\n>>>\x1e.\x1d\xB1\xF8]\xAeV\x96...\x00\x00\x00\x00\x00\x00\x00} appBuffer=HeapByteBuffer@729047a8[p=0,l=142,c=17408,r=142]={<<<GET / HTTP/1.1\r\nIf-None-M...gent: okhttp/3.12.3\r\n\r\n>>>\x1e.\x1d\xB1\xF8]\xAeV\x96...\x00\x00\x00\x00\x00\x00\x00}
03:43:12.672 [qtp399373008-61] DEBUG org.eclipse.jetty.io.ssl.SslConnection - <fill f=142 uf=false SslConnection@4c995392::SocketChannelEndPoint@4c0b7e62{l=/127.0.0.1:44051,r=/127.0.0.1:33248,OPEN,fill=-,flush=-,to=0/30000}{io=0/0,kio=0,kro=1}->SslConnection@4c995392{NOT_HANDSHAKING,eio=-1/-1,di=-1,fill=IDLE,flush=IDLE}~>DecryptedEndPoint@570f9641{l=/127.0.0.1:44051,r=/127.0.0.1:33248,OPEN,fill=-,flush=-,to=47/30000}=>HttpConnection@4974d263[p=HttpParser{s=START,0 of -1},g=HttpGenerator@670f79de{s=START}]=>HttpChannelOverHttp@4a41e160{s=HttpChannelState@40e00851{s=IDLE rs=BLOCKING os=OPEN is=IDLE awp=false se=false i=true al=0},r=1,c=false/false,a=IDLE,uri=null,age=0}
03:43:12.672 [qtp399373008-61] DEBUG org.eclipse.jetty.server.HttpConnection - HttpConnection@4974d263::DecryptedEndPoint@570f9641{l=/127.0.0.1:44051,r=/127.0.0.1:33248,OPEN,fill=-,flush=-,to=47/30000} filled 142 HeapByteBuffer@729047a8[p=0,l=142,c=17408,r=142]={<<<GET / HTTP/1.1\r\nIf-None-M...gent: okhttp/3.12.3\r\n\r\n>>>\x1e.\x1d\xB1\xF8]\xAeV\x96...\x00\x00\x00\x00\x00\x00\x00}
03:43:12.672 [qtp399373008-61] DEBUG org.eclipse.jetty.server.HttpConnection - HttpConnection@4974d263::DecryptedEndPoint@570f9641{l=/127.0.0.1:44051,r=/127.0.0.1:33248,OPEN,fill=-,flush=-,to=47/30000} parse HeapByteBuffer@729047a8[p=0,l=142,c=17408,r=142]={<<<GET / HTTP/1.1\r\nIf-None-M...gent: okhttp/3.12.3\r\n\r\n>>>\x1e.\x1d\xB1\xF8]\xAeV\x96...\x00\x00\x00\x00\x00\x00\x00} {}
03:43:12.672 [qtp399373008-61] DEBUG org.eclipse.jetty.http.HttpParser - parseNext s=START HeapByteBuffer@729047a8[p=0,l=142,c=17408,r=142]={<<<GET / HTTP/1.1\r\nIf-None-M...gent: okhttp/3.12.3\r\n\r\n>>>\x1e.\x1d\xB1\xF8]\xAeV\x96...\x00\x00\x00\x00\x00\x00\x00}
03:43:12.672 [qtp399373008-61] DEBUG org.eclipse.jetty.http.HttpParser - START --> SPACE1
03:43:12.672 [qtp399373008-61] DEBUG org.eclipse.jetty.http.HttpParser - SPACE1 --> URI
03:43:12.672 [qtp399373008-61] DEBUG org.eclipse.jetty.http.HttpParser - URI --> SPACE2
03:43:12.672 [qtp399373008-61] DEBUG org.eclipse.jetty.http.HttpParser - SPACE2 --> REQUEST_VERSION
03:43:12.672 [qtp399373008-61] DEBUG org.eclipse.jetty.http.HttpParser - REQUEST_VERSION --> HEADER
03:43:12.672 [qtp399373008-61] DEBUG org.eclipse.jetty.http.HttpParser - HEADER:If-None-Match --> VALUE
03:43:12.672 [qtp399373008-61] DEBUG org.eclipse.jetty.http.HttpParser - HEADER:If-None-Match --> IN_VALUE
03:43:12.672 [qtp399373008-61] DEBUG org.eclipse.jetty.http.HttpParser - HEADER:If-None-Match --> FIELD
03:43:12.672 [qtp399373008-61] DEBUG org.eclipse.jetty.http.HttpParser - HEADER:Host: localhost:44051 --> IN_VALUE
03:43:12.672 [qtp399373008-61] DEBUG org.eclipse.jetty.http.HttpParser - HEADER:Host: localhost:44051 --> FIELD
03:43:12.672 [qtp399373008-61] DEBUG org.eclipse.jetty.http.HttpParser - HEADER:Connection: keep-alive --> IN_VALUE
03:43:12.672 [qtp399373008-61] DEBUG org.eclipse.jetty.http.HttpParser - HEADER:Connection: keep-alive --> FIELD
03:43:12.672 [qtp399373008-61] DEBUG org.eclipse.jetty.http.HttpParser - HEADER:Accept-Encoding: gzip --> IN_VALUE
03:43:12.672 [qtp399373008-61] DEBUG org.eclipse.jetty.http.HttpParser - HEADER:Accept-Encoding: gzip --> FIELD
03:43:12.672 [qtp399373008-61] DEBUG org.eclipse.jetty.http.HttpParser - HEADER:User-Agent: okhttp/3.12.3 --> IN_VALUE
03:43:12.672 [qtp399373008-61] DEBUG org.eclipse.jetty.http.HttpParser - HEADER:User-Agent: okhttp/3.12.3 --> FIELD
03:43:12.672 [qtp399373008-61] DEBUG org.eclipse.jetty.http.HttpParser - HEADER --> CONTENT
03:43:12.672 [qtp399373008-61] DEBUG org.eclipse.jetty.server.HttpChannel - REQUEST for //localhost:44051/ on HttpChannelOverHttp@4a41e160{s=HttpChannelState@40e00851{s=IDLE rs=BLOCKING os=OPEN is=IDLE awp=false se=false i=true al=0},r=2,c=false/false,a=IDLE,uri=//localhost:44051/,age=0}
GET //localhost:44051/ HTTP/1.1
If-None-Match: "testEtag"
Host: localhost:44051
Connection: keep-alive
Accept-Encoding: gzip
User-Agent: okhttp/3.12.3


03:43:12.673 [qtp399373008-61] DEBUG org.eclipse.jetty.server.HttpConnection - HttpConnection@4974d263::DecryptedEndPoint@570f9641{l=/127.0.0.1:44051,r=/127.0.0.1:33248,OPEN,fill=-,flush=-,to=47/30000} parsed true HttpParser{s=CONTENT,0 of -1}
03:43:12.673 [qtp399373008-61] DEBUG org.eclipse.jetty.server.HttpConnection - releaseRequestBuffer HttpConnection@4974d263::DecryptedEndPoint@570f9641{l=/127.0.0.1:44051,r=/127.0.0.1:33248,OPEN,fill=-,flush=-,to=47/30000}
03:43:12.673 [qtp399373008-61] DEBUG org.eclipse.jetty.server.HttpChannel - handle //localhost:44051/ HttpChannelOverHttp@4a41e160{s=HttpChannelState@40e00851{s=IDLE rs=BLOCKING os=OPEN is=IDLE awp=false se=false i=true al=0},r=2,c=false/false,a=IDLE,uri=//localhost:44051/,age=1} 
03:43:12.673 [qtp399373008-61] DEBUG org.eclipse.jetty.server.HttpChannelState - handling HttpChannelState@40e00851{s=IDLE rs=BLOCKING os=OPEN is=IDLE awp=false se=false i=true al=0}
03:43:12.673 [qtp399373008-61] DEBUG org.eclipse.jetty.server.HttpChannel - action DISPATCH HttpChannelOverHttp@4a41e160{s=HttpChannelState@40e00851{s=HANDLING rs=BLOCKING os=OPEN is=IDLE awp=false se=false i=true al=0},r=2,c=false/false,a=HANDLING,uri=//localhost:44051/,age=1}
03:43:12.673 [qtp399373008-61] DEBUG org.eclipse.jetty.server.SecureRequestCustomizer - Host localhost with SNI null
03:43:12.673 [qtp399373008-61] DEBUG org.eclipse.jetty.server.Server - REQUEST GET / on HttpChannelOverHttp@4a41e160{s=HttpChannelState@40e00851{s=HANDLING rs=BLOCKING os=OPEN is=IDLE awp=false se=false i=true al=0},r=2,c=false/false,a=HANDLING,uri=https://localhost:44051/,age=1}
03:43:12.673 [qtp399373008-61] DEBUG org.eclipse.jetty.server.Server - handled=true async=false committed=false on HttpChannelOverHttp@4a41e160{s=HttpChannelState@40e00851{s=HANDLING rs=BLOCKING os=OPEN is=IDLE awp=false se=false i=true al=0},r=2,c=false/false,a=HANDLING,uri=https://localhost:44051/,age=1}
03:43:12.673 [qtp399373008-61] DEBUG org.eclipse.jetty.server.HttpChannelState - unhandle HttpChannelState@40e00851{s=HANDLING rs=BLOCKING os=OPEN is=IDLE awp=false se=false i=true al=0}
03:43:12.673 [qtp399373008-61] DEBUG org.eclipse.jetty.server.HttpChannelState - nextAction(false) COMPLETE HttpChannelState@40e00851{s=HANDLING rs=COMPLETING os=OPEN is=IDLE awp=false se=false i=false al=0}
03:43:12.673 [qtp399373008-61] DEBUG org.eclipse.jetty.server.HttpChannel - action COMPLETE HttpChannelOverHttp@4a41e160{s=HttpChannelState@40e00851{s=HANDLING rs=COMPLETING os=OPEN is=IDLE awp=false se=false i=false al=0},r=2,c=false/false,a=HANDLING,uri=https://localhost:44051/,age=1}
03:43:12.673 [qtp399373008-61] DEBUG org.eclipse.jetty.io.ssl.SslConnection - >fill SslConnection@4c995392::SocketChannelEndPoint@4c0b7e62{l=/127.0.0.1:44051,r=/127.0.0.1:33248,OPEN,fill=-,flush=-,to=0/30000}{io=0/0,kio=0,kro=1}->SslConnection@4c995392{NOT_HANDSHAKING,eio=-1/-1,di=-1,fill=IDLE,flush=IDLE}~>DecryptedEndPoint@570f9641{l=/127.0.0.1:44051,r=/127.0.0.1:33248,OPEN,fill=-,flush=-,to=47/30000}=>HttpConnection@4974d263[p=HttpParser{s=CONTENT,0 of -1},g=HttpGenerator@670f79de{s=START}]=>HttpChannelOverHttp@4a41e160{s=HttpChannelState@40e00851{s=HANDLING rs=COMPLETING os=OPEN is=IDLE awp=false se=false i=false al=0},r=2,c=false/false,a=HANDLING,uri=https://localhost:44051/,age=1}
03:43:12.673 [qtp399373008-61] DEBUG org.eclipse.jetty.io.ssl.SslConnection - fill NOT_HANDSHAKING
03:43:12.673 [qtp399373008-61] DEBUG org.eclipse.jetty.io.ChannelEndPoint - filled 0 HeapByteBuffer@76afdda5[p=0,l=0,c=17408,r=0]={<<<>>>\x17\x03\x03\x00\xAfGET ...\x00\x00\x00\x00\x00\x00\x00}
03:43:12.673 [qtp399373008-61] DEBUG org.eclipse.jetty.io.ssl.SslConnection - net filled=0
03:43:12.673 [qtp399373008-61] DEBUG org.eclipse.jetty.io.ssl.SslConnection - unwrap net_filled=0 Status = BUFFER_UNDERFLOW HandshakeStatus = NOT_HANDSHAKING bytesConsumed = 0 bytesProduced = 0 encryptedBuffer=[p=0,l=0,c=17408,r=0] unwrapBuffer=HeapByteBuffer@78682cd8[p=0,l=0,c=17408,r=0]={<<<>>>\x17\x03\x03\x03\xAd\x0b\x00\x03\x88...\x00\x00\x00\x00\x00\x00\x00} appBuffer=HeapByteBuffer@78682cd8[p=0,l=0,c=17408,r=0]={<<<>>>\x17\x03\x03\x03\xAd\x0b\x00\x03\x88...\x00\x00\x00\x00\x00\x00\x00}
03:43:12.673 [qtp399373008-61] DEBUG org.eclipse.jetty.io.ssl.SslConnection - <fill f=0 uf=true SslConnection@4c995392::SocketChannelEndPoint@4c0b7e62{l=/127.0.0.1:44051,r=/127.0.0.1:33248,OPEN,fill=-,flush=-,to=1/30000}{io=0/0,kio=0,kro=1}->SslConnection@4c995392{NOT_HANDSHAKING,eio=-1/-1,di=-1,fill=IDLE,flush=IDLE}~>DecryptedEndPoint@570f9641{l=/127.0.0.1:44051,r=/127.0.0.1:33248,OPEN,fill=-,flush=-,to=48/30000}=>HttpConnection@4974d263[p=HttpParser{s=CONTENT,0 of -1},g=HttpGenerator@670f79de{s=START}]=>HttpChannelOverHttp@4a41e160{s=HttpChannelState@40e00851{s=HANDLING rs=COMPLETING os=OPEN is=IDLE awp=false se=false i=false al=0},r=2,c=false/false,a=HANDLING,uri=https://localhost:44051/,age=1}
03:43:12.673 [qtp399373008-61] DEBUG org.eclipse.jetty.io.ssl.SslConnection - >fill SslConnection@4c995392::SocketChannelEndPoint@4c0b7e62{l=/127.0.0.1:44051,r=/127.0.0.1:33248,OPEN,fill=-,flush=-,to=1/30000}{io=0/0,kio=0,kro=1}->SslConnection@4c995392{NOT_HANDSHAKING,eio=-1/-1,di=-1,fill=IDLE,flush=IDLE}~>DecryptedEndPoint@570f9641{l=/127.0.0.1:44051,r=/127.0.0.1:33248,OPEN,fill=-,flush=-,to=48/30000}=>HttpConnection@4974d263[p=HttpParser{s=CONTENT,0 of -1},g=HttpGenerator@670f79de{s=START}]=>HttpChannelOverHttp@4a41e160{s=HttpChannelState@40e00851{s=HANDLING rs=COMPLETING os=OPEN is=IDLE awp=false se=false i=false al=0},r=2,c=false/false,a=HANDLING,uri=https://localhost:44051/,age=1}
03:43:12.673 [qtp399373008-61] DEBUG org.eclipse.jetty.io.ssl.SslConnection - fill NOT_HANDSHAKING
03:43:12.673 [qtp399373008-61] DEBUG org.eclipse.jetty.io.ChannelEndPoint - filled 0 HeapByteBuffer@729047a8[p=0,l=0,c=17408,r=0]={<<<>>>GET / HTT...\x00\x00\x00\x00\x00\x00\x00}
03:43:12.673 [qtp399373008-61] DEBUG org.eclipse.jetty.io.ssl.SslConnection - net filled=0
03:43:12.673 [qtp399373008-61] DEBUG org.eclipse.jetty.io.ssl.SslConnection - unwrap net_filled=0 Status = BUFFER_UNDERFLOW HandshakeStatus = NOT_HANDSHAKING bytesConsumed = 0 bytesProduced = 0 encryptedBuffer=[p=0,l=0,c=17408,r=0] unwrapBuffer=HeapByteBuffer@78682cd8[p=0,l=0,c=17408,r=0]={<<<>>>\x17\x03\x03\x03\xAd\x0b\x00\x03\x88...\x00\x00\x00\x00\x00\x00\x00} appBuffer=HeapByteBuffer@78682cd8[p=0,l=0,c=17408,r=0]={<<<>>>\x17\x03\x03\x03\xAd\x0b\x00\x03\x88...\x00\x00\x00\x00\x00\x00\x00}
03:43:12.673 [qtp399373008-61] DEBUG org.eclipse.jetty.io.ssl.SslConnection - <fill f=0 uf=true SslConnection@4c995392::SocketChannelEndPoint@4c0b7e62{l=/127.0.0.1:44051,r=/127.0.0.1:33248,OPEN,fill=-,flush=-,to=1/30000}{io=0/0,kio=0,kro=1}->SslConnection@4c995392{NOT_HANDSHAKING,eio=-1/-1,di=-1,fill=IDLE,flush=IDLE}~>DecryptedEndPoint@570f9641{l=/127.0.0.1:44051,r=/127.0.0.1:33248,OPEN,fill=-,flush=-,to=48/30000}=>HttpConnection@4974d263[p=HttpParser{s=CONTENT,0 of -1},g=HttpGenerator@670f79de{s=START}]=>HttpChannelOverHttp@4a41e160{s=HttpChannelState@40e00851{s=HANDLING rs=COMPLETING os=OPEN is=IDLE awp=false se=false i=false al=0},r=2,c=false/false,a=HANDLING,uri=https://localhost:44051/,age=1}
03:43:12.674 [qtp399373008-61] DEBUG org.eclipse.jetty.server.HttpConnection - HttpConnection@4974d263::DecryptedEndPoint@570f9641{l=/127.0.0.1:44051,r=/127.0.0.1:33248,OPEN,fill=-,flush=-,to=48/30000} filled 0 HeapByteBuffer@78682cd8[p=0,l=0,c=17408,r=0]={<<<>>>\x17\x03\x03\x03\xAd\x0b\x00\x03\x88...\x00\x00\x00\x00\x00\x00\x00}
03:43:12.674 [qtp399373008-61] DEBUG org.eclipse.jetty.server.HttpConnection - HttpConnection@4974d263::DecryptedEndPoint@570f9641{l=/127.0.0.1:44051,r=/127.0.0.1:33248,OPEN,fill=-,flush=-,to=48/30000} parse HeapByteBuffer@78682cd8[p=0,l=0,c=17408,r=0]={<<<>>>\x17\x03\x03\x03\xAd\x0b\x00\x03\x88...\x00\x00\x00\x00\x00\x00\x00} {}
03:43:12.674 [qtp399373008-61] DEBUG org.eclipse.jetty.http.HttpParser - parseNext s=CONTENT HeapByteBuffer@78682cd8[p=0,l=0,c=17408,r=0]={<<<>>>\x17\x03\x03\x03\xAd\x0b\x00\x03\x88...\x00\x00\x00\x00\x00\x00\x00}
03:43:12.674 [qtp399373008-61] DEBUG org.eclipse.jetty.http.HttpParser - CONTENT --> CONTENT_END
03:43:12.674 [qtp399373008-61] DEBUG org.eclipse.jetty.server.HttpChannel - onContentComplete HttpChannelOverHttp@4a41e160{s=HttpChannelState@40e00851{s=HANDLING rs=COMPLETING os=OPEN is=IDLE awp=false se=false i=false al=0},r=2,c=false/false,a=HANDLING,uri=https://localhost:44051/,age=2}
03:43:12.674 [qtp399373008-61] DEBUG org.eclipse.jetty.http.HttpParser - CONTENT_END --> END
03:43:12.674 [qtp399373008-61] DEBUG org.eclipse.jetty.server.HttpChannel - onRequestComplete HttpChannelOverHttp@4a41e160{s=HttpChannelState@40e00851{s=HANDLING rs=COMPLETING os=OPEN is=IDLE awp=false se=false i=false al=0},r=2,c=false/false,a=HANDLING,uri=https://localhost:44051/,age=2}
03:43:12.674 [qtp399373008-61] DEBUG org.eclipse.jetty.server.HttpInput - HttpInputOverHTTP@527b304[c=0,q=0,[0]=null,s=STREAM] addContent EOF
03:43:12.674 [qtp399373008-61] DEBUG org.eclipse.jetty.server.HttpConnection - HttpConnection@4974d263::DecryptedEndPoint@570f9641{l=/127.0.0.1:44051,r=/127.0.0.1:33248,OPEN,fill=-,flush=-,to=48/30000} parsed false HttpParser{s=END,0 of -1}
03:43:12.674 [qtp399373008-61] DEBUG org.eclipse.jetty.server.HttpConnection - releaseRequestBuffer HttpConnection@4974d263::DecryptedEndPoint@570f9641{l=/127.0.0.1:44051,r=/127.0.0.1:33248,OPEN,fill=-,flush=-,to=48/30000}
03:43:12.674 [qtp399373008-61] DEBUG org.eclipse.jetty.server.HttpOutput - complete(org.eclipse.jetty.util.Callback$3@531f4aa8) s=CLOSING,api=BLOCKED,sc=false,e=null s=false e=null, c=HeapByteBuffer@1ad43aa3[p=0,l=0,c=0,r=0]={<<<>>>}
03:43:12.674 [qtp399373008-61] DEBUG org.eclipse.jetty.server.HttpChannel - sendResponse info=null content=HeapByteBuffer@1ad43aa3[p=0,l=0,c=0,r=0]={<<<>>>} complete=true committing=true callback=org.eclipse.jetty.server.HttpOutput$WriteCompleteCB@2b748796
03:43:12.674 [qtp399373008-61] DEBUG org.eclipse.jetty.server.HttpChannel - COMMIT for / on HttpChannelOverHttp@4a41e160{s=HttpChannelState@40e00851{s=HANDLING rs=COMPLETING os=COMMITTED is=IDLE awp=false se=false i=false al=0},r=2,c=false/false,a=HANDLING,uri=https://localhost:44051/,age=2}
304 null HTTP/1.1
Date: Thu, 02 May 2024 02:43:12 GMT
ETag: testEtag


03:43:12.674 [qtp399373008-61] DEBUG org.eclipse.jetty.server.HttpConnection - generate: NEED_HEADER for SendCallback@2fd8d39c[PROCESSING][i=HTTP/1.1{s=304,h=2,cl=-1},cb=org.eclipse.jetty.server.HttpChannel$SendCallback@118d48db] (null,[p=0,l=0,c=0,r=0],true)@START
03:43:12.674 [qtp399373008-61] DEBUG org.eclipse.jetty.http.HttpGenerator - generateHeaders HTTP/1.1{s=304,h=2,cl=-1} last=true content=HeapByteBuffer@1ad43aa3[p=0,l=0,c=0,r=0]={<<<>>>}
03:43:12.674 [qtp399373008-61] DEBUG org.eclipse.jetty.http.HttpGenerator - Date: Thu, 02 May 2024 02:43:12 GMT
ETag: testEtag


03:43:12.674 [qtp399373008-61] DEBUG org.eclipse.jetty.http.HttpGenerator - NO_CONTENT
03:43:12.674 [qtp399373008-61] DEBUG org.eclipse.jetty.server.HttpConnection - generate: FLUSH for SendCallback@2fd8d39c[PROCESSING][i=HTTP/1.1{s=304,h=2,cl=-1},cb=org.eclipse.jetty.server.HttpChannel$SendCallback@118d48db] ([p=0,l=115,c=8192,r=115],[p=0,l=0,c=0,r=0],true)@COMPLETING
03:43:12.674 [qtp399373008-61] DEBUG org.eclipse.jetty.io.WriteFlusher - write: WriteFlusher@60731c09{IDLE}->null [HeapByteBuffer@17352c86[p=0,l=115,c=8192,r=115]={<<<HTTP/1.1 304 Not Modified...y(9.4.44.v20210927)\r\n\r\n>>>nt-Length...\x00\x00\x00\x00\x00\x00\x00}]
03:43:12.674 [qtp399373008-61] DEBUG org.eclipse.jetty.io.WriteFlusher - update WriteFlusher@60731c09{WRITING}->null:IDLE-->WRITING
03:43:12.674 [qtp399373008-61] DEBUG org.eclipse.jetty.io.ssl.SslConnection - >flush SslConnection@4c995392::SocketChannelEndPoint@4c0b7e62{l=/127.0.0.1:44051,r=/127.0.0.1:33248,OPEN,fill=-,flush=-,to=2/30000}{io=0/0,kio=0,kro=1}->SslConnection@4c995392{NOT_HANDSHAKING,eio=-1/-1,di=-1,fill=IDLE,flush=IDLE}~>DecryptedEndPoint@570f9641{l=/127.0.0.1:44051,r=/127.0.0.1:33248,OPEN,fill=-,flush=W,to=49/30000}=>HttpConnection@4974d263[p=HttpParser{s=END,0 of -1},g=HttpGenerator@670f79de{s=COMPLETING}]=>HttpChannelOverHttp@4a41e160{s=HttpChannelState@40e00851{s=HANDLING rs=COMPLETING os=COMMITTED is=IDLE awp=false se=false i=false al=0},r=2,c=false/false,a=HANDLING,uri=https://localhost:44051/,age=2}
03:43:12.674 [qtp399373008-61] DEBUG org.eclipse.jetty.io.ssl.SslConnection - flush b[0]=HeapByteBuffer@17352c86[p=0,l=115,c=8192,r=115]={<<<HTTP/1.1 304 Not Modified...y(9.4.44.v20210927)\r\n\r\n>>>nt-Length...\x00\x00\x00\x00\x00\x00\x00}
03:43:12.674 [qtp399373008-61] DEBUG org.eclipse.jetty.io.ssl.SslConnection - flush NOT_HANDSHAKING
03:43:12.674 [qtp399373008-61] DEBUG org.eclipse.jetty.io.ssl.SslConnection - wrap Status = OK HandshakeStatus = NOT_HANDSHAKING bytesConsumed = 115 bytesProduced = 153 [p=0,l=153,c=17408,r=153] ioDone=false/false
03:43:12.675 [qtp399373008-61] DEBUG org.eclipse.jetty.io.ChannelEndPoint - flushed 153 SocketChannelEndPoint@4c0b7e62{l=/127.0.0.1:44051,r=/127.0.0.1:33248,OPEN,fill=-,flush=-,to=2/30000}{io=0/0,kio=0,kro=1}->SslConnection@4c995392{NOT_HANDSHAKING,eio=-1/0,di=-1,fill=IDLE,flush=IDLE}~>DecryptedEndPoint@570f9641{l=/127.0.0.1:44051,r=/127.0.0.1:33248,OPEN,fill=-,flush=W,to=49/30000}=>HttpConnection@4974d263[p=HttpParser{s=END,0 of -1},g=HttpGenerator@670f79de{s=COMPLETING}]=>HttpChannelOverHttp@4a41e160{s=HttpChannelState@40e00851{s=HANDLING rs=COMPLETING os=COMMITTED is=IDLE awp=false se=false i=false al=0},r=2,c=false/false,a=HANDLING,uri=https://localhost:44051/,age=3}
03:43:12.675 [qtp399373008-61] DEBUG org.eclipse.jetty.io.ssl.SslConnection - net flushed=true, ac=true
03:43:12.675 [qtp399373008-61] DEBUG org.eclipse.jetty.io.ssl.SslConnection - <flush true SslConnection@4c995392::SocketChannelEndPoint@4c0b7e62{l=/127.0.0.1:44051,r=/127.0.0.1:33248,OPEN,fill=-,flush=-,to=0/30000}{io=0/0,kio=0,kro=1}->SslConnection@4c995392{NOT_HANDSHAKING,eio=-1/-1,di=-1,fill=IDLE,flush=IDLE}~>DecryptedEndPoint@570f9641{l=/127.0.0.1:44051,r=/127.0.0.1:33248,OPEN,fill=-,flush=W,to=49/30000}=>HttpConnection@4974d263[p=HttpParser{s=END,0 of -1},g=HttpGenerator@670f79de{s=COMPLETING}]=>HttpChannelOverHttp@4a41e160{s=HttpChannelState@40e00851{s=HANDLING rs=COMPLETING os=COMMITTED is=IDLE awp=false se=false i=false al=0},r=2,c=false/false,a=HANDLING,uri=https://localhost:44051/,age=3}
03:43:12.675 [qtp399373008-61] DEBUG org.eclipse.jetty.io.WriteFlusher - Flushed=true written=115 remaining=0 WriteFlusher@60731c09{WRITING}->null
03:43:12.675 [qtp399373008-61] DEBUG org.eclipse.jetty.io.WriteFlusher - update WriteFlusher@60731c09{IDLE}->null:WRITING-->IDLE
03:43:12.675 [qtp399373008-61] DEBUG org.eclipse.jetty.server.HttpConnection - generate: DONE for SendCallback@2fd8d39c[PROCESSING][i=HTTP/1.1{s=304,h=2,cl=-1},cb=org.eclipse.jetty.server.HttpChannel$SendCallback@118d48db] ([p=115,l=115,c=8192,r=0],[p=0,l=0,c=0,r=0],true)@END
03:43:12.675 [qtp399373008-61] DEBUG org.eclipse.jetty.server.HttpOutput - onWriteComplete(true,null) s=CLOSING,api=BLOCKED,sc=false,e=null->s=CLOSED,api=BLOCKING,sc=false,e=null c=null cb=org.eclipse.jetty.util.Callback$3@531f4aa8 w=false
03:43:12.675 [qtp399373008-61] DEBUG org.eclipse.jetty.server.HttpChannelState - completed HttpChannelState@40e00851{s=HANDLING rs=COMPLETING os=COMPLETED is=IDLE awp=false se=false i=false al=0}
03:43:12.675 [main] DEBUG org.apache.nifi.minifi.bootstrap.configuration.ingestors.PullHttpChangeIngestor - Response received: Response{protocol=http/1.1, code=304, message=Not Modified, url=https://localhost:44051/}
03:43:12.675 [qtp399373008-61] DEBUG org.eclipse.jetty.server.HttpChannelState - unhandle HttpChannelState@40e00851{s=HANDLING rs=COMPLETED os=COMPLETED is=IDLE awp=false se=false i=false al=0}
03:43:12.675 [qtp399373008-61] DEBUG org.eclipse.jetty.server.HttpChannelState - nextAction(false) TERMINATED HttpChannelState@40e00851{s=IDLE rs=COMPLETED os=COMPLETED is=IDLE awp=false se=false i=false al=0}
03:43:12.675 [qtp399373008-61] DEBUG org.eclipse.jetty.server.HttpChannel - action TERMINATED HttpChannelOverHttp@4a41e160{s=HttpChannelState@40e00851{s=IDLE rs=COMPLETED os=COMPLETED is=IDLE awp=false se=false i=false al=0},r=2,c=true/true,a=IDLE,uri=https://localhost:44051/,age=3}
03:43:12.675 [qtp399373008-61] DEBUG org.eclipse.jetty.server.HttpChannel - onCompleted for / written=0
03:43:12.675 [qtp399373008-61] DEBUG org.eclipse.jetty.server.HttpChannelState - recycle HttpChannelState@40e00851{s=IDLE rs=COMPLETED os=COMPLETED is=IDLE awp=false se=false i=false al=0}
03:43:12.675 [qtp399373008-61] DEBUG org.eclipse.jetty.http.HttpParser - reset HttpParser{s=END,0 of -1}
03:43:12.675 [qtp399373008-61] DEBUG org.eclipse.jetty.http.HttpParser - END --> START
03:43:12.675 [qtp399373008-61] DEBUG org.eclipse.jetty.server.HttpChannel - !handle TERMINATED HttpChannelOverHttp@4a41e160{s=HttpChannelState@40e00851{s=IDLE rs=BLOCKING os=OPEN is=IDLE awp=false se=false i=true al=0},r=2,c=false/false,a=IDLE,uri=null,age=0}
03:43:12.675 [qtp399373008-61] DEBUG org.eclipse.jetty.io.ssl.SslConnection - >fill SslConnection@4c995392::SocketChannelEndPoint@4c0b7e62{l=/127.0.0.1:44051,r=/127.0.0.1:33248,OPEN,fill=-,flush=-,to=0/30000}{io=0/0,kio=0,kro=1}->SslConnection@4c995392{NOT_HANDSHAKING,eio=-1/-1,di=-1,fill=IDLE,flush=IDLE}~>DecryptedEndPoint@570f9641{l=/127.0.0.1:44051,r=/127.0.0.1:33248,OPEN,fill=-,flush=-,to=50/30000}=>HttpConnection@4974d263[p=HttpParser{s=START,0 of -1},g=HttpGenerator@670f79de{s=START}]=>HttpChannelOverHttp@4a41e160{s=HttpChannelState@40e00851{s=IDLE rs=BLOCKING os=OPEN is=IDLE awp=false se=false i=true al=0},r=2,c=false/false,a=IDLE,uri=null,age=0}
03:43:12.675 [qtp399373008-61] DEBUG org.eclipse.jetty.io.ssl.SslConnection - fill NOT_HANDSHAKING
]]></system-out>
  </testcase>
  <testcase name="testNewUpdate" classname="org.apache.nifi.minifi.bootstrap.configuration.ingestors.PullHttpChangeIngestorSSLTest" time="0.067">
    <system-out><![CDATA[03:43:12.675 [qtp399373008-61] DEBUG org.eclipse.jetty.io.ChannelEndPoint - filled 0 HeapByteBuffer@78682cd8[p=0,l=0,c=17408,r=0]={<<<>>>\x17\x03\x03\x03\xAd\x0b\x00\x03\x88...\x00\x00\x00\x00\x00\x00\x00}
03:43:12.675 [qtp399373008-61] DEBUG org.eclipse.jetty.io.ssl.SslConnection - net filled=0
03:43:12.675 [qtp399373008-61] DEBUG org.eclipse.jetty.io.ssl.SslConnection - unwrap net_filled=0 Status = BUFFER_UNDERFLOW HandshakeStatus = NOT_HANDSHAKING bytesConsumed = 0 bytesProduced = 0 encryptedBuffer=[p=0,l=0,c=17408,r=0] unwrapBuffer=HeapByteBuffer@729047a8[p=0,l=0,c=17408,r=0]={<<<>>>GET / HTT...\x00\x00\x00\x00\x00\x00\x00} appBuffer=HeapByteBuffer@729047a8[p=0,l=0,c=17408,r=0]={<<<>>>GET / HTT...\x00\x00\x00\x00\x00\x00\x00}
03:43:12.675 [qtp399373008-61] DEBUG org.eclipse.jetty.io.ssl.SslConnection - <fill f=0 uf=true SslConnection@4c995392::SocketChannelEndPoint@4c0b7e62{l=/127.0.0.1:44051,r=/127.0.0.1:33248,OPEN,fill=-,flush=-,to=0/30000}{io=0/0,kio=0,kro=1}->SslConnection@4c995392{NOT_HANDSHAKING,eio=-1/-1,di=-1,fill=IDLE,flush=IDLE}~>DecryptedEndPoint@570f9641{l=/127.0.0.1:44051,r=/127.0.0.1:33248,OPEN,fill=-,flush=-,to=50/30000}=>HttpConnection@4974d263[p=HttpParser{s=START,0 of -1},g=HttpGenerator@670f79de{s=START}]=>HttpChannelOverHttp@4a41e160{s=HttpChannelState@40e00851{s=IDLE rs=BLOCKING os=OPEN is=IDLE awp=false se=false i=true al=0},r=2,c=false/false,a=IDLE,uri=null,age=0}
03:43:12.676 [qtp399373008-61] DEBUG org.eclipse.jetty.io.ssl.SslConnection - >fill SslConnection@4c995392::SocketChannelEndPoint@4c0b7e62{l=/127.0.0.1:44051,r=/127.0.0.1:33248,OPEN,fill=-,flush=-,to=0/30000}{io=0/0,kio=0,kro=1}->SslConnection@4c995392{NOT_HANDSHAKING,eio=-1/-1,di=-1,fill=IDLE,flush=IDLE}~>DecryptedEndPoint@570f9641{l=/127.0.0.1:44051,r=/127.0.0.1:33248,OPEN,fill=-,flush=-,to=50/30000}=>HttpConnection@4974d263[p=HttpParser{s=START,0 of -1},g=HttpGenerator@670f79de{s=START}]=>HttpChannelOverHttp@4a41e160{s=HttpChannelState@40e00851{s=IDLE rs=BLOCKING os=OPEN is=IDLE awp=false se=false i=true al=0},r=2,c=false/false,a=IDLE,uri=null,age=0}
03:43:12.676 [qtp399373008-61] DEBUG org.eclipse.jetty.io.ssl.SslConnection - fill NOT_HANDSHAKING
03:43:12.676 [qtp399373008-61] DEBUG org.eclipse.jetty.io.ChannelEndPoint - filled 0 HeapByteBuffer@76afdda5[p=0,l=0,c=17408,r=0]={<<<>>>\x17\x03\x03\x00\x94\xCd\x9c\x07\xCd...\x00\x00\x00\x00\x00\x00\x00}
03:43:12.676 [qtp399373008-61] DEBUG org.eclipse.jetty.io.ssl.SslConnection - net filled=0
03:43:12.676 [qtp399373008-61] DEBUG org.eclipse.jetty.io.ssl.SslConnection - unwrap net_filled=0 Status = BUFFER_UNDERFLOW HandshakeStatus = NOT_HANDSHAKING bytesConsumed = 0 bytesProduced = 0 encryptedBuffer=[p=0,l=0,c=17408,r=0] unwrapBuffer=HeapByteBuffer@729047a8[p=0,l=0,c=17408,r=0]={<<<>>>GET / HTT...\x00\x00\x00\x00\x00\x00\x00} appBuffer=HeapByteBuffer@729047a8[p=0,l=0,c=17408,r=0]={<<<>>>GET / HTT...\x00\x00\x00\x00\x00\x00\x00}
03:43:12.676 [qtp399373008-61] DEBUG org.eclipse.jetty.io.ssl.SslConnection - <fill f=0 uf=true SslConnection@4c995392::SocketChannelEndPoint@4c0b7e62{l=/127.0.0.1:44051,r=/127.0.0.1:33248,OPEN,fill=-,flush=-,to=1/30000}{io=0/0,kio=0,kro=1}->SslConnection@4c995392{NOT_HANDSHAKING,eio=-1/-1,di=-1,fill=IDLE,flush=IDLE}~>DecryptedEndPoint@570f9641{l=/127.0.0.1:44051,r=/127.0.0.1:33248,OPEN,fill=-,flush=-,to=50/30000}=>HttpConnection@4974d263[p=HttpParser{s=START,0 of -1},g=HttpGenerator@670f79de{s=START}]=>HttpChannelOverHttp@4a41e160{s=HttpChannelState@40e00851{s=IDLE rs=BLOCKING os=OPEN is=IDLE awp=false se=false i=true al=0},r=2,c=false/false,a=IDLE,uri=null,age=0}
03:43:12.676 [qtp399373008-61] DEBUG org.eclipse.jetty.server.HttpConnection - HttpConnection@4974d263::DecryptedEndPoint@570f9641{l=/127.0.0.1:44051,r=/127.0.0.1:33248,OPEN,fill=-,flush=-,to=50/30000} filled 0 HeapByteBuffer@729047a8[p=0,l=0,c=17408,r=0]={<<<>>>GET / HTT...\x00\x00\x00\x00\x00\x00\x00}
03:43:12.676 [qtp399373008-61] DEBUG org.eclipse.jetty.server.HttpConnection - HttpConnection@4974d263::DecryptedEndPoint@570f9641{l=/127.0.0.1:44051,r=/127.0.0.1:33248,OPEN,fill=-,flush=-,to=50/30000} parse HeapByteBuffer@729047a8[p=0,l=0,c=17408,r=0]={<<<>>>GET / HTT...\x00\x00\x00\x00\x00\x00\x00} {}
03:43:12.676 [qtp399373008-61] DEBUG org.eclipse.jetty.http.HttpParser - parseNext s=START HeapByteBuffer@729047a8[p=0,l=0,c=17408,r=0]={<<<>>>GET / HTT...\x00\x00\x00\x00\x00\x00\x00}
03:43:12.676 [qtp399373008-61] DEBUG org.eclipse.jetty.server.HttpConnection - HttpConnection@4974d263::DecryptedEndPoint@570f9641{l=/127.0.0.1:44051,r=/127.0.0.1:33248,OPEN,fill=-,flush=-,to=50/30000} parsed false HttpParser{s=START,0 of -1}
03:43:12.676 [qtp399373008-61] DEBUG org.eclipse.jetty.server.HttpConnection - releaseRequestBuffer HttpConnection@4974d263::DecryptedEndPoint@570f9641{l=/127.0.0.1:44051,r=/127.0.0.1:33248,OPEN,fill=-,flush=-,to=50/30000}
03:43:12.676 [qtp399373008-61] DEBUG org.eclipse.jetty.io.AbstractConnection - fillInterested HttpConnection@4974d263::DecryptedEndPoint@570f9641{l=/127.0.0.1:44051,r=/127.0.0.1:33248,OPEN,fill=-,flush=-,to=51/30000}
03:43:12.676 [qtp399373008-61] DEBUG org.eclipse.jetty.io.FillInterest - interested FillInterest@8075896{AC.ReadCB@4974d263{HttpConnection@4974d263::DecryptedEndPoint@570f9641{l=/127.0.0.1:44051,r=/127.0.0.1:33248,OPEN,fill=FI,flush=-,to=0/30000}}}
03:43:12.676 [qtp399373008-61] DEBUG org.eclipse.jetty.io.ssl.SslConnection - >needFillInterest s=IDLE/IDLE uf=true ei=null di=null SslConnection@4c995392::SocketChannelEndPoint@4c0b7e62{l=/127.0.0.1:44051,r=/127.0.0.1:33248,OPEN,fill=-,flush=-,to=1/30000}{io=0/0,kio=0,kro=1}->SslConnection@4c995392{NOT_HANDSHAKING,eio=-1/-1,di=-1,fill=IDLE,flush=IDLE}~>DecryptedEndPoint@570f9641{l=/127.0.0.1:44051,r=/127.0.0.1:33248,OPEN,fill=FI,flush=-,to=0/30000}=>HttpConnection@4974d263[p=HttpParser{s=START,0 of -1},g=HttpGenerator@670f79de{s=START}]=>HttpChannelOverHttp@4a41e160{s=HttpChannelState@40e00851{s=IDLE rs=BLOCKING os=OPEN is=IDLE awp=false se=false i=true al=0},r=2,c=false/false,a=IDLE,uri=null,age=0}
03:43:12.676 [qtp399373008-61] DEBUG org.eclipse.jetty.io.ssl.SslConnection - <needFillInterest s=IDLE/INTERESTED f=false i=true w=null
03:43:12.676 [qtp399373008-61] DEBUG org.eclipse.jetty.io.ssl.SslConnection - ensureFillInterested SslConnection@4c995392::SocketChannelEndPoint@4c0b7e62{l=/127.0.0.1:44051,r=/127.0.0.1:33248,OPEN,fill=-,flush=-,to=1/30000}{io=0/0,kio=0,kro=1}->SslConnection@4c995392{NOT_HANDSHAKING,eio=-1/-1,di=-1,fill=INTERESTED,flush=IDLE}~>DecryptedEndPoint@570f9641{l=/127.0.0.1:44051,r=/127.0.0.1:33248,OPEN,fill=FI,flush=-,to=0/30000}=>HttpConnection@4974d263[p=HttpParser{s=START,0 of -1},g=HttpGenerator@670f79de{s=START}]=>HttpChannelOverHttp@4a41e160{s=HttpChannelState@40e00851{s=IDLE rs=BLOCKING os=OPEN is=IDLE awp=false se=false i=true al=0},r=2,c=false/false,a=IDLE,uri=null,age=0}
03:43:12.676 [qtp399373008-61] DEBUG org.eclipse.jetty.io.FillInterest - interested FillInterest@5f2da44a{SSLC.NBReadCB@4c995392{SslConnection@4c995392::SocketChannelEndPoint@4c0b7e62{l=/127.0.0.1:44051,r=/127.0.0.1:33248,OPEN,fill=FI,flush=-,to=0/30000}{io=0/0,kio=0,kro=1}->SslConnection@4c995392{NOT_HANDSHAKING,eio=-1/-1,di=-1,fill=INTERESTED,flush=IDLE}~>DecryptedEndPoint@570f9641{l=/127.0.0.1:44051,r=/127.0.0.1:33248,OPEN,fill=FI,flush=-,to=0/30000}=>HttpConnection@4974d263[p=HttpParser{s=START,0 of -1},g=HttpGenerator@670f79de{s=START}]=>HttpChannelOverHttp@4a41e160{s=HttpChannelState@40e00851{s=IDLE rs=BLOCKING os=OPEN is=IDLE awp=false se=false i=true al=0},r=2,c=false/false,a=IDLE,uri=null,age=0}}}
03:43:12.676 [qtp399373008-61] DEBUG org.eclipse.jetty.io.ChannelEndPoint - changeInterests p=false 0->1 for SocketChannelEndPoint@4c0b7e62{l=/127.0.0.1:44051,r=/127.0.0.1:33248,OPEN,fill=FI,flush=-,to=0/30000}{io=0/1,kio=0,kro=1}->SslConnection@4c995392{NOT_HANDSHAKING,eio=-1/-1,di=-1,fill=INTERESTED,flush=IDLE}~>DecryptedEndPoint@570f9641{l=/127.0.0.1:44051,r=/127.0.0.1:33248,OPEN,fill=FI,flush=-,to=0/30000}=>HttpConnection@4974d263[p=HttpParser{s=START,0 of -1},g=HttpGenerator@670f79de{s=START}]=>HttpChannelOverHttp@4a41e160{s=HttpChannelState@40e00851{s=IDLE rs=BLOCKING os=OPEN is=IDLE awp=false se=false i=true al=0},r=2,c=false/false,a=IDLE,uri=null,age=0}
03:43:12.676 [qtp399373008-61] DEBUG org.eclipse.jetty.io.ManagedSelector - Queued change lazy=false org.eclipse.jetty.io.ChannelEndPoint$$Lambda$255/90666987@59ae69fe on ManagedSelector@47a86fbb{STARTED} id=2 keys=1 selected=0 updates=0
03:43:12.677 [qtp399373008-61] DEBUG org.eclipse.jetty.io.ManagedSelector - Wakeup on submit ManagedSelector@47a86fbb{STARTED} id=2 keys=1 selected=0 updates=1
03:43:12.677 [qtp399373008-62] DEBUG org.eclipse.jetty.io.ManagedSelector - Selector sun.nio.ch.EPollSelectorImpl@1eaae130 woken with none selected
03:43:12.677 [qtp399373008-62] DEBUG org.eclipse.jetty.io.ManagedSelector - Selector sun.nio.ch.EPollSelectorImpl@1eaae130 woken up from select, 0/0/1 selected
03:43:12.677 [qtp399373008-62] DEBUG org.eclipse.jetty.io.ManagedSelector - Selector sun.nio.ch.EPollSelectorImpl@1eaae130 processing 0 keys, 1 updates
03:43:12.677 [qtp399373008-62] DEBUG org.eclipse.jetty.io.ManagedSelector - updateable 1
03:43:12.677 [qtp399373008-62] DEBUG org.eclipse.jetty.io.ManagedSelector - update org.eclipse.jetty.io.ChannelEndPoint$$Lambda$255/90666987@59ae69fe
03:43:12.677 [qtp399373008-62] DEBUG org.eclipse.jetty.io.ChannelEndPoint - Key interests updated 0 -> 1 on SocketChannelEndPoint@4c0b7e62{l=/127.0.0.1:44051,r=/127.0.0.1:33248,OPEN,fill=FI,flush=-,to=0/30000}{io=1/1,kio=1,kro=1}->SslConnection@4c995392{NOT_HANDSHAKING,eio=-1/-1,di=-1,fill=INTERESTED,flush=IDLE}~>DecryptedEndPoint@570f9641{l=/127.0.0.1:44051,r=/127.0.0.1:33248,OPEN,fill=FI,flush=-,to=0/30000}=>HttpConnection@4974d263[p=HttpParser{s=START,0 of -1},g=HttpGenerator@670f79de{s=START}]=>HttpChannelOverHttp@4a41e160{s=HttpChannelState@40e00851{s=IDLE rs=BLOCKING os=OPEN is=IDLE awp=false se=false i=true al=0},r=2,c=false/false,a=IDLE,uri=null,age=0}
03:43:12.677 [qtp399373008-62] DEBUG org.eclipse.jetty.io.ManagedSelector - updates 0
03:43:12.677 [qtp399373008-62] DEBUG org.eclipse.jetty.io.ManagedSelector - Selector sun.nio.ch.EPollSelectorImpl@1eaae130 waiting with 1 keys
03:43:12.677 [qtp399373008-61] DEBUG org.eclipse.jetty.server.HttpConnection - HttpConnection@4974d263::DecryptedEndPoint@570f9641{l=/127.0.0.1:44051,r=/127.0.0.1:33248,OPEN,fill=FI,flush=-,to=0/30000} onFillable exit HttpChannelState@40e00851{s=IDLE rs=BLOCKING os=OPEN is=IDLE awp=false se=false i=true al=0} null
03:43:12.677 [qtp399373008-61] DEBUG org.eclipse.jetty.io.ssl.SslConnection - <c.onFillable SslConnection@4c995392::SocketChannelEndPoint@4c0b7e62{l=/127.0.0.1:44051,r=/127.0.0.1:33248,OPEN,fill=FI,flush=-,to=0/30000}{io=1/1,kio=1,kro=1}->SslConnection@4c995392{NOT_HANDSHAKING,eio=-1/-1,di=-1,fill=INTERESTED,flush=IDLE}~>DecryptedEndPoint@570f9641{l=/127.0.0.1:44051,r=/127.0.0.1:33248,OPEN,fill=FI,flush=-,to=0/30000}=>HttpConnection@4974d263[p=HttpParser{s=START,0 of -1},g=HttpGenerator@670f79de{s=START}]=>HttpChannelOverHttp@4a41e160{s=HttpChannelState@40e00851{s=IDLE rs=BLOCKING os=OPEN is=IDLE awp=false se=false i=true al=0},r=2,c=false/false,a=IDLE,uri=null,age=0}
03:43:12.677 [qtp399373008-61] DEBUG org.eclipse.jetty.util.thread.ReservedThreadExecutor - ReservedThread@681717c1{RUNNING,thread=Thread[qtp399373008-61,5,main]} was=RUNNING next=RESERVED size=0+2 capacity=8
03:43:12.677 [qtp399373008-61] DEBUG org.eclipse.jetty.util.thread.ReservedThreadExecutor - ReservedThread@681717c1{RESERVED,thread=Thread[qtp399373008-61,5,main]} waiting ReservedThreadExecutor@424fd310{reserved=2/8,pending=0}
03:43:12.678 [main] DEBUG org.apache.nifi.minifi.bootstrap.configuration.ingestors.PullHttpChangeIngestor - Attempting to pull new config
03:43:12.679 [qtp399373008-59-acceptor-0@4795ded0-ServerConnector@2374d36a{SSL, (ssl, http/1.1)}{localhost:44051}] DEBUG org.eclipse.jetty.io.ManagedSelector - Queued change lazy=false Accept@2e8614f2[java.nio.channels.SocketChannel[connected local=/127.0.0.1:44051 remote=/127.0.0.1:33258]] on ManagedSelector@7bb6ab3a{STARTED} id=3 keys=0 selected=0 updates=0
03:43:12.679 [qtp399373008-59-acceptor-0@4795ded0-ServerConnector@2374d36a{SSL, (ssl, http/1.1)}{localhost:44051}] DEBUG org.eclipse.jetty.io.ManagedSelector - Wakeup on submit ManagedSelector@7bb6ab3a{STARTED} id=3 keys=0 selected=0 updates=1
03:43:12.679 [qtp399373008-58] DEBUG org.eclipse.jetty.io.ManagedSelector - Selector sun.nio.ch.EPollSelectorImpl@6d031e6b woken with none selected
03:43:12.679 [qtp399373008-58] DEBUG org.eclipse.jetty.io.ManagedSelector - Selector sun.nio.ch.EPollSelectorImpl@6d031e6b woken up from select, 0/0/0 selected
03:43:12.679 [qtp399373008-58] DEBUG org.eclipse.jetty.io.ManagedSelector - Selector sun.nio.ch.EPollSelectorImpl@6d031e6b processing 0 keys, 1 updates
03:43:12.679 [qtp399373008-58] DEBUG org.eclipse.jetty.io.ManagedSelector - updateable 1
03:43:12.679 [qtp399373008-58] DEBUG org.eclipse.jetty.io.ManagedSelector - update Accept@2e8614f2[java.nio.channels.SocketChannel[connected local=/127.0.0.1:44051 remote=/127.0.0.1:33258]]
03:43:12.680 [qtp399373008-58] DEBUG org.eclipse.jetty.util.thread.QueuedThreadPool - queue Accept@2e8614f2[java.nio.channels.SocketChannel[connected local=/127.0.0.1:44051 remote=/127.0.0.1:33258]] startThread=0
03:43:12.680 [qtp399373008-57] DEBUG org.eclipse.jetty.util.thread.QueuedThreadPool - run Accept@2e8614f2[java.nio.channels.SocketChannel[connected local=/127.0.0.1:44051 remote=/127.0.0.1:33258]] in QueuedThreadPool[qtp399373008]@17cdf2d0{STARTED,8<=8<=200,i=0,r=-1,q=0}[ReservedThreadExecutor@424fd310{reserved=2/8,pending=0}]
03:43:12.680 [qtp399373008-58] DEBUG org.eclipse.jetty.io.ManagedSelector - updates 0
03:43:12.680 [qtp399373008-58] DEBUG org.eclipse.jetty.io.ManagedSelector - Selector sun.nio.ch.EPollSelectorImpl@6d031e6b waiting with 1 keys
03:43:12.680 [qtp399373008-57] DEBUG org.eclipse.jetty.io.IdleTimeout - SocketChannelEndPoint@6e02d47d{l=/127.0.0.1:44051,r=/127.0.0.1:33258,OPEN,fill=-,flush=-,to=0/30000}{io=0/0,kio=0,kro=0}-><null> idle timeout check, elapsed: 0 ms, remaining: 30000 ms
03:43:12.680 [qtp399373008-57] DEBUG org.eclipse.jetty.util.ssl.SslContextFactory - Customize sun.security.ssl.SSLEngineImpl@5f17631e
03:43:12.680 [qtp399373008-57] DEBUG org.eclipse.jetty.server.HttpChannel - new HttpChannelOverHttp@3fb81444{s=HttpChannelState@58216778{s=IDLE rs=BLOCKING os=OPEN is=IDLE awp=false se=false i=true al=0},r=0,c=false/false,a=IDLE,uri=null,age=0} -> DecryptedEndPoint@20f8e13d{l=/127.0.0.1:44051,r=/127.0.0.1:33258,OPEN,fill=-,flush=-,to=0/30000},null,HttpChannelState@58216778{s=IDLE rs=BLOCKING os=OPEN is=IDLE awp=false se=false i=true al=0}
03:43:12.680 [qtp399373008-57] DEBUG org.eclipse.jetty.server.HttpConnection - New HTTP Connection HttpConnection@441369af::DecryptedEndPoint@20f8e13d{l=/127.0.0.1:44051,r=/127.0.0.1:33258,OPEN,fill=-,flush=-,to=0/30000}
03:43:12.680 [qtp399373008-57] DEBUG org.eclipse.jetty.io.ManagedSelector - Queued change lazy=true org.eclipse.jetty.io.ManagedSelector$$Lambda$258/445561681@3bf64f5d on ManagedSelector@7bb6ab3a{STARTED} id=3 keys=1 selected=0 updates=0
03:43:12.680 [qtp399373008-57] DEBUG org.eclipse.jetty.io.AbstractEndPoint - onOpen SocketChannelEndPoint@6e02d47d{l=/127.0.0.1:44051,r=/127.0.0.1:33258,OPEN,fill=-,flush=-,to=0/30000}{io=0/0,kio=0,kro=0}->SslConnection@683fe5fc{NOT_HANDSHAKING,eio=-1/-1,di=-1,fill=IDLE,flush=IDLE}~>DecryptedEndPoint@20f8e13d{l=/127.0.0.1:44051,r=/127.0.0.1:33258,OPEN,fill=-,flush=-,to=0/30000}=>HttpConnection@441369af[p=HttpParser{s=START,0 of -1},g=HttpGenerator@fa910cf{s=START}]=>HttpChannelOverHttp@3fb81444{s=HttpChannelState@58216778{s=IDLE rs=BLOCKING os=OPEN is=IDLE awp=false se=false i=true al=0},r=0,c=false/false,a=IDLE,uri=null,age=0}
03:43:12.680 [qtp399373008-57] DEBUG org.eclipse.jetty.io.AbstractConnection - onOpen SslConnection@683fe5fc::SocketChannelEndPoint@6e02d47d{l=/127.0.0.1:44051,r=/127.0.0.1:33258,OPEN,fill=-,flush=-,to=0/30000}{io=0/0,kio=0,kro=0}->SslConnection@683fe5fc{NOT_HANDSHAKING,eio=-1/-1,di=-1,fill=IDLE,flush=IDLE}~>DecryptedEndPoint@20f8e13d{l=/127.0.0.1:44051,r=/127.0.0.1:33258,OPEN,fill=-,flush=-,to=0/30000}=>HttpConnection@441369af[p=HttpParser{s=START,0 of -1},g=HttpGenerator@fa910cf{s=START}]=>HttpChannelOverHttp@3fb81444{s=HttpChannelState@58216778{s=IDLE rs=BLOCKING os=OPEN is=IDLE awp=false se=false i=true al=0},r=0,c=false/false,a=IDLE,uri=null,age=0}
03:43:12.680 [qtp399373008-57] DEBUG org.eclipse.jetty.io.AbstractConnection - onOpen HttpConnection@441369af::DecryptedEndPoint@20f8e13d{l=/127.0.0.1:44051,r=/127.0.0.1:33258,OPEN,fill=-,flush=-,to=0/30000}
03:43:12.680 [qtp399373008-57] DEBUG org.eclipse.jetty.io.AbstractConnection - fillInterested HttpConnection@441369af::DecryptedEndPoint@20f8e13d{l=/127.0.0.1:44051,r=/127.0.0.1:33258,OPEN,fill=-,flush=-,to=0/30000}
03:43:12.680 [qtp399373008-57] DEBUG org.eclipse.jetty.io.FillInterest - interested FillInterest@50285e84{AC.ReadCB@441369af{HttpConnection@441369af::DecryptedEndPoint@20f8e13d{l=/127.0.0.1:44051,r=/127.0.0.1:33258,OPEN,fill=FI,flush=-,to=0/30000}}}
03:43:12.680 [qtp399373008-57] DEBUG org.eclipse.jetty.io.ssl.SslConnection - >needFillInterest s=IDLE/IDLE uf=false ei=null di=null SslConnection@683fe5fc::SocketChannelEndPoint@6e02d47d{l=/127.0.0.1:44051,r=/127.0.0.1:33258,OPEN,fill=-,flush=-,to=0/30000}{io=0/0,kio=0,kro=0}->SslConnection@683fe5fc{NOT_HANDSHAKING,eio=-1/-1,di=-1,fill=IDLE,flush=IDLE}~>DecryptedEndPoint@20f8e13d{l=/127.0.0.1:44051,r=/127.0.0.1:33258,OPEN,fill=FI,flush=-,to=0/30000}=>HttpConnection@441369af[p=HttpParser{s=START,0 of -1},g=HttpGenerator@fa910cf{s=START}]=>HttpChannelOverHttp@3fb81444{s=HttpChannelState@58216778{s=IDLE rs=BLOCKING os=OPEN is=IDLE awp=false se=false i=true al=0},r=0,c=false/false,a=IDLE,uri=null,age=0}
03:43:12.680 [qtp399373008-57] DEBUG org.eclipse.jetty.io.ssl.SslConnection - <needFillInterest s=IDLE/INTERESTED f=false i=true w=null
03:43:12.680 [qtp399373008-57] DEBUG org.eclipse.jetty.io.ssl.SslConnection - ensureFillInterested SslConnection@683fe5fc::SocketChannelEndPoint@6e02d47d{l=/127.0.0.1:44051,r=/127.0.0.1:33258,OPEN,fill=-,flush=-,to=0/30000}{io=0/0,kio=0,kro=0}->SslConnection@683fe5fc{NOT_HANDSHAKING,eio=-1/-1,di=-1,fill=INTERESTED,flush=IDLE}~>DecryptedEndPoint@20f8e13d{l=/127.0.0.1:44051,r=/127.0.0.1:33258,OPEN,fill=FI,flush=-,to=0/30000}=>HttpConnection@441369af[p=HttpParser{s=START,0 of -1},g=HttpGenerator@fa910cf{s=START}]=>HttpChannelOverHttp@3fb81444{s=HttpChannelState@58216778{s=IDLE rs=BLOCKING os=OPEN is=IDLE awp=false se=false i=true al=0},r=0,c=false/false,a=IDLE,uri=null,age=0}
03:43:12.681 [qtp399373008-57] DEBUG org.eclipse.jetty.io.FillInterest - interested FillInterest@59ad6f7b{SSLC.NBReadCB@683fe5fc{SslConnection@683fe5fc::SocketChannelEndPoint@6e02d47d{l=/127.0.0.1:44051,r=/127.0.0.1:33258,OPEN,fill=FI,flush=-,to=0/30000}{io=0/0,kio=0,kro=0}->SslConnection@683fe5fc{NOT_HANDSHAKING,eio=-1/-1,di=-1,fill=INTERESTED,flush=IDLE}~>DecryptedEndPoint@20f8e13d{l=/127.0.0.1:44051,r=/127.0.0.1:33258,OPEN,fill=FI,flush=-,to=0/30000}=>HttpConnection@441369af[p=HttpParser{s=START,0 of -1},g=HttpGenerator@fa910cf{s=START}]=>HttpChannelOverHttp@3fb81444{s=HttpChannelState@58216778{s=IDLE rs=BLOCKING os=OPEN is=IDLE awp=false se=false i=true al=0},r=0,c=false/false,a=IDLE,uri=null,age=0}}}
03:43:12.681 [qtp399373008-57] DEBUG org.eclipse.jetty.io.ChannelEndPoint - changeInterests p=false 0->1 for SocketChannelEndPoint@6e02d47d{l=/127.0.0.1:44051,r=/127.0.0.1:33258,OPEN,fill=FI,flush=-,to=0/30000}{io=0/1,kio=0,kro=0}->SslConnection@683fe5fc{NOT_HANDSHAKING,eio=-1/-1,di=-1,fill=INTERESTED,flush=IDLE}~>DecryptedEndPoint@20f8e13d{l=/127.0.0.1:44051,r=/127.0.0.1:33258,OPEN,fill=FI,flush=-,to=0/30000}=>HttpConnection@441369af[p=HttpParser{s=START,0 of -1},g=HttpGenerator@fa910cf{s=START}]=>HttpChannelOverHttp@3fb81444{s=HttpChannelState@58216778{s=IDLE rs=BLOCKING os=OPEN is=IDLE awp=false se=false i=true al=0},r=0,c=false/false,a=IDLE,uri=null,age=0}
03:43:12.681 [qtp399373008-57] DEBUG org.eclipse.jetty.io.ManagedSelector - Queued change lazy=false org.eclipse.jetty.io.ChannelEndPoint$$Lambda$255/90666987@4e2a61b7 on ManagedSelector@7bb6ab3a{STARTED} id=3 keys=1 selected=0 updates=1
03:43:12.681 [qtp399373008-57] DEBUG org.eclipse.jetty.io.ManagedSelector - Wakeup on submit ManagedSelector@7bb6ab3a{STARTED} id=3 keys=1 selected=0 updates=2
03:43:12.681 [qtp399373008-58] DEBUG org.eclipse.jetty.io.ManagedSelector - Selector sun.nio.ch.EPollSelectorImpl@6d031e6b woken with none selected
03:43:12.681 [qtp399373008-58] DEBUG org.eclipse.jetty.io.ManagedSelector - Selector sun.nio.ch.EPollSelectorImpl@6d031e6b woken up from select, 0/0/1 selected
03:43:12.681 [qtp399373008-58] DEBUG org.eclipse.jetty.io.ManagedSelector - Selector sun.nio.ch.EPollSelectorImpl@6d031e6b processing 0 keys, 2 updates
03:43:12.681 [qtp399373008-58] DEBUG org.eclipse.jetty.io.ManagedSelector - updateable 2
03:43:12.681 [qtp399373008-58] DEBUG org.eclipse.jetty.io.ManagedSelector - update org.eclipse.jetty.io.ManagedSelector$$Lambda$258/445561681@3bf64f5d
03:43:12.681 [qtp399373008-57] DEBUG org.eclipse.jetty.io.ManagedSelector - Created SocketChannelEndPoint@6e02d47d{l=/127.0.0.1:44051,r=/127.0.0.1:33258,OPEN,fill=FI,flush=-,to=0/30000}{io=0/1,kio=0,kro=0}->SslConnection@683fe5fc{NOT_HANDSHAKING,eio=-1/-1,di=-1,fill=INTERESTED,flush=IDLE}~>DecryptedEndPoint@20f8e13d{l=/127.0.0.1:44051,r=/127.0.0.1:33258,OPEN,fill=FI,flush=-,to=0/30000}=>HttpConnection@441369af[p=HttpParser{s=START,0 of -1},g=HttpGenerator@fa910cf{s=START}]=>HttpChannelOverHttp@3fb81444{s=HttpChannelState@58216778{s=IDLE rs=BLOCKING os=OPEN is=IDLE awp=false se=false i=true al=0},r=0,c=false/false,a=IDLE,uri=null,age=0}
03:43:12.681 [qtp399373008-58] DEBUG org.eclipse.jetty.io.ManagedSelector - update org.eclipse.jetty.io.ChannelEndPoint$$Lambda$255/90666987@4e2a61b7
03:43:12.681 [qtp399373008-57] DEBUG org.eclipse.jetty.util.thread.QueuedThreadPool - ran Accept@2e8614f2[java.nio.channels.SocketChannel[connected local=/127.0.0.1:44051 remote=/127.0.0.1:33258]] in QueuedThreadPool[qtp399373008]@17cdf2d0{STARTED,8<=8<=200,i=0,r=-1,q=0}[ReservedThreadExecutor@424fd310{reserved=2/8,pending=0}]
03:43:12.681 [qtp399373008-58] DEBUG org.eclipse.jetty.io.ChannelEndPoint - Key interests updated 0 -> 1 on SocketChannelEndPoint@6e02d47d{l=/127.0.0.1:44051,r=/127.0.0.1:33258,OPEN,fill=FI,flush=-,to=0/30000}{io=1/1,kio=1,kro=0}->SslConnection@683fe5fc{NOT_HANDSHAKING,eio=-1/-1,di=-1,fill=INTERESTED,flush=IDLE}~>DecryptedEndPoint@20f8e13d{l=/127.0.0.1:44051,r=/127.0.0.1:33258,OPEN,fill=FI,flush=-,to=0/30000}=>HttpConnection@441369af[p=HttpParser{s=START,0 of -1},g=HttpGenerator@fa910cf{s=START}]=>HttpChannelOverHttp@3fb81444{s=HttpChannelState@58216778{s=IDLE rs=BLOCKING os=OPEN is=IDLE awp=false se=false i=true al=0},r=0,c=false/false,a=IDLE,uri=null,age=0}
03:43:12.681 [qtp399373008-58] DEBUG org.eclipse.jetty.io.ManagedSelector - updates 0
03:43:12.681 [qtp399373008-58] DEBUG org.eclipse.jetty.io.ManagedSelector - Selector sun.nio.ch.EPollSelectorImpl@6d031e6b waiting with 1 keys
03:43:12.681 [qtp399373008-58] DEBUG org.eclipse.jetty.io.ManagedSelector - Selector sun.nio.ch.EPollSelectorImpl@6d031e6b woken up from select, 1/1/1 selected
03:43:12.681 [qtp399373008-58] DEBUG org.eclipse.jetty.io.ManagedSelector - Selector sun.nio.ch.EPollSelectorImpl@6d031e6b processing 1 keys, 0 updates
03:43:12.682 [qtp399373008-58] DEBUG org.eclipse.jetty.io.ManagedSelector - selected 1 sun.nio.ch.SelectionKeyImpl@63c4fdbb SocketChannelEndPoint@6e02d47d{l=/127.0.0.1:44051,r=/127.0.0.1:33258,OPEN,fill=FI,flush=-,to=0/30000}{io=1/1,kio=1,kro=1}->SslConnection@683fe5fc{NOT_HANDSHAKING,eio=-1/-1,di=-1,fill=INTERESTED,flush=IDLE}~>DecryptedEndPoint@20f8e13d{l=/127.0.0.1:44051,r=/127.0.0.1:33258,OPEN,fill=FI,flush=-,to=1/30000}=>HttpConnection@441369af[p=HttpParser{s=START,0 of -1},g=HttpGenerator@fa910cf{s=START}]=>HttpChannelOverHttp@3fb81444{s=HttpChannelState@58216778{s=IDLE rs=BLOCKING os=OPEN is=IDLE awp=false se=false i=true al=0},r=0,c=false/false,a=IDLE,uri=null,age=0} 
03:43:12.682 [qtp399373008-58] DEBUG org.eclipse.jetty.io.ChannelEndPoint - onSelected 1->0 r=true w=false for SocketChannelEndPoint@6e02d47d{l=/127.0.0.1:44051,r=/127.0.0.1:33258,OPEN,fill=FI,flush=-,to=1/30000}{io=1/0,kio=1,kro=1}->SslConnection@683fe5fc{NOT_HANDSHAKING,eio=-1/-1,di=-1,fill=INTERESTED,flush=IDLE}~>DecryptedEndPoint@20f8e13d{l=/127.0.0.1:44051,r=/127.0.0.1:33258,OPEN,fill=FI,flush=-,to=1/30000}=>HttpConnection@441369af[p=HttpParser{s=START,0 of -1},g=HttpGenerator@fa910cf{s=START}]=>HttpChannelOverHttp@3fb81444{s=HttpChannelState@58216778{s=IDLE rs=BLOCKING os=OPEN is=IDLE awp=false se=false i=true al=0},r=0,c=false/false,a=IDLE,uri=null,age=0}
03:43:12.682 [qtp399373008-58] DEBUG org.eclipse.jetty.io.ChannelEndPoint - task CEP:SocketChannelEndPoint@6e02d47d{l=/127.0.0.1:44051,r=/127.0.0.1:33258,OPEN,fill=FI,flush=-,to=1/30000}{io=1/0,kio=1,kro=1}->SslConnection@683fe5fc{NOT_HANDSHAKING,eio=-1/-1,di=-1,fill=INTERESTED,flush=IDLE}~>DecryptedEndPoint@20f8e13d{l=/127.0.0.1:44051,r=/127.0.0.1:33258,OPEN,fill=FI,flush=-,to=1/30000}=>HttpConnection@441369af[p=HttpParser{s=START,0 of -1},g=HttpGenerator@fa910cf{s=START}]=>HttpChannelOverHttp@3fb81444{s=HttpChannelState@58216778{s=IDLE rs=BLOCKING os=OPEN is=IDLE awp=false se=false i=true al=0},r=0,c=false/false,a=IDLE,uri=null,age=0}:runFillable:BLOCKING
03:43:12.682 [qtp399373008-58] DEBUG org.eclipse.jetty.util.thread.ReservedThreadExecutor - ReservedThreadExecutor@424fd310{reserved=2/8,pending=0} tryExecute EatWhatYouKill@f478a81/SelectorProducer@19553973/PRODUCING/p=false/QueuedThreadPool[qtp399373008]@17cdf2d0{STARTED,8<=8<=200,i=1,r=-1,q=0}[ReservedThreadExecutor@424fd310{reserved=2/8,pending=0}][pc=0,pic=0,pec=0,epc=0]@2024-05-02T03:43:12.682+01:00
03:43:12.682 [qtp399373008-61] DEBUG org.eclipse.jetty.util.thread.ReservedThreadExecutor - ReservedThread@681717c1{RESERVED,thread=Thread[qtp399373008-61,5,main]} task=EatWhatYouKill@f478a81/SelectorProducer@19553973/IDLE/p=true/QueuedThreadPool[qtp399373008]@17cdf2d0{STARTED,8<=8<=200,i=1,r=-1,q=0}[ReservedThreadExecutor@424fd310{reserved=1/8,pending=0}][pc=0,pic=0,pec=0,epc=0]@2024-05-02T03:43:12.682+01:00 ReservedThreadExecutor@424fd310{reserved=1/8,pending=0}
03:43:12.682 [qtp399373008-58] DEBUG org.eclipse.jetty.util.thread.strategy.EatWhatYouKill - EatWhatYouKill@f478a81/SelectorProducer@19553973/IDLE/p=true/QueuedThreadPool[qtp399373008]@17cdf2d0{STARTED,8<=8<=200,i=1,r=-1,q=0}[ReservedThreadExecutor@424fd310{reserved=1/8,pending=0}][pc=0,pic=0,pec=0,epc=0]@2024-05-02T03:43:12.682+01:00 m=EXECUTE_PRODUCE_CONSUME t=CEP:SocketChannelEndPoint@6e02d47d{l=/127.0.0.1:44051,r=/127.0.0.1:33258,OPEN,fill=FI,flush=-,to=1/30000}{io=1/0,kio=1,kro=1}->SslConnection@683fe5fc{NOT_HANDSHAKING,eio=-1/-1,di=-1,fill=INTERESTED,flush=IDLE}~>DecryptedEndPoint@20f8e13d{l=/127.0.0.1:44051,r=/127.0.0.1:33258,OPEN,fill=FI,flush=-,to=1/30000}=>HttpConnection@441369af[p=HttpParser{s=START,0 of -1},g=HttpGenerator@fa910cf{s=START}]=>HttpChannelOverHttp@3fb81444{s=HttpChannelState@58216778{s=IDLE rs=BLOCKING os=OPEN is=IDLE awp=false se=false i=true al=0},r=0,c=false/false,a=IDLE,uri=null,age=0}:runFillable:BLOCKING/BLOCKING
03:43:12.682 [qtp399373008-61] DEBUG org.eclipse.jetty.util.thread.strategy.EatWhatYouKill - EatWhatYouKill@f478a81/SelectorProducer@19553973/IDLE/p=true/QueuedThreadPool[qtp399373008]@17cdf2d0{STARTED,8<=8<=200,i=1,r=-1,q=0}[ReservedThreadExecutor@424fd310{reserved=1/8,pending=0}][pc=0,pic=0,pec=0,epc=0]@2024-05-02T03:43:12.682+01:00 tryProduce true
03:43:12.682 [qtp399373008-61] DEBUG org.eclipse.jetty.io.ManagedSelector - updateable 0
03:43:12.682 [qtp399373008-61] DEBUG org.eclipse.jetty.io.ManagedSelector - updates 0
03:43:12.682 [qtp399373008-58] DEBUG org.eclipse.jetty.io.FillInterest - fillable FillInterest@59ad6f7b{SSLC.NBReadCB@683fe5fc{SslConnection@683fe5fc::SocketChannelEndPoint@6e02d47d{l=/127.0.0.1:44051,r=/127.0.0.1:33258,OPEN,fill=FI,flush=-,to=1/30000}{io=1/0,kio=1,kro=1}->SslConnection@683fe5fc{NOT_HANDSHAKING,eio=-1/-1,di=-1,fill=INTERESTED,flush=IDLE}~>DecryptedEndPoint@20f8e13d{l=/127.0.0.1:44051,r=/127.0.0.1:33258,OPEN,fill=FI,flush=-,to=1/30000}=>HttpConnection@441369af[p=HttpParser{s=START,0 of -1},g=HttpGenerator@fa910cf{s=START}]=>HttpChannelOverHttp@3fb81444{s=HttpChannelState@58216778{s=IDLE rs=BLOCKING os=OPEN is=IDLE awp=false se=false i=true al=0},r=0,c=false/false,a=IDLE,uri=null,age=0}}}
03:43:12.682 [qtp399373008-58] DEBUG org.eclipse.jetty.io.ssl.SslConnection - >c.onFillable SslConnection@683fe5fc::SocketChannelEndPoint@6e02d47d{l=/127.0.0.1:44051,r=/127.0.0.1:33258,OPEN,fill=-,flush=-,to=1/30000}{io=0/0,kio=0,kro=1}->SslConnection@683fe5fc{NOT_HANDSHAKING,eio=-1/-1,di=-1,fill=INTERESTED,flush=IDLE}~>DecryptedEndPoint@20f8e13d{l=/127.0.0.1:44051,r=/127.0.0.1:33258,OPEN,fill=FI,flush=-,to=2/30000}=>HttpConnection@441369af[p=HttpParser{s=START,0 of -1},g=HttpGenerator@fa910cf{s=START}]=>HttpChannelOverHttp@3fb81444{s=HttpChannelState@58216778{s=IDLE rs=BLOCKING os=OPEN is=IDLE awp=false se=false i=true al=0},r=0,c=false/false,a=IDLE,uri=null,age=0}
03:43:12.682 [qtp399373008-61] DEBUG org.eclipse.jetty.io.ChannelEndPoint - Key interests updated 1 -> 0 on SocketChannelEndPoint@6e02d47d{l=/127.0.0.1:44051,r=/127.0.0.1:33258,OPEN,fill=-,flush=-,to=1/30000}{io=0/0,kio=0,kro=1}->SslConnection@683fe5fc{NOT_HANDSHAKING,eio=-1/-1,di=-1,fill=INTERESTED,flush=IDLE}~>DecryptedEndPoint@20f8e13d{l=/127.0.0.1:44051,r=/127.0.0.1:33258,OPEN,fill=FI,flush=-,to=2/30000}=>HttpConnection@441369af[p=HttpParser{s=START,0 of -1},g=HttpGenerator@fa910cf{s=START}]=>HttpChannelOverHttp@3fb81444{s=HttpChannelState@58216778{s=IDLE rs=BLOCKING os=OPEN is=IDLE awp=false se=false i=true al=0},r=0,c=false/false,a=IDLE,uri=null,age=0}
03:43:12.682 [qtp399373008-61] DEBUG org.eclipse.jetty.io.ManagedSelector - Selector sun.nio.ch.EPollSelectorImpl@6d031e6b waiting with 1 keys
03:43:12.683 [qtp399373008-58] DEBUG org.eclipse.jetty.io.ssl.SslConnection - onFillable SslConnection@683fe5fc::SocketChannelEndPoint@6e02d47d{l=/127.0.0.1:44051,r=/127.0.0.1:33258,OPEN,fill=-,flush=-,to=1/30000}{io=0/0,kio=0,kro=1}->SslConnection@683fe5fc{NOT_HANDSHAKING,eio=-1/-1,di=-1,fill=INTERESTED,flush=IDLE}~>DecryptedEndPoint@20f8e13d{l=/127.0.0.1:44051,r=/127.0.0.1:33258,OPEN,fill=FI,flush=-,to=2/30000}=>HttpConnection@441369af[p=HttpParser{s=START,0 of -1},g=HttpGenerator@fa910cf{s=START}]=>HttpChannelOverHttp@3fb81444{s=HttpChannelState@58216778{s=IDLE rs=BLOCKING os=OPEN is=IDLE awp=false se=false i=true al=0},r=0,c=false/false,a=IDLE,uri=null,age=0}
03:43:12.683 [qtp399373008-58] DEBUG org.eclipse.jetty.io.FillInterest - fillable FillInterest@50285e84{AC.ReadCB@441369af{HttpConnection@441369af::DecryptedEndPoint@20f8e13d{l=/127.0.0.1:44051,r=/127.0.0.1:33258,OPEN,fill=FI,flush=-,to=2/30000}}}
03:43:12.683 [qtp399373008-58] DEBUG org.eclipse.jetty.server.HttpConnection - HttpConnection@441369af::DecryptedEndPoint@20f8e13d{l=/127.0.0.1:44051,r=/127.0.0.1:33258,OPEN,fill=-,flush=-,to=2/30000} onFillable enter HttpChannelState@58216778{s=IDLE rs=BLOCKING os=OPEN is=IDLE awp=false se=false i=true al=0} null
03:43:12.683 [qtp399373008-58] DEBUG org.eclipse.jetty.io.ssl.SslConnection - >fill SslConnection@683fe5fc::SocketChannelEndPoint@6e02d47d{l=/127.0.0.1:44051,r=/127.0.0.1:33258,OPEN,fill=-,flush=-,to=2/30000}{io=0/0,kio=0,kro=1}->SslConnection@683fe5fc{NOT_HANDSHAKING,eio=-1/-1,di=-1,fill=IDLE,flush=IDLE}~>DecryptedEndPoint@20f8e13d{l=/127.0.0.1:44051,r=/127.0.0.1:33258,OPEN,fill=-,flush=-,to=2/30000}=>HttpConnection@441369af[p=HttpParser{s=START,0 of -1},g=HttpGenerator@fa910cf{s=START}]=>HttpChannelOverHttp@3fb81444{s=HttpChannelState@58216778{s=IDLE rs=BLOCKING os=OPEN is=IDLE awp=false se=false i=true al=0},r=0,c=false/false,a=IDLE,uri=null,age=0}
03:43:12.683 [qtp399373008-58] DEBUG org.eclipse.jetty.io.ssl.SslConnection - fill NOT_HANDSHAKING
03:43:12.683 [qtp399373008-58] DEBUG org.eclipse.jetty.io.ChannelEndPoint - filled 339 HeapByteBuffer@76afdda5[p=0,l=339,c=17408,r=339]={<<<\x16\x03\x03\x01N\x01\x00\x01J\x03\x03q\r\x92\xC1n4}\xE3\xAe\xF3w\xE3\xF1=...\xB0\x1fu\x83w\xEe\x17Z\xC1\xF7\xB4\t\xAca\xB1\x80\xBbv\xFf\x01\x00\x01\x00>>>\xF9\xFb}{\xC0\xFag\xC6G...\x00\x00\x00\x00\x00\x00\x00}
03:43:12.683 [qtp399373008-58] DEBUG org.eclipse.jetty.io.ssl.SslConnection - net filled=339
03:43:12.683 [qtp399373008-58] DEBUG org.eclipse.jetty.io.ssl.SslConnection - fill starting handshake SslConnection@683fe5fc::SocketChannelEndPoint@6e02d47d{l=/127.0.0.1:44051,r=/127.0.0.1:33258,OPEN,fill=-,flush=-,to=0/30000}{io=0/0,kio=0,kro=1}->SslConnection@683fe5fc{NOT_HANDSHAKING,eio=339/-1,di=-1,fill=IDLE,flush=IDLE}~>DecryptedEndPoint@20f8e13d{l=/127.0.0.1:44051,r=/127.0.0.1:33258,OPEN,fill=-,flush=-,to=3/30000}=>HttpConnection@441369af[p=HttpParser{s=START,0 of -1},g=HttpGenerator@fa910cf{s=START}]=>HttpChannelOverHttp@3fb81444{s=HttpChannelState@58216778{s=IDLE rs=BLOCKING os=OPEN is=IDLE awp=false se=false i=true al=0},r=0,c=false/false,a=IDLE,uri=null,age=0}
03:43:12.684 [qtp399373008-58] DEBUG org.eclipse.jetty.io.ssl.SslConnection - unwrap net_filled=339 Status = OK HandshakeStatus = NEED_TASK bytesConsumed = 339 bytesProduced = 0 encryptedBuffer=[p=339,l=339,c=17408,r=0] unwrapBuffer=HeapByteBuffer@78682cd8[p=0,l=0,c=17408,r=0]={<<<>>>\x17\x03\x03\x03\xAd\x0b\x00\x03\x88...\x00\x00\x00\x00\x00\x00\x00} appBuffer=HeapByteBuffer@78682cd8[p=0,l=0,c=17408,r=0]={<<<>>>\x17\x03\x03\x03\xAd\x0b\x00\x03\x88...\x00\x00\x00\x00\x00\x00\x00}
03:43:12.684 [qtp399373008-58] DEBUG org.eclipse.jetty.io.ssl.SslConnection - fill NEED_TASK
03:43:12.690 [qtp399373008-58] DEBUG org.eclipse.jetty.io.ssl.SslConnection - fill NEED_WRAP
03:43:12.691 [qtp399373008-58] DEBUG org.eclipse.jetty.io.ssl.SslConnection - >flush SslConnection@683fe5fc::SocketChannelEndPoint@6e02d47d{l=/127.0.0.1:44051,r=/127.0.0.1:33258,OPEN,fill=-,flush=-,to=7/30000}{io=0/0,kio=0,kro=1}->SslConnection@683fe5fc{NEED_WRAP,eio=0/-1,di=-1,fill=IDLE,flush=IDLE}~>DecryptedEndPoint@20f8e13d{l=/127.0.0.1:44051,r=/127.0.0.1:33258,OPEN,fill=-,flush=-,to=10/30000}=>HttpConnection@441369af[p=HttpParser{s=START,0 of -1},g=HttpGenerator@fa910cf{s=START}]=>HttpChannelOverHttp@3fb81444{s=HttpChannelState@58216778{s=IDLE rs=BLOCKING os=OPEN is=IDLE awp=false se=false i=true al=0},r=0,c=false/false,a=IDLE,uri=null,age=0}
03:43:12.691 [qtp399373008-58] DEBUG org.eclipse.jetty.io.ssl.SslConnection - flush b[0]=HeapByteBuffer@1ad43aa3[p=0,l=0,c=0,r=0]={<<<>>>}
03:43:12.691 [qtp399373008-58] DEBUG org.eclipse.jetty.io.ssl.SslConnection - flush NEED_WRAP
03:43:12.691 [qtp399373008-58] DEBUG org.eclipse.jetty.io.ssl.SslConnection - wrap Status = OK HandshakeStatus = NEED_WRAP bytesConsumed = 0 bytesProduced = 160 [p=0,l=160,c=17408,r=160] ioDone=false/false
03:43:12.691 [qtp399373008-58] DEBUG org.eclipse.jetty.io.ChannelEndPoint - flushed 160 SocketChannelEndPoint@6e02d47d{l=/127.0.0.1:44051,r=/127.0.0.1:33258,OPEN,fill=-,flush=-,to=7/30000}{io=0/0,kio=0,kro=1}->SslConnection@683fe5fc{NEED_WRAP,eio=0/0,di=-1,fill=IDLE,flush=IDLE}~>DecryptedEndPoint@20f8e13d{l=/127.0.0.1:44051,r=/127.0.0.1:33258,OPEN,fill=-,flush=-,to=10/30000}=>HttpConnection@441369af[p=HttpParser{s=START,0 of -1},g=HttpGenerator@fa910cf{s=START}]=>HttpChannelOverHttp@3fb81444{s=HttpChannelState@58216778{s=IDLE rs=BLOCKING os=OPEN is=IDLE awp=false se=false i=true al=0},r=0,c=false/false,a=IDLE,uri=null,age=0}
03:43:12.691 [qtp399373008-58] DEBUG org.eclipse.jetty.io.ssl.SslConnection - net flushed=true, ac=true
03:43:12.691 [qtp399373008-58] DEBUG org.eclipse.jetty.io.ssl.SslConnection - flush NEED_WRAP
03:43:12.691 [qtp399373008-58] DEBUG org.eclipse.jetty.io.ssl.SslConnection - wrap Status = OK HandshakeStatus = NEED_WRAP bytesConsumed = 0 bytesProduced = 6 [p=0,l=6,c=17408,r=6] ioDone=false/false
03:43:12.691 [qtp399373008-58] DEBUG org.eclipse.jetty.io.ChannelEndPoint - flushed 6 SocketChannelEndPoint@6e02d47d{l=/127.0.0.1:44051,r=/127.0.0.1:33258,OPEN,fill=-,flush=-,to=0/30000}{io=0/0,kio=0,kro=1}->SslConnection@683fe5fc{NEED_WRAP,eio=0/0,di=-1,fill=IDLE,flush=IDLE}~>DecryptedEndPoint@20f8e13d{l=/127.0.0.1:44051,r=/127.0.0.1:33258,OPEN,fill=-,flush=-,to=10/30000}=>HttpConnection@441369af[p=HttpParser{s=START,0 of -1},g=HttpGenerator@fa910cf{s=START}]=>HttpChannelOverHttp@3fb81444{s=HttpChannelState@58216778{s=IDLE rs=BLOCKING os=OPEN is=IDLE awp=false se=false i=true al=0},r=0,c=false/false,a=IDLE,uri=null,age=0}
03:43:12.691 [qtp399373008-58] DEBUG org.eclipse.jetty.io.ssl.SslConnection - net flushed=true, ac=true
03:43:12.691 [qtp399373008-58] DEBUG org.eclipse.jetty.io.ssl.SslConnection - flush NEED_WRAP
03:43:12.691 [qtp399373008-58] DEBUG org.eclipse.jetty.io.ssl.SslConnection - wrap Status = OK HandshakeStatus = NEED_UNWRAP bytesConsumed = 0 bytesProduced = 1597 [p=0,l=1597,c=17408,r=1597] ioDone=false/false
03:43:12.692 [qtp399373008-58] DEBUG org.eclipse.jetty.io.ChannelEndPoint - flushed 1597 SocketChannelEndPoint@6e02d47d{l=/127.0.0.1:44051,r=/127.0.0.1:33258,OPEN,fill=-,flush=-,to=0/30000}{io=0/0,kio=0,kro=1}->SslConnection@683fe5fc{NEED_UNWRAP,eio=0/0,di=-1,fill=IDLE,flush=IDLE}~>DecryptedEndPoint@20f8e13d{l=/127.0.0.1:44051,r=/127.0.0.1:33258,OPEN,fill=-,flush=-,to=11/30000}=>HttpConnection@441369af[p=HttpParser{s=START,0 of -1},g=HttpGenerator@fa910cf{s=START}]=>HttpChannelOverHttp@3fb81444{s=HttpChannelState@58216778{s=IDLE rs=BLOCKING os=OPEN is=IDLE awp=false se=false i=true al=0},r=0,c=false/false,a=IDLE,uri=null,age=0}
03:43:12.692 [qtp399373008-58] DEBUG org.eclipse.jetty.io.ssl.SslConnection - net flushed=true, ac=true
03:43:12.692 [qtp399373008-58] DEBUG org.eclipse.jetty.io.ssl.SslConnection - <flush true SslConnection@683fe5fc::SocketChannelEndPoint@6e02d47d{l=/127.0.0.1:44051,r=/127.0.0.1:33258,OPEN,fill=-,flush=-,to=0/30000}{io=0/0,kio=0,kro=1}->SslConnection@683fe5fc{NEED_UNWRAP,eio=0/-1,di=-1,fill=IDLE,flush=IDLE}~>DecryptedEndPoint@20f8e13d{l=/127.0.0.1:44051,r=/127.0.0.1:33258,OPEN,fill=-,flush=-,to=11/30000}=>HttpConnection@441369af[p=HttpParser{s=START,0 of -1},g=HttpGenerator@fa910cf{s=START}]=>HttpChannelOverHttp@3fb81444{s=HttpChannelState@58216778{s=IDLE rs=BLOCKING os=OPEN is=IDLE awp=false se=false i=true al=0},r=0,c=false/false,a=IDLE,uri=null,age=0}
03:43:12.692 [qtp399373008-58] DEBUG org.eclipse.jetty.io.ssl.SslConnection - fill NEED_UNWRAP
03:43:12.692 [qtp399373008-58] DEBUG org.eclipse.jetty.io.ChannelEndPoint - filled 0 HeapByteBuffer@76afdda5[p=0,l=0,c=17408,r=0]={<<<>>>\x16\x03\x03\x01N\x01\x00\x01J...\x00\x00\x00\x00\x00\x00\x00}
03:43:12.692 [qtp399373008-58] DEBUG org.eclipse.jetty.io.ssl.SslConnection - net filled=0
03:43:12.692 [qtp399373008-58] DEBUG org.eclipse.jetty.io.ssl.SslConnection - unwrap net_filled=0 Status = BUFFER_UNDERFLOW HandshakeStatus = NEED_UNWRAP bytesConsumed = 0 bytesProduced = 0 encryptedBuffer=[p=0,l=0,c=17408,r=0] unwrapBuffer=HeapByteBuffer@78682cd8[p=0,l=0,c=17408,r=0]={<<<>>>\x17\x03\x03\x03\xAd\x0b\x00\x03\x88...\x00\x00\x00\x00\x00\x00\x00} appBuffer=HeapByteBuffer@78682cd8[p=0,l=0,c=17408,r=0]={<<<>>>\x17\x03\x03\x03\xAd\x0b\x00\x03\x88...\x00\x00\x00\x00\x00\x00\x00}
03:43:12.692 [qtp399373008-58] DEBUG org.eclipse.jetty.io.ssl.SslConnection - <fill f=0 uf=true SslConnection@683fe5fc::SocketChannelEndPoint@6e02d47d{l=/127.0.0.1:44051,r=/127.0.0.1:33258,OPEN,fill=-,flush=-,to=0/30000}{io=0/0,kio=0,kro=1}->SslConnection@683fe5fc{NEED_UNWRAP,eio=-1/-1,di=-1,fill=IDLE,flush=IDLE}~>DecryptedEndPoint@20f8e13d{l=/127.0.0.1:44051,r=/127.0.0.1:33258,OPEN,fill=-,flush=-,to=11/30000}=>HttpConnection@441369af[p=HttpParser{s=START,0 of -1},g=HttpGenerator@fa910cf{s=START}]=>HttpChannelOverHttp@3fb81444{s=HttpChannelState@58216778{s=IDLE rs=BLOCKING os=OPEN is=IDLE awp=false se=false i=true al=0},r=0,c=false/false,a=IDLE,uri=null,age=0}
03:43:12.692 [qtp399373008-58] DEBUG org.eclipse.jetty.io.ssl.SslConnection - >fill SslConnection@683fe5fc::SocketChannelEndPoint@6e02d47d{l=/127.0.0.1:44051,r=/127.0.0.1:33258,OPEN,fill=-,flush=-,to=0/30000}{io=0/0,kio=0,kro=1}->SslConnection@683fe5fc{NEED_UNWRAP,eio=-1/-1,di=-1,fill=IDLE,flush=IDLE}~>DecryptedEndPoint@20f8e13d{l=/127.0.0.1:44051,r=/127.0.0.1:33258,OPEN,fill=-,flush=-,to=11/30000}=>HttpConnection@441369af[p=HttpParser{s=START,0 of -1},g=HttpGenerator@fa910cf{s=START}]=>HttpChannelOverHttp@3fb81444{s=HttpChannelState@58216778{s=IDLE rs=BLOCKING os=OPEN is=IDLE awp=false se=false i=true al=0},r=0,c=false/false,a=IDLE,uri=null,age=0}
03:43:12.692 [qtp399373008-58] DEBUG org.eclipse.jetty.io.ssl.SslConnection - fill NEED_UNWRAP
03:43:12.692 [qtp399373008-58] DEBUG org.eclipse.jetty.io.ChannelEndPoint - filled 0 HeapByteBuffer@729047a8[p=0,l=0,c=17408,r=0]={<<<>>>\x17\x03\x03\x068\xF1\x1f\xC4\x9a...\x00\x00\x00\x00\x00\x00\x00}
03:43:12.692 [qtp399373008-58] DEBUG org.eclipse.jetty.io.ssl.SslConnection - net filled=0
03:43:12.692 [qtp399373008-58] DEBUG org.eclipse.jetty.io.ssl.SslConnection - unwrap net_filled=0 Status = BUFFER_UNDERFLOW HandshakeStatus = NEED_UNWRAP bytesConsumed = 0 bytesProduced = 0 encryptedBuffer=[p=0,l=0,c=17408,r=0] unwrapBuffer=HeapByteBuffer@78682cd8[p=0,l=0,c=17408,r=0]={<<<>>>\x17\x03\x03\x03\xAd\x0b\x00\x03\x88...\x00\x00\x00\x00\x00\x00\x00} appBuffer=HeapByteBuffer@78682cd8[p=0,l=0,c=17408,r=0]={<<<>>>\x17\x03\x03\x03\xAd\x0b\x00\x03\x88...\x00\x00\x00\x00\x00\x00\x00}
03:43:12.692 [qtp399373008-58] DEBUG org.eclipse.jetty.io.ssl.SslConnection - <fill f=0 uf=true SslConnection@683fe5fc::SocketChannelEndPoint@6e02d47d{l=/127.0.0.1:44051,r=/127.0.0.1:33258,OPEN,fill=-,flush=-,to=0/30000}{io=0/0,kio=0,kro=1}->SslConnection@683fe5fc{NEED_UNWRAP,eio=-1/-1,di=-1,fill=IDLE,flush=IDLE}~>DecryptedEndPoint@20f8e13d{l=/127.0.0.1:44051,r=/127.0.0.1:33258,OPEN,fill=-,flush=-,to=11/30000}=>HttpConnection@441369af[p=HttpParser{s=START,0 of -1},g=HttpGenerator@fa910cf{s=START}]=>HttpChannelOverHttp@3fb81444{s=HttpChannelState@58216778{s=IDLE rs=BLOCKING os=OPEN is=IDLE awp=false se=false i=true al=0},r=0,c=false/false,a=IDLE,uri=null,age=0}
03:43:12.692 [qtp399373008-58] DEBUG org.eclipse.jetty.server.HttpConnection - HttpConnection@441369af::DecryptedEndPoint@20f8e13d{l=/127.0.0.1:44051,r=/127.0.0.1:33258,OPEN,fill=-,flush=-,to=11/30000} filled 0 HeapByteBuffer@78682cd8[p=0,l=0,c=17408,r=0]={<<<>>>\x17\x03\x03\x03\xAd\x0b\x00\x03\x88...\x00\x00\x00\x00\x00\x00\x00}
03:43:12.692 [qtp399373008-58] DEBUG org.eclipse.jetty.server.HttpConnection - HttpConnection@441369af::DecryptedEndPoint@20f8e13d{l=/127.0.0.1:44051,r=/127.0.0.1:33258,OPEN,fill=-,flush=-,to=11/30000} parse HeapByteBuffer@78682cd8[p=0,l=0,c=17408,r=0]={<<<>>>\x17\x03\x03\x03\xAd\x0b\x00\x03\x88...\x00\x00\x00\x00\x00\x00\x00} {}
03:43:12.692 [qtp399373008-58] DEBUG org.eclipse.jetty.http.HttpParser - parseNext s=START HeapByteBuffer@78682cd8[p=0,l=0,c=17408,r=0]={<<<>>>\x17\x03\x03\x03\xAd\x0b\x00\x03\x88...\x00\x00\x00\x00\x00\x00\x00}
03:43:12.692 [qtp399373008-58] DEBUG org.eclipse.jetty.server.HttpConnection - HttpConnection@441369af::DecryptedEndPoint@20f8e13d{l=/127.0.0.1:44051,r=/127.0.0.1:33258,OPEN,fill=-,flush=-,to=12/30000} parsed false HttpParser{s=START,0 of -1}
03:43:12.692 [qtp399373008-58] DEBUG org.eclipse.jetty.server.HttpConnection - releaseRequestBuffer HttpConnection@441369af::DecryptedEndPoint@20f8e13d{l=/127.0.0.1:44051,r=/127.0.0.1:33258,OPEN,fill=-,flush=-,to=12/30000}
03:43:12.692 [qtp399373008-58] DEBUG org.eclipse.jetty.io.AbstractConnection - fillInterested HttpConnection@441369af::DecryptedEndPoint@20f8e13d{l=/127.0.0.1:44051,r=/127.0.0.1:33258,OPEN,fill=-,flush=-,to=12/30000}
03:43:12.692 [qtp399373008-58] DEBUG org.eclipse.jetty.io.FillInterest - interested FillInterest@50285e84{AC.ReadCB@441369af{HttpConnection@441369af::DecryptedEndPoint@20f8e13d{l=/127.0.0.1:44051,r=/127.0.0.1:33258,OPEN,fill=FI,flush=-,to=0/30000}}}
03:43:12.692 [qtp399373008-58] DEBUG org.eclipse.jetty.io.ssl.SslConnection - >needFillInterest s=IDLE/IDLE uf=true ei=null di=null SslConnection@683fe5fc::SocketChannelEndPoint@6e02d47d{l=/127.0.0.1:44051,r=/127.0.0.1:33258,OPEN,fill=-,flush=-,to=0/30000}{io=0/0,kio=0,kro=1}->SslConnection@683fe5fc{NEED_UNWRAP,eio=-1/-1,di=-1,fill=IDLE,flush=IDLE}~>DecryptedEndPoint@20f8e13d{l=/127.0.0.1:44051,r=/127.0.0.1:33258,OPEN,fill=FI,flush=-,to=0/30000}=>HttpConnection@441369af[p=HttpParser{s=START,0 of -1},g=HttpGenerator@fa910cf{s=START}]=>HttpChannelOverHttp@3fb81444{s=HttpChannelState@58216778{s=IDLE rs=BLOCKING os=OPEN is=IDLE awp=false se=false i=true al=0},r=0,c=false/false,a=IDLE,uri=null,age=0}
03:43:12.693 [qtp399373008-58] DEBUG org.eclipse.jetty.io.ssl.SslConnection - <needFillInterest s=IDLE/INTERESTED f=false i=true w=null
03:43:12.693 [qtp399373008-58] DEBUG org.eclipse.jetty.io.ssl.SslConnection - ensureFillInterested SslConnection@683fe5fc::SocketChannelEndPoint@6e02d47d{l=/127.0.0.1:44051,r=/127.0.0.1:33258,OPEN,fill=-,flush=-,to=0/30000}{io=0/0,kio=0,kro=1}->SslConnection@683fe5fc{NEED_UNWRAP,eio=-1/-1,di=-1,fill=INTERESTED,flush=IDLE}~>DecryptedEndPoint@20f8e13d{l=/127.0.0.1:44051,r=/127.0.0.1:33258,OPEN,fill=FI,flush=-,to=0/30000}=>HttpConnection@441369af[p=HttpParser{s=START,0 of -1},g=HttpGenerator@fa910cf{s=START}]=>HttpChannelOverHttp@3fb81444{s=HttpChannelState@58216778{s=IDLE rs=BLOCKING os=OPEN is=IDLE awp=false se=false i=true al=0},r=0,c=false/false,a=IDLE,uri=null,age=0}
03:43:12.693 [qtp399373008-58] DEBUG org.eclipse.jetty.io.FillInterest - interested FillInterest@59ad6f7b{SSLC.NBReadCB@683fe5fc{SslConnection@683fe5fc::SocketChannelEndPoint@6e02d47d{l=/127.0.0.1:44051,r=/127.0.0.1:33258,OPEN,fill=FI,flush=-,to=0/30000}{io=0/0,kio=0,kro=1}->SslConnection@683fe5fc{NEED_UNWRAP,eio=-1/-1,di=-1,fill=INTERESTED,flush=IDLE}~>DecryptedEndPoint@20f8e13d{l=/127.0.0.1:44051,r=/127.0.0.1:33258,OPEN,fill=FI,flush=-,to=0/30000}=>HttpConnection@441369af[p=HttpParser{s=START,0 of -1},g=HttpGenerator@fa910cf{s=START}]=>HttpChannelOverHttp@3fb81444{s=HttpChannelState@58216778{s=IDLE rs=BLOCKING os=OPEN is=IDLE awp=false se=false i=true al=0},r=0,c=false/false,a=IDLE,uri=null,age=0}}}
03:43:12.693 [qtp399373008-58] DEBUG org.eclipse.jetty.io.ChannelEndPoint - changeInterests p=false 0->1 for SocketChannelEndPoint@6e02d47d{l=/127.0.0.1:44051,r=/127.0.0.1:33258,OPEN,fill=FI,flush=-,to=0/30000}{io=0/1,kio=0,kro=1}->SslConnection@683fe5fc{NEED_UNWRAP,eio=-1/-1,di=-1,fill=INTERESTED,flush=IDLE}~>DecryptedEndPoint@20f8e13d{l=/127.0.0.1:44051,r=/127.0.0.1:33258,OPEN,fill=FI,flush=-,to=0/30000}=>HttpConnection@441369af[p=HttpParser{s=START,0 of -1},g=HttpGenerator@fa910cf{s=START}]=>HttpChannelOverHttp@3fb81444{s=HttpChannelState@58216778{s=IDLE rs=BLOCKING os=OPEN is=IDLE awp=false se=false i=true al=0},r=0,c=false/false,a=IDLE,uri=null,age=0}
03:43:12.693 [qtp399373008-58] DEBUG org.eclipse.jetty.io.ManagedSelector - Queued change lazy=false org.eclipse.jetty.io.ChannelEndPoint$$Lambda$255/90666987@4e2a61b7 on ManagedSelector@7bb6ab3a{STARTED} id=3 keys=1 selected=0 updates=0
03:43:12.693 [qtp399373008-58] DEBUG org.eclipse.jetty.io.ManagedSelector - Wakeup on submit ManagedSelector@7bb6ab3a{STARTED} id=3 keys=1 selected=0 updates=1
03:43:12.693 [qtp399373008-58] DEBUG org.eclipse.jetty.server.HttpConnection - HttpConnection@441369af::DecryptedEndPoint@20f8e13d{l=/127.0.0.1:44051,r=/127.0.0.1:33258,OPEN,fill=FI,flush=-,to=0/30000} onFillable exit HttpChannelState@58216778{s=IDLE rs=BLOCKING os=OPEN is=IDLE awp=false se=false i=true al=0} null
03:43:12.693 [qtp399373008-61] DEBUG org.eclipse.jetty.io.ManagedSelector - Selector sun.nio.ch.EPollSelectorImpl@6d031e6b woken with none selected
03:43:12.693 [qtp399373008-61] DEBUG org.eclipse.jetty.io.ManagedSelector - Selector sun.nio.ch.EPollSelectorImpl@6d031e6b woken up from select, 0/0/1 selected
03:43:12.693 [qtp399373008-61] DEBUG org.eclipse.jetty.io.ManagedSelector - Selector sun.nio.ch.EPollSelectorImpl@6d031e6b processing 0 keys, 1 updates
03:43:12.693 [qtp399373008-61] DEBUG org.eclipse.jetty.io.ManagedSelector - updateable 1
03:43:12.693 [qtp399373008-61] DEBUG org.eclipse.jetty.io.ManagedSelector - update org.eclipse.jetty.io.ChannelEndPoint$$Lambda$255/90666987@4e2a61b7
03:43:12.693 [qtp399373008-58] DEBUG org.eclipse.jetty.io.ssl.SslConnection - <c.onFillable SslConnection@683fe5fc::SocketChannelEndPoint@6e02d47d{l=/127.0.0.1:44051,r=/127.0.0.1:33258,OPEN,fill=FI,flush=-,to=0/30000}{io=0/1,kio=0,kro=1}->SslConnection@683fe5fc{NEED_UNWRAP,eio=-1/-1,di=-1,fill=INTERESTED,flush=IDLE}~>DecryptedEndPoint@20f8e13d{l=/127.0.0.1:44051,r=/127.0.0.1:33258,OPEN,fill=FI,flush=-,to=0/30000}=>HttpConnection@441369af[p=HttpParser{s=START,0 of -1},g=HttpGenerator@fa910cf{s=START}]=>HttpChannelOverHttp@3fb81444{s=HttpChannelState@58216778{s=IDLE rs=BLOCKING os=OPEN is=IDLE awp=false se=false i=true al=0},r=0,c=false/false,a=IDLE,uri=null,age=0}
03:43:12.693 [qtp399373008-58] DEBUG org.eclipse.jetty.util.thread.QueuedThreadPool - ran org.eclipse.jetty.io.ManagedSelector$$Lambda$253/838473569@5a85c92 in QueuedThreadPool[qtp399373008]@17cdf2d0{STARTED,8<=8<=200,i=1,r=-1,q=0}[ReservedThreadExecutor@424fd310{reserved=1/8,pending=0}]
03:43:12.693 [qtp399373008-61] DEBUG org.eclipse.jetty.io.ChannelEndPoint - Key interests updated 0 -> 1 on SocketChannelEndPoint@6e02d47d{l=/127.0.0.1:44051,r=/127.0.0.1:33258,OPEN,fill=FI,flush=-,to=0/30000}{io=1/1,kio=1,kro=1}->SslConnection@683fe5fc{NEED_UNWRAP,eio=-1/-1,di=-1,fill=INTERESTED,flush=IDLE}~>DecryptedEndPoint@20f8e13d{l=/127.0.0.1:44051,r=/127.0.0.1:33258,OPEN,fill=FI,flush=-,to=0/30000}=>HttpConnection@441369af[p=HttpParser{s=START,0 of -1},g=HttpGenerator@fa910cf{s=START}]=>HttpChannelOverHttp@3fb81444{s=HttpChannelState@58216778{s=IDLE rs=BLOCKING os=OPEN is=IDLE awp=false se=false i=true al=0},r=0,c=false/false,a=IDLE,uri=null,age=0}
03:43:12.693 [qtp399373008-61] DEBUG org.eclipse.jetty.io.ManagedSelector - updates 0
03:43:12.693 [qtp399373008-61] DEBUG org.eclipse.jetty.io.ManagedSelector - Selector sun.nio.ch.EPollSelectorImpl@6d031e6b waiting with 1 keys
03:43:12.694 [qtp399373008-61] DEBUG org.eclipse.jetty.io.ManagedSelector - Selector sun.nio.ch.EPollSelectorImpl@6d031e6b woken up from select, 1/1/1 selected
03:43:12.695 [qtp399373008-61] DEBUG org.eclipse.jetty.io.ManagedSelector - Selector sun.nio.ch.EPollSelectorImpl@6d031e6b processing 1 keys, 0 updates
03:43:12.695 [qtp399373008-61] DEBUG org.eclipse.jetty.io.ManagedSelector - selected 1 sun.nio.ch.SelectionKeyImpl@63c4fdbb SocketChannelEndPoint@6e02d47d{l=/127.0.0.1:44051,r=/127.0.0.1:33258,OPEN,fill=FI,flush=-,to=1/30000}{io=1/1,kio=1,kro=1}->SslConnection@683fe5fc{NEED_UNWRAP,eio=-1/-1,di=-1,fill=INTERESTED,flush=IDLE}~>DecryptedEndPoint@20f8e13d{l=/127.0.0.1:44051,r=/127.0.0.1:33258,OPEN,fill=FI,flush=-,to=2/30000}=>HttpConnection@441369af[p=HttpParser{s=START,0 of -1},g=HttpGenerator@fa910cf{s=START}]=>HttpChannelOverHttp@3fb81444{s=HttpChannelState@58216778{s=IDLE rs=BLOCKING os=OPEN is=IDLE awp=false se=false i=true al=0},r=0,c=false/false,a=IDLE,uri=null,age=0} 
03:43:12.695 [qtp399373008-61] DEBUG org.eclipse.jetty.io.ChannelEndPoint - onSelected 1->0 r=true w=false for SocketChannelEndPoint@6e02d47d{l=/127.0.0.1:44051,r=/127.0.0.1:33258,OPEN,fill=FI,flush=-,to=2/30000}{io=1/0,kio=1,kro=1}->SslConnection@683fe5fc{NEED_UNWRAP,eio=-1/-1,di=-1,fill=INTERESTED,flush=IDLE}~>DecryptedEndPoint@20f8e13d{l=/127.0.0.1:44051,r=/127.0.0.1:33258,OPEN,fill=FI,flush=-,to=2/30000}=>HttpConnection@441369af[p=HttpParser{s=START,0 of -1},g=HttpGenerator@fa910cf{s=START}]=>HttpChannelOverHttp@3fb81444{s=HttpChannelState@58216778{s=IDLE rs=BLOCKING os=OPEN is=IDLE awp=false se=false i=true al=0},r=0,c=false/false,a=IDLE,uri=null,age=0}
03:43:12.695 [qtp399373008-61] DEBUG org.eclipse.jetty.io.ChannelEndPoint - task CEP:SocketChannelEndPoint@6e02d47d{l=/127.0.0.1:44051,r=/127.0.0.1:33258,OPEN,fill=FI,flush=-,to=2/30000}{io=1/0,kio=1,kro=1}->SslConnection@683fe5fc{NEED_UNWRAP,eio=-1/-1,di=-1,fill=INTERESTED,flush=IDLE}~>DecryptedEndPoint@20f8e13d{l=/127.0.0.1:44051,r=/127.0.0.1:33258,OPEN,fill=FI,flush=-,to=2/30000}=>HttpConnection@441369af[p=HttpParser{s=START,0 of -1},g=HttpGenerator@fa910cf{s=START}]=>HttpChannelOverHttp@3fb81444{s=HttpChannelState@58216778{s=IDLE rs=BLOCKING os=OPEN is=IDLE awp=false se=false i=true al=0},r=0,c=false/false,a=IDLE,uri=null,age=0}:runFillable:BLOCKING
03:43:12.695 [qtp399373008-61] DEBUG org.eclipse.jetty.util.thread.ReservedThreadExecutor - ReservedThreadExecutor@424fd310{reserved=1/8,pending=0} tryExecute EatWhatYouKill@f478a81/SelectorProducer@19553973/PRODUCING/p=false/QueuedThreadPool[qtp399373008]@17cdf2d0{STARTED,8<=8<=200,i=2,r=-1,q=0}[ReservedThreadExecutor@424fd310{reserved=1/8,pending=0}][pc=0,pic=0,pec=0,epc=1]@2024-05-02T03:43:12.695+01:00
03:43:12.695 [qtp399373008-61] DEBUG org.eclipse.jetty.util.thread.ReservedThreadExecutor - ReservedThreadExecutor@424fd310{reserved=0/8,pending=1} startReservedThread p=1
03:43:12.695 [qtp399373008-57] DEBUG org.eclipse.jetty.util.thread.QueuedThreadPool - run ReservedThread@298a767d{PENDING,thread=null} in QueuedThreadPool[qtp399373008]@17cdf2d0{STARTED,8<=8<=200,i=1,r=-1,q=0}[ReservedThreadExecutor@424fd310{reserved=0/8,pending=1}]
03:43:12.695 [qtp399373008-57] DEBUG org.eclipse.jetty.util.thread.ReservedThreadExecutor - ReservedThread@298a767d{PENDING,thread=Thread[qtp399373008-57,5,main]} was=PENDING next=RESERVED size=0+1 capacity=8
03:43:12.695 [qtp399373008-57] DEBUG org.eclipse.jetty.util.thread.ReservedThreadExecutor - ReservedThread@298a767d{RESERVED,thread=Thread[qtp399373008-57,5,main]} waiting ReservedThreadExecutor@424fd310{reserved=1/8,pending=0}
03:43:12.695 [qtp399373008-61] DEBUG org.eclipse.jetty.util.thread.QueuedThreadPool - queue ReservedThread@298a767d{RESERVED,thread=Thread[qtp399373008-57,5,main]} startThread=0
03:43:12.696 [qtp399373008-56] DEBUG org.eclipse.jetty.util.thread.ReservedThreadExecutor - ReservedThread@5f97eb0b{RESERVED,thread=Thread[qtp399373008-56,5,main]} task=EatWhatYouKill@f478a81/SelectorProducer@19553973/IDLE/p=true/QueuedThreadPool[qtp399373008]@17cdf2d0{STARTED,8<=8<=200,i=1,r=-1,q=0}[ReservedThreadExecutor@424fd310{reserved=1/8,pending=0}][pc=0,pic=0,pec=0,epc=1]@2024-05-02T03:43:12.696+01:00 ReservedThreadExecutor@424fd310{reserved=1/8,pending=0}
03:43:12.696 [qtp399373008-56] DEBUG org.eclipse.jetty.util.thread.strategy.EatWhatYouKill - EatWhatYouKill@f478a81/SelectorProducer@19553973/IDLE/p=true/QueuedThreadPool[qtp399373008]@17cdf2d0{STARTED,8<=8<=200,i=1,r=-1,q=0}[ReservedThreadExecutor@424fd310{reserved=1/8,pending=0}][pc=0,pic=0,pec=0,epc=1]@2024-05-02T03:43:12.696+01:00 tryProduce true
03:43:12.696 [qtp399373008-56] DEBUG org.eclipse.jetty.io.ManagedSelector - updateable 0
03:43:12.696 [qtp399373008-56] DEBUG org.eclipse.jetty.io.ManagedSelector - updates 0
03:43:12.696 [qtp399373008-56] DEBUG org.eclipse.jetty.io.ChannelEndPoint - Key interests updated 1 -> 0 on SocketChannelEndPoint@6e02d47d{l=/127.0.0.1:44051,r=/127.0.0.1:33258,OPEN,fill=FI,flush=-,to=3/30000}{io=0/0,kio=0,kro=1}->SslConnection@683fe5fc{NEED_UNWRAP,eio=-1/-1,di=-1,fill=INTERESTED,flush=IDLE}~>DecryptedEndPoint@20f8e13d{l=/127.0.0.1:44051,r=/127.0.0.1:33258,OPEN,fill=FI,flush=-,to=3/30000}=>HttpConnection@441369af[p=HttpParser{s=START,0 of -1},g=HttpGenerator@fa910cf{s=START}]=>HttpChannelOverHttp@3fb81444{s=HttpChannelState@58216778{s=IDLE rs=BLOCKING os=OPEN is=IDLE awp=false se=false i=true al=0},r=0,c=false/false,a=IDLE,uri=null,age=0}
03:43:12.696 [qtp399373008-56] DEBUG org.eclipse.jetty.io.ManagedSelector - Selector sun.nio.ch.EPollSelectorImpl@6d031e6b waiting with 1 keys
03:43:12.696 [qtp399373008-61] DEBUG org.eclipse.jetty.util.thread.strategy.EatWhatYouKill - EatWhatYouKill@f478a81/SelectorProducer@19553973/PRODUCING/p=false/QueuedThreadPool[qtp399373008]@17cdf2d0{STARTED,8<=8<=200,i=1,r=-1,q=0}[ReservedThreadExecutor@424fd310{reserved=1/8,pending=0}][pc=0,pic=0,pec=0,epc=1]@2024-05-02T03:43:12.696+01:00 m=EXECUTE_PRODUCE_CONSUME t=CEP:SocketChannelEndPoint@6e02d47d{l=/127.0.0.1:44051,r=/127.0.0.1:33258,OPEN,fill=FI,flush=-,to=3/30000}{io=0/0,kio=0,kro=1}->SslConnection@683fe5fc{NEED_UNWRAP,eio=-1/-1,di=-1,fill=INTERESTED,flush=IDLE}~>DecryptedEndPoint@20f8e13d{l=/127.0.0.1:44051,r=/127.0.0.1:33258,OPEN,fill=FI,flush=-,to=3/30000}=>HttpConnection@441369af[p=HttpParser{s=START,0 of -1},g=HttpGenerator@fa910cf{s=START}]=>HttpChannelOverHttp@3fb81444{s=HttpChannelState@58216778{s=IDLE rs=BLOCKING os=OPEN is=IDLE awp=false se=false i=true al=0},r=0,c=false/false,a=IDLE,uri=null,age=0}:runFillable:BLOCKING/BLOCKING
03:43:12.696 [qtp399373008-61] DEBUG org.eclipse.jetty.io.FillInterest - fillable FillInterest@59ad6f7b{SSLC.NBReadCB@683fe5fc{SslConnection@683fe5fc::SocketChannelEndPoint@6e02d47d{l=/127.0.0.1:44051,r=/127.0.0.1:33258,OPEN,fill=FI,flush=-,to=3/30000}{io=0/0,kio=0,kro=1}->SslConnection@683fe5fc{NEED_UNWRAP,eio=-1/-1,di=-1,fill=INTERESTED,flush=IDLE}~>DecryptedEndPoint@20f8e13d{l=/127.0.0.1:44051,r=/127.0.0.1:33258,OPEN,fill=FI,flush=-,to=3/30000}=>HttpConnection@441369af[p=HttpParser{s=START,0 of -1},g=HttpGenerator@fa910cf{s=START}]=>HttpChannelOverHttp@3fb81444{s=HttpChannelState@58216778{s=IDLE rs=BLOCKING os=OPEN is=IDLE awp=false se=false i=true al=0},r=0,c=false/false,a=IDLE,uri=null,age=0}}}
03:43:12.696 [qtp399373008-61] DEBUG org.eclipse.jetty.io.ssl.SslConnection - >c.onFillable SslConnection@683fe5fc::SocketChannelEndPoint@6e02d47d{l=/127.0.0.1:44051,r=/127.0.0.1:33258,OPEN,fill=-,flush=-,to=3/30000}{io=0/0,kio=0,kro=1}->SslConnection@683fe5fc{NEED_UNWRAP,eio=-1/-1,di=-1,fill=INTERESTED,flush=IDLE}~>DecryptedEndPoint@20f8e13d{l=/127.0.0.1:44051,r=/127.0.0.1:33258,OPEN,fill=FI,flush=-,to=3/30000}=>HttpConnection@441369af[p=HttpParser{s=START,0 of -1},g=HttpGenerator@fa910cf{s=START}]=>HttpChannelOverHttp@3fb81444{s=HttpChannelState@58216778{s=IDLE rs=BLOCKING os=OPEN is=IDLE awp=false se=false i=true al=0},r=0,c=false/false,a=IDLE,uri=null,age=0}
03:43:12.696 [qtp399373008-61] DEBUG org.eclipse.jetty.io.ssl.SslConnection - onFillable SslConnection@683fe5fc::SocketChannelEndPoint@6e02d47d{l=/127.0.0.1:44051,r=/127.0.0.1:33258,OPEN,fill=-,flush=-,to=3/30000}{io=0/0,kio=0,kro=1}->SslConnection@683fe5fc{NEED_UNWRAP,eio=-1/-1,di=-1,fill=INTERESTED,flush=IDLE}~>DecryptedEndPoint@20f8e13d{l=/127.0.0.1:44051,r=/127.0.0.1:33258,OPEN,fill=FI,flush=-,to=3/30000}=>HttpConnection@441369af[p=HttpParser{s=START,0 of -1},g=HttpGenerator@fa910cf{s=START}]=>HttpChannelOverHttp@3fb81444{s=HttpChannelState@58216778{s=IDLE rs=BLOCKING os=OPEN is=IDLE awp=false se=false i=true al=0},r=0,c=false/false,a=IDLE,uri=null,age=0}
03:43:12.696 [qtp399373008-61] DEBUG org.eclipse.jetty.io.FillInterest - fillable FillInterest@50285e84{AC.ReadCB@441369af{HttpConnection@441369af::DecryptedEndPoint@20f8e13d{l=/127.0.0.1:44051,r=/127.0.0.1:33258,OPEN,fill=FI,flush=-,to=4/30000}}}
03:43:12.696 [qtp399373008-61] DEBUG org.eclipse.jetty.server.HttpConnection - HttpConnection@441369af::DecryptedEndPoint@20f8e13d{l=/127.0.0.1:44051,r=/127.0.0.1:33258,OPEN,fill=-,flush=-,to=4/30000} onFillable enter HttpChannelState@58216778{s=IDLE rs=BLOCKING os=OPEN is=IDLE awp=false se=false i=true al=0} null
03:43:12.697 [qtp399373008-61] DEBUG org.eclipse.jetty.io.ssl.SslConnection - >fill SslConnection@683fe5fc::SocketChannelEndPoint@6e02d47d{l=/127.0.0.1:44051,r=/127.0.0.1:33258,OPEN,fill=-,flush=-,to=3/30000}{io=0/0,kio=0,kro=1}->SslConnection@683fe5fc{NEED_UNWRAP,eio=-1/-1,di=-1,fill=IDLE,flush=IDLE}~>DecryptedEndPoint@20f8e13d{l=/127.0.0.1:44051,r=/127.0.0.1:33258,OPEN,fill=-,flush=-,to=4/30000}=>HttpConnection@441369af[p=HttpParser{s=START,0 of -1},g=HttpGenerator@fa910cf{s=START}]=>HttpChannelOverHttp@3fb81444{s=HttpChannelState@58216778{s=IDLE rs=BLOCKING os=OPEN is=IDLE awp=false se=false i=true al=0},r=0,c=false/false,a=IDLE,uri=null,age=0}
03:43:12.697 [qtp399373008-61] DEBUG org.eclipse.jetty.io.ssl.SslConnection - fill NEED_UNWRAP
03:43:12.697 [qtp399373008-61] DEBUG org.eclipse.jetty.io.ChannelEndPoint - filled 6 HeapByteBuffer@729047a8[p=0,l=6,c=17408,r=6]={<<<\x14\x03\x03\x00\x01\x01>>>\x1f\xC4\x9aJ\xDb\x8c\xF1\x1d-...\x00\x00\x00\x00\x00\x00\x00}
03:43:12.697 [qtp399373008-61] DEBUG org.eclipse.jetty.io.ssl.SslConnection - net filled=6
03:43:12.697 [qtp399373008-61] DEBUG org.eclipse.jetty.io.ssl.SslConnection - unwrap net_filled=6 Status = OK HandshakeStatus = NEED_UNWRAP bytesConsumed = 6 bytesProduced = 0 encryptedBuffer=[p=6,l=6,c=17408,r=0] unwrapBuffer=HeapByteBuffer@76afdda5[p=0,l=0,c=17408,r=0]={<<<>>>\x16\x03\x03\x01N\x01\x00\x01J...\x00\x00\x00\x00\x00\x00\x00} appBuffer=HeapByteBuffer@76afdda5[p=0,l=0,c=17408,r=0]={<<<>>>\x16\x03\x03\x01N\x01\x00\x01J...\x00\x00\x00\x00\x00\x00\x00}
03:43:12.697 [qtp399373008-61] DEBUG org.eclipse.jetty.io.ssl.SslConnection - fill NEED_UNWRAP
03:43:12.697 [qtp399373008-61] DEBUG org.eclipse.jetty.io.ChannelEndPoint - filled 0 HeapByteBuffer@729047a8[p=0,l=0,c=17408,r=0]={<<<>>>\x14\x03\x03\x00\x01\x01\x1f\xC4\x9a...\x00\x00\x00\x00\x00\x00\x00}
03:43:12.697 [qtp399373008-61] DEBUG org.eclipse.jetty.io.ssl.SslConnection - net filled=0
03:43:12.697 [qtp399373008-61] DEBUG org.eclipse.jetty.io.ssl.SslConnection - unwrap net_filled=0 Status = BUFFER_UNDERFLOW HandshakeStatus = NEED_UNWRAP bytesConsumed = 0 bytesProduced = 0 encryptedBuffer=[p=0,l=0,c=17408,r=0] unwrapBuffer=HeapByteBuffer@76afdda5[p=0,l=0,c=17408,r=0]={<<<>>>\x16\x03\x03\x01N\x01\x00\x01J...\x00\x00\x00\x00\x00\x00\x00} appBuffer=HeapByteBuffer@76afdda5[p=0,l=0,c=17408,r=0]={<<<>>>\x16\x03\x03\x01N\x01\x00\x01J...\x00\x00\x00\x00\x00\x00\x00}
03:43:12.697 [qtp399373008-61] DEBUG org.eclipse.jetty.io.ssl.SslConnection - <fill f=0 uf=true SslConnection@683fe5fc::SocketChannelEndPoint@6e02d47d{l=/127.0.0.1:44051,r=/127.0.0.1:33258,OPEN,fill=-,flush=-,to=0/30000}{io=0/0,kio=0,kro=1}->SslConnection@683fe5fc{NEED_UNWRAP,eio=-1/-1,di=-1,fill=IDLE,flush=IDLE}~>DecryptedEndPoint@20f8e13d{l=/127.0.0.1:44051,r=/127.0.0.1:33258,OPEN,fill=-,flush=-,to=4/30000}=>HttpConnection@441369af[p=HttpParser{s=START,0 of -1},g=HttpGenerator@fa910cf{s=START}]=>HttpChannelOverHttp@3fb81444{s=HttpChannelState@58216778{s=IDLE rs=BLOCKING os=OPEN is=IDLE awp=false se=false i=true al=0},r=0,c=false/false,a=IDLE,uri=null,age=0}
03:43:12.697 [qtp399373008-61] DEBUG org.eclipse.jetty.io.ssl.SslConnection - >fill SslConnection@683fe5fc::SocketChannelEndPoint@6e02d47d{l=/127.0.0.1:44051,r=/127.0.0.1:33258,OPEN,fill=-,flush=-,to=0/30000}{io=0/0,kio=0,kro=1}->SslConnection@683fe5fc{NEED_UNWRAP,eio=-1/-1,di=-1,fill=IDLE,flush=IDLE}~>DecryptedEndPoint@20f8e13d{l=/127.0.0.1:44051,r=/127.0.0.1:33258,OPEN,fill=-,flush=-,to=5/30000}=>HttpConnection@441369af[p=HttpParser{s=START,0 of -1},g=HttpGenerator@fa910cf{s=START}]=>HttpChannelOverHttp@3fb81444{s=HttpChannelState@58216778{s=IDLE rs=BLOCKING os=OPEN is=IDLE awp=false se=false i=true al=0},r=0,c=false/false,a=IDLE,uri=null,age=0}
03:43:12.697 [qtp399373008-61] DEBUG org.eclipse.jetty.io.ssl.SslConnection - fill NEED_UNWRAP
03:43:12.698 [qtp399373008-61] DEBUG org.eclipse.jetty.io.ChannelEndPoint - filled 0 HeapByteBuffer@78682cd8[p=0,l=0,c=17408,r=0]={<<<>>>\x17\x03\x03\x03\xAd\x0b\x00\x03\x88...\x00\x00\x00\x00\x00\x00\x00}
03:43:12.698 [qtp399373008-61] DEBUG org.eclipse.jetty.io.ssl.SslConnection - net filled=0
03:43:12.698 [qtp399373008-61] DEBUG org.eclipse.jetty.io.ssl.SslConnection - unwrap net_filled=0 Status = BUFFER_UNDERFLOW HandshakeStatus = NEED_UNWRAP bytesConsumed = 0 bytesProduced = 0 encryptedBuffer=[p=0,l=0,c=17408,r=0] unwrapBuffer=HeapByteBuffer@76afdda5[p=0,l=0,c=17408,r=0]={<<<>>>\x16\x03\x03\x01N\x01\x00\x01J...\x00\x00\x00\x00\x00\x00\x00} appBuffer=HeapByteBuffer@76afdda5[p=0,l=0,c=17408,r=0]={<<<>>>\x16\x03\x03\x01N\x01\x00\x01J...\x00\x00\x00\x00\x00\x00\x00}
03:43:12.698 [qtp399373008-61] DEBUG org.eclipse.jetty.io.ssl.SslConnection - <fill f=0 uf=true SslConnection@683fe5fc::SocketChannelEndPoint@6e02d47d{l=/127.0.0.1:44051,r=/127.0.0.1:33258,OPEN,fill=-,flush=-,to=0/30000}{io=0/0,kio=0,kro=1}->SslConnection@683fe5fc{NEED_UNWRAP,eio=-1/-1,di=-1,fill=IDLE,flush=IDLE}~>DecryptedEndPoint@20f8e13d{l=/127.0.0.1:44051,r=/127.0.0.1:33258,OPEN,fill=-,flush=-,to=5/30000}=>HttpConnection@441369af[p=HttpParser{s=START,0 of -1},g=HttpGenerator@fa910cf{s=START}]=>HttpChannelOverHttp@3fb81444{s=HttpChannelState@58216778{s=IDLE rs=BLOCKING os=OPEN is=IDLE awp=false se=false i=true al=0},r=0,c=false/false,a=IDLE,uri=null,age=0}
03:43:12.698 [qtp399373008-61] DEBUG org.eclipse.jetty.server.HttpConnection - HttpConnection@441369af::DecryptedEndPoint@20f8e13d{l=/127.0.0.1:44051,r=/127.0.0.1:33258,OPEN,fill=-,flush=-,to=5/30000} filled 0 HeapByteBuffer@76afdda5[p=0,l=0,c=17408,r=0]={<<<>>>\x16\x03\x03\x01N\x01\x00\x01J...\x00\x00\x00\x00\x00\x00\x00}
03:43:12.698 [qtp399373008-61] DEBUG org.eclipse.jetty.server.HttpConnection - HttpConnection@441369af::DecryptedEndPoint@20f8e13d{l=/127.0.0.1:44051,r=/127.0.0.1:33258,OPEN,fill=-,flush=-,to=5/30000} parse HeapByteBuffer@76afdda5[p=0,l=0,c=17408,r=0]={<<<>>>\x16\x03\x03\x01N\x01\x00\x01J...\x00\x00\x00\x00\x00\x00\x00} {}
03:43:12.698 [qtp399373008-61] DEBUG org.eclipse.jetty.http.HttpParser - parseNext s=START HeapByteBuffer@76afdda5[p=0,l=0,c=17408,r=0]={<<<>>>\x16\x03\x03\x01N\x01\x00\x01J...\x00\x00\x00\x00\x00\x00\x00}
03:43:12.698 [qtp399373008-61] DEBUG org.eclipse.jetty.server.HttpConnection - HttpConnection@441369af::DecryptedEndPoint@20f8e13d{l=/127.0.0.1:44051,r=/127.0.0.1:33258,OPEN,fill=-,flush=-,to=5/30000} parsed false HttpParser{s=START,0 of -1}
03:43:12.698 [qtp399373008-61] DEBUG org.eclipse.jetty.server.HttpConnection - releaseRequestBuffer HttpConnection@441369af::DecryptedEndPoint@20f8e13d{l=/127.0.0.1:44051,r=/127.0.0.1:33258,OPEN,fill=-,flush=-,to=5/30000}
03:43:12.698 [qtp399373008-61] DEBUG org.eclipse.jetty.io.AbstractConnection - fillInterested HttpConnection@441369af::DecryptedEndPoint@20f8e13d{l=/127.0.0.1:44051,r=/127.0.0.1:33258,OPEN,fill=-,flush=-,to=5/30000}
03:43:12.698 [qtp399373008-61] DEBUG org.eclipse.jetty.io.FillInterest - interested FillInterest@50285e84{AC.ReadCB@441369af{HttpConnection@441369af::DecryptedEndPoint@20f8e13d{l=/127.0.0.1:44051,r=/127.0.0.1:33258,OPEN,fill=FI,flush=-,to=0/30000}}}
03:43:12.698 [qtp399373008-61] DEBUG org.eclipse.jetty.io.ssl.SslConnection - >needFillInterest s=IDLE/IDLE uf=true ei=null di=null SslConnection@683fe5fc::SocketChannelEndPoint@6e02d47d{l=/127.0.0.1:44051,r=/127.0.0.1:33258,OPEN,fill=-,flush=-,to=0/30000}{io=0/0,kio=0,kro=1}->SslConnection@683fe5fc{NEED_UNWRAP,eio=-1/-1,di=-1,fill=IDLE,flush=IDLE}~>DecryptedEndPoint@20f8e13d{l=/127.0.0.1:44051,r=/127.0.0.1:33258,OPEN,fill=FI,flush=-,to=0/30000}=>HttpConnection@441369af[p=HttpParser{s=START,0 of -1},g=HttpGenerator@fa910cf{s=START}]=>HttpChannelOverHttp@3fb81444{s=HttpChannelState@58216778{s=IDLE rs=BLOCKING os=OPEN is=IDLE awp=false se=false i=true al=0},r=0,c=false/false,a=IDLE,uri=null,age=0}
03:43:12.698 [qtp399373008-61] DEBUG org.eclipse.jetty.io.ssl.SslConnection - <needFillInterest s=IDLE/INTERESTED f=false i=true w=null
03:43:12.698 [qtp399373008-61] DEBUG org.eclipse.jetty.io.ssl.SslConnection - ensureFillInterested SslConnection@683fe5fc::SocketChannelEndPoint@6e02d47d{l=/127.0.0.1:44051,r=/127.0.0.1:33258,OPEN,fill=-,flush=-,to=1/30000}{io=0/0,kio=0,kro=1}->SslConnection@683fe5fc{NEED_UNWRAP,eio=-1/-1,di=-1,fill=INTERESTED,flush=IDLE}~>DecryptedEndPoint@20f8e13d{l=/127.0.0.1:44051,r=/127.0.0.1:33258,OPEN,fill=FI,flush=-,to=0/30000}=>HttpConnection@441369af[p=HttpParser{s=START,0 of -1},g=HttpGenerator@fa910cf{s=START}]=>HttpChannelOverHttp@3fb81444{s=HttpChannelState@58216778{s=IDLE rs=BLOCKING os=OPEN is=IDLE awp=false se=false i=true al=0},r=0,c=false/false,a=IDLE,uri=null,age=0}
03:43:12.698 [qtp399373008-61] DEBUG org.eclipse.jetty.io.FillInterest - interested FillInterest@59ad6f7b{SSLC.NBReadCB@683fe5fc{SslConnection@683fe5fc::SocketChannelEndPoint@6e02d47d{l=/127.0.0.1:44051,r=/127.0.0.1:33258,OPEN,fill=FI,flush=-,to=0/30000}{io=0/0,kio=0,kro=1}->SslConnection@683fe5fc{NEED_UNWRAP,eio=-1/-1,di=-1,fill=INTERESTED,flush=IDLE}~>DecryptedEndPoint@20f8e13d{l=/127.0.0.1:44051,r=/127.0.0.1:33258,OPEN,fill=FI,flush=-,to=0/30000}=>HttpConnection@441369af[p=HttpParser{s=START,0 of -1},g=HttpGenerator@fa910cf{s=START}]=>HttpChannelOverHttp@3fb81444{s=HttpChannelState@58216778{s=IDLE rs=BLOCKING os=OPEN is=IDLE awp=false se=false i=true al=0},r=0,c=false/false,a=IDLE,uri=null,age=0}}}
03:43:12.698 [qtp399373008-61] DEBUG org.eclipse.jetty.io.ChannelEndPoint - changeInterests p=false 0->1 for SocketChannelEndPoint@6e02d47d{l=/127.0.0.1:44051,r=/127.0.0.1:33258,OPEN,fill=FI,flush=-,to=0/30000}{io=0/1,kio=0,kro=1}->SslConnection@683fe5fc{NEED_UNWRAP,eio=-1/-1,di=-1,fill=INTERESTED,flush=IDLE}~>DecryptedEndPoint@20f8e13d{l=/127.0.0.1:44051,r=/127.0.0.1:33258,OPEN,fill=FI,flush=-,to=0/30000}=>HttpConnection@441369af[p=HttpParser{s=START,0 of -1},g=HttpGenerator@fa910cf{s=START}]=>HttpChannelOverHttp@3fb81444{s=HttpChannelState@58216778{s=IDLE rs=BLOCKING os=OPEN is=IDLE awp=false se=false i=true al=0},r=0,c=false/false,a=IDLE,uri=null,age=0}
03:43:12.698 [qtp399373008-61] DEBUG org.eclipse.jetty.io.ManagedSelector - Queued change lazy=false org.eclipse.jetty.io.ChannelEndPoint$$Lambda$255/90666987@4e2a61b7 on ManagedSelector@7bb6ab3a{STARTED} id=3 keys=1 selected=0 updates=0
03:43:12.698 [qtp399373008-61] DEBUG org.eclipse.jetty.io.ManagedSelector - Wakeup on submit ManagedSelector@7bb6ab3a{STARTED} id=3 keys=1 selected=0 updates=1
03:43:12.698 [qtp399373008-56] DEBUG org.eclipse.jetty.io.ManagedSelector - Selector sun.nio.ch.EPollSelectorImpl@6d031e6b woken with none selected
03:43:12.698 [qtp399373008-61] DEBUG org.eclipse.jetty.server.HttpConnection - HttpConnection@441369af::DecryptedEndPoint@20f8e13d{l=/127.0.0.1:44051,r=/127.0.0.1:33258,OPEN,fill=FI,flush=-,to=0/30000} onFillable exit HttpChannelState@58216778{s=IDLE rs=BLOCKING os=OPEN is=IDLE awp=false se=false i=true al=0} null
03:43:12.698 [qtp399373008-56] DEBUG org.eclipse.jetty.io.ManagedSelector - Selector sun.nio.ch.EPollSelectorImpl@6d031e6b woken up from select, 0/0/1 selected
03:43:12.698 [qtp399373008-56] DEBUG org.eclipse.jetty.io.ManagedSelector - Selector sun.nio.ch.EPollSelectorImpl@6d031e6b processing 0 keys, 1 updates
03:43:12.699 [qtp399373008-56] DEBUG org.eclipse.jetty.io.ManagedSelector - updateable 1
03:43:12.699 [qtp399373008-56] DEBUG org.eclipse.jetty.io.ManagedSelector - update org.eclipse.jetty.io.ChannelEndPoint$$Lambda$255/90666987@4e2a61b7
03:43:12.699 [qtp399373008-61] DEBUG org.eclipse.jetty.io.ssl.SslConnection - <c.onFillable SslConnection@683fe5fc::SocketChannelEndPoint@6e02d47d{l=/127.0.0.1:44051,r=/127.0.0.1:33258,OPEN,fill=FI,flush=-,to=0/30000}{io=0/1,kio=0,kro=1}->SslConnection@683fe5fc{NEED_UNWRAP,eio=-1/-1,di=-1,fill=INTERESTED,flush=IDLE}~>DecryptedEndPoint@20f8e13d{l=/127.0.0.1:44051,r=/127.0.0.1:33258,OPEN,fill=FI,flush=-,to=0/30000}=>HttpConnection@441369af[p=HttpParser{s=START,0 of -1},g=HttpGenerator@fa910cf{s=START}]=>HttpChannelOverHttp@3fb81444{s=HttpChannelState@58216778{s=IDLE rs=BLOCKING os=OPEN is=IDLE awp=false se=false i=true al=0},r=0,c=false/false,a=IDLE,uri=null,age=0}
03:43:12.699 [qtp399373008-61] DEBUG org.eclipse.jetty.util.thread.ReservedThreadExecutor - ReservedThread@681717c1{RUNNING,thread=Thread[qtp399373008-61,5,main]} was=RUNNING next=RESERVED size=0+2 capacity=8
03:43:12.699 [qtp399373008-61] DEBUG org.eclipse.jetty.util.thread.ReservedThreadExecutor - ReservedThread@681717c1{RESERVED,thread=Thread[qtp399373008-61,5,main]} waiting ReservedThreadExecutor@424fd310{reserved=2/8,pending=0}
03:43:12.699 [qtp399373008-56] DEBUG org.eclipse.jetty.io.ChannelEndPoint - Key interests updated 0 -> 1 on SocketChannelEndPoint@6e02d47d{l=/127.0.0.1:44051,r=/127.0.0.1:33258,OPEN,fill=FI,flush=-,to=0/30000}{io=1/1,kio=1,kro=1}->SslConnection@683fe5fc{NEED_UNWRAP,eio=-1/-1,di=-1,fill=INTERESTED,flush=IDLE}~>DecryptedEndPoint@20f8e13d{l=/127.0.0.1:44051,r=/127.0.0.1:33258,OPEN,fill=FI,flush=-,to=0/30000}=>HttpConnection@441369af[p=HttpParser{s=START,0 of -1},g=HttpGenerator@fa910cf{s=START}]=>HttpChannelOverHttp@3fb81444{s=HttpChannelState@58216778{s=IDLE rs=BLOCKING os=OPEN is=IDLE awp=false se=false i=true al=0},r=0,c=false/false,a=IDLE,uri=null,age=0}
03:43:12.699 [qtp399373008-56] DEBUG org.eclipse.jetty.io.ManagedSelector - updates 0
03:43:12.699 [qtp399373008-56] DEBUG org.eclipse.jetty.io.ManagedSelector - Selector sun.nio.ch.EPollSelectorImpl@6d031e6b waiting with 1 keys
03:43:12.737 [qtp399373008-56] DEBUG org.eclipse.jetty.io.ManagedSelector - Selector sun.nio.ch.EPollSelectorImpl@6d031e6b woken up from select, 1/1/1 selected
03:43:12.737 [qtp399373008-56] DEBUG org.eclipse.jetty.io.ManagedSelector - Selector sun.nio.ch.EPollSelectorImpl@6d031e6b processing 1 keys, 0 updates
03:43:12.737 [qtp399373008-56] DEBUG org.eclipse.jetty.io.ManagedSelector - selected 1 sun.nio.ch.SelectionKeyImpl@63c4fdbb SocketChannelEndPoint@6e02d47d{l=/127.0.0.1:44051,r=/127.0.0.1:33258,OPEN,fill=FI,flush=-,to=38/30000}{io=1/1,kio=1,kro=1}->SslConnection@683fe5fc{NEED_UNWRAP,eio=-1/-1,di=-1,fill=INTERESTED,flush=IDLE}~>DecryptedEndPoint@20f8e13d{l=/127.0.0.1:44051,r=/127.0.0.1:33258,OPEN,fill=FI,flush=-,to=38/30000}=>HttpConnection@441369af[p=HttpParser{s=START,0 of -1},g=HttpGenerator@fa910cf{s=START}]=>HttpChannelOverHttp@3fb81444{s=HttpChannelState@58216778{s=IDLE rs=BLOCKING os=OPEN is=IDLE awp=false se=false i=true al=0},r=0,c=false/false,a=IDLE,uri=null,age=0} 
03:43:12.737 [qtp399373008-56] DEBUG org.eclipse.jetty.io.ChannelEndPoint - onSelected 1->0 r=true w=false for SocketChannelEndPoint@6e02d47d{l=/127.0.0.1:44051,r=/127.0.0.1:33258,OPEN,fill=FI,flush=-,to=38/30000}{io=1/0,kio=1,kro=1}->SslConnection@683fe5fc{NEED_UNWRAP,eio=-1/-1,di=-1,fill=INTERESTED,flush=IDLE}~>DecryptedEndPoint@20f8e13d{l=/127.0.0.1:44051,r=/127.0.0.1:33258,OPEN,fill=FI,flush=-,to=39/30000}=>HttpConnection@441369af[p=HttpParser{s=START,0 of -1},g=HttpGenerator@fa910cf{s=START}]=>HttpChannelOverHttp@3fb81444{s=HttpChannelState@58216778{s=IDLE rs=BLOCKING os=OPEN is=IDLE awp=false se=false i=true al=0},r=0,c=false/false,a=IDLE,uri=null,age=0}
03:43:12.737 [qtp399373008-56] DEBUG org.eclipse.jetty.io.ChannelEndPoint - task CEP:SocketChannelEndPoint@6e02d47d{l=/127.0.0.1:44051,r=/127.0.0.1:33258,OPEN,fill=FI,flush=-,to=38/30000}{io=1/0,kio=1,kro=1}->SslConnection@683fe5fc{NEED_UNWRAP,eio=-1/-1,di=-1,fill=INTERESTED,flush=IDLE}~>DecryptedEndPoint@20f8e13d{l=/127.0.0.1:44051,r=/127.0.0.1:33258,OPEN,fill=FI,flush=-,to=39/30000}=>HttpConnection@441369af[p=HttpParser{s=START,0 of -1},g=HttpGenerator@fa910cf{s=START}]=>HttpChannelOverHttp@3fb81444{s=HttpChannelState@58216778{s=IDLE rs=BLOCKING os=OPEN is=IDLE awp=false se=false i=true al=0},r=0,c=false/false,a=IDLE,uri=null,age=0}:runFillable:BLOCKING
03:43:12.737 [qtp399373008-56] DEBUG org.eclipse.jetty.util.thread.ReservedThreadExecutor - ReservedThreadExecutor@424fd310{reserved=2/8,pending=0} tryExecute EatWhatYouKill@f478a81/SelectorProducer@19553973/PRODUCING/p=false/QueuedThreadPool[qtp399373008]@17cdf2d0{STARTED,8<=8<=200,i=1,r=-1,q=0}[ReservedThreadExecutor@424fd310{reserved=2/8,pending=0}][pc=0,pic=0,pec=0,epc=2]@2024-05-02T03:43:12.737+01:00
03:43:12.737 [qtp399373008-61] DEBUG org.eclipse.jetty.util.thread.ReservedThreadExecutor - ReservedThread@681717c1{RESERVED,thread=Thread[qtp399373008-61,5,main]} task=EatWhatYouKill@f478a81/SelectorProducer@19553973/IDLE/p=true/QueuedThreadPool[qtp399373008]@17cdf2d0{STARTED,8<=8<=200,i=1,r=-1,q=0}[ReservedThreadExecutor@424fd310{reserved=1/8,pending=0}][pc=0,pic=0,pec=0,epc=2]@2024-05-02T03:43:12.737+01:00 ReservedThreadExecutor@424fd310{reserved=1/8,pending=0}
03:43:12.737 [qtp399373008-56] DEBUG org.eclipse.jetty.util.thread.strategy.EatWhatYouKill - EatWhatYouKill@f478a81/SelectorProducer@19553973/IDLE/p=true/QueuedThreadPool[qtp399373008]@17cdf2d0{STARTED,8<=8<=200,i=1,r=-1,q=0}[ReservedThreadExecutor@424fd310{reserved=1/8,pending=0}][pc=0,pic=0,pec=0,epc=2]@2024-05-02T03:43:12.737+01:00 m=EXECUTE_PRODUCE_CONSUME t=CEP:SocketChannelEndPoint@6e02d47d{l=/127.0.0.1:44051,r=/127.0.0.1:33258,OPEN,fill=FI,flush=-,to=39/30000}{io=1/0,kio=1,kro=1}->SslConnection@683fe5fc{NEED_UNWRAP,eio=-1/-1,di=-1,fill=INTERESTED,flush=IDLE}~>DecryptedEndPoint@20f8e13d{l=/127.0.0.1:44051,r=/127.0.0.1:33258,OPEN,fill=FI,flush=-,to=39/30000}=>HttpConnection@441369af[p=HttpParser{s=START,0 of -1},g=HttpGenerator@fa910cf{s=START}]=>HttpChannelOverHttp@3fb81444{s=HttpChannelState@58216778{s=IDLE rs=BLOCKING os=OPEN is=IDLE awp=false se=false i=true al=0},r=0,c=false/false,a=IDLE,uri=null,age=0}:runFillable:BLOCKING/BLOCKING
03:43:12.737 [qtp399373008-61] DEBUG org.eclipse.jetty.util.thread.strategy.EatWhatYouKill - EatWhatYouKill@f478a81/SelectorProducer@19553973/IDLE/p=true/QueuedThreadPool[qtp399373008]@17cdf2d0{STARTED,8<=8<=200,i=1,r=-1,q=0}[ReservedThreadExecutor@424fd310{reserved=1/8,pending=0}][pc=0,pic=0,pec=0,epc=2]@2024-05-02T03:43:12.737+01:00 tryProduce true
03:43:12.737 [qtp399373008-61] DEBUG org.eclipse.jetty.io.ManagedSelector - updateable 0
03:43:12.737 [qtp399373008-61] DEBUG org.eclipse.jetty.io.ManagedSelector - updates 0
03:43:12.738 [qtp399373008-56] DEBUG org.eclipse.jetty.io.FillInterest - fillable FillInterest@59ad6f7b{SSLC.NBReadCB@683fe5fc{SslConnection@683fe5fc::SocketChannelEndPoint@6e02d47d{l=/127.0.0.1:44051,r=/127.0.0.1:33258,OPEN,fill=FI,flush=-,to=39/30000}{io=1/0,kio=1,kro=1}->SslConnection@683fe5fc{NEED_UNWRAP,eio=-1/-1,di=-1,fill=INTERESTED,flush=IDLE}~>DecryptedEndPoint@20f8e13d{l=/127.0.0.1:44051,r=/127.0.0.1:33258,OPEN,fill=FI,flush=-,to=39/30000}=>HttpConnection@441369af[p=HttpParser{s=START,0 of -1},g=HttpGenerator@fa910cf{s=START}]=>HttpChannelOverHttp@3fb81444{s=HttpChannelState@58216778{s=IDLE rs=BLOCKING os=OPEN is=IDLE awp=false se=false i=true al=0},r=0,c=false/false,a=IDLE,uri=null,age=0}}}
03:43:12.738 [qtp399373008-61] DEBUG org.eclipse.jetty.io.ChannelEndPoint - Key interests updated 1 -> 0 on SocketChannelEndPoint@6e02d47d{l=/127.0.0.1:44051,r=/127.0.0.1:33258,OPEN,fill=FI,flush=-,to=39/30000}{io=0/0,kio=0,kro=1}->SslConnection@683fe5fc{NEED_UNWRAP,eio=-1/-1,di=-1,fill=INTERESTED,flush=IDLE}~>DecryptedEndPoint@20f8e13d{l=/127.0.0.1:44051,r=/127.0.0.1:33258,OPEN,fill=FI,flush=-,to=39/30000}=>HttpConnection@441369af[p=HttpParser{s=START,0 of -1},g=HttpGenerator@fa910cf{s=START}]=>HttpChannelOverHttp@3fb81444{s=HttpChannelState@58216778{s=IDLE rs=BLOCKING os=OPEN is=IDLE awp=false se=false i=true al=0},r=0,c=false/false,a=IDLE,uri=null,age=0}
03:43:12.738 [qtp399373008-61] DEBUG org.eclipse.jetty.io.ManagedSelector - Selector sun.nio.ch.EPollSelectorImpl@6d031e6b waiting with 1 keys
03:43:12.738 [qtp399373008-56] DEBUG org.eclipse.jetty.io.ssl.SslConnection - >c.onFillable SslConnection@683fe5fc::SocketChannelEndPoint@6e02d47d{l=/127.0.0.1:44051,r=/127.0.0.1:33258,OPEN,fill=-,flush=-,to=39/30000}{io=0/0,kio=0,kro=1}->SslConnection@683fe5fc{NEED_UNWRAP,eio=-1/-1,di=-1,fill=INTERESTED,flush=IDLE}~>DecryptedEndPoint@20f8e13d{l=/127.0.0.1:44051,r=/127.0.0.1:33258,OPEN,fill=FI,flush=-,to=39/30000}=>HttpConnection@441369af[p=HttpParser{s=START,0 of -1},g=HttpGenerator@fa910cf{s=START}]=>HttpChannelOverHttp@3fb81444{s=HttpChannelState@58216778{s=IDLE rs=BLOCKING os=OPEN is=IDLE awp=false se=false i=true al=0},r=0,c=false/false,a=IDLE,uri=null,age=0}
03:43:12.738 [qtp399373008-56] DEBUG org.eclipse.jetty.io.ssl.SslConnection - onFillable SslConnection@683fe5fc::SocketChannelEndPoint@6e02d47d{l=/127.0.0.1:44051,r=/127.0.0.1:33258,OPEN,fill=-,flush=-,to=39/30000}{io=0/0,kio=0,kro=1}->SslConnection@683fe5fc{NEED_UNWRAP,eio=-1/-1,di=-1,fill=INTERESTED,flush=IDLE}~>DecryptedEndPoint@20f8e13d{l=/127.0.0.1:44051,r=/127.0.0.1:33258,OPEN,fill=FI,flush=-,to=39/30000}=>HttpConnection@441369af[p=HttpParser{s=START,0 of -1},g=HttpGenerator@fa910cf{s=START}]=>HttpChannelOverHttp@3fb81444{s=HttpChannelState@58216778{s=IDLE rs=BLOCKING os=OPEN is=IDLE awp=false se=false i=true al=0},r=0,c=false/false,a=IDLE,uri=null,age=0}
03:43:12.738 [qtp399373008-56] DEBUG org.eclipse.jetty.io.FillInterest - fillable FillInterest@50285e84{AC.ReadCB@441369af{HttpConnection@441369af::DecryptedEndPoint@20f8e13d{l=/127.0.0.1:44051,r=/127.0.0.1:33258,OPEN,fill=FI,flush=-,to=39/30000}}}
03:43:12.738 [qtp399373008-56] DEBUG org.eclipse.jetty.server.HttpConnection - HttpConnection@441369af::DecryptedEndPoint@20f8e13d{l=/127.0.0.1:44051,r=/127.0.0.1:33258,OPEN,fill=-,flush=-,to=39/30000} onFillable enter HttpChannelState@58216778{s=IDLE rs=BLOCKING os=OPEN is=IDLE awp=false se=false i=true al=0} null
03:43:12.738 [qtp399373008-56] DEBUG org.eclipse.jetty.io.ssl.SslConnection - >fill SslConnection@683fe5fc::SocketChannelEndPoint@6e02d47d{l=/127.0.0.1:44051,r=/127.0.0.1:33258,OPEN,fill=-,flush=-,to=39/30000}{io=0/0,kio=0,kro=1}->SslConnection@683fe5fc{NEED_UNWRAP,eio=-1/-1,di=-1,fill=IDLE,flush=IDLE}~>DecryptedEndPoint@20f8e13d{l=/127.0.0.1:44051,r=/127.0.0.1:33258,OPEN,fill=-,flush=-,to=39/30000}=>HttpConnection@441369af[p=HttpParser{s=START,0 of -1},g=HttpGenerator@fa910cf{s=START}]=>HttpChannelOverHttp@3fb81444{s=HttpChannelState@58216778{s=IDLE rs=BLOCKING os=OPEN is=IDLE awp=false se=false i=true al=0},r=0,c=false/false,a=IDLE,uri=null,age=0}
03:43:12.738 [qtp399373008-56] DEBUG org.eclipse.jetty.io.ssl.SslConnection - fill NEED_UNWRAP
03:43:12.738 [qtp399373008-56] DEBUG org.eclipse.jetty.io.ChannelEndPoint - filled 1491 HeapByteBuffer@78682cd8[p=0,l=1491,c=17408,r=1491]={<<<\x17\x03\x03\x03\xAdr\xCa\xCcf\xD5\x0b\xC4\x8ar\xA3\xD7\xFa_R\xC6\x0c\xB5\xCf\x83\xCc...\xF9\xD7\xD3|\x17\xEd\xAf\xD6F\x13\xD3\x197\x87_2\xB3\xB2\xD94U\xC7\x89>>>\x00\x02\x90\x06\x12\xC8$\xD0X...\x00\x00\x00\x00\x00\x00\x00}
03:43:12.738 [qtp399373008-56] DEBUG org.eclipse.jetty.io.ssl.SslConnection - net filled=1491
03:43:12.738 [qtp399373008-56] DEBUG org.eclipse.jetty.io.ssl.SslConnection - unwrap net_filled=1491 Status = OK HandshakeStatus = NEED_TASK bytesConsumed = 946 bytesProduced = 0 encryptedBuffer=[p=946,l=1491,c=17408,r=545] unwrapBuffer=HeapByteBuffer@729047a8[p=0,l=0,c=17408,r=0]={<<<>>>\x14\x03\x03\x00\x01\x01\x1f\xC4\x9a...\x00\x00\x00\x00\x00\x00\x00} appBuffer=HeapByteBuffer@729047a8[p=0,l=0,c=17408,r=0]={<<<>>>\x14\x03\x03\x00\x01\x01\x1f\xC4\x9a...\x00\x00\x00\x00\x00\x00\x00}
03:43:12.738 [qtp399373008-56] DEBUG org.eclipse.jetty.io.ssl.SslConnection - fill NEED_TASK
03:43:12.738 [qtp399373008-56] DEBUG org.eclipse.jetty.io.ssl.SslConnection - fill NEED_UNWRAP
03:43:12.738 [qtp399373008-56] DEBUG org.eclipse.jetty.io.ChannelEndPoint - filled 0 HeapByteBuffer@78682cd8[p=946,l=1491,c=17408,r=545]={\x17\x03\x03\x03\xAd\x0b\x00\x03\x88...Z\xC6\xDb\xDb\xDce:<<<\x17\x03\x03\x01)\x0f\xEe\x9e\xA3\xF3\xF3\xCfF\x7f\x8c\xD7\xB2+\x8f\x81\xE4\xA2\\\x00%...\xF9\xD7\xD3|\x17\xEd\xAf\xD6F\x13\xD3\x197\x87_2\xB3\xB2\xD94U\xC7\x89>>>\x00\x02\x90\x06\x12\xC8$\xD0X...\x00\x00\x00\x00\x00\x00\x00}
03:43:12.739 [qtp399373008-56] DEBUG org.eclipse.jetty.io.ssl.SslConnection - net filled=0
03:43:12.739 [qtp399373008-56] DEBUG org.eclipse.jetty.io.ssl.SslConnection - unwrap net_filled=0 Status = OK HandshakeStatus = NEED_TASK bytesConsumed = 302 bytesProduced = 0 encryptedBuffer=[p=1248,l=1491,c=17408,r=243] unwrapBuffer=HeapByteBuffer@729047a8[p=0,l=0,c=17408,r=0]={<<<>>>\x14\x03\x03\x00\x01\x01\x1f\xC4\x9a...\x00\x00\x00\x00\x00\x00\x00} appBuffer=HeapByteBuffer@729047a8[p=0,l=0,c=17408,r=0]={<<<>>>\x14\x03\x03\x00\x01\x01\x1f\xC4\x9a...\x00\x00\x00\x00\x00\x00\x00}
03:43:12.739 [qtp399373008-56] DEBUG org.eclipse.jetty.io.ssl.SslConnection - fill NEED_TASK
03:43:12.739 [qtp399373008-56] DEBUG org.eclipse.jetty.io.ssl.SslConnection - fill NEED_UNWRAP
03:43:12.739 [qtp399373008-56] DEBUG org.eclipse.jetty.io.ChannelEndPoint - filled 0 HeapByteBuffer@78682cd8[p=1248,l=1491,c=17408,r=243]={\x17\x03\x03\x03\xAd\x0b\x00\x03\x88...\nN\xDb\xEb\xBb\xE4]<<<\x17\x03\x03\x00U\xB6\xF7\x99\x1f\xA45\x10@\xD91\x84\xCeNN\xBf\x1a\x1f\xCeo\xA4...\xF9\xD7\xD3|\x17\xEd\xAf\xD6F\x13\xD3\x197\x87_2\xB3\xB2\xD94U\xC7\x89>>>\x00\x02\x90\x06\x12\xC8$\xD0X...\x00\x00\x00\x00\x00\x00\x00}
03:43:12.739 [qtp399373008-56] DEBUG org.eclipse.jetty.io.ssl.SslConnection - net filled=0
03:43:12.740 [qtp399373008-56] DEBUG org.eclipse.jetty.io.ssl.SslConnection - unwrap net_filled=0 Status = OK HandshakeStatus = NEED_WRAP bytesConsumed = 90 bytesProduced = 0 encryptedBuffer=[p=1338,l=1491,c=17408,r=153] unwrapBuffer=HeapByteBuffer@729047a8[p=0,l=0,c=17408,r=0]={<<<>>>\x14\x03\x03\x00\x01\x01\x1f\xC4\x9a...\x00\x00\x00\x00\x00\x00\x00} appBuffer=HeapByteBuffer@729047a8[p=0,l=0,c=17408,r=0]={<<<>>>\x14\x03\x03\x00\x01\x01\x1f\xC4\x9a...\x00\x00\x00\x00\x00\x00\x00}
03:43:12.740 [qtp399373008-56] DEBUG org.eclipse.jetty.io.ssl.SslConnection - fill NEED_WRAP
03:43:12.740 [qtp399373008-56] DEBUG org.eclipse.jetty.io.ssl.SslConnection - >flush SslConnection@683fe5fc::SocketChannelEndPoint@6e02d47d{l=/127.0.0.1:44051,r=/127.0.0.1:33258,OPEN,fill=-,flush=-,to=2/30000}{io=0/0,kio=0,kro=1}->SslConnection@683fe5fc{NEED_WRAP,eio=153/-1,di=-1,fill=IDLE,flush=IDLE}~>DecryptedEndPoint@20f8e13d{l=/127.0.0.1:44051,r=/127.0.0.1:33258,OPEN,fill=-,flush=-,to=42/30000}=>HttpConnection@441369af[p=HttpParser{s=START,0 of -1},g=HttpGenerator@fa910cf{s=START}]=>HttpChannelOverHttp@3fb81444{s=HttpChannelState@58216778{s=IDLE rs=BLOCKING os=OPEN is=IDLE awp=false se=false i=true al=0},r=0,c=false/false,a=IDLE,uri=null,age=0}
03:43:12.740 [qtp399373008-56] DEBUG org.eclipse.jetty.io.ssl.SslConnection - flush b[0]=HeapByteBuffer@1ad43aa3[p=0,l=0,c=0,r=0]={<<<>>>}
03:43:12.740 [qtp399373008-56] DEBUG org.eclipse.jetty.io.ssl.SslConnection - flush NEED_WRAP
03:43:12.740 [qtp399373008-56] DEBUG org.eclipse.jetty.io.ssl.SslConnection - wrap Status = OK HandshakeStatus = FINISHED bytesConsumed = 0 bytesProduced = 88 [p=0,l=88,c=17408,r=88] ioDone=false/false
03:43:12.741 [qtp399373008-56] DEBUG org.eclipse.jetty.io.ChannelEndPoint - flushed 88 SocketChannelEndPoint@6e02d47d{l=/127.0.0.1:44051,r=/127.0.0.1:33258,OPEN,fill=-,flush=-,to=2/30000}{io=0/0,kio=0,kro=1}->SslConnection@683fe5fc{NOT_HANDSHAKING,eio=153/0,di=-1,fill=IDLE,flush=IDLE}~>DecryptedEndPoint@20f8e13d{l=/127.0.0.1:44051,r=/127.0.0.1:33258,OPEN,fill=-,flush=-,to=42/30000}=>HttpConnection@441369af[p=HttpParser{s=START,0 of -1},g=HttpGenerator@fa910cf{s=START}]=>HttpChannelOverHttp@3fb81444{s=HttpChannelState@58216778{s=IDLE rs=BLOCKING os=OPEN is=IDLE awp=false se=false i=true al=0},r=0,c=false/false,a=IDLE,uri=null,age=0}
03:43:12.741 [qtp399373008-56] DEBUG org.eclipse.jetty.io.ssl.SslConnection - net flushed=true, ac=true
03:43:12.741 [qtp399373008-56] DEBUG org.eclipse.jetty.io.ssl.SslConnection - handshake succeeded SslConnection@683fe5fc::SocketChannelEndPoint@6e02d47d{l=/127.0.0.1:44051,r=/127.0.0.1:33258,OPEN,fill=-,flush=-,to=0/30000}{io=0/0,kio=0,kro=1}->SslConnection@683fe5fc{NOT_HANDSHAKING,eio=153/0,di=-1,fill=IDLE,flush=IDLE}~>DecryptedEndPoint@20f8e13d{l=/127.0.0.1:44051,r=/127.0.0.1:33258,OPEN,fill=-,flush=-,to=42/30000}=>HttpConnection@441369af[p=HttpParser{s=START,0 of -1},g=HttpGenerator@fa910cf{s=START}]=>HttpChannelOverHttp@3fb81444{s=HttpChannelState@58216778{s=IDLE rs=BLOCKING os=OPEN is=IDLE awp=false se=false i=true al=0},r=0,c=false/false,a=IDLE,uri=null,age=0} resumed server TLSv1.3/TLS_AES_256_GCM_SHA384
03:43:12.741 [qtp399373008-56] DEBUG org.eclipse.jetty.io.ssl.SslConnection - <flush true SslConnection@683fe5fc::SocketChannelEndPoint@6e02d47d{l=/127.0.0.1:44051,r=/127.0.0.1:33258,OPEN,fill=-,flush=-,to=0/30000}{io=0/0,kio=0,kro=1}->SslConnection@683fe5fc{NOT_HANDSHAKING,eio=153/-1,di=-1,fill=IDLE,flush=IDLE}~>DecryptedEndPoint@20f8e13d{l=/127.0.0.1:44051,r=/127.0.0.1:33258,OPEN,fill=-,flush=-,to=42/30000}=>HttpConnection@441369af[p=HttpParser{s=START,0 of -1},g=HttpGenerator@fa910cf{s=START}]=>HttpChannelOverHttp@3fb81444{s=HttpChannelState@58216778{s=IDLE rs=BLOCKING os=OPEN is=IDLE awp=false se=false i=true al=0},r=0,c=false/false,a=IDLE,uri=null,age=0}
03:43:12.741 [qtp399373008-56] DEBUG org.eclipse.jetty.io.ssl.SslConnection - fill NOT_HANDSHAKING
03:43:12.741 [qtp399373008-56] DEBUG org.eclipse.jetty.io.ChannelEndPoint - filled 0 HeapByteBuffer@78682cd8[p=1338,l=1491,c=17408,r=153]={\x17\x03\x03\x03\xAd\x0b\x00\x03\x88...]\x14\\\x97\xF3sm<<<\x17\x03\x03\x00\x94\xE2\xE1S\\\xBay\x05\x15\x7f-\xAe\xEa\x943<@\xFcq\xA5d...\xF9\xD7\xD3|\x17\xEd\xAf\xD6F\x13\xD3\x197\x87_2\xB3\xB2\xD94U\xC7\x89>>>\x00\x02\x90\x06\x12\xC8$\xD0X...\x00\x00\x00\x00\x00\x00\x00}
03:43:12.741 [qtp399373008-56] DEBUG org.eclipse.jetty.io.ssl.SslConnection - net filled=0
03:43:12.741 [qtp399373008-56] DEBUG org.eclipse.jetty.io.ssl.SslConnection - unwrap net_filled=0 Status = OK HandshakeStatus = NOT_HANDSHAKING bytesConsumed = 153 bytesProduced = 115 encryptedBuffer=[p=1491,l=1491,c=17408,r=0] unwrapBuffer=HeapByteBuffer@729047a8[p=0,l=115,c=17408,r=115]={<<<GET / HTTP/1.1\r\nHost: loc...gent: okhttp/3.12.3\r\n\r\n>>>\t)\xD4\x05\xAbd\x15\xFbd...\x00\x00\x00\x00\x00\x00\x00} appBuffer=HeapByteBuffer@729047a8[p=0,l=115,c=17408,r=115]={<<<GET / HTTP/1.1\r\nHost: loc...gent: okhttp/3.12.3\r\n\r\n>>>\t)\xD4\x05\xAbd\x15\xFbd...\x00\x00\x00\x00\x00\x00\x00}
03:43:12.741 [qtp399373008-56] DEBUG org.eclipse.jetty.io.ssl.SslConnection - <fill f=115 uf=false SslConnection@683fe5fc::SocketChannelEndPoint@6e02d47d{l=/127.0.0.1:44051,r=/127.0.0.1:33258,OPEN,fill=-,flush=-,to=0/30000}{io=0/0,kio=0,kro=1}->SslConnection@683fe5fc{NOT_HANDSHAKING,eio=-1/-1,di=-1,fill=IDLE,flush=IDLE}~>DecryptedEndPoint@20f8e13d{l=/127.0.0.1:44051,r=/127.0.0.1:33258,OPEN,fill=-,flush=-,to=43/30000}=>HttpConnection@441369af[p=HttpParser{s=START,0 of -1},g=HttpGenerator@fa910cf{s=START}]=>HttpChannelOverHttp@3fb81444{s=HttpChannelState@58216778{s=IDLE rs=BLOCKING os=OPEN is=IDLE awp=false se=false i=true al=0},r=0,c=false/false,a=IDLE,uri=null,age=0}
03:43:12.741 [qtp399373008-56] DEBUG org.eclipse.jetty.server.HttpConnection - HttpConnection@441369af::DecryptedEndPoint@20f8e13d{l=/127.0.0.1:44051,r=/127.0.0.1:33258,OPEN,fill=-,flush=-,to=43/30000} filled 115 HeapByteBuffer@729047a8[p=0,l=115,c=17408,r=115]={<<<GET / HTTP/1.1\r\nHost: loc...gent: okhttp/3.12.3\r\n\r\n>>>\t)\xD4\x05\xAbd\x15\xFbd...\x00\x00\x00\x00\x00\x00\x00}
03:43:12.741 [qtp399373008-56] DEBUG org.eclipse.jetty.server.HttpConnection - HttpConnection@441369af::DecryptedEndPoint@20f8e13d{l=/127.0.0.1:44051,r=/127.0.0.1:33258,OPEN,fill=-,flush=-,to=43/30000} parse HeapByteBuffer@729047a8[p=0,l=115,c=17408,r=115]={<<<GET / HTTP/1.1\r\nHost: loc...gent: okhttp/3.12.3\r\n\r\n>>>\t)\xD4\x05\xAbd\x15\xFbd...\x00\x00\x00\x00\x00\x00\x00} {}
03:43:12.741 [qtp399373008-56] DEBUG org.eclipse.jetty.http.HttpParser - parseNext s=START HeapByteBuffer@729047a8[p=0,l=115,c=17408,r=115]={<<<GET / HTTP/1.1\r\nHost: loc...gent: okhttp/3.12.3\r\n\r\n>>>\t)\xD4\x05\xAbd\x15\xFbd...\x00\x00\x00\x00\x00\x00\x00}
03:43:12.741 [qtp399373008-56] DEBUG org.eclipse.jetty.http.HttpParser - START --> SPACE1
03:43:12.741 [qtp399373008-56] DEBUG org.eclipse.jetty.http.HttpParser - SPACE1 --> URI
03:43:12.741 [qtp399373008-56] DEBUG org.eclipse.jetty.http.HttpParser - URI --> SPACE2
03:43:12.741 [qtp399373008-56] DEBUG org.eclipse.jetty.http.HttpParser - SPACE2 --> REQUEST_VERSION
03:43:12.741 [qtp399373008-56] DEBUG org.eclipse.jetty.http.HttpParser - REQUEST_VERSION --> HEADER
03:43:12.741 [qtp399373008-56] DEBUG org.eclipse.jetty.http.HttpParser - HEADER:Host --> VALUE
03:43:12.741 [qtp399373008-56] DEBUG org.eclipse.jetty.http.HttpParser - HEADER:Host --> IN_VALUE
03:43:12.741 [qtp399373008-56] DEBUG org.eclipse.jetty.http.HttpParser - HEADER:Host --> FIELD
03:43:12.741 [qtp399373008-56] DEBUG org.eclipse.jetty.http.HttpParser - HEADER:Connection: keep-alive --> IN_VALUE
03:43:12.741 [qtp399373008-56] DEBUG org.eclipse.jetty.http.HttpParser - HEADER:Connection: keep-alive --> FIELD
03:43:12.741 [qtp399373008-56] DEBUG org.eclipse.jetty.http.HttpParser - HEADER:Accept-Encoding: gzip --> IN_VALUE
03:43:12.741 [qtp399373008-56] DEBUG org.eclipse.jetty.http.HttpParser - HEADER:Accept-Encoding: gzip --> FIELD
03:43:12.741 [qtp399373008-56] DEBUG org.eclipse.jetty.http.HttpParser - HEADER:User-Agent --> VALUE
03:43:12.741 [qtp399373008-56] DEBUG org.eclipse.jetty.http.HttpParser - HEADER:User-Agent --> IN_VALUE
03:43:12.741 [qtp399373008-56] DEBUG org.eclipse.jetty.http.HttpParser - HEADER:User-Agent --> FIELD
03:43:12.741 [qtp399373008-56] DEBUG org.eclipse.jetty.http.HttpParser - HEADER --> CONTENT
03:43:12.741 [qtp399373008-56] DEBUG org.eclipse.jetty.server.HttpChannel - REQUEST for //localhost:44051/ on HttpChannelOverHttp@3fb81444{s=HttpChannelState@58216778{s=IDLE rs=BLOCKING os=OPEN is=IDLE awp=false se=false i=true al=0},r=1,c=false/false,a=IDLE,uri=//localhost:44051/,age=0}
GET //localhost:44051/ HTTP/1.1
Host: localhost:44051
Connection: keep-alive
Accept-Encoding: gzip
User-Agent: okhttp/3.12.3


03:43:12.741 [qtp399373008-56] DEBUG org.eclipse.jetty.server.HttpConnection - HttpConnection@441369af::DecryptedEndPoint@20f8e13d{l=/127.0.0.1:44051,r=/127.0.0.1:33258,OPEN,fill=-,flush=-,to=43/30000} parsed true HttpParser{s=CONTENT,0 of -1}
03:43:12.741 [qtp399373008-56] DEBUG org.eclipse.jetty.server.HttpConnection - releaseRequestBuffer HttpConnection@441369af::DecryptedEndPoint@20f8e13d{l=/127.0.0.1:44051,r=/127.0.0.1:33258,OPEN,fill=-,flush=-,to=43/30000}
03:43:12.741 [qtp399373008-56] DEBUG org.eclipse.jetty.server.HttpChannel - handle //localhost:44051/ HttpChannelOverHttp@3fb81444{s=HttpChannelState@58216778{s=IDLE rs=BLOCKING os=OPEN is=IDLE awp=false se=false i=true al=0},r=1,c=false/false,a=IDLE,uri=//localhost:44051/,age=0} 
03:43:12.741 [qtp399373008-56] DEBUG org.eclipse.jetty.server.HttpChannelState - handling HttpChannelState@58216778{s=IDLE rs=BLOCKING os=OPEN is=IDLE awp=false se=false i=true al=0}
03:43:12.741 [qtp399373008-56] DEBUG org.eclipse.jetty.server.HttpChannel - action DISPATCH HttpChannelOverHttp@3fb81444{s=HttpChannelState@58216778{s=HANDLING rs=BLOCKING os=OPEN is=IDLE awp=false se=false i=true al=0},r=1,c=false/false,a=HANDLING,uri=//localhost:44051/,age=0}
03:43:12.741 [qtp399373008-56] DEBUG org.eclipse.jetty.server.SecureRequestCustomizer - Host localhost with SNI null
03:43:12.742 [qtp399373008-56] DEBUG org.eclipse.jetty.server.Server - REQUEST GET / on HttpChannelOverHttp@3fb81444{s=HttpChannelState@58216778{s=HANDLING rs=BLOCKING os=OPEN is=IDLE awp=false se=false i=true al=0},r=1,c=false/false,a=HANDLING,uri=https://localhost:44051/,age=1}
03:43:12.742 [qtp399373008-56] DEBUG org.eclipse.jetty.server.HttpOutput - write(array HeapByteBuffer@45733a9c[p=0,l=4,c=512,r=4]={<<<test>>>\x00\x00\x00\x00\x00\x00\x00\x00\x00...\x00\x00\x00\x00\x00\x00\x00})
03:43:12.742 [qtp399373008-56] DEBUG org.eclipse.jetty.server.HttpOutput - write(array) s=CLOSING,api=BLOCKED,sc=false,e=null last=true agg=false flush=true async=false, len=4 null
03:43:12.742 [qtp399373008-56] DEBUG org.eclipse.jetty.server.HttpChannel - sendResponse info=null content=HeapByteBuffer@7702094c[p=0,l=4,c=512,r=4]={<<<test>>>\x00\x00\x00\x00\x00\x00\x00\x00\x00...\x00\x00\x00\x00\x00\x00\x00} complete=true committing=true callback=Blocker@453ffc12{null}
03:43:12.742 [qtp399373008-56] DEBUG org.eclipse.jetty.server.HttpChannel - COMMIT for / on HttpChannelOverHttp@3fb81444{s=HttpChannelState@58216778{s=HANDLING rs=BLOCKING os=COMMITTED is=IDLE awp=false se=false i=true al=0},r=1,c=false/false,a=HANDLING,uri=https://localhost:44051/,age=1}
200 null HTTP/1.1
Date: Thu, 02 May 2024 02:43:12 GMT
ETag: testEtag
Content-Type: text/plain;charset=utf-8
Content-Length: 4


03:43:12.742 [qtp399373008-56] DEBUG org.eclipse.jetty.server.HttpConnection - generate: NEED_HEADER for SendCallback@6f748cd2[PROCESSING][i=HTTP/1.1{s=200,h=4,cl=4},cb=org.eclipse.jetty.server.HttpChannel$SendCallback@338fec7a] (null,[p=0,l=4,c=512,r=4],true)@START
03:43:12.742 [qtp399373008-56] DEBUG org.eclipse.jetty.http.HttpGenerator - generateHeaders HTTP/1.1{s=200,h=4,cl=4} last=true content=HeapByteBuffer@7702094c[p=0,l=4,c=512,r=4]={<<<test>>>\x00\x00\x00\x00\x00\x00\x00\x00\x00...\x00\x00\x00\x00\x00\x00\x00}
03:43:12.742 [qtp399373008-56] DEBUG org.eclipse.jetty.http.HttpGenerator - Date: Thu, 02 May 2024 02:43:12 GMT
ETag: testEtag
Content-Type: text/plain;charset=utf-8
Content-Length: 4


03:43:12.742 [qtp399373008-56] DEBUG org.eclipse.jetty.http.HttpGenerator - CONTENT_LENGTH
03:43:12.742 [qtp399373008-56] DEBUG org.eclipse.jetty.server.HttpConnection - generate: FLUSH for SendCallback@6f748cd2[PROCESSING][i=HTTP/1.1{s=200,h=4,cl=4},cb=org.eclipse.jetty.server.HttpChannel$SendCallback@338fec7a] ([p=0,l=164,c=8192,r=164],[p=0,l=4,c=512,r=4],true)@COMPLETING
03:43:12.742 [qtp399373008-56] DEBUG org.eclipse.jetty.io.WriteFlusher - write: WriteFlusher@54a0db2e{IDLE}->null [HeapByteBuffer@17352c86[p=0,l=164,c=8192,r=164]={<<<HTTP/1.1 200 OK\r\nDate: Th...y(9.4.44.v20210927)\r\n\r\n>>>\x00\x00\x00\x00\x00\x00\x00\x00\x00...\x00\x00\x00\x00\x00\x00\x00},HeapByteBuffer@7702094c[p=0,l=4,c=512,r=4]={<<<test>>>\x00\x00\x00\x00\x00\x00\x00\x00\x00...\x00\x00\x00\x00\x00\x00\x00}]
03:43:12.742 [qtp399373008-56] DEBUG org.eclipse.jetty.io.WriteFlusher - update WriteFlusher@54a0db2e{WRITING}->null:IDLE-->WRITING
03:43:12.742 [qtp399373008-56] DEBUG org.eclipse.jetty.io.ssl.SslConnection - >flush SslConnection@683fe5fc::SocketChannelEndPoint@6e02d47d{l=/127.0.0.1:44051,r=/127.0.0.1:33258,OPEN,fill=-,flush=-,to=1/30000}{io=0/0,kio=0,kro=1}->SslConnection@683fe5fc{NOT_HANDSHAKING,eio=-1/-1,di=-1,fill=IDLE,flush=IDLE}~>DecryptedEndPoint@20f8e13d{l=/127.0.0.1:44051,r=/127.0.0.1:33258,OPEN,fill=-,flush=W,to=44/30000}=>HttpConnection@441369af[p=HttpParser{s=CONTENT,0 of -1},g=HttpGenerator@fa910cf{s=COMPLETING}]=>HttpChannelOverHttp@3fb81444{s=HttpChannelState@58216778{s=HANDLING rs=BLOCKING os=COMMITTED is=IDLE awp=false se=false i=true al=0},r=1,c=false/false,a=HANDLING,uri=https://localhost:44051/,age=1}
03:43:12.742 [qtp399373008-56] DEBUG org.eclipse.jetty.io.ssl.SslConnection - flush b[0]=HeapByteBuffer@17352c86[p=0,l=164,c=8192,r=164]={<<<HTTP/1.1 200 OK\r\nDate: Th...y(9.4.44.v20210927)\r\n\r\n>>>\x00\x00\x00\x00\x00\x00\x00\x00\x00...\x00\x00\x00\x00\x00\x00\x00}
03:43:12.742 [qtp399373008-56] DEBUG org.eclipse.jetty.io.ssl.SslConnection - flush b[1]=HeapByteBuffer@7702094c[p=0,l=4,c=512,r=4]={<<<test>>>\x00\x00\x00\x00\x00\x00\x00\x00\x00...\x00\x00\x00\x00\x00\x00\x00}
03:43:12.742 [qtp399373008-56] DEBUG org.eclipse.jetty.io.ssl.SslConnection - flush NOT_HANDSHAKING
03:43:12.742 [qtp399373008-56] DEBUG org.eclipse.jetty.io.ssl.SslConnection - wrap Status = OK HandshakeStatus = NOT_HANDSHAKING bytesConsumed = 168 bytesProduced = 206 [p=0,l=206,c=17408,r=206] ioDone=false/false
03:43:12.742 [qtp399373008-56] DEBUG org.eclipse.jetty.io.ChannelEndPoint - flushed 206 SocketChannelEndPoint@6e02d47d{l=/127.0.0.1:44051,r=/127.0.0.1:33258,OPEN,fill=-,flush=-,to=1/30000}{io=0/0,kio=0,kro=1}->SslConnection@683fe5fc{NOT_HANDSHAKING,eio=-1/0,di=-1,fill=IDLE,flush=IDLE}~>DecryptedEndPoint@20f8e13d{l=/127.0.0.1:44051,r=/127.0.0.1:33258,OPEN,fill=-,flush=W,to=44/30000}=>HttpConnection@441369af[p=HttpParser{s=CONTENT,0 of -1},g=HttpGenerator@fa910cf{s=COMPLETING}]=>HttpChannelOverHttp@3fb81444{s=HttpChannelState@58216778{s=HANDLING rs=BLOCKING os=COMMITTED is=IDLE awp=false se=false i=true al=0},r=1,c=false/false,a=HANDLING,uri=https://localhost:44051/,age=1}
03:43:12.742 [qtp399373008-56] DEBUG org.eclipse.jetty.io.ssl.SslConnection - net flushed=true, ac=true
03:43:12.743 [qtp399373008-56] DEBUG org.eclipse.jetty.io.ssl.SslConnection - <flush true SslConnection@683fe5fc::SocketChannelEndPoint@6e02d47d{l=/127.0.0.1:44051,r=/127.0.0.1:33258,OPEN,fill=-,flush=-,to=0/30000}{io=0/0,kio=0,kro=1}->SslConnection@683fe5fc{NOT_HANDSHAKING,eio=-1/-1,di=-1,fill=IDLE,flush=IDLE}~>DecryptedEndPoint@20f8e13d{l=/127.0.0.1:44051,r=/127.0.0.1:33258,OPEN,fill=-,flush=W,to=44/30000}=>HttpConnection@441369af[p=HttpParser{s=CONTENT,0 of -1},g=HttpGenerator@fa910cf{s=COMPLETING}]=>HttpChannelOverHttp@3fb81444{s=HttpChannelState@58216778{s=HANDLING rs=BLOCKING os=COMMITTED is=IDLE awp=false se=false i=true al=0},r=1,c=false/false,a=HANDLING,uri=https://localhost:44051/,age=2}
03:43:12.743 [qtp399373008-56] DEBUG org.eclipse.jetty.io.WriteFlusher - Flushed=true written=168 remaining=0 WriteFlusher@54a0db2e{WRITING}->null
03:43:12.743 [qtp399373008-56] DEBUG org.eclipse.jetty.io.WriteFlusher - update WriteFlusher@54a0db2e{IDLE}->null:WRITING-->IDLE
03:43:12.743 [qtp399373008-56] DEBUG org.eclipse.jetty.server.HttpConnection - generate: DONE for SendCallback@6f748cd2[PROCESSING][i=HTTP/1.1{s=200,h=4,cl=4},cb=org.eclipse.jetty.server.HttpChannel$SendCallback@338fec7a] ([p=164,l=164,c=8192,r=0],[p=4,l=4,c=512,r=0],true)@END
03:43:12.743 [main] DEBUG org.apache.nifi.minifi.bootstrap.configuration.ingestors.PullHttpChangeIngestor - Response received: Response{protocol=http/1.1, code=200, message=OK, url=https://localhost:44051/}
03:43:12.743 [qtp399373008-56] DEBUG org.eclipse.jetty.server.HttpOutput - onWriteComplete(true,null) s=CLOSING,api=BLOCKED,sc=false,e=null->s=CLOSED,api=BLOCKING,sc=false,e=null c=null cb=null w=false
03:43:12.743 [qtp399373008-56] DEBUG org.eclipse.jetty.server.HttpOutput - close() s=CLOSED,api=BLOCKING,sc=false,e=null c=null b=null
03:43:12.743 [qtp399373008-56] DEBUG org.eclipse.jetty.server.Server - handled=true async=false committed=true on HttpChannelOverHttp@3fb81444{s=HttpChannelState@58216778{s=HANDLING rs=BLOCKING os=COMPLETED is=IDLE awp=false se=false i=true al=0},r=1,c=false/true,a=HANDLING,uri=https://localhost:44051/,age=2}
03:43:12.743 [qtp399373008-56] DEBUG org.eclipse.jetty.server.HttpChannelState - unhandle HttpChannelState@58216778{s=HANDLING rs=BLOCKING os=COMPLETED is=IDLE awp=false se=false i=true al=0}
03:43:12.743 [main] DEBUG org.apache.nifi.minifi.bootstrap.configuration.ingestors.PullHttpChangeIngestor - New change received, notifying listener
03:43:12.743 [qtp399373008-56] DEBUG org.eclipse.jetty.server.HttpChannelState - nextAction(false) COMPLETE HttpChannelState@58216778{s=HANDLING rs=COMPLETING os=COMPLETED is=IDLE awp=false se=false i=false al=0}
03:43:12.743 [qtp399373008-56] DEBUG org.eclipse.jetty.server.HttpChannel - action COMPLETE HttpChannelOverHttp@3fb81444{s=HttpChannelState@58216778{s=HANDLING rs=COMPLETING os=COMPLETED is=IDLE awp=false se=false i=false al=0},r=1,c=false/true,a=HANDLING,uri=https://localhost:44051/,age=2}
03:43:12.743 [main] DEBUG org.apache.nifi.minifi.bootstrap.configuration.ingestors.PullHttpChangeIngestor - Listeners notified
03:43:12.743 [qtp399373008-56] DEBUG org.eclipse.jetty.server.HttpOutput - complete(org.eclipse.jetty.util.Callback$3@6ec572c4) s=CLOSED,api=BLOCKING,sc=false,e=null s=true e=null, c=null
03:43:12.743 [qtp399373008-56] DEBUG org.eclipse.jetty.server.HttpChannelState - completed HttpChannelState@58216778{s=HANDLING rs=COMPLETING os=COMPLETED is=IDLE awp=false se=false i=false al=0}
03:43:12.743 [qtp399373008-56] DEBUG org.eclipse.jetty.server.HttpChannelState - unhandle HttpChannelState@58216778{s=HANDLING rs=COMPLETED os=COMPLETED is=IDLE awp=false se=false i=false al=0}
03:43:12.743 [qtp399373008-56] DEBUG org.eclipse.jetty.server.HttpChannelState - nextAction(false) TERMINATED HttpChannelState@58216778{s=IDLE rs=COMPLETED os=COMPLETED is=IDLE awp=false se=false i=false al=0}
03:43:12.743 [qtp399373008-56] DEBUG org.eclipse.jetty.server.HttpChannel - action TERMINATED HttpChannelOverHttp@3fb81444{s=HttpChannelState@58216778{s=IDLE rs=COMPLETED os=COMPLETED is=IDLE awp=false se=false i=false al=0},r=1,c=true/true,a=IDLE,uri=https://localhost:44051/,age=2}
03:43:12.743 [qtp399373008-56] DEBUG org.eclipse.jetty.server.HttpChannel - onCompleted for / written=4
]]></system-out>
  </testcase>
  <testcase name="testUseEtagWithPath" classname="org.apache.nifi.minifi.bootstrap.configuration.ingestors.PullHttpChangeIngestorSSLTest" time="0.066">
    <system-out><![CDATA[03:43:12.743 [qtp399373008-56] DEBUG org.eclipse.jetty.io.ssl.SslConnection - >fill SslConnection@683fe5fc::SocketChannelEndPoint@6e02d47d{l=/127.0.0.1:44051,r=/127.0.0.1:33258,OPEN,fill=-,flush=-,to=0/30000}{io=0/0,kio=0,kro=1}->SslConnection@683fe5fc{NOT_HANDSHAKING,eio=-1/-1,di=-1,fill=IDLE,flush=IDLE}~>DecryptedEndPoint@20f8e13d{l=/127.0.0.1:44051,r=/127.0.0.1:33258,OPEN,fill=-,flush=-,to=45/30000}=>HttpConnection@441369af[p=HttpParser{s=CONTENT,0 of -1},g=HttpGenerator@fa910cf{s=END}]=>HttpChannelOverHttp@3fb81444{s=HttpChannelState@58216778{s=IDLE rs=COMPLETED os=COMPLETED is=IDLE awp=false se=false i=false al=0},r=1,c=true/true,a=IDLE,uri=https://localhost:44051/,age=2}
03:43:12.743 [qtp399373008-56] DEBUG org.eclipse.jetty.io.ssl.SslConnection - fill NOT_HANDSHAKING
03:43:12.743 [qtp399373008-56] DEBUG org.eclipse.jetty.io.ChannelEndPoint - filled 0 HeapByteBuffer@729047a8[p=0,l=0,c=17408,r=0]={<<<>>>GET / HTT...\x00\x00\x00\x00\x00\x00\x00}
03:43:12.743 [qtp399373008-56] DEBUG org.eclipse.jetty.io.ssl.SslConnection - net filled=0
03:43:12.743 [qtp399373008-56] DEBUG org.eclipse.jetty.io.ssl.SslConnection - unwrap net_filled=0 Status = BUFFER_UNDERFLOW HandshakeStatus = NOT_HANDSHAKING bytesConsumed = 0 bytesProduced = 0 encryptedBuffer=[p=0,l=0,c=17408,r=0] unwrapBuffer=HeapByteBuffer@78682cd8[p=0,l=0,c=17408,r=0]={<<<>>>\x17\x03\x03\x03\xAd\x0b\x00\x03\x88...\x00\x00\x00\x00\x00\x00\x00} appBuffer=HeapByteBuffer@78682cd8[p=0,l=0,c=17408,r=0]={<<<>>>\x17\x03\x03\x03\xAd\x0b\x00\x03\x88...\x00\x00\x00\x00\x00\x00\x00}
03:43:12.743 [qtp399373008-56] DEBUG org.eclipse.jetty.io.ssl.SslConnection - <fill f=0 uf=true SslConnection@683fe5fc::SocketChannelEndPoint@6e02d47d{l=/127.0.0.1:44051,r=/127.0.0.1:33258,OPEN,fill=-,flush=-,to=0/30000}{io=0/0,kio=0,kro=1}->SslConnection@683fe5fc{NOT_HANDSHAKING,eio=-1/-1,di=-1,fill=IDLE,flush=IDLE}~>DecryptedEndPoint@20f8e13d{l=/127.0.0.1:44051,r=/127.0.0.1:33258,OPEN,fill=-,flush=-,to=45/30000}=>HttpConnection@441369af[p=HttpParser{s=CONTENT,0 of -1},g=HttpGenerator@fa910cf{s=END}]=>HttpChannelOverHttp@3fb81444{s=HttpChannelState@58216778{s=IDLE rs=COMPLETED os=COMPLETED is=IDLE awp=false se=false i=false al=0},r=1,c=true/true,a=IDLE,uri=https://localhost:44051/,age=2}
03:43:12.744 [qtp399373008-56] DEBUG org.eclipse.jetty.io.ssl.SslConnection - >fill SslConnection@683fe5fc::SocketChannelEndPoint@6e02d47d{l=/127.0.0.1:44051,r=/127.0.0.1:33258,OPEN,fill=-,flush=-,to=1/30000}{io=0/0,kio=0,kro=1}->SslConnection@683fe5fc{NOT_HANDSHAKING,eio=-1/-1,di=-1,fill=IDLE,flush=IDLE}~>DecryptedEndPoint@20f8e13d{l=/127.0.0.1:44051,r=/127.0.0.1:33258,OPEN,fill=-,flush=-,to=45/30000}=>HttpConnection@441369af[p=HttpParser{s=CONTENT,0 of -1},g=HttpGenerator@fa910cf{s=END}]=>HttpChannelOverHttp@3fb81444{s=HttpChannelState@58216778{s=IDLE rs=COMPLETED os=COMPLETED is=IDLE awp=false se=false i=false al=0},r=1,c=true/true,a=IDLE,uri=https://localhost:44051/,age=2}
03:43:12.744 [qtp399373008-56] DEBUG org.eclipse.jetty.io.ssl.SslConnection - fill NOT_HANDSHAKING
03:43:12.744 [qtp399373008-56] DEBUG org.eclipse.jetty.io.ChannelEndPoint - filled 0 HeapByteBuffer@76afdda5[p=0,l=0,c=17408,r=0]={<<<>>>\x17\x03\x03\x00\xC9\x88\xF2\xD0\xC4...\x00\x00\x00\x00\x00\x00\x00}
03:43:12.744 [qtp399373008-56] DEBUG org.eclipse.jetty.io.ssl.SslConnection - net filled=0
03:43:12.744 [qtp399373008-56] DEBUG org.eclipse.jetty.io.ssl.SslConnection - unwrap net_filled=0 Status = BUFFER_UNDERFLOW HandshakeStatus = NOT_HANDSHAKING bytesConsumed = 0 bytesProduced = 0 encryptedBuffer=[p=0,l=0,c=17408,r=0] unwrapBuffer=HeapByteBuffer@78682cd8[p=0,l=0,c=17408,r=0]={<<<>>>\x17\x03\x03\x03\xAd\x0b\x00\x03\x88...\x00\x00\x00\x00\x00\x00\x00} appBuffer=HeapByteBuffer@78682cd8[p=0,l=0,c=17408,r=0]={<<<>>>\x17\x03\x03\x03\xAd\x0b\x00\x03\x88...\x00\x00\x00\x00\x00\x00\x00}
03:43:12.744 [qtp399373008-56] DEBUG org.eclipse.jetty.io.ssl.SslConnection - <fill f=0 uf=true SslConnection@683fe5fc::SocketChannelEndPoint@6e02d47d{l=/127.0.0.1:44051,r=/127.0.0.1:33258,OPEN,fill=-,flush=-,to=1/30000}{io=0/0,kio=0,kro=1}->SslConnection@683fe5fc{NOT_HANDSHAKING,eio=-1/-1,di=-1,fill=IDLE,flush=IDLE}~>DecryptedEndPoint@20f8e13d{l=/127.0.0.1:44051,r=/127.0.0.1:33258,OPEN,fill=-,flush=-,to=45/30000}=>HttpConnection@441369af[p=HttpParser{s=CONTENT,0 of -1},g=HttpGenerator@fa910cf{s=END}]=>HttpChannelOverHttp@3fb81444{s=HttpChannelState@58216778{s=IDLE rs=COMPLETED os=COMPLETED is=IDLE awp=false se=false i=false al=0},r=1,c=true/true,a=IDLE,uri=https://localhost:44051/,age=3}
03:43:12.744 [qtp399373008-56] DEBUG org.eclipse.jetty.server.HttpConnection - HttpConnection@441369af::DecryptedEndPoint@20f8e13d{l=/127.0.0.1:44051,r=/127.0.0.1:33258,OPEN,fill=-,flush=-,to=45/30000} filled 0 HeapByteBuffer@78682cd8[p=0,l=0,c=17408,r=0]={<<<>>>\x17\x03\x03\x03\xAd\x0b\x00\x03\x88...\x00\x00\x00\x00\x00\x00\x00}
03:43:12.744 [qtp399373008-56] DEBUG org.eclipse.jetty.server.HttpConnection - HttpConnection@441369af::DecryptedEndPoint@20f8e13d{l=/127.0.0.1:44051,r=/127.0.0.1:33258,OPEN,fill=-,flush=-,to=45/30000} parse HeapByteBuffer@78682cd8[p=0,l=0,c=17408,r=0]={<<<>>>\x17\x03\x03\x03\xAd\x0b\x00\x03\x88...\x00\x00\x00\x00\x00\x00\x00} {}
03:43:12.744 [qtp399373008-56] DEBUG org.eclipse.jetty.http.HttpParser - parseNext s=CONTENT HeapByteBuffer@78682cd8[p=0,l=0,c=17408,r=0]={<<<>>>\x17\x03\x03\x03\xAd\x0b\x00\x03\x88...\x00\x00\x00\x00\x00\x00\x00}
03:43:12.744 [qtp399373008-56] DEBUG org.eclipse.jetty.http.HttpParser - CONTENT --> CONTENT_END
03:43:12.744 [qtp399373008-56] DEBUG org.eclipse.jetty.server.HttpChannel - onContentComplete HttpChannelOverHttp@3fb81444{s=HttpChannelState@58216778{s=IDLE rs=COMPLETED os=COMPLETED is=IDLE awp=false se=false i=false al=0},r=1,c=true/true,a=IDLE,uri=https://localhost:44051/,age=3}
03:43:12.744 [qtp399373008-56] DEBUG org.eclipse.jetty.http.HttpParser - CONTENT_END --> END
03:43:12.744 [qtp399373008-56] DEBUG org.eclipse.jetty.server.HttpChannel - onRequestComplete HttpChannelOverHttp@3fb81444{s=HttpChannelState@58216778{s=IDLE rs=COMPLETED os=COMPLETED is=IDLE awp=false se=false i=false al=0},r=1,c=true/true,a=IDLE,uri=https://localhost:44051/,age=3}
03:43:12.744 [qtp399373008-56] DEBUG org.eclipse.jetty.server.HttpInput - HttpInputOverHTTP@259c71d2[c=0,q=0,[0]=null,s=STREAM] addContent EOF
03:43:12.744 [qtp399373008-56] DEBUG org.eclipse.jetty.server.HttpConnection - HttpConnection@441369af::DecryptedEndPoint@20f8e13d{l=/127.0.0.1:44051,r=/127.0.0.1:33258,OPEN,fill=-,flush=-,to=46/30000} parsed false HttpParser{s=END,0 of -1}
03:43:12.744 [qtp399373008-56] DEBUG org.eclipse.jetty.server.HttpConnection - releaseRequestBuffer HttpConnection@441369af::DecryptedEndPoint@20f8e13d{l=/127.0.0.1:44051,r=/127.0.0.1:33258,OPEN,fill=-,flush=-,to=46/30000}
03:43:12.744 [qtp399373008-56] DEBUG org.eclipse.jetty.server.HttpChannelState - recycle HttpChannelState@58216778{s=IDLE rs=COMPLETED os=COMPLETED is=IDLE awp=false se=false i=false al=0}
03:43:12.744 [qtp399373008-56] DEBUG org.eclipse.jetty.http.HttpParser - reset HttpParser{s=END,0 of -1}
03:43:12.744 [qtp399373008-56] DEBUG org.eclipse.jetty.http.HttpParser - END --> START
03:43:12.744 [qtp399373008-56] DEBUG org.eclipse.jetty.server.HttpChannel - !handle TERMINATED HttpChannelOverHttp@3fb81444{s=HttpChannelState@58216778{s=IDLE rs=BLOCKING os=OPEN is=IDLE awp=false se=false i=true al=0},r=1,c=false/false,a=IDLE,uri=null,age=0}
03:43:12.744 [qtp399373008-56] DEBUG org.eclipse.jetty.io.ssl.SslConnection - >fill SslConnection@683fe5fc::SocketChannelEndPoint@6e02d47d{l=/127.0.0.1:44051,r=/127.0.0.1:33258,OPEN,fill=-,flush=-,to=1/30000}{io=0/0,kio=0,kro=1}->SslConnection@683fe5fc{NOT_HANDSHAKING,eio=-1/-1,di=-1,fill=IDLE,flush=IDLE}~>DecryptedEndPoint@20f8e13d{l=/127.0.0.1:44051,r=/127.0.0.1:33258,OPEN,fill=-,flush=-,to=46/30000}=>HttpConnection@441369af[p=HttpParser{s=START,0 of -1},g=HttpGenerator@fa910cf{s=START}]=>HttpChannelOverHttp@3fb81444{s=HttpChannelState@58216778{s=IDLE rs=BLOCKING os=OPEN is=IDLE awp=false se=false i=true al=0},r=1,c=false/false,a=IDLE,uri=null,age=0}
03:43:12.744 [qtp399373008-56] DEBUG org.eclipse.jetty.io.ssl.SslConnection - fill NOT_HANDSHAKING
03:43:12.744 [qtp399373008-56] DEBUG org.eclipse.jetty.io.ChannelEndPoint - filled 0 HeapByteBuffer@76afdda5[p=0,l=0,c=17408,r=0]={<<<>>>\x17\x03\x03\x00\xC9\x88\xF2\xD0\xC4...\x00\x00\x00\x00\x00\x00\x00}
03:43:12.744 [qtp399373008-56] DEBUG org.eclipse.jetty.io.ssl.SslConnection - net filled=0
03:43:12.744 [qtp399373008-56] DEBUG org.eclipse.jetty.io.ssl.SslConnection - unwrap net_filled=0 Status = BUFFER_UNDERFLOW HandshakeStatus = NOT_HANDSHAKING bytesConsumed = 0 bytesProduced = 0 encryptedBuffer=[p=0,l=0,c=17408,r=0] unwrapBuffer=HeapByteBuffer@729047a8[p=0,l=0,c=17408,r=0]={<<<>>>GET / HTT...\x00\x00\x00\x00\x00\x00\x00} appBuffer=HeapByteBuffer@729047a8[p=0,l=0,c=17408,r=0]={<<<>>>GET / HTT...\x00\x00\x00\x00\x00\x00\x00}
03:43:12.744 [qtp399373008-56] DEBUG org.eclipse.jetty.io.ssl.SslConnection - <fill f=0 uf=true SslConnection@683fe5fc::SocketChannelEndPoint@6e02d47d{l=/127.0.0.1:44051,r=/127.0.0.1:33258,OPEN,fill=-,flush=-,to=1/30000}{io=0/0,kio=0,kro=1}->SslConnection@683fe5fc{NOT_HANDSHAKING,eio=-1/-1,di=-1,fill=IDLE,flush=IDLE}~>DecryptedEndPoint@20f8e13d{l=/127.0.0.1:44051,r=/127.0.0.1:33258,OPEN,fill=-,flush=-,to=46/30000}=>HttpConnection@441369af[p=HttpParser{s=START,0 of -1},g=HttpGenerator@fa910cf{s=START}]=>HttpChannelOverHttp@3fb81444{s=HttpChannelState@58216778{s=IDLE rs=BLOCKING os=OPEN is=IDLE awp=false se=false i=true al=0},r=1,c=false/false,a=IDLE,uri=null,age=0}
03:43:12.745 [qtp399373008-56] DEBUG org.eclipse.jetty.io.ssl.SslConnection - >fill SslConnection@683fe5fc::SocketChannelEndPoint@6e02d47d{l=/127.0.0.1:44051,r=/127.0.0.1:33258,OPEN,fill=-,flush=-,to=2/30000}{io=0/0,kio=0,kro=1}->SslConnection@683fe5fc{NOT_HANDSHAKING,eio=-1/-1,di=-1,fill=IDLE,flush=IDLE}~>DecryptedEndPoint@20f8e13d{l=/127.0.0.1:44051,r=/127.0.0.1:33258,OPEN,fill=-,flush=-,to=46/30000}=>HttpConnection@441369af[p=HttpParser{s=START,0 of -1},g=HttpGenerator@fa910cf{s=START}]=>HttpChannelOverHttp@3fb81444{s=HttpChannelState@58216778{s=IDLE rs=BLOCKING os=OPEN is=IDLE awp=false se=false i=true al=0},r=1,c=false/false,a=IDLE,uri=null,age=0}
03:43:12.745 [qtp399373008-56] DEBUG org.eclipse.jetty.io.ssl.SslConnection - fill NOT_HANDSHAKING
03:43:12.745 [qtp399373008-56] DEBUG org.eclipse.jetty.io.ChannelEndPoint - filled 0 HeapByteBuffer@78682cd8[p=0,l=0,c=17408,r=0]={<<<>>>\x17\x03\x03\x03\xAd\x0b\x00\x03\x88...\x00\x00\x00\x00\x00\x00\x00}
03:43:12.745 [qtp399373008-56] DEBUG org.eclipse.jetty.io.ssl.SslConnection - net filled=0
03:43:12.745 [qtp399373008-56] DEBUG org.eclipse.jetty.io.ssl.SslConnection - unwrap net_filled=0 Status = BUFFER_UNDERFLOW HandshakeStatus = NOT_HANDSHAKING bytesConsumed = 0 bytesProduced = 0 encryptedBuffer=[p=0,l=0,c=17408,r=0] unwrapBuffer=HeapByteBuffer@729047a8[p=0,l=0,c=17408,r=0]={<<<>>>GET / HTT...\x00\x00\x00\x00\x00\x00\x00} appBuffer=HeapByteBuffer@729047a8[p=0,l=0,c=17408,r=0]={<<<>>>GET / HTT...\x00\x00\x00\x00\x00\x00\x00}
03:43:12.745 [qtp399373008-56] DEBUG org.eclipse.jetty.io.ssl.SslConnection - <fill f=0 uf=true SslConnection@683fe5fc::SocketChannelEndPoint@6e02d47d{l=/127.0.0.1:44051,r=/127.0.0.1:33258,OPEN,fill=-,flush=-,to=2/30000}{io=0/0,kio=0,kro=1}->SslConnection@683fe5fc{NOT_HANDSHAKING,eio=-1/-1,di=-1,fill=IDLE,flush=IDLE}~>DecryptedEndPoint@20f8e13d{l=/127.0.0.1:44051,r=/127.0.0.1:33258,OPEN,fill=-,flush=-,to=46/30000}=>HttpConnection@441369af[p=HttpParser{s=START,0 of -1},g=HttpGenerator@fa910cf{s=START}]=>HttpChannelOverHttp@3fb81444{s=HttpChannelState@58216778{s=IDLE rs=BLOCKING os=OPEN is=IDLE awp=false se=false i=true al=0},r=1,c=false/false,a=IDLE,uri=null,age=0}
03:43:12.745 [qtp399373008-56] DEBUG org.eclipse.jetty.server.HttpConnection - HttpConnection@441369af::DecryptedEndPoint@20f8e13d{l=/127.0.0.1:44051,r=/127.0.0.1:33258,OPEN,fill=-,flush=-,to=46/30000} filled 0 HeapByteBuffer@729047a8[p=0,l=0,c=17408,r=0]={<<<>>>GET / HTT...\x00\x00\x00\x00\x00\x00\x00}
03:43:12.745 [qtp399373008-56] DEBUG org.eclipse.jetty.server.HttpConnection - HttpConnection@441369af::DecryptedEndPoint@20f8e13d{l=/127.0.0.1:44051,r=/127.0.0.1:33258,OPEN,fill=-,flush=-,to=46/30000} parse HeapByteBuffer@729047a8[p=0,l=0,c=17408,r=0]={<<<>>>GET / HTT...\x00\x00\x00\x00\x00\x00\x00} {}
03:43:12.745 [qtp399373008-56] DEBUG org.eclipse.jetty.http.HttpParser - parseNext s=START HeapByteBuffer@729047a8[p=0,l=0,c=17408,r=0]={<<<>>>GET / HTT...\x00\x00\x00\x00\x00\x00\x00}
03:43:12.745 [qtp399373008-56] DEBUG org.eclipse.jetty.server.HttpConnection - HttpConnection@441369af::DecryptedEndPoint@20f8e13d{l=/127.0.0.1:44051,r=/127.0.0.1:33258,OPEN,fill=-,flush=-,to=46/30000} parsed false HttpParser{s=START,0 of -1}
03:43:12.745 [qtp399373008-56] DEBUG org.eclipse.jetty.server.HttpConnection - releaseRequestBuffer HttpConnection@441369af::DecryptedEndPoint@20f8e13d{l=/127.0.0.1:44051,r=/127.0.0.1:33258,OPEN,fill=-,flush=-,to=46/30000}
03:43:12.745 [qtp399373008-56] DEBUG org.eclipse.jetty.io.AbstractConnection - fillInterested HttpConnection@441369af::DecryptedEndPoint@20f8e13d{l=/127.0.0.1:44051,r=/127.0.0.1:33258,OPEN,fill=-,flush=-,to=47/30000}
03:43:12.745 [qtp399373008-56] DEBUG org.eclipse.jetty.io.FillInterest - interested FillInterest@50285e84{AC.ReadCB@441369af{HttpConnection@441369af::DecryptedEndPoint@20f8e13d{l=/127.0.0.1:44051,r=/127.0.0.1:33258,OPEN,fill=FI,flush=-,to=0/30000}}}
03:43:12.745 [main] DEBUG org.apache.nifi.minifi.bootstrap.configuration.ingestors.PullHttpChangeIngestor - Attempting to pull new config
03:43:12.745 [qtp399373008-56] DEBUG org.eclipse.jetty.io.ssl.SslConnection - >needFillInterest s=IDLE/IDLE uf=true ei=null di=null SslConnection@683fe5fc::SocketChannelEndPoint@6e02d47d{l=/127.0.0.1:44051,r=/127.0.0.1:33258,OPEN,fill=-,flush=-,to=2/30000}{io=0/0,kio=0,kro=1}->SslConnection@683fe5fc{NOT_HANDSHAKING,eio=-1/-1,di=-1,fill=IDLE,flush=IDLE}~>DecryptedEndPoint@20f8e13d{l=/127.0.0.1:44051,r=/127.0.0.1:33258,OPEN,fill=FI,flush=-,to=0/30000}=>HttpConnection@441369af[p=HttpParser{s=START,0 of -1},g=HttpGenerator@fa910cf{s=START}]=>HttpChannelOverHttp@3fb81444{s=HttpChannelState@58216778{s=IDLE rs=BLOCKING os=OPEN is=IDLE awp=false se=false i=true al=0},r=1,c=false/false,a=IDLE,uri=null,age=0}
03:43:12.745 [qtp399373008-56] DEBUG org.eclipse.jetty.io.ssl.SslConnection - <needFillInterest s=IDLE/INTERESTED f=false i=true w=null
03:43:12.745 [qtp399373008-56] DEBUG org.eclipse.jetty.io.ssl.SslConnection - ensureFillInterested SslConnection@683fe5fc::SocketChannelEndPoint@6e02d47d{l=/127.0.0.1:44051,r=/127.0.0.1:33258,OPEN,fill=-,flush=-,to=2/30000}{io=0/0,kio=0,kro=1}->SslConnection@683fe5fc{NOT_HANDSHAKING,eio=-1/-1,di=-1,fill=INTERESTED,flush=IDLE}~>DecryptedEndPoint@20f8e13d{l=/127.0.0.1:44051,r=/127.0.0.1:33258,OPEN,fill=FI,flush=-,to=0/30000}=>HttpConnection@441369af[p=HttpParser{s=START,0 of -1},g=HttpGenerator@fa910cf{s=START}]=>HttpChannelOverHttp@3fb81444{s=HttpChannelState@58216778{s=IDLE rs=BLOCKING os=OPEN is=IDLE awp=false se=false i=true al=0},r=1,c=false/false,a=IDLE,uri=null,age=0}
03:43:12.745 [qtp399373008-56] DEBUG org.eclipse.jetty.io.FillInterest - interested FillInterest@59ad6f7b{SSLC.NBReadCB@683fe5fc{SslConnection@683fe5fc::SocketChannelEndPoint@6e02d47d{l=/127.0.0.1:44051,r=/127.0.0.1:33258,OPEN,fill=FI,flush=-,to=0/30000}{io=0/0,kio=0,kro=1}->SslConnection@683fe5fc{NOT_HANDSHAKING,eio=-1/-1,di=-1,fill=INTERESTED,flush=IDLE}~>DecryptedEndPoint@20f8e13d{l=/127.0.0.1:44051,r=/127.0.0.1:33258,OPEN,fill=FI,flush=-,to=0/30000}=>HttpConnection@441369af[p=HttpParser{s=START,0 of -1},g=HttpGenerator@fa910cf{s=START}]=>HttpChannelOverHttp@3fb81444{s=HttpChannelState@58216778{s=IDLE rs=BLOCKING os=OPEN is=IDLE awp=false se=false i=true al=0},r=1,c=false/false,a=IDLE,uri=null,age=0}}}
03:43:12.745 [qtp399373008-56] DEBUG org.eclipse.jetty.io.ChannelEndPoint - changeInterests p=false 0->1 for SocketChannelEndPoint@6e02d47d{l=/127.0.0.1:44051,r=/127.0.0.1:33258,OPEN,fill=FI,flush=-,to=0/30000}{io=0/1,kio=0,kro=1}->SslConnection@683fe5fc{NOT_HANDSHAKING,eio=-1/-1,di=-1,fill=INTERESTED,flush=IDLE}~>DecryptedEndPoint@20f8e13d{l=/127.0.0.1:44051,r=/127.0.0.1:33258,OPEN,fill=FI,flush=-,to=0/30000}=>HttpConnection@441369af[p=HttpParser{s=START,0 of -1},g=HttpGenerator@fa910cf{s=START}]=>HttpChannelOverHttp@3fb81444{s=HttpChannelState@58216778{s=IDLE rs=BLOCKING os=OPEN is=IDLE awp=false se=false i=true al=0},r=1,c=false/false,a=IDLE,uri=null,age=0}
03:43:12.745 [qtp399373008-56] DEBUG org.eclipse.jetty.io.ManagedSelector - Queued change lazy=false org.eclipse.jetty.io.ChannelEndPoint$$Lambda$255/90666987@4e2a61b7 on ManagedSelector@7bb6ab3a{STARTED} id=3 keys=1 selected=0 updates=0
03:43:12.745 [qtp399373008-56] DEBUG org.eclipse.jetty.io.ManagedSelector - Wakeup on submit ManagedSelector@7bb6ab3a{STARTED} id=3 keys=1 selected=0 updates=1
03:43:12.745 [qtp399373008-59-acceptor-0@4795ded0-ServerConnector@2374d36a{SSL, (ssl, http/1.1)}{localhost:44051}] DEBUG org.eclipse.jetty.io.ManagedSelector - Queued change lazy=false Accept@6b848f46[java.nio.channels.SocketChannel[connected local=/127.0.0.1:44051 remote=/127.0.0.1:33262]] on ManagedSelector@4e70a728{STARTED} id=0 keys=0 selected=0 updates=0
03:43:12.746 [qtp399373008-56] DEBUG org.eclipse.jetty.server.HttpConnection - HttpConnection@441369af::DecryptedEndPoint@20f8e13d{l=/127.0.0.1:44051,r=/127.0.0.1:33258,OPEN,fill=FI,flush=-,to=0/30000} onFillable exit HttpChannelState@58216778{s=IDLE rs=BLOCKING os=OPEN is=IDLE awp=false se=false i=true al=0} null
03:43:12.746 [qtp399373008-59-acceptor-0@4795ded0-ServerConnector@2374d36a{SSL, (ssl, http/1.1)}{localhost:44051}] DEBUG org.eclipse.jetty.io.ManagedSelector - Wakeup on submit ManagedSelector@4e70a728{STARTED} id=0 keys=0 selected=0 updates=1
03:43:12.746 [qtp399373008-55] DEBUG org.eclipse.jetty.io.ManagedSelector - Selector sun.nio.ch.EPollSelectorImpl@7ec05eed woken with none selected
03:43:12.746 [qtp399373008-55] DEBUG org.eclipse.jetty.io.ManagedSelector - Selector sun.nio.ch.EPollSelectorImpl@7ec05eed woken up from select, 0/0/0 selected
03:43:12.746 [qtp399373008-61] DEBUG org.eclipse.jetty.io.ManagedSelector - Selector sun.nio.ch.EPollSelectorImpl@6d031e6b woken with none selected
03:43:12.746 [qtp399373008-55] DEBUG org.eclipse.jetty.io.ManagedSelector - Selector sun.nio.ch.EPollSelectorImpl@7ec05eed processing 0 keys, 1 updates
03:43:12.746 [qtp399373008-61] DEBUG org.eclipse.jetty.io.ManagedSelector - Selector sun.nio.ch.EPollSelectorImpl@6d031e6b woken up from select, 0/0/1 selected
03:43:12.746 [qtp399373008-56] DEBUG org.eclipse.jetty.io.ssl.SslConnection - <c.onFillable SslConnection@683fe5fc::SocketChannelEndPoint@6e02d47d{l=/127.0.0.1:44051,r=/127.0.0.1:33258,OPEN,fill=FI,flush=-,to=0/30000}{io=0/1,kio=0,kro=1}->SslConnection@683fe5fc{NOT_HANDSHAKING,eio=-1/-1,di=-1,fill=INTERESTED,flush=IDLE}~>DecryptedEndPoint@20f8e13d{l=/127.0.0.1:44051,r=/127.0.0.1:33258,OPEN,fill=FI,flush=-,to=0/30000}=>HttpConnection@441369af[p=HttpParser{s=START,0 of -1},g=HttpGenerator@fa910cf{s=START}]=>HttpChannelOverHttp@3fb81444{s=HttpChannelState@58216778{s=IDLE rs=BLOCKING os=OPEN is=IDLE awp=false se=false i=true al=0},r=1,c=false/false,a=IDLE,uri=null,age=0}
03:43:12.746 [qtp399373008-55] DEBUG org.eclipse.jetty.io.ManagedSelector - updateable 1
03:43:12.746 [qtp399373008-61] DEBUG org.eclipse.jetty.io.ManagedSelector - Selector sun.nio.ch.EPollSelectorImpl@6d031e6b processing 0 keys, 1 updates
03:43:12.746 [qtp399373008-61] DEBUG org.eclipse.jetty.io.ManagedSelector - updateable 1
03:43:12.746 [qtp399373008-61] DEBUG org.eclipse.jetty.io.ManagedSelector - update org.eclipse.jetty.io.ChannelEndPoint$$Lambda$255/90666987@4e2a61b7
03:43:12.746 [qtp399373008-55] DEBUG org.eclipse.jetty.io.ManagedSelector - update Accept@6b848f46[java.nio.channels.SocketChannel[connected local=/127.0.0.1:44051 remote=/127.0.0.1:33262]]
03:43:12.747 [qtp399373008-56] DEBUG org.eclipse.jetty.util.thread.ReservedThreadExecutor - ReservedThread@5f97eb0b{RUNNING,thread=Thread[qtp399373008-56,5,main]} was=RUNNING next=RESERVED size=0+2 capacity=8
03:43:12.747 [qtp399373008-55] DEBUG org.eclipse.jetty.util.thread.QueuedThreadPool - queue Accept@6b848f46[java.nio.channels.SocketChannel[connected local=/127.0.0.1:44051 remote=/127.0.0.1:33262]] startThread=0
03:43:12.747 [qtp399373008-56] DEBUG org.eclipse.jetty.util.thread.ReservedThreadExecutor - ReservedThread@5f97eb0b{RESERVED,thread=Thread[qtp399373008-56,5,main]} waiting ReservedThreadExecutor@424fd310{reserved=2/8,pending=0}
03:43:12.747 [qtp399373008-61] DEBUG org.eclipse.jetty.io.ChannelEndPoint - Key interests updated 0 -> 1 on SocketChannelEndPoint@6e02d47d{l=/127.0.0.1:44051,r=/127.0.0.1:33258,OPEN,fill=FI,flush=-,to=0/30000}{io=1/1,kio=1,kro=1}->SslConnection@683fe5fc{NOT_HANDSHAKING,eio=-1/-1,di=-1,fill=INTERESTED,flush=IDLE}~>DecryptedEndPoint@20f8e13d{l=/127.0.0.1:44051,r=/127.0.0.1:33258,OPEN,fill=FI,flush=-,to=1/30000}=>HttpConnection@441369af[p=HttpParser{s=START,0 of -1},g=HttpGenerator@fa910cf{s=START}]=>HttpChannelOverHttp@3fb81444{s=HttpChannelState@58216778{s=IDLE rs=BLOCKING os=OPEN is=IDLE awp=false se=false i=true al=0},r=1,c=false/false,a=IDLE,uri=null,age=0}
03:43:12.747 [qtp399373008-61] DEBUG org.eclipse.jetty.io.ManagedSelector - updates 0
03:43:12.747 [qtp399373008-61] DEBUG org.eclipse.jetty.io.ManagedSelector - Selector sun.nio.ch.EPollSelectorImpl@6d031e6b waiting with 1 keys
03:43:12.747 [qtp399373008-55] DEBUG org.eclipse.jetty.io.ManagedSelector - updates 0
03:43:12.747 [qtp399373008-58] DEBUG org.eclipse.jetty.util.thread.QueuedThreadPool - run Accept@6b848f46[java.nio.channels.SocketChannel[connected local=/127.0.0.1:44051 remote=/127.0.0.1:33262]] in QueuedThreadPool[qtp399373008]@17cdf2d0{STARTED,8<=8<=200,i=0,r=-1,q=0}[ReservedThreadExecutor@424fd310{reserved=2/8,pending=0}]
03:43:12.747 [qtp399373008-55] DEBUG org.eclipse.jetty.io.ManagedSelector - Selector sun.nio.ch.EPollSelectorImpl@7ec05eed waiting with 1 keys
03:43:12.747 [qtp399373008-58] DEBUG org.eclipse.jetty.io.IdleTimeout - SocketChannelEndPoint@67fb751b{l=/127.0.0.1:44051,r=/127.0.0.1:33262,OPEN,fill=-,flush=-,to=0/30000}{io=0/0,kio=0,kro=0}-><null> idle timeout check, elapsed: 0 ms, remaining: 30000 ms
03:43:12.747 [qtp399373008-58] DEBUG org.eclipse.jetty.util.ssl.SslContextFactory - Customize sun.security.ssl.SSLEngineImpl@22f9f780
03:43:12.747 [qtp399373008-58] DEBUG org.eclipse.jetty.server.HttpChannel - new HttpChannelOverHttp@57fc45f2{s=HttpChannelState@13915393{s=IDLE rs=BLOCKING os=OPEN is=IDLE awp=false se=false i=true al=0},r=0,c=false/false,a=IDLE,uri=null,age=0} -> DecryptedEndPoint@2f7ebf57{l=/127.0.0.1:44051,r=/127.0.0.1:33262,OPEN,fill=-,flush=-,to=0/30000},null,HttpChannelState@13915393{s=IDLE rs=BLOCKING os=OPEN is=IDLE awp=false se=false i=true al=0}
03:43:12.747 [qtp399373008-58] DEBUG org.eclipse.jetty.server.HttpConnection - New HTTP Connection HttpConnection@42d608cf::DecryptedEndPoint@2f7ebf57{l=/127.0.0.1:44051,r=/127.0.0.1:33262,OPEN,fill=-,flush=-,to=0/30000}
03:43:12.747 [qtp399373008-58] DEBUG org.eclipse.jetty.io.ManagedSelector - Queued change lazy=true org.eclipse.jetty.io.ManagedSelector$$Lambda$258/445561681@773016b2 on ManagedSelector@4e70a728{STARTED} id=0 keys=1 selected=0 updates=0
03:43:12.747 [qtp399373008-58] DEBUG org.eclipse.jetty.io.AbstractEndPoint - onOpen SocketChannelEndPoint@67fb751b{l=/127.0.0.1:44051,r=/127.0.0.1:33262,OPEN,fill=-,flush=-,to=0/30000}{io=0/0,kio=0,kro=0}->SslConnection@6e24ce0c{NOT_HANDSHAKING,eio=-1/-1,di=-1,fill=IDLE,flush=IDLE}~>DecryptedEndPoint@2f7ebf57{l=/127.0.0.1:44051,r=/127.0.0.1:33262,OPEN,fill=-,flush=-,to=0/30000}=>HttpConnection@42d608cf[p=HttpParser{s=START,0 of -1},g=HttpGenerator@347a5098{s=START}]=>HttpChannelOverHttp@57fc45f2{s=HttpChannelState@13915393{s=IDLE rs=BLOCKING os=OPEN is=IDLE awp=false se=false i=true al=0},r=0,c=false/false,a=IDLE,uri=null,age=0}
03:43:12.747 [qtp399373008-58] DEBUG org.eclipse.jetty.io.AbstractConnection - onOpen SslConnection@6e24ce0c::SocketChannelEndPoint@67fb751b{l=/127.0.0.1:44051,r=/127.0.0.1:33262,OPEN,fill=-,flush=-,to=0/30000}{io=0/0,kio=0,kro=0}->SslConnection@6e24ce0c{NOT_HANDSHAKING,eio=-1/-1,di=-1,fill=IDLE,flush=IDLE}~>DecryptedEndPoint@2f7ebf57{l=/127.0.0.1:44051,r=/127.0.0.1:33262,OPEN,fill=-,flush=-,to=0/30000}=>HttpConnection@42d608cf[p=HttpParser{s=START,0 of -1},g=HttpGenerator@347a5098{s=START}]=>HttpChannelOverHttp@57fc45f2{s=HttpChannelState@13915393{s=IDLE rs=BLOCKING os=OPEN is=IDLE awp=false se=false i=true al=0},r=0,c=false/false,a=IDLE,uri=null,age=0}
03:43:12.747 [qtp399373008-58] DEBUG org.eclipse.jetty.io.AbstractConnection - onOpen HttpConnection@42d608cf::DecryptedEndPoint@2f7ebf57{l=/127.0.0.1:44051,r=/127.0.0.1:33262,OPEN,fill=-,flush=-,to=0/30000}
03:43:12.747 [qtp399373008-58] DEBUG org.eclipse.jetty.io.AbstractConnection - fillInterested HttpConnection@42d608cf::DecryptedEndPoint@2f7ebf57{l=/127.0.0.1:44051,r=/127.0.0.1:33262,OPEN,fill=-,flush=-,to=0/30000}
03:43:12.747 [qtp399373008-58] DEBUG org.eclipse.jetty.io.FillInterest - interested FillInterest@4698b6a8{AC.ReadCB@42d608cf{HttpConnection@42d608cf::DecryptedEndPoint@2f7ebf57{l=/127.0.0.1:44051,r=/127.0.0.1:33262,OPEN,fill=FI,flush=-,to=0/30000}}}
03:43:12.747 [qtp399373008-58] DEBUG org.eclipse.jetty.io.ssl.SslConnection - >needFillInterest s=IDLE/IDLE uf=false ei=null di=null SslConnection@6e24ce0c::SocketChannelEndPoint@67fb751b{l=/127.0.0.1:44051,r=/127.0.0.1:33262,OPEN,fill=-,flush=-,to=0/30000}{io=0/0,kio=0,kro=0}->SslConnection@6e24ce0c{NOT_HANDSHAKING,eio=-1/-1,di=-1,fill=IDLE,flush=IDLE}~>DecryptedEndPoint@2f7ebf57{l=/127.0.0.1:44051,r=/127.0.0.1:33262,OPEN,fill=FI,flush=-,to=0/30000}=>HttpConnection@42d608cf[p=HttpParser{s=START,0 of -1},g=HttpGenerator@347a5098{s=START}]=>HttpChannelOverHttp@57fc45f2{s=HttpChannelState@13915393{s=IDLE rs=BLOCKING os=OPEN is=IDLE awp=false se=false i=true al=0},r=0,c=false/false,a=IDLE,uri=null,age=0}
03:43:12.747 [qtp399373008-58] DEBUG org.eclipse.jetty.io.ssl.SslConnection - <needFillInterest s=IDLE/INTERESTED f=false i=true w=null
03:43:12.747 [qtp399373008-58] DEBUG org.eclipse.jetty.io.ssl.SslConnection - ensureFillInterested SslConnection@6e24ce0c::SocketChannelEndPoint@67fb751b{l=/127.0.0.1:44051,r=/127.0.0.1:33262,OPEN,fill=-,flush=-,to=0/30000}{io=0/0,kio=0,kro=0}->SslConnection@6e24ce0c{NOT_HANDSHAKING,eio=-1/-1,di=-1,fill=INTERESTED,flush=IDLE}~>DecryptedEndPoint@2f7ebf57{l=/127.0.0.1:44051,r=/127.0.0.1:33262,OPEN,fill=FI,flush=-,to=0/30000}=>HttpConnection@42d608cf[p=HttpParser{s=START,0 of -1},g=HttpGenerator@347a5098{s=START}]=>HttpChannelOverHttp@57fc45f2{s=HttpChannelState@13915393{s=IDLE rs=BLOCKING os=OPEN is=IDLE awp=false se=false i=true al=0},r=0,c=false/false,a=IDLE,uri=null,age=0}
03:43:12.747 [qtp399373008-58] DEBUG org.eclipse.jetty.io.FillInterest - interested FillInterest@316abd4f{SSLC.NBReadCB@6e24ce0c{SslConnection@6e24ce0c::SocketChannelEndPoint@67fb751b{l=/127.0.0.1:44051,r=/127.0.0.1:33262,OPEN,fill=FI,flush=-,to=0/30000}{io=0/0,kio=0,kro=0}->SslConnection@6e24ce0c{NOT_HANDSHAKING,eio=-1/-1,di=-1,fill=INTERESTED,flush=IDLE}~>DecryptedEndPoint@2f7ebf57{l=/127.0.0.1:44051,r=/127.0.0.1:33262,OPEN,fill=FI,flush=-,to=0/30000}=>HttpConnection@42d608cf[p=HttpParser{s=START,0 of -1},g=HttpGenerator@347a5098{s=START}]=>HttpChannelOverHttp@57fc45f2{s=HttpChannelState@13915393{s=IDLE rs=BLOCKING os=OPEN is=IDLE awp=false se=false i=true al=0},r=0,c=false/false,a=IDLE,uri=null,age=0}}}
03:43:12.747 [qtp399373008-58] DEBUG org.eclipse.jetty.io.ChannelEndPoint - changeInterests p=false 0->1 for SocketChannelEndPoint@67fb751b{l=/127.0.0.1:44051,r=/127.0.0.1:33262,OPEN,fill=FI,flush=-,to=0/30000}{io=0/1,kio=0,kro=0}->SslConnection@6e24ce0c{NOT_HANDSHAKING,eio=-1/-1,di=-1,fill=INTERESTED,flush=IDLE}~>DecryptedEndPoint@2f7ebf57{l=/127.0.0.1:44051,r=/127.0.0.1:33262,OPEN,fill=FI,flush=-,to=0/30000}=>HttpConnection@42d608cf[p=HttpParser{s=START,0 of -1},g=HttpGenerator@347a5098{s=START}]=>HttpChannelOverHttp@57fc45f2{s=HttpChannelState@13915393{s=IDLE rs=BLOCKING os=OPEN is=IDLE awp=false se=false i=true al=0},r=0,c=false/false,a=IDLE,uri=null,age=0}
03:43:12.747 [qtp399373008-58] DEBUG org.eclipse.jetty.io.ManagedSelector - Queued change lazy=false org.eclipse.jetty.io.ChannelEndPoint$$Lambda$255/90666987@79f641c0 on ManagedSelector@4e70a728{STARTED} id=0 keys=1 selected=0 updates=1
03:43:12.747 [qtp399373008-58] DEBUG org.eclipse.jetty.io.ManagedSelector - Wakeup on submit ManagedSelector@4e70a728{STARTED} id=0 keys=1 selected=0 updates=2
03:43:12.747 [qtp399373008-55] DEBUG org.eclipse.jetty.io.ManagedSelector - Selector sun.nio.ch.EPollSelectorImpl@7ec05eed woken with none selected
03:43:12.747 [qtp399373008-55] DEBUG org.eclipse.jetty.io.ManagedSelector - Selector sun.nio.ch.EPollSelectorImpl@7ec05eed woken up from select, 0/0/1 selected
03:43:12.747 [qtp399373008-55] DEBUG org.eclipse.jetty.io.ManagedSelector - Selector sun.nio.ch.EPollSelectorImpl@7ec05eed processing 0 keys, 2 updates
03:43:12.747 [qtp399373008-55] DEBUG org.eclipse.jetty.io.ManagedSelector - updateable 2
03:43:12.747 [qtp399373008-58] DEBUG org.eclipse.jetty.io.ManagedSelector - Created SocketChannelEndPoint@67fb751b{l=/127.0.0.1:44051,r=/127.0.0.1:33262,OPEN,fill=FI,flush=-,to=0/30000}{io=0/1,kio=0,kro=0}->SslConnection@6e24ce0c{NOT_HANDSHAKING,eio=-1/-1,di=-1,fill=INTERESTED,flush=IDLE}~>DecryptedEndPoint@2f7ebf57{l=/127.0.0.1:44051,r=/127.0.0.1:33262,OPEN,fill=FI,flush=-,to=0/30000}=>HttpConnection@42d608cf[p=HttpParser{s=START,0 of -1},g=HttpGenerator@347a5098{s=START}]=>HttpChannelOverHttp@57fc45f2{s=HttpChannelState@13915393{s=IDLE rs=BLOCKING os=OPEN is=IDLE awp=false se=false i=true al=0},r=0,c=false/false,a=IDLE,uri=null,age=0}
03:43:12.748 [qtp399373008-55] DEBUG org.eclipse.jetty.io.ManagedSelector - update org.eclipse.jetty.io.ManagedSelector$$Lambda$258/445561681@773016b2
03:43:12.748 [qtp399373008-55] DEBUG org.eclipse.jetty.io.ManagedSelector - update org.eclipse.jetty.io.ChannelEndPoint$$Lambda$255/90666987@79f641c0
03:43:12.748 [qtp399373008-58] DEBUG org.eclipse.jetty.util.thread.QueuedThreadPool - ran Accept@6b848f46[java.nio.channels.SocketChannel[connected local=/127.0.0.1:44051 remote=/127.0.0.1:33262]] in QueuedThreadPool[qtp399373008]@17cdf2d0{STARTED,8<=8<=200,i=0,r=-1,q=0}[ReservedThreadExecutor@424fd310{reserved=2/8,pending=0}]
03:43:12.748 [qtp399373008-55] DEBUG org.eclipse.jetty.io.ChannelEndPoint - Key interests updated 0 -> 1 on SocketChannelEndPoint@67fb751b{l=/127.0.0.1:44051,r=/127.0.0.1:33262,OPEN,fill=FI,flush=-,to=0/30000}{io=1/1,kio=1,kro=0}->SslConnection@6e24ce0c{NOT_HANDSHAKING,eio=-1/-1,di=-1,fill=INTERESTED,flush=IDLE}~>DecryptedEndPoint@2f7ebf57{l=/127.0.0.1:44051,r=/127.0.0.1:33262,OPEN,fill=FI,flush=-,to=0/30000}=>HttpConnection@42d608cf[p=HttpParser{s=START,0 of -1},g=HttpGenerator@347a5098{s=START}]=>HttpChannelOverHttp@57fc45f2{s=HttpChannelState@13915393{s=IDLE rs=BLOCKING os=OPEN is=IDLE awp=false se=false i=true al=0},r=0,c=false/false,a=IDLE,uri=null,age=0}
03:43:12.748 [qtp399373008-55] DEBUG org.eclipse.jetty.io.ManagedSelector - updates 0
03:43:12.748 [qtp399373008-55] DEBUG org.eclipse.jetty.io.ManagedSelector - Selector sun.nio.ch.EPollSelectorImpl@7ec05eed waiting with 1 keys
03:43:12.749 [qtp399373008-55] DEBUG org.eclipse.jetty.io.ManagedSelector - Selector sun.nio.ch.EPollSelectorImpl@7ec05eed woken up from select, 1/1/1 selected
03:43:12.749 [qtp399373008-55] DEBUG org.eclipse.jetty.io.ManagedSelector - Selector sun.nio.ch.EPollSelectorImpl@7ec05eed processing 1 keys, 0 updates
03:43:12.749 [qtp399373008-55] DEBUG org.eclipse.jetty.io.ManagedSelector - selected 1 sun.nio.ch.SelectionKeyImpl@7007af45 SocketChannelEndPoint@67fb751b{l=/127.0.0.1:44051,r=/127.0.0.1:33262,OPEN,fill=FI,flush=-,to=1/30000}{io=1/1,kio=1,kro=1}->SslConnection@6e24ce0c{NOT_HANDSHAKING,eio=-1/-1,di=-1,fill=INTERESTED,flush=IDLE}~>DecryptedEndPoint@2f7ebf57{l=/127.0.0.1:44051,r=/127.0.0.1:33262,OPEN,fill=FI,flush=-,to=1/30000}=>HttpConnection@42d608cf[p=HttpParser{s=START,0 of -1},g=HttpGenerator@347a5098{s=START}]=>HttpChannelOverHttp@57fc45f2{s=HttpChannelState@13915393{s=IDLE rs=BLOCKING os=OPEN is=IDLE awp=false se=false i=true al=0},r=0,c=false/false,a=IDLE,uri=null,age=0} 
03:43:12.749 [qtp399373008-55] DEBUG org.eclipse.jetty.io.ChannelEndPoint - onSelected 1->0 r=true w=false for SocketChannelEndPoint@67fb751b{l=/127.0.0.1:44051,r=/127.0.0.1:33262,OPEN,fill=FI,flush=-,to=1/30000}{io=1/0,kio=1,kro=1}->SslConnection@6e24ce0c{NOT_HANDSHAKING,eio=-1/-1,di=-1,fill=INTERESTED,flush=IDLE}~>DecryptedEndPoint@2f7ebf57{l=/127.0.0.1:44051,r=/127.0.0.1:33262,OPEN,fill=FI,flush=-,to=1/30000}=>HttpConnection@42d608cf[p=HttpParser{s=START,0 of -1},g=HttpGenerator@347a5098{s=START}]=>HttpChannelOverHttp@57fc45f2{s=HttpChannelState@13915393{s=IDLE rs=BLOCKING os=OPEN is=IDLE awp=false se=false i=true al=0},r=0,c=false/false,a=IDLE,uri=null,age=0}
03:43:12.749 [qtp399373008-55] DEBUG org.eclipse.jetty.io.ChannelEndPoint - task CEP:SocketChannelEndPoint@67fb751b{l=/127.0.0.1:44051,r=/127.0.0.1:33262,OPEN,fill=FI,flush=-,to=1/30000}{io=1/0,kio=1,kro=1}->SslConnection@6e24ce0c{NOT_HANDSHAKING,eio=-1/-1,di=-1,fill=INTERESTED,flush=IDLE}~>DecryptedEndPoint@2f7ebf57{l=/127.0.0.1:44051,r=/127.0.0.1:33262,OPEN,fill=FI,flush=-,to=1/30000}=>HttpConnection@42d608cf[p=HttpParser{s=START,0 of -1},g=HttpGenerator@347a5098{s=START}]=>HttpChannelOverHttp@57fc45f2{s=HttpChannelState@13915393{s=IDLE rs=BLOCKING os=OPEN is=IDLE awp=false se=false i=true al=0},r=0,c=false/false,a=IDLE,uri=null,age=0}:runFillable:BLOCKING
03:43:12.749 [qtp399373008-55] DEBUG org.eclipse.jetty.util.thread.ReservedThreadExecutor - ReservedThreadExecutor@424fd310{reserved=2/8,pending=0} tryExecute EatWhatYouKill@4e858e0a/SelectorProducer@435fb7b5/PRODUCING/p=false/QueuedThreadPool[qtp399373008]@17cdf2d0{STARTED,8<=8<=200,i=1,r=-1,q=0}[ReservedThreadExecutor@424fd310{reserved=2/8,pending=0}][pc=0,pic=0,pec=0,epc=0]@2024-05-02T03:43:12.749+01:00
03:43:12.749 [qtp399373008-56] DEBUG org.eclipse.jetty.util.thread.ReservedThreadExecutor - ReservedThread@5f97eb0b{RESERVED,thread=Thread[qtp399373008-56,5,main]} task=EatWhatYouKill@4e858e0a/SelectorProducer@435fb7b5/IDLE/p=true/QueuedThreadPool[qtp399373008]@17cdf2d0{STARTED,8<=8<=200,i=1,r=-1,q=0}[ReservedThreadExecutor@424fd310{reserved=1/8,pending=0}][pc=0,pic=0,pec=0,epc=0]@2024-05-02T03:43:12.749+01:00 ReservedThreadExecutor@424fd310{reserved=1/8,pending=0}
03:43:12.749 [qtp399373008-55] DEBUG org.eclipse.jetty.util.thread.strategy.EatWhatYouKill - EatWhatYouKill@4e858e0a/SelectorProducer@435fb7b5/IDLE/p=true/QueuedThreadPool[qtp399373008]@17cdf2d0{STARTED,8<=8<=200,i=1,r=-1,q=0}[ReservedThreadExecutor@424fd310{reserved=1/8,pending=0}][pc=0,pic=0,pec=0,epc=0]@2024-05-02T03:43:12.749+01:00 m=EXECUTE_PRODUCE_CONSUME t=CEP:SocketChannelEndPoint@67fb751b{l=/127.0.0.1:44051,r=/127.0.0.1:33262,OPEN,fill=FI,flush=-,to=1/30000}{io=1/0,kio=1,kro=1}->SslConnection@6e24ce0c{NOT_HANDSHAKING,eio=-1/-1,di=-1,fill=INTERESTED,flush=IDLE}~>DecryptedEndPoint@2f7ebf57{l=/127.0.0.1:44051,r=/127.0.0.1:33262,OPEN,fill=FI,flush=-,to=2/30000}=>HttpConnection@42d608cf[p=HttpParser{s=START,0 of -1},g=HttpGenerator@347a5098{s=START}]=>HttpChannelOverHttp@57fc45f2{s=HttpChannelState@13915393{s=IDLE rs=BLOCKING os=OPEN is=IDLE awp=false se=false i=true al=0},r=0,c=false/false,a=IDLE,uri=null,age=0}:runFillable:BLOCKING/BLOCKING
03:43:12.749 [qtp399373008-56] DEBUG org.eclipse.jetty.util.thread.strategy.EatWhatYouKill - EatWhatYouKill@4e858e0a/SelectorProducer@435fb7b5/IDLE/p=true/QueuedThreadPool[qtp399373008]@17cdf2d0{STARTED,8<=8<=200,i=1,r=-1,q=0}[ReservedThreadExecutor@424fd310{reserved=1/8,pending=0}][pc=0,pic=0,pec=0,epc=0]@2024-05-02T03:43:12.749+01:00 tryProduce true
03:43:12.749 [qtp399373008-56] DEBUG org.eclipse.jetty.io.ManagedSelector - updateable 0
03:43:12.749 [qtp399373008-56] DEBUG org.eclipse.jetty.io.ManagedSelector - updates 0
03:43:12.749 [qtp399373008-55] DEBUG org.eclipse.jetty.io.FillInterest - fillable FillInterest@316abd4f{SSLC.NBReadCB@6e24ce0c{SslConnection@6e24ce0c::SocketChannelEndPoint@67fb751b{l=/127.0.0.1:44051,r=/127.0.0.1:33262,OPEN,fill=FI,flush=-,to=1/30000}{io=1/0,kio=1,kro=1}->SslConnection@6e24ce0c{NOT_HANDSHAKING,eio=-1/-1,di=-1,fill=INTERESTED,flush=IDLE}~>DecryptedEndPoint@2f7ebf57{l=/127.0.0.1:44051,r=/127.0.0.1:33262,OPEN,fill=FI,flush=-,to=2/30000}=>HttpConnection@42d608cf[p=HttpParser{s=START,0 of -1},g=HttpGenerator@347a5098{s=START}]=>HttpChannelOverHttp@57fc45f2{s=HttpChannelState@13915393{s=IDLE rs=BLOCKING os=OPEN is=IDLE awp=false se=false i=true al=0},r=0,c=false/false,a=IDLE,uri=null,age=0}}}
03:43:12.750 [qtp399373008-56] DEBUG org.eclipse.jetty.io.ChannelEndPoint - Key interests updated 1 -> 0 on SocketChannelEndPoint@67fb751b{l=/127.0.0.1:44051,r=/127.0.0.1:33262,OPEN,fill=FI,flush=-,to=2/30000}{io=0/0,kio=0,kro=1}->SslConnection@6e24ce0c{NOT_HANDSHAKING,eio=-1/-1,di=-1,fill=INTERESTED,flush=IDLE}~>DecryptedEndPoint@2f7ebf57{l=/127.0.0.1:44051,r=/127.0.0.1:33262,OPEN,fill=FI,flush=-,to=2/30000}=>HttpConnection@42d608cf[p=HttpParser{s=START,0 of -1},g=HttpGenerator@347a5098{s=START}]=>HttpChannelOverHttp@57fc45f2{s=HttpChannelState@13915393{s=IDLE rs=BLOCKING os=OPEN is=IDLE awp=false se=false i=true al=0},r=0,c=false/false,a=IDLE,uri=null,age=0}
03:43:12.750 [qtp399373008-55] DEBUG org.eclipse.jetty.io.ssl.SslConnection - >c.onFillable SslConnection@6e24ce0c::SocketChannelEndPoint@67fb751b{l=/127.0.0.1:44051,r=/127.0.0.1:33262,OPEN,fill=-,flush=-,to=2/30000}{io=0/0,kio=0,kro=1}->SslConnection@6e24ce0c{NOT_HANDSHAKING,eio=-1/-1,di=-1,fill=INTERESTED,flush=IDLE}~>DecryptedEndPoint@2f7ebf57{l=/127.0.0.1:44051,r=/127.0.0.1:33262,OPEN,fill=FI,flush=-,to=2/30000}=>HttpConnection@42d608cf[p=HttpParser{s=START,0 of -1},g=HttpGenerator@347a5098{s=START}]=>HttpChannelOverHttp@57fc45f2{s=HttpChannelState@13915393{s=IDLE rs=BLOCKING os=OPEN is=IDLE awp=false se=false i=true al=0},r=0,c=false/false,a=IDLE,uri=null,age=0}
03:43:12.750 [qtp399373008-56] DEBUG org.eclipse.jetty.io.ManagedSelector - Selector sun.nio.ch.EPollSelectorImpl@7ec05eed waiting with 1 keys
03:43:12.750 [qtp399373008-55] DEBUG org.eclipse.jetty.io.ssl.SslConnection - onFillable SslConnection@6e24ce0c::SocketChannelEndPoint@67fb751b{l=/127.0.0.1:44051,r=/127.0.0.1:33262,OPEN,fill=-,flush=-,to=2/30000}{io=0/0,kio=0,kro=1}->SslConnection@6e24ce0c{NOT_HANDSHAKING,eio=-1/-1,di=-1,fill=INTERESTED,flush=IDLE}~>DecryptedEndPoint@2f7ebf57{l=/127.0.0.1:44051,r=/127.0.0.1:33262,OPEN,fill=FI,flush=-,to=2/30000}=>HttpConnection@42d608cf[p=HttpParser{s=START,0 of -1},g=HttpGenerator@347a5098{s=START}]=>HttpChannelOverHttp@57fc45f2{s=HttpChannelState@13915393{s=IDLE rs=BLOCKING os=OPEN is=IDLE awp=false se=false i=true al=0},r=0,c=false/false,a=IDLE,uri=null,age=0}
03:43:12.750 [qtp399373008-55] DEBUG org.eclipse.jetty.io.FillInterest - fillable FillInterest@4698b6a8{AC.ReadCB@42d608cf{HttpConnection@42d608cf::DecryptedEndPoint@2f7ebf57{l=/127.0.0.1:44051,r=/127.0.0.1:33262,OPEN,fill=FI,flush=-,to=2/30000}}}
03:43:12.750 [qtp399373008-55] DEBUG org.eclipse.jetty.server.HttpConnection - HttpConnection@42d608cf::DecryptedEndPoint@2f7ebf57{l=/127.0.0.1:44051,r=/127.0.0.1:33262,OPEN,fill=-,flush=-,to=2/30000} onFillable enter HttpChannelState@13915393{s=IDLE rs=BLOCKING os=OPEN is=IDLE awp=false se=false i=true al=0} null
03:43:12.750 [qtp399373008-55] DEBUG org.eclipse.jetty.io.ssl.SslConnection - >fill SslConnection@6e24ce0c::SocketChannelEndPoint@67fb751b{l=/127.0.0.1:44051,r=/127.0.0.1:33262,OPEN,fill=-,flush=-,to=2/30000}{io=0/0,kio=0,kro=1}->SslConnection@6e24ce0c{NOT_HANDSHAKING,eio=-1/-1,di=-1,fill=IDLE,flush=IDLE}~>DecryptedEndPoint@2f7ebf57{l=/127.0.0.1:44051,r=/127.0.0.1:33262,OPEN,fill=-,flush=-,to=3/30000}=>HttpConnection@42d608cf[p=HttpParser{s=START,0 of -1},g=HttpGenerator@347a5098{s=START}]=>HttpChannelOverHttp@57fc45f2{s=HttpChannelState@13915393{s=IDLE rs=BLOCKING os=OPEN is=IDLE awp=false se=false i=true al=0},r=0,c=false/false,a=IDLE,uri=null,age=0}
03:43:12.750 [qtp399373008-55] DEBUG org.eclipse.jetty.io.ssl.SslConnection - fill NOT_HANDSHAKING
03:43:12.750 [qtp399373008-55] DEBUG org.eclipse.jetty.io.ChannelEndPoint - filled 339 HeapByteBuffer@78682cd8[p=0,l=339,c=17408,r=339]={<<<\x16\x03\x03\x01N\x01\x00\x01J\x03\x03\xBf\x881\xA1\tc\xB70\xCf\xB2\xF1\xF6:\x19...\xB8\xBf\xB1\xE5\xEa\xBb\x15\xE6\\P\xA5\x10\xAdp\xB5\x0c\x81\xF4\xFf\x01\x00\x01\x00>>>\xF9\xFb}{\xC0\xFag\xC6G...\x00\x00\x00\x00\x00\x00\x00}
03:43:12.750 [qtp399373008-55] DEBUG org.eclipse.jetty.io.ssl.SslConnection - net filled=339
03:43:12.751 [qtp399373008-55] DEBUG org.eclipse.jetty.io.ssl.SslConnection - fill starting handshake SslConnection@6e24ce0c::SocketChannelEndPoint@67fb751b{l=/127.0.0.1:44051,r=/127.0.0.1:33262,OPEN,fill=-,flush=-,to=0/30000}{io=0/0,kio=0,kro=1}->SslConnection@6e24ce0c{NOT_HANDSHAKING,eio=339/-1,di=-1,fill=IDLE,flush=IDLE}~>DecryptedEndPoint@2f7ebf57{l=/127.0.0.1:44051,r=/127.0.0.1:33262,OPEN,fill=-,flush=-,to=3/30000}=>HttpConnection@42d608cf[p=HttpParser{s=START,0 of -1},g=HttpGenerator@347a5098{s=START}]=>HttpChannelOverHttp@57fc45f2{s=HttpChannelState@13915393{s=IDLE rs=BLOCKING os=OPEN is=IDLE awp=false se=false i=true al=0},r=0,c=false/false,a=IDLE,uri=null,age=0}
03:43:12.751 [qtp399373008-55] DEBUG org.eclipse.jetty.io.ssl.SslConnection - unwrap net_filled=339 Status = OK HandshakeStatus = NEED_TASK bytesConsumed = 339 bytesProduced = 0 encryptedBuffer=[p=339,l=339,c=17408,r=0] unwrapBuffer=HeapByteBuffer@76afdda5[p=0,l=0,c=17408,r=0]={<<<>>>\x17\x03\x03\x00\xC9\x88\xF2\xD0\xC4...\x00\x00\x00\x00\x00\x00\x00} appBuffer=HeapByteBuffer@76afdda5[p=0,l=0,c=17408,r=0]={<<<>>>\x17\x03\x03\x00\xC9\x88\xF2\xD0\xC4...\x00\x00\x00\x00\x00\x00\x00}
03:43:12.751 [qtp399373008-55] DEBUG org.eclipse.jetty.io.ssl.SslConnection - fill NEED_TASK
03:43:12.757 [qtp399373008-55] DEBUG org.eclipse.jetty.io.ssl.SslConnection - fill NEED_WRAP
03:43:12.757 [qtp399373008-55] DEBUG org.eclipse.jetty.io.ssl.SslConnection - >flush SslConnection@6e24ce0c::SocketChannelEndPoint@67fb751b{l=/127.0.0.1:44051,r=/127.0.0.1:33262,OPEN,fill=-,flush=-,to=6/30000}{io=0/0,kio=0,kro=1}->SslConnection@6e24ce0c{NEED_WRAP,eio=0/-1,di=-1,fill=IDLE,flush=IDLE}~>DecryptedEndPoint@2f7ebf57{l=/127.0.0.1:44051,r=/127.0.0.1:33262,OPEN,fill=-,flush=-,to=9/30000}=>HttpConnection@42d608cf[p=HttpParser{s=START,0 of -1},g=HttpGenerator@347a5098{s=START}]=>HttpChannelOverHttp@57fc45f2{s=HttpChannelState@13915393{s=IDLE rs=BLOCKING os=OPEN is=IDLE awp=false se=false i=true al=0},r=0,c=false/false,a=IDLE,uri=null,age=0}
03:43:12.757 [qtp399373008-55] DEBUG org.eclipse.jetty.io.ssl.SslConnection - flush b[0]=HeapByteBuffer@1ad43aa3[p=0,l=0,c=0,r=0]={<<<>>>}
03:43:12.757 [qtp399373008-55] DEBUG org.eclipse.jetty.io.ssl.SslConnection - flush NEED_WRAP
03:43:12.757 [qtp399373008-55] DEBUG org.eclipse.jetty.io.ssl.SslConnection - wrap Status = OK HandshakeStatus = NEED_WRAP bytesConsumed = 0 bytesProduced = 160 [p=0,l=160,c=17408,r=160] ioDone=false/false
03:43:12.757 [qtp399373008-55] DEBUG org.eclipse.jetty.io.ChannelEndPoint - flushed 160 SocketChannelEndPoint@67fb751b{l=/127.0.0.1:44051,r=/127.0.0.1:33262,OPEN,fill=-,flush=-,to=6/30000}{io=0/0,kio=0,kro=1}->SslConnection@6e24ce0c{NEED_WRAP,eio=0/0,di=-1,fill=IDLE,flush=IDLE}~>DecryptedEndPoint@2f7ebf57{l=/127.0.0.1:44051,r=/127.0.0.1:33262,OPEN,fill=-,flush=-,to=10/30000}=>HttpConnection@42d608cf[p=HttpParser{s=START,0 of -1},g=HttpGenerator@347a5098{s=START}]=>HttpChannelOverHttp@57fc45f2{s=HttpChannelState@13915393{s=IDLE rs=BLOCKING os=OPEN is=IDLE awp=false se=false i=true al=0},r=0,c=false/false,a=IDLE,uri=null,age=0}
03:43:12.757 [qtp399373008-55] DEBUG org.eclipse.jetty.io.ssl.SslConnection - net flushed=true, ac=true
03:43:12.757 [qtp399373008-55] DEBUG org.eclipse.jetty.io.ssl.SslConnection - flush NEED_WRAP
03:43:12.757 [qtp399373008-55] DEBUG org.eclipse.jetty.io.ssl.SslConnection - wrap Status = OK HandshakeStatus = NEED_WRAP bytesConsumed = 0 bytesProduced = 6 [p=0,l=6,c=17408,r=6] ioDone=false/false
03:43:12.757 [qtp399373008-55] DEBUG org.eclipse.jetty.io.ChannelEndPoint - flushed 6 SocketChannelEndPoint@67fb751b{l=/127.0.0.1:44051,r=/127.0.0.1:33262,OPEN,fill=-,flush=-,to=0/30000}{io=0/0,kio=0,kro=1}->SslConnection@6e24ce0c{NEED_WRAP,eio=0/0,di=-1,fill=IDLE,flush=IDLE}~>DecryptedEndPoint@2f7ebf57{l=/127.0.0.1:44051,r=/127.0.0.1:33262,OPEN,fill=-,flush=-,to=10/30000}=>HttpConnection@42d608cf[p=HttpParser{s=START,0 of -1},g=HttpGenerator@347a5098{s=START}]=>HttpChannelOverHttp@57fc45f2{s=HttpChannelState@13915393{s=IDLE rs=BLOCKING os=OPEN is=IDLE awp=false se=false i=true al=0},r=0,c=false/false,a=IDLE,uri=null,age=0}
03:43:12.758 [qtp399373008-55] DEBUG org.eclipse.jetty.io.ssl.SslConnection - net flushed=true, ac=true
03:43:12.758 [qtp399373008-55] DEBUG org.eclipse.jetty.io.ssl.SslConnection - flush NEED_WRAP
03:43:12.758 [qtp399373008-55] DEBUG org.eclipse.jetty.io.ssl.SslConnection - wrap Status = OK HandshakeStatus = NEED_UNWRAP bytesConsumed = 0 bytesProduced = 1597 [p=0,l=1597,c=17408,r=1597] ioDone=false/false
03:43:12.758 [qtp399373008-55] DEBUG org.eclipse.jetty.io.ChannelEndPoint - flushed 1597 SocketChannelEndPoint@67fb751b{l=/127.0.0.1:44051,r=/127.0.0.1:33262,OPEN,fill=-,flush=-,to=0/30000}{io=0/0,kio=0,kro=1}->SslConnection@6e24ce0c{NEED_UNWRAP,eio=0/0,di=-1,fill=IDLE,flush=IDLE}~>DecryptedEndPoint@2f7ebf57{l=/127.0.0.1:44051,r=/127.0.0.1:33262,OPEN,fill=-,flush=-,to=10/30000}=>HttpConnection@42d608cf[p=HttpParser{s=START,0 of -1},g=HttpGenerator@347a5098{s=START}]=>HttpChannelOverHttp@57fc45f2{s=HttpChannelState@13915393{s=IDLE rs=BLOCKING os=OPEN is=IDLE awp=false se=false i=true al=0},r=0,c=false/false,a=IDLE,uri=null,age=0}
03:43:12.758 [qtp399373008-55] DEBUG org.eclipse.jetty.io.ssl.SslConnection - net flushed=true, ac=true
03:43:12.758 [qtp399373008-55] DEBUG org.eclipse.jetty.io.ssl.SslConnection - <flush true SslConnection@6e24ce0c::SocketChannelEndPoint@67fb751b{l=/127.0.0.1:44051,r=/127.0.0.1:33262,OPEN,fill=-,flush=-,to=0/30000}{io=0/0,kio=0,kro=1}->SslConnection@6e24ce0c{NEED_UNWRAP,eio=0/-1,di=-1,fill=IDLE,flush=IDLE}~>DecryptedEndPoint@2f7ebf57{l=/127.0.0.1:44051,r=/127.0.0.1:33262,OPEN,fill=-,flush=-,to=10/30000}=>HttpConnection@42d608cf[p=HttpParser{s=START,0 of -1},g=HttpGenerator@347a5098{s=START}]=>HttpChannelOverHttp@57fc45f2{s=HttpChannelState@13915393{s=IDLE rs=BLOCKING os=OPEN is=IDLE awp=false se=false i=true al=0},r=0,c=false/false,a=IDLE,uri=null,age=0}
03:43:12.758 [qtp399373008-55] DEBUG org.eclipse.jetty.io.ssl.SslConnection - fill NEED_UNWRAP
03:43:12.758 [qtp399373008-55] DEBUG org.eclipse.jetty.io.ChannelEndPoint - filled 0 HeapByteBuffer@78682cd8[p=0,l=0,c=17408,r=0]={<<<>>>\x16\x03\x03\x01N\x01\x00\x01J...\x00\x00\x00\x00\x00\x00\x00}
03:43:12.758 [qtp399373008-55] DEBUG org.eclipse.jetty.io.ssl.SslConnection - net filled=0
03:43:12.758 [qtp399373008-55] DEBUG org.eclipse.jetty.io.ssl.SslConnection - unwrap net_filled=0 Status = BUFFER_UNDERFLOW HandshakeStatus = NEED_UNWRAP bytesConsumed = 0 bytesProduced = 0 encryptedBuffer=[p=0,l=0,c=17408,r=0] unwrapBuffer=HeapByteBuffer@76afdda5[p=0,l=0,c=17408,r=0]={<<<>>>\x17\x03\x03\x00\xC9\x88\xF2\xD0\xC4...\x00\x00\x00\x00\x00\x00\x00} appBuffer=HeapByteBuffer@76afdda5[p=0,l=0,c=17408,r=0]={<<<>>>\x17\x03\x03\x00\xC9\x88\xF2\xD0\xC4...\x00\x00\x00\x00\x00\x00\x00}
03:43:12.758 [qtp399373008-55] DEBUG org.eclipse.jetty.io.ssl.SslConnection - <fill f=0 uf=true SslConnection@6e24ce0c::SocketChannelEndPoint@67fb751b{l=/127.0.0.1:44051,r=/127.0.0.1:33262,OPEN,fill=-,flush=-,to=0/30000}{io=0/0,kio=0,kro=1}->SslConnection@6e24ce0c{NEED_UNWRAP,eio=-1/-1,di=-1,fill=IDLE,flush=IDLE}~>DecryptedEndPoint@2f7ebf57{l=/127.0.0.1:44051,r=/127.0.0.1:33262,OPEN,fill=-,flush=-,to=11/30000}=>HttpConnection@42d608cf[p=HttpParser{s=START,0 of -1},g=HttpGenerator@347a5098{s=START}]=>HttpChannelOverHttp@57fc45f2{s=HttpChannelState@13915393{s=IDLE rs=BLOCKING os=OPEN is=IDLE awp=false se=false i=true al=0},r=0,c=false/false,a=IDLE,uri=null,age=0}
03:43:12.758 [qtp399373008-55] DEBUG org.eclipse.jetty.io.ssl.SslConnection - >fill SslConnection@6e24ce0c::SocketChannelEndPoint@67fb751b{l=/127.0.0.1:44051,r=/127.0.0.1:33262,OPEN,fill=-,flush=-,to=0/30000}{io=0/0,kio=0,kro=1}->SslConnection@6e24ce0c{NEED_UNWRAP,eio=-1/-1,di=-1,fill=IDLE,flush=IDLE}~>DecryptedEndPoint@2f7ebf57{l=/127.0.0.1:44051,r=/127.0.0.1:33262,OPEN,fill=-,flush=-,to=11/30000}=>HttpConnection@42d608cf[p=HttpParser{s=START,0 of -1},g=HttpGenerator@347a5098{s=START}]=>HttpChannelOverHttp@57fc45f2{s=HttpChannelState@13915393{s=IDLE rs=BLOCKING os=OPEN is=IDLE awp=false se=false i=true al=0},r=0,c=false/false,a=IDLE,uri=null,age=0}
03:43:12.758 [qtp399373008-55] DEBUG org.eclipse.jetty.io.ssl.SslConnection - fill NEED_UNWRAP
03:43:12.759 [qtp399373008-55] DEBUG org.eclipse.jetty.io.ChannelEndPoint - filled 0 HeapByteBuffer@729047a8[p=0,l=0,c=17408,r=0]={<<<>>>\x17\x03\x03\x068\xD4\xD4\xD7\x98...\x00\x00\x00\x00\x00\x00\x00}
03:43:12.759 [qtp399373008-55] DEBUG org.eclipse.jetty.io.ssl.SslConnection - net filled=0
03:43:12.759 [qtp399373008-55] DEBUG org.eclipse.jetty.io.ssl.SslConnection - unwrap net_filled=0 Status = BUFFER_UNDERFLOW HandshakeStatus = NEED_UNWRAP bytesConsumed = 0 bytesProduced = 0 encryptedBuffer=[p=0,l=0,c=17408,r=0] unwrapBuffer=HeapByteBuffer@76afdda5[p=0,l=0,c=17408,r=0]={<<<>>>\x17\x03\x03\x00\xC9\x88\xF2\xD0\xC4...\x00\x00\x00\x00\x00\x00\x00} appBuffer=HeapByteBuffer@76afdda5[p=0,l=0,c=17408,r=0]={<<<>>>\x17\x03\x03\x00\xC9\x88\xF2\xD0\xC4...\x00\x00\x00\x00\x00\x00\x00}
03:43:12.759 [qtp399373008-55] DEBUG org.eclipse.jetty.io.ssl.SslConnection - <fill f=0 uf=true SslConnection@6e24ce0c::SocketChannelEndPoint@67fb751b{l=/127.0.0.1:44051,r=/127.0.0.1:33262,OPEN,fill=-,flush=-,to=0/30000}{io=0/0,kio=0,kro=1}->SslConnection@6e24ce0c{NEED_UNWRAP,eio=-1/-1,di=-1,fill=IDLE,flush=IDLE}~>DecryptedEndPoint@2f7ebf57{l=/127.0.0.1:44051,r=/127.0.0.1:33262,OPEN,fill=-,flush=-,to=11/30000}=>HttpConnection@42d608cf[p=HttpParser{s=START,0 of -1},g=HttpGenerator@347a5098{s=START}]=>HttpChannelOverHttp@57fc45f2{s=HttpChannelState@13915393{s=IDLE rs=BLOCKING os=OPEN is=IDLE awp=false se=false i=true al=0},r=0,c=false/false,a=IDLE,uri=null,age=0}
03:43:12.759 [qtp399373008-55] DEBUG org.eclipse.jetty.server.HttpConnection - HttpConnection@42d608cf::DecryptedEndPoint@2f7ebf57{l=/127.0.0.1:44051,r=/127.0.0.1:33262,OPEN,fill=-,flush=-,to=11/30000} filled 0 HeapByteBuffer@76afdda5[p=0,l=0,c=17408,r=0]={<<<>>>\x17\x03\x03\x00\xC9\x88\xF2\xD0\xC4...\x00\x00\x00\x00\x00\x00\x00}
03:43:12.759 [qtp399373008-55] DEBUG org.eclipse.jetty.server.HttpConnection - HttpConnection@42d608cf::DecryptedEndPoint@2f7ebf57{l=/127.0.0.1:44051,r=/127.0.0.1:33262,OPEN,fill=-,flush=-,to=11/30000} parse HeapByteBuffer@76afdda5[p=0,l=0,c=17408,r=0]={<<<>>>\x17\x03\x03\x00\xC9\x88\xF2\xD0\xC4...\x00\x00\x00\x00\x00\x00\x00} {}
03:43:12.759 [qtp399373008-55] DEBUG org.eclipse.jetty.http.HttpParser - parseNext s=START HeapByteBuffer@76afdda5[p=0,l=0,c=17408,r=0]={<<<>>>\x17\x03\x03\x00\xC9\x88\xF2\xD0\xC4...\x00\x00\x00\x00\x00\x00\x00}
03:43:12.759 [qtp399373008-55] DEBUG org.eclipse.jetty.server.HttpConnection - HttpConnection@42d608cf::DecryptedEndPoint@2f7ebf57{l=/127.0.0.1:44051,r=/127.0.0.1:33262,OPEN,fill=-,flush=-,to=11/30000} parsed false HttpParser{s=START,0 of -1}
03:43:12.759 [qtp399373008-55] DEBUG org.eclipse.jetty.server.HttpConnection - releaseRequestBuffer HttpConnection@42d608cf::DecryptedEndPoint@2f7ebf57{l=/127.0.0.1:44051,r=/127.0.0.1:33262,OPEN,fill=-,flush=-,to=11/30000}
03:43:12.759 [qtp399373008-55] DEBUG org.eclipse.jetty.io.AbstractConnection - fillInterested HttpConnection@42d608cf::DecryptedEndPoint@2f7ebf57{l=/127.0.0.1:44051,r=/127.0.0.1:33262,OPEN,fill=-,flush=-,to=11/30000}
03:43:12.759 [qtp399373008-55] DEBUG org.eclipse.jetty.io.FillInterest - interested FillInterest@4698b6a8{AC.ReadCB@42d608cf{HttpConnection@42d608cf::DecryptedEndPoint@2f7ebf57{l=/127.0.0.1:44051,r=/127.0.0.1:33262,OPEN,fill=FI,flush=-,to=0/30000}}}
03:43:12.759 [qtp399373008-55] DEBUG org.eclipse.jetty.io.ssl.SslConnection - >needFillInterest s=IDLE/IDLE uf=true ei=null di=null SslConnection@6e24ce0c::SocketChannelEndPoint@67fb751b{l=/127.0.0.1:44051,r=/127.0.0.1:33262,OPEN,fill=-,flush=-,to=0/30000}{io=0/0,kio=0,kro=1}->SslConnection@6e24ce0c{NEED_UNWRAP,eio=-1/-1,di=-1,fill=IDLE,flush=IDLE}~>DecryptedEndPoint@2f7ebf57{l=/127.0.0.1:44051,r=/127.0.0.1:33262,OPEN,fill=FI,flush=-,to=0/30000}=>HttpConnection@42d608cf[p=HttpParser{s=START,0 of -1},g=HttpGenerator@347a5098{s=START}]=>HttpChannelOverHttp@57fc45f2{s=HttpChannelState@13915393{s=IDLE rs=BLOCKING os=OPEN is=IDLE awp=false se=false i=true al=0},r=0,c=false/false,a=IDLE,uri=null,age=0}
03:43:12.759 [qtp399373008-55] DEBUG org.eclipse.jetty.io.ssl.SslConnection - <needFillInterest s=IDLE/INTERESTED f=false i=true w=null
03:43:12.759 [qtp399373008-55] DEBUG org.eclipse.jetty.io.ssl.SslConnection - ensureFillInterested SslConnection@6e24ce0c::SocketChannelEndPoint@67fb751b{l=/127.0.0.1:44051,r=/127.0.0.1:33262,OPEN,fill=-,flush=-,to=0/30000}{io=0/0,kio=0,kro=1}->SslConnection@6e24ce0c{NEED_UNWRAP,eio=-1/-1,di=-1,fill=INTERESTED,flush=IDLE}~>DecryptedEndPoint@2f7ebf57{l=/127.0.0.1:44051,r=/127.0.0.1:33262,OPEN,fill=FI,flush=-,to=0/30000}=>HttpConnection@42d608cf[p=HttpParser{s=START,0 of -1},g=HttpGenerator@347a5098{s=START}]=>HttpChannelOverHttp@57fc45f2{s=HttpChannelState@13915393{s=IDLE rs=BLOCKING os=OPEN is=IDLE awp=false se=false i=true al=0},r=0,c=false/false,a=IDLE,uri=null,age=0}
03:43:12.759 [qtp399373008-55] DEBUG org.eclipse.jetty.io.FillInterest - interested FillInterest@316abd4f{SSLC.NBReadCB@6e24ce0c{SslConnection@6e24ce0c::SocketChannelEndPoint@67fb751b{l=/127.0.0.1:44051,r=/127.0.0.1:33262,OPEN,fill=FI,flush=-,to=0/30000}{io=0/0,kio=0,kro=1}->SslConnection@6e24ce0c{NEED_UNWRAP,eio=-1/-1,di=-1,fill=INTERESTED,flush=IDLE}~>DecryptedEndPoint@2f7ebf57{l=/127.0.0.1:44051,r=/127.0.0.1:33262,OPEN,fill=FI,flush=-,to=0/30000}=>HttpConnection@42d608cf[p=HttpParser{s=START,0 of -1},g=HttpGenerator@347a5098{s=START}]=>HttpChannelOverHttp@57fc45f2{s=HttpChannelState@13915393{s=IDLE rs=BLOCKING os=OPEN is=IDLE awp=false se=false i=true al=0},r=0,c=false/false,a=IDLE,uri=null,age=0}}}
03:43:12.759 [qtp399373008-55] DEBUG org.eclipse.jetty.io.ChannelEndPoint - changeInterests p=false 0->1 for SocketChannelEndPoint@67fb751b{l=/127.0.0.1:44051,r=/127.0.0.1:33262,OPEN,fill=FI,flush=-,to=0/30000}{io=0/1,kio=0,kro=1}->SslConnection@6e24ce0c{NEED_UNWRAP,eio=-1/-1,di=-1,fill=INTERESTED,flush=IDLE}~>DecryptedEndPoint@2f7ebf57{l=/127.0.0.1:44051,r=/127.0.0.1:33262,OPEN,fill=FI,flush=-,to=0/30000}=>HttpConnection@42d608cf[p=HttpParser{s=START,0 of -1},g=HttpGenerator@347a5098{s=START}]=>HttpChannelOverHttp@57fc45f2{s=HttpChannelState@13915393{s=IDLE rs=BLOCKING os=OPEN is=IDLE awp=false se=false i=true al=0},r=0,c=false/false,a=IDLE,uri=null,age=0}
03:43:12.759 [qtp399373008-55] DEBUG org.eclipse.jetty.io.ManagedSelector - Queued change lazy=false org.eclipse.jetty.io.ChannelEndPoint$$Lambda$255/90666987@79f641c0 on ManagedSelector@4e70a728{STARTED} id=0 keys=1 selected=0 updates=0
03:43:12.759 [qtp399373008-55] DEBUG org.eclipse.jetty.io.ManagedSelector - Wakeup on submit ManagedSelector@4e70a728{STARTED} id=0 keys=1 selected=0 updates=1
03:43:12.759 [qtp399373008-55] DEBUG org.eclipse.jetty.server.HttpConnection - HttpConnection@42d608cf::DecryptedEndPoint@2f7ebf57{l=/127.0.0.1:44051,r=/127.0.0.1:33262,OPEN,fill=FI,flush=-,to=0/30000} onFillable exit HttpChannelState@13915393{s=IDLE rs=BLOCKING os=OPEN is=IDLE awp=false se=false i=true al=0} null
03:43:12.759 [qtp399373008-56] DEBUG org.eclipse.jetty.io.ManagedSelector - Selector sun.nio.ch.EPollSelectorImpl@7ec05eed woken with none selected
03:43:12.759 [qtp399373008-56] DEBUG org.eclipse.jetty.io.ManagedSelector - Selector sun.nio.ch.EPollSelectorImpl@7ec05eed woken up from select, 0/0/1 selected
03:43:12.759 [qtp399373008-56] DEBUG org.eclipse.jetty.io.ManagedSelector - Selector sun.nio.ch.EPollSelectorImpl@7ec05eed processing 0 keys, 1 updates
03:43:12.759 [qtp399373008-56] DEBUG org.eclipse.jetty.io.ManagedSelector - updateable 1
03:43:12.759 [qtp399373008-56] DEBUG org.eclipse.jetty.io.ManagedSelector - update org.eclipse.jetty.io.ChannelEndPoint$$Lambda$255/90666987@79f641c0
03:43:12.759 [qtp399373008-55] DEBUG org.eclipse.jetty.io.ssl.SslConnection - <c.onFillable SslConnection@6e24ce0c::SocketChannelEndPoint@67fb751b{l=/127.0.0.1:44051,r=/127.0.0.1:33262,OPEN,fill=FI,flush=-,to=0/30000}{io=0/1,kio=0,kro=1}->SslConnection@6e24ce0c{NEED_UNWRAP,eio=-1/-1,di=-1,fill=INTERESTED,flush=IDLE}~>DecryptedEndPoint@2f7ebf57{l=/127.0.0.1:44051,r=/127.0.0.1:33262,OPEN,fill=FI,flush=-,to=0/30000}=>HttpConnection@42d608cf[p=HttpParser{s=START,0 of -1},g=HttpGenerator@347a5098{s=START}]=>HttpChannelOverHttp@57fc45f2{s=HttpChannelState@13915393{s=IDLE rs=BLOCKING os=OPEN is=IDLE awp=false se=false i=true al=0},r=0,c=false/false,a=IDLE,uri=null,age=0}
03:43:12.759 [qtp399373008-55] DEBUG org.eclipse.jetty.util.thread.QueuedThreadPool - ran org.eclipse.jetty.io.ManagedSelector$$Lambda$253/838473569@7fe7c640 in QueuedThreadPool[qtp399373008]@17cdf2d0{STARTED,8<=8<=200,i=1,r=-1,q=0}[ReservedThreadExecutor@424fd310{reserved=1/8,pending=0}]
03:43:12.760 [qtp399373008-56] DEBUG org.eclipse.jetty.io.ChannelEndPoint - Key interests updated 0 -> 1 on SocketChannelEndPoint@67fb751b{l=/127.0.0.1:44051,r=/127.0.0.1:33262,OPEN,fill=FI,flush=-,to=0/30000}{io=1/1,kio=1,kro=1}->SslConnection@6e24ce0c{NEED_UNWRAP,eio=-1/-1,di=-1,fill=INTERESTED,flush=IDLE}~>DecryptedEndPoint@2f7ebf57{l=/127.0.0.1:44051,r=/127.0.0.1:33262,OPEN,fill=FI,flush=-,to=0/30000}=>HttpConnection@42d608cf[p=HttpParser{s=START,0 of -1},g=HttpGenerator@347a5098{s=START}]=>HttpChannelOverHttp@57fc45f2{s=HttpChannelState@13915393{s=IDLE rs=BLOCKING os=OPEN is=IDLE awp=false se=false i=true al=0},r=0,c=false/false,a=IDLE,uri=null,age=0}
03:43:12.760 [qtp399373008-56] DEBUG org.eclipse.jetty.io.ManagedSelector - updates 0
03:43:12.760 [qtp399373008-56] DEBUG org.eclipse.jetty.io.ManagedSelector - Selector sun.nio.ch.EPollSelectorImpl@7ec05eed waiting with 1 keys
03:43:12.760 [qtp399373008-56] DEBUG org.eclipse.jetty.io.ManagedSelector - Selector sun.nio.ch.EPollSelectorImpl@7ec05eed woken up from select, 1/1/1 selected
03:43:12.760 [qtp399373008-56] DEBUG org.eclipse.jetty.io.ManagedSelector - Selector sun.nio.ch.EPollSelectorImpl@7ec05eed processing 1 keys, 0 updates
03:43:12.761 [qtp399373008-56] DEBUG org.eclipse.jetty.io.ManagedSelector - selected 1 sun.nio.ch.SelectionKeyImpl@7007af45 SocketChannelEndPoint@67fb751b{l=/127.0.0.1:44051,r=/127.0.0.1:33262,OPEN,fill=FI,flush=-,to=1/30000}{io=1/1,kio=1,kro=1}->SslConnection@6e24ce0c{NEED_UNWRAP,eio=-1/-1,di=-1,fill=INTERESTED,flush=IDLE}~>DecryptedEndPoint@2f7ebf57{l=/127.0.0.1:44051,r=/127.0.0.1:33262,OPEN,fill=FI,flush=-,to=1/30000}=>HttpConnection@42d608cf[p=HttpParser{s=START,0 of -1},g=HttpGenerator@347a5098{s=START}]=>HttpChannelOverHttp@57fc45f2{s=HttpChannelState@13915393{s=IDLE rs=BLOCKING os=OPEN is=IDLE awp=false se=false i=true al=0},r=0,c=false/false,a=IDLE,uri=null,age=0} 
03:43:12.761 [qtp399373008-56] DEBUG org.eclipse.jetty.io.ChannelEndPoint - onSelected 1->0 r=true w=false for SocketChannelEndPoint@67fb751b{l=/127.0.0.1:44051,r=/127.0.0.1:33262,OPEN,fill=FI,flush=-,to=1/30000}{io=1/0,kio=1,kro=1}->SslConnection@6e24ce0c{NEED_UNWRAP,eio=-1/-1,di=-1,fill=INTERESTED,flush=IDLE}~>DecryptedEndPoint@2f7ebf57{l=/127.0.0.1:44051,r=/127.0.0.1:33262,OPEN,fill=FI,flush=-,to=1/30000}=>HttpConnection@42d608cf[p=HttpParser{s=START,0 of -1},g=HttpGenerator@347a5098{s=START}]=>HttpChannelOverHttp@57fc45f2{s=HttpChannelState@13915393{s=IDLE rs=BLOCKING os=OPEN is=IDLE awp=false se=false i=true al=0},r=0,c=false/false,a=IDLE,uri=null,age=0}
03:43:12.761 [qtp399373008-56] DEBUG org.eclipse.jetty.io.ChannelEndPoint - task CEP:SocketChannelEndPoint@67fb751b{l=/127.0.0.1:44051,r=/127.0.0.1:33262,OPEN,fill=FI,flush=-,to=1/30000}{io=1/0,kio=1,kro=1}->SslConnection@6e24ce0c{NEED_UNWRAP,eio=-1/-1,di=-1,fill=INTERESTED,flush=IDLE}~>DecryptedEndPoint@2f7ebf57{l=/127.0.0.1:44051,r=/127.0.0.1:33262,OPEN,fill=FI,flush=-,to=1/30000}=>HttpConnection@42d608cf[p=HttpParser{s=START,0 of -1},g=HttpGenerator@347a5098{s=START}]=>HttpChannelOverHttp@57fc45f2{s=HttpChannelState@13915393{s=IDLE rs=BLOCKING os=OPEN is=IDLE awp=false se=false i=true al=0},r=0,c=false/false,a=IDLE,uri=null,age=0}:runFillable:BLOCKING
03:43:12.761 [qtp399373008-56] DEBUG org.eclipse.jetty.util.thread.ReservedThreadExecutor - ReservedThreadExecutor@424fd310{reserved=1/8,pending=0} tryExecute EatWhatYouKill@4e858e0a/SelectorProducer@435fb7b5/PRODUCING/p=false/QueuedThreadPool[qtp399373008]@17cdf2d0{STARTED,8<=8<=200,i=2,r=-1,q=0}[ReservedThreadExecutor@424fd310{reserved=1/8,pending=0}][pc=0,pic=0,pec=0,epc=1]@2024-05-02T03:43:12.761+01:00
03:43:12.761 [qtp399373008-56] DEBUG org.eclipse.jetty.util.thread.ReservedThreadExecutor - ReservedThreadExecutor@424fd310{reserved=0/8,pending=1} startReservedThread p=1
03:43:12.761 [qtp399373008-56] DEBUG org.eclipse.jetty.util.thread.QueuedThreadPool - queue ReservedThread@69bca527{PENDING,thread=null} startThread=0
03:43:12.761 [qtp399373008-58] DEBUG org.eclipse.jetty.util.thread.QueuedThreadPool - run ReservedThread@69bca527{PENDING,thread=null} in QueuedThreadPool[qtp399373008]@17cdf2d0{STARTED,8<=8<=200,i=1,r=-1,q=0}[ReservedThreadExecutor@424fd310{reserved=0/8,pending=1}]
03:43:12.761 [qtp399373008-58] DEBUG org.eclipse.jetty.util.thread.ReservedThreadExecutor - ReservedThread@69bca527{PENDING,thread=Thread[qtp399373008-58,5,main]} was=PENDING next=RESERVED size=0+1 capacity=8
03:43:12.761 [qtp399373008-58] DEBUG org.eclipse.jetty.util.thread.ReservedThreadExecutor - ReservedThread@69bca527{RESERVED,thread=Thread[qtp399373008-58,5,main]} waiting ReservedThreadExecutor@424fd310{reserved=1/8,pending=0}
03:43:12.761 [qtp399373008-57] DEBUG org.eclipse.jetty.util.thread.ReservedThreadExecutor - ReservedThread@298a767d{RESERVED,thread=Thread[qtp399373008-57,5,main]} task=EatWhatYouKill@4e858e0a/SelectorProducer@435fb7b5/IDLE/p=true/QueuedThreadPool[qtp399373008]@17cdf2d0{STARTED,8<=8<=200,i=1,r=-1,q=0}[ReservedThreadExecutor@424fd310{reserved=0/8,pending=1}][pc=0,pic=0,pec=0,epc=1]@2024-05-02T03:43:12.761+01:00 ReservedThreadExecutor@424fd310{reserved=1/8,pending=0}
03:43:12.761 [qtp399373008-57] DEBUG org.eclipse.jetty.util.thread.strategy.EatWhatYouKill - EatWhatYouKill@4e858e0a/SelectorProducer@435fb7b5/IDLE/p=true/QueuedThreadPool[qtp399373008]@17cdf2d0{STARTED,8<=8<=200,i=1,r=-1,q=0}[ReservedThreadExecutor@424fd310{reserved=1/8,pending=0}][pc=0,pic=0,pec=0,epc=1]@2024-05-02T03:43:12.761+01:00 tryProduce true
03:43:12.761 [qtp399373008-57] DEBUG org.eclipse.jetty.io.ManagedSelector - updateable 0
03:43:12.761 [qtp399373008-57] DEBUG org.eclipse.jetty.io.ManagedSelector - updates 0
03:43:12.761 [qtp399373008-56] DEBUG org.eclipse.jetty.util.thread.strategy.EatWhatYouKill - EatWhatYouKill@4e858e0a/SelectorProducer@435fb7b5/IDLE/p=true/QueuedThreadPool[qtp399373008]@17cdf2d0{STARTED,8<=8<=200,i=1,r=-1,q=0}[ReservedThreadExecutor@424fd310{reserved=1/8,pending=0}][pc=0,pic=0,pec=0,epc=1]@2024-05-02T03:43:12.761+01:00 m=EXECUTE_PRODUCE_CONSUME t=CEP:SocketChannelEndPoint@67fb751b{l=/127.0.0.1:44051,r=/127.0.0.1:33262,OPEN,fill=FI,flush=-,to=2/30000}{io=1/0,kio=1,kro=1}->SslConnection@6e24ce0c{NEED_UNWRAP,eio=-1/-1,di=-1,fill=INTERESTED,flush=IDLE}~>DecryptedEndPoint@2f7ebf57{l=/127.0.0.1:44051,r=/127.0.0.1:33262,OPEN,fill=FI,flush=-,to=2/30000}=>HttpConnection@42d608cf[p=HttpParser{s=START,0 of -1},g=HttpGenerator@347a5098{s=START}]=>HttpChannelOverHttp@57fc45f2{s=HttpChannelState@13915393{s=IDLE rs=BLOCKING os=OPEN is=IDLE awp=false se=false i=true al=0},r=0,c=false/false,a=IDLE,uri=null,age=0}:runFillable:BLOCKING/BLOCKING
03:43:12.761 [qtp399373008-57] DEBUG org.eclipse.jetty.io.ChannelEndPoint - Key interests updated 1 -> 0 on SocketChannelEndPoint@67fb751b{l=/127.0.0.1:44051,r=/127.0.0.1:33262,OPEN,fill=FI,flush=-,to=2/30000}{io=0/0,kio=0,kro=1}->SslConnection@6e24ce0c{NEED_UNWRAP,eio=-1/-1,di=-1,fill=INTERESTED,flush=IDLE}~>DecryptedEndPoint@2f7ebf57{l=/127.0.0.1:44051,r=/127.0.0.1:33262,OPEN,fill=FI,flush=-,to=2/30000}=>HttpConnection@42d608cf[p=HttpParser{s=START,0 of -1},g=HttpGenerator@347a5098{s=START}]=>HttpChannelOverHttp@57fc45f2{s=HttpChannelState@13915393{s=IDLE rs=BLOCKING os=OPEN is=IDLE awp=false se=false i=true al=0},r=0,c=false/false,a=IDLE,uri=null,age=0}
03:43:12.761 [qtp399373008-57] DEBUG org.eclipse.jetty.io.ManagedSelector - Selector sun.nio.ch.EPollSelectorImpl@7ec05eed waiting with 1 keys
03:43:12.761 [qtp399373008-56] DEBUG org.eclipse.jetty.io.FillInterest - fillable FillInterest@316abd4f{SSLC.NBReadCB@6e24ce0c{SslConnection@6e24ce0c::SocketChannelEndPoint@67fb751b{l=/127.0.0.1:44051,r=/127.0.0.1:33262,OPEN,fill=FI,flush=-,to=2/30000}{io=0/0,kio=0,kro=1}->SslConnection@6e24ce0c{NEED_UNWRAP,eio=-1/-1,di=-1,fill=INTERESTED,flush=IDLE}~>DecryptedEndPoint@2f7ebf57{l=/127.0.0.1:44051,r=/127.0.0.1:33262,OPEN,fill=FI,flush=-,to=2/30000}=>HttpConnection@42d608cf[p=HttpParser{s=START,0 of -1},g=HttpGenerator@347a5098{s=START}]=>HttpChannelOverHttp@57fc45f2{s=HttpChannelState@13915393{s=IDLE rs=BLOCKING os=OPEN is=IDLE awp=false se=false i=true al=0},r=0,c=false/false,a=IDLE,uri=null,age=0}}}
03:43:12.762 [qtp399373008-56] DEBUG org.eclipse.jetty.io.ssl.SslConnection - >c.onFillable SslConnection@6e24ce0c::SocketChannelEndPoint@67fb751b{l=/127.0.0.1:44051,r=/127.0.0.1:33262,OPEN,fill=-,flush=-,to=2/30000}{io=0/0,kio=0,kro=1}->SslConnection@6e24ce0c{NEED_UNWRAP,eio=-1/-1,di=-1,fill=INTERESTED,flush=IDLE}~>DecryptedEndPoint@2f7ebf57{l=/127.0.0.1:44051,r=/127.0.0.1:33262,OPEN,fill=FI,flush=-,to=2/30000}=>HttpConnection@42d608cf[p=HttpParser{s=START,0 of -1},g=HttpGenerator@347a5098{s=START}]=>HttpChannelOverHttp@57fc45f2{s=HttpChannelState@13915393{s=IDLE rs=BLOCKING os=OPEN is=IDLE awp=false se=false i=true al=0},r=0,c=false/false,a=IDLE,uri=null,age=0}
03:43:12.762 [qtp399373008-56] DEBUG org.eclipse.jetty.io.ssl.SslConnection - onFillable SslConnection@6e24ce0c::SocketChannelEndPoint@67fb751b{l=/127.0.0.1:44051,r=/127.0.0.1:33262,OPEN,fill=-,flush=-,to=2/30000}{io=0/0,kio=0,kro=1}->SslConnection@6e24ce0c{NEED_UNWRAP,eio=-1/-1,di=-1,fill=INTERESTED,flush=IDLE}~>DecryptedEndPoint@2f7ebf57{l=/127.0.0.1:44051,r=/127.0.0.1:33262,OPEN,fill=FI,flush=-,to=2/30000}=>HttpConnection@42d608cf[p=HttpParser{s=START,0 of -1},g=HttpGenerator@347a5098{s=START}]=>HttpChannelOverHttp@57fc45f2{s=HttpChannelState@13915393{s=IDLE rs=BLOCKING os=OPEN is=IDLE awp=false se=false i=true al=0},r=0,c=false/false,a=IDLE,uri=null,age=0}
03:43:12.762 [qtp399373008-56] DEBUG org.eclipse.jetty.io.FillInterest - fillable FillInterest@4698b6a8{AC.ReadCB@42d608cf{HttpConnection@42d608cf::DecryptedEndPoint@2f7ebf57{l=/127.0.0.1:44051,r=/127.0.0.1:33262,OPEN,fill=FI,flush=-,to=2/30000}}}
03:43:12.762 [qtp399373008-56] DEBUG org.eclipse.jetty.server.HttpConnection - HttpConnection@42d608cf::DecryptedEndPoint@2f7ebf57{l=/127.0.0.1:44051,r=/127.0.0.1:33262,OPEN,fill=-,flush=-,to=2/30000} onFillable enter HttpChannelState@13915393{s=IDLE rs=BLOCKING os=OPEN is=IDLE awp=false se=false i=true al=0} null
03:43:12.762 [qtp399373008-56] DEBUG org.eclipse.jetty.io.ssl.SslConnection - >fill SslConnection@6e24ce0c::SocketChannelEndPoint@67fb751b{l=/127.0.0.1:44051,r=/127.0.0.1:33262,OPEN,fill=-,flush=-,to=2/30000}{io=0/0,kio=0,kro=1}->SslConnection@6e24ce0c{NEED_UNWRAP,eio=-1/-1,di=-1,fill=IDLE,flush=IDLE}~>DecryptedEndPoint@2f7ebf57{l=/127.0.0.1:44051,r=/127.0.0.1:33262,OPEN,fill=-,flush=-,to=2/30000}=>HttpConnection@42d608cf[p=HttpParser{s=START,0 of -1},g=HttpGenerator@347a5098{s=START}]=>HttpChannelOverHttp@57fc45f2{s=HttpChannelState@13915393{s=IDLE rs=BLOCKING os=OPEN is=IDLE awp=false se=false i=true al=0},r=0,c=false/false,a=IDLE,uri=null,age=0}
03:43:12.762 [qtp399373008-56] DEBUG org.eclipse.jetty.io.ssl.SslConnection - fill NEED_UNWRAP
03:43:12.762 [qtp399373008-56] DEBUG org.eclipse.jetty.io.ChannelEndPoint - filled 6 HeapByteBuffer@729047a8[p=0,l=6,c=17408,r=6]={<<<\x14\x03\x03\x00\x01\x01>>>\xD4\xD7\x98p\xF6\xEd\\\xFe0...\x00\x00\x00\x00\x00\x00\x00}
03:43:12.762 [qtp399373008-56] DEBUG org.eclipse.jetty.io.ssl.SslConnection - net filled=6
03:43:12.762 [qtp399373008-56] DEBUG org.eclipse.jetty.io.ssl.SslConnection - unwrap net_filled=6 Status = OK HandshakeStatus = NEED_UNWRAP bytesConsumed = 6 bytesProduced = 0 encryptedBuffer=[p=6,l=6,c=17408,r=0] unwrapBuffer=HeapByteBuffer@78682cd8[p=0,l=0,c=17408,r=0]={<<<>>>\x16\x03\x03\x01N\x01\x00\x01J...\x00\x00\x00\x00\x00\x00\x00} appBuffer=HeapByteBuffer@78682cd8[p=0,l=0,c=17408,r=0]={<<<>>>\x16\x03\x03\x01N\x01\x00\x01J...\x00\x00\x00\x00\x00\x00\x00}
03:43:12.762 [qtp399373008-56] DEBUG org.eclipse.jetty.io.ssl.SslConnection - fill NEED_UNWRAP
03:43:12.762 [qtp399373008-56] DEBUG org.eclipse.jetty.io.ChannelEndPoint - filled 0 HeapByteBuffer@729047a8[p=0,l=0,c=17408,r=0]={<<<>>>\x14\x03\x03\x00\x01\x01\xD4\xD7\x98...\x00\x00\x00\x00\x00\x00\x00}
03:43:12.762 [qtp399373008-56] DEBUG org.eclipse.jetty.io.ssl.SslConnection - net filled=0
03:43:12.762 [qtp399373008-56] DEBUG org.eclipse.jetty.io.ssl.SslConnection - unwrap net_filled=0 Status = BUFFER_UNDERFLOW HandshakeStatus = NEED_UNWRAP bytesConsumed = 0 bytesProduced = 0 encryptedBuffer=[p=0,l=0,c=17408,r=0] unwrapBuffer=HeapByteBuffer@78682cd8[p=0,l=0,c=17408,r=0]={<<<>>>\x16\x03\x03\x01N\x01\x00\x01J...\x00\x00\x00\x00\x00\x00\x00} appBuffer=HeapByteBuffer@78682cd8[p=0,l=0,c=17408,r=0]={<<<>>>\x16\x03\x03\x01N\x01\x00\x01J...\x00\x00\x00\x00\x00\x00\x00}
03:43:12.762 [qtp399373008-56] DEBUG org.eclipse.jetty.io.ssl.SslConnection - <fill f=0 uf=true SslConnection@6e24ce0c::SocketChannelEndPoint@67fb751b{l=/127.0.0.1:44051,r=/127.0.0.1:33262,OPEN,fill=-,flush=-,to=0/30000}{io=0/0,kio=0,kro=1}->SslConnection@6e24ce0c{NEED_UNWRAP,eio=-1/-1,di=-1,fill=IDLE,flush=IDLE}~>DecryptedEndPoint@2f7ebf57{l=/127.0.0.1:44051,r=/127.0.0.1:33262,OPEN,fill=-,flush=-,to=3/30000}=>HttpConnection@42d608cf[p=HttpParser{s=START,0 of -1},g=HttpGenerator@347a5098{s=START}]=>HttpChannelOverHttp@57fc45f2{s=HttpChannelState@13915393{s=IDLE rs=BLOCKING os=OPEN is=IDLE awp=false se=false i=true al=0},r=0,c=false/false,a=IDLE,uri=null,age=0}
03:43:12.763 [qtp399373008-56] DEBUG org.eclipse.jetty.io.ssl.SslConnection - >fill SslConnection@6e24ce0c::SocketChannelEndPoint@67fb751b{l=/127.0.0.1:44051,r=/127.0.0.1:33262,OPEN,fill=-,flush=-,to=0/30000}{io=0/0,kio=0,kro=1}->SslConnection@6e24ce0c{NEED_UNWRAP,eio=-1/-1,di=-1,fill=IDLE,flush=IDLE}~>DecryptedEndPoint@2f7ebf57{l=/127.0.0.1:44051,r=/127.0.0.1:33262,OPEN,fill=-,flush=-,to=3/30000}=>HttpConnection@42d608cf[p=HttpParser{s=START,0 of -1},g=HttpGenerator@347a5098{s=START}]=>HttpChannelOverHttp@57fc45f2{s=HttpChannelState@13915393{s=IDLE rs=BLOCKING os=OPEN is=IDLE awp=false se=false i=true al=0},r=0,c=false/false,a=IDLE,uri=null,age=0}
03:43:12.763 [qtp399373008-56] DEBUG org.eclipse.jetty.io.ssl.SslConnection - fill NEED_UNWRAP
03:43:12.763 [qtp399373008-56] DEBUG org.eclipse.jetty.io.ChannelEndPoint - filled 0 HeapByteBuffer@76afdda5[p=0,l=0,c=17408,r=0]={<<<>>>\x17\x03\x03\x00\xC9\x88\xF2\xD0\xC4...\x00\x00\x00\x00\x00\x00\x00}
03:43:12.763 [qtp399373008-56] DEBUG org.eclipse.jetty.io.ssl.SslConnection - net filled=0
03:43:12.763 [qtp399373008-56] DEBUG org.eclipse.jetty.io.ssl.SslConnection - unwrap net_filled=0 Status = BUFFER_UNDERFLOW HandshakeStatus = NEED_UNWRAP bytesConsumed = 0 bytesProduced = 0 encryptedBuffer=[p=0,l=0,c=17408,r=0] unwrapBuffer=HeapByteBuffer@78682cd8[p=0,l=0,c=17408,r=0]={<<<>>>\x16\x03\x03\x01N\x01\x00\x01J...\x00\x00\x00\x00\x00\x00\x00} appBuffer=HeapByteBuffer@78682cd8[p=0,l=0,c=17408,r=0]={<<<>>>\x16\x03\x03\x01N\x01\x00\x01J...\x00\x00\x00\x00\x00\x00\x00}
03:43:12.763 [qtp399373008-56] DEBUG org.eclipse.jetty.io.ssl.SslConnection - <fill f=0 uf=true SslConnection@6e24ce0c::SocketChannelEndPoint@67fb751b{l=/127.0.0.1:44051,r=/127.0.0.1:33262,OPEN,fill=-,flush=-,to=0/30000}{io=0/0,kio=0,kro=1}->SslConnection@6e24ce0c{NEED_UNWRAP,eio=-1/-1,di=-1,fill=IDLE,flush=IDLE}~>DecryptedEndPoint@2f7ebf57{l=/127.0.0.1:44051,r=/127.0.0.1:33262,OPEN,fill=-,flush=-,to=3/30000}=>HttpConnection@42d608cf[p=HttpParser{s=START,0 of -1},g=HttpGenerator@347a5098{s=START}]=>HttpChannelOverHttp@57fc45f2{s=HttpChannelState@13915393{s=IDLE rs=BLOCKING os=OPEN is=IDLE awp=false se=false i=true al=0},r=0,c=false/false,a=IDLE,uri=null,age=0}
03:43:12.763 [qtp399373008-56] DEBUG org.eclipse.jetty.server.HttpConnection - HttpConnection@42d608cf::DecryptedEndPoint@2f7ebf57{l=/127.0.0.1:44051,r=/127.0.0.1:33262,OPEN,fill=-,flush=-,to=3/30000} filled 0 HeapByteBuffer@78682cd8[p=0,l=0,c=17408,r=0]={<<<>>>\x16\x03\x03\x01N\x01\x00\x01J...\x00\x00\x00\x00\x00\x00\x00}
03:43:12.763 [qtp399373008-56] DEBUG org.eclipse.jetty.server.HttpConnection - HttpConnection@42d608cf::DecryptedEndPoint@2f7ebf57{l=/127.0.0.1:44051,r=/127.0.0.1:33262,OPEN,fill=-,flush=-,to=4/30000} parse HeapByteBuffer@78682cd8[p=0,l=0,c=17408,r=0]={<<<>>>\x16\x03\x03\x01N\x01\x00\x01J...\x00\x00\x00\x00\x00\x00\x00} {}
03:43:12.763 [qtp399373008-56] DEBUG org.eclipse.jetty.http.HttpParser - parseNext s=START HeapByteBuffer@78682cd8[p=0,l=0,c=17408,r=0]={<<<>>>\x16\x03\x03\x01N\x01\x00\x01J...\x00\x00\x00\x00\x00\x00\x00}
03:43:12.763 [qtp399373008-56] DEBUG org.eclipse.jetty.server.HttpConnection - HttpConnection@42d608cf::DecryptedEndPoint@2f7ebf57{l=/127.0.0.1:44051,r=/127.0.0.1:33262,OPEN,fill=-,flush=-,to=4/30000} parsed false HttpParser{s=START,0 of -1}
03:43:12.763 [qtp399373008-56] DEBUG org.eclipse.jetty.server.HttpConnection - releaseRequestBuffer HttpConnection@42d608cf::DecryptedEndPoint@2f7ebf57{l=/127.0.0.1:44051,r=/127.0.0.1:33262,OPEN,fill=-,flush=-,to=4/30000}
03:43:12.763 [qtp399373008-56] DEBUG org.eclipse.jetty.io.AbstractConnection - fillInterested HttpConnection@42d608cf::DecryptedEndPoint@2f7ebf57{l=/127.0.0.1:44051,r=/127.0.0.1:33262,OPEN,fill=-,flush=-,to=4/30000}
03:43:12.763 [qtp399373008-56] DEBUG org.eclipse.jetty.io.FillInterest - interested FillInterest@4698b6a8{AC.ReadCB@42d608cf{HttpConnection@42d608cf::DecryptedEndPoint@2f7ebf57{l=/127.0.0.1:44051,r=/127.0.0.1:33262,OPEN,fill=FI,flush=-,to=0/30000}}}
03:43:12.763 [qtp399373008-56] DEBUG org.eclipse.jetty.io.ssl.SslConnection - >needFillInterest s=IDLE/IDLE uf=true ei=null di=null SslConnection@6e24ce0c::SocketChannelEndPoint@67fb751b{l=/127.0.0.1:44051,r=/127.0.0.1:33262,OPEN,fill=-,flush=-,to=0/30000}{io=0/0,kio=0,kro=1}->SslConnection@6e24ce0c{NEED_UNWRAP,eio=-1/-1,di=-1,fill=IDLE,flush=IDLE}~>DecryptedEndPoint@2f7ebf57{l=/127.0.0.1:44051,r=/127.0.0.1:33262,OPEN,fill=FI,flush=-,to=0/30000}=>HttpConnection@42d608cf[p=HttpParser{s=START,0 of -1},g=HttpGenerator@347a5098{s=START}]=>HttpChannelOverHttp@57fc45f2{s=HttpChannelState@13915393{s=IDLE rs=BLOCKING os=OPEN is=IDLE awp=false se=false i=true al=0},r=0,c=false/false,a=IDLE,uri=null,age=0}
03:43:12.763 [qtp399373008-56] DEBUG org.eclipse.jetty.io.ssl.SslConnection - <needFillInterest s=IDLE/INTERESTED f=false i=true w=null
03:43:12.763 [qtp399373008-56] DEBUG org.eclipse.jetty.io.ssl.SslConnection - ensureFillInterested SslConnection@6e24ce0c::SocketChannelEndPoint@67fb751b{l=/127.0.0.1:44051,r=/127.0.0.1:33262,OPEN,fill=-,flush=-,to=0/30000}{io=0/0,kio=0,kro=1}->SslConnection@6e24ce0c{NEED_UNWRAP,eio=-1/-1,di=-1,fill=INTERESTED,flush=IDLE}~>DecryptedEndPoint@2f7ebf57{l=/127.0.0.1:44051,r=/127.0.0.1:33262,OPEN,fill=FI,flush=-,to=0/30000}=>HttpConnection@42d608cf[p=HttpParser{s=START,0 of -1},g=HttpGenerator@347a5098{s=START}]=>HttpChannelOverHttp@57fc45f2{s=HttpChannelState@13915393{s=IDLE rs=BLOCKING os=OPEN is=IDLE awp=false se=false i=true al=0},r=0,c=false/false,a=IDLE,uri=null,age=0}
03:43:12.763 [qtp399373008-56] DEBUG org.eclipse.jetty.io.FillInterest - interested FillInterest@316abd4f{SSLC.NBReadCB@6e24ce0c{SslConnection@6e24ce0c::SocketChannelEndPoint@67fb751b{l=/127.0.0.1:44051,r=/127.0.0.1:33262,OPEN,fill=FI,flush=-,to=0/30000}{io=0/0,kio=0,kro=1}->SslConnection@6e24ce0c{NEED_UNWRAP,eio=-1/-1,di=-1,fill=INTERESTED,flush=IDLE}~>DecryptedEndPoint@2f7ebf57{l=/127.0.0.1:44051,r=/127.0.0.1:33262,OPEN,fill=FI,flush=-,to=0/30000}=>HttpConnection@42d608cf[p=HttpParser{s=START,0 of -1},g=HttpGenerator@347a5098{s=START}]=>HttpChannelOverHttp@57fc45f2{s=HttpChannelState@13915393{s=IDLE rs=BLOCKING os=OPEN is=IDLE awp=false se=false i=true al=0},r=0,c=false/false,a=IDLE,uri=null,age=0}}}
03:43:12.763 [qtp399373008-56] DEBUG org.eclipse.jetty.io.ChannelEndPoint - changeInterests p=false 0->1 for SocketChannelEndPoint@67fb751b{l=/127.0.0.1:44051,r=/127.0.0.1:33262,OPEN,fill=FI,flush=-,to=0/30000}{io=0/1,kio=0,kro=1}->SslConnection@6e24ce0c{NEED_UNWRAP,eio=-1/-1,di=-1,fill=INTERESTED,flush=IDLE}~>DecryptedEndPoint@2f7ebf57{l=/127.0.0.1:44051,r=/127.0.0.1:33262,OPEN,fill=FI,flush=-,to=0/30000}=>HttpConnection@42d608cf[p=HttpParser{s=START,0 of -1},g=HttpGenerator@347a5098{s=START}]=>HttpChannelOverHttp@57fc45f2{s=HttpChannelState@13915393{s=IDLE rs=BLOCKING os=OPEN is=IDLE awp=false se=false i=true al=0},r=0,c=false/false,a=IDLE,uri=null,age=0}
03:43:12.763 [qtp399373008-56] DEBUG org.eclipse.jetty.io.ManagedSelector - Queued change lazy=false org.eclipse.jetty.io.ChannelEndPoint$$Lambda$255/90666987@79f641c0 on ManagedSelector@4e70a728{STARTED} id=0 keys=1 selected=0 updates=0
03:43:12.763 [qtp399373008-56] DEBUG org.eclipse.jetty.io.ManagedSelector - Wakeup on submit ManagedSelector@4e70a728{STARTED} id=0 keys=1 selected=0 updates=1
03:43:12.763 [qtp399373008-56] DEBUG org.eclipse.jetty.server.HttpConnection - HttpConnection@42d608cf::DecryptedEndPoint@2f7ebf57{l=/127.0.0.1:44051,r=/127.0.0.1:33262,OPEN,fill=FI,flush=-,to=0/30000} onFillable exit HttpChannelState@13915393{s=IDLE rs=BLOCKING os=OPEN is=IDLE awp=false se=false i=true al=0} null
03:43:12.763 [qtp399373008-57] DEBUG org.eclipse.jetty.io.ManagedSelector - Selector sun.nio.ch.EPollSelectorImpl@7ec05eed woken with none selected
03:43:12.763 [qtp399373008-57] DEBUG org.eclipse.jetty.io.ManagedSelector - Selector sun.nio.ch.EPollSelectorImpl@7ec05eed woken up from select, 0/0/1 selected
03:43:12.764 [qtp399373008-57] DEBUG org.eclipse.jetty.io.ManagedSelector - Selector sun.nio.ch.EPollSelectorImpl@7ec05eed processing 0 keys, 1 updates
03:43:12.764 [qtp399373008-57] DEBUG org.eclipse.jetty.io.ManagedSelector - updateable 1
03:43:12.764 [qtp399373008-57] DEBUG org.eclipse.jetty.io.ManagedSelector - update org.eclipse.jetty.io.ChannelEndPoint$$Lambda$255/90666987@79f641c0
03:43:12.764 [qtp399373008-56] DEBUG org.eclipse.jetty.io.ssl.SslConnection - <c.onFillable SslConnection@6e24ce0c::SocketChannelEndPoint@67fb751b{l=/127.0.0.1:44051,r=/127.0.0.1:33262,OPEN,fill=FI,flush=-,to=0/30000}{io=0/1,kio=0,kro=1}->SslConnection@6e24ce0c{NEED_UNWRAP,eio=-1/-1,di=-1,fill=INTERESTED,flush=IDLE}~>DecryptedEndPoint@2f7ebf57{l=/127.0.0.1:44051,r=/127.0.0.1:33262,OPEN,fill=FI,flush=-,to=0/30000}=>HttpConnection@42d608cf[p=HttpParser{s=START,0 of -1},g=HttpGenerator@347a5098{s=START}]=>HttpChannelOverHttp@57fc45f2{s=HttpChannelState@13915393{s=IDLE rs=BLOCKING os=OPEN is=IDLE awp=false se=false i=true al=0},r=0,c=false/false,a=IDLE,uri=null,age=0}
03:43:12.764 [qtp399373008-56] DEBUG org.eclipse.jetty.util.thread.ReservedThreadExecutor - ReservedThread@5f97eb0b{RUNNING,thread=Thread[qtp399373008-56,5,main]} was=RUNNING next=RESERVED size=0+2 capacity=8
03:43:12.764 [qtp399373008-57] DEBUG org.eclipse.jetty.io.ChannelEndPoint - Key interests updated 0 -> 1 on SocketChannelEndPoint@67fb751b{l=/127.0.0.1:44051,r=/127.0.0.1:33262,OPEN,fill=FI,flush=-,to=0/30000}{io=1/1,kio=1,kro=1}->SslConnection@6e24ce0c{NEED_UNWRAP,eio=-1/-1,di=-1,fill=INTERESTED,flush=IDLE}~>DecryptedEndPoint@2f7ebf57{l=/127.0.0.1:44051,r=/127.0.0.1:33262,OPEN,fill=FI,flush=-,to=0/30000}=>HttpConnection@42d608cf[p=HttpParser{s=START,0 of -1},g=HttpGenerator@347a5098{s=START}]=>HttpChannelOverHttp@57fc45f2{s=HttpChannelState@13915393{s=IDLE rs=BLOCKING os=OPEN is=IDLE awp=false se=false i=true al=0},r=0,c=false/false,a=IDLE,uri=null,age=0}
03:43:12.764 [qtp399373008-57] DEBUG org.eclipse.jetty.io.ManagedSelector - updates 0
03:43:12.764 [qtp399373008-56] DEBUG org.eclipse.jetty.util.thread.ReservedThreadExecutor - ReservedThread@5f97eb0b{RESERVED,thread=Thread[qtp399373008-56,5,main]} waiting ReservedThreadExecutor@424fd310{reserved=2/8,pending=0}
03:43:12.764 [qtp399373008-57] DEBUG org.eclipse.jetty.io.ManagedSelector - Selector sun.nio.ch.EPollSelectorImpl@7ec05eed waiting with 1 keys
03:43:12.801 [qtp399373008-57] DEBUG org.eclipse.jetty.io.ManagedSelector - Selector sun.nio.ch.EPollSelectorImpl@7ec05eed woken up from select, 1/1/1 selected
03:43:12.801 [qtp399373008-57] DEBUG org.eclipse.jetty.io.ManagedSelector - Selector sun.nio.ch.EPollSelectorImpl@7ec05eed processing 1 keys, 0 updates
03:43:12.801 [qtp399373008-57] DEBUG org.eclipse.jetty.io.ManagedSelector - selected 1 sun.nio.ch.SelectionKeyImpl@7007af45 SocketChannelEndPoint@67fb751b{l=/127.0.0.1:44051,r=/127.0.0.1:33262,OPEN,fill=FI,flush=-,to=37/30000}{io=1/1,kio=1,kro=1}->SslConnection@6e24ce0c{NEED_UNWRAP,eio=-1/-1,di=-1,fill=INTERESTED,flush=IDLE}~>DecryptedEndPoint@2f7ebf57{l=/127.0.0.1:44051,r=/127.0.0.1:33262,OPEN,fill=FI,flush=-,to=37/30000}=>HttpConnection@42d608cf[p=HttpParser{s=START,0 of -1},g=HttpGenerator@347a5098{s=START}]=>HttpChannelOverHttp@57fc45f2{s=HttpChannelState@13915393{s=IDLE rs=BLOCKING os=OPEN is=IDLE awp=false se=false i=true al=0},r=0,c=false/false,a=IDLE,uri=null,age=0} 
03:43:12.801 [qtp399373008-57] DEBUG org.eclipse.jetty.io.ChannelEndPoint - onSelected 1->0 r=true w=false for SocketChannelEndPoint@67fb751b{l=/127.0.0.1:44051,r=/127.0.0.1:33262,OPEN,fill=FI,flush=-,to=37/30000}{io=1/0,kio=1,kro=1}->SslConnection@6e24ce0c{NEED_UNWRAP,eio=-1/-1,di=-1,fill=INTERESTED,flush=IDLE}~>DecryptedEndPoint@2f7ebf57{l=/127.0.0.1:44051,r=/127.0.0.1:33262,OPEN,fill=FI,flush=-,to=37/30000}=>HttpConnection@42d608cf[p=HttpParser{s=START,0 of -1},g=HttpGenerator@347a5098{s=START}]=>HttpChannelOverHttp@57fc45f2{s=HttpChannelState@13915393{s=IDLE rs=BLOCKING os=OPEN is=IDLE awp=false se=false i=true al=0},r=0,c=false/false,a=IDLE,uri=null,age=0}
03:43:12.801 [qtp399373008-57] DEBUG org.eclipse.jetty.io.ChannelEndPoint - task CEP:SocketChannelEndPoint@67fb751b{l=/127.0.0.1:44051,r=/127.0.0.1:33262,OPEN,fill=FI,flush=-,to=37/30000}{io=1/0,kio=1,kro=1}->SslConnection@6e24ce0c{NEED_UNWRAP,eio=-1/-1,di=-1,fill=INTERESTED,flush=IDLE}~>DecryptedEndPoint@2f7ebf57{l=/127.0.0.1:44051,r=/127.0.0.1:33262,OPEN,fill=FI,flush=-,to=37/30000}=>HttpConnection@42d608cf[p=HttpParser{s=START,0 of -1},g=HttpGenerator@347a5098{s=START}]=>HttpChannelOverHttp@57fc45f2{s=HttpChannelState@13915393{s=IDLE rs=BLOCKING os=OPEN is=IDLE awp=false se=false i=true al=0},r=0,c=false/false,a=IDLE,uri=null,age=0}:runFillable:BLOCKING
03:43:12.801 [qtp399373008-57] DEBUG org.eclipse.jetty.util.thread.ReservedThreadExecutor - ReservedThreadExecutor@424fd310{reserved=2/8,pending=0} tryExecute EatWhatYouKill@4e858e0a/SelectorProducer@435fb7b5/PRODUCING/p=false/QueuedThreadPool[qtp399373008]@17cdf2d0{STARTED,8<=8<=200,i=1,r=-1,q=0}[ReservedThreadExecutor@424fd310{reserved=2/8,pending=0}][pc=0,pic=0,pec=0,epc=2]@2024-05-02T03:43:12.801+01:00
03:43:12.801 [qtp399373008-57] DEBUG org.eclipse.jetty.util.thread.strategy.EatWhatYouKill - EatWhatYouKill@4e858e0a/SelectorProducer@435fb7b5/IDLE/p=true/QueuedThreadPool[qtp399373008]@17cdf2d0{STARTED,8<=8<=200,i=1,r=-1,q=0}[ReservedThreadExecutor@424fd310{reserved=1/8,pending=0}][pc=0,pic=0,pec=0,epc=2]@2024-05-02T03:43:12.801+01:00 m=EXECUTE_PRODUCE_CONSUME t=CEP:SocketChannelEndPoint@67fb751b{l=/127.0.0.1:44051,r=/127.0.0.1:33262,OPEN,fill=FI,flush=-,to=37/30000}{io=1/0,kio=1,kro=1}->SslConnection@6e24ce0c{NEED_UNWRAP,eio=-1/-1,di=-1,fill=INTERESTED,flush=IDLE}~>DecryptedEndPoint@2f7ebf57{l=/127.0.0.1:44051,r=/127.0.0.1:33262,OPEN,fill=FI,flush=-,to=38/30000}=>HttpConnection@42d608cf[p=HttpParser{s=START,0 of -1},g=HttpGenerator@347a5098{s=START}]=>HttpChannelOverHttp@57fc45f2{s=HttpChannelState@13915393{s=IDLE rs=BLOCKING os=OPEN is=IDLE awp=false se=false i=true al=0},r=0,c=false/false,a=IDLE,uri=null,age=0}:runFillable:BLOCKING/BLOCKING
03:43:12.801 [qtp399373008-56] DEBUG org.eclipse.jetty.util.thread.ReservedThreadExecutor - ReservedThread@5f97eb0b{RESERVED,thread=Thread[qtp399373008-56,5,main]} task=EatWhatYouKill@4e858e0a/SelectorProducer@435fb7b5/IDLE/p=true/QueuedThreadPool[qtp399373008]@17cdf2d0{STARTED,8<=8<=200,i=1,r=-1,q=0}[ReservedThreadExecutor@424fd310{reserved=1/8,pending=0}][pc=0,pic=0,pec=0,epc=2]@2024-05-02T03:43:12.801+01:00 ReservedThreadExecutor@424fd310{reserved=1/8,pending=0}
03:43:12.801 [qtp399373008-57] DEBUG org.eclipse.jetty.io.FillInterest - fillable FillInterest@316abd4f{SSLC.NBReadCB@6e24ce0c{SslConnection@6e24ce0c::SocketChannelEndPoint@67fb751b{l=/127.0.0.1:44051,r=/127.0.0.1:33262,OPEN,fill=FI,flush=-,to=38/30000}{io=1/0,kio=1,kro=1}->SslConnection@6e24ce0c{NEED_UNWRAP,eio=-1/-1,di=-1,fill=INTERESTED,flush=IDLE}~>DecryptedEndPoint@2f7ebf57{l=/127.0.0.1:44051,r=/127.0.0.1:33262,OPEN,fill=FI,flush=-,to=38/30000}=>HttpConnection@42d608cf[p=HttpParser{s=START,0 of -1},g=HttpGenerator@347a5098{s=START}]=>HttpChannelOverHttp@57fc45f2{s=HttpChannelState@13915393{s=IDLE rs=BLOCKING os=OPEN is=IDLE awp=false se=false i=true al=0},r=0,c=false/false,a=IDLE,uri=null,age=0}}}
03:43:12.801 [qtp399373008-56] DEBUG org.eclipse.jetty.util.thread.strategy.EatWhatYouKill - EatWhatYouKill@4e858e0a/SelectorProducer@435fb7b5/IDLE/p=true/QueuedThreadPool[qtp399373008]@17cdf2d0{STARTED,8<=8<=200,i=1,r=-1,q=0}[ReservedThreadExecutor@424fd310{reserved=1/8,pending=0}][pc=0,pic=0,pec=0,epc=3]@2024-05-02T03:43:12.801+01:00 tryProduce true
03:43:12.801 [qtp399373008-56] DEBUG org.eclipse.jetty.io.ManagedSelector - updateable 0
03:43:12.801 [qtp399373008-56] DEBUG org.eclipse.jetty.io.ManagedSelector - updates 0
03:43:12.801 [qtp399373008-57] DEBUG org.eclipse.jetty.io.ssl.SslConnection - >c.onFillable SslConnection@6e24ce0c::SocketChannelEndPoint@67fb751b{l=/127.0.0.1:44051,r=/127.0.0.1:33262,OPEN,fill=-,flush=-,to=38/30000}{io=1/0,kio=1,kro=1}->SslConnection@6e24ce0c{NEED_UNWRAP,eio=-1/-1,di=-1,fill=INTERESTED,flush=IDLE}~>DecryptedEndPoint@2f7ebf57{l=/127.0.0.1:44051,r=/127.0.0.1:33262,OPEN,fill=FI,flush=-,to=38/30000}=>HttpConnection@42d608cf[p=HttpParser{s=START,0 of -1},g=HttpGenerator@347a5098{s=START}]=>HttpChannelOverHttp@57fc45f2{s=HttpChannelState@13915393{s=IDLE rs=BLOCKING os=OPEN is=IDLE awp=false se=false i=true al=0},r=0,c=false/false,a=IDLE,uri=null,age=0}
03:43:12.801 [qtp399373008-56] DEBUG org.eclipse.jetty.io.ChannelEndPoint - Key interests updated 1 -> 0 on SocketChannelEndPoint@67fb751b{l=/127.0.0.1:44051,r=/127.0.0.1:33262,OPEN,fill=-,flush=-,to=38/30000}{io=0/0,kio=0,kro=1}->SslConnection@6e24ce0c{NEED_UNWRAP,eio=-1/-1,di=-1,fill=INTERESTED,flush=IDLE}~>DecryptedEndPoint@2f7ebf57{l=/127.0.0.1:44051,r=/127.0.0.1:33262,OPEN,fill=FI,flush=-,to=38/30000}=>HttpConnection@42d608cf[p=HttpParser{s=START,0 of -1},g=HttpGenerator@347a5098{s=START}]=>HttpChannelOverHttp@57fc45f2{s=HttpChannelState@13915393{s=IDLE rs=BLOCKING os=OPEN is=IDLE awp=false se=false i=true al=0},r=0,c=false/false,a=IDLE,uri=null,age=0}
03:43:12.801 [qtp399373008-57] DEBUG org.eclipse.jetty.io.ssl.SslConnection - onFillable SslConnection@6e24ce0c::SocketChannelEndPoint@67fb751b{l=/127.0.0.1:44051,r=/127.0.0.1:33262,OPEN,fill=-,flush=-,to=38/30000}{io=0/0,kio=0,kro=1}->SslConnection@6e24ce0c{NEED_UNWRAP,eio=-1/-1,di=-1,fill=INTERESTED,flush=IDLE}~>DecryptedEndPoint@2f7ebf57{l=/127.0.0.1:44051,r=/127.0.0.1:33262,OPEN,fill=FI,flush=-,to=38/30000}=>HttpConnection@42d608cf[p=HttpParser{s=START,0 of -1},g=HttpGenerator@347a5098{s=START}]=>HttpChannelOverHttp@57fc45f2{s=HttpChannelState@13915393{s=IDLE rs=BLOCKING os=OPEN is=IDLE awp=false se=false i=true al=0},r=0,c=false/false,a=IDLE,uri=null,age=0}
03:43:12.801 [qtp399373008-56] DEBUG org.eclipse.jetty.io.ManagedSelector - Selector sun.nio.ch.EPollSelectorImpl@7ec05eed waiting with 1 keys
03:43:12.802 [qtp399373008-57] DEBUG org.eclipse.jetty.io.FillInterest - fillable FillInterest@4698b6a8{AC.ReadCB@42d608cf{HttpConnection@42d608cf::DecryptedEndPoint@2f7ebf57{l=/127.0.0.1:44051,r=/127.0.0.1:33262,OPEN,fill=FI,flush=-,to=38/30000}}}
03:43:12.802 [qtp399373008-57] DEBUG org.eclipse.jetty.server.HttpConnection - HttpConnection@42d608cf::DecryptedEndPoint@2f7ebf57{l=/127.0.0.1:44051,r=/127.0.0.1:33262,OPEN,fill=-,flush=-,to=38/30000} onFillable enter HttpChannelState@13915393{s=IDLE rs=BLOCKING os=OPEN is=IDLE awp=false se=false i=true al=0} null
03:43:12.802 [qtp399373008-57] DEBUG org.eclipse.jetty.io.ssl.SslConnection - >fill SslConnection@6e24ce0c::SocketChannelEndPoint@67fb751b{l=/127.0.0.1:44051,r=/127.0.0.1:33262,OPEN,fill=-,flush=-,to=38/30000}{io=0/0,kio=0,kro=1}->SslConnection@6e24ce0c{NEED_UNWRAP,eio=-1/-1,di=-1,fill=IDLE,flush=IDLE}~>DecryptedEndPoint@2f7ebf57{l=/127.0.0.1:44051,r=/127.0.0.1:33262,OPEN,fill=-,flush=-,to=38/30000}=>HttpConnection@42d608cf[p=HttpParser{s=START,0 of -1},g=HttpGenerator@347a5098{s=START}]=>HttpChannelOverHttp@57fc45f2{s=HttpChannelState@13915393{s=IDLE rs=BLOCKING os=OPEN is=IDLE awp=false se=false i=true al=0},r=0,c=false/false,a=IDLE,uri=null,age=0}
03:43:12.802 [qtp399373008-57] DEBUG org.eclipse.jetty.io.ssl.SslConnection - fill NEED_UNWRAP
03:43:12.802 [qtp399373008-57] DEBUG org.eclipse.jetty.io.ChannelEndPoint - filled 1518 HeapByteBuffer@76afdda5[p=0,l=1518,c=17408,r=1518]={<<<\x17\x03\x03\x03\xAd>>|7/\x9bl\x0f\x94\xE0\xFfU\x9b\xAb\xFa\xAd\x83y\x83\xF1...\x8b(\x14S|r:\xE6\xB6T\xA29\x05A\xE9\xCaBW\x9ctV\r\x82>>>\x00\x00\x00\x00\x00\x00\x00\x00\x00...\x00\x00\x00\x00\x00\x00\x00}
03:43:12.802 [qtp399373008-57] DEBUG org.eclipse.jetty.io.ssl.SslConnection - net filled=1518
03:43:12.802 [qtp399373008-57] DEBUG org.eclipse.jetty.io.ssl.SslConnection - unwrap net_filled=1518 Status = OK HandshakeStatus = NEED_TASK bytesConsumed = 946 bytesProduced = 0 encryptedBuffer=[p=946,l=1518,c=17408,r=572] unwrapBuffer=HeapByteBuffer@729047a8[p=0,l=0,c=17408,r=0]={<<<>>>\x14\x03\x03\x00\x01\x01\xD4\xD7\x98...\x00\x00\x00\x00\x00\x00\x00} appBuffer=HeapByteBuffer@729047a8[p=0,l=0,c=17408,r=0]={<<<>>>\x14\x03\x03\x00\x01\x01\xD4\xD7\x98...\x00\x00\x00\x00\x00\x00\x00}
03:43:12.802 [qtp399373008-57] DEBUG org.eclipse.jetty.io.ssl.SslConnection - fill NEED_TASK
03:43:12.802 [qtp399373008-57] DEBUG org.eclipse.jetty.io.ssl.SslConnection - fill NEED_UNWRAP
03:43:12.802 [qtp399373008-57] DEBUG org.eclipse.jetty.io.ChannelEndPoint - filled 0 HeapByteBuffer@76afdda5[p=946,l=1518,c=17408,r=572]={\x17\x03\x03\x03\xAd\x0b\x00\x03\x88...\xDc\x93'\xEa\x02\xF9S<<<\x17\x03\x03\x01)d\xA2&^\xA8b \xCdg\x86\xC9\xDb\xBd\x93\xC2\xEb\x84\xB6R\x97...\x8b(\x14S|r:\xE6\xB6T\xA29\x05A\xE9\xCaBW\x9ctV\r\x82>>>\x00\x00\x00\x00\x00\x00\x00\x00\x00...\x00\x00\x00\x00\x00\x00\x00}
03:43:12.802 [qtp399373008-57] DEBUG org.eclipse.jetty.io.ssl.SslConnection - net filled=0
03:43:12.802 [qtp399373008-57] DEBUG org.eclipse.jetty.io.ssl.SslConnection - unwrap net_filled=0 Status = OK HandshakeStatus = NEED_TASK bytesConsumed = 302 bytesProduced = 0 encryptedBuffer=[p=1248,l=1518,c=17408,r=270] unwrapBuffer=HeapByteBuffer@729047a8[p=0,l=0,c=17408,r=0]={<<<>>>\x14\x03\x03\x00\x01\x01\xD4\xD7\x98...\x00\x00\x00\x00\x00\x00\x00} appBuffer=HeapByteBuffer@729047a8[p=0,l=0,c=17408,r=0]={<<<>>>\x14\x03\x03\x00\x01\x01\xD4\xD7\x98...\x00\x00\x00\x00\x00\x00\x00}
03:43:12.802 [qtp399373008-57] DEBUG org.eclipse.jetty.io.ssl.SslConnection - fill NEED_TASK
03:43:12.803 [qtp399373008-57] DEBUG org.eclipse.jetty.io.ssl.SslConnection - fill NEED_UNWRAP
03:43:12.803 [qtp399373008-57] DEBUG org.eclipse.jetty.io.ChannelEndPoint - filled 0 HeapByteBuffer@76afdda5[p=1248,l=1518,c=17408,r=270]={\x17\x03\x03\x03\xAd\x0b\x00\x03\x88...\x0b\xA3vD\xBb#\\<<<\x17\x03\x03\x00U\x84\x7f{\xA4z\xDf\xEc\xF7r\xC2\xDb=jP\xBc\xF6\x93A\xB8\x8a...\x8b(\x14S|r:\xE6\xB6T\xA29\x05A\xE9\xCaBW\x9ctV\r\x82>>>\x00\x00\x00\x00\x00\x00\x00\x00\x00...\x00\x00\x00\x00\x00\x00\x00}
03:43:12.803 [qtp399373008-57] DEBUG org.eclipse.jetty.io.ssl.SslConnection - net filled=0
03:43:12.803 [qtp399373008-57] DEBUG org.eclipse.jetty.io.ssl.SslConnection - unwrap net_filled=0 Status = OK HandshakeStatus = NEED_WRAP bytesConsumed = 90 bytesProduced = 0 encryptedBuffer=[p=1338,l=1518,c=17408,r=180] unwrapBuffer=HeapByteBuffer@729047a8[p=0,l=0,c=17408,r=0]={<<<>>>\x14\x03\x03\x00\x01\x01\xD4\xD7\x98...\x00\x00\x00\x00\x00\x00\x00} appBuffer=HeapByteBuffer@729047a8[p=0,l=0,c=17408,r=0]={<<<>>>\x14\x03\x03\x00\x01\x01\xD4\xD7\x98...\x00\x00\x00\x00\x00\x00\x00}
03:43:12.803 [qtp399373008-57] DEBUG org.eclipse.jetty.io.ssl.SslConnection - fill NEED_WRAP
03:43:12.803 [qtp399373008-57] DEBUG org.eclipse.jetty.io.ssl.SslConnection - >flush SslConnection@6e24ce0c::SocketChannelEndPoint@67fb751b{l=/127.0.0.1:44051,r=/127.0.0.1:33262,OPEN,fill=-,flush=-,to=1/30000}{io=0/0,kio=0,kro=1}->SslConnection@6e24ce0c{NEED_WRAP,eio=180/-1,di=-1,fill=IDLE,flush=IDLE}~>DecryptedEndPoint@2f7ebf57{l=/127.0.0.1:44051,r=/127.0.0.1:33262,OPEN,fill=-,flush=-,to=40/30000}=>HttpConnection@42d608cf[p=HttpParser{s=START,0 of -1},g=HttpGenerator@347a5098{s=START}]=>HttpChannelOverHttp@57fc45f2{s=HttpChannelState@13915393{s=IDLE rs=BLOCKING os=OPEN is=IDLE awp=false se=false i=true al=0},r=0,c=false/false,a=IDLE,uri=null,age=0}
03:43:12.803 [qtp399373008-57] DEBUG org.eclipse.jetty.io.ssl.SslConnection - flush b[0]=HeapByteBuffer@1ad43aa3[p=0,l=0,c=0,r=0]={<<<>>>}
03:43:12.803 [qtp399373008-57] DEBUG org.eclipse.jetty.io.ssl.SslConnection - flush NEED_WRAP
03:43:12.804 [qtp399373008-57] DEBUG org.eclipse.jetty.io.ssl.SslConnection - wrap Status = OK HandshakeStatus = FINISHED bytesConsumed = 0 bytesProduced = 88 [p=0,l=88,c=17408,r=88] ioDone=false/false
03:43:12.804 [qtp399373008-57] DEBUG org.eclipse.jetty.io.ChannelEndPoint - flushed 88 SocketChannelEndPoint@67fb751b{l=/127.0.0.1:44051,r=/127.0.0.1:33262,OPEN,fill=-,flush=-,to=1/30000}{io=0/0,kio=0,kro=1}->SslConnection@6e24ce0c{NOT_HANDSHAKING,eio=180/0,di=-1,fill=IDLE,flush=IDLE}~>DecryptedEndPoint@2f7ebf57{l=/127.0.0.1:44051,r=/127.0.0.1:33262,OPEN,fill=-,flush=-,to=40/30000}=>HttpConnection@42d608cf[p=HttpParser{s=START,0 of -1},g=HttpGenerator@347a5098{s=START}]=>HttpChannelOverHttp@57fc45f2{s=HttpChannelState@13915393{s=IDLE rs=BLOCKING os=OPEN is=IDLE awp=false se=false i=true al=0},r=0,c=false/false,a=IDLE,uri=null,age=0}
03:43:12.804 [qtp399373008-57] DEBUG org.eclipse.jetty.io.ssl.SslConnection - net flushed=true, ac=true
03:43:12.804 [qtp399373008-57] DEBUG org.eclipse.jetty.io.ssl.SslConnection - handshake succeeded SslConnection@6e24ce0c::SocketChannelEndPoint@67fb751b{l=/127.0.0.1:44051,r=/127.0.0.1:33262,OPEN,fill=-,flush=-,to=0/30000}{io=0/0,kio=0,kro=1}->SslConnection@6e24ce0c{NOT_HANDSHAKING,eio=180/0,di=-1,fill=IDLE,flush=IDLE}~>DecryptedEndPoint@2f7ebf57{l=/127.0.0.1:44051,r=/127.0.0.1:33262,OPEN,fill=-,flush=-,to=40/30000}=>HttpConnection@42d608cf[p=HttpParser{s=START,0 of -1},g=HttpGenerator@347a5098{s=START}]=>HttpChannelOverHttp@57fc45f2{s=HttpChannelState@13915393{s=IDLE rs=BLOCKING os=OPEN is=IDLE awp=false se=false i=true al=0},r=0,c=false/false,a=IDLE,uri=null,age=0} resumed server TLSv1.3/TLS_AES_256_GCM_SHA384
03:43:12.804 [qtp399373008-57] DEBUG org.eclipse.jetty.io.ssl.SslConnection - <flush true SslConnection@6e24ce0c::SocketChannelEndPoint@67fb751b{l=/127.0.0.1:44051,r=/127.0.0.1:33262,OPEN,fill=-,flush=-,to=0/30000}{io=0/0,kio=0,kro=1}->SslConnection@6e24ce0c{NOT_HANDSHAKING,eio=180/-1,di=-1,fill=IDLE,flush=IDLE}~>DecryptedEndPoint@2f7ebf57{l=/127.0.0.1:44051,r=/127.0.0.1:33262,OPEN,fill=-,flush=-,to=40/30000}=>HttpConnection@42d608cf[p=HttpParser{s=START,0 of -1},g=HttpGenerator@347a5098{s=START}]=>HttpChannelOverHttp@57fc45f2{s=HttpChannelState@13915393{s=IDLE rs=BLOCKING os=OPEN is=IDLE awp=false se=false i=true al=0},r=0,c=false/false,a=IDLE,uri=null,age=0}
03:43:12.804 [qtp399373008-57] DEBUG org.eclipse.jetty.io.ssl.SslConnection - fill NOT_HANDSHAKING
03:43:12.804 [qtp399373008-57] DEBUG org.eclipse.jetty.io.ChannelEndPoint - filled 0 HeapByteBuffer@76afdda5[p=1338,l=1518,c=17408,r=180]={\x17\x03\x03\x03\xAd\x0b\x00\x03\x88...pZ\xD9\t\x97\x08\x9b<<<\x17\x03\x03\x00\xAf\xDb\xCd\x08l\x7f\xF0\x88\xB9\x1aW\xD0kq\x17[\xFdj\x1b%\n...\x8b(\x14S|r:\xE6\xB6T\xA29\x05A\xE9\xCaBW\x9ctV\r\x82>>>\x00\x00\x00\x00\x00\x00\x00\x00\x00...\x00\x00\x00\x00\x00\x00\x00}
03:43:12.804 [qtp399373008-57] DEBUG org.eclipse.jetty.io.ssl.SslConnection - net filled=0
03:43:12.804 [qtp399373008-57] DEBUG org.eclipse.jetty.io.ssl.SslConnection - unwrap net_filled=0 Status = OK HandshakeStatus = NOT_HANDSHAKING bytesConsumed = 180 bytesProduced = 142 encryptedBuffer=[p=1518,l=1518,c=17408,r=0] unwrapBuffer=HeapByteBuffer@729047a8[p=0,l=142,c=17408,r=142]={<<<GET /config.yml HTTP/1.1\r...gent: okhttp/3.12.3\r\n\r\n>>>\xF3\xC7\xD2C\x02\x1d\xC2\xD6*...\x00\x00\x00\x00\x00\x00\x00} appBuffer=HeapByteBuffer@729047a8[p=0,l=142,c=17408,r=142]={<<<GET /config.yml HTTP/1.1\r...gent: okhttp/3.12.3\r\n\r\n>>>\xF3\xC7\xD2C\x02\x1d\xC2\xD6*...\x00\x00\x00\x00\x00\x00\x00}
03:43:12.804 [qtp399373008-57] DEBUG org.eclipse.jetty.io.ssl.SslConnection - <fill f=142 uf=false SslConnection@6e24ce0c::SocketChannelEndPoint@67fb751b{l=/127.0.0.1:44051,r=/127.0.0.1:33262,OPEN,fill=-,flush=-,to=0/30000}{io=0/0,kio=0,kro=1}->SslConnection@6e24ce0c{NOT_HANDSHAKING,eio=-1/-1,di=-1,fill=IDLE,flush=IDLE}~>DecryptedEndPoint@2f7ebf57{l=/127.0.0.1:44051,r=/127.0.0.1:33262,OPEN,fill=-,flush=-,to=41/30000}=>HttpConnection@42d608cf[p=HttpParser{s=START,0 of -1},g=HttpGenerator@347a5098{s=START}]=>HttpChannelOverHttp@57fc45f2{s=HttpChannelState@13915393{s=IDLE rs=BLOCKING os=OPEN is=IDLE awp=false se=false i=true al=0},r=0,c=false/false,a=IDLE,uri=null,age=0}
03:43:12.804 [qtp399373008-57] DEBUG org.eclipse.jetty.server.HttpConnection - HttpConnection@42d608cf::DecryptedEndPoint@2f7ebf57{l=/127.0.0.1:44051,r=/127.0.0.1:33262,OPEN,fill=-,flush=-,to=41/30000} filled 142 HeapByteBuffer@729047a8[p=0,l=142,c=17408,r=142]={<<<GET /config.yml HTTP/1.1\r...gent: okhttp/3.12.3\r\n\r\n>>>\xF3\xC7\xD2C\x02\x1d\xC2\xD6*...\x00\x00\x00\x00\x00\x00\x00}
03:43:12.804 [qtp399373008-57] DEBUG org.eclipse.jetty.server.HttpConnection - HttpConnection@42d608cf::DecryptedEndPoint@2f7ebf57{l=/127.0.0.1:44051,r=/127.0.0.1:33262,OPEN,fill=-,flush=-,to=41/30000} parse HeapByteBuffer@729047a8[p=0,l=142,c=17408,r=142]={<<<GET /config.yml HTTP/1.1\r...gent: okhttp/3.12.3\r\n\r\n>>>\xF3\xC7\xD2C\x02\x1d\xC2\xD6*...\x00\x00\x00\x00\x00\x00\x00} {}
03:43:12.804 [qtp399373008-57] DEBUG org.eclipse.jetty.http.HttpParser - parseNext s=START HeapByteBuffer@729047a8[p=0,l=142,c=17408,r=142]={<<<GET /config.yml HTTP/1.1\r...gent: okhttp/3.12.3\r\n\r\n>>>\xF3\xC7\xD2C\x02\x1d\xC2\xD6*...\x00\x00\x00\x00\x00\x00\x00}
03:43:12.804 [qtp399373008-57] DEBUG org.eclipse.jetty.http.HttpParser - START --> SPACE1
03:43:12.804 [qtp399373008-57] DEBUG org.eclipse.jetty.http.HttpParser - SPACE1 --> URI
03:43:12.804 [qtp399373008-57] DEBUG org.eclipse.jetty.http.HttpParser - URI --> SPACE2
03:43:12.804 [qtp399373008-57] DEBUG org.eclipse.jetty.http.HttpParser - SPACE2 --> REQUEST_VERSION
03:43:12.804 [qtp399373008-57] DEBUG org.eclipse.jetty.http.HttpParser - REQUEST_VERSION --> HEADER
03:43:12.804 [qtp399373008-57] DEBUG org.eclipse.jetty.http.HttpParser - HEADER:If-None-Match --> VALUE
03:43:12.804 [qtp399373008-57] DEBUG org.eclipse.jetty.http.HttpParser - HEADER:If-None-Match --> FIELD
03:43:12.804 [qtp399373008-57] DEBUG org.eclipse.jetty.http.HttpParser - HEADER:Host --> VALUE
03:43:12.804 [qtp399373008-57] DEBUG org.eclipse.jetty.http.HttpParser - HEADER:Host --> IN_VALUE
03:43:12.804 [qtp399373008-57] DEBUG org.eclipse.jetty.http.HttpParser - HEADER:Host --> FIELD
03:43:12.804 [qtp399373008-57] DEBUG org.eclipse.jetty.http.HttpParser - HEADER:Connection: keep-alive --> IN_VALUE
03:43:12.804 [qtp399373008-57] DEBUG org.eclipse.jetty.http.HttpParser - HEADER:Connection: keep-alive --> FIELD
03:43:12.804 [qtp399373008-57] DEBUG org.eclipse.jetty.http.HttpParser - HEADER:Accept-Encoding: gzip --> IN_VALUE
03:43:12.804 [qtp399373008-57] DEBUG org.eclipse.jetty.http.HttpParser - HEADER:Accept-Encoding: gzip --> FIELD
03:43:12.804 [qtp399373008-57] DEBUG org.eclipse.jetty.http.HttpParser - HEADER:User-Agent --> VALUE
03:43:12.804 [qtp399373008-57] DEBUG org.eclipse.jetty.http.HttpParser - HEADER:User-Agent --> IN_VALUE
03:43:12.804 [qtp399373008-57] DEBUG org.eclipse.jetty.http.HttpParser - HEADER:User-Agent --> FIELD
03:43:12.804 [qtp399373008-57] DEBUG org.eclipse.jetty.http.HttpParser - HEADER --> CONTENT
03:43:12.804 [qtp399373008-57] DEBUG org.eclipse.jetty.server.HttpChannel - REQUEST for //localhost:44051/config.yml on HttpChannelOverHttp@57fc45f2{s=HttpChannelState@13915393{s=IDLE rs=BLOCKING os=OPEN is=IDLE awp=false se=false i=true al=0},r=1,c=false/false,a=IDLE,uri=//localhost:44051/config.yml,age=0}
GET //localhost:44051/config.yml HTTP/1.1
If-None-Match: 
Host: localhost:44051
Connection: keep-alive
Accept-Encoding: gzip
User-Agent: okhttp/3.12.3


03:43:12.804 [qtp399373008-57] DEBUG org.eclipse.jetty.server.HttpConnection - HttpConnection@42d608cf::DecryptedEndPoint@2f7ebf57{l=/127.0.0.1:44051,r=/127.0.0.1:33262,OPEN,fill=-,flush=-,to=41/30000} parsed true HttpParser{s=CONTENT,0 of -1}
03:43:12.804 [qtp399373008-57] DEBUG org.eclipse.jetty.server.HttpConnection - releaseRequestBuffer HttpConnection@42d608cf::DecryptedEndPoint@2f7ebf57{l=/127.0.0.1:44051,r=/127.0.0.1:33262,OPEN,fill=-,flush=-,to=41/30000}
03:43:12.805 [qtp399373008-57] DEBUG org.eclipse.jetty.server.HttpChannel - handle //localhost:44051/config.yml HttpChannelOverHttp@57fc45f2{s=HttpChannelState@13915393{s=IDLE rs=BLOCKING os=OPEN is=IDLE awp=false se=false i=true al=0},r=1,c=false/false,a=IDLE,uri=//localhost:44051/config.yml,age=1} 
03:43:12.805 [qtp399373008-57] DEBUG org.eclipse.jetty.server.HttpChannelState - handling HttpChannelState@13915393{s=IDLE rs=BLOCKING os=OPEN is=IDLE awp=false se=false i=true al=0}
03:43:12.805 [qtp399373008-57] DEBUG org.eclipse.jetty.server.HttpChannel - action DISPATCH HttpChannelOverHttp@57fc45f2{s=HttpChannelState@13915393{s=HANDLING rs=BLOCKING os=OPEN is=IDLE awp=false se=false i=true al=0},r=1,c=false/false,a=HANDLING,uri=//localhost:44051/config.yml,age=1}
03:43:12.805 [qtp399373008-57] DEBUG org.eclipse.jetty.server.SecureRequestCustomizer - Host localhost with SNI null
03:43:12.805 [qtp399373008-57] DEBUG org.eclipse.jetty.server.Server - REQUEST GET /config.yml on HttpChannelOverHttp@57fc45f2{s=HttpChannelState@13915393{s=HANDLING rs=BLOCKING os=OPEN is=IDLE awp=false se=false i=true al=0},r=1,c=false/false,a=HANDLING,uri=https://localhost:44051/config.yml,age=1}
03:43:12.805 [qtp399373008-57] DEBUG org.eclipse.jetty.server.HttpOutput - write(array HeapByteBuffer@9422fd5[p=0,l=4,c=512,r=4]={<<<path>>>\x00\x00\x00\x00\x00\x00\x00\x00\x00...\x00\x00\x00\x00\x00\x00\x00})
03:43:12.805 [qtp399373008-57] DEBUG org.eclipse.jetty.server.HttpOutput - write(array) s=CLOSING,api=BLOCKED,sc=false,e=null last=true agg=false flush=true async=false, len=4 null
03:43:12.805 [qtp399373008-57] DEBUG org.eclipse.jetty.server.HttpChannel - sendResponse info=null content=HeapByteBuffer@1b0c8c07[p=0,l=4,c=512,r=4]={<<<path>>>\x00\x00\x00\x00\x00\x00\x00\x00\x00...\x00\x00\x00\x00\x00\x00\x00} complete=true committing=true callback=Blocker@2968feaa{null}
03:43:12.805 [qtp399373008-57] DEBUG org.eclipse.jetty.server.HttpChannel - COMMIT for /config.yml on HttpChannelOverHttp@57fc45f2{s=HttpChannelState@13915393{s=HANDLING rs=BLOCKING os=COMMITTED is=IDLE awp=false se=false i=true al=0},r=1,c=false/false,a=HANDLING,uri=https://localhost:44051/config.yml,age=1}
200 null HTTP/1.1
Date: Thu, 02 May 2024 02:43:12 GMT
ETag: testEtag
Content-Type: text/plain;charset=utf-8
Content-Length: 4


03:43:12.805 [qtp399373008-57] DEBUG org.eclipse.jetty.server.HttpConnection - generate: NEED_HEADER for SendCallback@345205e9[PROCESSING][i=HTTP/1.1{s=200,h=4,cl=4},cb=org.eclipse.jetty.server.HttpChannel$SendCallback@2c76b831] (null,[p=0,l=4,c=512,r=4],true)@START
03:43:12.805 [qtp399373008-57] DEBUG org.eclipse.jetty.http.HttpGenerator - generateHeaders HTTP/1.1{s=200,h=4,cl=4} last=true content=HeapByteBuffer@1b0c8c07[p=0,l=4,c=512,r=4]={<<<path>>>\x00\x00\x00\x00\x00\x00\x00\x00\x00...\x00\x00\x00\x00\x00\x00\x00}
03:43:12.805 [qtp399373008-57] DEBUG org.eclipse.jetty.http.HttpGenerator - Date: Thu, 02 May 2024 02:43:12 GMT
ETag: testEtag
Content-Type: text/plain;charset=utf-8
Content-Length: 4


03:43:12.805 [qtp399373008-57] DEBUG org.eclipse.jetty.http.HttpGenerator - CONTENT_LENGTH
03:43:12.805 [qtp399373008-57] DEBUG org.eclipse.jetty.server.HttpConnection - generate: FLUSH for SendCallback@345205e9[PROCESSING][i=HTTP/1.1{s=200,h=4,cl=4},cb=org.eclipse.jetty.server.HttpChannel$SendCallback@2c76b831] ([p=0,l=164,c=8192,r=164],[p=0,l=4,c=512,r=4],true)@COMPLETING
03:43:12.805 [qtp399373008-57] DEBUG org.eclipse.jetty.io.WriteFlusher - write: WriteFlusher@53e5650c{IDLE}->null [HeapByteBuffer@17352c86[p=0,l=164,c=8192,r=164]={<<<HTTP/1.1 200 OK\r\nDate: Th...y(9.4.44.v20210927)\r\n\r\n>>>\x00\x00\x00\x00\x00\x00\x00\x00\x00...\x00\x00\x00\x00\x00\x00\x00},HeapByteBuffer@1b0c8c07[p=0,l=4,c=512,r=4]={<<<path>>>\x00\x00\x00\x00\x00\x00\x00\x00\x00...\x00\x00\x00\x00\x00\x00\x00}]
03:43:12.805 [qtp399373008-57] DEBUG org.eclipse.jetty.io.WriteFlusher - update WriteFlusher@53e5650c{WRITING}->null:IDLE-->WRITING
03:43:12.805 [qtp399373008-57] DEBUG org.eclipse.jetty.io.ssl.SslConnection - >flush SslConnection@6e24ce0c::SocketChannelEndPoint@67fb751b{l=/127.0.0.1:44051,r=/127.0.0.1:33262,OPEN,fill=-,flush=-,to=1/30000}{io=0/0,kio=0,kro=1}->SslConnection@6e24ce0c{NOT_HANDSHAKING,eio=-1/-1,di=-1,fill=IDLE,flush=IDLE}~>DecryptedEndPoint@2f7ebf57{l=/127.0.0.1:44051,r=/127.0.0.1:33262,OPEN,fill=-,flush=W,to=41/30000}=>HttpConnection@42d608cf[p=HttpParser{s=CONTENT,0 of -1},g=HttpGenerator@347a5098{s=COMPLETING}]=>HttpChannelOverHttp@57fc45f2{s=HttpChannelState@13915393{s=HANDLING rs=BLOCKING os=COMMITTED is=IDLE awp=false se=false i=true al=0},r=1,c=false/false,a=HANDLING,uri=https://localhost:44051/config.yml,age=1}
03:43:12.805 [qtp399373008-57] DEBUG org.eclipse.jetty.io.ssl.SslConnection - flush b[0]=HeapByteBuffer@17352c86[p=0,l=164,c=8192,r=164]={<<<HTTP/1.1 200 OK\r\nDate: Th...y(9.4.44.v20210927)\r\n\r\n>>>\x00\x00\x00\x00\x00\x00\x00\x00\x00...\x00\x00\x00\x00\x00\x00\x00}
03:43:12.805 [qtp399373008-57] DEBUG org.eclipse.jetty.io.ssl.SslConnection - flush b[1]=HeapByteBuffer@1b0c8c07[p=0,l=4,c=512,r=4]={<<<path>>>\x00\x00\x00\x00\x00\x00\x00\x00\x00...\x00\x00\x00\x00\x00\x00\x00}
03:43:12.805 [qtp399373008-57] DEBUG org.eclipse.jetty.io.ssl.SslConnection - flush NOT_HANDSHAKING
03:43:12.805 [qtp399373008-57] DEBUG org.eclipse.jetty.io.ssl.SslConnection - wrap Status = OK HandshakeStatus = NOT_HANDSHAKING bytesConsumed = 168 bytesProduced = 206 [p=0,l=206,c=17408,r=206] ioDone=false/false
03:43:12.805 [qtp399373008-57] DEBUG org.eclipse.jetty.io.ChannelEndPoint - flushed 206 SocketChannelEndPoint@67fb751b{l=/127.0.0.1:44051,r=/127.0.0.1:33262,OPEN,fill=-,flush=-,to=1/30000}{io=0/0,kio=0,kro=1}->SslConnection@6e24ce0c{NOT_HANDSHAKING,eio=-1/0,di=-1,fill=IDLE,flush=IDLE}~>DecryptedEndPoint@2f7ebf57{l=/127.0.0.1:44051,r=/127.0.0.1:33262,OPEN,fill=-,flush=W,to=42/30000}=>HttpConnection@42d608cf[p=HttpParser{s=CONTENT,0 of -1},g=HttpGenerator@347a5098{s=COMPLETING}]=>HttpChannelOverHttp@57fc45f2{s=HttpChannelState@13915393{s=HANDLING rs=BLOCKING os=COMMITTED is=IDLE awp=false se=false i=true al=0},r=1,c=false/false,a=HANDLING,uri=https://localhost:44051/config.yml,age=1}
03:43:12.805 [qtp399373008-57] DEBUG org.eclipse.jetty.io.ssl.SslConnection - net flushed=true, ac=true
03:43:12.805 [qtp399373008-57] DEBUG org.eclipse.jetty.io.ssl.SslConnection - <flush true SslConnection@6e24ce0c::SocketChannelEndPoint@67fb751b{l=/127.0.0.1:44051,r=/127.0.0.1:33262,OPEN,fill=-,flush=-,to=0/30000}{io=0/0,kio=0,kro=1}->SslConnection@6e24ce0c{NOT_HANDSHAKING,eio=-1/-1,di=-1,fill=IDLE,flush=IDLE}~>DecryptedEndPoint@2f7ebf57{l=/127.0.0.1:44051,r=/127.0.0.1:33262,OPEN,fill=-,flush=W,to=42/30000}=>HttpConnection@42d608cf[p=HttpParser{s=CONTENT,0 of -1},g=HttpGenerator@347a5098{s=COMPLETING}]=>HttpChannelOverHttp@57fc45f2{s=HttpChannelState@13915393{s=HANDLING rs=BLOCKING os=COMMITTED is=IDLE awp=false se=false i=true al=0},r=1,c=false/false,a=HANDLING,uri=https://localhost:44051/config.yml,age=1}
03:43:12.805 [qtp399373008-57] DEBUG org.eclipse.jetty.io.WriteFlusher - Flushed=true written=168 remaining=0 WriteFlusher@53e5650c{WRITING}->null
03:43:12.805 [qtp399373008-57] DEBUG org.eclipse.jetty.io.WriteFlusher - update WriteFlusher@53e5650c{IDLE}->null:WRITING-->IDLE
03:43:12.805 [main] DEBUG org.apache.nifi.minifi.bootstrap.configuration.ingestors.PullHttpChangeIngestor - Response received: Response{protocol=http/1.1, code=200, message=OK, url=https://localhost:44051/config.yml}
03:43:12.806 [qtp399373008-57] DEBUG org.eclipse.jetty.server.HttpConnection - generate: DONE for SendCallback@345205e9[PROCESSING][i=HTTP/1.1{s=200,h=4,cl=4},cb=org.eclipse.jetty.server.HttpChannel$SendCallback@2c76b831] ([p=164,l=164,c=8192,r=0],[p=4,l=4,c=512,r=0],true)@END
03:43:12.806 [qtp399373008-57] DEBUG org.eclipse.jetty.server.HttpOutput - onWriteComplete(true,null) s=CLOSING,api=BLOCKED,sc=false,e=null->s=CLOSED,api=BLOCKING,sc=false,e=null c=null cb=null w=false
03:43:12.806 [qtp399373008-57] DEBUG org.eclipse.jetty.server.HttpOutput - close() s=CLOSED,api=BLOCKING,sc=false,e=null c=null b=null
03:43:12.806 [qtp399373008-57] DEBUG org.eclipse.jetty.server.Server - handled=true async=false committed=true on HttpChannelOverHttp@57fc45f2{s=HttpChannelState@13915393{s=HANDLING rs=BLOCKING os=COMPLETED is=IDLE awp=false se=false i=true al=0},r=1,c=false/true,a=HANDLING,uri=https://localhost:44051/config.yml,age=2}
03:43:12.806 [qtp399373008-57] DEBUG org.eclipse.jetty.server.HttpChannelState - unhandle HttpChannelState@13915393{s=HANDLING rs=BLOCKING os=COMPLETED is=IDLE awp=false se=false i=true al=0}
03:43:12.806 [main] DEBUG org.apache.nifi.minifi.bootstrap.configuration.ingestors.PullHttpChangeIngestor - New change received, notifying listener
03:43:12.806 [qtp399373008-57] DEBUG org.eclipse.jetty.server.HttpChannelState - nextAction(false) COMPLETE HttpChannelState@13915393{s=HANDLING rs=COMPLETING os=COMPLETED is=IDLE awp=false se=false i=false al=0}
03:43:12.806 [qtp399373008-57] DEBUG org.eclipse.jetty.server.HttpChannel - action COMPLETE HttpChannelOverHttp@57fc45f2{s=HttpChannelState@13915393{s=HANDLING rs=COMPLETING os=COMPLETED is=IDLE awp=false se=false i=false al=0},r=1,c=false/true,a=HANDLING,uri=https://localhost:44051/config.yml,age=2}
03:43:12.806 [qtp399373008-57] DEBUG org.eclipse.jetty.server.HttpOutput - complete(org.eclipse.jetty.util.Callback$3@3d164c74) s=CLOSED,api=BLOCKING,sc=false,e=null s=true e=null, c=null
03:43:12.806 [main] DEBUG org.apache.nifi.minifi.bootstrap.configuration.ingestors.PullHttpChangeIngestor - Listeners notified
03:43:12.806 [qtp399373008-57] DEBUG org.eclipse.jetty.server.HttpChannelState - completed HttpChannelState@13915393{s=HANDLING rs=COMPLETING os=COMPLETED is=IDLE awp=false se=false i=false al=0}
03:43:12.806 [qtp399373008-57] DEBUG org.eclipse.jetty.server.HttpChannelState - unhandle HttpChannelState@13915393{s=HANDLING rs=COMPLETED os=COMPLETED is=IDLE awp=false se=false i=false al=0}
03:43:12.806 [qtp399373008-57] DEBUG org.eclipse.jetty.server.HttpChannelState - nextAction(false) TERMINATED HttpChannelState@13915393{s=IDLE rs=COMPLETED os=COMPLETED is=IDLE awp=false se=false i=false al=0}
03:43:12.806 [qtp399373008-57] DEBUG org.eclipse.jetty.server.HttpChannel - action TERMINATED HttpChannelOverHttp@57fc45f2{s=HttpChannelState@13915393{s=IDLE rs=COMPLETED os=COMPLETED is=IDLE awp=false se=false i=false al=0},r=1,c=true/true,a=IDLE,uri=https://localhost:44051/config.yml,age=2}
03:43:12.806 [qtp399373008-57] DEBUG org.eclipse.jetty.server.HttpChannel - onCompleted for /config.yml written=4
03:43:12.806 [main] DEBUG org.apache.nifi.minifi.bootstrap.configuration.ingestors.PullHttpChangeIngestor - Attempting to pull new config
03:43:12.806 [qtp399373008-57] DEBUG org.eclipse.jetty.io.ssl.SslConnection - >fill SslConnection@6e24ce0c::SocketChannelEndPoint@67fb751b{l=/127.0.0.1:44051,r=/127.0.0.1:33262,OPEN,fill=-,flush=-,to=0/30000}{io=0/0,kio=0,kro=1}->SslConnection@6e24ce0c{NOT_HANDSHAKING,eio=-1/-1,di=-1,fill=IDLE,flush=IDLE}~>DecryptedEndPoint@2f7ebf57{l=/127.0.0.1:44051,r=/127.0.0.1:33262,OPEN,fill=-,flush=-,to=42/30000}=>HttpConnection@42d608cf[p=HttpParser{s=CONTENT,0 of -1},g=HttpGenerator@347a5098{s=END}]=>HttpChannelOverHttp@57fc45f2{s=HttpChannelState@13915393{s=IDLE rs=COMPLETED os=COMPLETED is=IDLE awp=false se=false i=false al=0},r=1,c=true/true,a=IDLE,uri=https://localhost:44051/config.yml,age=2}
03:43:12.806 [qtp399373008-57] DEBUG org.eclipse.jetty.io.ssl.SslConnection - fill NOT_HANDSHAKING
03:43:12.806 [qtp399373008-57] DEBUG org.eclipse.jetty.io.ChannelEndPoint - filled 0 HeapByteBuffer@729047a8[p=0,l=0,c=17408,r=0]={<<<>>>GET /conf...\x00\x00\x00\x00\x00\x00\x00}
03:43:12.806 [qtp399373008-57] DEBUG org.eclipse.jetty.io.ssl.SslConnection - net filled=0
03:43:12.806 [qtp399373008-57] DEBUG org.eclipse.jetty.io.ssl.SslConnection - unwrap net_filled=0 Status = BUFFER_UNDERFLOW HandshakeStatus = NOT_HANDSHAKING bytesConsumed = 0 bytesProduced = 0 encryptedBuffer=[p=0,l=0,c=17408,r=0] unwrapBuffer=HeapByteBuffer@76afdda5[p=0,l=0,c=17408,r=0]={<<<>>>\x17\x03\x03\x03\xAd\x0b\x00\x03\x88...\x00\x00\x00\x00\x00\x00\x00} appBuffer=HeapByteBuffer@76afdda5[p=0,l=0,c=17408,r=0]={<<<>>>\x17\x03\x03\x03\xAd\x0b\x00\x03\x88...\x00\x00\x00\x00\x00\x00\x00}
03:43:12.806 [qtp399373008-57] DEBUG org.eclipse.jetty.io.ssl.SslConnection - <fill f=0 uf=true SslConnection@6e24ce0c::SocketChannelEndPoint@67fb751b{l=/127.0.0.1:44051,r=/127.0.0.1:33262,OPEN,fill=-,flush=-,to=0/30000}{io=0/0,kio=0,kro=1}->SslConnection@6e24ce0c{NOT_HANDSHAKING,eio=-1/-1,di=-1,fill=IDLE,flush=IDLE}~>DecryptedEndPoint@2f7ebf57{l=/127.0.0.1:44051,r=/127.0.0.1:33262,OPEN,fill=-,flush=-,to=43/30000}=>HttpConnection@42d608cf[p=HttpParser{s=CONTENT,0 of -1},g=HttpGenerator@347a5098{s=END}]=>HttpChannelOverHttp@57fc45f2{s=HttpChannelState@13915393{s=IDLE rs=COMPLETED os=COMPLETED is=IDLE awp=false se=false i=false al=0},r=1,c=true/true,a=IDLE,uri=https://localhost:44051/config.yml,age=2}
03:43:12.806 [qtp399373008-57] DEBUG org.eclipse.jetty.io.ssl.SslConnection - >fill SslConnection@6e24ce0c::SocketChannelEndPoint@67fb751b{l=/127.0.0.1:44051,r=/127.0.0.1:33262,OPEN,fill=-,flush=-,to=0/30000}{io=0/0,kio=0,kro=1}->SslConnection@6e24ce0c{NOT_HANDSHAKING,eio=-1/-1,di=-1,fill=IDLE,flush=IDLE}~>DecryptedEndPoint@2f7ebf57{l=/127.0.0.1:44051,r=/127.0.0.1:33262,OPEN,fill=-,flush=-,to=43/30000}=>HttpConnection@42d608cf[p=HttpParser{s=CONTENT,0 of -1},g=HttpGenerator@347a5098{s=END}]=>HttpChannelOverHttp@57fc45f2{s=HttpChannelState@13915393{s=IDLE rs=COMPLETED os=COMPLETED is=IDLE awp=false se=false i=false al=0},r=1,c=true/true,a=IDLE,uri=https://localhost:44051/config.yml,age=2}
03:43:12.806 [qtp399373008-57] DEBUG org.eclipse.jetty.io.ssl.SslConnection - fill NOT_HANDSHAKING
03:43:12.806 [qtp399373008-57] DEBUG org.eclipse.jetty.io.ChannelEndPoint - filled 190 HeapByteBuffer@78682cd8[p=0,l=190,c=17408,r=190]={<<<\x17\x03\x03\x00\xB9\xFaS\x82\xE2\x18\xBf_~\x1e\xA8T_Dz\xEc\xFb\x10\x9a\xFbb...\x04P\x05z\xBe\x10\xB8f#\xBe\x92H\xF70\x00\xAe\x97\x9f\xFc\x16MN\xEf>>>O\x9d*\xE0Z\xC7\x13\x83Y...\x00\x00\x00\x00\x00\x00\x00}
03:43:12.806 [qtp399373008-57] DEBUG org.eclipse.jetty.io.ssl.SslConnection - net filled=190
03:43:12.806 [qtp399373008-57] DEBUG org.eclipse.jetty.io.ssl.SslConnection - unwrap net_filled=190 Status = OK HandshakeStatus = NOT_HANDSHAKING bytesConsumed = 190 bytesProduced = 152 encryptedBuffer=[p=190,l=190,c=17408,r=0] unwrapBuffer=HeapByteBuffer@76afdda5[p=0,l=152,c=17408,r=152]={<<<GET /config.yml HTTP/1.1\r...gent: okhttp/3.12.3\r\n\r\n>>>ocalhost0...\x00\x00\x00\x00\x00\x00\x00} appBuffer=HeapByteBuffer@76afdda5[p=0,l=152,c=17408,r=152]={<<<GET /config.yml HTTP/1.1\r...gent: okhttp/3.12.3\r\n\r\n>>>ocalhost0...\x00\x00\x00\x00\x00\x00\x00}
03:43:12.806 [qtp399373008-57] DEBUG org.eclipse.jetty.io.ssl.SslConnection - <fill f=152 uf=false SslConnection@6e24ce0c::SocketChannelEndPoint@67fb751b{l=/127.0.0.1:44051,r=/127.0.0.1:33262,OPEN,fill=-,flush=-,to=0/30000}{io=0/0,kio=0,kro=1}->SslConnection@6e24ce0c{NOT_HANDSHAKING,eio=-1/-1,di=-1,fill=IDLE,flush=IDLE}~>DecryptedEndPoint@2f7ebf57{l=/127.0.0.1:44051,r=/127.0.0.1:33262,OPEN,fill=-,flush=-,to=43/30000}=>HttpConnection@42d608cf[p=HttpParser{s=CONTENT,0 of -1},g=HttpGenerator@347a5098{s=END}]=>HttpChannelOverHttp@57fc45f2{s=HttpChannelState@13915393{s=IDLE rs=COMPLETED os=COMPLETED is=IDLE awp=false se=false i=false al=0},r=1,c=true/true,a=IDLE,uri=https://localhost:44051/config.yml,age=2}
03:43:12.806 [qtp399373008-57] DEBUG org.eclipse.jetty.server.HttpConnection - HttpConnection@42d608cf::DecryptedEndPoint@2f7ebf57{l=/127.0.0.1:44051,r=/127.0.0.1:33262,OPEN,fill=-,flush=-,to=43/30000} filled 152 HeapByteBuffer@76afdda5[p=0,l=152,c=17408,r=152]={<<<GET /config.yml HTTP/1.1\r...gent: okhttp/3.12.3\r\n\r\n>>>ocalhost0...\x00\x00\x00\x00\x00\x00\x00}
03:43:12.806 [qtp399373008-57] DEBUG org.eclipse.jetty.server.HttpConnection - HttpConnection@42d608cf::DecryptedEndPoint@2f7ebf57{l=/127.0.0.1:44051,r=/127.0.0.1:33262,OPEN,fill=-,flush=-,to=43/30000} parse HeapByteBuffer@76afdda5[p=0,l=152,c=17408,r=152]={<<<GET /config.yml HTTP/1.1\r...gent: okhttp/3.12.3\r\n\r\n>>>ocalhost0...\x00\x00\x00\x00\x00\x00\x00} {}
03:43:12.806 [qtp399373008-57] DEBUG org.eclipse.jetty.http.HttpParser - parseNext s=CONTENT HeapByteBuffer@76afdda5[p=0,l=152,c=17408,r=152]={<<<GET /config.yml HTTP/1.1\r...gent: okhttp/3.12.3\r\n\r\n>>>ocalhost0...\x00\x00\x00\x00\x00\x00\x00}
03:43:12.806 [qtp399373008-57] DEBUG org.eclipse.jetty.http.HttpParser - CONTENT --> CONTENT_END
03:43:12.806 [qtp399373008-57] DEBUG org.eclipse.jetty.server.HttpChannel - onContentComplete HttpChannelOverHttp@57fc45f2{s=HttpChannelState@13915393{s=IDLE rs=COMPLETED os=COMPLETED is=IDLE awp=false se=false i=false al=0},r=1,c=true/true,a=IDLE,uri=https://localhost:44051/config.yml,age=2}
03:43:12.806 [qtp399373008-57] DEBUG org.eclipse.jetty.http.HttpParser - CONTENT_END --> END
03:43:12.806 [qtp399373008-57] DEBUG org.eclipse.jetty.server.HttpChannel - onRequestComplete HttpChannelOverHttp@57fc45f2{s=HttpChannelState@13915393{s=IDLE rs=COMPLETED os=COMPLETED is=IDLE awp=false se=false i=false al=0},r=1,c=true/true,a=IDLE,uri=https://localhost:44051/config.yml,age=2}
03:43:12.807 [qtp399373008-57] DEBUG org.eclipse.jetty.server.HttpInput - HttpInputOverHTTP@19cf6b72[c=0,q=0,[0]=null,s=STREAM] addContent EOF
03:43:12.807 [qtp399373008-57] DEBUG org.eclipse.jetty.server.HttpConnection - HttpConnection@42d608cf::DecryptedEndPoint@2f7ebf57{l=/127.0.0.1:44051,r=/127.0.0.1:33262,OPEN,fill=-,flush=-,to=43/30000} parsed false HttpParser{s=END,0 of -1}
03:43:12.807 [qtp399373008-57] DEBUG org.eclipse.jetty.server.HttpChannelState - recycle HttpChannelState@13915393{s=IDLE rs=COMPLETED os=COMPLETED is=IDLE awp=false se=false i=false al=0}
03:43:12.807 [qtp399373008-57] DEBUG org.eclipse.jetty.http.HttpParser - reset HttpParser{s=END,0 of -1}
03:43:12.807 [qtp399373008-57] DEBUG org.eclipse.jetty.http.HttpParser - END --> START
03:43:12.807 [qtp399373008-57] DEBUG org.eclipse.jetty.server.HttpChannel - !handle TERMINATED HttpChannelOverHttp@57fc45f2{s=HttpChannelState@13915393{s=IDLE rs=BLOCKING os=OPEN is=IDLE awp=false se=false i=true al=0},r=1,c=false/false,a=IDLE,uri=null,age=0}
03:43:12.807 [qtp399373008-57] DEBUG org.eclipse.jetty.server.HttpConnection - HttpConnection@42d608cf::DecryptedEndPoint@2f7ebf57{l=/127.0.0.1:44051,r=/127.0.0.1:33262,OPEN,fill=-,flush=-,to=43/30000} parse HeapByteBuffer@76afdda5[p=0,l=152,c=17408,r=152]={<<<GET /config.yml HTTP/1.1\r...gent: okhttp/3.12.3\r\n\r\n>>>ocalhost0...\x00\x00\x00\x00\x00\x00\x00} {}
03:43:12.807 [qtp399373008-57] DEBUG org.eclipse.jetty.http.HttpParser - parseNext s=START HeapByteBuffer@76afdda5[p=0,l=152,c=17408,r=152]={<<<GET /config.yml HTTP/1.1\r...gent: okhttp/3.12.3\r\n\r\n>>>ocalhost0...\x00\x00\x00\x00\x00\x00\x00}
03:43:12.807 [qtp399373008-57] DEBUG org.eclipse.jetty.http.HttpParser - START --> SPACE1
03:43:12.807 [qtp399373008-57] DEBUG org.eclipse.jetty.http.HttpParser - SPACE1 --> URI
03:43:12.807 [qtp399373008-57] DEBUG org.eclipse.jetty.http.HttpParser - URI --> SPACE2
03:43:12.807 [qtp399373008-57] DEBUG org.eclipse.jetty.http.HttpParser - SPACE2 --> REQUEST_VERSION
03:43:12.807 [qtp399373008-57] DEBUG org.eclipse.jetty.http.HttpParser - REQUEST_VERSION --> HEADER
03:43:12.807 [qtp399373008-57] DEBUG org.eclipse.jetty.http.HttpParser - HEADER:If-None-Match --> VALUE
03:43:12.807 [qtp399373008-57] DEBUG org.eclipse.jetty.http.HttpParser - HEADER:If-None-Match --> IN_VALUE
03:43:12.807 [qtp399373008-57] DEBUG org.eclipse.jetty.http.HttpParser - HEADER:If-None-Match --> FIELD
03:43:12.807 [qtp399373008-57] DEBUG org.eclipse.jetty.http.HttpParser - HEADER:Host: localhost:44051 --> IN_VALUE
03:43:12.807 [qtp399373008-57] DEBUG org.eclipse.jetty.http.HttpParser - HEADER:Host: localhost:44051 --> FIELD
03:43:12.807 [qtp399373008-57] DEBUG org.eclipse.jetty.http.HttpParser - HEADER:Connection: keep-alive --> IN_VALUE
03:43:12.807 [qtp399373008-57] DEBUG org.eclipse.jetty.http.HttpParser - HEADER:Connection: keep-alive --> FIELD
03:43:12.807 [qtp399373008-57] DEBUG org.eclipse.jetty.http.HttpParser - HEADER:Accept-Encoding: gzip --> IN_VALUE
03:43:12.807 [qtp399373008-57] DEBUG org.eclipse.jetty.http.HttpParser - HEADER:Accept-Encoding: gzip --> FIELD
03:43:12.807 [qtp399373008-57] DEBUG org.eclipse.jetty.http.HttpParser - HEADER:User-Agent: okhttp/3.12.3 --> IN_VALUE
03:43:12.807 [qtp399373008-57] DEBUG org.eclipse.jetty.http.HttpParser - HEADER:User-Agent: okhttp/3.12.3 --> FIELD
03:43:12.807 [qtp399373008-57] DEBUG org.eclipse.jetty.http.HttpParser - HEADER --> CONTENT
03:43:12.807 [qtp399373008-57] DEBUG org.eclipse.jetty.server.HttpChannel - REQUEST for //localhost:44051/config.yml on HttpChannelOverHttp@57fc45f2{s=HttpChannelState@13915393{s=IDLE rs=BLOCKING os=OPEN is=IDLE awp=false se=false i=true al=0},r=2,c=false/false,a=IDLE,uri=//localhost:44051/config.yml,age=0}
GET //localhost:44051/config.yml HTTP/1.1
If-None-Match: "testEtag"
Host: localhost:44051
Connection: keep-alive
Accept-Encoding: gzip
User-Agent: okhttp/3.12.3


03:43:12.807 [qtp399373008-57] DEBUG org.eclipse.jetty.server.HttpConnection - HttpConnection@42d608cf::DecryptedEndPoint@2f7ebf57{l=/127.0.0.1:44051,r=/127.0.0.1:33262,OPEN,fill=-,flush=-,to=43/30000} parsed true HttpParser{s=CONTENT,0 of -1}
03:43:12.807 [qtp399373008-57] DEBUG org.eclipse.jetty.server.HttpConnection - releaseRequestBuffer HttpConnection@42d608cf::DecryptedEndPoint@2f7ebf57{l=/127.0.0.1:44051,r=/127.0.0.1:33262,OPEN,fill=-,flush=-,to=43/30000}
03:43:12.807 [qtp399373008-57] DEBUG org.eclipse.jetty.server.HttpChannel - handle //localhost:44051/config.yml HttpChannelOverHttp@57fc45f2{s=HttpChannelState@13915393{s=IDLE rs=BLOCKING os=OPEN is=IDLE awp=false se=false i=true al=0},r=2,c=false/false,a=IDLE,uri=//localhost:44051/config.yml,age=0} 
03:43:12.807 [qtp399373008-57] DEBUG org.eclipse.jetty.server.HttpChannelState - handling HttpChannelState@13915393{s=IDLE rs=BLOCKING os=OPEN is=IDLE awp=false se=false i=true al=0}
03:43:12.807 [qtp399373008-57] DEBUG org.eclipse.jetty.server.HttpChannel - action DISPATCH HttpChannelOverHttp@57fc45f2{s=HttpChannelState@13915393{s=HANDLING rs=BLOCKING os=OPEN is=IDLE awp=false se=false i=true al=0},r=2,c=false/false,a=HANDLING,uri=//localhost:44051/config.yml,age=0}
03:43:12.807 [qtp399373008-57] DEBUG org.eclipse.jetty.server.SecureRequestCustomizer - Host localhost with SNI null
03:43:12.807 [qtp399373008-57] DEBUG org.eclipse.jetty.server.Server - REQUEST GET /config.yml on HttpChannelOverHttp@57fc45f2{s=HttpChannelState@13915393{s=HANDLING rs=BLOCKING os=OPEN is=IDLE awp=false se=false i=true al=0},r=2,c=false/false,a=HANDLING,uri=https://localhost:44051/config.yml,age=0}
03:43:12.807 [qtp399373008-57] DEBUG org.eclipse.jetty.server.Server - handled=true async=false committed=false on HttpChannelOverHttp@57fc45f2{s=HttpChannelState@13915393{s=HANDLING rs=BLOCKING os=OPEN is=IDLE awp=false se=false i=true al=0},r=2,c=false/false,a=HANDLING,uri=https://localhost:44051/config.yml,age=0}
03:43:12.807 [qtp399373008-57] DEBUG org.eclipse.jetty.server.HttpChannelState - unhandle HttpChannelState@13915393{s=HANDLING rs=BLOCKING os=OPEN is=IDLE awp=false se=false i=true al=0}
03:43:12.807 [qtp399373008-57] DEBUG org.eclipse.jetty.server.HttpChannelState - nextAction(false) COMPLETE HttpChannelState@13915393{s=HANDLING rs=COMPLETING os=OPEN is=IDLE awp=false se=false i=false al=0}
03:43:12.807 [qtp399373008-57] DEBUG org.eclipse.jetty.server.HttpChannel - action COMPLETE HttpChannelOverHttp@57fc45f2{s=HttpChannelState@13915393{s=HANDLING rs=COMPLETING os=OPEN is=IDLE awp=false se=false i=false al=0},r=2,c=false/false,a=HANDLING,uri=https://localhost:44051/config.yml,age=0}
03:43:12.807 [qtp399373008-57] DEBUG org.eclipse.jetty.io.ssl.SslConnection - >fill SslConnection@6e24ce0c::SocketChannelEndPoint@67fb751b{l=/127.0.0.1:44051,r=/127.0.0.1:33262,OPEN,fill=-,flush=-,to=0/30000}{io=0/0,kio=0,kro=1}->SslConnection@6e24ce0c{NOT_HANDSHAKING,eio=-1/-1,di=-1,fill=IDLE,flush=IDLE}~>DecryptedEndPoint@2f7ebf57{l=/127.0.0.1:44051,r=/127.0.0.1:33262,OPEN,fill=-,flush=-,to=44/30000}=>HttpConnection@42d608cf[p=HttpParser{s=CONTENT,0 of -1},g=HttpGenerator@347a5098{s=START}]=>HttpChannelOverHttp@57fc45f2{s=HttpChannelState@13915393{s=HANDLING rs=COMPLETING os=OPEN is=IDLE awp=false se=false i=false al=0},r=2,c=false/false,a=HANDLING,uri=https://localhost:44051/config.yml,age=0}
03:43:12.807 [qtp399373008-57] DEBUG org.eclipse.jetty.io.ssl.SslConnection - fill NOT_HANDSHAKING
03:43:12.807 [qtp399373008-57] DEBUG org.eclipse.jetty.io.ChannelEndPoint - filled 0 HeapByteBuffer@78682cd8[p=0,l=0,c=17408,r=0]={<<<>>>\x17\x03\x03\x00\xB9GET ...\x00\x00\x00\x00\x00\x00\x00}
03:43:12.807 [qtp399373008-57] DEBUG org.eclipse.jetty.io.ssl.SslConnection - net filled=0
03:43:12.807 [qtp399373008-57] DEBUG org.eclipse.jetty.io.ssl.SslConnection - unwrap net_filled=0 Status = BUFFER_UNDERFLOW HandshakeStatus = NOT_HANDSHAKING bytesConsumed = 0 bytesProduced = 0 encryptedBuffer=[p=0,l=0,c=17408,r=0] unwrapBuffer=HeapByteBuffer@729047a8[p=0,l=0,c=17408,r=0]={<<<>>>GET /conf...\x00\x00\x00\x00\x00\x00\x00} appBuffer=HeapByteBuffer@729047a8[p=0,l=0,c=17408,r=0]={<<<>>>GET /conf...\x00\x00\x00\x00\x00\x00\x00}
03:43:12.807 [qtp399373008-57] DEBUG org.eclipse.jetty.io.ssl.SslConnection - <fill f=0 uf=true SslConnection@6e24ce0c::SocketChannelEndPoint@67fb751b{l=/127.0.0.1:44051,r=/127.0.0.1:33262,OPEN,fill=-,flush=-,to=1/30000}{io=0/0,kio=0,kro=1}->SslConnection@6e24ce0c{NOT_HANDSHAKING,eio=-1/-1,di=-1,fill=IDLE,flush=IDLE}~>DecryptedEndPoint@2f7ebf57{l=/127.0.0.1:44051,r=/127.0.0.1:33262,OPEN,fill=-,flush=-,to=44/30000}=>HttpConnection@42d608cf[p=HttpParser{s=CONTENT,0 of -1},g=HttpGenerator@347a5098{s=START}]=>HttpChannelOverHttp@57fc45f2{s=HttpChannelState@13915393{s=HANDLING rs=COMPLETING os=OPEN is=IDLE awp=false se=false i=false al=0},r=2,c=false/false,a=HANDLING,uri=https://localhost:44051/config.yml,age=0}
03:43:12.807 [qtp399373008-57] DEBUG org.eclipse.jetty.io.ssl.SslConnection - >fill SslConnection@6e24ce0c::SocketChannelEndPoint@67fb751b{l=/127.0.0.1:44051,r=/127.0.0.1:33262,OPEN,fill=-,flush=-,to=1/30000}{io=0/0,kio=0,kro=1}->SslConnection@6e24ce0c{NOT_HANDSHAKING,eio=-1/-1,di=-1,fill=IDLE,flush=IDLE}~>DecryptedEndPoint@2f7ebf57{l=/127.0.0.1:44051,r=/127.0.0.1:33262,OPEN,fill=-,flush=-,to=44/30000}=>HttpConnection@42d608cf[p=HttpParser{s=CONTENT,0 of -1},g=HttpGenerator@347a5098{s=START}]=>HttpChannelOverHttp@57fc45f2{s=HttpChannelState@13915393{s=HANDLING rs=COMPLETING os=OPEN is=IDLE awp=false se=false i=false al=0},r=2,c=false/false,a=HANDLING,uri=https://localhost:44051/config.yml,age=0}
03:43:12.807 [qtp399373008-57] DEBUG org.eclipse.jetty.io.ssl.SslConnection - fill NOT_HANDSHAKING
03:43:12.807 [qtp399373008-57] DEBUG org.eclipse.jetty.io.ChannelEndPoint - filled 0 HeapByteBuffer@76afdda5[p=0,l=0,c=17408,r=0]={<<<>>>GET /conf...\x00\x00\x00\x00\x00\x00\x00}
03:43:12.807 [qtp399373008-57] DEBUG org.eclipse.jetty.io.ssl.SslConnection - net filled=0
03:43:12.807 [qtp399373008-57] DEBUG org.eclipse.jetty.io.ssl.SslConnection - unwrap net_filled=0 Status = BUFFER_UNDERFLOW HandshakeStatus = NOT_HANDSHAKING bytesConsumed = 0 bytesProduced = 0 encryptedBuffer=[p=0,l=0,c=17408,r=0] unwrapBuffer=HeapByteBuffer@729047a8[p=0,l=0,c=17408,r=0]={<<<>>>GET /conf...\x00\x00\x00\x00\x00\x00\x00} appBuffer=HeapByteBuffer@729047a8[p=0,l=0,c=17408,r=0]={<<<>>>GET /conf...\x00\x00\x00\x00\x00\x00\x00}
03:43:12.808 [qtp399373008-57] DEBUG org.eclipse.jetty.io.ssl.SslConnection - <fill f=0 uf=true SslConnection@6e24ce0c::SocketChannelEndPoint@67fb751b{l=/127.0.0.1:44051,r=/127.0.0.1:33262,OPEN,fill=-,flush=-,to=1/30000}{io=0/0,kio=0,kro=1}->SslConnection@6e24ce0c{NOT_HANDSHAKING,eio=-1/-1,di=-1,fill=IDLE,flush=IDLE}~>DecryptedEndPoint@2f7ebf57{l=/127.0.0.1:44051,r=/127.0.0.1:33262,OPEN,fill=-,flush=-,to=44/30000}=>HttpConnection@42d608cf[p=HttpParser{s=CONTENT,0 of -1},g=HttpGenerator@347a5098{s=START}]=>HttpChannelOverHttp@57fc45f2{s=HttpChannelState@13915393{s=HANDLING rs=COMPLETING os=OPEN is=IDLE awp=false se=false i=false al=0},r=2,c=false/false,a=HANDLING,uri=https://localhost:44051/config.yml,age=1}
03:43:12.808 [qtp399373008-57] DEBUG org.eclipse.jetty.server.HttpConnection - HttpConnection@42d608cf::DecryptedEndPoint@2f7ebf57{l=/127.0.0.1:44051,r=/127.0.0.1:33262,OPEN,fill=-,flush=-,to=44/30000} filled 0 HeapByteBuffer@729047a8[p=0,l=0,c=17408,r=0]={<<<>>>GET /conf...\x00\x00\x00\x00\x00\x00\x00}
03:43:12.808 [qtp399373008-57] DEBUG org.eclipse.jetty.server.HttpConnection - HttpConnection@42d608cf::DecryptedEndPoint@2f7ebf57{l=/127.0.0.1:44051,r=/127.0.0.1:33262,OPEN,fill=-,flush=-,to=44/30000} parse HeapByteBuffer@729047a8[p=0,l=0,c=17408,r=0]={<<<>>>GET /conf...\x00\x00\x00\x00\x00\x00\x00} {}
03:43:12.808 [qtp399373008-57] DEBUG org.eclipse.jetty.http.HttpParser - parseNext s=CONTENT HeapByteBuffer@729047a8[p=0,l=0,c=17408,r=0]={<<<>>>GET /conf...\x00\x00\x00\x00\x00\x00\x00}
03:43:12.808 [qtp399373008-57] DEBUG org.eclipse.jetty.http.HttpParser - CONTENT --> CONTENT_END
03:43:12.808 [qtp399373008-57] DEBUG org.eclipse.jetty.server.HttpChannel - onContentComplete HttpChannelOverHttp@57fc45f2{s=HttpChannelState@13915393{s=HANDLING rs=COMPLETING os=OPEN is=IDLE awp=false se=false i=false al=0},r=2,c=false/false,a=HANDLING,uri=https://localhost:44051/config.yml,age=1}
03:43:12.808 [qtp399373008-57] DEBUG org.eclipse.jetty.http.HttpParser - CONTENT_END --> END
03:43:12.808 [qtp399373008-57] DEBUG org.eclipse.jetty.server.HttpChannel - onRequestComplete HttpChannelOverHttp@57fc45f2{s=HttpChannelState@13915393{s=HANDLING rs=COMPLETING os=OPEN is=IDLE awp=false se=false i=false al=0},r=2,c=false/false,a=HANDLING,uri=https://localhost:44051/config.yml,age=1}
03:43:12.808 [qtp399373008-57] DEBUG org.eclipse.jetty.server.HttpInput - HttpInputOverHTTP@19cf6b72[c=0,q=0,[0]=null,s=STREAM] addContent EOF
03:43:12.808 [qtp399373008-57] DEBUG org.eclipse.jetty.server.HttpConnection - HttpConnection@42d608cf::DecryptedEndPoint@2f7ebf57{l=/127.0.0.1:44051,r=/127.0.0.1:33262,OPEN,fill=-,flush=-,to=44/30000} parsed false HttpParser{s=END,0 of -1}
03:43:12.808 [qtp399373008-57] DEBUG org.eclipse.jetty.server.HttpConnection - releaseRequestBuffer HttpConnection@42d608cf::DecryptedEndPoint@2f7ebf57{l=/127.0.0.1:44051,r=/127.0.0.1:33262,OPEN,fill=-,flush=-,to=44/30000}
03:43:12.808 [qtp399373008-57] DEBUG org.eclipse.jetty.server.HttpOutput - complete(org.eclipse.jetty.util.Callback$3@e1ef4a) s=CLOSING,api=BLOCKED,sc=false,e=null s=false e=null, c=HeapByteBuffer@1ad43aa3[p=0,l=0,c=0,r=0]={<<<>>>}
03:43:12.808 [qtp399373008-57] DEBUG org.eclipse.jetty.server.HttpChannel - sendResponse info=null content=HeapByteBuffer@1ad43aa3[p=0,l=0,c=0,r=0]={<<<>>>} complete=true committing=true callback=org.eclipse.jetty.server.HttpOutput$WriteCompleteCB@78d4375f
03:43:12.808 [qtp399373008-57] DEBUG org.eclipse.jetty.server.HttpChannel - COMMIT for /config.yml on HttpChannelOverHttp@57fc45f2{s=HttpChannelState@13915393{s=HANDLING rs=COMPLETING os=COMMITTED is=IDLE awp=false se=false i=false al=0},r=2,c=false/false,a=HANDLING,uri=https://localhost:44051/config.yml,age=1}
304 null HTTP/1.1
Date: Thu, 02 May 2024 02:43:12 GMT
ETag: testEtag


03:43:12.808 [qtp399373008-57] DEBUG org.eclipse.jetty.server.HttpConnection - generate: NEED_HEADER for SendCallback@345205e9[PROCESSING][i=HTTP/1.1{s=304,h=2,cl=-1},cb=org.eclipse.jetty.server.HttpChannel$SendCallback@77aea1dd] (null,[p=0,l=0,c=0,r=0],true)@START
03:43:12.808 [qtp399373008-57] DEBUG org.eclipse.jetty.http.HttpGenerator - generateHeaders HTTP/1.1{s=304,h=2,cl=-1} last=true content=HeapByteBuffer@1ad43aa3[p=0,l=0,c=0,r=0]={<<<>>>}
03:43:12.808 [qtp399373008-57] DEBUG org.eclipse.jetty.http.HttpGenerator - Date: Thu, 02 May 2024 02:43:12 GMT
ETag: testEtag


03:43:12.808 [qtp399373008-57] DEBUG org.eclipse.jetty.http.HttpGenerator - NO_CONTENT
03:43:12.808 [qtp399373008-57] DEBUG org.eclipse.jetty.server.HttpConnection - generate: FLUSH for SendCallback@345205e9[PROCESSING][i=HTTP/1.1{s=304,h=2,cl=-1},cb=org.eclipse.jetty.server.HttpChannel$SendCallback@77aea1dd] ([p=0,l=115,c=8192,r=115],[p=0,l=0,c=0,r=0],true)@COMPLETING
03:43:12.808 [qtp399373008-57] DEBUG org.eclipse.jetty.io.WriteFlusher - write: WriteFlusher@53e5650c{IDLE}->null [HeapByteBuffer@17352c86[p=0,l=115,c=8192,r=115]={<<<HTTP/1.1 304 Not Modified...y(9.4.44.v20210927)\r\n\r\n>>>nt-Length...\x00\x00\x00\x00\x00\x00\x00}]
03:43:12.808 [qtp399373008-57] DEBUG org.eclipse.jetty.io.WriteFlusher - update WriteFlusher@53e5650c{WRITING}->null:IDLE-->WRITING
03:43:12.808 [qtp399373008-57] DEBUG org.eclipse.jetty.io.ssl.SslConnection - >flush SslConnection@6e24ce0c::SocketChannelEndPoint@67fb751b{l=/127.0.0.1:44051,r=/127.0.0.1:33262,OPEN,fill=-,flush=-,to=1/30000}{io=0/0,kio=0,kro=1}->SslConnection@6e24ce0c{NOT_HANDSHAKING,eio=-1/-1,di=-1,fill=IDLE,flush=IDLE}~>DecryptedEndPoint@2f7ebf57{l=/127.0.0.1:44051,r=/127.0.0.1:33262,OPEN,fill=-,flush=W,to=45/30000}=>HttpConnection@42d608cf[p=HttpParser{s=END,0 of -1},g=HttpGenerator@347a5098{s=COMPLETING}]=>HttpChannelOverHttp@57fc45f2{s=HttpChannelState@13915393{s=HANDLING rs=COMPLETING os=COMMITTED is=IDLE awp=false se=false i=false al=0},r=2,c=false/false,a=HANDLING,uri=https://localhost:44051/config.yml,age=1}
03:43:12.808 [qtp399373008-57] DEBUG org.eclipse.jetty.io.ssl.SslConnection - flush b[0]=HeapByteBuffer@17352c86[p=0,l=115,c=8192,r=115]={<<<HTTP/1.1 304 Not Modified...y(9.4.44.v20210927)\r\n\r\n>>>nt-Length...\x00\x00\x00\x00\x00\x00\x00}
03:43:12.808 [qtp399373008-57] DEBUG org.eclipse.jetty.io.ssl.SslConnection - flush NOT_HANDSHAKING
03:43:12.808 [qtp399373008-57] DEBUG org.eclipse.jetty.io.ssl.SslConnection - wrap Status = OK HandshakeStatus = NOT_HANDSHAKING bytesConsumed = 115 bytesProduced = 153 [p=0,l=153,c=17408,r=153] ioDone=false/false
03:43:12.808 [qtp399373008-57] DEBUG org.eclipse.jetty.io.ChannelEndPoint - flushed 153 SocketChannelEndPoint@67fb751b{l=/127.0.0.1:44051,r=/127.0.0.1:33262,OPEN,fill=-,flush=-,to=1/30000}{io=0/0,kio=0,kro=1}->SslConnection@6e24ce0c{NOT_HANDSHAKING,eio=-1/0,di=-1,fill=IDLE,flush=IDLE}~>DecryptedEndPoint@2f7ebf57{l=/127.0.0.1:44051,r=/127.0.0.1:33262,OPEN,fill=-,flush=W,to=45/30000}=>HttpConnection@42d608cf[p=HttpParser{s=END,0 of -1},g=HttpGenerator@347a5098{s=COMPLETING}]=>HttpChannelOverHttp@57fc45f2{s=HttpChannelState@13915393{s=HANDLING rs=COMPLETING os=COMMITTED is=IDLE awp=false se=false i=false al=0},r=2,c=false/false,a=HANDLING,uri=https://localhost:44051/config.yml,age=1}
03:43:12.808 [qtp399373008-57] DEBUG org.eclipse.jetty.io.ssl.SslConnection - net flushed=true, ac=true
03:43:12.808 [qtp399373008-57] DEBUG org.eclipse.jetty.io.ssl.SslConnection - <flush true SslConnection@6e24ce0c::SocketChannelEndPoint@67fb751b{l=/127.0.0.1:44051,r=/127.0.0.1:33262,OPEN,fill=-,flush=-,to=0/30000}{io=0/0,kio=0,kro=1}->SslConnection@6e24ce0c{NOT_HANDSHAKING,eio=-1/-1,di=-1,fill=IDLE,flush=IDLE}~>DecryptedEndPoint@2f7ebf57{l=/127.0.0.1:44051,r=/127.0.0.1:33262,OPEN,fill=-,flush=W,to=45/30000}=>HttpConnection@42d608cf[p=HttpParser{s=END,0 of -1},g=HttpGenerator@347a5098{s=COMPLETING}]=>HttpChannelOverHttp@57fc45f2{s=HttpChannelState@13915393{s=HANDLING rs=COMPLETING os=COMMITTED is=IDLE awp=false se=false i=false al=0},r=2,c=false/false,a=HANDLING,uri=https://localhost:44051/config.yml,age=1}
03:43:12.808 [qtp399373008-57] DEBUG org.eclipse.jetty.io.WriteFlusher - Flushed=true written=115 remaining=0 WriteFlusher@53e5650c{WRITING}->null
03:43:12.808 [main] DEBUG org.apache.nifi.minifi.bootstrap.configuration.ingestors.PullHttpChangeIngestor - Response received: Response{protocol=http/1.1, code=304, message=Not Modified, url=https://localhost:44051/config.yml}
03:43:12.808 [qtp399373008-57] DEBUG org.eclipse.jetty.io.WriteFlusher - update WriteFlusher@53e5650c{IDLE}->null:WRITING-->IDLE
03:43:12.808 [qtp399373008-57] DEBUG org.eclipse.jetty.server.HttpConnection - generate: DONE for SendCallback@345205e9[PROCESSING][i=HTTP/1.1{s=304,h=2,cl=-1},cb=org.eclipse.jetty.server.HttpChannel$SendCallback@77aea1dd] ([p=115,l=115,c=8192,r=0],[p=0,l=0,c=0,r=0],true)@END
03:43:12.809 [qtp399373008-57] DEBUG org.eclipse.jetty.server.HttpOutput - onWriteComplete(true,null) s=CLOSING,api=BLOCKED,sc=false,e=null->s=CLOSED,api=BLOCKING,sc=false,e=null c=null cb=org.eclipse.jetty.util.Callback$3@e1ef4a w=false
03:43:12.809 [qtp399373008-57] DEBUG org.eclipse.jetty.server.HttpChannelState - completed HttpChannelState@13915393{s=HANDLING rs=COMPLETING os=COMPLETED is=IDLE awp=false se=false i=false al=0}
03:43:12.809 [qtp399373008-57] DEBUG org.eclipse.jetty.server.HttpChannelState - unhandle HttpChannelState@13915393{s=HANDLING rs=COMPLETED os=COMPLETED is=IDLE awp=false se=false i=false al=0}
03:43:12.809 [qtp399373008-57] DEBUG org.eclipse.jetty.server.HttpChannelState - nextAction(false) TERMINATED HttpChannelState@13915393{s=IDLE rs=COMPLETED os=COMPLETED is=IDLE awp=false se=false i=false al=0}
03:43:12.809 [qtp399373008-57] DEBUG org.eclipse.jetty.server.HttpChannel - action TERMINATED HttpChannelOverHttp@57fc45f2{s=HttpChannelState@13915393{s=IDLE rs=COMPLETED os=COMPLETED is=IDLE awp=false se=false i=false al=0},r=2,c=true/true,a=IDLE,uri=https://localhost:44051/config.yml,age=2}
03:43:12.809 [qtp399373008-57] DEBUG org.eclipse.jetty.server.HttpChannel - onCompleted for /config.yml written=0
03:43:12.809 [qtp399373008-57] DEBUG org.eclipse.jetty.server.HttpChannelState - recycle HttpChannelState@13915393{s=IDLE rs=COMPLETED os=COMPLETED is=IDLE awp=false se=false i=false al=0}
03:43:12.809 [qtp399373008-57] DEBUG org.eclipse.jetty.http.HttpParser - reset HttpParser{s=END,0 of -1}
03:43:12.809 [qtp399373008-57] DEBUG org.eclipse.jetty.http.HttpParser - END --> START
03:43:12.809 [qtp399373008-57] DEBUG org.eclipse.jetty.server.HttpChannel - !handle TERMINATED HttpChannelOverHttp@57fc45f2{s=HttpChannelState@13915393{s=IDLE rs=BLOCKING os=OPEN is=IDLE awp=false se=false i=true al=0},r=2,c=false/false,a=IDLE,uri=null,age=0}
]]></system-out>
  </testcase>
  <testcase name="testSecurityOverride" classname="org.apache.nifi.minifi.bootstrap.configuration.ingestors.PullHttpChangeIngestorSSLTest" time="0.068">
    <system-out><![CDATA[03:43:12.809 [qtp399373008-57] DEBUG org.eclipse.jetty.io.ssl.SslConnection - >fill SslConnection@6e24ce0c::SocketChannelEndPoint@67fb751b{l=/127.0.0.1:44051,r=/127.0.0.1:33262,OPEN,fill=-,flush=-,to=0/30000}{io=0/0,kio=0,kro=1}->SslConnection@6e24ce0c{NOT_HANDSHAKING,eio=-1/-1,di=-1,fill=IDLE,flush=IDLE}~>DecryptedEndPoint@2f7ebf57{l=/127.0.0.1:44051,r=/127.0.0.1:33262,OPEN,fill=-,flush=-,to=45/30000}=>HttpConnection@42d608cf[p=HttpParser{s=START,0 of -1},g=HttpGenerator@347a5098{s=START}]=>HttpChannelOverHttp@57fc45f2{s=HttpChannelState@13915393{s=IDLE rs=BLOCKING os=OPEN is=IDLE awp=false se=false i=true al=0},r=2,c=false/false,a=IDLE,uri=null,age=0}
03:43:12.809 [qtp399373008-57] DEBUG org.eclipse.jetty.io.ssl.SslConnection - fill NOT_HANDSHAKING
03:43:12.809 [qtp399373008-57] DEBUG org.eclipse.jetty.io.ChannelEndPoint - filled 0 HeapByteBuffer@729047a8[p=0,l=0,c=17408,r=0]={<<<>>>GET /conf...\x00\x00\x00\x00\x00\x00\x00}
03:43:12.809 [qtp399373008-57] DEBUG org.eclipse.jetty.io.ssl.SslConnection - net filled=0
03:43:12.809 [qtp399373008-57] DEBUG org.eclipse.jetty.io.ssl.SslConnection - unwrap net_filled=0 Status = BUFFER_UNDERFLOW HandshakeStatus = NOT_HANDSHAKING bytesConsumed = 0 bytesProduced = 0 encryptedBuffer=[p=0,l=0,c=17408,r=0] unwrapBuffer=HeapByteBuffer@76afdda5[p=0,l=0,c=17408,r=0]={<<<>>>GET /conf...\x00\x00\x00\x00\x00\x00\x00} appBuffer=HeapByteBuffer@76afdda5[p=0,l=0,c=17408,r=0]={<<<>>>GET /conf...\x00\x00\x00\x00\x00\x00\x00}
03:43:12.809 [qtp399373008-57] DEBUG org.eclipse.jetty.io.ssl.SslConnection - <fill f=0 uf=true SslConnection@6e24ce0c::SocketChannelEndPoint@67fb751b{l=/127.0.0.1:44051,r=/127.0.0.1:33262,OPEN,fill=-,flush=-,to=0/30000}{io=0/0,kio=0,kro=1}->SslConnection@6e24ce0c{NOT_HANDSHAKING,eio=-1/-1,di=-1,fill=IDLE,flush=IDLE}~>DecryptedEndPoint@2f7ebf57{l=/127.0.0.1:44051,r=/127.0.0.1:33262,OPEN,fill=-,flush=-,to=46/30000}=>HttpConnection@42d608cf[p=HttpParser{s=START,0 of -1},g=HttpGenerator@347a5098{s=START}]=>HttpChannelOverHttp@57fc45f2{s=HttpChannelState@13915393{s=IDLE rs=BLOCKING os=OPEN is=IDLE awp=false se=false i=true al=0},r=2,c=false/false,a=IDLE,uri=null,age=0}
03:43:12.809 [qtp399373008-57] DEBUG org.eclipse.jetty.io.ssl.SslConnection - >fill SslConnection@6e24ce0c::SocketChannelEndPoint@67fb751b{l=/127.0.0.1:44051,r=/127.0.0.1:33262,OPEN,fill=-,flush=-,to=0/30000}{io=0/0,kio=0,kro=1}->SslConnection@6e24ce0c{NOT_HANDSHAKING,eio=-1/-1,di=-1,fill=IDLE,flush=IDLE}~>DecryptedEndPoint@2f7ebf57{l=/127.0.0.1:44051,r=/127.0.0.1:33262,OPEN,fill=-,flush=-,to=46/30000}=>HttpConnection@42d608cf[p=HttpParser{s=START,0 of -1},g=HttpGenerator@347a5098{s=START}]=>HttpChannelOverHttp@57fc45f2{s=HttpChannelState@13915393{s=IDLE rs=BLOCKING os=OPEN is=IDLE awp=false se=false i=true al=0},r=2,c=false/false,a=IDLE,uri=null,age=0}
03:43:12.809 [qtp399373008-57] DEBUG org.eclipse.jetty.io.ssl.SslConnection - fill NOT_HANDSHAKING
03:43:12.809 [qtp399373008-57] DEBUG org.eclipse.jetty.io.ChannelEndPoint - filled 0 HeapByteBuffer@78682cd8[p=0,l=0,c=17408,r=0]={<<<>>>\x17\x03\x03\x00\x94-\xBd\xCb%...\x00\x00\x00\x00\x00\x00\x00}
03:43:12.809 [qtp399373008-57] DEBUG org.eclipse.jetty.io.ssl.SslConnection - net filled=0
03:43:12.809 [qtp399373008-57] DEBUG org.eclipse.jetty.io.ssl.SslConnection - unwrap net_filled=0 Status = BUFFER_UNDERFLOW HandshakeStatus = NOT_HANDSHAKING bytesConsumed = 0 bytesProduced = 0 encryptedBuffer=[p=0,l=0,c=17408,r=0] unwrapBuffer=HeapByteBuffer@76afdda5[p=0,l=0,c=17408,r=0]={<<<>>>GET /conf...\x00\x00\x00\x00\x00\x00\x00} appBuffer=HeapByteBuffer@76afdda5[p=0,l=0,c=17408,r=0]={<<<>>>GET /conf...\x00\x00\x00\x00\x00\x00\x00}
03:43:12.809 [qtp399373008-57] DEBUG org.eclipse.jetty.io.ssl.SslConnection - <fill f=0 uf=true SslConnection@6e24ce0c::SocketChannelEndPoint@67fb751b{l=/127.0.0.1:44051,r=/127.0.0.1:33262,OPEN,fill=-,flush=-,to=0/30000}{io=0/0,kio=0,kro=1}->SslConnection@6e24ce0c{NOT_HANDSHAKING,eio=-1/-1,di=-1,fill=IDLE,flush=IDLE}~>DecryptedEndPoint@2f7ebf57{l=/127.0.0.1:44051,r=/127.0.0.1:33262,OPEN,fill=-,flush=-,to=46/30000}=>HttpConnection@42d608cf[p=HttpParser{s=START,0 of -1},g=HttpGenerator@347a5098{s=START}]=>HttpChannelOverHttp@57fc45f2{s=HttpChannelState@13915393{s=IDLE rs=BLOCKING os=OPEN is=IDLE awp=false se=false i=true al=0},r=2,c=false/false,a=IDLE,uri=null,age=0}
03:43:12.809 [qtp399373008-57] DEBUG org.eclipse.jetty.server.HttpConnection - HttpConnection@42d608cf::DecryptedEndPoint@2f7ebf57{l=/127.0.0.1:44051,r=/127.0.0.1:33262,OPEN,fill=-,flush=-,to=46/30000} filled 0 HeapByteBuffer@76afdda5[p=0,l=0,c=17408,r=0]={<<<>>>GET /conf...\x00\x00\x00\x00\x00\x00\x00}
03:43:12.809 [qtp399373008-57] DEBUG org.eclipse.jetty.server.HttpConnection - HttpConnection@42d608cf::DecryptedEndPoint@2f7ebf57{l=/127.0.0.1:44051,r=/127.0.0.1:33262,OPEN,fill=-,flush=-,to=46/30000} parse HeapByteBuffer@76afdda5[p=0,l=0,c=17408,r=0]={<<<>>>GET /conf...\x00\x00\x00\x00\x00\x00\x00} {}
03:43:12.809 [qtp399373008-57] DEBUG org.eclipse.jetty.http.HttpParser - parseNext s=START HeapByteBuffer@76afdda5[p=0,l=0,c=17408,r=0]={<<<>>>GET /conf...\x00\x00\x00\x00\x00\x00\x00}
03:43:12.809 [qtp399373008-57] DEBUG org.eclipse.jetty.server.HttpConnection - HttpConnection@42d608cf::DecryptedEndPoint@2f7ebf57{l=/127.0.0.1:44051,r=/127.0.0.1:33262,OPEN,fill=-,flush=-,to=46/30000} parsed false HttpParser{s=START,0 of -1}
03:43:12.809 [qtp399373008-57] DEBUG org.eclipse.jetty.server.HttpConnection - releaseRequestBuffer HttpConnection@42d608cf::DecryptedEndPoint@2f7ebf57{l=/127.0.0.1:44051,r=/127.0.0.1:33262,OPEN,fill=-,flush=-,to=46/30000}
03:43:12.810 [qtp399373008-57] DEBUG org.eclipse.jetty.io.AbstractConnection - fillInterested HttpConnection@42d608cf::DecryptedEndPoint@2f7ebf57{l=/127.0.0.1:44051,r=/127.0.0.1:33262,OPEN,fill=-,flush=-,to=46/30000}
03:43:12.810 [qtp399373008-57] DEBUG org.eclipse.jetty.io.FillInterest - interested FillInterest@4698b6a8{AC.ReadCB@42d608cf{HttpConnection@42d608cf::DecryptedEndPoint@2f7ebf57{l=/127.0.0.1:44051,r=/127.0.0.1:33262,OPEN,fill=FI,flush=-,to=0/30000}}}
03:43:12.810 [qtp399373008-57] DEBUG org.eclipse.jetty.io.ssl.SslConnection - >needFillInterest s=IDLE/IDLE uf=true ei=null di=null SslConnection@6e24ce0c::SocketChannelEndPoint@67fb751b{l=/127.0.0.1:44051,r=/127.0.0.1:33262,OPEN,fill=-,flush=-,to=1/30000}{io=0/0,kio=0,kro=1}->SslConnection@6e24ce0c{NOT_HANDSHAKING,eio=-1/-1,di=-1,fill=IDLE,flush=IDLE}~>DecryptedEndPoint@2f7ebf57{l=/127.0.0.1:44051,r=/127.0.0.1:33262,OPEN,fill=FI,flush=-,to=0/30000}=>HttpConnection@42d608cf[p=HttpParser{s=START,0 of -1},g=HttpGenerator@347a5098{s=START}]=>HttpChannelOverHttp@57fc45f2{s=HttpChannelState@13915393{s=IDLE rs=BLOCKING os=OPEN is=IDLE awp=false se=false i=true al=0},r=2,c=false/false,a=IDLE,uri=null,age=0}
03:43:12.810 [qtp399373008-57] DEBUG org.eclipse.jetty.io.ssl.SslConnection - <needFillInterest s=IDLE/INTERESTED f=false i=true w=null
03:43:12.810 [qtp399373008-57] DEBUG org.eclipse.jetty.io.ssl.SslConnection - ensureFillInterested SslConnection@6e24ce0c::SocketChannelEndPoint@67fb751b{l=/127.0.0.1:44051,r=/127.0.0.1:33262,OPEN,fill=-,flush=-,to=1/30000}{io=0/0,kio=0,kro=1}->SslConnection@6e24ce0c{NOT_HANDSHAKING,eio=-1/-1,di=-1,fill=INTERESTED,flush=IDLE}~>DecryptedEndPoint@2f7ebf57{l=/127.0.0.1:44051,r=/127.0.0.1:33262,OPEN,fill=FI,flush=-,to=0/30000}=>HttpConnection@42d608cf[p=HttpParser{s=START,0 of -1},g=HttpGenerator@347a5098{s=START}]=>HttpChannelOverHttp@57fc45f2{s=HttpChannelState@13915393{s=IDLE rs=BLOCKING os=OPEN is=IDLE awp=false se=false i=true al=0},r=2,c=false/false,a=IDLE,uri=null,age=0}
03:43:12.810 [qtp399373008-57] DEBUG org.eclipse.jetty.io.FillInterest - interested FillInterest@316abd4f{SSLC.NBReadCB@6e24ce0c{SslConnection@6e24ce0c::SocketChannelEndPoint@67fb751b{l=/127.0.0.1:44051,r=/127.0.0.1:33262,OPEN,fill=FI,flush=-,to=0/30000}{io=0/0,kio=0,kro=1}->SslConnection@6e24ce0c{NOT_HANDSHAKING,eio=-1/-1,di=-1,fill=INTERESTED,flush=IDLE}~>DecryptedEndPoint@2f7ebf57{l=/127.0.0.1:44051,r=/127.0.0.1:33262,OPEN,fill=FI,flush=-,to=0/30000}=>HttpConnection@42d608cf[p=HttpParser{s=START,0 of -1},g=HttpGenerator@347a5098{s=START}]=>HttpChannelOverHttp@57fc45f2{s=HttpChannelState@13915393{s=IDLE rs=BLOCKING os=OPEN is=IDLE awp=false se=false i=true al=0},r=2,c=false/false,a=IDLE,uri=null,age=0}}}
03:43:12.810 [qtp399373008-57] DEBUG org.eclipse.jetty.io.ChannelEndPoint - changeInterests p=false 0->1 for SocketChannelEndPoint@67fb751b{l=/127.0.0.1:44051,r=/127.0.0.1:33262,OPEN,fill=FI,flush=-,to=0/30000}{io=0/1,kio=0,kro=1}->SslConnection@6e24ce0c{NOT_HANDSHAKING,eio=-1/-1,di=-1,fill=INTERESTED,flush=IDLE}~>DecryptedEndPoint@2f7ebf57{l=/127.0.0.1:44051,r=/127.0.0.1:33262,OPEN,fill=FI,flush=-,to=0/30000}=>HttpConnection@42d608cf[p=HttpParser{s=START,0 of -1},g=HttpGenerator@347a5098{s=START}]=>HttpChannelOverHttp@57fc45f2{s=HttpChannelState@13915393{s=IDLE rs=BLOCKING os=OPEN is=IDLE awp=false se=false i=true al=0},r=2,c=false/false,a=IDLE,uri=null,age=0}
03:43:12.810 [qtp399373008-57] DEBUG org.eclipse.jetty.io.ManagedSelector - Queued change lazy=false org.eclipse.jetty.io.ChannelEndPoint$$Lambda$255/90666987@79f641c0 on ManagedSelector@4e70a728{STARTED} id=0 keys=1 selected=0 updates=0
03:43:12.810 [qtp399373008-57] DEBUG org.eclipse.jetty.io.ManagedSelector - Wakeup on submit ManagedSelector@4e70a728{STARTED} id=0 keys=1 selected=0 updates=1
03:43:12.810 [qtp399373008-57] DEBUG org.eclipse.jetty.server.HttpConnection - HttpConnection@42d608cf::DecryptedEndPoint@2f7ebf57{l=/127.0.0.1:44051,r=/127.0.0.1:33262,OPEN,fill=FI,flush=-,to=0/30000} onFillable exit HttpChannelState@13915393{s=IDLE rs=BLOCKING os=OPEN is=IDLE awp=false se=false i=true al=0} null
03:43:12.810 [qtp399373008-56] DEBUG org.eclipse.jetty.io.ManagedSelector - Selector sun.nio.ch.EPollSelectorImpl@7ec05eed woken with none selected
03:43:12.810 [qtp399373008-56] DEBUG org.eclipse.jetty.io.ManagedSelector - Selector sun.nio.ch.EPollSelectorImpl@7ec05eed woken up from select, 0/0/1 selected
03:43:12.810 [qtp399373008-56] DEBUG org.eclipse.jetty.io.ManagedSelector - Selector sun.nio.ch.EPollSelectorImpl@7ec05eed processing 0 keys, 1 updates
03:43:12.810 [qtp399373008-56] DEBUG org.eclipse.jetty.io.ManagedSelector - updateable 1
03:43:12.810 [qtp399373008-56] DEBUG org.eclipse.jetty.io.ManagedSelector - update org.eclipse.jetty.io.ChannelEndPoint$$Lambda$255/90666987@79f641c0
03:43:12.810 [qtp399373008-57] DEBUG org.eclipse.jetty.io.ssl.SslConnection - <c.onFillable SslConnection@6e24ce0c::SocketChannelEndPoint@67fb751b{l=/127.0.0.1:44051,r=/127.0.0.1:33262,OPEN,fill=FI,flush=-,to=0/30000}{io=0/1,kio=0,kro=1}->SslConnection@6e24ce0c{NOT_HANDSHAKING,eio=-1/-1,di=-1,fill=INTERESTED,flush=IDLE}~>DecryptedEndPoint@2f7ebf57{l=/127.0.0.1:44051,r=/127.0.0.1:33262,OPEN,fill=FI,flush=-,to=0/30000}=>HttpConnection@42d608cf[p=HttpParser{s=START,0 of -1},g=HttpGenerator@347a5098{s=START}]=>HttpChannelOverHttp@57fc45f2{s=HttpChannelState@13915393{s=IDLE rs=BLOCKING os=OPEN is=IDLE awp=false se=false i=true al=0},r=2,c=false/false,a=IDLE,uri=null,age=0}
03:43:12.810 [qtp399373008-57] DEBUG org.eclipse.jetty.util.thread.ReservedThreadExecutor - ReservedThread@298a767d{RUNNING,thread=Thread[qtp399373008-57,5,main]} was=RUNNING next=RESERVED size=0+2 capacity=8
03:43:12.810 [qtp399373008-57] DEBUG org.eclipse.jetty.util.thread.ReservedThreadExecutor - ReservedThread@298a767d{RESERVED,thread=Thread[qtp399373008-57,5,main]} waiting ReservedThreadExecutor@424fd310{reserved=2/8,pending=0}
03:43:12.810 [qtp399373008-56] DEBUG org.eclipse.jetty.io.ChannelEndPoint - Key interests updated 0 -> 1 on SocketChannelEndPoint@67fb751b{l=/127.0.0.1:44051,r=/127.0.0.1:33262,OPEN,fill=FI,flush=-,to=0/30000}{io=1/1,kio=1,kro=1}->SslConnection@6e24ce0c{NOT_HANDSHAKING,eio=-1/-1,di=-1,fill=INTERESTED,flush=IDLE}~>DecryptedEndPoint@2f7ebf57{l=/127.0.0.1:44051,r=/127.0.0.1:33262,OPEN,fill=FI,flush=-,to=0/30000}=>HttpConnection@42d608cf[p=HttpParser{s=START,0 of -1},g=HttpGenerator@347a5098{s=START}]=>HttpChannelOverHttp@57fc45f2{s=HttpChannelState@13915393{s=IDLE rs=BLOCKING os=OPEN is=IDLE awp=false se=false i=true al=0},r=2,c=false/false,a=IDLE,uri=null,age=0}
03:43:12.810 [qtp399373008-56] DEBUG org.eclipse.jetty.io.ManagedSelector - updates 0
03:43:12.810 [qtp399373008-56] DEBUG org.eclipse.jetty.io.ManagedSelector - Selector sun.nio.ch.EPollSelectorImpl@7ec05eed waiting with 1 keys
03:43:12.811 [main] DEBUG org.apache.nifi.minifi.bootstrap.configuration.ingestors.PullHttpChangeIngestor - Attempting to pull new config
03:43:12.812 [qtp399373008-59-acceptor-0@4795ded0-ServerConnector@2374d36a{SSL, (ssl, http/1.1)}{localhost:44051}] DEBUG org.eclipse.jetty.io.ManagedSelector - Queued change lazy=false Accept@3cd17fdb[java.nio.channels.SocketChannel[connected local=/127.0.0.1:44051 remote=/127.0.0.1:33272]] on ManagedSelector@5733f295{STARTED} id=1 keys=1 selected=0 updates=0
03:43:12.812 [qtp399373008-59-acceptor-0@4795ded0-ServerConnector@2374d36a{SSL, (ssl, http/1.1)}{localhost:44051}] DEBUG org.eclipse.jetty.io.ManagedSelector - Wakeup on submit ManagedSelector@5733f295{STARTED} id=1 keys=1 selected=0 updates=1
03:43:12.812 [qtp399373008-60] DEBUG org.eclipse.jetty.io.ManagedSelector - Selector sun.nio.ch.EPollSelectorImpl@62ef7cb1 woken with none selected
03:43:12.812 [qtp399373008-60] DEBUG org.eclipse.jetty.io.ManagedSelector - Selector sun.nio.ch.EPollSelectorImpl@62ef7cb1 woken up from select, 0/0/1 selected
03:43:12.812 [qtp399373008-60] DEBUG org.eclipse.jetty.io.ManagedSelector - Selector sun.nio.ch.EPollSelectorImpl@62ef7cb1 processing 0 keys, 1 updates
03:43:12.812 [qtp399373008-60] DEBUG org.eclipse.jetty.io.ManagedSelector - updateable 1
03:43:12.812 [qtp399373008-60] DEBUG org.eclipse.jetty.io.ManagedSelector - update Accept@3cd17fdb[java.nio.channels.SocketChannel[connected local=/127.0.0.1:44051 remote=/127.0.0.1:33272]]
03:43:12.812 [qtp399373008-60] DEBUG org.eclipse.jetty.util.thread.QueuedThreadPool - queue Accept@3cd17fdb[java.nio.channels.SocketChannel[connected local=/127.0.0.1:44051 remote=/127.0.0.1:33272]] startThread=0
03:43:12.812 [qtp399373008-60] DEBUG org.eclipse.jetty.io.ManagedSelector - updates 0
03:43:12.812 [qtp399373008-60] DEBUG org.eclipse.jetty.io.ManagedSelector - Selector sun.nio.ch.EPollSelectorImpl@62ef7cb1 waiting with 2 keys
03:43:12.812 [qtp399373008-55] DEBUG org.eclipse.jetty.util.thread.QueuedThreadPool - run Accept@3cd17fdb[java.nio.channels.SocketChannel[connected local=/127.0.0.1:44051 remote=/127.0.0.1:33272]] in QueuedThreadPool[qtp399373008]@17cdf2d0{STARTED,8<=8<=200,i=0,r=-1,q=0}[ReservedThreadExecutor@424fd310{reserved=2/8,pending=0}]
03:43:12.812 [qtp399373008-55] DEBUG org.eclipse.jetty.io.IdleTimeout - SocketChannelEndPoint@7438359d{l=/127.0.0.1:44051,r=/127.0.0.1:33272,OPEN,fill=-,flush=-,to=0/30000}{io=0/0,kio=0,kro=0}-><null> idle timeout check, elapsed: 0 ms, remaining: 30000 ms
03:43:12.813 [qtp399373008-55] DEBUG org.eclipse.jetty.util.ssl.SslContextFactory - Customize sun.security.ssl.SSLEngineImpl@313aa57e
03:43:12.813 [qtp399373008-55] DEBUG org.eclipse.jetty.server.HttpChannel - new HttpChannelOverHttp@4d71b282{s=HttpChannelState@c151ee{s=IDLE rs=BLOCKING os=OPEN is=IDLE awp=false se=false i=true al=0},r=0,c=false/false,a=IDLE,uri=null,age=0} -> DecryptedEndPoint@356018b6{l=/127.0.0.1:44051,r=/127.0.0.1:33272,OPEN,fill=-,flush=-,to=0/30000},null,HttpChannelState@c151ee{s=IDLE rs=BLOCKING os=OPEN is=IDLE awp=false se=false i=true al=0}
03:43:12.813 [qtp399373008-55] DEBUG org.eclipse.jetty.server.HttpConnection - New HTTP Connection HttpConnection@51155a31::DecryptedEndPoint@356018b6{l=/127.0.0.1:44051,r=/127.0.0.1:33272,OPEN,fill=-,flush=-,to=0/30000}
03:43:12.813 [qtp399373008-55] DEBUG org.eclipse.jetty.io.ManagedSelector - Queued change lazy=true org.eclipse.jetty.io.ManagedSelector$$Lambda$258/445561681@11b01733 on ManagedSelector@5733f295{STARTED} id=1 keys=2 selected=0 updates=0
03:43:12.813 [qtp399373008-55] DEBUG org.eclipse.jetty.io.AbstractEndPoint - onOpen SocketChannelEndPoint@7438359d{l=/127.0.0.1:44051,r=/127.0.0.1:33272,OPEN,fill=-,flush=-,to=0/30000}{io=0/0,kio=0,kro=0}->SslConnection@1bf47aca{NOT_HANDSHAKING,eio=-1/-1,di=-1,fill=IDLE,flush=IDLE}~>DecryptedEndPoint@356018b6{l=/127.0.0.1:44051,r=/127.0.0.1:33272,OPEN,fill=-,flush=-,to=0/30000}=>HttpConnection@51155a31[p=HttpParser{s=START,0 of -1},g=HttpGenerator@2e6474aa{s=START}]=>HttpChannelOverHttp@4d71b282{s=HttpChannelState@c151ee{s=IDLE rs=BLOCKING os=OPEN is=IDLE awp=false se=false i=true al=0},r=0,c=false/false,a=IDLE,uri=null,age=0}
03:43:12.813 [qtp399373008-55] DEBUG org.eclipse.jetty.io.AbstractConnection - onOpen SslConnection@1bf47aca::SocketChannelEndPoint@7438359d{l=/127.0.0.1:44051,r=/127.0.0.1:33272,OPEN,fill=-,flush=-,to=0/30000}{io=0/0,kio=0,kro=0}->SslConnection@1bf47aca{NOT_HANDSHAKING,eio=-1/-1,di=-1,fill=IDLE,flush=IDLE}~>DecryptedEndPoint@356018b6{l=/127.0.0.1:44051,r=/127.0.0.1:33272,OPEN,fill=-,flush=-,to=0/30000}=>HttpConnection@51155a31[p=HttpParser{s=START,0 of -1},g=HttpGenerator@2e6474aa{s=START}]=>HttpChannelOverHttp@4d71b282{s=HttpChannelState@c151ee{s=IDLE rs=BLOCKING os=OPEN is=IDLE awp=false se=false i=true al=0},r=0,c=false/false,a=IDLE,uri=null,age=0}
03:43:12.813 [qtp399373008-55] DEBUG org.eclipse.jetty.io.AbstractConnection - onOpen HttpConnection@51155a31::DecryptedEndPoint@356018b6{l=/127.0.0.1:44051,r=/127.0.0.1:33272,OPEN,fill=-,flush=-,to=0/30000}
03:43:12.813 [qtp399373008-55] DEBUG org.eclipse.jetty.io.AbstractConnection - fillInterested HttpConnection@51155a31::DecryptedEndPoint@356018b6{l=/127.0.0.1:44051,r=/127.0.0.1:33272,OPEN,fill=-,flush=-,to=0/30000}
03:43:12.813 [qtp399373008-55] DEBUG org.eclipse.jetty.io.FillInterest - interested FillInterest@555b6785{AC.ReadCB@51155a31{HttpConnection@51155a31::DecryptedEndPoint@356018b6{l=/127.0.0.1:44051,r=/127.0.0.1:33272,OPEN,fill=FI,flush=-,to=0/30000}}}
03:43:12.813 [qtp399373008-55] DEBUG org.eclipse.jetty.io.ssl.SslConnection - >needFillInterest s=IDLE/IDLE uf=false ei=null di=null SslConnection@1bf47aca::SocketChannelEndPoint@7438359d{l=/127.0.0.1:44051,r=/127.0.0.1:33272,OPEN,fill=-,flush=-,to=0/30000}{io=0/0,kio=0,kro=0}->SslConnection@1bf47aca{NOT_HANDSHAKING,eio=-1/-1,di=-1,fill=IDLE,flush=IDLE}~>DecryptedEndPoint@356018b6{l=/127.0.0.1:44051,r=/127.0.0.1:33272,OPEN,fill=FI,flush=-,to=0/30000}=>HttpConnection@51155a31[p=HttpParser{s=START,0 of -1},g=HttpGenerator@2e6474aa{s=START}]=>HttpChannelOverHttp@4d71b282{s=HttpChannelState@c151ee{s=IDLE rs=BLOCKING os=OPEN is=IDLE awp=false se=false i=true al=0},r=0,c=false/false,a=IDLE,uri=null,age=0}
03:43:12.813 [qtp399373008-55] DEBUG org.eclipse.jetty.io.ssl.SslConnection - <needFillInterest s=IDLE/INTERESTED f=false i=true w=null
03:43:12.813 [qtp399373008-55] DEBUG org.eclipse.jetty.io.ssl.SslConnection - ensureFillInterested SslConnection@1bf47aca::SocketChannelEndPoint@7438359d{l=/127.0.0.1:44051,r=/127.0.0.1:33272,OPEN,fill=-,flush=-,to=0/30000}{io=0/0,kio=0,kro=0}->SslConnection@1bf47aca{NOT_HANDSHAKING,eio=-1/-1,di=-1,fill=INTERESTED,flush=IDLE}~>DecryptedEndPoint@356018b6{l=/127.0.0.1:44051,r=/127.0.0.1:33272,OPEN,fill=FI,flush=-,to=0/30000}=>HttpConnection@51155a31[p=HttpParser{s=START,0 of -1},g=HttpGenerator@2e6474aa{s=START}]=>HttpChannelOverHttp@4d71b282{s=HttpChannelState@c151ee{s=IDLE rs=BLOCKING os=OPEN is=IDLE awp=false se=false i=true al=0},r=0,c=false/false,a=IDLE,uri=null,age=0}
03:43:12.814 [qtp399373008-55] DEBUG org.eclipse.jetty.io.FillInterest - interested FillInterest@44c3fb92{SSLC.NBReadCB@1bf47aca{SslConnection@1bf47aca::SocketChannelEndPoint@7438359d{l=/127.0.0.1:44051,r=/127.0.0.1:33272,OPEN,fill=FI,flush=-,to=0/30000}{io=0/0,kio=0,kro=0}->SslConnection@1bf47aca{NOT_HANDSHAKING,eio=-1/-1,di=-1,fill=INTERESTED,flush=IDLE}~>DecryptedEndPoint@356018b6{l=/127.0.0.1:44051,r=/127.0.0.1:33272,OPEN,fill=FI,flush=-,to=0/30000}=>HttpConnection@51155a31[p=HttpParser{s=START,0 of -1},g=HttpGenerator@2e6474aa{s=START}]=>HttpChannelOverHttp@4d71b282{s=HttpChannelState@c151ee{s=IDLE rs=BLOCKING os=OPEN is=IDLE awp=false se=false i=true al=0},r=0,c=false/false,a=IDLE,uri=null,age=0}}}
03:43:12.814 [qtp399373008-55] DEBUG org.eclipse.jetty.io.ChannelEndPoint - changeInterests p=false 0->1 for SocketChannelEndPoint@7438359d{l=/127.0.0.1:44051,r=/127.0.0.1:33272,OPEN,fill=FI,flush=-,to=0/30000}{io=0/1,kio=0,kro=0}->SslConnection@1bf47aca{NOT_HANDSHAKING,eio=-1/-1,di=-1,fill=INTERESTED,flush=IDLE}~>DecryptedEndPoint@356018b6{l=/127.0.0.1:44051,r=/127.0.0.1:33272,OPEN,fill=FI,flush=-,to=0/30000}=>HttpConnection@51155a31[p=HttpParser{s=START,0 of -1},g=HttpGenerator@2e6474aa{s=START}]=>HttpChannelOverHttp@4d71b282{s=HttpChannelState@c151ee{s=IDLE rs=BLOCKING os=OPEN is=IDLE awp=false se=false i=true al=0},r=0,c=false/false,a=IDLE,uri=null,age=0}
03:43:12.814 [qtp399373008-55] DEBUG org.eclipse.jetty.io.ManagedSelector - Queued change lazy=false org.eclipse.jetty.io.ChannelEndPoint$$Lambda$255/90666987@7c59fbea on ManagedSelector@5733f295{STARTED} id=1 keys=2 selected=0 updates=1
03:43:12.814 [qtp399373008-55] DEBUG org.eclipse.jetty.io.ManagedSelector - Wakeup on submit ManagedSelector@5733f295{STARTED} id=1 keys=2 selected=0 updates=2
03:43:12.814 [qtp399373008-60] DEBUG org.eclipse.jetty.io.ManagedSelector - Selector sun.nio.ch.EPollSelectorImpl@62ef7cb1 woken with none selected
03:43:12.814 [qtp399373008-60] DEBUG org.eclipse.jetty.io.ManagedSelector - Selector sun.nio.ch.EPollSelectorImpl@62ef7cb1 woken up from select, 0/0/2 selected
03:43:12.814 [qtp399373008-60] DEBUG org.eclipse.jetty.io.ManagedSelector - Selector sun.nio.ch.EPollSelectorImpl@62ef7cb1 processing 0 keys, 2 updates
03:43:12.814 [qtp399373008-60] DEBUG org.eclipse.jetty.io.ManagedSelector - updateable 2
03:43:12.814 [qtp399373008-55] DEBUG org.eclipse.jetty.io.ManagedSelector - Created SocketChannelEndPoint@7438359d{l=/127.0.0.1:44051,r=/127.0.0.1:33272,OPEN,fill=FI,flush=-,to=0/30000}{io=0/1,kio=0,kro=0}->SslConnection@1bf47aca{NOT_HANDSHAKING,eio=-1/-1,di=-1,fill=INTERESTED,flush=IDLE}~>DecryptedEndPoint@356018b6{l=/127.0.0.1:44051,r=/127.0.0.1:33272,OPEN,fill=FI,flush=-,to=0/30000}=>HttpConnection@51155a31[p=HttpParser{s=START,0 of -1},g=HttpGenerator@2e6474aa{s=START}]=>HttpChannelOverHttp@4d71b282{s=HttpChannelState@c151ee{s=IDLE rs=BLOCKING os=OPEN is=IDLE awp=false se=false i=true al=0},r=0,c=false/false,a=IDLE,uri=null,age=0}
03:43:12.814 [qtp399373008-60] DEBUG org.eclipse.jetty.io.ManagedSelector - update org.eclipse.jetty.io.ManagedSelector$$Lambda$258/445561681@11b01733
03:43:12.814 [qtp399373008-55] DEBUG org.eclipse.jetty.util.thread.QueuedThreadPool - ran Accept@3cd17fdb[java.nio.channels.SocketChannel[connected local=/127.0.0.1:44051 remote=/127.0.0.1:33272]] in QueuedThreadPool[qtp399373008]@17cdf2d0{STARTED,8<=8<=200,i=0,r=-1,q=0}[ReservedThreadExecutor@424fd310{reserved=2/8,pending=0}]
03:43:12.814 [qtp399373008-60] DEBUG org.eclipse.jetty.io.ManagedSelector - update org.eclipse.jetty.io.ChannelEndPoint$$Lambda$255/90666987@7c59fbea
03:43:12.814 [qtp399373008-60] DEBUG org.eclipse.jetty.io.ChannelEndPoint - Key interests updated 0 -> 1 on SocketChannelEndPoint@7438359d{l=/127.0.0.1:44051,r=/127.0.0.1:33272,OPEN,fill=FI,flush=-,to=0/30000}{io=1/1,kio=1,kro=0}->SslConnection@1bf47aca{NOT_HANDSHAKING,eio=-1/-1,di=-1,fill=INTERESTED,flush=IDLE}~>DecryptedEndPoint@356018b6{l=/127.0.0.1:44051,r=/127.0.0.1:33272,OPEN,fill=FI,flush=-,to=0/30000}=>HttpConnection@51155a31[p=HttpParser{s=START,0 of -1},g=HttpGenerator@2e6474aa{s=START}]=>HttpChannelOverHttp@4d71b282{s=HttpChannelState@c151ee{s=IDLE rs=BLOCKING os=OPEN is=IDLE awp=false se=false i=true al=0},r=0,c=false/false,a=IDLE,uri=null,age=0}
03:43:12.814 [qtp399373008-60] DEBUG org.eclipse.jetty.io.ManagedSelector - updates 0
03:43:12.814 [qtp399373008-60] DEBUG org.eclipse.jetty.io.ManagedSelector - Selector sun.nio.ch.EPollSelectorImpl@62ef7cb1 waiting with 2 keys
03:43:12.814 [qtp399373008-60] DEBUG org.eclipse.jetty.io.ManagedSelector - Selector sun.nio.ch.EPollSelectorImpl@62ef7cb1 woken up from select, 1/1/2 selected
03:43:12.814 [qtp399373008-60] DEBUG org.eclipse.jetty.io.ManagedSelector - Selector sun.nio.ch.EPollSelectorImpl@62ef7cb1 processing 1 keys, 0 updates
03:43:12.815 [qtp399373008-60] DEBUG org.eclipse.jetty.io.ManagedSelector - selected 1 sun.nio.ch.SelectionKeyImpl@29a15fbf SocketChannelEndPoint@7438359d{l=/127.0.0.1:44051,r=/127.0.0.1:33272,OPEN,fill=FI,flush=-,to=1/30000}{io=1/1,kio=1,kro=1}->SslConnection@1bf47aca{NOT_HANDSHAKING,eio=-1/-1,di=-1,fill=INTERESTED,flush=IDLE}~>DecryptedEndPoint@356018b6{l=/127.0.0.1:44051,r=/127.0.0.1:33272,OPEN,fill=FI,flush=-,to=1/30000}=>HttpConnection@51155a31[p=HttpParser{s=START,0 of -1},g=HttpGenerator@2e6474aa{s=START}]=>HttpChannelOverHttp@4d71b282{s=HttpChannelState@c151ee{s=IDLE rs=BLOCKING os=OPEN is=IDLE awp=false se=false i=true al=0},r=0,c=false/false,a=IDLE,uri=null,age=0} 
03:43:12.815 [qtp399373008-60] DEBUG org.eclipse.jetty.io.ChannelEndPoint - onSelected 1->0 r=true w=false for SocketChannelEndPoint@7438359d{l=/127.0.0.1:44051,r=/127.0.0.1:33272,OPEN,fill=FI,flush=-,to=1/30000}{io=1/0,kio=1,kro=1}->SslConnection@1bf47aca{NOT_HANDSHAKING,eio=-1/-1,di=-1,fill=INTERESTED,flush=IDLE}~>DecryptedEndPoint@356018b6{l=/127.0.0.1:44051,r=/127.0.0.1:33272,OPEN,fill=FI,flush=-,to=1/30000}=>HttpConnection@51155a31[p=HttpParser{s=START,0 of -1},g=HttpGenerator@2e6474aa{s=START}]=>HttpChannelOverHttp@4d71b282{s=HttpChannelState@c151ee{s=IDLE rs=BLOCKING os=OPEN is=IDLE awp=false se=false i=true al=0},r=0,c=false/false,a=IDLE,uri=null,age=0}
03:43:12.815 [qtp399373008-60] DEBUG org.eclipse.jetty.io.ChannelEndPoint - task CEP:SocketChannelEndPoint@7438359d{l=/127.0.0.1:44051,r=/127.0.0.1:33272,OPEN,fill=FI,flush=-,to=1/30000}{io=1/0,kio=1,kro=1}->SslConnection@1bf47aca{NOT_HANDSHAKING,eio=-1/-1,di=-1,fill=INTERESTED,flush=IDLE}~>DecryptedEndPoint@356018b6{l=/127.0.0.1:44051,r=/127.0.0.1:33272,OPEN,fill=FI,flush=-,to=1/30000}=>HttpConnection@51155a31[p=HttpParser{s=START,0 of -1},g=HttpGenerator@2e6474aa{s=START}]=>HttpChannelOverHttp@4d71b282{s=HttpChannelState@c151ee{s=IDLE rs=BLOCKING os=OPEN is=IDLE awp=false se=false i=true al=0},r=0,c=false/false,a=IDLE,uri=null,age=0}:runFillable:BLOCKING
03:43:12.815 [qtp399373008-60] DEBUG org.eclipse.jetty.util.thread.ReservedThreadExecutor - ReservedThreadExecutor@424fd310{reserved=2/8,pending=0} tryExecute EatWhatYouKill@b7838a9/SelectorProducer@696f0212/PRODUCING/p=false/QueuedThreadPool[qtp399373008]@17cdf2d0{STARTED,8<=8<=200,i=1,r=-1,q=0}[ReservedThreadExecutor@424fd310{reserved=2/8,pending=0}][pc=0,pic=0,pec=1,epc=2]@2024-05-02T03:43:12.815+01:00
03:43:12.815 [qtp399373008-60] DEBUG org.eclipse.jetty.util.thread.strategy.EatWhatYouKill - EatWhatYouKill@b7838a9/SelectorProducer@696f0212/IDLE/p=true/QueuedThreadPool[qtp399373008]@17cdf2d0{STARTED,8<=8<=200,i=1,r=-1,q=0}[ReservedThreadExecutor@424fd310{reserved=1/8,pending=0}][pc=0,pic=0,pec=1,epc=2]@2024-05-02T03:43:12.815+01:00 m=EXECUTE_PRODUCE_CONSUME t=CEP:SocketChannelEndPoint@7438359d{l=/127.0.0.1:44051,r=/127.0.0.1:33272,OPEN,fill=FI,flush=-,to=1/30000}{io=1/0,kio=1,kro=1}->SslConnection@1bf47aca{NOT_HANDSHAKING,eio=-1/-1,di=-1,fill=INTERESTED,flush=IDLE}~>DecryptedEndPoint@356018b6{l=/127.0.0.1:44051,r=/127.0.0.1:33272,OPEN,fill=FI,flush=-,to=1/30000}=>HttpConnection@51155a31[p=HttpParser{s=START,0 of -1},g=HttpGenerator@2e6474aa{s=START}]=>HttpChannelOverHttp@4d71b282{s=HttpChannelState@c151ee{s=IDLE rs=BLOCKING os=OPEN is=IDLE awp=false se=false i=true al=0},r=0,c=false/false,a=IDLE,uri=null,age=0}:runFillable:BLOCKING/BLOCKING
03:43:12.815 [qtp399373008-57] DEBUG org.eclipse.jetty.util.thread.ReservedThreadExecutor - ReservedThread@298a767d{RESERVED,thread=Thread[qtp399373008-57,5,main]} task=EatWhatYouKill@b7838a9/SelectorProducer@696f0212/IDLE/p=true/QueuedThreadPool[qtp399373008]@17cdf2d0{STARTED,8<=8<=200,i=1,r=-1,q=0}[ReservedThreadExecutor@424fd310{reserved=1/8,pending=0}][pc=0,pic=0,pec=1,epc=2]@2024-05-02T03:43:12.815+01:00 ReservedThreadExecutor@424fd310{reserved=1/8,pending=0}
03:43:12.815 [qtp399373008-60] DEBUG org.eclipse.jetty.io.FillInterest - fillable FillInterest@44c3fb92{SSLC.NBReadCB@1bf47aca{SslConnection@1bf47aca::SocketChannelEndPoint@7438359d{l=/127.0.0.1:44051,r=/127.0.0.1:33272,OPEN,fill=FI,flush=-,to=1/30000}{io=1/0,kio=1,kro=1}->SslConnection@1bf47aca{NOT_HANDSHAKING,eio=-1/-1,di=-1,fill=INTERESTED,flush=IDLE}~>DecryptedEndPoint@356018b6{l=/127.0.0.1:44051,r=/127.0.0.1:33272,OPEN,fill=FI,flush=-,to=1/30000}=>HttpConnection@51155a31[p=HttpParser{s=START,0 of -1},g=HttpGenerator@2e6474aa{s=START}]=>HttpChannelOverHttp@4d71b282{s=HttpChannelState@c151ee{s=IDLE rs=BLOCKING os=OPEN is=IDLE awp=false se=false i=true al=0},r=0,c=false/false,a=IDLE,uri=null,age=0}}}
03:43:12.815 [qtp399373008-57] DEBUG org.eclipse.jetty.util.thread.strategy.EatWhatYouKill - EatWhatYouKill@b7838a9/SelectorProducer@696f0212/IDLE/p=true/QueuedThreadPool[qtp399373008]@17cdf2d0{STARTED,8<=8<=200,i=1,r=-1,q=0}[ReservedThreadExecutor@424fd310{reserved=1/8,pending=0}][pc=0,pic=0,pec=1,epc=3]@2024-05-02T03:43:12.815+01:00 tryProduce true
03:43:12.815 [qtp399373008-57] DEBUG org.eclipse.jetty.io.ManagedSelector - updateable 0
03:43:12.815 [qtp399373008-57] DEBUG org.eclipse.jetty.io.ManagedSelector - updates 0
03:43:12.815 [qtp399373008-60] DEBUG org.eclipse.jetty.io.ssl.SslConnection - >c.onFillable SslConnection@1bf47aca::SocketChannelEndPoint@7438359d{l=/127.0.0.1:44051,r=/127.0.0.1:33272,OPEN,fill=-,flush=-,to=1/30000}{io=1/0,kio=1,kro=1}->SslConnection@1bf47aca{NOT_HANDSHAKING,eio=-1/-1,di=-1,fill=INTERESTED,flush=IDLE}~>DecryptedEndPoint@356018b6{l=/127.0.0.1:44051,r=/127.0.0.1:33272,OPEN,fill=FI,flush=-,to=2/30000}=>HttpConnection@51155a31[p=HttpParser{s=START,0 of -1},g=HttpGenerator@2e6474aa{s=START}]=>HttpChannelOverHttp@4d71b282{s=HttpChannelState@c151ee{s=IDLE rs=BLOCKING os=OPEN is=IDLE awp=false se=false i=true al=0},r=0,c=false/false,a=IDLE,uri=null,age=0}
03:43:12.815 [qtp399373008-57] DEBUG org.eclipse.jetty.io.ChannelEndPoint - Key interests updated 1 -> 0 on SocketChannelEndPoint@7438359d{l=/127.0.0.1:44051,r=/127.0.0.1:33272,OPEN,fill=-,flush=-,to=1/30000}{io=0/0,kio=0,kro=1}->SslConnection@1bf47aca{NOT_HANDSHAKING,eio=-1/-1,di=-1,fill=INTERESTED,flush=IDLE}~>DecryptedEndPoint@356018b6{l=/127.0.0.1:44051,r=/127.0.0.1:33272,OPEN,fill=FI,flush=-,to=2/30000}=>HttpConnection@51155a31[p=HttpParser{s=START,0 of -1},g=HttpGenerator@2e6474aa{s=START}]=>HttpChannelOverHttp@4d71b282{s=HttpChannelState@c151ee{s=IDLE rs=BLOCKING os=OPEN is=IDLE awp=false se=false i=true al=0},r=0,c=false/false,a=IDLE,uri=null,age=0}
03:43:12.815 [qtp399373008-57] DEBUG org.eclipse.jetty.io.ManagedSelector - Selector sun.nio.ch.EPollSelectorImpl@62ef7cb1 waiting with 2 keys
03:43:12.815 [qtp399373008-60] DEBUG org.eclipse.jetty.io.ssl.SslConnection - onFillable SslConnection@1bf47aca::SocketChannelEndPoint@7438359d{l=/127.0.0.1:44051,r=/127.0.0.1:33272,OPEN,fill=-,flush=-,to=1/30000}{io=0/0,kio=0,kro=1}->SslConnection@1bf47aca{NOT_HANDSHAKING,eio=-1/-1,di=-1,fill=INTERESTED,flush=IDLE}~>DecryptedEndPoint@356018b6{l=/127.0.0.1:44051,r=/127.0.0.1:33272,OPEN,fill=FI,flush=-,to=2/30000}=>HttpConnection@51155a31[p=HttpParser{s=START,0 of -1},g=HttpGenerator@2e6474aa{s=START}]=>HttpChannelOverHttp@4d71b282{s=HttpChannelState@c151ee{s=IDLE rs=BLOCKING os=OPEN is=IDLE awp=false se=false i=true al=0},r=0,c=false/false,a=IDLE,uri=null,age=0}
03:43:12.815 [qtp399373008-60] DEBUG org.eclipse.jetty.io.FillInterest - fillable FillInterest@555b6785{AC.ReadCB@51155a31{HttpConnection@51155a31::DecryptedEndPoint@356018b6{l=/127.0.0.1:44051,r=/127.0.0.1:33272,OPEN,fill=FI,flush=-,to=2/30000}}}
03:43:12.815 [qtp399373008-60] DEBUG org.eclipse.jetty.server.HttpConnection - HttpConnection@51155a31::DecryptedEndPoint@356018b6{l=/127.0.0.1:44051,r=/127.0.0.1:33272,OPEN,fill=-,flush=-,to=2/30000} onFillable enter HttpChannelState@c151ee{s=IDLE rs=BLOCKING os=OPEN is=IDLE awp=false se=false i=true al=0} null
03:43:12.816 [qtp399373008-60] DEBUG org.eclipse.jetty.io.ssl.SslConnection - >fill SslConnection@1bf47aca::SocketChannelEndPoint@7438359d{l=/127.0.0.1:44051,r=/127.0.0.1:33272,OPEN,fill=-,flush=-,to=2/30000}{io=0/0,kio=0,kro=1}->SslConnection@1bf47aca{NOT_HANDSHAKING,eio=-1/-1,di=-1,fill=IDLE,flush=IDLE}~>DecryptedEndPoint@356018b6{l=/127.0.0.1:44051,r=/127.0.0.1:33272,OPEN,fill=-,flush=-,to=2/30000}=>HttpConnection@51155a31[p=HttpParser{s=START,0 of -1},g=HttpGenerator@2e6474aa{s=START}]=>HttpChannelOverHttp@4d71b282{s=HttpChannelState@c151ee{s=IDLE rs=BLOCKING os=OPEN is=IDLE awp=false se=false i=true al=0},r=0,c=false/false,a=IDLE,uri=null,age=0}
03:43:12.816 [qtp399373008-60] DEBUG org.eclipse.jetty.io.ssl.SslConnection - fill NOT_HANDSHAKING
03:43:12.816 [qtp399373008-60] DEBUG org.eclipse.jetty.io.ChannelEndPoint - filled 339 HeapByteBuffer@78682cd8[p=0,l=339,c=17408,r=339]={<<<\x16\x03\x03\x01N\x01\x00\x01J\x03\x03J\xA9=f\xC3k-\x14\xCc9"\xAehY...\xC1\x95k\x89I\x17\xC5\xE6\x82]\x86\xBaS<\xAe\xF6v\xFa\xFf\x01\x00\x01\x00>>>\xF9\xFb}{\xC0\xFag\xC6G...\x00\x00\x00\x00\x00\x00\x00}
03:43:12.816 [qtp399373008-60] DEBUG org.eclipse.jetty.io.ssl.SslConnection - net filled=339
03:43:12.816 [qtp399373008-60] DEBUG org.eclipse.jetty.io.ssl.SslConnection - fill starting handshake SslConnection@1bf47aca::SocketChannelEndPoint@7438359d{l=/127.0.0.1:44051,r=/127.0.0.1:33272,OPEN,fill=-,flush=-,to=0/30000}{io=0/0,kio=0,kro=1}->SslConnection@1bf47aca{NOT_HANDSHAKING,eio=339/-1,di=-1,fill=IDLE,flush=IDLE}~>DecryptedEndPoint@356018b6{l=/127.0.0.1:44051,r=/127.0.0.1:33272,OPEN,fill=-,flush=-,to=2/30000}=>HttpConnection@51155a31[p=HttpParser{s=START,0 of -1},g=HttpGenerator@2e6474aa{s=START}]=>HttpChannelOverHttp@4d71b282{s=HttpChannelState@c151ee{s=IDLE rs=BLOCKING os=OPEN is=IDLE awp=false se=false i=true al=0},r=0,c=false/false,a=IDLE,uri=null,age=0}
03:43:12.816 [qtp399373008-60] DEBUG org.eclipse.jetty.io.ssl.SslConnection - unwrap net_filled=339 Status = OK HandshakeStatus = NEED_TASK bytesConsumed = 339 bytesProduced = 0 encryptedBuffer=[p=339,l=339,c=17408,r=0] unwrapBuffer=HeapByteBuffer@729047a8[p=0,l=0,c=17408,r=0]={<<<>>>GET /conf...\x00\x00\x00\x00\x00\x00\x00} appBuffer=HeapByteBuffer@729047a8[p=0,l=0,c=17408,r=0]={<<<>>>GET /conf...\x00\x00\x00\x00\x00\x00\x00}
03:43:12.816 [qtp399373008-60] DEBUG org.eclipse.jetty.io.ssl.SslConnection - fill NEED_TASK
03:43:12.822 [qtp399373008-60] DEBUG org.eclipse.jetty.io.ssl.SslConnection - fill NEED_WRAP
03:43:12.823 [qtp399373008-60] DEBUG org.eclipse.jetty.io.ssl.SslConnection - >flush SslConnection@1bf47aca::SocketChannelEndPoint@7438359d{l=/127.0.0.1:44051,r=/127.0.0.1:33272,OPEN,fill=-,flush=-,to=6/30000}{io=0/0,kio=0,kro=1}->SslConnection@1bf47aca{NEED_WRAP,eio=0/-1,di=-1,fill=IDLE,flush=IDLE}~>DecryptedEndPoint@356018b6{l=/127.0.0.1:44051,r=/127.0.0.1:33272,OPEN,fill=-,flush=-,to=9/30000}=>HttpConnection@51155a31[p=HttpParser{s=START,0 of -1},g=HttpGenerator@2e6474aa{s=START}]=>HttpChannelOverHttp@4d71b282{s=HttpChannelState@c151ee{s=IDLE rs=BLOCKING os=OPEN is=IDLE awp=false se=false i=true al=0},r=0,c=false/false,a=IDLE,uri=null,age=0}
03:43:12.823 [qtp399373008-60] DEBUG org.eclipse.jetty.io.ssl.SslConnection - flush b[0]=HeapByteBuffer@1ad43aa3[p=0,l=0,c=0,r=0]={<<<>>>}
03:43:12.823 [qtp399373008-60] DEBUG org.eclipse.jetty.io.ssl.SslConnection - flush NEED_WRAP
03:43:12.823 [qtp399373008-60] DEBUG org.eclipse.jetty.io.ssl.SslConnection - wrap Status = OK HandshakeStatus = NEED_WRAP bytesConsumed = 0 bytesProduced = 160 [p=0,l=160,c=17408,r=160] ioDone=false/false
03:43:12.823 [qtp399373008-60] DEBUG org.eclipse.jetty.io.ChannelEndPoint - flushed 160 SocketChannelEndPoint@7438359d{l=/127.0.0.1:44051,r=/127.0.0.1:33272,OPEN,fill=-,flush=-,to=7/30000}{io=0/0,kio=0,kro=1}->SslConnection@1bf47aca{NEED_WRAP,eio=0/0,di=-1,fill=IDLE,flush=IDLE}~>DecryptedEndPoint@356018b6{l=/127.0.0.1:44051,r=/127.0.0.1:33272,OPEN,fill=-,flush=-,to=9/30000}=>HttpConnection@51155a31[p=HttpParser{s=START,0 of -1},g=HttpGenerator@2e6474aa{s=START}]=>HttpChannelOverHttp@4d71b282{s=HttpChannelState@c151ee{s=IDLE rs=BLOCKING os=OPEN is=IDLE awp=false se=false i=true al=0},r=0,c=false/false,a=IDLE,uri=null,age=0}
03:43:12.823 [qtp399373008-60] DEBUG org.eclipse.jetty.io.ssl.SslConnection - net flushed=true, ac=true
03:43:12.823 [qtp399373008-60] DEBUG org.eclipse.jetty.io.ssl.SslConnection - flush NEED_WRAP
03:43:12.823 [qtp399373008-60] DEBUG org.eclipse.jetty.io.ssl.SslConnection - wrap Status = OK HandshakeStatus = NEED_WRAP bytesConsumed = 0 bytesProduced = 6 [p=0,l=6,c=17408,r=6] ioDone=false/false
03:43:12.823 [qtp399373008-60] DEBUG org.eclipse.jetty.io.ChannelEndPoint - flushed 6 SocketChannelEndPoint@7438359d{l=/127.0.0.1:44051,r=/127.0.0.1:33272,OPEN,fill=-,flush=-,to=0/30000}{io=0/0,kio=0,kro=1}->SslConnection@1bf47aca{NEED_WRAP,eio=0/0,di=-1,fill=IDLE,flush=IDLE}~>DecryptedEndPoint@356018b6{l=/127.0.0.1:44051,r=/127.0.0.1:33272,OPEN,fill=-,flush=-,to=10/30000}=>HttpConnection@51155a31[p=HttpParser{s=START,0 of -1},g=HttpGenerator@2e6474aa{s=START}]=>HttpChannelOverHttp@4d71b282{s=HttpChannelState@c151ee{s=IDLE rs=BLOCKING os=OPEN is=IDLE awp=false se=false i=true al=0},r=0,c=false/false,a=IDLE,uri=null,age=0}
03:43:12.823 [qtp399373008-60] DEBUG org.eclipse.jetty.io.ssl.SslConnection - net flushed=true, ac=true
03:43:12.823 [qtp399373008-60] DEBUG org.eclipse.jetty.io.ssl.SslConnection - flush NEED_WRAP
03:43:12.824 [qtp399373008-60] DEBUG org.eclipse.jetty.io.ssl.SslConnection - wrap Status = OK HandshakeStatus = NEED_UNWRAP bytesConsumed = 0 bytesProduced = 1597 [p=0,l=1597,c=17408,r=1597] ioDone=false/false
03:43:12.824 [qtp399373008-60] DEBUG org.eclipse.jetty.io.ChannelEndPoint - flushed 1597 SocketChannelEndPoint@7438359d{l=/127.0.0.1:44051,r=/127.0.0.1:33272,OPEN,fill=-,flush=-,to=0/30000}{io=0/0,kio=0,kro=1}->SslConnection@1bf47aca{NEED_UNWRAP,eio=0/0,di=-1,fill=IDLE,flush=IDLE}~>DecryptedEndPoint@356018b6{l=/127.0.0.1:44051,r=/127.0.0.1:33272,OPEN,fill=-,flush=-,to=10/30000}=>HttpConnection@51155a31[p=HttpParser{s=START,0 of -1},g=HttpGenerator@2e6474aa{s=START}]=>HttpChannelOverHttp@4d71b282{s=HttpChannelState@c151ee{s=IDLE rs=BLOCKING os=OPEN is=IDLE awp=false se=false i=true al=0},r=0,c=false/false,a=IDLE,uri=null,age=0}
03:43:12.824 [qtp399373008-60] DEBUG org.eclipse.jetty.io.ssl.SslConnection - net flushed=true, ac=true
03:43:12.824 [qtp399373008-60] DEBUG org.eclipse.jetty.io.ssl.SslConnection - <flush true SslConnection@1bf47aca::SocketChannelEndPoint@7438359d{l=/127.0.0.1:44051,r=/127.0.0.1:33272,OPEN,fill=-,flush=-,to=0/30000}{io=0/0,kio=0,kro=1}->SslConnection@1bf47aca{NEED_UNWRAP,eio=0/-1,di=-1,fill=IDLE,flush=IDLE}~>DecryptedEndPoint@356018b6{l=/127.0.0.1:44051,r=/127.0.0.1:33272,OPEN,fill=-,flush=-,to=10/30000}=>HttpConnection@51155a31[p=HttpParser{s=START,0 of -1},g=HttpGenerator@2e6474aa{s=START}]=>HttpChannelOverHttp@4d71b282{s=HttpChannelState@c151ee{s=IDLE rs=BLOCKING os=OPEN is=IDLE awp=false se=false i=true al=0},r=0,c=false/false,a=IDLE,uri=null,age=0}
03:43:12.824 [qtp399373008-60] DEBUG org.eclipse.jetty.io.ssl.SslConnection - fill NEED_UNWRAP
03:43:12.824 [qtp399373008-60] DEBUG org.eclipse.jetty.io.ChannelEndPoint - filled 0 HeapByteBuffer@78682cd8[p=0,l=0,c=17408,r=0]={<<<>>>\x16\x03\x03\x01N\x01\x00\x01J...\x00\x00\x00\x00\x00\x00\x00}
03:43:12.824 [qtp399373008-60] DEBUG org.eclipse.jetty.io.ssl.SslConnection - net filled=0
03:43:12.824 [qtp399373008-60] DEBUG org.eclipse.jetty.io.ssl.SslConnection - unwrap net_filled=0 Status = BUFFER_UNDERFLOW HandshakeStatus = NEED_UNWRAP bytesConsumed = 0 bytesProduced = 0 encryptedBuffer=[p=0,l=0,c=17408,r=0] unwrapBuffer=HeapByteBuffer@729047a8[p=0,l=0,c=17408,r=0]={<<<>>>GET /conf...\x00\x00\x00\x00\x00\x00\x00} appBuffer=HeapByteBuffer@729047a8[p=0,l=0,c=17408,r=0]={<<<>>>GET /conf...\x00\x00\x00\x00\x00\x00\x00}
03:43:12.824 [qtp399373008-60] DEBUG org.eclipse.jetty.io.ssl.SslConnection - <fill f=0 uf=true SslConnection@1bf47aca::SocketChannelEndPoint@7438359d{l=/127.0.0.1:44051,r=/127.0.0.1:33272,OPEN,fill=-,flush=-,to=0/30000}{io=0/0,kio=0,kro=1}->SslConnection@1bf47aca{NEED_UNWRAP,eio=-1/-1,di=-1,fill=IDLE,flush=IDLE}~>DecryptedEndPoint@356018b6{l=/127.0.0.1:44051,r=/127.0.0.1:33272,OPEN,fill=-,flush=-,to=10/30000}=>HttpConnection@51155a31[p=HttpParser{s=START,0 of -1},g=HttpGenerator@2e6474aa{s=START}]=>HttpChannelOverHttp@4d71b282{s=HttpChannelState@c151ee{s=IDLE rs=BLOCKING os=OPEN is=IDLE awp=false se=false i=true al=0},r=0,c=false/false,a=IDLE,uri=null,age=0}
03:43:12.824 [qtp399373008-60] DEBUG org.eclipse.jetty.io.ssl.SslConnection - >fill SslConnection@1bf47aca::SocketChannelEndPoint@7438359d{l=/127.0.0.1:44051,r=/127.0.0.1:33272,OPEN,fill=-,flush=-,to=0/30000}{io=0/0,kio=0,kro=1}->SslConnection@1bf47aca{NEED_UNWRAP,eio=-1/-1,di=-1,fill=IDLE,flush=IDLE}~>DecryptedEndPoint@356018b6{l=/127.0.0.1:44051,r=/127.0.0.1:33272,OPEN,fill=-,flush=-,to=10/30000}=>HttpConnection@51155a31[p=HttpParser{s=START,0 of -1},g=HttpGenerator@2e6474aa{s=START}]=>HttpChannelOverHttp@4d71b282{s=HttpChannelState@c151ee{s=IDLE rs=BLOCKING os=OPEN is=IDLE awp=false se=false i=true al=0},r=0,c=false/false,a=IDLE,uri=null,age=0}
03:43:12.824 [qtp399373008-60] DEBUG org.eclipse.jetty.io.ssl.SslConnection - fill NEED_UNWRAP
03:43:12.824 [qtp399373008-60] DEBUG org.eclipse.jetty.io.ChannelEndPoint - filled 0 HeapByteBuffer@76afdda5[p=0,l=0,c=17408,r=0]={<<<>>>\x17\x03\x03\x068\xFaI\x93j...\x00\x00\x00\x00\x00\x00\x00}
03:43:12.824 [qtp399373008-60] DEBUG org.eclipse.jetty.io.ssl.SslConnection - net filled=0
03:43:12.824 [qtp399373008-60] DEBUG org.eclipse.jetty.io.ssl.SslConnection - unwrap net_filled=0 Status = BUFFER_UNDERFLOW HandshakeStatus = NEED_UNWRAP bytesConsumed = 0 bytesProduced = 0 encryptedBuffer=[p=0,l=0,c=17408,r=0] unwrapBuffer=HeapByteBuffer@729047a8[p=0,l=0,c=17408,r=0]={<<<>>>GET /conf...\x00\x00\x00\x00\x00\x00\x00} appBuffer=HeapByteBuffer@729047a8[p=0,l=0,c=17408,r=0]={<<<>>>GET /conf...\x00\x00\x00\x00\x00\x00\x00}
03:43:12.824 [qtp399373008-60] DEBUG org.eclipse.jetty.io.ssl.SslConnection - <fill f=0 uf=true SslConnection@1bf47aca::SocketChannelEndPoint@7438359d{l=/127.0.0.1:44051,r=/127.0.0.1:33272,OPEN,fill=-,flush=-,to=0/30000}{io=0/0,kio=0,kro=1}->SslConnection@1bf47aca{NEED_UNWRAP,eio=-1/-1,di=-1,fill=IDLE,flush=IDLE}~>DecryptedEndPoint@356018b6{l=/127.0.0.1:44051,r=/127.0.0.1:33272,OPEN,fill=-,flush=-,to=11/30000}=>HttpConnection@51155a31[p=HttpParser{s=START,0 of -1},g=HttpGenerator@2e6474aa{s=START}]=>HttpChannelOverHttp@4d71b282{s=HttpChannelState@c151ee{s=IDLE rs=BLOCKING os=OPEN is=IDLE awp=false se=false i=true al=0},r=0,c=false/false,a=IDLE,uri=null,age=0}
03:43:12.824 [qtp399373008-60] DEBUG org.eclipse.jetty.server.HttpConnection - HttpConnection@51155a31::DecryptedEndPoint@356018b6{l=/127.0.0.1:44051,r=/127.0.0.1:33272,OPEN,fill=-,flush=-,to=11/30000} filled 0 HeapByteBuffer@729047a8[p=0,l=0,c=17408,r=0]={<<<>>>GET /conf...\x00\x00\x00\x00\x00\x00\x00}
03:43:12.824 [qtp399373008-60] DEBUG org.eclipse.jetty.server.HttpConnection - HttpConnection@51155a31::DecryptedEndPoint@356018b6{l=/127.0.0.1:44051,r=/127.0.0.1:33272,OPEN,fill=-,flush=-,to=11/30000} parse HeapByteBuffer@729047a8[p=0,l=0,c=17408,r=0]={<<<>>>GET /conf...\x00\x00\x00\x00\x00\x00\x00} {}
03:43:12.825 [qtp399373008-60] DEBUG org.eclipse.jetty.http.HttpParser - parseNext s=START HeapByteBuffer@729047a8[p=0,l=0,c=17408,r=0]={<<<>>>GET /conf...\x00\x00\x00\x00\x00\x00\x00}
03:43:12.825 [qtp399373008-60] DEBUG org.eclipse.jetty.server.HttpConnection - HttpConnection@51155a31::DecryptedEndPoint@356018b6{l=/127.0.0.1:44051,r=/127.0.0.1:33272,OPEN,fill=-,flush=-,to=11/30000} parsed false HttpParser{s=START,0 of -1}
03:43:12.825 [qtp399373008-60] DEBUG org.eclipse.jetty.server.HttpConnection - releaseRequestBuffer HttpConnection@51155a31::DecryptedEndPoint@356018b6{l=/127.0.0.1:44051,r=/127.0.0.1:33272,OPEN,fill=-,flush=-,to=11/30000}
03:43:12.825 [qtp399373008-60] DEBUG org.eclipse.jetty.io.AbstractConnection - fillInterested HttpConnection@51155a31::DecryptedEndPoint@356018b6{l=/127.0.0.1:44051,r=/127.0.0.1:33272,OPEN,fill=-,flush=-,to=11/30000}
03:43:12.825 [qtp399373008-60] DEBUG org.eclipse.jetty.io.FillInterest - interested FillInterest@555b6785{AC.ReadCB@51155a31{HttpConnection@51155a31::DecryptedEndPoint@356018b6{l=/127.0.0.1:44051,r=/127.0.0.1:33272,OPEN,fill=FI,flush=-,to=0/30000}}}
03:43:12.825 [qtp399373008-60] DEBUG org.eclipse.jetty.io.ssl.SslConnection - >needFillInterest s=IDLE/IDLE uf=true ei=null di=null SslConnection@1bf47aca::SocketChannelEndPoint@7438359d{l=/127.0.0.1:44051,r=/127.0.0.1:33272,OPEN,fill=-,flush=-,to=0/30000}{io=0/0,kio=0,kro=1}->SslConnection@1bf47aca{NEED_UNWRAP,eio=-1/-1,di=-1,fill=IDLE,flush=IDLE}~>DecryptedEndPoint@356018b6{l=/127.0.0.1:44051,r=/127.0.0.1:33272,OPEN,fill=FI,flush=-,to=0/30000}=>HttpConnection@51155a31[p=HttpParser{s=START,0 of -1},g=HttpGenerator@2e6474aa{s=START}]=>HttpChannelOverHttp@4d71b282{s=HttpChannelState@c151ee{s=IDLE rs=BLOCKING os=OPEN is=IDLE awp=false se=false i=true al=0},r=0,c=false/false,a=IDLE,uri=null,age=0}
03:43:12.825 [qtp399373008-60] DEBUG org.eclipse.jetty.io.ssl.SslConnection - <needFillInterest s=IDLE/INTERESTED f=false i=true w=null
03:43:12.825 [qtp399373008-60] DEBUG org.eclipse.jetty.io.ssl.SslConnection - ensureFillInterested SslConnection@1bf47aca::SocketChannelEndPoint@7438359d{l=/127.0.0.1:44051,r=/127.0.0.1:33272,OPEN,fill=-,flush=-,to=1/30000}{io=0/0,kio=0,kro=1}->SslConnection@1bf47aca{NEED_UNWRAP,eio=-1/-1,di=-1,fill=INTERESTED,flush=IDLE}~>DecryptedEndPoint@356018b6{l=/127.0.0.1:44051,r=/127.0.0.1:33272,OPEN,fill=FI,flush=-,to=0/30000}=>HttpConnection@51155a31[p=HttpParser{s=START,0 of -1},g=HttpGenerator@2e6474aa{s=START}]=>HttpChannelOverHttp@4d71b282{s=HttpChannelState@c151ee{s=IDLE rs=BLOCKING os=OPEN is=IDLE awp=false se=false i=true al=0},r=0,c=false/false,a=IDLE,uri=null,age=0}
03:43:12.825 [qtp399373008-60] DEBUG org.eclipse.jetty.io.FillInterest - interested FillInterest@44c3fb92{SSLC.NBReadCB@1bf47aca{SslConnection@1bf47aca::SocketChannelEndPoint@7438359d{l=/127.0.0.1:44051,r=/127.0.0.1:33272,OPEN,fill=FI,flush=-,to=0/30000}{io=0/0,kio=0,kro=1}->SslConnection@1bf47aca{NEED_UNWRAP,eio=-1/-1,di=-1,fill=INTERESTED,flush=IDLE}~>DecryptedEndPoint@356018b6{l=/127.0.0.1:44051,r=/127.0.0.1:33272,OPEN,fill=FI,flush=-,to=0/30000}=>HttpConnection@51155a31[p=HttpParser{s=START,0 of -1},g=HttpGenerator@2e6474aa{s=START}]=>HttpChannelOverHttp@4d71b282{s=HttpChannelState@c151ee{s=IDLE rs=BLOCKING os=OPEN is=IDLE awp=false se=false i=true al=0},r=0,c=false/false,a=IDLE,uri=null,age=0}}}
03:43:12.825 [qtp399373008-60] DEBUG org.eclipse.jetty.io.ChannelEndPoint - changeInterests p=false 0->1 for SocketChannelEndPoint@7438359d{l=/127.0.0.1:44051,r=/127.0.0.1:33272,OPEN,fill=FI,flush=-,to=0/30000}{io=0/1,kio=0,kro=1}->SslConnection@1bf47aca{NEED_UNWRAP,eio=-1/-1,di=-1,fill=INTERESTED,flush=IDLE}~>DecryptedEndPoint@356018b6{l=/127.0.0.1:44051,r=/127.0.0.1:33272,OPEN,fill=FI,flush=-,to=0/30000}=>HttpConnection@51155a31[p=HttpParser{s=START,0 of -1},g=HttpGenerator@2e6474aa{s=START}]=>HttpChannelOverHttp@4d71b282{s=HttpChannelState@c151ee{s=IDLE rs=BLOCKING os=OPEN is=IDLE awp=false se=false i=true al=0},r=0,c=false/false,a=IDLE,uri=null,age=0}
03:43:12.825 [qtp399373008-60] DEBUG org.eclipse.jetty.io.ManagedSelector - Queued change lazy=false org.eclipse.jetty.io.ChannelEndPoint$$Lambda$255/90666987@7c59fbea on ManagedSelector@5733f295{STARTED} id=1 keys=2 selected=0 updates=0
03:43:12.825 [qtp399373008-60] DEBUG org.eclipse.jetty.io.ManagedSelector - Wakeup on submit ManagedSelector@5733f295{STARTED} id=1 keys=2 selected=0 updates=1
03:43:12.825 [qtp399373008-60] DEBUG org.eclipse.jetty.server.HttpConnection - HttpConnection@51155a31::DecryptedEndPoint@356018b6{l=/127.0.0.1:44051,r=/127.0.0.1:33272,OPEN,fill=FI,flush=-,to=0/30000} onFillable exit HttpChannelState@c151ee{s=IDLE rs=BLOCKING os=OPEN is=IDLE awp=false se=false i=true al=0} null
03:43:12.825 [qtp399373008-60] DEBUG org.eclipse.jetty.io.ssl.SslConnection - <c.onFillable SslConnection@1bf47aca::SocketChannelEndPoint@7438359d{l=/127.0.0.1:44051,r=/127.0.0.1:33272,OPEN,fill=FI,flush=-,to=0/30000}{io=0/1,kio=0,kro=1}->SslConnection@1bf47aca{NEED_UNWRAP,eio=-1/-1,di=-1,fill=INTERESTED,flush=IDLE}~>DecryptedEndPoint@356018b6{l=/127.0.0.1:44051,r=/127.0.0.1:33272,OPEN,fill=FI,flush=-,to=0/30000}=>HttpConnection@51155a31[p=HttpParser{s=START,0 of -1},g=HttpGenerator@2e6474aa{s=START}]=>HttpChannelOverHttp@4d71b282{s=HttpChannelState@c151ee{s=IDLE rs=BLOCKING os=OPEN is=IDLE awp=false se=false i=true al=0},r=0,c=false/false,a=IDLE,uri=null,age=0}
03:43:12.825 [qtp399373008-60] DEBUG org.eclipse.jetty.util.thread.ReservedThreadExecutor - ReservedThread@1c72db32{RUNNING,thread=Thread[qtp399373008-60,5,main]} was=RUNNING next=RESERVED size=0+2 capacity=8
03:43:12.825 [qtp399373008-60] DEBUG org.eclipse.jetty.util.thread.ReservedThreadExecutor - ReservedThread@1c72db32{RESERVED,thread=Thread[qtp399373008-60,5,main]} waiting ReservedThreadExecutor@424fd310{reserved=2/8,pending=0}
03:43:12.826 [qtp399373008-57] DEBUG org.eclipse.jetty.io.ManagedSelector - Selector sun.nio.ch.EPollSelectorImpl@62ef7cb1 woken with none selected
03:43:12.826 [qtp399373008-57] DEBUG org.eclipse.jetty.io.ManagedSelector - Selector sun.nio.ch.EPollSelectorImpl@62ef7cb1 woken up from select, 0/0/2 selected
03:43:12.826 [qtp399373008-57] DEBUG org.eclipse.jetty.io.ManagedSelector - Selector sun.nio.ch.EPollSelectorImpl@62ef7cb1 processing 0 keys, 1 updates
03:43:12.826 [qtp399373008-57] DEBUG org.eclipse.jetty.io.ManagedSelector - updateable 1
03:43:12.826 [qtp399373008-57] DEBUG org.eclipse.jetty.io.ManagedSelector - update org.eclipse.jetty.io.ChannelEndPoint$$Lambda$255/90666987@7c59fbea
03:43:12.826 [qtp399373008-57] DEBUG org.eclipse.jetty.io.ChannelEndPoint - Key interests updated 0 -> 1 on SocketChannelEndPoint@7438359d{l=/127.0.0.1:44051,r=/127.0.0.1:33272,OPEN,fill=FI,flush=-,to=0/30000}{io=1/1,kio=1,kro=1}->SslConnection@1bf47aca{NEED_UNWRAP,eio=-1/-1,di=-1,fill=INTERESTED,flush=IDLE}~>DecryptedEndPoint@356018b6{l=/127.0.0.1:44051,r=/127.0.0.1:33272,OPEN,fill=FI,flush=-,to=1/30000}=>HttpConnection@51155a31[p=HttpParser{s=START,0 of -1},g=HttpGenerator@2e6474aa{s=START}]=>HttpChannelOverHttp@4d71b282{s=HttpChannelState@c151ee{s=IDLE rs=BLOCKING os=OPEN is=IDLE awp=false se=false i=true al=0},r=0,c=false/false,a=IDLE,uri=null,age=0}
03:43:12.826 [qtp399373008-57] DEBUG org.eclipse.jetty.io.ManagedSelector - updates 0
03:43:12.826 [qtp399373008-57] DEBUG org.eclipse.jetty.io.ManagedSelector - Selector sun.nio.ch.EPollSelectorImpl@62ef7cb1 waiting with 2 keys
03:43:12.826 [qtp399373008-57] DEBUG org.eclipse.jetty.io.ManagedSelector - Selector sun.nio.ch.EPollSelectorImpl@62ef7cb1 woken up from select, 1/1/2 selected
03:43:12.826 [qtp399373008-57] DEBUG org.eclipse.jetty.io.ManagedSelector - Selector sun.nio.ch.EPollSelectorImpl@62ef7cb1 processing 1 keys, 0 updates
03:43:12.826 [qtp399373008-57] DEBUG org.eclipse.jetty.io.ManagedSelector - selected 1 sun.nio.ch.SelectionKeyImpl@29a15fbf SocketChannelEndPoint@7438359d{l=/127.0.0.1:44051,r=/127.0.0.1:33272,OPEN,fill=FI,flush=-,to=0/30000}{io=1/1,kio=1,kro=1}->SslConnection@1bf47aca{NEED_UNWRAP,eio=-1/-1,di=-1,fill=INTERESTED,flush=IDLE}~>DecryptedEndPoint@356018b6{l=/127.0.0.1:44051,r=/127.0.0.1:33272,OPEN,fill=FI,flush=-,to=1/30000}=>HttpConnection@51155a31[p=HttpParser{s=START,0 of -1},g=HttpGenerator@2e6474aa{s=START}]=>HttpChannelOverHttp@4d71b282{s=HttpChannelState@c151ee{s=IDLE rs=BLOCKING os=OPEN is=IDLE awp=false se=false i=true al=0},r=0,c=false/false,a=IDLE,uri=null,age=0} 
03:43:12.826 [qtp399373008-57] DEBUG org.eclipse.jetty.io.ChannelEndPoint - onSelected 1->0 r=true w=false for SocketChannelEndPoint@7438359d{l=/127.0.0.1:44051,r=/127.0.0.1:33272,OPEN,fill=FI,flush=-,to=1/30000}{io=1/0,kio=1,kro=1}->SslConnection@1bf47aca{NEED_UNWRAP,eio=-1/-1,di=-1,fill=INTERESTED,flush=IDLE}~>DecryptedEndPoint@356018b6{l=/127.0.0.1:44051,r=/127.0.0.1:33272,OPEN,fill=FI,flush=-,to=1/30000}=>HttpConnection@51155a31[p=HttpParser{s=START,0 of -1},g=HttpGenerator@2e6474aa{s=START}]=>HttpChannelOverHttp@4d71b282{s=HttpChannelState@c151ee{s=IDLE rs=BLOCKING os=OPEN is=IDLE awp=false se=false i=true al=0},r=0,c=false/false,a=IDLE,uri=null,age=0}
03:43:12.826 [qtp399373008-57] DEBUG org.eclipse.jetty.io.ChannelEndPoint - task CEP:SocketChannelEndPoint@7438359d{l=/127.0.0.1:44051,r=/127.0.0.1:33272,OPEN,fill=FI,flush=-,to=1/30000}{io=1/0,kio=1,kro=1}->SslConnection@1bf47aca{NEED_UNWRAP,eio=-1/-1,di=-1,fill=INTERESTED,flush=IDLE}~>DecryptedEndPoint@356018b6{l=/127.0.0.1:44051,r=/127.0.0.1:33272,OPEN,fill=FI,flush=-,to=1/30000}=>HttpConnection@51155a31[p=HttpParser{s=START,0 of -1},g=HttpGenerator@2e6474aa{s=START}]=>HttpChannelOverHttp@4d71b282{s=HttpChannelState@c151ee{s=IDLE rs=BLOCKING os=OPEN is=IDLE awp=false se=false i=true al=0},r=0,c=false/false,a=IDLE,uri=null,age=0}:runFillable:BLOCKING
03:43:12.826 [qtp399373008-57] DEBUG org.eclipse.jetty.util.thread.ReservedThreadExecutor - ReservedThreadExecutor@424fd310{reserved=2/8,pending=0} tryExecute EatWhatYouKill@b7838a9/SelectorProducer@696f0212/PRODUCING/p=false/QueuedThreadPool[qtp399373008]@17cdf2d0{STARTED,8<=8<=200,i=1,r=-1,q=0}[ReservedThreadExecutor@424fd310{reserved=2/8,pending=0}][pc=0,pic=0,pec=1,epc=3]@2024-05-02T03:43:12.826+01:00
03:43:12.827 [qtp399373008-60] DEBUG org.eclipse.jetty.util.thread.ReservedThreadExecutor - ReservedThread@1c72db32{RESERVED,thread=Thread[qtp399373008-60,5,main]} task=EatWhatYouKill@b7838a9/SelectorProducer@696f0212/IDLE/p=true/QueuedThreadPool[qtp399373008]@17cdf2d0{STARTED,8<=8<=200,i=1,r=-1,q=0}[ReservedThreadExecutor@424fd310{reserved=1/8,pending=0}][pc=0,pic=0,pec=1,epc=3]@2024-05-02T03:43:12.827+01:00 ReservedThreadExecutor@424fd310{reserved=1/8,pending=0}
03:43:12.827 [qtp399373008-60] DEBUG org.eclipse.jetty.util.thread.strategy.EatWhatYouKill - EatWhatYouKill@b7838a9/SelectorProducer@696f0212/IDLE/p=true/QueuedThreadPool[qtp399373008]@17cdf2d0{STARTED,8<=8<=200,i=1,r=-1,q=0}[ReservedThreadExecutor@424fd310{reserved=1/8,pending=0}][pc=0,pic=0,pec=1,epc=3]@2024-05-02T03:43:12.827+01:00 tryProduce true
03:43:12.827 [qtp399373008-57] DEBUG org.eclipse.jetty.util.thread.strategy.EatWhatYouKill - EatWhatYouKill@b7838a9/SelectorProducer@696f0212/IDLE/p=true/QueuedThreadPool[qtp399373008]@17cdf2d0{STARTED,8<=8<=200,i=1,r=-1,q=0}[ReservedThreadExecutor@424fd310{reserved=1/8,pending=0}][pc=0,pic=0,pec=1,epc=3]@2024-05-02T03:43:12.826+01:00 m=EXECUTE_PRODUCE_CONSUME t=CEP:SocketChannelEndPoint@7438359d{l=/127.0.0.1:44051,r=/127.0.0.1:33272,OPEN,fill=FI,flush=-,to=1/30000}{io=1/0,kio=1,kro=1}->SslConnection@1bf47aca{NEED_UNWRAP,eio=-1/-1,di=-1,fill=INTERESTED,flush=IDLE}~>DecryptedEndPoint@356018b6{l=/127.0.0.1:44051,r=/127.0.0.1:33272,OPEN,fill=FI,flush=-,to=1/30000}=>HttpConnection@51155a31[p=HttpParser{s=START,0 of -1},g=HttpGenerator@2e6474aa{s=START}]=>HttpChannelOverHttp@4d71b282{s=HttpChannelState@c151ee{s=IDLE rs=BLOCKING os=OPEN is=IDLE awp=false se=false i=true al=0},r=0,c=false/false,a=IDLE,uri=null,age=0}:runFillable:BLOCKING/BLOCKING
03:43:12.827 [qtp399373008-57] DEBUG org.eclipse.jetty.io.FillInterest - fillable FillInterest@44c3fb92{SSLC.NBReadCB@1bf47aca{SslConnection@1bf47aca::SocketChannelEndPoint@7438359d{l=/127.0.0.1:44051,r=/127.0.0.1:33272,OPEN,fill=FI,flush=-,to=1/30000}{io=1/0,kio=1,kro=1}->SslConnection@1bf47aca{NEED_UNWRAP,eio=-1/-1,di=-1,fill=INTERESTED,flush=IDLE}~>DecryptedEndPoint@356018b6{l=/127.0.0.1:44051,r=/127.0.0.1:33272,OPEN,fill=FI,flush=-,to=2/30000}=>HttpConnection@51155a31[p=HttpParser{s=START,0 of -1},g=HttpGenerator@2e6474aa{s=START}]=>HttpChannelOverHttp@4d71b282{s=HttpChannelState@c151ee{s=IDLE rs=BLOCKING os=OPEN is=IDLE awp=false se=false i=true al=0},r=0,c=false/false,a=IDLE,uri=null,age=0}}}
03:43:12.827 [qtp399373008-60] DEBUG org.eclipse.jetty.io.ManagedSelector - updateable 0
03:43:12.827 [qtp399373008-60] DEBUG org.eclipse.jetty.io.ManagedSelector - updates 0
03:43:12.827 [qtp399373008-57] DEBUG org.eclipse.jetty.io.ssl.SslConnection - >c.onFillable SslConnection@1bf47aca::SocketChannelEndPoint@7438359d{l=/127.0.0.1:44051,r=/127.0.0.1:33272,OPEN,fill=-,flush=-,to=1/30000}{io=1/0,kio=1,kro=1}->SslConnection@1bf47aca{NEED_UNWRAP,eio=-1/-1,di=-1,fill=INTERESTED,flush=IDLE}~>DecryptedEndPoint@356018b6{l=/127.0.0.1:44051,r=/127.0.0.1:33272,OPEN,fill=FI,flush=-,to=2/30000}=>HttpConnection@51155a31[p=HttpParser{s=START,0 of -1},g=HttpGenerator@2e6474aa{s=START}]=>HttpChannelOverHttp@4d71b282{s=HttpChannelState@c151ee{s=IDLE rs=BLOCKING os=OPEN is=IDLE awp=false se=false i=true al=0},r=0,c=false/false,a=IDLE,uri=null,age=0}
03:43:12.827 [qtp399373008-60] DEBUG org.eclipse.jetty.io.ChannelEndPoint - Key interests updated 1 -> 0 on SocketChannelEndPoint@7438359d{l=/127.0.0.1:44051,r=/127.0.0.1:33272,OPEN,fill=-,flush=-,to=1/30000}{io=0/0,kio=0,kro=1}->SslConnection@1bf47aca{NEED_UNWRAP,eio=-1/-1,di=-1,fill=INTERESTED,flush=IDLE}~>DecryptedEndPoint@356018b6{l=/127.0.0.1:44051,r=/127.0.0.1:33272,OPEN,fill=FI,flush=-,to=2/30000}=>HttpConnection@51155a31[p=HttpParser{s=START,0 of -1},g=HttpGenerator@2e6474aa{s=START}]=>HttpChannelOverHttp@4d71b282{s=HttpChannelState@c151ee{s=IDLE rs=BLOCKING os=OPEN is=IDLE awp=false se=false i=true al=0},r=0,c=false/false,a=IDLE,uri=null,age=0}
03:43:12.827 [qtp399373008-60] DEBUG org.eclipse.jetty.io.ManagedSelector - Selector sun.nio.ch.EPollSelectorImpl@62ef7cb1 waiting with 2 keys
03:43:12.827 [qtp399373008-57] DEBUG org.eclipse.jetty.io.ssl.SslConnection - onFillable SslConnection@1bf47aca::SocketChannelEndPoint@7438359d{l=/127.0.0.1:44051,r=/127.0.0.1:33272,OPEN,fill=-,flush=-,to=1/30000}{io=0/0,kio=0,kro=1}->SslConnection@1bf47aca{NEED_UNWRAP,eio=-1/-1,di=-1,fill=INTERESTED,flush=IDLE}~>DecryptedEndPoint@356018b6{l=/127.0.0.1:44051,r=/127.0.0.1:33272,OPEN,fill=FI,flush=-,to=2/30000}=>HttpConnection@51155a31[p=HttpParser{s=START,0 of -1},g=HttpGenerator@2e6474aa{s=START}]=>HttpChannelOverHttp@4d71b282{s=HttpChannelState@c151ee{s=IDLE rs=BLOCKING os=OPEN is=IDLE awp=false se=false i=true al=0},r=0,c=false/false,a=IDLE,uri=null,age=0}
03:43:12.827 [qtp399373008-57] DEBUG org.eclipse.jetty.io.FillInterest - fillable FillInterest@555b6785{AC.ReadCB@51155a31{HttpConnection@51155a31::DecryptedEndPoint@356018b6{l=/127.0.0.1:44051,r=/127.0.0.1:33272,OPEN,fill=FI,flush=-,to=2/30000}}}
03:43:12.827 [qtp399373008-57] DEBUG org.eclipse.jetty.server.HttpConnection - HttpConnection@51155a31::DecryptedEndPoint@356018b6{l=/127.0.0.1:44051,r=/127.0.0.1:33272,OPEN,fill=-,flush=-,to=2/30000} onFillable enter HttpChannelState@c151ee{s=IDLE rs=BLOCKING os=OPEN is=IDLE awp=false se=false i=true al=0} null
03:43:12.827 [qtp399373008-57] DEBUG org.eclipse.jetty.io.ssl.SslConnection - >fill SslConnection@1bf47aca::SocketChannelEndPoint@7438359d{l=/127.0.0.1:44051,r=/127.0.0.1:33272,OPEN,fill=-,flush=-,to=2/30000}{io=0/0,kio=0,kro=1}->SslConnection@1bf47aca{NEED_UNWRAP,eio=-1/-1,di=-1,fill=IDLE,flush=IDLE}~>DecryptedEndPoint@356018b6{l=/127.0.0.1:44051,r=/127.0.0.1:33272,OPEN,fill=-,flush=-,to=2/30000}=>HttpConnection@51155a31[p=HttpParser{s=START,0 of -1},g=HttpGenerator@2e6474aa{s=START}]=>HttpChannelOverHttp@4d71b282{s=HttpChannelState@c151ee{s=IDLE rs=BLOCKING os=OPEN is=IDLE awp=false se=false i=true al=0},r=0,c=false/false,a=IDLE,uri=null,age=0}
03:43:12.827 [qtp399373008-57] DEBUG org.eclipse.jetty.io.ssl.SslConnection - fill NEED_UNWRAP
03:43:12.828 [qtp399373008-57] DEBUG org.eclipse.jetty.io.ChannelEndPoint - filled 6 HeapByteBuffer@76afdda5[p=0,l=6,c=17408,r=6]={<<<\x14\x03\x03\x00\x01\x01>>>I\x93j\x0e\xE8"\xF60\x8b...\x00\x00\x00\x00\x00\x00\x00}
03:43:12.828 [qtp399373008-57] DEBUG org.eclipse.jetty.io.ssl.SslConnection - net filled=6
03:43:12.828 [qtp399373008-57] DEBUG org.eclipse.jetty.io.ssl.SslConnection - unwrap net_filled=6 Status = OK HandshakeStatus = NEED_UNWRAP bytesConsumed = 6 bytesProduced = 0 encryptedBuffer=[p=6,l=6,c=17408,r=0] unwrapBuffer=HeapByteBuffer@78682cd8[p=0,l=0,c=17408,r=0]={<<<>>>\x16\x03\x03\x01N\x01\x00\x01J...\x00\x00\x00\x00\x00\x00\x00} appBuffer=HeapByteBuffer@78682cd8[p=0,l=0,c=17408,r=0]={<<<>>>\x16\x03\x03\x01N\x01\x00\x01J...\x00\x00\x00\x00\x00\x00\x00}
03:43:12.828 [qtp399373008-57] DEBUG org.eclipse.jetty.io.ssl.SslConnection - fill NEED_UNWRAP
03:43:12.828 [qtp399373008-57] DEBUG org.eclipse.jetty.io.ChannelEndPoint - filled 0 HeapByteBuffer@76afdda5[p=0,l=0,c=17408,r=0]={<<<>>>\x14\x03\x03\x00\x01\x01I\x93j...\x00\x00\x00\x00\x00\x00\x00}
03:43:12.828 [qtp399373008-57] DEBUG org.eclipse.jetty.io.ssl.SslConnection - net filled=0
03:43:12.828 [qtp399373008-57] DEBUG org.eclipse.jetty.io.ssl.SslConnection - unwrap net_filled=0 Status = BUFFER_UNDERFLOW HandshakeStatus = NEED_UNWRAP bytesConsumed = 0 bytesProduced = 0 encryptedBuffer=[p=0,l=0,c=17408,r=0] unwrapBuffer=HeapByteBuffer@78682cd8[p=0,l=0,c=17408,r=0]={<<<>>>\x16\x03\x03\x01N\x01\x00\x01J...\x00\x00\x00\x00\x00\x00\x00} appBuffer=HeapByteBuffer@78682cd8[p=0,l=0,c=17408,r=0]={<<<>>>\x16\x03\x03\x01N\x01\x00\x01J...\x00\x00\x00\x00\x00\x00\x00}
03:43:12.828 [qtp399373008-57] DEBUG org.eclipse.jetty.io.ssl.SslConnection - <fill f=0 uf=true SslConnection@1bf47aca::SocketChannelEndPoint@7438359d{l=/127.0.0.1:44051,r=/127.0.0.1:33272,OPEN,fill=-,flush=-,to=0/30000}{io=0/0,kio=0,kro=1}->SslConnection@1bf47aca{NEED_UNWRAP,eio=-1/-1,di=-1,fill=IDLE,flush=IDLE}~>DecryptedEndPoint@356018b6{l=/127.0.0.1:44051,r=/127.0.0.1:33272,OPEN,fill=-,flush=-,to=3/30000}=>HttpConnection@51155a31[p=HttpParser{s=START,0 of -1},g=HttpGenerator@2e6474aa{s=START}]=>HttpChannelOverHttp@4d71b282{s=HttpChannelState@c151ee{s=IDLE rs=BLOCKING os=OPEN is=IDLE awp=false se=false i=true al=0},r=0,c=false/false,a=IDLE,uri=null,age=0}
03:43:12.828 [qtp399373008-57] DEBUG org.eclipse.jetty.io.ssl.SslConnection - >fill SslConnection@1bf47aca::SocketChannelEndPoint@7438359d{l=/127.0.0.1:44051,r=/127.0.0.1:33272,OPEN,fill=-,flush=-,to=0/30000}{io=0/0,kio=0,kro=1}->SslConnection@1bf47aca{NEED_UNWRAP,eio=-1/-1,di=-1,fill=IDLE,flush=IDLE}~>DecryptedEndPoint@356018b6{l=/127.0.0.1:44051,r=/127.0.0.1:33272,OPEN,fill=-,flush=-,to=3/30000}=>HttpConnection@51155a31[p=HttpParser{s=START,0 of -1},g=HttpGenerator@2e6474aa{s=START}]=>HttpChannelOverHttp@4d71b282{s=HttpChannelState@c151ee{s=IDLE rs=BLOCKING os=OPEN is=IDLE awp=false se=false i=true al=0},r=0,c=false/false,a=IDLE,uri=null,age=0}
03:43:12.828 [qtp399373008-57] DEBUG org.eclipse.jetty.io.ssl.SslConnection - fill NEED_UNWRAP
03:43:12.828 [qtp399373008-57] DEBUG org.eclipse.jetty.io.ChannelEndPoint - filled 0 HeapByteBuffer@729047a8[p=0,l=0,c=17408,r=0]={<<<>>>GET /conf...\x00\x00\x00\x00\x00\x00\x00}
03:43:12.828 [qtp399373008-57] DEBUG org.eclipse.jetty.io.ssl.SslConnection - net filled=0
03:43:12.828 [qtp399373008-57] DEBUG org.eclipse.jetty.io.ssl.SslConnection - unwrap net_filled=0 Status = BUFFER_UNDERFLOW HandshakeStatus = NEED_UNWRAP bytesConsumed = 0 bytesProduced = 0 encryptedBuffer=[p=0,l=0,c=17408,r=0] unwrapBuffer=HeapByteBuffer@78682cd8[p=0,l=0,c=17408,r=0]={<<<>>>\x16\x03\x03\x01N\x01\x00\x01J...\x00\x00\x00\x00\x00\x00\x00} appBuffer=HeapByteBuffer@78682cd8[p=0,l=0,c=17408,r=0]={<<<>>>\x16\x03\x03\x01N\x01\x00\x01J...\x00\x00\x00\x00\x00\x00\x00}
03:43:12.828 [qtp399373008-57] DEBUG org.eclipse.jetty.io.ssl.SslConnection - <fill f=0 uf=true SslConnection@1bf47aca::SocketChannelEndPoint@7438359d{l=/127.0.0.1:44051,r=/127.0.0.1:33272,OPEN,fill=-,flush=-,to=0/30000}{io=0/0,kio=0,kro=1}->SslConnection@1bf47aca{NEED_UNWRAP,eio=-1/-1,di=-1,fill=IDLE,flush=IDLE}~>DecryptedEndPoint@356018b6{l=/127.0.0.1:44051,r=/127.0.0.1:33272,OPEN,fill=-,flush=-,to=3/30000}=>HttpConnection@51155a31[p=HttpParser{s=START,0 of -1},g=HttpGenerator@2e6474aa{s=START}]=>HttpChannelOverHttp@4d71b282{s=HttpChannelState@c151ee{s=IDLE rs=BLOCKING os=OPEN is=IDLE awp=false se=false i=true al=0},r=0,c=false/false,a=IDLE,uri=null,age=0}
03:43:12.828 [qtp399373008-57] DEBUG org.eclipse.jetty.server.HttpConnection - HttpConnection@51155a31::DecryptedEndPoint@356018b6{l=/127.0.0.1:44051,r=/127.0.0.1:33272,OPEN,fill=-,flush=-,to=3/30000} filled 0 HeapByteBuffer@78682cd8[p=0,l=0,c=17408,r=0]={<<<>>>\x16\x03\x03\x01N\x01\x00\x01J...\x00\x00\x00\x00\x00\x00\x00}
03:43:12.828 [qtp399373008-57] DEBUG org.eclipse.jetty.server.HttpConnection - HttpConnection@51155a31::DecryptedEndPoint@356018b6{l=/127.0.0.1:44051,r=/127.0.0.1:33272,OPEN,fill=-,flush=-,to=3/30000} parse HeapByteBuffer@78682cd8[p=0,l=0,c=17408,r=0]={<<<>>>\x16\x03\x03\x01N\x01\x00\x01J...\x00\x00\x00\x00\x00\x00\x00} {}
03:43:12.828 [qtp399373008-57] DEBUG org.eclipse.jetty.http.HttpParser - parseNext s=START HeapByteBuffer@78682cd8[p=0,l=0,c=17408,r=0]={<<<>>>\x16\x03\x03\x01N\x01\x00\x01J...\x00\x00\x00\x00\x00\x00\x00}
03:43:12.828 [qtp399373008-57] DEBUG org.eclipse.jetty.server.HttpConnection - HttpConnection@51155a31::DecryptedEndPoint@356018b6{l=/127.0.0.1:44051,r=/127.0.0.1:33272,OPEN,fill=-,flush=-,to=3/30000} parsed false HttpParser{s=START,0 of -1}
03:43:12.828 [qtp399373008-57] DEBUG org.eclipse.jetty.server.HttpConnection - releaseRequestBuffer HttpConnection@51155a31::DecryptedEndPoint@356018b6{l=/127.0.0.1:44051,r=/127.0.0.1:33272,OPEN,fill=-,flush=-,to=3/30000}
03:43:12.828 [qtp399373008-57] DEBUG org.eclipse.jetty.io.AbstractConnection - fillInterested HttpConnection@51155a31::DecryptedEndPoint@356018b6{l=/127.0.0.1:44051,r=/127.0.0.1:33272,OPEN,fill=-,flush=-,to=3/30000}
03:43:12.828 [qtp399373008-57] DEBUG org.eclipse.jetty.io.FillInterest - interested FillInterest@555b6785{AC.ReadCB@51155a31{HttpConnection@51155a31::DecryptedEndPoint@356018b6{l=/127.0.0.1:44051,r=/127.0.0.1:33272,OPEN,fill=FI,flush=-,to=0/30000}}}
03:43:12.829 [qtp399373008-57] DEBUG org.eclipse.jetty.io.ssl.SslConnection - >needFillInterest s=IDLE/IDLE uf=true ei=null di=null SslConnection@1bf47aca::SocketChannelEndPoint@7438359d{l=/127.0.0.1:44051,r=/127.0.0.1:33272,OPEN,fill=-,flush=-,to=0/30000}{io=0/0,kio=0,kro=1}->SslConnection@1bf47aca{NEED_UNWRAP,eio=-1/-1,di=-1,fill=IDLE,flush=IDLE}~>DecryptedEndPoint@356018b6{l=/127.0.0.1:44051,r=/127.0.0.1:33272,OPEN,fill=FI,flush=-,to=0/30000}=>HttpConnection@51155a31[p=HttpParser{s=START,0 of -1},g=HttpGenerator@2e6474aa{s=START}]=>HttpChannelOverHttp@4d71b282{s=HttpChannelState@c151ee{s=IDLE rs=BLOCKING os=OPEN is=IDLE awp=false se=false i=true al=0},r=0,c=false/false,a=IDLE,uri=null,age=0}
03:43:12.829 [qtp399373008-57] DEBUG org.eclipse.jetty.io.ssl.SslConnection - <needFillInterest s=IDLE/INTERESTED f=false i=true w=null
03:43:12.829 [qtp399373008-57] DEBUG org.eclipse.jetty.io.ssl.SslConnection - ensureFillInterested SslConnection@1bf47aca::SocketChannelEndPoint@7438359d{l=/127.0.0.1:44051,r=/127.0.0.1:33272,OPEN,fill=-,flush=-,to=0/30000}{io=0/0,kio=0,kro=1}->SslConnection@1bf47aca{NEED_UNWRAP,eio=-1/-1,di=-1,fill=INTERESTED,flush=IDLE}~>DecryptedEndPoint@356018b6{l=/127.0.0.1:44051,r=/127.0.0.1:33272,OPEN,fill=FI,flush=-,to=0/30000}=>HttpConnection@51155a31[p=HttpParser{s=START,0 of -1},g=HttpGenerator@2e6474aa{s=START}]=>HttpChannelOverHttp@4d71b282{s=HttpChannelState@c151ee{s=IDLE rs=BLOCKING os=OPEN is=IDLE awp=false se=false i=true al=0},r=0,c=false/false,a=IDLE,uri=null,age=0}
03:43:12.829 [qtp399373008-57] DEBUG org.eclipse.jetty.io.FillInterest - interested FillInterest@44c3fb92{SSLC.NBReadCB@1bf47aca{SslConnection@1bf47aca::SocketChannelEndPoint@7438359d{l=/127.0.0.1:44051,r=/127.0.0.1:33272,OPEN,fill=FI,flush=-,to=0/30000}{io=0/0,kio=0,kro=1}->SslConnection@1bf47aca{NEED_UNWRAP,eio=-1/-1,di=-1,fill=INTERESTED,flush=IDLE}~>DecryptedEndPoint@356018b6{l=/127.0.0.1:44051,r=/127.0.0.1:33272,OPEN,fill=FI,flush=-,to=0/30000}=>HttpConnection@51155a31[p=HttpParser{s=START,0 of -1},g=HttpGenerator@2e6474aa{s=START}]=>HttpChannelOverHttp@4d71b282{s=HttpChannelState@c151ee{s=IDLE rs=BLOCKING os=OPEN is=IDLE awp=false se=false i=true al=0},r=0,c=false/false,a=IDLE,uri=null,age=0}}}
03:43:12.829 [qtp399373008-57] DEBUG org.eclipse.jetty.io.ChannelEndPoint - changeInterests p=false 0->1 for SocketChannelEndPoint@7438359d{l=/127.0.0.1:44051,r=/127.0.0.1:33272,OPEN,fill=FI,flush=-,to=0/30000}{io=0/1,kio=0,kro=1}->SslConnection@1bf47aca{NEED_UNWRAP,eio=-1/-1,di=-1,fill=INTERESTED,flush=IDLE}~>DecryptedEndPoint@356018b6{l=/127.0.0.1:44051,r=/127.0.0.1:33272,OPEN,fill=FI,flush=-,to=0/30000}=>HttpConnection@51155a31[p=HttpParser{s=START,0 of -1},g=HttpGenerator@2e6474aa{s=START}]=>HttpChannelOverHttp@4d71b282{s=HttpChannelState@c151ee{s=IDLE rs=BLOCKING os=OPEN is=IDLE awp=false se=false i=true al=0},r=0,c=false/false,a=IDLE,uri=null,age=0}
03:43:12.829 [qtp399373008-57] DEBUG org.eclipse.jetty.io.ManagedSelector - Queued change lazy=false org.eclipse.jetty.io.ChannelEndPoint$$Lambda$255/90666987@7c59fbea on ManagedSelector@5733f295{STARTED} id=1 keys=2 selected=0 updates=0
03:43:12.829 [qtp399373008-57] DEBUG org.eclipse.jetty.io.ManagedSelector - Wakeup on submit ManagedSelector@5733f295{STARTED} id=1 keys=2 selected=0 updates=1
03:43:12.829 [qtp399373008-60] DEBUG org.eclipse.jetty.io.ManagedSelector - Selector sun.nio.ch.EPollSelectorImpl@62ef7cb1 woken with none selected
03:43:12.829 [qtp399373008-60] DEBUG org.eclipse.jetty.io.ManagedSelector - Selector sun.nio.ch.EPollSelectorImpl@62ef7cb1 woken up from select, 0/0/2 selected
03:43:12.829 [qtp399373008-60] DEBUG org.eclipse.jetty.io.ManagedSelector - Selector sun.nio.ch.EPollSelectorImpl@62ef7cb1 processing 0 keys, 1 updates
03:43:12.829 [qtp399373008-57] DEBUG org.eclipse.jetty.server.HttpConnection - HttpConnection@51155a31::DecryptedEndPoint@356018b6{l=/127.0.0.1:44051,r=/127.0.0.1:33272,OPEN,fill=FI,flush=-,to=0/30000} onFillable exit HttpChannelState@c151ee{s=IDLE rs=BLOCKING os=OPEN is=IDLE awp=false se=false i=true al=0} null
03:43:12.829 [qtp399373008-60] DEBUG org.eclipse.jetty.io.ManagedSelector - updateable 1
03:43:12.829 [qtp399373008-60] DEBUG org.eclipse.jetty.io.ManagedSelector - update org.eclipse.jetty.io.ChannelEndPoint$$Lambda$255/90666987@7c59fbea
03:43:12.829 [qtp399373008-57] DEBUG org.eclipse.jetty.io.ssl.SslConnection - <c.onFillable SslConnection@1bf47aca::SocketChannelEndPoint@7438359d{l=/127.0.0.1:44051,r=/127.0.0.1:33272,OPEN,fill=FI,flush=-,to=0/30000}{io=0/1,kio=0,kro=1}->SslConnection@1bf47aca{NEED_UNWRAP,eio=-1/-1,di=-1,fill=INTERESTED,flush=IDLE}~>DecryptedEndPoint@356018b6{l=/127.0.0.1:44051,r=/127.0.0.1:33272,OPEN,fill=FI,flush=-,to=0/30000}=>HttpConnection@51155a31[p=HttpParser{s=START,0 of -1},g=HttpGenerator@2e6474aa{s=START}]=>HttpChannelOverHttp@4d71b282{s=HttpChannelState@c151ee{s=IDLE rs=BLOCKING os=OPEN is=IDLE awp=false se=false i=true al=0},r=0,c=false/false,a=IDLE,uri=null,age=0}
03:43:12.829 [qtp399373008-60] DEBUG org.eclipse.jetty.io.ChannelEndPoint - Key interests updated 0 -> 1 on SocketChannelEndPoint@7438359d{l=/127.0.0.1:44051,r=/127.0.0.1:33272,OPEN,fill=FI,flush=-,to=0/30000}{io=1/1,kio=1,kro=1}->SslConnection@1bf47aca{NEED_UNWRAP,eio=-1/-1,di=-1,fill=INTERESTED,flush=IDLE}~>DecryptedEndPoint@356018b6{l=/127.0.0.1:44051,r=/127.0.0.1:33272,OPEN,fill=FI,flush=-,to=0/30000}=>HttpConnection@51155a31[p=HttpParser{s=START,0 of -1},g=HttpGenerator@2e6474aa{s=START}]=>HttpChannelOverHttp@4d71b282{s=HttpChannelState@c151ee{s=IDLE rs=BLOCKING os=OPEN is=IDLE awp=false se=false i=true al=0},r=0,c=false/false,a=IDLE,uri=null,age=0}
03:43:12.829 [qtp399373008-60] DEBUG org.eclipse.jetty.io.ManagedSelector - updates 0
03:43:12.829 [qtp399373008-57] DEBUG org.eclipse.jetty.util.thread.ReservedThreadExecutor - ReservedThread@298a767d{RUNNING,thread=Thread[qtp399373008-57,5,main]} was=RUNNING next=RESERVED size=0+2 capacity=8
03:43:12.829 [qtp399373008-60] DEBUG org.eclipse.jetty.io.ManagedSelector - Selector sun.nio.ch.EPollSelectorImpl@62ef7cb1 waiting with 2 keys
03:43:12.829 [qtp399373008-57] DEBUG org.eclipse.jetty.util.thread.ReservedThreadExecutor - ReservedThread@298a767d{RESERVED,thread=Thread[qtp399373008-57,5,main]} waiting ReservedThreadExecutor@424fd310{reserved=2/8,pending=0}
03:43:12.869 [qtp399373008-60] DEBUG org.eclipse.jetty.io.ManagedSelector - Selector sun.nio.ch.EPollSelectorImpl@62ef7cb1 woken up from select, 1/1/2 selected
03:43:12.869 [qtp399373008-60] DEBUG org.eclipse.jetty.io.ManagedSelector - Selector sun.nio.ch.EPollSelectorImpl@62ef7cb1 processing 1 keys, 0 updates
03:43:12.869 [qtp399373008-60] DEBUG org.eclipse.jetty.io.ManagedSelector - selected 1 sun.nio.ch.SelectionKeyImpl@29a15fbf SocketChannelEndPoint@7438359d{l=/127.0.0.1:44051,r=/127.0.0.1:33272,OPEN,fill=FI,flush=-,to=40/30000}{io=1/1,kio=1,kro=1}->SslConnection@1bf47aca{NEED_UNWRAP,eio=-1/-1,di=-1,fill=INTERESTED,flush=IDLE}~>DecryptedEndPoint@356018b6{l=/127.0.0.1:44051,r=/127.0.0.1:33272,OPEN,fill=FI,flush=-,to=40/30000}=>HttpConnection@51155a31[p=HttpParser{s=START,0 of -1},g=HttpGenerator@2e6474aa{s=START}]=>HttpChannelOverHttp@4d71b282{s=HttpChannelState@c151ee{s=IDLE rs=BLOCKING os=OPEN is=IDLE awp=false se=false i=true al=0},r=0,c=false/false,a=IDLE,uri=null,age=0} 
03:43:12.869 [qtp399373008-60] DEBUG org.eclipse.jetty.io.ChannelEndPoint - onSelected 1->0 r=true w=false for SocketChannelEndPoint@7438359d{l=/127.0.0.1:44051,r=/127.0.0.1:33272,OPEN,fill=FI,flush=-,to=40/30000}{io=1/0,kio=1,kro=1}->SslConnection@1bf47aca{NEED_UNWRAP,eio=-1/-1,di=-1,fill=INTERESTED,flush=IDLE}~>DecryptedEndPoint@356018b6{l=/127.0.0.1:44051,r=/127.0.0.1:33272,OPEN,fill=FI,flush=-,to=40/30000}=>HttpConnection@51155a31[p=HttpParser{s=START,0 of -1},g=HttpGenerator@2e6474aa{s=START}]=>HttpChannelOverHttp@4d71b282{s=HttpChannelState@c151ee{s=IDLE rs=BLOCKING os=OPEN is=IDLE awp=false se=false i=true al=0},r=0,c=false/false,a=IDLE,uri=null,age=0}
03:43:12.869 [qtp399373008-60] DEBUG org.eclipse.jetty.io.ChannelEndPoint - task CEP:SocketChannelEndPoint@7438359d{l=/127.0.0.1:44051,r=/127.0.0.1:33272,OPEN,fill=FI,flush=-,to=40/30000}{io=1/0,kio=1,kro=1}->SslConnection@1bf47aca{NEED_UNWRAP,eio=-1/-1,di=-1,fill=INTERESTED,flush=IDLE}~>DecryptedEndPoint@356018b6{l=/127.0.0.1:44051,r=/127.0.0.1:33272,OPEN,fill=FI,flush=-,to=40/30000}=>HttpConnection@51155a31[p=HttpParser{s=START,0 of -1},g=HttpGenerator@2e6474aa{s=START}]=>HttpChannelOverHttp@4d71b282{s=HttpChannelState@c151ee{s=IDLE rs=BLOCKING os=OPEN is=IDLE awp=false se=false i=true al=0},r=0,c=false/false,a=IDLE,uri=null,age=0}:runFillable:BLOCKING
03:43:12.869 [qtp399373008-60] DEBUG org.eclipse.jetty.util.thread.ReservedThreadExecutor - ReservedThreadExecutor@424fd310{reserved=2/8,pending=0} tryExecute EatWhatYouKill@b7838a9/SelectorProducer@696f0212/PRODUCING/p=false/QueuedThreadPool[qtp399373008]@17cdf2d0{STARTED,8<=8<=200,i=1,r=-1,q=0}[ReservedThreadExecutor@424fd310{reserved=2/8,pending=0}][pc=0,pic=0,pec=1,epc=4]@2024-05-02T03:43:12.869+01:00
03:43:12.869 [qtp399373008-60] DEBUG org.eclipse.jetty.util.thread.strategy.EatWhatYouKill - EatWhatYouKill@b7838a9/SelectorProducer@696f0212/IDLE/p=true/QueuedThreadPool[qtp399373008]@17cdf2d0{STARTED,8<=8<=200,i=1,r=-1,q=0}[ReservedThreadExecutor@424fd310{reserved=1/8,pending=0}][pc=0,pic=0,pec=1,epc=4]@2024-05-02T03:43:12.869+01:00 m=EXECUTE_PRODUCE_CONSUME t=CEP:SocketChannelEndPoint@7438359d{l=/127.0.0.1:44051,r=/127.0.0.1:33272,OPEN,fill=FI,flush=-,to=40/30000}{io=1/0,kio=1,kro=1}->SslConnection@1bf47aca{NEED_UNWRAP,eio=-1/-1,di=-1,fill=INTERESTED,flush=IDLE}~>DecryptedEndPoint@356018b6{l=/127.0.0.1:44051,r=/127.0.0.1:33272,OPEN,fill=FI,flush=-,to=40/30000}=>HttpConnection@51155a31[p=HttpParser{s=START,0 of -1},g=HttpGenerator@2e6474aa{s=START}]=>HttpChannelOverHttp@4d71b282{s=HttpChannelState@c151ee{s=IDLE rs=BLOCKING os=OPEN is=IDLE awp=false se=false i=true al=0},r=0,c=false/false,a=IDLE,uri=null,age=0}:runFillable:BLOCKING/BLOCKING
03:43:12.869 [qtp399373008-57] DEBUG org.eclipse.jetty.util.thread.ReservedThreadExecutor - ReservedThread@298a767d{RESERVED,thread=Thread[qtp399373008-57,5,main]} task=EatWhatYouKill@b7838a9/SelectorProducer@696f0212/IDLE/p=true/QueuedThreadPool[qtp399373008]@17cdf2d0{STARTED,8<=8<=200,i=1,r=-1,q=0}[ReservedThreadExecutor@424fd310{reserved=1/8,pending=0}][pc=0,pic=0,pec=1,epc=4]@2024-05-02T03:43:12.869+01:00 ReservedThreadExecutor@424fd310{reserved=1/8,pending=0}
03:43:12.869 [qtp399373008-60] DEBUG org.eclipse.jetty.io.FillInterest - fillable FillInterest@44c3fb92{SSLC.NBReadCB@1bf47aca{SslConnection@1bf47aca::SocketChannelEndPoint@7438359d{l=/127.0.0.1:44051,r=/127.0.0.1:33272,OPEN,fill=FI,flush=-,to=40/30000}{io=1/0,kio=1,kro=1}->SslConnection@1bf47aca{NEED_UNWRAP,eio=-1/-1,di=-1,fill=INTERESTED,flush=IDLE}~>DecryptedEndPoint@356018b6{l=/127.0.0.1:44051,r=/127.0.0.1:33272,OPEN,fill=FI,flush=-,to=40/30000}=>HttpConnection@51155a31[p=HttpParser{s=START,0 of -1},g=HttpGenerator@2e6474aa{s=START}]=>HttpChannelOverHttp@4d71b282{s=HttpChannelState@c151ee{s=IDLE rs=BLOCKING os=OPEN is=IDLE awp=false se=false i=true al=0},r=0,c=false/false,a=IDLE,uri=null,age=0}}}
03:43:12.869 [qtp399373008-60] DEBUG org.eclipse.jetty.io.ssl.SslConnection - >c.onFillable SslConnection@1bf47aca::SocketChannelEndPoint@7438359d{l=/127.0.0.1:44051,r=/127.0.0.1:33272,OPEN,fill=-,flush=-,to=40/30000}{io=1/0,kio=1,kro=1}->SslConnection@1bf47aca{NEED_UNWRAP,eio=-1/-1,di=-1,fill=INTERESTED,flush=IDLE}~>DecryptedEndPoint@356018b6{l=/127.0.0.1:44051,r=/127.0.0.1:33272,OPEN,fill=FI,flush=-,to=40/30000}=>HttpConnection@51155a31[p=HttpParser{s=START,0 of -1},g=HttpGenerator@2e6474aa{s=START}]=>HttpChannelOverHttp@4d71b282{s=HttpChannelState@c151ee{s=IDLE rs=BLOCKING os=OPEN is=IDLE awp=false se=false i=true al=0},r=0,c=false/false,a=IDLE,uri=null,age=0}
03:43:12.869 [qtp399373008-57] DEBUG org.eclipse.jetty.util.thread.strategy.EatWhatYouKill - EatWhatYouKill@b7838a9/SelectorProducer@696f0212/IDLE/p=true/QueuedThreadPool[qtp399373008]@17cdf2d0{STARTED,8<=8<=200,i=1,r=-1,q=0}[ReservedThreadExecutor@424fd310{reserved=1/8,pending=0}][pc=0,pic=0,pec=1,epc=5]@2024-05-02T03:43:12.869+01:00 tryProduce true
03:43:12.869 [qtp399373008-57] DEBUG org.eclipse.jetty.io.ManagedSelector - updateable 0
03:43:12.869 [qtp399373008-57] DEBUG org.eclipse.jetty.io.ManagedSelector - updates 0
03:43:12.869 [qtp399373008-60] DEBUG org.eclipse.jetty.io.ssl.SslConnection - onFillable SslConnection@1bf47aca::SocketChannelEndPoint@7438359d{l=/127.0.0.1:44051,r=/127.0.0.1:33272,OPEN,fill=-,flush=-,to=40/30000}{io=1/0,kio=1,kro=1}->SslConnection@1bf47aca{NEED_UNWRAP,eio=-1/-1,di=-1,fill=INTERESTED,flush=IDLE}~>DecryptedEndPoint@356018b6{l=/127.0.0.1:44051,r=/127.0.0.1:33272,OPEN,fill=FI,flush=-,to=40/30000}=>HttpConnection@51155a31[p=HttpParser{s=START,0 of -1},g=HttpGenerator@2e6474aa{s=START}]=>HttpChannelOverHttp@4d71b282{s=HttpChannelState@c151ee{s=IDLE rs=BLOCKING os=OPEN is=IDLE awp=false se=false i=true al=0},r=0,c=false/false,a=IDLE,uri=null,age=0}
03:43:12.869 [qtp399373008-60] DEBUG org.eclipse.jetty.io.FillInterest - fillable FillInterest@555b6785{AC.ReadCB@51155a31{HttpConnection@51155a31::DecryptedEndPoint@356018b6{l=/127.0.0.1:44051,r=/127.0.0.1:33272,OPEN,fill=FI,flush=-,to=40/30000}}}
03:43:12.869 [qtp399373008-60] DEBUG org.eclipse.jetty.server.HttpConnection - HttpConnection@51155a31::DecryptedEndPoint@356018b6{l=/127.0.0.1:44051,r=/127.0.0.1:33272,OPEN,fill=-,flush=-,to=40/30000} onFillable enter HttpChannelState@c151ee{s=IDLE rs=BLOCKING os=OPEN is=IDLE awp=false se=false i=true al=0} null
03:43:12.869 [qtp399373008-57] DEBUG org.eclipse.jetty.io.ChannelEndPoint - Key interests updated 1 -> 0 on SocketChannelEndPoint@7438359d{l=/127.0.0.1:44051,r=/127.0.0.1:33272,OPEN,fill=-,flush=-,to=40/30000}{io=0/0,kio=0,kro=1}->SslConnection@1bf47aca{NEED_UNWRAP,eio=-1/-1,di=-1,fill=IDLE,flush=IDLE}~>DecryptedEndPoint@356018b6{l=/127.0.0.1:44051,r=/127.0.0.1:33272,OPEN,fill=-,flush=-,to=40/30000}=>HttpConnection@51155a31[p=HttpParser{s=START,0 of -1},g=HttpGenerator@2e6474aa{s=START}]=>HttpChannelOverHttp@4d71b282{s=HttpChannelState@c151ee{s=IDLE rs=BLOCKING os=OPEN is=IDLE awp=false se=false i=true al=0},r=0,c=false/false,a=IDLE,uri=null,age=0}
03:43:12.869 [qtp399373008-57] DEBUG org.eclipse.jetty.io.ManagedSelector - Selector sun.nio.ch.EPollSelectorImpl@62ef7cb1 waiting with 2 keys
03:43:12.869 [qtp399373008-60] DEBUG org.eclipse.jetty.io.ssl.SslConnection - >fill SslConnection@1bf47aca::SocketChannelEndPoint@7438359d{l=/127.0.0.1:44051,r=/127.0.0.1:33272,OPEN,fill=-,flush=-,to=40/30000}{io=0/0,kio=0,kro=1}->SslConnection@1bf47aca{NEED_UNWRAP,eio=-1/-1,di=-1,fill=IDLE,flush=IDLE}~>DecryptedEndPoint@356018b6{l=/127.0.0.1:44051,r=/127.0.0.1:33272,OPEN,fill=-,flush=-,to=41/30000}=>HttpConnection@51155a31[p=HttpParser{s=START,0 of -1},g=HttpGenerator@2e6474aa{s=START}]=>HttpChannelOverHttp@4d71b282{s=HttpChannelState@c151ee{s=IDLE rs=BLOCKING os=OPEN is=IDLE awp=false se=false i=true al=0},r=0,c=false/false,a=IDLE,uri=null,age=0}
03:43:12.870 [qtp399373008-60] DEBUG org.eclipse.jetty.io.ssl.SslConnection - fill NEED_UNWRAP
03:43:12.870 [qtp399373008-60] DEBUG org.eclipse.jetty.io.ChannelEndPoint - filled 1509 HeapByteBuffer@729047a8[p=0,l=1509,c=17408,r=1509]={<<<\x17\x03\x03\x03\xAd\xD2\x1eQ\x02A\x8b\x1f\xA6\x12\xBeC)M\x8b\x10\x9b]x\xA0'..._h+\x89\x07\xE5X\x05\x03Ow\x10\xF7?\x0ceO\x12\xF0p\x11\xEd\xFf>>>\xD4\xD43:\xBc;\x17q\x92...\x00\x00\x00\x00\x00\x00\x00}
03:43:12.870 [qtp399373008-60] DEBUG org.eclipse.jetty.io.ssl.SslConnection - net filled=1509
03:43:12.870 [qtp399373008-60] DEBUG org.eclipse.jetty.io.ssl.SslConnection - unwrap net_filled=1509 Status = OK HandshakeStatus = NEED_TASK bytesConsumed = 946 bytesProduced = 0 encryptedBuffer=[p=946,l=1509,c=17408,r=563] unwrapBuffer=HeapByteBuffer@76afdda5[p=0,l=0,c=17408,r=0]={<<<>>>\x14\x03\x03\x00\x01\x01I\x93j...\x00\x00\x00\x00\x00\x00\x00} appBuffer=HeapByteBuffer@76afdda5[p=0,l=0,c=17408,r=0]={<<<>>>\x14\x03\x03\x00\x01\x01I\x93j...\x00\x00\x00\x00\x00\x00\x00}
03:43:12.870 [qtp399373008-60] DEBUG org.eclipse.jetty.io.ssl.SslConnection - fill NEED_TASK
03:43:12.870 [qtp399373008-60] DEBUG org.eclipse.jetty.io.ssl.SslConnection - fill NEED_UNWRAP
03:43:12.870 [qtp399373008-60] DEBUG org.eclipse.jetty.io.ChannelEndPoint - filled 0 HeapByteBuffer@729047a8[p=946,l=1509,c=17408,r=563]={\x17\x03\x03\x03\xAd\x0b\x00\x03\x88...<F\xD8\x89\xC5p\x8d<<<\x17\x03\x03\x01)h5V\xCc'\xEa\xC3A\\w.\xB3\x8e?\xF4\x98V\xF1D\x10..._h+\x89\x07\xE5X\x05\x03Ow\x10\xF7?\x0ceO\x12\xF0p\x11\xEd\xFf>>>\xD4\xD43:\xBc;\x17q\x92...\x00\x00\x00\x00\x00\x00\x00}
03:43:12.870 [qtp399373008-60] DEBUG org.eclipse.jetty.io.ssl.SslConnection - net filled=0
03:43:12.870 [qtp399373008-60] DEBUG org.eclipse.jetty.io.ssl.SslConnection - unwrap net_filled=0 Status = OK HandshakeStatus = NEED_TASK bytesConsumed = 302 bytesProduced = 0 encryptedBuffer=[p=1248,l=1509,c=17408,r=261] unwrapBuffer=HeapByteBuffer@76afdda5[p=0,l=0,c=17408,r=0]={<<<>>>\x14\x03\x03\x00\x01\x01I\x93j...\x00\x00\x00\x00\x00\x00\x00} appBuffer=HeapByteBuffer@76afdda5[p=0,l=0,c=17408,r=0]={<<<>>>\x14\x03\x03\x00\x01\x01I\x93j...\x00\x00\x00\x00\x00\x00\x00}
03:43:12.870 [qtp399373008-60] DEBUG org.eclipse.jetty.io.ssl.SslConnection - fill NEED_TASK
03:43:12.870 [qtp399373008-60] DEBUG org.eclipse.jetty.io.ssl.SslConnection - fill NEED_UNWRAP
03:43:12.870 [qtp399373008-60] DEBUG org.eclipse.jetty.io.ChannelEndPoint - filled 0 HeapByteBuffer@729047a8[p=1248,l=1509,c=17408,r=261]={\x17\x03\x03\x03\xAd\x0b\x00\x03\x88...\xD1\t\xFf\x94\x02\xA7\xDc<<<\x17\x03\x03\x00U\x97\xA4\xA1}RO\xDf\xAd\xBc\xBd\x08\xFd\r<\x84\\\xDeG\xBf\x8b..._h+\x89\x07\xE5X\x05\x03Ow\x10\xF7?\x0ceO\x12\xF0p\x11\xEd\xFf>>>\xD4\xD43:\xBc;\x17q\x92...\x00\x00\x00\x00\x00\x00\x00}
03:43:12.870 [qtp399373008-60] DEBUG org.eclipse.jetty.io.ssl.SslConnection - net filled=0
03:43:12.871 [qtp399373008-60] DEBUG org.eclipse.jetty.io.ssl.SslConnection - unwrap net_filled=0 Status = OK HandshakeStatus = NEED_WRAP bytesConsumed = 90 bytesProduced = 0 encryptedBuffer=[p=1338,l=1509,c=17408,r=171] unwrapBuffer=HeapByteBuffer@76afdda5[p=0,l=0,c=17408,r=0]={<<<>>>\x14\x03\x03\x00\x01\x01I\x93j...\x00\x00\x00\x00\x00\x00\x00} appBuffer=HeapByteBuffer@76afdda5[p=0,l=0,c=17408,r=0]={<<<>>>\x14\x03\x03\x00\x01\x01I\x93j...\x00\x00\x00\x00\x00\x00\x00}
03:43:12.871 [qtp399373008-60] DEBUG org.eclipse.jetty.io.ssl.SslConnection - fill NEED_WRAP
03:43:12.871 [qtp399373008-60] DEBUG org.eclipse.jetty.io.ssl.SslConnection - >flush SslConnection@1bf47aca::SocketChannelEndPoint@7438359d{l=/127.0.0.1:44051,r=/127.0.0.1:33272,OPEN,fill=-,flush=-,to=1/30000}{io=0/0,kio=0,kro=1}->SslConnection@1bf47aca{NEED_WRAP,eio=171/-1,di=-1,fill=IDLE,flush=IDLE}~>DecryptedEndPoint@356018b6{l=/127.0.0.1:44051,r=/127.0.0.1:33272,OPEN,fill=-,flush=-,to=42/30000}=>HttpConnection@51155a31[p=HttpParser{s=START,0 of -1},g=HttpGenerator@2e6474aa{s=START}]=>HttpChannelOverHttp@4d71b282{s=HttpChannelState@c151ee{s=IDLE rs=BLOCKING os=OPEN is=IDLE awp=false se=false i=true al=0},r=0,c=false/false,a=IDLE,uri=null,age=0}
03:43:12.871 [qtp399373008-60] DEBUG org.eclipse.jetty.io.ssl.SslConnection - flush b[0]=HeapByteBuffer@1ad43aa3[p=0,l=0,c=0,r=0]={<<<>>>}
03:43:12.871 [qtp399373008-60] DEBUG org.eclipse.jetty.io.ssl.SslConnection - flush NEED_WRAP
03:43:12.871 [qtp399373008-60] DEBUG org.eclipse.jetty.io.ssl.SslConnection - wrap Status = OK HandshakeStatus = FINISHED bytesConsumed = 0 bytesProduced = 88 [p=0,l=88,c=17408,r=88] ioDone=false/false
03:43:12.871 [qtp399373008-60] DEBUG org.eclipse.jetty.io.ChannelEndPoint - flushed 88 SocketChannelEndPoint@7438359d{l=/127.0.0.1:44051,r=/127.0.0.1:33272,OPEN,fill=-,flush=-,to=1/30000}{io=0/0,kio=0,kro=1}->SslConnection@1bf47aca{NOT_HANDSHAKING,eio=171/0,di=-1,fill=IDLE,flush=IDLE}~>DecryptedEndPoint@356018b6{l=/127.0.0.1:44051,r=/127.0.0.1:33272,OPEN,fill=-,flush=-,to=42/30000}=>HttpConnection@51155a31[p=HttpParser{s=START,0 of -1},g=HttpGenerator@2e6474aa{s=START}]=>HttpChannelOverHttp@4d71b282{s=HttpChannelState@c151ee{s=IDLE rs=BLOCKING os=OPEN is=IDLE awp=false se=false i=true al=0},r=0,c=false/false,a=IDLE,uri=null,age=0}
03:43:12.871 [qtp399373008-60] DEBUG org.eclipse.jetty.io.ssl.SslConnection - net flushed=true, ac=true
03:43:12.871 [qtp399373008-60] DEBUG org.eclipse.jetty.io.ssl.SslConnection - handshake succeeded SslConnection@1bf47aca::SocketChannelEndPoint@7438359d{l=/127.0.0.1:44051,r=/127.0.0.1:33272,OPEN,fill=-,flush=-,to=0/30000}{io=0/0,kio=0,kro=1}->SslConnection@1bf47aca{NOT_HANDSHAKING,eio=171/0,di=-1,fill=IDLE,flush=IDLE}~>DecryptedEndPoint@356018b6{l=/127.0.0.1:44051,r=/127.0.0.1:33272,OPEN,fill=-,flush=-,to=42/30000}=>HttpConnection@51155a31[p=HttpParser{s=START,0 of -1},g=HttpGenerator@2e6474aa{s=START}]=>HttpChannelOverHttp@4d71b282{s=HttpChannelState@c151ee{s=IDLE rs=BLOCKING os=OPEN is=IDLE awp=false se=false i=true al=0},r=0,c=false/false,a=IDLE,uri=null,age=0} resumed server TLSv1.3/TLS_AES_256_GCM_SHA384
03:43:12.871 [qtp399373008-60] DEBUG org.eclipse.jetty.io.ssl.SslConnection - <flush true SslConnection@1bf47aca::SocketChannelEndPoint@7438359d{l=/127.0.0.1:44051,r=/127.0.0.1:33272,OPEN,fill=-,flush=-,to=0/30000}{io=0/0,kio=0,kro=1}->SslConnection@1bf47aca{NOT_HANDSHAKING,eio=171/-1,di=-1,fill=IDLE,flush=IDLE}~>DecryptedEndPoint@356018b6{l=/127.0.0.1:44051,r=/127.0.0.1:33272,OPEN,fill=-,flush=-,to=42/30000}=>HttpConnection@51155a31[p=HttpParser{s=START,0 of -1},g=HttpGenerator@2e6474aa{s=START}]=>HttpChannelOverHttp@4d71b282{s=HttpChannelState@c151ee{s=IDLE rs=BLOCKING os=OPEN is=IDLE awp=false se=false i=true al=0},r=0,c=false/false,a=IDLE,uri=null,age=0}
03:43:12.871 [qtp399373008-60] DEBUG org.eclipse.jetty.io.ssl.SslConnection - fill NOT_HANDSHAKING
03:43:12.871 [qtp399373008-60] DEBUG org.eclipse.jetty.io.ChannelEndPoint - filled 0 HeapByteBuffer@729047a8[p=1338,l=1509,c=17408,r=171]={\x17\x03\x03\x03\xAd\x0b\x00\x03\x88...M\x91i\xFa\x93$\xDd<<<\x17\x03\x03\x00\xA6_\x1a\xEf\xAb\x97\xC6\x89\xE0.:}\xFed\xBc\x9e:\xB9\xBd\xEfV..._h+\x89\x07\xE5X\x05\x03Ow\x10\xF7?\x0ceO\x12\xF0p\x11\xEd\xFf>>>\xD4\xD43:\xBc;\x17q\x92...\x00\x00\x00\x00\x00\x00\x00}
03:43:12.871 [qtp399373008-60] DEBUG org.eclipse.jetty.io.ssl.SslConnection - net filled=0
03:43:12.871 [qtp399373008-60] DEBUG org.eclipse.jetty.io.ssl.SslConnection - unwrap net_filled=0 Status = OK HandshakeStatus = NOT_HANDSHAKING bytesConsumed = 171 bytesProduced = 133 encryptedBuffer=[p=1509,l=1509,c=17408,r=0] unwrapBuffer=HeapByteBuffer@76afdda5[p=0,l=133,c=17408,r=133]={<<<GET /config-minimal.yml H...gent: okhttp/3.12.3\r\n\r\n>>>\x91.\x8e\x87\xF7\x95g\x1d\xF7...\x00\x00\x00\x00\x00\x00\x00} appBuffer=HeapByteBuffer@76afdda5[p=0,l=133,c=17408,r=133]={<<<GET /config-minimal.yml H...gent: okhttp/3.12.3\r\n\r\n>>>\x91.\x8e\x87\xF7\x95g\x1d\xF7...\x00\x00\x00\x00\x00\x00\x00}
03:43:12.872 [qtp399373008-60] DEBUG org.eclipse.jetty.io.ssl.SslConnection - <fill f=133 uf=false SslConnection@1bf47aca::SocketChannelEndPoint@7438359d{l=/127.0.0.1:44051,r=/127.0.0.1:33272,OPEN,fill=-,flush=-,to=0/30000}{io=0/0,kio=0,kro=1}->SslConnection@1bf47aca{NOT_HANDSHAKING,eio=-1/-1,di=-1,fill=IDLE,flush=IDLE}~>DecryptedEndPoint@356018b6{l=/127.0.0.1:44051,r=/127.0.0.1:33272,OPEN,fill=-,flush=-,to=43/30000}=>HttpConnection@51155a31[p=HttpParser{s=START,0 of -1},g=HttpGenerator@2e6474aa{s=START}]=>HttpChannelOverHttp@4d71b282{s=HttpChannelState@c151ee{s=IDLE rs=BLOCKING os=OPEN is=IDLE awp=false se=false i=true al=0},r=0,c=false/false,a=IDLE,uri=null,age=0}
03:43:12.872 [qtp399373008-60] DEBUG org.eclipse.jetty.server.HttpConnection - HttpConnection@51155a31::DecryptedEndPoint@356018b6{l=/127.0.0.1:44051,r=/127.0.0.1:33272,OPEN,fill=-,flush=-,to=43/30000} filled 133 HeapByteBuffer@76afdda5[p=0,l=133,c=17408,r=133]={<<<GET /config-minimal.yml H...gent: okhttp/3.12.3\r\n\r\n>>>\x91.\x8e\x87\xF7\x95g\x1d\xF7...\x00\x00\x00\x00\x00\x00\x00}
03:43:12.872 [qtp399373008-60] DEBUG org.eclipse.jetty.server.HttpConnection - HttpConnection@51155a31::DecryptedEndPoint@356018b6{l=/127.0.0.1:44051,r=/127.0.0.1:33272,OPEN,fill=-,flush=-,to=43/30000} parse HeapByteBuffer@76afdda5[p=0,l=133,c=17408,r=133]={<<<GET /config-minimal.yml H...gent: okhttp/3.12.3\r\n\r\n>>>\x91.\x8e\x87\xF7\x95g\x1d\xF7...\x00\x00\x00\x00\x00\x00\x00} {}
03:43:12.872 [qtp399373008-60] DEBUG org.eclipse.jetty.http.HttpParser - parseNext s=START HeapByteBuffer@76afdda5[p=0,l=133,c=17408,r=133]={<<<GET /config-minimal.yml H...gent: okhttp/3.12.3\r\n\r\n>>>\x91.\x8e\x87\xF7\x95g\x1d\xF7...\x00\x00\x00\x00\x00\x00\x00}
03:43:12.872 [qtp399373008-60] DEBUG org.eclipse.jetty.http.HttpParser - START --> SPACE1
03:43:12.872 [qtp399373008-60] DEBUG org.eclipse.jetty.http.HttpParser - SPACE1 --> URI
03:43:12.872 [qtp399373008-60] DEBUG org.eclipse.jetty.http.HttpParser - URI --> SPACE2
03:43:12.872 [qtp399373008-60] DEBUG org.eclipse.jetty.http.HttpParser - SPACE2 --> REQUEST_VERSION
03:43:12.872 [qtp399373008-60] DEBUG org.eclipse.jetty.http.HttpParser - REQUEST_VERSION --> HEADER
03:43:12.872 [qtp399373008-60] DEBUG org.eclipse.jetty.http.HttpParser - HEADER:Host --> VALUE
03:43:12.872 [qtp399373008-60] DEBUG org.eclipse.jetty.http.HttpParser - HEADER:Host --> IN_VALUE
03:43:12.872 [qtp399373008-60] DEBUG org.eclipse.jetty.http.HttpParser - HEADER:Host --> FIELD
03:43:12.872 [qtp399373008-60] DEBUG org.eclipse.jetty.http.HttpParser - HEADER:Connection: keep-alive --> IN_VALUE
03:43:12.872 [qtp399373008-60] DEBUG org.eclipse.jetty.http.HttpParser - HEADER:Connection: keep-alive --> FIELD
03:43:12.872 [qtp399373008-60] DEBUG org.eclipse.jetty.http.HttpParser - HEADER:Accept-Encoding: gzip --> IN_VALUE
03:43:12.872 [qtp399373008-60] DEBUG org.eclipse.jetty.http.HttpParser - HEADER:Accept-Encoding: gzip --> FIELD
03:43:12.872 [qtp399373008-60] DEBUG org.eclipse.jetty.http.HttpParser - HEADER:User-Agent --> VALUE
03:43:12.872 [qtp399373008-60] DEBUG org.eclipse.jetty.http.HttpParser - HEADER:User-Agent --> IN_VALUE
03:43:12.872 [qtp399373008-60] DEBUG org.eclipse.jetty.http.HttpParser - HEADER:User-Agent --> FIELD
03:43:12.872 [qtp399373008-60] DEBUG org.eclipse.jetty.http.HttpParser - HEADER --> CONTENT
03:43:12.872 [qtp399373008-60] DEBUG org.eclipse.jetty.server.HttpChannel - REQUEST for //localhost:44051/config-minimal.yml on HttpChannelOverHttp@4d71b282{s=HttpChannelState@c151ee{s=IDLE rs=BLOCKING os=OPEN is=IDLE awp=false se=false i=true al=0},r=1,c=false/false,a=IDLE,uri=//localhost:44051/config-minimal.yml,age=0}
GET //localhost:44051/config-minimal.yml HTTP/1.1
Host: localhost:44051
Connection: keep-alive
Accept-Encoding: gzip
User-Agent: okhttp/3.12.3


03:43:12.872 [qtp399373008-60] DEBUG org.eclipse.jetty.server.HttpConnection - HttpConnection@51155a31::DecryptedEndPoint@356018b6{l=/127.0.0.1:44051,r=/127.0.0.1:33272,OPEN,fill=-,flush=-,to=43/30000} parsed true HttpParser{s=CONTENT,0 of -1}
03:43:12.872 [qtp399373008-60] DEBUG org.eclipse.jetty.server.HttpConnection - releaseRequestBuffer HttpConnection@51155a31::DecryptedEndPoint@356018b6{l=/127.0.0.1:44051,r=/127.0.0.1:33272,OPEN,fill=-,flush=-,to=43/30000}
03:43:12.872 [qtp399373008-60] DEBUG org.eclipse.jetty.server.HttpChannel - handle //localhost:44051/config-minimal.yml HttpChannelOverHttp@4d71b282{s=HttpChannelState@c151ee{s=IDLE rs=BLOCKING os=OPEN is=IDLE awp=false se=false i=true al=0},r=1,c=false/false,a=IDLE,uri=//localhost:44051/config-minimal.yml,age=0} 
03:43:12.872 [qtp399373008-60] DEBUG org.eclipse.jetty.server.HttpChannelState - handling HttpChannelState@c151ee{s=IDLE rs=BLOCKING os=OPEN is=IDLE awp=false se=false i=true al=0}
03:43:12.872 [qtp399373008-60] DEBUG org.eclipse.jetty.server.HttpChannel - action DISPATCH HttpChannelOverHttp@4d71b282{s=HttpChannelState@c151ee{s=HANDLING rs=BLOCKING os=OPEN is=IDLE awp=false se=false i=true al=0},r=1,c=false/false,a=HANDLING,uri=//localhost:44051/config-minimal.yml,age=0}
03:43:12.872 [qtp399373008-60] DEBUG org.eclipse.jetty.server.SecureRequestCustomizer - Host localhost with SNI null
03:43:12.872 [qtp399373008-60] DEBUG org.eclipse.jetty.server.Server - REQUEST GET /config-minimal.yml on HttpChannelOverHttp@4d71b282{s=HttpChannelState@c151ee{s=HANDLING rs=BLOCKING os=OPEN is=IDLE awp=false se=false i=true al=0},r=1,c=false/false,a=HANDLING,uri=https://localhost:44051/config-minimal.yml,age=0}
03:43:12.872 [qtp399373008-60] DEBUG org.eclipse.jetty.server.HttpOutput - write(array HeapByteBuffer@76e1576[p=0,l=1469,c=262144,r=1469]={<<<# Licensed to the Apache ...tination name: PutFile\n>>>\x00\x00\x00\x00\x00\x00\x00\x00\x00...\x00\x00\x00\x00\x00\x00\x00})
03:43:12.872 [qtp399373008-60] DEBUG org.eclipse.jetty.server.HttpOutput - write(array) s=CLOSING,api=BLOCKED,sc=false,e=null last=true agg=false flush=true async=false, len=1469 null
03:43:12.872 [qtp399373008-60] DEBUG org.eclipse.jetty.server.HttpChannel - sendResponse info=null content=HeapByteBuffer@1c651610[p=0,l=1469,c=262144,r=1469]={<<<# Licensed to the Apache ...tination name: PutFile\n>>>\x00\x00\x00\x00\x00\x00\x00\x00\x00...\x00\x00\x00\x00\x00\x00\x00} complete=true committing=true callback=Blocker@631e4445{null}
03:43:12.872 [qtp399373008-60] DEBUG org.eclipse.jetty.server.HttpChannel - COMMIT for /config-minimal.yml on HttpChannelOverHttp@4d71b282{s=HttpChannelState@c151ee{s=HANDLING rs=BLOCKING os=COMMITTED is=IDLE awp=false se=false i=true al=0},r=1,c=false/false,a=HANDLING,uri=https://localhost:44051/config-minimal.yml,age=0}
200 null HTTP/1.1
Date: Thu, 02 May 2024 02:43:12 GMT
ETag: testEtag
Content-Type: text/plain;charset=utf-8
Content-Length: 1469


03:43:12.872 [qtp399373008-60] DEBUG org.eclipse.jetty.server.HttpConnection - generate: NEED_HEADER for SendCallback@40e1b33e[PROCESSING][i=HTTP/1.1{s=200,h=4,cl=1469},cb=org.eclipse.jetty.server.HttpChannel$SendCallback@37d3cbf1] (null,[p=0,l=1469,c=262144,r=1469],true)@START
03:43:12.873 [qtp399373008-60] DEBUG org.eclipse.jetty.http.HttpGenerator - generateHeaders HTTP/1.1{s=200,h=4,cl=1469} last=true content=HeapByteBuffer@1c651610[p=0,l=1469,c=262144,r=1469]={<<<# Licensed to the Apache ...tination name: PutFile\n>>>\x00\x00\x00\x00\x00\x00\x00\x00\x00...\x00\x00\x00\x00\x00\x00\x00}
03:43:12.873 [qtp399373008-60] DEBUG org.eclipse.jetty.http.HttpGenerator - Date: Thu, 02 May 2024 02:43:12 GMT
ETag: testEtag
Content-Type: text/plain;charset=utf-8
Content-Length: 1469


03:43:12.873 [qtp399373008-60] DEBUG org.eclipse.jetty.http.HttpGenerator - CONTENT_LENGTH
03:43:12.873 [qtp399373008-60] DEBUG org.eclipse.jetty.server.HttpConnection - generate: FLUSH for SendCallback@40e1b33e[PROCESSING][i=HTTP/1.1{s=200,h=4,cl=1469},cb=org.eclipse.jetty.server.HttpChannel$SendCallback@37d3cbf1] ([p=0,l=167,c=8192,r=167],[p=0,l=1469,c=262144,r=1469],true)@COMPLETING
03:43:12.873 [qtp399373008-60] DEBUG org.eclipse.jetty.io.WriteFlusher - write: WriteFlusher@3328e8d{IDLE}->null [HeapByteBuffer@17352c86[p=0,l=167,c=8192,r=167]={<<<HTTP/1.1 200 OK\r\nDate: Th...y(9.4.44.v20210927)\r\n\r\n>>>\x00\x00\x00\x00\x00\x00\x00\x00\x00...\x00\x00\x00\x00\x00\x00\x00},HeapByteBuffer@1c651610[p=0,l=1469,c=262144,r=1469]={<<<# Licensed to the Apache ...tination name: PutFile\n>>>\x00\x00\x00\x00\x00\x00\x00\x00\x00...\x00\x00\x00\x00\x00\x00\x00}]
03:43:12.873 [qtp399373008-60] DEBUG org.eclipse.jetty.io.WriteFlusher - update WriteFlusher@3328e8d{WRITING}->null:IDLE-->WRITING
03:43:12.873 [qtp399373008-60] DEBUG org.eclipse.jetty.io.ssl.SslConnection - >flush SslConnection@1bf47aca::SocketChannelEndPoint@7438359d{l=/127.0.0.1:44051,r=/127.0.0.1:33272,OPEN,fill=-,flush=-,to=1/30000}{io=0/0,kio=0,kro=1}->SslConnection@1bf47aca{NOT_HANDSHAKING,eio=-1/-1,di=-1,fill=IDLE,flush=IDLE}~>DecryptedEndPoint@356018b6{l=/127.0.0.1:44051,r=/127.0.0.1:33272,OPEN,fill=-,flush=W,to=44/30000}=>HttpConnection@51155a31[p=HttpParser{s=CONTENT,0 of -1},g=HttpGenerator@2e6474aa{s=COMPLETING}]=>HttpChannelOverHttp@4d71b282{s=HttpChannelState@c151ee{s=HANDLING rs=BLOCKING os=COMMITTED is=IDLE awp=false se=false i=true al=0},r=1,c=false/false,a=HANDLING,uri=https://localhost:44051/config-minimal.yml,age=1}
03:43:12.873 [qtp399373008-60] DEBUG org.eclipse.jetty.io.ssl.SslConnection - flush b[0]=HeapByteBuffer@17352c86[p=0,l=167,c=8192,r=167]={<<<HTTP/1.1 200 OK\r\nDate: Th...y(9.4.44.v20210927)\r\n\r\n>>>\x00\x00\x00\x00\x00\x00\x00\x00\x00...\x00\x00\x00\x00\x00\x00\x00}
03:43:12.873 [qtp399373008-60] DEBUG org.eclipse.jetty.io.ssl.SslConnection - flush b[1]=HeapByteBuffer@1c651610[p=0,l=1469,c=262144,r=1469]={<<<# Licensed to the Apache ...tination name: PutFile\n>>>\x00\x00\x00\x00\x00\x00\x00\x00\x00...\x00\x00\x00\x00\x00\x00\x00}
03:43:12.873 [qtp399373008-60] DEBUG org.eclipse.jetty.io.ssl.SslConnection - flush NOT_HANDSHAKING
03:43:12.873 [qtp399373008-60] DEBUG org.eclipse.jetty.io.ssl.SslConnection - wrap Status = OK HandshakeStatus = NOT_HANDSHAKING bytesConsumed = 1636 bytesProduced = 1674 [p=0,l=1674,c=17408,r=1674] ioDone=false/false
03:43:12.873 [qtp399373008-60] DEBUG org.eclipse.jetty.io.ChannelEndPoint - flushed 1674 SocketChannelEndPoint@7438359d{l=/127.0.0.1:44051,r=/127.0.0.1:33272,OPEN,fill=-,flush=-,to=1/30000}{io=0/0,kio=0,kro=1}->SslConnection@1bf47aca{NOT_HANDSHAKING,eio=-1/0,di=-1,fill=IDLE,flush=IDLE}~>DecryptedEndPoint@356018b6{l=/127.0.0.1:44051,r=/127.0.0.1:33272,OPEN,fill=-,flush=W,to=44/30000}=>HttpConnection@51155a31[p=HttpParser{s=CONTENT,0 of -1},g=HttpGenerator@2e6474aa{s=COMPLETING}]=>HttpChannelOverHttp@4d71b282{s=HttpChannelState@c151ee{s=HANDLING rs=BLOCKING os=COMMITTED is=IDLE awp=false se=false i=true al=0},r=1,c=false/false,a=HANDLING,uri=https://localhost:44051/config-minimal.yml,age=1}
03:43:12.873 [qtp399373008-60] DEBUG org.eclipse.jetty.io.ssl.SslConnection - net flushed=true, ac=true
03:43:12.873 [qtp399373008-60] DEBUG org.eclipse.jetty.io.ssl.SslConnection - <flush true SslConnection@1bf47aca::SocketChannelEndPoint@7438359d{l=/127.0.0.1:44051,r=/127.0.0.1:33272,OPEN,fill=-,flush=-,to=0/30000}{io=0/0,kio=0,kro=1}->SslConnection@1bf47aca{NOT_HANDSHAKING,eio=-1/-1,di=-1,fill=IDLE,flush=IDLE}~>DecryptedEndPoint@356018b6{l=/127.0.0.1:44051,r=/127.0.0.1:33272,OPEN,fill=-,flush=W,to=44/30000}=>HttpConnection@51155a31[p=HttpParser{s=CONTENT,0 of -1},g=HttpGenerator@2e6474aa{s=COMPLETING}]=>HttpChannelOverHttp@4d71b282{s=HttpChannelState@c151ee{s=HANDLING rs=BLOCKING os=COMMITTED is=IDLE awp=false se=false i=true al=0},r=1,c=false/false,a=HANDLING,uri=https://localhost:44051/config-minimal.yml,age=1}
03:43:12.873 [qtp399373008-60] DEBUG org.eclipse.jetty.io.WriteFlusher - Flushed=true written=1636 remaining=0 WriteFlusher@3328e8d{WRITING}->null
03:43:12.873 [qtp399373008-60] DEBUG org.eclipse.jetty.io.WriteFlusher - update WriteFlusher@3328e8d{IDLE}->null:WRITING-->IDLE
03:43:12.873 [qtp399373008-60] DEBUG org.eclipse.jetty.server.HttpConnection - generate: DONE for SendCallback@40e1b33e[PROCESSING][i=HTTP/1.1{s=200,h=4,cl=1469},cb=org.eclipse.jetty.server.HttpChannel$SendCallback@37d3cbf1] ([p=167,l=167,c=8192,r=0],[p=1469,l=1469,c=262144,r=0],true)@END
03:43:12.873 [qtp399373008-60] DEBUG org.eclipse.jetty.server.HttpOutput - onWriteComplete(true,null) s=CLOSING,api=BLOCKED,sc=false,e=null->s=CLOSED,api=BLOCKING,sc=false,e=null c=null cb=null w=false
03:43:12.873 [main] DEBUG org.apache.nifi.minifi.bootstrap.configuration.ingestors.PullHttpChangeIngestor - Response received: Response{protocol=http/1.1, code=200, message=OK, url=https://localhost:44051/config-minimal.yml}
03:43:12.874 [main] DEBUG org.apache.nifi.minifi.bootstrap.configuration.ingestors.PullHttpChangeIngestor - New change received, notifying listener
03:43:12.874 [main] DEBUG org.apache.nifi.minifi.bootstrap.configuration.ingestors.PullHttpChangeIngestor - Listeners notified
03:43:12.874 [qtp399373008-60] DEBUG org.eclipse.jetty.server.HttpOutput - close() s=CLOSED,api=BLOCKING,sc=false,e=null c=null b=null
03:43:12.874 [qtp399373008-60] DEBUG org.eclipse.jetty.server.Server - handled=true async=false committed=true on HttpChannelOverHttp@4d71b282{s=HttpChannelState@c151ee{s=HANDLING rs=BLOCKING os=COMPLETED is=IDLE awp=false se=false i=true al=0},r=1,c=false/true,a=HANDLING,uri=https://localhost:44051/config-minimal.yml,age=2}
03:43:12.874 [qtp399373008-60] DEBUG org.eclipse.jetty.server.HttpChannelState - unhandle HttpChannelState@c151ee{s=HANDLING rs=BLOCKING os=COMPLETED is=IDLE awp=false se=false i=true al=0}
03:43:12.874 [qtp399373008-60] DEBUG org.eclipse.jetty.server.HttpChannelState - nextAction(false) COMPLETE HttpChannelState@c151ee{s=HANDLING rs=COMPLETING os=COMPLETED is=IDLE awp=false se=false i=false al=0}
03:43:12.874 [qtp399373008-60] DEBUG org.eclipse.jetty.server.HttpChannel - action COMPLETE HttpChannelOverHttp@4d71b282{s=HttpChannelState@c151ee{s=HANDLING rs=COMPLETING os=COMPLETED is=IDLE awp=false se=false i=false al=0},r=1,c=false/true,a=HANDLING,uri=https://localhost:44051/config-minimal.yml,age=2}
03:43:12.874 [qtp399373008-60] DEBUG org.eclipse.jetty.server.HttpOutput - complete(org.eclipse.jetty.util.Callback$3@129fdec2) s=CLOSED,api=BLOCKING,sc=false,e=null s=true e=null, c=null
03:43:12.874 [qtp399373008-60] DEBUG org.eclipse.jetty.server.HttpChannelState - completed HttpChannelState@c151ee{s=HANDLING rs=COMPLETING os=COMPLETED is=IDLE awp=false se=false i=false al=0}
03:43:12.874 [qtp399373008-60] DEBUG org.eclipse.jetty.server.HttpChannelState - unhandle HttpChannelState@c151ee{s=HANDLING rs=COMPLETED os=COMPLETED is=IDLE awp=false se=false i=false al=0}
03:43:12.874 [qtp399373008-60] DEBUG org.eclipse.jetty.server.HttpChannelState - nextAction(false) TERMINATED HttpChannelState@c151ee{s=IDLE rs=COMPLETED os=COMPLETED is=IDLE awp=false se=false i=false al=0}
03:43:12.874 [qtp399373008-60] DEBUG org.eclipse.jetty.server.HttpChannel - action TERMINATED HttpChannelOverHttp@4d71b282{s=HttpChannelState@c151ee{s=IDLE rs=COMPLETED os=COMPLETED is=IDLE awp=false se=false i=false al=0},r=1,c=true/true,a=IDLE,uri=https://localhost:44051/config-minimal.yml,age=2}
03:43:12.874 [qtp399373008-60] DEBUG org.eclipse.jetty.server.HttpChannel - onCompleted for /config-minimal.yml written=1469
03:43:12.874 [qtp399373008-60] DEBUG org.eclipse.jetty.io.ssl.SslConnection - >fill SslConnection@1bf47aca::SocketChannelEndPoint@7438359d{l=/127.0.0.1:44051,r=/127.0.0.1:33272,OPEN,fill=-,flush=-,to=1/30000}{io=0/0,kio=0,kro=1}->SslConnection@1bf47aca{NOT_HANDSHAKING,eio=-1/-1,di=-1,fill=IDLE,flush=IDLE}~>DecryptedEndPoint@356018b6{l=/127.0.0.1:44051,r=/127.0.0.1:33272,OPEN,fill=-,flush=-,to=45/30000}=>HttpConnection@51155a31[p=HttpParser{s=CONTENT,0 of -1},g=HttpGenerator@2e6474aa{s=END}]=>HttpChannelOverHttp@4d71b282{s=HttpChannelState@c151ee{s=IDLE rs=COMPLETED os=COMPLETED is=IDLE awp=false se=false i=false al=0},r=1,c=true/true,a=IDLE,uri=https://localhost:44051/config-minimal.yml,age=2}
03:43:12.874 [qtp399373008-60] DEBUG org.eclipse.jetty.io.ssl.SslConnection - fill NOT_HANDSHAKING
03:43:12.874 [qtp399373008-60] DEBUG org.eclipse.jetty.io.ChannelEndPoint - filled 0 HeapByteBuffer@76afdda5[p=0,l=0,c=17408,r=0]={<<<>>>GET /conf...\x00\x00\x00\x00\x00\x00\x00}
03:43:12.874 [qtp399373008-60] DEBUG org.eclipse.jetty.io.ssl.SslConnection - net filled=0
03:43:12.874 [qtp399373008-60] DEBUG org.eclipse.jetty.io.ssl.SslConnection - unwrap net_filled=0 Status = BUFFER_UNDERFLOW HandshakeStatus = NOT_HANDSHAKING bytesConsumed = 0 bytesProduced = 0 encryptedBuffer=[p=0,l=0,c=17408,r=0] unwrapBuffer=HeapByteBuffer@729047a8[p=0,l=0,c=17408,r=0]={<<<>>>\x17\x03\x03\x03\xAd\x0b\x00\x03\x88...\x00\x00\x00\x00\x00\x00\x00} appBuffer=HeapByteBuffer@729047a8[p=0,l=0,c=17408,r=0]={<<<>>>\x17\x03\x03\x03\xAd\x0b\x00\x03\x88...\x00\x00\x00\x00\x00\x00\x00}
03:43:12.874 [qtp399373008-60] DEBUG org.eclipse.jetty.io.ssl.SslConnection - <fill f=0 uf=true SslConnection@1bf47aca::SocketChannelEndPoint@7438359d{l=/127.0.0.1:44051,r=/127.0.0.1:33272,OPEN,fill=-,flush=-,to=1/30000}{io=0/0,kio=0,kro=1}->SslConnection@1bf47aca{NOT_HANDSHAKING,eio=-1/-1,di=-1,fill=IDLE,flush=IDLE}~>DecryptedEndPoint@356018b6{l=/127.0.0.1:44051,r=/127.0.0.1:33272,OPEN,fill=-,flush=-,to=45/30000}=>HttpConnection@51155a31[p=HttpParser{s=CONTENT,0 of -1},g=HttpGenerator@2e6474aa{s=END}]=>HttpChannelOverHttp@4d71b282{s=HttpChannelState@c151ee{s=IDLE rs=COMPLETED os=COMPLETED is=IDLE awp=false se=false i=false al=0},r=1,c=true/true,a=IDLE,uri=https://localhost:44051/config-minimal.yml,age=2}
03:43:12.874 [qtp399373008-60] DEBUG org.eclipse.jetty.io.ssl.SslConnection - >fill SslConnection@1bf47aca::SocketChannelEndPoint@7438359d{l=/127.0.0.1:44051,r=/127.0.0.1:33272,OPEN,fill=-,flush=-,to=1/30000}{io=0/0,kio=0,kro=1}->SslConnection@1bf47aca{NOT_HANDSHAKING,eio=-1/-1,di=-1,fill=IDLE,flush=IDLE}~>DecryptedEndPoint@356018b6{l=/127.0.0.1:44051,r=/127.0.0.1:33272,OPEN,fill=-,flush=-,to=45/30000}=>HttpConnection@51155a31[p=HttpParser{s=CONTENT,0 of -1},g=HttpGenerator@2e6474aa{s=END}]=>HttpChannelOverHttp@4d71b282{s=HttpChannelState@c151ee{s=IDLE rs=COMPLETED os=COMPLETED is=IDLE awp=false se=false i=false al=0},r=1,c=true/true,a=IDLE,uri=https://localhost:44051/config-minimal.yml,age=2}
03:43:12.874 [qtp399373008-60] DEBUG org.eclipse.jetty.io.ssl.SslConnection - fill NOT_HANDSHAKING
03:43:12.874 [qtp399373008-60] DEBUG org.eclipse.jetty.io.ChannelEndPoint - filled 0 HeapByteBuffer@78682cd8[p=0,l=0,c=17408,r=0]={<<<>>>\x17\x03\x03\x06\x85\x19\xB7\xA38...\x00\x00\x00\x00\x00\x00\x00}
03:43:12.874 [qtp399373008-60] DEBUG org.eclipse.jetty.io.ssl.SslConnection - net filled=0
03:43:12.874 [qtp399373008-60] DEBUG org.eclipse.jetty.io.ssl.SslConnection - unwrap net_filled=0 Status = BUFFER_UNDERFLOW HandshakeStatus = NOT_HANDSHAKING bytesConsumed = 0 bytesProduced = 0 encryptedBuffer=[p=0,l=0,c=17408,r=0] unwrapBuffer=HeapByteBuffer@729047a8[p=0,l=0,c=17408,r=0]={<<<>>>\x17\x03\x03\x03\xAd\x0b\x00\x03\x88...\x00\x00\x00\x00\x00\x00\x00} appBuffer=HeapByteBuffer@729047a8[p=0,l=0,c=17408,r=0]={<<<>>>\x17\x03\x03\x03\xAd\x0b\x00\x03\x88...\x00\x00\x00\x00\x00\x00\x00}
03:43:12.875 [qtp399373008-60] DEBUG org.eclipse.jetty.io.ssl.SslConnection - <fill f=0 uf=true SslConnection@1bf47aca::SocketChannelEndPoint@7438359d{l=/127.0.0.1:44051,r=/127.0.0.1:33272,OPEN,fill=-,flush=-,to=1/30000}{io=0/0,kio=0,kro=1}->SslConnection@1bf47aca{NOT_HANDSHAKING,eio=-1/-1,di=-1,fill=IDLE,flush=IDLE}~>DecryptedEndPoint@356018b6{l=/127.0.0.1:44051,r=/127.0.0.1:33272,OPEN,fill=-,flush=-,to=46/30000}=>HttpConnection@51155a31[p=HttpParser{s=CONTENT,0 of -1},g=HttpGenerator@2e6474aa{s=END}]=>HttpChannelOverHttp@4d71b282{s=HttpChannelState@c151ee{s=IDLE rs=COMPLETED os=COMPLETED is=IDLE awp=false se=false i=false al=0},r=1,c=true/true,a=IDLE,uri=https://localhost:44051/config-minimal.yml,age=3}
03:43:12.875 [qtp399373008-60] DEBUG org.eclipse.jetty.server.HttpConnection - HttpConnection@51155a31::DecryptedEndPoint@356018b6{l=/127.0.0.1:44051,r=/127.0.0.1:33272,OPEN,fill=-,flush=-,to=46/30000} filled 0 HeapByteBuffer@729047a8[p=0,l=0,c=17408,r=0]={<<<>>>\x17\x03\x03\x03\xAd\x0b\x00\x03\x88...\x00\x00\x00\x00\x00\x00\x00}
03:43:12.875 [qtp399373008-60] DEBUG org.eclipse.jetty.server.HttpConnection - HttpConnection@51155a31::DecryptedEndPoint@356018b6{l=/127.0.0.1:44051,r=/127.0.0.1:33272,OPEN,fill=-,flush=-,to=46/30000} parse HeapByteBuffer@729047a8[p=0,l=0,c=17408,r=0]={<<<>>>\x17\x03\x03\x03\xAd\x0b\x00\x03\x88...\x00\x00\x00\x00\x00\x00\x00} {}
03:43:12.875 [qtp399373008-60] DEBUG org.eclipse.jetty.http.HttpParser - parseNext s=CONTENT HeapByteBuffer@729047a8[p=0,l=0,c=17408,r=0]={<<<>>>\x17\x03\x03\x03\xAd\x0b\x00\x03\x88...\x00\x00\x00\x00\x00\x00\x00}
03:43:12.875 [qtp399373008-60] DEBUG org.eclipse.jetty.http.HttpParser - CONTENT --> CONTENT_END
03:43:12.875 [qtp399373008-60] DEBUG org.eclipse.jetty.server.HttpChannel - onContentComplete HttpChannelOverHttp@4d71b282{s=HttpChannelState@c151ee{s=IDLE rs=COMPLETED os=COMPLETED is=IDLE awp=false se=false i=false al=0},r=1,c=true/true,a=IDLE,uri=https://localhost:44051/config-minimal.yml,age=3}
03:43:12.875 [qtp399373008-60] DEBUG org.eclipse.jetty.http.HttpParser - CONTENT_END --> END
03:43:12.875 [qtp399373008-60] DEBUG org.eclipse.jetty.server.HttpChannel - onRequestComplete HttpChannelOverHttp@4d71b282{s=HttpChannelState@c151ee{s=IDLE rs=COMPLETED os=COMPLETED is=IDLE awp=false se=false i=false al=0},r=1,c=true/true,a=IDLE,uri=https://localhost:44051/config-minimal.yml,age=3}
03:43:12.875 [qtp399373008-60] DEBUG org.eclipse.jetty.server.HttpInput - HttpInputOverHTTP@5f2af7ec[c=0,q=0,[0]=null,s=STREAM] addContent EOF
03:43:12.875 [qtp399373008-60] DEBUG org.eclipse.jetty.server.HttpConnection - HttpConnection@51155a31::DecryptedEndPoint@356018b6{l=/127.0.0.1:44051,r=/127.0.0.1:33272,OPEN,fill=-,flush=-,to=46/30000} parsed false HttpParser{s=END,0 of -1}
03:43:12.875 [qtp399373008-60] DEBUG org.eclipse.jetty.server.HttpConnection - releaseRequestBuffer HttpConnection@51155a31::DecryptedEndPoint@356018b6{l=/127.0.0.1:44051,r=/127.0.0.1:33272,OPEN,fill=-,flush=-,to=46/30000}
03:43:12.875 [qtp399373008-60] DEBUG org.eclipse.jetty.server.HttpChannelState - recycle HttpChannelState@c151ee{s=IDLE rs=COMPLETED os=COMPLETED is=IDLE awp=false se=false i=false al=0}
03:43:12.875 [qtp399373008-60] DEBUG org.eclipse.jetty.http.HttpParser - reset HttpParser{s=END,0 of -1}
03:43:12.875 [qtp399373008-60] DEBUG org.eclipse.jetty.http.HttpParser - END --> START
03:43:12.875 [qtp399373008-60] DEBUG org.eclipse.jetty.server.HttpChannel - !handle TERMINATED HttpChannelOverHttp@4d71b282{s=HttpChannelState@c151ee{s=IDLE rs=BLOCKING os=OPEN is=IDLE awp=false se=false i=true al=0},r=1,c=false/false,a=IDLE,uri=null,age=0}
03:43:12.875 [qtp399373008-60] DEBUG org.eclipse.jetty.io.ssl.SslConnection - >fill SslConnection@1bf47aca::SocketChannelEndPoint@7438359d{l=/127.0.0.1:44051,r=/127.0.0.1:33272,OPEN,fill=-,flush=-,to=1/30000}{io=0/0,kio=0,kro=1}->SslConnection@1bf47aca{NOT_HANDSHAKING,eio=-1/-1,di=-1,fill=IDLE,flush=IDLE}~>DecryptedEndPoint@356018b6{l=/127.0.0.1:44051,r=/127.0.0.1:33272,OPEN,fill=-,flush=-,to=46/30000}=>HttpConnection@51155a31[p=HttpParser{s=START,0 of -1},g=HttpGenerator@2e6474aa{s=START}]=>HttpChannelOverHttp@4d71b282{s=HttpChannelState@c151ee{s=IDLE rs=BLOCKING os=OPEN is=IDLE awp=false se=false i=true al=0},r=1,c=false/false,a=IDLE,uri=null,age=0}
03:43:12.875 [qtp399373008-60] DEBUG org.eclipse.jetty.io.ssl.SslConnection - fill NOT_HANDSHAKING
03:43:12.875 [qtp399373008-60] DEBUG org.eclipse.jetty.io.ChannelEndPoint - filled 0 HeapByteBuffer@78682cd8[p=0,l=0,c=17408,r=0]={<<<>>>\x17\x03\x03\x06\x85\x19\xB7\xA38...\x00\x00\x00\x00\x00\x00\x00}
03:43:12.875 [qtp399373008-60] DEBUG org.eclipse.jetty.io.ssl.SslConnection - net filled=0
03:43:12.875 [qtp399373008-60] DEBUG org.eclipse.jetty.io.ssl.SslConnection - unwrap net_filled=0 Status = BUFFER_UNDERFLOW HandshakeStatus = NOT_HANDSHAKING bytesConsumed = 0 bytesProduced = 0 encryptedBuffer=[p=0,l=0,c=17408,r=0] unwrapBuffer=HeapByteBuffer@76afdda5[p=0,l=0,c=17408,r=0]={<<<>>>GET /conf...\x00\x00\x00\x00\x00\x00\x00} appBuffer=HeapByteBuffer@76afdda5[p=0,l=0,c=17408,r=0]={<<<>>>GET /conf...\x00\x00\x00\x00\x00\x00\x00}
03:43:12.875 [qtp399373008-60] DEBUG org.eclipse.jetty.io.ssl.SslConnection - <fill f=0 uf=true SslConnection@1bf47aca::SocketChannelEndPoint@7438359d{l=/127.0.0.1:44051,r=/127.0.0.1:33272,OPEN,fill=-,flush=-,to=1/30000}{io=0/0,kio=0,kro=1}->SslConnection@1bf47aca{NOT_HANDSHAKING,eio=-1/-1,di=-1,fill=IDLE,flush=IDLE}~>DecryptedEndPoint@356018b6{l=/127.0.0.1:44051,r=/127.0.0.1:33272,OPEN,fill=-,flush=-,to=46/30000}=>HttpConnection@51155a31[p=HttpParser{s=START,0 of -1},g=HttpGenerator@2e6474aa{s=START}]=>HttpChannelOverHttp@4d71b282{s=HttpChannelState@c151ee{s=IDLE rs=BLOCKING os=OPEN is=IDLE awp=false se=false i=true al=0},r=1,c=false/false,a=IDLE,uri=null,age=0}
03:43:12.875 [qtp399373008-60] DEBUG org.eclipse.jetty.io.ssl.SslConnection - >fill SslConnection@1bf47aca::SocketChannelEndPoint@7438359d{l=/127.0.0.1:44051,r=/127.0.0.1:33272,OPEN,fill=-,flush=-,to=1/30000}{io=0/0,kio=0,kro=1}->SslConnection@1bf47aca{NOT_HANDSHAKING,eio=-1/-1,di=-1,fill=IDLE,flush=IDLE}~>DecryptedEndPoint@356018b6{l=/127.0.0.1:44051,r=/127.0.0.1:33272,OPEN,fill=-,flush=-,to=46/30000}=>HttpConnection@51155a31[p=HttpParser{s=START,0 of -1},g=HttpGenerator@2e6474aa{s=START}]=>HttpChannelOverHttp@4d71b282{s=HttpChannelState@c151ee{s=IDLE rs=BLOCKING os=OPEN is=IDLE awp=false se=false i=true al=0},r=1,c=false/false,a=IDLE,uri=null,age=0}
03:43:12.875 [qtp399373008-60] DEBUG org.eclipse.jetty.io.ssl.SslConnection - fill NOT_HANDSHAKING
03:43:12.875 [qtp399373008-60] DEBUG org.eclipse.jetty.io.ChannelEndPoint - filled 0 HeapByteBuffer@729047a8[p=0,l=0,c=17408,r=0]={<<<>>>\x17\x03\x03\x03\xAd\x0b\x00\x03\x88...\x00\x00\x00\x00\x00\x00\x00}
03:43:12.875 [qtp399373008-60] DEBUG org.eclipse.jetty.io.ssl.SslConnection - net filled=0
03:43:12.875 [qtp399373008-60] DEBUG org.eclipse.jetty.io.ssl.SslConnection - unwrap net_filled=0 Status = BUFFER_UNDERFLOW HandshakeStatus = NOT_HANDSHAKING bytesConsumed = 0 bytesProduced = 0 encryptedBuffer=[p=0,l=0,c=17408,r=0] unwrapBuffer=HeapByteBuffer@76afdda5[p=0,l=0,c=17408,r=0]={<<<>>>GET /conf...\x00\x00\x00\x00\x00\x00\x00} appBuffer=HeapByteBuffer@76afdda5[p=0,l=0,c=17408,r=0]={<<<>>>GET /conf...\x00\x00\x00\x00\x00\x00\x00}
03:43:12.875 [qtp399373008-60] DEBUG org.eclipse.jetty.io.ssl.SslConnection - <fill f=0 uf=true SslConnection@1bf47aca::SocketChannelEndPoint@7438359d{l=/127.0.0.1:44051,r=/127.0.0.1:33272,OPEN,fill=-,flush=-,to=1/30000}{io=0/0,kio=0,kro=1}->SslConnection@1bf47aca{NOT_HANDSHAKING,eio=-1/-1,di=-1,fill=IDLE,flush=IDLE}~>DecryptedEndPoint@356018b6{l=/127.0.0.1:44051,r=/127.0.0.1:33272,OPEN,fill=-,flush=-,to=46/30000}=>HttpConnection@51155a31[p=HttpParser{s=START,0 of -1},g=HttpGenerator@2e6474aa{s=START}]=>HttpChannelOverHttp@4d71b282{s=HttpChannelState@c151ee{s=IDLE rs=BLOCKING os=OPEN is=IDLE awp=false se=false i=true al=0},r=1,c=false/false,a=IDLE,uri=null,age=0}
03:43:12.875 [qtp399373008-60] DEBUG org.eclipse.jetty.server.HttpConnection - HttpConnection@51155a31::DecryptedEndPoint@356018b6{l=/127.0.0.1:44051,r=/127.0.0.1:33272,OPEN,fill=-,flush=-,to=46/30000} filled 0 HeapByteBuffer@76afdda5[p=0,l=0,c=17408,r=0]={<<<>>>GET /conf...\x00\x00\x00\x00\x00\x00\x00}
03:43:12.875 [qtp399373008-60] DEBUG org.eclipse.jetty.server.HttpConnection - HttpConnection@51155a31::DecryptedEndPoint@356018b6{l=/127.0.0.1:44051,r=/127.0.0.1:33272,OPEN,fill=-,flush=-,to=46/30000} parse HeapByteBuffer@76afdda5[p=0,l=0,c=17408,r=0]={<<<>>>GET /conf...\x00\x00\x00\x00\x00\x00\x00} {}
03:43:12.875 [qtp399373008-60] DEBUG org.eclipse.jetty.http.HttpParser - parseNext s=START HeapByteBuffer@76afdda5[p=0,l=0,c=17408,r=0]={<<<>>>GET /conf...\x00\x00\x00\x00\x00\x00\x00}
03:43:12.875 [qtp399373008-60] DEBUG org.eclipse.jetty.server.HttpConnection - HttpConnection@51155a31::DecryptedEndPoint@356018b6{l=/127.0.0.1:44051,r=/127.0.0.1:33272,OPEN,fill=-,flush=-,to=46/30000} parsed false HttpParser{s=START,0 of -1}
03:43:12.875 [qtp399373008-60] DEBUG org.eclipse.jetty.server.HttpConnection - releaseRequestBuffer HttpConnection@51155a31::DecryptedEndPoint@356018b6{l=/127.0.0.1:44051,r=/127.0.0.1:33272,OPEN,fill=-,flush=-,to=46/30000}
03:43:12.875 [qtp399373008-60] DEBUG org.eclipse.jetty.io.AbstractConnection - fillInterested HttpConnection@51155a31::DecryptedEndPoint@356018b6{l=/127.0.0.1:44051,r=/127.0.0.1:33272,OPEN,fill=-,flush=-,to=46/30000}
03:43:12.875 [qtp399373008-60] DEBUG org.eclipse.jetty.io.FillInterest - interested FillInterest@555b6785{AC.ReadCB@51155a31{HttpConnection@51155a31::DecryptedEndPoint@356018b6{l=/127.0.0.1:44051,r=/127.0.0.1:33272,OPEN,fill=FI,flush=-,to=0/30000}}}
03:43:12.875 [qtp399373008-60] DEBUG org.eclipse.jetty.io.ssl.SslConnection - >needFillInterest s=IDLE/IDLE uf=true ei=null di=null SslConnection@1bf47aca::SocketChannelEndPoint@7438359d{l=/127.0.0.1:44051,r=/127.0.0.1:33272,OPEN,fill=-,flush=-,to=2/30000}{io=0/0,kio=0,kro=1}->SslConnection@1bf47aca{NOT_HANDSHAKING,eio=-1/-1,di=-1,fill=IDLE,flush=IDLE}~>DecryptedEndPoint@356018b6{l=/127.0.0.1:44051,r=/127.0.0.1:33272,OPEN,fill=FI,flush=-,to=0/30000}=>HttpConnection@51155a31[p=HttpParser{s=START,0 of -1},g=HttpGenerator@2e6474aa{s=START}]=>HttpChannelOverHttp@4d71b282{s=HttpChannelState@c151ee{s=IDLE rs=BLOCKING os=OPEN is=IDLE awp=false se=false i=true al=0},r=1,c=false/false,a=IDLE,uri=null,age=0}
03:43:12.875 [qtp399373008-60] DEBUG org.eclipse.jetty.io.ssl.SslConnection - <needFillInterest s=IDLE/INTERESTED f=false i=true w=null
03:43:12.876 [qtp399373008-60] DEBUG org.eclipse.jetty.io.ssl.SslConnection - ensureFillInterested SslConnection@1bf47aca::SocketChannelEndPoint@7438359d{l=/127.0.0.1:44051,r=/127.0.0.1:33272,OPEN,fill=-,flush=-,to=2/30000}{io=0/0,kio=0,kro=1}->SslConnection@1bf47aca{NOT_HANDSHAKING,eio=-1/-1,di=-1,fill=INTERESTED,flush=IDLE}~>DecryptedEndPoint@356018b6{l=/127.0.0.1:44051,r=/127.0.0.1:33272,OPEN,fill=FI,flush=-,to=0/30000}=>HttpConnection@51155a31[p=HttpParser{s=START,0 of -1},g=HttpGenerator@2e6474aa{s=START}]=>HttpChannelOverHttp@4d71b282{s=HttpChannelState@c151ee{s=IDLE rs=BLOCKING os=OPEN is=IDLE awp=false se=false i=true al=0},r=1,c=false/false,a=IDLE,uri=null,age=0}
03:43:12.876 [qtp399373008-60] DEBUG org.eclipse.jetty.io.FillInterest - interested FillInterest@44c3fb92{SSLC.NBReadCB@1bf47aca{SslConnection@1bf47aca::SocketChannelEndPoint@7438359d{l=/127.0.0.1:44051,r=/127.0.0.1:33272,OPEN,fill=FI,flush=-,to=0/30000}{io=0/0,kio=0,kro=1}->SslConnection@1bf47aca{NOT_HANDSHAKING,eio=-1/-1,di=-1,fill=INTERESTED,flush=IDLE}~>DecryptedEndPoint@356018b6{l=/127.0.0.1:44051,r=/127.0.0.1:33272,OPEN,fill=FI,flush=-,to=0/30000}=>HttpConnection@51155a31[p=HttpParser{s=START,0 of -1},g=HttpGenerator@2e6474aa{s=START}]=>HttpChannelOverHttp@4d71b282{s=HttpChannelState@c151ee{s=IDLE rs=BLOCKING os=OPEN is=IDLE awp=false se=false i=true al=0},r=1,c=false/false,a=IDLE,uri=null,age=0}}}
03:43:12.876 [qtp399373008-60] DEBUG org.eclipse.jetty.io.ChannelEndPoint - changeInterests p=false 0->1 for SocketChannelEndPoint@7438359d{l=/127.0.0.1:44051,r=/127.0.0.1:33272,OPEN,fill=FI,flush=-,to=0/30000}{io=0/1,kio=0,kro=1}->SslConnection@1bf47aca{NOT_HANDSHAKING,eio=-1/-1,di=-1,fill=INTERESTED,flush=IDLE}~>DecryptedEndPoint@356018b6{l=/127.0.0.1:44051,r=/127.0.0.1:33272,OPEN,fill=FI,flush=-,to=0/30000}=>HttpConnection@51155a31[p=HttpParser{s=START,0 of -1},g=HttpGenerator@2e6474aa{s=START}]=>HttpChannelOverHttp@4d71b282{s=HttpChannelState@c151ee{s=IDLE rs=BLOCKING os=OPEN is=IDLE awp=false se=false i=true al=0},r=1,c=false/false,a=IDLE,uri=null,age=0}
03:43:12.876 [qtp399373008-60] DEBUG org.eclipse.jetty.io.ManagedSelector - Queued change lazy=false org.eclipse.jetty.io.ChannelEndPoint$$Lambda$255/90666987@7c59fbea on ManagedSelector@5733f295{STARTED} id=1 keys=2 selected=0 updates=0
03:43:12.876 [qtp399373008-60] DEBUG org.eclipse.jetty.io.ManagedSelector - Wakeup on submit ManagedSelector@5733f295{STARTED} id=1 keys=2 selected=0 updates=1
03:43:12.876 [qtp399373008-57] DEBUG org.eclipse.jetty.io.ManagedSelector - Selector sun.nio.ch.EPollSelectorImpl@62ef7cb1 woken with none selected
03:43:12.876 [qtp399373008-60] DEBUG org.eclipse.jetty.server.HttpConnection - HttpConnection@51155a31::DecryptedEndPoint@356018b6{l=/127.0.0.1:44051,r=/127.0.0.1:33272,OPEN,fill=FI,flush=-,to=0/30000} onFillable exit HttpChannelState@c151ee{s=IDLE rs=BLOCKING os=OPEN is=IDLE awp=false se=false i=true al=0} null
03:43:12.876 [qtp399373008-57] DEBUG org.eclipse.jetty.io.ManagedSelector - Selector sun.nio.ch.EPollSelectorImpl@62ef7cb1 woken up from select, 0/0/2 selected
03:43:12.876 [qtp399373008-57] DEBUG org.eclipse.jetty.io.ManagedSelector - Selector sun.nio.ch.EPollSelectorImpl@62ef7cb1 processing 0 keys, 1 updates
03:43:12.876 [qtp399373008-57] DEBUG org.eclipse.jetty.io.ManagedSelector - updateable 1
03:43:12.876 [qtp399373008-57] DEBUG org.eclipse.jetty.io.ManagedSelector - update org.eclipse.jetty.io.ChannelEndPoint$$Lambda$255/90666987@7c59fbea
03:43:12.876 [qtp399373008-60] DEBUG org.eclipse.jetty.io.ssl.SslConnection - <c.onFillable SslConnection@1bf47aca::SocketChannelEndPoint@7438359d{l=/127.0.0.1:44051,r=/127.0.0.1:33272,OPEN,fill=FI,flush=-,to=0/30000}{io=0/1,kio=0,kro=1}->SslConnection@1bf47aca{NOT_HANDSHAKING,eio=-1/-1,di=-1,fill=INTERESTED,flush=IDLE}~>DecryptedEndPoint@356018b6{l=/127.0.0.1:44051,r=/127.0.0.1:33272,OPEN,fill=FI,flush=-,to=0/30000}=>HttpConnection@51155a31[p=HttpParser{s=START,0 of -1},g=HttpGenerator@2e6474aa{s=START}]=>HttpChannelOverHttp@4d71b282{s=HttpChannelState@c151ee{s=IDLE rs=BLOCKING os=OPEN is=IDLE awp=false se=false i=true al=0},r=1,c=false/false,a=IDLE,uri=null,age=0}
03:43:12.876 [qtp399373008-60] DEBUG org.eclipse.jetty.util.thread.ReservedThreadExecutor - ReservedThread@1c72db32{RUNNING,thread=Thread[qtp399373008-60,5,main]} was=RUNNING next=RESERVED size=0+2 capacity=8
03:43:12.876 [qtp399373008-60] DEBUG org.eclipse.jetty.util.thread.ReservedThreadExecutor - ReservedThread@1c72db32{RESERVED,thread=Thread[qtp399373008-60,5,main]} waiting ReservedThreadExecutor@424fd310{reserved=2/8,pending=0}
03:43:12.876 [qtp399373008-57] DEBUG org.eclipse.jetty.io.ChannelEndPoint - Key interests updated 0 -> 1 on SocketChannelEndPoint@7438359d{l=/127.0.0.1:44051,r=/127.0.0.1:33272,OPEN,fill=FI,flush=-,to=0/30000}{io=1/1,kio=1,kro=1}->SslConnection@1bf47aca{NOT_HANDSHAKING,eio=-1/-1,di=-1,fill=INTERESTED,flush=IDLE}~>DecryptedEndPoint@356018b6{l=/127.0.0.1:44051,r=/127.0.0.1:33272,OPEN,fill=FI,flush=-,to=0/30000}=>HttpConnection@51155a31[p=HttpParser{s=START,0 of -1},g=HttpGenerator@2e6474aa{s=START}]=>HttpChannelOverHttp@4d71b282{s=HttpChannelState@c151ee{s=IDLE rs=BLOCKING os=OPEN is=IDLE awp=false se=false i=true al=0},r=1,c=false/false,a=IDLE,uri=null,age=0}
03:43:12.876 [qtp399373008-57] DEBUG org.eclipse.jetty.io.ManagedSelector - updates 0
03:43:12.876 [qtp399373008-57] DEBUG org.eclipse.jetty.io.ManagedSelector - Selector sun.nio.ch.EPollSelectorImpl@62ef7cb1 waiting with 2 keys
]]></system-out>
  </testcase>
  <testcase name="testNoUpdate" classname="org.apache.nifi.minifi.bootstrap.configuration.ingestors.PullHttpChangeIngestorSSLTest" time="0.06">
    <system-out><![CDATA[03:43:12.879 [main] DEBUG org.apache.nifi.minifi.bootstrap.configuration.ingestors.PullHttpChangeIngestor - Attempting to pull new config
03:43:12.879 [qtp399373008-59-acceptor-0@4795ded0-ServerConnector@2374d36a{SSL, (ssl, http/1.1)}{localhost:44051}] DEBUG org.eclipse.jetty.io.ManagedSelector - Queued change lazy=false Accept@5a258751[java.nio.channels.SocketChannel[connected local=/127.0.0.1:44051 remote=/127.0.0.1:33282]] on ManagedSelector@47a86fbb{STARTED} id=2 keys=1 selected=0 updates=0
03:43:12.879 [qtp399373008-59-acceptor-0@4795ded0-ServerConnector@2374d36a{SSL, (ssl, http/1.1)}{localhost:44051}] DEBUG org.eclipse.jetty.io.ManagedSelector - Wakeup on submit ManagedSelector@47a86fbb{STARTED} id=2 keys=1 selected=0 updates=1
03:43:12.879 [qtp399373008-62] DEBUG org.eclipse.jetty.io.ManagedSelector - Selector sun.nio.ch.EPollSelectorImpl@1eaae130 woken with none selected
03:43:12.879 [qtp399373008-62] DEBUG org.eclipse.jetty.io.ManagedSelector - Selector sun.nio.ch.EPollSelectorImpl@1eaae130 woken up from select, 0/0/1 selected
03:43:12.879 [qtp399373008-62] DEBUG org.eclipse.jetty.io.ManagedSelector - Selector sun.nio.ch.EPollSelectorImpl@1eaae130 processing 0 keys, 1 updates
03:43:12.879 [qtp399373008-62] DEBUG org.eclipse.jetty.io.ManagedSelector - updateable 1
03:43:12.880 [qtp399373008-62] DEBUG org.eclipse.jetty.io.ManagedSelector - update Accept@5a258751[java.nio.channels.SocketChannel[connected local=/127.0.0.1:44051 remote=/127.0.0.1:33282]]
03:43:12.880 [qtp399373008-62] DEBUG org.eclipse.jetty.util.thread.QueuedThreadPool - queue Accept@5a258751[java.nio.channels.SocketChannel[connected local=/127.0.0.1:44051 remote=/127.0.0.1:33282]] startThread=0
03:43:12.880 [qtp399373008-62] DEBUG org.eclipse.jetty.io.ManagedSelector - updates 0
03:43:12.880 [qtp399373008-62] DEBUG org.eclipse.jetty.io.ManagedSelector - Selector sun.nio.ch.EPollSelectorImpl@1eaae130 waiting with 2 keys
03:43:12.880 [qtp399373008-55] DEBUG org.eclipse.jetty.util.thread.QueuedThreadPool - run Accept@5a258751[java.nio.channels.SocketChannel[connected local=/127.0.0.1:44051 remote=/127.0.0.1:33282]] in QueuedThreadPool[qtp399373008]@17cdf2d0{STARTED,8<=8<=200,i=0,r=-1,q=0}[ReservedThreadExecutor@424fd310{reserved=2/8,pending=0}]
03:43:12.880 [qtp399373008-55] DEBUG org.eclipse.jetty.io.IdleTimeout - SocketChannelEndPoint@719501ef{l=/127.0.0.1:44051,r=/127.0.0.1:33282,OPEN,fill=-,flush=-,to=0/30000}{io=0/0,kio=0,kro=0}-><null> idle timeout check, elapsed: 0 ms, remaining: 30000 ms
03:43:12.880 [qtp399373008-55] DEBUG org.eclipse.jetty.util.ssl.SslContextFactory - Customize sun.security.ssl.SSLEngineImpl@7ffc3717
03:43:12.880 [qtp399373008-55] DEBUG org.eclipse.jetty.server.HttpChannel - new HttpChannelOverHttp@24b85c11{s=HttpChannelState@170d65c7{s=IDLE rs=BLOCKING os=OPEN is=IDLE awp=false se=false i=true al=0},r=0,c=false/false,a=IDLE,uri=null,age=0} -> DecryptedEndPoint@4ece94b0{l=/127.0.0.1:44051,r=/127.0.0.1:33282,OPEN,fill=-,flush=-,to=0/30000},null,HttpChannelState@170d65c7{s=IDLE rs=BLOCKING os=OPEN is=IDLE awp=false se=false i=true al=0}
03:43:12.880 [qtp399373008-55] DEBUG org.eclipse.jetty.server.HttpConnection - New HTTP Connection HttpConnection@509446f1::DecryptedEndPoint@4ece94b0{l=/127.0.0.1:44051,r=/127.0.0.1:33282,OPEN,fill=-,flush=-,to=0/30000}
03:43:12.880 [qtp399373008-55] DEBUG org.eclipse.jetty.io.ManagedSelector - Queued change lazy=true org.eclipse.jetty.io.ManagedSelector$$Lambda$258/445561681@36aad026 on ManagedSelector@47a86fbb{STARTED} id=2 keys=2 selected=0 updates=0
03:43:12.880 [qtp399373008-55] DEBUG org.eclipse.jetty.io.AbstractEndPoint - onOpen SocketChannelEndPoint@719501ef{l=/127.0.0.1:44051,r=/127.0.0.1:33282,OPEN,fill=-,flush=-,to=0/30000}{io=0/0,kio=0,kro=0}->SslConnection@4a75b869{NOT_HANDSHAKING,eio=-1/-1,di=-1,fill=IDLE,flush=IDLE}~>DecryptedEndPoint@4ece94b0{l=/127.0.0.1:44051,r=/127.0.0.1:33282,OPEN,fill=-,flush=-,to=0/30000}=>HttpConnection@509446f1[p=HttpParser{s=START,0 of -1},g=HttpGenerator@70a4ce83{s=START}]=>HttpChannelOverHttp@24b85c11{s=HttpChannelState@170d65c7{s=IDLE rs=BLOCKING os=OPEN is=IDLE awp=false se=false i=true al=0},r=0,c=false/false,a=IDLE,uri=null,age=0}
03:43:12.880 [qtp399373008-55] DEBUG org.eclipse.jetty.io.AbstractConnection - onOpen SslConnection@4a75b869::SocketChannelEndPoint@719501ef{l=/127.0.0.1:44051,r=/127.0.0.1:33282,OPEN,fill=-,flush=-,to=0/30000}{io=0/0,kio=0,kro=0}->SslConnection@4a75b869{NOT_HANDSHAKING,eio=-1/-1,di=-1,fill=IDLE,flush=IDLE}~>DecryptedEndPoint@4ece94b0{l=/127.0.0.1:44051,r=/127.0.0.1:33282,OPEN,fill=-,flush=-,to=0/30000}=>HttpConnection@509446f1[p=HttpParser{s=START,0 of -1},g=HttpGenerator@70a4ce83{s=START}]=>HttpChannelOverHttp@24b85c11{s=HttpChannelState@170d65c7{s=IDLE rs=BLOCKING os=OPEN is=IDLE awp=false se=false i=true al=0},r=0,c=false/false,a=IDLE,uri=null,age=0}
03:43:12.880 [qtp399373008-55] DEBUG org.eclipse.jetty.io.AbstractConnection - onOpen HttpConnection@509446f1::DecryptedEndPoint@4ece94b0{l=/127.0.0.1:44051,r=/127.0.0.1:33282,OPEN,fill=-,flush=-,to=0/30000}
03:43:12.880 [qtp399373008-55] DEBUG org.eclipse.jetty.io.AbstractConnection - fillInterested HttpConnection@509446f1::DecryptedEndPoint@4ece94b0{l=/127.0.0.1:44051,r=/127.0.0.1:33282,OPEN,fill=-,flush=-,to=0/30000}
03:43:12.880 [qtp399373008-55] DEBUG org.eclipse.jetty.io.FillInterest - interested FillInterest@275bda8{AC.ReadCB@509446f1{HttpConnection@509446f1::DecryptedEndPoint@4ece94b0{l=/127.0.0.1:44051,r=/127.0.0.1:33282,OPEN,fill=FI,flush=-,to=0/30000}}}
03:43:12.880 [qtp399373008-55] DEBUG org.eclipse.jetty.io.ssl.SslConnection - >needFillInterest s=IDLE/IDLE uf=false ei=null di=null SslConnection@4a75b869::SocketChannelEndPoint@719501ef{l=/127.0.0.1:44051,r=/127.0.0.1:33282,OPEN,fill=-,flush=-,to=0/30000}{io=0/0,kio=0,kro=0}->SslConnection@4a75b869{NOT_HANDSHAKING,eio=-1/-1,di=-1,fill=IDLE,flush=IDLE}~>DecryptedEndPoint@4ece94b0{l=/127.0.0.1:44051,r=/127.0.0.1:33282,OPEN,fill=FI,flush=-,to=0/30000}=>HttpConnection@509446f1[p=HttpParser{s=START,0 of -1},g=HttpGenerator@70a4ce83{s=START}]=>HttpChannelOverHttp@24b85c11{s=HttpChannelState@170d65c7{s=IDLE rs=BLOCKING os=OPEN is=IDLE awp=false se=false i=true al=0},r=0,c=false/false,a=IDLE,uri=null,age=0}
03:43:12.880 [qtp399373008-55] DEBUG org.eclipse.jetty.io.ssl.SslConnection - <needFillInterest s=IDLE/INTERESTED f=false i=true w=null
03:43:12.880 [qtp399373008-55] DEBUG org.eclipse.jetty.io.ssl.SslConnection - ensureFillInterested SslConnection@4a75b869::SocketChannelEndPoint@719501ef{l=/127.0.0.1:44051,r=/127.0.0.1:33282,OPEN,fill=-,flush=-,to=0/30000}{io=0/0,kio=0,kro=0}->SslConnection@4a75b869{NOT_HANDSHAKING,eio=-1/-1,di=-1,fill=INTERESTED,flush=IDLE}~>DecryptedEndPoint@4ece94b0{l=/127.0.0.1:44051,r=/127.0.0.1:33282,OPEN,fill=FI,flush=-,to=0/30000}=>HttpConnection@509446f1[p=HttpParser{s=START,0 of -1},g=HttpGenerator@70a4ce83{s=START}]=>HttpChannelOverHttp@24b85c11{s=HttpChannelState@170d65c7{s=IDLE rs=BLOCKING os=OPEN is=IDLE awp=false se=false i=true al=0},r=0,c=false/false,a=IDLE,uri=null,age=0}
03:43:12.880 [qtp399373008-55] DEBUG org.eclipse.jetty.io.FillInterest - interested FillInterest@62be6620{SSLC.NBReadCB@4a75b869{SslConnection@4a75b869::SocketChannelEndPoint@719501ef{l=/127.0.0.1:44051,r=/127.0.0.1:33282,OPEN,fill=FI,flush=-,to=0/30000}{io=0/0,kio=0,kro=0}->SslConnection@4a75b869{NOT_HANDSHAKING,eio=-1/-1,di=-1,fill=INTERESTED,flush=IDLE}~>DecryptedEndPoint@4ece94b0{l=/127.0.0.1:44051,r=/127.0.0.1:33282,OPEN,fill=FI,flush=-,to=0/30000}=>HttpConnection@509446f1[p=HttpParser{s=START,0 of -1},g=HttpGenerator@70a4ce83{s=START}]=>HttpChannelOverHttp@24b85c11{s=HttpChannelState@170d65c7{s=IDLE rs=BLOCKING os=OPEN is=IDLE awp=false se=false i=true al=0},r=0,c=false/false,a=IDLE,uri=null,age=0}}}
03:43:12.880 [qtp399373008-55] DEBUG org.eclipse.jetty.io.ChannelEndPoint - changeInterests p=false 0->1 for SocketChannelEndPoint@719501ef{l=/127.0.0.1:44051,r=/127.0.0.1:33282,OPEN,fill=FI,flush=-,to=0/30000}{io=0/1,kio=0,kro=0}->SslConnection@4a75b869{NOT_HANDSHAKING,eio=-1/-1,di=-1,fill=INTERESTED,flush=IDLE}~>DecryptedEndPoint@4ece94b0{l=/127.0.0.1:44051,r=/127.0.0.1:33282,OPEN,fill=FI,flush=-,to=0/30000}=>HttpConnection@509446f1[p=HttpParser{s=START,0 of -1},g=HttpGenerator@70a4ce83{s=START}]=>HttpChannelOverHttp@24b85c11{s=HttpChannelState@170d65c7{s=IDLE rs=BLOCKING os=OPEN is=IDLE awp=false se=false i=true al=0},r=0,c=false/false,a=IDLE,uri=null,age=0}
03:43:12.880 [qtp399373008-55] DEBUG org.eclipse.jetty.io.ManagedSelector - Queued change lazy=false org.eclipse.jetty.io.ChannelEndPoint$$Lambda$255/90666987@5ef2cee on ManagedSelector@47a86fbb{STARTED} id=2 keys=2 selected=0 updates=1
03:43:12.880 [qtp399373008-55] DEBUG org.eclipse.jetty.io.ManagedSelector - Wakeup on submit ManagedSelector@47a86fbb{STARTED} id=2 keys=2 selected=0 updates=2
03:43:12.881 [qtp399373008-62] DEBUG org.eclipse.jetty.io.ManagedSelector - Selector sun.nio.ch.EPollSelectorImpl@1eaae130 woken with none selected
03:43:12.881 [qtp399373008-62] DEBUG org.eclipse.jetty.io.ManagedSelector - Selector sun.nio.ch.EPollSelectorImpl@1eaae130 woken up from select, 0/0/2 selected
03:43:12.881 [qtp399373008-55] DEBUG org.eclipse.jetty.io.ManagedSelector - Created SocketChannelEndPoint@719501ef{l=/127.0.0.1:44051,r=/127.0.0.1:33282,OPEN,fill=FI,flush=-,to=0/30000}{io=0/1,kio=0,kro=0}->SslConnection@4a75b869{NOT_HANDSHAKING,eio=-1/-1,di=-1,fill=INTERESTED,flush=IDLE}~>DecryptedEndPoint@4ece94b0{l=/127.0.0.1:44051,r=/127.0.0.1:33282,OPEN,fill=FI,flush=-,to=0/30000}=>HttpConnection@509446f1[p=HttpParser{s=START,0 of -1},g=HttpGenerator@70a4ce83{s=START}]=>HttpChannelOverHttp@24b85c11{s=HttpChannelState@170d65c7{s=IDLE rs=BLOCKING os=OPEN is=IDLE awp=false se=false i=true al=0},r=0,c=false/false,a=IDLE,uri=null,age=0}
03:43:12.881 [qtp399373008-62] DEBUG org.eclipse.jetty.io.ManagedSelector - Selector sun.nio.ch.EPollSelectorImpl@1eaae130 processing 0 keys, 2 updates
03:43:12.881 [qtp399373008-62] DEBUG org.eclipse.jetty.io.ManagedSelector - updateable 2
03:43:12.881 [qtp399373008-62] DEBUG org.eclipse.jetty.io.ManagedSelector - update org.eclipse.jetty.io.ManagedSelector$$Lambda$258/445561681@36aad026
03:43:12.881 [qtp399373008-55] DEBUG org.eclipse.jetty.util.thread.QueuedThreadPool - ran Accept@5a258751[java.nio.channels.SocketChannel[connected local=/127.0.0.1:44051 remote=/127.0.0.1:33282]] in QueuedThreadPool[qtp399373008]@17cdf2d0{STARTED,8<=8<=200,i=0,r=-1,q=0}[ReservedThreadExecutor@424fd310{reserved=2/8,pending=0}]
03:43:12.881 [qtp399373008-62] DEBUG org.eclipse.jetty.io.ManagedSelector - update org.eclipse.jetty.io.ChannelEndPoint$$Lambda$255/90666987@5ef2cee
03:43:12.881 [qtp399373008-62] DEBUG org.eclipse.jetty.io.ChannelEndPoint - Key interests updated 0 -> 1 on SocketChannelEndPoint@719501ef{l=/127.0.0.1:44051,r=/127.0.0.1:33282,OPEN,fill=FI,flush=-,to=0/30000}{io=1/1,kio=1,kro=0}->SslConnection@4a75b869{NOT_HANDSHAKING,eio=-1/-1,di=-1,fill=INTERESTED,flush=IDLE}~>DecryptedEndPoint@4ece94b0{l=/127.0.0.1:44051,r=/127.0.0.1:33282,OPEN,fill=FI,flush=-,to=0/30000}=>HttpConnection@509446f1[p=HttpParser{s=START,0 of -1},g=HttpGenerator@70a4ce83{s=START}]=>HttpChannelOverHttp@24b85c11{s=HttpChannelState@170d65c7{s=IDLE rs=BLOCKING os=OPEN is=IDLE awp=false se=false i=true al=0},r=0,c=false/false,a=IDLE,uri=null,age=0}
03:43:12.881 [qtp399373008-62] DEBUG org.eclipse.jetty.io.ManagedSelector - updates 0
03:43:12.881 [qtp399373008-62] DEBUG org.eclipse.jetty.io.ManagedSelector - Selector sun.nio.ch.EPollSelectorImpl@1eaae130 waiting with 2 keys
03:43:12.882 [qtp399373008-62] DEBUG org.eclipse.jetty.io.ManagedSelector - Selector sun.nio.ch.EPollSelectorImpl@1eaae130 woken up from select, 1/1/2 selected
03:43:12.882 [qtp399373008-62] DEBUG org.eclipse.jetty.io.ManagedSelector - Selector sun.nio.ch.EPollSelectorImpl@1eaae130 processing 1 keys, 0 updates
03:43:12.882 [qtp399373008-62] DEBUG org.eclipse.jetty.io.ManagedSelector - selected 1 sun.nio.ch.SelectionKeyImpl@3792d79e SocketChannelEndPoint@719501ef{l=/127.0.0.1:44051,r=/127.0.0.1:33282,OPEN,fill=FI,flush=-,to=1/30000}{io=1/1,kio=1,kro=1}->SslConnection@4a75b869{NOT_HANDSHAKING,eio=-1/-1,di=-1,fill=INTERESTED,flush=IDLE}~>DecryptedEndPoint@4ece94b0{l=/127.0.0.1:44051,r=/127.0.0.1:33282,OPEN,fill=FI,flush=-,to=1/30000}=>HttpConnection@509446f1[p=HttpParser{s=START,0 of -1},g=HttpGenerator@70a4ce83{s=START}]=>HttpChannelOverHttp@24b85c11{s=HttpChannelState@170d65c7{s=IDLE rs=BLOCKING os=OPEN is=IDLE awp=false se=false i=true al=0},r=0,c=false/false,a=IDLE,uri=null,age=0} 
03:43:12.882 [qtp399373008-62] DEBUG org.eclipse.jetty.io.ChannelEndPoint - onSelected 1->0 r=true w=false for SocketChannelEndPoint@719501ef{l=/127.0.0.1:44051,r=/127.0.0.1:33282,OPEN,fill=FI,flush=-,to=1/30000}{io=1/0,kio=1,kro=1}->SslConnection@4a75b869{NOT_HANDSHAKING,eio=-1/-1,di=-1,fill=INTERESTED,flush=IDLE}~>DecryptedEndPoint@4ece94b0{l=/127.0.0.1:44051,r=/127.0.0.1:33282,OPEN,fill=FI,flush=-,to=1/30000}=>HttpConnection@509446f1[p=HttpParser{s=START,0 of -1},g=HttpGenerator@70a4ce83{s=START}]=>HttpChannelOverHttp@24b85c11{s=HttpChannelState@170d65c7{s=IDLE rs=BLOCKING os=OPEN is=IDLE awp=false se=false i=true al=0},r=0,c=false/false,a=IDLE,uri=null,age=0}
03:43:12.882 [qtp399373008-62] DEBUG org.eclipse.jetty.io.ChannelEndPoint - task CEP:SocketChannelEndPoint@719501ef{l=/127.0.0.1:44051,r=/127.0.0.1:33282,OPEN,fill=FI,flush=-,to=1/30000}{io=1/0,kio=1,kro=1}->SslConnection@4a75b869{NOT_HANDSHAKING,eio=-1/-1,di=-1,fill=INTERESTED,flush=IDLE}~>DecryptedEndPoint@4ece94b0{l=/127.0.0.1:44051,r=/127.0.0.1:33282,OPEN,fill=FI,flush=-,to=1/30000}=>HttpConnection@509446f1[p=HttpParser{s=START,0 of -1},g=HttpGenerator@70a4ce83{s=START}]=>HttpChannelOverHttp@24b85c11{s=HttpChannelState@170d65c7{s=IDLE rs=BLOCKING os=OPEN is=IDLE awp=false se=false i=true al=0},r=0,c=false/false,a=IDLE,uri=null,age=0}:runFillable:BLOCKING
03:43:12.882 [qtp399373008-62] DEBUG org.eclipse.jetty.util.thread.ReservedThreadExecutor - ReservedThreadExecutor@424fd310{reserved=2/8,pending=0} tryExecute EatWhatYouKill@1c3146bc/SelectorProducer@56c698e3/PRODUCING/p=false/QueuedThreadPool[qtp399373008]@17cdf2d0{STARTED,8<=8<=200,i=1,r=-1,q=0}[ReservedThreadExecutor@424fd310{reserved=2/8,pending=0}][pc=0,pic=0,pec=0,epc=3]@2024-05-02T03:43:12.882+01:00
03:43:12.882 [qtp399373008-60] DEBUG org.eclipse.jetty.util.thread.ReservedThreadExecutor - ReservedThread@1c72db32{RESERVED,thread=Thread[qtp399373008-60,5,main]} task=EatWhatYouKill@1c3146bc/SelectorProducer@56c698e3/IDLE/p=true/QueuedThreadPool[qtp399373008]@17cdf2d0{STARTED,8<=8<=200,i=1,r=-1,q=0}[ReservedThreadExecutor@424fd310{reserved=1/8,pending=0}][pc=0,pic=0,pec=0,epc=3]@2024-05-02T03:43:12.882+01:00 ReservedThreadExecutor@424fd310{reserved=1/8,pending=0}
03:43:12.882 [qtp399373008-62] DEBUG org.eclipse.jetty.util.thread.strategy.EatWhatYouKill - EatWhatYouKill@1c3146bc/SelectorProducer@56c698e3/IDLE/p=true/QueuedThreadPool[qtp399373008]@17cdf2d0{STARTED,8<=8<=200,i=1,r=-1,q=0}[ReservedThreadExecutor@424fd310{reserved=1/8,pending=0}][pc=0,pic=0,pec=0,epc=3]@2024-05-02T03:43:12.882+01:00 m=EXECUTE_PRODUCE_CONSUME t=CEP:SocketChannelEndPoint@719501ef{l=/127.0.0.1:44051,r=/127.0.0.1:33282,OPEN,fill=FI,flush=-,to=1/30000}{io=1/0,kio=1,kro=1}->SslConnection@4a75b869{NOT_HANDSHAKING,eio=-1/-1,di=-1,fill=INTERESTED,flush=IDLE}~>DecryptedEndPoint@4ece94b0{l=/127.0.0.1:44051,r=/127.0.0.1:33282,OPEN,fill=FI,flush=-,to=1/30000}=>HttpConnection@509446f1[p=HttpParser{s=START,0 of -1},g=HttpGenerator@70a4ce83{s=START}]=>HttpChannelOverHttp@24b85c11{s=HttpChannelState@170d65c7{s=IDLE rs=BLOCKING os=OPEN is=IDLE awp=false se=false i=true al=0},r=0,c=false/false,a=IDLE,uri=null,age=0}:runFillable:BLOCKING/BLOCKING
03:43:12.882 [qtp399373008-60] DEBUG org.eclipse.jetty.util.thread.strategy.EatWhatYouKill - EatWhatYouKill@1c3146bc/SelectorProducer@56c698e3/IDLE/p=true/QueuedThreadPool[qtp399373008]@17cdf2d0{STARTED,8<=8<=200,i=1,r=-1,q=0}[ReservedThreadExecutor@424fd310{reserved=1/8,pending=0}][pc=0,pic=0,pec=0,epc=4]@2024-05-02T03:43:12.882+01:00 tryProduce true
03:43:12.882 [qtp399373008-60] DEBUG org.eclipse.jetty.io.ManagedSelector - updateable 0
03:43:12.882 [qtp399373008-60] DEBUG org.eclipse.jetty.io.ManagedSelector - updates 0
03:43:12.882 [qtp399373008-62] DEBUG org.eclipse.jetty.io.FillInterest - fillable FillInterest@62be6620{SSLC.NBReadCB@4a75b869{SslConnection@4a75b869::SocketChannelEndPoint@719501ef{l=/127.0.0.1:44051,r=/127.0.0.1:33282,OPEN,fill=FI,flush=-,to=1/30000}{io=1/0,kio=1,kro=1}->SslConnection@4a75b869{NOT_HANDSHAKING,eio=-1/-1,di=-1,fill=INTERESTED,flush=IDLE}~>DecryptedEndPoint@4ece94b0{l=/127.0.0.1:44051,r=/127.0.0.1:33282,OPEN,fill=FI,flush=-,to=2/30000}=>HttpConnection@509446f1[p=HttpParser{s=START,0 of -1},g=HttpGenerator@70a4ce83{s=START}]=>HttpChannelOverHttp@24b85c11{s=HttpChannelState@170d65c7{s=IDLE rs=BLOCKING os=OPEN is=IDLE awp=false se=false i=true al=0},r=0,c=false/false,a=IDLE,uri=null,age=0}}}
03:43:12.882 [qtp399373008-60] DEBUG org.eclipse.jetty.io.ChannelEndPoint - Key interests updated 1 -> 0 on SocketChannelEndPoint@719501ef{l=/127.0.0.1:44051,r=/127.0.0.1:33282,OPEN,fill=FI,flush=-,to=2/30000}{io=0/0,kio=0,kro=1}->SslConnection@4a75b869{NOT_HANDSHAKING,eio=-1/-1,di=-1,fill=INTERESTED,flush=IDLE}~>DecryptedEndPoint@4ece94b0{l=/127.0.0.1:44051,r=/127.0.0.1:33282,OPEN,fill=FI,flush=-,to=2/30000}=>HttpConnection@509446f1[p=HttpParser{s=START,0 of -1},g=HttpGenerator@70a4ce83{s=START}]=>HttpChannelOverHttp@24b85c11{s=HttpChannelState@170d65c7{s=IDLE rs=BLOCKING os=OPEN is=IDLE awp=false se=false i=true al=0},r=0,c=false/false,a=IDLE,uri=null,age=0}
03:43:12.882 [qtp399373008-62] DEBUG org.eclipse.jetty.io.ssl.SslConnection - >c.onFillable SslConnection@4a75b869::SocketChannelEndPoint@719501ef{l=/127.0.0.1:44051,r=/127.0.0.1:33282,OPEN,fill=-,flush=-,to=2/30000}{io=0/0,kio=0,kro=1}->SslConnection@4a75b869{NOT_HANDSHAKING,eio=-1/-1,di=-1,fill=INTERESTED,flush=IDLE}~>DecryptedEndPoint@4ece94b0{l=/127.0.0.1:44051,r=/127.0.0.1:33282,OPEN,fill=FI,flush=-,to=2/30000}=>HttpConnection@509446f1[p=HttpParser{s=START,0 of -1},g=HttpGenerator@70a4ce83{s=START}]=>HttpChannelOverHttp@24b85c11{s=HttpChannelState@170d65c7{s=IDLE rs=BLOCKING os=OPEN is=IDLE awp=false se=false i=true al=0},r=0,c=false/false,a=IDLE,uri=null,age=0}
03:43:12.883 [qtp399373008-60] DEBUG org.eclipse.jetty.io.ManagedSelector - Selector sun.nio.ch.EPollSelectorImpl@1eaae130 waiting with 2 keys
03:43:12.883 [qtp399373008-62] DEBUG org.eclipse.jetty.io.ssl.SslConnection - onFillable SslConnection@4a75b869::SocketChannelEndPoint@719501ef{l=/127.0.0.1:44051,r=/127.0.0.1:33282,OPEN,fill=-,flush=-,to=2/30000}{io=0/0,kio=0,kro=1}->SslConnection@4a75b869{NOT_HANDSHAKING,eio=-1/-1,di=-1,fill=INTERESTED,flush=IDLE}~>DecryptedEndPoint@4ece94b0{l=/127.0.0.1:44051,r=/127.0.0.1:33282,OPEN,fill=FI,flush=-,to=2/30000}=>HttpConnection@509446f1[p=HttpParser{s=START,0 of -1},g=HttpGenerator@70a4ce83{s=START}]=>HttpChannelOverHttp@24b85c11{s=HttpChannelState@170d65c7{s=IDLE rs=BLOCKING os=OPEN is=IDLE awp=false se=false i=true al=0},r=0,c=false/false,a=IDLE,uri=null,age=0}
03:43:12.883 [qtp399373008-62] DEBUG org.eclipse.jetty.io.FillInterest - fillable FillInterest@275bda8{AC.ReadCB@509446f1{HttpConnection@509446f1::DecryptedEndPoint@4ece94b0{l=/127.0.0.1:44051,r=/127.0.0.1:33282,OPEN,fill=FI,flush=-,to=2/30000}}}
03:43:12.883 [qtp399373008-62] DEBUG org.eclipse.jetty.server.HttpConnection - HttpConnection@509446f1::DecryptedEndPoint@4ece94b0{l=/127.0.0.1:44051,r=/127.0.0.1:33282,OPEN,fill=-,flush=-,to=2/30000} onFillable enter HttpChannelState@170d65c7{s=IDLE rs=BLOCKING os=OPEN is=IDLE awp=false se=false i=true al=0} null
03:43:12.883 [qtp399373008-62] DEBUG org.eclipse.jetty.io.ssl.SslConnection - >fill SslConnection@4a75b869::SocketChannelEndPoint@719501ef{l=/127.0.0.1:44051,r=/127.0.0.1:33282,OPEN,fill=-,flush=-,to=2/30000}{io=0/0,kio=0,kro=1}->SslConnection@4a75b869{NOT_HANDSHAKING,eio=-1/-1,di=-1,fill=IDLE,flush=IDLE}~>DecryptedEndPoint@4ece94b0{l=/127.0.0.1:44051,r=/127.0.0.1:33282,OPEN,fill=-,flush=-,to=2/30000}=>HttpConnection@509446f1[p=HttpParser{s=START,0 of -1},g=HttpGenerator@70a4ce83{s=START}]=>HttpChannelOverHttp@24b85c11{s=HttpChannelState@170d65c7{s=IDLE rs=BLOCKING os=OPEN is=IDLE awp=false se=false i=true al=0},r=0,c=false/false,a=IDLE,uri=null,age=0}
03:43:12.883 [qtp399373008-62] DEBUG org.eclipse.jetty.io.ssl.SslConnection - fill NOT_HANDSHAKING
03:43:12.883 [qtp399373008-62] DEBUG org.eclipse.jetty.io.ChannelEndPoint - filled 339 HeapByteBuffer@729047a8[p=0,l=339,c=17408,r=339]={<<<\x16\x03\x03\x01N\x01\x00\x01J\x03\x03\x9a:3\x82\x0b]\xC8\x1b\x1fs`\xAf]\xFf...Cl/!\x83\x88\x9f\xDc\x89\x80x\xA57\xD1\xE9\x9e\xB14\xFf\x01\x00\x01\x00>>>\xF9\xFb}{\xC0\xFag\xC6G...\x00\x00\x00\x00\x00\x00\x00}
03:43:12.883 [qtp399373008-62] DEBUG org.eclipse.jetty.io.ssl.SslConnection - net filled=339
03:43:12.883 [qtp399373008-62] DEBUG org.eclipse.jetty.io.ssl.SslConnection - fill starting handshake SslConnection@4a75b869::SocketChannelEndPoint@719501ef{l=/127.0.0.1:44051,r=/127.0.0.1:33282,OPEN,fill=-,flush=-,to=0/30000}{io=0/0,kio=0,kro=1}->SslConnection@4a75b869{NOT_HANDSHAKING,eio=339/-1,di=-1,fill=IDLE,flush=IDLE}~>DecryptedEndPoint@4ece94b0{l=/127.0.0.1:44051,r=/127.0.0.1:33282,OPEN,fill=-,flush=-,to=2/30000}=>HttpConnection@509446f1[p=HttpParser{s=START,0 of -1},g=HttpGenerator@70a4ce83{s=START}]=>HttpChannelOverHttp@24b85c11{s=HttpChannelState@170d65c7{s=IDLE rs=BLOCKING os=OPEN is=IDLE awp=false se=false i=true al=0},r=0,c=false/false,a=IDLE,uri=null,age=0}
03:43:12.883 [qtp399373008-62] DEBUG org.eclipse.jetty.io.ssl.SslConnection - unwrap net_filled=339 Status = OK HandshakeStatus = NEED_TASK bytesConsumed = 339 bytesProduced = 0 encryptedBuffer=[p=339,l=339,c=17408,r=0] unwrapBuffer=HeapByteBuffer@78682cd8[p=0,l=0,c=17408,r=0]={<<<>>>\x17\x03\x03\x06\x85\x19\xB7\xA38...\x00\x00\x00\x00\x00\x00\x00} appBuffer=HeapByteBuffer@78682cd8[p=0,l=0,c=17408,r=0]={<<<>>>\x17\x03\x03\x06\x85\x19\xB7\xA38...\x00\x00\x00\x00\x00\x00\x00}
03:43:12.883 [qtp399373008-62] DEBUG org.eclipse.jetty.io.ssl.SslConnection - fill NEED_TASK
03:43:12.889 [qtp399373008-62] DEBUG org.eclipse.jetty.io.ssl.SslConnection - fill NEED_WRAP
03:43:12.890 [qtp399373008-62] DEBUG org.eclipse.jetty.io.ssl.SslConnection - >flush SslConnection@4a75b869::SocketChannelEndPoint@719501ef{l=/127.0.0.1:44051,r=/127.0.0.1:33282,OPEN,fill=-,flush=-,to=6/30000}{io=0/0,kio=0,kro=1}->SslConnection@4a75b869{NEED_WRAP,eio=0/-1,di=-1,fill=IDLE,flush=IDLE}~>DecryptedEndPoint@4ece94b0{l=/127.0.0.1:44051,r=/127.0.0.1:33282,OPEN,fill=-,flush=-,to=9/30000}=>HttpConnection@509446f1[p=HttpParser{s=START,0 of -1},g=HttpGenerator@70a4ce83{s=START}]=>HttpChannelOverHttp@24b85c11{s=HttpChannelState@170d65c7{s=IDLE rs=BLOCKING os=OPEN is=IDLE awp=false se=false i=true al=0},r=0,c=false/false,a=IDLE,uri=null,age=0}
03:43:12.890 [qtp399373008-62] DEBUG org.eclipse.jetty.io.ssl.SslConnection - flush b[0]=HeapByteBuffer@1ad43aa3[p=0,l=0,c=0,r=0]={<<<>>>}
03:43:12.890 [qtp399373008-62] DEBUG org.eclipse.jetty.io.ssl.SslConnection - flush NEED_WRAP
03:43:12.890 [qtp399373008-62] DEBUG org.eclipse.jetty.io.ssl.SslConnection - wrap Status = OK HandshakeStatus = NEED_WRAP bytesConsumed = 0 bytesProduced = 160 [p=0,l=160,c=17408,r=160] ioDone=false/false
03:43:12.890 [qtp399373008-62] DEBUG org.eclipse.jetty.io.ChannelEndPoint - flushed 160 SocketChannelEndPoint@719501ef{l=/127.0.0.1:44051,r=/127.0.0.1:33282,OPEN,fill=-,flush=-,to=6/30000}{io=0/0,kio=0,kro=1}->SslConnection@4a75b869{NEED_WRAP,eio=0/0,di=-1,fill=IDLE,flush=IDLE}~>DecryptedEndPoint@4ece94b0{l=/127.0.0.1:44051,r=/127.0.0.1:33282,OPEN,fill=-,flush=-,to=9/30000}=>HttpConnection@509446f1[p=HttpParser{s=START,0 of -1},g=HttpGenerator@70a4ce83{s=START}]=>HttpChannelOverHttp@24b85c11{s=HttpChannelState@170d65c7{s=IDLE rs=BLOCKING os=OPEN is=IDLE awp=false se=false i=true al=0},r=0,c=false/false,a=IDLE,uri=null,age=0}
03:43:12.890 [qtp399373008-62] DEBUG org.eclipse.jetty.io.ssl.SslConnection - net flushed=true, ac=true
03:43:12.890 [qtp399373008-62] DEBUG org.eclipse.jetty.io.ssl.SslConnection - flush NEED_WRAP
03:43:12.890 [qtp399373008-62] DEBUG org.eclipse.jetty.io.ssl.SslConnection - wrap Status = OK HandshakeStatus = NEED_WRAP bytesConsumed = 0 bytesProduced = 6 [p=0,l=6,c=17408,r=6] ioDone=false/false
03:43:12.890 [qtp399373008-62] DEBUG org.eclipse.jetty.io.ChannelEndPoint - flushed 6 SocketChannelEndPoint@719501ef{l=/127.0.0.1:44051,r=/127.0.0.1:33282,OPEN,fill=-,flush=-,to=0/30000}{io=0/0,kio=0,kro=1}->SslConnection@4a75b869{NEED_WRAP,eio=0/0,di=-1,fill=IDLE,flush=IDLE}~>DecryptedEndPoint@4ece94b0{l=/127.0.0.1:44051,r=/127.0.0.1:33282,OPEN,fill=-,flush=-,to=9/30000}=>HttpConnection@509446f1[p=HttpParser{s=START,0 of -1},g=HttpGenerator@70a4ce83{s=START}]=>HttpChannelOverHttp@24b85c11{s=HttpChannelState@170d65c7{s=IDLE rs=BLOCKING os=OPEN is=IDLE awp=false se=false i=true al=0},r=0,c=false/false,a=IDLE,uri=null,age=0}
03:43:12.890 [qtp399373008-62] DEBUG org.eclipse.jetty.io.ssl.SslConnection - net flushed=true, ac=true
03:43:12.890 [qtp399373008-62] DEBUG org.eclipse.jetty.io.ssl.SslConnection - flush NEED_WRAP
03:43:12.890 [qtp399373008-62] DEBUG org.eclipse.jetty.io.ssl.SslConnection - wrap Status = OK HandshakeStatus = NEED_UNWRAP bytesConsumed = 0 bytesProduced = 1597 [p=0,l=1597,c=17408,r=1597] ioDone=false/false
03:43:12.890 [qtp399373008-62] DEBUG org.eclipse.jetty.io.ChannelEndPoint - flushed 1597 SocketChannelEndPoint@719501ef{l=/127.0.0.1:44051,r=/127.0.0.1:33282,OPEN,fill=-,flush=-,to=0/30000}{io=0/0,kio=0,kro=1}->SslConnection@4a75b869{NEED_UNWRAP,eio=0/0,di=-1,fill=IDLE,flush=IDLE}~>DecryptedEndPoint@4ece94b0{l=/127.0.0.1:44051,r=/127.0.0.1:33282,OPEN,fill=-,flush=-,to=10/30000}=>HttpConnection@509446f1[p=HttpParser{s=START,0 of -1},g=HttpGenerator@70a4ce83{s=START}]=>HttpChannelOverHttp@24b85c11{s=HttpChannelState@170d65c7{s=IDLE rs=BLOCKING os=OPEN is=IDLE awp=false se=false i=true al=0},r=0,c=false/false,a=IDLE,uri=null,age=0}
03:43:12.890 [qtp399373008-62] DEBUG org.eclipse.jetty.io.ssl.SslConnection - net flushed=true, ac=true
03:43:12.890 [qtp399373008-62] DEBUG org.eclipse.jetty.io.ssl.SslConnection - <flush true SslConnection@4a75b869::SocketChannelEndPoint@719501ef{l=/127.0.0.1:44051,r=/127.0.0.1:33282,OPEN,fill=-,flush=-,to=0/30000}{io=0/0,kio=0,kro=1}->SslConnection@4a75b869{NEED_UNWRAP,eio=0/-1,di=-1,fill=IDLE,flush=IDLE}~>DecryptedEndPoint@4ece94b0{l=/127.0.0.1:44051,r=/127.0.0.1:33282,OPEN,fill=-,flush=-,to=10/30000}=>HttpConnection@509446f1[p=HttpParser{s=START,0 of -1},g=HttpGenerator@70a4ce83{s=START}]=>HttpChannelOverHttp@24b85c11{s=HttpChannelState@170d65c7{s=IDLE rs=BLOCKING os=OPEN is=IDLE awp=false se=false i=true al=0},r=0,c=false/false,a=IDLE,uri=null,age=0}
03:43:12.891 [qtp399373008-62] DEBUG org.eclipse.jetty.io.ssl.SslConnection - fill NEED_UNWRAP
03:43:12.891 [qtp399373008-62] DEBUG org.eclipse.jetty.io.ChannelEndPoint - filled 0 HeapByteBuffer@729047a8[p=0,l=0,c=17408,r=0]={<<<>>>\x16\x03\x03\x01N\x01\x00\x01J...\x00\x00\x00\x00\x00\x00\x00}
03:43:12.891 [qtp399373008-62] DEBUG org.eclipse.jetty.io.ssl.SslConnection - net filled=0
03:43:12.891 [qtp399373008-62] DEBUG org.eclipse.jetty.io.ssl.SslConnection - unwrap net_filled=0 Status = BUFFER_UNDERFLOW HandshakeStatus = NEED_UNWRAP bytesConsumed = 0 bytesProduced = 0 encryptedBuffer=[p=0,l=0,c=17408,r=0] unwrapBuffer=HeapByteBuffer@78682cd8[p=0,l=0,c=17408,r=0]={<<<>>>\x17\x03\x03\x06\x85\x19\xB7\xA38...\x00\x00\x00\x00\x00\x00\x00} appBuffer=HeapByteBuffer@78682cd8[p=0,l=0,c=17408,r=0]={<<<>>>\x17\x03\x03\x06\x85\x19\xB7\xA38...\x00\x00\x00\x00\x00\x00\x00}
03:43:12.891 [qtp399373008-62] DEBUG org.eclipse.jetty.io.ssl.SslConnection - <fill f=0 uf=true SslConnection@4a75b869::SocketChannelEndPoint@719501ef{l=/127.0.0.1:44051,r=/127.0.0.1:33282,OPEN,fill=-,flush=-,to=0/30000}{io=0/0,kio=0,kro=1}->SslConnection@4a75b869{NEED_UNWRAP,eio=-1/-1,di=-1,fill=IDLE,flush=IDLE}~>DecryptedEndPoint@4ece94b0{l=/127.0.0.1:44051,r=/127.0.0.1:33282,OPEN,fill=-,flush=-,to=10/30000}=>HttpConnection@509446f1[p=HttpParser{s=START,0 of -1},g=HttpGenerator@70a4ce83{s=START}]=>HttpChannelOverHttp@24b85c11{s=HttpChannelState@170d65c7{s=IDLE rs=BLOCKING os=OPEN is=IDLE awp=false se=false i=true al=0},r=0,c=false/false,a=IDLE,uri=null,age=0}
03:43:12.891 [qtp399373008-62] DEBUG org.eclipse.jetty.io.ssl.SslConnection - >fill SslConnection@4a75b869::SocketChannelEndPoint@719501ef{l=/127.0.0.1:44051,r=/127.0.0.1:33282,OPEN,fill=-,flush=-,to=0/30000}{io=0/0,kio=0,kro=1}->SslConnection@4a75b869{NEED_UNWRAP,eio=-1/-1,di=-1,fill=IDLE,flush=IDLE}~>DecryptedEndPoint@4ece94b0{l=/127.0.0.1:44051,r=/127.0.0.1:33282,OPEN,fill=-,flush=-,to=10/30000}=>HttpConnection@509446f1[p=HttpParser{s=START,0 of -1},g=HttpGenerator@70a4ce83{s=START}]=>HttpChannelOverHttp@24b85c11{s=HttpChannelState@170d65c7{s=IDLE rs=BLOCKING os=OPEN is=IDLE awp=false se=false i=true al=0},r=0,c=false/false,a=IDLE,uri=null,age=0}
03:43:12.891 [qtp399373008-62] DEBUG org.eclipse.jetty.io.ssl.SslConnection - fill NEED_UNWRAP
03:43:12.891 [qtp399373008-62] DEBUG org.eclipse.jetty.io.ChannelEndPoint - filled 0 HeapByteBuffer@76afdda5[p=0,l=0,c=17408,r=0]={<<<>>>\x17\x03\x03\x068\xAc\x10\x86\xF4...\x00\x00\x00\x00\x00\x00\x00}
03:43:12.891 [qtp399373008-62] DEBUG org.eclipse.jetty.io.ssl.SslConnection - net filled=0
03:43:12.891 [qtp399373008-62] DEBUG org.eclipse.jetty.io.ssl.SslConnection - unwrap net_filled=0 Status = BUFFER_UNDERFLOW HandshakeStatus = NEED_UNWRAP bytesConsumed = 0 bytesProduced = 0 encryptedBuffer=[p=0,l=0,c=17408,r=0] unwrapBuffer=HeapByteBuffer@78682cd8[p=0,l=0,c=17408,r=0]={<<<>>>\x17\x03\x03\x06\x85\x19\xB7\xA38...\x00\x00\x00\x00\x00\x00\x00} appBuffer=HeapByteBuffer@78682cd8[p=0,l=0,c=17408,r=0]={<<<>>>\x17\x03\x03\x06\x85\x19\xB7\xA38...\x00\x00\x00\x00\x00\x00\x00}
03:43:12.891 [qtp399373008-62] DEBUG org.eclipse.jetty.io.ssl.SslConnection - <fill f=0 uf=true SslConnection@4a75b869::SocketChannelEndPoint@719501ef{l=/127.0.0.1:44051,r=/127.0.0.1:33282,OPEN,fill=-,flush=-,to=0/30000}{io=0/0,kio=0,kro=1}->SslConnection@4a75b869{NEED_UNWRAP,eio=-1/-1,di=-1,fill=IDLE,flush=IDLE}~>DecryptedEndPoint@4ece94b0{l=/127.0.0.1:44051,r=/127.0.0.1:33282,OPEN,fill=-,flush=-,to=10/30000}=>HttpConnection@509446f1[p=HttpParser{s=START,0 of -1},g=HttpGenerator@70a4ce83{s=START}]=>HttpChannelOverHttp@24b85c11{s=HttpChannelState@170d65c7{s=IDLE rs=BLOCKING os=OPEN is=IDLE awp=false se=false i=true al=0},r=0,c=false/false,a=IDLE,uri=null,age=0}
03:43:12.891 [qtp399373008-62] DEBUG org.eclipse.jetty.server.HttpConnection - HttpConnection@509446f1::DecryptedEndPoint@4ece94b0{l=/127.0.0.1:44051,r=/127.0.0.1:33282,OPEN,fill=-,flush=-,to=10/30000} filled 0 HeapByteBuffer@78682cd8[p=0,l=0,c=17408,r=0]={<<<>>>\x17\x03\x03\x06\x85\x19\xB7\xA38...\x00\x00\x00\x00\x00\x00\x00}
03:43:12.891 [qtp399373008-62] DEBUG org.eclipse.jetty.server.HttpConnection - HttpConnection@509446f1::DecryptedEndPoint@4ece94b0{l=/127.0.0.1:44051,r=/127.0.0.1:33282,OPEN,fill=-,flush=-,to=10/30000} parse HeapByteBuffer@78682cd8[p=0,l=0,c=17408,r=0]={<<<>>>\x17\x03\x03\x06\x85\x19\xB7\xA38...\x00\x00\x00\x00\x00\x00\x00} {}
03:43:12.891 [qtp399373008-62] DEBUG org.eclipse.jetty.http.HttpParser - parseNext s=START HeapByteBuffer@78682cd8[p=0,l=0,c=17408,r=0]={<<<>>>\x17\x03\x03\x06\x85\x19\xB7\xA38...\x00\x00\x00\x00\x00\x00\x00}
03:43:12.891 [qtp399373008-62] DEBUG org.eclipse.jetty.server.HttpConnection - HttpConnection@509446f1::DecryptedEndPoint@4ece94b0{l=/127.0.0.1:44051,r=/127.0.0.1:33282,OPEN,fill=-,flush=-,to=10/30000} parsed false HttpParser{s=START,0 of -1}
03:43:12.891 [qtp399373008-62] DEBUG org.eclipse.jetty.server.HttpConnection - releaseRequestBuffer HttpConnection@509446f1::DecryptedEndPoint@4ece94b0{l=/127.0.0.1:44051,r=/127.0.0.1:33282,OPEN,fill=-,flush=-,to=10/30000}
03:43:12.891 [qtp399373008-62] DEBUG org.eclipse.jetty.io.AbstractConnection - fillInterested HttpConnection@509446f1::DecryptedEndPoint@4ece94b0{l=/127.0.0.1:44051,r=/127.0.0.1:33282,OPEN,fill=-,flush=-,to=10/30000}
03:43:12.891 [qtp399373008-62] DEBUG org.eclipse.jetty.io.FillInterest - interested FillInterest@275bda8{AC.ReadCB@509446f1{HttpConnection@509446f1::DecryptedEndPoint@4ece94b0{l=/127.0.0.1:44051,r=/127.0.0.1:33282,OPEN,fill=FI,flush=-,to=0/30000}}}
03:43:12.891 [qtp399373008-62] DEBUG org.eclipse.jetty.io.ssl.SslConnection - >needFillInterest s=IDLE/IDLE uf=true ei=null di=null SslConnection@4a75b869::SocketChannelEndPoint@719501ef{l=/127.0.0.1:44051,r=/127.0.0.1:33282,OPEN,fill=-,flush=-,to=0/30000}{io=0/0,kio=0,kro=1}->SslConnection@4a75b869{NEED_UNWRAP,eio=-1/-1,di=-1,fill=IDLE,flush=IDLE}~>DecryptedEndPoint@4ece94b0{l=/127.0.0.1:44051,r=/127.0.0.1:33282,OPEN,fill=FI,flush=-,to=0/30000}=>HttpConnection@509446f1[p=HttpParser{s=START,0 of -1},g=HttpGenerator@70a4ce83{s=START}]=>HttpChannelOverHttp@24b85c11{s=HttpChannelState@170d65c7{s=IDLE rs=BLOCKING os=OPEN is=IDLE awp=false se=false i=true al=0},r=0,c=false/false,a=IDLE,uri=null,age=0}
03:43:12.891 [qtp399373008-62] DEBUG org.eclipse.jetty.io.ssl.SslConnection - <needFillInterest s=IDLE/INTERESTED f=false i=true w=null
03:43:12.891 [qtp399373008-62] DEBUG org.eclipse.jetty.io.ssl.SslConnection - ensureFillInterested SslConnection@4a75b869::SocketChannelEndPoint@719501ef{l=/127.0.0.1:44051,r=/127.0.0.1:33282,OPEN,fill=-,flush=-,to=0/30000}{io=0/0,kio=0,kro=1}->SslConnection@4a75b869{NEED_UNWRAP,eio=-1/-1,di=-1,fill=INTERESTED,flush=IDLE}~>DecryptedEndPoint@4ece94b0{l=/127.0.0.1:44051,r=/127.0.0.1:33282,OPEN,fill=FI,flush=-,to=0/30000}=>HttpConnection@509446f1[p=HttpParser{s=START,0 of -1},g=HttpGenerator@70a4ce83{s=START}]=>HttpChannelOverHttp@24b85c11{s=HttpChannelState@170d65c7{s=IDLE rs=BLOCKING os=OPEN is=IDLE awp=false se=false i=true al=0},r=0,c=false/false,a=IDLE,uri=null,age=0}
03:43:12.891 [qtp399373008-62] DEBUG org.eclipse.jetty.io.FillInterest - interested FillInterest@62be6620{SSLC.NBReadCB@4a75b869{SslConnection@4a75b869::SocketChannelEndPoint@719501ef{l=/127.0.0.1:44051,r=/127.0.0.1:33282,OPEN,fill=FI,flush=-,to=0/30000}{io=0/0,kio=0,kro=1}->SslConnection@4a75b869{NEED_UNWRAP,eio=-1/-1,di=-1,fill=INTERESTED,flush=IDLE}~>DecryptedEndPoint@4ece94b0{l=/127.0.0.1:44051,r=/127.0.0.1:33282,OPEN,fill=FI,flush=-,to=0/30000}=>HttpConnection@509446f1[p=HttpParser{s=START,0 of -1},g=HttpGenerator@70a4ce83{s=START}]=>HttpChannelOverHttp@24b85c11{s=HttpChannelState@170d65c7{s=IDLE rs=BLOCKING os=OPEN is=IDLE awp=false se=false i=true al=0},r=0,c=false/false,a=IDLE,uri=null,age=0}}}
03:43:12.891 [qtp399373008-62] DEBUG org.eclipse.jetty.io.ChannelEndPoint - changeInterests p=false 0->1 for SocketChannelEndPoint@719501ef{l=/127.0.0.1:44051,r=/127.0.0.1:33282,OPEN,fill=FI,flush=-,to=0/30000}{io=0/1,kio=0,kro=1}->SslConnection@4a75b869{NEED_UNWRAP,eio=-1/-1,di=-1,fill=INTERESTED,flush=IDLE}~>DecryptedEndPoint@4ece94b0{l=/127.0.0.1:44051,r=/127.0.0.1:33282,OPEN,fill=FI,flush=-,to=0/30000}=>HttpConnection@509446f1[p=HttpParser{s=START,0 of -1},g=HttpGenerator@70a4ce83{s=START}]=>HttpChannelOverHttp@24b85c11{s=HttpChannelState@170d65c7{s=IDLE rs=BLOCKING os=OPEN is=IDLE awp=false se=false i=true al=0},r=0,c=false/false,a=IDLE,uri=null,age=0}
03:43:12.892 [qtp399373008-62] DEBUG org.eclipse.jetty.io.ManagedSelector - Queued change lazy=false org.eclipse.jetty.io.ChannelEndPoint$$Lambda$255/90666987@5ef2cee on ManagedSelector@47a86fbb{STARTED} id=2 keys=2 selected=0 updates=0
03:43:12.892 [qtp399373008-62] DEBUG org.eclipse.jetty.io.ManagedSelector - Wakeup on submit ManagedSelector@47a86fbb{STARTED} id=2 keys=2 selected=0 updates=1
03:43:12.892 [qtp399373008-60] DEBUG org.eclipse.jetty.io.ManagedSelector - Selector sun.nio.ch.EPollSelectorImpl@1eaae130 woken with none selected
03:43:12.892 [qtp399373008-62] DEBUG org.eclipse.jetty.server.HttpConnection - HttpConnection@509446f1::DecryptedEndPoint@4ece94b0{l=/127.0.0.1:44051,r=/127.0.0.1:33282,OPEN,fill=FI,flush=-,to=0/30000} onFillable exit HttpChannelState@170d65c7{s=IDLE rs=BLOCKING os=OPEN is=IDLE awp=false se=false i=true al=0} null
03:43:12.892 [qtp399373008-60] DEBUG org.eclipse.jetty.io.ManagedSelector - Selector sun.nio.ch.EPollSelectorImpl@1eaae130 woken up from select, 0/0/2 selected
03:43:12.892 [qtp399373008-60] DEBUG org.eclipse.jetty.io.ManagedSelector - Selector sun.nio.ch.EPollSelectorImpl@1eaae130 processing 0 keys, 1 updates
03:43:12.892 [qtp399373008-60] DEBUG org.eclipse.jetty.io.ManagedSelector - updateable 1
03:43:12.892 [qtp399373008-60] DEBUG org.eclipse.jetty.io.ManagedSelector - update org.eclipse.jetty.io.ChannelEndPoint$$Lambda$255/90666987@5ef2cee
03:43:12.892 [qtp399373008-62] DEBUG org.eclipse.jetty.io.ssl.SslConnection - <c.onFillable SslConnection@4a75b869::SocketChannelEndPoint@719501ef{l=/127.0.0.1:44051,r=/127.0.0.1:33282,OPEN,fill=FI,flush=-,to=0/30000}{io=0/1,kio=0,kro=1}->SslConnection@4a75b869{NEED_UNWRAP,eio=-1/-1,di=-1,fill=INTERESTED,flush=IDLE}~>DecryptedEndPoint@4ece94b0{l=/127.0.0.1:44051,r=/127.0.0.1:33282,OPEN,fill=FI,flush=-,to=0/30000}=>HttpConnection@509446f1[p=HttpParser{s=START,0 of -1},g=HttpGenerator@70a4ce83{s=START}]=>HttpChannelOverHttp@24b85c11{s=HttpChannelState@170d65c7{s=IDLE rs=BLOCKING os=OPEN is=IDLE awp=false se=false i=true al=0},r=0,c=false/false,a=IDLE,uri=null,age=0}
03:43:12.892 [qtp399373008-62] DEBUG org.eclipse.jetty.util.thread.ReservedThreadExecutor - ReservedThread@1ba773eb{RUNNING,thread=Thread[qtp399373008-62,5,main]} was=RUNNING next=RESERVED size=0+2 capacity=8
03:43:12.892 [qtp399373008-62] DEBUG org.eclipse.jetty.util.thread.ReservedThreadExecutor - ReservedThread@1ba773eb{RESERVED,thread=Thread[qtp399373008-62,5,main]} waiting ReservedThreadExecutor@424fd310{reserved=2/8,pending=0}
03:43:12.892 [qtp399373008-60] DEBUG org.eclipse.jetty.io.ChannelEndPoint - Key interests updated 0 -> 1 on SocketChannelEndPoint@719501ef{l=/127.0.0.1:44051,r=/127.0.0.1:33282,OPEN,fill=FI,flush=-,to=0/30000}{io=1/1,kio=1,kro=1}->SslConnection@4a75b869{NEED_UNWRAP,eio=-1/-1,di=-1,fill=INTERESTED,flush=IDLE}~>DecryptedEndPoint@4ece94b0{l=/127.0.0.1:44051,r=/127.0.0.1:33282,OPEN,fill=FI,flush=-,to=0/30000}=>HttpConnection@509446f1[p=HttpParser{s=START,0 of -1},g=HttpGenerator@70a4ce83{s=START}]=>HttpChannelOverHttp@24b85c11{s=HttpChannelState@170d65c7{s=IDLE rs=BLOCKING os=OPEN is=IDLE awp=false se=false i=true al=0},r=0,c=false/false,a=IDLE,uri=null,age=0}
03:43:12.892 [qtp399373008-60] DEBUG org.eclipse.jetty.io.ManagedSelector - updates 0
03:43:12.892 [qtp399373008-60] DEBUG org.eclipse.jetty.io.ManagedSelector - Selector sun.nio.ch.EPollSelectorImpl@1eaae130 waiting with 2 keys
03:43:12.893 [qtp399373008-60] DEBUG org.eclipse.jetty.io.ManagedSelector - Selector sun.nio.ch.EPollSelectorImpl@1eaae130 woken up from select, 1/1/2 selected
03:43:12.893 [qtp399373008-60] DEBUG org.eclipse.jetty.io.ManagedSelector - Selector sun.nio.ch.EPollSelectorImpl@1eaae130 processing 1 keys, 0 updates
03:43:12.893 [qtp399373008-60] DEBUG org.eclipse.jetty.io.ManagedSelector - selected 1 sun.nio.ch.SelectionKeyImpl@3792d79e SocketChannelEndPoint@719501ef{l=/127.0.0.1:44051,r=/127.0.0.1:33282,OPEN,fill=FI,flush=-,to=1/30000}{io=1/1,kio=1,kro=1}->SslConnection@4a75b869{NEED_UNWRAP,eio=-1/-1,di=-1,fill=INTERESTED,flush=IDLE}~>DecryptedEndPoint@4ece94b0{l=/127.0.0.1:44051,r=/127.0.0.1:33282,OPEN,fill=FI,flush=-,to=1/30000}=>HttpConnection@509446f1[p=HttpParser{s=START,0 of -1},g=HttpGenerator@70a4ce83{s=START}]=>HttpChannelOverHttp@24b85c11{s=HttpChannelState@170d65c7{s=IDLE rs=BLOCKING os=OPEN is=IDLE awp=false se=false i=true al=0},r=0,c=false/false,a=IDLE,uri=null,age=0} 
03:43:12.893 [qtp399373008-60] DEBUG org.eclipse.jetty.io.ChannelEndPoint - onSelected 1->0 r=true w=false for SocketChannelEndPoint@719501ef{l=/127.0.0.1:44051,r=/127.0.0.1:33282,OPEN,fill=FI,flush=-,to=1/30000}{io=1/0,kio=1,kro=1}->SslConnection@4a75b869{NEED_UNWRAP,eio=-1/-1,di=-1,fill=INTERESTED,flush=IDLE}~>DecryptedEndPoint@4ece94b0{l=/127.0.0.1:44051,r=/127.0.0.1:33282,OPEN,fill=FI,flush=-,to=1/30000}=>HttpConnection@509446f1[p=HttpParser{s=START,0 of -1},g=HttpGenerator@70a4ce83{s=START}]=>HttpChannelOverHttp@24b85c11{s=HttpChannelState@170d65c7{s=IDLE rs=BLOCKING os=OPEN is=IDLE awp=false se=false i=true al=0},r=0,c=false/false,a=IDLE,uri=null,age=0}
03:43:12.893 [qtp399373008-60] DEBUG org.eclipse.jetty.io.ChannelEndPoint - task CEP:SocketChannelEndPoint@719501ef{l=/127.0.0.1:44051,r=/127.0.0.1:33282,OPEN,fill=FI,flush=-,to=1/30000}{io=1/0,kio=1,kro=1}->SslConnection@4a75b869{NEED_UNWRAP,eio=-1/-1,di=-1,fill=INTERESTED,flush=IDLE}~>DecryptedEndPoint@4ece94b0{l=/127.0.0.1:44051,r=/127.0.0.1:33282,OPEN,fill=FI,flush=-,to=1/30000}=>HttpConnection@509446f1[p=HttpParser{s=START,0 of -1},g=HttpGenerator@70a4ce83{s=START}]=>HttpChannelOverHttp@24b85c11{s=HttpChannelState@170d65c7{s=IDLE rs=BLOCKING os=OPEN is=IDLE awp=false se=false i=true al=0},r=0,c=false/false,a=IDLE,uri=null,age=0}:runFillable:BLOCKING
03:43:12.893 [qtp399373008-60] DEBUG org.eclipse.jetty.util.thread.ReservedThreadExecutor - ReservedThreadExecutor@424fd310{reserved=2/8,pending=0} tryExecute EatWhatYouKill@1c3146bc/SelectorProducer@56c698e3/PRODUCING/p=false/QueuedThreadPool[qtp399373008]@17cdf2d0{STARTED,8<=8<=200,i=1,r=-1,q=0}[ReservedThreadExecutor@424fd310{reserved=2/8,pending=0}][pc=0,pic=0,pec=0,epc=4]@2024-05-02T03:43:12.893+01:00
03:43:12.893 [qtp399373008-60] DEBUG org.eclipse.jetty.util.thread.strategy.EatWhatYouKill - EatWhatYouKill@1c3146bc/SelectorProducer@56c698e3/IDLE/p=true/QueuedThreadPool[qtp399373008]@17cdf2d0{STARTED,8<=8<=200,i=1,r=-1,q=0}[ReservedThreadExecutor@424fd310{reserved=1/8,pending=0}][pc=0,pic=0,pec=0,epc=4]@2024-05-02T03:43:12.893+01:00 m=EXECUTE_PRODUCE_CONSUME t=CEP:SocketChannelEndPoint@719501ef{l=/127.0.0.1:44051,r=/127.0.0.1:33282,OPEN,fill=FI,flush=-,to=1/30000}{io=1/0,kio=1,kro=1}->SslConnection@4a75b869{NEED_UNWRAP,eio=-1/-1,di=-1,fill=INTERESTED,flush=IDLE}~>DecryptedEndPoint@4ece94b0{l=/127.0.0.1:44051,r=/127.0.0.1:33282,OPEN,fill=FI,flush=-,to=2/30000}=>HttpConnection@509446f1[p=HttpParser{s=START,0 of -1},g=HttpGenerator@70a4ce83{s=START}]=>HttpChannelOverHttp@24b85c11{s=HttpChannelState@170d65c7{s=IDLE rs=BLOCKING os=OPEN is=IDLE awp=false se=false i=true al=0},r=0,c=false/false,a=IDLE,uri=null,age=0}:runFillable:BLOCKING/BLOCKING
03:43:12.893 [qtp399373008-60] DEBUG org.eclipse.jetty.io.FillInterest - fillable FillInterest@62be6620{SSLC.NBReadCB@4a75b869{SslConnection@4a75b869::SocketChannelEndPoint@719501ef{l=/127.0.0.1:44051,r=/127.0.0.1:33282,OPEN,fill=FI,flush=-,to=1/30000}{io=1/0,kio=1,kro=1}->SslConnection@4a75b869{NEED_UNWRAP,eio=-1/-1,di=-1,fill=INTERESTED,flush=IDLE}~>DecryptedEndPoint@4ece94b0{l=/127.0.0.1:44051,r=/127.0.0.1:33282,OPEN,fill=FI,flush=-,to=2/30000}=>HttpConnection@509446f1[p=HttpParser{s=START,0 of -1},g=HttpGenerator@70a4ce83{s=START}]=>HttpChannelOverHttp@24b85c11{s=HttpChannelState@170d65c7{s=IDLE rs=BLOCKING os=OPEN is=IDLE awp=false se=false i=true al=0},r=0,c=false/false,a=IDLE,uri=null,age=0}}}
03:43:12.893 [qtp399373008-60] DEBUG org.eclipse.jetty.io.ssl.SslConnection - >c.onFillable SslConnection@4a75b869::SocketChannelEndPoint@719501ef{l=/127.0.0.1:44051,r=/127.0.0.1:33282,OPEN,fill=-,flush=-,to=1/30000}{io=1/0,kio=1,kro=1}->SslConnection@4a75b869{NEED_UNWRAP,eio=-1/-1,di=-1,fill=INTERESTED,flush=IDLE}~>DecryptedEndPoint@4ece94b0{l=/127.0.0.1:44051,r=/127.0.0.1:33282,OPEN,fill=FI,flush=-,to=2/30000}=>HttpConnection@509446f1[p=HttpParser{s=START,0 of -1},g=HttpGenerator@70a4ce83{s=START}]=>HttpChannelOverHttp@24b85c11{s=HttpChannelState@170d65c7{s=IDLE rs=BLOCKING os=OPEN is=IDLE awp=false se=false i=true al=0},r=0,c=false/false,a=IDLE,uri=null,age=0}
03:43:12.894 [qtp399373008-60] DEBUG org.eclipse.jetty.io.ssl.SslConnection - onFillable SslConnection@4a75b869::SocketChannelEndPoint@719501ef{l=/127.0.0.1:44051,r=/127.0.0.1:33282,OPEN,fill=-,flush=-,to=2/30000}{io=1/0,kio=1,kro=1}->SslConnection@4a75b869{NEED_UNWRAP,eio=-1/-1,di=-1,fill=INTERESTED,flush=IDLE}~>DecryptedEndPoint@4ece94b0{l=/127.0.0.1:44051,r=/127.0.0.1:33282,OPEN,fill=FI,flush=-,to=3/30000}=>HttpConnection@509446f1[p=HttpParser{s=START,0 of -1},g=HttpGenerator@70a4ce83{s=START}]=>HttpChannelOverHttp@24b85c11{s=HttpChannelState@170d65c7{s=IDLE rs=BLOCKING os=OPEN is=IDLE awp=false se=false i=true al=0},r=0,c=false/false,a=IDLE,uri=null,age=0}
03:43:12.894 [qtp399373008-60] DEBUG org.eclipse.jetty.io.FillInterest - fillable FillInterest@275bda8{AC.ReadCB@509446f1{HttpConnection@509446f1::DecryptedEndPoint@4ece94b0{l=/127.0.0.1:44051,r=/127.0.0.1:33282,OPEN,fill=FI,flush=-,to=3/30000}}}
03:43:12.894 [qtp399373008-60] DEBUG org.eclipse.jetty.server.HttpConnection - HttpConnection@509446f1::DecryptedEndPoint@4ece94b0{l=/127.0.0.1:44051,r=/127.0.0.1:33282,OPEN,fill=-,flush=-,to=3/30000} onFillable enter HttpChannelState@170d65c7{s=IDLE rs=BLOCKING os=OPEN is=IDLE awp=false se=false i=true al=0} null
03:43:12.895 [qtp399373008-60] DEBUG org.eclipse.jetty.io.ssl.SslConnection - >fill SslConnection@4a75b869::SocketChannelEndPoint@719501ef{l=/127.0.0.1:44051,r=/127.0.0.1:33282,OPEN,fill=-,flush=-,to=3/30000}{io=1/0,kio=1,kro=1}->SslConnection@4a75b869{NEED_UNWRAP,eio=-1/-1,di=-1,fill=IDLE,flush=IDLE}~>DecryptedEndPoint@4ece94b0{l=/127.0.0.1:44051,r=/127.0.0.1:33282,OPEN,fill=-,flush=-,to=3/30000}=>HttpConnection@509446f1[p=HttpParser{s=START,0 of -1},g=HttpGenerator@70a4ce83{s=START}]=>HttpChannelOverHttp@24b85c11{s=HttpChannelState@170d65c7{s=IDLE rs=BLOCKING os=OPEN is=IDLE awp=false se=false i=true al=0},r=0,c=false/false,a=IDLE,uri=null,age=0}
03:43:12.895 [qtp399373008-60] DEBUG org.eclipse.jetty.io.ssl.SslConnection - fill NEED_UNWRAP
03:43:12.895 [qtp399373008-62] DEBUG org.eclipse.jetty.util.thread.ReservedThreadExecutor - ReservedThread@1ba773eb{RESERVED,thread=Thread[qtp399373008-62,5,main]} task=EatWhatYouKill@1c3146bc/SelectorProducer@56c698e3/IDLE/p=true/QueuedThreadPool[qtp399373008]@17cdf2d0{STARTED,8<=8<=200,i=1,r=-1,q=0}[ReservedThreadExecutor@424fd310{reserved=1/8,pending=0}][pc=0,pic=0,pec=0,epc=5]@2024-05-02T03:43:12.895+01:00 ReservedThreadExecutor@424fd310{reserved=1/8,pending=0}
03:43:12.895 [qtp399373008-62] DEBUG org.eclipse.jetty.util.thread.strategy.EatWhatYouKill - EatWhatYouKill@1c3146bc/SelectorProducer@56c698e3/IDLE/p=true/QueuedThreadPool[qtp399373008]@17cdf2d0{STARTED,8<=8<=200,i=1,r=-1,q=0}[ReservedThreadExecutor@424fd310{reserved=1/8,pending=0}][pc=0,pic=0,pec=0,epc=5]@2024-05-02T03:43:12.895+01:00 tryProduce true
03:43:12.895 [qtp399373008-62] DEBUG org.eclipse.jetty.io.ManagedSelector - updateable 0
03:43:12.895 [qtp399373008-62] DEBUG org.eclipse.jetty.io.ManagedSelector - updates 0
03:43:12.895 [qtp399373008-62] DEBUG org.eclipse.jetty.io.ChannelEndPoint - Key interests updated 1 -> 0 on SocketChannelEndPoint@719501ef{l=/127.0.0.1:44051,r=/127.0.0.1:33282,OPEN,fill=-,flush=-,to=3/30000}{io=0/0,kio=0,kro=1}->SslConnection@4a75b869{NEED_UNWRAP,eio=-1/-1,di=-1,fill=IDLE,flush=IDLE}~>DecryptedEndPoint@4ece94b0{l=/127.0.0.1:44051,r=/127.0.0.1:33282,OPEN,fill=-,flush=-,to=3/30000}=>HttpConnection@509446f1[p=HttpParser{s=START,0 of -1},g=HttpGenerator@70a4ce83{s=START}]=>HttpChannelOverHttp@24b85c11{s=HttpChannelState@170d65c7{s=IDLE rs=BLOCKING os=OPEN is=IDLE awp=false se=false i=true al=0},r=0,c=false/false,a=IDLE,uri=null,age=0}
03:43:12.895 [qtp399373008-62] DEBUG org.eclipse.jetty.io.ManagedSelector - Selector sun.nio.ch.EPollSelectorImpl@1eaae130 waiting with 2 keys
03:43:12.896 [qtp399373008-60] DEBUG org.eclipse.jetty.io.ChannelEndPoint - filled 6 HeapByteBuffer@76afdda5[p=0,l=6,c=17408,r=6]={<<<\x14\x03\x03\x00\x01\x01>>>\x10\x86\xF4\xFa#$\x82y\x10...\x00\x00\x00\x00\x00\x00\x00}
03:43:12.896 [qtp399373008-60] DEBUG org.eclipse.jetty.io.ssl.SslConnection - net filled=6
03:43:12.896 [qtp399373008-60] DEBUG org.eclipse.jetty.io.ssl.SslConnection - unwrap net_filled=6 Status = OK HandshakeStatus = NEED_UNWRAP bytesConsumed = 6 bytesProduced = 0 encryptedBuffer=[p=6,l=6,c=17408,r=0] unwrapBuffer=HeapByteBuffer@729047a8[p=0,l=0,c=17408,r=0]={<<<>>>\x16\x03\x03\x01N\x01\x00\x01J...\x00\x00\x00\x00\x00\x00\x00} appBuffer=HeapByteBuffer@729047a8[p=0,l=0,c=17408,r=0]={<<<>>>\x16\x03\x03\x01N\x01\x00\x01J...\x00\x00\x00\x00\x00\x00\x00}
03:43:12.896 [qtp399373008-60] DEBUG org.eclipse.jetty.io.ssl.SslConnection - fill NEED_UNWRAP
03:43:12.896 [qtp399373008-60] DEBUG org.eclipse.jetty.io.ChannelEndPoint - filled 0 HeapByteBuffer@76afdda5[p=0,l=0,c=17408,r=0]={<<<>>>\x14\x03\x03\x00\x01\x01\x10\x86\xF4...\x00\x00\x00\x00\x00\x00\x00}
03:43:12.896 [qtp399373008-60] DEBUG org.eclipse.jetty.io.ssl.SslConnection - net filled=0
03:43:12.896 [qtp399373008-60] DEBUG org.eclipse.jetty.io.ssl.SslConnection - unwrap net_filled=0 Status = BUFFER_UNDERFLOW HandshakeStatus = NEED_UNWRAP bytesConsumed = 0 bytesProduced = 0 encryptedBuffer=[p=0,l=0,c=17408,r=0] unwrapBuffer=HeapByteBuffer@729047a8[p=0,l=0,c=17408,r=0]={<<<>>>\x16\x03\x03\x01N\x01\x00\x01J...\x00\x00\x00\x00\x00\x00\x00} appBuffer=HeapByteBuffer@729047a8[p=0,l=0,c=17408,r=0]={<<<>>>\x16\x03\x03\x01N\x01\x00\x01J...\x00\x00\x00\x00\x00\x00\x00}
03:43:12.896 [qtp399373008-60] DEBUG org.eclipse.jetty.io.ssl.SslConnection - <fill f=0 uf=true SslConnection@4a75b869::SocketChannelEndPoint@719501ef{l=/127.0.0.1:44051,r=/127.0.0.1:33282,OPEN,fill=-,flush=-,to=0/30000}{io=0/0,kio=0,kro=1}->SslConnection@4a75b869{NEED_UNWRAP,eio=-1/-1,di=-1,fill=IDLE,flush=IDLE}~>DecryptedEndPoint@4ece94b0{l=/127.0.0.1:44051,r=/127.0.0.1:33282,OPEN,fill=-,flush=-,to=4/30000}=>HttpConnection@509446f1[p=HttpParser{s=START,0 of -1},g=HttpGenerator@70a4ce83{s=START}]=>HttpChannelOverHttp@24b85c11{s=HttpChannelState@170d65c7{s=IDLE rs=BLOCKING os=OPEN is=IDLE awp=false se=false i=true al=0},r=0,c=false/false,a=IDLE,uri=null,age=0}
03:43:12.896 [qtp399373008-60] DEBUG org.eclipse.jetty.io.ssl.SslConnection - >fill SslConnection@4a75b869::SocketChannelEndPoint@719501ef{l=/127.0.0.1:44051,r=/127.0.0.1:33282,OPEN,fill=-,flush=-,to=0/30000}{io=0/0,kio=0,kro=1}->SslConnection@4a75b869{NEED_UNWRAP,eio=-1/-1,di=-1,fill=IDLE,flush=IDLE}~>DecryptedEndPoint@4ece94b0{l=/127.0.0.1:44051,r=/127.0.0.1:33282,OPEN,fill=-,flush=-,to=4/30000}=>HttpConnection@509446f1[p=HttpParser{s=START,0 of -1},g=HttpGenerator@70a4ce83{s=START}]=>HttpChannelOverHttp@24b85c11{s=HttpChannelState@170d65c7{s=IDLE rs=BLOCKING os=OPEN is=IDLE awp=false se=false i=true al=0},r=0,c=false/false,a=IDLE,uri=null,age=0}
03:43:12.896 [qtp399373008-60] DEBUG org.eclipse.jetty.io.ssl.SslConnection - fill NEED_UNWRAP
03:43:12.896 [qtp399373008-60] DEBUG org.eclipse.jetty.io.ChannelEndPoint - filled 0 HeapByteBuffer@78682cd8[p=0,l=0,c=17408,r=0]={<<<>>>\x17\x03\x03\x06\x85\x19\xB7\xA38...\x00\x00\x00\x00\x00\x00\x00}
03:43:12.896 [qtp399373008-60] DEBUG org.eclipse.jetty.io.ssl.SslConnection - net filled=0
03:43:12.896 [qtp399373008-60] DEBUG org.eclipse.jetty.io.ssl.SslConnection - unwrap net_filled=0 Status = BUFFER_UNDERFLOW HandshakeStatus = NEED_UNWRAP bytesConsumed = 0 bytesProduced = 0 encryptedBuffer=[p=0,l=0,c=17408,r=0] unwrapBuffer=HeapByteBuffer@729047a8[p=0,l=0,c=17408,r=0]={<<<>>>\x16\x03\x03\x01N\x01\x00\x01J...\x00\x00\x00\x00\x00\x00\x00} appBuffer=HeapByteBuffer@729047a8[p=0,l=0,c=17408,r=0]={<<<>>>\x16\x03\x03\x01N\x01\x00\x01J...\x00\x00\x00\x00\x00\x00\x00}
03:43:12.896 [qtp399373008-60] DEBUG org.eclipse.jetty.io.ssl.SslConnection - <fill f=0 uf=true SslConnection@4a75b869::SocketChannelEndPoint@719501ef{l=/127.0.0.1:44051,r=/127.0.0.1:33282,OPEN,fill=-,flush=-,to=0/30000}{io=0/0,kio=0,kro=1}->SslConnection@4a75b869{NEED_UNWRAP,eio=-1/-1,di=-1,fill=IDLE,flush=IDLE}~>DecryptedEndPoint@4ece94b0{l=/127.0.0.1:44051,r=/127.0.0.1:33282,OPEN,fill=-,flush=-,to=4/30000}=>HttpConnection@509446f1[p=HttpParser{s=START,0 of -1},g=HttpGenerator@70a4ce83{s=START}]=>HttpChannelOverHttp@24b85c11{s=HttpChannelState@170d65c7{s=IDLE rs=BLOCKING os=OPEN is=IDLE awp=false se=false i=true al=0},r=0,c=false/false,a=IDLE,uri=null,age=0}
03:43:12.896 [qtp399373008-60] DEBUG org.eclipse.jetty.server.HttpConnection - HttpConnection@509446f1::DecryptedEndPoint@4ece94b0{l=/127.0.0.1:44051,r=/127.0.0.1:33282,OPEN,fill=-,flush=-,to=4/30000} filled 0 HeapByteBuffer@729047a8[p=0,l=0,c=17408,r=0]={<<<>>>\x16\x03\x03\x01N\x01\x00\x01J...\x00\x00\x00\x00\x00\x00\x00}
03:43:12.896 [qtp399373008-60] DEBUG org.eclipse.jetty.server.HttpConnection - HttpConnection@509446f1::DecryptedEndPoint@4ece94b0{l=/127.0.0.1:44051,r=/127.0.0.1:33282,OPEN,fill=-,flush=-,to=5/30000} parse HeapByteBuffer@729047a8[p=0,l=0,c=17408,r=0]={<<<>>>\x16\x03\x03\x01N\x01\x00\x01J...\x00\x00\x00\x00\x00\x00\x00} {}
03:43:12.896 [qtp399373008-60] DEBUG org.eclipse.jetty.http.HttpParser - parseNext s=START HeapByteBuffer@729047a8[p=0,l=0,c=17408,r=0]={<<<>>>\x16\x03\x03\x01N\x01\x00\x01J...\x00\x00\x00\x00\x00\x00\x00}
03:43:12.896 [qtp399373008-60] DEBUG org.eclipse.jetty.server.HttpConnection - HttpConnection@509446f1::DecryptedEndPoint@4ece94b0{l=/127.0.0.1:44051,r=/127.0.0.1:33282,OPEN,fill=-,flush=-,to=5/30000} parsed false HttpParser{s=START,0 of -1}
03:43:12.896 [qtp399373008-60] DEBUG org.eclipse.jetty.server.HttpConnection - releaseRequestBuffer HttpConnection@509446f1::DecryptedEndPoint@4ece94b0{l=/127.0.0.1:44051,r=/127.0.0.1:33282,OPEN,fill=-,flush=-,to=5/30000}
03:43:12.896 [qtp399373008-60] DEBUG org.eclipse.jetty.io.AbstractConnection - fillInterested HttpConnection@509446f1::DecryptedEndPoint@4ece94b0{l=/127.0.0.1:44051,r=/127.0.0.1:33282,OPEN,fill=-,flush=-,to=5/30000}
03:43:12.896 [qtp399373008-60] DEBUG org.eclipse.jetty.io.FillInterest - interested FillInterest@275bda8{AC.ReadCB@509446f1{HttpConnection@509446f1::DecryptedEndPoint@4ece94b0{l=/127.0.0.1:44051,r=/127.0.0.1:33282,OPEN,fill=FI,flush=-,to=0/30000}}}
03:43:12.896 [qtp399373008-60] DEBUG org.eclipse.jetty.io.ssl.SslConnection - >needFillInterest s=IDLE/IDLE uf=true ei=null di=null SslConnection@4a75b869::SocketChannelEndPoint@719501ef{l=/127.0.0.1:44051,r=/127.0.0.1:33282,OPEN,fill=-,flush=-,to=0/30000}{io=0/0,kio=0,kro=1}->SslConnection@4a75b869{NEED_UNWRAP,eio=-1/-1,di=-1,fill=IDLE,flush=IDLE}~>DecryptedEndPoint@4ece94b0{l=/127.0.0.1:44051,r=/127.0.0.1:33282,OPEN,fill=FI,flush=-,to=0/30000}=>HttpConnection@509446f1[p=HttpParser{s=START,0 of -1},g=HttpGenerator@70a4ce83{s=START}]=>HttpChannelOverHttp@24b85c11{s=HttpChannelState@170d65c7{s=IDLE rs=BLOCKING os=OPEN is=IDLE awp=false se=false i=true al=0},r=0,c=false/false,a=IDLE,uri=null,age=0}
03:43:12.896 [qtp399373008-60] DEBUG org.eclipse.jetty.io.ssl.SslConnection - <needFillInterest s=IDLE/INTERESTED f=false i=true w=null
03:43:12.896 [qtp399373008-60] DEBUG org.eclipse.jetty.io.ssl.SslConnection - ensureFillInterested SslConnection@4a75b869::SocketChannelEndPoint@719501ef{l=/127.0.0.1:44051,r=/127.0.0.1:33282,OPEN,fill=-,flush=-,to=0/30000}{io=0/0,kio=0,kro=1}->SslConnection@4a75b869{NEED_UNWRAP,eio=-1/-1,di=-1,fill=INTERESTED,flush=IDLE}~>DecryptedEndPoint@4ece94b0{l=/127.0.0.1:44051,r=/127.0.0.1:33282,OPEN,fill=FI,flush=-,to=0/30000}=>HttpConnection@509446f1[p=HttpParser{s=START,0 of -1},g=HttpGenerator@70a4ce83{s=START}]=>HttpChannelOverHttp@24b85c11{s=HttpChannelState@170d65c7{s=IDLE rs=BLOCKING os=OPEN is=IDLE awp=false se=false i=true al=0},r=0,c=false/false,a=IDLE,uri=null,age=0}
03:43:12.896 [qtp399373008-60] DEBUG org.eclipse.jetty.io.FillInterest - interested FillInterest@62be6620{SSLC.NBReadCB@4a75b869{SslConnection@4a75b869::SocketChannelEndPoint@719501ef{l=/127.0.0.1:44051,r=/127.0.0.1:33282,OPEN,fill=FI,flush=-,to=0/30000}{io=0/0,kio=0,kro=1}->SslConnection@4a75b869{NEED_UNWRAP,eio=-1/-1,di=-1,fill=INTERESTED,flush=IDLE}~>DecryptedEndPoint@4ece94b0{l=/127.0.0.1:44051,r=/127.0.0.1:33282,OPEN,fill=FI,flush=-,to=0/30000}=>HttpConnection@509446f1[p=HttpParser{s=START,0 of -1},g=HttpGenerator@70a4ce83{s=START}]=>HttpChannelOverHttp@24b85c11{s=HttpChannelState@170d65c7{s=IDLE rs=BLOCKING os=OPEN is=IDLE awp=false se=false i=true al=0},r=0,c=false/false,a=IDLE,uri=null,age=0}}}
03:43:12.896 [qtp399373008-60] DEBUG org.eclipse.jetty.io.ChannelEndPoint - changeInterests p=false 0->1 for SocketChannelEndPoint@719501ef{l=/127.0.0.1:44051,r=/127.0.0.1:33282,OPEN,fill=FI,flush=-,to=0/30000}{io=0/1,kio=0,kro=1}->SslConnection@4a75b869{NEED_UNWRAP,eio=-1/-1,di=-1,fill=INTERESTED,flush=IDLE}~>DecryptedEndPoint@4ece94b0{l=/127.0.0.1:44051,r=/127.0.0.1:33282,OPEN,fill=FI,flush=-,to=0/30000}=>HttpConnection@509446f1[p=HttpParser{s=START,0 of -1},g=HttpGenerator@70a4ce83{s=START}]=>HttpChannelOverHttp@24b85c11{s=HttpChannelState@170d65c7{s=IDLE rs=BLOCKING os=OPEN is=IDLE awp=false se=false i=true al=0},r=0,c=false/false,a=IDLE,uri=null,age=0}
03:43:12.896 [qtp399373008-60] DEBUG org.eclipse.jetty.io.ManagedSelector - Queued change lazy=false org.eclipse.jetty.io.ChannelEndPoint$$Lambda$255/90666987@5ef2cee on ManagedSelector@47a86fbb{STARTED} id=2 keys=2 selected=0 updates=0
03:43:12.896 [qtp399373008-60] DEBUG org.eclipse.jetty.io.ManagedSelector - Wakeup on submit ManagedSelector@47a86fbb{STARTED} id=2 keys=2 selected=0 updates=1
03:43:12.897 [qtp399373008-62] DEBUG org.eclipse.jetty.io.ManagedSelector - Selector sun.nio.ch.EPollSelectorImpl@1eaae130 woken with none selected
03:43:12.897 [qtp399373008-60] DEBUG org.eclipse.jetty.server.HttpConnection - HttpConnection@509446f1::DecryptedEndPoint@4ece94b0{l=/127.0.0.1:44051,r=/127.0.0.1:33282,OPEN,fill=FI,flush=-,to=0/30000} onFillable exit HttpChannelState@170d65c7{s=IDLE rs=BLOCKING os=OPEN is=IDLE awp=false se=false i=true al=0} null
03:43:12.897 [qtp399373008-62] DEBUG org.eclipse.jetty.io.ManagedSelector - Selector sun.nio.ch.EPollSelectorImpl@1eaae130 woken up from select, 0/0/2 selected
03:43:12.897 [qtp399373008-62] DEBUG org.eclipse.jetty.io.ManagedSelector - Selector sun.nio.ch.EPollSelectorImpl@1eaae130 processing 0 keys, 1 updates
03:43:12.897 [qtp399373008-62] DEBUG org.eclipse.jetty.io.ManagedSelector - updateable 1
03:43:12.897 [qtp399373008-62] DEBUG org.eclipse.jetty.io.ManagedSelector - update org.eclipse.jetty.io.ChannelEndPoint$$Lambda$255/90666987@5ef2cee
03:43:12.897 [qtp399373008-60] DEBUG org.eclipse.jetty.io.ssl.SslConnection - <c.onFillable SslConnection@4a75b869::SocketChannelEndPoint@719501ef{l=/127.0.0.1:44051,r=/127.0.0.1:33282,OPEN,fill=FI,flush=-,to=0/30000}{io=0/1,kio=0,kro=1}->SslConnection@4a75b869{NEED_UNWRAP,eio=-1/-1,di=-1,fill=INTERESTED,flush=IDLE}~>DecryptedEndPoint@4ece94b0{l=/127.0.0.1:44051,r=/127.0.0.1:33282,OPEN,fill=FI,flush=-,to=0/30000}=>HttpConnection@509446f1[p=HttpParser{s=START,0 of -1},g=HttpGenerator@70a4ce83{s=START}]=>HttpChannelOverHttp@24b85c11{s=HttpChannelState@170d65c7{s=IDLE rs=BLOCKING os=OPEN is=IDLE awp=false se=false i=true al=0},r=0,c=false/false,a=IDLE,uri=null,age=0}
03:43:12.897 [qtp399373008-60] DEBUG org.eclipse.jetty.util.thread.ReservedThreadExecutor - ReservedThread@1c72db32{RUNNING,thread=Thread[qtp399373008-60,5,main]} was=RUNNING next=RESERVED size=0+2 capacity=8
03:43:12.897 [qtp399373008-62] DEBUG org.eclipse.jetty.io.ChannelEndPoint - Key interests updated 0 -> 1 on SocketChannelEndPoint@719501ef{l=/127.0.0.1:44051,r=/127.0.0.1:33282,OPEN,fill=FI,flush=-,to=0/30000}{io=1/1,kio=1,kro=1}->SslConnection@4a75b869{NEED_UNWRAP,eio=-1/-1,di=-1,fill=INTERESTED,flush=IDLE}~>DecryptedEndPoint@4ece94b0{l=/127.0.0.1:44051,r=/127.0.0.1:33282,OPEN,fill=FI,flush=-,to=0/30000}=>HttpConnection@509446f1[p=HttpParser{s=START,0 of -1},g=HttpGenerator@70a4ce83{s=START}]=>HttpChannelOverHttp@24b85c11{s=HttpChannelState@170d65c7{s=IDLE rs=BLOCKING os=OPEN is=IDLE awp=false se=false i=true al=0},r=0,c=false/false,a=IDLE,uri=null,age=0}
03:43:12.897 [qtp399373008-62] DEBUG org.eclipse.jetty.io.ManagedSelector - updates 0
03:43:12.897 [qtp399373008-60] DEBUG org.eclipse.jetty.util.thread.ReservedThreadExecutor - ReservedThread@1c72db32{RESERVED,thread=Thread[qtp399373008-60,5,main]} waiting ReservedThreadExecutor@424fd310{reserved=2/8,pending=0}
03:43:12.897 [qtp399373008-62] DEBUG org.eclipse.jetty.io.ManagedSelector - Selector sun.nio.ch.EPollSelectorImpl@1eaae130 waiting with 2 keys
03:43:12.933 [qtp399373008-62] DEBUG org.eclipse.jetty.io.ManagedSelector - Selector sun.nio.ch.EPollSelectorImpl@1eaae130 woken up from select, 1/1/2 selected
03:43:12.933 [qtp399373008-62] DEBUG org.eclipse.jetty.io.ManagedSelector - Selector sun.nio.ch.EPollSelectorImpl@1eaae130 processing 1 keys, 0 updates
03:43:12.933 [qtp399373008-62] DEBUG org.eclipse.jetty.io.ManagedSelector - selected 1 sun.nio.ch.SelectionKeyImpl@3792d79e SocketChannelEndPoint@719501ef{l=/127.0.0.1:44051,r=/127.0.0.1:33282,OPEN,fill=FI,flush=-,to=36/30000}{io=1/1,kio=1,kro=1}->SslConnection@4a75b869{NEED_UNWRAP,eio=-1/-1,di=-1,fill=INTERESTED,flush=IDLE}~>DecryptedEndPoint@4ece94b0{l=/127.0.0.1:44051,r=/127.0.0.1:33282,OPEN,fill=FI,flush=-,to=36/30000}=>HttpConnection@509446f1[p=HttpParser{s=START,0 of -1},g=HttpGenerator@70a4ce83{s=START}]=>HttpChannelOverHttp@24b85c11{s=HttpChannelState@170d65c7{s=IDLE rs=BLOCKING os=OPEN is=IDLE awp=false se=false i=true al=0},r=0,c=false/false,a=IDLE,uri=null,age=0} 
03:43:12.933 [qtp399373008-62] DEBUG org.eclipse.jetty.io.ChannelEndPoint - onSelected 1->0 r=true w=false for SocketChannelEndPoint@719501ef{l=/127.0.0.1:44051,r=/127.0.0.1:33282,OPEN,fill=FI,flush=-,to=36/30000}{io=1/0,kio=1,kro=1}->SslConnection@4a75b869{NEED_UNWRAP,eio=-1/-1,di=-1,fill=INTERESTED,flush=IDLE}~>DecryptedEndPoint@4ece94b0{l=/127.0.0.1:44051,r=/127.0.0.1:33282,OPEN,fill=FI,flush=-,to=36/30000}=>HttpConnection@509446f1[p=HttpParser{s=START,0 of -1},g=HttpGenerator@70a4ce83{s=START}]=>HttpChannelOverHttp@24b85c11{s=HttpChannelState@170d65c7{s=IDLE rs=BLOCKING os=OPEN is=IDLE awp=false se=false i=true al=0},r=0,c=false/false,a=IDLE,uri=null,age=0}
03:43:12.933 [qtp399373008-62] DEBUG org.eclipse.jetty.io.ChannelEndPoint - task CEP:SocketChannelEndPoint@719501ef{l=/127.0.0.1:44051,r=/127.0.0.1:33282,OPEN,fill=FI,flush=-,to=36/30000}{io=1/0,kio=1,kro=1}->SslConnection@4a75b869{NEED_UNWRAP,eio=-1/-1,di=-1,fill=INTERESTED,flush=IDLE}~>DecryptedEndPoint@4ece94b0{l=/127.0.0.1:44051,r=/127.0.0.1:33282,OPEN,fill=FI,flush=-,to=36/30000}=>HttpConnection@509446f1[p=HttpParser{s=START,0 of -1},g=HttpGenerator@70a4ce83{s=START}]=>HttpChannelOverHttp@24b85c11{s=HttpChannelState@170d65c7{s=IDLE rs=BLOCKING os=OPEN is=IDLE awp=false se=false i=true al=0},r=0,c=false/false,a=IDLE,uri=null,age=0}:runFillable:BLOCKING
03:43:12.933 [qtp399373008-62] DEBUG org.eclipse.jetty.util.thread.ReservedThreadExecutor - ReservedThreadExecutor@424fd310{reserved=2/8,pending=0} tryExecute EatWhatYouKill@1c3146bc/SelectorProducer@56c698e3/PRODUCING/p=false/QueuedThreadPool[qtp399373008]@17cdf2d0{STARTED,8<=8<=200,i=1,r=-1,q=0}[ReservedThreadExecutor@424fd310{reserved=2/8,pending=0}][pc=0,pic=0,pec=0,epc=5]@2024-05-02T03:43:12.933+01:00
03:43:12.933 [qtp399373008-60] DEBUG org.eclipse.jetty.util.thread.ReservedThreadExecutor - ReservedThread@1c72db32{RESERVED,thread=Thread[qtp399373008-60,5,main]} task=EatWhatYouKill@1c3146bc/SelectorProducer@56c698e3/IDLE/p=true/QueuedThreadPool[qtp399373008]@17cdf2d0{STARTED,8<=8<=200,i=1,r=-1,q=0}[ReservedThreadExecutor@424fd310{reserved=1/8,pending=0}][pc=0,pic=0,pec=0,epc=5]@2024-05-02T03:43:12.933+01:00 ReservedThreadExecutor@424fd310{reserved=1/8,pending=0}
03:43:12.933 [qtp399373008-62] DEBUG org.eclipse.jetty.util.thread.strategy.EatWhatYouKill - EatWhatYouKill@1c3146bc/SelectorProducer@56c698e3/IDLE/p=true/QueuedThreadPool[qtp399373008]@17cdf2d0{STARTED,8<=8<=200,i=1,r=-1,q=0}[ReservedThreadExecutor@424fd310{reserved=1/8,pending=0}][pc=0,pic=0,pec=0,epc=5]@2024-05-02T03:43:12.933+01:00 m=EXECUTE_PRODUCE_CONSUME t=CEP:SocketChannelEndPoint@719501ef{l=/127.0.0.1:44051,r=/127.0.0.1:33282,OPEN,fill=FI,flush=-,to=36/30000}{io=1/0,kio=1,kro=1}->SslConnection@4a75b869{NEED_UNWRAP,eio=-1/-1,di=-1,fill=INTERESTED,flush=IDLE}~>DecryptedEndPoint@4ece94b0{l=/127.0.0.1:44051,r=/127.0.0.1:33282,OPEN,fill=FI,flush=-,to=37/30000}=>HttpConnection@509446f1[p=HttpParser{s=START,0 of -1},g=HttpGenerator@70a4ce83{s=START}]=>HttpChannelOverHttp@24b85c11{s=HttpChannelState@170d65c7{s=IDLE rs=BLOCKING os=OPEN is=IDLE awp=false se=false i=true al=0},r=0,c=false/false,a=IDLE,uri=null,age=0}:runFillable:BLOCKING/BLOCKING
03:43:12.933 [qtp399373008-60] DEBUG org.eclipse.jetty.util.thread.strategy.EatWhatYouKill - EatWhatYouKill@1c3146bc/SelectorProducer@56c698e3/IDLE/p=true/QueuedThreadPool[qtp399373008]@17cdf2d0{STARTED,8<=8<=200,i=1,r=-1,q=0}[ReservedThreadExecutor@424fd310{reserved=1/8,pending=0}][pc=0,pic=0,pec=0,epc=5]@2024-05-02T03:43:12.933+01:00 tryProduce true
03:43:12.933 [qtp399373008-60] DEBUG org.eclipse.jetty.io.ManagedSelector - updateable 0
03:43:12.933 [qtp399373008-62] DEBUG org.eclipse.jetty.io.FillInterest - fillable FillInterest@62be6620{SSLC.NBReadCB@4a75b869{SslConnection@4a75b869::SocketChannelEndPoint@719501ef{l=/127.0.0.1:44051,r=/127.0.0.1:33282,OPEN,fill=FI,flush=-,to=36/30000}{io=1/0,kio=1,kro=1}->SslConnection@4a75b869{NEED_UNWRAP,eio=-1/-1,di=-1,fill=INTERESTED,flush=IDLE}~>DecryptedEndPoint@4ece94b0{l=/127.0.0.1:44051,r=/127.0.0.1:33282,OPEN,fill=FI,flush=-,to=37/30000}=>HttpConnection@509446f1[p=HttpParser{s=START,0 of -1},g=HttpGenerator@70a4ce83{s=START}]=>HttpChannelOverHttp@24b85c11{s=HttpChannelState@170d65c7{s=IDLE rs=BLOCKING os=OPEN is=IDLE awp=false se=false i=true al=0},r=0,c=false/false,a=IDLE,uri=null,age=0}}}
03:43:12.933 [qtp399373008-60] DEBUG org.eclipse.jetty.io.ManagedSelector - updates 0
03:43:12.934 [qtp399373008-62] DEBUG org.eclipse.jetty.io.ssl.SslConnection - >c.onFillable SslConnection@4a75b869::SocketChannelEndPoint@719501ef{l=/127.0.0.1:44051,r=/127.0.0.1:33282,OPEN,fill=-,flush=-,to=37/30000}{io=0/0,kio=1,kro=1}->SslConnection@4a75b869{NEED_UNWRAP,eio=-1/-1,di=-1,fill=INTERESTED,flush=IDLE}~>DecryptedEndPoint@4ece94b0{l=/127.0.0.1:44051,r=/127.0.0.1:33282,OPEN,fill=FI,flush=-,to=37/30000}=>HttpConnection@509446f1[p=HttpParser{s=START,0 of -1},g=HttpGenerator@70a4ce83{s=START}]=>HttpChannelOverHttp@24b85c11{s=HttpChannelState@170d65c7{s=IDLE rs=BLOCKING os=OPEN is=IDLE awp=false se=false i=true al=0},r=0,c=false/false,a=IDLE,uri=null,age=0}
03:43:12.934 [qtp399373008-60] DEBUG org.eclipse.jetty.io.ChannelEndPoint - Key interests updated 1 -> 0 on SocketChannelEndPoint@719501ef{l=/127.0.0.1:44051,r=/127.0.0.1:33282,OPEN,fill=-,flush=-,to=37/30000}{io=0/0,kio=0,kro=1}->SslConnection@4a75b869{NEED_UNWRAP,eio=-1/-1,di=-1,fill=INTERESTED,flush=IDLE}~>DecryptedEndPoint@4ece94b0{l=/127.0.0.1:44051,r=/127.0.0.1:33282,OPEN,fill=FI,flush=-,to=37/30000}=>HttpConnection@509446f1[p=HttpParser{s=START,0 of -1},g=HttpGenerator@70a4ce83{s=START}]=>HttpChannelOverHttp@24b85c11{s=HttpChannelState@170d65c7{s=IDLE rs=BLOCKING os=OPEN is=IDLE awp=false se=false i=true al=0},r=0,c=false/false,a=IDLE,uri=null,age=0}
03:43:12.934 [qtp399373008-60] DEBUG org.eclipse.jetty.io.ManagedSelector - Selector sun.nio.ch.EPollSelectorImpl@1eaae130 waiting with 2 keys
03:43:12.934 [qtp399373008-62] DEBUG org.eclipse.jetty.io.ssl.SslConnection - onFillable SslConnection@4a75b869::SocketChannelEndPoint@719501ef{l=/127.0.0.1:44051,r=/127.0.0.1:33282,OPEN,fill=-,flush=-,to=37/30000}{io=0/0,kio=0,kro=1}->SslConnection@4a75b869{NEED_UNWRAP,eio=-1/-1,di=-1,fill=INTERESTED,flush=IDLE}~>DecryptedEndPoint@4ece94b0{l=/127.0.0.1:44051,r=/127.0.0.1:33282,OPEN,fill=FI,flush=-,to=37/30000}=>HttpConnection@509446f1[p=HttpParser{s=START,0 of -1},g=HttpGenerator@70a4ce83{s=START}]=>HttpChannelOverHttp@24b85c11{s=HttpChannelState@170d65c7{s=IDLE rs=BLOCKING os=OPEN is=IDLE awp=false se=false i=true al=0},r=0,c=false/false,a=IDLE,uri=null,age=0}
03:43:12.934 [qtp399373008-62] DEBUG org.eclipse.jetty.io.FillInterest - fillable FillInterest@275bda8{AC.ReadCB@509446f1{HttpConnection@509446f1::DecryptedEndPoint@4ece94b0{l=/127.0.0.1:44051,r=/127.0.0.1:33282,OPEN,fill=FI,flush=-,to=37/30000}}}
03:43:12.934 [qtp399373008-62] DEBUG org.eclipse.jetty.server.HttpConnection - HttpConnection@509446f1::DecryptedEndPoint@4ece94b0{l=/127.0.0.1:44051,r=/127.0.0.1:33282,OPEN,fill=-,flush=-,to=37/30000} onFillable enter HttpChannelState@170d65c7{s=IDLE rs=BLOCKING os=OPEN is=IDLE awp=false se=false i=true al=0} null
03:43:12.934 [qtp399373008-62] DEBUG org.eclipse.jetty.io.ssl.SslConnection - >fill SslConnection@4a75b869::SocketChannelEndPoint@719501ef{l=/127.0.0.1:44051,r=/127.0.0.1:33282,OPEN,fill=-,flush=-,to=37/30000}{io=0/0,kio=0,kro=1}->SslConnection@4a75b869{NEED_UNWRAP,eio=-1/-1,di=-1,fill=IDLE,flush=IDLE}~>DecryptedEndPoint@4ece94b0{l=/127.0.0.1:44051,r=/127.0.0.1:33282,OPEN,fill=-,flush=-,to=37/30000}=>HttpConnection@509446f1[p=HttpParser{s=START,0 of -1},g=HttpGenerator@70a4ce83{s=START}]=>HttpChannelOverHttp@24b85c11{s=HttpChannelState@170d65c7{s=IDLE rs=BLOCKING os=OPEN is=IDLE awp=false se=false i=true al=0},r=0,c=false/false,a=IDLE,uri=null,age=0}
03:43:12.934 [qtp399373008-62] DEBUG org.eclipse.jetty.io.ssl.SslConnection - fill NEED_UNWRAP
03:43:12.934 [qtp399373008-62] DEBUG org.eclipse.jetty.io.ChannelEndPoint - filled 1491 HeapByteBuffer@78682cd8[p=0,l=1491,c=17408,r=1491]={<<<\x17\x03\x03\x03\xAd\x7f\x10@\xB1\t%\xC6\xE8\x02\xF9C .\x17\xAf\xE2uS\xA7\xE7...l\x81\nZjY\x9a5\xEekG\xEe\xB3(m\xBa\xA9nj\xC9mYE>>>\xDa\x0b\xD8g\xC3He_\xDb...\x00\x00\x00\x00\x00\x00\x00}
03:43:12.934 [qtp399373008-62] DEBUG org.eclipse.jetty.io.ssl.SslConnection - net filled=1491
03:43:12.934 [qtp399373008-62] DEBUG org.eclipse.jetty.io.ssl.SslConnection - unwrap net_filled=1491 Status = OK HandshakeStatus = NEED_TASK bytesConsumed = 946 bytesProduced = 0 encryptedBuffer=[p=946,l=1491,c=17408,r=545] unwrapBuffer=HeapByteBuffer@76afdda5[p=0,l=0,c=17408,r=0]={<<<>>>\x14\x03\x03\x00\x01\x01\x10\x86\xF4...\x00\x00\x00\x00\x00\x00\x00} appBuffer=HeapByteBuffer@76afdda5[p=0,l=0,c=17408,r=0]={<<<>>>\x14\x03\x03\x00\x01\x01\x10\x86\xF4...\x00\x00\x00\x00\x00\x00\x00}
03:43:12.934 [qtp399373008-62] DEBUG org.eclipse.jetty.io.ssl.SslConnection - fill NEED_TASK
03:43:12.934 [qtp399373008-62] DEBUG org.eclipse.jetty.io.ssl.SslConnection - fill NEED_UNWRAP
03:43:12.934 [qtp399373008-62] DEBUG org.eclipse.jetty.io.ChannelEndPoint - filled 0 HeapByteBuffer@78682cd8[p=946,l=1491,c=17408,r=545]={\x17\x03\x03\x03\xAd\x0b\x00\x03\x88...\xF3\x07$\xCc77\xE2<<<\x17\x03\x03\x01)\xBda\xD2\x19m\xCc!\xF4F\xFcb \xF4\xDc\x85\x81\x18wv\xFa...l\x81\nZjY\x9a5\xEekG\xEe\xB3(m\xBa\xA9nj\xC9mYE>>>\xDa\x0b\xD8g\xC3He_\xDb...\x00\x00\x00\x00\x00\x00\x00}
03:43:12.934 [qtp399373008-62] DEBUG org.eclipse.jetty.io.ssl.SslConnection - net filled=0
03:43:12.934 [qtp399373008-62] DEBUG org.eclipse.jetty.io.ssl.SslConnection - unwrap net_filled=0 Status = OK HandshakeStatus = NEED_TASK bytesConsumed = 302 bytesProduced = 0 encryptedBuffer=[p=1248,l=1491,c=17408,r=243] unwrapBuffer=HeapByteBuffer@76afdda5[p=0,l=0,c=17408,r=0]={<<<>>>\x14\x03\x03\x00\x01\x01\x10\x86\xF4...\x00\x00\x00\x00\x00\x00\x00} appBuffer=HeapByteBuffer@76afdda5[p=0,l=0,c=17408,r=0]={<<<>>>\x14\x03\x03\x00\x01\x01\x10\x86\xF4...\x00\x00\x00\x00\x00\x00\x00}
03:43:12.934 [qtp399373008-62] DEBUG org.eclipse.jetty.io.ssl.SslConnection - fill NEED_TASK
03:43:12.935 [qtp399373008-62] DEBUG org.eclipse.jetty.io.ssl.SslConnection - fill NEED_UNWRAP
03:43:12.935 [qtp399373008-62] DEBUG org.eclipse.jetty.io.ChannelEndPoint - filled 0 HeapByteBuffer@78682cd8[p=1248,l=1491,c=17408,r=243]={\x17\x03\x03\x03\xAd\x0b\x00\x03\x88...Y\xCf\x08\xFf\x1e\xB6\xA2<<<\x17\x03\x03\x00U\xFa\xC9\xAe\xEc4\x02z,\xC5\xDe\xAd\x98\xB1\x88\xE5di\xC7\x94n...l\x81\nZjY\x9a5\xEekG\xEe\xB3(m\xBa\xA9nj\xC9mYE>>>\xDa\x0b\xD8g\xC3He_\xDb...\x00\x00\x00\x00\x00\x00\x00}
03:43:12.935 [qtp399373008-62] DEBUG org.eclipse.jetty.io.ssl.SslConnection - net filled=0
03:43:12.935 [qtp399373008-62] DEBUG org.eclipse.jetty.io.ssl.SslConnection - unwrap net_filled=0 Status = OK HandshakeStatus = NEED_WRAP bytesConsumed = 90 bytesProduced = 0 encryptedBuffer=[p=1338,l=1491,c=17408,r=153] unwrapBuffer=HeapByteBuffer@76afdda5[p=0,l=0,c=17408,r=0]={<<<>>>\x14\x03\x03\x00\x01\x01\x10\x86\xF4...\x00\x00\x00\x00\x00\x00\x00} appBuffer=HeapByteBuffer@76afdda5[p=0,l=0,c=17408,r=0]={<<<>>>\x14\x03\x03\x00\x01\x01\x10\x86\xF4...\x00\x00\x00\x00\x00\x00\x00}
03:43:12.935 [qtp399373008-62] DEBUG org.eclipse.jetty.io.ssl.SslConnection - fill NEED_WRAP
03:43:12.935 [qtp399373008-62] DEBUG org.eclipse.jetty.io.ssl.SslConnection - >flush SslConnection@4a75b869::SocketChannelEndPoint@719501ef{l=/127.0.0.1:44051,r=/127.0.0.1:33282,OPEN,fill=-,flush=-,to=1/30000}{io=0/0,kio=0,kro=1}->SslConnection@4a75b869{NEED_WRAP,eio=153/-1,di=-1,fill=IDLE,flush=IDLE}~>DecryptedEndPoint@4ece94b0{l=/127.0.0.1:44051,r=/127.0.0.1:33282,OPEN,fill=-,flush=-,to=38/30000}=>HttpConnection@509446f1[p=HttpParser{s=START,0 of -1},g=HttpGenerator@70a4ce83{s=START}]=>HttpChannelOverHttp@24b85c11{s=HttpChannelState@170d65c7{s=IDLE rs=BLOCKING os=OPEN is=IDLE awp=false se=false i=true al=0},r=0,c=false/false,a=IDLE,uri=null,age=0}
03:43:12.935 [qtp399373008-62] DEBUG org.eclipse.jetty.io.ssl.SslConnection - flush b[0]=HeapByteBuffer@1ad43aa3[p=0,l=0,c=0,r=0]={<<<>>>}
03:43:12.935 [qtp399373008-62] DEBUG org.eclipse.jetty.io.ssl.SslConnection - flush NEED_WRAP
03:43:12.935 [qtp399373008-62] DEBUG org.eclipse.jetty.io.ssl.SslConnection - wrap Status = OK HandshakeStatus = FINISHED bytesConsumed = 0 bytesProduced = 88 [p=0,l=88,c=17408,r=88] ioDone=false/false
03:43:12.935 [qtp399373008-62] DEBUG org.eclipse.jetty.io.ChannelEndPoint - flushed 88 SocketChannelEndPoint@719501ef{l=/127.0.0.1:44051,r=/127.0.0.1:33282,OPEN,fill=-,flush=-,to=1/30000}{io=0/0,kio=0,kro=1}->SslConnection@4a75b869{NOT_HANDSHAKING,eio=153/0,di=-1,fill=IDLE,flush=IDLE}~>DecryptedEndPoint@4ece94b0{l=/127.0.0.1:44051,r=/127.0.0.1:33282,OPEN,fill=-,flush=-,to=39/30000}=>HttpConnection@509446f1[p=HttpParser{s=START,0 of -1},g=HttpGenerator@70a4ce83{s=START}]=>HttpChannelOverHttp@24b85c11{s=HttpChannelState@170d65c7{s=IDLE rs=BLOCKING os=OPEN is=IDLE awp=false se=false i=true al=0},r=0,c=false/false,a=IDLE,uri=null,age=0}
03:43:12.935 [qtp399373008-62] DEBUG org.eclipse.jetty.io.ssl.SslConnection - net flushed=true, ac=true
03:43:12.935 [qtp399373008-62] DEBUG org.eclipse.jetty.io.ssl.SslConnection - handshake succeeded SslConnection@4a75b869::SocketChannelEndPoint@719501ef{l=/127.0.0.1:44051,r=/127.0.0.1:33282,OPEN,fill=-,flush=-,to=0/30000}{io=0/0,kio=0,kro=1}->SslConnection@4a75b869{NOT_HANDSHAKING,eio=153/0,di=-1,fill=IDLE,flush=IDLE}~>DecryptedEndPoint@4ece94b0{l=/127.0.0.1:44051,r=/127.0.0.1:33282,OPEN,fill=-,flush=-,to=39/30000}=>HttpConnection@509446f1[p=HttpParser{s=START,0 of -1},g=HttpGenerator@70a4ce83{s=START}]=>HttpChannelOverHttp@24b85c11{s=HttpChannelState@170d65c7{s=IDLE rs=BLOCKING os=OPEN is=IDLE awp=false se=false i=true al=0},r=0,c=false/false,a=IDLE,uri=null,age=0} resumed server TLSv1.3/TLS_AES_256_GCM_SHA384
03:43:12.936 [qtp399373008-62] DEBUG org.eclipse.jetty.io.ssl.SslConnection - <flush true SslConnection@4a75b869::SocketChannelEndPoint@719501ef{l=/127.0.0.1:44051,r=/127.0.0.1:33282,OPEN,fill=-,flush=-,to=0/30000}{io=0/0,kio=0,kro=1}->SslConnection@4a75b869{NOT_HANDSHAKING,eio=153/-1,di=-1,fill=IDLE,flush=IDLE}~>DecryptedEndPoint@4ece94b0{l=/127.0.0.1:44051,r=/127.0.0.1:33282,OPEN,fill=-,flush=-,to=39/30000}=>HttpConnection@509446f1[p=HttpParser{s=START,0 of -1},g=HttpGenerator@70a4ce83{s=START}]=>HttpChannelOverHttp@24b85c11{s=HttpChannelState@170d65c7{s=IDLE rs=BLOCKING os=OPEN is=IDLE awp=false se=false i=true al=0},r=0,c=false/false,a=IDLE,uri=null,age=0}
03:43:12.936 [qtp399373008-62] DEBUG org.eclipse.jetty.io.ssl.SslConnection - fill NOT_HANDSHAKING
03:43:12.936 [qtp399373008-62] DEBUG org.eclipse.jetty.io.ChannelEndPoint - filled 0 HeapByteBuffer@78682cd8[p=1338,l=1491,c=17408,r=153]={\x17\x03\x03\x03\xAd\x0b\x00\x03\x88...\xD8\x0b\xD3\x85\xDc[\x9c<<<\x17\x03\x03\x00\x94Mx7>d\x9d\x02\xF7\xA4\x1e\xF3\x10<.Mo\x07<\xEb\x89...l\x81\nZjY\x9a5\xEekG\xEe\xB3(m\xBa\xA9nj\xC9mYE>>>\xDa\x0b\xD8g\xC3He_\xDb...\x00\x00\x00\x00\x00\x00\x00}
03:43:12.936 [qtp399373008-62] DEBUG org.eclipse.jetty.io.ssl.SslConnection - net filled=0
03:43:12.936 [qtp399373008-62] DEBUG org.eclipse.jetty.io.ssl.SslConnection - unwrap net_filled=0 Status = OK HandshakeStatus = NOT_HANDSHAKING bytesConsumed = 153 bytesProduced = 115 encryptedBuffer=[p=1491,l=1491,c=17408,r=0] unwrapBuffer=HeapByteBuffer@76afdda5[p=0,l=115,c=17408,r=115]={<<<GET / HTTP/1.1\r\nHost: loc...gent: okhttp/3.12.3\r\n\r\n>>>\xF2\xFc\x83*\xF4\xE56w\x9b...\x00\x00\x00\x00\x00\x00\x00} appBuffer=HeapByteBuffer@76afdda5[p=0,l=115,c=17408,r=115]={<<<GET / HTTP/1.1\r\nHost: loc...gent: okhttp/3.12.3\r\n\r\n>>>\xF2\xFc\x83*\xF4\xE56w\x9b...\x00\x00\x00\x00\x00\x00\x00}
03:43:12.936 [qtp399373008-62] DEBUG org.eclipse.jetty.io.ssl.SslConnection - <fill f=115 uf=false SslConnection@4a75b869::SocketChannelEndPoint@719501ef{l=/127.0.0.1:44051,r=/127.0.0.1:33282,OPEN,fill=-,flush=-,to=0/30000}{io=0/0,kio=0,kro=1}->SslConnection@4a75b869{NOT_HANDSHAKING,eio=-1/-1,di=-1,fill=IDLE,flush=IDLE}~>DecryptedEndPoint@4ece94b0{l=/127.0.0.1:44051,r=/127.0.0.1:33282,OPEN,fill=-,flush=-,to=39/30000}=>HttpConnection@509446f1[p=HttpParser{s=START,0 of -1},g=HttpGenerator@70a4ce83{s=START}]=>HttpChannelOverHttp@24b85c11{s=HttpChannelState@170d65c7{s=IDLE rs=BLOCKING os=OPEN is=IDLE awp=false se=false i=true al=0},r=0,c=false/false,a=IDLE,uri=null,age=0}
03:43:12.936 [qtp399373008-62] DEBUG org.eclipse.jetty.server.HttpConnection - HttpConnection@509446f1::DecryptedEndPoint@4ece94b0{l=/127.0.0.1:44051,r=/127.0.0.1:33282,OPEN,fill=-,flush=-,to=39/30000} filled 115 HeapByteBuffer@76afdda5[p=0,l=115,c=17408,r=115]={<<<GET / HTTP/1.1\r\nHost: loc...gent: okhttp/3.12.3\r\n\r\n>>>\xF2\xFc\x83*\xF4\xE56w\x9b...\x00\x00\x00\x00\x00\x00\x00}
03:43:12.936 [qtp399373008-62] DEBUG org.eclipse.jetty.server.HttpConnection - HttpConnection@509446f1::DecryptedEndPoint@4ece94b0{l=/127.0.0.1:44051,r=/127.0.0.1:33282,OPEN,fill=-,flush=-,to=39/30000} parse HeapByteBuffer@76afdda5[p=0,l=115,c=17408,r=115]={<<<GET / HTTP/1.1\r\nHost: loc...gent: okhttp/3.12.3\r\n\r\n>>>\xF2\xFc\x83*\xF4\xE56w\x9b...\x00\x00\x00\x00\x00\x00\x00} {}
03:43:12.936 [qtp399373008-62] DEBUG org.eclipse.jetty.http.HttpParser - parseNext s=START HeapByteBuffer@76afdda5[p=0,l=115,c=17408,r=115]={<<<GET / HTTP/1.1\r\nHost: loc...gent: okhttp/3.12.3\r\n\r\n>>>\xF2\xFc\x83*\xF4\xE56w\x9b...\x00\x00\x00\x00\x00\x00\x00}
03:43:12.936 [qtp399373008-62] DEBUG org.eclipse.jetty.http.HttpParser - START --> SPACE1
03:43:12.936 [qtp399373008-62] DEBUG org.eclipse.jetty.http.HttpParser - SPACE1 --> URI
03:43:12.936 [qtp399373008-62] DEBUG org.eclipse.jetty.http.HttpParser - URI --> SPACE2
03:43:12.936 [qtp399373008-62] DEBUG org.eclipse.jetty.http.HttpParser - SPACE2 --> REQUEST_VERSION
03:43:12.936 [qtp399373008-62] DEBUG org.eclipse.jetty.http.HttpParser - REQUEST_VERSION --> HEADER
03:43:12.936 [qtp399373008-62] DEBUG org.eclipse.jetty.http.HttpParser - HEADER:Host --> VALUE
03:43:12.936 [qtp399373008-62] DEBUG org.eclipse.jetty.http.HttpParser - HEADER:Host --> IN_VALUE
03:43:12.936 [qtp399373008-62] DEBUG org.eclipse.jetty.http.HttpParser - HEADER:Host --> FIELD
03:43:12.936 [qtp399373008-62] DEBUG org.eclipse.jetty.http.HttpParser - HEADER:Connection: keep-alive --> IN_VALUE
03:43:12.936 [qtp399373008-62] DEBUG org.eclipse.jetty.http.HttpParser - HEADER:Connection: keep-alive --> FIELD
03:43:12.936 [qtp399373008-62] DEBUG org.eclipse.jetty.http.HttpParser - HEADER:Accept-Encoding: gzip --> IN_VALUE
03:43:12.936 [qtp399373008-62] DEBUG org.eclipse.jetty.http.HttpParser - HEADER:Accept-Encoding: gzip --> FIELD
03:43:12.936 [qtp399373008-62] DEBUG org.eclipse.jetty.http.HttpParser - HEADER:User-Agent --> VALUE
03:43:12.936 [qtp399373008-62] DEBUG org.eclipse.jetty.http.HttpParser - HEADER:User-Agent --> IN_VALUE
03:43:12.936 [qtp399373008-62] DEBUG org.eclipse.jetty.http.HttpParser - HEADER:User-Agent --> FIELD
03:43:12.936 [qtp399373008-62] DEBUG org.eclipse.jetty.http.HttpParser - HEADER --> CONTENT
03:43:12.936 [qtp399373008-62] DEBUG org.eclipse.jetty.server.HttpChannel - REQUEST for //localhost:44051/ on HttpChannelOverHttp@24b85c11{s=HttpChannelState@170d65c7{s=IDLE rs=BLOCKING os=OPEN is=IDLE awp=false se=false i=true al=0},r=1,c=false/false,a=IDLE,uri=//localhost:44051/,age=0}
GET //localhost:44051/ HTTP/1.1
Host: localhost:44051
Connection: keep-alive
Accept-Encoding: gzip
User-Agent: okhttp/3.12.3


03:43:12.936 [qtp399373008-62] DEBUG org.eclipse.jetty.server.HttpConnection - HttpConnection@509446f1::DecryptedEndPoint@4ece94b0{l=/127.0.0.1:44051,r=/127.0.0.1:33282,OPEN,fill=-,flush=-,to=39/30000} parsed true HttpParser{s=CONTENT,0 of -1}
03:43:12.936 [qtp399373008-62] DEBUG org.eclipse.jetty.server.HttpConnection - releaseRequestBuffer HttpConnection@509446f1::DecryptedEndPoint@4ece94b0{l=/127.0.0.1:44051,r=/127.0.0.1:33282,OPEN,fill=-,flush=-,to=39/30000}
03:43:12.936 [qtp399373008-62] DEBUG org.eclipse.jetty.server.HttpChannel - handle //localhost:44051/ HttpChannelOverHttp@24b85c11{s=HttpChannelState@170d65c7{s=IDLE rs=BLOCKING os=OPEN is=IDLE awp=false se=false i=true al=0},r=1,c=false/false,a=IDLE,uri=//localhost:44051/,age=0} 
03:43:12.936 [qtp399373008-62] DEBUG org.eclipse.jetty.server.HttpChannelState - handling HttpChannelState@170d65c7{s=IDLE rs=BLOCKING os=OPEN is=IDLE awp=false se=false i=true al=0}
03:43:12.936 [qtp399373008-62] DEBUG org.eclipse.jetty.server.HttpChannel - action DISPATCH HttpChannelOverHttp@24b85c11{s=HttpChannelState@170d65c7{s=HANDLING rs=BLOCKING os=OPEN is=IDLE awp=false se=false i=true al=0},r=1,c=false/false,a=HANDLING,uri=//localhost:44051/,age=0}
03:43:12.936 [qtp399373008-62] DEBUG org.eclipse.jetty.server.SecureRequestCustomizer - Host localhost with SNI null
03:43:12.936 [qtp399373008-62] DEBUG org.eclipse.jetty.server.Server - REQUEST GET / on HttpChannelOverHttp@24b85c11{s=HttpChannelState@170d65c7{s=HANDLING rs=BLOCKING os=OPEN is=IDLE awp=false se=false i=true al=0},r=1,c=false/false,a=HANDLING,uri=https://localhost:44051/,age=0}
03:43:12.936 [qtp399373008-62] DEBUG org.eclipse.jetty.server.HttpOutput - write(array HeapByteBuffer@ea52358[p=0,l=4,c=512,r=4]={<<<test>>>\x00\x00\x00\x00\x00\x00\x00\x00\x00...\x00\x00\x00\x00\x00\x00\x00})
03:43:12.936 [qtp399373008-62] DEBUG org.eclipse.jetty.server.HttpOutput - write(array) s=CLOSING,api=BLOCKED,sc=false,e=null last=true agg=false flush=true async=false, len=4 null
03:43:12.936 [qtp399373008-62] DEBUG org.eclipse.jetty.server.HttpChannel - sendResponse info=null content=HeapByteBuffer@66f85dc[p=0,l=4,c=512,r=4]={<<<test>>>\x00\x00\x00\x00\x00\x00\x00\x00\x00...\x00\x00\x00\x00\x00\x00\x00} complete=true committing=true callback=Blocker@76b22fbe{null}
03:43:12.936 [qtp399373008-62] DEBUG org.eclipse.jetty.server.HttpChannel - COMMIT for / on HttpChannelOverHttp@24b85c11{s=HttpChannelState@170d65c7{s=HANDLING rs=BLOCKING os=COMMITTED is=IDLE awp=false se=false i=true al=0},r=1,c=false/false,a=HANDLING,uri=https://localhost:44051/,age=0}
200 null HTTP/1.1
Date: Thu, 02 May 2024 02:43:12 GMT
ETag: testEtag
Content-Type: text/plain;charset=utf-8
Content-Length: 4


03:43:12.936 [qtp399373008-62] DEBUG org.eclipse.jetty.server.HttpConnection - generate: NEED_HEADER for SendCallback@57bd28d1[PROCESSING][i=HTTP/1.1{s=200,h=4,cl=4},cb=org.eclipse.jetty.server.HttpChannel$SendCallback@70a57e9d] (null,[p=0,l=4,c=512,r=4],true)@START
03:43:12.936 [qtp399373008-62] DEBUG org.eclipse.jetty.http.HttpGenerator - generateHeaders HTTP/1.1{s=200,h=4,cl=4} last=true content=HeapByteBuffer@66f85dc[p=0,l=4,c=512,r=4]={<<<test>>>\x00\x00\x00\x00\x00\x00\x00\x00\x00...\x00\x00\x00\x00\x00\x00\x00}
03:43:12.936 [qtp399373008-62] DEBUG org.eclipse.jetty.http.HttpGenerator - Date: Thu, 02 May 2024 02:43:12 GMT
ETag: testEtag
Content-Type: text/plain;charset=utf-8
Content-Length: 4


03:43:12.936 [qtp399373008-62] DEBUG org.eclipse.jetty.http.HttpGenerator - CONTENT_LENGTH
03:43:12.936 [qtp399373008-62] DEBUG org.eclipse.jetty.server.HttpConnection - generate: FLUSH for SendCallback@57bd28d1[PROCESSING][i=HTTP/1.1{s=200,h=4,cl=4},cb=org.eclipse.jetty.server.HttpChannel$SendCallback@70a57e9d] ([p=0,l=164,c=8192,r=164],[p=0,l=4,c=512,r=4],true)@COMPLETING
03:43:12.936 [qtp399373008-62] DEBUG org.eclipse.jetty.io.WriteFlusher - write: WriteFlusher@a9e4430{IDLE}->null [HeapByteBuffer@17352c86[p=0,l=164,c=8192,r=164]={<<<HTTP/1.1 200 OK\r\nDate: Th...y(9.4.44.v20210927)\r\n\r\n>>>\n\r\n\x00\x00\x00\x00\x00\x00...\x00\x00\x00\x00\x00\x00\x00},HeapByteBuffer@66f85dc[p=0,l=4,c=512,r=4]={<<<test>>>\x00\x00\x00\x00\x00\x00\x00\x00\x00...\x00\x00\x00\x00\x00\x00\x00}]
03:43:12.936 [qtp399373008-62] DEBUG org.eclipse.jetty.io.WriteFlusher - update WriteFlusher@a9e4430{WRITING}->null:IDLE-->WRITING
03:43:12.937 [qtp399373008-62] DEBUG org.eclipse.jetty.io.ssl.SslConnection - >flush SslConnection@4a75b869::SocketChannelEndPoint@719501ef{l=/127.0.0.1:44051,r=/127.0.0.1:33282,OPEN,fill=-,flush=-,to=1/30000}{io=0/0,kio=0,kro=1}->SslConnection@4a75b869{NOT_HANDSHAKING,eio=-1/-1,di=-1,fill=IDLE,flush=IDLE}~>DecryptedEndPoint@4ece94b0{l=/127.0.0.1:44051,r=/127.0.0.1:33282,OPEN,fill=-,flush=W,to=40/30000}=>HttpConnection@509446f1[p=HttpParser{s=CONTENT,0 of -1},g=HttpGenerator@70a4ce83{s=COMPLETING}]=>HttpChannelOverHttp@24b85c11{s=HttpChannelState@170d65c7{s=HANDLING rs=BLOCKING os=COMMITTED is=IDLE awp=false se=false i=true al=0},r=1,c=false/false,a=HANDLING,uri=https://localhost:44051/,age=1}
03:43:12.937 [qtp399373008-62] DEBUG org.eclipse.jetty.io.ssl.SslConnection - flush b[0]=HeapByteBuffer@17352c86[p=0,l=164,c=8192,r=164]={<<<HTTP/1.1 200 OK\r\nDate: Th...y(9.4.44.v20210927)\r\n\r\n>>>\n\r\n\x00\x00\x00\x00\x00\x00...\x00\x00\x00\x00\x00\x00\x00}
03:43:12.937 [qtp399373008-62] DEBUG org.eclipse.jetty.io.ssl.SslConnection - flush b[1]=HeapByteBuffer@66f85dc[p=0,l=4,c=512,r=4]={<<<test>>>\x00\x00\x00\x00\x00\x00\x00\x00\x00...\x00\x00\x00\x00\x00\x00\x00}
03:43:12.937 [qtp399373008-62] DEBUG org.eclipse.jetty.io.ssl.SslConnection - flush NOT_HANDSHAKING
03:43:12.937 [qtp399373008-62] DEBUG org.eclipse.jetty.io.ssl.SslConnection - wrap Status = OK HandshakeStatus = NOT_HANDSHAKING bytesConsumed = 168 bytesProduced = 206 [p=0,l=206,c=17408,r=206] ioDone=false/false
03:43:12.937 [main] DEBUG org.apache.nifi.minifi.bootstrap.configuration.ingestors.PullHttpChangeIngestor - Response received: Response{protocol=http/1.1, code=200, message=OK, url=https://localhost:44051/}
03:43:12.937 [main] DEBUG org.apache.nifi.minifi.bootstrap.configuration.ingestors.PullHttpChangeIngestor - Pulled config same as currently running.
]]></system-out>
  </testcase>
  <testcase name="testNoUpdateWithPath" classname="org.apache.nifi.minifi.bootstrap.configuration.ingestors.PullHttpChangeIngestorSSLTest" time="0.069">
    <system-out><![CDATA[03:43:12.938 [qtp399373008-62] DEBUG org.eclipse.jetty.io.ChannelEndPoint - flushed 206 SocketChannelEndPoint@719501ef{l=/127.0.0.1:44051,r=/127.0.0.1:33282,OPEN,fill=-,flush=-,to=2/30000}{io=0/0,kio=0,kro=1}->SslConnection@4a75b869{NOT_HANDSHAKING,eio=-1/0,di=-1,fill=IDLE,flush=IDLE}~>DecryptedEndPoint@4ece94b0{l=/127.0.0.1:44051,r=/127.0.0.1:33282,OPEN,fill=-,flush=W,to=41/30000}=>HttpConnection@509446f1[p=HttpParser{s=CONTENT,0 of -1},g=HttpGenerator@70a4ce83{s=COMPLETING}]=>HttpChannelOverHttp@24b85c11{s=HttpChannelState@170d65c7{s=HANDLING rs=BLOCKING os=COMMITTED is=IDLE awp=false se=false i=true al=0},r=1,c=false/false,a=HANDLING,uri=https://localhost:44051/,age=2}
03:43:12.938 [qtp399373008-62] DEBUG org.eclipse.jetty.io.ssl.SslConnection - net flushed=true, ac=true
03:43:12.938 [qtp399373008-62] DEBUG org.eclipse.jetty.io.ssl.SslConnection - <flush true SslConnection@4a75b869::SocketChannelEndPoint@719501ef{l=/127.0.0.1:44051,r=/127.0.0.1:33282,OPEN,fill=-,flush=-,to=0/30000}{io=0/0,kio=0,kro=1}->SslConnection@4a75b869{NOT_HANDSHAKING,eio=-1/-1,di=-1,fill=IDLE,flush=IDLE}~>DecryptedEndPoint@4ece94b0{l=/127.0.0.1:44051,r=/127.0.0.1:33282,OPEN,fill=-,flush=W,to=41/30000}=>HttpConnection@509446f1[p=HttpParser{s=CONTENT,0 of -1},g=HttpGenerator@70a4ce83{s=COMPLETING}]=>HttpChannelOverHttp@24b85c11{s=HttpChannelState@170d65c7{s=HANDLING rs=BLOCKING os=COMMITTED is=IDLE awp=false se=false i=true al=0},r=1,c=false/false,a=HANDLING,uri=https://localhost:44051/,age=2}
03:43:12.938 [qtp399373008-62] DEBUG org.eclipse.jetty.io.WriteFlusher - Flushed=true written=168 remaining=0 WriteFlusher@a9e4430{WRITING}->null
03:43:12.938 [qtp399373008-62] DEBUG org.eclipse.jetty.io.WriteFlusher - update WriteFlusher@a9e4430{IDLE}->null:WRITING-->IDLE
03:43:12.938 [qtp399373008-62] DEBUG org.eclipse.jetty.server.HttpConnection - generate: DONE for SendCallback@57bd28d1[PROCESSING][i=HTTP/1.1{s=200,h=4,cl=4},cb=org.eclipse.jetty.server.HttpChannel$SendCallback@70a57e9d] ([p=164,l=164,c=8192,r=0],[p=4,l=4,c=512,r=0],true)@END
03:43:12.938 [qtp399373008-62] DEBUG org.eclipse.jetty.server.HttpOutput - onWriteComplete(true,null) s=CLOSING,api=BLOCKED,sc=false,e=null->s=CLOSED,api=BLOCKING,sc=false,e=null c=null cb=null w=false
03:43:12.938 [qtp399373008-62] DEBUG org.eclipse.jetty.server.HttpOutput - close() s=CLOSED,api=BLOCKING,sc=false,e=null c=null b=null
03:43:12.938 [qtp399373008-62] DEBUG org.eclipse.jetty.server.Server - handled=true async=false committed=true on HttpChannelOverHttp@24b85c11{s=HttpChannelState@170d65c7{s=HANDLING rs=BLOCKING os=COMPLETED is=IDLE awp=false se=false i=true al=0},r=1,c=false/true,a=HANDLING,uri=https://localhost:44051/,age=2}
03:43:12.938 [qtp399373008-62] DEBUG org.eclipse.jetty.server.HttpChannelState - unhandle HttpChannelState@170d65c7{s=HANDLING rs=BLOCKING os=COMPLETED is=IDLE awp=false se=false i=true al=0}
03:43:12.938 [qtp399373008-62] DEBUG org.eclipse.jetty.server.HttpChannelState - nextAction(false) COMPLETE HttpChannelState@170d65c7{s=HANDLING rs=COMPLETING os=COMPLETED is=IDLE awp=false se=false i=false al=0}
03:43:12.938 [qtp399373008-62] DEBUG org.eclipse.jetty.server.HttpChannel - action COMPLETE HttpChannelOverHttp@24b85c11{s=HttpChannelState@170d65c7{s=HANDLING rs=COMPLETING os=COMPLETED is=IDLE awp=false se=false i=false al=0},r=1,c=false/true,a=HANDLING,uri=https://localhost:44051/,age=2}
03:43:12.938 [qtp399373008-62] DEBUG org.eclipse.jetty.server.HttpOutput - complete(org.eclipse.jetty.util.Callback$3@6db64502) s=CLOSED,api=BLOCKING,sc=false,e=null s=true e=null, c=null
03:43:12.938 [qtp399373008-62] DEBUG org.eclipse.jetty.server.HttpChannelState - completed HttpChannelState@170d65c7{s=HANDLING rs=COMPLETING os=COMPLETED is=IDLE awp=false se=false i=false al=0}
03:43:12.938 [qtp399373008-62] DEBUG org.eclipse.jetty.server.HttpChannelState - unhandle HttpChannelState@170d65c7{s=HANDLING rs=COMPLETED os=COMPLETED is=IDLE awp=false se=false i=false al=0}
03:43:12.938 [qtp399373008-62] DEBUG org.eclipse.jetty.server.HttpChannelState - nextAction(false) TERMINATED HttpChannelState@170d65c7{s=IDLE rs=COMPLETED os=COMPLETED is=IDLE awp=false se=false i=false al=0}
03:43:12.938 [qtp399373008-62] DEBUG org.eclipse.jetty.server.HttpChannel - action TERMINATED HttpChannelOverHttp@24b85c11{s=HttpChannelState@170d65c7{s=IDLE rs=COMPLETED os=COMPLETED is=IDLE awp=false se=false i=false al=0},r=1,c=true/true,a=IDLE,uri=https://localhost:44051/,age=2}
03:43:12.938 [qtp399373008-62] DEBUG org.eclipse.jetty.server.HttpChannel - onCompleted for / written=4
03:43:12.938 [qtp399373008-62] DEBUG org.eclipse.jetty.io.ssl.SslConnection - >fill SslConnection@4a75b869::SocketChannelEndPoint@719501ef{l=/127.0.0.1:44051,r=/127.0.0.1:33282,OPEN,fill=-,flush=-,to=0/30000}{io=0/0,kio=0,kro=1}->SslConnection@4a75b869{NOT_HANDSHAKING,eio=-1/-1,di=-1,fill=IDLE,flush=IDLE}~>DecryptedEndPoint@4ece94b0{l=/127.0.0.1:44051,r=/127.0.0.1:33282,OPEN,fill=-,flush=-,to=41/30000}=>HttpConnection@509446f1[p=HttpParser{s=CONTENT,0 of -1},g=HttpGenerator@70a4ce83{s=END}]=>HttpChannelOverHttp@24b85c11{s=HttpChannelState@170d65c7{s=IDLE rs=COMPLETED os=COMPLETED is=IDLE awp=false se=false i=false al=0},r=1,c=true/true,a=IDLE,uri=https://localhost:44051/,age=2}
03:43:12.938 [qtp399373008-62] DEBUG org.eclipse.jetty.io.ssl.SslConnection - fill NOT_HANDSHAKING
03:43:12.938 [qtp399373008-62] DEBUG org.eclipse.jetty.io.ChannelEndPoint - filled 0 HeapByteBuffer@76afdda5[p=0,l=0,c=17408,r=0]={<<<>>>GET / HTT...\x00\x00\x00\x00\x00\x00\x00}
03:43:12.938 [qtp399373008-62] DEBUG org.eclipse.jetty.io.ssl.SslConnection - net filled=0
03:43:12.938 [qtp399373008-62] DEBUG org.eclipse.jetty.io.ssl.SslConnection - unwrap net_filled=0 Status = BUFFER_UNDERFLOW HandshakeStatus = NOT_HANDSHAKING bytesConsumed = 0 bytesProduced = 0 encryptedBuffer=[p=0,l=0,c=17408,r=0] unwrapBuffer=HeapByteBuffer@78682cd8[p=0,l=0,c=17408,r=0]={<<<>>>\x17\x03\x03\x03\xAd\x0b\x00\x03\x88...\x00\x00\x00\x00\x00\x00\x00} appBuffer=HeapByteBuffer@78682cd8[p=0,l=0,c=17408,r=0]={<<<>>>\x17\x03\x03\x03\xAd\x0b\x00\x03\x88...\x00\x00\x00\x00\x00\x00\x00}
03:43:12.938 [qtp399373008-62] DEBUG org.eclipse.jetty.io.ssl.SslConnection - <fill f=0 uf=true SslConnection@4a75b869::SocketChannelEndPoint@719501ef{l=/127.0.0.1:44051,r=/127.0.0.1:33282,OPEN,fill=-,flush=-,to=0/30000}{io=0/0,kio=0,kro=1}->SslConnection@4a75b869{NOT_HANDSHAKING,eio=-1/-1,di=-1,fill=IDLE,flush=IDLE}~>DecryptedEndPoint@4ece94b0{l=/127.0.0.1:44051,r=/127.0.0.1:33282,OPEN,fill=-,flush=-,to=42/30000}=>HttpConnection@509446f1[p=HttpParser{s=CONTENT,0 of -1},g=HttpGenerator@70a4ce83{s=END}]=>HttpChannelOverHttp@24b85c11{s=HttpChannelState@170d65c7{s=IDLE rs=COMPLETED os=COMPLETED is=IDLE awp=false se=false i=false al=0},r=1,c=true/true,a=IDLE,uri=https://localhost:44051/,age=2}
03:43:12.938 [qtp399373008-62] DEBUG org.eclipse.jetty.io.ssl.SslConnection - >fill SslConnection@4a75b869::SocketChannelEndPoint@719501ef{l=/127.0.0.1:44051,r=/127.0.0.1:33282,OPEN,fill=-,flush=-,to=0/30000}{io=0/0,kio=0,kro=1}->SslConnection@4a75b869{NOT_HANDSHAKING,eio=-1/-1,di=-1,fill=IDLE,flush=IDLE}~>DecryptedEndPoint@4ece94b0{l=/127.0.0.1:44051,r=/127.0.0.1:33282,OPEN,fill=-,flush=-,to=42/30000}=>HttpConnection@509446f1[p=HttpParser{s=CONTENT,0 of -1},g=HttpGenerator@70a4ce83{s=END}]=>HttpChannelOverHttp@24b85c11{s=HttpChannelState@170d65c7{s=IDLE rs=COMPLETED os=COMPLETED is=IDLE awp=false se=false i=false al=0},r=1,c=true/true,a=IDLE,uri=https://localhost:44051/,age=2}
03:43:12.938 [qtp399373008-62] DEBUG org.eclipse.jetty.io.ssl.SslConnection - fill NOT_HANDSHAKING
03:43:12.938 [qtp399373008-62] DEBUG org.eclipse.jetty.io.ChannelEndPoint - filled 0 HeapByteBuffer@729047a8[p=0,l=0,c=17408,r=0]={<<<>>>\x17\x03\x03\x00\xC940K\xE7...\x00\x00\x00\x00\x00\x00\x00}
03:43:12.939 [qtp399373008-62] DEBUG org.eclipse.jetty.io.ssl.SslConnection - net filled=0
03:43:12.939 [qtp399373008-62] DEBUG org.eclipse.jetty.io.ssl.SslConnection - unwrap net_filled=0 Status = BUFFER_UNDERFLOW HandshakeStatus = NOT_HANDSHAKING bytesConsumed = 0 bytesProduced = 0 encryptedBuffer=[p=0,l=0,c=17408,r=0] unwrapBuffer=HeapByteBuffer@78682cd8[p=0,l=0,c=17408,r=0]={<<<>>>\x17\x03\x03\x03\xAd\x0b\x00\x03\x88...\x00\x00\x00\x00\x00\x00\x00} appBuffer=HeapByteBuffer@78682cd8[p=0,l=0,c=17408,r=0]={<<<>>>\x17\x03\x03\x03\xAd\x0b\x00\x03\x88...\x00\x00\x00\x00\x00\x00\x00}
03:43:12.939 [qtp399373008-62] DEBUG org.eclipse.jetty.io.ssl.SslConnection - <fill f=0 uf=true SslConnection@4a75b869::SocketChannelEndPoint@719501ef{l=/127.0.0.1:44051,r=/127.0.0.1:33282,OPEN,fill=-,flush=-,to=0/30000}{io=0/0,kio=0,kro=1}->SslConnection@4a75b869{NOT_HANDSHAKING,eio=-1/-1,di=-1,fill=IDLE,flush=IDLE}~>DecryptedEndPoint@4ece94b0{l=/127.0.0.1:44051,r=/127.0.0.1:33282,OPEN,fill=-,flush=-,to=42/30000}=>HttpConnection@509446f1[p=HttpParser{s=CONTENT,0 of -1},g=HttpGenerator@70a4ce83{s=END}]=>HttpChannelOverHttp@24b85c11{s=HttpChannelState@170d65c7{s=IDLE rs=COMPLETED os=COMPLETED is=IDLE awp=false se=false i=false al=0},r=1,c=true/true,a=IDLE,uri=https://localhost:44051/,age=3}
03:43:12.939 [qtp399373008-62] DEBUG org.eclipse.jetty.server.HttpConnection - HttpConnection@509446f1::DecryptedEndPoint@4ece94b0{l=/127.0.0.1:44051,r=/127.0.0.1:33282,OPEN,fill=-,flush=-,to=42/30000} filled 0 HeapByteBuffer@78682cd8[p=0,l=0,c=17408,r=0]={<<<>>>\x17\x03\x03\x03\xAd\x0b\x00\x03\x88...\x00\x00\x00\x00\x00\x00\x00}
03:43:12.939 [qtp399373008-62] DEBUG org.eclipse.jetty.server.HttpConnection - HttpConnection@509446f1::DecryptedEndPoint@4ece94b0{l=/127.0.0.1:44051,r=/127.0.0.1:33282,OPEN,fill=-,flush=-,to=42/30000} parse HeapByteBuffer@78682cd8[p=0,l=0,c=17408,r=0]={<<<>>>\x17\x03\x03\x03\xAd\x0b\x00\x03\x88...\x00\x00\x00\x00\x00\x00\x00} {}
03:43:12.939 [qtp399373008-62] DEBUG org.eclipse.jetty.http.HttpParser - parseNext s=CONTENT HeapByteBuffer@78682cd8[p=0,l=0,c=17408,r=0]={<<<>>>\x17\x03\x03\x03\xAd\x0b\x00\x03\x88...\x00\x00\x00\x00\x00\x00\x00}
03:43:12.939 [qtp399373008-62] DEBUG org.eclipse.jetty.http.HttpParser - CONTENT --> CONTENT_END
03:43:12.939 [qtp399373008-62] DEBUG org.eclipse.jetty.server.HttpChannel - onContentComplete HttpChannelOverHttp@24b85c11{s=HttpChannelState@170d65c7{s=IDLE rs=COMPLETED os=COMPLETED is=IDLE awp=false se=false i=false al=0},r=1,c=true/true,a=IDLE,uri=https://localhost:44051/,age=3}
03:43:12.939 [qtp399373008-62] DEBUG org.eclipse.jetty.http.HttpParser - CONTENT_END --> END
03:43:12.939 [qtp399373008-62] DEBUG org.eclipse.jetty.server.HttpChannel - onRequestComplete HttpChannelOverHttp@24b85c11{s=HttpChannelState@170d65c7{s=IDLE rs=COMPLETED os=COMPLETED is=IDLE awp=false se=false i=false al=0},r=1,c=true/true,a=IDLE,uri=https://localhost:44051/,age=3}
03:43:12.939 [qtp399373008-62] DEBUG org.eclipse.jetty.server.HttpInput - HttpInputOverHTTP@53f313c5[c=0,q=0,[0]=null,s=STREAM] addContent EOF
03:43:12.939 [qtp399373008-62] DEBUG org.eclipse.jetty.server.HttpConnection - HttpConnection@509446f1::DecryptedEndPoint@4ece94b0{l=/127.0.0.1:44051,r=/127.0.0.1:33282,OPEN,fill=-,flush=-,to=42/30000} parsed false HttpParser{s=END,0 of -1}
03:43:12.939 [qtp399373008-62] DEBUG org.eclipse.jetty.server.HttpConnection - releaseRequestBuffer HttpConnection@509446f1::DecryptedEndPoint@4ece94b0{l=/127.0.0.1:44051,r=/127.0.0.1:33282,OPEN,fill=-,flush=-,to=42/30000}
03:43:12.939 [qtp399373008-62] DEBUG org.eclipse.jetty.server.HttpChannelState - recycle HttpChannelState@170d65c7{s=IDLE rs=COMPLETED os=COMPLETED is=IDLE awp=false se=false i=false al=0}
03:43:12.939 [qtp399373008-62] DEBUG org.eclipse.jetty.http.HttpParser - reset HttpParser{s=END,0 of -1}
03:43:12.939 [qtp399373008-62] DEBUG org.eclipse.jetty.http.HttpParser - END --> START
03:43:12.939 [qtp399373008-62] DEBUG org.eclipse.jetty.server.HttpChannel - !handle TERMINATED HttpChannelOverHttp@24b85c11{s=HttpChannelState@170d65c7{s=IDLE rs=BLOCKING os=OPEN is=IDLE awp=false se=false i=true al=0},r=1,c=false/false,a=IDLE,uri=null,age=0}
03:43:12.939 [qtp399373008-62] DEBUG org.eclipse.jetty.io.ssl.SslConnection - >fill SslConnection@4a75b869::SocketChannelEndPoint@719501ef{l=/127.0.0.1:44051,r=/127.0.0.1:33282,OPEN,fill=-,flush=-,to=1/30000}{io=0/0,kio=0,kro=1}->SslConnection@4a75b869{NOT_HANDSHAKING,eio=-1/-1,di=-1,fill=IDLE,flush=IDLE}~>DecryptedEndPoint@4ece94b0{l=/127.0.0.1:44051,r=/127.0.0.1:33282,OPEN,fill=-,flush=-,to=42/30000}=>HttpConnection@509446f1[p=HttpParser{s=START,0 of -1},g=HttpGenerator@70a4ce83{s=START}]=>HttpChannelOverHttp@24b85c11{s=HttpChannelState@170d65c7{s=IDLE rs=BLOCKING os=OPEN is=IDLE awp=false se=false i=true al=0},r=1,c=false/false,a=IDLE,uri=null,age=0}
03:43:12.939 [qtp399373008-62] DEBUG org.eclipse.jetty.io.ssl.SslConnection - fill NOT_HANDSHAKING
03:43:12.939 [qtp399373008-62] DEBUG org.eclipse.jetty.io.ChannelEndPoint - filled 0 HeapByteBuffer@729047a8[p=0,l=0,c=17408,r=0]={<<<>>>\x17\x03\x03\x00\xC940K\xE7...\x00\x00\x00\x00\x00\x00\x00}
03:43:12.939 [qtp399373008-62] DEBUG org.eclipse.jetty.io.ssl.SslConnection - net filled=0
03:43:12.939 [qtp399373008-62] DEBUG org.eclipse.jetty.io.ssl.SslConnection - unwrap net_filled=0 Status = BUFFER_UNDERFLOW HandshakeStatus = NOT_HANDSHAKING bytesConsumed = 0 bytesProduced = 0 encryptedBuffer=[p=0,l=0,c=17408,r=0] unwrapBuffer=HeapByteBuffer@76afdda5[p=0,l=0,c=17408,r=0]={<<<>>>GET / HTT...\x00\x00\x00\x00\x00\x00\x00} appBuffer=HeapByteBuffer@76afdda5[p=0,l=0,c=17408,r=0]={<<<>>>GET / HTT...\x00\x00\x00\x00\x00\x00\x00}
03:43:12.939 [qtp399373008-62] DEBUG org.eclipse.jetty.io.ssl.SslConnection - <fill f=0 uf=true SslConnection@4a75b869::SocketChannelEndPoint@719501ef{l=/127.0.0.1:44051,r=/127.0.0.1:33282,OPEN,fill=-,flush=-,to=1/30000}{io=0/0,kio=0,kro=1}->SslConnection@4a75b869{NOT_HANDSHAKING,eio=-1/-1,di=-1,fill=IDLE,flush=IDLE}~>DecryptedEndPoint@4ece94b0{l=/127.0.0.1:44051,r=/127.0.0.1:33282,OPEN,fill=-,flush=-,to=42/30000}=>HttpConnection@509446f1[p=HttpParser{s=START,0 of -1},g=HttpGenerator@70a4ce83{s=START}]=>HttpChannelOverHttp@24b85c11{s=HttpChannelState@170d65c7{s=IDLE rs=BLOCKING os=OPEN is=IDLE awp=false se=false i=true al=0},r=1,c=false/false,a=IDLE,uri=null,age=0}
03:43:12.939 [main] DEBUG org.apache.nifi.minifi.bootstrap.configuration.ingestors.PullHttpChangeIngestor - Attempting to pull new config
03:43:12.939 [qtp399373008-62] DEBUG org.eclipse.jetty.io.ssl.SslConnection - >fill SslConnection@4a75b869::SocketChannelEndPoint@719501ef{l=/127.0.0.1:44051,r=/127.0.0.1:33282,OPEN,fill=-,flush=-,to=1/30000}{io=0/0,kio=0,kro=1}->SslConnection@4a75b869{NOT_HANDSHAKING,eio=-1/-1,di=-1,fill=IDLE,flush=IDLE}~>DecryptedEndPoint@4ece94b0{l=/127.0.0.1:44051,r=/127.0.0.1:33282,OPEN,fill=-,flush=-,to=42/30000}=>HttpConnection@509446f1[p=HttpParser{s=START,0 of -1},g=HttpGenerator@70a4ce83{s=START}]=>HttpChannelOverHttp@24b85c11{s=HttpChannelState@170d65c7{s=IDLE rs=BLOCKING os=OPEN is=IDLE awp=false se=false i=true al=0},r=1,c=false/false,a=IDLE,uri=null,age=0}
03:43:12.939 [qtp399373008-62] DEBUG org.eclipse.jetty.io.ssl.SslConnection - fill NOT_HANDSHAKING
03:43:12.939 [qtp399373008-62] DEBUG org.eclipse.jetty.io.ChannelEndPoint - filled 0 HeapByteBuffer@78682cd8[p=0,l=0,c=17408,r=0]={<<<>>>\x17\x03\x03\x03\xAd\x0b\x00\x03\x88...\x00\x00\x00\x00\x00\x00\x00}
03:43:12.939 [qtp399373008-62] DEBUG org.eclipse.jetty.io.ssl.SslConnection - net filled=0
03:43:12.939 [qtp399373008-62] DEBUG org.eclipse.jetty.io.ssl.SslConnection - unwrap net_filled=0 Status = BUFFER_UNDERFLOW HandshakeStatus = NOT_HANDSHAKING bytesConsumed = 0 bytesProduced = 0 encryptedBuffer=[p=0,l=0,c=17408,r=0] unwrapBuffer=HeapByteBuffer@76afdda5[p=0,l=0,c=17408,r=0]={<<<>>>GET / HTT...\x00\x00\x00\x00\x00\x00\x00} appBuffer=HeapByteBuffer@76afdda5[p=0,l=0,c=17408,r=0]={<<<>>>GET / HTT...\x00\x00\x00\x00\x00\x00\x00}
03:43:12.939 [qtp399373008-62] DEBUG org.eclipse.jetty.io.ssl.SslConnection - <fill f=0 uf=true SslConnection@4a75b869::SocketChannelEndPoint@719501ef{l=/127.0.0.1:44051,r=/127.0.0.1:33282,OPEN,fill=-,flush=-,to=1/30000}{io=0/0,kio=0,kro=1}->SslConnection@4a75b869{NOT_HANDSHAKING,eio=-1/-1,di=-1,fill=IDLE,flush=IDLE}~>DecryptedEndPoint@4ece94b0{l=/127.0.0.1:44051,r=/127.0.0.1:33282,OPEN,fill=-,flush=-,to=43/30000}=>HttpConnection@509446f1[p=HttpParser{s=START,0 of -1},g=HttpGenerator@70a4ce83{s=START}]=>HttpChannelOverHttp@24b85c11{s=HttpChannelState@170d65c7{s=IDLE rs=BLOCKING os=OPEN is=IDLE awp=false se=false i=true al=0},r=1,c=false/false,a=IDLE,uri=null,age=0}
03:43:12.939 [qtp399373008-62] DEBUG org.eclipse.jetty.server.HttpConnection - HttpConnection@509446f1::DecryptedEndPoint@4ece94b0{l=/127.0.0.1:44051,r=/127.0.0.1:33282,OPEN,fill=-,flush=-,to=43/30000} filled 0 HeapByteBuffer@76afdda5[p=0,l=0,c=17408,r=0]={<<<>>>GET / HTT...\x00\x00\x00\x00\x00\x00\x00}
03:43:12.939 [qtp399373008-62] DEBUG org.eclipse.jetty.server.HttpConnection - HttpConnection@509446f1::DecryptedEndPoint@4ece94b0{l=/127.0.0.1:44051,r=/127.0.0.1:33282,OPEN,fill=-,flush=-,to=43/30000} parse HeapByteBuffer@76afdda5[p=0,l=0,c=17408,r=0]={<<<>>>GET / HTT...\x00\x00\x00\x00\x00\x00\x00} {}
03:43:12.939 [qtp399373008-62] DEBUG org.eclipse.jetty.http.HttpParser - parseNext s=START HeapByteBuffer@76afdda5[p=0,l=0,c=17408,r=0]={<<<>>>GET / HTT...\x00\x00\x00\x00\x00\x00\x00}
03:43:12.939 [qtp399373008-62] DEBUG org.eclipse.jetty.server.HttpConnection - HttpConnection@509446f1::DecryptedEndPoint@4ece94b0{l=/127.0.0.1:44051,r=/127.0.0.1:33282,OPEN,fill=-,flush=-,to=43/30000} parsed false HttpParser{s=START,0 of -1}
03:43:12.940 [qtp399373008-62] DEBUG org.eclipse.jetty.server.HttpConnection - releaseRequestBuffer HttpConnection@509446f1::DecryptedEndPoint@4ece94b0{l=/127.0.0.1:44051,r=/127.0.0.1:33282,OPEN,fill=-,flush=-,to=43/30000}
03:43:12.940 [qtp399373008-62] DEBUG org.eclipse.jetty.io.AbstractConnection - fillInterested HttpConnection@509446f1::DecryptedEndPoint@4ece94b0{l=/127.0.0.1:44051,r=/127.0.0.1:33282,OPEN,fill=-,flush=-,to=43/30000}
03:43:12.940 [qtp399373008-62] DEBUG org.eclipse.jetty.io.FillInterest - interested FillInterest@275bda8{AC.ReadCB@509446f1{HttpConnection@509446f1::DecryptedEndPoint@4ece94b0{l=/127.0.0.1:44051,r=/127.0.0.1:33282,OPEN,fill=FI,flush=-,to=0/30000}}}
03:43:12.940 [qtp399373008-59-acceptor-0@4795ded0-ServerConnector@2374d36a{SSL, (ssl, http/1.1)}{localhost:44051}] DEBUG org.eclipse.jetty.io.ManagedSelector - Queued change lazy=false Accept@449a2963[java.nio.channels.SocketChannel[connected local=/127.0.0.1:44051 remote=/127.0.0.1:33296]] on ManagedSelector@7bb6ab3a{STARTED} id=3 keys=1 selected=0 updates=0
03:43:12.940 [qtp399373008-62] DEBUG org.eclipse.jetty.io.ssl.SslConnection - >needFillInterest s=IDLE/IDLE uf=true ei=null di=null SslConnection@4a75b869::SocketChannelEndPoint@719501ef{l=/127.0.0.1:44051,r=/127.0.0.1:33282,OPEN,fill=-,flush=-,to=1/30000}{io=0/0,kio=0,kro=1}->SslConnection@4a75b869{NOT_HANDSHAKING,eio=-1/-1,di=-1,fill=IDLE,flush=IDLE}~>DecryptedEndPoint@4ece94b0{l=/127.0.0.1:44051,r=/127.0.0.1:33282,OPEN,fill=FI,flush=-,to=0/30000}=>HttpConnection@509446f1[p=HttpParser{s=START,0 of -1},g=HttpGenerator@70a4ce83{s=START}]=>HttpChannelOverHttp@24b85c11{s=HttpChannelState@170d65c7{s=IDLE rs=BLOCKING os=OPEN is=IDLE awp=false se=false i=true al=0},r=1,c=false/false,a=IDLE,uri=null,age=0}
03:43:12.940 [qtp399373008-59-acceptor-0@4795ded0-ServerConnector@2374d36a{SSL, (ssl, http/1.1)}{localhost:44051}] DEBUG org.eclipse.jetty.io.ManagedSelector - Wakeup on submit ManagedSelector@7bb6ab3a{STARTED} id=3 keys=1 selected=0 updates=1
03:43:12.940 [qtp399373008-62] DEBUG org.eclipse.jetty.io.ssl.SslConnection - <needFillInterest s=IDLE/INTERESTED f=false i=true w=null
03:43:12.940 [qtp399373008-61] DEBUG org.eclipse.jetty.io.ManagedSelector - Selector sun.nio.ch.EPollSelectorImpl@6d031e6b woken with none selected
03:43:12.940 [qtp399373008-61] DEBUG org.eclipse.jetty.io.ManagedSelector - Selector sun.nio.ch.EPollSelectorImpl@6d031e6b woken up from select, 0/0/1 selected
03:43:12.940 [qtp399373008-62] DEBUG org.eclipse.jetty.io.ssl.SslConnection - ensureFillInterested SslConnection@4a75b869::SocketChannelEndPoint@719501ef{l=/127.0.0.1:44051,r=/127.0.0.1:33282,OPEN,fill=-,flush=-,to=2/30000}{io=0/0,kio=0,kro=1}->SslConnection@4a75b869{NOT_HANDSHAKING,eio=-1/-1,di=-1,fill=INTERESTED,flush=IDLE}~>DecryptedEndPoint@4ece94b0{l=/127.0.0.1:44051,r=/127.0.0.1:33282,OPEN,fill=FI,flush=-,to=0/30000}=>HttpConnection@509446f1[p=HttpParser{s=START,0 of -1},g=HttpGenerator@70a4ce83{s=START}]=>HttpChannelOverHttp@24b85c11{s=HttpChannelState@170d65c7{s=IDLE rs=BLOCKING os=OPEN is=IDLE awp=false se=false i=true al=0},r=1,c=false/false,a=IDLE,uri=null,age=0}
03:43:12.940 [qtp399373008-61] DEBUG org.eclipse.jetty.io.ManagedSelector - Selector sun.nio.ch.EPollSelectorImpl@6d031e6b processing 0 keys, 1 updates
03:43:12.940 [qtp399373008-61] DEBUG org.eclipse.jetty.io.ManagedSelector - updateable 1
03:43:12.940 [qtp399373008-62] DEBUG org.eclipse.jetty.io.FillInterest - interested FillInterest@62be6620{SSLC.NBReadCB@4a75b869{SslConnection@4a75b869::SocketChannelEndPoint@719501ef{l=/127.0.0.1:44051,r=/127.0.0.1:33282,OPEN,fill=FI,flush=-,to=0/30000}{io=0/0,kio=0,kro=1}->SslConnection@4a75b869{NOT_HANDSHAKING,eio=-1/-1,di=-1,fill=INTERESTED,flush=IDLE}~>DecryptedEndPoint@4ece94b0{l=/127.0.0.1:44051,r=/127.0.0.1:33282,OPEN,fill=FI,flush=-,to=0/30000}=>HttpConnection@509446f1[p=HttpParser{s=START,0 of -1},g=HttpGenerator@70a4ce83{s=START}]=>HttpChannelOverHttp@24b85c11{s=HttpChannelState@170d65c7{s=IDLE rs=BLOCKING os=OPEN is=IDLE awp=false se=false i=true al=0},r=1,c=false/false,a=IDLE,uri=null,age=0}}}
03:43:12.940 [qtp399373008-61] DEBUG org.eclipse.jetty.io.ManagedSelector - update Accept@449a2963[java.nio.channels.SocketChannel[connected local=/127.0.0.1:44051 remote=/127.0.0.1:33296]]
03:43:12.940 [qtp399373008-61] DEBUG org.eclipse.jetty.util.thread.QueuedThreadPool - queue Accept@449a2963[java.nio.channels.SocketChannel[connected local=/127.0.0.1:44051 remote=/127.0.0.1:33296]] startThread=0
03:43:12.940 [qtp399373008-62] DEBUG org.eclipse.jetty.io.ChannelEndPoint - changeInterests p=false 0->1 for SocketChannelEndPoint@719501ef{l=/127.0.0.1:44051,r=/127.0.0.1:33282,OPEN,fill=FI,flush=-,to=0/30000}{io=0/1,kio=0,kro=1}->SslConnection@4a75b869{NOT_HANDSHAKING,eio=-1/-1,di=-1,fill=INTERESTED,flush=IDLE}~>DecryptedEndPoint@4ece94b0{l=/127.0.0.1:44051,r=/127.0.0.1:33282,OPEN,fill=FI,flush=-,to=0/30000}=>HttpConnection@509446f1[p=HttpParser{s=START,0 of -1},g=HttpGenerator@70a4ce83{s=START}]=>HttpChannelOverHttp@24b85c11{s=HttpChannelState@170d65c7{s=IDLE rs=BLOCKING os=OPEN is=IDLE awp=false se=false i=true al=0},r=1,c=false/false,a=IDLE,uri=null,age=0}
03:43:12.940 [qtp399373008-61] DEBUG org.eclipse.jetty.io.ManagedSelector - updates 0
03:43:12.940 [qtp399373008-62] DEBUG org.eclipse.jetty.io.ManagedSelector - Queued change lazy=false org.eclipse.jetty.io.ChannelEndPoint$$Lambda$255/90666987@5ef2cee on ManagedSelector@47a86fbb{STARTED} id=2 keys=2 selected=0 updates=0
03:43:12.940 [qtp399373008-61] DEBUG org.eclipse.jetty.io.ManagedSelector - Selector sun.nio.ch.EPollSelectorImpl@6d031e6b waiting with 2 keys
03:43:12.940 [qtp399373008-55] DEBUG org.eclipse.jetty.util.thread.QueuedThreadPool - run Accept@449a2963[java.nio.channels.SocketChannel[connected local=/127.0.0.1:44051 remote=/127.0.0.1:33296]] in QueuedThreadPool[qtp399373008]@17cdf2d0{STARTED,8<=8<=200,i=0,r=-1,q=0}[ReservedThreadExecutor@424fd310{reserved=1/8,pending=0}]
03:43:12.940 [qtp399373008-62] DEBUG org.eclipse.jetty.io.ManagedSelector - Wakeup on submit ManagedSelector@47a86fbb{STARTED} id=2 keys=2 selected=0 updates=1
03:43:12.940 [qtp399373008-60] DEBUG org.eclipse.jetty.io.ManagedSelector - Selector sun.nio.ch.EPollSelectorImpl@1eaae130 woken with none selected
03:43:12.940 [qtp399373008-62] DEBUG org.eclipse.jetty.server.HttpConnection - HttpConnection@509446f1::DecryptedEndPoint@4ece94b0{l=/127.0.0.1:44051,r=/127.0.0.1:33282,OPEN,fill=FI,flush=-,to=0/30000} onFillable exit HttpChannelState@170d65c7{s=IDLE rs=BLOCKING os=OPEN is=IDLE awp=false se=false i=true al=0} null
03:43:12.940 [qtp399373008-55] DEBUG org.eclipse.jetty.io.IdleTimeout - SocketChannelEndPoint@53e93a06{l=/127.0.0.1:44051,r=/127.0.0.1:33296,OPEN,fill=-,flush=-,to=0/30000}{io=0/0,kio=0,kro=0}-><null> idle timeout check, elapsed: 0 ms, remaining: 30000 ms
03:43:12.940 [qtp399373008-60] DEBUG org.eclipse.jetty.io.ManagedSelector - Selector sun.nio.ch.EPollSelectorImpl@1eaae130 woken up from select, 0/0/2 selected
03:43:12.940 [qtp399373008-60] DEBUG org.eclipse.jetty.io.ManagedSelector - Selector sun.nio.ch.EPollSelectorImpl@1eaae130 processing 0 keys, 1 updates
03:43:12.940 [qtp399373008-60] DEBUG org.eclipse.jetty.io.ManagedSelector - updateable 1
03:43:12.940 [qtp399373008-60] DEBUG org.eclipse.jetty.io.ManagedSelector - update org.eclipse.jetty.io.ChannelEndPoint$$Lambda$255/90666987@5ef2cee
03:43:12.940 [qtp399373008-62] DEBUG org.eclipse.jetty.io.ssl.SslConnection - <c.onFillable SslConnection@4a75b869::SocketChannelEndPoint@719501ef{l=/127.0.0.1:44051,r=/127.0.0.1:33282,OPEN,fill=FI,flush=-,to=0/30000}{io=0/1,kio=0,kro=1}->SslConnection@4a75b869{NOT_HANDSHAKING,eio=-1/-1,di=-1,fill=INTERESTED,flush=IDLE}~>DecryptedEndPoint@4ece94b0{l=/127.0.0.1:44051,r=/127.0.0.1:33282,OPEN,fill=FI,flush=-,to=0/30000}=>HttpConnection@509446f1[p=HttpParser{s=START,0 of -1},g=HttpGenerator@70a4ce83{s=START}]=>HttpChannelOverHttp@24b85c11{s=HttpChannelState@170d65c7{s=IDLE rs=BLOCKING os=OPEN is=IDLE awp=false se=false i=true al=0},r=1,c=false/false,a=IDLE,uri=null,age=0}
03:43:12.940 [qtp399373008-62] DEBUG org.eclipse.jetty.util.thread.ReservedThreadExecutor - ReservedThread@1ba773eb{RUNNING,thread=Thread[qtp399373008-62,5,main]} was=RUNNING next=RESERVED size=0+2 capacity=8
03:43:12.940 [qtp399373008-55] DEBUG org.eclipse.jetty.util.ssl.SslContextFactory - Customize sun.security.ssl.SSLEngineImpl@7c5e552e
03:43:12.940 [qtp399373008-62] DEBUG org.eclipse.jetty.util.thread.ReservedThreadExecutor - ReservedThread@1ba773eb{RESERVED,thread=Thread[qtp399373008-62,5,main]} waiting ReservedThreadExecutor@424fd310{reserved=2/8,pending=0}
03:43:12.941 [qtp399373008-60] DEBUG org.eclipse.jetty.io.ChannelEndPoint - Key interests updated 0 -> 1 on SocketChannelEndPoint@719501ef{l=/127.0.0.1:44051,r=/127.0.0.1:33282,OPEN,fill=FI,flush=-,to=0/30000}{io=1/1,kio=1,kro=1}->SslConnection@4a75b869{NOT_HANDSHAKING,eio=-1/-1,di=-1,fill=INTERESTED,flush=IDLE}~>DecryptedEndPoint@4ece94b0{l=/127.0.0.1:44051,r=/127.0.0.1:33282,OPEN,fill=FI,flush=-,to=0/30000}=>HttpConnection@509446f1[p=HttpParser{s=START,0 of -1},g=HttpGenerator@70a4ce83{s=START}]=>HttpChannelOverHttp@24b85c11{s=HttpChannelState@170d65c7{s=IDLE rs=BLOCKING os=OPEN is=IDLE awp=false se=false i=true al=0},r=1,c=false/false,a=IDLE,uri=null,age=0}
03:43:12.941 [qtp399373008-60] DEBUG org.eclipse.jetty.io.ManagedSelector - updates 0
03:43:12.941 [qtp399373008-60] DEBUG org.eclipse.jetty.io.ManagedSelector - Selector sun.nio.ch.EPollSelectorImpl@1eaae130 waiting with 2 keys
03:43:12.941 [qtp399373008-55] DEBUG org.eclipse.jetty.server.HttpChannel - new HttpChannelOverHttp@6d40b3e3{s=HttpChannelState@11347af9{s=IDLE rs=BLOCKING os=OPEN is=IDLE awp=false se=false i=true al=0},r=0,c=false/false,a=IDLE,uri=null,age=0} -> DecryptedEndPoint@b174bd3{l=/127.0.0.1:44051,r=/127.0.0.1:33296,OPEN,fill=-,flush=-,to=0/30000},null,HttpChannelState@11347af9{s=IDLE rs=BLOCKING os=OPEN is=IDLE awp=false se=false i=true al=0}
03:43:12.941 [qtp399373008-55] DEBUG org.eclipse.jetty.server.HttpConnection - New HTTP Connection HttpConnection@56e98ba::DecryptedEndPoint@b174bd3{l=/127.0.0.1:44051,r=/127.0.0.1:33296,OPEN,fill=-,flush=-,to=0/30000}
03:43:12.941 [qtp399373008-55] DEBUG org.eclipse.jetty.io.ManagedSelector - Queued change lazy=true org.eclipse.jetty.io.ManagedSelector$$Lambda$258/445561681@6d59fc5f on ManagedSelector@7bb6ab3a{STARTED} id=3 keys=2 selected=0 updates=0
03:43:12.941 [qtp399373008-55] DEBUG org.eclipse.jetty.io.AbstractEndPoint - onOpen SocketChannelEndPoint@53e93a06{l=/127.0.0.1:44051,r=/127.0.0.1:33296,OPEN,fill=-,flush=-,to=0/30000}{io=0/0,kio=0,kro=0}->SslConnection@5f08a0bf{NOT_HANDSHAKING,eio=-1/-1,di=-1,fill=IDLE,flush=IDLE}~>DecryptedEndPoint@b174bd3{l=/127.0.0.1:44051,r=/127.0.0.1:33296,OPEN,fill=-,flush=-,to=0/30000}=>HttpConnection@56e98ba[p=HttpParser{s=START,0 of -1},g=HttpGenerator@6ef0215e{s=START}]=>HttpChannelOverHttp@6d40b3e3{s=HttpChannelState@11347af9{s=IDLE rs=BLOCKING os=OPEN is=IDLE awp=false se=false i=true al=0},r=0,c=false/false,a=IDLE,uri=null,age=0}
03:43:12.941 [qtp399373008-55] DEBUG org.eclipse.jetty.io.AbstractConnection - onOpen SslConnection@5f08a0bf::SocketChannelEndPoint@53e93a06{l=/127.0.0.1:44051,r=/127.0.0.1:33296,OPEN,fill=-,flush=-,to=0/30000}{io=0/0,kio=0,kro=0}->SslConnection@5f08a0bf{NOT_HANDSHAKING,eio=-1/-1,di=-1,fill=IDLE,flush=IDLE}~>DecryptedEndPoint@b174bd3{l=/127.0.0.1:44051,r=/127.0.0.1:33296,OPEN,fill=-,flush=-,to=0/30000}=>HttpConnection@56e98ba[p=HttpParser{s=START,0 of -1},g=HttpGenerator@6ef0215e{s=START}]=>HttpChannelOverHttp@6d40b3e3{s=HttpChannelState@11347af9{s=IDLE rs=BLOCKING os=OPEN is=IDLE awp=false se=false i=true al=0},r=0,c=false/false,a=IDLE,uri=null,age=0}
03:43:12.941 [qtp399373008-55] DEBUG org.eclipse.jetty.io.AbstractConnection - onOpen HttpConnection@56e98ba::DecryptedEndPoint@b174bd3{l=/127.0.0.1:44051,r=/127.0.0.1:33296,OPEN,fill=-,flush=-,to=0/30000}
03:43:12.941 [qtp399373008-55] DEBUG org.eclipse.jetty.io.AbstractConnection - fillInterested HttpConnection@56e98ba::DecryptedEndPoint@b174bd3{l=/127.0.0.1:44051,r=/127.0.0.1:33296,OPEN,fill=-,flush=-,to=0/30000}
03:43:12.941 [qtp399373008-55] DEBUG org.eclipse.jetty.io.FillInterest - interested FillInterest@1faacf72{AC.ReadCB@56e98ba{HttpConnection@56e98ba::DecryptedEndPoint@b174bd3{l=/127.0.0.1:44051,r=/127.0.0.1:33296,OPEN,fill=FI,flush=-,to=0/30000}}}
03:43:12.941 [qtp399373008-55] DEBUG org.eclipse.jetty.io.ssl.SslConnection - >needFillInterest s=IDLE/IDLE uf=false ei=null di=null SslConnection@5f08a0bf::SocketChannelEndPoint@53e93a06{l=/127.0.0.1:44051,r=/127.0.0.1:33296,OPEN,fill=-,flush=-,to=0/30000}{io=0/0,kio=0,kro=0}->SslConnection@5f08a0bf{NOT_HANDSHAKING,eio=-1/-1,di=-1,fill=IDLE,flush=IDLE}~>DecryptedEndPoint@b174bd3{l=/127.0.0.1:44051,r=/127.0.0.1:33296,OPEN,fill=FI,flush=-,to=0/30000}=>HttpConnection@56e98ba[p=HttpParser{s=START,0 of -1},g=HttpGenerator@6ef0215e{s=START}]=>HttpChannelOverHttp@6d40b3e3{s=HttpChannelState@11347af9{s=IDLE rs=BLOCKING os=OPEN is=IDLE awp=false se=false i=true al=0},r=0,c=false/false,a=IDLE,uri=null,age=0}
03:43:12.941 [qtp399373008-55] DEBUG org.eclipse.jetty.io.ssl.SslConnection - <needFillInterest s=IDLE/INTERESTED f=false i=true w=null
03:43:12.941 [qtp399373008-55] DEBUG org.eclipse.jetty.io.ssl.SslConnection - ensureFillInterested SslConnection@5f08a0bf::SocketChannelEndPoint@53e93a06{l=/127.0.0.1:44051,r=/127.0.0.1:33296,OPEN,fill=-,flush=-,to=0/30000}{io=0/0,kio=0,kro=0}->SslConnection@5f08a0bf{NOT_HANDSHAKING,eio=-1/-1,di=-1,fill=INTERESTED,flush=IDLE}~>DecryptedEndPoint@b174bd3{l=/127.0.0.1:44051,r=/127.0.0.1:33296,OPEN,fill=FI,flush=-,to=0/30000}=>HttpConnection@56e98ba[p=HttpParser{s=START,0 of -1},g=HttpGenerator@6ef0215e{s=START}]=>HttpChannelOverHttp@6d40b3e3{s=HttpChannelState@11347af9{s=IDLE rs=BLOCKING os=OPEN is=IDLE awp=false se=false i=true al=0},r=0,c=false/false,a=IDLE,uri=null,age=0}
03:43:12.941 [qtp399373008-55] DEBUG org.eclipse.jetty.io.FillInterest - interested FillInterest@3db363dc{SSLC.NBReadCB@5f08a0bf{SslConnection@5f08a0bf::SocketChannelEndPoint@53e93a06{l=/127.0.0.1:44051,r=/127.0.0.1:33296,OPEN,fill=FI,flush=-,to=0/30000}{io=0/0,kio=0,kro=0}->SslConnection@5f08a0bf{NOT_HANDSHAKING,eio=-1/-1,di=-1,fill=INTERESTED,flush=IDLE}~>DecryptedEndPoint@b174bd3{l=/127.0.0.1:44051,r=/127.0.0.1:33296,OPEN,fill=FI,flush=-,to=0/30000}=>HttpConnection@56e98ba[p=HttpParser{s=START,0 of -1},g=HttpGenerator@6ef0215e{s=START}]=>HttpChannelOverHttp@6d40b3e3{s=HttpChannelState@11347af9{s=IDLE rs=BLOCKING os=OPEN is=IDLE awp=false se=false i=true al=0},r=0,c=false/false,a=IDLE,uri=null,age=0}}}
03:43:12.941 [qtp399373008-55] DEBUG org.eclipse.jetty.io.ChannelEndPoint - changeInterests p=false 0->1 for SocketChannelEndPoint@53e93a06{l=/127.0.0.1:44051,r=/127.0.0.1:33296,OPEN,fill=FI,flush=-,to=0/30000}{io=0/1,kio=0,kro=0}->SslConnection@5f08a0bf{NOT_HANDSHAKING,eio=-1/-1,di=-1,fill=INTERESTED,flush=IDLE}~>DecryptedEndPoint@b174bd3{l=/127.0.0.1:44051,r=/127.0.0.1:33296,OPEN,fill=FI,flush=-,to=0/30000}=>HttpConnection@56e98ba[p=HttpParser{s=START,0 of -1},g=HttpGenerator@6ef0215e{s=START}]=>HttpChannelOverHttp@6d40b3e3{s=HttpChannelState@11347af9{s=IDLE rs=BLOCKING os=OPEN is=IDLE awp=false se=false i=true al=0},r=0,c=false/false,a=IDLE,uri=null,age=0}
03:43:12.941 [qtp399373008-55] DEBUG org.eclipse.jetty.io.ManagedSelector - Queued change lazy=false org.eclipse.jetty.io.ChannelEndPoint$$Lambda$255/90666987@2724318d on ManagedSelector@7bb6ab3a{STARTED} id=3 keys=2 selected=0 updates=1
03:43:12.941 [qtp399373008-55] DEBUG org.eclipse.jetty.io.ManagedSelector - Wakeup on submit ManagedSelector@7bb6ab3a{STARTED} id=3 keys=2 selected=0 updates=2
03:43:12.941 [qtp399373008-61] DEBUG org.eclipse.jetty.io.ManagedSelector - Selector sun.nio.ch.EPollSelectorImpl@6d031e6b woken with none selected
03:43:12.941 [qtp399373008-61] DEBUG org.eclipse.jetty.io.ManagedSelector - Selector sun.nio.ch.EPollSelectorImpl@6d031e6b woken up from select, 0/0/2 selected
03:43:12.941 [qtp399373008-61] DEBUG org.eclipse.jetty.io.ManagedSelector - Selector sun.nio.ch.EPollSelectorImpl@6d031e6b processing 0 keys, 2 updates
03:43:12.941 [qtp399373008-61] DEBUG org.eclipse.jetty.io.ManagedSelector - updateable 2
03:43:12.941 [qtp399373008-61] DEBUG org.eclipse.jetty.io.ManagedSelector - update org.eclipse.jetty.io.ManagedSelector$$Lambda$258/445561681@6d59fc5f
03:43:12.941 [qtp399373008-55] DEBUG org.eclipse.jetty.io.ManagedSelector - Created SocketChannelEndPoint@53e93a06{l=/127.0.0.1:44051,r=/127.0.0.1:33296,OPEN,fill=FI,flush=-,to=0/30000}{io=0/1,kio=0,kro=0}->SslConnection@5f08a0bf{NOT_HANDSHAKING,eio=-1/-1,di=-1,fill=INTERESTED,flush=IDLE}~>DecryptedEndPoint@b174bd3{l=/127.0.0.1:44051,r=/127.0.0.1:33296,OPEN,fill=FI,flush=-,to=0/30000}=>HttpConnection@56e98ba[p=HttpParser{s=START,0 of -1},g=HttpGenerator@6ef0215e{s=START}]=>HttpChannelOverHttp@6d40b3e3{s=HttpChannelState@11347af9{s=IDLE rs=BLOCKING os=OPEN is=IDLE awp=false se=false i=true al=0},r=0,c=false/false,a=IDLE,uri=null,age=0}
03:43:12.942 [qtp399373008-61] DEBUG org.eclipse.jetty.io.ManagedSelector - update org.eclipse.jetty.io.ChannelEndPoint$$Lambda$255/90666987@2724318d
03:43:12.942 [qtp399373008-55] DEBUG org.eclipse.jetty.util.thread.QueuedThreadPool - ran Accept@449a2963[java.nio.channels.SocketChannel[connected local=/127.0.0.1:44051 remote=/127.0.0.1:33296]] in QueuedThreadPool[qtp399373008]@17cdf2d0{STARTED,8<=8<=200,i=0,r=-1,q=0}[ReservedThreadExecutor@424fd310{reserved=2/8,pending=0}]
03:43:12.942 [qtp399373008-61] DEBUG org.eclipse.jetty.io.ChannelEndPoint - Key interests updated 0 -> 1 on SocketChannelEndPoint@53e93a06{l=/127.0.0.1:44051,r=/127.0.0.1:33296,OPEN,fill=FI,flush=-,to=0/30000}{io=1/1,kio=1,kro=0}->SslConnection@5f08a0bf{NOT_HANDSHAKING,eio=-1/-1,di=-1,fill=INTERESTED,flush=IDLE}~>DecryptedEndPoint@b174bd3{l=/127.0.0.1:44051,r=/127.0.0.1:33296,OPEN,fill=FI,flush=-,to=0/30000}=>HttpConnection@56e98ba[p=HttpParser{s=START,0 of -1},g=HttpGenerator@6ef0215e{s=START}]=>HttpChannelOverHttp@6d40b3e3{s=HttpChannelState@11347af9{s=IDLE rs=BLOCKING os=OPEN is=IDLE awp=false se=false i=true al=0},r=0,c=false/false,a=IDLE,uri=null,age=0}
03:43:12.942 [qtp399373008-61] DEBUG org.eclipse.jetty.io.ManagedSelector - updates 0
03:43:12.942 [qtp399373008-61] DEBUG org.eclipse.jetty.io.ManagedSelector - Selector sun.nio.ch.EPollSelectorImpl@6d031e6b waiting with 2 keys
03:43:12.942 [qtp399373008-61] DEBUG org.eclipse.jetty.io.ManagedSelector - Selector sun.nio.ch.EPollSelectorImpl@6d031e6b woken up from select, 1/1/2 selected
03:43:12.942 [qtp399373008-61] DEBUG org.eclipse.jetty.io.ManagedSelector - Selector sun.nio.ch.EPollSelectorImpl@6d031e6b processing 1 keys, 0 updates
03:43:12.942 [qtp399373008-61] DEBUG org.eclipse.jetty.io.ManagedSelector - selected 1 sun.nio.ch.SelectionKeyImpl@6933ee SocketChannelEndPoint@53e93a06{l=/127.0.0.1:44051,r=/127.0.0.1:33296,OPEN,fill=FI,flush=-,to=1/30000}{io=1/1,kio=1,kro=1}->SslConnection@5f08a0bf{NOT_HANDSHAKING,eio=-1/-1,di=-1,fill=INTERESTED,flush=IDLE}~>DecryptedEndPoint@b174bd3{l=/127.0.0.1:44051,r=/127.0.0.1:33296,OPEN,fill=FI,flush=-,to=1/30000}=>HttpConnection@56e98ba[p=HttpParser{s=START,0 of -1},g=HttpGenerator@6ef0215e{s=START}]=>HttpChannelOverHttp@6d40b3e3{s=HttpChannelState@11347af9{s=IDLE rs=BLOCKING os=OPEN is=IDLE awp=false se=false i=true al=0},r=0,c=false/false,a=IDLE,uri=null,age=0} 
03:43:12.942 [qtp399373008-61] DEBUG org.eclipse.jetty.io.ChannelEndPoint - onSelected 1->0 r=true w=false for SocketChannelEndPoint@53e93a06{l=/127.0.0.1:44051,r=/127.0.0.1:33296,OPEN,fill=FI,flush=-,to=1/30000}{io=1/0,kio=1,kro=1}->SslConnection@5f08a0bf{NOT_HANDSHAKING,eio=-1/-1,di=-1,fill=INTERESTED,flush=IDLE}~>DecryptedEndPoint@b174bd3{l=/127.0.0.1:44051,r=/127.0.0.1:33296,OPEN,fill=FI,flush=-,to=1/30000}=>HttpConnection@56e98ba[p=HttpParser{s=START,0 of -1},g=HttpGenerator@6ef0215e{s=START}]=>HttpChannelOverHttp@6d40b3e3{s=HttpChannelState@11347af9{s=IDLE rs=BLOCKING os=OPEN is=IDLE awp=false se=false i=true al=0},r=0,c=false/false,a=IDLE,uri=null,age=0}
03:43:12.943 [qtp399373008-61] DEBUG org.eclipse.jetty.io.ChannelEndPoint - task CEP:SocketChannelEndPoint@53e93a06{l=/127.0.0.1:44051,r=/127.0.0.1:33296,OPEN,fill=FI,flush=-,to=1/30000}{io=1/0,kio=1,kro=1}->SslConnection@5f08a0bf{NOT_HANDSHAKING,eio=-1/-1,di=-1,fill=INTERESTED,flush=IDLE}~>DecryptedEndPoint@b174bd3{l=/127.0.0.1:44051,r=/127.0.0.1:33296,OPEN,fill=FI,flush=-,to=1/30000}=>HttpConnection@56e98ba[p=HttpParser{s=START,0 of -1},g=HttpGenerator@6ef0215e{s=START}]=>HttpChannelOverHttp@6d40b3e3{s=HttpChannelState@11347af9{s=IDLE rs=BLOCKING os=OPEN is=IDLE awp=false se=false i=true al=0},r=0,c=false/false,a=IDLE,uri=null,age=0}:runFillable:BLOCKING
03:43:12.943 [qtp399373008-61] DEBUG org.eclipse.jetty.util.thread.ReservedThreadExecutor - ReservedThreadExecutor@424fd310{reserved=2/8,pending=0} tryExecute EatWhatYouKill@f478a81/SelectorProducer@19553973/PRODUCING/p=false/QueuedThreadPool[qtp399373008]@17cdf2d0{STARTED,8<=8<=200,i=1,r=-1,q=0}[ReservedThreadExecutor@424fd310{reserved=2/8,pending=0}][pc=0,pic=0,pec=0,epc=3]@2024-05-02T03:43:12.943+01:00
03:43:12.943 [qtp399373008-61] DEBUG org.eclipse.jetty.util.thread.strategy.EatWhatYouKill - EatWhatYouKill@f478a81/SelectorProducer@19553973/IDLE/p=true/QueuedThreadPool[qtp399373008]@17cdf2d0{STARTED,8<=8<=200,i=1,r=-1,q=0}[ReservedThreadExecutor@424fd310{reserved=1/8,pending=0}][pc=0,pic=0,pec=0,epc=3]@2024-05-02T03:43:12.943+01:00 m=EXECUTE_PRODUCE_CONSUME t=CEP:SocketChannelEndPoint@53e93a06{l=/127.0.0.1:44051,r=/127.0.0.1:33296,OPEN,fill=FI,flush=-,to=1/30000}{io=1/0,kio=1,kro=1}->SslConnection@5f08a0bf{NOT_HANDSHAKING,eio=-1/-1,di=-1,fill=INTERESTED,flush=IDLE}~>DecryptedEndPoint@b174bd3{l=/127.0.0.1:44051,r=/127.0.0.1:33296,OPEN,fill=FI,flush=-,to=1/30000}=>HttpConnection@56e98ba[p=HttpParser{s=START,0 of -1},g=HttpGenerator@6ef0215e{s=START}]=>HttpChannelOverHttp@6d40b3e3{s=HttpChannelState@11347af9{s=IDLE rs=BLOCKING os=OPEN is=IDLE awp=false se=false i=true al=0},r=0,c=false/false,a=IDLE,uri=null,age=0}:runFillable:BLOCKING/BLOCKING
03:43:12.943 [qtp399373008-62] DEBUG org.eclipse.jetty.util.thread.ReservedThreadExecutor - ReservedThread@1ba773eb{RESERVED,thread=Thread[qtp399373008-62,5,main]} task=EatWhatYouKill@f478a81/SelectorProducer@19553973/IDLE/p=true/QueuedThreadPool[qtp399373008]@17cdf2d0{STARTED,8<=8<=200,i=1,r=-1,q=0}[ReservedThreadExecutor@424fd310{reserved=1/8,pending=0}][pc=0,pic=0,pec=0,epc=3]@2024-05-02T03:43:12.943+01:00 ReservedThreadExecutor@424fd310{reserved=1/8,pending=0}
03:43:12.943 [qtp399373008-61] DEBUG org.eclipse.jetty.io.FillInterest - fillable FillInterest@3db363dc{SSLC.NBReadCB@5f08a0bf{SslConnection@5f08a0bf::SocketChannelEndPoint@53e93a06{l=/127.0.0.1:44051,r=/127.0.0.1:33296,OPEN,fill=FI,flush=-,to=1/30000}{io=1/0,kio=1,kro=1}->SslConnection@5f08a0bf{NOT_HANDSHAKING,eio=-1/-1,di=-1,fill=INTERESTED,flush=IDLE}~>DecryptedEndPoint@b174bd3{l=/127.0.0.1:44051,r=/127.0.0.1:33296,OPEN,fill=FI,flush=-,to=1/30000}=>HttpConnection@56e98ba[p=HttpParser{s=START,0 of -1},g=HttpGenerator@6ef0215e{s=START}]=>HttpChannelOverHttp@6d40b3e3{s=HttpChannelState@11347af9{s=IDLE rs=BLOCKING os=OPEN is=IDLE awp=false se=false i=true al=0},r=0,c=false/false,a=IDLE,uri=null,age=0}}}
03:43:12.943 [qtp399373008-61] DEBUG org.eclipse.jetty.io.ssl.SslConnection - >c.onFillable SslConnection@5f08a0bf::SocketChannelEndPoint@53e93a06{l=/127.0.0.1:44051,r=/127.0.0.1:33296,OPEN,fill=-,flush=-,to=1/30000}{io=1/0,kio=1,kro=1}->SslConnection@5f08a0bf{NOT_HANDSHAKING,eio=-1/-1,di=-1,fill=INTERESTED,flush=IDLE}~>DecryptedEndPoint@b174bd3{l=/127.0.0.1:44051,r=/127.0.0.1:33296,OPEN,fill=FI,flush=-,to=2/30000}=>HttpConnection@56e98ba[p=HttpParser{s=START,0 of -1},g=HttpGenerator@6ef0215e{s=START}]=>HttpChannelOverHttp@6d40b3e3{s=HttpChannelState@11347af9{s=IDLE rs=BLOCKING os=OPEN is=IDLE awp=false se=false i=true al=0},r=0,c=false/false,a=IDLE,uri=null,age=0}
03:43:12.943 [qtp399373008-62] DEBUG org.eclipse.jetty.util.thread.strategy.EatWhatYouKill - EatWhatYouKill@f478a81/SelectorProducer@19553973/IDLE/p=true/QueuedThreadPool[qtp399373008]@17cdf2d0{STARTED,8<=8<=200,i=1,r=-1,q=0}[ReservedThreadExecutor@424fd310{reserved=1/8,pending=0}][pc=0,pic=0,pec=0,epc=4]@2024-05-02T03:43:12.943+01:00 tryProduce true
03:43:12.943 [qtp399373008-62] DEBUG org.eclipse.jetty.io.ManagedSelector - updateable 0
03:43:12.943 [qtp399373008-62] DEBUG org.eclipse.jetty.io.ManagedSelector - updates 0
03:43:12.943 [qtp399373008-61] DEBUG org.eclipse.jetty.io.ssl.SslConnection - onFillable SslConnection@5f08a0bf::SocketChannelEndPoint@53e93a06{l=/127.0.0.1:44051,r=/127.0.0.1:33296,OPEN,fill=-,flush=-,to=1/30000}{io=1/0,kio=1,kro=1}->SslConnection@5f08a0bf{NOT_HANDSHAKING,eio=-1/-1,di=-1,fill=INTERESTED,flush=IDLE}~>DecryptedEndPoint@b174bd3{l=/127.0.0.1:44051,r=/127.0.0.1:33296,OPEN,fill=FI,flush=-,to=2/30000}=>HttpConnection@56e98ba[p=HttpParser{s=START,0 of -1},g=HttpGenerator@6ef0215e{s=START}]=>HttpChannelOverHttp@6d40b3e3{s=HttpChannelState@11347af9{s=IDLE rs=BLOCKING os=OPEN is=IDLE awp=false se=false i=true al=0},r=0,c=false/false,a=IDLE,uri=null,age=0}
03:43:12.943 [qtp399373008-61] DEBUG org.eclipse.jetty.io.FillInterest - fillable FillInterest@1faacf72{AC.ReadCB@56e98ba{HttpConnection@56e98ba::DecryptedEndPoint@b174bd3{l=/127.0.0.1:44051,r=/127.0.0.1:33296,OPEN,fill=FI,flush=-,to=2/30000}}}
03:43:12.943 [qtp399373008-61] DEBUG org.eclipse.jetty.server.HttpConnection - HttpConnection@56e98ba::DecryptedEndPoint@b174bd3{l=/127.0.0.1:44051,r=/127.0.0.1:33296,OPEN,fill=-,flush=-,to=2/30000} onFillable enter HttpChannelState@11347af9{s=IDLE rs=BLOCKING os=OPEN is=IDLE awp=false se=false i=true al=0} null
03:43:12.943 [qtp399373008-62] DEBUG org.eclipse.jetty.io.ChannelEndPoint - Key interests updated 1 -> 0 on SocketChannelEndPoint@53e93a06{l=/127.0.0.1:44051,r=/127.0.0.1:33296,OPEN,fill=-,flush=-,to=1/30000}{io=0/0,kio=0,kro=1}->SslConnection@5f08a0bf{NOT_HANDSHAKING,eio=-1/-1,di=-1,fill=INTERESTED,flush=IDLE}~>DecryptedEndPoint@b174bd3{l=/127.0.0.1:44051,r=/127.0.0.1:33296,OPEN,fill=FI,flush=-,to=2/30000}=>HttpConnection@56e98ba[p=HttpParser{s=START,0 of -1},g=HttpGenerator@6ef0215e{s=START}]=>HttpChannelOverHttp@6d40b3e3{s=HttpChannelState@11347af9{s=IDLE rs=BLOCKING os=OPEN is=IDLE awp=false se=false i=true al=0},r=0,c=false/false,a=IDLE,uri=null,age=0}
03:43:12.943 [qtp399373008-62] DEBUG org.eclipse.jetty.io.ManagedSelector - Selector sun.nio.ch.EPollSelectorImpl@6d031e6b waiting with 2 keys
03:43:12.943 [qtp399373008-61] DEBUG org.eclipse.jetty.io.ssl.SslConnection - >fill SslConnection@5f08a0bf::SocketChannelEndPoint@53e93a06{l=/127.0.0.1:44051,r=/127.0.0.1:33296,OPEN,fill=-,flush=-,to=2/30000}{io=0/0,kio=0,kro=1}->SslConnection@5f08a0bf{NOT_HANDSHAKING,eio=-1/-1,di=-1,fill=IDLE,flush=IDLE}~>DecryptedEndPoint@b174bd3{l=/127.0.0.1:44051,r=/127.0.0.1:33296,OPEN,fill=-,flush=-,to=2/30000}=>HttpConnection@56e98ba[p=HttpParser{s=START,0 of -1},g=HttpGenerator@6ef0215e{s=START}]=>HttpChannelOverHttp@6d40b3e3{s=HttpChannelState@11347af9{s=IDLE rs=BLOCKING os=OPEN is=IDLE awp=false se=false i=true al=0},r=0,c=false/false,a=IDLE,uri=null,age=0}
03:43:12.943 [qtp399373008-61] DEBUG org.eclipse.jetty.io.ssl.SslConnection - fill NOT_HANDSHAKING
03:43:12.944 [qtp399373008-61] DEBUG org.eclipse.jetty.io.ChannelEndPoint - filled 339 HeapByteBuffer@78682cd8[p=0,l=339,c=17408,r=339]={<<<\x16\x03\x03\x01N\x01\x00\x01J\x03\x03\rp"\x14I\x03\x11C ^\xEf\xD0\xC7m...\xD0\t\xAf\x8f\xD9\xC9\xD6\xEb\xCd\xD6\xB8\x1fSHD\x12`\x95\xFf\x01\x00\x01\x00>>>\xF9\xFb}{\xC0\xFag\xC6G...\x00\x00\x00\x00\x00\x00\x00}
03:43:12.944 [qtp399373008-61] DEBUG org.eclipse.jetty.io.ssl.SslConnection - net filled=339
03:43:12.944 [qtp399373008-61] DEBUG org.eclipse.jetty.io.ssl.SslConnection - fill starting handshake SslConnection@5f08a0bf::SocketChannelEndPoint@53e93a06{l=/127.0.0.1:44051,r=/127.0.0.1:33296,OPEN,fill=-,flush=-,to=0/30000}{io=0/0,kio=0,kro=1}->SslConnection@5f08a0bf{NOT_HANDSHAKING,eio=339/-1,di=-1,fill=IDLE,flush=IDLE}~>DecryptedEndPoint@b174bd3{l=/127.0.0.1:44051,r=/127.0.0.1:33296,OPEN,fill=-,flush=-,to=2/30000}=>HttpConnection@56e98ba[p=HttpParser{s=START,0 of -1},g=HttpGenerator@6ef0215e{s=START}]=>HttpChannelOverHttp@6d40b3e3{s=HttpChannelState@11347af9{s=IDLE rs=BLOCKING os=OPEN is=IDLE awp=false se=false i=true al=0},r=0,c=false/false,a=IDLE,uri=null,age=0}
03:43:12.944 [qtp399373008-61] DEBUG org.eclipse.jetty.io.ssl.SslConnection - unwrap net_filled=339 Status = OK HandshakeStatus = NEED_TASK bytesConsumed = 339 bytesProduced = 0 encryptedBuffer=[p=339,l=339,c=17408,r=0] unwrapBuffer=HeapByteBuffer@729047a8[p=0,l=0,c=17408,r=0]={<<<>>>\x17\x03\x03\x00\xC940K\xE7...\x00\x00\x00\x00\x00\x00\x00} appBuffer=HeapByteBuffer@729047a8[p=0,l=0,c=17408,r=0]={<<<>>>\x17\x03\x03\x00\xC940K\xE7...\x00\x00\x00\x00\x00\x00\x00}
03:43:12.944 [qtp399373008-61] DEBUG org.eclipse.jetty.io.ssl.SslConnection - fill NEED_TASK
03:43:12.952 [qtp399373008-61] DEBUG org.eclipse.jetty.io.ssl.SslConnection - fill NEED_WRAP
03:43:12.952 [qtp399373008-61] DEBUG org.eclipse.jetty.io.ssl.SslConnection - >flush SslConnection@5f08a0bf::SocketChannelEndPoint@53e93a06{l=/127.0.0.1:44051,r=/127.0.0.1:33296,OPEN,fill=-,flush=-,to=8/30000}{io=0/0,kio=0,kro=1}->SslConnection@5f08a0bf{NEED_WRAP,eio=0/-1,di=-1,fill=IDLE,flush=IDLE}~>DecryptedEndPoint@b174bd3{l=/127.0.0.1:44051,r=/127.0.0.1:33296,OPEN,fill=-,flush=-,to=10/30000}=>HttpConnection@56e98ba[p=HttpParser{s=START,0 of -1},g=HttpGenerator@6ef0215e{s=START}]=>HttpChannelOverHttp@6d40b3e3{s=HttpChannelState@11347af9{s=IDLE rs=BLOCKING os=OPEN is=IDLE awp=false se=false i=true al=0},r=0,c=false/false,a=IDLE,uri=null,age=0}
03:43:12.952 [qtp399373008-61] DEBUG org.eclipse.jetty.io.ssl.SslConnection - flush b[0]=HeapByteBuffer@1ad43aa3[p=0,l=0,c=0,r=0]={<<<>>>}
03:43:12.952 [qtp399373008-61] DEBUG org.eclipse.jetty.io.ssl.SslConnection - flush NEED_WRAP
03:43:12.952 [qtp399373008-61] DEBUG org.eclipse.jetty.io.ssl.SslConnection - wrap Status = OK HandshakeStatus = NEED_WRAP bytesConsumed = 0 bytesProduced = 160 [p=0,l=160,c=17408,r=160] ioDone=false/false
03:43:12.952 [qtp399373008-61] DEBUG org.eclipse.jetty.io.ChannelEndPoint - flushed 160 SocketChannelEndPoint@53e93a06{l=/127.0.0.1:44051,r=/127.0.0.1:33296,OPEN,fill=-,flush=-,to=8/30000}{io=0/0,kio=0,kro=1}->SslConnection@5f08a0bf{NEED_WRAP,eio=0/0,di=-1,fill=IDLE,flush=IDLE}~>DecryptedEndPoint@b174bd3{l=/127.0.0.1:44051,r=/127.0.0.1:33296,OPEN,fill=-,flush=-,to=11/30000}=>HttpConnection@56e98ba[p=HttpParser{s=START,0 of -1},g=HttpGenerator@6ef0215e{s=START}]=>HttpChannelOverHttp@6d40b3e3{s=HttpChannelState@11347af9{s=IDLE rs=BLOCKING os=OPEN is=IDLE awp=false se=false i=true al=0},r=0,c=false/false,a=IDLE,uri=null,age=0}
03:43:12.952 [qtp399373008-61] DEBUG org.eclipse.jetty.io.ssl.SslConnection - net flushed=true, ac=true
03:43:12.952 [qtp399373008-61] DEBUG org.eclipse.jetty.io.ssl.SslConnection - flush NEED_WRAP
03:43:12.952 [qtp399373008-61] DEBUG org.eclipse.jetty.io.ssl.SslConnection - wrap Status = OK HandshakeStatus = NEED_WRAP bytesConsumed = 0 bytesProduced = 6 [p=0,l=6,c=17408,r=6] ioDone=false/false
03:43:12.952 [qtp399373008-61] DEBUG org.eclipse.jetty.io.ChannelEndPoint - flushed 6 SocketChannelEndPoint@53e93a06{l=/127.0.0.1:44051,r=/127.0.0.1:33296,OPEN,fill=-,flush=-,to=0/30000}{io=0/0,kio=0,kro=1}->SslConnection@5f08a0bf{NEED_WRAP,eio=0/0,di=-1,fill=IDLE,flush=IDLE}~>DecryptedEndPoint@b174bd3{l=/127.0.0.1:44051,r=/127.0.0.1:33296,OPEN,fill=-,flush=-,to=11/30000}=>HttpConnection@56e98ba[p=HttpParser{s=START,0 of -1},g=HttpGenerator@6ef0215e{s=START}]=>HttpChannelOverHttp@6d40b3e3{s=HttpChannelState@11347af9{s=IDLE rs=BLOCKING os=OPEN is=IDLE awp=false se=false i=true al=0},r=0,c=false/false,a=IDLE,uri=null,age=0}
03:43:12.952 [qtp399373008-61] DEBUG org.eclipse.jetty.io.ssl.SslConnection - net flushed=true, ac=true
03:43:12.952 [qtp399373008-61] DEBUG org.eclipse.jetty.io.ssl.SslConnection - flush NEED_WRAP
03:43:12.953 [qtp399373008-61] DEBUG org.eclipse.jetty.io.ssl.SslConnection - wrap Status = OK HandshakeStatus = NEED_UNWRAP bytesConsumed = 0 bytesProduced = 1597 [p=0,l=1597,c=17408,r=1597] ioDone=false/false
03:43:12.953 [qtp399373008-61] DEBUG org.eclipse.jetty.io.ChannelEndPoint - flushed 1597 SocketChannelEndPoint@53e93a06{l=/127.0.0.1:44051,r=/127.0.0.1:33296,OPEN,fill=-,flush=-,to=0/30000}{io=0/0,kio=0,kro=1}->SslConnection@5f08a0bf{NEED_UNWRAP,eio=0/0,di=-1,fill=IDLE,flush=IDLE}~>DecryptedEndPoint@b174bd3{l=/127.0.0.1:44051,r=/127.0.0.1:33296,OPEN,fill=-,flush=-,to=11/30000}=>HttpConnection@56e98ba[p=HttpParser{s=START,0 of -1},g=HttpGenerator@6ef0215e{s=START}]=>HttpChannelOverHttp@6d40b3e3{s=HttpChannelState@11347af9{s=IDLE rs=BLOCKING os=OPEN is=IDLE awp=false se=false i=true al=0},r=0,c=false/false,a=IDLE,uri=null,age=0}
03:43:12.953 [qtp399373008-61] DEBUG org.eclipse.jetty.io.ssl.SslConnection - net flushed=true, ac=true
03:43:12.953 [qtp399373008-61] DEBUG org.eclipse.jetty.io.ssl.SslConnection - <flush true SslConnection@5f08a0bf::SocketChannelEndPoint@53e93a06{l=/127.0.0.1:44051,r=/127.0.0.1:33296,OPEN,fill=-,flush=-,to=0/30000}{io=0/0,kio=0,kro=1}->SslConnection@5f08a0bf{NEED_UNWRAP,eio=0/-1,di=-1,fill=IDLE,flush=IDLE}~>DecryptedEndPoint@b174bd3{l=/127.0.0.1:44051,r=/127.0.0.1:33296,OPEN,fill=-,flush=-,to=11/30000}=>HttpConnection@56e98ba[p=HttpParser{s=START,0 of -1},g=HttpGenerator@6ef0215e{s=START}]=>HttpChannelOverHttp@6d40b3e3{s=HttpChannelState@11347af9{s=IDLE rs=BLOCKING os=OPEN is=IDLE awp=false se=false i=true al=0},r=0,c=false/false,a=IDLE,uri=null,age=0}
03:43:12.953 [qtp399373008-61] DEBUG org.eclipse.jetty.io.ssl.SslConnection - fill NEED_UNWRAP
03:43:12.953 [qtp399373008-61] DEBUG org.eclipse.jetty.io.ChannelEndPoint - filled 0 HeapByteBuffer@78682cd8[p=0,l=0,c=17408,r=0]={<<<>>>\x16\x03\x03\x01N\x01\x00\x01J...\x00\x00\x00\x00\x00\x00\x00}
03:43:12.953 [qtp399373008-61] DEBUG org.eclipse.jetty.io.ssl.SslConnection - net filled=0
03:43:12.953 [qtp399373008-61] DEBUG org.eclipse.jetty.io.ssl.SslConnection - unwrap net_filled=0 Status = BUFFER_UNDERFLOW HandshakeStatus = NEED_UNWRAP bytesConsumed = 0 bytesProduced = 0 encryptedBuffer=[p=0,l=0,c=17408,r=0] unwrapBuffer=HeapByteBuffer@729047a8[p=0,l=0,c=17408,r=0]={<<<>>>\x17\x03\x03\x00\xC940K\xE7...\x00\x00\x00\x00\x00\x00\x00} appBuffer=HeapByteBuffer@729047a8[p=0,l=0,c=17408,r=0]={<<<>>>\x17\x03\x03\x00\xC940K\xE7...\x00\x00\x00\x00\x00\x00\x00}
03:43:12.953 [qtp399373008-61] DEBUG org.eclipse.jetty.io.ssl.SslConnection - <fill f=0 uf=true SslConnection@5f08a0bf::SocketChannelEndPoint@53e93a06{l=/127.0.0.1:44051,r=/127.0.0.1:33296,OPEN,fill=-,flush=-,to=0/30000}{io=0/0,kio=0,kro=1}->SslConnection@5f08a0bf{NEED_UNWRAP,eio=-1/-1,di=-1,fill=IDLE,flush=IDLE}~>DecryptedEndPoint@b174bd3{l=/127.0.0.1:44051,r=/127.0.0.1:33296,OPEN,fill=-,flush=-,to=12/30000}=>HttpConnection@56e98ba[p=HttpParser{s=START,0 of -1},g=HttpGenerator@6ef0215e{s=START}]=>HttpChannelOverHttp@6d40b3e3{s=HttpChannelState@11347af9{s=IDLE rs=BLOCKING os=OPEN is=IDLE awp=false se=false i=true al=0},r=0,c=false/false,a=IDLE,uri=null,age=0}
03:43:12.953 [qtp399373008-61] DEBUG org.eclipse.jetty.io.ssl.SslConnection - >fill SslConnection@5f08a0bf::SocketChannelEndPoint@53e93a06{l=/127.0.0.1:44051,r=/127.0.0.1:33296,OPEN,fill=-,flush=-,to=0/30000}{io=0/0,kio=0,kro=1}->SslConnection@5f08a0bf{NEED_UNWRAP,eio=-1/-1,di=-1,fill=IDLE,flush=IDLE}~>DecryptedEndPoint@b174bd3{l=/127.0.0.1:44051,r=/127.0.0.1:33296,OPEN,fill=-,flush=-,to=12/30000}=>HttpConnection@56e98ba[p=HttpParser{s=START,0 of -1},g=HttpGenerator@6ef0215e{s=START}]=>HttpChannelOverHttp@6d40b3e3{s=HttpChannelState@11347af9{s=IDLE rs=BLOCKING os=OPEN is=IDLE awp=false se=false i=true al=0},r=0,c=false/false,a=IDLE,uri=null,age=0}
03:43:12.953 [qtp399373008-61] DEBUG org.eclipse.jetty.io.ssl.SslConnection - fill NEED_UNWRAP
03:43:12.953 [qtp399373008-61] DEBUG org.eclipse.jetty.io.ChannelEndPoint - filled 0 HeapByteBuffer@76afdda5[p=0,l=0,c=17408,r=0]={<<<>>>\x17\x03\x03\x068A\xB1\xFd\xFb...\x00\x00\x00\x00\x00\x00\x00}
03:43:12.953 [qtp399373008-61] DEBUG org.eclipse.jetty.io.ssl.SslConnection - net filled=0
03:43:12.953 [qtp399373008-61] DEBUG org.eclipse.jetty.io.ssl.SslConnection - unwrap net_filled=0 Status = BUFFER_UNDERFLOW HandshakeStatus = NEED_UNWRAP bytesConsumed = 0 bytesProduced = 0 encryptedBuffer=[p=0,l=0,c=17408,r=0] unwrapBuffer=HeapByteBuffer@729047a8[p=0,l=0,c=17408,r=0]={<<<>>>\x17\x03\x03\x00\xC940K\xE7...\x00\x00\x00\x00\x00\x00\x00} appBuffer=HeapByteBuffer@729047a8[p=0,l=0,c=17408,r=0]={<<<>>>\x17\x03\x03\x00\xC940K\xE7...\x00\x00\x00\x00\x00\x00\x00}
03:43:12.953 [qtp399373008-61] DEBUG org.eclipse.jetty.io.ssl.SslConnection - <fill f=0 uf=true SslConnection@5f08a0bf::SocketChannelEndPoint@53e93a06{l=/127.0.0.1:44051,r=/127.0.0.1:33296,OPEN,fill=-,flush=-,to=0/30000}{io=0/0,kio=0,kro=1}->SslConnection@5f08a0bf{NEED_UNWRAP,eio=-1/-1,di=-1,fill=IDLE,flush=IDLE}~>DecryptedEndPoint@b174bd3{l=/127.0.0.1:44051,r=/127.0.0.1:33296,OPEN,fill=-,flush=-,to=12/30000}=>HttpConnection@56e98ba[p=HttpParser{s=START,0 of -1},g=HttpGenerator@6ef0215e{s=START}]=>HttpChannelOverHttp@6d40b3e3{s=HttpChannelState@11347af9{s=IDLE rs=BLOCKING os=OPEN is=IDLE awp=false se=false i=true al=0},r=0,c=false/false,a=IDLE,uri=null,age=0}
03:43:12.953 [qtp399373008-61] DEBUG org.eclipse.jetty.server.HttpConnection - HttpConnection@56e98ba::DecryptedEndPoint@b174bd3{l=/127.0.0.1:44051,r=/127.0.0.1:33296,OPEN,fill=-,flush=-,to=12/30000} filled 0 HeapByteBuffer@729047a8[p=0,l=0,c=17408,r=0]={<<<>>>\x17\x03\x03\x00\xC940K\xE7...\x00\x00\x00\x00\x00\x00\x00}
03:43:12.953 [qtp399373008-61] DEBUG org.eclipse.jetty.server.HttpConnection - HttpConnection@56e98ba::DecryptedEndPoint@b174bd3{l=/127.0.0.1:44051,r=/127.0.0.1:33296,OPEN,fill=-,flush=-,to=12/30000} parse HeapByteBuffer@729047a8[p=0,l=0,c=17408,r=0]={<<<>>>\x17\x03\x03\x00\xC940K\xE7...\x00\x00\x00\x00\x00\x00\x00} {}
03:43:12.953 [qtp399373008-61] DEBUG org.eclipse.jetty.http.HttpParser - parseNext s=START HeapByteBuffer@729047a8[p=0,l=0,c=17408,r=0]={<<<>>>\x17\x03\x03\x00\xC940K\xE7...\x00\x00\x00\x00\x00\x00\x00}
03:43:12.953 [qtp399373008-61] DEBUG org.eclipse.jetty.server.HttpConnection - HttpConnection@56e98ba::DecryptedEndPoint@b174bd3{l=/127.0.0.1:44051,r=/127.0.0.1:33296,OPEN,fill=-,flush=-,to=12/30000} parsed false HttpParser{s=START,0 of -1}
03:43:12.954 [qtp399373008-61] DEBUG org.eclipse.jetty.server.HttpConnection - releaseRequestBuffer HttpConnection@56e98ba::DecryptedEndPoint@b174bd3{l=/127.0.0.1:44051,r=/127.0.0.1:33296,OPEN,fill=-,flush=-,to=12/30000}
03:43:12.954 [qtp399373008-61] DEBUG org.eclipse.jetty.io.AbstractConnection - fillInterested HttpConnection@56e98ba::DecryptedEndPoint@b174bd3{l=/127.0.0.1:44051,r=/127.0.0.1:33296,OPEN,fill=-,flush=-,to=12/30000}
03:43:12.954 [qtp399373008-61] DEBUG org.eclipse.jetty.io.FillInterest - interested FillInterest@1faacf72{AC.ReadCB@56e98ba{HttpConnection@56e98ba::DecryptedEndPoint@b174bd3{l=/127.0.0.1:44051,r=/127.0.0.1:33296,OPEN,fill=FI,flush=-,to=0/30000}}}
03:43:12.954 [qtp399373008-61] DEBUG org.eclipse.jetty.io.ssl.SslConnection - >needFillInterest s=IDLE/IDLE uf=true ei=null di=null SslConnection@5f08a0bf::SocketChannelEndPoint@53e93a06{l=/127.0.0.1:44051,r=/127.0.0.1:33296,OPEN,fill=-,flush=-,to=0/30000}{io=0/0,kio=0,kro=1}->SslConnection@5f08a0bf{NEED_UNWRAP,eio=-1/-1,di=-1,fill=IDLE,flush=IDLE}~>DecryptedEndPoint@b174bd3{l=/127.0.0.1:44051,r=/127.0.0.1:33296,OPEN,fill=FI,flush=-,to=0/30000}=>HttpConnection@56e98ba[p=HttpParser{s=START,0 of -1},g=HttpGenerator@6ef0215e{s=START}]=>HttpChannelOverHttp@6d40b3e3{s=HttpChannelState@11347af9{s=IDLE rs=BLOCKING os=OPEN is=IDLE awp=false se=false i=true al=0},r=0,c=false/false,a=IDLE,uri=null,age=0}
03:43:12.954 [qtp399373008-61] DEBUG org.eclipse.jetty.io.ssl.SslConnection - <needFillInterest s=IDLE/INTERESTED f=false i=true w=null
03:43:12.954 [qtp399373008-61] DEBUG org.eclipse.jetty.io.ssl.SslConnection - ensureFillInterested SslConnection@5f08a0bf::SocketChannelEndPoint@53e93a06{l=/127.0.0.1:44051,r=/127.0.0.1:33296,OPEN,fill=-,flush=-,to=0/30000}{io=0/0,kio=0,kro=1}->SslConnection@5f08a0bf{NEED_UNWRAP,eio=-1/-1,di=-1,fill=INTERESTED,flush=IDLE}~>DecryptedEndPoint@b174bd3{l=/127.0.0.1:44051,r=/127.0.0.1:33296,OPEN,fill=FI,flush=-,to=0/30000}=>HttpConnection@56e98ba[p=HttpParser{s=START,0 of -1},g=HttpGenerator@6ef0215e{s=START}]=>HttpChannelOverHttp@6d40b3e3{s=HttpChannelState@11347af9{s=IDLE rs=BLOCKING os=OPEN is=IDLE awp=false se=false i=true al=0},r=0,c=false/false,a=IDLE,uri=null,age=0}
03:43:12.954 [qtp399373008-61] DEBUG org.eclipse.jetty.io.FillInterest - interested FillInterest@3db363dc{SSLC.NBReadCB@5f08a0bf{SslConnection@5f08a0bf::SocketChannelEndPoint@53e93a06{l=/127.0.0.1:44051,r=/127.0.0.1:33296,OPEN,fill=FI,flush=-,to=0/30000}{io=0/0,kio=0,kro=1}->SslConnection@5f08a0bf{NEED_UNWRAP,eio=-1/-1,di=-1,fill=INTERESTED,flush=IDLE}~>DecryptedEndPoint@b174bd3{l=/127.0.0.1:44051,r=/127.0.0.1:33296,OPEN,fill=FI,flush=-,to=0/30000}=>HttpConnection@56e98ba[p=HttpParser{s=START,0 of -1},g=HttpGenerator@6ef0215e{s=START}]=>HttpChannelOverHttp@6d40b3e3{s=HttpChannelState@11347af9{s=IDLE rs=BLOCKING os=OPEN is=IDLE awp=false se=false i=true al=0},r=0,c=false/false,a=IDLE,uri=null,age=0}}}
03:43:12.954 [qtp399373008-61] DEBUG org.eclipse.jetty.io.ChannelEndPoint - changeInterests p=false 0->1 for SocketChannelEndPoint@53e93a06{l=/127.0.0.1:44051,r=/127.0.0.1:33296,OPEN,fill=FI,flush=-,to=0/30000}{io=0/1,kio=0,kro=1}->SslConnection@5f08a0bf{NEED_UNWRAP,eio=-1/-1,di=-1,fill=INTERESTED,flush=IDLE}~>DecryptedEndPoint@b174bd3{l=/127.0.0.1:44051,r=/127.0.0.1:33296,OPEN,fill=FI,flush=-,to=0/30000}=>HttpConnection@56e98ba[p=HttpParser{s=START,0 of -1},g=HttpGenerator@6ef0215e{s=START}]=>HttpChannelOverHttp@6d40b3e3{s=HttpChannelState@11347af9{s=IDLE rs=BLOCKING os=OPEN is=IDLE awp=false se=false i=true al=0},r=0,c=false/false,a=IDLE,uri=null,age=0}
03:43:12.954 [qtp399373008-61] DEBUG org.eclipse.jetty.io.ManagedSelector - Queued change lazy=false org.eclipse.jetty.io.ChannelEndPoint$$Lambda$255/90666987@2724318d on ManagedSelector@7bb6ab3a{STARTED} id=3 keys=2 selected=0 updates=0
03:43:12.954 [qtp399373008-61] DEBUG org.eclipse.jetty.io.ManagedSelector - Wakeup on submit ManagedSelector@7bb6ab3a{STARTED} id=3 keys=2 selected=0 updates=1
03:43:12.954 [qtp399373008-61] DEBUG org.eclipse.jetty.server.HttpConnection - HttpConnection@56e98ba::DecryptedEndPoint@b174bd3{l=/127.0.0.1:44051,r=/127.0.0.1:33296,OPEN,fill=FI,flush=-,to=0/30000} onFillable exit HttpChannelState@11347af9{s=IDLE rs=BLOCKING os=OPEN is=IDLE awp=false se=false i=true al=0} null
03:43:12.954 [qtp399373008-62] DEBUG org.eclipse.jetty.io.ManagedSelector - Selector sun.nio.ch.EPollSelectorImpl@6d031e6b woken with none selected
03:43:12.954 [qtp399373008-62] DEBUG org.eclipse.jetty.io.ManagedSelector - Selector sun.nio.ch.EPollSelectorImpl@6d031e6b woken up from select, 0/0/2 selected
03:43:12.954 [qtp399373008-62] DEBUG org.eclipse.jetty.io.ManagedSelector - Selector sun.nio.ch.EPollSelectorImpl@6d031e6b processing 0 keys, 1 updates
03:43:12.954 [qtp399373008-62] DEBUG org.eclipse.jetty.io.ManagedSelector - updateable 1
03:43:12.954 [qtp399373008-62] DEBUG org.eclipse.jetty.io.ManagedSelector - update org.eclipse.jetty.io.ChannelEndPoint$$Lambda$255/90666987@2724318d
03:43:12.954 [qtp399373008-61] DEBUG org.eclipse.jetty.io.ssl.SslConnection - <c.onFillable SslConnection@5f08a0bf::SocketChannelEndPoint@53e93a06{l=/127.0.0.1:44051,r=/127.0.0.1:33296,OPEN,fill=FI,flush=-,to=0/30000}{io=0/1,kio=0,kro=1}->SslConnection@5f08a0bf{NEED_UNWRAP,eio=-1/-1,di=-1,fill=INTERESTED,flush=IDLE}~>DecryptedEndPoint@b174bd3{l=/127.0.0.1:44051,r=/127.0.0.1:33296,OPEN,fill=FI,flush=-,to=0/30000}=>HttpConnection@56e98ba[p=HttpParser{s=START,0 of -1},g=HttpGenerator@6ef0215e{s=START}]=>HttpChannelOverHttp@6d40b3e3{s=HttpChannelState@11347af9{s=IDLE rs=BLOCKING os=OPEN is=IDLE awp=false se=false i=true al=0},r=0,c=false/false,a=IDLE,uri=null,age=0}
03:43:12.954 [qtp399373008-61] DEBUG org.eclipse.jetty.util.thread.ReservedThreadExecutor - ReservedThread@681717c1{RUNNING,thread=Thread[qtp399373008-61,5,main]} was=RUNNING next=RESERVED size=0+2 capacity=8
03:43:12.957 [qtp399373008-61] DEBUG org.eclipse.jetty.util.thread.ReservedThreadExecutor - ReservedThread@681717c1{RESERVED,thread=Thread[qtp399373008-61,5,main]} waiting ReservedThreadExecutor@424fd310{reserved=2/8,pending=0}
03:43:12.957 [qtp399373008-62] DEBUG org.eclipse.jetty.io.ChannelEndPoint - Key interests updated 0 -> 1 on SocketChannelEndPoint@53e93a06{l=/127.0.0.1:44051,r=/127.0.0.1:33296,OPEN,fill=FI,flush=-,to=0/30000}{io=1/1,kio=1,kro=1}->SslConnection@5f08a0bf{NEED_UNWRAP,eio=-1/-1,di=-1,fill=INTERESTED,flush=IDLE}~>DecryptedEndPoint@b174bd3{l=/127.0.0.1:44051,r=/127.0.0.1:33296,OPEN,fill=FI,flush=-,to=3/30000}=>HttpConnection@56e98ba[p=HttpParser{s=START,0 of -1},g=HttpGenerator@6ef0215e{s=START}]=>HttpChannelOverHttp@6d40b3e3{s=HttpChannelState@11347af9{s=IDLE rs=BLOCKING os=OPEN is=IDLE awp=false se=false i=true al=0},r=0,c=false/false,a=IDLE,uri=null,age=0}
03:43:12.957 [qtp399373008-62] DEBUG org.eclipse.jetty.io.ManagedSelector - updates 0
03:43:12.957 [qtp399373008-62] DEBUG org.eclipse.jetty.io.ManagedSelector - Selector sun.nio.ch.EPollSelectorImpl@6d031e6b waiting with 2 keys
03:43:12.958 [qtp399373008-62] DEBUG org.eclipse.jetty.io.ManagedSelector - Selector sun.nio.ch.EPollSelectorImpl@6d031e6b woken up from select, 1/1/2 selected
03:43:12.958 [qtp399373008-62] DEBUG org.eclipse.jetty.io.ManagedSelector - Selector sun.nio.ch.EPollSelectorImpl@6d031e6b processing 1 keys, 0 updates
03:43:12.958 [qtp399373008-62] DEBUG org.eclipse.jetty.io.ManagedSelector - selected 1 sun.nio.ch.SelectionKeyImpl@6933ee SocketChannelEndPoint@53e93a06{l=/127.0.0.1:44051,r=/127.0.0.1:33296,OPEN,fill=FI,flush=-,to=3/30000}{io=1/1,kio=1,kro=1}->SslConnection@5f08a0bf{NEED_UNWRAP,eio=-1/-1,di=-1,fill=INTERESTED,flush=IDLE}~>DecryptedEndPoint@b174bd3{l=/127.0.0.1:44051,r=/127.0.0.1:33296,OPEN,fill=FI,flush=-,to=4/30000}=>HttpConnection@56e98ba[p=HttpParser{s=START,0 of -1},g=HttpGenerator@6ef0215e{s=START}]=>HttpChannelOverHttp@6d40b3e3{s=HttpChannelState@11347af9{s=IDLE rs=BLOCKING os=OPEN is=IDLE awp=false se=false i=true al=0},r=0,c=false/false,a=IDLE,uri=null,age=0} 
03:43:12.958 [qtp399373008-62] DEBUG org.eclipse.jetty.io.ChannelEndPoint - onSelected 1->0 r=true w=false for SocketChannelEndPoint@53e93a06{l=/127.0.0.1:44051,r=/127.0.0.1:33296,OPEN,fill=FI,flush=-,to=4/30000}{io=1/0,kio=1,kro=1}->SslConnection@5f08a0bf{NEED_UNWRAP,eio=-1/-1,di=-1,fill=INTERESTED,flush=IDLE}~>DecryptedEndPoint@b174bd3{l=/127.0.0.1:44051,r=/127.0.0.1:33296,OPEN,fill=FI,flush=-,to=4/30000}=>HttpConnection@56e98ba[p=HttpParser{s=START,0 of -1},g=HttpGenerator@6ef0215e{s=START}]=>HttpChannelOverHttp@6d40b3e3{s=HttpChannelState@11347af9{s=IDLE rs=BLOCKING os=OPEN is=IDLE awp=false se=false i=true al=0},r=0,c=false/false,a=IDLE,uri=null,age=0}
03:43:12.958 [qtp399373008-62] DEBUG org.eclipse.jetty.io.ChannelEndPoint - task CEP:SocketChannelEndPoint@53e93a06{l=/127.0.0.1:44051,r=/127.0.0.1:33296,OPEN,fill=FI,flush=-,to=4/30000}{io=1/0,kio=1,kro=1}->SslConnection@5f08a0bf{NEED_UNWRAP,eio=-1/-1,di=-1,fill=INTERESTED,flush=IDLE}~>DecryptedEndPoint@b174bd3{l=/127.0.0.1:44051,r=/127.0.0.1:33296,OPEN,fill=FI,flush=-,to=4/30000}=>HttpConnection@56e98ba[p=HttpParser{s=START,0 of -1},g=HttpGenerator@6ef0215e{s=START}]=>HttpChannelOverHttp@6d40b3e3{s=HttpChannelState@11347af9{s=IDLE rs=BLOCKING os=OPEN is=IDLE awp=false se=false i=true al=0},r=0,c=false/false,a=IDLE,uri=null,age=0}:runFillable:BLOCKING
03:43:12.958 [qtp399373008-62] DEBUG org.eclipse.jetty.util.thread.ReservedThreadExecutor - ReservedThreadExecutor@424fd310{reserved=2/8,pending=0} tryExecute EatWhatYouKill@f478a81/SelectorProducer@19553973/PRODUCING/p=false/QueuedThreadPool[qtp399373008]@17cdf2d0{STARTED,8<=8<=200,i=1,r=-1,q=0}[ReservedThreadExecutor@424fd310{reserved=2/8,pending=0}][pc=0,pic=0,pec=0,epc=4]@2024-05-02T03:43:12.958+01:00
03:43:12.958 [qtp399373008-61] DEBUG org.eclipse.jetty.util.thread.ReservedThreadExecutor - ReservedThread@681717c1{RESERVED,thread=Thread[qtp399373008-61,5,main]} task=EatWhatYouKill@f478a81/SelectorProducer@19553973/IDLE/p=true/QueuedThreadPool[qtp399373008]@17cdf2d0{STARTED,8<=8<=200,i=1,r=-1,q=0}[ReservedThreadExecutor@424fd310{reserved=1/8,pending=0}][pc=0,pic=0,pec=0,epc=4]@2024-05-02T03:43:12.958+01:00 ReservedThreadExecutor@424fd310{reserved=1/8,pending=0}
03:43:12.958 [qtp399373008-62] DEBUG org.eclipse.jetty.util.thread.strategy.EatWhatYouKill - EatWhatYouKill@f478a81/SelectorProducer@19553973/IDLE/p=true/QueuedThreadPool[qtp399373008]@17cdf2d0{STARTED,8<=8<=200,i=1,r=-1,q=0}[ReservedThreadExecutor@424fd310{reserved=1/8,pending=0}][pc=0,pic=0,pec=0,epc=4]@2024-05-02T03:43:12.958+01:00 m=EXECUTE_PRODUCE_CONSUME t=CEP:SocketChannelEndPoint@53e93a06{l=/127.0.0.1:44051,r=/127.0.0.1:33296,OPEN,fill=FI,flush=-,to=4/30000}{io=1/0,kio=1,kro=1}->SslConnection@5f08a0bf{NEED_UNWRAP,eio=-1/-1,di=-1,fill=INTERESTED,flush=IDLE}~>DecryptedEndPoint@b174bd3{l=/127.0.0.1:44051,r=/127.0.0.1:33296,OPEN,fill=FI,flush=-,to=4/30000}=>HttpConnection@56e98ba[p=HttpParser{s=START,0 of -1},g=HttpGenerator@6ef0215e{s=START}]=>HttpChannelOverHttp@6d40b3e3{s=HttpChannelState@11347af9{s=IDLE rs=BLOCKING os=OPEN is=IDLE awp=false se=false i=true al=0},r=0,c=false/false,a=IDLE,uri=null,age=0}:runFillable:BLOCKING/BLOCKING
03:43:12.958 [qtp399373008-61] DEBUG org.eclipse.jetty.util.thread.strategy.EatWhatYouKill - EatWhatYouKill@f478a81/SelectorProducer@19553973/IDLE/p=true/QueuedThreadPool[qtp399373008]@17cdf2d0{STARTED,8<=8<=200,i=1,r=-1,q=0}[ReservedThreadExecutor@424fd310{reserved=1/8,pending=0}][pc=0,pic=0,pec=0,epc=4]@2024-05-02T03:43:12.958+01:00 tryProduce true
03:43:12.958 [qtp399373008-61] DEBUG org.eclipse.jetty.io.ManagedSelector - updateable 0
03:43:12.958 [qtp399373008-61] DEBUG org.eclipse.jetty.io.ManagedSelector - updates 0
03:43:12.958 [qtp399373008-62] DEBUG org.eclipse.jetty.io.FillInterest - fillable FillInterest@3db363dc{SSLC.NBReadCB@5f08a0bf{SslConnection@5f08a0bf::SocketChannelEndPoint@53e93a06{l=/127.0.0.1:44051,r=/127.0.0.1:33296,OPEN,fill=FI,flush=-,to=4/30000}{io=1/0,kio=1,kro=1}->SslConnection@5f08a0bf{NEED_UNWRAP,eio=-1/-1,di=-1,fill=INTERESTED,flush=IDLE}~>DecryptedEndPoint@b174bd3{l=/127.0.0.1:44051,r=/127.0.0.1:33296,OPEN,fill=FI,flush=-,to=4/30000}=>HttpConnection@56e98ba[p=HttpParser{s=START,0 of -1},g=HttpGenerator@6ef0215e{s=START}]=>HttpChannelOverHttp@6d40b3e3{s=HttpChannelState@11347af9{s=IDLE rs=BLOCKING os=OPEN is=IDLE awp=false se=false i=true al=0},r=0,c=false/false,a=IDLE,uri=null,age=0}}}
03:43:12.959 [qtp399373008-61] DEBUG org.eclipse.jetty.io.ChannelEndPoint - Key interests updated 1 -> 0 on SocketChannelEndPoint@53e93a06{l=/127.0.0.1:44051,r=/127.0.0.1:33296,OPEN,fill=FI,flush=-,to=4/30000}{io=0/0,kio=0,kro=1}->SslConnection@5f08a0bf{NEED_UNWRAP,eio=-1/-1,di=-1,fill=INTERESTED,flush=IDLE}~>DecryptedEndPoint@b174bd3{l=/127.0.0.1:44051,r=/127.0.0.1:33296,OPEN,fill=FI,flush=-,to=4/30000}=>HttpConnection@56e98ba[p=HttpParser{s=START,0 of -1},g=HttpGenerator@6ef0215e{s=START}]=>HttpChannelOverHttp@6d40b3e3{s=HttpChannelState@11347af9{s=IDLE rs=BLOCKING os=OPEN is=IDLE awp=false se=false i=true al=0},r=0,c=false/false,a=IDLE,uri=null,age=0}
03:43:12.959 [qtp399373008-62] DEBUG org.eclipse.jetty.io.ssl.SslConnection - >c.onFillable SslConnection@5f08a0bf::SocketChannelEndPoint@53e93a06{l=/127.0.0.1:44051,r=/127.0.0.1:33296,OPEN,fill=-,flush=-,to=4/30000}{io=0/0,kio=0,kro=1}->SslConnection@5f08a0bf{NEED_UNWRAP,eio=-1/-1,di=-1,fill=INTERESTED,flush=IDLE}~>DecryptedEndPoint@b174bd3{l=/127.0.0.1:44051,r=/127.0.0.1:33296,OPEN,fill=FI,flush=-,to=4/30000}=>HttpConnection@56e98ba[p=HttpParser{s=START,0 of -1},g=HttpGenerator@6ef0215e{s=START}]=>HttpChannelOverHttp@6d40b3e3{s=HttpChannelState@11347af9{s=IDLE rs=BLOCKING os=OPEN is=IDLE awp=false se=false i=true al=0},r=0,c=false/false,a=IDLE,uri=null,age=0}
03:43:12.959 [qtp399373008-61] DEBUG org.eclipse.jetty.io.ManagedSelector - Selector sun.nio.ch.EPollSelectorImpl@6d031e6b waiting with 2 keys
03:43:12.959 [qtp399373008-62] DEBUG org.eclipse.jetty.io.ssl.SslConnection - onFillable SslConnection@5f08a0bf::SocketChannelEndPoint@53e93a06{l=/127.0.0.1:44051,r=/127.0.0.1:33296,OPEN,fill=-,flush=-,to=4/30000}{io=0/0,kio=0,kro=1}->SslConnection@5f08a0bf{NEED_UNWRAP,eio=-1/-1,di=-1,fill=INTERESTED,flush=IDLE}~>DecryptedEndPoint@b174bd3{l=/127.0.0.1:44051,r=/127.0.0.1:33296,OPEN,fill=FI,flush=-,to=5/30000}=>HttpConnection@56e98ba[p=HttpParser{s=START,0 of -1},g=HttpGenerator@6ef0215e{s=START}]=>HttpChannelOverHttp@6d40b3e3{s=HttpChannelState@11347af9{s=IDLE rs=BLOCKING os=OPEN is=IDLE awp=false se=false i=true al=0},r=0,c=false/false,a=IDLE,uri=null,age=0}
03:43:12.959 [qtp399373008-62] DEBUG org.eclipse.jetty.io.FillInterest - fillable FillInterest@1faacf72{AC.ReadCB@56e98ba{HttpConnection@56e98ba::DecryptedEndPoint@b174bd3{l=/127.0.0.1:44051,r=/127.0.0.1:33296,OPEN,fill=FI,flush=-,to=5/30000}}}
03:43:12.959 [qtp399373008-62] DEBUG org.eclipse.jetty.server.HttpConnection - HttpConnection@56e98ba::DecryptedEndPoint@b174bd3{l=/127.0.0.1:44051,r=/127.0.0.1:33296,OPEN,fill=-,flush=-,to=5/30000} onFillable enter HttpChannelState@11347af9{s=IDLE rs=BLOCKING os=OPEN is=IDLE awp=false se=false i=true al=0} null
03:43:12.959 [qtp399373008-62] DEBUG org.eclipse.jetty.io.ssl.SslConnection - >fill SslConnection@5f08a0bf::SocketChannelEndPoint@53e93a06{l=/127.0.0.1:44051,r=/127.0.0.1:33296,OPEN,fill=-,flush=-,to=5/30000}{io=0/0,kio=0,kro=1}->SslConnection@5f08a0bf{NEED_UNWRAP,eio=-1/-1,di=-1,fill=IDLE,flush=IDLE}~>DecryptedEndPoint@b174bd3{l=/127.0.0.1:44051,r=/127.0.0.1:33296,OPEN,fill=-,flush=-,to=5/30000}=>HttpConnection@56e98ba[p=HttpParser{s=START,0 of -1},g=HttpGenerator@6ef0215e{s=START}]=>HttpChannelOverHttp@6d40b3e3{s=HttpChannelState@11347af9{s=IDLE rs=BLOCKING os=OPEN is=IDLE awp=false se=false i=true al=0},r=0,c=false/false,a=IDLE,uri=null,age=0}
03:43:12.959 [qtp399373008-62] DEBUG org.eclipse.jetty.io.ssl.SslConnection - fill NEED_UNWRAP
03:43:12.959 [qtp399373008-62] DEBUG org.eclipse.jetty.io.ChannelEndPoint - filled 6 HeapByteBuffer@76afdda5[p=0,l=6,c=17408,r=6]={<<<\x14\x03\x03\x00\x01\x01>>>\xB1\xFd\xFb\xC4\xB5\xC92Wh...\x00\x00\x00\x00\x00\x00\x00}
03:43:12.959 [qtp399373008-62] DEBUG org.eclipse.jetty.io.ssl.SslConnection - net filled=6
03:43:12.959 [qtp399373008-62] DEBUG org.eclipse.jetty.io.ssl.SslConnection - unwrap net_filled=6 Status = OK HandshakeStatus = NEED_UNWRAP bytesConsumed = 6 bytesProduced = 0 encryptedBuffer=[p=6,l=6,c=17408,r=0] unwrapBuffer=HeapByteBuffer@78682cd8[p=0,l=0,c=17408,r=0]={<<<>>>\x16\x03\x03\x01N\x01\x00\x01J...\x00\x00\x00\x00\x00\x00\x00} appBuffer=HeapByteBuffer@78682cd8[p=0,l=0,c=17408,r=0]={<<<>>>\x16\x03\x03\x01N\x01\x00\x01J...\x00\x00\x00\x00\x00\x00\x00}
03:43:12.959 [qtp399373008-62] DEBUG org.eclipse.jetty.io.ssl.SslConnection - fill NEED_UNWRAP
03:43:12.959 [qtp399373008-62] DEBUG org.eclipse.jetty.io.ChannelEndPoint - filled 0 HeapByteBuffer@76afdda5[p=0,l=0,c=17408,r=0]={<<<>>>\x14\x03\x03\x00\x01\x01\xB1\xFd\xFb...\x00\x00\x00\x00\x00\x00\x00}
03:43:12.959 [qtp399373008-62] DEBUG org.eclipse.jetty.io.ssl.SslConnection - net filled=0
03:43:12.959 [qtp399373008-62] DEBUG org.eclipse.jetty.io.ssl.SslConnection - unwrap net_filled=0 Status = BUFFER_UNDERFLOW HandshakeStatus = NEED_UNWRAP bytesConsumed = 0 bytesProduced = 0 encryptedBuffer=[p=0,l=0,c=17408,r=0] unwrapBuffer=HeapByteBuffer@78682cd8[p=0,l=0,c=17408,r=0]={<<<>>>\x16\x03\x03\x01N\x01\x00\x01J...\x00\x00\x00\x00\x00\x00\x00} appBuffer=HeapByteBuffer@78682cd8[p=0,l=0,c=17408,r=0]={<<<>>>\x16\x03\x03\x01N\x01\x00\x01J...\x00\x00\x00\x00\x00\x00\x00}
03:43:12.960 [qtp399373008-62] DEBUG org.eclipse.jetty.io.ssl.SslConnection - <fill f=0 uf=true SslConnection@5f08a0bf::SocketChannelEndPoint@53e93a06{l=/127.0.0.1:44051,r=/127.0.0.1:33296,OPEN,fill=-,flush=-,to=0/30000}{io=0/0,kio=0,kro=1}->SslConnection@5f08a0bf{NEED_UNWRAP,eio=-1/-1,di=-1,fill=IDLE,flush=IDLE}~>DecryptedEndPoint@b174bd3{l=/127.0.0.1:44051,r=/127.0.0.1:33296,OPEN,fill=-,flush=-,to=5/30000}=>HttpConnection@56e98ba[p=HttpParser{s=START,0 of -1},g=HttpGenerator@6ef0215e{s=START}]=>HttpChannelOverHttp@6d40b3e3{s=HttpChannelState@11347af9{s=IDLE rs=BLOCKING os=OPEN is=IDLE awp=false se=false i=true al=0},r=0,c=false/false,a=IDLE,uri=null,age=0}
03:43:12.960 [qtp399373008-62] DEBUG org.eclipse.jetty.io.ssl.SslConnection - >fill SslConnection@5f08a0bf::SocketChannelEndPoint@53e93a06{l=/127.0.0.1:44051,r=/127.0.0.1:33296,OPEN,fill=-,flush=-,to=0/30000}{io=0/0,kio=0,kro=1}->SslConnection@5f08a0bf{NEED_UNWRAP,eio=-1/-1,di=-1,fill=IDLE,flush=IDLE}~>DecryptedEndPoint@b174bd3{l=/127.0.0.1:44051,r=/127.0.0.1:33296,OPEN,fill=-,flush=-,to=6/30000}=>HttpConnection@56e98ba[p=HttpParser{s=START,0 of -1},g=HttpGenerator@6ef0215e{s=START}]=>HttpChannelOverHttp@6d40b3e3{s=HttpChannelState@11347af9{s=IDLE rs=BLOCKING os=OPEN is=IDLE awp=false se=false i=true al=0},r=0,c=false/false,a=IDLE,uri=null,age=0}
03:43:12.960 [qtp399373008-62] DEBUG org.eclipse.jetty.io.ssl.SslConnection - fill NEED_UNWRAP
03:43:12.960 [qtp399373008-62] DEBUG org.eclipse.jetty.io.ChannelEndPoint - filled 0 HeapByteBuffer@729047a8[p=0,l=0,c=17408,r=0]={<<<>>>\x17\x03\x03\x00\xC940K\xE7...\x00\x00\x00\x00\x00\x00\x00}
03:43:12.960 [qtp399373008-62] DEBUG org.eclipse.jetty.io.ssl.SslConnection - net filled=0
03:43:12.960 [qtp399373008-62] DEBUG org.eclipse.jetty.io.ssl.SslConnection - unwrap net_filled=0 Status = BUFFER_UNDERFLOW HandshakeStatus = NEED_UNWRAP bytesConsumed = 0 bytesProduced = 0 encryptedBuffer=[p=0,l=0,c=17408,r=0] unwrapBuffer=HeapByteBuffer@78682cd8[p=0,l=0,c=17408,r=0]={<<<>>>\x16\x03\x03\x01N\x01\x00\x01J...\x00\x00\x00\x00\x00\x00\x00} appBuffer=HeapByteBuffer@78682cd8[p=0,l=0,c=17408,r=0]={<<<>>>\x16\x03\x03\x01N\x01\x00\x01J...\x00\x00\x00\x00\x00\x00\x00}
03:43:12.960 [qtp399373008-62] DEBUG org.eclipse.jetty.io.ssl.SslConnection - <fill f=0 uf=true SslConnection@5f08a0bf::SocketChannelEndPoint@53e93a06{l=/127.0.0.1:44051,r=/127.0.0.1:33296,OPEN,fill=-,flush=-,to=0/30000}{io=0/0,kio=0,kro=1}->SslConnection@5f08a0bf{NEED_UNWRAP,eio=-1/-1,di=-1,fill=IDLE,flush=IDLE}~>DecryptedEndPoint@b174bd3{l=/127.0.0.1:44051,r=/127.0.0.1:33296,OPEN,fill=-,flush=-,to=6/30000}=>HttpConnection@56e98ba[p=HttpParser{s=START,0 of -1},g=HttpGenerator@6ef0215e{s=START}]=>HttpChannelOverHttp@6d40b3e3{s=HttpChannelState@11347af9{s=IDLE rs=BLOCKING os=OPEN is=IDLE awp=false se=false i=true al=0},r=0,c=false/false,a=IDLE,uri=null,age=0}
03:43:12.960 [qtp399373008-62] DEBUG org.eclipse.jetty.server.HttpConnection - HttpConnection@56e98ba::DecryptedEndPoint@b174bd3{l=/127.0.0.1:44051,r=/127.0.0.1:33296,OPEN,fill=-,flush=-,to=6/30000} filled 0 HeapByteBuffer@78682cd8[p=0,l=0,c=17408,r=0]={<<<>>>\x16\x03\x03\x01N\x01\x00\x01J...\x00\x00\x00\x00\x00\x00\x00}
03:43:12.960 [qtp399373008-62] DEBUG org.eclipse.jetty.server.HttpConnection - HttpConnection@56e98ba::DecryptedEndPoint@b174bd3{l=/127.0.0.1:44051,r=/127.0.0.1:33296,OPEN,fill=-,flush=-,to=6/30000} parse HeapByteBuffer@78682cd8[p=0,l=0,c=17408,r=0]={<<<>>>\x16\x03\x03\x01N\x01\x00\x01J...\x00\x00\x00\x00\x00\x00\x00} {}
03:43:12.960 [qtp399373008-62] DEBUG org.eclipse.jetty.http.HttpParser - parseNext s=START HeapByteBuffer@78682cd8[p=0,l=0,c=17408,r=0]={<<<>>>\x16\x03\x03\x01N\x01\x00\x01J...\x00\x00\x00\x00\x00\x00\x00}
03:43:12.960 [qtp399373008-62] DEBUG org.eclipse.jetty.server.HttpConnection - HttpConnection@56e98ba::DecryptedEndPoint@b174bd3{l=/127.0.0.1:44051,r=/127.0.0.1:33296,OPEN,fill=-,flush=-,to=6/30000} parsed false HttpParser{s=START,0 of -1}
03:43:12.960 [qtp399373008-62] DEBUG org.eclipse.jetty.server.HttpConnection - releaseRequestBuffer HttpConnection@56e98ba::DecryptedEndPoint@b174bd3{l=/127.0.0.1:44051,r=/127.0.0.1:33296,OPEN,fill=-,flush=-,to=6/30000}
03:43:12.960 [qtp399373008-62] DEBUG org.eclipse.jetty.io.AbstractConnection - fillInterested HttpConnection@56e98ba::DecryptedEndPoint@b174bd3{l=/127.0.0.1:44051,r=/127.0.0.1:33296,OPEN,fill=-,flush=-,to=6/30000}
03:43:12.960 [qtp399373008-62] DEBUG org.eclipse.jetty.io.FillInterest - interested FillInterest@1faacf72{AC.ReadCB@56e98ba{HttpConnection@56e98ba::DecryptedEndPoint@b174bd3{l=/127.0.0.1:44051,r=/127.0.0.1:33296,OPEN,fill=FI,flush=-,to=0/30000}}}
03:43:12.961 [qtp399373008-62] DEBUG org.eclipse.jetty.io.ssl.SslConnection - >needFillInterest s=IDLE/IDLE uf=true ei=null di=null SslConnection@5f08a0bf::SocketChannelEndPoint@53e93a06{l=/127.0.0.1:44051,r=/127.0.0.1:33296,OPEN,fill=-,flush=-,to=1/30000}{io=0/0,kio=0,kro=1}->SslConnection@5f08a0bf{NEED_UNWRAP,eio=-1/-1,di=-1,fill=IDLE,flush=IDLE}~>DecryptedEndPoint@b174bd3{l=/127.0.0.1:44051,r=/127.0.0.1:33296,OPEN,fill=FI,flush=-,to=0/30000}=>HttpConnection@56e98ba[p=HttpParser{s=START,0 of -1},g=HttpGenerator@6ef0215e{s=START}]=>HttpChannelOverHttp@6d40b3e3{s=HttpChannelState@11347af9{s=IDLE rs=BLOCKING os=OPEN is=IDLE awp=false se=false i=true al=0},r=0,c=false/false,a=IDLE,uri=null,age=0}
03:43:12.961 [qtp399373008-62] DEBUG org.eclipse.jetty.io.ssl.SslConnection - <needFillInterest s=IDLE/INTERESTED f=false i=true w=null
03:43:12.961 [qtp399373008-62] DEBUG org.eclipse.jetty.io.ssl.SslConnection - ensureFillInterested SslConnection@5f08a0bf::SocketChannelEndPoint@53e93a06{l=/127.0.0.1:44051,r=/127.0.0.1:33296,OPEN,fill=-,flush=-,to=1/30000}{io=0/0,kio=0,kro=1}->SslConnection@5f08a0bf{NEED_UNWRAP,eio=-1/-1,di=-1,fill=INTERESTED,flush=IDLE}~>DecryptedEndPoint@b174bd3{l=/127.0.0.1:44051,r=/127.0.0.1:33296,OPEN,fill=FI,flush=-,to=0/30000}=>HttpConnection@56e98ba[p=HttpParser{s=START,0 of -1},g=HttpGenerator@6ef0215e{s=START}]=>HttpChannelOverHttp@6d40b3e3{s=HttpChannelState@11347af9{s=IDLE rs=BLOCKING os=OPEN is=IDLE awp=false se=false i=true al=0},r=0,c=false/false,a=IDLE,uri=null,age=0}
03:43:12.961 [qtp399373008-62] DEBUG org.eclipse.jetty.io.FillInterest - interested FillInterest@3db363dc{SSLC.NBReadCB@5f08a0bf{SslConnection@5f08a0bf::SocketChannelEndPoint@53e93a06{l=/127.0.0.1:44051,r=/127.0.0.1:33296,OPEN,fill=FI,flush=-,to=0/30000}{io=0/0,kio=0,kro=1}->SslConnection@5f08a0bf{NEED_UNWRAP,eio=-1/-1,di=-1,fill=INTERESTED,flush=IDLE}~>DecryptedEndPoint@b174bd3{l=/127.0.0.1:44051,r=/127.0.0.1:33296,OPEN,fill=FI,flush=-,to=0/30000}=>HttpConnection@56e98ba[p=HttpParser{s=START,0 of -1},g=HttpGenerator@6ef0215e{s=START}]=>HttpChannelOverHttp@6d40b3e3{s=HttpChannelState@11347af9{s=IDLE rs=BLOCKING os=OPEN is=IDLE awp=false se=false i=true al=0},r=0,c=false/false,a=IDLE,uri=null,age=0}}}
03:43:12.961 [qtp399373008-62] DEBUG org.eclipse.jetty.io.ChannelEndPoint - changeInterests p=false 0->1 for SocketChannelEndPoint@53e93a06{l=/127.0.0.1:44051,r=/127.0.0.1:33296,OPEN,fill=FI,flush=-,to=0/30000}{io=0/1,kio=0,kro=1}->SslConnection@5f08a0bf{NEED_UNWRAP,eio=-1/-1,di=-1,fill=INTERESTED,flush=IDLE}~>DecryptedEndPoint@b174bd3{l=/127.0.0.1:44051,r=/127.0.0.1:33296,OPEN,fill=FI,flush=-,to=0/30000}=>HttpConnection@56e98ba[p=HttpParser{s=START,0 of -1},g=HttpGenerator@6ef0215e{s=START}]=>HttpChannelOverHttp@6d40b3e3{s=HttpChannelState@11347af9{s=IDLE rs=BLOCKING os=OPEN is=IDLE awp=false se=false i=true al=0},r=0,c=false/false,a=IDLE,uri=null,age=0}
03:43:12.961 [qtp399373008-62] DEBUG org.eclipse.jetty.io.ManagedSelector - Queued change lazy=false org.eclipse.jetty.io.ChannelEndPoint$$Lambda$255/90666987@2724318d on ManagedSelector@7bb6ab3a{STARTED} id=3 keys=2 selected=0 updates=0
03:43:12.961 [qtp399373008-62] DEBUG org.eclipse.jetty.io.ManagedSelector - Wakeup on submit ManagedSelector@7bb6ab3a{STARTED} id=3 keys=2 selected=0 updates=1
03:43:12.961 [qtp399373008-61] DEBUG org.eclipse.jetty.io.ManagedSelector - Selector sun.nio.ch.EPollSelectorImpl@6d031e6b woken with none selected
03:43:12.961 [qtp399373008-61] DEBUG org.eclipse.jetty.io.ManagedSelector - Selector sun.nio.ch.EPollSelectorImpl@6d031e6b woken up from select, 0/0/2 selected
03:43:12.961 [qtp399373008-62] DEBUG org.eclipse.jetty.server.HttpConnection - HttpConnection@56e98ba::DecryptedEndPoint@b174bd3{l=/127.0.0.1:44051,r=/127.0.0.1:33296,OPEN,fill=FI,flush=-,to=0/30000} onFillable exit HttpChannelState@11347af9{s=IDLE rs=BLOCKING os=OPEN is=IDLE awp=false se=false i=true al=0} null
03:43:12.961 [qtp399373008-61] DEBUG org.eclipse.jetty.io.ManagedSelector - Selector sun.nio.ch.EPollSelectorImpl@6d031e6b processing 0 keys, 1 updates
03:43:12.961 [qtp399373008-62] DEBUG org.eclipse.jetty.io.ssl.SslConnection - <c.onFillable SslConnection@5f08a0bf::SocketChannelEndPoint@53e93a06{l=/127.0.0.1:44051,r=/127.0.0.1:33296,OPEN,fill=FI,flush=-,to=0/30000}{io=0/1,kio=0,kro=1}->SslConnection@5f08a0bf{NEED_UNWRAP,eio=-1/-1,di=-1,fill=INTERESTED,flush=IDLE}~>DecryptedEndPoint@b174bd3{l=/127.0.0.1:44051,r=/127.0.0.1:33296,OPEN,fill=FI,flush=-,to=0/30000}=>HttpConnection@56e98ba[p=HttpParser{s=START,0 of -1},g=HttpGenerator@6ef0215e{s=START}]=>HttpChannelOverHttp@6d40b3e3{s=HttpChannelState@11347af9{s=IDLE rs=BLOCKING os=OPEN is=IDLE awp=false se=false i=true al=0},r=0,c=false/false,a=IDLE,uri=null,age=0}
03:43:12.961 [qtp399373008-61] DEBUG org.eclipse.jetty.io.ManagedSelector - updateable 1
03:43:12.961 [qtp399373008-62] DEBUG org.eclipse.jetty.util.thread.ReservedThreadExecutor - ReservedThread@1ba773eb{RUNNING,thread=Thread[qtp399373008-62,5,main]} was=RUNNING next=RESERVED size=0+2 capacity=8
03:43:12.961 [qtp399373008-62] DEBUG org.eclipse.jetty.util.thread.ReservedThreadExecutor - ReservedThread@1ba773eb{RESERVED,thread=Thread[qtp399373008-62,5,main]} waiting ReservedThreadExecutor@424fd310{reserved=2/8,pending=0}
03:43:12.961 [qtp399373008-61] DEBUG org.eclipse.jetty.io.ManagedSelector - update org.eclipse.jetty.io.ChannelEndPoint$$Lambda$255/90666987@2724318d
03:43:12.962 [qtp399373008-61] DEBUG org.eclipse.jetty.io.ChannelEndPoint - Key interests updated 0 -> 1 on SocketChannelEndPoint@53e93a06{l=/127.0.0.1:44051,r=/127.0.0.1:33296,OPEN,fill=FI,flush=-,to=0/30000}{io=1/1,kio=1,kro=1}->SslConnection@5f08a0bf{NEED_UNWRAP,eio=-1/-1,di=-1,fill=INTERESTED,flush=IDLE}~>DecryptedEndPoint@b174bd3{l=/127.0.0.1:44051,r=/127.0.0.1:33296,OPEN,fill=FI,flush=-,to=1/30000}=>HttpConnection@56e98ba[p=HttpParser{s=START,0 of -1},g=HttpGenerator@6ef0215e{s=START}]=>HttpChannelOverHttp@6d40b3e3{s=HttpChannelState@11347af9{s=IDLE rs=BLOCKING os=OPEN is=IDLE awp=false se=false i=true al=0},r=0,c=false/false,a=IDLE,uri=null,age=0}
03:43:12.962 [qtp399373008-61] DEBUG org.eclipse.jetty.io.ManagedSelector - updates 0
03:43:12.962 [qtp399373008-61] DEBUG org.eclipse.jetty.io.ManagedSelector - Selector sun.nio.ch.EPollSelectorImpl@6d031e6b waiting with 2 keys
03:43:13.001 [qtp399373008-61] DEBUG org.eclipse.jetty.io.ManagedSelector - Selector sun.nio.ch.EPollSelectorImpl@6d031e6b woken up from select, 1/1/2 selected
03:43:13.001 [qtp399373008-61] DEBUG org.eclipse.jetty.io.ManagedSelector - Selector sun.nio.ch.EPollSelectorImpl@6d031e6b processing 1 keys, 0 updates
03:43:13.001 [qtp399373008-61] DEBUG org.eclipse.jetty.io.ManagedSelector - selected 1 sun.nio.ch.SelectionKeyImpl@6933ee SocketChannelEndPoint@53e93a06{l=/127.0.0.1:44051,r=/127.0.0.1:33296,OPEN,fill=FI,flush=-,to=40/30000}{io=1/1,kio=1,kro=1}->SslConnection@5f08a0bf{NEED_UNWRAP,eio=-1/-1,di=-1,fill=INTERESTED,flush=IDLE}~>DecryptedEndPoint@b174bd3{l=/127.0.0.1:44051,r=/127.0.0.1:33296,OPEN,fill=FI,flush=-,to=40/30000}=>HttpConnection@56e98ba[p=HttpParser{s=START,0 of -1},g=HttpGenerator@6ef0215e{s=START}]=>HttpChannelOverHttp@6d40b3e3{s=HttpChannelState@11347af9{s=IDLE rs=BLOCKING os=OPEN is=IDLE awp=false se=false i=true al=0},r=0,c=false/false,a=IDLE,uri=null,age=0} 
03:43:13.001 [qtp399373008-61] DEBUG org.eclipse.jetty.io.ChannelEndPoint - onSelected 1->0 r=true w=false for SocketChannelEndPoint@53e93a06{l=/127.0.0.1:44051,r=/127.0.0.1:33296,OPEN,fill=FI,flush=-,to=40/30000}{io=1/0,kio=1,kro=1}->SslConnection@5f08a0bf{NEED_UNWRAP,eio=-1/-1,di=-1,fill=INTERESTED,flush=IDLE}~>DecryptedEndPoint@b174bd3{l=/127.0.0.1:44051,r=/127.0.0.1:33296,OPEN,fill=FI,flush=-,to=40/30000}=>HttpConnection@56e98ba[p=HttpParser{s=START,0 of -1},g=HttpGenerator@6ef0215e{s=START}]=>HttpChannelOverHttp@6d40b3e3{s=HttpChannelState@11347af9{s=IDLE rs=BLOCKING os=OPEN is=IDLE awp=false se=false i=true al=0},r=0,c=false/false,a=IDLE,uri=null,age=0}
03:43:13.001 [qtp399373008-61] DEBUG org.eclipse.jetty.io.ChannelEndPoint - task CEP:SocketChannelEndPoint@53e93a06{l=/127.0.0.1:44051,r=/127.0.0.1:33296,OPEN,fill=FI,flush=-,to=40/30000}{io=1/0,kio=1,kro=1}->SslConnection@5f08a0bf{NEED_UNWRAP,eio=-1/-1,di=-1,fill=INTERESTED,flush=IDLE}~>DecryptedEndPoint@b174bd3{l=/127.0.0.1:44051,r=/127.0.0.1:33296,OPEN,fill=FI,flush=-,to=40/30000}=>HttpConnection@56e98ba[p=HttpParser{s=START,0 of -1},g=HttpGenerator@6ef0215e{s=START}]=>HttpChannelOverHttp@6d40b3e3{s=HttpChannelState@11347af9{s=IDLE rs=BLOCKING os=OPEN is=IDLE awp=false se=false i=true al=0},r=0,c=false/false,a=IDLE,uri=null,age=0}:runFillable:BLOCKING
03:43:13.001 [qtp399373008-61] DEBUG org.eclipse.jetty.util.thread.ReservedThreadExecutor - ReservedThreadExecutor@424fd310{reserved=2/8,pending=0} tryExecute EatWhatYouKill@f478a81/SelectorProducer@19553973/PRODUCING/p=false/QueuedThreadPool[qtp399373008]@17cdf2d0{STARTED,8<=8<=200,i=1,r=-1,q=0}[ReservedThreadExecutor@424fd310{reserved=2/8,pending=0}][pc=0,pic=0,pec=0,epc=5]@2024-05-02T03:43:13.001+01:00
03:43:13.002 [qtp399373008-62] DEBUG org.eclipse.jetty.util.thread.ReservedThreadExecutor - ReservedThread@1ba773eb{RESERVED,thread=Thread[qtp399373008-62,5,main]} task=EatWhatYouKill@f478a81/SelectorProducer@19553973/IDLE/p=true/QueuedThreadPool[qtp399373008]@17cdf2d0{STARTED,8<=8<=200,i=1,r=-1,q=0}[ReservedThreadExecutor@424fd310{reserved=1/8,pending=0}][pc=0,pic=0,pec=0,epc=5]@2024-05-02T03:43:13.002+01:00 ReservedThreadExecutor@424fd310{reserved=1/8,pending=0}
03:43:13.002 [qtp399373008-61] DEBUG org.eclipse.jetty.util.thread.strategy.EatWhatYouKill - EatWhatYouKill@f478a81/SelectorProducer@19553973/IDLE/p=true/QueuedThreadPool[qtp399373008]@17cdf2d0{STARTED,8<=8<=200,i=1,r=-1,q=0}[ReservedThreadExecutor@424fd310{reserved=1/8,pending=0}][pc=0,pic=0,pec=0,epc=5]@2024-05-02T03:43:13.002+01:00 m=EXECUTE_PRODUCE_CONSUME t=CEP:SocketChannelEndPoint@53e93a06{l=/127.0.0.1:44051,r=/127.0.0.1:33296,OPEN,fill=FI,flush=-,to=40/30000}{io=1/0,kio=1,kro=1}->SslConnection@5f08a0bf{NEED_UNWRAP,eio=-1/-1,di=-1,fill=INTERESTED,flush=IDLE}~>DecryptedEndPoint@b174bd3{l=/127.0.0.1:44051,r=/127.0.0.1:33296,OPEN,fill=FI,flush=-,to=41/30000}=>HttpConnection@56e98ba[p=HttpParser{s=START,0 of -1},g=HttpGenerator@6ef0215e{s=START}]=>HttpChannelOverHttp@6d40b3e3{s=HttpChannelState@11347af9{s=IDLE rs=BLOCKING os=OPEN is=IDLE awp=false se=false i=true al=0},r=0,c=false/false,a=IDLE,uri=null,age=0}:runFillable:BLOCKING/BLOCKING
03:43:13.002 [qtp399373008-62] DEBUG org.eclipse.jetty.util.thread.strategy.EatWhatYouKill - EatWhatYouKill@f478a81/SelectorProducer@19553973/IDLE/p=true/QueuedThreadPool[qtp399373008]@17cdf2d0{STARTED,8<=8<=200,i=1,r=-1,q=0}[ReservedThreadExecutor@424fd310{reserved=1/8,pending=0}][pc=0,pic=0,pec=0,epc=5]@2024-05-02T03:43:13.002+01:00 tryProduce true
03:43:13.002 [qtp399373008-62] DEBUG org.eclipse.jetty.io.ManagedSelector - updateable 0
03:43:13.002 [qtp399373008-62] DEBUG org.eclipse.jetty.io.ManagedSelector - updates 0
03:43:13.002 [qtp399373008-61] DEBUG org.eclipse.jetty.io.FillInterest - fillable FillInterest@3db363dc{SSLC.NBReadCB@5f08a0bf{SslConnection@5f08a0bf::SocketChannelEndPoint@53e93a06{l=/127.0.0.1:44051,r=/127.0.0.1:33296,OPEN,fill=FI,flush=-,to=41/30000}{io=1/0,kio=1,kro=1}->SslConnection@5f08a0bf{NEED_UNWRAP,eio=-1/-1,di=-1,fill=INTERESTED,flush=IDLE}~>DecryptedEndPoint@b174bd3{l=/127.0.0.1:44051,r=/127.0.0.1:33296,OPEN,fill=FI,flush=-,to=41/30000}=>HttpConnection@56e98ba[p=HttpParser{s=START,0 of -1},g=HttpGenerator@6ef0215e{s=START}]=>HttpChannelOverHttp@6d40b3e3{s=HttpChannelState@11347af9{s=IDLE rs=BLOCKING os=OPEN is=IDLE awp=false se=false i=true al=0},r=0,c=false/false,a=IDLE,uri=null,age=0}}}
03:43:13.002 [qtp399373008-62] DEBUG org.eclipse.jetty.io.ChannelEndPoint - Key interests updated 1 -> 0 on SocketChannelEndPoint@53e93a06{l=/127.0.0.1:44051,r=/127.0.0.1:33296,OPEN,fill=FI,flush=-,to=41/30000}{io=0/0,kio=0,kro=1}->SslConnection@5f08a0bf{NEED_UNWRAP,eio=-1/-1,di=-1,fill=INTERESTED,flush=IDLE}~>DecryptedEndPoint@b174bd3{l=/127.0.0.1:44051,r=/127.0.0.1:33296,OPEN,fill=FI,flush=-,to=41/30000}=>HttpConnection@56e98ba[p=HttpParser{s=START,0 of -1},g=HttpGenerator@6ef0215e{s=START}]=>HttpChannelOverHttp@6d40b3e3{s=HttpChannelState@11347af9{s=IDLE rs=BLOCKING os=OPEN is=IDLE awp=false se=false i=true al=0},r=0,c=false/false,a=IDLE,uri=null,age=0}
03:43:13.002 [qtp399373008-62] DEBUG org.eclipse.jetty.io.ManagedSelector - Selector sun.nio.ch.EPollSelectorImpl@6d031e6b waiting with 2 keys
03:43:13.002 [qtp399373008-61] DEBUG org.eclipse.jetty.io.ssl.SslConnection - >c.onFillable SslConnection@5f08a0bf::SocketChannelEndPoint@53e93a06{l=/127.0.0.1:44051,r=/127.0.0.1:33296,OPEN,fill=-,flush=-,to=41/30000}{io=0/0,kio=0,kro=1}->SslConnection@5f08a0bf{NEED_UNWRAP,eio=-1/-1,di=-1,fill=INTERESTED,flush=IDLE}~>DecryptedEndPoint@b174bd3{l=/127.0.0.1:44051,r=/127.0.0.1:33296,OPEN,fill=FI,flush=-,to=41/30000}=>HttpConnection@56e98ba[p=HttpParser{s=START,0 of -1},g=HttpGenerator@6ef0215e{s=START}]=>HttpChannelOverHttp@6d40b3e3{s=HttpChannelState@11347af9{s=IDLE rs=BLOCKING os=OPEN is=IDLE awp=false se=false i=true al=0},r=0,c=false/false,a=IDLE,uri=null,age=0}
03:43:13.002 [qtp399373008-61] DEBUG org.eclipse.jetty.io.ssl.SslConnection - onFillable SslConnection@5f08a0bf::SocketChannelEndPoint@53e93a06{l=/127.0.0.1:44051,r=/127.0.0.1:33296,OPEN,fill=-,flush=-,to=41/30000}{io=0/0,kio=0,kro=1}->SslConnection@5f08a0bf{NEED_UNWRAP,eio=-1/-1,di=-1,fill=INTERESTED,flush=IDLE}~>DecryptedEndPoint@b174bd3{l=/127.0.0.1:44051,r=/127.0.0.1:33296,OPEN,fill=FI,flush=-,to=41/30000}=>HttpConnection@56e98ba[p=HttpParser{s=START,0 of -1},g=HttpGenerator@6ef0215e{s=START}]=>HttpChannelOverHttp@6d40b3e3{s=HttpChannelState@11347af9{s=IDLE rs=BLOCKING os=OPEN is=IDLE awp=false se=false i=true al=0},r=0,c=false/false,a=IDLE,uri=null,age=0}
03:43:13.002 [qtp399373008-61] DEBUG org.eclipse.jetty.io.FillInterest - fillable FillInterest@1faacf72{AC.ReadCB@56e98ba{HttpConnection@56e98ba::DecryptedEndPoint@b174bd3{l=/127.0.0.1:44051,r=/127.0.0.1:33296,OPEN,fill=FI,flush=-,to=41/30000}}}
03:43:13.002 [qtp399373008-61] DEBUG org.eclipse.jetty.server.HttpConnection - HttpConnection@56e98ba::DecryptedEndPoint@b174bd3{l=/127.0.0.1:44051,r=/127.0.0.1:33296,OPEN,fill=-,flush=-,to=41/30000} onFillable enter HttpChannelState@11347af9{s=IDLE rs=BLOCKING os=OPEN is=IDLE awp=false se=false i=true al=0} null
03:43:13.002 [qtp399373008-61] DEBUG org.eclipse.jetty.io.ssl.SslConnection - >fill SslConnection@5f08a0bf::SocketChannelEndPoint@53e93a06{l=/127.0.0.1:44051,r=/127.0.0.1:33296,OPEN,fill=-,flush=-,to=41/30000}{io=0/0,kio=0,kro=1}->SslConnection@5f08a0bf{NEED_UNWRAP,eio=-1/-1,di=-1,fill=IDLE,flush=IDLE}~>DecryptedEndPoint@b174bd3{l=/127.0.0.1:44051,r=/127.0.0.1:33296,OPEN,fill=-,flush=-,to=41/30000}=>HttpConnection@56e98ba[p=HttpParser{s=START,0 of -1},g=HttpGenerator@6ef0215e{s=START}]=>HttpChannelOverHttp@6d40b3e3{s=HttpChannelState@11347af9{s=IDLE rs=BLOCKING os=OPEN is=IDLE awp=false se=false i=true al=0},r=0,c=false/false,a=IDLE,uri=null,age=0}
03:43:13.002 [qtp399373008-61] DEBUG org.eclipse.jetty.io.ssl.SslConnection - fill NEED_UNWRAP
03:43:13.003 [qtp399373008-61] DEBUG org.eclipse.jetty.io.ChannelEndPoint - filled 1501 HeapByteBuffer@729047a8[p=0,l=1501,c=17408,r=1501]={<<<\x17\x03\x03\x03\xAdQo\xDf\x06^Og\xF3\xB88>\x07\xBd\xEc\xFb\x8cZ\xFb\xA1\xBc...\xE5\xA9\x00\x93\x13hW\x92\xBdy\xF1\x9b\x93P\x1b)\xBa \x08\x83\xAf\xF0l>>>eO\x12\xF0p\x11\xEd\xFf\xD4...\x00\x00\x00\x00\x00\x00\x00}
03:43:13.003 [qtp399373008-61] DEBUG org.eclipse.jetty.io.ssl.SslConnection - net filled=1501
03:43:13.003 [qtp399373008-61] DEBUG org.eclipse.jetty.io.ssl.SslConnection - unwrap net_filled=1501 Status = OK HandshakeStatus = NEED_TASK bytesConsumed = 946 bytesProduced = 0 encryptedBuffer=[p=946,l=1501,c=17408,r=555] unwrapBuffer=HeapByteBuffer@76afdda5[p=0,l=0,c=17408,r=0]={<<<>>>\x14\x03\x03\x00\x01\x01\xB1\xFd\xFb...\x00\x00\x00\x00\x00\x00\x00} appBuffer=HeapByteBuffer@76afdda5[p=0,l=0,c=17408,r=0]={<<<>>>\x14\x03\x03\x00\x01\x01\xB1\xFd\xFb...\x00\x00\x00\x00\x00\x00\x00}
03:43:13.003 [qtp399373008-61] DEBUG org.eclipse.jetty.io.ssl.SslConnection - fill NEED_TASK
03:43:13.003 [qtp399373008-61] DEBUG org.eclipse.jetty.io.ssl.SslConnection - fill NEED_UNWRAP
03:43:13.003 [qtp399373008-61] DEBUG org.eclipse.jetty.io.ChannelEndPoint - filled 0 HeapByteBuffer@729047a8[p=946,l=1501,c=17408,r=555]={\x17\x03\x03\x03\xAd\x0b\x00\x03\x88...!\xAf\xC96\x14\xAau<<<\x17\x03\x03\x01)\x9c\x9b\xB3\n\xDb\xFb\xEb\xC3c\x8c/\xC6%\xA6\xD4!\x81\x10\x1f\x19...\xE5\xA9\x00\x93\x13hW\x92\xBdy\xF1\x9b\x93P\x1b)\xBa \x08\x83\xAf\xF0l>>>eO\x12\xF0p\x11\xEd\xFf\xD4...\x00\x00\x00\x00\x00\x00\x00}
03:43:13.003 [qtp399373008-61] DEBUG org.eclipse.jetty.io.ssl.SslConnection - net filled=0
03:43:13.003 [qtp399373008-61] DEBUG org.eclipse.jetty.io.ssl.SslConnection - unwrap net_filled=0 Status = OK HandshakeStatus = NEED_TASK bytesConsumed = 302 bytesProduced = 0 encryptedBuffer=[p=1248,l=1501,c=17408,r=253] unwrapBuffer=HeapByteBuffer@76afdda5[p=0,l=0,c=17408,r=0]={<<<>>>\x14\x03\x03\x00\x01\x01\xB1\xFd\xFb...\x00\x00\x00\x00\x00\x00\x00} appBuffer=HeapByteBuffer@76afdda5[p=0,l=0,c=17408,r=0]={<<<>>>\x14\x03\x03\x00\x01\x01\xB1\xFd\xFb...\x00\x00\x00\x00\x00\x00\x00}
03:43:13.003 [qtp399373008-61] DEBUG org.eclipse.jetty.io.ssl.SslConnection - fill NEED_TASK
03:43:13.003 [qtp399373008-61] DEBUG org.eclipse.jetty.io.ssl.SslConnection - fill NEED_UNWRAP
03:43:13.003 [qtp399373008-61] DEBUG org.eclipse.jetty.io.ChannelEndPoint - filled 0 HeapByteBuffer@729047a8[p=1248,l=1501,c=17408,r=253]={\x17\x03\x03\x03\xAd\x0b\x00\x03\x88...\xA1\xA8Fv\xE5\xB9\x96<<<\x17\x03\x03\x00U\x03\xD7\x12\x8f!\xAc\xDd\x95L\xE5\xB3\x8dD\xE9\x19\x88\x01c-\xE1...\xE5\xA9\x00\x93\x13hW\x92\xBdy\xF1\x9b\x93P\x1b)\xBa \x08\x83\xAf\xF0l>>>eO\x12\xF0p\x11\xEd\xFf\xD4...\x00\x00\x00\x00\x00\x00\x00}
03:43:13.003 [qtp399373008-61] DEBUG org.eclipse.jetty.io.ssl.SslConnection - net filled=0
03:43:13.004 [qtp399373008-61] DEBUG org.eclipse.jetty.io.ssl.SslConnection - unwrap net_filled=0 Status = OK HandshakeStatus = NEED_WRAP bytesConsumed = 90 bytesProduced = 0 encryptedBuffer=[p=1338,l=1501,c=17408,r=163] unwrapBuffer=HeapByteBuffer@76afdda5[p=0,l=0,c=17408,r=0]={<<<>>>\x14\x03\x03\x00\x01\x01\xB1\xFd\xFb...\x00\x00\x00\x00\x00\x00\x00} appBuffer=HeapByteBuffer@76afdda5[p=0,l=0,c=17408,r=0]={<<<>>>\x14\x03\x03\x00\x01\x01\xB1\xFd\xFb...\x00\x00\x00\x00\x00\x00\x00}
03:43:13.004 [qtp399373008-61] DEBUG org.eclipse.jetty.io.ssl.SslConnection - fill NEED_WRAP
03:43:13.004 [qtp399373008-61] DEBUG org.eclipse.jetty.io.ssl.SslConnection - >flush SslConnection@5f08a0bf::SocketChannelEndPoint@53e93a06{l=/127.0.0.1:44051,r=/127.0.0.1:33296,OPEN,fill=-,flush=-,to=1/30000}{io=0/0,kio=0,kro=1}->SslConnection@5f08a0bf{NEED_WRAP,eio=163/-1,di=-1,fill=IDLE,flush=IDLE}~>DecryptedEndPoint@b174bd3{l=/127.0.0.1:44051,r=/127.0.0.1:33296,OPEN,fill=-,flush=-,to=43/30000}=>HttpConnection@56e98ba[p=HttpParser{s=START,0 of -1},g=HttpGenerator@6ef0215e{s=START}]=>HttpChannelOverHttp@6d40b3e3{s=HttpChannelState@11347af9{s=IDLE rs=BLOCKING os=OPEN is=IDLE awp=false se=false i=true al=0},r=0,c=false/false,a=IDLE,uri=null,age=0}
03:43:13.004 [qtp399373008-61] DEBUG org.eclipse.jetty.io.ssl.SslConnection - flush b[0]=HeapByteBuffer@1ad43aa3[p=0,l=0,c=0,r=0]={<<<>>>}
03:43:13.004 [qtp399373008-61] DEBUG org.eclipse.jetty.io.ssl.SslConnection - flush NEED_WRAP
03:43:13.004 [qtp399373008-61] DEBUG org.eclipse.jetty.io.ssl.SslConnection - wrap Status = OK HandshakeStatus = FINISHED bytesConsumed = 0 bytesProduced = 88 [p=0,l=88,c=17408,r=88] ioDone=false/false
03:43:13.004 [qtp399373008-61] DEBUG org.eclipse.jetty.io.ChannelEndPoint - flushed 88 SocketChannelEndPoint@53e93a06{l=/127.0.0.1:44051,r=/127.0.0.1:33296,OPEN,fill=-,flush=-,to=1/30000}{io=0/0,kio=0,kro=1}->SslConnection@5f08a0bf{NOT_HANDSHAKING,eio=163/0,di=-1,fill=IDLE,flush=IDLE}~>DecryptedEndPoint@b174bd3{l=/127.0.0.1:44051,r=/127.0.0.1:33296,OPEN,fill=-,flush=-,to=43/30000}=>HttpConnection@56e98ba[p=HttpParser{s=START,0 of -1},g=HttpGenerator@6ef0215e{s=START}]=>HttpChannelOverHttp@6d40b3e3{s=HttpChannelState@11347af9{s=IDLE rs=BLOCKING os=OPEN is=IDLE awp=false se=false i=true al=0},r=0,c=false/false,a=IDLE,uri=null,age=0}
03:43:13.004 [qtp399373008-61] DEBUG org.eclipse.jetty.io.ssl.SslConnection - net flushed=true, ac=true
03:43:13.005 [qtp399373008-61] DEBUG org.eclipse.jetty.io.ssl.SslConnection - handshake succeeded SslConnection@5f08a0bf::SocketChannelEndPoint@53e93a06{l=/127.0.0.1:44051,r=/127.0.0.1:33296,OPEN,fill=-,flush=-,to=0/30000}{io=0/0,kio=0,kro=1}->SslConnection@5f08a0bf{NOT_HANDSHAKING,eio=163/0,di=-1,fill=IDLE,flush=IDLE}~>DecryptedEndPoint@b174bd3{l=/127.0.0.1:44051,r=/127.0.0.1:33296,OPEN,fill=-,flush=-,to=44/30000}=>HttpConnection@56e98ba[p=HttpParser{s=START,0 of -1},g=HttpGenerator@6ef0215e{s=START}]=>HttpChannelOverHttp@6d40b3e3{s=HttpChannelState@11347af9{s=IDLE rs=BLOCKING os=OPEN is=IDLE awp=false se=false i=true al=0},r=0,c=false/false,a=IDLE,uri=null,age=0} resumed server TLSv1.3/TLS_AES_256_GCM_SHA384
03:43:13.005 [qtp399373008-61] DEBUG org.eclipse.jetty.io.ssl.SslConnection - <flush true SslConnection@5f08a0bf::SocketChannelEndPoint@53e93a06{l=/127.0.0.1:44051,r=/127.0.0.1:33296,OPEN,fill=-,flush=-,to=0/30000}{io=0/0,kio=0,kro=1}->SslConnection@5f08a0bf{NOT_HANDSHAKING,eio=163/-1,di=-1,fill=IDLE,flush=IDLE}~>DecryptedEndPoint@b174bd3{l=/127.0.0.1:44051,r=/127.0.0.1:33296,OPEN,fill=-,flush=-,to=44/30000}=>HttpConnection@56e98ba[p=HttpParser{s=START,0 of -1},g=HttpGenerator@6ef0215e{s=START}]=>HttpChannelOverHttp@6d40b3e3{s=HttpChannelState@11347af9{s=IDLE rs=BLOCKING os=OPEN is=IDLE awp=false se=false i=true al=0},r=0,c=false/false,a=IDLE,uri=null,age=0}
03:43:13.005 [qtp399373008-61] DEBUG org.eclipse.jetty.io.ssl.SslConnection - fill NOT_HANDSHAKING
03:43:13.005 [qtp399373008-61] DEBUG org.eclipse.jetty.io.ChannelEndPoint - filled 0 HeapByteBuffer@729047a8[p=1338,l=1501,c=17408,r=163]={\x17\x03\x03\x03\xAd\x0b\x00\x03\x88...H4.\xFf\xF2\xEa#<<<\x17\x03\x03\x00\x9e\xF1\x9aC\xE8s\xF9tx\xA1b\\\xC2\xA3N\xF1\x92\xD9\x1f\xD4\xBf...\xE5\xA9\x00\x93\x13hW\x92\xBdy\xF1\x9b\x93P\x1b)\xBa \x08\x83\xAf\xF0l>>>eO\x12\xF0p\x11\xEd\xFf\xD4...\x00\x00\x00\x00\x00\x00\x00}
03:43:13.005 [qtp399373008-61] DEBUG org.eclipse.jetty.io.ssl.SslConnection - net filled=0
03:43:13.005 [qtp399373008-61] DEBUG org.eclipse.jetty.io.ssl.SslConnection - unwrap net_filled=0 Status = OK HandshakeStatus = NOT_HANDSHAKING bytesConsumed = 163 bytesProduced = 125 encryptedBuffer=[p=1501,l=1501,c=17408,r=0] unwrapBuffer=HeapByteBuffer@76afdda5[p=0,l=125,c=17408,r=125]={<<<GET /config.yml HTTP/1.1\r...gent: okhttp/3.12.3\r\n\r\n>>>\xAa\xF2\x04:\x82\x82@rf...\x00\x00\x00\x00\x00\x00\x00} appBuffer=HeapByteBuffer@76afdda5[p=0,l=125,c=17408,r=125]={<<<GET /config.yml HTTP/1.1\r...gent: okhttp/3.12.3\r\n\r\n>>>\xAa\xF2\x04:\x82\x82@rf...\x00\x00\x00\x00\x00\x00\x00}
03:43:13.005 [qtp399373008-61] DEBUG org.eclipse.jetty.io.ssl.SslConnection - <fill f=125 uf=false SslConnection@5f08a0bf::SocketChannelEndPoint@53e93a06{l=/127.0.0.1:44051,r=/127.0.0.1:33296,OPEN,fill=-,flush=-,to=0/30000}{io=0/0,kio=0,kro=1}->SslConnection@5f08a0bf{NOT_HANDSHAKING,eio=-1/-1,di=-1,fill=IDLE,flush=IDLE}~>DecryptedEndPoint@b174bd3{l=/127.0.0.1:44051,r=/127.0.0.1:33296,OPEN,fill=-,flush=-,to=44/30000}=>HttpConnection@56e98ba[p=HttpParser{s=START,0 of -1},g=HttpGenerator@6ef0215e{s=START}]=>HttpChannelOverHttp@6d40b3e3{s=HttpChannelState@11347af9{s=IDLE rs=BLOCKING os=OPEN is=IDLE awp=false se=false i=true al=0},r=0,c=false/false,a=IDLE,uri=null,age=0}
03:43:13.005 [qtp399373008-61] DEBUG org.eclipse.jetty.server.HttpConnection - HttpConnection@56e98ba::DecryptedEndPoint@b174bd3{l=/127.0.0.1:44051,r=/127.0.0.1:33296,OPEN,fill=-,flush=-,to=44/30000} filled 125 HeapByteBuffer@76afdda5[p=0,l=125,c=17408,r=125]={<<<GET /config.yml HTTP/1.1\r...gent: okhttp/3.12.3\r\n\r\n>>>\xAa\xF2\x04:\x82\x82@rf...\x00\x00\x00\x00\x00\x00\x00}
03:43:13.005 [qtp399373008-61] DEBUG org.eclipse.jetty.server.HttpConnection - HttpConnection@56e98ba::DecryptedEndPoint@b174bd3{l=/127.0.0.1:44051,r=/127.0.0.1:33296,OPEN,fill=-,flush=-,to=44/30000} parse HeapByteBuffer@76afdda5[p=0,l=125,c=17408,r=125]={<<<GET /config.yml HTTP/1.1\r...gent: okhttp/3.12.3\r\n\r\n>>>\xAa\xF2\x04:\x82\x82@rf...\x00\x00\x00\x00\x00\x00\x00} {}
03:43:13.005 [qtp399373008-61] DEBUG org.eclipse.jetty.http.HttpParser - parseNext s=START HeapByteBuffer@76afdda5[p=0,l=125,c=17408,r=125]={<<<GET /config.yml HTTP/1.1\r...gent: okhttp/3.12.3\r\n\r\n>>>\xAa\xF2\x04:\x82\x82@rf...\x00\x00\x00\x00\x00\x00\x00}
03:43:13.005 [qtp399373008-61] DEBUG org.eclipse.jetty.http.HttpParser - START --> SPACE1
03:43:13.005 [qtp399373008-61] DEBUG org.eclipse.jetty.http.HttpParser - SPACE1 --> URI
03:43:13.005 [qtp399373008-61] DEBUG org.eclipse.jetty.http.HttpParser - URI --> SPACE2
03:43:13.005 [qtp399373008-61] DEBUG org.eclipse.jetty.http.HttpParser - SPACE2 --> REQUEST_VERSION
03:43:13.005 [qtp399373008-61] DEBUG org.eclipse.jetty.http.HttpParser - REQUEST_VERSION --> HEADER
03:43:13.005 [qtp399373008-61] DEBUG org.eclipse.jetty.http.HttpParser - HEADER:Host --> VALUE
03:43:13.005 [qtp399373008-61] DEBUG org.eclipse.jetty.http.HttpParser - HEADER:Host --> IN_VALUE
03:43:13.005 [qtp399373008-61] DEBUG org.eclipse.jetty.http.HttpParser - HEADER:Host --> FIELD
03:43:13.005 [qtp399373008-61] DEBUG org.eclipse.jetty.http.HttpParser - HEADER:Connection: keep-alive --> IN_VALUE
03:43:13.005 [qtp399373008-61] DEBUG org.eclipse.jetty.http.HttpParser - HEADER:Connection: keep-alive --> FIELD
03:43:13.005 [qtp399373008-61] DEBUG org.eclipse.jetty.http.HttpParser - HEADER:Accept-Encoding: gzip --> IN_VALUE
03:43:13.005 [qtp399373008-61] DEBUG org.eclipse.jetty.http.HttpParser - HEADER:Accept-Encoding: gzip --> FIELD
03:43:13.005 [qtp399373008-61] DEBUG org.eclipse.jetty.http.HttpParser - HEADER:User-Agent --> VALUE
03:43:13.005 [qtp399373008-61] DEBUG org.eclipse.jetty.http.HttpParser - HEADER:User-Agent --> IN_VALUE
03:43:13.005 [qtp399373008-61] DEBUG org.eclipse.jetty.http.HttpParser - HEADER:User-Agent --> FIELD
03:43:13.005 [qtp399373008-61] DEBUG org.eclipse.jetty.http.HttpParser - HEADER --> CONTENT
03:43:13.005 [qtp399373008-61] DEBUG org.eclipse.jetty.server.HttpChannel - REQUEST for //localhost:44051/config.yml on HttpChannelOverHttp@6d40b3e3{s=HttpChannelState@11347af9{s=IDLE rs=BLOCKING os=OPEN is=IDLE awp=false se=false i=true al=0},r=1,c=false/false,a=IDLE,uri=//localhost:44051/config.yml,age=0}
GET //localhost:44051/config.yml HTTP/1.1
Host: localhost:44051
Connection: keep-alive
Accept-Encoding: gzip
User-Agent: okhttp/3.12.3


03:43:13.005 [qtp399373008-61] DEBUG org.eclipse.jetty.server.HttpConnection - HttpConnection@56e98ba::DecryptedEndPoint@b174bd3{l=/127.0.0.1:44051,r=/127.0.0.1:33296,OPEN,fill=-,flush=-,to=44/30000} parsed true HttpParser{s=CONTENT,0 of -1}
03:43:13.005 [qtp399373008-61] DEBUG org.eclipse.jetty.server.HttpConnection - releaseRequestBuffer HttpConnection@56e98ba::DecryptedEndPoint@b174bd3{l=/127.0.0.1:44051,r=/127.0.0.1:33296,OPEN,fill=-,flush=-,to=44/30000}
03:43:13.005 [qtp399373008-61] DEBUG org.eclipse.jetty.server.HttpChannel - handle //localhost:44051/config.yml HttpChannelOverHttp@6d40b3e3{s=HttpChannelState@11347af9{s=IDLE rs=BLOCKING os=OPEN is=IDLE awp=false se=false i=true al=0},r=1,c=false/false,a=IDLE,uri=//localhost:44051/config.yml,age=0} 
03:43:13.005 [qtp399373008-61] DEBUG org.eclipse.jetty.server.HttpChannelState - handling HttpChannelState@11347af9{s=IDLE rs=BLOCKING os=OPEN is=IDLE awp=false se=false i=true al=0}
03:43:13.005 [qtp399373008-61] DEBUG org.eclipse.jetty.server.HttpChannel - action DISPATCH HttpChannelOverHttp@6d40b3e3{s=HttpChannelState@11347af9{s=HANDLING rs=BLOCKING os=OPEN is=IDLE awp=false se=false i=true al=0},r=1,c=false/false,a=HANDLING,uri=//localhost:44051/config.yml,age=0}
03:43:13.005 [qtp399373008-61] DEBUG org.eclipse.jetty.server.SecureRequestCustomizer - Host localhost with SNI null
03:43:13.006 [qtp399373008-61] DEBUG org.eclipse.jetty.server.Server - REQUEST GET /config.yml on HttpChannelOverHttp@6d40b3e3{s=HttpChannelState@11347af9{s=HANDLING rs=BLOCKING os=OPEN is=IDLE awp=false se=false i=true al=0},r=1,c=false/false,a=HANDLING,uri=https://localhost:44051/config.yml,age=1}
03:43:13.006 [qtp399373008-61] DEBUG org.eclipse.jetty.server.HttpOutput - write(array HeapByteBuffer@f2e5c42[p=0,l=4,c=512,r=4]={<<<path>>>\x00\x00\x00\x00\x00\x00\x00\x00\x00...\x00\x00\x00\x00\x00\x00\x00})
03:43:13.006 [qtp399373008-61] DEBUG org.eclipse.jetty.server.HttpOutput - write(array) s=CLOSING,api=BLOCKED,sc=false,e=null last=true agg=false flush=true async=false, len=4 null
03:43:13.006 [qtp399373008-61] DEBUG org.eclipse.jetty.server.HttpChannel - sendResponse info=null content=HeapByteBuffer@741e16ec[p=0,l=4,c=512,r=4]={<<<path>>>\x00\x00\x00\x00\x00\x00\x00\x00\x00...\x00\x00\x00\x00\x00\x00\x00} complete=true committing=true callback=Blocker@e5dbf8c{null}
03:43:13.006 [qtp399373008-61] DEBUG org.eclipse.jetty.server.HttpChannel - COMMIT for /config.yml on HttpChannelOverHttp@6d40b3e3{s=HttpChannelState@11347af9{s=HANDLING rs=BLOCKING os=COMMITTED is=IDLE awp=false se=false i=true al=0},r=1,c=false/false,a=HANDLING,uri=https://localhost:44051/config.yml,age=1}
200 null HTTP/1.1
Date: Thu, 02 May 2024 02:43:13 GMT
ETag: testEtag
Content-Type: text/plain;charset=utf-8
Content-Length: 4


03:43:13.006 [qtp399373008-61] DEBUG org.eclipse.jetty.server.HttpConnection - generate: NEED_HEADER for SendCallback@47620bea[PROCESSING][i=HTTP/1.1{s=200,h=4,cl=4},cb=org.eclipse.jetty.server.HttpChannel$SendCallback@3a539308] (null,[p=0,l=4,c=512,r=4],true)@START
03:43:13.006 [qtp399373008-61] DEBUG org.eclipse.jetty.http.HttpGenerator - generateHeaders HTTP/1.1{s=200,h=4,cl=4} last=true content=HeapByteBuffer@741e16ec[p=0,l=4,c=512,r=4]={<<<path>>>\x00\x00\x00\x00\x00\x00\x00\x00\x00...\x00\x00\x00\x00\x00\x00\x00}
03:43:13.006 [qtp399373008-61] DEBUG org.eclipse.jetty.http.HttpGenerator - Date: Thu, 02 May 2024 02:43:13 GMT
ETag: testEtag
Content-Type: text/plain;charset=utf-8
Content-Length: 4


03:43:13.006 [qtp399373008-61] DEBUG org.eclipse.jetty.http.HttpGenerator - CONTENT_LENGTH
03:43:13.006 [qtp399373008-61] DEBUG org.eclipse.jetty.server.HttpConnection - generate: FLUSH for SendCallback@47620bea[PROCESSING][i=HTTP/1.1{s=200,h=4,cl=4},cb=org.eclipse.jetty.server.HttpChannel$SendCallback@3a539308] ([p=0,l=164,c=8192,r=164],[p=0,l=4,c=512,r=4],true)@COMPLETING
03:43:13.006 [qtp399373008-61] DEBUG org.eclipse.jetty.io.WriteFlusher - write: WriteFlusher@3e7e4bd8{IDLE}->null [HeapByteBuffer@17352c86[p=0,l=164,c=8192,r=164]={<<<HTTP/1.1 200 OK\r\nDate: Th...y(9.4.44.v20210927)\r\n\r\n>>>\n\r\n\x00\x00\x00\x00\x00\x00...\x00\x00\x00\x00\x00\x00\x00},HeapByteBuffer@741e16ec[p=0,l=4,c=512,r=4]={<<<path>>>\x00\x00\x00\x00\x00\x00\x00\x00\x00...\x00\x00\x00\x00\x00\x00\x00}]
03:43:13.006 [qtp399373008-61] DEBUG org.eclipse.jetty.io.WriteFlusher - update WriteFlusher@3e7e4bd8{WRITING}->null:IDLE-->WRITING
03:43:13.006 [qtp399373008-61] DEBUG org.eclipse.jetty.io.ssl.SslConnection - >flush SslConnection@5f08a0bf::SocketChannelEndPoint@53e93a06{l=/127.0.0.1:44051,r=/127.0.0.1:33296,OPEN,fill=-,flush=-,to=1/30000}{io=0/0,kio=0,kro=1}->SslConnection@5f08a0bf{NOT_HANDSHAKING,eio=-1/-1,di=-1,fill=IDLE,flush=IDLE}~>DecryptedEndPoint@b174bd3{l=/127.0.0.1:44051,r=/127.0.0.1:33296,OPEN,fill=-,flush=W,to=45/30000}=>HttpConnection@56e98ba[p=HttpParser{s=CONTENT,0 of -1},g=HttpGenerator@6ef0215e{s=COMPLETING}]=>HttpChannelOverHttp@6d40b3e3{s=HttpChannelState@11347af9{s=HANDLING rs=BLOCKING os=COMMITTED is=IDLE awp=false se=false i=true al=0},r=1,c=false/false,a=HANDLING,uri=https://localhost:44051/config.yml,age=1}
03:43:13.006 [qtp399373008-61] DEBUG org.eclipse.jetty.io.ssl.SslConnection - flush b[0]=HeapByteBuffer@17352c86[p=0,l=164,c=8192,r=164]={<<<HTTP/1.1 200 OK\r\nDate: Th...y(9.4.44.v20210927)\r\n\r\n>>>\n\r\n\x00\x00\x00\x00\x00\x00...\x00\x00\x00\x00\x00\x00\x00}
03:43:13.006 [qtp399373008-61] DEBUG org.eclipse.jetty.io.ssl.SslConnection - flush b[1]=HeapByteBuffer@741e16ec[p=0,l=4,c=512,r=4]={<<<path>>>\x00\x00\x00\x00\x00\x00\x00\x00\x00...\x00\x00\x00\x00\x00\x00\x00}
03:43:13.006 [qtp399373008-61] DEBUG org.eclipse.jetty.io.ssl.SslConnection - flush NOT_HANDSHAKING
03:43:13.006 [qtp399373008-61] DEBUG org.eclipse.jetty.io.ssl.SslConnection - wrap Status = OK HandshakeStatus = NOT_HANDSHAKING bytesConsumed = 168 bytesProduced = 206 [p=0,l=206,c=17408,r=206] ioDone=false/false
03:43:13.006 [qtp399373008-61] DEBUG org.eclipse.jetty.io.ChannelEndPoint - flushed 206 SocketChannelEndPoint@53e93a06{l=/127.0.0.1:44051,r=/127.0.0.1:33296,OPEN,fill=-,flush=-,to=1/30000}{io=0/0,kio=0,kro=1}->SslConnection@5f08a0bf{NOT_HANDSHAKING,eio=-1/0,di=-1,fill=IDLE,flush=IDLE}~>DecryptedEndPoint@b174bd3{l=/127.0.0.1:44051,r=/127.0.0.1:33296,OPEN,fill=-,flush=W,to=45/30000}=>HttpConnection@56e98ba[p=HttpParser{s=CONTENT,0 of -1},g=HttpGenerator@6ef0215e{s=COMPLETING}]=>HttpChannelOverHttp@6d40b3e3{s=HttpChannelState@11347af9{s=HANDLING rs=BLOCKING os=COMMITTED is=IDLE awp=false se=false i=true al=0},r=1,c=false/false,a=HANDLING,uri=https://localhost:44051/config.yml,age=1}
03:43:13.006 [qtp399373008-61] DEBUG org.eclipse.jetty.io.ssl.SslConnection - net flushed=true, ac=true
03:43:13.006 [qtp399373008-61] DEBUG org.eclipse.jetty.io.ssl.SslConnection - <flush true SslConnection@5f08a0bf::SocketChannelEndPoint@53e93a06{l=/127.0.0.1:44051,r=/127.0.0.1:33296,OPEN,fill=-,flush=-,to=0/30000}{io=0/0,kio=0,kro=1}->SslConnection@5f08a0bf{NOT_HANDSHAKING,eio=-1/-1,di=-1,fill=IDLE,flush=IDLE}~>DecryptedEndPoint@b174bd3{l=/127.0.0.1:44051,r=/127.0.0.1:33296,OPEN,fill=-,flush=W,to=45/30000}=>HttpConnection@56e98ba[p=HttpParser{s=CONTENT,0 of -1},g=HttpGenerator@6ef0215e{s=COMPLETING}]=>HttpChannelOverHttp@6d40b3e3{s=HttpChannelState@11347af9{s=HANDLING rs=BLOCKING os=COMMITTED is=IDLE awp=false se=false i=true al=0},r=1,c=false/false,a=HANDLING,uri=https://localhost:44051/config.yml,age=1}
03:43:13.006 [qtp399373008-61] DEBUG org.eclipse.jetty.io.WriteFlusher - Flushed=true written=168 remaining=0 WriteFlusher@3e7e4bd8{WRITING}->null
03:43:13.006 [qtp399373008-61] DEBUG org.eclipse.jetty.io.WriteFlusher - update WriteFlusher@3e7e4bd8{IDLE}->null:WRITING-->IDLE
03:43:13.006 [main] DEBUG org.apache.nifi.minifi.bootstrap.configuration.ingestors.PullHttpChangeIngestor - Response received: Response{protocol=http/1.1, code=200, message=OK, url=https://localhost:44051/config.yml}
03:43:13.006 [qtp399373008-61] DEBUG org.eclipse.jetty.server.HttpConnection - generate: DONE for SendCallback@47620bea[PROCESSING][i=HTTP/1.1{s=200,h=4,cl=4},cb=org.eclipse.jetty.server.HttpChannel$SendCallback@3a539308] ([p=164,l=164,c=8192,r=0],[p=4,l=4,c=512,r=0],true)@END
03:43:13.007 [qtp399373008-61] DEBUG org.eclipse.jetty.server.HttpOutput - onWriteComplete(true,null) s=CLOSING,api=BLOCKED,sc=false,e=null->s=CLOSED,api=BLOCKING,sc=false,e=null c=null cb=null w=false
03:43:13.007 [qtp399373008-61] DEBUG org.eclipse.jetty.server.HttpOutput - close() s=CLOSED,api=BLOCKING,sc=false,e=null c=null b=null
03:43:13.007 [qtp399373008-61] DEBUG org.eclipse.jetty.server.Server - handled=true async=false committed=true on HttpChannelOverHttp@6d40b3e3{s=HttpChannelState@11347af9{s=HANDLING rs=BLOCKING os=COMPLETED is=IDLE awp=false se=false i=true al=0},r=1,c=false/true,a=HANDLING,uri=https://localhost:44051/config.yml,age=2}
03:43:13.007 [main] DEBUG org.apache.nifi.minifi.bootstrap.configuration.ingestors.PullHttpChangeIngestor - Pulled config same as currently running.
03:43:13.007 [qtp399373008-61] DEBUG org.eclipse.jetty.server.HttpChannelState - unhandle HttpChannelState@11347af9{s=HANDLING rs=BLOCKING os=COMPLETED is=IDLE awp=false se=false i=true al=0}
03:43:13.007 [qtp399373008-61] DEBUG org.eclipse.jetty.server.HttpChannelState - nextAction(false) COMPLETE HttpChannelState@11347af9{s=HANDLING rs=COMPLETING os=COMPLETED is=IDLE awp=false se=false i=false al=0}
03:43:13.007 [qtp399373008-61] DEBUG org.eclipse.jetty.server.HttpChannel - action COMPLETE HttpChannelOverHttp@6d40b3e3{s=HttpChannelState@11347af9{s=HANDLING rs=COMPLETING os=COMPLETED is=IDLE awp=false se=false i=false al=0},r=1,c=false/true,a=HANDLING,uri=https://localhost:44051/config.yml,age=2}
03:43:13.007 [qtp399373008-61] DEBUG org.eclipse.jetty.server.HttpOutput - complete(org.eclipse.jetty.util.Callback$3@5d3c2244) s=CLOSED,api=BLOCKING,sc=false,e=null s=true e=null, c=null
03:43:13.007 [qtp399373008-61] DEBUG org.eclipse.jetty.server.HttpChannelState - completed HttpChannelState@11347af9{s=HANDLING rs=COMPLETING os=COMPLETED is=IDLE awp=false se=false i=false al=0}
03:43:13.007 [qtp399373008-61] DEBUG org.eclipse.jetty.server.HttpChannelState - unhandle HttpChannelState@11347af9{s=HANDLING rs=COMPLETED os=COMPLETED is=IDLE awp=false se=false i=false al=0}
03:43:13.007 [qtp399373008-61] DEBUG org.eclipse.jetty.server.HttpChannelState - nextAction(false) TERMINATED HttpChannelState@11347af9{s=IDLE rs=COMPLETED os=COMPLETED is=IDLE awp=false se=false i=false al=0}
03:43:13.007 [qtp399373008-61] DEBUG org.eclipse.jetty.server.HttpChannel - action TERMINATED HttpChannelOverHttp@6d40b3e3{s=HttpChannelState@11347af9{s=IDLE rs=COMPLETED os=COMPLETED is=IDLE awp=false se=false i=false al=0},r=1,c=true/true,a=IDLE,uri=https://localhost:44051/config.yml,age=2}
03:43:13.007 [qtp399373008-61] DEBUG org.eclipse.jetty.server.HttpChannel - onCompleted for /config.yml written=4
]]></system-out>
  </testcase>
</testsuite>