<?xml version="1.0" encoding="UTF-8"?>
<testsuite xmlns:xsi="http://www.w3.org/2001/XMLSchema-instance" xsi:noNamespaceSchemaLocation="https://maven.apache.org/surefire/maven-surefire-plugin/xsd/surefire-test-report-3.0.xsd" version="3.0" name="org.apache.nifi.processors.standard.CryptographicHashAttributeTest" time="0.201" tests="6" errors="0" skipped="0" failures="0">
  <properties>
    <property name="sun.desktop" value="gnome"/>
    <property name="awt.toolkit" value="sun.awt.X11.XToolkit"/>
    <property name="file.encoding.pkg" value="sun.io"/>
    <property name="java.specification.version" value="1.8"/>
    <property name="sun.cpu.isalist" value=""/>
    <property name="sun.jnu.encoding" value="UTF-8"/>
    <property name="java.class.path" value="/home/alex/Repositories/nifi/nifi-nar-bundles/nifi-standard-bundle/nifi-standard-processors/target/test-classes:/home/alex/Repositories/nifi/nifi-nar-bundles/nifi-standard-bundle/nifi-standard-processors/target/classes:/home/alex/.m2/repository/org/apache/ftpserver/ftpserver-core/1.1.1/ftpserver-core-1.1.1.jar:/home/alex/.m2/repository/org/apache/ftpserver/ftplet-api/1.1.1/ftplet-api-1.1.1.jar:/home/alex/.m2/repository/org/slf4j/slf4j-api/1.7.32/slf4j-api-1.7.32.jar:/home/alex/.m2/repository/org/apache/mina/mina-core/2.0.16/mina-core-2.0.16.jar:/home/alex/Repositories/nifi/nifi-api/target/classes:/home/alex/Repositories/nifi/nifi-commons/nifi-expression-language/target/classes:/home/alex/.m2/repository/org/antlr/antlr-runtime/3.5.2/antlr-runtime-3.5.2.jar:/home/alex/Repositories/nifi/nifi-commons/nifi-parameter/target/classes:/home/alex/Repositories/nifi/nifi-commons/nifi-uuid5/target/classes:/home/alex/.m2/repository/org/apache/commons/commons-text/1.8/commons-text-1.8.jar:/home/alex/Repositories/nifi/nifi-nar-bundles/nifi-extension-utils/nifi-processor-utils/target/classes:/home/alex/Repositories/nifi/nifi-commons/nifi-security-socket-ssl/target/classes:/home/alex/Repositories/nifi/nifi-nar-bundles/nifi-extension-utils/nifi-event-transport/target/classes:/home/alex/.m2/repository/io/netty/netty-handler/4.1.69.Final/netty-handler-4.1.69.Final.jar:/home/alex/.m2/repository/io/netty/netty-common/4.1.69.Final/netty-common-4.1.69.Final.jar:/home/alex/.m2/repository/io/netty/netty-resolver/4.1.69.Final/netty-resolver-4.1.69.Final.jar:/home/alex/.m2/repository/io/netty/netty-transport/4.1.69.Final/netty-transport-4.1.69.Final.jar:/home/alex/.m2/repository/io/netty/netty-codec/4.1.69.Final/netty-codec-4.1.69.Final.jar:/home/alex/Repositories/nifi/nifi-nar-bundles/nifi-extension-utils/nifi-syslog-utils/target/classes:/home/alex/.m2/repository/com/github/palindromicity/simple-syslog-5424/0.0.16/simple-syslog-5424-0.0.16.jar:/home/alex/.m2/repository/org/antlr/antlr4-runtime/4.7.2/antlr4-runtime-4.7.2.jar:/home/alex/Repositories/nifi/nifi-commons/nifi-utils/target/classes:/home/alex/Repositories/nifi/nifi-commons/nifi-record-path/target/classes:/home/alex/Repositories/nifi/nifi-commons/nifi-properties/target/classes:/home/alex/Repositories/nifi/nifi-commons/nifi-property-utils/target/classes:/home/alex/.m2/repository/com/github/ben-manes/caffeine/caffeine/2.8.1/caffeine-2.8.1.jar:/home/alex/Repositories/nifi/nifi-nar-bundles/nifi-standard-services/nifi-ssl-context-service-api/target/classes:/home/alex/Repositories/nifi/nifi-commons/nifi-security-utils-api/target/classes:/home/alex/Repositories/nifi/nifi-nar-bundles/nifi-standard-services/nifi-lookup-service-api/target/classes:/home/alex/Repositories/nifi/nifi-commons/nifi-flowfile-packager/target/classes:/home/alex/Repositories/nifi/nifi-nar-bundles/nifi-standard-services/nifi-distributed-cache-client-service-api/target/classes:/home/alex/Repositories/nifi/nifi-nar-bundles/nifi-standard-services/nifi-http-context-map-api/target/classes:/home/alex/Repositories/nifi/nifi-nar-bundles/nifi-standard-services/nifi-record-serialization-service-api/target/classes:/home/alex/Repositories/nifi/nifi-nar-bundles/nifi-standard-services/nifi-proxy-configuration-api/target/classes:/home/alex/Repositories/nifi/nifi-commons/nifi-record/target/classes:/home/alex/Repositories/nifi/nifi-nar-bundles/nifi-standard-services/nifi-record-sink-api/target/classes:/home/alex/.m2/repository/commons-io/commons-io/2.10.0/commons-io-2.10.0.jar:/home/alex/.m2/repository/javax/ws/rs/javax.ws.rs-api/2.1/javax.ws.rs-api-2.1.jar:/home/alex/.m2/repository/commons-net/commons-net/3.6/commons-net-3.6.jar:/home/alex/.m2/repository/org/apache/commons/commons-compress/1.21/commons-compress-1.21.jar:/home/alex/.m2/repository/org/apache/commons/commons-lang3/3.9/commons-lang3-3.9.jar:/home/alex/.m2/repository/org/bouncycastle/bcprov-jdk15on/1.69/bcprov-jdk15on-1.69.jar:/home/alex/.m2/repository/org/bouncycastle/bcpg-jdk15on/1.69/bcpg-jdk15on-1.69.jar:/home/alex/.m2/repository/org/bouncycastle/bcpkix-jdk15on/1.69/bcpkix-jdk15on-1.69.jar:/home/alex/.m2/repository/org/bouncycastle/bcutil-jdk15on/1.69/bcutil-jdk15on-1.69.jar:/home/alex/.m2/repository/commons-codec/commons-codec/1.14/commons-codec-1.14.jar:/home/alex/Repositories/nifi/nifi-commons/nifi-security-utils/target/classes:/home/alex/Repositories/nifi/nifi-commons/nifi-security-kms/target/classes:/home/alex/.m2/repository/org/apache/commons/commons-configuration2/2.7/commons-configuration2-2.7.jar:/home/alex/.m2/repository/com/hierynomus/sshj/0.32.0/sshj-0.32.0.jar:/home/alex/.m2/repository/com/jcraft/jzlib/1.1.3/jzlib-1.1.3.jar:/home/alex/.m2/repository/com/hierynomus/asn-one/0.6.0/asn-one-0.6.0.jar:/home/alex/.m2/repository/net/i2p/crypto/eddsa/0.3.0/eddsa-0.3.0.jar:/home/alex/.m2/repository/org/eclipse/jetty/jetty-server/9.4.44.v20210927/jetty-server-9.4.44.v20210927.jar:/home/alex/.m2/repository/javax/servlet/javax.servlet-api/3.1.0/javax.servlet-api-3.1.0.jar:/home/alex/.m2/repository/org/eclipse/jetty/jetty-http/9.4.44.v20210927/jetty-http-9.4.44.v20210927.jar:/home/alex/.m2/repository/org/eclipse/jetty/jetty-util/9.4.44.v20210927/jetty-util-9.4.44.v20210927.jar:/home/alex/.m2/repository/org/eclipse/jetty/jetty-io/9.4.44.v20210927/jetty-io-9.4.44.v20210927.jar:/home/alex/.m2/repository/org/eclipse/jetty/jetty-servlet/9.4.44.v20210927/jetty-servlet-9.4.44.v20210927.jar:/home/alex/.m2/repository/org/eclipse/jetty/jetty-security/9.4.44.v20210927/jetty-security-9.4.44.v20210927.jar:/home/alex/.m2/repository/org/eclipse/jetty/jetty-util-ajax/9.4.44.v20210927/jetty-util-ajax-9.4.44.v20210927.jar:/home/alex/.m2/repository/org/apache/httpcomponents/httpclient/4.5.5/httpclient-4.5.5.jar:/home/alex/.m2/repository/commons-logging/commons-logging/1.2/commons-logging-1.2.jar:/home/alex/.m2/repository/org/apache/httpcomponents/httpcore/4.4.9/httpcore-4.4.9.jar:/home/alex/.m2/repository/jakarta/activation/jakarta.activation-api/2.0.1/jakarta.activation-api-2.0.1.jar:/home/alex/.m2/repository/com/sun/activation/jakarta.activation/2.0.1/jakarta.activation-2.0.1.jar:/home/alex/.m2/repository/jakarta/mail/jakarta.mail-api/2.0.1/jakarta.mail-api-2.0.1.jar:/home/alex/.m2/repository/com/sun/mail/jakarta.mail/2.0.1/jakarta.mail-2.0.1.jar:/home/alex/.m2/repository/com/github/jponge/lzma-java/1.3/lzma-java-1.3.jar:/home/alex/.m2/repository/org/tukaani/xz/1.8/xz-1.8.jar:/home/alex/.m2/repository/net/sf/saxon/Saxon-HE/10.6/Saxon-HE-10.6.jar:/home/alex/Repositories/nifi/nifi-commons/nifi-socket-utils/target/classes:/home/alex/Repositories/nifi/nifi-commons/nifi-logging-utils/target/classes:/home/alex/Repositories/nifi/nifi-nar-bundles/nifi-standard-services/nifi-load-distribution-service-api/target/classes:/home/alex/.m2/repository/javax/jms/javax.jms-api/2.0.1/javax.jms-api-2.0.1.jar:/home/alex/.m2/repository/org/apache/activemq/activemq-client/5.15.15/activemq-client-5.15.15.jar:/home/alex/.m2/repository/org/apache/geronimo/specs/geronimo-jms_1.1_spec/1.1.1/geronimo-jms_1.1_spec-1.1.1.jar:/home/alex/.m2/repository/org/fusesource/hawtbuf/hawtbuf/1.11/hawtbuf-1.11.jar:/home/alex/.m2/repository/org/apache/geronimo/specs/geronimo-j2ee-management_1.1_spec/1.0.1/geronimo-j2ee-management_1.1_spec-1.0.1.jar:/home/alex/.m2/repository/com/jayway/jsonpath/json-path/2.6.0/json-path-2.6.0.jar:/home/alex/.m2/repository/net/minidev/json-smart/2.4.7/json-smart-2.4.7.jar:/home/alex/.m2/repository/net/minidev/accessors-smart/2.4.7/accessors-smart-2.4.7.jar:/home/alex/.m2/repository/org/ow2/asm/asm/9.1/asm-9.1.jar:/home/alex/.m2/repository/org/apache/tika/tika-core/1.26/tika-core-1.26.jar:/home/alex/.m2/repository/com/fasterxml/jackson/core/jackson-databind/2.12.3/jackson-databind-2.12.3.jar:/home/alex/.m2/repository/com/fasterxml/jackson/core/jackson-annotations/2.12.3/jackson-annotations-2.12.3.jar:/home/alex/.m2/repository/com/fasterxml/jackson/core/jackson-core/2.12.3/jackson-core-2.12.3.jar:/home/alex/Repositories/nifi/nifi-nar-bundles/nifi-extension-utils/nifi-record-utils/nifi-avro-record-utils/target/classes:/home/alex/Repositories/nifi/nifi-nar-bundles/nifi-extension-utils/nifi-record-utils/nifi-standard-record-utils/target/classes:/home/alex/.m2/repository/org/apache/avro/avro/1.8.1/avro-1.8.1.jar:/home/alex/.m2/repository/org/codehaus/jackson/jackson-core-asl/1.9.13/jackson-core-asl-1.9.13.jar:/home/alex/.m2/repository/org/codehaus/jackson/jackson-mapper-asl/1.9.13/jackson-mapper-asl-1.9.13.jar:/home/alex/.m2/repository/com/thoughtworks/paranamer/paranamer/2.7/paranamer-2.7.jar:/home/alex/Repositories/nifi/nifi-nar-bundles/nifi-standard-services/nifi-dbcp-service-api/target/classes:/home/alex/.m2/repository/com/squareup/okhttp3/okhttp/4.9.2/okhttp-4.9.2.jar:/home/alex/.m2/repository/com/squareup/okio/okio/2.8.0/okio-2.8.0.jar:/home/alex/.m2/repository/org/jetbrains/kotlin/kotlin-stdlib-common/1.4.0/kotlin-stdlib-common-1.4.0.jar:/home/alex/.m2/repository/org/jetbrains/kotlin/kotlin-stdlib/1.4.10/kotlin-stdlib-1.4.10.jar:/home/alex/.m2/repository/org/jetbrains/annotations/13.0/annotations-13.0.jar:/home/alex/.m2/repository/io/github/rburgst/okhttp-digest/2.5/okhttp-digest-2.5.jar:/home/alex/.m2/repository/at/favre/lib/bcrypt/0.9.0/bcrypt-0.9.0.jar:/home/alex/.m2/repository/at/favre/lib/bytes/1.3.0/bytes-1.3.0.jar:/home/alex/.m2/repository/com/google/guava/guava/28.0-jre/guava-28.0-jre.jar:/home/alex/.m2/repository/com/google/guava/failureaccess/1.0.1/failureaccess-1.0.1.jar:/home/alex/.m2/repository/com/google/guava/listenablefuture/9999.0-empty-to-avoid-conflict-with-guava/listenablefuture-9999.0-empty-to-avoid-conflict-with-guava.jar:/home/alex/.m2/repository/com/google/code/findbugs/jsr305/3.0.2/jsr305-3.0.2.jar:/home/alex/.m2/repository/org/checkerframework/checker-qual/2.8.1/checker-qual-2.8.1.jar:/home/alex/.m2/repository/com/google/errorprone/error_prone_annotations/2.3.2/error_prone_annotations-2.3.2.jar:/home/alex/.m2/repository/com/google/j2objc/j2objc-annotations/1.3/j2objc-annotations-1.3.jar:/home/alex/.m2/repository/org/codehaus/mojo/animal-sniffer-annotations/1.17/animal-sniffer-annotations-1.17.jar:/home/alex/Repositories/nifi/nifi-mock/target/classes:/home/alex/Repositories/nifi/nifi-framework-api/target/classes:/home/alex/Repositories/nifi/nifi-nar-bundles/nifi-framework-bundle/nifi-framework/nifi-framework-core-api/target/classes:/home/alex/Repositories/nifi/nifi-nar-bundles/nifi-framework-bundle/nifi-framework/nifi-framework-nar-utils/target/classes:/home/alex/Repositories/nifi/nifi-nar-bundles/nifi-framework-bundle/nifi-framework/nifi-client-dto/target/classes:/home/alex/.m2/repository/io/swagger/swagger-annotations/1.6.0/swagger-annotations-1.6.0.jar:/home/alex/Repositories/nifi/nifi-commons/nifi-site-to-site-client/target/classes:/home/alex/.m2/repository/org/apache/httpcomponents/httpasyncclient/4.1.4/httpasyncclient-4.1.4.jar:/home/alex/.m2/repository/org/apache/httpcomponents/httpcore-nio/4.4.10/httpcore-nio-4.4.10.jar:/home/alex/Repositories/nifi/nifi-nar-bundles/nifi-framework-bundle/nifi-framework/nifi-framework-authorization/target/classes:/home/alex/Repositories/nifi/nifi-registry/nifi-registry-core/nifi-registry-data-model/target/classes:/home/alex/Repositories/nifi/nifi-registry/nifi-registry-core/nifi-registry-revision/nifi-registry-revision-entity-model/target/classes:/home/alex/Repositories/nifi/nifi-registry/nifi-registry-core/nifi-registry-client/target/classes:/home/alex/Repositories/nifi/nifi-registry/nifi-registry-core/nifi-registry-security-utils/target/classes:/home/alex/.m2/repository/org/glassfish/jersey/core/jersey-client/2.33/jersey-client-2.33.jar:/home/alex/.m2/repository/jakarta/ws/rs/jakarta.ws.rs-api/2.1.6/jakarta.ws.rs-api-2.1.6.jar:/home/alex/.m2/repository/org/glassfish/hk2/external/jakarta.inject/2.6.1/jakarta.inject-2.6.1.jar:/home/alex/.m2/repository/org/glassfish/jersey/media/jersey-media-json-jackson/2.33/jersey-media-json-jackson-2.33.jar:/home/alex/.m2/repository/org/glassfish/jersey/ext/jersey-entity-filtering/2.33/jersey-entity-filtering-2.33.jar:/home/alex/.m2/repository/org/glassfish/jersey/inject/jersey-hk2/2.33/jersey-hk2-2.33.jar:/home/alex/.m2/repository/org/glassfish/hk2/hk2-locator/2.6.1/hk2-locator-2.6.1.jar:/home/alex/.m2/repository/org/glassfish/hk2/external/aopalliance-repackaged/2.6.1/aopalliance-repackaged-2.6.1.jar:/home/alex/.m2/repository/org/glassfish/hk2/hk2-api/2.6.1/hk2-api-2.6.1.jar:/home/alex/.m2/repository/org/glassfish/hk2/hk2-utils/2.6.1/hk2-utils-2.6.1.jar:/home/alex/.m2/repository/org/javassist/javassist/3.25.0-GA/javassist-3.25.0-GA.jar:/home/alex/.m2/repository/org/glassfish/jersey/core/jersey-common/2.33/jersey-common-2.33.jar:/home/alex/.m2/repository/jakarta/annotation/jakarta.annotation-api/1.3.5/jakarta.annotation-api-1.3.5.jar:/home/alex/.m2/repository/org/glassfish/hk2/osgi-resource-locator/1.0.3/osgi-resource-locator-1.0.3.jar:/home/alex/.m2/repository/org/glassfish/jersey/media/jersey-media-multipart/2.33/jersey-media-multipart-2.33.jar:/home/alex/.m2/repository/org/jvnet/mimepull/mimepull/1.9.13/mimepull-1.9.13.jar:/home/alex/Repositories/nifi/nifi-commons/nifi-data-provenance-utils/target/classes:/home/alex/Repositories/nifi/nifi-nar-bundles/nifi-standard-services/nifi-distributed-cache-services-bundle/nifi-distributed-cache-client-service/target/classes:/home/alex/Repositories/nifi/nifi-nar-bundles/nifi-standard-services/nifi-distributed-cache-services-bundle/nifi-distributed-cache-protocol/target/classes:/home/alex/.m2/repository/io/netty/netty-buffer/4.1.69.Final/netty-buffer-4.1.69.Final.jar:/home/alex/.m2/repository/com/google/http-client/google-http-client/1.28.0/google-http-client-1.28.0.jar:/home/alex/.m2/repository/io/opencensus/opencensus-api/0.18.0/opencensus-api-0.18.0.jar:/home/alex/.m2/repository/io/grpc/grpc-context/1.14.0/grpc-context-1.14.0.jar:/home/alex/.m2/repository/io/opencensus/opencensus-contrib-http-util/0.18.0/opencensus-contrib-http-util-0.18.0.jar:/home/alex/.m2/repository/org/apache/activemq/activemq-broker/5.15.14/activemq-broker-5.15.14.jar:/home/alex/.m2/repository/org/apache/activemq/activemq-openwire-legacy/5.15.14/activemq-openwire-legacy-5.15.14.jar:/home/alex/Repositories/nifi/nifi-nar-bundles/nifi-standard-services/nifi-ssl-context-bundle/nifi-ssl-context-service/target/classes:/home/alex/Repositories/nifi/nifi-nar-bundles/nifi-framework-bundle/nifi-framework/nifi-standard-prioritizers/target/classes:/home/alex/Repositories/nifi/nifi-nar-bundles/nifi-extension-utils/nifi-record-utils/nifi-mock-record-utils/target/classes:/home/alex/Repositories/nifi/nifi-nar-bundles/nifi-standard-services/nifi-record-serialization-services-bundle/nifi-record-serialization-services/target/classes:/home/alex/.m2/repository/org/apache/commons/commons-csv/1.8/commons-csv-1.8.jar:/home/alex/.m2/repository/com/fasterxml/jackson/dataformat/jackson-dataformat-csv/2.12.3/jackson-dataformat-csv-2.12.3.jar:/home/alex/.m2/repository/net/java/dev/stax-utils/stax-utils/20070216/stax-utils-20070216.jar:/home/alex/Repositories/nifi/nifi-nar-bundles/nifi-standard-services/nifi-lookup-services-bundle/nifi-lookup-services/target/classes:/home/alex/.m2/repository/commons-beanutils/commons-beanutils/1.9.4/commons-beanutils-1.9.4.jar:/home/alex/.m2/repository/commons-collections/commons-collections/3.2.2/commons-collections-3.2.2.jar:/home/alex/.m2/repository/com/maxmind/geoip2/geoip2/2.12.0/geoip2-2.12.0.jar:/home/alex/.m2/repository/com/maxmind/db/maxmind-db/1.2.2/maxmind-db-1.2.2.jar:/home/alex/.m2/repository/org/apache/derby/derby/10.14.2.0/derby-10.14.2.0.jar:/home/alex/.m2/repository/org/xerial/snappy/snappy-java/1.1.7.3/snappy-java-1.1.7.3.jar:/home/alex/.m2/repository/net/lingala/zip4j/zip4j/2.8.0/zip4j-2.8.0.jar:/home/alex/.m2/repository/com/h2database/h2/1.4.187/h2-1.4.187.jar:/home/alex/.m2/repository/org/mockftpserver/MockFtpServer/2.7.1/MockFtpServer-2.7.1.jar:/home/alex/.m2/repository/org/apache/sshd/sshd-core/1.7.0/sshd-core-1.7.0.jar:/home/alex/.m2/repository/com/bazaarvoice/jolt/jolt-core/0.1.1/jolt-core-0.1.1.jar:/home/alex/.m2/repository/javax/inject/javax.inject/1/javax.inject-1.jar:/home/alex/.m2/repository/com/bazaarvoice/jolt/json-utils/0.1.1/json-utils-0.1.1.jar:/home/alex/Repositories/nifi/nifi-nar-bundles/nifi-standard-bundle/nifi-standard-utils/target/classes:/home/alex/.m2/repository/net/sf/supercsv/super-csv/2.4.0/super-csv-2.4.0.jar:/home/alex/.m2/repository/com/fluenda/parcefone/2.1.0/parcefone-2.1.0.jar:/home/alex/.m2/repository/javax/validation/validation-api/1.1.0.Final/validation-api-1.1.0.Final.jar:/home/alex/.m2/repository/javax/el/javax.el-api/3.0.0/javax.el-api-3.0.0.jar:/home/alex/.m2/repository/com/github/wnameless/json/json-flattener/0.12.0/json-flattener-0.12.0.jar:/home/alex/.m2/repository/com/github/wnameless/json/json-base/2.0.0/json-base-2.0.0.jar:/home/alex/.m2/repository/org/apache/bval/bval-jsr/1.1.2/bval-jsr-1.1.2.jar:/home/alex/.m2/repository/org/apache/bval/bval-core/1.1.2/bval-core-1.1.2.jar:/home/alex/.m2/repository/io/krakens/java-grok/0.1.9/java-grok-0.1.9.jar:/home/alex/.m2/repository/org/apache/calcite/calcite-core/1.27.0/calcite-core-1.27.0.jar:/home/alex/.m2/repository/org/apache/calcite/calcite-linq4j/1.27.0/calcite-linq4j-1.27.0.jar:/home/alex/.m2/repository/com/esri/geometry/esri-geometry-api/2.2.0/esri-geometry-api-2.2.0.jar:/home/alex/.m2/repository/org/apache/calcite/avatica/avatica-core/1.18.0/avatica-core-1.18.0.jar:/home/alex/.m2/repository/org/apache/calcite/avatica/avatica-metrics/1.18.0/avatica-metrics-1.18.0.jar:/home/alex/.m2/repository/com/google/protobuf/protobuf-java/3.6.1/protobuf-java-3.6.1.jar:/home/alex/.m2/repository/org/apiguardian/apiguardian-api/1.1.0/apiguardian-api-1.1.0.jar:/home/alex/.m2/repository/com/fasterxml/jackson/dataformat/jackson-dataformat-yaml/2.10.0/jackson-dataformat-yaml-2.10.0.jar:/home/alex/.m2/repository/org/yaml/snakeyaml/1.29/snakeyaml-1.29.jar:/home/alex/.m2/repository/com/google/uzaygezen/uzaygezen-core/0.2/uzaygezen-core-0.2.jar:/home/alex/.m2/repository/com/yahoo/datasketches/sketches-core/0.9.0/sketches-core-0.9.0.jar:/home/alex/.m2/repository/com/yahoo/datasketches/memory/0.9.0/memory-0.9.0.jar:/home/alex/.m2/repository/net/hydromatic/aggdesigner-algorithm/6.0/aggdesigner-algorithm-6.0.jar:/home/alex/.m2/repository/commons-lang/commons-lang/2.4/commons-lang-2.4.jar:/home/alex/.m2/repository/org/apache/commons/commons-dbcp2/2.6.0/commons-dbcp2-2.6.0.jar:/home/alex/.m2/repository/org/apache/commons/commons-pool2/2.6.1/commons-pool2-2.6.1.jar:/home/alex/.m2/repository/org/codehaus/janino/commons-compiler/3.0.11/commons-compiler-3.0.11.jar:/home/alex/.m2/repository/org/codehaus/janino/janino/3.0.11/janino-3.0.11.jar:/home/alex/Repositories/nifi/nifi-nar-bundles/nifi-standard-services/nifi-schema-registry-service-api/target/classes:/home/alex/Repositories/nifi/nifi-nar-bundles/nifi-extension-utils/nifi-database-utils/target/classes:/home/alex/Repositories/nifi/nifi-nar-bundles/nifi-standard-bundle/nifi-standard-web-test-utils/target/classes:/home/alex/.m2/repository/com/github/stefanbirkner/fake-sftp-server-rule/2.0.1/fake-sftp-server-rule-2.0.1.jar:/home/alex/.m2/repository/com/github/marschall/memoryfilesystem/2.8.0/memoryfilesystem-2.8.0.jar:/home/alex/.m2/repository/junit/junit/4.13.2/junit-4.13.2.jar:/home/alex/.m2/repository/org/hamcrest/hamcrest-core/1.3/hamcrest-core-1.3.jar:/home/alex/Repositories/nifi/nifi-nar-bundles/nifi-extension-utils/nifi-database-test-utils/target/classes:/home/alex/.m2/repository/org/codehaus/groovy/groovy-json/2.5.14/groovy-json-2.5.14.jar:/home/alex/.m2/repository/org/codehaus/groovy/groovy/2.5.14/groovy-2.5.14.jar:/home/alex/.m2/repository/org/codehaus/groovy/groovy-servlet/2.5.14/groovy-servlet-2.5.14.jar:/home/alex/.m2/repository/org/codehaus/groovy/groovy-templates/2.5.14/groovy-templates-2.5.14.jar:/home/alex/.m2/repository/org/codehaus/groovy/groovy-xml/2.5.14/groovy-xml-2.5.14.jar:/home/alex/.m2/repository/org/hamcrest/hamcrest-all/1.3/hamcrest-all-1.3.jar:/home/alex/.m2/repository/com/squareup/okhttp3/mockwebserver/4.9.2/mockwebserver-4.9.2.jar:/home/alex/.m2/repository/org/jetbrains/kotlin/kotlin-stdlib-jdk8/1.4.10/kotlin-stdlib-jdk8-1.4.10.jar:/home/alex/.m2/repository/org/jetbrains/kotlin/kotlin-stdlib-jdk7/1.4.10/kotlin-stdlib-jdk7-1.4.10.jar:/home/alex/.m2/repository/org/mockito/mockito-inline/3.12.4/mockito-inline-3.12.4.jar:/home/alex/.m2/repository/org/junit/jupiter/junit-jupiter-api/5.7.2/junit-jupiter-api-5.7.2.jar:/home/alex/.m2/repository/org/opentest4j/opentest4j/1.2.0/opentest4j-1.2.0.jar:/home/alex/.m2/repository/org/junit/platform/junit-platform-commons/1.7.2/junit-platform-commons-1.7.2.jar:/home/alex/.m2/repository/org/junit/jupiter/junit-jupiter-engine/5.7.2/junit-jupiter-engine-5.7.2.jar:/home/alex/.m2/repository/org/junit/platform/junit-platform-engine/1.7.2/junit-platform-engine-1.7.2.jar:/home/alex/.m2/repository/org/junit/vintage/junit-vintage-engine/5.7.2/junit-vintage-engine-5.7.2.jar:/home/alex/.m2/repository/org/junit/jupiter/junit-jupiter-params/5.7.2/junit-jupiter-params-5.7.2.jar:/home/alex/.m2/repository/org/mockito/mockito-core/3.11.2/mockito-core-3.11.2.jar:/home/alex/.m2/repository/net/bytebuddy/byte-buddy/1.11.3/byte-buddy-1.11.3.jar:/home/alex/.m2/repository/net/bytebuddy/byte-buddy-agent/1.11.3/byte-buddy-agent-1.11.3.jar:/home/alex/.m2/repository/org/objenesis/objenesis/3.2/objenesis-3.2.jar:/home/alex/.m2/repository/org/mockito/mockito-junit-jupiter/3.11.2/mockito-junit-jupiter-3.11.2.jar:/home/alex/.m2/repository/org/slf4j/slf4j-simple/1.7.32/slf4j-simple-1.7.32.jar:/home/alex/.m2/repository/org/codehaus/groovy/groovy-test/2.5.14/groovy-test-2.5.14.jar:"/>
    <property name="java.vm.vendor" value="Private Build"/>
    <property name="sun.arch.data.model" value="64"/>
    <property name="java.vendor.url" value="http://java.oracle.com/"/>
    <property name="user.timezone" value="Europe/Lisbon"/>
    <property name="java.vm.specification.version" value="1.8"/>
    <property name="os.name" value="Linux"/>
    <property name="user.country" value="US"/>
    <property name="sun.java.launcher" value="SUN_STANDARD"/>
    <property name="sun.boot.library.path" value="/usr/lib/jvm/java-8-openjdk-amd64/jre/lib/amd64"/>
    <property name="sun.java.command" value="/home/alex/Repositories/nifi/nifi-nar-bundles/nifi-standard-bundle/nifi-standard-processors/target/surefire/surefirebooter9102486319766494456.jar /home/alex/Repositories/nifi/nifi-nar-bundles/nifi-standard-bundle/nifi-standard-processors/target/surefire 2024-05-02T03-23-33_830-jvmRun1 surefire4678910215160170132tmp surefire_698813792753071590827tmp"/>
    <property name="org.slf4j.simpleLogger.log.nifi.io.nio" value="debug"/>
    <property name="surefire.test.class.path" value="/home/alex/Repositories/nifi/nifi-nar-bundles/nifi-standard-bundle/nifi-standard-processors/target/test-classes:/home/alex/Repositories/nifi/nifi-nar-bundles/nifi-standard-bundle/nifi-standard-processors/target/classes:/home/alex/.m2/repository/org/apache/ftpserver/ftpserver-core/1.1.1/ftpserver-core-1.1.1.jar:/home/alex/.m2/repository/org/apache/ftpserver/ftplet-api/1.1.1/ftplet-api-1.1.1.jar:/home/alex/.m2/repository/org/slf4j/slf4j-api/1.7.32/slf4j-api-1.7.32.jar:/home/alex/.m2/repository/org/apache/mina/mina-core/2.0.16/mina-core-2.0.16.jar:/home/alex/Repositories/nifi/nifi-api/target/classes:/home/alex/Repositories/nifi/nifi-commons/nifi-expression-language/target/classes:/home/alex/.m2/repository/org/antlr/antlr-runtime/3.5.2/antlr-runtime-3.5.2.jar:/home/alex/Repositories/nifi/nifi-commons/nifi-parameter/target/classes:/home/alex/Repositories/nifi/nifi-commons/nifi-uuid5/target/classes:/home/alex/.m2/repository/org/apache/commons/commons-text/1.8/commons-text-1.8.jar:/home/alex/Repositories/nifi/nifi-nar-bundles/nifi-extension-utils/nifi-processor-utils/target/classes:/home/alex/Repositories/nifi/nifi-commons/nifi-security-socket-ssl/target/classes:/home/alex/Repositories/nifi/nifi-nar-bundles/nifi-extension-utils/nifi-event-transport/target/classes:/home/alex/.m2/repository/io/netty/netty-handler/4.1.69.Final/netty-handler-4.1.69.Final.jar:/home/alex/.m2/repository/io/netty/netty-common/4.1.69.Final/netty-common-4.1.69.Final.jar:/home/alex/.m2/repository/io/netty/netty-resolver/4.1.69.Final/netty-resolver-4.1.69.Final.jar:/home/alex/.m2/repository/io/netty/netty-transport/4.1.69.Final/netty-transport-4.1.69.Final.jar:/home/alex/.m2/repository/io/netty/netty-codec/4.1.69.Final/netty-codec-4.1.69.Final.jar:/home/alex/Repositories/nifi/nifi-nar-bundles/nifi-extension-utils/nifi-syslog-utils/target/classes:/home/alex/.m2/repository/com/github/palindromicity/simple-syslog-5424/0.0.16/simple-syslog-5424-0.0.16.jar:/home/alex/.m2/repository/org/antlr/antlr4-runtime/4.7.2/antlr4-runtime-4.7.2.jar:/home/alex/Repositories/nifi/nifi-commons/nifi-utils/target/classes:/home/alex/Repositories/nifi/nifi-commons/nifi-record-path/target/classes:/home/alex/Repositories/nifi/nifi-commons/nifi-properties/target/classes:/home/alex/Repositories/nifi/nifi-commons/nifi-property-utils/target/classes:/home/alex/.m2/repository/com/github/ben-manes/caffeine/caffeine/2.8.1/caffeine-2.8.1.jar:/home/alex/Repositories/nifi/nifi-nar-bundles/nifi-standard-services/nifi-ssl-context-service-api/target/classes:/home/alex/Repositories/nifi/nifi-commons/nifi-security-utils-api/target/classes:/home/alex/Repositories/nifi/nifi-nar-bundles/nifi-standard-services/nifi-lookup-service-api/target/classes:/home/alex/Repositories/nifi/nifi-commons/nifi-flowfile-packager/target/classes:/home/alex/Repositories/nifi/nifi-nar-bundles/nifi-standard-services/nifi-distributed-cache-client-service-api/target/classes:/home/alex/Repositories/nifi/nifi-nar-bundles/nifi-standard-services/nifi-http-context-map-api/target/classes:/home/alex/Repositories/nifi/nifi-nar-bundles/nifi-standard-services/nifi-record-serialization-service-api/target/classes:/home/alex/Repositories/nifi/nifi-nar-bundles/nifi-standard-services/nifi-proxy-configuration-api/target/classes:/home/alex/Repositories/nifi/nifi-commons/nifi-record/target/classes:/home/alex/Repositories/nifi/nifi-nar-bundles/nifi-standard-services/nifi-record-sink-api/target/classes:/home/alex/.m2/repository/commons-io/commons-io/2.10.0/commons-io-2.10.0.jar:/home/alex/.m2/repository/javax/ws/rs/javax.ws.rs-api/2.1/javax.ws.rs-api-2.1.jar:/home/alex/.m2/repository/commons-net/commons-net/3.6/commons-net-3.6.jar:/home/alex/.m2/repository/org/apache/commons/commons-compress/1.21/commons-compress-1.21.jar:/home/alex/.m2/repository/org/apache/commons/commons-lang3/3.9/commons-lang3-3.9.jar:/home/alex/.m2/repository/org/bouncycastle/bcprov-jdk15on/1.69/bcprov-jdk15on-1.69.jar:/home/alex/.m2/repository/org/bouncycastle/bcpg-jdk15on/1.69/bcpg-jdk15on-1.69.jar:/home/alex/.m2/repository/org/bouncycastle/bcpkix-jdk15on/1.69/bcpkix-jdk15on-1.69.jar:/home/alex/.m2/repository/org/bouncycastle/bcutil-jdk15on/1.69/bcutil-jdk15on-1.69.jar:/home/alex/.m2/repository/commons-codec/commons-codec/1.14/commons-codec-1.14.jar:/home/alex/Repositories/nifi/nifi-commons/nifi-security-utils/target/classes:/home/alex/Repositories/nifi/nifi-commons/nifi-security-kms/target/classes:/home/alex/.m2/repository/org/apache/commons/commons-configuration2/2.7/commons-configuration2-2.7.jar:/home/alex/.m2/repository/com/hierynomus/sshj/0.32.0/sshj-0.32.0.jar:/home/alex/.m2/repository/com/jcraft/jzlib/1.1.3/jzlib-1.1.3.jar:/home/alex/.m2/repository/com/hierynomus/asn-one/0.6.0/asn-one-0.6.0.jar:/home/alex/.m2/repository/net/i2p/crypto/eddsa/0.3.0/eddsa-0.3.0.jar:/home/alex/.m2/repository/org/eclipse/jetty/jetty-server/9.4.44.v20210927/jetty-server-9.4.44.v20210927.jar:/home/alex/.m2/repository/javax/servlet/javax.servlet-api/3.1.0/javax.servlet-api-3.1.0.jar:/home/alex/.m2/repository/org/eclipse/jetty/jetty-http/9.4.44.v20210927/jetty-http-9.4.44.v20210927.jar:/home/alex/.m2/repository/org/eclipse/jetty/jetty-util/9.4.44.v20210927/jetty-util-9.4.44.v20210927.jar:/home/alex/.m2/repository/org/eclipse/jetty/jetty-io/9.4.44.v20210927/jetty-io-9.4.44.v20210927.jar:/home/alex/.m2/repository/org/eclipse/jetty/jetty-servlet/9.4.44.v20210927/jetty-servlet-9.4.44.v20210927.jar:/home/alex/.m2/repository/org/eclipse/jetty/jetty-security/9.4.44.v20210927/jetty-security-9.4.44.v20210927.jar:/home/alex/.m2/repository/org/eclipse/jetty/jetty-util-ajax/9.4.44.v20210927/jetty-util-ajax-9.4.44.v20210927.jar:/home/alex/.m2/repository/org/apache/httpcomponents/httpclient/4.5.5/httpclient-4.5.5.jar:/home/alex/.m2/repository/commons-logging/commons-logging/1.2/commons-logging-1.2.jar:/home/alex/.m2/repository/org/apache/httpcomponents/httpcore/4.4.9/httpcore-4.4.9.jar:/home/alex/.m2/repository/jakarta/activation/jakarta.activation-api/2.0.1/jakarta.activation-api-2.0.1.jar:/home/alex/.m2/repository/com/sun/activation/jakarta.activation/2.0.1/jakarta.activation-2.0.1.jar:/home/alex/.m2/repository/jakarta/mail/jakarta.mail-api/2.0.1/jakarta.mail-api-2.0.1.jar:/home/alex/.m2/repository/com/sun/mail/jakarta.mail/2.0.1/jakarta.mail-2.0.1.jar:/home/alex/.m2/repository/com/github/jponge/lzma-java/1.3/lzma-java-1.3.jar:/home/alex/.m2/repository/org/tukaani/xz/1.8/xz-1.8.jar:/home/alex/.m2/repository/net/sf/saxon/Saxon-HE/10.6/Saxon-HE-10.6.jar:/home/alex/Repositories/nifi/nifi-commons/nifi-socket-utils/target/classes:/home/alex/Repositories/nifi/nifi-commons/nifi-logging-utils/target/classes:/home/alex/Repositories/nifi/nifi-nar-bundles/nifi-standard-services/nifi-load-distribution-service-api/target/classes:/home/alex/.m2/repository/javax/jms/javax.jms-api/2.0.1/javax.jms-api-2.0.1.jar:/home/alex/.m2/repository/org/apache/activemq/activemq-client/5.15.15/activemq-client-5.15.15.jar:/home/alex/.m2/repository/org/apache/geronimo/specs/geronimo-jms_1.1_spec/1.1.1/geronimo-jms_1.1_spec-1.1.1.jar:/home/alex/.m2/repository/org/fusesource/hawtbuf/hawtbuf/1.11/hawtbuf-1.11.jar:/home/alex/.m2/repository/org/apache/geronimo/specs/geronimo-j2ee-management_1.1_spec/1.0.1/geronimo-j2ee-management_1.1_spec-1.0.1.jar:/home/alex/.m2/repository/com/jayway/jsonpath/json-path/2.6.0/json-path-2.6.0.jar:/home/alex/.m2/repository/net/minidev/json-smart/2.4.7/json-smart-2.4.7.jar:/home/alex/.m2/repository/net/minidev/accessors-smart/2.4.7/accessors-smart-2.4.7.jar:/home/alex/.m2/repository/org/ow2/asm/asm/9.1/asm-9.1.jar:/home/alex/.m2/repository/org/apache/tika/tika-core/1.26/tika-core-1.26.jar:/home/alex/.m2/repository/com/fasterxml/jackson/core/jackson-databind/2.12.3/jackson-databind-2.12.3.jar:/home/alex/.m2/repository/com/fasterxml/jackson/core/jackson-annotations/2.12.3/jackson-annotations-2.12.3.jar:/home/alex/.m2/repository/com/fasterxml/jackson/core/jackson-core/2.12.3/jackson-core-2.12.3.jar:/home/alex/Repositories/nifi/nifi-nar-bundles/nifi-extension-utils/nifi-record-utils/nifi-avro-record-utils/target/classes:/home/alex/Repositories/nifi/nifi-nar-bundles/nifi-extension-utils/nifi-record-utils/nifi-standard-record-utils/target/classes:/home/alex/.m2/repository/org/apache/avro/avro/1.8.1/avro-1.8.1.jar:/home/alex/.m2/repository/org/codehaus/jackson/jackson-core-asl/1.9.13/jackson-core-asl-1.9.13.jar:/home/alex/.m2/repository/org/codehaus/jackson/jackson-mapper-asl/1.9.13/jackson-mapper-asl-1.9.13.jar:/home/alex/.m2/repository/com/thoughtworks/paranamer/paranamer/2.7/paranamer-2.7.jar:/home/alex/Repositories/nifi/nifi-nar-bundles/nifi-standard-services/nifi-dbcp-service-api/target/classes:/home/alex/.m2/repository/com/squareup/okhttp3/okhttp/4.9.2/okhttp-4.9.2.jar:/home/alex/.m2/repository/com/squareup/okio/okio/2.8.0/okio-2.8.0.jar:/home/alex/.m2/repository/org/jetbrains/kotlin/kotlin-stdlib-common/1.4.0/kotlin-stdlib-common-1.4.0.jar:/home/alex/.m2/repository/org/jetbrains/kotlin/kotlin-stdlib/1.4.10/kotlin-stdlib-1.4.10.jar:/home/alex/.m2/repository/org/jetbrains/annotations/13.0/annotations-13.0.jar:/home/alex/.m2/repository/io/github/rburgst/okhttp-digest/2.5/okhttp-digest-2.5.jar:/home/alex/.m2/repository/at/favre/lib/bcrypt/0.9.0/bcrypt-0.9.0.jar:/home/alex/.m2/repository/at/favre/lib/bytes/1.3.0/bytes-1.3.0.jar:/home/alex/.m2/repository/com/google/guava/guava/28.0-jre/guava-28.0-jre.jar:/home/alex/.m2/repository/com/google/guava/failureaccess/1.0.1/failureaccess-1.0.1.jar:/home/alex/.m2/repository/com/google/guava/listenablefuture/9999.0-empty-to-avoid-conflict-with-guava/listenablefuture-9999.0-empty-to-avoid-conflict-with-guava.jar:/home/alex/.m2/repository/com/google/code/findbugs/jsr305/3.0.2/jsr305-3.0.2.jar:/home/alex/.m2/repository/org/checkerframework/checker-qual/2.8.1/checker-qual-2.8.1.jar:/home/alex/.m2/repository/com/google/errorprone/error_prone_annotations/2.3.2/error_prone_annotations-2.3.2.jar:/home/alex/.m2/repository/com/google/j2objc/j2objc-annotations/1.3/j2objc-annotations-1.3.jar:/home/alex/.m2/repository/org/codehaus/mojo/animal-sniffer-annotations/1.17/animal-sniffer-annotations-1.17.jar:/home/alex/Repositories/nifi/nifi-mock/target/classes:/home/alex/Repositories/nifi/nifi-framework-api/target/classes:/home/alex/Repositories/nifi/nifi-nar-bundles/nifi-framework-bundle/nifi-framework/nifi-framework-core-api/target/classes:/home/alex/Repositories/nifi/nifi-nar-bundles/nifi-framework-bundle/nifi-framework/nifi-framework-nar-utils/target/classes:/home/alex/Repositories/nifi/nifi-nar-bundles/nifi-framework-bundle/nifi-framework/nifi-client-dto/target/classes:/home/alex/.m2/repository/io/swagger/swagger-annotations/1.6.0/swagger-annotations-1.6.0.jar:/home/alex/Repositories/nifi/nifi-commons/nifi-site-to-site-client/target/classes:/home/alex/.m2/repository/org/apache/httpcomponents/httpasyncclient/4.1.4/httpasyncclient-4.1.4.jar:/home/alex/.m2/repository/org/apache/httpcomponents/httpcore-nio/4.4.10/httpcore-nio-4.4.10.jar:/home/alex/Repositories/nifi/nifi-nar-bundles/nifi-framework-bundle/nifi-framework/nifi-framework-authorization/target/classes:/home/alex/Repositories/nifi/nifi-registry/nifi-registry-core/nifi-registry-data-model/target/classes:/home/alex/Repositories/nifi/nifi-registry/nifi-registry-core/nifi-registry-revision/nifi-registry-revision-entity-model/target/classes:/home/alex/Repositories/nifi/nifi-registry/nifi-registry-core/nifi-registry-client/target/classes:/home/alex/Repositories/nifi/nifi-registry/nifi-registry-core/nifi-registry-security-utils/target/classes:/home/alex/.m2/repository/org/glassfish/jersey/core/jersey-client/2.33/jersey-client-2.33.jar:/home/alex/.m2/repository/jakarta/ws/rs/jakarta.ws.rs-api/2.1.6/jakarta.ws.rs-api-2.1.6.jar:/home/alex/.m2/repository/org/glassfish/hk2/external/jakarta.inject/2.6.1/jakarta.inject-2.6.1.jar:/home/alex/.m2/repository/org/glassfish/jersey/media/jersey-media-json-jackson/2.33/jersey-media-json-jackson-2.33.jar:/home/alex/.m2/repository/org/glassfish/jersey/ext/jersey-entity-filtering/2.33/jersey-entity-filtering-2.33.jar:/home/alex/.m2/repository/org/glassfish/jersey/inject/jersey-hk2/2.33/jersey-hk2-2.33.jar:/home/alex/.m2/repository/org/glassfish/hk2/hk2-locator/2.6.1/hk2-locator-2.6.1.jar:/home/alex/.m2/repository/org/glassfish/hk2/external/aopalliance-repackaged/2.6.1/aopalliance-repackaged-2.6.1.jar:/home/alex/.m2/repository/org/glassfish/hk2/hk2-api/2.6.1/hk2-api-2.6.1.jar:/home/alex/.m2/repository/org/glassfish/hk2/hk2-utils/2.6.1/hk2-utils-2.6.1.jar:/home/alex/.m2/repository/org/javassist/javassist/3.25.0-GA/javassist-3.25.0-GA.jar:/home/alex/.m2/repository/org/glassfish/jersey/core/jersey-common/2.33/jersey-common-2.33.jar:/home/alex/.m2/repository/jakarta/annotation/jakarta.annotation-api/1.3.5/jakarta.annotation-api-1.3.5.jar:/home/alex/.m2/repository/org/glassfish/hk2/osgi-resource-locator/1.0.3/osgi-resource-locator-1.0.3.jar:/home/alex/.m2/repository/org/glassfish/jersey/media/jersey-media-multipart/2.33/jersey-media-multipart-2.33.jar:/home/alex/.m2/repository/org/jvnet/mimepull/mimepull/1.9.13/mimepull-1.9.13.jar:/home/alex/Repositories/nifi/nifi-commons/nifi-data-provenance-utils/target/classes:/home/alex/Repositories/nifi/nifi-nar-bundles/nifi-standard-services/nifi-distributed-cache-services-bundle/nifi-distributed-cache-client-service/target/classes:/home/alex/Repositories/nifi/nifi-nar-bundles/nifi-standard-services/nifi-distributed-cache-services-bundle/nifi-distributed-cache-protocol/target/classes:/home/alex/.m2/repository/io/netty/netty-buffer/4.1.69.Final/netty-buffer-4.1.69.Final.jar:/home/alex/.m2/repository/com/google/http-client/google-http-client/1.28.0/google-http-client-1.28.0.jar:/home/alex/.m2/repository/io/opencensus/opencensus-api/0.18.0/opencensus-api-0.18.0.jar:/home/alex/.m2/repository/io/grpc/grpc-context/1.14.0/grpc-context-1.14.0.jar:/home/alex/.m2/repository/io/opencensus/opencensus-contrib-http-util/0.18.0/opencensus-contrib-http-util-0.18.0.jar:/home/alex/.m2/repository/org/apache/activemq/activemq-broker/5.15.14/activemq-broker-5.15.14.jar:/home/alex/.m2/repository/org/apache/activemq/activemq-openwire-legacy/5.15.14/activemq-openwire-legacy-5.15.14.jar:/home/alex/Repositories/nifi/nifi-nar-bundles/nifi-standard-services/nifi-ssl-context-bundle/nifi-ssl-context-service/target/classes:/home/alex/Repositories/nifi/nifi-nar-bundles/nifi-framework-bundle/nifi-framework/nifi-standard-prioritizers/target/classes:/home/alex/Repositories/nifi/nifi-nar-bundles/nifi-extension-utils/nifi-record-utils/nifi-mock-record-utils/target/classes:/home/alex/Repositories/nifi/nifi-nar-bundles/nifi-standard-services/nifi-record-serialization-services-bundle/nifi-record-serialization-services/target/classes:/home/alex/.m2/repository/org/apache/commons/commons-csv/1.8/commons-csv-1.8.jar:/home/alex/.m2/repository/com/fasterxml/jackson/dataformat/jackson-dataformat-csv/2.12.3/jackson-dataformat-csv-2.12.3.jar:/home/alex/.m2/repository/net/java/dev/stax-utils/stax-utils/20070216/stax-utils-20070216.jar:/home/alex/Repositories/nifi/nifi-nar-bundles/nifi-standard-services/nifi-lookup-services-bundle/nifi-lookup-services/target/classes:/home/alex/.m2/repository/commons-beanutils/commons-beanutils/1.9.4/commons-beanutils-1.9.4.jar:/home/alex/.m2/repository/commons-collections/commons-collections/3.2.2/commons-collections-3.2.2.jar:/home/alex/.m2/repository/com/maxmind/geoip2/geoip2/2.12.0/geoip2-2.12.0.jar:/home/alex/.m2/repository/com/maxmind/db/maxmind-db/1.2.2/maxmind-db-1.2.2.jar:/home/alex/.m2/repository/org/apache/derby/derby/10.14.2.0/derby-10.14.2.0.jar:/home/alex/.m2/repository/org/xerial/snappy/snappy-java/1.1.7.3/snappy-java-1.1.7.3.jar:/home/alex/.m2/repository/net/lingala/zip4j/zip4j/2.8.0/zip4j-2.8.0.jar:/home/alex/.m2/repository/com/h2database/h2/1.4.187/h2-1.4.187.jar:/home/alex/.m2/repository/org/mockftpserver/MockFtpServer/2.7.1/MockFtpServer-2.7.1.jar:/home/alex/.m2/repository/org/apache/sshd/sshd-core/1.7.0/sshd-core-1.7.0.jar:/home/alex/.m2/repository/com/bazaarvoice/jolt/jolt-core/0.1.1/jolt-core-0.1.1.jar:/home/alex/.m2/repository/javax/inject/javax.inject/1/javax.inject-1.jar:/home/alex/.m2/repository/com/bazaarvoice/jolt/json-utils/0.1.1/json-utils-0.1.1.jar:/home/alex/Repositories/nifi/nifi-nar-bundles/nifi-standard-bundle/nifi-standard-utils/target/classes:/home/alex/.m2/repository/net/sf/supercsv/super-csv/2.4.0/super-csv-2.4.0.jar:/home/alex/.m2/repository/com/fluenda/parcefone/2.1.0/parcefone-2.1.0.jar:/home/alex/.m2/repository/javax/validation/validation-api/1.1.0.Final/validation-api-1.1.0.Final.jar:/home/alex/.m2/repository/javax/el/javax.el-api/3.0.0/javax.el-api-3.0.0.jar:/home/alex/.m2/repository/com/github/wnameless/json/json-flattener/0.12.0/json-flattener-0.12.0.jar:/home/alex/.m2/repository/com/github/wnameless/json/json-base/2.0.0/json-base-2.0.0.jar:/home/alex/.m2/repository/org/apache/bval/bval-jsr/1.1.2/bval-jsr-1.1.2.jar:/home/alex/.m2/repository/org/apache/bval/bval-core/1.1.2/bval-core-1.1.2.jar:/home/alex/.m2/repository/io/krakens/java-grok/0.1.9/java-grok-0.1.9.jar:/home/alex/.m2/repository/org/apache/calcite/calcite-core/1.27.0/calcite-core-1.27.0.jar:/home/alex/.m2/repository/org/apache/calcite/calcite-linq4j/1.27.0/calcite-linq4j-1.27.0.jar:/home/alex/.m2/repository/com/esri/geometry/esri-geometry-api/2.2.0/esri-geometry-api-2.2.0.jar:/home/alex/.m2/repository/org/apache/calcite/avatica/avatica-core/1.18.0/avatica-core-1.18.0.jar:/home/alex/.m2/repository/org/apache/calcite/avatica/avatica-metrics/1.18.0/avatica-metrics-1.18.0.jar:/home/alex/.m2/repository/com/google/protobuf/protobuf-java/3.6.1/protobuf-java-3.6.1.jar:/home/alex/.m2/repository/org/apiguardian/apiguardian-api/1.1.0/apiguardian-api-1.1.0.jar:/home/alex/.m2/repository/com/fasterxml/jackson/dataformat/jackson-dataformat-yaml/2.10.0/jackson-dataformat-yaml-2.10.0.jar:/home/alex/.m2/repository/org/yaml/snakeyaml/1.29/snakeyaml-1.29.jar:/home/alex/.m2/repository/com/google/uzaygezen/uzaygezen-core/0.2/uzaygezen-core-0.2.jar:/home/alex/.m2/repository/com/yahoo/datasketches/sketches-core/0.9.0/sketches-core-0.9.0.jar:/home/alex/.m2/repository/com/yahoo/datasketches/memory/0.9.0/memory-0.9.0.jar:/home/alex/.m2/repository/net/hydromatic/aggdesigner-algorithm/6.0/aggdesigner-algorithm-6.0.jar:/home/alex/.m2/repository/commons-lang/commons-lang/2.4/commons-lang-2.4.jar:/home/alex/.m2/repository/org/apache/commons/commons-dbcp2/2.6.0/commons-dbcp2-2.6.0.jar:/home/alex/.m2/repository/org/apache/commons/commons-pool2/2.6.1/commons-pool2-2.6.1.jar:/home/alex/.m2/repository/org/codehaus/janino/commons-compiler/3.0.11/commons-compiler-3.0.11.jar:/home/alex/.m2/repository/org/codehaus/janino/janino/3.0.11/janino-3.0.11.jar:/home/alex/Repositories/nifi/nifi-nar-bundles/nifi-standard-services/nifi-schema-registry-service-api/target/classes:/home/alex/Repositories/nifi/nifi-nar-bundles/nifi-extension-utils/nifi-database-utils/target/classes:/home/alex/Repositories/nifi/nifi-nar-bundles/nifi-standard-bundle/nifi-standard-web-test-utils/target/classes:/home/alex/.m2/repository/com/github/stefanbirkner/fake-sftp-server-rule/2.0.1/fake-sftp-server-rule-2.0.1.jar:/home/alex/.m2/repository/com/github/marschall/memoryfilesystem/2.8.0/memoryfilesystem-2.8.0.jar:/home/alex/.m2/repository/junit/junit/4.13.2/junit-4.13.2.jar:/home/alex/.m2/repository/org/hamcrest/hamcrest-core/1.3/hamcrest-core-1.3.jar:/home/alex/Repositories/nifi/nifi-nar-bundles/nifi-extension-utils/nifi-database-test-utils/target/classes:/home/alex/.m2/repository/org/codehaus/groovy/groovy-json/2.5.14/groovy-json-2.5.14.jar:/home/alex/.m2/repository/org/codehaus/groovy/groovy/2.5.14/groovy-2.5.14.jar:/home/alex/.m2/repository/org/codehaus/groovy/groovy-servlet/2.5.14/groovy-servlet-2.5.14.jar:/home/alex/.m2/repository/org/codehaus/groovy/groovy-templates/2.5.14/groovy-templates-2.5.14.jar:/home/alex/.m2/repository/org/codehaus/groovy/groovy-xml/2.5.14/groovy-xml-2.5.14.jar:/home/alex/.m2/repository/org/hamcrest/hamcrest-all/1.3/hamcrest-all-1.3.jar:/home/alex/.m2/repository/com/squareup/okhttp3/mockwebserver/4.9.2/mockwebserver-4.9.2.jar:/home/alex/.m2/repository/org/jetbrains/kotlin/kotlin-stdlib-jdk8/1.4.10/kotlin-stdlib-jdk8-1.4.10.jar:/home/alex/.m2/repository/org/jetbrains/kotlin/kotlin-stdlib-jdk7/1.4.10/kotlin-stdlib-jdk7-1.4.10.jar:/home/alex/.m2/repository/org/mockito/mockito-inline/3.12.4/mockito-inline-3.12.4.jar:/home/alex/.m2/repository/org/junit/jupiter/junit-jupiter-api/5.7.2/junit-jupiter-api-5.7.2.jar:/home/alex/.m2/repository/org/opentest4j/opentest4j/1.2.0/opentest4j-1.2.0.jar:/home/alex/.m2/repository/org/junit/platform/junit-platform-commons/1.7.2/junit-platform-commons-1.7.2.jar:/home/alex/.m2/repository/org/junit/jupiter/junit-jupiter-engine/5.7.2/junit-jupiter-engine-5.7.2.jar:/home/alex/.m2/repository/org/junit/platform/junit-platform-engine/1.7.2/junit-platform-engine-1.7.2.jar:/home/alex/.m2/repository/org/junit/vintage/junit-vintage-engine/5.7.2/junit-vintage-engine-5.7.2.jar:/home/alex/.m2/repository/org/junit/jupiter/junit-jupiter-params/5.7.2/junit-jupiter-params-5.7.2.jar:/home/alex/.m2/repository/org/mockito/mockito-core/3.11.2/mockito-core-3.11.2.jar:/home/alex/.m2/repository/net/bytebuddy/byte-buddy/1.11.3/byte-buddy-1.11.3.jar:/home/alex/.m2/repository/net/bytebuddy/byte-buddy-agent/1.11.3/byte-buddy-agent-1.11.3.jar:/home/alex/.m2/repository/org/objenesis/objenesis/3.2/objenesis-3.2.jar:/home/alex/.m2/repository/org/mockito/mockito-junit-jupiter/3.11.2/mockito-junit-jupiter-3.11.2.jar:/home/alex/.m2/repository/org/slf4j/slf4j-simple/1.7.32/slf4j-simple-1.7.32.jar:/home/alex/.m2/repository/org/codehaus/groovy/groovy-test/2.5.14/groovy-test-2.5.14.jar:"/>
    <property name="sun.cpu.endian" value="little"/>
    <property name="user.home" value="/home/alex"/>
    <property name="user.language" value="en"/>
    <property name="java.specification.vendor" value="Oracle Corporation"/>
    <property name="java.home" value="/usr/lib/jvm/java-8-openjdk-amd64/jre"/>
    <property name="basedir" value="/home/alex/Repositories/nifi/nifi-nar-bundles/nifi-standard-bundle/nifi-standard-processors"/>
    <property name="file.separator" value="/"/>
    <property name="line.separator" value="&#10;"/>
    <property name="java.vm.specification.vendor" value="Oracle Corporation"/>
    <property name="java.specification.name" value="Java Platform API Specification"/>
    <property name="derby.stream.error.file" value="target/derby.log"/>
    <property name="java.awt.graphicsenv" value="sun.awt.X11GraphicsEnvironment"/>
    <property name="org.slf4j.simpleLogger.log.org.apache.nifi.processors.standard.SQLTransform" value="debug"/>
    <property name="java.awt.headless" value="true"/>
    <property name="org.slf4j.simpleLogger.showDateTime" value="true"/>
    <property name="surefire.real.class.path" value="/home/alex/Repositories/nifi/nifi-nar-bundles/nifi-standard-bundle/nifi-standard-processors/target/surefire/surefirebooter9102486319766494456.jar"/>
    <property name="sun.boot.class.path" value="/usr/lib/jvm/java-8-openjdk-amd64/jre/lib/resources.jar:/usr/lib/jvm/java-8-openjdk-amd64/jre/lib/rt.jar:/usr/lib/jvm/java-8-openjdk-amd64/jre/lib/sunrsasign.jar:/usr/lib/jvm/java-8-openjdk-amd64/jre/lib/jsse.jar:/usr/lib/jvm/java-8-openjdk-amd64/jre/lib/jce.jar:/usr/lib/jvm/java-8-openjdk-amd64/jre/lib/charsets.jar:/usr/lib/jvm/java-8-openjdk-amd64/jre/lib/jfr.jar:/usr/lib/jvm/java-8-openjdk-amd64/jre/classes"/>
    <property name="sun.management.compiler" value="HotSpot 64-Bit Tiered Compilers"/>
    <property name="java.runtime.version" value="1.8.0_402-8u402-ga-2ubuntu1~22.04-b06"/>
    <property name="java.net.preferIPv4Stack" value="true"/>
    <property name="user.name" value="alex"/>
    <property name="path.separator" value=":"/>
    <property name="os.version" value="6.5.0-28-generic"/>
    <property name="java.endorsed.dirs" value="/usr/lib/jvm/java-8-openjdk-amd64/jre/lib/endorsed"/>
    <property name="java.runtime.name" value="OpenJDK Runtime Environment"/>
    <property name="file.encoding" value="UTF-8"/>
    <property name="sun.nio.ch.bugLevel" value=""/>
    <property name="java.vm.name" value="OpenJDK 64-Bit Server VM"/>
    <property name="localRepository" value="/home/alex/.m2/repository"/>
    <property name="java.vendor.url.bug" value="http://bugreport.sun.com/bugreport/"/>
    <property name="java.io.tmpdir" value="/tmp"/>
    <property name="java.version" value="1.8.0_402"/>
    <property name="user.dir" value="/home/alex/Repositories/nifi/nifi-nar-bundles/nifi-standard-bundle/nifi-standard-processors"/>
    <property name="os.arch" value="amd64"/>
    <property name="java.vm.specification.name" value="Java Virtual Machine Specification"/>
    <property name="java.awt.printerjob" value="sun.print.PSPrinterJob"/>
    <property name="sun.os.patch.level" value="unknown"/>
    <property name="org.slf4j.simpleLogger.defaultLogLevel" value="info"/>
    <property name="java.library.path" value="/usr/java/packages/lib/amd64:/usr/lib/x86_64-linux-gnu/jni:/lib/x86_64-linux-gnu:/usr/lib/x86_64-linux-gnu:/usr/lib/jni:/lib:/usr/lib"/>
    <property name="java.vm.info" value="mixed mode"/>
    <property name="java.vendor" value="Private Build"/>
    <property name="java.vm.version" value="25.402-b06"/>
    <property name="java.specification.maintenance.version" value="5"/>
    <property name="java.ext.dirs" value="/usr/lib/jvm/java-8-openjdk-amd64/jre/lib/ext:/usr/java/packages/lib/ext"/>
    <property name="sun.io.unicode.encoding" value="UnicodeLittle"/>
    <property name="java.class.version" value="52.0"/>
  </properties>
  <testcase name="testShouldCalculateHashOfPresentAttribute" classname="org.apache.nifi.processors.standard.CryptographicHashAttributeTest" time="0.06">
    <system-err><![CDATA[[main] INFO org.apache.nifi.processors.standard.CryptographicHashAttributeTest - [EXPECTED]         MD2(alopresto) = 326d36aff5e2473c23ab54b6a193d737
[main] INFO org.apache.nifi.processors.standard.CryptographicHashAttributeTest - [EXPECTED]         MD2(2024-05-02 03:31:56.900 +0100) = 9cb7750905b88bef84c6d34d514d3c2a
[main] INFO org.apache.nifi.processors.standard.CryptographicHashAttributeTest - Setting hash algorithm to MD2
[main] INFO org.apache.nifi.processors.standard.CryptographicHashAttributeTest - flowfile.username_MD2 = 326d36aff5e2473c23ab54b6a193d737
[main] INFO org.apache.nifi.processors.standard.CryptographicHashAttributeTest - flowfile.date_MD2 = 9cb7750905b88bef84c6d34d514d3c2a
[main] INFO org.apache.nifi.processors.standard.CryptographicHashAttributeTest - [EXPECTED]         MD5(alopresto) = 543d5b89b8d21eefd90e36e6dceaf715
[main] INFO org.apache.nifi.processors.standard.CryptographicHashAttributeTest - [EXPECTED]         MD5(2024-05-02 03:31:56.900 +0100) = 28dff8f346b2abc93340fdf6c1030d82
[main] INFO org.apache.nifi.processors.standard.CryptographicHashAttributeTest - Setting hash algorithm to MD5
[main] INFO org.apache.nifi.processors.standard.CryptographicHashAttributeTest - flowfile.username_MD5 = 543d5b89b8d21eefd90e36e6dceaf715
[main] INFO org.apache.nifi.processors.standard.CryptographicHashAttributeTest - flowfile.date_MD5 = 28dff8f346b2abc93340fdf6c1030d82
[main] INFO org.apache.nifi.processors.standard.CryptographicHashAttributeTest - [EXPECTED]       SHA-1(alopresto) = feb3cf00ee9bc01575e9428a4270e7b599f5a4bd
[main] INFO org.apache.nifi.processors.standard.CryptographicHashAttributeTest - [EXPECTED]       SHA-1(2024-05-02 03:31:56.900 +0100) = 4a0a7cffc92b409b4e2a3490199630a191b10e0c
[main] INFO org.apache.nifi.processors.standard.CryptographicHashAttributeTest - Setting hash algorithm to SHA-1
[main] INFO org.apache.nifi.processors.standard.CryptographicHashAttributeTest - flowfile.username_SHA-1 = feb3cf00ee9bc01575e9428a4270e7b599f5a4bd
[main] INFO org.apache.nifi.processors.standard.CryptographicHashAttributeTest - flowfile.date_SHA-1 = 4a0a7cffc92b409b4e2a3490199630a191b10e0c
[main] INFO org.apache.nifi.processors.standard.CryptographicHashAttributeTest - [EXPECTED]     SHA-224(alopresto) = 1350407880aca59020712c9828884ad48befea1ad614780a1162c8bf
[main] INFO org.apache.nifi.processors.standard.CryptographicHashAttributeTest - [EXPECTED]     SHA-224(2024-05-02 03:31:56.900 +0100) = c4ecaf65aa59446a76ce22d6e1d19d42c0a83cd6920529951b84be31
[main] INFO org.apache.nifi.processors.standard.CryptographicHashAttributeTest - Setting hash algorithm to SHA-224
[main] INFO org.apache.nifi.processors.standard.CryptographicHashAttributeTest - flowfile.username_SHA-224 = 1350407880aca59020712c9828884ad48befea1ad614780a1162c8bf
[main] INFO org.apache.nifi.processors.standard.CryptographicHashAttributeTest - flowfile.date_SHA-224 = c4ecaf65aa59446a76ce22d6e1d19d42c0a83cd6920529951b84be31
[main] INFO org.apache.nifi.processors.standard.CryptographicHashAttributeTest - [EXPECTED]     SHA-256(alopresto) = 600973dc8f2b7bb2a20651ebefe4bf91c5295afef19f4d5b9994d581f5a68a23
[main] INFO org.apache.nifi.processors.standard.CryptographicHashAttributeTest - [EXPECTED]     SHA-256(2024-05-02 03:31:56.900 +0100) = 953f0e63f21ca845b5b6cec46a9c0c48df4e4f1896716c7ee21a7513d250a869
[main] INFO org.apache.nifi.processors.standard.CryptographicHashAttributeTest - Setting hash algorithm to SHA-256
[main] INFO org.apache.nifi.processors.standard.CryptographicHashAttributeTest - flowfile.username_SHA-256 = 600973dc8f2b7bb2a20651ebefe4bf91c5295afef19f4d5b9994d581f5a68a23
[main] INFO org.apache.nifi.processors.standard.CryptographicHashAttributeTest - flowfile.date_SHA-256 = 953f0e63f21ca845b5b6cec46a9c0c48df4e4f1896716c7ee21a7513d250a869
[main] INFO org.apache.nifi.processors.standard.CryptographicHashAttributeTest - [EXPECTED]     SHA-384(alopresto) = c5281f88fd5cff56fe512abc56930eae958b61049bffa296bafadac7696e2fd2fec8b5bcc9b69153ba0388b77b2f5b89
[main] INFO org.apache.nifi.processors.standard.CryptographicHashAttributeTest - [EXPECTED]     SHA-384(2024-05-02 03:31:56.900 +0100) = 74c8882071e980bd29e94c2518fc5b02004467d25c15d0638518c55b92730b2a8bdccc90ffb4d4191bab2d268fd17c5c
[main] INFO org.apache.nifi.processors.standard.CryptographicHashAttributeTest - Setting hash algorithm to SHA-384
[main] INFO org.apache.nifi.processors.standard.CryptographicHashAttributeTest - flowfile.username_SHA-384 = c5281f88fd5cff56fe512abc56930eae958b61049bffa296bafadac7696e2fd2fec8b5bcc9b69153ba0388b77b2f5b89
[main] INFO org.apache.nifi.processors.standard.CryptographicHashAttributeTest - flowfile.date_SHA-384 = 74c8882071e980bd29e94c2518fc5b02004467d25c15d0638518c55b92730b2a8bdccc90ffb4d4191bab2d268fd17c5c
[main] INFO org.apache.nifi.processors.standard.CryptographicHashAttributeTest - [EXPECTED]     SHA-512(alopresto) = 739b4f6722fb5de20125751c7a1a358b2a7eb8f07e530e4bf18561fbff93234908aa9d2577770c876bca9ede5ba784d5ce6081dbbdfe5ddd446678f223b8d632
[main] INFO org.apache.nifi.processors.standard.CryptographicHashAttributeTest - [EXPECTED]     SHA-512(2024-05-02 03:31:56.900 +0100) = f20a24770e19bf270ad677c091bb29ea62476ddf473e0bd0023e44d4777d65f6e8edaee296a6d6e6a5131ebcf1127e2a35d2a978db70beb62ee0b7ccb96ea437
[main] INFO org.apache.nifi.processors.standard.CryptographicHashAttributeTest - Setting hash algorithm to SHA-512
[main] INFO org.apache.nifi.processors.standard.CryptographicHashAttributeTest - flowfile.username_SHA-512 = 739b4f6722fb5de20125751c7a1a358b2a7eb8f07e530e4bf18561fbff93234908aa9d2577770c876bca9ede5ba784d5ce6081dbbdfe5ddd446678f223b8d632
[main] INFO org.apache.nifi.processors.standard.CryptographicHashAttributeTest - flowfile.date_SHA-512 = f20a24770e19bf270ad677c091bb29ea62476ddf473e0bd0023e44d4777d65f6e8edaee296a6d6e6a5131ebcf1127e2a35d2a978db70beb62ee0b7ccb96ea437
[main] INFO org.apache.nifi.processors.standard.CryptographicHashAttributeTest - [EXPECTED] SHA-512/224(alopresto) = 38a9636224af851358954799f78ec8757568f16856e07a33dd0cdacc
[main] INFO org.apache.nifi.processors.standard.CryptographicHashAttributeTest - [EXPECTED] SHA-512/224(2024-05-02 03:31:56.900 +0100) = 9821417b97b8358b2f5cd9ea6ab262c92c21d780770804264dddf82b
[main] INFO org.apache.nifi.processors.standard.CryptographicHashAttributeTest - Setting hash algorithm to SHA-512/224
[main] INFO org.apache.nifi.processors.standard.CryptographicHashAttributeTest - flowfile.username_SHA-512/224 = 38a9636224af851358954799f78ec8757568f16856e07a33dd0cdacc
[main] INFO org.apache.nifi.processors.standard.CryptographicHashAttributeTest - flowfile.date_SHA-512/224 = 9821417b97b8358b2f5cd9ea6ab262c92c21d780770804264dddf82b
[main] INFO org.apache.nifi.processors.standard.CryptographicHashAttributeTest - [EXPECTED] SHA-512/256(alopresto) = 370885c776287a2597419043f99d35d3e1062a19ca1a69be850769105120875c
[main] INFO org.apache.nifi.processors.standard.CryptographicHashAttributeTest - [EXPECTED] SHA-512/256(2024-05-02 03:31:56.900 +0100) = bb8b1b80cc88b3ac077f0d391f43b40d77f0114969597b3ba58fcb33bb42af95
[main] INFO org.apache.nifi.processors.standard.CryptographicHashAttributeTest - Setting hash algorithm to SHA-512/256
[main] INFO org.apache.nifi.processors.standard.CryptographicHashAttributeTest - flowfile.username_SHA-512/256 = 370885c776287a2597419043f99d35d3e1062a19ca1a69be850769105120875c
[main] INFO org.apache.nifi.processors.standard.CryptographicHashAttributeTest - flowfile.date_SHA-512/256 = bb8b1b80cc88b3ac077f0d391f43b40d77f0114969597b3ba58fcb33bb42af95
[main] INFO org.apache.nifi.processors.standard.CryptographicHashAttributeTest - [EXPECTED]    SHA3-224(alopresto) = 7ea11353d972cece9ec5767a36fe240b159c6fbfba64e33ec73ec13e
[main] INFO org.apache.nifi.processors.standard.CryptographicHashAttributeTest - [EXPECTED]    SHA3-224(2024-05-02 03:31:56.900 +0100) = 6d34073b5fd18f04c80b8df5b56cbd1979ba2c9c2648d07d2e954264
[main] INFO org.apache.nifi.processors.standard.CryptographicHashAttributeTest - Setting hash algorithm to SHA3-224
[main] INFO org.apache.nifi.processors.standard.CryptographicHashAttributeTest - flowfile.username_SHA3-224 = 7ea11353d972cece9ec5767a36fe240b159c6fbfba64e33ec73ec13e
[main] INFO org.apache.nifi.processors.standard.CryptographicHashAttributeTest - flowfile.date_SHA3-224 = 6d34073b5fd18f04c80b8df5b56cbd1979ba2c9c2648d07d2e954264
[main] INFO org.apache.nifi.processors.standard.CryptographicHashAttributeTest - [EXPECTED]    SHA3-256(alopresto) = 4eb6a96c91941d27f478d732312f81d535959fec854b37c1750abdbe8fb063e8
[main] INFO org.apache.nifi.processors.standard.CryptographicHashAttributeTest - [EXPECTED]    SHA3-256(2024-05-02 03:31:56.900 +0100) = 4901ff8206e905f50e66c610ae2e448067dbfe58f3d5aa792ea00b94d7a635b1
[main] INFO org.apache.nifi.processors.standard.CryptographicHashAttributeTest - Setting hash algorithm to SHA3-256
[main] INFO org.apache.nifi.processors.standard.CryptographicHashAttributeTest - flowfile.username_SHA3-256 = 4eb6a96c91941d27f478d732312f81d535959fec854b37c1750abdbe8fb063e8
[main] INFO org.apache.nifi.processors.standard.CryptographicHashAttributeTest - flowfile.date_SHA3-256 = 4901ff8206e905f50e66c610ae2e448067dbfe58f3d5aa792ea00b94d7a635b1
[main] INFO org.apache.nifi.processors.standard.CryptographicHashAttributeTest - [EXPECTED]    SHA3-384(alopresto) = ac2980977cd8cfc6c6b89a955fc827cc72ed959de855772ae63c442c20861261654e19de8ae7b1223da66a9cf3ea81a1
[main] INFO org.apache.nifi.processors.standard.CryptographicHashAttributeTest - [EXPECTED]    SHA3-384(2024-05-02 03:31:56.900 +0100) = d21843299db92b73fc87e0258dbb98c1f18f764d038c526d8bdcf144dceab36ecc5f3066895a447d7c66be52b193af85
[main] INFO org.apache.nifi.processors.standard.CryptographicHashAttributeTest - Setting hash algorithm to SHA3-384
[main] INFO org.apache.nifi.processors.standard.CryptographicHashAttributeTest - flowfile.username_SHA3-384 = ac2980977cd8cfc6c6b89a955fc827cc72ed959de855772ae63c442c20861261654e19de8ae7b1223da66a9cf3ea81a1
[main] INFO org.apache.nifi.processors.standard.CryptographicHashAttributeTest - flowfile.date_SHA3-384 = d21843299db92b73fc87e0258dbb98c1f18f764d038c526d8bdcf144dceab36ecc5f3066895a447d7c66be52b193af85
[main] INFO org.apache.nifi.processors.standard.CryptographicHashAttributeTest - [EXPECTED]    SHA3-512(alopresto) = 3f5fce02238d646c5b1f85732dd13b2fe23160bc0a1386c14f38d52a2c7b4c143aba6556f988e9e811d5138254e3d37c1d425c84b4bcf484d27e8c8634e3c030
[main] INFO org.apache.nifi.processors.standard.CryptographicHashAttributeTest - [EXPECTED]    SHA3-512(2024-05-02 03:31:56.900 +0100) = e6c3a1704351d491c12e9de1ba9a4c6543f1e9b578feb0ec3b2062fa53827dc2b566c9ea3b1513a8d5781108ec5234526126ba1d5dc97505b834529d380c0990
[main] INFO org.apache.nifi.processors.standard.CryptographicHashAttributeTest - Setting hash algorithm to SHA3-512
[main] INFO org.apache.nifi.processors.standard.CryptographicHashAttributeTest - flowfile.username_SHA3-512 = 3f5fce02238d646c5b1f85732dd13b2fe23160bc0a1386c14f38d52a2c7b4c143aba6556f988e9e811d5138254e3d37c1d425c84b4bcf484d27e8c8634e3c030
[main] INFO org.apache.nifi.processors.standard.CryptographicHashAttributeTest - flowfile.date_SHA3-512 = e6c3a1704351d491c12e9de1ba9a4c6543f1e9b578feb0ec3b2062fa53827dc2b566c9ea3b1513a8d5781108ec5234526126ba1d5dc97505b834529d380c0990
[main] INFO org.apache.nifi.processors.standard.CryptographicHashAttributeTest - [EXPECTED]  BLAKE2-160(alopresto) = 3183dbb75b206fb429365b5eba35eff3b4ad26e7
[main] INFO org.apache.nifi.processors.standard.CryptographicHashAttributeTest - [EXPECTED]  BLAKE2-160(2024-05-02 03:31:56.900 +0100) = 2d20674fa3a98ce24f7325126d4cfeb127df5d4d
[main] INFO org.apache.nifi.processors.standard.CryptographicHashAttributeTest - Setting hash algorithm to BLAKE2-160
[main] INFO org.apache.nifi.processors.standard.CryptographicHashAttributeTest - flowfile.username_BLAKE2-160 = 3183dbb75b206fb429365b5eba35eff3b4ad26e7
[main] INFO org.apache.nifi.processors.standard.CryptographicHashAttributeTest - flowfile.date_BLAKE2-160 = 2d20674fa3a98ce24f7325126d4cfeb127df5d4d
[main] INFO org.apache.nifi.processors.standard.CryptographicHashAttributeTest - [EXPECTED]  BLAKE2-256(alopresto) = c3240ba7756c0b1edb30147b26cc44c26793936b98a2f39a71f0071cc1e4a244
[main] INFO org.apache.nifi.processors.standard.CryptographicHashAttributeTest - [EXPECTED]  BLAKE2-256(2024-05-02 03:31:56.900 +0100) = c6ddfa7ef8b4a73d6ff2e873aff20217e79198727eddd3332e8d5fa04301aef0
[main] INFO org.apache.nifi.processors.standard.CryptographicHashAttributeTest - Setting hash algorithm to BLAKE2-256
[main] INFO org.apache.nifi.processors.standard.CryptographicHashAttributeTest - flowfile.username_BLAKE2-256 = c3240ba7756c0b1edb30147b26cc44c26793936b98a2f39a71f0071cc1e4a244
[main] INFO org.apache.nifi.processors.standard.CryptographicHashAttributeTest - flowfile.date_BLAKE2-256 = c6ddfa7ef8b4a73d6ff2e873aff20217e79198727eddd3332e8d5fa04301aef0
[main] INFO org.apache.nifi.processors.standard.CryptographicHashAttributeTest - [EXPECTED]  BLAKE2-384(alopresto) = f8e38969c7348870e5e7af09beac6931982fae61db1560b4de0b25004e75da48a9d004a8f848f4145bc0fd65778a286e
[main] INFO org.apache.nifi.processors.standard.CryptographicHashAttributeTest - [EXPECTED]  BLAKE2-384(2024-05-02 03:31:56.900 +0100) = aef7514fd685bcbac1b67c76b82ef61b5a4334a432b00399cee482de9876514b3dae7f8791ef151157f0e721d4f594ce
[main] INFO org.apache.nifi.processors.standard.CryptographicHashAttributeTest - Setting hash algorithm to BLAKE2-384
[main] INFO org.apache.nifi.processors.standard.CryptographicHashAttributeTest - flowfile.username_BLAKE2-384 = f8e38969c7348870e5e7af09beac6931982fae61db1560b4de0b25004e75da48a9d004a8f848f4145bc0fd65778a286e
[main] INFO org.apache.nifi.processors.standard.CryptographicHashAttributeTest - flowfile.date_BLAKE2-384 = aef7514fd685bcbac1b67c76b82ef61b5a4334a432b00399cee482de9876514b3dae7f8791ef151157f0e721d4f594ce
[main] INFO org.apache.nifi.processors.standard.CryptographicHashAttributeTest - [EXPECTED]  BLAKE2-512(alopresto) = 581f0339613fb4acf3de694dff4d7066fdaff163ab7af97812cabfd5e2dad0cd618d85099ff691aaa969ca22d244e4cdce43704a506383c7d78eea7754c32bdc
[main] INFO org.apache.nifi.processors.standard.CryptographicHashAttributeTest - [EXPECTED]  BLAKE2-512(2024-05-02 03:31:56.900 +0100) = 63865bd0c175b4bb57d10f9c0418a624ffc16480cad7a23dc85968f42c606af87567055aa5c9151cf3650a3c3d217cab030e7afb04e5aab5f817e70e835503ca
[main] INFO org.apache.nifi.processors.standard.CryptographicHashAttributeTest - Setting hash algorithm to BLAKE2-512
[main] INFO org.apache.nifi.processors.standard.CryptographicHashAttributeTest - flowfile.username_BLAKE2-512 = 581f0339613fb4acf3de694dff4d7066fdaff163ab7af97812cabfd5e2dad0cd618d85099ff691aaa969ca22d244e4cdce43704a506383c7d78eea7754c32bdc
[main] INFO org.apache.nifi.processors.standard.CryptographicHashAttributeTest - flowfile.date_BLAKE2-512 = 63865bd0c175b4bb57d10f9c0418a624ffc16480cad7a23dc85968f42c606af87567055aa5c9151cf3650a3c3d217cab030e7afb04e5aab5f817e70e835503ca
]]></system-err>
  </testcase>
  <testcase name="testShouldCalculateHashWithVariousCharacterEncodings" classname="org.apache.nifi.processors.standard.CryptographicHashAttributeTest" time="0.029">
    <system-err><![CDATA[[main] INFO org.apache.nifi.processors.standard.CryptographicHashAttributeTest - [EXPECTED] MD5(    utf_8(apachenifi)) = a968b5ec1d52449963dcc517789baaaf
[main] INFO org.apache.nifi.processors.standard.CryptographicHashAttributeTest - [EXPECTED] MD5(   utf_16(apachenifi)) = b8413d18f7e64042bb0322a1cd61eba2
[main] INFO org.apache.nifi.processors.standard.CryptographicHashAttributeTest - [EXPECTED] MD5( utf_16be(apachenifi)) = b8413d18f7e64042bb0322a1cd61eba2
[main] INFO org.apache.nifi.processors.standard.CryptographicHashAttributeTest - [EXPECTED] MD5( utf_16le(apachenifi)) = 91c3b67f9f8ae77156f21f271cc09121
[main] INFO org.apache.nifi.processors.standard.CryptographicHashAttributeTest - [EXPECTED] MD5(apachenifi, UTF-8) = a968b5ec1d52449963dcc517789baaaf
[main] INFO org.apache.nifi.processors.standard.CryptographicHashAttributeTest - Setting hash algorithm to MD5
[main] INFO org.apache.nifi.processors.standard.CryptographicHashAttributeTest - Setting character set to UTF-8
[main] INFO org.apache.nifi.processors.standard.CryptographicHashAttributeTest - flowfile.test_attribute_MD5 = a968b5ec1d52449963dcc517789baaaf
[main] WARN org.apache.nifi.security.util.crypto.HashService - The charset provided was UTF-16, but Java will insert a Big Endian BOM in the decoded message before hashing, so switching to UTF-16BE
[main] INFO org.apache.nifi.processors.standard.CryptographicHashAttributeTest - [EXPECTED] MD5(apachenifi, UTF-16) = b8413d18f7e64042bb0322a1cd61eba2
[main] INFO org.apache.nifi.processors.standard.CryptographicHashAttributeTest - Setting hash algorithm to MD5
[main] INFO org.apache.nifi.processors.standard.CryptographicHashAttributeTest - Setting character set to UTF-16
[pool-1325-thread-1] WARN org.apache.nifi.security.util.crypto.HashService - The charset provided was UTF-16, but Java will insert a Big Endian BOM in the decoded message before hashing, so switching to UTF-16BE
[main] INFO org.apache.nifi.processors.standard.CryptographicHashAttributeTest - flowfile.test_attribute_MD5 = b8413d18f7e64042bb0322a1cd61eba2
[main] INFO org.apache.nifi.processors.standard.CryptographicHashAttributeTest - [EXPECTED] MD5(apachenifi, UTF-16LE) = 91c3b67f9f8ae77156f21f271cc09121
[main] INFO org.apache.nifi.processors.standard.CryptographicHashAttributeTest - Setting hash algorithm to MD5
[main] INFO org.apache.nifi.processors.standard.CryptographicHashAttributeTest - Setting character set to UTF-16LE
[main] INFO org.apache.nifi.processors.standard.CryptographicHashAttributeTest - flowfile.test_attribute_MD5 = 91c3b67f9f8ae77156f21f271cc09121
[main] INFO org.apache.nifi.processors.standard.CryptographicHashAttributeTest - [EXPECTED] MD5(apachenifi, UTF-16BE) = b8413d18f7e64042bb0322a1cd61eba2
[main] INFO org.apache.nifi.processors.standard.CryptographicHashAttributeTest - Setting hash algorithm to MD5
[main] INFO org.apache.nifi.processors.standard.CryptographicHashAttributeTest - Setting character set to UTF-16BE
[main] INFO org.apache.nifi.processors.standard.CryptographicHashAttributeTest - flowfile.test_attribute_MD5 = b8413d18f7e64042bb0322a1cd61eba2
]]></system-err>
  </testcase>
  <testcase name="testShouldRouteToFailureOnEmptyAttributes" classname="org.apache.nifi.processors.standard.CryptographicHashAttributeTest" time="0.013">
    <system-err><![CDATA[[main] INFO org.apache.nifi.processors.standard.CryptographicHashAttributeTest - Setting hash algorithm to MD2
[pool-1328-thread-1] INFO org.apache.nifi.processors.standard.CryptographicHashAttribute - CryptographicHashAttribute[id=ff6660ba-f044-402a-8bec-5202f0ea7f06] Routing FlowFile[0,97536890566704.mockFlowFile,0B] to 'failure' because of missing all attributes: 
[main] INFO org.apache.nifi.processors.standard.CryptographicHashAttributeTest - Failed flowfile has attributes [date:null, path:target, filename:97536890566704.mockFlowFile, uuid:6381e234-ceb0-4465-97fe-f7883cb8db37, username:]
[main] INFO org.apache.nifi.processors.standard.CryptographicHashAttributeTest - Setting hash algorithm to MD5
[pool-1329-thread-1] INFO org.apache.nifi.processors.standard.CryptographicHashAttribute - CryptographicHashAttribute[id=ff6660ba-f044-402a-8bec-5202f0ea7f06] Routing FlowFile[1,97536892727638.mockFlowFile,0B] to 'failure' because of missing all attributes: 
[main] INFO org.apache.nifi.processors.standard.CryptographicHashAttributeTest - Failed flowfile has attributes [date:null, path:target, filename:97536892727638.mockFlowFile, uuid:e75ef7c1-3143-486b-81f5-c9caa28799de, username:]
[main] INFO org.apache.nifi.processors.standard.CryptographicHashAttributeTest - Setting hash algorithm to SHA-1
[pool-1330-thread-1] INFO org.apache.nifi.processors.standard.CryptographicHashAttribute - CryptographicHashAttribute[id=ff6660ba-f044-402a-8bec-5202f0ea7f06] Routing FlowFile[2,97536893260697.mockFlowFile,0B] to 'failure' because of missing all attributes: 
[main] INFO org.apache.nifi.processors.standard.CryptographicHashAttributeTest - Failed flowfile has attributes [date:null, path:target, filename:97536893260697.mockFlowFile, uuid:ce941c64-dfaa-48c2-92da-dd044bd11c7d, username:]
[main] INFO org.apache.nifi.processors.standard.CryptographicHashAttributeTest - Setting hash algorithm to SHA-224
[pool-1331-thread-1] INFO org.apache.nifi.processors.standard.CryptographicHashAttribute - CryptographicHashAttribute[id=ff6660ba-f044-402a-8bec-5202f0ea7f06] Routing FlowFile[3,97536893733945.mockFlowFile,0B] to 'failure' because of missing all attributes: 
[main] INFO org.apache.nifi.processors.standard.CryptographicHashAttributeTest - Failed flowfile has attributes [date:null, path:target, filename:97536893733945.mockFlowFile, uuid:f1648382-a3ce-48f8-9dd7-13b46c9adc30, username:]
[main] INFO org.apache.nifi.processors.standard.CryptographicHashAttributeTest - Setting hash algorithm to SHA-256
[pool-1332-thread-1] INFO org.apache.nifi.processors.standard.CryptographicHashAttribute - CryptographicHashAttribute[id=ff6660ba-f044-402a-8bec-5202f0ea7f06] Routing FlowFile[4,97536894241199.mockFlowFile,0B] to 'failure' because of missing all attributes: 
[main] INFO org.apache.nifi.processors.standard.CryptographicHashAttributeTest - Failed flowfile has attributes [date:null, path:target, filename:97536894241199.mockFlowFile, uuid:9530565d-aebe-4663-8037-e5284fae2c73, username:]
[main] INFO org.apache.nifi.processors.standard.CryptographicHashAttributeTest - Setting hash algorithm to SHA-384
[pool-1333-thread-1] INFO org.apache.nifi.processors.standard.CryptographicHashAttribute - CryptographicHashAttribute[id=ff6660ba-f044-402a-8bec-5202f0ea7f06] Routing FlowFile[5,97536894684549.mockFlowFile,0B] to 'failure' because of missing all attributes: 
[main] INFO org.apache.nifi.processors.standard.CryptographicHashAttributeTest - Failed flowfile has attributes [date:null, path:target, filename:97536894684549.mockFlowFile, uuid:0613898b-ff88-474c-8649-ca77d091bcf0, username:]
[main] INFO org.apache.nifi.processors.standard.CryptographicHashAttributeTest - Setting hash algorithm to SHA-512
[pool-1334-thread-1] INFO org.apache.nifi.processors.standard.CryptographicHashAttribute - CryptographicHashAttribute[id=ff6660ba-f044-402a-8bec-5202f0ea7f06] Routing FlowFile[6,97536895349768.mockFlowFile,0B] to 'failure' because of missing all attributes: 
[main] INFO org.apache.nifi.processors.standard.CryptographicHashAttributeTest - Failed flowfile has attributes [date:null, path:target, filename:97536895349768.mockFlowFile, uuid:ab61bf25-9655-47b7-ac9d-e366fd814189, username:]
[main] INFO org.apache.nifi.processors.standard.CryptographicHashAttributeTest - Setting hash algorithm to SHA-512/224
[pool-1335-thread-1] INFO org.apache.nifi.processors.standard.CryptographicHashAttribute - CryptographicHashAttribute[id=ff6660ba-f044-402a-8bec-5202f0ea7f06] Routing FlowFile[7,97536895928689.mockFlowFile,0B] to 'failure' because of missing all attributes: 
[main] INFO org.apache.nifi.processors.standard.CryptographicHashAttributeTest - Failed flowfile has attributes [date:null, path:target, filename:97536895928689.mockFlowFile, uuid:88f89f81-a862-404d-b659-be07cb35954b, username:]
[main] INFO org.apache.nifi.processors.standard.CryptographicHashAttributeTest - Setting hash algorithm to SHA-512/256
[pool-1336-thread-1] INFO org.apache.nifi.processors.standard.CryptographicHashAttribute - CryptographicHashAttribute[id=ff6660ba-f044-402a-8bec-5202f0ea7f06] Routing FlowFile[8,97536897020181.mockFlowFile,0B] to 'failure' because of missing all attributes: 
[main] INFO org.apache.nifi.processors.standard.CryptographicHashAttributeTest - Failed flowfile has attributes [date:null, path:target, filename:97536897020181.mockFlowFile, uuid:a7249b6d-60aa-4252-8369-f4d6c9efecb3, username:]
[main] INFO org.apache.nifi.processors.standard.CryptographicHashAttributeTest - Setting hash algorithm to SHA3-224
[pool-1337-thread-1] INFO org.apache.nifi.processors.standard.CryptographicHashAttribute - CryptographicHashAttribute[id=ff6660ba-f044-402a-8bec-5202f0ea7f06] Routing FlowFile[9,97536897593563.mockFlowFile,0B] to 'failure' because of missing all attributes: 
[main] INFO org.apache.nifi.processors.standard.CryptographicHashAttributeTest - Failed flowfile has attributes [date:null, path:target, filename:97536897593563.mockFlowFile, uuid:d2f26001-bbf4-401b-b460-eaa91ded8fd0, username:]
[main] INFO org.apache.nifi.processors.standard.CryptographicHashAttributeTest - Setting hash algorithm to SHA3-256
[pool-1338-thread-1] INFO org.apache.nifi.processors.standard.CryptographicHashAttribute - CryptographicHashAttribute[id=ff6660ba-f044-402a-8bec-5202f0ea7f06] Routing FlowFile[10,97536898127935.mockFlowFile,0B] to 'failure' because of missing all attributes: 
[main] INFO org.apache.nifi.processors.standard.CryptographicHashAttributeTest - Failed flowfile has attributes [date:null, path:target, filename:97536898127935.mockFlowFile, uuid:36de1e67-caf0-485d-9eee-1a3b26569f1b, username:]
[main] INFO org.apache.nifi.processors.standard.CryptographicHashAttributeTest - Setting hash algorithm to SHA3-384
[pool-1339-thread-1] INFO org.apache.nifi.processors.standard.CryptographicHashAttribute - CryptographicHashAttribute[id=ff6660ba-f044-402a-8bec-5202f0ea7f06] Routing FlowFile[11,97536898624838.mockFlowFile,0B] to 'failure' because of missing all attributes: 
[main] INFO org.apache.nifi.processors.standard.CryptographicHashAttributeTest - Failed flowfile has attributes [date:null, path:target, filename:97536898624838.mockFlowFile, uuid:ae473be6-9125-4575-a060-dd218df22cb1, username:]
[main] INFO org.apache.nifi.processors.standard.CryptographicHashAttributeTest - Setting hash algorithm to SHA3-512
[pool-1340-thread-1] INFO org.apache.nifi.processors.standard.CryptographicHashAttribute - CryptographicHashAttribute[id=ff6660ba-f044-402a-8bec-5202f0ea7f06] Routing FlowFile[12,97536899000630.mockFlowFile,0B] to 'failure' because of missing all attributes: 
[main] INFO org.apache.nifi.processors.standard.CryptographicHashAttributeTest - Failed flowfile has attributes [date:null, path:target, filename:97536899000630.mockFlowFile, uuid:7124155c-f7bf-462c-a027-a7abc48cb179, username:]
[main] INFO org.apache.nifi.processors.standard.CryptographicHashAttributeTest - Setting hash algorithm to BLAKE2-160
[pool-1341-thread-1] INFO org.apache.nifi.processors.standard.CryptographicHashAttribute - CryptographicHashAttribute[id=ff6660ba-f044-402a-8bec-5202f0ea7f06] Routing FlowFile[13,97536899476838.mockFlowFile,0B] to 'failure' because of missing all attributes: 
[main] INFO org.apache.nifi.processors.standard.CryptographicHashAttributeTest - Failed flowfile has attributes [date:null, path:target, filename:97536899476838.mockFlowFile, uuid:f94a8948-6f91-48e2-8037-64e27504c2b9, username:]
[main] INFO org.apache.nifi.processors.standard.CryptographicHashAttributeTest - Setting hash algorithm to BLAKE2-256
[pool-1342-thread-1] INFO org.apache.nifi.processors.standard.CryptographicHashAttribute - CryptographicHashAttribute[id=ff6660ba-f044-402a-8bec-5202f0ea7f06] Routing FlowFile[14,97536899919845.mockFlowFile,0B] to 'failure' because of missing all attributes: 
[main] INFO org.apache.nifi.processors.standard.CryptographicHashAttributeTest - Failed flowfile has attributes [date:null, path:target, filename:97536899919845.mockFlowFile, uuid:bc553da5-7348-40d8-9533-1e97363f3880, username:]
[main] INFO org.apache.nifi.processors.standard.CryptographicHashAttributeTest - Setting hash algorithm to BLAKE2-384
[pool-1343-thread-1] INFO org.apache.nifi.processors.standard.CryptographicHashAttribute - CryptographicHashAttribute[id=ff6660ba-f044-402a-8bec-5202f0ea7f06] Routing FlowFile[15,97536900564567.mockFlowFile,0B] to 'failure' because of missing all attributes: 
[main] INFO org.apache.nifi.processors.standard.CryptographicHashAttributeTest - Failed flowfile has attributes [date:null, path:target, filename:97536900564567.mockFlowFile, uuid:90a0ac97-321e-4de8-9e10-b730d5991add, username:]
[main] INFO org.apache.nifi.processors.standard.CryptographicHashAttributeTest - Setting hash algorithm to BLAKE2-512
[pool-1344-thread-1] INFO org.apache.nifi.processors.standard.CryptographicHashAttribute - CryptographicHashAttribute[id=ff6660ba-f044-402a-8bec-5202f0ea7f06] Routing FlowFile[16,97536901189334.mockFlowFile,0B] to 'failure' because of missing all attributes: 
[main] INFO org.apache.nifi.processors.standard.CryptographicHashAttributeTest - Failed flowfile has attributes [date:null, path:target, filename:97536901189334.mockFlowFile, uuid:a1db14b3-64df-4852-9932-7f68b6a80c5a, username:]
]]></system-err>
  </testcase>
  <testcase name="testShouldCalculateHashOfMissingAttribute" classname="org.apache.nifi.processors.standard.CryptographicHashAttributeTest" time="0.017">
    <system-err><![CDATA[[main] INFO org.apache.nifi.processors.standard.CryptographicHashAttributeTest - [EXPECTED]         MD2() = 8350e5a3e24c153df2275c9f80692773
[main] INFO org.apache.nifi.processors.standard.CryptographicHashAttributeTest - [EXPECTED]         MD2(null) = null
[main] INFO org.apache.nifi.processors.standard.CryptographicHashAttributeTest - Setting hash algorithm to MD2
[main] INFO org.apache.nifi.processors.standard.CryptographicHashAttributeTest - flowfile.username_MD2 = 8350e5a3e24c153df2275c9f80692773
[main] INFO org.apache.nifi.processors.standard.CryptographicHashAttributeTest - flowfile.date_MD2 = null
[main] INFO org.apache.nifi.processors.standard.CryptographicHashAttributeTest - [EXPECTED]         MD5() = d41d8cd98f00b204e9800998ecf8427e
[main] INFO org.apache.nifi.processors.standard.CryptographicHashAttributeTest - [EXPECTED]         MD5(null) = null
[main] INFO org.apache.nifi.processors.standard.CryptographicHashAttributeTest - Setting hash algorithm to MD5
[main] INFO org.apache.nifi.processors.standard.CryptographicHashAttributeTest - flowfile.username_MD5 = d41d8cd98f00b204e9800998ecf8427e
[main] INFO org.apache.nifi.processors.standard.CryptographicHashAttributeTest - flowfile.date_MD5 = null
[main] INFO org.apache.nifi.processors.standard.CryptographicHashAttributeTest - [EXPECTED]       SHA-1() = da39a3ee5e6b4b0d3255bfef95601890afd80709
[main] INFO org.apache.nifi.processors.standard.CryptographicHashAttributeTest - [EXPECTED]       SHA-1(null) = null
[main] INFO org.apache.nifi.processors.standard.CryptographicHashAttributeTest - Setting hash algorithm to SHA-1
[main] INFO org.apache.nifi.processors.standard.CryptographicHashAttributeTest - flowfile.username_SHA-1 = da39a3ee5e6b4b0d3255bfef95601890afd80709
[main] INFO org.apache.nifi.processors.standard.CryptographicHashAttributeTest - flowfile.date_SHA-1 = null
[main] INFO org.apache.nifi.processors.standard.CryptographicHashAttributeTest - [EXPECTED]     SHA-224() = d14a028c2a3a2bc9476102bb288234c415a2b01f828ea62ac5b3e42f
[main] INFO org.apache.nifi.processors.standard.CryptographicHashAttributeTest - [EXPECTED]     SHA-224(null) = null
[main] INFO org.apache.nifi.processors.standard.CryptographicHashAttributeTest - Setting hash algorithm to SHA-224
[main] INFO org.apache.nifi.processors.standard.CryptographicHashAttributeTest - flowfile.username_SHA-224 = d14a028c2a3a2bc9476102bb288234c415a2b01f828ea62ac5b3e42f
[main] INFO org.apache.nifi.processors.standard.CryptographicHashAttributeTest - flowfile.date_SHA-224 = null
[main] INFO org.apache.nifi.processors.standard.CryptographicHashAttributeTest - [EXPECTED]     SHA-256() = e3b0c44298fc1c149afbf4c8996fb92427ae41e4649b934ca495991b7852b855
[main] INFO org.apache.nifi.processors.standard.CryptographicHashAttributeTest - [EXPECTED]     SHA-256(null) = null
[main] INFO org.apache.nifi.processors.standard.CryptographicHashAttributeTest - Setting hash algorithm to SHA-256
[main] INFO org.apache.nifi.processors.standard.CryptographicHashAttributeTest - flowfile.username_SHA-256 = e3b0c44298fc1c149afbf4c8996fb92427ae41e4649b934ca495991b7852b855
[main] INFO org.apache.nifi.processors.standard.CryptographicHashAttributeTest - flowfile.date_SHA-256 = null
[main] INFO org.apache.nifi.processors.standard.CryptographicHashAttributeTest - [EXPECTED]     SHA-384() = 38b060a751ac96384cd9327eb1b1e36a21fdb71114be07434c0cc7bf63f6e1da274edebfe76f65fbd51ad2f14898b95b
[main] INFO org.apache.nifi.processors.standard.CryptographicHashAttributeTest - [EXPECTED]     SHA-384(null) = null
[main] INFO org.apache.nifi.processors.standard.CryptographicHashAttributeTest - Setting hash algorithm to SHA-384
[main] INFO org.apache.nifi.processors.standard.CryptographicHashAttributeTest - flowfile.username_SHA-384 = 38b060a751ac96384cd9327eb1b1e36a21fdb71114be07434c0cc7bf63f6e1da274edebfe76f65fbd51ad2f14898b95b
[main] INFO org.apache.nifi.processors.standard.CryptographicHashAttributeTest - flowfile.date_SHA-384 = null
[main] INFO org.apache.nifi.processors.standard.CryptographicHashAttributeTest - [EXPECTED]     SHA-512() = cf83e1357eefb8bdf1542850d66d8007d620e4050b5715dc83f4a921d36ce9ce47d0d13c5d85f2b0ff8318d2877eec2f63b931bd47417a81a538327af927da3e
[main] INFO org.apache.nifi.processors.standard.CryptographicHashAttributeTest - [EXPECTED]     SHA-512(null) = null
[main] INFO org.apache.nifi.processors.standard.CryptographicHashAttributeTest - Setting hash algorithm to SHA-512
[main] INFO org.apache.nifi.processors.standard.CryptographicHashAttributeTest - flowfile.username_SHA-512 = cf83e1357eefb8bdf1542850d66d8007d620e4050b5715dc83f4a921d36ce9ce47d0d13c5d85f2b0ff8318d2877eec2f63b931bd47417a81a538327af927da3e
[main] INFO org.apache.nifi.processors.standard.CryptographicHashAttributeTest - flowfile.date_SHA-512 = null
[main] INFO org.apache.nifi.processors.standard.CryptographicHashAttributeTest - [EXPECTED] SHA-512/224() = 6ed0dd02806fa89e25de060c19d3ac86cabb87d6a0ddd05c333b84f4
[main] INFO org.apache.nifi.processors.standard.CryptographicHashAttributeTest - [EXPECTED] SHA-512/224(null) = null
[main] INFO org.apache.nifi.processors.standard.CryptographicHashAttributeTest - Setting hash algorithm to SHA-512/224
[main] INFO org.apache.nifi.processors.standard.CryptographicHashAttributeTest - flowfile.username_SHA-512/224 = 6ed0dd02806fa89e25de060c19d3ac86cabb87d6a0ddd05c333b84f4
[main] INFO org.apache.nifi.processors.standard.CryptographicHashAttributeTest - flowfile.date_SHA-512/224 = null
[main] INFO org.apache.nifi.processors.standard.CryptographicHashAttributeTest - [EXPECTED] SHA-512/256() = c672b8d1ef56ed28ab87c3622c5114069bdd3ad7b8f9737498d0c01ecef0967a
[main] INFO org.apache.nifi.processors.standard.CryptographicHashAttributeTest - [EXPECTED] SHA-512/256(null) = null
[main] INFO org.apache.nifi.processors.standard.CryptographicHashAttributeTest - Setting hash algorithm to SHA-512/256
[main] INFO org.apache.nifi.processors.standard.CryptographicHashAttributeTest - flowfile.username_SHA-512/256 = c672b8d1ef56ed28ab87c3622c5114069bdd3ad7b8f9737498d0c01ecef0967a
[main] INFO org.apache.nifi.processors.standard.CryptographicHashAttributeTest - flowfile.date_SHA-512/256 = null
[main] INFO org.apache.nifi.processors.standard.CryptographicHashAttributeTest - [EXPECTED]    SHA3-224() = 6b4e03423667dbb73b6e15454f0eb1abd4597f9a1b078e3f5b5a6bc7
[main] INFO org.apache.nifi.processors.standard.CryptographicHashAttributeTest - [EXPECTED]    SHA3-224(null) = null
[main] INFO org.apache.nifi.processors.standard.CryptographicHashAttributeTest - Setting hash algorithm to SHA3-224
[main] INFO org.apache.nifi.processors.standard.CryptographicHashAttributeTest - flowfile.username_SHA3-224 = 6b4e03423667dbb73b6e15454f0eb1abd4597f9a1b078e3f5b5a6bc7
[main] INFO org.apache.nifi.processors.standard.CryptographicHashAttributeTest - flowfile.date_SHA3-224 = null
[main] INFO org.apache.nifi.processors.standard.CryptographicHashAttributeTest - [EXPECTED]    SHA3-256() = a7ffc6f8bf1ed76651c14756a061d662f580ff4de43b49fa82d80a4b80f8434a
[main] INFO org.apache.nifi.processors.standard.CryptographicHashAttributeTest - [EXPECTED]    SHA3-256(null) = null
[main] INFO org.apache.nifi.processors.standard.CryptographicHashAttributeTest - Setting hash algorithm to SHA3-256
[main] INFO org.apache.nifi.processors.standard.CryptographicHashAttributeTest - flowfile.username_SHA3-256 = a7ffc6f8bf1ed76651c14756a061d662f580ff4de43b49fa82d80a4b80f8434a
[main] INFO org.apache.nifi.processors.standard.CryptographicHashAttributeTest - flowfile.date_SHA3-256 = null
[main] INFO org.apache.nifi.processors.standard.CryptographicHashAttributeTest - [EXPECTED]    SHA3-384() = 0c63a75b845e4f7d01107d852e4c2485c51a50aaaa94fc61995e71bbee983a2ac3713831264adb47fb6bd1e058d5f004
[main] INFO org.apache.nifi.processors.standard.CryptographicHashAttributeTest - [EXPECTED]    SHA3-384(null) = null
[main] INFO org.apache.nifi.processors.standard.CryptographicHashAttributeTest - Setting hash algorithm to SHA3-384
[main] INFO org.apache.nifi.processors.standard.CryptographicHashAttributeTest - flowfile.username_SHA3-384 = 0c63a75b845e4f7d01107d852e4c2485c51a50aaaa94fc61995e71bbee983a2ac3713831264adb47fb6bd1e058d5f004
[main] INFO org.apache.nifi.processors.standard.CryptographicHashAttributeTest - flowfile.date_SHA3-384 = null
[main] INFO org.apache.nifi.processors.standard.CryptographicHashAttributeTest - [EXPECTED]    SHA3-512() = a69f73cca23a9ac5c8b567dc185a756e97c982164fe25859e0d1dcc1475c80a615b2123af1f5f94c11e3e9402c3ac558f500199d95b6d3e301758586281dcd26
[main] INFO org.apache.nifi.processors.standard.CryptographicHashAttributeTest - [EXPECTED]    SHA3-512(null) = null
[main] INFO org.apache.nifi.processors.standard.CryptographicHashAttributeTest - Setting hash algorithm to SHA3-512
[main] INFO org.apache.nifi.processors.standard.CryptographicHashAttributeTest - flowfile.username_SHA3-512 = a69f73cca23a9ac5c8b567dc185a756e97c982164fe25859e0d1dcc1475c80a615b2123af1f5f94c11e3e9402c3ac558f500199d95b6d3e301758586281dcd26
[main] INFO org.apache.nifi.processors.standard.CryptographicHashAttributeTest - flowfile.date_SHA3-512 = null
[main] INFO org.apache.nifi.processors.standard.CryptographicHashAttributeTest - [EXPECTED]  BLAKE2-160() = 3345524abf6bbe1809449224b5972c41790b6cf2
[main] INFO org.apache.nifi.processors.standard.CryptographicHashAttributeTest - [EXPECTED]  BLAKE2-160(null) = null
[main] INFO org.apache.nifi.processors.standard.CryptographicHashAttributeTest - Setting hash algorithm to BLAKE2-160
[main] INFO org.apache.nifi.processors.standard.CryptographicHashAttributeTest - flowfile.username_BLAKE2-160 = 3345524abf6bbe1809449224b5972c41790b6cf2
[main] INFO org.apache.nifi.processors.standard.CryptographicHashAttributeTest - flowfile.date_BLAKE2-160 = null
[main] INFO org.apache.nifi.processors.standard.CryptographicHashAttributeTest - [EXPECTED]  BLAKE2-256() = 0e5751c026e543b2e8ab2eb06099daa1d1e5df47778f7787faab45cdf12fe3a8
[main] INFO org.apache.nifi.processors.standard.CryptographicHashAttributeTest - [EXPECTED]  BLAKE2-256(null) = null
[main] INFO org.apache.nifi.processors.standard.CryptographicHashAttributeTest - Setting hash algorithm to BLAKE2-256
[main] INFO org.apache.nifi.processors.standard.CryptographicHashAttributeTest - flowfile.username_BLAKE2-256 = 0e5751c026e543b2e8ab2eb06099daa1d1e5df47778f7787faab45cdf12fe3a8
[main] INFO org.apache.nifi.processors.standard.CryptographicHashAttributeTest - flowfile.date_BLAKE2-256 = null
[main] INFO org.apache.nifi.processors.standard.CryptographicHashAttributeTest - [EXPECTED]  BLAKE2-384() = b32811423377f52d7862286ee1a72ee540524380fda1724a6f25d7978c6fd3244a6caf0498812673c5e05ef583825100
[main] INFO org.apache.nifi.processors.standard.CryptographicHashAttributeTest - [EXPECTED]  BLAKE2-384(null) = null
[main] INFO org.apache.nifi.processors.standard.CryptographicHashAttributeTest - Setting hash algorithm to BLAKE2-384
[main] INFO org.apache.nifi.processors.standard.CryptographicHashAttributeTest - flowfile.username_BLAKE2-384 = b32811423377f52d7862286ee1a72ee540524380fda1724a6f25d7978c6fd3244a6caf0498812673c5e05ef583825100
[main] INFO org.apache.nifi.processors.standard.CryptographicHashAttributeTest - flowfile.date_BLAKE2-384 = null
[main] INFO org.apache.nifi.processors.standard.CryptographicHashAttributeTest - [EXPECTED]  BLAKE2-512() = 786a02f742015903c6c6fd852552d272912f4740e15847618a86e217f71f5419d25e1031afee585313896444934eb04b903a685b1448b755d56f701afe9be2ce
[main] INFO org.apache.nifi.processors.standard.CryptographicHashAttributeTest - [EXPECTED]  BLAKE2-512(null) = null
[main] INFO org.apache.nifi.processors.standard.CryptographicHashAttributeTest - Setting hash algorithm to BLAKE2-512
[main] INFO org.apache.nifi.processors.standard.CryptographicHashAttributeTest - flowfile.username_BLAKE2-512 = 786a02f742015903c6c6fd852552d272912f4740e15847618a86e217f71f5419d25e1031afee585313896444934eb04b903a685b1448b755d56f701afe9be2ce
[main] INFO org.apache.nifi.processors.standard.CryptographicHashAttributeTest - flowfile.date_BLAKE2-512 = null
]]></system-err>
  </testcase>
  <testcase name="testShouldRouteToSuccessOnAllowPartial" classname="org.apache.nifi.processors.standard.CryptographicHashAttributeTest" time="0.021">
    <system-err><![CDATA[[main] INFO org.apache.nifi.processors.standard.CryptographicHashAttributeTest - [EXPECTED]         MD2() = 8350e5a3e24c153df2275c9f80692773
[main] INFO org.apache.nifi.processors.standard.CryptographicHashAttributeTest - [EXPECTED]         MD2(null) = null
[main] INFO org.apache.nifi.processors.standard.CryptographicHashAttributeTest - Setting hash algorithm to MD2
[main] INFO org.apache.nifi.processors.standard.CryptographicHashAttributeTest - Successful flowfile has attributes [path:target, filename:97536925248001.mockFlowFile, username_MD2:8350e5a3e24c153df2275c9f80692773, uuid:096f98a2-23ab-4b7e-b865-76b8d88aaef0, username:]
[main] INFO org.apache.nifi.processors.standard.CryptographicHashAttributeTest - [EXPECTED]         MD5() = d41d8cd98f00b204e9800998ecf8427e
[main] INFO org.apache.nifi.processors.standard.CryptographicHashAttributeTest - [EXPECTED]         MD5(null) = null
[main] INFO org.apache.nifi.processors.standard.CryptographicHashAttributeTest - Setting hash algorithm to MD5
[main] INFO org.apache.nifi.processors.standard.CryptographicHashAttributeTest - Successful flowfile has attributes [path:target, filename:97536927330610.mockFlowFile, username_MD5:d41d8cd98f00b204e9800998ecf8427e, uuid:e5691ddf-129b-45ed-8d0c-abe87e55fb98, username:]
[main] INFO org.apache.nifi.processors.standard.CryptographicHashAttributeTest - [EXPECTED]       SHA-1() = da39a3ee5e6b4b0d3255bfef95601890afd80709
[main] INFO org.apache.nifi.processors.standard.CryptographicHashAttributeTest - [EXPECTED]       SHA-1(null) = null
[main] INFO org.apache.nifi.processors.standard.CryptographicHashAttributeTest - Setting hash algorithm to SHA-1
[main] INFO org.apache.nifi.processors.standard.CryptographicHashAttributeTest - Successful flowfile has attributes [path:target, filename:97536928063161.mockFlowFile, uuid:282ed7ee-ac9f-4679-82b6-f9e196de9e00, username:, username_SHA-1:da39a3ee5e6b4b0d3255bfef95601890afd80709]
[main] INFO org.apache.nifi.processors.standard.CryptographicHashAttributeTest - [EXPECTED]     SHA-224() = d14a028c2a3a2bc9476102bb288234c415a2b01f828ea62ac5b3e42f
[main] INFO org.apache.nifi.processors.standard.CryptographicHashAttributeTest - [EXPECTED]     SHA-224(null) = null
[main] INFO org.apache.nifi.processors.standard.CryptographicHashAttributeTest - Setting hash algorithm to SHA-224
[main] INFO org.apache.nifi.processors.standard.CryptographicHashAttributeTest - Successful flowfile has attributes [path:target, filename:97536928917456.mockFlowFile, username_SHA-224:d14a028c2a3a2bc9476102bb288234c415a2b01f828ea62ac5b3e42f, uuid:08350be5-5a26-422c-a2ce-25517853e2c6, username:]
[main] INFO org.apache.nifi.processors.standard.CryptographicHashAttributeTest - [EXPECTED]     SHA-256() = e3b0c44298fc1c149afbf4c8996fb92427ae41e4649b934ca495991b7852b855
[main] INFO org.apache.nifi.processors.standard.CryptographicHashAttributeTest - [EXPECTED]     SHA-256(null) = null
[main] INFO org.apache.nifi.processors.standard.CryptographicHashAttributeTest - Setting hash algorithm to SHA-256
[main] INFO org.apache.nifi.processors.standard.CryptographicHashAttributeTest - Successful flowfile has attributes [path:target, filename:97536929838686.mockFlowFile, username_SHA-256:e3b0c44298fc1c149afbf4c8996fb92427ae41e4649b934ca495991b7852b855, uuid:6fa9dfab-85f6-44e0-97ff-089f1c541cb0, username:]
[main] INFO org.apache.nifi.processors.standard.CryptographicHashAttributeTest - [EXPECTED]     SHA-384() = 38b060a751ac96384cd9327eb1b1e36a21fdb71114be07434c0cc7bf63f6e1da274edebfe76f65fbd51ad2f14898b95b
[main] INFO org.apache.nifi.processors.standard.CryptographicHashAttributeTest - [EXPECTED]     SHA-384(null) = null
[main] INFO org.apache.nifi.processors.standard.CryptographicHashAttributeTest - Setting hash algorithm to SHA-384
[main] INFO org.apache.nifi.processors.standard.CryptographicHashAttributeTest - Successful flowfile has attributes [path:target, filename:97536930785240.mockFlowFile, username_SHA-384:38b060a751ac96384cd9327eb1b1e36a21fdb71114be07434c0cc7bf63f6e1da274edebfe76f65fbd51ad2f14898b95b, uuid:49fa4692-1cd9-47c3-a85a-dd1bd915d967, username:]
[main] INFO org.apache.nifi.processors.standard.CryptographicHashAttributeTest - [EXPECTED]     SHA-512() = cf83e1357eefb8bdf1542850d66d8007d620e4050b5715dc83f4a921d36ce9ce47d0d13c5d85f2b0ff8318d2877eec2f63b931bd47417a81a538327af927da3e
[main] INFO org.apache.nifi.processors.standard.CryptographicHashAttributeTest - [EXPECTED]     SHA-512(null) = null
[main] INFO org.apache.nifi.processors.standard.CryptographicHashAttributeTest - Setting hash algorithm to SHA-512
[main] INFO org.apache.nifi.processors.standard.CryptographicHashAttributeTest - Successful flowfile has attributes [path:target, filename:97536931527125.mockFlowFile, uuid:8805f3f3-4fd2-46c9-9290-1624eeeddef4, username_SHA-512:cf83e1357eefb8bdf1542850d66d8007d620e4050b5715dc83f4a921d36ce9ce47d0d13c5d85f2b0ff8318d2877eec2f63b931bd47417a81a538327af927da3e, username:]
[main] INFO org.apache.nifi.processors.standard.CryptographicHashAttributeTest - [EXPECTED] SHA-512/224() = 6ed0dd02806fa89e25de060c19d3ac86cabb87d6a0ddd05c333b84f4
[main] INFO org.apache.nifi.processors.standard.CryptographicHashAttributeTest - [EXPECTED] SHA-512/224(null) = null
[main] INFO org.apache.nifi.processors.standard.CryptographicHashAttributeTest - Setting hash algorithm to SHA-512/224
[main] INFO org.apache.nifi.processors.standard.CryptographicHashAttributeTest - Successful flowfile has attributes [path:target, filename:97536932259000.mockFlowFile, username_SHA-512/224:6ed0dd02806fa89e25de060c19d3ac86cabb87d6a0ddd05c333b84f4, uuid:6eb7c5f7-31e1-4902-abb2-2f38cf050496, username:]
[main] INFO org.apache.nifi.processors.standard.CryptographicHashAttributeTest - [EXPECTED] SHA-512/256() = c672b8d1ef56ed28ab87c3622c5114069bdd3ad7b8f9737498d0c01ecef0967a
[main] INFO org.apache.nifi.processors.standard.CryptographicHashAttributeTest - [EXPECTED] SHA-512/256(null) = null
[main] INFO org.apache.nifi.processors.standard.CryptographicHashAttributeTest - Setting hash algorithm to SHA-512/256
[main] INFO org.apache.nifi.processors.standard.CryptographicHashAttributeTest - Successful flowfile has attributes [path:target, username_SHA-512/256:c672b8d1ef56ed28ab87c3622c5114069bdd3ad7b8f9737498d0c01ecef0967a, filename:97536932857125.mockFlowFile, uuid:e869e318-cc01-415c-860b-67f3e17d7b3f, username:]
[main] INFO org.apache.nifi.processors.standard.CryptographicHashAttributeTest - [EXPECTED]    SHA3-224() = 6b4e03423667dbb73b6e15454f0eb1abd4597f9a1b078e3f5b5a6bc7
[main] INFO org.apache.nifi.processors.standard.CryptographicHashAttributeTest - [EXPECTED]    SHA3-224(null) = null
[main] INFO org.apache.nifi.processors.standard.CryptographicHashAttributeTest - Setting hash algorithm to SHA3-224
[main] INFO org.apache.nifi.processors.standard.CryptographicHashAttributeTest - Successful flowfile has attributes [path:target, filename:97536933514119.mockFlowFile, uuid:4640991d-62ff-4252-a6c6-8250da7029e6, username_SHA3-224:6b4e03423667dbb73b6e15454f0eb1abd4597f9a1b078e3f5b5a6bc7, username:]
[main] INFO org.apache.nifi.processors.standard.CryptographicHashAttributeTest - [EXPECTED]    SHA3-256() = a7ffc6f8bf1ed76651c14756a061d662f580ff4de43b49fa82d80a4b80f8434a
[main] INFO org.apache.nifi.processors.standard.CryptographicHashAttributeTest - [EXPECTED]    SHA3-256(null) = null
[main] INFO org.apache.nifi.processors.standard.CryptographicHashAttributeTest - Setting hash algorithm to SHA3-256
[main] INFO org.apache.nifi.processors.standard.CryptographicHashAttributeTest - Successful flowfile has attributes [path:target, filename:97536934331449.mockFlowFile, username_SHA3-256:a7ffc6f8bf1ed76651c14756a061d662f580ff4de43b49fa82d80a4b80f8434a, uuid:4c6563fa-88c3-4ec0-a0d3-f9b375981e33, username:]
[main] INFO org.apache.nifi.processors.standard.CryptographicHashAttributeTest - [EXPECTED]    SHA3-384() = 0c63a75b845e4f7d01107d852e4c2485c51a50aaaa94fc61995e71bbee983a2ac3713831264adb47fb6bd1e058d5f004
[main] INFO org.apache.nifi.processors.standard.CryptographicHashAttributeTest - [EXPECTED]    SHA3-384(null) = null
[main] INFO org.apache.nifi.processors.standard.CryptographicHashAttributeTest - Setting hash algorithm to SHA3-384
[main] INFO org.apache.nifi.processors.standard.CryptographicHashAttributeTest - Successful flowfile has attributes [path:target, filename:97536935254461.mockFlowFile, username_SHA3-384:0c63a75b845e4f7d01107d852e4c2485c51a50aaaa94fc61995e71bbee983a2ac3713831264adb47fb6bd1e058d5f004, uuid:3ee2ce00-1756-489b-b74b-13959ab5533b, username:]
[main] INFO org.apache.nifi.processors.standard.CryptographicHashAttributeTest - [EXPECTED]    SHA3-512() = a69f73cca23a9ac5c8b567dc185a756e97c982164fe25859e0d1dcc1475c80a615b2123af1f5f94c11e3e9402c3ac558f500199d95b6d3e301758586281dcd26
[main] INFO org.apache.nifi.processors.standard.CryptographicHashAttributeTest - [EXPECTED]    SHA3-512(null) = null
[main] INFO org.apache.nifi.processors.standard.CryptographicHashAttributeTest - Setting hash algorithm to SHA3-512
[main] INFO org.apache.nifi.processors.standard.CryptographicHashAttributeTest - Successful flowfile has attributes [path:target, filename:97536936339842.mockFlowFile, username_SHA3-512:a69f73cca23a9ac5c8b567dc185a756e97c982164fe25859e0d1dcc1475c80a615b2123af1f5f94c11e3e9402c3ac558f500199d95b6d3e301758586281dcd26, uuid:f27a715b-acd2-46f7-815a-dc48e7c29b86, username:]
[main] INFO org.apache.nifi.processors.standard.CryptographicHashAttributeTest - [EXPECTED]  BLAKE2-160() = 3345524abf6bbe1809449224b5972c41790b6cf2
[main] INFO org.apache.nifi.processors.standard.CryptographicHashAttributeTest - [EXPECTED]  BLAKE2-160(null) = null
[main] INFO org.apache.nifi.processors.standard.CryptographicHashAttributeTest - Setting hash algorithm to BLAKE2-160
[main] INFO org.apache.nifi.processors.standard.CryptographicHashAttributeTest - Successful flowfile has attributes [path:target, filename:97536937176377.mockFlowFile, username_BLAKE2-160:3345524abf6bbe1809449224b5972c41790b6cf2, uuid:cdd0c8bf-3147-4b0a-a8cd-80330b95972d, username:]
[main] INFO org.apache.nifi.processors.standard.CryptographicHashAttributeTest - [EXPECTED]  BLAKE2-256() = 0e5751c026e543b2e8ab2eb06099daa1d1e5df47778f7787faab45cdf12fe3a8
[main] INFO org.apache.nifi.processors.standard.CryptographicHashAttributeTest - [EXPECTED]  BLAKE2-256(null) = null
[main] INFO org.apache.nifi.processors.standard.CryptographicHashAttributeTest - Setting hash algorithm to BLAKE2-256
[main] INFO org.apache.nifi.processors.standard.CryptographicHashAttributeTest - Successful flowfile has attributes [path:target, filename:97536937806099.mockFlowFile, username_BLAKE2-256:0e5751c026e543b2e8ab2eb06099daa1d1e5df47778f7787faab45cdf12fe3a8, uuid:d31a98c8-332b-4253-9617-0ddc4d2ca9b3, username:]
[main] INFO org.apache.nifi.processors.standard.CryptographicHashAttributeTest - [EXPECTED]  BLAKE2-384() = b32811423377f52d7862286ee1a72ee540524380fda1724a6f25d7978c6fd3244a6caf0498812673c5e05ef583825100
[main] INFO org.apache.nifi.processors.standard.CryptographicHashAttributeTest - [EXPECTED]  BLAKE2-384(null) = null
[main] INFO org.apache.nifi.processors.standard.CryptographicHashAttributeTest - Setting hash algorithm to BLAKE2-384
[main] INFO org.apache.nifi.processors.standard.CryptographicHashAttributeTest - Successful flowfile has attributes [path:target, filename:97536938927534.mockFlowFile, username_BLAKE2-384:b32811423377f52d7862286ee1a72ee540524380fda1724a6f25d7978c6fd3244a6caf0498812673c5e05ef583825100, uuid:8520e279-0ea9-49a8-9577-fba8bb327abc, username:]
[main] INFO org.apache.nifi.processors.standard.CryptographicHashAttributeTest - [EXPECTED]  BLAKE2-512() = 786a02f742015903c6c6fd852552d272912f4740e15847618a86e217f71f5419d25e1031afee585313896444934eb04b903a685b1448b755d56f701afe9be2ce
[main] INFO org.apache.nifi.processors.standard.CryptographicHashAttributeTest - [EXPECTED]  BLAKE2-512(null) = null
[main] INFO org.apache.nifi.processors.standard.CryptographicHashAttributeTest - Setting hash algorithm to BLAKE2-512
[main] INFO org.apache.nifi.processors.standard.CryptographicHashAttributeTest - Successful flowfile has attributes [path:target, filename:97536940192613.mockFlowFile, username_BLAKE2-512:786a02f742015903c6c6fd852552d272912f4740e15847618a86e217f71f5419d25e1031afee585313896444934eb04b903a685b1448b755d56f701afe9be2ce, uuid:2bf53193-9f57-4ed8-b65a-03fcbf0ffcd2, username:]
]]></system-err>
  </testcase>
  <testcase name="testShouldRouteToFailureOnProhibitedMissingAttribute" classname="org.apache.nifi.processors.standard.CryptographicHashAttributeTest" time="0.055">
    <system-err><![CDATA[[main] INFO org.apache.nifi.processors.standard.CryptographicHashAttributeTest - [EXPECTED]         MD2() = 8350e5a3e24c153df2275c9f80692773
[main] INFO org.apache.nifi.processors.standard.CryptographicHashAttributeTest - [EXPECTED]         MD2(null) = null
[main] INFO org.apache.nifi.processors.standard.CryptographicHashAttributeTest - Setting hash algorithm to MD2
[pool-1379-thread-1] INFO org.apache.nifi.processors.standard.CryptographicHashAttribute - CryptographicHashAttribute[id=28a35e27-ad3c-4f60-a837-25574fdf9acd] Routing FlowFile[0,97536981816946.mockFlowFile,0B] to 'failure' because of missing attributes: date 
[main] INFO org.apache.nifi.processors.standard.CryptographicHashAttributeTest - Failed flowfile has attributes [date:null, path:target, filename:97536981816946.mockFlowFile, uuid:01609589-7e0a-4f73-a3bc-7dd3fd88f49d, username:]
[main] INFO org.apache.nifi.processors.standard.CryptographicHashAttributeTest - [EXPECTED]         MD5() = d41d8cd98f00b204e9800998ecf8427e
[main] INFO org.apache.nifi.processors.standard.CryptographicHashAttributeTest - [EXPECTED]         MD5(null) = null
[main] INFO org.apache.nifi.processors.standard.CryptographicHashAttributeTest - Setting hash algorithm to MD5
[pool-1380-thread-1] INFO org.apache.nifi.processors.standard.CryptographicHashAttribute - CryptographicHashAttribute[id=28a35e27-ad3c-4f60-a837-25574fdf9acd] Routing FlowFile[1,97536984052255.mockFlowFile,0B] to 'failure' because of missing attributes: date 
[main] INFO org.apache.nifi.processors.standard.CryptographicHashAttributeTest - Failed flowfile has attributes [date:null, path:target, filename:97536984052255.mockFlowFile, uuid:e601e381-d47c-44ff-ae20-e8bb5f5ddb84, username:]
[main] INFO org.apache.nifi.processors.standard.CryptographicHashAttributeTest - [EXPECTED]       SHA-1() = da39a3ee5e6b4b0d3255bfef95601890afd80709
[main] INFO org.apache.nifi.processors.standard.CryptographicHashAttributeTest - [EXPECTED]       SHA-1(null) = null
[main] INFO org.apache.nifi.processors.standard.CryptographicHashAttributeTest - Setting hash algorithm to SHA-1
[pool-1381-thread-1] INFO org.apache.nifi.processors.standard.CryptographicHashAttribute - CryptographicHashAttribute[id=28a35e27-ad3c-4f60-a837-25574fdf9acd] Routing FlowFile[2,97536984727810.mockFlowFile,0B] to 'failure' because of missing attributes: date 
[main] INFO org.apache.nifi.processors.standard.CryptographicHashAttributeTest - Failed flowfile has attributes [date:null, path:target, filename:97536984727810.mockFlowFile, uuid:c7b81b7e-4b3c-4803-ab9d-b0161a38d548, username:]
[main] INFO org.apache.nifi.processors.standard.CryptographicHashAttributeTest - [EXPECTED]     SHA-224() = d14a028c2a3a2bc9476102bb288234c415a2b01f828ea62ac5b3e42f
[main] INFO org.apache.nifi.processors.standard.CryptographicHashAttributeTest - [EXPECTED]     SHA-224(null) = null
[main] INFO org.apache.nifi.processors.standard.CryptographicHashAttributeTest - Setting hash algorithm to SHA-224
[pool-1382-thread-1] INFO org.apache.nifi.processors.standard.CryptographicHashAttribute - CryptographicHashAttribute[id=28a35e27-ad3c-4f60-a837-25574fdf9acd] Routing FlowFile[3,97536985435116.mockFlowFile,0B] to 'failure' because of missing attributes: date 
[main] INFO org.apache.nifi.processors.standard.CryptographicHashAttributeTest - Failed flowfile has attributes [date:null, path:target, filename:97536985435116.mockFlowFile, uuid:f2efc750-71e2-430b-81b9-383a07aaa6d5, username:]
[main] INFO org.apache.nifi.processors.standard.CryptographicHashAttributeTest - [EXPECTED]     SHA-256() = e3b0c44298fc1c149afbf4c8996fb92427ae41e4649b934ca495991b7852b855
[main] INFO org.apache.nifi.processors.standard.CryptographicHashAttributeTest - [EXPECTED]     SHA-256(null) = null
[main] INFO org.apache.nifi.processors.standard.CryptographicHashAttributeTest - Setting hash algorithm to SHA-256
[pool-1383-thread-1] INFO org.apache.nifi.processors.standard.CryptographicHashAttribute - CryptographicHashAttribute[id=28a35e27-ad3c-4f60-a837-25574fdf9acd] Routing FlowFile[4,97536986094094.mockFlowFile,0B] to 'failure' because of missing attributes: date 
[main] INFO org.apache.nifi.processors.standard.CryptographicHashAttributeTest - Failed flowfile has attributes [date:null, path:target, filename:97536986094094.mockFlowFile, uuid:147ce15b-be8f-4886-bba5-bd050d4254ad, username:]
[main] INFO org.apache.nifi.processors.standard.CryptographicHashAttributeTest - [EXPECTED]     SHA-384() = 38b060a751ac96384cd9327eb1b1e36a21fdb71114be07434c0cc7bf63f6e1da274edebfe76f65fbd51ad2f14898b95b
[main] INFO org.apache.nifi.processors.standard.CryptographicHashAttributeTest - [EXPECTED]     SHA-384(null) = null
[main] INFO org.apache.nifi.processors.standard.CryptographicHashAttributeTest - Setting hash algorithm to SHA-384
[pool-1384-thread-1] INFO org.apache.nifi.processors.standard.CryptographicHashAttribute - CryptographicHashAttribute[id=28a35e27-ad3c-4f60-a837-25574fdf9acd] Routing FlowFile[5,97536986838813.mockFlowFile,0B] to 'failure' because of missing attributes: date 
[main] INFO org.apache.nifi.processors.standard.CryptographicHashAttributeTest - Failed flowfile has attributes [date:null, path:target, filename:97536986838813.mockFlowFile, uuid:a66dfddf-9856-4dd6-9f2e-65b0931d406a, username:]
[main] INFO org.apache.nifi.processors.standard.CryptographicHashAttributeTest - [EXPECTED]     SHA-512() = cf83e1357eefb8bdf1542850d66d8007d620e4050b5715dc83f4a921d36ce9ce47d0d13c5d85f2b0ff8318d2877eec2f63b931bd47417a81a538327af927da3e
[main] INFO org.apache.nifi.processors.standard.CryptographicHashAttributeTest - [EXPECTED]     SHA-512(null) = null
[main] INFO org.apache.nifi.processors.standard.CryptographicHashAttributeTest - Setting hash algorithm to SHA-512
[pool-1385-thread-1] INFO org.apache.nifi.processors.standard.CryptographicHashAttribute - CryptographicHashAttribute[id=28a35e27-ad3c-4f60-a837-25574fdf9acd] Routing FlowFile[6,97536987530110.mockFlowFile,0B] to 'failure' because of missing attributes: date 
[main] INFO org.apache.nifi.processors.standard.CryptographicHashAttributeTest - Failed flowfile has attributes [date:null, path:target, filename:97536987530110.mockFlowFile, uuid:9e543af0-054e-4755-bcc2-e41b226d9084, username:]
[main] INFO org.apache.nifi.processors.standard.CryptographicHashAttributeTest - [EXPECTED] SHA-512/224() = 6ed0dd02806fa89e25de060c19d3ac86cabb87d6a0ddd05c333b84f4
[main] INFO org.apache.nifi.processors.standard.CryptographicHashAttributeTest - [EXPECTED] SHA-512/224(null) = null
[main] INFO org.apache.nifi.processors.standard.CryptographicHashAttributeTest - Setting hash algorithm to SHA-512/224
[pool-1386-thread-1] INFO org.apache.nifi.processors.standard.CryptographicHashAttribute - CryptographicHashAttribute[id=28a35e27-ad3c-4f60-a837-25574fdf9acd] Routing FlowFile[7,97536988568783.mockFlowFile,0B] to 'failure' because of missing attributes: date 
[main] INFO org.apache.nifi.processors.standard.CryptographicHashAttributeTest - Failed flowfile has attributes [date:null, path:target, filename:97536988568783.mockFlowFile, uuid:527266eb-6c81-4dfa-823c-7300b677f816, username:]
[main] INFO org.apache.nifi.processors.standard.CryptographicHashAttributeTest - [EXPECTED] SHA-512/256() = c672b8d1ef56ed28ab87c3622c5114069bdd3ad7b8f9737498d0c01ecef0967a
[main] INFO org.apache.nifi.processors.standard.CryptographicHashAttributeTest - [EXPECTED] SHA-512/256(null) = null
[main] INFO org.apache.nifi.processors.standard.CryptographicHashAttributeTest - Setting hash algorithm to SHA-512/256
[pool-1387-thread-1] INFO org.apache.nifi.processors.standard.CryptographicHashAttribute - CryptographicHashAttribute[id=28a35e27-ad3c-4f60-a837-25574fdf9acd] Routing FlowFile[8,97536989531309.mockFlowFile,0B] to 'failure' because of missing attributes: date 
[main] INFO org.apache.nifi.processors.standard.CryptographicHashAttributeTest - Failed flowfile has attributes [date:null, path:target, filename:97536989531309.mockFlowFile, uuid:718723dc-dfba-4e71-a127-abb14e5e7a43, username:]
[main] INFO org.apache.nifi.processors.standard.CryptographicHashAttributeTest - [EXPECTED]    SHA3-224() = 6b4e03423667dbb73b6e15454f0eb1abd4597f9a1b078e3f5b5a6bc7
[main] INFO org.apache.nifi.processors.standard.CryptographicHashAttributeTest - [EXPECTED]    SHA3-224(null) = null
[main] INFO org.apache.nifi.processors.standard.CryptographicHashAttributeTest - Setting hash algorithm to SHA3-224
[pool-1388-thread-1] INFO org.apache.nifi.processors.standard.CryptographicHashAttribute - CryptographicHashAttribute[id=28a35e27-ad3c-4f60-a837-25574fdf9acd] Routing FlowFile[9,97536990222039.mockFlowFile,0B] to 'failure' because of missing attributes: date 
[main] INFO org.apache.nifi.processors.standard.CryptographicHashAttributeTest - Failed flowfile has attributes [date:null, path:target, filename:97536990222039.mockFlowFile, uuid:6a88432d-ea8b-481a-8b5d-96b689ed1c46, username:]
[main] INFO org.apache.nifi.processors.standard.CryptographicHashAttributeTest - [EXPECTED]    SHA3-256() = a7ffc6f8bf1ed76651c14756a061d662f580ff4de43b49fa82d80a4b80f8434a
[main] INFO org.apache.nifi.processors.standard.CryptographicHashAttributeTest - [EXPECTED]    SHA3-256(null) = null
[main] INFO org.apache.nifi.processors.standard.CryptographicHashAttributeTest - Setting hash algorithm to SHA3-256
[pool-1389-thread-1] INFO org.apache.nifi.processors.standard.CryptographicHashAttribute - CryptographicHashAttribute[id=28a35e27-ad3c-4f60-a837-25574fdf9acd] Routing FlowFile[10,97536990897980.mockFlowFile,0B] to 'failure' because of missing attributes: date 
[main] INFO org.apache.nifi.processors.standard.CryptographicHashAttributeTest - Failed flowfile has attributes [date:null, path:target, filename:97536990897980.mockFlowFile, uuid:6eacfe34-60ae-4d63-b4d0-781c46b1e4c0, username:]
[main] INFO org.apache.nifi.processors.standard.CryptographicHashAttributeTest - [EXPECTED]    SHA3-384() = 0c63a75b845e4f7d01107d852e4c2485c51a50aaaa94fc61995e71bbee983a2ac3713831264adb47fb6bd1e058d5f004
[main] INFO org.apache.nifi.processors.standard.CryptographicHashAttributeTest - [EXPECTED]    SHA3-384(null) = null
[main] INFO org.apache.nifi.processors.standard.CryptographicHashAttributeTest - Setting hash algorithm to SHA3-384
[pool-1390-thread-1] INFO org.apache.nifi.processors.standard.CryptographicHashAttribute - CryptographicHashAttribute[id=28a35e27-ad3c-4f60-a837-25574fdf9acd] Routing FlowFile[11,97536991672429.mockFlowFile,0B] to 'failure' because of missing attributes: date 
[main] INFO org.apache.nifi.processors.standard.CryptographicHashAttributeTest - Failed flowfile has attributes [date:null, path:target, filename:97536991672429.mockFlowFile, uuid:e3f81262-b0e3-4b20-9a46-0c0ca621a5d4, username:]
[main] INFO org.apache.nifi.processors.standard.CryptographicHashAttributeTest - [EXPECTED]    SHA3-512() = a69f73cca23a9ac5c8b567dc185a756e97c982164fe25859e0d1dcc1475c80a615b2123af1f5f94c11e3e9402c3ac558f500199d95b6d3e301758586281dcd26
[main] INFO org.apache.nifi.processors.standard.CryptographicHashAttributeTest - [EXPECTED]    SHA3-512(null) = null
[main] INFO org.apache.nifi.processors.standard.CryptographicHashAttributeTest - Setting hash algorithm to SHA3-512
[pool-1391-thread-1] INFO org.apache.nifi.processors.standard.CryptographicHashAttribute - CryptographicHashAttribute[id=28a35e27-ad3c-4f60-a837-25574fdf9acd] Routing FlowFile[12,97536992259490.mockFlowFile,0B] to 'failure' because of missing attributes: date 
[main] INFO org.apache.nifi.processors.standard.CryptographicHashAttributeTest - Failed flowfile has attributes [date:null, path:target, filename:97536992259490.mockFlowFile, uuid:8a8ede07-8ac7-4748-9c52-1341689bd3e5, username:]
[main] INFO org.apache.nifi.processors.standard.CryptographicHashAttributeTest - [EXPECTED]  BLAKE2-160() = 3345524abf6bbe1809449224b5972c41790b6cf2
[main] INFO org.apache.nifi.processors.standard.CryptographicHashAttributeTest - [EXPECTED]  BLAKE2-160(null) = null
[main] INFO org.apache.nifi.processors.standard.CryptographicHashAttributeTest - Setting hash algorithm to BLAKE2-160
[pool-1392-thread-1] INFO org.apache.nifi.processors.standard.CryptographicHashAttribute - CryptographicHashAttribute[id=28a35e27-ad3c-4f60-a837-25574fdf9acd] Routing FlowFile[13,97536992832895.mockFlowFile,0B] to 'failure' because of missing attributes: date 
[main] INFO org.apache.nifi.processors.standard.CryptographicHashAttributeTest - Failed flowfile has attributes [date:null, path:target, filename:97536992832895.mockFlowFile, uuid:9df5fb06-662e-426d-9305-5d159a97f01e, username:]
[main] INFO org.apache.nifi.processors.standard.CryptographicHashAttributeTest - [EXPECTED]  BLAKE2-256() = 0e5751c026e543b2e8ab2eb06099daa1d1e5df47778f7787faab45cdf12fe3a8
[main] INFO org.apache.nifi.processors.standard.CryptographicHashAttributeTest - [EXPECTED]  BLAKE2-256(null) = null
[main] INFO org.apache.nifi.processors.standard.CryptographicHashAttributeTest - Setting hash algorithm to BLAKE2-256
[pool-1393-thread-1] INFO org.apache.nifi.processors.standard.CryptographicHashAttribute - CryptographicHashAttribute[id=28a35e27-ad3c-4f60-a837-25574fdf9acd] Routing FlowFile[14,97536993371038.mockFlowFile,0B] to 'failure' because of missing attributes: date 
[main] INFO org.apache.nifi.processors.standard.CryptographicHashAttributeTest - Failed flowfile has attributes [date:null, path:target, filename:97536993371038.mockFlowFile, uuid:3eeadad0-3deb-4176-9a9a-1f75d3ddf7e9, username:]
[main] INFO org.apache.nifi.processors.standard.CryptographicHashAttributeTest - [EXPECTED]  BLAKE2-384() = b32811423377f52d7862286ee1a72ee540524380fda1724a6f25d7978c6fd3244a6caf0498812673c5e05ef583825100
[main] INFO org.apache.nifi.processors.standard.CryptographicHashAttributeTest - [EXPECTED]  BLAKE2-384(null) = null
[main] INFO org.apache.nifi.processors.standard.CryptographicHashAttributeTest - Setting hash algorithm to BLAKE2-384
[pool-1394-thread-1] INFO org.apache.nifi.processors.standard.CryptographicHashAttribute - CryptographicHashAttribute[id=28a35e27-ad3c-4f60-a837-25574fdf9acd] Routing FlowFile[15,97536994065136.mockFlowFile,0B] to 'failure' because of missing attributes: date 
[main] INFO org.apache.nifi.processors.standard.CryptographicHashAttributeTest - Failed flowfile has attributes [date:null, path:target, filename:97536994065136.mockFlowFile, uuid:7297f972-5068-4cfb-88ed-d085f689cf43, username:]
[main] INFO org.apache.nifi.processors.standard.CryptographicHashAttributeTest - [EXPECTED]  BLAKE2-512() = 786a02f742015903c6c6fd852552d272912f4740e15847618a86e217f71f5419d25e1031afee585313896444934eb04b903a685b1448b755d56f701afe9be2ce
[main] INFO org.apache.nifi.processors.standard.CryptographicHashAttributeTest - [EXPECTED]  BLAKE2-512(null) = null
[main] INFO org.apache.nifi.processors.standard.CryptographicHashAttributeTest - Setting hash algorithm to BLAKE2-512
[pool-1395-thread-1] INFO org.apache.nifi.processors.standard.CryptographicHashAttribute - CryptographicHashAttribute[id=28a35e27-ad3c-4f60-a837-25574fdf9acd] Routing FlowFile[16,97536994719452.mockFlowFile,0B] to 'failure' because of missing attributes: date 
[main] INFO org.apache.nifi.processors.standard.CryptographicHashAttributeTest - Failed flowfile has attributes [date:null, path:target, filename:97536994719452.mockFlowFile, uuid:94cec7e7-7290-4156-9706-b374148ebcac, username:]
]]></system-err>
  </testcase>
</testsuite>