<?xml version="1.0" encoding="UTF-8"?>
<testsuite xmlns:xsi="http://www.w3.org/2001/XMLSchema-instance" xsi:noNamespaceSchemaLocation="https://maven.apache.org/surefire/maven-surefire-plugin/xsd/surefire-test-report-3.0.xsd" version="3.0" name="org.apache.nifi.processors.standard.TestReplaceText" time="0.177" tests="99" errors="0" skipped="0" failures="0">
  <properties>
    <property name="sun.desktop" value="gnome"/>
    <property name="awt.toolkit" value="sun.awt.X11.XToolkit"/>
    <property name="file.encoding.pkg" value="sun.io"/>
    <property name="java.specification.version" value="1.8"/>
    <property name="sun.cpu.isalist" value=""/>
    <property name="sun.jnu.encoding" value="UTF-8"/>
    <property name="java.class.path" value="/home/alex/Repositories/nifi/nifi-nar-bundles/nifi-standard-bundle/nifi-standard-processors/target/test-classes:/home/alex/Repositories/nifi/nifi-nar-bundles/nifi-standard-bundle/nifi-standard-processors/target/classes:/home/alex/.m2/repository/org/apache/ftpserver/ftpserver-core/1.1.1/ftpserver-core-1.1.1.jar:/home/alex/.m2/repository/org/apache/ftpserver/ftplet-api/1.1.1/ftplet-api-1.1.1.jar:/home/alex/.m2/repository/org/slf4j/slf4j-api/1.7.32/slf4j-api-1.7.32.jar:/home/alex/.m2/repository/org/apache/mina/mina-core/2.0.16/mina-core-2.0.16.jar:/home/alex/Repositories/nifi/nifi-api/target/classes:/home/alex/Repositories/nifi/nifi-commons/nifi-expression-language/target/classes:/home/alex/.m2/repository/org/antlr/antlr-runtime/3.5.2/antlr-runtime-3.5.2.jar:/home/alex/Repositories/nifi/nifi-commons/nifi-parameter/target/classes:/home/alex/Repositories/nifi/nifi-commons/nifi-uuid5/target/classes:/home/alex/.m2/repository/org/apache/commons/commons-text/1.8/commons-text-1.8.jar:/home/alex/Repositories/nifi/nifi-nar-bundles/nifi-extension-utils/nifi-processor-utils/target/classes:/home/alex/Repositories/nifi/nifi-commons/nifi-security-socket-ssl/target/classes:/home/alex/Repositories/nifi/nifi-nar-bundles/nifi-extension-utils/nifi-event-transport/target/classes:/home/alex/.m2/repository/io/netty/netty-handler/4.1.69.Final/netty-handler-4.1.69.Final.jar:/home/alex/.m2/repository/io/netty/netty-common/4.1.69.Final/netty-common-4.1.69.Final.jar:/home/alex/.m2/repository/io/netty/netty-resolver/4.1.69.Final/netty-resolver-4.1.69.Final.jar:/home/alex/.m2/repository/io/netty/netty-transport/4.1.69.Final/netty-transport-4.1.69.Final.jar:/home/alex/.m2/repository/io/netty/netty-codec/4.1.69.Final/netty-codec-4.1.69.Final.jar:/home/alex/Repositories/nifi/nifi-nar-bundles/nifi-extension-utils/nifi-syslog-utils/target/classes:/home/alex/.m2/repository/com/github/palindromicity/simple-syslog-5424/0.0.16/simple-syslog-5424-0.0.16.jar:/home/alex/.m2/repository/org/antlr/antlr4-runtime/4.7.2/antlr4-runtime-4.7.2.jar:/home/alex/Repositories/nifi/nifi-commons/nifi-utils/target/classes:/home/alex/Repositories/nifi/nifi-commons/nifi-record-path/target/classes:/home/alex/Repositories/nifi/nifi-commons/nifi-properties/target/classes:/home/alex/Repositories/nifi/nifi-commons/nifi-property-utils/target/classes:/home/alex/.m2/repository/com/github/ben-manes/caffeine/caffeine/2.8.1/caffeine-2.8.1.jar:/home/alex/Repositories/nifi/nifi-nar-bundles/nifi-standard-services/nifi-ssl-context-service-api/target/classes:/home/alex/Repositories/nifi/nifi-commons/nifi-security-utils-api/target/classes:/home/alex/Repositories/nifi/nifi-nar-bundles/nifi-standard-services/nifi-lookup-service-api/target/classes:/home/alex/Repositories/nifi/nifi-commons/nifi-flowfile-packager/target/classes:/home/alex/Repositories/nifi/nifi-nar-bundles/nifi-standard-services/nifi-distributed-cache-client-service-api/target/classes:/home/alex/Repositories/nifi/nifi-nar-bundles/nifi-standard-services/nifi-http-context-map-api/target/classes:/home/alex/Repositories/nifi/nifi-nar-bundles/nifi-standard-services/nifi-record-serialization-service-api/target/classes:/home/alex/Repositories/nifi/nifi-nar-bundles/nifi-standard-services/nifi-proxy-configuration-api/target/classes:/home/alex/Repositories/nifi/nifi-commons/nifi-record/target/classes:/home/alex/Repositories/nifi/nifi-nar-bundles/nifi-standard-services/nifi-record-sink-api/target/classes:/home/alex/.m2/repository/commons-io/commons-io/2.10.0/commons-io-2.10.0.jar:/home/alex/.m2/repository/javax/ws/rs/javax.ws.rs-api/2.1/javax.ws.rs-api-2.1.jar:/home/alex/.m2/repository/commons-net/commons-net/3.6/commons-net-3.6.jar:/home/alex/.m2/repository/org/apache/commons/commons-compress/1.21/commons-compress-1.21.jar:/home/alex/.m2/repository/org/apache/commons/commons-lang3/3.9/commons-lang3-3.9.jar:/home/alex/.m2/repository/org/bouncycastle/bcprov-jdk15on/1.69/bcprov-jdk15on-1.69.jar:/home/alex/.m2/repository/org/bouncycastle/bcpg-jdk15on/1.69/bcpg-jdk15on-1.69.jar:/home/alex/.m2/repository/org/bouncycastle/bcpkix-jdk15on/1.69/bcpkix-jdk15on-1.69.jar:/home/alex/.m2/repository/org/bouncycastle/bcutil-jdk15on/1.69/bcutil-jdk15on-1.69.jar:/home/alex/.m2/repository/commons-codec/commons-codec/1.14/commons-codec-1.14.jar:/home/alex/Repositories/nifi/nifi-commons/nifi-security-utils/target/classes:/home/alex/Repositories/nifi/nifi-commons/nifi-security-kms/target/classes:/home/alex/.m2/repository/org/apache/commons/commons-configuration2/2.7/commons-configuration2-2.7.jar:/home/alex/.m2/repository/com/hierynomus/sshj/0.32.0/sshj-0.32.0.jar:/home/alex/.m2/repository/com/jcraft/jzlib/1.1.3/jzlib-1.1.3.jar:/home/alex/.m2/repository/com/hierynomus/asn-one/0.6.0/asn-one-0.6.0.jar:/home/alex/.m2/repository/net/i2p/crypto/eddsa/0.3.0/eddsa-0.3.0.jar:/home/alex/.m2/repository/org/eclipse/jetty/jetty-server/9.4.44.v20210927/jetty-server-9.4.44.v20210927.jar:/home/alex/.m2/repository/javax/servlet/javax.servlet-api/3.1.0/javax.servlet-api-3.1.0.jar:/home/alex/.m2/repository/org/eclipse/jetty/jetty-http/9.4.44.v20210927/jetty-http-9.4.44.v20210927.jar:/home/alex/.m2/repository/org/eclipse/jetty/jetty-util/9.4.44.v20210927/jetty-util-9.4.44.v20210927.jar:/home/alex/.m2/repository/org/eclipse/jetty/jetty-io/9.4.44.v20210927/jetty-io-9.4.44.v20210927.jar:/home/alex/.m2/repository/org/eclipse/jetty/jetty-servlet/9.4.44.v20210927/jetty-servlet-9.4.44.v20210927.jar:/home/alex/.m2/repository/org/eclipse/jetty/jetty-security/9.4.44.v20210927/jetty-security-9.4.44.v20210927.jar:/home/alex/.m2/repository/org/eclipse/jetty/jetty-util-ajax/9.4.44.v20210927/jetty-util-ajax-9.4.44.v20210927.jar:/home/alex/.m2/repository/org/apache/httpcomponents/httpclient/4.5.5/httpclient-4.5.5.jar:/home/alex/.m2/repository/commons-logging/commons-logging/1.2/commons-logging-1.2.jar:/home/alex/.m2/repository/org/apache/httpcomponents/httpcore/4.4.9/httpcore-4.4.9.jar:/home/alex/.m2/repository/jakarta/activation/jakarta.activation-api/2.0.1/jakarta.activation-api-2.0.1.jar:/home/alex/.m2/repository/com/sun/activation/jakarta.activation/2.0.1/jakarta.activation-2.0.1.jar:/home/alex/.m2/repository/jakarta/mail/jakarta.mail-api/2.0.1/jakarta.mail-api-2.0.1.jar:/home/alex/.m2/repository/com/sun/mail/jakarta.mail/2.0.1/jakarta.mail-2.0.1.jar:/home/alex/.m2/repository/com/github/jponge/lzma-java/1.3/lzma-java-1.3.jar:/home/alex/.m2/repository/org/tukaani/xz/1.8/xz-1.8.jar:/home/alex/.m2/repository/net/sf/saxon/Saxon-HE/10.6/Saxon-HE-10.6.jar:/home/alex/Repositories/nifi/nifi-commons/nifi-socket-utils/target/classes:/home/alex/Repositories/nifi/nifi-commons/nifi-logging-utils/target/classes:/home/alex/Repositories/nifi/nifi-nar-bundles/nifi-standard-services/nifi-load-distribution-service-api/target/classes:/home/alex/.m2/repository/javax/jms/javax.jms-api/2.0.1/javax.jms-api-2.0.1.jar:/home/alex/.m2/repository/org/apache/activemq/activemq-client/5.15.15/activemq-client-5.15.15.jar:/home/alex/.m2/repository/org/apache/geronimo/specs/geronimo-jms_1.1_spec/1.1.1/geronimo-jms_1.1_spec-1.1.1.jar:/home/alex/.m2/repository/org/fusesource/hawtbuf/hawtbuf/1.11/hawtbuf-1.11.jar:/home/alex/.m2/repository/org/apache/geronimo/specs/geronimo-j2ee-management_1.1_spec/1.0.1/geronimo-j2ee-management_1.1_spec-1.0.1.jar:/home/alex/.m2/repository/com/jayway/jsonpath/json-path/2.6.0/json-path-2.6.0.jar:/home/alex/.m2/repository/net/minidev/json-smart/2.4.7/json-smart-2.4.7.jar:/home/alex/.m2/repository/net/minidev/accessors-smart/2.4.7/accessors-smart-2.4.7.jar:/home/alex/.m2/repository/org/ow2/asm/asm/9.1/asm-9.1.jar:/home/alex/.m2/repository/org/apache/tika/tika-core/1.26/tika-core-1.26.jar:/home/alex/.m2/repository/com/fasterxml/jackson/core/jackson-databind/2.12.3/jackson-databind-2.12.3.jar:/home/alex/.m2/repository/com/fasterxml/jackson/core/jackson-annotations/2.12.3/jackson-annotations-2.12.3.jar:/home/alex/.m2/repository/com/fasterxml/jackson/core/jackson-core/2.12.3/jackson-core-2.12.3.jar:/home/alex/Repositories/nifi/nifi-nar-bundles/nifi-extension-utils/nifi-record-utils/nifi-avro-record-utils/target/classes:/home/alex/Repositories/nifi/nifi-nar-bundles/nifi-extension-utils/nifi-record-utils/nifi-standard-record-utils/target/classes:/home/alex/.m2/repository/org/apache/avro/avro/1.8.1/avro-1.8.1.jar:/home/alex/.m2/repository/org/codehaus/jackson/jackson-core-asl/1.9.13/jackson-core-asl-1.9.13.jar:/home/alex/.m2/repository/org/codehaus/jackson/jackson-mapper-asl/1.9.13/jackson-mapper-asl-1.9.13.jar:/home/alex/.m2/repository/com/thoughtworks/paranamer/paranamer/2.7/paranamer-2.7.jar:/home/alex/Repositories/nifi/nifi-nar-bundles/nifi-standard-services/nifi-dbcp-service-api/target/classes:/home/alex/.m2/repository/com/squareup/okhttp3/okhttp/4.9.2/okhttp-4.9.2.jar:/home/alex/.m2/repository/com/squareup/okio/okio/2.8.0/okio-2.8.0.jar:/home/alex/.m2/repository/org/jetbrains/kotlin/kotlin-stdlib-common/1.4.0/kotlin-stdlib-common-1.4.0.jar:/home/alex/.m2/repository/org/jetbrains/kotlin/kotlin-stdlib/1.4.10/kotlin-stdlib-1.4.10.jar:/home/alex/.m2/repository/org/jetbrains/annotations/13.0/annotations-13.0.jar:/home/alex/.m2/repository/io/github/rburgst/okhttp-digest/2.5/okhttp-digest-2.5.jar:/home/alex/.m2/repository/at/favre/lib/bcrypt/0.9.0/bcrypt-0.9.0.jar:/home/alex/.m2/repository/at/favre/lib/bytes/1.3.0/bytes-1.3.0.jar:/home/alex/.m2/repository/com/google/guava/guava/28.0-jre/guava-28.0-jre.jar:/home/alex/.m2/repository/com/google/guava/failureaccess/1.0.1/failureaccess-1.0.1.jar:/home/alex/.m2/repository/com/google/guava/listenablefuture/9999.0-empty-to-avoid-conflict-with-guava/listenablefuture-9999.0-empty-to-avoid-conflict-with-guava.jar:/home/alex/.m2/repository/com/google/code/findbugs/jsr305/3.0.2/jsr305-3.0.2.jar:/home/alex/.m2/repository/org/checkerframework/checker-qual/2.8.1/checker-qual-2.8.1.jar:/home/alex/.m2/repository/com/google/errorprone/error_prone_annotations/2.3.2/error_prone_annotations-2.3.2.jar:/home/alex/.m2/repository/com/google/j2objc/j2objc-annotations/1.3/j2objc-annotations-1.3.jar:/home/alex/.m2/repository/org/codehaus/mojo/animal-sniffer-annotations/1.17/animal-sniffer-annotations-1.17.jar:/home/alex/Repositories/nifi/nifi-mock/target/classes:/home/alex/Repositories/nifi/nifi-framework-api/target/classes:/home/alex/Repositories/nifi/nifi-nar-bundles/nifi-framework-bundle/nifi-framework/nifi-framework-core-api/target/classes:/home/alex/Repositories/nifi/nifi-nar-bundles/nifi-framework-bundle/nifi-framework/nifi-framework-nar-utils/target/classes:/home/alex/Repositories/nifi/nifi-nar-bundles/nifi-framework-bundle/nifi-framework/nifi-client-dto/target/classes:/home/alex/.m2/repository/io/swagger/swagger-annotations/1.6.0/swagger-annotations-1.6.0.jar:/home/alex/Repositories/nifi/nifi-commons/nifi-site-to-site-client/target/classes:/home/alex/.m2/repository/org/apache/httpcomponents/httpasyncclient/4.1.4/httpasyncclient-4.1.4.jar:/home/alex/.m2/repository/org/apache/httpcomponents/httpcore-nio/4.4.10/httpcore-nio-4.4.10.jar:/home/alex/Repositories/nifi/nifi-nar-bundles/nifi-framework-bundle/nifi-framework/nifi-framework-authorization/target/classes:/home/alex/Repositories/nifi/nifi-registry/nifi-registry-core/nifi-registry-data-model/target/classes:/home/alex/Repositories/nifi/nifi-registry/nifi-registry-core/nifi-registry-revision/nifi-registry-revision-entity-model/target/classes:/home/alex/Repositories/nifi/nifi-registry/nifi-registry-core/nifi-registry-client/target/classes:/home/alex/Repositories/nifi/nifi-registry/nifi-registry-core/nifi-registry-security-utils/target/classes:/home/alex/.m2/repository/org/glassfish/jersey/core/jersey-client/2.33/jersey-client-2.33.jar:/home/alex/.m2/repository/jakarta/ws/rs/jakarta.ws.rs-api/2.1.6/jakarta.ws.rs-api-2.1.6.jar:/home/alex/.m2/repository/org/glassfish/hk2/external/jakarta.inject/2.6.1/jakarta.inject-2.6.1.jar:/home/alex/.m2/repository/org/glassfish/jersey/media/jersey-media-json-jackson/2.33/jersey-media-json-jackson-2.33.jar:/home/alex/.m2/repository/org/glassfish/jersey/ext/jersey-entity-filtering/2.33/jersey-entity-filtering-2.33.jar:/home/alex/.m2/repository/org/glassfish/jersey/inject/jersey-hk2/2.33/jersey-hk2-2.33.jar:/home/alex/.m2/repository/org/glassfish/hk2/hk2-locator/2.6.1/hk2-locator-2.6.1.jar:/home/alex/.m2/repository/org/glassfish/hk2/external/aopalliance-repackaged/2.6.1/aopalliance-repackaged-2.6.1.jar:/home/alex/.m2/repository/org/glassfish/hk2/hk2-api/2.6.1/hk2-api-2.6.1.jar:/home/alex/.m2/repository/org/glassfish/hk2/hk2-utils/2.6.1/hk2-utils-2.6.1.jar:/home/alex/.m2/repository/org/javassist/javassist/3.25.0-GA/javassist-3.25.0-GA.jar:/home/alex/.m2/repository/org/glassfish/jersey/core/jersey-common/2.33/jersey-common-2.33.jar:/home/alex/.m2/repository/jakarta/annotation/jakarta.annotation-api/1.3.5/jakarta.annotation-api-1.3.5.jar:/home/alex/.m2/repository/org/glassfish/hk2/osgi-resource-locator/1.0.3/osgi-resource-locator-1.0.3.jar:/home/alex/.m2/repository/org/glassfish/jersey/media/jersey-media-multipart/2.33/jersey-media-multipart-2.33.jar:/home/alex/.m2/repository/org/jvnet/mimepull/mimepull/1.9.13/mimepull-1.9.13.jar:/home/alex/Repositories/nifi/nifi-commons/nifi-data-provenance-utils/target/classes:/home/alex/Repositories/nifi/nifi-nar-bundles/nifi-standard-services/nifi-distributed-cache-services-bundle/nifi-distributed-cache-client-service/target/classes:/home/alex/Repositories/nifi/nifi-nar-bundles/nifi-standard-services/nifi-distributed-cache-services-bundle/nifi-distributed-cache-protocol/target/classes:/home/alex/.m2/repository/io/netty/netty-buffer/4.1.69.Final/netty-buffer-4.1.69.Final.jar:/home/alex/.m2/repository/com/google/http-client/google-http-client/1.28.0/google-http-client-1.28.0.jar:/home/alex/.m2/repository/io/opencensus/opencensus-api/0.18.0/opencensus-api-0.18.0.jar:/home/alex/.m2/repository/io/grpc/grpc-context/1.14.0/grpc-context-1.14.0.jar:/home/alex/.m2/repository/io/opencensus/opencensus-contrib-http-util/0.18.0/opencensus-contrib-http-util-0.18.0.jar:/home/alex/.m2/repository/org/apache/activemq/activemq-broker/5.15.14/activemq-broker-5.15.14.jar:/home/alex/.m2/repository/org/apache/activemq/activemq-openwire-legacy/5.15.14/activemq-openwire-legacy-5.15.14.jar:/home/alex/Repositories/nifi/nifi-nar-bundles/nifi-standard-services/nifi-ssl-context-bundle/nifi-ssl-context-service/target/classes:/home/alex/Repositories/nifi/nifi-nar-bundles/nifi-framework-bundle/nifi-framework/nifi-standard-prioritizers/target/classes:/home/alex/Repositories/nifi/nifi-nar-bundles/nifi-extension-utils/nifi-record-utils/nifi-mock-record-utils/target/classes:/home/alex/Repositories/nifi/nifi-nar-bundles/nifi-standard-services/nifi-record-serialization-services-bundle/nifi-record-serialization-services/target/classes:/home/alex/.m2/repository/org/apache/commons/commons-csv/1.8/commons-csv-1.8.jar:/home/alex/.m2/repository/com/fasterxml/jackson/dataformat/jackson-dataformat-csv/2.12.3/jackson-dataformat-csv-2.12.3.jar:/home/alex/.m2/repository/net/java/dev/stax-utils/stax-utils/20070216/stax-utils-20070216.jar:/home/alex/Repositories/nifi/nifi-nar-bundles/nifi-standard-services/nifi-lookup-services-bundle/nifi-lookup-services/target/classes:/home/alex/.m2/repository/commons-beanutils/commons-beanutils/1.9.4/commons-beanutils-1.9.4.jar:/home/alex/.m2/repository/commons-collections/commons-collections/3.2.2/commons-collections-3.2.2.jar:/home/alex/.m2/repository/com/maxmind/geoip2/geoip2/2.12.0/geoip2-2.12.0.jar:/home/alex/.m2/repository/com/maxmind/db/maxmind-db/1.2.2/maxmind-db-1.2.2.jar:/home/alex/.m2/repository/org/apache/derby/derby/10.14.2.0/derby-10.14.2.0.jar:/home/alex/.m2/repository/org/xerial/snappy/snappy-java/1.1.7.3/snappy-java-1.1.7.3.jar:/home/alex/.m2/repository/net/lingala/zip4j/zip4j/2.8.0/zip4j-2.8.0.jar:/home/alex/.m2/repository/com/h2database/h2/1.4.187/h2-1.4.187.jar:/home/alex/.m2/repository/org/mockftpserver/MockFtpServer/2.7.1/MockFtpServer-2.7.1.jar:/home/alex/.m2/repository/org/apache/sshd/sshd-core/1.7.0/sshd-core-1.7.0.jar:/home/alex/.m2/repository/com/bazaarvoice/jolt/jolt-core/0.1.1/jolt-core-0.1.1.jar:/home/alex/.m2/repository/javax/inject/javax.inject/1/javax.inject-1.jar:/home/alex/.m2/repository/com/bazaarvoice/jolt/json-utils/0.1.1/json-utils-0.1.1.jar:/home/alex/Repositories/nifi/nifi-nar-bundles/nifi-standard-bundle/nifi-standard-utils/target/classes:/home/alex/.m2/repository/net/sf/supercsv/super-csv/2.4.0/super-csv-2.4.0.jar:/home/alex/.m2/repository/com/fluenda/parcefone/2.1.0/parcefone-2.1.0.jar:/home/alex/.m2/repository/javax/validation/validation-api/1.1.0.Final/validation-api-1.1.0.Final.jar:/home/alex/.m2/repository/javax/el/javax.el-api/3.0.0/javax.el-api-3.0.0.jar:/home/alex/.m2/repository/com/github/wnameless/json/json-flattener/0.12.0/json-flattener-0.12.0.jar:/home/alex/.m2/repository/com/github/wnameless/json/json-base/2.0.0/json-base-2.0.0.jar:/home/alex/.m2/repository/org/apache/bval/bval-jsr/1.1.2/bval-jsr-1.1.2.jar:/home/alex/.m2/repository/org/apache/bval/bval-core/1.1.2/bval-core-1.1.2.jar:/home/alex/.m2/repository/io/krakens/java-grok/0.1.9/java-grok-0.1.9.jar:/home/alex/.m2/repository/org/apache/calcite/calcite-core/1.27.0/calcite-core-1.27.0.jar:/home/alex/.m2/repository/org/apache/calcite/calcite-linq4j/1.27.0/calcite-linq4j-1.27.0.jar:/home/alex/.m2/repository/com/esri/geometry/esri-geometry-api/2.2.0/esri-geometry-api-2.2.0.jar:/home/alex/.m2/repository/org/apache/calcite/avatica/avatica-core/1.18.0/avatica-core-1.18.0.jar:/home/alex/.m2/repository/org/apache/calcite/avatica/avatica-metrics/1.18.0/avatica-metrics-1.18.0.jar:/home/alex/.m2/repository/com/google/protobuf/protobuf-java/3.6.1/protobuf-java-3.6.1.jar:/home/alex/.m2/repository/org/apiguardian/apiguardian-api/1.1.0/apiguardian-api-1.1.0.jar:/home/alex/.m2/repository/com/fasterxml/jackson/dataformat/jackson-dataformat-yaml/2.10.0/jackson-dataformat-yaml-2.10.0.jar:/home/alex/.m2/repository/org/yaml/snakeyaml/1.29/snakeyaml-1.29.jar:/home/alex/.m2/repository/com/google/uzaygezen/uzaygezen-core/0.2/uzaygezen-core-0.2.jar:/home/alex/.m2/repository/com/yahoo/datasketches/sketches-core/0.9.0/sketches-core-0.9.0.jar:/home/alex/.m2/repository/com/yahoo/datasketches/memory/0.9.0/memory-0.9.0.jar:/home/alex/.m2/repository/net/hydromatic/aggdesigner-algorithm/6.0/aggdesigner-algorithm-6.0.jar:/home/alex/.m2/repository/commons-lang/commons-lang/2.4/commons-lang-2.4.jar:/home/alex/.m2/repository/org/apache/commons/commons-dbcp2/2.6.0/commons-dbcp2-2.6.0.jar:/home/alex/.m2/repository/org/apache/commons/commons-pool2/2.6.1/commons-pool2-2.6.1.jar:/home/alex/.m2/repository/org/codehaus/janino/commons-compiler/3.0.11/commons-compiler-3.0.11.jar:/home/alex/.m2/repository/org/codehaus/janino/janino/3.0.11/janino-3.0.11.jar:/home/alex/Repositories/nifi/nifi-nar-bundles/nifi-standard-services/nifi-schema-registry-service-api/target/classes:/home/alex/Repositories/nifi/nifi-nar-bundles/nifi-extension-utils/nifi-database-utils/target/classes:/home/alex/Repositories/nifi/nifi-nar-bundles/nifi-standard-bundle/nifi-standard-web-test-utils/target/classes:/home/alex/.m2/repository/com/github/stefanbirkner/fake-sftp-server-rule/2.0.1/fake-sftp-server-rule-2.0.1.jar:/home/alex/.m2/repository/com/github/marschall/memoryfilesystem/2.8.0/memoryfilesystem-2.8.0.jar:/home/alex/.m2/repository/junit/junit/4.13.2/junit-4.13.2.jar:/home/alex/.m2/repository/org/hamcrest/hamcrest-core/1.3/hamcrest-core-1.3.jar:/home/alex/Repositories/nifi/nifi-nar-bundles/nifi-extension-utils/nifi-database-test-utils/target/classes:/home/alex/.m2/repository/org/codehaus/groovy/groovy-json/2.5.14/groovy-json-2.5.14.jar:/home/alex/.m2/repository/org/codehaus/groovy/groovy/2.5.14/groovy-2.5.14.jar:/home/alex/.m2/repository/org/codehaus/groovy/groovy-servlet/2.5.14/groovy-servlet-2.5.14.jar:/home/alex/.m2/repository/org/codehaus/groovy/groovy-templates/2.5.14/groovy-templates-2.5.14.jar:/home/alex/.m2/repository/org/codehaus/groovy/groovy-xml/2.5.14/groovy-xml-2.5.14.jar:/home/alex/.m2/repository/org/hamcrest/hamcrest-all/1.3/hamcrest-all-1.3.jar:/home/alex/.m2/repository/com/squareup/okhttp3/mockwebserver/4.9.2/mockwebserver-4.9.2.jar:/home/alex/.m2/repository/org/jetbrains/kotlin/kotlin-stdlib-jdk8/1.4.10/kotlin-stdlib-jdk8-1.4.10.jar:/home/alex/.m2/repository/org/jetbrains/kotlin/kotlin-stdlib-jdk7/1.4.10/kotlin-stdlib-jdk7-1.4.10.jar:/home/alex/.m2/repository/org/mockito/mockito-inline/3.12.4/mockito-inline-3.12.4.jar:/home/alex/.m2/repository/org/junit/jupiter/junit-jupiter-api/5.7.2/junit-jupiter-api-5.7.2.jar:/home/alex/.m2/repository/org/opentest4j/opentest4j/1.2.0/opentest4j-1.2.0.jar:/home/alex/.m2/repository/org/junit/platform/junit-platform-commons/1.7.2/junit-platform-commons-1.7.2.jar:/home/alex/.m2/repository/org/junit/jupiter/junit-jupiter-engine/5.7.2/junit-jupiter-engine-5.7.2.jar:/home/alex/.m2/repository/org/junit/platform/junit-platform-engine/1.7.2/junit-platform-engine-1.7.2.jar:/home/alex/.m2/repository/org/junit/vintage/junit-vintage-engine/5.7.2/junit-vintage-engine-5.7.2.jar:/home/alex/.m2/repository/org/junit/jupiter/junit-jupiter-params/5.7.2/junit-jupiter-params-5.7.2.jar:/home/alex/.m2/repository/org/mockito/mockito-core/3.11.2/mockito-core-3.11.2.jar:/home/alex/.m2/repository/net/bytebuddy/byte-buddy/1.11.3/byte-buddy-1.11.3.jar:/home/alex/.m2/repository/net/bytebuddy/byte-buddy-agent/1.11.3/byte-buddy-agent-1.11.3.jar:/home/alex/.m2/repository/org/objenesis/objenesis/3.2/objenesis-3.2.jar:/home/alex/.m2/repository/org/mockito/mockito-junit-jupiter/3.11.2/mockito-junit-jupiter-3.11.2.jar:/home/alex/.m2/repository/org/slf4j/slf4j-simple/1.7.32/slf4j-simple-1.7.32.jar:/home/alex/.m2/repository/org/codehaus/groovy/groovy-test/2.5.14/groovy-test-2.5.14.jar:"/>
    <property name="java.vm.vendor" value="Private Build"/>
    <property name="sun.arch.data.model" value="64"/>
    <property name="java.vendor.url" value="http://java.oracle.com/"/>
    <property name="user.timezone" value="Europe/Lisbon"/>
    <property name="java.vm.specification.version" value="1.8"/>
    <property name="os.name" value="Linux"/>
    <property name="user.country" value="US"/>
    <property name="sun.java.launcher" value="SUN_STANDARD"/>
    <property name="sun.boot.library.path" value="/usr/lib/jvm/java-8-openjdk-amd64/jre/lib/amd64"/>
    <property name="sun.java.command" value="/home/alex/Repositories/nifi/nifi-nar-bundles/nifi-standard-bundle/nifi-standard-processors/target/surefire/surefirebooter9102486319766494456.jar /home/alex/Repositories/nifi/nifi-nar-bundles/nifi-standard-bundle/nifi-standard-processors/target/surefire 2024-05-02T03-23-33_830-jvmRun1 surefire4678910215160170132tmp surefire_698813792753071590827tmp"/>
    <property name="surefire.test.class.path" value="/home/alex/Repositories/nifi/nifi-nar-bundles/nifi-standard-bundle/nifi-standard-processors/target/test-classes:/home/alex/Repositories/nifi/nifi-nar-bundles/nifi-standard-bundle/nifi-standard-processors/target/classes:/home/alex/.m2/repository/org/apache/ftpserver/ftpserver-core/1.1.1/ftpserver-core-1.1.1.jar:/home/alex/.m2/repository/org/apache/ftpserver/ftplet-api/1.1.1/ftplet-api-1.1.1.jar:/home/alex/.m2/repository/org/slf4j/slf4j-api/1.7.32/slf4j-api-1.7.32.jar:/home/alex/.m2/repository/org/apache/mina/mina-core/2.0.16/mina-core-2.0.16.jar:/home/alex/Repositories/nifi/nifi-api/target/classes:/home/alex/Repositories/nifi/nifi-commons/nifi-expression-language/target/classes:/home/alex/.m2/repository/org/antlr/antlr-runtime/3.5.2/antlr-runtime-3.5.2.jar:/home/alex/Repositories/nifi/nifi-commons/nifi-parameter/target/classes:/home/alex/Repositories/nifi/nifi-commons/nifi-uuid5/target/classes:/home/alex/.m2/repository/org/apache/commons/commons-text/1.8/commons-text-1.8.jar:/home/alex/Repositories/nifi/nifi-nar-bundles/nifi-extension-utils/nifi-processor-utils/target/classes:/home/alex/Repositories/nifi/nifi-commons/nifi-security-socket-ssl/target/classes:/home/alex/Repositories/nifi/nifi-nar-bundles/nifi-extension-utils/nifi-event-transport/target/classes:/home/alex/.m2/repository/io/netty/netty-handler/4.1.69.Final/netty-handler-4.1.69.Final.jar:/home/alex/.m2/repository/io/netty/netty-common/4.1.69.Final/netty-common-4.1.69.Final.jar:/home/alex/.m2/repository/io/netty/netty-resolver/4.1.69.Final/netty-resolver-4.1.69.Final.jar:/home/alex/.m2/repository/io/netty/netty-transport/4.1.69.Final/netty-transport-4.1.69.Final.jar:/home/alex/.m2/repository/io/netty/netty-codec/4.1.69.Final/netty-codec-4.1.69.Final.jar:/home/alex/Repositories/nifi/nifi-nar-bundles/nifi-extension-utils/nifi-syslog-utils/target/classes:/home/alex/.m2/repository/com/github/palindromicity/simple-syslog-5424/0.0.16/simple-syslog-5424-0.0.16.jar:/home/alex/.m2/repository/org/antlr/antlr4-runtime/4.7.2/antlr4-runtime-4.7.2.jar:/home/alex/Repositories/nifi/nifi-commons/nifi-utils/target/classes:/home/alex/Repositories/nifi/nifi-commons/nifi-record-path/target/classes:/home/alex/Repositories/nifi/nifi-commons/nifi-properties/target/classes:/home/alex/Repositories/nifi/nifi-commons/nifi-property-utils/target/classes:/home/alex/.m2/repository/com/github/ben-manes/caffeine/caffeine/2.8.1/caffeine-2.8.1.jar:/home/alex/Repositories/nifi/nifi-nar-bundles/nifi-standard-services/nifi-ssl-context-service-api/target/classes:/home/alex/Repositories/nifi/nifi-commons/nifi-security-utils-api/target/classes:/home/alex/Repositories/nifi/nifi-nar-bundles/nifi-standard-services/nifi-lookup-service-api/target/classes:/home/alex/Repositories/nifi/nifi-commons/nifi-flowfile-packager/target/classes:/home/alex/Repositories/nifi/nifi-nar-bundles/nifi-standard-services/nifi-distributed-cache-client-service-api/target/classes:/home/alex/Repositories/nifi/nifi-nar-bundles/nifi-standard-services/nifi-http-context-map-api/target/classes:/home/alex/Repositories/nifi/nifi-nar-bundles/nifi-standard-services/nifi-record-serialization-service-api/target/classes:/home/alex/Repositories/nifi/nifi-nar-bundles/nifi-standard-services/nifi-proxy-configuration-api/target/classes:/home/alex/Repositories/nifi/nifi-commons/nifi-record/target/classes:/home/alex/Repositories/nifi/nifi-nar-bundles/nifi-standard-services/nifi-record-sink-api/target/classes:/home/alex/.m2/repository/commons-io/commons-io/2.10.0/commons-io-2.10.0.jar:/home/alex/.m2/repository/javax/ws/rs/javax.ws.rs-api/2.1/javax.ws.rs-api-2.1.jar:/home/alex/.m2/repository/commons-net/commons-net/3.6/commons-net-3.6.jar:/home/alex/.m2/repository/org/apache/commons/commons-compress/1.21/commons-compress-1.21.jar:/home/alex/.m2/repository/org/apache/commons/commons-lang3/3.9/commons-lang3-3.9.jar:/home/alex/.m2/repository/org/bouncycastle/bcprov-jdk15on/1.69/bcprov-jdk15on-1.69.jar:/home/alex/.m2/repository/org/bouncycastle/bcpg-jdk15on/1.69/bcpg-jdk15on-1.69.jar:/home/alex/.m2/repository/org/bouncycastle/bcpkix-jdk15on/1.69/bcpkix-jdk15on-1.69.jar:/home/alex/.m2/repository/org/bouncycastle/bcutil-jdk15on/1.69/bcutil-jdk15on-1.69.jar:/home/alex/.m2/repository/commons-codec/commons-codec/1.14/commons-codec-1.14.jar:/home/alex/Repositories/nifi/nifi-commons/nifi-security-utils/target/classes:/home/alex/Repositories/nifi/nifi-commons/nifi-security-kms/target/classes:/home/alex/.m2/repository/org/apache/commons/commons-configuration2/2.7/commons-configuration2-2.7.jar:/home/alex/.m2/repository/com/hierynomus/sshj/0.32.0/sshj-0.32.0.jar:/home/alex/.m2/repository/com/jcraft/jzlib/1.1.3/jzlib-1.1.3.jar:/home/alex/.m2/repository/com/hierynomus/asn-one/0.6.0/asn-one-0.6.0.jar:/home/alex/.m2/repository/net/i2p/crypto/eddsa/0.3.0/eddsa-0.3.0.jar:/home/alex/.m2/repository/org/eclipse/jetty/jetty-server/9.4.44.v20210927/jetty-server-9.4.44.v20210927.jar:/home/alex/.m2/repository/javax/servlet/javax.servlet-api/3.1.0/javax.servlet-api-3.1.0.jar:/home/alex/.m2/repository/org/eclipse/jetty/jetty-http/9.4.44.v20210927/jetty-http-9.4.44.v20210927.jar:/home/alex/.m2/repository/org/eclipse/jetty/jetty-util/9.4.44.v20210927/jetty-util-9.4.44.v20210927.jar:/home/alex/.m2/repository/org/eclipse/jetty/jetty-io/9.4.44.v20210927/jetty-io-9.4.44.v20210927.jar:/home/alex/.m2/repository/org/eclipse/jetty/jetty-servlet/9.4.44.v20210927/jetty-servlet-9.4.44.v20210927.jar:/home/alex/.m2/repository/org/eclipse/jetty/jetty-security/9.4.44.v20210927/jetty-security-9.4.44.v20210927.jar:/home/alex/.m2/repository/org/eclipse/jetty/jetty-util-ajax/9.4.44.v20210927/jetty-util-ajax-9.4.44.v20210927.jar:/home/alex/.m2/repository/org/apache/httpcomponents/httpclient/4.5.5/httpclient-4.5.5.jar:/home/alex/.m2/repository/commons-logging/commons-logging/1.2/commons-logging-1.2.jar:/home/alex/.m2/repository/org/apache/httpcomponents/httpcore/4.4.9/httpcore-4.4.9.jar:/home/alex/.m2/repository/jakarta/activation/jakarta.activation-api/2.0.1/jakarta.activation-api-2.0.1.jar:/home/alex/.m2/repository/com/sun/activation/jakarta.activation/2.0.1/jakarta.activation-2.0.1.jar:/home/alex/.m2/repository/jakarta/mail/jakarta.mail-api/2.0.1/jakarta.mail-api-2.0.1.jar:/home/alex/.m2/repository/com/sun/mail/jakarta.mail/2.0.1/jakarta.mail-2.0.1.jar:/home/alex/.m2/repository/com/github/jponge/lzma-java/1.3/lzma-java-1.3.jar:/home/alex/.m2/repository/org/tukaani/xz/1.8/xz-1.8.jar:/home/alex/.m2/repository/net/sf/saxon/Saxon-HE/10.6/Saxon-HE-10.6.jar:/home/alex/Repositories/nifi/nifi-commons/nifi-socket-utils/target/classes:/home/alex/Repositories/nifi/nifi-commons/nifi-logging-utils/target/classes:/home/alex/Repositories/nifi/nifi-nar-bundles/nifi-standard-services/nifi-load-distribution-service-api/target/classes:/home/alex/.m2/repository/javax/jms/javax.jms-api/2.0.1/javax.jms-api-2.0.1.jar:/home/alex/.m2/repository/org/apache/activemq/activemq-client/5.15.15/activemq-client-5.15.15.jar:/home/alex/.m2/repository/org/apache/geronimo/specs/geronimo-jms_1.1_spec/1.1.1/geronimo-jms_1.1_spec-1.1.1.jar:/home/alex/.m2/repository/org/fusesource/hawtbuf/hawtbuf/1.11/hawtbuf-1.11.jar:/home/alex/.m2/repository/org/apache/geronimo/specs/geronimo-j2ee-management_1.1_spec/1.0.1/geronimo-j2ee-management_1.1_spec-1.0.1.jar:/home/alex/.m2/repository/com/jayway/jsonpath/json-path/2.6.0/json-path-2.6.0.jar:/home/alex/.m2/repository/net/minidev/json-smart/2.4.7/json-smart-2.4.7.jar:/home/alex/.m2/repository/net/minidev/accessors-smart/2.4.7/accessors-smart-2.4.7.jar:/home/alex/.m2/repository/org/ow2/asm/asm/9.1/asm-9.1.jar:/home/alex/.m2/repository/org/apache/tika/tika-core/1.26/tika-core-1.26.jar:/home/alex/.m2/repository/com/fasterxml/jackson/core/jackson-databind/2.12.3/jackson-databind-2.12.3.jar:/home/alex/.m2/repository/com/fasterxml/jackson/core/jackson-annotations/2.12.3/jackson-annotations-2.12.3.jar:/home/alex/.m2/repository/com/fasterxml/jackson/core/jackson-core/2.12.3/jackson-core-2.12.3.jar:/home/alex/Repositories/nifi/nifi-nar-bundles/nifi-extension-utils/nifi-record-utils/nifi-avro-record-utils/target/classes:/home/alex/Repositories/nifi/nifi-nar-bundles/nifi-extension-utils/nifi-record-utils/nifi-standard-record-utils/target/classes:/home/alex/.m2/repository/org/apache/avro/avro/1.8.1/avro-1.8.1.jar:/home/alex/.m2/repository/org/codehaus/jackson/jackson-core-asl/1.9.13/jackson-core-asl-1.9.13.jar:/home/alex/.m2/repository/org/codehaus/jackson/jackson-mapper-asl/1.9.13/jackson-mapper-asl-1.9.13.jar:/home/alex/.m2/repository/com/thoughtworks/paranamer/paranamer/2.7/paranamer-2.7.jar:/home/alex/Repositories/nifi/nifi-nar-bundles/nifi-standard-services/nifi-dbcp-service-api/target/classes:/home/alex/.m2/repository/com/squareup/okhttp3/okhttp/4.9.2/okhttp-4.9.2.jar:/home/alex/.m2/repository/com/squareup/okio/okio/2.8.0/okio-2.8.0.jar:/home/alex/.m2/repository/org/jetbrains/kotlin/kotlin-stdlib-common/1.4.0/kotlin-stdlib-common-1.4.0.jar:/home/alex/.m2/repository/org/jetbrains/kotlin/kotlin-stdlib/1.4.10/kotlin-stdlib-1.4.10.jar:/home/alex/.m2/repository/org/jetbrains/annotations/13.0/annotations-13.0.jar:/home/alex/.m2/repository/io/github/rburgst/okhttp-digest/2.5/okhttp-digest-2.5.jar:/home/alex/.m2/repository/at/favre/lib/bcrypt/0.9.0/bcrypt-0.9.0.jar:/home/alex/.m2/repository/at/favre/lib/bytes/1.3.0/bytes-1.3.0.jar:/home/alex/.m2/repository/com/google/guava/guava/28.0-jre/guava-28.0-jre.jar:/home/alex/.m2/repository/com/google/guava/failureaccess/1.0.1/failureaccess-1.0.1.jar:/home/alex/.m2/repository/com/google/guava/listenablefuture/9999.0-empty-to-avoid-conflict-with-guava/listenablefuture-9999.0-empty-to-avoid-conflict-with-guava.jar:/home/alex/.m2/repository/com/google/code/findbugs/jsr305/3.0.2/jsr305-3.0.2.jar:/home/alex/.m2/repository/org/checkerframework/checker-qual/2.8.1/checker-qual-2.8.1.jar:/home/alex/.m2/repository/com/google/errorprone/error_prone_annotations/2.3.2/error_prone_annotations-2.3.2.jar:/home/alex/.m2/repository/com/google/j2objc/j2objc-annotations/1.3/j2objc-annotations-1.3.jar:/home/alex/.m2/repository/org/codehaus/mojo/animal-sniffer-annotations/1.17/animal-sniffer-annotations-1.17.jar:/home/alex/Repositories/nifi/nifi-mock/target/classes:/home/alex/Repositories/nifi/nifi-framework-api/target/classes:/home/alex/Repositories/nifi/nifi-nar-bundles/nifi-framework-bundle/nifi-framework/nifi-framework-core-api/target/classes:/home/alex/Repositories/nifi/nifi-nar-bundles/nifi-framework-bundle/nifi-framework/nifi-framework-nar-utils/target/classes:/home/alex/Repositories/nifi/nifi-nar-bundles/nifi-framework-bundle/nifi-framework/nifi-client-dto/target/classes:/home/alex/.m2/repository/io/swagger/swagger-annotations/1.6.0/swagger-annotations-1.6.0.jar:/home/alex/Repositories/nifi/nifi-commons/nifi-site-to-site-client/target/classes:/home/alex/.m2/repository/org/apache/httpcomponents/httpasyncclient/4.1.4/httpasyncclient-4.1.4.jar:/home/alex/.m2/repository/org/apache/httpcomponents/httpcore-nio/4.4.10/httpcore-nio-4.4.10.jar:/home/alex/Repositories/nifi/nifi-nar-bundles/nifi-framework-bundle/nifi-framework/nifi-framework-authorization/target/classes:/home/alex/Repositories/nifi/nifi-registry/nifi-registry-core/nifi-registry-data-model/target/classes:/home/alex/Repositories/nifi/nifi-registry/nifi-registry-core/nifi-registry-revision/nifi-registry-revision-entity-model/target/classes:/home/alex/Repositories/nifi/nifi-registry/nifi-registry-core/nifi-registry-client/target/classes:/home/alex/Repositories/nifi/nifi-registry/nifi-registry-core/nifi-registry-security-utils/target/classes:/home/alex/.m2/repository/org/glassfish/jersey/core/jersey-client/2.33/jersey-client-2.33.jar:/home/alex/.m2/repository/jakarta/ws/rs/jakarta.ws.rs-api/2.1.6/jakarta.ws.rs-api-2.1.6.jar:/home/alex/.m2/repository/org/glassfish/hk2/external/jakarta.inject/2.6.1/jakarta.inject-2.6.1.jar:/home/alex/.m2/repository/org/glassfish/jersey/media/jersey-media-json-jackson/2.33/jersey-media-json-jackson-2.33.jar:/home/alex/.m2/repository/org/glassfish/jersey/ext/jersey-entity-filtering/2.33/jersey-entity-filtering-2.33.jar:/home/alex/.m2/repository/org/glassfish/jersey/inject/jersey-hk2/2.33/jersey-hk2-2.33.jar:/home/alex/.m2/repository/org/glassfish/hk2/hk2-locator/2.6.1/hk2-locator-2.6.1.jar:/home/alex/.m2/repository/org/glassfish/hk2/external/aopalliance-repackaged/2.6.1/aopalliance-repackaged-2.6.1.jar:/home/alex/.m2/repository/org/glassfish/hk2/hk2-api/2.6.1/hk2-api-2.6.1.jar:/home/alex/.m2/repository/org/glassfish/hk2/hk2-utils/2.6.1/hk2-utils-2.6.1.jar:/home/alex/.m2/repository/org/javassist/javassist/3.25.0-GA/javassist-3.25.0-GA.jar:/home/alex/.m2/repository/org/glassfish/jersey/core/jersey-common/2.33/jersey-common-2.33.jar:/home/alex/.m2/repository/jakarta/annotation/jakarta.annotation-api/1.3.5/jakarta.annotation-api-1.3.5.jar:/home/alex/.m2/repository/org/glassfish/hk2/osgi-resource-locator/1.0.3/osgi-resource-locator-1.0.3.jar:/home/alex/.m2/repository/org/glassfish/jersey/media/jersey-media-multipart/2.33/jersey-media-multipart-2.33.jar:/home/alex/.m2/repository/org/jvnet/mimepull/mimepull/1.9.13/mimepull-1.9.13.jar:/home/alex/Repositories/nifi/nifi-commons/nifi-data-provenance-utils/target/classes:/home/alex/Repositories/nifi/nifi-nar-bundles/nifi-standard-services/nifi-distributed-cache-services-bundle/nifi-distributed-cache-client-service/target/classes:/home/alex/Repositories/nifi/nifi-nar-bundles/nifi-standard-services/nifi-distributed-cache-services-bundle/nifi-distributed-cache-protocol/target/classes:/home/alex/.m2/repository/io/netty/netty-buffer/4.1.69.Final/netty-buffer-4.1.69.Final.jar:/home/alex/.m2/repository/com/google/http-client/google-http-client/1.28.0/google-http-client-1.28.0.jar:/home/alex/.m2/repository/io/opencensus/opencensus-api/0.18.0/opencensus-api-0.18.0.jar:/home/alex/.m2/repository/io/grpc/grpc-context/1.14.0/grpc-context-1.14.0.jar:/home/alex/.m2/repository/io/opencensus/opencensus-contrib-http-util/0.18.0/opencensus-contrib-http-util-0.18.0.jar:/home/alex/.m2/repository/org/apache/activemq/activemq-broker/5.15.14/activemq-broker-5.15.14.jar:/home/alex/.m2/repository/org/apache/activemq/activemq-openwire-legacy/5.15.14/activemq-openwire-legacy-5.15.14.jar:/home/alex/Repositories/nifi/nifi-nar-bundles/nifi-standard-services/nifi-ssl-context-bundle/nifi-ssl-context-service/target/classes:/home/alex/Repositories/nifi/nifi-nar-bundles/nifi-framework-bundle/nifi-framework/nifi-standard-prioritizers/target/classes:/home/alex/Repositories/nifi/nifi-nar-bundles/nifi-extension-utils/nifi-record-utils/nifi-mock-record-utils/target/classes:/home/alex/Repositories/nifi/nifi-nar-bundles/nifi-standard-services/nifi-record-serialization-services-bundle/nifi-record-serialization-services/target/classes:/home/alex/.m2/repository/org/apache/commons/commons-csv/1.8/commons-csv-1.8.jar:/home/alex/.m2/repository/com/fasterxml/jackson/dataformat/jackson-dataformat-csv/2.12.3/jackson-dataformat-csv-2.12.3.jar:/home/alex/.m2/repository/net/java/dev/stax-utils/stax-utils/20070216/stax-utils-20070216.jar:/home/alex/Repositories/nifi/nifi-nar-bundles/nifi-standard-services/nifi-lookup-services-bundle/nifi-lookup-services/target/classes:/home/alex/.m2/repository/commons-beanutils/commons-beanutils/1.9.4/commons-beanutils-1.9.4.jar:/home/alex/.m2/repository/commons-collections/commons-collections/3.2.2/commons-collections-3.2.2.jar:/home/alex/.m2/repository/com/maxmind/geoip2/geoip2/2.12.0/geoip2-2.12.0.jar:/home/alex/.m2/repository/com/maxmind/db/maxmind-db/1.2.2/maxmind-db-1.2.2.jar:/home/alex/.m2/repository/org/apache/derby/derby/10.14.2.0/derby-10.14.2.0.jar:/home/alex/.m2/repository/org/xerial/snappy/snappy-java/1.1.7.3/snappy-java-1.1.7.3.jar:/home/alex/.m2/repository/net/lingala/zip4j/zip4j/2.8.0/zip4j-2.8.0.jar:/home/alex/.m2/repository/com/h2database/h2/1.4.187/h2-1.4.187.jar:/home/alex/.m2/repository/org/mockftpserver/MockFtpServer/2.7.1/MockFtpServer-2.7.1.jar:/home/alex/.m2/repository/org/apache/sshd/sshd-core/1.7.0/sshd-core-1.7.0.jar:/home/alex/.m2/repository/com/bazaarvoice/jolt/jolt-core/0.1.1/jolt-core-0.1.1.jar:/home/alex/.m2/repository/javax/inject/javax.inject/1/javax.inject-1.jar:/home/alex/.m2/repository/com/bazaarvoice/jolt/json-utils/0.1.1/json-utils-0.1.1.jar:/home/alex/Repositories/nifi/nifi-nar-bundles/nifi-standard-bundle/nifi-standard-utils/target/classes:/home/alex/.m2/repository/net/sf/supercsv/super-csv/2.4.0/super-csv-2.4.0.jar:/home/alex/.m2/repository/com/fluenda/parcefone/2.1.0/parcefone-2.1.0.jar:/home/alex/.m2/repository/javax/validation/validation-api/1.1.0.Final/validation-api-1.1.0.Final.jar:/home/alex/.m2/repository/javax/el/javax.el-api/3.0.0/javax.el-api-3.0.0.jar:/home/alex/.m2/repository/com/github/wnameless/json/json-flattener/0.12.0/json-flattener-0.12.0.jar:/home/alex/.m2/repository/com/github/wnameless/json/json-base/2.0.0/json-base-2.0.0.jar:/home/alex/.m2/repository/org/apache/bval/bval-jsr/1.1.2/bval-jsr-1.1.2.jar:/home/alex/.m2/repository/org/apache/bval/bval-core/1.1.2/bval-core-1.1.2.jar:/home/alex/.m2/repository/io/krakens/java-grok/0.1.9/java-grok-0.1.9.jar:/home/alex/.m2/repository/org/apache/calcite/calcite-core/1.27.0/calcite-core-1.27.0.jar:/home/alex/.m2/repository/org/apache/calcite/calcite-linq4j/1.27.0/calcite-linq4j-1.27.0.jar:/home/alex/.m2/repository/com/esri/geometry/esri-geometry-api/2.2.0/esri-geometry-api-2.2.0.jar:/home/alex/.m2/repository/org/apache/calcite/avatica/avatica-core/1.18.0/avatica-core-1.18.0.jar:/home/alex/.m2/repository/org/apache/calcite/avatica/avatica-metrics/1.18.0/avatica-metrics-1.18.0.jar:/home/alex/.m2/repository/com/google/protobuf/protobuf-java/3.6.1/protobuf-java-3.6.1.jar:/home/alex/.m2/repository/org/apiguardian/apiguardian-api/1.1.0/apiguardian-api-1.1.0.jar:/home/alex/.m2/repository/com/fasterxml/jackson/dataformat/jackson-dataformat-yaml/2.10.0/jackson-dataformat-yaml-2.10.0.jar:/home/alex/.m2/repository/org/yaml/snakeyaml/1.29/snakeyaml-1.29.jar:/home/alex/.m2/repository/com/google/uzaygezen/uzaygezen-core/0.2/uzaygezen-core-0.2.jar:/home/alex/.m2/repository/com/yahoo/datasketches/sketches-core/0.9.0/sketches-core-0.9.0.jar:/home/alex/.m2/repository/com/yahoo/datasketches/memory/0.9.0/memory-0.9.0.jar:/home/alex/.m2/repository/net/hydromatic/aggdesigner-algorithm/6.0/aggdesigner-algorithm-6.0.jar:/home/alex/.m2/repository/commons-lang/commons-lang/2.4/commons-lang-2.4.jar:/home/alex/.m2/repository/org/apache/commons/commons-dbcp2/2.6.0/commons-dbcp2-2.6.0.jar:/home/alex/.m2/repository/org/apache/commons/commons-pool2/2.6.1/commons-pool2-2.6.1.jar:/home/alex/.m2/repository/org/codehaus/janino/commons-compiler/3.0.11/commons-compiler-3.0.11.jar:/home/alex/.m2/repository/org/codehaus/janino/janino/3.0.11/janino-3.0.11.jar:/home/alex/Repositories/nifi/nifi-nar-bundles/nifi-standard-services/nifi-schema-registry-service-api/target/classes:/home/alex/Repositories/nifi/nifi-nar-bundles/nifi-extension-utils/nifi-database-utils/target/classes:/home/alex/Repositories/nifi/nifi-nar-bundles/nifi-standard-bundle/nifi-standard-web-test-utils/target/classes:/home/alex/.m2/repository/com/github/stefanbirkner/fake-sftp-server-rule/2.0.1/fake-sftp-server-rule-2.0.1.jar:/home/alex/.m2/repository/com/github/marschall/memoryfilesystem/2.8.0/memoryfilesystem-2.8.0.jar:/home/alex/.m2/repository/junit/junit/4.13.2/junit-4.13.2.jar:/home/alex/.m2/repository/org/hamcrest/hamcrest-core/1.3/hamcrest-core-1.3.jar:/home/alex/Repositories/nifi/nifi-nar-bundles/nifi-extension-utils/nifi-database-test-utils/target/classes:/home/alex/.m2/repository/org/codehaus/groovy/groovy-json/2.5.14/groovy-json-2.5.14.jar:/home/alex/.m2/repository/org/codehaus/groovy/groovy/2.5.14/groovy-2.5.14.jar:/home/alex/.m2/repository/org/codehaus/groovy/groovy-servlet/2.5.14/groovy-servlet-2.5.14.jar:/home/alex/.m2/repository/org/codehaus/groovy/groovy-templates/2.5.14/groovy-templates-2.5.14.jar:/home/alex/.m2/repository/org/codehaus/groovy/groovy-xml/2.5.14/groovy-xml-2.5.14.jar:/home/alex/.m2/repository/org/hamcrest/hamcrest-all/1.3/hamcrest-all-1.3.jar:/home/alex/.m2/repository/com/squareup/okhttp3/mockwebserver/4.9.2/mockwebserver-4.9.2.jar:/home/alex/.m2/repository/org/jetbrains/kotlin/kotlin-stdlib-jdk8/1.4.10/kotlin-stdlib-jdk8-1.4.10.jar:/home/alex/.m2/repository/org/jetbrains/kotlin/kotlin-stdlib-jdk7/1.4.10/kotlin-stdlib-jdk7-1.4.10.jar:/home/alex/.m2/repository/org/mockito/mockito-inline/3.12.4/mockito-inline-3.12.4.jar:/home/alex/.m2/repository/org/junit/jupiter/junit-jupiter-api/5.7.2/junit-jupiter-api-5.7.2.jar:/home/alex/.m2/repository/org/opentest4j/opentest4j/1.2.0/opentest4j-1.2.0.jar:/home/alex/.m2/repository/org/junit/platform/junit-platform-commons/1.7.2/junit-platform-commons-1.7.2.jar:/home/alex/.m2/repository/org/junit/jupiter/junit-jupiter-engine/5.7.2/junit-jupiter-engine-5.7.2.jar:/home/alex/.m2/repository/org/junit/platform/junit-platform-engine/1.7.2/junit-platform-engine-1.7.2.jar:/home/alex/.m2/repository/org/junit/vintage/junit-vintage-engine/5.7.2/junit-vintage-engine-5.7.2.jar:/home/alex/.m2/repository/org/junit/jupiter/junit-jupiter-params/5.7.2/junit-jupiter-params-5.7.2.jar:/home/alex/.m2/repository/org/mockito/mockito-core/3.11.2/mockito-core-3.11.2.jar:/home/alex/.m2/repository/net/bytebuddy/byte-buddy/1.11.3/byte-buddy-1.11.3.jar:/home/alex/.m2/repository/net/bytebuddy/byte-buddy-agent/1.11.3/byte-buddy-agent-1.11.3.jar:/home/alex/.m2/repository/org/objenesis/objenesis/3.2/objenesis-3.2.jar:/home/alex/.m2/repository/org/mockito/mockito-junit-jupiter/3.11.2/mockito-junit-jupiter-3.11.2.jar:/home/alex/.m2/repository/org/slf4j/slf4j-simple/1.7.32/slf4j-simple-1.7.32.jar:/home/alex/.m2/repository/org/codehaus/groovy/groovy-test/2.5.14/groovy-test-2.5.14.jar:"/>
    <property name="sun.cpu.endian" value="little"/>
    <property name="user.home" value="/home/alex"/>
    <property name="user.language" value="en"/>
    <property name="java.specification.vendor" value="Oracle Corporation"/>
    <property name="java.home" value="/usr/lib/jvm/java-8-openjdk-amd64/jre"/>
    <property name="basedir" value="/home/alex/Repositories/nifi/nifi-nar-bundles/nifi-standard-bundle/nifi-standard-processors"/>
    <property name="file.separator" value="/"/>
    <property name="line.separator" value="&#10;"/>
    <property name="java.vm.specification.vendor" value="Oracle Corporation"/>
    <property name="java.specification.name" value="Java Platform API Specification"/>
    <property name="derby.stream.error.file" value="target/derby.log"/>
    <property name="java.awt.graphicsenv" value="sun.awt.X11GraphicsEnvironment"/>
    <property name="java.awt.headless" value="true"/>
    <property name="surefire.real.class.path" value="/home/alex/Repositories/nifi/nifi-nar-bundles/nifi-standard-bundle/nifi-standard-processors/target/surefire/surefirebooter9102486319766494456.jar"/>
    <property name="sun.boot.class.path" value="/usr/lib/jvm/java-8-openjdk-amd64/jre/lib/resources.jar:/usr/lib/jvm/java-8-openjdk-amd64/jre/lib/rt.jar:/usr/lib/jvm/java-8-openjdk-amd64/jre/lib/sunrsasign.jar:/usr/lib/jvm/java-8-openjdk-amd64/jre/lib/jsse.jar:/usr/lib/jvm/java-8-openjdk-amd64/jre/lib/jce.jar:/usr/lib/jvm/java-8-openjdk-amd64/jre/lib/charsets.jar:/usr/lib/jvm/java-8-openjdk-amd64/jre/lib/jfr.jar:/usr/lib/jvm/java-8-openjdk-amd64/jre/classes"/>
    <property name="sun.management.compiler" value="HotSpot 64-Bit Tiered Compilers"/>
    <property name="java.runtime.version" value="1.8.0_402-8u402-ga-2ubuntu1~22.04-b06"/>
    <property name="java.net.preferIPv4Stack" value="true"/>
    <property name="user.name" value="alex"/>
    <property name="path.separator" value=":"/>
    <property name="os.version" value="6.5.0-28-generic"/>
    <property name="java.endorsed.dirs" value="/usr/lib/jvm/java-8-openjdk-amd64/jre/lib/endorsed"/>
    <property name="java.runtime.name" value="OpenJDK Runtime Environment"/>
    <property name="file.encoding" value="UTF-8"/>
    <property name="sun.nio.ch.bugLevel" value=""/>
    <property name="java.vm.name" value="OpenJDK 64-Bit Server VM"/>
    <property name="localRepository" value="/home/alex/.m2/repository"/>
    <property name="java.vendor.url.bug" value="http://bugreport.sun.com/bugreport/"/>
    <property name="java.io.tmpdir" value="/tmp"/>
    <property name="java.version" value="1.8.0_402"/>
    <property name="user.dir" value="/home/alex/Repositories/nifi/nifi-nar-bundles/nifi-standard-bundle/nifi-standard-processors"/>
    <property name="os.arch" value="amd64"/>
    <property name="java.vm.specification.name" value="Java Virtual Machine Specification"/>
    <property name="java.awt.printerjob" value="sun.print.PSPrinterJob"/>
    <property name="sun.os.patch.level" value="unknown"/>
    <property name="java.library.path" value="/usr/java/packages/lib/amd64:/usr/lib/x86_64-linux-gnu/jni:/lib/x86_64-linux-gnu:/usr/lib/x86_64-linux-gnu:/usr/lib/jni:/lib:/usr/lib"/>
    <property name="java.vm.info" value="mixed mode"/>
    <property name="java.vendor" value="Private Build"/>
    <property name="java.vm.version" value="25.402-b06"/>
    <property name="java.specification.maintenance.version" value="5"/>
    <property name="java.ext.dirs" value="/usr/lib/jvm/java-8-openjdk-amd64/jre/lib/ext:/usr/java/packages/lib/ext"/>
    <property name="sun.io.unicode.encoding" value="UnicodeLittle"/>
    <property name="java.class.version" value="52.0"/>
  </properties>
  <testcase name="testEscapingDollarSign" classname="org.apache.nifi.processors.standard.TestReplaceText" time="0.011">
    <system-err><![CDATA[[pool-195-thread-1] INFO org.apache.nifi.processors.standard.ReplaceText - ReplaceText[id=65be4381-709e-418a-8835-707a8d183eff] Transferred FlowFile[0,hello.txt,12B] to 'success'
]]></system-err>
  </testcase>
  <testcase name="testWithNoMatch" classname="org.apache.nifi.processors.standard.TestReplaceText" time="0.002">
    <system-err><![CDATA[[pool-196-thread-1] INFO org.apache.nifi.processors.standard.ReplaceText - ReplaceText[id=94ad7dbd-4ffa-447c-a3b6-aa280e42e64f] Transferred FlowFile[0,hello.txt,13B] to 'success'
]]></system-err>
  </testcase>
  <testcase name="testAppendExceptFistLineWithCarriageReturnNewLine" classname="org.apache.nifi.processors.standard.TestReplaceText" time="0.002">
    <system-err><![CDATA[[pool-197-thread-1] INFO org.apache.nifi.processors.standard.ReplaceText - ReplaceText[id=8b4aa766-56bd-458b-aa28-3a88fc5aeb34] Transferred FlowFile[0,97499718627888.mockFlowFile,19B] to 'success'
]]></system-err>
  </testcase>
  <testcase name="testSubstituteVariablesWithEvaluationModeLineByLine" classname="org.apache.nifi.processors.standard.TestReplaceText" time="0.008">
    <system-err><![CDATA[[pool-198-thread-1] INFO org.apache.nifi.processors.standard.ReplaceText - ReplaceText[id=ae55182c-5e74-43c3-84b3-b64091f1f9a5] Transferred FlowFile[0,97499720681795.mockFlowFile,21B] to 'success'
]]></system-err>
  </testcase>
  <testcase name="testAppendSimple" classname="org.apache.nifi.processors.standard.TestReplaceText" time="0.001">
    <system-err><![CDATA[[pool-199-thread-1] INFO org.apache.nifi.processors.standard.ReplaceText - ReplaceText[id=876cdad7-fda2-443d-a79f-b499ad09e4b9] Transferred FlowFile[0,hello.txt,17B] to 'success'
]]></system-err>
  </testcase>
  <testcase name="testSubstituteVariablesWhenVariableValueMissing" classname="org.apache.nifi.processors.standard.TestReplaceText" time="0.001">
    <system-err><![CDATA[[pool-200-thread-1] INFO org.apache.nifi.processors.standard.ReplaceText - ReplaceText[id=acf78905-cfcf-4ec8-acbc-65847ef66387] Transferred FlowFile[0,97499730276255.mockFlowFile,29B] to 'success'
]]></system-err>
  </testcase>
  <testcase name="testCapturingGroupInExpressionLanguage2" classname="org.apache.nifi.processors.standard.TestReplaceText" time="0.004">
    <system-err><![CDATA[[pool-201-thread-1] INFO org.apache.nifi.processors.standard.ReplaceText - ReplaceText[id=1663d9c0-760a-455f-a9d6-0bbdceec6921] Transferred FlowFile[0,97499731634621.mockFlowFile,83B] to 'success'
]]></system-err>
  </testcase>
  <testcase name="testEscapingDollarSignLineByLine" classname="org.apache.nifi.processors.standard.TestReplaceText" time="0.001">
    <system-err><![CDATA[[pool-202-thread-1] INFO org.apache.nifi.processors.standard.ReplaceText - ReplaceText[id=0d914846-6e37-4f87-a351-192c46c3ec2c] Transferred FlowFile[0,97499736518519.mockFlowFile,193B] to 'success'
]]></system-err>
  </testcase>
  <testcase name="testAppendWithCarriageReturnNewLine" classname="org.apache.nifi.processors.standard.TestReplaceText" time="0.001">
    <system-err><![CDATA[[pool-203-thread-1] INFO org.apache.nifi.processors.standard.ReplaceText - ReplaceText[id=a835e206-24ef-466e-8346-9c0195823f60] Transferred FlowFile[0,97499737915173.mockFlowFile,20B] to 'success'
]]></system-err>
  </testcase>
  <testcase name="testAppendLastLineWithCarriageReturn" classname="org.apache.nifi.processors.standard.TestReplaceText" time="0.001">
    <system-err><![CDATA[[pool-204-thread-1] INFO org.apache.nifi.processors.standard.ReplaceText - ReplaceText[id=4c56e9d5-d12f-41fc-8099-96e3d2981237] Transferred FlowFile[0,97499739002234.mockFlowFile,16B] to 'success'
]]></system-err>
  </testcase>
  <testcase name="testPrependSimpleLineByLine" classname="org.apache.nifi.processors.standard.TestReplaceText" time="0.002">
    <system-err><![CDATA[[pool-205-thread-1] INFO org.apache.nifi.processors.standard.ReplaceText - ReplaceText[id=b9969671-214c-4ab4-a331-950014084b69] Transferred FlowFile[0,97499740196808.mockFlowFile,248B] to 'success'
]]></system-err>
  </testcase>
  <testcase name="testBackReference" classname="org.apache.nifi.processors.standard.TestReplaceText" time="0.001">
    <system-err><![CDATA[[pool-206-thread-1] INFO org.apache.nifi.processors.standard.ReplaceText - ReplaceText[id=8119c0f1-6643-4c64-aea9-9ecc87a6ceb7] Transferred FlowFile[0,hello.txt,15B] to 'success'
]]></system-err>
  </testcase>
  <testcase name="testLiteralBackReferenceFistLine" classname="org.apache.nifi.processors.standard.TestReplaceText" time="0.002">
    <system-err><![CDATA[[pool-207-thread-1] INFO org.apache.nifi.processors.standard.ReplaceText - ReplaceText[id=2a210eae-cc9c-4d2d-928d-5b8f44988913] Transferred FlowFile[0,97499743489915.mockFlowFile,196B] to 'success'
]]></system-err>
  </testcase>
  <testcase name="testAppendEndlineCR" classname="org.apache.nifi.processors.standard.TestReplaceText" time="0.001">
    <system-err><![CDATA[[pool-208-thread-1] INFO org.apache.nifi.processors.standard.ReplaceText - ReplaceText[id=cf3f0391-fb6a-45d0-a19c-f8a94e47658d] Transferred FlowFile[0,97499745709377.mockFlowFile,22B] to 'success'
]]></system-err>
  </testcase>
  <testcase name="testProblematicCase1LineByLine" classname="org.apache.nifi.processors.standard.TestReplaceText" time="0.004">
    <system-out><![CDATA[abc.txt	2024/05/02T033119Z	193

abc.txt	2024/05/02T033119Z	193

abc.txt	2024/05/02T033119Z	193

abc.txt	2024/05/02T033119Z	193

abc.txt	2024/05/02T033119Z	193

abc.txt	2024/05/02T033119Z	193

abc.txt	2024/05/02T033119Z	193

abc.txt	2024/05/02T033119Z	193

abc.txt	2024/05/02T033119Z	193

abc.txt	2024/05/02T033119Z	193

abc.txt	2024/05/02T033119Z	193

]]></system-out>
    <system-err><![CDATA[[pool-209-thread-1] INFO org.apache.nifi.processors.standard.ReplaceText - ReplaceText[id=a40cc725-c2b0-4ba5-81a6-9c78af33f835] Transferred FlowFile[0,abc.txt,351B] to 'success'
]]></system-err>
  </testcase>
  <testcase name="testPrependLastLine" classname="org.apache.nifi.processors.standard.TestReplaceText" time="0.002">
    <system-err><![CDATA[[pool-210-thread-1] INFO org.apache.nifi.processors.standard.ReplaceText - ReplaceText[id=fa38a85b-a61c-4dff-bf4f-0f3e267ee048] Transferred FlowFile[0,97499751287872.mockFlowFile,18B] to 'success'
]]></system-err>
  </testcase>
  <testcase name="testAlwaysReplaceEntireText" classname="org.apache.nifi.processors.standard.TestReplaceText" time="0.002">
    <system-err><![CDATA[[pool-211-thread-1] INFO org.apache.nifi.processors.standard.ReplaceText - ReplaceText[id=038fc4c4-8444-410d-865f-9f3e3fecce2d] Transferred FlowFile[0,abc.txt,7B] to 'success'
]]></system-err>
  </testcase>
  <testcase name="testAppendWithNewLine" classname="org.apache.nifi.processors.standard.TestReplaceText" time="0.001">
    <system-err><![CDATA[[pool-212-thread-1] INFO org.apache.nifi.processors.standard.ReplaceText - ReplaceText[id=e0ccc510-3f70-4855-91c0-a981c2d00a2a] Transferred FlowFile[0,97499754421612.mockFlowFile,18B] to 'success'
]]></system-err>
  </testcase>
  <testcase name="testRegexNoCaptureDefaultReplacement" classname="org.apache.nifi.processors.standard.TestReplaceText" time="0.011"/>
  <testcase name="testLiteralReplaceWithExpressionLanguageInSearchEntireText" classname="org.apache.nifi.processors.standard.TestReplaceText" time="0.002">
    <system-err><![CDATA[[pool-214-thread-1] INFO org.apache.nifi.processors.standard.ReplaceText - ReplaceText[id=9af1d952-3185-486f-a75c-745e6fd4ab51] Transferred FlowFile[0,97499766897412.mockFlowFile,23B] to 'success'
]]></system-err>
  </testcase>
  <testcase name="testRegexWithGoodCaptureGroup" classname="org.apache.nifi.processors.standard.TestReplaceText" time="0.002">
    <system-err><![CDATA[[pool-215-thread-1] INFO org.apache.nifi.processors.standard.ReplaceText - ReplaceText[id=5f40ed5b-8d3a-4bfb-81fb-df7bd4d2a038] Transferred FlowFile[0,97499768807761.mockFlowFile,11B] to 'success'
]]></system-err>
  </testcase>
  <testcase name="testReplacementWithExpressionLanguageIsEscaped" classname="org.apache.nifi.processors.standard.TestReplaceText" time="0.001">
    <system-err><![CDATA[[pool-216-thread-1] INFO org.apache.nifi.processors.standard.ReplaceText - ReplaceText[id=25190d99-a69d-4f83-9a79-21111df30dce] Transferred FlowFile[0,hello.txt,14B] to 'success'
]]></system-err>
  </testcase>
  <testcase name="testReplaceWithEmptyString" classname="org.apache.nifi.processors.standard.TestReplaceText" time="0.001">
    <system-err><![CDATA[[pool-217-thread-1] INFO org.apache.nifi.processors.standard.ReplaceText - ReplaceText[id=7642c136-4096-4707-9e01-6d243bed1d38] Transferred FlowFile[0,hello.txt,10B] to 'success'
]]></system-err>
  </testcase>
  <testcase name="testRegexWithExpressionLanguageIsEscaped" classname="org.apache.nifi.processors.standard.TestReplaceText" time="0.001">
    <system-err><![CDATA[[pool-218-thread-1] INFO org.apache.nifi.processors.standard.ReplaceText - ReplaceText[id=f51449b5-3b26-4056-82f5-6d16d80b3740] Transferred FlowFile[0,hello.txt,13B] to 'success'
]]></system-err>
  </testcase>
  <testcase name="testZeroByteContentFileLineByLine" classname="org.apache.nifi.processors.standard.TestReplaceText" time="0.002">
    <system-err><![CDATA[[pool-219-thread-1] INFO org.apache.nifi.processors.standard.ReplaceText - ReplaceText[id=cadb4e3e-9dc7-412f-9423-22ab96c8bb84] Transferred FlowFile[0,97499775259556.mockFlowFile,36B] to 'success'
]]></system-err>
  </testcase>
  <testcase name="testLiteralBackReferenceExceptLastLine" classname="org.apache.nifi.processors.standard.TestReplaceText" time="0.001">
    <system-err><![CDATA[[pool-220-thread-1] INFO org.apache.nifi.processors.standard.ReplaceText - ReplaceText[id=21eb68e7-e774-4dc9-a079-59488691d5d4] Transferred FlowFile[0,97499776473397.mockFlowFile,211B] to 'success'
]]></system-err>
  </testcase>
  <testcase name="testBackReferenceWithTooLargeOfIndexIsEscapedLastLine" classname="org.apache.nifi.processors.standard.TestReplaceText" time="0.001">
    <system-err><![CDATA[[pool-221-thread-1] INFO org.apache.nifi.processors.standard.ReplaceText - ReplaceText[id=7fe19039-6ae8-4be4-8332-06670b95821e] Transferred FlowFile[0,97499777922211.mockFlowFile,197B] to 'success'
]]></system-err>
  </testcase>
  <testcase name="testAppendSimpleLineByLine" classname="org.apache.nifi.processors.standard.TestReplaceText" time="0.002">
    <system-err><![CDATA[[pool-222-thread-1] INFO org.apache.nifi.processors.standard.ReplaceText - ReplaceText[id=0574a81e-2ea1-4b48-8f67-b18099e2a01d] Transferred FlowFile[0,97499779246246.mockFlowFile,248B] to 'success'
]]></system-err>
  </testcase>
  <testcase name="testLiteralBackReference" classname="org.apache.nifi.processors.standard.TestReplaceText" time="0.001">
    <system-err><![CDATA[[pool-223-thread-1] INFO org.apache.nifi.processors.standard.ReplaceText - ReplaceText[id=439a6693-62c2-4714-8d32-76ec80d45f78] Transferred FlowFile[0,hello.txt,14B] to 'success'
]]></system-err>
  </testcase>
  <testcase name="testRegexWithExpressionLanguageIsEscapedLineByLine" classname="org.apache.nifi.processors.standard.TestReplaceText" time="0.001">
    <system-err><![CDATA[[pool-224-thread-1] INFO org.apache.nifi.processors.standard.ReplaceText - ReplaceText[id=bef7c830-6ce0-4bbe-b059-bce308996596] Transferred FlowFile[0,97499781457676.mockFlowFile,193B] to 'success'
]]></system-err>
  </testcase>
  <testcase name="testSimpleLineByLine" classname="org.apache.nifi.processors.standard.TestReplaceText" time="0.001">
    <system-err><![CDATA[[pool-225-thread-1] INFO org.apache.nifi.processors.standard.ReplaceText - ReplaceText[id=75b83b37-aa2b-4e20-9254-18fa54098942] Transferred FlowFile[0,97499783322510.mockFlowFile,193B] to 'success'
]]></system-err>
  </testcase>
  <testcase name="testAppendFirstLineWithCarriageReturn" classname="org.apache.nifi.processors.standard.TestReplaceText" time="0.001">
    <system-err><![CDATA[[pool-226-thread-1] INFO org.apache.nifi.processors.standard.ReplaceText - ReplaceText[id=36e4b595-42ff-4589-ac5e-fbe5163e4a5d] Transferred FlowFile[0,97499784347551.mockFlowFile,16B] to 'success'
]]></system-err>
  </testcase>
  <testcase name="testBackReferenceWithTooLargeOfIndexIsEscapedExceptFirstLine" classname="org.apache.nifi.processors.standard.TestReplaceText" time="0.001">
    <system-err><![CDATA[[pool-227-thread-1] INFO org.apache.nifi.processors.standard.ReplaceText - ReplaceText[id=4ffb9149-65f5-488e-8864-6215542dc545] Transferred FlowFile[0,97499785498329.mockFlowFile,199B] to 'success'
]]></system-err>
  </testcase>
  <testcase name="testBackReferenceWithTooLargeOfIndexIsEscapedExceptLastLine" classname="org.apache.nifi.processors.standard.TestReplaceText" time="0.001">
    <system-err><![CDATA[[pool-228-thread-1] INFO org.apache.nifi.processors.standard.ReplaceText - ReplaceText[id=bf6cf014-9025-4afe-89fc-46aab82f3674] Transferred FlowFile[0,97499786676572.mockFlowFile,205B] to 'success'
]]></system-err>
  </testcase>
  <testcase name="testWithNoMatchLineByLine" classname="org.apache.nifi.processors.standard.TestReplaceText" time="0.001">
    <system-err><![CDATA[[pool-229-thread-1] INFO org.apache.nifi.processors.standard.ReplaceText - ReplaceText[id=7a7a192c-0f2d-4ede-8fa3-6f8ff7f8edbf] Transferred FlowFile[0,97499787805163.mockFlowFile,193B] to 'success'
]]></system-err>
  </testcase>
  <testcase name="testWithUnEscaped$InReplacement" classname="org.apache.nifi.processors.standard.TestReplaceText" time="0.001">
    <system-err><![CDATA[[pool-230-thread-1] INFO org.apache.nifi.processors.standard.ReplaceText - ReplaceText[id=59d00cf8-7f5f-4ed8-b714-e8cc742e14f6] Transferred FlowFile[0,97499788875399.mockFlowFile,3B] to 'success'
]]></system-err>
  </testcase>
  <testcase name="testPrependExceptLastLine" classname="org.apache.nifi.processors.standard.TestReplaceText" time="0.001">
    <system-err><![CDATA[[pool-231-thread-1] INFO org.apache.nifi.processors.standard.ReplaceText - ReplaceText[id=e230d33a-b0c0-4192-aa5a-d7ff7ddcf78a] Transferred FlowFile[0,97499789999219.mockFlowFile,19B] to 'success'
]]></system-err>
  </testcase>
  <testcase name="testAlwaysReplaceLineByLine" classname="org.apache.nifi.processors.standard.TestReplaceText" time="0.002">
    <system-err><![CDATA[[pool-232-thread-1] INFO org.apache.nifi.processors.standard.ReplaceText - ReplaceText[id=b978f17e-a0cf-4d9e-9df9-0e6865d84d25] Transferred FlowFile[0,abc.txt,25B] to 'success'
]]></system-err>
  </testcase>
  <testcase name="testRegexWithExpressionLanguage" classname="org.apache.nifi.processors.standard.TestReplaceText" time="0.001">
    <system-err><![CDATA[[pool-233-thread-1] INFO org.apache.nifi.processors.standard.ReplaceText - ReplaceText[id=c93d69a2-16f1-4e19-a375-a50a7ccafdbe] Transferred FlowFile[0,hello.txt,16B] to 'success'
]]></system-err>
  </testcase>
  <testcase name="testBackRefWithNoCapturingGroup" classname="org.apache.nifi.processors.standard.TestReplaceText" time="0.001">
    <system-err><![CDATA[[pool-234-thread-1] INFO org.apache.nifi.processors.standard.ReplaceText - ReplaceText[id=10d9315f-355f-45ed-a76c-e3e8864597dc] Transferred FlowFile[0,hello.txt,16B] to 'success'
]]></system-err>
  </testcase>
  <testcase name="testPrependExceptFirstLine" classname="org.apache.nifi.processors.standard.TestReplaceText" time="0.001">
    <system-err><![CDATA[[pool-235-thread-1] INFO org.apache.nifi.processors.standard.ReplaceText - ReplaceText[id=14584b55-b44d-4271-901c-c991f09d973e] Transferred FlowFile[0,97499794978118.mockFlowFile,19B] to 'success'
]]></system-err>
  </testcase>
  <testcase name="testBackReferenceWithTooLargeOfIndexIsEscapedLineByLine" classname="org.apache.nifi.processors.standard.TestReplaceText" time="0.002">
    <system-err><![CDATA[[pool-236-thread-1] INFO org.apache.nifi.processors.standard.ReplaceText - ReplaceText[id=bba07191-4a7a-40bf-8ea4-098232d27222] Transferred FlowFile[0,97499796075181.mockFlowFile,205B] to 'success'
]]></system-err>
  </testcase>
  <testcase name="testPrependFirstLine" classname="org.apache.nifi.processors.standard.TestReplaceText" time="0">
    <system-err><![CDATA[[pool-237-thread-1] INFO org.apache.nifi.processors.standard.ReplaceText - ReplaceText[id=6a9ef068-dabc-4b98-b39b-0fb59ce3992d] Transferred FlowFile[0,97499797240894.mockFlowFile,18B] to 'success'
]]></system-err>
  </testcase>
  <testcase name="testWithInvalidExpression" classname="org.apache.nifi.processors.standard.TestReplaceText" time="0.001">
    <system-err><![CDATA[[pool-238-thread-1] WARN org.apache.nifi.processors.standard.ReplaceText - ReplaceText[id=853ebf5a-24fd-4390-9bdb-7864eca154f5] Transferred FlowFile[0,97499798166781.mockFlowFile,2B] to 'failure' due to org.apache.nifi.attribute.expression.language.exception.IllegalAttributeException: Cannot parse attribute value as a date; date format: yyyy/MM/dd; attribute value: 12: org.apache.nifi.attribute.expression.language.exception.IllegalAttributeException: Cannot parse attribute value as a date; date format: yyyy/MM/dd; attribute value: 12
]]></system-err>
  </testcase>
  <testcase name="testLiteralReplaceWithExpressionLanguageInSearchLineByLine" classname="org.apache.nifi.processors.standard.TestReplaceText" time="0.002">
    <system-err><![CDATA[[pool-239-thread-1] INFO org.apache.nifi.processors.standard.ReplaceText - ReplaceText[id=9467b375-b066-49a2-9e89-6850eda2c303] Transferred FlowFile[0,97499799988927.mockFlowFile,23B] to 'success'
]]></system-err>
  </testcase>
  <testcase name="testLiteralReplaceWithExpressionLanguageInReplacementEntireText" classname="org.apache.nifi.processors.standard.TestReplaceText" time="0.001">
    <system-err><![CDATA[[pool-240-thread-1] INFO org.apache.nifi.processors.standard.ReplaceText - ReplaceText[id=276c7134-c34c-4c09-8ca2-8348c0e853b2] Transferred FlowFile[0,97499801424756.mockFlowFile,21B] to 'success'
]]></system-err>
  </testcase>
  <testcase name="testGetExistingContent" classname="org.apache.nifi.processors.standard.TestReplaceText" time="0.001">
    <system-out><![CDATA[attribute header

abc.txt

data header

Hello
World!

footer
]]></system-out>
    <system-err><![CDATA[[pool-241-thread-1] INFO org.apache.nifi.processors.standard.ReplaceText - ReplaceText[id=b1f0c543-95e5-4b04-8132-2f50f01efd43] Transferred FlowFile[0,abc.txt,60B] to 'success'
]]></system-err>
  </testcase>
  <testcase name="testRoutesToFailureIfTooLarge" classname="org.apache.nifi.processors.standard.TestReplaceText" time="0.001">
    <system-err><![CDATA[[pool-242-thread-1] WARN org.apache.nifi.processors.standard.ReplaceText - ReplaceText[id=e93627e6-1cf7-414a-8e88-e6a2e36e85b3] Transferred null to 'faliure' because it was larger than the buffer size
]]></system-err>
  </testcase>
  <testcase name="testAttributeToContentLineByLine" classname="org.apache.nifi.processors.standard.TestReplaceText" time="0.001">
    <system-err><![CDATA[[pool-243-thread-1] INFO org.apache.nifi.processors.standard.ReplaceText - ReplaceText[id=5a192d3d-1b66-4418-9bdc-d6bce9c00364] Transferred FlowFile[0,testFile.txt,54B] to 'success'
]]></system-err>
  </testcase>
  <testcase name="testWithMultipleMatchesLineByLine" classname="org.apache.nifi.processors.standard.TestReplaceText" time="0.001">
    <system-err><![CDATA[[pool-244-thread-1] INFO org.apache.nifi.processors.standard.ReplaceText - ReplaceText[id=c6959229-2338-488f-9fab-886e00d66872] Transferred FlowFile[0,97499806439685.mockFlowFile,193B] to 'success'
]]></system-err>
  </testcase>
  <testcase name="testRoutesToSuccessIfTooLargeButRegexIsDotAsterisk" classname="org.apache.nifi.processors.standard.TestReplaceText" time="0.001">
    <system-err><![CDATA[[pool-245-thread-1] INFO org.apache.nifi.processors.standard.ReplaceText - ReplaceText[id=d455c143-fdc7-4b3b-94c7-bc813ed6e572] Transferred FlowFile[0,hello.txt,4B] to 'success'
]]></system-err>
  </testcase>
  <testcase name="testConfigurationCornerCase" classname="org.apache.nifi.processors.standard.TestReplaceText" time="0.002">
    <system-err><![CDATA[[pool-247-thread-1] INFO org.apache.nifi.processors.standard.ReplaceText - ReplaceText[id=567343f4-7669-4796-8a87-aa8c70178206] Transferred FlowFile[0,hello.txt,13B] to 'success'
]]></system-err>
  </testcase>
  <testcase name="testAppendEndlineCRLF" classname="org.apache.nifi.processors.standard.TestReplaceText" time="0.001">
    <system-err><![CDATA[[pool-248-thread-1] INFO org.apache.nifi.processors.standard.ReplaceText - ReplaceText[id=7a7da8c2-c1f5-4dee-be0c-e788a48282ad] Transferred FlowFile[0,97499811477619.mockFlowFile,24B] to 'success'
]]></system-err>
  </testcase>
  <testcase name="testReplaceWithinCurlyBraces" classname="org.apache.nifi.processors.standard.TestReplaceText" time="0.001">
    <system-err><![CDATA[[pool-249-thread-1] INFO org.apache.nifi.processors.standard.ReplaceText - ReplaceText[id=0a17ea62-c6bd-4a99-8daf-ca802b646c90] Transferred FlowFile[0,abc.txt,11B] to 'success'
]]></system-err>
  </testcase>
  <testcase name="testLiteral" classname="org.apache.nifi.processors.standard.TestReplaceText" time="0.002">
    <system-err><![CDATA[[pool-250-thread-1] INFO org.apache.nifi.processors.standard.ReplaceText - ReplaceText[id=8fd13627-4fc8-42fa-9769-525c9b4d1454] Transferred FlowFile[0,hello.txt,13B] to 'success'
[pool-251-thread-1] INFO org.apache.nifi.processors.standard.ReplaceText - ReplaceText[id=8fd13627-4fc8-42fa-9769-525c9b4d1454] Transferred FlowFile[1,97499814810185.mockFlowFile,19B] to 'success'
]]></system-err>
  </testcase>
  <testcase name="testBackRefFollowedByNumbers" classname="org.apache.nifi.processors.standard.TestReplaceText" time="0.001">
    <system-out><![CDATA[Hell23o, World!
]]></system-out>
    <system-err><![CDATA[[pool-252-thread-1] INFO org.apache.nifi.processors.standard.ReplaceText - ReplaceText[id=2fd17bd3-f767-40de-a811-70b4caaa5926] Transferred FlowFile[0,hello.txt,15B] to 'success'
]]></system-err>
  </testcase>
  <testcase name="testDefaultReplacement" classname="org.apache.nifi.processors.standard.TestReplaceText" time="0.001">
    <system-err><![CDATA[[pool-253-thread-1] INFO org.apache.nifi.processors.standard.ReplaceText - ReplaceText[id=53a93282-5e31-4355-843e-5c7edb27f2c6] Transferred FlowFile[0,97499817173261.mockFlowFile,25B] to 'success'
]]></system-err>
  </testcase>
  <testcase name="testRegexWithBadCaptureGroup" classname="org.apache.nifi.processors.standard.TestReplaceText" time="0.001">
    <system-err><![CDATA[[pool-254-thread-1] INFO org.apache.nifi.processors.standard.ReplaceText - ReplaceText[id=52df7e25-0b90-4c4d-8bec-06a4a1d9d1e1] Transferred FlowFile[0,97499818301026.mockFlowFile,0B] to 'success'
]]></system-err>
  </testcase>
  <testcase name="testSimpleLiteral" classname="org.apache.nifi.processors.standard.TestReplaceText" time="0.001">
    <system-err><![CDATA[[pool-255-thread-1] INFO org.apache.nifi.processors.standard.ReplaceText - ReplaceText[id=6da84483-fcff-4194-b13e-279e72632f78] Transferred FlowFile[0,97499819796828.mockFlowFile,193B] to 'success'
]]></system-err>
  </testcase>
  <testcase name="testAppendFirstLineWithCarriageReturnNewLine" classname="org.apache.nifi.processors.standard.TestReplaceText" time="0.001">
    <system-err><![CDATA[[pool-256-thread-1] INFO org.apache.nifi.processors.standard.ReplaceText - ReplaceText[id=1360ee5c-38d2-4ae3-a4ff-a0b9faf14c1e] Transferred FlowFile[0,97499821111099.mockFlowFile,18B] to 'success'
]]></system-err>
  </testcase>
  <testcase name="testForStackOverflow" classname="org.apache.nifi.processors.standard.TestReplaceText" time="0.011">
    <system-err><![CDATA[[pool-257-thread-1] INFO org.apache.nifi.processors.standard.ReplaceText - ReplaceText[id=8bb489a7-cda2-414f-bcb6-cf3d49b83dad] Transferred FlowFile[0,97499828389970.mockFlowFile,1000000B] to 'failure' due to java.lang.StackOverflowError
]]></system-err>
  </testcase>
  <testcase name="testReplaceWithEmptyStringLineByLine" classname="org.apache.nifi.processors.standard.TestReplaceText" time="0.001">
    <system-err><![CDATA[[pool-258-thread-1] INFO org.apache.nifi.processors.standard.ReplaceText - ReplaceText[id=def1da0c-5664-4d93-914b-90498268c235] Transferred FlowFile[0,97499833105804.mockFlowFile,181B] to 'success'
]]></system-err>
  </testcase>
  <testcase name="testIterativeRegexReplace" classname="org.apache.nifi.processors.standard.TestReplaceText" time="0.001">
    <system-err><![CDATA[[pool-259-thread-1] INFO org.apache.nifi.processors.standard.ReplaceText - ReplaceText[id=d4cedffb-13bf-478b-9a5f-b1e1a4296f85] Transferred FlowFile[0,97499834163958.mockFlowFile,51B] to 'success'
]]></system-err>
  </testcase>
  <testcase name="testReplacementWithExpressionLanguageIsEscapedLineByLine" classname="org.apache.nifi.processors.standard.TestReplaceText" time="0.002">
    <system-err><![CDATA[[pool-260-thread-1] INFO org.apache.nifi.processors.standard.ReplaceText - ReplaceText[id=659b2bd2-f08f-44eb-aa78-c88ef9f4ce88] Transferred FlowFile[0,97499835980316.mockFlowFile,205B] to 'success'
]]></system-err>
  </testcase>
  <testcase name="testAppendWithCarriageReturn" classname="org.apache.nifi.processors.standard.TestReplaceText" time="0.001">
    <system-err><![CDATA[[pool-261-thread-1] INFO org.apache.nifi.processors.standard.ReplaceText - ReplaceText[id=7cc6d8fd-0f36-4d4a-956e-f823a12a4c6f] Transferred FlowFile[0,97499837595606.mockFlowFile,18B] to 'success'
]]></system-err>
  </testcase>
  <testcase name="testGetExistingContentLineByLine" classname="org.apache.nifi.processors.standard.TestReplaceText" time="0.001">
    <system-out><![CDATA[attribute header

abc.txt

data header

Hello


footer
attribute header

abc.txt

data header

World!

footer

]]></system-out>
    <system-err><![CDATA[[pool-262-thread-1] INFO org.apache.nifi.processors.standard.ReplaceText - ReplaceText[id=a9090280-1ee1-42e3-b976-64fe1f9bcb9a] Transferred FlowFile[0,abc.txt,110B] to 'success'
]]></system-err>
  </testcase>
  <testcase name="testLiteralReplaceWithExpressionLanguageInReplacementLineByLine" classname="org.apache.nifi.processors.standard.TestReplaceText" time="0.001">
    <system-err><![CDATA[[pool-263-thread-1] INFO org.apache.nifi.processors.standard.ReplaceText - ReplaceText[id=7ab76ff8-992c-412e-b41e-b6b41beeabbc] Transferred FlowFile[0,97499839687024.mockFlowFile,21B] to 'success'
]]></system-err>
  </testcase>
  <testcase name="testLiteralBackReferenceLineByLine" classname="org.apache.nifi.processors.standard.TestReplaceText" time="0.001">
    <system-err><![CDATA[[pool-264-thread-1] INFO org.apache.nifi.processors.standard.ReplaceText - ReplaceText[id=52864c05-20bf-4bc6-9780-f1339801736c] Transferred FlowFile[0,97499840969550.mockFlowFile,205B] to 'success'
]]></system-err>
  </testcase>
  <testcase name="testLiteralLineByLine" classname="org.apache.nifi.processors.standard.TestReplaceText" time="0.001">
    <system-err><![CDATA[[pool-265-thread-1] INFO org.apache.nifi.processors.standard.ReplaceText - ReplaceText[id=7016f459-c1d1-4b93-bc76-c709392a0085] Transferred FlowFile[0,97499841996645.mockFlowFile,31B] to 'success'
]]></system-err>
  </testcase>
  <testcase name="testDefaultMultilineReplacement" classname="org.apache.nifi.processors.standard.TestReplaceText" time="0.001">
    <system-err><![CDATA[[pool-266-thread-1] INFO org.apache.nifi.processors.standard.ReplaceText - ReplaceText[id=73da71bc-9f45-4feb-b3d1-19addc977d31] Transferred FlowFile[0,97499842950191.mockFlowFile,25B] to 'success'
]]></system-err>
  </testcase>
  <testcase name="testProcessorConfigurationRegexNotValid" classname="org.apache.nifi.processors.standard.TestReplaceText" time="0.002">
    <system-err><![CDATA[[pool-267-thread-1] INFO org.apache.nifi.processors.standard.ReplaceText - ReplaceText[id=9a573d72-691d-46aa-8d7c-a21d3cef6148] Transferred FlowFile[0,97499845016997.mockFlowFile,5B] to 'success'
]]></system-err>
  </testcase>
  <testcase name="testBackReferenceWithTooLargeOfIndexIsEscaped" classname="org.apache.nifi.processors.standard.TestReplaceText" time="0">
    <system-err><![CDATA[[pool-268-thread-1] INFO org.apache.nifi.processors.standard.ReplaceText - ReplaceText[id=aa052912-38f8-45e3-a615-309b1579faac] Transferred FlowFile[0,hello.txt,15B] to 'success'
]]></system-err>
  </testcase>
  <testcase name="testPrependSimple" classname="org.apache.nifi.processors.standard.TestReplaceText" time="0">
    <system-err><![CDATA[[pool-269-thread-1] INFO org.apache.nifi.processors.standard.ReplaceText - ReplaceText[id=6faa801f-2045-4931-aa5c-095f18ffa2ac] Transferred FlowFile[0,hello.txt,17B] to 'success'
]]></system-err>
  </testcase>
  <testcase name="testAppendExceptLastLineWithCarriageReturnNewLine" classname="org.apache.nifi.processors.standard.TestReplaceText" time="0.001">
    <system-err><![CDATA[[pool-270-thread-1] INFO org.apache.nifi.processors.standard.ReplaceText - ReplaceText[id=761143ab-0172-431c-9273-cb96479fa2b8] Transferred FlowFile[0,97499848120131.mockFlowFile,19B] to 'success'
]]></system-err>
  </testcase>
  <testcase name="testAppendExceptFirstLineWithCarriageReturn" classname="org.apache.nifi.processors.standard.TestReplaceText" time="0.001">
    <system-err><![CDATA[[pool-271-thread-1] INFO org.apache.nifi.processors.standard.ReplaceText - ReplaceText[id=5ca163bb-4a2c-420f-89e0-35c557c81f84] Transferred FlowFile[0,97499848930344.mockFlowFile,17B] to 'success'
]]></system-err>
  </testcase>
  <testcase name="testAppendLastLineWithCarriageReturnNewLine" classname="org.apache.nifi.processors.standard.TestReplaceText" time="0.001">
    <system-err><![CDATA[[pool-272-thread-1] INFO org.apache.nifi.processors.standard.ReplaceText - ReplaceText[id=5f405ac1-3a60-405b-a81e-a07d864503ae] Transferred FlowFile[0,97499849887423.mockFlowFile,18B] to 'success'
]]></system-err>
  </testcase>
  <testcase name="testBackReferenceLineByLine" classname="org.apache.nifi.processors.standard.TestReplaceText" time="0.001">
    <system-err><![CDATA[[pool-273-thread-1] INFO org.apache.nifi.processors.standard.ReplaceText - ReplaceText[id=882452fc-0fec-4dbe-8430-d6173fa8e2a6] Transferred FlowFile[0,97499850927553.mockFlowFile,199B] to 'success'
]]></system-err>
  </testcase>
  <testcase name="testAppendExceptLastLineWithCarriageReturn" classname="org.apache.nifi.processors.standard.TestReplaceText" time="0">
    <system-err><![CDATA[[pool-274-thread-1] INFO org.apache.nifi.processors.standard.ReplaceText - ReplaceText[id=c68f4c71-2d24-4d0a-9649-58b73141ebc9] Transferred FlowFile[0,97499852246560.mockFlowFile,17B] to 'success'
]]></system-err>
  </testcase>
  <testcase name="testCapturingGroupInExpressionLanguage" classname="org.apache.nifi.processors.standard.TestReplaceText" time="0.003">
    <system-err><![CDATA[[pool-275-thread-1] INFO org.apache.nifi.processors.standard.ReplaceText - ReplaceText[id=3226c931-9818-400a-ae86-3aeb86de7c76] Transferred FlowFile[0,97499853279939.mockFlowFile,79B] to 'success'
]]></system-err>
  </testcase>
  <testcase name="testWithEscaped$InReplacement" classname="org.apache.nifi.processors.standard.TestReplaceText" time="0.001">
    <system-err><![CDATA[[pool-276-thread-1] INFO org.apache.nifi.processors.standard.ReplaceText - ReplaceText[id=691b6e02-8d56-443f-9334-23524e44a743] Transferred FlowFile[0,97499856592508.mockFlowFile,4B] to 'success'
]]></system-err>
  </testcase>
  <testcase name="testLiteralBackReferenceExceptFirstLine" classname="org.apache.nifi.processors.standard.TestReplaceText" time="0.001">
    <system-err><![CDATA[[pool-277-thread-1] INFO org.apache.nifi.processors.standard.ReplaceText - ReplaceText[id=3babb0e0-705b-4069-bc69-0b8b308728eb] Transferred FlowFile[0,97499858021855.mockFlowFile,202B] to 'success'
]]></system-err>
  </testcase>
  <testcase name="testSubstituteVariablesWithEvaluationModeEntireText" classname="org.apache.nifi.processors.standard.TestReplaceText" time="0">
    <system-err><![CDATA[[pool-278-thread-1] INFO org.apache.nifi.processors.standard.ReplaceText - ReplaceText[id=80db97be-1ae5-4a9b-ad2f-7f4c8bb9cb57] Transferred FlowFile[0,97499859145195.mockFlowFile,21B] to 'success'
]]></system-err>
  </testcase>
  <testcase name="testReplacementWithExpressionLanguage" classname="org.apache.nifi.processors.standard.TestReplaceText" time="0.002">
    <system-err><![CDATA[[pool-279-thread-1] INFO org.apache.nifi.processors.standard.ReplaceText - ReplaceText[id=94aa7cc6-b268-4c3e-a7ed-42802287c3e1] Transferred FlowFile[0,hello.txt,13B] to 'success'
]]></system-err>
  </testcase>
  <testcase name="testProblematicCase1" classname="org.apache.nifi.processors.standard.TestReplaceText" time="0.001">
    <system-out><![CDATA[abc.txt	2024/05/02T033119Z	13

]]></system-out>
    <system-err><![CDATA[[pool-280-thread-1] INFO org.apache.nifi.processors.standard.ReplaceText - ReplaceText[id=1b34f6e0-4a85-4858-a22f-db2bdcf80026] Transferred FlowFile[0,abc.txt,30B] to 'success'
]]></system-err>
  </testcase>
  <testcase name="testBackReferenceWithInvalidReferenceIsEscaped" classname="org.apache.nifi.processors.standard.TestReplaceText" time="0.001">
    <system-err><![CDATA[[pool-281-thread-1] INFO org.apache.nifi.processors.standard.ReplaceText - ReplaceText[id=edc8dd51-faca-445b-96bb-6d8210456add] Transferred FlowFile[0,hello.txt,12B] to 'success'
]]></system-err>
  </testcase>
  <testcase name="testIterativeRegexReplaceLineByLine" classname="org.apache.nifi.processors.standard.TestReplaceText" time="0.002">
    <system-err><![CDATA[[pool-282-thread-1] INFO org.apache.nifi.processors.standard.ReplaceText - ReplaceText[id=cd5bd02d-f49c-48b3-adc5-1625fa417d39] Transferred FlowFile[0,97499864038819.mockFlowFile,51B] to 'success'
]]></system-err>
  </testcase>
  <testcase name="testLiteralSimple" classname="org.apache.nifi.processors.standard.TestReplaceText" time="0.001">
    <system-err><![CDATA[[pool-283-thread-1] INFO org.apache.nifi.processors.standard.ReplaceText - ReplaceText[id=ec0f3f60-5b49-4bc3-b1df-71c2aa029b5e] Transferred FlowFile[0,hello.txt,13B] to 'success'
]]></system-err>
  </testcase>
  <testcase name="testBackReferenceWithTooLargeOfIndexIsEscapedFirstLine" classname="org.apache.nifi.processors.standard.TestReplaceText" time="0.001">
    <system-err><![CDATA[[pool-284-thread-1] INFO org.apache.nifi.processors.standard.ReplaceText - ReplaceText[id=44ae0caa-a27f-4911-802e-c1e8a0f5866a] Transferred FlowFile[0,97499866406247.mockFlowFile,195B] to 'success'
]]></system-err>
  </testcase>
  <testcase name="testPrependLineByLine" classname="org.apache.nifi.processors.standard.TestReplaceText" time="0.001">
    <system-err><![CDATA[[pool-285-thread-1] INFO org.apache.nifi.processors.standard.ReplaceText - ReplaceText[id=ba665250-842e-4917-be81-788afe378a24] Transferred FlowFile[0,97499867326067.mockFlowFile,20B] to 'success'
]]></system-err>
  </testcase>
  <testcase name="testLiteralBackReferenceLastLine" classname="org.apache.nifi.processors.standard.TestReplaceText" time="0.001">
    <system-err><![CDATA[[pool-286-thread-1] INFO org.apache.nifi.processors.standard.ReplaceText - ReplaceText[id=6540448b-d07c-4bc6-9411-3144d59389f0] Transferred FlowFile[0,97499868443952.mockFlowFile,199B] to 'success'
]]></system-err>
  </testcase>
  <testcase name="testBackReferenceWithInvalidReferenceIsEscapedLineByLine" classname="org.apache.nifi.processors.standard.TestReplaceText" time="0.001">
    <system-err><![CDATA[[pool-287-thread-1] INFO org.apache.nifi.processors.standard.ReplaceText - ReplaceText[id=df7bd5b2-7a08-4eb6-b8cf-235c49220fb6] Transferred FlowFile[0,97499869453843.mockFlowFile,193B] to 'success'
]]></system-err>
  </testcase>
  <testcase name="testSimple" classname="org.apache.nifi.processors.standard.TestReplaceText" time="0.001">
    <system-err><![CDATA[[pool-288-thread-1] INFO org.apache.nifi.processors.standard.ReplaceText - ReplaceText[id=456dd7e5-0c59-4ad2-9646-f2e2e94fc696] Transferred FlowFile[0,hello.txt,13B] to 'success'
]]></system-err>
  </testcase>
  <testcase name="testRegexWithExpressionLanguageLineByLine" classname="org.apache.nifi.processors.standard.TestReplaceText" time="0.002">
    <system-err><![CDATA[[pool-289-thread-1] INFO org.apache.nifi.processors.standard.ReplaceText - ReplaceText[id=fe0b5e7f-d45c-44f4-ab72-8f150ea3718a] Transferred FlowFile[0,97499871583623.mockFlowFile,196B] to 'success'
]]></system-err>
  </testcase>
  <testcase name="testWithMultipleMatches" classname="org.apache.nifi.processors.standard.TestReplaceText" time="0.001">
    <system-err><![CDATA[[pool-290-thread-1] INFO org.apache.nifi.processors.standard.ReplaceText - ReplaceText[id=a927cbfc-7263-4529-8a87-0e1cc9691364] Transferred FlowFile[0,hello.txt,13B] to 'success'
]]></system-err>
  </testcase>
  <testcase name="testBackReferenceEscapeWithRegexReplaceUsingEL" classname="org.apache.nifi.processors.standard.TestReplaceText" time="0.003">
    <system-err><![CDATA[[pool-291-thread-1] INFO org.apache.nifi.processors.standard.ReplaceText - ReplaceText[id=7ae2ae20-8fa3-4dce-bed1-ec9ac706d3f4] Transferred FlowFile[0,97499874870735.mockFlowFile,5B] to 'success'
[pool-292-thread-1] INFO org.apache.nifi.processors.standard.ReplaceText - ReplaceText[id=7ae2ae20-8fa3-4dce-bed1-ec9ac706d3f4] Transferred FlowFile[1,97499875700713.mockFlowFile,6B] to 'success'
[pool-293-thread-1] INFO org.apache.nifi.processors.standard.ReplaceText - ReplaceText[id=7ae2ae20-8fa3-4dce-bed1-ec9ac706d3f4] Transferred FlowFile[2,97499876529460.mockFlowFile,8B] to 'success'
]]></system-err>
  </testcase>
  <testcase name="testSubstituteVariablesWhenVariableNameEmpty" classname="org.apache.nifi.processors.standard.TestReplaceText" time="0.001">
    <system-err><![CDATA[[pool-294-thread-1] INFO org.apache.nifi.processors.standard.ReplaceText - ReplaceText[id=ca405e47-9ff4-4e4e-b949-9b1cce342a6a] Transferred FlowFile[0,97499877899020.mockFlowFile,21B] to 'success'
]]></system-err>
  </testcase>
  <testcase name="testAttributeToContentWindows" classname="org.apache.nifi.processors.standard.TestReplaceText" time="0.001">
    <system-err><![CDATA[[pool-295-thread-1] INFO org.apache.nifi.processors.standard.ReplaceText - ReplaceText[id=331e7b9a-ac43-48d8-b00d-0858bc6097ae] Transferred FlowFile[0,97499878991876.mockFlowFile,17B] to 'success'
]]></system-err>
  </testcase>
  <testcase name="testAttributeToContent" classname="org.apache.nifi.processors.standard.TestReplaceText" time="0.001">
    <system-err><![CDATA[[pool-296-thread-1] INFO org.apache.nifi.processors.standard.ReplaceText - ReplaceText[id=3cff2fd2-788d-42a8-8e63-f61052538398] Transferred FlowFile[0,hello.txt,4B] to 'success'
]]></system-err>
  </testcase>
  <testcase name="testSubstituteVariablesWhenVariableReferenceEscaped" classname="org.apache.nifi.processors.standard.TestReplaceText" time="0">
    <system-err><![CDATA[[pool-297-thread-1] INFO org.apache.nifi.processors.standard.ReplaceText - ReplaceText[id=d8bac2f0-047f-4e9b-9669-4ebdde49d3cb] Transferred FlowFile[0,97499881297923.mockFlowFile,29B] to 'success'
]]></system-err>
  </testcase>
</testsuite>