<?xml version="1.0" encoding="UTF-8"?>
<testsuite xmlns:xsi="http://www.w3.org/2001/XMLSchema-instance" xsi:noNamespaceSchemaLocation="https://maven.apache.org/surefire/maven-surefire-plugin/xsd/surefire-test-report-3.0.xsd" version="3.0" name="org.apache.nifi.security.util.crypto.NiFiLegacyCipherProviderGroovyTest" time="0.148" tests="6" errors="0" skipped="1" failures="0">
  <properties>
    <property name="sun.desktop" value="gnome"/>
    <property name="awt.toolkit" value="sun.awt.X11.XToolkit"/>
    <property name="file.encoding.pkg" value="sun.io"/>
    <property name="java.specification.version" value="1.8"/>
    <property name="sun.cpu.isalist" value=""/>
    <property name="sun.jnu.encoding" value="UTF-8"/>
    <property name="java.class.path" value="/home/alex/Repositories/nifi/nifi-commons/nifi-security-utils/target/test-classes:/home/alex/Repositories/nifi/nifi-commons/nifi-security-utils/target/classes:/home/alex/Repositories/nifi/nifi-api/target/classes:/home/alex/Repositories/nifi/nifi-commons/nifi-utils/target/classes:/home/alex/Repositories/nifi/nifi-commons/nifi-security-utils-api/target/classes:/home/alex/Repositories/nifi/nifi-commons/nifi-security-kms/target/classes:/home/alex/.m2/repository/org/apache/commons/commons-lang3/3.12.0/commons-lang3-3.12.0.jar:/home/alex/.m2/repository/commons-codec/commons-codec/1.14/commons-codec-1.14.jar:/home/alex/.m2/repository/org/bouncycastle/bcprov-jdk15on/1.69/bcprov-jdk15on-1.69.jar:/home/alex/.m2/repository/org/bouncycastle/bcpkix-jdk15on/1.69/bcpkix-jdk15on-1.69.jar:/home/alex/.m2/repository/org/bouncycastle/bcutil-jdk15on/1.69/bcutil-jdk15on-1.69.jar:/home/alex/Repositories/nifi/nifi-commons/nifi-properties/target/classes:/home/alex/Repositories/nifi/nifi-commons/nifi-property-utils/target/classes:/home/alex/.m2/repository/at/favre/lib/bcrypt/0.9.0/bcrypt-0.9.0.jar:/home/alex/.m2/repository/at/favre/lib/bytes/1.3.0/bytes-1.3.0.jar:/home/alex/.m2/repository/org/apache/commons/commons-configuration2/2.7/commons-configuration2-2.7.jar:/home/alex/.m2/repository/org/apache/commons/commons-text/1.8/commons-text-1.8.jar:/home/alex/.m2/repository/org/slf4j/jcl-over-slf4j/1.7.32/jcl-over-slf4j-1.7.32.jar:/home/alex/.m2/repository/org/slf4j/slf4j-api/1.7.32/slf4j-api-1.7.32.jar:/home/alex/.m2/repository/org/junit/jupiter/junit-jupiter-api/5.7.2/junit-jupiter-api-5.7.2.jar:/home/alex/.m2/repository/org/apiguardian/apiguardian-api/1.1.0/apiguardian-api-1.1.0.jar:/home/alex/.m2/repository/org/opentest4j/opentest4j/1.2.0/opentest4j-1.2.0.jar:/home/alex/.m2/repository/org/junit/platform/junit-platform-commons/1.7.2/junit-platform-commons-1.7.2.jar:/home/alex/.m2/repository/org/junit/jupiter/junit-jupiter-engine/5.7.2/junit-jupiter-engine-5.7.2.jar:/home/alex/.m2/repository/org/junit/platform/junit-platform-engine/1.7.2/junit-platform-engine-1.7.2.jar:/home/alex/.m2/repository/org/junit/vintage/junit-vintage-engine/5.7.2/junit-vintage-engine-5.7.2.jar:/home/alex/.m2/repository/junit/junit/4.13.2/junit-4.13.2.jar:/home/alex/.m2/repository/org/hamcrest/hamcrest-core/1.3/hamcrest-core-1.3.jar:/home/alex/.m2/repository/org/junit/jupiter/junit-jupiter-params/5.7.2/junit-jupiter-params-5.7.2.jar:/home/alex/.m2/repository/org/mockito/mockito-core/3.11.2/mockito-core-3.11.2.jar:/home/alex/.m2/repository/net/bytebuddy/byte-buddy/1.11.3/byte-buddy-1.11.3.jar:/home/alex/.m2/repository/net/bytebuddy/byte-buddy-agent/1.11.3/byte-buddy-agent-1.11.3.jar:/home/alex/.m2/repository/org/objenesis/objenesis/3.2/objenesis-3.2.jar:/home/alex/.m2/repository/org/mockito/mockito-junit-jupiter/3.11.2/mockito-junit-jupiter-3.11.2.jar:/home/alex/.m2/repository/org/slf4j/slf4j-simple/1.7.32/slf4j-simple-1.7.32.jar:/home/alex/.m2/repository/org/codehaus/groovy/groovy-test/2.5.14/groovy-test-2.5.14.jar:/home/alex/.m2/repository/org/codehaus/groovy/groovy/2.5.14/groovy-2.5.14.jar:"/>
    <property name="java.vm.vendor" value="Private Build"/>
    <property name="sun.arch.data.model" value="64"/>
    <property name="java.vendor.url" value="http://java.oracle.com/"/>
    <property name="user.timezone" value=""/>
    <property name="java.vm.specification.version" value="1.8"/>
    <property name="os.name" value="Linux"/>
    <property name="user.country" value="US"/>
    <property name="sun.java.launcher" value="SUN_STANDARD"/>
    <property name="sun.boot.library.path" value="/usr/lib/jvm/java-8-openjdk-amd64/jre/lib/amd64"/>
    <property name="sun.java.command" value="/home/alex/Repositories/nifi/nifi-commons/nifi-security-utils/target/surefire/surefirebooter2240814128184429380.jar /home/alex/Repositories/nifi/nifi-commons/nifi-security-utils/target/surefire 2024-05-02T03-23-33_830-jvmRun1 surefire952865349188902961tmp surefire_64732963699600265637tmp"/>
    <property name="surefire.test.class.path" value="/home/alex/Repositories/nifi/nifi-commons/nifi-security-utils/target/test-classes:/home/alex/Repositories/nifi/nifi-commons/nifi-security-utils/target/classes:/home/alex/Repositories/nifi/nifi-api/target/classes:/home/alex/Repositories/nifi/nifi-commons/nifi-utils/target/classes:/home/alex/Repositories/nifi/nifi-commons/nifi-security-utils-api/target/classes:/home/alex/Repositories/nifi/nifi-commons/nifi-security-kms/target/classes:/home/alex/.m2/repository/org/apache/commons/commons-lang3/3.12.0/commons-lang3-3.12.0.jar:/home/alex/.m2/repository/commons-codec/commons-codec/1.14/commons-codec-1.14.jar:/home/alex/.m2/repository/org/bouncycastle/bcprov-jdk15on/1.69/bcprov-jdk15on-1.69.jar:/home/alex/.m2/repository/org/bouncycastle/bcpkix-jdk15on/1.69/bcpkix-jdk15on-1.69.jar:/home/alex/.m2/repository/org/bouncycastle/bcutil-jdk15on/1.69/bcutil-jdk15on-1.69.jar:/home/alex/Repositories/nifi/nifi-commons/nifi-properties/target/classes:/home/alex/Repositories/nifi/nifi-commons/nifi-property-utils/target/classes:/home/alex/.m2/repository/at/favre/lib/bcrypt/0.9.0/bcrypt-0.9.0.jar:/home/alex/.m2/repository/at/favre/lib/bytes/1.3.0/bytes-1.3.0.jar:/home/alex/.m2/repository/org/apache/commons/commons-configuration2/2.7/commons-configuration2-2.7.jar:/home/alex/.m2/repository/org/apache/commons/commons-text/1.8/commons-text-1.8.jar:/home/alex/.m2/repository/org/slf4j/jcl-over-slf4j/1.7.32/jcl-over-slf4j-1.7.32.jar:/home/alex/.m2/repository/org/slf4j/slf4j-api/1.7.32/slf4j-api-1.7.32.jar:/home/alex/.m2/repository/org/junit/jupiter/junit-jupiter-api/5.7.2/junit-jupiter-api-5.7.2.jar:/home/alex/.m2/repository/org/apiguardian/apiguardian-api/1.1.0/apiguardian-api-1.1.0.jar:/home/alex/.m2/repository/org/opentest4j/opentest4j/1.2.0/opentest4j-1.2.0.jar:/home/alex/.m2/repository/org/junit/platform/junit-platform-commons/1.7.2/junit-platform-commons-1.7.2.jar:/home/alex/.m2/repository/org/junit/jupiter/junit-jupiter-engine/5.7.2/junit-jupiter-engine-5.7.2.jar:/home/alex/.m2/repository/org/junit/platform/junit-platform-engine/1.7.2/junit-platform-engine-1.7.2.jar:/home/alex/.m2/repository/org/junit/vintage/junit-vintage-engine/5.7.2/junit-vintage-engine-5.7.2.jar:/home/alex/.m2/repository/junit/junit/4.13.2/junit-4.13.2.jar:/home/alex/.m2/repository/org/hamcrest/hamcrest-core/1.3/hamcrest-core-1.3.jar:/home/alex/.m2/repository/org/junit/jupiter/junit-jupiter-params/5.7.2/junit-jupiter-params-5.7.2.jar:/home/alex/.m2/repository/org/mockito/mockito-core/3.11.2/mockito-core-3.11.2.jar:/home/alex/.m2/repository/net/bytebuddy/byte-buddy/1.11.3/byte-buddy-1.11.3.jar:/home/alex/.m2/repository/net/bytebuddy/byte-buddy-agent/1.11.3/byte-buddy-agent-1.11.3.jar:/home/alex/.m2/repository/org/objenesis/objenesis/3.2/objenesis-3.2.jar:/home/alex/.m2/repository/org/mockito/mockito-junit-jupiter/3.11.2/mockito-junit-jupiter-3.11.2.jar:/home/alex/.m2/repository/org/slf4j/slf4j-simple/1.7.32/slf4j-simple-1.7.32.jar:/home/alex/.m2/repository/org/codehaus/groovy/groovy-test/2.5.14/groovy-test-2.5.14.jar:/home/alex/.m2/repository/org/codehaus/groovy/groovy/2.5.14/groovy-2.5.14.jar:"/>
    <property name="sun.cpu.endian" value="little"/>
    <property name="user.home" value="/home/alex"/>
    <property name="user.language" value="en"/>
    <property name="java.specification.vendor" value="Oracle Corporation"/>
    <property name="java.home" value="/usr/lib/jvm/java-8-openjdk-amd64/jre"/>
    <property name="basedir" value="/home/alex/Repositories/nifi/nifi-commons/nifi-security-utils"/>
    <property name="file.separator" value="/"/>
    <property name="line.separator" value="&#10;"/>
    <property name="java.vm.specification.vendor" value="Oracle Corporation"/>
    <property name="java.specification.name" value="Java Platform API Specification"/>
    <property name="java.awt.graphicsenv" value="sun.awt.X11GraphicsEnvironment"/>
    <property name="java.awt.headless" value="true"/>
    <property name="surefire.real.class.path" value="/home/alex/Repositories/nifi/nifi-commons/nifi-security-utils/target/surefire/surefirebooter2240814128184429380.jar"/>
    <property name="sun.boot.class.path" value="/usr/lib/jvm/java-8-openjdk-amd64/jre/lib/resources.jar:/usr/lib/jvm/java-8-openjdk-amd64/jre/lib/rt.jar:/usr/lib/jvm/java-8-openjdk-amd64/jre/lib/sunrsasign.jar:/usr/lib/jvm/java-8-openjdk-amd64/jre/lib/jsse.jar:/usr/lib/jvm/java-8-openjdk-amd64/jre/lib/jce.jar:/usr/lib/jvm/java-8-openjdk-amd64/jre/lib/charsets.jar:/usr/lib/jvm/java-8-openjdk-amd64/jre/lib/jfr.jar:/usr/lib/jvm/java-8-openjdk-amd64/jre/classes"/>
    <property name="sun.management.compiler" value="HotSpot 64-Bit Tiered Compilers"/>
    <property name="java.runtime.version" value="1.8.0_402-8u402-ga-2ubuntu1~22.04-b06"/>
    <property name="java.net.preferIPv4Stack" value="true"/>
    <property name="user.name" value="alex"/>
    <property name="path.separator" value=":"/>
    <property name="os.version" value="6.5.0-28-generic"/>
    <property name="java.endorsed.dirs" value="/usr/lib/jvm/java-8-openjdk-amd64/jre/lib/endorsed"/>
    <property name="java.runtime.name" value="OpenJDK Runtime Environment"/>
    <property name="file.encoding" value="UTF-8"/>
    <property name="java.vm.name" value="OpenJDK 64-Bit Server VM"/>
    <property name="localRepository" value="/home/alex/.m2/repository"/>
    <property name="java.vendor.url.bug" value="http://bugreport.sun.com/bugreport/"/>
    <property name="java.io.tmpdir" value="/tmp"/>
    <property name="java.version" value="1.8.0_402"/>
    <property name="user.dir" value="/home/alex/Repositories/nifi/nifi-commons/nifi-security-utils"/>
    <property name="os.arch" value="amd64"/>
    <property name="java.vm.specification.name" value="Java Virtual Machine Specification"/>
    <property name="java.awt.printerjob" value="sun.print.PSPrinterJob"/>
    <property name="sun.os.patch.level" value="unknown"/>
    <property name="java.library.path" value="/usr/java/packages/lib/amd64:/usr/lib/x86_64-linux-gnu/jni:/lib/x86_64-linux-gnu:/usr/lib/x86_64-linux-gnu:/usr/lib/jni:/lib:/usr/lib"/>
    <property name="java.vm.info" value="mixed mode"/>
    <property name="java.vendor" value="Private Build"/>
    <property name="java.vm.version" value="25.402-b06"/>
    <property name="java.specification.maintenance.version" value="5"/>
    <property name="java.ext.dirs" value="/usr/lib/jvm/java-8-openjdk-amd64/jre/lib/ext:/usr/java/packages/lib/ext"/>
    <property name="sun.io.unicode.encoding" value="UnicodeLittle"/>
    <property name="java.class.version" value="52.0"/>
  </properties>
  <testcase name="testGetCipherShouldSupportLegacyCode" classname="org.apache.nifi.security.util.crypto.NiFiLegacyCipherProviderGroovyTest" time="0.071">
    <system-err><![CDATA[[main] INFO org.apache.nifi.security.util.crypto.NiFiLegacyCipherProviderGroovyTest - Using algorithm: PBEWITHMD5AND128BITAES-CBC-OPENSSL
[main] INFO org.apache.nifi.security.util.crypto.NiFiLegacyCipherProviderGroovyTest - Generated salt 0b0e8ce25af6cdc22724f042722578b0 (16)
[main] INFO org.apache.nifi.security.util.crypto.NiFiLegacyCipherProviderGroovyTest - Cipher text: 92ff31f581b05e7033dbf9268a30916d45bb5a12a5c808c0dd6321743b910b52 32
[main] INFO org.apache.nifi.security.util.crypto.NiFiLegacyCipherProviderGroovyTest - Using algorithm: PBEWITHMD5ANDDES
[main] INFO org.apache.nifi.security.util.crypto.NiFiLegacyCipherProviderGroovyTest - Generated salt 9c0478f5bd5bd30a (8)
[main] INFO org.apache.nifi.security.util.crypto.NiFiLegacyCipherProviderGroovyTest - Cipher text: 81d8246ef92be80708b04f7ff4ab6f66178d58890f70573c778f9e71aa28be43 32
[main] INFO org.apache.nifi.security.util.crypto.NiFiLegacyCipherProviderGroovyTest - Using algorithm: PBEWITHMD5ANDRC2
[main] INFO org.apache.nifi.security.util.crypto.NiFiLegacyCipherProviderGroovyTest - Generated salt e72316b56007eb81 (8)
[main] INFO org.apache.nifi.security.util.crypto.NiFiLegacyCipherProviderGroovyTest - Cipher text: 36ec8d61695dafad9285247d033288f823491c625a7e90f1168bf5356cca9adf 32
[main] INFO org.apache.nifi.security.util.crypto.NiFiLegacyCipherProviderGroovyTest - Using algorithm: PBEWITHSHA1ANDRC2
[main] INFO org.apache.nifi.security.util.crypto.NiFiLegacyCipherProviderGroovyTest - Generated salt 3231f95ebd3480d8 (8)
[main] INFO org.apache.nifi.security.util.crypto.NiFiLegacyCipherProviderGroovyTest - Cipher text: 1465601b85223ed2e48b6bfa8beb718c03c5197dcaf4d2abc10855228c6e41eb 32
[main] INFO org.apache.nifi.security.util.crypto.NiFiLegacyCipherProviderGroovyTest - Using algorithm: PBEWITHSHA1ANDDES
[main] INFO org.apache.nifi.security.util.crypto.NiFiLegacyCipherProviderGroovyTest - Generated salt 8008792d32f487d9 (8)
[main] INFO org.apache.nifi.security.util.crypto.NiFiLegacyCipherProviderGroovyTest - Cipher text: 45cc60f0c66cb9c70d24e4e8dd43650280b1d0882cd64fce146a4e241fdf38e9 32
[main] INFO org.apache.nifi.security.util.crypto.NiFiLegacyCipherProviderGroovyTest - Using algorithm: PBEWITHSHAAND128BITAES-CBC-BC
[main] INFO org.apache.nifi.security.util.crypto.NiFiLegacyCipherProviderGroovyTest - Generated salt be03f460a4d36711a5fac72079fc39b5 (16)
[main] INFO org.apache.nifi.security.util.crypto.NiFiLegacyCipherProviderGroovyTest - Cipher text: 74b703bde2fca3b249391bbf7b94ee22790c154d52cc1cea29f49c14a1fd8cbd 32
[main] INFO org.apache.nifi.security.util.crypto.NiFiLegacyCipherProviderGroovyTest - Using algorithm: PBEWITHSHAAND40BITRC2-CBC
[main] INFO org.apache.nifi.security.util.crypto.NiFiLegacyCipherProviderGroovyTest - Generated salt 9c2076ac9f29f81b (8)
[main] INFO org.apache.nifi.security.util.crypto.NiFiLegacyCipherProviderGroovyTest - Cipher text: c18281ca841c0aa9a3e55ab65b7c1204bdba28bbf3bbdd66c740a8f908f7f6a0 32
[main] INFO org.apache.nifi.security.util.crypto.NiFiLegacyCipherProviderGroovyTest - Using algorithm: PBEWITHSHAAND128BITRC2-CBC
[main] INFO org.apache.nifi.security.util.crypto.NiFiLegacyCipherProviderGroovyTest - Generated salt c483279b90cb5f65 (8)
[main] INFO org.apache.nifi.security.util.crypto.NiFiLegacyCipherProviderGroovyTest - Cipher text: 9d1bd50dd7ddf9b1f3ddfe70669a9b4b65dffc5e6a6eee83c1dee1a878ca271e 32
[main] INFO org.apache.nifi.security.util.crypto.NiFiLegacyCipherProviderGroovyTest - Using algorithm: PBEWITHSHAAND40BITRC4
[main] INFO org.apache.nifi.security.util.crypto.NiFiLegacyCipherProviderGroovyTest - Generated salt 14d0624cb861acbd (8)
[main] INFO org.apache.nifi.security.util.crypto.NiFiLegacyCipherProviderGroovyTest - Cipher text: 3867808582bc0331a76474965ed374148939dea2e5268f0eddc037a6 28
[main] INFO org.apache.nifi.security.util.crypto.NiFiLegacyCipherProviderGroovyTest - Using algorithm: PBEWITHSHAAND128BITRC4
[main] INFO org.apache.nifi.security.util.crypto.NiFiLegacyCipherProviderGroovyTest - Generated salt 5a9ce80fd2cb4313 (8)
[main] INFO org.apache.nifi.security.util.crypto.NiFiLegacyCipherProviderGroovyTest - Cipher text: 56b984a2e1a95a6232967ebbbb410f9ed07a6f40d8d7859e33b274c8 28
[main] INFO org.apache.nifi.security.util.crypto.NiFiLegacyCipherProviderGroovyTest - Using algorithm: PBEWITHSHA256AND128BITAES-CBC-BC
[main] INFO org.apache.nifi.security.util.crypto.NiFiLegacyCipherProviderGroovyTest - Generated salt f49bd6b2758f753ac12e6c5841e6be25 (16)
[main] INFO org.apache.nifi.security.util.crypto.NiFiLegacyCipherProviderGroovyTest - Cipher text: 5d503be2617a853ea462f46e5fccf6c8e942b6d2ec9c7248f5bc14574a0999df 32
[main] INFO org.apache.nifi.security.util.crypto.NiFiLegacyCipherProviderGroovyTest - Using algorithm: PBEWITHSHAAND2-KEYTRIPLEDES-CBC
[main] INFO org.apache.nifi.security.util.crypto.NiFiLegacyCipherProviderGroovyTest - Generated salt 565ae06b553fca0c (8)
[main] INFO org.apache.nifi.security.util.crypto.NiFiLegacyCipherProviderGroovyTest - Cipher text: 9d25ab8f2daeba2b3f299bcd4b5fa935145ae7ffc1a51e23e0d2b288264c17fc 32
[main] INFO org.apache.nifi.security.util.crypto.NiFiLegacyCipherProviderGroovyTest - Using algorithm: PBEWITHSHAAND3-KEYTRIPLEDES-CBC
[main] INFO org.apache.nifi.security.util.crypto.NiFiLegacyCipherProviderGroovyTest - Generated salt 5c29adaeee06091c (8)
[main] INFO org.apache.nifi.security.util.crypto.NiFiLegacyCipherProviderGroovyTest - Cipher text: 99428c62cea6b4f5b3b7b31f5278fe65d9d1742a102040891749cf614d303d3f 32
[main] INFO org.apache.nifi.security.util.crypto.NiFiLegacyCipherProviderGroovyTest - Using algorithm: PBEWITHSHAANDTWOFISH-CBC
[main] INFO org.apache.nifi.security.util.crypto.NiFiLegacyCipherProviderGroovyTest - Generated salt 18e1fc683e7362d9870d2f13c96c7527 (16)
[main] INFO org.apache.nifi.security.util.crypto.NiFiLegacyCipherProviderGroovyTest - Cipher text: 8a300f892e7d2dd3c40859a7322dc50d0b84e86a0de8add005bb901e018af6c6 32
]]></system-err>
  </testcase>
  <testcase name="testGetCipherWithUnlimitedStrengthShouldBeInternallyConsistent" classname="org.apache.nifi.security.util.crypto.NiFiLegacyCipherProviderGroovyTest" time="0.034">
    <system-err><![CDATA[[main] INFO org.apache.nifi.security.util.crypto.NiFiLegacyCipherProviderGroovyTest - Using algorithm: PBEWITHMD5AND128BITAES-CBC-OPENSSL
[main] INFO org.apache.nifi.security.util.crypto.NiFiLegacyCipherProviderGroovyTest - Generated salt de2809a1778bf0e270bfb428bd305f3e (16)
[main] INFO org.apache.nifi.security.util.crypto.NiFiLegacyCipherProviderGroovyTest - Cipher text: 85b736519b64fc191ad328701888cf92bc237900fc4613ce2c8671cda846092f 32
[main] INFO org.apache.nifi.security.util.crypto.NiFiLegacyCipherProviderGroovyTest - Using algorithm: PBEWITHMD5AND192BITAES-CBC-OPENSSL
[main] INFO org.apache.nifi.security.util.crypto.NiFiLegacyCipherProviderGroovyTest - Generated salt 91b13bafeec13b92911fc5c09336d037 (16)
[main] INFO org.apache.nifi.security.util.crypto.NiFiLegacyCipherProviderGroovyTest - Cipher text: b466dda4b4eec2345e4f7ad53d9d1a87d0150d5a09cc81dd8067f241f12798eb 32
[main] INFO org.apache.nifi.security.util.crypto.NiFiLegacyCipherProviderGroovyTest - Using algorithm: PBEWITHMD5AND256BITAES-CBC-OPENSSL
[main] INFO org.apache.nifi.security.util.crypto.NiFiLegacyCipherProviderGroovyTest - Generated salt dc9aa487a228b4bf25e27a1808591099 (16)
[main] INFO org.apache.nifi.security.util.crypto.NiFiLegacyCipherProviderGroovyTest - Cipher text: df97ce6a2bd2c96acc7092d0887a6a46ab273b985bd8d5530ff6c9c51af79c7c 32
[main] INFO org.apache.nifi.security.util.crypto.NiFiLegacyCipherProviderGroovyTest - Using algorithm: PBEWITHMD5ANDDES
[main] INFO org.apache.nifi.security.util.crypto.NiFiLegacyCipherProviderGroovyTest - Generated salt 137c5d6e95122298 (8)
[main] INFO org.apache.nifi.security.util.crypto.NiFiLegacyCipherProviderGroovyTest - Cipher text: 38276f1fac492cb46448bed48a0e2e697fcb2297eb17df6ee72514c461efef00 32
[main] INFO org.apache.nifi.security.util.crypto.NiFiLegacyCipherProviderGroovyTest - Using algorithm: PBEWITHMD5ANDRC2
[main] INFO org.apache.nifi.security.util.crypto.NiFiLegacyCipherProviderGroovyTest - Generated salt d5ee20a1136cf074 (8)
[main] INFO org.apache.nifi.security.util.crypto.NiFiLegacyCipherProviderGroovyTest - Cipher text: b2f7b7dceb5a74d1e3ebc83c6ff07d93a2ca19eb9b28dd782356c4a4e16078bd 32
[main] INFO org.apache.nifi.security.util.crypto.NiFiLegacyCipherProviderGroovyTest - Using algorithm: PBEWITHSHA1ANDRC2
[main] INFO org.apache.nifi.security.util.crypto.NiFiLegacyCipherProviderGroovyTest - Generated salt 1a72d199fcc35d18 (8)
[main] INFO org.apache.nifi.security.util.crypto.NiFiLegacyCipherProviderGroovyTest - Cipher text: fe68c2ed7503029837c4be1f70f2a036502f2fd0e997050d6c3ffb8a6705e158 32
[main] INFO org.apache.nifi.security.util.crypto.NiFiLegacyCipherProviderGroovyTest - Using algorithm: PBEWITHSHA1ANDDES
[main] INFO org.apache.nifi.security.util.crypto.NiFiLegacyCipherProviderGroovyTest - Generated salt 199a531c22b9a9bf (8)
[main] INFO org.apache.nifi.security.util.crypto.NiFiLegacyCipherProviderGroovyTest - Cipher text: 9330a934be7f9eed08ef4d81d2e98fc013c42770692859bc4e722f64e9c5c1c6 32
[main] INFO org.apache.nifi.security.util.crypto.NiFiLegacyCipherProviderGroovyTest - Using algorithm: PBEWITHSHAAND128BITAES-CBC-BC
[main] INFO org.apache.nifi.security.util.crypto.NiFiLegacyCipherProviderGroovyTest - Generated salt 35789344ff88cff3ab023e43ca5d86c3 (16)
[main] INFO org.apache.nifi.security.util.crypto.NiFiLegacyCipherProviderGroovyTest - Cipher text: 8d8bd398d2a2b755d61f771c945f37f2efddec3d7d2f4561a12fef30100f03d9 32
[main] INFO org.apache.nifi.security.util.crypto.NiFiLegacyCipherProviderGroovyTest - Using algorithm: PBEWITHSHAAND192BITAES-CBC-BC
[main] INFO org.apache.nifi.security.util.crypto.NiFiLegacyCipherProviderGroovyTest - Generated salt 51604655ed686c2be77bc215207bf2cf (16)
[main] INFO org.apache.nifi.security.util.crypto.NiFiLegacyCipherProviderGroovyTest - Cipher text: fd700c9ac5028a99edf1a961afabc0abe8ce1a34a94b1c08c4bc31143fd7ec89 32
[main] INFO org.apache.nifi.security.util.crypto.NiFiLegacyCipherProviderGroovyTest - Using algorithm: PBEWITHSHAAND256BITAES-CBC-BC
[main] INFO org.apache.nifi.security.util.crypto.NiFiLegacyCipherProviderGroovyTest - Generated salt 59ee28add13126dec5a86471df09c379 (16)
[main] INFO org.apache.nifi.security.util.crypto.NiFiLegacyCipherProviderGroovyTest - Cipher text: f3499e93f77968039595342904b50b34d58528c0196abb33334e467e188c84aa 32
[main] INFO org.apache.nifi.security.util.crypto.NiFiLegacyCipherProviderGroovyTest - Using algorithm: PBEWITHSHAAND40BITRC2-CBC
[main] INFO org.apache.nifi.security.util.crypto.NiFiLegacyCipherProviderGroovyTest - Generated salt 999e5506a1015bd5 (8)
[main] INFO org.apache.nifi.security.util.crypto.NiFiLegacyCipherProviderGroovyTest - Cipher text: 322337ebb61212ca90c9d015d503e1e6c9b581cea453c570fd4a12ded44ffa79 32
[main] INFO org.apache.nifi.security.util.crypto.NiFiLegacyCipherProviderGroovyTest - Using algorithm: PBEWITHSHAAND128BITRC2-CBC
[main] INFO org.apache.nifi.security.util.crypto.NiFiLegacyCipherProviderGroovyTest - Generated salt f316567aeeccee12 (8)
[main] INFO org.apache.nifi.security.util.crypto.NiFiLegacyCipherProviderGroovyTest - Cipher text: fd3e1842692a95c17c1f7a03b8f50ffb489bd6df655647cb79a58d13ada914e1 32
[main] INFO org.apache.nifi.security.util.crypto.NiFiLegacyCipherProviderGroovyTest - Using algorithm: PBEWITHSHAAND40BITRC4
[main] INFO org.apache.nifi.security.util.crypto.NiFiLegacyCipherProviderGroovyTest - Generated salt c1ef58d5674b6e14 (8)
[main] INFO org.apache.nifi.security.util.crypto.NiFiLegacyCipherProviderGroovyTest - Cipher text: 747b673bb9a8cdf552241476d45880e31bb87e3f06e79242b130a92d 28
[main] INFO org.apache.nifi.security.util.crypto.NiFiLegacyCipherProviderGroovyTest - Using algorithm: PBEWITHSHAAND128BITRC4
[main] INFO org.apache.nifi.security.util.crypto.NiFiLegacyCipherProviderGroovyTest - Generated salt 8aed284f756de4a5 (8)
[main] INFO org.apache.nifi.security.util.crypto.NiFiLegacyCipherProviderGroovyTest - Cipher text: 246d09b1a899a6f6c2a9b5f71a13171ffb518d5522a1bd955e3544a3 28
[main] INFO org.apache.nifi.security.util.crypto.NiFiLegacyCipherProviderGroovyTest - Using algorithm: PBEWITHSHA256AND128BITAES-CBC-BC
[main] INFO org.apache.nifi.security.util.crypto.NiFiLegacyCipherProviderGroovyTest - Generated salt 7ca5e7fde966a81493bc9bc808eedca3 (16)
[main] INFO org.apache.nifi.security.util.crypto.NiFiLegacyCipherProviderGroovyTest - Cipher text: 409d3d0d07f4a2405e176a3ef703cc7d0e40703af9e5f1dfe3c4a1ad3457730b 32
[main] INFO org.apache.nifi.security.util.crypto.NiFiLegacyCipherProviderGroovyTest - Using algorithm: PBEWITHSHA256AND192BITAES-CBC-BC
[main] INFO org.apache.nifi.security.util.crypto.NiFiLegacyCipherProviderGroovyTest - Generated salt f20036f7a3a9c173fb65c946f3b11987 (16)
[main] INFO org.apache.nifi.security.util.crypto.NiFiLegacyCipherProviderGroovyTest - Cipher text: b1bb208871dc5497a93adac60b20ee7067a89dd5a264abbdcce6a9db5eb4ba9c 32
[main] INFO org.apache.nifi.security.util.crypto.NiFiLegacyCipherProviderGroovyTest - Using algorithm: PBEWITHSHA256AND256BITAES-CBC-BC
[main] INFO org.apache.nifi.security.util.crypto.NiFiLegacyCipherProviderGroovyTest - Generated salt 7c49870f6177785bd0f966651598c9ca (16)
[main] INFO org.apache.nifi.security.util.crypto.NiFiLegacyCipherProviderGroovyTest - Cipher text: 44baef8e8a10fb2dd407a6f7f426b20bc02bbf97669a50bf50f19d9de653a376 32
[main] INFO org.apache.nifi.security.util.crypto.NiFiLegacyCipherProviderGroovyTest - Using algorithm: PBEWITHSHAAND2-KEYTRIPLEDES-CBC
[main] INFO org.apache.nifi.security.util.crypto.NiFiLegacyCipherProviderGroovyTest - Generated salt 18a706bef2a7b91d (8)
[main] INFO org.apache.nifi.security.util.crypto.NiFiLegacyCipherProviderGroovyTest - Cipher text: 144beed2562d69d88bd7388761328828aae4958deedc3b3afffac5ab450261f5 32
[main] INFO org.apache.nifi.security.util.crypto.NiFiLegacyCipherProviderGroovyTest - Using algorithm: PBEWITHSHAAND3-KEYTRIPLEDES-CBC
[main] INFO org.apache.nifi.security.util.crypto.NiFiLegacyCipherProviderGroovyTest - Generated salt d2f36070bd376846 (8)
[main] INFO org.apache.nifi.security.util.crypto.NiFiLegacyCipherProviderGroovyTest - Cipher text: a82b31505cdfa3a35f817204204c250f0d9ea0d70cbe39fe3bdd82e288aa35b4 32
[main] INFO org.apache.nifi.security.util.crypto.NiFiLegacyCipherProviderGroovyTest - Using algorithm: PBEWITHSHAANDTWOFISH-CBC
[main] INFO org.apache.nifi.security.util.crypto.NiFiLegacyCipherProviderGroovyTest - Generated salt 9ed1ab3dd2016dc5b3ac6a413f7cfb30 (16)
[main] INFO org.apache.nifi.security.util.crypto.NiFiLegacyCipherProviderGroovyTest - Cipher text: 4347768df9eb27a83ad2a208f9f7d4f053938234f6cadece7c93958e3f883617 32
]]></system-err>
  </testcase>
  <testcase name="testGetCipherWithoutSaltShouldSupportLegacyCode" classname="org.apache.nifi.security.util.crypto.NiFiLegacyCipherProviderGroovyTest" time="0.025">
    <system-err><![CDATA[[main] INFO org.apache.nifi.security.util.crypto.NiFiLegacyCipherProviderGroovyTest - Using algorithm: PBEWITHMD5AND128BITAES-CBC-OPENSSL
[main] INFO org.apache.nifi.security.util.crypto.NiFiLegacyCipherProviderGroovyTest - Cipher text: b29275ae7f922502db83b1d1481274e4968562614236068154cb3f8a8535ef43 32
[main] INFO org.apache.nifi.security.util.crypto.NiFiLegacyCipherProviderGroovyTest - Using algorithm: PBEWITHMD5ANDDES
[main] INFO org.apache.nifi.security.util.crypto.NiFiLegacyCipherProviderGroovyTest - Cipher text: 9bfccd12e615fbd8fddb97079d871aa2da57947df6ae3f567598af5b0224037a 32
[main] INFO org.apache.nifi.security.util.crypto.NiFiLegacyCipherProviderGroovyTest - Using algorithm: PBEWITHMD5ANDRC2
[main] INFO org.apache.nifi.security.util.crypto.NiFiLegacyCipherProviderGroovyTest - Cipher text: 9438426d7406a7924c170f5f46899cbf9537fdf8da488dda856995c59b794294 32
[main] INFO org.apache.nifi.security.util.crypto.NiFiLegacyCipherProviderGroovyTest - Using algorithm: PBEWITHSHA1ANDRC2
[main] INFO org.apache.nifi.security.util.crypto.NiFiLegacyCipherProviderGroovyTest - Cipher text: f125b3e44d52f6de912a5751e83925c450ba2705158a95f6460939cf80f1afe7 32
[main] INFO org.apache.nifi.security.util.crypto.NiFiLegacyCipherProviderGroovyTest - Using algorithm: PBEWITHSHA1ANDDES
[main] INFO org.apache.nifi.security.util.crypto.NiFiLegacyCipherProviderGroovyTest - Cipher text: f162ad673ec43f24b3272bc2d37757e1ef80167ce76e611c374194d6a2cc2adf 32
[main] INFO org.apache.nifi.security.util.crypto.NiFiLegacyCipherProviderGroovyTest - Using algorithm: PBEWITHSHAAND128BITAES-CBC-BC
[main] INFO org.apache.nifi.security.util.crypto.NiFiLegacyCipherProviderGroovyTest - Cipher text: 58914107a592186a2397643c13cce17fad69110343252c5f873eaf739128d9e8 32
[main] INFO org.apache.nifi.security.util.crypto.NiFiLegacyCipherProviderGroovyTest - Using algorithm: PBEWITHSHAAND40BITRC2-CBC
[main] INFO org.apache.nifi.security.util.crypto.NiFiLegacyCipherProviderGroovyTest - Cipher text: d73a888b83d6c26c8be6cc9cba0162a37799cd3147299724a1c350da7d190924 32
[main] INFO org.apache.nifi.security.util.crypto.NiFiLegacyCipherProviderGroovyTest - Using algorithm: PBEWITHSHAAND128BITRC2-CBC
[main] INFO org.apache.nifi.security.util.crypto.NiFiLegacyCipherProviderGroovyTest - Cipher text: b9da62e30531556f9c2fbcba2b78c3e17973253bb96ce9d358af723825287ecd 32
[main] INFO org.apache.nifi.security.util.crypto.NiFiLegacyCipherProviderGroovyTest - Using algorithm: PBEWITHSHAAND40BITRC4
[main] INFO org.apache.nifi.security.util.crypto.NiFiLegacyCipherProviderGroovyTest - Cipher text: bd33da32fa5689232f115824753a01cecd4eafda8d4472e0180df20d 28
[main] INFO org.apache.nifi.security.util.crypto.NiFiLegacyCipherProviderGroovyTest - Using algorithm: PBEWITHSHAAND128BITRC4
[main] INFO org.apache.nifi.security.util.crypto.NiFiLegacyCipherProviderGroovyTest - Cipher text: 26b98ca6599319387ef636aef6f9b249f7fffc414a28264982d88faf 28
[main] INFO org.apache.nifi.security.util.crypto.NiFiLegacyCipherProviderGroovyTest - Using algorithm: PBEWITHSHA256AND128BITAES-CBC-BC
[main] INFO org.apache.nifi.security.util.crypto.NiFiLegacyCipherProviderGroovyTest - Cipher text: 7660f73f0a670e36864ea9a4740662e44fc0992be09a284de74cd41ccbce9b6a 32
[main] INFO org.apache.nifi.security.util.crypto.NiFiLegacyCipherProviderGroovyTest - Using algorithm: PBEWITHSHAAND2-KEYTRIPLEDES-CBC
[main] INFO org.apache.nifi.security.util.crypto.NiFiLegacyCipherProviderGroovyTest - Cipher text: ce6b9b5cc554409b7574a6f4e10b5b53cab1f436ba4d3b1af7299a4c5909069b 32
[main] INFO org.apache.nifi.security.util.crypto.NiFiLegacyCipherProviderGroovyTest - Using algorithm: PBEWITHSHAAND3-KEYTRIPLEDES-CBC
[main] INFO org.apache.nifi.security.util.crypto.NiFiLegacyCipherProviderGroovyTest - Cipher text: d3e41c3241ff7a0c238a7d73317a8a7b0ad1664855df1e722c5e6b89682c3cc4 32
[main] INFO org.apache.nifi.security.util.crypto.NiFiLegacyCipherProviderGroovyTest - Using algorithm: PBEWITHSHAANDTWOFISH-CBC
[main] INFO org.apache.nifi.security.util.crypto.NiFiLegacyCipherProviderGroovyTest - Cipher text: 4ca0e3f6e62cbc0f1ea7f00c2659b524ba3c357b5ad03f23a400ff83b4a57453 32
]]></system-err>
  </testcase>
  <testcase name="testGetCipherShouldBeInternallyConsistent" classname="org.apache.nifi.security.util.crypto.NiFiLegacyCipherProviderGroovyTest" time="0.006">
    <system-err><![CDATA[[main] INFO org.apache.nifi.security.util.crypto.NiFiLegacyCipherProviderGroovyTest - Using algorithm: PBEWITHMD5AND128BITAES-CBC-OPENSSL
[main] INFO org.apache.nifi.security.util.crypto.NiFiLegacyCipherProviderGroovyTest - Generated salt 7e09fba44313bff831707917d3051fad (16)
[main] INFO org.apache.nifi.security.util.crypto.NiFiLegacyCipherProviderGroovyTest - Cipher text: 025103d984a780e89f547e73b451aa00dfe5f975cd72a7651d64961fbec8432a 32
[main] INFO org.apache.nifi.security.util.crypto.NiFiLegacyCipherProviderGroovyTest - Using algorithm: PBEWITHMD5ANDDES
[main] INFO org.apache.nifi.security.util.crypto.NiFiLegacyCipherProviderGroovyTest - Generated salt 216a6eab9a4a0778 (8)
[main] INFO org.apache.nifi.security.util.crypto.NiFiLegacyCipherProviderGroovyTest - Cipher text: f6de8297e6d8e1add1cbed89587dd1d940e497f8c5bc4d52eb7cf0805071cecc 32
[main] INFO org.apache.nifi.security.util.crypto.NiFiLegacyCipherProviderGroovyTest - Using algorithm: PBEWITHMD5ANDRC2
[main] INFO org.apache.nifi.security.util.crypto.NiFiLegacyCipherProviderGroovyTest - Generated salt 37d8e6b0604527a5 (8)
[main] INFO org.apache.nifi.security.util.crypto.NiFiLegacyCipherProviderGroovyTest - Cipher text: e97da1dbd2f5c49bc8e668f86e821783fc4cdfda581c948da6fdc14cf4e6681a 32
[main] INFO org.apache.nifi.security.util.crypto.NiFiLegacyCipherProviderGroovyTest - Using algorithm: PBEWITHSHA1ANDRC2
[main] INFO org.apache.nifi.security.util.crypto.NiFiLegacyCipherProviderGroovyTest - Generated salt 9213f2466b322df3 (8)
[main] INFO org.apache.nifi.security.util.crypto.NiFiLegacyCipherProviderGroovyTest - Cipher text: fc937b0c0c465f68db72da158b68894f8901f71d2c75ba7187209a3247b21908 32
[main] INFO org.apache.nifi.security.util.crypto.NiFiLegacyCipherProviderGroovyTest - Using algorithm: PBEWITHSHA1ANDDES
[main] INFO org.apache.nifi.security.util.crypto.NiFiLegacyCipherProviderGroovyTest - Generated salt 81ea69199d820d14 (8)
[main] INFO org.apache.nifi.security.util.crypto.NiFiLegacyCipherProviderGroovyTest - Cipher text: 035ccbe40cd5acaf6154a6ef0eaf11ecb044d97561dab9174c1b7ca8d4ba3ae7 32
[main] INFO org.apache.nifi.security.util.crypto.NiFiLegacyCipherProviderGroovyTest - Using algorithm: PBEWITHSHAAND128BITAES-CBC-BC
[main] WARN org.apache.nifi.security.util.crypto.NiFiLegacyCipherProviderGroovyTest - This test is skipped because the password length exceeds the undocumented limit BouncyCastle imposes on a JVM with limited strength crypto policies
[main] INFO org.apache.nifi.security.util.crypto.NiFiLegacyCipherProviderGroovyTest - Using algorithm: PBEWITHSHAAND40BITRC2-CBC
[main] WARN org.apache.nifi.security.util.crypto.NiFiLegacyCipherProviderGroovyTest - This test is skipped because the password length exceeds the undocumented limit BouncyCastle imposes on a JVM with limited strength crypto policies
[main] INFO org.apache.nifi.security.util.crypto.NiFiLegacyCipherProviderGroovyTest - Using algorithm: PBEWITHSHAAND128BITRC2-CBC
[main] WARN org.apache.nifi.security.util.crypto.NiFiLegacyCipherProviderGroovyTest - This test is skipped because the password length exceeds the undocumented limit BouncyCastle imposes on a JVM with limited strength crypto policies
[main] INFO org.apache.nifi.security.util.crypto.NiFiLegacyCipherProviderGroovyTest - Using algorithm: PBEWITHSHAAND40BITRC4
[main] WARN org.apache.nifi.security.util.crypto.NiFiLegacyCipherProviderGroovyTest - This test is skipped because the password length exceeds the undocumented limit BouncyCastle imposes on a JVM with limited strength crypto policies
[main] INFO org.apache.nifi.security.util.crypto.NiFiLegacyCipherProviderGroovyTest - Using algorithm: PBEWITHSHAAND128BITRC4
[main] WARN org.apache.nifi.security.util.crypto.NiFiLegacyCipherProviderGroovyTest - This test is skipped because the password length exceeds the undocumented limit BouncyCastle imposes on a JVM with limited strength crypto policies
[main] INFO org.apache.nifi.security.util.crypto.NiFiLegacyCipherProviderGroovyTest - Using algorithm: PBEWITHSHA256AND128BITAES-CBC-BC
[main] WARN org.apache.nifi.security.util.crypto.NiFiLegacyCipherProviderGroovyTest - This test is skipped because the password length exceeds the undocumented limit BouncyCastle imposes on a JVM with limited strength crypto policies
[main] INFO org.apache.nifi.security.util.crypto.NiFiLegacyCipherProviderGroovyTest - Using algorithm: PBEWITHSHAAND2-KEYTRIPLEDES-CBC
[main] WARN org.apache.nifi.security.util.crypto.NiFiLegacyCipherProviderGroovyTest - This test is skipped because the password length exceeds the undocumented limit BouncyCastle imposes on a JVM with limited strength crypto policies
[main] INFO org.apache.nifi.security.util.crypto.NiFiLegacyCipherProviderGroovyTest - Using algorithm: PBEWITHSHAAND3-KEYTRIPLEDES-CBC
[main] WARN org.apache.nifi.security.util.crypto.NiFiLegacyCipherProviderGroovyTest - This test is skipped because the password length exceeds the undocumented limit BouncyCastle imposes on a JVM with limited strength crypto policies
[main] INFO org.apache.nifi.security.util.crypto.NiFiLegacyCipherProviderGroovyTest - Using algorithm: PBEWITHSHAANDTWOFISH-CBC
[main] WARN org.apache.nifi.security.util.crypto.NiFiLegacyCipherProviderGroovyTest - This test is skipped because the password length exceeds the undocumented limit BouncyCastle imposes on a JVM with limited strength crypto policies
]]></system-err>
  </testcase>
  <testcase name="testShouldDetermineDependenceOnUnlimitedStrengthCrypto" classname="org.apache.nifi.security.util.crypto.NiFiLegacyCipherProviderGroovyTest" time="0">
    <skipped message="System property [legacyCipherTest] does not exist ==&gt; Only needed once to determine max supported password lengths"/>
  </testcase>
  <testcase name="testGetCipherShouldIgnoreKeyLength" classname="org.apache.nifi.security.util.crypto.NiFiLegacyCipherProviderGroovyTest" time="0.003">
    <system-err><![CDATA[[main] INFO org.apache.nifi.security.util.crypto.NiFiLegacyCipherProviderGroovyTest - Cipher text: 4b47f5f25c4f90db7b609e2d3afa0b6fcee3eb0aa7719ef71c295f9cf54d5033 32
[main] INFO org.apache.nifi.security.util.crypto.NiFiLegacyCipherProviderGroovyTest - Decrypting with 'requested' key length: -1
[main] INFO org.apache.nifi.security.util.crypto.NiFiLegacyCipherProviderGroovyTest - Decrypting with 'requested' key length: 40
[main] INFO org.apache.nifi.security.util.crypto.NiFiLegacyCipherProviderGroovyTest - Decrypting with 'requested' key length: 64
[main] INFO org.apache.nifi.security.util.crypto.NiFiLegacyCipherProviderGroovyTest - Decrypting with 'requested' key length: 128
[main] INFO org.apache.nifi.security.util.crypto.NiFiLegacyCipherProviderGroovyTest - Decrypting with 'requested' key length: 192
[main] INFO org.apache.nifi.security.util.crypto.NiFiLegacyCipherProviderGroovyTest - Decrypting with 'requested' key length: 256
]]></system-err>
  </testcase>
</testsuite>