<?xml version="1.0" encoding="UTF-8"?>
<testsuite xmlns:xsi="http://www.w3.org/2001/XMLSchema-instance" xsi:noNamespaceSchemaLocation="https://maven.apache.org/surefire/maven-surefire-plugin/xsd/surefire-test-report-3.0.xsd" version="3.0" name="org.wali.TestMinimalLockingWriteAheadLog" time="1.896" tests="12" errors="0" skipped="2" failures="0">
  <properties>
    <property name="sun.desktop" value="gnome"/>
    <property name="awt.toolkit" value="sun.awt.X11.XToolkit"/>
    <property name="file.encoding.pkg" value="sun.io"/>
    <property name="java.specification.version" value="1.8"/>
    <property name="sun.cpu.isalist" value=""/>
    <property name="sun.jnu.encoding" value="UTF-8"/>
    <property name="java.class.path" value="/home/alex/Repositories/nifi/nifi-commons/nifi-write-ahead-log/target/test-classes:/home/alex/Repositories/nifi/nifi-commons/nifi-write-ahead-log/target/classes:/home/alex/.m2/repository/org/slf4j/slf4j-api/1.7.32/slf4j-api-1.7.32.jar:/home/alex/Repositories/nifi/nifi-commons/nifi-utils/target/classes:/home/alex/Repositories/nifi/nifi-api/target/classes:/home/alex/.m2/repository/org/junit/jupiter/junit-jupiter-api/5.7.2/junit-jupiter-api-5.7.2.jar:/home/alex/.m2/repository/org/apiguardian/apiguardian-api/1.1.0/apiguardian-api-1.1.0.jar:/home/alex/.m2/repository/org/opentest4j/opentest4j/1.2.0/opentest4j-1.2.0.jar:/home/alex/.m2/repository/org/junit/platform/junit-platform-commons/1.7.2/junit-platform-commons-1.7.2.jar:/home/alex/.m2/repository/org/junit/jupiter/junit-jupiter-engine/5.7.2/junit-jupiter-engine-5.7.2.jar:/home/alex/.m2/repository/org/junit/platform/junit-platform-engine/1.7.2/junit-platform-engine-1.7.2.jar:/home/alex/.m2/repository/org/junit/vintage/junit-vintage-engine/5.7.2/junit-vintage-engine-5.7.2.jar:/home/alex/.m2/repository/junit/junit/4.13.2/junit-4.13.2.jar:/home/alex/.m2/repository/org/hamcrest/hamcrest-core/1.3/hamcrest-core-1.3.jar:/home/alex/.m2/repository/org/junit/jupiter/junit-jupiter-params/5.7.2/junit-jupiter-params-5.7.2.jar:/home/alex/.m2/repository/org/mockito/mockito-core/3.11.2/mockito-core-3.11.2.jar:/home/alex/.m2/repository/net/bytebuddy/byte-buddy/1.11.3/byte-buddy-1.11.3.jar:/home/alex/.m2/repository/net/bytebuddy/byte-buddy-agent/1.11.3/byte-buddy-agent-1.11.3.jar:/home/alex/.m2/repository/org/objenesis/objenesis/3.2/objenesis-3.2.jar:/home/alex/.m2/repository/org/mockito/mockito-junit-jupiter/3.11.2/mockito-junit-jupiter-3.11.2.jar:/home/alex/.m2/repository/org/slf4j/slf4j-simple/1.7.32/slf4j-simple-1.7.32.jar:/home/alex/.m2/repository/org/codehaus/groovy/groovy-test/2.5.14/groovy-test-2.5.14.jar:/home/alex/.m2/repository/org/codehaus/groovy/groovy/2.5.14/groovy-2.5.14.jar:"/>
    <property name="java.vm.vendor" value="Private Build"/>
    <property name="sun.arch.data.model" value="64"/>
    <property name="java.vendor.url" value="http://java.oracle.com/"/>
    <property name="user.timezone" value=""/>
    <property name="java.vm.specification.version" value="1.8"/>
    <property name="os.name" value="Linux"/>
    <property name="user.country" value="US"/>
    <property name="sun.java.launcher" value="SUN_STANDARD"/>
    <property name="sun.boot.library.path" value="/usr/lib/jvm/java-8-openjdk-amd64/jre/lib/amd64"/>
    <property name="sun.java.command" value="/home/alex/Repositories/nifi/nifi-commons/nifi-write-ahead-log/target/surefire/surefirebooter5915870027794252425.jar /home/alex/Repositories/nifi/nifi-commons/nifi-write-ahead-log/target/surefire 2024-05-02T03-23-33_830-jvmRun1 surefire2091052468996976808tmp surefire_282229170503856775294tmp"/>
    <property name="surefire.test.class.path" value="/home/alex/Repositories/nifi/nifi-commons/nifi-write-ahead-log/target/test-classes:/home/alex/Repositories/nifi/nifi-commons/nifi-write-ahead-log/target/classes:/home/alex/.m2/repository/org/slf4j/slf4j-api/1.7.32/slf4j-api-1.7.32.jar:/home/alex/Repositories/nifi/nifi-commons/nifi-utils/target/classes:/home/alex/Repositories/nifi/nifi-api/target/classes:/home/alex/.m2/repository/org/junit/jupiter/junit-jupiter-api/5.7.2/junit-jupiter-api-5.7.2.jar:/home/alex/.m2/repository/org/apiguardian/apiguardian-api/1.1.0/apiguardian-api-1.1.0.jar:/home/alex/.m2/repository/org/opentest4j/opentest4j/1.2.0/opentest4j-1.2.0.jar:/home/alex/.m2/repository/org/junit/platform/junit-platform-commons/1.7.2/junit-platform-commons-1.7.2.jar:/home/alex/.m2/repository/org/junit/jupiter/junit-jupiter-engine/5.7.2/junit-jupiter-engine-5.7.2.jar:/home/alex/.m2/repository/org/junit/platform/junit-platform-engine/1.7.2/junit-platform-engine-1.7.2.jar:/home/alex/.m2/repository/org/junit/vintage/junit-vintage-engine/5.7.2/junit-vintage-engine-5.7.2.jar:/home/alex/.m2/repository/junit/junit/4.13.2/junit-4.13.2.jar:/home/alex/.m2/repository/org/hamcrest/hamcrest-core/1.3/hamcrest-core-1.3.jar:/home/alex/.m2/repository/org/junit/jupiter/junit-jupiter-params/5.7.2/junit-jupiter-params-5.7.2.jar:/home/alex/.m2/repository/org/mockito/mockito-core/3.11.2/mockito-core-3.11.2.jar:/home/alex/.m2/repository/net/bytebuddy/byte-buddy/1.11.3/byte-buddy-1.11.3.jar:/home/alex/.m2/repository/net/bytebuddy/byte-buddy-agent/1.11.3/byte-buddy-agent-1.11.3.jar:/home/alex/.m2/repository/org/objenesis/objenesis/3.2/objenesis-3.2.jar:/home/alex/.m2/repository/org/mockito/mockito-junit-jupiter/3.11.2/mockito-junit-jupiter-3.11.2.jar:/home/alex/.m2/repository/org/slf4j/slf4j-simple/1.7.32/slf4j-simple-1.7.32.jar:/home/alex/.m2/repository/org/codehaus/groovy/groovy-test/2.5.14/groovy-test-2.5.14.jar:/home/alex/.m2/repository/org/codehaus/groovy/groovy/2.5.14/groovy-2.5.14.jar:"/>
    <property name="sun.cpu.endian" value="little"/>
    <property name="user.home" value="/home/alex"/>
    <property name="user.language" value="en"/>
    <property name="java.specification.vendor" value="Oracle Corporation"/>
    <property name="java.home" value="/usr/lib/jvm/java-8-openjdk-amd64/jre"/>
    <property name="basedir" value="/home/alex/Repositories/nifi/nifi-commons/nifi-write-ahead-log"/>
    <property name="file.separator" value="/"/>
    <property name="line.separator" value="&#10;"/>
    <property name="java.vm.specification.vendor" value="Oracle Corporation"/>
    <property name="java.specification.name" value="Java Platform API Specification"/>
    <property name="java.awt.graphicsenv" value="sun.awt.X11GraphicsEnvironment"/>
    <property name="java.awt.headless" value="true"/>
    <property name="surefire.real.class.path" value="/home/alex/Repositories/nifi/nifi-commons/nifi-write-ahead-log/target/surefire/surefirebooter5915870027794252425.jar"/>
    <property name="sun.boot.class.path" value="/usr/lib/jvm/java-8-openjdk-amd64/jre/lib/resources.jar:/usr/lib/jvm/java-8-openjdk-amd64/jre/lib/rt.jar:/usr/lib/jvm/java-8-openjdk-amd64/jre/lib/sunrsasign.jar:/usr/lib/jvm/java-8-openjdk-amd64/jre/lib/jsse.jar:/usr/lib/jvm/java-8-openjdk-amd64/jre/lib/jce.jar:/usr/lib/jvm/java-8-openjdk-amd64/jre/lib/charsets.jar:/usr/lib/jvm/java-8-openjdk-amd64/jre/lib/jfr.jar:/usr/lib/jvm/java-8-openjdk-amd64/jre/classes"/>
    <property name="sun.management.compiler" value="HotSpot 64-Bit Tiered Compilers"/>
    <property name="java.runtime.version" value="1.8.0_402-8u402-ga-2ubuntu1~22.04-b06"/>
    <property name="java.net.preferIPv4Stack" value="true"/>
    <property name="user.name" value="alex"/>
    <property name="path.separator" value=":"/>
    <property name="os.version" value="6.5.0-28-generic"/>
    <property name="java.endorsed.dirs" value="/usr/lib/jvm/java-8-openjdk-amd64/jre/lib/endorsed"/>
    <property name="java.runtime.name" value="OpenJDK Runtime Environment"/>
    <property name="file.encoding" value="UTF-8"/>
    <property name="java.vm.name" value="OpenJDK 64-Bit Server VM"/>
    <property name="localRepository" value="/home/alex/.m2/repository"/>
    <property name="java.vendor.url.bug" value="http://bugreport.sun.com/bugreport/"/>
    <property name="java.io.tmpdir" value="/tmp"/>
    <property name="java.version" value="1.8.0_402"/>
    <property name="user.dir" value="/home/alex/Repositories/nifi/nifi-commons/nifi-write-ahead-log"/>
    <property name="os.arch" value="amd64"/>
    <property name="java.vm.specification.name" value="Java Virtual Machine Specification"/>
    <property name="java.awt.printerjob" value="sun.print.PSPrinterJob"/>
    <property name="sun.os.patch.level" value="unknown"/>
    <property name="java.library.path" value="/usr/java/packages/lib/amd64:/usr/lib/x86_64-linux-gnu/jni:/lib/x86_64-linux-gnu:/usr/lib/x86_64-linux-gnu:/usr/lib/jni:/lib:/usr/lib"/>
    <property name="java.vm.info" value="mixed mode"/>
    <property name="java.vendor" value="Private Build"/>
    <property name="java.vm.version" value="25.402-b06"/>
    <property name="java.specification.maintenance.version" value="5"/>
    <property name="java.ext.dirs" value="/usr/lib/jvm/java-8-openjdk-amd64/jre/lib/ext:/usr/java/packages/lib/ext"/>
    <property name="sun.io.unicode.encoding" value="UnicodeLittle"/>
    <property name="java.class.version" value="52.0"/>
  </properties>
  <testcase name="testStriping" classname="org.wali.TestMinimalLockingWriteAheadLog" time="0.509">
    <system-err><![CDATA[[main] INFO org.wali.MinimalLockingWriteAheadLog - org.wali.MinimalLockingWriteAheadLog@1f0f1111 finished recovering records. Performing Checkpoint to ensure proper state of Partitions before updates
[main] INFO org.wali.MinimalLockingWriteAheadLog - Successfully recovered 0 records in 43 milliseconds
[main] INFO org.wali.MinimalLockingWriteAheadLog - org.wali.MinimalLockingWriteAheadLog@1f0f1111 checkpointed with 0 Records and 0 Swap Files in 4 milliseconds (Stop-the-world time = 0 milliseconds, Clear Edit Logs time = 0 millis), max Transaction ID -1
[main] INFO org.wali.MinimalLockingWriteAheadLog - org.wali.MinimalLockingWriteAheadLog@1f0f1111 checkpointed with 100000 Records and 0 Swap Files in 80 milliseconds (Stop-the-world time = 24 milliseconds, Clear Edit Logs time = 1 millis), max Transaction ID 99999
]]></system-err>
  </testcase>
  <testcase name="testDecreaseNumberOfPartitions" classname="org.wali.TestMinimalLockingWriteAheadLog" time="0.236">
    <system-err><![CDATA[[main] INFO org.wali.MinimalLockingWriteAheadLog - org.wali.MinimalLockingWriteAheadLog@20d28811 finished recovering records. Performing Checkpoint to ensure proper state of Partitions before updates
[main] INFO org.wali.MinimalLockingWriteAheadLog - Successfully recovered 0 records in 12 milliseconds
[main] INFO org.wali.MinimalLockingWriteAheadLog - org.wali.MinimalLockingWriteAheadLog@20d28811 checkpointed with 0 Records and 0 Swap Files in 47 milliseconds (Stop-the-world time = 20 milliseconds, Clear Edit Logs time = 21 millis), max Transaction ID -1
[main] WARN org.wali.MinimalLockingWriteAheadLog - Constructing MinimalLockingWriteAheadLog with partitionCount=6, but the repository currently has 256 partitions; ignoring argument and proceeding with 256 partitions
[main] INFO org.wali.MinimalLockingWriteAheadLog - org.wali.MinimalLockingWriteAheadLog@60d8c9b7 finished recovering records. Performing Checkpoint to ensure proper state of Partitions before updates
[main] INFO org.wali.MinimalLockingWriteAheadLog - Successfully recovered 1 records in 74 milliseconds
[main] INFO org.wali.MinimalLockingWriteAheadLog - org.wali.MinimalLockingWriteAheadLog@60d8c9b7 checkpointed with 1 Records and 0 Swap Files in 56 milliseconds (Stop-the-world time = 21 milliseconds, Clear Edit Logs time = 28 millis), max Transaction ID 8
]]></system-err>
  </testcase>
  <testcase name="testRepoDoesntContinuallyGrowOnOutOfMemoryError" classname="org.wali.TestMinimalLockingWriteAheadLog" time="0.533">
    <system-err><![CDATA[[main] INFO org.wali.MinimalLockingWriteAheadLog - org.wali.MinimalLockingWriteAheadLog@48aaecc3 finished recovering records. Performing Checkpoint to ensure proper state of Partitions before updates
[main] INFO org.wali.MinimalLockingWriteAheadLog - Successfully recovered 0 records in 0 milliseconds
[main] INFO org.wali.MinimalLockingWriteAheadLog - org.wali.MinimalLockingWriteAheadLog@48aaecc3 checkpointed with 0 Records and 0 Swap Files in 6 milliseconds (Stop-the-world time = 0 milliseconds, Clear Edit Logs time = 0 millis), max Transaction ID -1
[main] INFO org.wali.TestMinimalLockingWriteAheadLog - Received OOME on record 100
[main] INFO org.wali.TestMinimalLockingWriteAheadLog - Received OOME on record 101
[main] INFO org.wali.TestMinimalLockingWriteAheadLog - Received OOME on record 102
[main] INFO org.wali.TestMinimalLockingWriteAheadLog - Received OOME on record 103
[main] INFO org.wali.TestMinimalLockingWriteAheadLog - Received OOME on record 104
[main] INFO org.wali.TestMinimalLockingWriteAheadLog - Received OOME on record 105
[main] INFO org.wali.TestMinimalLockingWriteAheadLog - Received OOME on record 106
[main] INFO org.wali.TestMinimalLockingWriteAheadLog - Received OOME on record 107
]]></system-err>
  </testcase>
  <testcase name="testWrite" classname="org.wali.TestMinimalLockingWriteAheadLog" time="0.559">
    <system-out><![CDATA[Took 234 millis to insert 1,000,000 records each in its own transaction
]]></system-out>
    <system-err><![CDATA[[main] INFO org.wali.MinimalLockingWriteAheadLog - org.wali.MinimalLockingWriteAheadLog@5c909414 finished recovering records. Performing Checkpoint to ensure proper state of Partitions before updates
[main] INFO org.wali.MinimalLockingWriteAheadLog - Successfully recovered 0 records in 0 milliseconds
[main] INFO org.wali.MinimalLockingWriteAheadLog - org.wali.MinimalLockingWriteAheadLog@5c909414 checkpointed with 0 Records and 0 Swap Files in 3 milliseconds (Stop-the-world time = 0 milliseconds, Clear Edit Logs time = 0 millis), max Transaction ID -1
[main] INFO org.wali.MinimalLockingWriteAheadLog - org.wali.MinimalLockingWriteAheadLog@4b14c583 finished recovering records. Performing Checkpoint to ensure proper state of Partitions before updates
[main] INFO org.wali.MinimalLockingWriteAheadLog - Successfully recovered 100000 records in 179 milliseconds
[main] INFO org.wali.MinimalLockingWriteAheadLog - org.wali.MinimalLockingWriteAheadLog@4b14c583 checkpointed with 100000 Records and 0 Swap Files in 89 milliseconds (Stop-the-world time = 15 milliseconds, Clear Edit Logs time = 1 millis), max Transaction ID 99999
]]></system-err>
  </testcase>
  <testcase name="testRecoverFileThatHasTrailingNULBytesNoTruncation" classname="org.wali.TestMinimalLockingWriteAheadLog" time="0.012">
    <system-err><![CDATA[[main] INFO org.wali.MinimalLockingWriteAheadLog - org.wali.MinimalLockingWriteAheadLog@65466a6a finished recovering records. Performing Checkpoint to ensure proper state of Partitions before updates
[main] INFO org.wali.MinimalLockingWriteAheadLog - Successfully recovered 0 records in 0 milliseconds
[main] INFO org.wali.MinimalLockingWriteAheadLog - org.wali.MinimalLockingWriteAheadLog@65466a6a checkpointed with 0 Records and 0 Swap Files in 2 milliseconds (Stop-the-world time = 0 milliseconds, Clear Edit Logs time = 0 millis), max Transaction ID -1
[main] ERROR org.wali.MinimalLockingWriteAheadLog - org.wali.MinimalLockingWriteAheadLog@4ddced80 unexpectedly reached End-of-File when reading from Partition-2 for Transaction ID 0; assuming crash and ignoring this transaction
[main] INFO org.wali.MinimalLockingWriteAheadLog - org.wali.MinimalLockingWriteAheadLog@4ddced80 finished recovering records. Performing Checkpoint to ensure proper state of Partitions before updates
[main] INFO org.wali.MinimalLockingWriteAheadLog - Successfully recovered 1 records in 1 milliseconds
[main] INFO org.wali.MinimalLockingWriteAheadLog - org.wali.MinimalLockingWriteAheadLog@4ddced80 checkpointed with 1 Records and 0 Swap Files in 2 milliseconds (Stop-the-world time = 0 milliseconds, Clear Edit Logs time = 0 millis), max Transaction ID 1
]]></system-err>
  </testcase>
  <testcase name="testTruncatedPartitionHeader" classname="org.wali.TestMinimalLockingWriteAheadLog" time="0.007">
    <system-err><![CDATA[[main] INFO org.wali.MinimalLockingWriteAheadLog - org.wali.MinimalLockingWriteAheadLog@1534f01b finished recovering records. Performing Checkpoint to ensure proper state of Partitions before updates
[main] INFO org.wali.MinimalLockingWriteAheadLog - Successfully recovered 0 records in 0 milliseconds
[main] INFO org.wali.MinimalLockingWriteAheadLog - org.wali.MinimalLockingWriteAheadLog@1534f01b checkpointed with 0 Records and 0 Swap Files in 2 milliseconds (Stop-the-world time = 0 milliseconds, Clear Edit Logs time = 0 millis), max Transaction ID -1
[main] WARN org.wali.MinimalLockingWriteAheadLog - Failed to recover data from Write-Ahead Log for target/testTruncatedPartitionHeader/partition-0/2.journal because the header information could not be read properly. This often is the result of the file not being fully written out before the application is restarted. This file will be ignored.
[main] INFO org.wali.MinimalLockingWriteAheadLog - org.wali.MinimalLockingWriteAheadLog@78e117e3 finished recovering records. Performing Checkpoint to ensure proper state of Partitions before updates
[main] INFO org.wali.MinimalLockingWriteAheadLog - Successfully recovered 1 records in 0 milliseconds
[main] INFO org.wali.MinimalLockingWriteAheadLog - org.wali.MinimalLockingWriteAheadLog@78e117e3 checkpointed with 1 Records and 0 Swap Files in 2 milliseconds (Stop-the-world time = 0 milliseconds, Clear Edit Logs time = 0 millis), max Transaction ID 2
]]></system-err>
  </testcase>
  <testcase name="testUpdatePerformance" classname="org.wali.TestMinimalLockingWriteAheadLog" time="0">
    <skipped message="For manual performance testing"/>
  </testcase>
  <testcase name="tryToCauseThreadingIssue" classname="org.wali.TestMinimalLockingWriteAheadLog" time="0">
    <skipped message="public void org.wali.TestMinimalLockingWriteAheadLog.tryToCauseThreadingIssue() throws java.io.IOException,java.lang.InterruptedException is @Disabled"/>
  </testcase>
  <testcase name="testRecoverFileThatHasTrailingNULBytesAndTruncation" classname="org.wali.TestMinimalLockingWriteAheadLog" time="0.012">
    <system-err><![CDATA[[main] INFO org.wali.MinimalLockingWriteAheadLog - org.wali.MinimalLockingWriteAheadLog@4386f16 finished recovering records. Performing Checkpoint to ensure proper state of Partitions before updates
[main] INFO org.wali.MinimalLockingWriteAheadLog - Successfully recovered 0 records in 0 milliseconds
[main] INFO org.wali.MinimalLockingWriteAheadLog - org.wali.MinimalLockingWriteAheadLog@4386f16 checkpointed with 0 Records and 0 Swap Files in 2 milliseconds (Stop-the-world time = 0 milliseconds, Clear Edit Logs time = 0 millis), max Transaction ID -1
[main] ERROR org.wali.MinimalLockingWriteAheadLog - org.wali.MinimalLockingWriteAheadLog@363ee3a2 unexpectedly reached End-of-File when reading from Partition-2 for Transaction ID 2; assuming crash and ignoring this transaction
[main] INFO org.wali.MinimalLockingWriteAheadLog - org.wali.MinimalLockingWriteAheadLog@363ee3a2 finished recovering records. Performing Checkpoint to ensure proper state of Partitions before updates
[main] INFO org.wali.MinimalLockingWriteAheadLog - Successfully recovered 3 records in 0 milliseconds
[main] INFO org.wali.MinimalLockingWriteAheadLog - org.wali.MinimalLockingWriteAheadLog@363ee3a2 checkpointed with 3 Records and 0 Swap Files in 2 milliseconds (Stop-the-world time = 0 milliseconds, Clear Edit Logs time = 0 millis), max Transaction ID 2
]]></system-err>
  </testcase>
  <testcase name="testRecoverAfterIOException" classname="org.wali.TestMinimalLockingWriteAheadLog" time="0.011">
    <system-err><![CDATA[[main] INFO org.wali.MinimalLockingWriteAheadLog - org.wali.MinimalLockingWriteAheadLog@4690b489 finished recovering records. Performing Checkpoint to ensure proper state of Partitions before updates
[main] INFO org.wali.MinimalLockingWriteAheadLog - Successfully recovered 0 records in 0 milliseconds
[main] INFO org.wali.MinimalLockingWriteAheadLog - org.wali.MinimalLockingWriteAheadLog@4690b489 checkpointed with 0 Records and 0 Swap Files in 2 milliseconds (Stop-the-world time = 0 milliseconds, Clear Edit Logs time = 0 millis), max Transaction ID -1
[main] INFO org.wali.MinimalLockingWriteAheadLog - org.wali.MinimalLockingWriteAheadLog@3eb7fc54 finished recovering records. Performing Checkpoint to ensure proper state of Partitions before updates
[main] INFO org.wali.MinimalLockingWriteAheadLog - Successfully recovered 3 records in 0 milliseconds
[main] INFO org.wali.MinimalLockingWriteAheadLog - org.wali.MinimalLockingWriteAheadLog@3eb7fc54 checkpointed with 3 Records and 0 Swap Files in 2 milliseconds (Stop-the-world time = 0 milliseconds, Clear Edit Logs time = 0 millis), max Transaction ID 1
]]></system-err>
  </testcase>
  <testcase name="testShutdownWhileBlacklisted" classname="org.wali.TestMinimalLockingWriteAheadLog" time="0.004">
    <system-err><![CDATA[[main] INFO org.wali.MinimalLockingWriteAheadLog - org.wali.MinimalLockingWriteAheadLog@7f552bd3 finished recovering records. Performing Checkpoint to ensure proper state of Partitions before updates
[main] INFO org.wali.MinimalLockingWriteAheadLog - Successfully recovered 0 records in 0 milliseconds
[main] INFO org.wali.MinimalLockingWriteAheadLog - org.wali.MinimalLockingWriteAheadLog@7f552bd3 checkpointed with 0 Records and 0 Swap Files in 1 milliseconds (Stop-the-world time = 0 milliseconds, Clear Edit Logs time = 0 millis), max Transaction ID -1
]]></system-err>
  </testcase>
  <testcase name="testCannotModifyLogAfterAllAreBlackListed" classname="org.wali.TestMinimalLockingWriteAheadLog" time="0.009">
    <system-err><![CDATA[[main] INFO org.wali.MinimalLockingWriteAheadLog - org.wali.MinimalLockingWriteAheadLog@460d0a57 finished recovering records. Performing Checkpoint to ensure proper state of Partitions before updates
[main] INFO org.wali.MinimalLockingWriteAheadLog - Successfully recovered 0 records in 0 milliseconds
[main] INFO org.wali.MinimalLockingWriteAheadLog - org.wali.MinimalLockingWriteAheadLog@460d0a57 checkpointed with 0 Records and 0 Swap Files in 2 milliseconds (Stop-the-world time = 0 milliseconds, Clear Edit Logs time = 0 millis), max Transaction ID -1
[main] INFO org.wali.MinimalLockingWriteAheadLog - org.wali.MinimalLockingWriteAheadLog@149e0f5d finished recovering records. Performing Checkpoint to ensure proper state of Partitions before updates
[main] INFO org.wali.MinimalLockingWriteAheadLog - Successfully recovered 3 records in 0 milliseconds
[main] INFO org.wali.MinimalLockingWriteAheadLog - org.wali.MinimalLockingWriteAheadLog@149e0f5d checkpointed with 3 Records and 0 Swap Files in 2 milliseconds (Stop-the-world time = 0 milliseconds, Clear Edit Logs time = 0 millis), max Transaction ID 0
]]></system-err>
  </testcase>
</testsuite>