<?xml version="1.0" encoding="UTF-8"?>
<testsuite xmlns:xsi="http://www.w3.org/2001/XMLSchema-instance" xsi:noNamespaceSchemaLocation="https://maven.apache.org/surefire/maven-surefire-plugin/xsd/surefire-test-report-3.0.xsd" version="3.0" name="org.apache.nifi.processors.standard.CryptographicHashContentTest" time="0.154" tests="5" errors="0" skipped="0" failures="0">
  <properties>
    <property name="sun.desktop" value="gnome"/>
    <property name="awt.toolkit" value="sun.awt.X11.XToolkit"/>
    <property name="file.encoding.pkg" value="sun.io"/>
    <property name="java.specification.version" value="1.8"/>
    <property name="sun.cpu.isalist" value=""/>
    <property name="sun.jnu.encoding" value="UTF-8"/>
    <property name="java.class.path" value="/home/alex/Repositories/nifi/nifi-nar-bundles/nifi-standard-bundle/nifi-standard-processors/target/test-classes:/home/alex/Repositories/nifi/nifi-nar-bundles/nifi-standard-bundle/nifi-standard-processors/target/classes:/home/alex/.m2/repository/org/apache/ftpserver/ftpserver-core/1.1.1/ftpserver-core-1.1.1.jar:/home/alex/.m2/repository/org/apache/ftpserver/ftplet-api/1.1.1/ftplet-api-1.1.1.jar:/home/alex/.m2/repository/org/slf4j/slf4j-api/1.7.32/slf4j-api-1.7.32.jar:/home/alex/.m2/repository/org/apache/mina/mina-core/2.0.16/mina-core-2.0.16.jar:/home/alex/Repositories/nifi/nifi-api/target/classes:/home/alex/Repositories/nifi/nifi-commons/nifi-expression-language/target/classes:/home/alex/.m2/repository/org/antlr/antlr-runtime/3.5.2/antlr-runtime-3.5.2.jar:/home/alex/Repositories/nifi/nifi-commons/nifi-parameter/target/classes:/home/alex/Repositories/nifi/nifi-commons/nifi-uuid5/target/classes:/home/alex/.m2/repository/org/apache/commons/commons-text/1.8/commons-text-1.8.jar:/home/alex/Repositories/nifi/nifi-nar-bundles/nifi-extension-utils/nifi-processor-utils/target/classes:/home/alex/Repositories/nifi/nifi-commons/nifi-security-socket-ssl/target/classes:/home/alex/Repositories/nifi/nifi-nar-bundles/nifi-extension-utils/nifi-event-transport/target/classes:/home/alex/.m2/repository/io/netty/netty-handler/4.1.69.Final/netty-handler-4.1.69.Final.jar:/home/alex/.m2/repository/io/netty/netty-common/4.1.69.Final/netty-common-4.1.69.Final.jar:/home/alex/.m2/repository/io/netty/netty-resolver/4.1.69.Final/netty-resolver-4.1.69.Final.jar:/home/alex/.m2/repository/io/netty/netty-transport/4.1.69.Final/netty-transport-4.1.69.Final.jar:/home/alex/.m2/repository/io/netty/netty-codec/4.1.69.Final/netty-codec-4.1.69.Final.jar:/home/alex/Repositories/nifi/nifi-nar-bundles/nifi-extension-utils/nifi-syslog-utils/target/classes:/home/alex/.m2/repository/com/github/palindromicity/simple-syslog-5424/0.0.16/simple-syslog-5424-0.0.16.jar:/home/alex/.m2/repository/org/antlr/antlr4-runtime/4.7.2/antlr4-runtime-4.7.2.jar:/home/alex/Repositories/nifi/nifi-commons/nifi-utils/target/classes:/home/alex/Repositories/nifi/nifi-commons/nifi-record-path/target/classes:/home/alex/Repositories/nifi/nifi-commons/nifi-properties/target/classes:/home/alex/Repositories/nifi/nifi-commons/nifi-property-utils/target/classes:/home/alex/.m2/repository/com/github/ben-manes/caffeine/caffeine/2.8.1/caffeine-2.8.1.jar:/home/alex/Repositories/nifi/nifi-nar-bundles/nifi-standard-services/nifi-ssl-context-service-api/target/classes:/home/alex/Repositories/nifi/nifi-commons/nifi-security-utils-api/target/classes:/home/alex/Repositories/nifi/nifi-nar-bundles/nifi-standard-services/nifi-lookup-service-api/target/classes:/home/alex/Repositories/nifi/nifi-commons/nifi-flowfile-packager/target/classes:/home/alex/Repositories/nifi/nifi-nar-bundles/nifi-standard-services/nifi-distributed-cache-client-service-api/target/classes:/home/alex/Repositories/nifi/nifi-nar-bundles/nifi-standard-services/nifi-http-context-map-api/target/classes:/home/alex/Repositories/nifi/nifi-nar-bundles/nifi-standard-services/nifi-record-serialization-service-api/target/classes:/home/alex/Repositories/nifi/nifi-nar-bundles/nifi-standard-services/nifi-proxy-configuration-api/target/classes:/home/alex/Repositories/nifi/nifi-commons/nifi-record/target/classes:/home/alex/Repositories/nifi/nifi-nar-bundles/nifi-standard-services/nifi-record-sink-api/target/classes:/home/alex/.m2/repository/commons-io/commons-io/2.10.0/commons-io-2.10.0.jar:/home/alex/.m2/repository/javax/ws/rs/javax.ws.rs-api/2.1/javax.ws.rs-api-2.1.jar:/home/alex/.m2/repository/commons-net/commons-net/3.6/commons-net-3.6.jar:/home/alex/.m2/repository/org/apache/commons/commons-compress/1.21/commons-compress-1.21.jar:/home/alex/.m2/repository/org/apache/commons/commons-lang3/3.9/commons-lang3-3.9.jar:/home/alex/.m2/repository/org/bouncycastle/bcprov-jdk15on/1.69/bcprov-jdk15on-1.69.jar:/home/alex/.m2/repository/org/bouncycastle/bcpg-jdk15on/1.69/bcpg-jdk15on-1.69.jar:/home/alex/.m2/repository/org/bouncycastle/bcpkix-jdk15on/1.69/bcpkix-jdk15on-1.69.jar:/home/alex/.m2/repository/org/bouncycastle/bcutil-jdk15on/1.69/bcutil-jdk15on-1.69.jar:/home/alex/.m2/repository/commons-codec/commons-codec/1.14/commons-codec-1.14.jar:/home/alex/Repositories/nifi/nifi-commons/nifi-security-utils/target/classes:/home/alex/Repositories/nifi/nifi-commons/nifi-security-kms/target/classes:/home/alex/.m2/repository/org/apache/commons/commons-configuration2/2.7/commons-configuration2-2.7.jar:/home/alex/.m2/repository/com/hierynomus/sshj/0.32.0/sshj-0.32.0.jar:/home/alex/.m2/repository/com/jcraft/jzlib/1.1.3/jzlib-1.1.3.jar:/home/alex/.m2/repository/com/hierynomus/asn-one/0.6.0/asn-one-0.6.0.jar:/home/alex/.m2/repository/net/i2p/crypto/eddsa/0.3.0/eddsa-0.3.0.jar:/home/alex/.m2/repository/org/eclipse/jetty/jetty-server/9.4.44.v20210927/jetty-server-9.4.44.v20210927.jar:/home/alex/.m2/repository/javax/servlet/javax.servlet-api/3.1.0/javax.servlet-api-3.1.0.jar:/home/alex/.m2/repository/org/eclipse/jetty/jetty-http/9.4.44.v20210927/jetty-http-9.4.44.v20210927.jar:/home/alex/.m2/repository/org/eclipse/jetty/jetty-util/9.4.44.v20210927/jetty-util-9.4.44.v20210927.jar:/home/alex/.m2/repository/org/eclipse/jetty/jetty-io/9.4.44.v20210927/jetty-io-9.4.44.v20210927.jar:/home/alex/.m2/repository/org/eclipse/jetty/jetty-servlet/9.4.44.v20210927/jetty-servlet-9.4.44.v20210927.jar:/home/alex/.m2/repository/org/eclipse/jetty/jetty-security/9.4.44.v20210927/jetty-security-9.4.44.v20210927.jar:/home/alex/.m2/repository/org/eclipse/jetty/jetty-util-ajax/9.4.44.v20210927/jetty-util-ajax-9.4.44.v20210927.jar:/home/alex/.m2/repository/org/apache/httpcomponents/httpclient/4.5.5/httpclient-4.5.5.jar:/home/alex/.m2/repository/commons-logging/commons-logging/1.2/commons-logging-1.2.jar:/home/alex/.m2/repository/org/apache/httpcomponents/httpcore/4.4.9/httpcore-4.4.9.jar:/home/alex/.m2/repository/jakarta/activation/jakarta.activation-api/2.0.1/jakarta.activation-api-2.0.1.jar:/home/alex/.m2/repository/com/sun/activation/jakarta.activation/2.0.1/jakarta.activation-2.0.1.jar:/home/alex/.m2/repository/jakarta/mail/jakarta.mail-api/2.0.1/jakarta.mail-api-2.0.1.jar:/home/alex/.m2/repository/com/sun/mail/jakarta.mail/2.0.1/jakarta.mail-2.0.1.jar:/home/alex/.m2/repository/com/github/jponge/lzma-java/1.3/lzma-java-1.3.jar:/home/alex/.m2/repository/org/tukaani/xz/1.8/xz-1.8.jar:/home/alex/.m2/repository/net/sf/saxon/Saxon-HE/10.6/Saxon-HE-10.6.jar:/home/alex/Repositories/nifi/nifi-commons/nifi-socket-utils/target/classes:/home/alex/Repositories/nifi/nifi-commons/nifi-logging-utils/target/classes:/home/alex/Repositories/nifi/nifi-nar-bundles/nifi-standard-services/nifi-load-distribution-service-api/target/classes:/home/alex/.m2/repository/javax/jms/javax.jms-api/2.0.1/javax.jms-api-2.0.1.jar:/home/alex/.m2/repository/org/apache/activemq/activemq-client/5.15.15/activemq-client-5.15.15.jar:/home/alex/.m2/repository/org/apache/geronimo/specs/geronimo-jms_1.1_spec/1.1.1/geronimo-jms_1.1_spec-1.1.1.jar:/home/alex/.m2/repository/org/fusesource/hawtbuf/hawtbuf/1.11/hawtbuf-1.11.jar:/home/alex/.m2/repository/org/apache/geronimo/specs/geronimo-j2ee-management_1.1_spec/1.0.1/geronimo-j2ee-management_1.1_spec-1.0.1.jar:/home/alex/.m2/repository/com/jayway/jsonpath/json-path/2.6.0/json-path-2.6.0.jar:/home/alex/.m2/repository/net/minidev/json-smart/2.4.7/json-smart-2.4.7.jar:/home/alex/.m2/repository/net/minidev/accessors-smart/2.4.7/accessors-smart-2.4.7.jar:/home/alex/.m2/repository/org/ow2/asm/asm/9.1/asm-9.1.jar:/home/alex/.m2/repository/org/apache/tika/tika-core/1.26/tika-core-1.26.jar:/home/alex/.m2/repository/com/fasterxml/jackson/core/jackson-databind/2.12.3/jackson-databind-2.12.3.jar:/home/alex/.m2/repository/com/fasterxml/jackson/core/jackson-annotations/2.12.3/jackson-annotations-2.12.3.jar:/home/alex/.m2/repository/com/fasterxml/jackson/core/jackson-core/2.12.3/jackson-core-2.12.3.jar:/home/alex/Repositories/nifi/nifi-nar-bundles/nifi-extension-utils/nifi-record-utils/nifi-avro-record-utils/target/classes:/home/alex/Repositories/nifi/nifi-nar-bundles/nifi-extension-utils/nifi-record-utils/nifi-standard-record-utils/target/classes:/home/alex/.m2/repository/org/apache/avro/avro/1.8.1/avro-1.8.1.jar:/home/alex/.m2/repository/org/codehaus/jackson/jackson-core-asl/1.9.13/jackson-core-asl-1.9.13.jar:/home/alex/.m2/repository/org/codehaus/jackson/jackson-mapper-asl/1.9.13/jackson-mapper-asl-1.9.13.jar:/home/alex/.m2/repository/com/thoughtworks/paranamer/paranamer/2.7/paranamer-2.7.jar:/home/alex/Repositories/nifi/nifi-nar-bundles/nifi-standard-services/nifi-dbcp-service-api/target/classes:/home/alex/.m2/repository/com/squareup/okhttp3/okhttp/4.9.2/okhttp-4.9.2.jar:/home/alex/.m2/repository/com/squareup/okio/okio/2.8.0/okio-2.8.0.jar:/home/alex/.m2/repository/org/jetbrains/kotlin/kotlin-stdlib-common/1.4.0/kotlin-stdlib-common-1.4.0.jar:/home/alex/.m2/repository/org/jetbrains/kotlin/kotlin-stdlib/1.4.10/kotlin-stdlib-1.4.10.jar:/home/alex/.m2/repository/org/jetbrains/annotations/13.0/annotations-13.0.jar:/home/alex/.m2/repository/io/github/rburgst/okhttp-digest/2.5/okhttp-digest-2.5.jar:/home/alex/.m2/repository/at/favre/lib/bcrypt/0.9.0/bcrypt-0.9.0.jar:/home/alex/.m2/repository/at/favre/lib/bytes/1.3.0/bytes-1.3.0.jar:/home/alex/.m2/repository/com/google/guava/guava/28.0-jre/guava-28.0-jre.jar:/home/alex/.m2/repository/com/google/guava/failureaccess/1.0.1/failureaccess-1.0.1.jar:/home/alex/.m2/repository/com/google/guava/listenablefuture/9999.0-empty-to-avoid-conflict-with-guava/listenablefuture-9999.0-empty-to-avoid-conflict-with-guava.jar:/home/alex/.m2/repository/com/google/code/findbugs/jsr305/3.0.2/jsr305-3.0.2.jar:/home/alex/.m2/repository/org/checkerframework/checker-qual/2.8.1/checker-qual-2.8.1.jar:/home/alex/.m2/repository/com/google/errorprone/error_prone_annotations/2.3.2/error_prone_annotations-2.3.2.jar:/home/alex/.m2/repository/com/google/j2objc/j2objc-annotations/1.3/j2objc-annotations-1.3.jar:/home/alex/.m2/repository/org/codehaus/mojo/animal-sniffer-annotations/1.17/animal-sniffer-annotations-1.17.jar:/home/alex/Repositories/nifi/nifi-mock/target/classes:/home/alex/Repositories/nifi/nifi-framework-api/target/classes:/home/alex/Repositories/nifi/nifi-nar-bundles/nifi-framework-bundle/nifi-framework/nifi-framework-core-api/target/classes:/home/alex/Repositories/nifi/nifi-nar-bundles/nifi-framework-bundle/nifi-framework/nifi-framework-nar-utils/target/classes:/home/alex/Repositories/nifi/nifi-nar-bundles/nifi-framework-bundle/nifi-framework/nifi-client-dto/target/classes:/home/alex/.m2/repository/io/swagger/swagger-annotations/1.6.0/swagger-annotations-1.6.0.jar:/home/alex/Repositories/nifi/nifi-commons/nifi-site-to-site-client/target/classes:/home/alex/.m2/repository/org/apache/httpcomponents/httpasyncclient/4.1.4/httpasyncclient-4.1.4.jar:/home/alex/.m2/repository/org/apache/httpcomponents/httpcore-nio/4.4.10/httpcore-nio-4.4.10.jar:/home/alex/Repositories/nifi/nifi-nar-bundles/nifi-framework-bundle/nifi-framework/nifi-framework-authorization/target/classes:/home/alex/Repositories/nifi/nifi-registry/nifi-registry-core/nifi-registry-data-model/target/classes:/home/alex/Repositories/nifi/nifi-registry/nifi-registry-core/nifi-registry-revision/nifi-registry-revision-entity-model/target/classes:/home/alex/Repositories/nifi/nifi-registry/nifi-registry-core/nifi-registry-client/target/classes:/home/alex/Repositories/nifi/nifi-registry/nifi-registry-core/nifi-registry-security-utils/target/classes:/home/alex/.m2/repository/org/glassfish/jersey/core/jersey-client/2.33/jersey-client-2.33.jar:/home/alex/.m2/repository/jakarta/ws/rs/jakarta.ws.rs-api/2.1.6/jakarta.ws.rs-api-2.1.6.jar:/home/alex/.m2/repository/org/glassfish/hk2/external/jakarta.inject/2.6.1/jakarta.inject-2.6.1.jar:/home/alex/.m2/repository/org/glassfish/jersey/media/jersey-media-json-jackson/2.33/jersey-media-json-jackson-2.33.jar:/home/alex/.m2/repository/org/glassfish/jersey/ext/jersey-entity-filtering/2.33/jersey-entity-filtering-2.33.jar:/home/alex/.m2/repository/org/glassfish/jersey/inject/jersey-hk2/2.33/jersey-hk2-2.33.jar:/home/alex/.m2/repository/org/glassfish/hk2/hk2-locator/2.6.1/hk2-locator-2.6.1.jar:/home/alex/.m2/repository/org/glassfish/hk2/external/aopalliance-repackaged/2.6.1/aopalliance-repackaged-2.6.1.jar:/home/alex/.m2/repository/org/glassfish/hk2/hk2-api/2.6.1/hk2-api-2.6.1.jar:/home/alex/.m2/repository/org/glassfish/hk2/hk2-utils/2.6.1/hk2-utils-2.6.1.jar:/home/alex/.m2/repository/org/javassist/javassist/3.25.0-GA/javassist-3.25.0-GA.jar:/home/alex/.m2/repository/org/glassfish/jersey/core/jersey-common/2.33/jersey-common-2.33.jar:/home/alex/.m2/repository/jakarta/annotation/jakarta.annotation-api/1.3.5/jakarta.annotation-api-1.3.5.jar:/home/alex/.m2/repository/org/glassfish/hk2/osgi-resource-locator/1.0.3/osgi-resource-locator-1.0.3.jar:/home/alex/.m2/repository/org/glassfish/jersey/media/jersey-media-multipart/2.33/jersey-media-multipart-2.33.jar:/home/alex/.m2/repository/org/jvnet/mimepull/mimepull/1.9.13/mimepull-1.9.13.jar:/home/alex/Repositories/nifi/nifi-commons/nifi-data-provenance-utils/target/classes:/home/alex/Repositories/nifi/nifi-nar-bundles/nifi-standard-services/nifi-distributed-cache-services-bundle/nifi-distributed-cache-client-service/target/classes:/home/alex/Repositories/nifi/nifi-nar-bundles/nifi-standard-services/nifi-distributed-cache-services-bundle/nifi-distributed-cache-protocol/target/classes:/home/alex/.m2/repository/io/netty/netty-buffer/4.1.69.Final/netty-buffer-4.1.69.Final.jar:/home/alex/.m2/repository/com/google/http-client/google-http-client/1.28.0/google-http-client-1.28.0.jar:/home/alex/.m2/repository/io/opencensus/opencensus-api/0.18.0/opencensus-api-0.18.0.jar:/home/alex/.m2/repository/io/grpc/grpc-context/1.14.0/grpc-context-1.14.0.jar:/home/alex/.m2/repository/io/opencensus/opencensus-contrib-http-util/0.18.0/opencensus-contrib-http-util-0.18.0.jar:/home/alex/.m2/repository/org/apache/activemq/activemq-broker/5.15.14/activemq-broker-5.15.14.jar:/home/alex/.m2/repository/org/apache/activemq/activemq-openwire-legacy/5.15.14/activemq-openwire-legacy-5.15.14.jar:/home/alex/Repositories/nifi/nifi-nar-bundles/nifi-standard-services/nifi-ssl-context-bundle/nifi-ssl-context-service/target/classes:/home/alex/Repositories/nifi/nifi-nar-bundles/nifi-framework-bundle/nifi-framework/nifi-standard-prioritizers/target/classes:/home/alex/Repositories/nifi/nifi-nar-bundles/nifi-extension-utils/nifi-record-utils/nifi-mock-record-utils/target/classes:/home/alex/Repositories/nifi/nifi-nar-bundles/nifi-standard-services/nifi-record-serialization-services-bundle/nifi-record-serialization-services/target/classes:/home/alex/.m2/repository/org/apache/commons/commons-csv/1.8/commons-csv-1.8.jar:/home/alex/.m2/repository/com/fasterxml/jackson/dataformat/jackson-dataformat-csv/2.12.3/jackson-dataformat-csv-2.12.3.jar:/home/alex/.m2/repository/net/java/dev/stax-utils/stax-utils/20070216/stax-utils-20070216.jar:/home/alex/Repositories/nifi/nifi-nar-bundles/nifi-standard-services/nifi-lookup-services-bundle/nifi-lookup-services/target/classes:/home/alex/.m2/repository/commons-beanutils/commons-beanutils/1.9.4/commons-beanutils-1.9.4.jar:/home/alex/.m2/repository/commons-collections/commons-collections/3.2.2/commons-collections-3.2.2.jar:/home/alex/.m2/repository/com/maxmind/geoip2/geoip2/2.12.0/geoip2-2.12.0.jar:/home/alex/.m2/repository/com/maxmind/db/maxmind-db/1.2.2/maxmind-db-1.2.2.jar:/home/alex/.m2/repository/org/apache/derby/derby/10.14.2.0/derby-10.14.2.0.jar:/home/alex/.m2/repository/org/xerial/snappy/snappy-java/1.1.7.3/snappy-java-1.1.7.3.jar:/home/alex/.m2/repository/net/lingala/zip4j/zip4j/2.8.0/zip4j-2.8.0.jar:/home/alex/.m2/repository/com/h2database/h2/1.4.187/h2-1.4.187.jar:/home/alex/.m2/repository/org/mockftpserver/MockFtpServer/2.7.1/MockFtpServer-2.7.1.jar:/home/alex/.m2/repository/org/apache/sshd/sshd-core/1.7.0/sshd-core-1.7.0.jar:/home/alex/.m2/repository/com/bazaarvoice/jolt/jolt-core/0.1.1/jolt-core-0.1.1.jar:/home/alex/.m2/repository/javax/inject/javax.inject/1/javax.inject-1.jar:/home/alex/.m2/repository/com/bazaarvoice/jolt/json-utils/0.1.1/json-utils-0.1.1.jar:/home/alex/Repositories/nifi/nifi-nar-bundles/nifi-standard-bundle/nifi-standard-utils/target/classes:/home/alex/.m2/repository/net/sf/supercsv/super-csv/2.4.0/super-csv-2.4.0.jar:/home/alex/.m2/repository/com/fluenda/parcefone/2.1.0/parcefone-2.1.0.jar:/home/alex/.m2/repository/javax/validation/validation-api/1.1.0.Final/validation-api-1.1.0.Final.jar:/home/alex/.m2/repository/javax/el/javax.el-api/3.0.0/javax.el-api-3.0.0.jar:/home/alex/.m2/repository/com/github/wnameless/json/json-flattener/0.12.0/json-flattener-0.12.0.jar:/home/alex/.m2/repository/com/github/wnameless/json/json-base/2.0.0/json-base-2.0.0.jar:/home/alex/.m2/repository/org/apache/bval/bval-jsr/1.1.2/bval-jsr-1.1.2.jar:/home/alex/.m2/repository/org/apache/bval/bval-core/1.1.2/bval-core-1.1.2.jar:/home/alex/.m2/repository/io/krakens/java-grok/0.1.9/java-grok-0.1.9.jar:/home/alex/.m2/repository/org/apache/calcite/calcite-core/1.27.0/calcite-core-1.27.0.jar:/home/alex/.m2/repository/org/apache/calcite/calcite-linq4j/1.27.0/calcite-linq4j-1.27.0.jar:/home/alex/.m2/repository/com/esri/geometry/esri-geometry-api/2.2.0/esri-geometry-api-2.2.0.jar:/home/alex/.m2/repository/org/apache/calcite/avatica/avatica-core/1.18.0/avatica-core-1.18.0.jar:/home/alex/.m2/repository/org/apache/calcite/avatica/avatica-metrics/1.18.0/avatica-metrics-1.18.0.jar:/home/alex/.m2/repository/com/google/protobuf/protobuf-java/3.6.1/protobuf-java-3.6.1.jar:/home/alex/.m2/repository/org/apiguardian/apiguardian-api/1.1.0/apiguardian-api-1.1.0.jar:/home/alex/.m2/repository/com/fasterxml/jackson/dataformat/jackson-dataformat-yaml/2.10.0/jackson-dataformat-yaml-2.10.0.jar:/home/alex/.m2/repository/org/yaml/snakeyaml/1.29/snakeyaml-1.29.jar:/home/alex/.m2/repository/com/google/uzaygezen/uzaygezen-core/0.2/uzaygezen-core-0.2.jar:/home/alex/.m2/repository/com/yahoo/datasketches/sketches-core/0.9.0/sketches-core-0.9.0.jar:/home/alex/.m2/repository/com/yahoo/datasketches/memory/0.9.0/memory-0.9.0.jar:/home/alex/.m2/repository/net/hydromatic/aggdesigner-algorithm/6.0/aggdesigner-algorithm-6.0.jar:/home/alex/.m2/repository/commons-lang/commons-lang/2.4/commons-lang-2.4.jar:/home/alex/.m2/repository/org/apache/commons/commons-dbcp2/2.6.0/commons-dbcp2-2.6.0.jar:/home/alex/.m2/repository/org/apache/commons/commons-pool2/2.6.1/commons-pool2-2.6.1.jar:/home/alex/.m2/repository/org/codehaus/janino/commons-compiler/3.0.11/commons-compiler-3.0.11.jar:/home/alex/.m2/repository/org/codehaus/janino/janino/3.0.11/janino-3.0.11.jar:/home/alex/Repositories/nifi/nifi-nar-bundles/nifi-standard-services/nifi-schema-registry-service-api/target/classes:/home/alex/Repositories/nifi/nifi-nar-bundles/nifi-extension-utils/nifi-database-utils/target/classes:/home/alex/Repositories/nifi/nifi-nar-bundles/nifi-standard-bundle/nifi-standard-web-test-utils/target/classes:/home/alex/.m2/repository/com/github/stefanbirkner/fake-sftp-server-rule/2.0.1/fake-sftp-server-rule-2.0.1.jar:/home/alex/.m2/repository/com/github/marschall/memoryfilesystem/2.8.0/memoryfilesystem-2.8.0.jar:/home/alex/.m2/repository/junit/junit/4.13.2/junit-4.13.2.jar:/home/alex/.m2/repository/org/hamcrest/hamcrest-core/1.3/hamcrest-core-1.3.jar:/home/alex/Repositories/nifi/nifi-nar-bundles/nifi-extension-utils/nifi-database-test-utils/target/classes:/home/alex/.m2/repository/org/codehaus/groovy/groovy-json/2.5.14/groovy-json-2.5.14.jar:/home/alex/.m2/repository/org/codehaus/groovy/groovy/2.5.14/groovy-2.5.14.jar:/home/alex/.m2/repository/org/codehaus/groovy/groovy-servlet/2.5.14/groovy-servlet-2.5.14.jar:/home/alex/.m2/repository/org/codehaus/groovy/groovy-templates/2.5.14/groovy-templates-2.5.14.jar:/home/alex/.m2/repository/org/codehaus/groovy/groovy-xml/2.5.14/groovy-xml-2.5.14.jar:/home/alex/.m2/repository/org/hamcrest/hamcrest-all/1.3/hamcrest-all-1.3.jar:/home/alex/.m2/repository/com/squareup/okhttp3/mockwebserver/4.9.2/mockwebserver-4.9.2.jar:/home/alex/.m2/repository/org/jetbrains/kotlin/kotlin-stdlib-jdk8/1.4.10/kotlin-stdlib-jdk8-1.4.10.jar:/home/alex/.m2/repository/org/jetbrains/kotlin/kotlin-stdlib-jdk7/1.4.10/kotlin-stdlib-jdk7-1.4.10.jar:/home/alex/.m2/repository/org/mockito/mockito-inline/3.12.4/mockito-inline-3.12.4.jar:/home/alex/.m2/repository/org/junit/jupiter/junit-jupiter-api/5.7.2/junit-jupiter-api-5.7.2.jar:/home/alex/.m2/repository/org/opentest4j/opentest4j/1.2.0/opentest4j-1.2.0.jar:/home/alex/.m2/repository/org/junit/platform/junit-platform-commons/1.7.2/junit-platform-commons-1.7.2.jar:/home/alex/.m2/repository/org/junit/jupiter/junit-jupiter-engine/5.7.2/junit-jupiter-engine-5.7.2.jar:/home/alex/.m2/repository/org/junit/platform/junit-platform-engine/1.7.2/junit-platform-engine-1.7.2.jar:/home/alex/.m2/repository/org/junit/vintage/junit-vintage-engine/5.7.2/junit-vintage-engine-5.7.2.jar:/home/alex/.m2/repository/org/junit/jupiter/junit-jupiter-params/5.7.2/junit-jupiter-params-5.7.2.jar:/home/alex/.m2/repository/org/mockito/mockito-core/3.11.2/mockito-core-3.11.2.jar:/home/alex/.m2/repository/net/bytebuddy/byte-buddy/1.11.3/byte-buddy-1.11.3.jar:/home/alex/.m2/repository/net/bytebuddy/byte-buddy-agent/1.11.3/byte-buddy-agent-1.11.3.jar:/home/alex/.m2/repository/org/objenesis/objenesis/3.2/objenesis-3.2.jar:/home/alex/.m2/repository/org/mockito/mockito-junit-jupiter/3.11.2/mockito-junit-jupiter-3.11.2.jar:/home/alex/.m2/repository/org/slf4j/slf4j-simple/1.7.32/slf4j-simple-1.7.32.jar:/home/alex/.m2/repository/org/codehaus/groovy/groovy-test/2.5.14/groovy-test-2.5.14.jar:"/>
    <property name="java.vm.vendor" value="Private Build"/>
    <property name="sun.arch.data.model" value="64"/>
    <property name="java.vendor.url" value="http://java.oracle.com/"/>
    <property name="user.timezone" value="Europe/Lisbon"/>
    <property name="java.vm.specification.version" value="1.8"/>
    <property name="os.name" value="Linux"/>
    <property name="user.country" value="US"/>
    <property name="sun.java.launcher" value="SUN_STANDARD"/>
    <property name="sun.boot.library.path" value="/usr/lib/jvm/java-8-openjdk-amd64/jre/lib/amd64"/>
    <property name="sun.java.command" value="/home/alex/Repositories/nifi/nifi-nar-bundles/nifi-standard-bundle/nifi-standard-processors/target/surefire/surefirebooter9102486319766494456.jar /home/alex/Repositories/nifi/nifi-nar-bundles/nifi-standard-bundle/nifi-standard-processors/target/surefire 2024-05-02T03-23-33_830-jvmRun1 surefire4678910215160170132tmp surefire_698813792753071590827tmp"/>
    <property name="org.slf4j.simpleLogger.log.nifi.io.nio" value="debug"/>
    <property name="surefire.test.class.path" value="/home/alex/Repositories/nifi/nifi-nar-bundles/nifi-standard-bundle/nifi-standard-processors/target/test-classes:/home/alex/Repositories/nifi/nifi-nar-bundles/nifi-standard-bundle/nifi-standard-processors/target/classes:/home/alex/.m2/repository/org/apache/ftpserver/ftpserver-core/1.1.1/ftpserver-core-1.1.1.jar:/home/alex/.m2/repository/org/apache/ftpserver/ftplet-api/1.1.1/ftplet-api-1.1.1.jar:/home/alex/.m2/repository/org/slf4j/slf4j-api/1.7.32/slf4j-api-1.7.32.jar:/home/alex/.m2/repository/org/apache/mina/mina-core/2.0.16/mina-core-2.0.16.jar:/home/alex/Repositories/nifi/nifi-api/target/classes:/home/alex/Repositories/nifi/nifi-commons/nifi-expression-language/target/classes:/home/alex/.m2/repository/org/antlr/antlr-runtime/3.5.2/antlr-runtime-3.5.2.jar:/home/alex/Repositories/nifi/nifi-commons/nifi-parameter/target/classes:/home/alex/Repositories/nifi/nifi-commons/nifi-uuid5/target/classes:/home/alex/.m2/repository/org/apache/commons/commons-text/1.8/commons-text-1.8.jar:/home/alex/Repositories/nifi/nifi-nar-bundles/nifi-extension-utils/nifi-processor-utils/target/classes:/home/alex/Repositories/nifi/nifi-commons/nifi-security-socket-ssl/target/classes:/home/alex/Repositories/nifi/nifi-nar-bundles/nifi-extension-utils/nifi-event-transport/target/classes:/home/alex/.m2/repository/io/netty/netty-handler/4.1.69.Final/netty-handler-4.1.69.Final.jar:/home/alex/.m2/repository/io/netty/netty-common/4.1.69.Final/netty-common-4.1.69.Final.jar:/home/alex/.m2/repository/io/netty/netty-resolver/4.1.69.Final/netty-resolver-4.1.69.Final.jar:/home/alex/.m2/repository/io/netty/netty-transport/4.1.69.Final/netty-transport-4.1.69.Final.jar:/home/alex/.m2/repository/io/netty/netty-codec/4.1.69.Final/netty-codec-4.1.69.Final.jar:/home/alex/Repositories/nifi/nifi-nar-bundles/nifi-extension-utils/nifi-syslog-utils/target/classes:/home/alex/.m2/repository/com/github/palindromicity/simple-syslog-5424/0.0.16/simple-syslog-5424-0.0.16.jar:/home/alex/.m2/repository/org/antlr/antlr4-runtime/4.7.2/antlr4-runtime-4.7.2.jar:/home/alex/Repositories/nifi/nifi-commons/nifi-utils/target/classes:/home/alex/Repositories/nifi/nifi-commons/nifi-record-path/target/classes:/home/alex/Repositories/nifi/nifi-commons/nifi-properties/target/classes:/home/alex/Repositories/nifi/nifi-commons/nifi-property-utils/target/classes:/home/alex/.m2/repository/com/github/ben-manes/caffeine/caffeine/2.8.1/caffeine-2.8.1.jar:/home/alex/Repositories/nifi/nifi-nar-bundles/nifi-standard-services/nifi-ssl-context-service-api/target/classes:/home/alex/Repositories/nifi/nifi-commons/nifi-security-utils-api/target/classes:/home/alex/Repositories/nifi/nifi-nar-bundles/nifi-standard-services/nifi-lookup-service-api/target/classes:/home/alex/Repositories/nifi/nifi-commons/nifi-flowfile-packager/target/classes:/home/alex/Repositories/nifi/nifi-nar-bundles/nifi-standard-services/nifi-distributed-cache-client-service-api/target/classes:/home/alex/Repositories/nifi/nifi-nar-bundles/nifi-standard-services/nifi-http-context-map-api/target/classes:/home/alex/Repositories/nifi/nifi-nar-bundles/nifi-standard-services/nifi-record-serialization-service-api/target/classes:/home/alex/Repositories/nifi/nifi-nar-bundles/nifi-standard-services/nifi-proxy-configuration-api/target/classes:/home/alex/Repositories/nifi/nifi-commons/nifi-record/target/classes:/home/alex/Repositories/nifi/nifi-nar-bundles/nifi-standard-services/nifi-record-sink-api/target/classes:/home/alex/.m2/repository/commons-io/commons-io/2.10.0/commons-io-2.10.0.jar:/home/alex/.m2/repository/javax/ws/rs/javax.ws.rs-api/2.1/javax.ws.rs-api-2.1.jar:/home/alex/.m2/repository/commons-net/commons-net/3.6/commons-net-3.6.jar:/home/alex/.m2/repository/org/apache/commons/commons-compress/1.21/commons-compress-1.21.jar:/home/alex/.m2/repository/org/apache/commons/commons-lang3/3.9/commons-lang3-3.9.jar:/home/alex/.m2/repository/org/bouncycastle/bcprov-jdk15on/1.69/bcprov-jdk15on-1.69.jar:/home/alex/.m2/repository/org/bouncycastle/bcpg-jdk15on/1.69/bcpg-jdk15on-1.69.jar:/home/alex/.m2/repository/org/bouncycastle/bcpkix-jdk15on/1.69/bcpkix-jdk15on-1.69.jar:/home/alex/.m2/repository/org/bouncycastle/bcutil-jdk15on/1.69/bcutil-jdk15on-1.69.jar:/home/alex/.m2/repository/commons-codec/commons-codec/1.14/commons-codec-1.14.jar:/home/alex/Repositories/nifi/nifi-commons/nifi-security-utils/target/classes:/home/alex/Repositories/nifi/nifi-commons/nifi-security-kms/target/classes:/home/alex/.m2/repository/org/apache/commons/commons-configuration2/2.7/commons-configuration2-2.7.jar:/home/alex/.m2/repository/com/hierynomus/sshj/0.32.0/sshj-0.32.0.jar:/home/alex/.m2/repository/com/jcraft/jzlib/1.1.3/jzlib-1.1.3.jar:/home/alex/.m2/repository/com/hierynomus/asn-one/0.6.0/asn-one-0.6.0.jar:/home/alex/.m2/repository/net/i2p/crypto/eddsa/0.3.0/eddsa-0.3.0.jar:/home/alex/.m2/repository/org/eclipse/jetty/jetty-server/9.4.44.v20210927/jetty-server-9.4.44.v20210927.jar:/home/alex/.m2/repository/javax/servlet/javax.servlet-api/3.1.0/javax.servlet-api-3.1.0.jar:/home/alex/.m2/repository/org/eclipse/jetty/jetty-http/9.4.44.v20210927/jetty-http-9.4.44.v20210927.jar:/home/alex/.m2/repository/org/eclipse/jetty/jetty-util/9.4.44.v20210927/jetty-util-9.4.44.v20210927.jar:/home/alex/.m2/repository/org/eclipse/jetty/jetty-io/9.4.44.v20210927/jetty-io-9.4.44.v20210927.jar:/home/alex/.m2/repository/org/eclipse/jetty/jetty-servlet/9.4.44.v20210927/jetty-servlet-9.4.44.v20210927.jar:/home/alex/.m2/repository/org/eclipse/jetty/jetty-security/9.4.44.v20210927/jetty-security-9.4.44.v20210927.jar:/home/alex/.m2/repository/org/eclipse/jetty/jetty-util-ajax/9.4.44.v20210927/jetty-util-ajax-9.4.44.v20210927.jar:/home/alex/.m2/repository/org/apache/httpcomponents/httpclient/4.5.5/httpclient-4.5.5.jar:/home/alex/.m2/repository/commons-logging/commons-logging/1.2/commons-logging-1.2.jar:/home/alex/.m2/repository/org/apache/httpcomponents/httpcore/4.4.9/httpcore-4.4.9.jar:/home/alex/.m2/repository/jakarta/activation/jakarta.activation-api/2.0.1/jakarta.activation-api-2.0.1.jar:/home/alex/.m2/repository/com/sun/activation/jakarta.activation/2.0.1/jakarta.activation-2.0.1.jar:/home/alex/.m2/repository/jakarta/mail/jakarta.mail-api/2.0.1/jakarta.mail-api-2.0.1.jar:/home/alex/.m2/repository/com/sun/mail/jakarta.mail/2.0.1/jakarta.mail-2.0.1.jar:/home/alex/.m2/repository/com/github/jponge/lzma-java/1.3/lzma-java-1.3.jar:/home/alex/.m2/repository/org/tukaani/xz/1.8/xz-1.8.jar:/home/alex/.m2/repository/net/sf/saxon/Saxon-HE/10.6/Saxon-HE-10.6.jar:/home/alex/Repositories/nifi/nifi-commons/nifi-socket-utils/target/classes:/home/alex/Repositories/nifi/nifi-commons/nifi-logging-utils/target/classes:/home/alex/Repositories/nifi/nifi-nar-bundles/nifi-standard-services/nifi-load-distribution-service-api/target/classes:/home/alex/.m2/repository/javax/jms/javax.jms-api/2.0.1/javax.jms-api-2.0.1.jar:/home/alex/.m2/repository/org/apache/activemq/activemq-client/5.15.15/activemq-client-5.15.15.jar:/home/alex/.m2/repository/org/apache/geronimo/specs/geronimo-jms_1.1_spec/1.1.1/geronimo-jms_1.1_spec-1.1.1.jar:/home/alex/.m2/repository/org/fusesource/hawtbuf/hawtbuf/1.11/hawtbuf-1.11.jar:/home/alex/.m2/repository/org/apache/geronimo/specs/geronimo-j2ee-management_1.1_spec/1.0.1/geronimo-j2ee-management_1.1_spec-1.0.1.jar:/home/alex/.m2/repository/com/jayway/jsonpath/json-path/2.6.0/json-path-2.6.0.jar:/home/alex/.m2/repository/net/minidev/json-smart/2.4.7/json-smart-2.4.7.jar:/home/alex/.m2/repository/net/minidev/accessors-smart/2.4.7/accessors-smart-2.4.7.jar:/home/alex/.m2/repository/org/ow2/asm/asm/9.1/asm-9.1.jar:/home/alex/.m2/repository/org/apache/tika/tika-core/1.26/tika-core-1.26.jar:/home/alex/.m2/repository/com/fasterxml/jackson/core/jackson-databind/2.12.3/jackson-databind-2.12.3.jar:/home/alex/.m2/repository/com/fasterxml/jackson/core/jackson-annotations/2.12.3/jackson-annotations-2.12.3.jar:/home/alex/.m2/repository/com/fasterxml/jackson/core/jackson-core/2.12.3/jackson-core-2.12.3.jar:/home/alex/Repositories/nifi/nifi-nar-bundles/nifi-extension-utils/nifi-record-utils/nifi-avro-record-utils/target/classes:/home/alex/Repositories/nifi/nifi-nar-bundles/nifi-extension-utils/nifi-record-utils/nifi-standard-record-utils/target/classes:/home/alex/.m2/repository/org/apache/avro/avro/1.8.1/avro-1.8.1.jar:/home/alex/.m2/repository/org/codehaus/jackson/jackson-core-asl/1.9.13/jackson-core-asl-1.9.13.jar:/home/alex/.m2/repository/org/codehaus/jackson/jackson-mapper-asl/1.9.13/jackson-mapper-asl-1.9.13.jar:/home/alex/.m2/repository/com/thoughtworks/paranamer/paranamer/2.7/paranamer-2.7.jar:/home/alex/Repositories/nifi/nifi-nar-bundles/nifi-standard-services/nifi-dbcp-service-api/target/classes:/home/alex/.m2/repository/com/squareup/okhttp3/okhttp/4.9.2/okhttp-4.9.2.jar:/home/alex/.m2/repository/com/squareup/okio/okio/2.8.0/okio-2.8.0.jar:/home/alex/.m2/repository/org/jetbrains/kotlin/kotlin-stdlib-common/1.4.0/kotlin-stdlib-common-1.4.0.jar:/home/alex/.m2/repository/org/jetbrains/kotlin/kotlin-stdlib/1.4.10/kotlin-stdlib-1.4.10.jar:/home/alex/.m2/repository/org/jetbrains/annotations/13.0/annotations-13.0.jar:/home/alex/.m2/repository/io/github/rburgst/okhttp-digest/2.5/okhttp-digest-2.5.jar:/home/alex/.m2/repository/at/favre/lib/bcrypt/0.9.0/bcrypt-0.9.0.jar:/home/alex/.m2/repository/at/favre/lib/bytes/1.3.0/bytes-1.3.0.jar:/home/alex/.m2/repository/com/google/guava/guava/28.0-jre/guava-28.0-jre.jar:/home/alex/.m2/repository/com/google/guava/failureaccess/1.0.1/failureaccess-1.0.1.jar:/home/alex/.m2/repository/com/google/guava/listenablefuture/9999.0-empty-to-avoid-conflict-with-guava/listenablefuture-9999.0-empty-to-avoid-conflict-with-guava.jar:/home/alex/.m2/repository/com/google/code/findbugs/jsr305/3.0.2/jsr305-3.0.2.jar:/home/alex/.m2/repository/org/checkerframework/checker-qual/2.8.1/checker-qual-2.8.1.jar:/home/alex/.m2/repository/com/google/errorprone/error_prone_annotations/2.3.2/error_prone_annotations-2.3.2.jar:/home/alex/.m2/repository/com/google/j2objc/j2objc-annotations/1.3/j2objc-annotations-1.3.jar:/home/alex/.m2/repository/org/codehaus/mojo/animal-sniffer-annotations/1.17/animal-sniffer-annotations-1.17.jar:/home/alex/Repositories/nifi/nifi-mock/target/classes:/home/alex/Repositories/nifi/nifi-framework-api/target/classes:/home/alex/Repositories/nifi/nifi-nar-bundles/nifi-framework-bundle/nifi-framework/nifi-framework-core-api/target/classes:/home/alex/Repositories/nifi/nifi-nar-bundles/nifi-framework-bundle/nifi-framework/nifi-framework-nar-utils/target/classes:/home/alex/Repositories/nifi/nifi-nar-bundles/nifi-framework-bundle/nifi-framework/nifi-client-dto/target/classes:/home/alex/.m2/repository/io/swagger/swagger-annotations/1.6.0/swagger-annotations-1.6.0.jar:/home/alex/Repositories/nifi/nifi-commons/nifi-site-to-site-client/target/classes:/home/alex/.m2/repository/org/apache/httpcomponents/httpasyncclient/4.1.4/httpasyncclient-4.1.4.jar:/home/alex/.m2/repository/org/apache/httpcomponents/httpcore-nio/4.4.10/httpcore-nio-4.4.10.jar:/home/alex/Repositories/nifi/nifi-nar-bundles/nifi-framework-bundle/nifi-framework/nifi-framework-authorization/target/classes:/home/alex/Repositories/nifi/nifi-registry/nifi-registry-core/nifi-registry-data-model/target/classes:/home/alex/Repositories/nifi/nifi-registry/nifi-registry-core/nifi-registry-revision/nifi-registry-revision-entity-model/target/classes:/home/alex/Repositories/nifi/nifi-registry/nifi-registry-core/nifi-registry-client/target/classes:/home/alex/Repositories/nifi/nifi-registry/nifi-registry-core/nifi-registry-security-utils/target/classes:/home/alex/.m2/repository/org/glassfish/jersey/core/jersey-client/2.33/jersey-client-2.33.jar:/home/alex/.m2/repository/jakarta/ws/rs/jakarta.ws.rs-api/2.1.6/jakarta.ws.rs-api-2.1.6.jar:/home/alex/.m2/repository/org/glassfish/hk2/external/jakarta.inject/2.6.1/jakarta.inject-2.6.1.jar:/home/alex/.m2/repository/org/glassfish/jersey/media/jersey-media-json-jackson/2.33/jersey-media-json-jackson-2.33.jar:/home/alex/.m2/repository/org/glassfish/jersey/ext/jersey-entity-filtering/2.33/jersey-entity-filtering-2.33.jar:/home/alex/.m2/repository/org/glassfish/jersey/inject/jersey-hk2/2.33/jersey-hk2-2.33.jar:/home/alex/.m2/repository/org/glassfish/hk2/hk2-locator/2.6.1/hk2-locator-2.6.1.jar:/home/alex/.m2/repository/org/glassfish/hk2/external/aopalliance-repackaged/2.6.1/aopalliance-repackaged-2.6.1.jar:/home/alex/.m2/repository/org/glassfish/hk2/hk2-api/2.6.1/hk2-api-2.6.1.jar:/home/alex/.m2/repository/org/glassfish/hk2/hk2-utils/2.6.1/hk2-utils-2.6.1.jar:/home/alex/.m2/repository/org/javassist/javassist/3.25.0-GA/javassist-3.25.0-GA.jar:/home/alex/.m2/repository/org/glassfish/jersey/core/jersey-common/2.33/jersey-common-2.33.jar:/home/alex/.m2/repository/jakarta/annotation/jakarta.annotation-api/1.3.5/jakarta.annotation-api-1.3.5.jar:/home/alex/.m2/repository/org/glassfish/hk2/osgi-resource-locator/1.0.3/osgi-resource-locator-1.0.3.jar:/home/alex/.m2/repository/org/glassfish/jersey/media/jersey-media-multipart/2.33/jersey-media-multipart-2.33.jar:/home/alex/.m2/repository/org/jvnet/mimepull/mimepull/1.9.13/mimepull-1.9.13.jar:/home/alex/Repositories/nifi/nifi-commons/nifi-data-provenance-utils/target/classes:/home/alex/Repositories/nifi/nifi-nar-bundles/nifi-standard-services/nifi-distributed-cache-services-bundle/nifi-distributed-cache-client-service/target/classes:/home/alex/Repositories/nifi/nifi-nar-bundles/nifi-standard-services/nifi-distributed-cache-services-bundle/nifi-distributed-cache-protocol/target/classes:/home/alex/.m2/repository/io/netty/netty-buffer/4.1.69.Final/netty-buffer-4.1.69.Final.jar:/home/alex/.m2/repository/com/google/http-client/google-http-client/1.28.0/google-http-client-1.28.0.jar:/home/alex/.m2/repository/io/opencensus/opencensus-api/0.18.0/opencensus-api-0.18.0.jar:/home/alex/.m2/repository/io/grpc/grpc-context/1.14.0/grpc-context-1.14.0.jar:/home/alex/.m2/repository/io/opencensus/opencensus-contrib-http-util/0.18.0/opencensus-contrib-http-util-0.18.0.jar:/home/alex/.m2/repository/org/apache/activemq/activemq-broker/5.15.14/activemq-broker-5.15.14.jar:/home/alex/.m2/repository/org/apache/activemq/activemq-openwire-legacy/5.15.14/activemq-openwire-legacy-5.15.14.jar:/home/alex/Repositories/nifi/nifi-nar-bundles/nifi-standard-services/nifi-ssl-context-bundle/nifi-ssl-context-service/target/classes:/home/alex/Repositories/nifi/nifi-nar-bundles/nifi-framework-bundle/nifi-framework/nifi-standard-prioritizers/target/classes:/home/alex/Repositories/nifi/nifi-nar-bundles/nifi-extension-utils/nifi-record-utils/nifi-mock-record-utils/target/classes:/home/alex/Repositories/nifi/nifi-nar-bundles/nifi-standard-services/nifi-record-serialization-services-bundle/nifi-record-serialization-services/target/classes:/home/alex/.m2/repository/org/apache/commons/commons-csv/1.8/commons-csv-1.8.jar:/home/alex/.m2/repository/com/fasterxml/jackson/dataformat/jackson-dataformat-csv/2.12.3/jackson-dataformat-csv-2.12.3.jar:/home/alex/.m2/repository/net/java/dev/stax-utils/stax-utils/20070216/stax-utils-20070216.jar:/home/alex/Repositories/nifi/nifi-nar-bundles/nifi-standard-services/nifi-lookup-services-bundle/nifi-lookup-services/target/classes:/home/alex/.m2/repository/commons-beanutils/commons-beanutils/1.9.4/commons-beanutils-1.9.4.jar:/home/alex/.m2/repository/commons-collections/commons-collections/3.2.2/commons-collections-3.2.2.jar:/home/alex/.m2/repository/com/maxmind/geoip2/geoip2/2.12.0/geoip2-2.12.0.jar:/home/alex/.m2/repository/com/maxmind/db/maxmind-db/1.2.2/maxmind-db-1.2.2.jar:/home/alex/.m2/repository/org/apache/derby/derby/10.14.2.0/derby-10.14.2.0.jar:/home/alex/.m2/repository/org/xerial/snappy/snappy-java/1.1.7.3/snappy-java-1.1.7.3.jar:/home/alex/.m2/repository/net/lingala/zip4j/zip4j/2.8.0/zip4j-2.8.0.jar:/home/alex/.m2/repository/com/h2database/h2/1.4.187/h2-1.4.187.jar:/home/alex/.m2/repository/org/mockftpserver/MockFtpServer/2.7.1/MockFtpServer-2.7.1.jar:/home/alex/.m2/repository/org/apache/sshd/sshd-core/1.7.0/sshd-core-1.7.0.jar:/home/alex/.m2/repository/com/bazaarvoice/jolt/jolt-core/0.1.1/jolt-core-0.1.1.jar:/home/alex/.m2/repository/javax/inject/javax.inject/1/javax.inject-1.jar:/home/alex/.m2/repository/com/bazaarvoice/jolt/json-utils/0.1.1/json-utils-0.1.1.jar:/home/alex/Repositories/nifi/nifi-nar-bundles/nifi-standard-bundle/nifi-standard-utils/target/classes:/home/alex/.m2/repository/net/sf/supercsv/super-csv/2.4.0/super-csv-2.4.0.jar:/home/alex/.m2/repository/com/fluenda/parcefone/2.1.0/parcefone-2.1.0.jar:/home/alex/.m2/repository/javax/validation/validation-api/1.1.0.Final/validation-api-1.1.0.Final.jar:/home/alex/.m2/repository/javax/el/javax.el-api/3.0.0/javax.el-api-3.0.0.jar:/home/alex/.m2/repository/com/github/wnameless/json/json-flattener/0.12.0/json-flattener-0.12.0.jar:/home/alex/.m2/repository/com/github/wnameless/json/json-base/2.0.0/json-base-2.0.0.jar:/home/alex/.m2/repository/org/apache/bval/bval-jsr/1.1.2/bval-jsr-1.1.2.jar:/home/alex/.m2/repository/org/apache/bval/bval-core/1.1.2/bval-core-1.1.2.jar:/home/alex/.m2/repository/io/krakens/java-grok/0.1.9/java-grok-0.1.9.jar:/home/alex/.m2/repository/org/apache/calcite/calcite-core/1.27.0/calcite-core-1.27.0.jar:/home/alex/.m2/repository/org/apache/calcite/calcite-linq4j/1.27.0/calcite-linq4j-1.27.0.jar:/home/alex/.m2/repository/com/esri/geometry/esri-geometry-api/2.2.0/esri-geometry-api-2.2.0.jar:/home/alex/.m2/repository/org/apache/calcite/avatica/avatica-core/1.18.0/avatica-core-1.18.0.jar:/home/alex/.m2/repository/org/apache/calcite/avatica/avatica-metrics/1.18.0/avatica-metrics-1.18.0.jar:/home/alex/.m2/repository/com/google/protobuf/protobuf-java/3.6.1/protobuf-java-3.6.1.jar:/home/alex/.m2/repository/org/apiguardian/apiguardian-api/1.1.0/apiguardian-api-1.1.0.jar:/home/alex/.m2/repository/com/fasterxml/jackson/dataformat/jackson-dataformat-yaml/2.10.0/jackson-dataformat-yaml-2.10.0.jar:/home/alex/.m2/repository/org/yaml/snakeyaml/1.29/snakeyaml-1.29.jar:/home/alex/.m2/repository/com/google/uzaygezen/uzaygezen-core/0.2/uzaygezen-core-0.2.jar:/home/alex/.m2/repository/com/yahoo/datasketches/sketches-core/0.9.0/sketches-core-0.9.0.jar:/home/alex/.m2/repository/com/yahoo/datasketches/memory/0.9.0/memory-0.9.0.jar:/home/alex/.m2/repository/net/hydromatic/aggdesigner-algorithm/6.0/aggdesigner-algorithm-6.0.jar:/home/alex/.m2/repository/commons-lang/commons-lang/2.4/commons-lang-2.4.jar:/home/alex/.m2/repository/org/apache/commons/commons-dbcp2/2.6.0/commons-dbcp2-2.6.0.jar:/home/alex/.m2/repository/org/apache/commons/commons-pool2/2.6.1/commons-pool2-2.6.1.jar:/home/alex/.m2/repository/org/codehaus/janino/commons-compiler/3.0.11/commons-compiler-3.0.11.jar:/home/alex/.m2/repository/org/codehaus/janino/janino/3.0.11/janino-3.0.11.jar:/home/alex/Repositories/nifi/nifi-nar-bundles/nifi-standard-services/nifi-schema-registry-service-api/target/classes:/home/alex/Repositories/nifi/nifi-nar-bundles/nifi-extension-utils/nifi-database-utils/target/classes:/home/alex/Repositories/nifi/nifi-nar-bundles/nifi-standard-bundle/nifi-standard-web-test-utils/target/classes:/home/alex/.m2/repository/com/github/stefanbirkner/fake-sftp-server-rule/2.0.1/fake-sftp-server-rule-2.0.1.jar:/home/alex/.m2/repository/com/github/marschall/memoryfilesystem/2.8.0/memoryfilesystem-2.8.0.jar:/home/alex/.m2/repository/junit/junit/4.13.2/junit-4.13.2.jar:/home/alex/.m2/repository/org/hamcrest/hamcrest-core/1.3/hamcrest-core-1.3.jar:/home/alex/Repositories/nifi/nifi-nar-bundles/nifi-extension-utils/nifi-database-test-utils/target/classes:/home/alex/.m2/repository/org/codehaus/groovy/groovy-json/2.5.14/groovy-json-2.5.14.jar:/home/alex/.m2/repository/org/codehaus/groovy/groovy/2.5.14/groovy-2.5.14.jar:/home/alex/.m2/repository/org/codehaus/groovy/groovy-servlet/2.5.14/groovy-servlet-2.5.14.jar:/home/alex/.m2/repository/org/codehaus/groovy/groovy-templates/2.5.14/groovy-templates-2.5.14.jar:/home/alex/.m2/repository/org/codehaus/groovy/groovy-xml/2.5.14/groovy-xml-2.5.14.jar:/home/alex/.m2/repository/org/hamcrest/hamcrest-all/1.3/hamcrest-all-1.3.jar:/home/alex/.m2/repository/com/squareup/okhttp3/mockwebserver/4.9.2/mockwebserver-4.9.2.jar:/home/alex/.m2/repository/org/jetbrains/kotlin/kotlin-stdlib-jdk8/1.4.10/kotlin-stdlib-jdk8-1.4.10.jar:/home/alex/.m2/repository/org/jetbrains/kotlin/kotlin-stdlib-jdk7/1.4.10/kotlin-stdlib-jdk7-1.4.10.jar:/home/alex/.m2/repository/org/mockito/mockito-inline/3.12.4/mockito-inline-3.12.4.jar:/home/alex/.m2/repository/org/junit/jupiter/junit-jupiter-api/5.7.2/junit-jupiter-api-5.7.2.jar:/home/alex/.m2/repository/org/opentest4j/opentest4j/1.2.0/opentest4j-1.2.0.jar:/home/alex/.m2/repository/org/junit/platform/junit-platform-commons/1.7.2/junit-platform-commons-1.7.2.jar:/home/alex/.m2/repository/org/junit/jupiter/junit-jupiter-engine/5.7.2/junit-jupiter-engine-5.7.2.jar:/home/alex/.m2/repository/org/junit/platform/junit-platform-engine/1.7.2/junit-platform-engine-1.7.2.jar:/home/alex/.m2/repository/org/junit/vintage/junit-vintage-engine/5.7.2/junit-vintage-engine-5.7.2.jar:/home/alex/.m2/repository/org/junit/jupiter/junit-jupiter-params/5.7.2/junit-jupiter-params-5.7.2.jar:/home/alex/.m2/repository/org/mockito/mockito-core/3.11.2/mockito-core-3.11.2.jar:/home/alex/.m2/repository/net/bytebuddy/byte-buddy/1.11.3/byte-buddy-1.11.3.jar:/home/alex/.m2/repository/net/bytebuddy/byte-buddy-agent/1.11.3/byte-buddy-agent-1.11.3.jar:/home/alex/.m2/repository/org/objenesis/objenesis/3.2/objenesis-3.2.jar:/home/alex/.m2/repository/org/mockito/mockito-junit-jupiter/3.11.2/mockito-junit-jupiter-3.11.2.jar:/home/alex/.m2/repository/org/slf4j/slf4j-simple/1.7.32/slf4j-simple-1.7.32.jar:/home/alex/.m2/repository/org/codehaus/groovy/groovy-test/2.5.14/groovy-test-2.5.14.jar:"/>
    <property name="sun.cpu.endian" value="little"/>
    <property name="user.home" value="/home/alex"/>
    <property name="user.language" value="en"/>
    <property name="java.specification.vendor" value="Oracle Corporation"/>
    <property name="java.home" value="/usr/lib/jvm/java-8-openjdk-amd64/jre"/>
    <property name="basedir" value="/home/alex/Repositories/nifi/nifi-nar-bundles/nifi-standard-bundle/nifi-standard-processors"/>
    <property name="file.separator" value="/"/>
    <property name="line.separator" value="&#10;"/>
    <property name="java.vm.specification.vendor" value="Oracle Corporation"/>
    <property name="java.specification.name" value="Java Platform API Specification"/>
    <property name="derby.stream.error.file" value="target/derby.log"/>
    <property name="java.awt.graphicsenv" value="sun.awt.X11GraphicsEnvironment"/>
    <property name="org.slf4j.simpleLogger.log.org.apache.nifi.processors.standard.SQLTransform" value="debug"/>
    <property name="java.awt.headless" value="true"/>
    <property name="org.slf4j.simpleLogger.showDateTime" value="true"/>
    <property name="surefire.real.class.path" value="/home/alex/Repositories/nifi/nifi-nar-bundles/nifi-standard-bundle/nifi-standard-processors/target/surefire/surefirebooter9102486319766494456.jar"/>
    <property name="sun.boot.class.path" value="/usr/lib/jvm/java-8-openjdk-amd64/jre/lib/resources.jar:/usr/lib/jvm/java-8-openjdk-amd64/jre/lib/rt.jar:/usr/lib/jvm/java-8-openjdk-amd64/jre/lib/sunrsasign.jar:/usr/lib/jvm/java-8-openjdk-amd64/jre/lib/jsse.jar:/usr/lib/jvm/java-8-openjdk-amd64/jre/lib/jce.jar:/usr/lib/jvm/java-8-openjdk-amd64/jre/lib/charsets.jar:/usr/lib/jvm/java-8-openjdk-amd64/jre/lib/jfr.jar:/usr/lib/jvm/java-8-openjdk-amd64/jre/classes"/>
    <property name="sun.management.compiler" value="HotSpot 64-Bit Tiered Compilers"/>
    <property name="java.runtime.version" value="1.8.0_402-8u402-ga-2ubuntu1~22.04-b06"/>
    <property name="java.net.preferIPv4Stack" value="true"/>
    <property name="user.name" value="alex"/>
    <property name="path.separator" value=":"/>
    <property name="os.version" value="6.5.0-28-generic"/>
    <property name="java.endorsed.dirs" value="/usr/lib/jvm/java-8-openjdk-amd64/jre/lib/endorsed"/>
    <property name="java.runtime.name" value="OpenJDK Runtime Environment"/>
    <property name="file.encoding" value="UTF-8"/>
    <property name="sun.nio.ch.bugLevel" value=""/>
    <property name="java.vm.name" value="OpenJDK 64-Bit Server VM"/>
    <property name="localRepository" value="/home/alex/.m2/repository"/>
    <property name="java.vendor.url.bug" value="http://bugreport.sun.com/bugreport/"/>
    <property name="java.io.tmpdir" value="/tmp"/>
    <property name="java.version" value="1.8.0_402"/>
    <property name="user.dir" value="/home/alex/Repositories/nifi/nifi-nar-bundles/nifi-standard-bundle/nifi-standard-processors"/>
    <property name="os.arch" value="amd64"/>
    <property name="java.vm.specification.name" value="Java Virtual Machine Specification"/>
    <property name="java.awt.printerjob" value="sun.print.PSPrinterJob"/>
    <property name="sun.os.patch.level" value="unknown"/>
    <property name="org.slf4j.simpleLogger.defaultLogLevel" value="info"/>
    <property name="java.library.path" value="/usr/java/packages/lib/amd64:/usr/lib/x86_64-linux-gnu/jni:/lib/x86_64-linux-gnu:/usr/lib/x86_64-linux-gnu:/usr/lib/jni:/lib:/usr/lib"/>
    <property name="java.vm.info" value="mixed mode"/>
    <property name="java.vendor" value="Private Build"/>
    <property name="java.vm.version" value="25.402-b06"/>
    <property name="java.specification.maintenance.version" value="5"/>
    <property name="java.ext.dirs" value="/usr/lib/jvm/java-8-openjdk-amd64/jre/lib/ext:/usr/java/packages/lib/ext"/>
    <property name="sun.io.unicode.encoding" value="UnicodeLittle"/>
    <property name="java.class.version" value="52.0"/>
  </properties>
  <testcase name="testShouldCalculateHashOfEmptyContent" classname="org.apache.nifi.processors.standard.CryptographicHashContentTest" time="0.023">
    <system-err><![CDATA[[main] INFO org.apache.nifi.processors.standard.CryptographicHashContentTest - Expected         MD2: 8350e5a3e24c153df2275c9f80692773
[main] INFO org.apache.nifi.processors.standard.CryptographicHashContentTest - Setting hash algorithm to MD2
[pool-1396-thread-1] INFO org.apache.nifi.processors.standard.CryptographicHashContent - CryptographicHashContent[id=869eee6f-caf0-4ff5-8eb2-2e7cc8434a66] Successfully added attribute 'content_MD2' to FlowFile[0,97537011291416.mockFlowFile,0B] with a value of 8350e5a3e24c153df2275c9f80692773; routing to success
[main] INFO org.apache.nifi.processors.standard.CryptographicHashContentTest - flowfile.content_MD2 = 8350e5a3e24c153df2275c9f80692773
[main] INFO org.apache.nifi.processors.standard.CryptographicHashContentTest - Expected         MD5: d41d8cd98f00b204e9800998ecf8427e
[main] INFO org.apache.nifi.processors.standard.CryptographicHashContentTest - Setting hash algorithm to MD5
[pool-1397-thread-1] INFO org.apache.nifi.processors.standard.CryptographicHashContent - CryptographicHashContent[id=869eee6f-caf0-4ff5-8eb2-2e7cc8434a66] Successfully added attribute 'content_MD5' to FlowFile[1,97537013096480.mockFlowFile,0B] with a value of d41d8cd98f00b204e9800998ecf8427e; routing to success
[main] INFO org.apache.nifi.processors.standard.CryptographicHashContentTest - flowfile.content_MD5 = d41d8cd98f00b204e9800998ecf8427e
[main] INFO org.apache.nifi.processors.standard.CryptographicHashContentTest - Expected       SHA-1: da39a3ee5e6b4b0d3255bfef95601890afd80709
[main] INFO org.apache.nifi.processors.standard.CryptographicHashContentTest - Setting hash algorithm to SHA-1
[pool-1398-thread-1] INFO org.apache.nifi.processors.standard.CryptographicHashContent - CryptographicHashContent[id=869eee6f-caf0-4ff5-8eb2-2e7cc8434a66] Successfully added attribute 'content_SHA-1' to FlowFile[2,97537013758751.mockFlowFile,0B] with a value of da39a3ee5e6b4b0d3255bfef95601890afd80709; routing to success
[main] INFO org.apache.nifi.processors.standard.CryptographicHashContentTest - flowfile.content_SHA-1 = da39a3ee5e6b4b0d3255bfef95601890afd80709
[main] INFO org.apache.nifi.processors.standard.CryptographicHashContentTest - Expected     SHA-224: d14a028c2a3a2bc9476102bb288234c415a2b01f828ea62ac5b3e42f
[main] INFO org.apache.nifi.processors.standard.CryptographicHashContentTest - Setting hash algorithm to SHA-224
[pool-1399-thread-1] INFO org.apache.nifi.processors.standard.CryptographicHashContent - CryptographicHashContent[id=869eee6f-caf0-4ff5-8eb2-2e7cc8434a66] Successfully added attribute 'content_SHA-224' to FlowFile[3,97537014284236.mockFlowFile,0B] with a value of d14a028c2a3a2bc9476102bb288234c415a2b01f828ea62ac5b3e42f; routing to success
[main] INFO org.apache.nifi.processors.standard.CryptographicHashContentTest - flowfile.content_SHA-224 = d14a028c2a3a2bc9476102bb288234c415a2b01f828ea62ac5b3e42f
[main] INFO org.apache.nifi.processors.standard.CryptographicHashContentTest - Expected     SHA-256: e3b0c44298fc1c149afbf4c8996fb92427ae41e4649b934ca495991b7852b855
[main] INFO org.apache.nifi.processors.standard.CryptographicHashContentTest - Setting hash algorithm to SHA-256
[pool-1400-thread-1] INFO org.apache.nifi.processors.standard.CryptographicHashContent - CryptographicHashContent[id=869eee6f-caf0-4ff5-8eb2-2e7cc8434a66] Successfully added attribute 'content_SHA-256' to FlowFile[4,97537014780680.mockFlowFile,0B] with a value of e3b0c44298fc1c149afbf4c8996fb92427ae41e4649b934ca495991b7852b855; routing to success
[main] INFO org.apache.nifi.processors.standard.CryptographicHashContentTest - flowfile.content_SHA-256 = e3b0c44298fc1c149afbf4c8996fb92427ae41e4649b934ca495991b7852b855
[main] INFO org.apache.nifi.processors.standard.CryptographicHashContentTest - Expected     SHA-384: 38b060a751ac96384cd9327eb1b1e36a21fdb71114be07434c0cc7bf63f6e1da274edebfe76f65fbd51ad2f14898b95b
[main] INFO org.apache.nifi.processors.standard.CryptographicHashContentTest - Setting hash algorithm to SHA-384
[pool-1401-thread-1] INFO org.apache.nifi.processors.standard.CryptographicHashContent - CryptographicHashContent[id=869eee6f-caf0-4ff5-8eb2-2e7cc8434a66] Successfully added attribute 'content_SHA-384' to FlowFile[5,97537015310087.mockFlowFile,0B] with a value of 38b060a751ac96384cd9327eb1b1e36a21fdb71114be07434c0cc7bf63f6e1da274edebfe76f65fbd51ad2f14898b95b; routing to success
[main] INFO org.apache.nifi.processors.standard.CryptographicHashContentTest - flowfile.content_SHA-384 = 38b060a751ac96384cd9327eb1b1e36a21fdb71114be07434c0cc7bf63f6e1da274edebfe76f65fbd51ad2f14898b95b
[main] INFO org.apache.nifi.processors.standard.CryptographicHashContentTest - Expected     SHA-512: cf83e1357eefb8bdf1542850d66d8007d620e4050b5715dc83f4a921d36ce9ce47d0d13c5d85f2b0ff8318d2877eec2f63b931bd47417a81a538327af927da3e
[main] INFO org.apache.nifi.processors.standard.CryptographicHashContentTest - Setting hash algorithm to SHA-512
[pool-1402-thread-1] INFO org.apache.nifi.processors.standard.CryptographicHashContent - CryptographicHashContent[id=869eee6f-caf0-4ff5-8eb2-2e7cc8434a66] Successfully added attribute 'content_SHA-512' to FlowFile[6,97537015789897.mockFlowFile,0B] with a value of cf83e1357eefb8bdf1542850d66d8007d620e4050b5715dc83f4a921d36ce9ce47d0d13c5d85f2b0ff8318d2877eec2f63b931bd47417a81a538327af927da3e; routing to success
[main] INFO org.apache.nifi.processors.standard.CryptographicHashContentTest - flowfile.content_SHA-512 = cf83e1357eefb8bdf1542850d66d8007d620e4050b5715dc83f4a921d36ce9ce47d0d13c5d85f2b0ff8318d2877eec2f63b931bd47417a81a538327af927da3e
[main] INFO org.apache.nifi.processors.standard.CryptographicHashContentTest - Expected SHA-512/224: 6ed0dd02806fa89e25de060c19d3ac86cabb87d6a0ddd05c333b84f4
[main] INFO org.apache.nifi.processors.standard.CryptographicHashContentTest - Setting hash algorithm to SHA-512/224
[pool-1403-thread-1] INFO org.apache.nifi.processors.standard.CryptographicHashContent - CryptographicHashContent[id=869eee6f-caf0-4ff5-8eb2-2e7cc8434a66] Successfully added attribute 'content_SHA-512/224' to FlowFile[7,97537016189204.mockFlowFile,0B] with a value of 6ed0dd02806fa89e25de060c19d3ac86cabb87d6a0ddd05c333b84f4; routing to success
[main] INFO org.apache.nifi.processors.standard.CryptographicHashContentTest - flowfile.content_SHA-512/224 = 6ed0dd02806fa89e25de060c19d3ac86cabb87d6a0ddd05c333b84f4
[main] INFO org.apache.nifi.processors.standard.CryptographicHashContentTest - Expected SHA-512/256: c672b8d1ef56ed28ab87c3622c5114069bdd3ad7b8f9737498d0c01ecef0967a
[main] INFO org.apache.nifi.processors.standard.CryptographicHashContentTest - Setting hash algorithm to SHA-512/256
[pool-1404-thread-1] INFO org.apache.nifi.processors.standard.CryptographicHashContent - CryptographicHashContent[id=869eee6f-caf0-4ff5-8eb2-2e7cc8434a66] Successfully added attribute 'content_SHA-512/256' to FlowFile[8,97537016675717.mockFlowFile,0B] with a value of c672b8d1ef56ed28ab87c3622c5114069bdd3ad7b8f9737498d0c01ecef0967a; routing to success
[main] INFO org.apache.nifi.processors.standard.CryptographicHashContentTest - flowfile.content_SHA-512/256 = c672b8d1ef56ed28ab87c3622c5114069bdd3ad7b8f9737498d0c01ecef0967a
[main] INFO org.apache.nifi.processors.standard.CryptographicHashContentTest - Expected    SHA3-224: 6b4e03423667dbb73b6e15454f0eb1abd4597f9a1b078e3f5b5a6bc7
[main] INFO org.apache.nifi.processors.standard.CryptographicHashContentTest - Setting hash algorithm to SHA3-224
[pool-1405-thread-1] INFO org.apache.nifi.processors.standard.CryptographicHashContent - CryptographicHashContent[id=869eee6f-caf0-4ff5-8eb2-2e7cc8434a66] Successfully added attribute 'content_SHA3-224' to FlowFile[9,97537017269951.mockFlowFile,0B] with a value of 6b4e03423667dbb73b6e15454f0eb1abd4597f9a1b078e3f5b5a6bc7; routing to success
[main] INFO org.apache.nifi.processors.standard.CryptographicHashContentTest - flowfile.content_SHA3-224 = 6b4e03423667dbb73b6e15454f0eb1abd4597f9a1b078e3f5b5a6bc7
[main] INFO org.apache.nifi.processors.standard.CryptographicHashContentTest - Expected    SHA3-256: a7ffc6f8bf1ed76651c14756a061d662f580ff4de43b49fa82d80a4b80f8434a
[main] INFO org.apache.nifi.processors.standard.CryptographicHashContentTest - Setting hash algorithm to SHA3-256
[pool-1406-thread-1] INFO org.apache.nifi.processors.standard.CryptographicHashContent - CryptographicHashContent[id=869eee6f-caf0-4ff5-8eb2-2e7cc8434a66] Successfully added attribute 'content_SHA3-256' to FlowFile[10,97537017865729.mockFlowFile,0B] with a value of a7ffc6f8bf1ed76651c14756a061d662f580ff4de43b49fa82d80a4b80f8434a; routing to success
[main] INFO org.apache.nifi.processors.standard.CryptographicHashContentTest - flowfile.content_SHA3-256 = a7ffc6f8bf1ed76651c14756a061d662f580ff4de43b49fa82d80a4b80f8434a
[main] INFO org.apache.nifi.processors.standard.CryptographicHashContentTest - Expected    SHA3-384: 0c63a75b845e4f7d01107d852e4c2485c51a50aaaa94fc61995e71bbee983a2ac3713831264adb47fb6bd1e058d5f004
[main] INFO org.apache.nifi.processors.standard.CryptographicHashContentTest - Setting hash algorithm to SHA3-384
[pool-1407-thread-1] INFO org.apache.nifi.processors.standard.CryptographicHashContent - CryptographicHashContent[id=869eee6f-caf0-4ff5-8eb2-2e7cc8434a66] Successfully added attribute 'content_SHA3-384' to FlowFile[11,97537018485884.mockFlowFile,0B] with a value of 0c63a75b845e4f7d01107d852e4c2485c51a50aaaa94fc61995e71bbee983a2ac3713831264adb47fb6bd1e058d5f004; routing to success
[main] INFO org.apache.nifi.processors.standard.CryptographicHashContentTest - flowfile.content_SHA3-384 = 0c63a75b845e4f7d01107d852e4c2485c51a50aaaa94fc61995e71bbee983a2ac3713831264adb47fb6bd1e058d5f004
[main] INFO org.apache.nifi.processors.standard.CryptographicHashContentTest - Expected    SHA3-512: a69f73cca23a9ac5c8b567dc185a756e97c982164fe25859e0d1dcc1475c80a615b2123af1f5f94c11e3e9402c3ac558f500199d95b6d3e301758586281dcd26
[main] INFO org.apache.nifi.processors.standard.CryptographicHashContentTest - Setting hash algorithm to SHA3-512
[pool-1408-thread-1] INFO org.apache.nifi.processors.standard.CryptographicHashContent - CryptographicHashContent[id=869eee6f-caf0-4ff5-8eb2-2e7cc8434a66] Successfully added attribute 'content_SHA3-512' to FlowFile[12,97537019101071.mockFlowFile,0B] with a value of a69f73cca23a9ac5c8b567dc185a756e97c982164fe25859e0d1dcc1475c80a615b2123af1f5f94c11e3e9402c3ac558f500199d95b6d3e301758586281dcd26; routing to success
[main] INFO org.apache.nifi.processors.standard.CryptographicHashContentTest - flowfile.content_SHA3-512 = a69f73cca23a9ac5c8b567dc185a756e97c982164fe25859e0d1dcc1475c80a615b2123af1f5f94c11e3e9402c3ac558f500199d95b6d3e301758586281dcd26
[main] INFO org.apache.nifi.processors.standard.CryptographicHashContentTest - Expected  BLAKE2-160: 3345524abf6bbe1809449224b5972c41790b6cf2
[main] INFO org.apache.nifi.processors.standard.CryptographicHashContentTest - Setting hash algorithm to BLAKE2-160
[pool-1409-thread-1] INFO org.apache.nifi.processors.standard.CryptographicHashContent - CryptographicHashContent[id=869eee6f-caf0-4ff5-8eb2-2e7cc8434a66] Successfully added attribute 'content_BLAKE2-160' to FlowFile[13,97537019678544.mockFlowFile,0B] with a value of 3345524abf6bbe1809449224b5972c41790b6cf2; routing to success
[main] INFO org.apache.nifi.processors.standard.CryptographicHashContentTest - flowfile.content_BLAKE2-160 = 3345524abf6bbe1809449224b5972c41790b6cf2
[main] INFO org.apache.nifi.processors.standard.CryptographicHashContentTest - Expected  BLAKE2-256: 0e5751c026e543b2e8ab2eb06099daa1d1e5df47778f7787faab45cdf12fe3a8
[main] INFO org.apache.nifi.processors.standard.CryptographicHashContentTest - Setting hash algorithm to BLAKE2-256
[pool-1410-thread-1] INFO org.apache.nifi.processors.standard.CryptographicHashContent - CryptographicHashContent[id=869eee6f-caf0-4ff5-8eb2-2e7cc8434a66] Successfully added attribute 'content_BLAKE2-256' to FlowFile[14,97537020627675.mockFlowFile,0B] with a value of 0e5751c026e543b2e8ab2eb06099daa1d1e5df47778f7787faab45cdf12fe3a8; routing to success
[main] INFO org.apache.nifi.processors.standard.CryptographicHashContentTest - flowfile.content_BLAKE2-256 = 0e5751c026e543b2e8ab2eb06099daa1d1e5df47778f7787faab45cdf12fe3a8
[main] INFO org.apache.nifi.processors.standard.CryptographicHashContentTest - Expected  BLAKE2-384: b32811423377f52d7862286ee1a72ee540524380fda1724a6f25d7978c6fd3244a6caf0498812673c5e05ef583825100
[main] INFO org.apache.nifi.processors.standard.CryptographicHashContentTest - Setting hash algorithm to BLAKE2-384
[pool-1411-thread-1] INFO org.apache.nifi.processors.standard.CryptographicHashContent - CryptographicHashContent[id=869eee6f-caf0-4ff5-8eb2-2e7cc8434a66] Successfully added attribute 'content_BLAKE2-384' to FlowFile[15,97537021502839.mockFlowFile,0B] with a value of b32811423377f52d7862286ee1a72ee540524380fda1724a6f25d7978c6fd3244a6caf0498812673c5e05ef583825100; routing to success
[main] INFO org.apache.nifi.processors.standard.CryptographicHashContentTest - flowfile.content_BLAKE2-384 = b32811423377f52d7862286ee1a72ee540524380fda1724a6f25d7978c6fd3244a6caf0498812673c5e05ef583825100
[main] INFO org.apache.nifi.processors.standard.CryptographicHashContentTest - Expected  BLAKE2-512: 786a02f742015903c6c6fd852552d272912f4740e15847618a86e217f71f5419d25e1031afee585313896444934eb04b903a685b1448b755d56f701afe9be2ce
[main] INFO org.apache.nifi.processors.standard.CryptographicHashContentTest - Setting hash algorithm to BLAKE2-512
[pool-1412-thread-1] INFO org.apache.nifi.processors.standard.CryptographicHashContent - CryptographicHashContent[id=869eee6f-caf0-4ff5-8eb2-2e7cc8434a66] Successfully added attribute 'content_BLAKE2-512' to FlowFile[16,97537022059341.mockFlowFile,0B] with a value of 786a02f742015903c6c6fd852552d272912f4740e15847618a86e217f71f5419d25e1031afee585313896444934eb04b903a685b1448b755d56f701afe9be2ce; routing to success
[main] INFO org.apache.nifi.processors.standard.CryptographicHashContentTest - flowfile.content_BLAKE2-512 = 786a02f742015903c6c6fd852552d272912f4740e15847618a86e217f71f5419d25e1031afee585313896444934eb04b903a685b1448b755d56f701afe9be2ce
]]></system-err>
  </testcase>
  <testcase name="testShouldCalculateHashOfContentWithIncorrectSizeAttribute" classname="org.apache.nifi.processors.standard.CryptographicHashContentTest" time="0.014">
    <system-err><![CDATA[[main] INFO org.apache.nifi.processors.standard.CryptographicHashContentTest - Expected         MD2: 25d261790198fa543b3436b4755ded91
[main] INFO org.apache.nifi.processors.standard.CryptographicHashContentTest - Setting hash algorithm to MD2
[pool-1413-thread-1] INFO org.apache.nifi.processors.standard.CryptographicHashContent - CryptographicHashContent[id=2b4ba01b-99e7-42aa-aadd-ca04c48c18c1] Successfully added attribute 'content_MD2' to FlowFile[0,97537025202897.mockFlowFile,10B] with a value of 25d261790198fa543b3436b4755ded91; routing to success
[main] INFO org.apache.nifi.processors.standard.CryptographicHashContentTest - flowfile.content_MD2 = 25d261790198fa543b3436b4755ded91
[main] INFO org.apache.nifi.processors.standard.CryptographicHashContentTest - Expected         MD5: a968b5ec1d52449963dcc517789baaaf
[main] INFO org.apache.nifi.processors.standard.CryptographicHashContentTest - Setting hash algorithm to MD5
[pool-1414-thread-1] INFO org.apache.nifi.processors.standard.CryptographicHashContent - CryptographicHashContent[id=2b4ba01b-99e7-42aa-aadd-ca04c48c18c1] Successfully added attribute 'content_MD5' to FlowFile[1,97537026203781.mockFlowFile,10B] with a value of a968b5ec1d52449963dcc517789baaaf; routing to success
[main] INFO org.apache.nifi.processors.standard.CryptographicHashContentTest - flowfile.content_MD5 = a968b5ec1d52449963dcc517789baaaf
[main] INFO org.apache.nifi.processors.standard.CryptographicHashContentTest - Expected       SHA-1: 749806dbcab91a695ac85959aca610d84f03c6a7
[main] INFO org.apache.nifi.processors.standard.CryptographicHashContentTest - Setting hash algorithm to SHA-1
[pool-1415-thread-1] INFO org.apache.nifi.processors.standard.CryptographicHashContent - CryptographicHashContent[id=2b4ba01b-99e7-42aa-aadd-ca04c48c18c1] Successfully added attribute 'content_SHA-1' to FlowFile[2,97537026781294.mockFlowFile,10B] with a value of 749806dbcab91a695ac85959aca610d84f03c6a7; routing to success
[main] INFO org.apache.nifi.processors.standard.CryptographicHashContentTest - flowfile.content_SHA-1 = 749806dbcab91a695ac85959aca610d84f03c6a7
[main] INFO org.apache.nifi.processors.standard.CryptographicHashContentTest - Expected     SHA-224: 4933803881a4ccb9b3453b829263d3e44852765db12958267ad46135
[main] INFO org.apache.nifi.processors.standard.CryptographicHashContentTest - Setting hash algorithm to SHA-224
[pool-1416-thread-1] INFO org.apache.nifi.processors.standard.CryptographicHashContent - CryptographicHashContent[id=2b4ba01b-99e7-42aa-aadd-ca04c48c18c1] Successfully added attribute 'content_SHA-224' to FlowFile[3,97537027294661.mockFlowFile,10B] with a value of 4933803881a4ccb9b3453b829263d3e44852765db12958267ad46135; routing to success
[main] INFO org.apache.nifi.processors.standard.CryptographicHashContentTest - flowfile.content_SHA-224 = 4933803881a4ccb9b3453b829263d3e44852765db12958267ad46135
[main] INFO org.apache.nifi.processors.standard.CryptographicHashContentTest - Expected     SHA-256: dc4bd945723b9c234f1be408e8ceb78660b481008b8ab5b71eb2aa3b4f08357a
[main] INFO org.apache.nifi.processors.standard.CryptographicHashContentTest - Setting hash algorithm to SHA-256
[pool-1417-thread-1] INFO org.apache.nifi.processors.standard.CryptographicHashContent - CryptographicHashContent[id=2b4ba01b-99e7-42aa-aadd-ca04c48c18c1] Successfully added attribute 'content_SHA-256' to FlowFile[4,97537028108801.mockFlowFile,10B] with a value of dc4bd945723b9c234f1be408e8ceb78660b481008b8ab5b71eb2aa3b4f08357a; routing to success
[main] INFO org.apache.nifi.processors.standard.CryptographicHashContentTest - flowfile.content_SHA-256 = dc4bd945723b9c234f1be408e8ceb78660b481008b8ab5b71eb2aa3b4f08357a
[main] INFO org.apache.nifi.processors.standard.CryptographicHashContentTest - Expected     SHA-384: a5205271df448e55afc4a553e91a8fea7d60d080d390d1f3484fcb6318abe94174cf3d36ea4eb1a4d5ed7637c99dec0c
[main] INFO org.apache.nifi.processors.standard.CryptographicHashContentTest - Setting hash algorithm to SHA-384
[pool-1418-thread-1] INFO org.apache.nifi.processors.standard.CryptographicHashContent - CryptographicHashContent[id=2b4ba01b-99e7-42aa-aadd-ca04c48c18c1] Successfully added attribute 'content_SHA-384' to FlowFile[5,97537028716770.mockFlowFile,10B] with a value of a5205271df448e55afc4a553e91a8fea7d60d080d390d1f3484fcb6318abe94174cf3d36ea4eb1a4d5ed7637c99dec0c; routing to success
[main] INFO org.apache.nifi.processors.standard.CryptographicHashContentTest - flowfile.content_SHA-384 = a5205271df448e55afc4a553e91a8fea7d60d080d390d1f3484fcb6318abe94174cf3d36ea4eb1a4d5ed7637c99dec0c
[main] INFO org.apache.nifi.processors.standard.CryptographicHashContentTest - Expected     SHA-512: 0846ae23e122fbe090e94d45f886aa786acf426f56496e816a64e292b78c1bb7a962dbfd32c5c73bbee432db400970e22fd65498c862da72a305311332c6f302
[main] INFO org.apache.nifi.processors.standard.CryptographicHashContentTest - Setting hash algorithm to SHA-512
[pool-1419-thread-1] INFO org.apache.nifi.processors.standard.CryptographicHashContent - CryptographicHashContent[id=2b4ba01b-99e7-42aa-aadd-ca04c48c18c1] Successfully added attribute 'content_SHA-512' to FlowFile[6,97537029351431.mockFlowFile,10B] with a value of 0846ae23e122fbe090e94d45f886aa786acf426f56496e816a64e292b78c1bb7a962dbfd32c5c73bbee432db400970e22fd65498c862da72a305311332c6f302; routing to success
[main] INFO org.apache.nifi.processors.standard.CryptographicHashContentTest - flowfile.content_SHA-512 = 0846ae23e122fbe090e94d45f886aa786acf426f56496e816a64e292b78c1bb7a962dbfd32c5c73bbee432db400970e22fd65498c862da72a305311332c6f302
[main] INFO org.apache.nifi.processors.standard.CryptographicHashContentTest - Expected SHA-512/224: ecf78a026035528e3097ea7289257d1819d273f60636060fbba43bfb
[main] INFO org.apache.nifi.processors.standard.CryptographicHashContentTest - Setting hash algorithm to SHA-512/224
[pool-1420-thread-1] INFO org.apache.nifi.processors.standard.CryptographicHashContent - CryptographicHashContent[id=2b4ba01b-99e7-42aa-aadd-ca04c48c18c1] Successfully added attribute 'content_SHA-512/224' to FlowFile[7,97537029896368.mockFlowFile,10B] with a value of ecf78a026035528e3097ea7289257d1819d273f60636060fbba43bfb; routing to success
[main] INFO org.apache.nifi.processors.standard.CryptographicHashContentTest - flowfile.content_SHA-512/224 = ecf78a026035528e3097ea7289257d1819d273f60636060fbba43bfb
[main] INFO org.apache.nifi.processors.standard.CryptographicHashContentTest - Expected SHA-512/256: d90bdd8ad7e19f2d7848a45782d5dbe056a8213a94e03d9a35d6f44dbe7ee6cd
[main] INFO org.apache.nifi.processors.standard.CryptographicHashContentTest - Setting hash algorithm to SHA-512/256
[pool-1421-thread-1] INFO org.apache.nifi.processors.standard.CryptographicHashContent - CryptographicHashContent[id=2b4ba01b-99e7-42aa-aadd-ca04c48c18c1] Successfully added attribute 'content_SHA-512/256' to FlowFile[8,97537030409138.mockFlowFile,10B] with a value of d90bdd8ad7e19f2d7848a45782d5dbe056a8213a94e03d9a35d6f44dbe7ee6cd; routing to success
[main] INFO org.apache.nifi.processors.standard.CryptographicHashContentTest - flowfile.content_SHA-512/256 = d90bdd8ad7e19f2d7848a45782d5dbe056a8213a94e03d9a35d6f44dbe7ee6cd
[main] INFO org.apache.nifi.processors.standard.CryptographicHashContentTest - Expected    SHA3-224: 2e9d1ea677847dce686ca2444cc4525f114443652fcb55af4c7286cd
[main] INFO org.apache.nifi.processors.standard.CryptographicHashContentTest - Setting hash algorithm to SHA3-224
[pool-1422-thread-1] INFO org.apache.nifi.processors.standard.CryptographicHashContent - CryptographicHashContent[id=2b4ba01b-99e7-42aa-aadd-ca04c48c18c1] Successfully added attribute 'content_SHA3-224' to FlowFile[9,97537030999796.mockFlowFile,10B] with a value of 2e9d1ea677847dce686ca2444cc4525f114443652fcb55af4c7286cd; routing to success
[main] INFO org.apache.nifi.processors.standard.CryptographicHashContentTest - flowfile.content_SHA3-224 = 2e9d1ea677847dce686ca2444cc4525f114443652fcb55af4c7286cd
[main] INFO org.apache.nifi.processors.standard.CryptographicHashContentTest - Expected    SHA3-256: b1b3cd90a21ef60caba5ec1bf12ffcb833e52a0ae26f0ab7c4f9ccfa9c5c025b
[main] INFO org.apache.nifi.processors.standard.CryptographicHashContentTest - Setting hash algorithm to SHA3-256
[pool-1423-thread-1] INFO org.apache.nifi.processors.standard.CryptographicHashContent - CryptographicHashContent[id=2b4ba01b-99e7-42aa-aadd-ca04c48c18c1] Successfully added attribute 'content_SHA3-256' to FlowFile[10,97537031965814.mockFlowFile,10B] with a value of b1b3cd90a21ef60caba5ec1bf12ffcb833e52a0ae26f0ab7c4f9ccfa9c5c025b; routing to success
[main] INFO org.apache.nifi.processors.standard.CryptographicHashContentTest - flowfile.content_SHA3-256 = b1b3cd90a21ef60caba5ec1bf12ffcb833e52a0ae26f0ab7c4f9ccfa9c5c025b
[main] INFO org.apache.nifi.processors.standard.CryptographicHashContentTest - Expected    SHA3-384: ca699a2447032857bf4f7e84fa316264f0c1870f9330031d5d75a0770644353c268b36d0522a3cf62e60f9401aadc37c
[main] INFO org.apache.nifi.processors.standard.CryptographicHashContentTest - Setting hash algorithm to SHA3-384
[pool-1424-thread-1] INFO org.apache.nifi.processors.standard.CryptographicHashContent - CryptographicHashContent[id=2b4ba01b-99e7-42aa-aadd-ca04c48c18c1] Successfully added attribute 'content_SHA3-384' to FlowFile[11,97537032703540.mockFlowFile,10B] with a value of ca699a2447032857bf4f7e84fa316264f0c1870f9330031d5d75a0770644353c268b36d0522a3cf62e60f9401aadc37c; routing to success
[main] INFO org.apache.nifi.processors.standard.CryptographicHashContentTest - flowfile.content_SHA3-384 = ca699a2447032857bf4f7e84fa316264f0c1870f9330031d5d75a0770644353c268b36d0522a3cf62e60f9401aadc37c
[main] INFO org.apache.nifi.processors.standard.CryptographicHashContentTest - Expected    SHA3-512: cb9059d9b7ec4fde4d9710160a694e7ac2a4dd9969dee43d730066ded7b80d3eefdb4cae7622d21f6cfe16092e24f1ad6ca5924767118667654cf71b7abaaca4
[main] INFO org.apache.nifi.processors.standard.CryptographicHashContentTest - Setting hash algorithm to SHA3-512
[pool-1425-thread-1] INFO org.apache.nifi.processors.standard.CryptographicHashContent - CryptographicHashContent[id=2b4ba01b-99e7-42aa-aadd-ca04c48c18c1] Successfully added attribute 'content_SHA3-512' to FlowFile[12,97537033339430.mockFlowFile,10B] with a value of cb9059d9b7ec4fde4d9710160a694e7ac2a4dd9969dee43d730066ded7b80d3eefdb4cae7622d21f6cfe16092e24f1ad6ca5924767118667654cf71b7abaaca4; routing to success
[main] INFO org.apache.nifi.processors.standard.CryptographicHashContentTest - flowfile.content_SHA3-512 = cb9059d9b7ec4fde4d9710160a694e7ac2a4dd9969dee43d730066ded7b80d3eefdb4cae7622d21f6cfe16092e24f1ad6ca5924767118667654cf71b7abaaca4
[main] INFO org.apache.nifi.processors.standard.CryptographicHashContentTest - Expected  BLAKE2-160: 7bc5a408dba4f1934d9090c4d75c65bfa0c7c90c
[main] INFO org.apache.nifi.processors.standard.CryptographicHashContentTest - Setting hash algorithm to BLAKE2-160
[pool-1426-thread-1] INFO org.apache.nifi.processors.standard.CryptographicHashContent - CryptographicHashContent[id=2b4ba01b-99e7-42aa-aadd-ca04c48c18c1] Successfully added attribute 'content_BLAKE2-160' to FlowFile[13,97537033898288.mockFlowFile,10B] with a value of 7bc5a408dba4f1934d9090c4d75c65bfa0c7c90c; routing to success
[main] INFO org.apache.nifi.processors.standard.CryptographicHashContentTest - flowfile.content_BLAKE2-160 = 7bc5a408dba4f1934d9090c4d75c65bfa0c7c90c
[main] INFO org.apache.nifi.processors.standard.CryptographicHashContentTest - Expected  BLAKE2-256: 40b8935dc5ed153846fb08dac8e7999ba04a74f4dab28415c39847a15c211447
[main] INFO org.apache.nifi.processors.standard.CryptographicHashContentTest - Setting hash algorithm to BLAKE2-256
[pool-1427-thread-1] INFO org.apache.nifi.processors.standard.CryptographicHashContent - CryptographicHashContent[id=2b4ba01b-99e7-42aa-aadd-ca04c48c18c1] Successfully added attribute 'content_BLAKE2-256' to FlowFile[14,97537034408437.mockFlowFile,10B] with a value of 40b8935dc5ed153846fb08dac8e7999ba04a74f4dab28415c39847a15c211447; routing to success
[main] INFO org.apache.nifi.processors.standard.CryptographicHashContentTest - flowfile.content_BLAKE2-256 = 40b8935dc5ed153846fb08dac8e7999ba04a74f4dab28415c39847a15c211447
[main] INFO org.apache.nifi.processors.standard.CryptographicHashContentTest - Expected  BLAKE2-384: 40716eddc8cfcf666d980804fed294c43fe9436a9787367a3086b45d69791fd5cef1a16c17235ea289c1e40a899b4f6b
[main] INFO org.apache.nifi.processors.standard.CryptographicHashContentTest - Setting hash algorithm to BLAKE2-384
[pool-1428-thread-1] INFO org.apache.nifi.processors.standard.CryptographicHashContent - CryptographicHashContent[id=2b4ba01b-99e7-42aa-aadd-ca04c48c18c1] Successfully added attribute 'content_BLAKE2-384' to FlowFile[15,97537035123895.mockFlowFile,10B] with a value of 40716eddc8cfcf666d980804fed294c43fe9436a9787367a3086b45d69791fd5cef1a16c17235ea289c1e40a899b4f6b; routing to success
[main] INFO org.apache.nifi.processors.standard.CryptographicHashContentTest - flowfile.content_BLAKE2-384 = 40716eddc8cfcf666d980804fed294c43fe9436a9787367a3086b45d69791fd5cef1a16c17235ea289c1e40a899b4f6b
[main] INFO org.apache.nifi.processors.standard.CryptographicHashContentTest - Expected  BLAKE2-512: 5f34525b130c11c469302ef6734bf6eedb1eca5d7445a3c4ae289ab58dd13ef72531966bfe2f67c4bf49c99dd14dae92d245f241482307d29bf25c45a1085026
[main] INFO org.apache.nifi.processors.standard.CryptographicHashContentTest - Setting hash algorithm to BLAKE2-512
[pool-1429-thread-1] INFO org.apache.nifi.processors.standard.CryptographicHashContent - CryptographicHashContent[id=2b4ba01b-99e7-42aa-aadd-ca04c48c18c1] Successfully added attribute 'content_BLAKE2-512' to FlowFile[16,97537035653330.mockFlowFile,10B] with a value of 5f34525b130c11c469302ef6734bf6eedb1eca5d7445a3c4ae289ab58dd13ef72531966bfe2f67c4bf49c99dd14dae92d245f241482307d29bf25c45a1085026; routing to success
[main] INFO org.apache.nifi.processors.standard.CryptographicHashContentTest - flowfile.content_BLAKE2-512 = 5f34525b130c11c469302ef6734bf6eedb1eca5d7445a3c4ae289ab58dd13ef72531966bfe2f67c4bf49c99dd14dae92d245f241482307d29bf25c45a1085026
]]></system-err>
  </testcase>
  <testcase name="testShouldCalculateHashOfPresentContent" classname="org.apache.nifi.processors.standard.CryptographicHashContentTest" time="0.096">
    <system-err><![CDATA[[main] INFO org.apache.nifi.processors.standard.CryptographicHashContentTest - Expected         MD2: 41837625eda39ebdbac19ce8da787021
[main] INFO org.apache.nifi.processors.standard.CryptographicHashContentTest - Setting hash algorithm to MD2
[pool-1430-thread-1] INFO org.apache.nifi.processors.standard.CryptographicHashContent - CryptographicHashContent[id=3e2c47b4-7086-4f46-a014-e68762fbce6c] Successfully added attribute 'content_MD2' to FlowFile[0,97537058534827.mockFlowFile,90112B] with a value of 41837625eda39ebdbac19ce8da787021; routing to success
[main] INFO org.apache.nifi.processors.standard.CryptographicHashContentTest - flowfile.content_MD2 = 41837625eda39ebdbac19ce8da787021
[main] INFO org.apache.nifi.processors.standard.CryptographicHashContentTest - Expected         MD5: d984c60967a2d0c5af42ca019523427e
[main] INFO org.apache.nifi.processors.standard.CryptographicHashContentTest - Setting hash algorithm to MD5
[pool-1431-thread-1] INFO org.apache.nifi.processors.standard.CryptographicHashContent - CryptographicHashContent[id=3e2c47b4-7086-4f46-a014-e68762fbce6c] Successfully added attribute 'content_MD5' to FlowFile[1,97537071779266.mockFlowFile,90112B] with a value of d984c60967a2d0c5af42ca019523427e; routing to success
[main] INFO org.apache.nifi.processors.standard.CryptographicHashContentTest - flowfile.content_MD5 = d984c60967a2d0c5af42ca019523427e
[main] INFO org.apache.nifi.processors.standard.CryptographicHashContentTest - Expected       SHA-1: 4db5ac83237a7dedadcdb694e76b7403d3b89f0b
[main] INFO org.apache.nifi.processors.standard.CryptographicHashContentTest - Setting hash algorithm to SHA-1
[pool-1432-thread-1] INFO org.apache.nifi.processors.standard.CryptographicHashContent - CryptographicHashContent[id=3e2c47b4-7086-4f46-a014-e68762fbce6c] Successfully added attribute 'content_SHA-1' to FlowFile[2,97537073323674.mockFlowFile,90112B] with a value of 4db5ac83237a7dedadcdb694e76b7403d3b89f0b; routing to success
[main] INFO org.apache.nifi.processors.standard.CryptographicHashContentTest - flowfile.content_SHA-1 = 4db5ac83237a7dedadcdb694e76b7403d3b89f0b
[main] INFO org.apache.nifi.processors.standard.CryptographicHashContentTest - Expected     SHA-224: 3560ac6ec262b6db4390f59b25e096d133cca03701b47bb9454e46d4
[main] INFO org.apache.nifi.processors.standard.CryptographicHashContentTest - Setting hash algorithm to SHA-224
[pool-1433-thread-1] INFO org.apache.nifi.processors.standard.CryptographicHashContent - CryptographicHashContent[id=3e2c47b4-7086-4f46-a014-e68762fbce6c] Successfully added attribute 'content_SHA-224' to FlowFile[3,97537075086590.mockFlowFile,90112B] with a value of 3560ac6ec262b6db4390f59b25e096d133cca03701b47bb9454e46d4; routing to success
[main] INFO org.apache.nifi.processors.standard.CryptographicHashContentTest - flowfile.content_SHA-224 = 3560ac6ec262b6db4390f59b25e096d133cca03701b47bb9454e46d4
[main] INFO org.apache.nifi.processors.standard.CryptographicHashContentTest - Expected     SHA-256: 618a965733e01942a18f48573337f2a466db2ae2c0186bbec8cbecd35eee220d
[main] INFO org.apache.nifi.processors.standard.CryptographicHashContentTest - Setting hash algorithm to SHA-256
[pool-1434-thread-1] INFO org.apache.nifi.processors.standard.CryptographicHashContent - CryptographicHashContent[id=3e2c47b4-7086-4f46-a014-e68762fbce6c] Successfully added attribute 'content_SHA-256' to FlowFile[4,97537077012895.mockFlowFile,90112B] with a value of 618a965733e01942a18f48573337f2a466db2ae2c0186bbec8cbecd35eee220d; routing to success
[main] INFO org.apache.nifi.processors.standard.CryptographicHashContentTest - flowfile.content_SHA-256 = 618a965733e01942a18f48573337f2a466db2ae2c0186bbec8cbecd35eee220d
[main] INFO org.apache.nifi.processors.standard.CryptographicHashContentTest - Expected     SHA-384: 62e384079bb8ab384825451bb8c04c328818518f96523c051a04a753690d6cfa6ed65a28cdc975e3c69b7ebc43c53157
[main] INFO org.apache.nifi.processors.standard.CryptographicHashContentTest - Setting hash algorithm to SHA-384
[pool-1435-thread-1] INFO org.apache.nifi.processors.standard.CryptographicHashContent - CryptographicHashContent[id=3e2c47b4-7086-4f46-a014-e68762fbce6c] Successfully added attribute 'content_SHA-384' to FlowFile[5,97537078791031.mockFlowFile,90112B] with a value of 62e384079bb8ab384825451bb8c04c328818518f96523c051a04a753690d6cfa6ed65a28cdc975e3c69b7ebc43c53157; routing to success
[main] INFO org.apache.nifi.processors.standard.CryptographicHashContentTest - flowfile.content_SHA-384 = 62e384079bb8ab384825451bb8c04c328818518f96523c051a04a753690d6cfa6ed65a28cdc975e3c69b7ebc43c53157
[main] INFO org.apache.nifi.processors.standard.CryptographicHashContentTest - Expected     SHA-512: ec80b5252bf183324045396e228a2f0894597abb6298ce3fb0f28513b67ad87c030c3490e1a5c5042f814416c4a2c299a46701960421b0091d90cd5b2b25819a
[main] INFO org.apache.nifi.processors.standard.CryptographicHashContentTest - Setting hash algorithm to SHA-512
[pool-1436-thread-1] INFO org.apache.nifi.processors.standard.CryptographicHashContent - CryptographicHashContent[id=3e2c47b4-7086-4f46-a014-e68762fbce6c] Successfully added attribute 'content_SHA-512' to FlowFile[6,97537080770939.mockFlowFile,90112B] with a value of ec80b5252bf183324045396e228a2f0894597abb6298ce3fb0f28513b67ad87c030c3490e1a5c5042f814416c4a2c299a46701960421b0091d90cd5b2b25819a; routing to success
[main] INFO org.apache.nifi.processors.standard.CryptographicHashContentTest - flowfile.content_SHA-512 = ec80b5252bf183324045396e228a2f0894597abb6298ce3fb0f28513b67ad87c030c3490e1a5c5042f814416c4a2c299a46701960421b0091d90cd5b2b25819a
[main] INFO org.apache.nifi.processors.standard.CryptographicHashContentTest - Expected SHA-512/224: bf4085a637d92d940ef4bdd1d42f4be53b9f6cc06015d0d1406beea5
[main] INFO org.apache.nifi.processors.standard.CryptographicHashContentTest - Setting hash algorithm to SHA-512/224
[pool-1437-thread-1] INFO org.apache.nifi.processors.standard.CryptographicHashContent - CryptographicHashContent[id=3e2c47b4-7086-4f46-a014-e68762fbce6c] Successfully added attribute 'content_SHA-512/224' to FlowFile[7,97537082425335.mockFlowFile,90112B] with a value of bf4085a637d92d940ef4bdd1d42f4be53b9f6cc06015d0d1406beea5; routing to success
[main] INFO org.apache.nifi.processors.standard.CryptographicHashContentTest - flowfile.content_SHA-512/224 = bf4085a637d92d940ef4bdd1d42f4be53b9f6cc06015d0d1406beea5
[main] INFO org.apache.nifi.processors.standard.CryptographicHashContentTest - Expected SHA-512/256: 7853b7dec05a239dabaf1c62b22d2bce96997e96d67e6b19e9d2e27700ea5229
[main] INFO org.apache.nifi.processors.standard.CryptographicHashContentTest - Setting hash algorithm to SHA-512/256
[pool-1438-thread-1] INFO org.apache.nifi.processors.standard.CryptographicHashContent - CryptographicHashContent[id=3e2c47b4-7086-4f46-a014-e68762fbce6c] Successfully added attribute 'content_SHA-512/256' to FlowFile[8,97537084048599.mockFlowFile,90112B] with a value of 7853b7dec05a239dabaf1c62b22d2bce96997e96d67e6b19e9d2e27700ea5229; routing to success
[main] INFO org.apache.nifi.processors.standard.CryptographicHashContentTest - flowfile.content_SHA-512/256 = 7853b7dec05a239dabaf1c62b22d2bce96997e96d67e6b19e9d2e27700ea5229
[main] INFO org.apache.nifi.processors.standard.CryptographicHashContentTest - Expected    SHA3-224: c6e2d264e929fa65995953604bf52e1b6836bf4f87837eb787fb717d
[main] INFO org.apache.nifi.processors.standard.CryptographicHashContentTest - Setting hash algorithm to SHA3-224
[pool-1439-thread-1] INFO org.apache.nifi.processors.standard.CryptographicHashContent - CryptographicHashContent[id=3e2c47b4-7086-4f46-a014-e68762fbce6c] Successfully added attribute 'content_SHA3-224' to FlowFile[9,97537092558552.mockFlowFile,90112B] with a value of c6e2d264e929fa65995953604bf52e1b6836bf4f87837eb787fb717d; routing to success
[main] INFO org.apache.nifi.processors.standard.CryptographicHashContentTest - flowfile.content_SHA3-224 = c6e2d264e929fa65995953604bf52e1b6836bf4f87837eb787fb717d
[main] INFO org.apache.nifi.processors.standard.CryptographicHashContentTest - Expected    SHA3-256: 0da71c61586c91ccceaa20e89735dd995ffeeca3a95da8f57ca590fbf26a9792
[main] INFO org.apache.nifi.processors.standard.CryptographicHashContentTest - Setting hash algorithm to SHA3-256
[pool-1440-thread-1] INFO org.apache.nifi.processors.standard.CryptographicHashContent - CryptographicHashContent[id=3e2c47b4-7086-4f46-a014-e68762fbce6c] Successfully added attribute 'content_SHA3-256' to FlowFile[10,97537102273863.mockFlowFile,90112B] with a value of 0da71c61586c91ccceaa20e89735dd995ffeeca3a95da8f57ca590fbf26a9792; routing to success
[main] INFO org.apache.nifi.processors.standard.CryptographicHashContentTest - flowfile.content_SHA3-256 = 0da71c61586c91ccceaa20e89735dd995ffeeca3a95da8f57ca590fbf26a9792
[main] INFO org.apache.nifi.processors.standard.CryptographicHashContentTest - Expected    SHA3-384: 60155de406345e33659870d6a2779ae7f68dd3a4da8afd0a807fe3cd27eb8fe3e6d440fd73f83470ec5915954057be85
[main] INFO org.apache.nifi.processors.standard.CryptographicHashContentTest - Setting hash algorithm to SHA3-384
[pool-1441-thread-1] INFO org.apache.nifi.processors.standard.CryptographicHashContent - CryptographicHashContent[id=3e2c47b4-7086-4f46-a014-e68762fbce6c] Successfully added attribute 'content_SHA3-384' to FlowFile[11,97537108357435.mockFlowFile,90112B] with a value of 60155de406345e33659870d6a2779ae7f68dd3a4da8afd0a807fe3cd27eb8fe3e6d440fd73f83470ec5915954057be85; routing to success
[main] INFO org.apache.nifi.processors.standard.CryptographicHashContentTest - flowfile.content_SHA3-384 = 60155de406345e33659870d6a2779ae7f68dd3a4da8afd0a807fe3cd27eb8fe3e6d440fd73f83470ec5915954057be85
[main] INFO org.apache.nifi.processors.standard.CryptographicHashContentTest - Expected    SHA3-512: ff11cacad202c07f81d989a9355146c3232c196a1f56f4faabeddf8d2565fb2d95a354909155452f1176d47d572a905e232c2133feaeb88250bc156a41bb3688
[main] INFO org.apache.nifi.processors.standard.CryptographicHashContentTest - Setting hash algorithm to SHA3-512
[pool-1442-thread-1] INFO org.apache.nifi.processors.standard.CryptographicHashContent - CryptographicHashContent[id=3e2c47b4-7086-4f46-a014-e68762fbce6c] Successfully added attribute 'content_SHA3-512' to FlowFile[12,97537117452370.mockFlowFile,90112B] with a value of ff11cacad202c07f81d989a9355146c3232c196a1f56f4faabeddf8d2565fb2d95a354909155452f1176d47d572a905e232c2133feaeb88250bc156a41bb3688; routing to success
[main] INFO org.apache.nifi.processors.standard.CryptographicHashContentTest - flowfile.content_SHA3-512 = ff11cacad202c07f81d989a9355146c3232c196a1f56f4faabeddf8d2565fb2d95a354909155452f1176d47d572a905e232c2133feaeb88250bc156a41bb3688
[main] INFO org.apache.nifi.processors.standard.CryptographicHashContentTest - Expected  BLAKE2-160: 85d50ac5ec8215fbd07ca8bf1e4a64331520681c
[main] INFO org.apache.nifi.processors.standard.CryptographicHashContentTest - Setting hash algorithm to BLAKE2-160
[pool-1443-thread-1] INFO org.apache.nifi.processors.standard.CryptographicHashContent - CryptographicHashContent[id=3e2c47b4-7086-4f46-a014-e68762fbce6c] Successfully added attribute 'content_BLAKE2-160' to FlowFile[13,97537125760221.mockFlowFile,90112B] with a value of 85d50ac5ec8215fbd07ca8bf1e4a64331520681c; routing to success
[main] INFO org.apache.nifi.processors.standard.CryptographicHashContentTest - flowfile.content_BLAKE2-160 = 85d50ac5ec8215fbd07ca8bf1e4a64331520681c
[main] INFO org.apache.nifi.processors.standard.CryptographicHashContentTest - Expected  BLAKE2-256: d31ae6b3a329913bbb4576b1e634a87bad421d3e8d3b7f9c457955d518d9d903
[main] INFO org.apache.nifi.processors.standard.CryptographicHashContentTest - Setting hash algorithm to BLAKE2-256
[pool-1444-thread-1] INFO org.apache.nifi.processors.standard.CryptographicHashContent - CryptographicHashContent[id=3e2c47b4-7086-4f46-a014-e68762fbce6c] Successfully added attribute 'content_BLAKE2-256' to FlowFile[14,97537127581951.mockFlowFile,90112B] with a value of d31ae6b3a329913bbb4576b1e634a87bad421d3e8d3b7f9c457955d518d9d903; routing to success
[main] INFO org.apache.nifi.processors.standard.CryptographicHashContentTest - flowfile.content_BLAKE2-256 = d31ae6b3a329913bbb4576b1e634a87bad421d3e8d3b7f9c457955d518d9d903
[main] INFO org.apache.nifi.processors.standard.CryptographicHashContentTest - Expected  BLAKE2-384: e463159ec3634f17db9596af4ea3d7e8364e2cb4e25f719648e1c1d2447dd61784a188e12dfc4ff1448f87a830f2b16d
[main] INFO org.apache.nifi.processors.standard.CryptographicHashContentTest - Setting hash algorithm to BLAKE2-384
[pool-1445-thread-1] INFO org.apache.nifi.processors.standard.CryptographicHashContent - CryptographicHashContent[id=3e2c47b4-7086-4f46-a014-e68762fbce6c] Successfully added attribute 'content_BLAKE2-384' to FlowFile[15,97537129599073.mockFlowFile,90112B] with a value of e463159ec3634f17db9596af4ea3d7e8364e2cb4e25f719648e1c1d2447dd61784a188e12dfc4ff1448f87a830f2b16d; routing to success
[main] INFO org.apache.nifi.processors.standard.CryptographicHashContentTest - flowfile.content_BLAKE2-384 = e463159ec3634f17db9596af4ea3d7e8364e2cb4e25f719648e1c1d2447dd61784a188e12dfc4ff1448f87a830f2b16d
[main] INFO org.apache.nifi.processors.standard.CryptographicHashContentTest - Expected  BLAKE2-512: c6513be156e454b66458edc69f7a68f1c5e1dd427e620de948af3774de94d4cafd916f1ec4c14df93317cb54d9405587002b7d794dbb25e197de8aab1f1912f6
[main] INFO org.apache.nifi.processors.standard.CryptographicHashContentTest - Setting hash algorithm to BLAKE2-512
[pool-1446-thread-1] INFO org.apache.nifi.processors.standard.CryptographicHashContent - CryptographicHashContent[id=3e2c47b4-7086-4f46-a014-e68762fbce6c] Successfully added attribute 'content_BLAKE2-512' to FlowFile[16,97537131398802.mockFlowFile,90112B] with a value of c6513be156e454b66458edc69f7a68f1c5e1dd427e620de948af3774de94d4cafd916f1ec4c14df93317cb54d9405587002b7d794dbb25e197de8aab1f1912f6; routing to success
[main] INFO org.apache.nifi.processors.standard.CryptographicHashContentTest - flowfile.content_BLAKE2-512 = c6513be156e454b66458edc69f7a68f1c5e1dd427e620de948af3774de94d4cafd916f1ec4c14df93317cb54d9405587002b7d794dbb25e197de8aab1f1912f6
]]></system-err>
  </testcase>
  <testcase name="testShouldOverwriteExistingAttribute" classname="org.apache.nifi.processors.standard.CryptographicHashContentTest" time="0.002">
    <system-err><![CDATA[[main] INFO org.apache.nifi.processors.standard.CryptographicHashContentTest - Expected     SHA-256: dc4bd945723b9c234f1be408e8ceb78660b481008b8ab5b71eb2aa3b4f08357a
[main] INFO org.apache.nifi.processors.standard.CryptographicHashContentTest - Setting hash algorithm to SHA-256
[pool-1447-thread-1] INFO org.apache.nifi.processors.standard.CryptographicHashContent - CryptographicHashContent[id=33e54e24-427f-41ec-afe3-81bfa9a676d3] Successfully added attribute 'content_SHA-256' to FlowFile[0,97537133572442.mockFlowFile,10B] with a value of dc4bd945723b9c234f1be408e8ceb78660b481008b8ab5b71eb2aa3b4f08357a; routing to success
[main] INFO org.apache.nifi.processors.standard.CryptographicHashContentTest - flowfile.content_SHA-256 = dc4bd945723b9c234f1be408e8ceb78660b481008b8ab5b71eb2aa3b4f08357a
]]></system-err>
  </testcase>
  <testcase name="testShouldRouteToFailureOnEmptyContent" classname="org.apache.nifi.processors.standard.CryptographicHashContentTest" time="0.015">
    <system-err><![CDATA[[main] INFO org.apache.nifi.processors.standard.CryptographicHashContentTest - Expected         MD2: 8350e5a3e24c153df2275c9f80692773
[main] INFO org.apache.nifi.processors.standard.CryptographicHashContentTest - Setting fail when empty to true
[main] INFO org.apache.nifi.processors.standard.CryptographicHashContentTest - Setting hash algorithm to MD2
[pool-1448-thread-1] INFO org.apache.nifi.processors.standard.CryptographicHashContent - CryptographicHashContent[id=f8bbb4e2-3ac3-4d79-8056-f849f3b3ba6a] Routing {} to 'failure' because content is empty (and FAIL_WHEN_EMPTY is true)
[main] INFO org.apache.nifi.processors.standard.CryptographicHashContentTest - Expected         MD5: d41d8cd98f00b204e9800998ecf8427e
[main] INFO org.apache.nifi.processors.standard.CryptographicHashContentTest - Setting fail when empty to true
[main] INFO org.apache.nifi.processors.standard.CryptographicHashContentTest - Setting hash algorithm to MD5
[pool-1449-thread-1] INFO org.apache.nifi.processors.standard.CryptographicHashContent - CryptographicHashContent[id=f8bbb4e2-3ac3-4d79-8056-f849f3b3ba6a] Routing {} to 'failure' because content is empty (and FAIL_WHEN_EMPTY is true)
[main] INFO org.apache.nifi.processors.standard.CryptographicHashContentTest - Expected       SHA-1: da39a3ee5e6b4b0d3255bfef95601890afd80709
[main] INFO org.apache.nifi.processors.standard.CryptographicHashContentTest - Setting fail when empty to true
[main] INFO org.apache.nifi.processors.standard.CryptographicHashContentTest - Setting hash algorithm to SHA-1
[pool-1450-thread-1] INFO org.apache.nifi.processors.standard.CryptographicHashContent - CryptographicHashContent[id=f8bbb4e2-3ac3-4d79-8056-f849f3b3ba6a] Routing {} to 'failure' because content is empty (and FAIL_WHEN_EMPTY is true)
[main] INFO org.apache.nifi.processors.standard.CryptographicHashContentTest - Expected     SHA-224: d14a028c2a3a2bc9476102bb288234c415a2b01f828ea62ac5b3e42f
[main] INFO org.apache.nifi.processors.standard.CryptographicHashContentTest - Setting fail when empty to true
[main] INFO org.apache.nifi.processors.standard.CryptographicHashContentTest - Setting hash algorithm to SHA-224
[pool-1451-thread-1] INFO org.apache.nifi.processors.standard.CryptographicHashContent - CryptographicHashContent[id=f8bbb4e2-3ac3-4d79-8056-f849f3b3ba6a] Routing {} to 'failure' because content is empty (and FAIL_WHEN_EMPTY is true)
[main] INFO org.apache.nifi.processors.standard.CryptographicHashContentTest - Expected     SHA-256: e3b0c44298fc1c149afbf4c8996fb92427ae41e4649b934ca495991b7852b855
[main] INFO org.apache.nifi.processors.standard.CryptographicHashContentTest - Setting fail when empty to true
[main] INFO org.apache.nifi.processors.standard.CryptographicHashContentTest - Setting hash algorithm to SHA-256
[pool-1452-thread-1] INFO org.apache.nifi.processors.standard.CryptographicHashContent - CryptographicHashContent[id=f8bbb4e2-3ac3-4d79-8056-f849f3b3ba6a] Routing {} to 'failure' because content is empty (and FAIL_WHEN_EMPTY is true)
[main] INFO org.apache.nifi.processors.standard.CryptographicHashContentTest - Expected     SHA-384: 38b060a751ac96384cd9327eb1b1e36a21fdb71114be07434c0cc7bf63f6e1da274edebfe76f65fbd51ad2f14898b95b
[main] INFO org.apache.nifi.processors.standard.CryptographicHashContentTest - Setting fail when empty to true
[main] INFO org.apache.nifi.processors.standard.CryptographicHashContentTest - Setting hash algorithm to SHA-384
[pool-1453-thread-1] INFO org.apache.nifi.processors.standard.CryptographicHashContent - CryptographicHashContent[id=f8bbb4e2-3ac3-4d79-8056-f849f3b3ba6a] Routing {} to 'failure' because content is empty (and FAIL_WHEN_EMPTY is true)
[main] INFO org.apache.nifi.processors.standard.CryptographicHashContentTest - Expected     SHA-512: cf83e1357eefb8bdf1542850d66d8007d620e4050b5715dc83f4a921d36ce9ce47d0d13c5d85f2b0ff8318d2877eec2f63b931bd47417a81a538327af927da3e
[main] INFO org.apache.nifi.processors.standard.CryptographicHashContentTest - Setting fail when empty to true
[main] INFO org.apache.nifi.processors.standard.CryptographicHashContentTest - Setting hash algorithm to SHA-512
[pool-1454-thread-1] INFO org.apache.nifi.processors.standard.CryptographicHashContent - CryptographicHashContent[id=f8bbb4e2-3ac3-4d79-8056-f849f3b3ba6a] Routing {} to 'failure' because content is empty (and FAIL_WHEN_EMPTY is true)
[main] INFO org.apache.nifi.processors.standard.CryptographicHashContentTest - Expected SHA-512/224: 6ed0dd02806fa89e25de060c19d3ac86cabb87d6a0ddd05c333b84f4
[main] INFO org.apache.nifi.processors.standard.CryptographicHashContentTest - Setting fail when empty to true
[main] INFO org.apache.nifi.processors.standard.CryptographicHashContentTest - Setting hash algorithm to SHA-512/224
[pool-1455-thread-1] INFO org.apache.nifi.processors.standard.CryptographicHashContent - CryptographicHashContent[id=f8bbb4e2-3ac3-4d79-8056-f849f3b3ba6a] Routing {} to 'failure' because content is empty (and FAIL_WHEN_EMPTY is true)
[main] INFO org.apache.nifi.processors.standard.CryptographicHashContentTest - Expected SHA-512/256: c672b8d1ef56ed28ab87c3622c5114069bdd3ad7b8f9737498d0c01ecef0967a
[main] INFO org.apache.nifi.processors.standard.CryptographicHashContentTest - Setting fail when empty to true
[main] INFO org.apache.nifi.processors.standard.CryptographicHashContentTest - Setting hash algorithm to SHA-512/256
[pool-1456-thread-1] INFO org.apache.nifi.processors.standard.CryptographicHashContent - CryptographicHashContent[id=f8bbb4e2-3ac3-4d79-8056-f849f3b3ba6a] Routing {} to 'failure' because content is empty (and FAIL_WHEN_EMPTY is true)
[main] INFO org.apache.nifi.processors.standard.CryptographicHashContentTest - Expected    SHA3-224: 6b4e03423667dbb73b6e15454f0eb1abd4597f9a1b078e3f5b5a6bc7
[main] INFO org.apache.nifi.processors.standard.CryptographicHashContentTest - Setting fail when empty to true
[main] INFO org.apache.nifi.processors.standard.CryptographicHashContentTest - Setting hash algorithm to SHA3-224
[pool-1457-thread-1] INFO org.apache.nifi.processors.standard.CryptographicHashContent - CryptographicHashContent[id=f8bbb4e2-3ac3-4d79-8056-f849f3b3ba6a] Routing {} to 'failure' because content is empty (and FAIL_WHEN_EMPTY is true)
[main] INFO org.apache.nifi.processors.standard.CryptographicHashContentTest - Expected    SHA3-256: a7ffc6f8bf1ed76651c14756a061d662f580ff4de43b49fa82d80a4b80f8434a
[main] INFO org.apache.nifi.processors.standard.CryptographicHashContentTest - Setting fail when empty to true
[main] INFO org.apache.nifi.processors.standard.CryptographicHashContentTest - Setting hash algorithm to SHA3-256
[pool-1458-thread-1] INFO org.apache.nifi.processors.standard.CryptographicHashContent - CryptographicHashContent[id=f8bbb4e2-3ac3-4d79-8056-f849f3b3ba6a] Routing {} to 'failure' because content is empty (and FAIL_WHEN_EMPTY is true)
[main] INFO org.apache.nifi.processors.standard.CryptographicHashContentTest - Expected    SHA3-384: 0c63a75b845e4f7d01107d852e4c2485c51a50aaaa94fc61995e71bbee983a2ac3713831264adb47fb6bd1e058d5f004
[main] INFO org.apache.nifi.processors.standard.CryptographicHashContentTest - Setting fail when empty to true
[main] INFO org.apache.nifi.processors.standard.CryptographicHashContentTest - Setting hash algorithm to SHA3-384
[pool-1459-thread-1] INFO org.apache.nifi.processors.standard.CryptographicHashContent - CryptographicHashContent[id=f8bbb4e2-3ac3-4d79-8056-f849f3b3ba6a] Routing {} to 'failure' because content is empty (and FAIL_WHEN_EMPTY is true)
[main] INFO org.apache.nifi.processors.standard.CryptographicHashContentTest - Expected    SHA3-512: a69f73cca23a9ac5c8b567dc185a756e97c982164fe25859e0d1dcc1475c80a615b2123af1f5f94c11e3e9402c3ac558f500199d95b6d3e301758586281dcd26
[main] INFO org.apache.nifi.processors.standard.CryptographicHashContentTest - Setting fail when empty to true
[main] INFO org.apache.nifi.processors.standard.CryptographicHashContentTest - Setting hash algorithm to SHA3-512
[pool-1460-thread-1] INFO org.apache.nifi.processors.standard.CryptographicHashContent - CryptographicHashContent[id=f8bbb4e2-3ac3-4d79-8056-f849f3b3ba6a] Routing {} to 'failure' because content is empty (and FAIL_WHEN_EMPTY is true)
[main] INFO org.apache.nifi.processors.standard.CryptographicHashContentTest - Expected  BLAKE2-160: 3345524abf6bbe1809449224b5972c41790b6cf2
[main] INFO org.apache.nifi.processors.standard.CryptographicHashContentTest - Setting fail when empty to true
[main] INFO org.apache.nifi.processors.standard.CryptographicHashContentTest - Setting hash algorithm to BLAKE2-160
[pool-1461-thread-1] INFO org.apache.nifi.processors.standard.CryptographicHashContent - CryptographicHashContent[id=f8bbb4e2-3ac3-4d79-8056-f849f3b3ba6a] Routing {} to 'failure' because content is empty (and FAIL_WHEN_EMPTY is true)
[main] INFO org.apache.nifi.processors.standard.CryptographicHashContentTest - Expected  BLAKE2-256: 0e5751c026e543b2e8ab2eb06099daa1d1e5df47778f7787faab45cdf12fe3a8
[main] INFO org.apache.nifi.processors.standard.CryptographicHashContentTest - Setting fail when empty to true
[main] INFO org.apache.nifi.processors.standard.CryptographicHashContentTest - Setting hash algorithm to BLAKE2-256
[pool-1462-thread-1] INFO org.apache.nifi.processors.standard.CryptographicHashContent - CryptographicHashContent[id=f8bbb4e2-3ac3-4d79-8056-f849f3b3ba6a] Routing {} to 'failure' because content is empty (and FAIL_WHEN_EMPTY is true)
[main] INFO org.apache.nifi.processors.standard.CryptographicHashContentTest - Expected  BLAKE2-384: b32811423377f52d7862286ee1a72ee540524380fda1724a6f25d7978c6fd3244a6caf0498812673c5e05ef583825100
[main] INFO org.apache.nifi.processors.standard.CryptographicHashContentTest - Setting fail when empty to true
[main] INFO org.apache.nifi.processors.standard.CryptographicHashContentTest - Setting hash algorithm to BLAKE2-384
[pool-1463-thread-1] INFO org.apache.nifi.processors.standard.CryptographicHashContent - CryptographicHashContent[id=f8bbb4e2-3ac3-4d79-8056-f849f3b3ba6a] Routing {} to 'failure' because content is empty (and FAIL_WHEN_EMPTY is true)
[main] INFO org.apache.nifi.processors.standard.CryptographicHashContentTest - Expected  BLAKE2-512: 786a02f742015903c6c6fd852552d272912f4740e15847618a86e217f71f5419d25e1031afee585313896444934eb04b903a685b1448b755d56f701afe9be2ce
[main] INFO org.apache.nifi.processors.standard.CryptographicHashContentTest - Setting fail when empty to true
[main] INFO org.apache.nifi.processors.standard.CryptographicHashContentTest - Setting hash algorithm to BLAKE2-512
[pool-1464-thread-1] INFO org.apache.nifi.processors.standard.CryptographicHashContent - CryptographicHashContent[id=f8bbb4e2-3ac3-4d79-8056-f849f3b3ba6a] Routing {} to 'failure' because content is empty (and FAIL_WHEN_EMPTY is true)
]]></system-err>
  </testcase>
</testsuite>