<?xml version="1.0" encoding="UTF-8"?>
<testsuite xmlns:xsi="http://www.w3.org/2001/XMLSchema-instance" xsi:noNamespaceSchemaLocation="https://maven.apache.org/surefire/maven-surefire-plugin/xsd/surefire-test-report-3.0.xsd" version="3.0" name="org.apache.nifi.processors.standard.TestRouteText" time="1.261" tests="33" errors="0" skipped="0" failures="0">
  <properties>
    <property name="sun.desktop" value="gnome"/>
    <property name="awt.toolkit" value="sun.awt.X11.XToolkit"/>
    <property name="file.encoding.pkg" value="sun.io"/>
    <property name="java.specification.version" value="1.8"/>
    <property name="sun.cpu.isalist" value=""/>
    <property name="sun.jnu.encoding" value="UTF-8"/>
    <property name="java.class.path" value="/home/alex/Repositories/nifi/nifi-nar-bundles/nifi-standard-bundle/nifi-standard-processors/target/test-classes:/home/alex/Repositories/nifi/nifi-nar-bundles/nifi-standard-bundle/nifi-standard-processors/target/classes:/home/alex/.m2/repository/org/apache/ftpserver/ftpserver-core/1.1.1/ftpserver-core-1.1.1.jar:/home/alex/.m2/repository/org/apache/ftpserver/ftplet-api/1.1.1/ftplet-api-1.1.1.jar:/home/alex/.m2/repository/org/slf4j/slf4j-api/1.7.32/slf4j-api-1.7.32.jar:/home/alex/.m2/repository/org/apache/mina/mina-core/2.0.16/mina-core-2.0.16.jar:/home/alex/Repositories/nifi/nifi-api/target/classes:/home/alex/Repositories/nifi/nifi-commons/nifi-expression-language/target/classes:/home/alex/.m2/repository/org/antlr/antlr-runtime/3.5.2/antlr-runtime-3.5.2.jar:/home/alex/Repositories/nifi/nifi-commons/nifi-parameter/target/classes:/home/alex/Repositories/nifi/nifi-commons/nifi-uuid5/target/classes:/home/alex/.m2/repository/org/apache/commons/commons-text/1.8/commons-text-1.8.jar:/home/alex/Repositories/nifi/nifi-nar-bundles/nifi-extension-utils/nifi-processor-utils/target/classes:/home/alex/Repositories/nifi/nifi-commons/nifi-security-socket-ssl/target/classes:/home/alex/Repositories/nifi/nifi-nar-bundles/nifi-extension-utils/nifi-event-transport/target/classes:/home/alex/.m2/repository/io/netty/netty-handler/4.1.69.Final/netty-handler-4.1.69.Final.jar:/home/alex/.m2/repository/io/netty/netty-common/4.1.69.Final/netty-common-4.1.69.Final.jar:/home/alex/.m2/repository/io/netty/netty-resolver/4.1.69.Final/netty-resolver-4.1.69.Final.jar:/home/alex/.m2/repository/io/netty/netty-transport/4.1.69.Final/netty-transport-4.1.69.Final.jar:/home/alex/.m2/repository/io/netty/netty-codec/4.1.69.Final/netty-codec-4.1.69.Final.jar:/home/alex/Repositories/nifi/nifi-nar-bundles/nifi-extension-utils/nifi-syslog-utils/target/classes:/home/alex/.m2/repository/com/github/palindromicity/simple-syslog-5424/0.0.16/simple-syslog-5424-0.0.16.jar:/home/alex/.m2/repository/org/antlr/antlr4-runtime/4.7.2/antlr4-runtime-4.7.2.jar:/home/alex/Repositories/nifi/nifi-commons/nifi-utils/target/classes:/home/alex/Repositories/nifi/nifi-commons/nifi-record-path/target/classes:/home/alex/Repositories/nifi/nifi-commons/nifi-properties/target/classes:/home/alex/Repositories/nifi/nifi-commons/nifi-property-utils/target/classes:/home/alex/.m2/repository/com/github/ben-manes/caffeine/caffeine/2.8.1/caffeine-2.8.1.jar:/home/alex/Repositories/nifi/nifi-nar-bundles/nifi-standard-services/nifi-ssl-context-service-api/target/classes:/home/alex/Repositories/nifi/nifi-commons/nifi-security-utils-api/target/classes:/home/alex/Repositories/nifi/nifi-nar-bundles/nifi-standard-services/nifi-lookup-service-api/target/classes:/home/alex/Repositories/nifi/nifi-commons/nifi-flowfile-packager/target/classes:/home/alex/Repositories/nifi/nifi-nar-bundles/nifi-standard-services/nifi-distributed-cache-client-service-api/target/classes:/home/alex/Repositories/nifi/nifi-nar-bundles/nifi-standard-services/nifi-http-context-map-api/target/classes:/home/alex/Repositories/nifi/nifi-nar-bundles/nifi-standard-services/nifi-record-serialization-service-api/target/classes:/home/alex/Repositories/nifi/nifi-nar-bundles/nifi-standard-services/nifi-proxy-configuration-api/target/classes:/home/alex/Repositories/nifi/nifi-commons/nifi-record/target/classes:/home/alex/Repositories/nifi/nifi-nar-bundles/nifi-standard-services/nifi-record-sink-api/target/classes:/home/alex/.m2/repository/commons-io/commons-io/2.10.0/commons-io-2.10.0.jar:/home/alex/.m2/repository/javax/ws/rs/javax.ws.rs-api/2.1/javax.ws.rs-api-2.1.jar:/home/alex/.m2/repository/commons-net/commons-net/3.6/commons-net-3.6.jar:/home/alex/.m2/repository/org/apache/commons/commons-compress/1.21/commons-compress-1.21.jar:/home/alex/.m2/repository/org/apache/commons/commons-lang3/3.9/commons-lang3-3.9.jar:/home/alex/.m2/repository/org/bouncycastle/bcprov-jdk15on/1.69/bcprov-jdk15on-1.69.jar:/home/alex/.m2/repository/org/bouncycastle/bcpg-jdk15on/1.69/bcpg-jdk15on-1.69.jar:/home/alex/.m2/repository/org/bouncycastle/bcpkix-jdk15on/1.69/bcpkix-jdk15on-1.69.jar:/home/alex/.m2/repository/org/bouncycastle/bcutil-jdk15on/1.69/bcutil-jdk15on-1.69.jar:/home/alex/.m2/repository/commons-codec/commons-codec/1.14/commons-codec-1.14.jar:/home/alex/Repositories/nifi/nifi-commons/nifi-security-utils/target/classes:/home/alex/Repositories/nifi/nifi-commons/nifi-security-kms/target/classes:/home/alex/.m2/repository/org/apache/commons/commons-configuration2/2.7/commons-configuration2-2.7.jar:/home/alex/.m2/repository/com/hierynomus/sshj/0.32.0/sshj-0.32.0.jar:/home/alex/.m2/repository/com/jcraft/jzlib/1.1.3/jzlib-1.1.3.jar:/home/alex/.m2/repository/com/hierynomus/asn-one/0.6.0/asn-one-0.6.0.jar:/home/alex/.m2/repository/net/i2p/crypto/eddsa/0.3.0/eddsa-0.3.0.jar:/home/alex/.m2/repository/org/eclipse/jetty/jetty-server/9.4.44.v20210927/jetty-server-9.4.44.v20210927.jar:/home/alex/.m2/repository/javax/servlet/javax.servlet-api/3.1.0/javax.servlet-api-3.1.0.jar:/home/alex/.m2/repository/org/eclipse/jetty/jetty-http/9.4.44.v20210927/jetty-http-9.4.44.v20210927.jar:/home/alex/.m2/repository/org/eclipse/jetty/jetty-util/9.4.44.v20210927/jetty-util-9.4.44.v20210927.jar:/home/alex/.m2/repository/org/eclipse/jetty/jetty-io/9.4.44.v20210927/jetty-io-9.4.44.v20210927.jar:/home/alex/.m2/repository/org/eclipse/jetty/jetty-servlet/9.4.44.v20210927/jetty-servlet-9.4.44.v20210927.jar:/home/alex/.m2/repository/org/eclipse/jetty/jetty-security/9.4.44.v20210927/jetty-security-9.4.44.v20210927.jar:/home/alex/.m2/repository/org/eclipse/jetty/jetty-util-ajax/9.4.44.v20210927/jetty-util-ajax-9.4.44.v20210927.jar:/home/alex/.m2/repository/org/apache/httpcomponents/httpclient/4.5.5/httpclient-4.5.5.jar:/home/alex/.m2/repository/commons-logging/commons-logging/1.2/commons-logging-1.2.jar:/home/alex/.m2/repository/org/apache/httpcomponents/httpcore/4.4.9/httpcore-4.4.9.jar:/home/alex/.m2/repository/jakarta/activation/jakarta.activation-api/2.0.1/jakarta.activation-api-2.0.1.jar:/home/alex/.m2/repository/com/sun/activation/jakarta.activation/2.0.1/jakarta.activation-2.0.1.jar:/home/alex/.m2/repository/jakarta/mail/jakarta.mail-api/2.0.1/jakarta.mail-api-2.0.1.jar:/home/alex/.m2/repository/com/sun/mail/jakarta.mail/2.0.1/jakarta.mail-2.0.1.jar:/home/alex/.m2/repository/com/github/jponge/lzma-java/1.3/lzma-java-1.3.jar:/home/alex/.m2/repository/org/tukaani/xz/1.8/xz-1.8.jar:/home/alex/.m2/repository/net/sf/saxon/Saxon-HE/10.6/Saxon-HE-10.6.jar:/home/alex/Repositories/nifi/nifi-commons/nifi-socket-utils/target/classes:/home/alex/Repositories/nifi/nifi-commons/nifi-logging-utils/target/classes:/home/alex/Repositories/nifi/nifi-nar-bundles/nifi-standard-services/nifi-load-distribution-service-api/target/classes:/home/alex/.m2/repository/javax/jms/javax.jms-api/2.0.1/javax.jms-api-2.0.1.jar:/home/alex/.m2/repository/org/apache/activemq/activemq-client/5.15.15/activemq-client-5.15.15.jar:/home/alex/.m2/repository/org/apache/geronimo/specs/geronimo-jms_1.1_spec/1.1.1/geronimo-jms_1.1_spec-1.1.1.jar:/home/alex/.m2/repository/org/fusesource/hawtbuf/hawtbuf/1.11/hawtbuf-1.11.jar:/home/alex/.m2/repository/org/apache/geronimo/specs/geronimo-j2ee-management_1.1_spec/1.0.1/geronimo-j2ee-management_1.1_spec-1.0.1.jar:/home/alex/.m2/repository/com/jayway/jsonpath/json-path/2.6.0/json-path-2.6.0.jar:/home/alex/.m2/repository/net/minidev/json-smart/2.4.7/json-smart-2.4.7.jar:/home/alex/.m2/repository/net/minidev/accessors-smart/2.4.7/accessors-smart-2.4.7.jar:/home/alex/.m2/repository/org/ow2/asm/asm/9.1/asm-9.1.jar:/home/alex/.m2/repository/org/apache/tika/tika-core/1.26/tika-core-1.26.jar:/home/alex/.m2/repository/com/fasterxml/jackson/core/jackson-databind/2.12.3/jackson-databind-2.12.3.jar:/home/alex/.m2/repository/com/fasterxml/jackson/core/jackson-annotations/2.12.3/jackson-annotations-2.12.3.jar:/home/alex/.m2/repository/com/fasterxml/jackson/core/jackson-core/2.12.3/jackson-core-2.12.3.jar:/home/alex/Repositories/nifi/nifi-nar-bundles/nifi-extension-utils/nifi-record-utils/nifi-avro-record-utils/target/classes:/home/alex/Repositories/nifi/nifi-nar-bundles/nifi-extension-utils/nifi-record-utils/nifi-standard-record-utils/target/classes:/home/alex/.m2/repository/org/apache/avro/avro/1.8.1/avro-1.8.1.jar:/home/alex/.m2/repository/org/codehaus/jackson/jackson-core-asl/1.9.13/jackson-core-asl-1.9.13.jar:/home/alex/.m2/repository/org/codehaus/jackson/jackson-mapper-asl/1.9.13/jackson-mapper-asl-1.9.13.jar:/home/alex/.m2/repository/com/thoughtworks/paranamer/paranamer/2.7/paranamer-2.7.jar:/home/alex/Repositories/nifi/nifi-nar-bundles/nifi-standard-services/nifi-dbcp-service-api/target/classes:/home/alex/.m2/repository/com/squareup/okhttp3/okhttp/4.9.2/okhttp-4.9.2.jar:/home/alex/.m2/repository/com/squareup/okio/okio/2.8.0/okio-2.8.0.jar:/home/alex/.m2/repository/org/jetbrains/kotlin/kotlin-stdlib-common/1.4.0/kotlin-stdlib-common-1.4.0.jar:/home/alex/.m2/repository/org/jetbrains/kotlin/kotlin-stdlib/1.4.10/kotlin-stdlib-1.4.10.jar:/home/alex/.m2/repository/org/jetbrains/annotations/13.0/annotations-13.0.jar:/home/alex/.m2/repository/io/github/rburgst/okhttp-digest/2.5/okhttp-digest-2.5.jar:/home/alex/.m2/repository/at/favre/lib/bcrypt/0.9.0/bcrypt-0.9.0.jar:/home/alex/.m2/repository/at/favre/lib/bytes/1.3.0/bytes-1.3.0.jar:/home/alex/.m2/repository/com/google/guava/guava/28.0-jre/guava-28.0-jre.jar:/home/alex/.m2/repository/com/google/guava/failureaccess/1.0.1/failureaccess-1.0.1.jar:/home/alex/.m2/repository/com/google/guava/listenablefuture/9999.0-empty-to-avoid-conflict-with-guava/listenablefuture-9999.0-empty-to-avoid-conflict-with-guava.jar:/home/alex/.m2/repository/com/google/code/findbugs/jsr305/3.0.2/jsr305-3.0.2.jar:/home/alex/.m2/repository/org/checkerframework/checker-qual/2.8.1/checker-qual-2.8.1.jar:/home/alex/.m2/repository/com/google/errorprone/error_prone_annotations/2.3.2/error_prone_annotations-2.3.2.jar:/home/alex/.m2/repository/com/google/j2objc/j2objc-annotations/1.3/j2objc-annotations-1.3.jar:/home/alex/.m2/repository/org/codehaus/mojo/animal-sniffer-annotations/1.17/animal-sniffer-annotations-1.17.jar:/home/alex/Repositories/nifi/nifi-mock/target/classes:/home/alex/Repositories/nifi/nifi-framework-api/target/classes:/home/alex/Repositories/nifi/nifi-nar-bundles/nifi-framework-bundle/nifi-framework/nifi-framework-core-api/target/classes:/home/alex/Repositories/nifi/nifi-nar-bundles/nifi-framework-bundle/nifi-framework/nifi-framework-nar-utils/target/classes:/home/alex/Repositories/nifi/nifi-nar-bundles/nifi-framework-bundle/nifi-framework/nifi-client-dto/target/classes:/home/alex/.m2/repository/io/swagger/swagger-annotations/1.6.0/swagger-annotations-1.6.0.jar:/home/alex/Repositories/nifi/nifi-commons/nifi-site-to-site-client/target/classes:/home/alex/.m2/repository/org/apache/httpcomponents/httpasyncclient/4.1.4/httpasyncclient-4.1.4.jar:/home/alex/.m2/repository/org/apache/httpcomponents/httpcore-nio/4.4.10/httpcore-nio-4.4.10.jar:/home/alex/Repositories/nifi/nifi-nar-bundles/nifi-framework-bundle/nifi-framework/nifi-framework-authorization/target/classes:/home/alex/Repositories/nifi/nifi-registry/nifi-registry-core/nifi-registry-data-model/target/classes:/home/alex/Repositories/nifi/nifi-registry/nifi-registry-core/nifi-registry-revision/nifi-registry-revision-entity-model/target/classes:/home/alex/Repositories/nifi/nifi-registry/nifi-registry-core/nifi-registry-client/target/classes:/home/alex/Repositories/nifi/nifi-registry/nifi-registry-core/nifi-registry-security-utils/target/classes:/home/alex/.m2/repository/org/glassfish/jersey/core/jersey-client/2.33/jersey-client-2.33.jar:/home/alex/.m2/repository/jakarta/ws/rs/jakarta.ws.rs-api/2.1.6/jakarta.ws.rs-api-2.1.6.jar:/home/alex/.m2/repository/org/glassfish/hk2/external/jakarta.inject/2.6.1/jakarta.inject-2.6.1.jar:/home/alex/.m2/repository/org/glassfish/jersey/media/jersey-media-json-jackson/2.33/jersey-media-json-jackson-2.33.jar:/home/alex/.m2/repository/org/glassfish/jersey/ext/jersey-entity-filtering/2.33/jersey-entity-filtering-2.33.jar:/home/alex/.m2/repository/org/glassfish/jersey/inject/jersey-hk2/2.33/jersey-hk2-2.33.jar:/home/alex/.m2/repository/org/glassfish/hk2/hk2-locator/2.6.1/hk2-locator-2.6.1.jar:/home/alex/.m2/repository/org/glassfish/hk2/external/aopalliance-repackaged/2.6.1/aopalliance-repackaged-2.6.1.jar:/home/alex/.m2/repository/org/glassfish/hk2/hk2-api/2.6.1/hk2-api-2.6.1.jar:/home/alex/.m2/repository/org/glassfish/hk2/hk2-utils/2.6.1/hk2-utils-2.6.1.jar:/home/alex/.m2/repository/org/javassist/javassist/3.25.0-GA/javassist-3.25.0-GA.jar:/home/alex/.m2/repository/org/glassfish/jersey/core/jersey-common/2.33/jersey-common-2.33.jar:/home/alex/.m2/repository/jakarta/annotation/jakarta.annotation-api/1.3.5/jakarta.annotation-api-1.3.5.jar:/home/alex/.m2/repository/org/glassfish/hk2/osgi-resource-locator/1.0.3/osgi-resource-locator-1.0.3.jar:/home/alex/.m2/repository/org/glassfish/jersey/media/jersey-media-multipart/2.33/jersey-media-multipart-2.33.jar:/home/alex/.m2/repository/org/jvnet/mimepull/mimepull/1.9.13/mimepull-1.9.13.jar:/home/alex/Repositories/nifi/nifi-commons/nifi-data-provenance-utils/target/classes:/home/alex/Repositories/nifi/nifi-nar-bundles/nifi-standard-services/nifi-distributed-cache-services-bundle/nifi-distributed-cache-client-service/target/classes:/home/alex/Repositories/nifi/nifi-nar-bundles/nifi-standard-services/nifi-distributed-cache-services-bundle/nifi-distributed-cache-protocol/target/classes:/home/alex/.m2/repository/io/netty/netty-buffer/4.1.69.Final/netty-buffer-4.1.69.Final.jar:/home/alex/.m2/repository/com/google/http-client/google-http-client/1.28.0/google-http-client-1.28.0.jar:/home/alex/.m2/repository/io/opencensus/opencensus-api/0.18.0/opencensus-api-0.18.0.jar:/home/alex/.m2/repository/io/grpc/grpc-context/1.14.0/grpc-context-1.14.0.jar:/home/alex/.m2/repository/io/opencensus/opencensus-contrib-http-util/0.18.0/opencensus-contrib-http-util-0.18.0.jar:/home/alex/.m2/repository/org/apache/activemq/activemq-broker/5.15.14/activemq-broker-5.15.14.jar:/home/alex/.m2/repository/org/apache/activemq/activemq-openwire-legacy/5.15.14/activemq-openwire-legacy-5.15.14.jar:/home/alex/Repositories/nifi/nifi-nar-bundles/nifi-standard-services/nifi-ssl-context-bundle/nifi-ssl-context-service/target/classes:/home/alex/Repositories/nifi/nifi-nar-bundles/nifi-framework-bundle/nifi-framework/nifi-standard-prioritizers/target/classes:/home/alex/Repositories/nifi/nifi-nar-bundles/nifi-extension-utils/nifi-record-utils/nifi-mock-record-utils/target/classes:/home/alex/Repositories/nifi/nifi-nar-bundles/nifi-standard-services/nifi-record-serialization-services-bundle/nifi-record-serialization-services/target/classes:/home/alex/.m2/repository/org/apache/commons/commons-csv/1.8/commons-csv-1.8.jar:/home/alex/.m2/repository/com/fasterxml/jackson/dataformat/jackson-dataformat-csv/2.12.3/jackson-dataformat-csv-2.12.3.jar:/home/alex/.m2/repository/net/java/dev/stax-utils/stax-utils/20070216/stax-utils-20070216.jar:/home/alex/Repositories/nifi/nifi-nar-bundles/nifi-standard-services/nifi-lookup-services-bundle/nifi-lookup-services/target/classes:/home/alex/.m2/repository/commons-beanutils/commons-beanutils/1.9.4/commons-beanutils-1.9.4.jar:/home/alex/.m2/repository/commons-collections/commons-collections/3.2.2/commons-collections-3.2.2.jar:/home/alex/.m2/repository/com/maxmind/geoip2/geoip2/2.12.0/geoip2-2.12.0.jar:/home/alex/.m2/repository/com/maxmind/db/maxmind-db/1.2.2/maxmind-db-1.2.2.jar:/home/alex/.m2/repository/org/apache/derby/derby/10.14.2.0/derby-10.14.2.0.jar:/home/alex/.m2/repository/org/xerial/snappy/snappy-java/1.1.7.3/snappy-java-1.1.7.3.jar:/home/alex/.m2/repository/net/lingala/zip4j/zip4j/2.8.0/zip4j-2.8.0.jar:/home/alex/.m2/repository/com/h2database/h2/1.4.187/h2-1.4.187.jar:/home/alex/.m2/repository/org/mockftpserver/MockFtpServer/2.7.1/MockFtpServer-2.7.1.jar:/home/alex/.m2/repository/org/apache/sshd/sshd-core/1.7.0/sshd-core-1.7.0.jar:/home/alex/.m2/repository/com/bazaarvoice/jolt/jolt-core/0.1.1/jolt-core-0.1.1.jar:/home/alex/.m2/repository/javax/inject/javax.inject/1/javax.inject-1.jar:/home/alex/.m2/repository/com/bazaarvoice/jolt/json-utils/0.1.1/json-utils-0.1.1.jar:/home/alex/Repositories/nifi/nifi-nar-bundles/nifi-standard-bundle/nifi-standard-utils/target/classes:/home/alex/.m2/repository/net/sf/supercsv/super-csv/2.4.0/super-csv-2.4.0.jar:/home/alex/.m2/repository/com/fluenda/parcefone/2.1.0/parcefone-2.1.0.jar:/home/alex/.m2/repository/javax/validation/validation-api/1.1.0.Final/validation-api-1.1.0.Final.jar:/home/alex/.m2/repository/javax/el/javax.el-api/3.0.0/javax.el-api-3.0.0.jar:/home/alex/.m2/repository/com/github/wnameless/json/json-flattener/0.12.0/json-flattener-0.12.0.jar:/home/alex/.m2/repository/com/github/wnameless/json/json-base/2.0.0/json-base-2.0.0.jar:/home/alex/.m2/repository/org/apache/bval/bval-jsr/1.1.2/bval-jsr-1.1.2.jar:/home/alex/.m2/repository/org/apache/bval/bval-core/1.1.2/bval-core-1.1.2.jar:/home/alex/.m2/repository/io/krakens/java-grok/0.1.9/java-grok-0.1.9.jar:/home/alex/.m2/repository/org/apache/calcite/calcite-core/1.27.0/calcite-core-1.27.0.jar:/home/alex/.m2/repository/org/apache/calcite/calcite-linq4j/1.27.0/calcite-linq4j-1.27.0.jar:/home/alex/.m2/repository/com/esri/geometry/esri-geometry-api/2.2.0/esri-geometry-api-2.2.0.jar:/home/alex/.m2/repository/org/apache/calcite/avatica/avatica-core/1.18.0/avatica-core-1.18.0.jar:/home/alex/.m2/repository/org/apache/calcite/avatica/avatica-metrics/1.18.0/avatica-metrics-1.18.0.jar:/home/alex/.m2/repository/com/google/protobuf/protobuf-java/3.6.1/protobuf-java-3.6.1.jar:/home/alex/.m2/repository/org/apiguardian/apiguardian-api/1.1.0/apiguardian-api-1.1.0.jar:/home/alex/.m2/repository/com/fasterxml/jackson/dataformat/jackson-dataformat-yaml/2.10.0/jackson-dataformat-yaml-2.10.0.jar:/home/alex/.m2/repository/org/yaml/snakeyaml/1.29/snakeyaml-1.29.jar:/home/alex/.m2/repository/com/google/uzaygezen/uzaygezen-core/0.2/uzaygezen-core-0.2.jar:/home/alex/.m2/repository/com/yahoo/datasketches/sketches-core/0.9.0/sketches-core-0.9.0.jar:/home/alex/.m2/repository/com/yahoo/datasketches/memory/0.9.0/memory-0.9.0.jar:/home/alex/.m2/repository/net/hydromatic/aggdesigner-algorithm/6.0/aggdesigner-algorithm-6.0.jar:/home/alex/.m2/repository/commons-lang/commons-lang/2.4/commons-lang-2.4.jar:/home/alex/.m2/repository/org/apache/commons/commons-dbcp2/2.6.0/commons-dbcp2-2.6.0.jar:/home/alex/.m2/repository/org/apache/commons/commons-pool2/2.6.1/commons-pool2-2.6.1.jar:/home/alex/.m2/repository/org/codehaus/janino/commons-compiler/3.0.11/commons-compiler-3.0.11.jar:/home/alex/.m2/repository/org/codehaus/janino/janino/3.0.11/janino-3.0.11.jar:/home/alex/Repositories/nifi/nifi-nar-bundles/nifi-standard-services/nifi-schema-registry-service-api/target/classes:/home/alex/Repositories/nifi/nifi-nar-bundles/nifi-extension-utils/nifi-database-utils/target/classes:/home/alex/Repositories/nifi/nifi-nar-bundles/nifi-standard-bundle/nifi-standard-web-test-utils/target/classes:/home/alex/.m2/repository/com/github/stefanbirkner/fake-sftp-server-rule/2.0.1/fake-sftp-server-rule-2.0.1.jar:/home/alex/.m2/repository/com/github/marschall/memoryfilesystem/2.8.0/memoryfilesystem-2.8.0.jar:/home/alex/.m2/repository/junit/junit/4.13.2/junit-4.13.2.jar:/home/alex/.m2/repository/org/hamcrest/hamcrest-core/1.3/hamcrest-core-1.3.jar:/home/alex/Repositories/nifi/nifi-nar-bundles/nifi-extension-utils/nifi-database-test-utils/target/classes:/home/alex/.m2/repository/org/codehaus/groovy/groovy-json/2.5.14/groovy-json-2.5.14.jar:/home/alex/.m2/repository/org/codehaus/groovy/groovy/2.5.14/groovy-2.5.14.jar:/home/alex/.m2/repository/org/codehaus/groovy/groovy-servlet/2.5.14/groovy-servlet-2.5.14.jar:/home/alex/.m2/repository/org/codehaus/groovy/groovy-templates/2.5.14/groovy-templates-2.5.14.jar:/home/alex/.m2/repository/org/codehaus/groovy/groovy-xml/2.5.14/groovy-xml-2.5.14.jar:/home/alex/.m2/repository/org/hamcrest/hamcrest-all/1.3/hamcrest-all-1.3.jar:/home/alex/.m2/repository/com/squareup/okhttp3/mockwebserver/4.9.2/mockwebserver-4.9.2.jar:/home/alex/.m2/repository/org/jetbrains/kotlin/kotlin-stdlib-jdk8/1.4.10/kotlin-stdlib-jdk8-1.4.10.jar:/home/alex/.m2/repository/org/jetbrains/kotlin/kotlin-stdlib-jdk7/1.4.10/kotlin-stdlib-jdk7-1.4.10.jar:/home/alex/.m2/repository/org/mockito/mockito-inline/3.12.4/mockito-inline-3.12.4.jar:/home/alex/.m2/repository/org/junit/jupiter/junit-jupiter-api/5.7.2/junit-jupiter-api-5.7.2.jar:/home/alex/.m2/repository/org/opentest4j/opentest4j/1.2.0/opentest4j-1.2.0.jar:/home/alex/.m2/repository/org/junit/platform/junit-platform-commons/1.7.2/junit-platform-commons-1.7.2.jar:/home/alex/.m2/repository/org/junit/jupiter/junit-jupiter-engine/5.7.2/junit-jupiter-engine-5.7.2.jar:/home/alex/.m2/repository/org/junit/platform/junit-platform-engine/1.7.2/junit-platform-engine-1.7.2.jar:/home/alex/.m2/repository/org/junit/vintage/junit-vintage-engine/5.7.2/junit-vintage-engine-5.7.2.jar:/home/alex/.m2/repository/org/junit/jupiter/junit-jupiter-params/5.7.2/junit-jupiter-params-5.7.2.jar:/home/alex/.m2/repository/org/mockito/mockito-core/3.11.2/mockito-core-3.11.2.jar:/home/alex/.m2/repository/net/bytebuddy/byte-buddy/1.11.3/byte-buddy-1.11.3.jar:/home/alex/.m2/repository/net/bytebuddy/byte-buddy-agent/1.11.3/byte-buddy-agent-1.11.3.jar:/home/alex/.m2/repository/org/objenesis/objenesis/3.2/objenesis-3.2.jar:/home/alex/.m2/repository/org/mockito/mockito-junit-jupiter/3.11.2/mockito-junit-jupiter-3.11.2.jar:/home/alex/.m2/repository/org/slf4j/slf4j-simple/1.7.32/slf4j-simple-1.7.32.jar:/home/alex/.m2/repository/org/codehaus/groovy/groovy-test/2.5.14/groovy-test-2.5.14.jar:"/>
    <property name="org.slf4j.simpleLogger.log.nifi.processors.standard.TestExecuteSQLRecord" value="debug"/>
    <property name="java.vm.vendor" value="Private Build"/>
    <property name="sun.arch.data.model" value="64"/>
    <property name="java.vendor.url" value="http://java.oracle.com/"/>
    <property name="user.timezone" value="Europe/Lisbon"/>
    <property name="java.vm.specification.version" value="1.8"/>
    <property name="os.name" value="Linux"/>
    <property name="user.country" value="US"/>
    <property name="sun.java.launcher" value="SUN_STANDARD"/>
    <property name="sun.boot.library.path" value="/usr/lib/jvm/java-8-openjdk-amd64/jre/lib/amd64"/>
    <property name="sun.java.command" value="/home/alex/Repositories/nifi/nifi-nar-bundles/nifi-standard-bundle/nifi-standard-processors/target/surefire/surefirebooter9102486319766494456.jar /home/alex/Repositories/nifi/nifi-nar-bundles/nifi-standard-bundle/nifi-standard-processors/target/surefire 2024-05-02T03-23-33_830-jvmRun1 surefire4678910215160170132tmp surefire_698813792753071590827tmp"/>
    <property name="org.slf4j.simpleLogger.log.nifi.io.nio" value="debug"/>
    <property name="surefire.test.class.path" value="/home/alex/Repositories/nifi/nifi-nar-bundles/nifi-standard-bundle/nifi-standard-processors/target/test-classes:/home/alex/Repositories/nifi/nifi-nar-bundles/nifi-standard-bundle/nifi-standard-processors/target/classes:/home/alex/.m2/repository/org/apache/ftpserver/ftpserver-core/1.1.1/ftpserver-core-1.1.1.jar:/home/alex/.m2/repository/org/apache/ftpserver/ftplet-api/1.1.1/ftplet-api-1.1.1.jar:/home/alex/.m2/repository/org/slf4j/slf4j-api/1.7.32/slf4j-api-1.7.32.jar:/home/alex/.m2/repository/org/apache/mina/mina-core/2.0.16/mina-core-2.0.16.jar:/home/alex/Repositories/nifi/nifi-api/target/classes:/home/alex/Repositories/nifi/nifi-commons/nifi-expression-language/target/classes:/home/alex/.m2/repository/org/antlr/antlr-runtime/3.5.2/antlr-runtime-3.5.2.jar:/home/alex/Repositories/nifi/nifi-commons/nifi-parameter/target/classes:/home/alex/Repositories/nifi/nifi-commons/nifi-uuid5/target/classes:/home/alex/.m2/repository/org/apache/commons/commons-text/1.8/commons-text-1.8.jar:/home/alex/Repositories/nifi/nifi-nar-bundles/nifi-extension-utils/nifi-processor-utils/target/classes:/home/alex/Repositories/nifi/nifi-commons/nifi-security-socket-ssl/target/classes:/home/alex/Repositories/nifi/nifi-nar-bundles/nifi-extension-utils/nifi-event-transport/target/classes:/home/alex/.m2/repository/io/netty/netty-handler/4.1.69.Final/netty-handler-4.1.69.Final.jar:/home/alex/.m2/repository/io/netty/netty-common/4.1.69.Final/netty-common-4.1.69.Final.jar:/home/alex/.m2/repository/io/netty/netty-resolver/4.1.69.Final/netty-resolver-4.1.69.Final.jar:/home/alex/.m2/repository/io/netty/netty-transport/4.1.69.Final/netty-transport-4.1.69.Final.jar:/home/alex/.m2/repository/io/netty/netty-codec/4.1.69.Final/netty-codec-4.1.69.Final.jar:/home/alex/Repositories/nifi/nifi-nar-bundles/nifi-extension-utils/nifi-syslog-utils/target/classes:/home/alex/.m2/repository/com/github/palindromicity/simple-syslog-5424/0.0.16/simple-syslog-5424-0.0.16.jar:/home/alex/.m2/repository/org/antlr/antlr4-runtime/4.7.2/antlr4-runtime-4.7.2.jar:/home/alex/Repositories/nifi/nifi-commons/nifi-utils/target/classes:/home/alex/Repositories/nifi/nifi-commons/nifi-record-path/target/classes:/home/alex/Repositories/nifi/nifi-commons/nifi-properties/target/classes:/home/alex/Repositories/nifi/nifi-commons/nifi-property-utils/target/classes:/home/alex/.m2/repository/com/github/ben-manes/caffeine/caffeine/2.8.1/caffeine-2.8.1.jar:/home/alex/Repositories/nifi/nifi-nar-bundles/nifi-standard-services/nifi-ssl-context-service-api/target/classes:/home/alex/Repositories/nifi/nifi-commons/nifi-security-utils-api/target/classes:/home/alex/Repositories/nifi/nifi-nar-bundles/nifi-standard-services/nifi-lookup-service-api/target/classes:/home/alex/Repositories/nifi/nifi-commons/nifi-flowfile-packager/target/classes:/home/alex/Repositories/nifi/nifi-nar-bundles/nifi-standard-services/nifi-distributed-cache-client-service-api/target/classes:/home/alex/Repositories/nifi/nifi-nar-bundles/nifi-standard-services/nifi-http-context-map-api/target/classes:/home/alex/Repositories/nifi/nifi-nar-bundles/nifi-standard-services/nifi-record-serialization-service-api/target/classes:/home/alex/Repositories/nifi/nifi-nar-bundles/nifi-standard-services/nifi-proxy-configuration-api/target/classes:/home/alex/Repositories/nifi/nifi-commons/nifi-record/target/classes:/home/alex/Repositories/nifi/nifi-nar-bundles/nifi-standard-services/nifi-record-sink-api/target/classes:/home/alex/.m2/repository/commons-io/commons-io/2.10.0/commons-io-2.10.0.jar:/home/alex/.m2/repository/javax/ws/rs/javax.ws.rs-api/2.1/javax.ws.rs-api-2.1.jar:/home/alex/.m2/repository/commons-net/commons-net/3.6/commons-net-3.6.jar:/home/alex/.m2/repository/org/apache/commons/commons-compress/1.21/commons-compress-1.21.jar:/home/alex/.m2/repository/org/apache/commons/commons-lang3/3.9/commons-lang3-3.9.jar:/home/alex/.m2/repository/org/bouncycastle/bcprov-jdk15on/1.69/bcprov-jdk15on-1.69.jar:/home/alex/.m2/repository/org/bouncycastle/bcpg-jdk15on/1.69/bcpg-jdk15on-1.69.jar:/home/alex/.m2/repository/org/bouncycastle/bcpkix-jdk15on/1.69/bcpkix-jdk15on-1.69.jar:/home/alex/.m2/repository/org/bouncycastle/bcutil-jdk15on/1.69/bcutil-jdk15on-1.69.jar:/home/alex/.m2/repository/commons-codec/commons-codec/1.14/commons-codec-1.14.jar:/home/alex/Repositories/nifi/nifi-commons/nifi-security-utils/target/classes:/home/alex/Repositories/nifi/nifi-commons/nifi-security-kms/target/classes:/home/alex/.m2/repository/org/apache/commons/commons-configuration2/2.7/commons-configuration2-2.7.jar:/home/alex/.m2/repository/com/hierynomus/sshj/0.32.0/sshj-0.32.0.jar:/home/alex/.m2/repository/com/jcraft/jzlib/1.1.3/jzlib-1.1.3.jar:/home/alex/.m2/repository/com/hierynomus/asn-one/0.6.0/asn-one-0.6.0.jar:/home/alex/.m2/repository/net/i2p/crypto/eddsa/0.3.0/eddsa-0.3.0.jar:/home/alex/.m2/repository/org/eclipse/jetty/jetty-server/9.4.44.v20210927/jetty-server-9.4.44.v20210927.jar:/home/alex/.m2/repository/javax/servlet/javax.servlet-api/3.1.0/javax.servlet-api-3.1.0.jar:/home/alex/.m2/repository/org/eclipse/jetty/jetty-http/9.4.44.v20210927/jetty-http-9.4.44.v20210927.jar:/home/alex/.m2/repository/org/eclipse/jetty/jetty-util/9.4.44.v20210927/jetty-util-9.4.44.v20210927.jar:/home/alex/.m2/repository/org/eclipse/jetty/jetty-io/9.4.44.v20210927/jetty-io-9.4.44.v20210927.jar:/home/alex/.m2/repository/org/eclipse/jetty/jetty-servlet/9.4.44.v20210927/jetty-servlet-9.4.44.v20210927.jar:/home/alex/.m2/repository/org/eclipse/jetty/jetty-security/9.4.44.v20210927/jetty-security-9.4.44.v20210927.jar:/home/alex/.m2/repository/org/eclipse/jetty/jetty-util-ajax/9.4.44.v20210927/jetty-util-ajax-9.4.44.v20210927.jar:/home/alex/.m2/repository/org/apache/httpcomponents/httpclient/4.5.5/httpclient-4.5.5.jar:/home/alex/.m2/repository/commons-logging/commons-logging/1.2/commons-logging-1.2.jar:/home/alex/.m2/repository/org/apache/httpcomponents/httpcore/4.4.9/httpcore-4.4.9.jar:/home/alex/.m2/repository/jakarta/activation/jakarta.activation-api/2.0.1/jakarta.activation-api-2.0.1.jar:/home/alex/.m2/repository/com/sun/activation/jakarta.activation/2.0.1/jakarta.activation-2.0.1.jar:/home/alex/.m2/repository/jakarta/mail/jakarta.mail-api/2.0.1/jakarta.mail-api-2.0.1.jar:/home/alex/.m2/repository/com/sun/mail/jakarta.mail/2.0.1/jakarta.mail-2.0.1.jar:/home/alex/.m2/repository/com/github/jponge/lzma-java/1.3/lzma-java-1.3.jar:/home/alex/.m2/repository/org/tukaani/xz/1.8/xz-1.8.jar:/home/alex/.m2/repository/net/sf/saxon/Saxon-HE/10.6/Saxon-HE-10.6.jar:/home/alex/Repositories/nifi/nifi-commons/nifi-socket-utils/target/classes:/home/alex/Repositories/nifi/nifi-commons/nifi-logging-utils/target/classes:/home/alex/Repositories/nifi/nifi-nar-bundles/nifi-standard-services/nifi-load-distribution-service-api/target/classes:/home/alex/.m2/repository/javax/jms/javax.jms-api/2.0.1/javax.jms-api-2.0.1.jar:/home/alex/.m2/repository/org/apache/activemq/activemq-client/5.15.15/activemq-client-5.15.15.jar:/home/alex/.m2/repository/org/apache/geronimo/specs/geronimo-jms_1.1_spec/1.1.1/geronimo-jms_1.1_spec-1.1.1.jar:/home/alex/.m2/repository/org/fusesource/hawtbuf/hawtbuf/1.11/hawtbuf-1.11.jar:/home/alex/.m2/repository/org/apache/geronimo/specs/geronimo-j2ee-management_1.1_spec/1.0.1/geronimo-j2ee-management_1.1_spec-1.0.1.jar:/home/alex/.m2/repository/com/jayway/jsonpath/json-path/2.6.0/json-path-2.6.0.jar:/home/alex/.m2/repository/net/minidev/json-smart/2.4.7/json-smart-2.4.7.jar:/home/alex/.m2/repository/net/minidev/accessors-smart/2.4.7/accessors-smart-2.4.7.jar:/home/alex/.m2/repository/org/ow2/asm/asm/9.1/asm-9.1.jar:/home/alex/.m2/repository/org/apache/tika/tika-core/1.26/tika-core-1.26.jar:/home/alex/.m2/repository/com/fasterxml/jackson/core/jackson-databind/2.12.3/jackson-databind-2.12.3.jar:/home/alex/.m2/repository/com/fasterxml/jackson/core/jackson-annotations/2.12.3/jackson-annotations-2.12.3.jar:/home/alex/.m2/repository/com/fasterxml/jackson/core/jackson-core/2.12.3/jackson-core-2.12.3.jar:/home/alex/Repositories/nifi/nifi-nar-bundles/nifi-extension-utils/nifi-record-utils/nifi-avro-record-utils/target/classes:/home/alex/Repositories/nifi/nifi-nar-bundles/nifi-extension-utils/nifi-record-utils/nifi-standard-record-utils/target/classes:/home/alex/.m2/repository/org/apache/avro/avro/1.8.1/avro-1.8.1.jar:/home/alex/.m2/repository/org/codehaus/jackson/jackson-core-asl/1.9.13/jackson-core-asl-1.9.13.jar:/home/alex/.m2/repository/org/codehaus/jackson/jackson-mapper-asl/1.9.13/jackson-mapper-asl-1.9.13.jar:/home/alex/.m2/repository/com/thoughtworks/paranamer/paranamer/2.7/paranamer-2.7.jar:/home/alex/Repositories/nifi/nifi-nar-bundles/nifi-standard-services/nifi-dbcp-service-api/target/classes:/home/alex/.m2/repository/com/squareup/okhttp3/okhttp/4.9.2/okhttp-4.9.2.jar:/home/alex/.m2/repository/com/squareup/okio/okio/2.8.0/okio-2.8.0.jar:/home/alex/.m2/repository/org/jetbrains/kotlin/kotlin-stdlib-common/1.4.0/kotlin-stdlib-common-1.4.0.jar:/home/alex/.m2/repository/org/jetbrains/kotlin/kotlin-stdlib/1.4.10/kotlin-stdlib-1.4.10.jar:/home/alex/.m2/repository/org/jetbrains/annotations/13.0/annotations-13.0.jar:/home/alex/.m2/repository/io/github/rburgst/okhttp-digest/2.5/okhttp-digest-2.5.jar:/home/alex/.m2/repository/at/favre/lib/bcrypt/0.9.0/bcrypt-0.9.0.jar:/home/alex/.m2/repository/at/favre/lib/bytes/1.3.0/bytes-1.3.0.jar:/home/alex/.m2/repository/com/google/guava/guava/28.0-jre/guava-28.0-jre.jar:/home/alex/.m2/repository/com/google/guava/failureaccess/1.0.1/failureaccess-1.0.1.jar:/home/alex/.m2/repository/com/google/guava/listenablefuture/9999.0-empty-to-avoid-conflict-with-guava/listenablefuture-9999.0-empty-to-avoid-conflict-with-guava.jar:/home/alex/.m2/repository/com/google/code/findbugs/jsr305/3.0.2/jsr305-3.0.2.jar:/home/alex/.m2/repository/org/checkerframework/checker-qual/2.8.1/checker-qual-2.8.1.jar:/home/alex/.m2/repository/com/google/errorprone/error_prone_annotations/2.3.2/error_prone_annotations-2.3.2.jar:/home/alex/.m2/repository/com/google/j2objc/j2objc-annotations/1.3/j2objc-annotations-1.3.jar:/home/alex/.m2/repository/org/codehaus/mojo/animal-sniffer-annotations/1.17/animal-sniffer-annotations-1.17.jar:/home/alex/Repositories/nifi/nifi-mock/target/classes:/home/alex/Repositories/nifi/nifi-framework-api/target/classes:/home/alex/Repositories/nifi/nifi-nar-bundles/nifi-framework-bundle/nifi-framework/nifi-framework-core-api/target/classes:/home/alex/Repositories/nifi/nifi-nar-bundles/nifi-framework-bundle/nifi-framework/nifi-framework-nar-utils/target/classes:/home/alex/Repositories/nifi/nifi-nar-bundles/nifi-framework-bundle/nifi-framework/nifi-client-dto/target/classes:/home/alex/.m2/repository/io/swagger/swagger-annotations/1.6.0/swagger-annotations-1.6.0.jar:/home/alex/Repositories/nifi/nifi-commons/nifi-site-to-site-client/target/classes:/home/alex/.m2/repository/org/apache/httpcomponents/httpasyncclient/4.1.4/httpasyncclient-4.1.4.jar:/home/alex/.m2/repository/org/apache/httpcomponents/httpcore-nio/4.4.10/httpcore-nio-4.4.10.jar:/home/alex/Repositories/nifi/nifi-nar-bundles/nifi-framework-bundle/nifi-framework/nifi-framework-authorization/target/classes:/home/alex/Repositories/nifi/nifi-registry/nifi-registry-core/nifi-registry-data-model/target/classes:/home/alex/Repositories/nifi/nifi-registry/nifi-registry-core/nifi-registry-revision/nifi-registry-revision-entity-model/target/classes:/home/alex/Repositories/nifi/nifi-registry/nifi-registry-core/nifi-registry-client/target/classes:/home/alex/Repositories/nifi/nifi-registry/nifi-registry-core/nifi-registry-security-utils/target/classes:/home/alex/.m2/repository/org/glassfish/jersey/core/jersey-client/2.33/jersey-client-2.33.jar:/home/alex/.m2/repository/jakarta/ws/rs/jakarta.ws.rs-api/2.1.6/jakarta.ws.rs-api-2.1.6.jar:/home/alex/.m2/repository/org/glassfish/hk2/external/jakarta.inject/2.6.1/jakarta.inject-2.6.1.jar:/home/alex/.m2/repository/org/glassfish/jersey/media/jersey-media-json-jackson/2.33/jersey-media-json-jackson-2.33.jar:/home/alex/.m2/repository/org/glassfish/jersey/ext/jersey-entity-filtering/2.33/jersey-entity-filtering-2.33.jar:/home/alex/.m2/repository/org/glassfish/jersey/inject/jersey-hk2/2.33/jersey-hk2-2.33.jar:/home/alex/.m2/repository/org/glassfish/hk2/hk2-locator/2.6.1/hk2-locator-2.6.1.jar:/home/alex/.m2/repository/org/glassfish/hk2/external/aopalliance-repackaged/2.6.1/aopalliance-repackaged-2.6.1.jar:/home/alex/.m2/repository/org/glassfish/hk2/hk2-api/2.6.1/hk2-api-2.6.1.jar:/home/alex/.m2/repository/org/glassfish/hk2/hk2-utils/2.6.1/hk2-utils-2.6.1.jar:/home/alex/.m2/repository/org/javassist/javassist/3.25.0-GA/javassist-3.25.0-GA.jar:/home/alex/.m2/repository/org/glassfish/jersey/core/jersey-common/2.33/jersey-common-2.33.jar:/home/alex/.m2/repository/jakarta/annotation/jakarta.annotation-api/1.3.5/jakarta.annotation-api-1.3.5.jar:/home/alex/.m2/repository/org/glassfish/hk2/osgi-resource-locator/1.0.3/osgi-resource-locator-1.0.3.jar:/home/alex/.m2/repository/org/glassfish/jersey/media/jersey-media-multipart/2.33/jersey-media-multipart-2.33.jar:/home/alex/.m2/repository/org/jvnet/mimepull/mimepull/1.9.13/mimepull-1.9.13.jar:/home/alex/Repositories/nifi/nifi-commons/nifi-data-provenance-utils/target/classes:/home/alex/Repositories/nifi/nifi-nar-bundles/nifi-standard-services/nifi-distributed-cache-services-bundle/nifi-distributed-cache-client-service/target/classes:/home/alex/Repositories/nifi/nifi-nar-bundles/nifi-standard-services/nifi-distributed-cache-services-bundle/nifi-distributed-cache-protocol/target/classes:/home/alex/.m2/repository/io/netty/netty-buffer/4.1.69.Final/netty-buffer-4.1.69.Final.jar:/home/alex/.m2/repository/com/google/http-client/google-http-client/1.28.0/google-http-client-1.28.0.jar:/home/alex/.m2/repository/io/opencensus/opencensus-api/0.18.0/opencensus-api-0.18.0.jar:/home/alex/.m2/repository/io/grpc/grpc-context/1.14.0/grpc-context-1.14.0.jar:/home/alex/.m2/repository/io/opencensus/opencensus-contrib-http-util/0.18.0/opencensus-contrib-http-util-0.18.0.jar:/home/alex/.m2/repository/org/apache/activemq/activemq-broker/5.15.14/activemq-broker-5.15.14.jar:/home/alex/.m2/repository/org/apache/activemq/activemq-openwire-legacy/5.15.14/activemq-openwire-legacy-5.15.14.jar:/home/alex/Repositories/nifi/nifi-nar-bundles/nifi-standard-services/nifi-ssl-context-bundle/nifi-ssl-context-service/target/classes:/home/alex/Repositories/nifi/nifi-nar-bundles/nifi-framework-bundle/nifi-framework/nifi-standard-prioritizers/target/classes:/home/alex/Repositories/nifi/nifi-nar-bundles/nifi-extension-utils/nifi-record-utils/nifi-mock-record-utils/target/classes:/home/alex/Repositories/nifi/nifi-nar-bundles/nifi-standard-services/nifi-record-serialization-services-bundle/nifi-record-serialization-services/target/classes:/home/alex/.m2/repository/org/apache/commons/commons-csv/1.8/commons-csv-1.8.jar:/home/alex/.m2/repository/com/fasterxml/jackson/dataformat/jackson-dataformat-csv/2.12.3/jackson-dataformat-csv-2.12.3.jar:/home/alex/.m2/repository/net/java/dev/stax-utils/stax-utils/20070216/stax-utils-20070216.jar:/home/alex/Repositories/nifi/nifi-nar-bundles/nifi-standard-services/nifi-lookup-services-bundle/nifi-lookup-services/target/classes:/home/alex/.m2/repository/commons-beanutils/commons-beanutils/1.9.4/commons-beanutils-1.9.4.jar:/home/alex/.m2/repository/commons-collections/commons-collections/3.2.2/commons-collections-3.2.2.jar:/home/alex/.m2/repository/com/maxmind/geoip2/geoip2/2.12.0/geoip2-2.12.0.jar:/home/alex/.m2/repository/com/maxmind/db/maxmind-db/1.2.2/maxmind-db-1.2.2.jar:/home/alex/.m2/repository/org/apache/derby/derby/10.14.2.0/derby-10.14.2.0.jar:/home/alex/.m2/repository/org/xerial/snappy/snappy-java/1.1.7.3/snappy-java-1.1.7.3.jar:/home/alex/.m2/repository/net/lingala/zip4j/zip4j/2.8.0/zip4j-2.8.0.jar:/home/alex/.m2/repository/com/h2database/h2/1.4.187/h2-1.4.187.jar:/home/alex/.m2/repository/org/mockftpserver/MockFtpServer/2.7.1/MockFtpServer-2.7.1.jar:/home/alex/.m2/repository/org/apache/sshd/sshd-core/1.7.0/sshd-core-1.7.0.jar:/home/alex/.m2/repository/com/bazaarvoice/jolt/jolt-core/0.1.1/jolt-core-0.1.1.jar:/home/alex/.m2/repository/javax/inject/javax.inject/1/javax.inject-1.jar:/home/alex/.m2/repository/com/bazaarvoice/jolt/json-utils/0.1.1/json-utils-0.1.1.jar:/home/alex/Repositories/nifi/nifi-nar-bundles/nifi-standard-bundle/nifi-standard-utils/target/classes:/home/alex/.m2/repository/net/sf/supercsv/super-csv/2.4.0/super-csv-2.4.0.jar:/home/alex/.m2/repository/com/fluenda/parcefone/2.1.0/parcefone-2.1.0.jar:/home/alex/.m2/repository/javax/validation/validation-api/1.1.0.Final/validation-api-1.1.0.Final.jar:/home/alex/.m2/repository/javax/el/javax.el-api/3.0.0/javax.el-api-3.0.0.jar:/home/alex/.m2/repository/com/github/wnameless/json/json-flattener/0.12.0/json-flattener-0.12.0.jar:/home/alex/.m2/repository/com/github/wnameless/json/json-base/2.0.0/json-base-2.0.0.jar:/home/alex/.m2/repository/org/apache/bval/bval-jsr/1.1.2/bval-jsr-1.1.2.jar:/home/alex/.m2/repository/org/apache/bval/bval-core/1.1.2/bval-core-1.1.2.jar:/home/alex/.m2/repository/io/krakens/java-grok/0.1.9/java-grok-0.1.9.jar:/home/alex/.m2/repository/org/apache/calcite/calcite-core/1.27.0/calcite-core-1.27.0.jar:/home/alex/.m2/repository/org/apache/calcite/calcite-linq4j/1.27.0/calcite-linq4j-1.27.0.jar:/home/alex/.m2/repository/com/esri/geometry/esri-geometry-api/2.2.0/esri-geometry-api-2.2.0.jar:/home/alex/.m2/repository/org/apache/calcite/avatica/avatica-core/1.18.0/avatica-core-1.18.0.jar:/home/alex/.m2/repository/org/apache/calcite/avatica/avatica-metrics/1.18.0/avatica-metrics-1.18.0.jar:/home/alex/.m2/repository/com/google/protobuf/protobuf-java/3.6.1/protobuf-java-3.6.1.jar:/home/alex/.m2/repository/org/apiguardian/apiguardian-api/1.1.0/apiguardian-api-1.1.0.jar:/home/alex/.m2/repository/com/fasterxml/jackson/dataformat/jackson-dataformat-yaml/2.10.0/jackson-dataformat-yaml-2.10.0.jar:/home/alex/.m2/repository/org/yaml/snakeyaml/1.29/snakeyaml-1.29.jar:/home/alex/.m2/repository/com/google/uzaygezen/uzaygezen-core/0.2/uzaygezen-core-0.2.jar:/home/alex/.m2/repository/com/yahoo/datasketches/sketches-core/0.9.0/sketches-core-0.9.0.jar:/home/alex/.m2/repository/com/yahoo/datasketches/memory/0.9.0/memory-0.9.0.jar:/home/alex/.m2/repository/net/hydromatic/aggdesigner-algorithm/6.0/aggdesigner-algorithm-6.0.jar:/home/alex/.m2/repository/commons-lang/commons-lang/2.4/commons-lang-2.4.jar:/home/alex/.m2/repository/org/apache/commons/commons-dbcp2/2.6.0/commons-dbcp2-2.6.0.jar:/home/alex/.m2/repository/org/apache/commons/commons-pool2/2.6.1/commons-pool2-2.6.1.jar:/home/alex/.m2/repository/org/codehaus/janino/commons-compiler/3.0.11/commons-compiler-3.0.11.jar:/home/alex/.m2/repository/org/codehaus/janino/janino/3.0.11/janino-3.0.11.jar:/home/alex/Repositories/nifi/nifi-nar-bundles/nifi-standard-services/nifi-schema-registry-service-api/target/classes:/home/alex/Repositories/nifi/nifi-nar-bundles/nifi-extension-utils/nifi-database-utils/target/classes:/home/alex/Repositories/nifi/nifi-nar-bundles/nifi-standard-bundle/nifi-standard-web-test-utils/target/classes:/home/alex/.m2/repository/com/github/stefanbirkner/fake-sftp-server-rule/2.0.1/fake-sftp-server-rule-2.0.1.jar:/home/alex/.m2/repository/com/github/marschall/memoryfilesystem/2.8.0/memoryfilesystem-2.8.0.jar:/home/alex/.m2/repository/junit/junit/4.13.2/junit-4.13.2.jar:/home/alex/.m2/repository/org/hamcrest/hamcrest-core/1.3/hamcrest-core-1.3.jar:/home/alex/Repositories/nifi/nifi-nar-bundles/nifi-extension-utils/nifi-database-test-utils/target/classes:/home/alex/.m2/repository/org/codehaus/groovy/groovy-json/2.5.14/groovy-json-2.5.14.jar:/home/alex/.m2/repository/org/codehaus/groovy/groovy/2.5.14/groovy-2.5.14.jar:/home/alex/.m2/repository/org/codehaus/groovy/groovy-servlet/2.5.14/groovy-servlet-2.5.14.jar:/home/alex/.m2/repository/org/codehaus/groovy/groovy-templates/2.5.14/groovy-templates-2.5.14.jar:/home/alex/.m2/repository/org/codehaus/groovy/groovy-xml/2.5.14/groovy-xml-2.5.14.jar:/home/alex/.m2/repository/org/hamcrest/hamcrest-all/1.3/hamcrest-all-1.3.jar:/home/alex/.m2/repository/com/squareup/okhttp3/mockwebserver/4.9.2/mockwebserver-4.9.2.jar:/home/alex/.m2/repository/org/jetbrains/kotlin/kotlin-stdlib-jdk8/1.4.10/kotlin-stdlib-jdk8-1.4.10.jar:/home/alex/.m2/repository/org/jetbrains/kotlin/kotlin-stdlib-jdk7/1.4.10/kotlin-stdlib-jdk7-1.4.10.jar:/home/alex/.m2/repository/org/mockito/mockito-inline/3.12.4/mockito-inline-3.12.4.jar:/home/alex/.m2/repository/org/junit/jupiter/junit-jupiter-api/5.7.2/junit-jupiter-api-5.7.2.jar:/home/alex/.m2/repository/org/opentest4j/opentest4j/1.2.0/opentest4j-1.2.0.jar:/home/alex/.m2/repository/org/junit/platform/junit-platform-commons/1.7.2/junit-platform-commons-1.7.2.jar:/home/alex/.m2/repository/org/junit/jupiter/junit-jupiter-engine/5.7.2/junit-jupiter-engine-5.7.2.jar:/home/alex/.m2/repository/org/junit/platform/junit-platform-engine/1.7.2/junit-platform-engine-1.7.2.jar:/home/alex/.m2/repository/org/junit/vintage/junit-vintage-engine/5.7.2/junit-vintage-engine-5.7.2.jar:/home/alex/.m2/repository/org/junit/jupiter/junit-jupiter-params/5.7.2/junit-jupiter-params-5.7.2.jar:/home/alex/.m2/repository/org/mockito/mockito-core/3.11.2/mockito-core-3.11.2.jar:/home/alex/.m2/repository/net/bytebuddy/byte-buddy/1.11.3/byte-buddy-1.11.3.jar:/home/alex/.m2/repository/net/bytebuddy/byte-buddy-agent/1.11.3/byte-buddy-agent-1.11.3.jar:/home/alex/.m2/repository/org/objenesis/objenesis/3.2/objenesis-3.2.jar:/home/alex/.m2/repository/org/mockito/mockito-junit-jupiter/3.11.2/mockito-junit-jupiter-3.11.2.jar:/home/alex/.m2/repository/org/slf4j/slf4j-simple/1.7.32/slf4j-simple-1.7.32.jar:/home/alex/.m2/repository/org/codehaus/groovy/groovy-test/2.5.14/groovy-test-2.5.14.jar:"/>
    <property name="sun.cpu.endian" value="little"/>
    <property name="user.home" value="/home/alex"/>
    <property name="user.language" value="en"/>
    <property name="java.specification.vendor" value="Oracle Corporation"/>
    <property name="java.home" value="/usr/lib/jvm/java-8-openjdk-amd64/jre"/>
    <property name="basedir" value="/home/alex/Repositories/nifi/nifi-nar-bundles/nifi-standard-bundle/nifi-standard-processors"/>
    <property name="file.separator" value="/"/>
    <property name="line.separator" value="&#10;"/>
    <property name="java.vm.specification.vendor" value="Oracle Corporation"/>
    <property name="java.specification.name" value="Java Platform API Specification"/>
    <property name="derby.stream.error.file" value="target/derby.log"/>
    <property name="org.slf4j.simpleLogger.log.org.apache.nifi" value="TRACE"/>
    <property name="javax.xml.xpath.XPathFactory:http://saxon.sf.net/jaxp/xpath/om" value="net.sf.saxon.xpath.XPathFactoryImpl"/>
    <property name="java.awt.graphicsenv" value="sun.awt.X11GraphicsEnvironment"/>
    <property name="org.slf4j.simpleLogger.log.org.apache.nifi.processors.standard.SQLTransform" value="debug"/>
    <property name="java.awt.headless" value="true"/>
    <property name="org.slf4j.simpleLogger.log.nifi.processors.standard.ExecuteSQLRecord" value="debug"/>
    <property name="org.slf4j.simpleLogger.showDateTime" value="true"/>
    <property name="surefire.real.class.path" value="/home/alex/Repositories/nifi/nifi-nar-bundles/nifi-standard-bundle/nifi-standard-processors/target/surefire/surefirebooter9102486319766494456.jar"/>
    <property name="sun.boot.class.path" value="/usr/lib/jvm/java-8-openjdk-amd64/jre/lib/resources.jar:/usr/lib/jvm/java-8-openjdk-amd64/jre/lib/rt.jar:/usr/lib/jvm/java-8-openjdk-amd64/jre/lib/sunrsasign.jar:/usr/lib/jvm/java-8-openjdk-amd64/jre/lib/jsse.jar:/usr/lib/jvm/java-8-openjdk-amd64/jre/lib/jce.jar:/usr/lib/jvm/java-8-openjdk-amd64/jre/lib/charsets.jar:/usr/lib/jvm/java-8-openjdk-amd64/jre/lib/jfr.jar:/usr/lib/jvm/java-8-openjdk-amd64/jre/classes"/>
    <property name="sun.management.compiler" value="HotSpot 64-Bit Tiered Compilers"/>
    <property name="org.slf4j.simpleLogger.log.nifi.processors.standard.TestExecuteSQL" value="debug"/>
    <property name="java.runtime.version" value="1.8.0_402-8u402-ga-2ubuntu1~22.04-b06"/>
    <property name="java.net.preferIPv4Stack" value="true"/>
    <property name="user.name" value="alex"/>
    <property name="path.separator" value=":"/>
    <property name="os.version" value="6.5.0-28-generic"/>
    <property name="java.endorsed.dirs" value="/usr/lib/jvm/java-8-openjdk-amd64/jre/lib/endorsed"/>
    <property name="java.runtime.name" value="OpenJDK Runtime Environment"/>
    <property name="org.slf4j.simpleLogger.log.nifi.processors.standard.DistributeLoad" value="debug"/>
    <property name="file.encoding" value="UTF-8"/>
    <property name="org.slf4j.simpleLogger.log.org.apache.nifi.processors.standard" value="DEBUG"/>
    <property name="org.slf4j.simpleLogger.log.nifi.processors.standard.ExecuteSQL" value="debug"/>
    <property name="sun.nio.ch.bugLevel" value=""/>
    <property name="java.vm.name" value="OpenJDK 64-Bit Server VM"/>
    <property name="localRepository" value="/home/alex/.m2/repository"/>
    <property name="java.vendor.url.bug" value="http://bugreport.sun.com/bugreport/"/>
    <property name="jetty.git.hash" value="8da83308eeca865e495e53ef315a249d63ba9332"/>
    <property name="java.io.tmpdir" value="/tmp"/>
    <property name="java.version" value="1.8.0_402"/>
    <property name="user.dir" value="/home/alex/Repositories/nifi/nifi-nar-bundles/nifi-standard-bundle/nifi-standard-processors"/>
    <property name="org.slf4j.simpleLogger.log.nifi.processors.standard.TestDetectDuplicate" value="debug"/>
    <property name="os.arch" value="amd64"/>
    <property name="java.vm.specification.name" value="Java Virtual Machine Specification"/>
    <property name="java.awt.printerjob" value="sun.print.PSPrinterJob"/>
    <property name="sun.os.patch.level" value="unknown"/>
    <property name="org.slf4j.simpleLogger.defaultLogLevel" value="info"/>
    <property name="java.library.path" value="/usr/java/packages/lib/amd64:/usr/lib/x86_64-linux-gnu/jni:/lib/x86_64-linux-gnu:/usr/lib/x86_64-linux-gnu:/usr/lib/jni:/lib:/usr/lib"/>
    <property name="java.vm.info" value="mixed mode"/>
    <property name="java.vendor" value="Private Build"/>
    <property name="java.vm.version" value="25.402-b06"/>
    <property name="org.slf4j.simpleLogger.log.nifi.processors.standard.DetectDuplicate" value="debug"/>
    <property name="java.specification.maintenance.version" value="5"/>
    <property name="java.ext.dirs" value="/usr/lib/jvm/java-8-openjdk-amd64/jre/lib/ext:/usr/java/packages/lib/ext"/>
    <property name="sun.io.unicode.encoding" value="UnicodeLittle"/>
    <property name="java.class.version" value="52.0"/>
  </properties>
  <testcase name="testSeparationStrategyNotKnown" classname="org.apache.nifi.processors.standard.TestRouteText" time="0.005"/>
  <testcase name="testRelationships" classname="org.apache.nifi.processors.standard.TestRouteText" time="0.002">
    <system-err><![CDATA[[main] DEBUG org.apache.nifi.processors.standard.RouteText - RouteText[id=71f151e6-bdee-475b-aef0-8b861b1d0017] Adding new dynamic property: PropertyDescriptor[simple]
[main] DEBUG org.apache.nifi.processors.standard.RouteText - RouteText[id=71f151e6-bdee-475b-aef0-8b861b1d0017] Adding new dynamic property: PropertyDescriptor[simple]
]]></system-err>
  </testcase>
  <testcase name="testSimpleContainsIgnoreCase" classname="org.apache.nifi.processors.standard.TestRouteText" time="0.003">
    <system-err><![CDATA[[main] DEBUG org.apache.nifi.processors.standard.RouteText - RouteText[id=045fa075-8cb0-48d9-bee5-7b64fcc50953] Adding new dynamic property: PropertyDescriptor[simple]
[pool-2303-thread-1] INFO org.apache.nifi.processors.standard.RouteText - RouteText[id=045fa075-8cb0-48d9-bee5-7b64fcc50953] Created FlowFile[1,97609131726915.mockFlowFile,17B] from FlowFile[0,97609131726915.mockFlowFile,26B]; routing to relationship simple
[pool-2303-thread-1] INFO org.apache.nifi.processors.standard.RouteText - RouteText[id=045fa075-8cb0-48d9-bee5-7b64fcc50953] Created FlowFile[2,97609131726915.mockFlowFile,9B] from FlowFile[0,97609131726915.mockFlowFile,26B]; routing to relationship unmatched
[pool-2303-thread-1] INFO org.apache.nifi.processors.standard.RouteText - RouteText[id=045fa075-8cb0-48d9-bee5-7b64fcc50953] Routing FlowFile[0,97609131726915.mockFlowFile,26B] to original
]]></system-err>
  </testcase>
  <testcase name="testSimpleDefaultContainRegularExpression" classname="org.apache.nifi.processors.standard.TestRouteText" time="0.005">
    <system-err><![CDATA[[main] DEBUG org.apache.nifi.processors.standard.RouteText - RouteText[id=1f07f050-9d99-4eba-847c-56bc579badd7] Adding new dynamic property: PropertyDescriptor[simple]
[pool-2304-thread-1] INFO org.apache.nifi.processors.standard.RouteText - RouteText[id=1f07f050-9d99-4eba-847c-56bc579badd7] Created FlowFile[1,97609134714722.mockFlowFile,17B] from FlowFile[0,97609134714722.mockFlowFile,26B]; routing to relationship simple
[pool-2304-thread-1] INFO org.apache.nifi.processors.standard.RouteText - RouteText[id=1f07f050-9d99-4eba-847c-56bc579badd7] Created FlowFile[2,97609134714722.mockFlowFile,9B] from FlowFile[0,97609134714722.mockFlowFile,26B]; routing to relationship unmatched
[pool-2304-thread-1] INFO org.apache.nifi.processors.standard.RouteText - RouteText[id=1f07f050-9d99-4eba-847c-56bc579badd7] Routing FlowFile[0,97609134714722.mockFlowFile,26B] to original
]]></system-err>
  </testcase>
  <testcase name="testXml" classname="org.apache.nifi.processors.standard.TestRouteText" time="0.001">
    <system-err><![CDATA[[main] DEBUG org.apache.nifi.processors.standard.RouteText - RouteText[id=3ff9bbb9-5f04-483c-b2ea-9f6edc173738] Adding new dynamic property: PropertyDescriptor[element]
[main] DEBUG org.apache.nifi.processors.standard.RouteText - RouteText[id=3ff9bbb9-5f04-483c-b2ea-9f6edc173738] Adding new dynamic property: PropertyDescriptor[NodeType]
[main] DEBUG org.apache.nifi.processors.standard.RouteText - RouteText[id=3ff9bbb9-5f04-483c-b2ea-9f6edc173738] Adding new dynamic property: PropertyDescriptor[name]
[pool-2305-thread-1] INFO org.apache.nifi.processors.standard.RouteText - RouteText[id=3ff9bbb9-5f04-483c-b2ea-9f6edc173738] Created FlowFile[4,XmlBundle.xsd,37B] from FlowFile[0,XmlBundle.xsd,1664B]; routing to relationship NodeType
[pool-2305-thread-1] INFO org.apache.nifi.processors.standard.RouteText - RouteText[id=3ff9bbb9-5f04-483c-b2ea-9f6edc173738] Created FlowFile[2,XmlBundle.xsd,352B] from FlowFile[0,XmlBundle.xsd,1664B]; routing to relationship element
[pool-2305-thread-1] INFO org.apache.nifi.processors.standard.RouteText - RouteText[id=3ff9bbb9-5f04-483c-b2ea-9f6edc173738] Created FlowFile[3,XmlBundle.xsd,468B] from FlowFile[0,XmlBundle.xsd,1664B]; routing to relationship name
[pool-2305-thread-1] INFO org.apache.nifi.processors.standard.RouteText - RouteText[id=3ff9bbb9-5f04-483c-b2ea-9f6edc173738] Created FlowFile[1,XmlBundle.xsd,1196B] from FlowFile[0,XmlBundle.xsd,1664B]; routing to relationship unmatched
[pool-2305-thread-1] INFO org.apache.nifi.processors.standard.RouteText - RouteText[id=3ff9bbb9-5f04-483c-b2ea-9f6edc173738] Routing FlowFile[0,XmlBundle.xsd,1664B] to original
]]></system-err>
  </testcase>
  <testcase name="testSatisfiesExpression" classname="org.apache.nifi.processors.standard.TestRouteText" time="0.006">
    <system-err><![CDATA[[main] DEBUG org.apache.nifi.processors.standard.RouteText - RouteText[id=e12dd2e2-3142-43c8-8343-e08850242f57] Adding new dynamic property: PropertyDescriptor[third-line]
[main] DEBUG org.apache.nifi.processors.standard.RouteText - RouteText[id=e12dd2e2-3142-43c8-8343-e08850242f57] Adding new dynamic property: PropertyDescriptor[empty]
[main] DEBUG org.apache.nifi.processors.standard.RouteText - RouteText[id=e12dd2e2-3142-43c8-8343-e08850242f57] Adding new dynamic property: PropertyDescriptor[second-field-you]
[pool-2306-thread-1] INFO org.apache.nifi.processors.standard.RouteText - RouteText[id=e12dd2e2-3142-43c8-8343-e08850242f57] Created FlowFile[3,97609141661880.mockFlowFile,14B] from FlowFile[0,97609141661880.mockFlowFile,28B]; routing to relationship third-line
[pool-2306-thread-1] INFO org.apache.nifi.processors.standard.RouteText - RouteText[id=e12dd2e2-3142-43c8-8343-e08850242f57] Created FlowFile[4,97609141661880.mockFlowFile,14B] from FlowFile[0,97609141661880.mockFlowFile,28B]; routing to relationship second-field-you
[pool-2306-thread-1] INFO org.apache.nifi.processors.standard.RouteText - RouteText[id=e12dd2e2-3142-43c8-8343-e08850242f57] Created FlowFile[2,97609141661880.mockFlowFile,8B] from FlowFile[0,97609141661880.mockFlowFile,28B]; routing to relationship empty
[pool-2306-thread-1] INFO org.apache.nifi.processors.standard.RouteText - RouteText[id=e12dd2e2-3142-43c8-8343-e08850242f57] Created FlowFile[1,97609141661880.mockFlowFile,6B] from FlowFile[0,97609141661880.mockFlowFile,28B]; routing to relationship unmatched
[pool-2306-thread-1] INFO org.apache.nifi.processors.standard.RouteText - RouteText[id=e12dd2e2-3142-43c8-8343-e08850242f57] Routing FlowFile[0,97609141661880.mockFlowFile,28B] to original
]]></system-err>
  </testcase>
  <testcase name="testRouteLineToMultipleRelationships" classname="org.apache.nifi.processors.standard.TestRouteText" time="0.001">
    <system-err><![CDATA[[main] DEBUG org.apache.nifi.processors.standard.RouteText - RouteText[id=bdd0bdfd-2a10-418d-9938-7d2eaffabeac] Adding new dynamic property: PropertyDescriptor[z]
[main] DEBUG org.apache.nifi.processors.standard.RouteText - RouteText[id=bdd0bdfd-2a10-418d-9938-7d2eaffabeac] Adding new dynamic property: PropertyDescriptor[e]
[main] DEBUG org.apache.nifi.processors.standard.RouteText - RouteText[id=bdd0bdfd-2a10-418d-9938-7d2eaffabeac] Adding new dynamic property: PropertyDescriptor[t]
[pool-2307-thread-1] INFO org.apache.nifi.processors.standard.RouteText - RouteText[id=bdd0bdfd-2a10-418d-9938-7d2eaffabeac] Created FlowFile[1,97609146789254.mockFlowFile,26B] from FlowFile[0,97609146789254.mockFlowFile,26B]; routing to relationship t
[pool-2307-thread-1] INFO org.apache.nifi.processors.standard.RouteText - RouteText[id=bdd0bdfd-2a10-418d-9938-7d2eaffabeac] Created FlowFile[2,97609146789254.mockFlowFile,17B] from FlowFile[0,97609146789254.mockFlowFile,26B]; routing to relationship e
[pool-2307-thread-1] INFO org.apache.nifi.processors.standard.RouteText - RouteText[id=bdd0bdfd-2a10-418d-9938-7d2eaffabeac] Routing FlowFile[0,97609146789254.mockFlowFile,26B] to original
]]></system-err>
  </testcase>
  <testcase name="testSimpleAllEnds" classname="org.apache.nifi.processors.standard.TestRouteText" time="0.001">
    <system-err><![CDATA[[main] DEBUG org.apache.nifi.processors.standard.RouteText - RouteText[id=1a9e60bf-3439-4a8a-9e2b-73a258019b24] Adding new dynamic property: PropertyDescriptor[second]
[main] DEBUG org.apache.nifi.processors.standard.RouteText - RouteText[id=1a9e60bf-3439-4a8a-9e2b-73a258019b24] Adding new dynamic property: PropertyDescriptor[simple]
[pool-2308-thread-1] INFO org.apache.nifi.processors.standard.RouteText - RouteText[id=1a9e60bf-3439-4a8a-9e2b-73a258019b24] Created FlowFile[2,97609147810493.mockFlowFile,9B] from FlowFile[0,97609147810493.mockFlowFile,26B]; routing to relationship unmatched
[pool-2308-thread-1] INFO org.apache.nifi.processors.standard.RouteText - RouteText[id=1a9e60bf-3439-4a8a-9e2b-73a258019b24] Created FlowFile[1,97609147810493.mockFlowFile,17B] from FlowFile[0,97609147810493.mockFlowFile,26B]; routing to relationship matched
[pool-2308-thread-1] INFO org.apache.nifi.processors.standard.RouteText - RouteText[id=1a9e60bf-3439-4a8a-9e2b-73a258019b24] Routing FlowFile[0,97609147810493.mockFlowFile,26B] to original
]]></system-err>
  </testcase>
  <testcase name="testJson" classname="org.apache.nifi.processors.standard.TestRouteText" time="0.004">
    <system-err><![CDATA[[main] DEBUG org.apache.nifi.processors.standard.RouteText - RouteText[id=3d7cf05f-202e-4b10-8525-797d37caeb72] Adding new dynamic property: PropertyDescriptor[address]
[main] DEBUG org.apache.nifi.processors.standard.RouteText - RouteText[id=3d7cf05f-202e-4b10-8525-797d37caeb72] Adding new dynamic property: PropertyDescriptor[greeting]
[pool-2309-thread-1] INFO org.apache.nifi.processors.standard.RouteText - RouteText[id=3d7cf05f-202e-4b10-8525-797d37caeb72] Created FlowFile[2,json-sample.json,447B] from FlowFile[0,json-sample.json,12466B]; routing to relationship address
[pool-2309-thread-1] INFO org.apache.nifi.processors.standard.RouteText - RouteText[id=3d7cf05f-202e-4b10-8525-797d37caeb72] Created FlowFile[3,json-sample.json,463B] from FlowFile[0,json-sample.json,12466B]; routing to relationship greeting
[pool-2309-thread-1] INFO org.apache.nifi.processors.standard.RouteText - RouteText[id=3d7cf05f-202e-4b10-8525-797d37caeb72] Created FlowFile[1,json-sample.json,11556B] from FlowFile[0,json-sample.json,12466B]; routing to relationship unmatched
[pool-2309-thread-1] INFO org.apache.nifi.processors.standard.RouteText - RouteText[id=3d7cf05f-202e-4b10-8525-797d37caeb72] Routing FlowFile[0,json-sample.json,12466B] to original
]]></system-err>
  </testcase>
  <testcase name="testSimpleAllMatchRegularExpression" classname="org.apache.nifi.processors.standard.TestRouteText" time="0.001">
    <system-err><![CDATA[[main] DEBUG org.apache.nifi.processors.standard.RouteText - RouteText[id=9b60a21f-d1e4-479e-8108-b1d9df5d462e] Adding new dynamic property: PropertyDescriptor[second]
[main] DEBUG org.apache.nifi.processors.standard.RouteText - RouteText[id=9b60a21f-d1e4-479e-8108-b1d9df5d462e] Adding new dynamic property: PropertyDescriptor[simple]
[pool-2310-thread-1] INFO org.apache.nifi.processors.standard.RouteText - RouteText[id=9b60a21f-d1e4-479e-8108-b1d9df5d462e] Created FlowFile[2,97609153317843.mockFlowFile,9B] from FlowFile[0,97609153317843.mockFlowFile,26B]; routing to relationship unmatched
[pool-2310-thread-1] INFO org.apache.nifi.processors.standard.RouteText - RouteText[id=9b60a21f-d1e4-479e-8108-b1d9df5d462e] Created FlowFile[1,97609153317843.mockFlowFile,17B] from FlowFile[0,97609153317843.mockFlowFile,26B]; routing to relationship matched
[pool-2310-thread-1] INFO org.apache.nifi.processors.standard.RouteText - RouteText[id=9b60a21f-d1e4-479e-8108-b1d9df5d462e] Routing FlowFile[0,97609153317843.mockFlowFile,26B] to original
]]></system-err>
  </testcase>
  <testcase name="testSimpleAnyEnds" classname="org.apache.nifi.processors.standard.TestRouteText" time="0.001">
    <system-err><![CDATA[[main] DEBUG org.apache.nifi.processors.standard.RouteText - RouteText[id=87640c0a-7447-4fa2-90e7-dea49e2082aa] Adding new dynamic property: PropertyDescriptor[simple]
[main] DEBUG org.apache.nifi.processors.standard.RouteText - RouteText[id=87640c0a-7447-4fa2-90e7-dea49e2082aa] Adding new dynamic property: PropertyDescriptor[no]
[pool-2311-thread-1] INFO org.apache.nifi.processors.standard.RouteText - RouteText[id=87640c0a-7447-4fa2-90e7-dea49e2082aa] Created FlowFile[2,97609154513250.mockFlowFile,9B] from FlowFile[0,97609154513250.mockFlowFile,26B]; routing to relationship unmatched
[pool-2311-thread-1] INFO org.apache.nifi.processors.standard.RouteText - RouteText[id=87640c0a-7447-4fa2-90e7-dea49e2082aa] Created FlowFile[1,97609154513250.mockFlowFile,17B] from FlowFile[0,97609154513250.mockFlowFile,26B]; routing to relationship matched
[pool-2311-thread-1] INFO org.apache.nifi.processors.standard.RouteText - RouteText[id=87640c0a-7447-4fa2-90e7-dea49e2082aa] Routing FlowFile[0,97609154513250.mockFlowFile,26B] to original
]]></system-err>
  </testcase>
  <testcase name="testSimpleCaseInsensitiveStartsMatch" classname="org.apache.nifi.processors.standard.TestRouteText" time="0.001">
    <system-err><![CDATA[[main] DEBUG org.apache.nifi.processors.standard.RouteText - RouteText[id=c8b61e62-a1d9-456a-9f5b-03e78426a65c] Adding new dynamic property: PropertyDescriptor[simple]
[pool-2312-thread-1] INFO org.apache.nifi.processors.standard.RouteText - RouteText[id=c8b61e62-a1d9-456a-9f5b-03e78426a65c] Created FlowFile[1,97609155664983.mockFlowFile,33B] from FlowFile[0,97609155664983.mockFlowFile,33B]; routing to relationship simple
[pool-2312-thread-1] INFO org.apache.nifi.processors.standard.RouteText - RouteText[id=c8b61e62-a1d9-456a-9f5b-03e78426a65c] Routing FlowFile[0,97609155664983.mockFlowFile,33B] to original
]]></system-err>
  </testcase>
  <testcase name="testMultipleGroupsSameRelationship" classname="org.apache.nifi.processors.standard.TestRouteText" time="0.001">
    <system-err><![CDATA[[main] DEBUG org.apache.nifi.processors.standard.RouteText - RouteText[id=07c6215b-24b3-4570-85f2-e9f592676020] Adding new dynamic property: PropertyDescriptor[o]
[pool-2313-thread-1] INFO org.apache.nifi.processors.standard.RouteText - RouteText[id=07c6215b-24b3-4570-85f2-e9f592676020] Created FlowFile[2,97609156464785.mockFlowFile,10B] from FlowFile[0,97609156464785.mockFlowFile,42B]; routing to relationship o
[pool-2313-thread-1] INFO org.apache.nifi.processors.standard.RouteText - RouteText[id=07c6215b-24b3-4570-85f2-e9f592676020] Created FlowFile[1,97609156464785.mockFlowFile,19B] from FlowFile[0,97609156464785.mockFlowFile,42B]; routing to relationship o
[pool-2313-thread-1] INFO org.apache.nifi.processors.standard.RouteText - RouteText[id=07c6215b-24b3-4570-85f2-e9f592676020] Created FlowFile[3,97609156464785.mockFlowFile,13B] from FlowFile[0,97609156464785.mockFlowFile,42B]; routing to relationship o
[pool-2313-thread-1] INFO org.apache.nifi.processors.standard.RouteText - RouteText[id=07c6215b-24b3-4570-85f2-e9f592676020] Routing FlowFile[0,97609156464785.mockFlowFile,42B] to original
]]></system-err>
  </testcase>
  <testcase name="testSimpleAnyEquals" classname="org.apache.nifi.processors.standard.TestRouteText" time="0.001">
    <system-err><![CDATA[[main] DEBUG org.apache.nifi.processors.standard.RouteText - RouteText[id=591d0d1b-2160-4ecf-8790-cca742f81fa4] Adding new dynamic property: PropertyDescriptor[simple]
[main] DEBUG org.apache.nifi.processors.standard.RouteText - RouteText[id=591d0d1b-2160-4ecf-8790-cca742f81fa4] Adding new dynamic property: PropertyDescriptor[no]
[pool-2314-thread-1] INFO org.apache.nifi.processors.standard.RouteText - RouteText[id=591d0d1b-2160-4ecf-8790-cca742f81fa4] Created FlowFile[2,97609157671856.mockFlowFile,9B] from FlowFile[0,97609157671856.mockFlowFile,26B]; routing to relationship unmatched
[pool-2314-thread-1] INFO org.apache.nifi.processors.standard.RouteText - RouteText[id=591d0d1b-2160-4ecf-8790-cca742f81fa4] Created FlowFile[1,97609157671856.mockFlowFile,17B] from FlowFile[0,97609157671856.mockFlowFile,26B]; routing to relationship matched
[pool-2314-thread-1] INFO org.apache.nifi.processors.standard.RouteText - RouteText[id=591d0d1b-2160-4ecf-8790-cca742f81fa4] Routing FlowFile[0,97609157671856.mockFlowFile,26B] to original
]]></system-err>
  </testcase>
  <testcase name="testSimpleAnyStarts" classname="org.apache.nifi.processors.standard.TestRouteText" time="0.001">
    <system-err><![CDATA[[main] DEBUG org.apache.nifi.processors.standard.RouteText - RouteText[id=9dc3c214-75f9-4290-98b2-46d2cb310f10] Adding new dynamic property: PropertyDescriptor[simple]
[main] DEBUG org.apache.nifi.processors.standard.RouteText - RouteText[id=9dc3c214-75f9-4290-98b2-46d2cb310f10] Adding new dynamic property: PropertyDescriptor[no]
[pool-2315-thread-1] INFO org.apache.nifi.processors.standard.RouteText - RouteText[id=9dc3c214-75f9-4290-98b2-46d2cb310f10] Created FlowFile[2,97609158553071.mockFlowFile,9B] from FlowFile[0,97609158553071.mockFlowFile,26B]; routing to relationship unmatched
[pool-2315-thread-1] INFO org.apache.nifi.processors.standard.RouteText - RouteText[id=9dc3c214-75f9-4290-98b2-46d2cb310f10] Created FlowFile[1,97609158553071.mockFlowFile,17B] from FlowFile[0,97609158553071.mockFlowFile,26B]; routing to relationship matched
[pool-2315-thread-1] INFO org.apache.nifi.processors.standard.RouteText - RouteText[id=9dc3c214-75f9-4290-98b2-46d2cb310f10] Routing FlowFile[0,97609158553071.mockFlowFile,26B] to original
]]></system-err>
  </testcase>
  <testcase name="testGroupDifferentRelationships" classname="org.apache.nifi.processors.standard.TestRouteText" time="0.001">
    <system-err><![CDATA[[main] DEBUG org.apache.nifi.processors.standard.RouteText - RouteText[id=f93f89d0-bb78-4c1c-9388-343fed438534] Adding new dynamic property: PropertyDescriptor[l]
[pool-2316-thread-1] INFO org.apache.nifi.processors.standard.RouteText - RouteText[id=f93f89d0-bb78-4c1c-9388-343fed438534] Created FlowFile[2,97609159608931.mockFlowFile,8B] from FlowFile[0,97609159608931.mockFlowFile,33B]; routing to relationship l
[pool-2316-thread-1] INFO org.apache.nifi.processors.standard.RouteText - RouteText[id=f93f89d0-bb78-4c1c-9388-343fed438534] Created FlowFile[1,97609159608931.mockFlowFile,8B] from FlowFile[0,97609159608931.mockFlowFile,33B]; routing to relationship l
[pool-2316-thread-1] INFO org.apache.nifi.processors.standard.RouteText - RouteText[id=f93f89d0-bb78-4c1c-9388-343fed438534] Created FlowFile[4,97609159608931.mockFlowFile,6B] from FlowFile[0,97609159608931.mockFlowFile,33B]; routing to relationship unmatched
[pool-2316-thread-1] INFO org.apache.nifi.processors.standard.RouteText - RouteText[id=f93f89d0-bb78-4c1c-9388-343fed438534] Created FlowFile[3,97609159608931.mockFlowFile,11B] from FlowFile[0,97609159608931.mockFlowFile,33B]; routing to relationship unmatched
[pool-2316-thread-1] INFO org.apache.nifi.processors.standard.RouteText - RouteText[id=f93f89d0-bb78-4c1c-9388-343fed438534] Routing FlowFile[0,97609159608931.mockFlowFile,33B] to original
]]></system-err>
  </testcase>
  <testcase name="testGroupSameRelationship" classname="org.apache.nifi.processors.standard.TestRouteText" time="0.001">
    <system-err><![CDATA[[main] DEBUG org.apache.nifi.processors.standard.RouteText - RouteText[id=a517788f-43a2-44df-a85d-a41bbde52ff7] Adding new dynamic property: PropertyDescriptor[o]
[pool-2317-thread-1] INFO org.apache.nifi.processors.standard.RouteText - RouteText[id=a517788f-43a2-44df-a85d-a41bbde52ff7] Created FlowFile[2,97609160858187.mockFlowFile,8B] from FlowFile[0,97609160858187.mockFlowFile,26B]; routing to relationship o
[pool-2317-thread-1] INFO org.apache.nifi.processors.standard.RouteText - RouteText[id=a517788f-43a2-44df-a85d-a41bbde52ff7] Created FlowFile[1,97609160858187.mockFlowFile,18B] from FlowFile[0,97609160858187.mockFlowFile,26B]; routing to relationship o
[pool-2317-thread-1] INFO org.apache.nifi.processors.standard.RouteText - RouteText[id=a517788f-43a2-44df-a85d-a41bbde52ff7] Routing FlowFile[0,97609160858187.mockFlowFile,26B] to original
]]></system-err>
  </testcase>
  <testcase name="testSimpleDefaultEquals" classname="org.apache.nifi.processors.standard.TestRouteText" time="0.001">
    <system-err><![CDATA[[main] DEBUG org.apache.nifi.processors.standard.RouteText - RouteText[id=4b2135c6-accb-4710-9e7e-bb577f09722a] Adding new dynamic property: PropertyDescriptor[simple]
[pool-2318-thread-1] INFO org.apache.nifi.processors.standard.RouteText - RouteText[id=4b2135c6-accb-4710-9e7e-bb577f09722a] Created FlowFile[1,97609161797681.mockFlowFile,17B] from FlowFile[0,97609161797681.mockFlowFile,26B]; routing to relationship simple
[pool-2318-thread-1] INFO org.apache.nifi.processors.standard.RouteText - RouteText[id=4b2135c6-accb-4710-9e7e-bb577f09722a] Created FlowFile[2,97609161797681.mockFlowFile,9B] from FlowFile[0,97609161797681.mockFlowFile,26B]; routing to relationship unmatched
[pool-2318-thread-1] INFO org.apache.nifi.processors.standard.RouteText - RouteText[id=4b2135c6-accb-4710-9e7e-bb577f09722a] Routing FlowFile[0,97609161797681.mockFlowFile,26B] to original
]]></system-err>
  </testcase>
  <testcase name="testSimpleDefaultEnd" classname="org.apache.nifi.processors.standard.TestRouteText" time="0.001">
    <system-err><![CDATA[[main] DEBUG org.apache.nifi.processors.standard.RouteText - RouteText[id=b9c8d2ef-8674-469a-97f4-4906fd5e4ccf] Adding new dynamic property: PropertyDescriptor[simple]
[pool-2319-thread-1] INFO org.apache.nifi.processors.standard.RouteText - RouteText[id=b9c8d2ef-8674-469a-97f4-4906fd5e4ccf] Created FlowFile[1,97609162580246.mockFlowFile,17B] from FlowFile[0,97609162580246.mockFlowFile,26B]; routing to relationship simple
[pool-2319-thread-1] INFO org.apache.nifi.processors.standard.RouteText - RouteText[id=b9c8d2ef-8674-469a-97f4-4906fd5e4ccf] Created FlowFile[2,97609162580246.mockFlowFile,9B] from FlowFile[0,97609162580246.mockFlowFile,26B]; routing to relationship unmatched
[pool-2319-thread-1] INFO org.apache.nifi.processors.standard.RouteText - RouteText[id=b9c8d2ef-8674-469a-97f4-4906fd5e4ccf] Routing FlowFile[0,97609162580246.mockFlowFile,26B] to original
]]></system-err>
  </testcase>
  <testcase name="testSimpleDefaultStarts" classname="org.apache.nifi.processors.standard.TestRouteText" time="0">
    <system-err><![CDATA[[main] DEBUG org.apache.nifi.processors.standard.RouteText - RouteText[id=7b234c91-a216-4adf-8446-6133967def35] Adding new dynamic property: PropertyDescriptor[simple]
[pool-2320-thread-1] INFO org.apache.nifi.processors.standard.RouteText - RouteText[id=7b234c91-a216-4adf-8446-6133967def35] Created FlowFile[1,97609163296270.mockFlowFile,17B] from FlowFile[0,97609163296270.mockFlowFile,26B]; routing to relationship simple
[pool-2320-thread-1] INFO org.apache.nifi.processors.standard.RouteText - RouteText[id=7b234c91-a216-4adf-8446-6133967def35] Created FlowFile[2,97609163296270.mockFlowFile,9B] from FlowFile[0,97609163296270.mockFlowFile,26B]; routing to relationship unmatched
[pool-2320-thread-1] INFO org.apache.nifi.processors.standard.RouteText - RouteText[id=7b234c91-a216-4adf-8446-6133967def35] Routing FlowFile[0,97609163296270.mockFlowFile,26B] to original
]]></system-err>
  </testcase>
  <testcase name="testSimpleAnyContainRegularExpression" classname="org.apache.nifi.processors.standard.TestRouteText" time="0.001">
    <system-err><![CDATA[[main] DEBUG org.apache.nifi.processors.standard.RouteText - RouteText[id=f4494017-5007-46bb-82ac-4f0f33993591] Adding new dynamic property: PropertyDescriptor[simple]
[main] DEBUG org.apache.nifi.processors.standard.RouteText - RouteText[id=f4494017-5007-46bb-82ac-4f0f33993591] Adding new dynamic property: PropertyDescriptor[no]
[pool-2321-thread-1] INFO org.apache.nifi.processors.standard.RouteText - RouteText[id=f4494017-5007-46bb-82ac-4f0f33993591] Created FlowFile[2,97609164178315.mockFlowFile,9B] from FlowFile[0,97609164178315.mockFlowFile,26B]; routing to relationship unmatched
[pool-2321-thread-1] INFO org.apache.nifi.processors.standard.RouteText - RouteText[id=f4494017-5007-46bb-82ac-4f0f33993591] Created FlowFile[1,97609164178315.mockFlowFile,17B] from FlowFile[0,97609164178315.mockFlowFile,26B]; routing to relationship matched
[pool-2321-thread-1] INFO org.apache.nifi.processors.standard.RouteText - RouteText[id=f4494017-5007-46bb-82ac-4f0f33993591] Routing FlowFile[0,97609164178315.mockFlowFile,26B] to original
]]></system-err>
  </testcase>
  <testcase name="testSimpleCaseSensitiveStartsMatch" classname="org.apache.nifi.processors.standard.TestRouteText" time="0.001">
    <system-err><![CDATA[[main] DEBUG org.apache.nifi.processors.standard.RouteText - RouteText[id=a3965546-b640-4a69-9f25-52f2fb1873c7] Adding new dynamic property: PropertyDescriptor[simple]
[pool-2322-thread-1] INFO org.apache.nifi.processors.standard.RouteText - RouteText[id=a3965546-b640-4a69-9f25-52f2fb1873c7] Created FlowFile[2,97609166012592.mockFlowFile,16B] from FlowFile[0,97609166012592.mockFlowFile,33B]; routing to relationship simple
[pool-2322-thread-1] INFO org.apache.nifi.processors.standard.RouteText - RouteText[id=a3965546-b640-4a69-9f25-52f2fb1873c7] Created FlowFile[1,97609166012592.mockFlowFile,17B] from FlowFile[0,97609166012592.mockFlowFile,33B]; routing to relationship unmatched
[pool-2322-thread-1] INFO org.apache.nifi.processors.standard.RouteText - RouteText[id=a3965546-b640-4a69-9f25-52f2fb1873c7] Routing FlowFile[0,97609166012592.mockFlowFile,33B] to original
]]></system-err>
  </testcase>
  <testcase name="testPatternCache" classname="org.apache.nifi.processors.standard.TestRouteText" time="1.195">
    <system-err><![CDATA[[main] DEBUG org.apache.nifi.processors.standard.RouteText - RouteText[id=88577823-16f9-4de2-ba04-780edacb1bd8] Adding new dynamic property: PropertyDescriptor[simple]
[pool-2323-thread-1] INFO org.apache.nifi.processors.standard.RouteText - RouteText[id=88577823-16f9-4de2-ba04-780edacb1bd8] Created FlowFile[2,97609166765852.mockFlowFile,9B] from FlowFile[0,97609166765852.mockFlowFile,9B]; routing to relationship unmatched
[pool-2323-thread-1] INFO org.apache.nifi.processors.standard.RouteText - RouteText[id=88577823-16f9-4de2-ba04-780edacb1bd8] Routing FlowFile[0,97609166765852.mockFlowFile,9B] to original
[pool-2323-thread-1] INFO org.apache.nifi.processors.standard.RouteText - RouteText[id=88577823-16f9-4de2-ba04-780edacb1bd8] Created FlowFile[3,97609166801053.mockFlowFile,15B] from FlowFile[1,97609166801053.mockFlowFile,15B]; routing to relationship unmatched
[pool-2323-thread-1] INFO org.apache.nifi.processors.standard.RouteText - RouteText[id=88577823-16f9-4de2-ba04-780edacb1bd8] Routing FlowFile[1,97609166801053.mockFlowFile,15B] to original
[main] DEBUG org.apache.nifi.processors.standard.RouteText - RouteText[id=88577823-16f9-4de2-ba04-780edacb1bd8] Adding new dynamic property: PropertyDescriptor[simple]
[pool-2324-thread-1] INFO org.apache.nifi.processors.standard.RouteText - RouteText[id=88577823-16f9-4de2-ba04-780edacb1bd8] Created FlowFile[5,97609168379968.mockFlowFile,21B] from FlowFile[4,97609168379968.mockFlowFile,21B]; routing to relationship simple
[pool-2324-thread-1] INFO org.apache.nifi.processors.standard.RouteText - RouteText[id=88577823-16f9-4de2-ba04-780edacb1bd8] Routing FlowFile[4,97609168379968.mockFlowFile,21B] to original
[main] DEBUG org.apache.nifi.processors.standard.RouteText - RouteText[id=88577823-16f9-4de2-ba04-780edacb1bd8] Adding new dynamic property: PropertyDescriptor[simple]
[pool-2325-thread-1] INFO org.apache.nifi.processors.standard.RouteText - RouteText[id=88577823-16f9-4de2-ba04-780edacb1bd8] Created FlowFile[7,97609169120785.mockFlowFile,21B] from FlowFile[6,97609169120785.mockFlowFile,21B]; routing to relationship simple
[pool-2325-thread-1] INFO org.apache.nifi.processors.standard.RouteText - RouteText[id=88577823-16f9-4de2-ba04-780edacb1bd8] Routing FlowFile[6,97609169120785.mockFlowFile,21B] to original
[main] DEBUG org.apache.nifi.processors.standard.RouteText - RouteText[id=88577823-16f9-4de2-ba04-780edacb1bd8] Adding new dynamic property: PropertyDescriptor[simple]
[pool-2326-thread-1] INFO org.apache.nifi.processors.standard.RouteText - RouteText[id=88577823-16f9-4de2-ba04-780edacb1bd8] Created FlowFile[9,97609169798772.mockFlowFile,21B] from FlowFile[8,97609169798772.mockFlowFile,21B]; routing to relationship simple
[pool-2326-thread-1] INFO org.apache.nifi.processors.standard.RouteText - RouteText[id=88577823-16f9-4de2-ba04-780edacb1bd8] Routing FlowFile[8,97609169798772.mockFlowFile,21B] to original
[main] DEBUG org.apache.nifi.processors.standard.RouteText - RouteText[id=88577823-16f9-4de2-ba04-780edacb1bd8] Adding new dynamic property: PropertyDescriptor[simple]
[pool-2327-thread-1] INFO org.apache.nifi.processors.standard.RouteText - RouteText[id=88577823-16f9-4de2-ba04-780edacb1bd8] Created FlowFile[11,97609170573360.mockFlowFile,21B] from FlowFile[10,97609170573360.mockFlowFile,21B]; routing to relationship simple
[pool-2327-thread-1] INFO org.apache.nifi.processors.standard.RouteText - RouteText[id=88577823-16f9-4de2-ba04-780edacb1bd8] Routing FlowFile[10,97609170573360.mockFlowFile,21B] to original
[main] DEBUG org.apache.nifi.processors.standard.RouteText - RouteText[id=88577823-16f9-4de2-ba04-780edacb1bd8] Adding new dynamic property: PropertyDescriptor[simple]
[pool-2328-thread-1] INFO org.apache.nifi.processors.standard.RouteText - RouteText[id=88577823-16f9-4de2-ba04-780edacb1bd8] Created FlowFile[13,97609171189653.mockFlowFile,21B] from FlowFile[12,97609171189653.mockFlowFile,21B]; routing to relationship simple
[pool-2328-thread-1] INFO org.apache.nifi.processors.standard.RouteText - RouteText[id=88577823-16f9-4de2-ba04-780edacb1bd8] Routing FlowFile[12,97609171189653.mockFlowFile,21B] to original
[main] DEBUG org.apache.nifi.processors.standard.RouteText - RouteText[id=88577823-16f9-4de2-ba04-780edacb1bd8] Adding new dynamic property: PropertyDescriptor[simple]
[pool-2329-thread-1] INFO org.apache.nifi.processors.standard.RouteText - RouteText[id=88577823-16f9-4de2-ba04-780edacb1bd8] Created FlowFile[15,97609171797201.mockFlowFile,21B] from FlowFile[14,97609171797201.mockFlowFile,21B]; routing to relationship simple
[pool-2329-thread-1] INFO org.apache.nifi.processors.standard.RouteText - RouteText[id=88577823-16f9-4de2-ba04-780edacb1bd8] Routing FlowFile[14,97609171797201.mockFlowFile,21B] to original
[main] DEBUG org.apache.nifi.processors.standard.RouteText - RouteText[id=88577823-16f9-4de2-ba04-780edacb1bd8] Adding new dynamic property: PropertyDescriptor[simple]
[pool-2330-thread-1] INFO org.apache.nifi.processors.standard.RouteText - RouteText[id=88577823-16f9-4de2-ba04-780edacb1bd8] Created FlowFile[17,97609172488892.mockFlowFile,21B] from FlowFile[16,97609172488892.mockFlowFile,21B]; routing to relationship simple
[pool-2330-thread-1] INFO org.apache.nifi.processors.standard.RouteText - RouteText[id=88577823-16f9-4de2-ba04-780edacb1bd8] Routing FlowFile[16,97609172488892.mockFlowFile,21B] to original
[main] DEBUG org.apache.nifi.processors.standard.RouteText - RouteText[id=88577823-16f9-4de2-ba04-780edacb1bd8] Adding new dynamic property: PropertyDescriptor[simple]
[pool-2331-thread-1] INFO org.apache.nifi.processors.standard.RouteText - RouteText[id=88577823-16f9-4de2-ba04-780edacb1bd8] Created FlowFile[19,97609173201603.mockFlowFile,21B] from FlowFile[18,97609173201603.mockFlowFile,21B]; routing to relationship simple
[pool-2331-thread-1] INFO org.apache.nifi.processors.standard.RouteText - RouteText[id=88577823-16f9-4de2-ba04-780edacb1bd8] Routing FlowFile[18,97609173201603.mockFlowFile,21B] to original
[main] DEBUG org.apache.nifi.processors.standard.RouteText - RouteText[id=88577823-16f9-4de2-ba04-780edacb1bd8] Adding new dynamic property: PropertyDescriptor[simple]
[pool-2332-thread-1] INFO org.apache.nifi.processors.standard.RouteText - RouteText[id=88577823-16f9-4de2-ba04-780edacb1bd8] Created FlowFile[21,97609173868437.mockFlowFile,21B] from FlowFile[20,97609173868437.mockFlowFile,21B]; routing to relationship simple
[pool-2332-thread-1] INFO org.apache.nifi.processors.standard.RouteText - RouteText[id=88577823-16f9-4de2-ba04-780edacb1bd8] Routing FlowFile[20,97609173868437.mockFlowFile,21B] to original
[main] DEBUG org.apache.nifi.processors.standard.RouteText - RouteText[id=88577823-16f9-4de2-ba04-780edacb1bd8] Adding new dynamic property: PropertyDescriptor[simple]
[pool-2333-thread-1] INFO org.apache.nifi.processors.standard.RouteText - RouteText[id=88577823-16f9-4de2-ba04-780edacb1bd8] Created FlowFile[23,97609174438046.mockFlowFile,21B] from FlowFile[22,97609174438046.mockFlowFile,21B]; routing to relationship simple
[pool-2333-thread-1] INFO org.apache.nifi.processors.standard.RouteText - RouteText[id=88577823-16f9-4de2-ba04-780edacb1bd8] Routing FlowFile[22,97609174438046.mockFlowFile,21B] to original
[main] DEBUG org.apache.nifi.processors.standard.RouteText - RouteText[id=88577823-16f9-4de2-ba04-780edacb1bd8] Adding new dynamic property: PropertyDescriptor[simple]
[pool-2334-thread-1] INFO org.apache.nifi.processors.standard.RouteText - RouteText[id=88577823-16f9-4de2-ba04-780edacb1bd8] Created FlowFile[25,97609175246701.mockFlowFile,22B] from FlowFile[24,97609175246701.mockFlowFile,22B]; routing to relationship simple
[pool-2334-thread-1] INFO org.apache.nifi.processors.standard.RouteText - RouteText[id=88577823-16f9-4de2-ba04-780edacb1bd8] Routing FlowFile[24,97609175246701.mockFlowFile,22B] to original
[main] DEBUG org.apache.nifi.processors.standard.RouteText - RouteText[id=88577823-16f9-4de2-ba04-780edacb1bd8] Adding new dynamic property: PropertyDescriptor[simple]
[pool-2335-thread-1] INFO org.apache.nifi.processors.standard.RouteText - RouteText[id=88577823-16f9-4de2-ba04-780edacb1bd8] Created FlowFile[27,97609176016223.mockFlowFile,22B] from FlowFile[26,97609176016223.mockFlowFile,22B]; routing to relationship simple
[pool-2335-thread-1] INFO org.apache.nifi.processors.standard.RouteText - RouteText[id=88577823-16f9-4de2-ba04-780edacb1bd8] Routing FlowFile[26,97609176016223.mockFlowFile,22B] to original
[main] DEBUG org.apache.nifi.processors.standard.RouteText - RouteText[id=88577823-16f9-4de2-ba04-780edacb1bd8] Adding new dynamic property: PropertyDescriptor[simple]
[pool-2336-thread-1] INFO org.apache.nifi.processors.standard.RouteText - RouteText[id=88577823-16f9-4de2-ba04-780edacb1bd8] Created FlowFile[29,97609176859713.mockFlowFile,22B] from FlowFile[28,97609176859713.mockFlowFile,22B]; routing to relationship simple
[pool-2336-thread-1] INFO org.apache.nifi.processors.standard.RouteText - RouteText[id=88577823-16f9-4de2-ba04-780edacb1bd8] Routing FlowFile[28,97609176859713.mockFlowFile,22B] to original
[main] DEBUG org.apache.nifi.processors.standard.RouteText - RouteText[id=88577823-16f9-4de2-ba04-780edacb1bd8] Adding new dynamic property: PropertyDescriptor[simple]
[pool-2337-thread-1] INFO org.apache.nifi.processors.standard.RouteText - RouteText[id=88577823-16f9-4de2-ba04-780edacb1bd8] Created FlowFile[31,97609177767721.mockFlowFile,22B] from FlowFile[30,97609177767721.mockFlowFile,22B]; routing to relationship simple
[pool-2337-thread-1] INFO org.apache.nifi.processors.standard.RouteText - RouteText[id=88577823-16f9-4de2-ba04-780edacb1bd8] Routing FlowFile[30,97609177767721.mockFlowFile,22B] to original
[main] DEBUG org.apache.nifi.processors.standard.RouteText - RouteText[id=88577823-16f9-4de2-ba04-780edacb1bd8] Adding new dynamic property: PropertyDescriptor[simple]
[pool-2338-thread-1] INFO org.apache.nifi.processors.standard.RouteText - RouteText[id=88577823-16f9-4de2-ba04-780edacb1bd8] Created FlowFile[33,97609178487857.mockFlowFile,22B] from FlowFile[32,97609178487857.mockFlowFile,22B]; routing to relationship simple
[pool-2338-thread-1] INFO org.apache.nifi.processors.standard.RouteText - RouteText[id=88577823-16f9-4de2-ba04-780edacb1bd8] Routing FlowFile[32,97609178487857.mockFlowFile,22B] to original
[main] DEBUG org.apache.nifi.processors.standard.RouteText - RouteText[id=88577823-16f9-4de2-ba04-780edacb1bd8] Adding new dynamic property: PropertyDescriptor[simple]
[pool-2339-thread-1] INFO org.apache.nifi.processors.standard.RouteText - RouteText[id=88577823-16f9-4de2-ba04-780edacb1bd8] Created FlowFile[35,97609179027973.mockFlowFile,22B] from FlowFile[34,97609179027973.mockFlowFile,22B]; routing to relationship simple
[pool-2339-thread-1] INFO org.apache.nifi.processors.standard.RouteText - RouteText[id=88577823-16f9-4de2-ba04-780edacb1bd8] Routing FlowFile[34,97609179027973.mockFlowFile,22B] to original
[main] DEBUG org.apache.nifi.processors.standard.RouteText - RouteText[id=88577823-16f9-4de2-ba04-780edacb1bd8] Adding new dynamic property: PropertyDescriptor[simple]
[pool-2340-thread-1] INFO org.apache.nifi.processors.standard.RouteText - RouteText[id=88577823-16f9-4de2-ba04-780edacb1bd8] Created FlowFile[37,97609179665930.mockFlowFile,22B] from FlowFile[36,97609179665930.mockFlowFile,22B]; routing to relationship simple
[pool-2340-thread-1] INFO org.apache.nifi.processors.standard.RouteText - RouteText[id=88577823-16f9-4de2-ba04-780edacb1bd8] Routing FlowFile[36,97609179665930.mockFlowFile,22B] to original
[main] DEBUG org.apache.nifi.processors.standard.RouteText - RouteText[id=88577823-16f9-4de2-ba04-780edacb1bd8] Adding new dynamic property: PropertyDescriptor[simple]
[pool-2341-thread-1] INFO org.apache.nifi.processors.standard.RouteText - RouteText[id=88577823-16f9-4de2-ba04-780edacb1bd8] Created FlowFile[39,97609180205158.mockFlowFile,22B] from FlowFile[38,97609180205158.mockFlowFile,22B]; routing to relationship simple
[pool-2341-thread-1] INFO org.apache.nifi.processors.standard.RouteText - RouteText[id=88577823-16f9-4de2-ba04-780edacb1bd8] Routing FlowFile[38,97609180205158.mockFlowFile,22B] to original
[main] DEBUG org.apache.nifi.processors.standard.RouteText - RouteText[id=88577823-16f9-4de2-ba04-780edacb1bd8] Adding new dynamic property: PropertyDescriptor[simple]
[pool-2342-thread-1] INFO org.apache.nifi.processors.standard.RouteText - RouteText[id=88577823-16f9-4de2-ba04-780edacb1bd8] Created FlowFile[41,97609180855157.mockFlowFile,22B] from FlowFile[40,97609180855157.mockFlowFile,22B]; routing to relationship simple
[pool-2342-thread-1] INFO org.apache.nifi.processors.standard.RouteText - RouteText[id=88577823-16f9-4de2-ba04-780edacb1bd8] Routing FlowFile[40,97609180855157.mockFlowFile,22B] to original
[main] DEBUG org.apache.nifi.processors.standard.RouteText - RouteText[id=88577823-16f9-4de2-ba04-780edacb1bd8] Adding new dynamic property: PropertyDescriptor[simple]
[pool-2343-thread-1] INFO org.apache.nifi.processors.standard.RouteText - RouteText[id=88577823-16f9-4de2-ba04-780edacb1bd8] Created FlowFile[43,97609181574838.mockFlowFile,22B] from FlowFile[42,97609181574838.mockFlowFile,22B]; routing to relationship simple
[pool-2343-thread-1] INFO org.apache.nifi.processors.standard.RouteText - RouteText[id=88577823-16f9-4de2-ba04-780edacb1bd8] Routing FlowFile[42,97609181574838.mockFlowFile,22B] to original
[main] DEBUG org.apache.nifi.processors.standard.RouteText - RouteText[id=88577823-16f9-4de2-ba04-780edacb1bd8] Adding new dynamic property: PropertyDescriptor[simple]
[pool-2344-thread-1] INFO org.apache.nifi.processors.standard.RouteText - RouteText[id=88577823-16f9-4de2-ba04-780edacb1bd8] Created FlowFile[45,97609182125726.mockFlowFile,22B] from FlowFile[44,97609182125726.mockFlowFile,22B]; routing to relationship simple
[pool-2344-thread-1] INFO org.apache.nifi.processors.standard.RouteText - RouteText[id=88577823-16f9-4de2-ba04-780edacb1bd8] Routing FlowFile[44,97609182125726.mockFlowFile,22B] to original
[main] DEBUG org.apache.nifi.processors.standard.RouteText - RouteText[id=88577823-16f9-4de2-ba04-780edacb1bd8] Adding new dynamic property: PropertyDescriptor[simple]
[pool-2345-thread-1] INFO org.apache.nifi.processors.standard.RouteText - RouteText[id=88577823-16f9-4de2-ba04-780edacb1bd8] Created FlowFile[47,97609182593012.mockFlowFile,22B] from FlowFile[46,97609182593012.mockFlowFile,22B]; routing to relationship simple
[pool-2345-thread-1] INFO org.apache.nifi.processors.standard.RouteText - RouteText[id=88577823-16f9-4de2-ba04-780edacb1bd8] Routing FlowFile[46,97609182593012.mockFlowFile,22B] to original
[main] DEBUG org.apache.nifi.processors.standard.RouteText - RouteText[id=88577823-16f9-4de2-ba04-780edacb1bd8] Adding new dynamic property: PropertyDescriptor[simple]
[pool-2346-thread-1] INFO org.apache.nifi.processors.standard.RouteText - RouteText[id=88577823-16f9-4de2-ba04-780edacb1bd8] Created FlowFile[49,97609182986379.mockFlowFile,22B] from FlowFile[48,97609182986379.mockFlowFile,22B]; routing to relationship simple
[pool-2346-thread-1] INFO org.apache.nifi.processors.standard.RouteText - RouteText[id=88577823-16f9-4de2-ba04-780edacb1bd8] Routing FlowFile[48,97609182986379.mockFlowFile,22B] to original
[main] DEBUG org.apache.nifi.processors.standard.RouteText - RouteText[id=88577823-16f9-4de2-ba04-780edacb1bd8] Adding new dynamic property: PropertyDescriptor[simple]
[pool-2347-thread-1] INFO org.apache.nifi.processors.standard.RouteText - RouteText[id=88577823-16f9-4de2-ba04-780edacb1bd8] Created FlowFile[51,97609183577124.mockFlowFile,22B] from FlowFile[50,97609183577124.mockFlowFile,22B]; routing to relationship simple
[pool-2347-thread-1] INFO org.apache.nifi.processors.standard.RouteText - RouteText[id=88577823-16f9-4de2-ba04-780edacb1bd8] Routing FlowFile[50,97609183577124.mockFlowFile,22B] to original
[main] DEBUG org.apache.nifi.processors.standard.RouteText - RouteText[id=88577823-16f9-4de2-ba04-780edacb1bd8] Adding new dynamic property: PropertyDescriptor[simple]
[pool-2348-thread-1] INFO org.apache.nifi.processors.standard.RouteText - RouteText[id=88577823-16f9-4de2-ba04-780edacb1bd8] Created FlowFile[53,97609184254772.mockFlowFile,22B] from FlowFile[52,97609184254772.mockFlowFile,22B]; routing to relationship simple
[pool-2348-thread-1] INFO org.apache.nifi.processors.standard.RouteText - RouteText[id=88577823-16f9-4de2-ba04-780edacb1bd8] Routing FlowFile[52,97609184254772.mockFlowFile,22B] to original
[main] DEBUG org.apache.nifi.processors.standard.RouteText - RouteText[id=88577823-16f9-4de2-ba04-780edacb1bd8] Adding new dynamic property: PropertyDescriptor[simple]
[pool-2349-thread-1] INFO org.apache.nifi.processors.standard.RouteText - RouteText[id=88577823-16f9-4de2-ba04-780edacb1bd8] Created FlowFile[55,97609184898905.mockFlowFile,22B] from FlowFile[54,97609184898905.mockFlowFile,22B]; routing to relationship simple
[pool-2349-thread-1] INFO org.apache.nifi.processors.standard.RouteText - RouteText[id=88577823-16f9-4de2-ba04-780edacb1bd8] Routing FlowFile[54,97609184898905.mockFlowFile,22B] to original
[main] DEBUG org.apache.nifi.processors.standard.RouteText - RouteText[id=88577823-16f9-4de2-ba04-780edacb1bd8] Adding new dynamic property: PropertyDescriptor[simple]
[pool-2350-thread-1] INFO org.apache.nifi.processors.standard.RouteText - RouteText[id=88577823-16f9-4de2-ba04-780edacb1bd8] Created FlowFile[57,97609185463441.mockFlowFile,22B] from FlowFile[56,97609185463441.mockFlowFile,22B]; routing to relationship simple
[pool-2350-thread-1] INFO org.apache.nifi.processors.standard.RouteText - RouteText[id=88577823-16f9-4de2-ba04-780edacb1bd8] Routing FlowFile[56,97609185463441.mockFlowFile,22B] to original
[main] DEBUG org.apache.nifi.processors.standard.RouteText - RouteText[id=88577823-16f9-4de2-ba04-780edacb1bd8] Adding new dynamic property: PropertyDescriptor[simple]
[pool-2351-thread-1] INFO org.apache.nifi.processors.standard.RouteText - RouteText[id=88577823-16f9-4de2-ba04-780edacb1bd8] Created FlowFile[59,97609185972868.mockFlowFile,22B] from FlowFile[58,97609185972868.mockFlowFile,22B]; routing to relationship simple
[pool-2351-thread-1] INFO org.apache.nifi.processors.standard.RouteText - RouteText[id=88577823-16f9-4de2-ba04-780edacb1bd8] Routing FlowFile[58,97609185972868.mockFlowFile,22B] to original
[main] DEBUG org.apache.nifi.processors.standard.RouteText - RouteText[id=88577823-16f9-4de2-ba04-780edacb1bd8] Adding new dynamic property: PropertyDescriptor[simple]
[pool-2352-thread-1] INFO org.apache.nifi.processors.standard.RouteText - RouteText[id=88577823-16f9-4de2-ba04-780edacb1bd8] Created FlowFile[61,97609186325120.mockFlowFile,22B] from FlowFile[60,97609186325120.mockFlowFile,22B]; routing to relationship simple
[pool-2352-thread-1] INFO org.apache.nifi.processors.standard.RouteText - RouteText[id=88577823-16f9-4de2-ba04-780edacb1bd8] Routing FlowFile[60,97609186325120.mockFlowFile,22B] to original
[main] DEBUG org.apache.nifi.processors.standard.RouteText - RouteText[id=88577823-16f9-4de2-ba04-780edacb1bd8] Adding new dynamic property: PropertyDescriptor[simple]
[pool-2353-thread-1] INFO org.apache.nifi.processors.standard.RouteText - RouteText[id=88577823-16f9-4de2-ba04-780edacb1bd8] Created FlowFile[63,97609186649384.mockFlowFile,22B] from FlowFile[62,97609186649384.mockFlowFile,22B]; routing to relationship simple
[pool-2353-thread-1] INFO org.apache.nifi.processors.standard.RouteText - RouteText[id=88577823-16f9-4de2-ba04-780edacb1bd8] Routing FlowFile[62,97609186649384.mockFlowFile,22B] to original
[main] DEBUG org.apache.nifi.processors.standard.RouteText - RouteText[id=88577823-16f9-4de2-ba04-780edacb1bd8] Adding new dynamic property: PropertyDescriptor[simple]
[pool-2354-thread-1] INFO org.apache.nifi.processors.standard.RouteText - RouteText[id=88577823-16f9-4de2-ba04-780edacb1bd8] Created FlowFile[65,97609186971219.mockFlowFile,22B] from FlowFile[64,97609186971219.mockFlowFile,22B]; routing to relationship simple
[pool-2354-thread-1] INFO org.apache.nifi.processors.standard.RouteText - RouteText[id=88577823-16f9-4de2-ba04-780edacb1bd8] Routing FlowFile[64,97609186971219.mockFlowFile,22B] to original
[main] DEBUG org.apache.nifi.processors.standard.RouteText - RouteText[id=88577823-16f9-4de2-ba04-780edacb1bd8] Adding new dynamic property: PropertyDescriptor[simple]
[pool-2355-thread-1] INFO org.apache.nifi.processors.standard.RouteText - RouteText[id=88577823-16f9-4de2-ba04-780edacb1bd8] Created FlowFile[67,97609187372140.mockFlowFile,22B] from FlowFile[66,97609187372140.mockFlowFile,22B]; routing to relationship simple
[pool-2355-thread-1] INFO org.apache.nifi.processors.standard.RouteText - RouteText[id=88577823-16f9-4de2-ba04-780edacb1bd8] Routing FlowFile[66,97609187372140.mockFlowFile,22B] to original
[main] DEBUG org.apache.nifi.processors.standard.RouteText - RouteText[id=88577823-16f9-4de2-ba04-780edacb1bd8] Adding new dynamic property: PropertyDescriptor[simple]
[pool-2356-thread-1] INFO org.apache.nifi.processors.standard.RouteText - RouteText[id=88577823-16f9-4de2-ba04-780edacb1bd8] Created FlowFile[69,97609187815083.mockFlowFile,22B] from FlowFile[68,97609187815083.mockFlowFile,22B]; routing to relationship simple
[pool-2356-thread-1] INFO org.apache.nifi.processors.standard.RouteText - RouteText[id=88577823-16f9-4de2-ba04-780edacb1bd8] Routing FlowFile[68,97609187815083.mockFlowFile,22B] to original
[main] DEBUG org.apache.nifi.processors.standard.RouteText - RouteText[id=88577823-16f9-4de2-ba04-780edacb1bd8] Adding new dynamic property: PropertyDescriptor[simple]
[pool-2357-thread-1] INFO org.apache.nifi.processors.standard.RouteText - RouteText[id=88577823-16f9-4de2-ba04-780edacb1bd8] Created FlowFile[71,97609188249124.mockFlowFile,22B] from FlowFile[70,97609188249124.mockFlowFile,22B]; routing to relationship simple
[pool-2357-thread-1] INFO org.apache.nifi.processors.standard.RouteText - RouteText[id=88577823-16f9-4de2-ba04-780edacb1bd8] Routing FlowFile[70,97609188249124.mockFlowFile,22B] to original
[main] DEBUG org.apache.nifi.processors.standard.RouteText - RouteText[id=88577823-16f9-4de2-ba04-780edacb1bd8] Adding new dynamic property: PropertyDescriptor[simple]
[pool-2358-thread-1] INFO org.apache.nifi.processors.standard.RouteText - RouteText[id=88577823-16f9-4de2-ba04-780edacb1bd8] Created FlowFile[73,97609188766965.mockFlowFile,22B] from FlowFile[72,97609188766965.mockFlowFile,22B]; routing to relationship simple
[pool-2358-thread-1] INFO org.apache.nifi.processors.standard.RouteText - RouteText[id=88577823-16f9-4de2-ba04-780edacb1bd8] Routing FlowFile[72,97609188766965.mockFlowFile,22B] to original
[main] DEBUG org.apache.nifi.processors.standard.RouteText - RouteText[id=88577823-16f9-4de2-ba04-780edacb1bd8] Adding new dynamic property: PropertyDescriptor[simple]
[pool-2359-thread-1] INFO org.apache.nifi.processors.standard.RouteText - RouteText[id=88577823-16f9-4de2-ba04-780edacb1bd8] Created FlowFile[75,97609189278419.mockFlowFile,22B] from FlowFile[74,97609189278419.mockFlowFile,22B]; routing to relationship simple
[pool-2359-thread-1] INFO org.apache.nifi.processors.standard.RouteText - RouteText[id=88577823-16f9-4de2-ba04-780edacb1bd8] Routing FlowFile[74,97609189278419.mockFlowFile,22B] to original
[main] DEBUG org.apache.nifi.processors.standard.RouteText - RouteText[id=88577823-16f9-4de2-ba04-780edacb1bd8] Adding new dynamic property: PropertyDescriptor[simple]
[pool-2360-thread-1] INFO org.apache.nifi.processors.standard.RouteText - RouteText[id=88577823-16f9-4de2-ba04-780edacb1bd8] Created FlowFile[77,97609189711272.mockFlowFile,22B] from FlowFile[76,97609189711272.mockFlowFile,22B]; routing to relationship simple
[pool-2360-thread-1] INFO org.apache.nifi.processors.standard.RouteText - RouteText[id=88577823-16f9-4de2-ba04-780edacb1bd8] Routing FlowFile[76,97609189711272.mockFlowFile,22B] to original
[main] DEBUG org.apache.nifi.processors.standard.RouteText - RouteText[id=88577823-16f9-4de2-ba04-780edacb1bd8] Adding new dynamic property: PropertyDescriptor[simple]
[pool-2361-thread-1] INFO org.apache.nifi.processors.standard.RouteText - RouteText[id=88577823-16f9-4de2-ba04-780edacb1bd8] Created FlowFile[79,97609190196429.mockFlowFile,22B] from FlowFile[78,97609190196429.mockFlowFile,22B]; routing to relationship simple
[pool-2361-thread-1] INFO org.apache.nifi.processors.standard.RouteText - RouteText[id=88577823-16f9-4de2-ba04-780edacb1bd8] Routing FlowFile[78,97609190196429.mockFlowFile,22B] to original
[main] DEBUG org.apache.nifi.processors.standard.RouteText - RouteText[id=88577823-16f9-4de2-ba04-780edacb1bd8] Adding new dynamic property: PropertyDescriptor[simple]
[pool-2362-thread-1] INFO org.apache.nifi.processors.standard.RouteText - RouteText[id=88577823-16f9-4de2-ba04-780edacb1bd8] Created FlowFile[81,97609190669394.mockFlowFile,22B] from FlowFile[80,97609190669394.mockFlowFile,22B]; routing to relationship simple
[pool-2362-thread-1] INFO org.apache.nifi.processors.standard.RouteText - RouteText[id=88577823-16f9-4de2-ba04-780edacb1bd8] Routing FlowFile[80,97609190669394.mockFlowFile,22B] to original
[main] DEBUG org.apache.nifi.processors.standard.RouteText - RouteText[id=88577823-16f9-4de2-ba04-780edacb1bd8] Adding new dynamic property: PropertyDescriptor[simple]
[pool-2363-thread-1] INFO org.apache.nifi.processors.standard.RouteText - RouteText[id=88577823-16f9-4de2-ba04-780edacb1bd8] Created FlowFile[83,97609191239109.mockFlowFile,22B] from FlowFile[82,97609191239109.mockFlowFile,22B]; routing to relationship simple
[pool-2363-thread-1] INFO org.apache.nifi.processors.standard.RouteText - RouteText[id=88577823-16f9-4de2-ba04-780edacb1bd8] Routing FlowFile[82,97609191239109.mockFlowFile,22B] to original
[main] DEBUG org.apache.nifi.processors.standard.RouteText - RouteText[id=88577823-16f9-4de2-ba04-780edacb1bd8] Adding new dynamic property: PropertyDescriptor[simple]
[pool-2364-thread-1] INFO org.apache.nifi.processors.standard.RouteText - RouteText[id=88577823-16f9-4de2-ba04-780edacb1bd8] Created FlowFile[85,97609191702283.mockFlowFile,22B] from FlowFile[84,97609191702283.mockFlowFile,22B]; routing to relationship simple
[pool-2364-thread-1] INFO org.apache.nifi.processors.standard.RouteText - RouteText[id=88577823-16f9-4de2-ba04-780edacb1bd8] Routing FlowFile[84,97609191702283.mockFlowFile,22B] to original
[main] DEBUG org.apache.nifi.processors.standard.RouteText - RouteText[id=88577823-16f9-4de2-ba04-780edacb1bd8] Adding new dynamic property: PropertyDescriptor[simple]
[pool-2365-thread-1] INFO org.apache.nifi.processors.standard.RouteText - RouteText[id=88577823-16f9-4de2-ba04-780edacb1bd8] Created FlowFile[87,97609192164209.mockFlowFile,22B] from FlowFile[86,97609192164209.mockFlowFile,22B]; routing to relationship simple
[pool-2365-thread-1] INFO org.apache.nifi.processors.standard.RouteText - RouteText[id=88577823-16f9-4de2-ba04-780edacb1bd8] Routing FlowFile[86,97609192164209.mockFlowFile,22B] to original
[main] DEBUG org.apache.nifi.processors.standard.RouteText - RouteText[id=88577823-16f9-4de2-ba04-780edacb1bd8] Adding new dynamic property: PropertyDescriptor[simple]
[pool-2366-thread-1] INFO org.apache.nifi.processors.standard.RouteText - RouteText[id=88577823-16f9-4de2-ba04-780edacb1bd8] Created FlowFile[89,97609192687377.mockFlowFile,22B] from FlowFile[88,97609192687377.mockFlowFile,22B]; routing to relationship simple
[pool-2366-thread-1] INFO org.apache.nifi.processors.standard.RouteText - RouteText[id=88577823-16f9-4de2-ba04-780edacb1bd8] Routing FlowFile[88,97609192687377.mockFlowFile,22B] to original
[main] DEBUG org.apache.nifi.processors.standard.RouteText - RouteText[id=88577823-16f9-4de2-ba04-780edacb1bd8] Adding new dynamic property: PropertyDescriptor[simple]
[pool-2367-thread-1] INFO org.apache.nifi.processors.standard.RouteText - RouteText[id=88577823-16f9-4de2-ba04-780edacb1bd8] Created FlowFile[91,97609193135329.mockFlowFile,22B] from FlowFile[90,97609193135329.mockFlowFile,22B]; routing to relationship simple
[pool-2367-thread-1] INFO org.apache.nifi.processors.standard.RouteText - RouteText[id=88577823-16f9-4de2-ba04-780edacb1bd8] Routing FlowFile[90,97609193135329.mockFlowFile,22B] to original
[main] DEBUG org.apache.nifi.processors.standard.RouteText - RouteText[id=88577823-16f9-4de2-ba04-780edacb1bd8] Adding new dynamic property: PropertyDescriptor[simple]
[pool-2368-thread-1] INFO org.apache.nifi.processors.standard.RouteText - RouteText[id=88577823-16f9-4de2-ba04-780edacb1bd8] Created FlowFile[93,97609193618297.mockFlowFile,22B] from FlowFile[92,97609193618297.mockFlowFile,22B]; routing to relationship simple
[pool-2368-thread-1] INFO org.apache.nifi.processors.standard.RouteText - RouteText[id=88577823-16f9-4de2-ba04-780edacb1bd8] Routing FlowFile[92,97609193618297.mockFlowFile,22B] to original
[main] DEBUG org.apache.nifi.processors.standard.RouteText - RouteText[id=88577823-16f9-4de2-ba04-780edacb1bd8] Adding new dynamic property: PropertyDescriptor[simple]
[pool-2369-thread-1] INFO org.apache.nifi.processors.standard.RouteText - RouteText[id=88577823-16f9-4de2-ba04-780edacb1bd8] Created FlowFile[95,97609193993244.mockFlowFile,22B] from FlowFile[94,97609193993244.mockFlowFile,22B]; routing to relationship simple
[pool-2369-thread-1] INFO org.apache.nifi.processors.standard.RouteText - RouteText[id=88577823-16f9-4de2-ba04-780edacb1bd8] Routing FlowFile[94,97609193993244.mockFlowFile,22B] to original
[main] DEBUG org.apache.nifi.processors.standard.RouteText - RouteText[id=88577823-16f9-4de2-ba04-780edacb1bd8] Adding new dynamic property: PropertyDescriptor[simple]
[pool-2370-thread-1] INFO org.apache.nifi.processors.standard.RouteText - RouteText[id=88577823-16f9-4de2-ba04-780edacb1bd8] Created FlowFile[97,97609194423599.mockFlowFile,22B] from FlowFile[96,97609194423599.mockFlowFile,22B]; routing to relationship simple
[pool-2370-thread-1] INFO org.apache.nifi.processors.standard.RouteText - RouteText[id=88577823-16f9-4de2-ba04-780edacb1bd8] Routing FlowFile[96,97609194423599.mockFlowFile,22B] to original
[main] DEBUG org.apache.nifi.processors.standard.RouteText - RouteText[id=88577823-16f9-4de2-ba04-780edacb1bd8] Adding new dynamic property: PropertyDescriptor[simple]
[pool-2371-thread-1] INFO org.apache.nifi.processors.standard.RouteText - RouteText[id=88577823-16f9-4de2-ba04-780edacb1bd8] Created FlowFile[99,97609194957887.mockFlowFile,22B] from FlowFile[98,97609194957887.mockFlowFile,22B]; routing to relationship simple
[pool-2371-thread-1] INFO org.apache.nifi.processors.standard.RouteText - RouteText[id=88577823-16f9-4de2-ba04-780edacb1bd8] Routing FlowFile[98,97609194957887.mockFlowFile,22B] to original
[main] DEBUG org.apache.nifi.processors.standard.RouteText - RouteText[id=88577823-16f9-4de2-ba04-780edacb1bd8] Adding new dynamic property: PropertyDescriptor[simple]
[pool-2372-thread-1] INFO org.apache.nifi.processors.standard.RouteText - RouteText[id=88577823-16f9-4de2-ba04-780edacb1bd8] Created FlowFile[101,97609195574917.mockFlowFile,22B] from FlowFile[100,97609195574917.mockFlowFile,22B]; routing to relationship simple
[pool-2372-thread-1] INFO org.apache.nifi.processors.standard.RouteText - RouteText[id=88577823-16f9-4de2-ba04-780edacb1bd8] Routing FlowFile[100,97609195574917.mockFlowFile,22B] to original
[main] DEBUG org.apache.nifi.processors.standard.RouteText - RouteText[id=88577823-16f9-4de2-ba04-780edacb1bd8] Adding new dynamic property: PropertyDescriptor[simple]
[pool-2373-thread-1] INFO org.apache.nifi.processors.standard.RouteText - RouteText[id=88577823-16f9-4de2-ba04-780edacb1bd8] Created FlowFile[103,97609196265750.mockFlowFile,22B] from FlowFile[102,97609196265750.mockFlowFile,22B]; routing to relationship simple
[pool-2373-thread-1] INFO org.apache.nifi.processors.standard.RouteText - RouteText[id=88577823-16f9-4de2-ba04-780edacb1bd8] Routing FlowFile[102,97609196265750.mockFlowFile,22B] to original
[main] DEBUG org.apache.nifi.processors.standard.RouteText - RouteText[id=88577823-16f9-4de2-ba04-780edacb1bd8] Adding new dynamic property: PropertyDescriptor[simple]
[pool-2374-thread-1] INFO org.apache.nifi.processors.standard.RouteText - RouteText[id=88577823-16f9-4de2-ba04-780edacb1bd8] Created FlowFile[105,97609197079956.mockFlowFile,22B] from FlowFile[104,97609197079956.mockFlowFile,22B]; routing to relationship simple
[pool-2374-thread-1] INFO org.apache.nifi.processors.standard.RouteText - RouteText[id=88577823-16f9-4de2-ba04-780edacb1bd8] Routing FlowFile[104,97609197079956.mockFlowFile,22B] to original
[main] DEBUG org.apache.nifi.processors.standard.RouteText - RouteText[id=88577823-16f9-4de2-ba04-780edacb1bd8] Adding new dynamic property: PropertyDescriptor[simple]
[pool-2375-thread-1] INFO org.apache.nifi.processors.standard.RouteText - RouteText[id=88577823-16f9-4de2-ba04-780edacb1bd8] Created FlowFile[107,97609197732740.mockFlowFile,22B] from FlowFile[106,97609197732740.mockFlowFile,22B]; routing to relationship simple
[pool-2375-thread-1] INFO org.apache.nifi.processors.standard.RouteText - RouteText[id=88577823-16f9-4de2-ba04-780edacb1bd8] Routing FlowFile[106,97609197732740.mockFlowFile,22B] to original
[main] DEBUG org.apache.nifi.processors.standard.RouteText - RouteText[id=88577823-16f9-4de2-ba04-780edacb1bd8] Adding new dynamic property: PropertyDescriptor[simple]
[pool-2376-thread-1] INFO org.apache.nifi.processors.standard.RouteText - RouteText[id=88577823-16f9-4de2-ba04-780edacb1bd8] Created FlowFile[109,97609198346646.mockFlowFile,22B] from FlowFile[108,97609198346646.mockFlowFile,22B]; routing to relationship simple
[pool-2376-thread-1] INFO org.apache.nifi.processors.standard.RouteText - RouteText[id=88577823-16f9-4de2-ba04-780edacb1bd8] Routing FlowFile[108,97609198346646.mockFlowFile,22B] to original
[main] DEBUG org.apache.nifi.processors.standard.RouteText - RouteText[id=88577823-16f9-4de2-ba04-780edacb1bd8] Adding new dynamic property: PropertyDescriptor[simple]
[pool-2377-thread-1] INFO org.apache.nifi.processors.standard.RouteText - RouteText[id=88577823-16f9-4de2-ba04-780edacb1bd8] Created FlowFile[111,97609198835489.mockFlowFile,22B] from FlowFile[110,97609198835489.mockFlowFile,22B]; routing to relationship simple
[pool-2377-thread-1] INFO org.apache.nifi.processors.standard.RouteText - RouteText[id=88577823-16f9-4de2-ba04-780edacb1bd8] Routing FlowFile[110,97609198835489.mockFlowFile,22B] to original
[main] DEBUG org.apache.nifi.processors.standard.RouteText - RouteText[id=88577823-16f9-4de2-ba04-780edacb1bd8] Adding new dynamic property: PropertyDescriptor[simple]
[pool-2378-thread-1] INFO org.apache.nifi.processors.standard.RouteText - RouteText[id=88577823-16f9-4de2-ba04-780edacb1bd8] Created FlowFile[113,97609199420525.mockFlowFile,22B] from FlowFile[112,97609199420525.mockFlowFile,22B]; routing to relationship simple
[pool-2378-thread-1] INFO org.apache.nifi.processors.standard.RouteText - RouteText[id=88577823-16f9-4de2-ba04-780edacb1bd8] Routing FlowFile[112,97609199420525.mockFlowFile,22B] to original
[main] DEBUG org.apache.nifi.processors.standard.RouteText - RouteText[id=88577823-16f9-4de2-ba04-780edacb1bd8] Adding new dynamic property: PropertyDescriptor[simple]
[pool-2379-thread-1] INFO org.apache.nifi.processors.standard.RouteText - RouteText[id=88577823-16f9-4de2-ba04-780edacb1bd8] Created FlowFile[115,97609200085500.mockFlowFile,22B] from FlowFile[114,97609200085500.mockFlowFile,22B]; routing to relationship simple
[pool-2379-thread-1] INFO org.apache.nifi.processors.standard.RouteText - RouteText[id=88577823-16f9-4de2-ba04-780edacb1bd8] Routing FlowFile[114,97609200085500.mockFlowFile,22B] to original
[main] DEBUG org.apache.nifi.processors.standard.RouteText - RouteText[id=88577823-16f9-4de2-ba04-780edacb1bd8] Adding new dynamic property: PropertyDescriptor[simple]
[pool-2380-thread-1] INFO org.apache.nifi.processors.standard.RouteText - RouteText[id=88577823-16f9-4de2-ba04-780edacb1bd8] Created FlowFile[117,97609200717803.mockFlowFile,22B] from FlowFile[116,97609200717803.mockFlowFile,22B]; routing to relationship simple
[pool-2380-thread-1] INFO org.apache.nifi.processors.standard.RouteText - RouteText[id=88577823-16f9-4de2-ba04-780edacb1bd8] Routing FlowFile[116,97609200717803.mockFlowFile,22B] to original
[main] DEBUG org.apache.nifi.processors.standard.RouteText - RouteText[id=88577823-16f9-4de2-ba04-780edacb1bd8] Adding new dynamic property: PropertyDescriptor[simple]
[pool-2381-thread-1] INFO org.apache.nifi.processors.standard.RouteText - RouteText[id=88577823-16f9-4de2-ba04-780edacb1bd8] Created FlowFile[119,97609201537186.mockFlowFile,22B] from FlowFile[118,97609201537186.mockFlowFile,22B]; routing to relationship simple
[pool-2381-thread-1] INFO org.apache.nifi.processors.standard.RouteText - RouteText[id=88577823-16f9-4de2-ba04-780edacb1bd8] Routing FlowFile[118,97609201537186.mockFlowFile,22B] to original
[main] DEBUG org.apache.nifi.processors.standard.RouteText - RouteText[id=88577823-16f9-4de2-ba04-780edacb1bd8] Adding new dynamic property: PropertyDescriptor[simple]
[pool-2382-thread-1] INFO org.apache.nifi.processors.standard.RouteText - RouteText[id=88577823-16f9-4de2-ba04-780edacb1bd8] Created FlowFile[121,97609202294746.mockFlowFile,22B] from FlowFile[120,97609202294746.mockFlowFile,22B]; routing to relationship simple
[pool-2382-thread-1] INFO org.apache.nifi.processors.standard.RouteText - RouteText[id=88577823-16f9-4de2-ba04-780edacb1bd8] Routing FlowFile[120,97609202294746.mockFlowFile,22B] to original
[main] DEBUG org.apache.nifi.processors.standard.RouteText - RouteText[id=88577823-16f9-4de2-ba04-780edacb1bd8] Adding new dynamic property: PropertyDescriptor[simple]
[pool-2383-thread-1] INFO org.apache.nifi.processors.standard.RouteText - RouteText[id=88577823-16f9-4de2-ba04-780edacb1bd8] Created FlowFile[123,97609202926746.mockFlowFile,22B] from FlowFile[122,97609202926746.mockFlowFile,22B]; routing to relationship simple
[pool-2383-thread-1] INFO org.apache.nifi.processors.standard.RouteText - RouteText[id=88577823-16f9-4de2-ba04-780edacb1bd8] Routing FlowFile[122,97609202926746.mockFlowFile,22B] to original
[main] DEBUG org.apache.nifi.processors.standard.RouteText - RouteText[id=88577823-16f9-4de2-ba04-780edacb1bd8] Adding new dynamic property: PropertyDescriptor[simple]
[pool-2384-thread-1] INFO org.apache.nifi.processors.standard.RouteText - RouteText[id=88577823-16f9-4de2-ba04-780edacb1bd8] Created FlowFile[125,97609203503484.mockFlowFile,22B] from FlowFile[124,97609203503484.mockFlowFile,22B]; routing to relationship simple
[pool-2384-thread-1] INFO org.apache.nifi.processors.standard.RouteText - RouteText[id=88577823-16f9-4de2-ba04-780edacb1bd8] Routing FlowFile[124,97609203503484.mockFlowFile,22B] to original
[main] DEBUG org.apache.nifi.processors.standard.RouteText - RouteText[id=88577823-16f9-4de2-ba04-780edacb1bd8] Adding new dynamic property: PropertyDescriptor[simple]
[pool-2385-thread-1] INFO org.apache.nifi.processors.standard.RouteText - RouteText[id=88577823-16f9-4de2-ba04-780edacb1bd8] Created FlowFile[127,97609204194969.mockFlowFile,22B] from FlowFile[126,97609204194969.mockFlowFile,22B]; routing to relationship simple
[pool-2385-thread-1] INFO org.apache.nifi.processors.standard.RouteText - RouteText[id=88577823-16f9-4de2-ba04-780edacb1bd8] Routing FlowFile[126,97609204194969.mockFlowFile,22B] to original
[main] DEBUG org.apache.nifi.processors.standard.RouteText - RouteText[id=88577823-16f9-4de2-ba04-780edacb1bd8] Adding new dynamic property: PropertyDescriptor[simple]
[pool-2386-thread-1] INFO org.apache.nifi.processors.standard.RouteText - RouteText[id=88577823-16f9-4de2-ba04-780edacb1bd8] Created FlowFile[129,97609204839718.mockFlowFile,22B] from FlowFile[128,97609204839718.mockFlowFile,22B]; routing to relationship simple
[pool-2386-thread-1] INFO org.apache.nifi.processors.standard.RouteText - RouteText[id=88577823-16f9-4de2-ba04-780edacb1bd8] Routing FlowFile[128,97609204839718.mockFlowFile,22B] to original
[main] DEBUG org.apache.nifi.processors.standard.RouteText - RouteText[id=88577823-16f9-4de2-ba04-780edacb1bd8] Adding new dynamic property: PropertyDescriptor[simple]
[pool-2387-thread-1] INFO org.apache.nifi.processors.standard.RouteText - RouteText[id=88577823-16f9-4de2-ba04-780edacb1bd8] Created FlowFile[131,97609205577265.mockFlowFile,22B] from FlowFile[130,97609205577265.mockFlowFile,22B]; routing to relationship simple
[pool-2387-thread-1] INFO org.apache.nifi.processors.standard.RouteText - RouteText[id=88577823-16f9-4de2-ba04-780edacb1bd8] Routing FlowFile[130,97609205577265.mockFlowFile,22B] to original
[main] DEBUG org.apache.nifi.processors.standard.RouteText - RouteText[id=88577823-16f9-4de2-ba04-780edacb1bd8] Adding new dynamic property: PropertyDescriptor[simple]
[pool-2388-thread-1] INFO org.apache.nifi.processors.standard.RouteText - RouteText[id=88577823-16f9-4de2-ba04-780edacb1bd8] Created FlowFile[133,97609206374752.mockFlowFile,22B] from FlowFile[132,97609206374752.mockFlowFile,22B]; routing to relationship simple
[pool-2388-thread-1] INFO org.apache.nifi.processors.standard.RouteText - RouteText[id=88577823-16f9-4de2-ba04-780edacb1bd8] Routing FlowFile[132,97609206374752.mockFlowFile,22B] to original
[main] DEBUG org.apache.nifi.processors.standard.RouteText - RouteText[id=88577823-16f9-4de2-ba04-780edacb1bd8] Adding new dynamic property: PropertyDescriptor[simple]
[pool-2389-thread-1] INFO org.apache.nifi.processors.standard.RouteText - RouteText[id=88577823-16f9-4de2-ba04-780edacb1bd8] Created FlowFile[135,97609207288289.mockFlowFile,22B] from FlowFile[134,97609207288289.mockFlowFile,22B]; routing to relationship simple
[pool-2389-thread-1] INFO org.apache.nifi.processors.standard.RouteText - RouteText[id=88577823-16f9-4de2-ba04-780edacb1bd8] Routing FlowFile[134,97609207288289.mockFlowFile,22B] to original
[main] DEBUG org.apache.nifi.processors.standard.RouteText - RouteText[id=88577823-16f9-4de2-ba04-780edacb1bd8] Adding new dynamic property: PropertyDescriptor[simple]
[pool-2390-thread-1] INFO org.apache.nifi.processors.standard.RouteText - RouteText[id=88577823-16f9-4de2-ba04-780edacb1bd8] Created FlowFile[137,97609207979726.mockFlowFile,22B] from FlowFile[136,97609207979726.mockFlowFile,22B]; routing to relationship simple
[pool-2390-thread-1] INFO org.apache.nifi.processors.standard.RouteText - RouteText[id=88577823-16f9-4de2-ba04-780edacb1bd8] Routing FlowFile[136,97609207979726.mockFlowFile,22B] to original
[main] DEBUG org.apache.nifi.processors.standard.RouteText - RouteText[id=88577823-16f9-4de2-ba04-780edacb1bd8] Adding new dynamic property: PropertyDescriptor[simple]
[pool-2391-thread-1] INFO org.apache.nifi.processors.standard.RouteText - RouteText[id=88577823-16f9-4de2-ba04-780edacb1bd8] Created FlowFile[139,97609208658009.mockFlowFile,22B] from FlowFile[138,97609208658009.mockFlowFile,22B]; routing to relationship simple
[pool-2391-thread-1] INFO org.apache.nifi.processors.standard.RouteText - RouteText[id=88577823-16f9-4de2-ba04-780edacb1bd8] Routing FlowFile[138,97609208658009.mockFlowFile,22B] to original
[main] DEBUG org.apache.nifi.processors.standard.RouteText - RouteText[id=88577823-16f9-4de2-ba04-780edacb1bd8] Adding new dynamic property: PropertyDescriptor[simple]
[pool-2392-thread-1] INFO org.apache.nifi.processors.standard.RouteText - RouteText[id=88577823-16f9-4de2-ba04-780edacb1bd8] Created FlowFile[141,97609209406275.mockFlowFile,22B] from FlowFile[140,97609209406275.mockFlowFile,22B]; routing to relationship simple
[pool-2392-thread-1] INFO org.apache.nifi.processors.standard.RouteText - RouteText[id=88577823-16f9-4de2-ba04-780edacb1bd8] Routing FlowFile[140,97609209406275.mockFlowFile,22B] to original
[main] DEBUG org.apache.nifi.processors.standard.RouteText - RouteText[id=88577823-16f9-4de2-ba04-780edacb1bd8] Adding new dynamic property: PropertyDescriptor[simple]
[pool-2393-thread-1] INFO org.apache.nifi.processors.standard.RouteText - RouteText[id=88577823-16f9-4de2-ba04-780edacb1bd8] Created FlowFile[143,97609210021447.mockFlowFile,22B] from FlowFile[142,97609210021447.mockFlowFile,22B]; routing to relationship simple
[pool-2393-thread-1] INFO org.apache.nifi.processors.standard.RouteText - RouteText[id=88577823-16f9-4de2-ba04-780edacb1bd8] Routing FlowFile[142,97609210021447.mockFlowFile,22B] to original
[main] DEBUG org.apache.nifi.processors.standard.RouteText - RouteText[id=88577823-16f9-4de2-ba04-780edacb1bd8] Adding new dynamic property: PropertyDescriptor[simple]
[pool-2394-thread-1] INFO org.apache.nifi.processors.standard.RouteText - RouteText[id=88577823-16f9-4de2-ba04-780edacb1bd8] Created FlowFile[145,97609211165566.mockFlowFile,22B] from FlowFile[144,97609211165566.mockFlowFile,22B]; routing to relationship simple
[pool-2394-thread-1] INFO org.apache.nifi.processors.standard.RouteText - RouteText[id=88577823-16f9-4de2-ba04-780edacb1bd8] Routing FlowFile[144,97609211165566.mockFlowFile,22B] to original
[main] DEBUG org.apache.nifi.processors.standard.RouteText - RouteText[id=88577823-16f9-4de2-ba04-780edacb1bd8] Adding new dynamic property: PropertyDescriptor[simple]
[pool-2395-thread-1] INFO org.apache.nifi.processors.standard.RouteText - RouteText[id=88577823-16f9-4de2-ba04-780edacb1bd8] Created FlowFile[147,97609211803341.mockFlowFile,22B] from FlowFile[146,97609211803341.mockFlowFile,22B]; routing to relationship simple
[pool-2395-thread-1] INFO org.apache.nifi.processors.standard.RouteText - RouteText[id=88577823-16f9-4de2-ba04-780edacb1bd8] Routing FlowFile[146,97609211803341.mockFlowFile,22B] to original
[main] DEBUG org.apache.nifi.processors.standard.RouteText - RouteText[id=88577823-16f9-4de2-ba04-780edacb1bd8] Adding new dynamic property: PropertyDescriptor[simple]
[pool-2396-thread-1] INFO org.apache.nifi.processors.standard.RouteText - RouteText[id=88577823-16f9-4de2-ba04-780edacb1bd8] Created FlowFile[149,97609212515202.mockFlowFile,22B] from FlowFile[148,97609212515202.mockFlowFile,22B]; routing to relationship simple
[pool-2396-thread-1] INFO org.apache.nifi.processors.standard.RouteText - RouteText[id=88577823-16f9-4de2-ba04-780edacb1bd8] Routing FlowFile[148,97609212515202.mockFlowFile,22B] to original
[main] DEBUG org.apache.nifi.processors.standard.RouteText - RouteText[id=88577823-16f9-4de2-ba04-780edacb1bd8] Adding new dynamic property: PropertyDescriptor[simple]
[pool-2397-thread-1] INFO org.apache.nifi.processors.standard.RouteText - RouteText[id=88577823-16f9-4de2-ba04-780edacb1bd8] Created FlowFile[151,97609213252319.mockFlowFile,22B] from FlowFile[150,97609213252319.mockFlowFile,22B]; routing to relationship simple
[pool-2397-thread-1] INFO org.apache.nifi.processors.standard.RouteText - RouteText[id=88577823-16f9-4de2-ba04-780edacb1bd8] Routing FlowFile[150,97609213252319.mockFlowFile,22B] to original
[main] DEBUG org.apache.nifi.processors.standard.RouteText - RouteText[id=88577823-16f9-4de2-ba04-780edacb1bd8] Adding new dynamic property: PropertyDescriptor[simple]
[pool-2398-thread-1] INFO org.apache.nifi.processors.standard.RouteText - RouteText[id=88577823-16f9-4de2-ba04-780edacb1bd8] Created FlowFile[153,97609213959629.mockFlowFile,22B] from FlowFile[152,97609213959629.mockFlowFile,22B]; routing to relationship simple
[pool-2398-thread-1] INFO org.apache.nifi.processors.standard.RouteText - RouteText[id=88577823-16f9-4de2-ba04-780edacb1bd8] Routing FlowFile[152,97609213959629.mockFlowFile,22B] to original
[main] DEBUG org.apache.nifi.processors.standard.RouteText - RouteText[id=88577823-16f9-4de2-ba04-780edacb1bd8] Adding new dynamic property: PropertyDescriptor[simple]
[pool-2399-thread-1] INFO org.apache.nifi.processors.standard.RouteText - RouteText[id=88577823-16f9-4de2-ba04-780edacb1bd8] Created FlowFile[155,97609214632958.mockFlowFile,22B] from FlowFile[154,97609214632958.mockFlowFile,22B]; routing to relationship simple
[pool-2399-thread-1] INFO org.apache.nifi.processors.standard.RouteText - RouteText[id=88577823-16f9-4de2-ba04-780edacb1bd8] Routing FlowFile[154,97609214632958.mockFlowFile,22B] to original
[main] DEBUG org.apache.nifi.processors.standard.RouteText - RouteText[id=88577823-16f9-4de2-ba04-780edacb1bd8] Adding new dynamic property: PropertyDescriptor[simple]
[pool-2400-thread-1] INFO org.apache.nifi.processors.standard.RouteText - RouteText[id=88577823-16f9-4de2-ba04-780edacb1bd8] Created FlowFile[157,97609215350820.mockFlowFile,22B] from FlowFile[156,97609215350820.mockFlowFile,22B]; routing to relationship simple
[pool-2400-thread-1] INFO org.apache.nifi.processors.standard.RouteText - RouteText[id=88577823-16f9-4de2-ba04-780edacb1bd8] Routing FlowFile[156,97609215350820.mockFlowFile,22B] to original
[main] DEBUG org.apache.nifi.processors.standard.RouteText - RouteText[id=88577823-16f9-4de2-ba04-780edacb1bd8] Adding new dynamic property: PropertyDescriptor[simple]
[pool-2401-thread-1] INFO org.apache.nifi.processors.standard.RouteText - RouteText[id=88577823-16f9-4de2-ba04-780edacb1bd8] Created FlowFile[159,97609216025834.mockFlowFile,22B] from FlowFile[158,97609216025834.mockFlowFile,22B]; routing to relationship simple
[pool-2401-thread-1] INFO org.apache.nifi.processors.standard.RouteText - RouteText[id=88577823-16f9-4de2-ba04-780edacb1bd8] Routing FlowFile[158,97609216025834.mockFlowFile,22B] to original
[main] DEBUG org.apache.nifi.processors.standard.RouteText - RouteText[id=88577823-16f9-4de2-ba04-780edacb1bd8] Adding new dynamic property: PropertyDescriptor[simple]
[pool-2402-thread-1] INFO org.apache.nifi.processors.standard.RouteText - RouteText[id=88577823-16f9-4de2-ba04-780edacb1bd8] Created FlowFile[161,97609216701902.mockFlowFile,22B] from FlowFile[160,97609216701902.mockFlowFile,22B]; routing to relationship simple
[pool-2402-thread-1] INFO org.apache.nifi.processors.standard.RouteText - RouteText[id=88577823-16f9-4de2-ba04-780edacb1bd8] Routing FlowFile[160,97609216701902.mockFlowFile,22B] to original
[main] DEBUG org.apache.nifi.processors.standard.RouteText - RouteText[id=88577823-16f9-4de2-ba04-780edacb1bd8] Adding new dynamic property: PropertyDescriptor[simple]
[pool-2403-thread-1] INFO org.apache.nifi.processors.standard.RouteText - RouteText[id=88577823-16f9-4de2-ba04-780edacb1bd8] Created FlowFile[163,97609217391417.mockFlowFile,22B] from FlowFile[162,97609217391417.mockFlowFile,22B]; routing to relationship simple
[pool-2403-thread-1] INFO org.apache.nifi.processors.standard.RouteText - RouteText[id=88577823-16f9-4de2-ba04-780edacb1bd8] Routing FlowFile[162,97609217391417.mockFlowFile,22B] to original
[main] DEBUG org.apache.nifi.processors.standard.RouteText - RouteText[id=88577823-16f9-4de2-ba04-780edacb1bd8] Adding new dynamic property: PropertyDescriptor[simple]
[pool-2404-thread-1] INFO org.apache.nifi.processors.standard.RouteText - RouteText[id=88577823-16f9-4de2-ba04-780edacb1bd8] Created FlowFile[165,97609218008962.mockFlowFile,22B] from FlowFile[164,97609218008962.mockFlowFile,22B]; routing to relationship simple
[pool-2404-thread-1] INFO org.apache.nifi.processors.standard.RouteText - RouteText[id=88577823-16f9-4de2-ba04-780edacb1bd8] Routing FlowFile[164,97609218008962.mockFlowFile,22B] to original
[main] DEBUG org.apache.nifi.processors.standard.RouteText - RouteText[id=88577823-16f9-4de2-ba04-780edacb1bd8] Adding new dynamic property: PropertyDescriptor[simple]
[pool-2405-thread-1] INFO org.apache.nifi.processors.standard.RouteText - RouteText[id=88577823-16f9-4de2-ba04-780edacb1bd8] Created FlowFile[167,97609218545076.mockFlowFile,22B] from FlowFile[166,97609218545076.mockFlowFile,22B]; routing to relationship simple
[pool-2405-thread-1] INFO org.apache.nifi.processors.standard.RouteText - RouteText[id=88577823-16f9-4de2-ba04-780edacb1bd8] Routing FlowFile[166,97609218545076.mockFlowFile,22B] to original
[main] DEBUG org.apache.nifi.processors.standard.RouteText - RouteText[id=88577823-16f9-4de2-ba04-780edacb1bd8] Adding new dynamic property: PropertyDescriptor[simple]
[pool-2406-thread-1] INFO org.apache.nifi.processors.standard.RouteText - RouteText[id=88577823-16f9-4de2-ba04-780edacb1bd8] Created FlowFile[169,97609219196459.mockFlowFile,22B] from FlowFile[168,97609219196459.mockFlowFile,22B]; routing to relationship simple
[pool-2406-thread-1] INFO org.apache.nifi.processors.standard.RouteText - RouteText[id=88577823-16f9-4de2-ba04-780edacb1bd8] Routing FlowFile[168,97609219196459.mockFlowFile,22B] to original
[main] DEBUG org.apache.nifi.processors.standard.RouteText - RouteText[id=88577823-16f9-4de2-ba04-780edacb1bd8] Adding new dynamic property: PropertyDescriptor[simple]
[pool-2407-thread-1] INFO org.apache.nifi.processors.standard.RouteText - RouteText[id=88577823-16f9-4de2-ba04-780edacb1bd8] Created FlowFile[171,97609219891750.mockFlowFile,22B] from FlowFile[170,97609219891750.mockFlowFile,22B]; routing to relationship simple
[pool-2407-thread-1] INFO org.apache.nifi.processors.standard.RouteText - RouteText[id=88577823-16f9-4de2-ba04-780edacb1bd8] Routing FlowFile[170,97609219891750.mockFlowFile,22B] to original
[main] DEBUG org.apache.nifi.processors.standard.RouteText - RouteText[id=88577823-16f9-4de2-ba04-780edacb1bd8] Adding new dynamic property: PropertyDescriptor[simple]
[pool-2408-thread-1] INFO org.apache.nifi.processors.standard.RouteText - RouteText[id=88577823-16f9-4de2-ba04-780edacb1bd8] Created FlowFile[173,97609220612216.mockFlowFile,22B] from FlowFile[172,97609220612216.mockFlowFile,22B]; routing to relationship simple
[pool-2408-thread-1] INFO org.apache.nifi.processors.standard.RouteText - RouteText[id=88577823-16f9-4de2-ba04-780edacb1bd8] Routing FlowFile[172,97609220612216.mockFlowFile,22B] to original
[main] DEBUG org.apache.nifi.processors.standard.RouteText - RouteText[id=88577823-16f9-4de2-ba04-780edacb1bd8] Adding new dynamic property: PropertyDescriptor[simple]
[pool-2409-thread-1] INFO org.apache.nifi.processors.standard.RouteText - RouteText[id=88577823-16f9-4de2-ba04-780edacb1bd8] Created FlowFile[175,97609221394593.mockFlowFile,22B] from FlowFile[174,97609221394593.mockFlowFile,22B]; routing to relationship simple
[pool-2409-thread-1] INFO org.apache.nifi.processors.standard.RouteText - RouteText[id=88577823-16f9-4de2-ba04-780edacb1bd8] Routing FlowFile[174,97609221394593.mockFlowFile,22B] to original
[main] DEBUG org.apache.nifi.processors.standard.RouteText - RouteText[id=88577823-16f9-4de2-ba04-780edacb1bd8] Adding new dynamic property: PropertyDescriptor[simple]
[pool-2410-thread-1] INFO org.apache.nifi.processors.standard.RouteText - RouteText[id=88577823-16f9-4de2-ba04-780edacb1bd8] Created FlowFile[177,97609222106077.mockFlowFile,22B] from FlowFile[176,97609222106077.mockFlowFile,22B]; routing to relationship simple
[pool-2410-thread-1] INFO org.apache.nifi.processors.standard.RouteText - RouteText[id=88577823-16f9-4de2-ba04-780edacb1bd8] Routing FlowFile[176,97609222106077.mockFlowFile,22B] to original
[main] DEBUG org.apache.nifi.processors.standard.RouteText - RouteText[id=88577823-16f9-4de2-ba04-780edacb1bd8] Adding new dynamic property: PropertyDescriptor[simple]
[pool-2411-thread-1] INFO org.apache.nifi.processors.standard.RouteText - RouteText[id=88577823-16f9-4de2-ba04-780edacb1bd8] Created FlowFile[179,97609222832307.mockFlowFile,22B] from FlowFile[178,97609222832307.mockFlowFile,22B]; routing to relationship simple
[pool-2411-thread-1] INFO org.apache.nifi.processors.standard.RouteText - RouteText[id=88577823-16f9-4de2-ba04-780edacb1bd8] Routing FlowFile[178,97609222832307.mockFlowFile,22B] to original
[main] DEBUG org.apache.nifi.processors.standard.RouteText - RouteText[id=88577823-16f9-4de2-ba04-780edacb1bd8] Adding new dynamic property: PropertyDescriptor[simple]
[pool-2412-thread-1] INFO org.apache.nifi.processors.standard.RouteText - RouteText[id=88577823-16f9-4de2-ba04-780edacb1bd8] Created FlowFile[181,97609223595892.mockFlowFile,22B] from FlowFile[180,97609223595892.mockFlowFile,22B]; routing to relationship simple
[pool-2412-thread-1] INFO org.apache.nifi.processors.standard.RouteText - RouteText[id=88577823-16f9-4de2-ba04-780edacb1bd8] Routing FlowFile[180,97609223595892.mockFlowFile,22B] to original
[main] DEBUG org.apache.nifi.processors.standard.RouteText - RouteText[id=88577823-16f9-4de2-ba04-780edacb1bd8] Adding new dynamic property: PropertyDescriptor[simple]
[pool-2413-thread-1] INFO org.apache.nifi.processors.standard.RouteText - RouteText[id=88577823-16f9-4de2-ba04-780edacb1bd8] Created FlowFile[183,97609224371470.mockFlowFile,22B] from FlowFile[182,97609224371470.mockFlowFile,22B]; routing to relationship simple
[pool-2413-thread-1] INFO org.apache.nifi.processors.standard.RouteText - RouteText[id=88577823-16f9-4de2-ba04-780edacb1bd8] Routing FlowFile[182,97609224371470.mockFlowFile,22B] to original
[main] DEBUG org.apache.nifi.processors.standard.RouteText - RouteText[id=88577823-16f9-4de2-ba04-780edacb1bd8] Adding new dynamic property: PropertyDescriptor[simple]
[pool-2414-thread-1] INFO org.apache.nifi.processors.standard.RouteText - RouteText[id=88577823-16f9-4de2-ba04-780edacb1bd8] Created FlowFile[185,97609225202969.mockFlowFile,22B] from FlowFile[184,97609225202969.mockFlowFile,22B]; routing to relationship simple
[pool-2414-thread-1] INFO org.apache.nifi.processors.standard.RouteText - RouteText[id=88577823-16f9-4de2-ba04-780edacb1bd8] Routing FlowFile[184,97609225202969.mockFlowFile,22B] to original
[main] DEBUG org.apache.nifi.processors.standard.RouteText - RouteText[id=88577823-16f9-4de2-ba04-780edacb1bd8] Adding new dynamic property: PropertyDescriptor[simple]
[pool-2415-thread-1] INFO org.apache.nifi.processors.standard.RouteText - RouteText[id=88577823-16f9-4de2-ba04-780edacb1bd8] Created FlowFile[187,97609225949415.mockFlowFile,22B] from FlowFile[186,97609225949415.mockFlowFile,22B]; routing to relationship simple
[pool-2415-thread-1] INFO org.apache.nifi.processors.standard.RouteText - RouteText[id=88577823-16f9-4de2-ba04-780edacb1bd8] Routing FlowFile[186,97609225949415.mockFlowFile,22B] to original
[main] DEBUG org.apache.nifi.processors.standard.RouteText - RouteText[id=88577823-16f9-4de2-ba04-780edacb1bd8] Adding new dynamic property: PropertyDescriptor[simple]
[pool-2416-thread-1] INFO org.apache.nifi.processors.standard.RouteText - RouteText[id=88577823-16f9-4de2-ba04-780edacb1bd8] Created FlowFile[189,97609226574009.mockFlowFile,22B] from FlowFile[188,97609226574009.mockFlowFile,22B]; routing to relationship simple
[pool-2416-thread-1] INFO org.apache.nifi.processors.standard.RouteText - RouteText[id=88577823-16f9-4de2-ba04-780edacb1bd8] Routing FlowFile[188,97609226574009.mockFlowFile,22B] to original
[main] DEBUG org.apache.nifi.processors.standard.RouteText - RouteText[id=88577823-16f9-4de2-ba04-780edacb1bd8] Adding new dynamic property: PropertyDescriptor[simple]
[pool-2417-thread-1] INFO org.apache.nifi.processors.standard.RouteText - RouteText[id=88577823-16f9-4de2-ba04-780edacb1bd8] Created FlowFile[191,97609227305463.mockFlowFile,22B] from FlowFile[190,97609227305463.mockFlowFile,22B]; routing to relationship simple
[pool-2417-thread-1] INFO org.apache.nifi.processors.standard.RouteText - RouteText[id=88577823-16f9-4de2-ba04-780edacb1bd8] Routing FlowFile[190,97609227305463.mockFlowFile,22B] to original
[main] DEBUG org.apache.nifi.processors.standard.RouteText - RouteText[id=88577823-16f9-4de2-ba04-780edacb1bd8] Adding new dynamic property: PropertyDescriptor[simple]
[pool-2418-thread-1] INFO org.apache.nifi.processors.standard.RouteText - RouteText[id=88577823-16f9-4de2-ba04-780edacb1bd8] Created FlowFile[193,97609228073800.mockFlowFile,22B] from FlowFile[192,97609228073800.mockFlowFile,22B]; routing to relationship simple
[pool-2418-thread-1] INFO org.apache.nifi.processors.standard.RouteText - RouteText[id=88577823-16f9-4de2-ba04-780edacb1bd8] Routing FlowFile[192,97609228073800.mockFlowFile,22B] to original
[main] DEBUG org.apache.nifi.processors.standard.RouteText - RouteText[id=88577823-16f9-4de2-ba04-780edacb1bd8] Adding new dynamic property: PropertyDescriptor[simple]
[pool-2419-thread-1] INFO org.apache.nifi.processors.standard.RouteText - RouteText[id=88577823-16f9-4de2-ba04-780edacb1bd8] Created FlowFile[195,97609228806948.mockFlowFile,22B] from FlowFile[194,97609228806948.mockFlowFile,22B]; routing to relationship simple
[pool-2419-thread-1] INFO org.apache.nifi.processors.standard.RouteText - RouteText[id=88577823-16f9-4de2-ba04-780edacb1bd8] Routing FlowFile[194,97609228806948.mockFlowFile,22B] to original
[main] DEBUG org.apache.nifi.processors.standard.RouteText - RouteText[id=88577823-16f9-4de2-ba04-780edacb1bd8] Adding new dynamic property: PropertyDescriptor[simple]
[pool-2420-thread-1] INFO org.apache.nifi.processors.standard.RouteText - RouteText[id=88577823-16f9-4de2-ba04-780edacb1bd8] Created FlowFile[197,97609229552536.mockFlowFile,22B] from FlowFile[196,97609229552536.mockFlowFile,22B]; routing to relationship simple
[pool-2420-thread-1] INFO org.apache.nifi.processors.standard.RouteText - RouteText[id=88577823-16f9-4de2-ba04-780edacb1bd8] Routing FlowFile[196,97609229552536.mockFlowFile,22B] to original
[main] DEBUG org.apache.nifi.processors.standard.RouteText - RouteText[id=88577823-16f9-4de2-ba04-780edacb1bd8] Adding new dynamic property: PropertyDescriptor[simple]
[pool-2421-thread-1] INFO org.apache.nifi.processors.standard.RouteText - RouteText[id=88577823-16f9-4de2-ba04-780edacb1bd8] Created FlowFile[199,97609230221981.mockFlowFile,22B] from FlowFile[198,97609230221981.mockFlowFile,22B]; routing to relationship simple
[pool-2421-thread-1] INFO org.apache.nifi.processors.standard.RouteText - RouteText[id=88577823-16f9-4de2-ba04-780edacb1bd8] Routing FlowFile[198,97609230221981.mockFlowFile,22B] to original
[main] DEBUG org.apache.nifi.processors.standard.RouteText - RouteText[id=88577823-16f9-4de2-ba04-780edacb1bd8] Adding new dynamic property: PropertyDescriptor[simple]
[pool-2422-thread-1] INFO org.apache.nifi.processors.standard.RouteText - RouteText[id=88577823-16f9-4de2-ba04-780edacb1bd8] Created FlowFile[201,97609230883859.mockFlowFile,22B] from FlowFile[200,97609230883859.mockFlowFile,22B]; routing to relationship simple
[pool-2422-thread-1] INFO org.apache.nifi.processors.standard.RouteText - RouteText[id=88577823-16f9-4de2-ba04-780edacb1bd8] Routing FlowFile[200,97609230883859.mockFlowFile,22B] to original
[main] DEBUG org.apache.nifi.processors.standard.RouteText - RouteText[id=88577823-16f9-4de2-ba04-780edacb1bd8] Adding new dynamic property: PropertyDescriptor[simple]
[pool-2423-thread-1] INFO org.apache.nifi.processors.standard.RouteText - RouteText[id=88577823-16f9-4de2-ba04-780edacb1bd8] Created FlowFile[203,97609231527901.mockFlowFile,22B] from FlowFile[202,97609231527901.mockFlowFile,22B]; routing to relationship simple
[pool-2423-thread-1] INFO org.apache.nifi.processors.standard.RouteText - RouteText[id=88577823-16f9-4de2-ba04-780edacb1bd8] Routing FlowFile[202,97609231527901.mockFlowFile,22B] to original
[main] DEBUG org.apache.nifi.processors.standard.RouteText - RouteText[id=88577823-16f9-4de2-ba04-780edacb1bd8] Adding new dynamic property: PropertyDescriptor[simple]
[pool-2424-thread-1] INFO org.apache.nifi.processors.standard.RouteText - RouteText[id=88577823-16f9-4de2-ba04-780edacb1bd8] Created FlowFile[205,97609232272556.mockFlowFile,23B] from FlowFile[204,97609232272556.mockFlowFile,23B]; routing to relationship simple
[pool-2424-thread-1] INFO org.apache.nifi.processors.standard.RouteText - RouteText[id=88577823-16f9-4de2-ba04-780edacb1bd8] Routing FlowFile[204,97609232272556.mockFlowFile,23B] to original
[main] DEBUG org.apache.nifi.processors.standard.RouteText - RouteText[id=88577823-16f9-4de2-ba04-780edacb1bd8] Adding new dynamic property: PropertyDescriptor[simple]
[pool-2425-thread-1] INFO org.apache.nifi.processors.standard.RouteText - RouteText[id=88577823-16f9-4de2-ba04-780edacb1bd8] Created FlowFile[207,97609233033444.mockFlowFile,23B] from FlowFile[206,97609233033444.mockFlowFile,23B]; routing to relationship simple
[pool-2425-thread-1] INFO org.apache.nifi.processors.standard.RouteText - RouteText[id=88577823-16f9-4de2-ba04-780edacb1bd8] Routing FlowFile[206,97609233033444.mockFlowFile,23B] to original
[main] DEBUG org.apache.nifi.processors.standard.RouteText - RouteText[id=88577823-16f9-4de2-ba04-780edacb1bd8] Adding new dynamic property: PropertyDescriptor[simple]
[pool-2426-thread-1] INFO org.apache.nifi.processors.standard.RouteText - RouteText[id=88577823-16f9-4de2-ba04-780edacb1bd8] Created FlowFile[209,97609233757559.mockFlowFile,23B] from FlowFile[208,97609233757559.mockFlowFile,23B]; routing to relationship simple
[pool-2426-thread-1] INFO org.apache.nifi.processors.standard.RouteText - RouteText[id=88577823-16f9-4de2-ba04-780edacb1bd8] Routing FlowFile[208,97609233757559.mockFlowFile,23B] to original
[main] DEBUG org.apache.nifi.processors.standard.RouteText - RouteText[id=88577823-16f9-4de2-ba04-780edacb1bd8] Adding new dynamic property: PropertyDescriptor[simple]
[pool-2427-thread-1] INFO org.apache.nifi.processors.standard.RouteText - RouteText[id=88577823-16f9-4de2-ba04-780edacb1bd8] Created FlowFile[211,97609234462830.mockFlowFile,23B] from FlowFile[210,97609234462830.mockFlowFile,23B]; routing to relationship simple
[pool-2427-thread-1] INFO org.apache.nifi.processors.standard.RouteText - RouteText[id=88577823-16f9-4de2-ba04-780edacb1bd8] Routing FlowFile[210,97609234462830.mockFlowFile,23B] to original
[main] DEBUG org.apache.nifi.processors.standard.RouteText - RouteText[id=88577823-16f9-4de2-ba04-780edacb1bd8] Adding new dynamic property: PropertyDescriptor[simple]
[pool-2428-thread-1] INFO org.apache.nifi.processors.standard.RouteText - RouteText[id=88577823-16f9-4de2-ba04-780edacb1bd8] Created FlowFile[213,97609235141792.mockFlowFile,23B] from FlowFile[212,97609235141792.mockFlowFile,23B]; routing to relationship simple
[pool-2428-thread-1] INFO org.apache.nifi.processors.standard.RouteText - RouteText[id=88577823-16f9-4de2-ba04-780edacb1bd8] Routing FlowFile[212,97609235141792.mockFlowFile,23B] to original
[main] DEBUG org.apache.nifi.processors.standard.RouteText - RouteText[id=88577823-16f9-4de2-ba04-780edacb1bd8] Adding new dynamic property: PropertyDescriptor[simple]
[pool-2429-thread-1] INFO org.apache.nifi.processors.standard.RouteText - RouteText[id=88577823-16f9-4de2-ba04-780edacb1bd8] Created FlowFile[215,97609235865268.mockFlowFile,23B] from FlowFile[214,97609235865268.mockFlowFile,23B]; routing to relationship simple
[pool-2429-thread-1] INFO org.apache.nifi.processors.standard.RouteText - RouteText[id=88577823-16f9-4de2-ba04-780edacb1bd8] Routing FlowFile[214,97609235865268.mockFlowFile,23B] to original
[main] DEBUG org.apache.nifi.processors.standard.RouteText - RouteText[id=88577823-16f9-4de2-ba04-780edacb1bd8] Adding new dynamic property: PropertyDescriptor[simple]
[pool-2430-thread-1] INFO org.apache.nifi.processors.standard.RouteText - RouteText[id=88577823-16f9-4de2-ba04-780edacb1bd8] Created FlowFile[217,97609236631667.mockFlowFile,23B] from FlowFile[216,97609236631667.mockFlowFile,23B]; routing to relationship simple
[pool-2430-thread-1] INFO org.apache.nifi.processors.standard.RouteText - RouteText[id=88577823-16f9-4de2-ba04-780edacb1bd8] Routing FlowFile[216,97609236631667.mockFlowFile,23B] to original
[main] DEBUG org.apache.nifi.processors.standard.RouteText - RouteText[id=88577823-16f9-4de2-ba04-780edacb1bd8] Adding new dynamic property: PropertyDescriptor[simple]
[pool-2431-thread-1] INFO org.apache.nifi.processors.standard.RouteText - RouteText[id=88577823-16f9-4de2-ba04-780edacb1bd8] Created FlowFile[219,97609237411947.mockFlowFile,23B] from FlowFile[218,97609237411947.mockFlowFile,23B]; routing to relationship simple
[pool-2431-thread-1] INFO org.apache.nifi.processors.standard.RouteText - RouteText[id=88577823-16f9-4de2-ba04-780edacb1bd8] Routing FlowFile[218,97609237411947.mockFlowFile,23B] to original
[main] DEBUG org.apache.nifi.processors.standard.RouteText - RouteText[id=88577823-16f9-4de2-ba04-780edacb1bd8] Adding new dynamic property: PropertyDescriptor[simple]
[pool-2432-thread-1] INFO org.apache.nifi.processors.standard.RouteText - RouteText[id=88577823-16f9-4de2-ba04-780edacb1bd8] Created FlowFile[221,97609238025927.mockFlowFile,23B] from FlowFile[220,97609238025927.mockFlowFile,23B]; routing to relationship simple
[pool-2432-thread-1] INFO org.apache.nifi.processors.standard.RouteText - RouteText[id=88577823-16f9-4de2-ba04-780edacb1bd8] Routing FlowFile[220,97609238025927.mockFlowFile,23B] to original
[main] DEBUG org.apache.nifi.processors.standard.RouteText - RouteText[id=88577823-16f9-4de2-ba04-780edacb1bd8] Adding new dynamic property: PropertyDescriptor[simple]
[pool-2433-thread-1] INFO org.apache.nifi.processors.standard.RouteText - RouteText[id=88577823-16f9-4de2-ba04-780edacb1bd8] Created FlowFile[223,97609238605693.mockFlowFile,23B] from FlowFile[222,97609238605693.mockFlowFile,23B]; routing to relationship simple
[pool-2433-thread-1] INFO org.apache.nifi.processors.standard.RouteText - RouteText[id=88577823-16f9-4de2-ba04-780edacb1bd8] Routing FlowFile[222,97609238605693.mockFlowFile,23B] to original
[main] DEBUG org.apache.nifi.processors.standard.RouteText - RouteText[id=88577823-16f9-4de2-ba04-780edacb1bd8] Adding new dynamic property: PropertyDescriptor[simple]
[pool-2434-thread-1] INFO org.apache.nifi.processors.standard.RouteText - RouteText[id=88577823-16f9-4de2-ba04-780edacb1bd8] Created FlowFile[225,97609239218292.mockFlowFile,23B] from FlowFile[224,97609239218292.mockFlowFile,23B]; routing to relationship simple
[pool-2434-thread-1] INFO org.apache.nifi.processors.standard.RouteText - RouteText[id=88577823-16f9-4de2-ba04-780edacb1bd8] Routing FlowFile[224,97609239218292.mockFlowFile,23B] to original
[main] DEBUG org.apache.nifi.processors.standard.RouteText - RouteText[id=88577823-16f9-4de2-ba04-780edacb1bd8] Adding new dynamic property: PropertyDescriptor[simple]
[pool-2435-thread-1] INFO org.apache.nifi.processors.standard.RouteText - RouteText[id=88577823-16f9-4de2-ba04-780edacb1bd8] Created FlowFile[227,97609239758705.mockFlowFile,23B] from FlowFile[226,97609239758705.mockFlowFile,23B]; routing to relationship simple
[pool-2435-thread-1] INFO org.apache.nifi.processors.standard.RouteText - RouteText[id=88577823-16f9-4de2-ba04-780edacb1bd8] Routing FlowFile[226,97609239758705.mockFlowFile,23B] to original
[main] DEBUG org.apache.nifi.processors.standard.RouteText - RouteText[id=88577823-16f9-4de2-ba04-780edacb1bd8] Adding new dynamic property: PropertyDescriptor[simple]
[pool-2436-thread-1] INFO org.apache.nifi.processors.standard.RouteText - RouteText[id=88577823-16f9-4de2-ba04-780edacb1bd8] Created FlowFile[229,97609240324979.mockFlowFile,23B] from FlowFile[228,97609240324979.mockFlowFile,23B]; routing to relationship simple
[pool-2436-thread-1] INFO org.apache.nifi.processors.standard.RouteText - RouteText[id=88577823-16f9-4de2-ba04-780edacb1bd8] Routing FlowFile[228,97609240324979.mockFlowFile,23B] to original
[main] DEBUG org.apache.nifi.processors.standard.RouteText - RouteText[id=88577823-16f9-4de2-ba04-780edacb1bd8] Adding new dynamic property: PropertyDescriptor[simple]
[pool-2437-thread-1] INFO org.apache.nifi.processors.standard.RouteText - RouteText[id=88577823-16f9-4de2-ba04-780edacb1bd8] Created FlowFile[231,97609240851558.mockFlowFile,23B] from FlowFile[230,97609240851558.mockFlowFile,23B]; routing to relationship simple
[pool-2437-thread-1] INFO org.apache.nifi.processors.standard.RouteText - RouteText[id=88577823-16f9-4de2-ba04-780edacb1bd8] Routing FlowFile[230,97609240851558.mockFlowFile,23B] to original
[main] DEBUG org.apache.nifi.processors.standard.RouteText - RouteText[id=88577823-16f9-4de2-ba04-780edacb1bd8] Adding new dynamic property: PropertyDescriptor[simple]
[pool-2438-thread-1] INFO org.apache.nifi.processors.standard.RouteText - RouteText[id=88577823-16f9-4de2-ba04-780edacb1bd8] Created FlowFile[233,97609241482702.mockFlowFile,23B] from FlowFile[232,97609241482702.mockFlowFile,23B]; routing to relationship simple
[pool-2438-thread-1] INFO org.apache.nifi.processors.standard.RouteText - RouteText[id=88577823-16f9-4de2-ba04-780edacb1bd8] Routing FlowFile[232,97609241482702.mockFlowFile,23B] to original
[main] DEBUG org.apache.nifi.processors.standard.RouteText - RouteText[id=88577823-16f9-4de2-ba04-780edacb1bd8] Adding new dynamic property: PropertyDescriptor[simple]
[pool-2439-thread-1] INFO org.apache.nifi.processors.standard.RouteText - RouteText[id=88577823-16f9-4de2-ba04-780edacb1bd8] Created FlowFile[235,97609242053481.mockFlowFile,23B] from FlowFile[234,97609242053481.mockFlowFile,23B]; routing to relationship simple
[pool-2439-thread-1] INFO org.apache.nifi.processors.standard.RouteText - RouteText[id=88577823-16f9-4de2-ba04-780edacb1bd8] Routing FlowFile[234,97609242053481.mockFlowFile,23B] to original
[main] DEBUG org.apache.nifi.processors.standard.RouteText - RouteText[id=88577823-16f9-4de2-ba04-780edacb1bd8] Adding new dynamic property: PropertyDescriptor[simple]
[pool-2440-thread-1] INFO org.apache.nifi.processors.standard.RouteText - RouteText[id=88577823-16f9-4de2-ba04-780edacb1bd8] Created FlowFile[237,97609242714271.mockFlowFile,23B] from FlowFile[236,97609242714271.mockFlowFile,23B]; routing to relationship simple
[pool-2440-thread-1] INFO org.apache.nifi.processors.standard.RouteText - RouteText[id=88577823-16f9-4de2-ba04-780edacb1bd8] Routing FlowFile[236,97609242714271.mockFlowFile,23B] to original
[main] DEBUG org.apache.nifi.processors.standard.RouteText - RouteText[id=88577823-16f9-4de2-ba04-780edacb1bd8] Adding new dynamic property: PropertyDescriptor[simple]
[pool-2441-thread-1] INFO org.apache.nifi.processors.standard.RouteText - RouteText[id=88577823-16f9-4de2-ba04-780edacb1bd8] Created FlowFile[239,97609243369453.mockFlowFile,23B] from FlowFile[238,97609243369453.mockFlowFile,23B]; routing to relationship simple
[pool-2441-thread-1] INFO org.apache.nifi.processors.standard.RouteText - RouteText[id=88577823-16f9-4de2-ba04-780edacb1bd8] Routing FlowFile[238,97609243369453.mockFlowFile,23B] to original
[main] DEBUG org.apache.nifi.processors.standard.RouteText - RouteText[id=88577823-16f9-4de2-ba04-780edacb1bd8] Adding new dynamic property: PropertyDescriptor[simple]
[pool-2442-thread-1] INFO org.apache.nifi.processors.standard.RouteText - RouteText[id=88577823-16f9-4de2-ba04-780edacb1bd8] Created FlowFile[241,97609244025848.mockFlowFile,23B] from FlowFile[240,97609244025848.mockFlowFile,23B]; routing to relationship simple
[pool-2442-thread-1] INFO org.apache.nifi.processors.standard.RouteText - RouteText[id=88577823-16f9-4de2-ba04-780edacb1bd8] Routing FlowFile[240,97609244025848.mockFlowFile,23B] to original
[main] DEBUG org.apache.nifi.processors.standard.RouteText - RouteText[id=88577823-16f9-4de2-ba04-780edacb1bd8] Adding new dynamic property: PropertyDescriptor[simple]
[pool-2443-thread-1] INFO org.apache.nifi.processors.standard.RouteText - RouteText[id=88577823-16f9-4de2-ba04-780edacb1bd8] Created FlowFile[243,97609244676651.mockFlowFile,23B] from FlowFile[242,97609244676651.mockFlowFile,23B]; routing to relationship simple
[pool-2443-thread-1] INFO org.apache.nifi.processors.standard.RouteText - RouteText[id=88577823-16f9-4de2-ba04-780edacb1bd8] Routing FlowFile[242,97609244676651.mockFlowFile,23B] to original
[main] DEBUG org.apache.nifi.processors.standard.RouteText - RouteText[id=88577823-16f9-4de2-ba04-780edacb1bd8] Adding new dynamic property: PropertyDescriptor[simple]
[pool-2444-thread-1] INFO org.apache.nifi.processors.standard.RouteText - RouteText[id=88577823-16f9-4de2-ba04-780edacb1bd8] Created FlowFile[245,97609245340048.mockFlowFile,23B] from FlowFile[244,97609245340048.mockFlowFile,23B]; routing to relationship simple
[pool-2444-thread-1] INFO org.apache.nifi.processors.standard.RouteText - RouteText[id=88577823-16f9-4de2-ba04-780edacb1bd8] Routing FlowFile[244,97609245340048.mockFlowFile,23B] to original
[main] DEBUG org.apache.nifi.processors.standard.RouteText - RouteText[id=88577823-16f9-4de2-ba04-780edacb1bd8] Adding new dynamic property: PropertyDescriptor[simple]
[pool-2445-thread-1] INFO org.apache.nifi.processors.standard.RouteText - RouteText[id=88577823-16f9-4de2-ba04-780edacb1bd8] Created FlowFile[247,97609246116956.mockFlowFile,23B] from FlowFile[246,97609246116956.mockFlowFile,23B]; routing to relationship simple
[pool-2445-thread-1] INFO org.apache.nifi.processors.standard.RouteText - RouteText[id=88577823-16f9-4de2-ba04-780edacb1bd8] Routing FlowFile[246,97609246116956.mockFlowFile,23B] to original
[main] DEBUG org.apache.nifi.processors.standard.RouteText - RouteText[id=88577823-16f9-4de2-ba04-780edacb1bd8] Adding new dynamic property: PropertyDescriptor[simple]
[pool-2446-thread-1] INFO org.apache.nifi.processors.standard.RouteText - RouteText[id=88577823-16f9-4de2-ba04-780edacb1bd8] Created FlowFile[249,97609246911860.mockFlowFile,23B] from FlowFile[248,97609246911860.mockFlowFile,23B]; routing to relationship simple
[pool-2446-thread-1] INFO org.apache.nifi.processors.standard.RouteText - RouteText[id=88577823-16f9-4de2-ba04-780edacb1bd8] Routing FlowFile[248,97609246911860.mockFlowFile,23B] to original
[main] DEBUG org.apache.nifi.processors.standard.RouteText - RouteText[id=88577823-16f9-4de2-ba04-780edacb1bd8] Adding new dynamic property: PropertyDescriptor[simple]
[pool-2447-thread-1] INFO org.apache.nifi.processors.standard.RouteText - RouteText[id=88577823-16f9-4de2-ba04-780edacb1bd8] Created FlowFile[251,97609247624935.mockFlowFile,23B] from FlowFile[250,97609247624935.mockFlowFile,23B]; routing to relationship simple
[pool-2447-thread-1] INFO org.apache.nifi.processors.standard.RouteText - RouteText[id=88577823-16f9-4de2-ba04-780edacb1bd8] Routing FlowFile[250,97609247624935.mockFlowFile,23B] to original
[main] DEBUG org.apache.nifi.processors.standard.RouteText - RouteText[id=88577823-16f9-4de2-ba04-780edacb1bd8] Adding new dynamic property: PropertyDescriptor[simple]
[pool-2448-thread-1] INFO org.apache.nifi.processors.standard.RouteText - RouteText[id=88577823-16f9-4de2-ba04-780edacb1bd8] Created FlowFile[253,97609248270605.mockFlowFile,23B] from FlowFile[252,97609248270605.mockFlowFile,23B]; routing to relationship simple
[pool-2448-thread-1] INFO org.apache.nifi.processors.standard.RouteText - RouteText[id=88577823-16f9-4de2-ba04-780edacb1bd8] Routing FlowFile[252,97609248270605.mockFlowFile,23B] to original
[main] DEBUG org.apache.nifi.processors.standard.RouteText - RouteText[id=88577823-16f9-4de2-ba04-780edacb1bd8] Adding new dynamic property: PropertyDescriptor[simple]
[pool-2449-thread-1] INFO org.apache.nifi.processors.standard.RouteText - RouteText[id=88577823-16f9-4de2-ba04-780edacb1bd8] Created FlowFile[255,97609248983883.mockFlowFile,23B] from FlowFile[254,97609248983883.mockFlowFile,23B]; routing to relationship simple
[pool-2449-thread-1] INFO org.apache.nifi.processors.standard.RouteText - RouteText[id=88577823-16f9-4de2-ba04-780edacb1bd8] Routing FlowFile[254,97609248983883.mockFlowFile,23B] to original
[main] DEBUG org.apache.nifi.processors.standard.RouteText - RouteText[id=88577823-16f9-4de2-ba04-780edacb1bd8] Adding new dynamic property: PropertyDescriptor[simple]
[pool-2450-thread-1] INFO org.apache.nifi.processors.standard.RouteText - RouteText[id=88577823-16f9-4de2-ba04-780edacb1bd8] Created FlowFile[257,97609249707225.mockFlowFile,23B] from FlowFile[256,97609249707225.mockFlowFile,23B]; routing to relationship simple
[pool-2450-thread-1] INFO org.apache.nifi.processors.standard.RouteText - RouteText[id=88577823-16f9-4de2-ba04-780edacb1bd8] Routing FlowFile[256,97609249707225.mockFlowFile,23B] to original
[main] DEBUG org.apache.nifi.processors.standard.RouteText - RouteText[id=88577823-16f9-4de2-ba04-780edacb1bd8] Adding new dynamic property: PropertyDescriptor[simple]
[pool-2451-thread-1] INFO org.apache.nifi.processors.standard.RouteText - RouteText[id=88577823-16f9-4de2-ba04-780edacb1bd8] Created FlowFile[259,97609250612631.mockFlowFile,23B] from FlowFile[258,97609250612631.mockFlowFile,23B]; routing to relationship simple
[pool-2451-thread-1] INFO org.apache.nifi.processors.standard.RouteText - RouteText[id=88577823-16f9-4de2-ba04-780edacb1bd8] Routing FlowFile[258,97609250612631.mockFlowFile,23B] to original
[main] DEBUG org.apache.nifi.processors.standard.RouteText - RouteText[id=88577823-16f9-4de2-ba04-780edacb1bd8] Adding new dynamic property: PropertyDescriptor[simple]
[pool-2452-thread-1] INFO org.apache.nifi.processors.standard.RouteText - RouteText[id=88577823-16f9-4de2-ba04-780edacb1bd8] Created FlowFile[261,97609251334935.mockFlowFile,23B] from FlowFile[260,97609251334935.mockFlowFile,23B]; routing to relationship simple
[pool-2452-thread-1] INFO org.apache.nifi.processors.standard.RouteText - RouteText[id=88577823-16f9-4de2-ba04-780edacb1bd8] Routing FlowFile[260,97609251334935.mockFlowFile,23B] to original
[main] DEBUG org.apache.nifi.processors.standard.RouteText - RouteText[id=88577823-16f9-4de2-ba04-780edacb1bd8] Adding new dynamic property: PropertyDescriptor[simple]
[pool-2453-thread-1] INFO org.apache.nifi.processors.standard.RouteText - RouteText[id=88577823-16f9-4de2-ba04-780edacb1bd8] Created FlowFile[263,97609252192391.mockFlowFile,23B] from FlowFile[262,97609252192391.mockFlowFile,23B]; routing to relationship simple
[pool-2453-thread-1] INFO org.apache.nifi.processors.standard.RouteText - RouteText[id=88577823-16f9-4de2-ba04-780edacb1bd8] Routing FlowFile[262,97609252192391.mockFlowFile,23B] to original
[main] DEBUG org.apache.nifi.processors.standard.RouteText - RouteText[id=88577823-16f9-4de2-ba04-780edacb1bd8] Adding new dynamic property: PropertyDescriptor[simple]
[pool-2454-thread-1] INFO org.apache.nifi.processors.standard.RouteText - RouteText[id=88577823-16f9-4de2-ba04-780edacb1bd8] Created FlowFile[265,97609252838103.mockFlowFile,23B] from FlowFile[264,97609252838103.mockFlowFile,23B]; routing to relationship simple
[pool-2454-thread-1] INFO org.apache.nifi.processors.standard.RouteText - RouteText[id=88577823-16f9-4de2-ba04-780edacb1bd8] Routing FlowFile[264,97609252838103.mockFlowFile,23B] to original
[main] DEBUG org.apache.nifi.processors.standard.RouteText - RouteText[id=88577823-16f9-4de2-ba04-780edacb1bd8] Adding new dynamic property: PropertyDescriptor[simple]
[pool-2455-thread-1] INFO org.apache.nifi.processors.standard.RouteText - RouteText[id=88577823-16f9-4de2-ba04-780edacb1bd8] Created FlowFile[267,97609253372989.mockFlowFile,23B] from FlowFile[266,97609253372989.mockFlowFile,23B]; routing to relationship simple
[pool-2455-thread-1] INFO org.apache.nifi.processors.standard.RouteText - RouteText[id=88577823-16f9-4de2-ba04-780edacb1bd8] Routing FlowFile[266,97609253372989.mockFlowFile,23B] to original
[main] DEBUG org.apache.nifi.processors.standard.RouteText - RouteText[id=88577823-16f9-4de2-ba04-780edacb1bd8] Adding new dynamic property: PropertyDescriptor[simple]
[pool-2456-thread-1] INFO org.apache.nifi.processors.standard.RouteText - RouteText[id=88577823-16f9-4de2-ba04-780edacb1bd8] Created FlowFile[269,97609253957174.mockFlowFile,23B] from FlowFile[268,97609253957174.mockFlowFile,23B]; routing to relationship simple
[pool-2456-thread-1] INFO org.apache.nifi.processors.standard.RouteText - RouteText[id=88577823-16f9-4de2-ba04-780edacb1bd8] Routing FlowFile[268,97609253957174.mockFlowFile,23B] to original
[main] DEBUG org.apache.nifi.processors.standard.RouteText - RouteText[id=88577823-16f9-4de2-ba04-780edacb1bd8] Adding new dynamic property: PropertyDescriptor[simple]
[pool-2457-thread-1] INFO org.apache.nifi.processors.standard.RouteText - RouteText[id=88577823-16f9-4de2-ba04-780edacb1bd8] Created FlowFile[271,97609254519848.mockFlowFile,23B] from FlowFile[270,97609254519848.mockFlowFile,23B]; routing to relationship simple
[pool-2457-thread-1] INFO org.apache.nifi.processors.standard.RouteText - RouteText[id=88577823-16f9-4de2-ba04-780edacb1bd8] Routing FlowFile[270,97609254519848.mockFlowFile,23B] to original
[main] DEBUG org.apache.nifi.processors.standard.RouteText - RouteText[id=88577823-16f9-4de2-ba04-780edacb1bd8] Adding new dynamic property: PropertyDescriptor[simple]
[pool-2458-thread-1] INFO org.apache.nifi.processors.standard.RouteText - RouteText[id=88577823-16f9-4de2-ba04-780edacb1bd8] Created FlowFile[273,97609255115176.mockFlowFile,23B] from FlowFile[272,97609255115176.mockFlowFile,23B]; routing to relationship simple
[pool-2458-thread-1] INFO org.apache.nifi.processors.standard.RouteText - RouteText[id=88577823-16f9-4de2-ba04-780edacb1bd8] Routing FlowFile[272,97609255115176.mockFlowFile,23B] to original
[main] DEBUG org.apache.nifi.processors.standard.RouteText - RouteText[id=88577823-16f9-4de2-ba04-780edacb1bd8] Adding new dynamic property: PropertyDescriptor[simple]
[pool-2459-thread-1] INFO org.apache.nifi.processors.standard.RouteText - RouteText[id=88577823-16f9-4de2-ba04-780edacb1bd8] Created FlowFile[275,97609255665401.mockFlowFile,23B] from FlowFile[274,97609255665401.mockFlowFile,23B]; routing to relationship simple
[pool-2459-thread-1] INFO org.apache.nifi.processors.standard.RouteText - RouteText[id=88577823-16f9-4de2-ba04-780edacb1bd8] Routing FlowFile[274,97609255665401.mockFlowFile,23B] to original
[main] DEBUG org.apache.nifi.processors.standard.RouteText - RouteText[id=88577823-16f9-4de2-ba04-780edacb1bd8] Adding new dynamic property: PropertyDescriptor[simple]
[pool-2460-thread-1] INFO org.apache.nifi.processors.standard.RouteText - RouteText[id=88577823-16f9-4de2-ba04-780edacb1bd8] Created FlowFile[277,97609256281086.mockFlowFile,23B] from FlowFile[276,97609256281086.mockFlowFile,23B]; routing to relationship simple
[pool-2460-thread-1] INFO org.apache.nifi.processors.standard.RouteText - RouteText[id=88577823-16f9-4de2-ba04-780edacb1bd8] Routing FlowFile[276,97609256281086.mockFlowFile,23B] to original
[main] DEBUG org.apache.nifi.processors.standard.RouteText - RouteText[id=88577823-16f9-4de2-ba04-780edacb1bd8] Adding new dynamic property: PropertyDescriptor[simple]
[pool-2461-thread-1] INFO org.apache.nifi.processors.standard.RouteText - RouteText[id=88577823-16f9-4de2-ba04-780edacb1bd8] Created FlowFile[279,97609256828513.mockFlowFile,23B] from FlowFile[278,97609256828513.mockFlowFile,23B]; routing to relationship simple
[pool-2461-thread-1] INFO org.apache.nifi.processors.standard.RouteText - RouteText[id=88577823-16f9-4de2-ba04-780edacb1bd8] Routing FlowFile[278,97609256828513.mockFlowFile,23B] to original
[main] DEBUG org.apache.nifi.processors.standard.RouteText - RouteText[id=88577823-16f9-4de2-ba04-780edacb1bd8] Adding new dynamic property: PropertyDescriptor[simple]
[pool-2462-thread-1] INFO org.apache.nifi.processors.standard.RouteText - RouteText[id=88577823-16f9-4de2-ba04-780edacb1bd8] Created FlowFile[281,97609257414021.mockFlowFile,23B] from FlowFile[280,97609257414021.mockFlowFile,23B]; routing to relationship simple
[pool-2462-thread-1] INFO org.apache.nifi.processors.standard.RouteText - RouteText[id=88577823-16f9-4de2-ba04-780edacb1bd8] Routing FlowFile[280,97609257414021.mockFlowFile,23B] to original
[main] DEBUG org.apache.nifi.processors.standard.RouteText - RouteText[id=88577823-16f9-4de2-ba04-780edacb1bd8] Adding new dynamic property: PropertyDescriptor[simple]
[pool-2463-thread-1] INFO org.apache.nifi.processors.standard.RouteText - RouteText[id=88577823-16f9-4de2-ba04-780edacb1bd8] Created FlowFile[283,97609258044145.mockFlowFile,23B] from FlowFile[282,97609258044145.mockFlowFile,23B]; routing to relationship simple
[pool-2463-thread-1] INFO org.apache.nifi.processors.standard.RouteText - RouteText[id=88577823-16f9-4de2-ba04-780edacb1bd8] Routing FlowFile[282,97609258044145.mockFlowFile,23B] to original
[main] DEBUG org.apache.nifi.processors.standard.RouteText - RouteText[id=88577823-16f9-4de2-ba04-780edacb1bd8] Adding new dynamic property: PropertyDescriptor[simple]
[pool-2464-thread-1] INFO org.apache.nifi.processors.standard.RouteText - RouteText[id=88577823-16f9-4de2-ba04-780edacb1bd8] Created FlowFile[285,97609258658050.mockFlowFile,23B] from FlowFile[284,97609258658050.mockFlowFile,23B]; routing to relationship simple
[pool-2464-thread-1] INFO org.apache.nifi.processors.standard.RouteText - RouteText[id=88577823-16f9-4de2-ba04-780edacb1bd8] Routing FlowFile[284,97609258658050.mockFlowFile,23B] to original
[main] DEBUG org.apache.nifi.processors.standard.RouteText - RouteText[id=88577823-16f9-4de2-ba04-780edacb1bd8] Adding new dynamic property: PropertyDescriptor[simple]
[pool-2465-thread-1] INFO org.apache.nifi.processors.standard.RouteText - RouteText[id=88577823-16f9-4de2-ba04-780edacb1bd8] Created FlowFile[287,97609259258985.mockFlowFile,23B] from FlowFile[286,97609259258985.mockFlowFile,23B]; routing to relationship simple
[pool-2465-thread-1] INFO org.apache.nifi.processors.standard.RouteText - RouteText[id=88577823-16f9-4de2-ba04-780edacb1bd8] Routing FlowFile[286,97609259258985.mockFlowFile,23B] to original
[main] DEBUG org.apache.nifi.processors.standard.RouteText - RouteText[id=88577823-16f9-4de2-ba04-780edacb1bd8] Adding new dynamic property: PropertyDescriptor[simple]
[pool-2466-thread-1] INFO org.apache.nifi.processors.standard.RouteText - RouteText[id=88577823-16f9-4de2-ba04-780edacb1bd8] Created FlowFile[289,97609259814322.mockFlowFile,23B] from FlowFile[288,97609259814322.mockFlowFile,23B]; routing to relationship simple
[pool-2466-thread-1] INFO org.apache.nifi.processors.standard.RouteText - RouteText[id=88577823-16f9-4de2-ba04-780edacb1bd8] Routing FlowFile[288,97609259814322.mockFlowFile,23B] to original
[main] DEBUG org.apache.nifi.processors.standard.RouteText - RouteText[id=88577823-16f9-4de2-ba04-780edacb1bd8] Adding new dynamic property: PropertyDescriptor[simple]
[pool-2467-thread-1] INFO org.apache.nifi.processors.standard.RouteText - RouteText[id=88577823-16f9-4de2-ba04-780edacb1bd8] Created FlowFile[291,97609260383254.mockFlowFile,23B] from FlowFile[290,97609260383254.mockFlowFile,23B]; routing to relationship simple
[pool-2467-thread-1] INFO org.apache.nifi.processors.standard.RouteText - RouteText[id=88577823-16f9-4de2-ba04-780edacb1bd8] Routing FlowFile[290,97609260383254.mockFlowFile,23B] to original
[main] DEBUG org.apache.nifi.processors.standard.RouteText - RouteText[id=88577823-16f9-4de2-ba04-780edacb1bd8] Adding new dynamic property: PropertyDescriptor[simple]
[pool-2468-thread-1] INFO org.apache.nifi.processors.standard.RouteText - RouteText[id=88577823-16f9-4de2-ba04-780edacb1bd8] Created FlowFile[293,97609260939663.mockFlowFile,23B] from FlowFile[292,97609260939663.mockFlowFile,23B]; routing to relationship simple
[pool-2468-thread-1] INFO org.apache.nifi.processors.standard.RouteText - RouteText[id=88577823-16f9-4de2-ba04-780edacb1bd8] Routing FlowFile[292,97609260939663.mockFlowFile,23B] to original
[main] DEBUG org.apache.nifi.processors.standard.RouteText - RouteText[id=88577823-16f9-4de2-ba04-780edacb1bd8] Adding new dynamic property: PropertyDescriptor[simple]
[pool-2469-thread-1] INFO org.apache.nifi.processors.standard.RouteText - RouteText[id=88577823-16f9-4de2-ba04-780edacb1bd8] Created FlowFile[295,97609261524452.mockFlowFile,23B] from FlowFile[294,97609261524452.mockFlowFile,23B]; routing to relationship simple
[pool-2469-thread-1] INFO org.apache.nifi.processors.standard.RouteText - RouteText[id=88577823-16f9-4de2-ba04-780edacb1bd8] Routing FlowFile[294,97609261524452.mockFlowFile,23B] to original
[main] DEBUG org.apache.nifi.processors.standard.RouteText - RouteText[id=88577823-16f9-4de2-ba04-780edacb1bd8] Adding new dynamic property: PropertyDescriptor[simple]
[pool-2470-thread-1] INFO org.apache.nifi.processors.standard.RouteText - RouteText[id=88577823-16f9-4de2-ba04-780edacb1bd8] Created FlowFile[297,97609262139896.mockFlowFile,23B] from FlowFile[296,97609262139896.mockFlowFile,23B]; routing to relationship simple
[pool-2470-thread-1] INFO org.apache.nifi.processors.standard.RouteText - RouteText[id=88577823-16f9-4de2-ba04-780edacb1bd8] Routing FlowFile[296,97609262139896.mockFlowFile,23B] to original
[main] DEBUG org.apache.nifi.processors.standard.RouteText - RouteText[id=88577823-16f9-4de2-ba04-780edacb1bd8] Adding new dynamic property: PropertyDescriptor[simple]
[pool-2471-thread-1] INFO org.apache.nifi.processors.standard.RouteText - RouteText[id=88577823-16f9-4de2-ba04-780edacb1bd8] Created FlowFile[299,97609262713433.mockFlowFile,23B] from FlowFile[298,97609262713433.mockFlowFile,23B]; routing to relationship simple
[pool-2471-thread-1] INFO org.apache.nifi.processors.standard.RouteText - RouteText[id=88577823-16f9-4de2-ba04-780edacb1bd8] Routing FlowFile[298,97609262713433.mockFlowFile,23B] to original
[main] DEBUG org.apache.nifi.processors.standard.RouteText - RouteText[id=88577823-16f9-4de2-ba04-780edacb1bd8] Adding new dynamic property: PropertyDescriptor[simple]
[pool-2472-thread-1] INFO org.apache.nifi.processors.standard.RouteText - RouteText[id=88577823-16f9-4de2-ba04-780edacb1bd8] Created FlowFile[301,97609263280185.mockFlowFile,23B] from FlowFile[300,97609263280185.mockFlowFile,23B]; routing to relationship simple
[pool-2472-thread-1] INFO org.apache.nifi.processors.standard.RouteText - RouteText[id=88577823-16f9-4de2-ba04-780edacb1bd8] Routing FlowFile[300,97609263280185.mockFlowFile,23B] to original
[main] DEBUG org.apache.nifi.processors.standard.RouteText - RouteText[id=88577823-16f9-4de2-ba04-780edacb1bd8] Adding new dynamic property: PropertyDescriptor[simple]
[pool-2473-thread-1] INFO org.apache.nifi.processors.standard.RouteText - RouteText[id=88577823-16f9-4de2-ba04-780edacb1bd8] Created FlowFile[303,97609263844125.mockFlowFile,23B] from FlowFile[302,97609263844125.mockFlowFile,23B]; routing to relationship simple
[pool-2473-thread-1] INFO org.apache.nifi.processors.standard.RouteText - RouteText[id=88577823-16f9-4de2-ba04-780edacb1bd8] Routing FlowFile[302,97609263844125.mockFlowFile,23B] to original
[main] DEBUG org.apache.nifi.processors.standard.RouteText - RouteText[id=88577823-16f9-4de2-ba04-780edacb1bd8] Adding new dynamic property: PropertyDescriptor[simple]
[pool-2474-thread-1] INFO org.apache.nifi.processors.standard.RouteText - RouteText[id=88577823-16f9-4de2-ba04-780edacb1bd8] Created FlowFile[305,97609264399920.mockFlowFile,23B] from FlowFile[304,97609264399920.mockFlowFile,23B]; routing to relationship simple
[pool-2474-thread-1] INFO org.apache.nifi.processors.standard.RouteText - RouteText[id=88577823-16f9-4de2-ba04-780edacb1bd8] Routing FlowFile[304,97609264399920.mockFlowFile,23B] to original
[main] DEBUG org.apache.nifi.processors.standard.RouteText - RouteText[id=88577823-16f9-4de2-ba04-780edacb1bd8] Adding new dynamic property: PropertyDescriptor[simple]
[pool-2475-thread-1] INFO org.apache.nifi.processors.standard.RouteText - RouteText[id=88577823-16f9-4de2-ba04-780edacb1bd8] Created FlowFile[307,97609265064108.mockFlowFile,23B] from FlowFile[306,97609265064108.mockFlowFile,23B]; routing to relationship simple
[pool-2475-thread-1] INFO org.apache.nifi.processors.standard.RouteText - RouteText[id=88577823-16f9-4de2-ba04-780edacb1bd8] Routing FlowFile[306,97609265064108.mockFlowFile,23B] to original
[main] DEBUG org.apache.nifi.processors.standard.RouteText - RouteText[id=88577823-16f9-4de2-ba04-780edacb1bd8] Adding new dynamic property: PropertyDescriptor[simple]
[pool-2476-thread-1] INFO org.apache.nifi.processors.standard.RouteText - RouteText[id=88577823-16f9-4de2-ba04-780edacb1bd8] Created FlowFile[309,97609265757009.mockFlowFile,23B] from FlowFile[308,97609265757009.mockFlowFile,23B]; routing to relationship simple
[pool-2476-thread-1] INFO org.apache.nifi.processors.standard.RouteText - RouteText[id=88577823-16f9-4de2-ba04-780edacb1bd8] Routing FlowFile[308,97609265757009.mockFlowFile,23B] to original
[main] DEBUG org.apache.nifi.processors.standard.RouteText - RouteText[id=88577823-16f9-4de2-ba04-780edacb1bd8] Adding new dynamic property: PropertyDescriptor[simple]
[pool-2477-thread-1] INFO org.apache.nifi.processors.standard.RouteText - RouteText[id=88577823-16f9-4de2-ba04-780edacb1bd8] Created FlowFile[311,97609266548966.mockFlowFile,23B] from FlowFile[310,97609266548966.mockFlowFile,23B]; routing to relationship simple
[pool-2477-thread-1] INFO org.apache.nifi.processors.standard.RouteText - RouteText[id=88577823-16f9-4de2-ba04-780edacb1bd8] Routing FlowFile[310,97609266548966.mockFlowFile,23B] to original
[main] DEBUG org.apache.nifi.processors.standard.RouteText - RouteText[id=88577823-16f9-4de2-ba04-780edacb1bd8] Adding new dynamic property: PropertyDescriptor[simple]
[pool-2478-thread-1] INFO org.apache.nifi.processors.standard.RouteText - RouteText[id=88577823-16f9-4de2-ba04-780edacb1bd8] Created FlowFile[313,97609267336848.mockFlowFile,23B] from FlowFile[312,97609267336848.mockFlowFile,23B]; routing to relationship simple
[pool-2478-thread-1] INFO org.apache.nifi.processors.standard.RouteText - RouteText[id=88577823-16f9-4de2-ba04-780edacb1bd8] Routing FlowFile[312,97609267336848.mockFlowFile,23B] to original
[main] DEBUG org.apache.nifi.processors.standard.RouteText - RouteText[id=88577823-16f9-4de2-ba04-780edacb1bd8] Adding new dynamic property: PropertyDescriptor[simple]
[pool-2479-thread-1] INFO org.apache.nifi.processors.standard.RouteText - RouteText[id=88577823-16f9-4de2-ba04-780edacb1bd8] Created FlowFile[315,97609268076800.mockFlowFile,23B] from FlowFile[314,97609268076800.mockFlowFile,23B]; routing to relationship simple
[pool-2479-thread-1] INFO org.apache.nifi.processors.standard.RouteText - RouteText[id=88577823-16f9-4de2-ba04-780edacb1bd8] Routing FlowFile[314,97609268076800.mockFlowFile,23B] to original
[main] DEBUG org.apache.nifi.processors.standard.RouteText - RouteText[id=88577823-16f9-4de2-ba04-780edacb1bd8] Adding new dynamic property: PropertyDescriptor[simple]
[pool-2480-thread-1] INFO org.apache.nifi.processors.standard.RouteText - RouteText[id=88577823-16f9-4de2-ba04-780edacb1bd8] Created FlowFile[317,97609268764677.mockFlowFile,23B] from FlowFile[316,97609268764677.mockFlowFile,23B]; routing to relationship simple
[pool-2480-thread-1] INFO org.apache.nifi.processors.standard.RouteText - RouteText[id=88577823-16f9-4de2-ba04-780edacb1bd8] Routing FlowFile[316,97609268764677.mockFlowFile,23B] to original
[main] DEBUG org.apache.nifi.processors.standard.RouteText - RouteText[id=88577823-16f9-4de2-ba04-780edacb1bd8] Adding new dynamic property: PropertyDescriptor[simple]
[pool-2481-thread-1] INFO org.apache.nifi.processors.standard.RouteText - RouteText[id=88577823-16f9-4de2-ba04-780edacb1bd8] Created FlowFile[319,97609269364606.mockFlowFile,23B] from FlowFile[318,97609269364606.mockFlowFile,23B]; routing to relationship simple
[pool-2481-thread-1] INFO org.apache.nifi.processors.standard.RouteText - RouteText[id=88577823-16f9-4de2-ba04-780edacb1bd8] Routing FlowFile[318,97609269364606.mockFlowFile,23B] to original
[main] DEBUG org.apache.nifi.processors.standard.RouteText - RouteText[id=88577823-16f9-4de2-ba04-780edacb1bd8] Adding new dynamic property: PropertyDescriptor[simple]
[pool-2482-thread-1] INFO org.apache.nifi.processors.standard.RouteText - RouteText[id=88577823-16f9-4de2-ba04-780edacb1bd8] Created FlowFile[321,97609269923575.mockFlowFile,23B] from FlowFile[320,97609269923575.mockFlowFile,23B]; routing to relationship simple
[pool-2482-thread-1] INFO org.apache.nifi.processors.standard.RouteText - RouteText[id=88577823-16f9-4de2-ba04-780edacb1bd8] Routing FlowFile[320,97609269923575.mockFlowFile,23B] to original
[main] DEBUG org.apache.nifi.processors.standard.RouteText - RouteText[id=88577823-16f9-4de2-ba04-780edacb1bd8] Adding new dynamic property: PropertyDescriptor[simple]
[pool-2483-thread-1] INFO org.apache.nifi.processors.standard.RouteText - RouteText[id=88577823-16f9-4de2-ba04-780edacb1bd8] Created FlowFile[323,97609270377603.mockFlowFile,23B] from FlowFile[322,97609270377603.mockFlowFile,23B]; routing to relationship simple
[pool-2483-thread-1] INFO org.apache.nifi.processors.standard.RouteText - RouteText[id=88577823-16f9-4de2-ba04-780edacb1bd8] Routing FlowFile[322,97609270377603.mockFlowFile,23B] to original
[main] DEBUG org.apache.nifi.processors.standard.RouteText - RouteText[id=88577823-16f9-4de2-ba04-780edacb1bd8] Adding new dynamic property: PropertyDescriptor[simple]
[pool-2484-thread-1] INFO org.apache.nifi.processors.standard.RouteText - RouteText[id=88577823-16f9-4de2-ba04-780edacb1bd8] Created FlowFile[325,97609270821389.mockFlowFile,23B] from FlowFile[324,97609270821389.mockFlowFile,23B]; routing to relationship simple
[pool-2484-thread-1] INFO org.apache.nifi.processors.standard.RouteText - RouteText[id=88577823-16f9-4de2-ba04-780edacb1bd8] Routing FlowFile[324,97609270821389.mockFlowFile,23B] to original
[main] DEBUG org.apache.nifi.processors.standard.RouteText - RouteText[id=88577823-16f9-4de2-ba04-780edacb1bd8] Adding new dynamic property: PropertyDescriptor[simple]
[pool-2485-thread-1] INFO org.apache.nifi.processors.standard.RouteText - RouteText[id=88577823-16f9-4de2-ba04-780edacb1bd8] Created FlowFile[327,97609271382596.mockFlowFile,23B] from FlowFile[326,97609271382596.mockFlowFile,23B]; routing to relationship simple
[pool-2485-thread-1] INFO org.apache.nifi.processors.standard.RouteText - RouteText[id=88577823-16f9-4de2-ba04-780edacb1bd8] Routing FlowFile[326,97609271382596.mockFlowFile,23B] to original
[main] DEBUG org.apache.nifi.processors.standard.RouteText - RouteText[id=88577823-16f9-4de2-ba04-780edacb1bd8] Adding new dynamic property: PropertyDescriptor[simple]
[pool-2486-thread-1] INFO org.apache.nifi.processors.standard.RouteText - RouteText[id=88577823-16f9-4de2-ba04-780edacb1bd8] Created FlowFile[329,97609271879152.mockFlowFile,23B] from FlowFile[328,97609271879152.mockFlowFile,23B]; routing to relationship simple
[pool-2486-thread-1] INFO org.apache.nifi.processors.standard.RouteText - RouteText[id=88577823-16f9-4de2-ba04-780edacb1bd8] Routing FlowFile[328,97609271879152.mockFlowFile,23B] to original
[main] DEBUG org.apache.nifi.processors.standard.RouteText - RouteText[id=88577823-16f9-4de2-ba04-780edacb1bd8] Adding new dynamic property: PropertyDescriptor[simple]
[pool-2487-thread-1] INFO org.apache.nifi.processors.standard.RouteText - RouteText[id=88577823-16f9-4de2-ba04-780edacb1bd8] Created FlowFile[331,97609272409455.mockFlowFile,23B] from FlowFile[330,97609272409455.mockFlowFile,23B]; routing to relationship simple
[pool-2487-thread-1] INFO org.apache.nifi.processors.standard.RouteText - RouteText[id=88577823-16f9-4de2-ba04-780edacb1bd8] Routing FlowFile[330,97609272409455.mockFlowFile,23B] to original
[main] DEBUG org.apache.nifi.processors.standard.RouteText - RouteText[id=88577823-16f9-4de2-ba04-780edacb1bd8] Adding new dynamic property: PropertyDescriptor[simple]
[pool-2488-thread-1] INFO org.apache.nifi.processors.standard.RouteText - RouteText[id=88577823-16f9-4de2-ba04-780edacb1bd8] Created FlowFile[333,97609273025758.mockFlowFile,23B] from FlowFile[332,97609273025758.mockFlowFile,23B]; routing to relationship simple
[pool-2488-thread-1] INFO org.apache.nifi.processors.standard.RouteText - RouteText[id=88577823-16f9-4de2-ba04-780edacb1bd8] Routing FlowFile[332,97609273025758.mockFlowFile,23B] to original
[main] DEBUG org.apache.nifi.processors.standard.RouteText - RouteText[id=88577823-16f9-4de2-ba04-780edacb1bd8] Adding new dynamic property: PropertyDescriptor[simple]
[pool-2489-thread-1] INFO org.apache.nifi.processors.standard.RouteText - RouteText[id=88577823-16f9-4de2-ba04-780edacb1bd8] Created FlowFile[335,97609273563027.mockFlowFile,23B] from FlowFile[334,97609273563027.mockFlowFile,23B]; routing to relationship simple
[pool-2489-thread-1] INFO org.apache.nifi.processors.standard.RouteText - RouteText[id=88577823-16f9-4de2-ba04-780edacb1bd8] Routing FlowFile[334,97609273563027.mockFlowFile,23B] to original
[main] DEBUG org.apache.nifi.processors.standard.RouteText - RouteText[id=88577823-16f9-4de2-ba04-780edacb1bd8] Adding new dynamic property: PropertyDescriptor[simple]
[pool-2490-thread-1] INFO org.apache.nifi.processors.standard.RouteText - RouteText[id=88577823-16f9-4de2-ba04-780edacb1bd8] Created FlowFile[337,97609274121501.mockFlowFile,23B] from FlowFile[336,97609274121501.mockFlowFile,23B]; routing to relationship simple
[pool-2490-thread-1] INFO org.apache.nifi.processors.standard.RouteText - RouteText[id=88577823-16f9-4de2-ba04-780edacb1bd8] Routing FlowFile[336,97609274121501.mockFlowFile,23B] to original
[main] DEBUG org.apache.nifi.processors.standard.RouteText - RouteText[id=88577823-16f9-4de2-ba04-780edacb1bd8] Adding new dynamic property: PropertyDescriptor[simple]
[pool-2491-thread-1] INFO org.apache.nifi.processors.standard.RouteText - RouteText[id=88577823-16f9-4de2-ba04-780edacb1bd8] Created FlowFile[339,97609274598775.mockFlowFile,23B] from FlowFile[338,97609274598775.mockFlowFile,23B]; routing to relationship simple
[pool-2491-thread-1] INFO org.apache.nifi.processors.standard.RouteText - RouteText[id=88577823-16f9-4de2-ba04-780edacb1bd8] Routing FlowFile[338,97609274598775.mockFlowFile,23B] to original
[main] DEBUG org.apache.nifi.processors.standard.RouteText - RouteText[id=88577823-16f9-4de2-ba04-780edacb1bd8] Adding new dynamic property: PropertyDescriptor[simple]
[pool-2492-thread-1] INFO org.apache.nifi.processors.standard.RouteText - RouteText[id=88577823-16f9-4de2-ba04-780edacb1bd8] Created FlowFile[341,97609275093835.mockFlowFile,23B] from FlowFile[340,97609275093835.mockFlowFile,23B]; routing to relationship simple
[pool-2492-thread-1] INFO org.apache.nifi.processors.standard.RouteText - RouteText[id=88577823-16f9-4de2-ba04-780edacb1bd8] Routing FlowFile[340,97609275093835.mockFlowFile,23B] to original
[main] DEBUG org.apache.nifi.processors.standard.RouteText - RouteText[id=88577823-16f9-4de2-ba04-780edacb1bd8] Adding new dynamic property: PropertyDescriptor[simple]
[pool-2493-thread-1] INFO org.apache.nifi.processors.standard.RouteText - RouteText[id=88577823-16f9-4de2-ba04-780edacb1bd8] Created FlowFile[343,97609275701822.mockFlowFile,23B] from FlowFile[342,97609275701822.mockFlowFile,23B]; routing to relationship simple
[pool-2493-thread-1] INFO org.apache.nifi.processors.standard.RouteText - RouteText[id=88577823-16f9-4de2-ba04-780edacb1bd8] Routing FlowFile[342,97609275701822.mockFlowFile,23B] to original
[main] DEBUG org.apache.nifi.processors.standard.RouteText - RouteText[id=88577823-16f9-4de2-ba04-780edacb1bd8] Adding new dynamic property: PropertyDescriptor[simple]
[pool-2494-thread-1] INFO org.apache.nifi.processors.standard.RouteText - RouteText[id=88577823-16f9-4de2-ba04-780edacb1bd8] Created FlowFile[345,97609276191227.mockFlowFile,23B] from FlowFile[344,97609276191227.mockFlowFile,23B]; routing to relationship simple
[pool-2494-thread-1] INFO org.apache.nifi.processors.standard.RouteText - RouteText[id=88577823-16f9-4de2-ba04-780edacb1bd8] Routing FlowFile[344,97609276191227.mockFlowFile,23B] to original
[main] DEBUG org.apache.nifi.processors.standard.RouteText - RouteText[id=88577823-16f9-4de2-ba04-780edacb1bd8] Adding new dynamic property: PropertyDescriptor[simple]
[pool-2495-thread-1] INFO org.apache.nifi.processors.standard.RouteText - RouteText[id=88577823-16f9-4de2-ba04-780edacb1bd8] Created FlowFile[347,97609276801271.mockFlowFile,23B] from FlowFile[346,97609276801271.mockFlowFile,23B]; routing to relationship simple
[pool-2495-thread-1] INFO org.apache.nifi.processors.standard.RouteText - RouteText[id=88577823-16f9-4de2-ba04-780edacb1bd8] Routing FlowFile[346,97609276801271.mockFlowFile,23B] to original
[main] DEBUG org.apache.nifi.processors.standard.RouteText - RouteText[id=88577823-16f9-4de2-ba04-780edacb1bd8] Adding new dynamic property: PropertyDescriptor[simple]
[pool-2496-thread-1] INFO org.apache.nifi.processors.standard.RouteText - RouteText[id=88577823-16f9-4de2-ba04-780edacb1bd8] Created FlowFile[349,97609277395454.mockFlowFile,23B] from FlowFile[348,97609277395454.mockFlowFile,23B]; routing to relationship simple
[pool-2496-thread-1] INFO org.apache.nifi.processors.standard.RouteText - RouteText[id=88577823-16f9-4de2-ba04-780edacb1bd8] Routing FlowFile[348,97609277395454.mockFlowFile,23B] to original
[main] DEBUG org.apache.nifi.processors.standard.RouteText - RouteText[id=88577823-16f9-4de2-ba04-780edacb1bd8] Adding new dynamic property: PropertyDescriptor[simple]
[pool-2497-thread-1] INFO org.apache.nifi.processors.standard.RouteText - RouteText[id=88577823-16f9-4de2-ba04-780edacb1bd8] Created FlowFile[351,97609277957553.mockFlowFile,23B] from FlowFile[350,97609277957553.mockFlowFile,23B]; routing to relationship simple
[pool-2497-thread-1] INFO org.apache.nifi.processors.standard.RouteText - RouteText[id=88577823-16f9-4de2-ba04-780edacb1bd8] Routing FlowFile[350,97609277957553.mockFlowFile,23B] to original
[main] DEBUG org.apache.nifi.processors.standard.RouteText - RouteText[id=88577823-16f9-4de2-ba04-780edacb1bd8] Adding new dynamic property: PropertyDescriptor[simple]
[pool-2498-thread-1] INFO org.apache.nifi.processors.standard.RouteText - RouteText[id=88577823-16f9-4de2-ba04-780edacb1bd8] Created FlowFile[353,97609278426724.mockFlowFile,23B] from FlowFile[352,97609278426724.mockFlowFile,23B]; routing to relationship simple
[pool-2498-thread-1] INFO org.apache.nifi.processors.standard.RouteText - RouteText[id=88577823-16f9-4de2-ba04-780edacb1bd8] Routing FlowFile[352,97609278426724.mockFlowFile,23B] to original
[main] DEBUG org.apache.nifi.processors.standard.RouteText - RouteText[id=88577823-16f9-4de2-ba04-780edacb1bd8] Adding new dynamic property: PropertyDescriptor[simple]
[pool-2499-thread-1] INFO org.apache.nifi.processors.standard.RouteText - RouteText[id=88577823-16f9-4de2-ba04-780edacb1bd8] Created FlowFile[355,97609278871105.mockFlowFile,23B] from FlowFile[354,97609278871105.mockFlowFile,23B]; routing to relationship simple
[pool-2499-thread-1] INFO org.apache.nifi.processors.standard.RouteText - RouteText[id=88577823-16f9-4de2-ba04-780edacb1bd8] Routing FlowFile[354,97609278871105.mockFlowFile,23B] to original
[main] DEBUG org.apache.nifi.processors.standard.RouteText - RouteText[id=88577823-16f9-4de2-ba04-780edacb1bd8] Adding new dynamic property: PropertyDescriptor[simple]
[pool-2500-thread-1] INFO org.apache.nifi.processors.standard.RouteText - RouteText[id=88577823-16f9-4de2-ba04-780edacb1bd8] Created FlowFile[357,97609279406172.mockFlowFile,23B] from FlowFile[356,97609279406172.mockFlowFile,23B]; routing to relationship simple
[pool-2500-thread-1] INFO org.apache.nifi.processors.standard.RouteText - RouteText[id=88577823-16f9-4de2-ba04-780edacb1bd8] Routing FlowFile[356,97609279406172.mockFlowFile,23B] to original
[main] DEBUG org.apache.nifi.processors.standard.RouteText - RouteText[id=88577823-16f9-4de2-ba04-780edacb1bd8] Adding new dynamic property: PropertyDescriptor[simple]
[pool-2501-thread-1] INFO org.apache.nifi.processors.standard.RouteText - RouteText[id=88577823-16f9-4de2-ba04-780edacb1bd8] Created FlowFile[359,97609279904416.mockFlowFile,23B] from FlowFile[358,97609279904416.mockFlowFile,23B]; routing to relationship simple
[pool-2501-thread-1] INFO org.apache.nifi.processors.standard.RouteText - RouteText[id=88577823-16f9-4de2-ba04-780edacb1bd8] Routing FlowFile[358,97609279904416.mockFlowFile,23B] to original
[main] DEBUG org.apache.nifi.processors.standard.RouteText - RouteText[id=88577823-16f9-4de2-ba04-780edacb1bd8] Adding new dynamic property: PropertyDescriptor[simple]
[pool-2502-thread-1] INFO org.apache.nifi.processors.standard.RouteText - RouteText[id=88577823-16f9-4de2-ba04-780edacb1bd8] Created FlowFile[361,97609280485032.mockFlowFile,23B] from FlowFile[360,97609280485032.mockFlowFile,23B]; routing to relationship simple
[pool-2502-thread-1] INFO org.apache.nifi.processors.standard.RouteText - RouteText[id=88577823-16f9-4de2-ba04-780edacb1bd8] Routing FlowFile[360,97609280485032.mockFlowFile,23B] to original
[main] DEBUG org.apache.nifi.processors.standard.RouteText - RouteText[id=88577823-16f9-4de2-ba04-780edacb1bd8] Adding new dynamic property: PropertyDescriptor[simple]
[pool-2503-thread-1] INFO org.apache.nifi.processors.standard.RouteText - RouteText[id=88577823-16f9-4de2-ba04-780edacb1bd8] Created FlowFile[363,97609281016997.mockFlowFile,23B] from FlowFile[362,97609281016997.mockFlowFile,23B]; routing to relationship simple
[pool-2503-thread-1] INFO org.apache.nifi.processors.standard.RouteText - RouteText[id=88577823-16f9-4de2-ba04-780edacb1bd8] Routing FlowFile[362,97609281016997.mockFlowFile,23B] to original
[main] DEBUG org.apache.nifi.processors.standard.RouteText - RouteText[id=88577823-16f9-4de2-ba04-780edacb1bd8] Adding new dynamic property: PropertyDescriptor[simple]
[pool-2504-thread-1] INFO org.apache.nifi.processors.standard.RouteText - RouteText[id=88577823-16f9-4de2-ba04-780edacb1bd8] Created FlowFile[365,97609281547011.mockFlowFile,23B] from FlowFile[364,97609281547011.mockFlowFile,23B]; routing to relationship simple
[pool-2504-thread-1] INFO org.apache.nifi.processors.standard.RouteText - RouteText[id=88577823-16f9-4de2-ba04-780edacb1bd8] Routing FlowFile[364,97609281547011.mockFlowFile,23B] to original
[main] DEBUG org.apache.nifi.processors.standard.RouteText - RouteText[id=88577823-16f9-4de2-ba04-780edacb1bd8] Adding new dynamic property: PropertyDescriptor[simple]
[pool-2505-thread-1] INFO org.apache.nifi.processors.standard.RouteText - RouteText[id=88577823-16f9-4de2-ba04-780edacb1bd8] Created FlowFile[367,97609282058876.mockFlowFile,23B] from FlowFile[366,97609282058876.mockFlowFile,23B]; routing to relationship simple
[pool-2505-thread-1] INFO org.apache.nifi.processors.standard.RouteText - RouteText[id=88577823-16f9-4de2-ba04-780edacb1bd8] Routing FlowFile[366,97609282058876.mockFlowFile,23B] to original
[main] DEBUG org.apache.nifi.processors.standard.RouteText - RouteText[id=88577823-16f9-4de2-ba04-780edacb1bd8] Adding new dynamic property: PropertyDescriptor[simple]
[pool-2506-thread-1] INFO org.apache.nifi.processors.standard.RouteText - RouteText[id=88577823-16f9-4de2-ba04-780edacb1bd8] Created FlowFile[369,97609282564668.mockFlowFile,23B] from FlowFile[368,97609282564668.mockFlowFile,23B]; routing to relationship simple
[pool-2506-thread-1] INFO org.apache.nifi.processors.standard.RouteText - RouteText[id=88577823-16f9-4de2-ba04-780edacb1bd8] Routing FlowFile[368,97609282564668.mockFlowFile,23B] to original
[main] DEBUG org.apache.nifi.processors.standard.RouteText - RouteText[id=88577823-16f9-4de2-ba04-780edacb1bd8] Adding new dynamic property: PropertyDescriptor[simple]
[pool-2507-thread-1] INFO org.apache.nifi.processors.standard.RouteText - RouteText[id=88577823-16f9-4de2-ba04-780edacb1bd8] Created FlowFile[371,97609283058100.mockFlowFile,23B] from FlowFile[370,97609283058100.mockFlowFile,23B]; routing to relationship simple
[pool-2507-thread-1] INFO org.apache.nifi.processors.standard.RouteText - RouteText[id=88577823-16f9-4de2-ba04-780edacb1bd8] Routing FlowFile[370,97609283058100.mockFlowFile,23B] to original
[main] DEBUG org.apache.nifi.processors.standard.RouteText - RouteText[id=88577823-16f9-4de2-ba04-780edacb1bd8] Adding new dynamic property: PropertyDescriptor[simple]
[pool-2508-thread-1] INFO org.apache.nifi.processors.standard.RouteText - RouteText[id=88577823-16f9-4de2-ba04-780edacb1bd8] Created FlowFile[373,97609283554341.mockFlowFile,23B] from FlowFile[372,97609283554341.mockFlowFile,23B]; routing to relationship simple
[pool-2508-thread-1] INFO org.apache.nifi.processors.standard.RouteText - RouteText[id=88577823-16f9-4de2-ba04-780edacb1bd8] Routing FlowFile[372,97609283554341.mockFlowFile,23B] to original
[main] DEBUG org.apache.nifi.processors.standard.RouteText - RouteText[id=88577823-16f9-4de2-ba04-780edacb1bd8] Adding new dynamic property: PropertyDescriptor[simple]
[pool-2509-thread-1] INFO org.apache.nifi.processors.standard.RouteText - RouteText[id=88577823-16f9-4de2-ba04-780edacb1bd8] Created FlowFile[375,97609284147240.mockFlowFile,23B] from FlowFile[374,97609284147240.mockFlowFile,23B]; routing to relationship simple
[pool-2509-thread-1] INFO org.apache.nifi.processors.standard.RouteText - RouteText[id=88577823-16f9-4de2-ba04-780edacb1bd8] Routing FlowFile[374,97609284147240.mockFlowFile,23B] to original
[main] DEBUG org.apache.nifi.processors.standard.RouteText - RouteText[id=88577823-16f9-4de2-ba04-780edacb1bd8] Adding new dynamic property: PropertyDescriptor[simple]
[pool-2510-thread-1] INFO org.apache.nifi.processors.standard.RouteText - RouteText[id=88577823-16f9-4de2-ba04-780edacb1bd8] Created FlowFile[377,97609284699608.mockFlowFile,23B] from FlowFile[376,97609284699608.mockFlowFile,23B]; routing to relationship simple
[pool-2510-thread-1] INFO org.apache.nifi.processors.standard.RouteText - RouteText[id=88577823-16f9-4de2-ba04-780edacb1bd8] Routing FlowFile[376,97609284699608.mockFlowFile,23B] to original
[main] DEBUG org.apache.nifi.processors.standard.RouteText - RouteText[id=88577823-16f9-4de2-ba04-780edacb1bd8] Adding new dynamic property: PropertyDescriptor[simple]
[pool-2511-thread-1] INFO org.apache.nifi.processors.standard.RouteText - RouteText[id=88577823-16f9-4de2-ba04-780edacb1bd8] Created FlowFile[379,97609285303860.mockFlowFile,23B] from FlowFile[378,97609285303860.mockFlowFile,23B]; routing to relationship simple
[pool-2511-thread-1] INFO org.apache.nifi.processors.standard.RouteText - RouteText[id=88577823-16f9-4de2-ba04-780edacb1bd8] Routing FlowFile[378,97609285303860.mockFlowFile,23B] to original
[main] DEBUG org.apache.nifi.processors.standard.RouteText - RouteText[id=88577823-16f9-4de2-ba04-780edacb1bd8] Adding new dynamic property: PropertyDescriptor[simple]
[pool-2512-thread-1] INFO org.apache.nifi.processors.standard.RouteText - RouteText[id=88577823-16f9-4de2-ba04-780edacb1bd8] Created FlowFile[381,97609285833991.mockFlowFile,23B] from FlowFile[380,97609285833991.mockFlowFile,23B]; routing to relationship simple
[pool-2512-thread-1] INFO org.apache.nifi.processors.standard.RouteText - RouteText[id=88577823-16f9-4de2-ba04-780edacb1bd8] Routing FlowFile[380,97609285833991.mockFlowFile,23B] to original
[main] DEBUG org.apache.nifi.processors.standard.RouteText - RouteText[id=88577823-16f9-4de2-ba04-780edacb1bd8] Adding new dynamic property: PropertyDescriptor[simple]
[pool-2513-thread-1] INFO org.apache.nifi.processors.standard.RouteText - RouteText[id=88577823-16f9-4de2-ba04-780edacb1bd8] Created FlowFile[383,97609286380552.mockFlowFile,23B] from FlowFile[382,97609286380552.mockFlowFile,23B]; routing to relationship simple
[pool-2513-thread-1] INFO org.apache.nifi.processors.standard.RouteText - RouteText[id=88577823-16f9-4de2-ba04-780edacb1bd8] Routing FlowFile[382,97609286380552.mockFlowFile,23B] to original
[main] DEBUG org.apache.nifi.processors.standard.RouteText - RouteText[id=88577823-16f9-4de2-ba04-780edacb1bd8] Adding new dynamic property: PropertyDescriptor[simple]
[pool-2514-thread-1] INFO org.apache.nifi.processors.standard.RouteText - RouteText[id=88577823-16f9-4de2-ba04-780edacb1bd8] Created FlowFile[385,97609286917298.mockFlowFile,23B] from FlowFile[384,97609286917298.mockFlowFile,23B]; routing to relationship simple
[pool-2514-thread-1] INFO org.apache.nifi.processors.standard.RouteText - RouteText[id=88577823-16f9-4de2-ba04-780edacb1bd8] Routing FlowFile[384,97609286917298.mockFlowFile,23B] to original
[main] DEBUG org.apache.nifi.processors.standard.RouteText - RouteText[id=88577823-16f9-4de2-ba04-780edacb1bd8] Adding new dynamic property: PropertyDescriptor[simple]
[pool-2515-thread-1] INFO org.apache.nifi.processors.standard.RouteText - RouteText[id=88577823-16f9-4de2-ba04-780edacb1bd8] Created FlowFile[387,97609287525505.mockFlowFile,23B] from FlowFile[386,97609287525505.mockFlowFile,23B]; routing to relationship simple
[pool-2515-thread-1] INFO org.apache.nifi.processors.standard.RouteText - RouteText[id=88577823-16f9-4de2-ba04-780edacb1bd8] Routing FlowFile[386,97609287525505.mockFlowFile,23B] to original
[main] DEBUG org.apache.nifi.processors.standard.RouteText - RouteText[id=88577823-16f9-4de2-ba04-780edacb1bd8] Adding new dynamic property: PropertyDescriptor[simple]
[pool-2516-thread-1] INFO org.apache.nifi.processors.standard.RouteText - RouteText[id=88577823-16f9-4de2-ba04-780edacb1bd8] Created FlowFile[389,97609288399046.mockFlowFile,23B] from FlowFile[388,97609288399046.mockFlowFile,23B]; routing to relationship simple
[pool-2516-thread-1] INFO org.apache.nifi.processors.standard.RouteText - RouteText[id=88577823-16f9-4de2-ba04-780edacb1bd8] Routing FlowFile[388,97609288399046.mockFlowFile,23B] to original
[main] DEBUG org.apache.nifi.processors.standard.RouteText - RouteText[id=88577823-16f9-4de2-ba04-780edacb1bd8] Adding new dynamic property: PropertyDescriptor[simple]
[pool-2517-thread-1] INFO org.apache.nifi.processors.standard.RouteText - RouteText[id=88577823-16f9-4de2-ba04-780edacb1bd8] Created FlowFile[391,97609289289476.mockFlowFile,23B] from FlowFile[390,97609289289476.mockFlowFile,23B]; routing to relationship simple
[pool-2517-thread-1] INFO org.apache.nifi.processors.standard.RouteText - RouteText[id=88577823-16f9-4de2-ba04-780edacb1bd8] Routing FlowFile[390,97609289289476.mockFlowFile,23B] to original
[main] DEBUG org.apache.nifi.processors.standard.RouteText - RouteText[id=88577823-16f9-4de2-ba04-780edacb1bd8] Adding new dynamic property: PropertyDescriptor[simple]
[pool-2518-thread-1] INFO org.apache.nifi.processors.standard.RouteText - RouteText[id=88577823-16f9-4de2-ba04-780edacb1bd8] Created FlowFile[393,97609290048949.mockFlowFile,23B] from FlowFile[392,97609290048949.mockFlowFile,23B]; routing to relationship simple
[pool-2518-thread-1] INFO org.apache.nifi.processors.standard.RouteText - RouteText[id=88577823-16f9-4de2-ba04-780edacb1bd8] Routing FlowFile[392,97609290048949.mockFlowFile,23B] to original
[main] DEBUG org.apache.nifi.processors.standard.RouteText - RouteText[id=88577823-16f9-4de2-ba04-780edacb1bd8] Adding new dynamic property: PropertyDescriptor[simple]
[pool-2519-thread-1] INFO org.apache.nifi.processors.standard.RouteText - RouteText[id=88577823-16f9-4de2-ba04-780edacb1bd8] Created FlowFile[395,97609290635149.mockFlowFile,23B] from FlowFile[394,97609290635149.mockFlowFile,23B]; routing to relationship simple
[pool-2519-thread-1] INFO org.apache.nifi.processors.standard.RouteText - RouteText[id=88577823-16f9-4de2-ba04-780edacb1bd8] Routing FlowFile[394,97609290635149.mockFlowFile,23B] to original
[main] DEBUG org.apache.nifi.processors.standard.RouteText - RouteText[id=88577823-16f9-4de2-ba04-780edacb1bd8] Adding new dynamic property: PropertyDescriptor[simple]
[pool-2520-thread-1] INFO org.apache.nifi.processors.standard.RouteText - RouteText[id=88577823-16f9-4de2-ba04-780edacb1bd8] Created FlowFile[397,97609291200013.mockFlowFile,23B] from FlowFile[396,97609291200013.mockFlowFile,23B]; routing to relationship simple
[pool-2520-thread-1] INFO org.apache.nifi.processors.standard.RouteText - RouteText[id=88577823-16f9-4de2-ba04-780edacb1bd8] Routing FlowFile[396,97609291200013.mockFlowFile,23B] to original
[main] DEBUG org.apache.nifi.processors.standard.RouteText - RouteText[id=88577823-16f9-4de2-ba04-780edacb1bd8] Adding new dynamic property: PropertyDescriptor[simple]
[pool-2521-thread-1] INFO org.apache.nifi.processors.standard.RouteText - RouteText[id=88577823-16f9-4de2-ba04-780edacb1bd8] Created FlowFile[399,97609291768228.mockFlowFile,23B] from FlowFile[398,97609291768228.mockFlowFile,23B]; routing to relationship simple
[pool-2521-thread-1] INFO org.apache.nifi.processors.standard.RouteText - RouteText[id=88577823-16f9-4de2-ba04-780edacb1bd8] Routing FlowFile[398,97609291768228.mockFlowFile,23B] to original
[main] DEBUG org.apache.nifi.processors.standard.RouteText - RouteText[id=88577823-16f9-4de2-ba04-780edacb1bd8] Adding new dynamic property: PropertyDescriptor[simple]
[pool-2522-thread-1] INFO org.apache.nifi.processors.standard.RouteText - RouteText[id=88577823-16f9-4de2-ba04-780edacb1bd8] Created FlowFile[401,97609292443096.mockFlowFile,23B] from FlowFile[400,97609292443096.mockFlowFile,23B]; routing to relationship simple
[pool-2522-thread-1] INFO org.apache.nifi.processors.standard.RouteText - RouteText[id=88577823-16f9-4de2-ba04-780edacb1bd8] Routing FlowFile[400,97609292443096.mockFlowFile,23B] to original
[main] DEBUG org.apache.nifi.processors.standard.RouteText - RouteText[id=88577823-16f9-4de2-ba04-780edacb1bd8] Adding new dynamic property: PropertyDescriptor[simple]
[pool-2523-thread-1] INFO org.apache.nifi.processors.standard.RouteText - RouteText[id=88577823-16f9-4de2-ba04-780edacb1bd8] Created FlowFile[403,97609293031474.mockFlowFile,23B] from FlowFile[402,97609293031474.mockFlowFile,23B]; routing to relationship simple
[pool-2523-thread-1] INFO org.apache.nifi.processors.standard.RouteText - RouteText[id=88577823-16f9-4de2-ba04-780edacb1bd8] Routing FlowFile[402,97609293031474.mockFlowFile,23B] to original
[main] DEBUG org.apache.nifi.processors.standard.RouteText - RouteText[id=88577823-16f9-4de2-ba04-780edacb1bd8] Adding new dynamic property: PropertyDescriptor[simple]
[pool-2524-thread-1] INFO org.apache.nifi.processors.standard.RouteText - RouteText[id=88577823-16f9-4de2-ba04-780edacb1bd8] Created FlowFile[405,97609293562191.mockFlowFile,23B] from FlowFile[404,97609293562191.mockFlowFile,23B]; routing to relationship simple
[pool-2524-thread-1] INFO org.apache.nifi.processors.standard.RouteText - RouteText[id=88577823-16f9-4de2-ba04-780edacb1bd8] Routing FlowFile[404,97609293562191.mockFlowFile,23B] to original
[main] DEBUG org.apache.nifi.processors.standard.RouteText - RouteText[id=88577823-16f9-4de2-ba04-780edacb1bd8] Adding new dynamic property: PropertyDescriptor[simple]
[pool-2525-thread-1] INFO org.apache.nifi.processors.standard.RouteText - RouteText[id=88577823-16f9-4de2-ba04-780edacb1bd8] Created FlowFile[407,97609294063386.mockFlowFile,23B] from FlowFile[406,97609294063386.mockFlowFile,23B]; routing to relationship simple
[pool-2525-thread-1] INFO org.apache.nifi.processors.standard.RouteText - RouteText[id=88577823-16f9-4de2-ba04-780edacb1bd8] Routing FlowFile[406,97609294063386.mockFlowFile,23B] to original
[main] DEBUG org.apache.nifi.processors.standard.RouteText - RouteText[id=88577823-16f9-4de2-ba04-780edacb1bd8] Adding new dynamic property: PropertyDescriptor[simple]
[pool-2526-thread-1] INFO org.apache.nifi.processors.standard.RouteText - RouteText[id=88577823-16f9-4de2-ba04-780edacb1bd8] Created FlowFile[409,97609294541338.mockFlowFile,23B] from FlowFile[408,97609294541338.mockFlowFile,23B]; routing to relationship simple
[pool-2526-thread-1] INFO org.apache.nifi.processors.standard.RouteText - RouteText[id=88577823-16f9-4de2-ba04-780edacb1bd8] Routing FlowFile[408,97609294541338.mockFlowFile,23B] to original
[main] DEBUG org.apache.nifi.processors.standard.RouteText - RouteText[id=88577823-16f9-4de2-ba04-780edacb1bd8] Adding new dynamic property: PropertyDescriptor[simple]
[pool-2527-thread-1] INFO org.apache.nifi.processors.standard.RouteText - RouteText[id=88577823-16f9-4de2-ba04-780edacb1bd8] Created FlowFile[411,97609295011433.mockFlowFile,23B] from FlowFile[410,97609295011433.mockFlowFile,23B]; routing to relationship simple
[pool-2527-thread-1] INFO org.apache.nifi.processors.standard.RouteText - RouteText[id=88577823-16f9-4de2-ba04-780edacb1bd8] Routing FlowFile[410,97609295011433.mockFlowFile,23B] to original
[main] DEBUG org.apache.nifi.processors.standard.RouteText - RouteText[id=88577823-16f9-4de2-ba04-780edacb1bd8] Adding new dynamic property: PropertyDescriptor[simple]
[pool-2528-thread-1] INFO org.apache.nifi.processors.standard.RouteText - RouteText[id=88577823-16f9-4de2-ba04-780edacb1bd8] Created FlowFile[413,97609295452860.mockFlowFile,23B] from FlowFile[412,97609295452860.mockFlowFile,23B]; routing to relationship simple
[pool-2528-thread-1] INFO org.apache.nifi.processors.standard.RouteText - RouteText[id=88577823-16f9-4de2-ba04-780edacb1bd8] Routing FlowFile[412,97609295452860.mockFlowFile,23B] to original
[main] DEBUG org.apache.nifi.processors.standard.RouteText - RouteText[id=88577823-16f9-4de2-ba04-780edacb1bd8] Adding new dynamic property: PropertyDescriptor[simple]
[pool-2529-thread-1] INFO org.apache.nifi.processors.standard.RouteText - RouteText[id=88577823-16f9-4de2-ba04-780edacb1bd8] Created FlowFile[415,97609295917070.mockFlowFile,23B] from FlowFile[414,97609295917070.mockFlowFile,23B]; routing to relationship simple
[pool-2529-thread-1] INFO org.apache.nifi.processors.standard.RouteText - RouteText[id=88577823-16f9-4de2-ba04-780edacb1bd8] Routing FlowFile[414,97609295917070.mockFlowFile,23B] to original
[main] DEBUG org.apache.nifi.processors.standard.RouteText - RouteText[id=88577823-16f9-4de2-ba04-780edacb1bd8] Adding new dynamic property: PropertyDescriptor[simple]
[pool-2530-thread-1] INFO org.apache.nifi.processors.standard.RouteText - RouteText[id=88577823-16f9-4de2-ba04-780edacb1bd8] Created FlowFile[417,97609296554304.mockFlowFile,23B] from FlowFile[416,97609296554304.mockFlowFile,23B]; routing to relationship simple
[pool-2530-thread-1] INFO org.apache.nifi.processors.standard.RouteText - RouteText[id=88577823-16f9-4de2-ba04-780edacb1bd8] Routing FlowFile[416,97609296554304.mockFlowFile,23B] to original
[main] DEBUG org.apache.nifi.processors.standard.RouteText - RouteText[id=88577823-16f9-4de2-ba04-780edacb1bd8] Adding new dynamic property: PropertyDescriptor[simple]
[pool-2531-thread-1] INFO org.apache.nifi.processors.standard.RouteText - RouteText[id=88577823-16f9-4de2-ba04-780edacb1bd8] Created FlowFile[419,97609297034169.mockFlowFile,23B] from FlowFile[418,97609297034169.mockFlowFile,23B]; routing to relationship simple
[pool-2531-thread-1] INFO org.apache.nifi.processors.standard.RouteText - RouteText[id=88577823-16f9-4de2-ba04-780edacb1bd8] Routing FlowFile[418,97609297034169.mockFlowFile,23B] to original
[main] DEBUG org.apache.nifi.processors.standard.RouteText - RouteText[id=88577823-16f9-4de2-ba04-780edacb1bd8] Adding new dynamic property: PropertyDescriptor[simple]
[pool-2532-thread-1] INFO org.apache.nifi.processors.standard.RouteText - RouteText[id=88577823-16f9-4de2-ba04-780edacb1bd8] Created FlowFile[421,97609297515872.mockFlowFile,23B] from FlowFile[420,97609297515872.mockFlowFile,23B]; routing to relationship simple
[pool-2532-thread-1] INFO org.apache.nifi.processors.standard.RouteText - RouteText[id=88577823-16f9-4de2-ba04-780edacb1bd8] Routing FlowFile[420,97609297515872.mockFlowFile,23B] to original
[main] DEBUG org.apache.nifi.processors.standard.RouteText - RouteText[id=88577823-16f9-4de2-ba04-780edacb1bd8] Adding new dynamic property: PropertyDescriptor[simple]
[pool-2533-thread-1] INFO org.apache.nifi.processors.standard.RouteText - RouteText[id=88577823-16f9-4de2-ba04-780edacb1bd8] Created FlowFile[423,97609298094276.mockFlowFile,23B] from FlowFile[422,97609298094276.mockFlowFile,23B]; routing to relationship simple
[pool-2533-thread-1] INFO org.apache.nifi.processors.standard.RouteText - RouteText[id=88577823-16f9-4de2-ba04-780edacb1bd8] Routing FlowFile[422,97609298094276.mockFlowFile,23B] to original
[main] DEBUG org.apache.nifi.processors.standard.RouteText - RouteText[id=88577823-16f9-4de2-ba04-780edacb1bd8] Adding new dynamic property: PropertyDescriptor[simple]
[pool-2534-thread-1] INFO org.apache.nifi.processors.standard.RouteText - RouteText[id=88577823-16f9-4de2-ba04-780edacb1bd8] Created FlowFile[425,97609298602817.mockFlowFile,23B] from FlowFile[424,97609298602817.mockFlowFile,23B]; routing to relationship simple
[pool-2534-thread-1] INFO org.apache.nifi.processors.standard.RouteText - RouteText[id=88577823-16f9-4de2-ba04-780edacb1bd8] Routing FlowFile[424,97609298602817.mockFlowFile,23B] to original
[main] DEBUG org.apache.nifi.processors.standard.RouteText - RouteText[id=88577823-16f9-4de2-ba04-780edacb1bd8] Adding new dynamic property: PropertyDescriptor[simple]
[pool-2535-thread-1] INFO org.apache.nifi.processors.standard.RouteText - RouteText[id=88577823-16f9-4de2-ba04-780edacb1bd8] Created FlowFile[427,97609299122376.mockFlowFile,23B] from FlowFile[426,97609299122376.mockFlowFile,23B]; routing to relationship simple
[pool-2535-thread-1] INFO org.apache.nifi.processors.standard.RouteText - RouteText[id=88577823-16f9-4de2-ba04-780edacb1bd8] Routing FlowFile[426,97609299122376.mockFlowFile,23B] to original
[main] DEBUG org.apache.nifi.processors.standard.RouteText - RouteText[id=88577823-16f9-4de2-ba04-780edacb1bd8] Adding new dynamic property: PropertyDescriptor[simple]
[pool-2536-thread-1] INFO org.apache.nifi.processors.standard.RouteText - RouteText[id=88577823-16f9-4de2-ba04-780edacb1bd8] Created FlowFile[429,97609299684724.mockFlowFile,23B] from FlowFile[428,97609299684724.mockFlowFile,23B]; routing to relationship simple
[pool-2536-thread-1] INFO org.apache.nifi.processors.standard.RouteText - RouteText[id=88577823-16f9-4de2-ba04-780edacb1bd8] Routing FlowFile[428,97609299684724.mockFlowFile,23B] to original
[main] DEBUG org.apache.nifi.processors.standard.RouteText - RouteText[id=88577823-16f9-4de2-ba04-780edacb1bd8] Adding new dynamic property: PropertyDescriptor[simple]
[pool-2537-thread-1] INFO org.apache.nifi.processors.standard.RouteText - RouteText[id=88577823-16f9-4de2-ba04-780edacb1bd8] Created FlowFile[431,97609300326811.mockFlowFile,23B] from FlowFile[430,97609300326811.mockFlowFile,23B]; routing to relationship simple
[pool-2537-thread-1] INFO org.apache.nifi.processors.standard.RouteText - RouteText[id=88577823-16f9-4de2-ba04-780edacb1bd8] Routing FlowFile[430,97609300326811.mockFlowFile,23B] to original
[main] DEBUG org.apache.nifi.processors.standard.RouteText - RouteText[id=88577823-16f9-4de2-ba04-780edacb1bd8] Adding new dynamic property: PropertyDescriptor[simple]
[pool-2538-thread-1] INFO org.apache.nifi.processors.standard.RouteText - RouteText[id=88577823-16f9-4de2-ba04-780edacb1bd8] Created FlowFile[433,97609300897058.mockFlowFile,23B] from FlowFile[432,97609300897058.mockFlowFile,23B]; routing to relationship simple
[pool-2538-thread-1] INFO org.apache.nifi.processors.standard.RouteText - RouteText[id=88577823-16f9-4de2-ba04-780edacb1bd8] Routing FlowFile[432,97609300897058.mockFlowFile,23B] to original
[main] DEBUG org.apache.nifi.processors.standard.RouteText - RouteText[id=88577823-16f9-4de2-ba04-780edacb1bd8] Adding new dynamic property: PropertyDescriptor[simple]
[pool-2539-thread-1] INFO org.apache.nifi.processors.standard.RouteText - RouteText[id=88577823-16f9-4de2-ba04-780edacb1bd8] Created FlowFile[435,97609301451453.mockFlowFile,23B] from FlowFile[434,97609301451453.mockFlowFile,23B]; routing to relationship simple
[pool-2539-thread-1] INFO org.apache.nifi.processors.standard.RouteText - RouteText[id=88577823-16f9-4de2-ba04-780edacb1bd8] Routing FlowFile[434,97609301451453.mockFlowFile,23B] to original
[main] DEBUG org.apache.nifi.processors.standard.RouteText - RouteText[id=88577823-16f9-4de2-ba04-780edacb1bd8] Adding new dynamic property: PropertyDescriptor[simple]
[pool-2540-thread-1] INFO org.apache.nifi.processors.standard.RouteText - RouteText[id=88577823-16f9-4de2-ba04-780edacb1bd8] Created FlowFile[437,97609301988977.mockFlowFile,23B] from FlowFile[436,97609301988977.mockFlowFile,23B]; routing to relationship simple
[pool-2540-thread-1] INFO org.apache.nifi.processors.standard.RouteText - RouteText[id=88577823-16f9-4de2-ba04-780edacb1bd8] Routing FlowFile[436,97609301988977.mockFlowFile,23B] to original
[main] DEBUG org.apache.nifi.processors.standard.RouteText - RouteText[id=88577823-16f9-4de2-ba04-780edacb1bd8] Adding new dynamic property: PropertyDescriptor[simple]
[pool-2541-thread-1] INFO org.apache.nifi.processors.standard.RouteText - RouteText[id=88577823-16f9-4de2-ba04-780edacb1bd8] Created FlowFile[439,97609302561313.mockFlowFile,23B] from FlowFile[438,97609302561313.mockFlowFile,23B]; routing to relationship simple
[pool-2541-thread-1] INFO org.apache.nifi.processors.standard.RouteText - RouteText[id=88577823-16f9-4de2-ba04-780edacb1bd8] Routing FlowFile[438,97609302561313.mockFlowFile,23B] to original
[main] DEBUG org.apache.nifi.processors.standard.RouteText - RouteText[id=88577823-16f9-4de2-ba04-780edacb1bd8] Adding new dynamic property: PropertyDescriptor[simple]
[pool-2542-thread-1] INFO org.apache.nifi.processors.standard.RouteText - RouteText[id=88577823-16f9-4de2-ba04-780edacb1bd8] Created FlowFile[441,97609303037959.mockFlowFile,23B] from FlowFile[440,97609303037959.mockFlowFile,23B]; routing to relationship simple
[pool-2542-thread-1] INFO org.apache.nifi.processors.standard.RouteText - RouteText[id=88577823-16f9-4de2-ba04-780edacb1bd8] Routing FlowFile[440,97609303037959.mockFlowFile,23B] to original
[main] DEBUG org.apache.nifi.processors.standard.RouteText - RouteText[id=88577823-16f9-4de2-ba04-780edacb1bd8] Adding new dynamic property: PropertyDescriptor[simple]
[pool-2543-thread-1] INFO org.apache.nifi.processors.standard.RouteText - RouteText[id=88577823-16f9-4de2-ba04-780edacb1bd8] Created FlowFile[443,97609303479520.mockFlowFile,23B] from FlowFile[442,97609303479520.mockFlowFile,23B]; routing to relationship simple
[pool-2543-thread-1] INFO org.apache.nifi.processors.standard.RouteText - RouteText[id=88577823-16f9-4de2-ba04-780edacb1bd8] Routing FlowFile[442,97609303479520.mockFlowFile,23B] to original
[main] DEBUG org.apache.nifi.processors.standard.RouteText - RouteText[id=88577823-16f9-4de2-ba04-780edacb1bd8] Adding new dynamic property: PropertyDescriptor[simple]
[pool-2544-thread-1] INFO org.apache.nifi.processors.standard.RouteText - RouteText[id=88577823-16f9-4de2-ba04-780edacb1bd8] Created FlowFile[445,97609303939519.mockFlowFile,23B] from FlowFile[444,97609303939519.mockFlowFile,23B]; routing to relationship simple
[pool-2544-thread-1] INFO org.apache.nifi.processors.standard.RouteText - RouteText[id=88577823-16f9-4de2-ba04-780edacb1bd8] Routing FlowFile[444,97609303939519.mockFlowFile,23B] to original
[main] DEBUG org.apache.nifi.processors.standard.RouteText - RouteText[id=88577823-16f9-4de2-ba04-780edacb1bd8] Adding new dynamic property: PropertyDescriptor[simple]
[pool-2545-thread-1] INFO org.apache.nifi.processors.standard.RouteText - RouteText[id=88577823-16f9-4de2-ba04-780edacb1bd8] Created FlowFile[447,97609304438125.mockFlowFile,23B] from FlowFile[446,97609304438125.mockFlowFile,23B]; routing to relationship simple
[pool-2545-thread-1] INFO org.apache.nifi.processors.standard.RouteText - RouteText[id=88577823-16f9-4de2-ba04-780edacb1bd8] Routing FlowFile[446,97609304438125.mockFlowFile,23B] to original
[main] DEBUG org.apache.nifi.processors.standard.RouteText - RouteText[id=88577823-16f9-4de2-ba04-780edacb1bd8] Adding new dynamic property: PropertyDescriptor[simple]
[pool-2546-thread-1] INFO org.apache.nifi.processors.standard.RouteText - RouteText[id=88577823-16f9-4de2-ba04-780edacb1bd8] Created FlowFile[449,97609304951303.mockFlowFile,23B] from FlowFile[448,97609304951303.mockFlowFile,23B]; routing to relationship simple
[pool-2546-thread-1] INFO org.apache.nifi.processors.standard.RouteText - RouteText[id=88577823-16f9-4de2-ba04-780edacb1bd8] Routing FlowFile[448,97609304951303.mockFlowFile,23B] to original
[main] DEBUG org.apache.nifi.processors.standard.RouteText - RouteText[id=88577823-16f9-4de2-ba04-780edacb1bd8] Adding new dynamic property: PropertyDescriptor[simple]
[pool-2547-thread-1] INFO org.apache.nifi.processors.standard.RouteText - RouteText[id=88577823-16f9-4de2-ba04-780edacb1bd8] Created FlowFile[451,97609305436518.mockFlowFile,23B] from FlowFile[450,97609305436518.mockFlowFile,23B]; routing to relationship simple
[pool-2547-thread-1] INFO org.apache.nifi.processors.standard.RouteText - RouteText[id=88577823-16f9-4de2-ba04-780edacb1bd8] Routing FlowFile[450,97609305436518.mockFlowFile,23B] to original
[main] DEBUG org.apache.nifi.processors.standard.RouteText - RouteText[id=88577823-16f9-4de2-ba04-780edacb1bd8] Adding new dynamic property: PropertyDescriptor[simple]
[pool-2548-thread-1] INFO org.apache.nifi.processors.standard.RouteText - RouteText[id=88577823-16f9-4de2-ba04-780edacb1bd8] Created FlowFile[453,97609305914143.mockFlowFile,23B] from FlowFile[452,97609305914143.mockFlowFile,23B]; routing to relationship simple
[pool-2548-thread-1] INFO org.apache.nifi.processors.standard.RouteText - RouteText[id=88577823-16f9-4de2-ba04-780edacb1bd8] Routing FlowFile[452,97609305914143.mockFlowFile,23B] to original
[main] DEBUG org.apache.nifi.processors.standard.RouteText - RouteText[id=88577823-16f9-4de2-ba04-780edacb1bd8] Adding new dynamic property: PropertyDescriptor[simple]
[pool-2549-thread-1] INFO org.apache.nifi.processors.standard.RouteText - RouteText[id=88577823-16f9-4de2-ba04-780edacb1bd8] Created FlowFile[455,97609306423709.mockFlowFile,23B] from FlowFile[454,97609306423709.mockFlowFile,23B]; routing to relationship simple
[pool-2549-thread-1] INFO org.apache.nifi.processors.standard.RouteText - RouteText[id=88577823-16f9-4de2-ba04-780edacb1bd8] Routing FlowFile[454,97609306423709.mockFlowFile,23B] to original
[main] DEBUG org.apache.nifi.processors.standard.RouteText - RouteText[id=88577823-16f9-4de2-ba04-780edacb1bd8] Adding new dynamic property: PropertyDescriptor[simple]
[pool-2550-thread-1] INFO org.apache.nifi.processors.standard.RouteText - RouteText[id=88577823-16f9-4de2-ba04-780edacb1bd8] Created FlowFile[457,97609306991148.mockFlowFile,23B] from FlowFile[456,97609306991148.mockFlowFile,23B]; routing to relationship simple
[pool-2550-thread-1] INFO org.apache.nifi.processors.standard.RouteText - RouteText[id=88577823-16f9-4de2-ba04-780edacb1bd8] Routing FlowFile[456,97609306991148.mockFlowFile,23B] to original
[main] DEBUG org.apache.nifi.processors.standard.RouteText - RouteText[id=88577823-16f9-4de2-ba04-780edacb1bd8] Adding new dynamic property: PropertyDescriptor[simple]
[pool-2551-thread-1] INFO org.apache.nifi.processors.standard.RouteText - RouteText[id=88577823-16f9-4de2-ba04-780edacb1bd8] Created FlowFile[459,97609307544971.mockFlowFile,23B] from FlowFile[458,97609307544971.mockFlowFile,23B]; routing to relationship simple
[pool-2551-thread-1] INFO org.apache.nifi.processors.standard.RouteText - RouteText[id=88577823-16f9-4de2-ba04-780edacb1bd8] Routing FlowFile[458,97609307544971.mockFlowFile,23B] to original
[main] DEBUG org.apache.nifi.processors.standard.RouteText - RouteText[id=88577823-16f9-4de2-ba04-780edacb1bd8] Adding new dynamic property: PropertyDescriptor[simple]
[pool-2552-thread-1] INFO org.apache.nifi.processors.standard.RouteText - RouteText[id=88577823-16f9-4de2-ba04-780edacb1bd8] Created FlowFile[461,97609308319469.mockFlowFile,23B] from FlowFile[460,97609308319469.mockFlowFile,23B]; routing to relationship simple
[pool-2552-thread-1] INFO org.apache.nifi.processors.standard.RouteText - RouteText[id=88577823-16f9-4de2-ba04-780edacb1bd8] Routing FlowFile[460,97609308319469.mockFlowFile,23B] to original
[main] DEBUG org.apache.nifi.processors.standard.RouteText - RouteText[id=88577823-16f9-4de2-ba04-780edacb1bd8] Adding new dynamic property: PropertyDescriptor[simple]
[pool-2553-thread-1] INFO org.apache.nifi.processors.standard.RouteText - RouteText[id=88577823-16f9-4de2-ba04-780edacb1bd8] Created FlowFile[463,97609308897035.mockFlowFile,23B] from FlowFile[462,97609308897035.mockFlowFile,23B]; routing to relationship simple
[pool-2553-thread-1] INFO org.apache.nifi.processors.standard.RouteText - RouteText[id=88577823-16f9-4de2-ba04-780edacb1bd8] Routing FlowFile[462,97609308897035.mockFlowFile,23B] to original
[main] DEBUG org.apache.nifi.processors.standard.RouteText - RouteText[id=88577823-16f9-4de2-ba04-780edacb1bd8] Adding new dynamic property: PropertyDescriptor[simple]
[pool-2554-thread-1] INFO org.apache.nifi.processors.standard.RouteText - RouteText[id=88577823-16f9-4de2-ba04-780edacb1bd8] Created FlowFile[465,97609309430981.mockFlowFile,23B] from FlowFile[464,97609309430981.mockFlowFile,23B]; routing to relationship simple
[pool-2554-thread-1] INFO org.apache.nifi.processors.standard.RouteText - RouteText[id=88577823-16f9-4de2-ba04-780edacb1bd8] Routing FlowFile[464,97609309430981.mockFlowFile,23B] to original
[main] DEBUG org.apache.nifi.processors.standard.RouteText - RouteText[id=88577823-16f9-4de2-ba04-780edacb1bd8] Adding new dynamic property: PropertyDescriptor[simple]
[pool-2555-thread-1] INFO org.apache.nifi.processors.standard.RouteText - RouteText[id=88577823-16f9-4de2-ba04-780edacb1bd8] Created FlowFile[467,97609309972426.mockFlowFile,23B] from FlowFile[466,97609309972426.mockFlowFile,23B]; routing to relationship simple
[pool-2555-thread-1] INFO org.apache.nifi.processors.standard.RouteText - RouteText[id=88577823-16f9-4de2-ba04-780edacb1bd8] Routing FlowFile[466,97609309972426.mockFlowFile,23B] to original
[main] DEBUG org.apache.nifi.processors.standard.RouteText - RouteText[id=88577823-16f9-4de2-ba04-780edacb1bd8] Adding new dynamic property: PropertyDescriptor[simple]
[pool-2556-thread-1] INFO org.apache.nifi.processors.standard.RouteText - RouteText[id=88577823-16f9-4de2-ba04-780edacb1bd8] Created FlowFile[469,97609310523630.mockFlowFile,23B] from FlowFile[468,97609310523630.mockFlowFile,23B]; routing to relationship simple
[pool-2556-thread-1] INFO org.apache.nifi.processors.standard.RouteText - RouteText[id=88577823-16f9-4de2-ba04-780edacb1bd8] Routing FlowFile[468,97609310523630.mockFlowFile,23B] to original
[main] DEBUG org.apache.nifi.processors.standard.RouteText - RouteText[id=88577823-16f9-4de2-ba04-780edacb1bd8] Adding new dynamic property: PropertyDescriptor[simple]
[pool-2557-thread-1] INFO org.apache.nifi.processors.standard.RouteText - RouteText[id=88577823-16f9-4de2-ba04-780edacb1bd8] Created FlowFile[471,97609311057666.mockFlowFile,23B] from FlowFile[470,97609311057666.mockFlowFile,23B]; routing to relationship simple
[pool-2557-thread-1] INFO org.apache.nifi.processors.standard.RouteText - RouteText[id=88577823-16f9-4de2-ba04-780edacb1bd8] Routing FlowFile[470,97609311057666.mockFlowFile,23B] to original
[main] DEBUG org.apache.nifi.processors.standard.RouteText - RouteText[id=88577823-16f9-4de2-ba04-780edacb1bd8] Adding new dynamic property: PropertyDescriptor[simple]
[pool-2558-thread-1] INFO org.apache.nifi.processors.standard.RouteText - RouteText[id=88577823-16f9-4de2-ba04-780edacb1bd8] Created FlowFile[473,97609311673237.mockFlowFile,23B] from FlowFile[472,97609311673237.mockFlowFile,23B]; routing to relationship simple
[pool-2558-thread-1] INFO org.apache.nifi.processors.standard.RouteText - RouteText[id=88577823-16f9-4de2-ba04-780edacb1bd8] Routing FlowFile[472,97609311673237.mockFlowFile,23B] to original
[main] DEBUG org.apache.nifi.processors.standard.RouteText - RouteText[id=88577823-16f9-4de2-ba04-780edacb1bd8] Adding new dynamic property: PropertyDescriptor[simple]
[pool-2559-thread-1] INFO org.apache.nifi.processors.standard.RouteText - RouteText[id=88577823-16f9-4de2-ba04-780edacb1bd8] Created FlowFile[475,97609312207533.mockFlowFile,23B] from FlowFile[474,97609312207533.mockFlowFile,23B]; routing to relationship simple
[pool-2559-thread-1] INFO org.apache.nifi.processors.standard.RouteText - RouteText[id=88577823-16f9-4de2-ba04-780edacb1bd8] Routing FlowFile[474,97609312207533.mockFlowFile,23B] to original
[main] DEBUG org.apache.nifi.processors.standard.RouteText - RouteText[id=88577823-16f9-4de2-ba04-780edacb1bd8] Adding new dynamic property: PropertyDescriptor[simple]
[pool-2560-thread-1] INFO org.apache.nifi.processors.standard.RouteText - RouteText[id=88577823-16f9-4de2-ba04-780edacb1bd8] Created FlowFile[477,97609312735827.mockFlowFile,23B] from FlowFile[476,97609312735827.mockFlowFile,23B]; routing to relationship simple
[pool-2560-thread-1] INFO org.apache.nifi.processors.standard.RouteText - RouteText[id=88577823-16f9-4de2-ba04-780edacb1bd8] Routing FlowFile[476,97609312735827.mockFlowFile,23B] to original
[main] DEBUG org.apache.nifi.processors.standard.RouteText - RouteText[id=88577823-16f9-4de2-ba04-780edacb1bd8] Adding new dynamic property: PropertyDescriptor[simple]
[pool-2561-thread-1] INFO org.apache.nifi.processors.standard.RouteText - RouteText[id=88577823-16f9-4de2-ba04-780edacb1bd8] Created FlowFile[479,97609313251874.mockFlowFile,23B] from FlowFile[478,97609313251874.mockFlowFile,23B]; routing to relationship simple
[pool-2561-thread-1] INFO org.apache.nifi.processors.standard.RouteText - RouteText[id=88577823-16f9-4de2-ba04-780edacb1bd8] Routing FlowFile[478,97609313251874.mockFlowFile,23B] to original
[main] DEBUG org.apache.nifi.processors.standard.RouteText - RouteText[id=88577823-16f9-4de2-ba04-780edacb1bd8] Adding new dynamic property: PropertyDescriptor[simple]
[pool-2562-thread-1] INFO org.apache.nifi.processors.standard.RouteText - RouteText[id=88577823-16f9-4de2-ba04-780edacb1bd8] Created FlowFile[481,97609313771095.mockFlowFile,23B] from FlowFile[480,97609313771095.mockFlowFile,23B]; routing to relationship simple
[pool-2562-thread-1] INFO org.apache.nifi.processors.standard.RouteText - RouteText[id=88577823-16f9-4de2-ba04-780edacb1bd8] Routing FlowFile[480,97609313771095.mockFlowFile,23B] to original
[main] DEBUG org.apache.nifi.processors.standard.RouteText - RouteText[id=88577823-16f9-4de2-ba04-780edacb1bd8] Adding new dynamic property: PropertyDescriptor[simple]
[pool-2563-thread-1] INFO org.apache.nifi.processors.standard.RouteText - RouteText[id=88577823-16f9-4de2-ba04-780edacb1bd8] Created FlowFile[483,97609314541796.mockFlowFile,23B] from FlowFile[482,97609314541796.mockFlowFile,23B]; routing to relationship simple
[pool-2563-thread-1] INFO org.apache.nifi.processors.standard.RouteText - RouteText[id=88577823-16f9-4de2-ba04-780edacb1bd8] Routing FlowFile[482,97609314541796.mockFlowFile,23B] to original
[main] DEBUG org.apache.nifi.processors.standard.RouteText - RouteText[id=88577823-16f9-4de2-ba04-780edacb1bd8] Adding new dynamic property: PropertyDescriptor[simple]
[pool-2564-thread-1] INFO org.apache.nifi.processors.standard.RouteText - RouteText[id=88577823-16f9-4de2-ba04-780edacb1bd8] Created FlowFile[485,97609315319043.mockFlowFile,23B] from FlowFile[484,97609315319043.mockFlowFile,23B]; routing to relationship simple
[pool-2564-thread-1] INFO org.apache.nifi.processors.standard.RouteText - RouteText[id=88577823-16f9-4de2-ba04-780edacb1bd8] Routing FlowFile[484,97609315319043.mockFlowFile,23B] to original
[main] DEBUG org.apache.nifi.processors.standard.RouteText - RouteText[id=88577823-16f9-4de2-ba04-780edacb1bd8] Adding new dynamic property: PropertyDescriptor[simple]
[pool-2565-thread-1] INFO org.apache.nifi.processors.standard.RouteText - RouteText[id=88577823-16f9-4de2-ba04-780edacb1bd8] Created FlowFile[487,97609315883258.mockFlowFile,23B] from FlowFile[486,97609315883258.mockFlowFile,23B]; routing to relationship simple
[pool-2565-thread-1] INFO org.apache.nifi.processors.standard.RouteText - RouteText[id=88577823-16f9-4de2-ba04-780edacb1bd8] Routing FlowFile[486,97609315883258.mockFlowFile,23B] to original
[main] DEBUG org.apache.nifi.processors.standard.RouteText - RouteText[id=88577823-16f9-4de2-ba04-780edacb1bd8] Adding new dynamic property: PropertyDescriptor[simple]
[pool-2566-thread-1] INFO org.apache.nifi.processors.standard.RouteText - RouteText[id=88577823-16f9-4de2-ba04-780edacb1bd8] Created FlowFile[489,97609316491133.mockFlowFile,23B] from FlowFile[488,97609316491133.mockFlowFile,23B]; routing to relationship simple
[pool-2566-thread-1] INFO org.apache.nifi.processors.standard.RouteText - RouteText[id=88577823-16f9-4de2-ba04-780edacb1bd8] Routing FlowFile[488,97609316491133.mockFlowFile,23B] to original
[main] DEBUG org.apache.nifi.processors.standard.RouteText - RouteText[id=88577823-16f9-4de2-ba04-780edacb1bd8] Adding new dynamic property: PropertyDescriptor[simple]
[pool-2567-thread-1] INFO org.apache.nifi.processors.standard.RouteText - RouteText[id=88577823-16f9-4de2-ba04-780edacb1bd8] Created FlowFile[491,97609317005842.mockFlowFile,23B] from FlowFile[490,97609317005842.mockFlowFile,23B]; routing to relationship simple
[pool-2567-thread-1] INFO org.apache.nifi.processors.standard.RouteText - RouteText[id=88577823-16f9-4de2-ba04-780edacb1bd8] Routing FlowFile[490,97609317005842.mockFlowFile,23B] to original
[main] DEBUG org.apache.nifi.processors.standard.RouteText - RouteText[id=88577823-16f9-4de2-ba04-780edacb1bd8] Adding new dynamic property: PropertyDescriptor[simple]
[pool-2568-thread-1] INFO org.apache.nifi.processors.standard.RouteText - RouteText[id=88577823-16f9-4de2-ba04-780edacb1bd8] Created FlowFile[493,97609317545814.mockFlowFile,23B] from FlowFile[492,97609317545814.mockFlowFile,23B]; routing to relationship simple
[pool-2568-thread-1] INFO org.apache.nifi.processors.standard.RouteText - RouteText[id=88577823-16f9-4de2-ba04-780edacb1bd8] Routing FlowFile[492,97609317545814.mockFlowFile,23B] to original
[main] DEBUG org.apache.nifi.processors.standard.RouteText - RouteText[id=88577823-16f9-4de2-ba04-780edacb1bd8] Adding new dynamic property: PropertyDescriptor[simple]
[pool-2569-thread-1] INFO org.apache.nifi.processors.standard.RouteText - RouteText[id=88577823-16f9-4de2-ba04-780edacb1bd8] Created FlowFile[495,97609318255048.mockFlowFile,23B] from FlowFile[494,97609318255048.mockFlowFile,23B]; routing to relationship simple
[pool-2569-thread-1] INFO org.apache.nifi.processors.standard.RouteText - RouteText[id=88577823-16f9-4de2-ba04-780edacb1bd8] Routing FlowFile[494,97609318255048.mockFlowFile,23B] to original
[main] DEBUG org.apache.nifi.processors.standard.RouteText - RouteText[id=88577823-16f9-4de2-ba04-780edacb1bd8] Adding new dynamic property: PropertyDescriptor[simple]
[pool-2570-thread-1] INFO org.apache.nifi.processors.standard.RouteText - RouteText[id=88577823-16f9-4de2-ba04-780edacb1bd8] Created FlowFile[497,97609318828162.mockFlowFile,23B] from FlowFile[496,97609318828162.mockFlowFile,23B]; routing to relationship simple
[pool-2570-thread-1] INFO org.apache.nifi.processors.standard.RouteText - RouteText[id=88577823-16f9-4de2-ba04-780edacb1bd8] Routing FlowFile[496,97609318828162.mockFlowFile,23B] to original
[main] DEBUG org.apache.nifi.processors.standard.RouteText - RouteText[id=88577823-16f9-4de2-ba04-780edacb1bd8] Adding new dynamic property: PropertyDescriptor[simple]
[pool-2571-thread-1] INFO org.apache.nifi.processors.standard.RouteText - RouteText[id=88577823-16f9-4de2-ba04-780edacb1bd8] Created FlowFile[499,97609319374503.mockFlowFile,23B] from FlowFile[498,97609319374503.mockFlowFile,23B]; routing to relationship simple
[pool-2571-thread-1] INFO org.apache.nifi.processors.standard.RouteText - RouteText[id=88577823-16f9-4de2-ba04-780edacb1bd8] Routing FlowFile[498,97609319374503.mockFlowFile,23B] to original
[main] DEBUG org.apache.nifi.processors.standard.RouteText - RouteText[id=88577823-16f9-4de2-ba04-780edacb1bd8] Adding new dynamic property: PropertyDescriptor[simple]
[pool-2572-thread-1] INFO org.apache.nifi.processors.standard.RouteText - RouteText[id=88577823-16f9-4de2-ba04-780edacb1bd8] Created FlowFile[501,97609319909810.mockFlowFile,23B] from FlowFile[500,97609319909810.mockFlowFile,23B]; routing to relationship simple
[pool-2572-thread-1] INFO org.apache.nifi.processors.standard.RouteText - RouteText[id=88577823-16f9-4de2-ba04-780edacb1bd8] Routing FlowFile[500,97609319909810.mockFlowFile,23B] to original
[main] DEBUG org.apache.nifi.processors.standard.RouteText - RouteText[id=88577823-16f9-4de2-ba04-780edacb1bd8] Adding new dynamic property: PropertyDescriptor[simple]
[pool-2573-thread-1] INFO org.apache.nifi.processors.standard.RouteText - RouteText[id=88577823-16f9-4de2-ba04-780edacb1bd8] Created FlowFile[503,97609320446405.mockFlowFile,23B] from FlowFile[502,97609320446405.mockFlowFile,23B]; routing to relationship simple
[pool-2573-thread-1] INFO org.apache.nifi.processors.standard.RouteText - RouteText[id=88577823-16f9-4de2-ba04-780edacb1bd8] Routing FlowFile[502,97609320446405.mockFlowFile,23B] to original
[main] DEBUG org.apache.nifi.processors.standard.RouteText - RouteText[id=88577823-16f9-4de2-ba04-780edacb1bd8] Adding new dynamic property: PropertyDescriptor[simple]
[pool-2574-thread-1] INFO org.apache.nifi.processors.standard.RouteText - RouteText[id=88577823-16f9-4de2-ba04-780edacb1bd8] Created FlowFile[505,97609320980553.mockFlowFile,23B] from FlowFile[504,97609320980553.mockFlowFile,23B]; routing to relationship simple
[pool-2574-thread-1] INFO org.apache.nifi.processors.standard.RouteText - RouteText[id=88577823-16f9-4de2-ba04-780edacb1bd8] Routing FlowFile[504,97609320980553.mockFlowFile,23B] to original
[main] DEBUG org.apache.nifi.processors.standard.RouteText - RouteText[id=88577823-16f9-4de2-ba04-780edacb1bd8] Adding new dynamic property: PropertyDescriptor[simple]
[pool-2575-thread-1] INFO org.apache.nifi.processors.standard.RouteText - RouteText[id=88577823-16f9-4de2-ba04-780edacb1bd8] Created FlowFile[507,97609321515201.mockFlowFile,23B] from FlowFile[506,97609321515201.mockFlowFile,23B]; routing to relationship simple
[pool-2575-thread-1] INFO org.apache.nifi.processors.standard.RouteText - RouteText[id=88577823-16f9-4de2-ba04-780edacb1bd8] Routing FlowFile[506,97609321515201.mockFlowFile,23B] to original
[main] DEBUG org.apache.nifi.processors.standard.RouteText - RouteText[id=88577823-16f9-4de2-ba04-780edacb1bd8] Adding new dynamic property: PropertyDescriptor[simple]
[pool-2576-thread-1] INFO org.apache.nifi.processors.standard.RouteText - RouteText[id=88577823-16f9-4de2-ba04-780edacb1bd8] Created FlowFile[509,97609322011853.mockFlowFile,23B] from FlowFile[508,97609322011853.mockFlowFile,23B]; routing to relationship simple
[pool-2576-thread-1] INFO org.apache.nifi.processors.standard.RouteText - RouteText[id=88577823-16f9-4de2-ba04-780edacb1bd8] Routing FlowFile[508,97609322011853.mockFlowFile,23B] to original
[main] DEBUG org.apache.nifi.processors.standard.RouteText - RouteText[id=88577823-16f9-4de2-ba04-780edacb1bd8] Adding new dynamic property: PropertyDescriptor[simple]
[pool-2577-thread-1] INFO org.apache.nifi.processors.standard.RouteText - RouteText[id=88577823-16f9-4de2-ba04-780edacb1bd8] Created FlowFile[511,97609322506385.mockFlowFile,23B] from FlowFile[510,97609322506385.mockFlowFile,23B]; routing to relationship simple
[pool-2577-thread-1] INFO org.apache.nifi.processors.standard.RouteText - RouteText[id=88577823-16f9-4de2-ba04-780edacb1bd8] Routing FlowFile[510,97609322506385.mockFlowFile,23B] to original
[main] DEBUG org.apache.nifi.processors.standard.RouteText - RouteText[id=88577823-16f9-4de2-ba04-780edacb1bd8] Adding new dynamic property: PropertyDescriptor[simple]
[pool-2578-thread-1] INFO org.apache.nifi.processors.standard.RouteText - RouteText[id=88577823-16f9-4de2-ba04-780edacb1bd8] Created FlowFile[513,97609323620352.mockFlowFile,23B] from FlowFile[512,97609323620352.mockFlowFile,23B]; routing to relationship simple
[pool-2578-thread-1] INFO org.apache.nifi.processors.standard.RouteText - RouteText[id=88577823-16f9-4de2-ba04-780edacb1bd8] Routing FlowFile[512,97609323620352.mockFlowFile,23B] to original
[main] DEBUG org.apache.nifi.processors.standard.RouteText - RouteText[id=88577823-16f9-4de2-ba04-780edacb1bd8] Adding new dynamic property: PropertyDescriptor[simple]
[pool-2579-thread-1] INFO org.apache.nifi.processors.standard.RouteText - RouteText[id=88577823-16f9-4de2-ba04-780edacb1bd8] Created FlowFile[515,97609324442590.mockFlowFile,23B] from FlowFile[514,97609324442590.mockFlowFile,23B]; routing to relationship simple
[pool-2579-thread-1] INFO org.apache.nifi.processors.standard.RouteText - RouteText[id=88577823-16f9-4de2-ba04-780edacb1bd8] Routing FlowFile[514,97609324442590.mockFlowFile,23B] to original
[main] DEBUG org.apache.nifi.processors.standard.RouteText - RouteText[id=88577823-16f9-4de2-ba04-780edacb1bd8] Adding new dynamic property: PropertyDescriptor[simple]
[pool-2580-thread-1] INFO org.apache.nifi.processors.standard.RouteText - RouteText[id=88577823-16f9-4de2-ba04-780edacb1bd8] Created FlowFile[517,97609328077968.mockFlowFile,23B] from FlowFile[516,97609328077968.mockFlowFile,23B]; routing to relationship simple
[pool-2580-thread-1] INFO org.apache.nifi.processors.standard.RouteText - RouteText[id=88577823-16f9-4de2-ba04-780edacb1bd8] Routing FlowFile[516,97609328077968.mockFlowFile,23B] to original
[main] DEBUG org.apache.nifi.processors.standard.RouteText - RouteText[id=88577823-16f9-4de2-ba04-780edacb1bd8] Adding new dynamic property: PropertyDescriptor[simple]
[pool-2581-thread-1] INFO org.apache.nifi.processors.standard.RouteText - RouteText[id=88577823-16f9-4de2-ba04-780edacb1bd8] Created FlowFile[519,97609328857115.mockFlowFile,23B] from FlowFile[518,97609328857115.mockFlowFile,23B]; routing to relationship simple
[pool-2581-thread-1] INFO org.apache.nifi.processors.standard.RouteText - RouteText[id=88577823-16f9-4de2-ba04-780edacb1bd8] Routing FlowFile[518,97609328857115.mockFlowFile,23B] to original
[main] DEBUG org.apache.nifi.processors.standard.RouteText - RouteText[id=88577823-16f9-4de2-ba04-780edacb1bd8] Adding new dynamic property: PropertyDescriptor[simple]
[pool-2582-thread-1] INFO org.apache.nifi.processors.standard.RouteText - RouteText[id=88577823-16f9-4de2-ba04-780edacb1bd8] Created FlowFile[521,97609329439670.mockFlowFile,23B] from FlowFile[520,97609329439670.mockFlowFile,23B]; routing to relationship simple
[pool-2582-thread-1] INFO org.apache.nifi.processors.standard.RouteText - RouteText[id=88577823-16f9-4de2-ba04-780edacb1bd8] Routing FlowFile[520,97609329439670.mockFlowFile,23B] to original
[main] DEBUG org.apache.nifi.processors.standard.RouteText - RouteText[id=88577823-16f9-4de2-ba04-780edacb1bd8] Adding new dynamic property: PropertyDescriptor[simple]
[pool-2583-thread-1] INFO org.apache.nifi.processors.standard.RouteText - RouteText[id=88577823-16f9-4de2-ba04-780edacb1bd8] Created FlowFile[523,97609329984476.mockFlowFile,23B] from FlowFile[522,97609329984476.mockFlowFile,23B]; routing to relationship simple
[pool-2583-thread-1] INFO org.apache.nifi.processors.standard.RouteText - RouteText[id=88577823-16f9-4de2-ba04-780edacb1bd8] Routing FlowFile[522,97609329984476.mockFlowFile,23B] to original
[main] DEBUG org.apache.nifi.processors.standard.RouteText - RouteText[id=88577823-16f9-4de2-ba04-780edacb1bd8] Adding new dynamic property: PropertyDescriptor[simple]
[pool-2584-thread-1] INFO org.apache.nifi.processors.standard.RouteText - RouteText[id=88577823-16f9-4de2-ba04-780edacb1bd8] Created FlowFile[525,97609330530469.mockFlowFile,23B] from FlowFile[524,97609330530469.mockFlowFile,23B]; routing to relationship simple
[pool-2584-thread-1] INFO org.apache.nifi.processors.standard.RouteText - RouteText[id=88577823-16f9-4de2-ba04-780edacb1bd8] Routing FlowFile[524,97609330530469.mockFlowFile,23B] to original
[main] DEBUG org.apache.nifi.processors.standard.RouteText - RouteText[id=88577823-16f9-4de2-ba04-780edacb1bd8] Adding new dynamic property: PropertyDescriptor[simple]
[pool-2585-thread-1] INFO org.apache.nifi.processors.standard.RouteText - RouteText[id=88577823-16f9-4de2-ba04-780edacb1bd8] Created FlowFile[527,97609331052141.mockFlowFile,23B] from FlowFile[526,97609331052141.mockFlowFile,23B]; routing to relationship simple
[pool-2585-thread-1] INFO org.apache.nifi.processors.standard.RouteText - RouteText[id=88577823-16f9-4de2-ba04-780edacb1bd8] Routing FlowFile[526,97609331052141.mockFlowFile,23B] to original
[main] DEBUG org.apache.nifi.processors.standard.RouteText - RouteText[id=88577823-16f9-4de2-ba04-780edacb1bd8] Adding new dynamic property: PropertyDescriptor[simple]
[pool-2586-thread-1] INFO org.apache.nifi.processors.standard.RouteText - RouteText[id=88577823-16f9-4de2-ba04-780edacb1bd8] Created FlowFile[529,97609331586122.mockFlowFile,23B] from FlowFile[528,97609331586122.mockFlowFile,23B]; routing to relationship simple
[pool-2586-thread-1] INFO org.apache.nifi.processors.standard.RouteText - RouteText[id=88577823-16f9-4de2-ba04-780edacb1bd8] Routing FlowFile[528,97609331586122.mockFlowFile,23B] to original
[main] DEBUG org.apache.nifi.processors.standard.RouteText - RouteText[id=88577823-16f9-4de2-ba04-780edacb1bd8] Adding new dynamic property: PropertyDescriptor[simple]
[pool-2587-thread-1] INFO org.apache.nifi.processors.standard.RouteText - RouteText[id=88577823-16f9-4de2-ba04-780edacb1bd8] Created FlowFile[531,97609332117814.mockFlowFile,23B] from FlowFile[530,97609332117814.mockFlowFile,23B]; routing to relationship simple
[pool-2587-thread-1] INFO org.apache.nifi.processors.standard.RouteText - RouteText[id=88577823-16f9-4de2-ba04-780edacb1bd8] Routing FlowFile[530,97609332117814.mockFlowFile,23B] to original
[main] DEBUG org.apache.nifi.processors.standard.RouteText - RouteText[id=88577823-16f9-4de2-ba04-780edacb1bd8] Adding new dynamic property: PropertyDescriptor[simple]
[pool-2588-thread-1] INFO org.apache.nifi.processors.standard.RouteText - RouteText[id=88577823-16f9-4de2-ba04-780edacb1bd8] Created FlowFile[533,97609332638923.mockFlowFile,23B] from FlowFile[532,97609332638923.mockFlowFile,23B]; routing to relationship simple
[pool-2588-thread-1] INFO org.apache.nifi.processors.standard.RouteText - RouteText[id=88577823-16f9-4de2-ba04-780edacb1bd8] Routing FlowFile[532,97609332638923.mockFlowFile,23B] to original
[main] DEBUG org.apache.nifi.processors.standard.RouteText - RouteText[id=88577823-16f9-4de2-ba04-780edacb1bd8] Adding new dynamic property: PropertyDescriptor[simple]
[pool-2589-thread-1] INFO org.apache.nifi.processors.standard.RouteText - RouteText[id=88577823-16f9-4de2-ba04-780edacb1bd8] Created FlowFile[535,97609333211242.mockFlowFile,23B] from FlowFile[534,97609333211242.mockFlowFile,23B]; routing to relationship simple
[pool-2589-thread-1] INFO org.apache.nifi.processors.standard.RouteText - RouteText[id=88577823-16f9-4de2-ba04-780edacb1bd8] Routing FlowFile[534,97609333211242.mockFlowFile,23B] to original
[main] DEBUG org.apache.nifi.processors.standard.RouteText - RouteText[id=88577823-16f9-4de2-ba04-780edacb1bd8] Adding new dynamic property: PropertyDescriptor[simple]
[pool-2590-thread-1] INFO org.apache.nifi.processors.standard.RouteText - RouteText[id=88577823-16f9-4de2-ba04-780edacb1bd8] Created FlowFile[537,97609333724901.mockFlowFile,23B] from FlowFile[536,97609333724901.mockFlowFile,23B]; routing to relationship simple
[pool-2590-thread-1] INFO org.apache.nifi.processors.standard.RouteText - RouteText[id=88577823-16f9-4de2-ba04-780edacb1bd8] Routing FlowFile[536,97609333724901.mockFlowFile,23B] to original
[main] DEBUG org.apache.nifi.processors.standard.RouteText - RouteText[id=88577823-16f9-4de2-ba04-780edacb1bd8] Adding new dynamic property: PropertyDescriptor[simple]
[pool-2591-thread-1] INFO org.apache.nifi.processors.standard.RouteText - RouteText[id=88577823-16f9-4de2-ba04-780edacb1bd8] Created FlowFile[539,97609334219397.mockFlowFile,23B] from FlowFile[538,97609334219397.mockFlowFile,23B]; routing to relationship simple
[pool-2591-thread-1] INFO org.apache.nifi.processors.standard.RouteText - RouteText[id=88577823-16f9-4de2-ba04-780edacb1bd8] Routing FlowFile[538,97609334219397.mockFlowFile,23B] to original
[main] DEBUG org.apache.nifi.processors.standard.RouteText - RouteText[id=88577823-16f9-4de2-ba04-780edacb1bd8] Adding new dynamic property: PropertyDescriptor[simple]
[pool-2592-thread-1] INFO org.apache.nifi.processors.standard.RouteText - RouteText[id=88577823-16f9-4de2-ba04-780edacb1bd8] Created FlowFile[541,97609334714420.mockFlowFile,23B] from FlowFile[540,97609334714420.mockFlowFile,23B]; routing to relationship simple
[pool-2592-thread-1] INFO org.apache.nifi.processors.standard.RouteText - RouteText[id=88577823-16f9-4de2-ba04-780edacb1bd8] Routing FlowFile[540,97609334714420.mockFlowFile,23B] to original
[main] DEBUG org.apache.nifi.processors.standard.RouteText - RouteText[id=88577823-16f9-4de2-ba04-780edacb1bd8] Adding new dynamic property: PropertyDescriptor[simple]
[pool-2593-thread-1] INFO org.apache.nifi.processors.standard.RouteText - RouteText[id=88577823-16f9-4de2-ba04-780edacb1bd8] Created FlowFile[543,97609335209203.mockFlowFile,23B] from FlowFile[542,97609335209203.mockFlowFile,23B]; routing to relationship simple
[pool-2593-thread-1] INFO org.apache.nifi.processors.standard.RouteText - RouteText[id=88577823-16f9-4de2-ba04-780edacb1bd8] Routing FlowFile[542,97609335209203.mockFlowFile,23B] to original
[main] DEBUG org.apache.nifi.processors.standard.RouteText - RouteText[id=88577823-16f9-4de2-ba04-780edacb1bd8] Adding new dynamic property: PropertyDescriptor[simple]
[pool-2594-thread-1] INFO org.apache.nifi.processors.standard.RouteText - RouteText[id=88577823-16f9-4de2-ba04-780edacb1bd8] Created FlowFile[545,97609335690155.mockFlowFile,23B] from FlowFile[544,97609335690155.mockFlowFile,23B]; routing to relationship simple
[pool-2594-thread-1] INFO org.apache.nifi.processors.standard.RouteText - RouteText[id=88577823-16f9-4de2-ba04-780edacb1bd8] Routing FlowFile[544,97609335690155.mockFlowFile,23B] to original
[main] DEBUG org.apache.nifi.processors.standard.RouteText - RouteText[id=88577823-16f9-4de2-ba04-780edacb1bd8] Adding new dynamic property: PropertyDescriptor[simple]
[pool-2595-thread-1] INFO org.apache.nifi.processors.standard.RouteText - RouteText[id=88577823-16f9-4de2-ba04-780edacb1bd8] Created FlowFile[547,97609336186779.mockFlowFile,23B] from FlowFile[546,97609336186779.mockFlowFile,23B]; routing to relationship simple
[pool-2595-thread-1] INFO org.apache.nifi.processors.standard.RouteText - RouteText[id=88577823-16f9-4de2-ba04-780edacb1bd8] Routing FlowFile[546,97609336186779.mockFlowFile,23B] to original
[main] DEBUG org.apache.nifi.processors.standard.RouteText - RouteText[id=88577823-16f9-4de2-ba04-780edacb1bd8] Adding new dynamic property: PropertyDescriptor[simple]
[pool-2596-thread-1] INFO org.apache.nifi.processors.standard.RouteText - RouteText[id=88577823-16f9-4de2-ba04-780edacb1bd8] Created FlowFile[549,97609336656583.mockFlowFile,23B] from FlowFile[548,97609336656583.mockFlowFile,23B]; routing to relationship simple
[pool-2596-thread-1] INFO org.apache.nifi.processors.standard.RouteText - RouteText[id=88577823-16f9-4de2-ba04-780edacb1bd8] Routing FlowFile[548,97609336656583.mockFlowFile,23B] to original
[main] DEBUG org.apache.nifi.processors.standard.RouteText - RouteText[id=88577823-16f9-4de2-ba04-780edacb1bd8] Adding new dynamic property: PropertyDescriptor[simple]
[pool-2597-thread-1] INFO org.apache.nifi.processors.standard.RouteText - RouteText[id=88577823-16f9-4de2-ba04-780edacb1bd8] Created FlowFile[551,97609337149582.mockFlowFile,23B] from FlowFile[550,97609337149582.mockFlowFile,23B]; routing to relationship simple
[pool-2597-thread-1] INFO org.apache.nifi.processors.standard.RouteText - RouteText[id=88577823-16f9-4de2-ba04-780edacb1bd8] Routing FlowFile[550,97609337149582.mockFlowFile,23B] to original
[main] DEBUG org.apache.nifi.processors.standard.RouteText - RouteText[id=88577823-16f9-4de2-ba04-780edacb1bd8] Adding new dynamic property: PropertyDescriptor[simple]
[pool-2598-thread-1] INFO org.apache.nifi.processors.standard.RouteText - RouteText[id=88577823-16f9-4de2-ba04-780edacb1bd8] Created FlowFile[553,97609337670195.mockFlowFile,23B] from FlowFile[552,97609337670195.mockFlowFile,23B]; routing to relationship simple
[pool-2598-thread-1] INFO org.apache.nifi.processors.standard.RouteText - RouteText[id=88577823-16f9-4de2-ba04-780edacb1bd8] Routing FlowFile[552,97609337670195.mockFlowFile,23B] to original
[main] DEBUG org.apache.nifi.processors.standard.RouteText - RouteText[id=88577823-16f9-4de2-ba04-780edacb1bd8] Adding new dynamic property: PropertyDescriptor[simple]
[pool-2599-thread-1] INFO org.apache.nifi.processors.standard.RouteText - RouteText[id=88577823-16f9-4de2-ba04-780edacb1bd8] Created FlowFile[555,97609338136990.mockFlowFile,23B] from FlowFile[554,97609338136990.mockFlowFile,23B]; routing to relationship simple
[pool-2599-thread-1] INFO org.apache.nifi.processors.standard.RouteText - RouteText[id=88577823-16f9-4de2-ba04-780edacb1bd8] Routing FlowFile[554,97609338136990.mockFlowFile,23B] to original
[main] DEBUG org.apache.nifi.processors.standard.RouteText - RouteText[id=88577823-16f9-4de2-ba04-780edacb1bd8] Adding new dynamic property: PropertyDescriptor[simple]
[pool-2600-thread-1] INFO org.apache.nifi.processors.standard.RouteText - RouteText[id=88577823-16f9-4de2-ba04-780edacb1bd8] Created FlowFile[557,97609338637610.mockFlowFile,23B] from FlowFile[556,97609338637610.mockFlowFile,23B]; routing to relationship simple
[pool-2600-thread-1] INFO org.apache.nifi.processors.standard.RouteText - RouteText[id=88577823-16f9-4de2-ba04-780edacb1bd8] Routing FlowFile[556,97609338637610.mockFlowFile,23B] to original
[main] DEBUG org.apache.nifi.processors.standard.RouteText - RouteText[id=88577823-16f9-4de2-ba04-780edacb1bd8] Adding new dynamic property: PropertyDescriptor[simple]
[pool-2601-thread-1] INFO org.apache.nifi.processors.standard.RouteText - RouteText[id=88577823-16f9-4de2-ba04-780edacb1bd8] Created FlowFile[559,97609339140418.mockFlowFile,23B] from FlowFile[558,97609339140418.mockFlowFile,23B]; routing to relationship simple
[pool-2601-thread-1] INFO org.apache.nifi.processors.standard.RouteText - RouteText[id=88577823-16f9-4de2-ba04-780edacb1bd8] Routing FlowFile[558,97609339140418.mockFlowFile,23B] to original
[main] DEBUG org.apache.nifi.processors.standard.RouteText - RouteText[id=88577823-16f9-4de2-ba04-780edacb1bd8] Adding new dynamic property: PropertyDescriptor[simple]
[pool-2602-thread-1] INFO org.apache.nifi.processors.standard.RouteText - RouteText[id=88577823-16f9-4de2-ba04-780edacb1bd8] Created FlowFile[561,97609339594371.mockFlowFile,23B] from FlowFile[560,97609339594371.mockFlowFile,23B]; routing to relationship simple
[pool-2602-thread-1] INFO org.apache.nifi.processors.standard.RouteText - RouteText[id=88577823-16f9-4de2-ba04-780edacb1bd8] Routing FlowFile[560,97609339594371.mockFlowFile,23B] to original
[main] DEBUG org.apache.nifi.processors.standard.RouteText - RouteText[id=88577823-16f9-4de2-ba04-780edacb1bd8] Adding new dynamic property: PropertyDescriptor[simple]
[pool-2603-thread-1] INFO org.apache.nifi.processors.standard.RouteText - RouteText[id=88577823-16f9-4de2-ba04-780edacb1bd8] Created FlowFile[563,97609340065824.mockFlowFile,23B] from FlowFile[562,97609340065824.mockFlowFile,23B]; routing to relationship simple
[pool-2603-thread-1] INFO org.apache.nifi.processors.standard.RouteText - RouteText[id=88577823-16f9-4de2-ba04-780edacb1bd8] Routing FlowFile[562,97609340065824.mockFlowFile,23B] to original
[main] DEBUG org.apache.nifi.processors.standard.RouteText - RouteText[id=88577823-16f9-4de2-ba04-780edacb1bd8] Adding new dynamic property: PropertyDescriptor[simple]
[pool-2604-thread-1] INFO org.apache.nifi.processors.standard.RouteText - RouteText[id=88577823-16f9-4de2-ba04-780edacb1bd8] Created FlowFile[565,97609340654783.mockFlowFile,23B] from FlowFile[564,97609340654783.mockFlowFile,23B]; routing to relationship simple
[pool-2604-thread-1] INFO org.apache.nifi.processors.standard.RouteText - RouteText[id=88577823-16f9-4de2-ba04-780edacb1bd8] Routing FlowFile[564,97609340654783.mockFlowFile,23B] to original
[main] DEBUG org.apache.nifi.processors.standard.RouteText - RouteText[id=88577823-16f9-4de2-ba04-780edacb1bd8] Adding new dynamic property: PropertyDescriptor[simple]
[pool-2605-thread-1] INFO org.apache.nifi.processors.standard.RouteText - RouteText[id=88577823-16f9-4de2-ba04-780edacb1bd8] Created FlowFile[567,97609341217138.mockFlowFile,23B] from FlowFile[566,97609341217138.mockFlowFile,23B]; routing to relationship simple
[pool-2605-thread-1] INFO org.apache.nifi.processors.standard.RouteText - RouteText[id=88577823-16f9-4de2-ba04-780edacb1bd8] Routing FlowFile[566,97609341217138.mockFlowFile,23B] to original
[main] DEBUG org.apache.nifi.processors.standard.RouteText - RouteText[id=88577823-16f9-4de2-ba04-780edacb1bd8] Adding new dynamic property: PropertyDescriptor[simple]
[pool-2606-thread-1] INFO org.apache.nifi.processors.standard.RouteText - RouteText[id=88577823-16f9-4de2-ba04-780edacb1bd8] Created FlowFile[569,97609341763744.mockFlowFile,23B] from FlowFile[568,97609341763744.mockFlowFile,23B]; routing to relationship simple
[pool-2606-thread-1] INFO org.apache.nifi.processors.standard.RouteText - RouteText[id=88577823-16f9-4de2-ba04-780edacb1bd8] Routing FlowFile[568,97609341763744.mockFlowFile,23B] to original
[main] DEBUG org.apache.nifi.processors.standard.RouteText - RouteText[id=88577823-16f9-4de2-ba04-780edacb1bd8] Adding new dynamic property: PropertyDescriptor[simple]
[pool-2607-thread-1] INFO org.apache.nifi.processors.standard.RouteText - RouteText[id=88577823-16f9-4de2-ba04-780edacb1bd8] Created FlowFile[571,97609342278453.mockFlowFile,23B] from FlowFile[570,97609342278453.mockFlowFile,23B]; routing to relationship simple
[pool-2607-thread-1] INFO org.apache.nifi.processors.standard.RouteText - RouteText[id=88577823-16f9-4de2-ba04-780edacb1bd8] Routing FlowFile[570,97609342278453.mockFlowFile,23B] to original
[main] DEBUG org.apache.nifi.processors.standard.RouteText - RouteText[id=88577823-16f9-4de2-ba04-780edacb1bd8] Adding new dynamic property: PropertyDescriptor[simple]
[pool-2608-thread-1] INFO org.apache.nifi.processors.standard.RouteText - RouteText[id=88577823-16f9-4de2-ba04-780edacb1bd8] Created FlowFile[573,97609342756551.mockFlowFile,23B] from FlowFile[572,97609342756551.mockFlowFile,23B]; routing to relationship simple
[pool-2608-thread-1] INFO org.apache.nifi.processors.standard.RouteText - RouteText[id=88577823-16f9-4de2-ba04-780edacb1bd8] Routing FlowFile[572,97609342756551.mockFlowFile,23B] to original
[main] DEBUG org.apache.nifi.processors.standard.RouteText - RouteText[id=88577823-16f9-4de2-ba04-780edacb1bd8] Adding new dynamic property: PropertyDescriptor[simple]
[pool-2609-thread-1] INFO org.apache.nifi.processors.standard.RouteText - RouteText[id=88577823-16f9-4de2-ba04-780edacb1bd8] Created FlowFile[575,97609343225571.mockFlowFile,23B] from FlowFile[574,97609343225571.mockFlowFile,23B]; routing to relationship simple
[pool-2609-thread-1] INFO org.apache.nifi.processors.standard.RouteText - RouteText[id=88577823-16f9-4de2-ba04-780edacb1bd8] Routing FlowFile[574,97609343225571.mockFlowFile,23B] to original
[main] DEBUG org.apache.nifi.processors.standard.RouteText - RouteText[id=88577823-16f9-4de2-ba04-780edacb1bd8] Adding new dynamic property: PropertyDescriptor[simple]
[pool-2610-thread-1] INFO org.apache.nifi.processors.standard.RouteText - RouteText[id=88577823-16f9-4de2-ba04-780edacb1bd8] Created FlowFile[577,97609343740283.mockFlowFile,23B] from FlowFile[576,97609343740283.mockFlowFile,23B]; routing to relationship simple
[pool-2610-thread-1] INFO org.apache.nifi.processors.standard.RouteText - RouteText[id=88577823-16f9-4de2-ba04-780edacb1bd8] Routing FlowFile[576,97609343740283.mockFlowFile,23B] to original
[main] DEBUG org.apache.nifi.processors.standard.RouteText - RouteText[id=88577823-16f9-4de2-ba04-780edacb1bd8] Adding new dynamic property: PropertyDescriptor[simple]
[pool-2611-thread-1] INFO org.apache.nifi.processors.standard.RouteText - RouteText[id=88577823-16f9-4de2-ba04-780edacb1bd8] Created FlowFile[579,97609344232026.mockFlowFile,23B] from FlowFile[578,97609344232026.mockFlowFile,23B]; routing to relationship simple
[pool-2611-thread-1] INFO org.apache.nifi.processors.standard.RouteText - RouteText[id=88577823-16f9-4de2-ba04-780edacb1bd8] Routing FlowFile[578,97609344232026.mockFlowFile,23B] to original
[main] DEBUG org.apache.nifi.processors.standard.RouteText - RouteText[id=88577823-16f9-4de2-ba04-780edacb1bd8] Adding new dynamic property: PropertyDescriptor[simple]
[pool-2612-thread-1] INFO org.apache.nifi.processors.standard.RouteText - RouteText[id=88577823-16f9-4de2-ba04-780edacb1bd8] Created FlowFile[581,97609344733899.mockFlowFile,23B] from FlowFile[580,97609344733899.mockFlowFile,23B]; routing to relationship simple
[pool-2612-thread-1] INFO org.apache.nifi.processors.standard.RouteText - RouteText[id=88577823-16f9-4de2-ba04-780edacb1bd8] Routing FlowFile[580,97609344733899.mockFlowFile,23B] to original
[main] DEBUG org.apache.nifi.processors.standard.RouteText - RouteText[id=88577823-16f9-4de2-ba04-780edacb1bd8] Adding new dynamic property: PropertyDescriptor[simple]
[pool-2613-thread-1] INFO org.apache.nifi.processors.standard.RouteText - RouteText[id=88577823-16f9-4de2-ba04-780edacb1bd8] Created FlowFile[583,97609345568263.mockFlowFile,23B] from FlowFile[582,97609345568263.mockFlowFile,23B]; routing to relationship simple
[pool-2613-thread-1] INFO org.apache.nifi.processors.standard.RouteText - RouteText[id=88577823-16f9-4de2-ba04-780edacb1bd8] Routing FlowFile[582,97609345568263.mockFlowFile,23B] to original
[main] DEBUG org.apache.nifi.processors.standard.RouteText - RouteText[id=88577823-16f9-4de2-ba04-780edacb1bd8] Adding new dynamic property: PropertyDescriptor[simple]
[pool-2614-thread-1] INFO org.apache.nifi.processors.standard.RouteText - RouteText[id=88577823-16f9-4de2-ba04-780edacb1bd8] Created FlowFile[585,97609346044222.mockFlowFile,23B] from FlowFile[584,97609346044222.mockFlowFile,23B]; routing to relationship simple
[pool-2614-thread-1] INFO org.apache.nifi.processors.standard.RouteText - RouteText[id=88577823-16f9-4de2-ba04-780edacb1bd8] Routing FlowFile[584,97609346044222.mockFlowFile,23B] to original
[main] DEBUG org.apache.nifi.processors.standard.RouteText - RouteText[id=88577823-16f9-4de2-ba04-780edacb1bd8] Adding new dynamic property: PropertyDescriptor[simple]
[pool-2615-thread-1] INFO org.apache.nifi.processors.standard.RouteText - RouteText[id=88577823-16f9-4de2-ba04-780edacb1bd8] Created FlowFile[587,97609346481447.mockFlowFile,23B] from FlowFile[586,97609346481447.mockFlowFile,23B]; routing to relationship simple
[pool-2615-thread-1] INFO org.apache.nifi.processors.standard.RouteText - RouteText[id=88577823-16f9-4de2-ba04-780edacb1bd8] Routing FlowFile[586,97609346481447.mockFlowFile,23B] to original
[main] DEBUG org.apache.nifi.processors.standard.RouteText - RouteText[id=88577823-16f9-4de2-ba04-780edacb1bd8] Adding new dynamic property: PropertyDescriptor[simple]
[pool-2616-thread-1] INFO org.apache.nifi.processors.standard.RouteText - RouteText[id=88577823-16f9-4de2-ba04-780edacb1bd8] Created FlowFile[589,97609346892061.mockFlowFile,23B] from FlowFile[588,97609346892061.mockFlowFile,23B]; routing to relationship simple
[pool-2616-thread-1] INFO org.apache.nifi.processors.standard.RouteText - RouteText[id=88577823-16f9-4de2-ba04-780edacb1bd8] Routing FlowFile[588,97609346892061.mockFlowFile,23B] to original
[main] DEBUG org.apache.nifi.processors.standard.RouteText - RouteText[id=88577823-16f9-4de2-ba04-780edacb1bd8] Adding new dynamic property: PropertyDescriptor[simple]
[pool-2617-thread-1] INFO org.apache.nifi.processors.standard.RouteText - RouteText[id=88577823-16f9-4de2-ba04-780edacb1bd8] Created FlowFile[591,97609347361997.mockFlowFile,23B] from FlowFile[590,97609347361997.mockFlowFile,23B]; routing to relationship simple
[pool-2617-thread-1] INFO org.apache.nifi.processors.standard.RouteText - RouteText[id=88577823-16f9-4de2-ba04-780edacb1bd8] Routing FlowFile[590,97609347361997.mockFlowFile,23B] to original
[main] DEBUG org.apache.nifi.processors.standard.RouteText - RouteText[id=88577823-16f9-4de2-ba04-780edacb1bd8] Adding new dynamic property: PropertyDescriptor[simple]
[pool-2618-thread-1] INFO org.apache.nifi.processors.standard.RouteText - RouteText[id=88577823-16f9-4de2-ba04-780edacb1bd8] Created FlowFile[593,97609347823991.mockFlowFile,23B] from FlowFile[592,97609347823991.mockFlowFile,23B]; routing to relationship simple
[pool-2618-thread-1] INFO org.apache.nifi.processors.standard.RouteText - RouteText[id=88577823-16f9-4de2-ba04-780edacb1bd8] Routing FlowFile[592,97609347823991.mockFlowFile,23B] to original
[main] DEBUG org.apache.nifi.processors.standard.RouteText - RouteText[id=88577823-16f9-4de2-ba04-780edacb1bd8] Adding new dynamic property: PropertyDescriptor[simple]
[pool-2619-thread-1] INFO org.apache.nifi.processors.standard.RouteText - RouteText[id=88577823-16f9-4de2-ba04-780edacb1bd8] Created FlowFile[595,97609348333746.mockFlowFile,23B] from FlowFile[594,97609348333746.mockFlowFile,23B]; routing to relationship simple
[pool-2619-thread-1] INFO org.apache.nifi.processors.standard.RouteText - RouteText[id=88577823-16f9-4de2-ba04-780edacb1bd8] Routing FlowFile[594,97609348333746.mockFlowFile,23B] to original
[main] DEBUG org.apache.nifi.processors.standard.RouteText - RouteText[id=88577823-16f9-4de2-ba04-780edacb1bd8] Adding new dynamic property: PropertyDescriptor[simple]
[pool-2620-thread-1] INFO org.apache.nifi.processors.standard.RouteText - RouteText[id=88577823-16f9-4de2-ba04-780edacb1bd8] Created FlowFile[597,97609348794168.mockFlowFile,23B] from FlowFile[596,97609348794168.mockFlowFile,23B]; routing to relationship simple
[pool-2620-thread-1] INFO org.apache.nifi.processors.standard.RouteText - RouteText[id=88577823-16f9-4de2-ba04-780edacb1bd8] Routing FlowFile[596,97609348794168.mockFlowFile,23B] to original
[main] DEBUG org.apache.nifi.processors.standard.RouteText - RouteText[id=88577823-16f9-4de2-ba04-780edacb1bd8] Adding new dynamic property: PropertyDescriptor[simple]
[pool-2621-thread-1] INFO org.apache.nifi.processors.standard.RouteText - RouteText[id=88577823-16f9-4de2-ba04-780edacb1bd8] Created FlowFile[599,97609349245107.mockFlowFile,23B] from FlowFile[598,97609349245107.mockFlowFile,23B]; routing to relationship simple
[pool-2621-thread-1] INFO org.apache.nifi.processors.standard.RouteText - RouteText[id=88577823-16f9-4de2-ba04-780edacb1bd8] Routing FlowFile[598,97609349245107.mockFlowFile,23B] to original
[main] DEBUG org.apache.nifi.processors.standard.RouteText - RouteText[id=88577823-16f9-4de2-ba04-780edacb1bd8] Adding new dynamic property: PropertyDescriptor[simple]
[pool-2622-thread-1] INFO org.apache.nifi.processors.standard.RouteText - RouteText[id=88577823-16f9-4de2-ba04-780edacb1bd8] Created FlowFile[601,97609349715899.mockFlowFile,23B] from FlowFile[600,97609349715899.mockFlowFile,23B]; routing to relationship simple
[pool-2622-thread-1] INFO org.apache.nifi.processors.standard.RouteText - RouteText[id=88577823-16f9-4de2-ba04-780edacb1bd8] Routing FlowFile[600,97609349715899.mockFlowFile,23B] to original
[main] DEBUG org.apache.nifi.processors.standard.RouteText - RouteText[id=88577823-16f9-4de2-ba04-780edacb1bd8] Adding new dynamic property: PropertyDescriptor[simple]
[pool-2623-thread-1] INFO org.apache.nifi.processors.standard.RouteText - RouteText[id=88577823-16f9-4de2-ba04-780edacb1bd8] Created FlowFile[603,97609350160152.mockFlowFile,23B] from FlowFile[602,97609350160152.mockFlowFile,23B]; routing to relationship simple
[pool-2623-thread-1] INFO org.apache.nifi.processors.standard.RouteText - RouteText[id=88577823-16f9-4de2-ba04-780edacb1bd8] Routing FlowFile[602,97609350160152.mockFlowFile,23B] to original
[main] DEBUG org.apache.nifi.processors.standard.RouteText - RouteText[id=88577823-16f9-4de2-ba04-780edacb1bd8] Adding new dynamic property: PropertyDescriptor[simple]
[pool-2624-thread-1] INFO org.apache.nifi.processors.standard.RouteText - RouteText[id=88577823-16f9-4de2-ba04-780edacb1bd8] Created FlowFile[605,97609350578978.mockFlowFile,23B] from FlowFile[604,97609350578978.mockFlowFile,23B]; routing to relationship simple
[pool-2624-thread-1] INFO org.apache.nifi.processors.standard.RouteText - RouteText[id=88577823-16f9-4de2-ba04-780edacb1bd8] Routing FlowFile[604,97609350578978.mockFlowFile,23B] to original
[main] DEBUG org.apache.nifi.processors.standard.RouteText - RouteText[id=88577823-16f9-4de2-ba04-780edacb1bd8] Adding new dynamic property: PropertyDescriptor[simple]
[pool-2625-thread-1] INFO org.apache.nifi.processors.standard.RouteText - RouteText[id=88577823-16f9-4de2-ba04-780edacb1bd8] Created FlowFile[607,97609350999902.mockFlowFile,23B] from FlowFile[606,97609350999902.mockFlowFile,23B]; routing to relationship simple
[pool-2625-thread-1] INFO org.apache.nifi.processors.standard.RouteText - RouteText[id=88577823-16f9-4de2-ba04-780edacb1bd8] Routing FlowFile[606,97609350999902.mockFlowFile,23B] to original
[main] DEBUG org.apache.nifi.processors.standard.RouteText - RouteText[id=88577823-16f9-4de2-ba04-780edacb1bd8] Adding new dynamic property: PropertyDescriptor[simple]
[pool-2626-thread-1] INFO org.apache.nifi.processors.standard.RouteText - RouteText[id=88577823-16f9-4de2-ba04-780edacb1bd8] Created FlowFile[609,97609351441111.mockFlowFile,23B] from FlowFile[608,97609351441111.mockFlowFile,23B]; routing to relationship simple
[pool-2626-thread-1] INFO org.apache.nifi.processors.standard.RouteText - RouteText[id=88577823-16f9-4de2-ba04-780edacb1bd8] Routing FlowFile[608,97609351441111.mockFlowFile,23B] to original
[main] DEBUG org.apache.nifi.processors.standard.RouteText - RouteText[id=88577823-16f9-4de2-ba04-780edacb1bd8] Adding new dynamic property: PropertyDescriptor[simple]
[pool-2627-thread-1] INFO org.apache.nifi.processors.standard.RouteText - RouteText[id=88577823-16f9-4de2-ba04-780edacb1bd8] Created FlowFile[611,97609351879096.mockFlowFile,23B] from FlowFile[610,97609351879096.mockFlowFile,23B]; routing to relationship simple
[pool-2627-thread-1] INFO org.apache.nifi.processors.standard.RouteText - RouteText[id=88577823-16f9-4de2-ba04-780edacb1bd8] Routing FlowFile[610,97609351879096.mockFlowFile,23B] to original
[main] DEBUG org.apache.nifi.processors.standard.RouteText - RouteText[id=88577823-16f9-4de2-ba04-780edacb1bd8] Adding new dynamic property: PropertyDescriptor[simple]
[pool-2628-thread-1] INFO org.apache.nifi.processors.standard.RouteText - RouteText[id=88577823-16f9-4de2-ba04-780edacb1bd8] Created FlowFile[613,97609352368650.mockFlowFile,23B] from FlowFile[612,97609352368650.mockFlowFile,23B]; routing to relationship simple
[pool-2628-thread-1] INFO org.apache.nifi.processors.standard.RouteText - RouteText[id=88577823-16f9-4de2-ba04-780edacb1bd8] Routing FlowFile[612,97609352368650.mockFlowFile,23B] to original
[main] DEBUG org.apache.nifi.processors.standard.RouteText - RouteText[id=88577823-16f9-4de2-ba04-780edacb1bd8] Adding new dynamic property: PropertyDescriptor[simple]
[pool-2629-thread-1] INFO org.apache.nifi.processors.standard.RouteText - RouteText[id=88577823-16f9-4de2-ba04-780edacb1bd8] Created FlowFile[615,97609352858290.mockFlowFile,23B] from FlowFile[614,97609352858290.mockFlowFile,23B]; routing to relationship simple
[pool-2629-thread-1] INFO org.apache.nifi.processors.standard.RouteText - RouteText[id=88577823-16f9-4de2-ba04-780edacb1bd8] Routing FlowFile[614,97609352858290.mockFlowFile,23B] to original
[main] DEBUG org.apache.nifi.processors.standard.RouteText - RouteText[id=88577823-16f9-4de2-ba04-780edacb1bd8] Adding new dynamic property: PropertyDescriptor[simple]
[pool-2630-thread-1] INFO org.apache.nifi.processors.standard.RouteText - RouteText[id=88577823-16f9-4de2-ba04-780edacb1bd8] Created FlowFile[617,97609353349660.mockFlowFile,23B] from FlowFile[616,97609353349660.mockFlowFile,23B]; routing to relationship simple
[pool-2630-thread-1] INFO org.apache.nifi.processors.standard.RouteText - RouteText[id=88577823-16f9-4de2-ba04-780edacb1bd8] Routing FlowFile[616,97609353349660.mockFlowFile,23B] to original
[main] DEBUG org.apache.nifi.processors.standard.RouteText - RouteText[id=88577823-16f9-4de2-ba04-780edacb1bd8] Adding new dynamic property: PropertyDescriptor[simple]
[pool-2631-thread-1] INFO org.apache.nifi.processors.standard.RouteText - RouteText[id=88577823-16f9-4de2-ba04-780edacb1bd8] Created FlowFile[619,97609353821057.mockFlowFile,23B] from FlowFile[618,97609353821057.mockFlowFile,23B]; routing to relationship simple
[pool-2631-thread-1] INFO org.apache.nifi.processors.standard.RouteText - RouteText[id=88577823-16f9-4de2-ba04-780edacb1bd8] Routing FlowFile[618,97609353821057.mockFlowFile,23B] to original
[main] DEBUG org.apache.nifi.processors.standard.RouteText - RouteText[id=88577823-16f9-4de2-ba04-780edacb1bd8] Adding new dynamic property: PropertyDescriptor[simple]
[pool-2632-thread-1] INFO org.apache.nifi.processors.standard.RouteText - RouteText[id=88577823-16f9-4de2-ba04-780edacb1bd8] Created FlowFile[621,97609354263966.mockFlowFile,23B] from FlowFile[620,97609354263966.mockFlowFile,23B]; routing to relationship simple
[pool-2632-thread-1] INFO org.apache.nifi.processors.standard.RouteText - RouteText[id=88577823-16f9-4de2-ba04-780edacb1bd8] Routing FlowFile[620,97609354263966.mockFlowFile,23B] to original
[main] DEBUG org.apache.nifi.processors.standard.RouteText - RouteText[id=88577823-16f9-4de2-ba04-780edacb1bd8] Adding new dynamic property: PropertyDescriptor[simple]
[pool-2633-thread-1] INFO org.apache.nifi.processors.standard.RouteText - RouteText[id=88577823-16f9-4de2-ba04-780edacb1bd8] Created FlowFile[623,97609354748557.mockFlowFile,23B] from FlowFile[622,97609354748557.mockFlowFile,23B]; routing to relationship simple
[pool-2633-thread-1] INFO org.apache.nifi.processors.standard.RouteText - RouteText[id=88577823-16f9-4de2-ba04-780edacb1bd8] Routing FlowFile[622,97609354748557.mockFlowFile,23B] to original
[main] DEBUG org.apache.nifi.processors.standard.RouteText - RouteText[id=88577823-16f9-4de2-ba04-780edacb1bd8] Adding new dynamic property: PropertyDescriptor[simple]
[pool-2634-thread-1] INFO org.apache.nifi.processors.standard.RouteText - RouteText[id=88577823-16f9-4de2-ba04-780edacb1bd8] Created FlowFile[625,97609355234132.mockFlowFile,23B] from FlowFile[624,97609355234132.mockFlowFile,23B]; routing to relationship simple
[pool-2634-thread-1] INFO org.apache.nifi.processors.standard.RouteText - RouteText[id=88577823-16f9-4de2-ba04-780edacb1bd8] Routing FlowFile[624,97609355234132.mockFlowFile,23B] to original
[main] DEBUG org.apache.nifi.processors.standard.RouteText - RouteText[id=88577823-16f9-4de2-ba04-780edacb1bd8] Adding new dynamic property: PropertyDescriptor[simple]
[pool-2635-thread-1] INFO org.apache.nifi.processors.standard.RouteText - RouteText[id=88577823-16f9-4de2-ba04-780edacb1bd8] Created FlowFile[627,97609355738018.mockFlowFile,23B] from FlowFile[626,97609355738018.mockFlowFile,23B]; routing to relationship simple
[pool-2635-thread-1] INFO org.apache.nifi.processors.standard.RouteText - RouteText[id=88577823-16f9-4de2-ba04-780edacb1bd8] Routing FlowFile[626,97609355738018.mockFlowFile,23B] to original
[main] DEBUG org.apache.nifi.processors.standard.RouteText - RouteText[id=88577823-16f9-4de2-ba04-780edacb1bd8] Adding new dynamic property: PropertyDescriptor[simple]
[pool-2636-thread-1] INFO org.apache.nifi.processors.standard.RouteText - RouteText[id=88577823-16f9-4de2-ba04-780edacb1bd8] Created FlowFile[629,97609356271013.mockFlowFile,23B] from FlowFile[628,97609356271013.mockFlowFile,23B]; routing to relationship simple
[pool-2636-thread-1] INFO org.apache.nifi.processors.standard.RouteText - RouteText[id=88577823-16f9-4de2-ba04-780edacb1bd8] Routing FlowFile[628,97609356271013.mockFlowFile,23B] to original
[main] DEBUG org.apache.nifi.processors.standard.RouteText - RouteText[id=88577823-16f9-4de2-ba04-780edacb1bd8] Adding new dynamic property: PropertyDescriptor[simple]
[pool-2637-thread-1] INFO org.apache.nifi.processors.standard.RouteText - RouteText[id=88577823-16f9-4de2-ba04-780edacb1bd8] Created FlowFile[631,97609356752505.mockFlowFile,23B] from FlowFile[630,97609356752505.mockFlowFile,23B]; routing to relationship simple
[pool-2637-thread-1] INFO org.apache.nifi.processors.standard.RouteText - RouteText[id=88577823-16f9-4de2-ba04-780edacb1bd8] Routing FlowFile[630,97609356752505.mockFlowFile,23B] to original
[main] DEBUG org.apache.nifi.processors.standard.RouteText - RouteText[id=88577823-16f9-4de2-ba04-780edacb1bd8] Adding new dynamic property: PropertyDescriptor[simple]
[pool-2638-thread-1] INFO org.apache.nifi.processors.standard.RouteText - RouteText[id=88577823-16f9-4de2-ba04-780edacb1bd8] Created FlowFile[633,97609357219826.mockFlowFile,23B] from FlowFile[632,97609357219826.mockFlowFile,23B]; routing to relationship simple
[pool-2638-thread-1] INFO org.apache.nifi.processors.standard.RouteText - RouteText[id=88577823-16f9-4de2-ba04-780edacb1bd8] Routing FlowFile[632,97609357219826.mockFlowFile,23B] to original
[main] DEBUG org.apache.nifi.processors.standard.RouteText - RouteText[id=88577823-16f9-4de2-ba04-780edacb1bd8] Adding new dynamic property: PropertyDescriptor[simple]
[pool-2639-thread-1] INFO org.apache.nifi.processors.standard.RouteText - RouteText[id=88577823-16f9-4de2-ba04-780edacb1bd8] Created FlowFile[635,97609357687394.mockFlowFile,23B] from FlowFile[634,97609357687394.mockFlowFile,23B]; routing to relationship simple
[pool-2639-thread-1] INFO org.apache.nifi.processors.standard.RouteText - RouteText[id=88577823-16f9-4de2-ba04-780edacb1bd8] Routing FlowFile[634,97609357687394.mockFlowFile,23B] to original
[main] DEBUG org.apache.nifi.processors.standard.RouteText - RouteText[id=88577823-16f9-4de2-ba04-780edacb1bd8] Adding new dynamic property: PropertyDescriptor[simple]
[pool-2640-thread-1] INFO org.apache.nifi.processors.standard.RouteText - RouteText[id=88577823-16f9-4de2-ba04-780edacb1bd8] Created FlowFile[637,97609358268818.mockFlowFile,23B] from FlowFile[636,97609358268818.mockFlowFile,23B]; routing to relationship simple
[pool-2640-thread-1] INFO org.apache.nifi.processors.standard.RouteText - RouteText[id=88577823-16f9-4de2-ba04-780edacb1bd8] Routing FlowFile[636,97609358268818.mockFlowFile,23B] to original
[main] DEBUG org.apache.nifi.processors.standard.RouteText - RouteText[id=88577823-16f9-4de2-ba04-780edacb1bd8] Adding new dynamic property: PropertyDescriptor[simple]
[pool-2641-thread-1] INFO org.apache.nifi.processors.standard.RouteText - RouteText[id=88577823-16f9-4de2-ba04-780edacb1bd8] Created FlowFile[639,97609358800503.mockFlowFile,23B] from FlowFile[638,97609358800503.mockFlowFile,23B]; routing to relationship simple
[pool-2641-thread-1] INFO org.apache.nifi.processors.standard.RouteText - RouteText[id=88577823-16f9-4de2-ba04-780edacb1bd8] Routing FlowFile[638,97609358800503.mockFlowFile,23B] to original
[main] DEBUG org.apache.nifi.processors.standard.RouteText - RouteText[id=88577823-16f9-4de2-ba04-780edacb1bd8] Adding new dynamic property: PropertyDescriptor[simple]
[pool-2642-thread-1] INFO org.apache.nifi.processors.standard.RouteText - RouteText[id=88577823-16f9-4de2-ba04-780edacb1bd8] Created FlowFile[641,97609359322599.mockFlowFile,23B] from FlowFile[640,97609359322599.mockFlowFile,23B]; routing to relationship simple
[pool-2642-thread-1] INFO org.apache.nifi.processors.standard.RouteText - RouteText[id=88577823-16f9-4de2-ba04-780edacb1bd8] Routing FlowFile[640,97609359322599.mockFlowFile,23B] to original
[main] DEBUG org.apache.nifi.processors.standard.RouteText - RouteText[id=88577823-16f9-4de2-ba04-780edacb1bd8] Adding new dynamic property: PropertyDescriptor[simple]
[pool-2643-thread-1] INFO org.apache.nifi.processors.standard.RouteText - RouteText[id=88577823-16f9-4de2-ba04-780edacb1bd8] Created FlowFile[643,97609359981764.mockFlowFile,23B] from FlowFile[642,97609359981764.mockFlowFile,23B]; routing to relationship simple
[pool-2643-thread-1] INFO org.apache.nifi.processors.standard.RouteText - RouteText[id=88577823-16f9-4de2-ba04-780edacb1bd8] Routing FlowFile[642,97609359981764.mockFlowFile,23B] to original
[main] DEBUG org.apache.nifi.processors.standard.RouteText - RouteText[id=88577823-16f9-4de2-ba04-780edacb1bd8] Adding new dynamic property: PropertyDescriptor[simple]
[pool-2644-thread-1] INFO org.apache.nifi.processors.standard.RouteText - RouteText[id=88577823-16f9-4de2-ba04-780edacb1bd8] Created FlowFile[645,97609360603959.mockFlowFile,23B] from FlowFile[644,97609360603959.mockFlowFile,23B]; routing to relationship simple
[pool-2644-thread-1] INFO org.apache.nifi.processors.standard.RouteText - RouteText[id=88577823-16f9-4de2-ba04-780edacb1bd8] Routing FlowFile[644,97609360603959.mockFlowFile,23B] to original
[main] DEBUG org.apache.nifi.processors.standard.RouteText - RouteText[id=88577823-16f9-4de2-ba04-780edacb1bd8] Adding new dynamic property: PropertyDescriptor[simple]
[pool-2645-thread-1] INFO org.apache.nifi.processors.standard.RouteText - RouteText[id=88577823-16f9-4de2-ba04-780edacb1bd8] Created FlowFile[647,97609361285540.mockFlowFile,23B] from FlowFile[646,97609361285540.mockFlowFile,23B]; routing to relationship simple
[pool-2645-thread-1] INFO org.apache.nifi.processors.standard.RouteText - RouteText[id=88577823-16f9-4de2-ba04-780edacb1bd8] Routing FlowFile[646,97609361285540.mockFlowFile,23B] to original
[main] DEBUG org.apache.nifi.processors.standard.RouteText - RouteText[id=88577823-16f9-4de2-ba04-780edacb1bd8] Adding new dynamic property: PropertyDescriptor[simple]
[pool-2646-thread-1] INFO org.apache.nifi.processors.standard.RouteText - RouteText[id=88577823-16f9-4de2-ba04-780edacb1bd8] Created FlowFile[649,97609361945087.mockFlowFile,23B] from FlowFile[648,97609361945087.mockFlowFile,23B]; routing to relationship simple
[pool-2646-thread-1] INFO org.apache.nifi.processors.standard.RouteText - RouteText[id=88577823-16f9-4de2-ba04-780edacb1bd8] Routing FlowFile[648,97609361945087.mockFlowFile,23B] to original
[main] DEBUG org.apache.nifi.processors.standard.RouteText - RouteText[id=88577823-16f9-4de2-ba04-780edacb1bd8] Adding new dynamic property: PropertyDescriptor[simple]
[pool-2647-thread-1] INFO org.apache.nifi.processors.standard.RouteText - RouteText[id=88577823-16f9-4de2-ba04-780edacb1bd8] Created FlowFile[651,97609362549694.mockFlowFile,23B] from FlowFile[650,97609362549694.mockFlowFile,23B]; routing to relationship simple
[pool-2647-thread-1] INFO org.apache.nifi.processors.standard.RouteText - RouteText[id=88577823-16f9-4de2-ba04-780edacb1bd8] Routing FlowFile[650,97609362549694.mockFlowFile,23B] to original
[main] DEBUG org.apache.nifi.processors.standard.RouteText - RouteText[id=88577823-16f9-4de2-ba04-780edacb1bd8] Adding new dynamic property: PropertyDescriptor[simple]
[pool-2648-thread-1] INFO org.apache.nifi.processors.standard.RouteText - RouteText[id=88577823-16f9-4de2-ba04-780edacb1bd8] Created FlowFile[653,97609363078976.mockFlowFile,23B] from FlowFile[652,97609363078976.mockFlowFile,23B]; routing to relationship simple
[pool-2648-thread-1] INFO org.apache.nifi.processors.standard.RouteText - RouteText[id=88577823-16f9-4de2-ba04-780edacb1bd8] Routing FlowFile[652,97609363078976.mockFlowFile,23B] to original
[main] DEBUG org.apache.nifi.processors.standard.RouteText - RouteText[id=88577823-16f9-4de2-ba04-780edacb1bd8] Adding new dynamic property: PropertyDescriptor[simple]
[pool-2649-thread-1] INFO org.apache.nifi.processors.standard.RouteText - RouteText[id=88577823-16f9-4de2-ba04-780edacb1bd8] Created FlowFile[655,97609363601236.mockFlowFile,23B] from FlowFile[654,97609363601236.mockFlowFile,23B]; routing to relationship simple
[pool-2649-thread-1] INFO org.apache.nifi.processors.standard.RouteText - RouteText[id=88577823-16f9-4de2-ba04-780edacb1bd8] Routing FlowFile[654,97609363601236.mockFlowFile,23B] to original
[main] DEBUG org.apache.nifi.processors.standard.RouteText - RouteText[id=88577823-16f9-4de2-ba04-780edacb1bd8] Adding new dynamic property: PropertyDescriptor[simple]
[pool-2650-thread-1] INFO org.apache.nifi.processors.standard.RouteText - RouteText[id=88577823-16f9-4de2-ba04-780edacb1bd8] Created FlowFile[657,97609364266925.mockFlowFile,23B] from FlowFile[656,97609364266925.mockFlowFile,23B]; routing to relationship simple
[pool-2650-thread-1] INFO org.apache.nifi.processors.standard.RouteText - RouteText[id=88577823-16f9-4de2-ba04-780edacb1bd8] Routing FlowFile[656,97609364266925.mockFlowFile,23B] to original
[main] DEBUG org.apache.nifi.processors.standard.RouteText - RouteText[id=88577823-16f9-4de2-ba04-780edacb1bd8] Adding new dynamic property: PropertyDescriptor[simple]
[pool-2651-thread-1] INFO org.apache.nifi.processors.standard.RouteText - RouteText[id=88577823-16f9-4de2-ba04-780edacb1bd8] Created FlowFile[659,97609364866060.mockFlowFile,23B] from FlowFile[658,97609364866060.mockFlowFile,23B]; routing to relationship simple
[pool-2651-thread-1] INFO org.apache.nifi.processors.standard.RouteText - RouteText[id=88577823-16f9-4de2-ba04-780edacb1bd8] Routing FlowFile[658,97609364866060.mockFlowFile,23B] to original
[main] DEBUG org.apache.nifi.processors.standard.RouteText - RouteText[id=88577823-16f9-4de2-ba04-780edacb1bd8] Adding new dynamic property: PropertyDescriptor[simple]
[pool-2652-thread-1] INFO org.apache.nifi.processors.standard.RouteText - RouteText[id=88577823-16f9-4de2-ba04-780edacb1bd8] Created FlowFile[661,97609365432951.mockFlowFile,23B] from FlowFile[660,97609365432951.mockFlowFile,23B]; routing to relationship simple
[pool-2652-thread-1] INFO org.apache.nifi.processors.standard.RouteText - RouteText[id=88577823-16f9-4de2-ba04-780edacb1bd8] Routing FlowFile[660,97609365432951.mockFlowFile,23B] to original
[main] DEBUG org.apache.nifi.processors.standard.RouteText - RouteText[id=88577823-16f9-4de2-ba04-780edacb1bd8] Adding new dynamic property: PropertyDescriptor[simple]
[pool-2653-thread-1] INFO org.apache.nifi.processors.standard.RouteText - RouteText[id=88577823-16f9-4de2-ba04-780edacb1bd8] Created FlowFile[663,97609365990833.mockFlowFile,23B] from FlowFile[662,97609365990833.mockFlowFile,23B]; routing to relationship simple
[pool-2653-thread-1] INFO org.apache.nifi.processors.standard.RouteText - RouteText[id=88577823-16f9-4de2-ba04-780edacb1bd8] Routing FlowFile[662,97609365990833.mockFlowFile,23B] to original
[main] DEBUG org.apache.nifi.processors.standard.RouteText - RouteText[id=88577823-16f9-4de2-ba04-780edacb1bd8] Adding new dynamic property: PropertyDescriptor[simple]
[pool-2654-thread-1] INFO org.apache.nifi.processors.standard.RouteText - RouteText[id=88577823-16f9-4de2-ba04-780edacb1bd8] Created FlowFile[665,97609366528942.mockFlowFile,23B] from FlowFile[664,97609366528942.mockFlowFile,23B]; routing to relationship simple
[pool-2654-thread-1] INFO org.apache.nifi.processors.standard.RouteText - RouteText[id=88577823-16f9-4de2-ba04-780edacb1bd8] Routing FlowFile[664,97609366528942.mockFlowFile,23B] to original
[main] DEBUG org.apache.nifi.processors.standard.RouteText - RouteText[id=88577823-16f9-4de2-ba04-780edacb1bd8] Adding new dynamic property: PropertyDescriptor[simple]
[pool-2655-thread-1] INFO org.apache.nifi.processors.standard.RouteText - RouteText[id=88577823-16f9-4de2-ba04-780edacb1bd8] Created FlowFile[667,97609367058576.mockFlowFile,23B] from FlowFile[666,97609367058576.mockFlowFile,23B]; routing to relationship simple
[pool-2655-thread-1] INFO org.apache.nifi.processors.standard.RouteText - RouteText[id=88577823-16f9-4de2-ba04-780edacb1bd8] Routing FlowFile[666,97609367058576.mockFlowFile,23B] to original
[main] DEBUG org.apache.nifi.processors.standard.RouteText - RouteText[id=88577823-16f9-4de2-ba04-780edacb1bd8] Adding new dynamic property: PropertyDescriptor[simple]
[pool-2656-thread-1] INFO org.apache.nifi.processors.standard.RouteText - RouteText[id=88577823-16f9-4de2-ba04-780edacb1bd8] Created FlowFile[669,97609367593099.mockFlowFile,23B] from FlowFile[668,97609367593099.mockFlowFile,23B]; routing to relationship simple
[pool-2656-thread-1] INFO org.apache.nifi.processors.standard.RouteText - RouteText[id=88577823-16f9-4de2-ba04-780edacb1bd8] Routing FlowFile[668,97609367593099.mockFlowFile,23B] to original
[main] DEBUG org.apache.nifi.processors.standard.RouteText - RouteText[id=88577823-16f9-4de2-ba04-780edacb1bd8] Adding new dynamic property: PropertyDescriptor[simple]
[pool-2657-thread-1] INFO org.apache.nifi.processors.standard.RouteText - RouteText[id=88577823-16f9-4de2-ba04-780edacb1bd8] Created FlowFile[671,97609368274370.mockFlowFile,23B] from FlowFile[670,97609368274370.mockFlowFile,23B]; routing to relationship simple
[pool-2657-thread-1] INFO org.apache.nifi.processors.standard.RouteText - RouteText[id=88577823-16f9-4de2-ba04-780edacb1bd8] Routing FlowFile[670,97609368274370.mockFlowFile,23B] to original
[main] DEBUG org.apache.nifi.processors.standard.RouteText - RouteText[id=88577823-16f9-4de2-ba04-780edacb1bd8] Adding new dynamic property: PropertyDescriptor[simple]
[pool-2658-thread-1] INFO org.apache.nifi.processors.standard.RouteText - RouteText[id=88577823-16f9-4de2-ba04-780edacb1bd8] Created FlowFile[673,97609368876752.mockFlowFile,23B] from FlowFile[672,97609368876752.mockFlowFile,23B]; routing to relationship simple
[pool-2658-thread-1] INFO org.apache.nifi.processors.standard.RouteText - RouteText[id=88577823-16f9-4de2-ba04-780edacb1bd8] Routing FlowFile[672,97609368876752.mockFlowFile,23B] to original
[main] DEBUG org.apache.nifi.processors.standard.RouteText - RouteText[id=88577823-16f9-4de2-ba04-780edacb1bd8] Adding new dynamic property: PropertyDescriptor[simple]
[pool-2659-thread-1] INFO org.apache.nifi.processors.standard.RouteText - RouteText[id=88577823-16f9-4de2-ba04-780edacb1bd8] Created FlowFile[675,97609369488059.mockFlowFile,23B] from FlowFile[674,97609369488059.mockFlowFile,23B]; routing to relationship simple
[pool-2659-thread-1] INFO org.apache.nifi.processors.standard.RouteText - RouteText[id=88577823-16f9-4de2-ba04-780edacb1bd8] Routing FlowFile[674,97609369488059.mockFlowFile,23B] to original
[main] DEBUG org.apache.nifi.processors.standard.RouteText - RouteText[id=88577823-16f9-4de2-ba04-780edacb1bd8] Adding new dynamic property: PropertyDescriptor[simple]
[pool-2660-thread-1] INFO org.apache.nifi.processors.standard.RouteText - RouteText[id=88577823-16f9-4de2-ba04-780edacb1bd8] Created FlowFile[677,97609370113199.mockFlowFile,23B] from FlowFile[676,97609370113199.mockFlowFile,23B]; routing to relationship simple
[pool-2660-thread-1] INFO org.apache.nifi.processors.standard.RouteText - RouteText[id=88577823-16f9-4de2-ba04-780edacb1bd8] Routing FlowFile[676,97609370113199.mockFlowFile,23B] to original
[main] DEBUG org.apache.nifi.processors.standard.RouteText - RouteText[id=88577823-16f9-4de2-ba04-780edacb1bd8] Adding new dynamic property: PropertyDescriptor[simple]
[pool-2661-thread-1] INFO org.apache.nifi.processors.standard.RouteText - RouteText[id=88577823-16f9-4de2-ba04-780edacb1bd8] Created FlowFile[679,97609370675770.mockFlowFile,23B] from FlowFile[678,97609370675770.mockFlowFile,23B]; routing to relationship simple
[pool-2661-thread-1] INFO org.apache.nifi.processors.standard.RouteText - RouteText[id=88577823-16f9-4de2-ba04-780edacb1bd8] Routing FlowFile[678,97609370675770.mockFlowFile,23B] to original
[main] DEBUG org.apache.nifi.processors.standard.RouteText - RouteText[id=88577823-16f9-4de2-ba04-780edacb1bd8] Adding new dynamic property: PropertyDescriptor[simple]
[pool-2662-thread-1] INFO org.apache.nifi.processors.standard.RouteText - RouteText[id=88577823-16f9-4de2-ba04-780edacb1bd8] Created FlowFile[681,97609371227989.mockFlowFile,23B] from FlowFile[680,97609371227989.mockFlowFile,23B]; routing to relationship simple
[pool-2662-thread-1] INFO org.apache.nifi.processors.standard.RouteText - RouteText[id=88577823-16f9-4de2-ba04-780edacb1bd8] Routing FlowFile[680,97609371227989.mockFlowFile,23B] to original
[main] DEBUG org.apache.nifi.processors.standard.RouteText - RouteText[id=88577823-16f9-4de2-ba04-780edacb1bd8] Adding new dynamic property: PropertyDescriptor[simple]
[pool-2663-thread-1] INFO org.apache.nifi.processors.standard.RouteText - RouteText[id=88577823-16f9-4de2-ba04-780edacb1bd8] Created FlowFile[683,97609371772298.mockFlowFile,23B] from FlowFile[682,97609371772298.mockFlowFile,23B]; routing to relationship simple
[pool-2663-thread-1] INFO org.apache.nifi.processors.standard.RouteText - RouteText[id=88577823-16f9-4de2-ba04-780edacb1bd8] Routing FlowFile[682,97609371772298.mockFlowFile,23B] to original
[main] DEBUG org.apache.nifi.processors.standard.RouteText - RouteText[id=88577823-16f9-4de2-ba04-780edacb1bd8] Adding new dynamic property: PropertyDescriptor[simple]
[pool-2664-thread-1] INFO org.apache.nifi.processors.standard.RouteText - RouteText[id=88577823-16f9-4de2-ba04-780edacb1bd8] Created FlowFile[685,97609372325931.mockFlowFile,23B] from FlowFile[684,97609372325931.mockFlowFile,23B]; routing to relationship simple
[pool-2664-thread-1] INFO org.apache.nifi.processors.standard.RouteText - RouteText[id=88577823-16f9-4de2-ba04-780edacb1bd8] Routing FlowFile[684,97609372325931.mockFlowFile,23B] to original
[main] DEBUG org.apache.nifi.processors.standard.RouteText - RouteText[id=88577823-16f9-4de2-ba04-780edacb1bd8] Adding new dynamic property: PropertyDescriptor[simple]
[pool-2665-thread-1] INFO org.apache.nifi.processors.standard.RouteText - RouteText[id=88577823-16f9-4de2-ba04-780edacb1bd8] Created FlowFile[687,97609372901746.mockFlowFile,23B] from FlowFile[686,97609372901746.mockFlowFile,23B]; routing to relationship simple
[pool-2665-thread-1] INFO org.apache.nifi.processors.standard.RouteText - RouteText[id=88577823-16f9-4de2-ba04-780edacb1bd8] Routing FlowFile[686,97609372901746.mockFlowFile,23B] to original
[main] DEBUG org.apache.nifi.processors.standard.RouteText - RouteText[id=88577823-16f9-4de2-ba04-780edacb1bd8] Adding new dynamic property: PropertyDescriptor[simple]
[pool-2666-thread-1] INFO org.apache.nifi.processors.standard.RouteText - RouteText[id=88577823-16f9-4de2-ba04-780edacb1bd8] Created FlowFile[689,97609373373055.mockFlowFile,23B] from FlowFile[688,97609373373055.mockFlowFile,23B]; routing to relationship simple
[pool-2666-thread-1] INFO org.apache.nifi.processors.standard.RouteText - RouteText[id=88577823-16f9-4de2-ba04-780edacb1bd8] Routing FlowFile[688,97609373373055.mockFlowFile,23B] to original
[main] DEBUG org.apache.nifi.processors.standard.RouteText - RouteText[id=88577823-16f9-4de2-ba04-780edacb1bd8] Adding new dynamic property: PropertyDescriptor[simple]
[pool-2667-thread-1] INFO org.apache.nifi.processors.standard.RouteText - RouteText[id=88577823-16f9-4de2-ba04-780edacb1bd8] Created FlowFile[691,97609373888740.mockFlowFile,23B] from FlowFile[690,97609373888740.mockFlowFile,23B]; routing to relationship simple
[pool-2667-thread-1] INFO org.apache.nifi.processors.standard.RouteText - RouteText[id=88577823-16f9-4de2-ba04-780edacb1bd8] Routing FlowFile[690,97609373888740.mockFlowFile,23B] to original
[main] DEBUG org.apache.nifi.processors.standard.RouteText - RouteText[id=88577823-16f9-4de2-ba04-780edacb1bd8] Adding new dynamic property: PropertyDescriptor[simple]
[pool-2668-thread-1] INFO org.apache.nifi.processors.standard.RouteText - RouteText[id=88577823-16f9-4de2-ba04-780edacb1bd8] Created FlowFile[693,97609374405845.mockFlowFile,23B] from FlowFile[692,97609374405845.mockFlowFile,23B]; routing to relationship simple
[pool-2668-thread-1] INFO org.apache.nifi.processors.standard.RouteText - RouteText[id=88577823-16f9-4de2-ba04-780edacb1bd8] Routing FlowFile[692,97609374405845.mockFlowFile,23B] to original
[main] DEBUG org.apache.nifi.processors.standard.RouteText - RouteText[id=88577823-16f9-4de2-ba04-780edacb1bd8] Adding new dynamic property: PropertyDescriptor[simple]
[pool-2669-thread-1] INFO org.apache.nifi.processors.standard.RouteText - RouteText[id=88577823-16f9-4de2-ba04-780edacb1bd8] Created FlowFile[695,97609374908975.mockFlowFile,23B] from FlowFile[694,97609374908975.mockFlowFile,23B]; routing to relationship simple
[pool-2669-thread-1] INFO org.apache.nifi.processors.standard.RouteText - RouteText[id=88577823-16f9-4de2-ba04-780edacb1bd8] Routing FlowFile[694,97609374908975.mockFlowFile,23B] to original
[main] DEBUG org.apache.nifi.processors.standard.RouteText - RouteText[id=88577823-16f9-4de2-ba04-780edacb1bd8] Adding new dynamic property: PropertyDescriptor[simple]
[pool-2670-thread-1] INFO org.apache.nifi.processors.standard.RouteText - RouteText[id=88577823-16f9-4de2-ba04-780edacb1bd8] Created FlowFile[697,97609375408238.mockFlowFile,23B] from FlowFile[696,97609375408238.mockFlowFile,23B]; routing to relationship simple
[pool-2670-thread-1] INFO org.apache.nifi.processors.standard.RouteText - RouteText[id=88577823-16f9-4de2-ba04-780edacb1bd8] Routing FlowFile[696,97609375408238.mockFlowFile,23B] to original
[main] DEBUG org.apache.nifi.processors.standard.RouteText - RouteText[id=88577823-16f9-4de2-ba04-780edacb1bd8] Adding new dynamic property: PropertyDescriptor[simple]
[pool-2671-thread-1] INFO org.apache.nifi.processors.standard.RouteText - RouteText[id=88577823-16f9-4de2-ba04-780edacb1bd8] Created FlowFile[699,97609375932062.mockFlowFile,23B] from FlowFile[698,97609375932062.mockFlowFile,23B]; routing to relationship simple
[pool-2671-thread-1] INFO org.apache.nifi.processors.standard.RouteText - RouteText[id=88577823-16f9-4de2-ba04-780edacb1bd8] Routing FlowFile[698,97609375932062.mockFlowFile,23B] to original
[main] DEBUG org.apache.nifi.processors.standard.RouteText - RouteText[id=88577823-16f9-4de2-ba04-780edacb1bd8] Adding new dynamic property: PropertyDescriptor[simple]
[pool-2672-thread-1] INFO org.apache.nifi.processors.standard.RouteText - RouteText[id=88577823-16f9-4de2-ba04-780edacb1bd8] Created FlowFile[701,97609376423007.mockFlowFile,23B] from FlowFile[700,97609376423007.mockFlowFile,23B]; routing to relationship simple
[pool-2672-thread-1] INFO org.apache.nifi.processors.standard.RouteText - RouteText[id=88577823-16f9-4de2-ba04-780edacb1bd8] Routing FlowFile[700,97609376423007.mockFlowFile,23B] to original
[main] DEBUG org.apache.nifi.processors.standard.RouteText - RouteText[id=88577823-16f9-4de2-ba04-780edacb1bd8] Adding new dynamic property: PropertyDescriptor[simple]
[pool-2673-thread-1] INFO org.apache.nifi.processors.standard.RouteText - RouteText[id=88577823-16f9-4de2-ba04-780edacb1bd8] Created FlowFile[703,97609376857939.mockFlowFile,23B] from FlowFile[702,97609376857939.mockFlowFile,23B]; routing to relationship simple
[pool-2673-thread-1] INFO org.apache.nifi.processors.standard.RouteText - RouteText[id=88577823-16f9-4de2-ba04-780edacb1bd8] Routing FlowFile[702,97609376857939.mockFlowFile,23B] to original
[main] DEBUG org.apache.nifi.processors.standard.RouteText - RouteText[id=88577823-16f9-4de2-ba04-780edacb1bd8] Adding new dynamic property: PropertyDescriptor[simple]
[pool-2674-thread-1] INFO org.apache.nifi.processors.standard.RouteText - RouteText[id=88577823-16f9-4de2-ba04-780edacb1bd8] Created FlowFile[705,97609377348419.mockFlowFile,23B] from FlowFile[704,97609377348419.mockFlowFile,23B]; routing to relationship simple
[pool-2674-thread-1] INFO org.apache.nifi.processors.standard.RouteText - RouteText[id=88577823-16f9-4de2-ba04-780edacb1bd8] Routing FlowFile[704,97609377348419.mockFlowFile,23B] to original
[main] DEBUG org.apache.nifi.processors.standard.RouteText - RouteText[id=88577823-16f9-4de2-ba04-780edacb1bd8] Adding new dynamic property: PropertyDescriptor[simple]
[pool-2675-thread-1] INFO org.apache.nifi.processors.standard.RouteText - RouteText[id=88577823-16f9-4de2-ba04-780edacb1bd8] Created FlowFile[707,97609377823750.mockFlowFile,23B] from FlowFile[706,97609377823750.mockFlowFile,23B]; routing to relationship simple
[pool-2675-thread-1] INFO org.apache.nifi.processors.standard.RouteText - RouteText[id=88577823-16f9-4de2-ba04-780edacb1bd8] Routing FlowFile[706,97609377823750.mockFlowFile,23B] to original
[main] DEBUG org.apache.nifi.processors.standard.RouteText - RouteText[id=88577823-16f9-4de2-ba04-780edacb1bd8] Adding new dynamic property: PropertyDescriptor[simple]
[pool-2676-thread-1] INFO org.apache.nifi.processors.standard.RouteText - RouteText[id=88577823-16f9-4de2-ba04-780edacb1bd8] Created FlowFile[709,97609378309408.mockFlowFile,23B] from FlowFile[708,97609378309408.mockFlowFile,23B]; routing to relationship simple
[pool-2676-thread-1] INFO org.apache.nifi.processors.standard.RouteText - RouteText[id=88577823-16f9-4de2-ba04-780edacb1bd8] Routing FlowFile[708,97609378309408.mockFlowFile,23B] to original
[main] DEBUG org.apache.nifi.processors.standard.RouteText - RouteText[id=88577823-16f9-4de2-ba04-780edacb1bd8] Adding new dynamic property: PropertyDescriptor[simple]
[pool-2677-thread-1] INFO org.apache.nifi.processors.standard.RouteText - RouteText[id=88577823-16f9-4de2-ba04-780edacb1bd8] Created FlowFile[711,97609378796886.mockFlowFile,23B] from FlowFile[710,97609378796886.mockFlowFile,23B]; routing to relationship simple
[pool-2677-thread-1] INFO org.apache.nifi.processors.standard.RouteText - RouteText[id=88577823-16f9-4de2-ba04-780edacb1bd8] Routing FlowFile[710,97609378796886.mockFlowFile,23B] to original
[main] DEBUG org.apache.nifi.processors.standard.RouteText - RouteText[id=88577823-16f9-4de2-ba04-780edacb1bd8] Adding new dynamic property: PropertyDescriptor[simple]
[pool-2678-thread-1] INFO org.apache.nifi.processors.standard.RouteText - RouteText[id=88577823-16f9-4de2-ba04-780edacb1bd8] Created FlowFile[713,97609379275812.mockFlowFile,23B] from FlowFile[712,97609379275812.mockFlowFile,23B]; routing to relationship simple
[pool-2678-thread-1] INFO org.apache.nifi.processors.standard.RouteText - RouteText[id=88577823-16f9-4de2-ba04-780edacb1bd8] Routing FlowFile[712,97609379275812.mockFlowFile,23B] to original
[main] DEBUG org.apache.nifi.processors.standard.RouteText - RouteText[id=88577823-16f9-4de2-ba04-780edacb1bd8] Adding new dynamic property: PropertyDescriptor[simple]
[pool-2679-thread-1] INFO org.apache.nifi.processors.standard.RouteText - RouteText[id=88577823-16f9-4de2-ba04-780edacb1bd8] Created FlowFile[715,97609379930293.mockFlowFile,23B] from FlowFile[714,97609379930293.mockFlowFile,23B]; routing to relationship simple
[pool-2679-thread-1] INFO org.apache.nifi.processors.standard.RouteText - RouteText[id=88577823-16f9-4de2-ba04-780edacb1bd8] Routing FlowFile[714,97609379930293.mockFlowFile,23B] to original
[main] DEBUG org.apache.nifi.processors.standard.RouteText - RouteText[id=88577823-16f9-4de2-ba04-780edacb1bd8] Adding new dynamic property: PropertyDescriptor[simple]
[pool-2680-thread-1] INFO org.apache.nifi.processors.standard.RouteText - RouteText[id=88577823-16f9-4de2-ba04-780edacb1bd8] Created FlowFile[717,97609380473637.mockFlowFile,23B] from FlowFile[716,97609380473637.mockFlowFile,23B]; routing to relationship simple
[pool-2680-thread-1] INFO org.apache.nifi.processors.standard.RouteText - RouteText[id=88577823-16f9-4de2-ba04-780edacb1bd8] Routing FlowFile[716,97609380473637.mockFlowFile,23B] to original
[main] DEBUG org.apache.nifi.processors.standard.RouteText - RouteText[id=88577823-16f9-4de2-ba04-780edacb1bd8] Adding new dynamic property: PropertyDescriptor[simple]
[pool-2681-thread-1] INFO org.apache.nifi.processors.standard.RouteText - RouteText[id=88577823-16f9-4de2-ba04-780edacb1bd8] Created FlowFile[719,97609380999768.mockFlowFile,23B] from FlowFile[718,97609380999768.mockFlowFile,23B]; routing to relationship simple
[pool-2681-thread-1] INFO org.apache.nifi.processors.standard.RouteText - RouteText[id=88577823-16f9-4de2-ba04-780edacb1bd8] Routing FlowFile[718,97609380999768.mockFlowFile,23B] to original
[main] DEBUG org.apache.nifi.processors.standard.RouteText - RouteText[id=88577823-16f9-4de2-ba04-780edacb1bd8] Adding new dynamic property: PropertyDescriptor[simple]
[pool-2682-thread-1] INFO org.apache.nifi.processors.standard.RouteText - RouteText[id=88577823-16f9-4de2-ba04-780edacb1bd8] Created FlowFile[721,97609381525798.mockFlowFile,23B] from FlowFile[720,97609381525798.mockFlowFile,23B]; routing to relationship simple
[pool-2682-thread-1] INFO org.apache.nifi.processors.standard.RouteText - RouteText[id=88577823-16f9-4de2-ba04-780edacb1bd8] Routing FlowFile[720,97609381525798.mockFlowFile,23B] to original
[main] DEBUG org.apache.nifi.processors.standard.RouteText - RouteText[id=88577823-16f9-4de2-ba04-780edacb1bd8] Adding new dynamic property: PropertyDescriptor[simple]
[pool-2683-thread-1] INFO org.apache.nifi.processors.standard.RouteText - RouteText[id=88577823-16f9-4de2-ba04-780edacb1bd8] Created FlowFile[723,97609382016612.mockFlowFile,23B] from FlowFile[722,97609382016612.mockFlowFile,23B]; routing to relationship simple
[pool-2683-thread-1] INFO org.apache.nifi.processors.standard.RouteText - RouteText[id=88577823-16f9-4de2-ba04-780edacb1bd8] Routing FlowFile[722,97609382016612.mockFlowFile,23B] to original
[main] DEBUG org.apache.nifi.processors.standard.RouteText - RouteText[id=88577823-16f9-4de2-ba04-780edacb1bd8] Adding new dynamic property: PropertyDescriptor[simple]
[pool-2684-thread-1] INFO org.apache.nifi.processors.standard.RouteText - RouteText[id=88577823-16f9-4de2-ba04-780edacb1bd8] Created FlowFile[725,97609382485168.mockFlowFile,23B] from FlowFile[724,97609382485168.mockFlowFile,23B]; routing to relationship simple
[pool-2684-thread-1] INFO org.apache.nifi.processors.standard.RouteText - RouteText[id=88577823-16f9-4de2-ba04-780edacb1bd8] Routing FlowFile[724,97609382485168.mockFlowFile,23B] to original
[main] DEBUG org.apache.nifi.processors.standard.RouteText - RouteText[id=88577823-16f9-4de2-ba04-780edacb1bd8] Adding new dynamic property: PropertyDescriptor[simple]
[pool-2685-thread-1] INFO org.apache.nifi.processors.standard.RouteText - RouteText[id=88577823-16f9-4de2-ba04-780edacb1bd8] Created FlowFile[727,97609382958010.mockFlowFile,23B] from FlowFile[726,97609382958010.mockFlowFile,23B]; routing to relationship simple
[pool-2685-thread-1] INFO org.apache.nifi.processors.standard.RouteText - RouteText[id=88577823-16f9-4de2-ba04-780edacb1bd8] Routing FlowFile[726,97609382958010.mockFlowFile,23B] to original
[main] DEBUG org.apache.nifi.processors.standard.RouteText - RouteText[id=88577823-16f9-4de2-ba04-780edacb1bd8] Adding new dynamic property: PropertyDescriptor[simple]
[pool-2686-thread-1] INFO org.apache.nifi.processors.standard.RouteText - RouteText[id=88577823-16f9-4de2-ba04-780edacb1bd8] Created FlowFile[729,97609383430986.mockFlowFile,23B] from FlowFile[728,97609383430986.mockFlowFile,23B]; routing to relationship simple
[pool-2686-thread-1] INFO org.apache.nifi.processors.standard.RouteText - RouteText[id=88577823-16f9-4de2-ba04-780edacb1bd8] Routing FlowFile[728,97609383430986.mockFlowFile,23B] to original
[main] DEBUG org.apache.nifi.processors.standard.RouteText - RouteText[id=88577823-16f9-4de2-ba04-780edacb1bd8] Adding new dynamic property: PropertyDescriptor[simple]
[pool-2687-thread-1] INFO org.apache.nifi.processors.standard.RouteText - RouteText[id=88577823-16f9-4de2-ba04-780edacb1bd8] Created FlowFile[731,97609383895303.mockFlowFile,23B] from FlowFile[730,97609383895303.mockFlowFile,23B]; routing to relationship simple
[pool-2687-thread-1] INFO org.apache.nifi.processors.standard.RouteText - RouteText[id=88577823-16f9-4de2-ba04-780edacb1bd8] Routing FlowFile[730,97609383895303.mockFlowFile,23B] to original
[main] DEBUG org.apache.nifi.processors.standard.RouteText - RouteText[id=88577823-16f9-4de2-ba04-780edacb1bd8] Adding new dynamic property: PropertyDescriptor[simple]
[pool-2688-thread-1] INFO org.apache.nifi.processors.standard.RouteText - RouteText[id=88577823-16f9-4de2-ba04-780edacb1bd8] Created FlowFile[733,97609384419551.mockFlowFile,23B] from FlowFile[732,97609384419551.mockFlowFile,23B]; routing to relationship simple
[pool-2688-thread-1] INFO org.apache.nifi.processors.standard.RouteText - RouteText[id=88577823-16f9-4de2-ba04-780edacb1bd8] Routing FlowFile[732,97609384419551.mockFlowFile,23B] to original
[main] DEBUG org.apache.nifi.processors.standard.RouteText - RouteText[id=88577823-16f9-4de2-ba04-780edacb1bd8] Adding new dynamic property: PropertyDescriptor[simple]
[pool-2689-thread-1] INFO org.apache.nifi.processors.standard.RouteText - RouteText[id=88577823-16f9-4de2-ba04-780edacb1bd8] Created FlowFile[735,97609384957565.mockFlowFile,23B] from FlowFile[734,97609384957565.mockFlowFile,23B]; routing to relationship simple
[pool-2689-thread-1] INFO org.apache.nifi.processors.standard.RouteText - RouteText[id=88577823-16f9-4de2-ba04-780edacb1bd8] Routing FlowFile[734,97609384957565.mockFlowFile,23B] to original
[main] DEBUG org.apache.nifi.processors.standard.RouteText - RouteText[id=88577823-16f9-4de2-ba04-780edacb1bd8] Adding new dynamic property: PropertyDescriptor[simple]
[pool-2690-thread-1] INFO org.apache.nifi.processors.standard.RouteText - RouteText[id=88577823-16f9-4de2-ba04-780edacb1bd8] Created FlowFile[737,97609385456983.mockFlowFile,23B] from FlowFile[736,97609385456983.mockFlowFile,23B]; routing to relationship simple
[pool-2690-thread-1] INFO org.apache.nifi.processors.standard.RouteText - RouteText[id=88577823-16f9-4de2-ba04-780edacb1bd8] Routing FlowFile[736,97609385456983.mockFlowFile,23B] to original
[main] DEBUG org.apache.nifi.processors.standard.RouteText - RouteText[id=88577823-16f9-4de2-ba04-780edacb1bd8] Adding new dynamic property: PropertyDescriptor[simple]
[pool-2691-thread-1] INFO org.apache.nifi.processors.standard.RouteText - RouteText[id=88577823-16f9-4de2-ba04-780edacb1bd8] Created FlowFile[739,97609385942230.mockFlowFile,23B] from FlowFile[738,97609385942230.mockFlowFile,23B]; routing to relationship simple
[pool-2691-thread-1] INFO org.apache.nifi.processors.standard.RouteText - RouteText[id=88577823-16f9-4de2-ba04-780edacb1bd8] Routing FlowFile[738,97609385942230.mockFlowFile,23B] to original
[main] DEBUG org.apache.nifi.processors.standard.RouteText - RouteText[id=88577823-16f9-4de2-ba04-780edacb1bd8] Adding new dynamic property: PropertyDescriptor[simple]
[pool-2692-thread-1] INFO org.apache.nifi.processors.standard.RouteText - RouteText[id=88577823-16f9-4de2-ba04-780edacb1bd8] Created FlowFile[741,97609386432849.mockFlowFile,23B] from FlowFile[740,97609386432849.mockFlowFile,23B]; routing to relationship simple
[pool-2692-thread-1] INFO org.apache.nifi.processors.standard.RouteText - RouteText[id=88577823-16f9-4de2-ba04-780edacb1bd8] Routing FlowFile[740,97609386432849.mockFlowFile,23B] to original
[main] DEBUG org.apache.nifi.processors.standard.RouteText - RouteText[id=88577823-16f9-4de2-ba04-780edacb1bd8] Adding new dynamic property: PropertyDescriptor[simple]
[pool-2693-thread-1] INFO org.apache.nifi.processors.standard.RouteText - RouteText[id=88577823-16f9-4de2-ba04-780edacb1bd8] Created FlowFile[743,97609386928881.mockFlowFile,23B] from FlowFile[742,97609386928881.mockFlowFile,23B]; routing to relationship simple
[pool-2693-thread-1] INFO org.apache.nifi.processors.standard.RouteText - RouteText[id=88577823-16f9-4de2-ba04-780edacb1bd8] Routing FlowFile[742,97609386928881.mockFlowFile,23B] to original
[main] DEBUG org.apache.nifi.processors.standard.RouteText - RouteText[id=88577823-16f9-4de2-ba04-780edacb1bd8] Adding new dynamic property: PropertyDescriptor[simple]
[pool-2694-thread-1] INFO org.apache.nifi.processors.standard.RouteText - RouteText[id=88577823-16f9-4de2-ba04-780edacb1bd8] Created FlowFile[745,97609387415707.mockFlowFile,23B] from FlowFile[744,97609387415707.mockFlowFile,23B]; routing to relationship simple
[pool-2694-thread-1] INFO org.apache.nifi.processors.standard.RouteText - RouteText[id=88577823-16f9-4de2-ba04-780edacb1bd8] Routing FlowFile[744,97609387415707.mockFlowFile,23B] to original
[main] DEBUG org.apache.nifi.processors.standard.RouteText - RouteText[id=88577823-16f9-4de2-ba04-780edacb1bd8] Adding new dynamic property: PropertyDescriptor[simple]
[pool-2695-thread-1] INFO org.apache.nifi.processors.standard.RouteText - RouteText[id=88577823-16f9-4de2-ba04-780edacb1bd8] Created FlowFile[747,97609387905614.mockFlowFile,23B] from FlowFile[746,97609387905614.mockFlowFile,23B]; routing to relationship simple
[pool-2695-thread-1] INFO org.apache.nifi.processors.standard.RouteText - RouteText[id=88577823-16f9-4de2-ba04-780edacb1bd8] Routing FlowFile[746,97609387905614.mockFlowFile,23B] to original
[main] DEBUG org.apache.nifi.processors.standard.RouteText - RouteText[id=88577823-16f9-4de2-ba04-780edacb1bd8] Adding new dynamic property: PropertyDescriptor[simple]
[pool-2696-thread-1] INFO org.apache.nifi.processors.standard.RouteText - RouteText[id=88577823-16f9-4de2-ba04-780edacb1bd8] Created FlowFile[749,97609388376719.mockFlowFile,23B] from FlowFile[748,97609388376719.mockFlowFile,23B]; routing to relationship simple
[pool-2696-thread-1] INFO org.apache.nifi.processors.standard.RouteText - RouteText[id=88577823-16f9-4de2-ba04-780edacb1bd8] Routing FlowFile[748,97609388376719.mockFlowFile,23B] to original
[main] DEBUG org.apache.nifi.processors.standard.RouteText - RouteText[id=88577823-16f9-4de2-ba04-780edacb1bd8] Adding new dynamic property: PropertyDescriptor[simple]
[pool-2697-thread-1] INFO org.apache.nifi.processors.standard.RouteText - RouteText[id=88577823-16f9-4de2-ba04-780edacb1bd8] Created FlowFile[751,97609388873038.mockFlowFile,23B] from FlowFile[750,97609388873038.mockFlowFile,23B]; routing to relationship simple
[pool-2697-thread-1] INFO org.apache.nifi.processors.standard.RouteText - RouteText[id=88577823-16f9-4de2-ba04-780edacb1bd8] Routing FlowFile[750,97609388873038.mockFlowFile,23B] to original
[main] DEBUG org.apache.nifi.processors.standard.RouteText - RouteText[id=88577823-16f9-4de2-ba04-780edacb1bd8] Adding new dynamic property: PropertyDescriptor[simple]
[pool-2698-thread-1] INFO org.apache.nifi.processors.standard.RouteText - RouteText[id=88577823-16f9-4de2-ba04-780edacb1bd8] Created FlowFile[753,97609389393107.mockFlowFile,23B] from FlowFile[752,97609389393107.mockFlowFile,23B]; routing to relationship simple
[pool-2698-thread-1] INFO org.apache.nifi.processors.standard.RouteText - RouteText[id=88577823-16f9-4de2-ba04-780edacb1bd8] Routing FlowFile[752,97609389393107.mockFlowFile,23B] to original
[main] DEBUG org.apache.nifi.processors.standard.RouteText - RouteText[id=88577823-16f9-4de2-ba04-780edacb1bd8] Adding new dynamic property: PropertyDescriptor[simple]
[pool-2699-thread-1] INFO org.apache.nifi.processors.standard.RouteText - RouteText[id=88577823-16f9-4de2-ba04-780edacb1bd8] Created FlowFile[755,97609389907726.mockFlowFile,23B] from FlowFile[754,97609389907726.mockFlowFile,23B]; routing to relationship simple
[pool-2699-thread-1] INFO org.apache.nifi.processors.standard.RouteText - RouteText[id=88577823-16f9-4de2-ba04-780edacb1bd8] Routing FlowFile[754,97609389907726.mockFlowFile,23B] to original
[main] DEBUG org.apache.nifi.processors.standard.RouteText - RouteText[id=88577823-16f9-4de2-ba04-780edacb1bd8] Adding new dynamic property: PropertyDescriptor[simple]
[pool-2700-thread-1] INFO org.apache.nifi.processors.standard.RouteText - RouteText[id=88577823-16f9-4de2-ba04-780edacb1bd8] Created FlowFile[757,97609390523210.mockFlowFile,23B] from FlowFile[756,97609390523210.mockFlowFile,23B]; routing to relationship simple
[pool-2700-thread-1] INFO org.apache.nifi.processors.standard.RouteText - RouteText[id=88577823-16f9-4de2-ba04-780edacb1bd8] Routing FlowFile[756,97609390523210.mockFlowFile,23B] to original
[main] DEBUG org.apache.nifi.processors.standard.RouteText - RouteText[id=88577823-16f9-4de2-ba04-780edacb1bd8] Adding new dynamic property: PropertyDescriptor[simple]
[pool-2701-thread-1] INFO org.apache.nifi.processors.standard.RouteText - RouteText[id=88577823-16f9-4de2-ba04-780edacb1bd8] Created FlowFile[759,97609391034492.mockFlowFile,23B] from FlowFile[758,97609391034492.mockFlowFile,23B]; routing to relationship simple
[pool-2701-thread-1] INFO org.apache.nifi.processors.standard.RouteText - RouteText[id=88577823-16f9-4de2-ba04-780edacb1bd8] Routing FlowFile[758,97609391034492.mockFlowFile,23B] to original
[main] DEBUG org.apache.nifi.processors.standard.RouteText - RouteText[id=88577823-16f9-4de2-ba04-780edacb1bd8] Adding new dynamic property: PropertyDescriptor[simple]
[pool-2702-thread-1] INFO org.apache.nifi.processors.standard.RouteText - RouteText[id=88577823-16f9-4de2-ba04-780edacb1bd8] Created FlowFile[761,97609391551689.mockFlowFile,23B] from FlowFile[760,97609391551689.mockFlowFile,23B]; routing to relationship simple
[pool-2702-thread-1] INFO org.apache.nifi.processors.standard.RouteText - RouteText[id=88577823-16f9-4de2-ba04-780edacb1bd8] Routing FlowFile[760,97609391551689.mockFlowFile,23B] to original
[main] DEBUG org.apache.nifi.processors.standard.RouteText - RouteText[id=88577823-16f9-4de2-ba04-780edacb1bd8] Adding new dynamic property: PropertyDescriptor[simple]
[pool-2703-thread-1] INFO org.apache.nifi.processors.standard.RouteText - RouteText[id=88577823-16f9-4de2-ba04-780edacb1bd8] Created FlowFile[763,97609392162952.mockFlowFile,23B] from FlowFile[762,97609392162952.mockFlowFile,23B]; routing to relationship simple
[pool-2703-thread-1] INFO org.apache.nifi.processors.standard.RouteText - RouteText[id=88577823-16f9-4de2-ba04-780edacb1bd8] Routing FlowFile[762,97609392162952.mockFlowFile,23B] to original
[main] DEBUG org.apache.nifi.processors.standard.RouteText - RouteText[id=88577823-16f9-4de2-ba04-780edacb1bd8] Adding new dynamic property: PropertyDescriptor[simple]
[pool-2704-thread-1] INFO org.apache.nifi.processors.standard.RouteText - RouteText[id=88577823-16f9-4de2-ba04-780edacb1bd8] Created FlowFile[765,97609392729504.mockFlowFile,23B] from FlowFile[764,97609392729504.mockFlowFile,23B]; routing to relationship simple
[pool-2704-thread-1] INFO org.apache.nifi.processors.standard.RouteText - RouteText[id=88577823-16f9-4de2-ba04-780edacb1bd8] Routing FlowFile[764,97609392729504.mockFlowFile,23B] to original
[main] DEBUG org.apache.nifi.processors.standard.RouteText - RouteText[id=88577823-16f9-4de2-ba04-780edacb1bd8] Adding new dynamic property: PropertyDescriptor[simple]
[pool-2705-thread-1] INFO org.apache.nifi.processors.standard.RouteText - RouteText[id=88577823-16f9-4de2-ba04-780edacb1bd8] Created FlowFile[767,97609393268812.mockFlowFile,23B] from FlowFile[766,97609393268812.mockFlowFile,23B]; routing to relationship simple
[pool-2705-thread-1] INFO org.apache.nifi.processors.standard.RouteText - RouteText[id=88577823-16f9-4de2-ba04-780edacb1bd8] Routing FlowFile[766,97609393268812.mockFlowFile,23B] to original
[main] DEBUG org.apache.nifi.processors.standard.RouteText - RouteText[id=88577823-16f9-4de2-ba04-780edacb1bd8] Adding new dynamic property: PropertyDescriptor[simple]
[pool-2706-thread-1] INFO org.apache.nifi.processors.standard.RouteText - RouteText[id=88577823-16f9-4de2-ba04-780edacb1bd8] Created FlowFile[769,97609393793016.mockFlowFile,23B] from FlowFile[768,97609393793016.mockFlowFile,23B]; routing to relationship simple
[pool-2706-thread-1] INFO org.apache.nifi.processors.standard.RouteText - RouteText[id=88577823-16f9-4de2-ba04-780edacb1bd8] Routing FlowFile[768,97609393793016.mockFlowFile,23B] to original
[main] DEBUG org.apache.nifi.processors.standard.RouteText - RouteText[id=88577823-16f9-4de2-ba04-780edacb1bd8] Adding new dynamic property: PropertyDescriptor[simple]
[pool-2707-thread-1] INFO org.apache.nifi.processors.standard.RouteText - RouteText[id=88577823-16f9-4de2-ba04-780edacb1bd8] Created FlowFile[771,97609394432870.mockFlowFile,23B] from FlowFile[770,97609394432870.mockFlowFile,23B]; routing to relationship simple
[pool-2707-thread-1] INFO org.apache.nifi.processors.standard.RouteText - RouteText[id=88577823-16f9-4de2-ba04-780edacb1bd8] Routing FlowFile[770,97609394432870.mockFlowFile,23B] to original
[main] DEBUG org.apache.nifi.processors.standard.RouteText - RouteText[id=88577823-16f9-4de2-ba04-780edacb1bd8] Adding new dynamic property: PropertyDescriptor[simple]
[pool-2708-thread-1] INFO org.apache.nifi.processors.standard.RouteText - RouteText[id=88577823-16f9-4de2-ba04-780edacb1bd8] Created FlowFile[773,97609394994000.mockFlowFile,23B] from FlowFile[772,97609394994000.mockFlowFile,23B]; routing to relationship simple
[pool-2708-thread-1] INFO org.apache.nifi.processors.standard.RouteText - RouteText[id=88577823-16f9-4de2-ba04-780edacb1bd8] Routing FlowFile[772,97609394994000.mockFlowFile,23B] to original
[main] DEBUG org.apache.nifi.processors.standard.RouteText - RouteText[id=88577823-16f9-4de2-ba04-780edacb1bd8] Adding new dynamic property: PropertyDescriptor[simple]
[pool-2709-thread-1] INFO org.apache.nifi.processors.standard.RouteText - RouteText[id=88577823-16f9-4de2-ba04-780edacb1bd8] Created FlowFile[775,97609395575396.mockFlowFile,23B] from FlowFile[774,97609395575396.mockFlowFile,23B]; routing to relationship simple
[pool-2709-thread-1] INFO org.apache.nifi.processors.standard.RouteText - RouteText[id=88577823-16f9-4de2-ba04-780edacb1bd8] Routing FlowFile[774,97609395575396.mockFlowFile,23B] to original
[main] DEBUG org.apache.nifi.processors.standard.RouteText - RouteText[id=88577823-16f9-4de2-ba04-780edacb1bd8] Adding new dynamic property: PropertyDescriptor[simple]
[pool-2710-thread-1] INFO org.apache.nifi.processors.standard.RouteText - RouteText[id=88577823-16f9-4de2-ba04-780edacb1bd8] Created FlowFile[777,97609396148906.mockFlowFile,23B] from FlowFile[776,97609396148906.mockFlowFile,23B]; routing to relationship simple
[pool-2710-thread-1] INFO org.apache.nifi.processors.standard.RouteText - RouteText[id=88577823-16f9-4de2-ba04-780edacb1bd8] Routing FlowFile[776,97609396148906.mockFlowFile,23B] to original
[main] DEBUG org.apache.nifi.processors.standard.RouteText - RouteText[id=88577823-16f9-4de2-ba04-780edacb1bd8] Adding new dynamic property: PropertyDescriptor[simple]
[pool-2711-thread-1] INFO org.apache.nifi.processors.standard.RouteText - RouteText[id=88577823-16f9-4de2-ba04-780edacb1bd8] Created FlowFile[779,97609396851925.mockFlowFile,23B] from FlowFile[778,97609396851925.mockFlowFile,23B]; routing to relationship simple
[pool-2711-thread-1] INFO org.apache.nifi.processors.standard.RouteText - RouteText[id=88577823-16f9-4de2-ba04-780edacb1bd8] Routing FlowFile[778,97609396851925.mockFlowFile,23B] to original
[main] DEBUG org.apache.nifi.processors.standard.RouteText - RouteText[id=88577823-16f9-4de2-ba04-780edacb1bd8] Adding new dynamic property: PropertyDescriptor[simple]
[pool-2712-thread-1] INFO org.apache.nifi.processors.standard.RouteText - RouteText[id=88577823-16f9-4de2-ba04-780edacb1bd8] Created FlowFile[781,97609397443870.mockFlowFile,23B] from FlowFile[780,97609397443870.mockFlowFile,23B]; routing to relationship simple
[pool-2712-thread-1] INFO org.apache.nifi.processors.standard.RouteText - RouteText[id=88577823-16f9-4de2-ba04-780edacb1bd8] Routing FlowFile[780,97609397443870.mockFlowFile,23B] to original
[main] DEBUG org.apache.nifi.processors.standard.RouteText - RouteText[id=88577823-16f9-4de2-ba04-780edacb1bd8] Adding new dynamic property: PropertyDescriptor[simple]
[pool-2713-thread-1] INFO org.apache.nifi.processors.standard.RouteText - RouteText[id=88577823-16f9-4de2-ba04-780edacb1bd8] Created FlowFile[783,97609398101256.mockFlowFile,23B] from FlowFile[782,97609398101256.mockFlowFile,23B]; routing to relationship simple
[pool-2713-thread-1] INFO org.apache.nifi.processors.standard.RouteText - RouteText[id=88577823-16f9-4de2-ba04-780edacb1bd8] Routing FlowFile[782,97609398101256.mockFlowFile,23B] to original
[main] DEBUG org.apache.nifi.processors.standard.RouteText - RouteText[id=88577823-16f9-4de2-ba04-780edacb1bd8] Adding new dynamic property: PropertyDescriptor[simple]
[pool-2714-thread-1] INFO org.apache.nifi.processors.standard.RouteText - RouteText[id=88577823-16f9-4de2-ba04-780edacb1bd8] Created FlowFile[785,97609398676511.mockFlowFile,23B] from FlowFile[784,97609398676511.mockFlowFile,23B]; routing to relationship simple
[pool-2714-thread-1] INFO org.apache.nifi.processors.standard.RouteText - RouteText[id=88577823-16f9-4de2-ba04-780edacb1bd8] Routing FlowFile[784,97609398676511.mockFlowFile,23B] to original
[main] DEBUG org.apache.nifi.processors.standard.RouteText - RouteText[id=88577823-16f9-4de2-ba04-780edacb1bd8] Adding new dynamic property: PropertyDescriptor[simple]
[pool-2715-thread-1] INFO org.apache.nifi.processors.standard.RouteText - RouteText[id=88577823-16f9-4de2-ba04-780edacb1bd8] Created FlowFile[787,97609399227952.mockFlowFile,23B] from FlowFile[786,97609399227952.mockFlowFile,23B]; routing to relationship simple
[pool-2715-thread-1] INFO org.apache.nifi.processors.standard.RouteText - RouteText[id=88577823-16f9-4de2-ba04-780edacb1bd8] Routing FlowFile[786,97609399227952.mockFlowFile,23B] to original
[main] DEBUG org.apache.nifi.processors.standard.RouteText - RouteText[id=88577823-16f9-4de2-ba04-780edacb1bd8] Adding new dynamic property: PropertyDescriptor[simple]
[pool-2716-thread-1] INFO org.apache.nifi.processors.standard.RouteText - RouteText[id=88577823-16f9-4de2-ba04-780edacb1bd8] Created FlowFile[789,97609399738171.mockFlowFile,23B] from FlowFile[788,97609399738171.mockFlowFile,23B]; routing to relationship simple
[pool-2716-thread-1] INFO org.apache.nifi.processors.standard.RouteText - RouteText[id=88577823-16f9-4de2-ba04-780edacb1bd8] Routing FlowFile[788,97609399738171.mockFlowFile,23B] to original
[main] DEBUG org.apache.nifi.processors.standard.RouteText - RouteText[id=88577823-16f9-4de2-ba04-780edacb1bd8] Adding new dynamic property: PropertyDescriptor[simple]
[pool-2717-thread-1] INFO org.apache.nifi.processors.standard.RouteText - RouteText[id=88577823-16f9-4de2-ba04-780edacb1bd8] Created FlowFile[791,97609400250291.mockFlowFile,23B] from FlowFile[790,97609400250291.mockFlowFile,23B]; routing to relationship simple
[pool-2717-thread-1] INFO org.apache.nifi.processors.standard.RouteText - RouteText[id=88577823-16f9-4de2-ba04-780edacb1bd8] Routing FlowFile[790,97609400250291.mockFlowFile,23B] to original
[main] DEBUG org.apache.nifi.processors.standard.RouteText - RouteText[id=88577823-16f9-4de2-ba04-780edacb1bd8] Adding new dynamic property: PropertyDescriptor[simple]
[pool-2718-thread-1] INFO org.apache.nifi.processors.standard.RouteText - RouteText[id=88577823-16f9-4de2-ba04-780edacb1bd8] Created FlowFile[793,97609400947031.mockFlowFile,23B] from FlowFile[792,97609400947031.mockFlowFile,23B]; routing to relationship simple
[pool-2718-thread-1] INFO org.apache.nifi.processors.standard.RouteText - RouteText[id=88577823-16f9-4de2-ba04-780edacb1bd8] Routing FlowFile[792,97609400947031.mockFlowFile,23B] to original
[main] DEBUG org.apache.nifi.processors.standard.RouteText - RouteText[id=88577823-16f9-4de2-ba04-780edacb1bd8] Adding new dynamic property: PropertyDescriptor[simple]
[pool-2719-thread-1] INFO org.apache.nifi.processors.standard.RouteText - RouteText[id=88577823-16f9-4de2-ba04-780edacb1bd8] Created FlowFile[795,97609401496700.mockFlowFile,23B] from FlowFile[794,97609401496700.mockFlowFile,23B]; routing to relationship simple
[pool-2719-thread-1] INFO org.apache.nifi.processors.standard.RouteText - RouteText[id=88577823-16f9-4de2-ba04-780edacb1bd8] Routing FlowFile[794,97609401496700.mockFlowFile,23B] to original
[main] DEBUG org.apache.nifi.processors.standard.RouteText - RouteText[id=88577823-16f9-4de2-ba04-780edacb1bd8] Adding new dynamic property: PropertyDescriptor[simple]
[pool-2720-thread-1] INFO org.apache.nifi.processors.standard.RouteText - RouteText[id=88577823-16f9-4de2-ba04-780edacb1bd8] Created FlowFile[797,97609402006668.mockFlowFile,23B] from FlowFile[796,97609402006668.mockFlowFile,23B]; routing to relationship simple
[pool-2720-thread-1] INFO org.apache.nifi.processors.standard.RouteText - RouteText[id=88577823-16f9-4de2-ba04-780edacb1bd8] Routing FlowFile[796,97609402006668.mockFlowFile,23B] to original
[main] DEBUG org.apache.nifi.processors.standard.RouteText - RouteText[id=88577823-16f9-4de2-ba04-780edacb1bd8] Adding new dynamic property: PropertyDescriptor[simple]
[pool-2721-thread-1] INFO org.apache.nifi.processors.standard.RouteText - RouteText[id=88577823-16f9-4de2-ba04-780edacb1bd8] Created FlowFile[799,97609402505848.mockFlowFile,23B] from FlowFile[798,97609402505848.mockFlowFile,23B]; routing to relationship simple
[pool-2721-thread-1] INFO org.apache.nifi.processors.standard.RouteText - RouteText[id=88577823-16f9-4de2-ba04-780edacb1bd8] Routing FlowFile[798,97609402505848.mockFlowFile,23B] to original
[main] DEBUG org.apache.nifi.processors.standard.RouteText - RouteText[id=88577823-16f9-4de2-ba04-780edacb1bd8] Adding new dynamic property: PropertyDescriptor[simple]
[pool-2722-thread-1] INFO org.apache.nifi.processors.standard.RouteText - RouteText[id=88577823-16f9-4de2-ba04-780edacb1bd8] Created FlowFile[801,97609402986231.mockFlowFile,23B] from FlowFile[800,97609402986231.mockFlowFile,23B]; routing to relationship simple
[pool-2722-thread-1] INFO org.apache.nifi.processors.standard.RouteText - RouteText[id=88577823-16f9-4de2-ba04-780edacb1bd8] Routing FlowFile[800,97609402986231.mockFlowFile,23B] to original
[main] DEBUG org.apache.nifi.processors.standard.RouteText - RouteText[id=88577823-16f9-4de2-ba04-780edacb1bd8] Adding new dynamic property: PropertyDescriptor[simple]
[pool-2723-thread-1] INFO org.apache.nifi.processors.standard.RouteText - RouteText[id=88577823-16f9-4de2-ba04-780edacb1bd8] Created FlowFile[803,97609403540411.mockFlowFile,23B] from FlowFile[802,97609403540411.mockFlowFile,23B]; routing to relationship simple
[pool-2723-thread-1] INFO org.apache.nifi.processors.standard.RouteText - RouteText[id=88577823-16f9-4de2-ba04-780edacb1bd8] Routing FlowFile[802,97609403540411.mockFlowFile,23B] to original
[main] DEBUG org.apache.nifi.processors.standard.RouteText - RouteText[id=88577823-16f9-4de2-ba04-780edacb1bd8] Adding new dynamic property: PropertyDescriptor[simple]
[pool-2724-thread-1] INFO org.apache.nifi.processors.standard.RouteText - RouteText[id=88577823-16f9-4de2-ba04-780edacb1bd8] Created FlowFile[805,97609404053435.mockFlowFile,23B] from FlowFile[804,97609404053435.mockFlowFile,23B]; routing to relationship simple
[pool-2724-thread-1] INFO org.apache.nifi.processors.standard.RouteText - RouteText[id=88577823-16f9-4de2-ba04-780edacb1bd8] Routing FlowFile[804,97609404053435.mockFlowFile,23B] to original
[main] DEBUG org.apache.nifi.processors.standard.RouteText - RouteText[id=88577823-16f9-4de2-ba04-780edacb1bd8] Adding new dynamic property: PropertyDescriptor[simple]
[pool-2725-thread-1] INFO org.apache.nifi.processors.standard.RouteText - RouteText[id=88577823-16f9-4de2-ba04-780edacb1bd8] Created FlowFile[807,97609404569815.mockFlowFile,23B] from FlowFile[806,97609404569815.mockFlowFile,23B]; routing to relationship simple
[pool-2725-thread-1] INFO org.apache.nifi.processors.standard.RouteText - RouteText[id=88577823-16f9-4de2-ba04-780edacb1bd8] Routing FlowFile[806,97609404569815.mockFlowFile,23B] to original
[main] DEBUG org.apache.nifi.processors.standard.RouteText - RouteText[id=88577823-16f9-4de2-ba04-780edacb1bd8] Adding new dynamic property: PropertyDescriptor[simple]
[pool-2726-thread-1] INFO org.apache.nifi.processors.standard.RouteText - RouteText[id=88577823-16f9-4de2-ba04-780edacb1bd8] Created FlowFile[809,97609405099209.mockFlowFile,23B] from FlowFile[808,97609405099209.mockFlowFile,23B]; routing to relationship simple
[pool-2726-thread-1] INFO org.apache.nifi.processors.standard.RouteText - RouteText[id=88577823-16f9-4de2-ba04-780edacb1bd8] Routing FlowFile[808,97609405099209.mockFlowFile,23B] to original
[main] DEBUG org.apache.nifi.processors.standard.RouteText - RouteText[id=88577823-16f9-4de2-ba04-780edacb1bd8] Adding new dynamic property: PropertyDescriptor[simple]
[pool-2727-thread-1] INFO org.apache.nifi.processors.standard.RouteText - RouteText[id=88577823-16f9-4de2-ba04-780edacb1bd8] Created FlowFile[811,97609405611391.mockFlowFile,23B] from FlowFile[810,97609405611391.mockFlowFile,23B]; routing to relationship simple
[pool-2727-thread-1] INFO org.apache.nifi.processors.standard.RouteText - RouteText[id=88577823-16f9-4de2-ba04-780edacb1bd8] Routing FlowFile[810,97609405611391.mockFlowFile,23B] to original
[main] DEBUG org.apache.nifi.processors.standard.RouteText - RouteText[id=88577823-16f9-4de2-ba04-780edacb1bd8] Adding new dynamic property: PropertyDescriptor[simple]
[pool-2728-thread-1] INFO org.apache.nifi.processors.standard.RouteText - RouteText[id=88577823-16f9-4de2-ba04-780edacb1bd8] Created FlowFile[813,97609406168559.mockFlowFile,23B] from FlowFile[812,97609406168559.mockFlowFile,23B]; routing to relationship simple
[pool-2728-thread-1] INFO org.apache.nifi.processors.standard.RouteText - RouteText[id=88577823-16f9-4de2-ba04-780edacb1bd8] Routing FlowFile[812,97609406168559.mockFlowFile,23B] to original
[main] DEBUG org.apache.nifi.processors.standard.RouteText - RouteText[id=88577823-16f9-4de2-ba04-780edacb1bd8] Adding new dynamic property: PropertyDescriptor[simple]
[pool-2729-thread-1] INFO org.apache.nifi.processors.standard.RouteText - RouteText[id=88577823-16f9-4de2-ba04-780edacb1bd8] Created FlowFile[815,97609406809839.mockFlowFile,23B] from FlowFile[814,97609406809839.mockFlowFile,23B]; routing to relationship simple
[pool-2729-thread-1] INFO org.apache.nifi.processors.standard.RouteText - RouteText[id=88577823-16f9-4de2-ba04-780edacb1bd8] Routing FlowFile[814,97609406809839.mockFlowFile,23B] to original
[main] DEBUG org.apache.nifi.processors.standard.RouteText - RouteText[id=88577823-16f9-4de2-ba04-780edacb1bd8] Adding new dynamic property: PropertyDescriptor[simple]
[pool-2730-thread-1] INFO org.apache.nifi.processors.standard.RouteText - RouteText[id=88577823-16f9-4de2-ba04-780edacb1bd8] Created FlowFile[817,97609407331180.mockFlowFile,23B] from FlowFile[816,97609407331180.mockFlowFile,23B]; routing to relationship simple
[pool-2730-thread-1] INFO org.apache.nifi.processors.standard.RouteText - RouteText[id=88577823-16f9-4de2-ba04-780edacb1bd8] Routing FlowFile[816,97609407331180.mockFlowFile,23B] to original
[main] DEBUG org.apache.nifi.processors.standard.RouteText - RouteText[id=88577823-16f9-4de2-ba04-780edacb1bd8] Adding new dynamic property: PropertyDescriptor[simple]
[pool-2731-thread-1] INFO org.apache.nifi.processors.standard.RouteText - RouteText[id=88577823-16f9-4de2-ba04-780edacb1bd8] Created FlowFile[819,97609407958206.mockFlowFile,23B] from FlowFile[818,97609407958206.mockFlowFile,23B]; routing to relationship simple
[pool-2731-thread-1] INFO org.apache.nifi.processors.standard.RouteText - RouteText[id=88577823-16f9-4de2-ba04-780edacb1bd8] Routing FlowFile[818,97609407958206.mockFlowFile,23B] to original
[main] DEBUG org.apache.nifi.processors.standard.RouteText - RouteText[id=88577823-16f9-4de2-ba04-780edacb1bd8] Adding new dynamic property: PropertyDescriptor[simple]
[pool-2732-thread-1] INFO org.apache.nifi.processors.standard.RouteText - RouteText[id=88577823-16f9-4de2-ba04-780edacb1bd8] Created FlowFile[821,97609408517921.mockFlowFile,23B] from FlowFile[820,97609408517921.mockFlowFile,23B]; routing to relationship simple
[pool-2732-thread-1] INFO org.apache.nifi.processors.standard.RouteText - RouteText[id=88577823-16f9-4de2-ba04-780edacb1bd8] Routing FlowFile[820,97609408517921.mockFlowFile,23B] to original
[main] DEBUG org.apache.nifi.processors.standard.RouteText - RouteText[id=88577823-16f9-4de2-ba04-780edacb1bd8] Adding new dynamic property: PropertyDescriptor[simple]
[pool-2733-thread-1] INFO org.apache.nifi.processors.standard.RouteText - RouteText[id=88577823-16f9-4de2-ba04-780edacb1bd8] Created FlowFile[823,97609409041201.mockFlowFile,23B] from FlowFile[822,97609409041201.mockFlowFile,23B]; routing to relationship simple
[pool-2733-thread-1] INFO org.apache.nifi.processors.standard.RouteText - RouteText[id=88577823-16f9-4de2-ba04-780edacb1bd8] Routing FlowFile[822,97609409041201.mockFlowFile,23B] to original
[main] DEBUG org.apache.nifi.processors.standard.RouteText - RouteText[id=88577823-16f9-4de2-ba04-780edacb1bd8] Adding new dynamic property: PropertyDescriptor[simple]
[pool-2734-thread-1] INFO org.apache.nifi.processors.standard.RouteText - RouteText[id=88577823-16f9-4de2-ba04-780edacb1bd8] Created FlowFile[825,97609409549549.mockFlowFile,23B] from FlowFile[824,97609409549549.mockFlowFile,23B]; routing to relationship simple
[pool-2734-thread-1] INFO org.apache.nifi.processors.standard.RouteText - RouteText[id=88577823-16f9-4de2-ba04-780edacb1bd8] Routing FlowFile[824,97609409549549.mockFlowFile,23B] to original
[main] DEBUG org.apache.nifi.processors.standard.RouteText - RouteText[id=88577823-16f9-4de2-ba04-780edacb1bd8] Adding new dynamic property: PropertyDescriptor[simple]
[pool-2735-thread-1] INFO org.apache.nifi.processors.standard.RouteText - RouteText[id=88577823-16f9-4de2-ba04-780edacb1bd8] Created FlowFile[827,97609410207518.mockFlowFile,23B] from FlowFile[826,97609410207518.mockFlowFile,23B]; routing to relationship simple
[pool-2735-thread-1] INFO org.apache.nifi.processors.standard.RouteText - RouteText[id=88577823-16f9-4de2-ba04-780edacb1bd8] Routing FlowFile[826,97609410207518.mockFlowFile,23B] to original
[main] DEBUG org.apache.nifi.processors.standard.RouteText - RouteText[id=88577823-16f9-4de2-ba04-780edacb1bd8] Adding new dynamic property: PropertyDescriptor[simple]
[pool-2736-thread-1] INFO org.apache.nifi.processors.standard.RouteText - RouteText[id=88577823-16f9-4de2-ba04-780edacb1bd8] Created FlowFile[829,97609410702506.mockFlowFile,23B] from FlowFile[828,97609410702506.mockFlowFile,23B]; routing to relationship simple
[pool-2736-thread-1] INFO org.apache.nifi.processors.standard.RouteText - RouteText[id=88577823-16f9-4de2-ba04-780edacb1bd8] Routing FlowFile[828,97609410702506.mockFlowFile,23B] to original
[main] DEBUG org.apache.nifi.processors.standard.RouteText - RouteText[id=88577823-16f9-4de2-ba04-780edacb1bd8] Adding new dynamic property: PropertyDescriptor[simple]
[pool-2737-thread-1] INFO org.apache.nifi.processors.standard.RouteText - RouteText[id=88577823-16f9-4de2-ba04-780edacb1bd8] Created FlowFile[831,97609411184940.mockFlowFile,23B] from FlowFile[830,97609411184940.mockFlowFile,23B]; routing to relationship simple
[pool-2737-thread-1] INFO org.apache.nifi.processors.standard.RouteText - RouteText[id=88577823-16f9-4de2-ba04-780edacb1bd8] Routing FlowFile[830,97609411184940.mockFlowFile,23B] to original
[main] DEBUG org.apache.nifi.processors.standard.RouteText - RouteText[id=88577823-16f9-4de2-ba04-780edacb1bd8] Adding new dynamic property: PropertyDescriptor[simple]
[pool-2738-thread-1] INFO org.apache.nifi.processors.standard.RouteText - RouteText[id=88577823-16f9-4de2-ba04-780edacb1bd8] Created FlowFile[833,97609411690120.mockFlowFile,23B] from FlowFile[832,97609411690120.mockFlowFile,23B]; routing to relationship simple
[pool-2738-thread-1] INFO org.apache.nifi.processors.standard.RouteText - RouteText[id=88577823-16f9-4de2-ba04-780edacb1bd8] Routing FlowFile[832,97609411690120.mockFlowFile,23B] to original
[main] DEBUG org.apache.nifi.processors.standard.RouteText - RouteText[id=88577823-16f9-4de2-ba04-780edacb1bd8] Adding new dynamic property: PropertyDescriptor[simple]
[pool-2739-thread-1] INFO org.apache.nifi.processors.standard.RouteText - RouteText[id=88577823-16f9-4de2-ba04-780edacb1bd8] Created FlowFile[835,97609412301236.mockFlowFile,23B] from FlowFile[834,97609412301236.mockFlowFile,23B]; routing to relationship simple
[pool-2739-thread-1] INFO org.apache.nifi.processors.standard.RouteText - RouteText[id=88577823-16f9-4de2-ba04-780edacb1bd8] Routing FlowFile[834,97609412301236.mockFlowFile,23B] to original
[main] DEBUG org.apache.nifi.processors.standard.RouteText - RouteText[id=88577823-16f9-4de2-ba04-780edacb1bd8] Adding new dynamic property: PropertyDescriptor[simple]
[pool-2740-thread-1] INFO org.apache.nifi.processors.standard.RouteText - RouteText[id=88577823-16f9-4de2-ba04-780edacb1bd8] Created FlowFile[837,97609412812574.mockFlowFile,23B] from FlowFile[836,97609412812574.mockFlowFile,23B]; routing to relationship simple
[pool-2740-thread-1] INFO org.apache.nifi.processors.standard.RouteText - RouteText[id=88577823-16f9-4de2-ba04-780edacb1bd8] Routing FlowFile[836,97609412812574.mockFlowFile,23B] to original
[main] DEBUG org.apache.nifi.processors.standard.RouteText - RouteText[id=88577823-16f9-4de2-ba04-780edacb1bd8] Adding new dynamic property: PropertyDescriptor[simple]
[pool-2741-thread-1] INFO org.apache.nifi.processors.standard.RouteText - RouteText[id=88577823-16f9-4de2-ba04-780edacb1bd8] Created FlowFile[839,97609413363466.mockFlowFile,23B] from FlowFile[838,97609413363466.mockFlowFile,23B]; routing to relationship simple
[pool-2741-thread-1] INFO org.apache.nifi.processors.standard.RouteText - RouteText[id=88577823-16f9-4de2-ba04-780edacb1bd8] Routing FlowFile[838,97609413363466.mockFlowFile,23B] to original
[main] DEBUG org.apache.nifi.processors.standard.RouteText - RouteText[id=88577823-16f9-4de2-ba04-780edacb1bd8] Adding new dynamic property: PropertyDescriptor[simple]
[pool-2742-thread-1] INFO org.apache.nifi.processors.standard.RouteText - RouteText[id=88577823-16f9-4de2-ba04-780edacb1bd8] Created FlowFile[841,97609413906460.mockFlowFile,23B] from FlowFile[840,97609413906460.mockFlowFile,23B]; routing to relationship simple
[pool-2742-thread-1] INFO org.apache.nifi.processors.standard.RouteText - RouteText[id=88577823-16f9-4de2-ba04-780edacb1bd8] Routing FlowFile[840,97609413906460.mockFlowFile,23B] to original
[main] DEBUG org.apache.nifi.processors.standard.RouteText - RouteText[id=88577823-16f9-4de2-ba04-780edacb1bd8] Adding new dynamic property: PropertyDescriptor[simple]
[pool-2743-thread-1] INFO org.apache.nifi.processors.standard.RouteText - RouteText[id=88577823-16f9-4de2-ba04-780edacb1bd8] Created FlowFile[843,97609414460623.mockFlowFile,23B] from FlowFile[842,97609414460623.mockFlowFile,23B]; routing to relationship simple
[pool-2743-thread-1] INFO org.apache.nifi.processors.standard.RouteText - RouteText[id=88577823-16f9-4de2-ba04-780edacb1bd8] Routing FlowFile[842,97609414460623.mockFlowFile,23B] to original
[main] DEBUG org.apache.nifi.processors.standard.RouteText - RouteText[id=88577823-16f9-4de2-ba04-780edacb1bd8] Adding new dynamic property: PropertyDescriptor[simple]
[pool-2744-thread-1] INFO org.apache.nifi.processors.standard.RouteText - RouteText[id=88577823-16f9-4de2-ba04-780edacb1bd8] Created FlowFile[845,97609414985485.mockFlowFile,23B] from FlowFile[844,97609414985485.mockFlowFile,23B]; routing to relationship simple
[pool-2744-thread-1] INFO org.apache.nifi.processors.standard.RouteText - RouteText[id=88577823-16f9-4de2-ba04-780edacb1bd8] Routing FlowFile[844,97609414985485.mockFlowFile,23B] to original
[main] DEBUG org.apache.nifi.processors.standard.RouteText - RouteText[id=88577823-16f9-4de2-ba04-780edacb1bd8] Adding new dynamic property: PropertyDescriptor[simple]
[pool-2745-thread-1] INFO org.apache.nifi.processors.standard.RouteText - RouteText[id=88577823-16f9-4de2-ba04-780edacb1bd8] Created FlowFile[847,97609415488947.mockFlowFile,23B] from FlowFile[846,97609415488947.mockFlowFile,23B]; routing to relationship simple
[pool-2745-thread-1] INFO org.apache.nifi.processors.standard.RouteText - RouteText[id=88577823-16f9-4de2-ba04-780edacb1bd8] Routing FlowFile[846,97609415488947.mockFlowFile,23B] to original
[main] DEBUG org.apache.nifi.processors.standard.RouteText - RouteText[id=88577823-16f9-4de2-ba04-780edacb1bd8] Adding new dynamic property: PropertyDescriptor[simple]
[pool-2746-thread-1] INFO org.apache.nifi.processors.standard.RouteText - RouteText[id=88577823-16f9-4de2-ba04-780edacb1bd8] Created FlowFile[849,97609415995073.mockFlowFile,23B] from FlowFile[848,97609415995073.mockFlowFile,23B]; routing to relationship simple
[pool-2746-thread-1] INFO org.apache.nifi.processors.standard.RouteText - RouteText[id=88577823-16f9-4de2-ba04-780edacb1bd8] Routing FlowFile[848,97609415995073.mockFlowFile,23B] to original
[main] DEBUG org.apache.nifi.processors.standard.RouteText - RouteText[id=88577823-16f9-4de2-ba04-780edacb1bd8] Adding new dynamic property: PropertyDescriptor[simple]
[pool-2747-thread-1] INFO org.apache.nifi.processors.standard.RouteText - RouteText[id=88577823-16f9-4de2-ba04-780edacb1bd8] Created FlowFile[851,97609416577210.mockFlowFile,23B] from FlowFile[850,97609416577210.mockFlowFile,23B]; routing to relationship simple
[pool-2747-thread-1] INFO org.apache.nifi.processors.standard.RouteText - RouteText[id=88577823-16f9-4de2-ba04-780edacb1bd8] Routing FlowFile[850,97609416577210.mockFlowFile,23B] to original
[main] DEBUG org.apache.nifi.processors.standard.RouteText - RouteText[id=88577823-16f9-4de2-ba04-780edacb1bd8] Adding new dynamic property: PropertyDescriptor[simple]
[pool-2748-thread-1] INFO org.apache.nifi.processors.standard.RouteText - RouteText[id=88577823-16f9-4de2-ba04-780edacb1bd8] Created FlowFile[853,97609417098617.mockFlowFile,23B] from FlowFile[852,97609417098617.mockFlowFile,23B]; routing to relationship simple
[pool-2748-thread-1] INFO org.apache.nifi.processors.standard.RouteText - RouteText[id=88577823-16f9-4de2-ba04-780edacb1bd8] Routing FlowFile[852,97609417098617.mockFlowFile,23B] to original
[main] DEBUG org.apache.nifi.processors.standard.RouteText - RouteText[id=88577823-16f9-4de2-ba04-780edacb1bd8] Adding new dynamic property: PropertyDescriptor[simple]
[pool-2749-thread-1] INFO org.apache.nifi.processors.standard.RouteText - RouteText[id=88577823-16f9-4de2-ba04-780edacb1bd8] Created FlowFile[855,97609417610150.mockFlowFile,23B] from FlowFile[854,97609417610150.mockFlowFile,23B]; routing to relationship simple
[pool-2749-thread-1] INFO org.apache.nifi.processors.standard.RouteText - RouteText[id=88577823-16f9-4de2-ba04-780edacb1bd8] Routing FlowFile[854,97609417610150.mockFlowFile,23B] to original
[main] DEBUG org.apache.nifi.processors.standard.RouteText - RouteText[id=88577823-16f9-4de2-ba04-780edacb1bd8] Adding new dynamic property: PropertyDescriptor[simple]
[pool-2750-thread-1] INFO org.apache.nifi.processors.standard.RouteText - RouteText[id=88577823-16f9-4de2-ba04-780edacb1bd8] Created FlowFile[857,97609418108847.mockFlowFile,23B] from FlowFile[856,97609418108847.mockFlowFile,23B]; routing to relationship simple
[pool-2750-thread-1] INFO org.apache.nifi.processors.standard.RouteText - RouteText[id=88577823-16f9-4de2-ba04-780edacb1bd8] Routing FlowFile[856,97609418108847.mockFlowFile,23B] to original
[main] DEBUG org.apache.nifi.processors.standard.RouteText - RouteText[id=88577823-16f9-4de2-ba04-780edacb1bd8] Adding new dynamic property: PropertyDescriptor[simple]
[pool-2751-thread-1] INFO org.apache.nifi.processors.standard.RouteText - RouteText[id=88577823-16f9-4de2-ba04-780edacb1bd8] Created FlowFile[859,97609418606996.mockFlowFile,23B] from FlowFile[858,97609418606996.mockFlowFile,23B]; routing to relationship simple
[pool-2751-thread-1] INFO org.apache.nifi.processors.standard.RouteText - RouteText[id=88577823-16f9-4de2-ba04-780edacb1bd8] Routing FlowFile[858,97609418606996.mockFlowFile,23B] to original
[main] DEBUG org.apache.nifi.processors.standard.RouteText - RouteText[id=88577823-16f9-4de2-ba04-780edacb1bd8] Adding new dynamic property: PropertyDescriptor[simple]
[pool-2752-thread-1] INFO org.apache.nifi.processors.standard.RouteText - RouteText[id=88577823-16f9-4de2-ba04-780edacb1bd8] Created FlowFile[861,97609419092437.mockFlowFile,23B] from FlowFile[860,97609419092437.mockFlowFile,23B]; routing to relationship simple
[pool-2752-thread-1] INFO org.apache.nifi.processors.standard.RouteText - RouteText[id=88577823-16f9-4de2-ba04-780edacb1bd8] Routing FlowFile[860,97609419092437.mockFlowFile,23B] to original
[main] DEBUG org.apache.nifi.processors.standard.RouteText - RouteText[id=88577823-16f9-4de2-ba04-780edacb1bd8] Adding new dynamic property: PropertyDescriptor[simple]
[pool-2753-thread-1] INFO org.apache.nifi.processors.standard.RouteText - RouteText[id=88577823-16f9-4de2-ba04-780edacb1bd8] Created FlowFile[863,97609419583242.mockFlowFile,23B] from FlowFile[862,97609419583242.mockFlowFile,23B]; routing to relationship simple
[pool-2753-thread-1] INFO org.apache.nifi.processors.standard.RouteText - RouteText[id=88577823-16f9-4de2-ba04-780edacb1bd8] Routing FlowFile[862,97609419583242.mockFlowFile,23B] to original
[main] DEBUG org.apache.nifi.processors.standard.RouteText - RouteText[id=88577823-16f9-4de2-ba04-780edacb1bd8] Adding new dynamic property: PropertyDescriptor[simple]
[pool-2754-thread-1] INFO org.apache.nifi.processors.standard.RouteText - RouteText[id=88577823-16f9-4de2-ba04-780edacb1bd8] Created FlowFile[865,97609420116939.mockFlowFile,23B] from FlowFile[864,97609420116939.mockFlowFile,23B]; routing to relationship simple
[pool-2754-thread-1] INFO org.apache.nifi.processors.standard.RouteText - RouteText[id=88577823-16f9-4de2-ba04-780edacb1bd8] Routing FlowFile[864,97609420116939.mockFlowFile,23B] to original
[main] DEBUG org.apache.nifi.processors.standard.RouteText - RouteText[id=88577823-16f9-4de2-ba04-780edacb1bd8] Adding new dynamic property: PropertyDescriptor[simple]
[pool-2755-thread-1] INFO org.apache.nifi.processors.standard.RouteText - RouteText[id=88577823-16f9-4de2-ba04-780edacb1bd8] Created FlowFile[867,97609420655503.mockFlowFile,23B] from FlowFile[866,97609420655503.mockFlowFile,23B]; routing to relationship simple
[pool-2755-thread-1] INFO org.apache.nifi.processors.standard.RouteText - RouteText[id=88577823-16f9-4de2-ba04-780edacb1bd8] Routing FlowFile[866,97609420655503.mockFlowFile,23B] to original
[main] DEBUG org.apache.nifi.processors.standard.RouteText - RouteText[id=88577823-16f9-4de2-ba04-780edacb1bd8] Adding new dynamic property: PropertyDescriptor[simple]
[pool-2756-thread-1] INFO org.apache.nifi.processors.standard.RouteText - RouteText[id=88577823-16f9-4de2-ba04-780edacb1bd8] Created FlowFile[869,97609421152286.mockFlowFile,23B] from FlowFile[868,97609421152286.mockFlowFile,23B]; routing to relationship simple
[pool-2756-thread-1] INFO org.apache.nifi.processors.standard.RouteText - RouteText[id=88577823-16f9-4de2-ba04-780edacb1bd8] Routing FlowFile[868,97609421152286.mockFlowFile,23B] to original
[main] DEBUG org.apache.nifi.processors.standard.RouteText - RouteText[id=88577823-16f9-4de2-ba04-780edacb1bd8] Adding new dynamic property: PropertyDescriptor[simple]
[pool-2757-thread-1] INFO org.apache.nifi.processors.standard.RouteText - RouteText[id=88577823-16f9-4de2-ba04-780edacb1bd8] Created FlowFile[871,97609421637990.mockFlowFile,23B] from FlowFile[870,97609421637990.mockFlowFile,23B]; routing to relationship simple
[pool-2757-thread-1] INFO org.apache.nifi.processors.standard.RouteText - RouteText[id=88577823-16f9-4de2-ba04-780edacb1bd8] Routing FlowFile[870,97609421637990.mockFlowFile,23B] to original
[main] DEBUG org.apache.nifi.processors.standard.RouteText - RouteText[id=88577823-16f9-4de2-ba04-780edacb1bd8] Adding new dynamic property: PropertyDescriptor[simple]
[pool-2758-thread-1] INFO org.apache.nifi.processors.standard.RouteText - RouteText[id=88577823-16f9-4de2-ba04-780edacb1bd8] Created FlowFile[873,97609422099672.mockFlowFile,23B] from FlowFile[872,97609422099672.mockFlowFile,23B]; routing to relationship simple
[pool-2758-thread-1] INFO org.apache.nifi.processors.standard.RouteText - RouteText[id=88577823-16f9-4de2-ba04-780edacb1bd8] Routing FlowFile[872,97609422099672.mockFlowFile,23B] to original
[main] DEBUG org.apache.nifi.processors.standard.RouteText - RouteText[id=88577823-16f9-4de2-ba04-780edacb1bd8] Adding new dynamic property: PropertyDescriptor[simple]
[pool-2759-thread-1] INFO org.apache.nifi.processors.standard.RouteText - RouteText[id=88577823-16f9-4de2-ba04-780edacb1bd8] Created FlowFile[875,97609422562530.mockFlowFile,23B] from FlowFile[874,97609422562530.mockFlowFile,23B]; routing to relationship simple
[pool-2759-thread-1] INFO org.apache.nifi.processors.standard.RouteText - RouteText[id=88577823-16f9-4de2-ba04-780edacb1bd8] Routing FlowFile[874,97609422562530.mockFlowFile,23B] to original
[main] DEBUG org.apache.nifi.processors.standard.RouteText - RouteText[id=88577823-16f9-4de2-ba04-780edacb1bd8] Adding new dynamic property: PropertyDescriptor[simple]
[pool-2760-thread-1] INFO org.apache.nifi.processors.standard.RouteText - RouteText[id=88577823-16f9-4de2-ba04-780edacb1bd8] Created FlowFile[877,97609423067754.mockFlowFile,23B] from FlowFile[876,97609423067754.mockFlowFile,23B]; routing to relationship simple
[pool-2760-thread-1] INFO org.apache.nifi.processors.standard.RouteText - RouteText[id=88577823-16f9-4de2-ba04-780edacb1bd8] Routing FlowFile[876,97609423067754.mockFlowFile,23B] to original
[main] DEBUG org.apache.nifi.processors.standard.RouteText - RouteText[id=88577823-16f9-4de2-ba04-780edacb1bd8] Adding new dynamic property: PropertyDescriptor[simple]
[pool-2761-thread-1] INFO org.apache.nifi.processors.standard.RouteText - RouteText[id=88577823-16f9-4de2-ba04-780edacb1bd8] Created FlowFile[879,97609454444446.mockFlowFile,23B] from FlowFile[878,97609454444446.mockFlowFile,23B]; routing to relationship simple
[pool-2761-thread-1] INFO org.apache.nifi.processors.standard.RouteText - RouteText[id=88577823-16f9-4de2-ba04-780edacb1bd8] Routing FlowFile[878,97609454444446.mockFlowFile,23B] to original
[main] DEBUG org.apache.nifi.processors.standard.RouteText - RouteText[id=88577823-16f9-4de2-ba04-780edacb1bd8] Adding new dynamic property: PropertyDescriptor[simple]
[pool-2762-thread-1] INFO org.apache.nifi.processors.standard.RouteText - RouteText[id=88577823-16f9-4de2-ba04-780edacb1bd8] Created FlowFile[881,97609455229593.mockFlowFile,23B] from FlowFile[880,97609455229593.mockFlowFile,23B]; routing to relationship simple
[pool-2762-thread-1] INFO org.apache.nifi.processors.standard.RouteText - RouteText[id=88577823-16f9-4de2-ba04-780edacb1bd8] Routing FlowFile[880,97609455229593.mockFlowFile,23B] to original
[main] DEBUG org.apache.nifi.processors.standard.RouteText - RouteText[id=88577823-16f9-4de2-ba04-780edacb1bd8] Adding new dynamic property: PropertyDescriptor[simple]
[pool-2763-thread-1] INFO org.apache.nifi.processors.standard.RouteText - RouteText[id=88577823-16f9-4de2-ba04-780edacb1bd8] Created FlowFile[883,97609455788989.mockFlowFile,23B] from FlowFile[882,97609455788989.mockFlowFile,23B]; routing to relationship simple
[pool-2763-thread-1] INFO org.apache.nifi.processors.standard.RouteText - RouteText[id=88577823-16f9-4de2-ba04-780edacb1bd8] Routing FlowFile[882,97609455788989.mockFlowFile,23B] to original
[main] DEBUG org.apache.nifi.processors.standard.RouteText - RouteText[id=88577823-16f9-4de2-ba04-780edacb1bd8] Adding new dynamic property: PropertyDescriptor[simple]
[pool-2764-thread-1] INFO org.apache.nifi.processors.standard.RouteText - RouteText[id=88577823-16f9-4de2-ba04-780edacb1bd8] Created FlowFile[885,97609456312005.mockFlowFile,23B] from FlowFile[884,97609456312005.mockFlowFile,23B]; routing to relationship simple
[pool-2764-thread-1] INFO org.apache.nifi.processors.standard.RouteText - RouteText[id=88577823-16f9-4de2-ba04-780edacb1bd8] Routing FlowFile[884,97609456312005.mockFlowFile,23B] to original
[main] DEBUG org.apache.nifi.processors.standard.RouteText - RouteText[id=88577823-16f9-4de2-ba04-780edacb1bd8] Adding new dynamic property: PropertyDescriptor[simple]
[pool-2765-thread-1] INFO org.apache.nifi.processors.standard.RouteText - RouteText[id=88577823-16f9-4de2-ba04-780edacb1bd8] Created FlowFile[887,97609456847759.mockFlowFile,23B] from FlowFile[886,97609456847759.mockFlowFile,23B]; routing to relationship simple
[pool-2765-thread-1] INFO org.apache.nifi.processors.standard.RouteText - RouteText[id=88577823-16f9-4de2-ba04-780edacb1bd8] Routing FlowFile[886,97609456847759.mockFlowFile,23B] to original
[main] DEBUG org.apache.nifi.processors.standard.RouteText - RouteText[id=88577823-16f9-4de2-ba04-780edacb1bd8] Adding new dynamic property: PropertyDescriptor[simple]
[pool-2766-thread-1] INFO org.apache.nifi.processors.standard.RouteText - RouteText[id=88577823-16f9-4de2-ba04-780edacb1bd8] Created FlowFile[889,97609457349413.mockFlowFile,23B] from FlowFile[888,97609457349413.mockFlowFile,23B]; routing to relationship simple
[pool-2766-thread-1] INFO org.apache.nifi.processors.standard.RouteText - RouteText[id=88577823-16f9-4de2-ba04-780edacb1bd8] Routing FlowFile[888,97609457349413.mockFlowFile,23B] to original
[main] DEBUG org.apache.nifi.processors.standard.RouteText - RouteText[id=88577823-16f9-4de2-ba04-780edacb1bd8] Adding new dynamic property: PropertyDescriptor[simple]
[pool-2767-thread-1] INFO org.apache.nifi.processors.standard.RouteText - RouteText[id=88577823-16f9-4de2-ba04-780edacb1bd8] Created FlowFile[891,97609457843215.mockFlowFile,23B] from FlowFile[890,97609457843215.mockFlowFile,23B]; routing to relationship simple
[pool-2767-thread-1] INFO org.apache.nifi.processors.standard.RouteText - RouteText[id=88577823-16f9-4de2-ba04-780edacb1bd8] Routing FlowFile[890,97609457843215.mockFlowFile,23B] to original
[main] DEBUG org.apache.nifi.processors.standard.RouteText - RouteText[id=88577823-16f9-4de2-ba04-780edacb1bd8] Adding new dynamic property: PropertyDescriptor[simple]
[pool-2768-thread-1] INFO org.apache.nifi.processors.standard.RouteText - RouteText[id=88577823-16f9-4de2-ba04-780edacb1bd8] Created FlowFile[893,97609458452340.mockFlowFile,23B] from FlowFile[892,97609458452340.mockFlowFile,23B]; routing to relationship simple
[pool-2768-thread-1] INFO org.apache.nifi.processors.standard.RouteText - RouteText[id=88577823-16f9-4de2-ba04-780edacb1bd8] Routing FlowFile[892,97609458452340.mockFlowFile,23B] to original
[main] DEBUG org.apache.nifi.processors.standard.RouteText - RouteText[id=88577823-16f9-4de2-ba04-780edacb1bd8] Adding new dynamic property: PropertyDescriptor[simple]
[pool-2769-thread-1] INFO org.apache.nifi.processors.standard.RouteText - RouteText[id=88577823-16f9-4de2-ba04-780edacb1bd8] Created FlowFile[895,97609459011931.mockFlowFile,23B] from FlowFile[894,97609459011931.mockFlowFile,23B]; routing to relationship simple
[pool-2769-thread-1] INFO org.apache.nifi.processors.standard.RouteText - RouteText[id=88577823-16f9-4de2-ba04-780edacb1bd8] Routing FlowFile[894,97609459011931.mockFlowFile,23B] to original
[main] DEBUG org.apache.nifi.processors.standard.RouteText - RouteText[id=88577823-16f9-4de2-ba04-780edacb1bd8] Adding new dynamic property: PropertyDescriptor[simple]
[pool-2770-thread-1] INFO org.apache.nifi.processors.standard.RouteText - RouteText[id=88577823-16f9-4de2-ba04-780edacb1bd8] Created FlowFile[897,97609459591591.mockFlowFile,23B] from FlowFile[896,97609459591591.mockFlowFile,23B]; routing to relationship simple
[pool-2770-thread-1] INFO org.apache.nifi.processors.standard.RouteText - RouteText[id=88577823-16f9-4de2-ba04-780edacb1bd8] Routing FlowFile[896,97609459591591.mockFlowFile,23B] to original
[main] DEBUG org.apache.nifi.processors.standard.RouteText - RouteText[id=88577823-16f9-4de2-ba04-780edacb1bd8] Adding new dynamic property: PropertyDescriptor[simple]
[pool-2771-thread-1] INFO org.apache.nifi.processors.standard.RouteText - RouteText[id=88577823-16f9-4de2-ba04-780edacb1bd8] Created FlowFile[899,97609460253889.mockFlowFile,23B] from FlowFile[898,97609460253889.mockFlowFile,23B]; routing to relationship simple
[pool-2771-thread-1] INFO org.apache.nifi.processors.standard.RouteText - RouteText[id=88577823-16f9-4de2-ba04-780edacb1bd8] Routing FlowFile[898,97609460253889.mockFlowFile,23B] to original
[main] DEBUG org.apache.nifi.processors.standard.RouteText - RouteText[id=88577823-16f9-4de2-ba04-780edacb1bd8] Adding new dynamic property: PropertyDescriptor[simple]
[pool-2772-thread-1] INFO org.apache.nifi.processors.standard.RouteText - RouteText[id=88577823-16f9-4de2-ba04-780edacb1bd8] Created FlowFile[901,97609460964133.mockFlowFile,23B] from FlowFile[900,97609460964133.mockFlowFile,23B]; routing to relationship simple
[pool-2772-thread-1] INFO org.apache.nifi.processors.standard.RouteText - RouteText[id=88577823-16f9-4de2-ba04-780edacb1bd8] Routing FlowFile[900,97609460964133.mockFlowFile,23B] to original
[main] DEBUG org.apache.nifi.processors.standard.RouteText - RouteText[id=88577823-16f9-4de2-ba04-780edacb1bd8] Adding new dynamic property: PropertyDescriptor[simple]
[pool-2773-thread-1] INFO org.apache.nifi.processors.standard.RouteText - RouteText[id=88577823-16f9-4de2-ba04-780edacb1bd8] Created FlowFile[903,97609462762733.mockFlowFile,23B] from FlowFile[902,97609462762733.mockFlowFile,23B]; routing to relationship simple
[pool-2773-thread-1] INFO org.apache.nifi.processors.standard.RouteText - RouteText[id=88577823-16f9-4de2-ba04-780edacb1bd8] Routing FlowFile[902,97609462762733.mockFlowFile,23B] to original
[main] DEBUG org.apache.nifi.processors.standard.RouteText - RouteText[id=88577823-16f9-4de2-ba04-780edacb1bd8] Adding new dynamic property: PropertyDescriptor[simple]
[pool-2774-thread-1] INFO org.apache.nifi.processors.standard.RouteText - RouteText[id=88577823-16f9-4de2-ba04-780edacb1bd8] Created FlowFile[905,97609464067599.mockFlowFile,23B] from FlowFile[904,97609464067599.mockFlowFile,23B]; routing to relationship simple
[pool-2774-thread-1] INFO org.apache.nifi.processors.standard.RouteText - RouteText[id=88577823-16f9-4de2-ba04-780edacb1bd8] Routing FlowFile[904,97609464067599.mockFlowFile,23B] to original
[main] DEBUG org.apache.nifi.processors.standard.RouteText - RouteText[id=88577823-16f9-4de2-ba04-780edacb1bd8] Adding new dynamic property: PropertyDescriptor[simple]
[pool-2775-thread-1] INFO org.apache.nifi.processors.standard.RouteText - RouteText[id=88577823-16f9-4de2-ba04-780edacb1bd8] Created FlowFile[907,97609464797694.mockFlowFile,23B] from FlowFile[906,97609464797694.mockFlowFile,23B]; routing to relationship simple
[pool-2775-thread-1] INFO org.apache.nifi.processors.standard.RouteText - RouteText[id=88577823-16f9-4de2-ba04-780edacb1bd8] Routing FlowFile[906,97609464797694.mockFlowFile,23B] to original
[main] DEBUG org.apache.nifi.processors.standard.RouteText - RouteText[id=88577823-16f9-4de2-ba04-780edacb1bd8] Adding new dynamic property: PropertyDescriptor[simple]
[pool-2776-thread-1] INFO org.apache.nifi.processors.standard.RouteText - RouteText[id=88577823-16f9-4de2-ba04-780edacb1bd8] Created FlowFile[909,97609465436324.mockFlowFile,23B] from FlowFile[908,97609465436324.mockFlowFile,23B]; routing to relationship simple
[pool-2776-thread-1] INFO org.apache.nifi.processors.standard.RouteText - RouteText[id=88577823-16f9-4de2-ba04-780edacb1bd8] Routing FlowFile[908,97609465436324.mockFlowFile,23B] to original
[main] DEBUG org.apache.nifi.processors.standard.RouteText - RouteText[id=88577823-16f9-4de2-ba04-780edacb1bd8] Adding new dynamic property: PropertyDescriptor[simple]
[pool-2777-thread-1] INFO org.apache.nifi.processors.standard.RouteText - RouteText[id=88577823-16f9-4de2-ba04-780edacb1bd8] Created FlowFile[911,97609466099336.mockFlowFile,23B] from FlowFile[910,97609466099336.mockFlowFile,23B]; routing to relationship simple
[pool-2777-thread-1] INFO org.apache.nifi.processors.standard.RouteText - RouteText[id=88577823-16f9-4de2-ba04-780edacb1bd8] Routing FlowFile[910,97609466099336.mockFlowFile,23B] to original
[main] DEBUG org.apache.nifi.processors.standard.RouteText - RouteText[id=88577823-16f9-4de2-ba04-780edacb1bd8] Adding new dynamic property: PropertyDescriptor[simple]
[pool-2778-thread-1] INFO org.apache.nifi.processors.standard.RouteText - RouteText[id=88577823-16f9-4de2-ba04-780edacb1bd8] Created FlowFile[913,97609466727196.mockFlowFile,23B] from FlowFile[912,97609466727196.mockFlowFile,23B]; routing to relationship simple
[pool-2778-thread-1] INFO org.apache.nifi.processors.standard.RouteText - RouteText[id=88577823-16f9-4de2-ba04-780edacb1bd8] Routing FlowFile[912,97609466727196.mockFlowFile,23B] to original
[main] DEBUG org.apache.nifi.processors.standard.RouteText - RouteText[id=88577823-16f9-4de2-ba04-780edacb1bd8] Adding new dynamic property: PropertyDescriptor[simple]
[pool-2779-thread-1] INFO org.apache.nifi.processors.standard.RouteText - RouteText[id=88577823-16f9-4de2-ba04-780edacb1bd8] Created FlowFile[915,97609467299519.mockFlowFile,23B] from FlowFile[914,97609467299519.mockFlowFile,23B]; routing to relationship simple
[pool-2779-thread-1] INFO org.apache.nifi.processors.standard.RouteText - RouteText[id=88577823-16f9-4de2-ba04-780edacb1bd8] Routing FlowFile[914,97609467299519.mockFlowFile,23B] to original
[main] DEBUG org.apache.nifi.processors.standard.RouteText - RouteText[id=88577823-16f9-4de2-ba04-780edacb1bd8] Adding new dynamic property: PropertyDescriptor[simple]
[pool-2780-thread-1] INFO org.apache.nifi.processors.standard.RouteText - RouteText[id=88577823-16f9-4de2-ba04-780edacb1bd8] Created FlowFile[917,97609467837214.mockFlowFile,23B] from FlowFile[916,97609467837214.mockFlowFile,23B]; routing to relationship simple
[pool-2780-thread-1] INFO org.apache.nifi.processors.standard.RouteText - RouteText[id=88577823-16f9-4de2-ba04-780edacb1bd8] Routing FlowFile[916,97609467837214.mockFlowFile,23B] to original
[main] DEBUG org.apache.nifi.processors.standard.RouteText - RouteText[id=88577823-16f9-4de2-ba04-780edacb1bd8] Adding new dynamic property: PropertyDescriptor[simple]
[pool-2781-thread-1] INFO org.apache.nifi.processors.standard.RouteText - RouteText[id=88577823-16f9-4de2-ba04-780edacb1bd8] Created FlowFile[919,97609468353806.mockFlowFile,23B] from FlowFile[918,97609468353806.mockFlowFile,23B]; routing to relationship simple
[pool-2781-thread-1] INFO org.apache.nifi.processors.standard.RouteText - RouteText[id=88577823-16f9-4de2-ba04-780edacb1bd8] Routing FlowFile[918,97609468353806.mockFlowFile,23B] to original
[main] DEBUG org.apache.nifi.processors.standard.RouteText - RouteText[id=88577823-16f9-4de2-ba04-780edacb1bd8] Adding new dynamic property: PropertyDescriptor[simple]
[pool-2782-thread-1] INFO org.apache.nifi.processors.standard.RouteText - RouteText[id=88577823-16f9-4de2-ba04-780edacb1bd8] Created FlowFile[921,97609468910800.mockFlowFile,23B] from FlowFile[920,97609468910800.mockFlowFile,23B]; routing to relationship simple
[pool-2782-thread-1] INFO org.apache.nifi.processors.standard.RouteText - RouteText[id=88577823-16f9-4de2-ba04-780edacb1bd8] Routing FlowFile[920,97609468910800.mockFlowFile,23B] to original
[main] DEBUG org.apache.nifi.processors.standard.RouteText - RouteText[id=88577823-16f9-4de2-ba04-780edacb1bd8] Adding new dynamic property: PropertyDescriptor[simple]
[pool-2783-thread-1] INFO org.apache.nifi.processors.standard.RouteText - RouteText[id=88577823-16f9-4de2-ba04-780edacb1bd8] Created FlowFile[923,97609469468741.mockFlowFile,23B] from FlowFile[922,97609469468741.mockFlowFile,23B]; routing to relationship simple
[pool-2783-thread-1] INFO org.apache.nifi.processors.standard.RouteText - RouteText[id=88577823-16f9-4de2-ba04-780edacb1bd8] Routing FlowFile[922,97609469468741.mockFlowFile,23B] to original
[main] DEBUG org.apache.nifi.processors.standard.RouteText - RouteText[id=88577823-16f9-4de2-ba04-780edacb1bd8] Adding new dynamic property: PropertyDescriptor[simple]
[pool-2784-thread-1] INFO org.apache.nifi.processors.standard.RouteText - RouteText[id=88577823-16f9-4de2-ba04-780edacb1bd8] Created FlowFile[925,97609469982779.mockFlowFile,23B] from FlowFile[924,97609469982779.mockFlowFile,23B]; routing to relationship simple
[pool-2784-thread-1] INFO org.apache.nifi.processors.standard.RouteText - RouteText[id=88577823-16f9-4de2-ba04-780edacb1bd8] Routing FlowFile[924,97609469982779.mockFlowFile,23B] to original
[main] DEBUG org.apache.nifi.processors.standard.RouteText - RouteText[id=88577823-16f9-4de2-ba04-780edacb1bd8] Adding new dynamic property: PropertyDescriptor[simple]
[pool-2785-thread-1] INFO org.apache.nifi.processors.standard.RouteText - RouteText[id=88577823-16f9-4de2-ba04-780edacb1bd8] Created FlowFile[927,97609470482128.mockFlowFile,23B] from FlowFile[926,97609470482128.mockFlowFile,23B]; routing to relationship simple
[pool-2785-thread-1] INFO org.apache.nifi.processors.standard.RouteText - RouteText[id=88577823-16f9-4de2-ba04-780edacb1bd8] Routing FlowFile[926,97609470482128.mockFlowFile,23B] to original
[main] DEBUG org.apache.nifi.processors.standard.RouteText - RouteText[id=88577823-16f9-4de2-ba04-780edacb1bd8] Adding new dynamic property: PropertyDescriptor[simple]
[pool-2786-thread-1] INFO org.apache.nifi.processors.standard.RouteText - RouteText[id=88577823-16f9-4de2-ba04-780edacb1bd8] Created FlowFile[929,97609470975474.mockFlowFile,23B] from FlowFile[928,97609470975474.mockFlowFile,23B]; routing to relationship simple
[pool-2786-thread-1] INFO org.apache.nifi.processors.standard.RouteText - RouteText[id=88577823-16f9-4de2-ba04-780edacb1bd8] Routing FlowFile[928,97609470975474.mockFlowFile,23B] to original
[main] DEBUG org.apache.nifi.processors.standard.RouteText - RouteText[id=88577823-16f9-4de2-ba04-780edacb1bd8] Adding new dynamic property: PropertyDescriptor[simple]
[pool-2787-thread-1] INFO org.apache.nifi.processors.standard.RouteText - RouteText[id=88577823-16f9-4de2-ba04-780edacb1bd8] Created FlowFile[931,97609471494906.mockFlowFile,23B] from FlowFile[930,97609471494906.mockFlowFile,23B]; routing to relationship simple
[pool-2787-thread-1] INFO org.apache.nifi.processors.standard.RouteText - RouteText[id=88577823-16f9-4de2-ba04-780edacb1bd8] Routing FlowFile[930,97609471494906.mockFlowFile,23B] to original
[main] DEBUG org.apache.nifi.processors.standard.RouteText - RouteText[id=88577823-16f9-4de2-ba04-780edacb1bd8] Adding new dynamic property: PropertyDescriptor[simple]
[pool-2788-thread-1] INFO org.apache.nifi.processors.standard.RouteText - RouteText[id=88577823-16f9-4de2-ba04-780edacb1bd8] Created FlowFile[933,97609471985952.mockFlowFile,23B] from FlowFile[932,97609471985952.mockFlowFile,23B]; routing to relationship simple
[pool-2788-thread-1] INFO org.apache.nifi.processors.standard.RouteText - RouteText[id=88577823-16f9-4de2-ba04-780edacb1bd8] Routing FlowFile[932,97609471985952.mockFlowFile,23B] to original
[main] DEBUG org.apache.nifi.processors.standard.RouteText - RouteText[id=88577823-16f9-4de2-ba04-780edacb1bd8] Adding new dynamic property: PropertyDescriptor[simple]
[pool-2789-thread-1] INFO org.apache.nifi.processors.standard.RouteText - RouteText[id=88577823-16f9-4de2-ba04-780edacb1bd8] Created FlowFile[935,97609472607630.mockFlowFile,23B] from FlowFile[934,97609472607630.mockFlowFile,23B]; routing to relationship simple
[pool-2789-thread-1] INFO org.apache.nifi.processors.standard.RouteText - RouteText[id=88577823-16f9-4de2-ba04-780edacb1bd8] Routing FlowFile[934,97609472607630.mockFlowFile,23B] to original
[main] DEBUG org.apache.nifi.processors.standard.RouteText - RouteText[id=88577823-16f9-4de2-ba04-780edacb1bd8] Adding new dynamic property: PropertyDescriptor[simple]
[pool-2790-thread-1] INFO org.apache.nifi.processors.standard.RouteText - RouteText[id=88577823-16f9-4de2-ba04-780edacb1bd8] Created FlowFile[937,97609473126439.mockFlowFile,23B] from FlowFile[936,97609473126439.mockFlowFile,23B]; routing to relationship simple
[pool-2790-thread-1] INFO org.apache.nifi.processors.standard.RouteText - RouteText[id=88577823-16f9-4de2-ba04-780edacb1bd8] Routing FlowFile[936,97609473126439.mockFlowFile,23B] to original
[main] DEBUG org.apache.nifi.processors.standard.RouteText - RouteText[id=88577823-16f9-4de2-ba04-780edacb1bd8] Adding new dynamic property: PropertyDescriptor[simple]
[pool-2791-thread-1] INFO org.apache.nifi.processors.standard.RouteText - RouteText[id=88577823-16f9-4de2-ba04-780edacb1bd8] Created FlowFile[939,97609473652173.mockFlowFile,23B] from FlowFile[938,97609473652173.mockFlowFile,23B]; routing to relationship simple
[pool-2791-thread-1] INFO org.apache.nifi.processors.standard.RouteText - RouteText[id=88577823-16f9-4de2-ba04-780edacb1bd8] Routing FlowFile[938,97609473652173.mockFlowFile,23B] to original
[main] DEBUG org.apache.nifi.processors.standard.RouteText - RouteText[id=88577823-16f9-4de2-ba04-780edacb1bd8] Adding new dynamic property: PropertyDescriptor[simple]
[pool-2792-thread-1] INFO org.apache.nifi.processors.standard.RouteText - RouteText[id=88577823-16f9-4de2-ba04-780edacb1bd8] Created FlowFile[941,97609474301206.mockFlowFile,23B] from FlowFile[940,97609474301206.mockFlowFile,23B]; routing to relationship simple
[pool-2792-thread-1] INFO org.apache.nifi.processors.standard.RouteText - RouteText[id=88577823-16f9-4de2-ba04-780edacb1bd8] Routing FlowFile[940,97609474301206.mockFlowFile,23B] to original
[main] DEBUG org.apache.nifi.processors.standard.RouteText - RouteText[id=88577823-16f9-4de2-ba04-780edacb1bd8] Adding new dynamic property: PropertyDescriptor[simple]
[pool-2793-thread-1] INFO org.apache.nifi.processors.standard.RouteText - RouteText[id=88577823-16f9-4de2-ba04-780edacb1bd8] Created FlowFile[943,97609474852318.mockFlowFile,23B] from FlowFile[942,97609474852318.mockFlowFile,23B]; routing to relationship simple
[pool-2793-thread-1] INFO org.apache.nifi.processors.standard.RouteText - RouteText[id=88577823-16f9-4de2-ba04-780edacb1bd8] Routing FlowFile[942,97609474852318.mockFlowFile,23B] to original
[main] DEBUG org.apache.nifi.processors.standard.RouteText - RouteText[id=88577823-16f9-4de2-ba04-780edacb1bd8] Adding new dynamic property: PropertyDescriptor[simple]
[pool-2794-thread-1] INFO org.apache.nifi.processors.standard.RouteText - RouteText[id=88577823-16f9-4de2-ba04-780edacb1bd8] Created FlowFile[945,97609475391637.mockFlowFile,23B] from FlowFile[944,97609475391637.mockFlowFile,23B]; routing to relationship simple
[pool-2794-thread-1] INFO org.apache.nifi.processors.standard.RouteText - RouteText[id=88577823-16f9-4de2-ba04-780edacb1bd8] Routing FlowFile[944,97609475391637.mockFlowFile,23B] to original
[main] DEBUG org.apache.nifi.processors.standard.RouteText - RouteText[id=88577823-16f9-4de2-ba04-780edacb1bd8] Adding new dynamic property: PropertyDescriptor[simple]
[pool-2795-thread-1] INFO org.apache.nifi.processors.standard.RouteText - RouteText[id=88577823-16f9-4de2-ba04-780edacb1bd8] Created FlowFile[947,97609475941586.mockFlowFile,23B] from FlowFile[946,97609475941586.mockFlowFile,23B]; routing to relationship simple
[pool-2795-thread-1] INFO org.apache.nifi.processors.standard.RouteText - RouteText[id=88577823-16f9-4de2-ba04-780edacb1bd8] Routing FlowFile[946,97609475941586.mockFlowFile,23B] to original
[main] DEBUG org.apache.nifi.processors.standard.RouteText - RouteText[id=88577823-16f9-4de2-ba04-780edacb1bd8] Adding new dynamic property: PropertyDescriptor[simple]
[pool-2796-thread-1] INFO org.apache.nifi.processors.standard.RouteText - RouteText[id=88577823-16f9-4de2-ba04-780edacb1bd8] Created FlowFile[949,97609476473630.mockFlowFile,23B] from FlowFile[948,97609476473630.mockFlowFile,23B]; routing to relationship simple
[pool-2796-thread-1] INFO org.apache.nifi.processors.standard.RouteText - RouteText[id=88577823-16f9-4de2-ba04-780edacb1bd8] Routing FlowFile[948,97609476473630.mockFlowFile,23B] to original
[main] DEBUG org.apache.nifi.processors.standard.RouteText - RouteText[id=88577823-16f9-4de2-ba04-780edacb1bd8] Adding new dynamic property: PropertyDescriptor[simple]
[pool-2797-thread-1] INFO org.apache.nifi.processors.standard.RouteText - RouteText[id=88577823-16f9-4de2-ba04-780edacb1bd8] Created FlowFile[951,97609477026767.mockFlowFile,23B] from FlowFile[950,97609477026767.mockFlowFile,23B]; routing to relationship simple
[pool-2797-thread-1] INFO org.apache.nifi.processors.standard.RouteText - RouteText[id=88577823-16f9-4de2-ba04-780edacb1bd8] Routing FlowFile[950,97609477026767.mockFlowFile,23B] to original
[main] DEBUG org.apache.nifi.processors.standard.RouteText - RouteText[id=88577823-16f9-4de2-ba04-780edacb1bd8] Adding new dynamic property: PropertyDescriptor[simple]
[pool-2798-thread-1] INFO org.apache.nifi.processors.standard.RouteText - RouteText[id=88577823-16f9-4de2-ba04-780edacb1bd8] Created FlowFile[953,97609477537013.mockFlowFile,23B] from FlowFile[952,97609477537013.mockFlowFile,23B]; routing to relationship simple
[pool-2798-thread-1] INFO org.apache.nifi.processors.standard.RouteText - RouteText[id=88577823-16f9-4de2-ba04-780edacb1bd8] Routing FlowFile[952,97609477537013.mockFlowFile,23B] to original
[main] DEBUG org.apache.nifi.processors.standard.RouteText - RouteText[id=88577823-16f9-4de2-ba04-780edacb1bd8] Adding new dynamic property: PropertyDescriptor[simple]
[pool-2799-thread-1] INFO org.apache.nifi.processors.standard.RouteText - RouteText[id=88577823-16f9-4de2-ba04-780edacb1bd8] Created FlowFile[955,97609478085853.mockFlowFile,23B] from FlowFile[954,97609478085853.mockFlowFile,23B]; routing to relationship simple
[pool-2799-thread-1] INFO org.apache.nifi.processors.standard.RouteText - RouteText[id=88577823-16f9-4de2-ba04-780edacb1bd8] Routing FlowFile[954,97609478085853.mockFlowFile,23B] to original
[main] DEBUG org.apache.nifi.processors.standard.RouteText - RouteText[id=88577823-16f9-4de2-ba04-780edacb1bd8] Adding new dynamic property: PropertyDescriptor[simple]
[pool-2800-thread-1] INFO org.apache.nifi.processors.standard.RouteText - RouteText[id=88577823-16f9-4de2-ba04-780edacb1bd8] Created FlowFile[957,97609478602084.mockFlowFile,23B] from FlowFile[956,97609478602084.mockFlowFile,23B]; routing to relationship simple
[pool-2800-thread-1] INFO org.apache.nifi.processors.standard.RouteText - RouteText[id=88577823-16f9-4de2-ba04-780edacb1bd8] Routing FlowFile[956,97609478602084.mockFlowFile,23B] to original
[main] DEBUG org.apache.nifi.processors.standard.RouteText - RouteText[id=88577823-16f9-4de2-ba04-780edacb1bd8] Adding new dynamic property: PropertyDescriptor[simple]
[pool-2801-thread-1] INFO org.apache.nifi.processors.standard.RouteText - RouteText[id=88577823-16f9-4de2-ba04-780edacb1bd8] Created FlowFile[959,97609479147243.mockFlowFile,23B] from FlowFile[958,97609479147243.mockFlowFile,23B]; routing to relationship simple
[pool-2801-thread-1] INFO org.apache.nifi.processors.standard.RouteText - RouteText[id=88577823-16f9-4de2-ba04-780edacb1bd8] Routing FlowFile[958,97609479147243.mockFlowFile,23B] to original
[main] DEBUG org.apache.nifi.processors.standard.RouteText - RouteText[id=88577823-16f9-4de2-ba04-780edacb1bd8] Adding new dynamic property: PropertyDescriptor[simple]
[pool-2802-thread-1] INFO org.apache.nifi.processors.standard.RouteText - RouteText[id=88577823-16f9-4de2-ba04-780edacb1bd8] Created FlowFile[961,97609479707455.mockFlowFile,23B] from FlowFile[960,97609479707455.mockFlowFile,23B]; routing to relationship simple
[pool-2802-thread-1] INFO org.apache.nifi.processors.standard.RouteText - RouteText[id=88577823-16f9-4de2-ba04-780edacb1bd8] Routing FlowFile[960,97609479707455.mockFlowFile,23B] to original
[main] DEBUG org.apache.nifi.processors.standard.RouteText - RouteText[id=88577823-16f9-4de2-ba04-780edacb1bd8] Adding new dynamic property: PropertyDescriptor[simple]
[pool-2803-thread-1] INFO org.apache.nifi.processors.standard.RouteText - RouteText[id=88577823-16f9-4de2-ba04-780edacb1bd8] Created FlowFile[963,97609480240206.mockFlowFile,23B] from FlowFile[962,97609480240206.mockFlowFile,23B]; routing to relationship simple
[pool-2803-thread-1] INFO org.apache.nifi.processors.standard.RouteText - RouteText[id=88577823-16f9-4de2-ba04-780edacb1bd8] Routing FlowFile[962,97609480240206.mockFlowFile,23B] to original
[main] DEBUG org.apache.nifi.processors.standard.RouteText - RouteText[id=88577823-16f9-4de2-ba04-780edacb1bd8] Adding new dynamic property: PropertyDescriptor[simple]
[pool-2804-thread-1] INFO org.apache.nifi.processors.standard.RouteText - RouteText[id=88577823-16f9-4de2-ba04-780edacb1bd8] Created FlowFile[965,97609480745502.mockFlowFile,23B] from FlowFile[964,97609480745502.mockFlowFile,23B]; routing to relationship simple
[pool-2804-thread-1] INFO org.apache.nifi.processors.standard.RouteText - RouteText[id=88577823-16f9-4de2-ba04-780edacb1bd8] Routing FlowFile[964,97609480745502.mockFlowFile,23B] to original
[main] DEBUG org.apache.nifi.processors.standard.RouteText - RouteText[id=88577823-16f9-4de2-ba04-780edacb1bd8] Adding new dynamic property: PropertyDescriptor[simple]
[pool-2805-thread-1] INFO org.apache.nifi.processors.standard.RouteText - RouteText[id=88577823-16f9-4de2-ba04-780edacb1bd8] Created FlowFile[967,97609481241666.mockFlowFile,23B] from FlowFile[966,97609481241666.mockFlowFile,23B]; routing to relationship simple
[pool-2805-thread-1] INFO org.apache.nifi.processors.standard.RouteText - RouteText[id=88577823-16f9-4de2-ba04-780edacb1bd8] Routing FlowFile[966,97609481241666.mockFlowFile,23B] to original
[main] DEBUG org.apache.nifi.processors.standard.RouteText - RouteText[id=88577823-16f9-4de2-ba04-780edacb1bd8] Adding new dynamic property: PropertyDescriptor[simple]
[pool-2806-thread-1] INFO org.apache.nifi.processors.standard.RouteText - RouteText[id=88577823-16f9-4de2-ba04-780edacb1bd8] Created FlowFile[969,97609481739523.mockFlowFile,23B] from FlowFile[968,97609481739523.mockFlowFile,23B]; routing to relationship simple
[pool-2806-thread-1] INFO org.apache.nifi.processors.standard.RouteText - RouteText[id=88577823-16f9-4de2-ba04-780edacb1bd8] Routing FlowFile[968,97609481739523.mockFlowFile,23B] to original
[main] DEBUG org.apache.nifi.processors.standard.RouteText - RouteText[id=88577823-16f9-4de2-ba04-780edacb1bd8] Adding new dynamic property: PropertyDescriptor[simple]
[pool-2807-thread-1] INFO org.apache.nifi.processors.standard.RouteText - RouteText[id=88577823-16f9-4de2-ba04-780edacb1bd8] Created FlowFile[971,97609482217454.mockFlowFile,23B] from FlowFile[970,97609482217454.mockFlowFile,23B]; routing to relationship simple
[pool-2807-thread-1] INFO org.apache.nifi.processors.standard.RouteText - RouteText[id=88577823-16f9-4de2-ba04-780edacb1bd8] Routing FlowFile[970,97609482217454.mockFlowFile,23B] to original
[main] DEBUG org.apache.nifi.processors.standard.RouteText - RouteText[id=88577823-16f9-4de2-ba04-780edacb1bd8] Adding new dynamic property: PropertyDescriptor[simple]
[pool-2808-thread-1] INFO org.apache.nifi.processors.standard.RouteText - RouteText[id=88577823-16f9-4de2-ba04-780edacb1bd8] Created FlowFile[973,97609482694073.mockFlowFile,23B] from FlowFile[972,97609482694073.mockFlowFile,23B]; routing to relationship simple
[pool-2808-thread-1] INFO org.apache.nifi.processors.standard.RouteText - RouteText[id=88577823-16f9-4de2-ba04-780edacb1bd8] Routing FlowFile[972,97609482694073.mockFlowFile,23B] to original
[main] DEBUG org.apache.nifi.processors.standard.RouteText - RouteText[id=88577823-16f9-4de2-ba04-780edacb1bd8] Adding new dynamic property: PropertyDescriptor[simple]
[pool-2809-thread-1] INFO org.apache.nifi.processors.standard.RouteText - RouteText[id=88577823-16f9-4de2-ba04-780edacb1bd8] Created FlowFile[975,97609483174012.mockFlowFile,23B] from FlowFile[974,97609483174012.mockFlowFile,23B]; routing to relationship simple
[pool-2809-thread-1] INFO org.apache.nifi.processors.standard.RouteText - RouteText[id=88577823-16f9-4de2-ba04-780edacb1bd8] Routing FlowFile[974,97609483174012.mockFlowFile,23B] to original
[main] DEBUG org.apache.nifi.processors.standard.RouteText - RouteText[id=88577823-16f9-4de2-ba04-780edacb1bd8] Adding new dynamic property: PropertyDescriptor[simple]
[pool-2810-thread-1] INFO org.apache.nifi.processors.standard.RouteText - RouteText[id=88577823-16f9-4de2-ba04-780edacb1bd8] Created FlowFile[977,97609483704721.mockFlowFile,23B] from FlowFile[976,97609483704721.mockFlowFile,23B]; routing to relationship simple
[pool-2810-thread-1] INFO org.apache.nifi.processors.standard.RouteText - RouteText[id=88577823-16f9-4de2-ba04-780edacb1bd8] Routing FlowFile[976,97609483704721.mockFlowFile,23B] to original
[main] DEBUG org.apache.nifi.processors.standard.RouteText - RouteText[id=88577823-16f9-4de2-ba04-780edacb1bd8] Adding new dynamic property: PropertyDescriptor[simple]
[pool-2811-thread-1] INFO org.apache.nifi.processors.standard.RouteText - RouteText[id=88577823-16f9-4de2-ba04-780edacb1bd8] Created FlowFile[979,97609484197749.mockFlowFile,23B] from FlowFile[978,97609484197749.mockFlowFile,23B]; routing to relationship simple
[pool-2811-thread-1] INFO org.apache.nifi.processors.standard.RouteText - RouteText[id=88577823-16f9-4de2-ba04-780edacb1bd8] Routing FlowFile[978,97609484197749.mockFlowFile,23B] to original
[main] DEBUG org.apache.nifi.processors.standard.RouteText - RouteText[id=88577823-16f9-4de2-ba04-780edacb1bd8] Adding new dynamic property: PropertyDescriptor[simple]
[pool-2812-thread-1] INFO org.apache.nifi.processors.standard.RouteText - RouteText[id=88577823-16f9-4de2-ba04-780edacb1bd8] Created FlowFile[981,97609484687955.mockFlowFile,23B] from FlowFile[980,97609484687955.mockFlowFile,23B]; routing to relationship simple
[pool-2812-thread-1] INFO org.apache.nifi.processors.standard.RouteText - RouteText[id=88577823-16f9-4de2-ba04-780edacb1bd8] Routing FlowFile[980,97609484687955.mockFlowFile,23B] to original
[main] DEBUG org.apache.nifi.processors.standard.RouteText - RouteText[id=88577823-16f9-4de2-ba04-780edacb1bd8] Adding new dynamic property: PropertyDescriptor[simple]
[pool-2813-thread-1] INFO org.apache.nifi.processors.standard.RouteText - RouteText[id=88577823-16f9-4de2-ba04-780edacb1bd8] Created FlowFile[983,97609485222918.mockFlowFile,23B] from FlowFile[982,97609485222918.mockFlowFile,23B]; routing to relationship simple
[pool-2813-thread-1] INFO org.apache.nifi.processors.standard.RouteText - RouteText[id=88577823-16f9-4de2-ba04-780edacb1bd8] Routing FlowFile[982,97609485222918.mockFlowFile,23B] to original
[main] DEBUG org.apache.nifi.processors.standard.RouteText - RouteText[id=88577823-16f9-4de2-ba04-780edacb1bd8] Adding new dynamic property: PropertyDescriptor[simple]
[pool-2814-thread-1] INFO org.apache.nifi.processors.standard.RouteText - RouteText[id=88577823-16f9-4de2-ba04-780edacb1bd8] Created FlowFile[985,97609485767710.mockFlowFile,23B] from FlowFile[984,97609485767710.mockFlowFile,23B]; routing to relationship simple
[pool-2814-thread-1] INFO org.apache.nifi.processors.standard.RouteText - RouteText[id=88577823-16f9-4de2-ba04-780edacb1bd8] Routing FlowFile[984,97609485767710.mockFlowFile,23B] to original
[main] DEBUG org.apache.nifi.processors.standard.RouteText - RouteText[id=88577823-16f9-4de2-ba04-780edacb1bd8] Adding new dynamic property: PropertyDescriptor[simple]
[pool-2815-thread-1] INFO org.apache.nifi.processors.standard.RouteText - RouteText[id=88577823-16f9-4de2-ba04-780edacb1bd8] Created FlowFile[987,97609486336870.mockFlowFile,23B] from FlowFile[986,97609486336870.mockFlowFile,23B]; routing to relationship simple
[pool-2815-thread-1] INFO org.apache.nifi.processors.standard.RouteText - RouteText[id=88577823-16f9-4de2-ba04-780edacb1bd8] Routing FlowFile[986,97609486336870.mockFlowFile,23B] to original
[main] DEBUG org.apache.nifi.processors.standard.RouteText - RouteText[id=88577823-16f9-4de2-ba04-780edacb1bd8] Adding new dynamic property: PropertyDescriptor[simple]
[pool-2816-thread-1] INFO org.apache.nifi.processors.standard.RouteText - RouteText[id=88577823-16f9-4de2-ba04-780edacb1bd8] Created FlowFile[989,97609486877310.mockFlowFile,23B] from FlowFile[988,97609486877310.mockFlowFile,23B]; routing to relationship simple
[pool-2816-thread-1] INFO org.apache.nifi.processors.standard.RouteText - RouteText[id=88577823-16f9-4de2-ba04-780edacb1bd8] Routing FlowFile[988,97609486877310.mockFlowFile,23B] to original
[main] DEBUG org.apache.nifi.processors.standard.RouteText - RouteText[id=88577823-16f9-4de2-ba04-780edacb1bd8] Adding new dynamic property: PropertyDescriptor[simple]
[pool-2817-thread-1] INFO org.apache.nifi.processors.standard.RouteText - RouteText[id=88577823-16f9-4de2-ba04-780edacb1bd8] Created FlowFile[991,97609487410630.mockFlowFile,23B] from FlowFile[990,97609487410630.mockFlowFile,23B]; routing to relationship simple
[pool-2817-thread-1] INFO org.apache.nifi.processors.standard.RouteText - RouteText[id=88577823-16f9-4de2-ba04-780edacb1bd8] Routing FlowFile[990,97609487410630.mockFlowFile,23B] to original
[main] DEBUG org.apache.nifi.processors.standard.RouteText - RouteText[id=88577823-16f9-4de2-ba04-780edacb1bd8] Adding new dynamic property: PropertyDescriptor[simple]
[pool-2818-thread-1] INFO org.apache.nifi.processors.standard.RouteText - RouteText[id=88577823-16f9-4de2-ba04-780edacb1bd8] Created FlowFile[993,97609487927622.mockFlowFile,23B] from FlowFile[992,97609487927622.mockFlowFile,23B]; routing to relationship simple
[pool-2818-thread-1] INFO org.apache.nifi.processors.standard.RouteText - RouteText[id=88577823-16f9-4de2-ba04-780edacb1bd8] Routing FlowFile[992,97609487927622.mockFlowFile,23B] to original
[main] DEBUG org.apache.nifi.processors.standard.RouteText - RouteText[id=88577823-16f9-4de2-ba04-780edacb1bd8] Adding new dynamic property: PropertyDescriptor[simple]
[pool-2819-thread-1] INFO org.apache.nifi.processors.standard.RouteText - RouteText[id=88577823-16f9-4de2-ba04-780edacb1bd8] Created FlowFile[995,97609488420911.mockFlowFile,23B] from FlowFile[994,97609488420911.mockFlowFile,23B]; routing to relationship simple
[pool-2819-thread-1] INFO org.apache.nifi.processors.standard.RouteText - RouteText[id=88577823-16f9-4de2-ba04-780edacb1bd8] Routing FlowFile[994,97609488420911.mockFlowFile,23B] to original
[main] DEBUG org.apache.nifi.processors.standard.RouteText - RouteText[id=88577823-16f9-4de2-ba04-780edacb1bd8] Adding new dynamic property: PropertyDescriptor[simple]
[pool-2820-thread-1] INFO org.apache.nifi.processors.standard.RouteText - RouteText[id=88577823-16f9-4de2-ba04-780edacb1bd8] Created FlowFile[997,97609488923335.mockFlowFile,23B] from FlowFile[996,97609488923335.mockFlowFile,23B]; routing to relationship simple
[pool-2820-thread-1] INFO org.apache.nifi.processors.standard.RouteText - RouteText[id=88577823-16f9-4de2-ba04-780edacb1bd8] Routing FlowFile[996,97609488923335.mockFlowFile,23B] to original
[main] DEBUG org.apache.nifi.processors.standard.RouteText - RouteText[id=88577823-16f9-4de2-ba04-780edacb1bd8] Adding new dynamic property: PropertyDescriptor[simple]
[pool-2821-thread-1] INFO org.apache.nifi.processors.standard.RouteText - RouteText[id=88577823-16f9-4de2-ba04-780edacb1bd8] Created FlowFile[999,97609489426211.mockFlowFile,23B] from FlowFile[998,97609489426211.mockFlowFile,23B]; routing to relationship simple
[pool-2821-thread-1] INFO org.apache.nifi.processors.standard.RouteText - RouteText[id=88577823-16f9-4de2-ba04-780edacb1bd8] Routing FlowFile[998,97609489426211.mockFlowFile,23B] to original
[main] DEBUG org.apache.nifi.processors.standard.RouteText - RouteText[id=88577823-16f9-4de2-ba04-780edacb1bd8] Adding new dynamic property: PropertyDescriptor[simple]
[pool-2822-thread-1] INFO org.apache.nifi.processors.standard.RouteText - RouteText[id=88577823-16f9-4de2-ba04-780edacb1bd8] Created FlowFile[1001,97609489911439.mockFlowFile,23B] from FlowFile[1000,97609489911439.mockFlowFile,23B]; routing to relationship simple
[pool-2822-thread-1] INFO org.apache.nifi.processors.standard.RouteText - RouteText[id=88577823-16f9-4de2-ba04-780edacb1bd8] Routing FlowFile[1000,97609489911439.mockFlowFile,23B] to original
[main] DEBUG org.apache.nifi.processors.standard.RouteText - RouteText[id=88577823-16f9-4de2-ba04-780edacb1bd8] Adding new dynamic property: PropertyDescriptor[simple]
[pool-2823-thread-1] INFO org.apache.nifi.processors.standard.RouteText - RouteText[id=88577823-16f9-4de2-ba04-780edacb1bd8] Created FlowFile[1003,97609490393658.mockFlowFile,23B] from FlowFile[1002,97609490393658.mockFlowFile,23B]; routing to relationship simple
[pool-2823-thread-1] INFO org.apache.nifi.processors.standard.RouteText - RouteText[id=88577823-16f9-4de2-ba04-780edacb1bd8] Routing FlowFile[1002,97609490393658.mockFlowFile,23B] to original
[main] DEBUG org.apache.nifi.processors.standard.RouteText - RouteText[id=88577823-16f9-4de2-ba04-780edacb1bd8] Adding new dynamic property: PropertyDescriptor[simple]
[pool-2824-thread-1] INFO org.apache.nifi.processors.standard.RouteText - RouteText[id=88577823-16f9-4de2-ba04-780edacb1bd8] Created FlowFile[1005,97609490892237.mockFlowFile,23B] from FlowFile[1004,97609490892237.mockFlowFile,23B]; routing to relationship simple
[pool-2824-thread-1] INFO org.apache.nifi.processors.standard.RouteText - RouteText[id=88577823-16f9-4de2-ba04-780edacb1bd8] Routing FlowFile[1004,97609490892237.mockFlowFile,23B] to original
[main] DEBUG org.apache.nifi.processors.standard.RouteText - RouteText[id=88577823-16f9-4de2-ba04-780edacb1bd8] Adding new dynamic property: PropertyDescriptor[simple]
[pool-2825-thread-1] INFO org.apache.nifi.processors.standard.RouteText - RouteText[id=88577823-16f9-4de2-ba04-780edacb1bd8] Created FlowFile[1007,97609491407613.mockFlowFile,23B] from FlowFile[1006,97609491407613.mockFlowFile,23B]; routing to relationship simple
[pool-2825-thread-1] INFO org.apache.nifi.processors.standard.RouteText - RouteText[id=88577823-16f9-4de2-ba04-780edacb1bd8] Routing FlowFile[1006,97609491407613.mockFlowFile,23B] to original
[main] DEBUG org.apache.nifi.processors.standard.RouteText - RouteText[id=88577823-16f9-4de2-ba04-780edacb1bd8] Adding new dynamic property: PropertyDescriptor[simple]
[pool-2826-thread-1] INFO org.apache.nifi.processors.standard.RouteText - RouteText[id=88577823-16f9-4de2-ba04-780edacb1bd8] Created FlowFile[1009,97609491943955.mockFlowFile,23B] from FlowFile[1008,97609491943955.mockFlowFile,23B]; routing to relationship simple
[pool-2826-thread-1] INFO org.apache.nifi.processors.standard.RouteText - RouteText[id=88577823-16f9-4de2-ba04-780edacb1bd8] Routing FlowFile[1008,97609491943955.mockFlowFile,23B] to original
[main] DEBUG org.apache.nifi.processors.standard.RouteText - RouteText[id=88577823-16f9-4de2-ba04-780edacb1bd8] Adding new dynamic property: PropertyDescriptor[simple]
[pool-2827-thread-1] INFO org.apache.nifi.processors.standard.RouteText - RouteText[id=88577823-16f9-4de2-ba04-780edacb1bd8] Created FlowFile[1011,97609492550019.mockFlowFile,23B] from FlowFile[1010,97609492550019.mockFlowFile,23B]; routing to relationship simple
[pool-2827-thread-1] INFO org.apache.nifi.processors.standard.RouteText - RouteText[id=88577823-16f9-4de2-ba04-780edacb1bd8] Routing FlowFile[1010,97609492550019.mockFlowFile,23B] to original
[main] DEBUG org.apache.nifi.processors.standard.RouteText - RouteText[id=88577823-16f9-4de2-ba04-780edacb1bd8] Adding new dynamic property: PropertyDescriptor[simple]
[pool-2828-thread-1] INFO org.apache.nifi.processors.standard.RouteText - RouteText[id=88577823-16f9-4de2-ba04-780edacb1bd8] Created FlowFile[1013,97609493118176.mockFlowFile,23B] from FlowFile[1012,97609493118176.mockFlowFile,23B]; routing to relationship simple
[pool-2828-thread-1] INFO org.apache.nifi.processors.standard.RouteText - RouteText[id=88577823-16f9-4de2-ba04-780edacb1bd8] Routing FlowFile[1012,97609493118176.mockFlowFile,23B] to original
[main] DEBUG org.apache.nifi.processors.standard.RouteText - RouteText[id=88577823-16f9-4de2-ba04-780edacb1bd8] Adding new dynamic property: PropertyDescriptor[simple]
[pool-2829-thread-1] INFO org.apache.nifi.processors.standard.RouteText - RouteText[id=88577823-16f9-4de2-ba04-780edacb1bd8] Created FlowFile[1015,97609493879944.mockFlowFile,23B] from FlowFile[1014,97609493879944.mockFlowFile,23B]; routing to relationship simple
[pool-2829-thread-1] INFO org.apache.nifi.processors.standard.RouteText - RouteText[id=88577823-16f9-4de2-ba04-780edacb1bd8] Routing FlowFile[1014,97609493879944.mockFlowFile,23B] to original
[main] DEBUG org.apache.nifi.processors.standard.RouteText - RouteText[id=88577823-16f9-4de2-ba04-780edacb1bd8] Adding new dynamic property: PropertyDescriptor[simple]
[pool-2830-thread-1] INFO org.apache.nifi.processors.standard.RouteText - RouteText[id=88577823-16f9-4de2-ba04-780edacb1bd8] Created FlowFile[1017,97609494641485.mockFlowFile,23B] from FlowFile[1016,97609494641485.mockFlowFile,23B]; routing to relationship simple
[pool-2830-thread-1] INFO org.apache.nifi.processors.standard.RouteText - RouteText[id=88577823-16f9-4de2-ba04-780edacb1bd8] Routing FlowFile[1016,97609494641485.mockFlowFile,23B] to original
[main] DEBUG org.apache.nifi.processors.standard.RouteText - RouteText[id=88577823-16f9-4de2-ba04-780edacb1bd8] Adding new dynamic property: PropertyDescriptor[simple]
[pool-2831-thread-1] INFO org.apache.nifi.processors.standard.RouteText - RouteText[id=88577823-16f9-4de2-ba04-780edacb1bd8] Created FlowFile[1019,97609495264307.mockFlowFile,23B] from FlowFile[1018,97609495264307.mockFlowFile,23B]; routing to relationship simple
[pool-2831-thread-1] INFO org.apache.nifi.processors.standard.RouteText - RouteText[id=88577823-16f9-4de2-ba04-780edacb1bd8] Routing FlowFile[1018,97609495264307.mockFlowFile,23B] to original
[main] DEBUG org.apache.nifi.processors.standard.RouteText - RouteText[id=88577823-16f9-4de2-ba04-780edacb1bd8] Adding new dynamic property: PropertyDescriptor[simple]
[pool-2832-thread-1] INFO org.apache.nifi.processors.standard.RouteText - RouteText[id=88577823-16f9-4de2-ba04-780edacb1bd8] Created FlowFile[1021,97609495831884.mockFlowFile,23B] from FlowFile[1020,97609495831884.mockFlowFile,23B]; routing to relationship simple
[pool-2832-thread-1] INFO org.apache.nifi.processors.standard.RouteText - RouteText[id=88577823-16f9-4de2-ba04-780edacb1bd8] Routing FlowFile[1020,97609495831884.mockFlowFile,23B] to original
[main] DEBUG org.apache.nifi.processors.standard.RouteText - RouteText[id=88577823-16f9-4de2-ba04-780edacb1bd8] Adding new dynamic property: PropertyDescriptor[simple]
[pool-2833-thread-1] INFO org.apache.nifi.processors.standard.RouteText - RouteText[id=88577823-16f9-4de2-ba04-780edacb1bd8] Created FlowFile[1023,97609496415759.mockFlowFile,23B] from FlowFile[1022,97609496415759.mockFlowFile,23B]; routing to relationship simple
[pool-2833-thread-1] INFO org.apache.nifi.processors.standard.RouteText - RouteText[id=88577823-16f9-4de2-ba04-780edacb1bd8] Routing FlowFile[1022,97609496415759.mockFlowFile,23B] to original
[main] DEBUG org.apache.nifi.processors.standard.RouteText - RouteText[id=88577823-16f9-4de2-ba04-780edacb1bd8] Adding new dynamic property: PropertyDescriptor[simple]
[pool-2834-thread-1] INFO org.apache.nifi.processors.standard.RouteText - RouteText[id=88577823-16f9-4de2-ba04-780edacb1bd8] Created FlowFile[1025,97609497097303.mockFlowFile,23B] from FlowFile[1024,97609497097303.mockFlowFile,23B]; routing to relationship simple
[pool-2834-thread-1] INFO org.apache.nifi.processors.standard.RouteText - RouteText[id=88577823-16f9-4de2-ba04-780edacb1bd8] Routing FlowFile[1024,97609497097303.mockFlowFile,23B] to original
[main] DEBUG org.apache.nifi.processors.standard.RouteText - RouteText[id=88577823-16f9-4de2-ba04-780edacb1bd8] Adding new dynamic property: PropertyDescriptor[simple]
[pool-2835-thread-1] INFO org.apache.nifi.processors.standard.RouteText - RouteText[id=88577823-16f9-4de2-ba04-780edacb1bd8] Created FlowFile[1027,97609497791472.mockFlowFile,23B] from FlowFile[1026,97609497791472.mockFlowFile,23B]; routing to relationship simple
[pool-2835-thread-1] INFO org.apache.nifi.processors.standard.RouteText - RouteText[id=88577823-16f9-4de2-ba04-780edacb1bd8] Routing FlowFile[1026,97609497791472.mockFlowFile,23B] to original
[main] DEBUG org.apache.nifi.processors.standard.RouteText - RouteText[id=88577823-16f9-4de2-ba04-780edacb1bd8] Adding new dynamic property: PropertyDescriptor[simple]
[pool-2836-thread-1] INFO org.apache.nifi.processors.standard.RouteText - RouteText[id=88577823-16f9-4de2-ba04-780edacb1bd8] Created FlowFile[1029,97609498358692.mockFlowFile,23B] from FlowFile[1028,97609498358692.mockFlowFile,23B]; routing to relationship simple
[pool-2836-thread-1] INFO org.apache.nifi.processors.standard.RouteText - RouteText[id=88577823-16f9-4de2-ba04-780edacb1bd8] Routing FlowFile[1028,97609498358692.mockFlowFile,23B] to original
[main] DEBUG org.apache.nifi.processors.standard.RouteText - RouteText[id=88577823-16f9-4de2-ba04-780edacb1bd8] Adding new dynamic property: PropertyDescriptor[simple]
[pool-2837-thread-1] INFO org.apache.nifi.processors.standard.RouteText - RouteText[id=88577823-16f9-4de2-ba04-780edacb1bd8] Created FlowFile[1031,97609498990939.mockFlowFile,23B] from FlowFile[1030,97609498990939.mockFlowFile,23B]; routing to relationship simple
[pool-2837-thread-1] INFO org.apache.nifi.processors.standard.RouteText - RouteText[id=88577823-16f9-4de2-ba04-780edacb1bd8] Routing FlowFile[1030,97609498990939.mockFlowFile,23B] to original
[main] DEBUG org.apache.nifi.processors.standard.RouteText - RouteText[id=88577823-16f9-4de2-ba04-780edacb1bd8] Adding new dynamic property: PropertyDescriptor[simple]
[pool-2838-thread-1] INFO org.apache.nifi.processors.standard.RouteText - RouteText[id=88577823-16f9-4de2-ba04-780edacb1bd8] Created FlowFile[1033,97609499616838.mockFlowFile,23B] from FlowFile[1032,97609499616838.mockFlowFile,23B]; routing to relationship simple
[pool-2838-thread-1] INFO org.apache.nifi.processors.standard.RouteText - RouteText[id=88577823-16f9-4de2-ba04-780edacb1bd8] Routing FlowFile[1032,97609499616838.mockFlowFile,23B] to original
[main] DEBUG org.apache.nifi.processors.standard.RouteText - RouteText[id=88577823-16f9-4de2-ba04-780edacb1bd8] Adding new dynamic property: PropertyDescriptor[simple]
[pool-2839-thread-1] INFO org.apache.nifi.processors.standard.RouteText - RouteText[id=88577823-16f9-4de2-ba04-780edacb1bd8] Created FlowFile[1035,97609500176524.mockFlowFile,23B] from FlowFile[1034,97609500176524.mockFlowFile,23B]; routing to relationship simple
[pool-2839-thread-1] INFO org.apache.nifi.processors.standard.RouteText - RouteText[id=88577823-16f9-4de2-ba04-780edacb1bd8] Routing FlowFile[1034,97609500176524.mockFlowFile,23B] to original
[main] DEBUG org.apache.nifi.processors.standard.RouteText - RouteText[id=88577823-16f9-4de2-ba04-780edacb1bd8] Adding new dynamic property: PropertyDescriptor[simple]
[pool-2840-thread-1] INFO org.apache.nifi.processors.standard.RouteText - RouteText[id=88577823-16f9-4de2-ba04-780edacb1bd8] Created FlowFile[1037,97609500689967.mockFlowFile,23B] from FlowFile[1036,97609500689967.mockFlowFile,23B]; routing to relationship simple
[pool-2840-thread-1] INFO org.apache.nifi.processors.standard.RouteText - RouteText[id=88577823-16f9-4de2-ba04-780edacb1bd8] Routing FlowFile[1036,97609500689967.mockFlowFile,23B] to original
[main] DEBUG org.apache.nifi.processors.standard.RouteText - RouteText[id=88577823-16f9-4de2-ba04-780edacb1bd8] Adding new dynamic property: PropertyDescriptor[simple]
[pool-2841-thread-1] INFO org.apache.nifi.processors.standard.RouteText - RouteText[id=88577823-16f9-4de2-ba04-780edacb1bd8] Created FlowFile[1039,97609501600191.mockFlowFile,23B] from FlowFile[1038,97609501600191.mockFlowFile,23B]; routing to relationship simple
[pool-2841-thread-1] INFO org.apache.nifi.processors.standard.RouteText - RouteText[id=88577823-16f9-4de2-ba04-780edacb1bd8] Routing FlowFile[1038,97609501600191.mockFlowFile,23B] to original
[main] DEBUG org.apache.nifi.processors.standard.RouteText - RouteText[id=88577823-16f9-4de2-ba04-780edacb1bd8] Adding new dynamic property: PropertyDescriptor[simple]
[pool-2842-thread-1] INFO org.apache.nifi.processors.standard.RouteText - RouteText[id=88577823-16f9-4de2-ba04-780edacb1bd8] Created FlowFile[1041,97609502206757.mockFlowFile,23B] from FlowFile[1040,97609502206757.mockFlowFile,23B]; routing to relationship simple
[pool-2842-thread-1] INFO org.apache.nifi.processors.standard.RouteText - RouteText[id=88577823-16f9-4de2-ba04-780edacb1bd8] Routing FlowFile[1040,97609502206757.mockFlowFile,23B] to original
[main] DEBUG org.apache.nifi.processors.standard.RouteText - RouteText[id=88577823-16f9-4de2-ba04-780edacb1bd8] Adding new dynamic property: PropertyDescriptor[simple]
[pool-2843-thread-1] INFO org.apache.nifi.processors.standard.RouteText - RouteText[id=88577823-16f9-4de2-ba04-780edacb1bd8] Created FlowFile[1043,97609502698311.mockFlowFile,23B] from FlowFile[1042,97609502698311.mockFlowFile,23B]; routing to relationship simple
[pool-2843-thread-1] INFO org.apache.nifi.processors.standard.RouteText - RouteText[id=88577823-16f9-4de2-ba04-780edacb1bd8] Routing FlowFile[1042,97609502698311.mockFlowFile,23B] to original
[main] DEBUG org.apache.nifi.processors.standard.RouteText - RouteText[id=88577823-16f9-4de2-ba04-780edacb1bd8] Adding new dynamic property: PropertyDescriptor[simple]
[pool-2844-thread-1] INFO org.apache.nifi.processors.standard.RouteText - RouteText[id=88577823-16f9-4de2-ba04-780edacb1bd8] Created FlowFile[1045,97609503183793.mockFlowFile,23B] from FlowFile[1044,97609503183793.mockFlowFile,23B]; routing to relationship simple
[pool-2844-thread-1] INFO org.apache.nifi.processors.standard.RouteText - RouteText[id=88577823-16f9-4de2-ba04-780edacb1bd8] Routing FlowFile[1044,97609503183793.mockFlowFile,23B] to original
[main] DEBUG org.apache.nifi.processors.standard.RouteText - RouteText[id=88577823-16f9-4de2-ba04-780edacb1bd8] Adding new dynamic property: PropertyDescriptor[simple]
[pool-2845-thread-1] INFO org.apache.nifi.processors.standard.RouteText - RouteText[id=88577823-16f9-4de2-ba04-780edacb1bd8] Created FlowFile[1047,97609503624838.mockFlowFile,23B] from FlowFile[1046,97609503624838.mockFlowFile,23B]; routing to relationship simple
[pool-2845-thread-1] INFO org.apache.nifi.processors.standard.RouteText - RouteText[id=88577823-16f9-4de2-ba04-780edacb1bd8] Routing FlowFile[1046,97609503624838.mockFlowFile,23B] to original
[main] DEBUG org.apache.nifi.processors.standard.RouteText - RouteText[id=88577823-16f9-4de2-ba04-780edacb1bd8] Adding new dynamic property: PropertyDescriptor[simple]
[pool-2846-thread-1] INFO org.apache.nifi.processors.standard.RouteText - RouteText[id=88577823-16f9-4de2-ba04-780edacb1bd8] Created FlowFile[1049,97609504106681.mockFlowFile,23B] from FlowFile[1048,97609504106681.mockFlowFile,23B]; routing to relationship simple
[pool-2846-thread-1] INFO org.apache.nifi.processors.standard.RouteText - RouteText[id=88577823-16f9-4de2-ba04-780edacb1bd8] Routing FlowFile[1048,97609504106681.mockFlowFile,23B] to original
[main] DEBUG org.apache.nifi.processors.standard.RouteText - RouteText[id=88577823-16f9-4de2-ba04-780edacb1bd8] Adding new dynamic property: PropertyDescriptor[simple]
[pool-2847-thread-1] INFO org.apache.nifi.processors.standard.RouteText - RouteText[id=88577823-16f9-4de2-ba04-780edacb1bd8] Created FlowFile[1051,97609504576571.mockFlowFile,23B] from FlowFile[1050,97609504576571.mockFlowFile,23B]; routing to relationship simple
[pool-2847-thread-1] INFO org.apache.nifi.processors.standard.RouteText - RouteText[id=88577823-16f9-4de2-ba04-780edacb1bd8] Routing FlowFile[1050,97609504576571.mockFlowFile,23B] to original
[main] DEBUG org.apache.nifi.processors.standard.RouteText - RouteText[id=88577823-16f9-4de2-ba04-780edacb1bd8] Adding new dynamic property: PropertyDescriptor[simple]
[pool-2848-thread-1] INFO org.apache.nifi.processors.standard.RouteText - RouteText[id=88577823-16f9-4de2-ba04-780edacb1bd8] Created FlowFile[1053,97609505014994.mockFlowFile,23B] from FlowFile[1052,97609505014994.mockFlowFile,23B]; routing to relationship simple
[pool-2848-thread-1] INFO org.apache.nifi.processors.standard.RouteText - RouteText[id=88577823-16f9-4de2-ba04-780edacb1bd8] Routing FlowFile[1052,97609505014994.mockFlowFile,23B] to original
[main] DEBUG org.apache.nifi.processors.standard.RouteText - RouteText[id=88577823-16f9-4de2-ba04-780edacb1bd8] Adding new dynamic property: PropertyDescriptor[simple]
[pool-2849-thread-1] INFO org.apache.nifi.processors.standard.RouteText - RouteText[id=88577823-16f9-4de2-ba04-780edacb1bd8] Created FlowFile[1055,97609505445086.mockFlowFile,23B] from FlowFile[1054,97609505445086.mockFlowFile,23B]; routing to relationship simple
[pool-2849-thread-1] INFO org.apache.nifi.processors.standard.RouteText - RouteText[id=88577823-16f9-4de2-ba04-780edacb1bd8] Routing FlowFile[1054,97609505445086.mockFlowFile,23B] to original
[main] DEBUG org.apache.nifi.processors.standard.RouteText - RouteText[id=88577823-16f9-4de2-ba04-780edacb1bd8] Adding new dynamic property: PropertyDescriptor[simple]
[pool-2850-thread-1] INFO org.apache.nifi.processors.standard.RouteText - RouteText[id=88577823-16f9-4de2-ba04-780edacb1bd8] Created FlowFile[1057,97609505894523.mockFlowFile,23B] from FlowFile[1056,97609505894523.mockFlowFile,23B]; routing to relationship simple
[pool-2850-thread-1] INFO org.apache.nifi.processors.standard.RouteText - RouteText[id=88577823-16f9-4de2-ba04-780edacb1bd8] Routing FlowFile[1056,97609505894523.mockFlowFile,23B] to original
[main] DEBUG org.apache.nifi.processors.standard.RouteText - RouteText[id=88577823-16f9-4de2-ba04-780edacb1bd8] Adding new dynamic property: PropertyDescriptor[simple]
[pool-2851-thread-1] INFO org.apache.nifi.processors.standard.RouteText - RouteText[id=88577823-16f9-4de2-ba04-780edacb1bd8] Created FlowFile[1059,97609506333718.mockFlowFile,23B] from FlowFile[1058,97609506333718.mockFlowFile,23B]; routing to relationship simple
[pool-2851-thread-1] INFO org.apache.nifi.processors.standard.RouteText - RouteText[id=88577823-16f9-4de2-ba04-780edacb1bd8] Routing FlowFile[1058,97609506333718.mockFlowFile,23B] to original
[main] DEBUG org.apache.nifi.processors.standard.RouteText - RouteText[id=88577823-16f9-4de2-ba04-780edacb1bd8] Adding new dynamic property: PropertyDescriptor[simple]
[pool-2852-thread-1] INFO org.apache.nifi.processors.standard.RouteText - RouteText[id=88577823-16f9-4de2-ba04-780edacb1bd8] Created FlowFile[1061,97609506748556.mockFlowFile,23B] from FlowFile[1060,97609506748556.mockFlowFile,23B]; routing to relationship simple
[pool-2852-thread-1] INFO org.apache.nifi.processors.standard.RouteText - RouteText[id=88577823-16f9-4de2-ba04-780edacb1bd8] Routing FlowFile[1060,97609506748556.mockFlowFile,23B] to original
[main] DEBUG org.apache.nifi.processors.standard.RouteText - RouteText[id=88577823-16f9-4de2-ba04-780edacb1bd8] Adding new dynamic property: PropertyDescriptor[simple]
[pool-2853-thread-1] INFO org.apache.nifi.processors.standard.RouteText - RouteText[id=88577823-16f9-4de2-ba04-780edacb1bd8] Created FlowFile[1063,97609507173121.mockFlowFile,23B] from FlowFile[1062,97609507173121.mockFlowFile,23B]; routing to relationship simple
[pool-2853-thread-1] INFO org.apache.nifi.processors.standard.RouteText - RouteText[id=88577823-16f9-4de2-ba04-780edacb1bd8] Routing FlowFile[1062,97609507173121.mockFlowFile,23B] to original
[main] DEBUG org.apache.nifi.processors.standard.RouteText - RouteText[id=88577823-16f9-4de2-ba04-780edacb1bd8] Adding new dynamic property: PropertyDescriptor[simple]
[pool-2854-thread-1] INFO org.apache.nifi.processors.standard.RouteText - RouteText[id=88577823-16f9-4de2-ba04-780edacb1bd8] Created FlowFile[1065,97609507582950.mockFlowFile,23B] from FlowFile[1064,97609507582950.mockFlowFile,23B]; routing to relationship simple
[pool-2854-thread-1] INFO org.apache.nifi.processors.standard.RouteText - RouteText[id=88577823-16f9-4de2-ba04-780edacb1bd8] Routing FlowFile[1064,97609507582950.mockFlowFile,23B] to original
[main] DEBUG org.apache.nifi.processors.standard.RouteText - RouteText[id=88577823-16f9-4de2-ba04-780edacb1bd8] Adding new dynamic property: PropertyDescriptor[simple]
[pool-2855-thread-1] INFO org.apache.nifi.processors.standard.RouteText - RouteText[id=88577823-16f9-4de2-ba04-780edacb1bd8] Created FlowFile[1067,97609508080446.mockFlowFile,23B] from FlowFile[1066,97609508080446.mockFlowFile,23B]; routing to relationship simple
[pool-2855-thread-1] INFO org.apache.nifi.processors.standard.RouteText - RouteText[id=88577823-16f9-4de2-ba04-780edacb1bd8] Routing FlowFile[1066,97609508080446.mockFlowFile,23B] to original
[main] DEBUG org.apache.nifi.processors.standard.RouteText - RouteText[id=88577823-16f9-4de2-ba04-780edacb1bd8] Adding new dynamic property: PropertyDescriptor[simple]
[pool-2856-thread-1] INFO org.apache.nifi.processors.standard.RouteText - RouteText[id=88577823-16f9-4de2-ba04-780edacb1bd8] Created FlowFile[1069,97609508564317.mockFlowFile,23B] from FlowFile[1068,97609508564317.mockFlowFile,23B]; routing to relationship simple
[pool-2856-thread-1] INFO org.apache.nifi.processors.standard.RouteText - RouteText[id=88577823-16f9-4de2-ba04-780edacb1bd8] Routing FlowFile[1068,97609508564317.mockFlowFile,23B] to original
[main] DEBUG org.apache.nifi.processors.standard.RouteText - RouteText[id=88577823-16f9-4de2-ba04-780edacb1bd8] Adding new dynamic property: PropertyDescriptor[simple]
[pool-2857-thread-1] INFO org.apache.nifi.processors.standard.RouteText - RouteText[id=88577823-16f9-4de2-ba04-780edacb1bd8] Created FlowFile[1071,97609509022992.mockFlowFile,23B] from FlowFile[1070,97609509022992.mockFlowFile,23B]; routing to relationship simple
[pool-2857-thread-1] INFO org.apache.nifi.processors.standard.RouteText - RouteText[id=88577823-16f9-4de2-ba04-780edacb1bd8] Routing FlowFile[1070,97609509022992.mockFlowFile,23B] to original
[main] DEBUG org.apache.nifi.processors.standard.RouteText - RouteText[id=88577823-16f9-4de2-ba04-780edacb1bd8] Adding new dynamic property: PropertyDescriptor[simple]
[pool-2858-thread-1] INFO org.apache.nifi.processors.standard.RouteText - RouteText[id=88577823-16f9-4de2-ba04-780edacb1bd8] Created FlowFile[1073,97609509473144.mockFlowFile,23B] from FlowFile[1072,97609509473144.mockFlowFile,23B]; routing to relationship simple
[pool-2858-thread-1] INFO org.apache.nifi.processors.standard.RouteText - RouteText[id=88577823-16f9-4de2-ba04-780edacb1bd8] Routing FlowFile[1072,97609509473144.mockFlowFile,23B] to original
[main] DEBUG org.apache.nifi.processors.standard.RouteText - RouteText[id=88577823-16f9-4de2-ba04-780edacb1bd8] Adding new dynamic property: PropertyDescriptor[simple]
[pool-2859-thread-1] INFO org.apache.nifi.processors.standard.RouteText - RouteText[id=88577823-16f9-4de2-ba04-780edacb1bd8] Created FlowFile[1075,97609509931993.mockFlowFile,23B] from FlowFile[1074,97609509931993.mockFlowFile,23B]; routing to relationship simple
[pool-2859-thread-1] INFO org.apache.nifi.processors.standard.RouteText - RouteText[id=88577823-16f9-4de2-ba04-780edacb1bd8] Routing FlowFile[1074,97609509931993.mockFlowFile,23B] to original
[main] DEBUG org.apache.nifi.processors.standard.RouteText - RouteText[id=88577823-16f9-4de2-ba04-780edacb1bd8] Adding new dynamic property: PropertyDescriptor[simple]
[pool-2860-thread-1] INFO org.apache.nifi.processors.standard.RouteText - RouteText[id=88577823-16f9-4de2-ba04-780edacb1bd8] Created FlowFile[1077,97609510373194.mockFlowFile,23B] from FlowFile[1076,97609510373194.mockFlowFile,23B]; routing to relationship simple
[pool-2860-thread-1] INFO org.apache.nifi.processors.standard.RouteText - RouteText[id=88577823-16f9-4de2-ba04-780edacb1bd8] Routing FlowFile[1076,97609510373194.mockFlowFile,23B] to original
[main] DEBUG org.apache.nifi.processors.standard.RouteText - RouteText[id=88577823-16f9-4de2-ba04-780edacb1bd8] Adding new dynamic property: PropertyDescriptor[simple]
[pool-2861-thread-1] INFO org.apache.nifi.processors.standard.RouteText - RouteText[id=88577823-16f9-4de2-ba04-780edacb1bd8] Created FlowFile[1079,97609510794044.mockFlowFile,23B] from FlowFile[1078,97609510794044.mockFlowFile,23B]; routing to relationship simple
[pool-2861-thread-1] INFO org.apache.nifi.processors.standard.RouteText - RouteText[id=88577823-16f9-4de2-ba04-780edacb1bd8] Routing FlowFile[1078,97609510794044.mockFlowFile,23B] to original
[main] DEBUG org.apache.nifi.processors.standard.RouteText - RouteText[id=88577823-16f9-4de2-ba04-780edacb1bd8] Adding new dynamic property: PropertyDescriptor[simple]
[pool-2862-thread-1] INFO org.apache.nifi.processors.standard.RouteText - RouteText[id=88577823-16f9-4de2-ba04-780edacb1bd8] Created FlowFile[1081,97609511212648.mockFlowFile,23B] from FlowFile[1080,97609511212648.mockFlowFile,23B]; routing to relationship simple
[pool-2862-thread-1] INFO org.apache.nifi.processors.standard.RouteText - RouteText[id=88577823-16f9-4de2-ba04-780edacb1bd8] Routing FlowFile[1080,97609511212648.mockFlowFile,23B] to original
[main] DEBUG org.apache.nifi.processors.standard.RouteText - RouteText[id=88577823-16f9-4de2-ba04-780edacb1bd8] Adding new dynamic property: PropertyDescriptor[simple]
[pool-2863-thread-1] INFO org.apache.nifi.processors.standard.RouteText - RouteText[id=88577823-16f9-4de2-ba04-780edacb1bd8] Created FlowFile[1083,97609511642823.mockFlowFile,23B] from FlowFile[1082,97609511642823.mockFlowFile,23B]; routing to relationship simple
[pool-2863-thread-1] INFO org.apache.nifi.processors.standard.RouteText - RouteText[id=88577823-16f9-4de2-ba04-780edacb1bd8] Routing FlowFile[1082,97609511642823.mockFlowFile,23B] to original
[main] DEBUG org.apache.nifi.processors.standard.RouteText - RouteText[id=88577823-16f9-4de2-ba04-780edacb1bd8] Adding new dynamic property: PropertyDescriptor[simple]
[pool-2864-thread-1] INFO org.apache.nifi.processors.standard.RouteText - RouteText[id=88577823-16f9-4de2-ba04-780edacb1bd8] Created FlowFile[1085,97609512062673.mockFlowFile,23B] from FlowFile[1084,97609512062673.mockFlowFile,23B]; routing to relationship simple
[pool-2864-thread-1] INFO org.apache.nifi.processors.standard.RouteText - RouteText[id=88577823-16f9-4de2-ba04-780edacb1bd8] Routing FlowFile[1084,97609512062673.mockFlowFile,23B] to original
[main] DEBUG org.apache.nifi.processors.standard.RouteText - RouteText[id=88577823-16f9-4de2-ba04-780edacb1bd8] Adding new dynamic property: PropertyDescriptor[simple]
[pool-2865-thread-1] INFO org.apache.nifi.processors.standard.RouteText - RouteText[id=88577823-16f9-4de2-ba04-780edacb1bd8] Created FlowFile[1087,97609512512530.mockFlowFile,23B] from FlowFile[1086,97609512512530.mockFlowFile,23B]; routing to relationship simple
[pool-2865-thread-1] INFO org.apache.nifi.processors.standard.RouteText - RouteText[id=88577823-16f9-4de2-ba04-780edacb1bd8] Routing FlowFile[1086,97609512512530.mockFlowFile,23B] to original
[main] DEBUG org.apache.nifi.processors.standard.RouteText - RouteText[id=88577823-16f9-4de2-ba04-780edacb1bd8] Adding new dynamic property: PropertyDescriptor[simple]
[pool-2866-thread-1] INFO org.apache.nifi.processors.standard.RouteText - RouteText[id=88577823-16f9-4de2-ba04-780edacb1bd8] Created FlowFile[1089,97609512942795.mockFlowFile,23B] from FlowFile[1088,97609512942795.mockFlowFile,23B]; routing to relationship simple
[pool-2866-thread-1] INFO org.apache.nifi.processors.standard.RouteText - RouteText[id=88577823-16f9-4de2-ba04-780edacb1bd8] Routing FlowFile[1088,97609512942795.mockFlowFile,23B] to original
[main] DEBUG org.apache.nifi.processors.standard.RouteText - RouteText[id=88577823-16f9-4de2-ba04-780edacb1bd8] Adding new dynamic property: PropertyDescriptor[simple]
[pool-2867-thread-1] INFO org.apache.nifi.processors.standard.RouteText - RouteText[id=88577823-16f9-4de2-ba04-780edacb1bd8] Created FlowFile[1091,97609513390680.mockFlowFile,23B] from FlowFile[1090,97609513390680.mockFlowFile,23B]; routing to relationship simple
[pool-2867-thread-1] INFO org.apache.nifi.processors.standard.RouteText - RouteText[id=88577823-16f9-4de2-ba04-780edacb1bd8] Routing FlowFile[1090,97609513390680.mockFlowFile,23B] to original
[main] DEBUG org.apache.nifi.processors.standard.RouteText - RouteText[id=88577823-16f9-4de2-ba04-780edacb1bd8] Adding new dynamic property: PropertyDescriptor[simple]
[pool-2868-thread-1] INFO org.apache.nifi.processors.standard.RouteText - RouteText[id=88577823-16f9-4de2-ba04-780edacb1bd8] Created FlowFile[1093,97609513912931.mockFlowFile,23B] from FlowFile[1092,97609513912931.mockFlowFile,23B]; routing to relationship simple
[pool-2868-thread-1] INFO org.apache.nifi.processors.standard.RouteText - RouteText[id=88577823-16f9-4de2-ba04-780edacb1bd8] Routing FlowFile[1092,97609513912931.mockFlowFile,23B] to original
[main] DEBUG org.apache.nifi.processors.standard.RouteText - RouteText[id=88577823-16f9-4de2-ba04-780edacb1bd8] Adding new dynamic property: PropertyDescriptor[simple]
[pool-2869-thread-1] INFO org.apache.nifi.processors.standard.RouteText - RouteText[id=88577823-16f9-4de2-ba04-780edacb1bd8] Created FlowFile[1095,97609514415261.mockFlowFile,23B] from FlowFile[1094,97609514415261.mockFlowFile,23B]; routing to relationship simple
[pool-2869-thread-1] INFO org.apache.nifi.processors.standard.RouteText - RouteText[id=88577823-16f9-4de2-ba04-780edacb1bd8] Routing FlowFile[1094,97609514415261.mockFlowFile,23B] to original
[main] DEBUG org.apache.nifi.processors.standard.RouteText - RouteText[id=88577823-16f9-4de2-ba04-780edacb1bd8] Adding new dynamic property: PropertyDescriptor[simple]
[pool-2870-thread-1] INFO org.apache.nifi.processors.standard.RouteText - RouteText[id=88577823-16f9-4de2-ba04-780edacb1bd8] Created FlowFile[1097,97609514877126.mockFlowFile,23B] from FlowFile[1096,97609514877126.mockFlowFile,23B]; routing to relationship simple
[pool-2870-thread-1] INFO org.apache.nifi.processors.standard.RouteText - RouteText[id=88577823-16f9-4de2-ba04-780edacb1bd8] Routing FlowFile[1096,97609514877126.mockFlowFile,23B] to original
[main] DEBUG org.apache.nifi.processors.standard.RouteText - RouteText[id=88577823-16f9-4de2-ba04-780edacb1bd8] Adding new dynamic property: PropertyDescriptor[simple]
[pool-2871-thread-1] INFO org.apache.nifi.processors.standard.RouteText - RouteText[id=88577823-16f9-4de2-ba04-780edacb1bd8] Created FlowFile[1099,97609515335079.mockFlowFile,23B] from FlowFile[1098,97609515335079.mockFlowFile,23B]; routing to relationship simple
[pool-2871-thread-1] INFO org.apache.nifi.processors.standard.RouteText - RouteText[id=88577823-16f9-4de2-ba04-780edacb1bd8] Routing FlowFile[1098,97609515335079.mockFlowFile,23B] to original
[main] DEBUG org.apache.nifi.processors.standard.RouteText - RouteText[id=88577823-16f9-4de2-ba04-780edacb1bd8] Adding new dynamic property: PropertyDescriptor[simple]
[pool-2872-thread-1] INFO org.apache.nifi.processors.standard.RouteText - RouteText[id=88577823-16f9-4de2-ba04-780edacb1bd8] Created FlowFile[1101,97609515779993.mockFlowFile,23B] from FlowFile[1100,97609515779993.mockFlowFile,23B]; routing to relationship simple
[pool-2872-thread-1] INFO org.apache.nifi.processors.standard.RouteText - RouteText[id=88577823-16f9-4de2-ba04-780edacb1bd8] Routing FlowFile[1100,97609515779993.mockFlowFile,23B] to original
[main] DEBUG org.apache.nifi.processors.standard.RouteText - RouteText[id=88577823-16f9-4de2-ba04-780edacb1bd8] Adding new dynamic property: PropertyDescriptor[simple]
[pool-2873-thread-1] INFO org.apache.nifi.processors.standard.RouteText - RouteText[id=88577823-16f9-4de2-ba04-780edacb1bd8] Created FlowFile[1103,97609516212727.mockFlowFile,23B] from FlowFile[1102,97609516212727.mockFlowFile,23B]; routing to relationship simple
[pool-2873-thread-1] INFO org.apache.nifi.processors.standard.RouteText - RouteText[id=88577823-16f9-4de2-ba04-780edacb1bd8] Routing FlowFile[1102,97609516212727.mockFlowFile,23B] to original
[main] DEBUG org.apache.nifi.processors.standard.RouteText - RouteText[id=88577823-16f9-4de2-ba04-780edacb1bd8] Adding new dynamic property: PropertyDescriptor[simple]
[pool-2874-thread-1] INFO org.apache.nifi.processors.standard.RouteText - RouteText[id=88577823-16f9-4de2-ba04-780edacb1bd8] Created FlowFile[1105,97609516687153.mockFlowFile,23B] from FlowFile[1104,97609516687153.mockFlowFile,23B]; routing to relationship simple
[pool-2874-thread-1] INFO org.apache.nifi.processors.standard.RouteText - RouteText[id=88577823-16f9-4de2-ba04-780edacb1bd8] Routing FlowFile[1104,97609516687153.mockFlowFile,23B] to original
[main] DEBUG org.apache.nifi.processors.standard.RouteText - RouteText[id=88577823-16f9-4de2-ba04-780edacb1bd8] Adding new dynamic property: PropertyDescriptor[simple]
[pool-2875-thread-1] INFO org.apache.nifi.processors.standard.RouteText - RouteText[id=88577823-16f9-4de2-ba04-780edacb1bd8] Created FlowFile[1107,97609517128943.mockFlowFile,23B] from FlowFile[1106,97609517128943.mockFlowFile,23B]; routing to relationship simple
[pool-2875-thread-1] INFO org.apache.nifi.processors.standard.RouteText - RouteText[id=88577823-16f9-4de2-ba04-780edacb1bd8] Routing FlowFile[1106,97609517128943.mockFlowFile,23B] to original
[main] DEBUG org.apache.nifi.processors.standard.RouteText - RouteText[id=88577823-16f9-4de2-ba04-780edacb1bd8] Adding new dynamic property: PropertyDescriptor[simple]
[pool-2876-thread-1] INFO org.apache.nifi.processors.standard.RouteText - RouteText[id=88577823-16f9-4de2-ba04-780edacb1bd8] Created FlowFile[1109,97609517565027.mockFlowFile,23B] from FlowFile[1108,97609517565027.mockFlowFile,23B]; routing to relationship simple
[pool-2876-thread-1] INFO org.apache.nifi.processors.standard.RouteText - RouteText[id=88577823-16f9-4de2-ba04-780edacb1bd8] Routing FlowFile[1108,97609517565027.mockFlowFile,23B] to original
[main] DEBUG org.apache.nifi.processors.standard.RouteText - RouteText[id=88577823-16f9-4de2-ba04-780edacb1bd8] Adding new dynamic property: PropertyDescriptor[simple]
[pool-2877-thread-1] INFO org.apache.nifi.processors.standard.RouteText - RouteText[id=88577823-16f9-4de2-ba04-780edacb1bd8] Created FlowFile[1111,97609518016230.mockFlowFile,23B] from FlowFile[1110,97609518016230.mockFlowFile,23B]; routing to relationship simple
[pool-2877-thread-1] INFO org.apache.nifi.processors.standard.RouteText - RouteText[id=88577823-16f9-4de2-ba04-780edacb1bd8] Routing FlowFile[1110,97609518016230.mockFlowFile,23B] to original
[main] DEBUG org.apache.nifi.processors.standard.RouteText - RouteText[id=88577823-16f9-4de2-ba04-780edacb1bd8] Adding new dynamic property: PropertyDescriptor[simple]
[pool-2878-thread-1] INFO org.apache.nifi.processors.standard.RouteText - RouteText[id=88577823-16f9-4de2-ba04-780edacb1bd8] Created FlowFile[1113,97609518510652.mockFlowFile,23B] from FlowFile[1112,97609518510652.mockFlowFile,23B]; routing to relationship simple
[pool-2878-thread-1] INFO org.apache.nifi.processors.standard.RouteText - RouteText[id=88577823-16f9-4de2-ba04-780edacb1bd8] Routing FlowFile[1112,97609518510652.mockFlowFile,23B] to original
[main] DEBUG org.apache.nifi.processors.standard.RouteText - RouteText[id=88577823-16f9-4de2-ba04-780edacb1bd8] Adding new dynamic property: PropertyDescriptor[simple]
[pool-2879-thread-1] INFO org.apache.nifi.processors.standard.RouteText - RouteText[id=88577823-16f9-4de2-ba04-780edacb1bd8] Created FlowFile[1115,97609519052487.mockFlowFile,23B] from FlowFile[1114,97609519052487.mockFlowFile,23B]; routing to relationship simple
[pool-2879-thread-1] INFO org.apache.nifi.processors.standard.RouteText - RouteText[id=88577823-16f9-4de2-ba04-780edacb1bd8] Routing FlowFile[1114,97609519052487.mockFlowFile,23B] to original
[main] DEBUG org.apache.nifi.processors.standard.RouteText - RouteText[id=88577823-16f9-4de2-ba04-780edacb1bd8] Adding new dynamic property: PropertyDescriptor[simple]
[pool-2880-thread-1] INFO org.apache.nifi.processors.standard.RouteText - RouteText[id=88577823-16f9-4de2-ba04-780edacb1bd8] Created FlowFile[1117,97609519571200.mockFlowFile,23B] from FlowFile[1116,97609519571200.mockFlowFile,23B]; routing to relationship simple
[pool-2880-thread-1] INFO org.apache.nifi.processors.standard.RouteText - RouteText[id=88577823-16f9-4de2-ba04-780edacb1bd8] Routing FlowFile[1116,97609519571200.mockFlowFile,23B] to original
[main] DEBUG org.apache.nifi.processors.standard.RouteText - RouteText[id=88577823-16f9-4de2-ba04-780edacb1bd8] Adding new dynamic property: PropertyDescriptor[simple]
[pool-2881-thread-1] INFO org.apache.nifi.processors.standard.RouteText - RouteText[id=88577823-16f9-4de2-ba04-780edacb1bd8] Created FlowFile[1119,97609520110997.mockFlowFile,23B] from FlowFile[1118,97609520110997.mockFlowFile,23B]; routing to relationship simple
[pool-2881-thread-1] INFO org.apache.nifi.processors.standard.RouteText - RouteText[id=88577823-16f9-4de2-ba04-780edacb1bd8] Routing FlowFile[1118,97609520110997.mockFlowFile,23B] to original
[main] DEBUG org.apache.nifi.processors.standard.RouteText - RouteText[id=88577823-16f9-4de2-ba04-780edacb1bd8] Adding new dynamic property: PropertyDescriptor[simple]
[pool-2882-thread-1] INFO org.apache.nifi.processors.standard.RouteText - RouteText[id=88577823-16f9-4de2-ba04-780edacb1bd8] Created FlowFile[1121,97609520683732.mockFlowFile,23B] from FlowFile[1120,97609520683732.mockFlowFile,23B]; routing to relationship simple
[pool-2882-thread-1] INFO org.apache.nifi.processors.standard.RouteText - RouteText[id=88577823-16f9-4de2-ba04-780edacb1bd8] Routing FlowFile[1120,97609520683732.mockFlowFile,23B] to original
[main] DEBUG org.apache.nifi.processors.standard.RouteText - RouteText[id=88577823-16f9-4de2-ba04-780edacb1bd8] Adding new dynamic property: PropertyDescriptor[simple]
[pool-2883-thread-1] INFO org.apache.nifi.processors.standard.RouteText - RouteText[id=88577823-16f9-4de2-ba04-780edacb1bd8] Created FlowFile[1123,97609521178005.mockFlowFile,23B] from FlowFile[1122,97609521178005.mockFlowFile,23B]; routing to relationship simple
[pool-2883-thread-1] INFO org.apache.nifi.processors.standard.RouteText - RouteText[id=88577823-16f9-4de2-ba04-780edacb1bd8] Routing FlowFile[1122,97609521178005.mockFlowFile,23B] to original
[main] DEBUG org.apache.nifi.processors.standard.RouteText - RouteText[id=88577823-16f9-4de2-ba04-780edacb1bd8] Adding new dynamic property: PropertyDescriptor[simple]
[pool-2884-thread-1] INFO org.apache.nifi.processors.standard.RouteText - RouteText[id=88577823-16f9-4de2-ba04-780edacb1bd8] Created FlowFile[1125,97609521687939.mockFlowFile,23B] from FlowFile[1124,97609521687939.mockFlowFile,23B]; routing to relationship simple
[pool-2884-thread-1] INFO org.apache.nifi.processors.standard.RouteText - RouteText[id=88577823-16f9-4de2-ba04-780edacb1bd8] Routing FlowFile[1124,97609521687939.mockFlowFile,23B] to original
[main] DEBUG org.apache.nifi.processors.standard.RouteText - RouteText[id=88577823-16f9-4de2-ba04-780edacb1bd8] Adding new dynamic property: PropertyDescriptor[simple]
[pool-2885-thread-1] INFO org.apache.nifi.processors.standard.RouteText - RouteText[id=88577823-16f9-4de2-ba04-780edacb1bd8] Created FlowFile[1127,97609522218471.mockFlowFile,23B] from FlowFile[1126,97609522218471.mockFlowFile,23B]; routing to relationship simple
[pool-2885-thread-1] INFO org.apache.nifi.processors.standard.RouteText - RouteText[id=88577823-16f9-4de2-ba04-780edacb1bd8] Routing FlowFile[1126,97609522218471.mockFlowFile,23B] to original
[main] DEBUG org.apache.nifi.processors.standard.RouteText - RouteText[id=88577823-16f9-4de2-ba04-780edacb1bd8] Adding new dynamic property: PropertyDescriptor[simple]
[pool-2886-thread-1] INFO org.apache.nifi.processors.standard.RouteText - RouteText[id=88577823-16f9-4de2-ba04-780edacb1bd8] Created FlowFile[1129,97609522709992.mockFlowFile,23B] from FlowFile[1128,97609522709992.mockFlowFile,23B]; routing to relationship simple
[pool-2886-thread-1] INFO org.apache.nifi.processors.standard.RouteText - RouteText[id=88577823-16f9-4de2-ba04-780edacb1bd8] Routing FlowFile[1128,97609522709992.mockFlowFile,23B] to original
[main] DEBUG org.apache.nifi.processors.standard.RouteText - RouteText[id=88577823-16f9-4de2-ba04-780edacb1bd8] Adding new dynamic property: PropertyDescriptor[simple]
[pool-2887-thread-1] INFO org.apache.nifi.processors.standard.RouteText - RouteText[id=88577823-16f9-4de2-ba04-780edacb1bd8] Created FlowFile[1131,97609523221783.mockFlowFile,23B] from FlowFile[1130,97609523221783.mockFlowFile,23B]; routing to relationship simple
[pool-2887-thread-1] INFO org.apache.nifi.processors.standard.RouteText - RouteText[id=88577823-16f9-4de2-ba04-780edacb1bd8] Routing FlowFile[1130,97609523221783.mockFlowFile,23B] to original
[main] DEBUG org.apache.nifi.processors.standard.RouteText - RouteText[id=88577823-16f9-4de2-ba04-780edacb1bd8] Adding new dynamic property: PropertyDescriptor[simple]
[pool-2888-thread-1] INFO org.apache.nifi.processors.standard.RouteText - RouteText[id=88577823-16f9-4de2-ba04-780edacb1bd8] Created FlowFile[1133,97609523746386.mockFlowFile,23B] from FlowFile[1132,97609523746386.mockFlowFile,23B]; routing to relationship simple
[pool-2888-thread-1] INFO org.apache.nifi.processors.standard.RouteText - RouteText[id=88577823-16f9-4de2-ba04-780edacb1bd8] Routing FlowFile[1132,97609523746386.mockFlowFile,23B] to original
[main] DEBUG org.apache.nifi.processors.standard.RouteText - RouteText[id=88577823-16f9-4de2-ba04-780edacb1bd8] Adding new dynamic property: PropertyDescriptor[simple]
[pool-2889-thread-1] INFO org.apache.nifi.processors.standard.RouteText - RouteText[id=88577823-16f9-4de2-ba04-780edacb1bd8] Created FlowFile[1135,97609524282304.mockFlowFile,23B] from FlowFile[1134,97609524282304.mockFlowFile,23B]; routing to relationship simple
[pool-2889-thread-1] INFO org.apache.nifi.processors.standard.RouteText - RouteText[id=88577823-16f9-4de2-ba04-780edacb1bd8] Routing FlowFile[1134,97609524282304.mockFlowFile,23B] to original
[main] DEBUG org.apache.nifi.processors.standard.RouteText - RouteText[id=88577823-16f9-4de2-ba04-780edacb1bd8] Adding new dynamic property: PropertyDescriptor[simple]
[pool-2890-thread-1] INFO org.apache.nifi.processors.standard.RouteText - RouteText[id=88577823-16f9-4de2-ba04-780edacb1bd8] Created FlowFile[1137,97609524783465.mockFlowFile,23B] from FlowFile[1136,97609524783465.mockFlowFile,23B]; routing to relationship simple
[pool-2890-thread-1] INFO org.apache.nifi.processors.standard.RouteText - RouteText[id=88577823-16f9-4de2-ba04-780edacb1bd8] Routing FlowFile[1136,97609524783465.mockFlowFile,23B] to original
[main] DEBUG org.apache.nifi.processors.standard.RouteText - RouteText[id=88577823-16f9-4de2-ba04-780edacb1bd8] Adding new dynamic property: PropertyDescriptor[simple]
[pool-2891-thread-1] INFO org.apache.nifi.processors.standard.RouteText - RouteText[id=88577823-16f9-4de2-ba04-780edacb1bd8] Created FlowFile[1139,97609525280258.mockFlowFile,23B] from FlowFile[1138,97609525280258.mockFlowFile,23B]; routing to relationship simple
[pool-2891-thread-1] INFO org.apache.nifi.processors.standard.RouteText - RouteText[id=88577823-16f9-4de2-ba04-780edacb1bd8] Routing FlowFile[1138,97609525280258.mockFlowFile,23B] to original
[main] DEBUG org.apache.nifi.processors.standard.RouteText - RouteText[id=88577823-16f9-4de2-ba04-780edacb1bd8] Adding new dynamic property: PropertyDescriptor[simple]
[pool-2892-thread-1] INFO org.apache.nifi.processors.standard.RouteText - RouteText[id=88577823-16f9-4de2-ba04-780edacb1bd8] Created FlowFile[1141,97609525789156.mockFlowFile,23B] from FlowFile[1140,97609525789156.mockFlowFile,23B]; routing to relationship simple
[pool-2892-thread-1] INFO org.apache.nifi.processors.standard.RouteText - RouteText[id=88577823-16f9-4de2-ba04-780edacb1bd8] Routing FlowFile[1140,97609525789156.mockFlowFile,23B] to original
[main] DEBUG org.apache.nifi.processors.standard.RouteText - RouteText[id=88577823-16f9-4de2-ba04-780edacb1bd8] Adding new dynamic property: PropertyDescriptor[simple]
[pool-2893-thread-1] INFO org.apache.nifi.processors.standard.RouteText - RouteText[id=88577823-16f9-4de2-ba04-780edacb1bd8] Created FlowFile[1143,97609526291987.mockFlowFile,23B] from FlowFile[1142,97609526291987.mockFlowFile,23B]; routing to relationship simple
[pool-2893-thread-1] INFO org.apache.nifi.processors.standard.RouteText - RouteText[id=88577823-16f9-4de2-ba04-780edacb1bd8] Routing FlowFile[1142,97609526291987.mockFlowFile,23B] to original
[main] DEBUG org.apache.nifi.processors.standard.RouteText - RouteText[id=88577823-16f9-4de2-ba04-780edacb1bd8] Adding new dynamic property: PropertyDescriptor[simple]
[pool-2894-thread-1] INFO org.apache.nifi.processors.standard.RouteText - RouteText[id=88577823-16f9-4de2-ba04-780edacb1bd8] Created FlowFile[1145,97609526762443.mockFlowFile,23B] from FlowFile[1144,97609526762443.mockFlowFile,23B]; routing to relationship simple
[pool-2894-thread-1] INFO org.apache.nifi.processors.standard.RouteText - RouteText[id=88577823-16f9-4de2-ba04-780edacb1bd8] Routing FlowFile[1144,97609526762443.mockFlowFile,23B] to original
[main] DEBUG org.apache.nifi.processors.standard.RouteText - RouteText[id=88577823-16f9-4de2-ba04-780edacb1bd8] Adding new dynamic property: PropertyDescriptor[simple]
[pool-2895-thread-1] INFO org.apache.nifi.processors.standard.RouteText - RouteText[id=88577823-16f9-4de2-ba04-780edacb1bd8] Created FlowFile[1147,97609527210303.mockFlowFile,23B] from FlowFile[1146,97609527210303.mockFlowFile,23B]; routing to relationship simple
[pool-2895-thread-1] INFO org.apache.nifi.processors.standard.RouteText - RouteText[id=88577823-16f9-4de2-ba04-780edacb1bd8] Routing FlowFile[1146,97609527210303.mockFlowFile,23B] to original
[main] DEBUG org.apache.nifi.processors.standard.RouteText - RouteText[id=88577823-16f9-4de2-ba04-780edacb1bd8] Adding new dynamic property: PropertyDescriptor[simple]
[pool-2896-thread-1] INFO org.apache.nifi.processors.standard.RouteText - RouteText[id=88577823-16f9-4de2-ba04-780edacb1bd8] Created FlowFile[1149,97609527712144.mockFlowFile,23B] from FlowFile[1148,97609527712144.mockFlowFile,23B]; routing to relationship simple
[pool-2896-thread-1] INFO org.apache.nifi.processors.standard.RouteText - RouteText[id=88577823-16f9-4de2-ba04-780edacb1bd8] Routing FlowFile[1148,97609527712144.mockFlowFile,23B] to original
[main] DEBUG org.apache.nifi.processors.standard.RouteText - RouteText[id=88577823-16f9-4de2-ba04-780edacb1bd8] Adding new dynamic property: PropertyDescriptor[simple]
[pool-2897-thread-1] INFO org.apache.nifi.processors.standard.RouteText - RouteText[id=88577823-16f9-4de2-ba04-780edacb1bd8] Created FlowFile[1151,97609528216953.mockFlowFile,23B] from FlowFile[1150,97609528216953.mockFlowFile,23B]; routing to relationship simple
[pool-2897-thread-1] INFO org.apache.nifi.processors.standard.RouteText - RouteText[id=88577823-16f9-4de2-ba04-780edacb1bd8] Routing FlowFile[1150,97609528216953.mockFlowFile,23B] to original
[main] DEBUG org.apache.nifi.processors.standard.RouteText - RouteText[id=88577823-16f9-4de2-ba04-780edacb1bd8] Adding new dynamic property: PropertyDescriptor[simple]
[pool-2898-thread-1] INFO org.apache.nifi.processors.standard.RouteText - RouteText[id=88577823-16f9-4de2-ba04-780edacb1bd8] Created FlowFile[1153,97609528688620.mockFlowFile,23B] from FlowFile[1152,97609528688620.mockFlowFile,23B]; routing to relationship simple
[pool-2898-thread-1] INFO org.apache.nifi.processors.standard.RouteText - RouteText[id=88577823-16f9-4de2-ba04-780edacb1bd8] Routing FlowFile[1152,97609528688620.mockFlowFile,23B] to original
[main] DEBUG org.apache.nifi.processors.standard.RouteText - RouteText[id=88577823-16f9-4de2-ba04-780edacb1bd8] Adding new dynamic property: PropertyDescriptor[simple]
[pool-2899-thread-1] INFO org.apache.nifi.processors.standard.RouteText - RouteText[id=88577823-16f9-4de2-ba04-780edacb1bd8] Created FlowFile[1155,97609529328707.mockFlowFile,23B] from FlowFile[1154,97609529328707.mockFlowFile,23B]; routing to relationship simple
[pool-2899-thread-1] INFO org.apache.nifi.processors.standard.RouteText - RouteText[id=88577823-16f9-4de2-ba04-780edacb1bd8] Routing FlowFile[1154,97609529328707.mockFlowFile,23B] to original
[main] DEBUG org.apache.nifi.processors.standard.RouteText - RouteText[id=88577823-16f9-4de2-ba04-780edacb1bd8] Adding new dynamic property: PropertyDescriptor[simple]
[pool-2900-thread-1] INFO org.apache.nifi.processors.standard.RouteText - RouteText[id=88577823-16f9-4de2-ba04-780edacb1bd8] Created FlowFile[1157,97609531572113.mockFlowFile,23B] from FlowFile[1156,97609531572113.mockFlowFile,23B]; routing to relationship simple
[pool-2900-thread-1] INFO org.apache.nifi.processors.standard.RouteText - RouteText[id=88577823-16f9-4de2-ba04-780edacb1bd8] Routing FlowFile[1156,97609531572113.mockFlowFile,23B] to original
[main] DEBUG org.apache.nifi.processors.standard.RouteText - RouteText[id=88577823-16f9-4de2-ba04-780edacb1bd8] Adding new dynamic property: PropertyDescriptor[simple]
[pool-2901-thread-1] INFO org.apache.nifi.processors.standard.RouteText - RouteText[id=88577823-16f9-4de2-ba04-780edacb1bd8] Created FlowFile[1159,97609532181245.mockFlowFile,23B] from FlowFile[1158,97609532181245.mockFlowFile,23B]; routing to relationship simple
[pool-2901-thread-1] INFO org.apache.nifi.processors.standard.RouteText - RouteText[id=88577823-16f9-4de2-ba04-780edacb1bd8] Routing FlowFile[1158,97609532181245.mockFlowFile,23B] to original
[main] DEBUG org.apache.nifi.processors.standard.RouteText - RouteText[id=88577823-16f9-4de2-ba04-780edacb1bd8] Adding new dynamic property: PropertyDescriptor[simple]
[pool-2902-thread-1] INFO org.apache.nifi.processors.standard.RouteText - RouteText[id=88577823-16f9-4de2-ba04-780edacb1bd8] Created FlowFile[1161,97609532709953.mockFlowFile,23B] from FlowFile[1160,97609532709953.mockFlowFile,23B]; routing to relationship simple
[pool-2902-thread-1] INFO org.apache.nifi.processors.standard.RouteText - RouteText[id=88577823-16f9-4de2-ba04-780edacb1bd8] Routing FlowFile[1160,97609532709953.mockFlowFile,23B] to original
[main] DEBUG org.apache.nifi.processors.standard.RouteText - RouteText[id=88577823-16f9-4de2-ba04-780edacb1bd8] Adding new dynamic property: PropertyDescriptor[simple]
[pool-2903-thread-1] INFO org.apache.nifi.processors.standard.RouteText - RouteText[id=88577823-16f9-4de2-ba04-780edacb1bd8] Created FlowFile[1163,97609533229900.mockFlowFile,23B] from FlowFile[1162,97609533229900.mockFlowFile,23B]; routing to relationship simple
[pool-2903-thread-1] INFO org.apache.nifi.processors.standard.RouteText - RouteText[id=88577823-16f9-4de2-ba04-780edacb1bd8] Routing FlowFile[1162,97609533229900.mockFlowFile,23B] to original
[main] DEBUG org.apache.nifi.processors.standard.RouteText - RouteText[id=88577823-16f9-4de2-ba04-780edacb1bd8] Adding new dynamic property: PropertyDescriptor[simple]
[pool-2904-thread-1] INFO org.apache.nifi.processors.standard.RouteText - RouteText[id=88577823-16f9-4de2-ba04-780edacb1bd8] Created FlowFile[1165,97609533695652.mockFlowFile,23B] from FlowFile[1164,97609533695652.mockFlowFile,23B]; routing to relationship simple
[pool-2904-thread-1] INFO org.apache.nifi.processors.standard.RouteText - RouteText[id=88577823-16f9-4de2-ba04-780edacb1bd8] Routing FlowFile[1164,97609533695652.mockFlowFile,23B] to original
[main] DEBUG org.apache.nifi.processors.standard.RouteText - RouteText[id=88577823-16f9-4de2-ba04-780edacb1bd8] Adding new dynamic property: PropertyDescriptor[simple]
[pool-2905-thread-1] INFO org.apache.nifi.processors.standard.RouteText - RouteText[id=88577823-16f9-4de2-ba04-780edacb1bd8] Created FlowFile[1167,97609534157919.mockFlowFile,23B] from FlowFile[1166,97609534157919.mockFlowFile,23B]; routing to relationship simple
[pool-2905-thread-1] INFO org.apache.nifi.processors.standard.RouteText - RouteText[id=88577823-16f9-4de2-ba04-780edacb1bd8] Routing FlowFile[1166,97609534157919.mockFlowFile,23B] to original
[main] DEBUG org.apache.nifi.processors.standard.RouteText - RouteText[id=88577823-16f9-4de2-ba04-780edacb1bd8] Adding new dynamic property: PropertyDescriptor[simple]
[pool-2906-thread-1] INFO org.apache.nifi.processors.standard.RouteText - RouteText[id=88577823-16f9-4de2-ba04-780edacb1bd8] Created FlowFile[1169,97609534632812.mockFlowFile,23B] from FlowFile[1168,97609534632812.mockFlowFile,23B]; routing to relationship simple
[pool-2906-thread-1] INFO org.apache.nifi.processors.standard.RouteText - RouteText[id=88577823-16f9-4de2-ba04-780edacb1bd8] Routing FlowFile[1168,97609534632812.mockFlowFile,23B] to original
[main] DEBUG org.apache.nifi.processors.standard.RouteText - RouteText[id=88577823-16f9-4de2-ba04-780edacb1bd8] Adding new dynamic property: PropertyDescriptor[simple]
[pool-2907-thread-1] INFO org.apache.nifi.processors.standard.RouteText - RouteText[id=88577823-16f9-4de2-ba04-780edacb1bd8] Created FlowFile[1171,97609535113580.mockFlowFile,23B] from FlowFile[1170,97609535113580.mockFlowFile,23B]; routing to relationship simple
[pool-2907-thread-1] INFO org.apache.nifi.processors.standard.RouteText - RouteText[id=88577823-16f9-4de2-ba04-780edacb1bd8] Routing FlowFile[1170,97609535113580.mockFlowFile,23B] to original
[main] DEBUG org.apache.nifi.processors.standard.RouteText - RouteText[id=88577823-16f9-4de2-ba04-780edacb1bd8] Adding new dynamic property: PropertyDescriptor[simple]
[pool-2908-thread-1] INFO org.apache.nifi.processors.standard.RouteText - RouteText[id=88577823-16f9-4de2-ba04-780edacb1bd8] Created FlowFile[1173,97609535567566.mockFlowFile,23B] from FlowFile[1172,97609535567566.mockFlowFile,23B]; routing to relationship simple
[pool-2908-thread-1] INFO org.apache.nifi.processors.standard.RouteText - RouteText[id=88577823-16f9-4de2-ba04-780edacb1bd8] Routing FlowFile[1172,97609535567566.mockFlowFile,23B] to original
[main] DEBUG org.apache.nifi.processors.standard.RouteText - RouteText[id=88577823-16f9-4de2-ba04-780edacb1bd8] Adding new dynamic property: PropertyDescriptor[simple]
[pool-2909-thread-1] INFO org.apache.nifi.processors.standard.RouteText - RouteText[id=88577823-16f9-4de2-ba04-780edacb1bd8] Created FlowFile[1175,97609536022736.mockFlowFile,23B] from FlowFile[1174,97609536022736.mockFlowFile,23B]; routing to relationship simple
[pool-2909-thread-1] INFO org.apache.nifi.processors.standard.RouteText - RouteText[id=88577823-16f9-4de2-ba04-780edacb1bd8] Routing FlowFile[1174,97609536022736.mockFlowFile,23B] to original
[main] DEBUG org.apache.nifi.processors.standard.RouteText - RouteText[id=88577823-16f9-4de2-ba04-780edacb1bd8] Adding new dynamic property: PropertyDescriptor[simple]
[pool-2910-thread-1] INFO org.apache.nifi.processors.standard.RouteText - RouteText[id=88577823-16f9-4de2-ba04-780edacb1bd8] Created FlowFile[1177,97609536490407.mockFlowFile,23B] from FlowFile[1176,97609536490407.mockFlowFile,23B]; routing to relationship simple
[pool-2910-thread-1] INFO org.apache.nifi.processors.standard.RouteText - RouteText[id=88577823-16f9-4de2-ba04-780edacb1bd8] Routing FlowFile[1176,97609536490407.mockFlowFile,23B] to original
[main] DEBUG org.apache.nifi.processors.standard.RouteText - RouteText[id=88577823-16f9-4de2-ba04-780edacb1bd8] Adding new dynamic property: PropertyDescriptor[simple]
[pool-2911-thread-1] INFO org.apache.nifi.processors.standard.RouteText - RouteText[id=88577823-16f9-4de2-ba04-780edacb1bd8] Created FlowFile[1179,97609536968042.mockFlowFile,23B] from FlowFile[1178,97609536968042.mockFlowFile,23B]; routing to relationship simple
[pool-2911-thread-1] INFO org.apache.nifi.processors.standard.RouteText - RouteText[id=88577823-16f9-4de2-ba04-780edacb1bd8] Routing FlowFile[1178,97609536968042.mockFlowFile,23B] to original
[main] DEBUG org.apache.nifi.processors.standard.RouteText - RouteText[id=88577823-16f9-4de2-ba04-780edacb1bd8] Adding new dynamic property: PropertyDescriptor[simple]
[pool-2912-thread-1] INFO org.apache.nifi.processors.standard.RouteText - RouteText[id=88577823-16f9-4de2-ba04-780edacb1bd8] Created FlowFile[1181,97609537414884.mockFlowFile,23B] from FlowFile[1180,97609537414884.mockFlowFile,23B]; routing to relationship simple
[pool-2912-thread-1] INFO org.apache.nifi.processors.standard.RouteText - RouteText[id=88577823-16f9-4de2-ba04-780edacb1bd8] Routing FlowFile[1180,97609537414884.mockFlowFile,23B] to original
[main] DEBUG org.apache.nifi.processors.standard.RouteText - RouteText[id=88577823-16f9-4de2-ba04-780edacb1bd8] Adding new dynamic property: PropertyDescriptor[simple]
[pool-2913-thread-1] INFO org.apache.nifi.processors.standard.RouteText - RouteText[id=88577823-16f9-4de2-ba04-780edacb1bd8] Created FlowFile[1183,97609537855580.mockFlowFile,23B] from FlowFile[1182,97609537855580.mockFlowFile,23B]; routing to relationship simple
[pool-2913-thread-1] INFO org.apache.nifi.processors.standard.RouteText - RouteText[id=88577823-16f9-4de2-ba04-780edacb1bd8] Routing FlowFile[1182,97609537855580.mockFlowFile,23B] to original
[main] DEBUG org.apache.nifi.processors.standard.RouteText - RouteText[id=88577823-16f9-4de2-ba04-780edacb1bd8] Adding new dynamic property: PropertyDescriptor[simple]
[pool-2914-thread-1] INFO org.apache.nifi.processors.standard.RouteText - RouteText[id=88577823-16f9-4de2-ba04-780edacb1bd8] Created FlowFile[1185,97609538292649.mockFlowFile,23B] from FlowFile[1184,97609538292649.mockFlowFile,23B]; routing to relationship simple
[pool-2914-thread-1] INFO org.apache.nifi.processors.standard.RouteText - RouteText[id=88577823-16f9-4de2-ba04-780edacb1bd8] Routing FlowFile[1184,97609538292649.mockFlowFile,23B] to original
[main] DEBUG org.apache.nifi.processors.standard.RouteText - RouteText[id=88577823-16f9-4de2-ba04-780edacb1bd8] Adding new dynamic property: PropertyDescriptor[simple]
[pool-2915-thread-1] INFO org.apache.nifi.processors.standard.RouteText - RouteText[id=88577823-16f9-4de2-ba04-780edacb1bd8] Created FlowFile[1187,97609538729951.mockFlowFile,23B] from FlowFile[1186,97609538729951.mockFlowFile,23B]; routing to relationship simple
[pool-2915-thread-1] INFO org.apache.nifi.processors.standard.RouteText - RouteText[id=88577823-16f9-4de2-ba04-780edacb1bd8] Routing FlowFile[1186,97609538729951.mockFlowFile,23B] to original
[main] DEBUG org.apache.nifi.processors.standard.RouteText - RouteText[id=88577823-16f9-4de2-ba04-780edacb1bd8] Adding new dynamic property: PropertyDescriptor[simple]
[pool-2916-thread-1] INFO org.apache.nifi.processors.standard.RouteText - RouteText[id=88577823-16f9-4de2-ba04-780edacb1bd8] Created FlowFile[1189,97609539155672.mockFlowFile,23B] from FlowFile[1188,97609539155672.mockFlowFile,23B]; routing to relationship simple
[pool-2916-thread-1] INFO org.apache.nifi.processors.standard.RouteText - RouteText[id=88577823-16f9-4de2-ba04-780edacb1bd8] Routing FlowFile[1188,97609539155672.mockFlowFile,23B] to original
[main] DEBUG org.apache.nifi.processors.standard.RouteText - RouteText[id=88577823-16f9-4de2-ba04-780edacb1bd8] Adding new dynamic property: PropertyDescriptor[simple]
[pool-2917-thread-1] INFO org.apache.nifi.processors.standard.RouteText - RouteText[id=88577823-16f9-4de2-ba04-780edacb1bd8] Created FlowFile[1191,97609539605557.mockFlowFile,23B] from FlowFile[1190,97609539605557.mockFlowFile,23B]; routing to relationship simple
[pool-2917-thread-1] INFO org.apache.nifi.processors.standard.RouteText - RouteText[id=88577823-16f9-4de2-ba04-780edacb1bd8] Routing FlowFile[1190,97609539605557.mockFlowFile,23B] to original
[main] DEBUG org.apache.nifi.processors.standard.RouteText - RouteText[id=88577823-16f9-4de2-ba04-780edacb1bd8] Adding new dynamic property: PropertyDescriptor[simple]
[pool-2918-thread-1] INFO org.apache.nifi.processors.standard.RouteText - RouteText[id=88577823-16f9-4de2-ba04-780edacb1bd8] Created FlowFile[1193,97609540206737.mockFlowFile,23B] from FlowFile[1192,97609540206737.mockFlowFile,23B]; routing to relationship simple
[pool-2918-thread-1] INFO org.apache.nifi.processors.standard.RouteText - RouteText[id=88577823-16f9-4de2-ba04-780edacb1bd8] Routing FlowFile[1192,97609540206737.mockFlowFile,23B] to original
[main] DEBUG org.apache.nifi.processors.standard.RouteText - RouteText[id=88577823-16f9-4de2-ba04-780edacb1bd8] Adding new dynamic property: PropertyDescriptor[simple]
[pool-2919-thread-1] INFO org.apache.nifi.processors.standard.RouteText - RouteText[id=88577823-16f9-4de2-ba04-780edacb1bd8] Created FlowFile[1195,97609540693573.mockFlowFile,23B] from FlowFile[1194,97609540693573.mockFlowFile,23B]; routing to relationship simple
[pool-2919-thread-1] INFO org.apache.nifi.processors.standard.RouteText - RouteText[id=88577823-16f9-4de2-ba04-780edacb1bd8] Routing FlowFile[1194,97609540693573.mockFlowFile,23B] to original
[main] DEBUG org.apache.nifi.processors.standard.RouteText - RouteText[id=88577823-16f9-4de2-ba04-780edacb1bd8] Adding new dynamic property: PropertyDescriptor[simple]
[pool-2920-thread-1] INFO org.apache.nifi.processors.standard.RouteText - RouteText[id=88577823-16f9-4de2-ba04-780edacb1bd8] Created FlowFile[1197,97609541161403.mockFlowFile,23B] from FlowFile[1196,97609541161403.mockFlowFile,23B]; routing to relationship simple
[pool-2920-thread-1] INFO org.apache.nifi.processors.standard.RouteText - RouteText[id=88577823-16f9-4de2-ba04-780edacb1bd8] Routing FlowFile[1196,97609541161403.mockFlowFile,23B] to original
[main] DEBUG org.apache.nifi.processors.standard.RouteText - RouteText[id=88577823-16f9-4de2-ba04-780edacb1bd8] Adding new dynamic property: PropertyDescriptor[simple]
[pool-2921-thread-1] INFO org.apache.nifi.processors.standard.RouteText - RouteText[id=88577823-16f9-4de2-ba04-780edacb1bd8] Created FlowFile[1199,97609541591590.mockFlowFile,23B] from FlowFile[1198,97609541591590.mockFlowFile,23B]; routing to relationship simple
[pool-2921-thread-1] INFO org.apache.nifi.processors.standard.RouteText - RouteText[id=88577823-16f9-4de2-ba04-780edacb1bd8] Routing FlowFile[1198,97609541591590.mockFlowFile,23B] to original
[main] DEBUG org.apache.nifi.processors.standard.RouteText - RouteText[id=88577823-16f9-4de2-ba04-780edacb1bd8] Adding new dynamic property: PropertyDescriptor[simple]
[pool-2922-thread-1] INFO org.apache.nifi.processors.standard.RouteText - RouteText[id=88577823-16f9-4de2-ba04-780edacb1bd8] Created FlowFile[1201,97609542024764.mockFlowFile,23B] from FlowFile[1200,97609542024764.mockFlowFile,23B]; routing to relationship simple
[pool-2922-thread-1] INFO org.apache.nifi.processors.standard.RouteText - RouteText[id=88577823-16f9-4de2-ba04-780edacb1bd8] Routing FlowFile[1200,97609542024764.mockFlowFile,23B] to original
[main] DEBUG org.apache.nifi.processors.standard.RouteText - RouteText[id=88577823-16f9-4de2-ba04-780edacb1bd8] Adding new dynamic property: PropertyDescriptor[simple]
[pool-2923-thread-1] INFO org.apache.nifi.processors.standard.RouteText - RouteText[id=88577823-16f9-4de2-ba04-780edacb1bd8] Created FlowFile[1203,97609542440671.mockFlowFile,23B] from FlowFile[1202,97609542440671.mockFlowFile,23B]; routing to relationship simple
[pool-2923-thread-1] INFO org.apache.nifi.processors.standard.RouteText - RouteText[id=88577823-16f9-4de2-ba04-780edacb1bd8] Routing FlowFile[1202,97609542440671.mockFlowFile,23B] to original
[main] DEBUG org.apache.nifi.processors.standard.RouteText - RouteText[id=88577823-16f9-4de2-ba04-780edacb1bd8] Adding new dynamic property: PropertyDescriptor[simple]
[pool-2924-thread-1] INFO org.apache.nifi.processors.standard.RouteText - RouteText[id=88577823-16f9-4de2-ba04-780edacb1bd8] Created FlowFile[1205,97609542867407.mockFlowFile,23B] from FlowFile[1204,97609542867407.mockFlowFile,23B]; routing to relationship simple
[pool-2924-thread-1] INFO org.apache.nifi.processors.standard.RouteText - RouteText[id=88577823-16f9-4de2-ba04-780edacb1bd8] Routing FlowFile[1204,97609542867407.mockFlowFile,23B] to original
[main] DEBUG org.apache.nifi.processors.standard.RouteText - RouteText[id=88577823-16f9-4de2-ba04-780edacb1bd8] Adding new dynamic property: PropertyDescriptor[simple]
[pool-2925-thread-1] INFO org.apache.nifi.processors.standard.RouteText - RouteText[id=88577823-16f9-4de2-ba04-780edacb1bd8] Created FlowFile[1207,97609543382749.mockFlowFile,23B] from FlowFile[1206,97609543382749.mockFlowFile,23B]; routing to relationship simple
[pool-2925-thread-1] INFO org.apache.nifi.processors.standard.RouteText - RouteText[id=88577823-16f9-4de2-ba04-780edacb1bd8] Routing FlowFile[1206,97609543382749.mockFlowFile,23B] to original
[main] DEBUG org.apache.nifi.processors.standard.RouteText - RouteText[id=88577823-16f9-4de2-ba04-780edacb1bd8] Adding new dynamic property: PropertyDescriptor[simple]
[pool-2926-thread-1] INFO org.apache.nifi.processors.standard.RouteText - RouteText[id=88577823-16f9-4de2-ba04-780edacb1bd8] Created FlowFile[1209,97609543822164.mockFlowFile,23B] from FlowFile[1208,97609543822164.mockFlowFile,23B]; routing to relationship simple
[pool-2926-thread-1] INFO org.apache.nifi.processors.standard.RouteText - RouteText[id=88577823-16f9-4de2-ba04-780edacb1bd8] Routing FlowFile[1208,97609543822164.mockFlowFile,23B] to original
[main] DEBUG org.apache.nifi.processors.standard.RouteText - RouteText[id=88577823-16f9-4de2-ba04-780edacb1bd8] Adding new dynamic property: PropertyDescriptor[simple]
[pool-2927-thread-1] INFO org.apache.nifi.processors.standard.RouteText - RouteText[id=88577823-16f9-4de2-ba04-780edacb1bd8] Created FlowFile[1211,97609544277113.mockFlowFile,23B] from FlowFile[1210,97609544277113.mockFlowFile,23B]; routing to relationship simple
[pool-2927-thread-1] INFO org.apache.nifi.processors.standard.RouteText - RouteText[id=88577823-16f9-4de2-ba04-780edacb1bd8] Routing FlowFile[1210,97609544277113.mockFlowFile,23B] to original
[main] DEBUG org.apache.nifi.processors.standard.RouteText - RouteText[id=88577823-16f9-4de2-ba04-780edacb1bd8] Adding new dynamic property: PropertyDescriptor[simple]
[pool-2928-thread-1] INFO org.apache.nifi.processors.standard.RouteText - RouteText[id=88577823-16f9-4de2-ba04-780edacb1bd8] Created FlowFile[1213,97609544737318.mockFlowFile,23B] from FlowFile[1212,97609544737318.mockFlowFile,23B]; routing to relationship simple
[pool-2928-thread-1] INFO org.apache.nifi.processors.standard.RouteText - RouteText[id=88577823-16f9-4de2-ba04-780edacb1bd8] Routing FlowFile[1212,97609544737318.mockFlowFile,23B] to original
[main] DEBUG org.apache.nifi.processors.standard.RouteText - RouteText[id=88577823-16f9-4de2-ba04-780edacb1bd8] Adding new dynamic property: PropertyDescriptor[simple]
[pool-2929-thread-1] INFO org.apache.nifi.processors.standard.RouteText - RouteText[id=88577823-16f9-4de2-ba04-780edacb1bd8] Created FlowFile[1215,97609545172447.mockFlowFile,23B] from FlowFile[1214,97609545172447.mockFlowFile,23B]; routing to relationship simple
[pool-2929-thread-1] INFO org.apache.nifi.processors.standard.RouteText - RouteText[id=88577823-16f9-4de2-ba04-780edacb1bd8] Routing FlowFile[1214,97609545172447.mockFlowFile,23B] to original
[main] DEBUG org.apache.nifi.processors.standard.RouteText - RouteText[id=88577823-16f9-4de2-ba04-780edacb1bd8] Adding new dynamic property: PropertyDescriptor[simple]
[pool-2930-thread-1] INFO org.apache.nifi.processors.standard.RouteText - RouteText[id=88577823-16f9-4de2-ba04-780edacb1bd8] Created FlowFile[1217,97609545597530.mockFlowFile,23B] from FlowFile[1216,97609545597530.mockFlowFile,23B]; routing to relationship simple
[pool-2930-thread-1] INFO org.apache.nifi.processors.standard.RouteText - RouteText[id=88577823-16f9-4de2-ba04-780edacb1bd8] Routing FlowFile[1216,97609545597530.mockFlowFile,23B] to original
[main] DEBUG org.apache.nifi.processors.standard.RouteText - RouteText[id=88577823-16f9-4de2-ba04-780edacb1bd8] Adding new dynamic property: PropertyDescriptor[simple]
[pool-2931-thread-1] INFO org.apache.nifi.processors.standard.RouteText - RouteText[id=88577823-16f9-4de2-ba04-780edacb1bd8] Created FlowFile[1219,97609545999843.mockFlowFile,23B] from FlowFile[1218,97609545999843.mockFlowFile,23B]; routing to relationship simple
[pool-2931-thread-1] INFO org.apache.nifi.processors.standard.RouteText - RouteText[id=88577823-16f9-4de2-ba04-780edacb1bd8] Routing FlowFile[1218,97609545999843.mockFlowFile,23B] to original
[main] DEBUG org.apache.nifi.processors.standard.RouteText - RouteText[id=88577823-16f9-4de2-ba04-780edacb1bd8] Adding new dynamic property: PropertyDescriptor[simple]
[pool-2932-thread-1] INFO org.apache.nifi.processors.standard.RouteText - RouteText[id=88577823-16f9-4de2-ba04-780edacb1bd8] Created FlowFile[1221,97609546394418.mockFlowFile,23B] from FlowFile[1220,97609546394418.mockFlowFile,23B]; routing to relationship simple
[pool-2932-thread-1] INFO org.apache.nifi.processors.standard.RouteText - RouteText[id=88577823-16f9-4de2-ba04-780edacb1bd8] Routing FlowFile[1220,97609546394418.mockFlowFile,23B] to original
[main] DEBUG org.apache.nifi.processors.standard.RouteText - RouteText[id=88577823-16f9-4de2-ba04-780edacb1bd8] Adding new dynamic property: PropertyDescriptor[simple]
[pool-2933-thread-1] INFO org.apache.nifi.processors.standard.RouteText - RouteText[id=88577823-16f9-4de2-ba04-780edacb1bd8] Created FlowFile[1223,97609546793815.mockFlowFile,23B] from FlowFile[1222,97609546793815.mockFlowFile,23B]; routing to relationship simple
[pool-2933-thread-1] INFO org.apache.nifi.processors.standard.RouteText - RouteText[id=88577823-16f9-4de2-ba04-780edacb1bd8] Routing FlowFile[1222,97609546793815.mockFlowFile,23B] to original
[main] DEBUG org.apache.nifi.processors.standard.RouteText - RouteText[id=88577823-16f9-4de2-ba04-780edacb1bd8] Adding new dynamic property: PropertyDescriptor[simple]
[pool-2934-thread-1] INFO org.apache.nifi.processors.standard.RouteText - RouteText[id=88577823-16f9-4de2-ba04-780edacb1bd8] Created FlowFile[1225,97609547207409.mockFlowFile,23B] from FlowFile[1224,97609547207409.mockFlowFile,23B]; routing to relationship simple
[pool-2934-thread-1] INFO org.apache.nifi.processors.standard.RouteText - RouteText[id=88577823-16f9-4de2-ba04-780edacb1bd8] Routing FlowFile[1224,97609547207409.mockFlowFile,23B] to original
[main] DEBUG org.apache.nifi.processors.standard.RouteText - RouteText[id=88577823-16f9-4de2-ba04-780edacb1bd8] Adding new dynamic property: PropertyDescriptor[simple]
[pool-2935-thread-1] INFO org.apache.nifi.processors.standard.RouteText - RouteText[id=88577823-16f9-4de2-ba04-780edacb1bd8] Created FlowFile[1227,97609547615166.mockFlowFile,23B] from FlowFile[1226,97609547615166.mockFlowFile,23B]; routing to relationship simple
[pool-2935-thread-1] INFO org.apache.nifi.processors.standard.RouteText - RouteText[id=88577823-16f9-4de2-ba04-780edacb1bd8] Routing FlowFile[1226,97609547615166.mockFlowFile,23B] to original
[main] DEBUG org.apache.nifi.processors.standard.RouteText - RouteText[id=88577823-16f9-4de2-ba04-780edacb1bd8] Adding new dynamic property: PropertyDescriptor[simple]
[pool-2936-thread-1] INFO org.apache.nifi.processors.standard.RouteText - RouteText[id=88577823-16f9-4de2-ba04-780edacb1bd8] Created FlowFile[1229,97609548026963.mockFlowFile,23B] from FlowFile[1228,97609548026963.mockFlowFile,23B]; routing to relationship simple
[pool-2936-thread-1] INFO org.apache.nifi.processors.standard.RouteText - RouteText[id=88577823-16f9-4de2-ba04-780edacb1bd8] Routing FlowFile[1228,97609548026963.mockFlowFile,23B] to original
[main] DEBUG org.apache.nifi.processors.standard.RouteText - RouteText[id=88577823-16f9-4de2-ba04-780edacb1bd8] Adding new dynamic property: PropertyDescriptor[simple]
[pool-2937-thread-1] INFO org.apache.nifi.processors.standard.RouteText - RouteText[id=88577823-16f9-4de2-ba04-780edacb1bd8] Created FlowFile[1231,97609548470413.mockFlowFile,23B] from FlowFile[1230,97609548470413.mockFlowFile,23B]; routing to relationship simple
[pool-2937-thread-1] INFO org.apache.nifi.processors.standard.RouteText - RouteText[id=88577823-16f9-4de2-ba04-780edacb1bd8] Routing FlowFile[1230,97609548470413.mockFlowFile,23B] to original
[main] DEBUG org.apache.nifi.processors.standard.RouteText - RouteText[id=88577823-16f9-4de2-ba04-780edacb1bd8] Adding new dynamic property: PropertyDescriptor[simple]
[pool-2938-thread-1] INFO org.apache.nifi.processors.standard.RouteText - RouteText[id=88577823-16f9-4de2-ba04-780edacb1bd8] Created FlowFile[1233,97609548926574.mockFlowFile,23B] from FlowFile[1232,97609548926574.mockFlowFile,23B]; routing to relationship simple
[pool-2938-thread-1] INFO org.apache.nifi.processors.standard.RouteText - RouteText[id=88577823-16f9-4de2-ba04-780edacb1bd8] Routing FlowFile[1232,97609548926574.mockFlowFile,23B] to original
[main] DEBUG org.apache.nifi.processors.standard.RouteText - RouteText[id=88577823-16f9-4de2-ba04-780edacb1bd8] Adding new dynamic property: PropertyDescriptor[simple]
[pool-2939-thread-1] INFO org.apache.nifi.processors.standard.RouteText - RouteText[id=88577823-16f9-4de2-ba04-780edacb1bd8] Created FlowFile[1235,97609549360487.mockFlowFile,23B] from FlowFile[1234,97609549360487.mockFlowFile,23B]; routing to relationship simple
[pool-2939-thread-1] INFO org.apache.nifi.processors.standard.RouteText - RouteText[id=88577823-16f9-4de2-ba04-780edacb1bd8] Routing FlowFile[1234,97609549360487.mockFlowFile,23B] to original
[main] DEBUG org.apache.nifi.processors.standard.RouteText - RouteText[id=88577823-16f9-4de2-ba04-780edacb1bd8] Adding new dynamic property: PropertyDescriptor[simple]
[pool-2940-thread-1] INFO org.apache.nifi.processors.standard.RouteText - RouteText[id=88577823-16f9-4de2-ba04-780edacb1bd8] Created FlowFile[1237,97609549797450.mockFlowFile,23B] from FlowFile[1236,97609549797450.mockFlowFile,23B]; routing to relationship simple
[pool-2940-thread-1] INFO org.apache.nifi.processors.standard.RouteText - RouteText[id=88577823-16f9-4de2-ba04-780edacb1bd8] Routing FlowFile[1236,97609549797450.mockFlowFile,23B] to original
[main] DEBUG org.apache.nifi.processors.standard.RouteText - RouteText[id=88577823-16f9-4de2-ba04-780edacb1bd8] Adding new dynamic property: PropertyDescriptor[simple]
[pool-2941-thread-1] INFO org.apache.nifi.processors.standard.RouteText - RouteText[id=88577823-16f9-4de2-ba04-780edacb1bd8] Created FlowFile[1239,97609550224278.mockFlowFile,23B] from FlowFile[1238,97609550224278.mockFlowFile,23B]; routing to relationship simple
[pool-2941-thread-1] INFO org.apache.nifi.processors.standard.RouteText - RouteText[id=88577823-16f9-4de2-ba04-780edacb1bd8] Routing FlowFile[1238,97609550224278.mockFlowFile,23B] to original
[main] DEBUG org.apache.nifi.processors.standard.RouteText - RouteText[id=88577823-16f9-4de2-ba04-780edacb1bd8] Adding new dynamic property: PropertyDescriptor[simple]
[pool-2942-thread-1] INFO org.apache.nifi.processors.standard.RouteText - RouteText[id=88577823-16f9-4de2-ba04-780edacb1bd8] Created FlowFile[1241,97609550628469.mockFlowFile,23B] from FlowFile[1240,97609550628469.mockFlowFile,23B]; routing to relationship simple
[pool-2942-thread-1] INFO org.apache.nifi.processors.standard.RouteText - RouteText[id=88577823-16f9-4de2-ba04-780edacb1bd8] Routing FlowFile[1240,97609550628469.mockFlowFile,23B] to original
[main] DEBUG org.apache.nifi.processors.standard.RouteText - RouteText[id=88577823-16f9-4de2-ba04-780edacb1bd8] Adding new dynamic property: PropertyDescriptor[simple]
[pool-2943-thread-1] INFO org.apache.nifi.processors.standard.RouteText - RouteText[id=88577823-16f9-4de2-ba04-780edacb1bd8] Created FlowFile[1243,97609551049185.mockFlowFile,23B] from FlowFile[1242,97609551049185.mockFlowFile,23B]; routing to relationship simple
[pool-2943-thread-1] INFO org.apache.nifi.processors.standard.RouteText - RouteText[id=88577823-16f9-4de2-ba04-780edacb1bd8] Routing FlowFile[1242,97609551049185.mockFlowFile,23B] to original
[main] DEBUG org.apache.nifi.processors.standard.RouteText - RouteText[id=88577823-16f9-4de2-ba04-780edacb1bd8] Adding new dynamic property: PropertyDescriptor[simple]
[pool-2944-thread-1] INFO org.apache.nifi.processors.standard.RouteText - RouteText[id=88577823-16f9-4de2-ba04-780edacb1bd8] Created FlowFile[1245,97609551496753.mockFlowFile,23B] from FlowFile[1244,97609551496753.mockFlowFile,23B]; routing to relationship simple
[pool-2944-thread-1] INFO org.apache.nifi.processors.standard.RouteText - RouteText[id=88577823-16f9-4de2-ba04-780edacb1bd8] Routing FlowFile[1244,97609551496753.mockFlowFile,23B] to original
[main] DEBUG org.apache.nifi.processors.standard.RouteText - RouteText[id=88577823-16f9-4de2-ba04-780edacb1bd8] Adding new dynamic property: PropertyDescriptor[simple]
[pool-2945-thread-1] INFO org.apache.nifi.processors.standard.RouteText - RouteText[id=88577823-16f9-4de2-ba04-780edacb1bd8] Created FlowFile[1247,97609551945515.mockFlowFile,23B] from FlowFile[1246,97609551945515.mockFlowFile,23B]; routing to relationship simple
[pool-2945-thread-1] INFO org.apache.nifi.processors.standard.RouteText - RouteText[id=88577823-16f9-4de2-ba04-780edacb1bd8] Routing FlowFile[1246,97609551945515.mockFlowFile,23B] to original
[main] DEBUG org.apache.nifi.processors.standard.RouteText - RouteText[id=88577823-16f9-4de2-ba04-780edacb1bd8] Adding new dynamic property: PropertyDescriptor[simple]
[pool-2946-thread-1] INFO org.apache.nifi.processors.standard.RouteText - RouteText[id=88577823-16f9-4de2-ba04-780edacb1bd8] Created FlowFile[1249,97609552420097.mockFlowFile,23B] from FlowFile[1248,97609552420097.mockFlowFile,23B]; routing to relationship simple
[pool-2946-thread-1] INFO org.apache.nifi.processors.standard.RouteText - RouteText[id=88577823-16f9-4de2-ba04-780edacb1bd8] Routing FlowFile[1248,97609552420097.mockFlowFile,23B] to original
[main] DEBUG org.apache.nifi.processors.standard.RouteText - RouteText[id=88577823-16f9-4de2-ba04-780edacb1bd8] Adding new dynamic property: PropertyDescriptor[simple]
[pool-2947-thread-1] INFO org.apache.nifi.processors.standard.RouteText - RouteText[id=88577823-16f9-4de2-ba04-780edacb1bd8] Created FlowFile[1251,97609552871880.mockFlowFile,23B] from FlowFile[1250,97609552871880.mockFlowFile,23B]; routing to relationship simple
[pool-2947-thread-1] INFO org.apache.nifi.processors.standard.RouteText - RouteText[id=88577823-16f9-4de2-ba04-780edacb1bd8] Routing FlowFile[1250,97609552871880.mockFlowFile,23B] to original
[main] DEBUG org.apache.nifi.processors.standard.RouteText - RouteText[id=88577823-16f9-4de2-ba04-780edacb1bd8] Adding new dynamic property: PropertyDescriptor[simple]
[pool-2948-thread-1] INFO org.apache.nifi.processors.standard.RouteText - RouteText[id=88577823-16f9-4de2-ba04-780edacb1bd8] Created FlowFile[1253,97609553322503.mockFlowFile,23B] from FlowFile[1252,97609553322503.mockFlowFile,23B]; routing to relationship simple
[pool-2948-thread-1] INFO org.apache.nifi.processors.standard.RouteText - RouteText[id=88577823-16f9-4de2-ba04-780edacb1bd8] Routing FlowFile[1252,97609553322503.mockFlowFile,23B] to original
[main] DEBUG org.apache.nifi.processors.standard.RouteText - RouteText[id=88577823-16f9-4de2-ba04-780edacb1bd8] Adding new dynamic property: PropertyDescriptor[simple]
[pool-2949-thread-1] INFO org.apache.nifi.processors.standard.RouteText - RouteText[id=88577823-16f9-4de2-ba04-780edacb1bd8] Created FlowFile[1255,97609553755276.mockFlowFile,23B] from FlowFile[1254,97609553755276.mockFlowFile,23B]; routing to relationship simple
[pool-2949-thread-1] INFO org.apache.nifi.processors.standard.RouteText - RouteText[id=88577823-16f9-4de2-ba04-780edacb1bd8] Routing FlowFile[1254,97609553755276.mockFlowFile,23B] to original
[main] DEBUG org.apache.nifi.processors.standard.RouteText - RouteText[id=88577823-16f9-4de2-ba04-780edacb1bd8] Adding new dynamic property: PropertyDescriptor[simple]
[pool-2950-thread-1] INFO org.apache.nifi.processors.standard.RouteText - RouteText[id=88577823-16f9-4de2-ba04-780edacb1bd8] Created FlowFile[1257,97609554177596.mockFlowFile,23B] from FlowFile[1256,97609554177596.mockFlowFile,23B]; routing to relationship simple
[pool-2950-thread-1] INFO org.apache.nifi.processors.standard.RouteText - RouteText[id=88577823-16f9-4de2-ba04-780edacb1bd8] Routing FlowFile[1256,97609554177596.mockFlowFile,23B] to original
[main] DEBUG org.apache.nifi.processors.standard.RouteText - RouteText[id=88577823-16f9-4de2-ba04-780edacb1bd8] Adding new dynamic property: PropertyDescriptor[simple]
[pool-2951-thread-1] INFO org.apache.nifi.processors.standard.RouteText - RouteText[id=88577823-16f9-4de2-ba04-780edacb1bd8] Created FlowFile[1259,97609554595537.mockFlowFile,23B] from FlowFile[1258,97609554595537.mockFlowFile,23B]; routing to relationship simple
[pool-2951-thread-1] INFO org.apache.nifi.processors.standard.RouteText - RouteText[id=88577823-16f9-4de2-ba04-780edacb1bd8] Routing FlowFile[1258,97609554595537.mockFlowFile,23B] to original
[main] DEBUG org.apache.nifi.processors.standard.RouteText - RouteText[id=88577823-16f9-4de2-ba04-780edacb1bd8] Adding new dynamic property: PropertyDescriptor[simple]
[pool-2952-thread-1] INFO org.apache.nifi.processors.standard.RouteText - RouteText[id=88577823-16f9-4de2-ba04-780edacb1bd8] Created FlowFile[1261,97609555040726.mockFlowFile,23B] from FlowFile[1260,97609555040726.mockFlowFile,23B]; routing to relationship simple
[pool-2952-thread-1] INFO org.apache.nifi.processors.standard.RouteText - RouteText[id=88577823-16f9-4de2-ba04-780edacb1bd8] Routing FlowFile[1260,97609555040726.mockFlowFile,23B] to original
[main] DEBUG org.apache.nifi.processors.standard.RouteText - RouteText[id=88577823-16f9-4de2-ba04-780edacb1bd8] Adding new dynamic property: PropertyDescriptor[simple]
[pool-2953-thread-1] INFO org.apache.nifi.processors.standard.RouteText - RouteText[id=88577823-16f9-4de2-ba04-780edacb1bd8] Created FlowFile[1263,97609555526454.mockFlowFile,23B] from FlowFile[1262,97609555526454.mockFlowFile,23B]; routing to relationship simple
[pool-2953-thread-1] INFO org.apache.nifi.processors.standard.RouteText - RouteText[id=88577823-16f9-4de2-ba04-780edacb1bd8] Routing FlowFile[1262,97609555526454.mockFlowFile,23B] to original
[main] DEBUG org.apache.nifi.processors.standard.RouteText - RouteText[id=88577823-16f9-4de2-ba04-780edacb1bd8] Adding new dynamic property: PropertyDescriptor[simple]
[pool-2954-thread-1] INFO org.apache.nifi.processors.standard.RouteText - RouteText[id=88577823-16f9-4de2-ba04-780edacb1bd8] Created FlowFile[1265,97609555994638.mockFlowFile,23B] from FlowFile[1264,97609555994638.mockFlowFile,23B]; routing to relationship simple
[pool-2954-thread-1] INFO org.apache.nifi.processors.standard.RouteText - RouteText[id=88577823-16f9-4de2-ba04-780edacb1bd8] Routing FlowFile[1264,97609555994638.mockFlowFile,23B] to original
[main] DEBUG org.apache.nifi.processors.standard.RouteText - RouteText[id=88577823-16f9-4de2-ba04-780edacb1bd8] Adding new dynamic property: PropertyDescriptor[simple]
[pool-2955-thread-1] INFO org.apache.nifi.processors.standard.RouteText - RouteText[id=88577823-16f9-4de2-ba04-780edacb1bd8] Created FlowFile[1267,97609556482855.mockFlowFile,23B] from FlowFile[1266,97609556482855.mockFlowFile,23B]; routing to relationship simple
[pool-2955-thread-1] INFO org.apache.nifi.processors.standard.RouteText - RouteText[id=88577823-16f9-4de2-ba04-780edacb1bd8] Routing FlowFile[1266,97609556482855.mockFlowFile,23B] to original
[main] DEBUG org.apache.nifi.processors.standard.RouteText - RouteText[id=88577823-16f9-4de2-ba04-780edacb1bd8] Adding new dynamic property: PropertyDescriptor[simple]
[pool-2956-thread-1] INFO org.apache.nifi.processors.standard.RouteText - RouteText[id=88577823-16f9-4de2-ba04-780edacb1bd8] Created FlowFile[1269,97609556934241.mockFlowFile,23B] from FlowFile[1268,97609556934241.mockFlowFile,23B]; routing to relationship simple
[pool-2956-thread-1] INFO org.apache.nifi.processors.standard.RouteText - RouteText[id=88577823-16f9-4de2-ba04-780edacb1bd8] Routing FlowFile[1268,97609556934241.mockFlowFile,23B] to original
[main] DEBUG org.apache.nifi.processors.standard.RouteText - RouteText[id=88577823-16f9-4de2-ba04-780edacb1bd8] Adding new dynamic property: PropertyDescriptor[simple]
[pool-2957-thread-1] INFO org.apache.nifi.processors.standard.RouteText - RouteText[id=88577823-16f9-4de2-ba04-780edacb1bd8] Created FlowFile[1271,97609557361882.mockFlowFile,23B] from FlowFile[1270,97609557361882.mockFlowFile,23B]; routing to relationship simple
[pool-2957-thread-1] INFO org.apache.nifi.processors.standard.RouteText - RouteText[id=88577823-16f9-4de2-ba04-780edacb1bd8] Routing FlowFile[1270,97609557361882.mockFlowFile,23B] to original
[main] DEBUG org.apache.nifi.processors.standard.RouteText - RouteText[id=88577823-16f9-4de2-ba04-780edacb1bd8] Adding new dynamic property: PropertyDescriptor[simple]
[pool-2958-thread-1] INFO org.apache.nifi.processors.standard.RouteText - RouteText[id=88577823-16f9-4de2-ba04-780edacb1bd8] Created FlowFile[1273,97609557788568.mockFlowFile,23B] from FlowFile[1272,97609557788568.mockFlowFile,23B]; routing to relationship simple
[pool-2958-thread-1] INFO org.apache.nifi.processors.standard.RouteText - RouteText[id=88577823-16f9-4de2-ba04-780edacb1bd8] Routing FlowFile[1272,97609557788568.mockFlowFile,23B] to original
[main] DEBUG org.apache.nifi.processors.standard.RouteText - RouteText[id=88577823-16f9-4de2-ba04-780edacb1bd8] Adding new dynamic property: PropertyDescriptor[simple]
[pool-2959-thread-1] INFO org.apache.nifi.processors.standard.RouteText - RouteText[id=88577823-16f9-4de2-ba04-780edacb1bd8] Created FlowFile[1275,97609558200052.mockFlowFile,23B] from FlowFile[1274,97609558200052.mockFlowFile,23B]; routing to relationship simple
[pool-2959-thread-1] INFO org.apache.nifi.processors.standard.RouteText - RouteText[id=88577823-16f9-4de2-ba04-780edacb1bd8] Routing FlowFile[1274,97609558200052.mockFlowFile,23B] to original
[main] DEBUG org.apache.nifi.processors.standard.RouteText - RouteText[id=88577823-16f9-4de2-ba04-780edacb1bd8] Adding new dynamic property: PropertyDescriptor[simple]
[pool-2960-thread-1] INFO org.apache.nifi.processors.standard.RouteText - RouteText[id=88577823-16f9-4de2-ba04-780edacb1bd8] Created FlowFile[1277,97609558612487.mockFlowFile,23B] from FlowFile[1276,97609558612487.mockFlowFile,23B]; routing to relationship simple
[pool-2960-thread-1] INFO org.apache.nifi.processors.standard.RouteText - RouteText[id=88577823-16f9-4de2-ba04-780edacb1bd8] Routing FlowFile[1276,97609558612487.mockFlowFile,23B] to original
[main] DEBUG org.apache.nifi.processors.standard.RouteText - RouteText[id=88577823-16f9-4de2-ba04-780edacb1bd8] Adding new dynamic property: PropertyDescriptor[simple]
[pool-2961-thread-1] INFO org.apache.nifi.processors.standard.RouteText - RouteText[id=88577823-16f9-4de2-ba04-780edacb1bd8] Created FlowFile[1279,97609559021254.mockFlowFile,23B] from FlowFile[1278,97609559021254.mockFlowFile,23B]; routing to relationship simple
[pool-2961-thread-1] INFO org.apache.nifi.processors.standard.RouteText - RouteText[id=88577823-16f9-4de2-ba04-780edacb1bd8] Routing FlowFile[1278,97609559021254.mockFlowFile,23B] to original
[main] DEBUG org.apache.nifi.processors.standard.RouteText - RouteText[id=88577823-16f9-4de2-ba04-780edacb1bd8] Adding new dynamic property: PropertyDescriptor[simple]
[pool-2962-thread-1] INFO org.apache.nifi.processors.standard.RouteText - RouteText[id=88577823-16f9-4de2-ba04-780edacb1bd8] Created FlowFile[1281,97609559567072.mockFlowFile,23B] from FlowFile[1280,97609559567072.mockFlowFile,23B]; routing to relationship simple
[pool-2962-thread-1] INFO org.apache.nifi.processors.standard.RouteText - RouteText[id=88577823-16f9-4de2-ba04-780edacb1bd8] Routing FlowFile[1280,97609559567072.mockFlowFile,23B] to original
[main] DEBUG org.apache.nifi.processors.standard.RouteText - RouteText[id=88577823-16f9-4de2-ba04-780edacb1bd8] Adding new dynamic property: PropertyDescriptor[simple]
[pool-2963-thread-1] INFO org.apache.nifi.processors.standard.RouteText - RouteText[id=88577823-16f9-4de2-ba04-780edacb1bd8] Created FlowFile[1283,97609560056520.mockFlowFile,23B] from FlowFile[1282,97609560056520.mockFlowFile,23B]; routing to relationship simple
[pool-2963-thread-1] INFO org.apache.nifi.processors.standard.RouteText - RouteText[id=88577823-16f9-4de2-ba04-780edacb1bd8] Routing FlowFile[1282,97609560056520.mockFlowFile,23B] to original
[main] DEBUG org.apache.nifi.processors.standard.RouteText - RouteText[id=88577823-16f9-4de2-ba04-780edacb1bd8] Adding new dynamic property: PropertyDescriptor[simple]
[pool-2964-thread-1] INFO org.apache.nifi.processors.standard.RouteText - RouteText[id=88577823-16f9-4de2-ba04-780edacb1bd8] Created FlowFile[1285,97609560517777.mockFlowFile,23B] from FlowFile[1284,97609560517777.mockFlowFile,23B]; routing to relationship simple
[pool-2964-thread-1] INFO org.apache.nifi.processors.standard.RouteText - RouteText[id=88577823-16f9-4de2-ba04-780edacb1bd8] Routing FlowFile[1284,97609560517777.mockFlowFile,23B] to original
[main] DEBUG org.apache.nifi.processors.standard.RouteText - RouteText[id=88577823-16f9-4de2-ba04-780edacb1bd8] Adding new dynamic property: PropertyDescriptor[simple]
[pool-2965-thread-1] INFO org.apache.nifi.processors.standard.RouteText - RouteText[id=88577823-16f9-4de2-ba04-780edacb1bd8] Created FlowFile[1287,97609560981164.mockFlowFile,23B] from FlowFile[1286,97609560981164.mockFlowFile,23B]; routing to relationship simple
[pool-2965-thread-1] INFO org.apache.nifi.processors.standard.RouteText - RouteText[id=88577823-16f9-4de2-ba04-780edacb1bd8] Routing FlowFile[1286,97609560981164.mockFlowFile,23B] to original
[main] DEBUG org.apache.nifi.processors.standard.RouteText - RouteText[id=88577823-16f9-4de2-ba04-780edacb1bd8] Adding new dynamic property: PropertyDescriptor[simple]
[pool-2966-thread-1] INFO org.apache.nifi.processors.standard.RouteText - RouteText[id=88577823-16f9-4de2-ba04-780edacb1bd8] Created FlowFile[1289,97609561416941.mockFlowFile,23B] from FlowFile[1288,97609561416941.mockFlowFile,23B]; routing to relationship simple
[pool-2966-thread-1] INFO org.apache.nifi.processors.standard.RouteText - RouteText[id=88577823-16f9-4de2-ba04-780edacb1bd8] Routing FlowFile[1288,97609561416941.mockFlowFile,23B] to original
[main] DEBUG org.apache.nifi.processors.standard.RouteText - RouteText[id=88577823-16f9-4de2-ba04-780edacb1bd8] Adding new dynamic property: PropertyDescriptor[simple]
[pool-2967-thread-1] INFO org.apache.nifi.processors.standard.RouteText - RouteText[id=88577823-16f9-4de2-ba04-780edacb1bd8] Created FlowFile[1291,97609561845976.mockFlowFile,23B] from FlowFile[1290,97609561845976.mockFlowFile,23B]; routing to relationship simple
[pool-2967-thread-1] INFO org.apache.nifi.processors.standard.RouteText - RouteText[id=88577823-16f9-4de2-ba04-780edacb1bd8] Routing FlowFile[1290,97609561845976.mockFlowFile,23B] to original
[main] DEBUG org.apache.nifi.processors.standard.RouteText - RouteText[id=88577823-16f9-4de2-ba04-780edacb1bd8] Adding new dynamic property: PropertyDescriptor[simple]
[pool-2968-thread-1] INFO org.apache.nifi.processors.standard.RouteText - RouteText[id=88577823-16f9-4de2-ba04-780edacb1bd8] Created FlowFile[1293,97609562293584.mockFlowFile,23B] from FlowFile[1292,97609562293584.mockFlowFile,23B]; routing to relationship simple
[pool-2968-thread-1] INFO org.apache.nifi.processors.standard.RouteText - RouteText[id=88577823-16f9-4de2-ba04-780edacb1bd8] Routing FlowFile[1292,97609562293584.mockFlowFile,23B] to original
[main] DEBUG org.apache.nifi.processors.standard.RouteText - RouteText[id=88577823-16f9-4de2-ba04-780edacb1bd8] Adding new dynamic property: PropertyDescriptor[simple]
[pool-2969-thread-1] INFO org.apache.nifi.processors.standard.RouteText - RouteText[id=88577823-16f9-4de2-ba04-780edacb1bd8] Created FlowFile[1295,97609562725618.mockFlowFile,23B] from FlowFile[1294,97609562725618.mockFlowFile,23B]; routing to relationship simple
[pool-2969-thread-1] INFO org.apache.nifi.processors.standard.RouteText - RouteText[id=88577823-16f9-4de2-ba04-780edacb1bd8] Routing FlowFile[1294,97609562725618.mockFlowFile,23B] to original
[main] DEBUG org.apache.nifi.processors.standard.RouteText - RouteText[id=88577823-16f9-4de2-ba04-780edacb1bd8] Adding new dynamic property: PropertyDescriptor[simple]
[pool-2970-thread-1] INFO org.apache.nifi.processors.standard.RouteText - RouteText[id=88577823-16f9-4de2-ba04-780edacb1bd8] Created FlowFile[1297,97609563166763.mockFlowFile,23B] from FlowFile[1296,97609563166763.mockFlowFile,23B]; routing to relationship simple
[pool-2970-thread-1] INFO org.apache.nifi.processors.standard.RouteText - RouteText[id=88577823-16f9-4de2-ba04-780edacb1bd8] Routing FlowFile[1296,97609563166763.mockFlowFile,23B] to original
[main] DEBUG org.apache.nifi.processors.standard.RouteText - RouteText[id=88577823-16f9-4de2-ba04-780edacb1bd8] Adding new dynamic property: PropertyDescriptor[simple]
[pool-2971-thread-1] INFO org.apache.nifi.processors.standard.RouteText - RouteText[id=88577823-16f9-4de2-ba04-780edacb1bd8] Created FlowFile[1299,97609563604437.mockFlowFile,23B] from FlowFile[1298,97609563604437.mockFlowFile,23B]; routing to relationship simple
[pool-2971-thread-1] INFO org.apache.nifi.processors.standard.RouteText - RouteText[id=88577823-16f9-4de2-ba04-780edacb1bd8] Routing FlowFile[1298,97609563604437.mockFlowFile,23B] to original
[main] DEBUG org.apache.nifi.processors.standard.RouteText - RouteText[id=88577823-16f9-4de2-ba04-780edacb1bd8] Adding new dynamic property: PropertyDescriptor[simple]
[pool-2972-thread-1] INFO org.apache.nifi.processors.standard.RouteText - RouteText[id=88577823-16f9-4de2-ba04-780edacb1bd8] Created FlowFile[1301,97609564169085.mockFlowFile,23B] from FlowFile[1300,97609564169085.mockFlowFile,23B]; routing to relationship simple
[pool-2972-thread-1] INFO org.apache.nifi.processors.standard.RouteText - RouteText[id=88577823-16f9-4de2-ba04-780edacb1bd8] Routing FlowFile[1300,97609564169085.mockFlowFile,23B] to original
[main] DEBUG org.apache.nifi.processors.standard.RouteText - RouteText[id=88577823-16f9-4de2-ba04-780edacb1bd8] Adding new dynamic property: PropertyDescriptor[simple]
[pool-2973-thread-1] INFO org.apache.nifi.processors.standard.RouteText - RouteText[id=88577823-16f9-4de2-ba04-780edacb1bd8] Created FlowFile[1303,97609564649040.mockFlowFile,23B] from FlowFile[1302,97609564649040.mockFlowFile,23B]; routing to relationship simple
[pool-2973-thread-1] INFO org.apache.nifi.processors.standard.RouteText - RouteText[id=88577823-16f9-4de2-ba04-780edacb1bd8] Routing FlowFile[1302,97609564649040.mockFlowFile,23B] to original
[main] DEBUG org.apache.nifi.processors.standard.RouteText - RouteText[id=88577823-16f9-4de2-ba04-780edacb1bd8] Adding new dynamic property: PropertyDescriptor[simple]
[pool-2974-thread-1] INFO org.apache.nifi.processors.standard.RouteText - RouteText[id=88577823-16f9-4de2-ba04-780edacb1bd8] Created FlowFile[1305,97609565106793.mockFlowFile,23B] from FlowFile[1304,97609565106793.mockFlowFile,23B]; routing to relationship simple
[pool-2974-thread-1] INFO org.apache.nifi.processors.standard.RouteText - RouteText[id=88577823-16f9-4de2-ba04-780edacb1bd8] Routing FlowFile[1304,97609565106793.mockFlowFile,23B] to original
[main] DEBUG org.apache.nifi.processors.standard.RouteText - RouteText[id=88577823-16f9-4de2-ba04-780edacb1bd8] Adding new dynamic property: PropertyDescriptor[simple]
[pool-2975-thread-1] INFO org.apache.nifi.processors.standard.RouteText - RouteText[id=88577823-16f9-4de2-ba04-780edacb1bd8] Created FlowFile[1307,97609565522121.mockFlowFile,23B] from FlowFile[1306,97609565522121.mockFlowFile,23B]; routing to relationship simple
[pool-2975-thread-1] INFO org.apache.nifi.processors.standard.RouteText - RouteText[id=88577823-16f9-4de2-ba04-780edacb1bd8] Routing FlowFile[1306,97609565522121.mockFlowFile,23B] to original
[main] DEBUG org.apache.nifi.processors.standard.RouteText - RouteText[id=88577823-16f9-4de2-ba04-780edacb1bd8] Adding new dynamic property: PropertyDescriptor[simple]
[pool-2976-thread-1] INFO org.apache.nifi.processors.standard.RouteText - RouteText[id=88577823-16f9-4de2-ba04-780edacb1bd8] Created FlowFile[1309,97609565951735.mockFlowFile,23B] from FlowFile[1308,97609565951735.mockFlowFile,23B]; routing to relationship simple
[pool-2976-thread-1] INFO org.apache.nifi.processors.standard.RouteText - RouteText[id=88577823-16f9-4de2-ba04-780edacb1bd8] Routing FlowFile[1308,97609565951735.mockFlowFile,23B] to original
[main] DEBUG org.apache.nifi.processors.standard.RouteText - RouteText[id=88577823-16f9-4de2-ba04-780edacb1bd8] Adding new dynamic property: PropertyDescriptor[simple]
[pool-2977-thread-1] INFO org.apache.nifi.processors.standard.RouteText - RouteText[id=88577823-16f9-4de2-ba04-780edacb1bd8] Created FlowFile[1311,97609566415493.mockFlowFile,23B] from FlowFile[1310,97609566415493.mockFlowFile,23B]; routing to relationship simple
[pool-2977-thread-1] INFO org.apache.nifi.processors.standard.RouteText - RouteText[id=88577823-16f9-4de2-ba04-780edacb1bd8] Routing FlowFile[1310,97609566415493.mockFlowFile,23B] to original
[main] DEBUG org.apache.nifi.processors.standard.RouteText - RouteText[id=88577823-16f9-4de2-ba04-780edacb1bd8] Adding new dynamic property: PropertyDescriptor[simple]
[pool-2978-thread-1] INFO org.apache.nifi.processors.standard.RouteText - RouteText[id=88577823-16f9-4de2-ba04-780edacb1bd8] Created FlowFile[1313,97609566896315.mockFlowFile,23B] from FlowFile[1312,97609566896315.mockFlowFile,23B]; routing to relationship simple
[pool-2978-thread-1] INFO org.apache.nifi.processors.standard.RouteText - RouteText[id=88577823-16f9-4de2-ba04-780edacb1bd8] Routing FlowFile[1312,97609566896315.mockFlowFile,23B] to original
[main] DEBUG org.apache.nifi.processors.standard.RouteText - RouteText[id=88577823-16f9-4de2-ba04-780edacb1bd8] Adding new dynamic property: PropertyDescriptor[simple]
[pool-2979-thread-1] INFO org.apache.nifi.processors.standard.RouteText - RouteText[id=88577823-16f9-4de2-ba04-780edacb1bd8] Created FlowFile[1315,97609567365168.mockFlowFile,23B] from FlowFile[1314,97609567365168.mockFlowFile,23B]; routing to relationship simple
[pool-2979-thread-1] INFO org.apache.nifi.processors.standard.RouteText - RouteText[id=88577823-16f9-4de2-ba04-780edacb1bd8] Routing FlowFile[1314,97609567365168.mockFlowFile,23B] to original
[main] DEBUG org.apache.nifi.processors.standard.RouteText - RouteText[id=88577823-16f9-4de2-ba04-780edacb1bd8] Adding new dynamic property: PropertyDescriptor[simple]
[pool-2980-thread-1] INFO org.apache.nifi.processors.standard.RouteText - RouteText[id=88577823-16f9-4de2-ba04-780edacb1bd8] Created FlowFile[1317,97609567824487.mockFlowFile,23B] from FlowFile[1316,97609567824487.mockFlowFile,23B]; routing to relationship simple
[pool-2980-thread-1] INFO org.apache.nifi.processors.standard.RouteText - RouteText[id=88577823-16f9-4de2-ba04-780edacb1bd8] Routing FlowFile[1316,97609567824487.mockFlowFile,23B] to original
[main] DEBUG org.apache.nifi.processors.standard.RouteText - RouteText[id=88577823-16f9-4de2-ba04-780edacb1bd8] Adding new dynamic property: PropertyDescriptor[simple]
[pool-2981-thread-1] INFO org.apache.nifi.processors.standard.RouteText - RouteText[id=88577823-16f9-4de2-ba04-780edacb1bd8] Created FlowFile[1319,97609568355058.mockFlowFile,23B] from FlowFile[1318,97609568355058.mockFlowFile,23B]; routing to relationship simple
[pool-2981-thread-1] INFO org.apache.nifi.processors.standard.RouteText - RouteText[id=88577823-16f9-4de2-ba04-780edacb1bd8] Routing FlowFile[1318,97609568355058.mockFlowFile,23B] to original
[main] DEBUG org.apache.nifi.processors.standard.RouteText - RouteText[id=88577823-16f9-4de2-ba04-780edacb1bd8] Adding new dynamic property: PropertyDescriptor[simple]
[pool-2982-thread-1] INFO org.apache.nifi.processors.standard.RouteText - RouteText[id=88577823-16f9-4de2-ba04-780edacb1bd8] Created FlowFile[1321,97609568831386.mockFlowFile,23B] from FlowFile[1320,97609568831386.mockFlowFile,23B]; routing to relationship simple
[pool-2982-thread-1] INFO org.apache.nifi.processors.standard.RouteText - RouteText[id=88577823-16f9-4de2-ba04-780edacb1bd8] Routing FlowFile[1320,97609568831386.mockFlowFile,23B] to original
[main] DEBUG org.apache.nifi.processors.standard.RouteText - RouteText[id=88577823-16f9-4de2-ba04-780edacb1bd8] Adding new dynamic property: PropertyDescriptor[simple]
[pool-2983-thread-1] INFO org.apache.nifi.processors.standard.RouteText - RouteText[id=88577823-16f9-4de2-ba04-780edacb1bd8] Created FlowFile[1323,97609569283044.mockFlowFile,23B] from FlowFile[1322,97609569283044.mockFlowFile,23B]; routing to relationship simple
[pool-2983-thread-1] INFO org.apache.nifi.processors.standard.RouteText - RouteText[id=88577823-16f9-4de2-ba04-780edacb1bd8] Routing FlowFile[1322,97609569283044.mockFlowFile,23B] to original
[main] DEBUG org.apache.nifi.processors.standard.RouteText - RouteText[id=88577823-16f9-4de2-ba04-780edacb1bd8] Adding new dynamic property: PropertyDescriptor[simple]
[pool-2984-thread-1] INFO org.apache.nifi.processors.standard.RouteText - RouteText[id=88577823-16f9-4de2-ba04-780edacb1bd8] Created FlowFile[1325,97609569759082.mockFlowFile,23B] from FlowFile[1324,97609569759082.mockFlowFile,23B]; routing to relationship simple
[pool-2984-thread-1] INFO org.apache.nifi.processors.standard.RouteText - RouteText[id=88577823-16f9-4de2-ba04-780edacb1bd8] Routing FlowFile[1324,97609569759082.mockFlowFile,23B] to original
[main] DEBUG org.apache.nifi.processors.standard.RouteText - RouteText[id=88577823-16f9-4de2-ba04-780edacb1bd8] Adding new dynamic property: PropertyDescriptor[simple]
[pool-2985-thread-1] INFO org.apache.nifi.processors.standard.RouteText - RouteText[id=88577823-16f9-4de2-ba04-780edacb1bd8] Created FlowFile[1327,97609570221624.mockFlowFile,23B] from FlowFile[1326,97609570221624.mockFlowFile,23B]; routing to relationship simple
[pool-2985-thread-1] INFO org.apache.nifi.processors.standard.RouteText - RouteText[id=88577823-16f9-4de2-ba04-780edacb1bd8] Routing FlowFile[1326,97609570221624.mockFlowFile,23B] to original
[main] DEBUG org.apache.nifi.processors.standard.RouteText - RouteText[id=88577823-16f9-4de2-ba04-780edacb1bd8] Adding new dynamic property: PropertyDescriptor[simple]
[pool-2986-thread-1] INFO org.apache.nifi.processors.standard.RouteText - RouteText[id=88577823-16f9-4de2-ba04-780edacb1bd8] Created FlowFile[1329,97609570692571.mockFlowFile,23B] from FlowFile[1328,97609570692571.mockFlowFile,23B]; routing to relationship simple
[pool-2986-thread-1] INFO org.apache.nifi.processors.standard.RouteText - RouteText[id=88577823-16f9-4de2-ba04-780edacb1bd8] Routing FlowFile[1328,97609570692571.mockFlowFile,23B] to original
[main] DEBUG org.apache.nifi.processors.standard.RouteText - RouteText[id=88577823-16f9-4de2-ba04-780edacb1bd8] Adding new dynamic property: PropertyDescriptor[simple]
[pool-2987-thread-1] INFO org.apache.nifi.processors.standard.RouteText - RouteText[id=88577823-16f9-4de2-ba04-780edacb1bd8] Created FlowFile[1331,97609571148316.mockFlowFile,23B] from FlowFile[1330,97609571148316.mockFlowFile,23B]; routing to relationship simple
[pool-2987-thread-1] INFO org.apache.nifi.processors.standard.RouteText - RouteText[id=88577823-16f9-4de2-ba04-780edacb1bd8] Routing FlowFile[1330,97609571148316.mockFlowFile,23B] to original
[main] DEBUG org.apache.nifi.processors.standard.RouteText - RouteText[id=88577823-16f9-4de2-ba04-780edacb1bd8] Adding new dynamic property: PropertyDescriptor[simple]
[pool-2988-thread-1] INFO org.apache.nifi.processors.standard.RouteText - RouteText[id=88577823-16f9-4de2-ba04-780edacb1bd8] Created FlowFile[1333,97609571596214.mockFlowFile,23B] from FlowFile[1332,97609571596214.mockFlowFile,23B]; routing to relationship simple
[pool-2988-thread-1] INFO org.apache.nifi.processors.standard.RouteText - RouteText[id=88577823-16f9-4de2-ba04-780edacb1bd8] Routing FlowFile[1332,97609571596214.mockFlowFile,23B] to original
[main] DEBUG org.apache.nifi.processors.standard.RouteText - RouteText[id=88577823-16f9-4de2-ba04-780edacb1bd8] Adding new dynamic property: PropertyDescriptor[simple]
[pool-2989-thread-1] INFO org.apache.nifi.processors.standard.RouteText - RouteText[id=88577823-16f9-4de2-ba04-780edacb1bd8] Created FlowFile[1335,97609572029764.mockFlowFile,23B] from FlowFile[1334,97609572029764.mockFlowFile,23B]; routing to relationship simple
[pool-2989-thread-1] INFO org.apache.nifi.processors.standard.RouteText - RouteText[id=88577823-16f9-4de2-ba04-780edacb1bd8] Routing FlowFile[1334,97609572029764.mockFlowFile,23B] to original
[main] DEBUG org.apache.nifi.processors.standard.RouteText - RouteText[id=88577823-16f9-4de2-ba04-780edacb1bd8] Adding new dynamic property: PropertyDescriptor[simple]
[pool-2990-thread-1] INFO org.apache.nifi.processors.standard.RouteText - RouteText[id=88577823-16f9-4de2-ba04-780edacb1bd8] Created FlowFile[1337,97609572469316.mockFlowFile,23B] from FlowFile[1336,97609572469316.mockFlowFile,23B]; routing to relationship simple
[pool-2990-thread-1] INFO org.apache.nifi.processors.standard.RouteText - RouteText[id=88577823-16f9-4de2-ba04-780edacb1bd8] Routing FlowFile[1336,97609572469316.mockFlowFile,23B] to original
[main] DEBUG org.apache.nifi.processors.standard.RouteText - RouteText[id=88577823-16f9-4de2-ba04-780edacb1bd8] Adding new dynamic property: PropertyDescriptor[simple]
[pool-2991-thread-1] INFO org.apache.nifi.processors.standard.RouteText - RouteText[id=88577823-16f9-4de2-ba04-780edacb1bd8] Created FlowFile[1339,97609572926882.mockFlowFile,23B] from FlowFile[1338,97609572926882.mockFlowFile,23B]; routing to relationship simple
[pool-2991-thread-1] INFO org.apache.nifi.processors.standard.RouteText - RouteText[id=88577823-16f9-4de2-ba04-780edacb1bd8] Routing FlowFile[1338,97609572926882.mockFlowFile,23B] to original
[main] DEBUG org.apache.nifi.processors.standard.RouteText - RouteText[id=88577823-16f9-4de2-ba04-780edacb1bd8] Adding new dynamic property: PropertyDescriptor[simple]
[pool-2992-thread-1] INFO org.apache.nifi.processors.standard.RouteText - RouteText[id=88577823-16f9-4de2-ba04-780edacb1bd8] Created FlowFile[1341,97609573352411.mockFlowFile,23B] from FlowFile[1340,97609573352411.mockFlowFile,23B]; routing to relationship simple
[pool-2992-thread-1] INFO org.apache.nifi.processors.standard.RouteText - RouteText[id=88577823-16f9-4de2-ba04-780edacb1bd8] Routing FlowFile[1340,97609573352411.mockFlowFile,23B] to original
[main] DEBUG org.apache.nifi.processors.standard.RouteText - RouteText[id=88577823-16f9-4de2-ba04-780edacb1bd8] Adding new dynamic property: PropertyDescriptor[simple]
[pool-2993-thread-1] INFO org.apache.nifi.processors.standard.RouteText - RouteText[id=88577823-16f9-4de2-ba04-780edacb1bd8] Created FlowFile[1343,97609573772325.mockFlowFile,23B] from FlowFile[1342,97609573772325.mockFlowFile,23B]; routing to relationship simple
[pool-2993-thread-1] INFO org.apache.nifi.processors.standard.RouteText - RouteText[id=88577823-16f9-4de2-ba04-780edacb1bd8] Routing FlowFile[1342,97609573772325.mockFlowFile,23B] to original
[main] DEBUG org.apache.nifi.processors.standard.RouteText - RouteText[id=88577823-16f9-4de2-ba04-780edacb1bd8] Adding new dynamic property: PropertyDescriptor[simple]
[pool-2994-thread-1] INFO org.apache.nifi.processors.standard.RouteText - RouteText[id=88577823-16f9-4de2-ba04-780edacb1bd8] Created FlowFile[1345,97609574209057.mockFlowFile,23B] from FlowFile[1344,97609574209057.mockFlowFile,23B]; routing to relationship simple
[pool-2994-thread-1] INFO org.apache.nifi.processors.standard.RouteText - RouteText[id=88577823-16f9-4de2-ba04-780edacb1bd8] Routing FlowFile[1344,97609574209057.mockFlowFile,23B] to original
[main] DEBUG org.apache.nifi.processors.standard.RouteText - RouteText[id=88577823-16f9-4de2-ba04-780edacb1bd8] Adding new dynamic property: PropertyDescriptor[simple]
[pool-2995-thread-1] INFO org.apache.nifi.processors.standard.RouteText - RouteText[id=88577823-16f9-4de2-ba04-780edacb1bd8] Created FlowFile[1347,97609574749459.mockFlowFile,23B] from FlowFile[1346,97609574749459.mockFlowFile,23B]; routing to relationship simple
[pool-2995-thread-1] INFO org.apache.nifi.processors.standard.RouteText - RouteText[id=88577823-16f9-4de2-ba04-780edacb1bd8] Routing FlowFile[1346,97609574749459.mockFlowFile,23B] to original
[main] DEBUG org.apache.nifi.processors.standard.RouteText - RouteText[id=88577823-16f9-4de2-ba04-780edacb1bd8] Adding new dynamic property: PropertyDescriptor[simple]
[pool-2996-thread-1] INFO org.apache.nifi.processors.standard.RouteText - RouteText[id=88577823-16f9-4de2-ba04-780edacb1bd8] Created FlowFile[1349,97609575352341.mockFlowFile,23B] from FlowFile[1348,97609575352341.mockFlowFile,23B]; routing to relationship simple
[pool-2996-thread-1] INFO org.apache.nifi.processors.standard.RouteText - RouteText[id=88577823-16f9-4de2-ba04-780edacb1bd8] Routing FlowFile[1348,97609575352341.mockFlowFile,23B] to original
[main] DEBUG org.apache.nifi.processors.standard.RouteText - RouteText[id=88577823-16f9-4de2-ba04-780edacb1bd8] Adding new dynamic property: PropertyDescriptor[simple]
[pool-2997-thread-1] INFO org.apache.nifi.processors.standard.RouteText - RouteText[id=88577823-16f9-4de2-ba04-780edacb1bd8] Created FlowFile[1351,97609575810440.mockFlowFile,23B] from FlowFile[1350,97609575810440.mockFlowFile,23B]; routing to relationship simple
[pool-2997-thread-1] INFO org.apache.nifi.processors.standard.RouteText - RouteText[id=88577823-16f9-4de2-ba04-780edacb1bd8] Routing FlowFile[1350,97609575810440.mockFlowFile,23B] to original
[main] DEBUG org.apache.nifi.processors.standard.RouteText - RouteText[id=88577823-16f9-4de2-ba04-780edacb1bd8] Adding new dynamic property: PropertyDescriptor[simple]
[pool-2998-thread-1] INFO org.apache.nifi.processors.standard.RouteText - RouteText[id=88577823-16f9-4de2-ba04-780edacb1bd8] Created FlowFile[1353,97609576286543.mockFlowFile,23B] from FlowFile[1352,97609576286543.mockFlowFile,23B]; routing to relationship simple
[pool-2998-thread-1] INFO org.apache.nifi.processors.standard.RouteText - RouteText[id=88577823-16f9-4de2-ba04-780edacb1bd8] Routing FlowFile[1352,97609576286543.mockFlowFile,23B] to original
[main] DEBUG org.apache.nifi.processors.standard.RouteText - RouteText[id=88577823-16f9-4de2-ba04-780edacb1bd8] Adding new dynamic property: PropertyDescriptor[simple]
[pool-2999-thread-1] INFO org.apache.nifi.processors.standard.RouteText - RouteText[id=88577823-16f9-4de2-ba04-780edacb1bd8] Created FlowFile[1355,97609576729397.mockFlowFile,23B] from FlowFile[1354,97609576729397.mockFlowFile,23B]; routing to relationship simple
[pool-2999-thread-1] INFO org.apache.nifi.processors.standard.RouteText - RouteText[id=88577823-16f9-4de2-ba04-780edacb1bd8] Routing FlowFile[1354,97609576729397.mockFlowFile,23B] to original
[main] DEBUG org.apache.nifi.processors.standard.RouteText - RouteText[id=88577823-16f9-4de2-ba04-780edacb1bd8] Adding new dynamic property: PropertyDescriptor[simple]
[pool-3000-thread-1] INFO org.apache.nifi.processors.standard.RouteText - RouteText[id=88577823-16f9-4de2-ba04-780edacb1bd8] Created FlowFile[1357,97609577176606.mockFlowFile,23B] from FlowFile[1356,97609577176606.mockFlowFile,23B]; routing to relationship simple
[pool-3000-thread-1] INFO org.apache.nifi.processors.standard.RouteText - RouteText[id=88577823-16f9-4de2-ba04-780edacb1bd8] Routing FlowFile[1356,97609577176606.mockFlowFile,23B] to original
[main] DEBUG org.apache.nifi.processors.standard.RouteText - RouteText[id=88577823-16f9-4de2-ba04-780edacb1bd8] Adding new dynamic property: PropertyDescriptor[simple]
[pool-3001-thread-1] INFO org.apache.nifi.processors.standard.RouteText - RouteText[id=88577823-16f9-4de2-ba04-780edacb1bd8] Created FlowFile[1359,97609577624298.mockFlowFile,23B] from FlowFile[1358,97609577624298.mockFlowFile,23B]; routing to relationship simple
[pool-3001-thread-1] INFO org.apache.nifi.processors.standard.RouteText - RouteText[id=88577823-16f9-4de2-ba04-780edacb1bd8] Routing FlowFile[1358,97609577624298.mockFlowFile,23B] to original
[main] DEBUG org.apache.nifi.processors.standard.RouteText - RouteText[id=88577823-16f9-4de2-ba04-780edacb1bd8] Adding new dynamic property: PropertyDescriptor[simple]
[pool-3002-thread-1] INFO org.apache.nifi.processors.standard.RouteText - RouteText[id=88577823-16f9-4de2-ba04-780edacb1bd8] Created FlowFile[1361,97609578102447.mockFlowFile,23B] from FlowFile[1360,97609578102447.mockFlowFile,23B]; routing to relationship simple
[pool-3002-thread-1] INFO org.apache.nifi.processors.standard.RouteText - RouteText[id=88577823-16f9-4de2-ba04-780edacb1bd8] Routing FlowFile[1360,97609578102447.mockFlowFile,23B] to original
[main] DEBUG org.apache.nifi.processors.standard.RouteText - RouteText[id=88577823-16f9-4de2-ba04-780edacb1bd8] Adding new dynamic property: PropertyDescriptor[simple]
[pool-3003-thread-1] INFO org.apache.nifi.processors.standard.RouteText - RouteText[id=88577823-16f9-4de2-ba04-780edacb1bd8] Created FlowFile[1363,97609578551849.mockFlowFile,23B] from FlowFile[1362,97609578551849.mockFlowFile,23B]; routing to relationship simple
[pool-3003-thread-1] INFO org.apache.nifi.processors.standard.RouteText - RouteText[id=88577823-16f9-4de2-ba04-780edacb1bd8] Routing FlowFile[1362,97609578551849.mockFlowFile,23B] to original
[main] DEBUG org.apache.nifi.processors.standard.RouteText - RouteText[id=88577823-16f9-4de2-ba04-780edacb1bd8] Adding new dynamic property: PropertyDescriptor[simple]
[pool-3004-thread-1] INFO org.apache.nifi.processors.standard.RouteText - RouteText[id=88577823-16f9-4de2-ba04-780edacb1bd8] Created FlowFile[1365,97609579171943.mockFlowFile,23B] from FlowFile[1364,97609579171943.mockFlowFile,23B]; routing to relationship simple
[pool-3004-thread-1] INFO org.apache.nifi.processors.standard.RouteText - RouteText[id=88577823-16f9-4de2-ba04-780edacb1bd8] Routing FlowFile[1364,97609579171943.mockFlowFile,23B] to original
[main] DEBUG org.apache.nifi.processors.standard.RouteText - RouteText[id=88577823-16f9-4de2-ba04-780edacb1bd8] Adding new dynamic property: PropertyDescriptor[simple]
[pool-3005-thread-1] INFO org.apache.nifi.processors.standard.RouteText - RouteText[id=88577823-16f9-4de2-ba04-780edacb1bd8] Created FlowFile[1367,97609579626416.mockFlowFile,23B] from FlowFile[1366,97609579626416.mockFlowFile,23B]; routing to relationship simple
[pool-3005-thread-1] INFO org.apache.nifi.processors.standard.RouteText - RouteText[id=88577823-16f9-4de2-ba04-780edacb1bd8] Routing FlowFile[1366,97609579626416.mockFlowFile,23B] to original
[main] DEBUG org.apache.nifi.processors.standard.RouteText - RouteText[id=88577823-16f9-4de2-ba04-780edacb1bd8] Adding new dynamic property: PropertyDescriptor[simple]
[pool-3006-thread-1] INFO org.apache.nifi.processors.standard.RouteText - RouteText[id=88577823-16f9-4de2-ba04-780edacb1bd8] Created FlowFile[1369,97609580068712.mockFlowFile,23B] from FlowFile[1368,97609580068712.mockFlowFile,23B]; routing to relationship simple
[pool-3006-thread-1] INFO org.apache.nifi.processors.standard.RouteText - RouteText[id=88577823-16f9-4de2-ba04-780edacb1bd8] Routing FlowFile[1368,97609580068712.mockFlowFile,23B] to original
[main] DEBUG org.apache.nifi.processors.standard.RouteText - RouteText[id=88577823-16f9-4de2-ba04-780edacb1bd8] Adding new dynamic property: PropertyDescriptor[simple]
[pool-3007-thread-1] INFO org.apache.nifi.processors.standard.RouteText - RouteText[id=88577823-16f9-4de2-ba04-780edacb1bd8] Created FlowFile[1371,97609580500139.mockFlowFile,23B] from FlowFile[1370,97609580500139.mockFlowFile,23B]; routing to relationship simple
[pool-3007-thread-1] INFO org.apache.nifi.processors.standard.RouteText - RouteText[id=88577823-16f9-4de2-ba04-780edacb1bd8] Routing FlowFile[1370,97609580500139.mockFlowFile,23B] to original
[main] DEBUG org.apache.nifi.processors.standard.RouteText - RouteText[id=88577823-16f9-4de2-ba04-780edacb1bd8] Adding new dynamic property: PropertyDescriptor[simple]
[pool-3008-thread-1] INFO org.apache.nifi.processors.standard.RouteText - RouteText[id=88577823-16f9-4de2-ba04-780edacb1bd8] Created FlowFile[1373,97609580961103.mockFlowFile,23B] from FlowFile[1372,97609580961103.mockFlowFile,23B]; routing to relationship simple
[pool-3008-thread-1] INFO org.apache.nifi.processors.standard.RouteText - RouteText[id=88577823-16f9-4de2-ba04-780edacb1bd8] Routing FlowFile[1372,97609580961103.mockFlowFile,23B] to original
[main] DEBUG org.apache.nifi.processors.standard.RouteText - RouteText[id=88577823-16f9-4de2-ba04-780edacb1bd8] Adding new dynamic property: PropertyDescriptor[simple]
[pool-3009-thread-1] INFO org.apache.nifi.processors.standard.RouteText - RouteText[id=88577823-16f9-4de2-ba04-780edacb1bd8] Created FlowFile[1375,97609581418488.mockFlowFile,23B] from FlowFile[1374,97609581418488.mockFlowFile,23B]; routing to relationship simple
[pool-3009-thread-1] INFO org.apache.nifi.processors.standard.RouteText - RouteText[id=88577823-16f9-4de2-ba04-780edacb1bd8] Routing FlowFile[1374,97609581418488.mockFlowFile,23B] to original
[main] DEBUG org.apache.nifi.processors.standard.RouteText - RouteText[id=88577823-16f9-4de2-ba04-780edacb1bd8] Adding new dynamic property: PropertyDescriptor[simple]
[pool-3010-thread-1] INFO org.apache.nifi.processors.standard.RouteText - RouteText[id=88577823-16f9-4de2-ba04-780edacb1bd8] Created FlowFile[1377,97609581875763.mockFlowFile,23B] from FlowFile[1376,97609581875763.mockFlowFile,23B]; routing to relationship simple
[pool-3010-thread-1] INFO org.apache.nifi.processors.standard.RouteText - RouteText[id=88577823-16f9-4de2-ba04-780edacb1bd8] Routing FlowFile[1376,97609581875763.mockFlowFile,23B] to original
[main] DEBUG org.apache.nifi.processors.standard.RouteText - RouteText[id=88577823-16f9-4de2-ba04-780edacb1bd8] Adding new dynamic property: PropertyDescriptor[simple]
[pool-3011-thread-1] INFO org.apache.nifi.processors.standard.RouteText - RouteText[id=88577823-16f9-4de2-ba04-780edacb1bd8] Created FlowFile[1379,97609582463446.mockFlowFile,23B] from FlowFile[1378,97609582463446.mockFlowFile,23B]; routing to relationship simple
[pool-3011-thread-1] INFO org.apache.nifi.processors.standard.RouteText - RouteText[id=88577823-16f9-4de2-ba04-780edacb1bd8] Routing FlowFile[1378,97609582463446.mockFlowFile,23B] to original
[main] DEBUG org.apache.nifi.processors.standard.RouteText - RouteText[id=88577823-16f9-4de2-ba04-780edacb1bd8] Adding new dynamic property: PropertyDescriptor[simple]
[pool-3012-thread-1] INFO org.apache.nifi.processors.standard.RouteText - RouteText[id=88577823-16f9-4de2-ba04-780edacb1bd8] Created FlowFile[1381,97609582937162.mockFlowFile,23B] from FlowFile[1380,97609582937162.mockFlowFile,23B]; routing to relationship simple
[pool-3012-thread-1] INFO org.apache.nifi.processors.standard.RouteText - RouteText[id=88577823-16f9-4de2-ba04-780edacb1bd8] Routing FlowFile[1380,97609582937162.mockFlowFile,23B] to original
[main] DEBUG org.apache.nifi.processors.standard.RouteText - RouteText[id=88577823-16f9-4de2-ba04-780edacb1bd8] Adding new dynamic property: PropertyDescriptor[simple]
[pool-3013-thread-1] INFO org.apache.nifi.processors.standard.RouteText - RouteText[id=88577823-16f9-4de2-ba04-780edacb1bd8] Created FlowFile[1383,97609583398428.mockFlowFile,23B] from FlowFile[1382,97609583398428.mockFlowFile,23B]; routing to relationship simple
[pool-3013-thread-1] INFO org.apache.nifi.processors.standard.RouteText - RouteText[id=88577823-16f9-4de2-ba04-780edacb1bd8] Routing FlowFile[1382,97609583398428.mockFlowFile,23B] to original
[main] DEBUG org.apache.nifi.processors.standard.RouteText - RouteText[id=88577823-16f9-4de2-ba04-780edacb1bd8] Adding new dynamic property: PropertyDescriptor[simple]
[pool-3014-thread-1] INFO org.apache.nifi.processors.standard.RouteText - RouteText[id=88577823-16f9-4de2-ba04-780edacb1bd8] Created FlowFile[1385,97609583863711.mockFlowFile,23B] from FlowFile[1384,97609583863711.mockFlowFile,23B]; routing to relationship simple
[pool-3014-thread-1] INFO org.apache.nifi.processors.standard.RouteText - RouteText[id=88577823-16f9-4de2-ba04-780edacb1bd8] Routing FlowFile[1384,97609583863711.mockFlowFile,23B] to original
[main] DEBUG org.apache.nifi.processors.standard.RouteText - RouteText[id=88577823-16f9-4de2-ba04-780edacb1bd8] Adding new dynamic property: PropertyDescriptor[simple]
[pool-3015-thread-1] INFO org.apache.nifi.processors.standard.RouteText - RouteText[id=88577823-16f9-4de2-ba04-780edacb1bd8] Created FlowFile[1387,97609584329373.mockFlowFile,23B] from FlowFile[1386,97609584329373.mockFlowFile,23B]; routing to relationship simple
[pool-3015-thread-1] INFO org.apache.nifi.processors.standard.RouteText - RouteText[id=88577823-16f9-4de2-ba04-780edacb1bd8] Routing FlowFile[1386,97609584329373.mockFlowFile,23B] to original
[main] DEBUG org.apache.nifi.processors.standard.RouteText - RouteText[id=88577823-16f9-4de2-ba04-780edacb1bd8] Adding new dynamic property: PropertyDescriptor[simple]
[pool-3016-thread-1] INFO org.apache.nifi.processors.standard.RouteText - RouteText[id=88577823-16f9-4de2-ba04-780edacb1bd8] Created FlowFile[1389,97609584841612.mockFlowFile,23B] from FlowFile[1388,97609584841612.mockFlowFile,23B]; routing to relationship simple
[pool-3016-thread-1] INFO org.apache.nifi.processors.standard.RouteText - RouteText[id=88577823-16f9-4de2-ba04-780edacb1bd8] Routing FlowFile[1388,97609584841612.mockFlowFile,23B] to original
[main] DEBUG org.apache.nifi.processors.standard.RouteText - RouteText[id=88577823-16f9-4de2-ba04-780edacb1bd8] Adding new dynamic property: PropertyDescriptor[simple]
[pool-3017-thread-1] INFO org.apache.nifi.processors.standard.RouteText - RouteText[id=88577823-16f9-4de2-ba04-780edacb1bd8] Created FlowFile[1391,97609585334396.mockFlowFile,23B] from FlowFile[1390,97609585334396.mockFlowFile,23B]; routing to relationship simple
[pool-3017-thread-1] INFO org.apache.nifi.processors.standard.RouteText - RouteText[id=88577823-16f9-4de2-ba04-780edacb1bd8] Routing FlowFile[1390,97609585334396.mockFlowFile,23B] to original
[main] DEBUG org.apache.nifi.processors.standard.RouteText - RouteText[id=88577823-16f9-4de2-ba04-780edacb1bd8] Adding new dynamic property: PropertyDescriptor[simple]
[pool-3018-thread-1] INFO org.apache.nifi.processors.standard.RouteText - RouteText[id=88577823-16f9-4de2-ba04-780edacb1bd8] Created FlowFile[1393,97609585815421.mockFlowFile,23B] from FlowFile[1392,97609585815421.mockFlowFile,23B]; routing to relationship simple
[pool-3018-thread-1] INFO org.apache.nifi.processors.standard.RouteText - RouteText[id=88577823-16f9-4de2-ba04-780edacb1bd8] Routing FlowFile[1392,97609585815421.mockFlowFile,23B] to original
[main] DEBUG org.apache.nifi.processors.standard.RouteText - RouteText[id=88577823-16f9-4de2-ba04-780edacb1bd8] Adding new dynamic property: PropertyDescriptor[simple]
[pool-3019-thread-1] INFO org.apache.nifi.processors.standard.RouteText - RouteText[id=88577823-16f9-4de2-ba04-780edacb1bd8] Created FlowFile[1395,97609586284268.mockFlowFile,23B] from FlowFile[1394,97609586284268.mockFlowFile,23B]; routing to relationship simple
[pool-3019-thread-1] INFO org.apache.nifi.processors.standard.RouteText - RouteText[id=88577823-16f9-4de2-ba04-780edacb1bd8] Routing FlowFile[1394,97609586284268.mockFlowFile,23B] to original
[main] DEBUG org.apache.nifi.processors.standard.RouteText - RouteText[id=88577823-16f9-4de2-ba04-780edacb1bd8] Adding new dynamic property: PropertyDescriptor[simple]
[pool-3020-thread-1] INFO org.apache.nifi.processors.standard.RouteText - RouteText[id=88577823-16f9-4de2-ba04-780edacb1bd8] Created FlowFile[1397,97609586732976.mockFlowFile,23B] from FlowFile[1396,97609586732976.mockFlowFile,23B]; routing to relationship simple
[pool-3020-thread-1] INFO org.apache.nifi.processors.standard.RouteText - RouteText[id=88577823-16f9-4de2-ba04-780edacb1bd8] Routing FlowFile[1396,97609586732976.mockFlowFile,23B] to original
[main] DEBUG org.apache.nifi.processors.standard.RouteText - RouteText[id=88577823-16f9-4de2-ba04-780edacb1bd8] Adding new dynamic property: PropertyDescriptor[simple]
[pool-3021-thread-1] INFO org.apache.nifi.processors.standard.RouteText - RouteText[id=88577823-16f9-4de2-ba04-780edacb1bd8] Created FlowFile[1399,97609587153412.mockFlowFile,23B] from FlowFile[1398,97609587153412.mockFlowFile,23B]; routing to relationship simple
[pool-3021-thread-1] INFO org.apache.nifi.processors.standard.RouteText - RouteText[id=88577823-16f9-4de2-ba04-780edacb1bd8] Routing FlowFile[1398,97609587153412.mockFlowFile,23B] to original
[main] DEBUG org.apache.nifi.processors.standard.RouteText - RouteText[id=88577823-16f9-4de2-ba04-780edacb1bd8] Adding new dynamic property: PropertyDescriptor[simple]
[pool-3022-thread-1] INFO org.apache.nifi.processors.standard.RouteText - RouteText[id=88577823-16f9-4de2-ba04-780edacb1bd8] Created FlowFile[1401,97609587562959.mockFlowFile,23B] from FlowFile[1400,97609587562959.mockFlowFile,23B]; routing to relationship simple
[pool-3022-thread-1] INFO org.apache.nifi.processors.standard.RouteText - RouteText[id=88577823-16f9-4de2-ba04-780edacb1bd8] Routing FlowFile[1400,97609587562959.mockFlowFile,23B] to original
[main] DEBUG org.apache.nifi.processors.standard.RouteText - RouteText[id=88577823-16f9-4de2-ba04-780edacb1bd8] Adding new dynamic property: PropertyDescriptor[simple]
[pool-3023-thread-1] INFO org.apache.nifi.processors.standard.RouteText - RouteText[id=88577823-16f9-4de2-ba04-780edacb1bd8] Created FlowFile[1403,97609587987210.mockFlowFile,23B] from FlowFile[1402,97609587987210.mockFlowFile,23B]; routing to relationship simple
[pool-3023-thread-1] INFO org.apache.nifi.processors.standard.RouteText - RouteText[id=88577823-16f9-4de2-ba04-780edacb1bd8] Routing FlowFile[1402,97609587987210.mockFlowFile,23B] to original
[main] DEBUG org.apache.nifi.processors.standard.RouteText - RouteText[id=88577823-16f9-4de2-ba04-780edacb1bd8] Adding new dynamic property: PropertyDescriptor[simple]
[pool-3024-thread-1] INFO org.apache.nifi.processors.standard.RouteText - RouteText[id=88577823-16f9-4de2-ba04-780edacb1bd8] Created FlowFile[1405,97609588522957.mockFlowFile,23B] from FlowFile[1404,97609588522957.mockFlowFile,23B]; routing to relationship simple
[pool-3024-thread-1] INFO org.apache.nifi.processors.standard.RouteText - RouteText[id=88577823-16f9-4de2-ba04-780edacb1bd8] Routing FlowFile[1404,97609588522957.mockFlowFile,23B] to original
[main] DEBUG org.apache.nifi.processors.standard.RouteText - RouteText[id=88577823-16f9-4de2-ba04-780edacb1bd8] Adding new dynamic property: PropertyDescriptor[simple]
[pool-3025-thread-1] INFO org.apache.nifi.processors.standard.RouteText - RouteText[id=88577823-16f9-4de2-ba04-780edacb1bd8] Created FlowFile[1407,97609589012386.mockFlowFile,23B] from FlowFile[1406,97609589012386.mockFlowFile,23B]; routing to relationship simple
[pool-3025-thread-1] INFO org.apache.nifi.processors.standard.RouteText - RouteText[id=88577823-16f9-4de2-ba04-780edacb1bd8] Routing FlowFile[1406,97609589012386.mockFlowFile,23B] to original
[main] DEBUG org.apache.nifi.processors.standard.RouteText - RouteText[id=88577823-16f9-4de2-ba04-780edacb1bd8] Adding new dynamic property: PropertyDescriptor[simple]
[pool-3026-thread-1] INFO org.apache.nifi.processors.standard.RouteText - RouteText[id=88577823-16f9-4de2-ba04-780edacb1bd8] Created FlowFile[1409,97609589553997.mockFlowFile,23B] from FlowFile[1408,97609589553997.mockFlowFile,23B]; routing to relationship simple
[pool-3026-thread-1] INFO org.apache.nifi.processors.standard.RouteText - RouteText[id=88577823-16f9-4de2-ba04-780edacb1bd8] Routing FlowFile[1408,97609589553997.mockFlowFile,23B] to original
[main] DEBUG org.apache.nifi.processors.standard.RouteText - RouteText[id=88577823-16f9-4de2-ba04-780edacb1bd8] Adding new dynamic property: PropertyDescriptor[simple]
[pool-3027-thread-1] INFO org.apache.nifi.processors.standard.RouteText - RouteText[id=88577823-16f9-4de2-ba04-780edacb1bd8] Created FlowFile[1411,97609590000508.mockFlowFile,23B] from FlowFile[1410,97609590000508.mockFlowFile,23B]; routing to relationship simple
[pool-3027-thread-1] INFO org.apache.nifi.processors.standard.RouteText - RouteText[id=88577823-16f9-4de2-ba04-780edacb1bd8] Routing FlowFile[1410,97609590000508.mockFlowFile,23B] to original
[main] DEBUG org.apache.nifi.processors.standard.RouteText - RouteText[id=88577823-16f9-4de2-ba04-780edacb1bd8] Adding new dynamic property: PropertyDescriptor[simple]
[pool-3028-thread-1] INFO org.apache.nifi.processors.standard.RouteText - RouteText[id=88577823-16f9-4de2-ba04-780edacb1bd8] Created FlowFile[1413,97609590446032.mockFlowFile,23B] from FlowFile[1412,97609590446032.mockFlowFile,23B]; routing to relationship simple
[pool-3028-thread-1] INFO org.apache.nifi.processors.standard.RouteText - RouteText[id=88577823-16f9-4de2-ba04-780edacb1bd8] Routing FlowFile[1412,97609590446032.mockFlowFile,23B] to original
[main] DEBUG org.apache.nifi.processors.standard.RouteText - RouteText[id=88577823-16f9-4de2-ba04-780edacb1bd8] Adding new dynamic property: PropertyDescriptor[simple]
[pool-3029-thread-1] INFO org.apache.nifi.processors.standard.RouteText - RouteText[id=88577823-16f9-4de2-ba04-780edacb1bd8] Created FlowFile[1415,97609590923378.mockFlowFile,23B] from FlowFile[1414,97609590923378.mockFlowFile,23B]; routing to relationship simple
[pool-3029-thread-1] INFO org.apache.nifi.processors.standard.RouteText - RouteText[id=88577823-16f9-4de2-ba04-780edacb1bd8] Routing FlowFile[1414,97609590923378.mockFlowFile,23B] to original
[main] DEBUG org.apache.nifi.processors.standard.RouteText - RouteText[id=88577823-16f9-4de2-ba04-780edacb1bd8] Adding new dynamic property: PropertyDescriptor[simple]
[pool-3030-thread-1] INFO org.apache.nifi.processors.standard.RouteText - RouteText[id=88577823-16f9-4de2-ba04-780edacb1bd8] Created FlowFile[1417,97609591412021.mockFlowFile,23B] from FlowFile[1416,97609591412021.mockFlowFile,23B]; routing to relationship simple
[pool-3030-thread-1] INFO org.apache.nifi.processors.standard.RouteText - RouteText[id=88577823-16f9-4de2-ba04-780edacb1bd8] Routing FlowFile[1416,97609591412021.mockFlowFile,23B] to original
[main] DEBUG org.apache.nifi.processors.standard.RouteText - RouteText[id=88577823-16f9-4de2-ba04-780edacb1bd8] Adding new dynamic property: PropertyDescriptor[simple]
[pool-3031-thread-1] INFO org.apache.nifi.processors.standard.RouteText - RouteText[id=88577823-16f9-4de2-ba04-780edacb1bd8] Created FlowFile[1419,97609591866119.mockFlowFile,23B] from FlowFile[1418,97609591866119.mockFlowFile,23B]; routing to relationship simple
[pool-3031-thread-1] INFO org.apache.nifi.processors.standard.RouteText - RouteText[id=88577823-16f9-4de2-ba04-780edacb1bd8] Routing FlowFile[1418,97609591866119.mockFlowFile,23B] to original
[main] DEBUG org.apache.nifi.processors.standard.RouteText - RouteText[id=88577823-16f9-4de2-ba04-780edacb1bd8] Adding new dynamic property: PropertyDescriptor[simple]
[pool-3032-thread-1] INFO org.apache.nifi.processors.standard.RouteText - RouteText[id=88577823-16f9-4de2-ba04-780edacb1bd8] Created FlowFile[1421,97609592485459.mockFlowFile,23B] from FlowFile[1420,97609592485459.mockFlowFile,23B]; routing to relationship simple
[pool-3032-thread-1] INFO org.apache.nifi.processors.standard.RouteText - RouteText[id=88577823-16f9-4de2-ba04-780edacb1bd8] Routing FlowFile[1420,97609592485459.mockFlowFile,23B] to original
[main] DEBUG org.apache.nifi.processors.standard.RouteText - RouteText[id=88577823-16f9-4de2-ba04-780edacb1bd8] Adding new dynamic property: PropertyDescriptor[simple]
[pool-3033-thread-1] INFO org.apache.nifi.processors.standard.RouteText - RouteText[id=88577823-16f9-4de2-ba04-780edacb1bd8] Created FlowFile[1423,97609593002905.mockFlowFile,23B] from FlowFile[1422,97609593002905.mockFlowFile,23B]; routing to relationship simple
[pool-3033-thread-1] INFO org.apache.nifi.processors.standard.RouteText - RouteText[id=88577823-16f9-4de2-ba04-780edacb1bd8] Routing FlowFile[1422,97609593002905.mockFlowFile,23B] to original
[main] DEBUG org.apache.nifi.processors.standard.RouteText - RouteText[id=88577823-16f9-4de2-ba04-780edacb1bd8] Adding new dynamic property: PropertyDescriptor[simple]
[pool-3034-thread-1] INFO org.apache.nifi.processors.standard.RouteText - RouteText[id=88577823-16f9-4de2-ba04-780edacb1bd8] Created FlowFile[1425,97609593512729.mockFlowFile,23B] from FlowFile[1424,97609593512729.mockFlowFile,23B]; routing to relationship simple
[pool-3034-thread-1] INFO org.apache.nifi.processors.standard.RouteText - RouteText[id=88577823-16f9-4de2-ba04-780edacb1bd8] Routing FlowFile[1424,97609593512729.mockFlowFile,23B] to original
[main] DEBUG org.apache.nifi.processors.standard.RouteText - RouteText[id=88577823-16f9-4de2-ba04-780edacb1bd8] Adding new dynamic property: PropertyDescriptor[simple]
[pool-3035-thread-1] INFO org.apache.nifi.processors.standard.RouteText - RouteText[id=88577823-16f9-4de2-ba04-780edacb1bd8] Created FlowFile[1427,97609593997886.mockFlowFile,23B] from FlowFile[1426,97609593997886.mockFlowFile,23B]; routing to relationship simple
[pool-3035-thread-1] INFO org.apache.nifi.processors.standard.RouteText - RouteText[id=88577823-16f9-4de2-ba04-780edacb1bd8] Routing FlowFile[1426,97609593997886.mockFlowFile,23B] to original
[main] DEBUG org.apache.nifi.processors.standard.RouteText - RouteText[id=88577823-16f9-4de2-ba04-780edacb1bd8] Adding new dynamic property: PropertyDescriptor[simple]
[pool-3036-thread-1] INFO org.apache.nifi.processors.standard.RouteText - RouteText[id=88577823-16f9-4de2-ba04-780edacb1bd8] Created FlowFile[1429,97609594452259.mockFlowFile,23B] from FlowFile[1428,97609594452259.mockFlowFile,23B]; routing to relationship simple
[pool-3036-thread-1] INFO org.apache.nifi.processors.standard.RouteText - RouteText[id=88577823-16f9-4de2-ba04-780edacb1bd8] Routing FlowFile[1428,97609594452259.mockFlowFile,23B] to original
[main] DEBUG org.apache.nifi.processors.standard.RouteText - RouteText[id=88577823-16f9-4de2-ba04-780edacb1bd8] Adding new dynamic property: PropertyDescriptor[simple]
[pool-3037-thread-1] INFO org.apache.nifi.processors.standard.RouteText - RouteText[id=88577823-16f9-4de2-ba04-780edacb1bd8] Created FlowFile[1431,97609594823230.mockFlowFile,23B] from FlowFile[1430,97609594823230.mockFlowFile,23B]; routing to relationship simple
[pool-3037-thread-1] INFO org.apache.nifi.processors.standard.RouteText - RouteText[id=88577823-16f9-4de2-ba04-780edacb1bd8] Routing FlowFile[1430,97609594823230.mockFlowFile,23B] to original
[main] DEBUG org.apache.nifi.processors.standard.RouteText - RouteText[id=88577823-16f9-4de2-ba04-780edacb1bd8] Adding new dynamic property: PropertyDescriptor[simple]
[pool-3038-thread-1] INFO org.apache.nifi.processors.standard.RouteText - RouteText[id=88577823-16f9-4de2-ba04-780edacb1bd8] Created FlowFile[1433,97609595279357.mockFlowFile,23B] from FlowFile[1432,97609595279357.mockFlowFile,23B]; routing to relationship simple
[pool-3038-thread-1] INFO org.apache.nifi.processors.standard.RouteText - RouteText[id=88577823-16f9-4de2-ba04-780edacb1bd8] Routing FlowFile[1432,97609595279357.mockFlowFile,23B] to original
[main] DEBUG org.apache.nifi.processors.standard.RouteText - RouteText[id=88577823-16f9-4de2-ba04-780edacb1bd8] Adding new dynamic property: PropertyDescriptor[simple]
[pool-3039-thread-1] INFO org.apache.nifi.processors.standard.RouteText - RouteText[id=88577823-16f9-4de2-ba04-780edacb1bd8] Created FlowFile[1435,97609595692666.mockFlowFile,23B] from FlowFile[1434,97609595692666.mockFlowFile,23B]; routing to relationship simple
[pool-3039-thread-1] INFO org.apache.nifi.processors.standard.RouteText - RouteText[id=88577823-16f9-4de2-ba04-780edacb1bd8] Routing FlowFile[1434,97609595692666.mockFlowFile,23B] to original
[main] DEBUG org.apache.nifi.processors.standard.RouteText - RouteText[id=88577823-16f9-4de2-ba04-780edacb1bd8] Adding new dynamic property: PropertyDescriptor[simple]
[pool-3040-thread-1] INFO org.apache.nifi.processors.standard.RouteText - RouteText[id=88577823-16f9-4de2-ba04-780edacb1bd8] Created FlowFile[1437,97609596090142.mockFlowFile,23B] from FlowFile[1436,97609596090142.mockFlowFile,23B]; routing to relationship simple
[pool-3040-thread-1] INFO org.apache.nifi.processors.standard.RouteText - RouteText[id=88577823-16f9-4de2-ba04-780edacb1bd8] Routing FlowFile[1436,97609596090142.mockFlowFile,23B] to original
[main] DEBUG org.apache.nifi.processors.standard.RouteText - RouteText[id=88577823-16f9-4de2-ba04-780edacb1bd8] Adding new dynamic property: PropertyDescriptor[simple]
[pool-3041-thread-1] INFO org.apache.nifi.processors.standard.RouteText - RouteText[id=88577823-16f9-4de2-ba04-780edacb1bd8] Created FlowFile[1439,97609596600322.mockFlowFile,23B] from FlowFile[1438,97609596600322.mockFlowFile,23B]; routing to relationship simple
[pool-3041-thread-1] INFO org.apache.nifi.processors.standard.RouteText - RouteText[id=88577823-16f9-4de2-ba04-780edacb1bd8] Routing FlowFile[1438,97609596600322.mockFlowFile,23B] to original
[main] DEBUG org.apache.nifi.processors.standard.RouteText - RouteText[id=88577823-16f9-4de2-ba04-780edacb1bd8] Adding new dynamic property: PropertyDescriptor[simple]
[pool-3042-thread-1] INFO org.apache.nifi.processors.standard.RouteText - RouteText[id=88577823-16f9-4de2-ba04-780edacb1bd8] Created FlowFile[1441,97609597114472.mockFlowFile,23B] from FlowFile[1440,97609597114472.mockFlowFile,23B]; routing to relationship simple
[pool-3042-thread-1] INFO org.apache.nifi.processors.standard.RouteText - RouteText[id=88577823-16f9-4de2-ba04-780edacb1bd8] Routing FlowFile[1440,97609597114472.mockFlowFile,23B] to original
[main] DEBUG org.apache.nifi.processors.standard.RouteText - RouteText[id=88577823-16f9-4de2-ba04-780edacb1bd8] Adding new dynamic property: PropertyDescriptor[simple]
[pool-3043-thread-1] INFO org.apache.nifi.processors.standard.RouteText - RouteText[id=88577823-16f9-4de2-ba04-780edacb1bd8] Created FlowFile[1443,97609597564461.mockFlowFile,23B] from FlowFile[1442,97609597564461.mockFlowFile,23B]; routing to relationship simple
[pool-3043-thread-1] INFO org.apache.nifi.processors.standard.RouteText - RouteText[id=88577823-16f9-4de2-ba04-780edacb1bd8] Routing FlowFile[1442,97609597564461.mockFlowFile,23B] to original
[main] DEBUG org.apache.nifi.processors.standard.RouteText - RouteText[id=88577823-16f9-4de2-ba04-780edacb1bd8] Adding new dynamic property: PropertyDescriptor[simple]
[pool-3044-thread-1] INFO org.apache.nifi.processors.standard.RouteText - RouteText[id=88577823-16f9-4de2-ba04-780edacb1bd8] Created FlowFile[1445,97609598035259.mockFlowFile,23B] from FlowFile[1444,97609598035259.mockFlowFile,23B]; routing to relationship simple
[pool-3044-thread-1] INFO org.apache.nifi.processors.standard.RouteText - RouteText[id=88577823-16f9-4de2-ba04-780edacb1bd8] Routing FlowFile[1444,97609598035259.mockFlowFile,23B] to original
[main] DEBUG org.apache.nifi.processors.standard.RouteText - RouteText[id=88577823-16f9-4de2-ba04-780edacb1bd8] Adding new dynamic property: PropertyDescriptor[simple]
[pool-3045-thread-1] INFO org.apache.nifi.processors.standard.RouteText - RouteText[id=88577823-16f9-4de2-ba04-780edacb1bd8] Created FlowFile[1447,97609598538199.mockFlowFile,23B] from FlowFile[1446,97609598538199.mockFlowFile,23B]; routing to relationship simple
[pool-3045-thread-1] INFO org.apache.nifi.processors.standard.RouteText - RouteText[id=88577823-16f9-4de2-ba04-780edacb1bd8] Routing FlowFile[1446,97609598538199.mockFlowFile,23B] to original
[main] DEBUG org.apache.nifi.processors.standard.RouteText - RouteText[id=88577823-16f9-4de2-ba04-780edacb1bd8] Adding new dynamic property: PropertyDescriptor[simple]
[pool-3046-thread-1] INFO org.apache.nifi.processors.standard.RouteText - RouteText[id=88577823-16f9-4de2-ba04-780edacb1bd8] Created FlowFile[1449,97609599029979.mockFlowFile,23B] from FlowFile[1448,97609599029979.mockFlowFile,23B]; routing to relationship simple
[pool-3046-thread-1] INFO org.apache.nifi.processors.standard.RouteText - RouteText[id=88577823-16f9-4de2-ba04-780edacb1bd8] Routing FlowFile[1448,97609599029979.mockFlowFile,23B] to original
[main] DEBUG org.apache.nifi.processors.standard.RouteText - RouteText[id=88577823-16f9-4de2-ba04-780edacb1bd8] Adding new dynamic property: PropertyDescriptor[simple]
[pool-3047-thread-1] INFO org.apache.nifi.processors.standard.RouteText - RouteText[id=88577823-16f9-4de2-ba04-780edacb1bd8] Created FlowFile[1451,97609599550566.mockFlowFile,23B] from FlowFile[1450,97609599550566.mockFlowFile,23B]; routing to relationship simple
[pool-3047-thread-1] INFO org.apache.nifi.processors.standard.RouteText - RouteText[id=88577823-16f9-4de2-ba04-780edacb1bd8] Routing FlowFile[1450,97609599550566.mockFlowFile,23B] to original
[main] DEBUG org.apache.nifi.processors.standard.RouteText - RouteText[id=88577823-16f9-4de2-ba04-780edacb1bd8] Adding new dynamic property: PropertyDescriptor[simple]
[pool-3048-thread-1] INFO org.apache.nifi.processors.standard.RouteText - RouteText[id=88577823-16f9-4de2-ba04-780edacb1bd8] Created FlowFile[1453,97609600076546.mockFlowFile,23B] from FlowFile[1452,97609600076546.mockFlowFile,23B]; routing to relationship simple
[pool-3048-thread-1] INFO org.apache.nifi.processors.standard.RouteText - RouteText[id=88577823-16f9-4de2-ba04-780edacb1bd8] Routing FlowFile[1452,97609600076546.mockFlowFile,23B] to original
[main] DEBUG org.apache.nifi.processors.standard.RouteText - RouteText[id=88577823-16f9-4de2-ba04-780edacb1bd8] Adding new dynamic property: PropertyDescriptor[simple]
[pool-3049-thread-1] INFO org.apache.nifi.processors.standard.RouteText - RouteText[id=88577823-16f9-4de2-ba04-780edacb1bd8] Created FlowFile[1455,97609600596233.mockFlowFile,23B] from FlowFile[1454,97609600596233.mockFlowFile,23B]; routing to relationship simple
[pool-3049-thread-1] INFO org.apache.nifi.processors.standard.RouteText - RouteText[id=88577823-16f9-4de2-ba04-780edacb1bd8] Routing FlowFile[1454,97609600596233.mockFlowFile,23B] to original
[main] DEBUG org.apache.nifi.processors.standard.RouteText - RouteText[id=88577823-16f9-4de2-ba04-780edacb1bd8] Adding new dynamic property: PropertyDescriptor[simple]
[pool-3050-thread-1] INFO org.apache.nifi.processors.standard.RouteText - RouteText[id=88577823-16f9-4de2-ba04-780edacb1bd8] Created FlowFile[1457,97609601154347.mockFlowFile,23B] from FlowFile[1456,97609601154347.mockFlowFile,23B]; routing to relationship simple
[pool-3050-thread-1] INFO org.apache.nifi.processors.standard.RouteText - RouteText[id=88577823-16f9-4de2-ba04-780edacb1bd8] Routing FlowFile[1456,97609601154347.mockFlowFile,23B] to original
[main] DEBUG org.apache.nifi.processors.standard.RouteText - RouteText[id=88577823-16f9-4de2-ba04-780edacb1bd8] Adding new dynamic property: PropertyDescriptor[simple]
[pool-3051-thread-1] INFO org.apache.nifi.processors.standard.RouteText - RouteText[id=88577823-16f9-4de2-ba04-780edacb1bd8] Created FlowFile[1459,97609601733741.mockFlowFile,23B] from FlowFile[1458,97609601733741.mockFlowFile,23B]; routing to relationship simple
[pool-3051-thread-1] INFO org.apache.nifi.processors.standard.RouteText - RouteText[id=88577823-16f9-4de2-ba04-780edacb1bd8] Routing FlowFile[1458,97609601733741.mockFlowFile,23B] to original
[main] DEBUG org.apache.nifi.processors.standard.RouteText - RouteText[id=88577823-16f9-4de2-ba04-780edacb1bd8] Adding new dynamic property: PropertyDescriptor[simple]
[pool-3052-thread-1] INFO org.apache.nifi.processors.standard.RouteText - RouteText[id=88577823-16f9-4de2-ba04-780edacb1bd8] Created FlowFile[1461,97609602251010.mockFlowFile,23B] from FlowFile[1460,97609602251010.mockFlowFile,23B]; routing to relationship simple
[pool-3052-thread-1] INFO org.apache.nifi.processors.standard.RouteText - RouteText[id=88577823-16f9-4de2-ba04-780edacb1bd8] Routing FlowFile[1460,97609602251010.mockFlowFile,23B] to original
[main] DEBUG org.apache.nifi.processors.standard.RouteText - RouteText[id=88577823-16f9-4de2-ba04-780edacb1bd8] Adding new dynamic property: PropertyDescriptor[simple]
[pool-3053-thread-1] INFO org.apache.nifi.processors.standard.RouteText - RouteText[id=88577823-16f9-4de2-ba04-780edacb1bd8] Created FlowFile[1463,97609602701058.mockFlowFile,23B] from FlowFile[1462,97609602701058.mockFlowFile,23B]; routing to relationship simple
[pool-3053-thread-1] INFO org.apache.nifi.processors.standard.RouteText - RouteText[id=88577823-16f9-4de2-ba04-780edacb1bd8] Routing FlowFile[1462,97609602701058.mockFlowFile,23B] to original
[main] DEBUG org.apache.nifi.processors.standard.RouteText - RouteText[id=88577823-16f9-4de2-ba04-780edacb1bd8] Adding new dynamic property: PropertyDescriptor[simple]
[pool-3054-thread-1] INFO org.apache.nifi.processors.standard.RouteText - RouteText[id=88577823-16f9-4de2-ba04-780edacb1bd8] Created FlowFile[1465,97609603140359.mockFlowFile,23B] from FlowFile[1464,97609603140359.mockFlowFile,23B]; routing to relationship simple
[pool-3054-thread-1] INFO org.apache.nifi.processors.standard.RouteText - RouteText[id=88577823-16f9-4de2-ba04-780edacb1bd8] Routing FlowFile[1464,97609603140359.mockFlowFile,23B] to original
[main] DEBUG org.apache.nifi.processors.standard.RouteText - RouteText[id=88577823-16f9-4de2-ba04-780edacb1bd8] Adding new dynamic property: PropertyDescriptor[simple]
[pool-3055-thread-1] INFO org.apache.nifi.processors.standard.RouteText - RouteText[id=88577823-16f9-4de2-ba04-780edacb1bd8] Created FlowFile[1467,97609603583906.mockFlowFile,23B] from FlowFile[1466,97609603583906.mockFlowFile,23B]; routing to relationship simple
[pool-3055-thread-1] INFO org.apache.nifi.processors.standard.RouteText - RouteText[id=88577823-16f9-4de2-ba04-780edacb1bd8] Routing FlowFile[1466,97609603583906.mockFlowFile,23B] to original
[main] DEBUG org.apache.nifi.processors.standard.RouteText - RouteText[id=88577823-16f9-4de2-ba04-780edacb1bd8] Adding new dynamic property: PropertyDescriptor[simple]
[pool-3056-thread-1] INFO org.apache.nifi.processors.standard.RouteText - RouteText[id=88577823-16f9-4de2-ba04-780edacb1bd8] Created FlowFile[1469,97609603986330.mockFlowFile,23B] from FlowFile[1468,97609603986330.mockFlowFile,23B]; routing to relationship simple
[pool-3056-thread-1] INFO org.apache.nifi.processors.standard.RouteText - RouteText[id=88577823-16f9-4de2-ba04-780edacb1bd8] Routing FlowFile[1468,97609603986330.mockFlowFile,23B] to original
[main] DEBUG org.apache.nifi.processors.standard.RouteText - RouteText[id=88577823-16f9-4de2-ba04-780edacb1bd8] Adding new dynamic property: PropertyDescriptor[simple]
[pool-3057-thread-1] INFO org.apache.nifi.processors.standard.RouteText - RouteText[id=88577823-16f9-4de2-ba04-780edacb1bd8] Created FlowFile[1471,97609604477903.mockFlowFile,23B] from FlowFile[1470,97609604477903.mockFlowFile,23B]; routing to relationship simple
[pool-3057-thread-1] INFO org.apache.nifi.processors.standard.RouteText - RouteText[id=88577823-16f9-4de2-ba04-780edacb1bd8] Routing FlowFile[1470,97609604477903.mockFlowFile,23B] to original
[main] DEBUG org.apache.nifi.processors.standard.RouteText - RouteText[id=88577823-16f9-4de2-ba04-780edacb1bd8] Adding new dynamic property: PropertyDescriptor[simple]
[pool-3058-thread-1] INFO org.apache.nifi.processors.standard.RouteText - RouteText[id=88577823-16f9-4de2-ba04-780edacb1bd8] Created FlowFile[1473,97609604958790.mockFlowFile,23B] from FlowFile[1472,97609604958790.mockFlowFile,23B]; routing to relationship simple
[pool-3058-thread-1] INFO org.apache.nifi.processors.standard.RouteText - RouteText[id=88577823-16f9-4de2-ba04-780edacb1bd8] Routing FlowFile[1472,97609604958790.mockFlowFile,23B] to original
[main] DEBUG org.apache.nifi.processors.standard.RouteText - RouteText[id=88577823-16f9-4de2-ba04-780edacb1bd8] Adding new dynamic property: PropertyDescriptor[simple]
[pool-3059-thread-1] INFO org.apache.nifi.processors.standard.RouteText - RouteText[id=88577823-16f9-4de2-ba04-780edacb1bd8] Created FlowFile[1475,97609605658729.mockFlowFile,23B] from FlowFile[1474,97609605658729.mockFlowFile,23B]; routing to relationship simple
[pool-3059-thread-1] INFO org.apache.nifi.processors.standard.RouteText - RouteText[id=88577823-16f9-4de2-ba04-780edacb1bd8] Routing FlowFile[1474,97609605658729.mockFlowFile,23B] to original
[main] DEBUG org.apache.nifi.processors.standard.RouteText - RouteText[id=88577823-16f9-4de2-ba04-780edacb1bd8] Adding new dynamic property: PropertyDescriptor[simple]
[pool-3060-thread-1] INFO org.apache.nifi.processors.standard.RouteText - RouteText[id=88577823-16f9-4de2-ba04-780edacb1bd8] Created FlowFile[1477,97609606145174.mockFlowFile,23B] from FlowFile[1476,97609606145174.mockFlowFile,23B]; routing to relationship simple
[pool-3060-thread-1] INFO org.apache.nifi.processors.standard.RouteText - RouteText[id=88577823-16f9-4de2-ba04-780edacb1bd8] Routing FlowFile[1476,97609606145174.mockFlowFile,23B] to original
[main] DEBUG org.apache.nifi.processors.standard.RouteText - RouteText[id=88577823-16f9-4de2-ba04-780edacb1bd8] Adding new dynamic property: PropertyDescriptor[simple]
[pool-3061-thread-1] INFO org.apache.nifi.processors.standard.RouteText - RouteText[id=88577823-16f9-4de2-ba04-780edacb1bd8] Created FlowFile[1479,97609606609318.mockFlowFile,23B] from FlowFile[1478,97609606609318.mockFlowFile,23B]; routing to relationship simple
[pool-3061-thread-1] INFO org.apache.nifi.processors.standard.RouteText - RouteText[id=88577823-16f9-4de2-ba04-780edacb1bd8] Routing FlowFile[1478,97609606609318.mockFlowFile,23B] to original
[main] DEBUG org.apache.nifi.processors.standard.RouteText - RouteText[id=88577823-16f9-4de2-ba04-780edacb1bd8] Adding new dynamic property: PropertyDescriptor[simple]
[pool-3062-thread-1] INFO org.apache.nifi.processors.standard.RouteText - RouteText[id=88577823-16f9-4de2-ba04-780edacb1bd8] Created FlowFile[1481,97609607045829.mockFlowFile,23B] from FlowFile[1480,97609607045829.mockFlowFile,23B]; routing to relationship simple
[pool-3062-thread-1] INFO org.apache.nifi.processors.standard.RouteText - RouteText[id=88577823-16f9-4de2-ba04-780edacb1bd8] Routing FlowFile[1480,97609607045829.mockFlowFile,23B] to original
[main] DEBUG org.apache.nifi.processors.standard.RouteText - RouteText[id=88577823-16f9-4de2-ba04-780edacb1bd8] Adding new dynamic property: PropertyDescriptor[simple]
[pool-3063-thread-1] INFO org.apache.nifi.processors.standard.RouteText - RouteText[id=88577823-16f9-4de2-ba04-780edacb1bd8] Created FlowFile[1483,97609607472540.mockFlowFile,23B] from FlowFile[1482,97609607472540.mockFlowFile,23B]; routing to relationship simple
[pool-3063-thread-1] INFO org.apache.nifi.processors.standard.RouteText - RouteText[id=88577823-16f9-4de2-ba04-780edacb1bd8] Routing FlowFile[1482,97609607472540.mockFlowFile,23B] to original
[main] DEBUG org.apache.nifi.processors.standard.RouteText - RouteText[id=88577823-16f9-4de2-ba04-780edacb1bd8] Adding new dynamic property: PropertyDescriptor[simple]
[pool-3064-thread-1] INFO org.apache.nifi.processors.standard.RouteText - RouteText[id=88577823-16f9-4de2-ba04-780edacb1bd8] Created FlowFile[1485,97609607905335.mockFlowFile,23B] from FlowFile[1484,97609607905335.mockFlowFile,23B]; routing to relationship simple
[pool-3064-thread-1] INFO org.apache.nifi.processors.standard.RouteText - RouteText[id=88577823-16f9-4de2-ba04-780edacb1bd8] Routing FlowFile[1484,97609607905335.mockFlowFile,23B] to original
[main] DEBUG org.apache.nifi.processors.standard.RouteText - RouteText[id=88577823-16f9-4de2-ba04-780edacb1bd8] Adding new dynamic property: PropertyDescriptor[simple]
[pool-3065-thread-1] INFO org.apache.nifi.processors.standard.RouteText - RouteText[id=88577823-16f9-4de2-ba04-780edacb1bd8] Created FlowFile[1487,97609608367557.mockFlowFile,23B] from FlowFile[1486,97609608367557.mockFlowFile,23B]; routing to relationship simple
[pool-3065-thread-1] INFO org.apache.nifi.processors.standard.RouteText - RouteText[id=88577823-16f9-4de2-ba04-780edacb1bd8] Routing FlowFile[1486,97609608367557.mockFlowFile,23B] to original
[main] DEBUG org.apache.nifi.processors.standard.RouteText - RouteText[id=88577823-16f9-4de2-ba04-780edacb1bd8] Adding new dynamic property: PropertyDescriptor[simple]
[pool-3066-thread-1] INFO org.apache.nifi.processors.standard.RouteText - RouteText[id=88577823-16f9-4de2-ba04-780edacb1bd8] Created FlowFile[1489,97609608846259.mockFlowFile,23B] from FlowFile[1488,97609608846259.mockFlowFile,23B]; routing to relationship simple
[pool-3066-thread-1] INFO org.apache.nifi.processors.standard.RouteText - RouteText[id=88577823-16f9-4de2-ba04-780edacb1bd8] Routing FlowFile[1488,97609608846259.mockFlowFile,23B] to original
[main] DEBUG org.apache.nifi.processors.standard.RouteText - RouteText[id=88577823-16f9-4de2-ba04-780edacb1bd8] Adding new dynamic property: PropertyDescriptor[simple]
[pool-3067-thread-1] INFO org.apache.nifi.processors.standard.RouteText - RouteText[id=88577823-16f9-4de2-ba04-780edacb1bd8] Created FlowFile[1491,97609609514582.mockFlowFile,23B] from FlowFile[1490,97609609514582.mockFlowFile,23B]; routing to relationship simple
[pool-3067-thread-1] INFO org.apache.nifi.processors.standard.RouteText - RouteText[id=88577823-16f9-4de2-ba04-780edacb1bd8] Routing FlowFile[1490,97609609514582.mockFlowFile,23B] to original
[main] DEBUG org.apache.nifi.processors.standard.RouteText - RouteText[id=88577823-16f9-4de2-ba04-780edacb1bd8] Adding new dynamic property: PropertyDescriptor[simple]
[pool-3068-thread-1] INFO org.apache.nifi.processors.standard.RouteText - RouteText[id=88577823-16f9-4de2-ba04-780edacb1bd8] Created FlowFile[1493,97609610061305.mockFlowFile,23B] from FlowFile[1492,97609610061305.mockFlowFile,23B]; routing to relationship simple
[pool-3068-thread-1] INFO org.apache.nifi.processors.standard.RouteText - RouteText[id=88577823-16f9-4de2-ba04-780edacb1bd8] Routing FlowFile[1492,97609610061305.mockFlowFile,23B] to original
[main] DEBUG org.apache.nifi.processors.standard.RouteText - RouteText[id=88577823-16f9-4de2-ba04-780edacb1bd8] Adding new dynamic property: PropertyDescriptor[simple]
[pool-3069-thread-1] INFO org.apache.nifi.processors.standard.RouteText - RouteText[id=88577823-16f9-4de2-ba04-780edacb1bd8] Created FlowFile[1495,97609610549422.mockFlowFile,23B] from FlowFile[1494,97609610549422.mockFlowFile,23B]; routing to relationship simple
[pool-3069-thread-1] INFO org.apache.nifi.processors.standard.RouteText - RouteText[id=88577823-16f9-4de2-ba04-780edacb1bd8] Routing FlowFile[1494,97609610549422.mockFlowFile,23B] to original
[main] DEBUG org.apache.nifi.processors.standard.RouteText - RouteText[id=88577823-16f9-4de2-ba04-780edacb1bd8] Adding new dynamic property: PropertyDescriptor[simple]
[pool-3070-thread-1] INFO org.apache.nifi.processors.standard.RouteText - RouteText[id=88577823-16f9-4de2-ba04-780edacb1bd8] Created FlowFile[1497,97609611090468.mockFlowFile,23B] from FlowFile[1496,97609611090468.mockFlowFile,23B]; routing to relationship simple
[pool-3070-thread-1] INFO org.apache.nifi.processors.standard.RouteText - RouteText[id=88577823-16f9-4de2-ba04-780edacb1bd8] Routing FlowFile[1496,97609611090468.mockFlowFile,23B] to original
[main] DEBUG org.apache.nifi.processors.standard.RouteText - RouteText[id=88577823-16f9-4de2-ba04-780edacb1bd8] Adding new dynamic property: PropertyDescriptor[simple]
[pool-3071-thread-1] INFO org.apache.nifi.processors.standard.RouteText - RouteText[id=88577823-16f9-4de2-ba04-780edacb1bd8] Created FlowFile[1499,97609611562614.mockFlowFile,23B] from FlowFile[1498,97609611562614.mockFlowFile,23B]; routing to relationship simple
[pool-3071-thread-1] INFO org.apache.nifi.processors.standard.RouteText - RouteText[id=88577823-16f9-4de2-ba04-780edacb1bd8] Routing FlowFile[1498,97609611562614.mockFlowFile,23B] to original
[main] DEBUG org.apache.nifi.processors.standard.RouteText - RouteText[id=88577823-16f9-4de2-ba04-780edacb1bd8] Adding new dynamic property: PropertyDescriptor[simple]
[pool-3072-thread-1] INFO org.apache.nifi.processors.standard.RouteText - RouteText[id=88577823-16f9-4de2-ba04-780edacb1bd8] Created FlowFile[1501,97609611982025.mockFlowFile,23B] from FlowFile[1500,97609611982025.mockFlowFile,23B]; routing to relationship simple
[pool-3072-thread-1] INFO org.apache.nifi.processors.standard.RouteText - RouteText[id=88577823-16f9-4de2-ba04-780edacb1bd8] Routing FlowFile[1500,97609611982025.mockFlowFile,23B] to original
[main] DEBUG org.apache.nifi.processors.standard.RouteText - RouteText[id=88577823-16f9-4de2-ba04-780edacb1bd8] Adding new dynamic property: PropertyDescriptor[simple]
[pool-3073-thread-1] INFO org.apache.nifi.processors.standard.RouteText - RouteText[id=88577823-16f9-4de2-ba04-780edacb1bd8] Created FlowFile[1503,97609612441133.mockFlowFile,23B] from FlowFile[1502,97609612441133.mockFlowFile,23B]; routing to relationship simple
[pool-3073-thread-1] INFO org.apache.nifi.processors.standard.RouteText - RouteText[id=88577823-16f9-4de2-ba04-780edacb1bd8] Routing FlowFile[1502,97609612441133.mockFlowFile,23B] to original
[main] DEBUG org.apache.nifi.processors.standard.RouteText - RouteText[id=88577823-16f9-4de2-ba04-780edacb1bd8] Adding new dynamic property: PropertyDescriptor[simple]
[pool-3074-thread-1] INFO org.apache.nifi.processors.standard.RouteText - RouteText[id=88577823-16f9-4de2-ba04-780edacb1bd8] Created FlowFile[1505,97609612912466.mockFlowFile,23B] from FlowFile[1504,97609612912466.mockFlowFile,23B]; routing to relationship simple
[pool-3074-thread-1] INFO org.apache.nifi.processors.standard.RouteText - RouteText[id=88577823-16f9-4de2-ba04-780edacb1bd8] Routing FlowFile[1504,97609612912466.mockFlowFile,23B] to original
[main] DEBUG org.apache.nifi.processors.standard.RouteText - RouteText[id=88577823-16f9-4de2-ba04-780edacb1bd8] Adding new dynamic property: PropertyDescriptor[simple]
[pool-3075-thread-1] INFO org.apache.nifi.processors.standard.RouteText - RouteText[id=88577823-16f9-4de2-ba04-780edacb1bd8] Created FlowFile[1507,97609613356043.mockFlowFile,23B] from FlowFile[1506,97609613356043.mockFlowFile,23B]; routing to relationship simple
[pool-3075-thread-1] INFO org.apache.nifi.processors.standard.RouteText - RouteText[id=88577823-16f9-4de2-ba04-780edacb1bd8] Routing FlowFile[1506,97609613356043.mockFlowFile,23B] to original
[main] DEBUG org.apache.nifi.processors.standard.RouteText - RouteText[id=88577823-16f9-4de2-ba04-780edacb1bd8] Adding new dynamic property: PropertyDescriptor[simple]
[pool-3076-thread-1] INFO org.apache.nifi.processors.standard.RouteText - RouteText[id=88577823-16f9-4de2-ba04-780edacb1bd8] Created FlowFile[1509,97609613829011.mockFlowFile,23B] from FlowFile[1508,97609613829011.mockFlowFile,23B]; routing to relationship simple
[pool-3076-thread-1] INFO org.apache.nifi.processors.standard.RouteText - RouteText[id=88577823-16f9-4de2-ba04-780edacb1bd8] Routing FlowFile[1508,97609613829011.mockFlowFile,23B] to original
[main] DEBUG org.apache.nifi.processors.standard.RouteText - RouteText[id=88577823-16f9-4de2-ba04-780edacb1bd8] Adding new dynamic property: PropertyDescriptor[simple]
[pool-3077-thread-1] INFO org.apache.nifi.processors.standard.RouteText - RouteText[id=88577823-16f9-4de2-ba04-780edacb1bd8] Created FlowFile[1511,97609614312620.mockFlowFile,23B] from FlowFile[1510,97609614312620.mockFlowFile,23B]; routing to relationship simple
[pool-3077-thread-1] INFO org.apache.nifi.processors.standard.RouteText - RouteText[id=88577823-16f9-4de2-ba04-780edacb1bd8] Routing FlowFile[1510,97609614312620.mockFlowFile,23B] to original
[main] DEBUG org.apache.nifi.processors.standard.RouteText - RouteText[id=88577823-16f9-4de2-ba04-780edacb1bd8] Adding new dynamic property: PropertyDescriptor[simple]
[pool-3078-thread-1] INFO org.apache.nifi.processors.standard.RouteText - RouteText[id=88577823-16f9-4de2-ba04-780edacb1bd8] Created FlowFile[1513,97609614778888.mockFlowFile,23B] from FlowFile[1512,97609614778888.mockFlowFile,23B]; routing to relationship simple
[pool-3078-thread-1] INFO org.apache.nifi.processors.standard.RouteText - RouteText[id=88577823-16f9-4de2-ba04-780edacb1bd8] Routing FlowFile[1512,97609614778888.mockFlowFile,23B] to original
[main] DEBUG org.apache.nifi.processors.standard.RouteText - RouteText[id=88577823-16f9-4de2-ba04-780edacb1bd8] Adding new dynamic property: PropertyDescriptor[simple]
[pool-3079-thread-1] INFO org.apache.nifi.processors.standard.RouteText - RouteText[id=88577823-16f9-4de2-ba04-780edacb1bd8] Created FlowFile[1515,97609615245493.mockFlowFile,23B] from FlowFile[1514,97609615245493.mockFlowFile,23B]; routing to relationship simple
[pool-3079-thread-1] INFO org.apache.nifi.processors.standard.RouteText - RouteText[id=88577823-16f9-4de2-ba04-780edacb1bd8] Routing FlowFile[1514,97609615245493.mockFlowFile,23B] to original
[main] DEBUG org.apache.nifi.processors.standard.RouteText - RouteText[id=88577823-16f9-4de2-ba04-780edacb1bd8] Adding new dynamic property: PropertyDescriptor[simple]
[pool-3080-thread-1] INFO org.apache.nifi.processors.standard.RouteText - RouteText[id=88577823-16f9-4de2-ba04-780edacb1bd8] Created FlowFile[1517,97609615715128.mockFlowFile,23B] from FlowFile[1516,97609615715128.mockFlowFile,23B]; routing to relationship simple
[pool-3080-thread-1] INFO org.apache.nifi.processors.standard.RouteText - RouteText[id=88577823-16f9-4de2-ba04-780edacb1bd8] Routing FlowFile[1516,97609615715128.mockFlowFile,23B] to original
[main] DEBUG org.apache.nifi.processors.standard.RouteText - RouteText[id=88577823-16f9-4de2-ba04-780edacb1bd8] Adding new dynamic property: PropertyDescriptor[simple]
[pool-3081-thread-1] INFO org.apache.nifi.processors.standard.RouteText - RouteText[id=88577823-16f9-4de2-ba04-780edacb1bd8] Created FlowFile[1519,97609616168549.mockFlowFile,23B] from FlowFile[1518,97609616168549.mockFlowFile,23B]; routing to relationship simple
[pool-3081-thread-1] INFO org.apache.nifi.processors.standard.RouteText - RouteText[id=88577823-16f9-4de2-ba04-780edacb1bd8] Routing FlowFile[1518,97609616168549.mockFlowFile,23B] to original
[main] DEBUG org.apache.nifi.processors.standard.RouteText - RouteText[id=88577823-16f9-4de2-ba04-780edacb1bd8] Adding new dynamic property: PropertyDescriptor[simple]
[pool-3082-thread-1] INFO org.apache.nifi.processors.standard.RouteText - RouteText[id=88577823-16f9-4de2-ba04-780edacb1bd8] Created FlowFile[1521,97609616611962.mockFlowFile,23B] from FlowFile[1520,97609616611962.mockFlowFile,23B]; routing to relationship simple
[pool-3082-thread-1] INFO org.apache.nifi.processors.standard.RouteText - RouteText[id=88577823-16f9-4de2-ba04-780edacb1bd8] Routing FlowFile[1520,97609616611962.mockFlowFile,23B] to original
[main] DEBUG org.apache.nifi.processors.standard.RouteText - RouteText[id=88577823-16f9-4de2-ba04-780edacb1bd8] Adding new dynamic property: PropertyDescriptor[simple]
[pool-3083-thread-1] INFO org.apache.nifi.processors.standard.RouteText - RouteText[id=88577823-16f9-4de2-ba04-780edacb1bd8] Created FlowFile[1523,97609617243877.mockFlowFile,23B] from FlowFile[1522,97609617243877.mockFlowFile,23B]; routing to relationship simple
[pool-3083-thread-1] INFO org.apache.nifi.processors.standard.RouteText - RouteText[id=88577823-16f9-4de2-ba04-780edacb1bd8] Routing FlowFile[1522,97609617243877.mockFlowFile,23B] to original
[main] DEBUG org.apache.nifi.processors.standard.RouteText - RouteText[id=88577823-16f9-4de2-ba04-780edacb1bd8] Adding new dynamic property: PropertyDescriptor[simple]
[pool-3084-thread-1] INFO org.apache.nifi.processors.standard.RouteText - RouteText[id=88577823-16f9-4de2-ba04-780edacb1bd8] Created FlowFile[1525,97609617770553.mockFlowFile,23B] from FlowFile[1524,97609617770553.mockFlowFile,23B]; routing to relationship simple
[pool-3084-thread-1] INFO org.apache.nifi.processors.standard.RouteText - RouteText[id=88577823-16f9-4de2-ba04-780edacb1bd8] Routing FlowFile[1524,97609617770553.mockFlowFile,23B] to original
[main] DEBUG org.apache.nifi.processors.standard.RouteText - RouteText[id=88577823-16f9-4de2-ba04-780edacb1bd8] Adding new dynamic property: PropertyDescriptor[simple]
[pool-3085-thread-1] INFO org.apache.nifi.processors.standard.RouteText - RouteText[id=88577823-16f9-4de2-ba04-780edacb1bd8] Created FlowFile[1527,97609618255775.mockFlowFile,23B] from FlowFile[1526,97609618255775.mockFlowFile,23B]; routing to relationship simple
[pool-3085-thread-1] INFO org.apache.nifi.processors.standard.RouteText - RouteText[id=88577823-16f9-4de2-ba04-780edacb1bd8] Routing FlowFile[1526,97609618255775.mockFlowFile,23B] to original
[main] DEBUG org.apache.nifi.processors.standard.RouteText - RouteText[id=88577823-16f9-4de2-ba04-780edacb1bd8] Adding new dynamic property: PropertyDescriptor[simple]
[pool-3086-thread-1] INFO org.apache.nifi.processors.standard.RouteText - RouteText[id=88577823-16f9-4de2-ba04-780edacb1bd8] Created FlowFile[1529,97609618731014.mockFlowFile,23B] from FlowFile[1528,97609618731014.mockFlowFile,23B]; routing to relationship simple
[pool-3086-thread-1] INFO org.apache.nifi.processors.standard.RouteText - RouteText[id=88577823-16f9-4de2-ba04-780edacb1bd8] Routing FlowFile[1528,97609618731014.mockFlowFile,23B] to original
[main] DEBUG org.apache.nifi.processors.standard.RouteText - RouteText[id=88577823-16f9-4de2-ba04-780edacb1bd8] Adding new dynamic property: PropertyDescriptor[simple]
[pool-3087-thread-1] INFO org.apache.nifi.processors.standard.RouteText - RouteText[id=88577823-16f9-4de2-ba04-780edacb1bd8] Created FlowFile[1531,97609619189640.mockFlowFile,23B] from FlowFile[1530,97609619189640.mockFlowFile,23B]; routing to relationship simple
[pool-3087-thread-1] INFO org.apache.nifi.processors.standard.RouteText - RouteText[id=88577823-16f9-4de2-ba04-780edacb1bd8] Routing FlowFile[1530,97609619189640.mockFlowFile,23B] to original
[main] DEBUG org.apache.nifi.processors.standard.RouteText - RouteText[id=88577823-16f9-4de2-ba04-780edacb1bd8] Adding new dynamic property: PropertyDescriptor[simple]
[pool-3088-thread-1] INFO org.apache.nifi.processors.standard.RouteText - RouteText[id=88577823-16f9-4de2-ba04-780edacb1bd8] Created FlowFile[1533,97609619624632.mockFlowFile,23B] from FlowFile[1532,97609619624632.mockFlowFile,23B]; routing to relationship simple
[pool-3088-thread-1] INFO org.apache.nifi.processors.standard.RouteText - RouteText[id=88577823-16f9-4de2-ba04-780edacb1bd8] Routing FlowFile[1532,97609619624632.mockFlowFile,23B] to original
[main] DEBUG org.apache.nifi.processors.standard.RouteText - RouteText[id=88577823-16f9-4de2-ba04-780edacb1bd8] Adding new dynamic property: PropertyDescriptor[simple]
[pool-3089-thread-1] INFO org.apache.nifi.processors.standard.RouteText - RouteText[id=88577823-16f9-4de2-ba04-780edacb1bd8] Created FlowFile[1535,97609620353964.mockFlowFile,23B] from FlowFile[1534,97609620353964.mockFlowFile,23B]; routing to relationship simple
[pool-3089-thread-1] INFO org.apache.nifi.processors.standard.RouteText - RouteText[id=88577823-16f9-4de2-ba04-780edacb1bd8] Routing FlowFile[1534,97609620353964.mockFlowFile,23B] to original
[main] DEBUG org.apache.nifi.processors.standard.RouteText - RouteText[id=88577823-16f9-4de2-ba04-780edacb1bd8] Adding new dynamic property: PropertyDescriptor[simple]
[pool-3090-thread-1] INFO org.apache.nifi.processors.standard.RouteText - RouteText[id=88577823-16f9-4de2-ba04-780edacb1bd8] Created FlowFile[1537,97609621196043.mockFlowFile,23B] from FlowFile[1536,97609621196043.mockFlowFile,23B]; routing to relationship simple
[pool-3090-thread-1] INFO org.apache.nifi.processors.standard.RouteText - RouteText[id=88577823-16f9-4de2-ba04-780edacb1bd8] Routing FlowFile[1536,97609621196043.mockFlowFile,23B] to original
[main] DEBUG org.apache.nifi.processors.standard.RouteText - RouteText[id=88577823-16f9-4de2-ba04-780edacb1bd8] Adding new dynamic property: PropertyDescriptor[simple]
[pool-3091-thread-1] INFO org.apache.nifi.processors.standard.RouteText - RouteText[id=88577823-16f9-4de2-ba04-780edacb1bd8] Created FlowFile[1539,97609621793159.mockFlowFile,23B] from FlowFile[1538,97609621793159.mockFlowFile,23B]; routing to relationship simple
[pool-3091-thread-1] INFO org.apache.nifi.processors.standard.RouteText - RouteText[id=88577823-16f9-4de2-ba04-780edacb1bd8] Routing FlowFile[1538,97609621793159.mockFlowFile,23B] to original
[main] DEBUG org.apache.nifi.processors.standard.RouteText - RouteText[id=88577823-16f9-4de2-ba04-780edacb1bd8] Adding new dynamic property: PropertyDescriptor[simple]
[pool-3092-thread-1] INFO org.apache.nifi.processors.standard.RouteText - RouteText[id=88577823-16f9-4de2-ba04-780edacb1bd8] Created FlowFile[1541,97609622325109.mockFlowFile,23B] from FlowFile[1540,97609622325109.mockFlowFile,23B]; routing to relationship simple
[pool-3092-thread-1] INFO org.apache.nifi.processors.standard.RouteText - RouteText[id=88577823-16f9-4de2-ba04-780edacb1bd8] Routing FlowFile[1540,97609622325109.mockFlowFile,23B] to original
[main] DEBUG org.apache.nifi.processors.standard.RouteText - RouteText[id=88577823-16f9-4de2-ba04-780edacb1bd8] Adding new dynamic property: PropertyDescriptor[simple]
[pool-3093-thread-1] INFO org.apache.nifi.processors.standard.RouteText - RouteText[id=88577823-16f9-4de2-ba04-780edacb1bd8] Created FlowFile[1543,97609622809336.mockFlowFile,23B] from FlowFile[1542,97609622809336.mockFlowFile,23B]; routing to relationship simple
[pool-3093-thread-1] INFO org.apache.nifi.processors.standard.RouteText - RouteText[id=88577823-16f9-4de2-ba04-780edacb1bd8] Routing FlowFile[1542,97609622809336.mockFlowFile,23B] to original
[main] DEBUG org.apache.nifi.processors.standard.RouteText - RouteText[id=88577823-16f9-4de2-ba04-780edacb1bd8] Adding new dynamic property: PropertyDescriptor[simple]
[pool-3094-thread-1] INFO org.apache.nifi.processors.standard.RouteText - RouteText[id=88577823-16f9-4de2-ba04-780edacb1bd8] Created FlowFile[1545,97609623344281.mockFlowFile,23B] from FlowFile[1544,97609623344281.mockFlowFile,23B]; routing to relationship simple
[pool-3094-thread-1] INFO org.apache.nifi.processors.standard.RouteText - RouteText[id=88577823-16f9-4de2-ba04-780edacb1bd8] Routing FlowFile[1544,97609623344281.mockFlowFile,23B] to original
[main] DEBUG org.apache.nifi.processors.standard.RouteText - RouteText[id=88577823-16f9-4de2-ba04-780edacb1bd8] Adding new dynamic property: PropertyDescriptor[simple]
[pool-3095-thread-1] INFO org.apache.nifi.processors.standard.RouteText - RouteText[id=88577823-16f9-4de2-ba04-780edacb1bd8] Created FlowFile[1547,97609623830288.mockFlowFile,23B] from FlowFile[1546,97609623830288.mockFlowFile,23B]; routing to relationship simple
[pool-3095-thread-1] INFO org.apache.nifi.processors.standard.RouteText - RouteText[id=88577823-16f9-4de2-ba04-780edacb1bd8] Routing FlowFile[1546,97609623830288.mockFlowFile,23B] to original
[main] DEBUG org.apache.nifi.processors.standard.RouteText - RouteText[id=88577823-16f9-4de2-ba04-780edacb1bd8] Adding new dynamic property: PropertyDescriptor[simple]
[pool-3096-thread-1] INFO org.apache.nifi.processors.standard.RouteText - RouteText[id=88577823-16f9-4de2-ba04-780edacb1bd8] Created FlowFile[1549,97609624306485.mockFlowFile,23B] from FlowFile[1548,97609624306485.mockFlowFile,23B]; routing to relationship simple
[pool-3096-thread-1] INFO org.apache.nifi.processors.standard.RouteText - RouteText[id=88577823-16f9-4de2-ba04-780edacb1bd8] Routing FlowFile[1548,97609624306485.mockFlowFile,23B] to original
[main] DEBUG org.apache.nifi.processors.standard.RouteText - RouteText[id=88577823-16f9-4de2-ba04-780edacb1bd8] Adding new dynamic property: PropertyDescriptor[simple]
[pool-3097-thread-1] INFO org.apache.nifi.processors.standard.RouteText - RouteText[id=88577823-16f9-4de2-ba04-780edacb1bd8] Created FlowFile[1551,97609624833471.mockFlowFile,23B] from FlowFile[1550,97609624833471.mockFlowFile,23B]; routing to relationship simple
[pool-3097-thread-1] INFO org.apache.nifi.processors.standard.RouteText - RouteText[id=88577823-16f9-4de2-ba04-780edacb1bd8] Routing FlowFile[1550,97609624833471.mockFlowFile,23B] to original
[main] DEBUG org.apache.nifi.processors.standard.RouteText - RouteText[id=88577823-16f9-4de2-ba04-780edacb1bd8] Adding new dynamic property: PropertyDescriptor[simple]
[pool-3098-thread-1] INFO org.apache.nifi.processors.standard.RouteText - RouteText[id=88577823-16f9-4de2-ba04-780edacb1bd8] Created FlowFile[1553,97609625396590.mockFlowFile,23B] from FlowFile[1552,97609625396590.mockFlowFile,23B]; routing to relationship simple
[pool-3098-thread-1] INFO org.apache.nifi.processors.standard.RouteText - RouteText[id=88577823-16f9-4de2-ba04-780edacb1bd8] Routing FlowFile[1552,97609625396590.mockFlowFile,23B] to original
[main] DEBUG org.apache.nifi.processors.standard.RouteText - RouteText[id=88577823-16f9-4de2-ba04-780edacb1bd8] Adding new dynamic property: PropertyDescriptor[simple]
[pool-3099-thread-1] INFO org.apache.nifi.processors.standard.RouteText - RouteText[id=88577823-16f9-4de2-ba04-780edacb1bd8] Created FlowFile[1555,97609625923787.mockFlowFile,23B] from FlowFile[1554,97609625923787.mockFlowFile,23B]; routing to relationship simple
[pool-3099-thread-1] INFO org.apache.nifi.processors.standard.RouteText - RouteText[id=88577823-16f9-4de2-ba04-780edacb1bd8] Routing FlowFile[1554,97609625923787.mockFlowFile,23B] to original
[main] DEBUG org.apache.nifi.processors.standard.RouteText - RouteText[id=88577823-16f9-4de2-ba04-780edacb1bd8] Adding new dynamic property: PropertyDescriptor[simple]
[pool-3100-thread-1] INFO org.apache.nifi.processors.standard.RouteText - RouteText[id=88577823-16f9-4de2-ba04-780edacb1bd8] Created FlowFile[1557,97609626447860.mockFlowFile,23B] from FlowFile[1556,97609626447860.mockFlowFile,23B]; routing to relationship simple
[pool-3100-thread-1] INFO org.apache.nifi.processors.standard.RouteText - RouteText[id=88577823-16f9-4de2-ba04-780edacb1bd8] Routing FlowFile[1556,97609626447860.mockFlowFile,23B] to original
[main] DEBUG org.apache.nifi.processors.standard.RouteText - RouteText[id=88577823-16f9-4de2-ba04-780edacb1bd8] Adding new dynamic property: PropertyDescriptor[simple]
[pool-3101-thread-1] INFO org.apache.nifi.processors.standard.RouteText - RouteText[id=88577823-16f9-4de2-ba04-780edacb1bd8] Created FlowFile[1559,97609626929884.mockFlowFile,23B] from FlowFile[1558,97609626929884.mockFlowFile,23B]; routing to relationship simple
[pool-3101-thread-1] INFO org.apache.nifi.processors.standard.RouteText - RouteText[id=88577823-16f9-4de2-ba04-780edacb1bd8] Routing FlowFile[1558,97609626929884.mockFlowFile,23B] to original
[main] DEBUG org.apache.nifi.processors.standard.RouteText - RouteText[id=88577823-16f9-4de2-ba04-780edacb1bd8] Adding new dynamic property: PropertyDescriptor[simple]
[pool-3102-thread-1] INFO org.apache.nifi.processors.standard.RouteText - RouteText[id=88577823-16f9-4de2-ba04-780edacb1bd8] Created FlowFile[1561,97609627439370.mockFlowFile,23B] from FlowFile[1560,97609627439370.mockFlowFile,23B]; routing to relationship simple
[pool-3102-thread-1] INFO org.apache.nifi.processors.standard.RouteText - RouteText[id=88577823-16f9-4de2-ba04-780edacb1bd8] Routing FlowFile[1560,97609627439370.mockFlowFile,23B] to original
[main] DEBUG org.apache.nifi.processors.standard.RouteText - RouteText[id=88577823-16f9-4de2-ba04-780edacb1bd8] Adding new dynamic property: PropertyDescriptor[simple]
[pool-3103-thread-1] INFO org.apache.nifi.processors.standard.RouteText - RouteText[id=88577823-16f9-4de2-ba04-780edacb1bd8] Created FlowFile[1563,97609627923885.mockFlowFile,23B] from FlowFile[1562,97609627923885.mockFlowFile,23B]; routing to relationship simple
[pool-3103-thread-1] INFO org.apache.nifi.processors.standard.RouteText - RouteText[id=88577823-16f9-4de2-ba04-780edacb1bd8] Routing FlowFile[1562,97609627923885.mockFlowFile,23B] to original
[main] DEBUG org.apache.nifi.processors.standard.RouteText - RouteText[id=88577823-16f9-4de2-ba04-780edacb1bd8] Adding new dynamic property: PropertyDescriptor[simple]
[pool-3104-thread-1] INFO org.apache.nifi.processors.standard.RouteText - RouteText[id=88577823-16f9-4de2-ba04-780edacb1bd8] Created FlowFile[1565,97609628551300.mockFlowFile,23B] from FlowFile[1564,97609628551300.mockFlowFile,23B]; routing to relationship simple
[pool-3104-thread-1] INFO org.apache.nifi.processors.standard.RouteText - RouteText[id=88577823-16f9-4de2-ba04-780edacb1bd8] Routing FlowFile[1564,97609628551300.mockFlowFile,23B] to original
[main] DEBUG org.apache.nifi.processors.standard.RouteText - RouteText[id=88577823-16f9-4de2-ba04-780edacb1bd8] Adding new dynamic property: PropertyDescriptor[simple]
[pool-3105-thread-1] INFO org.apache.nifi.processors.standard.RouteText - RouteText[id=88577823-16f9-4de2-ba04-780edacb1bd8] Created FlowFile[1567,97609629089699.mockFlowFile,23B] from FlowFile[1566,97609629089699.mockFlowFile,23B]; routing to relationship simple
[pool-3105-thread-1] INFO org.apache.nifi.processors.standard.RouteText - RouteText[id=88577823-16f9-4de2-ba04-780edacb1bd8] Routing FlowFile[1566,97609629089699.mockFlowFile,23B] to original
[main] DEBUG org.apache.nifi.processors.standard.RouteText - RouteText[id=88577823-16f9-4de2-ba04-780edacb1bd8] Adding new dynamic property: PropertyDescriptor[simple]
[pool-3106-thread-1] INFO org.apache.nifi.processors.standard.RouteText - RouteText[id=88577823-16f9-4de2-ba04-780edacb1bd8] Created FlowFile[1569,97609629577106.mockFlowFile,23B] from FlowFile[1568,97609629577106.mockFlowFile,23B]; routing to relationship simple
[pool-3106-thread-1] INFO org.apache.nifi.processors.standard.RouteText - RouteText[id=88577823-16f9-4de2-ba04-780edacb1bd8] Routing FlowFile[1568,97609629577106.mockFlowFile,23B] to original
[main] DEBUG org.apache.nifi.processors.standard.RouteText - RouteText[id=88577823-16f9-4de2-ba04-780edacb1bd8] Adding new dynamic property: PropertyDescriptor[simple]
[pool-3107-thread-1] INFO org.apache.nifi.processors.standard.RouteText - RouteText[id=88577823-16f9-4de2-ba04-780edacb1bd8] Created FlowFile[1571,97609630037176.mockFlowFile,23B] from FlowFile[1570,97609630037176.mockFlowFile,23B]; routing to relationship simple
[pool-3107-thread-1] INFO org.apache.nifi.processors.standard.RouteText - RouteText[id=88577823-16f9-4de2-ba04-780edacb1bd8] Routing FlowFile[1570,97609630037176.mockFlowFile,23B] to original
[main] DEBUG org.apache.nifi.processors.standard.RouteText - RouteText[id=88577823-16f9-4de2-ba04-780edacb1bd8] Adding new dynamic property: PropertyDescriptor[simple]
[pool-3108-thread-1] INFO org.apache.nifi.processors.standard.RouteText - RouteText[id=88577823-16f9-4de2-ba04-780edacb1bd8] Created FlowFile[1573,97609630473199.mockFlowFile,23B] from FlowFile[1572,97609630473199.mockFlowFile,23B]; routing to relationship simple
[pool-3108-thread-1] INFO org.apache.nifi.processors.standard.RouteText - RouteText[id=88577823-16f9-4de2-ba04-780edacb1bd8] Routing FlowFile[1572,97609630473199.mockFlowFile,23B] to original
[main] DEBUG org.apache.nifi.processors.standard.RouteText - RouteText[id=88577823-16f9-4de2-ba04-780edacb1bd8] Adding new dynamic property: PropertyDescriptor[simple]
[pool-3109-thread-1] INFO org.apache.nifi.processors.standard.RouteText - RouteText[id=88577823-16f9-4de2-ba04-780edacb1bd8] Created FlowFile[1575,97609630914830.mockFlowFile,23B] from FlowFile[1574,97609630914830.mockFlowFile,23B]; routing to relationship simple
[pool-3109-thread-1] INFO org.apache.nifi.processors.standard.RouteText - RouteText[id=88577823-16f9-4de2-ba04-780edacb1bd8] Routing FlowFile[1574,97609630914830.mockFlowFile,23B] to original
[main] DEBUG org.apache.nifi.processors.standard.RouteText - RouteText[id=88577823-16f9-4de2-ba04-780edacb1bd8] Adding new dynamic property: PropertyDescriptor[simple]
[pool-3110-thread-1] INFO org.apache.nifi.processors.standard.RouteText - RouteText[id=88577823-16f9-4de2-ba04-780edacb1bd8] Created FlowFile[1577,97609631344509.mockFlowFile,23B] from FlowFile[1576,97609631344509.mockFlowFile,23B]; routing to relationship simple
[pool-3110-thread-1] INFO org.apache.nifi.processors.standard.RouteText - RouteText[id=88577823-16f9-4de2-ba04-780edacb1bd8] Routing FlowFile[1576,97609631344509.mockFlowFile,23B] to original
[main] DEBUG org.apache.nifi.processors.standard.RouteText - RouteText[id=88577823-16f9-4de2-ba04-780edacb1bd8] Adding new dynamic property: PropertyDescriptor[simple]
[pool-3111-thread-1] INFO org.apache.nifi.processors.standard.RouteText - RouteText[id=88577823-16f9-4de2-ba04-780edacb1bd8] Created FlowFile[1579,97609631756843.mockFlowFile,23B] from FlowFile[1578,97609631756843.mockFlowFile,23B]; routing to relationship simple
[pool-3111-thread-1] INFO org.apache.nifi.processors.standard.RouteText - RouteText[id=88577823-16f9-4de2-ba04-780edacb1bd8] Routing FlowFile[1578,97609631756843.mockFlowFile,23B] to original
[main] DEBUG org.apache.nifi.processors.standard.RouteText - RouteText[id=88577823-16f9-4de2-ba04-780edacb1bd8] Adding new dynamic property: PropertyDescriptor[simple]
[pool-3112-thread-1] INFO org.apache.nifi.processors.standard.RouteText - RouteText[id=88577823-16f9-4de2-ba04-780edacb1bd8] Created FlowFile[1581,97609632166502.mockFlowFile,23B] from FlowFile[1580,97609632166502.mockFlowFile,23B]; routing to relationship simple
[pool-3112-thread-1] INFO org.apache.nifi.processors.standard.RouteText - RouteText[id=88577823-16f9-4de2-ba04-780edacb1bd8] Routing FlowFile[1580,97609632166502.mockFlowFile,23B] to original
[main] DEBUG org.apache.nifi.processors.standard.RouteText - RouteText[id=88577823-16f9-4de2-ba04-780edacb1bd8] Adding new dynamic property: PropertyDescriptor[simple]
[pool-3113-thread-1] INFO org.apache.nifi.processors.standard.RouteText - RouteText[id=88577823-16f9-4de2-ba04-780edacb1bd8] Created FlowFile[1583,97609632618049.mockFlowFile,23B] from FlowFile[1582,97609632618049.mockFlowFile,23B]; routing to relationship simple
[pool-3113-thread-1] INFO org.apache.nifi.processors.standard.RouteText - RouteText[id=88577823-16f9-4de2-ba04-780edacb1bd8] Routing FlowFile[1582,97609632618049.mockFlowFile,23B] to original
[main] DEBUG org.apache.nifi.processors.standard.RouteText - RouteText[id=88577823-16f9-4de2-ba04-780edacb1bd8] Adding new dynamic property: PropertyDescriptor[simple]
[pool-3114-thread-1] INFO org.apache.nifi.processors.standard.RouteText - RouteText[id=88577823-16f9-4de2-ba04-780edacb1bd8] Created FlowFile[1585,97609633040998.mockFlowFile,23B] from FlowFile[1584,97609633040998.mockFlowFile,23B]; routing to relationship simple
[pool-3114-thread-1] INFO org.apache.nifi.processors.standard.RouteText - RouteText[id=88577823-16f9-4de2-ba04-780edacb1bd8] Routing FlowFile[1584,97609633040998.mockFlowFile,23B] to original
[main] DEBUG org.apache.nifi.processors.standard.RouteText - RouteText[id=88577823-16f9-4de2-ba04-780edacb1bd8] Adding new dynamic property: PropertyDescriptor[simple]
[pool-3115-thread-1] INFO org.apache.nifi.processors.standard.RouteText - RouteText[id=88577823-16f9-4de2-ba04-780edacb1bd8] Created FlowFile[1587,97609633460336.mockFlowFile,23B] from FlowFile[1586,97609633460336.mockFlowFile,23B]; routing to relationship simple
[pool-3115-thread-1] INFO org.apache.nifi.processors.standard.RouteText - RouteText[id=88577823-16f9-4de2-ba04-780edacb1bd8] Routing FlowFile[1586,97609633460336.mockFlowFile,23B] to original
[main] DEBUG org.apache.nifi.processors.standard.RouteText - RouteText[id=88577823-16f9-4de2-ba04-780edacb1bd8] Adding new dynamic property: PropertyDescriptor[simple]
[pool-3116-thread-1] INFO org.apache.nifi.processors.standard.RouteText - RouteText[id=88577823-16f9-4de2-ba04-780edacb1bd8] Created FlowFile[1589,97609633906081.mockFlowFile,23B] from FlowFile[1588,97609633906081.mockFlowFile,23B]; routing to relationship simple
[pool-3116-thread-1] INFO org.apache.nifi.processors.standard.RouteText - RouteText[id=88577823-16f9-4de2-ba04-780edacb1bd8] Routing FlowFile[1588,97609633906081.mockFlowFile,23B] to original
[main] DEBUG org.apache.nifi.processors.standard.RouteText - RouteText[id=88577823-16f9-4de2-ba04-780edacb1bd8] Adding new dynamic property: PropertyDescriptor[simple]
[pool-3117-thread-1] INFO org.apache.nifi.processors.standard.RouteText - RouteText[id=88577823-16f9-4de2-ba04-780edacb1bd8] Created FlowFile[1591,97609634347437.mockFlowFile,23B] from FlowFile[1590,97609634347437.mockFlowFile,23B]; routing to relationship simple
[pool-3117-thread-1] INFO org.apache.nifi.processors.standard.RouteText - RouteText[id=88577823-16f9-4de2-ba04-780edacb1bd8] Routing FlowFile[1590,97609634347437.mockFlowFile,23B] to original
[main] DEBUG org.apache.nifi.processors.standard.RouteText - RouteText[id=88577823-16f9-4de2-ba04-780edacb1bd8] Adding new dynamic property: PropertyDescriptor[simple]
[pool-3118-thread-1] INFO org.apache.nifi.processors.standard.RouteText - RouteText[id=88577823-16f9-4de2-ba04-780edacb1bd8] Created FlowFile[1593,97609634805627.mockFlowFile,23B] from FlowFile[1592,97609634805627.mockFlowFile,23B]; routing to relationship simple
[pool-3118-thread-1] INFO org.apache.nifi.processors.standard.RouteText - RouteText[id=88577823-16f9-4de2-ba04-780edacb1bd8] Routing FlowFile[1592,97609634805627.mockFlowFile,23B] to original
[main] DEBUG org.apache.nifi.processors.standard.RouteText - RouteText[id=88577823-16f9-4de2-ba04-780edacb1bd8] Adding new dynamic property: PropertyDescriptor[simple]
[pool-3119-thread-1] INFO org.apache.nifi.processors.standard.RouteText - RouteText[id=88577823-16f9-4de2-ba04-780edacb1bd8] Created FlowFile[1595,97609635268167.mockFlowFile,23B] from FlowFile[1594,97609635268167.mockFlowFile,23B]; routing to relationship simple
[pool-3119-thread-1] INFO org.apache.nifi.processors.standard.RouteText - RouteText[id=88577823-16f9-4de2-ba04-780edacb1bd8] Routing FlowFile[1594,97609635268167.mockFlowFile,23B] to original
[main] DEBUG org.apache.nifi.processors.standard.RouteText - RouteText[id=88577823-16f9-4de2-ba04-780edacb1bd8] Adding new dynamic property: PropertyDescriptor[simple]
[pool-3120-thread-1] INFO org.apache.nifi.processors.standard.RouteText - RouteText[id=88577823-16f9-4de2-ba04-780edacb1bd8] Created FlowFile[1597,97609635734197.mockFlowFile,23B] from FlowFile[1596,97609635734197.mockFlowFile,23B]; routing to relationship simple
[pool-3120-thread-1] INFO org.apache.nifi.processors.standard.RouteText - RouteText[id=88577823-16f9-4de2-ba04-780edacb1bd8] Routing FlowFile[1596,97609635734197.mockFlowFile,23B] to original
[main] DEBUG org.apache.nifi.processors.standard.RouteText - RouteText[id=88577823-16f9-4de2-ba04-780edacb1bd8] Adding new dynamic property: PropertyDescriptor[simple]
[pool-3121-thread-1] INFO org.apache.nifi.processors.standard.RouteText - RouteText[id=88577823-16f9-4de2-ba04-780edacb1bd8] Created FlowFile[1599,97609636189169.mockFlowFile,23B] from FlowFile[1598,97609636189169.mockFlowFile,23B]; routing to relationship simple
[pool-3121-thread-1] INFO org.apache.nifi.processors.standard.RouteText - RouteText[id=88577823-16f9-4de2-ba04-780edacb1bd8] Routing FlowFile[1598,97609636189169.mockFlowFile,23B] to original
[main] DEBUG org.apache.nifi.processors.standard.RouteText - RouteText[id=88577823-16f9-4de2-ba04-780edacb1bd8] Adding new dynamic property: PropertyDescriptor[simple]
[pool-3122-thread-1] INFO org.apache.nifi.processors.standard.RouteText - RouteText[id=88577823-16f9-4de2-ba04-780edacb1bd8] Created FlowFile[1601,97609636659142.mockFlowFile,23B] from FlowFile[1600,97609636659142.mockFlowFile,23B]; routing to relationship simple
[pool-3122-thread-1] INFO org.apache.nifi.processors.standard.RouteText - RouteText[id=88577823-16f9-4de2-ba04-780edacb1bd8] Routing FlowFile[1600,97609636659142.mockFlowFile,23B] to original
[main] DEBUG org.apache.nifi.processors.standard.RouteText - RouteText[id=88577823-16f9-4de2-ba04-780edacb1bd8] Adding new dynamic property: PropertyDescriptor[simple]
[pool-3123-thread-1] INFO org.apache.nifi.processors.standard.RouteText - RouteText[id=88577823-16f9-4de2-ba04-780edacb1bd8] Created FlowFile[1603,97609637103974.mockFlowFile,23B] from FlowFile[1602,97609637103974.mockFlowFile,23B]; routing to relationship simple
[pool-3123-thread-1] INFO org.apache.nifi.processors.standard.RouteText - RouteText[id=88577823-16f9-4de2-ba04-780edacb1bd8] Routing FlowFile[1602,97609637103974.mockFlowFile,23B] to original
[main] DEBUG org.apache.nifi.processors.standard.RouteText - RouteText[id=88577823-16f9-4de2-ba04-780edacb1bd8] Adding new dynamic property: PropertyDescriptor[simple]
[pool-3124-thread-1] INFO org.apache.nifi.processors.standard.RouteText - RouteText[id=88577823-16f9-4de2-ba04-780edacb1bd8] Created FlowFile[1605,97609637577119.mockFlowFile,23B] from FlowFile[1604,97609637577119.mockFlowFile,23B]; routing to relationship simple
[pool-3124-thread-1] INFO org.apache.nifi.processors.standard.RouteText - RouteText[id=88577823-16f9-4de2-ba04-780edacb1bd8] Routing FlowFile[1604,97609637577119.mockFlowFile,23B] to original
[main] DEBUG org.apache.nifi.processors.standard.RouteText - RouteText[id=88577823-16f9-4de2-ba04-780edacb1bd8] Adding new dynamic property: PropertyDescriptor[simple]
[pool-3125-thread-1] INFO org.apache.nifi.processors.standard.RouteText - RouteText[id=88577823-16f9-4de2-ba04-780edacb1bd8] Created FlowFile[1607,97609637987015.mockFlowFile,23B] from FlowFile[1606,97609637987015.mockFlowFile,23B]; routing to relationship simple
[pool-3125-thread-1] INFO org.apache.nifi.processors.standard.RouteText - RouteText[id=88577823-16f9-4de2-ba04-780edacb1bd8] Routing FlowFile[1606,97609637987015.mockFlowFile,23B] to original
[main] DEBUG org.apache.nifi.processors.standard.RouteText - RouteText[id=88577823-16f9-4de2-ba04-780edacb1bd8] Adding new dynamic property: PropertyDescriptor[simple]
[pool-3126-thread-1] INFO org.apache.nifi.processors.standard.RouteText - RouteText[id=88577823-16f9-4de2-ba04-780edacb1bd8] Created FlowFile[1609,97609638405053.mockFlowFile,23B] from FlowFile[1608,97609638405053.mockFlowFile,23B]; routing to relationship simple
[pool-3126-thread-1] INFO org.apache.nifi.processors.standard.RouteText - RouteText[id=88577823-16f9-4de2-ba04-780edacb1bd8] Routing FlowFile[1608,97609638405053.mockFlowFile,23B] to original
[main] DEBUG org.apache.nifi.processors.standard.RouteText - RouteText[id=88577823-16f9-4de2-ba04-780edacb1bd8] Adding new dynamic property: PropertyDescriptor[simple]
[pool-3127-thread-1] INFO org.apache.nifi.processors.standard.RouteText - RouteText[id=88577823-16f9-4de2-ba04-780edacb1bd8] Created FlowFile[1611,97609638817984.mockFlowFile,23B] from FlowFile[1610,97609638817984.mockFlowFile,23B]; routing to relationship simple
[pool-3127-thread-1] INFO org.apache.nifi.processors.standard.RouteText - RouteText[id=88577823-16f9-4de2-ba04-780edacb1bd8] Routing FlowFile[1610,97609638817984.mockFlowFile,23B] to original
[main] DEBUG org.apache.nifi.processors.standard.RouteText - RouteText[id=88577823-16f9-4de2-ba04-780edacb1bd8] Adding new dynamic property: PropertyDescriptor[simple]
[pool-3128-thread-1] INFO org.apache.nifi.processors.standard.RouteText - RouteText[id=88577823-16f9-4de2-ba04-780edacb1bd8] Created FlowFile[1613,97609639290898.mockFlowFile,23B] from FlowFile[1612,97609639290898.mockFlowFile,23B]; routing to relationship simple
[pool-3128-thread-1] INFO org.apache.nifi.processors.standard.RouteText - RouteText[id=88577823-16f9-4de2-ba04-780edacb1bd8] Routing FlowFile[1612,97609639290898.mockFlowFile,23B] to original
[main] DEBUG org.apache.nifi.processors.standard.RouteText - RouteText[id=88577823-16f9-4de2-ba04-780edacb1bd8] Adding new dynamic property: PropertyDescriptor[simple]
[pool-3129-thread-1] INFO org.apache.nifi.processors.standard.RouteText - RouteText[id=88577823-16f9-4de2-ba04-780edacb1bd8] Created FlowFile[1615,97609639763317.mockFlowFile,23B] from FlowFile[1614,97609639763317.mockFlowFile,23B]; routing to relationship simple
[pool-3129-thread-1] INFO org.apache.nifi.processors.standard.RouteText - RouteText[id=88577823-16f9-4de2-ba04-780edacb1bd8] Routing FlowFile[1614,97609639763317.mockFlowFile,23B] to original
[main] DEBUG org.apache.nifi.processors.standard.RouteText - RouteText[id=88577823-16f9-4de2-ba04-780edacb1bd8] Adding new dynamic property: PropertyDescriptor[simple]
[pool-3130-thread-1] INFO org.apache.nifi.processors.standard.RouteText - RouteText[id=88577823-16f9-4de2-ba04-780edacb1bd8] Created FlowFile[1617,97609640400140.mockFlowFile,23B] from FlowFile[1616,97609640400140.mockFlowFile,23B]; routing to relationship simple
[pool-3130-thread-1] INFO org.apache.nifi.processors.standard.RouteText - RouteText[id=88577823-16f9-4de2-ba04-780edacb1bd8] Routing FlowFile[1616,97609640400140.mockFlowFile,23B] to original
[main] DEBUG org.apache.nifi.processors.standard.RouteText - RouteText[id=88577823-16f9-4de2-ba04-780edacb1bd8] Adding new dynamic property: PropertyDescriptor[simple]
[pool-3131-thread-1] INFO org.apache.nifi.processors.standard.RouteText - RouteText[id=88577823-16f9-4de2-ba04-780edacb1bd8] Created FlowFile[1619,97609640859642.mockFlowFile,23B] from FlowFile[1618,97609640859642.mockFlowFile,23B]; routing to relationship simple
[pool-3131-thread-1] INFO org.apache.nifi.processors.standard.RouteText - RouteText[id=88577823-16f9-4de2-ba04-780edacb1bd8] Routing FlowFile[1618,97609640859642.mockFlowFile,23B] to original
[main] DEBUG org.apache.nifi.processors.standard.RouteText - RouteText[id=88577823-16f9-4de2-ba04-780edacb1bd8] Adding new dynamic property: PropertyDescriptor[simple]
[pool-3132-thread-1] INFO org.apache.nifi.processors.standard.RouteText - RouteText[id=88577823-16f9-4de2-ba04-780edacb1bd8] Created FlowFile[1621,97609641303704.mockFlowFile,23B] from FlowFile[1620,97609641303704.mockFlowFile,23B]; routing to relationship simple
[pool-3132-thread-1] INFO org.apache.nifi.processors.standard.RouteText - RouteText[id=88577823-16f9-4de2-ba04-780edacb1bd8] Routing FlowFile[1620,97609641303704.mockFlowFile,23B] to original
[main] DEBUG org.apache.nifi.processors.standard.RouteText - RouteText[id=88577823-16f9-4de2-ba04-780edacb1bd8] Adding new dynamic property: PropertyDescriptor[simple]
[pool-3133-thread-1] INFO org.apache.nifi.processors.standard.RouteText - RouteText[id=88577823-16f9-4de2-ba04-780edacb1bd8] Created FlowFile[1623,97609641761643.mockFlowFile,23B] from FlowFile[1622,97609641761643.mockFlowFile,23B]; routing to relationship simple
[pool-3133-thread-1] INFO org.apache.nifi.processors.standard.RouteText - RouteText[id=88577823-16f9-4de2-ba04-780edacb1bd8] Routing FlowFile[1622,97609641761643.mockFlowFile,23B] to original
[main] DEBUG org.apache.nifi.processors.standard.RouteText - RouteText[id=88577823-16f9-4de2-ba04-780edacb1bd8] Adding new dynamic property: PropertyDescriptor[simple]
[pool-3134-thread-1] INFO org.apache.nifi.processors.standard.RouteText - RouteText[id=88577823-16f9-4de2-ba04-780edacb1bd8] Created FlowFile[1625,97609642241118.mockFlowFile,23B] from FlowFile[1624,97609642241118.mockFlowFile,23B]; routing to relationship simple
[pool-3134-thread-1] INFO org.apache.nifi.processors.standard.RouteText - RouteText[id=88577823-16f9-4de2-ba04-780edacb1bd8] Routing FlowFile[1624,97609642241118.mockFlowFile,23B] to original
[main] DEBUG org.apache.nifi.processors.standard.RouteText - RouteText[id=88577823-16f9-4de2-ba04-780edacb1bd8] Adding new dynamic property: PropertyDescriptor[simple]
[pool-3135-thread-1] INFO org.apache.nifi.processors.standard.RouteText - RouteText[id=88577823-16f9-4de2-ba04-780edacb1bd8] Created FlowFile[1627,97609642678122.mockFlowFile,23B] from FlowFile[1626,97609642678122.mockFlowFile,23B]; routing to relationship simple
[pool-3135-thread-1] INFO org.apache.nifi.processors.standard.RouteText - RouteText[id=88577823-16f9-4de2-ba04-780edacb1bd8] Routing FlowFile[1626,97609642678122.mockFlowFile,23B] to original
[main] DEBUG org.apache.nifi.processors.standard.RouteText - RouteText[id=88577823-16f9-4de2-ba04-780edacb1bd8] Adding new dynamic property: PropertyDescriptor[simple]
[pool-3136-thread-1] INFO org.apache.nifi.processors.standard.RouteText - RouteText[id=88577823-16f9-4de2-ba04-780edacb1bd8] Created FlowFile[1629,97609643095423.mockFlowFile,23B] from FlowFile[1628,97609643095423.mockFlowFile,23B]; routing to relationship simple
[pool-3136-thread-1] INFO org.apache.nifi.processors.standard.RouteText - RouteText[id=88577823-16f9-4de2-ba04-780edacb1bd8] Routing FlowFile[1628,97609643095423.mockFlowFile,23B] to original
[main] DEBUG org.apache.nifi.processors.standard.RouteText - RouteText[id=88577823-16f9-4de2-ba04-780edacb1bd8] Adding new dynamic property: PropertyDescriptor[simple]
[pool-3137-thread-1] INFO org.apache.nifi.processors.standard.RouteText - RouteText[id=88577823-16f9-4de2-ba04-780edacb1bd8] Created FlowFile[1631,97609643518891.mockFlowFile,23B] from FlowFile[1630,97609643518891.mockFlowFile,23B]; routing to relationship simple
[pool-3137-thread-1] INFO org.apache.nifi.processors.standard.RouteText - RouteText[id=88577823-16f9-4de2-ba04-780edacb1bd8] Routing FlowFile[1630,97609643518891.mockFlowFile,23B] to original
[main] DEBUG org.apache.nifi.processors.standard.RouteText - RouteText[id=88577823-16f9-4de2-ba04-780edacb1bd8] Adding new dynamic property: PropertyDescriptor[simple]
[pool-3138-thread-1] INFO org.apache.nifi.processors.standard.RouteText - RouteText[id=88577823-16f9-4de2-ba04-780edacb1bd8] Created FlowFile[1633,97609643930670.mockFlowFile,23B] from FlowFile[1632,97609643930670.mockFlowFile,23B]; routing to relationship simple
[pool-3138-thread-1] INFO org.apache.nifi.processors.standard.RouteText - RouteText[id=88577823-16f9-4de2-ba04-780edacb1bd8] Routing FlowFile[1632,97609643930670.mockFlowFile,23B] to original
[main] DEBUG org.apache.nifi.processors.standard.RouteText - RouteText[id=88577823-16f9-4de2-ba04-780edacb1bd8] Adding new dynamic property: PropertyDescriptor[simple]
[pool-3139-thread-1] INFO org.apache.nifi.processors.standard.RouteText - RouteText[id=88577823-16f9-4de2-ba04-780edacb1bd8] Created FlowFile[1635,97609644371584.mockFlowFile,23B] from FlowFile[1634,97609644371584.mockFlowFile,23B]; routing to relationship simple
[pool-3139-thread-1] INFO org.apache.nifi.processors.standard.RouteText - RouteText[id=88577823-16f9-4de2-ba04-780edacb1bd8] Routing FlowFile[1634,97609644371584.mockFlowFile,23B] to original
[main] DEBUG org.apache.nifi.processors.standard.RouteText - RouteText[id=88577823-16f9-4de2-ba04-780edacb1bd8] Adding new dynamic property: PropertyDescriptor[simple]
[pool-3140-thread-1] INFO org.apache.nifi.processors.standard.RouteText - RouteText[id=88577823-16f9-4de2-ba04-780edacb1bd8] Created FlowFile[1637,97609644797363.mockFlowFile,23B] from FlowFile[1636,97609644797363.mockFlowFile,23B]; routing to relationship simple
[pool-3140-thread-1] INFO org.apache.nifi.processors.standard.RouteText - RouteText[id=88577823-16f9-4de2-ba04-780edacb1bd8] Routing FlowFile[1636,97609644797363.mockFlowFile,23B] to original
[main] DEBUG org.apache.nifi.processors.standard.RouteText - RouteText[id=88577823-16f9-4de2-ba04-780edacb1bd8] Adding new dynamic property: PropertyDescriptor[simple]
[pool-3141-thread-1] INFO org.apache.nifi.processors.standard.RouteText - RouteText[id=88577823-16f9-4de2-ba04-780edacb1bd8] Created FlowFile[1639,97609645290693.mockFlowFile,23B] from FlowFile[1638,97609645290693.mockFlowFile,23B]; routing to relationship simple
[pool-3141-thread-1] INFO org.apache.nifi.processors.standard.RouteText - RouteText[id=88577823-16f9-4de2-ba04-780edacb1bd8] Routing FlowFile[1638,97609645290693.mockFlowFile,23B] to original
[main] DEBUG org.apache.nifi.processors.standard.RouteText - RouteText[id=88577823-16f9-4de2-ba04-780edacb1bd8] Adding new dynamic property: PropertyDescriptor[simple]
[pool-3142-thread-1] INFO org.apache.nifi.processors.standard.RouteText - RouteText[id=88577823-16f9-4de2-ba04-780edacb1bd8] Created FlowFile[1641,97609645748169.mockFlowFile,23B] from FlowFile[1640,97609645748169.mockFlowFile,23B]; routing to relationship simple
[pool-3142-thread-1] INFO org.apache.nifi.processors.standard.RouteText - RouteText[id=88577823-16f9-4de2-ba04-780edacb1bd8] Routing FlowFile[1640,97609645748169.mockFlowFile,23B] to original
[main] DEBUG org.apache.nifi.processors.standard.RouteText - RouteText[id=88577823-16f9-4de2-ba04-780edacb1bd8] Adding new dynamic property: PropertyDescriptor[simple]
[pool-3143-thread-1] INFO org.apache.nifi.processors.standard.RouteText - RouteText[id=88577823-16f9-4de2-ba04-780edacb1bd8] Created FlowFile[1643,97609646213404.mockFlowFile,23B] from FlowFile[1642,97609646213404.mockFlowFile,23B]; routing to relationship simple
[pool-3143-thread-1] INFO org.apache.nifi.processors.standard.RouteText - RouteText[id=88577823-16f9-4de2-ba04-780edacb1bd8] Routing FlowFile[1642,97609646213404.mockFlowFile,23B] to original
[main] DEBUG org.apache.nifi.processors.standard.RouteText - RouteText[id=88577823-16f9-4de2-ba04-780edacb1bd8] Adding new dynamic property: PropertyDescriptor[simple]
[pool-3144-thread-1] INFO org.apache.nifi.processors.standard.RouteText - RouteText[id=88577823-16f9-4de2-ba04-780edacb1bd8] Created FlowFile[1645,97609646654691.mockFlowFile,23B] from FlowFile[1644,97609646654691.mockFlowFile,23B]; routing to relationship simple
[pool-3144-thread-1] INFO org.apache.nifi.processors.standard.RouteText - RouteText[id=88577823-16f9-4de2-ba04-780edacb1bd8] Routing FlowFile[1644,97609646654691.mockFlowFile,23B] to original
[main] DEBUG org.apache.nifi.processors.standard.RouteText - RouteText[id=88577823-16f9-4de2-ba04-780edacb1bd8] Adding new dynamic property: PropertyDescriptor[simple]
[pool-3145-thread-1] INFO org.apache.nifi.processors.standard.RouteText - RouteText[id=88577823-16f9-4de2-ba04-780edacb1bd8] Created FlowFile[1647,97609647123417.mockFlowFile,23B] from FlowFile[1646,97609647123417.mockFlowFile,23B]; routing to relationship simple
[pool-3145-thread-1] INFO org.apache.nifi.processors.standard.RouteText - RouteText[id=88577823-16f9-4de2-ba04-780edacb1bd8] Routing FlowFile[1646,97609647123417.mockFlowFile,23B] to original
[main] DEBUG org.apache.nifi.processors.standard.RouteText - RouteText[id=88577823-16f9-4de2-ba04-780edacb1bd8] Adding new dynamic property: PropertyDescriptor[simple]
[pool-3146-thread-1] INFO org.apache.nifi.processors.standard.RouteText - RouteText[id=88577823-16f9-4de2-ba04-780edacb1bd8] Created FlowFile[1649,97609647593749.mockFlowFile,23B] from FlowFile[1648,97609647593749.mockFlowFile,23B]; routing to relationship simple
[pool-3146-thread-1] INFO org.apache.nifi.processors.standard.RouteText - RouteText[id=88577823-16f9-4de2-ba04-780edacb1bd8] Routing FlowFile[1648,97609647593749.mockFlowFile,23B] to original
[main] DEBUG org.apache.nifi.processors.standard.RouteText - RouteText[id=88577823-16f9-4de2-ba04-780edacb1bd8] Adding new dynamic property: PropertyDescriptor[simple]
[pool-3147-thread-1] INFO org.apache.nifi.processors.standard.RouteText - RouteText[id=88577823-16f9-4de2-ba04-780edacb1bd8] Created FlowFile[1651,97609648078979.mockFlowFile,23B] from FlowFile[1650,97609648078979.mockFlowFile,23B]; routing to relationship simple
[pool-3147-thread-1] INFO org.apache.nifi.processors.standard.RouteText - RouteText[id=88577823-16f9-4de2-ba04-780edacb1bd8] Routing FlowFile[1650,97609648078979.mockFlowFile,23B] to original
[main] DEBUG org.apache.nifi.processors.standard.RouteText - RouteText[id=88577823-16f9-4de2-ba04-780edacb1bd8] Adding new dynamic property: PropertyDescriptor[simple]
[pool-3148-thread-1] INFO org.apache.nifi.processors.standard.RouteText - RouteText[id=88577823-16f9-4de2-ba04-780edacb1bd8] Created FlowFile[1653,97609648583967.mockFlowFile,23B] from FlowFile[1652,97609648583967.mockFlowFile,23B]; routing to relationship simple
[pool-3148-thread-1] INFO org.apache.nifi.processors.standard.RouteText - RouteText[id=88577823-16f9-4de2-ba04-780edacb1bd8] Routing FlowFile[1652,97609648583967.mockFlowFile,23B] to original
[main] DEBUG org.apache.nifi.processors.standard.RouteText - RouteText[id=88577823-16f9-4de2-ba04-780edacb1bd8] Adding new dynamic property: PropertyDescriptor[simple]
[pool-3149-thread-1] INFO org.apache.nifi.processors.standard.RouteText - RouteText[id=88577823-16f9-4de2-ba04-780edacb1bd8] Created FlowFile[1655,97609649085375.mockFlowFile,23B] from FlowFile[1654,97609649085375.mockFlowFile,23B]; routing to relationship simple
[pool-3149-thread-1] INFO org.apache.nifi.processors.standard.RouteText - RouteText[id=88577823-16f9-4de2-ba04-780edacb1bd8] Routing FlowFile[1654,97609649085375.mockFlowFile,23B] to original
[main] DEBUG org.apache.nifi.processors.standard.RouteText - RouteText[id=88577823-16f9-4de2-ba04-780edacb1bd8] Adding new dynamic property: PropertyDescriptor[simple]
[pool-3150-thread-1] INFO org.apache.nifi.processors.standard.RouteText - RouteText[id=88577823-16f9-4de2-ba04-780edacb1bd8] Created FlowFile[1657,97609649575615.mockFlowFile,23B] from FlowFile[1656,97609649575615.mockFlowFile,23B]; routing to relationship simple
[pool-3150-thread-1] INFO org.apache.nifi.processors.standard.RouteText - RouteText[id=88577823-16f9-4de2-ba04-780edacb1bd8] Routing FlowFile[1656,97609649575615.mockFlowFile,23B] to original
[main] DEBUG org.apache.nifi.processors.standard.RouteText - RouteText[id=88577823-16f9-4de2-ba04-780edacb1bd8] Adding new dynamic property: PropertyDescriptor[simple]
[pool-3151-thread-1] INFO org.apache.nifi.processors.standard.RouteText - RouteText[id=88577823-16f9-4de2-ba04-780edacb1bd8] Created FlowFile[1659,97609650071372.mockFlowFile,23B] from FlowFile[1658,97609650071372.mockFlowFile,23B]; routing to relationship simple
[pool-3151-thread-1] INFO org.apache.nifi.processors.standard.RouteText - RouteText[id=88577823-16f9-4de2-ba04-780edacb1bd8] Routing FlowFile[1658,97609650071372.mockFlowFile,23B] to original
[main] DEBUG org.apache.nifi.processors.standard.RouteText - RouteText[id=88577823-16f9-4de2-ba04-780edacb1bd8] Adding new dynamic property: PropertyDescriptor[simple]
[pool-3152-thread-1] INFO org.apache.nifi.processors.standard.RouteText - RouteText[id=88577823-16f9-4de2-ba04-780edacb1bd8] Created FlowFile[1661,97609650527663.mockFlowFile,23B] from FlowFile[1660,97609650527663.mockFlowFile,23B]; routing to relationship simple
[pool-3152-thread-1] INFO org.apache.nifi.processors.standard.RouteText - RouteText[id=88577823-16f9-4de2-ba04-780edacb1bd8] Routing FlowFile[1660,97609650527663.mockFlowFile,23B] to original
[main] DEBUG org.apache.nifi.processors.standard.RouteText - RouteText[id=88577823-16f9-4de2-ba04-780edacb1bd8] Adding new dynamic property: PropertyDescriptor[simple]
[pool-3153-thread-1] INFO org.apache.nifi.processors.standard.RouteText - RouteText[id=88577823-16f9-4de2-ba04-780edacb1bd8] Created FlowFile[1663,97609651149639.mockFlowFile,23B] from FlowFile[1662,97609651149639.mockFlowFile,23B]; routing to relationship simple
[pool-3153-thread-1] INFO org.apache.nifi.processors.standard.RouteText - RouteText[id=88577823-16f9-4de2-ba04-780edacb1bd8] Routing FlowFile[1662,97609651149639.mockFlowFile,23B] to original
[main] DEBUG org.apache.nifi.processors.standard.RouteText - RouteText[id=88577823-16f9-4de2-ba04-780edacb1bd8] Adding new dynamic property: PropertyDescriptor[simple]
[pool-3154-thread-1] INFO org.apache.nifi.processors.standard.RouteText - RouteText[id=88577823-16f9-4de2-ba04-780edacb1bd8] Created FlowFile[1665,97609651716156.mockFlowFile,23B] from FlowFile[1664,97609651716156.mockFlowFile,23B]; routing to relationship simple
[pool-3154-thread-1] INFO org.apache.nifi.processors.standard.RouteText - RouteText[id=88577823-16f9-4de2-ba04-780edacb1bd8] Routing FlowFile[1664,97609651716156.mockFlowFile,23B] to original
[main] DEBUG org.apache.nifi.processors.standard.RouteText - RouteText[id=88577823-16f9-4de2-ba04-780edacb1bd8] Adding new dynamic property: PropertyDescriptor[simple]
[pool-3155-thread-1] INFO org.apache.nifi.processors.standard.RouteText - RouteText[id=88577823-16f9-4de2-ba04-780edacb1bd8] Created FlowFile[1667,97609652311887.mockFlowFile,23B] from FlowFile[1666,97609652311887.mockFlowFile,23B]; routing to relationship simple
[pool-3155-thread-1] INFO org.apache.nifi.processors.standard.RouteText - RouteText[id=88577823-16f9-4de2-ba04-780edacb1bd8] Routing FlowFile[1666,97609652311887.mockFlowFile,23B] to original
[main] DEBUG org.apache.nifi.processors.standard.RouteText - RouteText[id=88577823-16f9-4de2-ba04-780edacb1bd8] Adding new dynamic property: PropertyDescriptor[simple]
[pool-3156-thread-1] INFO org.apache.nifi.processors.standard.RouteText - RouteText[id=88577823-16f9-4de2-ba04-780edacb1bd8] Created FlowFile[1669,97609653998013.mockFlowFile,23B] from FlowFile[1668,97609653998013.mockFlowFile,23B]; routing to relationship simple
[pool-3156-thread-1] INFO org.apache.nifi.processors.standard.RouteText - RouteText[id=88577823-16f9-4de2-ba04-780edacb1bd8] Routing FlowFile[1668,97609653998013.mockFlowFile,23B] to original
[main] DEBUG org.apache.nifi.processors.standard.RouteText - RouteText[id=88577823-16f9-4de2-ba04-780edacb1bd8] Adding new dynamic property: PropertyDescriptor[simple]
[pool-3157-thread-1] INFO org.apache.nifi.processors.standard.RouteText - RouteText[id=88577823-16f9-4de2-ba04-780edacb1bd8] Created FlowFile[1671,97609654697725.mockFlowFile,23B] from FlowFile[1670,97609654697725.mockFlowFile,23B]; routing to relationship simple
[pool-3157-thread-1] INFO org.apache.nifi.processors.standard.RouteText - RouteText[id=88577823-16f9-4de2-ba04-780edacb1bd8] Routing FlowFile[1670,97609654697725.mockFlowFile,23B] to original
[main] DEBUG org.apache.nifi.processors.standard.RouteText - RouteText[id=88577823-16f9-4de2-ba04-780edacb1bd8] Adding new dynamic property: PropertyDescriptor[simple]
[pool-3158-thread-1] INFO org.apache.nifi.processors.standard.RouteText - RouteText[id=88577823-16f9-4de2-ba04-780edacb1bd8] Created FlowFile[1673,97609655226163.mockFlowFile,23B] from FlowFile[1672,97609655226163.mockFlowFile,23B]; routing to relationship simple
[pool-3158-thread-1] INFO org.apache.nifi.processors.standard.RouteText - RouteText[id=88577823-16f9-4de2-ba04-780edacb1bd8] Routing FlowFile[1672,97609655226163.mockFlowFile,23B] to original
[main] DEBUG org.apache.nifi.processors.standard.RouteText - RouteText[id=88577823-16f9-4de2-ba04-780edacb1bd8] Adding new dynamic property: PropertyDescriptor[simple]
[pool-3159-thread-1] INFO org.apache.nifi.processors.standard.RouteText - RouteText[id=88577823-16f9-4de2-ba04-780edacb1bd8] Created FlowFile[1675,97609655690789.mockFlowFile,23B] from FlowFile[1674,97609655690789.mockFlowFile,23B]; routing to relationship simple
[pool-3159-thread-1] INFO org.apache.nifi.processors.standard.RouteText - RouteText[id=88577823-16f9-4de2-ba04-780edacb1bd8] Routing FlowFile[1674,97609655690789.mockFlowFile,23B] to original
[main] DEBUG org.apache.nifi.processors.standard.RouteText - RouteText[id=88577823-16f9-4de2-ba04-780edacb1bd8] Adding new dynamic property: PropertyDescriptor[simple]
[pool-3160-thread-1] INFO org.apache.nifi.processors.standard.RouteText - RouteText[id=88577823-16f9-4de2-ba04-780edacb1bd8] Created FlowFile[1677,97609656140584.mockFlowFile,23B] from FlowFile[1676,97609656140584.mockFlowFile,23B]; routing to relationship simple
[pool-3160-thread-1] INFO org.apache.nifi.processors.standard.RouteText - RouteText[id=88577823-16f9-4de2-ba04-780edacb1bd8] Routing FlowFile[1676,97609656140584.mockFlowFile,23B] to original
[main] DEBUG org.apache.nifi.processors.standard.RouteText - RouteText[id=88577823-16f9-4de2-ba04-780edacb1bd8] Adding new dynamic property: PropertyDescriptor[simple]
[pool-3161-thread-1] INFO org.apache.nifi.processors.standard.RouteText - RouteText[id=88577823-16f9-4de2-ba04-780edacb1bd8] Created FlowFile[1679,97609656584189.mockFlowFile,23B] from FlowFile[1678,97609656584189.mockFlowFile,23B]; routing to relationship simple
[pool-3161-thread-1] INFO org.apache.nifi.processors.standard.RouteText - RouteText[id=88577823-16f9-4de2-ba04-780edacb1bd8] Routing FlowFile[1678,97609656584189.mockFlowFile,23B] to original
[main] DEBUG org.apache.nifi.processors.standard.RouteText - RouteText[id=88577823-16f9-4de2-ba04-780edacb1bd8] Adding new dynamic property: PropertyDescriptor[simple]
[pool-3162-thread-1] INFO org.apache.nifi.processors.standard.RouteText - RouteText[id=88577823-16f9-4de2-ba04-780edacb1bd8] Created FlowFile[1681,97609657052371.mockFlowFile,23B] from FlowFile[1680,97609657052371.mockFlowFile,23B]; routing to relationship simple
[pool-3162-thread-1] INFO org.apache.nifi.processors.standard.RouteText - RouteText[id=88577823-16f9-4de2-ba04-780edacb1bd8] Routing FlowFile[1680,97609657052371.mockFlowFile,23B] to original
[main] DEBUG org.apache.nifi.processors.standard.RouteText - RouteText[id=88577823-16f9-4de2-ba04-780edacb1bd8] Adding new dynamic property: PropertyDescriptor[simple]
[pool-3163-thread-1] INFO org.apache.nifi.processors.standard.RouteText - RouteText[id=88577823-16f9-4de2-ba04-780edacb1bd8] Created FlowFile[1683,97609657493848.mockFlowFile,23B] from FlowFile[1682,97609657493848.mockFlowFile,23B]; routing to relationship simple
[pool-3163-thread-1] INFO org.apache.nifi.processors.standard.RouteText - RouteText[id=88577823-16f9-4de2-ba04-780edacb1bd8] Routing FlowFile[1682,97609657493848.mockFlowFile,23B] to original
[main] DEBUG org.apache.nifi.processors.standard.RouteText - RouteText[id=88577823-16f9-4de2-ba04-780edacb1bd8] Adding new dynamic property: PropertyDescriptor[simple]
[pool-3164-thread-1] INFO org.apache.nifi.processors.standard.RouteText - RouteText[id=88577823-16f9-4de2-ba04-780edacb1bd8] Created FlowFile[1685,97609657907094.mockFlowFile,23B] from FlowFile[1684,97609657907094.mockFlowFile,23B]; routing to relationship simple
[pool-3164-thread-1] INFO org.apache.nifi.processors.standard.RouteText - RouteText[id=88577823-16f9-4de2-ba04-780edacb1bd8] Routing FlowFile[1684,97609657907094.mockFlowFile,23B] to original
[main] DEBUG org.apache.nifi.processors.standard.RouteText - RouteText[id=88577823-16f9-4de2-ba04-780edacb1bd8] Adding new dynamic property: PropertyDescriptor[simple]
[pool-3165-thread-1] INFO org.apache.nifi.processors.standard.RouteText - RouteText[id=88577823-16f9-4de2-ba04-780edacb1bd8] Created FlowFile[1687,97609658322351.mockFlowFile,23B] from FlowFile[1686,97609658322351.mockFlowFile,23B]; routing to relationship simple
[pool-3165-thread-1] INFO org.apache.nifi.processors.standard.RouteText - RouteText[id=88577823-16f9-4de2-ba04-780edacb1bd8] Routing FlowFile[1686,97609658322351.mockFlowFile,23B] to original
[main] DEBUG org.apache.nifi.processors.standard.RouteText - RouteText[id=88577823-16f9-4de2-ba04-780edacb1bd8] Adding new dynamic property: PropertyDescriptor[simple]
[pool-3166-thread-1] INFO org.apache.nifi.processors.standard.RouteText - RouteText[id=88577823-16f9-4de2-ba04-780edacb1bd8] Created FlowFile[1689,97609658728944.mockFlowFile,23B] from FlowFile[1688,97609658728944.mockFlowFile,23B]; routing to relationship simple
[pool-3166-thread-1] INFO org.apache.nifi.processors.standard.RouteText - RouteText[id=88577823-16f9-4de2-ba04-780edacb1bd8] Routing FlowFile[1688,97609658728944.mockFlowFile,23B] to original
[main] DEBUG org.apache.nifi.processors.standard.RouteText - RouteText[id=88577823-16f9-4de2-ba04-780edacb1bd8] Adding new dynamic property: PropertyDescriptor[simple]
[pool-3167-thread-1] INFO org.apache.nifi.processors.standard.RouteText - RouteText[id=88577823-16f9-4de2-ba04-780edacb1bd8] Created FlowFile[1691,97609659144394.mockFlowFile,23B] from FlowFile[1690,97609659144394.mockFlowFile,23B]; routing to relationship simple
[pool-3167-thread-1] INFO org.apache.nifi.processors.standard.RouteText - RouteText[id=88577823-16f9-4de2-ba04-780edacb1bd8] Routing FlowFile[1690,97609659144394.mockFlowFile,23B] to original
[main] DEBUG org.apache.nifi.processors.standard.RouteText - RouteText[id=88577823-16f9-4de2-ba04-780edacb1bd8] Adding new dynamic property: PropertyDescriptor[simple]
[pool-3168-thread-1] INFO org.apache.nifi.processors.standard.RouteText - RouteText[id=88577823-16f9-4de2-ba04-780edacb1bd8] Created FlowFile[1693,97609659562894.mockFlowFile,23B] from FlowFile[1692,97609659562894.mockFlowFile,23B]; routing to relationship simple
[pool-3168-thread-1] INFO org.apache.nifi.processors.standard.RouteText - RouteText[id=88577823-16f9-4de2-ba04-780edacb1bd8] Routing FlowFile[1692,97609659562894.mockFlowFile,23B] to original
[main] DEBUG org.apache.nifi.processors.standard.RouteText - RouteText[id=88577823-16f9-4de2-ba04-780edacb1bd8] Adding new dynamic property: PropertyDescriptor[simple]
[pool-3169-thread-1] INFO org.apache.nifi.processors.standard.RouteText - RouteText[id=88577823-16f9-4de2-ba04-780edacb1bd8] Created FlowFile[1695,97609659974300.mockFlowFile,23B] from FlowFile[1694,97609659974300.mockFlowFile,23B]; routing to relationship simple
[pool-3169-thread-1] INFO org.apache.nifi.processors.standard.RouteText - RouteText[id=88577823-16f9-4de2-ba04-780edacb1bd8] Routing FlowFile[1694,97609659974300.mockFlowFile,23B] to original
[main] DEBUG org.apache.nifi.processors.standard.RouteText - RouteText[id=88577823-16f9-4de2-ba04-780edacb1bd8] Adding new dynamic property: PropertyDescriptor[simple]
[pool-3170-thread-1] INFO org.apache.nifi.processors.standard.RouteText - RouteText[id=88577823-16f9-4de2-ba04-780edacb1bd8] Created FlowFile[1697,97609660398430.mockFlowFile,23B] from FlowFile[1696,97609660398430.mockFlowFile,23B]; routing to relationship simple
[pool-3170-thread-1] INFO org.apache.nifi.processors.standard.RouteText - RouteText[id=88577823-16f9-4de2-ba04-780edacb1bd8] Routing FlowFile[1696,97609660398430.mockFlowFile,23B] to original
[main] DEBUG org.apache.nifi.processors.standard.RouteText - RouteText[id=88577823-16f9-4de2-ba04-780edacb1bd8] Adding new dynamic property: PropertyDescriptor[simple]
[pool-3171-thread-1] INFO org.apache.nifi.processors.standard.RouteText - RouteText[id=88577823-16f9-4de2-ba04-780edacb1bd8] Created FlowFile[1699,97609660824424.mockFlowFile,23B] from FlowFile[1698,97609660824424.mockFlowFile,23B]; routing to relationship simple
[pool-3171-thread-1] INFO org.apache.nifi.processors.standard.RouteText - RouteText[id=88577823-16f9-4de2-ba04-780edacb1bd8] Routing FlowFile[1698,97609660824424.mockFlowFile,23B] to original
[main] DEBUG org.apache.nifi.processors.standard.RouteText - RouteText[id=88577823-16f9-4de2-ba04-780edacb1bd8] Adding new dynamic property: PropertyDescriptor[simple]
[pool-3172-thread-1] INFO org.apache.nifi.processors.standard.RouteText - RouteText[id=88577823-16f9-4de2-ba04-780edacb1bd8] Created FlowFile[1701,97609661232814.mockFlowFile,23B] from FlowFile[1700,97609661232814.mockFlowFile,23B]; routing to relationship simple
[pool-3172-thread-1] INFO org.apache.nifi.processors.standard.RouteText - RouteText[id=88577823-16f9-4de2-ba04-780edacb1bd8] Routing FlowFile[1700,97609661232814.mockFlowFile,23B] to original
[main] DEBUG org.apache.nifi.processors.standard.RouteText - RouteText[id=88577823-16f9-4de2-ba04-780edacb1bd8] Adding new dynamic property: PropertyDescriptor[simple]
[pool-3173-thread-1] INFO org.apache.nifi.processors.standard.RouteText - RouteText[id=88577823-16f9-4de2-ba04-780edacb1bd8] Created FlowFile[1703,97609661633554.mockFlowFile,23B] from FlowFile[1702,97609661633554.mockFlowFile,23B]; routing to relationship simple
[pool-3173-thread-1] INFO org.apache.nifi.processors.standard.RouteText - RouteText[id=88577823-16f9-4de2-ba04-780edacb1bd8] Routing FlowFile[1702,97609661633554.mockFlowFile,23B] to original
[main] DEBUG org.apache.nifi.processors.standard.RouteText - RouteText[id=88577823-16f9-4de2-ba04-780edacb1bd8] Adding new dynamic property: PropertyDescriptor[simple]
[pool-3174-thread-1] INFO org.apache.nifi.processors.standard.RouteText - RouteText[id=88577823-16f9-4de2-ba04-780edacb1bd8] Created FlowFile[1705,97609662030827.mockFlowFile,23B] from FlowFile[1704,97609662030827.mockFlowFile,23B]; routing to relationship simple
[pool-3174-thread-1] INFO org.apache.nifi.processors.standard.RouteText - RouteText[id=88577823-16f9-4de2-ba04-780edacb1bd8] Routing FlowFile[1704,97609662030827.mockFlowFile,23B] to original
[main] DEBUG org.apache.nifi.processors.standard.RouteText - RouteText[id=88577823-16f9-4de2-ba04-780edacb1bd8] Adding new dynamic property: PropertyDescriptor[simple]
[pool-3175-thread-1] INFO org.apache.nifi.processors.standard.RouteText - RouteText[id=88577823-16f9-4de2-ba04-780edacb1bd8] Created FlowFile[1707,97609662417206.mockFlowFile,23B] from FlowFile[1706,97609662417206.mockFlowFile,23B]; routing to relationship simple
[pool-3175-thread-1] INFO org.apache.nifi.processors.standard.RouteText - RouteText[id=88577823-16f9-4de2-ba04-780edacb1bd8] Routing FlowFile[1706,97609662417206.mockFlowFile,23B] to original
[main] DEBUG org.apache.nifi.processors.standard.RouteText - RouteText[id=88577823-16f9-4de2-ba04-780edacb1bd8] Adding new dynamic property: PropertyDescriptor[simple]
[pool-3176-thread-1] INFO org.apache.nifi.processors.standard.RouteText - RouteText[id=88577823-16f9-4de2-ba04-780edacb1bd8] Created FlowFile[1709,97609662801748.mockFlowFile,23B] from FlowFile[1708,97609662801748.mockFlowFile,23B]; routing to relationship simple
[pool-3176-thread-1] INFO org.apache.nifi.processors.standard.RouteText - RouteText[id=88577823-16f9-4de2-ba04-780edacb1bd8] Routing FlowFile[1708,97609662801748.mockFlowFile,23B] to original
[main] DEBUG org.apache.nifi.processors.standard.RouteText - RouteText[id=88577823-16f9-4de2-ba04-780edacb1bd8] Adding new dynamic property: PropertyDescriptor[simple]
[pool-3177-thread-1] INFO org.apache.nifi.processors.standard.RouteText - RouteText[id=88577823-16f9-4de2-ba04-780edacb1bd8] Created FlowFile[1711,97609663190859.mockFlowFile,23B] from FlowFile[1710,97609663190859.mockFlowFile,23B]; routing to relationship simple
[pool-3177-thread-1] INFO org.apache.nifi.processors.standard.RouteText - RouteText[id=88577823-16f9-4de2-ba04-780edacb1bd8] Routing FlowFile[1710,97609663190859.mockFlowFile,23B] to original
[main] DEBUG org.apache.nifi.processors.standard.RouteText - RouteText[id=88577823-16f9-4de2-ba04-780edacb1bd8] Adding new dynamic property: PropertyDescriptor[simple]
[pool-3178-thread-1] INFO org.apache.nifi.processors.standard.RouteText - RouteText[id=88577823-16f9-4de2-ba04-780edacb1bd8] Created FlowFile[1713,97609663612333.mockFlowFile,23B] from FlowFile[1712,97609663612333.mockFlowFile,23B]; routing to relationship simple
[pool-3178-thread-1] INFO org.apache.nifi.processors.standard.RouteText - RouteText[id=88577823-16f9-4de2-ba04-780edacb1bd8] Routing FlowFile[1712,97609663612333.mockFlowFile,23B] to original
[main] DEBUG org.apache.nifi.processors.standard.RouteText - RouteText[id=88577823-16f9-4de2-ba04-780edacb1bd8] Adding new dynamic property: PropertyDescriptor[simple]
[pool-3179-thread-1] INFO org.apache.nifi.processors.standard.RouteText - RouteText[id=88577823-16f9-4de2-ba04-780edacb1bd8] Created FlowFile[1715,97609664023412.mockFlowFile,23B] from FlowFile[1714,97609664023412.mockFlowFile,23B]; routing to relationship simple
[pool-3179-thread-1] INFO org.apache.nifi.processors.standard.RouteText - RouteText[id=88577823-16f9-4de2-ba04-780edacb1bd8] Routing FlowFile[1714,97609664023412.mockFlowFile,23B] to original
[main] DEBUG org.apache.nifi.processors.standard.RouteText - RouteText[id=88577823-16f9-4de2-ba04-780edacb1bd8] Adding new dynamic property: PropertyDescriptor[simple]
[pool-3180-thread-1] INFO org.apache.nifi.processors.standard.RouteText - RouteText[id=88577823-16f9-4de2-ba04-780edacb1bd8] Created FlowFile[1717,97609664453334.mockFlowFile,23B] from FlowFile[1716,97609664453334.mockFlowFile,23B]; routing to relationship simple
[pool-3180-thread-1] INFO org.apache.nifi.processors.standard.RouteText - RouteText[id=88577823-16f9-4de2-ba04-780edacb1bd8] Routing FlowFile[1716,97609664453334.mockFlowFile,23B] to original
[main] DEBUG org.apache.nifi.processors.standard.RouteText - RouteText[id=88577823-16f9-4de2-ba04-780edacb1bd8] Adding new dynamic property: PropertyDescriptor[simple]
[pool-3181-thread-1] INFO org.apache.nifi.processors.standard.RouteText - RouteText[id=88577823-16f9-4de2-ba04-780edacb1bd8] Created FlowFile[1719,97609664873232.mockFlowFile,23B] from FlowFile[1718,97609664873232.mockFlowFile,23B]; routing to relationship simple
[pool-3181-thread-1] INFO org.apache.nifi.processors.standard.RouteText - RouteText[id=88577823-16f9-4de2-ba04-780edacb1bd8] Routing FlowFile[1718,97609664873232.mockFlowFile,23B] to original
[main] DEBUG org.apache.nifi.processors.standard.RouteText - RouteText[id=88577823-16f9-4de2-ba04-780edacb1bd8] Adding new dynamic property: PropertyDescriptor[simple]
[pool-3182-thread-1] INFO org.apache.nifi.processors.standard.RouteText - RouteText[id=88577823-16f9-4de2-ba04-780edacb1bd8] Created FlowFile[1721,97609665300221.mockFlowFile,23B] from FlowFile[1720,97609665300221.mockFlowFile,23B]; routing to relationship simple
[pool-3182-thread-1] INFO org.apache.nifi.processors.standard.RouteText - RouteText[id=88577823-16f9-4de2-ba04-780edacb1bd8] Routing FlowFile[1720,97609665300221.mockFlowFile,23B] to original
[main] DEBUG org.apache.nifi.processors.standard.RouteText - RouteText[id=88577823-16f9-4de2-ba04-780edacb1bd8] Adding new dynamic property: PropertyDescriptor[simple]
[pool-3183-thread-1] INFO org.apache.nifi.processors.standard.RouteText - RouteText[id=88577823-16f9-4de2-ba04-780edacb1bd8] Created FlowFile[1723,97609665722933.mockFlowFile,23B] from FlowFile[1722,97609665722933.mockFlowFile,23B]; routing to relationship simple
[pool-3183-thread-1] INFO org.apache.nifi.processors.standard.RouteText - RouteText[id=88577823-16f9-4de2-ba04-780edacb1bd8] Routing FlowFile[1722,97609665722933.mockFlowFile,23B] to original
[main] DEBUG org.apache.nifi.processors.standard.RouteText - RouteText[id=88577823-16f9-4de2-ba04-780edacb1bd8] Adding new dynamic property: PropertyDescriptor[simple]
[pool-3184-thread-1] INFO org.apache.nifi.processors.standard.RouteText - RouteText[id=88577823-16f9-4de2-ba04-780edacb1bd8] Created FlowFile[1725,97609666126722.mockFlowFile,23B] from FlowFile[1724,97609666126722.mockFlowFile,23B]; routing to relationship simple
[pool-3184-thread-1] INFO org.apache.nifi.processors.standard.RouteText - RouteText[id=88577823-16f9-4de2-ba04-780edacb1bd8] Routing FlowFile[1724,97609666126722.mockFlowFile,23B] to original
[main] DEBUG org.apache.nifi.processors.standard.RouteText - RouteText[id=88577823-16f9-4de2-ba04-780edacb1bd8] Adding new dynamic property: PropertyDescriptor[simple]
[pool-3185-thread-1] INFO org.apache.nifi.processors.standard.RouteText - RouteText[id=88577823-16f9-4de2-ba04-780edacb1bd8] Created FlowFile[1727,97609666535473.mockFlowFile,23B] from FlowFile[1726,97609666535473.mockFlowFile,23B]; routing to relationship simple
[pool-3185-thread-1] INFO org.apache.nifi.processors.standard.RouteText - RouteText[id=88577823-16f9-4de2-ba04-780edacb1bd8] Routing FlowFile[1726,97609666535473.mockFlowFile,23B] to original
[main] DEBUG org.apache.nifi.processors.standard.RouteText - RouteText[id=88577823-16f9-4de2-ba04-780edacb1bd8] Adding new dynamic property: PropertyDescriptor[simple]
[pool-3186-thread-1] INFO org.apache.nifi.processors.standard.RouteText - RouteText[id=88577823-16f9-4de2-ba04-780edacb1bd8] Created FlowFile[1729,97609666957464.mockFlowFile,23B] from FlowFile[1728,97609666957464.mockFlowFile,23B]; routing to relationship simple
[pool-3186-thread-1] INFO org.apache.nifi.processors.standard.RouteText - RouteText[id=88577823-16f9-4de2-ba04-780edacb1bd8] Routing FlowFile[1728,97609666957464.mockFlowFile,23B] to original
[main] DEBUG org.apache.nifi.processors.standard.RouteText - RouteText[id=88577823-16f9-4de2-ba04-780edacb1bd8] Adding new dynamic property: PropertyDescriptor[simple]
[pool-3187-thread-1] INFO org.apache.nifi.processors.standard.RouteText - RouteText[id=88577823-16f9-4de2-ba04-780edacb1bd8] Created FlowFile[1731,97609667388755.mockFlowFile,23B] from FlowFile[1730,97609667388755.mockFlowFile,23B]; routing to relationship simple
[pool-3187-thread-1] INFO org.apache.nifi.processors.standard.RouteText - RouteText[id=88577823-16f9-4de2-ba04-780edacb1bd8] Routing FlowFile[1730,97609667388755.mockFlowFile,23B] to original
[main] DEBUG org.apache.nifi.processors.standard.RouteText - RouteText[id=88577823-16f9-4de2-ba04-780edacb1bd8] Adding new dynamic property: PropertyDescriptor[simple]
[pool-3188-thread-1] INFO org.apache.nifi.processors.standard.RouteText - RouteText[id=88577823-16f9-4de2-ba04-780edacb1bd8] Created FlowFile[1733,97609667784637.mockFlowFile,23B] from FlowFile[1732,97609667784637.mockFlowFile,23B]; routing to relationship simple
[pool-3188-thread-1] INFO org.apache.nifi.processors.standard.RouteText - RouteText[id=88577823-16f9-4de2-ba04-780edacb1bd8] Routing FlowFile[1732,97609667784637.mockFlowFile,23B] to original
[main] DEBUG org.apache.nifi.processors.standard.RouteText - RouteText[id=88577823-16f9-4de2-ba04-780edacb1bd8] Adding new dynamic property: PropertyDescriptor[simple]
[pool-3189-thread-1] INFO org.apache.nifi.processors.standard.RouteText - RouteText[id=88577823-16f9-4de2-ba04-780edacb1bd8] Created FlowFile[1735,97609668544068.mockFlowFile,23B] from FlowFile[1734,97609668544068.mockFlowFile,23B]; routing to relationship simple
[pool-3189-thread-1] INFO org.apache.nifi.processors.standard.RouteText - RouteText[id=88577823-16f9-4de2-ba04-780edacb1bd8] Routing FlowFile[1734,97609668544068.mockFlowFile,23B] to original
[main] DEBUG org.apache.nifi.processors.standard.RouteText - RouteText[id=88577823-16f9-4de2-ba04-780edacb1bd8] Adding new dynamic property: PropertyDescriptor[simple]
[pool-3190-thread-1] INFO org.apache.nifi.processors.standard.RouteText - RouteText[id=88577823-16f9-4de2-ba04-780edacb1bd8] Created FlowFile[1737,97609669110772.mockFlowFile,23B] from FlowFile[1736,97609669110772.mockFlowFile,23B]; routing to relationship simple
[pool-3190-thread-1] INFO org.apache.nifi.processors.standard.RouteText - RouteText[id=88577823-16f9-4de2-ba04-780edacb1bd8] Routing FlowFile[1736,97609669110772.mockFlowFile,23B] to original
[main] DEBUG org.apache.nifi.processors.standard.RouteText - RouteText[id=88577823-16f9-4de2-ba04-780edacb1bd8] Adding new dynamic property: PropertyDescriptor[simple]
[pool-3191-thread-1] INFO org.apache.nifi.processors.standard.RouteText - RouteText[id=88577823-16f9-4de2-ba04-780edacb1bd8] Created FlowFile[1739,97609669570364.mockFlowFile,23B] from FlowFile[1738,97609669570364.mockFlowFile,23B]; routing to relationship simple
[pool-3191-thread-1] INFO org.apache.nifi.processors.standard.RouteText - RouteText[id=88577823-16f9-4de2-ba04-780edacb1bd8] Routing FlowFile[1738,97609669570364.mockFlowFile,23B] to original
[main] DEBUG org.apache.nifi.processors.standard.RouteText - RouteText[id=88577823-16f9-4de2-ba04-780edacb1bd8] Adding new dynamic property: PropertyDescriptor[simple]
[pool-3192-thread-1] INFO org.apache.nifi.processors.standard.RouteText - RouteText[id=88577823-16f9-4de2-ba04-780edacb1bd8] Created FlowFile[1741,97609669995089.mockFlowFile,23B] from FlowFile[1740,97609669995089.mockFlowFile,23B]; routing to relationship simple
[pool-3192-thread-1] INFO org.apache.nifi.processors.standard.RouteText - RouteText[id=88577823-16f9-4de2-ba04-780edacb1bd8] Routing FlowFile[1740,97609669995089.mockFlowFile,23B] to original
[main] DEBUG org.apache.nifi.processors.standard.RouteText - RouteText[id=88577823-16f9-4de2-ba04-780edacb1bd8] Adding new dynamic property: PropertyDescriptor[simple]
[pool-3193-thread-1] INFO org.apache.nifi.processors.standard.RouteText - RouteText[id=88577823-16f9-4de2-ba04-780edacb1bd8] Created FlowFile[1743,97609670428655.mockFlowFile,23B] from FlowFile[1742,97609670428655.mockFlowFile,23B]; routing to relationship simple
[pool-3193-thread-1] INFO org.apache.nifi.processors.standard.RouteText - RouteText[id=88577823-16f9-4de2-ba04-780edacb1bd8] Routing FlowFile[1742,97609670428655.mockFlowFile,23B] to original
[main] DEBUG org.apache.nifi.processors.standard.RouteText - RouteText[id=88577823-16f9-4de2-ba04-780edacb1bd8] Adding new dynamic property: PropertyDescriptor[simple]
[pool-3194-thread-1] INFO org.apache.nifi.processors.standard.RouteText - RouteText[id=88577823-16f9-4de2-ba04-780edacb1bd8] Created FlowFile[1745,97609670857324.mockFlowFile,23B] from FlowFile[1744,97609670857324.mockFlowFile,23B]; routing to relationship simple
[pool-3194-thread-1] INFO org.apache.nifi.processors.standard.RouteText - RouteText[id=88577823-16f9-4de2-ba04-780edacb1bd8] Routing FlowFile[1744,97609670857324.mockFlowFile,23B] to original
[main] DEBUG org.apache.nifi.processors.standard.RouteText - RouteText[id=88577823-16f9-4de2-ba04-780edacb1bd8] Adding new dynamic property: PropertyDescriptor[simple]
[pool-3195-thread-1] INFO org.apache.nifi.processors.standard.RouteText - RouteText[id=88577823-16f9-4de2-ba04-780edacb1bd8] Created FlowFile[1747,97609671262449.mockFlowFile,23B] from FlowFile[1746,97609671262449.mockFlowFile,23B]; routing to relationship simple
[pool-3195-thread-1] INFO org.apache.nifi.processors.standard.RouteText - RouteText[id=88577823-16f9-4de2-ba04-780edacb1bd8] Routing FlowFile[1746,97609671262449.mockFlowFile,23B] to original
[main] DEBUG org.apache.nifi.processors.standard.RouteText - RouteText[id=88577823-16f9-4de2-ba04-780edacb1bd8] Adding new dynamic property: PropertyDescriptor[simple]
[pool-3196-thread-1] INFO org.apache.nifi.processors.standard.RouteText - RouteText[id=88577823-16f9-4de2-ba04-780edacb1bd8] Created FlowFile[1749,97609671836697.mockFlowFile,23B] from FlowFile[1748,97609671836697.mockFlowFile,23B]; routing to relationship simple
[pool-3196-thread-1] INFO org.apache.nifi.processors.standard.RouteText - RouteText[id=88577823-16f9-4de2-ba04-780edacb1bd8] Routing FlowFile[1748,97609671836697.mockFlowFile,23B] to original
[main] DEBUG org.apache.nifi.processors.standard.RouteText - RouteText[id=88577823-16f9-4de2-ba04-780edacb1bd8] Adding new dynamic property: PropertyDescriptor[simple]
[pool-3197-thread-1] INFO org.apache.nifi.processors.standard.RouteText - RouteText[id=88577823-16f9-4de2-ba04-780edacb1bd8] Created FlowFile[1751,97609672356113.mockFlowFile,23B] from FlowFile[1750,97609672356113.mockFlowFile,23B]; routing to relationship simple
[pool-3197-thread-1] INFO org.apache.nifi.processors.standard.RouteText - RouteText[id=88577823-16f9-4de2-ba04-780edacb1bd8] Routing FlowFile[1750,97609672356113.mockFlowFile,23B] to original
[main] DEBUG org.apache.nifi.processors.standard.RouteText - RouteText[id=88577823-16f9-4de2-ba04-780edacb1bd8] Adding new dynamic property: PropertyDescriptor[simple]
[pool-3198-thread-1] INFO org.apache.nifi.processors.standard.RouteText - RouteText[id=88577823-16f9-4de2-ba04-780edacb1bd8] Created FlowFile[1753,97609672879463.mockFlowFile,23B] from FlowFile[1752,97609672879463.mockFlowFile,23B]; routing to relationship simple
[pool-3198-thread-1] INFO org.apache.nifi.processors.standard.RouteText - RouteText[id=88577823-16f9-4de2-ba04-780edacb1bd8] Routing FlowFile[1752,97609672879463.mockFlowFile,23B] to original
[main] DEBUG org.apache.nifi.processors.standard.RouteText - RouteText[id=88577823-16f9-4de2-ba04-780edacb1bd8] Adding new dynamic property: PropertyDescriptor[simple]
[pool-3199-thread-1] INFO org.apache.nifi.processors.standard.RouteText - RouteText[id=88577823-16f9-4de2-ba04-780edacb1bd8] Created FlowFile[1755,97609673309496.mockFlowFile,23B] from FlowFile[1754,97609673309496.mockFlowFile,23B]; routing to relationship simple
[pool-3199-thread-1] INFO org.apache.nifi.processors.standard.RouteText - RouteText[id=88577823-16f9-4de2-ba04-780edacb1bd8] Routing FlowFile[1754,97609673309496.mockFlowFile,23B] to original
[main] DEBUG org.apache.nifi.processors.standard.RouteText - RouteText[id=88577823-16f9-4de2-ba04-780edacb1bd8] Adding new dynamic property: PropertyDescriptor[simple]
[pool-3200-thread-1] INFO org.apache.nifi.processors.standard.RouteText - RouteText[id=88577823-16f9-4de2-ba04-780edacb1bd8] Created FlowFile[1757,97609673735581.mockFlowFile,23B] from FlowFile[1756,97609673735581.mockFlowFile,23B]; routing to relationship simple
[pool-3200-thread-1] INFO org.apache.nifi.processors.standard.RouteText - RouteText[id=88577823-16f9-4de2-ba04-780edacb1bd8] Routing FlowFile[1756,97609673735581.mockFlowFile,23B] to original
[main] DEBUG org.apache.nifi.processors.standard.RouteText - RouteText[id=88577823-16f9-4de2-ba04-780edacb1bd8] Adding new dynamic property: PropertyDescriptor[simple]
[pool-3201-thread-1] INFO org.apache.nifi.processors.standard.RouteText - RouteText[id=88577823-16f9-4de2-ba04-780edacb1bd8] Created FlowFile[1759,97609674170020.mockFlowFile,23B] from FlowFile[1758,97609674170020.mockFlowFile,23B]; routing to relationship simple
[pool-3201-thread-1] INFO org.apache.nifi.processors.standard.RouteText - RouteText[id=88577823-16f9-4de2-ba04-780edacb1bd8] Routing FlowFile[1758,97609674170020.mockFlowFile,23B] to original
[main] DEBUG org.apache.nifi.processors.standard.RouteText - RouteText[id=88577823-16f9-4de2-ba04-780edacb1bd8] Adding new dynamic property: PropertyDescriptor[simple]
[pool-3202-thread-1] INFO org.apache.nifi.processors.standard.RouteText - RouteText[id=88577823-16f9-4de2-ba04-780edacb1bd8] Created FlowFile[1761,97609674598729.mockFlowFile,23B] from FlowFile[1760,97609674598729.mockFlowFile,23B]; routing to relationship simple
[pool-3202-thread-1] INFO org.apache.nifi.processors.standard.RouteText - RouteText[id=88577823-16f9-4de2-ba04-780edacb1bd8] Routing FlowFile[1760,97609674598729.mockFlowFile,23B] to original
[main] DEBUG org.apache.nifi.processors.standard.RouteText - RouteText[id=88577823-16f9-4de2-ba04-780edacb1bd8] Adding new dynamic property: PropertyDescriptor[simple]
[pool-3203-thread-1] INFO org.apache.nifi.processors.standard.RouteText - RouteText[id=88577823-16f9-4de2-ba04-780edacb1bd8] Created FlowFile[1763,97609675014880.mockFlowFile,23B] from FlowFile[1762,97609675014880.mockFlowFile,23B]; routing to relationship simple
[pool-3203-thread-1] INFO org.apache.nifi.processors.standard.RouteText - RouteText[id=88577823-16f9-4de2-ba04-780edacb1bd8] Routing FlowFile[1762,97609675014880.mockFlowFile,23B] to original
[main] DEBUG org.apache.nifi.processors.standard.RouteText - RouteText[id=88577823-16f9-4de2-ba04-780edacb1bd8] Adding new dynamic property: PropertyDescriptor[simple]
[pool-3204-thread-1] INFO org.apache.nifi.processors.standard.RouteText - RouteText[id=88577823-16f9-4de2-ba04-780edacb1bd8] Created FlowFile[1765,97609675462270.mockFlowFile,23B] from FlowFile[1764,97609675462270.mockFlowFile,23B]; routing to relationship simple
[pool-3204-thread-1] INFO org.apache.nifi.processors.standard.RouteText - RouteText[id=88577823-16f9-4de2-ba04-780edacb1bd8] Routing FlowFile[1764,97609675462270.mockFlowFile,23B] to original
[main] DEBUG org.apache.nifi.processors.standard.RouteText - RouteText[id=88577823-16f9-4de2-ba04-780edacb1bd8] Adding new dynamic property: PropertyDescriptor[simple]
[pool-3205-thread-1] INFO org.apache.nifi.processors.standard.RouteText - RouteText[id=88577823-16f9-4de2-ba04-780edacb1bd8] Created FlowFile[1767,97609675915369.mockFlowFile,23B] from FlowFile[1766,97609675915369.mockFlowFile,23B]; routing to relationship simple
[pool-3205-thread-1] INFO org.apache.nifi.processors.standard.RouteText - RouteText[id=88577823-16f9-4de2-ba04-780edacb1bd8] Routing FlowFile[1766,97609675915369.mockFlowFile,23B] to original
[main] DEBUG org.apache.nifi.processors.standard.RouteText - RouteText[id=88577823-16f9-4de2-ba04-780edacb1bd8] Adding new dynamic property: PropertyDescriptor[simple]
[pool-3206-thread-1] INFO org.apache.nifi.processors.standard.RouteText - RouteText[id=88577823-16f9-4de2-ba04-780edacb1bd8] Created FlowFile[1769,97609676400071.mockFlowFile,23B] from FlowFile[1768,97609676400071.mockFlowFile,23B]; routing to relationship simple
[pool-3206-thread-1] INFO org.apache.nifi.processors.standard.RouteText - RouteText[id=88577823-16f9-4de2-ba04-780edacb1bd8] Routing FlowFile[1768,97609676400071.mockFlowFile,23B] to original
[main] DEBUG org.apache.nifi.processors.standard.RouteText - RouteText[id=88577823-16f9-4de2-ba04-780edacb1bd8] Adding new dynamic property: PropertyDescriptor[simple]
[pool-3207-thread-1] INFO org.apache.nifi.processors.standard.RouteText - RouteText[id=88577823-16f9-4de2-ba04-780edacb1bd8] Created FlowFile[1771,97609676849585.mockFlowFile,23B] from FlowFile[1770,97609676849585.mockFlowFile,23B]; routing to relationship simple
[pool-3207-thread-1] INFO org.apache.nifi.processors.standard.RouteText - RouteText[id=88577823-16f9-4de2-ba04-780edacb1bd8] Routing FlowFile[1770,97609676849585.mockFlowFile,23B] to original
[main] DEBUG org.apache.nifi.processors.standard.RouteText - RouteText[id=88577823-16f9-4de2-ba04-780edacb1bd8] Adding new dynamic property: PropertyDescriptor[simple]
[pool-3208-thread-1] INFO org.apache.nifi.processors.standard.RouteText - RouteText[id=88577823-16f9-4de2-ba04-780edacb1bd8] Created FlowFile[1773,97609677252360.mockFlowFile,23B] from FlowFile[1772,97609677252360.mockFlowFile,23B]; routing to relationship simple
[pool-3208-thread-1] INFO org.apache.nifi.processors.standard.RouteText - RouteText[id=88577823-16f9-4de2-ba04-780edacb1bd8] Routing FlowFile[1772,97609677252360.mockFlowFile,23B] to original
[main] DEBUG org.apache.nifi.processors.standard.RouteText - RouteText[id=88577823-16f9-4de2-ba04-780edacb1bd8] Adding new dynamic property: PropertyDescriptor[simple]
[pool-3209-thread-1] INFO org.apache.nifi.processors.standard.RouteText - RouteText[id=88577823-16f9-4de2-ba04-780edacb1bd8] Created FlowFile[1775,97609677600113.mockFlowFile,23B] from FlowFile[1774,97609677600113.mockFlowFile,23B]; routing to relationship simple
[pool-3209-thread-1] INFO org.apache.nifi.processors.standard.RouteText - RouteText[id=88577823-16f9-4de2-ba04-780edacb1bd8] Routing FlowFile[1774,97609677600113.mockFlowFile,23B] to original
[main] DEBUG org.apache.nifi.processors.standard.RouteText - RouteText[id=88577823-16f9-4de2-ba04-780edacb1bd8] Adding new dynamic property: PropertyDescriptor[simple]
[pool-3210-thread-1] INFO org.apache.nifi.processors.standard.RouteText - RouteText[id=88577823-16f9-4de2-ba04-780edacb1bd8] Created FlowFile[1777,97609677946822.mockFlowFile,23B] from FlowFile[1776,97609677946822.mockFlowFile,23B]; routing to relationship simple
[pool-3210-thread-1] INFO org.apache.nifi.processors.standard.RouteText - RouteText[id=88577823-16f9-4de2-ba04-780edacb1bd8] Routing FlowFile[1776,97609677946822.mockFlowFile,23B] to original
[main] DEBUG org.apache.nifi.processors.standard.RouteText - RouteText[id=88577823-16f9-4de2-ba04-780edacb1bd8] Adding new dynamic property: PropertyDescriptor[simple]
[pool-3211-thread-1] INFO org.apache.nifi.processors.standard.RouteText - RouteText[id=88577823-16f9-4de2-ba04-780edacb1bd8] Created FlowFile[1779,97609678284343.mockFlowFile,23B] from FlowFile[1778,97609678284343.mockFlowFile,23B]; routing to relationship simple
[pool-3211-thread-1] INFO org.apache.nifi.processors.standard.RouteText - RouteText[id=88577823-16f9-4de2-ba04-780edacb1bd8] Routing FlowFile[1778,97609678284343.mockFlowFile,23B] to original
[main] DEBUG org.apache.nifi.processors.standard.RouteText - RouteText[id=88577823-16f9-4de2-ba04-780edacb1bd8] Adding new dynamic property: PropertyDescriptor[simple]
[pool-3212-thread-1] INFO org.apache.nifi.processors.standard.RouteText - RouteText[id=88577823-16f9-4de2-ba04-780edacb1bd8] Created FlowFile[1781,97609678630968.mockFlowFile,23B] from FlowFile[1780,97609678630968.mockFlowFile,23B]; routing to relationship simple
[pool-3212-thread-1] INFO org.apache.nifi.processors.standard.RouteText - RouteText[id=88577823-16f9-4de2-ba04-780edacb1bd8] Routing FlowFile[1780,97609678630968.mockFlowFile,23B] to original
[main] DEBUG org.apache.nifi.processors.standard.RouteText - RouteText[id=88577823-16f9-4de2-ba04-780edacb1bd8] Adding new dynamic property: PropertyDescriptor[simple]
[pool-3213-thread-1] INFO org.apache.nifi.processors.standard.RouteText - RouteText[id=88577823-16f9-4de2-ba04-780edacb1bd8] Created FlowFile[1783,97609678978381.mockFlowFile,23B] from FlowFile[1782,97609678978381.mockFlowFile,23B]; routing to relationship simple
[pool-3213-thread-1] INFO org.apache.nifi.processors.standard.RouteText - RouteText[id=88577823-16f9-4de2-ba04-780edacb1bd8] Routing FlowFile[1782,97609678978381.mockFlowFile,23B] to original
[main] DEBUG org.apache.nifi.processors.standard.RouteText - RouteText[id=88577823-16f9-4de2-ba04-780edacb1bd8] Adding new dynamic property: PropertyDescriptor[simple]
[pool-3214-thread-1] INFO org.apache.nifi.processors.standard.RouteText - RouteText[id=88577823-16f9-4de2-ba04-780edacb1bd8] Created FlowFile[1785,97609679422907.mockFlowFile,23B] from FlowFile[1784,97609679422907.mockFlowFile,23B]; routing to relationship simple
[pool-3214-thread-1] INFO org.apache.nifi.processors.standard.RouteText - RouteText[id=88577823-16f9-4de2-ba04-780edacb1bd8] Routing FlowFile[1784,97609679422907.mockFlowFile,23B] to original
[main] DEBUG org.apache.nifi.processors.standard.RouteText - RouteText[id=88577823-16f9-4de2-ba04-780edacb1bd8] Adding new dynamic property: PropertyDescriptor[simple]
[pool-3215-thread-1] INFO org.apache.nifi.processors.standard.RouteText - RouteText[id=88577823-16f9-4de2-ba04-780edacb1bd8] Created FlowFile[1787,97609679874625.mockFlowFile,23B] from FlowFile[1786,97609679874625.mockFlowFile,23B]; routing to relationship simple
[pool-3215-thread-1] INFO org.apache.nifi.processors.standard.RouteText - RouteText[id=88577823-16f9-4de2-ba04-780edacb1bd8] Routing FlowFile[1786,97609679874625.mockFlowFile,23B] to original
[main] DEBUG org.apache.nifi.processors.standard.RouteText - RouteText[id=88577823-16f9-4de2-ba04-780edacb1bd8] Adding new dynamic property: PropertyDescriptor[simple]
[pool-3216-thread-1] INFO org.apache.nifi.processors.standard.RouteText - RouteText[id=88577823-16f9-4de2-ba04-780edacb1bd8] Created FlowFile[1789,97609680381979.mockFlowFile,23B] from FlowFile[1788,97609680381979.mockFlowFile,23B]; routing to relationship simple
[pool-3216-thread-1] INFO org.apache.nifi.processors.standard.RouteText - RouteText[id=88577823-16f9-4de2-ba04-780edacb1bd8] Routing FlowFile[1788,97609680381979.mockFlowFile,23B] to original
[main] DEBUG org.apache.nifi.processors.standard.RouteText - RouteText[id=88577823-16f9-4de2-ba04-780edacb1bd8] Adding new dynamic property: PropertyDescriptor[simple]
[pool-3217-thread-1] INFO org.apache.nifi.processors.standard.RouteText - RouteText[id=88577823-16f9-4de2-ba04-780edacb1bd8] Created FlowFile[1791,97609681059152.mockFlowFile,23B] from FlowFile[1790,97609681059152.mockFlowFile,23B]; routing to relationship simple
[pool-3217-thread-1] INFO org.apache.nifi.processors.standard.RouteText - RouteText[id=88577823-16f9-4de2-ba04-780edacb1bd8] Routing FlowFile[1790,97609681059152.mockFlowFile,23B] to original
[main] DEBUG org.apache.nifi.processors.standard.RouteText - RouteText[id=88577823-16f9-4de2-ba04-780edacb1bd8] Adding new dynamic property: PropertyDescriptor[simple]
[pool-3218-thread-1] INFO org.apache.nifi.processors.standard.RouteText - RouteText[id=88577823-16f9-4de2-ba04-780edacb1bd8] Created FlowFile[1793,97609681553591.mockFlowFile,23B] from FlowFile[1792,97609681553591.mockFlowFile,23B]; routing to relationship simple
[pool-3218-thread-1] INFO org.apache.nifi.processors.standard.RouteText - RouteText[id=88577823-16f9-4de2-ba04-780edacb1bd8] Routing FlowFile[1792,97609681553591.mockFlowFile,23B] to original
[main] DEBUG org.apache.nifi.processors.standard.RouteText - RouteText[id=88577823-16f9-4de2-ba04-780edacb1bd8] Adding new dynamic property: PropertyDescriptor[simple]
[pool-3219-thread-1] INFO org.apache.nifi.processors.standard.RouteText - RouteText[id=88577823-16f9-4de2-ba04-780edacb1bd8] Created FlowFile[1795,97609682005056.mockFlowFile,23B] from FlowFile[1794,97609682005056.mockFlowFile,23B]; routing to relationship simple
[pool-3219-thread-1] INFO org.apache.nifi.processors.standard.RouteText - RouteText[id=88577823-16f9-4de2-ba04-780edacb1bd8] Routing FlowFile[1794,97609682005056.mockFlowFile,23B] to original
[main] DEBUG org.apache.nifi.processors.standard.RouteText - RouteText[id=88577823-16f9-4de2-ba04-780edacb1bd8] Adding new dynamic property: PropertyDescriptor[simple]
[pool-3220-thread-1] INFO org.apache.nifi.processors.standard.RouteText - RouteText[id=88577823-16f9-4de2-ba04-780edacb1bd8] Created FlowFile[1797,97609682426121.mockFlowFile,23B] from FlowFile[1796,97609682426121.mockFlowFile,23B]; routing to relationship simple
[pool-3220-thread-1] INFO org.apache.nifi.processors.standard.RouteText - RouteText[id=88577823-16f9-4de2-ba04-780edacb1bd8] Routing FlowFile[1796,97609682426121.mockFlowFile,23B] to original
[main] DEBUG org.apache.nifi.processors.standard.RouteText - RouteText[id=88577823-16f9-4de2-ba04-780edacb1bd8] Adding new dynamic property: PropertyDescriptor[simple]
[pool-3221-thread-1] INFO org.apache.nifi.processors.standard.RouteText - RouteText[id=88577823-16f9-4de2-ba04-780edacb1bd8] Created FlowFile[1799,97609682861861.mockFlowFile,23B] from FlowFile[1798,97609682861861.mockFlowFile,23B]; routing to relationship simple
[pool-3221-thread-1] INFO org.apache.nifi.processors.standard.RouteText - RouteText[id=88577823-16f9-4de2-ba04-780edacb1bd8] Routing FlowFile[1798,97609682861861.mockFlowFile,23B] to original
[main] DEBUG org.apache.nifi.processors.standard.RouteText - RouteText[id=88577823-16f9-4de2-ba04-780edacb1bd8] Adding new dynamic property: PropertyDescriptor[simple]
[pool-3222-thread-1] INFO org.apache.nifi.processors.standard.RouteText - RouteText[id=88577823-16f9-4de2-ba04-780edacb1bd8] Created FlowFile[1801,97609683270281.mockFlowFile,23B] from FlowFile[1800,97609683270281.mockFlowFile,23B]; routing to relationship simple
[pool-3222-thread-1] INFO org.apache.nifi.processors.standard.RouteText - RouteText[id=88577823-16f9-4de2-ba04-780edacb1bd8] Routing FlowFile[1800,97609683270281.mockFlowFile,23B] to original
[main] DEBUG org.apache.nifi.processors.standard.RouteText - RouteText[id=88577823-16f9-4de2-ba04-780edacb1bd8] Adding new dynamic property: PropertyDescriptor[simple]
[pool-3223-thread-1] INFO org.apache.nifi.processors.standard.RouteText - RouteText[id=88577823-16f9-4de2-ba04-780edacb1bd8] Created FlowFile[1803,97609683623215.mockFlowFile,23B] from FlowFile[1802,97609683623215.mockFlowFile,23B]; routing to relationship simple
[pool-3223-thread-1] INFO org.apache.nifi.processors.standard.RouteText - RouteText[id=88577823-16f9-4de2-ba04-780edacb1bd8] Routing FlowFile[1802,97609683623215.mockFlowFile,23B] to original
[main] DEBUG org.apache.nifi.processors.standard.RouteText - RouteText[id=88577823-16f9-4de2-ba04-780edacb1bd8] Adding new dynamic property: PropertyDescriptor[simple]
[pool-3224-thread-1] INFO org.apache.nifi.processors.standard.RouteText - RouteText[id=88577823-16f9-4de2-ba04-780edacb1bd8] Created FlowFile[1805,97609684178375.mockFlowFile,23B] from FlowFile[1804,97609684178375.mockFlowFile,23B]; routing to relationship simple
[pool-3224-thread-1] INFO org.apache.nifi.processors.standard.RouteText - RouteText[id=88577823-16f9-4de2-ba04-780edacb1bd8] Routing FlowFile[1804,97609684178375.mockFlowFile,23B] to original
[main] DEBUG org.apache.nifi.processors.standard.RouteText - RouteText[id=88577823-16f9-4de2-ba04-780edacb1bd8] Adding new dynamic property: PropertyDescriptor[simple]
[pool-3225-thread-1] INFO org.apache.nifi.processors.standard.RouteText - RouteText[id=88577823-16f9-4de2-ba04-780edacb1bd8] Created FlowFile[1807,97609684655364.mockFlowFile,23B] from FlowFile[1806,97609684655364.mockFlowFile,23B]; routing to relationship simple
[pool-3225-thread-1] INFO org.apache.nifi.processors.standard.RouteText - RouteText[id=88577823-16f9-4de2-ba04-780edacb1bd8] Routing FlowFile[1806,97609684655364.mockFlowFile,23B] to original
[main] DEBUG org.apache.nifi.processors.standard.RouteText - RouteText[id=88577823-16f9-4de2-ba04-780edacb1bd8] Adding new dynamic property: PropertyDescriptor[simple]
[pool-3226-thread-1] INFO org.apache.nifi.processors.standard.RouteText - RouteText[id=88577823-16f9-4de2-ba04-780edacb1bd8] Created FlowFile[1809,97609685183002.mockFlowFile,23B] from FlowFile[1808,97609685183002.mockFlowFile,23B]; routing to relationship simple
[pool-3226-thread-1] INFO org.apache.nifi.processors.standard.RouteText - RouteText[id=88577823-16f9-4de2-ba04-780edacb1bd8] Routing FlowFile[1808,97609685183002.mockFlowFile,23B] to original
[main] DEBUG org.apache.nifi.processors.standard.RouteText - RouteText[id=88577823-16f9-4de2-ba04-780edacb1bd8] Adding new dynamic property: PropertyDescriptor[simple]
[pool-3227-thread-1] INFO org.apache.nifi.processors.standard.RouteText - RouteText[id=88577823-16f9-4de2-ba04-780edacb1bd8] Created FlowFile[1811,97609685658739.mockFlowFile,23B] from FlowFile[1810,97609685658739.mockFlowFile,23B]; routing to relationship simple
[pool-3227-thread-1] INFO org.apache.nifi.processors.standard.RouteText - RouteText[id=88577823-16f9-4de2-ba04-780edacb1bd8] Routing FlowFile[1810,97609685658739.mockFlowFile,23B] to original
[main] DEBUG org.apache.nifi.processors.standard.RouteText - RouteText[id=88577823-16f9-4de2-ba04-780edacb1bd8] Adding new dynamic property: PropertyDescriptor[simple]
[pool-3228-thread-1] INFO org.apache.nifi.processors.standard.RouteText - RouteText[id=88577823-16f9-4de2-ba04-780edacb1bd8] Created FlowFile[1813,97609686197705.mockFlowFile,23B] from FlowFile[1812,97609686197705.mockFlowFile,23B]; routing to relationship simple
[pool-3228-thread-1] INFO org.apache.nifi.processors.standard.RouteText - RouteText[id=88577823-16f9-4de2-ba04-780edacb1bd8] Routing FlowFile[1812,97609686197705.mockFlowFile,23B] to original
[main] DEBUG org.apache.nifi.processors.standard.RouteText - RouteText[id=88577823-16f9-4de2-ba04-780edacb1bd8] Adding new dynamic property: PropertyDescriptor[simple]
[pool-3229-thread-1] INFO org.apache.nifi.processors.standard.RouteText - RouteText[id=88577823-16f9-4de2-ba04-780edacb1bd8] Created FlowFile[1815,97609686644009.mockFlowFile,23B] from FlowFile[1814,97609686644009.mockFlowFile,23B]; routing to relationship simple
[pool-3229-thread-1] INFO org.apache.nifi.processors.standard.RouteText - RouteText[id=88577823-16f9-4de2-ba04-780edacb1bd8] Routing FlowFile[1814,97609686644009.mockFlowFile,23B] to original
[main] DEBUG org.apache.nifi.processors.standard.RouteText - RouteText[id=88577823-16f9-4de2-ba04-780edacb1bd8] Adding new dynamic property: PropertyDescriptor[simple]
[pool-3230-thread-1] INFO org.apache.nifi.processors.standard.RouteText - RouteText[id=88577823-16f9-4de2-ba04-780edacb1bd8] Created FlowFile[1817,97609687069154.mockFlowFile,23B] from FlowFile[1816,97609687069154.mockFlowFile,23B]; routing to relationship simple
[pool-3230-thread-1] INFO org.apache.nifi.processors.standard.RouteText - RouteText[id=88577823-16f9-4de2-ba04-780edacb1bd8] Routing FlowFile[1816,97609687069154.mockFlowFile,23B] to original
[main] DEBUG org.apache.nifi.processors.standard.RouteText - RouteText[id=88577823-16f9-4de2-ba04-780edacb1bd8] Adding new dynamic property: PropertyDescriptor[simple]
[pool-3231-thread-1] INFO org.apache.nifi.processors.standard.RouteText - RouteText[id=88577823-16f9-4de2-ba04-780edacb1bd8] Created FlowFile[1819,97609687500529.mockFlowFile,23B] from FlowFile[1818,97609687500529.mockFlowFile,23B]; routing to relationship simple
[pool-3231-thread-1] INFO org.apache.nifi.processors.standard.RouteText - RouteText[id=88577823-16f9-4de2-ba04-780edacb1bd8] Routing FlowFile[1818,97609687500529.mockFlowFile,23B] to original
[main] DEBUG org.apache.nifi.processors.standard.RouteText - RouteText[id=88577823-16f9-4de2-ba04-780edacb1bd8] Adding new dynamic property: PropertyDescriptor[simple]
[pool-3232-thread-1] INFO org.apache.nifi.processors.standard.RouteText - RouteText[id=88577823-16f9-4de2-ba04-780edacb1bd8] Created FlowFile[1821,97609687940098.mockFlowFile,23B] from FlowFile[1820,97609687940098.mockFlowFile,23B]; routing to relationship simple
[pool-3232-thread-1] INFO org.apache.nifi.processors.standard.RouteText - RouteText[id=88577823-16f9-4de2-ba04-780edacb1bd8] Routing FlowFile[1820,97609687940098.mockFlowFile,23B] to original
[main] DEBUG org.apache.nifi.processors.standard.RouteText - RouteText[id=88577823-16f9-4de2-ba04-780edacb1bd8] Adding new dynamic property: PropertyDescriptor[simple]
[pool-3233-thread-1] INFO org.apache.nifi.processors.standard.RouteText - RouteText[id=88577823-16f9-4de2-ba04-780edacb1bd8] Created FlowFile[1823,97609688399992.mockFlowFile,23B] from FlowFile[1822,97609688399992.mockFlowFile,23B]; routing to relationship simple
[pool-3233-thread-1] INFO org.apache.nifi.processors.standard.RouteText - RouteText[id=88577823-16f9-4de2-ba04-780edacb1bd8] Routing FlowFile[1822,97609688399992.mockFlowFile,23B] to original
[main] DEBUG org.apache.nifi.processors.standard.RouteText - RouteText[id=88577823-16f9-4de2-ba04-780edacb1bd8] Adding new dynamic property: PropertyDescriptor[simple]
[pool-3234-thread-1] INFO org.apache.nifi.processors.standard.RouteText - RouteText[id=88577823-16f9-4de2-ba04-780edacb1bd8] Created FlowFile[1825,97609688919639.mockFlowFile,23B] from FlowFile[1824,97609688919639.mockFlowFile,23B]; routing to relationship simple
[pool-3234-thread-1] INFO org.apache.nifi.processors.standard.RouteText - RouteText[id=88577823-16f9-4de2-ba04-780edacb1bd8] Routing FlowFile[1824,97609688919639.mockFlowFile,23B] to original
[main] DEBUG org.apache.nifi.processors.standard.RouteText - RouteText[id=88577823-16f9-4de2-ba04-780edacb1bd8] Adding new dynamic property: PropertyDescriptor[simple]
[pool-3235-thread-1] INFO org.apache.nifi.processors.standard.RouteText - RouteText[id=88577823-16f9-4de2-ba04-780edacb1bd8] Created FlowFile[1827,97609689357121.mockFlowFile,23B] from FlowFile[1826,97609689357121.mockFlowFile,23B]; routing to relationship simple
[pool-3235-thread-1] INFO org.apache.nifi.processors.standard.RouteText - RouteText[id=88577823-16f9-4de2-ba04-780edacb1bd8] Routing FlowFile[1826,97609689357121.mockFlowFile,23B] to original
[main] DEBUG org.apache.nifi.processors.standard.RouteText - RouteText[id=88577823-16f9-4de2-ba04-780edacb1bd8] Adding new dynamic property: PropertyDescriptor[simple]
[pool-3236-thread-1] INFO org.apache.nifi.processors.standard.RouteText - RouteText[id=88577823-16f9-4de2-ba04-780edacb1bd8] Created FlowFile[1829,97609689799638.mockFlowFile,23B] from FlowFile[1828,97609689799638.mockFlowFile,23B]; routing to relationship simple
[pool-3236-thread-1] INFO org.apache.nifi.processors.standard.RouteText - RouteText[id=88577823-16f9-4de2-ba04-780edacb1bd8] Routing FlowFile[1828,97609689799638.mockFlowFile,23B] to original
[main] DEBUG org.apache.nifi.processors.standard.RouteText - RouteText[id=88577823-16f9-4de2-ba04-780edacb1bd8] Adding new dynamic property: PropertyDescriptor[simple]
[pool-3237-thread-1] INFO org.apache.nifi.processors.standard.RouteText - RouteText[id=88577823-16f9-4de2-ba04-780edacb1bd8] Created FlowFile[1831,97609690243254.mockFlowFile,23B] from FlowFile[1830,97609690243254.mockFlowFile,23B]; routing to relationship simple
[pool-3237-thread-1] INFO org.apache.nifi.processors.standard.RouteText - RouteText[id=88577823-16f9-4de2-ba04-780edacb1bd8] Routing FlowFile[1830,97609690243254.mockFlowFile,23B] to original
[main] DEBUG org.apache.nifi.processors.standard.RouteText - RouteText[id=88577823-16f9-4de2-ba04-780edacb1bd8] Adding new dynamic property: PropertyDescriptor[simple]
[pool-3238-thread-1] INFO org.apache.nifi.processors.standard.RouteText - RouteText[id=88577823-16f9-4de2-ba04-780edacb1bd8] Created FlowFile[1833,97609690682984.mockFlowFile,23B] from FlowFile[1832,97609690682984.mockFlowFile,23B]; routing to relationship simple
[pool-3238-thread-1] INFO org.apache.nifi.processors.standard.RouteText - RouteText[id=88577823-16f9-4de2-ba04-780edacb1bd8] Routing FlowFile[1832,97609690682984.mockFlowFile,23B] to original
[main] DEBUG org.apache.nifi.processors.standard.RouteText - RouteText[id=88577823-16f9-4de2-ba04-780edacb1bd8] Adding new dynamic property: PropertyDescriptor[simple]
[pool-3239-thread-1] INFO org.apache.nifi.processors.standard.RouteText - RouteText[id=88577823-16f9-4de2-ba04-780edacb1bd8] Created FlowFile[1835,97609691130436.mockFlowFile,23B] from FlowFile[1834,97609691130436.mockFlowFile,23B]; routing to relationship simple
[pool-3239-thread-1] INFO org.apache.nifi.processors.standard.RouteText - RouteText[id=88577823-16f9-4de2-ba04-780edacb1bd8] Routing FlowFile[1834,97609691130436.mockFlowFile,23B] to original
[main] DEBUG org.apache.nifi.processors.standard.RouteText - RouteText[id=88577823-16f9-4de2-ba04-780edacb1bd8] Adding new dynamic property: PropertyDescriptor[simple]
[pool-3240-thread-1] INFO org.apache.nifi.processors.standard.RouteText - RouteText[id=88577823-16f9-4de2-ba04-780edacb1bd8] Created FlowFile[1837,97609691636095.mockFlowFile,23B] from FlowFile[1836,97609691636095.mockFlowFile,23B]; routing to relationship simple
[pool-3240-thread-1] INFO org.apache.nifi.processors.standard.RouteText - RouteText[id=88577823-16f9-4de2-ba04-780edacb1bd8] Routing FlowFile[1836,97609691636095.mockFlowFile,23B] to original
[main] DEBUG org.apache.nifi.processors.standard.RouteText - RouteText[id=88577823-16f9-4de2-ba04-780edacb1bd8] Adding new dynamic property: PropertyDescriptor[simple]
[pool-3241-thread-1] INFO org.apache.nifi.processors.standard.RouteText - RouteText[id=88577823-16f9-4de2-ba04-780edacb1bd8] Created FlowFile[1839,97609692165875.mockFlowFile,23B] from FlowFile[1838,97609692165875.mockFlowFile,23B]; routing to relationship simple
[pool-3241-thread-1] INFO org.apache.nifi.processors.standard.RouteText - RouteText[id=88577823-16f9-4de2-ba04-780edacb1bd8] Routing FlowFile[1838,97609692165875.mockFlowFile,23B] to original
[main] DEBUG org.apache.nifi.processors.standard.RouteText - RouteText[id=88577823-16f9-4de2-ba04-780edacb1bd8] Adding new dynamic property: PropertyDescriptor[simple]
[pool-3242-thread-1] INFO org.apache.nifi.processors.standard.RouteText - RouteText[id=88577823-16f9-4de2-ba04-780edacb1bd8] Created FlowFile[1841,97609692679556.mockFlowFile,23B] from FlowFile[1840,97609692679556.mockFlowFile,23B]; routing to relationship simple
[pool-3242-thread-1] INFO org.apache.nifi.processors.standard.RouteText - RouteText[id=88577823-16f9-4de2-ba04-780edacb1bd8] Routing FlowFile[1840,97609692679556.mockFlowFile,23B] to original
[main] DEBUG org.apache.nifi.processors.standard.RouteText - RouteText[id=88577823-16f9-4de2-ba04-780edacb1bd8] Adding new dynamic property: PropertyDescriptor[simple]
[pool-3243-thread-1] INFO org.apache.nifi.processors.standard.RouteText - RouteText[id=88577823-16f9-4de2-ba04-780edacb1bd8] Created FlowFile[1843,97609693160121.mockFlowFile,23B] from FlowFile[1842,97609693160121.mockFlowFile,23B]; routing to relationship simple
[pool-3243-thread-1] INFO org.apache.nifi.processors.standard.RouteText - RouteText[id=88577823-16f9-4de2-ba04-780edacb1bd8] Routing FlowFile[1842,97609693160121.mockFlowFile,23B] to original
[main] DEBUG org.apache.nifi.processors.standard.RouteText - RouteText[id=88577823-16f9-4de2-ba04-780edacb1bd8] Adding new dynamic property: PropertyDescriptor[simple]
[pool-3244-thread-1] INFO org.apache.nifi.processors.standard.RouteText - RouteText[id=88577823-16f9-4de2-ba04-780edacb1bd8] Created FlowFile[1845,97609693679634.mockFlowFile,23B] from FlowFile[1844,97609693679634.mockFlowFile,23B]; routing to relationship simple
[pool-3244-thread-1] INFO org.apache.nifi.processors.standard.RouteText - RouteText[id=88577823-16f9-4de2-ba04-780edacb1bd8] Routing FlowFile[1844,97609693679634.mockFlowFile,23B] to original
[main] DEBUG org.apache.nifi.processors.standard.RouteText - RouteText[id=88577823-16f9-4de2-ba04-780edacb1bd8] Adding new dynamic property: PropertyDescriptor[simple]
[pool-3245-thread-1] INFO org.apache.nifi.processors.standard.RouteText - RouteText[id=88577823-16f9-4de2-ba04-780edacb1bd8] Created FlowFile[1847,97609694162016.mockFlowFile,23B] from FlowFile[1846,97609694162016.mockFlowFile,23B]; routing to relationship simple
[pool-3245-thread-1] INFO org.apache.nifi.processors.standard.RouteText - RouteText[id=88577823-16f9-4de2-ba04-780edacb1bd8] Routing FlowFile[1846,97609694162016.mockFlowFile,23B] to original
[main] DEBUG org.apache.nifi.processors.standard.RouteText - RouteText[id=88577823-16f9-4de2-ba04-780edacb1bd8] Adding new dynamic property: PropertyDescriptor[simple]
[pool-3246-thread-1] INFO org.apache.nifi.processors.standard.RouteText - RouteText[id=88577823-16f9-4de2-ba04-780edacb1bd8] Created FlowFile[1849,97609694706951.mockFlowFile,23B] from FlowFile[1848,97609694706951.mockFlowFile,23B]; routing to relationship simple
[pool-3246-thread-1] INFO org.apache.nifi.processors.standard.RouteText - RouteText[id=88577823-16f9-4de2-ba04-780edacb1bd8] Routing FlowFile[1848,97609694706951.mockFlowFile,23B] to original
[main] DEBUG org.apache.nifi.processors.standard.RouteText - RouteText[id=88577823-16f9-4de2-ba04-780edacb1bd8] Adding new dynamic property: PropertyDescriptor[simple]
[pool-3247-thread-1] INFO org.apache.nifi.processors.standard.RouteText - RouteText[id=88577823-16f9-4de2-ba04-780edacb1bd8] Created FlowFile[1851,97609695255656.mockFlowFile,23B] from FlowFile[1850,97609695255656.mockFlowFile,23B]; routing to relationship simple
[pool-3247-thread-1] INFO org.apache.nifi.processors.standard.RouteText - RouteText[id=88577823-16f9-4de2-ba04-780edacb1bd8] Routing FlowFile[1850,97609695255656.mockFlowFile,23B] to original
[main] DEBUG org.apache.nifi.processors.standard.RouteText - RouteText[id=88577823-16f9-4de2-ba04-780edacb1bd8] Adding new dynamic property: PropertyDescriptor[simple]
[pool-3248-thread-1] INFO org.apache.nifi.processors.standard.RouteText - RouteText[id=88577823-16f9-4de2-ba04-780edacb1bd8] Created FlowFile[1853,97609695732232.mockFlowFile,23B] from FlowFile[1852,97609695732232.mockFlowFile,23B]; routing to relationship simple
[pool-3248-thread-1] INFO org.apache.nifi.processors.standard.RouteText - RouteText[id=88577823-16f9-4de2-ba04-780edacb1bd8] Routing FlowFile[1852,97609695732232.mockFlowFile,23B] to original
[main] DEBUG org.apache.nifi.processors.standard.RouteText - RouteText[id=88577823-16f9-4de2-ba04-780edacb1bd8] Adding new dynamic property: PropertyDescriptor[simple]
[pool-3249-thread-1] INFO org.apache.nifi.processors.standard.RouteText - RouteText[id=88577823-16f9-4de2-ba04-780edacb1bd8] Created FlowFile[1855,97609696212266.mockFlowFile,23B] from FlowFile[1854,97609696212266.mockFlowFile,23B]; routing to relationship simple
[pool-3249-thread-1] INFO org.apache.nifi.processors.standard.RouteText - RouteText[id=88577823-16f9-4de2-ba04-780edacb1bd8] Routing FlowFile[1854,97609696212266.mockFlowFile,23B] to original
[main] DEBUG org.apache.nifi.processors.standard.RouteText - RouteText[id=88577823-16f9-4de2-ba04-780edacb1bd8] Adding new dynamic property: PropertyDescriptor[simple]
[pool-3250-thread-1] INFO org.apache.nifi.processors.standard.RouteText - RouteText[id=88577823-16f9-4de2-ba04-780edacb1bd8] Created FlowFile[1857,97609696709390.mockFlowFile,23B] from FlowFile[1856,97609696709390.mockFlowFile,23B]; routing to relationship simple
[pool-3250-thread-1] INFO org.apache.nifi.processors.standard.RouteText - RouteText[id=88577823-16f9-4de2-ba04-780edacb1bd8] Routing FlowFile[1856,97609696709390.mockFlowFile,23B] to original
[main] DEBUG org.apache.nifi.processors.standard.RouteText - RouteText[id=88577823-16f9-4de2-ba04-780edacb1bd8] Adding new dynamic property: PropertyDescriptor[simple]
[pool-3251-thread-1] INFO org.apache.nifi.processors.standard.RouteText - RouteText[id=88577823-16f9-4de2-ba04-780edacb1bd8] Created FlowFile[1859,97609697168377.mockFlowFile,23B] from FlowFile[1858,97609697168377.mockFlowFile,23B]; routing to relationship simple
[pool-3251-thread-1] INFO org.apache.nifi.processors.standard.RouteText - RouteText[id=88577823-16f9-4de2-ba04-780edacb1bd8] Routing FlowFile[1858,97609697168377.mockFlowFile,23B] to original
[main] DEBUG org.apache.nifi.processors.standard.RouteText - RouteText[id=88577823-16f9-4de2-ba04-780edacb1bd8] Adding new dynamic property: PropertyDescriptor[simple]
[pool-3252-thread-1] INFO org.apache.nifi.processors.standard.RouteText - RouteText[id=88577823-16f9-4de2-ba04-780edacb1bd8] Created FlowFile[1861,97609697639649.mockFlowFile,23B] from FlowFile[1860,97609697639649.mockFlowFile,23B]; routing to relationship simple
[pool-3252-thread-1] INFO org.apache.nifi.processors.standard.RouteText - RouteText[id=88577823-16f9-4de2-ba04-780edacb1bd8] Routing FlowFile[1860,97609697639649.mockFlowFile,23B] to original
[main] DEBUG org.apache.nifi.processors.standard.RouteText - RouteText[id=88577823-16f9-4de2-ba04-780edacb1bd8] Adding new dynamic property: PropertyDescriptor[simple]
[pool-3253-thread-1] INFO org.apache.nifi.processors.standard.RouteText - RouteText[id=88577823-16f9-4de2-ba04-780edacb1bd8] Created FlowFile[1863,97609698119488.mockFlowFile,23B] from FlowFile[1862,97609698119488.mockFlowFile,23B]; routing to relationship simple
[pool-3253-thread-1] INFO org.apache.nifi.processors.standard.RouteText - RouteText[id=88577823-16f9-4de2-ba04-780edacb1bd8] Routing FlowFile[1862,97609698119488.mockFlowFile,23B] to original
[main] DEBUG org.apache.nifi.processors.standard.RouteText - RouteText[id=88577823-16f9-4de2-ba04-780edacb1bd8] Adding new dynamic property: PropertyDescriptor[simple]
[pool-3254-thread-1] INFO org.apache.nifi.processors.standard.RouteText - RouteText[id=88577823-16f9-4de2-ba04-780edacb1bd8] Created FlowFile[1865,97609698587311.mockFlowFile,23B] from FlowFile[1864,97609698587311.mockFlowFile,23B]; routing to relationship simple
[pool-3254-thread-1] INFO org.apache.nifi.processors.standard.RouteText - RouteText[id=88577823-16f9-4de2-ba04-780edacb1bd8] Routing FlowFile[1864,97609698587311.mockFlowFile,23B] to original
[main] DEBUG org.apache.nifi.processors.standard.RouteText - RouteText[id=88577823-16f9-4de2-ba04-780edacb1bd8] Adding new dynamic property: PropertyDescriptor[simple]
[pool-3255-thread-1] INFO org.apache.nifi.processors.standard.RouteText - RouteText[id=88577823-16f9-4de2-ba04-780edacb1bd8] Created FlowFile[1867,97609699061506.mockFlowFile,23B] from FlowFile[1866,97609699061506.mockFlowFile,23B]; routing to relationship simple
[pool-3255-thread-1] INFO org.apache.nifi.processors.standard.RouteText - RouteText[id=88577823-16f9-4de2-ba04-780edacb1bd8] Routing FlowFile[1866,97609699061506.mockFlowFile,23B] to original
[main] DEBUG org.apache.nifi.processors.standard.RouteText - RouteText[id=88577823-16f9-4de2-ba04-780edacb1bd8] Adding new dynamic property: PropertyDescriptor[simple]
[pool-3256-thread-1] INFO org.apache.nifi.processors.standard.RouteText - RouteText[id=88577823-16f9-4de2-ba04-780edacb1bd8] Created FlowFile[1869,97609699521817.mockFlowFile,23B] from FlowFile[1868,97609699521817.mockFlowFile,23B]; routing to relationship simple
[pool-3256-thread-1] INFO org.apache.nifi.processors.standard.RouteText - RouteText[id=88577823-16f9-4de2-ba04-780edacb1bd8] Routing FlowFile[1868,97609699521817.mockFlowFile,23B] to original
[main] DEBUG org.apache.nifi.processors.standard.RouteText - RouteText[id=88577823-16f9-4de2-ba04-780edacb1bd8] Adding new dynamic property: PropertyDescriptor[simple]
[pool-3257-thread-1] INFO org.apache.nifi.processors.standard.RouteText - RouteText[id=88577823-16f9-4de2-ba04-780edacb1bd8] Created FlowFile[1871,97609699990847.mockFlowFile,23B] from FlowFile[1870,97609699990847.mockFlowFile,23B]; routing to relationship simple
[pool-3257-thread-1] INFO org.apache.nifi.processors.standard.RouteText - RouteText[id=88577823-16f9-4de2-ba04-780edacb1bd8] Routing FlowFile[1870,97609699990847.mockFlowFile,23B] to original
[main] DEBUG org.apache.nifi.processors.standard.RouteText - RouteText[id=88577823-16f9-4de2-ba04-780edacb1bd8] Adding new dynamic property: PropertyDescriptor[simple]
[pool-3258-thread-1] INFO org.apache.nifi.processors.standard.RouteText - RouteText[id=88577823-16f9-4de2-ba04-780edacb1bd8] Created FlowFile[1873,97609700543896.mockFlowFile,23B] from FlowFile[1872,97609700543896.mockFlowFile,23B]; routing to relationship simple
[pool-3258-thread-1] INFO org.apache.nifi.processors.standard.RouteText - RouteText[id=88577823-16f9-4de2-ba04-780edacb1bd8] Routing FlowFile[1872,97609700543896.mockFlowFile,23B] to original
[main] DEBUG org.apache.nifi.processors.standard.RouteText - RouteText[id=88577823-16f9-4de2-ba04-780edacb1bd8] Adding new dynamic property: PropertyDescriptor[simple]
[pool-3259-thread-1] INFO org.apache.nifi.processors.standard.RouteText - RouteText[id=88577823-16f9-4de2-ba04-780edacb1bd8] Created FlowFile[1875,97609701025291.mockFlowFile,23B] from FlowFile[1874,97609701025291.mockFlowFile,23B]; routing to relationship simple
[pool-3259-thread-1] INFO org.apache.nifi.processors.standard.RouteText - RouteText[id=88577823-16f9-4de2-ba04-780edacb1bd8] Routing FlowFile[1874,97609701025291.mockFlowFile,23B] to original
[main] DEBUG org.apache.nifi.processors.standard.RouteText - RouteText[id=88577823-16f9-4de2-ba04-780edacb1bd8] Adding new dynamic property: PropertyDescriptor[simple]
[pool-3260-thread-1] INFO org.apache.nifi.processors.standard.RouteText - RouteText[id=88577823-16f9-4de2-ba04-780edacb1bd8] Created FlowFile[1877,97609701503992.mockFlowFile,23B] from FlowFile[1876,97609701503992.mockFlowFile,23B]; routing to relationship simple
[pool-3260-thread-1] INFO org.apache.nifi.processors.standard.RouteText - RouteText[id=88577823-16f9-4de2-ba04-780edacb1bd8] Routing FlowFile[1876,97609701503992.mockFlowFile,23B] to original
[main] DEBUG org.apache.nifi.processors.standard.RouteText - RouteText[id=88577823-16f9-4de2-ba04-780edacb1bd8] Adding new dynamic property: PropertyDescriptor[simple]
[pool-3261-thread-1] INFO org.apache.nifi.processors.standard.RouteText - RouteText[id=88577823-16f9-4de2-ba04-780edacb1bd8] Created FlowFile[1879,97609701957760.mockFlowFile,23B] from FlowFile[1878,97609701957760.mockFlowFile,23B]; routing to relationship simple
[pool-3261-thread-1] INFO org.apache.nifi.processors.standard.RouteText - RouteText[id=88577823-16f9-4de2-ba04-780edacb1bd8] Routing FlowFile[1878,97609701957760.mockFlowFile,23B] to original
[main] DEBUG org.apache.nifi.processors.standard.RouteText - RouteText[id=88577823-16f9-4de2-ba04-780edacb1bd8] Adding new dynamic property: PropertyDescriptor[simple]
[pool-3262-thread-1] INFO org.apache.nifi.processors.standard.RouteText - RouteText[id=88577823-16f9-4de2-ba04-780edacb1bd8] Created FlowFile[1881,97609702399982.mockFlowFile,23B] from FlowFile[1880,97609702399982.mockFlowFile,23B]; routing to relationship simple
[pool-3262-thread-1] INFO org.apache.nifi.processors.standard.RouteText - RouteText[id=88577823-16f9-4de2-ba04-780edacb1bd8] Routing FlowFile[1880,97609702399982.mockFlowFile,23B] to original
[main] DEBUG org.apache.nifi.processors.standard.RouteText - RouteText[id=88577823-16f9-4de2-ba04-780edacb1bd8] Adding new dynamic property: PropertyDescriptor[simple]
[pool-3263-thread-1] INFO org.apache.nifi.processors.standard.RouteText - RouteText[id=88577823-16f9-4de2-ba04-780edacb1bd8] Created FlowFile[1883,97609702832444.mockFlowFile,23B] from FlowFile[1882,97609702832444.mockFlowFile,23B]; routing to relationship simple
[pool-3263-thread-1] INFO org.apache.nifi.processors.standard.RouteText - RouteText[id=88577823-16f9-4de2-ba04-780edacb1bd8] Routing FlowFile[1882,97609702832444.mockFlowFile,23B] to original
[main] DEBUG org.apache.nifi.processors.standard.RouteText - RouteText[id=88577823-16f9-4de2-ba04-780edacb1bd8] Adding new dynamic property: PropertyDescriptor[simple]
[pool-3264-thread-1] INFO org.apache.nifi.processors.standard.RouteText - RouteText[id=88577823-16f9-4de2-ba04-780edacb1bd8] Created FlowFile[1885,97609703259027.mockFlowFile,23B] from FlowFile[1884,97609703259027.mockFlowFile,23B]; routing to relationship simple
[pool-3264-thread-1] INFO org.apache.nifi.processors.standard.RouteText - RouteText[id=88577823-16f9-4de2-ba04-780edacb1bd8] Routing FlowFile[1884,97609703259027.mockFlowFile,23B] to original
[main] DEBUG org.apache.nifi.processors.standard.RouteText - RouteText[id=88577823-16f9-4de2-ba04-780edacb1bd8] Adding new dynamic property: PropertyDescriptor[simple]
[pool-3265-thread-1] INFO org.apache.nifi.processors.standard.RouteText - RouteText[id=88577823-16f9-4de2-ba04-780edacb1bd8] Created FlowFile[1887,97609703724754.mockFlowFile,23B] from FlowFile[1886,97609703724754.mockFlowFile,23B]; routing to relationship simple
[pool-3265-thread-1] INFO org.apache.nifi.processors.standard.RouteText - RouteText[id=88577823-16f9-4de2-ba04-780edacb1bd8] Routing FlowFile[1886,97609703724754.mockFlowFile,23B] to original
[main] DEBUG org.apache.nifi.processors.standard.RouteText - RouteText[id=88577823-16f9-4de2-ba04-780edacb1bd8] Adding new dynamic property: PropertyDescriptor[simple]
[pool-3266-thread-1] INFO org.apache.nifi.processors.standard.RouteText - RouteText[id=88577823-16f9-4de2-ba04-780edacb1bd8] Created FlowFile[1889,97609704163040.mockFlowFile,23B] from FlowFile[1888,97609704163040.mockFlowFile,23B]; routing to relationship simple
[pool-3266-thread-1] INFO org.apache.nifi.processors.standard.RouteText - RouteText[id=88577823-16f9-4de2-ba04-780edacb1bd8] Routing FlowFile[1888,97609704163040.mockFlowFile,23B] to original
[main] DEBUG org.apache.nifi.processors.standard.RouteText - RouteText[id=88577823-16f9-4de2-ba04-780edacb1bd8] Adding new dynamic property: PropertyDescriptor[simple]
[pool-3267-thread-1] INFO org.apache.nifi.processors.standard.RouteText - RouteText[id=88577823-16f9-4de2-ba04-780edacb1bd8] Created FlowFile[1891,97609704625676.mockFlowFile,23B] from FlowFile[1890,97609704625676.mockFlowFile,23B]; routing to relationship simple
[pool-3267-thread-1] INFO org.apache.nifi.processors.standard.RouteText - RouteText[id=88577823-16f9-4de2-ba04-780edacb1bd8] Routing FlowFile[1890,97609704625676.mockFlowFile,23B] to original
[main] DEBUG org.apache.nifi.processors.standard.RouteText - RouteText[id=88577823-16f9-4de2-ba04-780edacb1bd8] Adding new dynamic property: PropertyDescriptor[simple]
[pool-3268-thread-1] INFO org.apache.nifi.processors.standard.RouteText - RouteText[id=88577823-16f9-4de2-ba04-780edacb1bd8] Created FlowFile[1893,97609705069428.mockFlowFile,23B] from FlowFile[1892,97609705069428.mockFlowFile,23B]; routing to relationship simple
[pool-3268-thread-1] INFO org.apache.nifi.processors.standard.RouteText - RouteText[id=88577823-16f9-4de2-ba04-780edacb1bd8] Routing FlowFile[1892,97609705069428.mockFlowFile,23B] to original
[main] DEBUG org.apache.nifi.processors.standard.RouteText - RouteText[id=88577823-16f9-4de2-ba04-780edacb1bd8] Adding new dynamic property: PropertyDescriptor[simple]
[pool-3269-thread-1] INFO org.apache.nifi.processors.standard.RouteText - RouteText[id=88577823-16f9-4de2-ba04-780edacb1bd8] Created FlowFile[1895,97609705532555.mockFlowFile,23B] from FlowFile[1894,97609705532555.mockFlowFile,23B]; routing to relationship simple
[pool-3269-thread-1] INFO org.apache.nifi.processors.standard.RouteText - RouteText[id=88577823-16f9-4de2-ba04-780edacb1bd8] Routing FlowFile[1894,97609705532555.mockFlowFile,23B] to original
[main] DEBUG org.apache.nifi.processors.standard.RouteText - RouteText[id=88577823-16f9-4de2-ba04-780edacb1bd8] Adding new dynamic property: PropertyDescriptor[simple]
[pool-3270-thread-1] INFO org.apache.nifi.processors.standard.RouteText - RouteText[id=88577823-16f9-4de2-ba04-780edacb1bd8] Created FlowFile[1897,97609705995078.mockFlowFile,23B] from FlowFile[1896,97609705995078.mockFlowFile,23B]; routing to relationship simple
[pool-3270-thread-1] INFO org.apache.nifi.processors.standard.RouteText - RouteText[id=88577823-16f9-4de2-ba04-780edacb1bd8] Routing FlowFile[1896,97609705995078.mockFlowFile,23B] to original
[main] DEBUG org.apache.nifi.processors.standard.RouteText - RouteText[id=88577823-16f9-4de2-ba04-780edacb1bd8] Adding new dynamic property: PropertyDescriptor[simple]
[pool-3271-thread-1] INFO org.apache.nifi.processors.standard.RouteText - RouteText[id=88577823-16f9-4de2-ba04-780edacb1bd8] Created FlowFile[1899,97609706505747.mockFlowFile,23B] from FlowFile[1898,97609706505747.mockFlowFile,23B]; routing to relationship simple
[pool-3271-thread-1] INFO org.apache.nifi.processors.standard.RouteText - RouteText[id=88577823-16f9-4de2-ba04-780edacb1bd8] Routing FlowFile[1898,97609706505747.mockFlowFile,23B] to original
[main] DEBUG org.apache.nifi.processors.standard.RouteText - RouteText[id=88577823-16f9-4de2-ba04-780edacb1bd8] Adding new dynamic property: PropertyDescriptor[simple]
[pool-3272-thread-1] INFO org.apache.nifi.processors.standard.RouteText - RouteText[id=88577823-16f9-4de2-ba04-780edacb1bd8] Created FlowFile[1901,97609706964499.mockFlowFile,23B] from FlowFile[1900,97609706964499.mockFlowFile,23B]; routing to relationship simple
[pool-3272-thread-1] INFO org.apache.nifi.processors.standard.RouteText - RouteText[id=88577823-16f9-4de2-ba04-780edacb1bd8] Routing FlowFile[1900,97609706964499.mockFlowFile,23B] to original
[main] DEBUG org.apache.nifi.processors.standard.RouteText - RouteText[id=88577823-16f9-4de2-ba04-780edacb1bd8] Adding new dynamic property: PropertyDescriptor[simple]
[pool-3273-thread-1] INFO org.apache.nifi.processors.standard.RouteText - RouteText[id=88577823-16f9-4de2-ba04-780edacb1bd8] Created FlowFile[1903,97609707405820.mockFlowFile,23B] from FlowFile[1902,97609707405820.mockFlowFile,23B]; routing to relationship simple
[pool-3273-thread-1] INFO org.apache.nifi.processors.standard.RouteText - RouteText[id=88577823-16f9-4de2-ba04-780edacb1bd8] Routing FlowFile[1902,97609707405820.mockFlowFile,23B] to original
[main] DEBUG org.apache.nifi.processors.standard.RouteText - RouteText[id=88577823-16f9-4de2-ba04-780edacb1bd8] Adding new dynamic property: PropertyDescriptor[simple]
[pool-3274-thread-1] INFO org.apache.nifi.processors.standard.RouteText - RouteText[id=88577823-16f9-4de2-ba04-780edacb1bd8] Created FlowFile[1905,97609707849240.mockFlowFile,23B] from FlowFile[1904,97609707849240.mockFlowFile,23B]; routing to relationship simple
[pool-3274-thread-1] INFO org.apache.nifi.processors.standard.RouteText - RouteText[id=88577823-16f9-4de2-ba04-780edacb1bd8] Routing FlowFile[1904,97609707849240.mockFlowFile,23B] to original
[main] DEBUG org.apache.nifi.processors.standard.RouteText - RouteText[id=88577823-16f9-4de2-ba04-780edacb1bd8] Adding new dynamic property: PropertyDescriptor[simple]
[pool-3275-thread-1] INFO org.apache.nifi.processors.standard.RouteText - RouteText[id=88577823-16f9-4de2-ba04-780edacb1bd8] Created FlowFile[1907,97609732046236.mockFlowFile,23B] from FlowFile[1906,97609732046236.mockFlowFile,23B]; routing to relationship simple
[pool-3275-thread-1] INFO org.apache.nifi.processors.standard.RouteText - RouteText[id=88577823-16f9-4de2-ba04-780edacb1bd8] Routing FlowFile[1906,97609732046236.mockFlowFile,23B] to original
[main] DEBUG org.apache.nifi.processors.standard.RouteText - RouteText[id=88577823-16f9-4de2-ba04-780edacb1bd8] Adding new dynamic property: PropertyDescriptor[simple]
[pool-3276-thread-1] INFO org.apache.nifi.processors.standard.RouteText - RouteText[id=88577823-16f9-4de2-ba04-780edacb1bd8] Created FlowFile[1909,97609732640157.mockFlowFile,23B] from FlowFile[1908,97609732640157.mockFlowFile,23B]; routing to relationship simple
[pool-3276-thread-1] INFO org.apache.nifi.processors.standard.RouteText - RouteText[id=88577823-16f9-4de2-ba04-780edacb1bd8] Routing FlowFile[1908,97609732640157.mockFlowFile,23B] to original
[main] DEBUG org.apache.nifi.processors.standard.RouteText - RouteText[id=88577823-16f9-4de2-ba04-780edacb1bd8] Adding new dynamic property: PropertyDescriptor[simple]
[pool-3277-thread-1] INFO org.apache.nifi.processors.standard.RouteText - RouteText[id=88577823-16f9-4de2-ba04-780edacb1bd8] Created FlowFile[1911,97609733156548.mockFlowFile,23B] from FlowFile[1910,97609733156548.mockFlowFile,23B]; routing to relationship simple
[pool-3277-thread-1] INFO org.apache.nifi.processors.standard.RouteText - RouteText[id=88577823-16f9-4de2-ba04-780edacb1bd8] Routing FlowFile[1910,97609733156548.mockFlowFile,23B] to original
[main] DEBUG org.apache.nifi.processors.standard.RouteText - RouteText[id=88577823-16f9-4de2-ba04-780edacb1bd8] Adding new dynamic property: PropertyDescriptor[simple]
[pool-3278-thread-1] INFO org.apache.nifi.processors.standard.RouteText - RouteText[id=88577823-16f9-4de2-ba04-780edacb1bd8] Created FlowFile[1913,97609733676403.mockFlowFile,23B] from FlowFile[1912,97609733676403.mockFlowFile,23B]; routing to relationship simple
[pool-3278-thread-1] INFO org.apache.nifi.processors.standard.RouteText - RouteText[id=88577823-16f9-4de2-ba04-780edacb1bd8] Routing FlowFile[1912,97609733676403.mockFlowFile,23B] to original
[main] DEBUG org.apache.nifi.processors.standard.RouteText - RouteText[id=88577823-16f9-4de2-ba04-780edacb1bd8] Adding new dynamic property: PropertyDescriptor[simple]
[pool-3279-thread-1] INFO org.apache.nifi.processors.standard.RouteText - RouteText[id=88577823-16f9-4de2-ba04-780edacb1bd8] Created FlowFile[1915,97609734138205.mockFlowFile,23B] from FlowFile[1914,97609734138205.mockFlowFile,23B]; routing to relationship simple
[pool-3279-thread-1] INFO org.apache.nifi.processors.standard.RouteText - RouteText[id=88577823-16f9-4de2-ba04-780edacb1bd8] Routing FlowFile[1914,97609734138205.mockFlowFile,23B] to original
[main] DEBUG org.apache.nifi.processors.standard.RouteText - RouteText[id=88577823-16f9-4de2-ba04-780edacb1bd8] Adding new dynamic property: PropertyDescriptor[simple]
[pool-3280-thread-1] INFO org.apache.nifi.processors.standard.RouteText - RouteText[id=88577823-16f9-4de2-ba04-780edacb1bd8] Created FlowFile[1917,97609734594242.mockFlowFile,23B] from FlowFile[1916,97609734594242.mockFlowFile,23B]; routing to relationship simple
[pool-3280-thread-1] INFO org.apache.nifi.processors.standard.RouteText - RouteText[id=88577823-16f9-4de2-ba04-780edacb1bd8] Routing FlowFile[1916,97609734594242.mockFlowFile,23B] to original
[main] DEBUG org.apache.nifi.processors.standard.RouteText - RouteText[id=88577823-16f9-4de2-ba04-780edacb1bd8] Adding new dynamic property: PropertyDescriptor[simple]
[pool-3281-thread-1] INFO org.apache.nifi.processors.standard.RouteText - RouteText[id=88577823-16f9-4de2-ba04-780edacb1bd8] Created FlowFile[1919,97609735223398.mockFlowFile,23B] from FlowFile[1918,97609735223398.mockFlowFile,23B]; routing to relationship simple
[pool-3281-thread-1] INFO org.apache.nifi.processors.standard.RouteText - RouteText[id=88577823-16f9-4de2-ba04-780edacb1bd8] Routing FlowFile[1918,97609735223398.mockFlowFile,23B] to original
[main] DEBUG org.apache.nifi.processors.standard.RouteText - RouteText[id=88577823-16f9-4de2-ba04-780edacb1bd8] Adding new dynamic property: PropertyDescriptor[simple]
[pool-3282-thread-1] INFO org.apache.nifi.processors.standard.RouteText - RouteText[id=88577823-16f9-4de2-ba04-780edacb1bd8] Created FlowFile[1921,97609736209136.mockFlowFile,23B] from FlowFile[1920,97609736209136.mockFlowFile,23B]; routing to relationship simple
[pool-3282-thread-1] INFO org.apache.nifi.processors.standard.RouteText - RouteText[id=88577823-16f9-4de2-ba04-780edacb1bd8] Routing FlowFile[1920,97609736209136.mockFlowFile,23B] to original
[main] DEBUG org.apache.nifi.processors.standard.RouteText - RouteText[id=88577823-16f9-4de2-ba04-780edacb1bd8] Adding new dynamic property: PropertyDescriptor[simple]
[pool-3283-thread-1] INFO org.apache.nifi.processors.standard.RouteText - RouteText[id=88577823-16f9-4de2-ba04-780edacb1bd8] Created FlowFile[1923,97609736757432.mockFlowFile,23B] from FlowFile[1922,97609736757432.mockFlowFile,23B]; routing to relationship simple
[pool-3283-thread-1] INFO org.apache.nifi.processors.standard.RouteText - RouteText[id=88577823-16f9-4de2-ba04-780edacb1bd8] Routing FlowFile[1922,97609736757432.mockFlowFile,23B] to original
[main] DEBUG org.apache.nifi.processors.standard.RouteText - RouteText[id=88577823-16f9-4de2-ba04-780edacb1bd8] Adding new dynamic property: PropertyDescriptor[simple]
[pool-3284-thread-1] INFO org.apache.nifi.processors.standard.RouteText - RouteText[id=88577823-16f9-4de2-ba04-780edacb1bd8] Created FlowFile[1925,97609737265699.mockFlowFile,23B] from FlowFile[1924,97609737265699.mockFlowFile,23B]; routing to relationship simple
[pool-3284-thread-1] INFO org.apache.nifi.processors.standard.RouteText - RouteText[id=88577823-16f9-4de2-ba04-780edacb1bd8] Routing FlowFile[1924,97609737265699.mockFlowFile,23B] to original
[main] DEBUG org.apache.nifi.processors.standard.RouteText - RouteText[id=88577823-16f9-4de2-ba04-780edacb1bd8] Adding new dynamic property: PropertyDescriptor[simple]
[pool-3285-thread-1] INFO org.apache.nifi.processors.standard.RouteText - RouteText[id=88577823-16f9-4de2-ba04-780edacb1bd8] Created FlowFile[1927,97609737733510.mockFlowFile,23B] from FlowFile[1926,97609737733510.mockFlowFile,23B]; routing to relationship simple
[pool-3285-thread-1] INFO org.apache.nifi.processors.standard.RouteText - RouteText[id=88577823-16f9-4de2-ba04-780edacb1bd8] Routing FlowFile[1926,97609737733510.mockFlowFile,23B] to original
[main] DEBUG org.apache.nifi.processors.standard.RouteText - RouteText[id=88577823-16f9-4de2-ba04-780edacb1bd8] Adding new dynamic property: PropertyDescriptor[simple]
[pool-3286-thread-1] INFO org.apache.nifi.processors.standard.RouteText - RouteText[id=88577823-16f9-4de2-ba04-780edacb1bd8] Created FlowFile[1929,97609738181042.mockFlowFile,23B] from FlowFile[1928,97609738181042.mockFlowFile,23B]; routing to relationship simple
[pool-3286-thread-1] INFO org.apache.nifi.processors.standard.RouteText - RouteText[id=88577823-16f9-4de2-ba04-780edacb1bd8] Routing FlowFile[1928,97609738181042.mockFlowFile,23B] to original
[main] DEBUG org.apache.nifi.processors.standard.RouteText - RouteText[id=88577823-16f9-4de2-ba04-780edacb1bd8] Adding new dynamic property: PropertyDescriptor[simple]
[pool-3287-thread-1] INFO org.apache.nifi.processors.standard.RouteText - RouteText[id=88577823-16f9-4de2-ba04-780edacb1bd8] Created FlowFile[1931,97609738621959.mockFlowFile,23B] from FlowFile[1930,97609738621959.mockFlowFile,23B]; routing to relationship simple
[pool-3287-thread-1] INFO org.apache.nifi.processors.standard.RouteText - RouteText[id=88577823-16f9-4de2-ba04-780edacb1bd8] Routing FlowFile[1930,97609738621959.mockFlowFile,23B] to original
[main] DEBUG org.apache.nifi.processors.standard.RouteText - RouteText[id=88577823-16f9-4de2-ba04-780edacb1bd8] Adding new dynamic property: PropertyDescriptor[simple]
[pool-3288-thread-1] INFO org.apache.nifi.processors.standard.RouteText - RouteText[id=88577823-16f9-4de2-ba04-780edacb1bd8] Created FlowFile[1933,97609739046862.mockFlowFile,23B] from FlowFile[1932,97609739046862.mockFlowFile,23B]; routing to relationship simple
[pool-3288-thread-1] INFO org.apache.nifi.processors.standard.RouteText - RouteText[id=88577823-16f9-4de2-ba04-780edacb1bd8] Routing FlowFile[1932,97609739046862.mockFlowFile,23B] to original
[main] DEBUG org.apache.nifi.processors.standard.RouteText - RouteText[id=88577823-16f9-4de2-ba04-780edacb1bd8] Adding new dynamic property: PropertyDescriptor[simple]
[pool-3289-thread-1] INFO org.apache.nifi.processors.standard.RouteText - RouteText[id=88577823-16f9-4de2-ba04-780edacb1bd8] Created FlowFile[1935,97609739460838.mockFlowFile,23B] from FlowFile[1934,97609739460838.mockFlowFile,23B]; routing to relationship simple
[pool-3289-thread-1] INFO org.apache.nifi.processors.standard.RouteText - RouteText[id=88577823-16f9-4de2-ba04-780edacb1bd8] Routing FlowFile[1934,97609739460838.mockFlowFile,23B] to original
[main] DEBUG org.apache.nifi.processors.standard.RouteText - RouteText[id=88577823-16f9-4de2-ba04-780edacb1bd8] Adding new dynamic property: PropertyDescriptor[simple]
[pool-3290-thread-1] INFO org.apache.nifi.processors.standard.RouteText - RouteText[id=88577823-16f9-4de2-ba04-780edacb1bd8] Created FlowFile[1937,97609739886838.mockFlowFile,23B] from FlowFile[1936,97609739886838.mockFlowFile,23B]; routing to relationship simple
[pool-3290-thread-1] INFO org.apache.nifi.processors.standard.RouteText - RouteText[id=88577823-16f9-4de2-ba04-780edacb1bd8] Routing FlowFile[1936,97609739886838.mockFlowFile,23B] to original
[main] DEBUG org.apache.nifi.processors.standard.RouteText - RouteText[id=88577823-16f9-4de2-ba04-780edacb1bd8] Adding new dynamic property: PropertyDescriptor[simple]
[pool-3291-thread-1] INFO org.apache.nifi.processors.standard.RouteText - RouteText[id=88577823-16f9-4de2-ba04-780edacb1bd8] Created FlowFile[1939,97609740373799.mockFlowFile,23B] from FlowFile[1938,97609740373799.mockFlowFile,23B]; routing to relationship simple
[pool-3291-thread-1] INFO org.apache.nifi.processors.standard.RouteText - RouteText[id=88577823-16f9-4de2-ba04-780edacb1bd8] Routing FlowFile[1938,97609740373799.mockFlowFile,23B] to original
[main] DEBUG org.apache.nifi.processors.standard.RouteText - RouteText[id=88577823-16f9-4de2-ba04-780edacb1bd8] Adding new dynamic property: PropertyDescriptor[simple]
[pool-3292-thread-1] INFO org.apache.nifi.processors.standard.RouteText - RouteText[id=88577823-16f9-4de2-ba04-780edacb1bd8] Created FlowFile[1941,97609740849879.mockFlowFile,23B] from FlowFile[1940,97609740849879.mockFlowFile,23B]; routing to relationship simple
[pool-3292-thread-1] INFO org.apache.nifi.processors.standard.RouteText - RouteText[id=88577823-16f9-4de2-ba04-780edacb1bd8] Routing FlowFile[1940,97609740849879.mockFlowFile,23B] to original
[main] DEBUG org.apache.nifi.processors.standard.RouteText - RouteText[id=88577823-16f9-4de2-ba04-780edacb1bd8] Adding new dynamic property: PropertyDescriptor[simple]
[pool-3293-thread-1] INFO org.apache.nifi.processors.standard.RouteText - RouteText[id=88577823-16f9-4de2-ba04-780edacb1bd8] Created FlowFile[1943,97609741291652.mockFlowFile,23B] from FlowFile[1942,97609741291652.mockFlowFile,23B]; routing to relationship simple
[pool-3293-thread-1] INFO org.apache.nifi.processors.standard.RouteText - RouteText[id=88577823-16f9-4de2-ba04-780edacb1bd8] Routing FlowFile[1942,97609741291652.mockFlowFile,23B] to original
[main] DEBUG org.apache.nifi.processors.standard.RouteText - RouteText[id=88577823-16f9-4de2-ba04-780edacb1bd8] Adding new dynamic property: PropertyDescriptor[simple]
[pool-3294-thread-1] INFO org.apache.nifi.processors.standard.RouteText - RouteText[id=88577823-16f9-4de2-ba04-780edacb1bd8] Created FlowFile[1945,97609741745865.mockFlowFile,23B] from FlowFile[1944,97609741745865.mockFlowFile,23B]; routing to relationship simple
[pool-3294-thread-1] INFO org.apache.nifi.processors.standard.RouteText - RouteText[id=88577823-16f9-4de2-ba04-780edacb1bd8] Routing FlowFile[1944,97609741745865.mockFlowFile,23B] to original
[main] DEBUG org.apache.nifi.processors.standard.RouteText - RouteText[id=88577823-16f9-4de2-ba04-780edacb1bd8] Adding new dynamic property: PropertyDescriptor[simple]
[pool-3295-thread-1] INFO org.apache.nifi.processors.standard.RouteText - RouteText[id=88577823-16f9-4de2-ba04-780edacb1bd8] Created FlowFile[1947,97609742201435.mockFlowFile,23B] from FlowFile[1946,97609742201435.mockFlowFile,23B]; routing to relationship simple
[pool-3295-thread-1] INFO org.apache.nifi.processors.standard.RouteText - RouteText[id=88577823-16f9-4de2-ba04-780edacb1bd8] Routing FlowFile[1946,97609742201435.mockFlowFile,23B] to original
[main] DEBUG org.apache.nifi.processors.standard.RouteText - RouteText[id=88577823-16f9-4de2-ba04-780edacb1bd8] Adding new dynamic property: PropertyDescriptor[simple]
[pool-3296-thread-1] INFO org.apache.nifi.processors.standard.RouteText - RouteText[id=88577823-16f9-4de2-ba04-780edacb1bd8] Created FlowFile[1949,97609742644488.mockFlowFile,23B] from FlowFile[1948,97609742644488.mockFlowFile,23B]; routing to relationship simple
[pool-3296-thread-1] INFO org.apache.nifi.processors.standard.RouteText - RouteText[id=88577823-16f9-4de2-ba04-780edacb1bd8] Routing FlowFile[1948,97609742644488.mockFlowFile,23B] to original
[main] DEBUG org.apache.nifi.processors.standard.RouteText - RouteText[id=88577823-16f9-4de2-ba04-780edacb1bd8] Adding new dynamic property: PropertyDescriptor[simple]
[pool-3297-thread-1] INFO org.apache.nifi.processors.standard.RouteText - RouteText[id=88577823-16f9-4de2-ba04-780edacb1bd8] Created FlowFile[1951,97609743065768.mockFlowFile,23B] from FlowFile[1950,97609743065768.mockFlowFile,23B]; routing to relationship simple
[pool-3297-thread-1] INFO org.apache.nifi.processors.standard.RouteText - RouteText[id=88577823-16f9-4de2-ba04-780edacb1bd8] Routing FlowFile[1950,97609743065768.mockFlowFile,23B] to original
[main] DEBUG org.apache.nifi.processors.standard.RouteText - RouteText[id=88577823-16f9-4de2-ba04-780edacb1bd8] Adding new dynamic property: PropertyDescriptor[simple]
[pool-3298-thread-1] INFO org.apache.nifi.processors.standard.RouteText - RouteText[id=88577823-16f9-4de2-ba04-780edacb1bd8] Created FlowFile[1953,97609743472923.mockFlowFile,23B] from FlowFile[1952,97609743472923.mockFlowFile,23B]; routing to relationship simple
[pool-3298-thread-1] INFO org.apache.nifi.processors.standard.RouteText - RouteText[id=88577823-16f9-4de2-ba04-780edacb1bd8] Routing FlowFile[1952,97609743472923.mockFlowFile,23B] to original
[main] DEBUG org.apache.nifi.processors.standard.RouteText - RouteText[id=88577823-16f9-4de2-ba04-780edacb1bd8] Adding new dynamic property: PropertyDescriptor[simple]
[pool-3299-thread-1] INFO org.apache.nifi.processors.standard.RouteText - RouteText[id=88577823-16f9-4de2-ba04-780edacb1bd8] Created FlowFile[1955,97609743886690.mockFlowFile,23B] from FlowFile[1954,97609743886690.mockFlowFile,23B]; routing to relationship simple
[pool-3299-thread-1] INFO org.apache.nifi.processors.standard.RouteText - RouteText[id=88577823-16f9-4de2-ba04-780edacb1bd8] Routing FlowFile[1954,97609743886690.mockFlowFile,23B] to original
[main] DEBUG org.apache.nifi.processors.standard.RouteText - RouteText[id=88577823-16f9-4de2-ba04-780edacb1bd8] Adding new dynamic property: PropertyDescriptor[simple]
[pool-3300-thread-1] INFO org.apache.nifi.processors.standard.RouteText - RouteText[id=88577823-16f9-4de2-ba04-780edacb1bd8] Created FlowFile[1957,97609744319738.mockFlowFile,23B] from FlowFile[1956,97609744319738.mockFlowFile,23B]; routing to relationship simple
[pool-3300-thread-1] INFO org.apache.nifi.processors.standard.RouteText - RouteText[id=88577823-16f9-4de2-ba04-780edacb1bd8] Routing FlowFile[1956,97609744319738.mockFlowFile,23B] to original
[main] DEBUG org.apache.nifi.processors.standard.RouteText - RouteText[id=88577823-16f9-4de2-ba04-780edacb1bd8] Adding new dynamic property: PropertyDescriptor[simple]
[pool-3301-thread-1] INFO org.apache.nifi.processors.standard.RouteText - RouteText[id=88577823-16f9-4de2-ba04-780edacb1bd8] Created FlowFile[1959,97609744746556.mockFlowFile,23B] from FlowFile[1958,97609744746556.mockFlowFile,23B]; routing to relationship simple
[pool-3301-thread-1] INFO org.apache.nifi.processors.standard.RouteText - RouteText[id=88577823-16f9-4de2-ba04-780edacb1bd8] Routing FlowFile[1958,97609744746556.mockFlowFile,23B] to original
[main] DEBUG org.apache.nifi.processors.standard.RouteText - RouteText[id=88577823-16f9-4de2-ba04-780edacb1bd8] Adding new dynamic property: PropertyDescriptor[simple]
[pool-3302-thread-1] INFO org.apache.nifi.processors.standard.RouteText - RouteText[id=88577823-16f9-4de2-ba04-780edacb1bd8] Created FlowFile[1961,97609745161816.mockFlowFile,23B] from FlowFile[1960,97609745161816.mockFlowFile,23B]; routing to relationship simple
[pool-3302-thread-1] INFO org.apache.nifi.processors.standard.RouteText - RouteText[id=88577823-16f9-4de2-ba04-780edacb1bd8] Routing FlowFile[1960,97609745161816.mockFlowFile,23B] to original
[main] DEBUG org.apache.nifi.processors.standard.RouteText - RouteText[id=88577823-16f9-4de2-ba04-780edacb1bd8] Adding new dynamic property: PropertyDescriptor[simple]
[pool-3303-thread-1] INFO org.apache.nifi.processors.standard.RouteText - RouteText[id=88577823-16f9-4de2-ba04-780edacb1bd8] Created FlowFile[1963,97609745572705.mockFlowFile,23B] from FlowFile[1962,97609745572705.mockFlowFile,23B]; routing to relationship simple
[pool-3303-thread-1] INFO org.apache.nifi.processors.standard.RouteText - RouteText[id=88577823-16f9-4de2-ba04-780edacb1bd8] Routing FlowFile[1962,97609745572705.mockFlowFile,23B] to original
[main] DEBUG org.apache.nifi.processors.standard.RouteText - RouteText[id=88577823-16f9-4de2-ba04-780edacb1bd8] Adding new dynamic property: PropertyDescriptor[simple]
[pool-3304-thread-1] INFO org.apache.nifi.processors.standard.RouteText - RouteText[id=88577823-16f9-4de2-ba04-780edacb1bd8] Created FlowFile[1965,97609745976634.mockFlowFile,23B] from FlowFile[1964,97609745976634.mockFlowFile,23B]; routing to relationship simple
[pool-3304-thread-1] INFO org.apache.nifi.processors.standard.RouteText - RouteText[id=88577823-16f9-4de2-ba04-780edacb1bd8] Routing FlowFile[1964,97609745976634.mockFlowFile,23B] to original
[main] DEBUG org.apache.nifi.processors.standard.RouteText - RouteText[id=88577823-16f9-4de2-ba04-780edacb1bd8] Adding new dynamic property: PropertyDescriptor[simple]
[pool-3305-thread-1] INFO org.apache.nifi.processors.standard.RouteText - RouteText[id=88577823-16f9-4de2-ba04-780edacb1bd8] Created FlowFile[1967,97609746381219.mockFlowFile,23B] from FlowFile[1966,97609746381219.mockFlowFile,23B]; routing to relationship simple
[pool-3305-thread-1] INFO org.apache.nifi.processors.standard.RouteText - RouteText[id=88577823-16f9-4de2-ba04-780edacb1bd8] Routing FlowFile[1966,97609746381219.mockFlowFile,23B] to original
[main] DEBUG org.apache.nifi.processors.standard.RouteText - RouteText[id=88577823-16f9-4de2-ba04-780edacb1bd8] Adding new dynamic property: PropertyDescriptor[simple]
[pool-3306-thread-1] INFO org.apache.nifi.processors.standard.RouteText - RouteText[id=88577823-16f9-4de2-ba04-780edacb1bd8] Created FlowFile[1969,97609746810083.mockFlowFile,23B] from FlowFile[1968,97609746810083.mockFlowFile,23B]; routing to relationship simple
[pool-3306-thread-1] INFO org.apache.nifi.processors.standard.RouteText - RouteText[id=88577823-16f9-4de2-ba04-780edacb1bd8] Routing FlowFile[1968,97609746810083.mockFlowFile,23B] to original
[main] DEBUG org.apache.nifi.processors.standard.RouteText - RouteText[id=88577823-16f9-4de2-ba04-780edacb1bd8] Adding new dynamic property: PropertyDescriptor[simple]
[pool-3307-thread-1] INFO org.apache.nifi.processors.standard.RouteText - RouteText[id=88577823-16f9-4de2-ba04-780edacb1bd8] Created FlowFile[1971,97609747218589.mockFlowFile,23B] from FlowFile[1970,97609747218589.mockFlowFile,23B]; routing to relationship simple
[pool-3307-thread-1] INFO org.apache.nifi.processors.standard.RouteText - RouteText[id=88577823-16f9-4de2-ba04-780edacb1bd8] Routing FlowFile[1970,97609747218589.mockFlowFile,23B] to original
[main] DEBUG org.apache.nifi.processors.standard.RouteText - RouteText[id=88577823-16f9-4de2-ba04-780edacb1bd8] Adding new dynamic property: PropertyDescriptor[simple]
[pool-3308-thread-1] INFO org.apache.nifi.processors.standard.RouteText - RouteText[id=88577823-16f9-4de2-ba04-780edacb1bd8] Created FlowFile[1973,97609747639032.mockFlowFile,23B] from FlowFile[1972,97609747639032.mockFlowFile,23B]; routing to relationship simple
[pool-3308-thread-1] INFO org.apache.nifi.processors.standard.RouteText - RouteText[id=88577823-16f9-4de2-ba04-780edacb1bd8] Routing FlowFile[1972,97609747639032.mockFlowFile,23B] to original
[main] DEBUG org.apache.nifi.processors.standard.RouteText - RouteText[id=88577823-16f9-4de2-ba04-780edacb1bd8] Adding new dynamic property: PropertyDescriptor[simple]
[pool-3309-thread-1] INFO org.apache.nifi.processors.standard.RouteText - RouteText[id=88577823-16f9-4de2-ba04-780edacb1bd8] Created FlowFile[1975,97609748021946.mockFlowFile,23B] from FlowFile[1974,97609748021946.mockFlowFile,23B]; routing to relationship simple
[pool-3309-thread-1] INFO org.apache.nifi.processors.standard.RouteText - RouteText[id=88577823-16f9-4de2-ba04-780edacb1bd8] Routing FlowFile[1974,97609748021946.mockFlowFile,23B] to original
[main] DEBUG org.apache.nifi.processors.standard.RouteText - RouteText[id=88577823-16f9-4de2-ba04-780edacb1bd8] Adding new dynamic property: PropertyDescriptor[simple]
[pool-3310-thread-1] INFO org.apache.nifi.processors.standard.RouteText - RouteText[id=88577823-16f9-4de2-ba04-780edacb1bd8] Created FlowFile[1977,97609748397594.mockFlowFile,23B] from FlowFile[1976,97609748397594.mockFlowFile,23B]; routing to relationship simple
[pool-3310-thread-1] INFO org.apache.nifi.processors.standard.RouteText - RouteText[id=88577823-16f9-4de2-ba04-780edacb1bd8] Routing FlowFile[1976,97609748397594.mockFlowFile,23B] to original
[main] DEBUG org.apache.nifi.processors.standard.RouteText - RouteText[id=88577823-16f9-4de2-ba04-780edacb1bd8] Adding new dynamic property: PropertyDescriptor[simple]
[pool-3311-thread-1] INFO org.apache.nifi.processors.standard.RouteText - RouteText[id=88577823-16f9-4de2-ba04-780edacb1bd8] Created FlowFile[1979,97609748927339.mockFlowFile,23B] from FlowFile[1978,97609748927339.mockFlowFile,23B]; routing to relationship simple
[pool-3311-thread-1] INFO org.apache.nifi.processors.standard.RouteText - RouteText[id=88577823-16f9-4de2-ba04-780edacb1bd8] Routing FlowFile[1978,97609748927339.mockFlowFile,23B] to original
[main] DEBUG org.apache.nifi.processors.standard.RouteText - RouteText[id=88577823-16f9-4de2-ba04-780edacb1bd8] Adding new dynamic property: PropertyDescriptor[simple]
[pool-3312-thread-1] INFO org.apache.nifi.processors.standard.RouteText - RouteText[id=88577823-16f9-4de2-ba04-780edacb1bd8] Created FlowFile[1981,97609749354952.mockFlowFile,23B] from FlowFile[1980,97609749354952.mockFlowFile,23B]; routing to relationship simple
[pool-3312-thread-1] INFO org.apache.nifi.processors.standard.RouteText - RouteText[id=88577823-16f9-4de2-ba04-780edacb1bd8] Routing FlowFile[1980,97609749354952.mockFlowFile,23B] to original
[main] DEBUG org.apache.nifi.processors.standard.RouteText - RouteText[id=88577823-16f9-4de2-ba04-780edacb1bd8] Adding new dynamic property: PropertyDescriptor[simple]
[pool-3313-thread-1] INFO org.apache.nifi.processors.standard.RouteText - RouteText[id=88577823-16f9-4de2-ba04-780edacb1bd8] Created FlowFile[1983,97609749786278.mockFlowFile,23B] from FlowFile[1982,97609749786278.mockFlowFile,23B]; routing to relationship simple
[pool-3313-thread-1] INFO org.apache.nifi.processors.standard.RouteText - RouteText[id=88577823-16f9-4de2-ba04-780edacb1bd8] Routing FlowFile[1982,97609749786278.mockFlowFile,23B] to original
[main] DEBUG org.apache.nifi.processors.standard.RouteText - RouteText[id=88577823-16f9-4de2-ba04-780edacb1bd8] Adding new dynamic property: PropertyDescriptor[simple]
[pool-3314-thread-1] INFO org.apache.nifi.processors.standard.RouteText - RouteText[id=88577823-16f9-4de2-ba04-780edacb1bd8] Created FlowFile[1985,97609750198594.mockFlowFile,23B] from FlowFile[1984,97609750198594.mockFlowFile,23B]; routing to relationship simple
[pool-3314-thread-1] INFO org.apache.nifi.processors.standard.RouteText - RouteText[id=88577823-16f9-4de2-ba04-780edacb1bd8] Routing FlowFile[1984,97609750198594.mockFlowFile,23B] to original
[main] DEBUG org.apache.nifi.processors.standard.RouteText - RouteText[id=88577823-16f9-4de2-ba04-780edacb1bd8] Adding new dynamic property: PropertyDescriptor[simple]
[pool-3315-thread-1] INFO org.apache.nifi.processors.standard.RouteText - RouteText[id=88577823-16f9-4de2-ba04-780edacb1bd8] Created FlowFile[1987,97609750649391.mockFlowFile,23B] from FlowFile[1986,97609750649391.mockFlowFile,23B]; routing to relationship simple
[pool-3315-thread-1] INFO org.apache.nifi.processors.standard.RouteText - RouteText[id=88577823-16f9-4de2-ba04-780edacb1bd8] Routing FlowFile[1986,97609750649391.mockFlowFile,23B] to original
[main] DEBUG org.apache.nifi.processors.standard.RouteText - RouteText[id=88577823-16f9-4de2-ba04-780edacb1bd8] Adding new dynamic property: PropertyDescriptor[simple]
[pool-3316-thread-1] INFO org.apache.nifi.processors.standard.RouteText - RouteText[id=88577823-16f9-4de2-ba04-780edacb1bd8] Created FlowFile[1989,97609752995923.mockFlowFile,23B] from FlowFile[1988,97609752995923.mockFlowFile,23B]; routing to relationship simple
[pool-3316-thread-1] INFO org.apache.nifi.processors.standard.RouteText - RouteText[id=88577823-16f9-4de2-ba04-780edacb1bd8] Routing FlowFile[1988,97609752995923.mockFlowFile,23B] to original
[main] DEBUG org.apache.nifi.processors.standard.RouteText - RouteText[id=88577823-16f9-4de2-ba04-780edacb1bd8] Adding new dynamic property: PropertyDescriptor[simple]
[pool-3317-thread-1] INFO org.apache.nifi.processors.standard.RouteText - RouteText[id=88577823-16f9-4de2-ba04-780edacb1bd8] Created FlowFile[1991,97609753566141.mockFlowFile,23B] from FlowFile[1990,97609753566141.mockFlowFile,23B]; routing to relationship simple
[pool-3317-thread-1] INFO org.apache.nifi.processors.standard.RouteText - RouteText[id=88577823-16f9-4de2-ba04-780edacb1bd8] Routing FlowFile[1990,97609753566141.mockFlowFile,23B] to original
[main] DEBUG org.apache.nifi.processors.standard.RouteText - RouteText[id=88577823-16f9-4de2-ba04-780edacb1bd8] Adding new dynamic property: PropertyDescriptor[simple]
[pool-3318-thread-1] INFO org.apache.nifi.processors.standard.RouteText - RouteText[id=88577823-16f9-4de2-ba04-780edacb1bd8] Created FlowFile[1993,97609754058466.mockFlowFile,23B] from FlowFile[1992,97609754058466.mockFlowFile,23B]; routing to relationship simple
[pool-3318-thread-1] INFO org.apache.nifi.processors.standard.RouteText - RouteText[id=88577823-16f9-4de2-ba04-780edacb1bd8] Routing FlowFile[1992,97609754058466.mockFlowFile,23B] to original
[main] DEBUG org.apache.nifi.processors.standard.RouteText - RouteText[id=88577823-16f9-4de2-ba04-780edacb1bd8] Adding new dynamic property: PropertyDescriptor[simple]
[pool-3319-thread-1] INFO org.apache.nifi.processors.standard.RouteText - RouteText[id=88577823-16f9-4de2-ba04-780edacb1bd8] Created FlowFile[1995,97609754519585.mockFlowFile,23B] from FlowFile[1994,97609754519585.mockFlowFile,23B]; routing to relationship simple
[pool-3319-thread-1] INFO org.apache.nifi.processors.standard.RouteText - RouteText[id=88577823-16f9-4de2-ba04-780edacb1bd8] Routing FlowFile[1994,97609754519585.mockFlowFile,23B] to original
[main] DEBUG org.apache.nifi.processors.standard.RouteText - RouteText[id=88577823-16f9-4de2-ba04-780edacb1bd8] Adding new dynamic property: PropertyDescriptor[simple]
[pool-3320-thread-1] INFO org.apache.nifi.processors.standard.RouteText - RouteText[id=88577823-16f9-4de2-ba04-780edacb1bd8] Created FlowFile[1997,97609754955614.mockFlowFile,23B] from FlowFile[1996,97609754955614.mockFlowFile,23B]; routing to relationship simple
[pool-3320-thread-1] INFO org.apache.nifi.processors.standard.RouteText - RouteText[id=88577823-16f9-4de2-ba04-780edacb1bd8] Routing FlowFile[1996,97609754955614.mockFlowFile,23B] to original
[main] DEBUG org.apache.nifi.processors.standard.RouteText - RouteText[id=88577823-16f9-4de2-ba04-780edacb1bd8] Adding new dynamic property: PropertyDescriptor[simple]
[pool-3321-thread-1] INFO org.apache.nifi.processors.standard.RouteText - RouteText[id=88577823-16f9-4de2-ba04-780edacb1bd8] Created FlowFile[1999,97609755490428.mockFlowFile,23B] from FlowFile[1998,97609755490428.mockFlowFile,23B]; routing to relationship simple
[pool-3321-thread-1] INFO org.apache.nifi.processors.standard.RouteText - RouteText[id=88577823-16f9-4de2-ba04-780edacb1bd8] Routing FlowFile[1998,97609755490428.mockFlowFile,23B] to original
[main] DEBUG org.apache.nifi.processors.standard.RouteText - RouteText[id=88577823-16f9-4de2-ba04-780edacb1bd8] Adding new dynamic property: PropertyDescriptor[simple]
[pool-3322-thread-1] INFO org.apache.nifi.processors.standard.RouteText - RouteText[id=88577823-16f9-4de2-ba04-780edacb1bd8] Created FlowFile[2001,97609756059760.mockFlowFile,23B] from FlowFile[2000,97609756059760.mockFlowFile,23B]; routing to relationship simple
[pool-3322-thread-1] INFO org.apache.nifi.processors.standard.RouteText - RouteText[id=88577823-16f9-4de2-ba04-780edacb1bd8] Routing FlowFile[2000,97609756059760.mockFlowFile,23B] to original
[main] DEBUG org.apache.nifi.processors.standard.RouteText - RouteText[id=88577823-16f9-4de2-ba04-780edacb1bd8] Adding new dynamic property: PropertyDescriptor[simple]
[pool-3323-thread-1] INFO org.apache.nifi.processors.standard.RouteText - RouteText[id=88577823-16f9-4de2-ba04-780edacb1bd8] Created FlowFile[2003,97609756538044.mockFlowFile,23B] from FlowFile[2002,97609756538044.mockFlowFile,23B]; routing to relationship simple
[pool-3323-thread-1] INFO org.apache.nifi.processors.standard.RouteText - RouteText[id=88577823-16f9-4de2-ba04-780edacb1bd8] Routing FlowFile[2002,97609756538044.mockFlowFile,23B] to original
[main] DEBUG org.apache.nifi.processors.standard.RouteText - RouteText[id=88577823-16f9-4de2-ba04-780edacb1bd8] Adding new dynamic property: PropertyDescriptor[simple]
[pool-3324-thread-1] INFO org.apache.nifi.processors.standard.RouteText - RouteText[id=88577823-16f9-4de2-ba04-780edacb1bd8] Created FlowFile[2005,97609756996511.mockFlowFile,24B] from FlowFile[2004,97609756996511.mockFlowFile,24B]; routing to relationship simple
[pool-3324-thread-1] INFO org.apache.nifi.processors.standard.RouteText - RouteText[id=88577823-16f9-4de2-ba04-780edacb1bd8] Routing FlowFile[2004,97609756996511.mockFlowFile,24B] to original
[main] DEBUG org.apache.nifi.processors.standard.RouteText - RouteText[id=88577823-16f9-4de2-ba04-780edacb1bd8] Adding new dynamic property: PropertyDescriptor[simple]
[pool-3325-thread-1] INFO org.apache.nifi.processors.standard.RouteText - RouteText[id=88577823-16f9-4de2-ba04-780edacb1bd8] Created FlowFile[2007,97609757459542.mockFlowFile,24B] from FlowFile[2006,97609757459542.mockFlowFile,24B]; routing to relationship simple
[pool-3325-thread-1] INFO org.apache.nifi.processors.standard.RouteText - RouteText[id=88577823-16f9-4de2-ba04-780edacb1bd8] Routing FlowFile[2006,97609757459542.mockFlowFile,24B] to original
[main] DEBUG org.apache.nifi.processors.standard.RouteText - RouteText[id=88577823-16f9-4de2-ba04-780edacb1bd8] Adding new dynamic property: PropertyDescriptor[simple]
[pool-3326-thread-1] INFO org.apache.nifi.processors.standard.RouteText - RouteText[id=88577823-16f9-4de2-ba04-780edacb1bd8] Created FlowFile[2009,97609757884407.mockFlowFile,24B] from FlowFile[2008,97609757884407.mockFlowFile,24B]; routing to relationship simple
[pool-3326-thread-1] INFO org.apache.nifi.processors.standard.RouteText - RouteText[id=88577823-16f9-4de2-ba04-780edacb1bd8] Routing FlowFile[2008,97609757884407.mockFlowFile,24B] to original
[main] DEBUG org.apache.nifi.processors.standard.RouteText - RouteText[id=88577823-16f9-4de2-ba04-780edacb1bd8] Adding new dynamic property: PropertyDescriptor[simple]
[pool-3327-thread-1] INFO org.apache.nifi.processors.standard.RouteText - RouteText[id=88577823-16f9-4de2-ba04-780edacb1bd8] Created FlowFile[2011,97609758375349.mockFlowFile,24B] from FlowFile[2010,97609758375349.mockFlowFile,24B]; routing to relationship simple
[pool-3327-thread-1] INFO org.apache.nifi.processors.standard.RouteText - RouteText[id=88577823-16f9-4de2-ba04-780edacb1bd8] Routing FlowFile[2010,97609758375349.mockFlowFile,24B] to original
[main] DEBUG org.apache.nifi.processors.standard.RouteText - RouteText[id=88577823-16f9-4de2-ba04-780edacb1bd8] Adding new dynamic property: PropertyDescriptor[simple]
[pool-3328-thread-1] INFO org.apache.nifi.processors.standard.RouteText - RouteText[id=88577823-16f9-4de2-ba04-780edacb1bd8] Created FlowFile[2013,97609758797679.mockFlowFile,24B] from FlowFile[2012,97609758797679.mockFlowFile,24B]; routing to relationship simple
[pool-3328-thread-1] INFO org.apache.nifi.processors.standard.RouteText - RouteText[id=88577823-16f9-4de2-ba04-780edacb1bd8] Routing FlowFile[2012,97609758797679.mockFlowFile,24B] to original
[main] DEBUG org.apache.nifi.processors.standard.RouteText - RouteText[id=88577823-16f9-4de2-ba04-780edacb1bd8] Adding new dynamic property: PropertyDescriptor[simple]
[pool-3329-thread-1] INFO org.apache.nifi.processors.standard.RouteText - RouteText[id=88577823-16f9-4de2-ba04-780edacb1bd8] Created FlowFile[2015,97609759225093.mockFlowFile,24B] from FlowFile[2014,97609759225093.mockFlowFile,24B]; routing to relationship simple
[pool-3329-thread-1] INFO org.apache.nifi.processors.standard.RouteText - RouteText[id=88577823-16f9-4de2-ba04-780edacb1bd8] Routing FlowFile[2014,97609759225093.mockFlowFile,24B] to original
[main] DEBUG org.apache.nifi.processors.standard.RouteText - RouteText[id=88577823-16f9-4de2-ba04-780edacb1bd8] Adding new dynamic property: PropertyDescriptor[simple]
[pool-3330-thread-1] INFO org.apache.nifi.processors.standard.RouteText - RouteText[id=88577823-16f9-4de2-ba04-780edacb1bd8] Created FlowFile[2017,97609759657720.mockFlowFile,24B] from FlowFile[2016,97609759657720.mockFlowFile,24B]; routing to relationship simple
[pool-3330-thread-1] INFO org.apache.nifi.processors.standard.RouteText - RouteText[id=88577823-16f9-4de2-ba04-780edacb1bd8] Routing FlowFile[2016,97609759657720.mockFlowFile,24B] to original
[main] DEBUG org.apache.nifi.processors.standard.RouteText - RouteText[id=88577823-16f9-4de2-ba04-780edacb1bd8] Adding new dynamic property: PropertyDescriptor[simple]
[pool-3331-thread-1] INFO org.apache.nifi.processors.standard.RouteText - RouteText[id=88577823-16f9-4de2-ba04-780edacb1bd8] Created FlowFile[2019,97609760105837.mockFlowFile,24B] from FlowFile[2018,97609760105837.mockFlowFile,24B]; routing to relationship simple
[pool-3331-thread-1] INFO org.apache.nifi.processors.standard.RouteText - RouteText[id=88577823-16f9-4de2-ba04-780edacb1bd8] Routing FlowFile[2018,97609760105837.mockFlowFile,24B] to original
[main] DEBUG org.apache.nifi.processors.standard.RouteText - RouteText[id=88577823-16f9-4de2-ba04-780edacb1bd8] Adding new dynamic property: PropertyDescriptor[simple]
[pool-3332-thread-1] INFO org.apache.nifi.processors.standard.RouteText - RouteText[id=88577823-16f9-4de2-ba04-780edacb1bd8] Created FlowFile[2021,97609760557043.mockFlowFile,24B] from FlowFile[2020,97609760557043.mockFlowFile,24B]; routing to relationship simple
[pool-3332-thread-1] INFO org.apache.nifi.processors.standard.RouteText - RouteText[id=88577823-16f9-4de2-ba04-780edacb1bd8] Routing FlowFile[2020,97609760557043.mockFlowFile,24B] to original
[main] DEBUG org.apache.nifi.processors.standard.RouteText - RouteText[id=88577823-16f9-4de2-ba04-780edacb1bd8] Adding new dynamic property: PropertyDescriptor[simple]
[pool-3333-thread-1] INFO org.apache.nifi.processors.standard.RouteText - RouteText[id=88577823-16f9-4de2-ba04-780edacb1bd8] Created FlowFile[2023,97609761000155.mockFlowFile,24B] from FlowFile[2022,97609761000155.mockFlowFile,24B]; routing to relationship simple
[pool-3333-thread-1] INFO org.apache.nifi.processors.standard.RouteText - RouteText[id=88577823-16f9-4de2-ba04-780edacb1bd8] Routing FlowFile[2022,97609761000155.mockFlowFile,24B] to original
[main] DEBUG org.apache.nifi.processors.standard.RouteText - RouteText[id=88577823-16f9-4de2-ba04-780edacb1bd8] Adding new dynamic property: PropertyDescriptor[simple]
[pool-3334-thread-1] INFO org.apache.nifi.processors.standard.RouteText - RouteText[id=88577823-16f9-4de2-ba04-780edacb1bd8] Created FlowFile[2025,97609761432666.mockFlowFile,24B] from FlowFile[2024,97609761432666.mockFlowFile,24B]; routing to relationship simple
[pool-3334-thread-1] INFO org.apache.nifi.processors.standard.RouteText - RouteText[id=88577823-16f9-4de2-ba04-780edacb1bd8] Routing FlowFile[2024,97609761432666.mockFlowFile,24B] to original
[main] DEBUG org.apache.nifi.processors.standard.RouteText - RouteText[id=88577823-16f9-4de2-ba04-780edacb1bd8] Adding new dynamic property: PropertyDescriptor[simple]
[pool-3335-thread-1] INFO org.apache.nifi.processors.standard.RouteText - RouteText[id=88577823-16f9-4de2-ba04-780edacb1bd8] Created FlowFile[2027,97609761863696.mockFlowFile,24B] from FlowFile[2026,97609761863696.mockFlowFile,24B]; routing to relationship simple
[pool-3335-thread-1] INFO org.apache.nifi.processors.standard.RouteText - RouteText[id=88577823-16f9-4de2-ba04-780edacb1bd8] Routing FlowFile[2026,97609761863696.mockFlowFile,24B] to original
[main] DEBUG org.apache.nifi.processors.standard.RouteText - RouteText[id=88577823-16f9-4de2-ba04-780edacb1bd8] Adding new dynamic property: PropertyDescriptor[simple]
[pool-3336-thread-1] INFO org.apache.nifi.processors.standard.RouteText - RouteText[id=88577823-16f9-4de2-ba04-780edacb1bd8] Created FlowFile[2029,97609762307983.mockFlowFile,24B] from FlowFile[2028,97609762307983.mockFlowFile,24B]; routing to relationship simple
[pool-3336-thread-1] INFO org.apache.nifi.processors.standard.RouteText - RouteText[id=88577823-16f9-4de2-ba04-780edacb1bd8] Routing FlowFile[2028,97609762307983.mockFlowFile,24B] to original
[main] DEBUG org.apache.nifi.processors.standard.RouteText - RouteText[id=88577823-16f9-4de2-ba04-780edacb1bd8] Adding new dynamic property: PropertyDescriptor[simple]
[pool-3337-thread-1] INFO org.apache.nifi.processors.standard.RouteText - RouteText[id=88577823-16f9-4de2-ba04-780edacb1bd8] Created FlowFile[2031,97609762887552.mockFlowFile,24B] from FlowFile[2030,97609762887552.mockFlowFile,24B]; routing to relationship simple
[pool-3337-thread-1] INFO org.apache.nifi.processors.standard.RouteText - RouteText[id=88577823-16f9-4de2-ba04-780edacb1bd8] Routing FlowFile[2030,97609762887552.mockFlowFile,24B] to original
[main] DEBUG org.apache.nifi.processors.standard.RouteText - RouteText[id=88577823-16f9-4de2-ba04-780edacb1bd8] Adding new dynamic property: PropertyDescriptor[simple]
[pool-3338-thread-1] INFO org.apache.nifi.processors.standard.RouteText - RouteText[id=88577823-16f9-4de2-ba04-780edacb1bd8] Created FlowFile[2033,97609763361033.mockFlowFile,24B] from FlowFile[2032,97609763361033.mockFlowFile,24B]; routing to relationship simple
[pool-3338-thread-1] INFO org.apache.nifi.processors.standard.RouteText - RouteText[id=88577823-16f9-4de2-ba04-780edacb1bd8] Routing FlowFile[2032,97609763361033.mockFlowFile,24B] to original
[main] DEBUG org.apache.nifi.processors.standard.RouteText - RouteText[id=88577823-16f9-4de2-ba04-780edacb1bd8] Adding new dynamic property: PropertyDescriptor[simple]
[pool-3339-thread-1] INFO org.apache.nifi.processors.standard.RouteText - RouteText[id=88577823-16f9-4de2-ba04-780edacb1bd8] Created FlowFile[2035,97609763796785.mockFlowFile,24B] from FlowFile[2034,97609763796785.mockFlowFile,24B]; routing to relationship simple
[pool-3339-thread-1] INFO org.apache.nifi.processors.standard.RouteText - RouteText[id=88577823-16f9-4de2-ba04-780edacb1bd8] Routing FlowFile[2034,97609763796785.mockFlowFile,24B] to original
[main] DEBUG org.apache.nifi.processors.standard.RouteText - RouteText[id=88577823-16f9-4de2-ba04-780edacb1bd8] Adding new dynamic property: PropertyDescriptor[simple]
[pool-3340-thread-1] INFO org.apache.nifi.processors.standard.RouteText - RouteText[id=88577823-16f9-4de2-ba04-780edacb1bd8] Created FlowFile[2037,97609764227794.mockFlowFile,24B] from FlowFile[2036,97609764227794.mockFlowFile,24B]; routing to relationship simple
[pool-3340-thread-1] INFO org.apache.nifi.processors.standard.RouteText - RouteText[id=88577823-16f9-4de2-ba04-780edacb1bd8] Routing FlowFile[2036,97609764227794.mockFlowFile,24B] to original
[main] DEBUG org.apache.nifi.processors.standard.RouteText - RouteText[id=88577823-16f9-4de2-ba04-780edacb1bd8] Adding new dynamic property: PropertyDescriptor[simple]
[pool-3341-thread-1] INFO org.apache.nifi.processors.standard.RouteText - RouteText[id=88577823-16f9-4de2-ba04-780edacb1bd8] Created FlowFile[2039,97609764664286.mockFlowFile,24B] from FlowFile[2038,97609764664286.mockFlowFile,24B]; routing to relationship simple
[pool-3341-thread-1] INFO org.apache.nifi.processors.standard.RouteText - RouteText[id=88577823-16f9-4de2-ba04-780edacb1bd8] Routing FlowFile[2038,97609764664286.mockFlowFile,24B] to original
[main] DEBUG org.apache.nifi.processors.standard.RouteText - RouteText[id=88577823-16f9-4de2-ba04-780edacb1bd8] Adding new dynamic property: PropertyDescriptor[simple]
[pool-3342-thread-1] INFO org.apache.nifi.processors.standard.RouteText - RouteText[id=88577823-16f9-4de2-ba04-780edacb1bd8] Created FlowFile[2041,97609765053402.mockFlowFile,24B] from FlowFile[2040,97609765053402.mockFlowFile,24B]; routing to relationship simple
[pool-3342-thread-1] INFO org.apache.nifi.processors.standard.RouteText - RouteText[id=88577823-16f9-4de2-ba04-780edacb1bd8] Routing FlowFile[2040,97609765053402.mockFlowFile,24B] to original
[main] DEBUG org.apache.nifi.processors.standard.RouteText - RouteText[id=88577823-16f9-4de2-ba04-780edacb1bd8] Adding new dynamic property: PropertyDescriptor[simple]
[pool-3343-thread-1] INFO org.apache.nifi.processors.standard.RouteText - RouteText[id=88577823-16f9-4de2-ba04-780edacb1bd8] Created FlowFile[2043,97609765413771.mockFlowFile,24B] from FlowFile[2042,97609765413771.mockFlowFile,24B]; routing to relationship simple
[pool-3343-thread-1] INFO org.apache.nifi.processors.standard.RouteText - RouteText[id=88577823-16f9-4de2-ba04-780edacb1bd8] Routing FlowFile[2042,97609765413771.mockFlowFile,24B] to original
[main] DEBUG org.apache.nifi.processors.standard.RouteText - RouteText[id=88577823-16f9-4de2-ba04-780edacb1bd8] Adding new dynamic property: PropertyDescriptor[simple]
[pool-3344-thread-1] INFO org.apache.nifi.processors.standard.RouteText - RouteText[id=88577823-16f9-4de2-ba04-780edacb1bd8] Created FlowFile[2045,97609765892950.mockFlowFile,24B] from FlowFile[2044,97609765892950.mockFlowFile,24B]; routing to relationship simple
[pool-3344-thread-1] INFO org.apache.nifi.processors.standard.RouteText - RouteText[id=88577823-16f9-4de2-ba04-780edacb1bd8] Routing FlowFile[2044,97609765892950.mockFlowFile,24B] to original
[main] DEBUG org.apache.nifi.processors.standard.RouteText - RouteText[id=88577823-16f9-4de2-ba04-780edacb1bd8] Adding new dynamic property: PropertyDescriptor[simple]
[pool-3345-thread-1] INFO org.apache.nifi.processors.standard.RouteText - RouteText[id=88577823-16f9-4de2-ba04-780edacb1bd8] Created FlowFile[2047,97609766386150.mockFlowFile,24B] from FlowFile[2046,97609766386150.mockFlowFile,24B]; routing to relationship simple
[pool-3345-thread-1] INFO org.apache.nifi.processors.standard.RouteText - RouteText[id=88577823-16f9-4de2-ba04-780edacb1bd8] Routing FlowFile[2046,97609766386150.mockFlowFile,24B] to original
[main] DEBUG org.apache.nifi.processors.standard.RouteText - RouteText[id=88577823-16f9-4de2-ba04-780edacb1bd8] Adding new dynamic property: PropertyDescriptor[simple]
[pool-3346-thread-1] INFO org.apache.nifi.processors.standard.RouteText - RouteText[id=88577823-16f9-4de2-ba04-780edacb1bd8] Created FlowFile[2049,97609766813788.mockFlowFile,24B] from FlowFile[2048,97609766813788.mockFlowFile,24B]; routing to relationship simple
[pool-3346-thread-1] INFO org.apache.nifi.processors.standard.RouteText - RouteText[id=88577823-16f9-4de2-ba04-780edacb1bd8] Routing FlowFile[2048,97609766813788.mockFlowFile,24B] to original
[main] DEBUG org.apache.nifi.processors.standard.RouteText - RouteText[id=88577823-16f9-4de2-ba04-780edacb1bd8] Adding new dynamic property: PropertyDescriptor[simple]
[pool-3347-thread-1] INFO org.apache.nifi.processors.standard.RouteText - RouteText[id=88577823-16f9-4de2-ba04-780edacb1bd8] Created FlowFile[2051,97609767307377.mockFlowFile,24B] from FlowFile[2050,97609767307377.mockFlowFile,24B]; routing to relationship simple
[pool-3347-thread-1] INFO org.apache.nifi.processors.standard.RouteText - RouteText[id=88577823-16f9-4de2-ba04-780edacb1bd8] Routing FlowFile[2050,97609767307377.mockFlowFile,24B] to original
[main] DEBUG org.apache.nifi.processors.standard.RouteText - RouteText[id=88577823-16f9-4de2-ba04-780edacb1bd8] Adding new dynamic property: PropertyDescriptor[simple]
[pool-3348-thread-1] INFO org.apache.nifi.processors.standard.RouteText - RouteText[id=88577823-16f9-4de2-ba04-780edacb1bd8] Created FlowFile[2053,97609767893081.mockFlowFile,24B] from FlowFile[2052,97609767893081.mockFlowFile,24B]; routing to relationship simple
[pool-3348-thread-1] INFO org.apache.nifi.processors.standard.RouteText - RouteText[id=88577823-16f9-4de2-ba04-780edacb1bd8] Routing FlowFile[2052,97609767893081.mockFlowFile,24B] to original
[main] DEBUG org.apache.nifi.processors.standard.RouteText - RouteText[id=88577823-16f9-4de2-ba04-780edacb1bd8] Adding new dynamic property: PropertyDescriptor[simple]
[pool-3349-thread-1] INFO org.apache.nifi.processors.standard.RouteText - RouteText[id=88577823-16f9-4de2-ba04-780edacb1bd8] Created FlowFile[2055,97609768549708.mockFlowFile,24B] from FlowFile[2054,97609768549708.mockFlowFile,24B]; routing to relationship simple
[pool-3349-thread-1] INFO org.apache.nifi.processors.standard.RouteText - RouteText[id=88577823-16f9-4de2-ba04-780edacb1bd8] Routing FlowFile[2054,97609768549708.mockFlowFile,24B] to original
[main] DEBUG org.apache.nifi.processors.standard.RouteText - RouteText[id=88577823-16f9-4de2-ba04-780edacb1bd8] Adding new dynamic property: PropertyDescriptor[simple]
[pool-3350-thread-1] INFO org.apache.nifi.processors.standard.RouteText - RouteText[id=88577823-16f9-4de2-ba04-780edacb1bd8] Created FlowFile[2057,97609769019610.mockFlowFile,24B] from FlowFile[2056,97609769019610.mockFlowFile,24B]; routing to relationship simple
[pool-3350-thread-1] INFO org.apache.nifi.processors.standard.RouteText - RouteText[id=88577823-16f9-4de2-ba04-780edacb1bd8] Routing FlowFile[2056,97609769019610.mockFlowFile,24B] to original
[main] DEBUG org.apache.nifi.processors.standard.RouteText - RouteText[id=88577823-16f9-4de2-ba04-780edacb1bd8] Adding new dynamic property: PropertyDescriptor[simple]
[pool-3351-thread-1] INFO org.apache.nifi.processors.standard.RouteText - RouteText[id=88577823-16f9-4de2-ba04-780edacb1bd8] Created FlowFile[2059,97609769417534.mockFlowFile,24B] from FlowFile[2058,97609769417534.mockFlowFile,24B]; routing to relationship simple
[pool-3351-thread-1] INFO org.apache.nifi.processors.standard.RouteText - RouteText[id=88577823-16f9-4de2-ba04-780edacb1bd8] Routing FlowFile[2058,97609769417534.mockFlowFile,24B] to original
[main] DEBUG org.apache.nifi.processors.standard.RouteText - RouteText[id=88577823-16f9-4de2-ba04-780edacb1bd8] Adding new dynamic property: PropertyDescriptor[simple]
[pool-3352-thread-1] INFO org.apache.nifi.processors.standard.RouteText - RouteText[id=88577823-16f9-4de2-ba04-780edacb1bd8] Created FlowFile[2061,97609769782452.mockFlowFile,24B] from FlowFile[2060,97609769782452.mockFlowFile,24B]; routing to relationship simple
[pool-3352-thread-1] INFO org.apache.nifi.processors.standard.RouteText - RouteText[id=88577823-16f9-4de2-ba04-780edacb1bd8] Routing FlowFile[2060,97609769782452.mockFlowFile,24B] to original
[main] DEBUG org.apache.nifi.processors.standard.RouteText - RouteText[id=88577823-16f9-4de2-ba04-780edacb1bd8] Adding new dynamic property: PropertyDescriptor[simple]
[pool-3353-thread-1] INFO org.apache.nifi.processors.standard.RouteText - RouteText[id=88577823-16f9-4de2-ba04-780edacb1bd8] Created FlowFile[2063,97609770154334.mockFlowFile,24B] from FlowFile[2062,97609770154334.mockFlowFile,24B]; routing to relationship simple
[pool-3353-thread-1] INFO org.apache.nifi.processors.standard.RouteText - RouteText[id=88577823-16f9-4de2-ba04-780edacb1bd8] Routing FlowFile[2062,97609770154334.mockFlowFile,24B] to original
[main] DEBUG org.apache.nifi.processors.standard.RouteText - RouteText[id=88577823-16f9-4de2-ba04-780edacb1bd8] Adding new dynamic property: PropertyDescriptor[simple]
[pool-3354-thread-1] INFO org.apache.nifi.processors.standard.RouteText - RouteText[id=88577823-16f9-4de2-ba04-780edacb1bd8] Created FlowFile[2065,97609770537596.mockFlowFile,24B] from FlowFile[2064,97609770537596.mockFlowFile,24B]; routing to relationship simple
[pool-3354-thread-1] INFO org.apache.nifi.processors.standard.RouteText - RouteText[id=88577823-16f9-4de2-ba04-780edacb1bd8] Routing FlowFile[2064,97609770537596.mockFlowFile,24B] to original
[main] DEBUG org.apache.nifi.processors.standard.RouteText - RouteText[id=88577823-16f9-4de2-ba04-780edacb1bd8] Adding new dynamic property: PropertyDescriptor[simple]
[pool-3355-thread-1] INFO org.apache.nifi.processors.standard.RouteText - RouteText[id=88577823-16f9-4de2-ba04-780edacb1bd8] Created FlowFile[2067,97609770958967.mockFlowFile,24B] from FlowFile[2066,97609770958967.mockFlowFile,24B]; routing to relationship simple
[pool-3355-thread-1] INFO org.apache.nifi.processors.standard.RouteText - RouteText[id=88577823-16f9-4de2-ba04-780edacb1bd8] Routing FlowFile[2066,97609770958967.mockFlowFile,24B] to original
[main] DEBUG org.apache.nifi.processors.standard.RouteText - RouteText[id=88577823-16f9-4de2-ba04-780edacb1bd8] Adding new dynamic property: PropertyDescriptor[simple]
[pool-3356-thread-1] INFO org.apache.nifi.processors.standard.RouteText - RouteText[id=88577823-16f9-4de2-ba04-780edacb1bd8] Created FlowFile[2069,97609771321543.mockFlowFile,24B] from FlowFile[2068,97609771321543.mockFlowFile,24B]; routing to relationship simple
[pool-3356-thread-1] INFO org.apache.nifi.processors.standard.RouteText - RouteText[id=88577823-16f9-4de2-ba04-780edacb1bd8] Routing FlowFile[2068,97609771321543.mockFlowFile,24B] to original
[main] DEBUG org.apache.nifi.processors.standard.RouteText - RouteText[id=88577823-16f9-4de2-ba04-780edacb1bd8] Adding new dynamic property: PropertyDescriptor[simple]
[pool-3357-thread-1] INFO org.apache.nifi.processors.standard.RouteText - RouteText[id=88577823-16f9-4de2-ba04-780edacb1bd8] Created FlowFile[2071,97609771732753.mockFlowFile,24B] from FlowFile[2070,97609771732753.mockFlowFile,24B]; routing to relationship simple
[pool-3357-thread-1] INFO org.apache.nifi.processors.standard.RouteText - RouteText[id=88577823-16f9-4de2-ba04-780edacb1bd8] Routing FlowFile[2070,97609771732753.mockFlowFile,24B] to original
[main] DEBUG org.apache.nifi.processors.standard.RouteText - RouteText[id=88577823-16f9-4de2-ba04-780edacb1bd8] Adding new dynamic property: PropertyDescriptor[simple]
[pool-3358-thread-1] INFO org.apache.nifi.processors.standard.RouteText - RouteText[id=88577823-16f9-4de2-ba04-780edacb1bd8] Created FlowFile[2073,97609772110968.mockFlowFile,24B] from FlowFile[2072,97609772110968.mockFlowFile,24B]; routing to relationship simple
[pool-3358-thread-1] INFO org.apache.nifi.processors.standard.RouteText - RouteText[id=88577823-16f9-4de2-ba04-780edacb1bd8] Routing FlowFile[2072,97609772110968.mockFlowFile,24B] to original
[main] DEBUG org.apache.nifi.processors.standard.RouteText - RouteText[id=88577823-16f9-4de2-ba04-780edacb1bd8] Adding new dynamic property: PropertyDescriptor[simple]
[pool-3359-thread-1] INFO org.apache.nifi.processors.standard.RouteText - RouteText[id=88577823-16f9-4de2-ba04-780edacb1bd8] Created FlowFile[2075,97609772641737.mockFlowFile,24B] from FlowFile[2074,97609772641737.mockFlowFile,24B]; routing to relationship simple
[pool-3359-thread-1] INFO org.apache.nifi.processors.standard.RouteText - RouteText[id=88577823-16f9-4de2-ba04-780edacb1bd8] Routing FlowFile[2074,97609772641737.mockFlowFile,24B] to original
[main] DEBUG org.apache.nifi.processors.standard.RouteText - RouteText[id=88577823-16f9-4de2-ba04-780edacb1bd8] Adding new dynamic property: PropertyDescriptor[simple]
[pool-3360-thread-1] INFO org.apache.nifi.processors.standard.RouteText - RouteText[id=88577823-16f9-4de2-ba04-780edacb1bd8] Created FlowFile[2077,97609773143177.mockFlowFile,24B] from FlowFile[2076,97609773143177.mockFlowFile,24B]; routing to relationship simple
[pool-3360-thread-1] INFO org.apache.nifi.processors.standard.RouteText - RouteText[id=88577823-16f9-4de2-ba04-780edacb1bd8] Routing FlowFile[2076,97609773143177.mockFlowFile,24B] to original
[main] DEBUG org.apache.nifi.processors.standard.RouteText - RouteText[id=88577823-16f9-4de2-ba04-780edacb1bd8] Adding new dynamic property: PropertyDescriptor[simple]
[pool-3361-thread-1] INFO org.apache.nifi.processors.standard.RouteText - RouteText[id=88577823-16f9-4de2-ba04-780edacb1bd8] Created FlowFile[2079,97609773585242.mockFlowFile,24B] from FlowFile[2078,97609773585242.mockFlowFile,24B]; routing to relationship simple
[pool-3361-thread-1] INFO org.apache.nifi.processors.standard.RouteText - RouteText[id=88577823-16f9-4de2-ba04-780edacb1bd8] Routing FlowFile[2078,97609773585242.mockFlowFile,24B] to original
[main] DEBUG org.apache.nifi.processors.standard.RouteText - RouteText[id=88577823-16f9-4de2-ba04-780edacb1bd8] Adding new dynamic property: PropertyDescriptor[simple]
[pool-3362-thread-1] INFO org.apache.nifi.processors.standard.RouteText - RouteText[id=88577823-16f9-4de2-ba04-780edacb1bd8] Created FlowFile[2081,97609773932781.mockFlowFile,24B] from FlowFile[2080,97609773932781.mockFlowFile,24B]; routing to relationship simple
[pool-3362-thread-1] INFO org.apache.nifi.processors.standard.RouteText - RouteText[id=88577823-16f9-4de2-ba04-780edacb1bd8] Routing FlowFile[2080,97609773932781.mockFlowFile,24B] to original
[main] DEBUG org.apache.nifi.processors.standard.RouteText - RouteText[id=88577823-16f9-4de2-ba04-780edacb1bd8] Adding new dynamic property: PropertyDescriptor[simple]
[pool-3363-thread-1] INFO org.apache.nifi.processors.standard.RouteText - RouteText[id=88577823-16f9-4de2-ba04-780edacb1bd8] Created FlowFile[2083,97609774317911.mockFlowFile,24B] from FlowFile[2082,97609774317911.mockFlowFile,24B]; routing to relationship simple
[pool-3363-thread-1] INFO org.apache.nifi.processors.standard.RouteText - RouteText[id=88577823-16f9-4de2-ba04-780edacb1bd8] Routing FlowFile[2082,97609774317911.mockFlowFile,24B] to original
[main] DEBUG org.apache.nifi.processors.standard.RouteText - RouteText[id=88577823-16f9-4de2-ba04-780edacb1bd8] Adding new dynamic property: PropertyDescriptor[simple]
[pool-3364-thread-1] INFO org.apache.nifi.processors.standard.RouteText - RouteText[id=88577823-16f9-4de2-ba04-780edacb1bd8] Created FlowFile[2085,97609774728154.mockFlowFile,24B] from FlowFile[2084,97609774728154.mockFlowFile,24B]; routing to relationship simple
[pool-3364-thread-1] INFO org.apache.nifi.processors.standard.RouteText - RouteText[id=88577823-16f9-4de2-ba04-780edacb1bd8] Routing FlowFile[2084,97609774728154.mockFlowFile,24B] to original
[main] DEBUG org.apache.nifi.processors.standard.RouteText - RouteText[id=88577823-16f9-4de2-ba04-780edacb1bd8] Adding new dynamic property: PropertyDescriptor[simple]
[pool-3365-thread-1] INFO org.apache.nifi.processors.standard.RouteText - RouteText[id=88577823-16f9-4de2-ba04-780edacb1bd8] Created FlowFile[2087,97609775212364.mockFlowFile,24B] from FlowFile[2086,97609775212364.mockFlowFile,24B]; routing to relationship simple
[pool-3365-thread-1] INFO org.apache.nifi.processors.standard.RouteText - RouteText[id=88577823-16f9-4de2-ba04-780edacb1bd8] Routing FlowFile[2086,97609775212364.mockFlowFile,24B] to original
[main] DEBUG org.apache.nifi.processors.standard.RouteText - RouteText[id=88577823-16f9-4de2-ba04-780edacb1bd8] Adding new dynamic property: PropertyDescriptor[simple]
[pool-3366-thread-1] INFO org.apache.nifi.processors.standard.RouteText - RouteText[id=88577823-16f9-4de2-ba04-780edacb1bd8] Created FlowFile[2089,97609775764486.mockFlowFile,24B] from FlowFile[2088,97609775764486.mockFlowFile,24B]; routing to relationship simple
[pool-3366-thread-1] INFO org.apache.nifi.processors.standard.RouteText - RouteText[id=88577823-16f9-4de2-ba04-780edacb1bd8] Routing FlowFile[2088,97609775764486.mockFlowFile,24B] to original
[main] DEBUG org.apache.nifi.processors.standard.RouteText - RouteText[id=88577823-16f9-4de2-ba04-780edacb1bd8] Adding new dynamic property: PropertyDescriptor[simple]
[pool-3367-thread-1] INFO org.apache.nifi.processors.standard.RouteText - RouteText[id=88577823-16f9-4de2-ba04-780edacb1bd8] Created FlowFile[2091,97609776237681.mockFlowFile,24B] from FlowFile[2090,97609776237681.mockFlowFile,24B]; routing to relationship simple
[pool-3367-thread-1] INFO org.apache.nifi.processors.standard.RouteText - RouteText[id=88577823-16f9-4de2-ba04-780edacb1bd8] Routing FlowFile[2090,97609776237681.mockFlowFile,24B] to original
[main] DEBUG org.apache.nifi.processors.standard.RouteText - RouteText[id=88577823-16f9-4de2-ba04-780edacb1bd8] Adding new dynamic property: PropertyDescriptor[simple]
[pool-3368-thread-1] INFO org.apache.nifi.processors.standard.RouteText - RouteText[id=88577823-16f9-4de2-ba04-780edacb1bd8] Created FlowFile[2093,97609776678736.mockFlowFile,24B] from FlowFile[2092,97609776678736.mockFlowFile,24B]; routing to relationship simple
[pool-3368-thread-1] INFO org.apache.nifi.processors.standard.RouteText - RouteText[id=88577823-16f9-4de2-ba04-780edacb1bd8] Routing FlowFile[2092,97609776678736.mockFlowFile,24B] to original
[main] DEBUG org.apache.nifi.processors.standard.RouteText - RouteText[id=88577823-16f9-4de2-ba04-780edacb1bd8] Adding new dynamic property: PropertyDescriptor[simple]
[pool-3369-thread-1] INFO org.apache.nifi.processors.standard.RouteText - RouteText[id=88577823-16f9-4de2-ba04-780edacb1bd8] Created FlowFile[2095,97609777107989.mockFlowFile,24B] from FlowFile[2094,97609777107989.mockFlowFile,24B]; routing to relationship simple
[pool-3369-thread-1] INFO org.apache.nifi.processors.standard.RouteText - RouteText[id=88577823-16f9-4de2-ba04-780edacb1bd8] Routing FlowFile[2094,97609777107989.mockFlowFile,24B] to original
[main] DEBUG org.apache.nifi.processors.standard.RouteText - RouteText[id=88577823-16f9-4de2-ba04-780edacb1bd8] Adding new dynamic property: PropertyDescriptor[simple]
[pool-3370-thread-1] INFO org.apache.nifi.processors.standard.RouteText - RouteText[id=88577823-16f9-4de2-ba04-780edacb1bd8] Created FlowFile[2097,97609777570528.mockFlowFile,24B] from FlowFile[2096,97609777570528.mockFlowFile,24B]; routing to relationship simple
[pool-3370-thread-1] INFO org.apache.nifi.processors.standard.RouteText - RouteText[id=88577823-16f9-4de2-ba04-780edacb1bd8] Routing FlowFile[2096,97609777570528.mockFlowFile,24B] to original
[main] DEBUG org.apache.nifi.processors.standard.RouteText - RouteText[id=88577823-16f9-4de2-ba04-780edacb1bd8] Adding new dynamic property: PropertyDescriptor[simple]
[pool-3371-thread-1] INFO org.apache.nifi.processors.standard.RouteText - RouteText[id=88577823-16f9-4de2-ba04-780edacb1bd8] Created FlowFile[2099,97609778019816.mockFlowFile,24B] from FlowFile[2098,97609778019816.mockFlowFile,24B]; routing to relationship simple
[pool-3371-thread-1] INFO org.apache.nifi.processors.standard.RouteText - RouteText[id=88577823-16f9-4de2-ba04-780edacb1bd8] Routing FlowFile[2098,97609778019816.mockFlowFile,24B] to original
[main] DEBUG org.apache.nifi.processors.standard.RouteText - RouteText[id=88577823-16f9-4de2-ba04-780edacb1bd8] Adding new dynamic property: PropertyDescriptor[simple]
[pool-3372-thread-1] INFO org.apache.nifi.processors.standard.RouteText - RouteText[id=88577823-16f9-4de2-ba04-780edacb1bd8] Created FlowFile[2101,97609778470591.mockFlowFile,24B] from FlowFile[2100,97609778470591.mockFlowFile,24B]; routing to relationship simple
[pool-3372-thread-1] INFO org.apache.nifi.processors.standard.RouteText - RouteText[id=88577823-16f9-4de2-ba04-780edacb1bd8] Routing FlowFile[2100,97609778470591.mockFlowFile,24B] to original
[main] DEBUG org.apache.nifi.processors.standard.RouteText - RouteText[id=88577823-16f9-4de2-ba04-780edacb1bd8] Adding new dynamic property: PropertyDescriptor[simple]
[pool-3373-thread-1] INFO org.apache.nifi.processors.standard.RouteText - RouteText[id=88577823-16f9-4de2-ba04-780edacb1bd8] Created FlowFile[2103,97609778924376.mockFlowFile,24B] from FlowFile[2102,97609778924376.mockFlowFile,24B]; routing to relationship simple
[pool-3373-thread-1] INFO org.apache.nifi.processors.standard.RouteText - RouteText[id=88577823-16f9-4de2-ba04-780edacb1bd8] Routing FlowFile[2102,97609778924376.mockFlowFile,24B] to original
[main] DEBUG org.apache.nifi.processors.standard.RouteText - RouteText[id=88577823-16f9-4de2-ba04-780edacb1bd8] Adding new dynamic property: PropertyDescriptor[simple]
[pool-3374-thread-1] INFO org.apache.nifi.processors.standard.RouteText - RouteText[id=88577823-16f9-4de2-ba04-780edacb1bd8] Created FlowFile[2105,97609779378443.mockFlowFile,24B] from FlowFile[2104,97609779378443.mockFlowFile,24B]; routing to relationship simple
[pool-3374-thread-1] INFO org.apache.nifi.processors.standard.RouteText - RouteText[id=88577823-16f9-4de2-ba04-780edacb1bd8] Routing FlowFile[2104,97609779378443.mockFlowFile,24B] to original
[main] DEBUG org.apache.nifi.processors.standard.RouteText - RouteText[id=88577823-16f9-4de2-ba04-780edacb1bd8] Adding new dynamic property: PropertyDescriptor[simple]
[pool-3375-thread-1] INFO org.apache.nifi.processors.standard.RouteText - RouteText[id=88577823-16f9-4de2-ba04-780edacb1bd8] Created FlowFile[2107,97609779850865.mockFlowFile,24B] from FlowFile[2106,97609779850865.mockFlowFile,24B]; routing to relationship simple
[pool-3375-thread-1] INFO org.apache.nifi.processors.standard.RouteText - RouteText[id=88577823-16f9-4de2-ba04-780edacb1bd8] Routing FlowFile[2106,97609779850865.mockFlowFile,24B] to original
[main] DEBUG org.apache.nifi.processors.standard.RouteText - RouteText[id=88577823-16f9-4de2-ba04-780edacb1bd8] Adding new dynamic property: PropertyDescriptor[simple]
[pool-3376-thread-1] INFO org.apache.nifi.processors.standard.RouteText - RouteText[id=88577823-16f9-4de2-ba04-780edacb1bd8] Created FlowFile[2109,97609780669288.mockFlowFile,24B] from FlowFile[2108,97609780669288.mockFlowFile,24B]; routing to relationship simple
[pool-3376-thread-1] INFO org.apache.nifi.processors.standard.RouteText - RouteText[id=88577823-16f9-4de2-ba04-780edacb1bd8] Routing FlowFile[2108,97609780669288.mockFlowFile,24B] to original
[main] DEBUG org.apache.nifi.processors.standard.RouteText - RouteText[id=88577823-16f9-4de2-ba04-780edacb1bd8] Adding new dynamic property: PropertyDescriptor[simple]
[pool-3377-thread-1] INFO org.apache.nifi.processors.standard.RouteText - RouteText[id=88577823-16f9-4de2-ba04-780edacb1bd8] Created FlowFile[2111,97609781284747.mockFlowFile,24B] from FlowFile[2110,97609781284747.mockFlowFile,24B]; routing to relationship simple
[pool-3377-thread-1] INFO org.apache.nifi.processors.standard.RouteText - RouteText[id=88577823-16f9-4de2-ba04-780edacb1bd8] Routing FlowFile[2110,97609781284747.mockFlowFile,24B] to original
[main] DEBUG org.apache.nifi.processors.standard.RouteText - RouteText[id=88577823-16f9-4de2-ba04-780edacb1bd8] Adding new dynamic property: PropertyDescriptor[simple]
[pool-3378-thread-1] INFO org.apache.nifi.processors.standard.RouteText - RouteText[id=88577823-16f9-4de2-ba04-780edacb1bd8] Created FlowFile[2113,97609781913715.mockFlowFile,24B] from FlowFile[2112,97609781913715.mockFlowFile,24B]; routing to relationship simple
[pool-3378-thread-1] INFO org.apache.nifi.processors.standard.RouteText - RouteText[id=88577823-16f9-4de2-ba04-780edacb1bd8] Routing FlowFile[2112,97609781913715.mockFlowFile,24B] to original
[main] DEBUG org.apache.nifi.processors.standard.RouteText - RouteText[id=88577823-16f9-4de2-ba04-780edacb1bd8] Adding new dynamic property: PropertyDescriptor[simple]
[pool-3379-thread-1] INFO org.apache.nifi.processors.standard.RouteText - RouteText[id=88577823-16f9-4de2-ba04-780edacb1bd8] Created FlowFile[2115,97609782530730.mockFlowFile,24B] from FlowFile[2114,97609782530730.mockFlowFile,24B]; routing to relationship simple
[pool-3379-thread-1] INFO org.apache.nifi.processors.standard.RouteText - RouteText[id=88577823-16f9-4de2-ba04-780edacb1bd8] Routing FlowFile[2114,97609782530730.mockFlowFile,24B] to original
[main] DEBUG org.apache.nifi.processors.standard.RouteText - RouteText[id=88577823-16f9-4de2-ba04-780edacb1bd8] Adding new dynamic property: PropertyDescriptor[simple]
[pool-3380-thread-1] INFO org.apache.nifi.processors.standard.RouteText - RouteText[id=88577823-16f9-4de2-ba04-780edacb1bd8] Created FlowFile[2117,97609783317295.mockFlowFile,24B] from FlowFile[2116,97609783317295.mockFlowFile,24B]; routing to relationship simple
[pool-3380-thread-1] INFO org.apache.nifi.processors.standard.RouteText - RouteText[id=88577823-16f9-4de2-ba04-780edacb1bd8] Routing FlowFile[2116,97609783317295.mockFlowFile,24B] to original
[main] DEBUG org.apache.nifi.processors.standard.RouteText - RouteText[id=88577823-16f9-4de2-ba04-780edacb1bd8] Adding new dynamic property: PropertyDescriptor[simple]
[pool-3381-thread-1] INFO org.apache.nifi.processors.standard.RouteText - RouteText[id=88577823-16f9-4de2-ba04-780edacb1bd8] Created FlowFile[2119,97609783918152.mockFlowFile,24B] from FlowFile[2118,97609783918152.mockFlowFile,24B]; routing to relationship simple
[pool-3381-thread-1] INFO org.apache.nifi.processors.standard.RouteText - RouteText[id=88577823-16f9-4de2-ba04-780edacb1bd8] Routing FlowFile[2118,97609783918152.mockFlowFile,24B] to original
[main] DEBUG org.apache.nifi.processors.standard.RouteText - RouteText[id=88577823-16f9-4de2-ba04-780edacb1bd8] Adding new dynamic property: PropertyDescriptor[simple]
[pool-3382-thread-1] INFO org.apache.nifi.processors.standard.RouteText - RouteText[id=88577823-16f9-4de2-ba04-780edacb1bd8] Created FlowFile[2121,97609784544688.mockFlowFile,24B] from FlowFile[2120,97609784544688.mockFlowFile,24B]; routing to relationship simple
[pool-3382-thread-1] INFO org.apache.nifi.processors.standard.RouteText - RouteText[id=88577823-16f9-4de2-ba04-780edacb1bd8] Routing FlowFile[2120,97609784544688.mockFlowFile,24B] to original
[main] DEBUG org.apache.nifi.processors.standard.RouteText - RouteText[id=88577823-16f9-4de2-ba04-780edacb1bd8] Adding new dynamic property: PropertyDescriptor[simple]
[pool-3383-thread-1] INFO org.apache.nifi.processors.standard.RouteText - RouteText[id=88577823-16f9-4de2-ba04-780edacb1bd8] Created FlowFile[2123,97609785139117.mockFlowFile,24B] from FlowFile[2122,97609785139117.mockFlowFile,24B]; routing to relationship simple
[pool-3383-thread-1] INFO org.apache.nifi.processors.standard.RouteText - RouteText[id=88577823-16f9-4de2-ba04-780edacb1bd8] Routing FlowFile[2122,97609785139117.mockFlowFile,24B] to original
[main] DEBUG org.apache.nifi.processors.standard.RouteText - RouteText[id=88577823-16f9-4de2-ba04-780edacb1bd8] Adding new dynamic property: PropertyDescriptor[simple]
[pool-3384-thread-1] INFO org.apache.nifi.processors.standard.RouteText - RouteText[id=88577823-16f9-4de2-ba04-780edacb1bd8] Created FlowFile[2125,97609785721016.mockFlowFile,24B] from FlowFile[2124,97609785721016.mockFlowFile,24B]; routing to relationship simple
[pool-3384-thread-1] INFO org.apache.nifi.processors.standard.RouteText - RouteText[id=88577823-16f9-4de2-ba04-780edacb1bd8] Routing FlowFile[2124,97609785721016.mockFlowFile,24B] to original
[main] DEBUG org.apache.nifi.processors.standard.RouteText - RouteText[id=88577823-16f9-4de2-ba04-780edacb1bd8] Adding new dynamic property: PropertyDescriptor[simple]
[pool-3385-thread-1] INFO org.apache.nifi.processors.standard.RouteText - RouteText[id=88577823-16f9-4de2-ba04-780edacb1bd8] Created FlowFile[2127,97609786288561.mockFlowFile,24B] from FlowFile[2126,97609786288561.mockFlowFile,24B]; routing to relationship simple
[pool-3385-thread-1] INFO org.apache.nifi.processors.standard.RouteText - RouteText[id=88577823-16f9-4de2-ba04-780edacb1bd8] Routing FlowFile[2126,97609786288561.mockFlowFile,24B] to original
[main] DEBUG org.apache.nifi.processors.standard.RouteText - RouteText[id=88577823-16f9-4de2-ba04-780edacb1bd8] Adding new dynamic property: PropertyDescriptor[simple]
[pool-3386-thread-1] INFO org.apache.nifi.processors.standard.RouteText - RouteText[id=88577823-16f9-4de2-ba04-780edacb1bd8] Created FlowFile[2129,97609786845791.mockFlowFile,24B] from FlowFile[2128,97609786845791.mockFlowFile,24B]; routing to relationship simple
[pool-3386-thread-1] INFO org.apache.nifi.processors.standard.RouteText - RouteText[id=88577823-16f9-4de2-ba04-780edacb1bd8] Routing FlowFile[2128,97609786845791.mockFlowFile,24B] to original
[main] DEBUG org.apache.nifi.processors.standard.RouteText - RouteText[id=88577823-16f9-4de2-ba04-780edacb1bd8] Adding new dynamic property: PropertyDescriptor[simple]
[pool-3387-thread-1] INFO org.apache.nifi.processors.standard.RouteText - RouteText[id=88577823-16f9-4de2-ba04-780edacb1bd8] Created FlowFile[2131,97609787386696.mockFlowFile,24B] from FlowFile[2130,97609787386696.mockFlowFile,24B]; routing to relationship simple
[pool-3387-thread-1] INFO org.apache.nifi.processors.standard.RouteText - RouteText[id=88577823-16f9-4de2-ba04-780edacb1bd8] Routing FlowFile[2130,97609787386696.mockFlowFile,24B] to original
[main] DEBUG org.apache.nifi.processors.standard.RouteText - RouteText[id=88577823-16f9-4de2-ba04-780edacb1bd8] Adding new dynamic property: PropertyDescriptor[simple]
[pool-3388-thread-1] INFO org.apache.nifi.processors.standard.RouteText - RouteText[id=88577823-16f9-4de2-ba04-780edacb1bd8] Created FlowFile[2133,97609787935535.mockFlowFile,24B] from FlowFile[2132,97609787935535.mockFlowFile,24B]; routing to relationship simple
[pool-3388-thread-1] INFO org.apache.nifi.processors.standard.RouteText - RouteText[id=88577823-16f9-4de2-ba04-780edacb1bd8] Routing FlowFile[2132,97609787935535.mockFlowFile,24B] to original
[main] DEBUG org.apache.nifi.processors.standard.RouteText - RouteText[id=88577823-16f9-4de2-ba04-780edacb1bd8] Adding new dynamic property: PropertyDescriptor[simple]
[pool-3389-thread-1] INFO org.apache.nifi.processors.standard.RouteText - RouteText[id=88577823-16f9-4de2-ba04-780edacb1bd8] Created FlowFile[2135,97609788524193.mockFlowFile,24B] from FlowFile[2134,97609788524193.mockFlowFile,24B]; routing to relationship simple
[pool-3389-thread-1] INFO org.apache.nifi.processors.standard.RouteText - RouteText[id=88577823-16f9-4de2-ba04-780edacb1bd8] Routing FlowFile[2134,97609788524193.mockFlowFile,24B] to original
[main] DEBUG org.apache.nifi.processors.standard.RouteText - RouteText[id=88577823-16f9-4de2-ba04-780edacb1bd8] Adding new dynamic property: PropertyDescriptor[simple]
[pool-3390-thread-1] INFO org.apache.nifi.processors.standard.RouteText - RouteText[id=88577823-16f9-4de2-ba04-780edacb1bd8] Created FlowFile[2137,97609788995440.mockFlowFile,24B] from FlowFile[2136,97609788995440.mockFlowFile,24B]; routing to relationship simple
[pool-3390-thread-1] INFO org.apache.nifi.processors.standard.RouteText - RouteText[id=88577823-16f9-4de2-ba04-780edacb1bd8] Routing FlowFile[2136,97609788995440.mockFlowFile,24B] to original
[main] DEBUG org.apache.nifi.processors.standard.RouteText - RouteText[id=88577823-16f9-4de2-ba04-780edacb1bd8] Adding new dynamic property: PropertyDescriptor[simple]
[pool-3391-thread-1] INFO org.apache.nifi.processors.standard.RouteText - RouteText[id=88577823-16f9-4de2-ba04-780edacb1bd8] Created FlowFile[2139,97609789535761.mockFlowFile,24B] from FlowFile[2138,97609789535761.mockFlowFile,24B]; routing to relationship simple
[pool-3391-thread-1] INFO org.apache.nifi.processors.standard.RouteText - RouteText[id=88577823-16f9-4de2-ba04-780edacb1bd8] Routing FlowFile[2138,97609789535761.mockFlowFile,24B] to original
[main] DEBUG org.apache.nifi.processors.standard.RouteText - RouteText[id=88577823-16f9-4de2-ba04-780edacb1bd8] Adding new dynamic property: PropertyDescriptor[simple]
[pool-3392-thread-1] INFO org.apache.nifi.processors.standard.RouteText - RouteText[id=88577823-16f9-4de2-ba04-780edacb1bd8] Created FlowFile[2141,97609790066753.mockFlowFile,24B] from FlowFile[2140,97609790066753.mockFlowFile,24B]; routing to relationship simple
[pool-3392-thread-1] INFO org.apache.nifi.processors.standard.RouteText - RouteText[id=88577823-16f9-4de2-ba04-780edacb1bd8] Routing FlowFile[2140,97609790066753.mockFlowFile,24B] to original
[main] DEBUG org.apache.nifi.processors.standard.RouteText - RouteText[id=88577823-16f9-4de2-ba04-780edacb1bd8] Adding new dynamic property: PropertyDescriptor[simple]
[pool-3393-thread-1] INFO org.apache.nifi.processors.standard.RouteText - RouteText[id=88577823-16f9-4de2-ba04-780edacb1bd8] Created FlowFile[2143,97609790489475.mockFlowFile,24B] from FlowFile[2142,97609790489475.mockFlowFile,24B]; routing to relationship simple
[pool-3393-thread-1] INFO org.apache.nifi.processors.standard.RouteText - RouteText[id=88577823-16f9-4de2-ba04-780edacb1bd8] Routing FlowFile[2142,97609790489475.mockFlowFile,24B] to original
[main] DEBUG org.apache.nifi.processors.standard.RouteText - RouteText[id=88577823-16f9-4de2-ba04-780edacb1bd8] Adding new dynamic property: PropertyDescriptor[simple]
[pool-3394-thread-1] INFO org.apache.nifi.processors.standard.RouteText - RouteText[id=88577823-16f9-4de2-ba04-780edacb1bd8] Created FlowFile[2145,97609790922862.mockFlowFile,24B] from FlowFile[2144,97609790922862.mockFlowFile,24B]; routing to relationship simple
[pool-3394-thread-1] INFO org.apache.nifi.processors.standard.RouteText - RouteText[id=88577823-16f9-4de2-ba04-780edacb1bd8] Routing FlowFile[2144,97609790922862.mockFlowFile,24B] to original
[main] DEBUG org.apache.nifi.processors.standard.RouteText - RouteText[id=88577823-16f9-4de2-ba04-780edacb1bd8] Adding new dynamic property: PropertyDescriptor[simple]
[pool-3395-thread-1] INFO org.apache.nifi.processors.standard.RouteText - RouteText[id=88577823-16f9-4de2-ba04-780edacb1bd8] Created FlowFile[2147,97609791517679.mockFlowFile,24B] from FlowFile[2146,97609791517679.mockFlowFile,24B]; routing to relationship simple
[pool-3395-thread-1] INFO org.apache.nifi.processors.standard.RouteText - RouteText[id=88577823-16f9-4de2-ba04-780edacb1bd8] Routing FlowFile[2146,97609791517679.mockFlowFile,24B] to original
[main] DEBUG org.apache.nifi.processors.standard.RouteText - RouteText[id=88577823-16f9-4de2-ba04-780edacb1bd8] Adding new dynamic property: PropertyDescriptor[simple]
[pool-3396-thread-1] INFO org.apache.nifi.processors.standard.RouteText - RouteText[id=88577823-16f9-4de2-ba04-780edacb1bd8] Created FlowFile[2149,97609792056878.mockFlowFile,24B] from FlowFile[2148,97609792056878.mockFlowFile,24B]; routing to relationship simple
[pool-3396-thread-1] INFO org.apache.nifi.processors.standard.RouteText - RouteText[id=88577823-16f9-4de2-ba04-780edacb1bd8] Routing FlowFile[2148,97609792056878.mockFlowFile,24B] to original
[main] DEBUG org.apache.nifi.processors.standard.RouteText - RouteText[id=88577823-16f9-4de2-ba04-780edacb1bd8] Adding new dynamic property: PropertyDescriptor[simple]
[pool-3397-thread-1] INFO org.apache.nifi.processors.standard.RouteText - RouteText[id=88577823-16f9-4de2-ba04-780edacb1bd8] Created FlowFile[2151,97609792701975.mockFlowFile,24B] from FlowFile[2150,97609792701975.mockFlowFile,24B]; routing to relationship simple
[pool-3397-thread-1] INFO org.apache.nifi.processors.standard.RouteText - RouteText[id=88577823-16f9-4de2-ba04-780edacb1bd8] Routing FlowFile[2150,97609792701975.mockFlowFile,24B] to original
[main] DEBUG org.apache.nifi.processors.standard.RouteText - RouteText[id=88577823-16f9-4de2-ba04-780edacb1bd8] Adding new dynamic property: PropertyDescriptor[simple]
[pool-3398-thread-1] INFO org.apache.nifi.processors.standard.RouteText - RouteText[id=88577823-16f9-4de2-ba04-780edacb1bd8] Created FlowFile[2153,97609793265589.mockFlowFile,24B] from FlowFile[2152,97609793265589.mockFlowFile,24B]; routing to relationship simple
[pool-3398-thread-1] INFO org.apache.nifi.processors.standard.RouteText - RouteText[id=88577823-16f9-4de2-ba04-780edacb1bd8] Routing FlowFile[2152,97609793265589.mockFlowFile,24B] to original
[main] DEBUG org.apache.nifi.processors.standard.RouteText - RouteText[id=88577823-16f9-4de2-ba04-780edacb1bd8] Adding new dynamic property: PropertyDescriptor[simple]
[pool-3399-thread-1] INFO org.apache.nifi.processors.standard.RouteText - RouteText[id=88577823-16f9-4de2-ba04-780edacb1bd8] Created FlowFile[2155,97609793832806.mockFlowFile,24B] from FlowFile[2154,97609793832806.mockFlowFile,24B]; routing to relationship simple
[pool-3399-thread-1] INFO org.apache.nifi.processors.standard.RouteText - RouteText[id=88577823-16f9-4de2-ba04-780edacb1bd8] Routing FlowFile[2154,97609793832806.mockFlowFile,24B] to original
[main] DEBUG org.apache.nifi.processors.standard.RouteText - RouteText[id=88577823-16f9-4de2-ba04-780edacb1bd8] Adding new dynamic property: PropertyDescriptor[simple]
[pool-3400-thread-1] INFO org.apache.nifi.processors.standard.RouteText - RouteText[id=88577823-16f9-4de2-ba04-780edacb1bd8] Created FlowFile[2157,97609794310867.mockFlowFile,24B] from FlowFile[2156,97609794310867.mockFlowFile,24B]; routing to relationship simple
[pool-3400-thread-1] INFO org.apache.nifi.processors.standard.RouteText - RouteText[id=88577823-16f9-4de2-ba04-780edacb1bd8] Routing FlowFile[2156,97609794310867.mockFlowFile,24B] to original
[main] DEBUG org.apache.nifi.processors.standard.RouteText - RouteText[id=88577823-16f9-4de2-ba04-780edacb1bd8] Adding new dynamic property: PropertyDescriptor[simple]
[pool-3401-thread-1] INFO org.apache.nifi.processors.standard.RouteText - RouteText[id=88577823-16f9-4de2-ba04-780edacb1bd8] Created FlowFile[2159,97609794806215.mockFlowFile,24B] from FlowFile[2158,97609794806215.mockFlowFile,24B]; routing to relationship simple
[pool-3401-thread-1] INFO org.apache.nifi.processors.standard.RouteText - RouteText[id=88577823-16f9-4de2-ba04-780edacb1bd8] Routing FlowFile[2158,97609794806215.mockFlowFile,24B] to original
[main] DEBUG org.apache.nifi.processors.standard.RouteText - RouteText[id=88577823-16f9-4de2-ba04-780edacb1bd8] Adding new dynamic property: PropertyDescriptor[simple]
[pool-3402-thread-1] INFO org.apache.nifi.processors.standard.RouteText - RouteText[id=88577823-16f9-4de2-ba04-780edacb1bd8] Created FlowFile[2161,97609795407890.mockFlowFile,24B] from FlowFile[2160,97609795407890.mockFlowFile,24B]; routing to relationship simple
[pool-3402-thread-1] INFO org.apache.nifi.processors.standard.RouteText - RouteText[id=88577823-16f9-4de2-ba04-780edacb1bd8] Routing FlowFile[2160,97609795407890.mockFlowFile,24B] to original
[main] DEBUG org.apache.nifi.processors.standard.RouteText - RouteText[id=88577823-16f9-4de2-ba04-780edacb1bd8] Adding new dynamic property: PropertyDescriptor[simple]
[pool-3403-thread-1] INFO org.apache.nifi.processors.standard.RouteText - RouteText[id=88577823-16f9-4de2-ba04-780edacb1bd8] Created FlowFile[2163,97609795952103.mockFlowFile,24B] from FlowFile[2162,97609795952103.mockFlowFile,24B]; routing to relationship simple
[pool-3403-thread-1] INFO org.apache.nifi.processors.standard.RouteText - RouteText[id=88577823-16f9-4de2-ba04-780edacb1bd8] Routing FlowFile[2162,97609795952103.mockFlowFile,24B] to original
[main] DEBUG org.apache.nifi.processors.standard.RouteText - RouteText[id=88577823-16f9-4de2-ba04-780edacb1bd8] Adding new dynamic property: PropertyDescriptor[simple]
[pool-3404-thread-1] INFO org.apache.nifi.processors.standard.RouteText - RouteText[id=88577823-16f9-4de2-ba04-780edacb1bd8] Created FlowFile[2165,97609796638200.mockFlowFile,24B] from FlowFile[2164,97609796638200.mockFlowFile,24B]; routing to relationship simple
[pool-3404-thread-1] INFO org.apache.nifi.processors.standard.RouteText - RouteText[id=88577823-16f9-4de2-ba04-780edacb1bd8] Routing FlowFile[2164,97609796638200.mockFlowFile,24B] to original
[main] DEBUG org.apache.nifi.processors.standard.RouteText - RouteText[id=88577823-16f9-4de2-ba04-780edacb1bd8] Adding new dynamic property: PropertyDescriptor[simple]
[pool-3405-thread-1] INFO org.apache.nifi.processors.standard.RouteText - RouteText[id=88577823-16f9-4de2-ba04-780edacb1bd8] Created FlowFile[2167,97609797211020.mockFlowFile,24B] from FlowFile[2166,97609797211020.mockFlowFile,24B]; routing to relationship simple
[pool-3405-thread-1] INFO org.apache.nifi.processors.standard.RouteText - RouteText[id=88577823-16f9-4de2-ba04-780edacb1bd8] Routing FlowFile[2166,97609797211020.mockFlowFile,24B] to original
[main] DEBUG org.apache.nifi.processors.standard.RouteText - RouteText[id=88577823-16f9-4de2-ba04-780edacb1bd8] Adding new dynamic property: PropertyDescriptor[simple]
[pool-3406-thread-1] INFO org.apache.nifi.processors.standard.RouteText - RouteText[id=88577823-16f9-4de2-ba04-780edacb1bd8] Created FlowFile[2169,97609797768399.mockFlowFile,24B] from FlowFile[2168,97609797768399.mockFlowFile,24B]; routing to relationship simple
[pool-3406-thread-1] INFO org.apache.nifi.processors.standard.RouteText - RouteText[id=88577823-16f9-4de2-ba04-780edacb1bd8] Routing FlowFile[2168,97609797768399.mockFlowFile,24B] to original
[main] DEBUG org.apache.nifi.processors.standard.RouteText - RouteText[id=88577823-16f9-4de2-ba04-780edacb1bd8] Adding new dynamic property: PropertyDescriptor[simple]
[pool-3407-thread-1] INFO org.apache.nifi.processors.standard.RouteText - RouteText[id=88577823-16f9-4de2-ba04-780edacb1bd8] Created FlowFile[2171,97609798257225.mockFlowFile,24B] from FlowFile[2170,97609798257225.mockFlowFile,24B]; routing to relationship simple
[pool-3407-thread-1] INFO org.apache.nifi.processors.standard.RouteText - RouteText[id=88577823-16f9-4de2-ba04-780edacb1bd8] Routing FlowFile[2170,97609798257225.mockFlowFile,24B] to original
[main] DEBUG org.apache.nifi.processors.standard.RouteText - RouteText[id=88577823-16f9-4de2-ba04-780edacb1bd8] Adding new dynamic property: PropertyDescriptor[simple]
[pool-3408-thread-1] INFO org.apache.nifi.processors.standard.RouteText - RouteText[id=88577823-16f9-4de2-ba04-780edacb1bd8] Created FlowFile[2173,97609798909174.mockFlowFile,24B] from FlowFile[2172,97609798909174.mockFlowFile,24B]; routing to relationship simple
[pool-3408-thread-1] INFO org.apache.nifi.processors.standard.RouteText - RouteText[id=88577823-16f9-4de2-ba04-780edacb1bd8] Routing FlowFile[2172,97609798909174.mockFlowFile,24B] to original
[main] DEBUG org.apache.nifi.processors.standard.RouteText - RouteText[id=88577823-16f9-4de2-ba04-780edacb1bd8] Adding new dynamic property: PropertyDescriptor[simple]
[pool-3409-thread-1] INFO org.apache.nifi.processors.standard.RouteText - RouteText[id=88577823-16f9-4de2-ba04-780edacb1bd8] Created FlowFile[2175,97609799546678.mockFlowFile,24B] from FlowFile[2174,97609799546678.mockFlowFile,24B]; routing to relationship simple
[pool-3409-thread-1] INFO org.apache.nifi.processors.standard.RouteText - RouteText[id=88577823-16f9-4de2-ba04-780edacb1bd8] Routing FlowFile[2174,97609799546678.mockFlowFile,24B] to original
[main] DEBUG org.apache.nifi.processors.standard.RouteText - RouteText[id=88577823-16f9-4de2-ba04-780edacb1bd8] Adding new dynamic property: PropertyDescriptor[simple]
[pool-3410-thread-1] INFO org.apache.nifi.processors.standard.RouteText - RouteText[id=88577823-16f9-4de2-ba04-780edacb1bd8] Created FlowFile[2177,97609800168544.mockFlowFile,24B] from FlowFile[2176,97609800168544.mockFlowFile,24B]; routing to relationship simple
[pool-3410-thread-1] INFO org.apache.nifi.processors.standard.RouteText - RouteText[id=88577823-16f9-4de2-ba04-780edacb1bd8] Routing FlowFile[2176,97609800168544.mockFlowFile,24B] to original
[main] DEBUG org.apache.nifi.processors.standard.RouteText - RouteText[id=88577823-16f9-4de2-ba04-780edacb1bd8] Adding new dynamic property: PropertyDescriptor[simple]
[pool-3411-thread-1] INFO org.apache.nifi.processors.standard.RouteText - RouteText[id=88577823-16f9-4de2-ba04-780edacb1bd8] Created FlowFile[2179,97609800822399.mockFlowFile,24B] from FlowFile[2178,97609800822399.mockFlowFile,24B]; routing to relationship simple
[pool-3411-thread-1] INFO org.apache.nifi.processors.standard.RouteText - RouteText[id=88577823-16f9-4de2-ba04-780edacb1bd8] Routing FlowFile[2178,97609800822399.mockFlowFile,24B] to original
[main] DEBUG org.apache.nifi.processors.standard.RouteText - RouteText[id=88577823-16f9-4de2-ba04-780edacb1bd8] Adding new dynamic property: PropertyDescriptor[simple]
[pool-3412-thread-1] INFO org.apache.nifi.processors.standard.RouteText - RouteText[id=88577823-16f9-4de2-ba04-780edacb1bd8] Created FlowFile[2181,97609801281573.mockFlowFile,24B] from FlowFile[2180,97609801281573.mockFlowFile,24B]; routing to relationship simple
[pool-3412-thread-1] INFO org.apache.nifi.processors.standard.RouteText - RouteText[id=88577823-16f9-4de2-ba04-780edacb1bd8] Routing FlowFile[2180,97609801281573.mockFlowFile,24B] to original
[main] DEBUG org.apache.nifi.processors.standard.RouteText - RouteText[id=88577823-16f9-4de2-ba04-780edacb1bd8] Adding new dynamic property: PropertyDescriptor[simple]
[pool-3413-thread-1] INFO org.apache.nifi.processors.standard.RouteText - RouteText[id=88577823-16f9-4de2-ba04-780edacb1bd8] Created FlowFile[2183,97609801717880.mockFlowFile,24B] from FlowFile[2182,97609801717880.mockFlowFile,24B]; routing to relationship simple
[pool-3413-thread-1] INFO org.apache.nifi.processors.standard.RouteText - RouteText[id=88577823-16f9-4de2-ba04-780edacb1bd8] Routing FlowFile[2182,97609801717880.mockFlowFile,24B] to original
[main] DEBUG org.apache.nifi.processors.standard.RouteText - RouteText[id=88577823-16f9-4de2-ba04-780edacb1bd8] Adding new dynamic property: PropertyDescriptor[simple]
[pool-3414-thread-1] INFO org.apache.nifi.processors.standard.RouteText - RouteText[id=88577823-16f9-4de2-ba04-780edacb1bd8] Created FlowFile[2185,97609802122787.mockFlowFile,24B] from FlowFile[2184,97609802122787.mockFlowFile,24B]; routing to relationship simple
[pool-3414-thread-1] INFO org.apache.nifi.processors.standard.RouteText - RouteText[id=88577823-16f9-4de2-ba04-780edacb1bd8] Routing FlowFile[2184,97609802122787.mockFlowFile,24B] to original
[main] DEBUG org.apache.nifi.processors.standard.RouteText - RouteText[id=88577823-16f9-4de2-ba04-780edacb1bd8] Adding new dynamic property: PropertyDescriptor[simple]
[pool-3415-thread-1] INFO org.apache.nifi.processors.standard.RouteText - RouteText[id=88577823-16f9-4de2-ba04-780edacb1bd8] Created FlowFile[2187,97609802524278.mockFlowFile,24B] from FlowFile[2186,97609802524278.mockFlowFile,24B]; routing to relationship simple
[pool-3415-thread-1] INFO org.apache.nifi.processors.standard.RouteText - RouteText[id=88577823-16f9-4de2-ba04-780edacb1bd8] Routing FlowFile[2186,97609802524278.mockFlowFile,24B] to original
[main] DEBUG org.apache.nifi.processors.standard.RouteText - RouteText[id=88577823-16f9-4de2-ba04-780edacb1bd8] Adding new dynamic property: PropertyDescriptor[simple]
[pool-3416-thread-1] INFO org.apache.nifi.processors.standard.RouteText - RouteText[id=88577823-16f9-4de2-ba04-780edacb1bd8] Created FlowFile[2189,97609802913208.mockFlowFile,24B] from FlowFile[2188,97609802913208.mockFlowFile,24B]; routing to relationship simple
[pool-3416-thread-1] INFO org.apache.nifi.processors.standard.RouteText - RouteText[id=88577823-16f9-4de2-ba04-780edacb1bd8] Routing FlowFile[2188,97609802913208.mockFlowFile,24B] to original
[main] DEBUG org.apache.nifi.processors.standard.RouteText - RouteText[id=88577823-16f9-4de2-ba04-780edacb1bd8] Adding new dynamic property: PropertyDescriptor[simple]
[pool-3417-thread-1] INFO org.apache.nifi.processors.standard.RouteText - RouteText[id=88577823-16f9-4de2-ba04-780edacb1bd8] Created FlowFile[2191,97609803299641.mockFlowFile,24B] from FlowFile[2190,97609803299641.mockFlowFile,24B]; routing to relationship simple
[pool-3417-thread-1] INFO org.apache.nifi.processors.standard.RouteText - RouteText[id=88577823-16f9-4de2-ba04-780edacb1bd8] Routing FlowFile[2190,97609803299641.mockFlowFile,24B] to original
[main] DEBUG org.apache.nifi.processors.standard.RouteText - RouteText[id=88577823-16f9-4de2-ba04-780edacb1bd8] Adding new dynamic property: PropertyDescriptor[simple]
[pool-3418-thread-1] INFO org.apache.nifi.processors.standard.RouteText - RouteText[id=88577823-16f9-4de2-ba04-780edacb1bd8] Created FlowFile[2193,97609803697008.mockFlowFile,24B] from FlowFile[2192,97609803697008.mockFlowFile,24B]; routing to relationship simple
[pool-3418-thread-1] INFO org.apache.nifi.processors.standard.RouteText - RouteText[id=88577823-16f9-4de2-ba04-780edacb1bd8] Routing FlowFile[2192,97609803697008.mockFlowFile,24B] to original
[main] DEBUG org.apache.nifi.processors.standard.RouteText - RouteText[id=88577823-16f9-4de2-ba04-780edacb1bd8] Adding new dynamic property: PropertyDescriptor[simple]
[pool-3419-thread-1] INFO org.apache.nifi.processors.standard.RouteText - RouteText[id=88577823-16f9-4de2-ba04-780edacb1bd8] Created FlowFile[2195,97609804118665.mockFlowFile,24B] from FlowFile[2194,97609804118665.mockFlowFile,24B]; routing to relationship simple
[pool-3419-thread-1] INFO org.apache.nifi.processors.standard.RouteText - RouteText[id=88577823-16f9-4de2-ba04-780edacb1bd8] Routing FlowFile[2194,97609804118665.mockFlowFile,24B] to original
[main] DEBUG org.apache.nifi.processors.standard.RouteText - RouteText[id=88577823-16f9-4de2-ba04-780edacb1bd8] Adding new dynamic property: PropertyDescriptor[simple]
[pool-3420-thread-1] INFO org.apache.nifi.processors.standard.RouteText - RouteText[id=88577823-16f9-4de2-ba04-780edacb1bd8] Created FlowFile[2197,97609804653321.mockFlowFile,24B] from FlowFile[2196,97609804653321.mockFlowFile,24B]; routing to relationship simple
[pool-3420-thread-1] INFO org.apache.nifi.processors.standard.RouteText - RouteText[id=88577823-16f9-4de2-ba04-780edacb1bd8] Routing FlowFile[2196,97609804653321.mockFlowFile,24B] to original
[main] DEBUG org.apache.nifi.processors.standard.RouteText - RouteText[id=88577823-16f9-4de2-ba04-780edacb1bd8] Adding new dynamic property: PropertyDescriptor[simple]
[pool-3421-thread-1] INFO org.apache.nifi.processors.standard.RouteText - RouteText[id=88577823-16f9-4de2-ba04-780edacb1bd8] Created FlowFile[2199,97609805220481.mockFlowFile,24B] from FlowFile[2198,97609805220481.mockFlowFile,24B]; routing to relationship simple
[pool-3421-thread-1] INFO org.apache.nifi.processors.standard.RouteText - RouteText[id=88577823-16f9-4de2-ba04-780edacb1bd8] Routing FlowFile[2198,97609805220481.mockFlowFile,24B] to original
[main] DEBUG org.apache.nifi.processors.standard.RouteText - RouteText[id=88577823-16f9-4de2-ba04-780edacb1bd8] Adding new dynamic property: PropertyDescriptor[simple]
[pool-3422-thread-1] INFO org.apache.nifi.processors.standard.RouteText - RouteText[id=88577823-16f9-4de2-ba04-780edacb1bd8] Created FlowFile[2201,97609805720785.mockFlowFile,24B] from FlowFile[2200,97609805720785.mockFlowFile,24B]; routing to relationship simple
[pool-3422-thread-1] INFO org.apache.nifi.processors.standard.RouteText - RouteText[id=88577823-16f9-4de2-ba04-780edacb1bd8] Routing FlowFile[2200,97609805720785.mockFlowFile,24B] to original
[main] DEBUG org.apache.nifi.processors.standard.RouteText - RouteText[id=88577823-16f9-4de2-ba04-780edacb1bd8] Adding new dynamic property: PropertyDescriptor[simple]
[pool-3423-thread-1] INFO org.apache.nifi.processors.standard.RouteText - RouteText[id=88577823-16f9-4de2-ba04-780edacb1bd8] Created FlowFile[2203,97609806147586.mockFlowFile,24B] from FlowFile[2202,97609806147586.mockFlowFile,24B]; routing to relationship simple
[pool-3423-thread-1] INFO org.apache.nifi.processors.standard.RouteText - RouteText[id=88577823-16f9-4de2-ba04-780edacb1bd8] Routing FlowFile[2202,97609806147586.mockFlowFile,24B] to original
[main] DEBUG org.apache.nifi.processors.standard.RouteText - RouteText[id=88577823-16f9-4de2-ba04-780edacb1bd8] Adding new dynamic property: PropertyDescriptor[simple]
[pool-3424-thread-1] INFO org.apache.nifi.processors.standard.RouteText - RouteText[id=88577823-16f9-4de2-ba04-780edacb1bd8] Created FlowFile[2205,97609806643171.mockFlowFile,24B] from FlowFile[2204,97609806643171.mockFlowFile,24B]; routing to relationship simple
[pool-3424-thread-1] INFO org.apache.nifi.processors.standard.RouteText - RouteText[id=88577823-16f9-4de2-ba04-780edacb1bd8] Routing FlowFile[2204,97609806643171.mockFlowFile,24B] to original
[main] DEBUG org.apache.nifi.processors.standard.RouteText - RouteText[id=88577823-16f9-4de2-ba04-780edacb1bd8] Adding new dynamic property: PropertyDescriptor[simple]
[pool-3425-thread-1] INFO org.apache.nifi.processors.standard.RouteText - RouteText[id=88577823-16f9-4de2-ba04-780edacb1bd8] Created FlowFile[2207,97609807144983.mockFlowFile,24B] from FlowFile[2206,97609807144983.mockFlowFile,24B]; routing to relationship simple
[pool-3425-thread-1] INFO org.apache.nifi.processors.standard.RouteText - RouteText[id=88577823-16f9-4de2-ba04-780edacb1bd8] Routing FlowFile[2206,97609807144983.mockFlowFile,24B] to original
[main] DEBUG org.apache.nifi.processors.standard.RouteText - RouteText[id=88577823-16f9-4de2-ba04-780edacb1bd8] Adding new dynamic property: PropertyDescriptor[simple]
[pool-3426-thread-1] INFO org.apache.nifi.processors.standard.RouteText - RouteText[id=88577823-16f9-4de2-ba04-780edacb1bd8] Created FlowFile[2209,97609807657934.mockFlowFile,24B] from FlowFile[2208,97609807657934.mockFlowFile,24B]; routing to relationship simple
[pool-3426-thread-1] INFO org.apache.nifi.processors.standard.RouteText - RouteText[id=88577823-16f9-4de2-ba04-780edacb1bd8] Routing FlowFile[2208,97609807657934.mockFlowFile,24B] to original
[main] DEBUG org.apache.nifi.processors.standard.RouteText - RouteText[id=88577823-16f9-4de2-ba04-780edacb1bd8] Adding new dynamic property: PropertyDescriptor[simple]
[pool-3427-thread-1] INFO org.apache.nifi.processors.standard.RouteText - RouteText[id=88577823-16f9-4de2-ba04-780edacb1bd8] Created FlowFile[2211,97609808183429.mockFlowFile,24B] from FlowFile[2210,97609808183429.mockFlowFile,24B]; routing to relationship simple
[pool-3427-thread-1] INFO org.apache.nifi.processors.standard.RouteText - RouteText[id=88577823-16f9-4de2-ba04-780edacb1bd8] Routing FlowFile[2210,97609808183429.mockFlowFile,24B] to original
[main] DEBUG org.apache.nifi.processors.standard.RouteText - RouteText[id=88577823-16f9-4de2-ba04-780edacb1bd8] Adding new dynamic property: PropertyDescriptor[simple]
[pool-3428-thread-1] INFO org.apache.nifi.processors.standard.RouteText - RouteText[id=88577823-16f9-4de2-ba04-780edacb1bd8] Created FlowFile[2213,97609808789617.mockFlowFile,24B] from FlowFile[2212,97609808789617.mockFlowFile,24B]; routing to relationship simple
[pool-3428-thread-1] INFO org.apache.nifi.processors.standard.RouteText - RouteText[id=88577823-16f9-4de2-ba04-780edacb1bd8] Routing FlowFile[2212,97609808789617.mockFlowFile,24B] to original
[main] DEBUG org.apache.nifi.processors.standard.RouteText - RouteText[id=88577823-16f9-4de2-ba04-780edacb1bd8] Adding new dynamic property: PropertyDescriptor[simple]
[pool-3429-thread-1] INFO org.apache.nifi.processors.standard.RouteText - RouteText[id=88577823-16f9-4de2-ba04-780edacb1bd8] Created FlowFile[2215,97609809292610.mockFlowFile,24B] from FlowFile[2214,97609809292610.mockFlowFile,24B]; routing to relationship simple
[pool-3429-thread-1] INFO org.apache.nifi.processors.standard.RouteText - RouteText[id=88577823-16f9-4de2-ba04-780edacb1bd8] Routing FlowFile[2214,97609809292610.mockFlowFile,24B] to original
[main] DEBUG org.apache.nifi.processors.standard.RouteText - RouteText[id=88577823-16f9-4de2-ba04-780edacb1bd8] Adding new dynamic property: PropertyDescriptor[simple]
[pool-3430-thread-1] INFO org.apache.nifi.processors.standard.RouteText - RouteText[id=88577823-16f9-4de2-ba04-780edacb1bd8] Created FlowFile[2217,97609809792911.mockFlowFile,24B] from FlowFile[2216,97609809792911.mockFlowFile,24B]; routing to relationship simple
[pool-3430-thread-1] INFO org.apache.nifi.processors.standard.RouteText - RouteText[id=88577823-16f9-4de2-ba04-780edacb1bd8] Routing FlowFile[2216,97609809792911.mockFlowFile,24B] to original
[main] DEBUG org.apache.nifi.processors.standard.RouteText - RouteText[id=88577823-16f9-4de2-ba04-780edacb1bd8] Adding new dynamic property: PropertyDescriptor[simple]
[pool-3431-thread-1] INFO org.apache.nifi.processors.standard.RouteText - RouteText[id=88577823-16f9-4de2-ba04-780edacb1bd8] Created FlowFile[2219,97609810265640.mockFlowFile,24B] from FlowFile[2218,97609810265640.mockFlowFile,24B]; routing to relationship simple
[pool-3431-thread-1] INFO org.apache.nifi.processors.standard.RouteText - RouteText[id=88577823-16f9-4de2-ba04-780edacb1bd8] Routing FlowFile[2218,97609810265640.mockFlowFile,24B] to original
[main] DEBUG org.apache.nifi.processors.standard.RouteText - RouteText[id=88577823-16f9-4de2-ba04-780edacb1bd8] Adding new dynamic property: PropertyDescriptor[simple]
[pool-3432-thread-1] INFO org.apache.nifi.processors.standard.RouteText - RouteText[id=88577823-16f9-4de2-ba04-780edacb1bd8] Created FlowFile[2221,97609810793812.mockFlowFile,24B] from FlowFile[2220,97609810793812.mockFlowFile,24B]; routing to relationship simple
[pool-3432-thread-1] INFO org.apache.nifi.processors.standard.RouteText - RouteText[id=88577823-16f9-4de2-ba04-780edacb1bd8] Routing FlowFile[2220,97609810793812.mockFlowFile,24B] to original
[main] DEBUG org.apache.nifi.processors.standard.RouteText - RouteText[id=88577823-16f9-4de2-ba04-780edacb1bd8] Adding new dynamic property: PropertyDescriptor[simple]
[pool-3433-thread-1] INFO org.apache.nifi.processors.standard.RouteText - RouteText[id=88577823-16f9-4de2-ba04-780edacb1bd8] Created FlowFile[2223,97609811280810.mockFlowFile,24B] from FlowFile[2222,97609811280810.mockFlowFile,24B]; routing to relationship simple
[pool-3433-thread-1] INFO org.apache.nifi.processors.standard.RouteText - RouteText[id=88577823-16f9-4de2-ba04-780edacb1bd8] Routing FlowFile[2222,97609811280810.mockFlowFile,24B] to original
[main] DEBUG org.apache.nifi.processors.standard.RouteText - RouteText[id=88577823-16f9-4de2-ba04-780edacb1bd8] Adding new dynamic property: PropertyDescriptor[simple]
[pool-3434-thread-1] INFO org.apache.nifi.processors.standard.RouteText - RouteText[id=88577823-16f9-4de2-ba04-780edacb1bd8] Created FlowFile[2225,97609811834273.mockFlowFile,24B] from FlowFile[2224,97609811834273.mockFlowFile,24B]; routing to relationship simple
[pool-3434-thread-1] INFO org.apache.nifi.processors.standard.RouteText - RouteText[id=88577823-16f9-4de2-ba04-780edacb1bd8] Routing FlowFile[2224,97609811834273.mockFlowFile,24B] to original
[main] DEBUG org.apache.nifi.processors.standard.RouteText - RouteText[id=88577823-16f9-4de2-ba04-780edacb1bd8] Adding new dynamic property: PropertyDescriptor[simple]
[pool-3435-thread-1] INFO org.apache.nifi.processors.standard.RouteText - RouteText[id=88577823-16f9-4de2-ba04-780edacb1bd8] Created FlowFile[2227,97609812393996.mockFlowFile,24B] from FlowFile[2226,97609812393996.mockFlowFile,24B]; routing to relationship simple
[pool-3435-thread-1] INFO org.apache.nifi.processors.standard.RouteText - RouteText[id=88577823-16f9-4de2-ba04-780edacb1bd8] Routing FlowFile[2226,97609812393996.mockFlowFile,24B] to original
[main] DEBUG org.apache.nifi.processors.standard.RouteText - RouteText[id=88577823-16f9-4de2-ba04-780edacb1bd8] Adding new dynamic property: PropertyDescriptor[simple]
[pool-3436-thread-1] INFO org.apache.nifi.processors.standard.RouteText - RouteText[id=88577823-16f9-4de2-ba04-780edacb1bd8] Created FlowFile[2229,97609812914697.mockFlowFile,24B] from FlowFile[2228,97609812914697.mockFlowFile,24B]; routing to relationship simple
[pool-3436-thread-1] INFO org.apache.nifi.processors.standard.RouteText - RouteText[id=88577823-16f9-4de2-ba04-780edacb1bd8] Routing FlowFile[2228,97609812914697.mockFlowFile,24B] to original
[main] DEBUG org.apache.nifi.processors.standard.RouteText - RouteText[id=88577823-16f9-4de2-ba04-780edacb1bd8] Adding new dynamic property: PropertyDescriptor[simple]
[pool-3437-thread-1] INFO org.apache.nifi.processors.standard.RouteText - RouteText[id=88577823-16f9-4de2-ba04-780edacb1bd8] Created FlowFile[2231,97609813438157.mockFlowFile,24B] from FlowFile[2230,97609813438157.mockFlowFile,24B]; routing to relationship simple
[pool-3437-thread-1] INFO org.apache.nifi.processors.standard.RouteText - RouteText[id=88577823-16f9-4de2-ba04-780edacb1bd8] Routing FlowFile[2230,97609813438157.mockFlowFile,24B] to original
[main] DEBUG org.apache.nifi.processors.standard.RouteText - RouteText[id=88577823-16f9-4de2-ba04-780edacb1bd8] Adding new dynamic property: PropertyDescriptor[simple]
[pool-3438-thread-1] INFO org.apache.nifi.processors.standard.RouteText - RouteText[id=88577823-16f9-4de2-ba04-780edacb1bd8] Created FlowFile[2233,97609813964899.mockFlowFile,24B] from FlowFile[2232,97609813964899.mockFlowFile,24B]; routing to relationship simple
[pool-3438-thread-1] INFO org.apache.nifi.processors.standard.RouteText - RouteText[id=88577823-16f9-4de2-ba04-780edacb1bd8] Routing FlowFile[2232,97609813964899.mockFlowFile,24B] to original
[main] DEBUG org.apache.nifi.processors.standard.RouteText - RouteText[id=88577823-16f9-4de2-ba04-780edacb1bd8] Adding new dynamic property: PropertyDescriptor[simple]
[pool-3439-thread-1] INFO org.apache.nifi.processors.standard.RouteText - RouteText[id=88577823-16f9-4de2-ba04-780edacb1bd8] Created FlowFile[2235,97609814521332.mockFlowFile,24B] from FlowFile[2234,97609814521332.mockFlowFile,24B]; routing to relationship simple
[pool-3439-thread-1] INFO org.apache.nifi.processors.standard.RouteText - RouteText[id=88577823-16f9-4de2-ba04-780edacb1bd8] Routing FlowFile[2234,97609814521332.mockFlowFile,24B] to original
[main] DEBUG org.apache.nifi.processors.standard.RouteText - RouteText[id=88577823-16f9-4de2-ba04-780edacb1bd8] Adding new dynamic property: PropertyDescriptor[simple]
[pool-3440-thread-1] INFO org.apache.nifi.processors.standard.RouteText - RouteText[id=88577823-16f9-4de2-ba04-780edacb1bd8] Created FlowFile[2237,97609815056979.mockFlowFile,24B] from FlowFile[2236,97609815056979.mockFlowFile,24B]; routing to relationship simple
[pool-3440-thread-1] INFO org.apache.nifi.processors.standard.RouteText - RouteText[id=88577823-16f9-4de2-ba04-780edacb1bd8] Routing FlowFile[2236,97609815056979.mockFlowFile,24B] to original
[main] DEBUG org.apache.nifi.processors.standard.RouteText - RouteText[id=88577823-16f9-4de2-ba04-780edacb1bd8] Adding new dynamic property: PropertyDescriptor[simple]
[pool-3441-thread-1] INFO org.apache.nifi.processors.standard.RouteText - RouteText[id=88577823-16f9-4de2-ba04-780edacb1bd8] Created FlowFile[2239,97609815581870.mockFlowFile,24B] from FlowFile[2238,97609815581870.mockFlowFile,24B]; routing to relationship simple
[pool-3441-thread-1] INFO org.apache.nifi.processors.standard.RouteText - RouteText[id=88577823-16f9-4de2-ba04-780edacb1bd8] Routing FlowFile[2238,97609815581870.mockFlowFile,24B] to original
[main] DEBUG org.apache.nifi.processors.standard.RouteText - RouteText[id=88577823-16f9-4de2-ba04-780edacb1bd8] Adding new dynamic property: PropertyDescriptor[simple]
[pool-3442-thread-1] INFO org.apache.nifi.processors.standard.RouteText - RouteText[id=88577823-16f9-4de2-ba04-780edacb1bd8] Created FlowFile[2241,97609816125639.mockFlowFile,24B] from FlowFile[2240,97609816125639.mockFlowFile,24B]; routing to relationship simple
[pool-3442-thread-1] INFO org.apache.nifi.processors.standard.RouteText - RouteText[id=88577823-16f9-4de2-ba04-780edacb1bd8] Routing FlowFile[2240,97609816125639.mockFlowFile,24B] to original
[main] DEBUG org.apache.nifi.processors.standard.RouteText - RouteText[id=88577823-16f9-4de2-ba04-780edacb1bd8] Adding new dynamic property: PropertyDescriptor[simple]
[pool-3443-thread-1] INFO org.apache.nifi.processors.standard.RouteText - RouteText[id=88577823-16f9-4de2-ba04-780edacb1bd8] Created FlowFile[2243,97609816676154.mockFlowFile,24B] from FlowFile[2242,97609816676154.mockFlowFile,24B]; routing to relationship simple
[pool-3443-thread-1] INFO org.apache.nifi.processors.standard.RouteText - RouteText[id=88577823-16f9-4de2-ba04-780edacb1bd8] Routing FlowFile[2242,97609816676154.mockFlowFile,24B] to original
[main] DEBUG org.apache.nifi.processors.standard.RouteText - RouteText[id=88577823-16f9-4de2-ba04-780edacb1bd8] Adding new dynamic property: PropertyDescriptor[simple]
[pool-3444-thread-1] INFO org.apache.nifi.processors.standard.RouteText - RouteText[id=88577823-16f9-4de2-ba04-780edacb1bd8] Created FlowFile[2245,97609817224763.mockFlowFile,24B] from FlowFile[2244,97609817224763.mockFlowFile,24B]; routing to relationship simple
[pool-3444-thread-1] INFO org.apache.nifi.processors.standard.RouteText - RouteText[id=88577823-16f9-4de2-ba04-780edacb1bd8] Routing FlowFile[2244,97609817224763.mockFlowFile,24B] to original
[main] DEBUG org.apache.nifi.processors.standard.RouteText - RouteText[id=88577823-16f9-4de2-ba04-780edacb1bd8] Adding new dynamic property: PropertyDescriptor[simple]
[pool-3445-thread-1] INFO org.apache.nifi.processors.standard.RouteText - RouteText[id=88577823-16f9-4de2-ba04-780edacb1bd8] Created FlowFile[2247,97609817770919.mockFlowFile,24B] from FlowFile[2246,97609817770919.mockFlowFile,24B]; routing to relationship simple
[pool-3445-thread-1] INFO org.apache.nifi.processors.standard.RouteText - RouteText[id=88577823-16f9-4de2-ba04-780edacb1bd8] Routing FlowFile[2246,97609817770919.mockFlowFile,24B] to original
[main] DEBUG org.apache.nifi.processors.standard.RouteText - RouteText[id=88577823-16f9-4de2-ba04-780edacb1bd8] Adding new dynamic property: PropertyDescriptor[simple]
[pool-3446-thread-1] INFO org.apache.nifi.processors.standard.RouteText - RouteText[id=88577823-16f9-4de2-ba04-780edacb1bd8] Created FlowFile[2249,97609818281025.mockFlowFile,24B] from FlowFile[2248,97609818281025.mockFlowFile,24B]; routing to relationship simple
[pool-3446-thread-1] INFO org.apache.nifi.processors.standard.RouteText - RouteText[id=88577823-16f9-4de2-ba04-780edacb1bd8] Routing FlowFile[2248,97609818281025.mockFlowFile,24B] to original
[main] DEBUG org.apache.nifi.processors.standard.RouteText - RouteText[id=88577823-16f9-4de2-ba04-780edacb1bd8] Adding new dynamic property: PropertyDescriptor[simple]
[pool-3447-thread-1] INFO org.apache.nifi.processors.standard.RouteText - RouteText[id=88577823-16f9-4de2-ba04-780edacb1bd8] Created FlowFile[2251,97609818787319.mockFlowFile,24B] from FlowFile[2250,97609818787319.mockFlowFile,24B]; routing to relationship simple
[pool-3447-thread-1] INFO org.apache.nifi.processors.standard.RouteText - RouteText[id=88577823-16f9-4de2-ba04-780edacb1bd8] Routing FlowFile[2250,97609818787319.mockFlowFile,24B] to original
[main] DEBUG org.apache.nifi.processors.standard.RouteText - RouteText[id=88577823-16f9-4de2-ba04-780edacb1bd8] Adding new dynamic property: PropertyDescriptor[simple]
[pool-3448-thread-1] INFO org.apache.nifi.processors.standard.RouteText - RouteText[id=88577823-16f9-4de2-ba04-780edacb1bd8] Created FlowFile[2253,97609819300231.mockFlowFile,24B] from FlowFile[2252,97609819300231.mockFlowFile,24B]; routing to relationship simple
[pool-3448-thread-1] INFO org.apache.nifi.processors.standard.RouteText - RouteText[id=88577823-16f9-4de2-ba04-780edacb1bd8] Routing FlowFile[2252,97609819300231.mockFlowFile,24B] to original
[main] DEBUG org.apache.nifi.processors.standard.RouteText - RouteText[id=88577823-16f9-4de2-ba04-780edacb1bd8] Adding new dynamic property: PropertyDescriptor[simple]
[pool-3449-thread-1] INFO org.apache.nifi.processors.standard.RouteText - RouteText[id=88577823-16f9-4de2-ba04-780edacb1bd8] Created FlowFile[2255,97609819818928.mockFlowFile,24B] from FlowFile[2254,97609819818928.mockFlowFile,24B]; routing to relationship simple
[pool-3449-thread-1] INFO org.apache.nifi.processors.standard.RouteText - RouteText[id=88577823-16f9-4de2-ba04-780edacb1bd8] Routing FlowFile[2254,97609819818928.mockFlowFile,24B] to original
[main] DEBUG org.apache.nifi.processors.standard.RouteText - RouteText[id=88577823-16f9-4de2-ba04-780edacb1bd8] Adding new dynamic property: PropertyDescriptor[simple]
[pool-3450-thread-1] INFO org.apache.nifi.processors.standard.RouteText - RouteText[id=88577823-16f9-4de2-ba04-780edacb1bd8] Created FlowFile[2257,97609820670590.mockFlowFile,24B] from FlowFile[2256,97609820670590.mockFlowFile,24B]; routing to relationship simple
[pool-3450-thread-1] INFO org.apache.nifi.processors.standard.RouteText - RouteText[id=88577823-16f9-4de2-ba04-780edacb1bd8] Routing FlowFile[2256,97609820670590.mockFlowFile,24B] to original
[main] DEBUG org.apache.nifi.processors.standard.RouteText - RouteText[id=88577823-16f9-4de2-ba04-780edacb1bd8] Adding new dynamic property: PropertyDescriptor[simple]
[pool-3451-thread-1] INFO org.apache.nifi.processors.standard.RouteText - RouteText[id=88577823-16f9-4de2-ba04-780edacb1bd8] Created FlowFile[2259,97609821207171.mockFlowFile,24B] from FlowFile[2258,97609821207171.mockFlowFile,24B]; routing to relationship simple
[pool-3451-thread-1] INFO org.apache.nifi.processors.standard.RouteText - RouteText[id=88577823-16f9-4de2-ba04-780edacb1bd8] Routing FlowFile[2258,97609821207171.mockFlowFile,24B] to original
[main] DEBUG org.apache.nifi.processors.standard.RouteText - RouteText[id=88577823-16f9-4de2-ba04-780edacb1bd8] Adding new dynamic property: PropertyDescriptor[simple]
[pool-3452-thread-1] INFO org.apache.nifi.processors.standard.RouteText - RouteText[id=88577823-16f9-4de2-ba04-780edacb1bd8] Created FlowFile[2261,97609821749796.mockFlowFile,24B] from FlowFile[2260,97609821749796.mockFlowFile,24B]; routing to relationship simple
[pool-3452-thread-1] INFO org.apache.nifi.processors.standard.RouteText - RouteText[id=88577823-16f9-4de2-ba04-780edacb1bd8] Routing FlowFile[2260,97609821749796.mockFlowFile,24B] to original
[main] DEBUG org.apache.nifi.processors.standard.RouteText - RouteText[id=88577823-16f9-4de2-ba04-780edacb1bd8] Adding new dynamic property: PropertyDescriptor[simple]
[pool-3453-thread-1] INFO org.apache.nifi.processors.standard.RouteText - RouteText[id=88577823-16f9-4de2-ba04-780edacb1bd8] Created FlowFile[2263,97609822275095.mockFlowFile,24B] from FlowFile[2262,97609822275095.mockFlowFile,24B]; routing to relationship simple
[pool-3453-thread-1] INFO org.apache.nifi.processors.standard.RouteText - RouteText[id=88577823-16f9-4de2-ba04-780edacb1bd8] Routing FlowFile[2262,97609822275095.mockFlowFile,24B] to original
[main] DEBUG org.apache.nifi.processors.standard.RouteText - RouteText[id=88577823-16f9-4de2-ba04-780edacb1bd8] Adding new dynamic property: PropertyDescriptor[simple]
[pool-3454-thread-1] INFO org.apache.nifi.processors.standard.RouteText - RouteText[id=88577823-16f9-4de2-ba04-780edacb1bd8] Created FlowFile[2265,97609822772397.mockFlowFile,24B] from FlowFile[2264,97609822772397.mockFlowFile,24B]; routing to relationship simple
[pool-3454-thread-1] INFO org.apache.nifi.processors.standard.RouteText - RouteText[id=88577823-16f9-4de2-ba04-780edacb1bd8] Routing FlowFile[2264,97609822772397.mockFlowFile,24B] to original
[main] DEBUG org.apache.nifi.processors.standard.RouteText - RouteText[id=88577823-16f9-4de2-ba04-780edacb1bd8] Adding new dynamic property: PropertyDescriptor[simple]
[pool-3455-thread-1] INFO org.apache.nifi.processors.standard.RouteText - RouteText[id=88577823-16f9-4de2-ba04-780edacb1bd8] Created FlowFile[2267,97609823270548.mockFlowFile,24B] from FlowFile[2266,97609823270548.mockFlowFile,24B]; routing to relationship simple
[pool-3455-thread-1] INFO org.apache.nifi.processors.standard.RouteText - RouteText[id=88577823-16f9-4de2-ba04-780edacb1bd8] Routing FlowFile[2266,97609823270548.mockFlowFile,24B] to original
[main] DEBUG org.apache.nifi.processors.standard.RouteText - RouteText[id=88577823-16f9-4de2-ba04-780edacb1bd8] Adding new dynamic property: PropertyDescriptor[simple]
[pool-3456-thread-1] INFO org.apache.nifi.processors.standard.RouteText - RouteText[id=88577823-16f9-4de2-ba04-780edacb1bd8] Created FlowFile[2269,97609823778987.mockFlowFile,24B] from FlowFile[2268,97609823778987.mockFlowFile,24B]; routing to relationship simple
[pool-3456-thread-1] INFO org.apache.nifi.processors.standard.RouteText - RouteText[id=88577823-16f9-4de2-ba04-780edacb1bd8] Routing FlowFile[2268,97609823778987.mockFlowFile,24B] to original
[main] DEBUG org.apache.nifi.processors.standard.RouteText - RouteText[id=88577823-16f9-4de2-ba04-780edacb1bd8] Adding new dynamic property: PropertyDescriptor[simple]
[pool-3457-thread-1] INFO org.apache.nifi.processors.standard.RouteText - RouteText[id=88577823-16f9-4de2-ba04-780edacb1bd8] Created FlowFile[2271,97609824294523.mockFlowFile,24B] from FlowFile[2270,97609824294523.mockFlowFile,24B]; routing to relationship simple
[pool-3457-thread-1] INFO org.apache.nifi.processors.standard.RouteText - RouteText[id=88577823-16f9-4de2-ba04-780edacb1bd8] Routing FlowFile[2270,97609824294523.mockFlowFile,24B] to original
[main] DEBUG org.apache.nifi.processors.standard.RouteText - RouteText[id=88577823-16f9-4de2-ba04-780edacb1bd8] Adding new dynamic property: PropertyDescriptor[simple]
[pool-3458-thread-1] INFO org.apache.nifi.processors.standard.RouteText - RouteText[id=88577823-16f9-4de2-ba04-780edacb1bd8] Created FlowFile[2273,97609824807058.mockFlowFile,24B] from FlowFile[2272,97609824807058.mockFlowFile,24B]; routing to relationship simple
[pool-3458-thread-1] INFO org.apache.nifi.processors.standard.RouteText - RouteText[id=88577823-16f9-4de2-ba04-780edacb1bd8] Routing FlowFile[2272,97609824807058.mockFlowFile,24B] to original
[main] DEBUG org.apache.nifi.processors.standard.RouteText - RouteText[id=88577823-16f9-4de2-ba04-780edacb1bd8] Adding new dynamic property: PropertyDescriptor[simple]
[pool-3459-thread-1] INFO org.apache.nifi.processors.standard.RouteText - RouteText[id=88577823-16f9-4de2-ba04-780edacb1bd8] Created FlowFile[2275,97609825309024.mockFlowFile,24B] from FlowFile[2274,97609825309024.mockFlowFile,24B]; routing to relationship simple
[pool-3459-thread-1] INFO org.apache.nifi.processors.standard.RouteText - RouteText[id=88577823-16f9-4de2-ba04-780edacb1bd8] Routing FlowFile[2274,97609825309024.mockFlowFile,24B] to original
[main] DEBUG org.apache.nifi.processors.standard.RouteText - RouteText[id=88577823-16f9-4de2-ba04-780edacb1bd8] Adding new dynamic property: PropertyDescriptor[simple]
[pool-3460-thread-1] INFO org.apache.nifi.processors.standard.RouteText - RouteText[id=88577823-16f9-4de2-ba04-780edacb1bd8] Created FlowFile[2277,97609825788403.mockFlowFile,24B] from FlowFile[2276,97609825788403.mockFlowFile,24B]; routing to relationship simple
[pool-3460-thread-1] INFO org.apache.nifi.processors.standard.RouteText - RouteText[id=88577823-16f9-4de2-ba04-780edacb1bd8] Routing FlowFile[2276,97609825788403.mockFlowFile,24B] to original
[main] DEBUG org.apache.nifi.processors.standard.RouteText - RouteText[id=88577823-16f9-4de2-ba04-780edacb1bd8] Adding new dynamic property: PropertyDescriptor[simple]
[pool-3461-thread-1] INFO org.apache.nifi.processors.standard.RouteText - RouteText[id=88577823-16f9-4de2-ba04-780edacb1bd8] Created FlowFile[2279,97609826282981.mockFlowFile,24B] from FlowFile[2278,97609826282981.mockFlowFile,24B]; routing to relationship simple
[pool-3461-thread-1] INFO org.apache.nifi.processors.standard.RouteText - RouteText[id=88577823-16f9-4de2-ba04-780edacb1bd8] Routing FlowFile[2278,97609826282981.mockFlowFile,24B] to original
[main] DEBUG org.apache.nifi.processors.standard.RouteText - RouteText[id=88577823-16f9-4de2-ba04-780edacb1bd8] Adding new dynamic property: PropertyDescriptor[simple]
[pool-3462-thread-1] INFO org.apache.nifi.processors.standard.RouteText - RouteText[id=88577823-16f9-4de2-ba04-780edacb1bd8] Created FlowFile[2281,97609826775656.mockFlowFile,24B] from FlowFile[2280,97609826775656.mockFlowFile,24B]; routing to relationship simple
[pool-3462-thread-1] INFO org.apache.nifi.processors.standard.RouteText - RouteText[id=88577823-16f9-4de2-ba04-780edacb1bd8] Routing FlowFile[2280,97609826775656.mockFlowFile,24B] to original
[main] DEBUG org.apache.nifi.processors.standard.RouteText - RouteText[id=88577823-16f9-4de2-ba04-780edacb1bd8] Adding new dynamic property: PropertyDescriptor[simple]
[pool-3463-thread-1] INFO org.apache.nifi.processors.standard.RouteText - RouteText[id=88577823-16f9-4de2-ba04-780edacb1bd8] Created FlowFile[2283,97609827266844.mockFlowFile,24B] from FlowFile[2282,97609827266844.mockFlowFile,24B]; routing to relationship simple
[pool-3463-thread-1] INFO org.apache.nifi.processors.standard.RouteText - RouteText[id=88577823-16f9-4de2-ba04-780edacb1bd8] Routing FlowFile[2282,97609827266844.mockFlowFile,24B] to original
[main] DEBUG org.apache.nifi.processors.standard.RouteText - RouteText[id=88577823-16f9-4de2-ba04-780edacb1bd8] Adding new dynamic property: PropertyDescriptor[simple]
[pool-3464-thread-1] INFO org.apache.nifi.processors.standard.RouteText - RouteText[id=88577823-16f9-4de2-ba04-780edacb1bd8] Created FlowFile[2285,97609827960209.mockFlowFile,24B] from FlowFile[2284,97609827960209.mockFlowFile,24B]; routing to relationship simple
[pool-3464-thread-1] INFO org.apache.nifi.processors.standard.RouteText - RouteText[id=88577823-16f9-4de2-ba04-780edacb1bd8] Routing FlowFile[2284,97609827960209.mockFlowFile,24B] to original
[main] DEBUG org.apache.nifi.processors.standard.RouteText - RouteText[id=88577823-16f9-4de2-ba04-780edacb1bd8] Adding new dynamic property: PropertyDescriptor[simple]
[pool-3465-thread-1] INFO org.apache.nifi.processors.standard.RouteText - RouteText[id=88577823-16f9-4de2-ba04-780edacb1bd8] Created FlowFile[2287,97609828562134.mockFlowFile,24B] from FlowFile[2286,97609828562134.mockFlowFile,24B]; routing to relationship simple
[pool-3465-thread-1] INFO org.apache.nifi.processors.standard.RouteText - RouteText[id=88577823-16f9-4de2-ba04-780edacb1bd8] Routing FlowFile[2286,97609828562134.mockFlowFile,24B] to original
[main] DEBUG org.apache.nifi.processors.standard.RouteText - RouteText[id=88577823-16f9-4de2-ba04-780edacb1bd8] Adding new dynamic property: PropertyDescriptor[simple]
[pool-3466-thread-1] INFO org.apache.nifi.processors.standard.RouteText - RouteText[id=88577823-16f9-4de2-ba04-780edacb1bd8] Created FlowFile[2289,97609829107775.mockFlowFile,24B] from FlowFile[2288,97609829107775.mockFlowFile,24B]; routing to relationship simple
[pool-3466-thread-1] INFO org.apache.nifi.processors.standard.RouteText - RouteText[id=88577823-16f9-4de2-ba04-780edacb1bd8] Routing FlowFile[2288,97609829107775.mockFlowFile,24B] to original
[main] DEBUG org.apache.nifi.processors.standard.RouteText - RouteText[id=88577823-16f9-4de2-ba04-780edacb1bd8] Adding new dynamic property: PropertyDescriptor[simple]
[pool-3467-thread-1] INFO org.apache.nifi.processors.standard.RouteText - RouteText[id=88577823-16f9-4de2-ba04-780edacb1bd8] Created FlowFile[2291,97609829663964.mockFlowFile,24B] from FlowFile[2290,97609829663964.mockFlowFile,24B]; routing to relationship simple
[pool-3467-thread-1] INFO org.apache.nifi.processors.standard.RouteText - RouteText[id=88577823-16f9-4de2-ba04-780edacb1bd8] Routing FlowFile[2290,97609829663964.mockFlowFile,24B] to original
[main] DEBUG org.apache.nifi.processors.standard.RouteText - RouteText[id=88577823-16f9-4de2-ba04-780edacb1bd8] Adding new dynamic property: PropertyDescriptor[simple]
[pool-3468-thread-1] INFO org.apache.nifi.processors.standard.RouteText - RouteText[id=88577823-16f9-4de2-ba04-780edacb1bd8] Created FlowFile[2293,97609830202373.mockFlowFile,24B] from FlowFile[2292,97609830202373.mockFlowFile,24B]; routing to relationship simple
[pool-3468-thread-1] INFO org.apache.nifi.processors.standard.RouteText - RouteText[id=88577823-16f9-4de2-ba04-780edacb1bd8] Routing FlowFile[2292,97609830202373.mockFlowFile,24B] to original
[main] DEBUG org.apache.nifi.processors.standard.RouteText - RouteText[id=88577823-16f9-4de2-ba04-780edacb1bd8] Adding new dynamic property: PropertyDescriptor[simple]
[pool-3469-thread-1] INFO org.apache.nifi.processors.standard.RouteText - RouteText[id=88577823-16f9-4de2-ba04-780edacb1bd8] Created FlowFile[2295,97609830775787.mockFlowFile,24B] from FlowFile[2294,97609830775787.mockFlowFile,24B]; routing to relationship simple
[pool-3469-thread-1] INFO org.apache.nifi.processors.standard.RouteText - RouteText[id=88577823-16f9-4de2-ba04-780edacb1bd8] Routing FlowFile[2294,97609830775787.mockFlowFile,24B] to original
[main] DEBUG org.apache.nifi.processors.standard.RouteText - RouteText[id=88577823-16f9-4de2-ba04-780edacb1bd8] Adding new dynamic property: PropertyDescriptor[simple]
[pool-3470-thread-1] INFO org.apache.nifi.processors.standard.RouteText - RouteText[id=88577823-16f9-4de2-ba04-780edacb1bd8] Created FlowFile[2297,97609831304810.mockFlowFile,24B] from FlowFile[2296,97609831304810.mockFlowFile,24B]; routing to relationship simple
[pool-3470-thread-1] INFO org.apache.nifi.processors.standard.RouteText - RouteText[id=88577823-16f9-4de2-ba04-780edacb1bd8] Routing FlowFile[2296,97609831304810.mockFlowFile,24B] to original
[main] DEBUG org.apache.nifi.processors.standard.RouteText - RouteText[id=88577823-16f9-4de2-ba04-780edacb1bd8] Adding new dynamic property: PropertyDescriptor[simple]
[pool-3471-thread-1] INFO org.apache.nifi.processors.standard.RouteText - RouteText[id=88577823-16f9-4de2-ba04-780edacb1bd8] Created FlowFile[2299,97609831840191.mockFlowFile,24B] from FlowFile[2298,97609831840191.mockFlowFile,24B]; routing to relationship simple
[pool-3471-thread-1] INFO org.apache.nifi.processors.standard.RouteText - RouteText[id=88577823-16f9-4de2-ba04-780edacb1bd8] Routing FlowFile[2298,97609831840191.mockFlowFile,24B] to original
[main] DEBUG org.apache.nifi.processors.standard.RouteText - RouteText[id=88577823-16f9-4de2-ba04-780edacb1bd8] Adding new dynamic property: PropertyDescriptor[simple]
[pool-3472-thread-1] INFO org.apache.nifi.processors.standard.RouteText - RouteText[id=88577823-16f9-4de2-ba04-780edacb1bd8] Created FlowFile[2301,97609832500631.mockFlowFile,24B] from FlowFile[2300,97609832500631.mockFlowFile,24B]; routing to relationship simple
[pool-3472-thread-1] INFO org.apache.nifi.processors.standard.RouteText - RouteText[id=88577823-16f9-4de2-ba04-780edacb1bd8] Routing FlowFile[2300,97609832500631.mockFlowFile,24B] to original
[main] DEBUG org.apache.nifi.processors.standard.RouteText - RouteText[id=88577823-16f9-4de2-ba04-780edacb1bd8] Adding new dynamic property: PropertyDescriptor[simple]
[pool-3473-thread-1] INFO org.apache.nifi.processors.standard.RouteText - RouteText[id=88577823-16f9-4de2-ba04-780edacb1bd8] Created FlowFile[2303,97609833143419.mockFlowFile,24B] from FlowFile[2302,97609833143419.mockFlowFile,24B]; routing to relationship simple
[pool-3473-thread-1] INFO org.apache.nifi.processors.standard.RouteText - RouteText[id=88577823-16f9-4de2-ba04-780edacb1bd8] Routing FlowFile[2302,97609833143419.mockFlowFile,24B] to original
[main] DEBUG org.apache.nifi.processors.standard.RouteText - RouteText[id=88577823-16f9-4de2-ba04-780edacb1bd8] Adding new dynamic property: PropertyDescriptor[simple]
[pool-3474-thread-1] INFO org.apache.nifi.processors.standard.RouteText - RouteText[id=88577823-16f9-4de2-ba04-780edacb1bd8] Created FlowFile[2305,97609833813198.mockFlowFile,24B] from FlowFile[2304,97609833813198.mockFlowFile,24B]; routing to relationship simple
[pool-3474-thread-1] INFO org.apache.nifi.processors.standard.RouteText - RouteText[id=88577823-16f9-4de2-ba04-780edacb1bd8] Routing FlowFile[2304,97609833813198.mockFlowFile,24B] to original
[main] DEBUG org.apache.nifi.processors.standard.RouteText - RouteText[id=88577823-16f9-4de2-ba04-780edacb1bd8] Adding new dynamic property: PropertyDescriptor[simple]
[pool-3475-thread-1] INFO org.apache.nifi.processors.standard.RouteText - RouteText[id=88577823-16f9-4de2-ba04-780edacb1bd8] Created FlowFile[2307,97609834702520.mockFlowFile,24B] from FlowFile[2306,97609834702520.mockFlowFile,24B]; routing to relationship simple
[pool-3475-thread-1] INFO org.apache.nifi.processors.standard.RouteText - RouteText[id=88577823-16f9-4de2-ba04-780edacb1bd8] Routing FlowFile[2306,97609834702520.mockFlowFile,24B] to original
[main] DEBUG org.apache.nifi.processors.standard.RouteText - RouteText[id=88577823-16f9-4de2-ba04-780edacb1bd8] Adding new dynamic property: PropertyDescriptor[simple]
[pool-3476-thread-1] INFO org.apache.nifi.processors.standard.RouteText - RouteText[id=88577823-16f9-4de2-ba04-780edacb1bd8] Created FlowFile[2309,97609835370971.mockFlowFile,24B] from FlowFile[2308,97609835370971.mockFlowFile,24B]; routing to relationship simple
[pool-3476-thread-1] INFO org.apache.nifi.processors.standard.RouteText - RouteText[id=88577823-16f9-4de2-ba04-780edacb1bd8] Routing FlowFile[2308,97609835370971.mockFlowFile,24B] to original
[main] DEBUG org.apache.nifi.processors.standard.RouteText - RouteText[id=88577823-16f9-4de2-ba04-780edacb1bd8] Adding new dynamic property: PropertyDescriptor[simple]
[pool-3477-thread-1] INFO org.apache.nifi.processors.standard.RouteText - RouteText[id=88577823-16f9-4de2-ba04-780edacb1bd8] Created FlowFile[2311,97609835944553.mockFlowFile,24B] from FlowFile[2310,97609835944553.mockFlowFile,24B]; routing to relationship simple
[pool-3477-thread-1] INFO org.apache.nifi.processors.standard.RouteText - RouteText[id=88577823-16f9-4de2-ba04-780edacb1bd8] Routing FlowFile[2310,97609835944553.mockFlowFile,24B] to original
[main] DEBUG org.apache.nifi.processors.standard.RouteText - RouteText[id=88577823-16f9-4de2-ba04-780edacb1bd8] Adding new dynamic property: PropertyDescriptor[simple]
[pool-3478-thread-1] INFO org.apache.nifi.processors.standard.RouteText - RouteText[id=88577823-16f9-4de2-ba04-780edacb1bd8] Created FlowFile[2313,97609836486895.mockFlowFile,24B] from FlowFile[2312,97609836486895.mockFlowFile,24B]; routing to relationship simple
[pool-3478-thread-1] INFO org.apache.nifi.processors.standard.RouteText - RouteText[id=88577823-16f9-4de2-ba04-780edacb1bd8] Routing FlowFile[2312,97609836486895.mockFlowFile,24B] to original
[main] DEBUG org.apache.nifi.processors.standard.RouteText - RouteText[id=88577823-16f9-4de2-ba04-780edacb1bd8] Adding new dynamic property: PropertyDescriptor[simple]
[pool-3479-thread-1] INFO org.apache.nifi.processors.standard.RouteText - RouteText[id=88577823-16f9-4de2-ba04-780edacb1bd8] Created FlowFile[2315,97609837033006.mockFlowFile,24B] from FlowFile[2314,97609837033006.mockFlowFile,24B]; routing to relationship simple
[pool-3479-thread-1] INFO org.apache.nifi.processors.standard.RouteText - RouteText[id=88577823-16f9-4de2-ba04-780edacb1bd8] Routing FlowFile[2314,97609837033006.mockFlowFile,24B] to original
[main] DEBUG org.apache.nifi.processors.standard.RouteText - RouteText[id=88577823-16f9-4de2-ba04-780edacb1bd8] Adding new dynamic property: PropertyDescriptor[simple]
[pool-3480-thread-1] INFO org.apache.nifi.processors.standard.RouteText - RouteText[id=88577823-16f9-4de2-ba04-780edacb1bd8] Created FlowFile[2317,97609837601721.mockFlowFile,24B] from FlowFile[2316,97609837601721.mockFlowFile,24B]; routing to relationship simple
[pool-3480-thread-1] INFO org.apache.nifi.processors.standard.RouteText - RouteText[id=88577823-16f9-4de2-ba04-780edacb1bd8] Routing FlowFile[2316,97609837601721.mockFlowFile,24B] to original
[main] DEBUG org.apache.nifi.processors.standard.RouteText - RouteText[id=88577823-16f9-4de2-ba04-780edacb1bd8] Adding new dynamic property: PropertyDescriptor[simple]
[pool-3481-thread-1] INFO org.apache.nifi.processors.standard.RouteText - RouteText[id=88577823-16f9-4de2-ba04-780edacb1bd8] Created FlowFile[2319,97609838142693.mockFlowFile,24B] from FlowFile[2318,97609838142693.mockFlowFile,24B]; routing to relationship simple
[pool-3481-thread-1] INFO org.apache.nifi.processors.standard.RouteText - RouteText[id=88577823-16f9-4de2-ba04-780edacb1bd8] Routing FlowFile[2318,97609838142693.mockFlowFile,24B] to original
[main] DEBUG org.apache.nifi.processors.standard.RouteText - RouteText[id=88577823-16f9-4de2-ba04-780edacb1bd8] Adding new dynamic property: PropertyDescriptor[simple]
[pool-3482-thread-1] INFO org.apache.nifi.processors.standard.RouteText - RouteText[id=88577823-16f9-4de2-ba04-780edacb1bd8] Created FlowFile[2321,97609838668388.mockFlowFile,24B] from FlowFile[2320,97609838668388.mockFlowFile,24B]; routing to relationship simple
[pool-3482-thread-1] INFO org.apache.nifi.processors.standard.RouteText - RouteText[id=88577823-16f9-4de2-ba04-780edacb1bd8] Routing FlowFile[2320,97609838668388.mockFlowFile,24B] to original
[main] DEBUG org.apache.nifi.processors.standard.RouteText - RouteText[id=88577823-16f9-4de2-ba04-780edacb1bd8] Adding new dynamic property: PropertyDescriptor[simple]
[pool-3483-thread-1] INFO org.apache.nifi.processors.standard.RouteText - RouteText[id=88577823-16f9-4de2-ba04-780edacb1bd8] Created FlowFile[2323,97609839207199.mockFlowFile,24B] from FlowFile[2322,97609839207199.mockFlowFile,24B]; routing to relationship simple
[pool-3483-thread-1] INFO org.apache.nifi.processors.standard.RouteText - RouteText[id=88577823-16f9-4de2-ba04-780edacb1bd8] Routing FlowFile[2322,97609839207199.mockFlowFile,24B] to original
[main] DEBUG org.apache.nifi.processors.standard.RouteText - RouteText[id=88577823-16f9-4de2-ba04-780edacb1bd8] Adding new dynamic property: PropertyDescriptor[simple]
[pool-3484-thread-1] INFO org.apache.nifi.processors.standard.RouteText - RouteText[id=88577823-16f9-4de2-ba04-780edacb1bd8] Created FlowFile[2325,97609839737442.mockFlowFile,24B] from FlowFile[2324,97609839737442.mockFlowFile,24B]; routing to relationship simple
[pool-3484-thread-1] INFO org.apache.nifi.processors.standard.RouteText - RouteText[id=88577823-16f9-4de2-ba04-780edacb1bd8] Routing FlowFile[2324,97609839737442.mockFlowFile,24B] to original
[main] DEBUG org.apache.nifi.processors.standard.RouteText - RouteText[id=88577823-16f9-4de2-ba04-780edacb1bd8] Adding new dynamic property: PropertyDescriptor[simple]
[pool-3485-thread-1] INFO org.apache.nifi.processors.standard.RouteText - RouteText[id=88577823-16f9-4de2-ba04-780edacb1bd8] Created FlowFile[2327,97609840242830.mockFlowFile,24B] from FlowFile[2326,97609840242830.mockFlowFile,24B]; routing to relationship simple
[pool-3485-thread-1] INFO org.apache.nifi.processors.standard.RouteText - RouteText[id=88577823-16f9-4de2-ba04-780edacb1bd8] Routing FlowFile[2326,97609840242830.mockFlowFile,24B] to original
[main] DEBUG org.apache.nifi.processors.standard.RouteText - RouteText[id=88577823-16f9-4de2-ba04-780edacb1bd8] Adding new dynamic property: PropertyDescriptor[simple]
[pool-3486-thread-1] INFO org.apache.nifi.processors.standard.RouteText - RouteText[id=88577823-16f9-4de2-ba04-780edacb1bd8] Created FlowFile[2329,97609840810346.mockFlowFile,24B] from FlowFile[2328,97609840810346.mockFlowFile,24B]; routing to relationship simple
[pool-3486-thread-1] INFO org.apache.nifi.processors.standard.RouteText - RouteText[id=88577823-16f9-4de2-ba04-780edacb1bd8] Routing FlowFile[2328,97609840810346.mockFlowFile,24B] to original
[main] DEBUG org.apache.nifi.processors.standard.RouteText - RouteText[id=88577823-16f9-4de2-ba04-780edacb1bd8] Adding new dynamic property: PropertyDescriptor[simple]
[pool-3487-thread-1] INFO org.apache.nifi.processors.standard.RouteText - RouteText[id=88577823-16f9-4de2-ba04-780edacb1bd8] Created FlowFile[2331,97609841302862.mockFlowFile,24B] from FlowFile[2330,97609841302862.mockFlowFile,24B]; routing to relationship simple
[pool-3487-thread-1] INFO org.apache.nifi.processors.standard.RouteText - RouteText[id=88577823-16f9-4de2-ba04-780edacb1bd8] Routing FlowFile[2330,97609841302862.mockFlowFile,24B] to original
[main] DEBUG org.apache.nifi.processors.standard.RouteText - RouteText[id=88577823-16f9-4de2-ba04-780edacb1bd8] Adding new dynamic property: PropertyDescriptor[simple]
[pool-3488-thread-1] INFO org.apache.nifi.processors.standard.RouteText - RouteText[id=88577823-16f9-4de2-ba04-780edacb1bd8] Created FlowFile[2333,97609841768563.mockFlowFile,24B] from FlowFile[2332,97609841768563.mockFlowFile,24B]; routing to relationship simple
[pool-3488-thread-1] INFO org.apache.nifi.processors.standard.RouteText - RouteText[id=88577823-16f9-4de2-ba04-780edacb1bd8] Routing FlowFile[2332,97609841768563.mockFlowFile,24B] to original
[main] DEBUG org.apache.nifi.processors.standard.RouteText - RouteText[id=88577823-16f9-4de2-ba04-780edacb1bd8] Adding new dynamic property: PropertyDescriptor[simple]
[pool-3489-thread-1] INFO org.apache.nifi.processors.standard.RouteText - RouteText[id=88577823-16f9-4de2-ba04-780edacb1bd8] Created FlowFile[2335,97609842222190.mockFlowFile,24B] from FlowFile[2334,97609842222190.mockFlowFile,24B]; routing to relationship simple
[pool-3489-thread-1] INFO org.apache.nifi.processors.standard.RouteText - RouteText[id=88577823-16f9-4de2-ba04-780edacb1bd8] Routing FlowFile[2334,97609842222190.mockFlowFile,24B] to original
[main] DEBUG org.apache.nifi.processors.standard.RouteText - RouteText[id=88577823-16f9-4de2-ba04-780edacb1bd8] Adding new dynamic property: PropertyDescriptor[simple]
[pool-3490-thread-1] INFO org.apache.nifi.processors.standard.RouteText - RouteText[id=88577823-16f9-4de2-ba04-780edacb1bd8] Created FlowFile[2337,97609842684795.mockFlowFile,24B] from FlowFile[2336,97609842684795.mockFlowFile,24B]; routing to relationship simple
[pool-3490-thread-1] INFO org.apache.nifi.processors.standard.RouteText - RouteText[id=88577823-16f9-4de2-ba04-780edacb1bd8] Routing FlowFile[2336,97609842684795.mockFlowFile,24B] to original
[main] DEBUG org.apache.nifi.processors.standard.RouteText - RouteText[id=88577823-16f9-4de2-ba04-780edacb1bd8] Adding new dynamic property: PropertyDescriptor[simple]
[pool-3491-thread-1] INFO org.apache.nifi.processors.standard.RouteText - RouteText[id=88577823-16f9-4de2-ba04-780edacb1bd8] Created FlowFile[2339,97609843127227.mockFlowFile,24B] from FlowFile[2338,97609843127227.mockFlowFile,24B]; routing to relationship simple
[pool-3491-thread-1] INFO org.apache.nifi.processors.standard.RouteText - RouteText[id=88577823-16f9-4de2-ba04-780edacb1bd8] Routing FlowFile[2338,97609843127227.mockFlowFile,24B] to original
[main] DEBUG org.apache.nifi.processors.standard.RouteText - RouteText[id=88577823-16f9-4de2-ba04-780edacb1bd8] Adding new dynamic property: PropertyDescriptor[simple]
[pool-3492-thread-1] INFO org.apache.nifi.processors.standard.RouteText - RouteText[id=88577823-16f9-4de2-ba04-780edacb1bd8] Created FlowFile[2341,97609843584887.mockFlowFile,24B] from FlowFile[2340,97609843584887.mockFlowFile,24B]; routing to relationship simple
[pool-3492-thread-1] INFO org.apache.nifi.processors.standard.RouteText - RouteText[id=88577823-16f9-4de2-ba04-780edacb1bd8] Routing FlowFile[2340,97609843584887.mockFlowFile,24B] to original
[main] DEBUG org.apache.nifi.processors.standard.RouteText - RouteText[id=88577823-16f9-4de2-ba04-780edacb1bd8] Adding new dynamic property: PropertyDescriptor[simple]
[pool-3493-thread-1] INFO org.apache.nifi.processors.standard.RouteText - RouteText[id=88577823-16f9-4de2-ba04-780edacb1bd8] Created FlowFile[2343,97609844066498.mockFlowFile,24B] from FlowFile[2342,97609844066498.mockFlowFile,24B]; routing to relationship simple
[pool-3493-thread-1] INFO org.apache.nifi.processors.standard.RouteText - RouteText[id=88577823-16f9-4de2-ba04-780edacb1bd8] Routing FlowFile[2342,97609844066498.mockFlowFile,24B] to original
[main] DEBUG org.apache.nifi.processors.standard.RouteText - RouteText[id=88577823-16f9-4de2-ba04-780edacb1bd8] Adding new dynamic property: PropertyDescriptor[simple]
[pool-3494-thread-1] INFO org.apache.nifi.processors.standard.RouteText - RouteText[id=88577823-16f9-4de2-ba04-780edacb1bd8] Created FlowFile[2345,97609844592543.mockFlowFile,24B] from FlowFile[2344,97609844592543.mockFlowFile,24B]; routing to relationship simple
[pool-3494-thread-1] INFO org.apache.nifi.processors.standard.RouteText - RouteText[id=88577823-16f9-4de2-ba04-780edacb1bd8] Routing FlowFile[2344,97609844592543.mockFlowFile,24B] to original
[main] DEBUG org.apache.nifi.processors.standard.RouteText - RouteText[id=88577823-16f9-4de2-ba04-780edacb1bd8] Adding new dynamic property: PropertyDescriptor[simple]
[pool-3495-thread-1] INFO org.apache.nifi.processors.standard.RouteText - RouteText[id=88577823-16f9-4de2-ba04-780edacb1bd8] Created FlowFile[2347,97609845068074.mockFlowFile,24B] from FlowFile[2346,97609845068074.mockFlowFile,24B]; routing to relationship simple
[pool-3495-thread-1] INFO org.apache.nifi.processors.standard.RouteText - RouteText[id=88577823-16f9-4de2-ba04-780edacb1bd8] Routing FlowFile[2346,97609845068074.mockFlowFile,24B] to original
[main] DEBUG org.apache.nifi.processors.standard.RouteText - RouteText[id=88577823-16f9-4de2-ba04-780edacb1bd8] Adding new dynamic property: PropertyDescriptor[simple]
[pool-3496-thread-1] INFO org.apache.nifi.processors.standard.RouteText - RouteText[id=88577823-16f9-4de2-ba04-780edacb1bd8] Created FlowFile[2349,97609845532252.mockFlowFile,24B] from FlowFile[2348,97609845532252.mockFlowFile,24B]; routing to relationship simple
[pool-3496-thread-1] INFO org.apache.nifi.processors.standard.RouteText - RouteText[id=88577823-16f9-4de2-ba04-780edacb1bd8] Routing FlowFile[2348,97609845532252.mockFlowFile,24B] to original
[main] DEBUG org.apache.nifi.processors.standard.RouteText - RouteText[id=88577823-16f9-4de2-ba04-780edacb1bd8] Adding new dynamic property: PropertyDescriptor[simple]
[pool-3497-thread-1] INFO org.apache.nifi.processors.standard.RouteText - RouteText[id=88577823-16f9-4de2-ba04-780edacb1bd8] Created FlowFile[2351,97609846026682.mockFlowFile,24B] from FlowFile[2350,97609846026682.mockFlowFile,24B]; routing to relationship simple
[pool-3497-thread-1] INFO org.apache.nifi.processors.standard.RouteText - RouteText[id=88577823-16f9-4de2-ba04-780edacb1bd8] Routing FlowFile[2350,97609846026682.mockFlowFile,24B] to original
[main] DEBUG org.apache.nifi.processors.standard.RouteText - RouteText[id=88577823-16f9-4de2-ba04-780edacb1bd8] Adding new dynamic property: PropertyDescriptor[simple]
[pool-3498-thread-1] INFO org.apache.nifi.processors.standard.RouteText - RouteText[id=88577823-16f9-4de2-ba04-780edacb1bd8] Created FlowFile[2353,97609846488995.mockFlowFile,24B] from FlowFile[2352,97609846488995.mockFlowFile,24B]; routing to relationship simple
[pool-3498-thread-1] INFO org.apache.nifi.processors.standard.RouteText - RouteText[id=88577823-16f9-4de2-ba04-780edacb1bd8] Routing FlowFile[2352,97609846488995.mockFlowFile,24B] to original
[main] DEBUG org.apache.nifi.processors.standard.RouteText - RouteText[id=88577823-16f9-4de2-ba04-780edacb1bd8] Adding new dynamic property: PropertyDescriptor[simple]
[pool-3499-thread-1] INFO org.apache.nifi.processors.standard.RouteText - RouteText[id=88577823-16f9-4de2-ba04-780edacb1bd8] Created FlowFile[2355,97609846973051.mockFlowFile,24B] from FlowFile[2354,97609846973051.mockFlowFile,24B]; routing to relationship simple
[pool-3499-thread-1] INFO org.apache.nifi.processors.standard.RouteText - RouteText[id=88577823-16f9-4de2-ba04-780edacb1bd8] Routing FlowFile[2354,97609846973051.mockFlowFile,24B] to original
[main] DEBUG org.apache.nifi.processors.standard.RouteText - RouteText[id=88577823-16f9-4de2-ba04-780edacb1bd8] Adding new dynamic property: PropertyDescriptor[simple]
[pool-3500-thread-1] INFO org.apache.nifi.processors.standard.RouteText - RouteText[id=88577823-16f9-4de2-ba04-780edacb1bd8] Created FlowFile[2357,97609847447654.mockFlowFile,24B] from FlowFile[2356,97609847447654.mockFlowFile,24B]; routing to relationship simple
[pool-3500-thread-1] INFO org.apache.nifi.processors.standard.RouteText - RouteText[id=88577823-16f9-4de2-ba04-780edacb1bd8] Routing FlowFile[2356,97609847447654.mockFlowFile,24B] to original
[main] DEBUG org.apache.nifi.processors.standard.RouteText - RouteText[id=88577823-16f9-4de2-ba04-780edacb1bd8] Adding new dynamic property: PropertyDescriptor[simple]
[pool-3501-thread-1] INFO org.apache.nifi.processors.standard.RouteText - RouteText[id=88577823-16f9-4de2-ba04-780edacb1bd8] Created FlowFile[2359,97609847933067.mockFlowFile,24B] from FlowFile[2358,97609847933067.mockFlowFile,24B]; routing to relationship simple
[pool-3501-thread-1] INFO org.apache.nifi.processors.standard.RouteText - RouteText[id=88577823-16f9-4de2-ba04-780edacb1bd8] Routing FlowFile[2358,97609847933067.mockFlowFile,24B] to original
[main] DEBUG org.apache.nifi.processors.standard.RouteText - RouteText[id=88577823-16f9-4de2-ba04-780edacb1bd8] Adding new dynamic property: PropertyDescriptor[simple]
[pool-3502-thread-1] INFO org.apache.nifi.processors.standard.RouteText - RouteText[id=88577823-16f9-4de2-ba04-780edacb1bd8] Created FlowFile[2361,97609848495210.mockFlowFile,24B] from FlowFile[2360,97609848495210.mockFlowFile,24B]; routing to relationship simple
[pool-3502-thread-1] INFO org.apache.nifi.processors.standard.RouteText - RouteText[id=88577823-16f9-4de2-ba04-780edacb1bd8] Routing FlowFile[2360,97609848495210.mockFlowFile,24B] to original
[main] DEBUG org.apache.nifi.processors.standard.RouteText - RouteText[id=88577823-16f9-4de2-ba04-780edacb1bd8] Adding new dynamic property: PropertyDescriptor[simple]
[pool-3503-thread-1] INFO org.apache.nifi.processors.standard.RouteText - RouteText[id=88577823-16f9-4de2-ba04-780edacb1bd8] Created FlowFile[2363,97609849044277.mockFlowFile,24B] from FlowFile[2362,97609849044277.mockFlowFile,24B]; routing to relationship simple
[pool-3503-thread-1] INFO org.apache.nifi.processors.standard.RouteText - RouteText[id=88577823-16f9-4de2-ba04-780edacb1bd8] Routing FlowFile[2362,97609849044277.mockFlowFile,24B] to original
[main] DEBUG org.apache.nifi.processors.standard.RouteText - RouteText[id=88577823-16f9-4de2-ba04-780edacb1bd8] Adding new dynamic property: PropertyDescriptor[simple]
[pool-3504-thread-1] INFO org.apache.nifi.processors.standard.RouteText - RouteText[id=88577823-16f9-4de2-ba04-780edacb1bd8] Created FlowFile[2365,97609849527431.mockFlowFile,24B] from FlowFile[2364,97609849527431.mockFlowFile,24B]; routing to relationship simple
[pool-3504-thread-1] INFO org.apache.nifi.processors.standard.RouteText - RouteText[id=88577823-16f9-4de2-ba04-780edacb1bd8] Routing FlowFile[2364,97609849527431.mockFlowFile,24B] to original
[main] DEBUG org.apache.nifi.processors.standard.RouteText - RouteText[id=88577823-16f9-4de2-ba04-780edacb1bd8] Adding new dynamic property: PropertyDescriptor[simple]
[pool-3505-thread-1] INFO org.apache.nifi.processors.standard.RouteText - RouteText[id=88577823-16f9-4de2-ba04-780edacb1bd8] Created FlowFile[2367,97609849997891.mockFlowFile,24B] from FlowFile[2366,97609849997891.mockFlowFile,24B]; routing to relationship simple
[pool-3505-thread-1] INFO org.apache.nifi.processors.standard.RouteText - RouteText[id=88577823-16f9-4de2-ba04-780edacb1bd8] Routing FlowFile[2366,97609849997891.mockFlowFile,24B] to original
[main] DEBUG org.apache.nifi.processors.standard.RouteText - RouteText[id=88577823-16f9-4de2-ba04-780edacb1bd8] Adding new dynamic property: PropertyDescriptor[simple]
[pool-3506-thread-1] INFO org.apache.nifi.processors.standard.RouteText - RouteText[id=88577823-16f9-4de2-ba04-780edacb1bd8] Created FlowFile[2369,97609850491027.mockFlowFile,24B] from FlowFile[2368,97609850491027.mockFlowFile,24B]; routing to relationship simple
[pool-3506-thread-1] INFO org.apache.nifi.processors.standard.RouteText - RouteText[id=88577823-16f9-4de2-ba04-780edacb1bd8] Routing FlowFile[2368,97609850491027.mockFlowFile,24B] to original
[main] DEBUG org.apache.nifi.processors.standard.RouteText - RouteText[id=88577823-16f9-4de2-ba04-780edacb1bd8] Adding new dynamic property: PropertyDescriptor[simple]
[pool-3507-thread-1] INFO org.apache.nifi.processors.standard.RouteText - RouteText[id=88577823-16f9-4de2-ba04-780edacb1bd8] Created FlowFile[2371,97609850963688.mockFlowFile,24B] from FlowFile[2370,97609850963688.mockFlowFile,24B]; routing to relationship simple
[pool-3507-thread-1] INFO org.apache.nifi.processors.standard.RouteText - RouteText[id=88577823-16f9-4de2-ba04-780edacb1bd8] Routing FlowFile[2370,97609850963688.mockFlowFile,24B] to original
[main] DEBUG org.apache.nifi.processors.standard.RouteText - RouteText[id=88577823-16f9-4de2-ba04-780edacb1bd8] Adding new dynamic property: PropertyDescriptor[simple]
[pool-3508-thread-1] INFO org.apache.nifi.processors.standard.RouteText - RouteText[id=88577823-16f9-4de2-ba04-780edacb1bd8] Created FlowFile[2373,97609851448280.mockFlowFile,24B] from FlowFile[2372,97609851448280.mockFlowFile,24B]; routing to relationship simple
[pool-3508-thread-1] INFO org.apache.nifi.processors.standard.RouteText - RouteText[id=88577823-16f9-4de2-ba04-780edacb1bd8] Routing FlowFile[2372,97609851448280.mockFlowFile,24B] to original
[main] DEBUG org.apache.nifi.processors.standard.RouteText - RouteText[id=88577823-16f9-4de2-ba04-780edacb1bd8] Adding new dynamic property: PropertyDescriptor[simple]
[pool-3509-thread-1] INFO org.apache.nifi.processors.standard.RouteText - RouteText[id=88577823-16f9-4de2-ba04-780edacb1bd8] Created FlowFile[2375,97609852119132.mockFlowFile,24B] from FlowFile[2374,97609852119132.mockFlowFile,24B]; routing to relationship simple
[pool-3509-thread-1] INFO org.apache.nifi.processors.standard.RouteText - RouteText[id=88577823-16f9-4de2-ba04-780edacb1bd8] Routing FlowFile[2374,97609852119132.mockFlowFile,24B] to original
[main] DEBUG org.apache.nifi.processors.standard.RouteText - RouteText[id=88577823-16f9-4de2-ba04-780edacb1bd8] Adding new dynamic property: PropertyDescriptor[simple]
[pool-3510-thread-1] INFO org.apache.nifi.processors.standard.RouteText - RouteText[id=88577823-16f9-4de2-ba04-780edacb1bd8] Created FlowFile[2377,97609852650926.mockFlowFile,24B] from FlowFile[2376,97609852650926.mockFlowFile,24B]; routing to relationship simple
[pool-3510-thread-1] INFO org.apache.nifi.processors.standard.RouteText - RouteText[id=88577823-16f9-4de2-ba04-780edacb1bd8] Routing FlowFile[2376,97609852650926.mockFlowFile,24B] to original
[main] DEBUG org.apache.nifi.processors.standard.RouteText - RouteText[id=88577823-16f9-4de2-ba04-780edacb1bd8] Adding new dynamic property: PropertyDescriptor[simple]
[pool-3511-thread-1] INFO org.apache.nifi.processors.standard.RouteText - RouteText[id=88577823-16f9-4de2-ba04-780edacb1bd8] Created FlowFile[2379,97609853191779.mockFlowFile,24B] from FlowFile[2378,97609853191779.mockFlowFile,24B]; routing to relationship simple
[pool-3511-thread-1] INFO org.apache.nifi.processors.standard.RouteText - RouteText[id=88577823-16f9-4de2-ba04-780edacb1bd8] Routing FlowFile[2378,97609853191779.mockFlowFile,24B] to original
[main] DEBUG org.apache.nifi.processors.standard.RouteText - RouteText[id=88577823-16f9-4de2-ba04-780edacb1bd8] Adding new dynamic property: PropertyDescriptor[simple]
[pool-3512-thread-1] INFO org.apache.nifi.processors.standard.RouteText - RouteText[id=88577823-16f9-4de2-ba04-780edacb1bd8] Created FlowFile[2381,97609853688742.mockFlowFile,24B] from FlowFile[2380,97609853688742.mockFlowFile,24B]; routing to relationship simple
[pool-3512-thread-1] INFO org.apache.nifi.processors.standard.RouteText - RouteText[id=88577823-16f9-4de2-ba04-780edacb1bd8] Routing FlowFile[2380,97609853688742.mockFlowFile,24B] to original
[main] DEBUG org.apache.nifi.processors.standard.RouteText - RouteText[id=88577823-16f9-4de2-ba04-780edacb1bd8] Adding new dynamic property: PropertyDescriptor[simple]
[pool-3513-thread-1] INFO org.apache.nifi.processors.standard.RouteText - RouteText[id=88577823-16f9-4de2-ba04-780edacb1bd8] Created FlowFile[2383,97609854176752.mockFlowFile,24B] from FlowFile[2382,97609854176752.mockFlowFile,24B]; routing to relationship simple
[pool-3513-thread-1] INFO org.apache.nifi.processors.standard.RouteText - RouteText[id=88577823-16f9-4de2-ba04-780edacb1bd8] Routing FlowFile[2382,97609854176752.mockFlowFile,24B] to original
[main] DEBUG org.apache.nifi.processors.standard.RouteText - RouteText[id=88577823-16f9-4de2-ba04-780edacb1bd8] Adding new dynamic property: PropertyDescriptor[simple]
[pool-3514-thread-1] INFO org.apache.nifi.processors.standard.RouteText - RouteText[id=88577823-16f9-4de2-ba04-780edacb1bd8] Created FlowFile[2385,97609854764952.mockFlowFile,24B] from FlowFile[2384,97609854764952.mockFlowFile,24B]; routing to relationship simple
[pool-3514-thread-1] INFO org.apache.nifi.processors.standard.RouteText - RouteText[id=88577823-16f9-4de2-ba04-780edacb1bd8] Routing FlowFile[2384,97609854764952.mockFlowFile,24B] to original
[main] DEBUG org.apache.nifi.processors.standard.RouteText - RouteText[id=88577823-16f9-4de2-ba04-780edacb1bd8] Adding new dynamic property: PropertyDescriptor[simple]
[pool-3515-thread-1] INFO org.apache.nifi.processors.standard.RouteText - RouteText[id=88577823-16f9-4de2-ba04-780edacb1bd8] Created FlowFile[2387,97609855346553.mockFlowFile,24B] from FlowFile[2386,97609855346553.mockFlowFile,24B]; routing to relationship simple
[pool-3515-thread-1] INFO org.apache.nifi.processors.standard.RouteText - RouteText[id=88577823-16f9-4de2-ba04-780edacb1bd8] Routing FlowFile[2386,97609855346553.mockFlowFile,24B] to original
[main] DEBUG org.apache.nifi.processors.standard.RouteText - RouteText[id=88577823-16f9-4de2-ba04-780edacb1bd8] Adding new dynamic property: PropertyDescriptor[simple]
[pool-3516-thread-1] INFO org.apache.nifi.processors.standard.RouteText - RouteText[id=88577823-16f9-4de2-ba04-780edacb1bd8] Created FlowFile[2389,97609855926115.mockFlowFile,24B] from FlowFile[2388,97609855926115.mockFlowFile,24B]; routing to relationship simple
[pool-3516-thread-1] INFO org.apache.nifi.processors.standard.RouteText - RouteText[id=88577823-16f9-4de2-ba04-780edacb1bd8] Routing FlowFile[2388,97609855926115.mockFlowFile,24B] to original
[main] DEBUG org.apache.nifi.processors.standard.RouteText - RouteText[id=88577823-16f9-4de2-ba04-780edacb1bd8] Adding new dynamic property: PropertyDescriptor[simple]
[pool-3517-thread-1] INFO org.apache.nifi.processors.standard.RouteText - RouteText[id=88577823-16f9-4de2-ba04-780edacb1bd8] Created FlowFile[2391,97609856493274.mockFlowFile,24B] from FlowFile[2390,97609856493274.mockFlowFile,24B]; routing to relationship simple
[pool-3517-thread-1] INFO org.apache.nifi.processors.standard.RouteText - RouteText[id=88577823-16f9-4de2-ba04-780edacb1bd8] Routing FlowFile[2390,97609856493274.mockFlowFile,24B] to original
[main] DEBUG org.apache.nifi.processors.standard.RouteText - RouteText[id=88577823-16f9-4de2-ba04-780edacb1bd8] Adding new dynamic property: PropertyDescriptor[simple]
[pool-3518-thread-1] INFO org.apache.nifi.processors.standard.RouteText - RouteText[id=88577823-16f9-4de2-ba04-780edacb1bd8] Created FlowFile[2393,97609857047406.mockFlowFile,24B] from FlowFile[2392,97609857047406.mockFlowFile,24B]; routing to relationship simple
[pool-3518-thread-1] INFO org.apache.nifi.processors.standard.RouteText - RouteText[id=88577823-16f9-4de2-ba04-780edacb1bd8] Routing FlowFile[2392,97609857047406.mockFlowFile,24B] to original
[main] DEBUG org.apache.nifi.processors.standard.RouteText - RouteText[id=88577823-16f9-4de2-ba04-780edacb1bd8] Adding new dynamic property: PropertyDescriptor[simple]
[pool-3519-thread-1] INFO org.apache.nifi.processors.standard.RouteText - RouteText[id=88577823-16f9-4de2-ba04-780edacb1bd8] Created FlowFile[2395,97609857680040.mockFlowFile,24B] from FlowFile[2394,97609857680040.mockFlowFile,24B]; routing to relationship simple
[pool-3519-thread-1] INFO org.apache.nifi.processors.standard.RouteText - RouteText[id=88577823-16f9-4de2-ba04-780edacb1bd8] Routing FlowFile[2394,97609857680040.mockFlowFile,24B] to original
[main] DEBUG org.apache.nifi.processors.standard.RouteText - RouteText[id=88577823-16f9-4de2-ba04-780edacb1bd8] Adding new dynamic property: PropertyDescriptor[simple]
[pool-3520-thread-1] INFO org.apache.nifi.processors.standard.RouteText - RouteText[id=88577823-16f9-4de2-ba04-780edacb1bd8] Created FlowFile[2397,97609858374638.mockFlowFile,24B] from FlowFile[2396,97609858374638.mockFlowFile,24B]; routing to relationship simple
[pool-3520-thread-1] INFO org.apache.nifi.processors.standard.RouteText - RouteText[id=88577823-16f9-4de2-ba04-780edacb1bd8] Routing FlowFile[2396,97609858374638.mockFlowFile,24B] to original
[main] DEBUG org.apache.nifi.processors.standard.RouteText - RouteText[id=88577823-16f9-4de2-ba04-780edacb1bd8] Adding new dynamic property: PropertyDescriptor[simple]
[pool-3521-thread-1] INFO org.apache.nifi.processors.standard.RouteText - RouteText[id=88577823-16f9-4de2-ba04-780edacb1bd8] Created FlowFile[2399,97609858895669.mockFlowFile,24B] from FlowFile[2398,97609858895669.mockFlowFile,24B]; routing to relationship simple
[pool-3521-thread-1] INFO org.apache.nifi.processors.standard.RouteText - RouteText[id=88577823-16f9-4de2-ba04-780edacb1bd8] Routing FlowFile[2398,97609858895669.mockFlowFile,24B] to original
[main] DEBUG org.apache.nifi.processors.standard.RouteText - RouteText[id=88577823-16f9-4de2-ba04-780edacb1bd8] Adding new dynamic property: PropertyDescriptor[simple]
[pool-3522-thread-1] INFO org.apache.nifi.processors.standard.RouteText - RouteText[id=88577823-16f9-4de2-ba04-780edacb1bd8] Created FlowFile[2401,97609859379209.mockFlowFile,24B] from FlowFile[2400,97609859379209.mockFlowFile,24B]; routing to relationship simple
[pool-3522-thread-1] INFO org.apache.nifi.processors.standard.RouteText - RouteText[id=88577823-16f9-4de2-ba04-780edacb1bd8] Routing FlowFile[2400,97609859379209.mockFlowFile,24B] to original
[main] DEBUG org.apache.nifi.processors.standard.RouteText - RouteText[id=88577823-16f9-4de2-ba04-780edacb1bd8] Adding new dynamic property: PropertyDescriptor[simple]
[pool-3523-thread-1] INFO org.apache.nifi.processors.standard.RouteText - RouteText[id=88577823-16f9-4de2-ba04-780edacb1bd8] Created FlowFile[2403,97609859839702.mockFlowFile,24B] from FlowFile[2402,97609859839702.mockFlowFile,24B]; routing to relationship simple
[pool-3523-thread-1] INFO org.apache.nifi.processors.standard.RouteText - RouteText[id=88577823-16f9-4de2-ba04-780edacb1bd8] Routing FlowFile[2402,97609859839702.mockFlowFile,24B] to original
[main] DEBUG org.apache.nifi.processors.standard.RouteText - RouteText[id=88577823-16f9-4de2-ba04-780edacb1bd8] Adding new dynamic property: PropertyDescriptor[simple]
[pool-3524-thread-1] INFO org.apache.nifi.processors.standard.RouteText - RouteText[id=88577823-16f9-4de2-ba04-780edacb1bd8] Created FlowFile[2405,97609860344610.mockFlowFile,24B] from FlowFile[2404,97609860344610.mockFlowFile,24B]; routing to relationship simple
[pool-3524-thread-1] INFO org.apache.nifi.processors.standard.RouteText - RouteText[id=88577823-16f9-4de2-ba04-780edacb1bd8] Routing FlowFile[2404,97609860344610.mockFlowFile,24B] to original
[main] DEBUG org.apache.nifi.processors.standard.RouteText - RouteText[id=88577823-16f9-4de2-ba04-780edacb1bd8] Adding new dynamic property: PropertyDescriptor[simple]
[pool-3525-thread-1] INFO org.apache.nifi.processors.standard.RouteText - RouteText[id=88577823-16f9-4de2-ba04-780edacb1bd8] Created FlowFile[2407,97609861388987.mockFlowFile,24B] from FlowFile[2406,97609861388987.mockFlowFile,24B]; routing to relationship simple
[pool-3525-thread-1] INFO org.apache.nifi.processors.standard.RouteText - RouteText[id=88577823-16f9-4de2-ba04-780edacb1bd8] Routing FlowFile[2406,97609861388987.mockFlowFile,24B] to original
[main] DEBUG org.apache.nifi.processors.standard.RouteText - RouteText[id=88577823-16f9-4de2-ba04-780edacb1bd8] Adding new dynamic property: PropertyDescriptor[simple]
[pool-3526-thread-1] INFO org.apache.nifi.processors.standard.RouteText - RouteText[id=88577823-16f9-4de2-ba04-780edacb1bd8] Created FlowFile[2409,97609861991167.mockFlowFile,24B] from FlowFile[2408,97609861991167.mockFlowFile,24B]; routing to relationship simple
[pool-3526-thread-1] INFO org.apache.nifi.processors.standard.RouteText - RouteText[id=88577823-16f9-4de2-ba04-780edacb1bd8] Routing FlowFile[2408,97609861991167.mockFlowFile,24B] to original
[main] DEBUG org.apache.nifi.processors.standard.RouteText - RouteText[id=88577823-16f9-4de2-ba04-780edacb1bd8] Adding new dynamic property: PropertyDescriptor[simple]
[pool-3527-thread-1] INFO org.apache.nifi.processors.standard.RouteText - RouteText[id=88577823-16f9-4de2-ba04-780edacb1bd8] Created FlowFile[2411,97609862587382.mockFlowFile,24B] from FlowFile[2410,97609862587382.mockFlowFile,24B]; routing to relationship simple
[pool-3527-thread-1] INFO org.apache.nifi.processors.standard.RouteText - RouteText[id=88577823-16f9-4de2-ba04-780edacb1bd8] Routing FlowFile[2410,97609862587382.mockFlowFile,24B] to original
[main] DEBUG org.apache.nifi.processors.standard.RouteText - RouteText[id=88577823-16f9-4de2-ba04-780edacb1bd8] Adding new dynamic property: PropertyDescriptor[simple]
[pool-3528-thread-1] INFO org.apache.nifi.processors.standard.RouteText - RouteText[id=88577823-16f9-4de2-ba04-780edacb1bd8] Created FlowFile[2413,97609863139453.mockFlowFile,24B] from FlowFile[2412,97609863139453.mockFlowFile,24B]; routing to relationship simple
[pool-3528-thread-1] INFO org.apache.nifi.processors.standard.RouteText - RouteText[id=88577823-16f9-4de2-ba04-780edacb1bd8] Routing FlowFile[2412,97609863139453.mockFlowFile,24B] to original
[main] DEBUG org.apache.nifi.processors.standard.RouteText - RouteText[id=88577823-16f9-4de2-ba04-780edacb1bd8] Adding new dynamic property: PropertyDescriptor[simple]
[pool-3529-thread-1] INFO org.apache.nifi.processors.standard.RouteText - RouteText[id=88577823-16f9-4de2-ba04-780edacb1bd8] Created FlowFile[2415,97609863696560.mockFlowFile,24B] from FlowFile[2414,97609863696560.mockFlowFile,24B]; routing to relationship simple
[pool-3529-thread-1] INFO org.apache.nifi.processors.standard.RouteText - RouteText[id=88577823-16f9-4de2-ba04-780edacb1bd8] Routing FlowFile[2414,97609863696560.mockFlowFile,24B] to original
[main] DEBUG org.apache.nifi.processors.standard.RouteText - RouteText[id=88577823-16f9-4de2-ba04-780edacb1bd8] Adding new dynamic property: PropertyDescriptor[simple]
[pool-3530-thread-1] INFO org.apache.nifi.processors.standard.RouteText - RouteText[id=88577823-16f9-4de2-ba04-780edacb1bd8] Created FlowFile[2417,97609864263270.mockFlowFile,24B] from FlowFile[2416,97609864263270.mockFlowFile,24B]; routing to relationship simple
[pool-3530-thread-1] INFO org.apache.nifi.processors.standard.RouteText - RouteText[id=88577823-16f9-4de2-ba04-780edacb1bd8] Routing FlowFile[2416,97609864263270.mockFlowFile,24B] to original
[main] DEBUG org.apache.nifi.processors.standard.RouteText - RouteText[id=88577823-16f9-4de2-ba04-780edacb1bd8] Adding new dynamic property: PropertyDescriptor[simple]
[pool-3531-thread-1] INFO org.apache.nifi.processors.standard.RouteText - RouteText[id=88577823-16f9-4de2-ba04-780edacb1bd8] Created FlowFile[2419,97609864815965.mockFlowFile,24B] from FlowFile[2418,97609864815965.mockFlowFile,24B]; routing to relationship simple
[pool-3531-thread-1] INFO org.apache.nifi.processors.standard.RouteText - RouteText[id=88577823-16f9-4de2-ba04-780edacb1bd8] Routing FlowFile[2418,97609864815965.mockFlowFile,24B] to original
[main] DEBUG org.apache.nifi.processors.standard.RouteText - RouteText[id=88577823-16f9-4de2-ba04-780edacb1bd8] Adding new dynamic property: PropertyDescriptor[simple]
[pool-3532-thread-1] INFO org.apache.nifi.processors.standard.RouteText - RouteText[id=88577823-16f9-4de2-ba04-780edacb1bd8] Created FlowFile[2421,97609865364968.mockFlowFile,24B] from FlowFile[2420,97609865364968.mockFlowFile,24B]; routing to relationship simple
[pool-3532-thread-1] INFO org.apache.nifi.processors.standard.RouteText - RouteText[id=88577823-16f9-4de2-ba04-780edacb1bd8] Routing FlowFile[2420,97609865364968.mockFlowFile,24B] to original
[main] DEBUG org.apache.nifi.processors.standard.RouteText - RouteText[id=88577823-16f9-4de2-ba04-780edacb1bd8] Adding new dynamic property: PropertyDescriptor[simple]
[pool-3533-thread-1] INFO org.apache.nifi.processors.standard.RouteText - RouteText[id=88577823-16f9-4de2-ba04-780edacb1bd8] Created FlowFile[2423,97609865994216.mockFlowFile,24B] from FlowFile[2422,97609865994216.mockFlowFile,24B]; routing to relationship simple
[pool-3533-thread-1] INFO org.apache.nifi.processors.standard.RouteText - RouteText[id=88577823-16f9-4de2-ba04-780edacb1bd8] Routing FlowFile[2422,97609865994216.mockFlowFile,24B] to original
[main] DEBUG org.apache.nifi.processors.standard.RouteText - RouteText[id=88577823-16f9-4de2-ba04-780edacb1bd8] Adding new dynamic property: PropertyDescriptor[simple]
[pool-3534-thread-1] INFO org.apache.nifi.processors.standard.RouteText - RouteText[id=88577823-16f9-4de2-ba04-780edacb1bd8] Created FlowFile[2425,97609866592923.mockFlowFile,24B] from FlowFile[2424,97609866592923.mockFlowFile,24B]; routing to relationship simple
[pool-3534-thread-1] INFO org.apache.nifi.processors.standard.RouteText - RouteText[id=88577823-16f9-4de2-ba04-780edacb1bd8] Routing FlowFile[2424,97609866592923.mockFlowFile,24B] to original
[main] DEBUG org.apache.nifi.processors.standard.RouteText - RouteText[id=88577823-16f9-4de2-ba04-780edacb1bd8] Adding new dynamic property: PropertyDescriptor[simple]
[pool-3535-thread-1] INFO org.apache.nifi.processors.standard.RouteText - RouteText[id=88577823-16f9-4de2-ba04-780edacb1bd8] Created FlowFile[2427,97609867293765.mockFlowFile,24B] from FlowFile[2426,97609867293765.mockFlowFile,24B]; routing to relationship simple
[pool-3535-thread-1] INFO org.apache.nifi.processors.standard.RouteText - RouteText[id=88577823-16f9-4de2-ba04-780edacb1bd8] Routing FlowFile[2426,97609867293765.mockFlowFile,24B] to original
[main] DEBUG org.apache.nifi.processors.standard.RouteText - RouteText[id=88577823-16f9-4de2-ba04-780edacb1bd8] Adding new dynamic property: PropertyDescriptor[simple]
[pool-3536-thread-1] INFO org.apache.nifi.processors.standard.RouteText - RouteText[id=88577823-16f9-4de2-ba04-780edacb1bd8] Created FlowFile[2429,97609867878240.mockFlowFile,24B] from FlowFile[2428,97609867878240.mockFlowFile,24B]; routing to relationship simple
[pool-3536-thread-1] INFO org.apache.nifi.processors.standard.RouteText - RouteText[id=88577823-16f9-4de2-ba04-780edacb1bd8] Routing FlowFile[2428,97609867878240.mockFlowFile,24B] to original
[main] DEBUG org.apache.nifi.processors.standard.RouteText - RouteText[id=88577823-16f9-4de2-ba04-780edacb1bd8] Adding new dynamic property: PropertyDescriptor[simple]
[pool-3537-thread-1] INFO org.apache.nifi.processors.standard.RouteText - RouteText[id=88577823-16f9-4de2-ba04-780edacb1bd8] Created FlowFile[2431,97609868489120.mockFlowFile,24B] from FlowFile[2430,97609868489120.mockFlowFile,24B]; routing to relationship simple
[pool-3537-thread-1] INFO org.apache.nifi.processors.standard.RouteText - RouteText[id=88577823-16f9-4de2-ba04-780edacb1bd8] Routing FlowFile[2430,97609868489120.mockFlowFile,24B] to original
[main] DEBUG org.apache.nifi.processors.standard.RouteText - RouteText[id=88577823-16f9-4de2-ba04-780edacb1bd8] Adding new dynamic property: PropertyDescriptor[simple]
[pool-3538-thread-1] INFO org.apache.nifi.processors.standard.RouteText - RouteText[id=88577823-16f9-4de2-ba04-780edacb1bd8] Created FlowFile[2433,97609869072425.mockFlowFile,24B] from FlowFile[2432,97609869072425.mockFlowFile,24B]; routing to relationship simple
[pool-3538-thread-1] INFO org.apache.nifi.processors.standard.RouteText - RouteText[id=88577823-16f9-4de2-ba04-780edacb1bd8] Routing FlowFile[2432,97609869072425.mockFlowFile,24B] to original
[main] DEBUG org.apache.nifi.processors.standard.RouteText - RouteText[id=88577823-16f9-4de2-ba04-780edacb1bd8] Adding new dynamic property: PropertyDescriptor[simple]
[pool-3539-thread-1] INFO org.apache.nifi.processors.standard.RouteText - RouteText[id=88577823-16f9-4de2-ba04-780edacb1bd8] Created FlowFile[2435,97609869585800.mockFlowFile,24B] from FlowFile[2434,97609869585800.mockFlowFile,24B]; routing to relationship simple
[pool-3539-thread-1] INFO org.apache.nifi.processors.standard.RouteText - RouteText[id=88577823-16f9-4de2-ba04-780edacb1bd8] Routing FlowFile[2434,97609869585800.mockFlowFile,24B] to original
[main] DEBUG org.apache.nifi.processors.standard.RouteText - RouteText[id=88577823-16f9-4de2-ba04-780edacb1bd8] Adding new dynamic property: PropertyDescriptor[simple]
[pool-3540-thread-1] INFO org.apache.nifi.processors.standard.RouteText - RouteText[id=88577823-16f9-4de2-ba04-780edacb1bd8] Created FlowFile[2437,97609870126343.mockFlowFile,24B] from FlowFile[2436,97609870126343.mockFlowFile,24B]; routing to relationship simple
[pool-3540-thread-1] INFO org.apache.nifi.processors.standard.RouteText - RouteText[id=88577823-16f9-4de2-ba04-780edacb1bd8] Routing FlowFile[2436,97609870126343.mockFlowFile,24B] to original
[main] DEBUG org.apache.nifi.processors.standard.RouteText - RouteText[id=88577823-16f9-4de2-ba04-780edacb1bd8] Adding new dynamic property: PropertyDescriptor[simple]
[pool-3541-thread-1] INFO org.apache.nifi.processors.standard.RouteText - RouteText[id=88577823-16f9-4de2-ba04-780edacb1bd8] Created FlowFile[2439,97609870640486.mockFlowFile,24B] from FlowFile[2438,97609870640486.mockFlowFile,24B]; routing to relationship simple
[pool-3541-thread-1] INFO org.apache.nifi.processors.standard.RouteText - RouteText[id=88577823-16f9-4de2-ba04-780edacb1bd8] Routing FlowFile[2438,97609870640486.mockFlowFile,24B] to original
[main] DEBUG org.apache.nifi.processors.standard.RouteText - RouteText[id=88577823-16f9-4de2-ba04-780edacb1bd8] Adding new dynamic property: PropertyDescriptor[simple]
[pool-3542-thread-1] INFO org.apache.nifi.processors.standard.RouteText - RouteText[id=88577823-16f9-4de2-ba04-780edacb1bd8] Created FlowFile[2441,97609871106575.mockFlowFile,24B] from FlowFile[2440,97609871106575.mockFlowFile,24B]; routing to relationship simple
[pool-3542-thread-1] INFO org.apache.nifi.processors.standard.RouteText - RouteText[id=88577823-16f9-4de2-ba04-780edacb1bd8] Routing FlowFile[2440,97609871106575.mockFlowFile,24B] to original
[main] DEBUG org.apache.nifi.processors.standard.RouteText - RouteText[id=88577823-16f9-4de2-ba04-780edacb1bd8] Adding new dynamic property: PropertyDescriptor[simple]
[pool-3543-thread-1] INFO org.apache.nifi.processors.standard.RouteText - RouteText[id=88577823-16f9-4de2-ba04-780edacb1bd8] Created FlowFile[2443,97609871612365.mockFlowFile,24B] from FlowFile[2442,97609871612365.mockFlowFile,24B]; routing to relationship simple
[pool-3543-thread-1] INFO org.apache.nifi.processors.standard.RouteText - RouteText[id=88577823-16f9-4de2-ba04-780edacb1bd8] Routing FlowFile[2442,97609871612365.mockFlowFile,24B] to original
[main] DEBUG org.apache.nifi.processors.standard.RouteText - RouteText[id=88577823-16f9-4de2-ba04-780edacb1bd8] Adding new dynamic property: PropertyDescriptor[simple]
[pool-3544-thread-1] INFO org.apache.nifi.processors.standard.RouteText - RouteText[id=88577823-16f9-4de2-ba04-780edacb1bd8] Created FlowFile[2445,97609871996455.mockFlowFile,24B] from FlowFile[2444,97609871996455.mockFlowFile,24B]; routing to relationship simple
[pool-3544-thread-1] INFO org.apache.nifi.processors.standard.RouteText - RouteText[id=88577823-16f9-4de2-ba04-780edacb1bd8] Routing FlowFile[2444,97609871996455.mockFlowFile,24B] to original
[main] DEBUG org.apache.nifi.processors.standard.RouteText - RouteText[id=88577823-16f9-4de2-ba04-780edacb1bd8] Adding new dynamic property: PropertyDescriptor[simple]
[pool-3545-thread-1] INFO org.apache.nifi.processors.standard.RouteText - RouteText[id=88577823-16f9-4de2-ba04-780edacb1bd8] Created FlowFile[2447,97609872476290.mockFlowFile,24B] from FlowFile[2446,97609872476290.mockFlowFile,24B]; routing to relationship simple
[pool-3545-thread-1] INFO org.apache.nifi.processors.standard.RouteText - RouteText[id=88577823-16f9-4de2-ba04-780edacb1bd8] Routing FlowFile[2446,97609872476290.mockFlowFile,24B] to original
[main] DEBUG org.apache.nifi.processors.standard.RouteText - RouteText[id=88577823-16f9-4de2-ba04-780edacb1bd8] Adding new dynamic property: PropertyDescriptor[simple]
[pool-3546-thread-1] INFO org.apache.nifi.processors.standard.RouteText - RouteText[id=88577823-16f9-4de2-ba04-780edacb1bd8] Created FlowFile[2449,97609873037569.mockFlowFile,24B] from FlowFile[2448,97609873037569.mockFlowFile,24B]; routing to relationship simple
[pool-3546-thread-1] INFO org.apache.nifi.processors.standard.RouteText - RouteText[id=88577823-16f9-4de2-ba04-780edacb1bd8] Routing FlowFile[2448,97609873037569.mockFlowFile,24B] to original
[main] DEBUG org.apache.nifi.processors.standard.RouteText - RouteText[id=88577823-16f9-4de2-ba04-780edacb1bd8] Adding new dynamic property: PropertyDescriptor[simple]
[pool-3547-thread-1] INFO org.apache.nifi.processors.standard.RouteText - RouteText[id=88577823-16f9-4de2-ba04-780edacb1bd8] Created FlowFile[2451,97609873572054.mockFlowFile,24B] from FlowFile[2450,97609873572054.mockFlowFile,24B]; routing to relationship simple
[pool-3547-thread-1] INFO org.apache.nifi.processors.standard.RouteText - RouteText[id=88577823-16f9-4de2-ba04-780edacb1bd8] Routing FlowFile[2450,97609873572054.mockFlowFile,24B] to original
[main] DEBUG org.apache.nifi.processors.standard.RouteText - RouteText[id=88577823-16f9-4de2-ba04-780edacb1bd8] Adding new dynamic property: PropertyDescriptor[simple]
[pool-3548-thread-1] INFO org.apache.nifi.processors.standard.RouteText - RouteText[id=88577823-16f9-4de2-ba04-780edacb1bd8] Created FlowFile[2453,97609874127345.mockFlowFile,24B] from FlowFile[2452,97609874127345.mockFlowFile,24B]; routing to relationship simple
[pool-3548-thread-1] INFO org.apache.nifi.processors.standard.RouteText - RouteText[id=88577823-16f9-4de2-ba04-780edacb1bd8] Routing FlowFile[2452,97609874127345.mockFlowFile,24B] to original
[main] DEBUG org.apache.nifi.processors.standard.RouteText - RouteText[id=88577823-16f9-4de2-ba04-780edacb1bd8] Adding new dynamic property: PropertyDescriptor[simple]
[pool-3549-thread-1] INFO org.apache.nifi.processors.standard.RouteText - RouteText[id=88577823-16f9-4de2-ba04-780edacb1bd8] Created FlowFile[2455,97609874657793.mockFlowFile,24B] from FlowFile[2454,97609874657793.mockFlowFile,24B]; routing to relationship simple
[pool-3549-thread-1] INFO org.apache.nifi.processors.standard.RouteText - RouteText[id=88577823-16f9-4de2-ba04-780edacb1bd8] Routing FlowFile[2454,97609874657793.mockFlowFile,24B] to original
[main] DEBUG org.apache.nifi.processors.standard.RouteText - RouteText[id=88577823-16f9-4de2-ba04-780edacb1bd8] Adding new dynamic property: PropertyDescriptor[simple]
[pool-3550-thread-1] INFO org.apache.nifi.processors.standard.RouteText - RouteText[id=88577823-16f9-4de2-ba04-780edacb1bd8] Created FlowFile[2457,97609875077185.mockFlowFile,24B] from FlowFile[2456,97609875077185.mockFlowFile,24B]; routing to relationship simple
[pool-3550-thread-1] INFO org.apache.nifi.processors.standard.RouteText - RouteText[id=88577823-16f9-4de2-ba04-780edacb1bd8] Routing FlowFile[2456,97609875077185.mockFlowFile,24B] to original
[main] DEBUG org.apache.nifi.processors.standard.RouteText - RouteText[id=88577823-16f9-4de2-ba04-780edacb1bd8] Adding new dynamic property: PropertyDescriptor[simple]
[pool-3551-thread-1] INFO org.apache.nifi.processors.standard.RouteText - RouteText[id=88577823-16f9-4de2-ba04-780edacb1bd8] Created FlowFile[2459,97609875616737.mockFlowFile,24B] from FlowFile[2458,97609875616737.mockFlowFile,24B]; routing to relationship simple
[pool-3551-thread-1] INFO org.apache.nifi.processors.standard.RouteText - RouteText[id=88577823-16f9-4de2-ba04-780edacb1bd8] Routing FlowFile[2458,97609875616737.mockFlowFile,24B] to original
[main] DEBUG org.apache.nifi.processors.standard.RouteText - RouteText[id=88577823-16f9-4de2-ba04-780edacb1bd8] Adding new dynamic property: PropertyDescriptor[simple]
[pool-3552-thread-1] INFO org.apache.nifi.processors.standard.RouteText - RouteText[id=88577823-16f9-4de2-ba04-780edacb1bd8] Created FlowFile[2461,97609876087011.mockFlowFile,24B] from FlowFile[2460,97609876087011.mockFlowFile,24B]; routing to relationship simple
[pool-3552-thread-1] INFO org.apache.nifi.processors.standard.RouteText - RouteText[id=88577823-16f9-4de2-ba04-780edacb1bd8] Routing FlowFile[2460,97609876087011.mockFlowFile,24B] to original
[main] DEBUG org.apache.nifi.processors.standard.RouteText - RouteText[id=88577823-16f9-4de2-ba04-780edacb1bd8] Adding new dynamic property: PropertyDescriptor[simple]
[pool-3553-thread-1] INFO org.apache.nifi.processors.standard.RouteText - RouteText[id=88577823-16f9-4de2-ba04-780edacb1bd8] Created FlowFile[2463,97609876655143.mockFlowFile,24B] from FlowFile[2462,97609876655143.mockFlowFile,24B]; routing to relationship simple
[pool-3553-thread-1] INFO org.apache.nifi.processors.standard.RouteText - RouteText[id=88577823-16f9-4de2-ba04-780edacb1bd8] Routing FlowFile[2462,97609876655143.mockFlowFile,24B] to original
[main] DEBUG org.apache.nifi.processors.standard.RouteText - RouteText[id=88577823-16f9-4de2-ba04-780edacb1bd8] Adding new dynamic property: PropertyDescriptor[simple]
[pool-3554-thread-1] INFO org.apache.nifi.processors.standard.RouteText - RouteText[id=88577823-16f9-4de2-ba04-780edacb1bd8] Created FlowFile[2465,97609877167100.mockFlowFile,24B] from FlowFile[2464,97609877167100.mockFlowFile,24B]; routing to relationship simple
[pool-3554-thread-1] INFO org.apache.nifi.processors.standard.RouteText - RouteText[id=88577823-16f9-4de2-ba04-780edacb1bd8] Routing FlowFile[2464,97609877167100.mockFlowFile,24B] to original
[main] DEBUG org.apache.nifi.processors.standard.RouteText - RouteText[id=88577823-16f9-4de2-ba04-780edacb1bd8] Adding new dynamic property: PropertyDescriptor[simple]
[pool-3555-thread-1] INFO org.apache.nifi.processors.standard.RouteText - RouteText[id=88577823-16f9-4de2-ba04-780edacb1bd8] Created FlowFile[2467,97609877676831.mockFlowFile,24B] from FlowFile[2466,97609877676831.mockFlowFile,24B]; routing to relationship simple
[pool-3555-thread-1] INFO org.apache.nifi.processors.standard.RouteText - RouteText[id=88577823-16f9-4de2-ba04-780edacb1bd8] Routing FlowFile[2466,97609877676831.mockFlowFile,24B] to original
[main] DEBUG org.apache.nifi.processors.standard.RouteText - RouteText[id=88577823-16f9-4de2-ba04-780edacb1bd8] Adding new dynamic property: PropertyDescriptor[simple]
[pool-3556-thread-1] INFO org.apache.nifi.processors.standard.RouteText - RouteText[id=88577823-16f9-4de2-ba04-780edacb1bd8] Created FlowFile[2469,97609878301273.mockFlowFile,24B] from FlowFile[2468,97609878301273.mockFlowFile,24B]; routing to relationship simple
[pool-3556-thread-1] INFO org.apache.nifi.processors.standard.RouteText - RouteText[id=88577823-16f9-4de2-ba04-780edacb1bd8] Routing FlowFile[2468,97609878301273.mockFlowFile,24B] to original
[main] DEBUG org.apache.nifi.processors.standard.RouteText - RouteText[id=88577823-16f9-4de2-ba04-780edacb1bd8] Adding new dynamic property: PropertyDescriptor[simple]
[pool-3557-thread-1] INFO org.apache.nifi.processors.standard.RouteText - RouteText[id=88577823-16f9-4de2-ba04-780edacb1bd8] Created FlowFile[2471,97609878865766.mockFlowFile,24B] from FlowFile[2470,97609878865766.mockFlowFile,24B]; routing to relationship simple
[pool-3557-thread-1] INFO org.apache.nifi.processors.standard.RouteText - RouteText[id=88577823-16f9-4de2-ba04-780edacb1bd8] Routing FlowFile[2470,97609878865766.mockFlowFile,24B] to original
[main] DEBUG org.apache.nifi.processors.standard.RouteText - RouteText[id=88577823-16f9-4de2-ba04-780edacb1bd8] Adding new dynamic property: PropertyDescriptor[simple]
[pool-3558-thread-1] INFO org.apache.nifi.processors.standard.RouteText - RouteText[id=88577823-16f9-4de2-ba04-780edacb1bd8] Created FlowFile[2473,97609879271536.mockFlowFile,24B] from FlowFile[2472,97609879271536.mockFlowFile,24B]; routing to relationship simple
[pool-3558-thread-1] INFO org.apache.nifi.processors.standard.RouteText - RouteText[id=88577823-16f9-4de2-ba04-780edacb1bd8] Routing FlowFile[2472,97609879271536.mockFlowFile,24B] to original
[main] DEBUG org.apache.nifi.processors.standard.RouteText - RouteText[id=88577823-16f9-4de2-ba04-780edacb1bd8] Adding new dynamic property: PropertyDescriptor[simple]
[pool-3559-thread-1] INFO org.apache.nifi.processors.standard.RouteText - RouteText[id=88577823-16f9-4de2-ba04-780edacb1bd8] Created FlowFile[2475,97609879697747.mockFlowFile,24B] from FlowFile[2474,97609879697747.mockFlowFile,24B]; routing to relationship simple
[pool-3559-thread-1] INFO org.apache.nifi.processors.standard.RouteText - RouteText[id=88577823-16f9-4de2-ba04-780edacb1bd8] Routing FlowFile[2474,97609879697747.mockFlowFile,24B] to original
[main] DEBUG org.apache.nifi.processors.standard.RouteText - RouteText[id=88577823-16f9-4de2-ba04-780edacb1bd8] Adding new dynamic property: PropertyDescriptor[simple]
[pool-3560-thread-1] INFO org.apache.nifi.processors.standard.RouteText - RouteText[id=88577823-16f9-4de2-ba04-780edacb1bd8] Created FlowFile[2477,97609880118754.mockFlowFile,24B] from FlowFile[2476,97609880118754.mockFlowFile,24B]; routing to relationship simple
[pool-3560-thread-1] INFO org.apache.nifi.processors.standard.RouteText - RouteText[id=88577823-16f9-4de2-ba04-780edacb1bd8] Routing FlowFile[2476,97609880118754.mockFlowFile,24B] to original
[main] DEBUG org.apache.nifi.processors.standard.RouteText - RouteText[id=88577823-16f9-4de2-ba04-780edacb1bd8] Adding new dynamic property: PropertyDescriptor[simple]
[pool-3561-thread-1] INFO org.apache.nifi.processors.standard.RouteText - RouteText[id=88577823-16f9-4de2-ba04-780edacb1bd8] Created FlowFile[2479,97609880600450.mockFlowFile,24B] from FlowFile[2478,97609880600450.mockFlowFile,24B]; routing to relationship simple
[pool-3561-thread-1] INFO org.apache.nifi.processors.standard.RouteText - RouteText[id=88577823-16f9-4de2-ba04-780edacb1bd8] Routing FlowFile[2478,97609880600450.mockFlowFile,24B] to original
[main] DEBUG org.apache.nifi.processors.standard.RouteText - RouteText[id=88577823-16f9-4de2-ba04-780edacb1bd8] Adding new dynamic property: PropertyDescriptor[simple]
[pool-3562-thread-1] INFO org.apache.nifi.processors.standard.RouteText - RouteText[id=88577823-16f9-4de2-ba04-780edacb1bd8] Created FlowFile[2481,97609881200046.mockFlowFile,24B] from FlowFile[2480,97609881200046.mockFlowFile,24B]; routing to relationship simple
[pool-3562-thread-1] INFO org.apache.nifi.processors.standard.RouteText - RouteText[id=88577823-16f9-4de2-ba04-780edacb1bd8] Routing FlowFile[2480,97609881200046.mockFlowFile,24B] to original
[main] DEBUG org.apache.nifi.processors.standard.RouteText - RouteText[id=88577823-16f9-4de2-ba04-780edacb1bd8] Adding new dynamic property: PropertyDescriptor[simple]
[pool-3563-thread-1] INFO org.apache.nifi.processors.standard.RouteText - RouteText[id=88577823-16f9-4de2-ba04-780edacb1bd8] Created FlowFile[2483,97609881791798.mockFlowFile,24B] from FlowFile[2482,97609881791798.mockFlowFile,24B]; routing to relationship simple
[pool-3563-thread-1] INFO org.apache.nifi.processors.standard.RouteText - RouteText[id=88577823-16f9-4de2-ba04-780edacb1bd8] Routing FlowFile[2482,97609881791798.mockFlowFile,24B] to original
[main] DEBUG org.apache.nifi.processors.standard.RouteText - RouteText[id=88577823-16f9-4de2-ba04-780edacb1bd8] Adding new dynamic property: PropertyDescriptor[simple]
[pool-3564-thread-1] INFO org.apache.nifi.processors.standard.RouteText - RouteText[id=88577823-16f9-4de2-ba04-780edacb1bd8] Created FlowFile[2485,97609882378240.mockFlowFile,24B] from FlowFile[2484,97609882378240.mockFlowFile,24B]; routing to relationship simple
[pool-3564-thread-1] INFO org.apache.nifi.processors.standard.RouteText - RouteText[id=88577823-16f9-4de2-ba04-780edacb1bd8] Routing FlowFile[2484,97609882378240.mockFlowFile,24B] to original
[main] DEBUG org.apache.nifi.processors.standard.RouteText - RouteText[id=88577823-16f9-4de2-ba04-780edacb1bd8] Adding new dynamic property: PropertyDescriptor[simple]
[pool-3565-thread-1] INFO org.apache.nifi.processors.standard.RouteText - RouteText[id=88577823-16f9-4de2-ba04-780edacb1bd8] Created FlowFile[2487,97609882937000.mockFlowFile,24B] from FlowFile[2486,97609882937000.mockFlowFile,24B]; routing to relationship simple
[pool-3565-thread-1] INFO org.apache.nifi.processors.standard.RouteText - RouteText[id=88577823-16f9-4de2-ba04-780edacb1bd8] Routing FlowFile[2486,97609882937000.mockFlowFile,24B] to original
[main] DEBUG org.apache.nifi.processors.standard.RouteText - RouteText[id=88577823-16f9-4de2-ba04-780edacb1bd8] Adding new dynamic property: PropertyDescriptor[simple]
[pool-3566-thread-1] INFO org.apache.nifi.processors.standard.RouteText - RouteText[id=88577823-16f9-4de2-ba04-780edacb1bd8] Created FlowFile[2489,97609883440350.mockFlowFile,24B] from FlowFile[2488,97609883440350.mockFlowFile,24B]; routing to relationship simple
[pool-3566-thread-1] INFO org.apache.nifi.processors.standard.RouteText - RouteText[id=88577823-16f9-4de2-ba04-780edacb1bd8] Routing FlowFile[2488,97609883440350.mockFlowFile,24B] to original
[main] DEBUG org.apache.nifi.processors.standard.RouteText - RouteText[id=88577823-16f9-4de2-ba04-780edacb1bd8] Adding new dynamic property: PropertyDescriptor[simple]
[pool-3567-thread-1] INFO org.apache.nifi.processors.standard.RouteText - RouteText[id=88577823-16f9-4de2-ba04-780edacb1bd8] Created FlowFile[2491,97609883887166.mockFlowFile,24B] from FlowFile[2490,97609883887166.mockFlowFile,24B]; routing to relationship simple
[pool-3567-thread-1] INFO org.apache.nifi.processors.standard.RouteText - RouteText[id=88577823-16f9-4de2-ba04-780edacb1bd8] Routing FlowFile[2490,97609883887166.mockFlowFile,24B] to original
[main] DEBUG org.apache.nifi.processors.standard.RouteText - RouteText[id=88577823-16f9-4de2-ba04-780edacb1bd8] Adding new dynamic property: PropertyDescriptor[simple]
[pool-3568-thread-1] INFO org.apache.nifi.processors.standard.RouteText - RouteText[id=88577823-16f9-4de2-ba04-780edacb1bd8] Created FlowFile[2493,97609884502051.mockFlowFile,24B] from FlowFile[2492,97609884502051.mockFlowFile,24B]; routing to relationship simple
[pool-3568-thread-1] INFO org.apache.nifi.processors.standard.RouteText - RouteText[id=88577823-16f9-4de2-ba04-780edacb1bd8] Routing FlowFile[2492,97609884502051.mockFlowFile,24B] to original
[main] DEBUG org.apache.nifi.processors.standard.RouteText - RouteText[id=88577823-16f9-4de2-ba04-780edacb1bd8] Adding new dynamic property: PropertyDescriptor[simple]
[pool-3569-thread-1] INFO org.apache.nifi.processors.standard.RouteText - RouteText[id=88577823-16f9-4de2-ba04-780edacb1bd8] Created FlowFile[2495,97609885100009.mockFlowFile,24B] from FlowFile[2494,97609885100009.mockFlowFile,24B]; routing to relationship simple
[pool-3569-thread-1] INFO org.apache.nifi.processors.standard.RouteText - RouteText[id=88577823-16f9-4de2-ba04-780edacb1bd8] Routing FlowFile[2494,97609885100009.mockFlowFile,24B] to original
[main] DEBUG org.apache.nifi.processors.standard.RouteText - RouteText[id=88577823-16f9-4de2-ba04-780edacb1bd8] Adding new dynamic property: PropertyDescriptor[simple]
[pool-3570-thread-1] INFO org.apache.nifi.processors.standard.RouteText - RouteText[id=88577823-16f9-4de2-ba04-780edacb1bd8] Created FlowFile[2497,97609885671973.mockFlowFile,24B] from FlowFile[2496,97609885671973.mockFlowFile,24B]; routing to relationship simple
[pool-3570-thread-1] INFO org.apache.nifi.processors.standard.RouteText - RouteText[id=88577823-16f9-4de2-ba04-780edacb1bd8] Routing FlowFile[2496,97609885671973.mockFlowFile,24B] to original
[main] DEBUG org.apache.nifi.processors.standard.RouteText - RouteText[id=88577823-16f9-4de2-ba04-780edacb1bd8] Adding new dynamic property: PropertyDescriptor[simple]
[pool-3571-thread-1] INFO org.apache.nifi.processors.standard.RouteText - RouteText[id=88577823-16f9-4de2-ba04-780edacb1bd8] Created FlowFile[2499,97609886187648.mockFlowFile,24B] from FlowFile[2498,97609886187648.mockFlowFile,24B]; routing to relationship simple
[pool-3571-thread-1] INFO org.apache.nifi.processors.standard.RouteText - RouteText[id=88577823-16f9-4de2-ba04-780edacb1bd8] Routing FlowFile[2498,97609886187648.mockFlowFile,24B] to original
[main] DEBUG org.apache.nifi.processors.standard.RouteText - RouteText[id=88577823-16f9-4de2-ba04-780edacb1bd8] Adding new dynamic property: PropertyDescriptor[simple]
[pool-3572-thread-1] INFO org.apache.nifi.processors.standard.RouteText - RouteText[id=88577823-16f9-4de2-ba04-780edacb1bd8] Created FlowFile[2501,97609886648342.mockFlowFile,24B] from FlowFile[2500,97609886648342.mockFlowFile,24B]; routing to relationship simple
[pool-3572-thread-1] INFO org.apache.nifi.processors.standard.RouteText - RouteText[id=88577823-16f9-4de2-ba04-780edacb1bd8] Routing FlowFile[2500,97609886648342.mockFlowFile,24B] to original
[main] DEBUG org.apache.nifi.processors.standard.RouteText - RouteText[id=88577823-16f9-4de2-ba04-780edacb1bd8] Adding new dynamic property: PropertyDescriptor[simple]
[pool-3573-thread-1] INFO org.apache.nifi.processors.standard.RouteText - RouteText[id=88577823-16f9-4de2-ba04-780edacb1bd8] Created FlowFile[2503,97609887105216.mockFlowFile,24B] from FlowFile[2502,97609887105216.mockFlowFile,24B]; routing to relationship simple
[pool-3573-thread-1] INFO org.apache.nifi.processors.standard.RouteText - RouteText[id=88577823-16f9-4de2-ba04-780edacb1bd8] Routing FlowFile[2502,97609887105216.mockFlowFile,24B] to original
[main] DEBUG org.apache.nifi.processors.standard.RouteText - RouteText[id=88577823-16f9-4de2-ba04-780edacb1bd8] Adding new dynamic property: PropertyDescriptor[simple]
[pool-3574-thread-1] INFO org.apache.nifi.processors.standard.RouteText - RouteText[id=88577823-16f9-4de2-ba04-780edacb1bd8] Created FlowFile[2505,97609887629782.mockFlowFile,24B] from FlowFile[2504,97609887629782.mockFlowFile,24B]; routing to relationship simple
[pool-3574-thread-1] INFO org.apache.nifi.processors.standard.RouteText - RouteText[id=88577823-16f9-4de2-ba04-780edacb1bd8] Routing FlowFile[2504,97609887629782.mockFlowFile,24B] to original
[main] DEBUG org.apache.nifi.processors.standard.RouteText - RouteText[id=88577823-16f9-4de2-ba04-780edacb1bd8] Adding new dynamic property: PropertyDescriptor[simple]
[pool-3575-thread-1] INFO org.apache.nifi.processors.standard.RouteText - RouteText[id=88577823-16f9-4de2-ba04-780edacb1bd8] Created FlowFile[2507,97609888124299.mockFlowFile,24B] from FlowFile[2506,97609888124299.mockFlowFile,24B]; routing to relationship simple
[pool-3575-thread-1] INFO org.apache.nifi.processors.standard.RouteText - RouteText[id=88577823-16f9-4de2-ba04-780edacb1bd8] Routing FlowFile[2506,97609888124299.mockFlowFile,24B] to original
[main] DEBUG org.apache.nifi.processors.standard.RouteText - RouteText[id=88577823-16f9-4de2-ba04-780edacb1bd8] Adding new dynamic property: PropertyDescriptor[simple]
[pool-3576-thread-1] INFO org.apache.nifi.processors.standard.RouteText - RouteText[id=88577823-16f9-4de2-ba04-780edacb1bd8] Created FlowFile[2509,97609888732335.mockFlowFile,24B] from FlowFile[2508,97609888732335.mockFlowFile,24B]; routing to relationship simple
[pool-3576-thread-1] INFO org.apache.nifi.processors.standard.RouteText - RouteText[id=88577823-16f9-4de2-ba04-780edacb1bd8] Routing FlowFile[2508,97609888732335.mockFlowFile,24B] to original
[main] DEBUG org.apache.nifi.processors.standard.RouteText - RouteText[id=88577823-16f9-4de2-ba04-780edacb1bd8] Adding new dynamic property: PropertyDescriptor[simple]
[pool-3577-thread-1] INFO org.apache.nifi.processors.standard.RouteText - RouteText[id=88577823-16f9-4de2-ba04-780edacb1bd8] Created FlowFile[2511,97609889305001.mockFlowFile,24B] from FlowFile[2510,97609889305001.mockFlowFile,24B]; routing to relationship simple
[pool-3577-thread-1] INFO org.apache.nifi.processors.standard.RouteText - RouteText[id=88577823-16f9-4de2-ba04-780edacb1bd8] Routing FlowFile[2510,97609889305001.mockFlowFile,24B] to original
[main] DEBUG org.apache.nifi.processors.standard.RouteText - RouteText[id=88577823-16f9-4de2-ba04-780edacb1bd8] Adding new dynamic property: PropertyDescriptor[simple]
[pool-3578-thread-1] INFO org.apache.nifi.processors.standard.RouteText - RouteText[id=88577823-16f9-4de2-ba04-780edacb1bd8] Created FlowFile[2513,97609889862902.mockFlowFile,24B] from FlowFile[2512,97609889862902.mockFlowFile,24B]; routing to relationship simple
[pool-3578-thread-1] INFO org.apache.nifi.processors.standard.RouteText - RouteText[id=88577823-16f9-4de2-ba04-780edacb1bd8] Routing FlowFile[2512,97609889862902.mockFlowFile,24B] to original
[main] DEBUG org.apache.nifi.processors.standard.RouteText - RouteText[id=88577823-16f9-4de2-ba04-780edacb1bd8] Adding new dynamic property: PropertyDescriptor[simple]
[pool-3579-thread-1] INFO org.apache.nifi.processors.standard.RouteText - RouteText[id=88577823-16f9-4de2-ba04-780edacb1bd8] Created FlowFile[2515,97609890292338.mockFlowFile,24B] from FlowFile[2514,97609890292338.mockFlowFile,24B]; routing to relationship simple
[pool-3579-thread-1] INFO org.apache.nifi.processors.standard.RouteText - RouteText[id=88577823-16f9-4de2-ba04-780edacb1bd8] Routing FlowFile[2514,97609890292338.mockFlowFile,24B] to original
[main] DEBUG org.apache.nifi.processors.standard.RouteText - RouteText[id=88577823-16f9-4de2-ba04-780edacb1bd8] Adding new dynamic property: PropertyDescriptor[simple]
[pool-3580-thread-1] INFO org.apache.nifi.processors.standard.RouteText - RouteText[id=88577823-16f9-4de2-ba04-780edacb1bd8] Created FlowFile[2517,97609890744733.mockFlowFile,24B] from FlowFile[2516,97609890744733.mockFlowFile,24B]; routing to relationship simple
[pool-3580-thread-1] INFO org.apache.nifi.processors.standard.RouteText - RouteText[id=88577823-16f9-4de2-ba04-780edacb1bd8] Routing FlowFile[2516,97609890744733.mockFlowFile,24B] to original
[main] DEBUG org.apache.nifi.processors.standard.RouteText - RouteText[id=88577823-16f9-4de2-ba04-780edacb1bd8] Adding new dynamic property: PropertyDescriptor[simple]
[pool-3581-thread-1] INFO org.apache.nifi.processors.standard.RouteText - RouteText[id=88577823-16f9-4de2-ba04-780edacb1bd8] Created FlowFile[2519,97609891281043.mockFlowFile,24B] from FlowFile[2518,97609891281043.mockFlowFile,24B]; routing to relationship simple
[pool-3581-thread-1] INFO org.apache.nifi.processors.standard.RouteText - RouteText[id=88577823-16f9-4de2-ba04-780edacb1bd8] Routing FlowFile[2518,97609891281043.mockFlowFile,24B] to original
[main] DEBUG org.apache.nifi.processors.standard.RouteText - RouteText[id=88577823-16f9-4de2-ba04-780edacb1bd8] Adding new dynamic property: PropertyDescriptor[simple]
[pool-3582-thread-1] INFO org.apache.nifi.processors.standard.RouteText - RouteText[id=88577823-16f9-4de2-ba04-780edacb1bd8] Created FlowFile[2521,97609891865069.mockFlowFile,24B] from FlowFile[2520,97609891865069.mockFlowFile,24B]; routing to relationship simple
[pool-3582-thread-1] INFO org.apache.nifi.processors.standard.RouteText - RouteText[id=88577823-16f9-4de2-ba04-780edacb1bd8] Routing FlowFile[2520,97609891865069.mockFlowFile,24B] to original
[main] DEBUG org.apache.nifi.processors.standard.RouteText - RouteText[id=88577823-16f9-4de2-ba04-780edacb1bd8] Adding new dynamic property: PropertyDescriptor[simple]
[pool-3583-thread-1] INFO org.apache.nifi.processors.standard.RouteText - RouteText[id=88577823-16f9-4de2-ba04-780edacb1bd8] Created FlowFile[2523,97609892429446.mockFlowFile,24B] from FlowFile[2522,97609892429446.mockFlowFile,24B]; routing to relationship simple
[pool-3583-thread-1] INFO org.apache.nifi.processors.standard.RouteText - RouteText[id=88577823-16f9-4de2-ba04-780edacb1bd8] Routing FlowFile[2522,97609892429446.mockFlowFile,24B] to original
[main] DEBUG org.apache.nifi.processors.standard.RouteText - RouteText[id=88577823-16f9-4de2-ba04-780edacb1bd8] Adding new dynamic property: PropertyDescriptor[simple]
[pool-3584-thread-1] INFO org.apache.nifi.processors.standard.RouteText - RouteText[id=88577823-16f9-4de2-ba04-780edacb1bd8] Created FlowFile[2525,97609892973070.mockFlowFile,24B] from FlowFile[2524,97609892973070.mockFlowFile,24B]; routing to relationship simple
[pool-3584-thread-1] INFO org.apache.nifi.processors.standard.RouteText - RouteText[id=88577823-16f9-4de2-ba04-780edacb1bd8] Routing FlowFile[2524,97609892973070.mockFlowFile,24B] to original
[main] DEBUG org.apache.nifi.processors.standard.RouteText - RouteText[id=88577823-16f9-4de2-ba04-780edacb1bd8] Adding new dynamic property: PropertyDescriptor[simple]
[pool-3585-thread-1] INFO org.apache.nifi.processors.standard.RouteText - RouteText[id=88577823-16f9-4de2-ba04-780edacb1bd8] Created FlowFile[2527,97609893482201.mockFlowFile,24B] from FlowFile[2526,97609893482201.mockFlowFile,24B]; routing to relationship simple
[pool-3585-thread-1] INFO org.apache.nifi.processors.standard.RouteText - RouteText[id=88577823-16f9-4de2-ba04-780edacb1bd8] Routing FlowFile[2526,97609893482201.mockFlowFile,24B] to original
[main] DEBUG org.apache.nifi.processors.standard.RouteText - RouteText[id=88577823-16f9-4de2-ba04-780edacb1bd8] Adding new dynamic property: PropertyDescriptor[simple]
[pool-3586-thread-1] INFO org.apache.nifi.processors.standard.RouteText - RouteText[id=88577823-16f9-4de2-ba04-780edacb1bd8] Created FlowFile[2529,97609893939420.mockFlowFile,24B] from FlowFile[2528,97609893939420.mockFlowFile,24B]; routing to relationship simple
[pool-3586-thread-1] INFO org.apache.nifi.processors.standard.RouteText - RouteText[id=88577823-16f9-4de2-ba04-780edacb1bd8] Routing FlowFile[2528,97609893939420.mockFlowFile,24B] to original
[main] DEBUG org.apache.nifi.processors.standard.RouteText - RouteText[id=88577823-16f9-4de2-ba04-780edacb1bd8] Adding new dynamic property: PropertyDescriptor[simple]
[pool-3587-thread-1] INFO org.apache.nifi.processors.standard.RouteText - RouteText[id=88577823-16f9-4de2-ba04-780edacb1bd8] Created FlowFile[2531,97609894349619.mockFlowFile,24B] from FlowFile[2530,97609894349619.mockFlowFile,24B]; routing to relationship simple
[pool-3587-thread-1] INFO org.apache.nifi.processors.standard.RouteText - RouteText[id=88577823-16f9-4de2-ba04-780edacb1bd8] Routing FlowFile[2530,97609894349619.mockFlowFile,24B] to original
[main] DEBUG org.apache.nifi.processors.standard.RouteText - RouteText[id=88577823-16f9-4de2-ba04-780edacb1bd8] Adding new dynamic property: PropertyDescriptor[simple]
[pool-3588-thread-1] INFO org.apache.nifi.processors.standard.RouteText - RouteText[id=88577823-16f9-4de2-ba04-780edacb1bd8] Created FlowFile[2533,97609894779095.mockFlowFile,24B] from FlowFile[2532,97609894779095.mockFlowFile,24B]; routing to relationship simple
[pool-3588-thread-1] INFO org.apache.nifi.processors.standard.RouteText - RouteText[id=88577823-16f9-4de2-ba04-780edacb1bd8] Routing FlowFile[2532,97609894779095.mockFlowFile,24B] to original
[main] DEBUG org.apache.nifi.processors.standard.RouteText - RouteText[id=88577823-16f9-4de2-ba04-780edacb1bd8] Adding new dynamic property: PropertyDescriptor[simple]
[pool-3589-thread-1] INFO org.apache.nifi.processors.standard.RouteText - RouteText[id=88577823-16f9-4de2-ba04-780edacb1bd8] Created FlowFile[2535,97609895379650.mockFlowFile,24B] from FlowFile[2534,97609895379650.mockFlowFile,24B]; routing to relationship simple
[pool-3589-thread-1] INFO org.apache.nifi.processors.standard.RouteText - RouteText[id=88577823-16f9-4de2-ba04-780edacb1bd8] Routing FlowFile[2534,97609895379650.mockFlowFile,24B] to original
[main] DEBUG org.apache.nifi.processors.standard.RouteText - RouteText[id=88577823-16f9-4de2-ba04-780edacb1bd8] Adding new dynamic property: PropertyDescriptor[simple]
[pool-3590-thread-1] INFO org.apache.nifi.processors.standard.RouteText - RouteText[id=88577823-16f9-4de2-ba04-780edacb1bd8] Created FlowFile[2537,97609895898476.mockFlowFile,24B] from FlowFile[2536,97609895898476.mockFlowFile,24B]; routing to relationship simple
[pool-3590-thread-1] INFO org.apache.nifi.processors.standard.RouteText - RouteText[id=88577823-16f9-4de2-ba04-780edacb1bd8] Routing FlowFile[2536,97609895898476.mockFlowFile,24B] to original
[main] DEBUG org.apache.nifi.processors.standard.RouteText - RouteText[id=88577823-16f9-4de2-ba04-780edacb1bd8] Adding new dynamic property: PropertyDescriptor[simple]
[pool-3591-thread-1] INFO org.apache.nifi.processors.standard.RouteText - RouteText[id=88577823-16f9-4de2-ba04-780edacb1bd8] Created FlowFile[2539,97609896583448.mockFlowFile,24B] from FlowFile[2538,97609896583448.mockFlowFile,24B]; routing to relationship simple
[pool-3591-thread-1] INFO org.apache.nifi.processors.standard.RouteText - RouteText[id=88577823-16f9-4de2-ba04-780edacb1bd8] Routing FlowFile[2538,97609896583448.mockFlowFile,24B] to original
[main] DEBUG org.apache.nifi.processors.standard.RouteText - RouteText[id=88577823-16f9-4de2-ba04-780edacb1bd8] Adding new dynamic property: PropertyDescriptor[simple]
[pool-3592-thread-1] INFO org.apache.nifi.processors.standard.RouteText - RouteText[id=88577823-16f9-4de2-ba04-780edacb1bd8] Created FlowFile[2541,97609897226824.mockFlowFile,24B] from FlowFile[2540,97609897226824.mockFlowFile,24B]; routing to relationship simple
[pool-3592-thread-1] INFO org.apache.nifi.processors.standard.RouteText - RouteText[id=88577823-16f9-4de2-ba04-780edacb1bd8] Routing FlowFile[2540,97609897226824.mockFlowFile,24B] to original
[main] DEBUG org.apache.nifi.processors.standard.RouteText - RouteText[id=88577823-16f9-4de2-ba04-780edacb1bd8] Adding new dynamic property: PropertyDescriptor[simple]
[pool-3593-thread-1] INFO org.apache.nifi.processors.standard.RouteText - RouteText[id=88577823-16f9-4de2-ba04-780edacb1bd8] Created FlowFile[2543,97609897948542.mockFlowFile,24B] from FlowFile[2542,97609897948542.mockFlowFile,24B]; routing to relationship simple
[pool-3593-thread-1] INFO org.apache.nifi.processors.standard.RouteText - RouteText[id=88577823-16f9-4de2-ba04-780edacb1bd8] Routing FlowFile[2542,97609897948542.mockFlowFile,24B] to original
[main] DEBUG org.apache.nifi.processors.standard.RouteText - RouteText[id=88577823-16f9-4de2-ba04-780edacb1bd8] Adding new dynamic property: PropertyDescriptor[simple]
[pool-3594-thread-1] INFO org.apache.nifi.processors.standard.RouteText - RouteText[id=88577823-16f9-4de2-ba04-780edacb1bd8] Created FlowFile[2545,97609898473967.mockFlowFile,24B] from FlowFile[2544,97609898473967.mockFlowFile,24B]; routing to relationship simple
[pool-3594-thread-1] INFO org.apache.nifi.processors.standard.RouteText - RouteText[id=88577823-16f9-4de2-ba04-780edacb1bd8] Routing FlowFile[2544,97609898473967.mockFlowFile,24B] to original
[main] DEBUG org.apache.nifi.processors.standard.RouteText - RouteText[id=88577823-16f9-4de2-ba04-780edacb1bd8] Adding new dynamic property: PropertyDescriptor[simple]
[pool-3595-thread-1] INFO org.apache.nifi.processors.standard.RouteText - RouteText[id=88577823-16f9-4de2-ba04-780edacb1bd8] Created FlowFile[2547,97609898990304.mockFlowFile,24B] from FlowFile[2546,97609898990304.mockFlowFile,24B]; routing to relationship simple
[pool-3595-thread-1] INFO org.apache.nifi.processors.standard.RouteText - RouteText[id=88577823-16f9-4de2-ba04-780edacb1bd8] Routing FlowFile[2546,97609898990304.mockFlowFile,24B] to original
[main] DEBUG org.apache.nifi.processors.standard.RouteText - RouteText[id=88577823-16f9-4de2-ba04-780edacb1bd8] Adding new dynamic property: PropertyDescriptor[simple]
[pool-3596-thread-1] INFO org.apache.nifi.processors.standard.RouteText - RouteText[id=88577823-16f9-4de2-ba04-780edacb1bd8] Created FlowFile[2549,97609899585645.mockFlowFile,24B] from FlowFile[2548,97609899585645.mockFlowFile,24B]; routing to relationship simple
[pool-3596-thread-1] INFO org.apache.nifi.processors.standard.RouteText - RouteText[id=88577823-16f9-4de2-ba04-780edacb1bd8] Routing FlowFile[2548,97609899585645.mockFlowFile,24B] to original
[main] DEBUG org.apache.nifi.processors.standard.RouteText - RouteText[id=88577823-16f9-4de2-ba04-780edacb1bd8] Adding new dynamic property: PropertyDescriptor[simple]
[pool-3597-thread-1] INFO org.apache.nifi.processors.standard.RouteText - RouteText[id=88577823-16f9-4de2-ba04-780edacb1bd8] Created FlowFile[2551,97609900068860.mockFlowFile,24B] from FlowFile[2550,97609900068860.mockFlowFile,24B]; routing to relationship simple
[pool-3597-thread-1] INFO org.apache.nifi.processors.standard.RouteText - RouteText[id=88577823-16f9-4de2-ba04-780edacb1bd8] Routing FlowFile[2550,97609900068860.mockFlowFile,24B] to original
[main] DEBUG org.apache.nifi.processors.standard.RouteText - RouteText[id=88577823-16f9-4de2-ba04-780edacb1bd8] Adding new dynamic property: PropertyDescriptor[simple]
[pool-3598-thread-1] INFO org.apache.nifi.processors.standard.RouteText - RouteText[id=88577823-16f9-4de2-ba04-780edacb1bd8] Created FlowFile[2553,97609900627066.mockFlowFile,24B] from FlowFile[2552,97609900627066.mockFlowFile,24B]; routing to relationship simple
[pool-3598-thread-1] INFO org.apache.nifi.processors.standard.RouteText - RouteText[id=88577823-16f9-4de2-ba04-780edacb1bd8] Routing FlowFile[2552,97609900627066.mockFlowFile,24B] to original
[main] DEBUG org.apache.nifi.processors.standard.RouteText - RouteText[id=88577823-16f9-4de2-ba04-780edacb1bd8] Adding new dynamic property: PropertyDescriptor[simple]
[pool-3599-thread-1] INFO org.apache.nifi.processors.standard.RouteText - RouteText[id=88577823-16f9-4de2-ba04-780edacb1bd8] Created FlowFile[2555,97609901272709.mockFlowFile,24B] from FlowFile[2554,97609901272709.mockFlowFile,24B]; routing to relationship simple
[pool-3599-thread-1] INFO org.apache.nifi.processors.standard.RouteText - RouteText[id=88577823-16f9-4de2-ba04-780edacb1bd8] Routing FlowFile[2554,97609901272709.mockFlowFile,24B] to original
[main] DEBUG org.apache.nifi.processors.standard.RouteText - RouteText[id=88577823-16f9-4de2-ba04-780edacb1bd8] Adding new dynamic property: PropertyDescriptor[simple]
[pool-3600-thread-1] INFO org.apache.nifi.processors.standard.RouteText - RouteText[id=88577823-16f9-4de2-ba04-780edacb1bd8] Created FlowFile[2557,97609901990029.mockFlowFile,24B] from FlowFile[2556,97609901990029.mockFlowFile,24B]; routing to relationship simple
[pool-3600-thread-1] INFO org.apache.nifi.processors.standard.RouteText - RouteText[id=88577823-16f9-4de2-ba04-780edacb1bd8] Routing FlowFile[2556,97609901990029.mockFlowFile,24B] to original
[main] DEBUG org.apache.nifi.processors.standard.RouteText - RouteText[id=88577823-16f9-4de2-ba04-780edacb1bd8] Adding new dynamic property: PropertyDescriptor[simple]
[pool-3601-thread-1] INFO org.apache.nifi.processors.standard.RouteText - RouteText[id=88577823-16f9-4de2-ba04-780edacb1bd8] Created FlowFile[2559,97609902617397.mockFlowFile,24B] from FlowFile[2558,97609902617397.mockFlowFile,24B]; routing to relationship simple
[pool-3601-thread-1] INFO org.apache.nifi.processors.standard.RouteText - RouteText[id=88577823-16f9-4de2-ba04-780edacb1bd8] Routing FlowFile[2558,97609902617397.mockFlowFile,24B] to original
[main] DEBUG org.apache.nifi.processors.standard.RouteText - RouteText[id=88577823-16f9-4de2-ba04-780edacb1bd8] Adding new dynamic property: PropertyDescriptor[simple]
[pool-3602-thread-1] INFO org.apache.nifi.processors.standard.RouteText - RouteText[id=88577823-16f9-4de2-ba04-780edacb1bd8] Created FlowFile[2561,97609903717773.mockFlowFile,24B] from FlowFile[2560,97609903717773.mockFlowFile,24B]; routing to relationship simple
[pool-3602-thread-1] INFO org.apache.nifi.processors.standard.RouteText - RouteText[id=88577823-16f9-4de2-ba04-780edacb1bd8] Routing FlowFile[2560,97609903717773.mockFlowFile,24B] to original
[main] DEBUG org.apache.nifi.processors.standard.RouteText - RouteText[id=88577823-16f9-4de2-ba04-780edacb1bd8] Adding new dynamic property: PropertyDescriptor[simple]
[pool-3603-thread-1] INFO org.apache.nifi.processors.standard.RouteText - RouteText[id=88577823-16f9-4de2-ba04-780edacb1bd8] Created FlowFile[2563,97609904475053.mockFlowFile,24B] from FlowFile[2562,97609904475053.mockFlowFile,24B]; routing to relationship simple
[pool-3603-thread-1] INFO org.apache.nifi.processors.standard.RouteText - RouteText[id=88577823-16f9-4de2-ba04-780edacb1bd8] Routing FlowFile[2562,97609904475053.mockFlowFile,24B] to original
[main] DEBUG org.apache.nifi.processors.standard.RouteText - RouteText[id=88577823-16f9-4de2-ba04-780edacb1bd8] Adding new dynamic property: PropertyDescriptor[simple]
[pool-3604-thread-1] INFO org.apache.nifi.processors.standard.RouteText - RouteText[id=88577823-16f9-4de2-ba04-780edacb1bd8] Created FlowFile[2565,97609905055670.mockFlowFile,24B] from FlowFile[2564,97609905055670.mockFlowFile,24B]; routing to relationship simple
[pool-3604-thread-1] INFO org.apache.nifi.processors.standard.RouteText - RouteText[id=88577823-16f9-4de2-ba04-780edacb1bd8] Routing FlowFile[2564,97609905055670.mockFlowFile,24B] to original
[main] DEBUG org.apache.nifi.processors.standard.RouteText - RouteText[id=88577823-16f9-4de2-ba04-780edacb1bd8] Adding new dynamic property: PropertyDescriptor[simple]
[pool-3605-thread-1] INFO org.apache.nifi.processors.standard.RouteText - RouteText[id=88577823-16f9-4de2-ba04-780edacb1bd8] Created FlowFile[2567,97609905711887.mockFlowFile,24B] from FlowFile[2566,97609905711887.mockFlowFile,24B]; routing to relationship simple
[pool-3605-thread-1] INFO org.apache.nifi.processors.standard.RouteText - RouteText[id=88577823-16f9-4de2-ba04-780edacb1bd8] Routing FlowFile[2566,97609905711887.mockFlowFile,24B] to original
[main] DEBUG org.apache.nifi.processors.standard.RouteText - RouteText[id=88577823-16f9-4de2-ba04-780edacb1bd8] Adding new dynamic property: PropertyDescriptor[simple]
[pool-3606-thread-1] INFO org.apache.nifi.processors.standard.RouteText - RouteText[id=88577823-16f9-4de2-ba04-780edacb1bd8] Created FlowFile[2569,97609906380475.mockFlowFile,24B] from FlowFile[2568,97609906380475.mockFlowFile,24B]; routing to relationship simple
[pool-3606-thread-1] INFO org.apache.nifi.processors.standard.RouteText - RouteText[id=88577823-16f9-4de2-ba04-780edacb1bd8] Routing FlowFile[2568,97609906380475.mockFlowFile,24B] to original
[main] DEBUG org.apache.nifi.processors.standard.RouteText - RouteText[id=88577823-16f9-4de2-ba04-780edacb1bd8] Adding new dynamic property: PropertyDescriptor[simple]
[pool-3607-thread-1] INFO org.apache.nifi.processors.standard.RouteText - RouteText[id=88577823-16f9-4de2-ba04-780edacb1bd8] Created FlowFile[2571,97609906936554.mockFlowFile,24B] from FlowFile[2570,97609906936554.mockFlowFile,24B]; routing to relationship simple
[pool-3607-thread-1] INFO org.apache.nifi.processors.standard.RouteText - RouteText[id=88577823-16f9-4de2-ba04-780edacb1bd8] Routing FlowFile[2570,97609906936554.mockFlowFile,24B] to original
[main] DEBUG org.apache.nifi.processors.standard.RouteText - RouteText[id=88577823-16f9-4de2-ba04-780edacb1bd8] Adding new dynamic property: PropertyDescriptor[simple]
[pool-3608-thread-1] INFO org.apache.nifi.processors.standard.RouteText - RouteText[id=88577823-16f9-4de2-ba04-780edacb1bd8] Created FlowFile[2573,97609907479377.mockFlowFile,24B] from FlowFile[2572,97609907479377.mockFlowFile,24B]; routing to relationship simple
[pool-3608-thread-1] INFO org.apache.nifi.processors.standard.RouteText - RouteText[id=88577823-16f9-4de2-ba04-780edacb1bd8] Routing FlowFile[2572,97609907479377.mockFlowFile,24B] to original
[main] DEBUG org.apache.nifi.processors.standard.RouteText - RouteText[id=88577823-16f9-4de2-ba04-780edacb1bd8] Adding new dynamic property: PropertyDescriptor[simple]
[pool-3609-thread-1] INFO org.apache.nifi.processors.standard.RouteText - RouteText[id=88577823-16f9-4de2-ba04-780edacb1bd8] Created FlowFile[2575,97609908030876.mockFlowFile,24B] from FlowFile[2574,97609908030876.mockFlowFile,24B]; routing to relationship simple
[pool-3609-thread-1] INFO org.apache.nifi.processors.standard.RouteText - RouteText[id=88577823-16f9-4de2-ba04-780edacb1bd8] Routing FlowFile[2574,97609908030876.mockFlowFile,24B] to original
[main] DEBUG org.apache.nifi.processors.standard.RouteText - RouteText[id=88577823-16f9-4de2-ba04-780edacb1bd8] Adding new dynamic property: PropertyDescriptor[simple]
[pool-3610-thread-1] INFO org.apache.nifi.processors.standard.RouteText - RouteText[id=88577823-16f9-4de2-ba04-780edacb1bd8] Created FlowFile[2577,97609908661643.mockFlowFile,24B] from FlowFile[2576,97609908661643.mockFlowFile,24B]; routing to relationship simple
[pool-3610-thread-1] INFO org.apache.nifi.processors.standard.RouteText - RouteText[id=88577823-16f9-4de2-ba04-780edacb1bd8] Routing FlowFile[2576,97609908661643.mockFlowFile,24B] to original
[main] DEBUG org.apache.nifi.processors.standard.RouteText - RouteText[id=88577823-16f9-4de2-ba04-780edacb1bd8] Adding new dynamic property: PropertyDescriptor[simple]
[pool-3611-thread-1] INFO org.apache.nifi.processors.standard.RouteText - RouteText[id=88577823-16f9-4de2-ba04-780edacb1bd8] Created FlowFile[2579,97609909205140.mockFlowFile,24B] from FlowFile[2578,97609909205140.mockFlowFile,24B]; routing to relationship simple
[pool-3611-thread-1] INFO org.apache.nifi.processors.standard.RouteText - RouteText[id=88577823-16f9-4de2-ba04-780edacb1bd8] Routing FlowFile[2578,97609909205140.mockFlowFile,24B] to original
[main] DEBUG org.apache.nifi.processors.standard.RouteText - RouteText[id=88577823-16f9-4de2-ba04-780edacb1bd8] Adding new dynamic property: PropertyDescriptor[simple]
[pool-3612-thread-1] INFO org.apache.nifi.processors.standard.RouteText - RouteText[id=88577823-16f9-4de2-ba04-780edacb1bd8] Created FlowFile[2581,97609909854380.mockFlowFile,24B] from FlowFile[2580,97609909854380.mockFlowFile,24B]; routing to relationship simple
[pool-3612-thread-1] INFO org.apache.nifi.processors.standard.RouteText - RouteText[id=88577823-16f9-4de2-ba04-780edacb1bd8] Routing FlowFile[2580,97609909854380.mockFlowFile,24B] to original
[main] DEBUG org.apache.nifi.processors.standard.RouteText - RouteText[id=88577823-16f9-4de2-ba04-780edacb1bd8] Adding new dynamic property: PropertyDescriptor[simple]
[pool-3613-thread-1] INFO org.apache.nifi.processors.standard.RouteText - RouteText[id=88577823-16f9-4de2-ba04-780edacb1bd8] Created FlowFile[2583,97609910534071.mockFlowFile,24B] from FlowFile[2582,97609910534071.mockFlowFile,24B]; routing to relationship simple
[pool-3613-thread-1] INFO org.apache.nifi.processors.standard.RouteText - RouteText[id=88577823-16f9-4de2-ba04-780edacb1bd8] Routing FlowFile[2582,97609910534071.mockFlowFile,24B] to original
[main] DEBUG org.apache.nifi.processors.standard.RouteText - RouteText[id=88577823-16f9-4de2-ba04-780edacb1bd8] Adding new dynamic property: PropertyDescriptor[simple]
[pool-3614-thread-1] INFO org.apache.nifi.processors.standard.RouteText - RouteText[id=88577823-16f9-4de2-ba04-780edacb1bd8] Created FlowFile[2585,97609911181069.mockFlowFile,24B] from FlowFile[2584,97609911181069.mockFlowFile,24B]; routing to relationship simple
[pool-3614-thread-1] INFO org.apache.nifi.processors.standard.RouteText - RouteText[id=88577823-16f9-4de2-ba04-780edacb1bd8] Routing FlowFile[2584,97609911181069.mockFlowFile,24B] to original
[main] DEBUG org.apache.nifi.processors.standard.RouteText - RouteText[id=88577823-16f9-4de2-ba04-780edacb1bd8] Adding new dynamic property: PropertyDescriptor[simple]
[pool-3615-thread-1] INFO org.apache.nifi.processors.standard.RouteText - RouteText[id=88577823-16f9-4de2-ba04-780edacb1bd8] Created FlowFile[2587,97609911816262.mockFlowFile,24B] from FlowFile[2586,97609911816262.mockFlowFile,24B]; routing to relationship simple
[pool-3615-thread-1] INFO org.apache.nifi.processors.standard.RouteText - RouteText[id=88577823-16f9-4de2-ba04-780edacb1bd8] Routing FlowFile[2586,97609911816262.mockFlowFile,24B] to original
[main] DEBUG org.apache.nifi.processors.standard.RouteText - RouteText[id=88577823-16f9-4de2-ba04-780edacb1bd8] Adding new dynamic property: PropertyDescriptor[simple]
[pool-3616-thread-1] INFO org.apache.nifi.processors.standard.RouteText - RouteText[id=88577823-16f9-4de2-ba04-780edacb1bd8] Created FlowFile[2589,97609912457912.mockFlowFile,24B] from FlowFile[2588,97609912457912.mockFlowFile,24B]; routing to relationship simple
[pool-3616-thread-1] INFO org.apache.nifi.processors.standard.RouteText - RouteText[id=88577823-16f9-4de2-ba04-780edacb1bd8] Routing FlowFile[2588,97609912457912.mockFlowFile,24B] to original
[main] DEBUG org.apache.nifi.processors.standard.RouteText - RouteText[id=88577823-16f9-4de2-ba04-780edacb1bd8] Adding new dynamic property: PropertyDescriptor[simple]
[pool-3617-thread-1] INFO org.apache.nifi.processors.standard.RouteText - RouteText[id=88577823-16f9-4de2-ba04-780edacb1bd8] Created FlowFile[2591,97609913070395.mockFlowFile,24B] from FlowFile[2590,97609913070395.mockFlowFile,24B]; routing to relationship simple
[pool-3617-thread-1] INFO org.apache.nifi.processors.standard.RouteText - RouteText[id=88577823-16f9-4de2-ba04-780edacb1bd8] Routing FlowFile[2590,97609913070395.mockFlowFile,24B] to original
[main] DEBUG org.apache.nifi.processors.standard.RouteText - RouteText[id=88577823-16f9-4de2-ba04-780edacb1bd8] Adding new dynamic property: PropertyDescriptor[simple]
[pool-3618-thread-1] INFO org.apache.nifi.processors.standard.RouteText - RouteText[id=88577823-16f9-4de2-ba04-780edacb1bd8] Created FlowFile[2593,97609913687084.mockFlowFile,24B] from FlowFile[2592,97609913687084.mockFlowFile,24B]; routing to relationship simple
[pool-3618-thread-1] INFO org.apache.nifi.processors.standard.RouteText - RouteText[id=88577823-16f9-4de2-ba04-780edacb1bd8] Routing FlowFile[2592,97609913687084.mockFlowFile,24B] to original
[main] DEBUG org.apache.nifi.processors.standard.RouteText - RouteText[id=88577823-16f9-4de2-ba04-780edacb1bd8] Adding new dynamic property: PropertyDescriptor[simple]
[pool-3619-thread-1] INFO org.apache.nifi.processors.standard.RouteText - RouteText[id=88577823-16f9-4de2-ba04-780edacb1bd8] Created FlowFile[2595,97609914304902.mockFlowFile,24B] from FlowFile[2594,97609914304902.mockFlowFile,24B]; routing to relationship simple
[pool-3619-thread-1] INFO org.apache.nifi.processors.standard.RouteText - RouteText[id=88577823-16f9-4de2-ba04-780edacb1bd8] Routing FlowFile[2594,97609914304902.mockFlowFile,24B] to original
[main] DEBUG org.apache.nifi.processors.standard.RouteText - RouteText[id=88577823-16f9-4de2-ba04-780edacb1bd8] Adding new dynamic property: PropertyDescriptor[simple]
[pool-3620-thread-1] INFO org.apache.nifi.processors.standard.RouteText - RouteText[id=88577823-16f9-4de2-ba04-780edacb1bd8] Created FlowFile[2597,97609915001107.mockFlowFile,24B] from FlowFile[2596,97609915001107.mockFlowFile,24B]; routing to relationship simple
[pool-3620-thread-1] INFO org.apache.nifi.processors.standard.RouteText - RouteText[id=88577823-16f9-4de2-ba04-780edacb1bd8] Routing FlowFile[2596,97609915001107.mockFlowFile,24B] to original
[main] DEBUG org.apache.nifi.processors.standard.RouteText - RouteText[id=88577823-16f9-4de2-ba04-780edacb1bd8] Adding new dynamic property: PropertyDescriptor[simple]
[pool-3621-thread-1] INFO org.apache.nifi.processors.standard.RouteText - RouteText[id=88577823-16f9-4de2-ba04-780edacb1bd8] Created FlowFile[2599,97609915652188.mockFlowFile,24B] from FlowFile[2598,97609915652188.mockFlowFile,24B]; routing to relationship simple
[pool-3621-thread-1] INFO org.apache.nifi.processors.standard.RouteText - RouteText[id=88577823-16f9-4de2-ba04-780edacb1bd8] Routing FlowFile[2598,97609915652188.mockFlowFile,24B] to original
[main] DEBUG org.apache.nifi.processors.standard.RouteText - RouteText[id=88577823-16f9-4de2-ba04-780edacb1bd8] Adding new dynamic property: PropertyDescriptor[simple]
[pool-3622-thread-1] INFO org.apache.nifi.processors.standard.RouteText - RouteText[id=88577823-16f9-4de2-ba04-780edacb1bd8] Created FlowFile[2601,97609916298256.mockFlowFile,24B] from FlowFile[2600,97609916298256.mockFlowFile,24B]; routing to relationship simple
[pool-3622-thread-1] INFO org.apache.nifi.processors.standard.RouteText - RouteText[id=88577823-16f9-4de2-ba04-780edacb1bd8] Routing FlowFile[2600,97609916298256.mockFlowFile,24B] to original
[main] DEBUG org.apache.nifi.processors.standard.RouteText - RouteText[id=88577823-16f9-4de2-ba04-780edacb1bd8] Adding new dynamic property: PropertyDescriptor[simple]
[pool-3623-thread-1] INFO org.apache.nifi.processors.standard.RouteText - RouteText[id=88577823-16f9-4de2-ba04-780edacb1bd8] Created FlowFile[2603,97609916998891.mockFlowFile,24B] from FlowFile[2602,97609916998891.mockFlowFile,24B]; routing to relationship simple
[pool-3623-thread-1] INFO org.apache.nifi.processors.standard.RouteText - RouteText[id=88577823-16f9-4de2-ba04-780edacb1bd8] Routing FlowFile[2602,97609916998891.mockFlowFile,24B] to original
[main] DEBUG org.apache.nifi.processors.standard.RouteText - RouteText[id=88577823-16f9-4de2-ba04-780edacb1bd8] Adding new dynamic property: PropertyDescriptor[simple]
[pool-3624-thread-1] INFO org.apache.nifi.processors.standard.RouteText - RouteText[id=88577823-16f9-4de2-ba04-780edacb1bd8] Created FlowFile[2605,97609917583507.mockFlowFile,24B] from FlowFile[2604,97609917583507.mockFlowFile,24B]; routing to relationship simple
[pool-3624-thread-1] INFO org.apache.nifi.processors.standard.RouteText - RouteText[id=88577823-16f9-4de2-ba04-780edacb1bd8] Routing FlowFile[2604,97609917583507.mockFlowFile,24B] to original
[main] DEBUG org.apache.nifi.processors.standard.RouteText - RouteText[id=88577823-16f9-4de2-ba04-780edacb1bd8] Adding new dynamic property: PropertyDescriptor[simple]
[pool-3625-thread-1] INFO org.apache.nifi.processors.standard.RouteText - RouteText[id=88577823-16f9-4de2-ba04-780edacb1bd8] Created FlowFile[2607,97609918130418.mockFlowFile,24B] from FlowFile[2606,97609918130418.mockFlowFile,24B]; routing to relationship simple
[pool-3625-thread-1] INFO org.apache.nifi.processors.standard.RouteText - RouteText[id=88577823-16f9-4de2-ba04-780edacb1bd8] Routing FlowFile[2606,97609918130418.mockFlowFile,24B] to original
[main] DEBUG org.apache.nifi.processors.standard.RouteText - RouteText[id=88577823-16f9-4de2-ba04-780edacb1bd8] Adding new dynamic property: PropertyDescriptor[simple]
[pool-3626-thread-1] INFO org.apache.nifi.processors.standard.RouteText - RouteText[id=88577823-16f9-4de2-ba04-780edacb1bd8] Created FlowFile[2609,97609918702091.mockFlowFile,24B] from FlowFile[2608,97609918702091.mockFlowFile,24B]; routing to relationship simple
[pool-3626-thread-1] INFO org.apache.nifi.processors.standard.RouteText - RouteText[id=88577823-16f9-4de2-ba04-780edacb1bd8] Routing FlowFile[2608,97609918702091.mockFlowFile,24B] to original
[main] DEBUG org.apache.nifi.processors.standard.RouteText - RouteText[id=88577823-16f9-4de2-ba04-780edacb1bd8] Adding new dynamic property: PropertyDescriptor[simple]
[pool-3627-thread-1] INFO org.apache.nifi.processors.standard.RouteText - RouteText[id=88577823-16f9-4de2-ba04-780edacb1bd8] Created FlowFile[2611,97609919272762.mockFlowFile,24B] from FlowFile[2610,97609919272762.mockFlowFile,24B]; routing to relationship simple
[pool-3627-thread-1] INFO org.apache.nifi.processors.standard.RouteText - RouteText[id=88577823-16f9-4de2-ba04-780edacb1bd8] Routing FlowFile[2610,97609919272762.mockFlowFile,24B] to original
[main] DEBUG org.apache.nifi.processors.standard.RouteText - RouteText[id=88577823-16f9-4de2-ba04-780edacb1bd8] Adding new dynamic property: PropertyDescriptor[simple]
[pool-3628-thread-1] INFO org.apache.nifi.processors.standard.RouteText - RouteText[id=88577823-16f9-4de2-ba04-780edacb1bd8] Created FlowFile[2613,97609919818232.mockFlowFile,24B] from FlowFile[2612,97609919818232.mockFlowFile,24B]; routing to relationship simple
[pool-3628-thread-1] INFO org.apache.nifi.processors.standard.RouteText - RouteText[id=88577823-16f9-4de2-ba04-780edacb1bd8] Routing FlowFile[2612,97609919818232.mockFlowFile,24B] to original
[main] DEBUG org.apache.nifi.processors.standard.RouteText - RouteText[id=88577823-16f9-4de2-ba04-780edacb1bd8] Adding new dynamic property: PropertyDescriptor[simple]
[pool-3629-thread-1] INFO org.apache.nifi.processors.standard.RouteText - RouteText[id=88577823-16f9-4de2-ba04-780edacb1bd8] Created FlowFile[2615,97609920474750.mockFlowFile,24B] from FlowFile[2614,97609920474750.mockFlowFile,24B]; routing to relationship simple
[pool-3629-thread-1] INFO org.apache.nifi.processors.standard.RouteText - RouteText[id=88577823-16f9-4de2-ba04-780edacb1bd8] Routing FlowFile[2614,97609920474750.mockFlowFile,24B] to original
[main] DEBUG org.apache.nifi.processors.standard.RouteText - RouteText[id=88577823-16f9-4de2-ba04-780edacb1bd8] Adding new dynamic property: PropertyDescriptor[simple]
[pool-3630-thread-1] INFO org.apache.nifi.processors.standard.RouteText - RouteText[id=88577823-16f9-4de2-ba04-780edacb1bd8] Created FlowFile[2617,97609921078645.mockFlowFile,24B] from FlowFile[2616,97609921078645.mockFlowFile,24B]; routing to relationship simple
[pool-3630-thread-1] INFO org.apache.nifi.processors.standard.RouteText - RouteText[id=88577823-16f9-4de2-ba04-780edacb1bd8] Routing FlowFile[2616,97609921078645.mockFlowFile,24B] to original
[main] DEBUG org.apache.nifi.processors.standard.RouteText - RouteText[id=88577823-16f9-4de2-ba04-780edacb1bd8] Adding new dynamic property: PropertyDescriptor[simple]
[pool-3631-thread-1] INFO org.apache.nifi.processors.standard.RouteText - RouteText[id=88577823-16f9-4de2-ba04-780edacb1bd8] Created FlowFile[2619,97609921596197.mockFlowFile,24B] from FlowFile[2618,97609921596197.mockFlowFile,24B]; routing to relationship simple
[pool-3631-thread-1] INFO org.apache.nifi.processors.standard.RouteText - RouteText[id=88577823-16f9-4de2-ba04-780edacb1bd8] Routing FlowFile[2618,97609921596197.mockFlowFile,24B] to original
[main] DEBUG org.apache.nifi.processors.standard.RouteText - RouteText[id=88577823-16f9-4de2-ba04-780edacb1bd8] Adding new dynamic property: PropertyDescriptor[simple]
[pool-3632-thread-1] INFO org.apache.nifi.processors.standard.RouteText - RouteText[id=88577823-16f9-4de2-ba04-780edacb1bd8] Created FlowFile[2621,97609922088348.mockFlowFile,24B] from FlowFile[2620,97609922088348.mockFlowFile,24B]; routing to relationship simple
[pool-3632-thread-1] INFO org.apache.nifi.processors.standard.RouteText - RouteText[id=88577823-16f9-4de2-ba04-780edacb1bd8] Routing FlowFile[2620,97609922088348.mockFlowFile,24B] to original
[main] DEBUG org.apache.nifi.processors.standard.RouteText - RouteText[id=88577823-16f9-4de2-ba04-780edacb1bd8] Adding new dynamic property: PropertyDescriptor[simple]
[pool-3633-thread-1] INFO org.apache.nifi.processors.standard.RouteText - RouteText[id=88577823-16f9-4de2-ba04-780edacb1bd8] Created FlowFile[2623,97609922549927.mockFlowFile,24B] from FlowFile[2622,97609922549927.mockFlowFile,24B]; routing to relationship simple
[pool-3633-thread-1] INFO org.apache.nifi.processors.standard.RouteText - RouteText[id=88577823-16f9-4de2-ba04-780edacb1bd8] Routing FlowFile[2622,97609922549927.mockFlowFile,24B] to original
[main] DEBUG org.apache.nifi.processors.standard.RouteText - RouteText[id=88577823-16f9-4de2-ba04-780edacb1bd8] Adding new dynamic property: PropertyDescriptor[simple]
[pool-3634-thread-1] INFO org.apache.nifi.processors.standard.RouteText - RouteText[id=88577823-16f9-4de2-ba04-780edacb1bd8] Created FlowFile[2625,97609923022549.mockFlowFile,24B] from FlowFile[2624,97609923022549.mockFlowFile,24B]; routing to relationship simple
[pool-3634-thread-1] INFO org.apache.nifi.processors.standard.RouteText - RouteText[id=88577823-16f9-4de2-ba04-780edacb1bd8] Routing FlowFile[2624,97609923022549.mockFlowFile,24B] to original
[main] DEBUG org.apache.nifi.processors.standard.RouteText - RouteText[id=88577823-16f9-4de2-ba04-780edacb1bd8] Adding new dynamic property: PropertyDescriptor[simple]
[pool-3635-thread-1] INFO org.apache.nifi.processors.standard.RouteText - RouteText[id=88577823-16f9-4de2-ba04-780edacb1bd8] Created FlowFile[2627,97609923500661.mockFlowFile,24B] from FlowFile[2626,97609923500661.mockFlowFile,24B]; routing to relationship simple
[pool-3635-thread-1] INFO org.apache.nifi.processors.standard.RouteText - RouteText[id=88577823-16f9-4de2-ba04-780edacb1bd8] Routing FlowFile[2626,97609923500661.mockFlowFile,24B] to original
[main] DEBUG org.apache.nifi.processors.standard.RouteText - RouteText[id=88577823-16f9-4de2-ba04-780edacb1bd8] Adding new dynamic property: PropertyDescriptor[simple]
[pool-3636-thread-1] INFO org.apache.nifi.processors.standard.RouteText - RouteText[id=88577823-16f9-4de2-ba04-780edacb1bd8] Created FlowFile[2629,97609923968193.mockFlowFile,24B] from FlowFile[2628,97609923968193.mockFlowFile,24B]; routing to relationship simple
[pool-3636-thread-1] INFO org.apache.nifi.processors.standard.RouteText - RouteText[id=88577823-16f9-4de2-ba04-780edacb1bd8] Routing FlowFile[2628,97609923968193.mockFlowFile,24B] to original
[main] DEBUG org.apache.nifi.processors.standard.RouteText - RouteText[id=88577823-16f9-4de2-ba04-780edacb1bd8] Adding new dynamic property: PropertyDescriptor[simple]
[pool-3637-thread-1] INFO org.apache.nifi.processors.standard.RouteText - RouteText[id=88577823-16f9-4de2-ba04-780edacb1bd8] Created FlowFile[2631,97609924453129.mockFlowFile,24B] from FlowFile[2630,97609924453129.mockFlowFile,24B]; routing to relationship simple
[pool-3637-thread-1] INFO org.apache.nifi.processors.standard.RouteText - RouteText[id=88577823-16f9-4de2-ba04-780edacb1bd8] Routing FlowFile[2630,97609924453129.mockFlowFile,24B] to original
[main] DEBUG org.apache.nifi.processors.standard.RouteText - RouteText[id=88577823-16f9-4de2-ba04-780edacb1bd8] Adding new dynamic property: PropertyDescriptor[simple]
[pool-3638-thread-1] INFO org.apache.nifi.processors.standard.RouteText - RouteText[id=88577823-16f9-4de2-ba04-780edacb1bd8] Created FlowFile[2633,97609924956928.mockFlowFile,24B] from FlowFile[2632,97609924956928.mockFlowFile,24B]; routing to relationship simple
[pool-3638-thread-1] INFO org.apache.nifi.processors.standard.RouteText - RouteText[id=88577823-16f9-4de2-ba04-780edacb1bd8] Routing FlowFile[2632,97609924956928.mockFlowFile,24B] to original
[main] DEBUG org.apache.nifi.processors.standard.RouteText - RouteText[id=88577823-16f9-4de2-ba04-780edacb1bd8] Adding new dynamic property: PropertyDescriptor[simple]
[pool-3639-thread-1] INFO org.apache.nifi.processors.standard.RouteText - RouteText[id=88577823-16f9-4de2-ba04-780edacb1bd8] Created FlowFile[2635,97609925441591.mockFlowFile,24B] from FlowFile[2634,97609925441591.mockFlowFile,24B]; routing to relationship simple
[pool-3639-thread-1] INFO org.apache.nifi.processors.standard.RouteText - RouteText[id=88577823-16f9-4de2-ba04-780edacb1bd8] Routing FlowFile[2634,97609925441591.mockFlowFile,24B] to original
[main] DEBUG org.apache.nifi.processors.standard.RouteText - RouteText[id=88577823-16f9-4de2-ba04-780edacb1bd8] Adding new dynamic property: PropertyDescriptor[simple]
[pool-3640-thread-1] INFO org.apache.nifi.processors.standard.RouteText - RouteText[id=88577823-16f9-4de2-ba04-780edacb1bd8] Created FlowFile[2637,97609925931587.mockFlowFile,24B] from FlowFile[2636,97609925931587.mockFlowFile,24B]; routing to relationship simple
[pool-3640-thread-1] INFO org.apache.nifi.processors.standard.RouteText - RouteText[id=88577823-16f9-4de2-ba04-780edacb1bd8] Routing FlowFile[2636,97609925931587.mockFlowFile,24B] to original
[main] DEBUG org.apache.nifi.processors.standard.RouteText - RouteText[id=88577823-16f9-4de2-ba04-780edacb1bd8] Adding new dynamic property: PropertyDescriptor[simple]
[pool-3641-thread-1] INFO org.apache.nifi.processors.standard.RouteText - RouteText[id=88577823-16f9-4de2-ba04-780edacb1bd8] Created FlowFile[2639,97609926414229.mockFlowFile,24B] from FlowFile[2638,97609926414229.mockFlowFile,24B]; routing to relationship simple
[pool-3641-thread-1] INFO org.apache.nifi.processors.standard.RouteText - RouteText[id=88577823-16f9-4de2-ba04-780edacb1bd8] Routing FlowFile[2638,97609926414229.mockFlowFile,24B] to original
[main] DEBUG org.apache.nifi.processors.standard.RouteText - RouteText[id=88577823-16f9-4de2-ba04-780edacb1bd8] Adding new dynamic property: PropertyDescriptor[simple]
[pool-3642-thread-1] INFO org.apache.nifi.processors.standard.RouteText - RouteText[id=88577823-16f9-4de2-ba04-780edacb1bd8] Created FlowFile[2641,97609926892401.mockFlowFile,24B] from FlowFile[2640,97609926892401.mockFlowFile,24B]; routing to relationship simple
[pool-3642-thread-1] INFO org.apache.nifi.processors.standard.RouteText - RouteText[id=88577823-16f9-4de2-ba04-780edacb1bd8] Routing FlowFile[2640,97609926892401.mockFlowFile,24B] to original
[main] DEBUG org.apache.nifi.processors.standard.RouteText - RouteText[id=88577823-16f9-4de2-ba04-780edacb1bd8] Adding new dynamic property: PropertyDescriptor[simple]
[pool-3643-thread-1] INFO org.apache.nifi.processors.standard.RouteText - RouteText[id=88577823-16f9-4de2-ba04-780edacb1bd8] Created FlowFile[2643,97609927389947.mockFlowFile,24B] from FlowFile[2642,97609927389947.mockFlowFile,24B]; routing to relationship simple
[pool-3643-thread-1] INFO org.apache.nifi.processors.standard.RouteText - RouteText[id=88577823-16f9-4de2-ba04-780edacb1bd8] Routing FlowFile[2642,97609927389947.mockFlowFile,24B] to original
[main] DEBUG org.apache.nifi.processors.standard.RouteText - RouteText[id=88577823-16f9-4de2-ba04-780edacb1bd8] Adding new dynamic property: PropertyDescriptor[simple]
[pool-3644-thread-1] INFO org.apache.nifi.processors.standard.RouteText - RouteText[id=88577823-16f9-4de2-ba04-780edacb1bd8] Created FlowFile[2645,97609927866229.mockFlowFile,24B] from FlowFile[2644,97609927866229.mockFlowFile,24B]; routing to relationship simple
[pool-3644-thread-1] INFO org.apache.nifi.processors.standard.RouteText - RouteText[id=88577823-16f9-4de2-ba04-780edacb1bd8] Routing FlowFile[2644,97609927866229.mockFlowFile,24B] to original
[main] DEBUG org.apache.nifi.processors.standard.RouteText - RouteText[id=88577823-16f9-4de2-ba04-780edacb1bd8] Adding new dynamic property: PropertyDescriptor[simple]
[pool-3645-thread-1] INFO org.apache.nifi.processors.standard.RouteText - RouteText[id=88577823-16f9-4de2-ba04-780edacb1bd8] Created FlowFile[2647,97609928359138.mockFlowFile,24B] from FlowFile[2646,97609928359138.mockFlowFile,24B]; routing to relationship simple
[pool-3645-thread-1] INFO org.apache.nifi.processors.standard.RouteText - RouteText[id=88577823-16f9-4de2-ba04-780edacb1bd8] Routing FlowFile[2646,97609928359138.mockFlowFile,24B] to original
[main] DEBUG org.apache.nifi.processors.standard.RouteText - RouteText[id=88577823-16f9-4de2-ba04-780edacb1bd8] Adding new dynamic property: PropertyDescriptor[simple]
[pool-3646-thread-1] INFO org.apache.nifi.processors.standard.RouteText - RouteText[id=88577823-16f9-4de2-ba04-780edacb1bd8] Created FlowFile[2649,97609928834403.mockFlowFile,24B] from FlowFile[2648,97609928834403.mockFlowFile,24B]; routing to relationship simple
[pool-3646-thread-1] INFO org.apache.nifi.processors.standard.RouteText - RouteText[id=88577823-16f9-4de2-ba04-780edacb1bd8] Routing FlowFile[2648,97609928834403.mockFlowFile,24B] to original
[main] DEBUG org.apache.nifi.processors.standard.RouteText - RouteText[id=88577823-16f9-4de2-ba04-780edacb1bd8] Adding new dynamic property: PropertyDescriptor[simple]
[pool-3647-thread-1] INFO org.apache.nifi.processors.standard.RouteText - RouteText[id=88577823-16f9-4de2-ba04-780edacb1bd8] Created FlowFile[2651,97609929311773.mockFlowFile,24B] from FlowFile[2650,97609929311773.mockFlowFile,24B]; routing to relationship simple
[pool-3647-thread-1] INFO org.apache.nifi.processors.standard.RouteText - RouteText[id=88577823-16f9-4de2-ba04-780edacb1bd8] Routing FlowFile[2650,97609929311773.mockFlowFile,24B] to original
[main] DEBUG org.apache.nifi.processors.standard.RouteText - RouteText[id=88577823-16f9-4de2-ba04-780edacb1bd8] Adding new dynamic property: PropertyDescriptor[simple]
[pool-3648-thread-1] INFO org.apache.nifi.processors.standard.RouteText - RouteText[id=88577823-16f9-4de2-ba04-780edacb1bd8] Created FlowFile[2653,97609929779354.mockFlowFile,24B] from FlowFile[2652,97609929779354.mockFlowFile,24B]; routing to relationship simple
[pool-3648-thread-1] INFO org.apache.nifi.processors.standard.RouteText - RouteText[id=88577823-16f9-4de2-ba04-780edacb1bd8] Routing FlowFile[2652,97609929779354.mockFlowFile,24B] to original
[main] DEBUG org.apache.nifi.processors.standard.RouteText - RouteText[id=88577823-16f9-4de2-ba04-780edacb1bd8] Adding new dynamic property: PropertyDescriptor[simple]
[pool-3649-thread-1] INFO org.apache.nifi.processors.standard.RouteText - RouteText[id=88577823-16f9-4de2-ba04-780edacb1bd8] Created FlowFile[2655,97609930249743.mockFlowFile,24B] from FlowFile[2654,97609930249743.mockFlowFile,24B]; routing to relationship simple
[pool-3649-thread-1] INFO org.apache.nifi.processors.standard.RouteText - RouteText[id=88577823-16f9-4de2-ba04-780edacb1bd8] Routing FlowFile[2654,97609930249743.mockFlowFile,24B] to original
[main] DEBUG org.apache.nifi.processors.standard.RouteText - RouteText[id=88577823-16f9-4de2-ba04-780edacb1bd8] Adding new dynamic property: PropertyDescriptor[simple]
[pool-3650-thread-1] INFO org.apache.nifi.processors.standard.RouteText - RouteText[id=88577823-16f9-4de2-ba04-780edacb1bd8] Created FlowFile[2657,97609930722260.mockFlowFile,24B] from FlowFile[2656,97609930722260.mockFlowFile,24B]; routing to relationship simple
[pool-3650-thread-1] INFO org.apache.nifi.processors.standard.RouteText - RouteText[id=88577823-16f9-4de2-ba04-780edacb1bd8] Routing FlowFile[2656,97609930722260.mockFlowFile,24B] to original
[main] DEBUG org.apache.nifi.processors.standard.RouteText - RouteText[id=88577823-16f9-4de2-ba04-780edacb1bd8] Adding new dynamic property: PropertyDescriptor[simple]
[pool-3651-thread-1] INFO org.apache.nifi.processors.standard.RouteText - RouteText[id=88577823-16f9-4de2-ba04-780edacb1bd8] Created FlowFile[2659,97609931174139.mockFlowFile,24B] from FlowFile[2658,97609931174139.mockFlowFile,24B]; routing to relationship simple
[pool-3651-thread-1] INFO org.apache.nifi.processors.standard.RouteText - RouteText[id=88577823-16f9-4de2-ba04-780edacb1bd8] Routing FlowFile[2658,97609931174139.mockFlowFile,24B] to original
[main] DEBUG org.apache.nifi.processors.standard.RouteText - RouteText[id=88577823-16f9-4de2-ba04-780edacb1bd8] Adding new dynamic property: PropertyDescriptor[simple]
[pool-3652-thread-1] INFO org.apache.nifi.processors.standard.RouteText - RouteText[id=88577823-16f9-4de2-ba04-780edacb1bd8] Created FlowFile[2661,97609931636710.mockFlowFile,24B] from FlowFile[2660,97609931636710.mockFlowFile,24B]; routing to relationship simple
[pool-3652-thread-1] INFO org.apache.nifi.processors.standard.RouteText - RouteText[id=88577823-16f9-4de2-ba04-780edacb1bd8] Routing FlowFile[2660,97609931636710.mockFlowFile,24B] to original
[main] DEBUG org.apache.nifi.processors.standard.RouteText - RouteText[id=88577823-16f9-4de2-ba04-780edacb1bd8] Adding new dynamic property: PropertyDescriptor[simple]
[pool-3653-thread-1] INFO org.apache.nifi.processors.standard.RouteText - RouteText[id=88577823-16f9-4de2-ba04-780edacb1bd8] Created FlowFile[2663,97609932197728.mockFlowFile,24B] from FlowFile[2662,97609932197728.mockFlowFile,24B]; routing to relationship simple
[pool-3653-thread-1] INFO org.apache.nifi.processors.standard.RouteText - RouteText[id=88577823-16f9-4de2-ba04-780edacb1bd8] Routing FlowFile[2662,97609932197728.mockFlowFile,24B] to original
[main] DEBUG org.apache.nifi.processors.standard.RouteText - RouteText[id=88577823-16f9-4de2-ba04-780edacb1bd8] Adding new dynamic property: PropertyDescriptor[simple]
[pool-3654-thread-1] INFO org.apache.nifi.processors.standard.RouteText - RouteText[id=88577823-16f9-4de2-ba04-780edacb1bd8] Created FlowFile[2665,97609932713974.mockFlowFile,24B] from FlowFile[2664,97609932713974.mockFlowFile,24B]; routing to relationship simple
[pool-3654-thread-1] INFO org.apache.nifi.processors.standard.RouteText - RouteText[id=88577823-16f9-4de2-ba04-780edacb1bd8] Routing FlowFile[2664,97609932713974.mockFlowFile,24B] to original
[main] DEBUG org.apache.nifi.processors.standard.RouteText - RouteText[id=88577823-16f9-4de2-ba04-780edacb1bd8] Adding new dynamic property: PropertyDescriptor[simple]
[pool-3655-thread-1] INFO org.apache.nifi.processors.standard.RouteText - RouteText[id=88577823-16f9-4de2-ba04-780edacb1bd8] Created FlowFile[2667,97609933175097.mockFlowFile,24B] from FlowFile[2666,97609933175097.mockFlowFile,24B]; routing to relationship simple
[pool-3655-thread-1] INFO org.apache.nifi.processors.standard.RouteText - RouteText[id=88577823-16f9-4de2-ba04-780edacb1bd8] Routing FlowFile[2666,97609933175097.mockFlowFile,24B] to original
[main] DEBUG org.apache.nifi.processors.standard.RouteText - RouteText[id=88577823-16f9-4de2-ba04-780edacb1bd8] Adding new dynamic property: PropertyDescriptor[simple]
[pool-3656-thread-1] INFO org.apache.nifi.processors.standard.RouteText - RouteText[id=88577823-16f9-4de2-ba04-780edacb1bd8] Created FlowFile[2669,97609933646049.mockFlowFile,24B] from FlowFile[2668,97609933646049.mockFlowFile,24B]; routing to relationship simple
[pool-3656-thread-1] INFO org.apache.nifi.processors.standard.RouteText - RouteText[id=88577823-16f9-4de2-ba04-780edacb1bd8] Routing FlowFile[2668,97609933646049.mockFlowFile,24B] to original
[main] DEBUG org.apache.nifi.processors.standard.RouteText - RouteText[id=88577823-16f9-4de2-ba04-780edacb1bd8] Adding new dynamic property: PropertyDescriptor[simple]
[pool-3657-thread-1] INFO org.apache.nifi.processors.standard.RouteText - RouteText[id=88577823-16f9-4de2-ba04-780edacb1bd8] Created FlowFile[2671,97609934092094.mockFlowFile,24B] from FlowFile[2670,97609934092094.mockFlowFile,24B]; routing to relationship simple
[pool-3657-thread-1] INFO org.apache.nifi.processors.standard.RouteText - RouteText[id=88577823-16f9-4de2-ba04-780edacb1bd8] Routing FlowFile[2670,97609934092094.mockFlowFile,24B] to original
[main] DEBUG org.apache.nifi.processors.standard.RouteText - RouteText[id=88577823-16f9-4de2-ba04-780edacb1bd8] Adding new dynamic property: PropertyDescriptor[simple]
[pool-3658-thread-1] INFO org.apache.nifi.processors.standard.RouteText - RouteText[id=88577823-16f9-4de2-ba04-780edacb1bd8] Created FlowFile[2673,97609934541563.mockFlowFile,24B] from FlowFile[2672,97609934541563.mockFlowFile,24B]; routing to relationship simple
[pool-3658-thread-1] INFO org.apache.nifi.processors.standard.RouteText - RouteText[id=88577823-16f9-4de2-ba04-780edacb1bd8] Routing FlowFile[2672,97609934541563.mockFlowFile,24B] to original
[main] DEBUG org.apache.nifi.processors.standard.RouteText - RouteText[id=88577823-16f9-4de2-ba04-780edacb1bd8] Adding new dynamic property: PropertyDescriptor[simple]
[pool-3659-thread-1] INFO org.apache.nifi.processors.standard.RouteText - RouteText[id=88577823-16f9-4de2-ba04-780edacb1bd8] Created FlowFile[2675,97609934987305.mockFlowFile,24B] from FlowFile[2674,97609934987305.mockFlowFile,24B]; routing to relationship simple
[pool-3659-thread-1] INFO org.apache.nifi.processors.standard.RouteText - RouteText[id=88577823-16f9-4de2-ba04-780edacb1bd8] Routing FlowFile[2674,97609934987305.mockFlowFile,24B] to original
[main] DEBUG org.apache.nifi.processors.standard.RouteText - RouteText[id=88577823-16f9-4de2-ba04-780edacb1bd8] Adding new dynamic property: PropertyDescriptor[simple]
[pool-3660-thread-1] INFO org.apache.nifi.processors.standard.RouteText - RouteText[id=88577823-16f9-4de2-ba04-780edacb1bd8] Created FlowFile[2677,97609935449669.mockFlowFile,24B] from FlowFile[2676,97609935449669.mockFlowFile,24B]; routing to relationship simple
[pool-3660-thread-1] INFO org.apache.nifi.processors.standard.RouteText - RouteText[id=88577823-16f9-4de2-ba04-780edacb1bd8] Routing FlowFile[2676,97609935449669.mockFlowFile,24B] to original
[main] DEBUG org.apache.nifi.processors.standard.RouteText - RouteText[id=88577823-16f9-4de2-ba04-780edacb1bd8] Adding new dynamic property: PropertyDescriptor[simple]
[pool-3661-thread-1] INFO org.apache.nifi.processors.standard.RouteText - RouteText[id=88577823-16f9-4de2-ba04-780edacb1bd8] Created FlowFile[2679,97609935916728.mockFlowFile,24B] from FlowFile[2678,97609935916728.mockFlowFile,24B]; routing to relationship simple
[pool-3661-thread-1] INFO org.apache.nifi.processors.standard.RouteText - RouteText[id=88577823-16f9-4de2-ba04-780edacb1bd8] Routing FlowFile[2678,97609935916728.mockFlowFile,24B] to original
[main] DEBUG org.apache.nifi.processors.standard.RouteText - RouteText[id=88577823-16f9-4de2-ba04-780edacb1bd8] Adding new dynamic property: PropertyDescriptor[simple]
[pool-3662-thread-1] INFO org.apache.nifi.processors.standard.RouteText - RouteText[id=88577823-16f9-4de2-ba04-780edacb1bd8] Created FlowFile[2681,97609936419150.mockFlowFile,24B] from FlowFile[2680,97609936419150.mockFlowFile,24B]; routing to relationship simple
[pool-3662-thread-1] INFO org.apache.nifi.processors.standard.RouteText - RouteText[id=88577823-16f9-4de2-ba04-780edacb1bd8] Routing FlowFile[2680,97609936419150.mockFlowFile,24B] to original
[main] DEBUG org.apache.nifi.processors.standard.RouteText - RouteText[id=88577823-16f9-4de2-ba04-780edacb1bd8] Adding new dynamic property: PropertyDescriptor[simple]
[pool-3663-thread-1] INFO org.apache.nifi.processors.standard.RouteText - RouteText[id=88577823-16f9-4de2-ba04-780edacb1bd8] Created FlowFile[2683,97609936997713.mockFlowFile,24B] from FlowFile[2682,97609936997713.mockFlowFile,24B]; routing to relationship simple
[pool-3663-thread-1] INFO org.apache.nifi.processors.standard.RouteText - RouteText[id=88577823-16f9-4de2-ba04-780edacb1bd8] Routing FlowFile[2682,97609936997713.mockFlowFile,24B] to original
[main] DEBUG org.apache.nifi.processors.standard.RouteText - RouteText[id=88577823-16f9-4de2-ba04-780edacb1bd8] Adding new dynamic property: PropertyDescriptor[simple]
[pool-3664-thread-1] INFO org.apache.nifi.processors.standard.RouteText - RouteText[id=88577823-16f9-4de2-ba04-780edacb1bd8] Created FlowFile[2685,97609937472411.mockFlowFile,24B] from FlowFile[2684,97609937472411.mockFlowFile,24B]; routing to relationship simple
[pool-3664-thread-1] INFO org.apache.nifi.processors.standard.RouteText - RouteText[id=88577823-16f9-4de2-ba04-780edacb1bd8] Routing FlowFile[2684,97609937472411.mockFlowFile,24B] to original
[main] DEBUG org.apache.nifi.processors.standard.RouteText - RouteText[id=88577823-16f9-4de2-ba04-780edacb1bd8] Adding new dynamic property: PropertyDescriptor[simple]
[pool-3665-thread-1] INFO org.apache.nifi.processors.standard.RouteText - RouteText[id=88577823-16f9-4de2-ba04-780edacb1bd8] Created FlowFile[2687,97609937938835.mockFlowFile,24B] from FlowFile[2686,97609937938835.mockFlowFile,24B]; routing to relationship simple
[pool-3665-thread-1] INFO org.apache.nifi.processors.standard.RouteText - RouteText[id=88577823-16f9-4de2-ba04-780edacb1bd8] Routing FlowFile[2686,97609937938835.mockFlowFile,24B] to original
[main] DEBUG org.apache.nifi.processors.standard.RouteText - RouteText[id=88577823-16f9-4de2-ba04-780edacb1bd8] Adding new dynamic property: PropertyDescriptor[simple]
[pool-3666-thread-1] INFO org.apache.nifi.processors.standard.RouteText - RouteText[id=88577823-16f9-4de2-ba04-780edacb1bd8] Created FlowFile[2689,97609938547331.mockFlowFile,24B] from FlowFile[2688,97609938547331.mockFlowFile,24B]; routing to relationship simple
[pool-3666-thread-1] INFO org.apache.nifi.processors.standard.RouteText - RouteText[id=88577823-16f9-4de2-ba04-780edacb1bd8] Routing FlowFile[2688,97609938547331.mockFlowFile,24B] to original
[main] DEBUG org.apache.nifi.processors.standard.RouteText - RouteText[id=88577823-16f9-4de2-ba04-780edacb1bd8] Adding new dynamic property: PropertyDescriptor[simple]
[pool-3667-thread-1] INFO org.apache.nifi.processors.standard.RouteText - RouteText[id=88577823-16f9-4de2-ba04-780edacb1bd8] Created FlowFile[2691,97609939065967.mockFlowFile,24B] from FlowFile[2690,97609939065967.mockFlowFile,24B]; routing to relationship simple
[pool-3667-thread-1] INFO org.apache.nifi.processors.standard.RouteText - RouteText[id=88577823-16f9-4de2-ba04-780edacb1bd8] Routing FlowFile[2690,97609939065967.mockFlowFile,24B] to original
[main] DEBUG org.apache.nifi.processors.standard.RouteText - RouteText[id=88577823-16f9-4de2-ba04-780edacb1bd8] Adding new dynamic property: PropertyDescriptor[simple]
[pool-3668-thread-1] INFO org.apache.nifi.processors.standard.RouteText - RouteText[id=88577823-16f9-4de2-ba04-780edacb1bd8] Created FlowFile[2693,97609939594834.mockFlowFile,24B] from FlowFile[2692,97609939594834.mockFlowFile,24B]; routing to relationship simple
[pool-3668-thread-1] INFO org.apache.nifi.processors.standard.RouteText - RouteText[id=88577823-16f9-4de2-ba04-780edacb1bd8] Routing FlowFile[2692,97609939594834.mockFlowFile,24B] to original
[main] DEBUG org.apache.nifi.processors.standard.RouteText - RouteText[id=88577823-16f9-4de2-ba04-780edacb1bd8] Adding new dynamic property: PropertyDescriptor[simple]
[pool-3669-thread-1] INFO org.apache.nifi.processors.standard.RouteText - RouteText[id=88577823-16f9-4de2-ba04-780edacb1bd8] Created FlowFile[2695,97609940100415.mockFlowFile,24B] from FlowFile[2694,97609940100415.mockFlowFile,24B]; routing to relationship simple
[pool-3669-thread-1] INFO org.apache.nifi.processors.standard.RouteText - RouteText[id=88577823-16f9-4de2-ba04-780edacb1bd8] Routing FlowFile[2694,97609940100415.mockFlowFile,24B] to original
[main] DEBUG org.apache.nifi.processors.standard.RouteText - RouteText[id=88577823-16f9-4de2-ba04-780edacb1bd8] Adding new dynamic property: PropertyDescriptor[simple]
[pool-3670-thread-1] INFO org.apache.nifi.processors.standard.RouteText - RouteText[id=88577823-16f9-4de2-ba04-780edacb1bd8] Created FlowFile[2697,97609940621648.mockFlowFile,24B] from FlowFile[2696,97609940621648.mockFlowFile,24B]; routing to relationship simple
[pool-3670-thread-1] INFO org.apache.nifi.processors.standard.RouteText - RouteText[id=88577823-16f9-4de2-ba04-780edacb1bd8] Routing FlowFile[2696,97609940621648.mockFlowFile,24B] to original
[main] DEBUG org.apache.nifi.processors.standard.RouteText - RouteText[id=88577823-16f9-4de2-ba04-780edacb1bd8] Adding new dynamic property: PropertyDescriptor[simple]
[pool-3671-thread-1] INFO org.apache.nifi.processors.standard.RouteText - RouteText[id=88577823-16f9-4de2-ba04-780edacb1bd8] Created FlowFile[2699,97609941115161.mockFlowFile,24B] from FlowFile[2698,97609941115161.mockFlowFile,24B]; routing to relationship simple
[pool-3671-thread-1] INFO org.apache.nifi.processors.standard.RouteText - RouteText[id=88577823-16f9-4de2-ba04-780edacb1bd8] Routing FlowFile[2698,97609941115161.mockFlowFile,24B] to original
[main] DEBUG org.apache.nifi.processors.standard.RouteText - RouteText[id=88577823-16f9-4de2-ba04-780edacb1bd8] Adding new dynamic property: PropertyDescriptor[simple]
[pool-3672-thread-1] INFO org.apache.nifi.processors.standard.RouteText - RouteText[id=88577823-16f9-4de2-ba04-780edacb1bd8] Created FlowFile[2701,97609941592867.mockFlowFile,24B] from FlowFile[2700,97609941592867.mockFlowFile,24B]; routing to relationship simple
[pool-3672-thread-1] INFO org.apache.nifi.processors.standard.RouteText - RouteText[id=88577823-16f9-4de2-ba04-780edacb1bd8] Routing FlowFile[2700,97609941592867.mockFlowFile,24B] to original
[main] DEBUG org.apache.nifi.processors.standard.RouteText - RouteText[id=88577823-16f9-4de2-ba04-780edacb1bd8] Adding new dynamic property: PropertyDescriptor[simple]
[pool-3673-thread-1] INFO org.apache.nifi.processors.standard.RouteText - RouteText[id=88577823-16f9-4de2-ba04-780edacb1bd8] Created FlowFile[2703,97609942063717.mockFlowFile,24B] from FlowFile[2702,97609942063717.mockFlowFile,24B]; routing to relationship simple
[pool-3673-thread-1] INFO org.apache.nifi.processors.standard.RouteText - RouteText[id=88577823-16f9-4de2-ba04-780edacb1bd8] Routing FlowFile[2702,97609942063717.mockFlowFile,24B] to original
[main] DEBUG org.apache.nifi.processors.standard.RouteText - RouteText[id=88577823-16f9-4de2-ba04-780edacb1bd8] Adding new dynamic property: PropertyDescriptor[simple]
[pool-3674-thread-1] INFO org.apache.nifi.processors.standard.RouteText - RouteText[id=88577823-16f9-4de2-ba04-780edacb1bd8] Created FlowFile[2705,97609942534103.mockFlowFile,24B] from FlowFile[2704,97609942534103.mockFlowFile,24B]; routing to relationship simple
[pool-3674-thread-1] INFO org.apache.nifi.processors.standard.RouteText - RouteText[id=88577823-16f9-4de2-ba04-780edacb1bd8] Routing FlowFile[2704,97609942534103.mockFlowFile,24B] to original
[main] DEBUG org.apache.nifi.processors.standard.RouteText - RouteText[id=88577823-16f9-4de2-ba04-780edacb1bd8] Adding new dynamic property: PropertyDescriptor[simple]
[pool-3675-thread-1] INFO org.apache.nifi.processors.standard.RouteText - RouteText[id=88577823-16f9-4de2-ba04-780edacb1bd8] Created FlowFile[2707,97609942973200.mockFlowFile,24B] from FlowFile[2706,97609942973200.mockFlowFile,24B]; routing to relationship simple
[pool-3675-thread-1] INFO org.apache.nifi.processors.standard.RouteText - RouteText[id=88577823-16f9-4de2-ba04-780edacb1bd8] Routing FlowFile[2706,97609942973200.mockFlowFile,24B] to original
[main] DEBUG org.apache.nifi.processors.standard.RouteText - RouteText[id=88577823-16f9-4de2-ba04-780edacb1bd8] Adding new dynamic property: PropertyDescriptor[simple]
[pool-3676-thread-1] INFO org.apache.nifi.processors.standard.RouteText - RouteText[id=88577823-16f9-4de2-ba04-780edacb1bd8] Created FlowFile[2709,97609943415344.mockFlowFile,24B] from FlowFile[2708,97609943415344.mockFlowFile,24B]; routing to relationship simple
[pool-3676-thread-1] INFO org.apache.nifi.processors.standard.RouteText - RouteText[id=88577823-16f9-4de2-ba04-780edacb1bd8] Routing FlowFile[2708,97609943415344.mockFlowFile,24B] to original
[main] DEBUG org.apache.nifi.processors.standard.RouteText - RouteText[id=88577823-16f9-4de2-ba04-780edacb1bd8] Adding new dynamic property: PropertyDescriptor[simple]
[pool-3677-thread-1] INFO org.apache.nifi.processors.standard.RouteText - RouteText[id=88577823-16f9-4de2-ba04-780edacb1bd8] Created FlowFile[2711,97609943847303.mockFlowFile,24B] from FlowFile[2710,97609943847303.mockFlowFile,24B]; routing to relationship simple
[pool-3677-thread-1] INFO org.apache.nifi.processors.standard.RouteText - RouteText[id=88577823-16f9-4de2-ba04-780edacb1bd8] Routing FlowFile[2710,97609943847303.mockFlowFile,24B] to original
[main] DEBUG org.apache.nifi.processors.standard.RouteText - RouteText[id=88577823-16f9-4de2-ba04-780edacb1bd8] Adding new dynamic property: PropertyDescriptor[simple]
[pool-3678-thread-1] INFO org.apache.nifi.processors.standard.RouteText - RouteText[id=88577823-16f9-4de2-ba04-780edacb1bd8] Created FlowFile[2713,97609944370237.mockFlowFile,24B] from FlowFile[2712,97609944370237.mockFlowFile,24B]; routing to relationship simple
[pool-3678-thread-1] INFO org.apache.nifi.processors.standard.RouteText - RouteText[id=88577823-16f9-4de2-ba04-780edacb1bd8] Routing FlowFile[2712,97609944370237.mockFlowFile,24B] to original
[main] DEBUG org.apache.nifi.processors.standard.RouteText - RouteText[id=88577823-16f9-4de2-ba04-780edacb1bd8] Adding new dynamic property: PropertyDescriptor[simple]
[pool-3679-thread-1] INFO org.apache.nifi.processors.standard.RouteText - RouteText[id=88577823-16f9-4de2-ba04-780edacb1bd8] Created FlowFile[2715,97609944904416.mockFlowFile,24B] from FlowFile[2714,97609944904416.mockFlowFile,24B]; routing to relationship simple
[pool-3679-thread-1] INFO org.apache.nifi.processors.standard.RouteText - RouteText[id=88577823-16f9-4de2-ba04-780edacb1bd8] Routing FlowFile[2714,97609944904416.mockFlowFile,24B] to original
[main] DEBUG org.apache.nifi.processors.standard.RouteText - RouteText[id=88577823-16f9-4de2-ba04-780edacb1bd8] Adding new dynamic property: PropertyDescriptor[simple]
[pool-3680-thread-1] INFO org.apache.nifi.processors.standard.RouteText - RouteText[id=88577823-16f9-4de2-ba04-780edacb1bd8] Created FlowFile[2717,97609945416298.mockFlowFile,24B] from FlowFile[2716,97609945416298.mockFlowFile,24B]; routing to relationship simple
[pool-3680-thread-1] INFO org.apache.nifi.processors.standard.RouteText - RouteText[id=88577823-16f9-4de2-ba04-780edacb1bd8] Routing FlowFile[2716,97609945416298.mockFlowFile,24B] to original
[main] DEBUG org.apache.nifi.processors.standard.RouteText - RouteText[id=88577823-16f9-4de2-ba04-780edacb1bd8] Adding new dynamic property: PropertyDescriptor[simple]
[pool-3681-thread-1] INFO org.apache.nifi.processors.standard.RouteText - RouteText[id=88577823-16f9-4de2-ba04-780edacb1bd8] Created FlowFile[2719,97609945962737.mockFlowFile,24B] from FlowFile[2718,97609945962737.mockFlowFile,24B]; routing to relationship simple
[pool-3681-thread-1] INFO org.apache.nifi.processors.standard.RouteText - RouteText[id=88577823-16f9-4de2-ba04-780edacb1bd8] Routing FlowFile[2718,97609945962737.mockFlowFile,24B] to original
[main] DEBUG org.apache.nifi.processors.standard.RouteText - RouteText[id=88577823-16f9-4de2-ba04-780edacb1bd8] Adding new dynamic property: PropertyDescriptor[simple]
[pool-3682-thread-1] INFO org.apache.nifi.processors.standard.RouteText - RouteText[id=88577823-16f9-4de2-ba04-780edacb1bd8] Created FlowFile[2721,97609946471566.mockFlowFile,24B] from FlowFile[2720,97609946471566.mockFlowFile,24B]; routing to relationship simple
[pool-3682-thread-1] INFO org.apache.nifi.processors.standard.RouteText - RouteText[id=88577823-16f9-4de2-ba04-780edacb1bd8] Routing FlowFile[2720,97609946471566.mockFlowFile,24B] to original
[main] DEBUG org.apache.nifi.processors.standard.RouteText - RouteText[id=88577823-16f9-4de2-ba04-780edacb1bd8] Adding new dynamic property: PropertyDescriptor[simple]
[pool-3683-thread-1] INFO org.apache.nifi.processors.standard.RouteText - RouteText[id=88577823-16f9-4de2-ba04-780edacb1bd8] Created FlowFile[2723,97609946933122.mockFlowFile,24B] from FlowFile[2722,97609946933122.mockFlowFile,24B]; routing to relationship simple
[pool-3683-thread-1] INFO org.apache.nifi.processors.standard.RouteText - RouteText[id=88577823-16f9-4de2-ba04-780edacb1bd8] Routing FlowFile[2722,97609946933122.mockFlowFile,24B] to original
[main] DEBUG org.apache.nifi.processors.standard.RouteText - RouteText[id=88577823-16f9-4de2-ba04-780edacb1bd8] Adding new dynamic property: PropertyDescriptor[simple]
[pool-3684-thread-1] INFO org.apache.nifi.processors.standard.RouteText - RouteText[id=88577823-16f9-4de2-ba04-780edacb1bd8] Created FlowFile[2725,97609947405351.mockFlowFile,24B] from FlowFile[2724,97609947405351.mockFlowFile,24B]; routing to relationship simple
[pool-3684-thread-1] INFO org.apache.nifi.processors.standard.RouteText - RouteText[id=88577823-16f9-4de2-ba04-780edacb1bd8] Routing FlowFile[2724,97609947405351.mockFlowFile,24B] to original
[main] DEBUG org.apache.nifi.processors.standard.RouteText - RouteText[id=88577823-16f9-4de2-ba04-780edacb1bd8] Adding new dynamic property: PropertyDescriptor[simple]
[pool-3685-thread-1] INFO org.apache.nifi.processors.standard.RouteText - RouteText[id=88577823-16f9-4de2-ba04-780edacb1bd8] Created FlowFile[2727,97609947887505.mockFlowFile,24B] from FlowFile[2726,97609947887505.mockFlowFile,24B]; routing to relationship simple
[pool-3685-thread-1] INFO org.apache.nifi.processors.standard.RouteText - RouteText[id=88577823-16f9-4de2-ba04-780edacb1bd8] Routing FlowFile[2726,97609947887505.mockFlowFile,24B] to original
[main] DEBUG org.apache.nifi.processors.standard.RouteText - RouteText[id=88577823-16f9-4de2-ba04-780edacb1bd8] Adding new dynamic property: PropertyDescriptor[simple]
[pool-3686-thread-1] INFO org.apache.nifi.processors.standard.RouteText - RouteText[id=88577823-16f9-4de2-ba04-780edacb1bd8] Created FlowFile[2729,97609948396574.mockFlowFile,24B] from FlowFile[2728,97609948396574.mockFlowFile,24B]; routing to relationship simple
[pool-3686-thread-1] INFO org.apache.nifi.processors.standard.RouteText - RouteText[id=88577823-16f9-4de2-ba04-780edacb1bd8] Routing FlowFile[2728,97609948396574.mockFlowFile,24B] to original
[main] DEBUG org.apache.nifi.processors.standard.RouteText - RouteText[id=88577823-16f9-4de2-ba04-780edacb1bd8] Adding new dynamic property: PropertyDescriptor[simple]
[pool-3687-thread-1] INFO org.apache.nifi.processors.standard.RouteText - RouteText[id=88577823-16f9-4de2-ba04-780edacb1bd8] Created FlowFile[2731,97609948892909.mockFlowFile,24B] from FlowFile[2730,97609948892909.mockFlowFile,24B]; routing to relationship simple
[pool-3687-thread-1] INFO org.apache.nifi.processors.standard.RouteText - RouteText[id=88577823-16f9-4de2-ba04-780edacb1bd8] Routing FlowFile[2730,97609948892909.mockFlowFile,24B] to original
[main] DEBUG org.apache.nifi.processors.standard.RouteText - RouteText[id=88577823-16f9-4de2-ba04-780edacb1bd8] Adding new dynamic property: PropertyDescriptor[simple]
[pool-3688-thread-1] INFO org.apache.nifi.processors.standard.RouteText - RouteText[id=88577823-16f9-4de2-ba04-780edacb1bd8] Created FlowFile[2733,97609949390469.mockFlowFile,24B] from FlowFile[2732,97609949390469.mockFlowFile,24B]; routing to relationship simple
[pool-3688-thread-1] INFO org.apache.nifi.processors.standard.RouteText - RouteText[id=88577823-16f9-4de2-ba04-780edacb1bd8] Routing FlowFile[2732,97609949390469.mockFlowFile,24B] to original
[main] DEBUG org.apache.nifi.processors.standard.RouteText - RouteText[id=88577823-16f9-4de2-ba04-780edacb1bd8] Adding new dynamic property: PropertyDescriptor[simple]
[pool-3689-thread-1] INFO org.apache.nifi.processors.standard.RouteText - RouteText[id=88577823-16f9-4de2-ba04-780edacb1bd8] Created FlowFile[2735,97609949881296.mockFlowFile,24B] from FlowFile[2734,97609949881296.mockFlowFile,24B]; routing to relationship simple
[pool-3689-thread-1] INFO org.apache.nifi.processors.standard.RouteText - RouteText[id=88577823-16f9-4de2-ba04-780edacb1bd8] Routing FlowFile[2734,97609949881296.mockFlowFile,24B] to original
[main] DEBUG org.apache.nifi.processors.standard.RouteText - RouteText[id=88577823-16f9-4de2-ba04-780edacb1bd8] Adding new dynamic property: PropertyDescriptor[simple]
[pool-3690-thread-1] INFO org.apache.nifi.processors.standard.RouteText - RouteText[id=88577823-16f9-4de2-ba04-780edacb1bd8] Created FlowFile[2737,97609950360828.mockFlowFile,24B] from FlowFile[2736,97609950360828.mockFlowFile,24B]; routing to relationship simple
[pool-3690-thread-1] INFO org.apache.nifi.processors.standard.RouteText - RouteText[id=88577823-16f9-4de2-ba04-780edacb1bd8] Routing FlowFile[2736,97609950360828.mockFlowFile,24B] to original
[main] DEBUG org.apache.nifi.processors.standard.RouteText - RouteText[id=88577823-16f9-4de2-ba04-780edacb1bd8] Adding new dynamic property: PropertyDescriptor[simple]
[pool-3691-thread-1] INFO org.apache.nifi.processors.standard.RouteText - RouteText[id=88577823-16f9-4de2-ba04-780edacb1bd8] Created FlowFile[2739,97609950852935.mockFlowFile,24B] from FlowFile[2738,97609950852935.mockFlowFile,24B]; routing to relationship simple
[pool-3691-thread-1] INFO org.apache.nifi.processors.standard.RouteText - RouteText[id=88577823-16f9-4de2-ba04-780edacb1bd8] Routing FlowFile[2738,97609950852935.mockFlowFile,24B] to original
[main] DEBUG org.apache.nifi.processors.standard.RouteText - RouteText[id=88577823-16f9-4de2-ba04-780edacb1bd8] Adding new dynamic property: PropertyDescriptor[simple]
[pool-3692-thread-1] INFO org.apache.nifi.processors.standard.RouteText - RouteText[id=88577823-16f9-4de2-ba04-780edacb1bd8] Created FlowFile[2741,97609951343171.mockFlowFile,24B] from FlowFile[2740,97609951343171.mockFlowFile,24B]; routing to relationship simple
[pool-3692-thread-1] INFO org.apache.nifi.processors.standard.RouteText - RouteText[id=88577823-16f9-4de2-ba04-780edacb1bd8] Routing FlowFile[2740,97609951343171.mockFlowFile,24B] to original
[main] DEBUG org.apache.nifi.processors.standard.RouteText - RouteText[id=88577823-16f9-4de2-ba04-780edacb1bd8] Adding new dynamic property: PropertyDescriptor[simple]
[pool-3693-thread-1] INFO org.apache.nifi.processors.standard.RouteText - RouteText[id=88577823-16f9-4de2-ba04-780edacb1bd8] Created FlowFile[2743,97609951841989.mockFlowFile,24B] from FlowFile[2742,97609951841989.mockFlowFile,24B]; routing to relationship simple
[pool-3693-thread-1] INFO org.apache.nifi.processors.standard.RouteText - RouteText[id=88577823-16f9-4de2-ba04-780edacb1bd8] Routing FlowFile[2742,97609951841989.mockFlowFile,24B] to original
[main] DEBUG org.apache.nifi.processors.standard.RouteText - RouteText[id=88577823-16f9-4de2-ba04-780edacb1bd8] Adding new dynamic property: PropertyDescriptor[simple]
[pool-3694-thread-1] INFO org.apache.nifi.processors.standard.RouteText - RouteText[id=88577823-16f9-4de2-ba04-780edacb1bd8] Created FlowFile[2745,97609952369960.mockFlowFile,24B] from FlowFile[2744,97609952369960.mockFlowFile,24B]; routing to relationship simple
[pool-3694-thread-1] INFO org.apache.nifi.processors.standard.RouteText - RouteText[id=88577823-16f9-4de2-ba04-780edacb1bd8] Routing FlowFile[2744,97609952369960.mockFlowFile,24B] to original
[main] DEBUG org.apache.nifi.processors.standard.RouteText - RouteText[id=88577823-16f9-4de2-ba04-780edacb1bd8] Adding new dynamic property: PropertyDescriptor[simple]
[pool-3695-thread-1] INFO org.apache.nifi.processors.standard.RouteText - RouteText[id=88577823-16f9-4de2-ba04-780edacb1bd8] Created FlowFile[2747,97609952883718.mockFlowFile,24B] from FlowFile[2746,97609952883718.mockFlowFile,24B]; routing to relationship simple
[pool-3695-thread-1] INFO org.apache.nifi.processors.standard.RouteText - RouteText[id=88577823-16f9-4de2-ba04-780edacb1bd8] Routing FlowFile[2746,97609952883718.mockFlowFile,24B] to original
[main] DEBUG org.apache.nifi.processors.standard.RouteText - RouteText[id=88577823-16f9-4de2-ba04-780edacb1bd8] Adding new dynamic property: PropertyDescriptor[simple]
[pool-3696-thread-1] INFO org.apache.nifi.processors.standard.RouteText - RouteText[id=88577823-16f9-4de2-ba04-780edacb1bd8] Created FlowFile[2749,97609953389905.mockFlowFile,24B] from FlowFile[2748,97609953389905.mockFlowFile,24B]; routing to relationship simple
[pool-3696-thread-1] INFO org.apache.nifi.processors.standard.RouteText - RouteText[id=88577823-16f9-4de2-ba04-780edacb1bd8] Routing FlowFile[2748,97609953389905.mockFlowFile,24B] to original
[main] DEBUG org.apache.nifi.processors.standard.RouteText - RouteText[id=88577823-16f9-4de2-ba04-780edacb1bd8] Adding new dynamic property: PropertyDescriptor[simple]
[pool-3697-thread-1] INFO org.apache.nifi.processors.standard.RouteText - RouteText[id=88577823-16f9-4de2-ba04-780edacb1bd8] Created FlowFile[2751,97609953873976.mockFlowFile,24B] from FlowFile[2750,97609953873976.mockFlowFile,24B]; routing to relationship simple
[pool-3697-thread-1] INFO org.apache.nifi.processors.standard.RouteText - RouteText[id=88577823-16f9-4de2-ba04-780edacb1bd8] Routing FlowFile[2750,97609953873976.mockFlowFile,24B] to original
[main] DEBUG org.apache.nifi.processors.standard.RouteText - RouteText[id=88577823-16f9-4de2-ba04-780edacb1bd8] Adding new dynamic property: PropertyDescriptor[simple]
[pool-3698-thread-1] INFO org.apache.nifi.processors.standard.RouteText - RouteText[id=88577823-16f9-4de2-ba04-780edacb1bd8] Created FlowFile[2753,97609954319186.mockFlowFile,24B] from FlowFile[2752,97609954319186.mockFlowFile,24B]; routing to relationship simple
[pool-3698-thread-1] INFO org.apache.nifi.processors.standard.RouteText - RouteText[id=88577823-16f9-4de2-ba04-780edacb1bd8] Routing FlowFile[2752,97609954319186.mockFlowFile,24B] to original
[main] DEBUG org.apache.nifi.processors.standard.RouteText - RouteText[id=88577823-16f9-4de2-ba04-780edacb1bd8] Adding new dynamic property: PropertyDescriptor[simple]
[pool-3699-thread-1] INFO org.apache.nifi.processors.standard.RouteText - RouteText[id=88577823-16f9-4de2-ba04-780edacb1bd8] Created FlowFile[2755,97609954756407.mockFlowFile,24B] from FlowFile[2754,97609954756407.mockFlowFile,24B]; routing to relationship simple
[pool-3699-thread-1] INFO org.apache.nifi.processors.standard.RouteText - RouteText[id=88577823-16f9-4de2-ba04-780edacb1bd8] Routing FlowFile[2754,97609954756407.mockFlowFile,24B] to original
[main] DEBUG org.apache.nifi.processors.standard.RouteText - RouteText[id=88577823-16f9-4de2-ba04-780edacb1bd8] Adding new dynamic property: PropertyDescriptor[simple]
[pool-3700-thread-1] INFO org.apache.nifi.processors.standard.RouteText - RouteText[id=88577823-16f9-4de2-ba04-780edacb1bd8] Created FlowFile[2757,97609955243388.mockFlowFile,24B] from FlowFile[2756,97609955243388.mockFlowFile,24B]; routing to relationship simple
[pool-3700-thread-1] INFO org.apache.nifi.processors.standard.RouteText - RouteText[id=88577823-16f9-4de2-ba04-780edacb1bd8] Routing FlowFile[2756,97609955243388.mockFlowFile,24B] to original
[main] DEBUG org.apache.nifi.processors.standard.RouteText - RouteText[id=88577823-16f9-4de2-ba04-780edacb1bd8] Adding new dynamic property: PropertyDescriptor[simple]
[pool-3701-thread-1] INFO org.apache.nifi.processors.standard.RouteText - RouteText[id=88577823-16f9-4de2-ba04-780edacb1bd8] Created FlowFile[2759,97609955843286.mockFlowFile,24B] from FlowFile[2758,97609955843286.mockFlowFile,24B]; routing to relationship simple
[pool-3701-thread-1] INFO org.apache.nifi.processors.standard.RouteText - RouteText[id=88577823-16f9-4de2-ba04-780edacb1bd8] Routing FlowFile[2758,97609955843286.mockFlowFile,24B] to original
[main] DEBUG org.apache.nifi.processors.standard.RouteText - RouteText[id=88577823-16f9-4de2-ba04-780edacb1bd8] Adding new dynamic property: PropertyDescriptor[simple]
[pool-3702-thread-1] INFO org.apache.nifi.processors.standard.RouteText - RouteText[id=88577823-16f9-4de2-ba04-780edacb1bd8] Created FlowFile[2761,97609956487402.mockFlowFile,24B] from FlowFile[2760,97609956487402.mockFlowFile,24B]; routing to relationship simple
[pool-3702-thread-1] INFO org.apache.nifi.processors.standard.RouteText - RouteText[id=88577823-16f9-4de2-ba04-780edacb1bd8] Routing FlowFile[2760,97609956487402.mockFlowFile,24B] to original
[main] DEBUG org.apache.nifi.processors.standard.RouteText - RouteText[id=88577823-16f9-4de2-ba04-780edacb1bd8] Adding new dynamic property: PropertyDescriptor[simple]
[pool-3703-thread-1] INFO org.apache.nifi.processors.standard.RouteText - RouteText[id=88577823-16f9-4de2-ba04-780edacb1bd8] Created FlowFile[2763,97609957002825.mockFlowFile,24B] from FlowFile[2762,97609957002825.mockFlowFile,24B]; routing to relationship simple
[pool-3703-thread-1] INFO org.apache.nifi.processors.standard.RouteText - RouteText[id=88577823-16f9-4de2-ba04-780edacb1bd8] Routing FlowFile[2762,97609957002825.mockFlowFile,24B] to original
[main] DEBUG org.apache.nifi.processors.standard.RouteText - RouteText[id=88577823-16f9-4de2-ba04-780edacb1bd8] Adding new dynamic property: PropertyDescriptor[simple]
[pool-3704-thread-1] INFO org.apache.nifi.processors.standard.RouteText - RouteText[id=88577823-16f9-4de2-ba04-780edacb1bd8] Created FlowFile[2765,97609957481967.mockFlowFile,24B] from FlowFile[2764,97609957481967.mockFlowFile,24B]; routing to relationship simple
[pool-3704-thread-1] INFO org.apache.nifi.processors.standard.RouteText - RouteText[id=88577823-16f9-4de2-ba04-780edacb1bd8] Routing FlowFile[2764,97609957481967.mockFlowFile,24B] to original
[main] DEBUG org.apache.nifi.processors.standard.RouteText - RouteText[id=88577823-16f9-4de2-ba04-780edacb1bd8] Adding new dynamic property: PropertyDescriptor[simple]
[pool-3705-thread-1] INFO org.apache.nifi.processors.standard.RouteText - RouteText[id=88577823-16f9-4de2-ba04-780edacb1bd8] Created FlowFile[2767,97609957974457.mockFlowFile,24B] from FlowFile[2766,97609957974457.mockFlowFile,24B]; routing to relationship simple
[pool-3705-thread-1] INFO org.apache.nifi.processors.standard.RouteText - RouteText[id=88577823-16f9-4de2-ba04-780edacb1bd8] Routing FlowFile[2766,97609957974457.mockFlowFile,24B] to original
[main] DEBUG org.apache.nifi.processors.standard.RouteText - RouteText[id=88577823-16f9-4de2-ba04-780edacb1bd8] Adding new dynamic property: PropertyDescriptor[simple]
[pool-3706-thread-1] INFO org.apache.nifi.processors.standard.RouteText - RouteText[id=88577823-16f9-4de2-ba04-780edacb1bd8] Created FlowFile[2769,97609958512218.mockFlowFile,24B] from FlowFile[2768,97609958512218.mockFlowFile,24B]; routing to relationship simple
[pool-3706-thread-1] INFO org.apache.nifi.processors.standard.RouteText - RouteText[id=88577823-16f9-4de2-ba04-780edacb1bd8] Routing FlowFile[2768,97609958512218.mockFlowFile,24B] to original
[main] DEBUG org.apache.nifi.processors.standard.RouteText - RouteText[id=88577823-16f9-4de2-ba04-780edacb1bd8] Adding new dynamic property: PropertyDescriptor[simple]
[pool-3707-thread-1] INFO org.apache.nifi.processors.standard.RouteText - RouteText[id=88577823-16f9-4de2-ba04-780edacb1bd8] Created FlowFile[2771,97609958995760.mockFlowFile,24B] from FlowFile[2770,97609958995760.mockFlowFile,24B]; routing to relationship simple
[pool-3707-thread-1] INFO org.apache.nifi.processors.standard.RouteText - RouteText[id=88577823-16f9-4de2-ba04-780edacb1bd8] Routing FlowFile[2770,97609958995760.mockFlowFile,24B] to original
[main] DEBUG org.apache.nifi.processors.standard.RouteText - RouteText[id=88577823-16f9-4de2-ba04-780edacb1bd8] Adding new dynamic property: PropertyDescriptor[simple]
[pool-3708-thread-1] INFO org.apache.nifi.processors.standard.RouteText - RouteText[id=88577823-16f9-4de2-ba04-780edacb1bd8] Created FlowFile[2773,97609959439574.mockFlowFile,24B] from FlowFile[2772,97609959439574.mockFlowFile,24B]; routing to relationship simple
[pool-3708-thread-1] INFO org.apache.nifi.processors.standard.RouteText - RouteText[id=88577823-16f9-4de2-ba04-780edacb1bd8] Routing FlowFile[2772,97609959439574.mockFlowFile,24B] to original
[main] DEBUG org.apache.nifi.processors.standard.RouteText - RouteText[id=88577823-16f9-4de2-ba04-780edacb1bd8] Adding new dynamic property: PropertyDescriptor[simple]
[pool-3709-thread-1] INFO org.apache.nifi.processors.standard.RouteText - RouteText[id=88577823-16f9-4de2-ba04-780edacb1bd8] Created FlowFile[2775,97609959912794.mockFlowFile,24B] from FlowFile[2774,97609959912794.mockFlowFile,24B]; routing to relationship simple
[pool-3709-thread-1] INFO org.apache.nifi.processors.standard.RouteText - RouteText[id=88577823-16f9-4de2-ba04-780edacb1bd8] Routing FlowFile[2774,97609959912794.mockFlowFile,24B] to original
[main] DEBUG org.apache.nifi.processors.standard.RouteText - RouteText[id=88577823-16f9-4de2-ba04-780edacb1bd8] Adding new dynamic property: PropertyDescriptor[simple]
[pool-3710-thread-1] INFO org.apache.nifi.processors.standard.RouteText - RouteText[id=88577823-16f9-4de2-ba04-780edacb1bd8] Created FlowFile[2777,97609960394404.mockFlowFile,24B] from FlowFile[2776,97609960394404.mockFlowFile,24B]; routing to relationship simple
[pool-3710-thread-1] INFO org.apache.nifi.processors.standard.RouteText - RouteText[id=88577823-16f9-4de2-ba04-780edacb1bd8] Routing FlowFile[2776,97609960394404.mockFlowFile,24B] to original
[main] DEBUG org.apache.nifi.processors.standard.RouteText - RouteText[id=88577823-16f9-4de2-ba04-780edacb1bd8] Adding new dynamic property: PropertyDescriptor[simple]
[pool-3711-thread-1] INFO org.apache.nifi.processors.standard.RouteText - RouteText[id=88577823-16f9-4de2-ba04-780edacb1bd8] Created FlowFile[2779,97609960844001.mockFlowFile,24B] from FlowFile[2778,97609960844001.mockFlowFile,24B]; routing to relationship simple
[pool-3711-thread-1] INFO org.apache.nifi.processors.standard.RouteText - RouteText[id=88577823-16f9-4de2-ba04-780edacb1bd8] Routing FlowFile[2778,97609960844001.mockFlowFile,24B] to original
[main] DEBUG org.apache.nifi.processors.standard.RouteText - RouteText[id=88577823-16f9-4de2-ba04-780edacb1bd8] Adding new dynamic property: PropertyDescriptor[simple]
[pool-3712-thread-1] INFO org.apache.nifi.processors.standard.RouteText - RouteText[id=88577823-16f9-4de2-ba04-780edacb1bd8] Created FlowFile[2781,97609961285018.mockFlowFile,24B] from FlowFile[2780,97609961285018.mockFlowFile,24B]; routing to relationship simple
[pool-3712-thread-1] INFO org.apache.nifi.processors.standard.RouteText - RouteText[id=88577823-16f9-4de2-ba04-780edacb1bd8] Routing FlowFile[2780,97609961285018.mockFlowFile,24B] to original
[main] DEBUG org.apache.nifi.processors.standard.RouteText - RouteText[id=88577823-16f9-4de2-ba04-780edacb1bd8] Adding new dynamic property: PropertyDescriptor[simple]
[pool-3713-thread-1] INFO org.apache.nifi.processors.standard.RouteText - RouteText[id=88577823-16f9-4de2-ba04-780edacb1bd8] Created FlowFile[2783,97609961730297.mockFlowFile,24B] from FlowFile[2782,97609961730297.mockFlowFile,24B]; routing to relationship simple
[pool-3713-thread-1] INFO org.apache.nifi.processors.standard.RouteText - RouteText[id=88577823-16f9-4de2-ba04-780edacb1bd8] Routing FlowFile[2782,97609961730297.mockFlowFile,24B] to original
[main] DEBUG org.apache.nifi.processors.standard.RouteText - RouteText[id=88577823-16f9-4de2-ba04-780edacb1bd8] Adding new dynamic property: PropertyDescriptor[simple]
[pool-3714-thread-1] INFO org.apache.nifi.processors.standard.RouteText - RouteText[id=88577823-16f9-4de2-ba04-780edacb1bd8] Created FlowFile[2785,97609962213781.mockFlowFile,24B] from FlowFile[2784,97609962213781.mockFlowFile,24B]; routing to relationship simple
[pool-3714-thread-1] INFO org.apache.nifi.processors.standard.RouteText - RouteText[id=88577823-16f9-4de2-ba04-780edacb1bd8] Routing FlowFile[2784,97609962213781.mockFlowFile,24B] to original
[main] DEBUG org.apache.nifi.processors.standard.RouteText - RouteText[id=88577823-16f9-4de2-ba04-780edacb1bd8] Adding new dynamic property: PropertyDescriptor[simple]
[pool-3715-thread-1] INFO org.apache.nifi.processors.standard.RouteText - RouteText[id=88577823-16f9-4de2-ba04-780edacb1bd8] Created FlowFile[2787,97609962705649.mockFlowFile,24B] from FlowFile[2786,97609962705649.mockFlowFile,24B]; routing to relationship simple
[pool-3715-thread-1] INFO org.apache.nifi.processors.standard.RouteText - RouteText[id=88577823-16f9-4de2-ba04-780edacb1bd8] Routing FlowFile[2786,97609962705649.mockFlowFile,24B] to original
[main] DEBUG org.apache.nifi.processors.standard.RouteText - RouteText[id=88577823-16f9-4de2-ba04-780edacb1bd8] Adding new dynamic property: PropertyDescriptor[simple]
[pool-3716-thread-1] INFO org.apache.nifi.processors.standard.RouteText - RouteText[id=88577823-16f9-4de2-ba04-780edacb1bd8] Created FlowFile[2789,97609963168649.mockFlowFile,24B] from FlowFile[2788,97609963168649.mockFlowFile,24B]; routing to relationship simple
[pool-3716-thread-1] INFO org.apache.nifi.processors.standard.RouteText - RouteText[id=88577823-16f9-4de2-ba04-780edacb1bd8] Routing FlowFile[2788,97609963168649.mockFlowFile,24B] to original
[main] DEBUG org.apache.nifi.processors.standard.RouteText - RouteText[id=88577823-16f9-4de2-ba04-780edacb1bd8] Adding new dynamic property: PropertyDescriptor[simple]
[pool-3717-thread-1] INFO org.apache.nifi.processors.standard.RouteText - RouteText[id=88577823-16f9-4de2-ba04-780edacb1bd8] Created FlowFile[2791,97609963629402.mockFlowFile,24B] from FlowFile[2790,97609963629402.mockFlowFile,24B]; routing to relationship simple
[pool-3717-thread-1] INFO org.apache.nifi.processors.standard.RouteText - RouteText[id=88577823-16f9-4de2-ba04-780edacb1bd8] Routing FlowFile[2790,97609963629402.mockFlowFile,24B] to original
[main] DEBUG org.apache.nifi.processors.standard.RouteText - RouteText[id=88577823-16f9-4de2-ba04-780edacb1bd8] Adding new dynamic property: PropertyDescriptor[simple]
[pool-3718-thread-1] INFO org.apache.nifi.processors.standard.RouteText - RouteText[id=88577823-16f9-4de2-ba04-780edacb1bd8] Created FlowFile[2793,97609964115924.mockFlowFile,24B] from FlowFile[2792,97609964115924.mockFlowFile,24B]; routing to relationship simple
[pool-3718-thread-1] INFO org.apache.nifi.processors.standard.RouteText - RouteText[id=88577823-16f9-4de2-ba04-780edacb1bd8] Routing FlowFile[2792,97609964115924.mockFlowFile,24B] to original
[main] DEBUG org.apache.nifi.processors.standard.RouteText - RouteText[id=88577823-16f9-4de2-ba04-780edacb1bd8] Adding new dynamic property: PropertyDescriptor[simple]
[pool-3719-thread-1] INFO org.apache.nifi.processors.standard.RouteText - RouteText[id=88577823-16f9-4de2-ba04-780edacb1bd8] Created FlowFile[2795,97609964557168.mockFlowFile,24B] from FlowFile[2794,97609964557168.mockFlowFile,24B]; routing to relationship simple
[pool-3719-thread-1] INFO org.apache.nifi.processors.standard.RouteText - RouteText[id=88577823-16f9-4de2-ba04-780edacb1bd8] Routing FlowFile[2794,97609964557168.mockFlowFile,24B] to original
[main] DEBUG org.apache.nifi.processors.standard.RouteText - RouteText[id=88577823-16f9-4de2-ba04-780edacb1bd8] Adding new dynamic property: PropertyDescriptor[simple]
[pool-3720-thread-1] INFO org.apache.nifi.processors.standard.RouteText - RouteText[id=88577823-16f9-4de2-ba04-780edacb1bd8] Created FlowFile[2797,97609965000145.mockFlowFile,24B] from FlowFile[2796,97609965000145.mockFlowFile,24B]; routing to relationship simple
[pool-3720-thread-1] INFO org.apache.nifi.processors.standard.RouteText - RouteText[id=88577823-16f9-4de2-ba04-780edacb1bd8] Routing FlowFile[2796,97609965000145.mockFlowFile,24B] to original
[main] DEBUG org.apache.nifi.processors.standard.RouteText - RouteText[id=88577823-16f9-4de2-ba04-780edacb1bd8] Adding new dynamic property: PropertyDescriptor[simple]
[pool-3721-thread-1] INFO org.apache.nifi.processors.standard.RouteText - RouteText[id=88577823-16f9-4de2-ba04-780edacb1bd8] Created FlowFile[2799,97609965452235.mockFlowFile,24B] from FlowFile[2798,97609965452235.mockFlowFile,24B]; routing to relationship simple
[pool-3721-thread-1] INFO org.apache.nifi.processors.standard.RouteText - RouteText[id=88577823-16f9-4de2-ba04-780edacb1bd8] Routing FlowFile[2798,97609965452235.mockFlowFile,24B] to original
[main] DEBUG org.apache.nifi.processors.standard.RouteText - RouteText[id=88577823-16f9-4de2-ba04-780edacb1bd8] Adding new dynamic property: PropertyDescriptor[simple]
[pool-3722-thread-1] INFO org.apache.nifi.processors.standard.RouteText - RouteText[id=88577823-16f9-4de2-ba04-780edacb1bd8] Created FlowFile[2801,97609965952025.mockFlowFile,24B] from FlowFile[2800,97609965952025.mockFlowFile,24B]; routing to relationship simple
[pool-3722-thread-1] INFO org.apache.nifi.processors.standard.RouteText - RouteText[id=88577823-16f9-4de2-ba04-780edacb1bd8] Routing FlowFile[2800,97609965952025.mockFlowFile,24B] to original
[main] DEBUG org.apache.nifi.processors.standard.RouteText - RouteText[id=88577823-16f9-4de2-ba04-780edacb1bd8] Adding new dynamic property: PropertyDescriptor[simple]
[pool-3723-thread-1] INFO org.apache.nifi.processors.standard.RouteText - RouteText[id=88577823-16f9-4de2-ba04-780edacb1bd8] Created FlowFile[2803,97609966448217.mockFlowFile,24B] from FlowFile[2802,97609966448217.mockFlowFile,24B]; routing to relationship simple
[pool-3723-thread-1] INFO org.apache.nifi.processors.standard.RouteText - RouteText[id=88577823-16f9-4de2-ba04-780edacb1bd8] Routing FlowFile[2802,97609966448217.mockFlowFile,24B] to original
[main] DEBUG org.apache.nifi.processors.standard.RouteText - RouteText[id=88577823-16f9-4de2-ba04-780edacb1bd8] Adding new dynamic property: PropertyDescriptor[simple]
[pool-3724-thread-1] INFO org.apache.nifi.processors.standard.RouteText - RouteText[id=88577823-16f9-4de2-ba04-780edacb1bd8] Created FlowFile[2805,97609966928668.mockFlowFile,24B] from FlowFile[2804,97609966928668.mockFlowFile,24B]; routing to relationship simple
[pool-3724-thread-1] INFO org.apache.nifi.processors.standard.RouteText - RouteText[id=88577823-16f9-4de2-ba04-780edacb1bd8] Routing FlowFile[2804,97609966928668.mockFlowFile,24B] to original
[main] DEBUG org.apache.nifi.processors.standard.RouteText - RouteText[id=88577823-16f9-4de2-ba04-780edacb1bd8] Adding new dynamic property: PropertyDescriptor[simple]
[pool-3725-thread-1] INFO org.apache.nifi.processors.standard.RouteText - RouteText[id=88577823-16f9-4de2-ba04-780edacb1bd8] Created FlowFile[2807,97609967399109.mockFlowFile,24B] from FlowFile[2806,97609967399109.mockFlowFile,24B]; routing to relationship simple
[pool-3725-thread-1] INFO org.apache.nifi.processors.standard.RouteText - RouteText[id=88577823-16f9-4de2-ba04-780edacb1bd8] Routing FlowFile[2806,97609967399109.mockFlowFile,24B] to original
[main] DEBUG org.apache.nifi.processors.standard.RouteText - RouteText[id=88577823-16f9-4de2-ba04-780edacb1bd8] Adding new dynamic property: PropertyDescriptor[simple]
[pool-3726-thread-1] INFO org.apache.nifi.processors.standard.RouteText - RouteText[id=88577823-16f9-4de2-ba04-780edacb1bd8] Created FlowFile[2809,97609967984020.mockFlowFile,24B] from FlowFile[2808,97609967984020.mockFlowFile,24B]; routing to relationship simple
[pool-3726-thread-1] INFO org.apache.nifi.processors.standard.RouteText - RouteText[id=88577823-16f9-4de2-ba04-780edacb1bd8] Routing FlowFile[2808,97609967984020.mockFlowFile,24B] to original
[main] DEBUG org.apache.nifi.processors.standard.RouteText - RouteText[id=88577823-16f9-4de2-ba04-780edacb1bd8] Adding new dynamic property: PropertyDescriptor[simple]
[pool-3727-thread-1] INFO org.apache.nifi.processors.standard.RouteText - RouteText[id=88577823-16f9-4de2-ba04-780edacb1bd8] Created FlowFile[2811,97609968630701.mockFlowFile,24B] from FlowFile[2810,97609968630701.mockFlowFile,24B]; routing to relationship simple
[pool-3727-thread-1] INFO org.apache.nifi.processors.standard.RouteText - RouteText[id=88577823-16f9-4de2-ba04-780edacb1bd8] Routing FlowFile[2810,97609968630701.mockFlowFile,24B] to original
[main] DEBUG org.apache.nifi.processors.standard.RouteText - RouteText[id=88577823-16f9-4de2-ba04-780edacb1bd8] Adding new dynamic property: PropertyDescriptor[simple]
[pool-3728-thread-1] INFO org.apache.nifi.processors.standard.RouteText - RouteText[id=88577823-16f9-4de2-ba04-780edacb1bd8] Created FlowFile[2813,97609969257461.mockFlowFile,24B] from FlowFile[2812,97609969257461.mockFlowFile,24B]; routing to relationship simple
[pool-3728-thread-1] INFO org.apache.nifi.processors.standard.RouteText - RouteText[id=88577823-16f9-4de2-ba04-780edacb1bd8] Routing FlowFile[2812,97609969257461.mockFlowFile,24B] to original
[main] DEBUG org.apache.nifi.processors.standard.RouteText - RouteText[id=88577823-16f9-4de2-ba04-780edacb1bd8] Adding new dynamic property: PropertyDescriptor[simple]
[pool-3729-thread-1] INFO org.apache.nifi.processors.standard.RouteText - RouteText[id=88577823-16f9-4de2-ba04-780edacb1bd8] Created FlowFile[2815,97609969803288.mockFlowFile,24B] from FlowFile[2814,97609969803288.mockFlowFile,24B]; routing to relationship simple
[pool-3729-thread-1] INFO org.apache.nifi.processors.standard.RouteText - RouteText[id=88577823-16f9-4de2-ba04-780edacb1bd8] Routing FlowFile[2814,97609969803288.mockFlowFile,24B] to original
[main] DEBUG org.apache.nifi.processors.standard.RouteText - RouteText[id=88577823-16f9-4de2-ba04-780edacb1bd8] Adding new dynamic property: PropertyDescriptor[simple]
[pool-3730-thread-1] INFO org.apache.nifi.processors.standard.RouteText - RouteText[id=88577823-16f9-4de2-ba04-780edacb1bd8] Created FlowFile[2817,97609970313721.mockFlowFile,24B] from FlowFile[2816,97609970313721.mockFlowFile,24B]; routing to relationship simple
[pool-3730-thread-1] INFO org.apache.nifi.processors.standard.RouteText - RouteText[id=88577823-16f9-4de2-ba04-780edacb1bd8] Routing FlowFile[2816,97609970313721.mockFlowFile,24B] to original
[main] DEBUG org.apache.nifi.processors.standard.RouteText - RouteText[id=88577823-16f9-4de2-ba04-780edacb1bd8] Adding new dynamic property: PropertyDescriptor[simple]
[pool-3731-thread-1] INFO org.apache.nifi.processors.standard.RouteText - RouteText[id=88577823-16f9-4de2-ba04-780edacb1bd8] Created FlowFile[2819,97609970814048.mockFlowFile,24B] from FlowFile[2818,97609970814048.mockFlowFile,24B]; routing to relationship simple
[pool-3731-thread-1] INFO org.apache.nifi.processors.standard.RouteText - RouteText[id=88577823-16f9-4de2-ba04-780edacb1bd8] Routing FlowFile[2818,97609970814048.mockFlowFile,24B] to original
[main] DEBUG org.apache.nifi.processors.standard.RouteText - RouteText[id=88577823-16f9-4de2-ba04-780edacb1bd8] Adding new dynamic property: PropertyDescriptor[simple]
[pool-3732-thread-1] INFO org.apache.nifi.processors.standard.RouteText - RouteText[id=88577823-16f9-4de2-ba04-780edacb1bd8] Created FlowFile[2821,97609971296545.mockFlowFile,24B] from FlowFile[2820,97609971296545.mockFlowFile,24B]; routing to relationship simple
[pool-3732-thread-1] INFO org.apache.nifi.processors.standard.RouteText - RouteText[id=88577823-16f9-4de2-ba04-780edacb1bd8] Routing FlowFile[2820,97609971296545.mockFlowFile,24B] to original
[main] DEBUG org.apache.nifi.processors.standard.RouteText - RouteText[id=88577823-16f9-4de2-ba04-780edacb1bd8] Adding new dynamic property: PropertyDescriptor[simple]
[pool-3733-thread-1] INFO org.apache.nifi.processors.standard.RouteText - RouteText[id=88577823-16f9-4de2-ba04-780edacb1bd8] Created FlowFile[2823,97609971860972.mockFlowFile,24B] from FlowFile[2822,97609971860972.mockFlowFile,24B]; routing to relationship simple
[pool-3733-thread-1] INFO org.apache.nifi.processors.standard.RouteText - RouteText[id=88577823-16f9-4de2-ba04-780edacb1bd8] Routing FlowFile[2822,97609971860972.mockFlowFile,24B] to original
[main] DEBUG org.apache.nifi.processors.standard.RouteText - RouteText[id=88577823-16f9-4de2-ba04-780edacb1bd8] Adding new dynamic property: PropertyDescriptor[simple]
[pool-3734-thread-1] INFO org.apache.nifi.processors.standard.RouteText - RouteText[id=88577823-16f9-4de2-ba04-780edacb1bd8] Created FlowFile[2825,97610005832111.mockFlowFile,24B] from FlowFile[2824,97610005832111.mockFlowFile,24B]; routing to relationship simple
[pool-3734-thread-1] INFO org.apache.nifi.processors.standard.RouteText - RouteText[id=88577823-16f9-4de2-ba04-780edacb1bd8] Routing FlowFile[2824,97610005832111.mockFlowFile,24B] to original
[main] DEBUG org.apache.nifi.processors.standard.RouteText - RouteText[id=88577823-16f9-4de2-ba04-780edacb1bd8] Adding new dynamic property: PropertyDescriptor[simple]
[pool-3735-thread-1] INFO org.apache.nifi.processors.standard.RouteText - RouteText[id=88577823-16f9-4de2-ba04-780edacb1bd8] Created FlowFile[2827,97610006469130.mockFlowFile,24B] from FlowFile[2826,97610006469130.mockFlowFile,24B]; routing to relationship simple
[pool-3735-thread-1] INFO org.apache.nifi.processors.standard.RouteText - RouteText[id=88577823-16f9-4de2-ba04-780edacb1bd8] Routing FlowFile[2826,97610006469130.mockFlowFile,24B] to original
[main] DEBUG org.apache.nifi.processors.standard.RouteText - RouteText[id=88577823-16f9-4de2-ba04-780edacb1bd8] Adding new dynamic property: PropertyDescriptor[simple]
[pool-3736-thread-1] INFO org.apache.nifi.processors.standard.RouteText - RouteText[id=88577823-16f9-4de2-ba04-780edacb1bd8] Created FlowFile[2829,97610006962941.mockFlowFile,24B] from FlowFile[2828,97610006962941.mockFlowFile,24B]; routing to relationship simple
[pool-3736-thread-1] INFO org.apache.nifi.processors.standard.RouteText - RouteText[id=88577823-16f9-4de2-ba04-780edacb1bd8] Routing FlowFile[2828,97610006962941.mockFlowFile,24B] to original
[main] DEBUG org.apache.nifi.processors.standard.RouteText - RouteText[id=88577823-16f9-4de2-ba04-780edacb1bd8] Adding new dynamic property: PropertyDescriptor[simple]
[pool-3737-thread-1] INFO org.apache.nifi.processors.standard.RouteText - RouteText[id=88577823-16f9-4de2-ba04-780edacb1bd8] Created FlowFile[2831,97610007399580.mockFlowFile,24B] from FlowFile[2830,97610007399580.mockFlowFile,24B]; routing to relationship simple
[pool-3737-thread-1] INFO org.apache.nifi.processors.standard.RouteText - RouteText[id=88577823-16f9-4de2-ba04-780edacb1bd8] Routing FlowFile[2830,97610007399580.mockFlowFile,24B] to original
[main] DEBUG org.apache.nifi.processors.standard.RouteText - RouteText[id=88577823-16f9-4de2-ba04-780edacb1bd8] Adding new dynamic property: PropertyDescriptor[simple]
[pool-3738-thread-1] INFO org.apache.nifi.processors.standard.RouteText - RouteText[id=88577823-16f9-4de2-ba04-780edacb1bd8] Created FlowFile[2833,97610007831496.mockFlowFile,24B] from FlowFile[2832,97610007831496.mockFlowFile,24B]; routing to relationship simple
[pool-3738-thread-1] INFO org.apache.nifi.processors.standard.RouteText - RouteText[id=88577823-16f9-4de2-ba04-780edacb1bd8] Routing FlowFile[2832,97610007831496.mockFlowFile,24B] to original
[main] DEBUG org.apache.nifi.processors.standard.RouteText - RouteText[id=88577823-16f9-4de2-ba04-780edacb1bd8] Adding new dynamic property: PropertyDescriptor[simple]
[pool-3739-thread-1] INFO org.apache.nifi.processors.standard.RouteText - RouteText[id=88577823-16f9-4de2-ba04-780edacb1bd8] Created FlowFile[2835,97610008266462.mockFlowFile,24B] from FlowFile[2834,97610008266462.mockFlowFile,24B]; routing to relationship simple
[pool-3739-thread-1] INFO org.apache.nifi.processors.standard.RouteText - RouteText[id=88577823-16f9-4de2-ba04-780edacb1bd8] Routing FlowFile[2834,97610008266462.mockFlowFile,24B] to original
[main] DEBUG org.apache.nifi.processors.standard.RouteText - RouteText[id=88577823-16f9-4de2-ba04-780edacb1bd8] Adding new dynamic property: PropertyDescriptor[simple]
[pool-3740-thread-1] INFO org.apache.nifi.processors.standard.RouteText - RouteText[id=88577823-16f9-4de2-ba04-780edacb1bd8] Created FlowFile[2837,97610008791029.mockFlowFile,24B] from FlowFile[2836,97610008791029.mockFlowFile,24B]; routing to relationship simple
[pool-3740-thread-1] INFO org.apache.nifi.processors.standard.RouteText - RouteText[id=88577823-16f9-4de2-ba04-780edacb1bd8] Routing FlowFile[2836,97610008791029.mockFlowFile,24B] to original
[main] DEBUG org.apache.nifi.processors.standard.RouteText - RouteText[id=88577823-16f9-4de2-ba04-780edacb1bd8] Adding new dynamic property: PropertyDescriptor[simple]
[pool-3741-thread-1] INFO org.apache.nifi.processors.standard.RouteText - RouteText[id=88577823-16f9-4de2-ba04-780edacb1bd8] Created FlowFile[2839,97610009241192.mockFlowFile,24B] from FlowFile[2838,97610009241192.mockFlowFile,24B]; routing to relationship simple
[pool-3741-thread-1] INFO org.apache.nifi.processors.standard.RouteText - RouteText[id=88577823-16f9-4de2-ba04-780edacb1bd8] Routing FlowFile[2838,97610009241192.mockFlowFile,24B] to original
[main] DEBUG org.apache.nifi.processors.standard.RouteText - RouteText[id=88577823-16f9-4de2-ba04-780edacb1bd8] Adding new dynamic property: PropertyDescriptor[simple]
[pool-3742-thread-1] INFO org.apache.nifi.processors.standard.RouteText - RouteText[id=88577823-16f9-4de2-ba04-780edacb1bd8] Created FlowFile[2841,97610009709219.mockFlowFile,24B] from FlowFile[2840,97610009709219.mockFlowFile,24B]; routing to relationship simple
[pool-3742-thread-1] INFO org.apache.nifi.processors.standard.RouteText - RouteText[id=88577823-16f9-4de2-ba04-780edacb1bd8] Routing FlowFile[2840,97610009709219.mockFlowFile,24B] to original
[main] DEBUG org.apache.nifi.processors.standard.RouteText - RouteText[id=88577823-16f9-4de2-ba04-780edacb1bd8] Adding new dynamic property: PropertyDescriptor[simple]
[pool-3743-thread-1] INFO org.apache.nifi.processors.standard.RouteText - RouteText[id=88577823-16f9-4de2-ba04-780edacb1bd8] Created FlowFile[2843,97610010214456.mockFlowFile,24B] from FlowFile[2842,97610010214456.mockFlowFile,24B]; routing to relationship simple
[pool-3743-thread-1] INFO org.apache.nifi.processors.standard.RouteText - RouteText[id=88577823-16f9-4de2-ba04-780edacb1bd8] Routing FlowFile[2842,97610010214456.mockFlowFile,24B] to original
[main] DEBUG org.apache.nifi.processors.standard.RouteText - RouteText[id=88577823-16f9-4de2-ba04-780edacb1bd8] Adding new dynamic property: PropertyDescriptor[simple]
[pool-3744-thread-1] INFO org.apache.nifi.processors.standard.RouteText - RouteText[id=88577823-16f9-4de2-ba04-780edacb1bd8] Created FlowFile[2845,97610010696457.mockFlowFile,24B] from FlowFile[2844,97610010696457.mockFlowFile,24B]; routing to relationship simple
[pool-3744-thread-1] INFO org.apache.nifi.processors.standard.RouteText - RouteText[id=88577823-16f9-4de2-ba04-780edacb1bd8] Routing FlowFile[2844,97610010696457.mockFlowFile,24B] to original
[main] DEBUG org.apache.nifi.processors.standard.RouteText - RouteText[id=88577823-16f9-4de2-ba04-780edacb1bd8] Adding new dynamic property: PropertyDescriptor[simple]
[pool-3745-thread-1] INFO org.apache.nifi.processors.standard.RouteText - RouteText[id=88577823-16f9-4de2-ba04-780edacb1bd8] Created FlowFile[2847,97610011161724.mockFlowFile,24B] from FlowFile[2846,97610011161724.mockFlowFile,24B]; routing to relationship simple
[pool-3745-thread-1] INFO org.apache.nifi.processors.standard.RouteText - RouteText[id=88577823-16f9-4de2-ba04-780edacb1bd8] Routing FlowFile[2846,97610011161724.mockFlowFile,24B] to original
[main] DEBUG org.apache.nifi.processors.standard.RouteText - RouteText[id=88577823-16f9-4de2-ba04-780edacb1bd8] Adding new dynamic property: PropertyDescriptor[simple]
[pool-3746-thread-1] INFO org.apache.nifi.processors.standard.RouteText - RouteText[id=88577823-16f9-4de2-ba04-780edacb1bd8] Created FlowFile[2849,97610011638479.mockFlowFile,24B] from FlowFile[2848,97610011638479.mockFlowFile,24B]; routing to relationship simple
[pool-3746-thread-1] INFO org.apache.nifi.processors.standard.RouteText - RouteText[id=88577823-16f9-4de2-ba04-780edacb1bd8] Routing FlowFile[2848,97610011638479.mockFlowFile,24B] to original
[main] DEBUG org.apache.nifi.processors.standard.RouteText - RouteText[id=88577823-16f9-4de2-ba04-780edacb1bd8] Adding new dynamic property: PropertyDescriptor[simple]
[pool-3747-thread-1] INFO org.apache.nifi.processors.standard.RouteText - RouteText[id=88577823-16f9-4de2-ba04-780edacb1bd8] Created FlowFile[2851,97610012190173.mockFlowFile,24B] from FlowFile[2850,97610012190173.mockFlowFile,24B]; routing to relationship simple
[pool-3747-thread-1] INFO org.apache.nifi.processors.standard.RouteText - RouteText[id=88577823-16f9-4de2-ba04-780edacb1bd8] Routing FlowFile[2850,97610012190173.mockFlowFile,24B] to original
[main] DEBUG org.apache.nifi.processors.standard.RouteText - RouteText[id=88577823-16f9-4de2-ba04-780edacb1bd8] Adding new dynamic property: PropertyDescriptor[simple]
[pool-3748-thread-1] INFO org.apache.nifi.processors.standard.RouteText - RouteText[id=88577823-16f9-4de2-ba04-780edacb1bd8] Created FlowFile[2853,97610012701210.mockFlowFile,24B] from FlowFile[2852,97610012701210.mockFlowFile,24B]; routing to relationship simple
[pool-3748-thread-1] INFO org.apache.nifi.processors.standard.RouteText - RouteText[id=88577823-16f9-4de2-ba04-780edacb1bd8] Routing FlowFile[2852,97610012701210.mockFlowFile,24B] to original
[main] DEBUG org.apache.nifi.processors.standard.RouteText - RouteText[id=88577823-16f9-4de2-ba04-780edacb1bd8] Adding new dynamic property: PropertyDescriptor[simple]
[pool-3749-thread-1] INFO org.apache.nifi.processors.standard.RouteText - RouteText[id=88577823-16f9-4de2-ba04-780edacb1bd8] Created FlowFile[2855,97610013215690.mockFlowFile,24B] from FlowFile[2854,97610013215690.mockFlowFile,24B]; routing to relationship simple
[pool-3749-thread-1] INFO org.apache.nifi.processors.standard.RouteText - RouteText[id=88577823-16f9-4de2-ba04-780edacb1bd8] Routing FlowFile[2854,97610013215690.mockFlowFile,24B] to original
[main] DEBUG org.apache.nifi.processors.standard.RouteText - RouteText[id=88577823-16f9-4de2-ba04-780edacb1bd8] Adding new dynamic property: PropertyDescriptor[simple]
[pool-3750-thread-1] INFO org.apache.nifi.processors.standard.RouteText - RouteText[id=88577823-16f9-4de2-ba04-780edacb1bd8] Created FlowFile[2857,97610013705091.mockFlowFile,24B] from FlowFile[2856,97610013705091.mockFlowFile,24B]; routing to relationship simple
[pool-3750-thread-1] INFO org.apache.nifi.processors.standard.RouteText - RouteText[id=88577823-16f9-4de2-ba04-780edacb1bd8] Routing FlowFile[2856,97610013705091.mockFlowFile,24B] to original
[main] DEBUG org.apache.nifi.processors.standard.RouteText - RouteText[id=88577823-16f9-4de2-ba04-780edacb1bd8] Adding new dynamic property: PropertyDescriptor[simple]
[pool-3751-thread-1] INFO org.apache.nifi.processors.standard.RouteText - RouteText[id=88577823-16f9-4de2-ba04-780edacb1bd8] Created FlowFile[2859,97610014159022.mockFlowFile,24B] from FlowFile[2858,97610014159022.mockFlowFile,24B]; routing to relationship simple
[pool-3751-thread-1] INFO org.apache.nifi.processors.standard.RouteText - RouteText[id=88577823-16f9-4de2-ba04-780edacb1bd8] Routing FlowFile[2858,97610014159022.mockFlowFile,24B] to original
[main] DEBUG org.apache.nifi.processors.standard.RouteText - RouteText[id=88577823-16f9-4de2-ba04-780edacb1bd8] Adding new dynamic property: PropertyDescriptor[simple]
[pool-3752-thread-1] INFO org.apache.nifi.processors.standard.RouteText - RouteText[id=88577823-16f9-4de2-ba04-780edacb1bd8] Created FlowFile[2861,97610014590967.mockFlowFile,24B] from FlowFile[2860,97610014590967.mockFlowFile,24B]; routing to relationship simple
[pool-3752-thread-1] INFO org.apache.nifi.processors.standard.RouteText - RouteText[id=88577823-16f9-4de2-ba04-780edacb1bd8] Routing FlowFile[2860,97610014590967.mockFlowFile,24B] to original
[main] DEBUG org.apache.nifi.processors.standard.RouteText - RouteText[id=88577823-16f9-4de2-ba04-780edacb1bd8] Adding new dynamic property: PropertyDescriptor[simple]
[pool-3753-thread-1] INFO org.apache.nifi.processors.standard.RouteText - RouteText[id=88577823-16f9-4de2-ba04-780edacb1bd8] Created FlowFile[2863,97610015041896.mockFlowFile,24B] from FlowFile[2862,97610015041896.mockFlowFile,24B]; routing to relationship simple
[pool-3753-thread-1] INFO org.apache.nifi.processors.standard.RouteText - RouteText[id=88577823-16f9-4de2-ba04-780edacb1bd8] Routing FlowFile[2862,97610015041896.mockFlowFile,24B] to original
[main] DEBUG org.apache.nifi.processors.standard.RouteText - RouteText[id=88577823-16f9-4de2-ba04-780edacb1bd8] Adding new dynamic property: PropertyDescriptor[simple]
[pool-3754-thread-1] INFO org.apache.nifi.processors.standard.RouteText - RouteText[id=88577823-16f9-4de2-ba04-780edacb1bd8] Created FlowFile[2865,97610015496447.mockFlowFile,24B] from FlowFile[2864,97610015496447.mockFlowFile,24B]; routing to relationship simple
[pool-3754-thread-1] INFO org.apache.nifi.processors.standard.RouteText - RouteText[id=88577823-16f9-4de2-ba04-780edacb1bd8] Routing FlowFile[2864,97610015496447.mockFlowFile,24B] to original
[main] DEBUG org.apache.nifi.processors.standard.RouteText - RouteText[id=88577823-16f9-4de2-ba04-780edacb1bd8] Adding new dynamic property: PropertyDescriptor[simple]
[pool-3755-thread-1] INFO org.apache.nifi.processors.standard.RouteText - RouteText[id=88577823-16f9-4de2-ba04-780edacb1bd8] Created FlowFile[2867,97610015915672.mockFlowFile,24B] from FlowFile[2866,97610015915672.mockFlowFile,24B]; routing to relationship simple
[pool-3755-thread-1] INFO org.apache.nifi.processors.standard.RouteText - RouteText[id=88577823-16f9-4de2-ba04-780edacb1bd8] Routing FlowFile[2866,97610015915672.mockFlowFile,24B] to original
[main] DEBUG org.apache.nifi.processors.standard.RouteText - RouteText[id=88577823-16f9-4de2-ba04-780edacb1bd8] Adding new dynamic property: PropertyDescriptor[simple]
[pool-3756-thread-1] INFO org.apache.nifi.processors.standard.RouteText - RouteText[id=88577823-16f9-4de2-ba04-780edacb1bd8] Created FlowFile[2869,97610016356456.mockFlowFile,24B] from FlowFile[2868,97610016356456.mockFlowFile,24B]; routing to relationship simple
[pool-3756-thread-1] INFO org.apache.nifi.processors.standard.RouteText - RouteText[id=88577823-16f9-4de2-ba04-780edacb1bd8] Routing FlowFile[2868,97610016356456.mockFlowFile,24B] to original
[main] DEBUG org.apache.nifi.processors.standard.RouteText - RouteText[id=88577823-16f9-4de2-ba04-780edacb1bd8] Adding new dynamic property: PropertyDescriptor[simple]
[pool-3757-thread-1] INFO org.apache.nifi.processors.standard.RouteText - RouteText[id=88577823-16f9-4de2-ba04-780edacb1bd8] Created FlowFile[2871,97610016814114.mockFlowFile,24B] from FlowFile[2870,97610016814114.mockFlowFile,24B]; routing to relationship simple
[pool-3757-thread-1] INFO org.apache.nifi.processors.standard.RouteText - RouteText[id=88577823-16f9-4de2-ba04-780edacb1bd8] Routing FlowFile[2870,97610016814114.mockFlowFile,24B] to original
[main] DEBUG org.apache.nifi.processors.standard.RouteText - RouteText[id=88577823-16f9-4de2-ba04-780edacb1bd8] Adding new dynamic property: PropertyDescriptor[simple]
[pool-3758-thread-1] INFO org.apache.nifi.processors.standard.RouteText - RouteText[id=88577823-16f9-4de2-ba04-780edacb1bd8] Created FlowFile[2873,97610017240682.mockFlowFile,24B] from FlowFile[2872,97610017240682.mockFlowFile,24B]; routing to relationship simple
[pool-3758-thread-1] INFO org.apache.nifi.processors.standard.RouteText - RouteText[id=88577823-16f9-4de2-ba04-780edacb1bd8] Routing FlowFile[2872,97610017240682.mockFlowFile,24B] to original
[main] DEBUG org.apache.nifi.processors.standard.RouteText - RouteText[id=88577823-16f9-4de2-ba04-780edacb1bd8] Adding new dynamic property: PropertyDescriptor[simple]
[pool-3759-thread-1] INFO org.apache.nifi.processors.standard.RouteText - RouteText[id=88577823-16f9-4de2-ba04-780edacb1bd8] Created FlowFile[2875,97610017670174.mockFlowFile,24B] from FlowFile[2874,97610017670174.mockFlowFile,24B]; routing to relationship simple
[pool-3759-thread-1] INFO org.apache.nifi.processors.standard.RouteText - RouteText[id=88577823-16f9-4de2-ba04-780edacb1bd8] Routing FlowFile[2874,97610017670174.mockFlowFile,24B] to original
[main] DEBUG org.apache.nifi.processors.standard.RouteText - RouteText[id=88577823-16f9-4de2-ba04-780edacb1bd8] Adding new dynamic property: PropertyDescriptor[simple]
[pool-3760-thread-1] INFO org.apache.nifi.processors.standard.RouteText - RouteText[id=88577823-16f9-4de2-ba04-780edacb1bd8] Created FlowFile[2877,97610018098504.mockFlowFile,24B] from FlowFile[2876,97610018098504.mockFlowFile,24B]; routing to relationship simple
[pool-3760-thread-1] INFO org.apache.nifi.processors.standard.RouteText - RouteText[id=88577823-16f9-4de2-ba04-780edacb1bd8] Routing FlowFile[2876,97610018098504.mockFlowFile,24B] to original
[main] DEBUG org.apache.nifi.processors.standard.RouteText - RouteText[id=88577823-16f9-4de2-ba04-780edacb1bd8] Adding new dynamic property: PropertyDescriptor[simple]
[pool-3761-thread-1] INFO org.apache.nifi.processors.standard.RouteText - RouteText[id=88577823-16f9-4de2-ba04-780edacb1bd8] Created FlowFile[2879,97610018551562.mockFlowFile,24B] from FlowFile[2878,97610018551562.mockFlowFile,24B]; routing to relationship simple
[pool-3761-thread-1] INFO org.apache.nifi.processors.standard.RouteText - RouteText[id=88577823-16f9-4de2-ba04-780edacb1bd8] Routing FlowFile[2878,97610018551562.mockFlowFile,24B] to original
[main] DEBUG org.apache.nifi.processors.standard.RouteText - RouteText[id=88577823-16f9-4de2-ba04-780edacb1bd8] Adding new dynamic property: PropertyDescriptor[simple]
[pool-3762-thread-1] INFO org.apache.nifi.processors.standard.RouteText - RouteText[id=88577823-16f9-4de2-ba04-780edacb1bd8] Created FlowFile[2881,97610019022436.mockFlowFile,24B] from FlowFile[2880,97610019022436.mockFlowFile,24B]; routing to relationship simple
[pool-3762-thread-1] INFO org.apache.nifi.processors.standard.RouteText - RouteText[id=88577823-16f9-4de2-ba04-780edacb1bd8] Routing FlowFile[2880,97610019022436.mockFlowFile,24B] to original
[main] DEBUG org.apache.nifi.processors.standard.RouteText - RouteText[id=88577823-16f9-4de2-ba04-780edacb1bd8] Adding new dynamic property: PropertyDescriptor[simple]
[pool-3763-thread-1] INFO org.apache.nifi.processors.standard.RouteText - RouteText[id=88577823-16f9-4de2-ba04-780edacb1bd8] Created FlowFile[2883,97610019507648.mockFlowFile,24B] from FlowFile[2882,97610019507648.mockFlowFile,24B]; routing to relationship simple
[pool-3763-thread-1] INFO org.apache.nifi.processors.standard.RouteText - RouteText[id=88577823-16f9-4de2-ba04-780edacb1bd8] Routing FlowFile[2882,97610019507648.mockFlowFile,24B] to original
[main] DEBUG org.apache.nifi.processors.standard.RouteText - RouteText[id=88577823-16f9-4de2-ba04-780edacb1bd8] Adding new dynamic property: PropertyDescriptor[simple]
[pool-3764-thread-1] INFO org.apache.nifi.processors.standard.RouteText - RouteText[id=88577823-16f9-4de2-ba04-780edacb1bd8] Created FlowFile[2885,97610020036638.mockFlowFile,24B] from FlowFile[2884,97610020036638.mockFlowFile,24B]; routing to relationship simple
[pool-3764-thread-1] INFO org.apache.nifi.processors.standard.RouteText - RouteText[id=88577823-16f9-4de2-ba04-780edacb1bd8] Routing FlowFile[2884,97610020036638.mockFlowFile,24B] to original
[main] DEBUG org.apache.nifi.processors.standard.RouteText - RouteText[id=88577823-16f9-4de2-ba04-780edacb1bd8] Adding new dynamic property: PropertyDescriptor[simple]
[pool-3765-thread-1] INFO org.apache.nifi.processors.standard.RouteText - RouteText[id=88577823-16f9-4de2-ba04-780edacb1bd8] Created FlowFile[2887,97610020533776.mockFlowFile,24B] from FlowFile[2886,97610020533776.mockFlowFile,24B]; routing to relationship simple
[pool-3765-thread-1] INFO org.apache.nifi.processors.standard.RouteText - RouteText[id=88577823-16f9-4de2-ba04-780edacb1bd8] Routing FlowFile[2886,97610020533776.mockFlowFile,24B] to original
[main] DEBUG org.apache.nifi.processors.standard.RouteText - RouteText[id=88577823-16f9-4de2-ba04-780edacb1bd8] Adding new dynamic property: PropertyDescriptor[simple]
[pool-3766-thread-1] INFO org.apache.nifi.processors.standard.RouteText - RouteText[id=88577823-16f9-4de2-ba04-780edacb1bd8] Created FlowFile[2889,97610022332482.mockFlowFile,24B] from FlowFile[2888,97610022332482.mockFlowFile,24B]; routing to relationship simple
[pool-3766-thread-1] INFO org.apache.nifi.processors.standard.RouteText - RouteText[id=88577823-16f9-4de2-ba04-780edacb1bd8] Routing FlowFile[2888,97610022332482.mockFlowFile,24B] to original
[main] DEBUG org.apache.nifi.processors.standard.RouteText - RouteText[id=88577823-16f9-4de2-ba04-780edacb1bd8] Adding new dynamic property: PropertyDescriptor[simple]
[pool-3767-thread-1] INFO org.apache.nifi.processors.standard.RouteText - RouteText[id=88577823-16f9-4de2-ba04-780edacb1bd8] Created FlowFile[2891,97610023071177.mockFlowFile,24B] from FlowFile[2890,97610023071177.mockFlowFile,24B]; routing to relationship simple
[pool-3767-thread-1] INFO org.apache.nifi.processors.standard.RouteText - RouteText[id=88577823-16f9-4de2-ba04-780edacb1bd8] Routing FlowFile[2890,97610023071177.mockFlowFile,24B] to original
[main] DEBUG org.apache.nifi.processors.standard.RouteText - RouteText[id=88577823-16f9-4de2-ba04-780edacb1bd8] Adding new dynamic property: PropertyDescriptor[simple]
[pool-3768-thread-1] INFO org.apache.nifi.processors.standard.RouteText - RouteText[id=88577823-16f9-4de2-ba04-780edacb1bd8] Created FlowFile[2893,97610023639563.mockFlowFile,24B] from FlowFile[2892,97610023639563.mockFlowFile,24B]; routing to relationship simple
[pool-3768-thread-1] INFO org.apache.nifi.processors.standard.RouteText - RouteText[id=88577823-16f9-4de2-ba04-780edacb1bd8] Routing FlowFile[2892,97610023639563.mockFlowFile,24B] to original
[main] DEBUG org.apache.nifi.processors.standard.RouteText - RouteText[id=88577823-16f9-4de2-ba04-780edacb1bd8] Adding new dynamic property: PropertyDescriptor[simple]
[pool-3769-thread-1] INFO org.apache.nifi.processors.standard.RouteText - RouteText[id=88577823-16f9-4de2-ba04-780edacb1bd8] Created FlowFile[2895,97610024152705.mockFlowFile,24B] from FlowFile[2894,97610024152705.mockFlowFile,24B]; routing to relationship simple
[pool-3769-thread-1] INFO org.apache.nifi.processors.standard.RouteText - RouteText[id=88577823-16f9-4de2-ba04-780edacb1bd8] Routing FlowFile[2894,97610024152705.mockFlowFile,24B] to original
[main] DEBUG org.apache.nifi.processors.standard.RouteText - RouteText[id=88577823-16f9-4de2-ba04-780edacb1bd8] Adding new dynamic property: PropertyDescriptor[simple]
[pool-3770-thread-1] INFO org.apache.nifi.processors.standard.RouteText - RouteText[id=88577823-16f9-4de2-ba04-780edacb1bd8] Created FlowFile[2897,97610024660470.mockFlowFile,24B] from FlowFile[2896,97610024660470.mockFlowFile,24B]; routing to relationship simple
[pool-3770-thread-1] INFO org.apache.nifi.processors.standard.RouteText - RouteText[id=88577823-16f9-4de2-ba04-780edacb1bd8] Routing FlowFile[2896,97610024660470.mockFlowFile,24B] to original
[main] DEBUG org.apache.nifi.processors.standard.RouteText - RouteText[id=88577823-16f9-4de2-ba04-780edacb1bd8] Adding new dynamic property: PropertyDescriptor[simple]
[pool-3771-thread-1] INFO org.apache.nifi.processors.standard.RouteText - RouteText[id=88577823-16f9-4de2-ba04-780edacb1bd8] Created FlowFile[2899,97610025160114.mockFlowFile,24B] from FlowFile[2898,97610025160114.mockFlowFile,24B]; routing to relationship simple
[pool-3771-thread-1] INFO org.apache.nifi.processors.standard.RouteText - RouteText[id=88577823-16f9-4de2-ba04-780edacb1bd8] Routing FlowFile[2898,97610025160114.mockFlowFile,24B] to original
[main] DEBUG org.apache.nifi.processors.standard.RouteText - RouteText[id=88577823-16f9-4de2-ba04-780edacb1bd8] Adding new dynamic property: PropertyDescriptor[simple]
[pool-3772-thread-1] INFO org.apache.nifi.processors.standard.RouteText - RouteText[id=88577823-16f9-4de2-ba04-780edacb1bd8] Created FlowFile[2901,97610025688898.mockFlowFile,24B] from FlowFile[2900,97610025688898.mockFlowFile,24B]; routing to relationship simple
[pool-3772-thread-1] INFO org.apache.nifi.processors.standard.RouteText - RouteText[id=88577823-16f9-4de2-ba04-780edacb1bd8] Routing FlowFile[2900,97610025688898.mockFlowFile,24B] to original
[main] DEBUG org.apache.nifi.processors.standard.RouteText - RouteText[id=88577823-16f9-4de2-ba04-780edacb1bd8] Adding new dynamic property: PropertyDescriptor[simple]
[pool-3773-thread-1] INFO org.apache.nifi.processors.standard.RouteText - RouteText[id=88577823-16f9-4de2-ba04-780edacb1bd8] Created FlowFile[2903,97610026150121.mockFlowFile,24B] from FlowFile[2902,97610026150121.mockFlowFile,24B]; routing to relationship simple
[pool-3773-thread-1] INFO org.apache.nifi.processors.standard.RouteText - RouteText[id=88577823-16f9-4de2-ba04-780edacb1bd8] Routing FlowFile[2902,97610026150121.mockFlowFile,24B] to original
[main] DEBUG org.apache.nifi.processors.standard.RouteText - RouteText[id=88577823-16f9-4de2-ba04-780edacb1bd8] Adding new dynamic property: PropertyDescriptor[simple]
[pool-3774-thread-1] INFO org.apache.nifi.processors.standard.RouteText - RouteText[id=88577823-16f9-4de2-ba04-780edacb1bd8] Created FlowFile[2905,97610026607667.mockFlowFile,24B] from FlowFile[2904,97610026607667.mockFlowFile,24B]; routing to relationship simple
[pool-3774-thread-1] INFO org.apache.nifi.processors.standard.RouteText - RouteText[id=88577823-16f9-4de2-ba04-780edacb1bd8] Routing FlowFile[2904,97610026607667.mockFlowFile,24B] to original
[main] DEBUG org.apache.nifi.processors.standard.RouteText - RouteText[id=88577823-16f9-4de2-ba04-780edacb1bd8] Adding new dynamic property: PropertyDescriptor[simple]
[pool-3775-thread-1] INFO org.apache.nifi.processors.standard.RouteText - RouteText[id=88577823-16f9-4de2-ba04-780edacb1bd8] Created FlowFile[2907,97610027039082.mockFlowFile,24B] from FlowFile[2906,97610027039082.mockFlowFile,24B]; routing to relationship simple
[pool-3775-thread-1] INFO org.apache.nifi.processors.standard.RouteText - RouteText[id=88577823-16f9-4de2-ba04-780edacb1bd8] Routing FlowFile[2906,97610027039082.mockFlowFile,24B] to original
[main] DEBUG org.apache.nifi.processors.standard.RouteText - RouteText[id=88577823-16f9-4de2-ba04-780edacb1bd8] Adding new dynamic property: PropertyDescriptor[simple]
[pool-3776-thread-1] INFO org.apache.nifi.processors.standard.RouteText - RouteText[id=88577823-16f9-4de2-ba04-780edacb1bd8] Created FlowFile[2909,97610027436224.mockFlowFile,24B] from FlowFile[2908,97610027436224.mockFlowFile,24B]; routing to relationship simple
[pool-3776-thread-1] INFO org.apache.nifi.processors.standard.RouteText - RouteText[id=88577823-16f9-4de2-ba04-780edacb1bd8] Routing FlowFile[2908,97610027436224.mockFlowFile,24B] to original
[main] DEBUG org.apache.nifi.processors.standard.RouteText - RouteText[id=88577823-16f9-4de2-ba04-780edacb1bd8] Adding new dynamic property: PropertyDescriptor[simple]
[pool-3777-thread-1] INFO org.apache.nifi.processors.standard.RouteText - RouteText[id=88577823-16f9-4de2-ba04-780edacb1bd8] Created FlowFile[2911,97610027814318.mockFlowFile,24B] from FlowFile[2910,97610027814318.mockFlowFile,24B]; routing to relationship simple
[pool-3777-thread-1] INFO org.apache.nifi.processors.standard.RouteText - RouteText[id=88577823-16f9-4de2-ba04-780edacb1bd8] Routing FlowFile[2910,97610027814318.mockFlowFile,24B] to original
[main] DEBUG org.apache.nifi.processors.standard.RouteText - RouteText[id=88577823-16f9-4de2-ba04-780edacb1bd8] Adding new dynamic property: PropertyDescriptor[simple]
[pool-3778-thread-1] INFO org.apache.nifi.processors.standard.RouteText - RouteText[id=88577823-16f9-4de2-ba04-780edacb1bd8] Created FlowFile[2913,97610028218852.mockFlowFile,24B] from FlowFile[2912,97610028218852.mockFlowFile,24B]; routing to relationship simple
[pool-3778-thread-1] INFO org.apache.nifi.processors.standard.RouteText - RouteText[id=88577823-16f9-4de2-ba04-780edacb1bd8] Routing FlowFile[2912,97610028218852.mockFlowFile,24B] to original
[main] DEBUG org.apache.nifi.processors.standard.RouteText - RouteText[id=88577823-16f9-4de2-ba04-780edacb1bd8] Adding new dynamic property: PropertyDescriptor[simple]
[pool-3779-thread-1] INFO org.apache.nifi.processors.standard.RouteText - RouteText[id=88577823-16f9-4de2-ba04-780edacb1bd8] Created FlowFile[2915,97610028661130.mockFlowFile,24B] from FlowFile[2914,97610028661130.mockFlowFile,24B]; routing to relationship simple
[pool-3779-thread-1] INFO org.apache.nifi.processors.standard.RouteText - RouteText[id=88577823-16f9-4de2-ba04-780edacb1bd8] Routing FlowFile[2914,97610028661130.mockFlowFile,24B] to original
[main] DEBUG org.apache.nifi.processors.standard.RouteText - RouteText[id=88577823-16f9-4de2-ba04-780edacb1bd8] Adding new dynamic property: PropertyDescriptor[simple]
[pool-3780-thread-1] INFO org.apache.nifi.processors.standard.RouteText - RouteText[id=88577823-16f9-4de2-ba04-780edacb1bd8] Created FlowFile[2917,97610029097894.mockFlowFile,24B] from FlowFile[2916,97610029097894.mockFlowFile,24B]; routing to relationship simple
[pool-3780-thread-1] INFO org.apache.nifi.processors.standard.RouteText - RouteText[id=88577823-16f9-4de2-ba04-780edacb1bd8] Routing FlowFile[2916,97610029097894.mockFlowFile,24B] to original
[main] DEBUG org.apache.nifi.processors.standard.RouteText - RouteText[id=88577823-16f9-4de2-ba04-780edacb1bd8] Adding new dynamic property: PropertyDescriptor[simple]
[pool-3781-thread-1] INFO org.apache.nifi.processors.standard.RouteText - RouteText[id=88577823-16f9-4de2-ba04-780edacb1bd8] Created FlowFile[2919,97610029559543.mockFlowFile,24B] from FlowFile[2918,97610029559543.mockFlowFile,24B]; routing to relationship simple
[pool-3781-thread-1] INFO org.apache.nifi.processors.standard.RouteText - RouteText[id=88577823-16f9-4de2-ba04-780edacb1bd8] Routing FlowFile[2918,97610029559543.mockFlowFile,24B] to original
[main] DEBUG org.apache.nifi.processors.standard.RouteText - RouteText[id=88577823-16f9-4de2-ba04-780edacb1bd8] Adding new dynamic property: PropertyDescriptor[simple]
[pool-3782-thread-1] INFO org.apache.nifi.processors.standard.RouteText - RouteText[id=88577823-16f9-4de2-ba04-780edacb1bd8] Created FlowFile[2921,97610030058253.mockFlowFile,24B] from FlowFile[2920,97610030058253.mockFlowFile,24B]; routing to relationship simple
[pool-3782-thread-1] INFO org.apache.nifi.processors.standard.RouteText - RouteText[id=88577823-16f9-4de2-ba04-780edacb1bd8] Routing FlowFile[2920,97610030058253.mockFlowFile,24B] to original
[main] DEBUG org.apache.nifi.processors.standard.RouteText - RouteText[id=88577823-16f9-4de2-ba04-780edacb1bd8] Adding new dynamic property: PropertyDescriptor[simple]
[pool-3783-thread-1] INFO org.apache.nifi.processors.standard.RouteText - RouteText[id=88577823-16f9-4de2-ba04-780edacb1bd8] Created FlowFile[2923,97610030541205.mockFlowFile,24B] from FlowFile[2922,97610030541205.mockFlowFile,24B]; routing to relationship simple
[pool-3783-thread-1] INFO org.apache.nifi.processors.standard.RouteText - RouteText[id=88577823-16f9-4de2-ba04-780edacb1bd8] Routing FlowFile[2922,97610030541205.mockFlowFile,24B] to original
[main] DEBUG org.apache.nifi.processors.standard.RouteText - RouteText[id=88577823-16f9-4de2-ba04-780edacb1bd8] Adding new dynamic property: PropertyDescriptor[simple]
[pool-3784-thread-1] INFO org.apache.nifi.processors.standard.RouteText - RouteText[id=88577823-16f9-4de2-ba04-780edacb1bd8] Created FlowFile[2925,97610031051166.mockFlowFile,24B] from FlowFile[2924,97610031051166.mockFlowFile,24B]; routing to relationship simple
[pool-3784-thread-1] INFO org.apache.nifi.processors.standard.RouteText - RouteText[id=88577823-16f9-4de2-ba04-780edacb1bd8] Routing FlowFile[2924,97610031051166.mockFlowFile,24B] to original
[main] DEBUG org.apache.nifi.processors.standard.RouteText - RouteText[id=88577823-16f9-4de2-ba04-780edacb1bd8] Adding new dynamic property: PropertyDescriptor[simple]
[pool-3785-thread-1] INFO org.apache.nifi.processors.standard.RouteText - RouteText[id=88577823-16f9-4de2-ba04-780edacb1bd8] Created FlowFile[2927,97610031501547.mockFlowFile,24B] from FlowFile[2926,97610031501547.mockFlowFile,24B]; routing to relationship simple
[pool-3785-thread-1] INFO org.apache.nifi.processors.standard.RouteText - RouteText[id=88577823-16f9-4de2-ba04-780edacb1bd8] Routing FlowFile[2926,97610031501547.mockFlowFile,24B] to original
[main] DEBUG org.apache.nifi.processors.standard.RouteText - RouteText[id=88577823-16f9-4de2-ba04-780edacb1bd8] Adding new dynamic property: PropertyDescriptor[simple]
[pool-3786-thread-1] INFO org.apache.nifi.processors.standard.RouteText - RouteText[id=88577823-16f9-4de2-ba04-780edacb1bd8] Created FlowFile[2929,97610031981458.mockFlowFile,24B] from FlowFile[2928,97610031981458.mockFlowFile,24B]; routing to relationship simple
[pool-3786-thread-1] INFO org.apache.nifi.processors.standard.RouteText - RouteText[id=88577823-16f9-4de2-ba04-780edacb1bd8] Routing FlowFile[2928,97610031981458.mockFlowFile,24B] to original
[main] DEBUG org.apache.nifi.processors.standard.RouteText - RouteText[id=88577823-16f9-4de2-ba04-780edacb1bd8] Adding new dynamic property: PropertyDescriptor[simple]
[pool-3787-thread-1] INFO org.apache.nifi.processors.standard.RouteText - RouteText[id=88577823-16f9-4de2-ba04-780edacb1bd8] Created FlowFile[2931,97610032463634.mockFlowFile,24B] from FlowFile[2930,97610032463634.mockFlowFile,24B]; routing to relationship simple
[pool-3787-thread-1] INFO org.apache.nifi.processors.standard.RouteText - RouteText[id=88577823-16f9-4de2-ba04-780edacb1bd8] Routing FlowFile[2930,97610032463634.mockFlowFile,24B] to original
[main] DEBUG org.apache.nifi.processors.standard.RouteText - RouteText[id=88577823-16f9-4de2-ba04-780edacb1bd8] Adding new dynamic property: PropertyDescriptor[simple]
[pool-3788-thread-1] INFO org.apache.nifi.processors.standard.RouteText - RouteText[id=88577823-16f9-4de2-ba04-780edacb1bd8] Created FlowFile[2933,97610032947436.mockFlowFile,24B] from FlowFile[2932,97610032947436.mockFlowFile,24B]; routing to relationship simple
[pool-3788-thread-1] INFO org.apache.nifi.processors.standard.RouteText - RouteText[id=88577823-16f9-4de2-ba04-780edacb1bd8] Routing FlowFile[2932,97610032947436.mockFlowFile,24B] to original
[main] DEBUG org.apache.nifi.processors.standard.RouteText - RouteText[id=88577823-16f9-4de2-ba04-780edacb1bd8] Adding new dynamic property: PropertyDescriptor[simple]
[pool-3789-thread-1] INFO org.apache.nifi.processors.standard.RouteText - RouteText[id=88577823-16f9-4de2-ba04-780edacb1bd8] Created FlowFile[2935,97610033376608.mockFlowFile,24B] from FlowFile[2934,97610033376608.mockFlowFile,24B]; routing to relationship simple
[pool-3789-thread-1] INFO org.apache.nifi.processors.standard.RouteText - RouteText[id=88577823-16f9-4de2-ba04-780edacb1bd8] Routing FlowFile[2934,97610033376608.mockFlowFile,24B] to original
[main] DEBUG org.apache.nifi.processors.standard.RouteText - RouteText[id=88577823-16f9-4de2-ba04-780edacb1bd8] Adding new dynamic property: PropertyDescriptor[simple]
[pool-3790-thread-1] INFO org.apache.nifi.processors.standard.RouteText - RouteText[id=88577823-16f9-4de2-ba04-780edacb1bd8] Created FlowFile[2937,97610036185222.mockFlowFile,24B] from FlowFile[2936,97610036185222.mockFlowFile,24B]; routing to relationship simple
[pool-3790-thread-1] INFO org.apache.nifi.processors.standard.RouteText - RouteText[id=88577823-16f9-4de2-ba04-780edacb1bd8] Routing FlowFile[2936,97610036185222.mockFlowFile,24B] to original
[main] DEBUG org.apache.nifi.processors.standard.RouteText - RouteText[id=88577823-16f9-4de2-ba04-780edacb1bd8] Adding new dynamic property: PropertyDescriptor[simple]
[pool-3791-thread-1] INFO org.apache.nifi.processors.standard.RouteText - RouteText[id=88577823-16f9-4de2-ba04-780edacb1bd8] Created FlowFile[2939,97610036903790.mockFlowFile,24B] from FlowFile[2938,97610036903790.mockFlowFile,24B]; routing to relationship simple
[pool-3791-thread-1] INFO org.apache.nifi.processors.standard.RouteText - RouteText[id=88577823-16f9-4de2-ba04-780edacb1bd8] Routing FlowFile[2938,97610036903790.mockFlowFile,24B] to original
[main] DEBUG org.apache.nifi.processors.standard.RouteText - RouteText[id=88577823-16f9-4de2-ba04-780edacb1bd8] Adding new dynamic property: PropertyDescriptor[simple]
[pool-3792-thread-1] INFO org.apache.nifi.processors.standard.RouteText - RouteText[id=88577823-16f9-4de2-ba04-780edacb1bd8] Created FlowFile[2941,97610037474085.mockFlowFile,24B] from FlowFile[2940,97610037474085.mockFlowFile,24B]; routing to relationship simple
[pool-3792-thread-1] INFO org.apache.nifi.processors.standard.RouteText - RouteText[id=88577823-16f9-4de2-ba04-780edacb1bd8] Routing FlowFile[2940,97610037474085.mockFlowFile,24B] to original
[main] DEBUG org.apache.nifi.processors.standard.RouteText - RouteText[id=88577823-16f9-4de2-ba04-780edacb1bd8] Adding new dynamic property: PropertyDescriptor[simple]
[pool-3793-thread-1] INFO org.apache.nifi.processors.standard.RouteText - RouteText[id=88577823-16f9-4de2-ba04-780edacb1bd8] Created FlowFile[2943,97610037984192.mockFlowFile,24B] from FlowFile[2942,97610037984192.mockFlowFile,24B]; routing to relationship simple
[pool-3793-thread-1] INFO org.apache.nifi.processors.standard.RouteText - RouteText[id=88577823-16f9-4de2-ba04-780edacb1bd8] Routing FlowFile[2942,97610037984192.mockFlowFile,24B] to original
[main] DEBUG org.apache.nifi.processors.standard.RouteText - RouteText[id=88577823-16f9-4de2-ba04-780edacb1bd8] Adding new dynamic property: PropertyDescriptor[simple]
[pool-3794-thread-1] INFO org.apache.nifi.processors.standard.RouteText - RouteText[id=88577823-16f9-4de2-ba04-780edacb1bd8] Created FlowFile[2945,97610038465522.mockFlowFile,24B] from FlowFile[2944,97610038465522.mockFlowFile,24B]; routing to relationship simple
[pool-3794-thread-1] INFO org.apache.nifi.processors.standard.RouteText - RouteText[id=88577823-16f9-4de2-ba04-780edacb1bd8] Routing FlowFile[2944,97610038465522.mockFlowFile,24B] to original
[main] DEBUG org.apache.nifi.processors.standard.RouteText - RouteText[id=88577823-16f9-4de2-ba04-780edacb1bd8] Adding new dynamic property: PropertyDescriptor[simple]
[pool-3795-thread-1] INFO org.apache.nifi.processors.standard.RouteText - RouteText[id=88577823-16f9-4de2-ba04-780edacb1bd8] Created FlowFile[2947,97610038953887.mockFlowFile,24B] from FlowFile[2946,97610038953887.mockFlowFile,24B]; routing to relationship simple
[pool-3795-thread-1] INFO org.apache.nifi.processors.standard.RouteText - RouteText[id=88577823-16f9-4de2-ba04-780edacb1bd8] Routing FlowFile[2946,97610038953887.mockFlowFile,24B] to original
[main] DEBUG org.apache.nifi.processors.standard.RouteText - RouteText[id=88577823-16f9-4de2-ba04-780edacb1bd8] Adding new dynamic property: PropertyDescriptor[simple]
[pool-3796-thread-1] INFO org.apache.nifi.processors.standard.RouteText - RouteText[id=88577823-16f9-4de2-ba04-780edacb1bd8] Created FlowFile[2949,97610039432611.mockFlowFile,24B] from FlowFile[2948,97610039432611.mockFlowFile,24B]; routing to relationship simple
[pool-3796-thread-1] INFO org.apache.nifi.processors.standard.RouteText - RouteText[id=88577823-16f9-4de2-ba04-780edacb1bd8] Routing FlowFile[2948,97610039432611.mockFlowFile,24B] to original
[main] DEBUG org.apache.nifi.processors.standard.RouteText - RouteText[id=88577823-16f9-4de2-ba04-780edacb1bd8] Adding new dynamic property: PropertyDescriptor[simple]
[pool-3797-thread-1] INFO org.apache.nifi.processors.standard.RouteText - RouteText[id=88577823-16f9-4de2-ba04-780edacb1bd8] Created FlowFile[2951,97610039865568.mockFlowFile,24B] from FlowFile[2950,97610039865568.mockFlowFile,24B]; routing to relationship simple
[pool-3797-thread-1] INFO org.apache.nifi.processors.standard.RouteText - RouteText[id=88577823-16f9-4de2-ba04-780edacb1bd8] Routing FlowFile[2950,97610039865568.mockFlowFile,24B] to original
[main] DEBUG org.apache.nifi.processors.standard.RouteText - RouteText[id=88577823-16f9-4de2-ba04-780edacb1bd8] Adding new dynamic property: PropertyDescriptor[simple]
[pool-3798-thread-1] INFO org.apache.nifi.processors.standard.RouteText - RouteText[id=88577823-16f9-4de2-ba04-780edacb1bd8] Created FlowFile[2953,97610040349168.mockFlowFile,24B] from FlowFile[2952,97610040349168.mockFlowFile,24B]; routing to relationship simple
[pool-3798-thread-1] INFO org.apache.nifi.processors.standard.RouteText - RouteText[id=88577823-16f9-4de2-ba04-780edacb1bd8] Routing FlowFile[2952,97610040349168.mockFlowFile,24B] to original
[main] DEBUG org.apache.nifi.processors.standard.RouteText - RouteText[id=88577823-16f9-4de2-ba04-780edacb1bd8] Adding new dynamic property: PropertyDescriptor[simple]
[pool-3799-thread-1] INFO org.apache.nifi.processors.standard.RouteText - RouteText[id=88577823-16f9-4de2-ba04-780edacb1bd8] Created FlowFile[2955,97610040846659.mockFlowFile,24B] from FlowFile[2954,97610040846659.mockFlowFile,24B]; routing to relationship simple
[pool-3799-thread-1] INFO org.apache.nifi.processors.standard.RouteText - RouteText[id=88577823-16f9-4de2-ba04-780edacb1bd8] Routing FlowFile[2954,97610040846659.mockFlowFile,24B] to original
[main] DEBUG org.apache.nifi.processors.standard.RouteText - RouteText[id=88577823-16f9-4de2-ba04-780edacb1bd8] Adding new dynamic property: PropertyDescriptor[simple]
[pool-3800-thread-1] INFO org.apache.nifi.processors.standard.RouteText - RouteText[id=88577823-16f9-4de2-ba04-780edacb1bd8] Created FlowFile[2957,97610041358304.mockFlowFile,24B] from FlowFile[2956,97610041358304.mockFlowFile,24B]; routing to relationship simple
[pool-3800-thread-1] INFO org.apache.nifi.processors.standard.RouteText - RouteText[id=88577823-16f9-4de2-ba04-780edacb1bd8] Routing FlowFile[2956,97610041358304.mockFlowFile,24B] to original
[main] DEBUG org.apache.nifi.processors.standard.RouteText - RouteText[id=88577823-16f9-4de2-ba04-780edacb1bd8] Adding new dynamic property: PropertyDescriptor[simple]
[pool-3801-thread-1] INFO org.apache.nifi.processors.standard.RouteText - RouteText[id=88577823-16f9-4de2-ba04-780edacb1bd8] Created FlowFile[2959,97610041835205.mockFlowFile,24B] from FlowFile[2958,97610041835205.mockFlowFile,24B]; routing to relationship simple
[pool-3801-thread-1] INFO org.apache.nifi.processors.standard.RouteText - RouteText[id=88577823-16f9-4de2-ba04-780edacb1bd8] Routing FlowFile[2958,97610041835205.mockFlowFile,24B] to original
[main] DEBUG org.apache.nifi.processors.standard.RouteText - RouteText[id=88577823-16f9-4de2-ba04-780edacb1bd8] Adding new dynamic property: PropertyDescriptor[simple]
[pool-3802-thread-1] INFO org.apache.nifi.processors.standard.RouteText - RouteText[id=88577823-16f9-4de2-ba04-780edacb1bd8] Created FlowFile[2961,97610042305137.mockFlowFile,24B] from FlowFile[2960,97610042305137.mockFlowFile,24B]; routing to relationship simple
[pool-3802-thread-1] INFO org.apache.nifi.processors.standard.RouteText - RouteText[id=88577823-16f9-4de2-ba04-780edacb1bd8] Routing FlowFile[2960,97610042305137.mockFlowFile,24B] to original
[main] DEBUG org.apache.nifi.processors.standard.RouteText - RouteText[id=88577823-16f9-4de2-ba04-780edacb1bd8] Adding new dynamic property: PropertyDescriptor[simple]
[pool-3803-thread-1] INFO org.apache.nifi.processors.standard.RouteText - RouteText[id=88577823-16f9-4de2-ba04-780edacb1bd8] Created FlowFile[2963,97610042751686.mockFlowFile,24B] from FlowFile[2962,97610042751686.mockFlowFile,24B]; routing to relationship simple
[pool-3803-thread-1] INFO org.apache.nifi.processors.standard.RouteText - RouteText[id=88577823-16f9-4de2-ba04-780edacb1bd8] Routing FlowFile[2962,97610042751686.mockFlowFile,24B] to original
[main] DEBUG org.apache.nifi.processors.standard.RouteText - RouteText[id=88577823-16f9-4de2-ba04-780edacb1bd8] Adding new dynamic property: PropertyDescriptor[simple]
[pool-3804-thread-1] INFO org.apache.nifi.processors.standard.RouteText - RouteText[id=88577823-16f9-4de2-ba04-780edacb1bd8] Created FlowFile[2965,97610043220415.mockFlowFile,24B] from FlowFile[2964,97610043220415.mockFlowFile,24B]; routing to relationship simple
[pool-3804-thread-1] INFO org.apache.nifi.processors.standard.RouteText - RouteText[id=88577823-16f9-4de2-ba04-780edacb1bd8] Routing FlowFile[2964,97610043220415.mockFlowFile,24B] to original
[main] DEBUG org.apache.nifi.processors.standard.RouteText - RouteText[id=88577823-16f9-4de2-ba04-780edacb1bd8] Adding new dynamic property: PropertyDescriptor[simple]
[pool-3805-thread-1] INFO org.apache.nifi.processors.standard.RouteText - RouteText[id=88577823-16f9-4de2-ba04-780edacb1bd8] Created FlowFile[2967,97610043704645.mockFlowFile,24B] from FlowFile[2966,97610043704645.mockFlowFile,24B]; routing to relationship simple
[pool-3805-thread-1] INFO org.apache.nifi.processors.standard.RouteText - RouteText[id=88577823-16f9-4de2-ba04-780edacb1bd8] Routing FlowFile[2966,97610043704645.mockFlowFile,24B] to original
[main] DEBUG org.apache.nifi.processors.standard.RouteText - RouteText[id=88577823-16f9-4de2-ba04-780edacb1bd8] Adding new dynamic property: PropertyDescriptor[simple]
[pool-3806-thread-1] INFO org.apache.nifi.processors.standard.RouteText - RouteText[id=88577823-16f9-4de2-ba04-780edacb1bd8] Created FlowFile[2969,97610044162853.mockFlowFile,24B] from FlowFile[2968,97610044162853.mockFlowFile,24B]; routing to relationship simple
[pool-3806-thread-1] INFO org.apache.nifi.processors.standard.RouteText - RouteText[id=88577823-16f9-4de2-ba04-780edacb1bd8] Routing FlowFile[2968,97610044162853.mockFlowFile,24B] to original
[main] DEBUG org.apache.nifi.processors.standard.RouteText - RouteText[id=88577823-16f9-4de2-ba04-780edacb1bd8] Adding new dynamic property: PropertyDescriptor[simple]
[pool-3807-thread-1] INFO org.apache.nifi.processors.standard.RouteText - RouteText[id=88577823-16f9-4de2-ba04-780edacb1bd8] Created FlowFile[2971,97610044630926.mockFlowFile,24B] from FlowFile[2970,97610044630926.mockFlowFile,24B]; routing to relationship simple
[pool-3807-thread-1] INFO org.apache.nifi.processors.standard.RouteText - RouteText[id=88577823-16f9-4de2-ba04-780edacb1bd8] Routing FlowFile[2970,97610044630926.mockFlowFile,24B] to original
[main] DEBUG org.apache.nifi.processors.standard.RouteText - RouteText[id=88577823-16f9-4de2-ba04-780edacb1bd8] Adding new dynamic property: PropertyDescriptor[simple]
[pool-3808-thread-1] INFO org.apache.nifi.processors.standard.RouteText - RouteText[id=88577823-16f9-4de2-ba04-780edacb1bd8] Created FlowFile[2973,97610045097980.mockFlowFile,24B] from FlowFile[2972,97610045097980.mockFlowFile,24B]; routing to relationship simple
[pool-3808-thread-1] INFO org.apache.nifi.processors.standard.RouteText - RouteText[id=88577823-16f9-4de2-ba04-780edacb1bd8] Routing FlowFile[2972,97610045097980.mockFlowFile,24B] to original
[main] DEBUG org.apache.nifi.processors.standard.RouteText - RouteText[id=88577823-16f9-4de2-ba04-780edacb1bd8] Adding new dynamic property: PropertyDescriptor[simple]
[pool-3809-thread-1] INFO org.apache.nifi.processors.standard.RouteText - RouteText[id=88577823-16f9-4de2-ba04-780edacb1bd8] Created FlowFile[2975,97610045545655.mockFlowFile,24B] from FlowFile[2974,97610045545655.mockFlowFile,24B]; routing to relationship simple
[pool-3809-thread-1] INFO org.apache.nifi.processors.standard.RouteText - RouteText[id=88577823-16f9-4de2-ba04-780edacb1bd8] Routing FlowFile[2974,97610045545655.mockFlowFile,24B] to original
[main] DEBUG org.apache.nifi.processors.standard.RouteText - RouteText[id=88577823-16f9-4de2-ba04-780edacb1bd8] Adding new dynamic property: PropertyDescriptor[simple]
[pool-3810-thread-1] INFO org.apache.nifi.processors.standard.RouteText - RouteText[id=88577823-16f9-4de2-ba04-780edacb1bd8] Created FlowFile[2977,97610046101674.mockFlowFile,24B] from FlowFile[2976,97610046101674.mockFlowFile,24B]; routing to relationship simple
[pool-3810-thread-1] INFO org.apache.nifi.processors.standard.RouteText - RouteText[id=88577823-16f9-4de2-ba04-780edacb1bd8] Routing FlowFile[2976,97610046101674.mockFlowFile,24B] to original
[main] DEBUG org.apache.nifi.processors.standard.RouteText - RouteText[id=88577823-16f9-4de2-ba04-780edacb1bd8] Adding new dynamic property: PropertyDescriptor[simple]
[pool-3811-thread-1] INFO org.apache.nifi.processors.standard.RouteText - RouteText[id=88577823-16f9-4de2-ba04-780edacb1bd8] Created FlowFile[2979,97610046580527.mockFlowFile,24B] from FlowFile[2978,97610046580527.mockFlowFile,24B]; routing to relationship simple
[pool-3811-thread-1] INFO org.apache.nifi.processors.standard.RouteText - RouteText[id=88577823-16f9-4de2-ba04-780edacb1bd8] Routing FlowFile[2978,97610046580527.mockFlowFile,24B] to original
[main] DEBUG org.apache.nifi.processors.standard.RouteText - RouteText[id=88577823-16f9-4de2-ba04-780edacb1bd8] Adding new dynamic property: PropertyDescriptor[simple]
[pool-3812-thread-1] INFO org.apache.nifi.processors.standard.RouteText - RouteText[id=88577823-16f9-4de2-ba04-780edacb1bd8] Created FlowFile[2981,97610047096344.mockFlowFile,24B] from FlowFile[2980,97610047096344.mockFlowFile,24B]; routing to relationship simple
[pool-3812-thread-1] INFO org.apache.nifi.processors.standard.RouteText - RouteText[id=88577823-16f9-4de2-ba04-780edacb1bd8] Routing FlowFile[2980,97610047096344.mockFlowFile,24B] to original
[main] DEBUG org.apache.nifi.processors.standard.RouteText - RouteText[id=88577823-16f9-4de2-ba04-780edacb1bd8] Adding new dynamic property: PropertyDescriptor[simple]
[pool-3813-thread-1] INFO org.apache.nifi.processors.standard.RouteText - RouteText[id=88577823-16f9-4de2-ba04-780edacb1bd8] Created FlowFile[2983,97610047634207.mockFlowFile,24B] from FlowFile[2982,97610047634207.mockFlowFile,24B]; routing to relationship simple
[pool-3813-thread-1] INFO org.apache.nifi.processors.standard.RouteText - RouteText[id=88577823-16f9-4de2-ba04-780edacb1bd8] Routing FlowFile[2982,97610047634207.mockFlowFile,24B] to original
[main] DEBUG org.apache.nifi.processors.standard.RouteText - RouteText[id=88577823-16f9-4de2-ba04-780edacb1bd8] Adding new dynamic property: PropertyDescriptor[simple]
[pool-3814-thread-1] INFO org.apache.nifi.processors.standard.RouteText - RouteText[id=88577823-16f9-4de2-ba04-780edacb1bd8] Created FlowFile[2985,97610048164216.mockFlowFile,24B] from FlowFile[2984,97610048164216.mockFlowFile,24B]; routing to relationship simple
[pool-3814-thread-1] INFO org.apache.nifi.processors.standard.RouteText - RouteText[id=88577823-16f9-4de2-ba04-780edacb1bd8] Routing FlowFile[2984,97610048164216.mockFlowFile,24B] to original
[main] DEBUG org.apache.nifi.processors.standard.RouteText - RouteText[id=88577823-16f9-4de2-ba04-780edacb1bd8] Adding new dynamic property: PropertyDescriptor[simple]
[pool-3815-thread-1] INFO org.apache.nifi.processors.standard.RouteText - RouteText[id=88577823-16f9-4de2-ba04-780edacb1bd8] Created FlowFile[2987,97610048674871.mockFlowFile,24B] from FlowFile[2986,97610048674871.mockFlowFile,24B]; routing to relationship simple
[pool-3815-thread-1] INFO org.apache.nifi.processors.standard.RouteText - RouteText[id=88577823-16f9-4de2-ba04-780edacb1bd8] Routing FlowFile[2986,97610048674871.mockFlowFile,24B] to original
[main] DEBUG org.apache.nifi.processors.standard.RouteText - RouteText[id=88577823-16f9-4de2-ba04-780edacb1bd8] Adding new dynamic property: PropertyDescriptor[simple]
[pool-3816-thread-1] INFO org.apache.nifi.processors.standard.RouteText - RouteText[id=88577823-16f9-4de2-ba04-780edacb1bd8] Created FlowFile[2989,97610049287416.mockFlowFile,24B] from FlowFile[2988,97610049287416.mockFlowFile,24B]; routing to relationship simple
[pool-3816-thread-1] INFO org.apache.nifi.processors.standard.RouteText - RouteText[id=88577823-16f9-4de2-ba04-780edacb1bd8] Routing FlowFile[2988,97610049287416.mockFlowFile,24B] to original
[main] DEBUG org.apache.nifi.processors.standard.RouteText - RouteText[id=88577823-16f9-4de2-ba04-780edacb1bd8] Adding new dynamic property: PropertyDescriptor[simple]
[pool-3817-thread-1] INFO org.apache.nifi.processors.standard.RouteText - RouteText[id=88577823-16f9-4de2-ba04-780edacb1bd8] Created FlowFile[2991,97610049841063.mockFlowFile,24B] from FlowFile[2990,97610049841063.mockFlowFile,24B]; routing to relationship simple
[pool-3817-thread-1] INFO org.apache.nifi.processors.standard.RouteText - RouteText[id=88577823-16f9-4de2-ba04-780edacb1bd8] Routing FlowFile[2990,97610049841063.mockFlowFile,24B] to original
[main] DEBUG org.apache.nifi.processors.standard.RouteText - RouteText[id=88577823-16f9-4de2-ba04-780edacb1bd8] Adding new dynamic property: PropertyDescriptor[simple]
[pool-3818-thread-1] INFO org.apache.nifi.processors.standard.RouteText - RouteText[id=88577823-16f9-4de2-ba04-780edacb1bd8] Created FlowFile[2993,97610050376869.mockFlowFile,24B] from FlowFile[2992,97610050376869.mockFlowFile,24B]; routing to relationship simple
[pool-3818-thread-1] INFO org.apache.nifi.processors.standard.RouteText - RouteText[id=88577823-16f9-4de2-ba04-780edacb1bd8] Routing FlowFile[2992,97610050376869.mockFlowFile,24B] to original
[main] DEBUG org.apache.nifi.processors.standard.RouteText - RouteText[id=88577823-16f9-4de2-ba04-780edacb1bd8] Adding new dynamic property: PropertyDescriptor[simple]
[pool-3819-thread-1] INFO org.apache.nifi.processors.standard.RouteText - RouteText[id=88577823-16f9-4de2-ba04-780edacb1bd8] Created FlowFile[2995,97610050858582.mockFlowFile,24B] from FlowFile[2994,97610050858582.mockFlowFile,24B]; routing to relationship simple
[pool-3819-thread-1] INFO org.apache.nifi.processors.standard.RouteText - RouteText[id=88577823-16f9-4de2-ba04-780edacb1bd8] Routing FlowFile[2994,97610050858582.mockFlowFile,24B] to original
[main] DEBUG org.apache.nifi.processors.standard.RouteText - RouteText[id=88577823-16f9-4de2-ba04-780edacb1bd8] Adding new dynamic property: PropertyDescriptor[simple]
[pool-3820-thread-1] INFO org.apache.nifi.processors.standard.RouteText - RouteText[id=88577823-16f9-4de2-ba04-780edacb1bd8] Created FlowFile[2997,97610051378126.mockFlowFile,24B] from FlowFile[2996,97610051378126.mockFlowFile,24B]; routing to relationship simple
[pool-3820-thread-1] INFO org.apache.nifi.processors.standard.RouteText - RouteText[id=88577823-16f9-4de2-ba04-780edacb1bd8] Routing FlowFile[2996,97610051378126.mockFlowFile,24B] to original
[main] DEBUG org.apache.nifi.processors.standard.RouteText - RouteText[id=88577823-16f9-4de2-ba04-780edacb1bd8] Adding new dynamic property: PropertyDescriptor[simple]
[pool-3821-thread-1] INFO org.apache.nifi.processors.standard.RouteText - RouteText[id=88577823-16f9-4de2-ba04-780edacb1bd8] Created FlowFile[2999,97610051882892.mockFlowFile,24B] from FlowFile[2998,97610051882892.mockFlowFile,24B]; routing to relationship simple
[pool-3821-thread-1] INFO org.apache.nifi.processors.standard.RouteText - RouteText[id=88577823-16f9-4de2-ba04-780edacb1bd8] Routing FlowFile[2998,97610051882892.mockFlowFile,24B] to original
[main] DEBUG org.apache.nifi.processors.standard.RouteText - RouteText[id=88577823-16f9-4de2-ba04-780edacb1bd8] Adding new dynamic property: PropertyDescriptor[simple]
[pool-3822-thread-1] INFO org.apache.nifi.processors.standard.RouteText - RouteText[id=88577823-16f9-4de2-ba04-780edacb1bd8] Created FlowFile[3001,97610052353835.mockFlowFile,24B] from FlowFile[3000,97610052353835.mockFlowFile,24B]; routing to relationship simple
[pool-3822-thread-1] INFO org.apache.nifi.processors.standard.RouteText - RouteText[id=88577823-16f9-4de2-ba04-780edacb1bd8] Routing FlowFile[3000,97610052353835.mockFlowFile,24B] to original
[main] DEBUG org.apache.nifi.processors.standard.RouteText - RouteText[id=88577823-16f9-4de2-ba04-780edacb1bd8] Adding new dynamic property: PropertyDescriptor[simple]
[pool-3823-thread-1] INFO org.apache.nifi.processors.standard.RouteText - RouteText[id=88577823-16f9-4de2-ba04-780edacb1bd8] Created FlowFile[3003,97610052873775.mockFlowFile,24B] from FlowFile[3002,97610052873775.mockFlowFile,24B]; routing to relationship simple
[pool-3823-thread-1] INFO org.apache.nifi.processors.standard.RouteText - RouteText[id=88577823-16f9-4de2-ba04-780edacb1bd8] Routing FlowFile[3002,97610052873775.mockFlowFile,24B] to original
[main] DEBUG org.apache.nifi.processors.standard.RouteText - RouteText[id=88577823-16f9-4de2-ba04-780edacb1bd8] Adding new dynamic property: PropertyDescriptor[simple]
[pool-3824-thread-1] INFO org.apache.nifi.processors.standard.RouteText - RouteText[id=88577823-16f9-4de2-ba04-780edacb1bd8] Created FlowFile[3005,97610053346445.mockFlowFile,24B] from FlowFile[3004,97610053346445.mockFlowFile,24B]; routing to relationship simple
[pool-3824-thread-1] INFO org.apache.nifi.processors.standard.RouteText - RouteText[id=88577823-16f9-4de2-ba04-780edacb1bd8] Routing FlowFile[3004,97610053346445.mockFlowFile,24B] to original
[main] DEBUG org.apache.nifi.processors.standard.RouteText - RouteText[id=88577823-16f9-4de2-ba04-780edacb1bd8] Adding new dynamic property: PropertyDescriptor[simple]
[pool-3825-thread-1] INFO org.apache.nifi.processors.standard.RouteText - RouteText[id=88577823-16f9-4de2-ba04-780edacb1bd8] Created FlowFile[3007,97610053802287.mockFlowFile,24B] from FlowFile[3006,97610053802287.mockFlowFile,24B]; routing to relationship simple
[pool-3825-thread-1] INFO org.apache.nifi.processors.standard.RouteText - RouteText[id=88577823-16f9-4de2-ba04-780edacb1bd8] Routing FlowFile[3006,97610053802287.mockFlowFile,24B] to original
[main] DEBUG org.apache.nifi.processors.standard.RouteText - RouteText[id=88577823-16f9-4de2-ba04-780edacb1bd8] Adding new dynamic property: PropertyDescriptor[simple]
[pool-3826-thread-1] INFO org.apache.nifi.processors.standard.RouteText - RouteText[id=88577823-16f9-4de2-ba04-780edacb1bd8] Created FlowFile[3009,97610054214242.mockFlowFile,24B] from FlowFile[3008,97610054214242.mockFlowFile,24B]; routing to relationship simple
[pool-3826-thread-1] INFO org.apache.nifi.processors.standard.RouteText - RouteText[id=88577823-16f9-4de2-ba04-780edacb1bd8] Routing FlowFile[3008,97610054214242.mockFlowFile,24B] to original
[main] DEBUG org.apache.nifi.processors.standard.RouteText - RouteText[id=88577823-16f9-4de2-ba04-780edacb1bd8] Adding new dynamic property: PropertyDescriptor[simple]
[pool-3827-thread-1] INFO org.apache.nifi.processors.standard.RouteText - RouteText[id=88577823-16f9-4de2-ba04-780edacb1bd8] Created FlowFile[3011,97610054567374.mockFlowFile,24B] from FlowFile[3010,97610054567374.mockFlowFile,24B]; routing to relationship simple
[pool-3827-thread-1] INFO org.apache.nifi.processors.standard.RouteText - RouteText[id=88577823-16f9-4de2-ba04-780edacb1bd8] Routing FlowFile[3010,97610054567374.mockFlowFile,24B] to original
[main] DEBUG org.apache.nifi.processors.standard.RouteText - RouteText[id=88577823-16f9-4de2-ba04-780edacb1bd8] Adding new dynamic property: PropertyDescriptor[simple]
[pool-3828-thread-1] INFO org.apache.nifi.processors.standard.RouteText - RouteText[id=88577823-16f9-4de2-ba04-780edacb1bd8] Created FlowFile[3013,97610054960198.mockFlowFile,24B] from FlowFile[3012,97610054960198.mockFlowFile,24B]; routing to relationship simple
[pool-3828-thread-1] INFO org.apache.nifi.processors.standard.RouteText - RouteText[id=88577823-16f9-4de2-ba04-780edacb1bd8] Routing FlowFile[3012,97610054960198.mockFlowFile,24B] to original
[main] DEBUG org.apache.nifi.processors.standard.RouteText - RouteText[id=88577823-16f9-4de2-ba04-780edacb1bd8] Adding new dynamic property: PropertyDescriptor[simple]
[pool-3829-thread-1] INFO org.apache.nifi.processors.standard.RouteText - RouteText[id=88577823-16f9-4de2-ba04-780edacb1bd8] Created FlowFile[3015,97610055377577.mockFlowFile,24B] from FlowFile[3014,97610055377577.mockFlowFile,24B]; routing to relationship simple
[pool-3829-thread-1] INFO org.apache.nifi.processors.standard.RouteText - RouteText[id=88577823-16f9-4de2-ba04-780edacb1bd8] Routing FlowFile[3014,97610055377577.mockFlowFile,24B] to original
[main] DEBUG org.apache.nifi.processors.standard.RouteText - RouteText[id=88577823-16f9-4de2-ba04-780edacb1bd8] Adding new dynamic property: PropertyDescriptor[simple]
[pool-3830-thread-1] INFO org.apache.nifi.processors.standard.RouteText - RouteText[id=88577823-16f9-4de2-ba04-780edacb1bd8] Created FlowFile[3017,97610055844198.mockFlowFile,24B] from FlowFile[3016,97610055844198.mockFlowFile,24B]; routing to relationship simple
[pool-3830-thread-1] INFO org.apache.nifi.processors.standard.RouteText - RouteText[id=88577823-16f9-4de2-ba04-780edacb1bd8] Routing FlowFile[3016,97610055844198.mockFlowFile,24B] to original
[main] DEBUG org.apache.nifi.processors.standard.RouteText - RouteText[id=88577823-16f9-4de2-ba04-780edacb1bd8] Adding new dynamic property: PropertyDescriptor[simple]
[pool-3831-thread-1] INFO org.apache.nifi.processors.standard.RouteText - RouteText[id=88577823-16f9-4de2-ba04-780edacb1bd8] Created FlowFile[3019,97610056351017.mockFlowFile,24B] from FlowFile[3018,97610056351017.mockFlowFile,24B]; routing to relationship simple
[pool-3831-thread-1] INFO org.apache.nifi.processors.standard.RouteText - RouteText[id=88577823-16f9-4de2-ba04-780edacb1bd8] Routing FlowFile[3018,97610056351017.mockFlowFile,24B] to original
[main] DEBUG org.apache.nifi.processors.standard.RouteText - RouteText[id=88577823-16f9-4de2-ba04-780edacb1bd8] Adding new dynamic property: PropertyDescriptor[simple]
[pool-3832-thread-1] INFO org.apache.nifi.processors.standard.RouteText - RouteText[id=88577823-16f9-4de2-ba04-780edacb1bd8] Created FlowFile[3021,97610056813825.mockFlowFile,24B] from FlowFile[3020,97610056813825.mockFlowFile,24B]; routing to relationship simple
[pool-3832-thread-1] INFO org.apache.nifi.processors.standard.RouteText - RouteText[id=88577823-16f9-4de2-ba04-780edacb1bd8] Routing FlowFile[3020,97610056813825.mockFlowFile,24B] to original
[main] DEBUG org.apache.nifi.processors.standard.RouteText - RouteText[id=88577823-16f9-4de2-ba04-780edacb1bd8] Adding new dynamic property: PropertyDescriptor[simple]
[pool-3833-thread-1] INFO org.apache.nifi.processors.standard.RouteText - RouteText[id=88577823-16f9-4de2-ba04-780edacb1bd8] Created FlowFile[3023,97610057278811.mockFlowFile,24B] from FlowFile[3022,97610057278811.mockFlowFile,24B]; routing to relationship simple
[pool-3833-thread-1] INFO org.apache.nifi.processors.standard.RouteText - RouteText[id=88577823-16f9-4de2-ba04-780edacb1bd8] Routing FlowFile[3022,97610057278811.mockFlowFile,24B] to original
[main] DEBUG org.apache.nifi.processors.standard.RouteText - RouteText[id=88577823-16f9-4de2-ba04-780edacb1bd8] Adding new dynamic property: PropertyDescriptor[simple]
[pool-3834-thread-1] INFO org.apache.nifi.processors.standard.RouteText - RouteText[id=88577823-16f9-4de2-ba04-780edacb1bd8] Created FlowFile[3025,97610057737963.mockFlowFile,24B] from FlowFile[3024,97610057737963.mockFlowFile,24B]; routing to relationship simple
[pool-3834-thread-1] INFO org.apache.nifi.processors.standard.RouteText - RouteText[id=88577823-16f9-4de2-ba04-780edacb1bd8] Routing FlowFile[3024,97610057737963.mockFlowFile,24B] to original
[main] DEBUG org.apache.nifi.processors.standard.RouteText - RouteText[id=88577823-16f9-4de2-ba04-780edacb1bd8] Adding new dynamic property: PropertyDescriptor[simple]
[pool-3835-thread-1] INFO org.apache.nifi.processors.standard.RouteText - RouteText[id=88577823-16f9-4de2-ba04-780edacb1bd8] Created FlowFile[3027,97610058189353.mockFlowFile,24B] from FlowFile[3026,97610058189353.mockFlowFile,24B]; routing to relationship simple
[pool-3835-thread-1] INFO org.apache.nifi.processors.standard.RouteText - RouteText[id=88577823-16f9-4de2-ba04-780edacb1bd8] Routing FlowFile[3026,97610058189353.mockFlowFile,24B] to original
[main] DEBUG org.apache.nifi.processors.standard.RouteText - RouteText[id=88577823-16f9-4de2-ba04-780edacb1bd8] Adding new dynamic property: PropertyDescriptor[simple]
[pool-3836-thread-1] INFO org.apache.nifi.processors.standard.RouteText - RouteText[id=88577823-16f9-4de2-ba04-780edacb1bd8] Created FlowFile[3029,97610058628541.mockFlowFile,24B] from FlowFile[3028,97610058628541.mockFlowFile,24B]; routing to relationship simple
[pool-3836-thread-1] INFO org.apache.nifi.processors.standard.RouteText - RouteText[id=88577823-16f9-4de2-ba04-780edacb1bd8] Routing FlowFile[3028,97610058628541.mockFlowFile,24B] to original
[main] DEBUG org.apache.nifi.processors.standard.RouteText - RouteText[id=88577823-16f9-4de2-ba04-780edacb1bd8] Adding new dynamic property: PropertyDescriptor[simple]
[pool-3837-thread-1] INFO org.apache.nifi.processors.standard.RouteText - RouteText[id=88577823-16f9-4de2-ba04-780edacb1bd8] Created FlowFile[3031,97610059086404.mockFlowFile,24B] from FlowFile[3030,97610059086404.mockFlowFile,24B]; routing to relationship simple
[pool-3837-thread-1] INFO org.apache.nifi.processors.standard.RouteText - RouteText[id=88577823-16f9-4de2-ba04-780edacb1bd8] Routing FlowFile[3030,97610059086404.mockFlowFile,24B] to original
[main] DEBUG org.apache.nifi.processors.standard.RouteText - RouteText[id=88577823-16f9-4de2-ba04-780edacb1bd8] Adding new dynamic property: PropertyDescriptor[simple]
[pool-3838-thread-1] INFO org.apache.nifi.processors.standard.RouteText - RouteText[id=88577823-16f9-4de2-ba04-780edacb1bd8] Created FlowFile[3033,97610059523767.mockFlowFile,24B] from FlowFile[3032,97610059523767.mockFlowFile,24B]; routing to relationship simple
[pool-3838-thread-1] INFO org.apache.nifi.processors.standard.RouteText - RouteText[id=88577823-16f9-4de2-ba04-780edacb1bd8] Routing FlowFile[3032,97610059523767.mockFlowFile,24B] to original
[main] DEBUG org.apache.nifi.processors.standard.RouteText - RouteText[id=88577823-16f9-4de2-ba04-780edacb1bd8] Adding new dynamic property: PropertyDescriptor[simple]
[pool-3839-thread-1] INFO org.apache.nifi.processors.standard.RouteText - RouteText[id=88577823-16f9-4de2-ba04-780edacb1bd8] Created FlowFile[3035,97610059995813.mockFlowFile,24B] from FlowFile[3034,97610059995813.mockFlowFile,24B]; routing to relationship simple
[pool-3839-thread-1] INFO org.apache.nifi.processors.standard.RouteText - RouteText[id=88577823-16f9-4de2-ba04-780edacb1bd8] Routing FlowFile[3034,97610059995813.mockFlowFile,24B] to original
[main] DEBUG org.apache.nifi.processors.standard.RouteText - RouteText[id=88577823-16f9-4de2-ba04-780edacb1bd8] Adding new dynamic property: PropertyDescriptor[simple]
[pool-3840-thread-1] INFO org.apache.nifi.processors.standard.RouteText - RouteText[id=88577823-16f9-4de2-ba04-780edacb1bd8] Created FlowFile[3037,97610060510784.mockFlowFile,24B] from FlowFile[3036,97610060510784.mockFlowFile,24B]; routing to relationship simple
[pool-3840-thread-1] INFO org.apache.nifi.processors.standard.RouteText - RouteText[id=88577823-16f9-4de2-ba04-780edacb1bd8] Routing FlowFile[3036,97610060510784.mockFlowFile,24B] to original
[main] DEBUG org.apache.nifi.processors.standard.RouteText - RouteText[id=88577823-16f9-4de2-ba04-780edacb1bd8] Adding new dynamic property: PropertyDescriptor[simple]
[pool-3841-thread-1] INFO org.apache.nifi.processors.standard.RouteText - RouteText[id=88577823-16f9-4de2-ba04-780edacb1bd8] Created FlowFile[3039,97610060931531.mockFlowFile,24B] from FlowFile[3038,97610060931531.mockFlowFile,24B]; routing to relationship simple
[pool-3841-thread-1] INFO org.apache.nifi.processors.standard.RouteText - RouteText[id=88577823-16f9-4de2-ba04-780edacb1bd8] Routing FlowFile[3038,97610060931531.mockFlowFile,24B] to original
[main] DEBUG org.apache.nifi.processors.standard.RouteText - RouteText[id=88577823-16f9-4de2-ba04-780edacb1bd8] Adding new dynamic property: PropertyDescriptor[simple]
[pool-3842-thread-1] INFO org.apache.nifi.processors.standard.RouteText - RouteText[id=88577823-16f9-4de2-ba04-780edacb1bd8] Created FlowFile[3041,97610061378482.mockFlowFile,24B] from FlowFile[3040,97610061378482.mockFlowFile,24B]; routing to relationship simple
[pool-3842-thread-1] INFO org.apache.nifi.processors.standard.RouteText - RouteText[id=88577823-16f9-4de2-ba04-780edacb1bd8] Routing FlowFile[3040,97610061378482.mockFlowFile,24B] to original
[main] DEBUG org.apache.nifi.processors.standard.RouteText - RouteText[id=88577823-16f9-4de2-ba04-780edacb1bd8] Adding new dynamic property: PropertyDescriptor[simple]
[pool-3843-thread-1] INFO org.apache.nifi.processors.standard.RouteText - RouteText[id=88577823-16f9-4de2-ba04-780edacb1bd8] Created FlowFile[3043,97610061837920.mockFlowFile,24B] from FlowFile[3042,97610061837920.mockFlowFile,24B]; routing to relationship simple
[pool-3843-thread-1] INFO org.apache.nifi.processors.standard.RouteText - RouteText[id=88577823-16f9-4de2-ba04-780edacb1bd8] Routing FlowFile[3042,97610061837920.mockFlowFile,24B] to original
[main] DEBUG org.apache.nifi.processors.standard.RouteText - RouteText[id=88577823-16f9-4de2-ba04-780edacb1bd8] Adding new dynamic property: PropertyDescriptor[simple]
[pool-3844-thread-1] INFO org.apache.nifi.processors.standard.RouteText - RouteText[id=88577823-16f9-4de2-ba04-780edacb1bd8] Created FlowFile[3045,97610062320010.mockFlowFile,24B] from FlowFile[3044,97610062320010.mockFlowFile,24B]; routing to relationship simple
[pool-3844-thread-1] INFO org.apache.nifi.processors.standard.RouteText - RouteText[id=88577823-16f9-4de2-ba04-780edacb1bd8] Routing FlowFile[3044,97610062320010.mockFlowFile,24B] to original
[main] DEBUG org.apache.nifi.processors.standard.RouteText - RouteText[id=88577823-16f9-4de2-ba04-780edacb1bd8] Adding new dynamic property: PropertyDescriptor[simple]
[pool-3845-thread-1] INFO org.apache.nifi.processors.standard.RouteText - RouteText[id=88577823-16f9-4de2-ba04-780edacb1bd8] Created FlowFile[3047,97610062820010.mockFlowFile,24B] from FlowFile[3046,97610062820010.mockFlowFile,24B]; routing to relationship simple
[pool-3845-thread-1] INFO org.apache.nifi.processors.standard.RouteText - RouteText[id=88577823-16f9-4de2-ba04-780edacb1bd8] Routing FlowFile[3046,97610062820010.mockFlowFile,24B] to original
[main] DEBUG org.apache.nifi.processors.standard.RouteText - RouteText[id=88577823-16f9-4de2-ba04-780edacb1bd8] Adding new dynamic property: PropertyDescriptor[simple]
[pool-3846-thread-1] INFO org.apache.nifi.processors.standard.RouteText - RouteText[id=88577823-16f9-4de2-ba04-780edacb1bd8] Created FlowFile[3049,97610063274594.mockFlowFile,24B] from FlowFile[3048,97610063274594.mockFlowFile,24B]; routing to relationship simple
[pool-3846-thread-1] INFO org.apache.nifi.processors.standard.RouteText - RouteText[id=88577823-16f9-4de2-ba04-780edacb1bd8] Routing FlowFile[3048,97610063274594.mockFlowFile,24B] to original
[main] DEBUG org.apache.nifi.processors.standard.RouteText - RouteText[id=88577823-16f9-4de2-ba04-780edacb1bd8] Adding new dynamic property: PropertyDescriptor[simple]
[pool-3847-thread-1] INFO org.apache.nifi.processors.standard.RouteText - RouteText[id=88577823-16f9-4de2-ba04-780edacb1bd8] Created FlowFile[3051,97610063773520.mockFlowFile,24B] from FlowFile[3050,97610063773520.mockFlowFile,24B]; routing to relationship simple
[pool-3847-thread-1] INFO org.apache.nifi.processors.standard.RouteText - RouteText[id=88577823-16f9-4de2-ba04-780edacb1bd8] Routing FlowFile[3050,97610063773520.mockFlowFile,24B] to original
[main] DEBUG org.apache.nifi.processors.standard.RouteText - RouteText[id=88577823-16f9-4de2-ba04-780edacb1bd8] Adding new dynamic property: PropertyDescriptor[simple]
[pool-3848-thread-1] INFO org.apache.nifi.processors.standard.RouteText - RouteText[id=88577823-16f9-4de2-ba04-780edacb1bd8] Created FlowFile[3053,97610064259960.mockFlowFile,24B] from FlowFile[3052,97610064259960.mockFlowFile,24B]; routing to relationship simple
[pool-3848-thread-1] INFO org.apache.nifi.processors.standard.RouteText - RouteText[id=88577823-16f9-4de2-ba04-780edacb1bd8] Routing FlowFile[3052,97610064259960.mockFlowFile,24B] to original
[main] DEBUG org.apache.nifi.processors.standard.RouteText - RouteText[id=88577823-16f9-4de2-ba04-780edacb1bd8] Adding new dynamic property: PropertyDescriptor[simple]
[pool-3849-thread-1] INFO org.apache.nifi.processors.standard.RouteText - RouteText[id=88577823-16f9-4de2-ba04-780edacb1bd8] Created FlowFile[3055,97610064710269.mockFlowFile,24B] from FlowFile[3054,97610064710269.mockFlowFile,24B]; routing to relationship simple
[pool-3849-thread-1] INFO org.apache.nifi.processors.standard.RouteText - RouteText[id=88577823-16f9-4de2-ba04-780edacb1bd8] Routing FlowFile[3054,97610064710269.mockFlowFile,24B] to original
[main] DEBUG org.apache.nifi.processors.standard.RouteText - RouteText[id=88577823-16f9-4de2-ba04-780edacb1bd8] Adding new dynamic property: PropertyDescriptor[simple]
[pool-3850-thread-1] INFO org.apache.nifi.processors.standard.RouteText - RouteText[id=88577823-16f9-4de2-ba04-780edacb1bd8] Created FlowFile[3057,97610065151839.mockFlowFile,24B] from FlowFile[3056,97610065151839.mockFlowFile,24B]; routing to relationship simple
[pool-3850-thread-1] INFO org.apache.nifi.processors.standard.RouteText - RouteText[id=88577823-16f9-4de2-ba04-780edacb1bd8] Routing FlowFile[3056,97610065151839.mockFlowFile,24B] to original
[main] DEBUG org.apache.nifi.processors.standard.RouteText - RouteText[id=88577823-16f9-4de2-ba04-780edacb1bd8] Adding new dynamic property: PropertyDescriptor[simple]
[pool-3851-thread-1] INFO org.apache.nifi.processors.standard.RouteText - RouteText[id=88577823-16f9-4de2-ba04-780edacb1bd8] Created FlowFile[3059,97610065563639.mockFlowFile,24B] from FlowFile[3058,97610065563639.mockFlowFile,24B]; routing to relationship simple
[pool-3851-thread-1] INFO org.apache.nifi.processors.standard.RouteText - RouteText[id=88577823-16f9-4de2-ba04-780edacb1bd8] Routing FlowFile[3058,97610065563639.mockFlowFile,24B] to original
[main] DEBUG org.apache.nifi.processors.standard.RouteText - RouteText[id=88577823-16f9-4de2-ba04-780edacb1bd8] Adding new dynamic property: PropertyDescriptor[simple]
[pool-3852-thread-1] INFO org.apache.nifi.processors.standard.RouteText - RouteText[id=88577823-16f9-4de2-ba04-780edacb1bd8] Created FlowFile[3061,97610065993935.mockFlowFile,24B] from FlowFile[3060,97610065993935.mockFlowFile,24B]; routing to relationship simple
[pool-3852-thread-1] INFO org.apache.nifi.processors.standard.RouteText - RouteText[id=88577823-16f9-4de2-ba04-780edacb1bd8] Routing FlowFile[3060,97610065993935.mockFlowFile,24B] to original
[main] DEBUG org.apache.nifi.processors.standard.RouteText - RouteText[id=88577823-16f9-4de2-ba04-780edacb1bd8] Adding new dynamic property: PropertyDescriptor[simple]
[pool-3853-thread-1] INFO org.apache.nifi.processors.standard.RouteText - RouteText[id=88577823-16f9-4de2-ba04-780edacb1bd8] Created FlowFile[3063,97610066432649.mockFlowFile,24B] from FlowFile[3062,97610066432649.mockFlowFile,24B]; routing to relationship simple
[pool-3853-thread-1] INFO org.apache.nifi.processors.standard.RouteText - RouteText[id=88577823-16f9-4de2-ba04-780edacb1bd8] Routing FlowFile[3062,97610066432649.mockFlowFile,24B] to original
[main] DEBUG org.apache.nifi.processors.standard.RouteText - RouteText[id=88577823-16f9-4de2-ba04-780edacb1bd8] Adding new dynamic property: PropertyDescriptor[simple]
[pool-3854-thread-1] INFO org.apache.nifi.processors.standard.RouteText - RouteText[id=88577823-16f9-4de2-ba04-780edacb1bd8] Created FlowFile[3065,97610066989330.mockFlowFile,24B] from FlowFile[3064,97610066989330.mockFlowFile,24B]; routing to relationship simple
[pool-3854-thread-1] INFO org.apache.nifi.processors.standard.RouteText - RouteText[id=88577823-16f9-4de2-ba04-780edacb1bd8] Routing FlowFile[3064,97610066989330.mockFlowFile,24B] to original
[main] DEBUG org.apache.nifi.processors.standard.RouteText - RouteText[id=88577823-16f9-4de2-ba04-780edacb1bd8] Adding new dynamic property: PropertyDescriptor[simple]
[pool-3855-thread-1] INFO org.apache.nifi.processors.standard.RouteText - RouteText[id=88577823-16f9-4de2-ba04-780edacb1bd8] Created FlowFile[3067,97610067525012.mockFlowFile,24B] from FlowFile[3066,97610067525012.mockFlowFile,24B]; routing to relationship simple
[pool-3855-thread-1] INFO org.apache.nifi.processors.standard.RouteText - RouteText[id=88577823-16f9-4de2-ba04-780edacb1bd8] Routing FlowFile[3066,97610067525012.mockFlowFile,24B] to original
[main] DEBUG org.apache.nifi.processors.standard.RouteText - RouteText[id=88577823-16f9-4de2-ba04-780edacb1bd8] Adding new dynamic property: PropertyDescriptor[simple]
[pool-3856-thread-1] INFO org.apache.nifi.processors.standard.RouteText - RouteText[id=88577823-16f9-4de2-ba04-780edacb1bd8] Created FlowFile[3069,97610068077415.mockFlowFile,24B] from FlowFile[3068,97610068077415.mockFlowFile,24B]; routing to relationship simple
[pool-3856-thread-1] INFO org.apache.nifi.processors.standard.RouteText - RouteText[id=88577823-16f9-4de2-ba04-780edacb1bd8] Routing FlowFile[3068,97610068077415.mockFlowFile,24B] to original
[main] DEBUG org.apache.nifi.processors.standard.RouteText - RouteText[id=88577823-16f9-4de2-ba04-780edacb1bd8] Adding new dynamic property: PropertyDescriptor[simple]
[pool-3857-thread-1] INFO org.apache.nifi.processors.standard.RouteText - RouteText[id=88577823-16f9-4de2-ba04-780edacb1bd8] Created FlowFile[3071,97610068573023.mockFlowFile,24B] from FlowFile[3070,97610068573023.mockFlowFile,24B]; routing to relationship simple
[pool-3857-thread-1] INFO org.apache.nifi.processors.standard.RouteText - RouteText[id=88577823-16f9-4de2-ba04-780edacb1bd8] Routing FlowFile[3070,97610068573023.mockFlowFile,24B] to original
[main] DEBUG org.apache.nifi.processors.standard.RouteText - RouteText[id=88577823-16f9-4de2-ba04-780edacb1bd8] Adding new dynamic property: PropertyDescriptor[simple]
[pool-3858-thread-1] INFO org.apache.nifi.processors.standard.RouteText - RouteText[id=88577823-16f9-4de2-ba04-780edacb1bd8] Created FlowFile[3073,97610069026914.mockFlowFile,24B] from FlowFile[3072,97610069026914.mockFlowFile,24B]; routing to relationship simple
[pool-3858-thread-1] INFO org.apache.nifi.processors.standard.RouteText - RouteText[id=88577823-16f9-4de2-ba04-780edacb1bd8] Routing FlowFile[3072,97610069026914.mockFlowFile,24B] to original
[main] DEBUG org.apache.nifi.processors.standard.RouteText - RouteText[id=88577823-16f9-4de2-ba04-780edacb1bd8] Adding new dynamic property: PropertyDescriptor[simple]
[pool-3859-thread-1] INFO org.apache.nifi.processors.standard.RouteText - RouteText[id=88577823-16f9-4de2-ba04-780edacb1bd8] Created FlowFile[3075,97610069437651.mockFlowFile,24B] from FlowFile[3074,97610069437651.mockFlowFile,24B]; routing to relationship simple
[pool-3859-thread-1] INFO org.apache.nifi.processors.standard.RouteText - RouteText[id=88577823-16f9-4de2-ba04-780edacb1bd8] Routing FlowFile[3074,97610069437651.mockFlowFile,24B] to original
[main] DEBUG org.apache.nifi.processors.standard.RouteText - RouteText[id=88577823-16f9-4de2-ba04-780edacb1bd8] Adding new dynamic property: PropertyDescriptor[simple]
[pool-3860-thread-1] INFO org.apache.nifi.processors.standard.RouteText - RouteText[id=88577823-16f9-4de2-ba04-780edacb1bd8] Created FlowFile[3077,97610069847854.mockFlowFile,24B] from FlowFile[3076,97610069847854.mockFlowFile,24B]; routing to relationship simple
[pool-3860-thread-1] INFO org.apache.nifi.processors.standard.RouteText - RouteText[id=88577823-16f9-4de2-ba04-780edacb1bd8] Routing FlowFile[3076,97610069847854.mockFlowFile,24B] to original
[main] DEBUG org.apache.nifi.processors.standard.RouteText - RouteText[id=88577823-16f9-4de2-ba04-780edacb1bd8] Adding new dynamic property: PropertyDescriptor[simple]
[pool-3861-thread-1] INFO org.apache.nifi.processors.standard.RouteText - RouteText[id=88577823-16f9-4de2-ba04-780edacb1bd8] Created FlowFile[3079,97610070224591.mockFlowFile,24B] from FlowFile[3078,97610070224591.mockFlowFile,24B]; routing to relationship simple
[pool-3861-thread-1] INFO org.apache.nifi.processors.standard.RouteText - RouteText[id=88577823-16f9-4de2-ba04-780edacb1bd8] Routing FlowFile[3078,97610070224591.mockFlowFile,24B] to original
[main] DEBUG org.apache.nifi.processors.standard.RouteText - RouteText[id=88577823-16f9-4de2-ba04-780edacb1bd8] Adding new dynamic property: PropertyDescriptor[simple]
[pool-3862-thread-1] INFO org.apache.nifi.processors.standard.RouteText - RouteText[id=88577823-16f9-4de2-ba04-780edacb1bd8] Created FlowFile[3081,97610070595031.mockFlowFile,24B] from FlowFile[3080,97610070595031.mockFlowFile,24B]; routing to relationship simple
[pool-3862-thread-1] INFO org.apache.nifi.processors.standard.RouteText - RouteText[id=88577823-16f9-4de2-ba04-780edacb1bd8] Routing FlowFile[3080,97610070595031.mockFlowFile,24B] to original
[main] DEBUG org.apache.nifi.processors.standard.RouteText - RouteText[id=88577823-16f9-4de2-ba04-780edacb1bd8] Adding new dynamic property: PropertyDescriptor[simple]
[pool-3863-thread-1] INFO org.apache.nifi.processors.standard.RouteText - RouteText[id=88577823-16f9-4de2-ba04-780edacb1bd8] Created FlowFile[3083,97610070965793.mockFlowFile,24B] from FlowFile[3082,97610070965793.mockFlowFile,24B]; routing to relationship simple
[pool-3863-thread-1] INFO org.apache.nifi.processors.standard.RouteText - RouteText[id=88577823-16f9-4de2-ba04-780edacb1bd8] Routing FlowFile[3082,97610070965793.mockFlowFile,24B] to original
[main] DEBUG org.apache.nifi.processors.standard.RouteText - RouteText[id=88577823-16f9-4de2-ba04-780edacb1bd8] Adding new dynamic property: PropertyDescriptor[simple]
[pool-3864-thread-1] INFO org.apache.nifi.processors.standard.RouteText - RouteText[id=88577823-16f9-4de2-ba04-780edacb1bd8] Created FlowFile[3085,97610071331081.mockFlowFile,24B] from FlowFile[3084,97610071331081.mockFlowFile,24B]; routing to relationship simple
[pool-3864-thread-1] INFO org.apache.nifi.processors.standard.RouteText - RouteText[id=88577823-16f9-4de2-ba04-780edacb1bd8] Routing FlowFile[3084,97610071331081.mockFlowFile,24B] to original
[main] DEBUG org.apache.nifi.processors.standard.RouteText - RouteText[id=88577823-16f9-4de2-ba04-780edacb1bd8] Adding new dynamic property: PropertyDescriptor[simple]
[pool-3865-thread-1] INFO org.apache.nifi.processors.standard.RouteText - RouteText[id=88577823-16f9-4de2-ba04-780edacb1bd8] Created FlowFile[3087,97610071689961.mockFlowFile,24B] from FlowFile[3086,97610071689961.mockFlowFile,24B]; routing to relationship simple
[pool-3865-thread-1] INFO org.apache.nifi.processors.standard.RouteText - RouteText[id=88577823-16f9-4de2-ba04-780edacb1bd8] Routing FlowFile[3086,97610071689961.mockFlowFile,24B] to original
[main] DEBUG org.apache.nifi.processors.standard.RouteText - RouteText[id=88577823-16f9-4de2-ba04-780edacb1bd8] Adding new dynamic property: PropertyDescriptor[simple]
[pool-3866-thread-1] INFO org.apache.nifi.processors.standard.RouteText - RouteText[id=88577823-16f9-4de2-ba04-780edacb1bd8] Created FlowFile[3089,97610072125163.mockFlowFile,24B] from FlowFile[3088,97610072125163.mockFlowFile,24B]; routing to relationship simple
[pool-3866-thread-1] INFO org.apache.nifi.processors.standard.RouteText - RouteText[id=88577823-16f9-4de2-ba04-780edacb1bd8] Routing FlowFile[3088,97610072125163.mockFlowFile,24B] to original
[main] DEBUG org.apache.nifi.processors.standard.RouteText - RouteText[id=88577823-16f9-4de2-ba04-780edacb1bd8] Adding new dynamic property: PropertyDescriptor[simple]
[pool-3867-thread-1] INFO org.apache.nifi.processors.standard.RouteText - RouteText[id=88577823-16f9-4de2-ba04-780edacb1bd8] Created FlowFile[3091,97610072562186.mockFlowFile,24B] from FlowFile[3090,97610072562186.mockFlowFile,24B]; routing to relationship simple
[pool-3867-thread-1] INFO org.apache.nifi.processors.standard.RouteText - RouteText[id=88577823-16f9-4de2-ba04-780edacb1bd8] Routing FlowFile[3090,97610072562186.mockFlowFile,24B] to original
[main] DEBUG org.apache.nifi.processors.standard.RouteText - RouteText[id=88577823-16f9-4de2-ba04-780edacb1bd8] Adding new dynamic property: PropertyDescriptor[simple]
[pool-3868-thread-1] INFO org.apache.nifi.processors.standard.RouteText - RouteText[id=88577823-16f9-4de2-ba04-780edacb1bd8] Created FlowFile[3093,97610073000174.mockFlowFile,24B] from FlowFile[3092,97610073000174.mockFlowFile,24B]; routing to relationship simple
[pool-3868-thread-1] INFO org.apache.nifi.processors.standard.RouteText - RouteText[id=88577823-16f9-4de2-ba04-780edacb1bd8] Routing FlowFile[3092,97610073000174.mockFlowFile,24B] to original
[main] DEBUG org.apache.nifi.processors.standard.RouteText - RouteText[id=88577823-16f9-4de2-ba04-780edacb1bd8] Adding new dynamic property: PropertyDescriptor[simple]
[pool-3869-thread-1] INFO org.apache.nifi.processors.standard.RouteText - RouteText[id=88577823-16f9-4de2-ba04-780edacb1bd8] Created FlowFile[3095,97610073439968.mockFlowFile,24B] from FlowFile[3094,97610073439968.mockFlowFile,24B]; routing to relationship simple
[pool-3869-thread-1] INFO org.apache.nifi.processors.standard.RouteText - RouteText[id=88577823-16f9-4de2-ba04-780edacb1bd8] Routing FlowFile[3094,97610073439968.mockFlowFile,24B] to original
[main] DEBUG org.apache.nifi.processors.standard.RouteText - RouteText[id=88577823-16f9-4de2-ba04-780edacb1bd8] Adding new dynamic property: PropertyDescriptor[simple]
[pool-3870-thread-1] INFO org.apache.nifi.processors.standard.RouteText - RouteText[id=88577823-16f9-4de2-ba04-780edacb1bd8] Created FlowFile[3097,97610073794518.mockFlowFile,24B] from FlowFile[3096,97610073794518.mockFlowFile,24B]; routing to relationship simple
[pool-3870-thread-1] INFO org.apache.nifi.processors.standard.RouteText - RouteText[id=88577823-16f9-4de2-ba04-780edacb1bd8] Routing FlowFile[3096,97610073794518.mockFlowFile,24B] to original
[main] DEBUG org.apache.nifi.processors.standard.RouteText - RouteText[id=88577823-16f9-4de2-ba04-780edacb1bd8] Adding new dynamic property: PropertyDescriptor[simple]
[pool-3871-thread-1] INFO org.apache.nifi.processors.standard.RouteText - RouteText[id=88577823-16f9-4de2-ba04-780edacb1bd8] Created FlowFile[3099,97610074138599.mockFlowFile,24B] from FlowFile[3098,97610074138599.mockFlowFile,24B]; routing to relationship simple
[pool-3871-thread-1] INFO org.apache.nifi.processors.standard.RouteText - RouteText[id=88577823-16f9-4de2-ba04-780edacb1bd8] Routing FlowFile[3098,97610074138599.mockFlowFile,24B] to original
[main] DEBUG org.apache.nifi.processors.standard.RouteText - RouteText[id=88577823-16f9-4de2-ba04-780edacb1bd8] Adding new dynamic property: PropertyDescriptor[simple]
[pool-3872-thread-1] INFO org.apache.nifi.processors.standard.RouteText - RouteText[id=88577823-16f9-4de2-ba04-780edacb1bd8] Created FlowFile[3101,97610074477305.mockFlowFile,24B] from FlowFile[3100,97610074477305.mockFlowFile,24B]; routing to relationship simple
[pool-3872-thread-1] INFO org.apache.nifi.processors.standard.RouteText - RouteText[id=88577823-16f9-4de2-ba04-780edacb1bd8] Routing FlowFile[3100,97610074477305.mockFlowFile,24B] to original
[main] DEBUG org.apache.nifi.processors.standard.RouteText - RouteText[id=88577823-16f9-4de2-ba04-780edacb1bd8] Adding new dynamic property: PropertyDescriptor[simple]
[pool-3873-thread-1] INFO org.apache.nifi.processors.standard.RouteText - RouteText[id=88577823-16f9-4de2-ba04-780edacb1bd8] Created FlowFile[3103,97610074819528.mockFlowFile,24B] from FlowFile[3102,97610074819528.mockFlowFile,24B]; routing to relationship simple
[pool-3873-thread-1] INFO org.apache.nifi.processors.standard.RouteText - RouteText[id=88577823-16f9-4de2-ba04-780edacb1bd8] Routing FlowFile[3102,97610074819528.mockFlowFile,24B] to original
[main] DEBUG org.apache.nifi.processors.standard.RouteText - RouteText[id=88577823-16f9-4de2-ba04-780edacb1bd8] Adding new dynamic property: PropertyDescriptor[simple]
[pool-3874-thread-1] INFO org.apache.nifi.processors.standard.RouteText - RouteText[id=88577823-16f9-4de2-ba04-780edacb1bd8] Created FlowFile[3105,97610075261524.mockFlowFile,24B] from FlowFile[3104,97610075261524.mockFlowFile,24B]; routing to relationship simple
[pool-3874-thread-1] INFO org.apache.nifi.processors.standard.RouteText - RouteText[id=88577823-16f9-4de2-ba04-780edacb1bd8] Routing FlowFile[3104,97610075261524.mockFlowFile,24B] to original
[main] DEBUG org.apache.nifi.processors.standard.RouteText - RouteText[id=88577823-16f9-4de2-ba04-780edacb1bd8] Adding new dynamic property: PropertyDescriptor[simple]
[pool-3875-thread-1] INFO org.apache.nifi.processors.standard.RouteText - RouteText[id=88577823-16f9-4de2-ba04-780edacb1bd8] Created FlowFile[3107,97610075641501.mockFlowFile,24B] from FlowFile[3106,97610075641501.mockFlowFile,24B]; routing to relationship simple
[pool-3875-thread-1] INFO org.apache.nifi.processors.standard.RouteText - RouteText[id=88577823-16f9-4de2-ba04-780edacb1bd8] Routing FlowFile[3106,97610075641501.mockFlowFile,24B] to original
[main] DEBUG org.apache.nifi.processors.standard.RouteText - RouteText[id=88577823-16f9-4de2-ba04-780edacb1bd8] Adding new dynamic property: PropertyDescriptor[simple]
[pool-3876-thread-1] INFO org.apache.nifi.processors.standard.RouteText - RouteText[id=88577823-16f9-4de2-ba04-780edacb1bd8] Created FlowFile[3109,97610076029915.mockFlowFile,24B] from FlowFile[3108,97610076029915.mockFlowFile,24B]; routing to relationship simple
[pool-3876-thread-1] INFO org.apache.nifi.processors.standard.RouteText - RouteText[id=88577823-16f9-4de2-ba04-780edacb1bd8] Routing FlowFile[3108,97610076029915.mockFlowFile,24B] to original
[main] DEBUG org.apache.nifi.processors.standard.RouteText - RouteText[id=88577823-16f9-4de2-ba04-780edacb1bd8] Adding new dynamic property: PropertyDescriptor[simple]
[pool-3877-thread-1] INFO org.apache.nifi.processors.standard.RouteText - RouteText[id=88577823-16f9-4de2-ba04-780edacb1bd8] Created FlowFile[3111,97610076566084.mockFlowFile,24B] from FlowFile[3110,97610076566084.mockFlowFile,24B]; routing to relationship simple
[pool-3877-thread-1] INFO org.apache.nifi.processors.standard.RouteText - RouteText[id=88577823-16f9-4de2-ba04-780edacb1bd8] Routing FlowFile[3110,97610076566084.mockFlowFile,24B] to original
[main] DEBUG org.apache.nifi.processors.standard.RouteText - RouteText[id=88577823-16f9-4de2-ba04-780edacb1bd8] Adding new dynamic property: PropertyDescriptor[simple]
[pool-3878-thread-1] INFO org.apache.nifi.processors.standard.RouteText - RouteText[id=88577823-16f9-4de2-ba04-780edacb1bd8] Created FlowFile[3113,97610077053008.mockFlowFile,24B] from FlowFile[3112,97610077053008.mockFlowFile,24B]; routing to relationship simple
[pool-3878-thread-1] INFO org.apache.nifi.processors.standard.RouteText - RouteText[id=88577823-16f9-4de2-ba04-780edacb1bd8] Routing FlowFile[3112,97610077053008.mockFlowFile,24B] to original
[main] DEBUG org.apache.nifi.processors.standard.RouteText - RouteText[id=88577823-16f9-4de2-ba04-780edacb1bd8] Adding new dynamic property: PropertyDescriptor[simple]
[pool-3879-thread-1] INFO org.apache.nifi.processors.standard.RouteText - RouteText[id=88577823-16f9-4de2-ba04-780edacb1bd8] Created FlowFile[3115,97610077508007.mockFlowFile,24B] from FlowFile[3114,97610077508007.mockFlowFile,24B]; routing to relationship simple
[pool-3879-thread-1] INFO org.apache.nifi.processors.standard.RouteText - RouteText[id=88577823-16f9-4de2-ba04-780edacb1bd8] Routing FlowFile[3114,97610077508007.mockFlowFile,24B] to original
[main] DEBUG org.apache.nifi.processors.standard.RouteText - RouteText[id=88577823-16f9-4de2-ba04-780edacb1bd8] Adding new dynamic property: PropertyDescriptor[simple]
[pool-3880-thread-1] INFO org.apache.nifi.processors.standard.RouteText - RouteText[id=88577823-16f9-4de2-ba04-780edacb1bd8] Created FlowFile[3117,97610077851737.mockFlowFile,24B] from FlowFile[3116,97610077851737.mockFlowFile,24B]; routing to relationship simple
[pool-3880-thread-1] INFO org.apache.nifi.processors.standard.RouteText - RouteText[id=88577823-16f9-4de2-ba04-780edacb1bd8] Routing FlowFile[3116,97610077851737.mockFlowFile,24B] to original
[main] DEBUG org.apache.nifi.processors.standard.RouteText - RouteText[id=88577823-16f9-4de2-ba04-780edacb1bd8] Adding new dynamic property: PropertyDescriptor[simple]
[pool-3881-thread-1] INFO org.apache.nifi.processors.standard.RouteText - RouteText[id=88577823-16f9-4de2-ba04-780edacb1bd8] Created FlowFile[3119,97610078189553.mockFlowFile,24B] from FlowFile[3118,97610078189553.mockFlowFile,24B]; routing to relationship simple
[pool-3881-thread-1] INFO org.apache.nifi.processors.standard.RouteText - RouteText[id=88577823-16f9-4de2-ba04-780edacb1bd8] Routing FlowFile[3118,97610078189553.mockFlowFile,24B] to original
[main] DEBUG org.apache.nifi.processors.standard.RouteText - RouteText[id=88577823-16f9-4de2-ba04-780edacb1bd8] Adding new dynamic property: PropertyDescriptor[simple]
[pool-3882-thread-1] INFO org.apache.nifi.processors.standard.RouteText - RouteText[id=88577823-16f9-4de2-ba04-780edacb1bd8] Created FlowFile[3121,97610078519740.mockFlowFile,24B] from FlowFile[3120,97610078519740.mockFlowFile,24B]; routing to relationship simple
[pool-3882-thread-1] INFO org.apache.nifi.processors.standard.RouteText - RouteText[id=88577823-16f9-4de2-ba04-780edacb1bd8] Routing FlowFile[3120,97610078519740.mockFlowFile,24B] to original
[main] DEBUG org.apache.nifi.processors.standard.RouteText - RouteText[id=88577823-16f9-4de2-ba04-780edacb1bd8] Adding new dynamic property: PropertyDescriptor[simple]
[pool-3883-thread-1] INFO org.apache.nifi.processors.standard.RouteText - RouteText[id=88577823-16f9-4de2-ba04-780edacb1bd8] Created FlowFile[3123,97610078841553.mockFlowFile,24B] from FlowFile[3122,97610078841553.mockFlowFile,24B]; routing to relationship simple
[pool-3883-thread-1] INFO org.apache.nifi.processors.standard.RouteText - RouteText[id=88577823-16f9-4de2-ba04-780edacb1bd8] Routing FlowFile[3122,97610078841553.mockFlowFile,24B] to original
[main] DEBUG org.apache.nifi.processors.standard.RouteText - RouteText[id=88577823-16f9-4de2-ba04-780edacb1bd8] Adding new dynamic property: PropertyDescriptor[simple]
[pool-3884-thread-1] INFO org.apache.nifi.processors.standard.RouteText - RouteText[id=88577823-16f9-4de2-ba04-780edacb1bd8] Created FlowFile[3125,97610079234802.mockFlowFile,24B] from FlowFile[3124,97610079234802.mockFlowFile,24B]; routing to relationship simple
[pool-3884-thread-1] INFO org.apache.nifi.processors.standard.RouteText - RouteText[id=88577823-16f9-4de2-ba04-780edacb1bd8] Routing FlowFile[3124,97610079234802.mockFlowFile,24B] to original
[main] DEBUG org.apache.nifi.processors.standard.RouteText - RouteText[id=88577823-16f9-4de2-ba04-780edacb1bd8] Adding new dynamic property: PropertyDescriptor[simple]
[pool-3885-thread-1] INFO org.apache.nifi.processors.standard.RouteText - RouteText[id=88577823-16f9-4de2-ba04-780edacb1bd8] Created FlowFile[3127,97610079573457.mockFlowFile,24B] from FlowFile[3126,97610079573457.mockFlowFile,24B]; routing to relationship simple
[pool-3885-thread-1] INFO org.apache.nifi.processors.standard.RouteText - RouteText[id=88577823-16f9-4de2-ba04-780edacb1bd8] Routing FlowFile[3126,97610079573457.mockFlowFile,24B] to original
[main] DEBUG org.apache.nifi.processors.standard.RouteText - RouteText[id=88577823-16f9-4de2-ba04-780edacb1bd8] Adding new dynamic property: PropertyDescriptor[simple]
[pool-3886-thread-1] INFO org.apache.nifi.processors.standard.RouteText - RouteText[id=88577823-16f9-4de2-ba04-780edacb1bd8] Created FlowFile[3129,97610079903718.mockFlowFile,24B] from FlowFile[3128,97610079903718.mockFlowFile,24B]; routing to relationship simple
[pool-3886-thread-1] INFO org.apache.nifi.processors.standard.RouteText - RouteText[id=88577823-16f9-4de2-ba04-780edacb1bd8] Routing FlowFile[3128,97610079903718.mockFlowFile,24B] to original
[main] DEBUG org.apache.nifi.processors.standard.RouteText - RouteText[id=88577823-16f9-4de2-ba04-780edacb1bd8] Adding new dynamic property: PropertyDescriptor[simple]
[pool-3887-thread-1] INFO org.apache.nifi.processors.standard.RouteText - RouteText[id=88577823-16f9-4de2-ba04-780edacb1bd8] Created FlowFile[3131,97610080335396.mockFlowFile,24B] from FlowFile[3130,97610080335396.mockFlowFile,24B]; routing to relationship simple
[pool-3887-thread-1] INFO org.apache.nifi.processors.standard.RouteText - RouteText[id=88577823-16f9-4de2-ba04-780edacb1bd8] Routing FlowFile[3130,97610080335396.mockFlowFile,24B] to original
[main] DEBUG org.apache.nifi.processors.standard.RouteText - RouteText[id=88577823-16f9-4de2-ba04-780edacb1bd8] Adding new dynamic property: PropertyDescriptor[simple]
[pool-3888-thread-1] INFO org.apache.nifi.processors.standard.RouteText - RouteText[id=88577823-16f9-4de2-ba04-780edacb1bd8] Created FlowFile[3133,97610080836048.mockFlowFile,24B] from FlowFile[3132,97610080836048.mockFlowFile,24B]; routing to relationship simple
[pool-3888-thread-1] INFO org.apache.nifi.processors.standard.RouteText - RouteText[id=88577823-16f9-4de2-ba04-780edacb1bd8] Routing FlowFile[3132,97610080836048.mockFlowFile,24B] to original
[main] DEBUG org.apache.nifi.processors.standard.RouteText - RouteText[id=88577823-16f9-4de2-ba04-780edacb1bd8] Adding new dynamic property: PropertyDescriptor[simple]
[pool-3889-thread-1] INFO org.apache.nifi.processors.standard.RouteText - RouteText[id=88577823-16f9-4de2-ba04-780edacb1bd8] Created FlowFile[3135,97610081218796.mockFlowFile,24B] from FlowFile[3134,97610081218796.mockFlowFile,24B]; routing to relationship simple
[pool-3889-thread-1] INFO org.apache.nifi.processors.standard.RouteText - RouteText[id=88577823-16f9-4de2-ba04-780edacb1bd8] Routing FlowFile[3134,97610081218796.mockFlowFile,24B] to original
[main] DEBUG org.apache.nifi.processors.standard.RouteText - RouteText[id=88577823-16f9-4de2-ba04-780edacb1bd8] Adding new dynamic property: PropertyDescriptor[simple]
[pool-3890-thread-1] INFO org.apache.nifi.processors.standard.RouteText - RouteText[id=88577823-16f9-4de2-ba04-780edacb1bd8] Created FlowFile[3137,97610081602163.mockFlowFile,24B] from FlowFile[3136,97610081602163.mockFlowFile,24B]; routing to relationship simple
[pool-3890-thread-1] INFO org.apache.nifi.processors.standard.RouteText - RouteText[id=88577823-16f9-4de2-ba04-780edacb1bd8] Routing FlowFile[3136,97610081602163.mockFlowFile,24B] to original
[main] DEBUG org.apache.nifi.processors.standard.RouteText - RouteText[id=88577823-16f9-4de2-ba04-780edacb1bd8] Adding new dynamic property: PropertyDescriptor[simple]
[pool-3891-thread-1] INFO org.apache.nifi.processors.standard.RouteText - RouteText[id=88577823-16f9-4de2-ba04-780edacb1bd8] Created FlowFile[3139,97610082032210.mockFlowFile,24B] from FlowFile[3138,97610082032210.mockFlowFile,24B]; routing to relationship simple
[pool-3891-thread-1] INFO org.apache.nifi.processors.standard.RouteText - RouteText[id=88577823-16f9-4de2-ba04-780edacb1bd8] Routing FlowFile[3138,97610082032210.mockFlowFile,24B] to original
[main] DEBUG org.apache.nifi.processors.standard.RouteText - RouteText[id=88577823-16f9-4de2-ba04-780edacb1bd8] Adding new dynamic property: PropertyDescriptor[simple]
[pool-3892-thread-1] INFO org.apache.nifi.processors.standard.RouteText - RouteText[id=88577823-16f9-4de2-ba04-780edacb1bd8] Created FlowFile[3141,97610082479886.mockFlowFile,24B] from FlowFile[3140,97610082479886.mockFlowFile,24B]; routing to relationship simple
[pool-3892-thread-1] INFO org.apache.nifi.processors.standard.RouteText - RouteText[id=88577823-16f9-4de2-ba04-780edacb1bd8] Routing FlowFile[3140,97610082479886.mockFlowFile,24B] to original
[main] DEBUG org.apache.nifi.processors.standard.RouteText - RouteText[id=88577823-16f9-4de2-ba04-780edacb1bd8] Adding new dynamic property: PropertyDescriptor[simple]
[pool-3893-thread-1] INFO org.apache.nifi.processors.standard.RouteText - RouteText[id=88577823-16f9-4de2-ba04-780edacb1bd8] Created FlowFile[3143,97610082902341.mockFlowFile,24B] from FlowFile[3142,97610082902341.mockFlowFile,24B]; routing to relationship simple
[pool-3893-thread-1] INFO org.apache.nifi.processors.standard.RouteText - RouteText[id=88577823-16f9-4de2-ba04-780edacb1bd8] Routing FlowFile[3142,97610082902341.mockFlowFile,24B] to original
[main] DEBUG org.apache.nifi.processors.standard.RouteText - RouteText[id=88577823-16f9-4de2-ba04-780edacb1bd8] Adding new dynamic property: PropertyDescriptor[simple]
[pool-3894-thread-1] INFO org.apache.nifi.processors.standard.RouteText - RouteText[id=88577823-16f9-4de2-ba04-780edacb1bd8] Created FlowFile[3145,97610083312986.mockFlowFile,24B] from FlowFile[3144,97610083312986.mockFlowFile,24B]; routing to relationship simple
[pool-3894-thread-1] INFO org.apache.nifi.processors.standard.RouteText - RouteText[id=88577823-16f9-4de2-ba04-780edacb1bd8] Routing FlowFile[3144,97610083312986.mockFlowFile,24B] to original
[main] DEBUG org.apache.nifi.processors.standard.RouteText - RouteText[id=88577823-16f9-4de2-ba04-780edacb1bd8] Adding new dynamic property: PropertyDescriptor[simple]
[pool-3895-thread-1] INFO org.apache.nifi.processors.standard.RouteText - RouteText[id=88577823-16f9-4de2-ba04-780edacb1bd8] Created FlowFile[3147,97610083738166.mockFlowFile,24B] from FlowFile[3146,97610083738166.mockFlowFile,24B]; routing to relationship simple
[pool-3895-thread-1] INFO org.apache.nifi.processors.standard.RouteText - RouteText[id=88577823-16f9-4de2-ba04-780edacb1bd8] Routing FlowFile[3146,97610083738166.mockFlowFile,24B] to original
[main] DEBUG org.apache.nifi.processors.standard.RouteText - RouteText[id=88577823-16f9-4de2-ba04-780edacb1bd8] Adding new dynamic property: PropertyDescriptor[simple]
[pool-3896-thread-1] INFO org.apache.nifi.processors.standard.RouteText - RouteText[id=88577823-16f9-4de2-ba04-780edacb1bd8] Created FlowFile[3149,97610084240462.mockFlowFile,24B] from FlowFile[3148,97610084240462.mockFlowFile,24B]; routing to relationship simple
[pool-3896-thread-1] INFO org.apache.nifi.processors.standard.RouteText - RouteText[id=88577823-16f9-4de2-ba04-780edacb1bd8] Routing FlowFile[3148,97610084240462.mockFlowFile,24B] to original
[main] DEBUG org.apache.nifi.processors.standard.RouteText - RouteText[id=88577823-16f9-4de2-ba04-780edacb1bd8] Adding new dynamic property: PropertyDescriptor[simple]
[pool-3897-thread-1] INFO org.apache.nifi.processors.standard.RouteText - RouteText[id=88577823-16f9-4de2-ba04-780edacb1bd8] Created FlowFile[3151,97610084685887.mockFlowFile,24B] from FlowFile[3150,97610084685887.mockFlowFile,24B]; routing to relationship simple
[pool-3897-thread-1] INFO org.apache.nifi.processors.standard.RouteText - RouteText[id=88577823-16f9-4de2-ba04-780edacb1bd8] Routing FlowFile[3150,97610084685887.mockFlowFile,24B] to original
[main] DEBUG org.apache.nifi.processors.standard.RouteText - RouteText[id=88577823-16f9-4de2-ba04-780edacb1bd8] Adding new dynamic property: PropertyDescriptor[simple]
[pool-3898-thread-1] INFO org.apache.nifi.processors.standard.RouteText - RouteText[id=88577823-16f9-4de2-ba04-780edacb1bd8] Created FlowFile[3153,97610085160115.mockFlowFile,24B] from FlowFile[3152,97610085160115.mockFlowFile,24B]; routing to relationship simple
[pool-3898-thread-1] INFO org.apache.nifi.processors.standard.RouteText - RouteText[id=88577823-16f9-4de2-ba04-780edacb1bd8] Routing FlowFile[3152,97610085160115.mockFlowFile,24B] to original
[main] DEBUG org.apache.nifi.processors.standard.RouteText - RouteText[id=88577823-16f9-4de2-ba04-780edacb1bd8] Adding new dynamic property: PropertyDescriptor[simple]
[pool-3899-thread-1] INFO org.apache.nifi.processors.standard.RouteText - RouteText[id=88577823-16f9-4de2-ba04-780edacb1bd8] Created FlowFile[3155,97610085624738.mockFlowFile,24B] from FlowFile[3154,97610085624738.mockFlowFile,24B]; routing to relationship simple
[pool-3899-thread-1] INFO org.apache.nifi.processors.standard.RouteText - RouteText[id=88577823-16f9-4de2-ba04-780edacb1bd8] Routing FlowFile[3154,97610085624738.mockFlowFile,24B] to original
[main] DEBUG org.apache.nifi.processors.standard.RouteText - RouteText[id=88577823-16f9-4de2-ba04-780edacb1bd8] Adding new dynamic property: PropertyDescriptor[simple]
[pool-3900-thread-1] INFO org.apache.nifi.processors.standard.RouteText - RouteText[id=88577823-16f9-4de2-ba04-780edacb1bd8] Created FlowFile[3157,97610086096078.mockFlowFile,24B] from FlowFile[3156,97610086096078.mockFlowFile,24B]; routing to relationship simple
[pool-3900-thread-1] INFO org.apache.nifi.processors.standard.RouteText - RouteText[id=88577823-16f9-4de2-ba04-780edacb1bd8] Routing FlowFile[3156,97610086096078.mockFlowFile,24B] to original
[main] DEBUG org.apache.nifi.processors.standard.RouteText - RouteText[id=88577823-16f9-4de2-ba04-780edacb1bd8] Adding new dynamic property: PropertyDescriptor[simple]
[pool-3901-thread-1] INFO org.apache.nifi.processors.standard.RouteText - RouteText[id=88577823-16f9-4de2-ba04-780edacb1bd8] Created FlowFile[3159,97610086543804.mockFlowFile,24B] from FlowFile[3158,97610086543804.mockFlowFile,24B]; routing to relationship simple
[pool-3901-thread-1] INFO org.apache.nifi.processors.standard.RouteText - RouteText[id=88577823-16f9-4de2-ba04-780edacb1bd8] Routing FlowFile[3158,97610086543804.mockFlowFile,24B] to original
[main] DEBUG org.apache.nifi.processors.standard.RouteText - RouteText[id=88577823-16f9-4de2-ba04-780edacb1bd8] Adding new dynamic property: PropertyDescriptor[simple]
[pool-3902-thread-1] INFO org.apache.nifi.processors.standard.RouteText - RouteText[id=88577823-16f9-4de2-ba04-780edacb1bd8] Created FlowFile[3161,97610087016798.mockFlowFile,24B] from FlowFile[3160,97610087016798.mockFlowFile,24B]; routing to relationship simple
[pool-3902-thread-1] INFO org.apache.nifi.processors.standard.RouteText - RouteText[id=88577823-16f9-4de2-ba04-780edacb1bd8] Routing FlowFile[3160,97610087016798.mockFlowFile,24B] to original
[main] DEBUG org.apache.nifi.processors.standard.RouteText - RouteText[id=88577823-16f9-4de2-ba04-780edacb1bd8] Adding new dynamic property: PropertyDescriptor[simple]
[pool-3903-thread-1] INFO org.apache.nifi.processors.standard.RouteText - RouteText[id=88577823-16f9-4de2-ba04-780edacb1bd8] Created FlowFile[3163,97610087468270.mockFlowFile,24B] from FlowFile[3162,97610087468270.mockFlowFile,24B]; routing to relationship simple
[pool-3903-thread-1] INFO org.apache.nifi.processors.standard.RouteText - RouteText[id=88577823-16f9-4de2-ba04-780edacb1bd8] Routing FlowFile[3162,97610087468270.mockFlowFile,24B] to original
[main] DEBUG org.apache.nifi.processors.standard.RouteText - RouteText[id=88577823-16f9-4de2-ba04-780edacb1bd8] Adding new dynamic property: PropertyDescriptor[simple]
[pool-3904-thread-1] INFO org.apache.nifi.processors.standard.RouteText - RouteText[id=88577823-16f9-4de2-ba04-780edacb1bd8] Created FlowFile[3165,97610087909799.mockFlowFile,24B] from FlowFile[3164,97610087909799.mockFlowFile,24B]; routing to relationship simple
[pool-3904-thread-1] INFO org.apache.nifi.processors.standard.RouteText - RouteText[id=88577823-16f9-4de2-ba04-780edacb1bd8] Routing FlowFile[3164,97610087909799.mockFlowFile,24B] to original
[main] DEBUG org.apache.nifi.processors.standard.RouteText - RouteText[id=88577823-16f9-4de2-ba04-780edacb1bd8] Adding new dynamic property: PropertyDescriptor[simple]
[pool-3905-thread-1] INFO org.apache.nifi.processors.standard.RouteText - RouteText[id=88577823-16f9-4de2-ba04-780edacb1bd8] Created FlowFile[3167,97610088495834.mockFlowFile,24B] from FlowFile[3166,97610088495834.mockFlowFile,24B]; routing to relationship simple
[pool-3905-thread-1] INFO org.apache.nifi.processors.standard.RouteText - RouteText[id=88577823-16f9-4de2-ba04-780edacb1bd8] Routing FlowFile[3166,97610088495834.mockFlowFile,24B] to original
[main] DEBUG org.apache.nifi.processors.standard.RouteText - RouteText[id=88577823-16f9-4de2-ba04-780edacb1bd8] Adding new dynamic property: PropertyDescriptor[simple]
[pool-3906-thread-1] INFO org.apache.nifi.processors.standard.RouteText - RouteText[id=88577823-16f9-4de2-ba04-780edacb1bd8] Created FlowFile[3169,97610088972899.mockFlowFile,24B] from FlowFile[3168,97610088972899.mockFlowFile,24B]; routing to relationship simple
[pool-3906-thread-1] INFO org.apache.nifi.processors.standard.RouteText - RouteText[id=88577823-16f9-4de2-ba04-780edacb1bd8] Routing FlowFile[3168,97610088972899.mockFlowFile,24B] to original
[main] DEBUG org.apache.nifi.processors.standard.RouteText - RouteText[id=88577823-16f9-4de2-ba04-780edacb1bd8] Adding new dynamic property: PropertyDescriptor[simple]
[pool-3907-thread-1] INFO org.apache.nifi.processors.standard.RouteText - RouteText[id=88577823-16f9-4de2-ba04-780edacb1bd8] Created FlowFile[3171,97610089438546.mockFlowFile,24B] from FlowFile[3170,97610089438546.mockFlowFile,24B]; routing to relationship simple
[pool-3907-thread-1] INFO org.apache.nifi.processors.standard.RouteText - RouteText[id=88577823-16f9-4de2-ba04-780edacb1bd8] Routing FlowFile[3170,97610089438546.mockFlowFile,24B] to original
[main] DEBUG org.apache.nifi.processors.standard.RouteText - RouteText[id=88577823-16f9-4de2-ba04-780edacb1bd8] Adding new dynamic property: PropertyDescriptor[simple]
[pool-3908-thread-1] INFO org.apache.nifi.processors.standard.RouteText - RouteText[id=88577823-16f9-4de2-ba04-780edacb1bd8] Created FlowFile[3173,97610089917354.mockFlowFile,24B] from FlowFile[3172,97610089917354.mockFlowFile,24B]; routing to relationship simple
[pool-3908-thread-1] INFO org.apache.nifi.processors.standard.RouteText - RouteText[id=88577823-16f9-4de2-ba04-780edacb1bd8] Routing FlowFile[3172,97610089917354.mockFlowFile,24B] to original
[main] DEBUG org.apache.nifi.processors.standard.RouteText - RouteText[id=88577823-16f9-4de2-ba04-780edacb1bd8] Adding new dynamic property: PropertyDescriptor[simple]
[pool-3909-thread-1] INFO org.apache.nifi.processors.standard.RouteText - RouteText[id=88577823-16f9-4de2-ba04-780edacb1bd8] Created FlowFile[3175,97610090379224.mockFlowFile,24B] from FlowFile[3174,97610090379224.mockFlowFile,24B]; routing to relationship simple
[pool-3909-thread-1] INFO org.apache.nifi.processors.standard.RouteText - RouteText[id=88577823-16f9-4de2-ba04-780edacb1bd8] Routing FlowFile[3174,97610090379224.mockFlowFile,24B] to original
[main] DEBUG org.apache.nifi.processors.standard.RouteText - RouteText[id=88577823-16f9-4de2-ba04-780edacb1bd8] Adding new dynamic property: PropertyDescriptor[simple]
[pool-3910-thread-1] INFO org.apache.nifi.processors.standard.RouteText - RouteText[id=88577823-16f9-4de2-ba04-780edacb1bd8] Created FlowFile[3177,97610090816325.mockFlowFile,24B] from FlowFile[3176,97610090816325.mockFlowFile,24B]; routing to relationship simple
[pool-3910-thread-1] INFO org.apache.nifi.processors.standard.RouteText - RouteText[id=88577823-16f9-4de2-ba04-780edacb1bd8] Routing FlowFile[3176,97610090816325.mockFlowFile,24B] to original
[main] DEBUG org.apache.nifi.processors.standard.RouteText - RouteText[id=88577823-16f9-4de2-ba04-780edacb1bd8] Adding new dynamic property: PropertyDescriptor[simple]
[pool-3911-thread-1] INFO org.apache.nifi.processors.standard.RouteText - RouteText[id=88577823-16f9-4de2-ba04-780edacb1bd8] Created FlowFile[3179,97610091310691.mockFlowFile,24B] from FlowFile[3178,97610091310691.mockFlowFile,24B]; routing to relationship simple
[pool-3911-thread-1] INFO org.apache.nifi.processors.standard.RouteText - RouteText[id=88577823-16f9-4de2-ba04-780edacb1bd8] Routing FlowFile[3178,97610091310691.mockFlowFile,24B] to original
[main] DEBUG org.apache.nifi.processors.standard.RouteText - RouteText[id=88577823-16f9-4de2-ba04-780edacb1bd8] Adding new dynamic property: PropertyDescriptor[simple]
[pool-3912-thread-1] INFO org.apache.nifi.processors.standard.RouteText - RouteText[id=88577823-16f9-4de2-ba04-780edacb1bd8] Created FlowFile[3181,97610091729955.mockFlowFile,24B] from FlowFile[3180,97610091729955.mockFlowFile,24B]; routing to relationship simple
[pool-3912-thread-1] INFO org.apache.nifi.processors.standard.RouteText - RouteText[id=88577823-16f9-4de2-ba04-780edacb1bd8] Routing FlowFile[3180,97610091729955.mockFlowFile,24B] to original
[main] DEBUG org.apache.nifi.processors.standard.RouteText - RouteText[id=88577823-16f9-4de2-ba04-780edacb1bd8] Adding new dynamic property: PropertyDescriptor[simple]
[pool-3913-thread-1] INFO org.apache.nifi.processors.standard.RouteText - RouteText[id=88577823-16f9-4de2-ba04-780edacb1bd8] Created FlowFile[3183,97610092125827.mockFlowFile,24B] from FlowFile[3182,97610092125827.mockFlowFile,24B]; routing to relationship simple
[pool-3913-thread-1] INFO org.apache.nifi.processors.standard.RouteText - RouteText[id=88577823-16f9-4de2-ba04-780edacb1bd8] Routing FlowFile[3182,97610092125827.mockFlowFile,24B] to original
[main] DEBUG org.apache.nifi.processors.standard.RouteText - RouteText[id=88577823-16f9-4de2-ba04-780edacb1bd8] Adding new dynamic property: PropertyDescriptor[simple]
[pool-3914-thread-1] INFO org.apache.nifi.processors.standard.RouteText - RouteText[id=88577823-16f9-4de2-ba04-780edacb1bd8] Created FlowFile[3185,97610092642886.mockFlowFile,24B] from FlowFile[3184,97610092642886.mockFlowFile,24B]; routing to relationship simple
[pool-3914-thread-1] INFO org.apache.nifi.processors.standard.RouteText - RouteText[id=88577823-16f9-4de2-ba04-780edacb1bd8] Routing FlowFile[3184,97610092642886.mockFlowFile,24B] to original
[main] DEBUG org.apache.nifi.processors.standard.RouteText - RouteText[id=88577823-16f9-4de2-ba04-780edacb1bd8] Adding new dynamic property: PropertyDescriptor[simple]
[pool-3915-thread-1] INFO org.apache.nifi.processors.standard.RouteText - RouteText[id=88577823-16f9-4de2-ba04-780edacb1bd8] Created FlowFile[3187,97610093137324.mockFlowFile,24B] from FlowFile[3186,97610093137324.mockFlowFile,24B]; routing to relationship simple
[pool-3915-thread-1] INFO org.apache.nifi.processors.standard.RouteText - RouteText[id=88577823-16f9-4de2-ba04-780edacb1bd8] Routing FlowFile[3186,97610093137324.mockFlowFile,24B] to original
[main] DEBUG org.apache.nifi.processors.standard.RouteText - RouteText[id=88577823-16f9-4de2-ba04-780edacb1bd8] Adding new dynamic property: PropertyDescriptor[simple]
[pool-3916-thread-1] INFO org.apache.nifi.processors.standard.RouteText - RouteText[id=88577823-16f9-4de2-ba04-780edacb1bd8] Created FlowFile[3189,97610093614490.mockFlowFile,24B] from FlowFile[3188,97610093614490.mockFlowFile,24B]; routing to relationship simple
[pool-3916-thread-1] INFO org.apache.nifi.processors.standard.RouteText - RouteText[id=88577823-16f9-4de2-ba04-780edacb1bd8] Routing FlowFile[3188,97610093614490.mockFlowFile,24B] to original
[main] DEBUG org.apache.nifi.processors.standard.RouteText - RouteText[id=88577823-16f9-4de2-ba04-780edacb1bd8] Adding new dynamic property: PropertyDescriptor[simple]
[pool-3917-thread-1] INFO org.apache.nifi.processors.standard.RouteText - RouteText[id=88577823-16f9-4de2-ba04-780edacb1bd8] Created FlowFile[3191,97610094105266.mockFlowFile,24B] from FlowFile[3190,97610094105266.mockFlowFile,24B]; routing to relationship simple
[pool-3917-thread-1] INFO org.apache.nifi.processors.standard.RouteText - RouteText[id=88577823-16f9-4de2-ba04-780edacb1bd8] Routing FlowFile[3190,97610094105266.mockFlowFile,24B] to original
[main] DEBUG org.apache.nifi.processors.standard.RouteText - RouteText[id=88577823-16f9-4de2-ba04-780edacb1bd8] Adding new dynamic property: PropertyDescriptor[simple]
[pool-3918-thread-1] INFO org.apache.nifi.processors.standard.RouteText - RouteText[id=88577823-16f9-4de2-ba04-780edacb1bd8] Created FlowFile[3193,97610094725873.mockFlowFile,24B] from FlowFile[3192,97610094725873.mockFlowFile,24B]; routing to relationship simple
[pool-3918-thread-1] INFO org.apache.nifi.processors.standard.RouteText - RouteText[id=88577823-16f9-4de2-ba04-780edacb1bd8] Routing FlowFile[3192,97610094725873.mockFlowFile,24B] to original
[main] DEBUG org.apache.nifi.processors.standard.RouteText - RouteText[id=88577823-16f9-4de2-ba04-780edacb1bd8] Adding new dynamic property: PropertyDescriptor[simple]
[pool-3919-thread-1] INFO org.apache.nifi.processors.standard.RouteText - RouteText[id=88577823-16f9-4de2-ba04-780edacb1bd8] Created FlowFile[3195,97610095289783.mockFlowFile,24B] from FlowFile[3194,97610095289783.mockFlowFile,24B]; routing to relationship simple
[pool-3919-thread-1] INFO org.apache.nifi.processors.standard.RouteText - RouteText[id=88577823-16f9-4de2-ba04-780edacb1bd8] Routing FlowFile[3194,97610095289783.mockFlowFile,24B] to original
[main] DEBUG org.apache.nifi.processors.standard.RouteText - RouteText[id=88577823-16f9-4de2-ba04-780edacb1bd8] Adding new dynamic property: PropertyDescriptor[simple]
[pool-3920-thread-1] INFO org.apache.nifi.processors.standard.RouteText - RouteText[id=88577823-16f9-4de2-ba04-780edacb1bd8] Created FlowFile[3197,97610095805144.mockFlowFile,24B] from FlowFile[3196,97610095805144.mockFlowFile,24B]; routing to relationship simple
[pool-3920-thread-1] INFO org.apache.nifi.processors.standard.RouteText - RouteText[id=88577823-16f9-4de2-ba04-780edacb1bd8] Routing FlowFile[3196,97610095805144.mockFlowFile,24B] to original
[main] DEBUG org.apache.nifi.processors.standard.RouteText - RouteText[id=88577823-16f9-4de2-ba04-780edacb1bd8] Adding new dynamic property: PropertyDescriptor[simple]
[pool-3921-thread-1] INFO org.apache.nifi.processors.standard.RouteText - RouteText[id=88577823-16f9-4de2-ba04-780edacb1bd8] Created FlowFile[3199,97610096334241.mockFlowFile,24B] from FlowFile[3198,97610096334241.mockFlowFile,24B]; routing to relationship simple
[pool-3921-thread-1] INFO org.apache.nifi.processors.standard.RouteText - RouteText[id=88577823-16f9-4de2-ba04-780edacb1bd8] Routing FlowFile[3198,97610096334241.mockFlowFile,24B] to original
[main] DEBUG org.apache.nifi.processors.standard.RouteText - RouteText[id=88577823-16f9-4de2-ba04-780edacb1bd8] Adding new dynamic property: PropertyDescriptor[simple]
[pool-3922-thread-1] INFO org.apache.nifi.processors.standard.RouteText - RouteText[id=88577823-16f9-4de2-ba04-780edacb1bd8] Created FlowFile[3201,97610096812118.mockFlowFile,24B] from FlowFile[3200,97610096812118.mockFlowFile,24B]; routing to relationship simple
[pool-3922-thread-1] INFO org.apache.nifi.processors.standard.RouteText - RouteText[id=88577823-16f9-4de2-ba04-780edacb1bd8] Routing FlowFile[3200,97610096812118.mockFlowFile,24B] to original
[main] DEBUG org.apache.nifi.processors.standard.RouteText - RouteText[id=88577823-16f9-4de2-ba04-780edacb1bd8] Adding new dynamic property: PropertyDescriptor[simple]
[pool-3923-thread-1] INFO org.apache.nifi.processors.standard.RouteText - RouteText[id=88577823-16f9-4de2-ba04-780edacb1bd8] Created FlowFile[3203,97610097253542.mockFlowFile,24B] from FlowFile[3202,97610097253542.mockFlowFile,24B]; routing to relationship simple
[pool-3923-thread-1] INFO org.apache.nifi.processors.standard.RouteText - RouteText[id=88577823-16f9-4de2-ba04-780edacb1bd8] Routing FlowFile[3202,97610097253542.mockFlowFile,24B] to original
[main] DEBUG org.apache.nifi.processors.standard.RouteText - RouteText[id=88577823-16f9-4de2-ba04-780edacb1bd8] Adding new dynamic property: PropertyDescriptor[simple]
[pool-3924-thread-1] INFO org.apache.nifi.processors.standard.RouteText - RouteText[id=88577823-16f9-4de2-ba04-780edacb1bd8] Created FlowFile[3205,97610097715522.mockFlowFile,24B] from FlowFile[3204,97610097715522.mockFlowFile,24B]; routing to relationship simple
[pool-3924-thread-1] INFO org.apache.nifi.processors.standard.RouteText - RouteText[id=88577823-16f9-4de2-ba04-780edacb1bd8] Routing FlowFile[3204,97610097715522.mockFlowFile,24B] to original
[main] DEBUG org.apache.nifi.processors.standard.RouteText - RouteText[id=88577823-16f9-4de2-ba04-780edacb1bd8] Adding new dynamic property: PropertyDescriptor[simple]
[pool-3925-thread-1] INFO org.apache.nifi.processors.standard.RouteText - RouteText[id=88577823-16f9-4de2-ba04-780edacb1bd8] Created FlowFile[3207,97610098195299.mockFlowFile,24B] from FlowFile[3206,97610098195299.mockFlowFile,24B]; routing to relationship simple
[pool-3925-thread-1] INFO org.apache.nifi.processors.standard.RouteText - RouteText[id=88577823-16f9-4de2-ba04-780edacb1bd8] Routing FlowFile[3206,97610098195299.mockFlowFile,24B] to original
[main] DEBUG org.apache.nifi.processors.standard.RouteText - RouteText[id=88577823-16f9-4de2-ba04-780edacb1bd8] Adding new dynamic property: PropertyDescriptor[simple]
[pool-3926-thread-1] INFO org.apache.nifi.processors.standard.RouteText - RouteText[id=88577823-16f9-4de2-ba04-780edacb1bd8] Created FlowFile[3209,97610098644932.mockFlowFile,24B] from FlowFile[3208,97610098644932.mockFlowFile,24B]; routing to relationship simple
[pool-3926-thread-1] INFO org.apache.nifi.processors.standard.RouteText - RouteText[id=88577823-16f9-4de2-ba04-780edacb1bd8] Routing FlowFile[3208,97610098644932.mockFlowFile,24B] to original
[main] DEBUG org.apache.nifi.processors.standard.RouteText - RouteText[id=88577823-16f9-4de2-ba04-780edacb1bd8] Adding new dynamic property: PropertyDescriptor[simple]
[pool-3927-thread-1] INFO org.apache.nifi.processors.standard.RouteText - RouteText[id=88577823-16f9-4de2-ba04-780edacb1bd8] Created FlowFile[3211,97610099094724.mockFlowFile,24B] from FlowFile[3210,97610099094724.mockFlowFile,24B]; routing to relationship simple
[pool-3927-thread-1] INFO org.apache.nifi.processors.standard.RouteText - RouteText[id=88577823-16f9-4de2-ba04-780edacb1bd8] Routing FlowFile[3210,97610099094724.mockFlowFile,24B] to original
[main] DEBUG org.apache.nifi.processors.standard.RouteText - RouteText[id=88577823-16f9-4de2-ba04-780edacb1bd8] Adding new dynamic property: PropertyDescriptor[simple]
[pool-3928-thread-1] INFO org.apache.nifi.processors.standard.RouteText - RouteText[id=88577823-16f9-4de2-ba04-780edacb1bd8] Created FlowFile[3213,97610099545194.mockFlowFile,24B] from FlowFile[3212,97610099545194.mockFlowFile,24B]; routing to relationship simple
[pool-3928-thread-1] INFO org.apache.nifi.processors.standard.RouteText - RouteText[id=88577823-16f9-4de2-ba04-780edacb1bd8] Routing FlowFile[3212,97610099545194.mockFlowFile,24B] to original
[main] DEBUG org.apache.nifi.processors.standard.RouteText - RouteText[id=88577823-16f9-4de2-ba04-780edacb1bd8] Adding new dynamic property: PropertyDescriptor[simple]
[pool-3929-thread-1] INFO org.apache.nifi.processors.standard.RouteText - RouteText[id=88577823-16f9-4de2-ba04-780edacb1bd8] Created FlowFile[3215,97610099988901.mockFlowFile,24B] from FlowFile[3214,97610099988901.mockFlowFile,24B]; routing to relationship simple
[pool-3929-thread-1] INFO org.apache.nifi.processors.standard.RouteText - RouteText[id=88577823-16f9-4de2-ba04-780edacb1bd8] Routing FlowFile[3214,97610099988901.mockFlowFile,24B] to original
[main] DEBUG org.apache.nifi.processors.standard.RouteText - RouteText[id=88577823-16f9-4de2-ba04-780edacb1bd8] Adding new dynamic property: PropertyDescriptor[simple]
[pool-3930-thread-1] INFO org.apache.nifi.processors.standard.RouteText - RouteText[id=88577823-16f9-4de2-ba04-780edacb1bd8] Created FlowFile[3217,97610100624957.mockFlowFile,24B] from FlowFile[3216,97610100624957.mockFlowFile,24B]; routing to relationship simple
[pool-3930-thread-1] INFO org.apache.nifi.processors.standard.RouteText - RouteText[id=88577823-16f9-4de2-ba04-780edacb1bd8] Routing FlowFile[3216,97610100624957.mockFlowFile,24B] to original
[main] DEBUG org.apache.nifi.processors.standard.RouteText - RouteText[id=88577823-16f9-4de2-ba04-780edacb1bd8] Adding new dynamic property: PropertyDescriptor[simple]
[pool-3931-thread-1] INFO org.apache.nifi.processors.standard.RouteText - RouteText[id=88577823-16f9-4de2-ba04-780edacb1bd8] Created FlowFile[3219,97610101106340.mockFlowFile,24B] from FlowFile[3218,97610101106340.mockFlowFile,24B]; routing to relationship simple
[pool-3931-thread-1] INFO org.apache.nifi.processors.standard.RouteText - RouteText[id=88577823-16f9-4de2-ba04-780edacb1bd8] Routing FlowFile[3218,97610101106340.mockFlowFile,24B] to original
[main] DEBUG org.apache.nifi.processors.standard.RouteText - RouteText[id=88577823-16f9-4de2-ba04-780edacb1bd8] Adding new dynamic property: PropertyDescriptor[simple]
[pool-3932-thread-1] INFO org.apache.nifi.processors.standard.RouteText - RouteText[id=88577823-16f9-4de2-ba04-780edacb1bd8] Created FlowFile[3221,97610101547375.mockFlowFile,24B] from FlowFile[3220,97610101547375.mockFlowFile,24B]; routing to relationship simple
[pool-3932-thread-1] INFO org.apache.nifi.processors.standard.RouteText - RouteText[id=88577823-16f9-4de2-ba04-780edacb1bd8] Routing FlowFile[3220,97610101547375.mockFlowFile,24B] to original
[main] DEBUG org.apache.nifi.processors.standard.RouteText - RouteText[id=88577823-16f9-4de2-ba04-780edacb1bd8] Adding new dynamic property: PropertyDescriptor[simple]
[pool-3933-thread-1] INFO org.apache.nifi.processors.standard.RouteText - RouteText[id=88577823-16f9-4de2-ba04-780edacb1bd8] Created FlowFile[3223,97610101976524.mockFlowFile,24B] from FlowFile[3222,97610101976524.mockFlowFile,24B]; routing to relationship simple
[pool-3933-thread-1] INFO org.apache.nifi.processors.standard.RouteText - RouteText[id=88577823-16f9-4de2-ba04-780edacb1bd8] Routing FlowFile[3222,97610101976524.mockFlowFile,24B] to original
[main] DEBUG org.apache.nifi.processors.standard.RouteText - RouteText[id=88577823-16f9-4de2-ba04-780edacb1bd8] Adding new dynamic property: PropertyDescriptor[simple]
[pool-3934-thread-1] INFO org.apache.nifi.processors.standard.RouteText - RouteText[id=88577823-16f9-4de2-ba04-780edacb1bd8] Created FlowFile[3225,97610102403515.mockFlowFile,24B] from FlowFile[3224,97610102403515.mockFlowFile,24B]; routing to relationship simple
[pool-3934-thread-1] INFO org.apache.nifi.processors.standard.RouteText - RouteText[id=88577823-16f9-4de2-ba04-780edacb1bd8] Routing FlowFile[3224,97610102403515.mockFlowFile,24B] to original
[main] DEBUG org.apache.nifi.processors.standard.RouteText - RouteText[id=88577823-16f9-4de2-ba04-780edacb1bd8] Adding new dynamic property: PropertyDescriptor[simple]
[pool-3935-thread-1] INFO org.apache.nifi.processors.standard.RouteText - RouteText[id=88577823-16f9-4de2-ba04-780edacb1bd8] Created FlowFile[3227,97610102831775.mockFlowFile,24B] from FlowFile[3226,97610102831775.mockFlowFile,24B]; routing to relationship simple
[pool-3935-thread-1] INFO org.apache.nifi.processors.standard.RouteText - RouteText[id=88577823-16f9-4de2-ba04-780edacb1bd8] Routing FlowFile[3226,97610102831775.mockFlowFile,24B] to original
[main] DEBUG org.apache.nifi.processors.standard.RouteText - RouteText[id=88577823-16f9-4de2-ba04-780edacb1bd8] Adding new dynamic property: PropertyDescriptor[simple]
[pool-3936-thread-1] INFO org.apache.nifi.processors.standard.RouteText - RouteText[id=88577823-16f9-4de2-ba04-780edacb1bd8] Created FlowFile[3229,97610103233034.mockFlowFile,24B] from FlowFile[3228,97610103233034.mockFlowFile,24B]; routing to relationship simple
[pool-3936-thread-1] INFO org.apache.nifi.processors.standard.RouteText - RouteText[id=88577823-16f9-4de2-ba04-780edacb1bd8] Routing FlowFile[3228,97610103233034.mockFlowFile,24B] to original
[main] DEBUG org.apache.nifi.processors.standard.RouteText - RouteText[id=88577823-16f9-4de2-ba04-780edacb1bd8] Adding new dynamic property: PropertyDescriptor[simple]
[pool-3937-thread-1] INFO org.apache.nifi.processors.standard.RouteText - RouteText[id=88577823-16f9-4de2-ba04-780edacb1bd8] Created FlowFile[3231,97610103686591.mockFlowFile,24B] from FlowFile[3230,97610103686591.mockFlowFile,24B]; routing to relationship simple
[pool-3937-thread-1] INFO org.apache.nifi.processors.standard.RouteText - RouteText[id=88577823-16f9-4de2-ba04-780edacb1bd8] Routing FlowFile[3230,97610103686591.mockFlowFile,24B] to original
[main] DEBUG org.apache.nifi.processors.standard.RouteText - RouteText[id=88577823-16f9-4de2-ba04-780edacb1bd8] Adding new dynamic property: PropertyDescriptor[simple]
[pool-3938-thread-1] INFO org.apache.nifi.processors.standard.RouteText - RouteText[id=88577823-16f9-4de2-ba04-780edacb1bd8] Created FlowFile[3233,97610105857254.mockFlowFile,24B] from FlowFile[3232,97610105857254.mockFlowFile,24B]; routing to relationship simple
[pool-3938-thread-1] INFO org.apache.nifi.processors.standard.RouteText - RouteText[id=88577823-16f9-4de2-ba04-780edacb1bd8] Routing FlowFile[3232,97610105857254.mockFlowFile,24B] to original
[main] DEBUG org.apache.nifi.processors.standard.RouteText - RouteText[id=88577823-16f9-4de2-ba04-780edacb1bd8] Adding new dynamic property: PropertyDescriptor[simple]
[pool-3939-thread-1] INFO org.apache.nifi.processors.standard.RouteText - RouteText[id=88577823-16f9-4de2-ba04-780edacb1bd8] Created FlowFile[3235,97610106545142.mockFlowFile,24B] from FlowFile[3234,97610106545142.mockFlowFile,24B]; routing to relationship simple
[pool-3939-thread-1] INFO org.apache.nifi.processors.standard.RouteText - RouteText[id=88577823-16f9-4de2-ba04-780edacb1bd8] Routing FlowFile[3234,97610106545142.mockFlowFile,24B] to original
[main] DEBUG org.apache.nifi.processors.standard.RouteText - RouteText[id=88577823-16f9-4de2-ba04-780edacb1bd8] Adding new dynamic property: PropertyDescriptor[simple]
[pool-3940-thread-1] INFO org.apache.nifi.processors.standard.RouteText - RouteText[id=88577823-16f9-4de2-ba04-780edacb1bd8] Created FlowFile[3237,97610107215989.mockFlowFile,24B] from FlowFile[3236,97610107215989.mockFlowFile,24B]; routing to relationship simple
[pool-3940-thread-1] INFO org.apache.nifi.processors.standard.RouteText - RouteText[id=88577823-16f9-4de2-ba04-780edacb1bd8] Routing FlowFile[3236,97610107215989.mockFlowFile,24B] to original
[main] DEBUG org.apache.nifi.processors.standard.RouteText - RouteText[id=88577823-16f9-4de2-ba04-780edacb1bd8] Adding new dynamic property: PropertyDescriptor[simple]
[pool-3941-thread-1] INFO org.apache.nifi.processors.standard.RouteText - RouteText[id=88577823-16f9-4de2-ba04-780edacb1bd8] Created FlowFile[3239,97610107867261.mockFlowFile,24B] from FlowFile[3238,97610107867261.mockFlowFile,24B]; routing to relationship simple
[pool-3941-thread-1] INFO org.apache.nifi.processors.standard.RouteText - RouteText[id=88577823-16f9-4de2-ba04-780edacb1bd8] Routing FlowFile[3238,97610107867261.mockFlowFile,24B] to original
[main] DEBUG org.apache.nifi.processors.standard.RouteText - RouteText[id=88577823-16f9-4de2-ba04-780edacb1bd8] Adding new dynamic property: PropertyDescriptor[simple]
[pool-3942-thread-1] INFO org.apache.nifi.processors.standard.RouteText - RouteText[id=88577823-16f9-4de2-ba04-780edacb1bd8] Created FlowFile[3241,97610108493829.mockFlowFile,24B] from FlowFile[3240,97610108493829.mockFlowFile,24B]; routing to relationship simple
[pool-3942-thread-1] INFO org.apache.nifi.processors.standard.RouteText - RouteText[id=88577823-16f9-4de2-ba04-780edacb1bd8] Routing FlowFile[3240,97610108493829.mockFlowFile,24B] to original
[main] DEBUG org.apache.nifi.processors.standard.RouteText - RouteText[id=88577823-16f9-4de2-ba04-780edacb1bd8] Adding new dynamic property: PropertyDescriptor[simple]
[pool-3943-thread-1] INFO org.apache.nifi.processors.standard.RouteText - RouteText[id=88577823-16f9-4de2-ba04-780edacb1bd8] Created FlowFile[3243,97610109300781.mockFlowFile,24B] from FlowFile[3242,97610109300781.mockFlowFile,24B]; routing to relationship simple
[pool-3943-thread-1] INFO org.apache.nifi.processors.standard.RouteText - RouteText[id=88577823-16f9-4de2-ba04-780edacb1bd8] Routing FlowFile[3242,97610109300781.mockFlowFile,24B] to original
[main] DEBUG org.apache.nifi.processors.standard.RouteText - RouteText[id=88577823-16f9-4de2-ba04-780edacb1bd8] Adding new dynamic property: PropertyDescriptor[simple]
[pool-3944-thread-1] INFO org.apache.nifi.processors.standard.RouteText - RouteText[id=88577823-16f9-4de2-ba04-780edacb1bd8] Created FlowFile[3245,97610111108219.mockFlowFile,24B] from FlowFile[3244,97610111108219.mockFlowFile,24B]; routing to relationship simple
[pool-3944-thread-1] INFO org.apache.nifi.processors.standard.RouteText - RouteText[id=88577823-16f9-4de2-ba04-780edacb1bd8] Routing FlowFile[3244,97610111108219.mockFlowFile,24B] to original
[main] DEBUG org.apache.nifi.processors.standard.RouteText - RouteText[id=88577823-16f9-4de2-ba04-780edacb1bd8] Adding new dynamic property: PropertyDescriptor[simple]
[pool-3945-thread-1] INFO org.apache.nifi.processors.standard.RouteText - RouteText[id=88577823-16f9-4de2-ba04-780edacb1bd8] Created FlowFile[3247,97610111909781.mockFlowFile,24B] from FlowFile[3246,97610111909781.mockFlowFile,24B]; routing to relationship simple
[pool-3945-thread-1] INFO org.apache.nifi.processors.standard.RouteText - RouteText[id=88577823-16f9-4de2-ba04-780edacb1bd8] Routing FlowFile[3246,97610111909781.mockFlowFile,24B] to original
[main] DEBUG org.apache.nifi.processors.standard.RouteText - RouteText[id=88577823-16f9-4de2-ba04-780edacb1bd8] Adding new dynamic property: PropertyDescriptor[simple]
[pool-3946-thread-1] INFO org.apache.nifi.processors.standard.RouteText - RouteText[id=88577823-16f9-4de2-ba04-780edacb1bd8] Created FlowFile[3249,97610112775997.mockFlowFile,24B] from FlowFile[3248,97610112775997.mockFlowFile,24B]; routing to relationship simple
[pool-3946-thread-1] INFO org.apache.nifi.processors.standard.RouteText - RouteText[id=88577823-16f9-4de2-ba04-780edacb1bd8] Routing FlowFile[3248,97610112775997.mockFlowFile,24B] to original
[main] DEBUG org.apache.nifi.processors.standard.RouteText - RouteText[id=88577823-16f9-4de2-ba04-780edacb1bd8] Adding new dynamic property: PropertyDescriptor[simple]
[pool-3947-thread-1] INFO org.apache.nifi.processors.standard.RouteText - RouteText[id=88577823-16f9-4de2-ba04-780edacb1bd8] Created FlowFile[3251,97610114582481.mockFlowFile,24B] from FlowFile[3250,97610114582481.mockFlowFile,24B]; routing to relationship simple
[pool-3947-thread-1] INFO org.apache.nifi.processors.standard.RouteText - RouteText[id=88577823-16f9-4de2-ba04-780edacb1bd8] Routing FlowFile[3250,97610114582481.mockFlowFile,24B] to original
[main] DEBUG org.apache.nifi.processors.standard.RouteText - RouteText[id=88577823-16f9-4de2-ba04-780edacb1bd8] Adding new dynamic property: PropertyDescriptor[simple]
[pool-3948-thread-1] INFO org.apache.nifi.processors.standard.RouteText - RouteText[id=88577823-16f9-4de2-ba04-780edacb1bd8] Created FlowFile[3253,97610124424988.mockFlowFile,24B] from FlowFile[3252,97610124424988.mockFlowFile,24B]; routing to relationship simple
[pool-3948-thread-1] INFO org.apache.nifi.processors.standard.RouteText - RouteText[id=88577823-16f9-4de2-ba04-780edacb1bd8] Routing FlowFile[3252,97610124424988.mockFlowFile,24B] to original
[main] DEBUG org.apache.nifi.processors.standard.RouteText - RouteText[id=88577823-16f9-4de2-ba04-780edacb1bd8] Adding new dynamic property: PropertyDescriptor[simple]
[pool-3949-thread-1] INFO org.apache.nifi.processors.standard.RouteText - RouteText[id=88577823-16f9-4de2-ba04-780edacb1bd8] Created FlowFile[3255,97610140483221.mockFlowFile,24B] from FlowFile[3254,97610140483221.mockFlowFile,24B]; routing to relationship simple
[pool-3949-thread-1] INFO org.apache.nifi.processors.standard.RouteText - RouteText[id=88577823-16f9-4de2-ba04-780edacb1bd8] Routing FlowFile[3254,97610140483221.mockFlowFile,24B] to original
[main] DEBUG org.apache.nifi.processors.standard.RouteText - RouteText[id=88577823-16f9-4de2-ba04-780edacb1bd8] Adding new dynamic property: PropertyDescriptor[simple]
[pool-3950-thread-1] INFO org.apache.nifi.processors.standard.RouteText - RouteText[id=88577823-16f9-4de2-ba04-780edacb1bd8] Created FlowFile[3257,97610143556589.mockFlowFile,24B] from FlowFile[3256,97610143556589.mockFlowFile,24B]; routing to relationship simple
[pool-3950-thread-1] INFO org.apache.nifi.processors.standard.RouteText - RouteText[id=88577823-16f9-4de2-ba04-780edacb1bd8] Routing FlowFile[3256,97610143556589.mockFlowFile,24B] to original
[main] DEBUG org.apache.nifi.processors.standard.RouteText - RouteText[id=88577823-16f9-4de2-ba04-780edacb1bd8] Adding new dynamic property: PropertyDescriptor[simple]
[pool-3951-thread-1] INFO org.apache.nifi.processors.standard.RouteText - RouteText[id=88577823-16f9-4de2-ba04-780edacb1bd8] Created FlowFile[3259,97610144288377.mockFlowFile,24B] from FlowFile[3258,97610144288377.mockFlowFile,24B]; routing to relationship simple
[pool-3951-thread-1] INFO org.apache.nifi.processors.standard.RouteText - RouteText[id=88577823-16f9-4de2-ba04-780edacb1bd8] Routing FlowFile[3258,97610144288377.mockFlowFile,24B] to original
[main] DEBUG org.apache.nifi.processors.standard.RouteText - RouteText[id=88577823-16f9-4de2-ba04-780edacb1bd8] Adding new dynamic property: PropertyDescriptor[simple]
[pool-3952-thread-1] INFO org.apache.nifi.processors.standard.RouteText - RouteText[id=88577823-16f9-4de2-ba04-780edacb1bd8] Created FlowFile[3261,97610144804459.mockFlowFile,24B] from FlowFile[3260,97610144804459.mockFlowFile,24B]; routing to relationship simple
[pool-3952-thread-1] INFO org.apache.nifi.processors.standard.RouteText - RouteText[id=88577823-16f9-4de2-ba04-780edacb1bd8] Routing FlowFile[3260,97610144804459.mockFlowFile,24B] to original
[main] DEBUG org.apache.nifi.processors.standard.RouteText - RouteText[id=88577823-16f9-4de2-ba04-780edacb1bd8] Adding new dynamic property: PropertyDescriptor[simple]
[pool-3953-thread-1] INFO org.apache.nifi.processors.standard.RouteText - RouteText[id=88577823-16f9-4de2-ba04-780edacb1bd8] Created FlowFile[3263,97610145294021.mockFlowFile,24B] from FlowFile[3262,97610145294021.mockFlowFile,24B]; routing to relationship simple
[pool-3953-thread-1] INFO org.apache.nifi.processors.standard.RouteText - RouteText[id=88577823-16f9-4de2-ba04-780edacb1bd8] Routing FlowFile[3262,97610145294021.mockFlowFile,24B] to original
[main] DEBUG org.apache.nifi.processors.standard.RouteText - RouteText[id=88577823-16f9-4de2-ba04-780edacb1bd8] Adding new dynamic property: PropertyDescriptor[simple]
[pool-3954-thread-1] INFO org.apache.nifi.processors.standard.RouteText - RouteText[id=88577823-16f9-4de2-ba04-780edacb1bd8] Created FlowFile[3265,97610145787062.mockFlowFile,24B] from FlowFile[3264,97610145787062.mockFlowFile,24B]; routing to relationship simple
[pool-3954-thread-1] INFO org.apache.nifi.processors.standard.RouteText - RouteText[id=88577823-16f9-4de2-ba04-780edacb1bd8] Routing FlowFile[3264,97610145787062.mockFlowFile,24B] to original
[main] DEBUG org.apache.nifi.processors.standard.RouteText - RouteText[id=88577823-16f9-4de2-ba04-780edacb1bd8] Adding new dynamic property: PropertyDescriptor[simple]
[pool-3955-thread-1] INFO org.apache.nifi.processors.standard.RouteText - RouteText[id=88577823-16f9-4de2-ba04-780edacb1bd8] Created FlowFile[3267,97610146322898.mockFlowFile,24B] from FlowFile[3266,97610146322898.mockFlowFile,24B]; routing to relationship simple
[pool-3955-thread-1] INFO org.apache.nifi.processors.standard.RouteText - RouteText[id=88577823-16f9-4de2-ba04-780edacb1bd8] Routing FlowFile[3266,97610146322898.mockFlowFile,24B] to original
[main] DEBUG org.apache.nifi.processors.standard.RouteText - RouteText[id=88577823-16f9-4de2-ba04-780edacb1bd8] Adding new dynamic property: PropertyDescriptor[simple]
[pool-3956-thread-1] INFO org.apache.nifi.processors.standard.RouteText - RouteText[id=88577823-16f9-4de2-ba04-780edacb1bd8] Created FlowFile[3269,97610146811902.mockFlowFile,24B] from FlowFile[3268,97610146811902.mockFlowFile,24B]; routing to relationship simple
[pool-3956-thread-1] INFO org.apache.nifi.processors.standard.RouteText - RouteText[id=88577823-16f9-4de2-ba04-780edacb1bd8] Routing FlowFile[3268,97610146811902.mockFlowFile,24B] to original
[main] DEBUG org.apache.nifi.processors.standard.RouteText - RouteText[id=88577823-16f9-4de2-ba04-780edacb1bd8] Adding new dynamic property: PropertyDescriptor[simple]
[pool-3957-thread-1] INFO org.apache.nifi.processors.standard.RouteText - RouteText[id=88577823-16f9-4de2-ba04-780edacb1bd8] Created FlowFile[3271,97610147296781.mockFlowFile,24B] from FlowFile[3270,97610147296781.mockFlowFile,24B]; routing to relationship simple
[pool-3957-thread-1] INFO org.apache.nifi.processors.standard.RouteText - RouteText[id=88577823-16f9-4de2-ba04-780edacb1bd8] Routing FlowFile[3270,97610147296781.mockFlowFile,24B] to original
[main] DEBUG org.apache.nifi.processors.standard.RouteText - RouteText[id=88577823-16f9-4de2-ba04-780edacb1bd8] Adding new dynamic property: PropertyDescriptor[simple]
[pool-3958-thread-1] INFO org.apache.nifi.processors.standard.RouteText - RouteText[id=88577823-16f9-4de2-ba04-780edacb1bd8] Created FlowFile[3273,97610147778360.mockFlowFile,24B] from FlowFile[3272,97610147778360.mockFlowFile,24B]; routing to relationship simple
[pool-3958-thread-1] INFO org.apache.nifi.processors.standard.RouteText - RouteText[id=88577823-16f9-4de2-ba04-780edacb1bd8] Routing FlowFile[3272,97610147778360.mockFlowFile,24B] to original
[main] DEBUG org.apache.nifi.processors.standard.RouteText - RouteText[id=88577823-16f9-4de2-ba04-780edacb1bd8] Adding new dynamic property: PropertyDescriptor[simple]
[pool-3959-thread-1] INFO org.apache.nifi.processors.standard.RouteText - RouteText[id=88577823-16f9-4de2-ba04-780edacb1bd8] Created FlowFile[3275,97610148290930.mockFlowFile,24B] from FlowFile[3274,97610148290930.mockFlowFile,24B]; routing to relationship simple
[pool-3959-thread-1] INFO org.apache.nifi.processors.standard.RouteText - RouteText[id=88577823-16f9-4de2-ba04-780edacb1bd8] Routing FlowFile[3274,97610148290930.mockFlowFile,24B] to original
[main] DEBUG org.apache.nifi.processors.standard.RouteText - RouteText[id=88577823-16f9-4de2-ba04-780edacb1bd8] Adding new dynamic property: PropertyDescriptor[simple]
[pool-3960-thread-1] INFO org.apache.nifi.processors.standard.RouteText - RouteText[id=88577823-16f9-4de2-ba04-780edacb1bd8] Created FlowFile[3277,97610148806944.mockFlowFile,24B] from FlowFile[3276,97610148806944.mockFlowFile,24B]; routing to relationship simple
[pool-3960-thread-1] INFO org.apache.nifi.processors.standard.RouteText - RouteText[id=88577823-16f9-4de2-ba04-780edacb1bd8] Routing FlowFile[3276,97610148806944.mockFlowFile,24B] to original
[main] DEBUG org.apache.nifi.processors.standard.RouteText - RouteText[id=88577823-16f9-4de2-ba04-780edacb1bd8] Adding new dynamic property: PropertyDescriptor[simple]
[pool-3961-thread-1] INFO org.apache.nifi.processors.standard.RouteText - RouteText[id=88577823-16f9-4de2-ba04-780edacb1bd8] Created FlowFile[3279,97610149344406.mockFlowFile,24B] from FlowFile[3278,97610149344406.mockFlowFile,24B]; routing to relationship simple
[pool-3961-thread-1] INFO org.apache.nifi.processors.standard.RouteText - RouteText[id=88577823-16f9-4de2-ba04-780edacb1bd8] Routing FlowFile[3278,97610149344406.mockFlowFile,24B] to original
[main] DEBUG org.apache.nifi.processors.standard.RouteText - RouteText[id=88577823-16f9-4de2-ba04-780edacb1bd8] Adding new dynamic property: PropertyDescriptor[simple]
[pool-3962-thread-1] INFO org.apache.nifi.processors.standard.RouteText - RouteText[id=88577823-16f9-4de2-ba04-780edacb1bd8] Created FlowFile[3281,97610149898803.mockFlowFile,24B] from FlowFile[3280,97610149898803.mockFlowFile,24B]; routing to relationship simple
[pool-3962-thread-1] INFO org.apache.nifi.processors.standard.RouteText - RouteText[id=88577823-16f9-4de2-ba04-780edacb1bd8] Routing FlowFile[3280,97610149898803.mockFlowFile,24B] to original
[main] DEBUG org.apache.nifi.processors.standard.RouteText - RouteText[id=88577823-16f9-4de2-ba04-780edacb1bd8] Adding new dynamic property: PropertyDescriptor[simple]
[pool-3963-thread-1] INFO org.apache.nifi.processors.standard.RouteText - RouteText[id=88577823-16f9-4de2-ba04-780edacb1bd8] Created FlowFile[3283,97610150358747.mockFlowFile,24B] from FlowFile[3282,97610150358747.mockFlowFile,24B]; routing to relationship simple
[pool-3963-thread-1] INFO org.apache.nifi.processors.standard.RouteText - RouteText[id=88577823-16f9-4de2-ba04-780edacb1bd8] Routing FlowFile[3282,97610150358747.mockFlowFile,24B] to original
[main] DEBUG org.apache.nifi.processors.standard.RouteText - RouteText[id=88577823-16f9-4de2-ba04-780edacb1bd8] Adding new dynamic property: PropertyDescriptor[simple]
[pool-3964-thread-1] INFO org.apache.nifi.processors.standard.RouteText - RouteText[id=88577823-16f9-4de2-ba04-780edacb1bd8] Created FlowFile[3285,97610150795297.mockFlowFile,24B] from FlowFile[3284,97610150795297.mockFlowFile,24B]; routing to relationship simple
[pool-3964-thread-1] INFO org.apache.nifi.processors.standard.RouteText - RouteText[id=88577823-16f9-4de2-ba04-780edacb1bd8] Routing FlowFile[3284,97610150795297.mockFlowFile,24B] to original
[main] DEBUG org.apache.nifi.processors.standard.RouteText - RouteText[id=88577823-16f9-4de2-ba04-780edacb1bd8] Adding new dynamic property: PropertyDescriptor[simple]
[pool-3965-thread-1] INFO org.apache.nifi.processors.standard.RouteText - RouteText[id=88577823-16f9-4de2-ba04-780edacb1bd8] Created FlowFile[3287,97610151143724.mockFlowFile,24B] from FlowFile[3286,97610151143724.mockFlowFile,24B]; routing to relationship simple
[pool-3965-thread-1] INFO org.apache.nifi.processors.standard.RouteText - RouteText[id=88577823-16f9-4de2-ba04-780edacb1bd8] Routing FlowFile[3286,97610151143724.mockFlowFile,24B] to original
[main] DEBUG org.apache.nifi.processors.standard.RouteText - RouteText[id=88577823-16f9-4de2-ba04-780edacb1bd8] Adding new dynamic property: PropertyDescriptor[simple]
[pool-3966-thread-1] INFO org.apache.nifi.processors.standard.RouteText - RouteText[id=88577823-16f9-4de2-ba04-780edacb1bd8] Created FlowFile[3289,97610151560124.mockFlowFile,24B] from FlowFile[3288,97610151560124.mockFlowFile,24B]; routing to relationship simple
[pool-3966-thread-1] INFO org.apache.nifi.processors.standard.RouteText - RouteText[id=88577823-16f9-4de2-ba04-780edacb1bd8] Routing FlowFile[3288,97610151560124.mockFlowFile,24B] to original
[main] DEBUG org.apache.nifi.processors.standard.RouteText - RouteText[id=88577823-16f9-4de2-ba04-780edacb1bd8] Adding new dynamic property: PropertyDescriptor[simple]
[pool-3967-thread-1] INFO org.apache.nifi.processors.standard.RouteText - RouteText[id=88577823-16f9-4de2-ba04-780edacb1bd8] Created FlowFile[3291,97610151901143.mockFlowFile,24B] from FlowFile[3290,97610151901143.mockFlowFile,24B]; routing to relationship simple
[pool-3967-thread-1] INFO org.apache.nifi.processors.standard.RouteText - RouteText[id=88577823-16f9-4de2-ba04-780edacb1bd8] Routing FlowFile[3290,97610151901143.mockFlowFile,24B] to original
[main] DEBUG org.apache.nifi.processors.standard.RouteText - RouteText[id=88577823-16f9-4de2-ba04-780edacb1bd8] Adding new dynamic property: PropertyDescriptor[simple]
[pool-3968-thread-1] INFO org.apache.nifi.processors.standard.RouteText - RouteText[id=88577823-16f9-4de2-ba04-780edacb1bd8] Created FlowFile[3293,97610152388025.mockFlowFile,24B] from FlowFile[3292,97610152388025.mockFlowFile,24B]; routing to relationship simple
[pool-3968-thread-1] INFO org.apache.nifi.processors.standard.RouteText - RouteText[id=88577823-16f9-4de2-ba04-780edacb1bd8] Routing FlowFile[3292,97610152388025.mockFlowFile,24B] to original
[main] DEBUG org.apache.nifi.processors.standard.RouteText - RouteText[id=88577823-16f9-4de2-ba04-780edacb1bd8] Adding new dynamic property: PropertyDescriptor[simple]
[pool-3969-thread-1] INFO org.apache.nifi.processors.standard.RouteText - RouteText[id=88577823-16f9-4de2-ba04-780edacb1bd8] Created FlowFile[3295,97610152825689.mockFlowFile,24B] from FlowFile[3294,97610152825689.mockFlowFile,24B]; routing to relationship simple
[pool-3969-thread-1] INFO org.apache.nifi.processors.standard.RouteText - RouteText[id=88577823-16f9-4de2-ba04-780edacb1bd8] Routing FlowFile[3294,97610152825689.mockFlowFile,24B] to original
[main] DEBUG org.apache.nifi.processors.standard.RouteText - RouteText[id=88577823-16f9-4de2-ba04-780edacb1bd8] Adding new dynamic property: PropertyDescriptor[simple]
[pool-3970-thread-1] INFO org.apache.nifi.processors.standard.RouteText - RouteText[id=88577823-16f9-4de2-ba04-780edacb1bd8] Created FlowFile[3297,97610153247402.mockFlowFile,24B] from FlowFile[3296,97610153247402.mockFlowFile,24B]; routing to relationship simple
[pool-3970-thread-1] INFO org.apache.nifi.processors.standard.RouteText - RouteText[id=88577823-16f9-4de2-ba04-780edacb1bd8] Routing FlowFile[3296,97610153247402.mockFlowFile,24B] to original
[main] DEBUG org.apache.nifi.processors.standard.RouteText - RouteText[id=88577823-16f9-4de2-ba04-780edacb1bd8] Adding new dynamic property: PropertyDescriptor[simple]
[pool-3971-thread-1] INFO org.apache.nifi.processors.standard.RouteText - RouteText[id=88577823-16f9-4de2-ba04-780edacb1bd8] Created FlowFile[3299,97610153701439.mockFlowFile,24B] from FlowFile[3298,97610153701439.mockFlowFile,24B]; routing to relationship simple
[pool-3971-thread-1] INFO org.apache.nifi.processors.standard.RouteText - RouteText[id=88577823-16f9-4de2-ba04-780edacb1bd8] Routing FlowFile[3298,97610153701439.mockFlowFile,24B] to original
[main] DEBUG org.apache.nifi.processors.standard.RouteText - RouteText[id=88577823-16f9-4de2-ba04-780edacb1bd8] Adding new dynamic property: PropertyDescriptor[simple]
[pool-3972-thread-1] INFO org.apache.nifi.processors.standard.RouteText - RouteText[id=88577823-16f9-4de2-ba04-780edacb1bd8] Created FlowFile[3301,97610154022436.mockFlowFile,24B] from FlowFile[3300,97610154022436.mockFlowFile,24B]; routing to relationship simple
[pool-3972-thread-1] INFO org.apache.nifi.processors.standard.RouteText - RouteText[id=88577823-16f9-4de2-ba04-780edacb1bd8] Routing FlowFile[3300,97610154022436.mockFlowFile,24B] to original
[main] DEBUG org.apache.nifi.processors.standard.RouteText - RouteText[id=88577823-16f9-4de2-ba04-780edacb1bd8] Adding new dynamic property: PropertyDescriptor[simple]
[pool-3973-thread-1] INFO org.apache.nifi.processors.standard.RouteText - RouteText[id=88577823-16f9-4de2-ba04-780edacb1bd8] Created FlowFile[3303,97610154346042.mockFlowFile,24B] from FlowFile[3302,97610154346042.mockFlowFile,24B]; routing to relationship simple
[pool-3973-thread-1] INFO org.apache.nifi.processors.standard.RouteText - RouteText[id=88577823-16f9-4de2-ba04-780edacb1bd8] Routing FlowFile[3302,97610154346042.mockFlowFile,24B] to original
[main] DEBUG org.apache.nifi.processors.standard.RouteText - RouteText[id=88577823-16f9-4de2-ba04-780edacb1bd8] Adding new dynamic property: PropertyDescriptor[simple]
[pool-3974-thread-1] INFO org.apache.nifi.processors.standard.RouteText - RouteText[id=88577823-16f9-4de2-ba04-780edacb1bd8] Created FlowFile[3305,97610154820673.mockFlowFile,24B] from FlowFile[3304,97610154820673.mockFlowFile,24B]; routing to relationship simple
[pool-3974-thread-1] INFO org.apache.nifi.processors.standard.RouteText - RouteText[id=88577823-16f9-4de2-ba04-780edacb1bd8] Routing FlowFile[3304,97610154820673.mockFlowFile,24B] to original
[main] DEBUG org.apache.nifi.processors.standard.RouteText - RouteText[id=88577823-16f9-4de2-ba04-780edacb1bd8] Adding new dynamic property: PropertyDescriptor[simple]
[pool-3975-thread-1] INFO org.apache.nifi.processors.standard.RouteText - RouteText[id=88577823-16f9-4de2-ba04-780edacb1bd8] Created FlowFile[3307,97610155219304.mockFlowFile,24B] from FlowFile[3306,97610155219304.mockFlowFile,24B]; routing to relationship simple
[pool-3975-thread-1] INFO org.apache.nifi.processors.standard.RouteText - RouteText[id=88577823-16f9-4de2-ba04-780edacb1bd8] Routing FlowFile[3306,97610155219304.mockFlowFile,24B] to original
[main] DEBUG org.apache.nifi.processors.standard.RouteText - RouteText[id=88577823-16f9-4de2-ba04-780edacb1bd8] Adding new dynamic property: PropertyDescriptor[simple]
[pool-3976-thread-1] INFO org.apache.nifi.processors.standard.RouteText - RouteText[id=88577823-16f9-4de2-ba04-780edacb1bd8] Created FlowFile[3309,97610155636797.mockFlowFile,24B] from FlowFile[3308,97610155636797.mockFlowFile,24B]; routing to relationship simple
[pool-3976-thread-1] INFO org.apache.nifi.processors.standard.RouteText - RouteText[id=88577823-16f9-4de2-ba04-780edacb1bd8] Routing FlowFile[3308,97610155636797.mockFlowFile,24B] to original
[main] DEBUG org.apache.nifi.processors.standard.RouteText - RouteText[id=88577823-16f9-4de2-ba04-780edacb1bd8] Adding new dynamic property: PropertyDescriptor[simple]
[pool-3977-thread-1] INFO org.apache.nifi.processors.standard.RouteText - RouteText[id=88577823-16f9-4de2-ba04-780edacb1bd8] Created FlowFile[3311,97610156072941.mockFlowFile,24B] from FlowFile[3310,97610156072941.mockFlowFile,24B]; routing to relationship simple
[pool-3977-thread-1] INFO org.apache.nifi.processors.standard.RouteText - RouteText[id=88577823-16f9-4de2-ba04-780edacb1bd8] Routing FlowFile[3310,97610156072941.mockFlowFile,24B] to original
[main] DEBUG org.apache.nifi.processors.standard.RouteText - RouteText[id=88577823-16f9-4de2-ba04-780edacb1bd8] Adding new dynamic property: PropertyDescriptor[simple]
[pool-3978-thread-1] INFO org.apache.nifi.processors.standard.RouteText - RouteText[id=88577823-16f9-4de2-ba04-780edacb1bd8] Created FlowFile[3313,97610156519990.mockFlowFile,24B] from FlowFile[3312,97610156519990.mockFlowFile,24B]; routing to relationship simple
[pool-3978-thread-1] INFO org.apache.nifi.processors.standard.RouteText - RouteText[id=88577823-16f9-4de2-ba04-780edacb1bd8] Routing FlowFile[3312,97610156519990.mockFlowFile,24B] to original
[main] DEBUG org.apache.nifi.processors.standard.RouteText - RouteText[id=88577823-16f9-4de2-ba04-780edacb1bd8] Adding new dynamic property: PropertyDescriptor[simple]
[pool-3979-thread-1] INFO org.apache.nifi.processors.standard.RouteText - RouteText[id=88577823-16f9-4de2-ba04-780edacb1bd8] Created FlowFile[3315,97610156948621.mockFlowFile,24B] from FlowFile[3314,97610156948621.mockFlowFile,24B]; routing to relationship simple
[pool-3979-thread-1] INFO org.apache.nifi.processors.standard.RouteText - RouteText[id=88577823-16f9-4de2-ba04-780edacb1bd8] Routing FlowFile[3314,97610156948621.mockFlowFile,24B] to original
[main] DEBUG org.apache.nifi.processors.standard.RouteText - RouteText[id=88577823-16f9-4de2-ba04-780edacb1bd8] Adding new dynamic property: PropertyDescriptor[simple]
[pool-3980-thread-1] INFO org.apache.nifi.processors.standard.RouteText - RouteText[id=88577823-16f9-4de2-ba04-780edacb1bd8] Created FlowFile[3317,97610157364141.mockFlowFile,24B] from FlowFile[3316,97610157364141.mockFlowFile,24B]; routing to relationship simple
[pool-3980-thread-1] INFO org.apache.nifi.processors.standard.RouteText - RouteText[id=88577823-16f9-4de2-ba04-780edacb1bd8] Routing FlowFile[3316,97610157364141.mockFlowFile,24B] to original
[main] DEBUG org.apache.nifi.processors.standard.RouteText - RouteText[id=88577823-16f9-4de2-ba04-780edacb1bd8] Adding new dynamic property: PropertyDescriptor[simple]
[pool-3981-thread-1] INFO org.apache.nifi.processors.standard.RouteText - RouteText[id=88577823-16f9-4de2-ba04-780edacb1bd8] Created FlowFile[3319,97610158398231.mockFlowFile,24B] from FlowFile[3318,97610158398231.mockFlowFile,24B]; routing to relationship simple
[pool-3981-thread-1] INFO org.apache.nifi.processors.standard.RouteText - RouteText[id=88577823-16f9-4de2-ba04-780edacb1bd8] Routing FlowFile[3318,97610158398231.mockFlowFile,24B] to original
[main] DEBUG org.apache.nifi.processors.standard.RouteText - RouteText[id=88577823-16f9-4de2-ba04-780edacb1bd8] Adding new dynamic property: PropertyDescriptor[simple]
[pool-3982-thread-1] INFO org.apache.nifi.processors.standard.RouteText - RouteText[id=88577823-16f9-4de2-ba04-780edacb1bd8] Created FlowFile[3321,97610160769051.mockFlowFile,24B] from FlowFile[3320,97610160769051.mockFlowFile,24B]; routing to relationship simple
[pool-3982-thread-1] INFO org.apache.nifi.processors.standard.RouteText - RouteText[id=88577823-16f9-4de2-ba04-780edacb1bd8] Routing FlowFile[3320,97610160769051.mockFlowFile,24B] to original
[main] DEBUG org.apache.nifi.processors.standard.RouteText - RouteText[id=88577823-16f9-4de2-ba04-780edacb1bd8] Adding new dynamic property: PropertyDescriptor[simple]
[pool-3983-thread-1] INFO org.apache.nifi.processors.standard.RouteText - RouteText[id=88577823-16f9-4de2-ba04-780edacb1bd8] Created FlowFile[3323,97610161415870.mockFlowFile,24B] from FlowFile[3322,97610161415870.mockFlowFile,24B]; routing to relationship simple
[pool-3983-thread-1] INFO org.apache.nifi.processors.standard.RouteText - RouteText[id=88577823-16f9-4de2-ba04-780edacb1bd8] Routing FlowFile[3322,97610161415870.mockFlowFile,24B] to original
[main] DEBUG org.apache.nifi.processors.standard.RouteText - RouteText[id=88577823-16f9-4de2-ba04-780edacb1bd8] Adding new dynamic property: PropertyDescriptor[simple]
[pool-3984-thread-1] INFO org.apache.nifi.processors.standard.RouteText - RouteText[id=88577823-16f9-4de2-ba04-780edacb1bd8] Created FlowFile[3325,97610161971379.mockFlowFile,24B] from FlowFile[3324,97610161971379.mockFlowFile,24B]; routing to relationship simple
[pool-3984-thread-1] INFO org.apache.nifi.processors.standard.RouteText - RouteText[id=88577823-16f9-4de2-ba04-780edacb1bd8] Routing FlowFile[3324,97610161971379.mockFlowFile,24B] to original
[main] DEBUG org.apache.nifi.processors.standard.RouteText - RouteText[id=88577823-16f9-4de2-ba04-780edacb1bd8] Adding new dynamic property: PropertyDescriptor[simple]
[pool-3985-thread-1] INFO org.apache.nifi.processors.standard.RouteText - RouteText[id=88577823-16f9-4de2-ba04-780edacb1bd8] Created FlowFile[3327,97610162517820.mockFlowFile,24B] from FlowFile[3326,97610162517820.mockFlowFile,24B]; routing to relationship simple
[pool-3985-thread-1] INFO org.apache.nifi.processors.standard.RouteText - RouteText[id=88577823-16f9-4de2-ba04-780edacb1bd8] Routing FlowFile[3326,97610162517820.mockFlowFile,24B] to original
[main] DEBUG org.apache.nifi.processors.standard.RouteText - RouteText[id=88577823-16f9-4de2-ba04-780edacb1bd8] Adding new dynamic property: PropertyDescriptor[simple]
[pool-3986-thread-1] INFO org.apache.nifi.processors.standard.RouteText - RouteText[id=88577823-16f9-4de2-ba04-780edacb1bd8] Created FlowFile[3329,97610163071418.mockFlowFile,24B] from FlowFile[3328,97610163071418.mockFlowFile,24B]; routing to relationship simple
[pool-3986-thread-1] INFO org.apache.nifi.processors.standard.RouteText - RouteText[id=88577823-16f9-4de2-ba04-780edacb1bd8] Routing FlowFile[3328,97610163071418.mockFlowFile,24B] to original
[main] DEBUG org.apache.nifi.processors.standard.RouteText - RouteText[id=88577823-16f9-4de2-ba04-780edacb1bd8] Adding new dynamic property: PropertyDescriptor[simple]
[pool-3987-thread-1] INFO org.apache.nifi.processors.standard.RouteText - RouteText[id=88577823-16f9-4de2-ba04-780edacb1bd8] Created FlowFile[3331,97610163638067.mockFlowFile,24B] from FlowFile[3330,97610163638067.mockFlowFile,24B]; routing to relationship simple
[pool-3987-thread-1] INFO org.apache.nifi.processors.standard.RouteText - RouteText[id=88577823-16f9-4de2-ba04-780edacb1bd8] Routing FlowFile[3330,97610163638067.mockFlowFile,24B] to original
[main] DEBUG org.apache.nifi.processors.standard.RouteText - RouteText[id=88577823-16f9-4de2-ba04-780edacb1bd8] Adding new dynamic property: PropertyDescriptor[simple]
[pool-3988-thread-1] INFO org.apache.nifi.processors.standard.RouteText - RouteText[id=88577823-16f9-4de2-ba04-780edacb1bd8] Created FlowFile[3333,97610164265716.mockFlowFile,24B] from FlowFile[3332,97610164265716.mockFlowFile,24B]; routing to relationship simple
[pool-3988-thread-1] INFO org.apache.nifi.processors.standard.RouteText - RouteText[id=88577823-16f9-4de2-ba04-780edacb1bd8] Routing FlowFile[3332,97610164265716.mockFlowFile,24B] to original
[main] DEBUG org.apache.nifi.processors.standard.RouteText - RouteText[id=88577823-16f9-4de2-ba04-780edacb1bd8] Adding new dynamic property: PropertyDescriptor[simple]
[pool-3989-thread-1] INFO org.apache.nifi.processors.standard.RouteText - RouteText[id=88577823-16f9-4de2-ba04-780edacb1bd8] Created FlowFile[3335,97610164885250.mockFlowFile,24B] from FlowFile[3334,97610164885250.mockFlowFile,24B]; routing to relationship simple
[pool-3989-thread-1] INFO org.apache.nifi.processors.standard.RouteText - RouteText[id=88577823-16f9-4de2-ba04-780edacb1bd8] Routing FlowFile[3334,97610164885250.mockFlowFile,24B] to original
[main] DEBUG org.apache.nifi.processors.standard.RouteText - RouteText[id=88577823-16f9-4de2-ba04-780edacb1bd8] Adding new dynamic property: PropertyDescriptor[simple]
[pool-3990-thread-1] INFO org.apache.nifi.processors.standard.RouteText - RouteText[id=88577823-16f9-4de2-ba04-780edacb1bd8] Created FlowFile[3337,97610165510173.mockFlowFile,24B] from FlowFile[3336,97610165510173.mockFlowFile,24B]; routing to relationship simple
[pool-3990-thread-1] INFO org.apache.nifi.processors.standard.RouteText - RouteText[id=88577823-16f9-4de2-ba04-780edacb1bd8] Routing FlowFile[3336,97610165510173.mockFlowFile,24B] to original
[main] DEBUG org.apache.nifi.processors.standard.RouteText - RouteText[id=88577823-16f9-4de2-ba04-780edacb1bd8] Adding new dynamic property: PropertyDescriptor[simple]
[pool-3991-thread-1] INFO org.apache.nifi.processors.standard.RouteText - RouteText[id=88577823-16f9-4de2-ba04-780edacb1bd8] Created FlowFile[3339,97610166087022.mockFlowFile,24B] from FlowFile[3338,97610166087022.mockFlowFile,24B]; routing to relationship simple
[pool-3991-thread-1] INFO org.apache.nifi.processors.standard.RouteText - RouteText[id=88577823-16f9-4de2-ba04-780edacb1bd8] Routing FlowFile[3338,97610166087022.mockFlowFile,24B] to original
[main] DEBUG org.apache.nifi.processors.standard.RouteText - RouteText[id=88577823-16f9-4de2-ba04-780edacb1bd8] Adding new dynamic property: PropertyDescriptor[simple]
[pool-3992-thread-1] INFO org.apache.nifi.processors.standard.RouteText - RouteText[id=88577823-16f9-4de2-ba04-780edacb1bd8] Created FlowFile[3341,97610166725865.mockFlowFile,24B] from FlowFile[3340,97610166725865.mockFlowFile,24B]; routing to relationship simple
[pool-3992-thread-1] INFO org.apache.nifi.processors.standard.RouteText - RouteText[id=88577823-16f9-4de2-ba04-780edacb1bd8] Routing FlowFile[3340,97610166725865.mockFlowFile,24B] to original
[main] DEBUG org.apache.nifi.processors.standard.RouteText - RouteText[id=88577823-16f9-4de2-ba04-780edacb1bd8] Adding new dynamic property: PropertyDescriptor[simple]
[pool-3993-thread-1] INFO org.apache.nifi.processors.standard.RouteText - RouteText[id=88577823-16f9-4de2-ba04-780edacb1bd8] Created FlowFile[3343,97610167326881.mockFlowFile,24B] from FlowFile[3342,97610167326881.mockFlowFile,24B]; routing to relationship simple
[pool-3993-thread-1] INFO org.apache.nifi.processors.standard.RouteText - RouteText[id=88577823-16f9-4de2-ba04-780edacb1bd8] Routing FlowFile[3342,97610167326881.mockFlowFile,24B] to original
[main] DEBUG org.apache.nifi.processors.standard.RouteText - RouteText[id=88577823-16f9-4de2-ba04-780edacb1bd8] Adding new dynamic property: PropertyDescriptor[simple]
[pool-3994-thread-1] INFO org.apache.nifi.processors.standard.RouteText - RouteText[id=88577823-16f9-4de2-ba04-780edacb1bd8] Created FlowFile[3345,97610167917111.mockFlowFile,24B] from FlowFile[3344,97610167917111.mockFlowFile,24B]; routing to relationship simple
[pool-3994-thread-1] INFO org.apache.nifi.processors.standard.RouteText - RouteText[id=88577823-16f9-4de2-ba04-780edacb1bd8] Routing FlowFile[3344,97610167917111.mockFlowFile,24B] to original
[main] DEBUG org.apache.nifi.processors.standard.RouteText - RouteText[id=88577823-16f9-4de2-ba04-780edacb1bd8] Adding new dynamic property: PropertyDescriptor[simple]
[pool-3995-thread-1] INFO org.apache.nifi.processors.standard.RouteText - RouteText[id=88577823-16f9-4de2-ba04-780edacb1bd8] Created FlowFile[3347,97610168525862.mockFlowFile,24B] from FlowFile[3346,97610168525862.mockFlowFile,24B]; routing to relationship simple
[pool-3995-thread-1] INFO org.apache.nifi.processors.standard.RouteText - RouteText[id=88577823-16f9-4de2-ba04-780edacb1bd8] Routing FlowFile[3346,97610168525862.mockFlowFile,24B] to original
[main] DEBUG org.apache.nifi.processors.standard.RouteText - RouteText[id=88577823-16f9-4de2-ba04-780edacb1bd8] Adding new dynamic property: PropertyDescriptor[simple]
[pool-3996-thread-1] INFO org.apache.nifi.processors.standard.RouteText - RouteText[id=88577823-16f9-4de2-ba04-780edacb1bd8] Created FlowFile[3349,97610169070309.mockFlowFile,24B] from FlowFile[3348,97610169070309.mockFlowFile,24B]; routing to relationship simple
[pool-3996-thread-1] INFO org.apache.nifi.processors.standard.RouteText - RouteText[id=88577823-16f9-4de2-ba04-780edacb1bd8] Routing FlowFile[3348,97610169070309.mockFlowFile,24B] to original
[main] DEBUG org.apache.nifi.processors.standard.RouteText - RouteText[id=88577823-16f9-4de2-ba04-780edacb1bd8] Adding new dynamic property: PropertyDescriptor[simple]
[pool-3997-thread-1] INFO org.apache.nifi.processors.standard.RouteText - RouteText[id=88577823-16f9-4de2-ba04-780edacb1bd8] Created FlowFile[3351,97610169580637.mockFlowFile,24B] from FlowFile[3350,97610169580637.mockFlowFile,24B]; routing to relationship simple
[pool-3997-thread-1] INFO org.apache.nifi.processors.standard.RouteText - RouteText[id=88577823-16f9-4de2-ba04-780edacb1bd8] Routing FlowFile[3350,97610169580637.mockFlowFile,24B] to original
[main] DEBUG org.apache.nifi.processors.standard.RouteText - RouteText[id=88577823-16f9-4de2-ba04-780edacb1bd8] Adding new dynamic property: PropertyDescriptor[simple]
[pool-3998-thread-1] INFO org.apache.nifi.processors.standard.RouteText - RouteText[id=88577823-16f9-4de2-ba04-780edacb1bd8] Created FlowFile[3353,97610170121567.mockFlowFile,24B] from FlowFile[3352,97610170121567.mockFlowFile,24B]; routing to relationship simple
[pool-3998-thread-1] INFO org.apache.nifi.processors.standard.RouteText - RouteText[id=88577823-16f9-4de2-ba04-780edacb1bd8] Routing FlowFile[3352,97610170121567.mockFlowFile,24B] to original
[main] DEBUG org.apache.nifi.processors.standard.RouteText - RouteText[id=88577823-16f9-4de2-ba04-780edacb1bd8] Adding new dynamic property: PropertyDescriptor[simple]
[pool-3999-thread-1] INFO org.apache.nifi.processors.standard.RouteText - RouteText[id=88577823-16f9-4de2-ba04-780edacb1bd8] Created FlowFile[3355,97610170593148.mockFlowFile,24B] from FlowFile[3354,97610170593148.mockFlowFile,24B]; routing to relationship simple
[pool-3999-thread-1] INFO org.apache.nifi.processors.standard.RouteText - RouteText[id=88577823-16f9-4de2-ba04-780edacb1bd8] Routing FlowFile[3354,97610170593148.mockFlowFile,24B] to original
[main] DEBUG org.apache.nifi.processors.standard.RouteText - RouteText[id=88577823-16f9-4de2-ba04-780edacb1bd8] Adding new dynamic property: PropertyDescriptor[simple]
[pool-4000-thread-1] INFO org.apache.nifi.processors.standard.RouteText - RouteText[id=88577823-16f9-4de2-ba04-780edacb1bd8] Created FlowFile[3357,97610171065259.mockFlowFile,24B] from FlowFile[3356,97610171065259.mockFlowFile,24B]; routing to relationship simple
[pool-4000-thread-1] INFO org.apache.nifi.processors.standard.RouteText - RouteText[id=88577823-16f9-4de2-ba04-780edacb1bd8] Routing FlowFile[3356,97610171065259.mockFlowFile,24B] to original
[main] DEBUG org.apache.nifi.processors.standard.RouteText - RouteText[id=88577823-16f9-4de2-ba04-780edacb1bd8] Adding new dynamic property: PropertyDescriptor[simple]
[pool-4001-thread-1] INFO org.apache.nifi.processors.standard.RouteText - RouteText[id=88577823-16f9-4de2-ba04-780edacb1bd8] Created FlowFile[3359,97610171518588.mockFlowFile,24B] from FlowFile[3358,97610171518588.mockFlowFile,24B]; routing to relationship simple
[pool-4001-thread-1] INFO org.apache.nifi.processors.standard.RouteText - RouteText[id=88577823-16f9-4de2-ba04-780edacb1bd8] Routing FlowFile[3358,97610171518588.mockFlowFile,24B] to original
[main] DEBUG org.apache.nifi.processors.standard.RouteText - RouteText[id=88577823-16f9-4de2-ba04-780edacb1bd8] Adding new dynamic property: PropertyDescriptor[simple]
[pool-4002-thread-1] INFO org.apache.nifi.processors.standard.RouteText - RouteText[id=88577823-16f9-4de2-ba04-780edacb1bd8] Created FlowFile[3361,97610172017871.mockFlowFile,24B] from FlowFile[3360,97610172017871.mockFlowFile,24B]; routing to relationship simple
[pool-4002-thread-1] INFO org.apache.nifi.processors.standard.RouteText - RouteText[id=88577823-16f9-4de2-ba04-780edacb1bd8] Routing FlowFile[3360,97610172017871.mockFlowFile,24B] to original
[main] DEBUG org.apache.nifi.processors.standard.RouteText - RouteText[id=88577823-16f9-4de2-ba04-780edacb1bd8] Adding new dynamic property: PropertyDescriptor[simple]
[pool-4003-thread-1] INFO org.apache.nifi.processors.standard.RouteText - RouteText[id=88577823-16f9-4de2-ba04-780edacb1bd8] Created FlowFile[3363,97610172573433.mockFlowFile,24B] from FlowFile[3362,97610172573433.mockFlowFile,24B]; routing to relationship simple
[pool-4003-thread-1] INFO org.apache.nifi.processors.standard.RouteText - RouteText[id=88577823-16f9-4de2-ba04-780edacb1bd8] Routing FlowFile[3362,97610172573433.mockFlowFile,24B] to original
[main] DEBUG org.apache.nifi.processors.standard.RouteText - RouteText[id=88577823-16f9-4de2-ba04-780edacb1bd8] Adding new dynamic property: PropertyDescriptor[simple]
[pool-4004-thread-1] INFO org.apache.nifi.processors.standard.RouteText - RouteText[id=88577823-16f9-4de2-ba04-780edacb1bd8] Created FlowFile[3365,97610173111491.mockFlowFile,24B] from FlowFile[3364,97610173111491.mockFlowFile,24B]; routing to relationship simple
[pool-4004-thread-1] INFO org.apache.nifi.processors.standard.RouteText - RouteText[id=88577823-16f9-4de2-ba04-780edacb1bd8] Routing FlowFile[3364,97610173111491.mockFlowFile,24B] to original
[main] DEBUG org.apache.nifi.processors.standard.RouteText - RouteText[id=88577823-16f9-4de2-ba04-780edacb1bd8] Adding new dynamic property: PropertyDescriptor[simple]
[pool-4005-thread-1] INFO org.apache.nifi.processors.standard.RouteText - RouteText[id=88577823-16f9-4de2-ba04-780edacb1bd8] Created FlowFile[3367,97610173599732.mockFlowFile,24B] from FlowFile[3366,97610173599732.mockFlowFile,24B]; routing to relationship simple
[pool-4005-thread-1] INFO org.apache.nifi.processors.standard.RouteText - RouteText[id=88577823-16f9-4de2-ba04-780edacb1bd8] Routing FlowFile[3366,97610173599732.mockFlowFile,24B] to original
[main] DEBUG org.apache.nifi.processors.standard.RouteText - RouteText[id=88577823-16f9-4de2-ba04-780edacb1bd8] Adding new dynamic property: PropertyDescriptor[simple]
[pool-4006-thread-1] INFO org.apache.nifi.processors.standard.RouteText - RouteText[id=88577823-16f9-4de2-ba04-780edacb1bd8] Created FlowFile[3369,97610173976698.mockFlowFile,24B] from FlowFile[3368,97610173976698.mockFlowFile,24B]; routing to relationship simple
[pool-4006-thread-1] INFO org.apache.nifi.processors.standard.RouteText - RouteText[id=88577823-16f9-4de2-ba04-780edacb1bd8] Routing FlowFile[3368,97610173976698.mockFlowFile,24B] to original
[main] DEBUG org.apache.nifi.processors.standard.RouteText - RouteText[id=88577823-16f9-4de2-ba04-780edacb1bd8] Adding new dynamic property: PropertyDescriptor[simple]
[pool-4007-thread-1] INFO org.apache.nifi.processors.standard.RouteText - RouteText[id=88577823-16f9-4de2-ba04-780edacb1bd8] Created FlowFile[3371,97610174345673.mockFlowFile,24B] from FlowFile[3370,97610174345673.mockFlowFile,24B]; routing to relationship simple
[pool-4007-thread-1] INFO org.apache.nifi.processors.standard.RouteText - RouteText[id=88577823-16f9-4de2-ba04-780edacb1bd8] Routing FlowFile[3370,97610174345673.mockFlowFile,24B] to original
[main] DEBUG org.apache.nifi.processors.standard.RouteText - RouteText[id=88577823-16f9-4de2-ba04-780edacb1bd8] Adding new dynamic property: PropertyDescriptor[simple]
[pool-4008-thread-1] INFO org.apache.nifi.processors.standard.RouteText - RouteText[id=88577823-16f9-4de2-ba04-780edacb1bd8] Created FlowFile[3373,97610174690279.mockFlowFile,24B] from FlowFile[3372,97610174690279.mockFlowFile,24B]; routing to relationship simple
[pool-4008-thread-1] INFO org.apache.nifi.processors.standard.RouteText - RouteText[id=88577823-16f9-4de2-ba04-780edacb1bd8] Routing FlowFile[3372,97610174690279.mockFlowFile,24B] to original
[main] DEBUG org.apache.nifi.processors.standard.RouteText - RouteText[id=88577823-16f9-4de2-ba04-780edacb1bd8] Adding new dynamic property: PropertyDescriptor[simple]
[pool-4009-thread-1] INFO org.apache.nifi.processors.standard.RouteText - RouteText[id=88577823-16f9-4de2-ba04-780edacb1bd8] Created FlowFile[3375,97610175015121.mockFlowFile,24B] from FlowFile[3374,97610175015121.mockFlowFile,24B]; routing to relationship simple
[pool-4009-thread-1] INFO org.apache.nifi.processors.standard.RouteText - RouteText[id=88577823-16f9-4de2-ba04-780edacb1bd8] Routing FlowFile[3374,97610175015121.mockFlowFile,24B] to original
[main] DEBUG org.apache.nifi.processors.standard.RouteText - RouteText[id=88577823-16f9-4de2-ba04-780edacb1bd8] Adding new dynamic property: PropertyDescriptor[simple]
[pool-4010-thread-1] INFO org.apache.nifi.processors.standard.RouteText - RouteText[id=88577823-16f9-4de2-ba04-780edacb1bd8] Created FlowFile[3377,97610175477311.mockFlowFile,24B] from FlowFile[3376,97610175477311.mockFlowFile,24B]; routing to relationship simple
[pool-4010-thread-1] INFO org.apache.nifi.processors.standard.RouteText - RouteText[id=88577823-16f9-4de2-ba04-780edacb1bd8] Routing FlowFile[3376,97610175477311.mockFlowFile,24B] to original
[main] DEBUG org.apache.nifi.processors.standard.RouteText - RouteText[id=88577823-16f9-4de2-ba04-780edacb1bd8] Adding new dynamic property: PropertyDescriptor[simple]
[pool-4011-thread-1] INFO org.apache.nifi.processors.standard.RouteText - RouteText[id=88577823-16f9-4de2-ba04-780edacb1bd8] Created FlowFile[3379,97610175869307.mockFlowFile,24B] from FlowFile[3378,97610175869307.mockFlowFile,24B]; routing to relationship simple
[pool-4011-thread-1] INFO org.apache.nifi.processors.standard.RouteText - RouteText[id=88577823-16f9-4de2-ba04-780edacb1bd8] Routing FlowFile[3378,97610175869307.mockFlowFile,24B] to original
[main] DEBUG org.apache.nifi.processors.standard.RouteText - RouteText[id=88577823-16f9-4de2-ba04-780edacb1bd8] Adding new dynamic property: PropertyDescriptor[simple]
[pool-4012-thread-1] INFO org.apache.nifi.processors.standard.RouteText - RouteText[id=88577823-16f9-4de2-ba04-780edacb1bd8] Created FlowFile[3381,97610176337387.mockFlowFile,24B] from FlowFile[3380,97610176337387.mockFlowFile,24B]; routing to relationship simple
[pool-4012-thread-1] INFO org.apache.nifi.processors.standard.RouteText - RouteText[id=88577823-16f9-4de2-ba04-780edacb1bd8] Routing FlowFile[3380,97610176337387.mockFlowFile,24B] to original
[main] DEBUG org.apache.nifi.processors.standard.RouteText - RouteText[id=88577823-16f9-4de2-ba04-780edacb1bd8] Adding new dynamic property: PropertyDescriptor[simple]
[pool-4013-thread-1] INFO org.apache.nifi.processors.standard.RouteText - RouteText[id=88577823-16f9-4de2-ba04-780edacb1bd8] Created FlowFile[3383,97610176780666.mockFlowFile,24B] from FlowFile[3382,97610176780666.mockFlowFile,24B]; routing to relationship simple
[pool-4013-thread-1] INFO org.apache.nifi.processors.standard.RouteText - RouteText[id=88577823-16f9-4de2-ba04-780edacb1bd8] Routing FlowFile[3382,97610176780666.mockFlowFile,24B] to original
[main] DEBUG org.apache.nifi.processors.standard.RouteText - RouteText[id=88577823-16f9-4de2-ba04-780edacb1bd8] Adding new dynamic property: PropertyDescriptor[simple]
[pool-4014-thread-1] INFO org.apache.nifi.processors.standard.RouteText - RouteText[id=88577823-16f9-4de2-ba04-780edacb1bd8] Created FlowFile[3385,97610177161146.mockFlowFile,24B] from FlowFile[3384,97610177161146.mockFlowFile,24B]; routing to relationship simple
[pool-4014-thread-1] INFO org.apache.nifi.processors.standard.RouteText - RouteText[id=88577823-16f9-4de2-ba04-780edacb1bd8] Routing FlowFile[3384,97610177161146.mockFlowFile,24B] to original
[main] DEBUG org.apache.nifi.processors.standard.RouteText - RouteText[id=88577823-16f9-4de2-ba04-780edacb1bd8] Adding new dynamic property: PropertyDescriptor[simple]
[pool-4015-thread-1] INFO org.apache.nifi.processors.standard.RouteText - RouteText[id=88577823-16f9-4de2-ba04-780edacb1bd8] Created FlowFile[3387,97610177508757.mockFlowFile,24B] from FlowFile[3386,97610177508757.mockFlowFile,24B]; routing to relationship simple
[pool-4015-thread-1] INFO org.apache.nifi.processors.standard.RouteText - RouteText[id=88577823-16f9-4de2-ba04-780edacb1bd8] Routing FlowFile[3386,97610177508757.mockFlowFile,24B] to original
[main] DEBUG org.apache.nifi.processors.standard.RouteText - RouteText[id=88577823-16f9-4de2-ba04-780edacb1bd8] Adding new dynamic property: PropertyDescriptor[simple]
[pool-4016-thread-1] INFO org.apache.nifi.processors.standard.RouteText - RouteText[id=88577823-16f9-4de2-ba04-780edacb1bd8] Created FlowFile[3389,97610177853639.mockFlowFile,24B] from FlowFile[3388,97610177853639.mockFlowFile,24B]; routing to relationship simple
[pool-4016-thread-1] INFO org.apache.nifi.processors.standard.RouteText - RouteText[id=88577823-16f9-4de2-ba04-780edacb1bd8] Routing FlowFile[3388,97610177853639.mockFlowFile,24B] to original
[main] DEBUG org.apache.nifi.processors.standard.RouteText - RouteText[id=88577823-16f9-4de2-ba04-780edacb1bd8] Adding new dynamic property: PropertyDescriptor[simple]
[pool-4017-thread-1] INFO org.apache.nifi.processors.standard.RouteText - RouteText[id=88577823-16f9-4de2-ba04-780edacb1bd8] Created FlowFile[3391,97610178210713.mockFlowFile,24B] from FlowFile[3390,97610178210713.mockFlowFile,24B]; routing to relationship simple
[pool-4017-thread-1] INFO org.apache.nifi.processors.standard.RouteText - RouteText[id=88577823-16f9-4de2-ba04-780edacb1bd8] Routing FlowFile[3390,97610178210713.mockFlowFile,24B] to original
[main] DEBUG org.apache.nifi.processors.standard.RouteText - RouteText[id=88577823-16f9-4de2-ba04-780edacb1bd8] Adding new dynamic property: PropertyDescriptor[simple]
[pool-4018-thread-1] INFO org.apache.nifi.processors.standard.RouteText - RouteText[id=88577823-16f9-4de2-ba04-780edacb1bd8] Created FlowFile[3393,97610178551310.mockFlowFile,24B] from FlowFile[3392,97610178551310.mockFlowFile,24B]; routing to relationship simple
[pool-4018-thread-1] INFO org.apache.nifi.processors.standard.RouteText - RouteText[id=88577823-16f9-4de2-ba04-780edacb1bd8] Routing FlowFile[3392,97610178551310.mockFlowFile,24B] to original
[main] DEBUG org.apache.nifi.processors.standard.RouteText - RouteText[id=88577823-16f9-4de2-ba04-780edacb1bd8] Adding new dynamic property: PropertyDescriptor[simple]
[pool-4019-thread-1] INFO org.apache.nifi.processors.standard.RouteText - RouteText[id=88577823-16f9-4de2-ba04-780edacb1bd8] Created FlowFile[3395,97610178893760.mockFlowFile,24B] from FlowFile[3394,97610178893760.mockFlowFile,24B]; routing to relationship simple
[pool-4019-thread-1] INFO org.apache.nifi.processors.standard.RouteText - RouteText[id=88577823-16f9-4de2-ba04-780edacb1bd8] Routing FlowFile[3394,97610178893760.mockFlowFile,24B] to original
[main] DEBUG org.apache.nifi.processors.standard.RouteText - RouteText[id=88577823-16f9-4de2-ba04-780edacb1bd8] Adding new dynamic property: PropertyDescriptor[simple]
[pool-4020-thread-1] INFO org.apache.nifi.processors.standard.RouteText - RouteText[id=88577823-16f9-4de2-ba04-780edacb1bd8] Created FlowFile[3397,97610179349457.mockFlowFile,24B] from FlowFile[3396,97610179349457.mockFlowFile,24B]; routing to relationship simple
[pool-4020-thread-1] INFO org.apache.nifi.processors.standard.RouteText - RouteText[id=88577823-16f9-4de2-ba04-780edacb1bd8] Routing FlowFile[3396,97610179349457.mockFlowFile,24B] to original
[main] DEBUG org.apache.nifi.processors.standard.RouteText - RouteText[id=88577823-16f9-4de2-ba04-780edacb1bd8] Adding new dynamic property: PropertyDescriptor[simple]
[pool-4021-thread-1] INFO org.apache.nifi.processors.standard.RouteText - RouteText[id=88577823-16f9-4de2-ba04-780edacb1bd8] Created FlowFile[3399,97610179771212.mockFlowFile,24B] from FlowFile[3398,97610179771212.mockFlowFile,24B]; routing to relationship simple
[pool-4021-thread-1] INFO org.apache.nifi.processors.standard.RouteText - RouteText[id=88577823-16f9-4de2-ba04-780edacb1bd8] Routing FlowFile[3398,97610179771212.mockFlowFile,24B] to original
[main] DEBUG org.apache.nifi.processors.standard.RouteText - RouteText[id=88577823-16f9-4de2-ba04-780edacb1bd8] Adding new dynamic property: PropertyDescriptor[simple]
[pool-4022-thread-1] INFO org.apache.nifi.processors.standard.RouteText - RouteText[id=88577823-16f9-4de2-ba04-780edacb1bd8] Created FlowFile[3401,97610180171379.mockFlowFile,24B] from FlowFile[3400,97610180171379.mockFlowFile,24B]; routing to relationship simple
[pool-4022-thread-1] INFO org.apache.nifi.processors.standard.RouteText - RouteText[id=88577823-16f9-4de2-ba04-780edacb1bd8] Routing FlowFile[3400,97610180171379.mockFlowFile,24B] to original
[main] DEBUG org.apache.nifi.processors.standard.RouteText - RouteText[id=88577823-16f9-4de2-ba04-780edacb1bd8] Adding new dynamic property: PropertyDescriptor[simple]
[pool-4023-thread-1] INFO org.apache.nifi.processors.standard.RouteText - RouteText[id=88577823-16f9-4de2-ba04-780edacb1bd8] Created FlowFile[3403,97610180558880.mockFlowFile,24B] from FlowFile[3402,97610180558880.mockFlowFile,24B]; routing to relationship simple
[pool-4023-thread-1] INFO org.apache.nifi.processors.standard.RouteText - RouteText[id=88577823-16f9-4de2-ba04-780edacb1bd8] Routing FlowFile[3402,97610180558880.mockFlowFile,24B] to original
[main] DEBUG org.apache.nifi.processors.standard.RouteText - RouteText[id=88577823-16f9-4de2-ba04-780edacb1bd8] Adding new dynamic property: PropertyDescriptor[simple]
[pool-4024-thread-1] INFO org.apache.nifi.processors.standard.RouteText - RouteText[id=88577823-16f9-4de2-ba04-780edacb1bd8] Created FlowFile[3405,97610180984253.mockFlowFile,24B] from FlowFile[3404,97610180984253.mockFlowFile,24B]; routing to relationship simple
[pool-4024-thread-1] INFO org.apache.nifi.processors.standard.RouteText - RouteText[id=88577823-16f9-4de2-ba04-780edacb1bd8] Routing FlowFile[3404,97610180984253.mockFlowFile,24B] to original
[main] DEBUG org.apache.nifi.processors.standard.RouteText - RouteText[id=88577823-16f9-4de2-ba04-780edacb1bd8] Adding new dynamic property: PropertyDescriptor[simple]
[pool-4025-thread-1] INFO org.apache.nifi.processors.standard.RouteText - RouteText[id=88577823-16f9-4de2-ba04-780edacb1bd8] Created FlowFile[3407,97610181549968.mockFlowFile,24B] from FlowFile[3406,97610181549968.mockFlowFile,24B]; routing to relationship simple
[pool-4025-thread-1] INFO org.apache.nifi.processors.standard.RouteText - RouteText[id=88577823-16f9-4de2-ba04-780edacb1bd8] Routing FlowFile[3406,97610181549968.mockFlowFile,24B] to original
[main] DEBUG org.apache.nifi.processors.standard.RouteText - RouteText[id=88577823-16f9-4de2-ba04-780edacb1bd8] Adding new dynamic property: PropertyDescriptor[simple]
[pool-4026-thread-1] INFO org.apache.nifi.processors.standard.RouteText - RouteText[id=88577823-16f9-4de2-ba04-780edacb1bd8] Created FlowFile[3409,97610182017532.mockFlowFile,24B] from FlowFile[3408,97610182017532.mockFlowFile,24B]; routing to relationship simple
[pool-4026-thread-1] INFO org.apache.nifi.processors.standard.RouteText - RouteText[id=88577823-16f9-4de2-ba04-780edacb1bd8] Routing FlowFile[3408,97610182017532.mockFlowFile,24B] to original
[main] DEBUG org.apache.nifi.processors.standard.RouteText - RouteText[id=88577823-16f9-4de2-ba04-780edacb1bd8] Adding new dynamic property: PropertyDescriptor[simple]
[pool-4027-thread-1] INFO org.apache.nifi.processors.standard.RouteText - RouteText[id=88577823-16f9-4de2-ba04-780edacb1bd8] Created FlowFile[3411,97610182509051.mockFlowFile,24B] from FlowFile[3410,97610182509051.mockFlowFile,24B]; routing to relationship simple
[pool-4027-thread-1] INFO org.apache.nifi.processors.standard.RouteText - RouteText[id=88577823-16f9-4de2-ba04-780edacb1bd8] Routing FlowFile[3410,97610182509051.mockFlowFile,24B] to original
[main] DEBUG org.apache.nifi.processors.standard.RouteText - RouteText[id=88577823-16f9-4de2-ba04-780edacb1bd8] Adding new dynamic property: PropertyDescriptor[simple]
[pool-4028-thread-1] INFO org.apache.nifi.processors.standard.RouteText - RouteText[id=88577823-16f9-4de2-ba04-780edacb1bd8] Created FlowFile[3413,97610182925580.mockFlowFile,24B] from FlowFile[3412,97610182925580.mockFlowFile,24B]; routing to relationship simple
[pool-4028-thread-1] INFO org.apache.nifi.processors.standard.RouteText - RouteText[id=88577823-16f9-4de2-ba04-780edacb1bd8] Routing FlowFile[3412,97610182925580.mockFlowFile,24B] to original
[main] DEBUG org.apache.nifi.processors.standard.RouteText - RouteText[id=88577823-16f9-4de2-ba04-780edacb1bd8] Adding new dynamic property: PropertyDescriptor[simple]
[pool-4029-thread-1] INFO org.apache.nifi.processors.standard.RouteText - RouteText[id=88577823-16f9-4de2-ba04-780edacb1bd8] Created FlowFile[3415,97610183368975.mockFlowFile,24B] from FlowFile[3414,97610183368975.mockFlowFile,24B]; routing to relationship simple
[pool-4029-thread-1] INFO org.apache.nifi.processors.standard.RouteText - RouteText[id=88577823-16f9-4de2-ba04-780edacb1bd8] Routing FlowFile[3414,97610183368975.mockFlowFile,24B] to original
[main] DEBUG org.apache.nifi.processors.standard.RouteText - RouteText[id=88577823-16f9-4de2-ba04-780edacb1bd8] Adding new dynamic property: PropertyDescriptor[simple]
[pool-4030-thread-1] INFO org.apache.nifi.processors.standard.RouteText - RouteText[id=88577823-16f9-4de2-ba04-780edacb1bd8] Created FlowFile[3417,97610183873134.mockFlowFile,24B] from FlowFile[3416,97610183873134.mockFlowFile,24B]; routing to relationship simple
[pool-4030-thread-1] INFO org.apache.nifi.processors.standard.RouteText - RouteText[id=88577823-16f9-4de2-ba04-780edacb1bd8] Routing FlowFile[3416,97610183873134.mockFlowFile,24B] to original
[main] DEBUG org.apache.nifi.processors.standard.RouteText - RouteText[id=88577823-16f9-4de2-ba04-780edacb1bd8] Adding new dynamic property: PropertyDescriptor[simple]
[pool-4031-thread-1] INFO org.apache.nifi.processors.standard.RouteText - RouteText[id=88577823-16f9-4de2-ba04-780edacb1bd8] Created FlowFile[3419,97610184613382.mockFlowFile,24B] from FlowFile[3418,97610184613382.mockFlowFile,24B]; routing to relationship simple
[pool-4031-thread-1] INFO org.apache.nifi.processors.standard.RouteText - RouteText[id=88577823-16f9-4de2-ba04-780edacb1bd8] Routing FlowFile[3418,97610184613382.mockFlowFile,24B] to original
[main] DEBUG org.apache.nifi.processors.standard.RouteText - RouteText[id=88577823-16f9-4de2-ba04-780edacb1bd8] Adding new dynamic property: PropertyDescriptor[simple]
[pool-4032-thread-1] INFO org.apache.nifi.processors.standard.RouteText - RouteText[id=88577823-16f9-4de2-ba04-780edacb1bd8] Created FlowFile[3421,97610185132575.mockFlowFile,24B] from FlowFile[3420,97610185132575.mockFlowFile,24B]; routing to relationship simple
[pool-4032-thread-1] INFO org.apache.nifi.processors.standard.RouteText - RouteText[id=88577823-16f9-4de2-ba04-780edacb1bd8] Routing FlowFile[3420,97610185132575.mockFlowFile,24B] to original
[main] DEBUG org.apache.nifi.processors.standard.RouteText - RouteText[id=88577823-16f9-4de2-ba04-780edacb1bd8] Adding new dynamic property: PropertyDescriptor[simple]
[pool-4033-thread-1] INFO org.apache.nifi.processors.standard.RouteText - RouteText[id=88577823-16f9-4de2-ba04-780edacb1bd8] Created FlowFile[3423,97610185601657.mockFlowFile,24B] from FlowFile[3422,97610185601657.mockFlowFile,24B]; routing to relationship simple
[pool-4033-thread-1] INFO org.apache.nifi.processors.standard.RouteText - RouteText[id=88577823-16f9-4de2-ba04-780edacb1bd8] Routing FlowFile[3422,97610185601657.mockFlowFile,24B] to original
[main] DEBUG org.apache.nifi.processors.standard.RouteText - RouteText[id=88577823-16f9-4de2-ba04-780edacb1bd8] Adding new dynamic property: PropertyDescriptor[simple]
[pool-4034-thread-1] INFO org.apache.nifi.processors.standard.RouteText - RouteText[id=88577823-16f9-4de2-ba04-780edacb1bd8] Created FlowFile[3425,97610186052860.mockFlowFile,24B] from FlowFile[3424,97610186052860.mockFlowFile,24B]; routing to relationship simple
[pool-4034-thread-1] INFO org.apache.nifi.processors.standard.RouteText - RouteText[id=88577823-16f9-4de2-ba04-780edacb1bd8] Routing FlowFile[3424,97610186052860.mockFlowFile,24B] to original
[main] DEBUG org.apache.nifi.processors.standard.RouteText - RouteText[id=88577823-16f9-4de2-ba04-780edacb1bd8] Adding new dynamic property: PropertyDescriptor[simple]
[pool-4035-thread-1] INFO org.apache.nifi.processors.standard.RouteText - RouteText[id=88577823-16f9-4de2-ba04-780edacb1bd8] Created FlowFile[3427,97610186427683.mockFlowFile,24B] from FlowFile[3426,97610186427683.mockFlowFile,24B]; routing to relationship simple
[pool-4035-thread-1] INFO org.apache.nifi.processors.standard.RouteText - RouteText[id=88577823-16f9-4de2-ba04-780edacb1bd8] Routing FlowFile[3426,97610186427683.mockFlowFile,24B] to original
[main] DEBUG org.apache.nifi.processors.standard.RouteText - RouteText[id=88577823-16f9-4de2-ba04-780edacb1bd8] Adding new dynamic property: PropertyDescriptor[simple]
[pool-4036-thread-1] INFO org.apache.nifi.processors.standard.RouteText - RouteText[id=88577823-16f9-4de2-ba04-780edacb1bd8] Created FlowFile[3429,97610186797371.mockFlowFile,24B] from FlowFile[3428,97610186797371.mockFlowFile,24B]; routing to relationship simple
[pool-4036-thread-1] INFO org.apache.nifi.processors.standard.RouteText - RouteText[id=88577823-16f9-4de2-ba04-780edacb1bd8] Routing FlowFile[3428,97610186797371.mockFlowFile,24B] to original
[main] DEBUG org.apache.nifi.processors.standard.RouteText - RouteText[id=88577823-16f9-4de2-ba04-780edacb1bd8] Adding new dynamic property: PropertyDescriptor[simple]
[pool-4037-thread-1] INFO org.apache.nifi.processors.standard.RouteText - RouteText[id=88577823-16f9-4de2-ba04-780edacb1bd8] Created FlowFile[3431,97610187256713.mockFlowFile,24B] from FlowFile[3430,97610187256713.mockFlowFile,24B]; routing to relationship simple
[pool-4037-thread-1] INFO org.apache.nifi.processors.standard.RouteText - RouteText[id=88577823-16f9-4de2-ba04-780edacb1bd8] Routing FlowFile[3430,97610187256713.mockFlowFile,24B] to original
[main] DEBUG org.apache.nifi.processors.standard.RouteText - RouteText[id=88577823-16f9-4de2-ba04-780edacb1bd8] Adding new dynamic property: PropertyDescriptor[simple]
[pool-4038-thread-1] INFO org.apache.nifi.processors.standard.RouteText - RouteText[id=88577823-16f9-4de2-ba04-780edacb1bd8] Created FlowFile[3433,97610187706704.mockFlowFile,24B] from FlowFile[3432,97610187706704.mockFlowFile,24B]; routing to relationship simple
[pool-4038-thread-1] INFO org.apache.nifi.processors.standard.RouteText - RouteText[id=88577823-16f9-4de2-ba04-780edacb1bd8] Routing FlowFile[3432,97610187706704.mockFlowFile,24B] to original
[main] DEBUG org.apache.nifi.processors.standard.RouteText - RouteText[id=88577823-16f9-4de2-ba04-780edacb1bd8] Adding new dynamic property: PropertyDescriptor[simple]
[pool-4039-thread-1] INFO org.apache.nifi.processors.standard.RouteText - RouteText[id=88577823-16f9-4de2-ba04-780edacb1bd8] Created FlowFile[3435,97610188072896.mockFlowFile,24B] from FlowFile[3434,97610188072896.mockFlowFile,24B]; routing to relationship simple
[pool-4039-thread-1] INFO org.apache.nifi.processors.standard.RouteText - RouteText[id=88577823-16f9-4de2-ba04-780edacb1bd8] Routing FlowFile[3434,97610188072896.mockFlowFile,24B] to original
[main] DEBUG org.apache.nifi.processors.standard.RouteText - RouteText[id=88577823-16f9-4de2-ba04-780edacb1bd8] Adding new dynamic property: PropertyDescriptor[simple]
[pool-4040-thread-1] INFO org.apache.nifi.processors.standard.RouteText - RouteText[id=88577823-16f9-4de2-ba04-780edacb1bd8] Created FlowFile[3437,97610188580856.mockFlowFile,24B] from FlowFile[3436,97610188580856.mockFlowFile,24B]; routing to relationship simple
[pool-4040-thread-1] INFO org.apache.nifi.processors.standard.RouteText - RouteText[id=88577823-16f9-4de2-ba04-780edacb1bd8] Routing FlowFile[3436,97610188580856.mockFlowFile,24B] to original
[main] DEBUG org.apache.nifi.processors.standard.RouteText - RouteText[id=88577823-16f9-4de2-ba04-780edacb1bd8] Adding new dynamic property: PropertyDescriptor[simple]
[pool-4041-thread-1] INFO org.apache.nifi.processors.standard.RouteText - RouteText[id=88577823-16f9-4de2-ba04-780edacb1bd8] Created FlowFile[3439,97610189057979.mockFlowFile,24B] from FlowFile[3438,97610189057979.mockFlowFile,24B]; routing to relationship simple
[pool-4041-thread-1] INFO org.apache.nifi.processors.standard.RouteText - RouteText[id=88577823-16f9-4de2-ba04-780edacb1bd8] Routing FlowFile[3438,97610189057979.mockFlowFile,24B] to original
[main] DEBUG org.apache.nifi.processors.standard.RouteText - RouteText[id=88577823-16f9-4de2-ba04-780edacb1bd8] Adding new dynamic property: PropertyDescriptor[simple]
[pool-4042-thread-1] INFO org.apache.nifi.processors.standard.RouteText - RouteText[id=88577823-16f9-4de2-ba04-780edacb1bd8] Created FlowFile[3441,97610189531128.mockFlowFile,24B] from FlowFile[3440,97610189531128.mockFlowFile,24B]; routing to relationship simple
[pool-4042-thread-1] INFO org.apache.nifi.processors.standard.RouteText - RouteText[id=88577823-16f9-4de2-ba04-780edacb1bd8] Routing FlowFile[3440,97610189531128.mockFlowFile,24B] to original
[main] DEBUG org.apache.nifi.processors.standard.RouteText - RouteText[id=88577823-16f9-4de2-ba04-780edacb1bd8] Adding new dynamic property: PropertyDescriptor[simple]
[pool-4043-thread-1] INFO org.apache.nifi.processors.standard.RouteText - RouteText[id=88577823-16f9-4de2-ba04-780edacb1bd8] Created FlowFile[3443,97610189948711.mockFlowFile,24B] from FlowFile[3442,97610189948711.mockFlowFile,24B]; routing to relationship simple
[pool-4043-thread-1] INFO org.apache.nifi.processors.standard.RouteText - RouteText[id=88577823-16f9-4de2-ba04-780edacb1bd8] Routing FlowFile[3442,97610189948711.mockFlowFile,24B] to original
[main] DEBUG org.apache.nifi.processors.standard.RouteText - RouteText[id=88577823-16f9-4de2-ba04-780edacb1bd8] Adding new dynamic property: PropertyDescriptor[simple]
[pool-4044-thread-1] INFO org.apache.nifi.processors.standard.RouteText - RouteText[id=88577823-16f9-4de2-ba04-780edacb1bd8] Created FlowFile[3445,97610190342916.mockFlowFile,24B] from FlowFile[3444,97610190342916.mockFlowFile,24B]; routing to relationship simple
[pool-4044-thread-1] INFO org.apache.nifi.processors.standard.RouteText - RouteText[id=88577823-16f9-4de2-ba04-780edacb1bd8] Routing FlowFile[3444,97610190342916.mockFlowFile,24B] to original
[main] DEBUG org.apache.nifi.processors.standard.RouteText - RouteText[id=88577823-16f9-4de2-ba04-780edacb1bd8] Adding new dynamic property: PropertyDescriptor[simple]
[pool-4045-thread-1] INFO org.apache.nifi.processors.standard.RouteText - RouteText[id=88577823-16f9-4de2-ba04-780edacb1bd8] Created FlowFile[3447,97610191352113.mockFlowFile,24B] from FlowFile[3446,97610191352113.mockFlowFile,24B]; routing to relationship simple
[pool-4045-thread-1] INFO org.apache.nifi.processors.standard.RouteText - RouteText[id=88577823-16f9-4de2-ba04-780edacb1bd8] Routing FlowFile[3446,97610191352113.mockFlowFile,24B] to original
[main] DEBUG org.apache.nifi.processors.standard.RouteText - RouteText[id=88577823-16f9-4de2-ba04-780edacb1bd8] Adding new dynamic property: PropertyDescriptor[simple]
[pool-4046-thread-1] INFO org.apache.nifi.processors.standard.RouteText - RouteText[id=88577823-16f9-4de2-ba04-780edacb1bd8] Created FlowFile[3449,97610192033221.mockFlowFile,24B] from FlowFile[3448,97610192033221.mockFlowFile,24B]; routing to relationship simple
[pool-4046-thread-1] INFO org.apache.nifi.processors.standard.RouteText - RouteText[id=88577823-16f9-4de2-ba04-780edacb1bd8] Routing FlowFile[3448,97610192033221.mockFlowFile,24B] to original
[main] DEBUG org.apache.nifi.processors.standard.RouteText - RouteText[id=88577823-16f9-4de2-ba04-780edacb1bd8] Adding new dynamic property: PropertyDescriptor[simple]
[pool-4047-thread-1] INFO org.apache.nifi.processors.standard.RouteText - RouteText[id=88577823-16f9-4de2-ba04-780edacb1bd8] Created FlowFile[3451,97610192664765.mockFlowFile,24B] from FlowFile[3450,97610192664765.mockFlowFile,24B]; routing to relationship simple
[pool-4047-thread-1] INFO org.apache.nifi.processors.standard.RouteText - RouteText[id=88577823-16f9-4de2-ba04-780edacb1bd8] Routing FlowFile[3450,97610192664765.mockFlowFile,24B] to original
[main] DEBUG org.apache.nifi.processors.standard.RouteText - RouteText[id=88577823-16f9-4de2-ba04-780edacb1bd8] Adding new dynamic property: PropertyDescriptor[simple]
[pool-4048-thread-1] INFO org.apache.nifi.processors.standard.RouteText - RouteText[id=88577823-16f9-4de2-ba04-780edacb1bd8] Created FlowFile[3453,97610193168724.mockFlowFile,24B] from FlowFile[3452,97610193168724.mockFlowFile,24B]; routing to relationship simple
[pool-4048-thread-1] INFO org.apache.nifi.processors.standard.RouteText - RouteText[id=88577823-16f9-4de2-ba04-780edacb1bd8] Routing FlowFile[3452,97610193168724.mockFlowFile,24B] to original
[main] DEBUG org.apache.nifi.processors.standard.RouteText - RouteText[id=88577823-16f9-4de2-ba04-780edacb1bd8] Adding new dynamic property: PropertyDescriptor[simple]
[pool-4049-thread-1] INFO org.apache.nifi.processors.standard.RouteText - RouteText[id=88577823-16f9-4de2-ba04-780edacb1bd8] Created FlowFile[3455,97610193622682.mockFlowFile,24B] from FlowFile[3454,97610193622682.mockFlowFile,24B]; routing to relationship simple
[pool-4049-thread-1] INFO org.apache.nifi.processors.standard.RouteText - RouteText[id=88577823-16f9-4de2-ba04-780edacb1bd8] Routing FlowFile[3454,97610193622682.mockFlowFile,24B] to original
[main] DEBUG org.apache.nifi.processors.standard.RouteText - RouteText[id=88577823-16f9-4de2-ba04-780edacb1bd8] Adding new dynamic property: PropertyDescriptor[simple]
[pool-4050-thread-1] INFO org.apache.nifi.processors.standard.RouteText - RouteText[id=88577823-16f9-4de2-ba04-780edacb1bd8] Created FlowFile[3457,97610194099385.mockFlowFile,24B] from FlowFile[3456,97610194099385.mockFlowFile,24B]; routing to relationship simple
[pool-4050-thread-1] INFO org.apache.nifi.processors.standard.RouteText - RouteText[id=88577823-16f9-4de2-ba04-780edacb1bd8] Routing FlowFile[3456,97610194099385.mockFlowFile,24B] to original
[main] DEBUG org.apache.nifi.processors.standard.RouteText - RouteText[id=88577823-16f9-4de2-ba04-780edacb1bd8] Adding new dynamic property: PropertyDescriptor[simple]
[pool-4051-thread-1] INFO org.apache.nifi.processors.standard.RouteText - RouteText[id=88577823-16f9-4de2-ba04-780edacb1bd8] Created FlowFile[3459,97610194526154.mockFlowFile,24B] from FlowFile[3458,97610194526154.mockFlowFile,24B]; routing to relationship simple
[pool-4051-thread-1] INFO org.apache.nifi.processors.standard.RouteText - RouteText[id=88577823-16f9-4de2-ba04-780edacb1bd8] Routing FlowFile[3458,97610194526154.mockFlowFile,24B] to original
[main] DEBUG org.apache.nifi.processors.standard.RouteText - RouteText[id=88577823-16f9-4de2-ba04-780edacb1bd8] Adding new dynamic property: PropertyDescriptor[simple]
[pool-4052-thread-1] INFO org.apache.nifi.processors.standard.RouteText - RouteText[id=88577823-16f9-4de2-ba04-780edacb1bd8] Created FlowFile[3461,97610194927475.mockFlowFile,24B] from FlowFile[3460,97610194927475.mockFlowFile,24B]; routing to relationship simple
[pool-4052-thread-1] INFO org.apache.nifi.processors.standard.RouteText - RouteText[id=88577823-16f9-4de2-ba04-780edacb1bd8] Routing FlowFile[3460,97610194927475.mockFlowFile,24B] to original
[main] DEBUG org.apache.nifi.processors.standard.RouteText - RouteText[id=88577823-16f9-4de2-ba04-780edacb1bd8] Adding new dynamic property: PropertyDescriptor[simple]
[pool-4053-thread-1] INFO org.apache.nifi.processors.standard.RouteText - RouteText[id=88577823-16f9-4de2-ba04-780edacb1bd8] Created FlowFile[3463,97610195377051.mockFlowFile,24B] from FlowFile[3462,97610195377051.mockFlowFile,24B]; routing to relationship simple
[pool-4053-thread-1] INFO org.apache.nifi.processors.standard.RouteText - RouteText[id=88577823-16f9-4de2-ba04-780edacb1bd8] Routing FlowFile[3462,97610195377051.mockFlowFile,24B] to original
[main] DEBUG org.apache.nifi.processors.standard.RouteText - RouteText[id=88577823-16f9-4de2-ba04-780edacb1bd8] Adding new dynamic property: PropertyDescriptor[simple]
[pool-4054-thread-1] INFO org.apache.nifi.processors.standard.RouteText - RouteText[id=88577823-16f9-4de2-ba04-780edacb1bd8] Created FlowFile[3465,97610195805642.mockFlowFile,24B] from FlowFile[3464,97610195805642.mockFlowFile,24B]; routing to relationship simple
[pool-4054-thread-1] INFO org.apache.nifi.processors.standard.RouteText - RouteText[id=88577823-16f9-4de2-ba04-780edacb1bd8] Routing FlowFile[3464,97610195805642.mockFlowFile,24B] to original
[main] DEBUG org.apache.nifi.processors.standard.RouteText - RouteText[id=88577823-16f9-4de2-ba04-780edacb1bd8] Adding new dynamic property: PropertyDescriptor[simple]
[pool-4055-thread-1] INFO org.apache.nifi.processors.standard.RouteText - RouteText[id=88577823-16f9-4de2-ba04-780edacb1bd8] Created FlowFile[3467,97610196270545.mockFlowFile,24B] from FlowFile[3466,97610196270545.mockFlowFile,24B]; routing to relationship simple
[pool-4055-thread-1] INFO org.apache.nifi.processors.standard.RouteText - RouteText[id=88577823-16f9-4de2-ba04-780edacb1bd8] Routing FlowFile[3466,97610196270545.mockFlowFile,24B] to original
[main] DEBUG org.apache.nifi.processors.standard.RouteText - RouteText[id=88577823-16f9-4de2-ba04-780edacb1bd8] Adding new dynamic property: PropertyDescriptor[simple]
[pool-4056-thread-1] INFO org.apache.nifi.processors.standard.RouteText - RouteText[id=88577823-16f9-4de2-ba04-780edacb1bd8] Created FlowFile[3469,97610196674984.mockFlowFile,24B] from FlowFile[3468,97610196674984.mockFlowFile,24B]; routing to relationship simple
[pool-4056-thread-1] INFO org.apache.nifi.processors.standard.RouteText - RouteText[id=88577823-16f9-4de2-ba04-780edacb1bd8] Routing FlowFile[3468,97610196674984.mockFlowFile,24B] to original
[main] DEBUG org.apache.nifi.processors.standard.RouteText - RouteText[id=88577823-16f9-4de2-ba04-780edacb1bd8] Adding new dynamic property: PropertyDescriptor[simple]
[pool-4057-thread-1] INFO org.apache.nifi.processors.standard.RouteText - RouteText[id=88577823-16f9-4de2-ba04-780edacb1bd8] Created FlowFile[3471,97610197058623.mockFlowFile,24B] from FlowFile[3470,97610197058623.mockFlowFile,24B]; routing to relationship simple
[pool-4057-thread-1] INFO org.apache.nifi.processors.standard.RouteText - RouteText[id=88577823-16f9-4de2-ba04-780edacb1bd8] Routing FlowFile[3470,97610197058623.mockFlowFile,24B] to original
[main] DEBUG org.apache.nifi.processors.standard.RouteText - RouteText[id=88577823-16f9-4de2-ba04-780edacb1bd8] Adding new dynamic property: PropertyDescriptor[simple]
[pool-4058-thread-1] INFO org.apache.nifi.processors.standard.RouteText - RouteText[id=88577823-16f9-4de2-ba04-780edacb1bd8] Created FlowFile[3473,97610197439692.mockFlowFile,24B] from FlowFile[3472,97610197439692.mockFlowFile,24B]; routing to relationship simple
[pool-4058-thread-1] INFO org.apache.nifi.processors.standard.RouteText - RouteText[id=88577823-16f9-4de2-ba04-780edacb1bd8] Routing FlowFile[3472,97610197439692.mockFlowFile,24B] to original
[main] DEBUG org.apache.nifi.processors.standard.RouteText - RouteText[id=88577823-16f9-4de2-ba04-780edacb1bd8] Adding new dynamic property: PropertyDescriptor[simple]
[pool-4059-thread-1] INFO org.apache.nifi.processors.standard.RouteText - RouteText[id=88577823-16f9-4de2-ba04-780edacb1bd8] Created FlowFile[3475,97610197864954.mockFlowFile,24B] from FlowFile[3474,97610197864954.mockFlowFile,24B]; routing to relationship simple
[pool-4059-thread-1] INFO org.apache.nifi.processors.standard.RouteText - RouteText[id=88577823-16f9-4de2-ba04-780edacb1bd8] Routing FlowFile[3474,97610197864954.mockFlowFile,24B] to original
[main] DEBUG org.apache.nifi.processors.standard.RouteText - RouteText[id=88577823-16f9-4de2-ba04-780edacb1bd8] Adding new dynamic property: PropertyDescriptor[simple]
[pool-4060-thread-1] INFO org.apache.nifi.processors.standard.RouteText - RouteText[id=88577823-16f9-4de2-ba04-780edacb1bd8] Created FlowFile[3477,97610198291218.mockFlowFile,24B] from FlowFile[3476,97610198291218.mockFlowFile,24B]; routing to relationship simple
[pool-4060-thread-1] INFO org.apache.nifi.processors.standard.RouteText - RouteText[id=88577823-16f9-4de2-ba04-780edacb1bd8] Routing FlowFile[3476,97610198291218.mockFlowFile,24B] to original
[main] DEBUG org.apache.nifi.processors.standard.RouteText - RouteText[id=88577823-16f9-4de2-ba04-780edacb1bd8] Adding new dynamic property: PropertyDescriptor[simple]
[pool-4061-thread-1] INFO org.apache.nifi.processors.standard.RouteText - RouteText[id=88577823-16f9-4de2-ba04-780edacb1bd8] Created FlowFile[3479,97610198702721.mockFlowFile,24B] from FlowFile[3478,97610198702721.mockFlowFile,24B]; routing to relationship simple
[pool-4061-thread-1] INFO org.apache.nifi.processors.standard.RouteText - RouteText[id=88577823-16f9-4de2-ba04-780edacb1bd8] Routing FlowFile[3478,97610198702721.mockFlowFile,24B] to original
[main] DEBUG org.apache.nifi.processors.standard.RouteText - RouteText[id=88577823-16f9-4de2-ba04-780edacb1bd8] Adding new dynamic property: PropertyDescriptor[simple]
[pool-4062-thread-1] INFO org.apache.nifi.processors.standard.RouteText - RouteText[id=88577823-16f9-4de2-ba04-780edacb1bd8] Created FlowFile[3481,97610199116120.mockFlowFile,24B] from FlowFile[3480,97610199116120.mockFlowFile,24B]; routing to relationship simple
[pool-4062-thread-1] INFO org.apache.nifi.processors.standard.RouteText - RouteText[id=88577823-16f9-4de2-ba04-780edacb1bd8] Routing FlowFile[3480,97610199116120.mockFlowFile,24B] to original
[main] DEBUG org.apache.nifi.processors.standard.RouteText - RouteText[id=88577823-16f9-4de2-ba04-780edacb1bd8] Adding new dynamic property: PropertyDescriptor[simple]
[pool-4063-thread-1] INFO org.apache.nifi.processors.standard.RouteText - RouteText[id=88577823-16f9-4de2-ba04-780edacb1bd8] Created FlowFile[3483,97610199514285.mockFlowFile,24B] from FlowFile[3482,97610199514285.mockFlowFile,24B]; routing to relationship simple
[pool-4063-thread-1] INFO org.apache.nifi.processors.standard.RouteText - RouteText[id=88577823-16f9-4de2-ba04-780edacb1bd8] Routing FlowFile[3482,97610199514285.mockFlowFile,24B] to original
[main] DEBUG org.apache.nifi.processors.standard.RouteText - RouteText[id=88577823-16f9-4de2-ba04-780edacb1bd8] Adding new dynamic property: PropertyDescriptor[simple]
[pool-4064-thread-1] INFO org.apache.nifi.processors.standard.RouteText - RouteText[id=88577823-16f9-4de2-ba04-780edacb1bd8] Created FlowFile[3485,97610199941480.mockFlowFile,24B] from FlowFile[3484,97610199941480.mockFlowFile,24B]; routing to relationship simple
[pool-4064-thread-1] INFO org.apache.nifi.processors.standard.RouteText - RouteText[id=88577823-16f9-4de2-ba04-780edacb1bd8] Routing FlowFile[3484,97610199941480.mockFlowFile,24B] to original
[main] DEBUG org.apache.nifi.processors.standard.RouteText - RouteText[id=88577823-16f9-4de2-ba04-780edacb1bd8] Adding new dynamic property: PropertyDescriptor[simple]
[pool-4065-thread-1] INFO org.apache.nifi.processors.standard.RouteText - RouteText[id=88577823-16f9-4de2-ba04-780edacb1bd8] Created FlowFile[3487,97610200342619.mockFlowFile,24B] from FlowFile[3486,97610200342619.mockFlowFile,24B]; routing to relationship simple
[pool-4065-thread-1] INFO org.apache.nifi.processors.standard.RouteText - RouteText[id=88577823-16f9-4de2-ba04-780edacb1bd8] Routing FlowFile[3486,97610200342619.mockFlowFile,24B] to original
[main] DEBUG org.apache.nifi.processors.standard.RouteText - RouteText[id=88577823-16f9-4de2-ba04-780edacb1bd8] Adding new dynamic property: PropertyDescriptor[simple]
[pool-4066-thread-1] INFO org.apache.nifi.processors.standard.RouteText - RouteText[id=88577823-16f9-4de2-ba04-780edacb1bd8] Created FlowFile[3489,97610200773933.mockFlowFile,24B] from FlowFile[3488,97610200773933.mockFlowFile,24B]; routing to relationship simple
[pool-4066-thread-1] INFO org.apache.nifi.processors.standard.RouteText - RouteText[id=88577823-16f9-4de2-ba04-780edacb1bd8] Routing FlowFile[3488,97610200773933.mockFlowFile,24B] to original
[main] DEBUG org.apache.nifi.processors.standard.RouteText - RouteText[id=88577823-16f9-4de2-ba04-780edacb1bd8] Adding new dynamic property: PropertyDescriptor[simple]
[pool-4067-thread-1] INFO org.apache.nifi.processors.standard.RouteText - RouteText[id=88577823-16f9-4de2-ba04-780edacb1bd8] Created FlowFile[3491,97610201244057.mockFlowFile,24B] from FlowFile[3490,97610201244057.mockFlowFile,24B]; routing to relationship simple
[pool-4067-thread-1] INFO org.apache.nifi.processors.standard.RouteText - RouteText[id=88577823-16f9-4de2-ba04-780edacb1bd8] Routing FlowFile[3490,97610201244057.mockFlowFile,24B] to original
[main] DEBUG org.apache.nifi.processors.standard.RouteText - RouteText[id=88577823-16f9-4de2-ba04-780edacb1bd8] Adding new dynamic property: PropertyDescriptor[simple]
[pool-4068-thread-1] INFO org.apache.nifi.processors.standard.RouteText - RouteText[id=88577823-16f9-4de2-ba04-780edacb1bd8] Created FlowFile[3493,97610201691372.mockFlowFile,24B] from FlowFile[3492,97610201691372.mockFlowFile,24B]; routing to relationship simple
[pool-4068-thread-1] INFO org.apache.nifi.processors.standard.RouteText - RouteText[id=88577823-16f9-4de2-ba04-780edacb1bd8] Routing FlowFile[3492,97610201691372.mockFlowFile,24B] to original
[main] DEBUG org.apache.nifi.processors.standard.RouteText - RouteText[id=88577823-16f9-4de2-ba04-780edacb1bd8] Adding new dynamic property: PropertyDescriptor[simple]
[pool-4069-thread-1] INFO org.apache.nifi.processors.standard.RouteText - RouteText[id=88577823-16f9-4de2-ba04-780edacb1bd8] Created FlowFile[3495,97610202154607.mockFlowFile,24B] from FlowFile[3494,97610202154607.mockFlowFile,24B]; routing to relationship simple
[pool-4069-thread-1] INFO org.apache.nifi.processors.standard.RouteText - RouteText[id=88577823-16f9-4de2-ba04-780edacb1bd8] Routing FlowFile[3494,97610202154607.mockFlowFile,24B] to original
[main] DEBUG org.apache.nifi.processors.standard.RouteText - RouteText[id=88577823-16f9-4de2-ba04-780edacb1bd8] Adding new dynamic property: PropertyDescriptor[simple]
[pool-4070-thread-1] INFO org.apache.nifi.processors.standard.RouteText - RouteText[id=88577823-16f9-4de2-ba04-780edacb1bd8] Created FlowFile[3497,97610202618681.mockFlowFile,24B] from FlowFile[3496,97610202618681.mockFlowFile,24B]; routing to relationship simple
[pool-4070-thread-1] INFO org.apache.nifi.processors.standard.RouteText - RouteText[id=88577823-16f9-4de2-ba04-780edacb1bd8] Routing FlowFile[3496,97610202618681.mockFlowFile,24B] to original
[main] DEBUG org.apache.nifi.processors.standard.RouteText - RouteText[id=88577823-16f9-4de2-ba04-780edacb1bd8] Adding new dynamic property: PropertyDescriptor[simple]
[pool-4071-thread-1] INFO org.apache.nifi.processors.standard.RouteText - RouteText[id=88577823-16f9-4de2-ba04-780edacb1bd8] Created FlowFile[3499,97610203073887.mockFlowFile,24B] from FlowFile[3498,97610203073887.mockFlowFile,24B]; routing to relationship simple
[pool-4071-thread-1] INFO org.apache.nifi.processors.standard.RouteText - RouteText[id=88577823-16f9-4de2-ba04-780edacb1bd8] Routing FlowFile[3498,97610203073887.mockFlowFile,24B] to original
[main] DEBUG org.apache.nifi.processors.standard.RouteText - RouteText[id=88577823-16f9-4de2-ba04-780edacb1bd8] Adding new dynamic property: PropertyDescriptor[simple]
[pool-4072-thread-1] INFO org.apache.nifi.processors.standard.RouteText - RouteText[id=88577823-16f9-4de2-ba04-780edacb1bd8] Created FlowFile[3501,97610203520611.mockFlowFile,24B] from FlowFile[3500,97610203520611.mockFlowFile,24B]; routing to relationship simple
[pool-4072-thread-1] INFO org.apache.nifi.processors.standard.RouteText - RouteText[id=88577823-16f9-4de2-ba04-780edacb1bd8] Routing FlowFile[3500,97610203520611.mockFlowFile,24B] to original
[main] DEBUG org.apache.nifi.processors.standard.RouteText - RouteText[id=88577823-16f9-4de2-ba04-780edacb1bd8] Adding new dynamic property: PropertyDescriptor[simple]
[pool-4073-thread-1] INFO org.apache.nifi.processors.standard.RouteText - RouteText[id=88577823-16f9-4de2-ba04-780edacb1bd8] Created FlowFile[3503,97610203998011.mockFlowFile,24B] from FlowFile[3502,97610203998011.mockFlowFile,24B]; routing to relationship simple
[pool-4073-thread-1] INFO org.apache.nifi.processors.standard.RouteText - RouteText[id=88577823-16f9-4de2-ba04-780edacb1bd8] Routing FlowFile[3502,97610203998011.mockFlowFile,24B] to original
[main] DEBUG org.apache.nifi.processors.standard.RouteText - RouteText[id=88577823-16f9-4de2-ba04-780edacb1bd8] Adding new dynamic property: PropertyDescriptor[simple]
[pool-4074-thread-1] INFO org.apache.nifi.processors.standard.RouteText - RouteText[id=88577823-16f9-4de2-ba04-780edacb1bd8] Created FlowFile[3505,97610204474080.mockFlowFile,24B] from FlowFile[3504,97610204474080.mockFlowFile,24B]; routing to relationship simple
[pool-4074-thread-1] INFO org.apache.nifi.processors.standard.RouteText - RouteText[id=88577823-16f9-4de2-ba04-780edacb1bd8] Routing FlowFile[3504,97610204474080.mockFlowFile,24B] to original
[main] DEBUG org.apache.nifi.processors.standard.RouteText - RouteText[id=88577823-16f9-4de2-ba04-780edacb1bd8] Adding new dynamic property: PropertyDescriptor[simple]
[pool-4075-thread-1] INFO org.apache.nifi.processors.standard.RouteText - RouteText[id=88577823-16f9-4de2-ba04-780edacb1bd8] Created FlowFile[3507,97610204936929.mockFlowFile,24B] from FlowFile[3506,97610204936929.mockFlowFile,24B]; routing to relationship simple
[pool-4075-thread-1] INFO org.apache.nifi.processors.standard.RouteText - RouteText[id=88577823-16f9-4de2-ba04-780edacb1bd8] Routing FlowFile[3506,97610204936929.mockFlowFile,24B] to original
[main] DEBUG org.apache.nifi.processors.standard.RouteText - RouteText[id=88577823-16f9-4de2-ba04-780edacb1bd8] Adding new dynamic property: PropertyDescriptor[simple]
[pool-4076-thread-1] INFO org.apache.nifi.processors.standard.RouteText - RouteText[id=88577823-16f9-4de2-ba04-780edacb1bd8] Created FlowFile[3509,97610205407484.mockFlowFile,24B] from FlowFile[3508,97610205407484.mockFlowFile,24B]; routing to relationship simple
[pool-4076-thread-1] INFO org.apache.nifi.processors.standard.RouteText - RouteText[id=88577823-16f9-4de2-ba04-780edacb1bd8] Routing FlowFile[3508,97610205407484.mockFlowFile,24B] to original
[main] DEBUG org.apache.nifi.processors.standard.RouteText - RouteText[id=88577823-16f9-4de2-ba04-780edacb1bd8] Adding new dynamic property: PropertyDescriptor[simple]
[pool-4077-thread-1] INFO org.apache.nifi.processors.standard.RouteText - RouteText[id=88577823-16f9-4de2-ba04-780edacb1bd8] Created FlowFile[3511,97610205845556.mockFlowFile,24B] from FlowFile[3510,97610205845556.mockFlowFile,24B]; routing to relationship simple
[pool-4077-thread-1] INFO org.apache.nifi.processors.standard.RouteText - RouteText[id=88577823-16f9-4de2-ba04-780edacb1bd8] Routing FlowFile[3510,97610205845556.mockFlowFile,24B] to original
[main] DEBUG org.apache.nifi.processors.standard.RouteText - RouteText[id=88577823-16f9-4de2-ba04-780edacb1bd8] Adding new dynamic property: PropertyDescriptor[simple]
[pool-4078-thread-1] INFO org.apache.nifi.processors.standard.RouteText - RouteText[id=88577823-16f9-4de2-ba04-780edacb1bd8] Created FlowFile[3513,97610206360197.mockFlowFile,24B] from FlowFile[3512,97610206360197.mockFlowFile,24B]; routing to relationship simple
[pool-4078-thread-1] INFO org.apache.nifi.processors.standard.RouteText - RouteText[id=88577823-16f9-4de2-ba04-780edacb1bd8] Routing FlowFile[3512,97610206360197.mockFlowFile,24B] to original
[main] DEBUG org.apache.nifi.processors.standard.RouteText - RouteText[id=88577823-16f9-4de2-ba04-780edacb1bd8] Adding new dynamic property: PropertyDescriptor[simple]
[pool-4079-thread-1] INFO org.apache.nifi.processors.standard.RouteText - RouteText[id=88577823-16f9-4de2-ba04-780edacb1bd8] Created FlowFile[3515,97610206836420.mockFlowFile,24B] from FlowFile[3514,97610206836420.mockFlowFile,24B]; routing to relationship simple
[pool-4079-thread-1] INFO org.apache.nifi.processors.standard.RouteText - RouteText[id=88577823-16f9-4de2-ba04-780edacb1bd8] Routing FlowFile[3514,97610206836420.mockFlowFile,24B] to original
[main] DEBUG org.apache.nifi.processors.standard.RouteText - RouteText[id=88577823-16f9-4de2-ba04-780edacb1bd8] Adding new dynamic property: PropertyDescriptor[simple]
[pool-4080-thread-1] INFO org.apache.nifi.processors.standard.RouteText - RouteText[id=88577823-16f9-4de2-ba04-780edacb1bd8] Created FlowFile[3517,97610207310484.mockFlowFile,24B] from FlowFile[3516,97610207310484.mockFlowFile,24B]; routing to relationship simple
[pool-4080-thread-1] INFO org.apache.nifi.processors.standard.RouteText - RouteText[id=88577823-16f9-4de2-ba04-780edacb1bd8] Routing FlowFile[3516,97610207310484.mockFlowFile,24B] to original
[main] DEBUG org.apache.nifi.processors.standard.RouteText - RouteText[id=88577823-16f9-4de2-ba04-780edacb1bd8] Adding new dynamic property: PropertyDescriptor[simple]
[pool-4081-thread-1] INFO org.apache.nifi.processors.standard.RouteText - RouteText[id=88577823-16f9-4de2-ba04-780edacb1bd8] Created FlowFile[3519,97610207752346.mockFlowFile,24B] from FlowFile[3518,97610207752346.mockFlowFile,24B]; routing to relationship simple
[pool-4081-thread-1] INFO org.apache.nifi.processors.standard.RouteText - RouteText[id=88577823-16f9-4de2-ba04-780edacb1bd8] Routing FlowFile[3518,97610207752346.mockFlowFile,24B] to original
[main] DEBUG org.apache.nifi.processors.standard.RouteText - RouteText[id=88577823-16f9-4de2-ba04-780edacb1bd8] Adding new dynamic property: PropertyDescriptor[simple]
[pool-4082-thread-1] INFO org.apache.nifi.processors.standard.RouteText - RouteText[id=88577823-16f9-4de2-ba04-780edacb1bd8] Created FlowFile[3521,97610208182581.mockFlowFile,24B] from FlowFile[3520,97610208182581.mockFlowFile,24B]; routing to relationship simple
[pool-4082-thread-1] INFO org.apache.nifi.processors.standard.RouteText - RouteText[id=88577823-16f9-4de2-ba04-780edacb1bd8] Routing FlowFile[3520,97610208182581.mockFlowFile,24B] to original
[main] DEBUG org.apache.nifi.processors.standard.RouteText - RouteText[id=88577823-16f9-4de2-ba04-780edacb1bd8] Adding new dynamic property: PropertyDescriptor[simple]
[pool-4083-thread-1] INFO org.apache.nifi.processors.standard.RouteText - RouteText[id=88577823-16f9-4de2-ba04-780edacb1bd8] Created FlowFile[3523,97610208609858.mockFlowFile,24B] from FlowFile[3522,97610208609858.mockFlowFile,24B]; routing to relationship simple
[pool-4083-thread-1] INFO org.apache.nifi.processors.standard.RouteText - RouteText[id=88577823-16f9-4de2-ba04-780edacb1bd8] Routing FlowFile[3522,97610208609858.mockFlowFile,24B] to original
[main] DEBUG org.apache.nifi.processors.standard.RouteText - RouteText[id=88577823-16f9-4de2-ba04-780edacb1bd8] Adding new dynamic property: PropertyDescriptor[simple]
[pool-4084-thread-1] INFO org.apache.nifi.processors.standard.RouteText - RouteText[id=88577823-16f9-4de2-ba04-780edacb1bd8] Created FlowFile[3525,97610209006806.mockFlowFile,24B] from FlowFile[3524,97610209006806.mockFlowFile,24B]; routing to relationship simple
[pool-4084-thread-1] INFO org.apache.nifi.processors.standard.RouteText - RouteText[id=88577823-16f9-4de2-ba04-780edacb1bd8] Routing FlowFile[3524,97610209006806.mockFlowFile,24B] to original
[main] DEBUG org.apache.nifi.processors.standard.RouteText - RouteText[id=88577823-16f9-4de2-ba04-780edacb1bd8] Adding new dynamic property: PropertyDescriptor[simple]
[pool-4085-thread-1] INFO org.apache.nifi.processors.standard.RouteText - RouteText[id=88577823-16f9-4de2-ba04-780edacb1bd8] Created FlowFile[3527,97610209437167.mockFlowFile,24B] from FlowFile[3526,97610209437167.mockFlowFile,24B]; routing to relationship simple
[pool-4085-thread-1] INFO org.apache.nifi.processors.standard.RouteText - RouteText[id=88577823-16f9-4de2-ba04-780edacb1bd8] Routing FlowFile[3526,97610209437167.mockFlowFile,24B] to original
[main] DEBUG org.apache.nifi.processors.standard.RouteText - RouteText[id=88577823-16f9-4de2-ba04-780edacb1bd8] Adding new dynamic property: PropertyDescriptor[simple]
[pool-4086-thread-1] INFO org.apache.nifi.processors.standard.RouteText - RouteText[id=88577823-16f9-4de2-ba04-780edacb1bd8] Created FlowFile[3529,97610209868772.mockFlowFile,24B] from FlowFile[3528,97610209868772.mockFlowFile,24B]; routing to relationship simple
[pool-4086-thread-1] INFO org.apache.nifi.processors.standard.RouteText - RouteText[id=88577823-16f9-4de2-ba04-780edacb1bd8] Routing FlowFile[3528,97610209868772.mockFlowFile,24B] to original
[main] DEBUG org.apache.nifi.processors.standard.RouteText - RouteText[id=88577823-16f9-4de2-ba04-780edacb1bd8] Adding new dynamic property: PropertyDescriptor[simple]
[pool-4087-thread-1] INFO org.apache.nifi.processors.standard.RouteText - RouteText[id=88577823-16f9-4de2-ba04-780edacb1bd8] Created FlowFile[3531,97610210306755.mockFlowFile,24B] from FlowFile[3530,97610210306755.mockFlowFile,24B]; routing to relationship simple
[pool-4087-thread-1] INFO org.apache.nifi.processors.standard.RouteText - RouteText[id=88577823-16f9-4de2-ba04-780edacb1bd8] Routing FlowFile[3530,97610210306755.mockFlowFile,24B] to original
[main] DEBUG org.apache.nifi.processors.standard.RouteText - RouteText[id=88577823-16f9-4de2-ba04-780edacb1bd8] Adding new dynamic property: PropertyDescriptor[simple]
[pool-4088-thread-1] INFO org.apache.nifi.processors.standard.RouteText - RouteText[id=88577823-16f9-4de2-ba04-780edacb1bd8] Created FlowFile[3533,97610210747481.mockFlowFile,24B] from FlowFile[3532,97610210747481.mockFlowFile,24B]; routing to relationship simple
[pool-4088-thread-1] INFO org.apache.nifi.processors.standard.RouteText - RouteText[id=88577823-16f9-4de2-ba04-780edacb1bd8] Routing FlowFile[3532,97610210747481.mockFlowFile,24B] to original
[main] DEBUG org.apache.nifi.processors.standard.RouteText - RouteText[id=88577823-16f9-4de2-ba04-780edacb1bd8] Adding new dynamic property: PropertyDescriptor[simple]
[pool-4089-thread-1] INFO org.apache.nifi.processors.standard.RouteText - RouteText[id=88577823-16f9-4de2-ba04-780edacb1bd8] Created FlowFile[3535,97610211182492.mockFlowFile,24B] from FlowFile[3534,97610211182492.mockFlowFile,24B]; routing to relationship simple
[pool-4089-thread-1] INFO org.apache.nifi.processors.standard.RouteText - RouteText[id=88577823-16f9-4de2-ba04-780edacb1bd8] Routing FlowFile[3534,97610211182492.mockFlowFile,24B] to original
[main] DEBUG org.apache.nifi.processors.standard.RouteText - RouteText[id=88577823-16f9-4de2-ba04-780edacb1bd8] Adding new dynamic property: PropertyDescriptor[simple]
[pool-4090-thread-1] INFO org.apache.nifi.processors.standard.RouteText - RouteText[id=88577823-16f9-4de2-ba04-780edacb1bd8] Created FlowFile[3537,97610211607437.mockFlowFile,24B] from FlowFile[3536,97610211607437.mockFlowFile,24B]; routing to relationship simple
[pool-4090-thread-1] INFO org.apache.nifi.processors.standard.RouteText - RouteText[id=88577823-16f9-4de2-ba04-780edacb1bd8] Routing FlowFile[3536,97610211607437.mockFlowFile,24B] to original
[main] DEBUG org.apache.nifi.processors.standard.RouteText - RouteText[id=88577823-16f9-4de2-ba04-780edacb1bd8] Adding new dynamic property: PropertyDescriptor[simple]
[pool-4091-thread-1] INFO org.apache.nifi.processors.standard.RouteText - RouteText[id=88577823-16f9-4de2-ba04-780edacb1bd8] Created FlowFile[3539,97610212200851.mockFlowFile,24B] from FlowFile[3538,97610212200851.mockFlowFile,24B]; routing to relationship simple
[pool-4091-thread-1] INFO org.apache.nifi.processors.standard.RouteText - RouteText[id=88577823-16f9-4de2-ba04-780edacb1bd8] Routing FlowFile[3538,97610212200851.mockFlowFile,24B] to original
[main] DEBUG org.apache.nifi.processors.standard.RouteText - RouteText[id=88577823-16f9-4de2-ba04-780edacb1bd8] Adding new dynamic property: PropertyDescriptor[simple]
[pool-4092-thread-1] INFO org.apache.nifi.processors.standard.RouteText - RouteText[id=88577823-16f9-4de2-ba04-780edacb1bd8] Created FlowFile[3541,97610212694690.mockFlowFile,24B] from FlowFile[3540,97610212694690.mockFlowFile,24B]; routing to relationship simple
[pool-4092-thread-1] INFO org.apache.nifi.processors.standard.RouteText - RouteText[id=88577823-16f9-4de2-ba04-780edacb1bd8] Routing FlowFile[3540,97610212694690.mockFlowFile,24B] to original
[main] DEBUG org.apache.nifi.processors.standard.RouteText - RouteText[id=88577823-16f9-4de2-ba04-780edacb1bd8] Adding new dynamic property: PropertyDescriptor[simple]
[pool-4093-thread-1] INFO org.apache.nifi.processors.standard.RouteText - RouteText[id=88577823-16f9-4de2-ba04-780edacb1bd8] Created FlowFile[3543,97610213149869.mockFlowFile,24B] from FlowFile[3542,97610213149869.mockFlowFile,24B]; routing to relationship simple
[pool-4093-thread-1] INFO org.apache.nifi.processors.standard.RouteText - RouteText[id=88577823-16f9-4de2-ba04-780edacb1bd8] Routing FlowFile[3542,97610213149869.mockFlowFile,24B] to original
[main] DEBUG org.apache.nifi.processors.standard.RouteText - RouteText[id=88577823-16f9-4de2-ba04-780edacb1bd8] Adding new dynamic property: PropertyDescriptor[simple]
[pool-4094-thread-1] INFO org.apache.nifi.processors.standard.RouteText - RouteText[id=88577823-16f9-4de2-ba04-780edacb1bd8] Created FlowFile[3545,97610213635482.mockFlowFile,24B] from FlowFile[3544,97610213635482.mockFlowFile,24B]; routing to relationship simple
[pool-4094-thread-1] INFO org.apache.nifi.processors.standard.RouteText - RouteText[id=88577823-16f9-4de2-ba04-780edacb1bd8] Routing FlowFile[3544,97610213635482.mockFlowFile,24B] to original
[main] DEBUG org.apache.nifi.processors.standard.RouteText - RouteText[id=88577823-16f9-4de2-ba04-780edacb1bd8] Adding new dynamic property: PropertyDescriptor[simple]
[pool-4095-thread-1] INFO org.apache.nifi.processors.standard.RouteText - RouteText[id=88577823-16f9-4de2-ba04-780edacb1bd8] Created FlowFile[3547,97610214081699.mockFlowFile,24B] from FlowFile[3546,97610214081699.mockFlowFile,24B]; routing to relationship simple
[pool-4095-thread-1] INFO org.apache.nifi.processors.standard.RouteText - RouteText[id=88577823-16f9-4de2-ba04-780edacb1bd8] Routing FlowFile[3546,97610214081699.mockFlowFile,24B] to original
[main] DEBUG org.apache.nifi.processors.standard.RouteText - RouteText[id=88577823-16f9-4de2-ba04-780edacb1bd8] Adding new dynamic property: PropertyDescriptor[simple]
[pool-4096-thread-1] INFO org.apache.nifi.processors.standard.RouteText - RouteText[id=88577823-16f9-4de2-ba04-780edacb1bd8] Created FlowFile[3549,97610214519817.mockFlowFile,24B] from FlowFile[3548,97610214519817.mockFlowFile,24B]; routing to relationship simple
[pool-4096-thread-1] INFO org.apache.nifi.processors.standard.RouteText - RouteText[id=88577823-16f9-4de2-ba04-780edacb1bd8] Routing FlowFile[3548,97610214519817.mockFlowFile,24B] to original
[main] DEBUG org.apache.nifi.processors.standard.RouteText - RouteText[id=88577823-16f9-4de2-ba04-780edacb1bd8] Adding new dynamic property: PropertyDescriptor[simple]
[pool-4097-thread-1] INFO org.apache.nifi.processors.standard.RouteText - RouteText[id=88577823-16f9-4de2-ba04-780edacb1bd8] Created FlowFile[3551,97610214942967.mockFlowFile,24B] from FlowFile[3550,97610214942967.mockFlowFile,24B]; routing to relationship simple
[pool-4097-thread-1] INFO org.apache.nifi.processors.standard.RouteText - RouteText[id=88577823-16f9-4de2-ba04-780edacb1bd8] Routing FlowFile[3550,97610214942967.mockFlowFile,24B] to original
[main] DEBUG org.apache.nifi.processors.standard.RouteText - RouteText[id=88577823-16f9-4de2-ba04-780edacb1bd8] Adding new dynamic property: PropertyDescriptor[simple]
[pool-4098-thread-1] INFO org.apache.nifi.processors.standard.RouteText - RouteText[id=88577823-16f9-4de2-ba04-780edacb1bd8] Created FlowFile[3553,97610215372209.mockFlowFile,24B] from FlowFile[3552,97610215372209.mockFlowFile,24B]; routing to relationship simple
[pool-4098-thread-1] INFO org.apache.nifi.processors.standard.RouteText - RouteText[id=88577823-16f9-4de2-ba04-780edacb1bd8] Routing FlowFile[3552,97610215372209.mockFlowFile,24B] to original
[main] DEBUG org.apache.nifi.processors.standard.RouteText - RouteText[id=88577823-16f9-4de2-ba04-780edacb1bd8] Adding new dynamic property: PropertyDescriptor[simple]
[pool-4099-thread-1] INFO org.apache.nifi.processors.standard.RouteText - RouteText[id=88577823-16f9-4de2-ba04-780edacb1bd8] Created FlowFile[3555,97610215787158.mockFlowFile,24B] from FlowFile[3554,97610215787158.mockFlowFile,24B]; routing to relationship simple
[pool-4099-thread-1] INFO org.apache.nifi.processors.standard.RouteText - RouteText[id=88577823-16f9-4de2-ba04-780edacb1bd8] Routing FlowFile[3554,97610215787158.mockFlowFile,24B] to original
[main] DEBUG org.apache.nifi.processors.standard.RouteText - RouteText[id=88577823-16f9-4de2-ba04-780edacb1bd8] Adding new dynamic property: PropertyDescriptor[simple]
[pool-4100-thread-1] INFO org.apache.nifi.processors.standard.RouteText - RouteText[id=88577823-16f9-4de2-ba04-780edacb1bd8] Created FlowFile[3557,97610216223727.mockFlowFile,24B] from FlowFile[3556,97610216223727.mockFlowFile,24B]; routing to relationship simple
[pool-4100-thread-1] INFO org.apache.nifi.processors.standard.RouteText - RouteText[id=88577823-16f9-4de2-ba04-780edacb1bd8] Routing FlowFile[3556,97610216223727.mockFlowFile,24B] to original
[main] DEBUG org.apache.nifi.processors.standard.RouteText - RouteText[id=88577823-16f9-4de2-ba04-780edacb1bd8] Adding new dynamic property: PropertyDescriptor[simple]
[pool-4101-thread-1] INFO org.apache.nifi.processors.standard.RouteText - RouteText[id=88577823-16f9-4de2-ba04-780edacb1bd8] Created FlowFile[3559,97610216704532.mockFlowFile,24B] from FlowFile[3558,97610216704532.mockFlowFile,24B]; routing to relationship simple
[pool-4101-thread-1] INFO org.apache.nifi.processors.standard.RouteText - RouteText[id=88577823-16f9-4de2-ba04-780edacb1bd8] Routing FlowFile[3558,97610216704532.mockFlowFile,24B] to original
[main] DEBUG org.apache.nifi.processors.standard.RouteText - RouteText[id=88577823-16f9-4de2-ba04-780edacb1bd8] Adding new dynamic property: PropertyDescriptor[simple]
[pool-4102-thread-1] INFO org.apache.nifi.processors.standard.RouteText - RouteText[id=88577823-16f9-4de2-ba04-780edacb1bd8] Created FlowFile[3561,97610217179536.mockFlowFile,24B] from FlowFile[3560,97610217179536.mockFlowFile,24B]; routing to relationship simple
[pool-4102-thread-1] INFO org.apache.nifi.processors.standard.RouteText - RouteText[id=88577823-16f9-4de2-ba04-780edacb1bd8] Routing FlowFile[3560,97610217179536.mockFlowFile,24B] to original
[main] DEBUG org.apache.nifi.processors.standard.RouteText - RouteText[id=88577823-16f9-4de2-ba04-780edacb1bd8] Adding new dynamic property: PropertyDescriptor[simple]
[pool-4103-thread-1] INFO org.apache.nifi.processors.standard.RouteText - RouteText[id=88577823-16f9-4de2-ba04-780edacb1bd8] Created FlowFile[3563,97610217649669.mockFlowFile,24B] from FlowFile[3562,97610217649669.mockFlowFile,24B]; routing to relationship simple
[pool-4103-thread-1] INFO org.apache.nifi.processors.standard.RouteText - RouteText[id=88577823-16f9-4de2-ba04-780edacb1bd8] Routing FlowFile[3562,97610217649669.mockFlowFile,24B] to original
[main] DEBUG org.apache.nifi.processors.standard.RouteText - RouteText[id=88577823-16f9-4de2-ba04-780edacb1bd8] Adding new dynamic property: PropertyDescriptor[simple]
[pool-4104-thread-1] INFO org.apache.nifi.processors.standard.RouteText - RouteText[id=88577823-16f9-4de2-ba04-780edacb1bd8] Created FlowFile[3565,97610218118206.mockFlowFile,24B] from FlowFile[3564,97610218118206.mockFlowFile,24B]; routing to relationship simple
[pool-4104-thread-1] INFO org.apache.nifi.processors.standard.RouteText - RouteText[id=88577823-16f9-4de2-ba04-780edacb1bd8] Routing FlowFile[3564,97610218118206.mockFlowFile,24B] to original
[main] DEBUG org.apache.nifi.processors.standard.RouteText - RouteText[id=88577823-16f9-4de2-ba04-780edacb1bd8] Adding new dynamic property: PropertyDescriptor[simple]
[pool-4105-thread-1] INFO org.apache.nifi.processors.standard.RouteText - RouteText[id=88577823-16f9-4de2-ba04-780edacb1bd8] Created FlowFile[3567,97610218554283.mockFlowFile,24B] from FlowFile[3566,97610218554283.mockFlowFile,24B]; routing to relationship simple
[pool-4105-thread-1] INFO org.apache.nifi.processors.standard.RouteText - RouteText[id=88577823-16f9-4de2-ba04-780edacb1bd8] Routing FlowFile[3566,97610218554283.mockFlowFile,24B] to original
[main] DEBUG org.apache.nifi.processors.standard.RouteText - RouteText[id=88577823-16f9-4de2-ba04-780edacb1bd8] Adding new dynamic property: PropertyDescriptor[simple]
[pool-4106-thread-1] INFO org.apache.nifi.processors.standard.RouteText - RouteText[id=88577823-16f9-4de2-ba04-780edacb1bd8] Created FlowFile[3569,97610219033461.mockFlowFile,24B] from FlowFile[3568,97610219033461.mockFlowFile,24B]; routing to relationship simple
[pool-4106-thread-1] INFO org.apache.nifi.processors.standard.RouteText - RouteText[id=88577823-16f9-4de2-ba04-780edacb1bd8] Routing FlowFile[3568,97610219033461.mockFlowFile,24B] to original
[main] DEBUG org.apache.nifi.processors.standard.RouteText - RouteText[id=88577823-16f9-4de2-ba04-780edacb1bd8] Adding new dynamic property: PropertyDescriptor[simple]
[pool-4107-thread-1] INFO org.apache.nifi.processors.standard.RouteText - RouteText[id=88577823-16f9-4de2-ba04-780edacb1bd8] Created FlowFile[3571,97610219509150.mockFlowFile,24B] from FlowFile[3570,97610219509150.mockFlowFile,24B]; routing to relationship simple
[pool-4107-thread-1] INFO org.apache.nifi.processors.standard.RouteText - RouteText[id=88577823-16f9-4de2-ba04-780edacb1bd8] Routing FlowFile[3570,97610219509150.mockFlowFile,24B] to original
[main] DEBUG org.apache.nifi.processors.standard.RouteText - RouteText[id=88577823-16f9-4de2-ba04-780edacb1bd8] Adding new dynamic property: PropertyDescriptor[simple]
[pool-4108-thread-1] INFO org.apache.nifi.processors.standard.RouteText - RouteText[id=88577823-16f9-4de2-ba04-780edacb1bd8] Created FlowFile[3573,97610220160123.mockFlowFile,24B] from FlowFile[3572,97610220160123.mockFlowFile,24B]; routing to relationship simple
[pool-4108-thread-1] INFO org.apache.nifi.processors.standard.RouteText - RouteText[id=88577823-16f9-4de2-ba04-780edacb1bd8] Routing FlowFile[3572,97610220160123.mockFlowFile,24B] to original
[main] DEBUG org.apache.nifi.processors.standard.RouteText - RouteText[id=88577823-16f9-4de2-ba04-780edacb1bd8] Adding new dynamic property: PropertyDescriptor[simple]
[pool-4109-thread-1] INFO org.apache.nifi.processors.standard.RouteText - RouteText[id=88577823-16f9-4de2-ba04-780edacb1bd8] Created FlowFile[3575,97610220651733.mockFlowFile,24B] from FlowFile[3574,97610220651733.mockFlowFile,24B]; routing to relationship simple
[pool-4109-thread-1] INFO org.apache.nifi.processors.standard.RouteText - RouteText[id=88577823-16f9-4de2-ba04-780edacb1bd8] Routing FlowFile[3574,97610220651733.mockFlowFile,24B] to original
[main] DEBUG org.apache.nifi.processors.standard.RouteText - RouteText[id=88577823-16f9-4de2-ba04-780edacb1bd8] Adding new dynamic property: PropertyDescriptor[simple]
[pool-4110-thread-1] INFO org.apache.nifi.processors.standard.RouteText - RouteText[id=88577823-16f9-4de2-ba04-780edacb1bd8] Created FlowFile[3577,97610221101808.mockFlowFile,24B] from FlowFile[3576,97610221101808.mockFlowFile,24B]; routing to relationship simple
[pool-4110-thread-1] INFO org.apache.nifi.processors.standard.RouteText - RouteText[id=88577823-16f9-4de2-ba04-780edacb1bd8] Routing FlowFile[3576,97610221101808.mockFlowFile,24B] to original
[main] DEBUG org.apache.nifi.processors.standard.RouteText - RouteText[id=88577823-16f9-4de2-ba04-780edacb1bd8] Adding new dynamic property: PropertyDescriptor[simple]
[pool-4111-thread-1] INFO org.apache.nifi.processors.standard.RouteText - RouteText[id=88577823-16f9-4de2-ba04-780edacb1bd8] Created FlowFile[3579,97610221549966.mockFlowFile,24B] from FlowFile[3578,97610221549966.mockFlowFile,24B]; routing to relationship simple
[pool-4111-thread-1] INFO org.apache.nifi.processors.standard.RouteText - RouteText[id=88577823-16f9-4de2-ba04-780edacb1bd8] Routing FlowFile[3578,97610221549966.mockFlowFile,24B] to original
[main] DEBUG org.apache.nifi.processors.standard.RouteText - RouteText[id=88577823-16f9-4de2-ba04-780edacb1bd8] Adding new dynamic property: PropertyDescriptor[simple]
[pool-4112-thread-1] INFO org.apache.nifi.processors.standard.RouteText - RouteText[id=88577823-16f9-4de2-ba04-780edacb1bd8] Created FlowFile[3581,97610221983233.mockFlowFile,24B] from FlowFile[3580,97610221983233.mockFlowFile,24B]; routing to relationship simple
[pool-4112-thread-1] INFO org.apache.nifi.processors.standard.RouteText - RouteText[id=88577823-16f9-4de2-ba04-780edacb1bd8] Routing FlowFile[3580,97610221983233.mockFlowFile,24B] to original
[main] DEBUG org.apache.nifi.processors.standard.RouteText - RouteText[id=88577823-16f9-4de2-ba04-780edacb1bd8] Adding new dynamic property: PropertyDescriptor[simple]
[pool-4113-thread-1] INFO org.apache.nifi.processors.standard.RouteText - RouteText[id=88577823-16f9-4de2-ba04-780edacb1bd8] Created FlowFile[3583,97610222433790.mockFlowFile,24B] from FlowFile[3582,97610222433790.mockFlowFile,24B]; routing to relationship simple
[pool-4113-thread-1] INFO org.apache.nifi.processors.standard.RouteText - RouteText[id=88577823-16f9-4de2-ba04-780edacb1bd8] Routing FlowFile[3582,97610222433790.mockFlowFile,24B] to original
[main] DEBUG org.apache.nifi.processors.standard.RouteText - RouteText[id=88577823-16f9-4de2-ba04-780edacb1bd8] Adding new dynamic property: PropertyDescriptor[simple]
[pool-4114-thread-1] INFO org.apache.nifi.processors.standard.RouteText - RouteText[id=88577823-16f9-4de2-ba04-780edacb1bd8] Created FlowFile[3585,97610222873691.mockFlowFile,24B] from FlowFile[3584,97610222873691.mockFlowFile,24B]; routing to relationship simple
[pool-4114-thread-1] INFO org.apache.nifi.processors.standard.RouteText - RouteText[id=88577823-16f9-4de2-ba04-780edacb1bd8] Routing FlowFile[3584,97610222873691.mockFlowFile,24B] to original
[main] DEBUG org.apache.nifi.processors.standard.RouteText - RouteText[id=88577823-16f9-4de2-ba04-780edacb1bd8] Adding new dynamic property: PropertyDescriptor[simple]
[pool-4115-thread-1] INFO org.apache.nifi.processors.standard.RouteText - RouteText[id=88577823-16f9-4de2-ba04-780edacb1bd8] Created FlowFile[3587,97610223340661.mockFlowFile,24B] from FlowFile[3586,97610223340661.mockFlowFile,24B]; routing to relationship simple
[pool-4115-thread-1] INFO org.apache.nifi.processors.standard.RouteText - RouteText[id=88577823-16f9-4de2-ba04-780edacb1bd8] Routing FlowFile[3586,97610223340661.mockFlowFile,24B] to original
[main] DEBUG org.apache.nifi.processors.standard.RouteText - RouteText[id=88577823-16f9-4de2-ba04-780edacb1bd8] Adding new dynamic property: PropertyDescriptor[simple]
[pool-4116-thread-1] INFO org.apache.nifi.processors.standard.RouteText - RouteText[id=88577823-16f9-4de2-ba04-780edacb1bd8] Created FlowFile[3589,97610223850656.mockFlowFile,24B] from FlowFile[3588,97610223850656.mockFlowFile,24B]; routing to relationship simple
[pool-4116-thread-1] INFO org.apache.nifi.processors.standard.RouteText - RouteText[id=88577823-16f9-4de2-ba04-780edacb1bd8] Routing FlowFile[3588,97610223850656.mockFlowFile,24B] to original
[main] DEBUG org.apache.nifi.processors.standard.RouteText - RouteText[id=88577823-16f9-4de2-ba04-780edacb1bd8] Adding new dynamic property: PropertyDescriptor[simple]
[pool-4117-thread-1] INFO org.apache.nifi.processors.standard.RouteText - RouteText[id=88577823-16f9-4de2-ba04-780edacb1bd8] Created FlowFile[3591,97610224351118.mockFlowFile,24B] from FlowFile[3590,97610224351118.mockFlowFile,24B]; routing to relationship simple
[pool-4117-thread-1] INFO org.apache.nifi.processors.standard.RouteText - RouteText[id=88577823-16f9-4de2-ba04-780edacb1bd8] Routing FlowFile[3590,97610224351118.mockFlowFile,24B] to original
[main] DEBUG org.apache.nifi.processors.standard.RouteText - RouteText[id=88577823-16f9-4de2-ba04-780edacb1bd8] Adding new dynamic property: PropertyDescriptor[simple]
[pool-4118-thread-1] INFO org.apache.nifi.processors.standard.RouteText - RouteText[id=88577823-16f9-4de2-ba04-780edacb1bd8] Created FlowFile[3593,97610224801240.mockFlowFile,24B] from FlowFile[3592,97610224801240.mockFlowFile,24B]; routing to relationship simple
[pool-4118-thread-1] INFO org.apache.nifi.processors.standard.RouteText - RouteText[id=88577823-16f9-4de2-ba04-780edacb1bd8] Routing FlowFile[3592,97610224801240.mockFlowFile,24B] to original
[main] DEBUG org.apache.nifi.processors.standard.RouteText - RouteText[id=88577823-16f9-4de2-ba04-780edacb1bd8] Adding new dynamic property: PropertyDescriptor[simple]
[pool-4119-thread-1] INFO org.apache.nifi.processors.standard.RouteText - RouteText[id=88577823-16f9-4de2-ba04-780edacb1bd8] Created FlowFile[3595,97610225203929.mockFlowFile,24B] from FlowFile[3594,97610225203929.mockFlowFile,24B]; routing to relationship simple
[pool-4119-thread-1] INFO org.apache.nifi.processors.standard.RouteText - RouteText[id=88577823-16f9-4de2-ba04-780edacb1bd8] Routing FlowFile[3594,97610225203929.mockFlowFile,24B] to original
[main] DEBUG org.apache.nifi.processors.standard.RouteText - RouteText[id=88577823-16f9-4de2-ba04-780edacb1bd8] Adding new dynamic property: PropertyDescriptor[simple]
[pool-4120-thread-1] INFO org.apache.nifi.processors.standard.RouteText - RouteText[id=88577823-16f9-4de2-ba04-780edacb1bd8] Created FlowFile[3597,97610225593339.mockFlowFile,24B] from FlowFile[3596,97610225593339.mockFlowFile,24B]; routing to relationship simple
[pool-4120-thread-1] INFO org.apache.nifi.processors.standard.RouteText - RouteText[id=88577823-16f9-4de2-ba04-780edacb1bd8] Routing FlowFile[3596,97610225593339.mockFlowFile,24B] to original
[main] DEBUG org.apache.nifi.processors.standard.RouteText - RouteText[id=88577823-16f9-4de2-ba04-780edacb1bd8] Adding new dynamic property: PropertyDescriptor[simple]
[pool-4121-thread-1] INFO org.apache.nifi.processors.standard.RouteText - RouteText[id=88577823-16f9-4de2-ba04-780edacb1bd8] Created FlowFile[3599,97610225971497.mockFlowFile,24B] from FlowFile[3598,97610225971497.mockFlowFile,24B]; routing to relationship simple
[pool-4121-thread-1] INFO org.apache.nifi.processors.standard.RouteText - RouteText[id=88577823-16f9-4de2-ba04-780edacb1bd8] Routing FlowFile[3598,97610225971497.mockFlowFile,24B] to original
[main] DEBUG org.apache.nifi.processors.standard.RouteText - RouteText[id=88577823-16f9-4de2-ba04-780edacb1bd8] Adding new dynamic property: PropertyDescriptor[simple]
[pool-4122-thread-1] INFO org.apache.nifi.processors.standard.RouteText - RouteText[id=88577823-16f9-4de2-ba04-780edacb1bd8] Created FlowFile[3601,97610226390533.mockFlowFile,24B] from FlowFile[3600,97610226390533.mockFlowFile,24B]; routing to relationship simple
[pool-4122-thread-1] INFO org.apache.nifi.processors.standard.RouteText - RouteText[id=88577823-16f9-4de2-ba04-780edacb1bd8] Routing FlowFile[3600,97610226390533.mockFlowFile,24B] to original
[main] DEBUG org.apache.nifi.processors.standard.RouteText - RouteText[id=88577823-16f9-4de2-ba04-780edacb1bd8] Adding new dynamic property: PropertyDescriptor[simple]
[pool-4123-thread-1] INFO org.apache.nifi.processors.standard.RouteText - RouteText[id=88577823-16f9-4de2-ba04-780edacb1bd8] Created FlowFile[3603,97610226835391.mockFlowFile,24B] from FlowFile[3602,97610226835391.mockFlowFile,24B]; routing to relationship simple
[pool-4123-thread-1] INFO org.apache.nifi.processors.standard.RouteText - RouteText[id=88577823-16f9-4de2-ba04-780edacb1bd8] Routing FlowFile[3602,97610226835391.mockFlowFile,24B] to original
[main] DEBUG org.apache.nifi.processors.standard.RouteText - RouteText[id=88577823-16f9-4de2-ba04-780edacb1bd8] Adding new dynamic property: PropertyDescriptor[simple]
[pool-4124-thread-1] INFO org.apache.nifi.processors.standard.RouteText - RouteText[id=88577823-16f9-4de2-ba04-780edacb1bd8] Created FlowFile[3605,97610227256021.mockFlowFile,24B] from FlowFile[3604,97610227256021.mockFlowFile,24B]; routing to relationship simple
[pool-4124-thread-1] INFO org.apache.nifi.processors.standard.RouteText - RouteText[id=88577823-16f9-4de2-ba04-780edacb1bd8] Routing FlowFile[3604,97610227256021.mockFlowFile,24B] to original
[main] DEBUG org.apache.nifi.processors.standard.RouteText - RouteText[id=88577823-16f9-4de2-ba04-780edacb1bd8] Adding new dynamic property: PropertyDescriptor[simple]
[pool-4125-thread-1] INFO org.apache.nifi.processors.standard.RouteText - RouteText[id=88577823-16f9-4de2-ba04-780edacb1bd8] Created FlowFile[3607,97610227695994.mockFlowFile,24B] from FlowFile[3606,97610227695994.mockFlowFile,24B]; routing to relationship simple
[pool-4125-thread-1] INFO org.apache.nifi.processors.standard.RouteText - RouteText[id=88577823-16f9-4de2-ba04-780edacb1bd8] Routing FlowFile[3606,97610227695994.mockFlowFile,24B] to original
[main] DEBUG org.apache.nifi.processors.standard.RouteText - RouteText[id=88577823-16f9-4de2-ba04-780edacb1bd8] Adding new dynamic property: PropertyDescriptor[simple]
[pool-4126-thread-1] INFO org.apache.nifi.processors.standard.RouteText - RouteText[id=88577823-16f9-4de2-ba04-780edacb1bd8] Created FlowFile[3609,97610228134703.mockFlowFile,24B] from FlowFile[3608,97610228134703.mockFlowFile,24B]; routing to relationship simple
[pool-4126-thread-1] INFO org.apache.nifi.processors.standard.RouteText - RouteText[id=88577823-16f9-4de2-ba04-780edacb1bd8] Routing FlowFile[3608,97610228134703.mockFlowFile,24B] to original
[main] DEBUG org.apache.nifi.processors.standard.RouteText - RouteText[id=88577823-16f9-4de2-ba04-780edacb1bd8] Adding new dynamic property: PropertyDescriptor[simple]
[pool-4127-thread-1] INFO org.apache.nifi.processors.standard.RouteText - RouteText[id=88577823-16f9-4de2-ba04-780edacb1bd8] Created FlowFile[3611,97610228542145.mockFlowFile,24B] from FlowFile[3610,97610228542145.mockFlowFile,24B]; routing to relationship simple
[pool-4127-thread-1] INFO org.apache.nifi.processors.standard.RouteText - RouteText[id=88577823-16f9-4de2-ba04-780edacb1bd8] Routing FlowFile[3610,97610228542145.mockFlowFile,24B] to original
[main] DEBUG org.apache.nifi.processors.standard.RouteText - RouteText[id=88577823-16f9-4de2-ba04-780edacb1bd8] Adding new dynamic property: PropertyDescriptor[simple]
[pool-4128-thread-1] INFO org.apache.nifi.processors.standard.RouteText - RouteText[id=88577823-16f9-4de2-ba04-780edacb1bd8] Created FlowFile[3613,97610228946612.mockFlowFile,24B] from FlowFile[3612,97610228946612.mockFlowFile,24B]; routing to relationship simple
[pool-4128-thread-1] INFO org.apache.nifi.processors.standard.RouteText - RouteText[id=88577823-16f9-4de2-ba04-780edacb1bd8] Routing FlowFile[3612,97610228946612.mockFlowFile,24B] to original
[main] DEBUG org.apache.nifi.processors.standard.RouteText - RouteText[id=88577823-16f9-4de2-ba04-780edacb1bd8] Adding new dynamic property: PropertyDescriptor[simple]
[pool-4129-thread-1] INFO org.apache.nifi.processors.standard.RouteText - RouteText[id=88577823-16f9-4de2-ba04-780edacb1bd8] Created FlowFile[3615,97610229375476.mockFlowFile,24B] from FlowFile[3614,97610229375476.mockFlowFile,24B]; routing to relationship simple
[pool-4129-thread-1] INFO org.apache.nifi.processors.standard.RouteText - RouteText[id=88577823-16f9-4de2-ba04-780edacb1bd8] Routing FlowFile[3614,97610229375476.mockFlowFile,24B] to original
[main] DEBUG org.apache.nifi.processors.standard.RouteText - RouteText[id=88577823-16f9-4de2-ba04-780edacb1bd8] Adding new dynamic property: PropertyDescriptor[simple]
[pool-4130-thread-1] INFO org.apache.nifi.processors.standard.RouteText - RouteText[id=88577823-16f9-4de2-ba04-780edacb1bd8] Created FlowFile[3617,97610229877225.mockFlowFile,24B] from FlowFile[3616,97610229877225.mockFlowFile,24B]; routing to relationship simple
[pool-4130-thread-1] INFO org.apache.nifi.processors.standard.RouteText - RouteText[id=88577823-16f9-4de2-ba04-780edacb1bd8] Routing FlowFile[3616,97610229877225.mockFlowFile,24B] to original
[main] DEBUG org.apache.nifi.processors.standard.RouteText - RouteText[id=88577823-16f9-4de2-ba04-780edacb1bd8] Adding new dynamic property: PropertyDescriptor[simple]
[pool-4131-thread-1] INFO org.apache.nifi.processors.standard.RouteText - RouteText[id=88577823-16f9-4de2-ba04-780edacb1bd8] Created FlowFile[3619,97610230313548.mockFlowFile,24B] from FlowFile[3618,97610230313548.mockFlowFile,24B]; routing to relationship simple
[pool-4131-thread-1] INFO org.apache.nifi.processors.standard.RouteText - RouteText[id=88577823-16f9-4de2-ba04-780edacb1bd8] Routing FlowFile[3618,97610230313548.mockFlowFile,24B] to original
[main] DEBUG org.apache.nifi.processors.standard.RouteText - RouteText[id=88577823-16f9-4de2-ba04-780edacb1bd8] Adding new dynamic property: PropertyDescriptor[simple]
[pool-4132-thread-1] INFO org.apache.nifi.processors.standard.RouteText - RouteText[id=88577823-16f9-4de2-ba04-780edacb1bd8] Created FlowFile[3621,97610230744296.mockFlowFile,24B] from FlowFile[3620,97610230744296.mockFlowFile,24B]; routing to relationship simple
[pool-4132-thread-1] INFO org.apache.nifi.processors.standard.RouteText - RouteText[id=88577823-16f9-4de2-ba04-780edacb1bd8] Routing FlowFile[3620,97610230744296.mockFlowFile,24B] to original
[main] DEBUG org.apache.nifi.processors.standard.RouteText - RouteText[id=88577823-16f9-4de2-ba04-780edacb1bd8] Adding new dynamic property: PropertyDescriptor[simple]
[pool-4133-thread-1] INFO org.apache.nifi.processors.standard.RouteText - RouteText[id=88577823-16f9-4de2-ba04-780edacb1bd8] Created FlowFile[3623,97610231177337.mockFlowFile,24B] from FlowFile[3622,97610231177337.mockFlowFile,24B]; routing to relationship simple
[pool-4133-thread-1] INFO org.apache.nifi.processors.standard.RouteText - RouteText[id=88577823-16f9-4de2-ba04-780edacb1bd8] Routing FlowFile[3622,97610231177337.mockFlowFile,24B] to original
[main] DEBUG org.apache.nifi.processors.standard.RouteText - RouteText[id=88577823-16f9-4de2-ba04-780edacb1bd8] Adding new dynamic property: PropertyDescriptor[simple]
[pool-4134-thread-1] INFO org.apache.nifi.processors.standard.RouteText - RouteText[id=88577823-16f9-4de2-ba04-780edacb1bd8] Created FlowFile[3625,97610231599077.mockFlowFile,24B] from FlowFile[3624,97610231599077.mockFlowFile,24B]; routing to relationship simple
[pool-4134-thread-1] INFO org.apache.nifi.processors.standard.RouteText - RouteText[id=88577823-16f9-4de2-ba04-780edacb1bd8] Routing FlowFile[3624,97610231599077.mockFlowFile,24B] to original
[main] DEBUG org.apache.nifi.processors.standard.RouteText - RouteText[id=88577823-16f9-4de2-ba04-780edacb1bd8] Adding new dynamic property: PropertyDescriptor[simple]
[pool-4135-thread-1] INFO org.apache.nifi.processors.standard.RouteText - RouteText[id=88577823-16f9-4de2-ba04-780edacb1bd8] Created FlowFile[3627,97610232025843.mockFlowFile,24B] from FlowFile[3626,97610232025843.mockFlowFile,24B]; routing to relationship simple
[pool-4135-thread-1] INFO org.apache.nifi.processors.standard.RouteText - RouteText[id=88577823-16f9-4de2-ba04-780edacb1bd8] Routing FlowFile[3626,97610232025843.mockFlowFile,24B] to original
[main] DEBUG org.apache.nifi.processors.standard.RouteText - RouteText[id=88577823-16f9-4de2-ba04-780edacb1bd8] Adding new dynamic property: PropertyDescriptor[simple]
[pool-4136-thread-1] INFO org.apache.nifi.processors.standard.RouteText - RouteText[id=88577823-16f9-4de2-ba04-780edacb1bd8] Created FlowFile[3629,97610232512855.mockFlowFile,24B] from FlowFile[3628,97610232512855.mockFlowFile,24B]; routing to relationship simple
[pool-4136-thread-1] INFO org.apache.nifi.processors.standard.RouteText - RouteText[id=88577823-16f9-4de2-ba04-780edacb1bd8] Routing FlowFile[3628,97610232512855.mockFlowFile,24B] to original
[main] DEBUG org.apache.nifi.processors.standard.RouteText - RouteText[id=88577823-16f9-4de2-ba04-780edacb1bd8] Adding new dynamic property: PropertyDescriptor[simple]
[pool-4137-thread-1] INFO org.apache.nifi.processors.standard.RouteText - RouteText[id=88577823-16f9-4de2-ba04-780edacb1bd8] Created FlowFile[3631,97610232939563.mockFlowFile,24B] from FlowFile[3630,97610232939563.mockFlowFile,24B]; routing to relationship simple
[pool-4137-thread-1] INFO org.apache.nifi.processors.standard.RouteText - RouteText[id=88577823-16f9-4de2-ba04-780edacb1bd8] Routing FlowFile[3630,97610232939563.mockFlowFile,24B] to original
[main] DEBUG org.apache.nifi.processors.standard.RouteText - RouteText[id=88577823-16f9-4de2-ba04-780edacb1bd8] Adding new dynamic property: PropertyDescriptor[simple]
[pool-4138-thread-1] INFO org.apache.nifi.processors.standard.RouteText - RouteText[id=88577823-16f9-4de2-ba04-780edacb1bd8] Created FlowFile[3633,97610233375865.mockFlowFile,24B] from FlowFile[3632,97610233375865.mockFlowFile,24B]; routing to relationship simple
[pool-4138-thread-1] INFO org.apache.nifi.processors.standard.RouteText - RouteText[id=88577823-16f9-4de2-ba04-780edacb1bd8] Routing FlowFile[3632,97610233375865.mockFlowFile,24B] to original
[main] DEBUG org.apache.nifi.processors.standard.RouteText - RouteText[id=88577823-16f9-4de2-ba04-780edacb1bd8] Adding new dynamic property: PropertyDescriptor[simple]
[pool-4139-thread-1] INFO org.apache.nifi.processors.standard.RouteText - RouteText[id=88577823-16f9-4de2-ba04-780edacb1bd8] Created FlowFile[3635,97610233792357.mockFlowFile,24B] from FlowFile[3634,97610233792357.mockFlowFile,24B]; routing to relationship simple
[pool-4139-thread-1] INFO org.apache.nifi.processors.standard.RouteText - RouteText[id=88577823-16f9-4de2-ba04-780edacb1bd8] Routing FlowFile[3634,97610233792357.mockFlowFile,24B] to original
[main] DEBUG org.apache.nifi.processors.standard.RouteText - RouteText[id=88577823-16f9-4de2-ba04-780edacb1bd8] Adding new dynamic property: PropertyDescriptor[simple]
[pool-4140-thread-1] INFO org.apache.nifi.processors.standard.RouteText - RouteText[id=88577823-16f9-4de2-ba04-780edacb1bd8] Created FlowFile[3637,97610234218431.mockFlowFile,24B] from FlowFile[3636,97610234218431.mockFlowFile,24B]; routing to relationship simple
[pool-4140-thread-1] INFO org.apache.nifi.processors.standard.RouteText - RouteText[id=88577823-16f9-4de2-ba04-780edacb1bd8] Routing FlowFile[3636,97610234218431.mockFlowFile,24B] to original
[main] DEBUG org.apache.nifi.processors.standard.RouteText - RouteText[id=88577823-16f9-4de2-ba04-780edacb1bd8] Adding new dynamic property: PropertyDescriptor[simple]
[pool-4141-thread-1] INFO org.apache.nifi.processors.standard.RouteText - RouteText[id=88577823-16f9-4de2-ba04-780edacb1bd8] Created FlowFile[3639,97610234637353.mockFlowFile,24B] from FlowFile[3638,97610234637353.mockFlowFile,24B]; routing to relationship simple
[pool-4141-thread-1] INFO org.apache.nifi.processors.standard.RouteText - RouteText[id=88577823-16f9-4de2-ba04-780edacb1bd8] Routing FlowFile[3638,97610234637353.mockFlowFile,24B] to original
[main] DEBUG org.apache.nifi.processors.standard.RouteText - RouteText[id=88577823-16f9-4de2-ba04-780edacb1bd8] Adding new dynamic property: PropertyDescriptor[simple]
[pool-4142-thread-1] INFO org.apache.nifi.processors.standard.RouteText - RouteText[id=88577823-16f9-4de2-ba04-780edacb1bd8] Created FlowFile[3641,97610235034827.mockFlowFile,24B] from FlowFile[3640,97610235034827.mockFlowFile,24B]; routing to relationship simple
[pool-4142-thread-1] INFO org.apache.nifi.processors.standard.RouteText - RouteText[id=88577823-16f9-4de2-ba04-780edacb1bd8] Routing FlowFile[3640,97610235034827.mockFlowFile,24B] to original
[main] DEBUG org.apache.nifi.processors.standard.RouteText - RouteText[id=88577823-16f9-4de2-ba04-780edacb1bd8] Adding new dynamic property: PropertyDescriptor[simple]
[pool-4143-thread-1] INFO org.apache.nifi.processors.standard.RouteText - RouteText[id=88577823-16f9-4de2-ba04-780edacb1bd8] Created FlowFile[3643,97610235452116.mockFlowFile,24B] from FlowFile[3642,97610235452116.mockFlowFile,24B]; routing to relationship simple
[pool-4143-thread-1] INFO org.apache.nifi.processors.standard.RouteText - RouteText[id=88577823-16f9-4de2-ba04-780edacb1bd8] Routing FlowFile[3642,97610235452116.mockFlowFile,24B] to original
[main] DEBUG org.apache.nifi.processors.standard.RouteText - RouteText[id=88577823-16f9-4de2-ba04-780edacb1bd8] Adding new dynamic property: PropertyDescriptor[simple]
[pool-4144-thread-1] INFO org.apache.nifi.processors.standard.RouteText - RouteText[id=88577823-16f9-4de2-ba04-780edacb1bd8] Created FlowFile[3645,97610235849648.mockFlowFile,24B] from FlowFile[3644,97610235849648.mockFlowFile,24B]; routing to relationship simple
[pool-4144-thread-1] INFO org.apache.nifi.processors.standard.RouteText - RouteText[id=88577823-16f9-4de2-ba04-780edacb1bd8] Routing FlowFile[3644,97610235849648.mockFlowFile,24B] to original
[main] DEBUG org.apache.nifi.processors.standard.RouteText - RouteText[id=88577823-16f9-4de2-ba04-780edacb1bd8] Adding new dynamic property: PropertyDescriptor[simple]
[pool-4145-thread-1] INFO org.apache.nifi.processors.standard.RouteText - RouteText[id=88577823-16f9-4de2-ba04-780edacb1bd8] Created FlowFile[3647,97610236270639.mockFlowFile,24B] from FlowFile[3646,97610236270639.mockFlowFile,24B]; routing to relationship simple
[pool-4145-thread-1] INFO org.apache.nifi.processors.standard.RouteText - RouteText[id=88577823-16f9-4de2-ba04-780edacb1bd8] Routing FlowFile[3646,97610236270639.mockFlowFile,24B] to original
[main] DEBUG org.apache.nifi.processors.standard.RouteText - RouteText[id=88577823-16f9-4de2-ba04-780edacb1bd8] Adding new dynamic property: PropertyDescriptor[simple]
[pool-4146-thread-1] INFO org.apache.nifi.processors.standard.RouteText - RouteText[id=88577823-16f9-4de2-ba04-780edacb1bd8] Created FlowFile[3649,97610236677191.mockFlowFile,24B] from FlowFile[3648,97610236677191.mockFlowFile,24B]; routing to relationship simple
[pool-4146-thread-1] INFO org.apache.nifi.processors.standard.RouteText - RouteText[id=88577823-16f9-4de2-ba04-780edacb1bd8] Routing FlowFile[3648,97610236677191.mockFlowFile,24B] to original
[main] DEBUG org.apache.nifi.processors.standard.RouteText - RouteText[id=88577823-16f9-4de2-ba04-780edacb1bd8] Adding new dynamic property: PropertyDescriptor[simple]
[pool-4147-thread-1] INFO org.apache.nifi.processors.standard.RouteText - RouteText[id=88577823-16f9-4de2-ba04-780edacb1bd8] Created FlowFile[3651,97610237081005.mockFlowFile,24B] from FlowFile[3650,97610237081005.mockFlowFile,24B]; routing to relationship simple
[pool-4147-thread-1] INFO org.apache.nifi.processors.standard.RouteText - RouteText[id=88577823-16f9-4de2-ba04-780edacb1bd8] Routing FlowFile[3650,97610237081005.mockFlowFile,24B] to original
[main] DEBUG org.apache.nifi.processors.standard.RouteText - RouteText[id=88577823-16f9-4de2-ba04-780edacb1bd8] Adding new dynamic property: PropertyDescriptor[simple]
[pool-4148-thread-1] INFO org.apache.nifi.processors.standard.RouteText - RouteText[id=88577823-16f9-4de2-ba04-780edacb1bd8] Created FlowFile[3653,97610237484834.mockFlowFile,24B] from FlowFile[3652,97610237484834.mockFlowFile,24B]; routing to relationship simple
[pool-4148-thread-1] INFO org.apache.nifi.processors.standard.RouteText - RouteText[id=88577823-16f9-4de2-ba04-780edacb1bd8] Routing FlowFile[3652,97610237484834.mockFlowFile,24B] to original
[main] DEBUG org.apache.nifi.processors.standard.RouteText - RouteText[id=88577823-16f9-4de2-ba04-780edacb1bd8] Adding new dynamic property: PropertyDescriptor[simple]
[pool-4149-thread-1] INFO org.apache.nifi.processors.standard.RouteText - RouteText[id=88577823-16f9-4de2-ba04-780edacb1bd8] Created FlowFile[3655,97610237939586.mockFlowFile,24B] from FlowFile[3654,97610237939586.mockFlowFile,24B]; routing to relationship simple
[pool-4149-thread-1] INFO org.apache.nifi.processors.standard.RouteText - RouteText[id=88577823-16f9-4de2-ba04-780edacb1bd8] Routing FlowFile[3654,97610237939586.mockFlowFile,24B] to original
[main] DEBUG org.apache.nifi.processors.standard.RouteText - RouteText[id=88577823-16f9-4de2-ba04-780edacb1bd8] Adding new dynamic property: PropertyDescriptor[simple]
[pool-4150-thread-1] INFO org.apache.nifi.processors.standard.RouteText - RouteText[id=88577823-16f9-4de2-ba04-780edacb1bd8] Created FlowFile[3657,97610238374622.mockFlowFile,24B] from FlowFile[3656,97610238374622.mockFlowFile,24B]; routing to relationship simple
[pool-4150-thread-1] INFO org.apache.nifi.processors.standard.RouteText - RouteText[id=88577823-16f9-4de2-ba04-780edacb1bd8] Routing FlowFile[3656,97610238374622.mockFlowFile,24B] to original
[main] DEBUG org.apache.nifi.processors.standard.RouteText - RouteText[id=88577823-16f9-4de2-ba04-780edacb1bd8] Adding new dynamic property: PropertyDescriptor[simple]
[pool-4151-thread-1] INFO org.apache.nifi.processors.standard.RouteText - RouteText[id=88577823-16f9-4de2-ba04-780edacb1bd8] Created FlowFile[3659,97610238759065.mockFlowFile,24B] from FlowFile[3658,97610238759065.mockFlowFile,24B]; routing to relationship simple
[pool-4151-thread-1] INFO org.apache.nifi.processors.standard.RouteText - RouteText[id=88577823-16f9-4de2-ba04-780edacb1bd8] Routing FlowFile[3658,97610238759065.mockFlowFile,24B] to original
[main] DEBUG org.apache.nifi.processors.standard.RouteText - RouteText[id=88577823-16f9-4de2-ba04-780edacb1bd8] Adding new dynamic property: PropertyDescriptor[simple]
[pool-4152-thread-1] INFO org.apache.nifi.processors.standard.RouteText - RouteText[id=88577823-16f9-4de2-ba04-780edacb1bd8] Created FlowFile[3661,97610239149575.mockFlowFile,24B] from FlowFile[3660,97610239149575.mockFlowFile,24B]; routing to relationship simple
[pool-4152-thread-1] INFO org.apache.nifi.processors.standard.RouteText - RouteText[id=88577823-16f9-4de2-ba04-780edacb1bd8] Routing FlowFile[3660,97610239149575.mockFlowFile,24B] to original
[main] DEBUG org.apache.nifi.processors.standard.RouteText - RouteText[id=88577823-16f9-4de2-ba04-780edacb1bd8] Adding new dynamic property: PropertyDescriptor[simple]
[pool-4153-thread-1] INFO org.apache.nifi.processors.standard.RouteText - RouteText[id=88577823-16f9-4de2-ba04-780edacb1bd8] Created FlowFile[3663,97610239505122.mockFlowFile,24B] from FlowFile[3662,97610239505122.mockFlowFile,24B]; routing to relationship simple
[pool-4153-thread-1] INFO org.apache.nifi.processors.standard.RouteText - RouteText[id=88577823-16f9-4de2-ba04-780edacb1bd8] Routing FlowFile[3662,97610239505122.mockFlowFile,24B] to original
[main] DEBUG org.apache.nifi.processors.standard.RouteText - RouteText[id=88577823-16f9-4de2-ba04-780edacb1bd8] Adding new dynamic property: PropertyDescriptor[simple]
[pool-4154-thread-1] INFO org.apache.nifi.processors.standard.RouteText - RouteText[id=88577823-16f9-4de2-ba04-780edacb1bd8] Created FlowFile[3665,97610239903501.mockFlowFile,24B] from FlowFile[3664,97610239903501.mockFlowFile,24B]; routing to relationship simple
[pool-4154-thread-1] INFO org.apache.nifi.processors.standard.RouteText - RouteText[id=88577823-16f9-4de2-ba04-780edacb1bd8] Routing FlowFile[3664,97610239903501.mockFlowFile,24B] to original
[main] DEBUG org.apache.nifi.processors.standard.RouteText - RouteText[id=88577823-16f9-4de2-ba04-780edacb1bd8] Adding new dynamic property: PropertyDescriptor[simple]
[pool-4155-thread-1] INFO org.apache.nifi.processors.standard.RouteText - RouteText[id=88577823-16f9-4de2-ba04-780edacb1bd8] Created FlowFile[3667,97610240319707.mockFlowFile,24B] from FlowFile[3666,97610240319707.mockFlowFile,24B]; routing to relationship simple
[pool-4155-thread-1] INFO org.apache.nifi.processors.standard.RouteText - RouteText[id=88577823-16f9-4de2-ba04-780edacb1bd8] Routing FlowFile[3666,97610240319707.mockFlowFile,24B] to original
[main] DEBUG org.apache.nifi.processors.standard.RouteText - RouteText[id=88577823-16f9-4de2-ba04-780edacb1bd8] Adding new dynamic property: PropertyDescriptor[simple]
[pool-4156-thread-1] INFO org.apache.nifi.processors.standard.RouteText - RouteText[id=88577823-16f9-4de2-ba04-780edacb1bd8] Created FlowFile[3669,97610240803550.mockFlowFile,24B] from FlowFile[3668,97610240803550.mockFlowFile,24B]; routing to relationship simple
[pool-4156-thread-1] INFO org.apache.nifi.processors.standard.RouteText - RouteText[id=88577823-16f9-4de2-ba04-780edacb1bd8] Routing FlowFile[3668,97610240803550.mockFlowFile,24B] to original
[main] DEBUG org.apache.nifi.processors.standard.RouteText - RouteText[id=88577823-16f9-4de2-ba04-780edacb1bd8] Adding new dynamic property: PropertyDescriptor[simple]
[pool-4157-thread-1] INFO org.apache.nifi.processors.standard.RouteText - RouteText[id=88577823-16f9-4de2-ba04-780edacb1bd8] Created FlowFile[3671,97610241205513.mockFlowFile,24B] from FlowFile[3670,97610241205513.mockFlowFile,24B]; routing to relationship simple
[pool-4157-thread-1] INFO org.apache.nifi.processors.standard.RouteText - RouteText[id=88577823-16f9-4de2-ba04-780edacb1bd8] Routing FlowFile[3670,97610241205513.mockFlowFile,24B] to original
[main] DEBUG org.apache.nifi.processors.standard.RouteText - RouteText[id=88577823-16f9-4de2-ba04-780edacb1bd8] Adding new dynamic property: PropertyDescriptor[simple]
[pool-4158-thread-1] INFO org.apache.nifi.processors.standard.RouteText - RouteText[id=88577823-16f9-4de2-ba04-780edacb1bd8] Created FlowFile[3673,97610241602102.mockFlowFile,24B] from FlowFile[3672,97610241602102.mockFlowFile,24B]; routing to relationship simple
[pool-4158-thread-1] INFO org.apache.nifi.processors.standard.RouteText - RouteText[id=88577823-16f9-4de2-ba04-780edacb1bd8] Routing FlowFile[3672,97610241602102.mockFlowFile,24B] to original
[main] DEBUG org.apache.nifi.processors.standard.RouteText - RouteText[id=88577823-16f9-4de2-ba04-780edacb1bd8] Adding new dynamic property: PropertyDescriptor[simple]
[pool-4159-thread-1] INFO org.apache.nifi.processors.standard.RouteText - RouteText[id=88577823-16f9-4de2-ba04-780edacb1bd8] Created FlowFile[3675,97610241996171.mockFlowFile,24B] from FlowFile[3674,97610241996171.mockFlowFile,24B]; routing to relationship simple
[pool-4159-thread-1] INFO org.apache.nifi.processors.standard.RouteText - RouteText[id=88577823-16f9-4de2-ba04-780edacb1bd8] Routing FlowFile[3674,97610241996171.mockFlowFile,24B] to original
[main] DEBUG org.apache.nifi.processors.standard.RouteText - RouteText[id=88577823-16f9-4de2-ba04-780edacb1bd8] Adding new dynamic property: PropertyDescriptor[simple]
[pool-4160-thread-1] INFO org.apache.nifi.processors.standard.RouteText - RouteText[id=88577823-16f9-4de2-ba04-780edacb1bd8] Created FlowFile[3677,97610242397856.mockFlowFile,24B] from FlowFile[3676,97610242397856.mockFlowFile,24B]; routing to relationship simple
[pool-4160-thread-1] INFO org.apache.nifi.processors.standard.RouteText - RouteText[id=88577823-16f9-4de2-ba04-780edacb1bd8] Routing FlowFile[3676,97610242397856.mockFlowFile,24B] to original
[main] DEBUG org.apache.nifi.processors.standard.RouteText - RouteText[id=88577823-16f9-4de2-ba04-780edacb1bd8] Adding new dynamic property: PropertyDescriptor[simple]
[pool-4161-thread-1] INFO org.apache.nifi.processors.standard.RouteText - RouteText[id=88577823-16f9-4de2-ba04-780edacb1bd8] Created FlowFile[3679,97610242787553.mockFlowFile,24B] from FlowFile[3678,97610242787553.mockFlowFile,24B]; routing to relationship simple
[pool-4161-thread-1] INFO org.apache.nifi.processors.standard.RouteText - RouteText[id=88577823-16f9-4de2-ba04-780edacb1bd8] Routing FlowFile[3678,97610242787553.mockFlowFile,24B] to original
[main] DEBUG org.apache.nifi.processors.standard.RouteText - RouteText[id=88577823-16f9-4de2-ba04-780edacb1bd8] Adding new dynamic property: PropertyDescriptor[simple]
[pool-4162-thread-1] INFO org.apache.nifi.processors.standard.RouteText - RouteText[id=88577823-16f9-4de2-ba04-780edacb1bd8] Created FlowFile[3681,97610243183597.mockFlowFile,24B] from FlowFile[3680,97610243183597.mockFlowFile,24B]; routing to relationship simple
[pool-4162-thread-1] INFO org.apache.nifi.processors.standard.RouteText - RouteText[id=88577823-16f9-4de2-ba04-780edacb1bd8] Routing FlowFile[3680,97610243183597.mockFlowFile,24B] to original
[main] DEBUG org.apache.nifi.processors.standard.RouteText - RouteText[id=88577823-16f9-4de2-ba04-780edacb1bd8] Adding new dynamic property: PropertyDescriptor[simple]
[pool-4163-thread-1] INFO org.apache.nifi.processors.standard.RouteText - RouteText[id=88577823-16f9-4de2-ba04-780edacb1bd8] Created FlowFile[3683,97610243573798.mockFlowFile,24B] from FlowFile[3682,97610243573798.mockFlowFile,24B]; routing to relationship simple
[pool-4163-thread-1] INFO org.apache.nifi.processors.standard.RouteText - RouteText[id=88577823-16f9-4de2-ba04-780edacb1bd8] Routing FlowFile[3682,97610243573798.mockFlowFile,24B] to original
[main] DEBUG org.apache.nifi.processors.standard.RouteText - RouteText[id=88577823-16f9-4de2-ba04-780edacb1bd8] Adding new dynamic property: PropertyDescriptor[simple]
[pool-4164-thread-1] INFO org.apache.nifi.processors.standard.RouteText - RouteText[id=88577823-16f9-4de2-ba04-780edacb1bd8] Created FlowFile[3685,97610243963129.mockFlowFile,24B] from FlowFile[3684,97610243963129.mockFlowFile,24B]; routing to relationship simple
[pool-4164-thread-1] INFO org.apache.nifi.processors.standard.RouteText - RouteText[id=88577823-16f9-4de2-ba04-780edacb1bd8] Routing FlowFile[3684,97610243963129.mockFlowFile,24B] to original
[main] DEBUG org.apache.nifi.processors.standard.RouteText - RouteText[id=88577823-16f9-4de2-ba04-780edacb1bd8] Adding new dynamic property: PropertyDescriptor[simple]
[pool-4165-thread-1] INFO org.apache.nifi.processors.standard.RouteText - RouteText[id=88577823-16f9-4de2-ba04-780edacb1bd8] Created FlowFile[3687,97610244447113.mockFlowFile,24B] from FlowFile[3686,97610244447113.mockFlowFile,24B]; routing to relationship simple
[pool-4165-thread-1] INFO org.apache.nifi.processors.standard.RouteText - RouteText[id=88577823-16f9-4de2-ba04-780edacb1bd8] Routing FlowFile[3686,97610244447113.mockFlowFile,24B] to original
[main] DEBUG org.apache.nifi.processors.standard.RouteText - RouteText[id=88577823-16f9-4de2-ba04-780edacb1bd8] Adding new dynamic property: PropertyDescriptor[simple]
[pool-4166-thread-1] INFO org.apache.nifi.processors.standard.RouteText - RouteText[id=88577823-16f9-4de2-ba04-780edacb1bd8] Created FlowFile[3689,97610244847155.mockFlowFile,24B] from FlowFile[3688,97610244847155.mockFlowFile,24B]; routing to relationship simple
[pool-4166-thread-1] INFO org.apache.nifi.processors.standard.RouteText - RouteText[id=88577823-16f9-4de2-ba04-780edacb1bd8] Routing FlowFile[3688,97610244847155.mockFlowFile,24B] to original
[main] DEBUG org.apache.nifi.processors.standard.RouteText - RouteText[id=88577823-16f9-4de2-ba04-780edacb1bd8] Adding new dynamic property: PropertyDescriptor[simple]
[pool-4167-thread-1] INFO org.apache.nifi.processors.standard.RouteText - RouteText[id=88577823-16f9-4de2-ba04-780edacb1bd8] Created FlowFile[3691,97610245243048.mockFlowFile,24B] from FlowFile[3690,97610245243048.mockFlowFile,24B]; routing to relationship simple
[pool-4167-thread-1] INFO org.apache.nifi.processors.standard.RouteText - RouteText[id=88577823-16f9-4de2-ba04-780edacb1bd8] Routing FlowFile[3690,97610245243048.mockFlowFile,24B] to original
[main] DEBUG org.apache.nifi.processors.standard.RouteText - RouteText[id=88577823-16f9-4de2-ba04-780edacb1bd8] Adding new dynamic property: PropertyDescriptor[simple]
[pool-4168-thread-1] INFO org.apache.nifi.processors.standard.RouteText - RouteText[id=88577823-16f9-4de2-ba04-780edacb1bd8] Created FlowFile[3693,97610245636637.mockFlowFile,24B] from FlowFile[3692,97610245636637.mockFlowFile,24B]; routing to relationship simple
[pool-4168-thread-1] INFO org.apache.nifi.processors.standard.RouteText - RouteText[id=88577823-16f9-4de2-ba04-780edacb1bd8] Routing FlowFile[3692,97610245636637.mockFlowFile,24B] to original
[main] DEBUG org.apache.nifi.processors.standard.RouteText - RouteText[id=88577823-16f9-4de2-ba04-780edacb1bd8] Adding new dynamic property: PropertyDescriptor[simple]
[pool-4169-thread-1] INFO org.apache.nifi.processors.standard.RouteText - RouteText[id=88577823-16f9-4de2-ba04-780edacb1bd8] Created FlowFile[3695,97610246038494.mockFlowFile,24B] from FlowFile[3694,97610246038494.mockFlowFile,24B]; routing to relationship simple
[pool-4169-thread-1] INFO org.apache.nifi.processors.standard.RouteText - RouteText[id=88577823-16f9-4de2-ba04-780edacb1bd8] Routing FlowFile[3694,97610246038494.mockFlowFile,24B] to original
[main] DEBUG org.apache.nifi.processors.standard.RouteText - RouteText[id=88577823-16f9-4de2-ba04-780edacb1bd8] Adding new dynamic property: PropertyDescriptor[simple]
[pool-4170-thread-1] INFO org.apache.nifi.processors.standard.RouteText - RouteText[id=88577823-16f9-4de2-ba04-780edacb1bd8] Created FlowFile[3697,97610246458537.mockFlowFile,24B] from FlowFile[3696,97610246458537.mockFlowFile,24B]; routing to relationship simple
[pool-4170-thread-1] INFO org.apache.nifi.processors.standard.RouteText - RouteText[id=88577823-16f9-4de2-ba04-780edacb1bd8] Routing FlowFile[3696,97610246458537.mockFlowFile,24B] to original
[main] DEBUG org.apache.nifi.processors.standard.RouteText - RouteText[id=88577823-16f9-4de2-ba04-780edacb1bd8] Adding new dynamic property: PropertyDescriptor[simple]
[pool-4171-thread-1] INFO org.apache.nifi.processors.standard.RouteText - RouteText[id=88577823-16f9-4de2-ba04-780edacb1bd8] Created FlowFile[3699,97610246857052.mockFlowFile,24B] from FlowFile[3698,97610246857052.mockFlowFile,24B]; routing to relationship simple
[pool-4171-thread-1] INFO org.apache.nifi.processors.standard.RouteText - RouteText[id=88577823-16f9-4de2-ba04-780edacb1bd8] Routing FlowFile[3698,97610246857052.mockFlowFile,24B] to original
[main] DEBUG org.apache.nifi.processors.standard.RouteText - RouteText[id=88577823-16f9-4de2-ba04-780edacb1bd8] Adding new dynamic property: PropertyDescriptor[simple]
[pool-4172-thread-1] INFO org.apache.nifi.processors.standard.RouteText - RouteText[id=88577823-16f9-4de2-ba04-780edacb1bd8] Created FlowFile[3701,97610270292188.mockFlowFile,24B] from FlowFile[3700,97610270292188.mockFlowFile,24B]; routing to relationship simple
[pool-4172-thread-1] INFO org.apache.nifi.processors.standard.RouteText - RouteText[id=88577823-16f9-4de2-ba04-780edacb1bd8] Routing FlowFile[3700,97610270292188.mockFlowFile,24B] to original
[main] DEBUG org.apache.nifi.processors.standard.RouteText - RouteText[id=88577823-16f9-4de2-ba04-780edacb1bd8] Adding new dynamic property: PropertyDescriptor[simple]
[pool-4173-thread-1] INFO org.apache.nifi.processors.standard.RouteText - RouteText[id=88577823-16f9-4de2-ba04-780edacb1bd8] Created FlowFile[3703,97610270821521.mockFlowFile,24B] from FlowFile[3702,97610270821521.mockFlowFile,24B]; routing to relationship simple
[pool-4173-thread-1] INFO org.apache.nifi.processors.standard.RouteText - RouteText[id=88577823-16f9-4de2-ba04-780edacb1bd8] Routing FlowFile[3702,97610270821521.mockFlowFile,24B] to original
[main] DEBUG org.apache.nifi.processors.standard.RouteText - RouteText[id=88577823-16f9-4de2-ba04-780edacb1bd8] Adding new dynamic property: PropertyDescriptor[simple]
[pool-4174-thread-1] INFO org.apache.nifi.processors.standard.RouteText - RouteText[id=88577823-16f9-4de2-ba04-780edacb1bd8] Created FlowFile[3705,97610271265465.mockFlowFile,24B] from FlowFile[3704,97610271265465.mockFlowFile,24B]; routing to relationship simple
[pool-4174-thread-1] INFO org.apache.nifi.processors.standard.RouteText - RouteText[id=88577823-16f9-4de2-ba04-780edacb1bd8] Routing FlowFile[3704,97610271265465.mockFlowFile,24B] to original
[main] DEBUG org.apache.nifi.processors.standard.RouteText - RouteText[id=88577823-16f9-4de2-ba04-780edacb1bd8] Adding new dynamic property: PropertyDescriptor[simple]
[pool-4175-thread-1] INFO org.apache.nifi.processors.standard.RouteText - RouteText[id=88577823-16f9-4de2-ba04-780edacb1bd8] Created FlowFile[3707,97610271807436.mockFlowFile,24B] from FlowFile[3706,97610271807436.mockFlowFile,24B]; routing to relationship simple
[pool-4175-thread-1] INFO org.apache.nifi.processors.standard.RouteText - RouteText[id=88577823-16f9-4de2-ba04-780edacb1bd8] Routing FlowFile[3706,97610271807436.mockFlowFile,24B] to original
[main] DEBUG org.apache.nifi.processors.standard.RouteText - RouteText[id=88577823-16f9-4de2-ba04-780edacb1bd8] Adding new dynamic property: PropertyDescriptor[simple]
[pool-4176-thread-1] INFO org.apache.nifi.processors.standard.RouteText - RouteText[id=88577823-16f9-4de2-ba04-780edacb1bd8] Created FlowFile[3709,97610272498493.mockFlowFile,24B] from FlowFile[3708,97610272498493.mockFlowFile,24B]; routing to relationship simple
[pool-4176-thread-1] INFO org.apache.nifi.processors.standard.RouteText - RouteText[id=88577823-16f9-4de2-ba04-780edacb1bd8] Routing FlowFile[3708,97610272498493.mockFlowFile,24B] to original
[main] DEBUG org.apache.nifi.processors.standard.RouteText - RouteText[id=88577823-16f9-4de2-ba04-780edacb1bd8] Adding new dynamic property: PropertyDescriptor[simple]
[pool-4177-thread-1] INFO org.apache.nifi.processors.standard.RouteText - RouteText[id=88577823-16f9-4de2-ba04-780edacb1bd8] Created FlowFile[3711,97610273211375.mockFlowFile,24B] from FlowFile[3710,97610273211375.mockFlowFile,24B]; routing to relationship simple
[pool-4177-thread-1] INFO org.apache.nifi.processors.standard.RouteText - RouteText[id=88577823-16f9-4de2-ba04-780edacb1bd8] Routing FlowFile[3710,97610273211375.mockFlowFile,24B] to original
[main] DEBUG org.apache.nifi.processors.standard.RouteText - RouteText[id=88577823-16f9-4de2-ba04-780edacb1bd8] Adding new dynamic property: PropertyDescriptor[simple]
[pool-4178-thread-1] INFO org.apache.nifi.processors.standard.RouteText - RouteText[id=88577823-16f9-4de2-ba04-780edacb1bd8] Created FlowFile[3713,97610273768207.mockFlowFile,24B] from FlowFile[3712,97610273768207.mockFlowFile,24B]; routing to relationship simple
[pool-4178-thread-1] INFO org.apache.nifi.processors.standard.RouteText - RouteText[id=88577823-16f9-4de2-ba04-780edacb1bd8] Routing FlowFile[3712,97610273768207.mockFlowFile,24B] to original
[main] DEBUG org.apache.nifi.processors.standard.RouteText - RouteText[id=88577823-16f9-4de2-ba04-780edacb1bd8] Adding new dynamic property: PropertyDescriptor[simple]
[pool-4179-thread-1] INFO org.apache.nifi.processors.standard.RouteText - RouteText[id=88577823-16f9-4de2-ba04-780edacb1bd8] Created FlowFile[3715,97610274252987.mockFlowFile,24B] from FlowFile[3714,97610274252987.mockFlowFile,24B]; routing to relationship simple
[pool-4179-thread-1] INFO org.apache.nifi.processors.standard.RouteText - RouteText[id=88577823-16f9-4de2-ba04-780edacb1bd8] Routing FlowFile[3714,97610274252987.mockFlowFile,24B] to original
[main] DEBUG org.apache.nifi.processors.standard.RouteText - RouteText[id=88577823-16f9-4de2-ba04-780edacb1bd8] Adding new dynamic property: PropertyDescriptor[simple]
[pool-4180-thread-1] INFO org.apache.nifi.processors.standard.RouteText - RouteText[id=88577823-16f9-4de2-ba04-780edacb1bd8] Created FlowFile[3717,97610274733755.mockFlowFile,24B] from FlowFile[3716,97610274733755.mockFlowFile,24B]; routing to relationship simple
[pool-4180-thread-1] INFO org.apache.nifi.processors.standard.RouteText - RouteText[id=88577823-16f9-4de2-ba04-780edacb1bd8] Routing FlowFile[3716,97610274733755.mockFlowFile,24B] to original
[main] DEBUG org.apache.nifi.processors.standard.RouteText - RouteText[id=88577823-16f9-4de2-ba04-780edacb1bd8] Adding new dynamic property: PropertyDescriptor[simple]
[pool-4181-thread-1] INFO org.apache.nifi.processors.standard.RouteText - RouteText[id=88577823-16f9-4de2-ba04-780edacb1bd8] Created FlowFile[3719,97610275220636.mockFlowFile,24B] from FlowFile[3718,97610275220636.mockFlowFile,24B]; routing to relationship simple
[pool-4181-thread-1] INFO org.apache.nifi.processors.standard.RouteText - RouteText[id=88577823-16f9-4de2-ba04-780edacb1bd8] Routing FlowFile[3718,97610275220636.mockFlowFile,24B] to original
[main] DEBUG org.apache.nifi.processors.standard.RouteText - RouteText[id=88577823-16f9-4de2-ba04-780edacb1bd8] Adding new dynamic property: PropertyDescriptor[simple]
[pool-4182-thread-1] INFO org.apache.nifi.processors.standard.RouteText - RouteText[id=88577823-16f9-4de2-ba04-780edacb1bd8] Created FlowFile[3721,97610275737881.mockFlowFile,24B] from FlowFile[3720,97610275737881.mockFlowFile,24B]; routing to relationship simple
[pool-4182-thread-1] INFO org.apache.nifi.processors.standard.RouteText - RouteText[id=88577823-16f9-4de2-ba04-780edacb1bd8] Routing FlowFile[3720,97610275737881.mockFlowFile,24B] to original
[main] DEBUG org.apache.nifi.processors.standard.RouteText - RouteText[id=88577823-16f9-4de2-ba04-780edacb1bd8] Adding new dynamic property: PropertyDescriptor[simple]
[pool-4183-thread-1] INFO org.apache.nifi.processors.standard.RouteText - RouteText[id=88577823-16f9-4de2-ba04-780edacb1bd8] Created FlowFile[3723,97610276304183.mockFlowFile,24B] from FlowFile[3722,97610276304183.mockFlowFile,24B]; routing to relationship simple
[pool-4183-thread-1] INFO org.apache.nifi.processors.standard.RouteText - RouteText[id=88577823-16f9-4de2-ba04-780edacb1bd8] Routing FlowFile[3722,97610276304183.mockFlowFile,24B] to original
[main] DEBUG org.apache.nifi.processors.standard.RouteText - RouteText[id=88577823-16f9-4de2-ba04-780edacb1bd8] Adding new dynamic property: PropertyDescriptor[simple]
[pool-4184-thread-1] INFO org.apache.nifi.processors.standard.RouteText - RouteText[id=88577823-16f9-4de2-ba04-780edacb1bd8] Created FlowFile[3725,97610276825729.mockFlowFile,24B] from FlowFile[3724,97610276825729.mockFlowFile,24B]; routing to relationship simple
[pool-4184-thread-1] INFO org.apache.nifi.processors.standard.RouteText - RouteText[id=88577823-16f9-4de2-ba04-780edacb1bd8] Routing FlowFile[3724,97610276825729.mockFlowFile,24B] to original
[main] DEBUG org.apache.nifi.processors.standard.RouteText - RouteText[id=88577823-16f9-4de2-ba04-780edacb1bd8] Adding new dynamic property: PropertyDescriptor[simple]
[pool-4185-thread-1] INFO org.apache.nifi.processors.standard.RouteText - RouteText[id=88577823-16f9-4de2-ba04-780edacb1bd8] Created FlowFile[3727,97610277312953.mockFlowFile,24B] from FlowFile[3726,97610277312953.mockFlowFile,24B]; routing to relationship simple
[pool-4185-thread-1] INFO org.apache.nifi.processors.standard.RouteText - RouteText[id=88577823-16f9-4de2-ba04-780edacb1bd8] Routing FlowFile[3726,97610277312953.mockFlowFile,24B] to original
[main] DEBUG org.apache.nifi.processors.standard.RouteText - RouteText[id=88577823-16f9-4de2-ba04-780edacb1bd8] Adding new dynamic property: PropertyDescriptor[simple]
[pool-4186-thread-1] INFO org.apache.nifi.processors.standard.RouteText - RouteText[id=88577823-16f9-4de2-ba04-780edacb1bd8] Created FlowFile[3729,97610277806628.mockFlowFile,24B] from FlowFile[3728,97610277806628.mockFlowFile,24B]; routing to relationship simple
[pool-4186-thread-1] INFO org.apache.nifi.processors.standard.RouteText - RouteText[id=88577823-16f9-4de2-ba04-780edacb1bd8] Routing FlowFile[3728,97610277806628.mockFlowFile,24B] to original
[main] DEBUG org.apache.nifi.processors.standard.RouteText - RouteText[id=88577823-16f9-4de2-ba04-780edacb1bd8] Adding new dynamic property: PropertyDescriptor[simple]
[pool-4187-thread-1] INFO org.apache.nifi.processors.standard.RouteText - RouteText[id=88577823-16f9-4de2-ba04-780edacb1bd8] Created FlowFile[3731,97610278266438.mockFlowFile,24B] from FlowFile[3730,97610278266438.mockFlowFile,24B]; routing to relationship simple
[pool-4187-thread-1] INFO org.apache.nifi.processors.standard.RouteText - RouteText[id=88577823-16f9-4de2-ba04-780edacb1bd8] Routing FlowFile[3730,97610278266438.mockFlowFile,24B] to original
[main] DEBUG org.apache.nifi.processors.standard.RouteText - RouteText[id=88577823-16f9-4de2-ba04-780edacb1bd8] Adding new dynamic property: PropertyDescriptor[simple]
[pool-4188-thread-1] INFO org.apache.nifi.processors.standard.RouteText - RouteText[id=88577823-16f9-4de2-ba04-780edacb1bd8] Created FlowFile[3733,97610278730157.mockFlowFile,24B] from FlowFile[3732,97610278730157.mockFlowFile,24B]; routing to relationship simple
[pool-4188-thread-1] INFO org.apache.nifi.processors.standard.RouteText - RouteText[id=88577823-16f9-4de2-ba04-780edacb1bd8] Routing FlowFile[3732,97610278730157.mockFlowFile,24B] to original
[main] DEBUG org.apache.nifi.processors.standard.RouteText - RouteText[id=88577823-16f9-4de2-ba04-780edacb1bd8] Adding new dynamic property: PropertyDescriptor[simple]
[pool-4189-thread-1] INFO org.apache.nifi.processors.standard.RouteText - RouteText[id=88577823-16f9-4de2-ba04-780edacb1bd8] Created FlowFile[3735,97610279187519.mockFlowFile,24B] from FlowFile[3734,97610279187519.mockFlowFile,24B]; routing to relationship simple
[pool-4189-thread-1] INFO org.apache.nifi.processors.standard.RouteText - RouteText[id=88577823-16f9-4de2-ba04-780edacb1bd8] Routing FlowFile[3734,97610279187519.mockFlowFile,24B] to original
[main] DEBUG org.apache.nifi.processors.standard.RouteText - RouteText[id=88577823-16f9-4de2-ba04-780edacb1bd8] Adding new dynamic property: PropertyDescriptor[simple]
[pool-4190-thread-1] INFO org.apache.nifi.processors.standard.RouteText - RouteText[id=88577823-16f9-4de2-ba04-780edacb1bd8] Created FlowFile[3737,97610279661418.mockFlowFile,24B] from FlowFile[3736,97610279661418.mockFlowFile,24B]; routing to relationship simple
[pool-4190-thread-1] INFO org.apache.nifi.processors.standard.RouteText - RouteText[id=88577823-16f9-4de2-ba04-780edacb1bd8] Routing FlowFile[3736,97610279661418.mockFlowFile,24B] to original
[main] DEBUG org.apache.nifi.processors.standard.RouteText - RouteText[id=88577823-16f9-4de2-ba04-780edacb1bd8] Adding new dynamic property: PropertyDescriptor[simple]
[pool-4191-thread-1] INFO org.apache.nifi.processors.standard.RouteText - RouteText[id=88577823-16f9-4de2-ba04-780edacb1bd8] Created FlowFile[3739,97610280133969.mockFlowFile,24B] from FlowFile[3738,97610280133969.mockFlowFile,24B]; routing to relationship simple
[pool-4191-thread-1] INFO org.apache.nifi.processors.standard.RouteText - RouteText[id=88577823-16f9-4de2-ba04-780edacb1bd8] Routing FlowFile[3738,97610280133969.mockFlowFile,24B] to original
[main] DEBUG org.apache.nifi.processors.standard.RouteText - RouteText[id=88577823-16f9-4de2-ba04-780edacb1bd8] Adding new dynamic property: PropertyDescriptor[simple]
[pool-4192-thread-1] INFO org.apache.nifi.processors.standard.RouteText - RouteText[id=88577823-16f9-4de2-ba04-780edacb1bd8] Created FlowFile[3741,97610280596314.mockFlowFile,24B] from FlowFile[3740,97610280596314.mockFlowFile,24B]; routing to relationship simple
[pool-4192-thread-1] INFO org.apache.nifi.processors.standard.RouteText - RouteText[id=88577823-16f9-4de2-ba04-780edacb1bd8] Routing FlowFile[3740,97610280596314.mockFlowFile,24B] to original
[main] DEBUG org.apache.nifi.processors.standard.RouteText - RouteText[id=88577823-16f9-4de2-ba04-780edacb1bd8] Adding new dynamic property: PropertyDescriptor[simple]
[pool-4193-thread-1] INFO org.apache.nifi.processors.standard.RouteText - RouteText[id=88577823-16f9-4de2-ba04-780edacb1bd8] Created FlowFile[3743,97610281100708.mockFlowFile,24B] from FlowFile[3742,97610281100708.mockFlowFile,24B]; routing to relationship simple
[pool-4193-thread-1] INFO org.apache.nifi.processors.standard.RouteText - RouteText[id=88577823-16f9-4de2-ba04-780edacb1bd8] Routing FlowFile[3742,97610281100708.mockFlowFile,24B] to original
[main] DEBUG org.apache.nifi.processors.standard.RouteText - RouteText[id=88577823-16f9-4de2-ba04-780edacb1bd8] Adding new dynamic property: PropertyDescriptor[simple]
[pool-4194-thread-1] INFO org.apache.nifi.processors.standard.RouteText - RouteText[id=88577823-16f9-4de2-ba04-780edacb1bd8] Created FlowFile[3745,97610281577107.mockFlowFile,24B] from FlowFile[3744,97610281577107.mockFlowFile,24B]; routing to relationship simple
[pool-4194-thread-1] INFO org.apache.nifi.processors.standard.RouteText - RouteText[id=88577823-16f9-4de2-ba04-780edacb1bd8] Routing FlowFile[3744,97610281577107.mockFlowFile,24B] to original
[main] DEBUG org.apache.nifi.processors.standard.RouteText - RouteText[id=88577823-16f9-4de2-ba04-780edacb1bd8] Adding new dynamic property: PropertyDescriptor[simple]
[pool-4195-thread-1] INFO org.apache.nifi.processors.standard.RouteText - RouteText[id=88577823-16f9-4de2-ba04-780edacb1bd8] Created FlowFile[3747,97610282029050.mockFlowFile,24B] from FlowFile[3746,97610282029050.mockFlowFile,24B]; routing to relationship simple
[pool-4195-thread-1] INFO org.apache.nifi.processors.standard.RouteText - RouteText[id=88577823-16f9-4de2-ba04-780edacb1bd8] Routing FlowFile[3746,97610282029050.mockFlowFile,24B] to original
[main] DEBUG org.apache.nifi.processors.standard.RouteText - RouteText[id=88577823-16f9-4de2-ba04-780edacb1bd8] Adding new dynamic property: PropertyDescriptor[simple]
[pool-4196-thread-1] INFO org.apache.nifi.processors.standard.RouteText - RouteText[id=88577823-16f9-4de2-ba04-780edacb1bd8] Created FlowFile[3749,97610282467396.mockFlowFile,24B] from FlowFile[3748,97610282467396.mockFlowFile,24B]; routing to relationship simple
[pool-4196-thread-1] INFO org.apache.nifi.processors.standard.RouteText - RouteText[id=88577823-16f9-4de2-ba04-780edacb1bd8] Routing FlowFile[3748,97610282467396.mockFlowFile,24B] to original
[main] DEBUG org.apache.nifi.processors.standard.RouteText - RouteText[id=88577823-16f9-4de2-ba04-780edacb1bd8] Adding new dynamic property: PropertyDescriptor[simple]
[pool-4197-thread-1] INFO org.apache.nifi.processors.standard.RouteText - RouteText[id=88577823-16f9-4de2-ba04-780edacb1bd8] Created FlowFile[3751,97610282922210.mockFlowFile,24B] from FlowFile[3750,97610282922210.mockFlowFile,24B]; routing to relationship simple
[pool-4197-thread-1] INFO org.apache.nifi.processors.standard.RouteText - RouteText[id=88577823-16f9-4de2-ba04-780edacb1bd8] Routing FlowFile[3750,97610282922210.mockFlowFile,24B] to original
[main] DEBUG org.apache.nifi.processors.standard.RouteText - RouteText[id=88577823-16f9-4de2-ba04-780edacb1bd8] Adding new dynamic property: PropertyDescriptor[simple]
[pool-4198-thread-1] INFO org.apache.nifi.processors.standard.RouteText - RouteText[id=88577823-16f9-4de2-ba04-780edacb1bd8] Created FlowFile[3753,97610283398556.mockFlowFile,24B] from FlowFile[3752,97610283398556.mockFlowFile,24B]; routing to relationship simple
[pool-4198-thread-1] INFO org.apache.nifi.processors.standard.RouteText - RouteText[id=88577823-16f9-4de2-ba04-780edacb1bd8] Routing FlowFile[3752,97610283398556.mockFlowFile,24B] to original
[main] DEBUG org.apache.nifi.processors.standard.RouteText - RouteText[id=88577823-16f9-4de2-ba04-780edacb1bd8] Adding new dynamic property: PropertyDescriptor[simple]
[pool-4199-thread-1] INFO org.apache.nifi.processors.standard.RouteText - RouteText[id=88577823-16f9-4de2-ba04-780edacb1bd8] Created FlowFile[3755,97610283874982.mockFlowFile,24B] from FlowFile[3754,97610283874982.mockFlowFile,24B]; routing to relationship simple
[pool-4199-thread-1] INFO org.apache.nifi.processors.standard.RouteText - RouteText[id=88577823-16f9-4de2-ba04-780edacb1bd8] Routing FlowFile[3754,97610283874982.mockFlowFile,24B] to original
[main] DEBUG org.apache.nifi.processors.standard.RouteText - RouteText[id=88577823-16f9-4de2-ba04-780edacb1bd8] Adding new dynamic property: PropertyDescriptor[simple]
[pool-4200-thread-1] INFO org.apache.nifi.processors.standard.RouteText - RouteText[id=88577823-16f9-4de2-ba04-780edacb1bd8] Created FlowFile[3757,97610284382706.mockFlowFile,24B] from FlowFile[3756,97610284382706.mockFlowFile,24B]; routing to relationship simple
[pool-4200-thread-1] INFO org.apache.nifi.processors.standard.RouteText - RouteText[id=88577823-16f9-4de2-ba04-780edacb1bd8] Routing FlowFile[3756,97610284382706.mockFlowFile,24B] to original
[main] DEBUG org.apache.nifi.processors.standard.RouteText - RouteText[id=88577823-16f9-4de2-ba04-780edacb1bd8] Adding new dynamic property: PropertyDescriptor[simple]
[pool-4201-thread-1] INFO org.apache.nifi.processors.standard.RouteText - RouteText[id=88577823-16f9-4de2-ba04-780edacb1bd8] Created FlowFile[3759,97610284905035.mockFlowFile,24B] from FlowFile[3758,97610284905035.mockFlowFile,24B]; routing to relationship simple
[pool-4201-thread-1] INFO org.apache.nifi.processors.standard.RouteText - RouteText[id=88577823-16f9-4de2-ba04-780edacb1bd8] Routing FlowFile[3758,97610284905035.mockFlowFile,24B] to original
[main] DEBUG org.apache.nifi.processors.standard.RouteText - RouteText[id=88577823-16f9-4de2-ba04-780edacb1bd8] Adding new dynamic property: PropertyDescriptor[simple]
[pool-4202-thread-1] INFO org.apache.nifi.processors.standard.RouteText - RouteText[id=88577823-16f9-4de2-ba04-780edacb1bd8] Created FlowFile[3761,97610285393363.mockFlowFile,24B] from FlowFile[3760,97610285393363.mockFlowFile,24B]; routing to relationship simple
[pool-4202-thread-1] INFO org.apache.nifi.processors.standard.RouteText - RouteText[id=88577823-16f9-4de2-ba04-780edacb1bd8] Routing FlowFile[3760,97610285393363.mockFlowFile,24B] to original
[main] DEBUG org.apache.nifi.processors.standard.RouteText - RouteText[id=88577823-16f9-4de2-ba04-780edacb1bd8] Adding new dynamic property: PropertyDescriptor[simple]
[pool-4203-thread-1] INFO org.apache.nifi.processors.standard.RouteText - RouteText[id=88577823-16f9-4de2-ba04-780edacb1bd8] Created FlowFile[3763,97610285868004.mockFlowFile,24B] from FlowFile[3762,97610285868004.mockFlowFile,24B]; routing to relationship simple
[pool-4203-thread-1] INFO org.apache.nifi.processors.standard.RouteText - RouteText[id=88577823-16f9-4de2-ba04-780edacb1bd8] Routing FlowFile[3762,97610285868004.mockFlowFile,24B] to original
[main] DEBUG org.apache.nifi.processors.standard.RouteText - RouteText[id=88577823-16f9-4de2-ba04-780edacb1bd8] Adding new dynamic property: PropertyDescriptor[simple]
[pool-4204-thread-1] INFO org.apache.nifi.processors.standard.RouteText - RouteText[id=88577823-16f9-4de2-ba04-780edacb1bd8] Created FlowFile[3765,97610286329520.mockFlowFile,24B] from FlowFile[3764,97610286329520.mockFlowFile,24B]; routing to relationship simple
[pool-4204-thread-1] INFO org.apache.nifi.processors.standard.RouteText - RouteText[id=88577823-16f9-4de2-ba04-780edacb1bd8] Routing FlowFile[3764,97610286329520.mockFlowFile,24B] to original
[main] DEBUG org.apache.nifi.processors.standard.RouteText - RouteText[id=88577823-16f9-4de2-ba04-780edacb1bd8] Adding new dynamic property: PropertyDescriptor[simple]
[pool-4205-thread-1] INFO org.apache.nifi.processors.standard.RouteText - RouteText[id=88577823-16f9-4de2-ba04-780edacb1bd8] Created FlowFile[3767,97610286802354.mockFlowFile,24B] from FlowFile[3766,97610286802354.mockFlowFile,24B]; routing to relationship simple
[pool-4205-thread-1] INFO org.apache.nifi.processors.standard.RouteText - RouteText[id=88577823-16f9-4de2-ba04-780edacb1bd8] Routing FlowFile[3766,97610286802354.mockFlowFile,24B] to original
[main] DEBUG org.apache.nifi.processors.standard.RouteText - RouteText[id=88577823-16f9-4de2-ba04-780edacb1bd8] Adding new dynamic property: PropertyDescriptor[simple]
[pool-4206-thread-1] INFO org.apache.nifi.processors.standard.RouteText - RouteText[id=88577823-16f9-4de2-ba04-780edacb1bd8] Created FlowFile[3769,97610287287857.mockFlowFile,24B] from FlowFile[3768,97610287287857.mockFlowFile,24B]; routing to relationship simple
[pool-4206-thread-1] INFO org.apache.nifi.processors.standard.RouteText - RouteText[id=88577823-16f9-4de2-ba04-780edacb1bd8] Routing FlowFile[3768,97610287287857.mockFlowFile,24B] to original
[main] DEBUG org.apache.nifi.processors.standard.RouteText - RouteText[id=88577823-16f9-4de2-ba04-780edacb1bd8] Adding new dynamic property: PropertyDescriptor[simple]
[pool-4207-thread-1] INFO org.apache.nifi.processors.standard.RouteText - RouteText[id=88577823-16f9-4de2-ba04-780edacb1bd8] Created FlowFile[3771,97610287817996.mockFlowFile,24B] from FlowFile[3770,97610287817996.mockFlowFile,24B]; routing to relationship simple
[pool-4207-thread-1] INFO org.apache.nifi.processors.standard.RouteText - RouteText[id=88577823-16f9-4de2-ba04-780edacb1bd8] Routing FlowFile[3770,97610287817996.mockFlowFile,24B] to original
[main] DEBUG org.apache.nifi.processors.standard.RouteText - RouteText[id=88577823-16f9-4de2-ba04-780edacb1bd8] Adding new dynamic property: PropertyDescriptor[simple]
[pool-4208-thread-1] INFO org.apache.nifi.processors.standard.RouteText - RouteText[id=88577823-16f9-4de2-ba04-780edacb1bd8] Created FlowFile[3773,97610288331250.mockFlowFile,24B] from FlowFile[3772,97610288331250.mockFlowFile,24B]; routing to relationship simple
[pool-4208-thread-1] INFO org.apache.nifi.processors.standard.RouteText - RouteText[id=88577823-16f9-4de2-ba04-780edacb1bd8] Routing FlowFile[3772,97610288331250.mockFlowFile,24B] to original
[main] DEBUG org.apache.nifi.processors.standard.RouteText - RouteText[id=88577823-16f9-4de2-ba04-780edacb1bd8] Adding new dynamic property: PropertyDescriptor[simple]
[pool-4209-thread-1] INFO org.apache.nifi.processors.standard.RouteText - RouteText[id=88577823-16f9-4de2-ba04-780edacb1bd8] Created FlowFile[3775,97610288818897.mockFlowFile,24B] from FlowFile[3774,97610288818897.mockFlowFile,24B]; routing to relationship simple
[pool-4209-thread-1] INFO org.apache.nifi.processors.standard.RouteText - RouteText[id=88577823-16f9-4de2-ba04-780edacb1bd8] Routing FlowFile[3774,97610288818897.mockFlowFile,24B] to original
[main] DEBUG org.apache.nifi.processors.standard.RouteText - RouteText[id=88577823-16f9-4de2-ba04-780edacb1bd8] Adding new dynamic property: PropertyDescriptor[simple]
[pool-4210-thread-1] INFO org.apache.nifi.processors.standard.RouteText - RouteText[id=88577823-16f9-4de2-ba04-780edacb1bd8] Created FlowFile[3777,97610289275875.mockFlowFile,24B] from FlowFile[3776,97610289275875.mockFlowFile,24B]; routing to relationship simple
[pool-4210-thread-1] INFO org.apache.nifi.processors.standard.RouteText - RouteText[id=88577823-16f9-4de2-ba04-780edacb1bd8] Routing FlowFile[3776,97610289275875.mockFlowFile,24B] to original
[main] DEBUG org.apache.nifi.processors.standard.RouteText - RouteText[id=88577823-16f9-4de2-ba04-780edacb1bd8] Adding new dynamic property: PropertyDescriptor[simple]
[pool-4211-thread-1] INFO org.apache.nifi.processors.standard.RouteText - RouteText[id=88577823-16f9-4de2-ba04-780edacb1bd8] Created FlowFile[3779,97610289706586.mockFlowFile,24B] from FlowFile[3778,97610289706586.mockFlowFile,24B]; routing to relationship simple
[pool-4211-thread-1] INFO org.apache.nifi.processors.standard.RouteText - RouteText[id=88577823-16f9-4de2-ba04-780edacb1bd8] Routing FlowFile[3778,97610289706586.mockFlowFile,24B] to original
[main] DEBUG org.apache.nifi.processors.standard.RouteText - RouteText[id=88577823-16f9-4de2-ba04-780edacb1bd8] Adding new dynamic property: PropertyDescriptor[simple]
[pool-4212-thread-1] INFO org.apache.nifi.processors.standard.RouteText - RouteText[id=88577823-16f9-4de2-ba04-780edacb1bd8] Created FlowFile[3781,97610290158236.mockFlowFile,24B] from FlowFile[3780,97610290158236.mockFlowFile,24B]; routing to relationship simple
[pool-4212-thread-1] INFO org.apache.nifi.processors.standard.RouteText - RouteText[id=88577823-16f9-4de2-ba04-780edacb1bd8] Routing FlowFile[3780,97610290158236.mockFlowFile,24B] to original
[main] DEBUG org.apache.nifi.processors.standard.RouteText - RouteText[id=88577823-16f9-4de2-ba04-780edacb1bd8] Adding new dynamic property: PropertyDescriptor[simple]
[pool-4213-thread-1] INFO org.apache.nifi.processors.standard.RouteText - RouteText[id=88577823-16f9-4de2-ba04-780edacb1bd8] Created FlowFile[3783,97610290619038.mockFlowFile,24B] from FlowFile[3782,97610290619038.mockFlowFile,24B]; routing to relationship simple
[pool-4213-thread-1] INFO org.apache.nifi.processors.standard.RouteText - RouteText[id=88577823-16f9-4de2-ba04-780edacb1bd8] Routing FlowFile[3782,97610290619038.mockFlowFile,24B] to original
[main] DEBUG org.apache.nifi.processors.standard.RouteText - RouteText[id=88577823-16f9-4de2-ba04-780edacb1bd8] Adding new dynamic property: PropertyDescriptor[simple]
[pool-4214-thread-1] INFO org.apache.nifi.processors.standard.RouteText - RouteText[id=88577823-16f9-4de2-ba04-780edacb1bd8] Created FlowFile[3785,97610291055047.mockFlowFile,24B] from FlowFile[3784,97610291055047.mockFlowFile,24B]; routing to relationship simple
[pool-4214-thread-1] INFO org.apache.nifi.processors.standard.RouteText - RouteText[id=88577823-16f9-4de2-ba04-780edacb1bd8] Routing FlowFile[3784,97610291055047.mockFlowFile,24B] to original
[main] DEBUG org.apache.nifi.processors.standard.RouteText - RouteText[id=88577823-16f9-4de2-ba04-780edacb1bd8] Adding new dynamic property: PropertyDescriptor[simple]
[pool-4215-thread-1] INFO org.apache.nifi.processors.standard.RouteText - RouteText[id=88577823-16f9-4de2-ba04-780edacb1bd8] Created FlowFile[3787,97610291687914.mockFlowFile,24B] from FlowFile[3786,97610291687914.mockFlowFile,24B]; routing to relationship simple
[pool-4215-thread-1] INFO org.apache.nifi.processors.standard.RouteText - RouteText[id=88577823-16f9-4de2-ba04-780edacb1bd8] Routing FlowFile[3786,97610291687914.mockFlowFile,24B] to original
[main] DEBUG org.apache.nifi.processors.standard.RouteText - RouteText[id=88577823-16f9-4de2-ba04-780edacb1bd8] Adding new dynamic property: PropertyDescriptor[simple]
[pool-4216-thread-1] INFO org.apache.nifi.processors.standard.RouteText - RouteText[id=88577823-16f9-4de2-ba04-780edacb1bd8] Created FlowFile[3789,97610292208629.mockFlowFile,24B] from FlowFile[3788,97610292208629.mockFlowFile,24B]; routing to relationship simple
[pool-4216-thread-1] INFO org.apache.nifi.processors.standard.RouteText - RouteText[id=88577823-16f9-4de2-ba04-780edacb1bd8] Routing FlowFile[3788,97610292208629.mockFlowFile,24B] to original
[main] DEBUG org.apache.nifi.processors.standard.RouteText - RouteText[id=88577823-16f9-4de2-ba04-780edacb1bd8] Adding new dynamic property: PropertyDescriptor[simple]
[pool-4217-thread-1] INFO org.apache.nifi.processors.standard.RouteText - RouteText[id=88577823-16f9-4de2-ba04-780edacb1bd8] Created FlowFile[3791,97610292729558.mockFlowFile,24B] from FlowFile[3790,97610292729558.mockFlowFile,24B]; routing to relationship simple
[pool-4217-thread-1] INFO org.apache.nifi.processors.standard.RouteText - RouteText[id=88577823-16f9-4de2-ba04-780edacb1bd8] Routing FlowFile[3790,97610292729558.mockFlowFile,24B] to original
[main] DEBUG org.apache.nifi.processors.standard.RouteText - RouteText[id=88577823-16f9-4de2-ba04-780edacb1bd8] Adding new dynamic property: PropertyDescriptor[simple]
[pool-4218-thread-1] INFO org.apache.nifi.processors.standard.RouteText - RouteText[id=88577823-16f9-4de2-ba04-780edacb1bd8] Created FlowFile[3793,97610293223356.mockFlowFile,24B] from FlowFile[3792,97610293223356.mockFlowFile,24B]; routing to relationship simple
[pool-4218-thread-1] INFO org.apache.nifi.processors.standard.RouteText - RouteText[id=88577823-16f9-4de2-ba04-780edacb1bd8] Routing FlowFile[3792,97610293223356.mockFlowFile,24B] to original
[main] DEBUG org.apache.nifi.processors.standard.RouteText - RouteText[id=88577823-16f9-4de2-ba04-780edacb1bd8] Adding new dynamic property: PropertyDescriptor[simple]
[pool-4219-thread-1] INFO org.apache.nifi.processors.standard.RouteText - RouteText[id=88577823-16f9-4de2-ba04-780edacb1bd8] Created FlowFile[3795,97610293753662.mockFlowFile,24B] from FlowFile[3794,97610293753662.mockFlowFile,24B]; routing to relationship simple
[pool-4219-thread-1] INFO org.apache.nifi.processors.standard.RouteText - RouteText[id=88577823-16f9-4de2-ba04-780edacb1bd8] Routing FlowFile[3794,97610293753662.mockFlowFile,24B] to original
[main] DEBUG org.apache.nifi.processors.standard.RouteText - RouteText[id=88577823-16f9-4de2-ba04-780edacb1bd8] Adding new dynamic property: PropertyDescriptor[simple]
[pool-4220-thread-1] INFO org.apache.nifi.processors.standard.RouteText - RouteText[id=88577823-16f9-4de2-ba04-780edacb1bd8] Created FlowFile[3797,97610294295253.mockFlowFile,24B] from FlowFile[3796,97610294295253.mockFlowFile,24B]; routing to relationship simple
[pool-4220-thread-1] INFO org.apache.nifi.processors.standard.RouteText - RouteText[id=88577823-16f9-4de2-ba04-780edacb1bd8] Routing FlowFile[3796,97610294295253.mockFlowFile,24B] to original
[main] DEBUG org.apache.nifi.processors.standard.RouteText - RouteText[id=88577823-16f9-4de2-ba04-780edacb1bd8] Adding new dynamic property: PropertyDescriptor[simple]
[pool-4221-thread-1] INFO org.apache.nifi.processors.standard.RouteText - RouteText[id=88577823-16f9-4de2-ba04-780edacb1bd8] Created FlowFile[3799,97610294785344.mockFlowFile,24B] from FlowFile[3798,97610294785344.mockFlowFile,24B]; routing to relationship simple
[pool-4221-thread-1] INFO org.apache.nifi.processors.standard.RouteText - RouteText[id=88577823-16f9-4de2-ba04-780edacb1bd8] Routing FlowFile[3798,97610294785344.mockFlowFile,24B] to original
[main] DEBUG org.apache.nifi.processors.standard.RouteText - RouteText[id=88577823-16f9-4de2-ba04-780edacb1bd8] Adding new dynamic property: PropertyDescriptor[simple]
[pool-4222-thread-1] INFO org.apache.nifi.processors.standard.RouteText - RouteText[id=88577823-16f9-4de2-ba04-780edacb1bd8] Created FlowFile[3801,97610295139770.mockFlowFile,24B] from FlowFile[3800,97610295139770.mockFlowFile,24B]; routing to relationship simple
[pool-4222-thread-1] INFO org.apache.nifi.processors.standard.RouteText - RouteText[id=88577823-16f9-4de2-ba04-780edacb1bd8] Routing FlowFile[3800,97610295139770.mockFlowFile,24B] to original
[main] DEBUG org.apache.nifi.processors.standard.RouteText - RouteText[id=88577823-16f9-4de2-ba04-780edacb1bd8] Adding new dynamic property: PropertyDescriptor[simple]
[pool-4223-thread-1] INFO org.apache.nifi.processors.standard.RouteText - RouteText[id=88577823-16f9-4de2-ba04-780edacb1bd8] Created FlowFile[3803,97610295567252.mockFlowFile,24B] from FlowFile[3802,97610295567252.mockFlowFile,24B]; routing to relationship simple
[pool-4223-thread-1] INFO org.apache.nifi.processors.standard.RouteText - RouteText[id=88577823-16f9-4de2-ba04-780edacb1bd8] Routing FlowFile[3802,97610295567252.mockFlowFile,24B] to original
[main] DEBUG org.apache.nifi.processors.standard.RouteText - RouteText[id=88577823-16f9-4de2-ba04-780edacb1bd8] Adding new dynamic property: PropertyDescriptor[simple]
[pool-4224-thread-1] INFO org.apache.nifi.processors.standard.RouteText - RouteText[id=88577823-16f9-4de2-ba04-780edacb1bd8] Created FlowFile[3805,97610295941211.mockFlowFile,24B] from FlowFile[3804,97610295941211.mockFlowFile,24B]; routing to relationship simple
[pool-4224-thread-1] INFO org.apache.nifi.processors.standard.RouteText - RouteText[id=88577823-16f9-4de2-ba04-780edacb1bd8] Routing FlowFile[3804,97610295941211.mockFlowFile,24B] to original
[main] DEBUG org.apache.nifi.processors.standard.RouteText - RouteText[id=88577823-16f9-4de2-ba04-780edacb1bd8] Adding new dynamic property: PropertyDescriptor[simple]
[pool-4225-thread-1] INFO org.apache.nifi.processors.standard.RouteText - RouteText[id=88577823-16f9-4de2-ba04-780edacb1bd8] Created FlowFile[3807,97610296416084.mockFlowFile,24B] from FlowFile[3806,97610296416084.mockFlowFile,24B]; routing to relationship simple
[pool-4225-thread-1] INFO org.apache.nifi.processors.standard.RouteText - RouteText[id=88577823-16f9-4de2-ba04-780edacb1bd8] Routing FlowFile[3806,97610296416084.mockFlowFile,24B] to original
[main] DEBUG org.apache.nifi.processors.standard.RouteText - RouteText[id=88577823-16f9-4de2-ba04-780edacb1bd8] Adding new dynamic property: PropertyDescriptor[simple]
[pool-4226-thread-1] INFO org.apache.nifi.processors.standard.RouteText - RouteText[id=88577823-16f9-4de2-ba04-780edacb1bd8] Created FlowFile[3809,97610296877610.mockFlowFile,24B] from FlowFile[3808,97610296877610.mockFlowFile,24B]; routing to relationship simple
[pool-4226-thread-1] INFO org.apache.nifi.processors.standard.RouteText - RouteText[id=88577823-16f9-4de2-ba04-780edacb1bd8] Routing FlowFile[3808,97610296877610.mockFlowFile,24B] to original
[main] DEBUG org.apache.nifi.processors.standard.RouteText - RouteText[id=88577823-16f9-4de2-ba04-780edacb1bd8] Adding new dynamic property: PropertyDescriptor[simple]
[pool-4227-thread-1] INFO org.apache.nifi.processors.standard.RouteText - RouteText[id=88577823-16f9-4de2-ba04-780edacb1bd8] Created FlowFile[3811,97610297297895.mockFlowFile,24B] from FlowFile[3810,97610297297895.mockFlowFile,24B]; routing to relationship simple
[pool-4227-thread-1] INFO org.apache.nifi.processors.standard.RouteText - RouteText[id=88577823-16f9-4de2-ba04-780edacb1bd8] Routing FlowFile[3810,97610297297895.mockFlowFile,24B] to original
[main] DEBUG org.apache.nifi.processors.standard.RouteText - RouteText[id=88577823-16f9-4de2-ba04-780edacb1bd8] Adding new dynamic property: PropertyDescriptor[simple]
[pool-4228-thread-1] INFO org.apache.nifi.processors.standard.RouteText - RouteText[id=88577823-16f9-4de2-ba04-780edacb1bd8] Created FlowFile[3813,97610297735759.mockFlowFile,24B] from FlowFile[3812,97610297735759.mockFlowFile,24B]; routing to relationship simple
[pool-4228-thread-1] INFO org.apache.nifi.processors.standard.RouteText - RouteText[id=88577823-16f9-4de2-ba04-780edacb1bd8] Routing FlowFile[3812,97610297735759.mockFlowFile,24B] to original
[main] DEBUG org.apache.nifi.processors.standard.RouteText - RouteText[id=88577823-16f9-4de2-ba04-780edacb1bd8] Adding new dynamic property: PropertyDescriptor[simple]
[pool-4229-thread-1] INFO org.apache.nifi.processors.standard.RouteText - RouteText[id=88577823-16f9-4de2-ba04-780edacb1bd8] Created FlowFile[3815,97610298187257.mockFlowFile,24B] from FlowFile[3814,97610298187257.mockFlowFile,24B]; routing to relationship simple
[pool-4229-thread-1] INFO org.apache.nifi.processors.standard.RouteText - RouteText[id=88577823-16f9-4de2-ba04-780edacb1bd8] Routing FlowFile[3814,97610298187257.mockFlowFile,24B] to original
[main] DEBUG org.apache.nifi.processors.standard.RouteText - RouteText[id=88577823-16f9-4de2-ba04-780edacb1bd8] Adding new dynamic property: PropertyDescriptor[simple]
[pool-4230-thread-1] INFO org.apache.nifi.processors.standard.RouteText - RouteText[id=88577823-16f9-4de2-ba04-780edacb1bd8] Created FlowFile[3817,97610298667127.mockFlowFile,24B] from FlowFile[3816,97610298667127.mockFlowFile,24B]; routing to relationship simple
[pool-4230-thread-1] INFO org.apache.nifi.processors.standard.RouteText - RouteText[id=88577823-16f9-4de2-ba04-780edacb1bd8] Routing FlowFile[3816,97610298667127.mockFlowFile,24B] to original
[main] DEBUG org.apache.nifi.processors.standard.RouteText - RouteText[id=88577823-16f9-4de2-ba04-780edacb1bd8] Adding new dynamic property: PropertyDescriptor[simple]
[pool-4231-thread-1] INFO org.apache.nifi.processors.standard.RouteText - RouteText[id=88577823-16f9-4de2-ba04-780edacb1bd8] Created FlowFile[3819,97610299112861.mockFlowFile,24B] from FlowFile[3818,97610299112861.mockFlowFile,24B]; routing to relationship simple
[pool-4231-thread-1] INFO org.apache.nifi.processors.standard.RouteText - RouteText[id=88577823-16f9-4de2-ba04-780edacb1bd8] Routing FlowFile[3818,97610299112861.mockFlowFile,24B] to original
[main] DEBUG org.apache.nifi.processors.standard.RouteText - RouteText[id=88577823-16f9-4de2-ba04-780edacb1bd8] Adding new dynamic property: PropertyDescriptor[simple]
[pool-4232-thread-1] INFO org.apache.nifi.processors.standard.RouteText - RouteText[id=88577823-16f9-4de2-ba04-780edacb1bd8] Created FlowFile[3821,97610299589565.mockFlowFile,24B] from FlowFile[3820,97610299589565.mockFlowFile,24B]; routing to relationship simple
[pool-4232-thread-1] INFO org.apache.nifi.processors.standard.RouteText - RouteText[id=88577823-16f9-4de2-ba04-780edacb1bd8] Routing FlowFile[3820,97610299589565.mockFlowFile,24B] to original
[main] DEBUG org.apache.nifi.processors.standard.RouteText - RouteText[id=88577823-16f9-4de2-ba04-780edacb1bd8] Adding new dynamic property: PropertyDescriptor[simple]
[pool-4233-thread-1] INFO org.apache.nifi.processors.standard.RouteText - RouteText[id=88577823-16f9-4de2-ba04-780edacb1bd8] Created FlowFile[3823,97610299914808.mockFlowFile,24B] from FlowFile[3822,97610299914808.mockFlowFile,24B]; routing to relationship simple
[pool-4233-thread-1] INFO org.apache.nifi.processors.standard.RouteText - RouteText[id=88577823-16f9-4de2-ba04-780edacb1bd8] Routing FlowFile[3822,97610299914808.mockFlowFile,24B] to original
[main] DEBUG org.apache.nifi.processors.standard.RouteText - RouteText[id=88577823-16f9-4de2-ba04-780edacb1bd8] Adding new dynamic property: PropertyDescriptor[simple]
[pool-4234-thread-1] INFO org.apache.nifi.processors.standard.RouteText - RouteText[id=88577823-16f9-4de2-ba04-780edacb1bd8] Created FlowFile[3825,97610300401911.mockFlowFile,24B] from FlowFile[3824,97610300401911.mockFlowFile,24B]; routing to relationship simple
[pool-4234-thread-1] INFO org.apache.nifi.processors.standard.RouteText - RouteText[id=88577823-16f9-4de2-ba04-780edacb1bd8] Routing FlowFile[3824,97610300401911.mockFlowFile,24B] to original
[main] DEBUG org.apache.nifi.processors.standard.RouteText - RouteText[id=88577823-16f9-4de2-ba04-780edacb1bd8] Adding new dynamic property: PropertyDescriptor[simple]
[pool-4235-thread-1] INFO org.apache.nifi.processors.standard.RouteText - RouteText[id=88577823-16f9-4de2-ba04-780edacb1bd8] Created FlowFile[3827,97610300866560.mockFlowFile,24B] from FlowFile[3826,97610300866560.mockFlowFile,24B]; routing to relationship simple
[pool-4235-thread-1] INFO org.apache.nifi.processors.standard.RouteText - RouteText[id=88577823-16f9-4de2-ba04-780edacb1bd8] Routing FlowFile[3826,97610300866560.mockFlowFile,24B] to original
[main] DEBUG org.apache.nifi.processors.standard.RouteText - RouteText[id=88577823-16f9-4de2-ba04-780edacb1bd8] Adding new dynamic property: PropertyDescriptor[simple]
[pool-4236-thread-1] INFO org.apache.nifi.processors.standard.RouteText - RouteText[id=88577823-16f9-4de2-ba04-780edacb1bd8] Created FlowFile[3829,97610301394731.mockFlowFile,24B] from FlowFile[3828,97610301394731.mockFlowFile,24B]; routing to relationship simple
[pool-4236-thread-1] INFO org.apache.nifi.processors.standard.RouteText - RouteText[id=88577823-16f9-4de2-ba04-780edacb1bd8] Routing FlowFile[3828,97610301394731.mockFlowFile,24B] to original
[main] DEBUG org.apache.nifi.processors.standard.RouteText - RouteText[id=88577823-16f9-4de2-ba04-780edacb1bd8] Adding new dynamic property: PropertyDescriptor[simple]
[pool-4237-thread-1] INFO org.apache.nifi.processors.standard.RouteText - RouteText[id=88577823-16f9-4de2-ba04-780edacb1bd8] Created FlowFile[3831,97610301837309.mockFlowFile,24B] from FlowFile[3830,97610301837309.mockFlowFile,24B]; routing to relationship simple
[pool-4237-thread-1] INFO org.apache.nifi.processors.standard.RouteText - RouteText[id=88577823-16f9-4de2-ba04-780edacb1bd8] Routing FlowFile[3830,97610301837309.mockFlowFile,24B] to original
[main] DEBUG org.apache.nifi.processors.standard.RouteText - RouteText[id=88577823-16f9-4de2-ba04-780edacb1bd8] Adding new dynamic property: PropertyDescriptor[simple]
[pool-4238-thread-1] INFO org.apache.nifi.processors.standard.RouteText - RouteText[id=88577823-16f9-4de2-ba04-780edacb1bd8] Created FlowFile[3833,97610302166429.mockFlowFile,24B] from FlowFile[3832,97610302166429.mockFlowFile,24B]; routing to relationship simple
[pool-4238-thread-1] INFO org.apache.nifi.processors.standard.RouteText - RouteText[id=88577823-16f9-4de2-ba04-780edacb1bd8] Routing FlowFile[3832,97610302166429.mockFlowFile,24B] to original
[main] DEBUG org.apache.nifi.processors.standard.RouteText - RouteText[id=88577823-16f9-4de2-ba04-780edacb1bd8] Adding new dynamic property: PropertyDescriptor[simple]
[pool-4239-thread-1] INFO org.apache.nifi.processors.standard.RouteText - RouteText[id=88577823-16f9-4de2-ba04-780edacb1bd8] Created FlowFile[3835,97610302501829.mockFlowFile,24B] from FlowFile[3834,97610302501829.mockFlowFile,24B]; routing to relationship simple
[pool-4239-thread-1] INFO org.apache.nifi.processors.standard.RouteText - RouteText[id=88577823-16f9-4de2-ba04-780edacb1bd8] Routing FlowFile[3834,97610302501829.mockFlowFile,24B] to original
[main] DEBUG org.apache.nifi.processors.standard.RouteText - RouteText[id=88577823-16f9-4de2-ba04-780edacb1bd8] Adding new dynamic property: PropertyDescriptor[simple]
[pool-4240-thread-1] INFO org.apache.nifi.processors.standard.RouteText - RouteText[id=88577823-16f9-4de2-ba04-780edacb1bd8] Created FlowFile[3837,97610302827134.mockFlowFile,24B] from FlowFile[3836,97610302827134.mockFlowFile,24B]; routing to relationship simple
[pool-4240-thread-1] INFO org.apache.nifi.processors.standard.RouteText - RouteText[id=88577823-16f9-4de2-ba04-780edacb1bd8] Routing FlowFile[3836,97610302827134.mockFlowFile,24B] to original
[main] DEBUG org.apache.nifi.processors.standard.RouteText - RouteText[id=88577823-16f9-4de2-ba04-780edacb1bd8] Adding new dynamic property: PropertyDescriptor[simple]
[pool-4241-thread-1] INFO org.apache.nifi.processors.standard.RouteText - RouteText[id=88577823-16f9-4de2-ba04-780edacb1bd8] Created FlowFile[3839,97610303151102.mockFlowFile,24B] from FlowFile[3838,97610303151102.mockFlowFile,24B]; routing to relationship simple
[pool-4241-thread-1] INFO org.apache.nifi.processors.standard.RouteText - RouteText[id=88577823-16f9-4de2-ba04-780edacb1bd8] Routing FlowFile[3838,97610303151102.mockFlowFile,24B] to original
[main] DEBUG org.apache.nifi.processors.standard.RouteText - RouteText[id=88577823-16f9-4de2-ba04-780edacb1bd8] Adding new dynamic property: PropertyDescriptor[simple]
[pool-4242-thread-1] INFO org.apache.nifi.processors.standard.RouteText - RouteText[id=88577823-16f9-4de2-ba04-780edacb1bd8] Created FlowFile[3841,97610303584553.mockFlowFile,24B] from FlowFile[3840,97610303584553.mockFlowFile,24B]; routing to relationship simple
[pool-4242-thread-1] INFO org.apache.nifi.processors.standard.RouteText - RouteText[id=88577823-16f9-4de2-ba04-780edacb1bd8] Routing FlowFile[3840,97610303584553.mockFlowFile,24B] to original
[main] DEBUG org.apache.nifi.processors.standard.RouteText - RouteText[id=88577823-16f9-4de2-ba04-780edacb1bd8] Adding new dynamic property: PropertyDescriptor[simple]
[pool-4243-thread-1] INFO org.apache.nifi.processors.standard.RouteText - RouteText[id=88577823-16f9-4de2-ba04-780edacb1bd8] Created FlowFile[3843,97610303896044.mockFlowFile,24B] from FlowFile[3842,97610303896044.mockFlowFile,24B]; routing to relationship simple
[pool-4243-thread-1] INFO org.apache.nifi.processors.standard.RouteText - RouteText[id=88577823-16f9-4de2-ba04-780edacb1bd8] Routing FlowFile[3842,97610303896044.mockFlowFile,24B] to original
[main] DEBUG org.apache.nifi.processors.standard.RouteText - RouteText[id=88577823-16f9-4de2-ba04-780edacb1bd8] Adding new dynamic property: PropertyDescriptor[simple]
[pool-4244-thread-1] INFO org.apache.nifi.processors.standard.RouteText - RouteText[id=88577823-16f9-4de2-ba04-780edacb1bd8] Created FlowFile[3845,97610304354913.mockFlowFile,24B] from FlowFile[3844,97610304354913.mockFlowFile,24B]; routing to relationship simple
[pool-4244-thread-1] INFO org.apache.nifi.processors.standard.RouteText - RouteText[id=88577823-16f9-4de2-ba04-780edacb1bd8] Routing FlowFile[3844,97610304354913.mockFlowFile,24B] to original
[main] DEBUG org.apache.nifi.processors.standard.RouteText - RouteText[id=88577823-16f9-4de2-ba04-780edacb1bd8] Adding new dynamic property: PropertyDescriptor[simple]
[pool-4245-thread-1] INFO org.apache.nifi.processors.standard.RouteText - RouteText[id=88577823-16f9-4de2-ba04-780edacb1bd8] Created FlowFile[3847,97610304762215.mockFlowFile,24B] from FlowFile[3846,97610304762215.mockFlowFile,24B]; routing to relationship simple
[pool-4245-thread-1] INFO org.apache.nifi.processors.standard.RouteText - RouteText[id=88577823-16f9-4de2-ba04-780edacb1bd8] Routing FlowFile[3846,97610304762215.mockFlowFile,24B] to original
[main] DEBUG org.apache.nifi.processors.standard.RouteText - RouteText[id=88577823-16f9-4de2-ba04-780edacb1bd8] Adding new dynamic property: PropertyDescriptor[simple]
[pool-4246-thread-1] INFO org.apache.nifi.processors.standard.RouteText - RouteText[id=88577823-16f9-4de2-ba04-780edacb1bd8] Created FlowFile[3849,97610305118081.mockFlowFile,24B] from FlowFile[3848,97610305118081.mockFlowFile,24B]; routing to relationship simple
[pool-4246-thread-1] INFO org.apache.nifi.processors.standard.RouteText - RouteText[id=88577823-16f9-4de2-ba04-780edacb1bd8] Routing FlowFile[3848,97610305118081.mockFlowFile,24B] to original
[main] DEBUG org.apache.nifi.processors.standard.RouteText - RouteText[id=88577823-16f9-4de2-ba04-780edacb1bd8] Adding new dynamic property: PropertyDescriptor[simple]
[pool-4247-thread-1] INFO org.apache.nifi.processors.standard.RouteText - RouteText[id=88577823-16f9-4de2-ba04-780edacb1bd8] Created FlowFile[3851,97610305432723.mockFlowFile,24B] from FlowFile[3850,97610305432723.mockFlowFile,24B]; routing to relationship simple
[pool-4247-thread-1] INFO org.apache.nifi.processors.standard.RouteText - RouteText[id=88577823-16f9-4de2-ba04-780edacb1bd8] Routing FlowFile[3850,97610305432723.mockFlowFile,24B] to original
[main] DEBUG org.apache.nifi.processors.standard.RouteText - RouteText[id=88577823-16f9-4de2-ba04-780edacb1bd8] Adding new dynamic property: PropertyDescriptor[simple]
[pool-4248-thread-1] INFO org.apache.nifi.processors.standard.RouteText - RouteText[id=88577823-16f9-4de2-ba04-780edacb1bd8] Created FlowFile[3853,97610305748886.mockFlowFile,24B] from FlowFile[3852,97610305748886.mockFlowFile,24B]; routing to relationship simple
[pool-4248-thread-1] INFO org.apache.nifi.processors.standard.RouteText - RouteText[id=88577823-16f9-4de2-ba04-780edacb1bd8] Routing FlowFile[3852,97610305748886.mockFlowFile,24B] to original
[main] DEBUG org.apache.nifi.processors.standard.RouteText - RouteText[id=88577823-16f9-4de2-ba04-780edacb1bd8] Adding new dynamic property: PropertyDescriptor[simple]
[pool-4249-thread-1] INFO org.apache.nifi.processors.standard.RouteText - RouteText[id=88577823-16f9-4de2-ba04-780edacb1bd8] Created FlowFile[3855,97610306057356.mockFlowFile,24B] from FlowFile[3854,97610306057356.mockFlowFile,24B]; routing to relationship simple
[pool-4249-thread-1] INFO org.apache.nifi.processors.standard.RouteText - RouteText[id=88577823-16f9-4de2-ba04-780edacb1bd8] Routing FlowFile[3854,97610306057356.mockFlowFile,24B] to original
[main] DEBUG org.apache.nifi.processors.standard.RouteText - RouteText[id=88577823-16f9-4de2-ba04-780edacb1bd8] Adding new dynamic property: PropertyDescriptor[simple]
[pool-4250-thread-1] INFO org.apache.nifi.processors.standard.RouteText - RouteText[id=88577823-16f9-4de2-ba04-780edacb1bd8] Created FlowFile[3857,97610306377520.mockFlowFile,24B] from FlowFile[3856,97610306377520.mockFlowFile,24B]; routing to relationship simple
[pool-4250-thread-1] INFO org.apache.nifi.processors.standard.RouteText - RouteText[id=88577823-16f9-4de2-ba04-780edacb1bd8] Routing FlowFile[3856,97610306377520.mockFlowFile,24B] to original
[main] DEBUG org.apache.nifi.processors.standard.RouteText - RouteText[id=88577823-16f9-4de2-ba04-780edacb1bd8] Adding new dynamic property: PropertyDescriptor[simple]
[pool-4251-thread-1] INFO org.apache.nifi.processors.standard.RouteText - RouteText[id=88577823-16f9-4de2-ba04-780edacb1bd8] Created FlowFile[3859,97610306687988.mockFlowFile,24B] from FlowFile[3858,97610306687988.mockFlowFile,24B]; routing to relationship simple
[pool-4251-thread-1] INFO org.apache.nifi.processors.standard.RouteText - RouteText[id=88577823-16f9-4de2-ba04-780edacb1bd8] Routing FlowFile[3858,97610306687988.mockFlowFile,24B] to original
[main] DEBUG org.apache.nifi.processors.standard.RouteText - RouteText[id=88577823-16f9-4de2-ba04-780edacb1bd8] Adding new dynamic property: PropertyDescriptor[simple]
[pool-4252-thread-1] INFO org.apache.nifi.processors.standard.RouteText - RouteText[id=88577823-16f9-4de2-ba04-780edacb1bd8] Created FlowFile[3861,97610306994225.mockFlowFile,24B] from FlowFile[3860,97610306994225.mockFlowFile,24B]; routing to relationship simple
[pool-4252-thread-1] INFO org.apache.nifi.processors.standard.RouteText - RouteText[id=88577823-16f9-4de2-ba04-780edacb1bd8] Routing FlowFile[3860,97610306994225.mockFlowFile,24B] to original
[main] DEBUG org.apache.nifi.processors.standard.RouteText - RouteText[id=88577823-16f9-4de2-ba04-780edacb1bd8] Adding new dynamic property: PropertyDescriptor[simple]
[pool-4253-thread-1] INFO org.apache.nifi.processors.standard.RouteText - RouteText[id=88577823-16f9-4de2-ba04-780edacb1bd8] Created FlowFile[3863,97610307356045.mockFlowFile,24B] from FlowFile[3862,97610307356045.mockFlowFile,24B]; routing to relationship simple
[pool-4253-thread-1] INFO org.apache.nifi.processors.standard.RouteText - RouteText[id=88577823-16f9-4de2-ba04-780edacb1bd8] Routing FlowFile[3862,97610307356045.mockFlowFile,24B] to original
[main] DEBUG org.apache.nifi.processors.standard.RouteText - RouteText[id=88577823-16f9-4de2-ba04-780edacb1bd8] Adding new dynamic property: PropertyDescriptor[simple]
[pool-4254-thread-1] INFO org.apache.nifi.processors.standard.RouteText - RouteText[id=88577823-16f9-4de2-ba04-780edacb1bd8] Created FlowFile[3865,97610307659133.mockFlowFile,24B] from FlowFile[3864,97610307659133.mockFlowFile,24B]; routing to relationship simple
[pool-4254-thread-1] INFO org.apache.nifi.processors.standard.RouteText - RouteText[id=88577823-16f9-4de2-ba04-780edacb1bd8] Routing FlowFile[3864,97610307659133.mockFlowFile,24B] to original
[main] DEBUG org.apache.nifi.processors.standard.RouteText - RouteText[id=88577823-16f9-4de2-ba04-780edacb1bd8] Adding new dynamic property: PropertyDescriptor[simple]
[pool-4255-thread-1] INFO org.apache.nifi.processors.standard.RouteText - RouteText[id=88577823-16f9-4de2-ba04-780edacb1bd8] Created FlowFile[3867,97610307967559.mockFlowFile,24B] from FlowFile[3866,97610307967559.mockFlowFile,24B]; routing to relationship simple
[pool-4255-thread-1] INFO org.apache.nifi.processors.standard.RouteText - RouteText[id=88577823-16f9-4de2-ba04-780edacb1bd8] Routing FlowFile[3866,97610307967559.mockFlowFile,24B] to original
[main] DEBUG org.apache.nifi.processors.standard.RouteText - RouteText[id=88577823-16f9-4de2-ba04-780edacb1bd8] Adding new dynamic property: PropertyDescriptor[simple]
[pool-4256-thread-1] INFO org.apache.nifi.processors.standard.RouteText - RouteText[id=88577823-16f9-4de2-ba04-780edacb1bd8] Created FlowFile[3869,97610308385831.mockFlowFile,24B] from FlowFile[3868,97610308385831.mockFlowFile,24B]; routing to relationship simple
[pool-4256-thread-1] INFO org.apache.nifi.processors.standard.RouteText - RouteText[id=88577823-16f9-4de2-ba04-780edacb1bd8] Routing FlowFile[3868,97610308385831.mockFlowFile,24B] to original
[main] DEBUG org.apache.nifi.processors.standard.RouteText - RouteText[id=88577823-16f9-4de2-ba04-780edacb1bd8] Adding new dynamic property: PropertyDescriptor[simple]
[pool-4257-thread-1] INFO org.apache.nifi.processors.standard.RouteText - RouteText[id=88577823-16f9-4de2-ba04-780edacb1bd8] Created FlowFile[3871,97610308779875.mockFlowFile,24B] from FlowFile[3870,97610308779875.mockFlowFile,24B]; routing to relationship simple
[pool-4257-thread-1] INFO org.apache.nifi.processors.standard.RouteText - RouteText[id=88577823-16f9-4de2-ba04-780edacb1bd8] Routing FlowFile[3870,97610308779875.mockFlowFile,24B] to original
[main] DEBUG org.apache.nifi.processors.standard.RouteText - RouteText[id=88577823-16f9-4de2-ba04-780edacb1bd8] Adding new dynamic property: PropertyDescriptor[simple]
[pool-4258-thread-1] INFO org.apache.nifi.processors.standard.RouteText - RouteText[id=88577823-16f9-4de2-ba04-780edacb1bd8] Created FlowFile[3873,97610309175473.mockFlowFile,24B] from FlowFile[3872,97610309175473.mockFlowFile,24B]; routing to relationship simple
[pool-4258-thread-1] INFO org.apache.nifi.processors.standard.RouteText - RouteText[id=88577823-16f9-4de2-ba04-780edacb1bd8] Routing FlowFile[3872,97610309175473.mockFlowFile,24B] to original
[main] DEBUG org.apache.nifi.processors.standard.RouteText - RouteText[id=88577823-16f9-4de2-ba04-780edacb1bd8] Adding new dynamic property: PropertyDescriptor[simple]
[pool-4259-thread-1] INFO org.apache.nifi.processors.standard.RouteText - RouteText[id=88577823-16f9-4de2-ba04-780edacb1bd8] Created FlowFile[3875,97610309482429.mockFlowFile,24B] from FlowFile[3874,97610309482429.mockFlowFile,24B]; routing to relationship simple
[pool-4259-thread-1] INFO org.apache.nifi.processors.standard.RouteText - RouteText[id=88577823-16f9-4de2-ba04-780edacb1bd8] Routing FlowFile[3874,97610309482429.mockFlowFile,24B] to original
[main] DEBUG org.apache.nifi.processors.standard.RouteText - RouteText[id=88577823-16f9-4de2-ba04-780edacb1bd8] Adding new dynamic property: PropertyDescriptor[simple]
[pool-4260-thread-1] INFO org.apache.nifi.processors.standard.RouteText - RouteText[id=88577823-16f9-4de2-ba04-780edacb1bd8] Created FlowFile[3877,97610309779557.mockFlowFile,24B] from FlowFile[3876,97610309779557.mockFlowFile,24B]; routing to relationship simple
[pool-4260-thread-1] INFO org.apache.nifi.processors.standard.RouteText - RouteText[id=88577823-16f9-4de2-ba04-780edacb1bd8] Routing FlowFile[3876,97610309779557.mockFlowFile,24B] to original
[main] DEBUG org.apache.nifi.processors.standard.RouteText - RouteText[id=88577823-16f9-4de2-ba04-780edacb1bd8] Adding new dynamic property: PropertyDescriptor[simple]
[pool-4261-thread-1] INFO org.apache.nifi.processors.standard.RouteText - RouteText[id=88577823-16f9-4de2-ba04-780edacb1bd8] Created FlowFile[3879,97610310144718.mockFlowFile,24B] from FlowFile[3878,97610310144718.mockFlowFile,24B]; routing to relationship simple
[pool-4261-thread-1] INFO org.apache.nifi.processors.standard.RouteText - RouteText[id=88577823-16f9-4de2-ba04-780edacb1bd8] Routing FlowFile[3878,97610310144718.mockFlowFile,24B] to original
[main] DEBUG org.apache.nifi.processors.standard.RouteText - RouteText[id=88577823-16f9-4de2-ba04-780edacb1bd8] Adding new dynamic property: PropertyDescriptor[simple]
[pool-4262-thread-1] INFO org.apache.nifi.processors.standard.RouteText - RouteText[id=88577823-16f9-4de2-ba04-780edacb1bd8] Created FlowFile[3881,97610310556557.mockFlowFile,24B] from FlowFile[3880,97610310556557.mockFlowFile,24B]; routing to relationship simple
[pool-4262-thread-1] INFO org.apache.nifi.processors.standard.RouteText - RouteText[id=88577823-16f9-4de2-ba04-780edacb1bd8] Routing FlowFile[3880,97610310556557.mockFlowFile,24B] to original
[main] DEBUG org.apache.nifi.processors.standard.RouteText - RouteText[id=88577823-16f9-4de2-ba04-780edacb1bd8] Adding new dynamic property: PropertyDescriptor[simple]
[pool-4263-thread-1] INFO org.apache.nifi.processors.standard.RouteText - RouteText[id=88577823-16f9-4de2-ba04-780edacb1bd8] Created FlowFile[3883,97610311042228.mockFlowFile,24B] from FlowFile[3882,97610311042228.mockFlowFile,24B]; routing to relationship simple
[pool-4263-thread-1] INFO org.apache.nifi.processors.standard.RouteText - RouteText[id=88577823-16f9-4de2-ba04-780edacb1bd8] Routing FlowFile[3882,97610311042228.mockFlowFile,24B] to original
[main] DEBUG org.apache.nifi.processors.standard.RouteText - RouteText[id=88577823-16f9-4de2-ba04-780edacb1bd8] Adding new dynamic property: PropertyDescriptor[simple]
[pool-4264-thread-1] INFO org.apache.nifi.processors.standard.RouteText - RouteText[id=88577823-16f9-4de2-ba04-780edacb1bd8] Created FlowFile[3885,97610311513801.mockFlowFile,24B] from FlowFile[3884,97610311513801.mockFlowFile,24B]; routing to relationship simple
[pool-4264-thread-1] INFO org.apache.nifi.processors.standard.RouteText - RouteText[id=88577823-16f9-4de2-ba04-780edacb1bd8] Routing FlowFile[3884,97610311513801.mockFlowFile,24B] to original
[main] DEBUG org.apache.nifi.processors.standard.RouteText - RouteText[id=88577823-16f9-4de2-ba04-780edacb1bd8] Adding new dynamic property: PropertyDescriptor[simple]
[pool-4265-thread-1] INFO org.apache.nifi.processors.standard.RouteText - RouteText[id=88577823-16f9-4de2-ba04-780edacb1bd8] Created FlowFile[3887,97610311975494.mockFlowFile,24B] from FlowFile[3886,97610311975494.mockFlowFile,24B]; routing to relationship simple
[pool-4265-thread-1] INFO org.apache.nifi.processors.standard.RouteText - RouteText[id=88577823-16f9-4de2-ba04-780edacb1bd8] Routing FlowFile[3886,97610311975494.mockFlowFile,24B] to original
[main] DEBUG org.apache.nifi.processors.standard.RouteText - RouteText[id=88577823-16f9-4de2-ba04-780edacb1bd8] Adding new dynamic property: PropertyDescriptor[simple]
[pool-4266-thread-1] INFO org.apache.nifi.processors.standard.RouteText - RouteText[id=88577823-16f9-4de2-ba04-780edacb1bd8] Created FlowFile[3889,97610312470575.mockFlowFile,24B] from FlowFile[3888,97610312470575.mockFlowFile,24B]; routing to relationship simple
[pool-4266-thread-1] INFO org.apache.nifi.processors.standard.RouteText - RouteText[id=88577823-16f9-4de2-ba04-780edacb1bd8] Routing FlowFile[3888,97610312470575.mockFlowFile,24B] to original
[main] DEBUG org.apache.nifi.processors.standard.RouteText - RouteText[id=88577823-16f9-4de2-ba04-780edacb1bd8] Adding new dynamic property: PropertyDescriptor[simple]
[pool-4267-thread-1] INFO org.apache.nifi.processors.standard.RouteText - RouteText[id=88577823-16f9-4de2-ba04-780edacb1bd8] Created FlowFile[3891,97610312944615.mockFlowFile,24B] from FlowFile[3890,97610312944615.mockFlowFile,24B]; routing to relationship simple
[pool-4267-thread-1] INFO org.apache.nifi.processors.standard.RouteText - RouteText[id=88577823-16f9-4de2-ba04-780edacb1bd8] Routing FlowFile[3890,97610312944615.mockFlowFile,24B] to original
[main] DEBUG org.apache.nifi.processors.standard.RouteText - RouteText[id=88577823-16f9-4de2-ba04-780edacb1bd8] Adding new dynamic property: PropertyDescriptor[simple]
[pool-4268-thread-1] INFO org.apache.nifi.processors.standard.RouteText - RouteText[id=88577823-16f9-4de2-ba04-780edacb1bd8] Created FlowFile[3893,97610313415955.mockFlowFile,24B] from FlowFile[3892,97610313415955.mockFlowFile,24B]; routing to relationship simple
[pool-4268-thread-1] INFO org.apache.nifi.processors.standard.RouteText - RouteText[id=88577823-16f9-4de2-ba04-780edacb1bd8] Routing FlowFile[3892,97610313415955.mockFlowFile,24B] to original
[main] DEBUG org.apache.nifi.processors.standard.RouteText - RouteText[id=88577823-16f9-4de2-ba04-780edacb1bd8] Adding new dynamic property: PropertyDescriptor[simple]
[pool-4269-thread-1] INFO org.apache.nifi.processors.standard.RouteText - RouteText[id=88577823-16f9-4de2-ba04-780edacb1bd8] Created FlowFile[3895,97610313846148.mockFlowFile,24B] from FlowFile[3894,97610313846148.mockFlowFile,24B]; routing to relationship simple
[pool-4269-thread-1] INFO org.apache.nifi.processors.standard.RouteText - RouteText[id=88577823-16f9-4de2-ba04-780edacb1bd8] Routing FlowFile[3894,97610313846148.mockFlowFile,24B] to original
[main] DEBUG org.apache.nifi.processors.standard.RouteText - RouteText[id=88577823-16f9-4de2-ba04-780edacb1bd8] Adding new dynamic property: PropertyDescriptor[simple]
[pool-4270-thread-1] INFO org.apache.nifi.processors.standard.RouteText - RouteText[id=88577823-16f9-4de2-ba04-780edacb1bd8] Created FlowFile[3897,97610314268650.mockFlowFile,24B] from FlowFile[3896,97610314268650.mockFlowFile,24B]; routing to relationship simple
[pool-4270-thread-1] INFO org.apache.nifi.processors.standard.RouteText - RouteText[id=88577823-16f9-4de2-ba04-780edacb1bd8] Routing FlowFile[3896,97610314268650.mockFlowFile,24B] to original
[main] DEBUG org.apache.nifi.processors.standard.RouteText - RouteText[id=88577823-16f9-4de2-ba04-780edacb1bd8] Adding new dynamic property: PropertyDescriptor[simple]
[pool-4271-thread-1] INFO org.apache.nifi.processors.standard.RouteText - RouteText[id=88577823-16f9-4de2-ba04-780edacb1bd8] Created FlowFile[3899,97610314619664.mockFlowFile,24B] from FlowFile[3898,97610314619664.mockFlowFile,24B]; routing to relationship simple
[pool-4271-thread-1] INFO org.apache.nifi.processors.standard.RouteText - RouteText[id=88577823-16f9-4de2-ba04-780edacb1bd8] Routing FlowFile[3898,97610314619664.mockFlowFile,24B] to original
[main] DEBUG org.apache.nifi.processors.standard.RouteText - RouteText[id=88577823-16f9-4de2-ba04-780edacb1bd8] Adding new dynamic property: PropertyDescriptor[simple]
[pool-4272-thread-1] INFO org.apache.nifi.processors.standard.RouteText - RouteText[id=88577823-16f9-4de2-ba04-780edacb1bd8] Created FlowFile[3901,97610314967272.mockFlowFile,24B] from FlowFile[3900,97610314967272.mockFlowFile,24B]; routing to relationship simple
[pool-4272-thread-1] INFO org.apache.nifi.processors.standard.RouteText - RouteText[id=88577823-16f9-4de2-ba04-780edacb1bd8] Routing FlowFile[3900,97610314967272.mockFlowFile,24B] to original
[main] DEBUG org.apache.nifi.processors.standard.RouteText - RouteText[id=88577823-16f9-4de2-ba04-780edacb1bd8] Adding new dynamic property: PropertyDescriptor[simple]
[pool-4273-thread-1] INFO org.apache.nifi.processors.standard.RouteText - RouteText[id=88577823-16f9-4de2-ba04-780edacb1bd8] Created FlowFile[3903,97610315442326.mockFlowFile,24B] from FlowFile[3902,97610315442326.mockFlowFile,24B]; routing to relationship simple
[pool-4273-thread-1] INFO org.apache.nifi.processors.standard.RouteText - RouteText[id=88577823-16f9-4de2-ba04-780edacb1bd8] Routing FlowFile[3902,97610315442326.mockFlowFile,24B] to original
[main] DEBUG org.apache.nifi.processors.standard.RouteText - RouteText[id=88577823-16f9-4de2-ba04-780edacb1bd8] Adding new dynamic property: PropertyDescriptor[simple]
[pool-4274-thread-1] INFO org.apache.nifi.processors.standard.RouteText - RouteText[id=88577823-16f9-4de2-ba04-780edacb1bd8] Created FlowFile[3905,97610315975020.mockFlowFile,24B] from FlowFile[3904,97610315975020.mockFlowFile,24B]; routing to relationship simple
[pool-4274-thread-1] INFO org.apache.nifi.processors.standard.RouteText - RouteText[id=88577823-16f9-4de2-ba04-780edacb1bd8] Routing FlowFile[3904,97610315975020.mockFlowFile,24B] to original
[main] DEBUG org.apache.nifi.processors.standard.RouteText - RouteText[id=88577823-16f9-4de2-ba04-780edacb1bd8] Adding new dynamic property: PropertyDescriptor[simple]
[pool-4275-thread-1] INFO org.apache.nifi.processors.standard.RouteText - RouteText[id=88577823-16f9-4de2-ba04-780edacb1bd8] Created FlowFile[3907,97610316511883.mockFlowFile,24B] from FlowFile[3906,97610316511883.mockFlowFile,24B]; routing to relationship simple
[pool-4275-thread-1] INFO org.apache.nifi.processors.standard.RouteText - RouteText[id=88577823-16f9-4de2-ba04-780edacb1bd8] Routing FlowFile[3906,97610316511883.mockFlowFile,24B] to original
[main] DEBUG org.apache.nifi.processors.standard.RouteText - RouteText[id=88577823-16f9-4de2-ba04-780edacb1bd8] Adding new dynamic property: PropertyDescriptor[simple]
[pool-4276-thread-1] INFO org.apache.nifi.processors.standard.RouteText - RouteText[id=88577823-16f9-4de2-ba04-780edacb1bd8] Created FlowFile[3909,97610316983255.mockFlowFile,24B] from FlowFile[3908,97610316983255.mockFlowFile,24B]; routing to relationship simple
[pool-4276-thread-1] INFO org.apache.nifi.processors.standard.RouteText - RouteText[id=88577823-16f9-4de2-ba04-780edacb1bd8] Routing FlowFile[3908,97610316983255.mockFlowFile,24B] to original
[main] DEBUG org.apache.nifi.processors.standard.RouteText - RouteText[id=88577823-16f9-4de2-ba04-780edacb1bd8] Adding new dynamic property: PropertyDescriptor[simple]
[pool-4277-thread-1] INFO org.apache.nifi.processors.standard.RouteText - RouteText[id=88577823-16f9-4de2-ba04-780edacb1bd8] Created FlowFile[3911,97610317435307.mockFlowFile,24B] from FlowFile[3910,97610317435307.mockFlowFile,24B]; routing to relationship simple
[pool-4277-thread-1] INFO org.apache.nifi.processors.standard.RouteText - RouteText[id=88577823-16f9-4de2-ba04-780edacb1bd8] Routing FlowFile[3910,97610317435307.mockFlowFile,24B] to original
[main] DEBUG org.apache.nifi.processors.standard.RouteText - RouteText[id=88577823-16f9-4de2-ba04-780edacb1bd8] Adding new dynamic property: PropertyDescriptor[simple]
[pool-4278-thread-1] INFO org.apache.nifi.processors.standard.RouteText - RouteText[id=88577823-16f9-4de2-ba04-780edacb1bd8] Created FlowFile[3913,97610317870116.mockFlowFile,24B] from FlowFile[3912,97610317870116.mockFlowFile,24B]; routing to relationship simple
[pool-4278-thread-1] INFO org.apache.nifi.processors.standard.RouteText - RouteText[id=88577823-16f9-4de2-ba04-780edacb1bd8] Routing FlowFile[3912,97610317870116.mockFlowFile,24B] to original
[main] DEBUG org.apache.nifi.processors.standard.RouteText - RouteText[id=88577823-16f9-4de2-ba04-780edacb1bd8] Adding new dynamic property: PropertyDescriptor[simple]
[pool-4279-thread-1] INFO org.apache.nifi.processors.standard.RouteText - RouteText[id=88577823-16f9-4de2-ba04-780edacb1bd8] Created FlowFile[3915,97610318251824.mockFlowFile,24B] from FlowFile[3914,97610318251824.mockFlowFile,24B]; routing to relationship simple
[pool-4279-thread-1] INFO org.apache.nifi.processors.standard.RouteText - RouteText[id=88577823-16f9-4de2-ba04-780edacb1bd8] Routing FlowFile[3914,97610318251824.mockFlowFile,24B] to original
[main] DEBUG org.apache.nifi.processors.standard.RouteText - RouteText[id=88577823-16f9-4de2-ba04-780edacb1bd8] Adding new dynamic property: PropertyDescriptor[simple]
[pool-4280-thread-1] INFO org.apache.nifi.processors.standard.RouteText - RouteText[id=88577823-16f9-4de2-ba04-780edacb1bd8] Created FlowFile[3917,97610318627317.mockFlowFile,24B] from FlowFile[3916,97610318627317.mockFlowFile,24B]; routing to relationship simple
[pool-4280-thread-1] INFO org.apache.nifi.processors.standard.RouteText - RouteText[id=88577823-16f9-4de2-ba04-780edacb1bd8] Routing FlowFile[3916,97610318627317.mockFlowFile,24B] to original
[main] DEBUG org.apache.nifi.processors.standard.RouteText - RouteText[id=88577823-16f9-4de2-ba04-780edacb1bd8] Adding new dynamic property: PropertyDescriptor[simple]
[pool-4281-thread-1] INFO org.apache.nifi.processors.standard.RouteText - RouteText[id=88577823-16f9-4de2-ba04-780edacb1bd8] Created FlowFile[3919,97610318988157.mockFlowFile,24B] from FlowFile[3918,97610318988157.mockFlowFile,24B]; routing to relationship simple
[pool-4281-thread-1] INFO org.apache.nifi.processors.standard.RouteText - RouteText[id=88577823-16f9-4de2-ba04-780edacb1bd8] Routing FlowFile[3918,97610318988157.mockFlowFile,24B] to original
[main] DEBUG org.apache.nifi.processors.standard.RouteText - RouteText[id=88577823-16f9-4de2-ba04-780edacb1bd8] Adding new dynamic property: PropertyDescriptor[simple]
[pool-4282-thread-1] INFO org.apache.nifi.processors.standard.RouteText - RouteText[id=88577823-16f9-4de2-ba04-780edacb1bd8] Created FlowFile[3921,97610319458496.mockFlowFile,24B] from FlowFile[3920,97610319458496.mockFlowFile,24B]; routing to relationship simple
[pool-4282-thread-1] INFO org.apache.nifi.processors.standard.RouteText - RouteText[id=88577823-16f9-4de2-ba04-780edacb1bd8] Routing FlowFile[3920,97610319458496.mockFlowFile,24B] to original
[main] DEBUG org.apache.nifi.processors.standard.RouteText - RouteText[id=88577823-16f9-4de2-ba04-780edacb1bd8] Adding new dynamic property: PropertyDescriptor[simple]
[pool-4283-thread-1] INFO org.apache.nifi.processors.standard.RouteText - RouteText[id=88577823-16f9-4de2-ba04-780edacb1bd8] Created FlowFile[3923,97610319849915.mockFlowFile,24B] from FlowFile[3922,97610319849915.mockFlowFile,24B]; routing to relationship simple
[pool-4283-thread-1] INFO org.apache.nifi.processors.standard.RouteText - RouteText[id=88577823-16f9-4de2-ba04-780edacb1bd8] Routing FlowFile[3922,97610319849915.mockFlowFile,24B] to original
[main] DEBUG org.apache.nifi.processors.standard.RouteText - RouteText[id=88577823-16f9-4de2-ba04-780edacb1bd8] Adding new dynamic property: PropertyDescriptor[simple]
[pool-4284-thread-1] INFO org.apache.nifi.processors.standard.RouteText - RouteText[id=88577823-16f9-4de2-ba04-780edacb1bd8] Created FlowFile[3925,97610320358143.mockFlowFile,24B] from FlowFile[3924,97610320358143.mockFlowFile,24B]; routing to relationship simple
[pool-4284-thread-1] INFO org.apache.nifi.processors.standard.RouteText - RouteText[id=88577823-16f9-4de2-ba04-780edacb1bd8] Routing FlowFile[3924,97610320358143.mockFlowFile,24B] to original
[main] DEBUG org.apache.nifi.processors.standard.RouteText - RouteText[id=88577823-16f9-4de2-ba04-780edacb1bd8] Adding new dynamic property: PropertyDescriptor[simple]
[pool-4285-thread-1] INFO org.apache.nifi.processors.standard.RouteText - RouteText[id=88577823-16f9-4de2-ba04-780edacb1bd8] Created FlowFile[3927,97610320807740.mockFlowFile,24B] from FlowFile[3926,97610320807740.mockFlowFile,24B]; routing to relationship simple
[pool-4285-thread-1] INFO org.apache.nifi.processors.standard.RouteText - RouteText[id=88577823-16f9-4de2-ba04-780edacb1bd8] Routing FlowFile[3926,97610320807740.mockFlowFile,24B] to original
[main] DEBUG org.apache.nifi.processors.standard.RouteText - RouteText[id=88577823-16f9-4de2-ba04-780edacb1bd8] Adding new dynamic property: PropertyDescriptor[simple]
[pool-4286-thread-1] INFO org.apache.nifi.processors.standard.RouteText - RouteText[id=88577823-16f9-4de2-ba04-780edacb1bd8] Created FlowFile[3929,97610321231026.mockFlowFile,24B] from FlowFile[3928,97610321231026.mockFlowFile,24B]; routing to relationship simple
[pool-4286-thread-1] INFO org.apache.nifi.processors.standard.RouteText - RouteText[id=88577823-16f9-4de2-ba04-780edacb1bd8] Routing FlowFile[3928,97610321231026.mockFlowFile,24B] to original
[main] DEBUG org.apache.nifi.processors.standard.RouteText - RouteText[id=88577823-16f9-4de2-ba04-780edacb1bd8] Adding new dynamic property: PropertyDescriptor[simple]
[pool-4287-thread-1] INFO org.apache.nifi.processors.standard.RouteText - RouteText[id=88577823-16f9-4de2-ba04-780edacb1bd8] Created FlowFile[3931,97610321607897.mockFlowFile,24B] from FlowFile[3930,97610321607897.mockFlowFile,24B]; routing to relationship simple
[pool-4287-thread-1] INFO org.apache.nifi.processors.standard.RouteText - RouteText[id=88577823-16f9-4de2-ba04-780edacb1bd8] Routing FlowFile[3930,97610321607897.mockFlowFile,24B] to original
[main] DEBUG org.apache.nifi.processors.standard.RouteText - RouteText[id=88577823-16f9-4de2-ba04-780edacb1bd8] Adding new dynamic property: PropertyDescriptor[simple]
[pool-4288-thread-1] INFO org.apache.nifi.processors.standard.RouteText - RouteText[id=88577823-16f9-4de2-ba04-780edacb1bd8] Created FlowFile[3933,97610321954881.mockFlowFile,24B] from FlowFile[3932,97610321954881.mockFlowFile,24B]; routing to relationship simple
[pool-4288-thread-1] INFO org.apache.nifi.processors.standard.RouteText - RouteText[id=88577823-16f9-4de2-ba04-780edacb1bd8] Routing FlowFile[3932,97610321954881.mockFlowFile,24B] to original
[main] DEBUG org.apache.nifi.processors.standard.RouteText - RouteText[id=88577823-16f9-4de2-ba04-780edacb1bd8] Adding new dynamic property: PropertyDescriptor[simple]
[pool-4289-thread-1] INFO org.apache.nifi.processors.standard.RouteText - RouteText[id=88577823-16f9-4de2-ba04-780edacb1bd8] Created FlowFile[3935,97610322346710.mockFlowFile,24B] from FlowFile[3934,97610322346710.mockFlowFile,24B]; routing to relationship simple
[pool-4289-thread-1] INFO org.apache.nifi.processors.standard.RouteText - RouteText[id=88577823-16f9-4de2-ba04-780edacb1bd8] Routing FlowFile[3934,97610322346710.mockFlowFile,24B] to original
[main] DEBUG org.apache.nifi.processors.standard.RouteText - RouteText[id=88577823-16f9-4de2-ba04-780edacb1bd8] Adding new dynamic property: PropertyDescriptor[simple]
[pool-4290-thread-1] INFO org.apache.nifi.processors.standard.RouteText - RouteText[id=88577823-16f9-4de2-ba04-780edacb1bd8] Created FlowFile[3937,97610322667148.mockFlowFile,24B] from FlowFile[3936,97610322667148.mockFlowFile,24B]; routing to relationship simple
[pool-4290-thread-1] INFO org.apache.nifi.processors.standard.RouteText - RouteText[id=88577823-16f9-4de2-ba04-780edacb1bd8] Routing FlowFile[3936,97610322667148.mockFlowFile,24B] to original
[main] DEBUG org.apache.nifi.processors.standard.RouteText - RouteText[id=88577823-16f9-4de2-ba04-780edacb1bd8] Adding new dynamic property: PropertyDescriptor[simple]
[pool-4291-thread-1] INFO org.apache.nifi.processors.standard.RouteText - RouteText[id=88577823-16f9-4de2-ba04-780edacb1bd8] Created FlowFile[3939,97610322974216.mockFlowFile,24B] from FlowFile[3938,97610322974216.mockFlowFile,24B]; routing to relationship simple
[pool-4291-thread-1] INFO org.apache.nifi.processors.standard.RouteText - RouteText[id=88577823-16f9-4de2-ba04-780edacb1bd8] Routing FlowFile[3938,97610322974216.mockFlowFile,24B] to original
[main] DEBUG org.apache.nifi.processors.standard.RouteText - RouteText[id=88577823-16f9-4de2-ba04-780edacb1bd8] Adding new dynamic property: PropertyDescriptor[simple]
[pool-4292-thread-1] INFO org.apache.nifi.processors.standard.RouteText - RouteText[id=88577823-16f9-4de2-ba04-780edacb1bd8] Created FlowFile[3941,97610323341005.mockFlowFile,24B] from FlowFile[3940,97610323341005.mockFlowFile,24B]; routing to relationship simple
[pool-4292-thread-1] INFO org.apache.nifi.processors.standard.RouteText - RouteText[id=88577823-16f9-4de2-ba04-780edacb1bd8] Routing FlowFile[3940,97610323341005.mockFlowFile,24B] to original
[main] DEBUG org.apache.nifi.processors.standard.RouteText - RouteText[id=88577823-16f9-4de2-ba04-780edacb1bd8] Adding new dynamic property: PropertyDescriptor[simple]
[pool-4293-thread-1] INFO org.apache.nifi.processors.standard.RouteText - RouteText[id=88577823-16f9-4de2-ba04-780edacb1bd8] Created FlowFile[3943,97610323748101.mockFlowFile,24B] from FlowFile[3942,97610323748101.mockFlowFile,24B]; routing to relationship simple
[pool-4293-thread-1] INFO org.apache.nifi.processors.standard.RouteText - RouteText[id=88577823-16f9-4de2-ba04-780edacb1bd8] Routing FlowFile[3942,97610323748101.mockFlowFile,24B] to original
[main] DEBUG org.apache.nifi.processors.standard.RouteText - RouteText[id=88577823-16f9-4de2-ba04-780edacb1bd8] Adding new dynamic property: PropertyDescriptor[simple]
[pool-4294-thread-1] INFO org.apache.nifi.processors.standard.RouteText - RouteText[id=88577823-16f9-4de2-ba04-780edacb1bd8] Created FlowFile[3945,97610324086366.mockFlowFile,24B] from FlowFile[3944,97610324086366.mockFlowFile,24B]; routing to relationship simple
[pool-4294-thread-1] INFO org.apache.nifi.processors.standard.RouteText - RouteText[id=88577823-16f9-4de2-ba04-780edacb1bd8] Routing FlowFile[3944,97610324086366.mockFlowFile,24B] to original
[main] DEBUG org.apache.nifi.processors.standard.RouteText - RouteText[id=88577823-16f9-4de2-ba04-780edacb1bd8] Adding new dynamic property: PropertyDescriptor[simple]
[pool-4295-thread-1] INFO org.apache.nifi.processors.standard.RouteText - RouteText[id=88577823-16f9-4de2-ba04-780edacb1bd8] Created FlowFile[3947,97610324490935.mockFlowFile,24B] from FlowFile[3946,97610324490935.mockFlowFile,24B]; routing to relationship simple
[pool-4295-thread-1] INFO org.apache.nifi.processors.standard.RouteText - RouteText[id=88577823-16f9-4de2-ba04-780edacb1bd8] Routing FlowFile[3946,97610324490935.mockFlowFile,24B] to original
[main] DEBUG org.apache.nifi.processors.standard.RouteText - RouteText[id=88577823-16f9-4de2-ba04-780edacb1bd8] Adding new dynamic property: PropertyDescriptor[simple]
[pool-4296-thread-1] INFO org.apache.nifi.processors.standard.RouteText - RouteText[id=88577823-16f9-4de2-ba04-780edacb1bd8] Created FlowFile[3949,97610324886780.mockFlowFile,24B] from FlowFile[3948,97610324886780.mockFlowFile,24B]; routing to relationship simple
[pool-4296-thread-1] INFO org.apache.nifi.processors.standard.RouteText - RouteText[id=88577823-16f9-4de2-ba04-780edacb1bd8] Routing FlowFile[3948,97610324886780.mockFlowFile,24B] to original
[main] DEBUG org.apache.nifi.processors.standard.RouteText - RouteText[id=88577823-16f9-4de2-ba04-780edacb1bd8] Adding new dynamic property: PropertyDescriptor[simple]
[pool-4297-thread-1] INFO org.apache.nifi.processors.standard.RouteText - RouteText[id=88577823-16f9-4de2-ba04-780edacb1bd8] Created FlowFile[3951,97610325280641.mockFlowFile,24B] from FlowFile[3950,97610325280641.mockFlowFile,24B]; routing to relationship simple
[pool-4297-thread-1] INFO org.apache.nifi.processors.standard.RouteText - RouteText[id=88577823-16f9-4de2-ba04-780edacb1bd8] Routing FlowFile[3950,97610325280641.mockFlowFile,24B] to original
[main] DEBUG org.apache.nifi.processors.standard.RouteText - RouteText[id=88577823-16f9-4de2-ba04-780edacb1bd8] Adding new dynamic property: PropertyDescriptor[simple]
[pool-4298-thread-1] INFO org.apache.nifi.processors.standard.RouteText - RouteText[id=88577823-16f9-4de2-ba04-780edacb1bd8] Created FlowFile[3953,97610325592881.mockFlowFile,24B] from FlowFile[3952,97610325592881.mockFlowFile,24B]; routing to relationship simple
[pool-4298-thread-1] INFO org.apache.nifi.processors.standard.RouteText - RouteText[id=88577823-16f9-4de2-ba04-780edacb1bd8] Routing FlowFile[3952,97610325592881.mockFlowFile,24B] to original
[main] DEBUG org.apache.nifi.processors.standard.RouteText - RouteText[id=88577823-16f9-4de2-ba04-780edacb1bd8] Adding new dynamic property: PropertyDescriptor[simple]
[pool-4299-thread-1] INFO org.apache.nifi.processors.standard.RouteText - RouteText[id=88577823-16f9-4de2-ba04-780edacb1bd8] Created FlowFile[3955,97610326015148.mockFlowFile,24B] from FlowFile[3954,97610326015148.mockFlowFile,24B]; routing to relationship simple
[pool-4299-thread-1] INFO org.apache.nifi.processors.standard.RouteText - RouteText[id=88577823-16f9-4de2-ba04-780edacb1bd8] Routing FlowFile[3954,97610326015148.mockFlowFile,24B] to original
[main] DEBUG org.apache.nifi.processors.standard.RouteText - RouteText[id=88577823-16f9-4de2-ba04-780edacb1bd8] Adding new dynamic property: PropertyDescriptor[simple]
[pool-4300-thread-1] INFO org.apache.nifi.processors.standard.RouteText - RouteText[id=88577823-16f9-4de2-ba04-780edacb1bd8] Created FlowFile[3957,97610326486658.mockFlowFile,24B] from FlowFile[3956,97610326486658.mockFlowFile,24B]; routing to relationship simple
[pool-4300-thread-1] INFO org.apache.nifi.processors.standard.RouteText - RouteText[id=88577823-16f9-4de2-ba04-780edacb1bd8] Routing FlowFile[3956,97610326486658.mockFlowFile,24B] to original
[main] DEBUG org.apache.nifi.processors.standard.RouteText - RouteText[id=88577823-16f9-4de2-ba04-780edacb1bd8] Adding new dynamic property: PropertyDescriptor[simple]
[pool-4301-thread-1] INFO org.apache.nifi.processors.standard.RouteText - RouteText[id=88577823-16f9-4de2-ba04-780edacb1bd8] Created FlowFile[3959,97610326948346.mockFlowFile,24B] from FlowFile[3958,97610326948346.mockFlowFile,24B]; routing to relationship simple
[pool-4301-thread-1] INFO org.apache.nifi.processors.standard.RouteText - RouteText[id=88577823-16f9-4de2-ba04-780edacb1bd8] Routing FlowFile[3958,97610326948346.mockFlowFile,24B] to original
[main] DEBUG org.apache.nifi.processors.standard.RouteText - RouteText[id=88577823-16f9-4de2-ba04-780edacb1bd8] Adding new dynamic property: PropertyDescriptor[simple]
[pool-4302-thread-1] INFO org.apache.nifi.processors.standard.RouteText - RouteText[id=88577823-16f9-4de2-ba04-780edacb1bd8] Created FlowFile[3961,97610327375722.mockFlowFile,24B] from FlowFile[3960,97610327375722.mockFlowFile,24B]; routing to relationship simple
[pool-4302-thread-1] INFO org.apache.nifi.processors.standard.RouteText - RouteText[id=88577823-16f9-4de2-ba04-780edacb1bd8] Routing FlowFile[3960,97610327375722.mockFlowFile,24B] to original
[main] DEBUG org.apache.nifi.processors.standard.RouteText - RouteText[id=88577823-16f9-4de2-ba04-780edacb1bd8] Adding new dynamic property: PropertyDescriptor[simple]
[pool-4303-thread-1] INFO org.apache.nifi.processors.standard.RouteText - RouteText[id=88577823-16f9-4de2-ba04-780edacb1bd8] Created FlowFile[3963,97610327812889.mockFlowFile,24B] from FlowFile[3962,97610327812889.mockFlowFile,24B]; routing to relationship simple
[pool-4303-thread-1] INFO org.apache.nifi.processors.standard.RouteText - RouteText[id=88577823-16f9-4de2-ba04-780edacb1bd8] Routing FlowFile[3962,97610327812889.mockFlowFile,24B] to original
[main] DEBUG org.apache.nifi.processors.standard.RouteText - RouteText[id=88577823-16f9-4de2-ba04-780edacb1bd8] Adding new dynamic property: PropertyDescriptor[simple]
[pool-4304-thread-1] INFO org.apache.nifi.processors.standard.RouteText - RouteText[id=88577823-16f9-4de2-ba04-780edacb1bd8] Created FlowFile[3965,97610328306625.mockFlowFile,24B] from FlowFile[3964,97610328306625.mockFlowFile,24B]; routing to relationship simple
[pool-4304-thread-1] INFO org.apache.nifi.processors.standard.RouteText - RouteText[id=88577823-16f9-4de2-ba04-780edacb1bd8] Routing FlowFile[3964,97610328306625.mockFlowFile,24B] to original
[main] DEBUG org.apache.nifi.processors.standard.RouteText - RouteText[id=88577823-16f9-4de2-ba04-780edacb1bd8] Adding new dynamic property: PropertyDescriptor[simple]
[pool-4305-thread-1] INFO org.apache.nifi.processors.standard.RouteText - RouteText[id=88577823-16f9-4de2-ba04-780edacb1bd8] Created FlowFile[3967,97610328721236.mockFlowFile,24B] from FlowFile[3966,97610328721236.mockFlowFile,24B]; routing to relationship simple
[pool-4305-thread-1] INFO org.apache.nifi.processors.standard.RouteText - RouteText[id=88577823-16f9-4de2-ba04-780edacb1bd8] Routing FlowFile[3966,97610328721236.mockFlowFile,24B] to original
[main] DEBUG org.apache.nifi.processors.standard.RouteText - RouteText[id=88577823-16f9-4de2-ba04-780edacb1bd8] Adding new dynamic property: PropertyDescriptor[simple]
[pool-4306-thread-1] INFO org.apache.nifi.processors.standard.RouteText - RouteText[id=88577823-16f9-4de2-ba04-780edacb1bd8] Created FlowFile[3969,97610329165666.mockFlowFile,24B] from FlowFile[3968,97610329165666.mockFlowFile,24B]; routing to relationship simple
[pool-4306-thread-1] INFO org.apache.nifi.processors.standard.RouteText - RouteText[id=88577823-16f9-4de2-ba04-780edacb1bd8] Routing FlowFile[3968,97610329165666.mockFlowFile,24B] to original
[main] DEBUG org.apache.nifi.processors.standard.RouteText - RouteText[id=88577823-16f9-4de2-ba04-780edacb1bd8] Adding new dynamic property: PropertyDescriptor[simple]
[pool-4307-thread-1] INFO org.apache.nifi.processors.standard.RouteText - RouteText[id=88577823-16f9-4de2-ba04-780edacb1bd8] Created FlowFile[3971,97610329604387.mockFlowFile,24B] from FlowFile[3970,97610329604387.mockFlowFile,24B]; routing to relationship simple
[pool-4307-thread-1] INFO org.apache.nifi.processors.standard.RouteText - RouteText[id=88577823-16f9-4de2-ba04-780edacb1bd8] Routing FlowFile[3970,97610329604387.mockFlowFile,24B] to original
[main] DEBUG org.apache.nifi.processors.standard.RouteText - RouteText[id=88577823-16f9-4de2-ba04-780edacb1bd8] Adding new dynamic property: PropertyDescriptor[simple]
[pool-4308-thread-1] INFO org.apache.nifi.processors.standard.RouteText - RouteText[id=88577823-16f9-4de2-ba04-780edacb1bd8] Created FlowFile[3973,97610330062075.mockFlowFile,24B] from FlowFile[3972,97610330062075.mockFlowFile,24B]; routing to relationship simple
[pool-4308-thread-1] INFO org.apache.nifi.processors.standard.RouteText - RouteText[id=88577823-16f9-4de2-ba04-780edacb1bd8] Routing FlowFile[3972,97610330062075.mockFlowFile,24B] to original
[main] DEBUG org.apache.nifi.processors.standard.RouteText - RouteText[id=88577823-16f9-4de2-ba04-780edacb1bd8] Adding new dynamic property: PropertyDescriptor[simple]
[pool-4309-thread-1] INFO org.apache.nifi.processors.standard.RouteText - RouteText[id=88577823-16f9-4de2-ba04-780edacb1bd8] Created FlowFile[3975,97610330508895.mockFlowFile,24B] from FlowFile[3974,97610330508895.mockFlowFile,24B]; routing to relationship simple
[pool-4309-thread-1] INFO org.apache.nifi.processors.standard.RouteText - RouteText[id=88577823-16f9-4de2-ba04-780edacb1bd8] Routing FlowFile[3974,97610330508895.mockFlowFile,24B] to original
[main] DEBUG org.apache.nifi.processors.standard.RouteText - RouteText[id=88577823-16f9-4de2-ba04-780edacb1bd8] Adding new dynamic property: PropertyDescriptor[simple]
[pool-4310-thread-1] INFO org.apache.nifi.processors.standard.RouteText - RouteText[id=88577823-16f9-4de2-ba04-780edacb1bd8] Created FlowFile[3977,97610330975630.mockFlowFile,24B] from FlowFile[3976,97610330975630.mockFlowFile,24B]; routing to relationship simple
[pool-4310-thread-1] INFO org.apache.nifi.processors.standard.RouteText - RouteText[id=88577823-16f9-4de2-ba04-780edacb1bd8] Routing FlowFile[3976,97610330975630.mockFlowFile,24B] to original
[main] DEBUG org.apache.nifi.processors.standard.RouteText - RouteText[id=88577823-16f9-4de2-ba04-780edacb1bd8] Adding new dynamic property: PropertyDescriptor[simple]
[pool-4311-thread-1] INFO org.apache.nifi.processors.standard.RouteText - RouteText[id=88577823-16f9-4de2-ba04-780edacb1bd8] Created FlowFile[3979,97610331459913.mockFlowFile,24B] from FlowFile[3978,97610331459913.mockFlowFile,24B]; routing to relationship simple
[pool-4311-thread-1] INFO org.apache.nifi.processors.standard.RouteText - RouteText[id=88577823-16f9-4de2-ba04-780edacb1bd8] Routing FlowFile[3978,97610331459913.mockFlowFile,24B] to original
[main] DEBUG org.apache.nifi.processors.standard.RouteText - RouteText[id=88577823-16f9-4de2-ba04-780edacb1bd8] Adding new dynamic property: PropertyDescriptor[simple]
[pool-4312-thread-1] INFO org.apache.nifi.processors.standard.RouteText - RouteText[id=88577823-16f9-4de2-ba04-780edacb1bd8] Created FlowFile[3981,97610331903099.mockFlowFile,24B] from FlowFile[3980,97610331903099.mockFlowFile,24B]; routing to relationship simple
[pool-4312-thread-1] INFO org.apache.nifi.processors.standard.RouteText - RouteText[id=88577823-16f9-4de2-ba04-780edacb1bd8] Routing FlowFile[3980,97610331903099.mockFlowFile,24B] to original
[main] DEBUG org.apache.nifi.processors.standard.RouteText - RouteText[id=88577823-16f9-4de2-ba04-780edacb1bd8] Adding new dynamic property: PropertyDescriptor[simple]
[pool-4313-thread-1] INFO org.apache.nifi.processors.standard.RouteText - RouteText[id=88577823-16f9-4de2-ba04-780edacb1bd8] Created FlowFile[3983,97610332386390.mockFlowFile,24B] from FlowFile[3982,97610332386390.mockFlowFile,24B]; routing to relationship simple
[pool-4313-thread-1] INFO org.apache.nifi.processors.standard.RouteText - RouteText[id=88577823-16f9-4de2-ba04-780edacb1bd8] Routing FlowFile[3982,97610332386390.mockFlowFile,24B] to original
[main] DEBUG org.apache.nifi.processors.standard.RouteText - RouteText[id=88577823-16f9-4de2-ba04-780edacb1bd8] Adding new dynamic property: PropertyDescriptor[simple]
[pool-4314-thread-1] INFO org.apache.nifi.processors.standard.RouteText - RouteText[id=88577823-16f9-4de2-ba04-780edacb1bd8] Created FlowFile[3985,97610332888448.mockFlowFile,24B] from FlowFile[3984,97610332888448.mockFlowFile,24B]; routing to relationship simple
[pool-4314-thread-1] INFO org.apache.nifi.processors.standard.RouteText - RouteText[id=88577823-16f9-4de2-ba04-780edacb1bd8] Routing FlowFile[3984,97610332888448.mockFlowFile,24B] to original
[main] DEBUG org.apache.nifi.processors.standard.RouteText - RouteText[id=88577823-16f9-4de2-ba04-780edacb1bd8] Adding new dynamic property: PropertyDescriptor[simple]
[pool-4315-thread-1] INFO org.apache.nifi.processors.standard.RouteText - RouteText[id=88577823-16f9-4de2-ba04-780edacb1bd8] Created FlowFile[3987,97610333417298.mockFlowFile,24B] from FlowFile[3986,97610333417298.mockFlowFile,24B]; routing to relationship simple
[pool-4315-thread-1] INFO org.apache.nifi.processors.standard.RouteText - RouteText[id=88577823-16f9-4de2-ba04-780edacb1bd8] Routing FlowFile[3986,97610333417298.mockFlowFile,24B] to original
[main] DEBUG org.apache.nifi.processors.standard.RouteText - RouteText[id=88577823-16f9-4de2-ba04-780edacb1bd8] Adding new dynamic property: PropertyDescriptor[simple]
[pool-4316-thread-1] INFO org.apache.nifi.processors.standard.RouteText - RouteText[id=88577823-16f9-4de2-ba04-780edacb1bd8] Created FlowFile[3989,97610333899043.mockFlowFile,24B] from FlowFile[3988,97610333899043.mockFlowFile,24B]; routing to relationship simple
[pool-4316-thread-1] INFO org.apache.nifi.processors.standard.RouteText - RouteText[id=88577823-16f9-4de2-ba04-780edacb1bd8] Routing FlowFile[3988,97610333899043.mockFlowFile,24B] to original
[main] DEBUG org.apache.nifi.processors.standard.RouteText - RouteText[id=88577823-16f9-4de2-ba04-780edacb1bd8] Adding new dynamic property: PropertyDescriptor[simple]
[pool-4317-thread-1] INFO org.apache.nifi.processors.standard.RouteText - RouteText[id=88577823-16f9-4de2-ba04-780edacb1bd8] Created FlowFile[3991,97610334360195.mockFlowFile,24B] from FlowFile[3990,97610334360195.mockFlowFile,24B]; routing to relationship simple
[pool-4317-thread-1] INFO org.apache.nifi.processors.standard.RouteText - RouteText[id=88577823-16f9-4de2-ba04-780edacb1bd8] Routing FlowFile[3990,97610334360195.mockFlowFile,24B] to original
[main] DEBUG org.apache.nifi.processors.standard.RouteText - RouteText[id=88577823-16f9-4de2-ba04-780edacb1bd8] Adding new dynamic property: PropertyDescriptor[simple]
[pool-4318-thread-1] INFO org.apache.nifi.processors.standard.RouteText - RouteText[id=88577823-16f9-4de2-ba04-780edacb1bd8] Created FlowFile[3993,97610334812575.mockFlowFile,24B] from FlowFile[3992,97610334812575.mockFlowFile,24B]; routing to relationship simple
[pool-4318-thread-1] INFO org.apache.nifi.processors.standard.RouteText - RouteText[id=88577823-16f9-4de2-ba04-780edacb1bd8] Routing FlowFile[3992,97610334812575.mockFlowFile,24B] to original
[main] DEBUG org.apache.nifi.processors.standard.RouteText - RouteText[id=88577823-16f9-4de2-ba04-780edacb1bd8] Adding new dynamic property: PropertyDescriptor[simple]
[pool-4319-thread-1] INFO org.apache.nifi.processors.standard.RouteText - RouteText[id=88577823-16f9-4de2-ba04-780edacb1bd8] Created FlowFile[3995,97610335271273.mockFlowFile,24B] from FlowFile[3994,97610335271273.mockFlowFile,24B]; routing to relationship simple
[pool-4319-thread-1] INFO org.apache.nifi.processors.standard.RouteText - RouteText[id=88577823-16f9-4de2-ba04-780edacb1bd8] Routing FlowFile[3994,97610335271273.mockFlowFile,24B] to original
[main] DEBUG org.apache.nifi.processors.standard.RouteText - RouteText[id=88577823-16f9-4de2-ba04-780edacb1bd8] Adding new dynamic property: PropertyDescriptor[simple]
[pool-4320-thread-1] INFO org.apache.nifi.processors.standard.RouteText - RouteText[id=88577823-16f9-4de2-ba04-780edacb1bd8] Created FlowFile[3997,97610335736512.mockFlowFile,24B] from FlowFile[3996,97610335736512.mockFlowFile,24B]; routing to relationship simple
[pool-4320-thread-1] INFO org.apache.nifi.processors.standard.RouteText - RouteText[id=88577823-16f9-4de2-ba04-780edacb1bd8] Routing FlowFile[3996,97610335736512.mockFlowFile,24B] to original
[main] DEBUG org.apache.nifi.processors.standard.RouteText - RouteText[id=88577823-16f9-4de2-ba04-780edacb1bd8] Adding new dynamic property: PropertyDescriptor[simple]
[pool-4321-thread-1] INFO org.apache.nifi.processors.standard.RouteText - RouteText[id=88577823-16f9-4de2-ba04-780edacb1bd8] Created FlowFile[3999,97610336195232.mockFlowFile,24B] from FlowFile[3998,97610336195232.mockFlowFile,24B]; routing to relationship simple
[pool-4321-thread-1] INFO org.apache.nifi.processors.standard.RouteText - RouteText[id=88577823-16f9-4de2-ba04-780edacb1bd8] Routing FlowFile[3998,97610336195232.mockFlowFile,24B] to original
[main] DEBUG org.apache.nifi.processors.standard.RouteText - RouteText[id=88577823-16f9-4de2-ba04-780edacb1bd8] Adding new dynamic property: PropertyDescriptor[simple]
[pool-4322-thread-1] INFO org.apache.nifi.processors.standard.RouteText - RouteText[id=88577823-16f9-4de2-ba04-780edacb1bd8] Created FlowFile[4001,97610336655221.mockFlowFile,24B] from FlowFile[4000,97610336655221.mockFlowFile,24B]; routing to relationship simple
[pool-4322-thread-1] INFO org.apache.nifi.processors.standard.RouteText - RouteText[id=88577823-16f9-4de2-ba04-780edacb1bd8] Routing FlowFile[4000,97610336655221.mockFlowFile,24B] to original
[main] DEBUG org.apache.nifi.processors.standard.RouteText - RouteText[id=88577823-16f9-4de2-ba04-780edacb1bd8] Adding new dynamic property: PropertyDescriptor[simple]
[pool-4323-thread-1] INFO org.apache.nifi.processors.standard.RouteText - RouteText[id=88577823-16f9-4de2-ba04-780edacb1bd8] Created FlowFile[4003,97610337107501.mockFlowFile,24B] from FlowFile[4002,97610337107501.mockFlowFile,24B]; routing to relationship simple
[pool-4323-thread-1] INFO org.apache.nifi.processors.standard.RouteText - RouteText[id=88577823-16f9-4de2-ba04-780edacb1bd8] Routing FlowFile[4002,97610337107501.mockFlowFile,24B] to original
[main] DEBUG org.apache.nifi.processors.standard.RouteText - RouteText[id=88577823-16f9-4de2-ba04-780edacb1bd8] Adding new dynamic property: PropertyDescriptor[simple]
[pool-4324-thread-1] INFO org.apache.nifi.processors.standard.RouteText - RouteText[id=88577823-16f9-4de2-ba04-780edacb1bd8] Created FlowFile[4005,97610337549486.mockFlowFile,24B] from FlowFile[4004,97610337549486.mockFlowFile,24B]; routing to relationship simple
[pool-4324-thread-1] INFO org.apache.nifi.processors.standard.RouteText - RouteText[id=88577823-16f9-4de2-ba04-780edacb1bd8] Routing FlowFile[4004,97610337549486.mockFlowFile,24B] to original
[main] DEBUG org.apache.nifi.processors.standard.RouteText - RouteText[id=88577823-16f9-4de2-ba04-780edacb1bd8] Adding new dynamic property: PropertyDescriptor[simple]
[pool-4325-thread-1] INFO org.apache.nifi.processors.standard.RouteText - RouteText[id=88577823-16f9-4de2-ba04-780edacb1bd8] Created FlowFile[4007,97610338001201.mockFlowFile,24B] from FlowFile[4006,97610338001201.mockFlowFile,24B]; routing to relationship simple
[pool-4325-thread-1] INFO org.apache.nifi.processors.standard.RouteText - RouteText[id=88577823-16f9-4de2-ba04-780edacb1bd8] Routing FlowFile[4006,97610338001201.mockFlowFile,24B] to original
[main] DEBUG org.apache.nifi.processors.standard.RouteText - RouteText[id=88577823-16f9-4de2-ba04-780edacb1bd8] Adding new dynamic property: PropertyDescriptor[simple]
[pool-4326-thread-1] INFO org.apache.nifi.processors.standard.RouteText - RouteText[id=88577823-16f9-4de2-ba04-780edacb1bd8] Created FlowFile[4009,97610338430775.mockFlowFile,24B] from FlowFile[4008,97610338430775.mockFlowFile,24B]; routing to relationship simple
[pool-4326-thread-1] INFO org.apache.nifi.processors.standard.RouteText - RouteText[id=88577823-16f9-4de2-ba04-780edacb1bd8] Routing FlowFile[4008,97610338430775.mockFlowFile,24B] to original
[main] DEBUG org.apache.nifi.processors.standard.RouteText - RouteText[id=88577823-16f9-4de2-ba04-780edacb1bd8] Adding new dynamic property: PropertyDescriptor[simple]
[pool-4327-thread-1] INFO org.apache.nifi.processors.standard.RouteText - RouteText[id=88577823-16f9-4de2-ba04-780edacb1bd8] Created FlowFile[4011,97610338857634.mockFlowFile,24B] from FlowFile[4010,97610338857634.mockFlowFile,24B]; routing to relationship simple
[pool-4327-thread-1] INFO org.apache.nifi.processors.standard.RouteText - RouteText[id=88577823-16f9-4de2-ba04-780edacb1bd8] Routing FlowFile[4010,97610338857634.mockFlowFile,24B] to original
[main] DEBUG org.apache.nifi.processors.standard.RouteText - RouteText[id=88577823-16f9-4de2-ba04-780edacb1bd8] Adding new dynamic property: PropertyDescriptor[simple]
[pool-4328-thread-1] INFO org.apache.nifi.processors.standard.RouteText - RouteText[id=88577823-16f9-4de2-ba04-780edacb1bd8] Created FlowFile[4013,97610339318442.mockFlowFile,24B] from FlowFile[4012,97610339318442.mockFlowFile,24B]; routing to relationship simple
[pool-4328-thread-1] INFO org.apache.nifi.processors.standard.RouteText - RouteText[id=88577823-16f9-4de2-ba04-780edacb1bd8] Routing FlowFile[4012,97610339318442.mockFlowFile,24B] to original
[main] DEBUG org.apache.nifi.processors.standard.RouteText - RouteText[id=88577823-16f9-4de2-ba04-780edacb1bd8] Adding new dynamic property: PropertyDescriptor[simple]
[pool-4329-thread-1] INFO org.apache.nifi.processors.standard.RouteText - RouteText[id=88577823-16f9-4de2-ba04-780edacb1bd8] Created FlowFile[4015,97610339780558.mockFlowFile,24B] from FlowFile[4014,97610339780558.mockFlowFile,24B]; routing to relationship simple
[pool-4329-thread-1] INFO org.apache.nifi.processors.standard.RouteText - RouteText[id=88577823-16f9-4de2-ba04-780edacb1bd8] Routing FlowFile[4014,97610339780558.mockFlowFile,24B] to original
[main] DEBUG org.apache.nifi.processors.standard.RouteText - RouteText[id=88577823-16f9-4de2-ba04-780edacb1bd8] Adding new dynamic property: PropertyDescriptor[simple]
[pool-4330-thread-1] INFO org.apache.nifi.processors.standard.RouteText - RouteText[id=88577823-16f9-4de2-ba04-780edacb1bd8] Created FlowFile[4017,97610340363578.mockFlowFile,24B] from FlowFile[4016,97610340363578.mockFlowFile,24B]; routing to relationship simple
[pool-4330-thread-1] INFO org.apache.nifi.processors.standard.RouteText - RouteText[id=88577823-16f9-4de2-ba04-780edacb1bd8] Routing FlowFile[4016,97610340363578.mockFlowFile,24B] to original
[main] DEBUG org.apache.nifi.processors.standard.RouteText - RouteText[id=88577823-16f9-4de2-ba04-780edacb1bd8] Adding new dynamic property: PropertyDescriptor[simple]
[pool-4331-thread-1] INFO org.apache.nifi.processors.standard.RouteText - RouteText[id=88577823-16f9-4de2-ba04-780edacb1bd8] Created FlowFile[4019,97610340874716.mockFlowFile,24B] from FlowFile[4018,97610340874716.mockFlowFile,24B]; routing to relationship simple
[pool-4331-thread-1] INFO org.apache.nifi.processors.standard.RouteText - RouteText[id=88577823-16f9-4de2-ba04-780edacb1bd8] Routing FlowFile[4018,97610340874716.mockFlowFile,24B] to original
[main] DEBUG org.apache.nifi.processors.standard.RouteText - RouteText[id=88577823-16f9-4de2-ba04-780edacb1bd8] Adding new dynamic property: PropertyDescriptor[simple]
[pool-4332-thread-1] INFO org.apache.nifi.processors.standard.RouteText - RouteText[id=88577823-16f9-4de2-ba04-780edacb1bd8] Created FlowFile[4021,97610341419553.mockFlowFile,24B] from FlowFile[4020,97610341419553.mockFlowFile,24B]; routing to relationship simple
[pool-4332-thread-1] INFO org.apache.nifi.processors.standard.RouteText - RouteText[id=88577823-16f9-4de2-ba04-780edacb1bd8] Routing FlowFile[4020,97610341419553.mockFlowFile,24B] to original
[main] DEBUG org.apache.nifi.processors.standard.RouteText - RouteText[id=88577823-16f9-4de2-ba04-780edacb1bd8] Adding new dynamic property: PropertyDescriptor[simple]
[pool-4333-thread-1] INFO org.apache.nifi.processors.standard.RouteText - RouteText[id=88577823-16f9-4de2-ba04-780edacb1bd8] Created FlowFile[4023,97610341935008.mockFlowFile,24B] from FlowFile[4022,97610341935008.mockFlowFile,24B]; routing to relationship simple
[pool-4333-thread-1] INFO org.apache.nifi.processors.standard.RouteText - RouteText[id=88577823-16f9-4de2-ba04-780edacb1bd8] Routing FlowFile[4022,97610341935008.mockFlowFile,24B] to original
[main] DEBUG org.apache.nifi.processors.standard.RouteText - RouteText[id=88577823-16f9-4de2-ba04-780edacb1bd8] Adding new dynamic property: PropertyDescriptor[simple]
[pool-4334-thread-1] INFO org.apache.nifi.processors.standard.RouteText - RouteText[id=88577823-16f9-4de2-ba04-780edacb1bd8] Created FlowFile[4025,97610342347582.mockFlowFile,24B] from FlowFile[4024,97610342347582.mockFlowFile,24B]; routing to relationship simple
[pool-4334-thread-1] INFO org.apache.nifi.processors.standard.RouteText - RouteText[id=88577823-16f9-4de2-ba04-780edacb1bd8] Routing FlowFile[4024,97610342347582.mockFlowFile,24B] to original
[main] DEBUG org.apache.nifi.processors.standard.RouteText - RouteText[id=88577823-16f9-4de2-ba04-780edacb1bd8] Adding new dynamic property: PropertyDescriptor[simple]
[pool-4335-thread-1] INFO org.apache.nifi.processors.standard.RouteText - RouteText[id=88577823-16f9-4de2-ba04-780edacb1bd8] Created FlowFile[4027,97610342718790.mockFlowFile,24B] from FlowFile[4026,97610342718790.mockFlowFile,24B]; routing to relationship simple
[pool-4335-thread-1] INFO org.apache.nifi.processors.standard.RouteText - RouteText[id=88577823-16f9-4de2-ba04-780edacb1bd8] Routing FlowFile[4026,97610342718790.mockFlowFile,24B] to original
[main] DEBUG org.apache.nifi.processors.standard.RouteText - RouteText[id=88577823-16f9-4de2-ba04-780edacb1bd8] Adding new dynamic property: PropertyDescriptor[simple]
[pool-4336-thread-1] INFO org.apache.nifi.processors.standard.RouteText - RouteText[id=88577823-16f9-4de2-ba04-780edacb1bd8] Created FlowFile[4029,97610343063728.mockFlowFile,24B] from FlowFile[4028,97610343063728.mockFlowFile,24B]; routing to relationship simple
[pool-4336-thread-1] INFO org.apache.nifi.processors.standard.RouteText - RouteText[id=88577823-16f9-4de2-ba04-780edacb1bd8] Routing FlowFile[4028,97610343063728.mockFlowFile,24B] to original
[main] DEBUG org.apache.nifi.processors.standard.RouteText - RouteText[id=88577823-16f9-4de2-ba04-780edacb1bd8] Adding new dynamic property: PropertyDescriptor[simple]
[pool-4337-thread-1] INFO org.apache.nifi.processors.standard.RouteText - RouteText[id=88577823-16f9-4de2-ba04-780edacb1bd8] Created FlowFile[4031,97610343491248.mockFlowFile,24B] from FlowFile[4030,97610343491248.mockFlowFile,24B]; routing to relationship simple
[pool-4337-thread-1] INFO org.apache.nifi.processors.standard.RouteText - RouteText[id=88577823-16f9-4de2-ba04-780edacb1bd8] Routing FlowFile[4030,97610343491248.mockFlowFile,24B] to original
[main] DEBUG org.apache.nifi.processors.standard.RouteText - RouteText[id=88577823-16f9-4de2-ba04-780edacb1bd8] Adding new dynamic property: PropertyDescriptor[simple]
[pool-4338-thread-1] INFO org.apache.nifi.processors.standard.RouteText - RouteText[id=88577823-16f9-4de2-ba04-780edacb1bd8] Created FlowFile[4033,97610343873305.mockFlowFile,24B] from FlowFile[4032,97610343873305.mockFlowFile,24B]; routing to relationship simple
[pool-4338-thread-1] INFO org.apache.nifi.processors.standard.RouteText - RouteText[id=88577823-16f9-4de2-ba04-780edacb1bd8] Routing FlowFile[4032,97610343873305.mockFlowFile,24B] to original
[main] DEBUG org.apache.nifi.processors.standard.RouteText - RouteText[id=88577823-16f9-4de2-ba04-780edacb1bd8] Adding new dynamic property: PropertyDescriptor[simple]
[pool-4339-thread-1] INFO org.apache.nifi.processors.standard.RouteText - RouteText[id=88577823-16f9-4de2-ba04-780edacb1bd8] Created FlowFile[4035,97610344392811.mockFlowFile,24B] from FlowFile[4034,97610344392811.mockFlowFile,24B]; routing to relationship simple
[pool-4339-thread-1] INFO org.apache.nifi.processors.standard.RouteText - RouteText[id=88577823-16f9-4de2-ba04-780edacb1bd8] Routing FlowFile[4034,97610344392811.mockFlowFile,24B] to original
[main] DEBUG org.apache.nifi.processors.standard.RouteText - RouteText[id=88577823-16f9-4de2-ba04-780edacb1bd8] Adding new dynamic property: PropertyDescriptor[simple]
[pool-4340-thread-1] INFO org.apache.nifi.processors.standard.RouteText - RouteText[id=88577823-16f9-4de2-ba04-780edacb1bd8] Created FlowFile[4037,97610344891787.mockFlowFile,24B] from FlowFile[4036,97610344891787.mockFlowFile,24B]; routing to relationship simple
[pool-4340-thread-1] INFO org.apache.nifi.processors.standard.RouteText - RouteText[id=88577823-16f9-4de2-ba04-780edacb1bd8] Routing FlowFile[4036,97610344891787.mockFlowFile,24B] to original
[main] DEBUG org.apache.nifi.processors.standard.RouteText - RouteText[id=88577823-16f9-4de2-ba04-780edacb1bd8] Adding new dynamic property: PropertyDescriptor[simple]
[pool-4341-thread-1] INFO org.apache.nifi.processors.standard.RouteText - RouteText[id=88577823-16f9-4de2-ba04-780edacb1bd8] Created FlowFile[4039,97610345421741.mockFlowFile,24B] from FlowFile[4038,97610345421741.mockFlowFile,24B]; routing to relationship simple
[pool-4341-thread-1] INFO org.apache.nifi.processors.standard.RouteText - RouteText[id=88577823-16f9-4de2-ba04-780edacb1bd8] Routing FlowFile[4038,97610345421741.mockFlowFile,24B] to original
[main] DEBUG org.apache.nifi.processors.standard.RouteText - RouteText[id=88577823-16f9-4de2-ba04-780edacb1bd8] Adding new dynamic property: PropertyDescriptor[simple]
[pool-4342-thread-1] INFO org.apache.nifi.processors.standard.RouteText - RouteText[id=88577823-16f9-4de2-ba04-780edacb1bd8] Created FlowFile[4041,97610345911597.mockFlowFile,24B] from FlowFile[4040,97610345911597.mockFlowFile,24B]; routing to relationship simple
[pool-4342-thread-1] INFO org.apache.nifi.processors.standard.RouteText - RouteText[id=88577823-16f9-4de2-ba04-780edacb1bd8] Routing FlowFile[4040,97610345911597.mockFlowFile,24B] to original
[main] DEBUG org.apache.nifi.processors.standard.RouteText - RouteText[id=88577823-16f9-4de2-ba04-780edacb1bd8] Adding new dynamic property: PropertyDescriptor[simple]
[pool-4343-thread-1] INFO org.apache.nifi.processors.standard.RouteText - RouteText[id=88577823-16f9-4de2-ba04-780edacb1bd8] Created FlowFile[4043,97610346380001.mockFlowFile,24B] from FlowFile[4042,97610346380001.mockFlowFile,24B]; routing to relationship simple
[pool-4343-thread-1] INFO org.apache.nifi.processors.standard.RouteText - RouteText[id=88577823-16f9-4de2-ba04-780edacb1bd8] Routing FlowFile[4042,97610346380001.mockFlowFile,24B] to original
[main] DEBUG org.apache.nifi.processors.standard.RouteText - RouteText[id=88577823-16f9-4de2-ba04-780edacb1bd8] Adding new dynamic property: PropertyDescriptor[simple]
[pool-4344-thread-1] INFO org.apache.nifi.processors.standard.RouteText - RouteText[id=88577823-16f9-4de2-ba04-780edacb1bd8] Created FlowFile[4045,97610346852401.mockFlowFile,24B] from FlowFile[4044,97610346852401.mockFlowFile,24B]; routing to relationship simple
[pool-4344-thread-1] INFO org.apache.nifi.processors.standard.RouteText - RouteText[id=88577823-16f9-4de2-ba04-780edacb1bd8] Routing FlowFile[4044,97610346852401.mockFlowFile,24B] to original
[main] DEBUG org.apache.nifi.processors.standard.RouteText - RouteText[id=88577823-16f9-4de2-ba04-780edacb1bd8] Adding new dynamic property: PropertyDescriptor[simple]
[pool-4345-thread-1] INFO org.apache.nifi.processors.standard.RouteText - RouteText[id=88577823-16f9-4de2-ba04-780edacb1bd8] Created FlowFile[4047,97610347313298.mockFlowFile,24B] from FlowFile[4046,97610347313298.mockFlowFile,24B]; routing to relationship simple
[pool-4345-thread-1] INFO org.apache.nifi.processors.standard.RouteText - RouteText[id=88577823-16f9-4de2-ba04-780edacb1bd8] Routing FlowFile[4046,97610347313298.mockFlowFile,24B] to original
[main] DEBUG org.apache.nifi.processors.standard.RouteText - RouteText[id=88577823-16f9-4de2-ba04-780edacb1bd8] Adding new dynamic property: PropertyDescriptor[simple]
[pool-4346-thread-1] INFO org.apache.nifi.processors.standard.RouteText - RouteText[id=88577823-16f9-4de2-ba04-780edacb1bd8] Created FlowFile[4049,97610347777662.mockFlowFile,24B] from FlowFile[4048,97610347777662.mockFlowFile,24B]; routing to relationship simple
[pool-4346-thread-1] INFO org.apache.nifi.processors.standard.RouteText - RouteText[id=88577823-16f9-4de2-ba04-780edacb1bd8] Routing FlowFile[4048,97610347777662.mockFlowFile,24B] to original
[main] DEBUG org.apache.nifi.processors.standard.RouteText - RouteText[id=88577823-16f9-4de2-ba04-780edacb1bd8] Adding new dynamic property: PropertyDescriptor[simple]
[pool-4347-thread-1] INFO org.apache.nifi.processors.standard.RouteText - RouteText[id=88577823-16f9-4de2-ba04-780edacb1bd8] Created FlowFile[4051,97610348230968.mockFlowFile,24B] from FlowFile[4050,97610348230968.mockFlowFile,24B]; routing to relationship simple
[pool-4347-thread-1] INFO org.apache.nifi.processors.standard.RouteText - RouteText[id=88577823-16f9-4de2-ba04-780edacb1bd8] Routing FlowFile[4050,97610348230968.mockFlowFile,24B] to original
[main] DEBUG org.apache.nifi.processors.standard.RouteText - RouteText[id=88577823-16f9-4de2-ba04-780edacb1bd8] Adding new dynamic property: PropertyDescriptor[simple]
[pool-4348-thread-1] INFO org.apache.nifi.processors.standard.RouteText - RouteText[id=88577823-16f9-4de2-ba04-780edacb1bd8] Created FlowFile[4053,97610348703042.mockFlowFile,24B] from FlowFile[4052,97610348703042.mockFlowFile,24B]; routing to relationship simple
[pool-4348-thread-1] INFO org.apache.nifi.processors.standard.RouteText - RouteText[id=88577823-16f9-4de2-ba04-780edacb1bd8] Routing FlowFile[4052,97610348703042.mockFlowFile,24B] to original
[main] DEBUG org.apache.nifi.processors.standard.RouteText - RouteText[id=88577823-16f9-4de2-ba04-780edacb1bd8] Adding new dynamic property: PropertyDescriptor[simple]
[pool-4349-thread-1] INFO org.apache.nifi.processors.standard.RouteText - RouteText[id=88577823-16f9-4de2-ba04-780edacb1bd8] Created FlowFile[4055,97610349148471.mockFlowFile,24B] from FlowFile[4054,97610349148471.mockFlowFile,24B]; routing to relationship simple
[pool-4349-thread-1] INFO org.apache.nifi.processors.standard.RouteText - RouteText[id=88577823-16f9-4de2-ba04-780edacb1bd8] Routing FlowFile[4054,97610349148471.mockFlowFile,24B] to original
[main] DEBUG org.apache.nifi.processors.standard.RouteText - RouteText[id=88577823-16f9-4de2-ba04-780edacb1bd8] Adding new dynamic property: PropertyDescriptor[simple]
[pool-4350-thread-1] INFO org.apache.nifi.processors.standard.RouteText - RouteText[id=88577823-16f9-4de2-ba04-780edacb1bd8] Created FlowFile[4057,97610349590508.mockFlowFile,24B] from FlowFile[4056,97610349590508.mockFlowFile,24B]; routing to relationship simple
[pool-4350-thread-1] INFO org.apache.nifi.processors.standard.RouteText - RouteText[id=88577823-16f9-4de2-ba04-780edacb1bd8] Routing FlowFile[4056,97610349590508.mockFlowFile,24B] to original
[main] DEBUG org.apache.nifi.processors.standard.RouteText - RouteText[id=88577823-16f9-4de2-ba04-780edacb1bd8] Adding new dynamic property: PropertyDescriptor[simple]
[pool-4351-thread-1] INFO org.apache.nifi.processors.standard.RouteText - RouteText[id=88577823-16f9-4de2-ba04-780edacb1bd8] Created FlowFile[4059,97610350025995.mockFlowFile,24B] from FlowFile[4058,97610350025995.mockFlowFile,24B]; routing to relationship simple
[pool-4351-thread-1] INFO org.apache.nifi.processors.standard.RouteText - RouteText[id=88577823-16f9-4de2-ba04-780edacb1bd8] Routing FlowFile[4058,97610350025995.mockFlowFile,24B] to original
[main] DEBUG org.apache.nifi.processors.standard.RouteText - RouteText[id=88577823-16f9-4de2-ba04-780edacb1bd8] Adding new dynamic property: PropertyDescriptor[simple]
[pool-4352-thread-1] INFO org.apache.nifi.processors.standard.RouteText - RouteText[id=88577823-16f9-4de2-ba04-780edacb1bd8] Created FlowFile[4061,97610350507421.mockFlowFile,24B] from FlowFile[4060,97610350507421.mockFlowFile,24B]; routing to relationship simple
[pool-4352-thread-1] INFO org.apache.nifi.processors.standard.RouteText - RouteText[id=88577823-16f9-4de2-ba04-780edacb1bd8] Routing FlowFile[4060,97610350507421.mockFlowFile,24B] to original
[main] DEBUG org.apache.nifi.processors.standard.RouteText - RouteText[id=88577823-16f9-4de2-ba04-780edacb1bd8] Adding new dynamic property: PropertyDescriptor[simple]
[pool-4353-thread-1] INFO org.apache.nifi.processors.standard.RouteText - RouteText[id=88577823-16f9-4de2-ba04-780edacb1bd8] Created FlowFile[4063,97610350963748.mockFlowFile,24B] from FlowFile[4062,97610350963748.mockFlowFile,24B]; routing to relationship simple
[pool-4353-thread-1] INFO org.apache.nifi.processors.standard.RouteText - RouteText[id=88577823-16f9-4de2-ba04-780edacb1bd8] Routing FlowFile[4062,97610350963748.mockFlowFile,24B] to original
[main] DEBUG org.apache.nifi.processors.standard.RouteText - RouteText[id=88577823-16f9-4de2-ba04-780edacb1bd8] Adding new dynamic property: PropertyDescriptor[simple]
[pool-4354-thread-1] INFO org.apache.nifi.processors.standard.RouteText - RouteText[id=88577823-16f9-4de2-ba04-780edacb1bd8] Created FlowFile[4065,97610351508416.mockFlowFile,24B] from FlowFile[4064,97610351508416.mockFlowFile,24B]; routing to relationship simple
[pool-4354-thread-1] INFO org.apache.nifi.processors.standard.RouteText - RouteText[id=88577823-16f9-4de2-ba04-780edacb1bd8] Routing FlowFile[4064,97610351508416.mockFlowFile,24B] to original
[main] DEBUG org.apache.nifi.processors.standard.RouteText - RouteText[id=88577823-16f9-4de2-ba04-780edacb1bd8] Adding new dynamic property: PropertyDescriptor[simple]
[pool-4355-thread-1] INFO org.apache.nifi.processors.standard.RouteText - RouteText[id=88577823-16f9-4de2-ba04-780edacb1bd8] Created FlowFile[4067,97610351934942.mockFlowFile,24B] from FlowFile[4066,97610351934942.mockFlowFile,24B]; routing to relationship simple
[pool-4355-thread-1] INFO org.apache.nifi.processors.standard.RouteText - RouteText[id=88577823-16f9-4de2-ba04-780edacb1bd8] Routing FlowFile[4066,97610351934942.mockFlowFile,24B] to original
[main] DEBUG org.apache.nifi.processors.standard.RouteText - RouteText[id=88577823-16f9-4de2-ba04-780edacb1bd8] Adding new dynamic property: PropertyDescriptor[simple]
[pool-4356-thread-1] INFO org.apache.nifi.processors.standard.RouteText - RouteText[id=88577823-16f9-4de2-ba04-780edacb1bd8] Created FlowFile[4069,97610352448515.mockFlowFile,24B] from FlowFile[4068,97610352448515.mockFlowFile,24B]; routing to relationship simple
[pool-4356-thread-1] INFO org.apache.nifi.processors.standard.RouteText - RouteText[id=88577823-16f9-4de2-ba04-780edacb1bd8] Routing FlowFile[4068,97610352448515.mockFlowFile,24B] to original
[main] DEBUG org.apache.nifi.processors.standard.RouteText - RouteText[id=88577823-16f9-4de2-ba04-780edacb1bd8] Adding new dynamic property: PropertyDescriptor[simple]
[pool-4357-thread-1] INFO org.apache.nifi.processors.standard.RouteText - RouteText[id=88577823-16f9-4de2-ba04-780edacb1bd8] Created FlowFile[4071,97610352964042.mockFlowFile,24B] from FlowFile[4070,97610352964042.mockFlowFile,24B]; routing to relationship simple
[pool-4357-thread-1] INFO org.apache.nifi.processors.standard.RouteText - RouteText[id=88577823-16f9-4de2-ba04-780edacb1bd8] Routing FlowFile[4070,97610352964042.mockFlowFile,24B] to original
[main] DEBUG org.apache.nifi.processors.standard.RouteText - RouteText[id=88577823-16f9-4de2-ba04-780edacb1bd8] Adding new dynamic property: PropertyDescriptor[simple]
[pool-4358-thread-1] INFO org.apache.nifi.processors.standard.RouteText - RouteText[id=88577823-16f9-4de2-ba04-780edacb1bd8] Created FlowFile[4073,97610353429133.mockFlowFile,24B] from FlowFile[4072,97610353429133.mockFlowFile,24B]; routing to relationship simple
[pool-4358-thread-1] INFO org.apache.nifi.processors.standard.RouteText - RouteText[id=88577823-16f9-4de2-ba04-780edacb1bd8] Routing FlowFile[4072,97610353429133.mockFlowFile,24B] to original
[main] DEBUG org.apache.nifi.processors.standard.RouteText - RouteText[id=88577823-16f9-4de2-ba04-780edacb1bd8] Adding new dynamic property: PropertyDescriptor[simple]
[pool-4359-thread-1] INFO org.apache.nifi.processors.standard.RouteText - RouteText[id=88577823-16f9-4de2-ba04-780edacb1bd8] Created FlowFile[4075,97610353877836.mockFlowFile,24B] from FlowFile[4074,97610353877836.mockFlowFile,24B]; routing to relationship simple
[pool-4359-thread-1] INFO org.apache.nifi.processors.standard.RouteText - RouteText[id=88577823-16f9-4de2-ba04-780edacb1bd8] Routing FlowFile[4074,97610353877836.mockFlowFile,24B] to original
[main] DEBUG org.apache.nifi.processors.standard.RouteText - RouteText[id=88577823-16f9-4de2-ba04-780edacb1bd8] Adding new dynamic property: PropertyDescriptor[simple]
[pool-4360-thread-1] INFO org.apache.nifi.processors.standard.RouteText - RouteText[id=88577823-16f9-4de2-ba04-780edacb1bd8] Created FlowFile[4077,97610354304472.mockFlowFile,24B] from FlowFile[4076,97610354304472.mockFlowFile,24B]; routing to relationship simple
[pool-4360-thread-1] INFO org.apache.nifi.processors.standard.RouteText - RouteText[id=88577823-16f9-4de2-ba04-780edacb1bd8] Routing FlowFile[4076,97610354304472.mockFlowFile,24B] to original
[main] DEBUG org.apache.nifi.processors.standard.RouteText - RouteText[id=88577823-16f9-4de2-ba04-780edacb1bd8] Adding new dynamic property: PropertyDescriptor[simple]
[pool-4361-thread-1] INFO org.apache.nifi.processors.standard.RouteText - RouteText[id=88577823-16f9-4de2-ba04-780edacb1bd8] Created FlowFile[4079,97610354731389.mockFlowFile,24B] from FlowFile[4078,97610354731389.mockFlowFile,24B]; routing to relationship simple
[pool-4361-thread-1] INFO org.apache.nifi.processors.standard.RouteText - RouteText[id=88577823-16f9-4de2-ba04-780edacb1bd8] Routing FlowFile[4078,97610354731389.mockFlowFile,24B] to original
[main] DEBUG org.apache.nifi.processors.standard.RouteText - RouteText[id=88577823-16f9-4de2-ba04-780edacb1bd8] Adding new dynamic property: PropertyDescriptor[simple]
[pool-4362-thread-1] INFO org.apache.nifi.processors.standard.RouteText - RouteText[id=88577823-16f9-4de2-ba04-780edacb1bd8] Created FlowFile[4081,97610355130906.mockFlowFile,24B] from FlowFile[4080,97610355130906.mockFlowFile,24B]; routing to relationship simple
[pool-4362-thread-1] INFO org.apache.nifi.processors.standard.RouteText - RouteText[id=88577823-16f9-4de2-ba04-780edacb1bd8] Routing FlowFile[4080,97610355130906.mockFlowFile,24B] to original
[main] DEBUG org.apache.nifi.processors.standard.RouteText - RouteText[id=88577823-16f9-4de2-ba04-780edacb1bd8] Adding new dynamic property: PropertyDescriptor[simple]
[pool-4363-thread-1] INFO org.apache.nifi.processors.standard.RouteText - RouteText[id=88577823-16f9-4de2-ba04-780edacb1bd8] Created FlowFile[4083,97610355661454.mockFlowFile,24B] from FlowFile[4082,97610355661454.mockFlowFile,24B]; routing to relationship simple
[pool-4363-thread-1] INFO org.apache.nifi.processors.standard.RouteText - RouteText[id=88577823-16f9-4de2-ba04-780edacb1bd8] Routing FlowFile[4082,97610355661454.mockFlowFile,24B] to original
[main] DEBUG org.apache.nifi.processors.standard.RouteText - RouteText[id=88577823-16f9-4de2-ba04-780edacb1bd8] Adding new dynamic property: PropertyDescriptor[simple]
[pool-4364-thread-1] INFO org.apache.nifi.processors.standard.RouteText - RouteText[id=88577823-16f9-4de2-ba04-780edacb1bd8] Created FlowFile[4085,97610356228074.mockFlowFile,24B] from FlowFile[4084,97610356228074.mockFlowFile,24B]; routing to relationship simple
[pool-4364-thread-1] INFO org.apache.nifi.processors.standard.RouteText - RouteText[id=88577823-16f9-4de2-ba04-780edacb1bd8] Routing FlowFile[4084,97610356228074.mockFlowFile,24B] to original
[main] DEBUG org.apache.nifi.processors.standard.RouteText - RouteText[id=88577823-16f9-4de2-ba04-780edacb1bd8] Adding new dynamic property: PropertyDescriptor[simple]
[pool-4365-thread-1] INFO org.apache.nifi.processors.standard.RouteText - RouteText[id=88577823-16f9-4de2-ba04-780edacb1bd8] Created FlowFile[4087,97610356719873.mockFlowFile,24B] from FlowFile[4086,97610356719873.mockFlowFile,24B]; routing to relationship simple
[pool-4365-thread-1] INFO org.apache.nifi.processors.standard.RouteText - RouteText[id=88577823-16f9-4de2-ba04-780edacb1bd8] Routing FlowFile[4086,97610356719873.mockFlowFile,24B] to original
[main] DEBUG org.apache.nifi.processors.standard.RouteText - RouteText[id=88577823-16f9-4de2-ba04-780edacb1bd8] Adding new dynamic property: PropertyDescriptor[simple]
[pool-4366-thread-1] INFO org.apache.nifi.processors.standard.RouteText - RouteText[id=88577823-16f9-4de2-ba04-780edacb1bd8] Created FlowFile[4089,97610357167427.mockFlowFile,24B] from FlowFile[4088,97610357167427.mockFlowFile,24B]; routing to relationship simple
[pool-4366-thread-1] INFO org.apache.nifi.processors.standard.RouteText - RouteText[id=88577823-16f9-4de2-ba04-780edacb1bd8] Routing FlowFile[4088,97610357167427.mockFlowFile,24B] to original
[main] DEBUG org.apache.nifi.processors.standard.RouteText - RouteText[id=88577823-16f9-4de2-ba04-780edacb1bd8] Adding new dynamic property: PropertyDescriptor[simple]
[pool-4367-thread-1] INFO org.apache.nifi.processors.standard.RouteText - RouteText[id=88577823-16f9-4de2-ba04-780edacb1bd8] Created FlowFile[4091,97610357591004.mockFlowFile,24B] from FlowFile[4090,97610357591004.mockFlowFile,24B]; routing to relationship simple
[pool-4367-thread-1] INFO org.apache.nifi.processors.standard.RouteText - RouteText[id=88577823-16f9-4de2-ba04-780edacb1bd8] Routing FlowFile[4090,97610357591004.mockFlowFile,24B] to original
[main] DEBUG org.apache.nifi.processors.standard.RouteText - RouteText[id=88577823-16f9-4de2-ba04-780edacb1bd8] Adding new dynamic property: PropertyDescriptor[simple]
[pool-4368-thread-1] INFO org.apache.nifi.processors.standard.RouteText - RouteText[id=88577823-16f9-4de2-ba04-780edacb1bd8] Created FlowFile[4093,97610357997986.mockFlowFile,24B] from FlowFile[4092,97610357997986.mockFlowFile,24B]; routing to relationship simple
[pool-4368-thread-1] INFO org.apache.nifi.processors.standard.RouteText - RouteText[id=88577823-16f9-4de2-ba04-780edacb1bd8] Routing FlowFile[4092,97610357997986.mockFlowFile,24B] to original
[main] DEBUG org.apache.nifi.processors.standard.RouteText - RouteText[id=88577823-16f9-4de2-ba04-780edacb1bd8] Adding new dynamic property: PropertyDescriptor[simple]
[pool-4369-thread-1] INFO org.apache.nifi.processors.standard.RouteText - RouteText[id=88577823-16f9-4de2-ba04-780edacb1bd8] Created FlowFile[4095,97610358418230.mockFlowFile,24B] from FlowFile[4094,97610358418230.mockFlowFile,24B]; routing to relationship simple
[pool-4369-thread-1] INFO org.apache.nifi.processors.standard.RouteText - RouteText[id=88577823-16f9-4de2-ba04-780edacb1bd8] Routing FlowFile[4094,97610358418230.mockFlowFile,24B] to original
[main] DEBUG org.apache.nifi.processors.standard.RouteText - RouteText[id=88577823-16f9-4de2-ba04-780edacb1bd8] Adding new dynamic property: PropertyDescriptor[simple]
[pool-4370-thread-1] INFO org.apache.nifi.processors.standard.RouteText - RouteText[id=88577823-16f9-4de2-ba04-780edacb1bd8] Created FlowFile[4097,97610358831079.mockFlowFile,24B] from FlowFile[4096,97610358831079.mockFlowFile,24B]; routing to relationship simple
[pool-4370-thread-1] INFO org.apache.nifi.processors.standard.RouteText - RouteText[id=88577823-16f9-4de2-ba04-780edacb1bd8] Routing FlowFile[4096,97610358831079.mockFlowFile,24B] to original
[main] DEBUG org.apache.nifi.processors.standard.RouteText - RouteText[id=88577823-16f9-4de2-ba04-780edacb1bd8] Adding new dynamic property: PropertyDescriptor[simple]
[pool-4371-thread-1] INFO org.apache.nifi.processors.standard.RouteText - RouteText[id=88577823-16f9-4de2-ba04-780edacb1bd8] Created FlowFile[4099,97610359283818.mockFlowFile,24B] from FlowFile[4098,97610359283818.mockFlowFile,24B]; routing to relationship simple
[pool-4371-thread-1] INFO org.apache.nifi.processors.standard.RouteText - RouteText[id=88577823-16f9-4de2-ba04-780edacb1bd8] Routing FlowFile[4098,97610359283818.mockFlowFile,24B] to original
]]></system-err>
  </testcase>
  <testcase name="testSimpleDefaultMatchRegularExpression" classname="org.apache.nifi.processors.standard.TestRouteText" time="0.001">
    <system-err><![CDATA[[main] DEBUG org.apache.nifi.processors.standard.RouteText - RouteText[id=fe36cbb4-5416-483c-8311-c3aba3d3d649] Adding new dynamic property: PropertyDescriptor[simple]
[pool-4372-thread-1] INFO org.apache.nifi.processors.standard.RouteText - RouteText[id=fe36cbb4-5416-483c-8311-c3aba3d3d649] Created FlowFile[1,97610362253932.mockFlowFile,17B] from FlowFile[0,97610362253932.mockFlowFile,26B]; routing to relationship simple
[pool-4372-thread-1] INFO org.apache.nifi.processors.standard.RouteText - RouteText[id=fe36cbb4-5416-483c-8311-c3aba3d3d649] Created FlowFile[2,97610362253932.mockFlowFile,9B] from FlowFile[0,97610362253932.mockFlowFile,26B]; routing to relationship unmatched
[pool-4372-thread-1] INFO org.apache.nifi.processors.standard.RouteText - RouteText[id=fe36cbb4-5416-483c-8311-c3aba3d3d649] Routing FlowFile[0,97610362253932.mockFlowFile,26B] to original
]]></system-err>
  </testcase>
  <testcase name="testRouteOnPropertiesStartsWindowsNewLine" classname="org.apache.nifi.processors.standard.TestRouteText" time="0">
    <system-err><![CDATA[[main] DEBUG org.apache.nifi.processors.standard.RouteText - RouteText[id=e4a3f46a-eb32-49db-8de4-3f7236b092f1] Adding new dynamic property: PropertyDescriptor[simple]
[pool-4373-thread-1] INFO org.apache.nifi.processors.standard.RouteText - RouteText[id=e4a3f46a-eb32-49db-8de4-3f7236b092f1] Created FlowFile[1,97610363264413.mockFlowFile,18B] from FlowFile[0,97610363264413.mockFlowFile,27B]; routing to relationship simple
[pool-4373-thread-1] INFO org.apache.nifi.processors.standard.RouteText - RouteText[id=e4a3f46a-eb32-49db-8de4-3f7236b092f1] Created FlowFile[2,97610363264413.mockFlowFile,9B] from FlowFile[0,97610363264413.mockFlowFile,27B]; routing to relationship unmatched
[pool-4373-thread-1] INFO org.apache.nifi.processors.standard.RouteText - RouteText[id=e4a3f46a-eb32-49db-8de4-3f7236b092f1] Routing FlowFile[0,97610363264413.mockFlowFile,27B] to original
]]></system-err>
  </testcase>
  <testcase name="testSimpleAllEquals" classname="org.apache.nifi.processors.standard.TestRouteText" time="0.001">
    <system-err><![CDATA[[main] DEBUG org.apache.nifi.processors.standard.RouteText - RouteText[id=a35c6681-71d7-4bdf-9fda-05353e824ca4] Adding new dynamic property: PropertyDescriptor[second]
[main] DEBUG org.apache.nifi.processors.standard.RouteText - RouteText[id=a35c6681-71d7-4bdf-9fda-05353e824ca4] Adding new dynamic property: PropertyDescriptor[simple]
[pool-4374-thread-1] INFO org.apache.nifi.processors.standard.RouteText - RouteText[id=a35c6681-71d7-4bdf-9fda-05353e824ca4] Created FlowFile[2,97610363998746.mockFlowFile,9B] from FlowFile[0,97610363998746.mockFlowFile,26B]; routing to relationship unmatched
[pool-4374-thread-1] INFO org.apache.nifi.processors.standard.RouteText - RouteText[id=a35c6681-71d7-4bdf-9fda-05353e824ca4] Created FlowFile[1,97610363998746.mockFlowFile,17B] from FlowFile[0,97610363998746.mockFlowFile,26B]; routing to relationship matched
[pool-4374-thread-1] INFO org.apache.nifi.processors.standard.RouteText - RouteText[id=a35c6681-71d7-4bdf-9fda-05353e824ca4] Routing FlowFile[0,97610363998746.mockFlowFile,26B] to original
]]></system-err>
  </testcase>
  <testcase name="testInvalidRegex" classname="org.apache.nifi.processors.standard.TestRouteText" time="0.001"/>
  <testcase name="testSimpleAllContainRegularExpression" classname="org.apache.nifi.processors.standard.TestRouteText" time="0">
    <system-err><![CDATA[[main] DEBUG org.apache.nifi.processors.standard.RouteText - RouteText[id=71398341-0818-4569-b676-ffe580b75020] Adding new dynamic property: PropertyDescriptor[second]
[main] DEBUG org.apache.nifi.processors.standard.RouteText - RouteText[id=71398341-0818-4569-b676-ffe580b75020] Adding new dynamic property: PropertyDescriptor[simple]
[pool-4375-thread-1] INFO org.apache.nifi.processors.standard.RouteText - RouteText[id=71398341-0818-4569-b676-ffe580b75020] Created FlowFile[2,97610365306522.mockFlowFile,9B] from FlowFile[0,97610365306522.mockFlowFile,26B]; routing to relationship unmatched
[pool-4375-thread-1] INFO org.apache.nifi.processors.standard.RouteText - RouteText[id=71398341-0818-4569-b676-ffe580b75020] Created FlowFile[1,97610365306522.mockFlowFile,17B] from FlowFile[0,97610365306522.mockFlowFile,26B]; routing to relationship matched
[pool-4375-thread-1] INFO org.apache.nifi.processors.standard.RouteText - RouteText[id=71398341-0818-4569-b676-ffe580b75020] Routing FlowFile[0,97610365306522.mockFlowFile,26B] to original
]]></system-err>
  </testcase>
  <testcase name="testSimpleDefaultContains" classname="org.apache.nifi.processors.standard.TestRouteText" time="0.001">
    <system-err><![CDATA[[main] DEBUG org.apache.nifi.processors.standard.RouteText - RouteText[id=efd37b3d-8575-4b86-916e-bae699fb1145] Adding new dynamic property: PropertyDescriptor[simple]
[pool-4376-thread-1] INFO org.apache.nifi.processors.standard.RouteText - RouteText[id=efd37b3d-8575-4b86-916e-bae699fb1145] Created FlowFile[1,97610366007216.mockFlowFile,17B] from FlowFile[0,97610366007216.mockFlowFile,26B]; routing to relationship simple
[pool-4376-thread-1] INFO org.apache.nifi.processors.standard.RouteText - RouteText[id=efd37b3d-8575-4b86-916e-bae699fb1145] Created FlowFile[2,97610366007216.mockFlowFile,9B] from FlowFile[0,97610366007216.mockFlowFile,26B]; routing to relationship unmatched
[pool-4376-thread-1] INFO org.apache.nifi.processors.standard.RouteText - RouteText[id=efd37b3d-8575-4b86-916e-bae699fb1145] Routing FlowFile[0,97610366007216.mockFlowFile,26B] to original
]]></system-err>
  </testcase>
  <testcase name="testNotText" classname="org.apache.nifi.processors.standard.TestRouteText" time="0.016">
    <system-err><![CDATA[[main] DEBUG org.apache.nifi.processors.standard.RouteText - RouteText[id=79646783-c436-4a13-be8e-ea6225a9811e] Adding new dynamic property: PropertyDescriptor[simple]
[pool-4377-thread-1] INFO org.apache.nifi.processors.standard.RouteText - RouteText[id=79646783-c436-4a13-be8e-ea6225a9811e] Created FlowFile[1,simple.jpg,42919B] from FlowFile[0,simple.jpg,25248B]; routing to relationship unmatched
[pool-4377-thread-1] INFO org.apache.nifi.processors.standard.RouteText - RouteText[id=79646783-c436-4a13-be8e-ea6225a9811e] Routing FlowFile[0,simple.jpg,25248B] to original
]]></system-err>
  </testcase>
  <testcase name="testSimpleAllStarts" classname="org.apache.nifi.processors.standard.TestRouteText" time="0.001">
    <system-err><![CDATA[[main] DEBUG org.apache.nifi.processors.standard.RouteText - RouteText[id=ee399185-8710-4d60-a51f-70e1de603346] Adding new dynamic property: PropertyDescriptor[second]
[main] DEBUG org.apache.nifi.processors.standard.RouteText - RouteText[id=ee399185-8710-4d60-a51f-70e1de603346] Adding new dynamic property: PropertyDescriptor[simple]
[pool-4378-thread-1] INFO org.apache.nifi.processors.standard.RouteText - RouteText[id=ee399185-8710-4d60-a51f-70e1de603346] Created FlowFile[2,97610383072736.mockFlowFile,9B] from FlowFile[0,97610383072736.mockFlowFile,26B]; routing to relationship unmatched
[pool-4378-thread-1] INFO org.apache.nifi.processors.standard.RouteText - RouteText[id=ee399185-8710-4d60-a51f-70e1de603346] Created FlowFile[1,97610383072736.mockFlowFile,17B] from FlowFile[0,97610383072736.mockFlowFile,26B]; routing to relationship matched
[pool-4378-thread-1] INFO org.apache.nifi.processors.standard.RouteText - RouteText[id=ee399185-8710-4d60-a51f-70e1de603346] Routing FlowFile[0,97610383072736.mockFlowFile,26B] to original
]]></system-err>
  </testcase>
  <testcase name="testRouteOnPropertiesStartsJustCarriageReturn" classname="org.apache.nifi.processors.standard.TestRouteText" time="0.001">
    <system-err><![CDATA[[main] DEBUG org.apache.nifi.processors.standard.RouteText - RouteText[id=2e70beb0-756d-4dd5-b031-b34fdbce91b0] Adding new dynamic property: PropertyDescriptor[simple]
[pool-4379-thread-1] INFO org.apache.nifi.processors.standard.RouteText - RouteText[id=2e70beb0-756d-4dd5-b031-b34fdbce91b0] Created FlowFile[1,97610383961192.mockFlowFile,17B] from FlowFile[0,97610383961192.mockFlowFile,26B]; routing to relationship simple
[pool-4379-thread-1] INFO org.apache.nifi.processors.standard.RouteText - RouteText[id=2e70beb0-756d-4dd5-b031-b34fdbce91b0] Created FlowFile[2,97610383961192.mockFlowFile,9B] from FlowFile[0,97610383961192.mockFlowFile,26B]; routing to relationship unmatched
[pool-4379-thread-1] INFO org.apache.nifi.processors.standard.RouteText - RouteText[id=2e70beb0-756d-4dd5-b031-b34fdbce91b0] Routing FlowFile[0,97610383961192.mockFlowFile,26B] to original
]]></system-err>
  </testcase>
  <testcase name="testSimpleAnyMatchRegularExpression" classname="org.apache.nifi.processors.standard.TestRouteText" time="0.001">
    <system-err><![CDATA[[main] DEBUG org.apache.nifi.processors.standard.RouteText - RouteText[id=27b3f087-aa4b-4553-8a49-fa098b4b7fc6] Adding new dynamic property: PropertyDescriptor[simple]
[main] DEBUG org.apache.nifi.processors.standard.RouteText - RouteText[id=27b3f087-aa4b-4553-8a49-fa098b4b7fc6] Adding new dynamic property: PropertyDescriptor[no]
[pool-4380-thread-1] INFO org.apache.nifi.processors.standard.RouteText - RouteText[id=27b3f087-aa4b-4553-8a49-fa098b4b7fc6] Created FlowFile[2,97610384833391.mockFlowFile,9B] from FlowFile[0,97610384833391.mockFlowFile,26B]; routing to relationship unmatched
[pool-4380-thread-1] INFO org.apache.nifi.processors.standard.RouteText - RouteText[id=27b3f087-aa4b-4553-8a49-fa098b4b7fc6] Created FlowFile[1,97610384833391.mockFlowFile,17B] from FlowFile[0,97610384833391.mockFlowFile,26B]; routing to relationship matched
[pool-4380-thread-1] INFO org.apache.nifi.processors.standard.RouteText - RouteText[id=27b3f087-aa4b-4553-8a49-fa098b4b7fc6] Routing FlowFile[0,97610384833391.mockFlowFile,26B] to original
]]></system-err>
  </testcase>
</testsuite>