<?xml version="1.0" encoding="UTF-8"?>
<testsuite xmlns:xsi="http://www.w3.org/2001/XMLSchema-instance" xsi:noNamespaceSchemaLocation="https://maven.apache.org/surefire/maven-surefire-plugin/xsd/surefire-test-report-3.0.xsd" version="3.0" name="org.apache.nifi.processors.standard.TestEvaluateXQuery" time="1.166" tests="25" errors="0" skipped="0" failures="0">
  <properties>
    <property name="sun.desktop" value="gnome"/>
    <property name="awt.toolkit" value="sun.awt.X11.XToolkit"/>
    <property name="file.encoding.pkg" value="sun.io"/>
    <property name="java.specification.version" value="1.8"/>
    <property name="sun.cpu.isalist" value=""/>
    <property name="sun.jnu.encoding" value="UTF-8"/>
    <property name="java.class.path" value="/home/alex/Repositories/nifi/nifi-nar-bundles/nifi-standard-bundle/nifi-standard-processors/target/test-classes:/home/alex/Repositories/nifi/nifi-nar-bundles/nifi-standard-bundle/nifi-standard-processors/target/classes:/home/alex/.m2/repository/org/apache/ftpserver/ftpserver-core/1.1.1/ftpserver-core-1.1.1.jar:/home/alex/.m2/repository/org/apache/ftpserver/ftplet-api/1.1.1/ftplet-api-1.1.1.jar:/home/alex/.m2/repository/org/slf4j/slf4j-api/1.7.32/slf4j-api-1.7.32.jar:/home/alex/.m2/repository/org/apache/mina/mina-core/2.0.16/mina-core-2.0.16.jar:/home/alex/Repositories/nifi/nifi-api/target/classes:/home/alex/Repositories/nifi/nifi-commons/nifi-expression-language/target/classes:/home/alex/.m2/repository/org/antlr/antlr-runtime/3.5.2/antlr-runtime-3.5.2.jar:/home/alex/Repositories/nifi/nifi-commons/nifi-parameter/target/classes:/home/alex/Repositories/nifi/nifi-commons/nifi-uuid5/target/classes:/home/alex/.m2/repository/org/apache/commons/commons-text/1.8/commons-text-1.8.jar:/home/alex/Repositories/nifi/nifi-nar-bundles/nifi-extension-utils/nifi-processor-utils/target/classes:/home/alex/Repositories/nifi/nifi-commons/nifi-security-socket-ssl/target/classes:/home/alex/Repositories/nifi/nifi-nar-bundles/nifi-extension-utils/nifi-event-transport/target/classes:/home/alex/.m2/repository/io/netty/netty-handler/4.1.69.Final/netty-handler-4.1.69.Final.jar:/home/alex/.m2/repository/io/netty/netty-common/4.1.69.Final/netty-common-4.1.69.Final.jar:/home/alex/.m2/repository/io/netty/netty-resolver/4.1.69.Final/netty-resolver-4.1.69.Final.jar:/home/alex/.m2/repository/io/netty/netty-transport/4.1.69.Final/netty-transport-4.1.69.Final.jar:/home/alex/.m2/repository/io/netty/netty-codec/4.1.69.Final/netty-codec-4.1.69.Final.jar:/home/alex/Repositories/nifi/nifi-nar-bundles/nifi-extension-utils/nifi-syslog-utils/target/classes:/home/alex/.m2/repository/com/github/palindromicity/simple-syslog-5424/0.0.16/simple-syslog-5424-0.0.16.jar:/home/alex/.m2/repository/org/antlr/antlr4-runtime/4.7.2/antlr4-runtime-4.7.2.jar:/home/alex/Repositories/nifi/nifi-commons/nifi-utils/target/classes:/home/alex/Repositories/nifi/nifi-commons/nifi-record-path/target/classes:/home/alex/Repositories/nifi/nifi-commons/nifi-properties/target/classes:/home/alex/Repositories/nifi/nifi-commons/nifi-property-utils/target/classes:/home/alex/.m2/repository/com/github/ben-manes/caffeine/caffeine/2.8.1/caffeine-2.8.1.jar:/home/alex/Repositories/nifi/nifi-nar-bundles/nifi-standard-services/nifi-ssl-context-service-api/target/classes:/home/alex/Repositories/nifi/nifi-commons/nifi-security-utils-api/target/classes:/home/alex/Repositories/nifi/nifi-nar-bundles/nifi-standard-services/nifi-lookup-service-api/target/classes:/home/alex/Repositories/nifi/nifi-commons/nifi-flowfile-packager/target/classes:/home/alex/Repositories/nifi/nifi-nar-bundles/nifi-standard-services/nifi-distributed-cache-client-service-api/target/classes:/home/alex/Repositories/nifi/nifi-nar-bundles/nifi-standard-services/nifi-http-context-map-api/target/classes:/home/alex/Repositories/nifi/nifi-nar-bundles/nifi-standard-services/nifi-record-serialization-service-api/target/classes:/home/alex/Repositories/nifi/nifi-nar-bundles/nifi-standard-services/nifi-proxy-configuration-api/target/classes:/home/alex/Repositories/nifi/nifi-commons/nifi-record/target/classes:/home/alex/Repositories/nifi/nifi-nar-bundles/nifi-standard-services/nifi-record-sink-api/target/classes:/home/alex/.m2/repository/commons-io/commons-io/2.10.0/commons-io-2.10.0.jar:/home/alex/.m2/repository/javax/ws/rs/javax.ws.rs-api/2.1/javax.ws.rs-api-2.1.jar:/home/alex/.m2/repository/commons-net/commons-net/3.6/commons-net-3.6.jar:/home/alex/.m2/repository/org/apache/commons/commons-compress/1.21/commons-compress-1.21.jar:/home/alex/.m2/repository/org/apache/commons/commons-lang3/3.9/commons-lang3-3.9.jar:/home/alex/.m2/repository/org/bouncycastle/bcprov-jdk15on/1.69/bcprov-jdk15on-1.69.jar:/home/alex/.m2/repository/org/bouncycastle/bcpg-jdk15on/1.69/bcpg-jdk15on-1.69.jar:/home/alex/.m2/repository/org/bouncycastle/bcpkix-jdk15on/1.69/bcpkix-jdk15on-1.69.jar:/home/alex/.m2/repository/org/bouncycastle/bcutil-jdk15on/1.69/bcutil-jdk15on-1.69.jar:/home/alex/.m2/repository/commons-codec/commons-codec/1.14/commons-codec-1.14.jar:/home/alex/Repositories/nifi/nifi-commons/nifi-security-utils/target/classes:/home/alex/Repositories/nifi/nifi-commons/nifi-security-kms/target/classes:/home/alex/.m2/repository/org/apache/commons/commons-configuration2/2.7/commons-configuration2-2.7.jar:/home/alex/.m2/repository/com/hierynomus/sshj/0.32.0/sshj-0.32.0.jar:/home/alex/.m2/repository/com/jcraft/jzlib/1.1.3/jzlib-1.1.3.jar:/home/alex/.m2/repository/com/hierynomus/asn-one/0.6.0/asn-one-0.6.0.jar:/home/alex/.m2/repository/net/i2p/crypto/eddsa/0.3.0/eddsa-0.3.0.jar:/home/alex/.m2/repository/org/eclipse/jetty/jetty-server/9.4.44.v20210927/jetty-server-9.4.44.v20210927.jar:/home/alex/.m2/repository/javax/servlet/javax.servlet-api/3.1.0/javax.servlet-api-3.1.0.jar:/home/alex/.m2/repository/org/eclipse/jetty/jetty-http/9.4.44.v20210927/jetty-http-9.4.44.v20210927.jar:/home/alex/.m2/repository/org/eclipse/jetty/jetty-util/9.4.44.v20210927/jetty-util-9.4.44.v20210927.jar:/home/alex/.m2/repository/org/eclipse/jetty/jetty-io/9.4.44.v20210927/jetty-io-9.4.44.v20210927.jar:/home/alex/.m2/repository/org/eclipse/jetty/jetty-servlet/9.4.44.v20210927/jetty-servlet-9.4.44.v20210927.jar:/home/alex/.m2/repository/org/eclipse/jetty/jetty-security/9.4.44.v20210927/jetty-security-9.4.44.v20210927.jar:/home/alex/.m2/repository/org/eclipse/jetty/jetty-util-ajax/9.4.44.v20210927/jetty-util-ajax-9.4.44.v20210927.jar:/home/alex/.m2/repository/org/apache/httpcomponents/httpclient/4.5.5/httpclient-4.5.5.jar:/home/alex/.m2/repository/commons-logging/commons-logging/1.2/commons-logging-1.2.jar:/home/alex/.m2/repository/org/apache/httpcomponents/httpcore/4.4.9/httpcore-4.4.9.jar:/home/alex/.m2/repository/jakarta/activation/jakarta.activation-api/2.0.1/jakarta.activation-api-2.0.1.jar:/home/alex/.m2/repository/com/sun/activation/jakarta.activation/2.0.1/jakarta.activation-2.0.1.jar:/home/alex/.m2/repository/jakarta/mail/jakarta.mail-api/2.0.1/jakarta.mail-api-2.0.1.jar:/home/alex/.m2/repository/com/sun/mail/jakarta.mail/2.0.1/jakarta.mail-2.0.1.jar:/home/alex/.m2/repository/com/github/jponge/lzma-java/1.3/lzma-java-1.3.jar:/home/alex/.m2/repository/org/tukaani/xz/1.8/xz-1.8.jar:/home/alex/.m2/repository/net/sf/saxon/Saxon-HE/10.6/Saxon-HE-10.6.jar:/home/alex/Repositories/nifi/nifi-commons/nifi-socket-utils/target/classes:/home/alex/Repositories/nifi/nifi-commons/nifi-logging-utils/target/classes:/home/alex/Repositories/nifi/nifi-nar-bundles/nifi-standard-services/nifi-load-distribution-service-api/target/classes:/home/alex/.m2/repository/javax/jms/javax.jms-api/2.0.1/javax.jms-api-2.0.1.jar:/home/alex/.m2/repository/org/apache/activemq/activemq-client/5.15.15/activemq-client-5.15.15.jar:/home/alex/.m2/repository/org/apache/geronimo/specs/geronimo-jms_1.1_spec/1.1.1/geronimo-jms_1.1_spec-1.1.1.jar:/home/alex/.m2/repository/org/fusesource/hawtbuf/hawtbuf/1.11/hawtbuf-1.11.jar:/home/alex/.m2/repository/org/apache/geronimo/specs/geronimo-j2ee-management_1.1_spec/1.0.1/geronimo-j2ee-management_1.1_spec-1.0.1.jar:/home/alex/.m2/repository/com/jayway/jsonpath/json-path/2.6.0/json-path-2.6.0.jar:/home/alex/.m2/repository/net/minidev/json-smart/2.4.7/json-smart-2.4.7.jar:/home/alex/.m2/repository/net/minidev/accessors-smart/2.4.7/accessors-smart-2.4.7.jar:/home/alex/.m2/repository/org/ow2/asm/asm/9.1/asm-9.1.jar:/home/alex/.m2/repository/org/apache/tika/tika-core/1.26/tika-core-1.26.jar:/home/alex/.m2/repository/com/fasterxml/jackson/core/jackson-databind/2.12.3/jackson-databind-2.12.3.jar:/home/alex/.m2/repository/com/fasterxml/jackson/core/jackson-annotations/2.12.3/jackson-annotations-2.12.3.jar:/home/alex/.m2/repository/com/fasterxml/jackson/core/jackson-core/2.12.3/jackson-core-2.12.3.jar:/home/alex/Repositories/nifi/nifi-nar-bundles/nifi-extension-utils/nifi-record-utils/nifi-avro-record-utils/target/classes:/home/alex/Repositories/nifi/nifi-nar-bundles/nifi-extension-utils/nifi-record-utils/nifi-standard-record-utils/target/classes:/home/alex/.m2/repository/org/apache/avro/avro/1.8.1/avro-1.8.1.jar:/home/alex/.m2/repository/org/codehaus/jackson/jackson-core-asl/1.9.13/jackson-core-asl-1.9.13.jar:/home/alex/.m2/repository/org/codehaus/jackson/jackson-mapper-asl/1.9.13/jackson-mapper-asl-1.9.13.jar:/home/alex/.m2/repository/com/thoughtworks/paranamer/paranamer/2.7/paranamer-2.7.jar:/home/alex/Repositories/nifi/nifi-nar-bundles/nifi-standard-services/nifi-dbcp-service-api/target/classes:/home/alex/.m2/repository/com/squareup/okhttp3/okhttp/4.9.2/okhttp-4.9.2.jar:/home/alex/.m2/repository/com/squareup/okio/okio/2.8.0/okio-2.8.0.jar:/home/alex/.m2/repository/org/jetbrains/kotlin/kotlin-stdlib-common/1.4.0/kotlin-stdlib-common-1.4.0.jar:/home/alex/.m2/repository/org/jetbrains/kotlin/kotlin-stdlib/1.4.10/kotlin-stdlib-1.4.10.jar:/home/alex/.m2/repository/org/jetbrains/annotations/13.0/annotations-13.0.jar:/home/alex/.m2/repository/io/github/rburgst/okhttp-digest/2.5/okhttp-digest-2.5.jar:/home/alex/.m2/repository/at/favre/lib/bcrypt/0.9.0/bcrypt-0.9.0.jar:/home/alex/.m2/repository/at/favre/lib/bytes/1.3.0/bytes-1.3.0.jar:/home/alex/.m2/repository/com/google/guava/guava/28.0-jre/guava-28.0-jre.jar:/home/alex/.m2/repository/com/google/guava/failureaccess/1.0.1/failureaccess-1.0.1.jar:/home/alex/.m2/repository/com/google/guava/listenablefuture/9999.0-empty-to-avoid-conflict-with-guava/listenablefuture-9999.0-empty-to-avoid-conflict-with-guava.jar:/home/alex/.m2/repository/com/google/code/findbugs/jsr305/3.0.2/jsr305-3.0.2.jar:/home/alex/.m2/repository/org/checkerframework/checker-qual/2.8.1/checker-qual-2.8.1.jar:/home/alex/.m2/repository/com/google/errorprone/error_prone_annotations/2.3.2/error_prone_annotations-2.3.2.jar:/home/alex/.m2/repository/com/google/j2objc/j2objc-annotations/1.3/j2objc-annotations-1.3.jar:/home/alex/.m2/repository/org/codehaus/mojo/animal-sniffer-annotations/1.17/animal-sniffer-annotations-1.17.jar:/home/alex/Repositories/nifi/nifi-mock/target/classes:/home/alex/Repositories/nifi/nifi-framework-api/target/classes:/home/alex/Repositories/nifi/nifi-nar-bundles/nifi-framework-bundle/nifi-framework/nifi-framework-core-api/target/classes:/home/alex/Repositories/nifi/nifi-nar-bundles/nifi-framework-bundle/nifi-framework/nifi-framework-nar-utils/target/classes:/home/alex/Repositories/nifi/nifi-nar-bundles/nifi-framework-bundle/nifi-framework/nifi-client-dto/target/classes:/home/alex/.m2/repository/io/swagger/swagger-annotations/1.6.0/swagger-annotations-1.6.0.jar:/home/alex/Repositories/nifi/nifi-commons/nifi-site-to-site-client/target/classes:/home/alex/.m2/repository/org/apache/httpcomponents/httpasyncclient/4.1.4/httpasyncclient-4.1.4.jar:/home/alex/.m2/repository/org/apache/httpcomponents/httpcore-nio/4.4.10/httpcore-nio-4.4.10.jar:/home/alex/Repositories/nifi/nifi-nar-bundles/nifi-framework-bundle/nifi-framework/nifi-framework-authorization/target/classes:/home/alex/Repositories/nifi/nifi-registry/nifi-registry-core/nifi-registry-data-model/target/classes:/home/alex/Repositories/nifi/nifi-registry/nifi-registry-core/nifi-registry-revision/nifi-registry-revision-entity-model/target/classes:/home/alex/Repositories/nifi/nifi-registry/nifi-registry-core/nifi-registry-client/target/classes:/home/alex/Repositories/nifi/nifi-registry/nifi-registry-core/nifi-registry-security-utils/target/classes:/home/alex/.m2/repository/org/glassfish/jersey/core/jersey-client/2.33/jersey-client-2.33.jar:/home/alex/.m2/repository/jakarta/ws/rs/jakarta.ws.rs-api/2.1.6/jakarta.ws.rs-api-2.1.6.jar:/home/alex/.m2/repository/org/glassfish/hk2/external/jakarta.inject/2.6.1/jakarta.inject-2.6.1.jar:/home/alex/.m2/repository/org/glassfish/jersey/media/jersey-media-json-jackson/2.33/jersey-media-json-jackson-2.33.jar:/home/alex/.m2/repository/org/glassfish/jersey/ext/jersey-entity-filtering/2.33/jersey-entity-filtering-2.33.jar:/home/alex/.m2/repository/org/glassfish/jersey/inject/jersey-hk2/2.33/jersey-hk2-2.33.jar:/home/alex/.m2/repository/org/glassfish/hk2/hk2-locator/2.6.1/hk2-locator-2.6.1.jar:/home/alex/.m2/repository/org/glassfish/hk2/external/aopalliance-repackaged/2.6.1/aopalliance-repackaged-2.6.1.jar:/home/alex/.m2/repository/org/glassfish/hk2/hk2-api/2.6.1/hk2-api-2.6.1.jar:/home/alex/.m2/repository/org/glassfish/hk2/hk2-utils/2.6.1/hk2-utils-2.6.1.jar:/home/alex/.m2/repository/org/javassist/javassist/3.25.0-GA/javassist-3.25.0-GA.jar:/home/alex/.m2/repository/org/glassfish/jersey/core/jersey-common/2.33/jersey-common-2.33.jar:/home/alex/.m2/repository/jakarta/annotation/jakarta.annotation-api/1.3.5/jakarta.annotation-api-1.3.5.jar:/home/alex/.m2/repository/org/glassfish/hk2/osgi-resource-locator/1.0.3/osgi-resource-locator-1.0.3.jar:/home/alex/.m2/repository/org/glassfish/jersey/media/jersey-media-multipart/2.33/jersey-media-multipart-2.33.jar:/home/alex/.m2/repository/org/jvnet/mimepull/mimepull/1.9.13/mimepull-1.9.13.jar:/home/alex/Repositories/nifi/nifi-commons/nifi-data-provenance-utils/target/classes:/home/alex/Repositories/nifi/nifi-nar-bundles/nifi-standard-services/nifi-distributed-cache-services-bundle/nifi-distributed-cache-client-service/target/classes:/home/alex/Repositories/nifi/nifi-nar-bundles/nifi-standard-services/nifi-distributed-cache-services-bundle/nifi-distributed-cache-protocol/target/classes:/home/alex/.m2/repository/io/netty/netty-buffer/4.1.69.Final/netty-buffer-4.1.69.Final.jar:/home/alex/.m2/repository/com/google/http-client/google-http-client/1.28.0/google-http-client-1.28.0.jar:/home/alex/.m2/repository/io/opencensus/opencensus-api/0.18.0/opencensus-api-0.18.0.jar:/home/alex/.m2/repository/io/grpc/grpc-context/1.14.0/grpc-context-1.14.0.jar:/home/alex/.m2/repository/io/opencensus/opencensus-contrib-http-util/0.18.0/opencensus-contrib-http-util-0.18.0.jar:/home/alex/.m2/repository/org/apache/activemq/activemq-broker/5.15.14/activemq-broker-5.15.14.jar:/home/alex/.m2/repository/org/apache/activemq/activemq-openwire-legacy/5.15.14/activemq-openwire-legacy-5.15.14.jar:/home/alex/Repositories/nifi/nifi-nar-bundles/nifi-standard-services/nifi-ssl-context-bundle/nifi-ssl-context-service/target/classes:/home/alex/Repositories/nifi/nifi-nar-bundles/nifi-framework-bundle/nifi-framework/nifi-standard-prioritizers/target/classes:/home/alex/Repositories/nifi/nifi-nar-bundles/nifi-extension-utils/nifi-record-utils/nifi-mock-record-utils/target/classes:/home/alex/Repositories/nifi/nifi-nar-bundles/nifi-standard-services/nifi-record-serialization-services-bundle/nifi-record-serialization-services/target/classes:/home/alex/.m2/repository/org/apache/commons/commons-csv/1.8/commons-csv-1.8.jar:/home/alex/.m2/repository/com/fasterxml/jackson/dataformat/jackson-dataformat-csv/2.12.3/jackson-dataformat-csv-2.12.3.jar:/home/alex/.m2/repository/net/java/dev/stax-utils/stax-utils/20070216/stax-utils-20070216.jar:/home/alex/Repositories/nifi/nifi-nar-bundles/nifi-standard-services/nifi-lookup-services-bundle/nifi-lookup-services/target/classes:/home/alex/.m2/repository/commons-beanutils/commons-beanutils/1.9.4/commons-beanutils-1.9.4.jar:/home/alex/.m2/repository/commons-collections/commons-collections/3.2.2/commons-collections-3.2.2.jar:/home/alex/.m2/repository/com/maxmind/geoip2/geoip2/2.12.0/geoip2-2.12.0.jar:/home/alex/.m2/repository/com/maxmind/db/maxmind-db/1.2.2/maxmind-db-1.2.2.jar:/home/alex/.m2/repository/org/apache/derby/derby/10.14.2.0/derby-10.14.2.0.jar:/home/alex/.m2/repository/org/xerial/snappy/snappy-java/1.1.7.3/snappy-java-1.1.7.3.jar:/home/alex/.m2/repository/net/lingala/zip4j/zip4j/2.8.0/zip4j-2.8.0.jar:/home/alex/.m2/repository/com/h2database/h2/1.4.187/h2-1.4.187.jar:/home/alex/.m2/repository/org/mockftpserver/MockFtpServer/2.7.1/MockFtpServer-2.7.1.jar:/home/alex/.m2/repository/org/apache/sshd/sshd-core/1.7.0/sshd-core-1.7.0.jar:/home/alex/.m2/repository/com/bazaarvoice/jolt/jolt-core/0.1.1/jolt-core-0.1.1.jar:/home/alex/.m2/repository/javax/inject/javax.inject/1/javax.inject-1.jar:/home/alex/.m2/repository/com/bazaarvoice/jolt/json-utils/0.1.1/json-utils-0.1.1.jar:/home/alex/Repositories/nifi/nifi-nar-bundles/nifi-standard-bundle/nifi-standard-utils/target/classes:/home/alex/.m2/repository/net/sf/supercsv/super-csv/2.4.0/super-csv-2.4.0.jar:/home/alex/.m2/repository/com/fluenda/parcefone/2.1.0/parcefone-2.1.0.jar:/home/alex/.m2/repository/javax/validation/validation-api/1.1.0.Final/validation-api-1.1.0.Final.jar:/home/alex/.m2/repository/javax/el/javax.el-api/3.0.0/javax.el-api-3.0.0.jar:/home/alex/.m2/repository/com/github/wnameless/json/json-flattener/0.12.0/json-flattener-0.12.0.jar:/home/alex/.m2/repository/com/github/wnameless/json/json-base/2.0.0/json-base-2.0.0.jar:/home/alex/.m2/repository/org/apache/bval/bval-jsr/1.1.2/bval-jsr-1.1.2.jar:/home/alex/.m2/repository/org/apache/bval/bval-core/1.1.2/bval-core-1.1.2.jar:/home/alex/.m2/repository/io/krakens/java-grok/0.1.9/java-grok-0.1.9.jar:/home/alex/.m2/repository/org/apache/calcite/calcite-core/1.27.0/calcite-core-1.27.0.jar:/home/alex/.m2/repository/org/apache/calcite/calcite-linq4j/1.27.0/calcite-linq4j-1.27.0.jar:/home/alex/.m2/repository/com/esri/geometry/esri-geometry-api/2.2.0/esri-geometry-api-2.2.0.jar:/home/alex/.m2/repository/org/apache/calcite/avatica/avatica-core/1.18.0/avatica-core-1.18.0.jar:/home/alex/.m2/repository/org/apache/calcite/avatica/avatica-metrics/1.18.0/avatica-metrics-1.18.0.jar:/home/alex/.m2/repository/com/google/protobuf/protobuf-java/3.6.1/protobuf-java-3.6.1.jar:/home/alex/.m2/repository/org/apiguardian/apiguardian-api/1.1.0/apiguardian-api-1.1.0.jar:/home/alex/.m2/repository/com/fasterxml/jackson/dataformat/jackson-dataformat-yaml/2.10.0/jackson-dataformat-yaml-2.10.0.jar:/home/alex/.m2/repository/org/yaml/snakeyaml/1.29/snakeyaml-1.29.jar:/home/alex/.m2/repository/com/google/uzaygezen/uzaygezen-core/0.2/uzaygezen-core-0.2.jar:/home/alex/.m2/repository/com/yahoo/datasketches/sketches-core/0.9.0/sketches-core-0.9.0.jar:/home/alex/.m2/repository/com/yahoo/datasketches/memory/0.9.0/memory-0.9.0.jar:/home/alex/.m2/repository/net/hydromatic/aggdesigner-algorithm/6.0/aggdesigner-algorithm-6.0.jar:/home/alex/.m2/repository/commons-lang/commons-lang/2.4/commons-lang-2.4.jar:/home/alex/.m2/repository/org/apache/commons/commons-dbcp2/2.6.0/commons-dbcp2-2.6.0.jar:/home/alex/.m2/repository/org/apache/commons/commons-pool2/2.6.1/commons-pool2-2.6.1.jar:/home/alex/.m2/repository/org/codehaus/janino/commons-compiler/3.0.11/commons-compiler-3.0.11.jar:/home/alex/.m2/repository/org/codehaus/janino/janino/3.0.11/janino-3.0.11.jar:/home/alex/Repositories/nifi/nifi-nar-bundles/nifi-standard-services/nifi-schema-registry-service-api/target/classes:/home/alex/Repositories/nifi/nifi-nar-bundles/nifi-extension-utils/nifi-database-utils/target/classes:/home/alex/Repositories/nifi/nifi-nar-bundles/nifi-standard-bundle/nifi-standard-web-test-utils/target/classes:/home/alex/.m2/repository/com/github/stefanbirkner/fake-sftp-server-rule/2.0.1/fake-sftp-server-rule-2.0.1.jar:/home/alex/.m2/repository/com/github/marschall/memoryfilesystem/2.8.0/memoryfilesystem-2.8.0.jar:/home/alex/.m2/repository/junit/junit/4.13.2/junit-4.13.2.jar:/home/alex/.m2/repository/org/hamcrest/hamcrest-core/1.3/hamcrest-core-1.3.jar:/home/alex/Repositories/nifi/nifi-nar-bundles/nifi-extension-utils/nifi-database-test-utils/target/classes:/home/alex/.m2/repository/org/codehaus/groovy/groovy-json/2.5.14/groovy-json-2.5.14.jar:/home/alex/.m2/repository/org/codehaus/groovy/groovy/2.5.14/groovy-2.5.14.jar:/home/alex/.m2/repository/org/codehaus/groovy/groovy-servlet/2.5.14/groovy-servlet-2.5.14.jar:/home/alex/.m2/repository/org/codehaus/groovy/groovy-templates/2.5.14/groovy-templates-2.5.14.jar:/home/alex/.m2/repository/org/codehaus/groovy/groovy-xml/2.5.14/groovy-xml-2.5.14.jar:/home/alex/.m2/repository/org/hamcrest/hamcrest-all/1.3/hamcrest-all-1.3.jar:/home/alex/.m2/repository/com/squareup/okhttp3/mockwebserver/4.9.2/mockwebserver-4.9.2.jar:/home/alex/.m2/repository/org/jetbrains/kotlin/kotlin-stdlib-jdk8/1.4.10/kotlin-stdlib-jdk8-1.4.10.jar:/home/alex/.m2/repository/org/jetbrains/kotlin/kotlin-stdlib-jdk7/1.4.10/kotlin-stdlib-jdk7-1.4.10.jar:/home/alex/.m2/repository/org/mockito/mockito-inline/3.12.4/mockito-inline-3.12.4.jar:/home/alex/.m2/repository/org/junit/jupiter/junit-jupiter-api/5.7.2/junit-jupiter-api-5.7.2.jar:/home/alex/.m2/repository/org/opentest4j/opentest4j/1.2.0/opentest4j-1.2.0.jar:/home/alex/.m2/repository/org/junit/platform/junit-platform-commons/1.7.2/junit-platform-commons-1.7.2.jar:/home/alex/.m2/repository/org/junit/jupiter/junit-jupiter-engine/5.7.2/junit-jupiter-engine-5.7.2.jar:/home/alex/.m2/repository/org/junit/platform/junit-platform-engine/1.7.2/junit-platform-engine-1.7.2.jar:/home/alex/.m2/repository/org/junit/vintage/junit-vintage-engine/5.7.2/junit-vintage-engine-5.7.2.jar:/home/alex/.m2/repository/org/junit/jupiter/junit-jupiter-params/5.7.2/junit-jupiter-params-5.7.2.jar:/home/alex/.m2/repository/org/mockito/mockito-core/3.11.2/mockito-core-3.11.2.jar:/home/alex/.m2/repository/net/bytebuddy/byte-buddy/1.11.3/byte-buddy-1.11.3.jar:/home/alex/.m2/repository/net/bytebuddy/byte-buddy-agent/1.11.3/byte-buddy-agent-1.11.3.jar:/home/alex/.m2/repository/org/objenesis/objenesis/3.2/objenesis-3.2.jar:/home/alex/.m2/repository/org/mockito/mockito-junit-jupiter/3.11.2/mockito-junit-jupiter-3.11.2.jar:/home/alex/.m2/repository/org/slf4j/slf4j-simple/1.7.32/slf4j-simple-1.7.32.jar:/home/alex/.m2/repository/org/codehaus/groovy/groovy-test/2.5.14/groovy-test-2.5.14.jar:"/>
    <property name="java.vm.vendor" value="Private Build"/>
    <property name="sun.arch.data.model" value="64"/>
    <property name="java.vendor.url" value="http://java.oracle.com/"/>
    <property name="user.timezone" value="Europe/Lisbon"/>
    <property name="java.vm.specification.version" value="1.8"/>
    <property name="os.name" value="Linux"/>
    <property name="user.country" value="US"/>
    <property name="sun.java.launcher" value="SUN_STANDARD"/>
    <property name="sun.boot.library.path" value="/usr/lib/jvm/java-8-openjdk-amd64/jre/lib/amd64"/>
    <property name="sun.java.command" value="/home/alex/Repositories/nifi/nifi-nar-bundles/nifi-standard-bundle/nifi-standard-processors/target/surefire/surefirebooter9102486319766494456.jar /home/alex/Repositories/nifi/nifi-nar-bundles/nifi-standard-bundle/nifi-standard-processors/target/surefire 2024-05-02T03-23-33_830-jvmRun1 surefire4678910215160170132tmp surefire_698813792753071590827tmp"/>
    <property name="org.slf4j.simpleLogger.log.nifi.io.nio" value="debug"/>
    <property name="surefire.test.class.path" value="/home/alex/Repositories/nifi/nifi-nar-bundles/nifi-standard-bundle/nifi-standard-processors/target/test-classes:/home/alex/Repositories/nifi/nifi-nar-bundles/nifi-standard-bundle/nifi-standard-processors/target/classes:/home/alex/.m2/repository/org/apache/ftpserver/ftpserver-core/1.1.1/ftpserver-core-1.1.1.jar:/home/alex/.m2/repository/org/apache/ftpserver/ftplet-api/1.1.1/ftplet-api-1.1.1.jar:/home/alex/.m2/repository/org/slf4j/slf4j-api/1.7.32/slf4j-api-1.7.32.jar:/home/alex/.m2/repository/org/apache/mina/mina-core/2.0.16/mina-core-2.0.16.jar:/home/alex/Repositories/nifi/nifi-api/target/classes:/home/alex/Repositories/nifi/nifi-commons/nifi-expression-language/target/classes:/home/alex/.m2/repository/org/antlr/antlr-runtime/3.5.2/antlr-runtime-3.5.2.jar:/home/alex/Repositories/nifi/nifi-commons/nifi-parameter/target/classes:/home/alex/Repositories/nifi/nifi-commons/nifi-uuid5/target/classes:/home/alex/.m2/repository/org/apache/commons/commons-text/1.8/commons-text-1.8.jar:/home/alex/Repositories/nifi/nifi-nar-bundles/nifi-extension-utils/nifi-processor-utils/target/classes:/home/alex/Repositories/nifi/nifi-commons/nifi-security-socket-ssl/target/classes:/home/alex/Repositories/nifi/nifi-nar-bundles/nifi-extension-utils/nifi-event-transport/target/classes:/home/alex/.m2/repository/io/netty/netty-handler/4.1.69.Final/netty-handler-4.1.69.Final.jar:/home/alex/.m2/repository/io/netty/netty-common/4.1.69.Final/netty-common-4.1.69.Final.jar:/home/alex/.m2/repository/io/netty/netty-resolver/4.1.69.Final/netty-resolver-4.1.69.Final.jar:/home/alex/.m2/repository/io/netty/netty-transport/4.1.69.Final/netty-transport-4.1.69.Final.jar:/home/alex/.m2/repository/io/netty/netty-codec/4.1.69.Final/netty-codec-4.1.69.Final.jar:/home/alex/Repositories/nifi/nifi-nar-bundles/nifi-extension-utils/nifi-syslog-utils/target/classes:/home/alex/.m2/repository/com/github/palindromicity/simple-syslog-5424/0.0.16/simple-syslog-5424-0.0.16.jar:/home/alex/.m2/repository/org/antlr/antlr4-runtime/4.7.2/antlr4-runtime-4.7.2.jar:/home/alex/Repositories/nifi/nifi-commons/nifi-utils/target/classes:/home/alex/Repositories/nifi/nifi-commons/nifi-record-path/target/classes:/home/alex/Repositories/nifi/nifi-commons/nifi-properties/target/classes:/home/alex/Repositories/nifi/nifi-commons/nifi-property-utils/target/classes:/home/alex/.m2/repository/com/github/ben-manes/caffeine/caffeine/2.8.1/caffeine-2.8.1.jar:/home/alex/Repositories/nifi/nifi-nar-bundles/nifi-standard-services/nifi-ssl-context-service-api/target/classes:/home/alex/Repositories/nifi/nifi-commons/nifi-security-utils-api/target/classes:/home/alex/Repositories/nifi/nifi-nar-bundles/nifi-standard-services/nifi-lookup-service-api/target/classes:/home/alex/Repositories/nifi/nifi-commons/nifi-flowfile-packager/target/classes:/home/alex/Repositories/nifi/nifi-nar-bundles/nifi-standard-services/nifi-distributed-cache-client-service-api/target/classes:/home/alex/Repositories/nifi/nifi-nar-bundles/nifi-standard-services/nifi-http-context-map-api/target/classes:/home/alex/Repositories/nifi/nifi-nar-bundles/nifi-standard-services/nifi-record-serialization-service-api/target/classes:/home/alex/Repositories/nifi/nifi-nar-bundles/nifi-standard-services/nifi-proxy-configuration-api/target/classes:/home/alex/Repositories/nifi/nifi-commons/nifi-record/target/classes:/home/alex/Repositories/nifi/nifi-nar-bundles/nifi-standard-services/nifi-record-sink-api/target/classes:/home/alex/.m2/repository/commons-io/commons-io/2.10.0/commons-io-2.10.0.jar:/home/alex/.m2/repository/javax/ws/rs/javax.ws.rs-api/2.1/javax.ws.rs-api-2.1.jar:/home/alex/.m2/repository/commons-net/commons-net/3.6/commons-net-3.6.jar:/home/alex/.m2/repository/org/apache/commons/commons-compress/1.21/commons-compress-1.21.jar:/home/alex/.m2/repository/org/apache/commons/commons-lang3/3.9/commons-lang3-3.9.jar:/home/alex/.m2/repository/org/bouncycastle/bcprov-jdk15on/1.69/bcprov-jdk15on-1.69.jar:/home/alex/.m2/repository/org/bouncycastle/bcpg-jdk15on/1.69/bcpg-jdk15on-1.69.jar:/home/alex/.m2/repository/org/bouncycastle/bcpkix-jdk15on/1.69/bcpkix-jdk15on-1.69.jar:/home/alex/.m2/repository/org/bouncycastle/bcutil-jdk15on/1.69/bcutil-jdk15on-1.69.jar:/home/alex/.m2/repository/commons-codec/commons-codec/1.14/commons-codec-1.14.jar:/home/alex/Repositories/nifi/nifi-commons/nifi-security-utils/target/classes:/home/alex/Repositories/nifi/nifi-commons/nifi-security-kms/target/classes:/home/alex/.m2/repository/org/apache/commons/commons-configuration2/2.7/commons-configuration2-2.7.jar:/home/alex/.m2/repository/com/hierynomus/sshj/0.32.0/sshj-0.32.0.jar:/home/alex/.m2/repository/com/jcraft/jzlib/1.1.3/jzlib-1.1.3.jar:/home/alex/.m2/repository/com/hierynomus/asn-one/0.6.0/asn-one-0.6.0.jar:/home/alex/.m2/repository/net/i2p/crypto/eddsa/0.3.0/eddsa-0.3.0.jar:/home/alex/.m2/repository/org/eclipse/jetty/jetty-server/9.4.44.v20210927/jetty-server-9.4.44.v20210927.jar:/home/alex/.m2/repository/javax/servlet/javax.servlet-api/3.1.0/javax.servlet-api-3.1.0.jar:/home/alex/.m2/repository/org/eclipse/jetty/jetty-http/9.4.44.v20210927/jetty-http-9.4.44.v20210927.jar:/home/alex/.m2/repository/org/eclipse/jetty/jetty-util/9.4.44.v20210927/jetty-util-9.4.44.v20210927.jar:/home/alex/.m2/repository/org/eclipse/jetty/jetty-io/9.4.44.v20210927/jetty-io-9.4.44.v20210927.jar:/home/alex/.m2/repository/org/eclipse/jetty/jetty-servlet/9.4.44.v20210927/jetty-servlet-9.4.44.v20210927.jar:/home/alex/.m2/repository/org/eclipse/jetty/jetty-security/9.4.44.v20210927/jetty-security-9.4.44.v20210927.jar:/home/alex/.m2/repository/org/eclipse/jetty/jetty-util-ajax/9.4.44.v20210927/jetty-util-ajax-9.4.44.v20210927.jar:/home/alex/.m2/repository/org/apache/httpcomponents/httpclient/4.5.5/httpclient-4.5.5.jar:/home/alex/.m2/repository/commons-logging/commons-logging/1.2/commons-logging-1.2.jar:/home/alex/.m2/repository/org/apache/httpcomponents/httpcore/4.4.9/httpcore-4.4.9.jar:/home/alex/.m2/repository/jakarta/activation/jakarta.activation-api/2.0.1/jakarta.activation-api-2.0.1.jar:/home/alex/.m2/repository/com/sun/activation/jakarta.activation/2.0.1/jakarta.activation-2.0.1.jar:/home/alex/.m2/repository/jakarta/mail/jakarta.mail-api/2.0.1/jakarta.mail-api-2.0.1.jar:/home/alex/.m2/repository/com/sun/mail/jakarta.mail/2.0.1/jakarta.mail-2.0.1.jar:/home/alex/.m2/repository/com/github/jponge/lzma-java/1.3/lzma-java-1.3.jar:/home/alex/.m2/repository/org/tukaani/xz/1.8/xz-1.8.jar:/home/alex/.m2/repository/net/sf/saxon/Saxon-HE/10.6/Saxon-HE-10.6.jar:/home/alex/Repositories/nifi/nifi-commons/nifi-socket-utils/target/classes:/home/alex/Repositories/nifi/nifi-commons/nifi-logging-utils/target/classes:/home/alex/Repositories/nifi/nifi-nar-bundles/nifi-standard-services/nifi-load-distribution-service-api/target/classes:/home/alex/.m2/repository/javax/jms/javax.jms-api/2.0.1/javax.jms-api-2.0.1.jar:/home/alex/.m2/repository/org/apache/activemq/activemq-client/5.15.15/activemq-client-5.15.15.jar:/home/alex/.m2/repository/org/apache/geronimo/specs/geronimo-jms_1.1_spec/1.1.1/geronimo-jms_1.1_spec-1.1.1.jar:/home/alex/.m2/repository/org/fusesource/hawtbuf/hawtbuf/1.11/hawtbuf-1.11.jar:/home/alex/.m2/repository/org/apache/geronimo/specs/geronimo-j2ee-management_1.1_spec/1.0.1/geronimo-j2ee-management_1.1_spec-1.0.1.jar:/home/alex/.m2/repository/com/jayway/jsonpath/json-path/2.6.0/json-path-2.6.0.jar:/home/alex/.m2/repository/net/minidev/json-smart/2.4.7/json-smart-2.4.7.jar:/home/alex/.m2/repository/net/minidev/accessors-smart/2.4.7/accessors-smart-2.4.7.jar:/home/alex/.m2/repository/org/ow2/asm/asm/9.1/asm-9.1.jar:/home/alex/.m2/repository/org/apache/tika/tika-core/1.26/tika-core-1.26.jar:/home/alex/.m2/repository/com/fasterxml/jackson/core/jackson-databind/2.12.3/jackson-databind-2.12.3.jar:/home/alex/.m2/repository/com/fasterxml/jackson/core/jackson-annotations/2.12.3/jackson-annotations-2.12.3.jar:/home/alex/.m2/repository/com/fasterxml/jackson/core/jackson-core/2.12.3/jackson-core-2.12.3.jar:/home/alex/Repositories/nifi/nifi-nar-bundles/nifi-extension-utils/nifi-record-utils/nifi-avro-record-utils/target/classes:/home/alex/Repositories/nifi/nifi-nar-bundles/nifi-extension-utils/nifi-record-utils/nifi-standard-record-utils/target/classes:/home/alex/.m2/repository/org/apache/avro/avro/1.8.1/avro-1.8.1.jar:/home/alex/.m2/repository/org/codehaus/jackson/jackson-core-asl/1.9.13/jackson-core-asl-1.9.13.jar:/home/alex/.m2/repository/org/codehaus/jackson/jackson-mapper-asl/1.9.13/jackson-mapper-asl-1.9.13.jar:/home/alex/.m2/repository/com/thoughtworks/paranamer/paranamer/2.7/paranamer-2.7.jar:/home/alex/Repositories/nifi/nifi-nar-bundles/nifi-standard-services/nifi-dbcp-service-api/target/classes:/home/alex/.m2/repository/com/squareup/okhttp3/okhttp/4.9.2/okhttp-4.9.2.jar:/home/alex/.m2/repository/com/squareup/okio/okio/2.8.0/okio-2.8.0.jar:/home/alex/.m2/repository/org/jetbrains/kotlin/kotlin-stdlib-common/1.4.0/kotlin-stdlib-common-1.4.0.jar:/home/alex/.m2/repository/org/jetbrains/kotlin/kotlin-stdlib/1.4.10/kotlin-stdlib-1.4.10.jar:/home/alex/.m2/repository/org/jetbrains/annotations/13.0/annotations-13.0.jar:/home/alex/.m2/repository/io/github/rburgst/okhttp-digest/2.5/okhttp-digest-2.5.jar:/home/alex/.m2/repository/at/favre/lib/bcrypt/0.9.0/bcrypt-0.9.0.jar:/home/alex/.m2/repository/at/favre/lib/bytes/1.3.0/bytes-1.3.0.jar:/home/alex/.m2/repository/com/google/guava/guava/28.0-jre/guava-28.0-jre.jar:/home/alex/.m2/repository/com/google/guava/failureaccess/1.0.1/failureaccess-1.0.1.jar:/home/alex/.m2/repository/com/google/guava/listenablefuture/9999.0-empty-to-avoid-conflict-with-guava/listenablefuture-9999.0-empty-to-avoid-conflict-with-guava.jar:/home/alex/.m2/repository/com/google/code/findbugs/jsr305/3.0.2/jsr305-3.0.2.jar:/home/alex/.m2/repository/org/checkerframework/checker-qual/2.8.1/checker-qual-2.8.1.jar:/home/alex/.m2/repository/com/google/errorprone/error_prone_annotations/2.3.2/error_prone_annotations-2.3.2.jar:/home/alex/.m2/repository/com/google/j2objc/j2objc-annotations/1.3/j2objc-annotations-1.3.jar:/home/alex/.m2/repository/org/codehaus/mojo/animal-sniffer-annotations/1.17/animal-sniffer-annotations-1.17.jar:/home/alex/Repositories/nifi/nifi-mock/target/classes:/home/alex/Repositories/nifi/nifi-framework-api/target/classes:/home/alex/Repositories/nifi/nifi-nar-bundles/nifi-framework-bundle/nifi-framework/nifi-framework-core-api/target/classes:/home/alex/Repositories/nifi/nifi-nar-bundles/nifi-framework-bundle/nifi-framework/nifi-framework-nar-utils/target/classes:/home/alex/Repositories/nifi/nifi-nar-bundles/nifi-framework-bundle/nifi-framework/nifi-client-dto/target/classes:/home/alex/.m2/repository/io/swagger/swagger-annotations/1.6.0/swagger-annotations-1.6.0.jar:/home/alex/Repositories/nifi/nifi-commons/nifi-site-to-site-client/target/classes:/home/alex/.m2/repository/org/apache/httpcomponents/httpasyncclient/4.1.4/httpasyncclient-4.1.4.jar:/home/alex/.m2/repository/org/apache/httpcomponents/httpcore-nio/4.4.10/httpcore-nio-4.4.10.jar:/home/alex/Repositories/nifi/nifi-nar-bundles/nifi-framework-bundle/nifi-framework/nifi-framework-authorization/target/classes:/home/alex/Repositories/nifi/nifi-registry/nifi-registry-core/nifi-registry-data-model/target/classes:/home/alex/Repositories/nifi/nifi-registry/nifi-registry-core/nifi-registry-revision/nifi-registry-revision-entity-model/target/classes:/home/alex/Repositories/nifi/nifi-registry/nifi-registry-core/nifi-registry-client/target/classes:/home/alex/Repositories/nifi/nifi-registry/nifi-registry-core/nifi-registry-security-utils/target/classes:/home/alex/.m2/repository/org/glassfish/jersey/core/jersey-client/2.33/jersey-client-2.33.jar:/home/alex/.m2/repository/jakarta/ws/rs/jakarta.ws.rs-api/2.1.6/jakarta.ws.rs-api-2.1.6.jar:/home/alex/.m2/repository/org/glassfish/hk2/external/jakarta.inject/2.6.1/jakarta.inject-2.6.1.jar:/home/alex/.m2/repository/org/glassfish/jersey/media/jersey-media-json-jackson/2.33/jersey-media-json-jackson-2.33.jar:/home/alex/.m2/repository/org/glassfish/jersey/ext/jersey-entity-filtering/2.33/jersey-entity-filtering-2.33.jar:/home/alex/.m2/repository/org/glassfish/jersey/inject/jersey-hk2/2.33/jersey-hk2-2.33.jar:/home/alex/.m2/repository/org/glassfish/hk2/hk2-locator/2.6.1/hk2-locator-2.6.1.jar:/home/alex/.m2/repository/org/glassfish/hk2/external/aopalliance-repackaged/2.6.1/aopalliance-repackaged-2.6.1.jar:/home/alex/.m2/repository/org/glassfish/hk2/hk2-api/2.6.1/hk2-api-2.6.1.jar:/home/alex/.m2/repository/org/glassfish/hk2/hk2-utils/2.6.1/hk2-utils-2.6.1.jar:/home/alex/.m2/repository/org/javassist/javassist/3.25.0-GA/javassist-3.25.0-GA.jar:/home/alex/.m2/repository/org/glassfish/jersey/core/jersey-common/2.33/jersey-common-2.33.jar:/home/alex/.m2/repository/jakarta/annotation/jakarta.annotation-api/1.3.5/jakarta.annotation-api-1.3.5.jar:/home/alex/.m2/repository/org/glassfish/hk2/osgi-resource-locator/1.0.3/osgi-resource-locator-1.0.3.jar:/home/alex/.m2/repository/org/glassfish/jersey/media/jersey-media-multipart/2.33/jersey-media-multipart-2.33.jar:/home/alex/.m2/repository/org/jvnet/mimepull/mimepull/1.9.13/mimepull-1.9.13.jar:/home/alex/Repositories/nifi/nifi-commons/nifi-data-provenance-utils/target/classes:/home/alex/Repositories/nifi/nifi-nar-bundles/nifi-standard-services/nifi-distributed-cache-services-bundle/nifi-distributed-cache-client-service/target/classes:/home/alex/Repositories/nifi/nifi-nar-bundles/nifi-standard-services/nifi-distributed-cache-services-bundle/nifi-distributed-cache-protocol/target/classes:/home/alex/.m2/repository/io/netty/netty-buffer/4.1.69.Final/netty-buffer-4.1.69.Final.jar:/home/alex/.m2/repository/com/google/http-client/google-http-client/1.28.0/google-http-client-1.28.0.jar:/home/alex/.m2/repository/io/opencensus/opencensus-api/0.18.0/opencensus-api-0.18.0.jar:/home/alex/.m2/repository/io/grpc/grpc-context/1.14.0/grpc-context-1.14.0.jar:/home/alex/.m2/repository/io/opencensus/opencensus-contrib-http-util/0.18.0/opencensus-contrib-http-util-0.18.0.jar:/home/alex/.m2/repository/org/apache/activemq/activemq-broker/5.15.14/activemq-broker-5.15.14.jar:/home/alex/.m2/repository/org/apache/activemq/activemq-openwire-legacy/5.15.14/activemq-openwire-legacy-5.15.14.jar:/home/alex/Repositories/nifi/nifi-nar-bundles/nifi-standard-services/nifi-ssl-context-bundle/nifi-ssl-context-service/target/classes:/home/alex/Repositories/nifi/nifi-nar-bundles/nifi-framework-bundle/nifi-framework/nifi-standard-prioritizers/target/classes:/home/alex/Repositories/nifi/nifi-nar-bundles/nifi-extension-utils/nifi-record-utils/nifi-mock-record-utils/target/classes:/home/alex/Repositories/nifi/nifi-nar-bundles/nifi-standard-services/nifi-record-serialization-services-bundle/nifi-record-serialization-services/target/classes:/home/alex/.m2/repository/org/apache/commons/commons-csv/1.8/commons-csv-1.8.jar:/home/alex/.m2/repository/com/fasterxml/jackson/dataformat/jackson-dataformat-csv/2.12.3/jackson-dataformat-csv-2.12.3.jar:/home/alex/.m2/repository/net/java/dev/stax-utils/stax-utils/20070216/stax-utils-20070216.jar:/home/alex/Repositories/nifi/nifi-nar-bundles/nifi-standard-services/nifi-lookup-services-bundle/nifi-lookup-services/target/classes:/home/alex/.m2/repository/commons-beanutils/commons-beanutils/1.9.4/commons-beanutils-1.9.4.jar:/home/alex/.m2/repository/commons-collections/commons-collections/3.2.2/commons-collections-3.2.2.jar:/home/alex/.m2/repository/com/maxmind/geoip2/geoip2/2.12.0/geoip2-2.12.0.jar:/home/alex/.m2/repository/com/maxmind/db/maxmind-db/1.2.2/maxmind-db-1.2.2.jar:/home/alex/.m2/repository/org/apache/derby/derby/10.14.2.0/derby-10.14.2.0.jar:/home/alex/.m2/repository/org/xerial/snappy/snappy-java/1.1.7.3/snappy-java-1.1.7.3.jar:/home/alex/.m2/repository/net/lingala/zip4j/zip4j/2.8.0/zip4j-2.8.0.jar:/home/alex/.m2/repository/com/h2database/h2/1.4.187/h2-1.4.187.jar:/home/alex/.m2/repository/org/mockftpserver/MockFtpServer/2.7.1/MockFtpServer-2.7.1.jar:/home/alex/.m2/repository/org/apache/sshd/sshd-core/1.7.0/sshd-core-1.7.0.jar:/home/alex/.m2/repository/com/bazaarvoice/jolt/jolt-core/0.1.1/jolt-core-0.1.1.jar:/home/alex/.m2/repository/javax/inject/javax.inject/1/javax.inject-1.jar:/home/alex/.m2/repository/com/bazaarvoice/jolt/json-utils/0.1.1/json-utils-0.1.1.jar:/home/alex/Repositories/nifi/nifi-nar-bundles/nifi-standard-bundle/nifi-standard-utils/target/classes:/home/alex/.m2/repository/net/sf/supercsv/super-csv/2.4.0/super-csv-2.4.0.jar:/home/alex/.m2/repository/com/fluenda/parcefone/2.1.0/parcefone-2.1.0.jar:/home/alex/.m2/repository/javax/validation/validation-api/1.1.0.Final/validation-api-1.1.0.Final.jar:/home/alex/.m2/repository/javax/el/javax.el-api/3.0.0/javax.el-api-3.0.0.jar:/home/alex/.m2/repository/com/github/wnameless/json/json-flattener/0.12.0/json-flattener-0.12.0.jar:/home/alex/.m2/repository/com/github/wnameless/json/json-base/2.0.0/json-base-2.0.0.jar:/home/alex/.m2/repository/org/apache/bval/bval-jsr/1.1.2/bval-jsr-1.1.2.jar:/home/alex/.m2/repository/org/apache/bval/bval-core/1.1.2/bval-core-1.1.2.jar:/home/alex/.m2/repository/io/krakens/java-grok/0.1.9/java-grok-0.1.9.jar:/home/alex/.m2/repository/org/apache/calcite/calcite-core/1.27.0/calcite-core-1.27.0.jar:/home/alex/.m2/repository/org/apache/calcite/calcite-linq4j/1.27.0/calcite-linq4j-1.27.0.jar:/home/alex/.m2/repository/com/esri/geometry/esri-geometry-api/2.2.0/esri-geometry-api-2.2.0.jar:/home/alex/.m2/repository/org/apache/calcite/avatica/avatica-core/1.18.0/avatica-core-1.18.0.jar:/home/alex/.m2/repository/org/apache/calcite/avatica/avatica-metrics/1.18.0/avatica-metrics-1.18.0.jar:/home/alex/.m2/repository/com/google/protobuf/protobuf-java/3.6.1/protobuf-java-3.6.1.jar:/home/alex/.m2/repository/org/apiguardian/apiguardian-api/1.1.0/apiguardian-api-1.1.0.jar:/home/alex/.m2/repository/com/fasterxml/jackson/dataformat/jackson-dataformat-yaml/2.10.0/jackson-dataformat-yaml-2.10.0.jar:/home/alex/.m2/repository/org/yaml/snakeyaml/1.29/snakeyaml-1.29.jar:/home/alex/.m2/repository/com/google/uzaygezen/uzaygezen-core/0.2/uzaygezen-core-0.2.jar:/home/alex/.m2/repository/com/yahoo/datasketches/sketches-core/0.9.0/sketches-core-0.9.0.jar:/home/alex/.m2/repository/com/yahoo/datasketches/memory/0.9.0/memory-0.9.0.jar:/home/alex/.m2/repository/net/hydromatic/aggdesigner-algorithm/6.0/aggdesigner-algorithm-6.0.jar:/home/alex/.m2/repository/commons-lang/commons-lang/2.4/commons-lang-2.4.jar:/home/alex/.m2/repository/org/apache/commons/commons-dbcp2/2.6.0/commons-dbcp2-2.6.0.jar:/home/alex/.m2/repository/org/apache/commons/commons-pool2/2.6.1/commons-pool2-2.6.1.jar:/home/alex/.m2/repository/org/codehaus/janino/commons-compiler/3.0.11/commons-compiler-3.0.11.jar:/home/alex/.m2/repository/org/codehaus/janino/janino/3.0.11/janino-3.0.11.jar:/home/alex/Repositories/nifi/nifi-nar-bundles/nifi-standard-services/nifi-schema-registry-service-api/target/classes:/home/alex/Repositories/nifi/nifi-nar-bundles/nifi-extension-utils/nifi-database-utils/target/classes:/home/alex/Repositories/nifi/nifi-nar-bundles/nifi-standard-bundle/nifi-standard-web-test-utils/target/classes:/home/alex/.m2/repository/com/github/stefanbirkner/fake-sftp-server-rule/2.0.1/fake-sftp-server-rule-2.0.1.jar:/home/alex/.m2/repository/com/github/marschall/memoryfilesystem/2.8.0/memoryfilesystem-2.8.0.jar:/home/alex/.m2/repository/junit/junit/4.13.2/junit-4.13.2.jar:/home/alex/.m2/repository/org/hamcrest/hamcrest-core/1.3/hamcrest-core-1.3.jar:/home/alex/Repositories/nifi/nifi-nar-bundles/nifi-extension-utils/nifi-database-test-utils/target/classes:/home/alex/.m2/repository/org/codehaus/groovy/groovy-json/2.5.14/groovy-json-2.5.14.jar:/home/alex/.m2/repository/org/codehaus/groovy/groovy/2.5.14/groovy-2.5.14.jar:/home/alex/.m2/repository/org/codehaus/groovy/groovy-servlet/2.5.14/groovy-servlet-2.5.14.jar:/home/alex/.m2/repository/org/codehaus/groovy/groovy-templates/2.5.14/groovy-templates-2.5.14.jar:/home/alex/.m2/repository/org/codehaus/groovy/groovy-xml/2.5.14/groovy-xml-2.5.14.jar:/home/alex/.m2/repository/org/hamcrest/hamcrest-all/1.3/hamcrest-all-1.3.jar:/home/alex/.m2/repository/com/squareup/okhttp3/mockwebserver/4.9.2/mockwebserver-4.9.2.jar:/home/alex/.m2/repository/org/jetbrains/kotlin/kotlin-stdlib-jdk8/1.4.10/kotlin-stdlib-jdk8-1.4.10.jar:/home/alex/.m2/repository/org/jetbrains/kotlin/kotlin-stdlib-jdk7/1.4.10/kotlin-stdlib-jdk7-1.4.10.jar:/home/alex/.m2/repository/org/mockito/mockito-inline/3.12.4/mockito-inline-3.12.4.jar:/home/alex/.m2/repository/org/junit/jupiter/junit-jupiter-api/5.7.2/junit-jupiter-api-5.7.2.jar:/home/alex/.m2/repository/org/opentest4j/opentest4j/1.2.0/opentest4j-1.2.0.jar:/home/alex/.m2/repository/org/junit/platform/junit-platform-commons/1.7.2/junit-platform-commons-1.7.2.jar:/home/alex/.m2/repository/org/junit/jupiter/junit-jupiter-engine/5.7.2/junit-jupiter-engine-5.7.2.jar:/home/alex/.m2/repository/org/junit/platform/junit-platform-engine/1.7.2/junit-platform-engine-1.7.2.jar:/home/alex/.m2/repository/org/junit/vintage/junit-vintage-engine/5.7.2/junit-vintage-engine-5.7.2.jar:/home/alex/.m2/repository/org/junit/jupiter/junit-jupiter-params/5.7.2/junit-jupiter-params-5.7.2.jar:/home/alex/.m2/repository/org/mockito/mockito-core/3.11.2/mockito-core-3.11.2.jar:/home/alex/.m2/repository/net/bytebuddy/byte-buddy/1.11.3/byte-buddy-1.11.3.jar:/home/alex/.m2/repository/net/bytebuddy/byte-buddy-agent/1.11.3/byte-buddy-agent-1.11.3.jar:/home/alex/.m2/repository/org/objenesis/objenesis/3.2/objenesis-3.2.jar:/home/alex/.m2/repository/org/mockito/mockito-junit-jupiter/3.11.2/mockito-junit-jupiter-3.11.2.jar:/home/alex/.m2/repository/org/slf4j/slf4j-simple/1.7.32/slf4j-simple-1.7.32.jar:/home/alex/.m2/repository/org/codehaus/groovy/groovy-test/2.5.14/groovy-test-2.5.14.jar:"/>
    <property name="sun.cpu.endian" value="little"/>
    <property name="user.home" value="/home/alex"/>
    <property name="user.language" value="en"/>
    <property name="java.specification.vendor" value="Oracle Corporation"/>
    <property name="java.home" value="/usr/lib/jvm/java-8-openjdk-amd64/jre"/>
    <property name="basedir" value="/home/alex/Repositories/nifi/nifi-nar-bundles/nifi-standard-bundle/nifi-standard-processors"/>
    <property name="file.separator" value="/"/>
    <property name="line.separator" value="&#10;"/>
    <property name="java.vm.specification.vendor" value="Oracle Corporation"/>
    <property name="java.specification.name" value="Java Platform API Specification"/>
    <property name="derby.stream.error.file" value="target/derby.log"/>
    <property name="java.awt.graphicsenv" value="sun.awt.X11GraphicsEnvironment"/>
    <property name="org.slf4j.simpleLogger.log.org.apache.nifi.processors.standard.SQLTransform" value="debug"/>
    <property name="java.awt.headless" value="true"/>
    <property name="org.slf4j.simpleLogger.showDateTime" value="true"/>
    <property name="surefire.real.class.path" value="/home/alex/Repositories/nifi/nifi-nar-bundles/nifi-standard-bundle/nifi-standard-processors/target/surefire/surefirebooter9102486319766494456.jar"/>
    <property name="sun.boot.class.path" value="/usr/lib/jvm/java-8-openjdk-amd64/jre/lib/resources.jar:/usr/lib/jvm/java-8-openjdk-amd64/jre/lib/rt.jar:/usr/lib/jvm/java-8-openjdk-amd64/jre/lib/sunrsasign.jar:/usr/lib/jvm/java-8-openjdk-amd64/jre/lib/jsse.jar:/usr/lib/jvm/java-8-openjdk-amd64/jre/lib/jce.jar:/usr/lib/jvm/java-8-openjdk-amd64/jre/lib/charsets.jar:/usr/lib/jvm/java-8-openjdk-amd64/jre/lib/jfr.jar:/usr/lib/jvm/java-8-openjdk-amd64/jre/classes"/>
    <property name="sun.management.compiler" value="HotSpot 64-Bit Tiered Compilers"/>
    <property name="java.runtime.version" value="1.8.0_402-8u402-ga-2ubuntu1~22.04-b06"/>
    <property name="java.net.preferIPv4Stack" value="true"/>
    <property name="user.name" value="alex"/>
    <property name="path.separator" value=":"/>
    <property name="os.version" value="6.5.0-28-generic"/>
    <property name="java.endorsed.dirs" value="/usr/lib/jvm/java-8-openjdk-amd64/jre/lib/endorsed"/>
    <property name="java.runtime.name" value="OpenJDK Runtime Environment"/>
    <property name="file.encoding" value="UTF-8"/>
    <property name="sun.nio.ch.bugLevel" value=""/>
    <property name="java.vm.name" value="OpenJDK 64-Bit Server VM"/>
    <property name="localRepository" value="/home/alex/.m2/repository"/>
    <property name="java.vendor.url.bug" value="http://bugreport.sun.com/bugreport/"/>
    <property name="java.io.tmpdir" value="/tmp"/>
    <property name="java.version" value="1.8.0_402"/>
    <property name="user.dir" value="/home/alex/Repositories/nifi/nifi-nar-bundles/nifi-standard-bundle/nifi-standard-processors"/>
    <property name="os.arch" value="amd64"/>
    <property name="java.vm.specification.name" value="Java Virtual Machine Specification"/>
    <property name="java.awt.printerjob" value="sun.print.PSPrinterJob"/>
    <property name="sun.os.patch.level" value="unknown"/>
    <property name="org.slf4j.simpleLogger.defaultLogLevel" value="info"/>
    <property name="java.library.path" value="/usr/java/packages/lib/amd64:/usr/lib/x86_64-linux-gnu/jni:/lib/x86_64-linux-gnu:/usr/lib/x86_64-linux-gnu:/usr/lib/jni:/lib:/usr/lib"/>
    <property name="java.vm.info" value="mixed mode"/>
    <property name="java.vendor" value="Private Build"/>
    <property name="java.vm.version" value="25.402-b06"/>
    <property name="java.specification.maintenance.version" value="5"/>
    <property name="java.ext.dirs" value="/usr/lib/jvm/java-8-openjdk-amd64/jre/lib/ext:/usr/java/packages/lib/ext"/>
    <property name="sun.io.unicode.encoding" value="UnicodeLittle"/>
    <property name="java.class.version" value="52.0"/>
  </properties>
  <testcase name="testMatchesMultipleXmlAttribute" classname="org.apache.nifi.processors.standard.TestEvaluateXQuery" time="0.56">
    <system-err><![CDATA[[pool-648-thread-1] INFO org.apache.nifi.processors.standard.EvaluateXQuery - EvaluateXQuery[id=dd670259-1f35-4c62-9a01-c6604dca02e1] Successfully evaluated XQueries against FlowFile[0,fruit.xml,1581B] and found 7 matches; routing to matched
]]></system-err>
  </testcase>
  <testcase name="testUnmatchedAttribute" classname="org.apache.nifi.processors.standard.TestEvaluateXQuery" time="0.005">
    <system-err><![CDATA[[pool-649-thread-1] INFO org.apache.nifi.processors.standard.EvaluateXQuery - EvaluateXQuery[id=fe7b63b4-7681-4a95-9895-a947380901e9] Successfully evaluated XQueries against FlowFile[0,fruit.xml,1581B] and found 0 matches; routing to unmatched
]]></system-err>
  </testcase>
  <testcase name="testBadXQuery" classname="org.apache.nifi.processors.standard.TestEvaluateXQuery" time="0.008">
    <system-err><![CDATA[Static error on line 1 column 26 
  XPST0017  Cannot find a 1-argument function named
  Q{http://www.w3.org/2005/xpath-functions}counttttttt()
Static error on line 1 column 26 
  XPST0017  Cannot find a 1-argument function named
  Q{http://www.w3.org/2005/xpath-functions}counttttttt()
]]></system-err>
  </testcase>
  <testcase name="testNoXQueryAttribute" classname="org.apache.nifi.processors.standard.TestEvaluateXQuery" time="0.004">
    <system-err><![CDATA[[pool-650-thread-1] INFO org.apache.nifi.processors.standard.EvaluateXQuery - EvaluateXQuery[id=656816ec-59fe-49a6-848d-ab760ce18233] Successfully evaluated XQueries against FlowFile[0,fruit.xml,1581B] and found 0 matches; routing to unmatched
]]></system-err>
  </testcase>
  <testcase name="testMatchedEmptyStringAttribute" classname="org.apache.nifi.processors.standard.TestEvaluateXQuery" time="0.032">
    <system-err><![CDATA[[pool-651-thread-1] INFO org.apache.nifi.processors.standard.EvaluateXQuery - EvaluateXQuery[id=e61a595b-9404-43d3-843c-e724076ff5c5] Successfully evaluated XQueries against FlowFile[0,fruit.xml,1581B] and found 0 matches; routing to unmatched
]]></system-err>
  </testcase>
  <testcase name="testWriteStringToAttribute" classname="org.apache.nifi.processors.standard.TestEvaluateXQuery" time="0.009">
    <system-err><![CDATA[[pool-652-thread-1] INFO org.apache.nifi.processors.standard.EvaluateXQuery - EvaluateXQuery[id=774fff80-571b-4f39-be0f-e0e60486af49] Successfully evaluated XQueries against FlowFile[0,fruit.xml,1581B] and found 1 matches; routing to matched
]]></system-err>
  </testcase>
  <testcase name="testFailureForExternalDocTypeWithDocTypeValidationEnabled" classname="org.apache.nifi.processors.standard.TestEvaluateXQuery" time="0.007">
    <system-err><![CDATA[[pool-653-thread-1] ERROR org.apache.nifi.processors.standard.EvaluateXQuery - EvaluateXQuery[id=c8d9bc2c-edcc-48f7-8acf-db2d9139a434] unable to evaluate XQuery against FlowFile[0,xml-snippet-external-doctype.xml,1059B] due to net.sf.saxon.s9api.SaxonApiException: I/O error reported by XML parser processing null: /home/alex/Repositories/nifi/nifi-nar-bundles/nifi-standard-bundle/nifi-standard-processors/non-existent-doctype.dtd (No such file or directory); routing to 'failure': net.sf.saxon.s9api.SaxonApiException: I/O error reported by XML parser processing null: /home/alex/Repositories/nifi/nifi-nar-bundles/nifi-standard-bundle/nifi-standard-processors/non-existent-doctype.dtd (No such file or directory)
net.sf.saxon.s9api.SaxonApiException: I/O error reported by XML parser processing null: /home/alex/Repositories/nifi/nifi-nar-bundles/nifi-standard-bundle/nifi-standard-processors/non-existent-doctype.dtd (No such file or directory)
	at net.sf.saxon.s9api.DocumentBuilder.build(DocumentBuilder.java:360)
	at net.sf.saxon.s9api.XQueryEvaluator.setSource(XQueryEvaluator.java:134)
	at org.apache.nifi.processors.standard.EvaluateXQuery$2.process(EvaluateXQuery.java:310)
	at org.apache.nifi.util.MockProcessSession.read(MockProcessSession.java:601)
	at org.apache.nifi.util.MockProcessSession.read(MockProcessSession.java:583)
	at org.apache.nifi.processors.standard.EvaluateXQuery.onTrigger(EvaluateXQuery.java:305)
	at org.apache.nifi.processor.AbstractProcessor.onTrigger(AbstractProcessor.java:27)
	at org.apache.nifi.util.StandardProcessorTestRunner$RunProcessor.call(StandardProcessorTestRunner.java:284)
	at org.apache.nifi.util.StandardProcessorTestRunner$RunProcessor.call(StandardProcessorTestRunner.java:278)
	at java.util.concurrent.FutureTask.run(FutureTask.java:266)
	at java.util.concurrent.ScheduledThreadPoolExecutor$ScheduledFutureTask.access$201(ScheduledThreadPoolExecutor.java:180)
	at java.util.concurrent.ScheduledThreadPoolExecutor$ScheduledFutureTask.run(ScheduledThreadPoolExecutor.java:293)
	at java.util.concurrent.ThreadPoolExecutor.runWorker(ThreadPoolExecutor.java:1149)
	at java.util.concurrent.ThreadPoolExecutor$Worker.run(ThreadPoolExecutor.java:624)
	at java.lang.Thread.run(Thread.java:750)
Caused by: net.sf.saxon.trans.XPathException: I/O error reported by XML parser processing null: /home/alex/Repositories/nifi/nifi-nar-bundles/nifi-standard-bundle/nifi-standard-processors/non-existent-doctype.dtd (No such file or directory)
	at net.sf.saxon.event.Sender.sendSAXSource(Sender.java:467)
	at net.sf.saxon.event.Sender.send(Sender.java:142)
	at net.sf.saxon.Configuration.buildDocumentTree(Configuration.java:4203)
	at net.sf.saxon.s9api.DocumentBuilder.build(DocumentBuilder.java:357)
	... 14 more
Caused by: java.io.FileNotFoundException: /home/alex/Repositories/nifi/nifi-nar-bundles/nifi-standard-bundle/nifi-standard-processors/non-existent-doctype.dtd (No such file or directory)
	at java.io.FileInputStream.open0(Native Method)
	at java.io.FileInputStream.open(FileInputStream.java:195)
	at java.io.FileInputStream.<init>(FileInputStream.java:138)
	at java.io.FileInputStream.<init>(FileInputStream.java:93)
	at sun.net.www.protocol.file.FileURLConnection.connect(FileURLConnection.java:90)
	at sun.net.www.protocol.file.FileURLConnection.getInputStream(FileURLConnection.java:188)
	at com.sun.org.apache.xerces.internal.impl.XMLEntityManager.setupCurrentEntity(XMLEntityManager.java:624)
	at com.sun.org.apache.xerces.internal.impl.XMLEntityManager.startEntity(XMLEntityManager.java:1305)
	at com.sun.org.apache.xerces.internal.impl.XMLEntityManager.startDTDEntity(XMLEntityManager.java:1271)
	at com.sun.org.apache.xerces.internal.impl.XMLDTDScannerImpl.setInputSource(XMLDTDScannerImpl.java:264)
	at com.sun.org.apache.xerces.internal.impl.XMLDocumentScannerImpl$DTDDriver.dispatch(XMLDocumentScannerImpl.java:1160)
	at com.sun.org.apache.xerces.internal.impl.XMLDocumentScannerImpl$DTDDriver.next(XMLDocumentScannerImpl.java:1044)
	at com.sun.org.apache.xerces.internal.impl.XMLDocumentScannerImpl$PrologDriver.next(XMLDocumentScannerImpl.java:958)
	at com.sun.org.apache.xerces.internal.impl.XMLDocumentScannerImpl.next(XMLDocumentScannerImpl.java:601)
	at com.sun.org.apache.xerces.internal.impl.XMLNSDocumentScannerImpl.next(XMLNSDocumentScannerImpl.java:112)
	at com.sun.org.apache.xerces.internal.impl.XMLDocumentFragmentScannerImpl.scanDocument(XMLDocumentFragmentScannerImpl.java:504)
	at com.sun.org.apache.xerces.internal.parsers.XML11Configuration.parse(XML11Configuration.java:841)
	at com.sun.org.apache.xerces.internal.parsers.XML11Configuration.parse(XML11Configuration.java:770)
	at com.sun.org.apache.xerces.internal.parsers.XMLParser.parse(XMLParser.java:141)
	at com.sun.org.apache.xerces.internal.parsers.AbstractSAXParser.parse(AbstractSAXParser.java:1213)
	at net.sf.saxon.event.Sender.sendSAXSource(Sender.java:439)
	... 17 more
]]></system-err>
  </testcase>
  <testcase name="testSetTransformerProperties" classname="org.apache.nifi.processors.standard.TestEvaluateXQuery" time="0"/>
  <testcase name="testMatchesMultipleStringContent" classname="org.apache.nifi.processors.standard.TestEvaluateXQuery" time="0.007">
    <system-err><![CDATA[[pool-654-thread-1] INFO org.apache.nifi.processors.standard.EvaluateXQuery - EvaluateXQuery[id=e3ac0d77-d624-430b-bb37-8741c9479bd9] Successfully created 7 new FlowFiles from FlowFile[0,fruit.xml,1581B]; routing all to 'matched'
]]></system-err>
  </testcase>
  <testcase name="testFormatting" classname="org.apache.nifi.processors.standard.TestEvaluateXQuery" time="0.18">
    <system-err><![CDATA[[pool-655-thread-1] INFO org.apache.nifi.processors.standard.EvaluateXQuery - EvaluateXQuery[id=d4552290-08ba-4a53-a237-231e3b1bd709] Successfully updated content for FlowFile[0,fruit.xml,1B]; routing to 'matched'
[pool-656-thread-1] INFO org.apache.nifi.processors.standard.EvaluateXQuery - EvaluateXQuery[id=6dedf525-043a-4950-9f74-f39f963c75fa] Successfully updated content for FlowFile[0,fruit.xml,1B]; routing to 'matched'
[pool-657-thread-1] INFO org.apache.nifi.processors.standard.EvaluateXQuery - EvaluateXQuery[id=68f232ae-f0de-4ae0-9ed6-b4a50ea92564] Successfully updated content for FlowFile[0,fruit.xml,1B]; routing to 'matched'
[pool-658-thread-1] INFO org.apache.nifi.processors.standard.EvaluateXQuery - EvaluateXQuery[id=88bc1532-0c5a-48c6-8ae4-91c0ca3e7545] Successfully updated content for FlowFile[0,fruit.xml,1B]; routing to 'matched'
[pool-659-thread-1] INFO org.apache.nifi.processors.standard.EvaluateXQuery - EvaluateXQuery[id=c3a4c549-caa4-4405-9611-e352c8cad6ec] Successfully updated content for FlowFile[0,fruit.xml,1B]; routing to 'matched'
[pool-660-thread-1] INFO org.apache.nifi.processors.standard.EvaluateXQuery - EvaluateXQuery[id=f467dfef-71c7-4ca0-8d84-e085b594fd8b] Successfully updated content for FlowFile[0,fruit.xml,1B]; routing to 'matched'
[pool-661-thread-1] INFO org.apache.nifi.processors.standard.EvaluateXQuery - EvaluateXQuery[id=19046f79-510e-44bf-b316-2968ad7292e1] Successfully updated content for FlowFile[0,fruit.xml,1B]; routing to 'matched'
[pool-662-thread-1] INFO org.apache.nifi.processors.standard.EvaluateXQuery - EvaluateXQuery[id=cc9541f8-a5a8-4dfa-84a1-bd9d7e7c88d7] Successfully updated content for FlowFile[0,fruit.xml,1B]; routing to 'matched'
[pool-663-thread-1] INFO org.apache.nifi.processors.standard.EvaluateXQuery - EvaluateXQuery[id=f9e3337e-17a1-46a7-9ba9-469f3394c647] Successfully updated content for FlowFile[0,fruit.xml,1B]; routing to 'matched'
[pool-664-thread-1] INFO org.apache.nifi.processors.standard.EvaluateXQuery - EvaluateXQuery[id=e010dead-e6e1-4c08-be6a-49655feaab60] Successfully updated content for FlowFile[0,fruit.xml,1B]; routing to 'matched'
[pool-665-thread-1] INFO org.apache.nifi.processors.standard.EvaluateXQuery - EvaluateXQuery[id=d5f2769e-dd29-4516-802d-5e52a9f57fe9] Successfully updated content for FlowFile[0,fruit.xml,1B]; routing to 'matched'
[pool-666-thread-1] INFO org.apache.nifi.processors.standard.EvaluateXQuery - EvaluateXQuery[id=fbe84bd7-70d5-450b-9892-7dd1ad25923b] Successfully updated content for FlowFile[0,fruit.xml,1B]; routing to 'matched'
[pool-667-thread-1] INFO org.apache.nifi.processors.standard.EvaluateXQuery - EvaluateXQuery[id=60b11525-472d-488c-9e8d-177ae6b5145f] Successfully updated content for FlowFile[0,fruit.xml,5B]; routing to 'matched'
[pool-668-thread-1] INFO org.apache.nifi.processors.standard.EvaluateXQuery - EvaluateXQuery[id=443914d5-e8aa-44af-9c8a-03327796b060] Successfully updated content for FlowFile[0,fruit.xml,5B]; routing to 'matched'
[pool-669-thread-1] INFO org.apache.nifi.processors.standard.EvaluateXQuery - EvaluateXQuery[id=ea4bd429-318c-41ec-843a-8625d13d3230] Successfully updated content for FlowFile[0,fruit.xml,5B]; routing to 'matched'
[pool-670-thread-1] INFO org.apache.nifi.processors.standard.EvaluateXQuery - EvaluateXQuery[id=dbada89f-be4d-40ae-bede-70d80950ba69] Successfully updated content for FlowFile[0,fruit.xml,5B]; routing to 'matched'
[pool-671-thread-1] INFO org.apache.nifi.processors.standard.EvaluateXQuery - EvaluateXQuery[id=3fd6459d-72eb-43d9-95dc-1cd9e9202bd0] Successfully updated content for FlowFile[0,fruit.xml,5B]; routing to 'matched'
[pool-672-thread-1] INFO org.apache.nifi.processors.standard.EvaluateXQuery - EvaluateXQuery[id=e6d79d48-236c-462c-a2f0-2e10888d17e3] Successfully updated content for FlowFile[0,fruit.xml,5B]; routing to 'matched'
[pool-673-thread-1] INFO org.apache.nifi.processors.standard.EvaluateXQuery - EvaluateXQuery[id=a0e9cdab-7a33-45c0-be7d-f6c56888b3ab] Successfully updated content for FlowFile[0,fruit.xml,5B]; routing to 'matched'
[pool-674-thread-1] INFO org.apache.nifi.processors.standard.EvaluateXQuery - EvaluateXQuery[id=ea2ba7b5-9a8d-4dc6-ba70-cdb33e8259bd] Successfully updated content for FlowFile[0,fruit.xml,5B]; routing to 'matched'
[pool-675-thread-1] INFO org.apache.nifi.processors.standard.EvaluateXQuery - EvaluateXQuery[id=d592584d-535f-43f2-8510-3771744f25e7] Successfully updated content for FlowFile[0,fruit.xml,5B]; routing to 'matched'
[pool-676-thread-1] INFO org.apache.nifi.processors.standard.EvaluateXQuery - EvaluateXQuery[id=6cfdadbf-691c-40d1-a1b4-e1bd6c3c1d11] Successfully updated content for FlowFile[0,fruit.xml,5B]; routing to 'matched'
[pool-677-thread-1] INFO org.apache.nifi.processors.standard.EvaluateXQuery - EvaluateXQuery[id=b2f99ad1-a686-4eb9-9004-a830d45ad190] Successfully updated content for FlowFile[0,fruit.xml,5B]; routing to 'matched'
[pool-678-thread-1] INFO org.apache.nifi.processors.standard.EvaluateXQuery - EvaluateXQuery[id=dc7a76cd-1e29-4d13-afe7-bd2d4fc6076e] Successfully updated content for FlowFile[0,fruit.xml,5B]; routing to 'matched'
[pool-679-thread-1] INFO org.apache.nifi.processors.standard.EvaluateXQuery - EvaluateXQuery[id=4aab521b-d7cd-43a4-b59a-625e7b2bc52b] Successfully updated content for FlowFile[0,fruit.xml,196B]; routing to 'matched'
[pool-680-thread-1] INFO org.apache.nifi.processors.standard.EvaluateXQuery - EvaluateXQuery[id=5815a092-4505-4d6b-a5c8-fa4379da366b] Successfully updated content for FlowFile[0,fruit.xml,158B]; routing to 'matched'
[pool-681-thread-1] INFO org.apache.nifi.processors.standard.EvaluateXQuery - EvaluateXQuery[id=2b6bb819-f658-4f6b-8048-959e0d5f47d3] Successfully updated content for FlowFile[0,fruit.xml,40B]; routing to 'matched'
[pool-682-thread-1] INFO org.apache.nifi.processors.standard.EvaluateXQuery - EvaluateXQuery[id=cae93198-0d7d-41f8-89f4-ca8639d65320] Successfully updated content for FlowFile[0,fruit.xml,184B]; routing to 'matched'
[pool-683-thread-1] INFO org.apache.nifi.processors.standard.EvaluateXQuery - EvaluateXQuery[id=b17ab70e-1650-40d9-a71b-4d00e9e65329] Successfully updated content for FlowFile[0,fruit.xml,145B]; routing to 'matched'
]]></system-err>
  </testcase>
  <testcase name="testUnmatchedContent" classname="org.apache.nifi.processors.standard.TestEvaluateXQuery" time="0.004">
    <system-err><![CDATA[[pool-684-thread-1] INFO org.apache.nifi.processors.standard.EvaluateXQuery - EvaluateXQuery[id=3bdf064d-b5ef-47e4-b638-a8d6fef9acfa] Routing FlowFile[0,fruit.xml,1581B] to 'unmatched'
]]></system-err>
  </testcase>
  <testcase name="testNoXQueryContent" classname="org.apache.nifi.processors.standard.TestEvaluateXQuery" time="0"/>
  <testcase name="testWriteXmlToContent" classname="org.apache.nifi.processors.standard.TestEvaluateXQuery" time="0.005">
    <system-err><![CDATA[[pool-685-thread-1] INFO org.apache.nifi.processors.standard.EvaluateXQuery - EvaluateXQuery[id=8e36c245-5967-4dde-a0d3-066bf650b9d1] Successfully updated content for FlowFile[0,fruit.xml,86B]; routing to 'matched'
]]></system-err>
  </testcase>
  <testcase name="testRootPath" classname="org.apache.nifi.processors.standard.TestEvaluateXQuery" time="0.005">
    <system-err><![CDATA[[pool-686-thread-1] INFO org.apache.nifi.processors.standard.EvaluateXQuery - EvaluateXQuery[id=1b5e9a93-d678-4ab9-9299-383823316049] Successfully evaluated XQueries against FlowFile[0,fruit.xml,1581B] and found 1 matches; routing to matched
]]></system-err>
  </testcase>
  <testcase name="testWriteXmlToAttribute" classname="org.apache.nifi.processors.standard.TestEvaluateXQuery" time="0.006">
    <system-err><![CDATA[[pool-687-thread-1] INFO org.apache.nifi.processors.standard.EvaluateXQuery - EvaluateXQuery[id=aec05fe0-07a6-45c0-b4b6-8fcd82ba9aa1] Successfully evaluated XQueries against FlowFile[0,fruit.xml,1581B] and found 1 matches; routing to matched
]]></system-err>
  </testcase>
  <testcase name="testSuccessForEmbeddedDocTypeValidationDisabled" classname="org.apache.nifi.processors.standard.TestEvaluateXQuery" time="0.006">
    <system-err><![CDATA[[pool-688-thread-1] INFO org.apache.nifi.processors.standard.EvaluateXQuery - EvaluateXQuery[id=1fb7b420-c61a-4377-acf7-8881ace10bc0] Successfully updated content for FlowFile[0,xml-snippet-embedded-doctype.xml,5B]; routing to 'matched'
]]></system-err>
  </testcase>
  <testcase name="testMatchesMultipleStringAttribute" classname="org.apache.nifi.processors.standard.TestEvaluateXQuery" time="0.005">
    <system-err><![CDATA[[pool-689-thread-1] INFO org.apache.nifi.processors.standard.EvaluateXQuery - EvaluateXQuery[id=e03605d0-331b-41cf-b06c-fe90d650e214] Successfully evaluated XQueries against FlowFile[0,fruit.xml,1581B] and found 7 matches; routing to matched
]]></system-err>
  </testcase>
  <testcase name="testCheckIfElementExists" classname="org.apache.nifi.processors.standard.TestEvaluateXQuery" time="0.026">
    <system-err><![CDATA[[pool-690-thread-1] INFO org.apache.nifi.processors.standard.EvaluateXQuery - EvaluateXQuery[id=530fbf27-7790-4ebe-9706-b10b1592c91c] Successfully evaluated XQueries against FlowFile[0,fruit.xml,1581B] and found 2 matches; routing to matched
]]></system-err>
  </testcase>
  <testcase name="testSuccessForExternalDocTypeWithDocTypeValidationDisabled" classname="org.apache.nifi.processors.standard.TestEvaluateXQuery" time="0.005">
    <system-err><![CDATA[[pool-691-thread-1] INFO org.apache.nifi.processors.standard.EvaluateXQuery - EvaluateXQuery[id=17b1496b-5d6f-4ac1-931a-6242f6cd3e2f] Successfully updated content for FlowFile[0,xml-snippet-external-doctype.xml,5B]; routing to 'matched'
]]></system-err>
  </testcase>
  <testcase name="testSuccessForEmbeddedDocTypeValidation" classname="org.apache.nifi.processors.standard.TestEvaluateXQuery" time="0.005">
    <system-err><![CDATA[[pool-692-thread-1] INFO org.apache.nifi.processors.standard.EvaluateXQuery - EvaluateXQuery[id=57a5efa3-b5dc-4ede-a383-cabe3cca9292] Successfully updated content for FlowFile[0,xml-snippet-embedded-doctype.xml,5B]; routing to 'matched'
]]></system-err>
  </testcase>
  <testcase name="testXQueries" classname="org.apache.nifi.processors.standard.TestEvaluateXQuery" time="0.271">
    <system-err><![CDATA[[pool-693-thread-1] INFO org.apache.nifi.processors.standard.EvaluateXQuery - EvaluateXQuery[id=ad31c781-d410-4e18-a883-465a101caa1d] Successfully evaluated XQueries against FlowFile[0,fruit.xml,1581B] and found 1 matches; routing to matched
[pool-694-thread-1] INFO org.apache.nifi.processors.standard.EvaluateXQuery - EvaluateXQuery[id=aa21eeb0-1cb1-4e43-b99c-9a284e3aa67d] Successfully updated content for FlowFile[0,fruit.xml,1B]; routing to 'matched'
[pool-695-thread-1] INFO org.apache.nifi.processors.standard.EvaluateXQuery - EvaluateXQuery[id=1eb085cc-2cfa-405d-a79c-c2bd13568c28] Successfully evaluated XQueries against FlowFile[0,fruit.xml,1581B] and found 1 matches; routing to matched
[pool-696-thread-1] INFO org.apache.nifi.processors.standard.EvaluateXQuery - EvaluateXQuery[id=59fc887e-fcbe-4cb3-8e22-29d9bdce28a2] Successfully updated content for FlowFile[0,fruit.xml,1B]; routing to 'matched'
[pool-697-thread-1] INFO org.apache.nifi.processors.standard.EvaluateXQuery - EvaluateXQuery[id=b0f16113-b3a1-4f4c-bdda-7070f48f7f5f] Successfully evaluated XQueries against FlowFile[0,fruit.xml,1581B] and found 1 matches; routing to matched
[pool-698-thread-1] INFO org.apache.nifi.processors.standard.EvaluateXQuery - EvaluateXQuery[id=ccf11e6c-2e9a-4ab3-8817-9234d14d5af9] Successfully updated content for FlowFile[0,fruit.xml,1B]; routing to 'matched'
[pool-699-thread-1] INFO org.apache.nifi.processors.standard.EvaluateXQuery - EvaluateXQuery[id=d368c50e-41f0-4053-97b5-c34b84a1cf94] Successfully evaluated XQueries against FlowFile[0,fruit.xml,1581B] and found 1 matches; routing to matched
[pool-700-thread-1] INFO org.apache.nifi.processors.standard.EvaluateXQuery - EvaluateXQuery[id=0f1ccbd9-03ac-44d6-8b3b-ddc18730d60a] Successfully updated content for FlowFile[0,fruit.xml,4B]; routing to 'matched'
[pool-701-thread-1] INFO org.apache.nifi.processors.standard.EvaluateXQuery - EvaluateXQuery[id=db10db46-007a-410c-911f-a32c957536d8] Successfully evaluated XQueries against FlowFile[0,fruit.xml,1581B] and found 1 matches; routing to matched
[pool-702-thread-1] INFO org.apache.nifi.processors.standard.EvaluateXQuery - EvaluateXQuery[id=1fc8c998-2ebe-4e3f-8c0c-f5c5d0a55d78] Successfully updated content for FlowFile[0,fruit.xml,5B]; routing to 'matched'
[pool-703-thread-1] INFO org.apache.nifi.processors.standard.EvaluateXQuery - EvaluateXQuery[id=b4854bc4-725a-4733-86c5-e34f57ff0143] Successfully evaluated XQueries against FlowFile[0,fruit.xml,1581B] and found 1 matches; routing to matched
[pool-704-thread-1] INFO org.apache.nifi.processors.standard.EvaluateXQuery - EvaluateXQuery[id=92e7b002-e95b-4393-8af8-e3796f8fc804] Successfully updated content for FlowFile[0,fruit.xml,196B]; routing to 'matched'
[pool-705-thread-1] INFO org.apache.nifi.processors.standard.EvaluateXQuery - EvaluateXQuery[id=0c020d28-7c32-4096-9a88-2bcdb9547c24] Successfully evaluated XQueries against FlowFile[0,fruit.xml,1581B] and found 1 matches; routing to matched
[pool-706-thread-1] INFO org.apache.nifi.processors.standard.EvaluateXQuery - EvaluateXQuery[id=1d9a0f94-9af6-4bdb-b4e5-8cf0b09ed3b4] Successfully updated content for FlowFile[0,fruit.xml,131B]; routing to 'matched'
[pool-707-thread-1] INFO org.apache.nifi.processors.standard.EvaluateXQuery - EvaluateXQuery[id=fbe31cd1-da5a-4fd1-9d1d-ad9126d08d59] Successfully evaluated XQueries against FlowFile[0,fruit.xml,1581B] and found 1 matches; routing to matched
[pool-708-thread-1] INFO org.apache.nifi.processors.standard.EvaluateXQuery - EvaluateXQuery[id=013e9a8f-5f7a-43d6-8972-957b8a0d91ee] Successfully updated content for FlowFile[0,fruit.xml,209B]; routing to 'matched'
[pool-709-thread-1] INFO org.apache.nifi.processors.standard.EvaluateXQuery - EvaluateXQuery[id=bb5d639a-8689-4956-b86d-908d4cc311fa] Successfully evaluated XQueries against FlowFile[0,fruit.xml,1581B] and found 7 matches; routing to matched
[pool-710-thread-1] INFO org.apache.nifi.processors.standard.EvaluateXQuery - EvaluateXQuery[id=341ecb5b-40a0-4ee7-b429-428175d4b030] Successfully created 7 new FlowFiles from FlowFile[0,fruit.xml,1581B]; routing all to 'matched'
[pool-711-thread-1] INFO org.apache.nifi.processors.standard.EvaluateXQuery - EvaluateXQuery[id=a0f5e886-5974-4ee6-bc80-1137b7f219f5] Successfully evaluated XQueries against FlowFile[0,fruit.xml,1581B] and found 1 matches; routing to matched
[pool-712-thread-1] INFO org.apache.nifi.processors.standard.EvaluateXQuery - EvaluateXQuery[id=57d66034-eb45-4421-b5d7-f68a75c1ca37] Successfully updated content for FlowFile[0,fruit.xml,868B]; routing to 'matched'
[pool-713-thread-1] INFO org.apache.nifi.processors.standard.EvaluateXQuery - EvaluateXQuery[id=ca80c4ca-a19e-470b-b825-86dd393fce24] Successfully evaluated XQueries against FlowFile[0,fruit.xml,1581B] and found 7 matches; routing to matched
[pool-714-thread-1] INFO org.apache.nifi.processors.standard.EvaluateXQuery - EvaluateXQuery[id=369240ee-f220-45f9-b882-7ac06edd3b5f] Successfully created 7 new FlowFiles from FlowFile[0,fruit.xml,1581B]; routing all to 'matched'
[pool-715-thread-1] INFO org.apache.nifi.processors.standard.EvaluateXQuery - EvaluateXQuery[id=71d69364-cdfe-47a5-87fd-653b83e56431] Successfully evaluated XQueries against FlowFile[0,fruit.xml,1581B] and found 1 matches; routing to matched
[pool-716-thread-1] INFO org.apache.nifi.processors.standard.EvaluateXQuery - EvaluateXQuery[id=11af3431-64af-4ec9-a9d0-d28c5a1f9397] Successfully updated content for FlowFile[0,fruit.xml,5B]; routing to 'matched'
[pool-717-thread-1] INFO org.apache.nifi.processors.standard.EvaluateXQuery - EvaluateXQuery[id=fe2c0802-7dbf-4d40-a713-6b6d20c9598b] Successfully evaluated XQueries against FlowFile[0,fruit.xml,1581B] and found 1 matches; routing to matched
[pool-718-thread-1] INFO org.apache.nifi.processors.standard.EvaluateXQuery - EvaluateXQuery[id=3e603b06-1ea1-42f4-9ba7-03ce928b4ae1] Successfully updated content for FlowFile[0,fruit.xml,3B]; routing to 'matched'
[pool-719-thread-1] INFO org.apache.nifi.processors.standard.EvaluateXQuery - EvaluateXQuery[id=61db63b4-e118-403c-8d9a-3ff53dbbf9bb] Successfully evaluated XQueries against FlowFile[0,fruit.xml,1581B] and found 1 matches; routing to matched
[pool-720-thread-1] INFO org.apache.nifi.processors.standard.EvaluateXQuery - EvaluateXQuery[id=6601860f-3181-4e2f-a681-5169be30f497] Successfully updated content for FlowFile[0,fruit.xml,11B]; routing to 'matched'
[pool-721-thread-1] INFO org.apache.nifi.processors.standard.EvaluateXQuery - EvaluateXQuery[id=a573c6a5-e7b0-4137-a30d-ed8d6a510957] Successfully evaluated XQueries against FlowFile[0,fruit.xml,1581B] and found 1 matches; routing to matched
[pool-722-thread-1] INFO org.apache.nifi.processors.standard.EvaluateXQuery - EvaluateXQuery[id=284c7a0d-fa2a-433e-ac28-615e84242345] Successfully updated content for FlowFile[0,fruit.xml,11B]; routing to 'matched'
[pool-723-thread-1] INFO org.apache.nifi.processors.standard.EvaluateXQuery - EvaluateXQuery[id=04037420-1de7-41f3-b663-c77bce02609e] Successfully evaluated XQueries against FlowFile[0,fruit.xml,1581B] and found 7 matches; routing to matched
[pool-724-thread-1] INFO org.apache.nifi.processors.standard.EvaluateXQuery - EvaluateXQuery[id=913c0b1d-fda3-4989-9a01-1eb3739e49c4] Successfully created 7 new FlowFiles from FlowFile[0,fruit.xml,1581B]; routing all to 'matched'
[pool-725-thread-1] INFO org.apache.nifi.processors.standard.EvaluateXQuery - EvaluateXQuery[id=1d05305d-5aee-4b8c-b1fd-cdefc05de86a] Successfully evaluated XQueries against FlowFile[0,fruit.xml,1581B] and found 1 matches; routing to matched
[pool-726-thread-1] INFO org.apache.nifi.processors.standard.EvaluateXQuery - EvaluateXQuery[id=1cb43aad-9dad-4ecb-af11-10bbd776d95e] Successfully updated content for FlowFile[0,fruit.xml,95B]; routing to 'matched'
[pool-727-thread-1] INFO org.apache.nifi.processors.standard.EvaluateXQuery - EvaluateXQuery[id=fb395ac9-37c4-4113-a991-02f6d5feb730] Successfully evaluated XQueries against FlowFile[0,fruit.xml,1581B] and found 1 matches; routing to matched
[pool-728-thread-1] INFO org.apache.nifi.processors.standard.EvaluateXQuery - EvaluateXQuery[id=fb8104f2-a047-4389-ad85-02716c6c29cf] Successfully updated content for FlowFile[0,fruit.xml,95B]; routing to 'matched'
[pool-729-thread-1] INFO org.apache.nifi.processors.standard.EvaluateXQuery - EvaluateXQuery[id=384f2a56-9aa9-43f4-b128-531922d8547c] Successfully evaluated XQueries against FlowFile[0,fruit.xml,1581B] and found 1 matches; routing to matched
[pool-730-thread-1] INFO org.apache.nifi.processors.standard.EvaluateXQuery - EvaluateXQuery[id=1c0ef05d-beb2-4170-85f0-f5d43d8ba02d] Successfully updated content for FlowFile[0,fruit.xml,56B]; routing to 'matched'
[pool-731-thread-1] INFO org.apache.nifi.processors.standard.EvaluateXQuery - EvaluateXQuery[id=91efd0c3-5454-4d4b-a444-67c97ff5f005] Successfully evaluated XQueries against FlowFile[0,fruit.xml,1581B] and found 1 matches; routing to matched
[pool-732-thread-1] INFO org.apache.nifi.processors.standard.EvaluateXQuery - EvaluateXQuery[id=d63e420c-ff58-4f29-b4fb-b17b2644ea4c] Successfully updated content for FlowFile[0,fruit.xml,89B]; routing to 'matched'
[pool-733-thread-1] INFO org.apache.nifi.processors.standard.EvaluateXQuery - EvaluateXQuery[id=54e5f184-7457-42cb-9c0b-c3e82616e778] Successfully evaluated XQueries against FlowFile[0,fruit.xml,1581B] and found 1 matches; routing to matched
[pool-734-thread-1] INFO org.apache.nifi.processors.standard.EvaluateXQuery - EvaluateXQuery[id=a49916fb-e4d4-4b59-a9e3-d12116686a2b] Successfully updated content for FlowFile[0,fruit.xml,89B]; routing to 'matched'
[pool-735-thread-1] INFO org.apache.nifi.processors.standard.EvaluateXQuery - EvaluateXQuery[id=6b8ddb90-e425-4b0f-a4d2-476b2edb533d] Successfully evaluated XQueries against FlowFile[0,fruit.xml,1581B] and found 1 matches; routing to matched
[pool-736-thread-1] INFO org.apache.nifi.processors.standard.EvaluateXQuery - EvaluateXQuery[id=400683fa-ce74-480b-a536-95ca695d39c3] Successfully updated content for FlowFile[0,fruit.xml,5B]; routing to 'matched'
[pool-737-thread-1] INFO org.apache.nifi.processors.standard.EvaluateXQuery - EvaluateXQuery[id=1b441a80-5041-4807-b491-1bcb2474cd23] Successfully evaluated XQueries against FlowFile[0,fruit.xml,1581B] and found 1 matches; routing to matched
[pool-738-thread-1] INFO org.apache.nifi.processors.standard.EvaluateXQuery - EvaluateXQuery[id=7debeaab-20cb-4e82-a149-cbf807e087f7] Successfully updated content for FlowFile[0,fruit.xml,24B]; routing to 'matched'
[pool-739-thread-1] INFO org.apache.nifi.processors.standard.EvaluateXQuery - EvaluateXQuery[id=4280a81c-8404-42a2-bae9-22ce9f28e79f] Successfully evaluated XQueries against FlowFile[0,fruit.xml,1581B] and found 1 matches; routing to matched
[pool-740-thread-1] INFO org.apache.nifi.processors.standard.EvaluateXQuery - EvaluateXQuery[id=7212d6a5-2b52-4b3b-8b69-f2fd7794968f] Successfully updated content for FlowFile[0,fruit.xml,30B]; routing to 'matched'
]]></system-err>
  </testcase>
  <testcase name="testOneMatchOneUnmatchAttribute" classname="org.apache.nifi.processors.standard.TestEvaluateXQuery" time="0.004">
    <system-err><![CDATA[[pool-741-thread-1] INFO org.apache.nifi.processors.standard.EvaluateXQuery - EvaluateXQuery[id=95cac027-f166-4469-b37f-255ae08bbfb0] Successfully evaluated XQueries against FlowFile[0,fruit.xml,1581B] and found 7 matches; routing to matched
]]></system-err>
  </testcase>
  <testcase name="testMatchesMultipleXmlContent" classname="org.apache.nifi.processors.standard.TestEvaluateXQuery" time="0.007">
    <system-err><![CDATA[[pool-742-thread-1] INFO org.apache.nifi.processors.standard.EvaluateXQuery - EvaluateXQuery[id=f62a7941-3324-4eab-87c6-de82c7046252] Successfully created 7 new FlowFiles from FlowFile[0,fruit.xml,1581B]; routing all to 'matched'
]]></system-err>
  </testcase>
  <testcase name="testWriteStringToContent" classname="org.apache.nifi.processors.standard.TestEvaluateXQuery" time="0.003">
    <system-err><![CDATA[[pool-743-thread-1] INFO org.apache.nifi.processors.standard.EvaluateXQuery - EvaluateXQuery[id=7a2b5cc1-1a0f-44d9-8a03-874fbb361d28] Successfully updated content for FlowFile[0,fruit.xml,5B]; routing to 'matched'
]]></system-err>
  </testcase>
  <testcase name="testMultipleXPathForContent" classname="org.apache.nifi.processors.standard.TestEvaluateXQuery" time="0.001"/>
</testsuite>