<?xml version="1.0" encoding="UTF-8"?>
<testsuite xmlns:xsi="http://www.w3.org/2001/XMLSchema-instance" xsi:noNamespaceSchemaLocation="https://maven.apache.org/surefire/maven-surefire-plugin/xsd/surefire-test-report-3.0.xsd" version="3.0" name="org.apache.nifi.registry.security.ldap.tenants.LdapUserGroupProviderTest" time="4.035" tests="41" errors="0" skipped="0" failures="0">
  <properties>
    <property name="sun.desktop" value="gnome"/>
    <property name="awt.toolkit" value="sun.awt.X11.XToolkit"/>
    <property name="file.encoding.pkg" value="sun.io"/>
    <property name="java.specification.version" value="1.8"/>
    <property name="sun.cpu.isalist" value=""/>
    <property name="sun.jnu.encoding" value="UTF-8"/>
    <property name="java.class.path" value="/home/alex/Repositories/nifi/nifi-registry/nifi-registry-core/nifi-registry-framework/target/test-classes:/home/alex/Repositories/nifi/nifi-registry/nifi-registry-core/nifi-registry-framework/target/classes:/home/alex/Repositories/nifi/nifi-registry/nifi-registry-core/nifi-registry-data-model/target/classes:/home/alex/.m2/repository/io/swagger/swagger-annotations/1.5.16/swagger-annotations-1.5.16.jar:/home/alex/.m2/repository/javax/validation/validation-api/2.0.1.Final/validation-api-2.0.1.Final.jar:/home/alex/.m2/repository/javax/ws/rs/javax.ws.rs-api/2.1/javax.ws.rs-api-2.1.jar:/home/alex/Repositories/nifi/nifi-api/target/classes:/home/alex/Repositories/nifi/nifi-registry/nifi-registry-core/nifi-registry-revision/nifi-registry-revision-entity-model/target/classes:/home/alex/Repositories/nifi/nifi-registry/nifi-registry-core/nifi-registry-properties/target/classes:/home/alex/.m2/repository/org/apache/commons/commons-lang3/3.5/commons-lang3-3.5.jar:/home/alex/Repositories/nifi/nifi-commons/nifi-sensitive-property-provider/target/classes:/home/alex/Repositories/nifi/nifi-commons/nifi-properties/target/classes:/home/alex/Repositories/nifi/nifi-commons/nifi-property-utils/target/classes:/home/alex/Repositories/nifi/nifi-commons/nifi-security-utils/target/classes:/home/alex/Repositories/nifi/nifi-commons/nifi-utils/target/classes:/home/alex/Repositories/nifi/nifi-commons/nifi-security-utils-api/target/classes:/home/alex/Repositories/nifi/nifi-commons/nifi-security-kms/target/classes:/home/alex/.m2/repository/at/favre/lib/bcrypt/0.9.0/bcrypt-0.9.0.jar:/home/alex/.m2/repository/at/favre/lib/bytes/1.3.0/bytes-1.3.0.jar:/home/alex/.m2/repository/org/apache/commons/commons-configuration2/2.7/commons-configuration2-2.7.jar:/home/alex/.m2/repository/org/apache/commons/commons-text/1.8/commons-text-1.8.jar:/home/alex/.m2/repository/software/amazon/awssdk/kms/2.17.1/kms-2.17.1.jar:/home/alex/.m2/repository/software/amazon/awssdk/aws-json-protocol/2.17.1/aws-json-protocol-2.17.1.jar:/home/alex/.m2/repository/software/amazon/awssdk/third-party-jackson-core/2.17.1/third-party-jackson-core-2.17.1.jar:/home/alex/.m2/repository/software/amazon/awssdk/json-utils/2.17.1/json-utils-2.17.1.jar:/home/alex/.m2/repository/software/amazon/awssdk/protocol-core/2.17.1/protocol-core-2.17.1.jar:/home/alex/.m2/repository/software/amazon/awssdk/sdk-core/2.17.1/sdk-core-2.17.1.jar:/home/alex/.m2/repository/software/amazon/awssdk/profiles/2.17.1/profiles-2.17.1.jar:/home/alex/.m2/repository/org/reactivestreams/reactive-streams/1.0.3/reactive-streams-1.0.3.jar:/home/alex/.m2/repository/software/amazon/awssdk/auth/2.17.1/auth-2.17.1.jar:/home/alex/.m2/repository/software/amazon/eventstream/eventstream/1.0.1/eventstream-1.0.1.jar:/home/alex/.m2/repository/software/amazon/awssdk/http-client-spi/2.17.1/http-client-spi-2.17.1.jar:/home/alex/.m2/repository/software/amazon/awssdk/regions/2.17.1/regions-2.17.1.jar:/home/alex/.m2/repository/software/amazon/awssdk/annotations/2.17.1/annotations-2.17.1.jar:/home/alex/.m2/repository/software/amazon/awssdk/utils/2.17.1/utils-2.17.1.jar:/home/alex/.m2/repository/software/amazon/awssdk/aws-core/2.17.1/aws-core-2.17.1.jar:/home/alex/.m2/repository/software/amazon/awssdk/metrics-spi/2.17.1/metrics-spi-2.17.1.jar:/home/alex/.m2/repository/software/amazon/awssdk/secretsmanager/2.17.1/secretsmanager-2.17.1.jar:/home/alex/.m2/repository/com/azure/azure-security-keyvault-secrets/4.3.3/azure-security-keyvault-secrets-4.3.3.jar:/home/alex/.m2/repository/com/azure/azure-core/1.20.0/azure-core-1.20.0.jar:/home/alex/.m2/repository/com/fasterxml/jackson/datatype/jackson-datatype-jsr310/2.12.4/jackson-datatype-jsr310-2.12.4.jar:/home/alex/.m2/repository/io/projectreactor/reactor-core/3.4.9/reactor-core-3.4.9.jar:/home/alex/.m2/repository/com/azure/azure-security-keyvault-keys/4.3.3/azure-security-keyvault-keys-4.3.3.jar:/home/alex/.m2/repository/com/azure/azure-identity/1.3.4/azure-identity-1.3.4.jar:/home/alex/.m2/repository/com/microsoft/azure/msal4j/1.10.1/msal4j-1.10.1.jar:/home/alex/.m2/repository/com/nimbusds/oauth2-oidc-sdk/6.16.2/oauth2-oidc-sdk-6.16.2.jar:/home/alex/.m2/repository/com/sun/mail/javax.mail/1.6.1/javax.mail-1.6.1.jar:/home/alex/.m2/repository/javax/activation/activation/1.1/activation-1.1.jar:/home/alex/.m2/repository/com/github/stephenc/jcip/jcip-annotations/1.0-1/jcip-annotations-1.0-1.jar:/home/alex/.m2/repository/com/nimbusds/lang-tag/1.7/lang-tag-1.7.jar:/home/alex/.m2/repository/com/nimbusds/nimbus-jose-jwt/8.20/nimbus-jose-jwt-8.20.jar:/home/alex/.m2/repository/com/microsoft/azure/msal4j-persistence-extension/1.1.0/msal4j-persistence-extension-1.1.0.jar:/home/alex/.m2/repository/com/azure/azure-core-http-okhttp/1.7.1/azure-core-http-okhttp-1.7.1.jar:/home/alex/.m2/repository/com/squareup/okhttp3/okhttp/4.8.1/okhttp-4.8.1.jar:/home/alex/.m2/repository/com/squareup/okio/okio/2.7.0/okio-2.7.0.jar:/home/alex/.m2/repository/org/jetbrains/kotlin/kotlin-stdlib-common/1.3.70/kotlin-stdlib-common-1.3.70.jar:/home/alex/.m2/repository/org/jetbrains/kotlin/kotlin-stdlib/1.3.72/kotlin-stdlib-1.3.72.jar:/home/alex/.m2/repository/software/amazon/awssdk/url-connection-client/2.17.1/url-connection-client-2.17.1.jar:/home/alex/.m2/repository/com/google/cloud/google-cloud-kms/2.0.2/google-cloud-kms-2.0.2.jar:/home/alex/.m2/repository/io/grpc/grpc-api/1.40.0/grpc-api-1.40.0.jar:/home/alex/.m2/repository/io/grpc/grpc-context/1.40.0/grpc-context-1.40.0.jar:/home/alex/.m2/repository/com/google/code/findbugs/jsr305/3.0.2/jsr305-3.0.2.jar:/home/alex/.m2/repository/io/grpc/grpc-stub/1.40.0/grpc-stub-1.40.0.jar:/home/alex/.m2/repository/io/grpc/grpc-protobuf/1.40.0/grpc-protobuf-1.40.0.jar:/home/alex/.m2/repository/io/grpc/grpc-protobuf-lite/1.40.0/grpc-protobuf-lite-1.40.0.jar:/home/alex/.m2/repository/com/google/api/api-common/2.0.1/api-common-2.0.1.jar:/home/alex/.m2/repository/com/google/auto/value/auto-value-annotations/1.8.2/auto-value-annotations-1.8.2.jar:/home/alex/.m2/repository/com/google/api/grpc/proto-google-common-protos/2.3.2/proto-google-common-protos-2.3.2.jar:/home/alex/.m2/repository/com/google/api/grpc/proto-google-cloud-kms-v1/0.91.2/proto-google-cloud-kms-v1-0.91.2.jar:/home/alex/.m2/repository/com/google/guava/guava/28.0-jre/guava-28.0-jre.jar:/home/alex/.m2/repository/com/google/guava/failureaccess/1.0.1/failureaccess-1.0.1.jar:/home/alex/.m2/repository/com/google/guava/listenablefuture/9999.0-empty-to-avoid-conflict-with-guava/listenablefuture-9999.0-empty-to-avoid-conflict-with-guava.jar:/home/alex/.m2/repository/com/google/errorprone/error_prone_annotations/2.9.0/error_prone_annotations-2.9.0.jar:/home/alex/.m2/repository/com/google/j2objc/j2objc-annotations/1.3/j2objc-annotations-1.3.jar:/home/alex/.m2/repository/com/google/api/gax/2.3.0/gax-2.3.0.jar:/home/alex/.m2/repository/io/opencensus/opencensus-api/0.28.0/opencensus-api-0.28.0.jar:/home/alex/.m2/repository/com/google/api/gax-grpc/2.3.0/gax-grpc-2.3.0.jar:/home/alex/.m2/repository/com/google/auth/google-auth-library-credentials/1.1.0/google-auth-library-credentials-1.1.0.jar:/home/alex/.m2/repository/io/grpc/grpc-netty-shaded/1.40.0/grpc-netty-shaded-1.40.0.jar:/home/alex/.m2/repository/io/perfmark/perfmark-api/0.23.0/perfmark-api-0.23.0.jar:/home/alex/.m2/repository/io/grpc/grpc-core/1.40.0/grpc-core-1.40.0.jar:/home/alex/.m2/repository/com/google/android/annotations/4.1.1.4/annotations-4.1.1.4.jar:/home/alex/.m2/repository/org/codehaus/mojo/animal-sniffer-annotations/1.20/animal-sniffer-annotations-1.20.jar:/home/alex/.m2/repository/io/grpc/grpc-alts/1.40.0/grpc-alts-1.40.0.jar:/home/alex/.m2/repository/io/grpc/grpc-grpclb/1.40.0/grpc-grpclb-1.40.0.jar:/home/alex/.m2/repository/com/google/protobuf/protobuf-java-util/3.17.3/protobuf-java-util-3.17.3.jar:/home/alex/.m2/repository/org/conscrypt/conscrypt-openjdk-uber/2.5.1/conscrypt-openjdk-uber-2.5.1.jar:/home/alex/.m2/repository/org/threeten/threetenbp/1.5.1/threetenbp-1.5.1.jar:/home/alex/.m2/repository/io/grpc/grpc-auth/1.40.0/grpc-auth-1.40.0.jar:/home/alex/.m2/repository/com/google/api/grpc/proto-google-iam-v1/1.0.14/proto-google-iam-v1-1.0.14.jar:/home/alex/.m2/repository/com/google/auth/google-auth-library-oauth2-http/1.1.0/google-auth-library-oauth2-http-1.1.0.jar:/home/alex/.m2/repository/com/google/http-client/google-http-client/1.39.2/google-http-client-1.39.2.jar:/home/alex/.m2/repository/org/apache/httpcomponents/httpclient/4.5.13/httpclient-4.5.13.jar:/home/alex/.m2/repository/org/apache/httpcomponents/httpcore/4.4.14/httpcore-4.4.14.jar:/home/alex/.m2/repository/io/opencensus/opencensus-contrib-http-util/0.28.0/opencensus-contrib-http-util-0.28.0.jar:/home/alex/.m2/repository/com/google/http-client/google-http-client-gson/1.39.2/google-http-client-gson-1.39.2.jar:/home/alex/.m2/repository/com/google/code/gson/gson/2.8.8/gson-2.8.8.jar:/home/alex/Repositories/nifi/nifi-commons/nifi-vault-utils/target/classes:/home/alex/.m2/repository/org/springframework/vault/spring-vault-core/2.3.2/spring-vault-core-2.3.2.jar:/home/alex/Repositories/nifi/nifi-registry/nifi-registry-core/nifi-registry-utils/target/classes:/home/alex/Repositories/nifi/nifi-registry/nifi-registry-core/nifi-registry-provider-api/target/classes:/home/alex/Repositories/nifi/nifi-registry/nifi-registry-core/nifi-registry-security-api/target/classes:/home/alex/Repositories/nifi/nifi-registry/nifi-registry-core/nifi-registry-security-utils/target/classes:/home/alex/.m2/repository/org/bouncycastle/bcpkix-jdk15on/1.69/bcpkix-jdk15on-1.69.jar:/home/alex/Repositories/nifi/nifi-registry/nifi-registry-core/nifi-registry-bundle-utils/target/classes:/home/alex/.m2/repository/com/fasterxml/jackson/dataformat/jackson-dataformat-xml/2.12.3/jackson-dataformat-xml-2.12.3.jar:/home/alex/.m2/repository/org/codehaus/woodstox/stax2-api/4.2.1/stax2-api-4.2.1.jar:/home/alex/.m2/repository/com/fasterxml/woodstox/woodstox-core/6.2.4/woodstox-core-6.2.4.jar:/home/alex/Repositories/nifi/nifi-registry/nifi-registry-core/nifi-registry-flow-diff/target/classes:/home/alex/.m2/repository/javax/servlet/javax.servlet-api/3.1.0/javax.servlet-api-3.1.0.jar:/home/alex/.m2/repository/org/springframework/boot/spring-boot-starter-security/2.5.5/spring-boot-starter-security-2.5.5.jar:/home/alex/.m2/repository/org/springframework/boot/spring-boot-starter/2.5.5/spring-boot-starter-2.5.5.jar:/home/alex/.m2/repository/org/springframework/boot/spring-boot/2.5.5/spring-boot-2.5.5.jar:/home/alex/.m2/repository/org/springframework/boot/spring-boot-autoconfigure/2.5.5/spring-boot-autoconfigure-2.5.5.jar:/home/alex/.m2/repository/org/springframework/boot/spring-boot-starter-logging/2.5.5/spring-boot-starter-logging-2.5.5.jar:/home/alex/.m2/repository/ch/qos/logback/logback-classic/1.2.6/logback-classic-1.2.6.jar:/home/alex/.m2/repository/ch/qos/logback/logback-core/1.2.6/logback-core-1.2.6.jar:/home/alex/.m2/repository/org/apache/logging/log4j/log4j-to-slf4j/2.14.1/log4j-to-slf4j-2.14.1.jar:/home/alex/.m2/repository/org/apache/logging/log4j/log4j-api/2.14.1/log4j-api-2.14.1.jar:/home/alex/.m2/repository/org/slf4j/jul-to-slf4j/1.7.32/jul-to-slf4j-1.7.32.jar:/home/alex/.m2/repository/jakarta/annotation/jakarta.annotation-api/1.3.5/jakarta.annotation-api-1.3.5.jar:/home/alex/.m2/repository/org/springframework/spring-core/5.3.10/spring-core-5.3.10.jar:/home/alex/.m2/repository/org/springframework/spring-jcl/5.3.10/spring-jcl-5.3.10.jar:/home/alex/.m2/repository/org/springframework/spring-aop/5.3.10/spring-aop-5.3.10.jar:/home/alex/.m2/repository/org/springframework/spring-beans/5.3.10/spring-beans-5.3.10.jar:/home/alex/.m2/repository/org/springframework/security/spring-security-config/5.5.2/spring-security-config-5.5.2.jar:/home/alex/.m2/repository/org/springframework/security/spring-security-core/5.5.2/spring-security-core-5.5.2.jar:/home/alex/.m2/repository/org/springframework/security/spring-security-crypto/5.5.2/spring-security-crypto-5.5.2.jar:/home/alex/.m2/repository/org/springframework/spring-context/5.3.9/spring-context-5.3.9.jar:/home/alex/.m2/repository/org/springframework/security/spring-security-web/5.5.2/spring-security-web-5.5.2.jar:/home/alex/.m2/repository/org/springframework/spring-expression/5.3.9/spring-expression-5.3.9.jar:/home/alex/.m2/repository/org/springframework/spring-web/5.3.9/spring-web-5.3.9.jar:/home/alex/.m2/repository/org/springframework/security/spring-security-ldap/5.5.2/spring-security-ldap-5.5.2.jar:/home/alex/.m2/repository/org/springframework/ldap/spring-ldap-core/2.3.4.RELEASE/spring-ldap-core-2.3.4.RELEASE.jar:/home/alex/.m2/repository/org/bouncycastle/bcprov-jdk15on/1.69/bcprov-jdk15on-1.69.jar:/home/alex/.m2/repository/org/bouncycastle/bcpg-jdk15on/1.69/bcpg-jdk15on-1.69.jar:/home/alex/.m2/repository/commons-io/commons-io/2.10.0/commons-io-2.10.0.jar:/home/alex/.m2/repository/org/glassfish/javax.el/3.0.1-b08/javax.el-3.0.1-b08.jar:/home/alex/.m2/repository/org/springframework/boot/spring-boot-starter-data-jpa/2.5.5/spring-boot-starter-data-jpa-2.5.5.jar:/home/alex/.m2/repository/org/springframework/boot/spring-boot-starter-aop/2.5.5/spring-boot-starter-aop-2.5.5.jar:/home/alex/.m2/repository/org/aspectj/aspectjweaver/1.9.6/aspectjweaver-1.9.6.jar:/home/alex/.m2/repository/org/springframework/boot/spring-boot-starter-jdbc/2.5.5/spring-boot-starter-jdbc-2.5.5.jar:/home/alex/.m2/repository/com/zaxxer/HikariCP/4.0.3/HikariCP-4.0.3.jar:/home/alex/.m2/repository/org/springframework/spring-jdbc/5.3.10/spring-jdbc-5.3.10.jar:/home/alex/.m2/repository/org/springframework/spring-tx/5.3.10/spring-tx-5.3.10.jar:/home/alex/.m2/repository/jakarta/transaction/jakarta.transaction-api/1.3.3/jakarta.transaction-api-1.3.3.jar:/home/alex/.m2/repository/jakarta/persistence/jakarta.persistence-api/2.2.3/jakarta.persistence-api-2.2.3.jar:/home/alex/.m2/repository/org/springframework/spring-aspects/5.3.10/spring-aspects-5.3.10.jar:/home/alex/.m2/repository/org/springframework/boot/spring-boot-starter-validation/2.5.5/spring-boot-starter-validation-2.5.5.jar:/home/alex/.m2/repository/org/apache/tomcat/embed/tomcat-embed-el/9.0.53/tomcat-embed-el-9.0.53.jar:/home/alex/.m2/repository/org/hibernate/validator/hibernate-validator/6.2.0.Final/hibernate-validator-6.2.0.Final.jar:/home/alex/.m2/repository/jakarta/validation/jakarta.validation-api/2.0.2/jakarta.validation-api-2.0.2.jar:/home/alex/.m2/repository/org/jboss/logging/jboss-logging/3.4.1.Final/jboss-logging-3.4.1.Final.jar:/home/alex/.m2/repository/com/fasterxml/classmate/1.5.1/classmate-1.5.1.jar:/home/alex/.m2/repository/org/flywaydb/flyway-core/6.5.7/flyway-core-6.5.7.jar:/home/alex/.m2/repository/com/h2database/h2/1.4.199/h2-1.4.199.jar:/home/alex/.m2/repository/org/eclipse/jgit/org.eclipse.jgit/5.13.0.202109080827-r/org.eclipse.jgit-5.13.0.202109080827-r.jar:/home/alex/.m2/repository/com/googlecode/javaewah/JavaEWAH/1.1.12/JavaEWAH-1.1.12.jar:/home/alex/.m2/repository/org/eclipse/jgit/org.eclipse.jgit.gpg.bc/5.13.0.202109080827-r/org.eclipse.jgit.gpg.bc-5.13.0.202109080827-r.jar:/home/alex/.m2/repository/org/bouncycastle/bcutil-jdk15on/1.69/bcutil-jdk15on-1.69.jar:/home/alex/.m2/repository/org/eclipse/jgit/org.eclipse.jgit.ssh.apache/5.13.0.202109080827-r/org.eclipse.jgit.ssh.apache-5.13.0.202109080827-r.jar:/home/alex/.m2/repository/org/apache/sshd/sshd-osgi/2.7.0/sshd-osgi-2.7.0.jar:/home/alex/.m2/repository/org/slf4j/jcl-over-slf4j/1.7.32/jcl-over-slf4j-1.7.32.jar:/home/alex/.m2/repository/org/apache/sshd/sshd-sftp/2.7.0/sshd-sftp-2.7.0.jar:/home/alex/.m2/repository/org/apache/sshd/sshd-core/2.7.0/sshd-core-2.7.0.jar:/home/alex/.m2/repository/org/apache/sshd/sshd-common/2.7.0/sshd-common-2.7.0.jar:/home/alex/.m2/repository/net/i2p/crypto/eddsa/0.3.0/eddsa-0.3.0.jar:/home/alex/.m2/repository/commons-codec/commons-codec/1.12/commons-codec-1.12.jar:/home/alex/.m2/repository/com/jcraft/jsch/0.1.54/jsch-0.1.54.jar:/home/alex/.m2/repository/org/yaml/snakeyaml/1.29/snakeyaml-1.29.jar:/home/alex/.m2/repository/com/fasterxml/jackson/core/jackson-databind/2.12.3/jackson-databind-2.12.3.jar:/home/alex/.m2/repository/com/fasterxml/jackson/core/jackson-annotations/2.12.3/jackson-annotations-2.12.3.jar:/home/alex/.m2/repository/com/fasterxml/jackson/core/jackson-core/2.12.3/jackson-core-2.12.3.jar:/home/alex/.m2/repository/com/fasterxml/jackson/module/jackson-module-jaxb-annotations/2.12.3/jackson-module-jaxb-annotations-2.12.3.jar:/home/alex/.m2/repository/jakarta/xml/bind/jakarta.xml.bind-api/2.3.2/jakarta.xml.bind-api-2.3.2.jar:/home/alex/.m2/repository/jakarta/activation/jakarta.activation-api/1.2.1/jakarta.activation-api-1.2.1.jar:/home/alex/Repositories/nifi/nifi-registry/nifi-registry-core/nifi-registry-test/target/classes:/home/alex/.m2/repository/org/springframework/boot/spring-boot-starter-test/2.5.5/spring-boot-starter-test-2.5.5.jar:/home/alex/.m2/repository/org/springframework/boot/spring-boot-test/2.5.5/spring-boot-test-2.5.5.jar:/home/alex/.m2/repository/org/springframework/boot/spring-boot-test-autoconfigure/2.5.5/spring-boot-test-autoconfigure-2.5.5.jar:/home/alex/.m2/repository/com/jayway/jsonpath/json-path/2.5.0/json-path-2.5.0.jar:/home/alex/.m2/repository/net/minidev/json-smart/2.3/json-smart-2.3.jar:/home/alex/.m2/repository/net/minidev/accessors-smart/1.2/accessors-smart-1.2.jar:/home/alex/.m2/repository/org/ow2/asm/asm/5.0.4/asm-5.0.4.jar:/home/alex/.m2/repository/org/assertj/assertj-core/3.19.0/assertj-core-3.19.0.jar:/home/alex/.m2/repository/org/hamcrest/hamcrest/2.2/hamcrest-2.2.jar:/home/alex/.m2/repository/org/junit/jupiter/junit-jupiter/5.7.2/junit-jupiter-5.7.2.jar:/home/alex/.m2/repository/org/skyscreamer/jsonassert/1.5.0/jsonassert-1.5.0.jar:/home/alex/.m2/repository/com/vaadin/external/google/android-json/0.0.20131108.vaadin1/android-json-0.0.20131108.vaadin1.jar:/home/alex/.m2/repository/org/springframework/spring-test/5.3.10/spring-test-5.3.10.jar:/home/alex/.m2/repository/org/xmlunit/xmlunit-core/2.8.2/xmlunit-core-2.8.2.jar:/home/alex/.m2/repository/org/testcontainers/testcontainers/1.11.3/testcontainers-1.11.3.jar:/home/alex/.m2/repository/org/jetbrains/annotations/17.0.0/annotations-17.0.0.jar:/home/alex/.m2/repository/javax/annotation/javax.annotation-api/1.3.2/javax.annotation-api-1.3.2.jar:/home/alex/.m2/repository/org/apache/commons/commons-compress/1.18/commons-compress-1.18.jar:/home/alex/.m2/repository/javax/xml/bind/jaxb-api/2.3.1/jaxb-api-2.3.1.jar:/home/alex/.m2/repository/javax/activation/javax.activation-api/1.2.0/javax.activation-api-1.2.0.jar:/home/alex/.m2/repository/org/rnorth/duct-tape/duct-tape/1.0.7/duct-tape-1.0.7.jar:/home/alex/.m2/repository/org/rnorth/visible-assertions/visible-assertions/2.1.2/visible-assertions-2.1.2.jar:/home/alex/.m2/repository/net/java/dev/jna/jna/5.2.0/jna-5.2.0.jar:/home/alex/.m2/repository/org/rnorth/tcp-unix-socket-proxy/1.0.2/tcp-unix-socket-proxy-1.0.2.jar:/home/alex/.m2/repository/com/kohlschutter/junixsocket/junixsocket-native-common/2.0.4/junixsocket-native-common-2.0.4.jar:/home/alex/.m2/repository/org/scijava/native-lib-loader/2.0.2/native-lib-loader-2.0.2.jar:/home/alex/.m2/repository/com/kohlschutter/junixsocket/junixsocket-common/2.0.4/junixsocket-common-2.0.4.jar:/home/alex/.m2/repository/net/java/dev/jna/jna-platform/5.2.0/jna-platform-5.2.0.jar:/home/alex/.m2/repository/org/testcontainers/mysql/1.16.0/mysql-1.16.0.jar:/home/alex/.m2/repository/org/testcontainers/jdbc/1.16.0/jdbc-1.16.0.jar:/home/alex/.m2/repository/org/testcontainers/database-commons/1.16.0/database-commons-1.16.0.jar:/home/alex/.m2/repository/org/testcontainers/mariadb/1.16.0/mariadb-1.16.0.jar:/home/alex/.m2/repository/org/testcontainers/postgresql/1.16.0/postgresql-1.16.0.jar:/home/alex/.m2/repository/mysql/mysql-connector-java/8.0.15/mysql-connector-java-8.0.15.jar:/home/alex/.m2/repository/com/google/protobuf/protobuf-java/3.6.1/protobuf-java-3.6.1.jar:/home/alex/.m2/repository/org/mariadb/jdbc/mariadb-java-client/2.4.1/mariadb-java-client-2.4.1.jar:/home/alex/.m2/repository/org/postgresql/postgresql/42.2.19/postgresql-42.2.19.jar:/home/alex/.m2/repository/org/checkerframework/checker-qual/3.5.0/checker-qual-3.5.0.jar:/home/alex/.m2/repository/junit/junit/4.13.2/junit-4.13.2.jar:/home/alex/.m2/repository/org/hamcrest/hamcrest-core/1.3/hamcrest-core-1.3.jar:/home/alex/.m2/repository/org/flywaydb/flyway-test-extensions/flyway-spring-test/6.4.0/flyway-spring-test-6.4.0.jar:/home/alex/.m2/repository/org/flywaydb/flyway-test-extensions/flyway-test/6.4.0/flyway-test-6.4.0.jar:/home/alex/.m2/repository/commons-dbcp/commons-dbcp/1.4/commons-dbcp-1.4.jar:/home/alex/.m2/repository/commons-pool/commons-pool/1.5.4/commons-pool-1.5.4.jar:/home/alex/.m2/repository/org/mockito/mockito-core/2.28.2/mockito-core-2.28.2.jar:/home/alex/.m2/repository/net/bytebuddy/byte-buddy/1.9.10/byte-buddy-1.9.10.jar:/home/alex/.m2/repository/net/bytebuddy/byte-buddy-agent/1.9.10/byte-buddy-agent-1.9.10.jar:/home/alex/.m2/repository/org/objenesis/objenesis/2.6/objenesis-2.6.jar:/home/alex/.m2/repository/org/spockframework/spock-core/1.3-groovy-2.5/spock-core-1.3-groovy-2.5.jar:/home/alex/.m2/repository/org/codehaus/groovy/groovy-test/2.5.14/groovy-test-2.5.14.jar:/home/alex/.m2/repository/org/codehaus/groovy/groovy/2.5.14/groovy-2.5.14.jar:/home/alex/.m2/repository/cglib/cglib-nodep/2.2.2/cglib-nodep-2.2.2.jar:/home/alex/.m2/repository/org/apache/directory/server/apacheds-all/2.0.0-M24/apacheds-all-2.0.0-M24.jar:/home/alex/.m2/repository/org/slf4j/slf4j-api/1.7.32/slf4j-api-1.7.32.jar:/home/alex/.m2/repository/org/junit/jupiter/junit-jupiter-api/5.7.2/junit-jupiter-api-5.7.2.jar:/home/alex/.m2/repository/org/apiguardian/apiguardian-api/1.1.0/apiguardian-api-1.1.0.jar:/home/alex/.m2/repository/org/opentest4j/opentest4j/1.2.0/opentest4j-1.2.0.jar:/home/alex/.m2/repository/org/junit/platform/junit-platform-commons/1.7.2/junit-platform-commons-1.7.2.jar:/home/alex/.m2/repository/org/junit/jupiter/junit-jupiter-engine/5.7.2/junit-jupiter-engine-5.7.2.jar:/home/alex/.m2/repository/org/junit/platform/junit-platform-engine/1.7.2/junit-platform-engine-1.7.2.jar:/home/alex/.m2/repository/org/junit/vintage/junit-vintage-engine/5.7.2/junit-vintage-engine-5.7.2.jar:/home/alex/.m2/repository/org/junit/jupiter/junit-jupiter-params/5.7.2/junit-jupiter-params-5.7.2.jar:/home/alex/.m2/repository/org/mockito/mockito-junit-jupiter/3.11.2/mockito-junit-jupiter-3.11.2.jar:/home/alex/.m2/repository/org/slf4j/slf4j-simple/1.7.32/slf4j-simple-1.7.32.jar:"/>
    <property name="java.vm.vendor" value="Private Build"/>
    <property name="sun.arch.data.model" value="64"/>
    <property name="java.vendor.url" value="http://java.oracle.com/"/>
    <property name="user.timezone" value="Europe/Lisbon"/>
    <property name="user.country.format" value="PT"/>
    <property name="java.vm.specification.version" value="1.8"/>
    <property name="os.name" value="Linux"/>
    <property name="user.country" value="US"/>
    <property name="sun.java.launcher" value="SUN_STANDARD"/>
    <property name="sun.boot.library.path" value="/usr/lib/jvm/java-8-openjdk-amd64/jre/lib/amd64"/>
    <property name="sun.java.command" value="/home/alex/Repositories/nifi/nifi-registry/nifi-registry-core/nifi-registry-framework/target/surefire/surefirebooter1814076782484935491.jar /home/alex/Repositories/nifi/nifi-registry/nifi-registry-core/nifi-registry-framework/target/surefire 2024-05-02T03-24-57_521-jvmRun1 surefire6043999366477533788tmp surefire_62719079421971018540tmp"/>
    <property name="surefire.test.class.path" value="/home/alex/Repositories/nifi/nifi-registry/nifi-registry-core/nifi-registry-framework/target/test-classes:/home/alex/Repositories/nifi/nifi-registry/nifi-registry-core/nifi-registry-framework/target/classes:/home/alex/Repositories/nifi/nifi-registry/nifi-registry-core/nifi-registry-data-model/target/classes:/home/alex/.m2/repository/io/swagger/swagger-annotations/1.5.16/swagger-annotations-1.5.16.jar:/home/alex/.m2/repository/javax/validation/validation-api/2.0.1.Final/validation-api-2.0.1.Final.jar:/home/alex/.m2/repository/javax/ws/rs/javax.ws.rs-api/2.1/javax.ws.rs-api-2.1.jar:/home/alex/Repositories/nifi/nifi-api/target/classes:/home/alex/Repositories/nifi/nifi-registry/nifi-registry-core/nifi-registry-revision/nifi-registry-revision-entity-model/target/classes:/home/alex/Repositories/nifi/nifi-registry/nifi-registry-core/nifi-registry-properties/target/classes:/home/alex/.m2/repository/org/apache/commons/commons-lang3/3.5/commons-lang3-3.5.jar:/home/alex/Repositories/nifi/nifi-commons/nifi-sensitive-property-provider/target/classes:/home/alex/Repositories/nifi/nifi-commons/nifi-properties/target/classes:/home/alex/Repositories/nifi/nifi-commons/nifi-property-utils/target/classes:/home/alex/Repositories/nifi/nifi-commons/nifi-security-utils/target/classes:/home/alex/Repositories/nifi/nifi-commons/nifi-utils/target/classes:/home/alex/Repositories/nifi/nifi-commons/nifi-security-utils-api/target/classes:/home/alex/Repositories/nifi/nifi-commons/nifi-security-kms/target/classes:/home/alex/.m2/repository/at/favre/lib/bcrypt/0.9.0/bcrypt-0.9.0.jar:/home/alex/.m2/repository/at/favre/lib/bytes/1.3.0/bytes-1.3.0.jar:/home/alex/.m2/repository/org/apache/commons/commons-configuration2/2.7/commons-configuration2-2.7.jar:/home/alex/.m2/repository/org/apache/commons/commons-text/1.8/commons-text-1.8.jar:/home/alex/.m2/repository/software/amazon/awssdk/kms/2.17.1/kms-2.17.1.jar:/home/alex/.m2/repository/software/amazon/awssdk/aws-json-protocol/2.17.1/aws-json-protocol-2.17.1.jar:/home/alex/.m2/repository/software/amazon/awssdk/third-party-jackson-core/2.17.1/third-party-jackson-core-2.17.1.jar:/home/alex/.m2/repository/software/amazon/awssdk/json-utils/2.17.1/json-utils-2.17.1.jar:/home/alex/.m2/repository/software/amazon/awssdk/protocol-core/2.17.1/protocol-core-2.17.1.jar:/home/alex/.m2/repository/software/amazon/awssdk/sdk-core/2.17.1/sdk-core-2.17.1.jar:/home/alex/.m2/repository/software/amazon/awssdk/profiles/2.17.1/profiles-2.17.1.jar:/home/alex/.m2/repository/org/reactivestreams/reactive-streams/1.0.3/reactive-streams-1.0.3.jar:/home/alex/.m2/repository/software/amazon/awssdk/auth/2.17.1/auth-2.17.1.jar:/home/alex/.m2/repository/software/amazon/eventstream/eventstream/1.0.1/eventstream-1.0.1.jar:/home/alex/.m2/repository/software/amazon/awssdk/http-client-spi/2.17.1/http-client-spi-2.17.1.jar:/home/alex/.m2/repository/software/amazon/awssdk/regions/2.17.1/regions-2.17.1.jar:/home/alex/.m2/repository/software/amazon/awssdk/annotations/2.17.1/annotations-2.17.1.jar:/home/alex/.m2/repository/software/amazon/awssdk/utils/2.17.1/utils-2.17.1.jar:/home/alex/.m2/repository/software/amazon/awssdk/aws-core/2.17.1/aws-core-2.17.1.jar:/home/alex/.m2/repository/software/amazon/awssdk/metrics-spi/2.17.1/metrics-spi-2.17.1.jar:/home/alex/.m2/repository/software/amazon/awssdk/secretsmanager/2.17.1/secretsmanager-2.17.1.jar:/home/alex/.m2/repository/com/azure/azure-security-keyvault-secrets/4.3.3/azure-security-keyvault-secrets-4.3.3.jar:/home/alex/.m2/repository/com/azure/azure-core/1.20.0/azure-core-1.20.0.jar:/home/alex/.m2/repository/com/fasterxml/jackson/datatype/jackson-datatype-jsr310/2.12.4/jackson-datatype-jsr310-2.12.4.jar:/home/alex/.m2/repository/io/projectreactor/reactor-core/3.4.9/reactor-core-3.4.9.jar:/home/alex/.m2/repository/com/azure/azure-security-keyvault-keys/4.3.3/azure-security-keyvault-keys-4.3.3.jar:/home/alex/.m2/repository/com/azure/azure-identity/1.3.4/azure-identity-1.3.4.jar:/home/alex/.m2/repository/com/microsoft/azure/msal4j/1.10.1/msal4j-1.10.1.jar:/home/alex/.m2/repository/com/nimbusds/oauth2-oidc-sdk/6.16.2/oauth2-oidc-sdk-6.16.2.jar:/home/alex/.m2/repository/com/sun/mail/javax.mail/1.6.1/javax.mail-1.6.1.jar:/home/alex/.m2/repository/javax/activation/activation/1.1/activation-1.1.jar:/home/alex/.m2/repository/com/github/stephenc/jcip/jcip-annotations/1.0-1/jcip-annotations-1.0-1.jar:/home/alex/.m2/repository/com/nimbusds/lang-tag/1.7/lang-tag-1.7.jar:/home/alex/.m2/repository/com/nimbusds/nimbus-jose-jwt/8.20/nimbus-jose-jwt-8.20.jar:/home/alex/.m2/repository/com/microsoft/azure/msal4j-persistence-extension/1.1.0/msal4j-persistence-extension-1.1.0.jar:/home/alex/.m2/repository/com/azure/azure-core-http-okhttp/1.7.1/azure-core-http-okhttp-1.7.1.jar:/home/alex/.m2/repository/com/squareup/okhttp3/okhttp/4.8.1/okhttp-4.8.1.jar:/home/alex/.m2/repository/com/squareup/okio/okio/2.7.0/okio-2.7.0.jar:/home/alex/.m2/repository/org/jetbrains/kotlin/kotlin-stdlib-common/1.3.70/kotlin-stdlib-common-1.3.70.jar:/home/alex/.m2/repository/org/jetbrains/kotlin/kotlin-stdlib/1.3.72/kotlin-stdlib-1.3.72.jar:/home/alex/.m2/repository/software/amazon/awssdk/url-connection-client/2.17.1/url-connection-client-2.17.1.jar:/home/alex/.m2/repository/com/google/cloud/google-cloud-kms/2.0.2/google-cloud-kms-2.0.2.jar:/home/alex/.m2/repository/io/grpc/grpc-api/1.40.0/grpc-api-1.40.0.jar:/home/alex/.m2/repository/io/grpc/grpc-context/1.40.0/grpc-context-1.40.0.jar:/home/alex/.m2/repository/com/google/code/findbugs/jsr305/3.0.2/jsr305-3.0.2.jar:/home/alex/.m2/repository/io/grpc/grpc-stub/1.40.0/grpc-stub-1.40.0.jar:/home/alex/.m2/repository/io/grpc/grpc-protobuf/1.40.0/grpc-protobuf-1.40.0.jar:/home/alex/.m2/repository/io/grpc/grpc-protobuf-lite/1.40.0/grpc-protobuf-lite-1.40.0.jar:/home/alex/.m2/repository/com/google/api/api-common/2.0.1/api-common-2.0.1.jar:/home/alex/.m2/repository/com/google/auto/value/auto-value-annotations/1.8.2/auto-value-annotations-1.8.2.jar:/home/alex/.m2/repository/com/google/api/grpc/proto-google-common-protos/2.3.2/proto-google-common-protos-2.3.2.jar:/home/alex/.m2/repository/com/google/api/grpc/proto-google-cloud-kms-v1/0.91.2/proto-google-cloud-kms-v1-0.91.2.jar:/home/alex/.m2/repository/com/google/guava/guava/28.0-jre/guava-28.0-jre.jar:/home/alex/.m2/repository/com/google/guava/failureaccess/1.0.1/failureaccess-1.0.1.jar:/home/alex/.m2/repository/com/google/guava/listenablefuture/9999.0-empty-to-avoid-conflict-with-guava/listenablefuture-9999.0-empty-to-avoid-conflict-with-guava.jar:/home/alex/.m2/repository/com/google/errorprone/error_prone_annotations/2.9.0/error_prone_annotations-2.9.0.jar:/home/alex/.m2/repository/com/google/j2objc/j2objc-annotations/1.3/j2objc-annotations-1.3.jar:/home/alex/.m2/repository/com/google/api/gax/2.3.0/gax-2.3.0.jar:/home/alex/.m2/repository/io/opencensus/opencensus-api/0.28.0/opencensus-api-0.28.0.jar:/home/alex/.m2/repository/com/google/api/gax-grpc/2.3.0/gax-grpc-2.3.0.jar:/home/alex/.m2/repository/com/google/auth/google-auth-library-credentials/1.1.0/google-auth-library-credentials-1.1.0.jar:/home/alex/.m2/repository/io/grpc/grpc-netty-shaded/1.40.0/grpc-netty-shaded-1.40.0.jar:/home/alex/.m2/repository/io/perfmark/perfmark-api/0.23.0/perfmark-api-0.23.0.jar:/home/alex/.m2/repository/io/grpc/grpc-core/1.40.0/grpc-core-1.40.0.jar:/home/alex/.m2/repository/com/google/android/annotations/4.1.1.4/annotations-4.1.1.4.jar:/home/alex/.m2/repository/org/codehaus/mojo/animal-sniffer-annotations/1.20/animal-sniffer-annotations-1.20.jar:/home/alex/.m2/repository/io/grpc/grpc-alts/1.40.0/grpc-alts-1.40.0.jar:/home/alex/.m2/repository/io/grpc/grpc-grpclb/1.40.0/grpc-grpclb-1.40.0.jar:/home/alex/.m2/repository/com/google/protobuf/protobuf-java-util/3.17.3/protobuf-java-util-3.17.3.jar:/home/alex/.m2/repository/org/conscrypt/conscrypt-openjdk-uber/2.5.1/conscrypt-openjdk-uber-2.5.1.jar:/home/alex/.m2/repository/org/threeten/threetenbp/1.5.1/threetenbp-1.5.1.jar:/home/alex/.m2/repository/io/grpc/grpc-auth/1.40.0/grpc-auth-1.40.0.jar:/home/alex/.m2/repository/com/google/api/grpc/proto-google-iam-v1/1.0.14/proto-google-iam-v1-1.0.14.jar:/home/alex/.m2/repository/com/google/auth/google-auth-library-oauth2-http/1.1.0/google-auth-library-oauth2-http-1.1.0.jar:/home/alex/.m2/repository/com/google/http-client/google-http-client/1.39.2/google-http-client-1.39.2.jar:/home/alex/.m2/repository/org/apache/httpcomponents/httpclient/4.5.13/httpclient-4.5.13.jar:/home/alex/.m2/repository/org/apache/httpcomponents/httpcore/4.4.14/httpcore-4.4.14.jar:/home/alex/.m2/repository/io/opencensus/opencensus-contrib-http-util/0.28.0/opencensus-contrib-http-util-0.28.0.jar:/home/alex/.m2/repository/com/google/http-client/google-http-client-gson/1.39.2/google-http-client-gson-1.39.2.jar:/home/alex/.m2/repository/com/google/code/gson/gson/2.8.8/gson-2.8.8.jar:/home/alex/Repositories/nifi/nifi-commons/nifi-vault-utils/target/classes:/home/alex/.m2/repository/org/springframework/vault/spring-vault-core/2.3.2/spring-vault-core-2.3.2.jar:/home/alex/Repositories/nifi/nifi-registry/nifi-registry-core/nifi-registry-utils/target/classes:/home/alex/Repositories/nifi/nifi-registry/nifi-registry-core/nifi-registry-provider-api/target/classes:/home/alex/Repositories/nifi/nifi-registry/nifi-registry-core/nifi-registry-security-api/target/classes:/home/alex/Repositories/nifi/nifi-registry/nifi-registry-core/nifi-registry-security-utils/target/classes:/home/alex/.m2/repository/org/bouncycastle/bcpkix-jdk15on/1.69/bcpkix-jdk15on-1.69.jar:/home/alex/Repositories/nifi/nifi-registry/nifi-registry-core/nifi-registry-bundle-utils/target/classes:/home/alex/.m2/repository/com/fasterxml/jackson/dataformat/jackson-dataformat-xml/2.12.3/jackson-dataformat-xml-2.12.3.jar:/home/alex/.m2/repository/org/codehaus/woodstox/stax2-api/4.2.1/stax2-api-4.2.1.jar:/home/alex/.m2/repository/com/fasterxml/woodstox/woodstox-core/6.2.4/woodstox-core-6.2.4.jar:/home/alex/Repositories/nifi/nifi-registry/nifi-registry-core/nifi-registry-flow-diff/target/classes:/home/alex/.m2/repository/javax/servlet/javax.servlet-api/3.1.0/javax.servlet-api-3.1.0.jar:/home/alex/.m2/repository/org/springframework/boot/spring-boot-starter-security/2.5.5/spring-boot-starter-security-2.5.5.jar:/home/alex/.m2/repository/org/springframework/boot/spring-boot-starter/2.5.5/spring-boot-starter-2.5.5.jar:/home/alex/.m2/repository/org/springframework/boot/spring-boot/2.5.5/spring-boot-2.5.5.jar:/home/alex/.m2/repository/org/springframework/boot/spring-boot-autoconfigure/2.5.5/spring-boot-autoconfigure-2.5.5.jar:/home/alex/.m2/repository/org/springframework/boot/spring-boot-starter-logging/2.5.5/spring-boot-starter-logging-2.5.5.jar:/home/alex/.m2/repository/ch/qos/logback/logback-classic/1.2.6/logback-classic-1.2.6.jar:/home/alex/.m2/repository/ch/qos/logback/logback-core/1.2.6/logback-core-1.2.6.jar:/home/alex/.m2/repository/org/apache/logging/log4j/log4j-to-slf4j/2.14.1/log4j-to-slf4j-2.14.1.jar:/home/alex/.m2/repository/org/apache/logging/log4j/log4j-api/2.14.1/log4j-api-2.14.1.jar:/home/alex/.m2/repository/org/slf4j/jul-to-slf4j/1.7.32/jul-to-slf4j-1.7.32.jar:/home/alex/.m2/repository/jakarta/annotation/jakarta.annotation-api/1.3.5/jakarta.annotation-api-1.3.5.jar:/home/alex/.m2/repository/org/springframework/spring-core/5.3.10/spring-core-5.3.10.jar:/home/alex/.m2/repository/org/springframework/spring-jcl/5.3.10/spring-jcl-5.3.10.jar:/home/alex/.m2/repository/org/springframework/spring-aop/5.3.10/spring-aop-5.3.10.jar:/home/alex/.m2/repository/org/springframework/spring-beans/5.3.10/spring-beans-5.3.10.jar:/home/alex/.m2/repository/org/springframework/security/spring-security-config/5.5.2/spring-security-config-5.5.2.jar:/home/alex/.m2/repository/org/springframework/security/spring-security-core/5.5.2/spring-security-core-5.5.2.jar:/home/alex/.m2/repository/org/springframework/security/spring-security-crypto/5.5.2/spring-security-crypto-5.5.2.jar:/home/alex/.m2/repository/org/springframework/spring-context/5.3.9/spring-context-5.3.9.jar:/home/alex/.m2/repository/org/springframework/security/spring-security-web/5.5.2/spring-security-web-5.5.2.jar:/home/alex/.m2/repository/org/springframework/spring-expression/5.3.9/spring-expression-5.3.9.jar:/home/alex/.m2/repository/org/springframework/spring-web/5.3.9/spring-web-5.3.9.jar:/home/alex/.m2/repository/org/springframework/security/spring-security-ldap/5.5.2/spring-security-ldap-5.5.2.jar:/home/alex/.m2/repository/org/springframework/ldap/spring-ldap-core/2.3.4.RELEASE/spring-ldap-core-2.3.4.RELEASE.jar:/home/alex/.m2/repository/org/bouncycastle/bcprov-jdk15on/1.69/bcprov-jdk15on-1.69.jar:/home/alex/.m2/repository/org/bouncycastle/bcpg-jdk15on/1.69/bcpg-jdk15on-1.69.jar:/home/alex/.m2/repository/commons-io/commons-io/2.10.0/commons-io-2.10.0.jar:/home/alex/.m2/repository/org/glassfish/javax.el/3.0.1-b08/javax.el-3.0.1-b08.jar:/home/alex/.m2/repository/org/springframework/boot/spring-boot-starter-data-jpa/2.5.5/spring-boot-starter-data-jpa-2.5.5.jar:/home/alex/.m2/repository/org/springframework/boot/spring-boot-starter-aop/2.5.5/spring-boot-starter-aop-2.5.5.jar:/home/alex/.m2/repository/org/aspectj/aspectjweaver/1.9.6/aspectjweaver-1.9.6.jar:/home/alex/.m2/repository/org/springframework/boot/spring-boot-starter-jdbc/2.5.5/spring-boot-starter-jdbc-2.5.5.jar:/home/alex/.m2/repository/com/zaxxer/HikariCP/4.0.3/HikariCP-4.0.3.jar:/home/alex/.m2/repository/org/springframework/spring-jdbc/5.3.10/spring-jdbc-5.3.10.jar:/home/alex/.m2/repository/org/springframework/spring-tx/5.3.10/spring-tx-5.3.10.jar:/home/alex/.m2/repository/jakarta/transaction/jakarta.transaction-api/1.3.3/jakarta.transaction-api-1.3.3.jar:/home/alex/.m2/repository/jakarta/persistence/jakarta.persistence-api/2.2.3/jakarta.persistence-api-2.2.3.jar:/home/alex/.m2/repository/org/springframework/spring-aspects/5.3.10/spring-aspects-5.3.10.jar:/home/alex/.m2/repository/org/springframework/boot/spring-boot-starter-validation/2.5.5/spring-boot-starter-validation-2.5.5.jar:/home/alex/.m2/repository/org/apache/tomcat/embed/tomcat-embed-el/9.0.53/tomcat-embed-el-9.0.53.jar:/home/alex/.m2/repository/org/hibernate/validator/hibernate-validator/6.2.0.Final/hibernate-validator-6.2.0.Final.jar:/home/alex/.m2/repository/jakarta/validation/jakarta.validation-api/2.0.2/jakarta.validation-api-2.0.2.jar:/home/alex/.m2/repository/org/jboss/logging/jboss-logging/3.4.1.Final/jboss-logging-3.4.1.Final.jar:/home/alex/.m2/repository/com/fasterxml/classmate/1.5.1/classmate-1.5.1.jar:/home/alex/.m2/repository/org/flywaydb/flyway-core/6.5.7/flyway-core-6.5.7.jar:/home/alex/.m2/repository/com/h2database/h2/1.4.199/h2-1.4.199.jar:/home/alex/.m2/repository/org/eclipse/jgit/org.eclipse.jgit/5.13.0.202109080827-r/org.eclipse.jgit-5.13.0.202109080827-r.jar:/home/alex/.m2/repository/com/googlecode/javaewah/JavaEWAH/1.1.12/JavaEWAH-1.1.12.jar:/home/alex/.m2/repository/org/eclipse/jgit/org.eclipse.jgit.gpg.bc/5.13.0.202109080827-r/org.eclipse.jgit.gpg.bc-5.13.0.202109080827-r.jar:/home/alex/.m2/repository/org/bouncycastle/bcutil-jdk15on/1.69/bcutil-jdk15on-1.69.jar:/home/alex/.m2/repository/org/eclipse/jgit/org.eclipse.jgit.ssh.apache/5.13.0.202109080827-r/org.eclipse.jgit.ssh.apache-5.13.0.202109080827-r.jar:/home/alex/.m2/repository/org/apache/sshd/sshd-osgi/2.7.0/sshd-osgi-2.7.0.jar:/home/alex/.m2/repository/org/slf4j/jcl-over-slf4j/1.7.32/jcl-over-slf4j-1.7.32.jar:/home/alex/.m2/repository/org/apache/sshd/sshd-sftp/2.7.0/sshd-sftp-2.7.0.jar:/home/alex/.m2/repository/org/apache/sshd/sshd-core/2.7.0/sshd-core-2.7.0.jar:/home/alex/.m2/repository/org/apache/sshd/sshd-common/2.7.0/sshd-common-2.7.0.jar:/home/alex/.m2/repository/net/i2p/crypto/eddsa/0.3.0/eddsa-0.3.0.jar:/home/alex/.m2/repository/commons-codec/commons-codec/1.12/commons-codec-1.12.jar:/home/alex/.m2/repository/com/jcraft/jsch/0.1.54/jsch-0.1.54.jar:/home/alex/.m2/repository/org/yaml/snakeyaml/1.29/snakeyaml-1.29.jar:/home/alex/.m2/repository/com/fasterxml/jackson/core/jackson-databind/2.12.3/jackson-databind-2.12.3.jar:/home/alex/.m2/repository/com/fasterxml/jackson/core/jackson-annotations/2.12.3/jackson-annotations-2.12.3.jar:/home/alex/.m2/repository/com/fasterxml/jackson/core/jackson-core/2.12.3/jackson-core-2.12.3.jar:/home/alex/.m2/repository/com/fasterxml/jackson/module/jackson-module-jaxb-annotations/2.12.3/jackson-module-jaxb-annotations-2.12.3.jar:/home/alex/.m2/repository/jakarta/xml/bind/jakarta.xml.bind-api/2.3.2/jakarta.xml.bind-api-2.3.2.jar:/home/alex/.m2/repository/jakarta/activation/jakarta.activation-api/1.2.1/jakarta.activation-api-1.2.1.jar:/home/alex/Repositories/nifi/nifi-registry/nifi-registry-core/nifi-registry-test/target/classes:/home/alex/.m2/repository/org/springframework/boot/spring-boot-starter-test/2.5.5/spring-boot-starter-test-2.5.5.jar:/home/alex/.m2/repository/org/springframework/boot/spring-boot-test/2.5.5/spring-boot-test-2.5.5.jar:/home/alex/.m2/repository/org/springframework/boot/spring-boot-test-autoconfigure/2.5.5/spring-boot-test-autoconfigure-2.5.5.jar:/home/alex/.m2/repository/com/jayway/jsonpath/json-path/2.5.0/json-path-2.5.0.jar:/home/alex/.m2/repository/net/minidev/json-smart/2.3/json-smart-2.3.jar:/home/alex/.m2/repository/net/minidev/accessors-smart/1.2/accessors-smart-1.2.jar:/home/alex/.m2/repository/org/ow2/asm/asm/5.0.4/asm-5.0.4.jar:/home/alex/.m2/repository/org/assertj/assertj-core/3.19.0/assertj-core-3.19.0.jar:/home/alex/.m2/repository/org/hamcrest/hamcrest/2.2/hamcrest-2.2.jar:/home/alex/.m2/repository/org/junit/jupiter/junit-jupiter/5.7.2/junit-jupiter-5.7.2.jar:/home/alex/.m2/repository/org/skyscreamer/jsonassert/1.5.0/jsonassert-1.5.0.jar:/home/alex/.m2/repository/com/vaadin/external/google/android-json/0.0.20131108.vaadin1/android-json-0.0.20131108.vaadin1.jar:/home/alex/.m2/repository/org/springframework/spring-test/5.3.10/spring-test-5.3.10.jar:/home/alex/.m2/repository/org/xmlunit/xmlunit-core/2.8.2/xmlunit-core-2.8.2.jar:/home/alex/.m2/repository/org/testcontainers/testcontainers/1.11.3/testcontainers-1.11.3.jar:/home/alex/.m2/repository/org/jetbrains/annotations/17.0.0/annotations-17.0.0.jar:/home/alex/.m2/repository/javax/annotation/javax.annotation-api/1.3.2/javax.annotation-api-1.3.2.jar:/home/alex/.m2/repository/org/apache/commons/commons-compress/1.18/commons-compress-1.18.jar:/home/alex/.m2/repository/javax/xml/bind/jaxb-api/2.3.1/jaxb-api-2.3.1.jar:/home/alex/.m2/repository/javax/activation/javax.activation-api/1.2.0/javax.activation-api-1.2.0.jar:/home/alex/.m2/repository/org/rnorth/duct-tape/duct-tape/1.0.7/duct-tape-1.0.7.jar:/home/alex/.m2/repository/org/rnorth/visible-assertions/visible-assertions/2.1.2/visible-assertions-2.1.2.jar:/home/alex/.m2/repository/net/java/dev/jna/jna/5.2.0/jna-5.2.0.jar:/home/alex/.m2/repository/org/rnorth/tcp-unix-socket-proxy/1.0.2/tcp-unix-socket-proxy-1.0.2.jar:/home/alex/.m2/repository/com/kohlschutter/junixsocket/junixsocket-native-common/2.0.4/junixsocket-native-common-2.0.4.jar:/home/alex/.m2/repository/org/scijava/native-lib-loader/2.0.2/native-lib-loader-2.0.2.jar:/home/alex/.m2/repository/com/kohlschutter/junixsocket/junixsocket-common/2.0.4/junixsocket-common-2.0.4.jar:/home/alex/.m2/repository/net/java/dev/jna/jna-platform/5.2.0/jna-platform-5.2.0.jar:/home/alex/.m2/repository/org/testcontainers/mysql/1.16.0/mysql-1.16.0.jar:/home/alex/.m2/repository/org/testcontainers/jdbc/1.16.0/jdbc-1.16.0.jar:/home/alex/.m2/repository/org/testcontainers/database-commons/1.16.0/database-commons-1.16.0.jar:/home/alex/.m2/repository/org/testcontainers/mariadb/1.16.0/mariadb-1.16.0.jar:/home/alex/.m2/repository/org/testcontainers/postgresql/1.16.0/postgresql-1.16.0.jar:/home/alex/.m2/repository/mysql/mysql-connector-java/8.0.15/mysql-connector-java-8.0.15.jar:/home/alex/.m2/repository/com/google/protobuf/protobuf-java/3.6.1/protobuf-java-3.6.1.jar:/home/alex/.m2/repository/org/mariadb/jdbc/mariadb-java-client/2.4.1/mariadb-java-client-2.4.1.jar:/home/alex/.m2/repository/org/postgresql/postgresql/42.2.19/postgresql-42.2.19.jar:/home/alex/.m2/repository/org/checkerframework/checker-qual/3.5.0/checker-qual-3.5.0.jar:/home/alex/.m2/repository/junit/junit/4.13.2/junit-4.13.2.jar:/home/alex/.m2/repository/org/hamcrest/hamcrest-core/1.3/hamcrest-core-1.3.jar:/home/alex/.m2/repository/org/flywaydb/flyway-test-extensions/flyway-spring-test/6.4.0/flyway-spring-test-6.4.0.jar:/home/alex/.m2/repository/org/flywaydb/flyway-test-extensions/flyway-test/6.4.0/flyway-test-6.4.0.jar:/home/alex/.m2/repository/commons-dbcp/commons-dbcp/1.4/commons-dbcp-1.4.jar:/home/alex/.m2/repository/commons-pool/commons-pool/1.5.4/commons-pool-1.5.4.jar:/home/alex/.m2/repository/org/mockito/mockito-core/2.28.2/mockito-core-2.28.2.jar:/home/alex/.m2/repository/net/bytebuddy/byte-buddy/1.9.10/byte-buddy-1.9.10.jar:/home/alex/.m2/repository/net/bytebuddy/byte-buddy-agent/1.9.10/byte-buddy-agent-1.9.10.jar:/home/alex/.m2/repository/org/objenesis/objenesis/2.6/objenesis-2.6.jar:/home/alex/.m2/repository/org/spockframework/spock-core/1.3-groovy-2.5/spock-core-1.3-groovy-2.5.jar:/home/alex/.m2/repository/org/codehaus/groovy/groovy-test/2.5.14/groovy-test-2.5.14.jar:/home/alex/.m2/repository/org/codehaus/groovy/groovy/2.5.14/groovy-2.5.14.jar:/home/alex/.m2/repository/cglib/cglib-nodep/2.2.2/cglib-nodep-2.2.2.jar:/home/alex/.m2/repository/org/apache/directory/server/apacheds-all/2.0.0-M24/apacheds-all-2.0.0-M24.jar:/home/alex/.m2/repository/org/slf4j/slf4j-api/1.7.32/slf4j-api-1.7.32.jar:/home/alex/.m2/repository/org/junit/jupiter/junit-jupiter-api/5.7.2/junit-jupiter-api-5.7.2.jar:/home/alex/.m2/repository/org/apiguardian/apiguardian-api/1.1.0/apiguardian-api-1.1.0.jar:/home/alex/.m2/repository/org/opentest4j/opentest4j/1.2.0/opentest4j-1.2.0.jar:/home/alex/.m2/repository/org/junit/platform/junit-platform-commons/1.7.2/junit-platform-commons-1.7.2.jar:/home/alex/.m2/repository/org/junit/jupiter/junit-jupiter-engine/5.7.2/junit-jupiter-engine-5.7.2.jar:/home/alex/.m2/repository/org/junit/platform/junit-platform-engine/1.7.2/junit-platform-engine-1.7.2.jar:/home/alex/.m2/repository/org/junit/vintage/junit-vintage-engine/5.7.2/junit-vintage-engine-5.7.2.jar:/home/alex/.m2/repository/org/junit/jupiter/junit-jupiter-params/5.7.2/junit-jupiter-params-5.7.2.jar:/home/alex/.m2/repository/org/mockito/mockito-junit-jupiter/3.11.2/mockito-junit-jupiter-3.11.2.jar:/home/alex/.m2/repository/org/slf4j/slf4j-simple/1.7.32/slf4j-simple-1.7.32.jar:"/>
    <property name="sun.cpu.endian" value="little"/>
    <property name="user.home" value="/home/alex"/>
    <property name="user.language" value="en"/>
    <property name="java.specification.vendor" value="Oracle Corporation"/>
    <property name="java.home" value="/usr/lib/jvm/java-8-openjdk-amd64/jre"/>
    <property name="basedir" value="/home/alex/Repositories/nifi/nifi-registry/nifi-registry-core/nifi-registry-framework"/>
    <property name="file.separator" value="/"/>
    <property name="line.separator" value="&#10;"/>
    <property name="java.vm.specification.vendor" value="Oracle Corporation"/>
    <property name="java.specification.name" value="Java Platform API Specification"/>
    <property name="FILE_LOG_CHARSET" value="UTF-8"/>
    <property name="java.awt.graphicsenv" value="sun.awt.X11GraphicsEnvironment"/>
    <property name="java.awt.headless" value="true"/>
    <property name="surefire.real.class.path" value="/home/alex/Repositories/nifi/nifi-registry/nifi-registry-core/nifi-registry-framework/target/surefire/surefirebooter1814076782484935491.jar"/>
    <property name="sun.boot.class.path" value="/usr/lib/jvm/java-8-openjdk-amd64/jre/lib/resources.jar:/usr/lib/jvm/java-8-openjdk-amd64/jre/lib/rt.jar:/usr/lib/jvm/java-8-openjdk-amd64/jre/lib/sunrsasign.jar:/usr/lib/jvm/java-8-openjdk-amd64/jre/lib/jsse.jar:/usr/lib/jvm/java-8-openjdk-amd64/jre/lib/jce.jar:/usr/lib/jvm/java-8-openjdk-amd64/jre/lib/charsets.jar:/usr/lib/jvm/java-8-openjdk-amd64/jre/lib/jfr.jar:/usr/lib/jvm/java-8-openjdk-amd64/jre/classes"/>
    <property name="sun.management.compiler" value="HotSpot 64-Bit Tiered Compilers"/>
    <property name="java.runtime.version" value="1.8.0_402-8u402-ga-2ubuntu1~22.04-b06"/>
    <property name="java.net.preferIPv4Stack" value="true"/>
    <property name="user.name" value="alex"/>
    <property name="path.separator" value=":"/>
    <property name="os.version" value="6.5.0-28-generic"/>
    <property name="java.endorsed.dirs" value="/usr/lib/jvm/java-8-openjdk-amd64/jre/lib/endorsed"/>
    <property name="java.runtime.name" value="OpenJDK Runtime Environment"/>
    <property name="file.encoding" value="UTF-8"/>
    <property name="spring.beaninfo.ignore" value="true"/>
    <property name="java.vm.name" value="OpenJDK 64-Bit Server VM"/>
    <property name="localRepository" value="/home/alex/.m2/repository"/>
    <property name="java.vendor.url.bug" value="http://bugreport.sun.com/bugreport/"/>
    <property name="java.io.tmpdir" value="/tmp"/>
    <property name="com.zaxxer.hikari.pool_number" value="1"/>
    <property name="java.version" value="1.8.0_402"/>
    <property name="user.dir" value="/home/alex/Repositories/nifi/nifi-registry/nifi-registry-core/nifi-registry-framework"/>
    <property name="os.arch" value="amd64"/>
    <property name="java.vm.specification.name" value="Java Virtual Machine Specification"/>
    <property name="PID" value="3853729"/>
    <property name="java.awt.printerjob" value="sun.print.PSPrinterJob"/>
    <property name="user.language.format" value="pt"/>
    <property name="sun.os.patch.level" value="unknown"/>
    <property name="CONSOLE_LOG_CHARSET" value="UTF-8"/>
    <property name="java.library.path" value="/usr/java/packages/lib/amd64:/usr/lib/x86_64-linux-gnu/jni:/lib/x86_64-linux-gnu:/usr/lib/x86_64-linux-gnu:/usr/lib/jni:/lib:/usr/lib"/>
    <property name="java.vm.info" value="mixed mode"/>
    <property name="java.vendor" value="Private Build"/>
    <property name="java.vm.version" value="25.402-b06"/>
    <property name="java.specification.maintenance.version" value="5"/>
    <property name="java.ext.dirs" value="/usr/lib/jvm/java-8-openjdk-amd64/jre/lib/ext:/usr/java/packages/lib/ext"/>
    <property name="sun.io.unicode.encoding" value="UnicodeLittle"/>
    <property name="java.class.version" value="52.0"/>
  </properties>
  <testcase name="testSearchGroupsObjectSearchScope" classname="org.apache.nifi.registry.security.ldap.tenants.LdapUserGroupProviderTest" time="0.154">
    <system-out><![CDATA[5491 [main] INFO  o.a.d.a.l.c.o.DefaultLdapCodecService - Registered pre-bundled control factory: 1.3.6.1.4.1.18060.0.0.1
5492 [main] INFO  o.a.d.a.l.c.o.DefaultLdapCodecService - Registered pre-bundled control factory: 2.16.840.1.113730.3.4.7
5493 [main] INFO  o.a.d.a.l.c.o.DefaultLdapCodecService - Registered pre-bundled control factory: 2.16.840.1.113730.3.4.2
5493 [main] INFO  o.a.d.a.l.c.o.DefaultLdapCodecService - Registered pre-bundled control factory: 2.16.840.1.113730.3.4.18
5494 [main] INFO  o.a.d.a.l.c.o.DefaultLdapCodecService - Registered pre-bundled control factory: 1.2.840.113556.1.4.319
5494 [main] INFO  o.a.d.a.l.c.o.DefaultLdapCodecService - Registered pre-bundled control factory: 2.16.840.1.113730.3.4.3
5495 [main] INFO  o.a.d.a.l.c.o.DefaultLdapCodecService - Registered pre-bundled control factory: 1.3.6.1.4.1.4203.1.10.1
5495 [main] INFO  o.a.d.a.l.c.o.DefaultLdapCodecService - Registered pre-bundled control factory: 1.2.840.113556.1.4.473
5496 [main] INFO  o.a.d.a.l.c.o.DefaultLdapCodecService - Registered pre-bundled control factory: 1.2.840.113556.1.4.474
5497 [main] INFO  o.a.d.a.l.c.s.CodecFactoryUtil - Registered pre-bundled control factory: 1.3.6.1.4.1.18060.0.0.1
5497 [main] INFO  o.a.d.a.l.c.s.CodecFactoryUtil - Registered pre-bundled control factory: 2.16.840.1.113730.3.4.7
5497 [main] INFO  o.a.d.a.l.c.s.CodecFactoryUtil - Registered pre-bundled control factory: 2.16.840.1.113730.3.4.2
5497 [main] INFO  o.a.d.a.l.c.s.CodecFactoryUtil - Registered pre-bundled control factory: 2.16.840.1.113730.3.4.18
5497 [main] INFO  o.a.d.a.l.c.s.CodecFactoryUtil - Registered pre-bundled control factory: 1.2.840.113556.1.4.319
5497 [main] INFO  o.a.d.a.l.c.s.CodecFactoryUtil - Registered pre-bundled control factory: 2.16.840.1.113730.3.4.3
5497 [main] INFO  o.a.d.a.l.c.s.CodecFactoryUtil - Registered pre-bundled control factory: 1.3.6.1.4.1.4203.1.10.1
5497 [main] INFO  o.a.d.a.l.c.s.CodecFactoryUtil - Registered pre-bundled control factory: 1.3.6.1.4.1.42.2.27.8.5.1
5498 [main] INFO  o.a.d.a.l.c.s.CodecFactoryUtil - Registered pre-bundled control factory: 2.16.840.1.113730.3.4.9
5499 [main] INFO  o.a.d.a.l.c.s.CodecFactoryUtil - Registered pre-bundled control factory: 2.16.840.1.113730.3.4.10
5499 [main] INFO  o.a.d.a.l.c.s.CodecFactoryUtil - Registered pre-bundled control factory: 1.3.6.1.4.1.4203.1.9.1.3
5499 [main] INFO  o.a.d.a.l.c.s.CodecFactoryUtil - Registered pre-bundled control factory: 1.3.6.1.4.1.4203.1.9.1.4
5500 [main] INFO  o.a.d.a.l.c.s.CodecFactoryUtil - Registered pre-bundled control factory: 1.3.6.1.4.1.4203.1.9.1.1
5500 [main] INFO  o.a.d.a.l.c.s.CodecFactoryUtil - Registered pre-bundled control factory: 1.3.6.1.4.1.4203.1.9.1.2
5500 [main] INFO  o.a.d.a.l.c.s.CodecFactoryUtil - Registered pre-bundled control factory: 1.2.840.113556.1.4.473
5501 [main] INFO  o.a.d.a.l.c.s.CodecFactoryUtil - Registered pre-bundled control factory: 1.2.840.113556.1.4.474
5501 [main] INFO  o.a.d.a.l.c.s.CodecFactoryUtil - Registered pre-bundled control factory: 1.2.840.113556.1.4.841
5502 [main] INFO  o.a.d.a.l.c.s.CodecFactoryUtil - Registered pre-bundled control factory: 1.2.840.113556.1.4.417
5503 [main] INFO  o.a.d.a.l.c.s.CodecFactoryUtil - Registered pre-bundled control factory: 1.2.840.113556.1.4.1413
5504 [main] INFO  o.a.d.a.l.c.s.CodecFactoryUtil - Registered pre-bundled control factory: 1.2.840.113556.1.4.528
5505 [main] INFO  o.a.d.a.l.c.s.CodecFactoryUtil - Registered pre-bundled extended operation factory: 1.3.6.1.1.8
5507 [main] INFO  o.a.d.a.l.c.s.CodecFactoryUtil - Registered pre-bundled extended operation factory: 1.3.6.1.4.1.18060.0.1.8
5508 [main] INFO  o.a.d.a.l.c.s.CodecFactoryUtil - Registered pre-bundled extended operation factory: 1.3.6.1.4.1.18060.0.1.3
5509 [main] INFO  o.a.d.a.l.c.s.CodecFactoryUtil - Registered pre-bundled extended operation factory: 1.3.6.1.4.1.18060.0.1.6
5510 [main] INFO  o.a.d.a.l.c.s.CodecFactoryUtil - Registered pre-bundled extended operation factory: 1.3.6.1.4.1.18060.0.1.5
5512 [main] INFO  o.a.d.a.l.c.s.CodecFactoryUtil - Registered pre-bundled extended operation factory: 1.3.6.1.4.1.4203.1.11.1
5513 [main] INFO  o.a.d.a.l.c.s.CodecFactoryUtil - Registered pre-bundled extended operation factory: 1.3.6.1.4.1.4203.1.11.3
5515 [main] INFO  o.a.d.a.l.c.s.CodecFactoryUtil - Registered pre-bundled extended operation factory: 1.3.6.1.4.1.1466.20037
5602 [main] INFO  o.a.d.s.c.a.CacheService - no custom cache configuration was set, loading the default cache configuration
5855 [main] INFO  o.a.d.a.l.s.e.i.DefaultSchemaLdifExtractor - Schema directory '/tmp/server-work-nifi-example/partitions/schema' does NOT exist: extracted state set to false.
6294 [main] INFO  o.a.d.a.l.m.l.LdifReader - No version information : assuming version: 1
6320 [main] INFO  o.a.d.a.l.s.m.i.DefaultSchemaManager - Loading system enabled schema: 
	Schema Name: system
		Disabled: false
		Owner: uid=admin,ou=system
		Dependencies: []
		SchemaLoader : LdifSchemaLoader
6496 [main] INFO  o.a.d.a.l.s.m.i.DefaultSchemaManager - Loading core enabled schema: 
	Schema Name: core
		Disabled: false
		Owner: uid=admin,ou=system
		Dependencies: [system]
		SchemaLoader : LdifSchemaLoader
6509 [main] INFO  o.a.d.a.l.s.m.i.DefaultSchemaManager - system schema has already been loaded
6510 [main] INFO  o.a.d.a.l.s.m.i.DefaultSchemaManager - core schema has already been loaded
6510 [main] INFO  o.a.d.a.l.s.m.i.DefaultSchemaManager - system schema has already been loaded
6510 [main] INFO  o.a.d.a.l.s.m.i.DefaultSchemaManager - Loading apache enabled schema: 
	Schema Name: apache
		Disabled: false
		Owner: uid=admin,ou=system
		Dependencies: [core, system]
		SchemaLoader : LdifSchemaLoader
6526 [main] INFO  o.a.d.a.l.s.m.i.DefaultSchemaManager - system schema has already been loaded
6526 [main] INFO  o.a.d.a.l.s.m.i.DefaultSchemaManager - Loading apachemeta enabled schema: 
	Schema Name: apachemeta
		Disabled: false
		Owner: uid=admin,ou=system
		Dependencies: [system]
		SchemaLoader : LdifSchemaLoader
6537 [main] INFO  o.a.d.a.l.s.m.i.DefaultSchemaManager - Loading other enabled schema: 
	Schema Name: other
		Disabled: false
		Owner: uid=admin,ou=system
		Dependencies: [core, system, apache, apachemeta]
		SchemaLoader : LdifSchemaLoader
6537 [main] INFO  o.a.d.a.l.s.m.i.DefaultSchemaManager - core schema has already been loaded
6537 [main] INFO  o.a.d.a.l.s.m.i.DefaultSchemaManager - system schema has already been loaded
6537 [main] INFO  o.a.d.a.l.s.m.i.DefaultSchemaManager - core schema has already been loaded
6537 [main] INFO  o.a.d.a.l.s.m.i.DefaultSchemaManager - system schema has already been loaded
6537 [main] INFO  o.a.d.a.l.s.m.i.DefaultSchemaManager - Loading cosine enabled schema: 
	Schema Name: cosine
		Disabled: false
		Owner: uid=admin,ou=system
		Dependencies: [core, system]
		SchemaLoader : LdifSchemaLoader
6543 [main] INFO  o.a.d.a.l.s.m.i.DefaultSchemaManager - Loading inetorgperson enabled schema: 
	Schema Name: inetorgperson
		Disabled: false
		Owner: uid=admin,ou=system
		Dependencies: [core, system, cosine]
		SchemaLoader : LdifSchemaLoader
6545 [main] INFO  o.a.d.a.l.s.m.i.DefaultSchemaManager - apachemeta schema has already been loaded
6545 [main] INFO  o.a.d.a.l.s.m.i.DefaultSchemaManager - core schema has already been loaded
6545 [main] INFO  o.a.d.a.l.s.m.i.DefaultSchemaManager - system schema has already been loaded
6545 [main] INFO  o.a.d.a.l.s.m.i.DefaultSchemaManager - Loading krb5kdc enabled schema: 
	Schema Name: krb5kdc
		Disabled: false
		Owner: uid=admin,ou=system
		Dependencies: [core, system]
		SchemaLoader : LdifSchemaLoader
6547 [main] INFO  o.a.d.a.l.s.m.i.DefaultSchemaManager - core schema has already been loaded
6547 [main] INFO  o.a.d.a.l.s.m.i.DefaultSchemaManager - system schema has already been loaded
6547 [main] INFO  o.a.d.a.l.s.m.i.DefaultSchemaManager - core schema has already been loaded
6547 [main] INFO  o.a.d.a.l.s.m.i.DefaultSchemaManager - system schema has already been loaded
6547 [main] INFO  o.a.d.a.l.s.m.i.DefaultSchemaManager - Loading java enabled schema: 
	Schema Name: java
		Disabled: false
		Owner: uid=admin,ou=system
		Dependencies: [core, system]
		SchemaLoader : LdifSchemaLoader
6549 [main] INFO  o.a.d.a.l.s.m.i.DefaultSchemaManager - apache schema has already been loaded
6549 [main] INFO  o.a.d.a.l.s.m.i.DefaultSchemaManager - system schema has already been loaded
6549 [main] INFO  o.a.d.a.l.s.m.i.DefaultSchemaManager - Loading pwdpolicy enabled schema: 
	Schema Name: pwdpolicy
		Disabled: false
		Owner: uid=admin,ou=system
		Dependencies: [system]
		SchemaLoader : LdifSchemaLoader
6553 [main] INFO  o.a.d.a.l.s.m.i.DefaultSchemaManager - cosine schema has already been loaded
6553 [main] INFO  o.a.d.a.l.s.m.i.DefaultSchemaManager - core schema has already been loaded
6553 [main] INFO  o.a.d.a.l.s.m.i.DefaultSchemaManager - system schema has already been loaded
6553 [main] INFO  o.a.d.a.l.s.m.i.DefaultSchemaManager - Loading collective enabled schema: 
	Schema Name: collective
		Disabled: false
		Owner: uid=admin,ou=system
		Dependencies: [core, system]
		SchemaLoader : LdifSchemaLoader
6555 [main] INFO  o.a.d.a.l.s.m.i.DefaultSchemaManager - core schema has already been loaded
6555 [main] INFO  o.a.d.a.l.s.m.i.DefaultSchemaManager - apache schema has already been loaded
6555 [main] INFO  o.a.d.a.l.s.m.i.DefaultSchemaManager - system schema has already been loaded
6555 [main] INFO  o.a.d.a.l.s.m.i.DefaultSchemaManager - Loading adsconfig enabled schema: 
	Schema Name: adsconfig
		Disabled: false
		Owner: uid=admin,ou=system
		Dependencies: [core, apache, system]
		SchemaLoader : LdifSchemaLoader
6561 [main] INFO  o.a.d.a.l.m.l.LdifReader - No version information : assuming version: 1
6562 [main] INFO  o.a.d.a.l.m.l.LdifReader - No version information : assuming version: 1
6563 [main] INFO  o.a.d.a.l.m.l.LdifReader - No version information : assuming version: 1
6565 [main] INFO  o.a.d.a.l.m.l.LdifReader - No version information : assuming version: 1
6567 [main] INFO  o.a.d.a.l.m.l.LdifReader - No version information : assuming version: 1
6569 [main] INFO  o.a.d.a.l.m.l.LdifReader - No version information : assuming version: 1
6569 [main] INFO  o.a.d.a.l.m.l.LdifReader - No version information : assuming version: 1
6570 [main] INFO  o.a.d.a.l.m.l.LdifReader - No version information : assuming version: 1
6570 [main] INFO  o.a.d.a.l.m.l.LdifReader - No version information : assuming version: 1
6575 [main] INFO  o.a.d.a.l.m.l.LdifReader - No version information : assuming version: 1
6576 [main] INFO  o.a.d.a.l.m.l.LdifReader - No version information : assuming version: 1
6636 [main] WARN  o.a.d.s.c.DefaultDirectoryService - ApacheDS shutdown hook has NOT been registered with the runtime.  This default setting for standalone operation has been overriden.
6638 [main] INFO  o.a.d.s.c.a.CacheService - fetching the cache named dnCache
6654 [main] INFO  o.a.d.s.c.a.CacheService - fetching the cache named alias
6654 [main] INFO  o.a.d.s.c.a.CacheService - No cache with name alias exists, creating one
6659 [main] INFO  o.a.d.s.c.a.CacheService - fetching the cache named piar
6659 [main] INFO  o.a.d.s.c.a.CacheService - No cache with name piar exists, creating one
6662 [main] INFO  o.a.d.s.c.a.CacheService - fetching the cache named entryDn
6662 [main] INFO  o.a.d.s.c.a.CacheService - No cache with name entryDn exists, creating one
6687 [main] INFO  o.a.d.a.l.m.l.LdifReader - No version information : assuming version: 1
6756 [main] INFO  o.a.d.a.l.m.e.AbstractValue - ERR_04447_CANNOT_NORMALIZE_VALUE Cannot normalize the wrapped value ERR_04226 I do not know how to handle NameAndOptionalUID normalization with objects of class: sambaAcctFlags
6757 [main] INFO  o.a.d.a.l.m.e.AbstractValue - ERR_04447_CANNOT_NORMALIZE_VALUE Cannot normalize the wrapped value ERR_04226 I do not know how to handle NameAndOptionalUID normalization with objects of class: sambaBadPasswordCount
6757 [main] INFO  o.a.d.a.l.m.e.AbstractValue - ERR_04447_CANNOT_NORMALIZE_VALUE Cannot normalize the wrapped value ERR_04226 I do not know how to handle NameAndOptionalUID normalization with objects of class: sambaBadPasswordTime
6757 [main] INFO  o.a.d.a.l.m.e.AbstractValue - ERR_04447_CANNOT_NORMALIZE_VALUE Cannot normalize the wrapped value ERR_04226 I do not know how to handle NameAndOptionalUID normalization with objects of class: sambaDomainName
6757 [main] INFO  o.a.d.a.l.m.e.AbstractValue - ERR_04447_CANNOT_NORMALIZE_VALUE Cannot normalize the wrapped value ERR_04226 I do not know how to handle NameAndOptionalUID normalization with objects of class: sambaHomeDrive
6757 [main] INFO  o.a.d.a.l.m.e.AbstractValue - ERR_04447_CANNOT_NORMALIZE_VALUE Cannot normalize the wrapped value ERR_04226 I do not know how to handle NameAndOptionalUID normalization with objects of class: sambaHomePath
6758 [main] INFO  o.a.d.a.l.m.e.AbstractValue - ERR_04447_CANNOT_NORMALIZE_VALUE Cannot normalize the wrapped value ERR_04226 I do not know how to handle NameAndOptionalUID normalization with objects of class: sambaKickoffTime
6758 [main] INFO  o.a.d.a.l.m.e.AbstractValue - ERR_04447_CANNOT_NORMALIZE_VALUE Cannot normalize the wrapped value ERR_04226 I do not know how to handle NameAndOptionalUID normalization with objects of class: sambaLMPassword
6758 [main] INFO  o.a.d.a.l.m.e.AbstractValue - ERR_04447_CANNOT_NORMALIZE_VALUE Cannot normalize the wrapped value ERR_04226 I do not know how to handle NameAndOptionalUID normalization with objects of class: sambaLogoffTime
6758 [main] INFO  o.a.d.a.l.m.e.AbstractValue - ERR_04447_CANNOT_NORMALIZE_VALUE Cannot normalize the wrapped value ERR_04226 I do not know how to handle NameAndOptionalUID normalization with objects of class: sambaLogonHours
6758 [main] INFO  o.a.d.a.l.m.e.AbstractValue - ERR_04447_CANNOT_NORMALIZE_VALUE Cannot normalize the wrapped value ERR_04226 I do not know how to handle NameAndOptionalUID normalization with objects of class: sambaLogonScript
6758 [main] INFO  o.a.d.a.l.m.e.AbstractValue - ERR_04447_CANNOT_NORMALIZE_VALUE Cannot normalize the wrapped value ERR_04226 I do not know how to handle NameAndOptionalUID normalization with objects of class: sambaLogonTime
6759 [main] INFO  o.a.d.a.l.m.e.AbstractValue - ERR_04447_CANNOT_NORMALIZE_VALUE Cannot normalize the wrapped value ERR_04226 I do not know how to handle NameAndOptionalUID normalization with objects of class: sambaMungedDial
6759 [main] INFO  o.a.d.a.l.m.e.AbstractValue - ERR_04447_CANNOT_NORMALIZE_VALUE Cannot normalize the wrapped value ERR_04226 I do not know how to handle NameAndOptionalUID normalization with objects of class: sambaNTPassword
6759 [main] INFO  o.a.d.a.l.m.e.AbstractValue - ERR_04447_CANNOT_NORMALIZE_VALUE Cannot normalize the wrapped value ERR_04226 I do not know how to handle NameAndOptionalUID normalization with objects of class: sambaPasswordHistory
6759 [main] INFO  o.a.d.a.l.m.e.AbstractValue - ERR_04447_CANNOT_NORMALIZE_VALUE Cannot normalize the wrapped value ERR_04226 I do not know how to handle NameAndOptionalUID normalization with objects of class: sambaPrimaryGroupSID
6759 [main] INFO  o.a.d.a.l.m.e.AbstractValue - ERR_04447_CANNOT_NORMALIZE_VALUE Cannot normalize the wrapped value ERR_04226 I do not know how to handle NameAndOptionalUID normalization with objects of class: sambaProfilePath
6759 [main] INFO  o.a.d.a.l.m.e.AbstractValue - ERR_04447_CANNOT_NORMALIZE_VALUE Cannot normalize the wrapped value ERR_04226 I do not know how to handle NameAndOptionalUID normalization with objects of class: sambaPwdCanChange
6760 [main] INFO  o.a.d.a.l.m.e.AbstractValue - ERR_04447_CANNOT_NORMALIZE_VALUE Cannot normalize the wrapped value ERR_04226 I do not know how to handle NameAndOptionalUID normalization with objects of class: sambaPwdLastSet
6760 [main] INFO  o.a.d.a.l.m.e.AbstractValue - ERR_04447_CANNOT_NORMALIZE_VALUE Cannot normalize the wrapped value ERR_04226 I do not know how to handle NameAndOptionalUID normalization with objects of class: sambaPwdMustChange
6760 [main] INFO  o.a.d.a.l.m.e.AbstractValue - ERR_04447_CANNOT_NORMALIZE_VALUE Cannot normalize the wrapped value ERR_04226 I do not know how to handle NameAndOptionalUID normalization with objects of class: sambaUserWorkstations
6760 [main] INFO  o.a.d.a.l.m.e.AbstractValue - ERR_04447_CANNOT_NORMALIZE_VALUE Cannot normalize the wrapped value ERR_04226 I do not know how to handle NameAndOptionalUID normalization with objects of class: sambaSID
6761 [main] INFO  o.a.d.a.l.m.e.AbstractValue - ERR_04447_CANNOT_NORMALIZE_VALUE Cannot normalize the wrapped value ERR_04226 I do not know how to handle NameAndOptionalUID normalization with objects of class: sambaPrivilegeList
6761 [main] INFO  o.a.d.a.l.m.e.AbstractValue - ERR_04447_CANNOT_NORMALIZE_VALUE Cannot normalize the wrapped value ERR_04226 I do not know how to handle NameAndOptionalUID normalization with objects of class: sambaSID
6762 [main] INFO  o.a.d.a.l.m.e.AbstractValue - ERR_04447_CANNOT_NORMALIZE_VALUE Cannot normalize the wrapped value ERR_04226 I do not know how to handle NameAndOptionalUID normalization with objects of class: gidNumber
6763 [main] INFO  o.a.d.a.l.m.e.AbstractValue - ERR_04447_CANNOT_NORMALIZE_VALUE Cannot normalize the wrapped value ERR_04226 I do not know how to handle NameAndOptionalUID normalization with objects of class: uidNumber
6763 [main] INFO  o.a.d.a.l.m.e.AbstractValue - ERR_04447_CANNOT_NORMALIZE_VALUE Cannot normalize the wrapped value ERR_04226 I do not know how to handle NameAndOptionalUID normalization with objects of class: sambaSID
6764 [main] INFO  o.a.d.a.l.m.e.AbstractValue - ERR_04447_CANNOT_NORMALIZE_VALUE Cannot normalize the wrapped value ERR_04226 I do not know how to handle NameAndOptionalUID normalization with objects of class: sambaPwdLastSet
6764 [main] INFO  o.a.d.a.l.m.e.AbstractValue - ERR_04447_CANNOT_NORMALIZE_VALUE Cannot normalize the wrapped value ERR_04226 I do not know how to handle NameAndOptionalUID normalization with objects of class: sambaSID
6764 [main] INFO  o.a.d.a.l.m.e.AbstractValue - ERR_04447_CANNOT_NORMALIZE_VALUE Cannot normalize the wrapped value ERR_04226 I do not know how to handle NameAndOptionalUID normalization with objects of class: sambaDomainName
6764 [main] INFO  o.a.d.a.l.m.e.AbstractValue - ERR_04447_CANNOT_NORMALIZE_VALUE Cannot normalize the wrapped value ERR_04226 I do not know how to handle NameAndOptionalUID normalization with objects of class: sambaNTPassword
6764 [main] INFO  o.a.d.a.l.m.e.AbstractValue - ERR_04447_CANNOT_NORMALIZE_VALUE Cannot normalize the wrapped value ERR_04226 I do not know how to handle NameAndOptionalUID normalization with objects of class: sambaTrustFlags
6766 [main] INFO  o.a.d.a.l.m.e.AbstractValue - ERR_04447_CANNOT_NORMALIZE_VALUE Cannot normalize the wrapped value ERR_04226 I do not know how to handle NameAndOptionalUID normalization with objects of class: sambaShareName
6767 [main] INFO  o.a.d.a.l.m.e.AbstractValue - ERR_04447_CANNOT_NORMALIZE_VALUE Cannot normalize the wrapped value ERR_04226 I do not know how to handle NameAndOptionalUID normalization with objects of class: gidNumber
6767 [main] INFO  o.a.d.a.l.m.e.AbstractValue - ERR_04447_CANNOT_NORMALIZE_VALUE Cannot normalize the wrapped value ERR_04226 I do not know how to handle NameAndOptionalUID normalization with objects of class: uidNumber
6768 [main] INFO  o.a.d.a.l.m.e.AbstractValue - ERR_04447_CANNOT_NORMALIZE_VALUE Cannot normalize the wrapped value ERR_04226 I do not know how to handle NameAndOptionalUID normalization with objects of class: sambaAlgorithmicRidBase
6768 [main] INFO  o.a.d.a.l.m.e.AbstractValue - ERR_04447_CANNOT_NORMALIZE_VALUE Cannot normalize the wrapped value ERR_04226 I do not know how to handle NameAndOptionalUID normalization with objects of class: sambaForceLogoff
6768 [main] INFO  o.a.d.a.l.m.e.AbstractValue - ERR_04447_CANNOT_NORMALIZE_VALUE Cannot normalize the wrapped value ERR_04226 I do not know how to handle NameAndOptionalUID normalization with objects of class: sambaLockoutDuration
6768 [main] INFO  o.a.d.a.l.m.e.AbstractValue - ERR_04447_CANNOT_NORMALIZE_VALUE Cannot normalize the wrapped value ERR_04226 I do not know how to handle NameAndOptionalUID normalization with objects of class: sambaLockoutObservationWindow
6768 [main] INFO  o.a.d.a.l.m.e.AbstractValue - ERR_04447_CANNOT_NORMALIZE_VALUE Cannot normalize the wrapped value ERR_04226 I do not know how to handle NameAndOptionalUID normalization with objects of class: sambaLockoutThreshold
6769 [main] INFO  o.a.d.a.l.m.e.AbstractValue - ERR_04447_CANNOT_NORMALIZE_VALUE Cannot normalize the wrapped value ERR_04226 I do not know how to handle NameAndOptionalUID normalization with objects of class: sambaLogonToChgPwd
6769 [main] INFO  o.a.d.a.l.m.e.AbstractValue - ERR_04447_CANNOT_NORMALIZE_VALUE Cannot normalize the wrapped value ERR_04226 I do not know how to handle NameAndOptionalUID normalization with objects of class: sambaMaxPwdAge
6769 [main] INFO  o.a.d.a.l.m.e.AbstractValue - ERR_04447_CANNOT_NORMALIZE_VALUE Cannot normalize the wrapped value ERR_04226 I do not know how to handle NameAndOptionalUID normalization with objects of class: sambaMinPwdAge
6769 [main] INFO  o.a.d.a.l.m.e.AbstractValue - ERR_04447_CANNOT_NORMALIZE_VALUE Cannot normalize the wrapped value ERR_04226 I do not know how to handle NameAndOptionalUID normalization with objects of class: sambaMinPwdLength
6769 [main] INFO  o.a.d.a.l.m.e.AbstractValue - ERR_04447_CANNOT_NORMALIZE_VALUE Cannot normalize the wrapped value ERR_04226 I do not know how to handle NameAndOptionalUID normalization with objects of class: sambaNextGroupRid
6769 [main] INFO  o.a.d.a.l.m.e.AbstractValue - ERR_04447_CANNOT_NORMALIZE_VALUE Cannot normalize the wrapped value ERR_04226 I do not know how to handle NameAndOptionalUID normalization with objects of class: sambaNextRid
6769 [main] INFO  o.a.d.a.l.m.e.AbstractValue - ERR_04447_CANNOT_NORMALIZE_VALUE Cannot normalize the wrapped value ERR_04226 I do not know how to handle NameAndOptionalUID normalization with objects of class: sambaNextUserRid
6769 [main] INFO  o.a.d.a.l.m.e.AbstractValue - ERR_04447_CANNOT_NORMALIZE_VALUE Cannot normalize the wrapped value ERR_04226 I do not know how to handle NameAndOptionalUID normalization with objects of class: sambaPwdHistoryLength
6770 [main] INFO  o.a.d.a.l.m.e.AbstractValue - ERR_04447_CANNOT_NORMALIZE_VALUE Cannot normalize the wrapped value ERR_04226 I do not know how to handle NameAndOptionalUID normalization with objects of class: sambaRefuseMachinePwdChange
6770 [main] INFO  o.a.d.a.l.m.e.AbstractValue - ERR_04447_CANNOT_NORMALIZE_VALUE Cannot normalize the wrapped value ERR_04226 I do not know how to handle NameAndOptionalUID normalization with objects of class: sambaDomainName
6770 [main] INFO  o.a.d.a.l.m.e.AbstractValue - ERR_04447_CANNOT_NORMALIZE_VALUE Cannot normalize the wrapped value ERR_04226 I do not know how to handle NameAndOptionalUID normalization with objects of class: sambaSID
6771 [main] INFO  o.a.d.a.l.m.e.AbstractValue - ERR_04447_CANNOT_NORMALIZE_VALUE Cannot normalize the wrapped value ERR_04226 I do not know how to handle NameAndOptionalUID normalization with objects of class: sambaSIDList
6771 [main] INFO  o.a.d.a.l.m.e.AbstractValue - ERR_04447_CANNOT_NORMALIZE_VALUE Cannot normalize the wrapped value ERR_04226 I do not know how to handle NameAndOptionalUID normalization with objects of class: gidNumber
6771 [main] INFO  o.a.d.a.l.m.e.AbstractValue - ERR_04447_CANNOT_NORMALIZE_VALUE Cannot normalize the wrapped value ERR_04226 I do not know how to handle NameAndOptionalUID normalization with objects of class: sambaGroupType
6771 [main] INFO  o.a.d.a.l.m.e.AbstractValue - ERR_04447_CANNOT_NORMALIZE_VALUE Cannot normalize the wrapped value ERR_04226 I do not know how to handle NameAndOptionalUID normalization with objects of class: sambaSID
6772 [main] INFO  o.a.d.a.l.m.e.AbstractValue - ERR_04447_CANNOT_NORMALIZE_VALUE Cannot normalize the wrapped value ERR_04226 I do not know how to handle NameAndOptionalUID normalization with objects of class: sambaSID
6773 [main] INFO  o.a.d.a.l.m.e.AbstractValue - ERR_04447_CANNOT_NORMALIZE_VALUE Cannot normalize the wrapped value ERR_04226 I do not know how to handle NameAndOptionalUID normalization with objects of class: sambaBoolOption
6773 [main] INFO  o.a.d.a.l.m.e.AbstractValue - ERR_04447_CANNOT_NORMALIZE_VALUE Cannot normalize the wrapped value ERR_04226 I do not know how to handle NameAndOptionalUID normalization with objects of class: sambaIntegerOption
6774 [main] INFO  o.a.d.a.l.m.e.AbstractValue - ERR_04447_CANNOT_NORMALIZE_VALUE Cannot normalize the wrapped value ERR_04226 I do not know how to handle NameAndOptionalUID normalization with objects of class: sambaStringListOption
6774 [main] INFO  o.a.d.a.l.m.e.AbstractValue - ERR_04447_CANNOT_NORMALIZE_VALUE Cannot normalize the wrapped value ERR_04226 I do not know how to handle NameAndOptionalUID normalization with objects of class: sambaStringOption
6774 [main] INFO  o.a.d.a.l.m.e.AbstractValue - ERR_04447_CANNOT_NORMALIZE_VALUE Cannot normalize the wrapped value ERR_04226 I do not know how to handle NameAndOptionalUID normalization with objects of class: sambaOptionName
6835 [main] INFO  o.a.d.a.l.m.e.AbstractValue - ERR_04447_CANNOT_NORMALIZE_VALUE Cannot normalize the wrapped value ERR_04226 I do not know how to handle NameAndOptionalUID normalization with objects of class: dhcpOption
6836 [main] INFO  o.a.d.a.l.m.e.AbstractValue - ERR_04447_CANNOT_NORMALIZE_VALUE Cannot normalize the wrapped value ERR_04226 I do not know how to handle NameAndOptionalUID normalization with objects of class: dhcpRange
6836 [main] INFO  o.a.d.a.l.m.e.AbstractValue - ERR_04447_CANNOT_NORMALIZE_VALUE Cannot normalize the wrapped value ERR_04226 I do not know how to handle NameAndOptionalUID normalization with objects of class: dhcpPoolDN
6836 [main] INFO  o.a.d.a.l.m.e.AbstractValue - ERR_04447_CANNOT_NORMALIZE_VALUE Cannot normalize the wrapped value ERR_04226 I do not know how to handle NameAndOptionalUID normalization with objects of class: dhcpGroupDN
6836 [main] INFO  o.a.d.a.l.m.e.AbstractValue - ERR_04447_CANNOT_NORMALIZE_VALUE Cannot normalize the wrapped value ERR_04226 I do not know how to handle NameAndOptionalUID normalization with objects of class: dhcpHostDN
6837 [main] INFO  o.a.d.a.l.m.e.AbstractValue - ERR_04447_CANNOT_NORMALIZE_VALUE Cannot normalize the wrapped value ERR_04226 I do not know how to handle NameAndOptionalUID normalization with objects of class: dhcpClassesDN
6837 [main] INFO  o.a.d.a.l.m.e.AbstractValue - ERR_04447_CANNOT_NORMALIZE_VALUE Cannot normalize the wrapped value ERR_04226 I do not know how to handle NameAndOptionalUID normalization with objects of class: dhcpLeasesDN
6837 [main] INFO  o.a.d.a.l.m.e.AbstractValue - ERR_04447_CANNOT_NORMALIZE_VALUE Cannot normalize the wrapped value ERR_04226 I do not know how to handle NameAndOptionalUID normalization with objects of class: dhcpOptionsDN
6837 [main] INFO  o.a.d.a.l.m.e.AbstractValue - ERR_04447_CANNOT_NORMALIZE_VALUE Cannot normalize the wrapped value ERR_04226 I do not know how to handle NameAndOptionalUID normalization with objects of class: dhcpStatements
6837 [main] INFO  o.a.d.a.l.m.e.AbstractValue - ERR_04447_CANNOT_NORMALIZE_VALUE Cannot normalize the wrapped value ERR_04226 I do not know how to handle NameAndOptionalUID normalization with objects of class: dhcpNetMask
6838 [main] INFO  o.a.d.a.l.m.e.AbstractValue - ERR_04447_CANNOT_NORMALIZE_VALUE Cannot normalize the wrapped value ERR_04226 I do not know how to handle NameAndOptionalUID normalization with objects of class: dhcpSecondaryDN
6838 [main] INFO  o.a.d.a.l.m.e.AbstractValue - ERR_04447_CANNOT_NORMALIZE_VALUE Cannot normalize the wrapped value ERR_04226 I do not know how to handle NameAndOptionalUID normalization with objects of class: dhcpSharedNetworkDN
6838 [main] INFO  o.a.d.a.l.m.e.AbstractValue - ERR_04447_CANNOT_NORMALIZE_VALUE Cannot normalize the wrapped value ERR_04226 I do not know how to handle NameAndOptionalUID normalization with objects of class: dhcpSubnetDN
6838 [main] INFO  o.a.d.a.l.m.e.AbstractValue - ERR_04447_CANNOT_NORMALIZE_VALUE Cannot normalize the wrapped value ERR_04226 I do not know how to handle NameAndOptionalUID normalization with objects of class: dhcpGroupDN
6839 [main] INFO  o.a.d.a.l.m.e.AbstractValue - ERR_04447_CANNOT_NORMALIZE_VALUE Cannot normalize the wrapped value ERR_04226 I do not know how to handle NameAndOptionalUID normalization with objects of class: dhcpHostDN
6839 [main] INFO  o.a.d.a.l.m.e.AbstractValue - ERR_04447_CANNOT_NORMALIZE_VALUE Cannot normalize the wrapped value ERR_04226 I do not know how to handle NameAndOptionalUID normalization with objects of class: dhcpClassesDN
6839 [main] INFO  o.a.d.a.l.m.e.AbstractValue - ERR_04447_CANNOT_NORMALIZE_VALUE Cannot normalize the wrapped value ERR_04226 I do not know how to handle NameAndOptionalUID normalization with objects of class: dhcpOptionsDN
6839 [main] INFO  o.a.d.a.l.m.e.AbstractValue - ERR_04447_CANNOT_NORMALIZE_VALUE Cannot normalize the wrapped value ERR_04226 I do not know how to handle NameAndOptionalUID normalization with objects of class: dhcpStatements
6839 [main] INFO  o.a.d.a.l.m.e.AbstractValue - ERR_04447_CANNOT_NORMALIZE_VALUE Cannot normalize the wrapped value ERR_04226 I do not know how to handle NameAndOptionalUID normalization with objects of class: dhcpPrimaryDN
6840 [main] INFO  o.a.d.a.l.m.e.AbstractValue - ERR_04447_CANNOT_NORMALIZE_VALUE Cannot normalize the wrapped value ERR_04226 I do not know how to handle NameAndOptionalUID normalization with objects of class: dhcpLeaseDN
6840 [main] INFO  o.a.d.a.l.m.e.AbstractValue - ERR_04447_CANNOT_NORMALIZE_VALUE Cannot normalize the wrapped value ERR_04226 I do not know how to handle NameAndOptionalUID normalization with objects of class: dhcpHWAddress
6840 [main] INFO  o.a.d.a.l.m.e.AbstractValue - ERR_04447_CANNOT_NORMALIZE_VALUE Cannot normalize the wrapped value ERR_04226 I do not know how to handle NameAndOptionalUID normalization with objects of class: dhcpOptionsDN
6840 [main] INFO  o.a.d.a.l.m.e.AbstractValue - ERR_04447_CANNOT_NORMALIZE_VALUE Cannot normalize the wrapped value ERR_04226 I do not know how to handle NameAndOptionalUID normalization with objects of class: dhcpStatements
6841 [main] INFO  o.a.d.a.l.m.e.AbstractValue - ERR_04447_CANNOT_NORMALIZE_VALUE Cannot normalize the wrapped value ERR_04226 I do not know how to handle NameAndOptionalUID normalization with objects of class: dhcpSubclassesDN
6841 [main] INFO  o.a.d.a.l.m.e.AbstractValue - ERR_04447_CANNOT_NORMALIZE_VALUE Cannot normalize the wrapped value ERR_04226 I do not know how to handle NameAndOptionalUID normalization with objects of class: dhcpOptionsDN
6841 [main] INFO  o.a.d.a.l.m.e.AbstractValue - ERR_04447_CANNOT_NORMALIZE_VALUE Cannot normalize the wrapped value ERR_04226 I do not know how to handle NameAndOptionalUID normalization with objects of class: dhcpStatements
6842 [main] INFO  o.a.d.a.l.m.e.AbstractValue - ERR_04447_CANNOT_NORMALIZE_VALUE Cannot normalize the wrapped value ERR_04226 I do not know how to handle NameAndOptionalUID normalization with objects of class: dhcpVersion
6842 [main] INFO  o.a.d.a.l.m.e.AbstractValue - ERR_04447_CANNOT_NORMALIZE_VALUE Cannot normalize the wrapped value ERR_04226 I do not know how to handle NameAndOptionalUID normalization with objects of class: dhcpImplementation
6842 [main] INFO  o.a.d.a.l.m.e.AbstractValue - ERR_04447_CANNOT_NORMALIZE_VALUE Cannot normalize the wrapped value ERR_04226 I do not know how to handle NameAndOptionalUID normalization with objects of class: dhcpHashBucketAssignment
6842 [main] INFO  o.a.d.a.l.m.e.AbstractValue - ERR_04447_CANNOT_NORMALIZE_VALUE Cannot normalize the wrapped value ERR_04226 I do not know how to handle NameAndOptionalUID normalization with objects of class: dhcpDelayedServiceParameter
6842 [main] INFO  o.a.d.a.l.m.e.AbstractValue - ERR_04447_CANNOT_NORMALIZE_VALUE Cannot normalize the wrapped value ERR_04226 I do not know how to handle NameAndOptionalUID normalization with objects of class: dhcpMaxClientLeadTime
6843 [main] INFO  o.a.d.a.l.m.e.AbstractValue - ERR_04447_CANNOT_NORMALIZE_VALUE Cannot normalize the wrapped value ERR_04226 I do not know how to handle NameAndOptionalUID normalization with objects of class: dhcpFailOverEndpointState
6843 [main] INFO  o.a.d.a.l.m.e.AbstractValue - ERR_04447_CANNOT_NORMALIZE_VALUE Cannot normalize the wrapped value ERR_04226 I do not know how to handle NameAndOptionalUID normalization with objects of class: dhcpStatements
6843 [main] INFO  o.a.d.a.l.m.e.AbstractValue - ERR_04447_CANNOT_NORMALIZE_VALUE Cannot normalize the wrapped value ERR_04226 I do not know how to handle NameAndOptionalUID normalization with objects of class: dhcpServiceDN
6844 [main] INFO  o.a.d.a.l.m.e.AbstractValue - ERR_04447_CANNOT_NORMALIZE_VALUE Cannot normalize the wrapped value ERR_04226 I do not know how to handle NameAndOptionalUID normalization with objects of class: dhcpHostDN
6844 [main] INFO  o.a.d.a.l.m.e.AbstractValue - ERR_04447_CANNOT_NORMALIZE_VALUE Cannot normalize the wrapped value ERR_04226 I do not know how to handle NameAndOptionalUID normalization with objects of class: dhcpOptionsDN
6844 [main] INFO  o.a.d.a.l.m.e.AbstractValue - ERR_04447_CANNOT_NORMALIZE_VALUE Cannot normalize the wrapped value ERR_04226 I do not know how to handle NameAndOptionalUID normalization with objects of class: dhcpStatements
6845 [main] INFO  o.a.d.a.l.m.e.AbstractValue - ERR_04447_CANNOT_NORMALIZE_VALUE Cannot normalize the wrapped value ERR_04226 I do not know how to handle NameAndOptionalUID normalization with objects of class: dhcpExpirationTime
6845 [main] INFO  o.a.d.a.l.m.e.AbstractValue - ERR_04447_CANNOT_NORMALIZE_VALUE Cannot normalize the wrapped value ERR_04226 I do not know how to handle NameAndOptionalUID normalization with objects of class: dhcpStartTimeOfState
6845 [main] INFO  o.a.d.a.l.m.e.AbstractValue - ERR_04447_CANNOT_NORMALIZE_VALUE Cannot normalize the wrapped value ERR_04226 I do not know how to handle NameAndOptionalUID normalization with objects of class: dhcpLastTransactionTime
6845 [main] INFO  o.a.d.a.l.m.e.AbstractValue - ERR_04447_CANNOT_NORMALIZE_VALUE Cannot normalize the wrapped value ERR_04226 I do not know how to handle NameAndOptionalUID normalization with objects of class: dhcpBootpFlag
6845 [main] INFO  o.a.d.a.l.m.e.AbstractValue - ERR_04447_CANNOT_NORMALIZE_VALUE Cannot normalize the wrapped value ERR_04226 I do not know how to handle NameAndOptionalUID normalization with objects of class: dhcpDomainName
6845 [main] INFO  o.a.d.a.l.m.e.AbstractValue - ERR_04447_CANNOT_NORMALIZE_VALUE Cannot normalize the wrapped value ERR_04226 I do not know how to handle NameAndOptionalUID normalization with objects of class: dhcpDnsStatus
6845 [main] INFO  o.a.d.a.l.m.e.AbstractValue - ERR_04447_CANNOT_NORMALIZE_VALUE Cannot normalize the wrapped value ERR_04226 I do not know how to handle NameAndOptionalUID normalization with objects of class: dhcpRequestedHostName
6846 [main] INFO  o.a.d.a.l.m.e.AbstractValue - ERR_04447_CANNOT_NORMALIZE_VALUE Cannot normalize the wrapped value ERR_04226 I do not know how to handle NameAndOptionalUID normalization with objects of class: dhcpAssignedHostName
6846 [main] INFO  o.a.d.a.l.m.e.AbstractValue - ERR_04447_CANNOT_NORMALIZE_VALUE Cannot normalize the wrapped value ERR_04226 I do not know how to handle NameAndOptionalUID normalization with objects of class: dhcpReservedForClient
6846 [main] INFO  o.a.d.a.l.m.e.AbstractValue - ERR_04447_CANNOT_NORMALIZE_VALUE Cannot normalize the wrapped value ERR_04226 I do not know how to handle NameAndOptionalUID normalization with objects of class: dhcpAssignedToClient
6846 [main] INFO  o.a.d.a.l.m.e.AbstractValue - ERR_04447_CANNOT_NORMALIZE_VALUE Cannot normalize the wrapped value ERR_04226 I do not know how to handle NameAndOptionalUID normalization with objects of class: dhcpRelayAgentInfo
6846 [main] INFO  o.a.d.a.l.m.e.AbstractValue - ERR_04447_CANNOT_NORMALIZE_VALUE Cannot normalize the wrapped value ERR_04226 I do not know how to handle NameAndOptionalUID normalization with objects of class: dhcpHWAddress
6846 [main] INFO  o.a.d.a.l.m.e.AbstractValue - ERR_04447_CANNOT_NORMALIZE_VALUE Cannot normalize the wrapped value ERR_04226 I do not know how to handle NameAndOptionalUID normalization with objects of class: dhcpAddressState
6847 [main] INFO  o.a.d.a.l.m.e.AbstractValue - ERR_04447_CANNOT_NORMALIZE_VALUE Cannot normalize the wrapped value ERR_04226 I do not know how to handle NameAndOptionalUID normalization with objects of class: dhcpClassesDN
6847 [main] INFO  o.a.d.a.l.m.e.AbstractValue - ERR_04447_CANNOT_NORMALIZE_VALUE Cannot normalize the wrapped value ERR_04226 I do not know how to handle NameAndOptionalUID normalization with objects of class: dhcpPermitList
6847 [main] INFO  o.a.d.a.l.m.e.AbstractValue - ERR_04447_CANNOT_NORMALIZE_VALUE Cannot normalize the wrapped value ERR_04226 I do not know how to handle NameAndOptionalUID normalization with objects of class: dhcpLeasesDN
6847 [main] INFO  o.a.d.a.l.m.e.AbstractValue - ERR_04447_CANNOT_NORMALIZE_VALUE Cannot normalize the wrapped value ERR_04226 I do not know how to handle NameAndOptionalUID normalization with objects of class: dhcpOptionsDN
6848 [main] INFO  o.a.d.a.l.m.e.AbstractValue - ERR_04447_CANNOT_NORMALIZE_VALUE Cannot normalize the wrapped value ERR_04226 I do not know how to handle NameAndOptionalUID normalization with objects of class: dhcpStatements
6848 [main] INFO  o.a.d.a.l.m.e.AbstractValue - ERR_04447_CANNOT_NORMALIZE_VALUE Cannot normalize the wrapped value ERR_04226 I do not know how to handle NameAndOptionalUID normalization with objects of class: dhcpRange
6849 [main] INFO  o.a.d.a.l.m.e.AbstractValue - ERR_04447_CANNOT_NORMALIZE_VALUE Cannot normalize the wrapped value ERR_04226 I do not know how to handle NameAndOptionalUID normalization with objects of class: dhcpAddressState
6849 [main] INFO  o.a.d.a.l.m.e.AbstractValue - ERR_04447_CANNOT_NORMALIZE_VALUE Cannot normalize the wrapped value ERR_04226 I do not know how to handle NameAndOptionalUID normalization with objects of class: dhcpExpirationTime
6849 [main] INFO  o.a.d.a.l.m.e.AbstractValue - ERR_04447_CANNOT_NORMALIZE_VALUE Cannot normalize the wrapped value ERR_04226 I do not know how to handle NameAndOptionalUID normalization with objects of class: dhcpStartTimeOfState
6849 [main] INFO  o.a.d.a.l.m.e.AbstractValue - ERR_04447_CANNOT_NORMALIZE_VALUE Cannot normalize the wrapped value ERR_04226 I do not know how to handle NameAndOptionalUID normalization with objects of class: dhcpLastTransactionTime
6849 [main] INFO  o.a.d.a.l.m.e.AbstractValue - ERR_04447_CANNOT_NORMALIZE_VALUE Cannot normalize the wrapped value ERR_04226 I do not know how to handle NameAndOptionalUID normalization with objects of class: dhcpBootpFlag
6849 [main] INFO  o.a.d.a.l.m.e.AbstractValue - ERR_04447_CANNOT_NORMALIZE_VALUE Cannot normalize the wrapped value ERR_04226 I do not know how to handle NameAndOptionalUID normalization with objects of class: dhcpDomainName
6849 [main] INFO  o.a.d.a.l.m.e.AbstractValue - ERR_04447_CANNOT_NORMALIZE_VALUE Cannot normalize the wrapped value ERR_04226 I do not know how to handle NameAndOptionalUID normalization with objects of class: dhcpDnsStatus
6849 [main] INFO  o.a.d.a.l.m.e.AbstractValue - ERR_04447_CANNOT_NORMALIZE_VALUE Cannot normalize the wrapped value ERR_04226 I do not know how to handle NameAndOptionalUID normalization with objects of class: dhcpRequestedHostName
6850 [main] INFO  o.a.d.a.l.m.e.AbstractValue - ERR_04447_CANNOT_NORMALIZE_VALUE Cannot normalize the wrapped value ERR_04226 I do not know how to handle NameAndOptionalUID normalization with objects of class: dhcpAssignedHostName
6850 [main] INFO  o.a.d.a.l.m.e.AbstractValue - ERR_04447_CANNOT_NORMALIZE_VALUE Cannot normalize the wrapped value ERR_04226 I do not know how to handle NameAndOptionalUID normalization with objects of class: dhcpReservedForClient
6851 [main] INFO  o.a.d.a.l.m.e.AbstractValue - ERR_04447_CANNOT_NORMALIZE_VALUE Cannot normalize the wrapped value ERR_04226 I do not know how to handle NameAndOptionalUID normalization with objects of class: dhcpAssignedToClient
6851 [main] INFO  o.a.d.a.l.m.e.AbstractValue - ERR_04447_CANNOT_NORMALIZE_VALUE Cannot normalize the wrapped value ERR_04226 I do not know how to handle NameAndOptionalUID normalization with objects of class: dhcpRelayAgentInfo
6851 [main] INFO  o.a.d.a.l.m.e.AbstractValue - ERR_04447_CANNOT_NORMALIZE_VALUE Cannot normalize the wrapped value ERR_04226 I do not know how to handle NameAndOptionalUID normalization with objects of class: dhcpHWAddress
6851 [main] INFO  o.a.d.a.l.m.e.AbstractValue - ERR_04447_CANNOT_NORMALIZE_VALUE Cannot normalize the wrapped value ERR_04226 I do not know how to handle NameAndOptionalUID normalization with objects of class: dhcpErrorLog
6852 [main] INFO  o.a.d.a.l.m.e.AbstractValue - ERR_04447_CANNOT_NORMALIZE_VALUE Cannot normalize the wrapped value ERR_04226 I do not know how to handle NameAndOptionalUID normalization with objects of class: dhcpSubnetDN
6852 [main] INFO  o.a.d.a.l.m.e.AbstractValue - ERR_04447_CANNOT_NORMALIZE_VALUE Cannot normalize the wrapped value ERR_04226 I do not know how to handle NameAndOptionalUID normalization with objects of class: dhcpPoolDN
6852 [main] INFO  o.a.d.a.l.m.e.AbstractValue - ERR_04447_CANNOT_NORMALIZE_VALUE Cannot normalize the wrapped value ERR_04226 I do not know how to handle NameAndOptionalUID normalization with objects of class: dhcpOptionsDN
6852 [main] INFO  o.a.d.a.l.m.e.AbstractValue - ERR_04447_CANNOT_NORMALIZE_VALUE Cannot normalize the wrapped value ERR_04226 I do not know how to handle NameAndOptionalUID normalization with objects of class: dhcpStatements
6853 [main] INFO  o.a.d.a.l.m.e.AbstractValue - ERR_04447_CANNOT_NORMALIZE_VALUE Cannot normalize the wrapped value ERR_04226 I do not know how to handle NameAndOptionalUID normalization with objects of class: dhcpClassData
6853 [main] INFO  o.a.d.a.l.m.e.AbstractValue - ERR_04447_CANNOT_NORMALIZE_VALUE Cannot normalize the wrapped value ERR_04226 I do not know how to handle NameAndOptionalUID normalization with objects of class: dhcpOptionsDN
6853 [main] INFO  o.a.d.a.l.m.e.AbstractValue - ERR_04447_CANNOT_NORMALIZE_VALUE Cannot normalize the wrapped value ERR_04226 I do not know how to handle NameAndOptionalUID normalization with objects of class: dhcpStatements
6982 [main] INFO  o.a.d.a.l.m.e.AbstractValue - ERR_04447_CANNOT_NORMALIZE_VALUE Cannot normalize the wrapped value ERR_04226 I do not know how to handle NameAndOptionalUID normalization with objects of class: corbaRepositoryId
6982 [main] INFO  o.a.d.a.l.m.e.AbstractValue - ERR_04447_CANNOT_NORMALIZE_VALUE Cannot normalize the wrapped value ERR_04226 I do not know how to handle NameAndOptionalUID normalization with objects of class: corbaIor
6983 [main] INFO  o.a.d.a.l.m.e.AbstractValue - ERR_04447_CANNOT_NORMALIZE_VALUE Cannot normalize the wrapped value ERR_04226 I do not know how to handle NameAndOptionalUID normalization with objects of class: corbaObject
6996 [main] INFO  o.a.d.a.l.m.e.AbstractValue - ERR_04447_CANNOT_NORMALIZE_VALUE Cannot normalize the wrapped value ERR_04226 I do not know how to handle NameAndOptionalUID normalization with objects of class: caseExactIA5SubstringsMatch
6997 [main] INFO  o.a.d.a.l.m.e.AbstractValue - ERR_04447_CANNOT_NORMALIZE_VALUE Cannot normalize the wrapped value ERR_04226 I do not know how to handle NameAndOptionalUID normalization with objects of class: caseExactIA5SubstringsMatch
6998 [main] INFO  o.a.d.a.l.m.e.AbstractValue - ERR_04447_CANNOT_NORMALIZE_VALUE Cannot normalize the wrapped value ERR_04226 I do not know how to handle NameAndOptionalUID normalization with objects of class: caseExactIA5SubstringsMatch
7001 [main] INFO  o.a.d.a.l.m.e.AbstractValue - ERR_04447_CANNOT_NORMALIZE_VALUE Cannot normalize the wrapped value ERR_04226 I do not know how to handle NameAndOptionalUID normalization with objects of class: shadowLastChange
7001 [main] INFO  o.a.d.a.l.m.e.AbstractValue - ERR_04447_CANNOT_NORMALIZE_VALUE Cannot normalize the wrapped value ERR_04226 I do not know how to handle NameAndOptionalUID normalization with objects of class: shadowMin
7001 [main] INFO  o.a.d.a.l.m.e.AbstractValue - ERR_04447_CANNOT_NORMALIZE_VALUE Cannot normalize the wrapped value ERR_04226 I do not know how to handle NameAndOptionalUID normalization with objects of class: shadowMax
7001 [main] INFO  o.a.d.a.l.m.e.AbstractValue - ERR_04447_CANNOT_NORMALIZE_VALUE Cannot normalize the wrapped value ERR_04226 I do not know how to handle NameAndOptionalUID normalization with objects of class: shadowWarning
7001 [main] INFO  o.a.d.a.l.m.e.AbstractValue - ERR_04447_CANNOT_NORMALIZE_VALUE Cannot normalize the wrapped value ERR_04226 I do not know how to handle NameAndOptionalUID normalization with objects of class: shadowInactive
7001 [main] INFO  o.a.d.a.l.m.e.AbstractValue - ERR_04447_CANNOT_NORMALIZE_VALUE Cannot normalize the wrapped value ERR_04226 I do not know how to handle NameAndOptionalUID normalization with objects of class: shadowExpire
7001 [main] INFO  o.a.d.a.l.m.e.AbstractValue - ERR_04447_CANNOT_NORMALIZE_VALUE Cannot normalize the wrapped value ERR_04226 I do not know how to handle NameAndOptionalUID normalization with objects of class: shadowFlag
7002 [main] INFO  o.a.d.a.l.m.e.AbstractValue - ERR_04447_CANNOT_NORMALIZE_VALUE Cannot normalize the wrapped value ERR_04226 I do not know how to handle NameAndOptionalUID normalization with objects of class: loginShell
7002 [main] INFO  o.a.d.a.l.m.e.AbstractValue - ERR_04447_CANNOT_NORMALIZE_VALUE Cannot normalize the wrapped value ERR_04226 I do not know how to handle NameAndOptionalUID normalization with objects of class: gecos
7002 [main] INFO  o.a.d.a.l.m.e.AbstractValue - ERR_04447_CANNOT_NORMALIZE_VALUE Cannot normalize the wrapped value ERR_04226 I do not know how to handle NameAndOptionalUID normalization with objects of class: uidNumber
7003 [main] INFO  o.a.d.a.l.m.e.AbstractValue - ERR_04447_CANNOT_NORMALIZE_VALUE Cannot normalize the wrapped value ERR_04226 I do not know how to handle NameAndOptionalUID normalization with objects of class: gidNumber
7003 [main] INFO  o.a.d.a.l.m.e.AbstractValue - ERR_04447_CANNOT_NORMALIZE_VALUE Cannot normalize the wrapped value ERR_04226 I do not know how to handle NameAndOptionalUID normalization with objects of class: homeDirectory
7003 [main] INFO  o.a.d.a.l.m.e.AbstractValue - ERR_04447_CANNOT_NORMALIZE_VALUE Cannot normalize the wrapped value ERR_04226 I do not know how to handle NameAndOptionalUID normalization with objects of class: bootFile
7003 [main] INFO  o.a.d.a.l.m.e.AbstractValue - ERR_04447_CANNOT_NORMALIZE_VALUE Cannot normalize the wrapped value ERR_04226 I do not know how to handle NameAndOptionalUID normalization with objects of class: bootParameter
7004 [main] INFO  o.a.d.a.l.m.e.AbstractValue - ERR_04447_CANNOT_NORMALIZE_VALUE Cannot normalize the wrapped value ERR_04226 I do not know how to handle NameAndOptionalUID normalization with objects of class: macAddress
7005 [main] INFO  o.a.d.a.l.m.e.AbstractValue - ERR_04447_CANNOT_NORMALIZE_VALUE Cannot normalize the wrapped value ERR_04226 I do not know how to handle NameAndOptionalUID normalization with objects of class: ipHostNumber
7005 [main] INFO  o.a.d.a.l.m.e.AbstractValue - ERR_04447_CANNOT_NORMALIZE_VALUE Cannot normalize the wrapped value ERR_04226 I do not know how to handle NameAndOptionalUID normalization with objects of class: nisMapName
7006 [main] INFO  o.a.d.a.l.m.e.AbstractValue - ERR_04447_CANNOT_NORMALIZE_VALUE Cannot normalize the wrapped value ERR_04226 I do not know how to handle NameAndOptionalUID normalization with objects of class: ipServicePort
7006 [main] INFO  o.a.d.a.l.m.e.AbstractValue - ERR_04447_CANNOT_NORMALIZE_VALUE Cannot normalize the wrapped value ERR_04226 I do not know how to handle NameAndOptionalUID normalization with objects of class: ipServiceProtocol
7006 [main] INFO  o.a.d.a.l.m.e.AbstractValue - ERR_04447_CANNOT_NORMALIZE_VALUE Cannot normalize the wrapped value ERR_04226 I do not know how to handle NameAndOptionalUID normalization with objects of class: oncRpcNumber
7007 [main] INFO  o.a.d.a.l.m.e.AbstractValue - ERR_04447_CANNOT_NORMALIZE_VALUE Cannot normalize the wrapped value ERR_04226 I do not know how to handle NameAndOptionalUID normalization with objects of class: nisMapEntry
7007 [main] INFO  o.a.d.a.l.m.e.AbstractValue - ERR_04447_CANNOT_NORMALIZE_VALUE Cannot normalize the wrapped value ERR_04226 I do not know how to handle NameAndOptionalUID normalization with objects of class: nisMapName
7008 [main] INFO  o.a.d.a.l.m.e.AbstractValue - ERR_04447_CANNOT_NORMALIZE_VALUE Cannot normalize the wrapped value ERR_04226 I do not know how to handle NameAndOptionalUID normalization with objects of class: memberUid
7008 [main] INFO  o.a.d.a.l.m.e.AbstractValue - ERR_04447_CANNOT_NORMALIZE_VALUE Cannot normalize the wrapped value ERR_04226 I do not know how to handle NameAndOptionalUID normalization with objects of class: gidNumber
7008 [main] INFO  o.a.d.a.l.m.e.AbstractValue - ERR_04447_CANNOT_NORMALIZE_VALUE Cannot normalize the wrapped value ERR_04226 I do not know how to handle NameAndOptionalUID normalization with objects of class: nisNetgroupTriple
7008 [main] INFO  o.a.d.a.l.m.e.AbstractValue - ERR_04447_CANNOT_NORMALIZE_VALUE Cannot normalize the wrapped value ERR_04226 I do not know how to handle NameAndOptionalUID normalization with objects of class: memberNisNetgroup
7009 [main] INFO  o.a.d.a.l.m.e.AbstractValue - ERR_04447_CANNOT_NORMALIZE_VALUE Cannot normalize the wrapped value ERR_04226 I do not know how to handle NameAndOptionalUID normalization with objects of class: ipNetmaskNumber
7009 [main] INFO  o.a.d.a.l.m.e.AbstractValue - ERR_04447_CANNOT_NORMALIZE_VALUE Cannot normalize the wrapped value ERR_04226 I do not know how to handle NameAndOptionalUID normalization with objects of class: ipNetworkNumber
7009 [main] INFO  o.a.d.a.l.m.e.AbstractValue - ERR_04447_CANNOT_NORMALIZE_VALUE Cannot normalize the wrapped value ERR_04226 I do not know how to handle NameAndOptionalUID normalization with objects of class: ipProtocolNumber
7033 [main] INFO  o.a.d.a.l.m.l.LdifReader - No version information : assuming version: 1
7033 [main] INFO  o.a.d.a.l.m.l.LdifReader - No version information : assuming version: 1
7040 [main] INFO  o.a.d.a.l.m.l.LdifReader - No version information : assuming version: 1
7047 [main] INFO  o.a.d.a.l.m.l.LdifReader - No version information : assuming version: 1
7056 [main] INFO  o.a.d.a.l.m.l.LdifReader - No version information : assuming version: 1
7062 [main] INFO  o.a.d.a.l.m.l.LdifReader - No version information : assuming version: 1
7064 [main] INFO  o.a.d.a.l.m.l.LdifReader - No version information : assuming version: 1
7067 [main] INFO  o.a.d.a.l.m.l.LdifReader - No version information : assuming version: 1
7068 [main] INFO  o.a.d.a.l.m.l.LdifReader - No version information : assuming version: 1
7080 [main] INFO  o.a.d.a.l.m.l.LdifReader - No version information : assuming version: 1
7084 [main] INFO  o.a.d.a.l.m.l.LdifReader - No version information : assuming version: 1
7166 [main] INFO  o.a.d.a.l.m.e.AbstractValue - ERR_04447_CANNOT_NORMALIZE_VALUE Cannot normalize the wrapped value ERR_04226 I do not know how to handle NameAndOptionalUID normalization with objects of class: automountInformation
7206 [main] INFO  o.a.d.a.l.m.e.AbstractValue - ERR_04447_CANNOT_NORMALIZE_VALUE Cannot normalize the wrapped value ERR_04226 I do not know how to handle NameAndOptionalUID normalization with objects of class: apacheDnsDomainName
7208 [main] INFO  o.a.d.a.l.m.e.AbstractValue - ERR_04447_CANNOT_NORMALIZE_VALUE Cannot normalize the wrapped value ERR_04226 I do not know how to handle NameAndOptionalUID normalization with objects of class: apacheDnsDomainName
7211 [main] INFO  o.a.d.a.l.m.e.AbstractValue - ERR_04447_CANNOT_NORMALIZE_VALUE Cannot normalize the wrapped value ERR_04226 I do not know how to handle NameAndOptionalUID normalization with objects of class: apacheDnsDomainName
7211 [main] INFO  o.a.d.a.l.m.e.AbstractValue - ERR_04447_CANNOT_NORMALIZE_VALUE Cannot normalize the wrapped value ERR_04226 I do not know how to handle NameAndOptionalUID normalization with objects of class: apacheDnsAbstractRecord
7212 [main] INFO  o.a.d.a.l.m.e.AbstractValue - ERR_04447_CANNOT_NORMALIZE_VALUE Cannot normalize the wrapped value ERR_04226 I do not know how to handle NameAndOptionalUID normalization with objects of class: apacheDnsMxPreference
7212 [main] INFO  o.a.d.a.l.m.e.AbstractValue - ERR_04447_CANNOT_NORMALIZE_VALUE Cannot normalize the wrapped value ERR_04226 I do not know how to handle NameAndOptionalUID normalization with objects of class: apacheDnsDomainName
7212 [main] INFO  o.a.d.a.l.m.e.AbstractValue - ERR_04447_CANNOT_NORMALIZE_VALUE Cannot normalize the wrapped value ERR_04226 I do not know how to handle NameAndOptionalUID normalization with objects of class: apacheDnsAbstractRecord
7212 [main] INFO  o.a.d.a.l.m.e.AbstractValue - ERR_04447_CANNOT_NORMALIZE_VALUE Cannot normalize the wrapped value ERR_04226 I do not know how to handle NameAndOptionalUID normalization with objects of class: apacheDnsDomainName
7212 [main] INFO  o.a.d.a.l.m.e.AbstractValue - ERR_04447_CANNOT_NORMALIZE_VALUE Cannot normalize the wrapped value ERR_04226 I do not know how to handle NameAndOptionalUID normalization with objects of class: apacheDnsAbstractRecord
7213 [main] INFO  o.a.d.a.l.m.e.AbstractValue - ERR_04447_CANNOT_NORMALIZE_VALUE Cannot normalize the wrapped value ERR_04226 I do not know how to handle NameAndOptionalUID normalization with objects of class: apacheDnsDomainName
7213 [main] INFO  o.a.d.a.l.m.e.AbstractValue - ERR_04447_CANNOT_NORMALIZE_VALUE Cannot normalize the wrapped value ERR_04226 I do not know how to handle NameAndOptionalUID normalization with objects of class: apacheDnsAbstractRecord
7213 [main] INFO  o.a.d.a.l.m.e.AbstractValue - ERR_04447_CANNOT_NORMALIZE_VALUE Cannot normalize the wrapped value ERR_04226 I do not know how to handle NameAndOptionalUID normalization with objects of class: apacheDnsClass
7213 [main] INFO  o.a.d.a.l.m.e.AbstractValue - ERR_04447_CANNOT_NORMALIZE_VALUE Cannot normalize the wrapped value ERR_04226 I do not know how to handle NameAndOptionalUID normalization with objects of class: apacheDnsSoaSerial
7213 [main] INFO  o.a.d.a.l.m.e.AbstractValue - ERR_04447_CANNOT_NORMALIZE_VALUE Cannot normalize the wrapped value ERR_04226 I do not know how to handle NameAndOptionalUID normalization with objects of class: apacheDnsSoaRefresh
7213 [main] INFO  o.a.d.a.l.m.e.AbstractValue - ERR_04447_CANNOT_NORMALIZE_VALUE Cannot normalize the wrapped value ERR_04226 I do not know how to handle NameAndOptionalUID normalization with objects of class: apacheDnsSoaRetry
7214 [main] INFO  o.a.d.a.l.m.e.AbstractValue - ERR_04447_CANNOT_NORMALIZE_VALUE Cannot normalize the wrapped value ERR_04226 I do not know how to handle NameAndOptionalUID normalization with objects of class: apacheDnsSoaExpire
7214 [main] INFO  o.a.d.a.l.m.e.AbstractValue - ERR_04447_CANNOT_NORMALIZE_VALUE Cannot normalize the wrapped value ERR_04226 I do not know how to handle NameAndOptionalUID normalization with objects of class: apacheDnsSoaMName
7214 [main] INFO  o.a.d.a.l.m.e.AbstractValue - ERR_04447_CANNOT_NORMALIZE_VALUE Cannot normalize the wrapped value ERR_04226 I do not know how to handle NameAndOptionalUID normalization with objects of class: apacheDnsSoaRName
7214 [main] INFO  o.a.d.a.l.m.e.AbstractValue - ERR_04447_CANNOT_NORMALIZE_VALUE Cannot normalize the wrapped value ERR_04226 I do not know how to handle NameAndOptionalUID normalization with objects of class: apacheDnsSoaMinimum
7214 [main] INFO  o.a.d.a.l.m.e.AbstractValue - ERR_04447_CANNOT_NORMALIZE_VALUE Cannot normalize the wrapped value ERR_04226 I do not know how to handle NameAndOptionalUID normalization with objects of class: apacheDnsAbstractRecord
7214 [main] INFO  o.a.d.a.l.m.e.AbstractValue - ERR_04447_CANNOT_NORMALIZE_VALUE Cannot normalize the wrapped value ERR_04226 I do not know how to handle NameAndOptionalUID normalization with objects of class: apacheDnsCharacterString
7215 [main] INFO  o.a.d.a.l.m.e.AbstractValue - ERR_04447_CANNOT_NORMALIZE_VALUE Cannot normalize the wrapped value ERR_04226 I do not know how to handle NameAndOptionalUID normalization with objects of class: apacheDnsAbstractRecord
7215 [main] INFO  o.a.d.a.l.m.e.AbstractValue - ERR_04447_CANNOT_NORMALIZE_VALUE Cannot normalize the wrapped value ERR_04226 I do not know how to handle NameAndOptionalUID normalization with objects of class: apacheDnsIpAddress
7215 [main] INFO  o.a.d.a.l.m.e.AbstractValue - ERR_04447_CANNOT_NORMALIZE_VALUE Cannot normalize the wrapped value ERR_04226 I do not know how to handle NameAndOptionalUID normalization with objects of class: apacheDnsAbstractRecord
7216 [main] INFO  o.a.d.a.l.m.e.AbstractValue - ERR_04447_CANNOT_NORMALIZE_VALUE Cannot normalize the wrapped value ERR_04226 I do not know how to handle NameAndOptionalUID normalization with objects of class: apacheDnsDomainName
7216 [main] INFO  o.a.d.a.l.m.e.AbstractValue - ERR_04447_CANNOT_NORMALIZE_VALUE Cannot normalize the wrapped value ERR_04226 I do not know how to handle NameAndOptionalUID normalization with objects of class: apacheDnsIpAddress
7216 [main] INFO  o.a.d.a.l.m.e.AbstractValue - ERR_04447_CANNOT_NORMALIZE_VALUE Cannot normalize the wrapped value ERR_04226 I do not know how to handle NameAndOptionalUID normalization with objects of class: apacheDnsAbstractRecord
7216 [main] INFO  o.a.d.a.l.m.e.AbstractValue - ERR_04447_CANNOT_NORMALIZE_VALUE Cannot normalize the wrapped value ERR_04226 I do not know how to handle NameAndOptionalUID normalization with objects of class: apacheDnsDomainName
7217 [main] INFO  o.a.d.a.l.m.e.AbstractValue - ERR_04447_CANNOT_NORMALIZE_VALUE Cannot normalize the wrapped value ERR_04226 I do not know how to handle NameAndOptionalUID normalization with objects of class: apacheDnsAbstractRecord
7217 [main] INFO  o.a.d.a.l.m.e.AbstractValue - ERR_04447_CANNOT_NORMALIZE_VALUE Cannot normalize the wrapped value ERR_04226 I do not know how to handle NameAndOptionalUID normalization with objects of class: apacheDnsTtl
7218 [main] INFO  o.a.d.a.l.m.e.AbstractValue - ERR_04447_CANNOT_NORMALIZE_VALUE Cannot normalize the wrapped value ERR_04226 I do not know how to handle NameAndOptionalUID normalization with objects of class: apacheDnsServicePriority
7218 [main] INFO  o.a.d.a.l.m.e.AbstractValue - ERR_04447_CANNOT_NORMALIZE_VALUE Cannot normalize the wrapped value ERR_04226 I do not know how to handle NameAndOptionalUID normalization with objects of class: apacheDnsServiceWeight
7218 [main] INFO  o.a.d.a.l.m.e.AbstractValue - ERR_04447_CANNOT_NORMALIZE_VALUE Cannot normalize the wrapped value ERR_04226 I do not know how to handle NameAndOptionalUID normalization with objects of class: apacheDnsServicePort
7218 [main] INFO  o.a.d.a.l.m.e.AbstractValue - ERR_04447_CANNOT_NORMALIZE_VALUE Cannot normalize the wrapped value ERR_04226 I do not know how to handle NameAndOptionalUID normalization with objects of class: apacheDnsDomainName
7218 [main] INFO  o.a.d.a.l.m.e.AbstractValue - ERR_04447_CANNOT_NORMALIZE_VALUE Cannot normalize the wrapped value ERR_04226 I do not know how to handle NameAndOptionalUID normalization with objects of class: apacheDnsAbstractRecord
7228 [main] INFO  o.a.d.a.l.m.e.AbstractValue - ERR_04447_CANNOT_NORMALIZE_VALUE Cannot normalize the wrapped value ERR_04226 I do not know how to handle NameAndOptionalUID normalization with objects of class: xmozillanickname
7228 [main] INFO  o.a.d.a.l.m.e.AbstractValue - ERR_04447_CANNOT_NORMALIZE_VALUE Cannot normalize the wrapped value ERR_04226 I do not know how to handle NameAndOptionalUID normalization with objects of class: xmozillausehtmlmail
7228 [main] INFO  o.a.d.a.l.m.e.AbstractValue - ERR_04447_CANNOT_NORMALIZE_VALUE Cannot normalize the wrapped value ERR_04226 I do not know how to handle NameAndOptionalUID normalization with objects of class: mozillaSecondEmail
7228 [main] INFO  o.a.d.a.l.m.e.AbstractValue - ERR_04447_CANNOT_NORMALIZE_VALUE Cannot normalize the wrapped value ERR_04226 I do not know how to handle NameAndOptionalUID normalization with objects of class: mozillaPostalAddress2
7228 [main] INFO  o.a.d.a.l.m.e.AbstractValue - ERR_04447_CANNOT_NORMALIZE_VALUE Cannot normalize the wrapped value ERR_04226 I do not know how to handle NameAndOptionalUID normalization with objects of class: mozillaHomePostalAddress2
7228 [main] INFO  o.a.d.a.l.m.e.AbstractValue - ERR_04447_CANNOT_NORMALIZE_VALUE Cannot normalize the wrapped value ERR_04226 I do not know how to handle NameAndOptionalUID normalization with objects of class: mozillaHomeLocalityName
7228 [main] INFO  o.a.d.a.l.m.e.AbstractValue - ERR_04447_CANNOT_NORMALIZE_VALUE Cannot normalize the wrapped value ERR_04226 I do not know how to handle NameAndOptionalUID normalization with objects of class: mozillaHomeState
7229 [main] INFO  o.a.d.a.l.m.e.AbstractValue - ERR_04447_CANNOT_NORMALIZE_VALUE Cannot normalize the wrapped value ERR_04226 I do not know how to handle NameAndOptionalUID normalization with objects of class: mozillaHomePostalCode
7229 [main] INFO  o.a.d.a.l.m.e.AbstractValue - ERR_04447_CANNOT_NORMALIZE_VALUE Cannot normalize the wrapped value ERR_04226 I do not know how to handle NameAndOptionalUID normalization with objects of class: mozillaHomeCountryName
7229 [main] INFO  o.a.d.a.l.m.e.AbstractValue - ERR_04447_CANNOT_NORMALIZE_VALUE Cannot normalize the wrapped value ERR_04226 I do not know how to handle NameAndOptionalUID normalization with objects of class: mozillaHomeFriendlyCountryName
7229 [main] INFO  o.a.d.a.l.m.e.AbstractValue - ERR_04447_CANNOT_NORMALIZE_VALUE Cannot normalize the wrapped value ERR_04226 I do not know how to handle NameAndOptionalUID normalization with objects of class: homeurl
7229 [main] INFO  o.a.d.a.l.m.e.AbstractValue - ERR_04447_CANNOT_NORMALIZE_VALUE Cannot normalize the wrapped value ERR_04226 I do not know how to handle NameAndOptionalUID normalization with objects of class: workurl
7229 [main] INFO  o.a.d.a.l.m.e.AbstractValue - ERR_04447_CANNOT_NORMALIZE_VALUE Cannot normalize the wrapped value ERR_04226 I do not know how to handle NameAndOptionalUID normalization with objects of class: custom1
7229 [main] INFO  o.a.d.a.l.m.e.AbstractValue - ERR_04447_CANNOT_NORMALIZE_VALUE Cannot normalize the wrapped value ERR_04226 I do not know how to handle NameAndOptionalUID normalization with objects of class: custom2
7229 [main] INFO  o.a.d.a.l.m.e.AbstractValue - ERR_04447_CANNOT_NORMALIZE_VALUE Cannot normalize the wrapped value ERR_04226 I do not know how to handle NameAndOptionalUID normalization with objects of class: custom3
7229 [main] INFO  o.a.d.a.l.m.e.AbstractValue - ERR_04447_CANNOT_NORMALIZE_VALUE Cannot normalize the wrapped value ERR_04226 I do not know how to handle NameAndOptionalUID normalization with objects of class: custom4
7229 [main] INFO  o.a.d.a.l.m.e.AbstractValue - ERR_04447_CANNOT_NORMALIZE_VALUE Cannot normalize the wrapped value ERR_04226 I do not know how to handle NameAndOptionalUID normalization with objects of class: nsAIMid
7233 [main] INFO  o.a.d.a.l.m.l.LdifReader - No version information : assuming version: 1
7233 [main] INFO  o.a.d.a.l.m.e.AbstractValue - ERR_04447_CANNOT_NORMALIZE_VALUE Cannot normalize the wrapped value ERR_04226 I do not know how to handle NameAndOptionalUID normalization with objects of class: caseExactIA5SubstringsMatch
7233 [main] INFO  o.a.d.a.l.m.l.LdifReader - No version information : assuming version: 1
7234 [main] INFO  o.a.d.a.l.m.e.AbstractValue - ERR_04447_CANNOT_NORMALIZE_VALUE Cannot normalize the wrapped value ERR_04226 I do not know how to handle NameAndOptionalUID normalization with objects of class: caseExactIA5SubstringsMatch
7234 [main] INFO  o.a.d.a.l.m.l.LdifReader - No version information : assuming version: 1
7234 [main] INFO  o.a.d.a.l.m.l.LdifReader - No version information : assuming version: 1
7235 [main] INFO  o.a.d.a.l.m.l.LdifReader - No version information : assuming version: 1
7235 [main] INFO  o.a.d.a.l.m.e.AbstractValue - ERR_04447_CANNOT_NORMALIZE_VALUE Cannot normalize the wrapped value ERR_04226 I do not know how to handle NameAndOptionalUID normalization with objects of class: nisDomain
7235 [main] INFO  o.a.d.a.l.m.l.LdifReader - No version information : assuming version: 1
7236 [main] INFO  o.a.d.a.l.m.l.LdifReader - No version information : assuming version: 1
7236 [main] INFO  o.a.d.a.l.m.e.AbstractValue - ERR_04447_CANNOT_NORMALIZE_VALUE Cannot normalize the wrapped value ERR_04226 I do not know how to handle NameAndOptionalUID normalization with objects of class: uidNumber
7236 [main] INFO  o.a.d.a.l.m.e.AbstractValue - ERR_04447_CANNOT_NORMALIZE_VALUE Cannot normalize the wrapped value ERR_04226 I do not know how to handle NameAndOptionalUID normalization with objects of class: nisPublicKey
7236 [main] INFO  o.a.d.a.l.m.e.AbstractValue - ERR_04447_CANNOT_NORMALIZE_VALUE Cannot normalize the wrapped value ERR_04226 I do not know how to handle NameAndOptionalUID normalization with objects of class: nisSecretKey
7309 [main] INFO  o.a.d.s.c.p.i.b.j.JdbmIndex - Setting CacheRecondManager's cache size to 100
7368 [main] INFO  o.a.d.s.c.p.i.b.j.JdbmIndex - Setting CacheRecondManager's cache size to 100
7382 [main] INFO  o.a.d.s.c.p.i.b.j.JdbmIndex - Setting CacheRecondManager's cache size to 100
7398 [main] INFO  o.a.d.s.c.p.i.b.j.JdbmIndex - Setting CacheRecondManager's cache size to 100
7403 [main] INFO  o.a.d.s.c.p.i.b.j.JdbmIndex - Setting CacheRecondManager's cache size to 100
7414 [main] INFO  o.a.d.s.c.p.i.b.j.JdbmIndex - Setting CacheRecondManager's cache size to 100
7418 [main] INFO  o.a.d.s.c.a.CacheService - fetching the cache named alias
7418 [main] INFO  o.a.d.s.c.a.CacheService - fetching the cache named piar
7418 [main] INFO  o.a.d.s.c.a.CacheService - fetching the cache named entryDn
7419 [main] INFO  o.a.d.s.c.p.i.b.j.JdbmPartition - Setting CacheRecondManager's cache size to 100
7435 [main] INFO  o.a.d.s.c.a.CacheService - fetching the cache named system
7435 [main] INFO  o.a.d.s.c.a.CacheService - No cache with name system exists, creating one
7650 [main] INFO  o.a.d.s.c.s.TlsKeyGenerator - Keys and self signed certificate successfully generated.
7904 [main] INFO  o.a.d.s.c.a.CacheService - fetching the cache named groupCache
7939 [main] INFO  o.a.d.s.c.e.EventInterceptor - Initializing ...
7939 [main] INFO  o.a.d.s.c.e.EventInterceptor - Initialization complete.
7948 [main] WARN  o.a.d.s.c.DefaultDirectoryService - You didn't change the admin password of directory service instance 'nifi-example'.  Please update the admin password as soon as possible to prevent a possible security breach.
7949 [main] INFO  o.a.d.s.c.p.i.b.j.JdbmIndex - Setting CacheRecondManager's cache size to 100
7951 [main] INFO  o.a.d.s.c.p.i.b.j.JdbmIndex - Setting CacheRecondManager's cache size to 100
7954 [main] INFO  o.a.d.s.c.p.i.b.j.JdbmIndex - Setting CacheRecondManager's cache size to 100
7960 [main] INFO  o.a.d.s.c.p.i.b.j.JdbmIndex - Setting CacheRecondManager's cache size to 100
7964 [main] INFO  o.a.d.s.c.p.i.b.j.JdbmIndex - Setting CacheRecondManager's cache size to 100
7970 [main] INFO  o.a.d.s.c.p.i.b.j.JdbmIndex - Setting CacheRecondManager's cache size to 100
7974 [main] INFO  o.a.d.s.c.a.CacheService - fetching the cache named alias
7974 [main] INFO  o.a.d.s.c.a.CacheService - fetching the cache named piar
7974 [main] INFO  o.a.d.s.c.a.CacheService - fetching the cache named entryDn
7974 [main] INFO  o.a.d.s.c.p.i.b.j.JdbmPartition - Setting CacheRecondManager's cache size to 100
7977 [main] INFO  o.a.d.s.c.a.CacheService - fetching the cache named example
7977 [main] INFO  o.a.d.s.c.a.CacheService - No cache with name example exists, creating one
8346 [main] WARN  o.a.d.s.c.n.NormalizationInterceptor - The Rdn 'ou=groups-2' is not present in the entry
8523 [main] WARN  o.a.d.a.l.m.e.DefaultAttribute - ERR_04486_VALUE_ALREADY_EXISTS The value 'tlsKeyInfo' already exists in the attribute (objectClass)
8523 [main] WARN  o.a.d.a.l.m.e.DefaultAttribute - ERR_04486_VALUE_ALREADY_EXISTS The value 'inetOrgPerson' already exists in the attribute (objectClass)
8572 [main] INFO  o.a.d.s.c.s.TlsKeyGenerator - Keys and self signed certificate successfully generated.
8682 [main] INFO  o.a.d.s.l.LdapServer - Successful bind of an LDAP Service (32955) is completed.
8682 [main] INFO  o.a.d.s.l.LdapServer - Ldap service started.
]]></system-out>
  </testcase>
  <testcase name="testSearchGroupsWithoutMemberAttribute" classname="org.apache.nifi.registry.security.ldap.tenants.LdapUserGroupProviderTest" time="0.003"/>
  <testcase name="testReferencedUserUsingReferencedAttribute" classname="org.apache.nifi.registry.security.ldap.tenants.LdapUserGroupProviderTest" time="0.042"/>
  <testcase name="testSearchGroupsWithNameAndUserIdentityCnAttribute" classname="org.apache.nifi.registry.security.ldap.tenants.LdapUserGroupProviderTest" time="0.021"/>
  <testcase name="testSearchUsersAndGroupsMembershipThroughUsersCaseInsensitive" classname="org.apache.nifi.registry.security.ldap.tenants.LdapUserGroupProviderTest" time="0.014"/>
  <testcase name="testSearchUsersAndGroupsMembershipThroughGroupsCaseSensitive" classname="org.apache.nifi.registry.security.ldap.tenants.LdapUserGroupProviderTest" time="0.034"/>
  <testcase name="testSearchGroupsWithNoNameAttribute" classname="org.apache.nifi.registry.security.ldap.tenants.LdapUserGroupProviderTest" time="0.009"/>
  <testcase name="testSearchUsersAndGroupsMembershipThroughGroupsCaseInsensitive" classname="org.apache.nifi.registry.security.ldap.tenants.LdapUserGroupProviderTest" time="0.019"/>
  <testcase name="testSearchUsersAndGroupsMembershipThroughUsersAndGroups" classname="org.apache.nifi.registry.security.ldap.tenants.LdapUserGroupProviderTest" time="0.016"/>
  <testcase name="testInvalidGroupSearchScope" classname="org.apache.nifi.registry.security.ldap.tenants.LdapUserGroupProviderTest" time="0.004"/>
  <testcase name="testReferencedUserWithoutUserSearchBase" classname="org.apache.nifi.registry.security.ldap.tenants.LdapUserGroupProviderTest" time="0.002"/>
  <testcase name="testReferencedGroupUsingReferencedAttribute" classname="org.apache.nifi.registry.security.ldap.tenants.LdapUserGroupProviderTest" time="0.012"/>
  <testcase name="testSearchUsersAndGroupsMembershipThroughGroups" classname="org.apache.nifi.registry.security.ldap.tenants.LdapUserGroupProviderTest" time="0.009"/>
  <testcase name="testReferencedGroupAttributeWithoutGroupSearchBase" classname="org.apache.nifi.registry.security.ldap.tenants.LdapUserGroupProviderTest" time="0.003"/>
  <testcase name="testSearchUsersWithGroupingAndGroupName" classname="org.apache.nifi.registry.security.ldap.tenants.LdapUserGroupProviderTest" time="0.012">
    <system-out><![CDATA[9039 [pool-6-thread-1] INFO  o.a.d.s.l.h.LdapRequestHandler - ignoring the message MessageType : UNBIND_REQUEST
Message ID : 6
    UnBind Requestorg.apache.directory.api.ldap.model.message.UnbindRequestImpl@2e0b6fcf received from null session
]]></system-out>
  </testcase>
  <testcase name="testSearchUsersWithNoIdentityAttribute" classname="org.apache.nifi.registry.security.ldap.tenants.LdapUserGroupProviderTest" time="0.009"/>
  <testcase name="testUserIdentityMapping" classname="org.apache.nifi.registry.security.ldap.tenants.LdapUserGroupProviderTest" time="0.009"/>
  <testcase name="testSearchUsersWithFilter" classname="org.apache.nifi.registry.security.ldap.tenants.LdapUserGroupProviderTest" time="0.008">
    <system-out><![CDATA[9059 [pool-6-thread-1] INFO  o.a.d.s.l.h.LdapRequestHandler - ignoring the message MessageType : UNBIND_REQUEST
Message ID : 3
    UnBind Requestorg.apache.directory.api.ldap.model.message.UnbindRequestImpl@2e0b363c received from null session
]]></system-out>
  </testcase>
  <testcase name="testSearchUsersObjectSearchScope" classname="org.apache.nifi.registry.security.ldap.tenants.LdapUserGroupProviderTest" time="0.007">
    <system-out><![CDATA[9074 [pool-6-thread-1] INFO  o.a.d.s.l.h.LdapRequestHandler - ignoring the message MessageType : UNBIND_REQUEST
Message ID : 3
    UnBind Requestorg.apache.directory.api.ldap.model.message.UnbindRequestImpl@2e0b363c received from null session
]]></system-out>
  </testcase>
  <testcase name="testSearchUsersWithPaging" classname="org.apache.nifi.registry.security.ldap.tenants.LdapUserGroupProviderTest" time="0.028"/>
  <testcase name="testSearchGroupsSubtreeSearchScope" classname="org.apache.nifi.registry.security.ldap.tenants.LdapUserGroupProviderTest" time="0.017">
    <system-out><![CDATA[9117 [pool-6-thread-2] INFO  o.a.d.s.l.h.LdapRequestHandler - ignoring the message MessageType : UNBIND_REQUEST
Message ID : 3
    UnBind Requestorg.apache.directory.api.ldap.model.message.UnbindRequestImpl@2e0b363c received from null session
]]></system-out>
  </testcase>
  <testcase name="testSearchUsersSubtreeSearchScope" classname="org.apache.nifi.registry.security.ldap.tenants.LdapUserGroupProviderTest" time="0.01"/>
  <testcase name="testSearchUsersAndGroupsMembershipThroughUsers" classname="org.apache.nifi.registry.security.ldap.tenants.LdapUserGroupProviderTest" time="0.013"/>
  <testcase name="testSearchGroupsWithFilter" classname="org.apache.nifi.registry.security.ldap.tenants.LdapUserGroupProviderTest" time="0.009">
    <system-out><![CDATA[9149 [pool-6-thread-2] INFO  o.a.d.s.l.h.LdapRequestHandler - ignoring the message MessageType : UNBIND_REQUEST
Message ID : 3
    UnBind Requestorg.apache.directory.api.ldap.model.message.UnbindRequestImpl@2e0b363c received from null session
]]></system-out>
  </testcase>
  <testcase name="testUserSearchBaseSpecifiedButNoUserObjectClass" classname="org.apache.nifi.registry.security.ldap.tenants.LdapUserGroupProviderTest" time="0.001"/>
  <testcase name="testUserIdentityMappingWithTransforms" classname="org.apache.nifi.registry.security.ldap.tenants.LdapUserGroupProviderTest" time="0.006"/>
  <testcase name="testSearchGroupsWithNameAttribute" classname="org.apache.nifi.registry.security.ldap.tenants.LdapUserGroupProviderTest" time="0.008"/>
  <testcase name="testSearchGroupsWithPaging" classname="org.apache.nifi.registry.security.ldap.tenants.LdapUserGroupProviderTest" time="0.011"/>
  <testcase name="testReferencedGroupWithoutDefiningReferencedAttribute" classname="org.apache.nifi.registry.security.ldap.tenants.LdapUserGroupProviderTest" time="0.009"/>
  <testcase name="testNoSearchBasesSpecified" classname="org.apache.nifi.registry.security.ldap.tenants.LdapUserGroupProviderTest" time="0.002"/>
  <testcase name="testSearchUsersWithUidIdentityAttribute" classname="org.apache.nifi.registry.security.ldap.tenants.LdapUserGroupProviderTest" time="0.01"/>
  <testcase name="testUserSearchBaseSpecifiedButNoGroupSearchScope" classname="org.apache.nifi.registry.security.ldap.tenants.LdapUserGroupProviderTest" time="0.003"/>
  <testcase name="testSearchGroupsWithNoNameAndUserIdentityUidAttribute" classname="org.apache.nifi.registry.security.ldap.tenants.LdapUserGroupProviderTest" time="0.014"/>
  <testcase name="testSearchUsersWithCnIdentityAttribute" classname="org.apache.nifi.registry.security.ldap.tenants.LdapUserGroupProviderTest" time="0.008"/>
  <testcase name="testReferencedUserWithoutDefiningReferencedAttribute" classname="org.apache.nifi.registry.security.ldap.tenants.LdapUserGroupProviderTest" time="0.01"/>
  <testcase name="testUserSearchBaseSpecifiedButNoUserSearchScope" classname="org.apache.nifi.registry.security.ldap.tenants.LdapUserGroupProviderTest" time="0.003"/>
  <testcase name="testUserIdentityAndGroupMappingWithTransforms" classname="org.apache.nifi.registry.security.ldap.tenants.LdapUserGroupProviderTest" time="0.011"/>
  <testcase name="testSearchUsersWithGroupingNoGroupName" classname="org.apache.nifi.registry.security.ldap.tenants.LdapUserGroupProviderTest" time="0.007"/>
  <testcase name="testGroupSearchBaseSpecifiedButNoGroupObjectClass" classname="org.apache.nifi.registry.security.ldap.tenants.LdapUserGroupProviderTest" time="0.004"/>
  <testcase name="testSearchUsersAndGroupsNoMembership" classname="org.apache.nifi.registry.security.ldap.tenants.LdapUserGroupProviderTest" time="0.009"/>
  <testcase name="testInvalidUserSearchScope" classname="org.apache.nifi.registry.security.ldap.tenants.LdapUserGroupProviderTest" time="0.002"/>
</testsuite>