<?xml version="1.0" encoding="UTF-8"?>
<testsuite xmlns:xsi="http://www.w3.org/2001/XMLSchema-instance" xsi:noNamespaceSchemaLocation="https://maven.apache.org/surefire/maven-surefire-plugin/xsd/surefire-test-report-3.0.xsd" version="3.0" name="org.apache.nifi.processors.standard.TestExecuteSQLRecord" time="8.986" tests="18" errors="0" skipped="0" failures="0">
  <properties>
    <property name="sun.desktop" value="gnome"/>
    <property name="awt.toolkit" value="sun.awt.X11.XToolkit"/>
    <property name="file.encoding.pkg" value="sun.io"/>
    <property name="java.specification.version" value="1.8"/>
    <property name="sun.cpu.isalist" value=""/>
    <property name="sun.jnu.encoding" value="UTF-8"/>
    <property name="java.class.path" value="/home/alex/Repositories/nifi/nifi-nar-bundles/nifi-standard-bundle/nifi-standard-processors/target/test-classes:/home/alex/Repositories/nifi/nifi-nar-bundles/nifi-standard-bundle/nifi-standard-processors/target/classes:/home/alex/.m2/repository/org/apache/ftpserver/ftpserver-core/1.1.1/ftpserver-core-1.1.1.jar:/home/alex/.m2/repository/org/apache/ftpserver/ftplet-api/1.1.1/ftplet-api-1.1.1.jar:/home/alex/.m2/repository/org/slf4j/slf4j-api/1.7.32/slf4j-api-1.7.32.jar:/home/alex/.m2/repository/org/apache/mina/mina-core/2.0.16/mina-core-2.0.16.jar:/home/alex/Repositories/nifi/nifi-api/target/classes:/home/alex/Repositories/nifi/nifi-commons/nifi-expression-language/target/classes:/home/alex/.m2/repository/org/antlr/antlr-runtime/3.5.2/antlr-runtime-3.5.2.jar:/home/alex/Repositories/nifi/nifi-commons/nifi-parameter/target/classes:/home/alex/Repositories/nifi/nifi-commons/nifi-uuid5/target/classes:/home/alex/.m2/repository/org/apache/commons/commons-text/1.8/commons-text-1.8.jar:/home/alex/Repositories/nifi/nifi-nar-bundles/nifi-extension-utils/nifi-processor-utils/target/classes:/home/alex/Repositories/nifi/nifi-commons/nifi-security-socket-ssl/target/classes:/home/alex/Repositories/nifi/nifi-nar-bundles/nifi-extension-utils/nifi-event-transport/target/classes:/home/alex/.m2/repository/io/netty/netty-handler/4.1.69.Final/netty-handler-4.1.69.Final.jar:/home/alex/.m2/repository/io/netty/netty-common/4.1.69.Final/netty-common-4.1.69.Final.jar:/home/alex/.m2/repository/io/netty/netty-resolver/4.1.69.Final/netty-resolver-4.1.69.Final.jar:/home/alex/.m2/repository/io/netty/netty-transport/4.1.69.Final/netty-transport-4.1.69.Final.jar:/home/alex/.m2/repository/io/netty/netty-codec/4.1.69.Final/netty-codec-4.1.69.Final.jar:/home/alex/Repositories/nifi/nifi-nar-bundles/nifi-extension-utils/nifi-syslog-utils/target/classes:/home/alex/.m2/repository/com/github/palindromicity/simple-syslog-5424/0.0.16/simple-syslog-5424-0.0.16.jar:/home/alex/.m2/repository/org/antlr/antlr4-runtime/4.7.2/antlr4-runtime-4.7.2.jar:/home/alex/Repositories/nifi/nifi-commons/nifi-utils/target/classes:/home/alex/Repositories/nifi/nifi-commons/nifi-record-path/target/classes:/home/alex/Repositories/nifi/nifi-commons/nifi-properties/target/classes:/home/alex/Repositories/nifi/nifi-commons/nifi-property-utils/target/classes:/home/alex/.m2/repository/com/github/ben-manes/caffeine/caffeine/2.8.1/caffeine-2.8.1.jar:/home/alex/Repositories/nifi/nifi-nar-bundles/nifi-standard-services/nifi-ssl-context-service-api/target/classes:/home/alex/Repositories/nifi/nifi-commons/nifi-security-utils-api/target/classes:/home/alex/Repositories/nifi/nifi-nar-bundles/nifi-standard-services/nifi-lookup-service-api/target/classes:/home/alex/Repositories/nifi/nifi-commons/nifi-flowfile-packager/target/classes:/home/alex/Repositories/nifi/nifi-nar-bundles/nifi-standard-services/nifi-distributed-cache-client-service-api/target/classes:/home/alex/Repositories/nifi/nifi-nar-bundles/nifi-standard-services/nifi-http-context-map-api/target/classes:/home/alex/Repositories/nifi/nifi-nar-bundles/nifi-standard-services/nifi-record-serialization-service-api/target/classes:/home/alex/Repositories/nifi/nifi-nar-bundles/nifi-standard-services/nifi-proxy-configuration-api/target/classes:/home/alex/Repositories/nifi/nifi-commons/nifi-record/target/classes:/home/alex/Repositories/nifi/nifi-nar-bundles/nifi-standard-services/nifi-record-sink-api/target/classes:/home/alex/.m2/repository/commons-io/commons-io/2.10.0/commons-io-2.10.0.jar:/home/alex/.m2/repository/javax/ws/rs/javax.ws.rs-api/2.1/javax.ws.rs-api-2.1.jar:/home/alex/.m2/repository/commons-net/commons-net/3.6/commons-net-3.6.jar:/home/alex/.m2/repository/org/apache/commons/commons-compress/1.21/commons-compress-1.21.jar:/home/alex/.m2/repository/org/apache/commons/commons-lang3/3.9/commons-lang3-3.9.jar:/home/alex/.m2/repository/org/bouncycastle/bcprov-jdk15on/1.69/bcprov-jdk15on-1.69.jar:/home/alex/.m2/repository/org/bouncycastle/bcpg-jdk15on/1.69/bcpg-jdk15on-1.69.jar:/home/alex/.m2/repository/org/bouncycastle/bcpkix-jdk15on/1.69/bcpkix-jdk15on-1.69.jar:/home/alex/.m2/repository/org/bouncycastle/bcutil-jdk15on/1.69/bcutil-jdk15on-1.69.jar:/home/alex/.m2/repository/commons-codec/commons-codec/1.14/commons-codec-1.14.jar:/home/alex/Repositories/nifi/nifi-commons/nifi-security-utils/target/classes:/home/alex/Repositories/nifi/nifi-commons/nifi-security-kms/target/classes:/home/alex/.m2/repository/org/apache/commons/commons-configuration2/2.7/commons-configuration2-2.7.jar:/home/alex/.m2/repository/com/hierynomus/sshj/0.32.0/sshj-0.32.0.jar:/home/alex/.m2/repository/com/jcraft/jzlib/1.1.3/jzlib-1.1.3.jar:/home/alex/.m2/repository/com/hierynomus/asn-one/0.6.0/asn-one-0.6.0.jar:/home/alex/.m2/repository/net/i2p/crypto/eddsa/0.3.0/eddsa-0.3.0.jar:/home/alex/.m2/repository/org/eclipse/jetty/jetty-server/9.4.44.v20210927/jetty-server-9.4.44.v20210927.jar:/home/alex/.m2/repository/javax/servlet/javax.servlet-api/3.1.0/javax.servlet-api-3.1.0.jar:/home/alex/.m2/repository/org/eclipse/jetty/jetty-http/9.4.44.v20210927/jetty-http-9.4.44.v20210927.jar:/home/alex/.m2/repository/org/eclipse/jetty/jetty-util/9.4.44.v20210927/jetty-util-9.4.44.v20210927.jar:/home/alex/.m2/repository/org/eclipse/jetty/jetty-io/9.4.44.v20210927/jetty-io-9.4.44.v20210927.jar:/home/alex/.m2/repository/org/eclipse/jetty/jetty-servlet/9.4.44.v20210927/jetty-servlet-9.4.44.v20210927.jar:/home/alex/.m2/repository/org/eclipse/jetty/jetty-security/9.4.44.v20210927/jetty-security-9.4.44.v20210927.jar:/home/alex/.m2/repository/org/eclipse/jetty/jetty-util-ajax/9.4.44.v20210927/jetty-util-ajax-9.4.44.v20210927.jar:/home/alex/.m2/repository/org/apache/httpcomponents/httpclient/4.5.5/httpclient-4.5.5.jar:/home/alex/.m2/repository/commons-logging/commons-logging/1.2/commons-logging-1.2.jar:/home/alex/.m2/repository/org/apache/httpcomponents/httpcore/4.4.9/httpcore-4.4.9.jar:/home/alex/.m2/repository/jakarta/activation/jakarta.activation-api/2.0.1/jakarta.activation-api-2.0.1.jar:/home/alex/.m2/repository/com/sun/activation/jakarta.activation/2.0.1/jakarta.activation-2.0.1.jar:/home/alex/.m2/repository/jakarta/mail/jakarta.mail-api/2.0.1/jakarta.mail-api-2.0.1.jar:/home/alex/.m2/repository/com/sun/mail/jakarta.mail/2.0.1/jakarta.mail-2.0.1.jar:/home/alex/.m2/repository/com/github/jponge/lzma-java/1.3/lzma-java-1.3.jar:/home/alex/.m2/repository/org/tukaani/xz/1.8/xz-1.8.jar:/home/alex/.m2/repository/net/sf/saxon/Saxon-HE/10.6/Saxon-HE-10.6.jar:/home/alex/Repositories/nifi/nifi-commons/nifi-socket-utils/target/classes:/home/alex/Repositories/nifi/nifi-commons/nifi-logging-utils/target/classes:/home/alex/Repositories/nifi/nifi-nar-bundles/nifi-standard-services/nifi-load-distribution-service-api/target/classes:/home/alex/.m2/repository/javax/jms/javax.jms-api/2.0.1/javax.jms-api-2.0.1.jar:/home/alex/.m2/repository/org/apache/activemq/activemq-client/5.15.15/activemq-client-5.15.15.jar:/home/alex/.m2/repository/org/apache/geronimo/specs/geronimo-jms_1.1_spec/1.1.1/geronimo-jms_1.1_spec-1.1.1.jar:/home/alex/.m2/repository/org/fusesource/hawtbuf/hawtbuf/1.11/hawtbuf-1.11.jar:/home/alex/.m2/repository/org/apache/geronimo/specs/geronimo-j2ee-management_1.1_spec/1.0.1/geronimo-j2ee-management_1.1_spec-1.0.1.jar:/home/alex/.m2/repository/com/jayway/jsonpath/json-path/2.6.0/json-path-2.6.0.jar:/home/alex/.m2/repository/net/minidev/json-smart/2.4.7/json-smart-2.4.7.jar:/home/alex/.m2/repository/net/minidev/accessors-smart/2.4.7/accessors-smart-2.4.7.jar:/home/alex/.m2/repository/org/ow2/asm/asm/9.1/asm-9.1.jar:/home/alex/.m2/repository/org/apache/tika/tika-core/1.26/tika-core-1.26.jar:/home/alex/.m2/repository/com/fasterxml/jackson/core/jackson-databind/2.12.3/jackson-databind-2.12.3.jar:/home/alex/.m2/repository/com/fasterxml/jackson/core/jackson-annotations/2.12.3/jackson-annotations-2.12.3.jar:/home/alex/.m2/repository/com/fasterxml/jackson/core/jackson-core/2.12.3/jackson-core-2.12.3.jar:/home/alex/Repositories/nifi/nifi-nar-bundles/nifi-extension-utils/nifi-record-utils/nifi-avro-record-utils/target/classes:/home/alex/Repositories/nifi/nifi-nar-bundles/nifi-extension-utils/nifi-record-utils/nifi-standard-record-utils/target/classes:/home/alex/.m2/repository/org/apache/avro/avro/1.8.1/avro-1.8.1.jar:/home/alex/.m2/repository/org/codehaus/jackson/jackson-core-asl/1.9.13/jackson-core-asl-1.9.13.jar:/home/alex/.m2/repository/org/codehaus/jackson/jackson-mapper-asl/1.9.13/jackson-mapper-asl-1.9.13.jar:/home/alex/.m2/repository/com/thoughtworks/paranamer/paranamer/2.7/paranamer-2.7.jar:/home/alex/Repositories/nifi/nifi-nar-bundles/nifi-standard-services/nifi-dbcp-service-api/target/classes:/home/alex/.m2/repository/com/squareup/okhttp3/okhttp/4.9.2/okhttp-4.9.2.jar:/home/alex/.m2/repository/com/squareup/okio/okio/2.8.0/okio-2.8.0.jar:/home/alex/.m2/repository/org/jetbrains/kotlin/kotlin-stdlib-common/1.4.0/kotlin-stdlib-common-1.4.0.jar:/home/alex/.m2/repository/org/jetbrains/kotlin/kotlin-stdlib/1.4.10/kotlin-stdlib-1.4.10.jar:/home/alex/.m2/repository/org/jetbrains/annotations/13.0/annotations-13.0.jar:/home/alex/.m2/repository/io/github/rburgst/okhttp-digest/2.5/okhttp-digest-2.5.jar:/home/alex/.m2/repository/at/favre/lib/bcrypt/0.9.0/bcrypt-0.9.0.jar:/home/alex/.m2/repository/at/favre/lib/bytes/1.3.0/bytes-1.3.0.jar:/home/alex/.m2/repository/com/google/guava/guava/28.0-jre/guava-28.0-jre.jar:/home/alex/.m2/repository/com/google/guava/failureaccess/1.0.1/failureaccess-1.0.1.jar:/home/alex/.m2/repository/com/google/guava/listenablefuture/9999.0-empty-to-avoid-conflict-with-guava/listenablefuture-9999.0-empty-to-avoid-conflict-with-guava.jar:/home/alex/.m2/repository/com/google/code/findbugs/jsr305/3.0.2/jsr305-3.0.2.jar:/home/alex/.m2/repository/org/checkerframework/checker-qual/2.8.1/checker-qual-2.8.1.jar:/home/alex/.m2/repository/com/google/errorprone/error_prone_annotations/2.3.2/error_prone_annotations-2.3.2.jar:/home/alex/.m2/repository/com/google/j2objc/j2objc-annotations/1.3/j2objc-annotations-1.3.jar:/home/alex/.m2/repository/org/codehaus/mojo/animal-sniffer-annotations/1.17/animal-sniffer-annotations-1.17.jar:/home/alex/Repositories/nifi/nifi-mock/target/classes:/home/alex/Repositories/nifi/nifi-framework-api/target/classes:/home/alex/Repositories/nifi/nifi-nar-bundles/nifi-framework-bundle/nifi-framework/nifi-framework-core-api/target/classes:/home/alex/Repositories/nifi/nifi-nar-bundles/nifi-framework-bundle/nifi-framework/nifi-framework-nar-utils/target/classes:/home/alex/Repositories/nifi/nifi-nar-bundles/nifi-framework-bundle/nifi-framework/nifi-client-dto/target/classes:/home/alex/.m2/repository/io/swagger/swagger-annotations/1.6.0/swagger-annotations-1.6.0.jar:/home/alex/Repositories/nifi/nifi-commons/nifi-site-to-site-client/target/classes:/home/alex/.m2/repository/org/apache/httpcomponents/httpasyncclient/4.1.4/httpasyncclient-4.1.4.jar:/home/alex/.m2/repository/org/apache/httpcomponents/httpcore-nio/4.4.10/httpcore-nio-4.4.10.jar:/home/alex/Repositories/nifi/nifi-nar-bundles/nifi-framework-bundle/nifi-framework/nifi-framework-authorization/target/classes:/home/alex/Repositories/nifi/nifi-registry/nifi-registry-core/nifi-registry-data-model/target/classes:/home/alex/Repositories/nifi/nifi-registry/nifi-registry-core/nifi-registry-revision/nifi-registry-revision-entity-model/target/classes:/home/alex/Repositories/nifi/nifi-registry/nifi-registry-core/nifi-registry-client/target/classes:/home/alex/Repositories/nifi/nifi-registry/nifi-registry-core/nifi-registry-security-utils/target/classes:/home/alex/.m2/repository/org/glassfish/jersey/core/jersey-client/2.33/jersey-client-2.33.jar:/home/alex/.m2/repository/jakarta/ws/rs/jakarta.ws.rs-api/2.1.6/jakarta.ws.rs-api-2.1.6.jar:/home/alex/.m2/repository/org/glassfish/hk2/external/jakarta.inject/2.6.1/jakarta.inject-2.6.1.jar:/home/alex/.m2/repository/org/glassfish/jersey/media/jersey-media-json-jackson/2.33/jersey-media-json-jackson-2.33.jar:/home/alex/.m2/repository/org/glassfish/jersey/ext/jersey-entity-filtering/2.33/jersey-entity-filtering-2.33.jar:/home/alex/.m2/repository/org/glassfish/jersey/inject/jersey-hk2/2.33/jersey-hk2-2.33.jar:/home/alex/.m2/repository/org/glassfish/hk2/hk2-locator/2.6.1/hk2-locator-2.6.1.jar:/home/alex/.m2/repository/org/glassfish/hk2/external/aopalliance-repackaged/2.6.1/aopalliance-repackaged-2.6.1.jar:/home/alex/.m2/repository/org/glassfish/hk2/hk2-api/2.6.1/hk2-api-2.6.1.jar:/home/alex/.m2/repository/org/glassfish/hk2/hk2-utils/2.6.1/hk2-utils-2.6.1.jar:/home/alex/.m2/repository/org/javassist/javassist/3.25.0-GA/javassist-3.25.0-GA.jar:/home/alex/.m2/repository/org/glassfish/jersey/core/jersey-common/2.33/jersey-common-2.33.jar:/home/alex/.m2/repository/jakarta/annotation/jakarta.annotation-api/1.3.5/jakarta.annotation-api-1.3.5.jar:/home/alex/.m2/repository/org/glassfish/hk2/osgi-resource-locator/1.0.3/osgi-resource-locator-1.0.3.jar:/home/alex/.m2/repository/org/glassfish/jersey/media/jersey-media-multipart/2.33/jersey-media-multipart-2.33.jar:/home/alex/.m2/repository/org/jvnet/mimepull/mimepull/1.9.13/mimepull-1.9.13.jar:/home/alex/Repositories/nifi/nifi-commons/nifi-data-provenance-utils/target/classes:/home/alex/Repositories/nifi/nifi-nar-bundles/nifi-standard-services/nifi-distributed-cache-services-bundle/nifi-distributed-cache-client-service/target/classes:/home/alex/Repositories/nifi/nifi-nar-bundles/nifi-standard-services/nifi-distributed-cache-services-bundle/nifi-distributed-cache-protocol/target/classes:/home/alex/.m2/repository/io/netty/netty-buffer/4.1.69.Final/netty-buffer-4.1.69.Final.jar:/home/alex/.m2/repository/com/google/http-client/google-http-client/1.28.0/google-http-client-1.28.0.jar:/home/alex/.m2/repository/io/opencensus/opencensus-api/0.18.0/opencensus-api-0.18.0.jar:/home/alex/.m2/repository/io/grpc/grpc-context/1.14.0/grpc-context-1.14.0.jar:/home/alex/.m2/repository/io/opencensus/opencensus-contrib-http-util/0.18.0/opencensus-contrib-http-util-0.18.0.jar:/home/alex/.m2/repository/org/apache/activemq/activemq-broker/5.15.14/activemq-broker-5.15.14.jar:/home/alex/.m2/repository/org/apache/activemq/activemq-openwire-legacy/5.15.14/activemq-openwire-legacy-5.15.14.jar:/home/alex/Repositories/nifi/nifi-nar-bundles/nifi-standard-services/nifi-ssl-context-bundle/nifi-ssl-context-service/target/classes:/home/alex/Repositories/nifi/nifi-nar-bundles/nifi-framework-bundle/nifi-framework/nifi-standard-prioritizers/target/classes:/home/alex/Repositories/nifi/nifi-nar-bundles/nifi-extension-utils/nifi-record-utils/nifi-mock-record-utils/target/classes:/home/alex/Repositories/nifi/nifi-nar-bundles/nifi-standard-services/nifi-record-serialization-services-bundle/nifi-record-serialization-services/target/classes:/home/alex/.m2/repository/org/apache/commons/commons-csv/1.8/commons-csv-1.8.jar:/home/alex/.m2/repository/com/fasterxml/jackson/dataformat/jackson-dataformat-csv/2.12.3/jackson-dataformat-csv-2.12.3.jar:/home/alex/.m2/repository/net/java/dev/stax-utils/stax-utils/20070216/stax-utils-20070216.jar:/home/alex/Repositories/nifi/nifi-nar-bundles/nifi-standard-services/nifi-lookup-services-bundle/nifi-lookup-services/target/classes:/home/alex/.m2/repository/commons-beanutils/commons-beanutils/1.9.4/commons-beanutils-1.9.4.jar:/home/alex/.m2/repository/commons-collections/commons-collections/3.2.2/commons-collections-3.2.2.jar:/home/alex/.m2/repository/com/maxmind/geoip2/geoip2/2.12.0/geoip2-2.12.0.jar:/home/alex/.m2/repository/com/maxmind/db/maxmind-db/1.2.2/maxmind-db-1.2.2.jar:/home/alex/.m2/repository/org/apache/derby/derby/10.14.2.0/derby-10.14.2.0.jar:/home/alex/.m2/repository/org/xerial/snappy/snappy-java/1.1.7.3/snappy-java-1.1.7.3.jar:/home/alex/.m2/repository/net/lingala/zip4j/zip4j/2.8.0/zip4j-2.8.0.jar:/home/alex/.m2/repository/com/h2database/h2/1.4.187/h2-1.4.187.jar:/home/alex/.m2/repository/org/mockftpserver/MockFtpServer/2.7.1/MockFtpServer-2.7.1.jar:/home/alex/.m2/repository/org/apache/sshd/sshd-core/1.7.0/sshd-core-1.7.0.jar:/home/alex/.m2/repository/com/bazaarvoice/jolt/jolt-core/0.1.1/jolt-core-0.1.1.jar:/home/alex/.m2/repository/javax/inject/javax.inject/1/javax.inject-1.jar:/home/alex/.m2/repository/com/bazaarvoice/jolt/json-utils/0.1.1/json-utils-0.1.1.jar:/home/alex/Repositories/nifi/nifi-nar-bundles/nifi-standard-bundle/nifi-standard-utils/target/classes:/home/alex/.m2/repository/net/sf/supercsv/super-csv/2.4.0/super-csv-2.4.0.jar:/home/alex/.m2/repository/com/fluenda/parcefone/2.1.0/parcefone-2.1.0.jar:/home/alex/.m2/repository/javax/validation/validation-api/1.1.0.Final/validation-api-1.1.0.Final.jar:/home/alex/.m2/repository/javax/el/javax.el-api/3.0.0/javax.el-api-3.0.0.jar:/home/alex/.m2/repository/com/github/wnameless/json/json-flattener/0.12.0/json-flattener-0.12.0.jar:/home/alex/.m2/repository/com/github/wnameless/json/json-base/2.0.0/json-base-2.0.0.jar:/home/alex/.m2/repository/org/apache/bval/bval-jsr/1.1.2/bval-jsr-1.1.2.jar:/home/alex/.m2/repository/org/apache/bval/bval-core/1.1.2/bval-core-1.1.2.jar:/home/alex/.m2/repository/io/krakens/java-grok/0.1.9/java-grok-0.1.9.jar:/home/alex/.m2/repository/org/apache/calcite/calcite-core/1.27.0/calcite-core-1.27.0.jar:/home/alex/.m2/repository/org/apache/calcite/calcite-linq4j/1.27.0/calcite-linq4j-1.27.0.jar:/home/alex/.m2/repository/com/esri/geometry/esri-geometry-api/2.2.0/esri-geometry-api-2.2.0.jar:/home/alex/.m2/repository/org/apache/calcite/avatica/avatica-core/1.18.0/avatica-core-1.18.0.jar:/home/alex/.m2/repository/org/apache/calcite/avatica/avatica-metrics/1.18.0/avatica-metrics-1.18.0.jar:/home/alex/.m2/repository/com/google/protobuf/protobuf-java/3.6.1/protobuf-java-3.6.1.jar:/home/alex/.m2/repository/org/apiguardian/apiguardian-api/1.1.0/apiguardian-api-1.1.0.jar:/home/alex/.m2/repository/com/fasterxml/jackson/dataformat/jackson-dataformat-yaml/2.10.0/jackson-dataformat-yaml-2.10.0.jar:/home/alex/.m2/repository/org/yaml/snakeyaml/1.29/snakeyaml-1.29.jar:/home/alex/.m2/repository/com/google/uzaygezen/uzaygezen-core/0.2/uzaygezen-core-0.2.jar:/home/alex/.m2/repository/com/yahoo/datasketches/sketches-core/0.9.0/sketches-core-0.9.0.jar:/home/alex/.m2/repository/com/yahoo/datasketches/memory/0.9.0/memory-0.9.0.jar:/home/alex/.m2/repository/net/hydromatic/aggdesigner-algorithm/6.0/aggdesigner-algorithm-6.0.jar:/home/alex/.m2/repository/commons-lang/commons-lang/2.4/commons-lang-2.4.jar:/home/alex/.m2/repository/org/apache/commons/commons-dbcp2/2.6.0/commons-dbcp2-2.6.0.jar:/home/alex/.m2/repository/org/apache/commons/commons-pool2/2.6.1/commons-pool2-2.6.1.jar:/home/alex/.m2/repository/org/codehaus/janino/commons-compiler/3.0.11/commons-compiler-3.0.11.jar:/home/alex/.m2/repository/org/codehaus/janino/janino/3.0.11/janino-3.0.11.jar:/home/alex/Repositories/nifi/nifi-nar-bundles/nifi-standard-services/nifi-schema-registry-service-api/target/classes:/home/alex/Repositories/nifi/nifi-nar-bundles/nifi-extension-utils/nifi-database-utils/target/classes:/home/alex/Repositories/nifi/nifi-nar-bundles/nifi-standard-bundle/nifi-standard-web-test-utils/target/classes:/home/alex/.m2/repository/com/github/stefanbirkner/fake-sftp-server-rule/2.0.1/fake-sftp-server-rule-2.0.1.jar:/home/alex/.m2/repository/com/github/marschall/memoryfilesystem/2.8.0/memoryfilesystem-2.8.0.jar:/home/alex/.m2/repository/junit/junit/4.13.2/junit-4.13.2.jar:/home/alex/.m2/repository/org/hamcrest/hamcrest-core/1.3/hamcrest-core-1.3.jar:/home/alex/Repositories/nifi/nifi-nar-bundles/nifi-extension-utils/nifi-database-test-utils/target/classes:/home/alex/.m2/repository/org/codehaus/groovy/groovy-json/2.5.14/groovy-json-2.5.14.jar:/home/alex/.m2/repository/org/codehaus/groovy/groovy/2.5.14/groovy-2.5.14.jar:/home/alex/.m2/repository/org/codehaus/groovy/groovy-servlet/2.5.14/groovy-servlet-2.5.14.jar:/home/alex/.m2/repository/org/codehaus/groovy/groovy-templates/2.5.14/groovy-templates-2.5.14.jar:/home/alex/.m2/repository/org/codehaus/groovy/groovy-xml/2.5.14/groovy-xml-2.5.14.jar:/home/alex/.m2/repository/org/hamcrest/hamcrest-all/1.3/hamcrest-all-1.3.jar:/home/alex/.m2/repository/com/squareup/okhttp3/mockwebserver/4.9.2/mockwebserver-4.9.2.jar:/home/alex/.m2/repository/org/jetbrains/kotlin/kotlin-stdlib-jdk8/1.4.10/kotlin-stdlib-jdk8-1.4.10.jar:/home/alex/.m2/repository/org/jetbrains/kotlin/kotlin-stdlib-jdk7/1.4.10/kotlin-stdlib-jdk7-1.4.10.jar:/home/alex/.m2/repository/org/mockito/mockito-inline/3.12.4/mockito-inline-3.12.4.jar:/home/alex/.m2/repository/org/junit/jupiter/junit-jupiter-api/5.7.2/junit-jupiter-api-5.7.2.jar:/home/alex/.m2/repository/org/opentest4j/opentest4j/1.2.0/opentest4j-1.2.0.jar:/home/alex/.m2/repository/org/junit/platform/junit-platform-commons/1.7.2/junit-platform-commons-1.7.2.jar:/home/alex/.m2/repository/org/junit/jupiter/junit-jupiter-engine/5.7.2/junit-jupiter-engine-5.7.2.jar:/home/alex/.m2/repository/org/junit/platform/junit-platform-engine/1.7.2/junit-platform-engine-1.7.2.jar:/home/alex/.m2/repository/org/junit/vintage/junit-vintage-engine/5.7.2/junit-vintage-engine-5.7.2.jar:/home/alex/.m2/repository/org/junit/jupiter/junit-jupiter-params/5.7.2/junit-jupiter-params-5.7.2.jar:/home/alex/.m2/repository/org/mockito/mockito-core/3.11.2/mockito-core-3.11.2.jar:/home/alex/.m2/repository/net/bytebuddy/byte-buddy/1.11.3/byte-buddy-1.11.3.jar:/home/alex/.m2/repository/net/bytebuddy/byte-buddy-agent/1.11.3/byte-buddy-agent-1.11.3.jar:/home/alex/.m2/repository/org/objenesis/objenesis/3.2/objenesis-3.2.jar:/home/alex/.m2/repository/org/mockito/mockito-junit-jupiter/3.11.2/mockito-junit-jupiter-3.11.2.jar:/home/alex/.m2/repository/org/slf4j/slf4j-simple/1.7.32/slf4j-simple-1.7.32.jar:/home/alex/.m2/repository/org/codehaus/groovy/groovy-test/2.5.14/groovy-test-2.5.14.jar:"/>
    <property name="org.slf4j.simpleLogger.log.nifi.processors.standard.TestExecuteSQLRecord" value="debug"/>
    <property name="java.vm.vendor" value="Private Build"/>
    <property name="sun.arch.data.model" value="64"/>
    <property name="java.vendor.url" value="http://java.oracle.com/"/>
    <property name="user.timezone" value="Europe/Lisbon"/>
    <property name="java.vm.specification.version" value="1.8"/>
    <property name="os.name" value="Linux"/>
    <property name="user.country" value="US"/>
    <property name="sun.java.launcher" value="SUN_STANDARD"/>
    <property name="sun.boot.library.path" value="/usr/lib/jvm/java-8-openjdk-amd64/jre/lib/amd64"/>
    <property name="sun.java.command" value="/home/alex/Repositories/nifi/nifi-nar-bundles/nifi-standard-bundle/nifi-standard-processors/target/surefire/surefirebooter9102486319766494456.jar /home/alex/Repositories/nifi/nifi-nar-bundles/nifi-standard-bundle/nifi-standard-processors/target/surefire 2024-05-02T03-23-33_830-jvmRun1 surefire4678910215160170132tmp surefire_698813792753071590827tmp"/>
    <property name="org.slf4j.simpleLogger.log.nifi.io.nio" value="debug"/>
    <property name="surefire.test.class.path" value="/home/alex/Repositories/nifi/nifi-nar-bundles/nifi-standard-bundle/nifi-standard-processors/target/test-classes:/home/alex/Repositories/nifi/nifi-nar-bundles/nifi-standard-bundle/nifi-standard-processors/target/classes:/home/alex/.m2/repository/org/apache/ftpserver/ftpserver-core/1.1.1/ftpserver-core-1.1.1.jar:/home/alex/.m2/repository/org/apache/ftpserver/ftplet-api/1.1.1/ftplet-api-1.1.1.jar:/home/alex/.m2/repository/org/slf4j/slf4j-api/1.7.32/slf4j-api-1.7.32.jar:/home/alex/.m2/repository/org/apache/mina/mina-core/2.0.16/mina-core-2.0.16.jar:/home/alex/Repositories/nifi/nifi-api/target/classes:/home/alex/Repositories/nifi/nifi-commons/nifi-expression-language/target/classes:/home/alex/.m2/repository/org/antlr/antlr-runtime/3.5.2/antlr-runtime-3.5.2.jar:/home/alex/Repositories/nifi/nifi-commons/nifi-parameter/target/classes:/home/alex/Repositories/nifi/nifi-commons/nifi-uuid5/target/classes:/home/alex/.m2/repository/org/apache/commons/commons-text/1.8/commons-text-1.8.jar:/home/alex/Repositories/nifi/nifi-nar-bundles/nifi-extension-utils/nifi-processor-utils/target/classes:/home/alex/Repositories/nifi/nifi-commons/nifi-security-socket-ssl/target/classes:/home/alex/Repositories/nifi/nifi-nar-bundles/nifi-extension-utils/nifi-event-transport/target/classes:/home/alex/.m2/repository/io/netty/netty-handler/4.1.69.Final/netty-handler-4.1.69.Final.jar:/home/alex/.m2/repository/io/netty/netty-common/4.1.69.Final/netty-common-4.1.69.Final.jar:/home/alex/.m2/repository/io/netty/netty-resolver/4.1.69.Final/netty-resolver-4.1.69.Final.jar:/home/alex/.m2/repository/io/netty/netty-transport/4.1.69.Final/netty-transport-4.1.69.Final.jar:/home/alex/.m2/repository/io/netty/netty-codec/4.1.69.Final/netty-codec-4.1.69.Final.jar:/home/alex/Repositories/nifi/nifi-nar-bundles/nifi-extension-utils/nifi-syslog-utils/target/classes:/home/alex/.m2/repository/com/github/palindromicity/simple-syslog-5424/0.0.16/simple-syslog-5424-0.0.16.jar:/home/alex/.m2/repository/org/antlr/antlr4-runtime/4.7.2/antlr4-runtime-4.7.2.jar:/home/alex/Repositories/nifi/nifi-commons/nifi-utils/target/classes:/home/alex/Repositories/nifi/nifi-commons/nifi-record-path/target/classes:/home/alex/Repositories/nifi/nifi-commons/nifi-properties/target/classes:/home/alex/Repositories/nifi/nifi-commons/nifi-property-utils/target/classes:/home/alex/.m2/repository/com/github/ben-manes/caffeine/caffeine/2.8.1/caffeine-2.8.1.jar:/home/alex/Repositories/nifi/nifi-nar-bundles/nifi-standard-services/nifi-ssl-context-service-api/target/classes:/home/alex/Repositories/nifi/nifi-commons/nifi-security-utils-api/target/classes:/home/alex/Repositories/nifi/nifi-nar-bundles/nifi-standard-services/nifi-lookup-service-api/target/classes:/home/alex/Repositories/nifi/nifi-commons/nifi-flowfile-packager/target/classes:/home/alex/Repositories/nifi/nifi-nar-bundles/nifi-standard-services/nifi-distributed-cache-client-service-api/target/classes:/home/alex/Repositories/nifi/nifi-nar-bundles/nifi-standard-services/nifi-http-context-map-api/target/classes:/home/alex/Repositories/nifi/nifi-nar-bundles/nifi-standard-services/nifi-record-serialization-service-api/target/classes:/home/alex/Repositories/nifi/nifi-nar-bundles/nifi-standard-services/nifi-proxy-configuration-api/target/classes:/home/alex/Repositories/nifi/nifi-commons/nifi-record/target/classes:/home/alex/Repositories/nifi/nifi-nar-bundles/nifi-standard-services/nifi-record-sink-api/target/classes:/home/alex/.m2/repository/commons-io/commons-io/2.10.0/commons-io-2.10.0.jar:/home/alex/.m2/repository/javax/ws/rs/javax.ws.rs-api/2.1/javax.ws.rs-api-2.1.jar:/home/alex/.m2/repository/commons-net/commons-net/3.6/commons-net-3.6.jar:/home/alex/.m2/repository/org/apache/commons/commons-compress/1.21/commons-compress-1.21.jar:/home/alex/.m2/repository/org/apache/commons/commons-lang3/3.9/commons-lang3-3.9.jar:/home/alex/.m2/repository/org/bouncycastle/bcprov-jdk15on/1.69/bcprov-jdk15on-1.69.jar:/home/alex/.m2/repository/org/bouncycastle/bcpg-jdk15on/1.69/bcpg-jdk15on-1.69.jar:/home/alex/.m2/repository/org/bouncycastle/bcpkix-jdk15on/1.69/bcpkix-jdk15on-1.69.jar:/home/alex/.m2/repository/org/bouncycastle/bcutil-jdk15on/1.69/bcutil-jdk15on-1.69.jar:/home/alex/.m2/repository/commons-codec/commons-codec/1.14/commons-codec-1.14.jar:/home/alex/Repositories/nifi/nifi-commons/nifi-security-utils/target/classes:/home/alex/Repositories/nifi/nifi-commons/nifi-security-kms/target/classes:/home/alex/.m2/repository/org/apache/commons/commons-configuration2/2.7/commons-configuration2-2.7.jar:/home/alex/.m2/repository/com/hierynomus/sshj/0.32.0/sshj-0.32.0.jar:/home/alex/.m2/repository/com/jcraft/jzlib/1.1.3/jzlib-1.1.3.jar:/home/alex/.m2/repository/com/hierynomus/asn-one/0.6.0/asn-one-0.6.0.jar:/home/alex/.m2/repository/net/i2p/crypto/eddsa/0.3.0/eddsa-0.3.0.jar:/home/alex/.m2/repository/org/eclipse/jetty/jetty-server/9.4.44.v20210927/jetty-server-9.4.44.v20210927.jar:/home/alex/.m2/repository/javax/servlet/javax.servlet-api/3.1.0/javax.servlet-api-3.1.0.jar:/home/alex/.m2/repository/org/eclipse/jetty/jetty-http/9.4.44.v20210927/jetty-http-9.4.44.v20210927.jar:/home/alex/.m2/repository/org/eclipse/jetty/jetty-util/9.4.44.v20210927/jetty-util-9.4.44.v20210927.jar:/home/alex/.m2/repository/org/eclipse/jetty/jetty-io/9.4.44.v20210927/jetty-io-9.4.44.v20210927.jar:/home/alex/.m2/repository/org/eclipse/jetty/jetty-servlet/9.4.44.v20210927/jetty-servlet-9.4.44.v20210927.jar:/home/alex/.m2/repository/org/eclipse/jetty/jetty-security/9.4.44.v20210927/jetty-security-9.4.44.v20210927.jar:/home/alex/.m2/repository/org/eclipse/jetty/jetty-util-ajax/9.4.44.v20210927/jetty-util-ajax-9.4.44.v20210927.jar:/home/alex/.m2/repository/org/apache/httpcomponents/httpclient/4.5.5/httpclient-4.5.5.jar:/home/alex/.m2/repository/commons-logging/commons-logging/1.2/commons-logging-1.2.jar:/home/alex/.m2/repository/org/apache/httpcomponents/httpcore/4.4.9/httpcore-4.4.9.jar:/home/alex/.m2/repository/jakarta/activation/jakarta.activation-api/2.0.1/jakarta.activation-api-2.0.1.jar:/home/alex/.m2/repository/com/sun/activation/jakarta.activation/2.0.1/jakarta.activation-2.0.1.jar:/home/alex/.m2/repository/jakarta/mail/jakarta.mail-api/2.0.1/jakarta.mail-api-2.0.1.jar:/home/alex/.m2/repository/com/sun/mail/jakarta.mail/2.0.1/jakarta.mail-2.0.1.jar:/home/alex/.m2/repository/com/github/jponge/lzma-java/1.3/lzma-java-1.3.jar:/home/alex/.m2/repository/org/tukaani/xz/1.8/xz-1.8.jar:/home/alex/.m2/repository/net/sf/saxon/Saxon-HE/10.6/Saxon-HE-10.6.jar:/home/alex/Repositories/nifi/nifi-commons/nifi-socket-utils/target/classes:/home/alex/Repositories/nifi/nifi-commons/nifi-logging-utils/target/classes:/home/alex/Repositories/nifi/nifi-nar-bundles/nifi-standard-services/nifi-load-distribution-service-api/target/classes:/home/alex/.m2/repository/javax/jms/javax.jms-api/2.0.1/javax.jms-api-2.0.1.jar:/home/alex/.m2/repository/org/apache/activemq/activemq-client/5.15.15/activemq-client-5.15.15.jar:/home/alex/.m2/repository/org/apache/geronimo/specs/geronimo-jms_1.1_spec/1.1.1/geronimo-jms_1.1_spec-1.1.1.jar:/home/alex/.m2/repository/org/fusesource/hawtbuf/hawtbuf/1.11/hawtbuf-1.11.jar:/home/alex/.m2/repository/org/apache/geronimo/specs/geronimo-j2ee-management_1.1_spec/1.0.1/geronimo-j2ee-management_1.1_spec-1.0.1.jar:/home/alex/.m2/repository/com/jayway/jsonpath/json-path/2.6.0/json-path-2.6.0.jar:/home/alex/.m2/repository/net/minidev/json-smart/2.4.7/json-smart-2.4.7.jar:/home/alex/.m2/repository/net/minidev/accessors-smart/2.4.7/accessors-smart-2.4.7.jar:/home/alex/.m2/repository/org/ow2/asm/asm/9.1/asm-9.1.jar:/home/alex/.m2/repository/org/apache/tika/tika-core/1.26/tika-core-1.26.jar:/home/alex/.m2/repository/com/fasterxml/jackson/core/jackson-databind/2.12.3/jackson-databind-2.12.3.jar:/home/alex/.m2/repository/com/fasterxml/jackson/core/jackson-annotations/2.12.3/jackson-annotations-2.12.3.jar:/home/alex/.m2/repository/com/fasterxml/jackson/core/jackson-core/2.12.3/jackson-core-2.12.3.jar:/home/alex/Repositories/nifi/nifi-nar-bundles/nifi-extension-utils/nifi-record-utils/nifi-avro-record-utils/target/classes:/home/alex/Repositories/nifi/nifi-nar-bundles/nifi-extension-utils/nifi-record-utils/nifi-standard-record-utils/target/classes:/home/alex/.m2/repository/org/apache/avro/avro/1.8.1/avro-1.8.1.jar:/home/alex/.m2/repository/org/codehaus/jackson/jackson-core-asl/1.9.13/jackson-core-asl-1.9.13.jar:/home/alex/.m2/repository/org/codehaus/jackson/jackson-mapper-asl/1.9.13/jackson-mapper-asl-1.9.13.jar:/home/alex/.m2/repository/com/thoughtworks/paranamer/paranamer/2.7/paranamer-2.7.jar:/home/alex/Repositories/nifi/nifi-nar-bundles/nifi-standard-services/nifi-dbcp-service-api/target/classes:/home/alex/.m2/repository/com/squareup/okhttp3/okhttp/4.9.2/okhttp-4.9.2.jar:/home/alex/.m2/repository/com/squareup/okio/okio/2.8.0/okio-2.8.0.jar:/home/alex/.m2/repository/org/jetbrains/kotlin/kotlin-stdlib-common/1.4.0/kotlin-stdlib-common-1.4.0.jar:/home/alex/.m2/repository/org/jetbrains/kotlin/kotlin-stdlib/1.4.10/kotlin-stdlib-1.4.10.jar:/home/alex/.m2/repository/org/jetbrains/annotations/13.0/annotations-13.0.jar:/home/alex/.m2/repository/io/github/rburgst/okhttp-digest/2.5/okhttp-digest-2.5.jar:/home/alex/.m2/repository/at/favre/lib/bcrypt/0.9.0/bcrypt-0.9.0.jar:/home/alex/.m2/repository/at/favre/lib/bytes/1.3.0/bytes-1.3.0.jar:/home/alex/.m2/repository/com/google/guava/guava/28.0-jre/guava-28.0-jre.jar:/home/alex/.m2/repository/com/google/guava/failureaccess/1.0.1/failureaccess-1.0.1.jar:/home/alex/.m2/repository/com/google/guava/listenablefuture/9999.0-empty-to-avoid-conflict-with-guava/listenablefuture-9999.0-empty-to-avoid-conflict-with-guava.jar:/home/alex/.m2/repository/com/google/code/findbugs/jsr305/3.0.2/jsr305-3.0.2.jar:/home/alex/.m2/repository/org/checkerframework/checker-qual/2.8.1/checker-qual-2.8.1.jar:/home/alex/.m2/repository/com/google/errorprone/error_prone_annotations/2.3.2/error_prone_annotations-2.3.2.jar:/home/alex/.m2/repository/com/google/j2objc/j2objc-annotations/1.3/j2objc-annotations-1.3.jar:/home/alex/.m2/repository/org/codehaus/mojo/animal-sniffer-annotations/1.17/animal-sniffer-annotations-1.17.jar:/home/alex/Repositories/nifi/nifi-mock/target/classes:/home/alex/Repositories/nifi/nifi-framework-api/target/classes:/home/alex/Repositories/nifi/nifi-nar-bundles/nifi-framework-bundle/nifi-framework/nifi-framework-core-api/target/classes:/home/alex/Repositories/nifi/nifi-nar-bundles/nifi-framework-bundle/nifi-framework/nifi-framework-nar-utils/target/classes:/home/alex/Repositories/nifi/nifi-nar-bundles/nifi-framework-bundle/nifi-framework/nifi-client-dto/target/classes:/home/alex/.m2/repository/io/swagger/swagger-annotations/1.6.0/swagger-annotations-1.6.0.jar:/home/alex/Repositories/nifi/nifi-commons/nifi-site-to-site-client/target/classes:/home/alex/.m2/repository/org/apache/httpcomponents/httpasyncclient/4.1.4/httpasyncclient-4.1.4.jar:/home/alex/.m2/repository/org/apache/httpcomponents/httpcore-nio/4.4.10/httpcore-nio-4.4.10.jar:/home/alex/Repositories/nifi/nifi-nar-bundles/nifi-framework-bundle/nifi-framework/nifi-framework-authorization/target/classes:/home/alex/Repositories/nifi/nifi-registry/nifi-registry-core/nifi-registry-data-model/target/classes:/home/alex/Repositories/nifi/nifi-registry/nifi-registry-core/nifi-registry-revision/nifi-registry-revision-entity-model/target/classes:/home/alex/Repositories/nifi/nifi-registry/nifi-registry-core/nifi-registry-client/target/classes:/home/alex/Repositories/nifi/nifi-registry/nifi-registry-core/nifi-registry-security-utils/target/classes:/home/alex/.m2/repository/org/glassfish/jersey/core/jersey-client/2.33/jersey-client-2.33.jar:/home/alex/.m2/repository/jakarta/ws/rs/jakarta.ws.rs-api/2.1.6/jakarta.ws.rs-api-2.1.6.jar:/home/alex/.m2/repository/org/glassfish/hk2/external/jakarta.inject/2.6.1/jakarta.inject-2.6.1.jar:/home/alex/.m2/repository/org/glassfish/jersey/media/jersey-media-json-jackson/2.33/jersey-media-json-jackson-2.33.jar:/home/alex/.m2/repository/org/glassfish/jersey/ext/jersey-entity-filtering/2.33/jersey-entity-filtering-2.33.jar:/home/alex/.m2/repository/org/glassfish/jersey/inject/jersey-hk2/2.33/jersey-hk2-2.33.jar:/home/alex/.m2/repository/org/glassfish/hk2/hk2-locator/2.6.1/hk2-locator-2.6.1.jar:/home/alex/.m2/repository/org/glassfish/hk2/external/aopalliance-repackaged/2.6.1/aopalliance-repackaged-2.6.1.jar:/home/alex/.m2/repository/org/glassfish/hk2/hk2-api/2.6.1/hk2-api-2.6.1.jar:/home/alex/.m2/repository/org/glassfish/hk2/hk2-utils/2.6.1/hk2-utils-2.6.1.jar:/home/alex/.m2/repository/org/javassist/javassist/3.25.0-GA/javassist-3.25.0-GA.jar:/home/alex/.m2/repository/org/glassfish/jersey/core/jersey-common/2.33/jersey-common-2.33.jar:/home/alex/.m2/repository/jakarta/annotation/jakarta.annotation-api/1.3.5/jakarta.annotation-api-1.3.5.jar:/home/alex/.m2/repository/org/glassfish/hk2/osgi-resource-locator/1.0.3/osgi-resource-locator-1.0.3.jar:/home/alex/.m2/repository/org/glassfish/jersey/media/jersey-media-multipart/2.33/jersey-media-multipart-2.33.jar:/home/alex/.m2/repository/org/jvnet/mimepull/mimepull/1.9.13/mimepull-1.9.13.jar:/home/alex/Repositories/nifi/nifi-commons/nifi-data-provenance-utils/target/classes:/home/alex/Repositories/nifi/nifi-nar-bundles/nifi-standard-services/nifi-distributed-cache-services-bundle/nifi-distributed-cache-client-service/target/classes:/home/alex/Repositories/nifi/nifi-nar-bundles/nifi-standard-services/nifi-distributed-cache-services-bundle/nifi-distributed-cache-protocol/target/classes:/home/alex/.m2/repository/io/netty/netty-buffer/4.1.69.Final/netty-buffer-4.1.69.Final.jar:/home/alex/.m2/repository/com/google/http-client/google-http-client/1.28.0/google-http-client-1.28.0.jar:/home/alex/.m2/repository/io/opencensus/opencensus-api/0.18.0/opencensus-api-0.18.0.jar:/home/alex/.m2/repository/io/grpc/grpc-context/1.14.0/grpc-context-1.14.0.jar:/home/alex/.m2/repository/io/opencensus/opencensus-contrib-http-util/0.18.0/opencensus-contrib-http-util-0.18.0.jar:/home/alex/.m2/repository/org/apache/activemq/activemq-broker/5.15.14/activemq-broker-5.15.14.jar:/home/alex/.m2/repository/org/apache/activemq/activemq-openwire-legacy/5.15.14/activemq-openwire-legacy-5.15.14.jar:/home/alex/Repositories/nifi/nifi-nar-bundles/nifi-standard-services/nifi-ssl-context-bundle/nifi-ssl-context-service/target/classes:/home/alex/Repositories/nifi/nifi-nar-bundles/nifi-framework-bundle/nifi-framework/nifi-standard-prioritizers/target/classes:/home/alex/Repositories/nifi/nifi-nar-bundles/nifi-extension-utils/nifi-record-utils/nifi-mock-record-utils/target/classes:/home/alex/Repositories/nifi/nifi-nar-bundles/nifi-standard-services/nifi-record-serialization-services-bundle/nifi-record-serialization-services/target/classes:/home/alex/.m2/repository/org/apache/commons/commons-csv/1.8/commons-csv-1.8.jar:/home/alex/.m2/repository/com/fasterxml/jackson/dataformat/jackson-dataformat-csv/2.12.3/jackson-dataformat-csv-2.12.3.jar:/home/alex/.m2/repository/net/java/dev/stax-utils/stax-utils/20070216/stax-utils-20070216.jar:/home/alex/Repositories/nifi/nifi-nar-bundles/nifi-standard-services/nifi-lookup-services-bundle/nifi-lookup-services/target/classes:/home/alex/.m2/repository/commons-beanutils/commons-beanutils/1.9.4/commons-beanutils-1.9.4.jar:/home/alex/.m2/repository/commons-collections/commons-collections/3.2.2/commons-collections-3.2.2.jar:/home/alex/.m2/repository/com/maxmind/geoip2/geoip2/2.12.0/geoip2-2.12.0.jar:/home/alex/.m2/repository/com/maxmind/db/maxmind-db/1.2.2/maxmind-db-1.2.2.jar:/home/alex/.m2/repository/org/apache/derby/derby/10.14.2.0/derby-10.14.2.0.jar:/home/alex/.m2/repository/org/xerial/snappy/snappy-java/1.1.7.3/snappy-java-1.1.7.3.jar:/home/alex/.m2/repository/net/lingala/zip4j/zip4j/2.8.0/zip4j-2.8.0.jar:/home/alex/.m2/repository/com/h2database/h2/1.4.187/h2-1.4.187.jar:/home/alex/.m2/repository/org/mockftpserver/MockFtpServer/2.7.1/MockFtpServer-2.7.1.jar:/home/alex/.m2/repository/org/apache/sshd/sshd-core/1.7.0/sshd-core-1.7.0.jar:/home/alex/.m2/repository/com/bazaarvoice/jolt/jolt-core/0.1.1/jolt-core-0.1.1.jar:/home/alex/.m2/repository/javax/inject/javax.inject/1/javax.inject-1.jar:/home/alex/.m2/repository/com/bazaarvoice/jolt/json-utils/0.1.1/json-utils-0.1.1.jar:/home/alex/Repositories/nifi/nifi-nar-bundles/nifi-standard-bundle/nifi-standard-utils/target/classes:/home/alex/.m2/repository/net/sf/supercsv/super-csv/2.4.0/super-csv-2.4.0.jar:/home/alex/.m2/repository/com/fluenda/parcefone/2.1.0/parcefone-2.1.0.jar:/home/alex/.m2/repository/javax/validation/validation-api/1.1.0.Final/validation-api-1.1.0.Final.jar:/home/alex/.m2/repository/javax/el/javax.el-api/3.0.0/javax.el-api-3.0.0.jar:/home/alex/.m2/repository/com/github/wnameless/json/json-flattener/0.12.0/json-flattener-0.12.0.jar:/home/alex/.m2/repository/com/github/wnameless/json/json-base/2.0.0/json-base-2.0.0.jar:/home/alex/.m2/repository/org/apache/bval/bval-jsr/1.1.2/bval-jsr-1.1.2.jar:/home/alex/.m2/repository/org/apache/bval/bval-core/1.1.2/bval-core-1.1.2.jar:/home/alex/.m2/repository/io/krakens/java-grok/0.1.9/java-grok-0.1.9.jar:/home/alex/.m2/repository/org/apache/calcite/calcite-core/1.27.0/calcite-core-1.27.0.jar:/home/alex/.m2/repository/org/apache/calcite/calcite-linq4j/1.27.0/calcite-linq4j-1.27.0.jar:/home/alex/.m2/repository/com/esri/geometry/esri-geometry-api/2.2.0/esri-geometry-api-2.2.0.jar:/home/alex/.m2/repository/org/apache/calcite/avatica/avatica-core/1.18.0/avatica-core-1.18.0.jar:/home/alex/.m2/repository/org/apache/calcite/avatica/avatica-metrics/1.18.0/avatica-metrics-1.18.0.jar:/home/alex/.m2/repository/com/google/protobuf/protobuf-java/3.6.1/protobuf-java-3.6.1.jar:/home/alex/.m2/repository/org/apiguardian/apiguardian-api/1.1.0/apiguardian-api-1.1.0.jar:/home/alex/.m2/repository/com/fasterxml/jackson/dataformat/jackson-dataformat-yaml/2.10.0/jackson-dataformat-yaml-2.10.0.jar:/home/alex/.m2/repository/org/yaml/snakeyaml/1.29/snakeyaml-1.29.jar:/home/alex/.m2/repository/com/google/uzaygezen/uzaygezen-core/0.2/uzaygezen-core-0.2.jar:/home/alex/.m2/repository/com/yahoo/datasketches/sketches-core/0.9.0/sketches-core-0.9.0.jar:/home/alex/.m2/repository/com/yahoo/datasketches/memory/0.9.0/memory-0.9.0.jar:/home/alex/.m2/repository/net/hydromatic/aggdesigner-algorithm/6.0/aggdesigner-algorithm-6.0.jar:/home/alex/.m2/repository/commons-lang/commons-lang/2.4/commons-lang-2.4.jar:/home/alex/.m2/repository/org/apache/commons/commons-dbcp2/2.6.0/commons-dbcp2-2.6.0.jar:/home/alex/.m2/repository/org/apache/commons/commons-pool2/2.6.1/commons-pool2-2.6.1.jar:/home/alex/.m2/repository/org/codehaus/janino/commons-compiler/3.0.11/commons-compiler-3.0.11.jar:/home/alex/.m2/repository/org/codehaus/janino/janino/3.0.11/janino-3.0.11.jar:/home/alex/Repositories/nifi/nifi-nar-bundles/nifi-standard-services/nifi-schema-registry-service-api/target/classes:/home/alex/Repositories/nifi/nifi-nar-bundles/nifi-extension-utils/nifi-database-utils/target/classes:/home/alex/Repositories/nifi/nifi-nar-bundles/nifi-standard-bundle/nifi-standard-web-test-utils/target/classes:/home/alex/.m2/repository/com/github/stefanbirkner/fake-sftp-server-rule/2.0.1/fake-sftp-server-rule-2.0.1.jar:/home/alex/.m2/repository/com/github/marschall/memoryfilesystem/2.8.0/memoryfilesystem-2.8.0.jar:/home/alex/.m2/repository/junit/junit/4.13.2/junit-4.13.2.jar:/home/alex/.m2/repository/org/hamcrest/hamcrest-core/1.3/hamcrest-core-1.3.jar:/home/alex/Repositories/nifi/nifi-nar-bundles/nifi-extension-utils/nifi-database-test-utils/target/classes:/home/alex/.m2/repository/org/codehaus/groovy/groovy-json/2.5.14/groovy-json-2.5.14.jar:/home/alex/.m2/repository/org/codehaus/groovy/groovy/2.5.14/groovy-2.5.14.jar:/home/alex/.m2/repository/org/codehaus/groovy/groovy-servlet/2.5.14/groovy-servlet-2.5.14.jar:/home/alex/.m2/repository/org/codehaus/groovy/groovy-templates/2.5.14/groovy-templates-2.5.14.jar:/home/alex/.m2/repository/org/codehaus/groovy/groovy-xml/2.5.14/groovy-xml-2.5.14.jar:/home/alex/.m2/repository/org/hamcrest/hamcrest-all/1.3/hamcrest-all-1.3.jar:/home/alex/.m2/repository/com/squareup/okhttp3/mockwebserver/4.9.2/mockwebserver-4.9.2.jar:/home/alex/.m2/repository/org/jetbrains/kotlin/kotlin-stdlib-jdk8/1.4.10/kotlin-stdlib-jdk8-1.4.10.jar:/home/alex/.m2/repository/org/jetbrains/kotlin/kotlin-stdlib-jdk7/1.4.10/kotlin-stdlib-jdk7-1.4.10.jar:/home/alex/.m2/repository/org/mockito/mockito-inline/3.12.4/mockito-inline-3.12.4.jar:/home/alex/.m2/repository/org/junit/jupiter/junit-jupiter-api/5.7.2/junit-jupiter-api-5.7.2.jar:/home/alex/.m2/repository/org/opentest4j/opentest4j/1.2.0/opentest4j-1.2.0.jar:/home/alex/.m2/repository/org/junit/platform/junit-platform-commons/1.7.2/junit-platform-commons-1.7.2.jar:/home/alex/.m2/repository/org/junit/jupiter/junit-jupiter-engine/5.7.2/junit-jupiter-engine-5.7.2.jar:/home/alex/.m2/repository/org/junit/platform/junit-platform-engine/1.7.2/junit-platform-engine-1.7.2.jar:/home/alex/.m2/repository/org/junit/vintage/junit-vintage-engine/5.7.2/junit-vintage-engine-5.7.2.jar:/home/alex/.m2/repository/org/junit/jupiter/junit-jupiter-params/5.7.2/junit-jupiter-params-5.7.2.jar:/home/alex/.m2/repository/org/mockito/mockito-core/3.11.2/mockito-core-3.11.2.jar:/home/alex/.m2/repository/net/bytebuddy/byte-buddy/1.11.3/byte-buddy-1.11.3.jar:/home/alex/.m2/repository/net/bytebuddy/byte-buddy-agent/1.11.3/byte-buddy-agent-1.11.3.jar:/home/alex/.m2/repository/org/objenesis/objenesis/3.2/objenesis-3.2.jar:/home/alex/.m2/repository/org/mockito/mockito-junit-jupiter/3.11.2/mockito-junit-jupiter-3.11.2.jar:/home/alex/.m2/repository/org/slf4j/slf4j-simple/1.7.32/slf4j-simple-1.7.32.jar:/home/alex/.m2/repository/org/codehaus/groovy/groovy-test/2.5.14/groovy-test-2.5.14.jar:"/>
    <property name="sun.cpu.endian" value="little"/>
    <property name="user.home" value="/home/alex"/>
    <property name="user.language" value="en"/>
    <property name="java.specification.vendor" value="Oracle Corporation"/>
    <property name="java.home" value="/usr/lib/jvm/java-8-openjdk-amd64/jre"/>
    <property name="basedir" value="/home/alex/Repositories/nifi/nifi-nar-bundles/nifi-standard-bundle/nifi-standard-processors"/>
    <property name="file.separator" value="/"/>
    <property name="line.separator" value="&#10;"/>
    <property name="java.vm.specification.vendor" value="Oracle Corporation"/>
    <property name="java.specification.name" value="Java Platform API Specification"/>
    <property name="derby.stream.error.file" value="target/derby.log"/>
    <property name="java.awt.graphicsenv" value="sun.awt.X11GraphicsEnvironment"/>
    <property name="org.slf4j.simpleLogger.log.org.apache.nifi.processors.standard.SQLTransform" value="debug"/>
    <property name="java.awt.headless" value="true"/>
    <property name="org.slf4j.simpleLogger.log.nifi.processors.standard.ExecuteSQLRecord" value="debug"/>
    <property name="org.slf4j.simpleLogger.showDateTime" value="true"/>
    <property name="surefire.real.class.path" value="/home/alex/Repositories/nifi/nifi-nar-bundles/nifi-standard-bundle/nifi-standard-processors/target/surefire/surefirebooter9102486319766494456.jar"/>
    <property name="sun.boot.class.path" value="/usr/lib/jvm/java-8-openjdk-amd64/jre/lib/resources.jar:/usr/lib/jvm/java-8-openjdk-amd64/jre/lib/rt.jar:/usr/lib/jvm/java-8-openjdk-amd64/jre/lib/sunrsasign.jar:/usr/lib/jvm/java-8-openjdk-amd64/jre/lib/jsse.jar:/usr/lib/jvm/java-8-openjdk-amd64/jre/lib/jce.jar:/usr/lib/jvm/java-8-openjdk-amd64/jre/lib/charsets.jar:/usr/lib/jvm/java-8-openjdk-amd64/jre/lib/jfr.jar:/usr/lib/jvm/java-8-openjdk-amd64/jre/classes"/>
    <property name="sun.management.compiler" value="HotSpot 64-Bit Tiered Compilers"/>
    <property name="java.runtime.version" value="1.8.0_402-8u402-ga-2ubuntu1~22.04-b06"/>
    <property name="java.net.preferIPv4Stack" value="true"/>
    <property name="user.name" value="alex"/>
    <property name="path.separator" value=":"/>
    <property name="os.version" value="6.5.0-28-generic"/>
    <property name="java.endorsed.dirs" value="/usr/lib/jvm/java-8-openjdk-amd64/jre/lib/endorsed"/>
    <property name="java.runtime.name" value="OpenJDK Runtime Environment"/>
    <property name="file.encoding" value="UTF-8"/>
    <property name="sun.nio.ch.bugLevel" value=""/>
    <property name="java.vm.name" value="OpenJDK 64-Bit Server VM"/>
    <property name="localRepository" value="/home/alex/.m2/repository"/>
    <property name="java.vendor.url.bug" value="http://bugreport.sun.com/bugreport/"/>
    <property name="java.io.tmpdir" value="/tmp"/>
    <property name="java.version" value="1.8.0_402"/>
    <property name="user.dir" value="/home/alex/Repositories/nifi/nifi-nar-bundles/nifi-standard-bundle/nifi-standard-processors"/>
    <property name="os.arch" value="amd64"/>
    <property name="java.vm.specification.name" value="Java Virtual Machine Specification"/>
    <property name="java.awt.printerjob" value="sun.print.PSPrinterJob"/>
    <property name="sun.os.patch.level" value="unknown"/>
    <property name="org.slf4j.simpleLogger.defaultLogLevel" value="info"/>
    <property name="java.library.path" value="/usr/java/packages/lib/amd64:/usr/lib/x86_64-linux-gnu/jni:/lib/x86_64-linux-gnu:/usr/lib/x86_64-linux-gnu:/usr/lib/jni:/lib:/usr/lib"/>
    <property name="java.vm.info" value="mixed mode"/>
    <property name="java.vendor" value="Private Build"/>
    <property name="java.vm.version" value="25.402-b06"/>
    <property name="java.specification.maintenance.version" value="5"/>
    <property name="java.ext.dirs" value="/usr/lib/jvm/java-8-openjdk-amd64/jre/lib/ext:/usr/java/packages/lib/ext"/>
    <property name="sun.io.unicode.encoding" value="UnicodeLittle"/>
    <property name="java.class.version" value="52.0"/>
  </properties>
  <testcase name="testWithOutputBatching" classname="org.apache.nifi.processors.standard.TestExecuteSQLRecord" time="3.002">
    <system-err><![CDATA[[pool-1541-thread-1] INFO org.apache.nifi.processors.standard.ExecuteSQLRecord - ExecuteSQLRecord[id=5248d88a-1077-44a5-80e8-a5c1b0697965] FlowFile[0,97542870049455.mockFlowFile,60B] contains 5 records; transferring to 'success'
[pool-1541-thread-1] INFO org.apache.nifi.processors.standard.ExecuteSQLRecord - ExecuteSQLRecord[id=5248d88a-1077-44a5-80e8-a5c1b0697965] FlowFile[1,97542872400901.mockFlowFile,60B] contains 5 records; transferring to 'success'
[pool-1541-thread-1] INFO org.apache.nifi.processors.standard.ExecuteSQLRecord - ExecuteSQLRecord[id=5248d88a-1077-44a5-80e8-a5c1b0697965] FlowFile[2,97542872603240.mockFlowFile,65B] contains 5 records; transferring to 'success'
[pool-1541-thread-1] INFO org.apache.nifi.processors.standard.ExecuteSQLRecord - ExecuteSQLRecord[id=5248d88a-1077-44a5-80e8-a5c1b0697965] FlowFile[3,97542872740710.mockFlowFile,65B] contains 5 records; transferring to 'success'
[pool-1541-thread-1] INFO org.apache.nifi.processors.standard.ExecuteSQLRecord - ExecuteSQLRecord[id=5248d88a-1077-44a5-80e8-a5c1b0697965] FlowFile[4,97542872893406.mockFlowFile,65B] contains 5 records; transferring to 'success'
[pool-1541-thread-1] INFO org.apache.nifi.processors.standard.ExecuteSQLRecord - ExecuteSQLRecord[id=5248d88a-1077-44a5-80e8-a5c1b0697965] FlowFile[5,97542873134135.mockFlowFile,65B] contains 5 records; transferring to 'success'
[pool-1541-thread-1] INFO org.apache.nifi.processors.standard.ExecuteSQLRecord - ExecuteSQLRecord[id=5248d88a-1077-44a5-80e8-a5c1b0697965] FlowFile[6,97542873354133.mockFlowFile,65B] contains 5 records; transferring to 'success'
[pool-1541-thread-1] INFO org.apache.nifi.processors.standard.ExecuteSQLRecord - ExecuteSQLRecord[id=5248d88a-1077-44a5-80e8-a5c1b0697965] FlowFile[7,97542873517348.mockFlowFile,65B] contains 5 records; transferring to 'success'
[pool-1541-thread-1] INFO org.apache.nifi.processors.standard.ExecuteSQLRecord - ExecuteSQLRecord[id=5248d88a-1077-44a5-80e8-a5c1b0697965] FlowFile[8,97542873640668.mockFlowFile,65B] contains 5 records; transferring to 'success'
[pool-1541-thread-1] INFO org.apache.nifi.processors.standard.ExecuteSQLRecord - ExecuteSQLRecord[id=5248d88a-1077-44a5-80e8-a5c1b0697965] FlowFile[9,97542873786317.mockFlowFile,65B] contains 5 records; transferring to 'success'
[pool-1541-thread-1] INFO org.apache.nifi.processors.standard.ExecuteSQLRecord - ExecuteSQLRecord[id=5248d88a-1077-44a5-80e8-a5c1b0697965] FlowFile[10,97542873952159.mockFlowFile,65B] contains 5 records; transferring to 'success'
[pool-1541-thread-1] INFO org.apache.nifi.processors.standard.ExecuteSQLRecord - ExecuteSQLRecord[id=5248d88a-1077-44a5-80e8-a5c1b0697965] FlowFile[11,97542874092413.mockFlowFile,65B] contains 5 records; transferring to 'success'
[pool-1541-thread-1] INFO org.apache.nifi.processors.standard.ExecuteSQLRecord - ExecuteSQLRecord[id=5248d88a-1077-44a5-80e8-a5c1b0697965] FlowFile[12,97542874242536.mockFlowFile,65B] contains 5 records; transferring to 'success'
[pool-1541-thread-1] INFO org.apache.nifi.processors.standard.ExecuteSQLRecord - ExecuteSQLRecord[id=5248d88a-1077-44a5-80e8-a5c1b0697965] FlowFile[13,97542874421542.mockFlowFile,65B] contains 5 records; transferring to 'success'
[pool-1541-thread-1] INFO org.apache.nifi.processors.standard.ExecuteSQLRecord - ExecuteSQLRecord[id=5248d88a-1077-44a5-80e8-a5c1b0697965] FlowFile[14,97542874585079.mockFlowFile,65B] contains 5 records; transferring to 'success'
[pool-1541-thread-1] INFO org.apache.nifi.processors.standard.ExecuteSQLRecord - ExecuteSQLRecord[id=5248d88a-1077-44a5-80e8-a5c1b0697965] FlowFile[15,97542874762420.mockFlowFile,65B] contains 5 records; transferring to 'success'
[pool-1541-thread-1] INFO org.apache.nifi.processors.standard.ExecuteSQLRecord - ExecuteSQLRecord[id=5248d88a-1077-44a5-80e8-a5c1b0697965] FlowFile[16,97542874956611.mockFlowFile,65B] contains 5 records; transferring to 'success'
[pool-1541-thread-1] INFO org.apache.nifi.processors.standard.ExecuteSQLRecord - ExecuteSQLRecord[id=5248d88a-1077-44a5-80e8-a5c1b0697965] FlowFile[17,97542875086585.mockFlowFile,65B] contains 5 records; transferring to 'success'
[pool-1541-thread-1] INFO org.apache.nifi.processors.standard.ExecuteSQLRecord - ExecuteSQLRecord[id=5248d88a-1077-44a5-80e8-a5c1b0697965] FlowFile[18,97542875217335.mockFlowFile,65B] contains 5 records; transferring to 'success'
[pool-1541-thread-1] INFO org.apache.nifi.processors.standard.ExecuteSQLRecord - ExecuteSQLRecord[id=5248d88a-1077-44a5-80e8-a5c1b0697965] FlowFile[19,97542875347675.mockFlowFile,65B] contains 5 records; transferring to 'success'
[pool-1541-thread-1] INFO org.apache.nifi.processors.standard.ExecuteSQLRecord - ExecuteSQLRecord[id=5248d88a-1077-44a5-80e8-a5c1b0697965] FlowFile[20,97542875502466.mockFlowFile,70B] contains 5 records; transferring to 'success'
[pool-1541-thread-1] INFO org.apache.nifi.processors.standard.ExecuteSQLRecord - ExecuteSQLRecord[id=5248d88a-1077-44a5-80e8-a5c1b0697965] FlowFile[21,97542875635672.mockFlowFile,70B] contains 5 records; transferring to 'success'
[pool-1541-thread-1] INFO org.apache.nifi.processors.standard.ExecuteSQLRecord - ExecuteSQLRecord[id=5248d88a-1077-44a5-80e8-a5c1b0697965] FlowFile[22,97542875712218.mockFlowFile,70B] contains 5 records; transferring to 'success'
[pool-1541-thread-1] INFO org.apache.nifi.processors.standard.ExecuteSQLRecord - ExecuteSQLRecord[id=5248d88a-1077-44a5-80e8-a5c1b0697965] FlowFile[23,97542875857441.mockFlowFile,70B] contains 5 records; transferring to 'success'
[pool-1541-thread-1] INFO org.apache.nifi.processors.standard.ExecuteSQLRecord - ExecuteSQLRecord[id=5248d88a-1077-44a5-80e8-a5c1b0697965] FlowFile[24,97542875985135.mockFlowFile,70B] contains 5 records; transferring to 'success'
[pool-1541-thread-1] INFO org.apache.nifi.processors.standard.ExecuteSQLRecord - ExecuteSQLRecord[id=5248d88a-1077-44a5-80e8-a5c1b0697965] FlowFile[25,97542876138260.mockFlowFile,70B] contains 5 records; transferring to 'success'
[pool-1541-thread-1] INFO org.apache.nifi.processors.standard.ExecuteSQLRecord - ExecuteSQLRecord[id=5248d88a-1077-44a5-80e8-a5c1b0697965] FlowFile[26,97542876283192.mockFlowFile,70B] contains 5 records; transferring to 'success'
[pool-1541-thread-1] INFO org.apache.nifi.processors.standard.ExecuteSQLRecord - ExecuteSQLRecord[id=5248d88a-1077-44a5-80e8-a5c1b0697965] FlowFile[27,97542876406287.mockFlowFile,70B] contains 5 records; transferring to 'success'
[pool-1541-thread-1] INFO org.apache.nifi.processors.standard.ExecuteSQLRecord - ExecuteSQLRecord[id=5248d88a-1077-44a5-80e8-a5c1b0697965] FlowFile[28,97542876526536.mockFlowFile,70B] contains 5 records; transferring to 'success'
[pool-1541-thread-1] INFO org.apache.nifi.processors.standard.ExecuteSQLRecord - ExecuteSQLRecord[id=5248d88a-1077-44a5-80e8-a5c1b0697965] FlowFile[29,97542876665343.mockFlowFile,70B] contains 5 records; transferring to 'success'
[pool-1541-thread-1] INFO org.apache.nifi.processors.standard.ExecuteSQLRecord - ExecuteSQLRecord[id=5248d88a-1077-44a5-80e8-a5c1b0697965] FlowFile[30,97542876803756.mockFlowFile,70B] contains 5 records; transferring to 'success'
[pool-1541-thread-1] INFO org.apache.nifi.processors.standard.ExecuteSQLRecord - ExecuteSQLRecord[id=5248d88a-1077-44a5-80e8-a5c1b0697965] FlowFile[31,97542876928482.mockFlowFile,70B] contains 5 records; transferring to 'success'
[pool-1541-thread-1] INFO org.apache.nifi.processors.standard.ExecuteSQLRecord - ExecuteSQLRecord[id=5248d88a-1077-44a5-80e8-a5c1b0697965] FlowFile[32,97542877239070.mockFlowFile,70B] contains 5 records; transferring to 'success'
[pool-1541-thread-1] INFO org.apache.nifi.processors.standard.ExecuteSQLRecord - ExecuteSQLRecord[id=5248d88a-1077-44a5-80e8-a5c1b0697965] FlowFile[33,97542877365757.mockFlowFile,70B] contains 5 records; transferring to 'success'
[pool-1541-thread-1] INFO org.apache.nifi.processors.standard.ExecuteSQLRecord - ExecuteSQLRecord[id=5248d88a-1077-44a5-80e8-a5c1b0697965] FlowFile[34,97542877487615.mockFlowFile,70B] contains 5 records; transferring to 'success'
[pool-1541-thread-1] INFO org.apache.nifi.processors.standard.ExecuteSQLRecord - ExecuteSQLRecord[id=5248d88a-1077-44a5-80e8-a5c1b0697965] FlowFile[35,97542877612200.mockFlowFile,70B] contains 5 records; transferring to 'success'
[pool-1541-thread-1] INFO org.apache.nifi.processors.standard.ExecuteSQLRecord - ExecuteSQLRecord[id=5248d88a-1077-44a5-80e8-a5c1b0697965] FlowFile[36,97542877748671.mockFlowFile,70B] contains 5 records; transferring to 'success'
[pool-1541-thread-1] INFO org.apache.nifi.processors.standard.ExecuteSQLRecord - ExecuteSQLRecord[id=5248d88a-1077-44a5-80e8-a5c1b0697965] FlowFile[37,97542877872713.mockFlowFile,70B] contains 5 records; transferring to 'success'
[pool-1541-thread-1] INFO org.apache.nifi.processors.standard.ExecuteSQLRecord - ExecuteSQLRecord[id=5248d88a-1077-44a5-80e8-a5c1b0697965] FlowFile[38,97542877992821.mockFlowFile,70B] contains 5 records; transferring to 'success'
[pool-1541-thread-1] INFO org.apache.nifi.processors.standard.ExecuteSQLRecord - ExecuteSQLRecord[id=5248d88a-1077-44a5-80e8-a5c1b0697965] FlowFile[39,97542878144439.mockFlowFile,70B] contains 5 records; transferring to 'success'
[pool-1541-thread-1] INFO org.apache.nifi.processors.standard.ExecuteSQLRecord - ExecuteSQLRecord[id=5248d88a-1077-44a5-80e8-a5c1b0697965] FlowFile[40,97542878278871.mockFlowFile,70B] contains 5 records; transferring to 'success'
[pool-1541-thread-1] INFO org.apache.nifi.processors.standard.ExecuteSQLRecord - ExecuteSQLRecord[id=5248d88a-1077-44a5-80e8-a5c1b0697965] FlowFile[41,97542878406454.mockFlowFile,70B] contains 5 records; transferring to 'success'
[pool-1541-thread-1] INFO org.apache.nifi.processors.standard.ExecuteSQLRecord - ExecuteSQLRecord[id=5248d88a-1077-44a5-80e8-a5c1b0697965] FlowFile[42,97542878548590.mockFlowFile,70B] contains 5 records; transferring to 'success'
[pool-1541-thread-1] INFO org.apache.nifi.processors.standard.ExecuteSQLRecord - ExecuteSQLRecord[id=5248d88a-1077-44a5-80e8-a5c1b0697965] FlowFile[43,97542878694622.mockFlowFile,70B] contains 5 records; transferring to 'success'
[pool-1541-thread-1] INFO org.apache.nifi.processors.standard.ExecuteSQLRecord - ExecuteSQLRecord[id=5248d88a-1077-44a5-80e8-a5c1b0697965] FlowFile[44,97542878844165.mockFlowFile,70B] contains 5 records; transferring to 'success'
[pool-1541-thread-1] INFO org.apache.nifi.processors.standard.ExecuteSQLRecord - ExecuteSQLRecord[id=5248d88a-1077-44a5-80e8-a5c1b0697965] FlowFile[45,97542879008943.mockFlowFile,70B] contains 5 records; transferring to 'success'
[pool-1541-thread-1] INFO org.apache.nifi.processors.standard.ExecuteSQLRecord - ExecuteSQLRecord[id=5248d88a-1077-44a5-80e8-a5c1b0697965] FlowFile[46,97542879128595.mockFlowFile,70B] contains 5 records; transferring to 'success'
[pool-1541-thread-1] INFO org.apache.nifi.processors.standard.ExecuteSQLRecord - ExecuteSQLRecord[id=5248d88a-1077-44a5-80e8-a5c1b0697965] FlowFile[47,97542879244583.mockFlowFile,70B] contains 5 records; transferring to 'success'
[pool-1541-thread-1] INFO org.apache.nifi.processors.standard.ExecuteSQLRecord - ExecuteSQLRecord[id=5248d88a-1077-44a5-80e8-a5c1b0697965] FlowFile[48,97542879383450.mockFlowFile,70B] contains 5 records; transferring to 'success'
[pool-1541-thread-1] INFO org.apache.nifi.processors.standard.ExecuteSQLRecord - ExecuteSQLRecord[id=5248d88a-1077-44a5-80e8-a5c1b0697965] FlowFile[49,97542879503670.mockFlowFile,70B] contains 5 records; transferring to 'success'
[pool-1541-thread-1] INFO org.apache.nifi.processors.standard.ExecuteSQLRecord - ExecuteSQLRecord[id=5248d88a-1077-44a5-80e8-a5c1b0697965] FlowFile[50,97542879636243.mockFlowFile,70B] contains 5 records; transferring to 'success'
[pool-1541-thread-1] INFO org.apache.nifi.processors.standard.ExecuteSQLRecord - ExecuteSQLRecord[id=5248d88a-1077-44a5-80e8-a5c1b0697965] FlowFile[51,97542879756333.mockFlowFile,70B] contains 5 records; transferring to 'success'
[pool-1541-thread-1] INFO org.apache.nifi.processors.standard.ExecuteSQLRecord - ExecuteSQLRecord[id=5248d88a-1077-44a5-80e8-a5c1b0697965] FlowFile[52,97542879892427.mockFlowFile,70B] contains 5 records; transferring to 'success'
[pool-1541-thread-1] INFO org.apache.nifi.processors.standard.ExecuteSQLRecord - ExecuteSQLRecord[id=5248d88a-1077-44a5-80e8-a5c1b0697965] FlowFile[53,97542880051320.mockFlowFile,70B] contains 5 records; transferring to 'success'
[pool-1541-thread-1] INFO org.apache.nifi.processors.standard.ExecuteSQLRecord - ExecuteSQLRecord[id=5248d88a-1077-44a5-80e8-a5c1b0697965] FlowFile[54,97542880173970.mockFlowFile,70B] contains 5 records; transferring to 'success'
[pool-1541-thread-1] INFO org.apache.nifi.processors.standard.ExecuteSQLRecord - ExecuteSQLRecord[id=5248d88a-1077-44a5-80e8-a5c1b0697965] FlowFile[55,97542880322113.mockFlowFile,70B] contains 5 records; transferring to 'success'
[pool-1541-thread-1] INFO org.apache.nifi.processors.standard.ExecuteSQLRecord - ExecuteSQLRecord[id=5248d88a-1077-44a5-80e8-a5c1b0697965] FlowFile[56,97542880440023.mockFlowFile,70B] contains 5 records; transferring to 'success'
[pool-1541-thread-1] INFO org.apache.nifi.processors.standard.ExecuteSQLRecord - ExecuteSQLRecord[id=5248d88a-1077-44a5-80e8-a5c1b0697965] FlowFile[57,97542880571331.mockFlowFile,70B] contains 5 records; transferring to 'success'
[pool-1541-thread-1] INFO org.apache.nifi.processors.standard.ExecuteSQLRecord - ExecuteSQLRecord[id=5248d88a-1077-44a5-80e8-a5c1b0697965] FlowFile[58,97542880696582.mockFlowFile,70B] contains 5 records; transferring to 'success'
[pool-1541-thread-1] INFO org.apache.nifi.processors.standard.ExecuteSQLRecord - ExecuteSQLRecord[id=5248d88a-1077-44a5-80e8-a5c1b0697965] FlowFile[59,97542880822755.mockFlowFile,70B] contains 5 records; transferring to 'success'
[pool-1541-thread-1] INFO org.apache.nifi.processors.standard.ExecuteSQLRecord - ExecuteSQLRecord[id=5248d88a-1077-44a5-80e8-a5c1b0697965] FlowFile[60,97542880948987.mockFlowFile,70B] contains 5 records; transferring to 'success'
[pool-1541-thread-1] INFO org.apache.nifi.processors.standard.ExecuteSQLRecord - ExecuteSQLRecord[id=5248d88a-1077-44a5-80e8-a5c1b0697965] FlowFile[61,97542881086428.mockFlowFile,70B] contains 5 records; transferring to 'success'
[pool-1541-thread-1] INFO org.apache.nifi.processors.standard.ExecuteSQLRecord - ExecuteSQLRecord[id=5248d88a-1077-44a5-80e8-a5c1b0697965] FlowFile[62,97542881207654.mockFlowFile,70B] contains 5 records; transferring to 'success'
[pool-1541-thread-1] INFO org.apache.nifi.processors.standard.ExecuteSQLRecord - ExecuteSQLRecord[id=5248d88a-1077-44a5-80e8-a5c1b0697965] FlowFile[63,97542881315667.mockFlowFile,70B] contains 5 records; transferring to 'success'
[pool-1541-thread-1] INFO org.apache.nifi.processors.standard.ExecuteSQLRecord - ExecuteSQLRecord[id=5248d88a-1077-44a5-80e8-a5c1b0697965] FlowFile[64,97542881454911.mockFlowFile,70B] contains 5 records; transferring to 'success'
[pool-1541-thread-1] INFO org.apache.nifi.processors.standard.ExecuteSQLRecord - ExecuteSQLRecord[id=5248d88a-1077-44a5-80e8-a5c1b0697965] FlowFile[65,97542881580024.mockFlowFile,70B] contains 5 records; transferring to 'success'
[pool-1541-thread-1] INFO org.apache.nifi.processors.standard.ExecuteSQLRecord - ExecuteSQLRecord[id=5248d88a-1077-44a5-80e8-a5c1b0697965] FlowFile[66,97542881701659.mockFlowFile,70B] contains 5 records; transferring to 'success'
[pool-1541-thread-1] INFO org.apache.nifi.processors.standard.ExecuteSQLRecord - ExecuteSQLRecord[id=5248d88a-1077-44a5-80e8-a5c1b0697965] FlowFile[67,97542881851284.mockFlowFile,70B] contains 5 records; transferring to 'success'
[pool-1541-thread-1] INFO org.apache.nifi.processors.standard.ExecuteSQLRecord - ExecuteSQLRecord[id=5248d88a-1077-44a5-80e8-a5c1b0697965] FlowFile[68,97542881988539.mockFlowFile,70B] contains 5 records; transferring to 'success'
[pool-1541-thread-1] INFO org.apache.nifi.processors.standard.ExecuteSQLRecord - ExecuteSQLRecord[id=5248d88a-1077-44a5-80e8-a5c1b0697965] FlowFile[69,97542882096397.mockFlowFile,70B] contains 5 records; transferring to 'success'
[pool-1541-thread-1] INFO org.apache.nifi.processors.standard.ExecuteSQLRecord - ExecuteSQLRecord[id=5248d88a-1077-44a5-80e8-a5c1b0697965] FlowFile[70,97542882216264.mockFlowFile,70B] contains 5 records; transferring to 'success'
[pool-1541-thread-1] INFO org.apache.nifi.processors.standard.ExecuteSQLRecord - ExecuteSQLRecord[id=5248d88a-1077-44a5-80e8-a5c1b0697965] FlowFile[71,97542882347900.mockFlowFile,70B] contains 5 records; transferring to 'success'
[pool-1541-thread-1] INFO org.apache.nifi.processors.standard.ExecuteSQLRecord - ExecuteSQLRecord[id=5248d88a-1077-44a5-80e8-a5c1b0697965] FlowFile[72,97542882455004.mockFlowFile,70B] contains 5 records; transferring to 'success'
[pool-1541-thread-1] INFO org.apache.nifi.processors.standard.ExecuteSQLRecord - ExecuteSQLRecord[id=5248d88a-1077-44a5-80e8-a5c1b0697965] FlowFile[73,97542882573314.mockFlowFile,70B] contains 5 records; transferring to 'success'
[pool-1541-thread-1] INFO org.apache.nifi.processors.standard.ExecuteSQLRecord - ExecuteSQLRecord[id=5248d88a-1077-44a5-80e8-a5c1b0697965] FlowFile[74,97542882700456.mockFlowFile,70B] contains 5 records; transferring to 'success'
[pool-1541-thread-1] INFO org.apache.nifi.processors.standard.ExecuteSQLRecord - ExecuteSQLRecord[id=5248d88a-1077-44a5-80e8-a5c1b0697965] FlowFile[75,97542882821224.mockFlowFile,70B] contains 5 records; transferring to 'success'
[pool-1541-thread-1] INFO org.apache.nifi.processors.standard.ExecuteSQLRecord - ExecuteSQLRecord[id=5248d88a-1077-44a5-80e8-a5c1b0697965] FlowFile[76,97542882925798.mockFlowFile,70B] contains 5 records; transferring to 'success'
[pool-1541-thread-1] INFO org.apache.nifi.processors.standard.ExecuteSQLRecord - ExecuteSQLRecord[id=5248d88a-1077-44a5-80e8-a5c1b0697965] FlowFile[77,97542883046458.mockFlowFile,70B] contains 5 records; transferring to 'success'
[pool-1541-thread-1] INFO org.apache.nifi.processors.standard.ExecuteSQLRecord - ExecuteSQLRecord[id=5248d88a-1077-44a5-80e8-a5c1b0697965] FlowFile[78,97542883147040.mockFlowFile,70B] contains 5 records; transferring to 'success'
[pool-1541-thread-1] INFO org.apache.nifi.processors.standard.ExecuteSQLRecord - ExecuteSQLRecord[id=5248d88a-1077-44a5-80e8-a5c1b0697965] FlowFile[79,97542883249684.mockFlowFile,70B] contains 5 records; transferring to 'success'
[pool-1541-thread-1] INFO org.apache.nifi.processors.standard.ExecuteSQLRecord - ExecuteSQLRecord[id=5248d88a-1077-44a5-80e8-a5c1b0697965] FlowFile[80,97542883393680.mockFlowFile,70B] contains 5 records; transferring to 'success'
[pool-1541-thread-1] INFO org.apache.nifi.processors.standard.ExecuteSQLRecord - ExecuteSQLRecord[id=5248d88a-1077-44a5-80e8-a5c1b0697965] FlowFile[81,97542883512703.mockFlowFile,70B] contains 5 records; transferring to 'success'
[pool-1541-thread-1] INFO org.apache.nifi.processors.standard.ExecuteSQLRecord - ExecuteSQLRecord[id=5248d88a-1077-44a5-80e8-a5c1b0697965] FlowFile[82,97542883621919.mockFlowFile,70B] contains 5 records; transferring to 'success'
[pool-1541-thread-1] INFO org.apache.nifi.processors.standard.ExecuteSQLRecord - ExecuteSQLRecord[id=5248d88a-1077-44a5-80e8-a5c1b0697965] FlowFile[83,97542883731500.mockFlowFile,70B] contains 5 records; transferring to 'success'
[pool-1541-thread-1] INFO org.apache.nifi.processors.standard.ExecuteSQLRecord - ExecuteSQLRecord[id=5248d88a-1077-44a5-80e8-a5c1b0697965] FlowFile[84,97542883856770.mockFlowFile,70B] contains 5 records; transferring to 'success'
[pool-1541-thread-1] INFO org.apache.nifi.processors.standard.ExecuteSQLRecord - ExecuteSQLRecord[id=5248d88a-1077-44a5-80e8-a5c1b0697965] FlowFile[85,97542883985280.mockFlowFile,70B] contains 5 records; transferring to 'success'
[pool-1541-thread-1] INFO org.apache.nifi.processors.standard.ExecuteSQLRecord - ExecuteSQLRecord[id=5248d88a-1077-44a5-80e8-a5c1b0697965] FlowFile[86,97542884122657.mockFlowFile,70B] contains 5 records; transferring to 'success'
[pool-1541-thread-1] INFO org.apache.nifi.processors.standard.ExecuteSQLRecord - ExecuteSQLRecord[id=5248d88a-1077-44a5-80e8-a5c1b0697965] FlowFile[87,97542884249313.mockFlowFile,70B] contains 5 records; transferring to 'success'
[pool-1541-thread-1] INFO org.apache.nifi.processors.standard.ExecuteSQLRecord - ExecuteSQLRecord[id=5248d88a-1077-44a5-80e8-a5c1b0697965] FlowFile[88,97542884354658.mockFlowFile,70B] contains 5 records; transferring to 'success'
[pool-1541-thread-1] INFO org.apache.nifi.processors.standard.ExecuteSQLRecord - ExecuteSQLRecord[id=5248d88a-1077-44a5-80e8-a5c1b0697965] FlowFile[89,97542884460431.mockFlowFile,70B] contains 5 records; transferring to 'success'
[pool-1541-thread-1] INFO org.apache.nifi.processors.standard.ExecuteSQLRecord - ExecuteSQLRecord[id=5248d88a-1077-44a5-80e8-a5c1b0697965] FlowFile[90,97542884590838.mockFlowFile,70B] contains 5 records; transferring to 'success'
[pool-1541-thread-1] INFO org.apache.nifi.processors.standard.ExecuteSQLRecord - ExecuteSQLRecord[id=5248d88a-1077-44a5-80e8-a5c1b0697965] FlowFile[91,97542884696118.mockFlowFile,70B] contains 5 records; transferring to 'success'
[pool-1541-thread-1] INFO org.apache.nifi.processors.standard.ExecuteSQLRecord - ExecuteSQLRecord[id=5248d88a-1077-44a5-80e8-a5c1b0697965] FlowFile[92,97542884797619.mockFlowFile,70B] contains 5 records; transferring to 'success'
[pool-1541-thread-1] INFO org.apache.nifi.processors.standard.ExecuteSQLRecord - ExecuteSQLRecord[id=5248d88a-1077-44a5-80e8-a5c1b0697965] FlowFile[93,97542884930431.mockFlowFile,70B] contains 5 records; transferring to 'success'
[pool-1541-thread-1] INFO org.apache.nifi.processors.standard.ExecuteSQLRecord - ExecuteSQLRecord[id=5248d88a-1077-44a5-80e8-a5c1b0697965] FlowFile[94,97542885036496.mockFlowFile,70B] contains 5 records; transferring to 'success'
[pool-1541-thread-1] INFO org.apache.nifi.processors.standard.ExecuteSQLRecord - ExecuteSQLRecord[id=5248d88a-1077-44a5-80e8-a5c1b0697965] FlowFile[95,97542885154803.mockFlowFile,70B] contains 5 records; transferring to 'success'
[pool-1541-thread-1] INFO org.apache.nifi.processors.standard.ExecuteSQLRecord - ExecuteSQLRecord[id=5248d88a-1077-44a5-80e8-a5c1b0697965] FlowFile[96,97542885296443.mockFlowFile,70B] contains 5 records; transferring to 'success'
[pool-1541-thread-1] INFO org.apache.nifi.processors.standard.ExecuteSQLRecord - ExecuteSQLRecord[id=5248d88a-1077-44a5-80e8-a5c1b0697965] FlowFile[97,97542885417814.mockFlowFile,70B] contains 5 records; transferring to 'success'
[pool-1541-thread-1] INFO org.apache.nifi.processors.standard.ExecuteSQLRecord - ExecuteSQLRecord[id=5248d88a-1077-44a5-80e8-a5c1b0697965] FlowFile[98,97542885530181.mockFlowFile,70B] contains 5 records; transferring to 'success'
[pool-1541-thread-1] INFO org.apache.nifi.processors.standard.ExecuteSQLRecord - ExecuteSQLRecord[id=5248d88a-1077-44a5-80e8-a5c1b0697965] FlowFile[99,97542885647153.mockFlowFile,70B] contains 5 records; transferring to 'success'
[pool-1541-thread-1] INFO org.apache.nifi.processors.standard.ExecuteSQLRecord - ExecuteSQLRecord[id=5248d88a-1077-44a5-80e8-a5c1b0697965] FlowFile[100,97542885791372.mockFlowFile,70B] contains 5 records; transferring to 'success'
[pool-1541-thread-1] INFO org.apache.nifi.processors.standard.ExecuteSQLRecord - ExecuteSQLRecord[id=5248d88a-1077-44a5-80e8-a5c1b0697965] FlowFile[101,97542885895607.mockFlowFile,70B] contains 5 records; transferring to 'success'
[pool-1541-thread-1] INFO org.apache.nifi.processors.standard.ExecuteSQLRecord - ExecuteSQLRecord[id=5248d88a-1077-44a5-80e8-a5c1b0697965] FlowFile[102,97542885997066.mockFlowFile,70B] contains 5 records; transferring to 'success'
[pool-1541-thread-1] INFO org.apache.nifi.processors.standard.ExecuteSQLRecord - ExecuteSQLRecord[id=5248d88a-1077-44a5-80e8-a5c1b0697965] FlowFile[103,97542886117298.mockFlowFile,70B] contains 5 records; transferring to 'success'
[pool-1541-thread-1] INFO org.apache.nifi.processors.standard.ExecuteSQLRecord - ExecuteSQLRecord[id=5248d88a-1077-44a5-80e8-a5c1b0697965] FlowFile[104,97542886232627.mockFlowFile,70B] contains 5 records; transferring to 'success'
[pool-1541-thread-1] INFO org.apache.nifi.processors.standard.ExecuteSQLRecord - ExecuteSQLRecord[id=5248d88a-1077-44a5-80e8-a5c1b0697965] FlowFile[105,97542886352285.mockFlowFile,70B] contains 5 records; transferring to 'success'
[pool-1541-thread-1] INFO org.apache.nifi.processors.standard.ExecuteSQLRecord - ExecuteSQLRecord[id=5248d88a-1077-44a5-80e8-a5c1b0697965] FlowFile[106,97542886676412.mockFlowFile,70B] contains 5 records; transferring to 'success'
[pool-1541-thread-1] INFO org.apache.nifi.processors.standard.ExecuteSQLRecord - ExecuteSQLRecord[id=5248d88a-1077-44a5-80e8-a5c1b0697965] FlowFile[107,97542886838368.mockFlowFile,70B] contains 5 records; transferring to 'success'
[pool-1541-thread-1] INFO org.apache.nifi.processors.standard.ExecuteSQLRecord - ExecuteSQLRecord[id=5248d88a-1077-44a5-80e8-a5c1b0697965] FlowFile[108,97542886949103.mockFlowFile,70B] contains 5 records; transferring to 'success'
[pool-1541-thread-1] INFO org.apache.nifi.processors.standard.ExecuteSQLRecord - ExecuteSQLRecord[id=5248d88a-1077-44a5-80e8-a5c1b0697965] FlowFile[109,97542887076108.mockFlowFile,70B] contains 5 records; transferring to 'success'
[pool-1541-thread-1] INFO org.apache.nifi.processors.standard.ExecuteSQLRecord - ExecuteSQLRecord[id=5248d88a-1077-44a5-80e8-a5c1b0697965] FlowFile[110,97542887195372.mockFlowFile,70B] contains 5 records; transferring to 'success'
[pool-1541-thread-1] INFO org.apache.nifi.processors.standard.ExecuteSQLRecord - ExecuteSQLRecord[id=5248d88a-1077-44a5-80e8-a5c1b0697965] FlowFile[111,97542887302523.mockFlowFile,70B] contains 5 records; transferring to 'success'
[pool-1541-thread-1] INFO org.apache.nifi.processors.standard.ExecuteSQLRecord - ExecuteSQLRecord[id=5248d88a-1077-44a5-80e8-a5c1b0697965] FlowFile[112,97542887448104.mockFlowFile,70B] contains 5 records; transferring to 'success'
[pool-1541-thread-1] INFO org.apache.nifi.processors.standard.ExecuteSQLRecord - ExecuteSQLRecord[id=5248d88a-1077-44a5-80e8-a5c1b0697965] FlowFile[113,97542887598682.mockFlowFile,70B] contains 5 records; transferring to 'success'
[pool-1541-thread-1] INFO org.apache.nifi.processors.standard.ExecuteSQLRecord - ExecuteSQLRecord[id=5248d88a-1077-44a5-80e8-a5c1b0697965] FlowFile[114,97542887708076.mockFlowFile,70B] contains 5 records; transferring to 'success'
[pool-1541-thread-1] INFO org.apache.nifi.processors.standard.ExecuteSQLRecord - ExecuteSQLRecord[id=5248d88a-1077-44a5-80e8-a5c1b0697965] FlowFile[115,97542887826172.mockFlowFile,70B] contains 5 records; transferring to 'success'
[pool-1541-thread-1] INFO org.apache.nifi.processors.standard.ExecuteSQLRecord - ExecuteSQLRecord[id=5248d88a-1077-44a5-80e8-a5c1b0697965] FlowFile[116,97542887952501.mockFlowFile,70B] contains 5 records; transferring to 'success'
[pool-1541-thread-1] INFO org.apache.nifi.processors.standard.ExecuteSQLRecord - ExecuteSQLRecord[id=5248d88a-1077-44a5-80e8-a5c1b0697965] FlowFile[117,97542888086170.mockFlowFile,70B] contains 5 records; transferring to 'success'
[pool-1541-thread-1] INFO org.apache.nifi.processors.standard.ExecuteSQLRecord - ExecuteSQLRecord[id=5248d88a-1077-44a5-80e8-a5c1b0697965] FlowFile[118,97542888191280.mockFlowFile,70B] contains 5 records; transferring to 'success'
[pool-1541-thread-1] INFO org.apache.nifi.processors.standard.ExecuteSQLRecord - ExecuteSQLRecord[id=5248d88a-1077-44a5-80e8-a5c1b0697965] FlowFile[119,97542888321991.mockFlowFile,70B] contains 5 records; transferring to 'success'
[pool-1541-thread-1] INFO org.apache.nifi.processors.standard.ExecuteSQLRecord - ExecuteSQLRecord[id=5248d88a-1077-44a5-80e8-a5c1b0697965] FlowFile[120,97542888447696.mockFlowFile,70B] contains 5 records; transferring to 'success'
[pool-1541-thread-1] INFO org.apache.nifi.processors.standard.ExecuteSQLRecord - ExecuteSQLRecord[id=5248d88a-1077-44a5-80e8-a5c1b0697965] FlowFile[121,97542888564453.mockFlowFile,70B] contains 5 records; transferring to 'success'
[pool-1541-thread-1] INFO org.apache.nifi.processors.standard.ExecuteSQLRecord - ExecuteSQLRecord[id=5248d88a-1077-44a5-80e8-a5c1b0697965] FlowFile[122,97542888682711.mockFlowFile,70B] contains 5 records; transferring to 'success'
[pool-1541-thread-1] INFO org.apache.nifi.processors.standard.ExecuteSQLRecord - ExecuteSQLRecord[id=5248d88a-1077-44a5-80e8-a5c1b0697965] FlowFile[123,97542888781766.mockFlowFile,70B] contains 5 records; transferring to 'success'
[pool-1541-thread-1] INFO org.apache.nifi.processors.standard.ExecuteSQLRecord - ExecuteSQLRecord[id=5248d88a-1077-44a5-80e8-a5c1b0697965] FlowFile[124,97542888882185.mockFlowFile,70B] contains 5 records; transferring to 'success'
[pool-1541-thread-1] INFO org.apache.nifi.processors.standard.ExecuteSQLRecord - ExecuteSQLRecord[id=5248d88a-1077-44a5-80e8-a5c1b0697965] FlowFile[125,97542889008083.mockFlowFile,70B] contains 5 records; transferring to 'success'
[pool-1541-thread-1] INFO org.apache.nifi.processors.standard.ExecuteSQLRecord - ExecuteSQLRecord[id=5248d88a-1077-44a5-80e8-a5c1b0697965] FlowFile[126,97542889111262.mockFlowFile,70B] contains 5 records; transferring to 'success'
[pool-1541-thread-1] INFO org.apache.nifi.processors.standard.ExecuteSQLRecord - ExecuteSQLRecord[id=5248d88a-1077-44a5-80e8-a5c1b0697965] FlowFile[127,97542889210972.mockFlowFile,70B] contains 5 records; transferring to 'success'
[pool-1541-thread-1] INFO org.apache.nifi.processors.standard.ExecuteSQLRecord - ExecuteSQLRecord[id=5248d88a-1077-44a5-80e8-a5c1b0697965] FlowFile[128,97542889348486.mockFlowFile,70B] contains 5 records; transferring to 'success'
[pool-1541-thread-1] INFO org.apache.nifi.processors.standard.ExecuteSQLRecord - ExecuteSQLRecord[id=5248d88a-1077-44a5-80e8-a5c1b0697965] FlowFile[129,97542889464186.mockFlowFile,70B] contains 5 records; transferring to 'success'
[pool-1541-thread-1] INFO org.apache.nifi.processors.standard.ExecuteSQLRecord - ExecuteSQLRecord[id=5248d88a-1077-44a5-80e8-a5c1b0697965] FlowFile[130,97542889590315.mockFlowFile,70B] contains 5 records; transferring to 'success'
[pool-1541-thread-1] INFO org.apache.nifi.processors.standard.ExecuteSQLRecord - ExecuteSQLRecord[id=5248d88a-1077-44a5-80e8-a5c1b0697965] FlowFile[131,97542889697003.mockFlowFile,70B] contains 5 records; transferring to 'success'
[pool-1541-thread-1] INFO org.apache.nifi.processors.standard.ExecuteSQLRecord - ExecuteSQLRecord[id=5248d88a-1077-44a5-80e8-a5c1b0697965] FlowFile[132,97542889831169.mockFlowFile,70B] contains 5 records; transferring to 'success'
[pool-1541-thread-1] INFO org.apache.nifi.processors.standard.ExecuteSQLRecord - ExecuteSQLRecord[id=5248d88a-1077-44a5-80e8-a5c1b0697965] FlowFile[133,97542889940112.mockFlowFile,70B] contains 5 records; transferring to 'success'
[pool-1541-thread-1] INFO org.apache.nifi.processors.standard.ExecuteSQLRecord - ExecuteSQLRecord[id=5248d88a-1077-44a5-80e8-a5c1b0697965] FlowFile[134,97542890046609.mockFlowFile,70B] contains 5 records; transferring to 'success'
[pool-1541-thread-1] INFO org.apache.nifi.processors.standard.ExecuteSQLRecord - ExecuteSQLRecord[id=5248d88a-1077-44a5-80e8-a5c1b0697965] FlowFile[135,97542890175019.mockFlowFile,70B] contains 5 records; transferring to 'success'
[pool-1541-thread-1] INFO org.apache.nifi.processors.standard.ExecuteSQLRecord - ExecuteSQLRecord[id=5248d88a-1077-44a5-80e8-a5c1b0697965] FlowFile[136,97542890276248.mockFlowFile,70B] contains 5 records; transferring to 'success'
[pool-1541-thread-1] INFO org.apache.nifi.processors.standard.ExecuteSQLRecord - ExecuteSQLRecord[id=5248d88a-1077-44a5-80e8-a5c1b0697965] FlowFile[137,97542890371588.mockFlowFile,70B] contains 5 records; transferring to 'success'
[pool-1541-thread-1] INFO org.apache.nifi.processors.standard.ExecuteSQLRecord - ExecuteSQLRecord[id=5248d88a-1077-44a5-80e8-a5c1b0697965] FlowFile[138,97542890538629.mockFlowFile,70B] contains 5 records; transferring to 'success'
[pool-1541-thread-1] INFO org.apache.nifi.processors.standard.ExecuteSQLRecord - ExecuteSQLRecord[id=5248d88a-1077-44a5-80e8-a5c1b0697965] FlowFile[139,97542890643220.mockFlowFile,70B] contains 5 records; transferring to 'success'
[pool-1541-thread-1] INFO org.apache.nifi.processors.standard.ExecuteSQLRecord - ExecuteSQLRecord[id=5248d88a-1077-44a5-80e8-a5c1b0697965] FlowFile[140,97542890757588.mockFlowFile,70B] contains 5 records; transferring to 'success'
[pool-1541-thread-1] INFO org.apache.nifi.processors.standard.ExecuteSQLRecord - ExecuteSQLRecord[id=5248d88a-1077-44a5-80e8-a5c1b0697965] FlowFile[141,97542890878451.mockFlowFile,70B] contains 5 records; transferring to 'success'
[pool-1541-thread-1] INFO org.apache.nifi.processors.standard.ExecuteSQLRecord - ExecuteSQLRecord[id=5248d88a-1077-44a5-80e8-a5c1b0697965] FlowFile[142,97542890985182.mockFlowFile,70B] contains 5 records; transferring to 'success'
[pool-1541-thread-1] INFO org.apache.nifi.processors.standard.ExecuteSQLRecord - ExecuteSQLRecord[id=5248d88a-1077-44a5-80e8-a5c1b0697965] FlowFile[143,97542891098299.mockFlowFile,70B] contains 5 records; transferring to 'success'
[pool-1541-thread-1] INFO org.apache.nifi.processors.standard.ExecuteSQLRecord - ExecuteSQLRecord[id=5248d88a-1077-44a5-80e8-a5c1b0697965] FlowFile[144,97542891289202.mockFlowFile,70B] contains 5 records; transferring to 'success'
[pool-1541-thread-1] INFO org.apache.nifi.processors.standard.ExecuteSQLRecord - ExecuteSQLRecord[id=5248d88a-1077-44a5-80e8-a5c1b0697965] FlowFile[145,97542891410763.mockFlowFile,70B] contains 5 records; transferring to 'success'
[pool-1541-thread-1] INFO org.apache.nifi.processors.standard.ExecuteSQLRecord - ExecuteSQLRecord[id=5248d88a-1077-44a5-80e8-a5c1b0697965] FlowFile[146,97542891516912.mockFlowFile,70B] contains 5 records; transferring to 'success'
[pool-1541-thread-1] INFO org.apache.nifi.processors.standard.ExecuteSQLRecord - ExecuteSQLRecord[id=5248d88a-1077-44a5-80e8-a5c1b0697965] FlowFile[147,97542891618171.mockFlowFile,70B] contains 5 records; transferring to 'success'
[pool-1541-thread-1] INFO org.apache.nifi.processors.standard.ExecuteSQLRecord - ExecuteSQLRecord[id=5248d88a-1077-44a5-80e8-a5c1b0697965] FlowFile[148,97542891732658.mockFlowFile,70B] contains 5 records; transferring to 'success'
[pool-1541-thread-1] INFO org.apache.nifi.processors.standard.ExecuteSQLRecord - ExecuteSQLRecord[id=5248d88a-1077-44a5-80e8-a5c1b0697965] FlowFile[149,97542891834178.mockFlowFile,70B] contains 5 records; transferring to 'success'
[pool-1541-thread-1] INFO org.apache.nifi.processors.standard.ExecuteSQLRecord - ExecuteSQLRecord[id=5248d88a-1077-44a5-80e8-a5c1b0697965] FlowFile[150,97542891948578.mockFlowFile,70B] contains 5 records; transferring to 'success'
[pool-1541-thread-1] INFO org.apache.nifi.processors.standard.ExecuteSQLRecord - ExecuteSQLRecord[id=5248d88a-1077-44a5-80e8-a5c1b0697965] FlowFile[151,97542892083250.mockFlowFile,70B] contains 5 records; transferring to 'success'
[pool-1541-thread-1] INFO org.apache.nifi.processors.standard.ExecuteSQLRecord - ExecuteSQLRecord[id=5248d88a-1077-44a5-80e8-a5c1b0697965] FlowFile[152,97542892199268.mockFlowFile,70B] contains 5 records; transferring to 'success'
[pool-1541-thread-1] INFO org.apache.nifi.processors.standard.ExecuteSQLRecord - ExecuteSQLRecord[id=5248d88a-1077-44a5-80e8-a5c1b0697965] FlowFile[153,97542892297225.mockFlowFile,70B] contains 5 records; transferring to 'success'
[pool-1541-thread-1] INFO org.apache.nifi.processors.standard.ExecuteSQLRecord - ExecuteSQLRecord[id=5248d88a-1077-44a5-80e8-a5c1b0697965] FlowFile[154,97542892416456.mockFlowFile,70B] contains 5 records; transferring to 'success'
[pool-1541-thread-1] INFO org.apache.nifi.processors.standard.ExecuteSQLRecord - ExecuteSQLRecord[id=5248d88a-1077-44a5-80e8-a5c1b0697965] FlowFile[155,97542892532957.mockFlowFile,70B] contains 5 records; transferring to 'success'
[pool-1541-thread-1] INFO org.apache.nifi.processors.standard.ExecuteSQLRecord - ExecuteSQLRecord[id=5248d88a-1077-44a5-80e8-a5c1b0697965] FlowFile[156,97542892635042.mockFlowFile,70B] contains 5 records; transferring to 'success'
[pool-1541-thread-1] INFO org.apache.nifi.processors.standard.ExecuteSQLRecord - ExecuteSQLRecord[id=5248d88a-1077-44a5-80e8-a5c1b0697965] FlowFile[157,97542892750636.mockFlowFile,70B] contains 5 records; transferring to 'success'
[pool-1541-thread-1] INFO org.apache.nifi.processors.standard.ExecuteSQLRecord - ExecuteSQLRecord[id=5248d88a-1077-44a5-80e8-a5c1b0697965] FlowFile[158,97542892854662.mockFlowFile,70B] contains 5 records; transferring to 'success'
[pool-1541-thread-1] INFO org.apache.nifi.processors.standard.ExecuteSQLRecord - ExecuteSQLRecord[id=5248d88a-1077-44a5-80e8-a5c1b0697965] FlowFile[159,97542892959620.mockFlowFile,70B] contains 5 records; transferring to 'success'
[pool-1541-thread-1] INFO org.apache.nifi.processors.standard.ExecuteSQLRecord - ExecuteSQLRecord[id=5248d88a-1077-44a5-80e8-a5c1b0697965] FlowFile[160,97542893108637.mockFlowFile,70B] contains 5 records; transferring to 'success'
[pool-1541-thread-1] INFO org.apache.nifi.processors.standard.ExecuteSQLRecord - ExecuteSQLRecord[id=5248d88a-1077-44a5-80e8-a5c1b0697965] FlowFile[161,97542893206412.mockFlowFile,70B] contains 5 records; transferring to 'success'
[pool-1541-thread-1] INFO org.apache.nifi.processors.standard.ExecuteSQLRecord - ExecuteSQLRecord[id=5248d88a-1077-44a5-80e8-a5c1b0697965] FlowFile[162,97542893318734.mockFlowFile,70B] contains 5 records; transferring to 'success'
[pool-1541-thread-1] INFO org.apache.nifi.processors.standard.ExecuteSQLRecord - ExecuteSQLRecord[id=5248d88a-1077-44a5-80e8-a5c1b0697965] FlowFile[163,97542893511362.mockFlowFile,70B] contains 5 records; transferring to 'success'
[pool-1541-thread-1] INFO org.apache.nifi.processors.standard.ExecuteSQLRecord - ExecuteSQLRecord[id=5248d88a-1077-44a5-80e8-a5c1b0697965] FlowFile[164,97542893642000.mockFlowFile,70B] contains 5 records; transferring to 'success'
[pool-1541-thread-1] INFO org.apache.nifi.processors.standard.ExecuteSQLRecord - ExecuteSQLRecord[id=5248d88a-1077-44a5-80e8-a5c1b0697965] FlowFile[165,97542893753841.mockFlowFile,70B] contains 5 records; transferring to 'success'
[pool-1541-thread-1] INFO org.apache.nifi.processors.standard.ExecuteSQLRecord - ExecuteSQLRecord[id=5248d88a-1077-44a5-80e8-a5c1b0697965] FlowFile[166,97542893859735.mockFlowFile,70B] contains 5 records; transferring to 'success'
[pool-1541-thread-1] INFO org.apache.nifi.processors.standard.ExecuteSQLRecord - ExecuteSQLRecord[id=5248d88a-1077-44a5-80e8-a5c1b0697965] FlowFile[167,97542893987783.mockFlowFile,70B] contains 5 records; transferring to 'success'
[pool-1541-thread-1] INFO org.apache.nifi.processors.standard.ExecuteSQLRecord - ExecuteSQLRecord[id=5248d88a-1077-44a5-80e8-a5c1b0697965] FlowFile[168,97542894091192.mockFlowFile,70B] contains 5 records; transferring to 'success'
[pool-1541-thread-1] INFO org.apache.nifi.processors.standard.ExecuteSQLRecord - ExecuteSQLRecord[id=5248d88a-1077-44a5-80e8-a5c1b0697965] FlowFile[169,97542894196645.mockFlowFile,70B] contains 5 records; transferring to 'success'
[pool-1541-thread-1] INFO org.apache.nifi.processors.standard.ExecuteSQLRecord - ExecuteSQLRecord[id=5248d88a-1077-44a5-80e8-a5c1b0697965] FlowFile[170,97542894329882.mockFlowFile,70B] contains 5 records; transferring to 'success'
[pool-1541-thread-1] INFO org.apache.nifi.processors.standard.ExecuteSQLRecord - ExecuteSQLRecord[id=5248d88a-1077-44a5-80e8-a5c1b0697965] FlowFile[171,97542894435354.mockFlowFile,70B] contains 5 records; transferring to 'success'
[pool-1541-thread-1] INFO org.apache.nifi.processors.standard.ExecuteSQLRecord - ExecuteSQLRecord[id=5248d88a-1077-44a5-80e8-a5c1b0697965] FlowFile[172,97542894539261.mockFlowFile,70B] contains 5 records; transferring to 'success'
[pool-1541-thread-1] INFO org.apache.nifi.processors.standard.ExecuteSQLRecord - ExecuteSQLRecord[id=5248d88a-1077-44a5-80e8-a5c1b0697965] FlowFile[173,97542894656635.mockFlowFile,70B] contains 5 records; transferring to 'success'
[pool-1541-thread-1] INFO org.apache.nifi.processors.standard.ExecuteSQLRecord - ExecuteSQLRecord[id=5248d88a-1077-44a5-80e8-a5c1b0697965] FlowFile[174,97542894759115.mockFlowFile,70B] contains 5 records; transferring to 'success'
[pool-1541-thread-1] INFO org.apache.nifi.processors.standard.ExecuteSQLRecord - ExecuteSQLRecord[id=5248d88a-1077-44a5-80e8-a5c1b0697965] FlowFile[175,97542894872201.mockFlowFile,70B] contains 5 records; transferring to 'success'
[pool-1541-thread-1] INFO org.apache.nifi.processors.standard.ExecuteSQLRecord - ExecuteSQLRecord[id=5248d88a-1077-44a5-80e8-a5c1b0697965] FlowFile[176,97542895183196.mockFlowFile,70B] contains 5 records; transferring to 'success'
[pool-1541-thread-1] INFO org.apache.nifi.processors.standard.ExecuteSQLRecord - ExecuteSQLRecord[id=5248d88a-1077-44a5-80e8-a5c1b0697965] FlowFile[177,97542895315513.mockFlowFile,70B] contains 5 records; transferring to 'success'
[pool-1541-thread-1] INFO org.apache.nifi.processors.standard.ExecuteSQLRecord - ExecuteSQLRecord[id=5248d88a-1077-44a5-80e8-a5c1b0697965] FlowFile[178,97542895421466.mockFlowFile,70B] contains 5 records; transferring to 'success'
[pool-1541-thread-1] INFO org.apache.nifi.processors.standard.ExecuteSQLRecord - ExecuteSQLRecord[id=5248d88a-1077-44a5-80e8-a5c1b0697965] FlowFile[179,97542895521488.mockFlowFile,70B] contains 5 records; transferring to 'success'
[pool-1541-thread-1] INFO org.apache.nifi.processors.standard.ExecuteSQLRecord - ExecuteSQLRecord[id=5248d88a-1077-44a5-80e8-a5c1b0697965] FlowFile[180,97542895647730.mockFlowFile,70B] contains 5 records; transferring to 'success'
[pool-1541-thread-1] INFO org.apache.nifi.processors.standard.ExecuteSQLRecord - ExecuteSQLRecord[id=5248d88a-1077-44a5-80e8-a5c1b0697965] FlowFile[181,97542895743040.mockFlowFile,70B] contains 5 records; transferring to 'success'
[pool-1541-thread-1] INFO org.apache.nifi.processors.standard.ExecuteSQLRecord - ExecuteSQLRecord[id=5248d88a-1077-44a5-80e8-a5c1b0697965] FlowFile[182,97542895839369.mockFlowFile,70B] contains 5 records; transferring to 'success'
[pool-1541-thread-1] INFO org.apache.nifi.processors.standard.ExecuteSQLRecord - ExecuteSQLRecord[id=5248d88a-1077-44a5-80e8-a5c1b0697965] FlowFile[183,97542895949454.mockFlowFile,70B] contains 5 records; transferring to 'success'
[pool-1541-thread-1] INFO org.apache.nifi.processors.standard.ExecuteSQLRecord - ExecuteSQLRecord[id=5248d88a-1077-44a5-80e8-a5c1b0697965] FlowFile[184,97542896063566.mockFlowFile,70B] contains 5 records; transferring to 'success'
[pool-1541-thread-1] INFO org.apache.nifi.processors.standard.ExecuteSQLRecord - ExecuteSQLRecord[id=5248d88a-1077-44a5-80e8-a5c1b0697965] FlowFile[185,97542896171645.mockFlowFile,70B] contains 5 records; transferring to 'success'
[pool-1541-thread-1] INFO org.apache.nifi.processors.standard.ExecuteSQLRecord - ExecuteSQLRecord[id=5248d88a-1077-44a5-80e8-a5c1b0697965] FlowFile[186,97542896294937.mockFlowFile,70B] contains 5 records; transferring to 'success'
[pool-1541-thread-1] INFO org.apache.nifi.processors.standard.ExecuteSQLRecord - ExecuteSQLRecord[id=5248d88a-1077-44a5-80e8-a5c1b0697965] FlowFile[187,97542896397644.mockFlowFile,70B] contains 5 records; transferring to 'success'
[pool-1541-thread-1] INFO org.apache.nifi.processors.standard.ExecuteSQLRecord - ExecuteSQLRecord[id=5248d88a-1077-44a5-80e8-a5c1b0697965] FlowFile[188,97542896494079.mockFlowFile,70B] contains 5 records; transferring to 'success'
[pool-1541-thread-1] INFO org.apache.nifi.processors.standard.ExecuteSQLRecord - ExecuteSQLRecord[id=5248d88a-1077-44a5-80e8-a5c1b0697965] FlowFile[189,97542896608557.mockFlowFile,70B] contains 5 records; transferring to 'success'
[pool-1541-thread-1] INFO org.apache.nifi.processors.standard.ExecuteSQLRecord - ExecuteSQLRecord[id=5248d88a-1077-44a5-80e8-a5c1b0697965] FlowFile[190,97542896723459.mockFlowFile,70B] contains 5 records; transferring to 'success'
[pool-1541-thread-1] INFO org.apache.nifi.processors.standard.ExecuteSQLRecord - ExecuteSQLRecord[id=5248d88a-1077-44a5-80e8-a5c1b0697965] FlowFile[191,97542896820436.mockFlowFile,70B] contains 5 records; transferring to 'success'
[pool-1541-thread-1] INFO org.apache.nifi.processors.standard.ExecuteSQLRecord - ExecuteSQLRecord[id=5248d88a-1077-44a5-80e8-a5c1b0697965] FlowFile[192,97542896954256.mockFlowFile,70B] contains 5 records; transferring to 'success'
[pool-1541-thread-1] INFO org.apache.nifi.processors.standard.ExecuteSQLRecord - ExecuteSQLRecord[id=5248d88a-1077-44a5-80e8-a5c1b0697965] FlowFile[193,97542897103394.mockFlowFile,70B] contains 5 records; transferring to 'success'
[pool-1541-thread-1] INFO org.apache.nifi.processors.standard.ExecuteSQLRecord - ExecuteSQLRecord[id=5248d88a-1077-44a5-80e8-a5c1b0697965] FlowFile[194,97542897204398.mockFlowFile,70B] contains 5 records; transferring to 'success'
[pool-1541-thread-1] INFO org.apache.nifi.processors.standard.ExecuteSQLRecord - ExecuteSQLRecord[id=5248d88a-1077-44a5-80e8-a5c1b0697965] FlowFile[195,97542897312416.mockFlowFile,70B] contains 5 records; transferring to 'success'
[pool-1541-thread-1] INFO org.apache.nifi.processors.standard.ExecuteSQLRecord - ExecuteSQLRecord[id=5248d88a-1077-44a5-80e8-a5c1b0697965] FlowFile[196,97542897424094.mockFlowFile,70B] contains 5 records; transferring to 'success'
[pool-1541-thread-1] INFO org.apache.nifi.processors.standard.ExecuteSQLRecord - ExecuteSQLRecord[id=5248d88a-1077-44a5-80e8-a5c1b0697965] FlowFile[197,97542897521757.mockFlowFile,70B] contains 5 records; transferring to 'success'
[pool-1541-thread-1] INFO org.apache.nifi.processors.standard.ExecuteSQLRecord - ExecuteSQLRecord[id=5248d88a-1077-44a5-80e8-a5c1b0697965] FlowFile[198,97542897620028.mockFlowFile,70B] contains 5 records; transferring to 'success'
[pool-1541-thread-1] INFO org.apache.nifi.processors.standard.ExecuteSQLRecord - ExecuteSQLRecord[id=5248d88a-1077-44a5-80e8-a5c1b0697965] FlowFile[199,97542897732686.mockFlowFile,70B] contains 5 records; transferring to 'success'
]]></system-err>
  </testcase>
  <testcase name="testPostQuery" classname="org.apache.nifi.processors.standard.TestExecuteSQLRecord" time="0.1">
    <system-err><![CDATA[[pool-1542-thread-1] INFO org.apache.nifi.processors.standard.ExecuteSQLRecord - ExecuteSQLRecord[id=9487d01f-63bf-4431-85c9-9b55afed70cd] FlowFile[1,97542922529540.mockFlowFile,12B] contains 1 records; transferring to 'success'
]]></system-err>
  </testcase>
  <testcase name="testNoIncomingConnection" classname="org.apache.nifi.processors.standard.TestExecuteSQLRecord" time="0.907">
    <system-out><![CDATA[ H
HCGAHAHFE IA
BD IB
]]></system-out>
    <system-err><![CDATA[[main] INFO org.apache.nifi.processors.standard.TestExecuteSQLRecord - test data loaded
[pool-1543-thread-1] INFO org.apache.nifi.processors.standard.ExecuteSQLRecord - ExecuteSQLRecord[id=e2cf1a15-e55a-491a-a84e-316d5f0933c2] FlowFile[0,97543716778639.mockFlowFile,1650894B] contains 20000 records; transferring to 'success'
]]></system-err>
  </testcase>
  <testcase name="testPostQueryFail" classname="org.apache.nifi.processors.standard.TestExecuteSQLRecord" time="0.028">
    <system-err><![CDATA[[pool-1544-thread-1] INFO org.apache.nifi.processors.standard.ExecuteSQLRecord - ExecuteSQLRecord[id=25dc3fea-b8d4-46f1-ab41-d38bb5e307c0] FlowFile[1,97543926019275.mockFlowFile,0B] contains 0 records; transferring to 'success'
[pool-1544-thread-1] ERROR org.apache.nifi.processors.standard.ExecuteSQLRecord - ExecuteSQLRecord[id=25dc3fea-b8d4-46f1-ab41-d38bb5e307c0] Unable to execute SQL select query CALL SYSCS_UTIL.SYSCS_SET_RUNTIMESTATISTICS() for FlowFile[0,97543926019275.mockFlowFile,4B] due to java.sql.SQLSyntaxErrorException: 'SYSCS_UTIL.SYSCS_SET_RUNTIMESTATISTICS' is not recognized as a function or procedure.; routing to failure: java.sql.SQLSyntaxErrorException: 'SYSCS_UTIL.SYSCS_SET_RUNTIMESTATISTICS' is not recognized as a function or procedure.
java.sql.SQLSyntaxErrorException: 'SYSCS_UTIL.SYSCS_SET_RUNTIMESTATISTICS' is not recognized as a function or procedure.
	at org.apache.derby.impl.jdbc.SQLExceptionFactory.getSQLException(Unknown Source)
	at org.apache.derby.impl.jdbc.Util.generateCsSQLException(Unknown Source)
	at org.apache.derby.impl.jdbc.TransactionResourceImpl.wrapInSQLException(Unknown Source)
	at org.apache.derby.impl.jdbc.TransactionResourceImpl.handleException(Unknown Source)
	at org.apache.derby.impl.jdbc.EmbedConnection.handleException(Unknown Source)
	at org.apache.derby.impl.jdbc.ConnectionChild.handleException(Unknown Source)
	at org.apache.derby.impl.jdbc.EmbedStatement.execute(Unknown Source)
	at org.apache.derby.impl.jdbc.EmbedStatement.execute(Unknown Source)
	at org.apache.nifi.processors.standard.AbstractExecuteSQL.executeConfigStatements(AbstractExecuteSQL.java:464)
	at org.apache.nifi.processors.standard.AbstractExecuteSQL.onTrigger(AbstractExecuteSQL.java:397)
	at org.apache.nifi.processor.AbstractProcessor.onTrigger(AbstractProcessor.java:27)
	at org.apache.nifi.util.StandardProcessorTestRunner$RunProcessor.call(StandardProcessorTestRunner.java:284)
	at org.apache.nifi.util.StandardProcessorTestRunner$RunProcessor.call(StandardProcessorTestRunner.java:278)
	at java.util.concurrent.FutureTask.run(FutureTask.java:266)
	at java.util.concurrent.ScheduledThreadPoolExecutor$ScheduledFutureTask.access$201(ScheduledThreadPoolExecutor.java:180)
	at java.util.concurrent.ScheduledThreadPoolExecutor$ScheduledFutureTask.run(ScheduledThreadPoolExecutor.java:293)
	at java.util.concurrent.ThreadPoolExecutor.runWorker(ThreadPoolExecutor.java:1149)
	at java.util.concurrent.ThreadPoolExecutor$Worker.run(ThreadPoolExecutor.java:624)
	at java.lang.Thread.run(Thread.java:750)
Caused by: ERROR 42Y03: 'SYSCS_UTIL.SYSCS_SET_RUNTIMESTATISTICS' is not recognized as a function or procedure.
	at org.apache.derby.iapi.error.StandardException.newException(Unknown Source)
	at org.apache.derby.iapi.error.StandardException.newException(Unknown Source)
	at org.apache.derby.impl.sql.compile.StaticMethodCallNode.bindExpressionMinion(Unknown Source)
	at org.apache.derby.impl.sql.compile.StaticMethodCallNode.bindExpression(Unknown Source)
	at org.apache.derby.impl.sql.compile.JavaToSQLValueNode.bindExpression(Unknown Source)
	at org.apache.derby.impl.sql.compile.CallStatementNode.bindStatement(Unknown Source)
	at org.apache.derby.impl.sql.GenericStatement.prepMinion(Unknown Source)
	at org.apache.derby.impl.sql.GenericStatement.prepare(Unknown Source)
	at org.apache.derby.impl.sql.conn.GenericLanguageConnectionContext.prepareInternalStatement(Unknown Source)
	... 13 more
]]></system-err>
  </testcase>
  <testcase name="testWriteLOBsToAvro" classname="org.apache.nifi.processors.standard.TestExecuteSQLRecord" time="0.445">
    <system-err><![CDATA[[pool-1545-thread-1] INFO org.apache.nifi.processors.standard.ExecuteSQLRecord - ExecuteSQLRecord[id=d1e6f95a-5912-42ea-9361-4d24b9741a48] FlowFile[0,97544265148964.mockFlowFile,417B] contains 1 records; transferring to 'success'
]]></system-err>
  </testcase>
  <testcase name="testWithSqlException" classname="org.apache.nifi.processors.standard.TestExecuteSQLRecord" time="0.011">
    <system-err><![CDATA[[pool-1546-thread-1] ERROR org.apache.nifi.processors.standard.ExecuteSQLRecord - ExecuteSQLRecord[id=8a7356d4-552d-467d-9667-7c1522c7be2f] Unable to execute SQL select query SELECT val1 FROM TEST_NO_ROWS due to java.sql.SQLSyntaxErrorException: Column 'VAL1' is either not in any table in the FROM list or appears within a join specification and is outside the scope of the join specification or appears in a HAVING clause and is not in the GROUP BY list. If this is a CREATE or ALTER TABLE  statement then 'VAL1' is not a column in the target table.. No FlowFile to route to failure: java.sql.SQLSyntaxErrorException: Column 'VAL1' is either not in any table in the FROM list or appears within a join specification and is outside the scope of the join specification or appears in a HAVING clause and is not in the GROUP BY list. If this is a CREATE or ALTER TABLE  statement then 'VAL1' is not a column in the target table.
java.sql.SQLSyntaxErrorException: Column 'VAL1' is either not in any table in the FROM list or appears within a join specification and is outside the scope of the join specification or appears in a HAVING clause and is not in the GROUP BY list. If this is a CREATE or ALTER TABLE  statement then 'VAL1' is not a column in the target table.
	at org.apache.derby.impl.jdbc.SQLExceptionFactory.getSQLException(Unknown Source)
	at org.apache.derby.impl.jdbc.Util.generateCsSQLException(Unknown Source)
	at org.apache.derby.impl.jdbc.TransactionResourceImpl.wrapInSQLException(Unknown Source)
	at org.apache.derby.impl.jdbc.TransactionResourceImpl.handleException(Unknown Source)
	at org.apache.derby.impl.jdbc.EmbedConnection.handleException(Unknown Source)
	at org.apache.derby.impl.jdbc.ConnectionChild.handleException(Unknown Source)
	at org.apache.derby.impl.jdbc.EmbedPreparedStatement.<init>(Unknown Source)
	at org.apache.derby.impl.jdbc.EmbedPreparedStatement42.<init>(Unknown Source)
	at org.apache.derby.jdbc.Driver42.newEmbedPreparedStatement(Unknown Source)
	at org.apache.derby.impl.jdbc.EmbedConnection.prepareStatement(Unknown Source)
	at org.apache.derby.impl.jdbc.EmbedConnection.prepareStatement(Unknown Source)
	at org.apache.nifi.processors.standard.AbstractExecuteSQL.onTrigger(AbstractExecuteSQL.java:240)
	at org.apache.nifi.processor.AbstractProcessor.onTrigger(AbstractProcessor.java:27)
	at org.apache.nifi.util.StandardProcessorTestRunner$RunProcessor.call(StandardProcessorTestRunner.java:284)
	at org.apache.nifi.util.StandardProcessorTestRunner$RunProcessor.call(StandardProcessorTestRunner.java:278)
	at java.util.concurrent.FutureTask.run(FutureTask.java:266)
	at java.util.concurrent.ScheduledThreadPoolExecutor$ScheduledFutureTask.access$201(ScheduledThreadPoolExecutor.java:180)
	at java.util.concurrent.ScheduledThreadPoolExecutor$ScheduledFutureTask.run(ScheduledThreadPoolExecutor.java:293)
	at java.util.concurrent.ThreadPoolExecutor.runWorker(ThreadPoolExecutor.java:1149)
	at java.util.concurrent.ThreadPoolExecutor$Worker.run(ThreadPoolExecutor.java:624)
	at java.lang.Thread.run(Thread.java:750)
Caused by: ERROR 42X04: Column 'VAL1' is either not in any table in the FROM list or appears within a join specification and is outside the scope of the join specification or appears in a HAVING clause and is not in the GROUP BY list. If this is a CREATE or ALTER TABLE  statement then 'VAL1' is not a column in the target table.
	at org.apache.derby.iapi.error.StandardException.newException(Unknown Source)
	at org.apache.derby.iapi.error.StandardException.newException(Unknown Source)
	at org.apache.derby.impl.sql.compile.ColumnReference.bindExpression(Unknown Source)
	at org.apache.derby.impl.sql.compile.ColumnReference.bindExpression(Unknown Source)
	at org.apache.derby.impl.sql.compile.ResultColumn.bindExpression(Unknown Source)
	at org.apache.derby.impl.sql.compile.ResultColumnList.bindExpressions(Unknown Source)
	at org.apache.derby.impl.sql.compile.SelectNode.bindExpressions(Unknown Source)
	at org.apache.derby.impl.sql.compile.DMLStatementNode.bindExpressions(Unknown Source)
	at org.apache.derby.impl.sql.compile.DMLStatementNode.bind(Unknown Source)
	at org.apache.derby.impl.sql.compile.CursorNode.bindStatement(Unknown Source)
	at org.apache.derby.impl.sql.GenericStatement.prepMinion(Unknown Source)
	at org.apache.derby.impl.sql.GenericStatement.prepare(Unknown Source)
	at org.apache.derby.impl.sql.conn.GenericLanguageConnectionContext.prepareInternalStatement(Unknown Source)
	... 15 more
]]></system-err>
  </testcase>
  <testcase name="testPreQuery" classname="org.apache.nifi.processors.standard.TestExecuteSQLRecord" time="0.027">
    <system-err><![CDATA[[pool-1547-thread-1] INFO org.apache.nifi.processors.standard.ExecuteSQLRecord - ExecuteSQLRecord[id=41d9f217-5099-4ab0-bc3a-c4e2c941e16a] FlowFile[1,97544414141106.mockFlowFile,12B] contains 1 records; transferring to 'success'
]]></system-err>
  </testcase>
  <testcase name="testInsertStatementCreatesFlowFile" classname="org.apache.nifi.processors.standard.TestExecuteSQLRecord" time="0.028"/>
  <testcase name="testNoRowsStatementCreatesEmptyFlowFile" classname="org.apache.nifi.processors.standard.TestExecuteSQLRecord" time="0.02">
    <system-err><![CDATA[[pool-1549-thread-1] INFO org.apache.nifi.processors.standard.ExecuteSQLRecord - ExecuteSQLRecord[id=9f0b3fba-8493-467d-af12-1c3e148247bb] FlowFile[1,97544464352637.mockFlowFile,0B] contains 0 records; transferring to 'success'
]]></system-err>
  </testcase>
  <testcase name="testMaxRowsPerFlowFile" classname="org.apache.nifi.processors.standard.TestExecuteSQLRecord" time="1.626">
    <system-err><![CDATA[[pool-1550-thread-1] INFO org.apache.nifi.processors.standard.ExecuteSQLRecord - ExecuteSQLRecord[id=e099e41a-126e-4f23-999b-60f2fc53944a] FlowFile[0,97546084282356.mockFlowFile,60B] contains 5 records; transferring to 'success'
[pool-1550-thread-1] INFO org.apache.nifi.processors.standard.ExecuteSQLRecord - ExecuteSQLRecord[id=e099e41a-126e-4f23-999b-60f2fc53944a] FlowFile[1,97546084580316.mockFlowFile,60B] contains 5 records; transferring to 'success'
[pool-1550-thread-1] INFO org.apache.nifi.processors.standard.ExecuteSQLRecord - ExecuteSQLRecord[id=e099e41a-126e-4f23-999b-60f2fc53944a] FlowFile[2,97546084623008.mockFlowFile,65B] contains 5 records; transferring to 'success'
[pool-1550-thread-1] INFO org.apache.nifi.processors.standard.ExecuteSQLRecord - ExecuteSQLRecord[id=e099e41a-126e-4f23-999b-60f2fc53944a] FlowFile[3,97546084656675.mockFlowFile,65B] contains 5 records; transferring to 'success'
[pool-1550-thread-1] INFO org.apache.nifi.processors.standard.ExecuteSQLRecord - ExecuteSQLRecord[id=e099e41a-126e-4f23-999b-60f2fc53944a] FlowFile[4,97546084695443.mockFlowFile,65B] contains 5 records; transferring to 'success'
[pool-1550-thread-1] INFO org.apache.nifi.processors.standard.ExecuteSQLRecord - ExecuteSQLRecord[id=e099e41a-126e-4f23-999b-60f2fc53944a] FlowFile[5,97546084726490.mockFlowFile,65B] contains 5 records; transferring to 'success'
[pool-1550-thread-1] INFO org.apache.nifi.processors.standard.ExecuteSQLRecord - ExecuteSQLRecord[id=e099e41a-126e-4f23-999b-60f2fc53944a] FlowFile[6,97546084756360.mockFlowFile,65B] contains 5 records; transferring to 'success'
[pool-1550-thread-1] INFO org.apache.nifi.processors.standard.ExecuteSQLRecord - ExecuteSQLRecord[id=e099e41a-126e-4f23-999b-60f2fc53944a] FlowFile[7,97546084791459.mockFlowFile,65B] contains 5 records; transferring to 'success'
[pool-1550-thread-1] INFO org.apache.nifi.processors.standard.ExecuteSQLRecord - ExecuteSQLRecord[id=e099e41a-126e-4f23-999b-60f2fc53944a] FlowFile[8,97546084820724.mockFlowFile,65B] contains 5 records; transferring to 'success'
[pool-1550-thread-1] INFO org.apache.nifi.processors.standard.ExecuteSQLRecord - ExecuteSQLRecord[id=e099e41a-126e-4f23-999b-60f2fc53944a] FlowFile[9,97546084858277.mockFlowFile,65B] contains 5 records; transferring to 'success'
[pool-1550-thread-1] INFO org.apache.nifi.processors.standard.ExecuteSQLRecord - ExecuteSQLRecord[id=e099e41a-126e-4f23-999b-60f2fc53944a] FlowFile[10,97546084893584.mockFlowFile,65B] contains 5 records; transferring to 'success'
[pool-1550-thread-1] INFO org.apache.nifi.processors.standard.ExecuteSQLRecord - ExecuteSQLRecord[id=e099e41a-126e-4f23-999b-60f2fc53944a] FlowFile[11,97546084924311.mockFlowFile,65B] contains 5 records; transferring to 'success'
[pool-1550-thread-1] INFO org.apache.nifi.processors.standard.ExecuteSQLRecord - ExecuteSQLRecord[id=e099e41a-126e-4f23-999b-60f2fc53944a] FlowFile[12,97546084973042.mockFlowFile,65B] contains 5 records; transferring to 'success'
[pool-1550-thread-1] INFO org.apache.nifi.processors.standard.ExecuteSQLRecord - ExecuteSQLRecord[id=e099e41a-126e-4f23-999b-60f2fc53944a] FlowFile[13,97546085024137.mockFlowFile,65B] contains 5 records; transferring to 'success'
[pool-1550-thread-1] INFO org.apache.nifi.processors.standard.ExecuteSQLRecord - ExecuteSQLRecord[id=e099e41a-126e-4f23-999b-60f2fc53944a] FlowFile[14,97546085062727.mockFlowFile,65B] contains 5 records; transferring to 'success'
[pool-1550-thread-1] INFO org.apache.nifi.processors.standard.ExecuteSQLRecord - ExecuteSQLRecord[id=e099e41a-126e-4f23-999b-60f2fc53944a] FlowFile[15,97546085105628.mockFlowFile,65B] contains 5 records; transferring to 'success'
[pool-1550-thread-1] INFO org.apache.nifi.processors.standard.ExecuteSQLRecord - ExecuteSQLRecord[id=e099e41a-126e-4f23-999b-60f2fc53944a] FlowFile[16,97546085149918.mockFlowFile,65B] contains 5 records; transferring to 'success'
[pool-1550-thread-1] INFO org.apache.nifi.processors.standard.ExecuteSQLRecord - ExecuteSQLRecord[id=e099e41a-126e-4f23-999b-60f2fc53944a] FlowFile[17,97546085180198.mockFlowFile,65B] contains 5 records; transferring to 'success'
[pool-1550-thread-1] INFO org.apache.nifi.processors.standard.ExecuteSQLRecord - ExecuteSQLRecord[id=e099e41a-126e-4f23-999b-60f2fc53944a] FlowFile[18,97546085209229.mockFlowFile,65B] contains 5 records; transferring to 'success'
[pool-1550-thread-1] INFO org.apache.nifi.processors.standard.ExecuteSQLRecord - ExecuteSQLRecord[id=e099e41a-126e-4f23-999b-60f2fc53944a] FlowFile[19,97546085238874.mockFlowFile,65B] contains 5 records; transferring to 'success'
[pool-1550-thread-1] INFO org.apache.nifi.processors.standard.ExecuteSQLRecord - ExecuteSQLRecord[id=e099e41a-126e-4f23-999b-60f2fc53944a] FlowFile[20,97546085286847.mockFlowFile,70B] contains 5 records; transferring to 'success'
[pool-1550-thread-1] INFO org.apache.nifi.processors.standard.ExecuteSQLRecord - ExecuteSQLRecord[id=e099e41a-126e-4f23-999b-60f2fc53944a] FlowFile[21,97546085323661.mockFlowFile,70B] contains 5 records; transferring to 'success'
[pool-1550-thread-1] INFO org.apache.nifi.processors.standard.ExecuteSQLRecord - ExecuteSQLRecord[id=e099e41a-126e-4f23-999b-60f2fc53944a] FlowFile[22,97546085353645.mockFlowFile,70B] contains 5 records; transferring to 'success'
[pool-1550-thread-1] INFO org.apache.nifi.processors.standard.ExecuteSQLRecord - ExecuteSQLRecord[id=e099e41a-126e-4f23-999b-60f2fc53944a] FlowFile[23,97546085391072.mockFlowFile,70B] contains 5 records; transferring to 'success'
[pool-1550-thread-1] INFO org.apache.nifi.processors.standard.ExecuteSQLRecord - ExecuteSQLRecord[id=e099e41a-126e-4f23-999b-60f2fc53944a] FlowFile[24,97546085423408.mockFlowFile,70B] contains 5 records; transferring to 'success'
[pool-1550-thread-1] INFO org.apache.nifi.processors.standard.ExecuteSQLRecord - ExecuteSQLRecord[id=e099e41a-126e-4f23-999b-60f2fc53944a] FlowFile[25,97546085454946.mockFlowFile,70B] contains 5 records; transferring to 'success'
[pool-1550-thread-1] INFO org.apache.nifi.processors.standard.ExecuteSQLRecord - ExecuteSQLRecord[id=e099e41a-126e-4f23-999b-60f2fc53944a] FlowFile[26,97546085631868.mockFlowFile,70B] contains 5 records; transferring to 'success'
[pool-1550-thread-1] INFO org.apache.nifi.processors.standard.ExecuteSQLRecord - ExecuteSQLRecord[id=e099e41a-126e-4f23-999b-60f2fc53944a] FlowFile[27,97546085684545.mockFlowFile,70B] contains 5 records; transferring to 'success'
[pool-1550-thread-1] INFO org.apache.nifi.processors.standard.ExecuteSQLRecord - ExecuteSQLRecord[id=e099e41a-126e-4f23-999b-60f2fc53944a] FlowFile[28,97546085718509.mockFlowFile,70B] contains 5 records; transferring to 'success'
[pool-1550-thread-1] INFO org.apache.nifi.processors.standard.ExecuteSQLRecord - ExecuteSQLRecord[id=e099e41a-126e-4f23-999b-60f2fc53944a] FlowFile[29,97546085759241.mockFlowFile,70B] contains 5 records; transferring to 'success'
[pool-1550-thread-1] INFO org.apache.nifi.processors.standard.ExecuteSQLRecord - ExecuteSQLRecord[id=e099e41a-126e-4f23-999b-60f2fc53944a] FlowFile[30,97546085790422.mockFlowFile,70B] contains 5 records; transferring to 'success'
[pool-1550-thread-1] INFO org.apache.nifi.processors.standard.ExecuteSQLRecord - ExecuteSQLRecord[id=e099e41a-126e-4f23-999b-60f2fc53944a] FlowFile[31,97546085820540.mockFlowFile,70B] contains 5 records; transferring to 'success'
[pool-1550-thread-1] INFO org.apache.nifi.processors.standard.ExecuteSQLRecord - ExecuteSQLRecord[id=e099e41a-126e-4f23-999b-60f2fc53944a] FlowFile[32,97546085863251.mockFlowFile,70B] contains 5 records; transferring to 'success'
[pool-1550-thread-1] INFO org.apache.nifi.processors.standard.ExecuteSQLRecord - ExecuteSQLRecord[id=e099e41a-126e-4f23-999b-60f2fc53944a] FlowFile[33,97546085896289.mockFlowFile,70B] contains 5 records; transferring to 'success'
[pool-1550-thread-1] INFO org.apache.nifi.processors.standard.ExecuteSQLRecord - ExecuteSQLRecord[id=e099e41a-126e-4f23-999b-60f2fc53944a] FlowFile[34,97546085926723.mockFlowFile,70B] contains 5 records; transferring to 'success'
[pool-1550-thread-1] INFO org.apache.nifi.processors.standard.ExecuteSQLRecord - ExecuteSQLRecord[id=e099e41a-126e-4f23-999b-60f2fc53944a] FlowFile[35,97546085956445.mockFlowFile,70B] contains 5 records; transferring to 'success'
[pool-1550-thread-1] INFO org.apache.nifi.processors.standard.ExecuteSQLRecord - ExecuteSQLRecord[id=e099e41a-126e-4f23-999b-60f2fc53944a] FlowFile[36,97546085991011.mockFlowFile,70B] contains 5 records; transferring to 'success'
[pool-1550-thread-1] INFO org.apache.nifi.processors.standard.ExecuteSQLRecord - ExecuteSQLRecord[id=e099e41a-126e-4f23-999b-60f2fc53944a] FlowFile[37,97546086020518.mockFlowFile,70B] contains 5 records; transferring to 'success'
[pool-1550-thread-1] INFO org.apache.nifi.processors.standard.ExecuteSQLRecord - ExecuteSQLRecord[id=e099e41a-126e-4f23-999b-60f2fc53944a] FlowFile[38,97546086049247.mockFlowFile,70B] contains 5 records; transferring to 'success'
[pool-1550-thread-1] INFO org.apache.nifi.processors.standard.ExecuteSQLRecord - ExecuteSQLRecord[id=e099e41a-126e-4f23-999b-60f2fc53944a] FlowFile[39,97546086083538.mockFlowFile,70B] contains 5 records; transferring to 'success'
[pool-1550-thread-1] INFO org.apache.nifi.processors.standard.ExecuteSQLRecord - ExecuteSQLRecord[id=e099e41a-126e-4f23-999b-60f2fc53944a] FlowFile[40,97546086113088.mockFlowFile,70B] contains 5 records; transferring to 'success'
[pool-1550-thread-1] INFO org.apache.nifi.processors.standard.ExecuteSQLRecord - ExecuteSQLRecord[id=e099e41a-126e-4f23-999b-60f2fc53944a] FlowFile[41,97546086142025.mockFlowFile,70B] contains 5 records; transferring to 'success'
[pool-1550-thread-1] INFO org.apache.nifi.processors.standard.ExecuteSQLRecord - ExecuteSQLRecord[id=e099e41a-126e-4f23-999b-60f2fc53944a] FlowFile[42,97546086176184.mockFlowFile,70B] contains 5 records; transferring to 'success'
[pool-1550-thread-1] INFO org.apache.nifi.processors.standard.ExecuteSQLRecord - ExecuteSQLRecord[id=e099e41a-126e-4f23-999b-60f2fc53944a] FlowFile[43,97546086204444.mockFlowFile,70B] contains 5 records; transferring to 'success'
[pool-1550-thread-1] INFO org.apache.nifi.processors.standard.ExecuteSQLRecord - ExecuteSQLRecord[id=e099e41a-126e-4f23-999b-60f2fc53944a] FlowFile[44,97546086233296.mockFlowFile,70B] contains 5 records; transferring to 'success'
[pool-1550-thread-1] INFO org.apache.nifi.processors.standard.ExecuteSQLRecord - ExecuteSQLRecord[id=e099e41a-126e-4f23-999b-60f2fc53944a] FlowFile[45,97546086269069.mockFlowFile,70B] contains 5 records; transferring to 'success'
[pool-1550-thread-1] INFO org.apache.nifi.processors.standard.ExecuteSQLRecord - ExecuteSQLRecord[id=e099e41a-126e-4f23-999b-60f2fc53944a] FlowFile[46,97546086340774.mockFlowFile,70B] contains 5 records; transferring to 'success'
[pool-1550-thread-1] INFO org.apache.nifi.processors.standard.ExecuteSQLRecord - ExecuteSQLRecord[id=e099e41a-126e-4f23-999b-60f2fc53944a] FlowFile[47,97546086371946.mockFlowFile,70B] contains 5 records; transferring to 'success'
[pool-1550-thread-1] INFO org.apache.nifi.processors.standard.ExecuteSQLRecord - ExecuteSQLRecord[id=e099e41a-126e-4f23-999b-60f2fc53944a] FlowFile[48,97546086410790.mockFlowFile,70B] contains 5 records; transferring to 'success'
[pool-1550-thread-1] INFO org.apache.nifi.processors.standard.ExecuteSQLRecord - ExecuteSQLRecord[id=e099e41a-126e-4f23-999b-60f2fc53944a] FlowFile[49,97546086480334.mockFlowFile,70B] contains 5 records; transferring to 'success'
[pool-1550-thread-1] INFO org.apache.nifi.processors.standard.ExecuteSQLRecord - ExecuteSQLRecord[id=e099e41a-126e-4f23-999b-60f2fc53944a] FlowFile[50,97546086511713.mockFlowFile,70B] contains 5 records; transferring to 'success'
[pool-1550-thread-1] INFO org.apache.nifi.processors.standard.ExecuteSQLRecord - ExecuteSQLRecord[id=e099e41a-126e-4f23-999b-60f2fc53944a] FlowFile[51,97546086541104.mockFlowFile,70B] contains 5 records; transferring to 'success'
[pool-1550-thread-1] INFO org.apache.nifi.processors.standard.ExecuteSQLRecord - ExecuteSQLRecord[id=e099e41a-126e-4f23-999b-60f2fc53944a] FlowFile[52,97546086576182.mockFlowFile,70B] contains 5 records; transferring to 'success'
[pool-1550-thread-1] INFO org.apache.nifi.processors.standard.ExecuteSQLRecord - ExecuteSQLRecord[id=e099e41a-126e-4f23-999b-60f2fc53944a] FlowFile[53,97546086604965.mockFlowFile,70B] contains 5 records; transferring to 'success'
[pool-1550-thread-1] INFO org.apache.nifi.processors.standard.ExecuteSQLRecord - ExecuteSQLRecord[id=e099e41a-126e-4f23-999b-60f2fc53944a] FlowFile[54,97546086633928.mockFlowFile,70B] contains 5 records; transferring to 'success'
[pool-1550-thread-1] INFO org.apache.nifi.processors.standard.ExecuteSQLRecord - ExecuteSQLRecord[id=e099e41a-126e-4f23-999b-60f2fc53944a] FlowFile[55,97546086667868.mockFlowFile,70B] contains 5 records; transferring to 'success'
[pool-1550-thread-1] INFO org.apache.nifi.processors.standard.ExecuteSQLRecord - ExecuteSQLRecord[id=e099e41a-126e-4f23-999b-60f2fc53944a] FlowFile[56,97546086696801.mockFlowFile,70B] contains 5 records; transferring to 'success'
[pool-1550-thread-1] INFO org.apache.nifi.processors.standard.ExecuteSQLRecord - ExecuteSQLRecord[id=e099e41a-126e-4f23-999b-60f2fc53944a] FlowFile[57,97546086726979.mockFlowFile,70B] contains 5 records; transferring to 'success'
[pool-1550-thread-1] INFO org.apache.nifi.processors.standard.ExecuteSQLRecord - ExecuteSQLRecord[id=e099e41a-126e-4f23-999b-60f2fc53944a] FlowFile[58,97546086761682.mockFlowFile,70B] contains 5 records; transferring to 'success'
[pool-1550-thread-1] INFO org.apache.nifi.processors.standard.ExecuteSQLRecord - ExecuteSQLRecord[id=e099e41a-126e-4f23-999b-60f2fc53944a] FlowFile[59,97546086792401.mockFlowFile,70B] contains 5 records; transferring to 'success'
[pool-1550-thread-1] INFO org.apache.nifi.processors.standard.ExecuteSQLRecord - ExecuteSQLRecord[id=e099e41a-126e-4f23-999b-60f2fc53944a] FlowFile[60,97546086821485.mockFlowFile,70B] contains 5 records; transferring to 'success'
[pool-1550-thread-1] INFO org.apache.nifi.processors.standard.ExecuteSQLRecord - ExecuteSQLRecord[id=e099e41a-126e-4f23-999b-60f2fc53944a] FlowFile[61,97546086855534.mockFlowFile,70B] contains 5 records; transferring to 'success'
[pool-1550-thread-1] INFO org.apache.nifi.processors.standard.ExecuteSQLRecord - ExecuteSQLRecord[id=e099e41a-126e-4f23-999b-60f2fc53944a] FlowFile[62,97546086884836.mockFlowFile,70B] contains 5 records; transferring to 'success'
[pool-1550-thread-1] INFO org.apache.nifi.processors.standard.ExecuteSQLRecord - ExecuteSQLRecord[id=e099e41a-126e-4f23-999b-60f2fc53944a] FlowFile[63,97546086913379.mockFlowFile,70B] contains 5 records; transferring to 'success'
[pool-1550-thread-1] INFO org.apache.nifi.processors.standard.ExecuteSQLRecord - ExecuteSQLRecord[id=e099e41a-126e-4f23-999b-60f2fc53944a] FlowFile[64,97546086952886.mockFlowFile,70B] contains 5 records; transferring to 'success'
[pool-1550-thread-1] INFO org.apache.nifi.processors.standard.ExecuteSQLRecord - ExecuteSQLRecord[id=e099e41a-126e-4f23-999b-60f2fc53944a] FlowFile[65,97546086999429.mockFlowFile,70B] contains 5 records; transferring to 'success'
[pool-1550-thread-1] INFO org.apache.nifi.processors.standard.ExecuteSQLRecord - ExecuteSQLRecord[id=e099e41a-126e-4f23-999b-60f2fc53944a] FlowFile[66,97546087040237.mockFlowFile,70B] contains 5 records; transferring to 'success'
[pool-1550-thread-1] INFO org.apache.nifi.processors.standard.ExecuteSQLRecord - ExecuteSQLRecord[id=e099e41a-126e-4f23-999b-60f2fc53944a] FlowFile[67,97546087080276.mockFlowFile,70B] contains 5 records; transferring to 'success'
[pool-1550-thread-1] INFO org.apache.nifi.processors.standard.ExecuteSQLRecord - ExecuteSQLRecord[id=e099e41a-126e-4f23-999b-60f2fc53944a] FlowFile[68,97546087118175.mockFlowFile,70B] contains 5 records; transferring to 'success'
[pool-1550-thread-1] INFO org.apache.nifi.processors.standard.ExecuteSQLRecord - ExecuteSQLRecord[id=e099e41a-126e-4f23-999b-60f2fc53944a] FlowFile[69,97546087149099.mockFlowFile,70B] contains 5 records; transferring to 'success'
[pool-1550-thread-1] INFO org.apache.nifi.processors.standard.ExecuteSQLRecord - ExecuteSQLRecord[id=e099e41a-126e-4f23-999b-60f2fc53944a] FlowFile[70,97546087178520.mockFlowFile,70B] contains 5 records; transferring to 'success'
[pool-1550-thread-1] INFO org.apache.nifi.processors.standard.ExecuteSQLRecord - ExecuteSQLRecord[id=e099e41a-126e-4f23-999b-60f2fc53944a] FlowFile[71,97546087212803.mockFlowFile,70B] contains 5 records; transferring to 'success'
[pool-1550-thread-1] INFO org.apache.nifi.processors.standard.ExecuteSQLRecord - ExecuteSQLRecord[id=e099e41a-126e-4f23-999b-60f2fc53944a] FlowFile[72,97546087256868.mockFlowFile,70B] contains 5 records; transferring to 'success'
[pool-1550-thread-1] INFO org.apache.nifi.processors.standard.ExecuteSQLRecord - ExecuteSQLRecord[id=e099e41a-126e-4f23-999b-60f2fc53944a] FlowFile[73,97546087298809.mockFlowFile,70B] contains 5 records; transferring to 'success'
[pool-1550-thread-1] INFO org.apache.nifi.processors.standard.ExecuteSQLRecord - ExecuteSQLRecord[id=e099e41a-126e-4f23-999b-60f2fc53944a] FlowFile[74,97546087335652.mockFlowFile,70B] contains 5 records; transferring to 'success'
[pool-1550-thread-1] INFO org.apache.nifi.processors.standard.ExecuteSQLRecord - ExecuteSQLRecord[id=e099e41a-126e-4f23-999b-60f2fc53944a] FlowFile[75,97546087364811.mockFlowFile,70B] contains 5 records; transferring to 'success'
[pool-1550-thread-1] INFO org.apache.nifi.processors.standard.ExecuteSQLRecord - ExecuteSQLRecord[id=e099e41a-126e-4f23-999b-60f2fc53944a] FlowFile[76,97546087393362.mockFlowFile,70B] contains 5 records; transferring to 'success'
[pool-1550-thread-1] INFO org.apache.nifi.processors.standard.ExecuteSQLRecord - ExecuteSQLRecord[id=e099e41a-126e-4f23-999b-60f2fc53944a] FlowFile[77,97546087428805.mockFlowFile,70B] contains 5 records; transferring to 'success'
[pool-1550-thread-1] INFO org.apache.nifi.processors.standard.ExecuteSQLRecord - ExecuteSQLRecord[id=e099e41a-126e-4f23-999b-60f2fc53944a] FlowFile[78,97546087457290.mockFlowFile,70B] contains 5 records; transferring to 'success'
[pool-1550-thread-1] INFO org.apache.nifi.processors.standard.ExecuteSQLRecord - ExecuteSQLRecord[id=e099e41a-126e-4f23-999b-60f2fc53944a] FlowFile[79,97546087485821.mockFlowFile,70B] contains 5 records; transferring to 'success'
[pool-1550-thread-1] INFO org.apache.nifi.processors.standard.ExecuteSQLRecord - ExecuteSQLRecord[id=e099e41a-126e-4f23-999b-60f2fc53944a] FlowFile[80,97546087524983.mockFlowFile,70B] contains 5 records; transferring to 'success'
[pool-1550-thread-1] INFO org.apache.nifi.processors.standard.ExecuteSQLRecord - ExecuteSQLRecord[id=e099e41a-126e-4f23-999b-60f2fc53944a] FlowFile[81,97546087553748.mockFlowFile,70B] contains 5 records; transferring to 'success'
[pool-1550-thread-1] INFO org.apache.nifi.processors.standard.ExecuteSQLRecord - ExecuteSQLRecord[id=e099e41a-126e-4f23-999b-60f2fc53944a] FlowFile[82,97546087585523.mockFlowFile,70B] contains 5 records; transferring to 'success'
[pool-1550-thread-1] INFO org.apache.nifi.processors.standard.ExecuteSQLRecord - ExecuteSQLRecord[id=e099e41a-126e-4f23-999b-60f2fc53944a] FlowFile[83,97546087613308.mockFlowFile,70B] contains 5 records; transferring to 'success'
[pool-1550-thread-1] INFO org.apache.nifi.processors.standard.ExecuteSQLRecord - ExecuteSQLRecord[id=e099e41a-126e-4f23-999b-60f2fc53944a] FlowFile[84,97546087646977.mockFlowFile,70B] contains 5 records; transferring to 'success'
[pool-1550-thread-1] INFO org.apache.nifi.processors.standard.ExecuteSQLRecord - ExecuteSQLRecord[id=e099e41a-126e-4f23-999b-60f2fc53944a] FlowFile[85,97546087675832.mockFlowFile,70B] contains 5 records; transferring to 'success'
[pool-1550-thread-1] INFO org.apache.nifi.processors.standard.ExecuteSQLRecord - ExecuteSQLRecord[id=e099e41a-126e-4f23-999b-60f2fc53944a] FlowFile[86,97546087704710.mockFlowFile,70B] contains 5 records; transferring to 'success'
[pool-1550-thread-1] INFO org.apache.nifi.processors.standard.ExecuteSQLRecord - ExecuteSQLRecord[id=e099e41a-126e-4f23-999b-60f2fc53944a] FlowFile[87,97546087737686.mockFlowFile,70B] contains 5 records; transferring to 'success'
[pool-1550-thread-1] INFO org.apache.nifi.processors.standard.ExecuteSQLRecord - ExecuteSQLRecord[id=e099e41a-126e-4f23-999b-60f2fc53944a] FlowFile[88,97546087767348.mockFlowFile,70B] contains 5 records; transferring to 'success'
[pool-1550-thread-1] INFO org.apache.nifi.processors.standard.ExecuteSQLRecord - ExecuteSQLRecord[id=e099e41a-126e-4f23-999b-60f2fc53944a] FlowFile[89,97546087797856.mockFlowFile,70B] contains 5 records; transferring to 'success'
[pool-1550-thread-1] INFO org.apache.nifi.processors.standard.ExecuteSQLRecord - ExecuteSQLRecord[id=e099e41a-126e-4f23-999b-60f2fc53944a] FlowFile[90,97546087831749.mockFlowFile,70B] contains 5 records; transferring to 'success'
[pool-1550-thread-1] INFO org.apache.nifi.processors.standard.ExecuteSQLRecord - ExecuteSQLRecord[id=e099e41a-126e-4f23-999b-60f2fc53944a] FlowFile[91,97546087860208.mockFlowFile,70B] contains 5 records; transferring to 'success'
[pool-1550-thread-1] INFO org.apache.nifi.processors.standard.ExecuteSQLRecord - ExecuteSQLRecord[id=e099e41a-126e-4f23-999b-60f2fc53944a] FlowFile[92,97546087888272.mockFlowFile,70B] contains 5 records; transferring to 'success'
[pool-1550-thread-1] INFO org.apache.nifi.processors.standard.ExecuteSQLRecord - ExecuteSQLRecord[id=e099e41a-126e-4f23-999b-60f2fc53944a] FlowFile[93,97546087922215.mockFlowFile,70B] contains 5 records; transferring to 'success'
[pool-1550-thread-1] INFO org.apache.nifi.processors.standard.ExecuteSQLRecord - ExecuteSQLRecord[id=e099e41a-126e-4f23-999b-60f2fc53944a] FlowFile[94,97546087952537.mockFlowFile,70B] contains 5 records; transferring to 'success'
[pool-1550-thread-1] INFO org.apache.nifi.processors.standard.ExecuteSQLRecord - ExecuteSQLRecord[id=e099e41a-126e-4f23-999b-60f2fc53944a] FlowFile[95,97546087980873.mockFlowFile,70B] contains 5 records; transferring to 'success'
[pool-1550-thread-1] INFO org.apache.nifi.processors.standard.ExecuteSQLRecord - ExecuteSQLRecord[id=e099e41a-126e-4f23-999b-60f2fc53944a] FlowFile[96,97546088037927.mockFlowFile,70B] contains 5 records; transferring to 'success'
[pool-1550-thread-1] INFO org.apache.nifi.processors.standard.ExecuteSQLRecord - ExecuteSQLRecord[id=e099e41a-126e-4f23-999b-60f2fc53944a] FlowFile[97,97546088077795.mockFlowFile,70B] contains 5 records; transferring to 'success'
[pool-1550-thread-1] INFO org.apache.nifi.processors.standard.ExecuteSQLRecord - ExecuteSQLRecord[id=e099e41a-126e-4f23-999b-60f2fc53944a] FlowFile[98,97546088106477.mockFlowFile,70B] contains 5 records; transferring to 'success'
[pool-1550-thread-1] INFO org.apache.nifi.processors.standard.ExecuteSQLRecord - ExecuteSQLRecord[id=e099e41a-126e-4f23-999b-60f2fc53944a] FlowFile[99,97546088135138.mockFlowFile,70B] contains 5 records; transferring to 'success'
[pool-1550-thread-1] INFO org.apache.nifi.processors.standard.ExecuteSQLRecord - ExecuteSQLRecord[id=e099e41a-126e-4f23-999b-60f2fc53944a] FlowFile[100,97546088169050.mockFlowFile,70B] contains 5 records; transferring to 'success'
[pool-1550-thread-1] INFO org.apache.nifi.processors.standard.ExecuteSQLRecord - ExecuteSQLRecord[id=e099e41a-126e-4f23-999b-60f2fc53944a] FlowFile[101,97546088198430.mockFlowFile,70B] contains 5 records; transferring to 'success'
[pool-1550-thread-1] INFO org.apache.nifi.processors.standard.ExecuteSQLRecord - ExecuteSQLRecord[id=e099e41a-126e-4f23-999b-60f2fc53944a] FlowFile[102,97546088256270.mockFlowFile,70B] contains 5 records; transferring to 'success'
[pool-1550-thread-1] INFO org.apache.nifi.processors.standard.ExecuteSQLRecord - ExecuteSQLRecord[id=e099e41a-126e-4f23-999b-60f2fc53944a] FlowFile[103,97546088292809.mockFlowFile,70B] contains 5 records; transferring to 'success'
[pool-1550-thread-1] INFO org.apache.nifi.processors.standard.ExecuteSQLRecord - ExecuteSQLRecord[id=e099e41a-126e-4f23-999b-60f2fc53944a] FlowFile[104,97546088322743.mockFlowFile,70B] contains 5 records; transferring to 'success'
[pool-1550-thread-1] INFO org.apache.nifi.processors.standard.ExecuteSQLRecord - ExecuteSQLRecord[id=e099e41a-126e-4f23-999b-60f2fc53944a] FlowFile[105,97546088352780.mockFlowFile,70B] contains 5 records; transferring to 'success'
[pool-1550-thread-1] INFO org.apache.nifi.processors.standard.ExecuteSQLRecord - ExecuteSQLRecord[id=e099e41a-126e-4f23-999b-60f2fc53944a] FlowFile[106,97546088388703.mockFlowFile,70B] contains 5 records; transferring to 'success'
[pool-1550-thread-1] INFO org.apache.nifi.processors.standard.ExecuteSQLRecord - ExecuteSQLRecord[id=e099e41a-126e-4f23-999b-60f2fc53944a] FlowFile[107,97546088417934.mockFlowFile,70B] contains 5 records; transferring to 'success'
[pool-1550-thread-1] INFO org.apache.nifi.processors.standard.ExecuteSQLRecord - ExecuteSQLRecord[id=e099e41a-126e-4f23-999b-60f2fc53944a] FlowFile[108,97546088446962.mockFlowFile,70B] contains 5 records; transferring to 'success'
[pool-1550-thread-1] INFO org.apache.nifi.processors.standard.ExecuteSQLRecord - ExecuteSQLRecord[id=e099e41a-126e-4f23-999b-60f2fc53944a] FlowFile[109,97546088481734.mockFlowFile,70B] contains 5 records; transferring to 'success'
[pool-1550-thread-1] INFO org.apache.nifi.processors.standard.ExecuteSQLRecord - ExecuteSQLRecord[id=e099e41a-126e-4f23-999b-60f2fc53944a] FlowFile[110,97546088511436.mockFlowFile,70B] contains 5 records; transferring to 'success'
[pool-1550-thread-1] INFO org.apache.nifi.processors.standard.ExecuteSQLRecord - ExecuteSQLRecord[id=e099e41a-126e-4f23-999b-60f2fc53944a] FlowFile[111,97546088568830.mockFlowFile,70B] contains 5 records; transferring to 'success'
[pool-1550-thread-1] INFO org.apache.nifi.processors.standard.ExecuteSQLRecord - ExecuteSQLRecord[id=e099e41a-126e-4f23-999b-60f2fc53944a] FlowFile[112,97546088611214.mockFlowFile,70B] contains 5 records; transferring to 'success'
[pool-1550-thread-1] INFO org.apache.nifi.processors.standard.ExecuteSQLRecord - ExecuteSQLRecord[id=e099e41a-126e-4f23-999b-60f2fc53944a] FlowFile[113,97546088639816.mockFlowFile,70B] contains 5 records; transferring to 'success'
[pool-1550-thread-1] INFO org.apache.nifi.processors.standard.ExecuteSQLRecord - ExecuteSQLRecord[id=e099e41a-126e-4f23-999b-60f2fc53944a] FlowFile[114,97546088669012.mockFlowFile,70B] contains 5 records; transferring to 'success'
[pool-1550-thread-1] INFO org.apache.nifi.processors.standard.ExecuteSQLRecord - ExecuteSQLRecord[id=e099e41a-126e-4f23-999b-60f2fc53944a] FlowFile[115,97546088697529.mockFlowFile,70B] contains 5 records; transferring to 'success'
[pool-1550-thread-1] INFO org.apache.nifi.processors.standard.ExecuteSQLRecord - ExecuteSQLRecord[id=e099e41a-126e-4f23-999b-60f2fc53944a] FlowFile[116,97546088738865.mockFlowFile,70B] contains 5 records; transferring to 'success'
[pool-1550-thread-1] INFO org.apache.nifi.processors.standard.ExecuteSQLRecord - ExecuteSQLRecord[id=e099e41a-126e-4f23-999b-60f2fc53944a] FlowFile[117,97546088768326.mockFlowFile,70B] contains 5 records; transferring to 'success'
[pool-1550-thread-1] INFO org.apache.nifi.processors.standard.ExecuteSQLRecord - ExecuteSQLRecord[id=e099e41a-126e-4f23-999b-60f2fc53944a] FlowFile[118,97546088797028.mockFlowFile,70B] contains 5 records; transferring to 'success'
[pool-1550-thread-1] INFO org.apache.nifi.processors.standard.ExecuteSQLRecord - ExecuteSQLRecord[id=e099e41a-126e-4f23-999b-60f2fc53944a] FlowFile[119,97546088831092.mockFlowFile,70B] contains 5 records; transferring to 'success'
[pool-1550-thread-1] INFO org.apache.nifi.processors.standard.ExecuteSQLRecord - ExecuteSQLRecord[id=e099e41a-126e-4f23-999b-60f2fc53944a] FlowFile[120,97546088859651.mockFlowFile,70B] contains 5 records; transferring to 'success'
[pool-1550-thread-1] INFO org.apache.nifi.processors.standard.ExecuteSQLRecord - ExecuteSQLRecord[id=e099e41a-126e-4f23-999b-60f2fc53944a] FlowFile[121,97546088887628.mockFlowFile,70B] contains 5 records; transferring to 'success'
[pool-1550-thread-1] INFO org.apache.nifi.processors.standard.ExecuteSQLRecord - ExecuteSQLRecord[id=e099e41a-126e-4f23-999b-60f2fc53944a] FlowFile[122,97546088921802.mockFlowFile,70B] contains 5 records; transferring to 'success'
[pool-1550-thread-1] INFO org.apache.nifi.processors.standard.ExecuteSQLRecord - ExecuteSQLRecord[id=e099e41a-126e-4f23-999b-60f2fc53944a] FlowFile[123,97546088949190.mockFlowFile,70B] contains 5 records; transferring to 'success'
[pool-1550-thread-1] INFO org.apache.nifi.processors.standard.ExecuteSQLRecord - ExecuteSQLRecord[id=e099e41a-126e-4f23-999b-60f2fc53944a] FlowFile[124,97546088976929.mockFlowFile,70B] contains 5 records; transferring to 'success'
[pool-1550-thread-1] INFO org.apache.nifi.processors.standard.ExecuteSQLRecord - ExecuteSQLRecord[id=e099e41a-126e-4f23-999b-60f2fc53944a] FlowFile[125,97546089009471.mockFlowFile,70B] contains 5 records; transferring to 'success'
[pool-1550-thread-1] INFO org.apache.nifi.processors.standard.ExecuteSQLRecord - ExecuteSQLRecord[id=e099e41a-126e-4f23-999b-60f2fc53944a] FlowFile[126,97546089059076.mockFlowFile,70B] contains 5 records; transferring to 'success'
[pool-1550-thread-1] INFO org.apache.nifi.processors.standard.ExecuteSQLRecord - ExecuteSQLRecord[id=e099e41a-126e-4f23-999b-60f2fc53944a] FlowFile[127,97546089088253.mockFlowFile,70B] contains 5 records; transferring to 'success'
[pool-1550-thread-1] INFO org.apache.nifi.processors.standard.ExecuteSQLRecord - ExecuteSQLRecord[id=e099e41a-126e-4f23-999b-60f2fc53944a] FlowFile[128,97546089127295.mockFlowFile,70B] contains 5 records; transferring to 'success'
[pool-1550-thread-1] INFO org.apache.nifi.processors.standard.ExecuteSQLRecord - ExecuteSQLRecord[id=e099e41a-126e-4f23-999b-60f2fc53944a] FlowFile[129,97546089157107.mockFlowFile,70B] contains 5 records; transferring to 'success'
[pool-1550-thread-1] INFO org.apache.nifi.processors.standard.ExecuteSQLRecord - ExecuteSQLRecord[id=e099e41a-126e-4f23-999b-60f2fc53944a] FlowFile[130,97546089188255.mockFlowFile,70B] contains 5 records; transferring to 'success'
[pool-1550-thread-1] INFO org.apache.nifi.processors.standard.ExecuteSQLRecord - ExecuteSQLRecord[id=e099e41a-126e-4f23-999b-60f2fc53944a] FlowFile[131,97546089216859.mockFlowFile,70B] contains 5 records; transferring to 'success'
[pool-1550-thread-1] INFO org.apache.nifi.processors.standard.ExecuteSQLRecord - ExecuteSQLRecord[id=e099e41a-126e-4f23-999b-60f2fc53944a] FlowFile[132,97546089249562.mockFlowFile,70B] contains 5 records; transferring to 'success'
[pool-1550-thread-1] INFO org.apache.nifi.processors.standard.ExecuteSQLRecord - ExecuteSQLRecord[id=e099e41a-126e-4f23-999b-60f2fc53944a] FlowFile[133,97546089277306.mockFlowFile,70B] contains 5 records; transferring to 'success'
[pool-1550-thread-1] INFO org.apache.nifi.processors.standard.ExecuteSQLRecord - ExecuteSQLRecord[id=e099e41a-126e-4f23-999b-60f2fc53944a] FlowFile[134,97546089304972.mockFlowFile,70B] contains 5 records; transferring to 'success'
[pool-1550-thread-1] INFO org.apache.nifi.processors.standard.ExecuteSQLRecord - ExecuteSQLRecord[id=e099e41a-126e-4f23-999b-60f2fc53944a] FlowFile[135,97546089337935.mockFlowFile,70B] contains 5 records; transferring to 'success'
[pool-1550-thread-1] INFO org.apache.nifi.processors.standard.ExecuteSQLRecord - ExecuteSQLRecord[id=e099e41a-126e-4f23-999b-60f2fc53944a] FlowFile[136,97546089366527.mockFlowFile,70B] contains 5 records; transferring to 'success'
[pool-1550-thread-1] INFO org.apache.nifi.processors.standard.ExecuteSQLRecord - ExecuteSQLRecord[id=e099e41a-126e-4f23-999b-60f2fc53944a] FlowFile[137,97546089394270.mockFlowFile,70B] contains 5 records; transferring to 'success'
[pool-1550-thread-1] INFO org.apache.nifi.processors.standard.ExecuteSQLRecord - ExecuteSQLRecord[id=e099e41a-126e-4f23-999b-60f2fc53944a] FlowFile[138,97546089429022.mockFlowFile,70B] contains 5 records; transferring to 'success'
[pool-1550-thread-1] INFO org.apache.nifi.processors.standard.ExecuteSQLRecord - ExecuteSQLRecord[id=e099e41a-126e-4f23-999b-60f2fc53944a] FlowFile[139,97546089459791.mockFlowFile,70B] contains 5 records; transferring to 'success'
[pool-1550-thread-1] INFO org.apache.nifi.processors.standard.ExecuteSQLRecord - ExecuteSQLRecord[id=e099e41a-126e-4f23-999b-60f2fc53944a] FlowFile[140,97546089488876.mockFlowFile,70B] contains 5 records; transferring to 'success'
[pool-1550-thread-1] INFO org.apache.nifi.processors.standard.ExecuteSQLRecord - ExecuteSQLRecord[id=e099e41a-126e-4f23-999b-60f2fc53944a] FlowFile[141,97546089522411.mockFlowFile,70B] contains 5 records; transferring to 'success'
[pool-1550-thread-1] INFO org.apache.nifi.processors.standard.ExecuteSQLRecord - ExecuteSQLRecord[id=e099e41a-126e-4f23-999b-60f2fc53944a] FlowFile[142,97546089571965.mockFlowFile,70B] contains 5 records; transferring to 'success'
[pool-1550-thread-1] INFO org.apache.nifi.processors.standard.ExecuteSQLRecord - ExecuteSQLRecord[id=e099e41a-126e-4f23-999b-60f2fc53944a] FlowFile[143,97546089602732.mockFlowFile,70B] contains 5 records; transferring to 'success'
[pool-1550-thread-1] INFO org.apache.nifi.processors.standard.ExecuteSQLRecord - ExecuteSQLRecord[id=e099e41a-126e-4f23-999b-60f2fc53944a] FlowFile[144,97546089642846.mockFlowFile,70B] contains 5 records; transferring to 'success'
[pool-1550-thread-1] INFO org.apache.nifi.processors.standard.ExecuteSQLRecord - ExecuteSQLRecord[id=e099e41a-126e-4f23-999b-60f2fc53944a] FlowFile[145,97546089672482.mockFlowFile,70B] contains 5 records; transferring to 'success'
[pool-1550-thread-1] INFO org.apache.nifi.processors.standard.ExecuteSQLRecord - ExecuteSQLRecord[id=e099e41a-126e-4f23-999b-60f2fc53944a] FlowFile[146,97546089700674.mockFlowFile,70B] contains 5 records; transferring to 'success'
[pool-1550-thread-1] INFO org.apache.nifi.processors.standard.ExecuteSQLRecord - ExecuteSQLRecord[id=e099e41a-126e-4f23-999b-60f2fc53944a] FlowFile[147,97546089729916.mockFlowFile,70B] contains 5 records; transferring to 'success'
[pool-1550-thread-1] INFO org.apache.nifi.processors.standard.ExecuteSQLRecord - ExecuteSQLRecord[id=e099e41a-126e-4f23-999b-60f2fc53944a] FlowFile[148,97546089763320.mockFlowFile,70B] contains 5 records; transferring to 'success'
[pool-1550-thread-1] INFO org.apache.nifi.processors.standard.ExecuteSQLRecord - ExecuteSQLRecord[id=e099e41a-126e-4f23-999b-60f2fc53944a] FlowFile[149,97546089791862.mockFlowFile,70B] contains 5 records; transferring to 'success'
[pool-1550-thread-1] INFO org.apache.nifi.processors.standard.ExecuteSQLRecord - ExecuteSQLRecord[id=e099e41a-126e-4f23-999b-60f2fc53944a] FlowFile[150,97546089821570.mockFlowFile,70B] contains 5 records; transferring to 'success'
[pool-1550-thread-1] INFO org.apache.nifi.processors.standard.ExecuteSQLRecord - ExecuteSQLRecord[id=e099e41a-126e-4f23-999b-60f2fc53944a] FlowFile[151,97546089879206.mockFlowFile,70B] contains 5 records; transferring to 'success'
[pool-1550-thread-1] INFO org.apache.nifi.processors.standard.ExecuteSQLRecord - ExecuteSQLRecord[id=e099e41a-126e-4f23-999b-60f2fc53944a] FlowFile[152,97546089910048.mockFlowFile,70B] contains 5 records; transferring to 'success'
[pool-1550-thread-1] INFO org.apache.nifi.processors.standard.ExecuteSQLRecord - ExecuteSQLRecord[id=e099e41a-126e-4f23-999b-60f2fc53944a] FlowFile[153,97546089937413.mockFlowFile,70B] contains 5 records; transferring to 'success'
[pool-1550-thread-1] INFO org.apache.nifi.processors.standard.ExecuteSQLRecord - ExecuteSQLRecord[id=e099e41a-126e-4f23-999b-60f2fc53944a] FlowFile[154,97546089982908.mockFlowFile,70B] contains 5 records; transferring to 'success'
[pool-1550-thread-1] INFO org.apache.nifi.processors.standard.ExecuteSQLRecord - ExecuteSQLRecord[id=e099e41a-126e-4f23-999b-60f2fc53944a] FlowFile[155,97546090018080.mockFlowFile,70B] contains 5 records; transferring to 'success'
[pool-1550-thread-1] INFO org.apache.nifi.processors.standard.ExecuteSQLRecord - ExecuteSQLRecord[id=e099e41a-126e-4f23-999b-60f2fc53944a] FlowFile[156,97546090046569.mockFlowFile,70B] contains 5 records; transferring to 'success'
[pool-1550-thread-1] INFO org.apache.nifi.processors.standard.ExecuteSQLRecord - ExecuteSQLRecord[id=e099e41a-126e-4f23-999b-60f2fc53944a] FlowFile[157,97546090079591.mockFlowFile,70B] contains 5 records; transferring to 'success'
[pool-1550-thread-1] INFO org.apache.nifi.processors.standard.ExecuteSQLRecord - ExecuteSQLRecord[id=e099e41a-126e-4f23-999b-60f2fc53944a] FlowFile[158,97546090106778.mockFlowFile,70B] contains 5 records; transferring to 'success'
[pool-1550-thread-1] INFO org.apache.nifi.processors.standard.ExecuteSQLRecord - ExecuteSQLRecord[id=e099e41a-126e-4f23-999b-60f2fc53944a] FlowFile[159,97546090133943.mockFlowFile,70B] contains 5 records; transferring to 'success'
[pool-1550-thread-1] INFO org.apache.nifi.processors.standard.ExecuteSQLRecord - ExecuteSQLRecord[id=e099e41a-126e-4f23-999b-60f2fc53944a] FlowFile[160,97546090171773.mockFlowFile,70B] contains 5 records; transferring to 'success'
[pool-1550-thread-1] INFO org.apache.nifi.processors.standard.ExecuteSQLRecord - ExecuteSQLRecord[id=e099e41a-126e-4f23-999b-60f2fc53944a] FlowFile[161,97546090199399.mockFlowFile,70B] contains 5 records; transferring to 'success'
[pool-1550-thread-1] INFO org.apache.nifi.processors.standard.ExecuteSQLRecord - ExecuteSQLRecord[id=e099e41a-126e-4f23-999b-60f2fc53944a] FlowFile[162,97546090226727.mockFlowFile,70B] contains 5 records; transferring to 'success'
[pool-1550-thread-1] INFO org.apache.nifi.processors.standard.ExecuteSQLRecord - ExecuteSQLRecord[id=e099e41a-126e-4f23-999b-60f2fc53944a] FlowFile[163,97546090253650.mockFlowFile,70B] contains 5 records; transferring to 'success'
[pool-1550-thread-1] INFO org.apache.nifi.processors.standard.ExecuteSQLRecord - ExecuteSQLRecord[id=e099e41a-126e-4f23-999b-60f2fc53944a] FlowFile[164,97546090287770.mockFlowFile,70B] contains 5 records; transferring to 'success'
[pool-1550-thread-1] INFO org.apache.nifi.processors.standard.ExecuteSQLRecord - ExecuteSQLRecord[id=e099e41a-126e-4f23-999b-60f2fc53944a] FlowFile[165,97546090314829.mockFlowFile,70B] contains 5 records; transferring to 'success'
[pool-1550-thread-1] INFO org.apache.nifi.processors.standard.ExecuteSQLRecord - ExecuteSQLRecord[id=e099e41a-126e-4f23-999b-60f2fc53944a] FlowFile[166,97546090344055.mockFlowFile,70B] contains 5 records; transferring to 'success'
[pool-1550-thread-1] INFO org.apache.nifi.processors.standard.ExecuteSQLRecord - ExecuteSQLRecord[id=e099e41a-126e-4f23-999b-60f2fc53944a] FlowFile[167,97546090376994.mockFlowFile,70B] contains 5 records; transferring to 'success'
[pool-1550-thread-1] INFO org.apache.nifi.processors.standard.ExecuteSQLRecord - ExecuteSQLRecord[id=e099e41a-126e-4f23-999b-60f2fc53944a] FlowFile[168,97546090412991.mockFlowFile,70B] contains 5 records; transferring to 'success'
[pool-1550-thread-1] INFO org.apache.nifi.processors.standard.ExecuteSQLRecord - ExecuteSQLRecord[id=e099e41a-126e-4f23-999b-60f2fc53944a] FlowFile[169,97546090440965.mockFlowFile,70B] contains 5 records; transferring to 'success'
[pool-1550-thread-1] INFO org.apache.nifi.processors.standard.ExecuteSQLRecord - ExecuteSQLRecord[id=e099e41a-126e-4f23-999b-60f2fc53944a] FlowFile[170,97546090472986.mockFlowFile,70B] contains 5 records; transferring to 'success'
[pool-1550-thread-1] INFO org.apache.nifi.processors.standard.ExecuteSQLRecord - ExecuteSQLRecord[id=e099e41a-126e-4f23-999b-60f2fc53944a] FlowFile[171,97546090500143.mockFlowFile,70B] contains 5 records; transferring to 'success'
[pool-1550-thread-1] INFO org.apache.nifi.processors.standard.ExecuteSQLRecord - ExecuteSQLRecord[id=e099e41a-126e-4f23-999b-60f2fc53944a] FlowFile[172,97546090527186.mockFlowFile,70B] contains 5 records; transferring to 'success'
[pool-1550-thread-1] INFO org.apache.nifi.processors.standard.ExecuteSQLRecord - ExecuteSQLRecord[id=e099e41a-126e-4f23-999b-60f2fc53944a] FlowFile[173,97546090558619.mockFlowFile,70B] contains 5 records; transferring to 'success'
[pool-1550-thread-1] INFO org.apache.nifi.processors.standard.ExecuteSQLRecord - ExecuteSQLRecord[id=e099e41a-126e-4f23-999b-60f2fc53944a] FlowFile[174,97546090585447.mockFlowFile,70B] contains 5 records; transferring to 'success'
[pool-1550-thread-1] INFO org.apache.nifi.processors.standard.ExecuteSQLRecord - ExecuteSQLRecord[id=e099e41a-126e-4f23-999b-60f2fc53944a] FlowFile[175,97546090612694.mockFlowFile,70B] contains 5 records; transferring to 'success'
[pool-1550-thread-1] INFO org.apache.nifi.processors.standard.ExecuteSQLRecord - ExecuteSQLRecord[id=e099e41a-126e-4f23-999b-60f2fc53944a] FlowFile[176,97546090818731.mockFlowFile,70B] contains 5 records; transferring to 'success'
[pool-1550-thread-1] INFO org.apache.nifi.processors.standard.ExecuteSQLRecord - ExecuteSQLRecord[id=e099e41a-126e-4f23-999b-60f2fc53944a] FlowFile[177,97546090861469.mockFlowFile,70B] contains 5 records; transferring to 'success'
[pool-1550-thread-1] INFO org.apache.nifi.processors.standard.ExecuteSQLRecord - ExecuteSQLRecord[id=e099e41a-126e-4f23-999b-60f2fc53944a] FlowFile[178,97546090894785.mockFlowFile,70B] contains 5 records; transferring to 'success'
[pool-1550-thread-1] INFO org.apache.nifi.processors.standard.ExecuteSQLRecord - ExecuteSQLRecord[id=e099e41a-126e-4f23-999b-60f2fc53944a] FlowFile[179,97546090957465.mockFlowFile,70B] contains 5 records; transferring to 'success'
[pool-1550-thread-1] INFO org.apache.nifi.processors.standard.ExecuteSQLRecord - ExecuteSQLRecord[id=e099e41a-126e-4f23-999b-60f2fc53944a] FlowFile[180,97546091037203.mockFlowFile,70B] contains 5 records; transferring to 'success'
[pool-1550-thread-1] INFO org.apache.nifi.processors.standard.ExecuteSQLRecord - ExecuteSQLRecord[id=e099e41a-126e-4f23-999b-60f2fc53944a] FlowFile[181,97546091107379.mockFlowFile,70B] contains 5 records; transferring to 'success'
[pool-1550-thread-1] INFO org.apache.nifi.processors.standard.ExecuteSQLRecord - ExecuteSQLRecord[id=e099e41a-126e-4f23-999b-60f2fc53944a] FlowFile[182,97546091174718.mockFlowFile,70B] contains 5 records; transferring to 'success'
[pool-1550-thread-1] INFO org.apache.nifi.processors.standard.ExecuteSQLRecord - ExecuteSQLRecord[id=e099e41a-126e-4f23-999b-60f2fc53944a] FlowFile[183,97546091251575.mockFlowFile,70B] contains 5 records; transferring to 'success'
[pool-1550-thread-1] INFO org.apache.nifi.processors.standard.ExecuteSQLRecord - ExecuteSQLRecord[id=e099e41a-126e-4f23-999b-60f2fc53944a] FlowFile[184,97546091320274.mockFlowFile,70B] contains 5 records; transferring to 'success'
[pool-1550-thread-1] INFO org.apache.nifi.processors.standard.ExecuteSQLRecord - ExecuteSQLRecord[id=e099e41a-126e-4f23-999b-60f2fc53944a] FlowFile[185,97546091390755.mockFlowFile,70B] contains 5 records; transferring to 'success'
[pool-1550-thread-1] INFO org.apache.nifi.processors.standard.ExecuteSQLRecord - ExecuteSQLRecord[id=e099e41a-126e-4f23-999b-60f2fc53944a] FlowFile[186,97546091474094.mockFlowFile,70B] contains 5 records; transferring to 'success'
[pool-1550-thread-1] INFO org.apache.nifi.processors.standard.ExecuteSQLRecord - ExecuteSQLRecord[id=e099e41a-126e-4f23-999b-60f2fc53944a] FlowFile[187,97546091542514.mockFlowFile,70B] contains 5 records; transferring to 'success'
[pool-1550-thread-1] INFO org.apache.nifi.processors.standard.ExecuteSQLRecord - ExecuteSQLRecord[id=e099e41a-126e-4f23-999b-60f2fc53944a] FlowFile[188,97546091609202.mockFlowFile,70B] contains 5 records; transferring to 'success'
[pool-1550-thread-1] INFO org.apache.nifi.processors.standard.ExecuteSQLRecord - ExecuteSQLRecord[id=e099e41a-126e-4f23-999b-60f2fc53944a] FlowFile[189,97546091686431.mockFlowFile,70B] contains 5 records; transferring to 'success'
[pool-1550-thread-1] INFO org.apache.nifi.processors.standard.ExecuteSQLRecord - ExecuteSQLRecord[id=e099e41a-126e-4f23-999b-60f2fc53944a] FlowFile[190,97546091792587.mockFlowFile,70B] contains 5 records; transferring to 'success'
[pool-1550-thread-1] INFO org.apache.nifi.processors.standard.ExecuteSQLRecord - ExecuteSQLRecord[id=e099e41a-126e-4f23-999b-60f2fc53944a] FlowFile[191,97546091867471.mockFlowFile,70B] contains 5 records; transferring to 'success'
[pool-1550-thread-1] INFO org.apache.nifi.processors.standard.ExecuteSQLRecord - ExecuteSQLRecord[id=e099e41a-126e-4f23-999b-60f2fc53944a] FlowFile[192,97546091953897.mockFlowFile,70B] contains 5 records; transferring to 'success'
[pool-1550-thread-1] INFO org.apache.nifi.processors.standard.ExecuteSQLRecord - ExecuteSQLRecord[id=e099e41a-126e-4f23-999b-60f2fc53944a] FlowFile[193,97546092068503.mockFlowFile,70B] contains 5 records; transferring to 'success'
[pool-1550-thread-1] INFO org.apache.nifi.processors.standard.ExecuteSQLRecord - ExecuteSQLRecord[id=e099e41a-126e-4f23-999b-60f2fc53944a] FlowFile[194,97546092136666.mockFlowFile,70B] contains 5 records; transferring to 'success'
[pool-1550-thread-1] INFO org.apache.nifi.processors.standard.ExecuteSQLRecord - ExecuteSQLRecord[id=e099e41a-126e-4f23-999b-60f2fc53944a] FlowFile[195,97546092203054.mockFlowFile,70B] contains 5 records; transferring to 'success'
[pool-1550-thread-1] INFO org.apache.nifi.processors.standard.ExecuteSQLRecord - ExecuteSQLRecord[id=e099e41a-126e-4f23-999b-60f2fc53944a] FlowFile[196,97546092278746.mockFlowFile,70B] contains 5 records; transferring to 'success'
[pool-1550-thread-1] INFO org.apache.nifi.processors.standard.ExecuteSQLRecord - ExecuteSQLRecord[id=e099e41a-126e-4f23-999b-60f2fc53944a] FlowFile[197,97546092345245.mockFlowFile,70B] contains 5 records; transferring to 'success'
[pool-1550-thread-1] INFO org.apache.nifi.processors.standard.ExecuteSQLRecord - ExecuteSQLRecord[id=e099e41a-126e-4f23-999b-60f2fc53944a] FlowFile[198,97546092406495.mockFlowFile,70B] contains 5 records; transferring to 'success'
[pool-1550-thread-1] INFO org.apache.nifi.processors.standard.ExecuteSQLRecord - ExecuteSQLRecord[id=e099e41a-126e-4f23-999b-60f2fc53944a] FlowFile[199,97546092469776.mockFlowFile,70B] contains 5 records; transferring to 'success'
]]></system-err>
  </testcase>
  <testcase name="testSelectQueryInFlowFile" classname="org.apache.nifi.processors.standard.TestExecuteSQLRecord" time="0.857">
    <system-out><![CDATA[JCFF G
I 
 CC
]]></system-out>
    <system-err><![CDATA[[main] INFO org.apache.nifi.processors.standard.TestExecuteSQLRecord - test data loaded
[pool-1551-thread-1] INFO org.apache.nifi.processors.standard.ExecuteSQLRecord - ExecuteSQLRecord[id=6af30e00-0458-439a-91ff-f98c137ad895] FlowFile[1,97546780263271.mockFlowFile,1658494B] contains 20000 records; transferring to 'success'
]]></system-err>
  </testcase>
  <testcase name="testWithOutputBatchingAndIncomingFlowFile" classname="org.apache.nifi.processors.standard.TestExecuteSQLRecord" time="1.674">
    <system-err><![CDATA[[pool-1552-thread-1] INFO org.apache.nifi.processors.standard.ExecuteSQLRecord - ExecuteSQLRecord[id=e7e04090-a84e-45cc-a3af-5c029382bf04] FlowFile[1,97548614305497.mockFlowFile,60B] contains 5 records; transferring to 'success'
[pool-1552-thread-1] INFO org.apache.nifi.processors.standard.ExecuteSQLRecord - ExecuteSQLRecord[id=e7e04090-a84e-45cc-a3af-5c029382bf04] FlowFile[2,97548614305497.mockFlowFile,60B] contains 5 records; transferring to 'success'
[pool-1552-thread-1] INFO org.apache.nifi.processors.standard.ExecuteSQLRecord - ExecuteSQLRecord[id=e7e04090-a84e-45cc-a3af-5c029382bf04] FlowFile[3,97548614305497.mockFlowFile,65B] contains 5 records; transferring to 'success'
[pool-1552-thread-1] INFO org.apache.nifi.processors.standard.ExecuteSQLRecord - ExecuteSQLRecord[id=e7e04090-a84e-45cc-a3af-5c029382bf04] FlowFile[4,97548614305497.mockFlowFile,65B] contains 5 records; transferring to 'success'
[pool-1552-thread-1] INFO org.apache.nifi.processors.standard.ExecuteSQLRecord - ExecuteSQLRecord[id=e7e04090-a84e-45cc-a3af-5c029382bf04] FlowFile[5,97548614305497.mockFlowFile,65B] contains 5 records; transferring to 'success'
[pool-1552-thread-1] INFO org.apache.nifi.processors.standard.ExecuteSQLRecord - ExecuteSQLRecord[id=e7e04090-a84e-45cc-a3af-5c029382bf04] FlowFile[6,97548614305497.mockFlowFile,65B] contains 5 records; transferring to 'success'
[pool-1552-thread-1] INFO org.apache.nifi.processors.standard.ExecuteSQLRecord - ExecuteSQLRecord[id=e7e04090-a84e-45cc-a3af-5c029382bf04] FlowFile[7,97548614305497.mockFlowFile,65B] contains 5 records; transferring to 'success'
[pool-1552-thread-1] INFO org.apache.nifi.processors.standard.ExecuteSQLRecord - ExecuteSQLRecord[id=e7e04090-a84e-45cc-a3af-5c029382bf04] FlowFile[8,97548614305497.mockFlowFile,65B] contains 5 records; transferring to 'success'
[pool-1552-thread-1] INFO org.apache.nifi.processors.standard.ExecuteSQLRecord - ExecuteSQLRecord[id=e7e04090-a84e-45cc-a3af-5c029382bf04] FlowFile[9,97548614305497.mockFlowFile,65B] contains 5 records; transferring to 'success'
[pool-1552-thread-1] INFO org.apache.nifi.processors.standard.ExecuteSQLRecord - ExecuteSQLRecord[id=e7e04090-a84e-45cc-a3af-5c029382bf04] FlowFile[10,97548614305497.mockFlowFile,65B] contains 5 records; transferring to 'success'
[pool-1552-thread-1] INFO org.apache.nifi.processors.standard.ExecuteSQLRecord - ExecuteSQLRecord[id=e7e04090-a84e-45cc-a3af-5c029382bf04] FlowFile[11,97548614305497.mockFlowFile,65B] contains 5 records; transferring to 'success'
[pool-1552-thread-1] INFO org.apache.nifi.processors.standard.ExecuteSQLRecord - ExecuteSQLRecord[id=e7e04090-a84e-45cc-a3af-5c029382bf04] FlowFile[12,97548614305497.mockFlowFile,65B] contains 5 records; transferring to 'success'
[pool-1552-thread-1] INFO org.apache.nifi.processors.standard.ExecuteSQLRecord - ExecuteSQLRecord[id=e7e04090-a84e-45cc-a3af-5c029382bf04] FlowFile[13,97548614305497.mockFlowFile,65B] contains 5 records; transferring to 'success'
[pool-1552-thread-1] INFO org.apache.nifi.processors.standard.ExecuteSQLRecord - ExecuteSQLRecord[id=e7e04090-a84e-45cc-a3af-5c029382bf04] FlowFile[14,97548614305497.mockFlowFile,65B] contains 5 records; transferring to 'success'
[pool-1552-thread-1] INFO org.apache.nifi.processors.standard.ExecuteSQLRecord - ExecuteSQLRecord[id=e7e04090-a84e-45cc-a3af-5c029382bf04] FlowFile[15,97548614305497.mockFlowFile,65B] contains 5 records; transferring to 'success'
[pool-1552-thread-1] INFO org.apache.nifi.processors.standard.ExecuteSQLRecord - ExecuteSQLRecord[id=e7e04090-a84e-45cc-a3af-5c029382bf04] FlowFile[16,97548614305497.mockFlowFile,65B] contains 5 records; transferring to 'success'
[pool-1552-thread-1] INFO org.apache.nifi.processors.standard.ExecuteSQLRecord - ExecuteSQLRecord[id=e7e04090-a84e-45cc-a3af-5c029382bf04] FlowFile[17,97548614305497.mockFlowFile,65B] contains 5 records; transferring to 'success'
[pool-1552-thread-1] INFO org.apache.nifi.processors.standard.ExecuteSQLRecord - ExecuteSQLRecord[id=e7e04090-a84e-45cc-a3af-5c029382bf04] FlowFile[18,97548614305497.mockFlowFile,65B] contains 5 records; transferring to 'success'
[pool-1552-thread-1] INFO org.apache.nifi.processors.standard.ExecuteSQLRecord - ExecuteSQLRecord[id=e7e04090-a84e-45cc-a3af-5c029382bf04] FlowFile[19,97548614305497.mockFlowFile,65B] contains 5 records; transferring to 'success'
[pool-1552-thread-1] INFO org.apache.nifi.processors.standard.ExecuteSQLRecord - ExecuteSQLRecord[id=e7e04090-a84e-45cc-a3af-5c029382bf04] FlowFile[20,97548614305497.mockFlowFile,65B] contains 5 records; transferring to 'success'
[pool-1552-thread-1] INFO org.apache.nifi.processors.standard.ExecuteSQLRecord - ExecuteSQLRecord[id=e7e04090-a84e-45cc-a3af-5c029382bf04] FlowFile[21,97548614305497.mockFlowFile,70B] contains 5 records; transferring to 'success'
[pool-1552-thread-1] INFO org.apache.nifi.processors.standard.ExecuteSQLRecord - ExecuteSQLRecord[id=e7e04090-a84e-45cc-a3af-5c029382bf04] FlowFile[22,97548614305497.mockFlowFile,70B] contains 5 records; transferring to 'success'
[pool-1552-thread-1] INFO org.apache.nifi.processors.standard.ExecuteSQLRecord - ExecuteSQLRecord[id=e7e04090-a84e-45cc-a3af-5c029382bf04] FlowFile[23,97548614305497.mockFlowFile,70B] contains 5 records; transferring to 'success'
[pool-1552-thread-1] INFO org.apache.nifi.processors.standard.ExecuteSQLRecord - ExecuteSQLRecord[id=e7e04090-a84e-45cc-a3af-5c029382bf04] FlowFile[24,97548614305497.mockFlowFile,70B] contains 5 records; transferring to 'success'
[pool-1552-thread-1] INFO org.apache.nifi.processors.standard.ExecuteSQLRecord - ExecuteSQLRecord[id=e7e04090-a84e-45cc-a3af-5c029382bf04] FlowFile[25,97548614305497.mockFlowFile,70B] contains 5 records; transferring to 'success'
[pool-1552-thread-1] INFO org.apache.nifi.processors.standard.ExecuteSQLRecord - ExecuteSQLRecord[id=e7e04090-a84e-45cc-a3af-5c029382bf04] FlowFile[26,97548614305497.mockFlowFile,70B] contains 5 records; transferring to 'success'
[pool-1552-thread-1] INFO org.apache.nifi.processors.standard.ExecuteSQLRecord - ExecuteSQLRecord[id=e7e04090-a84e-45cc-a3af-5c029382bf04] FlowFile[27,97548614305497.mockFlowFile,70B] contains 5 records; transferring to 'success'
[pool-1552-thread-1] INFO org.apache.nifi.processors.standard.ExecuteSQLRecord - ExecuteSQLRecord[id=e7e04090-a84e-45cc-a3af-5c029382bf04] FlowFile[28,97548614305497.mockFlowFile,70B] contains 5 records; transferring to 'success'
[pool-1552-thread-1] INFO org.apache.nifi.processors.standard.ExecuteSQLRecord - ExecuteSQLRecord[id=e7e04090-a84e-45cc-a3af-5c029382bf04] FlowFile[29,97548614305497.mockFlowFile,70B] contains 5 records; transferring to 'success'
[pool-1552-thread-1] INFO org.apache.nifi.processors.standard.ExecuteSQLRecord - ExecuteSQLRecord[id=e7e04090-a84e-45cc-a3af-5c029382bf04] FlowFile[30,97548614305497.mockFlowFile,70B] contains 5 records; transferring to 'success'
[pool-1552-thread-1] INFO org.apache.nifi.processors.standard.ExecuteSQLRecord - ExecuteSQLRecord[id=e7e04090-a84e-45cc-a3af-5c029382bf04] FlowFile[31,97548614305497.mockFlowFile,70B] contains 5 records; transferring to 'success'
[pool-1552-thread-1] INFO org.apache.nifi.processors.standard.ExecuteSQLRecord - ExecuteSQLRecord[id=e7e04090-a84e-45cc-a3af-5c029382bf04] FlowFile[32,97548614305497.mockFlowFile,70B] contains 5 records; transferring to 'success'
[pool-1552-thread-1] INFO org.apache.nifi.processors.standard.ExecuteSQLRecord - ExecuteSQLRecord[id=e7e04090-a84e-45cc-a3af-5c029382bf04] FlowFile[33,97548614305497.mockFlowFile,70B] contains 5 records; transferring to 'success'
[pool-1552-thread-1] INFO org.apache.nifi.processors.standard.ExecuteSQLRecord - ExecuteSQLRecord[id=e7e04090-a84e-45cc-a3af-5c029382bf04] FlowFile[34,97548614305497.mockFlowFile,70B] contains 5 records; transferring to 'success'
[pool-1552-thread-1] INFO org.apache.nifi.processors.standard.ExecuteSQLRecord - ExecuteSQLRecord[id=e7e04090-a84e-45cc-a3af-5c029382bf04] FlowFile[35,97548614305497.mockFlowFile,70B] contains 5 records; transferring to 'success'
[pool-1552-thread-1] INFO org.apache.nifi.processors.standard.ExecuteSQLRecord - ExecuteSQLRecord[id=e7e04090-a84e-45cc-a3af-5c029382bf04] FlowFile[36,97548614305497.mockFlowFile,70B] contains 5 records; transferring to 'success'
[pool-1552-thread-1] INFO org.apache.nifi.processors.standard.ExecuteSQLRecord - ExecuteSQLRecord[id=e7e04090-a84e-45cc-a3af-5c029382bf04] FlowFile[37,97548614305497.mockFlowFile,70B] contains 5 records; transferring to 'success'
[pool-1552-thread-1] INFO org.apache.nifi.processors.standard.ExecuteSQLRecord - ExecuteSQLRecord[id=e7e04090-a84e-45cc-a3af-5c029382bf04] FlowFile[38,97548614305497.mockFlowFile,70B] contains 5 records; transferring to 'success'
[pool-1552-thread-1] INFO org.apache.nifi.processors.standard.ExecuteSQLRecord - ExecuteSQLRecord[id=e7e04090-a84e-45cc-a3af-5c029382bf04] FlowFile[39,97548614305497.mockFlowFile,70B] contains 5 records; transferring to 'success'
[pool-1552-thread-1] INFO org.apache.nifi.processors.standard.ExecuteSQLRecord - ExecuteSQLRecord[id=e7e04090-a84e-45cc-a3af-5c029382bf04] FlowFile[40,97548614305497.mockFlowFile,70B] contains 5 records; transferring to 'success'
[pool-1552-thread-1] INFO org.apache.nifi.processors.standard.ExecuteSQLRecord - ExecuteSQLRecord[id=e7e04090-a84e-45cc-a3af-5c029382bf04] FlowFile[41,97548614305497.mockFlowFile,70B] contains 5 records; transferring to 'success'
[pool-1552-thread-1] INFO org.apache.nifi.processors.standard.ExecuteSQLRecord - ExecuteSQLRecord[id=e7e04090-a84e-45cc-a3af-5c029382bf04] FlowFile[42,97548614305497.mockFlowFile,70B] contains 5 records; transferring to 'success'
[pool-1552-thread-1] INFO org.apache.nifi.processors.standard.ExecuteSQLRecord - ExecuteSQLRecord[id=e7e04090-a84e-45cc-a3af-5c029382bf04] FlowFile[43,97548614305497.mockFlowFile,70B] contains 5 records; transferring to 'success'
[pool-1552-thread-1] INFO org.apache.nifi.processors.standard.ExecuteSQLRecord - ExecuteSQLRecord[id=e7e04090-a84e-45cc-a3af-5c029382bf04] FlowFile[44,97548614305497.mockFlowFile,70B] contains 5 records; transferring to 'success'
[pool-1552-thread-1] INFO org.apache.nifi.processors.standard.ExecuteSQLRecord - ExecuteSQLRecord[id=e7e04090-a84e-45cc-a3af-5c029382bf04] FlowFile[45,97548614305497.mockFlowFile,70B] contains 5 records; transferring to 'success'
[pool-1552-thread-1] INFO org.apache.nifi.processors.standard.ExecuteSQLRecord - ExecuteSQLRecord[id=e7e04090-a84e-45cc-a3af-5c029382bf04] FlowFile[46,97548614305497.mockFlowFile,70B] contains 5 records; transferring to 'success'
[pool-1552-thread-1] INFO org.apache.nifi.processors.standard.ExecuteSQLRecord - ExecuteSQLRecord[id=e7e04090-a84e-45cc-a3af-5c029382bf04] FlowFile[47,97548614305497.mockFlowFile,70B] contains 5 records; transferring to 'success'
[pool-1552-thread-1] INFO org.apache.nifi.processors.standard.ExecuteSQLRecord - ExecuteSQLRecord[id=e7e04090-a84e-45cc-a3af-5c029382bf04] FlowFile[48,97548614305497.mockFlowFile,70B] contains 5 records; transferring to 'success'
[pool-1552-thread-1] INFO org.apache.nifi.processors.standard.ExecuteSQLRecord - ExecuteSQLRecord[id=e7e04090-a84e-45cc-a3af-5c029382bf04] FlowFile[49,97548614305497.mockFlowFile,70B] contains 5 records; transferring to 'success'
[pool-1552-thread-1] INFO org.apache.nifi.processors.standard.ExecuteSQLRecord - ExecuteSQLRecord[id=e7e04090-a84e-45cc-a3af-5c029382bf04] FlowFile[50,97548614305497.mockFlowFile,70B] contains 5 records; transferring to 'success'
[pool-1552-thread-1] INFO org.apache.nifi.processors.standard.ExecuteSQLRecord - ExecuteSQLRecord[id=e7e04090-a84e-45cc-a3af-5c029382bf04] FlowFile[51,97548614305497.mockFlowFile,70B] contains 5 records; transferring to 'success'
[pool-1552-thread-1] INFO org.apache.nifi.processors.standard.ExecuteSQLRecord - ExecuteSQLRecord[id=e7e04090-a84e-45cc-a3af-5c029382bf04] FlowFile[52,97548614305497.mockFlowFile,70B] contains 5 records; transferring to 'success'
[pool-1552-thread-1] INFO org.apache.nifi.processors.standard.ExecuteSQLRecord - ExecuteSQLRecord[id=e7e04090-a84e-45cc-a3af-5c029382bf04] FlowFile[53,97548614305497.mockFlowFile,70B] contains 5 records; transferring to 'success'
[pool-1552-thread-1] INFO org.apache.nifi.processors.standard.ExecuteSQLRecord - ExecuteSQLRecord[id=e7e04090-a84e-45cc-a3af-5c029382bf04] FlowFile[54,97548614305497.mockFlowFile,70B] contains 5 records; transferring to 'success'
[pool-1552-thread-1] INFO org.apache.nifi.processors.standard.ExecuteSQLRecord - ExecuteSQLRecord[id=e7e04090-a84e-45cc-a3af-5c029382bf04] FlowFile[55,97548614305497.mockFlowFile,70B] contains 5 records; transferring to 'success'
[pool-1552-thread-1] INFO org.apache.nifi.processors.standard.ExecuteSQLRecord - ExecuteSQLRecord[id=e7e04090-a84e-45cc-a3af-5c029382bf04] FlowFile[56,97548614305497.mockFlowFile,70B] contains 5 records; transferring to 'success'
[pool-1552-thread-1] INFO org.apache.nifi.processors.standard.ExecuteSQLRecord - ExecuteSQLRecord[id=e7e04090-a84e-45cc-a3af-5c029382bf04] FlowFile[57,97548614305497.mockFlowFile,70B] contains 5 records; transferring to 'success'
[pool-1552-thread-1] INFO org.apache.nifi.processors.standard.ExecuteSQLRecord - ExecuteSQLRecord[id=e7e04090-a84e-45cc-a3af-5c029382bf04] FlowFile[58,97548614305497.mockFlowFile,70B] contains 5 records; transferring to 'success'
[pool-1552-thread-1] INFO org.apache.nifi.processors.standard.ExecuteSQLRecord - ExecuteSQLRecord[id=e7e04090-a84e-45cc-a3af-5c029382bf04] FlowFile[59,97548614305497.mockFlowFile,70B] contains 5 records; transferring to 'success'
[pool-1552-thread-1] INFO org.apache.nifi.processors.standard.ExecuteSQLRecord - ExecuteSQLRecord[id=e7e04090-a84e-45cc-a3af-5c029382bf04] FlowFile[60,97548614305497.mockFlowFile,70B] contains 5 records; transferring to 'success'
[pool-1552-thread-1] INFO org.apache.nifi.processors.standard.ExecuteSQLRecord - ExecuteSQLRecord[id=e7e04090-a84e-45cc-a3af-5c029382bf04] FlowFile[61,97548614305497.mockFlowFile,70B] contains 5 records; transferring to 'success'
[pool-1552-thread-1] INFO org.apache.nifi.processors.standard.ExecuteSQLRecord - ExecuteSQLRecord[id=e7e04090-a84e-45cc-a3af-5c029382bf04] FlowFile[62,97548614305497.mockFlowFile,70B] contains 5 records; transferring to 'success'
[pool-1552-thread-1] INFO org.apache.nifi.processors.standard.ExecuteSQLRecord - ExecuteSQLRecord[id=e7e04090-a84e-45cc-a3af-5c029382bf04] FlowFile[63,97548614305497.mockFlowFile,70B] contains 5 records; transferring to 'success'
[pool-1552-thread-1] INFO org.apache.nifi.processors.standard.ExecuteSQLRecord - ExecuteSQLRecord[id=e7e04090-a84e-45cc-a3af-5c029382bf04] FlowFile[64,97548614305497.mockFlowFile,70B] contains 5 records; transferring to 'success'
[pool-1552-thread-1] INFO org.apache.nifi.processors.standard.ExecuteSQLRecord - ExecuteSQLRecord[id=e7e04090-a84e-45cc-a3af-5c029382bf04] FlowFile[65,97548614305497.mockFlowFile,70B] contains 5 records; transferring to 'success'
[pool-1552-thread-1] INFO org.apache.nifi.processors.standard.ExecuteSQLRecord - ExecuteSQLRecord[id=e7e04090-a84e-45cc-a3af-5c029382bf04] FlowFile[66,97548614305497.mockFlowFile,70B] contains 5 records; transferring to 'success'
[pool-1552-thread-1] INFO org.apache.nifi.processors.standard.ExecuteSQLRecord - ExecuteSQLRecord[id=e7e04090-a84e-45cc-a3af-5c029382bf04] FlowFile[67,97548614305497.mockFlowFile,70B] contains 5 records; transferring to 'success'
[pool-1552-thread-1] INFO org.apache.nifi.processors.standard.ExecuteSQLRecord - ExecuteSQLRecord[id=e7e04090-a84e-45cc-a3af-5c029382bf04] FlowFile[68,97548614305497.mockFlowFile,70B] contains 5 records; transferring to 'success'
[pool-1552-thread-1] INFO org.apache.nifi.processors.standard.ExecuteSQLRecord - ExecuteSQLRecord[id=e7e04090-a84e-45cc-a3af-5c029382bf04] FlowFile[69,97548614305497.mockFlowFile,70B] contains 5 records; transferring to 'success'
[pool-1552-thread-1] INFO org.apache.nifi.processors.standard.ExecuteSQLRecord - ExecuteSQLRecord[id=e7e04090-a84e-45cc-a3af-5c029382bf04] FlowFile[70,97548614305497.mockFlowFile,70B] contains 5 records; transferring to 'success'
[pool-1552-thread-1] INFO org.apache.nifi.processors.standard.ExecuteSQLRecord - ExecuteSQLRecord[id=e7e04090-a84e-45cc-a3af-5c029382bf04] FlowFile[71,97548614305497.mockFlowFile,70B] contains 5 records; transferring to 'success'
[pool-1552-thread-1] INFO org.apache.nifi.processors.standard.ExecuteSQLRecord - ExecuteSQLRecord[id=e7e04090-a84e-45cc-a3af-5c029382bf04] FlowFile[72,97548614305497.mockFlowFile,70B] contains 5 records; transferring to 'success'
[pool-1552-thread-1] INFO org.apache.nifi.processors.standard.ExecuteSQLRecord - ExecuteSQLRecord[id=e7e04090-a84e-45cc-a3af-5c029382bf04] FlowFile[73,97548614305497.mockFlowFile,70B] contains 5 records; transferring to 'success'
[pool-1552-thread-1] INFO org.apache.nifi.processors.standard.ExecuteSQLRecord - ExecuteSQLRecord[id=e7e04090-a84e-45cc-a3af-5c029382bf04] FlowFile[74,97548614305497.mockFlowFile,70B] contains 5 records; transferring to 'success'
[pool-1552-thread-1] INFO org.apache.nifi.processors.standard.ExecuteSQLRecord - ExecuteSQLRecord[id=e7e04090-a84e-45cc-a3af-5c029382bf04] FlowFile[75,97548614305497.mockFlowFile,70B] contains 5 records; transferring to 'success'
[pool-1552-thread-1] INFO org.apache.nifi.processors.standard.ExecuteSQLRecord - ExecuteSQLRecord[id=e7e04090-a84e-45cc-a3af-5c029382bf04] FlowFile[76,97548614305497.mockFlowFile,70B] contains 5 records; transferring to 'success'
[pool-1552-thread-1] INFO org.apache.nifi.processors.standard.ExecuteSQLRecord - ExecuteSQLRecord[id=e7e04090-a84e-45cc-a3af-5c029382bf04] FlowFile[77,97548614305497.mockFlowFile,70B] contains 5 records; transferring to 'success'
[pool-1552-thread-1] INFO org.apache.nifi.processors.standard.ExecuteSQLRecord - ExecuteSQLRecord[id=e7e04090-a84e-45cc-a3af-5c029382bf04] FlowFile[78,97548614305497.mockFlowFile,70B] contains 5 records; transferring to 'success'
[pool-1552-thread-1] INFO org.apache.nifi.processors.standard.ExecuteSQLRecord - ExecuteSQLRecord[id=e7e04090-a84e-45cc-a3af-5c029382bf04] FlowFile[79,97548614305497.mockFlowFile,70B] contains 5 records; transferring to 'success'
[pool-1552-thread-1] INFO org.apache.nifi.processors.standard.ExecuteSQLRecord - ExecuteSQLRecord[id=e7e04090-a84e-45cc-a3af-5c029382bf04] FlowFile[80,97548614305497.mockFlowFile,70B] contains 5 records; transferring to 'success'
[pool-1552-thread-1] INFO org.apache.nifi.processors.standard.ExecuteSQLRecord - ExecuteSQLRecord[id=e7e04090-a84e-45cc-a3af-5c029382bf04] FlowFile[81,97548614305497.mockFlowFile,70B] contains 5 records; transferring to 'success'
[pool-1552-thread-1] INFO org.apache.nifi.processors.standard.ExecuteSQLRecord - ExecuteSQLRecord[id=e7e04090-a84e-45cc-a3af-5c029382bf04] FlowFile[82,97548614305497.mockFlowFile,70B] contains 5 records; transferring to 'success'
[pool-1552-thread-1] INFO org.apache.nifi.processors.standard.ExecuteSQLRecord - ExecuteSQLRecord[id=e7e04090-a84e-45cc-a3af-5c029382bf04] FlowFile[83,97548614305497.mockFlowFile,70B] contains 5 records; transferring to 'success'
[pool-1552-thread-1] INFO org.apache.nifi.processors.standard.ExecuteSQLRecord - ExecuteSQLRecord[id=e7e04090-a84e-45cc-a3af-5c029382bf04] FlowFile[84,97548614305497.mockFlowFile,70B] contains 5 records; transferring to 'success'
[pool-1552-thread-1] INFO org.apache.nifi.processors.standard.ExecuteSQLRecord - ExecuteSQLRecord[id=e7e04090-a84e-45cc-a3af-5c029382bf04] FlowFile[85,97548614305497.mockFlowFile,70B] contains 5 records; transferring to 'success'
[pool-1552-thread-1] INFO org.apache.nifi.processors.standard.ExecuteSQLRecord - ExecuteSQLRecord[id=e7e04090-a84e-45cc-a3af-5c029382bf04] FlowFile[86,97548614305497.mockFlowFile,70B] contains 5 records; transferring to 'success'
[pool-1552-thread-1] INFO org.apache.nifi.processors.standard.ExecuteSQLRecord - ExecuteSQLRecord[id=e7e04090-a84e-45cc-a3af-5c029382bf04] FlowFile[87,97548614305497.mockFlowFile,70B] contains 5 records; transferring to 'success'
[pool-1552-thread-1] INFO org.apache.nifi.processors.standard.ExecuteSQLRecord - ExecuteSQLRecord[id=e7e04090-a84e-45cc-a3af-5c029382bf04] FlowFile[88,97548614305497.mockFlowFile,70B] contains 5 records; transferring to 'success'
[pool-1552-thread-1] INFO org.apache.nifi.processors.standard.ExecuteSQLRecord - ExecuteSQLRecord[id=e7e04090-a84e-45cc-a3af-5c029382bf04] FlowFile[89,97548614305497.mockFlowFile,70B] contains 5 records; transferring to 'success'
[pool-1552-thread-1] INFO org.apache.nifi.processors.standard.ExecuteSQLRecord - ExecuteSQLRecord[id=e7e04090-a84e-45cc-a3af-5c029382bf04] FlowFile[90,97548614305497.mockFlowFile,70B] contains 5 records; transferring to 'success'
[pool-1552-thread-1] INFO org.apache.nifi.processors.standard.ExecuteSQLRecord - ExecuteSQLRecord[id=e7e04090-a84e-45cc-a3af-5c029382bf04] FlowFile[91,97548614305497.mockFlowFile,70B] contains 5 records; transferring to 'success'
[pool-1552-thread-1] INFO org.apache.nifi.processors.standard.ExecuteSQLRecord - ExecuteSQLRecord[id=e7e04090-a84e-45cc-a3af-5c029382bf04] FlowFile[92,97548614305497.mockFlowFile,70B] contains 5 records; transferring to 'success'
[pool-1552-thread-1] INFO org.apache.nifi.processors.standard.ExecuteSQLRecord - ExecuteSQLRecord[id=e7e04090-a84e-45cc-a3af-5c029382bf04] FlowFile[93,97548614305497.mockFlowFile,70B] contains 5 records; transferring to 'success'
[pool-1552-thread-1] INFO org.apache.nifi.processors.standard.ExecuteSQLRecord - ExecuteSQLRecord[id=e7e04090-a84e-45cc-a3af-5c029382bf04] FlowFile[94,97548614305497.mockFlowFile,70B] contains 5 records; transferring to 'success'
[pool-1552-thread-1] INFO org.apache.nifi.processors.standard.ExecuteSQLRecord - ExecuteSQLRecord[id=e7e04090-a84e-45cc-a3af-5c029382bf04] FlowFile[95,97548614305497.mockFlowFile,70B] contains 5 records; transferring to 'success'
[pool-1552-thread-1] INFO org.apache.nifi.processors.standard.ExecuteSQLRecord - ExecuteSQLRecord[id=e7e04090-a84e-45cc-a3af-5c029382bf04] FlowFile[96,97548614305497.mockFlowFile,70B] contains 5 records; transferring to 'success'
[pool-1552-thread-1] INFO org.apache.nifi.processors.standard.ExecuteSQLRecord - ExecuteSQLRecord[id=e7e04090-a84e-45cc-a3af-5c029382bf04] FlowFile[97,97548614305497.mockFlowFile,70B] contains 5 records; transferring to 'success'
[pool-1552-thread-1] INFO org.apache.nifi.processors.standard.ExecuteSQLRecord - ExecuteSQLRecord[id=e7e04090-a84e-45cc-a3af-5c029382bf04] FlowFile[98,97548614305497.mockFlowFile,70B] contains 5 records; transferring to 'success'
[pool-1552-thread-1] INFO org.apache.nifi.processors.standard.ExecuteSQLRecord - ExecuteSQLRecord[id=e7e04090-a84e-45cc-a3af-5c029382bf04] FlowFile[99,97548614305497.mockFlowFile,70B] contains 5 records; transferring to 'success'
[pool-1552-thread-1] INFO org.apache.nifi.processors.standard.ExecuteSQLRecord - ExecuteSQLRecord[id=e7e04090-a84e-45cc-a3af-5c029382bf04] FlowFile[100,97548614305497.mockFlowFile,70B] contains 5 records; transferring to 'success'
[pool-1552-thread-1] INFO org.apache.nifi.processors.standard.ExecuteSQLRecord - ExecuteSQLRecord[id=e7e04090-a84e-45cc-a3af-5c029382bf04] FlowFile[101,97548614305497.mockFlowFile,70B] contains 5 records; transferring to 'success'
[pool-1552-thread-1] INFO org.apache.nifi.processors.standard.ExecuteSQLRecord - ExecuteSQLRecord[id=e7e04090-a84e-45cc-a3af-5c029382bf04] FlowFile[102,97548614305497.mockFlowFile,70B] contains 5 records; transferring to 'success'
[pool-1552-thread-1] INFO org.apache.nifi.processors.standard.ExecuteSQLRecord - ExecuteSQLRecord[id=e7e04090-a84e-45cc-a3af-5c029382bf04] FlowFile[103,97548614305497.mockFlowFile,70B] contains 5 records; transferring to 'success'
[pool-1552-thread-1] INFO org.apache.nifi.processors.standard.ExecuteSQLRecord - ExecuteSQLRecord[id=e7e04090-a84e-45cc-a3af-5c029382bf04] FlowFile[104,97548614305497.mockFlowFile,70B] contains 5 records; transferring to 'success'
[pool-1552-thread-1] INFO org.apache.nifi.processors.standard.ExecuteSQLRecord - ExecuteSQLRecord[id=e7e04090-a84e-45cc-a3af-5c029382bf04] FlowFile[105,97548614305497.mockFlowFile,70B] contains 5 records; transferring to 'success'
[pool-1552-thread-1] INFO org.apache.nifi.processors.standard.ExecuteSQLRecord - ExecuteSQLRecord[id=e7e04090-a84e-45cc-a3af-5c029382bf04] FlowFile[106,97548614305497.mockFlowFile,70B] contains 5 records; transferring to 'success'
[pool-1552-thread-1] INFO org.apache.nifi.processors.standard.ExecuteSQLRecord - ExecuteSQLRecord[id=e7e04090-a84e-45cc-a3af-5c029382bf04] FlowFile[107,97548614305497.mockFlowFile,70B] contains 5 records; transferring to 'success'
[pool-1552-thread-1] INFO org.apache.nifi.processors.standard.ExecuteSQLRecord - ExecuteSQLRecord[id=e7e04090-a84e-45cc-a3af-5c029382bf04] FlowFile[108,97548614305497.mockFlowFile,70B] contains 5 records; transferring to 'success'
[pool-1552-thread-1] INFO org.apache.nifi.processors.standard.ExecuteSQLRecord - ExecuteSQLRecord[id=e7e04090-a84e-45cc-a3af-5c029382bf04] FlowFile[109,97548614305497.mockFlowFile,70B] contains 5 records; transferring to 'success'
[pool-1552-thread-1] INFO org.apache.nifi.processors.standard.ExecuteSQLRecord - ExecuteSQLRecord[id=e7e04090-a84e-45cc-a3af-5c029382bf04] FlowFile[110,97548614305497.mockFlowFile,70B] contains 5 records; transferring to 'success'
[pool-1552-thread-1] INFO org.apache.nifi.processors.standard.ExecuteSQLRecord - ExecuteSQLRecord[id=e7e04090-a84e-45cc-a3af-5c029382bf04] FlowFile[111,97548614305497.mockFlowFile,70B] contains 5 records; transferring to 'success'
[pool-1552-thread-1] INFO org.apache.nifi.processors.standard.ExecuteSQLRecord - ExecuteSQLRecord[id=e7e04090-a84e-45cc-a3af-5c029382bf04] FlowFile[112,97548614305497.mockFlowFile,70B] contains 5 records; transferring to 'success'
[pool-1552-thread-1] INFO org.apache.nifi.processors.standard.ExecuteSQLRecord - ExecuteSQLRecord[id=e7e04090-a84e-45cc-a3af-5c029382bf04] FlowFile[113,97548614305497.mockFlowFile,70B] contains 5 records; transferring to 'success'
[pool-1552-thread-1] INFO org.apache.nifi.processors.standard.ExecuteSQLRecord - ExecuteSQLRecord[id=e7e04090-a84e-45cc-a3af-5c029382bf04] FlowFile[114,97548614305497.mockFlowFile,70B] contains 5 records; transferring to 'success'
[pool-1552-thread-1] INFO org.apache.nifi.processors.standard.ExecuteSQLRecord - ExecuteSQLRecord[id=e7e04090-a84e-45cc-a3af-5c029382bf04] FlowFile[115,97548614305497.mockFlowFile,70B] contains 5 records; transferring to 'success'
[pool-1552-thread-1] INFO org.apache.nifi.processors.standard.ExecuteSQLRecord - ExecuteSQLRecord[id=e7e04090-a84e-45cc-a3af-5c029382bf04] FlowFile[116,97548614305497.mockFlowFile,70B] contains 5 records; transferring to 'success'
[pool-1552-thread-1] INFO org.apache.nifi.processors.standard.ExecuteSQLRecord - ExecuteSQLRecord[id=e7e04090-a84e-45cc-a3af-5c029382bf04] FlowFile[117,97548614305497.mockFlowFile,70B] contains 5 records; transferring to 'success'
[pool-1552-thread-1] INFO org.apache.nifi.processors.standard.ExecuteSQLRecord - ExecuteSQLRecord[id=e7e04090-a84e-45cc-a3af-5c029382bf04] FlowFile[118,97548614305497.mockFlowFile,70B] contains 5 records; transferring to 'success'
[pool-1552-thread-1] INFO org.apache.nifi.processors.standard.ExecuteSQLRecord - ExecuteSQLRecord[id=e7e04090-a84e-45cc-a3af-5c029382bf04] FlowFile[119,97548614305497.mockFlowFile,70B] contains 5 records; transferring to 'success'
[pool-1552-thread-1] INFO org.apache.nifi.processors.standard.ExecuteSQLRecord - ExecuteSQLRecord[id=e7e04090-a84e-45cc-a3af-5c029382bf04] FlowFile[120,97548614305497.mockFlowFile,70B] contains 5 records; transferring to 'success'
[pool-1552-thread-1] INFO org.apache.nifi.processors.standard.ExecuteSQLRecord - ExecuteSQLRecord[id=e7e04090-a84e-45cc-a3af-5c029382bf04] FlowFile[121,97548614305497.mockFlowFile,70B] contains 5 records; transferring to 'success'
[pool-1552-thread-1] INFO org.apache.nifi.processors.standard.ExecuteSQLRecord - ExecuteSQLRecord[id=e7e04090-a84e-45cc-a3af-5c029382bf04] FlowFile[122,97548614305497.mockFlowFile,70B] contains 5 records; transferring to 'success'
[pool-1552-thread-1] INFO org.apache.nifi.processors.standard.ExecuteSQLRecord - ExecuteSQLRecord[id=e7e04090-a84e-45cc-a3af-5c029382bf04] FlowFile[123,97548614305497.mockFlowFile,70B] contains 5 records; transferring to 'success'
[pool-1552-thread-1] INFO org.apache.nifi.processors.standard.ExecuteSQLRecord - ExecuteSQLRecord[id=e7e04090-a84e-45cc-a3af-5c029382bf04] FlowFile[124,97548614305497.mockFlowFile,70B] contains 5 records; transferring to 'success'
[pool-1552-thread-1] INFO org.apache.nifi.processors.standard.ExecuteSQLRecord - ExecuteSQLRecord[id=e7e04090-a84e-45cc-a3af-5c029382bf04] FlowFile[125,97548614305497.mockFlowFile,70B] contains 5 records; transferring to 'success'
[pool-1552-thread-1] INFO org.apache.nifi.processors.standard.ExecuteSQLRecord - ExecuteSQLRecord[id=e7e04090-a84e-45cc-a3af-5c029382bf04] FlowFile[126,97548614305497.mockFlowFile,70B] contains 5 records; transferring to 'success'
[pool-1552-thread-1] INFO org.apache.nifi.processors.standard.ExecuteSQLRecord - ExecuteSQLRecord[id=e7e04090-a84e-45cc-a3af-5c029382bf04] FlowFile[127,97548614305497.mockFlowFile,70B] contains 5 records; transferring to 'success'
[pool-1552-thread-1] INFO org.apache.nifi.processors.standard.ExecuteSQLRecord - ExecuteSQLRecord[id=e7e04090-a84e-45cc-a3af-5c029382bf04] FlowFile[128,97548614305497.mockFlowFile,70B] contains 5 records; transferring to 'success'
[pool-1552-thread-1] INFO org.apache.nifi.processors.standard.ExecuteSQLRecord - ExecuteSQLRecord[id=e7e04090-a84e-45cc-a3af-5c029382bf04] FlowFile[129,97548614305497.mockFlowFile,70B] contains 5 records; transferring to 'success'
[pool-1552-thread-1] INFO org.apache.nifi.processors.standard.ExecuteSQLRecord - ExecuteSQLRecord[id=e7e04090-a84e-45cc-a3af-5c029382bf04] FlowFile[130,97548614305497.mockFlowFile,70B] contains 5 records; transferring to 'success'
[pool-1552-thread-1] INFO org.apache.nifi.processors.standard.ExecuteSQLRecord - ExecuteSQLRecord[id=e7e04090-a84e-45cc-a3af-5c029382bf04] FlowFile[131,97548614305497.mockFlowFile,70B] contains 5 records; transferring to 'success'
[pool-1552-thread-1] INFO org.apache.nifi.processors.standard.ExecuteSQLRecord - ExecuteSQLRecord[id=e7e04090-a84e-45cc-a3af-5c029382bf04] FlowFile[132,97548614305497.mockFlowFile,70B] contains 5 records; transferring to 'success'
[pool-1552-thread-1] INFO org.apache.nifi.processors.standard.ExecuteSQLRecord - ExecuteSQLRecord[id=e7e04090-a84e-45cc-a3af-5c029382bf04] FlowFile[133,97548614305497.mockFlowFile,70B] contains 5 records; transferring to 'success'
[pool-1552-thread-1] INFO org.apache.nifi.processors.standard.ExecuteSQLRecord - ExecuteSQLRecord[id=e7e04090-a84e-45cc-a3af-5c029382bf04] FlowFile[134,97548614305497.mockFlowFile,70B] contains 5 records; transferring to 'success'
[pool-1552-thread-1] INFO org.apache.nifi.processors.standard.ExecuteSQLRecord - ExecuteSQLRecord[id=e7e04090-a84e-45cc-a3af-5c029382bf04] FlowFile[135,97548614305497.mockFlowFile,70B] contains 5 records; transferring to 'success'
[pool-1552-thread-1] INFO org.apache.nifi.processors.standard.ExecuteSQLRecord - ExecuteSQLRecord[id=e7e04090-a84e-45cc-a3af-5c029382bf04] FlowFile[136,97548614305497.mockFlowFile,70B] contains 5 records; transferring to 'success'
[pool-1552-thread-1] INFO org.apache.nifi.processors.standard.ExecuteSQLRecord - ExecuteSQLRecord[id=e7e04090-a84e-45cc-a3af-5c029382bf04] FlowFile[137,97548614305497.mockFlowFile,70B] contains 5 records; transferring to 'success'
[pool-1552-thread-1] INFO org.apache.nifi.processors.standard.ExecuteSQLRecord - ExecuteSQLRecord[id=e7e04090-a84e-45cc-a3af-5c029382bf04] FlowFile[138,97548614305497.mockFlowFile,70B] contains 5 records; transferring to 'success'
[pool-1552-thread-1] INFO org.apache.nifi.processors.standard.ExecuteSQLRecord - ExecuteSQLRecord[id=e7e04090-a84e-45cc-a3af-5c029382bf04] FlowFile[139,97548614305497.mockFlowFile,70B] contains 5 records; transferring to 'success'
[pool-1552-thread-1] INFO org.apache.nifi.processors.standard.ExecuteSQLRecord - ExecuteSQLRecord[id=e7e04090-a84e-45cc-a3af-5c029382bf04] FlowFile[140,97548614305497.mockFlowFile,70B] contains 5 records; transferring to 'success'
[pool-1552-thread-1] INFO org.apache.nifi.processors.standard.ExecuteSQLRecord - ExecuteSQLRecord[id=e7e04090-a84e-45cc-a3af-5c029382bf04] FlowFile[141,97548614305497.mockFlowFile,70B] contains 5 records; transferring to 'success'
[pool-1552-thread-1] INFO org.apache.nifi.processors.standard.ExecuteSQLRecord - ExecuteSQLRecord[id=e7e04090-a84e-45cc-a3af-5c029382bf04] FlowFile[142,97548614305497.mockFlowFile,70B] contains 5 records; transferring to 'success'
[pool-1552-thread-1] INFO org.apache.nifi.processors.standard.ExecuteSQLRecord - ExecuteSQLRecord[id=e7e04090-a84e-45cc-a3af-5c029382bf04] FlowFile[143,97548614305497.mockFlowFile,70B] contains 5 records; transferring to 'success'
[pool-1552-thread-1] INFO org.apache.nifi.processors.standard.ExecuteSQLRecord - ExecuteSQLRecord[id=e7e04090-a84e-45cc-a3af-5c029382bf04] FlowFile[144,97548614305497.mockFlowFile,70B] contains 5 records; transferring to 'success'
[pool-1552-thread-1] INFO org.apache.nifi.processors.standard.ExecuteSQLRecord - ExecuteSQLRecord[id=e7e04090-a84e-45cc-a3af-5c029382bf04] FlowFile[145,97548614305497.mockFlowFile,70B] contains 5 records; transferring to 'success'
[pool-1552-thread-1] INFO org.apache.nifi.processors.standard.ExecuteSQLRecord - ExecuteSQLRecord[id=e7e04090-a84e-45cc-a3af-5c029382bf04] FlowFile[146,97548614305497.mockFlowFile,70B] contains 5 records; transferring to 'success'
[pool-1552-thread-1] INFO org.apache.nifi.processors.standard.ExecuteSQLRecord - ExecuteSQLRecord[id=e7e04090-a84e-45cc-a3af-5c029382bf04] FlowFile[147,97548614305497.mockFlowFile,70B] contains 5 records; transferring to 'success'
[pool-1552-thread-1] INFO org.apache.nifi.processors.standard.ExecuteSQLRecord - ExecuteSQLRecord[id=e7e04090-a84e-45cc-a3af-5c029382bf04] FlowFile[148,97548614305497.mockFlowFile,70B] contains 5 records; transferring to 'success'
[pool-1552-thread-1] INFO org.apache.nifi.processors.standard.ExecuteSQLRecord - ExecuteSQLRecord[id=e7e04090-a84e-45cc-a3af-5c029382bf04] FlowFile[149,97548614305497.mockFlowFile,70B] contains 5 records; transferring to 'success'
[pool-1552-thread-1] INFO org.apache.nifi.processors.standard.ExecuteSQLRecord - ExecuteSQLRecord[id=e7e04090-a84e-45cc-a3af-5c029382bf04] FlowFile[150,97548614305497.mockFlowFile,70B] contains 5 records; transferring to 'success'
[pool-1552-thread-1] INFO org.apache.nifi.processors.standard.ExecuteSQLRecord - ExecuteSQLRecord[id=e7e04090-a84e-45cc-a3af-5c029382bf04] FlowFile[151,97548614305497.mockFlowFile,70B] contains 5 records; transferring to 'success'
[pool-1552-thread-1] INFO org.apache.nifi.processors.standard.ExecuteSQLRecord - ExecuteSQLRecord[id=e7e04090-a84e-45cc-a3af-5c029382bf04] FlowFile[152,97548614305497.mockFlowFile,70B] contains 5 records; transferring to 'success'
[pool-1552-thread-1] INFO org.apache.nifi.processors.standard.ExecuteSQLRecord - ExecuteSQLRecord[id=e7e04090-a84e-45cc-a3af-5c029382bf04] FlowFile[153,97548614305497.mockFlowFile,70B] contains 5 records; transferring to 'success'
[pool-1552-thread-1] INFO org.apache.nifi.processors.standard.ExecuteSQLRecord - ExecuteSQLRecord[id=e7e04090-a84e-45cc-a3af-5c029382bf04] FlowFile[154,97548614305497.mockFlowFile,70B] contains 5 records; transferring to 'success'
[pool-1552-thread-1] INFO org.apache.nifi.processors.standard.ExecuteSQLRecord - ExecuteSQLRecord[id=e7e04090-a84e-45cc-a3af-5c029382bf04] FlowFile[155,97548614305497.mockFlowFile,70B] contains 5 records; transferring to 'success'
[pool-1552-thread-1] INFO org.apache.nifi.processors.standard.ExecuteSQLRecord - ExecuteSQLRecord[id=e7e04090-a84e-45cc-a3af-5c029382bf04] FlowFile[156,97548614305497.mockFlowFile,70B] contains 5 records; transferring to 'success'
[pool-1552-thread-1] INFO org.apache.nifi.processors.standard.ExecuteSQLRecord - ExecuteSQLRecord[id=e7e04090-a84e-45cc-a3af-5c029382bf04] FlowFile[157,97548614305497.mockFlowFile,70B] contains 5 records; transferring to 'success'
[pool-1552-thread-1] INFO org.apache.nifi.processors.standard.ExecuteSQLRecord - ExecuteSQLRecord[id=e7e04090-a84e-45cc-a3af-5c029382bf04] FlowFile[158,97548614305497.mockFlowFile,70B] contains 5 records; transferring to 'success'
[pool-1552-thread-1] INFO org.apache.nifi.processors.standard.ExecuteSQLRecord - ExecuteSQLRecord[id=e7e04090-a84e-45cc-a3af-5c029382bf04] FlowFile[159,97548614305497.mockFlowFile,70B] contains 5 records; transferring to 'success'
[pool-1552-thread-1] INFO org.apache.nifi.processors.standard.ExecuteSQLRecord - ExecuteSQLRecord[id=e7e04090-a84e-45cc-a3af-5c029382bf04] FlowFile[160,97548614305497.mockFlowFile,70B] contains 5 records; transferring to 'success'
[pool-1552-thread-1] INFO org.apache.nifi.processors.standard.ExecuteSQLRecord - ExecuteSQLRecord[id=e7e04090-a84e-45cc-a3af-5c029382bf04] FlowFile[161,97548614305497.mockFlowFile,70B] contains 5 records; transferring to 'success'
[pool-1552-thread-1] INFO org.apache.nifi.processors.standard.ExecuteSQLRecord - ExecuteSQLRecord[id=e7e04090-a84e-45cc-a3af-5c029382bf04] FlowFile[162,97548614305497.mockFlowFile,70B] contains 5 records; transferring to 'success'
[pool-1552-thread-1] INFO org.apache.nifi.processors.standard.ExecuteSQLRecord - ExecuteSQLRecord[id=e7e04090-a84e-45cc-a3af-5c029382bf04] FlowFile[163,97548614305497.mockFlowFile,70B] contains 5 records; transferring to 'success'
[pool-1552-thread-1] INFO org.apache.nifi.processors.standard.ExecuteSQLRecord - ExecuteSQLRecord[id=e7e04090-a84e-45cc-a3af-5c029382bf04] FlowFile[164,97548614305497.mockFlowFile,70B] contains 5 records; transferring to 'success'
[pool-1552-thread-1] INFO org.apache.nifi.processors.standard.ExecuteSQLRecord - ExecuteSQLRecord[id=e7e04090-a84e-45cc-a3af-5c029382bf04] FlowFile[165,97548614305497.mockFlowFile,70B] contains 5 records; transferring to 'success'
[pool-1552-thread-1] INFO org.apache.nifi.processors.standard.ExecuteSQLRecord - ExecuteSQLRecord[id=e7e04090-a84e-45cc-a3af-5c029382bf04] FlowFile[166,97548614305497.mockFlowFile,70B] contains 5 records; transferring to 'success'
[pool-1552-thread-1] INFO org.apache.nifi.processors.standard.ExecuteSQLRecord - ExecuteSQLRecord[id=e7e04090-a84e-45cc-a3af-5c029382bf04] FlowFile[167,97548614305497.mockFlowFile,70B] contains 5 records; transferring to 'success'
[pool-1552-thread-1] INFO org.apache.nifi.processors.standard.ExecuteSQLRecord - ExecuteSQLRecord[id=e7e04090-a84e-45cc-a3af-5c029382bf04] FlowFile[168,97548614305497.mockFlowFile,70B] contains 5 records; transferring to 'success'
[pool-1552-thread-1] INFO org.apache.nifi.processors.standard.ExecuteSQLRecord - ExecuteSQLRecord[id=e7e04090-a84e-45cc-a3af-5c029382bf04] FlowFile[169,97548614305497.mockFlowFile,70B] contains 5 records; transferring to 'success'
[pool-1552-thread-1] INFO org.apache.nifi.processors.standard.ExecuteSQLRecord - ExecuteSQLRecord[id=e7e04090-a84e-45cc-a3af-5c029382bf04] FlowFile[170,97548614305497.mockFlowFile,70B] contains 5 records; transferring to 'success'
[pool-1552-thread-1] INFO org.apache.nifi.processors.standard.ExecuteSQLRecord - ExecuteSQLRecord[id=e7e04090-a84e-45cc-a3af-5c029382bf04] FlowFile[171,97548614305497.mockFlowFile,70B] contains 5 records; transferring to 'success'
[pool-1552-thread-1] INFO org.apache.nifi.processors.standard.ExecuteSQLRecord - ExecuteSQLRecord[id=e7e04090-a84e-45cc-a3af-5c029382bf04] FlowFile[172,97548614305497.mockFlowFile,70B] contains 5 records; transferring to 'success'
[pool-1552-thread-1] INFO org.apache.nifi.processors.standard.ExecuteSQLRecord - ExecuteSQLRecord[id=e7e04090-a84e-45cc-a3af-5c029382bf04] FlowFile[173,97548614305497.mockFlowFile,70B] contains 5 records; transferring to 'success'
[pool-1552-thread-1] INFO org.apache.nifi.processors.standard.ExecuteSQLRecord - ExecuteSQLRecord[id=e7e04090-a84e-45cc-a3af-5c029382bf04] FlowFile[174,97548614305497.mockFlowFile,70B] contains 5 records; transferring to 'success'
[pool-1552-thread-1] INFO org.apache.nifi.processors.standard.ExecuteSQLRecord - ExecuteSQLRecord[id=e7e04090-a84e-45cc-a3af-5c029382bf04] FlowFile[175,97548614305497.mockFlowFile,70B] contains 5 records; transferring to 'success'
[pool-1552-thread-1] INFO org.apache.nifi.processors.standard.ExecuteSQLRecord - ExecuteSQLRecord[id=e7e04090-a84e-45cc-a3af-5c029382bf04] FlowFile[176,97548614305497.mockFlowFile,70B] contains 5 records; transferring to 'success'
[pool-1552-thread-1] INFO org.apache.nifi.processors.standard.ExecuteSQLRecord - ExecuteSQLRecord[id=e7e04090-a84e-45cc-a3af-5c029382bf04] FlowFile[177,97548614305497.mockFlowFile,70B] contains 5 records; transferring to 'success'
[pool-1552-thread-1] INFO org.apache.nifi.processors.standard.ExecuteSQLRecord - ExecuteSQLRecord[id=e7e04090-a84e-45cc-a3af-5c029382bf04] FlowFile[178,97548614305497.mockFlowFile,70B] contains 5 records; transferring to 'success'
[pool-1552-thread-1] INFO org.apache.nifi.processors.standard.ExecuteSQLRecord - ExecuteSQLRecord[id=e7e04090-a84e-45cc-a3af-5c029382bf04] FlowFile[179,97548614305497.mockFlowFile,70B] contains 5 records; transferring to 'success'
[pool-1552-thread-1] INFO org.apache.nifi.processors.standard.ExecuteSQLRecord - ExecuteSQLRecord[id=e7e04090-a84e-45cc-a3af-5c029382bf04] FlowFile[180,97548614305497.mockFlowFile,70B] contains 5 records; transferring to 'success'
[pool-1552-thread-1] INFO org.apache.nifi.processors.standard.ExecuteSQLRecord - ExecuteSQLRecord[id=e7e04090-a84e-45cc-a3af-5c029382bf04] FlowFile[181,97548614305497.mockFlowFile,70B] contains 5 records; transferring to 'success'
[pool-1552-thread-1] INFO org.apache.nifi.processors.standard.ExecuteSQLRecord - ExecuteSQLRecord[id=e7e04090-a84e-45cc-a3af-5c029382bf04] FlowFile[182,97548614305497.mockFlowFile,70B] contains 5 records; transferring to 'success'
[pool-1552-thread-1] INFO org.apache.nifi.processors.standard.ExecuteSQLRecord - ExecuteSQLRecord[id=e7e04090-a84e-45cc-a3af-5c029382bf04] FlowFile[183,97548614305497.mockFlowFile,70B] contains 5 records; transferring to 'success'
[pool-1552-thread-1] INFO org.apache.nifi.processors.standard.ExecuteSQLRecord - ExecuteSQLRecord[id=e7e04090-a84e-45cc-a3af-5c029382bf04] FlowFile[184,97548614305497.mockFlowFile,70B] contains 5 records; transferring to 'success'
[pool-1552-thread-1] INFO org.apache.nifi.processors.standard.ExecuteSQLRecord - ExecuteSQLRecord[id=e7e04090-a84e-45cc-a3af-5c029382bf04] FlowFile[185,97548614305497.mockFlowFile,70B] contains 5 records; transferring to 'success'
[pool-1552-thread-1] INFO org.apache.nifi.processors.standard.ExecuteSQLRecord - ExecuteSQLRecord[id=e7e04090-a84e-45cc-a3af-5c029382bf04] FlowFile[186,97548614305497.mockFlowFile,70B] contains 5 records; transferring to 'success'
[pool-1552-thread-1] INFO org.apache.nifi.processors.standard.ExecuteSQLRecord - ExecuteSQLRecord[id=e7e04090-a84e-45cc-a3af-5c029382bf04] FlowFile[187,97548614305497.mockFlowFile,70B] contains 5 records; transferring to 'success'
[pool-1552-thread-1] INFO org.apache.nifi.processors.standard.ExecuteSQLRecord - ExecuteSQLRecord[id=e7e04090-a84e-45cc-a3af-5c029382bf04] FlowFile[188,97548614305497.mockFlowFile,70B] contains 5 records; transferring to 'success'
[pool-1552-thread-1] INFO org.apache.nifi.processors.standard.ExecuteSQLRecord - ExecuteSQLRecord[id=e7e04090-a84e-45cc-a3af-5c029382bf04] FlowFile[189,97548614305497.mockFlowFile,70B] contains 5 records; transferring to 'success'
[pool-1552-thread-1] INFO org.apache.nifi.processors.standard.ExecuteSQLRecord - ExecuteSQLRecord[id=e7e04090-a84e-45cc-a3af-5c029382bf04] FlowFile[190,97548614305497.mockFlowFile,70B] contains 5 records; transferring to 'success'
[pool-1552-thread-1] INFO org.apache.nifi.processors.standard.ExecuteSQLRecord - ExecuteSQLRecord[id=e7e04090-a84e-45cc-a3af-5c029382bf04] FlowFile[191,97548614305497.mockFlowFile,70B] contains 5 records; transferring to 'success'
[pool-1552-thread-1] INFO org.apache.nifi.processors.standard.ExecuteSQLRecord - ExecuteSQLRecord[id=e7e04090-a84e-45cc-a3af-5c029382bf04] FlowFile[192,97548614305497.mockFlowFile,70B] contains 5 records; transferring to 'success'
[pool-1552-thread-1] INFO org.apache.nifi.processors.standard.ExecuteSQLRecord - ExecuteSQLRecord[id=e7e04090-a84e-45cc-a3af-5c029382bf04] FlowFile[193,97548614305497.mockFlowFile,70B] contains 5 records; transferring to 'success'
[pool-1552-thread-1] INFO org.apache.nifi.processors.standard.ExecuteSQLRecord - ExecuteSQLRecord[id=e7e04090-a84e-45cc-a3af-5c029382bf04] FlowFile[194,97548614305497.mockFlowFile,70B] contains 5 records; transferring to 'success'
[pool-1552-thread-1] INFO org.apache.nifi.processors.standard.ExecuteSQLRecord - ExecuteSQLRecord[id=e7e04090-a84e-45cc-a3af-5c029382bf04] FlowFile[195,97548614305497.mockFlowFile,70B] contains 5 records; transferring to 'success'
[pool-1552-thread-1] INFO org.apache.nifi.processors.standard.ExecuteSQLRecord - ExecuteSQLRecord[id=e7e04090-a84e-45cc-a3af-5c029382bf04] FlowFile[196,97548614305497.mockFlowFile,70B] contains 5 records; transferring to 'success'
[pool-1552-thread-1] INFO org.apache.nifi.processors.standard.ExecuteSQLRecord - ExecuteSQLRecord[id=e7e04090-a84e-45cc-a3af-5c029382bf04] FlowFile[197,97548614305497.mockFlowFile,70B] contains 5 records; transferring to 'success'
[pool-1552-thread-1] INFO org.apache.nifi.processors.standard.ExecuteSQLRecord - ExecuteSQLRecord[id=e7e04090-a84e-45cc-a3af-5c029382bf04] FlowFile[198,97548614305497.mockFlowFile,70B] contains 5 records; transferring to 'success'
[pool-1552-thread-1] INFO org.apache.nifi.processors.standard.ExecuteSQLRecord - ExecuteSQLRecord[id=e7e04090-a84e-45cc-a3af-5c029382bf04] FlowFile[199,97548614305497.mockFlowFile,70B] contains 5 records; transferring to 'success'
[pool-1552-thread-1] INFO org.apache.nifi.processors.standard.ExecuteSQLRecord - ExecuteSQLRecord[id=e7e04090-a84e-45cc-a3af-5c029382bf04] FlowFile[200,97548614305497.mockFlowFile,70B] contains 5 records; transferring to 'success'
]]></system-err>
  </testcase>
  <testcase name="testWithSqlExceptionErrorProcessingResultSet" classname="org.apache.nifi.processors.standard.TestExecuteSQLRecord" time="0.166">
    <system-err><![CDATA[[pool-1553-thread-1] ERROR org.apache.nifi.processors.standard.ExecuteSQLRecord - ExecuteSQLRecord[id=1621bf05-fd4e-42df-904b-8213fff8ac05] Unable to execute SQL select query SELECT 1 for FlowFile[0,97548784885529.mockFlowFile,8B] due to org.apache.nifi.processor.exception.ProcessException: java.sql.SQLException: test execute statement failed; routing to failure: org.apache.nifi.processor.exception.ProcessException: java.sql.SQLException: test execute statement failed
org.apache.nifi.processor.exception.ProcessException: java.sql.SQLException: test execute statement failed
	at org.apache.nifi.processors.standard.sql.RecordSqlWriter.writeResultSet(RecordSqlWriter.java:79)
	at org.apache.nifi.processors.standard.AbstractExecuteSQL.lambda$onTrigger$1(AbstractExecuteSQL.java:302)
	at org.apache.nifi.util.MockProcessSession.write(MockProcessSession.java:907)
	at org.apache.nifi.util.MockProcessSession.write(MockProcessSession.java:67)
	at org.apache.nifi.processors.standard.AbstractExecuteSQL.onTrigger(AbstractExecuteSQL.java:300)
	at org.apache.nifi.processor.AbstractProcessor.onTrigger(AbstractProcessor.java:27)
	at org.apache.nifi.util.StandardProcessorTestRunner$RunProcessor.call(StandardProcessorTestRunner.java:284)
	at org.apache.nifi.util.StandardProcessorTestRunner$RunProcessor.call(StandardProcessorTestRunner.java:278)
	at java.util.concurrent.FutureTask.run(FutureTask.java:266)
	at java.util.concurrent.ScheduledThreadPoolExecutor$ScheduledFutureTask.access$201(ScheduledThreadPoolExecutor.java:180)
	at java.util.concurrent.ScheduledThreadPoolExecutor$ScheduledFutureTask.run(ScheduledThreadPoolExecutor.java:293)
	at java.util.concurrent.ThreadPoolExecutor.runWorker(ThreadPoolExecutor.java:1149)
	at java.util.concurrent.ThreadPoolExecutor$Worker.run(ThreadPoolExecutor.java:624)
	at java.lang.Thread.run(Thread.java:750)
Caused by: java.sql.SQLException: test execute statement failed
	at org.apache.nifi.util.db.JdbcCommon.createSchema(JdbcCommon.java:497)
	at org.apache.nifi.processors.standard.sql.RecordSqlWriter.writeResultSet(RecordSqlWriter.java:71)
	... 13 more
]]></system-err>
  </testcase>
  <testcase name="testIncomingConnectionWithNoFlowFileAndNoQuery" classname="org.apache.nifi.processors.standard.TestExecuteSQLRecord" time="0.001"/>
  <testcase name="testPreQueryFail" classname="org.apache.nifi.processors.standard.TestExecuteSQLRecord" time="0.037">
    <system-err><![CDATA[[pool-1555-thread-1] ERROR org.apache.nifi.processors.standard.ExecuteSQLRecord - ExecuteSQLRecord[id=871e0987-5caf-4eea-ba8c-a8607eaf55ce] Unable to execute SQL select query CALL SYSCS_UTIL.SYSCS_SET_RUNTIMESTATISTICS() for FlowFile[0,97548824456019.mockFlowFile,4B] due to java.sql.SQLSyntaxErrorException: 'SYSCS_UTIL.SYSCS_SET_RUNTIMESTATISTICS' is not recognized as a function or procedure.; routing to failure: java.sql.SQLSyntaxErrorException: 'SYSCS_UTIL.SYSCS_SET_RUNTIMESTATISTICS' is not recognized as a function or procedure.
java.sql.SQLSyntaxErrorException: 'SYSCS_UTIL.SYSCS_SET_RUNTIMESTATISTICS' is not recognized as a function or procedure.
	at org.apache.derby.impl.jdbc.SQLExceptionFactory.getSQLException(Unknown Source)
	at org.apache.derby.impl.jdbc.Util.generateCsSQLException(Unknown Source)
	at org.apache.derby.impl.jdbc.TransactionResourceImpl.wrapInSQLException(Unknown Source)
	at org.apache.derby.impl.jdbc.TransactionResourceImpl.handleException(Unknown Source)
	at org.apache.derby.impl.jdbc.EmbedConnection.handleException(Unknown Source)
	at org.apache.derby.impl.jdbc.ConnectionChild.handleException(Unknown Source)
	at org.apache.derby.impl.jdbc.EmbedStatement.execute(Unknown Source)
	at org.apache.derby.impl.jdbc.EmbedStatement.execute(Unknown Source)
	at org.apache.nifi.processors.standard.AbstractExecuteSQL.executeConfigStatements(AbstractExecuteSQL.java:464)
	at org.apache.nifi.processors.standard.AbstractExecuteSQL.onTrigger(AbstractExecuteSQL.java:252)
	at org.apache.nifi.processor.AbstractProcessor.onTrigger(AbstractProcessor.java:27)
	at org.apache.nifi.util.StandardProcessorTestRunner$RunProcessor.call(StandardProcessorTestRunner.java:284)
	at org.apache.nifi.util.StandardProcessorTestRunner$RunProcessor.call(StandardProcessorTestRunner.java:278)
	at java.util.concurrent.FutureTask.run(FutureTask.java:266)
	at java.util.concurrent.ScheduledThreadPoolExecutor$ScheduledFutureTask.access$201(ScheduledThreadPoolExecutor.java:180)
	at java.util.concurrent.ScheduledThreadPoolExecutor$ScheduledFutureTask.run(ScheduledThreadPoolExecutor.java:293)
	at java.util.concurrent.ThreadPoolExecutor.runWorker(ThreadPoolExecutor.java:1149)
	at java.util.concurrent.ThreadPoolExecutor$Worker.run(ThreadPoolExecutor.java:624)
	at java.lang.Thread.run(Thread.java:750)
Caused by: ERROR 42Y03: 'SYSCS_UTIL.SYSCS_SET_RUNTIMESTATISTICS' is not recognized as a function or procedure.
	at org.apache.derby.iapi.error.StandardException.newException(Unknown Source)
	at org.apache.derby.iapi.error.StandardException.newException(Unknown Source)
	at org.apache.derby.impl.sql.compile.StaticMethodCallNode.bindExpressionMinion(Unknown Source)
	at org.apache.derby.impl.sql.compile.StaticMethodCallNode.bindExpression(Unknown Source)
	at org.apache.derby.impl.sql.compile.JavaToSQLValueNode.bindExpression(Unknown Source)
	at org.apache.derby.impl.sql.compile.CallStatementNode.bindStatement(Unknown Source)
	at org.apache.derby.impl.sql.GenericStatement.prepMinion(Unknown Source)
	at org.apache.derby.impl.sql.GenericStatement.prepare(Unknown Source)
	at org.apache.derby.impl.sql.conn.GenericLanguageConnectionContext.prepareInternalStatement(Unknown Source)
	... 13 more
]]></system-err>
  </testcase>
  <testcase name="testIncomingConnectionWithNoFlowFile" classname="org.apache.nifi.processors.standard.TestExecuteSQLRecord" time="0.002"/>
  <testcase name="testWithOutputBatchingLastBatchFails" classname="org.apache.nifi.processors.standard.TestExecuteSQLRecord" time="0.049">
    <system-err><![CDATA[[pool-1557-thread-1] INFO org.apache.nifi.processors.standard.ExecuteSQLRecord - ExecuteSQLRecord[id=ad4c78b1-36d1-43fd-a2bf-f4af29d035b1] FlowFile[1,97548872823918.mockFlowFile,40B] contains 5 records; transferring to 'success'
[pool-1557-thread-1] INFO org.apache.nifi.processors.standard.ExecuteSQLRecord - ExecuteSQLRecord[id=ad4c78b1-36d1-43fd-a2bf-f4af29d035b1] FlowFile[2,97548872823918.mockFlowFile,40B] contains 5 records; transferring to 'success'
[pool-1557-thread-1] ERROR org.apache.nifi.processors.standard.ExecuteSQLRecord - ExecuteSQLRecord[id=ad4c78b1-36d1-43fd-a2bf-f4af29d035b1] Unable to execute SQL select query SELECT ID, CAST(VAL1 AS INTEGER) AS TN FROM TEST_NULL_INT for FlowFile[0,97548872823918.mockFlowFile,57B] due to org.apache.nifi.processor.exception.ProcessException: java.io.IOException: java.io.IOException: Could not obtain next record from ResultSet; routing to failure: org.apache.nifi.processor.exception.ProcessException: java.io.IOException: java.io.IOException: Could not obtain next record from ResultSet
org.apache.nifi.processor.exception.ProcessException: java.io.IOException: java.io.IOException: Could not obtain next record from ResultSet
	at org.apache.nifi.processors.standard.AbstractExecuteSQL.lambda$onTrigger$1(AbstractExecuteSQL.java:304)
	at org.apache.nifi.util.MockProcessSession.write(MockProcessSession.java:907)
	at org.apache.nifi.util.MockProcessSession.write(MockProcessSession.java:67)
	at org.apache.nifi.processors.standard.AbstractExecuteSQL.onTrigger(AbstractExecuteSQL.java:300)
	at org.apache.nifi.processor.AbstractProcessor.onTrigger(AbstractProcessor.java:27)
	at org.apache.nifi.util.StandardProcessorTestRunner$RunProcessor.call(StandardProcessorTestRunner.java:284)
	at org.apache.nifi.util.StandardProcessorTestRunner$RunProcessor.call(StandardProcessorTestRunner.java:278)
	at java.util.concurrent.FutureTask.run(FutureTask.java:266)
	at java.util.concurrent.ScheduledThreadPoolExecutor$ScheduledFutureTask.access$201(ScheduledThreadPoolExecutor.java:180)
	at java.util.concurrent.ScheduledThreadPoolExecutor$ScheduledFutureTask.run(ScheduledThreadPoolExecutor.java:293)
	at java.util.concurrent.ThreadPoolExecutor.runWorker(ThreadPoolExecutor.java:1149)
	at java.util.concurrent.ThreadPoolExecutor$Worker.run(ThreadPoolExecutor.java:624)
	at java.lang.Thread.run(Thread.java:750)
Caused by: java.io.IOException: java.io.IOException: Could not obtain next record from ResultSet
	at org.apache.nifi.processors.standard.sql.RecordSqlWriter.writeResultSet(RecordSqlWriter.java:88)
	at org.apache.nifi.processors.standard.AbstractExecuteSQL.lambda$onTrigger$1(AbstractExecuteSQL.java:302)
	... 12 more
Caused by: java.io.IOException: Could not obtain next record from ResultSet
	at org.apache.nifi.processors.standard.sql.RecordSqlWriter$ResultSetRecordSetWithCallback.next(RecordSqlWriter.java:158)
	at org.apache.nifi.serialization.record.RecordSet$1.next(RecordSet.java:62)
	at org.apache.nifi.serialization.record.MockRecordWriter$1.write(MockRecordWriter.java:95)
	at org.apache.nifi.processors.standard.sql.RecordSqlWriter.writeResultSet(RecordSqlWriter.java:82)
	... 13 more
Caused by: java.sql.SQLDataException: Invalid character string format for type INTEGER.
	at org.apache.derby.impl.jdbc.SQLExceptionFactory.getSQLException(Unknown Source)
	at org.apache.derby.impl.jdbc.Util.generateCsSQLException(Unknown Source)
	at org.apache.derby.impl.jdbc.TransactionResourceImpl.wrapInSQLException(Unknown Source)
	at org.apache.derby.impl.jdbc.TransactionResourceImpl.handleException(Unknown Source)
	at org.apache.derby.impl.jdbc.EmbedConnection.handleException(Unknown Source)
	at org.apache.derby.impl.jdbc.ConnectionChild.handleException(Unknown Source)
	at org.apache.derby.impl.jdbc.EmbedResultSet.closeOnTransactionError(Unknown Source)
	at org.apache.derby.impl.jdbc.EmbedResultSet.movePosition(Unknown Source)
	at org.apache.derby.impl.jdbc.EmbedResultSet.next(Unknown Source)
	at org.apache.nifi.processors.standard.sql.RecordSqlWriter$ResultSetRecordSetWithCallback.next(RecordSqlWriter.java:152)
	... 16 more
Caused by: ERROR 22018: Invalid character string format for type INTEGER.
	at org.apache.derby.iapi.error.StandardException.newException(Unknown Source)
	at org.apache.derby.iapi.error.StandardException.newException(Unknown Source)
	at org.apache.derby.iapi.types.DataType.invalidFormat(Unknown Source)
	at org.apache.derby.iapi.types.DataType.setValue(Unknown Source)
	at org.apache.derby.exe.ac5760a98cx018fx3723xf3cfx00000ce721580.e0(Unknown Source)
	at org.apache.derby.impl.services.reflect.DirectCall.invoke(Unknown Source)
	at org.apache.derby.impl.sql.execute.ProjectRestrictResultSet.doProjection(Unknown Source)
	at org.apache.derby.impl.sql.execute.ProjectRestrictResultSet.getNextRowCore(Unknown Source)
	at org.apache.derby.impl.sql.execute.BasicNoPutResultSetImpl.getNextRow(Unknown Source)
	... 19 more
]]></system-err>
  </testcase>
  <testcase name="testNoIncomingConnectionAndNoQuery" classname="org.apache.nifi.processors.standard.TestExecuteSQLRecord" time="0.001"/>
</testsuite>