<?xml version="1.0" encoding="UTF-8"?>
<testsuite xmlns:xsi="http://www.w3.org/2001/XMLSchema-instance" xsi:noNamespaceSchemaLocation="https://maven.apache.org/surefire/maven-surefire-plugin/xsd/surefire-test-report-3.0.xsd" version="3.0" name="org.apache.nifi.toolkit.tls.service.TlsCertificateAuthorityTest" time="1.361" tests="4" errors="0" skipped="0" failures="0">
  <properties>
    <property name="sun.desktop" value="gnome"/>
    <property name="awt.toolkit" value="sun.awt.X11.XToolkit"/>
    <property name="file.encoding.pkg" value="sun.io"/>
    <property name="java.specification.version" value="1.8"/>
    <property name="sun.cpu.isalist" value=""/>
    <property name="sun.jnu.encoding" value="UTF-8"/>
    <property name="java.class.path" value="/home/alex/Repositories/nifi/nifi-toolkit/nifi-toolkit-tls/target/test-classes:/home/alex/Repositories/nifi/nifi-toolkit/nifi-toolkit-tls/target/classes:/home/alex/Repositories/nifi/nifi-commons/nifi-properties/target/classes:/home/alex/Repositories/nifi/nifi-commons/nifi-property-utils/target/classes:/home/alex/Repositories/nifi/nifi-commons/nifi-security-utils/target/classes:/home/alex/Repositories/nifi/nifi-api/target/classes:/home/alex/Repositories/nifi/nifi-commons/nifi-utils/target/classes:/home/alex/Repositories/nifi/nifi-commons/nifi-security-utils-api/target/classes:/home/alex/Repositories/nifi/nifi-commons/nifi-security-kms/target/classes:/home/alex/.m2/repository/org/apache/commons/commons-lang3/3.12.0/commons-lang3-3.12.0.jar:/home/alex/.m2/repository/commons-codec/commons-codec/1.14/commons-codec-1.14.jar:/home/alex/.m2/repository/at/favre/lib/bcrypt/0.9.0/bcrypt-0.9.0.jar:/home/alex/.m2/repository/at/favre/lib/bytes/1.3.0/bytes-1.3.0.jar:/home/alex/.m2/repository/org/apache/commons/commons-configuration2/2.7/commons-configuration2-2.7.jar:/home/alex/.m2/repository/org/apache/commons/commons-text/1.8/commons-text-1.8.jar:/home/alex/.m2/repository/org/slf4j/slf4j-api/1.7.32/slf4j-api-1.7.32.jar:/home/alex/.m2/repository/org/bouncycastle/bcpkix-jdk15on/1.69/bcpkix-jdk15on-1.69.jar:/home/alex/.m2/repository/org/bouncycastle/bcutil-jdk15on/1.69/bcutil-jdk15on-1.69.jar:/home/alex/.m2/repository/org/bouncycastle/bcprov-jdk15on/1.69/bcprov-jdk15on-1.69.jar:/home/alex/.m2/repository/commons-cli/commons-cli/1.4/commons-cli-1.4.jar:/home/alex/.m2/repository/commons-io/commons-io/2.10.0/commons-io-2.10.0.jar:/home/alex/.m2/repository/org/eclipse/jetty/jetty-server/9.4.44.v20210927/jetty-server-9.4.44.v20210927.jar:/home/alex/.m2/repository/javax/servlet/javax.servlet-api/3.1.0/javax.servlet-api-3.1.0.jar:/home/alex/.m2/repository/org/eclipse/jetty/jetty-http/9.4.44.v20210927/jetty-http-9.4.44.v20210927.jar:/home/alex/.m2/repository/org/eclipse/jetty/jetty-util/9.4.44.v20210927/jetty-util-9.4.44.v20210927.jar:/home/alex/.m2/repository/org/eclipse/jetty/jetty-io/9.4.44.v20210927/jetty-io-9.4.44.v20210927.jar:/home/alex/.m2/repository/org/glassfish/jersey/core/jersey-client/2.33/jersey-client-2.33.jar:/home/alex/.m2/repository/jakarta/ws/rs/jakarta.ws.rs-api/2.1.6/jakarta.ws.rs-api-2.1.6.jar:/home/alex/.m2/repository/org/glassfish/jersey/core/jersey-common/2.33/jersey-common-2.33.jar:/home/alex/.m2/repository/jakarta/annotation/jakarta.annotation-api/1.3.5/jakarta.annotation-api-1.3.5.jar:/home/alex/.m2/repository/org/glassfish/hk2/osgi-resource-locator/1.0.3/osgi-resource-locator-1.0.3.jar:/home/alex/.m2/repository/org/glassfish/hk2/external/jakarta.inject/2.6.1/jakarta.inject-2.6.1.jar:/home/alex/.m2/repository/org/glassfish/jersey/inject/jersey-hk2/2.33/jersey-hk2-2.33.jar:/home/alex/.m2/repository/org/glassfish/hk2/hk2-locator/2.6.1/hk2-locator-2.6.1.jar:/home/alex/.m2/repository/org/glassfish/hk2/external/aopalliance-repackaged/2.6.1/aopalliance-repackaged-2.6.1.jar:/home/alex/.m2/repository/org/glassfish/hk2/hk2-api/2.6.1/hk2-api-2.6.1.jar:/home/alex/.m2/repository/org/glassfish/hk2/hk2-utils/2.6.1/hk2-utils-2.6.1.jar:/home/alex/.m2/repository/org/javassist/javassist/3.25.0-GA/javassist-3.25.0-GA.jar:/home/alex/.m2/repository/com/fasterxml/jackson/core/jackson-databind/2.12.3/jackson-databind-2.12.3.jar:/home/alex/.m2/repository/com/fasterxml/jackson/core/jackson-annotations/2.12.3/jackson-annotations-2.12.3.jar:/home/alex/.m2/repository/com/fasterxml/jackson/core/jackson-core/2.12.3/jackson-core-2.12.3.jar:/home/alex/.m2/repository/org/apache/httpcomponents/httpclient/4.5.5/httpclient-4.5.5.jar:/home/alex/.m2/repository/org/apache/httpcomponents/httpcore/4.4.9/httpcore-4.4.9.jar:/home/alex/.m2/repository/commons-logging/commons-logging/1.2/commons-logging-1.2.jar:/home/alex/.m2/repository/org/slf4j/slf4j-simple/1.7.32/slf4j-simple-1.7.32.jar:/home/alex/.m2/repository/org/junit/jupiter/junit-jupiter-api/5.7.2/junit-jupiter-api-5.7.2.jar:/home/alex/.m2/repository/org/apiguardian/apiguardian-api/1.1.0/apiguardian-api-1.1.0.jar:/home/alex/.m2/repository/org/opentest4j/opentest4j/1.2.0/opentest4j-1.2.0.jar:/home/alex/.m2/repository/org/junit/platform/junit-platform-commons/1.7.2/junit-platform-commons-1.7.2.jar:/home/alex/.m2/repository/org/junit/jupiter/junit-jupiter-engine/5.7.2/junit-jupiter-engine-5.7.2.jar:/home/alex/.m2/repository/org/junit/platform/junit-platform-engine/1.7.2/junit-platform-engine-1.7.2.jar:/home/alex/.m2/repository/org/junit/vintage/junit-vintage-engine/5.7.2/junit-vintage-engine-5.7.2.jar:/home/alex/.m2/repository/junit/junit/4.13.2/junit-4.13.2.jar:/home/alex/.m2/repository/org/hamcrest/hamcrest-core/1.3/hamcrest-core-1.3.jar:/home/alex/.m2/repository/org/junit/jupiter/junit-jupiter-params/5.7.2/junit-jupiter-params-5.7.2.jar:/home/alex/.m2/repository/org/mockito/mockito-core/3.11.2/mockito-core-3.11.2.jar:/home/alex/.m2/repository/net/bytebuddy/byte-buddy/1.11.3/byte-buddy-1.11.3.jar:/home/alex/.m2/repository/net/bytebuddy/byte-buddy-agent/1.11.3/byte-buddy-agent-1.11.3.jar:/home/alex/.m2/repository/org/objenesis/objenesis/3.2/objenesis-3.2.jar:/home/alex/.m2/repository/org/mockito/mockito-junit-jupiter/3.11.2/mockito-junit-jupiter-3.11.2.jar:/home/alex/.m2/repository/org/codehaus/groovy/groovy-test/2.5.14/groovy-test-2.5.14.jar:/home/alex/.m2/repository/org/codehaus/groovy/groovy/2.5.14/groovy-2.5.14.jar:"/>
    <property name="java.vm.vendor" value="Private Build"/>
    <property name="sun.arch.data.model" value="64"/>
    <property name="java.vendor.url" value="http://java.oracle.com/"/>
    <property name="user.timezone" value="Europe/Lisbon"/>
    <property name="java.vm.specification.version" value="1.8"/>
    <property name="os.name" value="Linux"/>
    <property name="user.country" value="US"/>
    <property name="sun.java.launcher" value="SUN_STANDARD"/>
    <property name="sun.boot.library.path" value="/usr/lib/jvm/java-8-openjdk-amd64/jre/lib/amd64"/>
    <property name="sun.java.command" value="/home/alex/Repositories/nifi/nifi-toolkit/nifi-toolkit-tls/target/surefire/surefirebooter865694682702105918.jar /home/alex/Repositories/nifi/nifi-toolkit/nifi-toolkit-tls/target/surefire 2024-05-02T03-23-33_830-jvmRun1 surefire5901661207018995082tmp surefire_1895604574288791208303tmp"/>
    <property name="surefire.test.class.path" value="/home/alex/Repositories/nifi/nifi-toolkit/nifi-toolkit-tls/target/test-classes:/home/alex/Repositories/nifi/nifi-toolkit/nifi-toolkit-tls/target/classes:/home/alex/Repositories/nifi/nifi-commons/nifi-properties/target/classes:/home/alex/Repositories/nifi/nifi-commons/nifi-property-utils/target/classes:/home/alex/Repositories/nifi/nifi-commons/nifi-security-utils/target/classes:/home/alex/Repositories/nifi/nifi-api/target/classes:/home/alex/Repositories/nifi/nifi-commons/nifi-utils/target/classes:/home/alex/Repositories/nifi/nifi-commons/nifi-security-utils-api/target/classes:/home/alex/Repositories/nifi/nifi-commons/nifi-security-kms/target/classes:/home/alex/.m2/repository/org/apache/commons/commons-lang3/3.12.0/commons-lang3-3.12.0.jar:/home/alex/.m2/repository/commons-codec/commons-codec/1.14/commons-codec-1.14.jar:/home/alex/.m2/repository/at/favre/lib/bcrypt/0.9.0/bcrypt-0.9.0.jar:/home/alex/.m2/repository/at/favre/lib/bytes/1.3.0/bytes-1.3.0.jar:/home/alex/.m2/repository/org/apache/commons/commons-configuration2/2.7/commons-configuration2-2.7.jar:/home/alex/.m2/repository/org/apache/commons/commons-text/1.8/commons-text-1.8.jar:/home/alex/.m2/repository/org/slf4j/slf4j-api/1.7.32/slf4j-api-1.7.32.jar:/home/alex/.m2/repository/org/bouncycastle/bcpkix-jdk15on/1.69/bcpkix-jdk15on-1.69.jar:/home/alex/.m2/repository/org/bouncycastle/bcutil-jdk15on/1.69/bcutil-jdk15on-1.69.jar:/home/alex/.m2/repository/org/bouncycastle/bcprov-jdk15on/1.69/bcprov-jdk15on-1.69.jar:/home/alex/.m2/repository/commons-cli/commons-cli/1.4/commons-cli-1.4.jar:/home/alex/.m2/repository/commons-io/commons-io/2.10.0/commons-io-2.10.0.jar:/home/alex/.m2/repository/org/eclipse/jetty/jetty-server/9.4.44.v20210927/jetty-server-9.4.44.v20210927.jar:/home/alex/.m2/repository/javax/servlet/javax.servlet-api/3.1.0/javax.servlet-api-3.1.0.jar:/home/alex/.m2/repository/org/eclipse/jetty/jetty-http/9.4.44.v20210927/jetty-http-9.4.44.v20210927.jar:/home/alex/.m2/repository/org/eclipse/jetty/jetty-util/9.4.44.v20210927/jetty-util-9.4.44.v20210927.jar:/home/alex/.m2/repository/org/eclipse/jetty/jetty-io/9.4.44.v20210927/jetty-io-9.4.44.v20210927.jar:/home/alex/.m2/repository/org/glassfish/jersey/core/jersey-client/2.33/jersey-client-2.33.jar:/home/alex/.m2/repository/jakarta/ws/rs/jakarta.ws.rs-api/2.1.6/jakarta.ws.rs-api-2.1.6.jar:/home/alex/.m2/repository/org/glassfish/jersey/core/jersey-common/2.33/jersey-common-2.33.jar:/home/alex/.m2/repository/jakarta/annotation/jakarta.annotation-api/1.3.5/jakarta.annotation-api-1.3.5.jar:/home/alex/.m2/repository/org/glassfish/hk2/osgi-resource-locator/1.0.3/osgi-resource-locator-1.0.3.jar:/home/alex/.m2/repository/org/glassfish/hk2/external/jakarta.inject/2.6.1/jakarta.inject-2.6.1.jar:/home/alex/.m2/repository/org/glassfish/jersey/inject/jersey-hk2/2.33/jersey-hk2-2.33.jar:/home/alex/.m2/repository/org/glassfish/hk2/hk2-locator/2.6.1/hk2-locator-2.6.1.jar:/home/alex/.m2/repository/org/glassfish/hk2/external/aopalliance-repackaged/2.6.1/aopalliance-repackaged-2.6.1.jar:/home/alex/.m2/repository/org/glassfish/hk2/hk2-api/2.6.1/hk2-api-2.6.1.jar:/home/alex/.m2/repository/org/glassfish/hk2/hk2-utils/2.6.1/hk2-utils-2.6.1.jar:/home/alex/.m2/repository/org/javassist/javassist/3.25.0-GA/javassist-3.25.0-GA.jar:/home/alex/.m2/repository/com/fasterxml/jackson/core/jackson-databind/2.12.3/jackson-databind-2.12.3.jar:/home/alex/.m2/repository/com/fasterxml/jackson/core/jackson-annotations/2.12.3/jackson-annotations-2.12.3.jar:/home/alex/.m2/repository/com/fasterxml/jackson/core/jackson-core/2.12.3/jackson-core-2.12.3.jar:/home/alex/.m2/repository/org/apache/httpcomponents/httpclient/4.5.5/httpclient-4.5.5.jar:/home/alex/.m2/repository/org/apache/httpcomponents/httpcore/4.4.9/httpcore-4.4.9.jar:/home/alex/.m2/repository/commons-logging/commons-logging/1.2/commons-logging-1.2.jar:/home/alex/.m2/repository/org/slf4j/slf4j-simple/1.7.32/slf4j-simple-1.7.32.jar:/home/alex/.m2/repository/org/junit/jupiter/junit-jupiter-api/5.7.2/junit-jupiter-api-5.7.2.jar:/home/alex/.m2/repository/org/apiguardian/apiguardian-api/1.1.0/apiguardian-api-1.1.0.jar:/home/alex/.m2/repository/org/opentest4j/opentest4j/1.2.0/opentest4j-1.2.0.jar:/home/alex/.m2/repository/org/junit/platform/junit-platform-commons/1.7.2/junit-platform-commons-1.7.2.jar:/home/alex/.m2/repository/org/junit/jupiter/junit-jupiter-engine/5.7.2/junit-jupiter-engine-5.7.2.jar:/home/alex/.m2/repository/org/junit/platform/junit-platform-engine/1.7.2/junit-platform-engine-1.7.2.jar:/home/alex/.m2/repository/org/junit/vintage/junit-vintage-engine/5.7.2/junit-vintage-engine-5.7.2.jar:/home/alex/.m2/repository/junit/junit/4.13.2/junit-4.13.2.jar:/home/alex/.m2/repository/org/hamcrest/hamcrest-core/1.3/hamcrest-core-1.3.jar:/home/alex/.m2/repository/org/junit/jupiter/junit-jupiter-params/5.7.2/junit-jupiter-params-5.7.2.jar:/home/alex/.m2/repository/org/mockito/mockito-core/3.11.2/mockito-core-3.11.2.jar:/home/alex/.m2/repository/net/bytebuddy/byte-buddy/1.11.3/byte-buddy-1.11.3.jar:/home/alex/.m2/repository/net/bytebuddy/byte-buddy-agent/1.11.3/byte-buddy-agent-1.11.3.jar:/home/alex/.m2/repository/org/objenesis/objenesis/3.2/objenesis-3.2.jar:/home/alex/.m2/repository/org/mockito/mockito-junit-jupiter/3.11.2/mockito-junit-jupiter-3.11.2.jar:/home/alex/.m2/repository/org/codehaus/groovy/groovy-test/2.5.14/groovy-test-2.5.14.jar:/home/alex/.m2/repository/org/codehaus/groovy/groovy/2.5.14/groovy-2.5.14.jar:"/>
    <property name="sun.cpu.endian" value="little"/>
    <property name="user.home" value="/home/alex"/>
    <property name="user.language" value="en"/>
    <property name="java.specification.vendor" value="Oracle Corporation"/>
    <property name="java.home" value="/usr/lib/jvm/java-8-openjdk-amd64/jre"/>
    <property name="basedir" value="/home/alex/Repositories/nifi/nifi-toolkit/nifi-toolkit-tls"/>
    <property name="file.separator" value="/"/>
    <property name="line.separator" value="&#10;"/>
    <property name="java.vm.specification.vendor" value="Oracle Corporation"/>
    <property name="java.specification.name" value="Java Platform API Specification"/>
    <property name="java.awt.graphicsenv" value="sun.awt.X11GraphicsEnvironment"/>
    <property name="java.awt.headless" value="true"/>
    <property name="surefire.real.class.path" value="/home/alex/Repositories/nifi/nifi-toolkit/nifi-toolkit-tls/target/surefire/surefirebooter865694682702105918.jar"/>
    <property name="sun.boot.class.path" value="/usr/lib/jvm/java-8-openjdk-amd64/jre/lib/resources.jar:/usr/lib/jvm/java-8-openjdk-amd64/jre/lib/rt.jar:/usr/lib/jvm/java-8-openjdk-amd64/jre/lib/sunrsasign.jar:/usr/lib/jvm/java-8-openjdk-amd64/jre/lib/jsse.jar:/usr/lib/jvm/java-8-openjdk-amd64/jre/lib/jce.jar:/usr/lib/jvm/java-8-openjdk-amd64/jre/lib/charsets.jar:/usr/lib/jvm/java-8-openjdk-amd64/jre/lib/jfr.jar:/usr/lib/jvm/java-8-openjdk-amd64/jre/classes"/>
    <property name="sun.management.compiler" value="HotSpot 64-Bit Tiered Compilers"/>
    <property name="java.runtime.version" value="1.8.0_402-8u402-ga-2ubuntu1~22.04-b06"/>
    <property name="java.net.preferIPv4Stack" value="true"/>
    <property name="user.name" value="alex"/>
    <property name="path.separator" value=":"/>
    <property name="os.version" value="6.5.0-28-generic"/>
    <property name="java.endorsed.dirs" value="/usr/lib/jvm/java-8-openjdk-amd64/jre/lib/endorsed"/>
    <property name="java.runtime.name" value="OpenJDK Runtime Environment"/>
    <property name="file.encoding" value="UTF-8"/>
    <property name="java.vm.name" value="OpenJDK 64-Bit Server VM"/>
    <property name="localRepository" value="/home/alex/.m2/repository"/>
    <property name="java.vendor.url.bug" value="http://bugreport.sun.com/bugreport/"/>
    <property name="jetty.git.hash" value="8da83308eeca865e495e53ef315a249d63ba9332"/>
    <property name="java.io.tmpdir" value="/tmp"/>
    <property name="java.version" value="1.8.0_402"/>
    <property name="user.dir" value="/home/alex/Repositories/nifi/nifi-toolkit/nifi-toolkit-tls"/>
    <property name="os.arch" value="amd64"/>
    <property name="java.vm.specification.name" value="Java Virtual Machine Specification"/>
    <property name="java.awt.printerjob" value="sun.print.PSPrinterJob"/>
    <property name="sun.os.patch.level" value="unknown"/>
    <property name="java.library.path" value="/usr/java/packages/lib/amd64:/usr/lib/x86_64-linux-gnu/jni:/lib/x86_64-linux-gnu:/usr/lib/x86_64-linux-gnu:/usr/lib/jni:/lib:/usr/lib"/>
    <property name="java.vm.info" value="mixed mode"/>
    <property name="java.vendor" value="Private Build"/>
    <property name="java.vm.version" value="25.402-b06"/>
    <property name="java.specification.maintenance.version" value="5"/>
    <property name="java.ext.dirs" value="/usr/lib/jvm/java-8-openjdk-amd64/jre/lib/ext:/usr/java/packages/lib/ext"/>
    <property name="sun.io.unicode.encoding" value="UnicodeLittle"/>
    <property name="java.class.version" value="52.0"/>
  </properties>
  <testcase name="testClientPkcs12" classname="org.apache.nifi.toolkit.tls.service.TlsCertificateAuthorityTest" time="0.899">
    <system-err><![CDATA[[main] INFO org.eclipse.jetty.util.log - Logging initialized @11593ms to org.eclipse.jetty.util.log.Slf4jLog
[main] INFO org.eclipse.jetty.server.Server - jetty-9.4.44.v20210927; built: 2021-09-27T23:02:44.612Z; git: 8da83308eeca865e495e53ef315a249d63ba9332; jvm 1.8.0_402-8u402-ga-2ubuntu1~22.04-b06
[main] INFO org.eclipse.jetty.server.AbstractConnector - Started ServerConnector@340d6d89{SSL, (ssl, http/1.1)}{0.0.0.0:38831}
[main] INFO org.eclipse.jetty.server.Server - Started @11671ms
[main] INFO org.apache.nifi.toolkit.tls.service.client.TlsCertificateAuthorityClient - Requesting new certificate from localhost:38831
[main] INFO org.apache.nifi.toolkit.tls.service.client.TlsCertificateSigningRequestPerformer - Requesting certificate with dn CN=otherHostname,OU=NIFI from localhost:38831
[qtp1755811644-21] INFO org.apache.nifi.toolkit.tls.service.server.TlsCertificateAuthorityServiceHandler - Received CSR with DN CN=otherHostname,OU=NIFI
[qtp1755811644-21] INFO org.apache.nifi.toolkit.tls.service.server.TlsCertificateAuthorityServiceHandler - Returning code:200 payload {"hmac":"U7v2zoSPXmNWWTlwmtCai8jyqWsNb74vxtZzs5cITl8=","pemEncodedCertificate":"-----BEGIN CERTIFICATE-----\nMIIDdzCCAl+gAwIBAgIKAY83L7JmAAAAADANBgkqhkiG9w0BAQsFADAjMQ0wCwYD\nVQQLDAROSUZJMRIwEAYDVQQDDAlsb2NhbGhvc3QwHhcNMjQwNTAyMDI0MzQzWhcN\nMjQwNTA3MDI0MzQzWjAnMQ0wCwYDVQQLDAROSUZJMRYwFAYDVQQDDA1vdGhlckhv\nc3RuYW1lMIIBIjANBgkqhkiG9w0BAQEFAAOCAQ8AMIIBCgKCAQEAjRRiqDgdI8wF\nkc15+taaCZh5i7Mczml7l7YjFPxx4PjCqER/1/+9w72lwTalUVoZtkFIV+S7X+R3\nZAZUqqgVaK1rig7t5m8RfY+yfvE6HpTwzAz5pEbdqUWZV2h0iWM/JuqB7S2uiypr\nicvlW8NWtcgMe73rk5i+TdVcYR5eeHQfPYH2e3fJB9jUFX/LQmXz+mOKUitq4ANP\n/WxbJR1LI0NC2zzYByOA6b/idnw8cjdY7FwmaZ0151+AnctXvNCDi8bd8WFTqpdj\nDW0Y0X1wEMfksdsRCexzQLEq09f6ECMQJ01dYKDs0DUmZOdTIlOrG9TaZKOdy/FS\npNDQoil/8wIDAQABo4GoMIGlMB0GA1UdDgQWBBQhu/7aXaxcbfE0iZ+MKz47rxtS\nADAfBgNVHSMEGDAWgBTJIZ7ViOpKD0Cep4NTEBnOxP2OsTAOBgNVHQ8BAf8EBAMC\nA/gwCQYDVR0TBAIwADAdBgNVHSUEFjAUBggrBgEFBQcDAgYIKwYBBQUHAwEwKQYD\nVR0RBCIwIIINb3RoZXJIb3N0bmFtZYIPbmlmaS5hcGFjaGUub3JnMA0GCSqGSIb3\nDQEBCwUAA4IBAQAzf08UBy2QK/pm6xoO+gC7uHLvVBrb3yHelf1DDbPtqi0QqGTg\nWOToJdKw8FATWD7obmu1/OlFdQ8V1jBKkw7vO5hYKrRCaXIyjVql4QBRbbEdlbY4\ncz9RJGkdblzRO+FzG62zZGJnm4DuC4bzIotJNh4JjllgLRLQLsVfoyFOk44ROY+8\nNHML24JR7/JZN0scFWA5BaD7OOv605SaOY8ShmZIgWPPlP/tsjTUMfCGz0C7UcGf\nlM2Mv0PTPezcAKcsF+J3v00FTWCsakHGksc7KJ0aRiKkVcu62xbv8++PpDqYFDJR\n5l5Pu6rhw/ZDF4bJMF/MhWooOrNj8fTQm2At\n-----END CERTIFICATE-----\n","error":null} to 127.0.0.1
[main] INFO org.apache.nifi.toolkit.tls.service.client.TlsCertificateSigningRequestPerformer - Got certificate with dn CN=otherHostname, OU=NIFI
[main] INFO org.eclipse.jetty.server.AbstractConnector - Stopped ServerConnector@340d6d89{SSL, (ssl, http/1.1)}{0.0.0.0:38831}
]]></system-err>
  </testcase>
  <testcase name="testTokenMismatch" classname="org.apache.nifi.toolkit.tls.service.TlsCertificateAuthorityTest" time="0.13">
    <system-err><![CDATA[[main] INFO org.eclipse.jetty.server.Server - jetty-9.4.44.v20210927; built: 2021-09-27T23:02:44.612Z; git: 8da83308eeca865e495e53ef315a249d63ba9332; jvm 1.8.0_402-8u402-ga-2ubuntu1~22.04-b06
[main] INFO org.eclipse.jetty.server.AbstractConnector - Started ServerConnector@32bb0072{SSL, (ssl, http/1.1)}{0.0.0.0:38981}
[main] INFO org.eclipse.jetty.server.Server - Started @12387ms
[main] INFO org.apache.nifi.toolkit.tls.service.client.TlsCertificateAuthorityClient - Requesting new certificate from localhost:38981
[main] INFO org.apache.nifi.toolkit.tls.service.client.TlsCertificateSigningRequestPerformer - Requesting certificate with dn CN=otherHostname,OU=NIFI from localhost:38981
[qtp314622131-29] INFO org.apache.nifi.toolkit.tls.service.server.TlsCertificateAuthorityServiceHandler - Returning code:403 payload {"hmac":null,"pemEncodedCertificate":null,"error":"forbidden"} to 127.0.0.1
[main] INFO org.eclipse.jetty.server.AbstractConnector - Stopped ServerConnector@32bb0072{SSL, (ssl, http/1.1)}{0.0.0.0:38981}
]]></system-err>
  </testcase>
  <testcase name="testClientGetCertSamePasswordsForKeyAndKeyStore" classname="org.apache.nifi.toolkit.tls.service.TlsCertificateAuthorityTest" time="0.154">
    <system-err><![CDATA[[main] INFO org.eclipse.jetty.server.Server - jetty-9.4.44.v20210927; built: 2021-09-27T23:02:44.612Z; git: 8da83308eeca865e495e53ef315a249d63ba9332; jvm 1.8.0_402-8u402-ga-2ubuntu1~22.04-b06
[main] INFO org.eclipse.jetty.server.AbstractConnector - Started ServerConnector@25a7fedf{SSL, (ssl, http/1.1)}{0.0.0.0:45719}
[main] INFO org.eclipse.jetty.server.Server - Started @12532ms
[main] INFO org.apache.nifi.toolkit.tls.service.client.TlsCertificateAuthorityClient - Requesting new certificate from localhost:45719
[main] INFO org.apache.nifi.toolkit.tls.service.client.TlsCertificateSigningRequestPerformer - Requesting certificate with dn CN=otherHostname,OU=NIFI from localhost:45719
[qtp1622066826-39] INFO org.apache.nifi.toolkit.tls.service.server.TlsCertificateAuthorityServiceHandler - Received CSR with DN CN=otherHostname,OU=NIFI
[qtp1622066826-39] INFO org.apache.nifi.toolkit.tls.service.server.TlsCertificateAuthorityServiceHandler - Returning code:200 payload {"hmac":"BH42Xs5uwL+MBlpzmlNJClvtJVDLWtomeDiSoPcgrr0=","pemEncodedCertificate":"-----BEGIN CERTIFICATE-----\nMIIDdzCCAl+gAwIBAgIKAY83L7TvAAAAADANBgkqhkiG9w0BAQsFADAjMQ0wCwYD\nVQQLDAROSUZJMRIwEAYDVQQDDAlsb2NhbGhvc3QwHhcNMjQwNTAyMDI0MzQ0WhcN\nMjQwNTA3MDI0MzQ0WjAnMQ0wCwYDVQQLDAROSUZJMRYwFAYDVQQDDA1vdGhlckhv\nc3RuYW1lMIIBIjANBgkqhkiG9w0BAQEFAAOCAQ8AMIIBCgKCAQEAqsc4p8RG07TB\nj0VqDuF4n8qw65SjA9L/gmN4OPLjzkoVxC0nzrCjxJkBCDm89cyM4pOHpTl13CB0\n++hkCWI7XUj8Zj8y+enE4asW+TC/3AFNR7cMZZBosDS8XY+VrKKnjmHY4marLk78\nl3DjL5i7Ue/ee5B6DlgeyO9QSMPrdPO46MmG6gr/YE043/fNqfcIXpIE+CyMNarj\ne9c0JOIrddFPcWJteNTxbCpcB1AQmtvxPcMtkBGsnRXrJ7O5O9RxhNyEz83q3PtH\nKpHwRU/Va8peBoMYl9mnlSd89nk1SL7aRBNebEZo1AT0byGSWabKpp8WOEDTZRj0\nSgj/FZOszQIDAQABo4GoMIGlMB0GA1UdDgQWBBTNJhVSwv+1b8aVbz7PcQox8ohE\ncDAfBgNVHSMEGDAWgBQArNfF6RE9PKobyWeMUah7xuev2DAOBgNVHQ8BAf8EBAMC\nA/gwCQYDVR0TBAIwADAdBgNVHSUEFjAUBggrBgEFBQcDAgYIKwYBBQUHAwEwKQYD\nVR0RBCIwIIINb3RoZXJIb3N0bmFtZYIPbmlmaS5hcGFjaGUub3JnMA0GCSqGSIb3\nDQEBCwUAA4IBAQAEJzMUf77jx8phYAMsuYZcKIueUbB1dRSIYjR4eZzm5CdRotHV\nVgtNQwgyZWBmmWgONeI89k1bBqI5cA7lwsNsDyFAEquhum61PMKqEPhDnLZsf0VM\nyk3llQg8o+wBx0seo0xXIH4lbssb0EgDxRCnXlwH7szIiANtm40n43NlfuNcLb3D\nykzuLXnbhgw/cFMl5KZ9wjQaNgful7XFaCnPwW8tzLjNifnef0TNwOK5DMS56yDT\nXm/W+tQFfx/VNxYfoJ82JYpH6WrgX5nxeStIufYjRusDtqMrfvFI1bFiY3HVZdl+\nYQAclOwwZbT6mjJ3vxpTmZDHaL0gWAYSBdiN\n-----END CERTIFICATE-----\n","error":null} to 127.0.0.1
[main] INFO org.apache.nifi.toolkit.tls.service.client.TlsCertificateSigningRequestPerformer - Got certificate with dn CN=otherHostname, OU=NIFI
[main] INFO org.eclipse.jetty.server.AbstractConnector - Stopped ServerConnector@25a7fedf{SSL, (ssl, http/1.1)}{0.0.0.0:45719}
]]></system-err>
  </testcase>
  <testcase name="testClientGetCertDifferentPasswordsForKeyAndKeyStore" classname="org.apache.nifi.toolkit.tls.service.TlsCertificateAuthorityTest" time="0.178">
    <system-err><![CDATA[[main] INFO org.eclipse.jetty.server.Server - jetty-9.4.44.v20210927; built: 2021-09-27T23:02:44.612Z; git: 8da83308eeca865e495e53ef315a249d63ba9332; jvm 1.8.0_402-8u402-ga-2ubuntu1~22.04-b06
[main] INFO org.eclipse.jetty.server.AbstractConnector - Started ServerConnector@485caa8f{SSL, (ssl, http/1.1)}{0.0.0.0:42303}
[main] INFO org.eclipse.jetty.server.Server - Started @12699ms
[main] INFO org.apache.nifi.toolkit.tls.service.client.TlsCertificateAuthorityClient - Requesting new certificate from localhost:42303
[main] INFO org.apache.nifi.toolkit.tls.service.client.TlsCertificateSigningRequestPerformer - Requesting certificate with dn CN=otherHostname,OU=NIFI from localhost:42303
[qtp548108014-48] INFO org.apache.nifi.toolkit.tls.service.server.TlsCertificateAuthorityServiceHandler - Received CSR with DN CN=otherHostname,OU=NIFI
[qtp548108014-48] INFO org.apache.nifi.toolkit.tls.service.server.TlsCertificateAuthorityServiceHandler - Returning code:200 payload {"hmac":"5hRSPnX/bYZZ8IS6Dqvx4nEPvbmOFF4me5JWDsGifW8=","pemEncodedCertificate":"-----BEGIN CERTIFICATE-----\nMIIDdzCCAl+gAwIBAgIKAY83L7WhAAAAADANBgkqhkiG9w0BAQsFADAjMQ0wCwYD\nVQQLDAROSUZJMRIwEAYDVQQDDAlsb2NhbGhvc3QwHhcNMjQwNTAyMDI0MzQ0WhcN\nMjQwNTA3MDI0MzQ0WjAnMQ0wCwYDVQQLDAROSUZJMRYwFAYDVQQDDA1vdGhlckhv\nc3RuYW1lMIIBIjANBgkqhkiG9w0BAQEFAAOCAQ8AMIIBCgKCAQEAzRqA7DCVtRJ/\n5NLl2fecIXApxNJgyUzc8nExr8DHZEki3pYeKVfKHoUpKjlY4Atae9J2oumGqFfy\nMKOHDIRZNn/5gvG6un77zXGlhQITrDtf6mK0O0Nyh/fwZA35HyslMs4/bgAPE58O\nrIvf63ANXfcUR47AdNh98MweibDnZs/raTqeYxnzfRwfiHx/o++EPScjS9aqJghi\n1jMYjSwcFguzbWIGlFnIuUzrPbF/Ji93c85r7WJDXldn1NDfKpL1bJTVbPFdrD4S\nAWBxLWjwd8CqaDNyRjH/DcLNGnVPu45kld5OBpVxkXhgy7ZQK7RAmH6ifL/dKjxP\n79XWzZHhpQIDAQABo4GoMIGlMB0GA1UdDgQWBBQrtIJU+uxrNJ5f+r8F+GjqxTXv\nAjAfBgNVHSMEGDAWgBR9qrriKvDpMMrF+hW55xpqJHMBDjAOBgNVHQ8BAf8EBAMC\nA/gwCQYDVR0TBAIwADAdBgNVHSUEFjAUBggrBgEFBQcDAgYIKwYBBQUHAwEwKQYD\nVR0RBCIwIIINb3RoZXJIb3N0bmFtZYIPbmlmaS5hcGFjaGUub3JnMA0GCSqGSIb3\nDQEBCwUAA4IBAQALW4T3fdmpikw3Tu51LdiXdaXTTl2mZm9EsKYGe2Z8kAE2EW8V\n3ZSVi7RLIiOazu2SolE+u32F2j2sv7Qomh0wAf6HFXv8z+SeTNJp4NA2PGUFDY0G\nHPYipYFYuEYlpez1j8s2nqhPA7R+mRjFLqlljUCeDw4G5zjnjmZo0R2Jpsw4PEMp\natFmRCWcv6n9Zy3iBivTr+nrAwIgLGEaG0E97lqUCXdTQCqKkxAvgAmQqDwNH2D+\nykjyCHCH78kFYIc0ItR9uHb6loBfPMKWq6y2pSADt7URCTTgsJ4GN34SJtQ+vm+v\nkgVRjlWZ7XdYCDU+F9ZlsKlQEIMKgCkaO6/7\n-----END CERTIFICATE-----\n","error":null} to 127.0.0.1
[main] INFO org.apache.nifi.toolkit.tls.service.client.TlsCertificateSigningRequestPerformer - Got certificate with dn CN=otherHostname, OU=NIFI
[main] INFO org.eclipse.jetty.server.AbstractConnector - Stopped ServerConnector@485caa8f{SSL, (ssl, http/1.1)}{0.0.0.0:42303}
]]></system-err>
  </testcase>
</testsuite>