<?xml version="1.0" encoding="UTF-8"?>
<testsuite xmlns:xsi="http://www.w3.org/2001/XMLSchema-instance" xsi:noNamespaceSchemaLocation="https://maven.apache.org/surefire/maven-surefire-plugin/xsd/surefire-test-report-3.0.xsd" version="3.0" name="org.apache.nifi.processors.kudu.TestPutKudu" time="1.625" tests="29" errors="0" skipped="0" failures="0">
  <properties>
    <property name="sun.desktop" value="gnome"/>
    <property name="awt.toolkit" value="sun.awt.X11.XToolkit"/>
    <property name="file.encoding.pkg" value="sun.io"/>
    <property name="java.specification.version" value="1.8"/>
    <property name="sun.cpu.isalist" value=""/>
    <property name="sun.jnu.encoding" value="UTF-8"/>
    <property name="java.class.path" value="/home/alex/Repositories/nifi/nifi-nar-bundles/nifi-kudu-bundle/nifi-kudu-processors/target/test-classes:/home/alex/Repositories/nifi/nifi-nar-bundles/nifi-kudu-bundle/nifi-kudu-processors/target/classes:/home/alex/Repositories/nifi/nifi-api/target/classes:/home/alex/Repositories/nifi/nifi-nar-bundles/nifi-extension-utils/nifi-processor-utils/target/classes:/home/alex/Repositories/nifi/nifi-commons/nifi-security-socket-ssl/target/classes:/home/alex/.m2/repository/commons-io/commons-io/2.10.0/commons-io-2.10.0.jar:/home/alex/.m2/repository/org/apache/commons/commons-lang3/3.11/commons-lang3-3.11.jar:/home/alex/.m2/repository/com/fasterxml/jackson/core/jackson-databind/2.12.3/jackson-databind-2.12.3.jar:/home/alex/.m2/repository/com/fasterxml/jackson/core/jackson-annotations/2.12.3/jackson-annotations-2.12.3.jar:/home/alex/Repositories/nifi/nifi-nar-bundles/nifi-extension-utils/nifi-event-transport/target/classes:/home/alex/.m2/repository/io/netty/netty-handler/4.1.69.Final/netty-handler-4.1.69.Final.jar:/home/alex/.m2/repository/io/netty/netty-common/4.1.69.Final/netty-common-4.1.69.Final.jar:/home/alex/.m2/repository/io/netty/netty-resolver/4.1.69.Final/netty-resolver-4.1.69.Final.jar:/home/alex/.m2/repository/io/netty/netty-buffer/4.1.69.Final/netty-buffer-4.1.69.Final.jar:/home/alex/.m2/repository/io/netty/netty-transport/4.1.69.Final/netty-transport-4.1.69.Final.jar:/home/alex/.m2/repository/io/netty/netty-codec/4.1.69.Final/netty-codec-4.1.69.Final.jar:/home/alex/Repositories/nifi/nifi-nar-bundles/nifi-standard-services/nifi-kerberos-credentials-service-api/target/classes:/home/alex/Repositories/nifi/nifi-nar-bundles/nifi-standard-services/nifi-kerberos-user-service-api/target/classes:/home/alex/Repositories/nifi/nifi-nar-bundles/nifi-standard-services/nifi-record-serialization-service-api/target/classes:/home/alex/.m2/repository/org/apache/kudu/kudu-client/1.15.0/kudu-client-1.15.0.jar:/home/alex/.m2/repository/com/stumbleupon/async/1.4.1/async-1.4.1.jar:/home/alex/.m2/repository/org/slf4j/slf4j-api/1.7.32/slf4j-api-1.7.32.jar:/home/alex/Repositories/nifi/nifi-commons/nifi-utils/target/classes:/home/alex/Repositories/nifi/nifi-commons/nifi-record/target/classes:/home/alex/Repositories/nifi/nifi-commons/nifi-record-path/target/classes:/home/alex/Repositories/nifi/nifi-commons/nifi-properties/target/classes:/home/alex/Repositories/nifi/nifi-commons/nifi-property-utils/target/classes:/home/alex/Repositories/nifi/nifi-commons/nifi-uuid5/target/classes:/home/alex/.m2/repository/org/antlr/antlr-runtime/3.5.2/antlr-runtime-3.5.2.jar:/home/alex/.m2/repository/com/github/ben-manes/caffeine/caffeine/2.8.1/caffeine-2.8.1.jar:/home/alex/.m2/repository/org/checkerframework/checker-qual/3.1.0/checker-qual-3.1.0.jar:/home/alex/.m2/repository/com/google/errorprone/error_prone_annotations/2.3.4/error_prone_annotations-2.3.4.jar:/home/alex/.m2/repository/commons-codec/commons-codec/1.14/commons-codec-1.14.jar:/home/alex/Repositories/nifi/nifi-commons/nifi-security-kerberos/target/classes:/home/alex/Repositories/nifi/nifi-commons/nifi-security-kerberos-api/target/classes:/home/alex/.m2/repository/org/apache/kudu/kudu-test-utils/1.15.0/kudu-test-utils-1.15.0.jar:/home/alex/.m2/repository/junit/junit/4.13.2/junit-4.13.2.jar:/home/alex/.m2/repository/org/hamcrest/hamcrest/2.2/hamcrest-2.2.jar:/home/alex/Repositories/nifi/nifi-nar-bundles/nifi-extension-utils/nifi-record-utils/nifi-mock-record-utils/target/classes:/home/alex/Repositories/nifi/nifi-mock/target/classes:/home/alex/Repositories/nifi/nifi-framework-api/target/classes:/home/alex/Repositories/nifi/nifi-commons/nifi-parameter/target/classes:/home/alex/Repositories/nifi/nifi-nar-bundles/nifi-framework-bundle/nifi-framework/nifi-framework-core-api/target/classes:/home/alex/Repositories/nifi/nifi-nar-bundles/nifi-framework-bundle/nifi-framework/nifi-framework-nar-utils/target/classes:/home/alex/Repositories/nifi/nifi-nar-bundles/nifi-framework-bundle/nifi-framework/nifi-client-dto/target/classes:/home/alex/.m2/repository/io/swagger/swagger-annotations/1.6.0/swagger-annotations-1.6.0.jar:/home/alex/Repositories/nifi/nifi-commons/nifi-site-to-site-client/target/classes:/home/alex/Repositories/nifi/nifi-commons/nifi-security-utils/target/classes:/home/alex/Repositories/nifi/nifi-commons/nifi-security-utils-api/target/classes:/home/alex/Repositories/nifi/nifi-commons/nifi-security-kms/target/classes:/home/alex/.m2/repository/org/bouncycastle/bcprov-jdk15on/1.69/bcprov-jdk15on-1.69.jar:/home/alex/.m2/repository/org/bouncycastle/bcpkix-jdk15on/1.69/bcpkix-jdk15on-1.69.jar:/home/alex/.m2/repository/org/bouncycastle/bcutil-jdk15on/1.69/bcutil-jdk15on-1.69.jar:/home/alex/.m2/repository/at/favre/lib/bcrypt/0.9.0/bcrypt-0.9.0.jar:/home/alex/.m2/repository/at/favre/lib/bytes/1.3.0/bytes-1.3.0.jar:/home/alex/.m2/repository/org/apache/commons/commons-configuration2/2.7/commons-configuration2-2.7.jar:/home/alex/.m2/repository/org/apache/httpcomponents/httpclient/4.5.5/httpclient-4.5.5.jar:/home/alex/.m2/repository/org/apache/httpcomponents/httpcore/4.4.9/httpcore-4.4.9.jar:/home/alex/.m2/repository/org/apache/httpcomponents/httpasyncclient/4.1.4/httpasyncclient-4.1.4.jar:/home/alex/.m2/repository/org/apache/httpcomponents/httpcore-nio/4.4.10/httpcore-nio-4.4.10.jar:/home/alex/Repositories/nifi/nifi-nar-bundles/nifi-framework-bundle/nifi-framework/nifi-framework-authorization/target/classes:/home/alex/Repositories/nifi/nifi-registry/nifi-registry-core/nifi-registry-data-model/target/classes:/home/alex/.m2/repository/javax/validation/validation-api/2.0.1.Final/validation-api-2.0.1.Final.jar:/home/alex/.m2/repository/javax/ws/rs/javax.ws.rs-api/2.1/javax.ws.rs-api-2.1.jar:/home/alex/Repositories/nifi/nifi-registry/nifi-registry-core/nifi-registry-revision/nifi-registry-revision-entity-model/target/classes:/home/alex/Repositories/nifi/nifi-registry/nifi-registry-core/nifi-registry-client/target/classes:/home/alex/Repositories/nifi/nifi-registry/nifi-registry-core/nifi-registry-security-utils/target/classes:/home/alex/.m2/repository/org/glassfish/jersey/core/jersey-client/2.33/jersey-client-2.33.jar:/home/alex/.m2/repository/jakarta/ws/rs/jakarta.ws.rs-api/2.1.6/jakarta.ws.rs-api-2.1.6.jar:/home/alex/.m2/repository/org/glassfish/hk2/external/jakarta.inject/2.6.1/jakarta.inject-2.6.1.jar:/home/alex/.m2/repository/org/glassfish/jersey/media/jersey-media-json-jackson/2.33/jersey-media-json-jackson-2.33.jar:/home/alex/.m2/repository/org/glassfish/jersey/ext/jersey-entity-filtering/2.33/jersey-entity-filtering-2.33.jar:/home/alex/.m2/repository/com/fasterxml/jackson/module/jackson-module-jaxb-annotations/2.11.3/jackson-module-jaxb-annotations-2.11.3.jar:/home/alex/.m2/repository/jakarta/xml/bind/jakarta.xml.bind-api/2.3.2/jakarta.xml.bind-api-2.3.2.jar:/home/alex/.m2/repository/jakarta/activation/jakarta.activation-api/1.2.1/jakarta.activation-api-1.2.1.jar:/home/alex/.m2/repository/org/glassfish/jersey/inject/jersey-hk2/2.33/jersey-hk2-2.33.jar:/home/alex/.m2/repository/org/glassfish/hk2/hk2-locator/2.6.1/hk2-locator-2.6.1.jar:/home/alex/.m2/repository/org/glassfish/hk2/external/aopalliance-repackaged/2.6.1/aopalliance-repackaged-2.6.1.jar:/home/alex/.m2/repository/org/glassfish/hk2/hk2-api/2.6.1/hk2-api-2.6.1.jar:/home/alex/.m2/repository/org/glassfish/hk2/hk2-utils/2.6.1/hk2-utils-2.6.1.jar:/home/alex/.m2/repository/org/javassist/javassist/3.25.0-GA/javassist-3.25.0-GA.jar:/home/alex/.m2/repository/org/glassfish/jersey/core/jersey-common/2.33/jersey-common-2.33.jar:/home/alex/.m2/repository/jakarta/annotation/jakarta.annotation-api/1.3.5/jakarta.annotation-api-1.3.5.jar:/home/alex/.m2/repository/org/glassfish/hk2/osgi-resource-locator/1.0.3/osgi-resource-locator-1.0.3.jar:/home/alex/.m2/repository/org/glassfish/jersey/media/jersey-media-multipart/2.33/jersey-media-multipart-2.33.jar:/home/alex/.m2/repository/org/jvnet/mimepull/mimepull/1.9.13/mimepull-1.9.13.jar:/home/alex/Repositories/nifi/nifi-commons/nifi-expression-language/target/classes:/home/alex/.m2/repository/com/jayway/jsonpath/json-path/2.6.0/json-path-2.6.0.jar:/home/alex/.m2/repository/net/minidev/json-smart/2.4.7/json-smart-2.4.7.jar:/home/alex/.m2/repository/net/minidev/accessors-smart/2.4.7/accessors-smart-2.4.7.jar:/home/alex/.m2/repository/org/ow2/asm/asm/9.1/asm-9.1.jar:/home/alex/.m2/repository/org/apache/commons/commons-text/1.8/commons-text-1.8.jar:/home/alex/Repositories/nifi/nifi-commons/nifi-data-provenance-utils/target/classes:/home/alex/.m2/repository/com/fasterxml/jackson/core/jackson-core/2.12.3/jackson-core-2.12.3.jar:/home/alex/.m2/repository/org/apache/kudu/kudu-binary/1.15.0/kudu-binary-1.15.0-linux-x86_64.jar:/home/alex/.m2/repository/org/junit/jupiter/junit-jupiter-api/5.7.2/junit-jupiter-api-5.7.2.jar:/home/alex/.m2/repository/org/apiguardian/apiguardian-api/1.1.0/apiguardian-api-1.1.0.jar:/home/alex/.m2/repository/org/opentest4j/opentest4j/1.2.0/opentest4j-1.2.0.jar:/home/alex/.m2/repository/org/junit/platform/junit-platform-commons/1.7.2/junit-platform-commons-1.7.2.jar:/home/alex/.m2/repository/org/junit/jupiter/junit-jupiter-engine/5.7.2/junit-jupiter-engine-5.7.2.jar:/home/alex/.m2/repository/org/junit/platform/junit-platform-engine/1.7.2/junit-platform-engine-1.7.2.jar:/home/alex/.m2/repository/org/junit/vintage/junit-vintage-engine/5.7.2/junit-vintage-engine-5.7.2.jar:/home/alex/.m2/repository/org/junit/jupiter/junit-jupiter-params/5.7.2/junit-jupiter-params-5.7.2.jar:/home/alex/.m2/repository/org/mockito/mockito-core/3.11.2/mockito-core-3.11.2.jar:/home/alex/.m2/repository/net/bytebuddy/byte-buddy/1.11.3/byte-buddy-1.11.3.jar:/home/alex/.m2/repository/net/bytebuddy/byte-buddy-agent/1.11.3/byte-buddy-agent-1.11.3.jar:/home/alex/.m2/repository/org/objenesis/objenesis/3.2/objenesis-3.2.jar:/home/alex/.m2/repository/org/mockito/mockito-junit-jupiter/3.11.2/mockito-junit-jupiter-3.11.2.jar:/home/alex/.m2/repository/org/slf4j/slf4j-simple/1.7.32/slf4j-simple-1.7.32.jar:/home/alex/.m2/repository/org/codehaus/groovy/groovy-test/2.5.14/groovy-test-2.5.14.jar:/home/alex/.m2/repository/org/codehaus/groovy/groovy/2.5.14/groovy-2.5.14.jar:"/>
    <property name="java.vm.vendor" value="Private Build"/>
    <property name="sun.arch.data.model" value="64"/>
    <property name="java.vendor.url" value="http://java.oracle.com/"/>
    <property name="user.timezone" value="Europe/Lisbon"/>
    <property name="java.vm.specification.version" value="1.8"/>
    <property name="os.name" value="Linux"/>
    <property name="user.country" value="US"/>
    <property name="sun.java.launcher" value="SUN_STANDARD"/>
    <property name="sun.boot.library.path" value="/usr/lib/jvm/java-8-openjdk-amd64/jre/lib/amd64"/>
    <property name="sun.java.command" value="/home/alex/Repositories/nifi/nifi-nar-bundles/nifi-kudu-bundle/nifi-kudu-processors/target/surefire/surefirebooter6127714631734944146.jar /home/alex/Repositories/nifi/nifi-nar-bundles/nifi-kudu-bundle/nifi-kudu-processors/target/surefire 2024-05-02T03-35-39_865-jvmRun1 surefire6237831464875389587tmp surefire_08592746085850645088tmp"/>
    <property name="surefire.test.class.path" value="/home/alex/Repositories/nifi/nifi-nar-bundles/nifi-kudu-bundle/nifi-kudu-processors/target/test-classes:/home/alex/Repositories/nifi/nifi-nar-bundles/nifi-kudu-bundle/nifi-kudu-processors/target/classes:/home/alex/Repositories/nifi/nifi-api/target/classes:/home/alex/Repositories/nifi/nifi-nar-bundles/nifi-extension-utils/nifi-processor-utils/target/classes:/home/alex/Repositories/nifi/nifi-commons/nifi-security-socket-ssl/target/classes:/home/alex/.m2/repository/commons-io/commons-io/2.10.0/commons-io-2.10.0.jar:/home/alex/.m2/repository/org/apache/commons/commons-lang3/3.11/commons-lang3-3.11.jar:/home/alex/.m2/repository/com/fasterxml/jackson/core/jackson-databind/2.12.3/jackson-databind-2.12.3.jar:/home/alex/.m2/repository/com/fasterxml/jackson/core/jackson-annotations/2.12.3/jackson-annotations-2.12.3.jar:/home/alex/Repositories/nifi/nifi-nar-bundles/nifi-extension-utils/nifi-event-transport/target/classes:/home/alex/.m2/repository/io/netty/netty-handler/4.1.69.Final/netty-handler-4.1.69.Final.jar:/home/alex/.m2/repository/io/netty/netty-common/4.1.69.Final/netty-common-4.1.69.Final.jar:/home/alex/.m2/repository/io/netty/netty-resolver/4.1.69.Final/netty-resolver-4.1.69.Final.jar:/home/alex/.m2/repository/io/netty/netty-buffer/4.1.69.Final/netty-buffer-4.1.69.Final.jar:/home/alex/.m2/repository/io/netty/netty-transport/4.1.69.Final/netty-transport-4.1.69.Final.jar:/home/alex/.m2/repository/io/netty/netty-codec/4.1.69.Final/netty-codec-4.1.69.Final.jar:/home/alex/Repositories/nifi/nifi-nar-bundles/nifi-standard-services/nifi-kerberos-credentials-service-api/target/classes:/home/alex/Repositories/nifi/nifi-nar-bundles/nifi-standard-services/nifi-kerberos-user-service-api/target/classes:/home/alex/Repositories/nifi/nifi-nar-bundles/nifi-standard-services/nifi-record-serialization-service-api/target/classes:/home/alex/.m2/repository/org/apache/kudu/kudu-client/1.15.0/kudu-client-1.15.0.jar:/home/alex/.m2/repository/com/stumbleupon/async/1.4.1/async-1.4.1.jar:/home/alex/.m2/repository/org/slf4j/slf4j-api/1.7.32/slf4j-api-1.7.32.jar:/home/alex/Repositories/nifi/nifi-commons/nifi-utils/target/classes:/home/alex/Repositories/nifi/nifi-commons/nifi-record/target/classes:/home/alex/Repositories/nifi/nifi-commons/nifi-record-path/target/classes:/home/alex/Repositories/nifi/nifi-commons/nifi-properties/target/classes:/home/alex/Repositories/nifi/nifi-commons/nifi-property-utils/target/classes:/home/alex/Repositories/nifi/nifi-commons/nifi-uuid5/target/classes:/home/alex/.m2/repository/org/antlr/antlr-runtime/3.5.2/antlr-runtime-3.5.2.jar:/home/alex/.m2/repository/com/github/ben-manes/caffeine/caffeine/2.8.1/caffeine-2.8.1.jar:/home/alex/.m2/repository/org/checkerframework/checker-qual/3.1.0/checker-qual-3.1.0.jar:/home/alex/.m2/repository/com/google/errorprone/error_prone_annotations/2.3.4/error_prone_annotations-2.3.4.jar:/home/alex/.m2/repository/commons-codec/commons-codec/1.14/commons-codec-1.14.jar:/home/alex/Repositories/nifi/nifi-commons/nifi-security-kerberos/target/classes:/home/alex/Repositories/nifi/nifi-commons/nifi-security-kerberos-api/target/classes:/home/alex/.m2/repository/org/apache/kudu/kudu-test-utils/1.15.0/kudu-test-utils-1.15.0.jar:/home/alex/.m2/repository/junit/junit/4.13.2/junit-4.13.2.jar:/home/alex/.m2/repository/org/hamcrest/hamcrest/2.2/hamcrest-2.2.jar:/home/alex/Repositories/nifi/nifi-nar-bundles/nifi-extension-utils/nifi-record-utils/nifi-mock-record-utils/target/classes:/home/alex/Repositories/nifi/nifi-mock/target/classes:/home/alex/Repositories/nifi/nifi-framework-api/target/classes:/home/alex/Repositories/nifi/nifi-commons/nifi-parameter/target/classes:/home/alex/Repositories/nifi/nifi-nar-bundles/nifi-framework-bundle/nifi-framework/nifi-framework-core-api/target/classes:/home/alex/Repositories/nifi/nifi-nar-bundles/nifi-framework-bundle/nifi-framework/nifi-framework-nar-utils/target/classes:/home/alex/Repositories/nifi/nifi-nar-bundles/nifi-framework-bundle/nifi-framework/nifi-client-dto/target/classes:/home/alex/.m2/repository/io/swagger/swagger-annotations/1.6.0/swagger-annotations-1.6.0.jar:/home/alex/Repositories/nifi/nifi-commons/nifi-site-to-site-client/target/classes:/home/alex/Repositories/nifi/nifi-commons/nifi-security-utils/target/classes:/home/alex/Repositories/nifi/nifi-commons/nifi-security-utils-api/target/classes:/home/alex/Repositories/nifi/nifi-commons/nifi-security-kms/target/classes:/home/alex/.m2/repository/org/bouncycastle/bcprov-jdk15on/1.69/bcprov-jdk15on-1.69.jar:/home/alex/.m2/repository/org/bouncycastle/bcpkix-jdk15on/1.69/bcpkix-jdk15on-1.69.jar:/home/alex/.m2/repository/org/bouncycastle/bcutil-jdk15on/1.69/bcutil-jdk15on-1.69.jar:/home/alex/.m2/repository/at/favre/lib/bcrypt/0.9.0/bcrypt-0.9.0.jar:/home/alex/.m2/repository/at/favre/lib/bytes/1.3.0/bytes-1.3.0.jar:/home/alex/.m2/repository/org/apache/commons/commons-configuration2/2.7/commons-configuration2-2.7.jar:/home/alex/.m2/repository/org/apache/httpcomponents/httpclient/4.5.5/httpclient-4.5.5.jar:/home/alex/.m2/repository/org/apache/httpcomponents/httpcore/4.4.9/httpcore-4.4.9.jar:/home/alex/.m2/repository/org/apache/httpcomponents/httpasyncclient/4.1.4/httpasyncclient-4.1.4.jar:/home/alex/.m2/repository/org/apache/httpcomponents/httpcore-nio/4.4.10/httpcore-nio-4.4.10.jar:/home/alex/Repositories/nifi/nifi-nar-bundles/nifi-framework-bundle/nifi-framework/nifi-framework-authorization/target/classes:/home/alex/Repositories/nifi/nifi-registry/nifi-registry-core/nifi-registry-data-model/target/classes:/home/alex/.m2/repository/javax/validation/validation-api/2.0.1.Final/validation-api-2.0.1.Final.jar:/home/alex/.m2/repository/javax/ws/rs/javax.ws.rs-api/2.1/javax.ws.rs-api-2.1.jar:/home/alex/Repositories/nifi/nifi-registry/nifi-registry-core/nifi-registry-revision/nifi-registry-revision-entity-model/target/classes:/home/alex/Repositories/nifi/nifi-registry/nifi-registry-core/nifi-registry-client/target/classes:/home/alex/Repositories/nifi/nifi-registry/nifi-registry-core/nifi-registry-security-utils/target/classes:/home/alex/.m2/repository/org/glassfish/jersey/core/jersey-client/2.33/jersey-client-2.33.jar:/home/alex/.m2/repository/jakarta/ws/rs/jakarta.ws.rs-api/2.1.6/jakarta.ws.rs-api-2.1.6.jar:/home/alex/.m2/repository/org/glassfish/hk2/external/jakarta.inject/2.6.1/jakarta.inject-2.6.1.jar:/home/alex/.m2/repository/org/glassfish/jersey/media/jersey-media-json-jackson/2.33/jersey-media-json-jackson-2.33.jar:/home/alex/.m2/repository/org/glassfish/jersey/ext/jersey-entity-filtering/2.33/jersey-entity-filtering-2.33.jar:/home/alex/.m2/repository/com/fasterxml/jackson/module/jackson-module-jaxb-annotations/2.11.3/jackson-module-jaxb-annotations-2.11.3.jar:/home/alex/.m2/repository/jakarta/xml/bind/jakarta.xml.bind-api/2.3.2/jakarta.xml.bind-api-2.3.2.jar:/home/alex/.m2/repository/jakarta/activation/jakarta.activation-api/1.2.1/jakarta.activation-api-1.2.1.jar:/home/alex/.m2/repository/org/glassfish/jersey/inject/jersey-hk2/2.33/jersey-hk2-2.33.jar:/home/alex/.m2/repository/org/glassfish/hk2/hk2-locator/2.6.1/hk2-locator-2.6.1.jar:/home/alex/.m2/repository/org/glassfish/hk2/external/aopalliance-repackaged/2.6.1/aopalliance-repackaged-2.6.1.jar:/home/alex/.m2/repository/org/glassfish/hk2/hk2-api/2.6.1/hk2-api-2.6.1.jar:/home/alex/.m2/repository/org/glassfish/hk2/hk2-utils/2.6.1/hk2-utils-2.6.1.jar:/home/alex/.m2/repository/org/javassist/javassist/3.25.0-GA/javassist-3.25.0-GA.jar:/home/alex/.m2/repository/org/glassfish/jersey/core/jersey-common/2.33/jersey-common-2.33.jar:/home/alex/.m2/repository/jakarta/annotation/jakarta.annotation-api/1.3.5/jakarta.annotation-api-1.3.5.jar:/home/alex/.m2/repository/org/glassfish/hk2/osgi-resource-locator/1.0.3/osgi-resource-locator-1.0.3.jar:/home/alex/.m2/repository/org/glassfish/jersey/media/jersey-media-multipart/2.33/jersey-media-multipart-2.33.jar:/home/alex/.m2/repository/org/jvnet/mimepull/mimepull/1.9.13/mimepull-1.9.13.jar:/home/alex/Repositories/nifi/nifi-commons/nifi-expression-language/target/classes:/home/alex/.m2/repository/com/jayway/jsonpath/json-path/2.6.0/json-path-2.6.0.jar:/home/alex/.m2/repository/net/minidev/json-smart/2.4.7/json-smart-2.4.7.jar:/home/alex/.m2/repository/net/minidev/accessors-smart/2.4.7/accessors-smart-2.4.7.jar:/home/alex/.m2/repository/org/ow2/asm/asm/9.1/asm-9.1.jar:/home/alex/.m2/repository/org/apache/commons/commons-text/1.8/commons-text-1.8.jar:/home/alex/Repositories/nifi/nifi-commons/nifi-data-provenance-utils/target/classes:/home/alex/.m2/repository/com/fasterxml/jackson/core/jackson-core/2.12.3/jackson-core-2.12.3.jar:/home/alex/.m2/repository/org/apache/kudu/kudu-binary/1.15.0/kudu-binary-1.15.0-linux-x86_64.jar:/home/alex/.m2/repository/org/junit/jupiter/junit-jupiter-api/5.7.2/junit-jupiter-api-5.7.2.jar:/home/alex/.m2/repository/org/apiguardian/apiguardian-api/1.1.0/apiguardian-api-1.1.0.jar:/home/alex/.m2/repository/org/opentest4j/opentest4j/1.2.0/opentest4j-1.2.0.jar:/home/alex/.m2/repository/org/junit/platform/junit-platform-commons/1.7.2/junit-platform-commons-1.7.2.jar:/home/alex/.m2/repository/org/junit/jupiter/junit-jupiter-engine/5.7.2/junit-jupiter-engine-5.7.2.jar:/home/alex/.m2/repository/org/junit/platform/junit-platform-engine/1.7.2/junit-platform-engine-1.7.2.jar:/home/alex/.m2/repository/org/junit/vintage/junit-vintage-engine/5.7.2/junit-vintage-engine-5.7.2.jar:/home/alex/.m2/repository/org/junit/jupiter/junit-jupiter-params/5.7.2/junit-jupiter-params-5.7.2.jar:/home/alex/.m2/repository/org/mockito/mockito-core/3.11.2/mockito-core-3.11.2.jar:/home/alex/.m2/repository/net/bytebuddy/byte-buddy/1.11.3/byte-buddy-1.11.3.jar:/home/alex/.m2/repository/net/bytebuddy/byte-buddy-agent/1.11.3/byte-buddy-agent-1.11.3.jar:/home/alex/.m2/repository/org/objenesis/objenesis/3.2/objenesis-3.2.jar:/home/alex/.m2/repository/org/mockito/mockito-junit-jupiter/3.11.2/mockito-junit-jupiter-3.11.2.jar:/home/alex/.m2/repository/org/slf4j/slf4j-simple/1.7.32/slf4j-simple-1.7.32.jar:/home/alex/.m2/repository/org/codehaus/groovy/groovy-test/2.5.14/groovy-test-2.5.14.jar:/home/alex/.m2/repository/org/codehaus/groovy/groovy/2.5.14/groovy-2.5.14.jar:"/>
    <property name="sun.cpu.endian" value="little"/>
    <property name="user.home" value="/home/alex"/>
    <property name="user.language" value="en"/>
    <property name="java.specification.vendor" value="Oracle Corporation"/>
    <property name="java.home" value="/usr/lib/jvm/java-8-openjdk-amd64/jre"/>
    <property name="basedir" value="/home/alex/Repositories/nifi/nifi-nar-bundles/nifi-kudu-bundle/nifi-kudu-processors"/>
    <property name="file.separator" value="/"/>
    <property name="line.separator" value="&#10;"/>
    <property name="java.vm.specification.vendor" value="Oracle Corporation"/>
    <property name="java.specification.name" value="Java Platform API Specification"/>
    <property name="java.awt.graphicsenv" value="sun.awt.X11GraphicsEnvironment"/>
    <property name="java.awt.headless" value="true"/>
    <property name="surefire.real.class.path" value="/home/alex/Repositories/nifi/nifi-nar-bundles/nifi-kudu-bundle/nifi-kudu-processors/target/surefire/surefirebooter6127714631734944146.jar"/>
    <property name="sun.boot.class.path" value="/usr/lib/jvm/java-8-openjdk-amd64/jre/lib/resources.jar:/usr/lib/jvm/java-8-openjdk-amd64/jre/lib/rt.jar:/usr/lib/jvm/java-8-openjdk-amd64/jre/lib/sunrsasign.jar:/usr/lib/jvm/java-8-openjdk-amd64/jre/lib/jsse.jar:/usr/lib/jvm/java-8-openjdk-amd64/jre/lib/jce.jar:/usr/lib/jvm/java-8-openjdk-amd64/jre/lib/charsets.jar:/usr/lib/jvm/java-8-openjdk-amd64/jre/lib/jfr.jar:/usr/lib/jvm/java-8-openjdk-amd64/jre/classes"/>
    <property name="sun.management.compiler" value="HotSpot 64-Bit Tiered Compilers"/>
    <property name="java.runtime.version" value="1.8.0_402-8u402-ga-2ubuntu1~22.04-b06"/>
    <property name="java.net.preferIPv4Stack" value="true"/>
    <property name="user.name" value="alex"/>
    <property name="path.separator" value=":"/>
    <property name="os.version" value="6.5.0-28-generic"/>
    <property name="java.endorsed.dirs" value="/usr/lib/jvm/java-8-openjdk-amd64/jre/lib/endorsed"/>
    <property name="java.runtime.name" value="OpenJDK Runtime Environment"/>
    <property name="file.encoding" value="UTF-8"/>
    <property name="java.vm.name" value="OpenJDK 64-Bit Server VM"/>
    <property name="localRepository" value="/home/alex/.m2/repository"/>
    <property name="java.vendor.url.bug" value="http://bugreport.sun.com/bugreport/"/>
    <property name="java.io.tmpdir" value="/tmp"/>
    <property name="java.version" value="1.8.0_402"/>
    <property name="user.dir" value="/home/alex/Repositories/nifi/nifi-nar-bundles/nifi-kudu-bundle/nifi-kudu-processors"/>
    <property name="os.arch" value="amd64"/>
    <property name="java.vm.specification.name" value="Java Virtual Machine Specification"/>
    <property name="java.awt.printerjob" value="sun.print.PSPrinterJob"/>
    <property name="sun.os.patch.level" value="unknown"/>
    <property name="java.library.path" value="/usr/java/packages/lib/amd64:/usr/lib/x86_64-linux-gnu/jni:/lib/x86_64-linux-gnu:/usr/lib/x86_64-linux-gnu:/usr/lib/jni:/lib:/usr/lib"/>
    <property name="java.vm.info" value="mixed mode"/>
    <property name="java.vendor" value="Private Build"/>
    <property name="java.vm.version" value="25.402-b06"/>
    <property name="java.specification.maintenance.version" value="5"/>
    <property name="java.ext.dirs" value="/usr/lib/jvm/java-8-openjdk-amd64/jre/lib/ext:/usr/java/packages/lib/ext"/>
    <property name="sun.io.unicode.encoding" value="UnicodeLittle"/>
    <property name="java.class.version" value="52.0"/>
  </properties>
  <testcase name="testBuildPartialRowLowercaseFields" classname="org.apache.nifi.processors.kudu.TestPutKudu" time="0.591"/>
  <testcase name="testValidSchemaShouldBeSuccessful" classname="org.apache.nifi.processors.kudu.TestPutKudu" time="0.271"/>
  <testcase name="testAddingMissingFieldsWhenHandleSchemaDriftIsAllowed" classname="org.apache.nifi.processors.kudu.TestPutKudu" time="0.046">
    <system-err><![CDATA[[pool-3-thread-1] INFO org.apache.nifi.processors.kudu.MockPutKudu - MockPutKudu[id=e4bfa6d5-1057-4ffa-ad5b-a263e65ba2b0] Adding 6 columns to table 'null' to handle schema drift
]]></system-err>
  </testcase>
  <testcase name="testBuildPartialRowLowercaseFieldsFalse" classname="org.apache.nifi.processors.kudu.TestPutKudu" time="0.002"/>
  <testcase name="testBuildPartialRowNullable" classname="org.apache.nifi.processors.kudu.TestPutKudu" time="0.002"/>
  <testcase name="testBuildPartialRowWithDateDefaultTimeZone" classname="org.apache.nifi.processors.kudu.TestPutKudu" time="0.035"/>
  <testcase name="testBuildPartialRowLowercaseFieldsKuduUpperFail" classname="org.apache.nifi.processors.kudu.TestPutKudu" time="0.002"/>
  <testcase name="testCustomValidate" classname="org.apache.nifi.processors.kudu.TestPutKudu" time="0.022"/>
  <testcase name="testMissingColumnInReader" classname="org.apache.nifi.processors.kudu.TestPutKudu" time="0.047">
    <system-err><![CDATA[[pool-4-thread-1] ERROR org.apache.nifi.processors.kudu.MockPutKudu - MockPutKudu[id=29158d6b-7653-4026-85de-b7b115bb297b] Failed to push FlowFile[0,testMissingColumnInReader-1714617341608,7B] to Kudu: java.lang.ArrayIndexOutOfBoundsException: 3
java.lang.ArrayIndexOutOfBoundsException: 3
	at org.apache.nifi.serialization.record.MockRecordParser$1.nextRecord(MockRecordParser.java:106)
	at org.apache.nifi.serialization.RecordReader.nextRecord(RecordReader.java:50)
	at org.apache.nifi.serialization.RecordReader$1.next(RecordReader.java:96)
	at org.apache.nifi.processors.kudu.PutKudu.processRecords(PutKudu.java:432)
	at org.apache.nifi.processors.kudu.PutKudu.processFlowFiles(PutKudu.java:372)
	at org.apache.nifi.processors.kudu.PutKudu.lambda$onTrigger$0(PutKudu.java:351)
	at org.apache.nifi.processors.kudu.MockPutKudu.executeOnKuduClient(MockPutKudu.java:140)
	at org.apache.nifi.processors.kudu.PutKudu.onTrigger(PutKudu.java:351)
	at org.apache.nifi.processor.AbstractProcessor.onTrigger(AbstractProcessor.java:27)
	at org.apache.nifi.util.StandardProcessorTestRunner$RunProcessor.call(StandardProcessorTestRunner.java:284)
	at org.apache.nifi.util.StandardProcessorTestRunner$RunProcessor.call(StandardProcessorTestRunner.java:278)
	at java.util.concurrent.FutureTask.run(FutureTask.java:266)
	at java.util.concurrent.ScheduledThreadPoolExecutor$ScheduledFutureTask.access$201(ScheduledThreadPoolExecutor.java:180)
	at java.util.concurrent.ScheduledThreadPoolExecutor$ScheduledFutureTask.run(ScheduledThreadPoolExecutor.java:293)
	at java.util.concurrent.ThreadPoolExecutor.runWorker(ThreadPoolExecutor.java:1149)
	at java.util.concurrent.ThreadPoolExecutor$Worker.run(ThreadPoolExecutor.java:624)
	at java.lang.Thread.run(Thread.java:750)
[pool-4-thread-1] ERROR org.apache.nifi.processors.kudu.MockPutKudu - MockPutKudu[id=29158d6b-7653-4026-85de-b7b115bb297b] Failed to write due to java.lang.ArrayIndexOutOfBoundsException: 3: java.lang.ArrayIndexOutOfBoundsException: 3
java.lang.ArrayIndexOutOfBoundsException: 3
	at org.apache.nifi.serialization.record.MockRecordParser$1.nextRecord(MockRecordParser.java:106)
	at org.apache.nifi.serialization.RecordReader.nextRecord(RecordReader.java:50)
	at org.apache.nifi.serialization.RecordReader$1.next(RecordReader.java:96)
	at org.apache.nifi.processors.kudu.PutKudu.processRecords(PutKudu.java:432)
	at org.apache.nifi.processors.kudu.PutKudu.processFlowFiles(PutKudu.java:372)
	at org.apache.nifi.processors.kudu.PutKudu.lambda$onTrigger$0(PutKudu.java:351)
	at org.apache.nifi.processors.kudu.MockPutKudu.executeOnKuduClient(MockPutKudu.java:140)
	at org.apache.nifi.processors.kudu.PutKudu.onTrigger(PutKudu.java:351)
	at org.apache.nifi.processor.AbstractProcessor.onTrigger(AbstractProcessor.java:27)
	at org.apache.nifi.util.StandardProcessorTestRunner$RunProcessor.call(StandardProcessorTestRunner.java:284)
	at org.apache.nifi.util.StandardProcessorTestRunner$RunProcessor.call(StandardProcessorTestRunner.java:278)
	at java.util.concurrent.FutureTask.run(FutureTask.java:266)
	at java.util.concurrent.ScheduledThreadPoolExecutor$ScheduledFutureTask.access$201(ScheduledThreadPoolExecutor.java:180)
	at java.util.concurrent.ScheduledThreadPoolExecutor$ScheduledFutureTask.run(ScheduledThreadPoolExecutor.java:293)
	at java.util.concurrent.ThreadPoolExecutor.runWorker(ThreadPoolExecutor.java:1149)
	at java.util.concurrent.ThreadPoolExecutor$Worker.run(ThreadPoolExecutor.java:624)
	at java.lang.Thread.run(Thread.java:750)
]]></system-err>
  </testcase>
  <testcase name="testKuduPartialFailuresOnAutoFlushBackground" classname="org.apache.nifi.processors.kudu.TestPutKudu" time="0.219">
    <system-err><![CDATA[[pool-5-thread-1] ERROR org.apache.nifi.processors.kudu.MockPutKudu - MockPutKudu[id=647176e5-75bc-4aa7-9b1a-74b8a7de009f] Failed to write due to Mock for RowError, hashCode: 1261093777
[pool-5-thread-1] ERROR org.apache.nifi.processors.kudu.MockPutKudu - MockPutKudu[id=647176e5-75bc-4aa7-9b1a-74b8a7de009f] Failed to write due to Mock for RowError, hashCode: 1746122762
[pool-5-thread-1] ERROR org.apache.nifi.processors.kudu.MockPutKudu - MockPutKudu[id=647176e5-75bc-4aa7-9b1a-74b8a7de009f] Failed to push FlowFile[3,97761685835248.mockFlowFile,0B] to Kudu: Mock for KuduException, hashCode: 1103552751
[pool-5-thread-1] ERROR org.apache.nifi.processors.kudu.MockPutKudu - MockPutKudu[id=647176e5-75bc-4aa7-9b1a-74b8a7de009f] Failed to write due to Mock for KuduException, hashCode: 1103552751: Mock for KuduException, hashCode: 1103552751
[pool-6-thread-1] ERROR org.apache.nifi.processors.kudu.MockPutKudu - MockPutKudu[id=983cbdf5-5541-4232-bc24-5225289c25b7] Failed to write due to Mock for RowError, hashCode: 274324332
[pool-6-thread-1] ERROR org.apache.nifi.processors.kudu.MockPutKudu - MockPutKudu[id=983cbdf5-5541-4232-bc24-5225289c25b7] Failed to write due to Mock for RowError, hashCode: 1722937160
[pool-6-thread-1] ERROR org.apache.nifi.processors.kudu.MockPutKudu - MockPutKudu[id=983cbdf5-5541-4232-bc24-5225289c25b7] Failed to push FlowFile[3,97761699639285.mockFlowFile,0B] to Kudu: Mock for KuduException, hashCode: 853239805
[pool-6-thread-1] ERROR org.apache.nifi.processors.kudu.MockPutKudu - MockPutKudu[id=983cbdf5-5541-4232-bc24-5225289c25b7] Failed to write due to Mock for KuduException, hashCode: 853239805: Mock for KuduException, hashCode: 853239805
[pool-7-thread-1] ERROR org.apache.nifi.processors.kudu.MockPutKudu - MockPutKudu[id=e5b045d3-d45d-4406-8242-9d6261d98a84] Failed to write due to Mock for RowError, hashCode: 1675738621
[pool-7-thread-1] ERROR org.apache.nifi.processors.kudu.MockPutKudu - MockPutKudu[id=e5b045d3-d45d-4406-8242-9d6261d98a84] Failed to write due to Mock for RowError, hashCode: 1801152203
[pool-7-thread-1] ERROR org.apache.nifi.processors.kudu.MockPutKudu - MockPutKudu[id=e5b045d3-d45d-4406-8242-9d6261d98a84] Failed to push FlowFile[3,97761711063778.mockFlowFile,0B] to Kudu: Mock for KuduException, hashCode: 752111066
[pool-7-thread-1] ERROR org.apache.nifi.processors.kudu.MockPutKudu - MockPutKudu[id=e5b045d3-d45d-4406-8242-9d6261d98a84] Failed to write due to Mock for KuduException, hashCode: 752111066: Mock for KuduException, hashCode: 752111066
[pool-8-thread-1] ERROR org.apache.nifi.processors.kudu.MockPutKudu - MockPutKudu[id=c81bbf07-86d4-4983-82e4-d3788af61e9a] Failed to push FlowFile[3,97761721895764.mockFlowFile,0B] to Kudu: Mock for KuduException, hashCode: 329371782
[pool-8-thread-1] ERROR org.apache.nifi.processors.kudu.MockPutKudu - MockPutKudu[id=c81bbf07-86d4-4983-82e4-d3788af61e9a] Failed to write due to Mock for RowError, hashCode: 671681696
[pool-8-thread-1] ERROR org.apache.nifi.processors.kudu.MockPutKudu - MockPutKudu[id=c81bbf07-86d4-4983-82e4-d3788af61e9a] Failed to write due to Mock for RowError, hashCode: 46985805
[pool-8-thread-1] ERROR org.apache.nifi.processors.kudu.MockPutKudu - MockPutKudu[id=c81bbf07-86d4-4983-82e4-d3788af61e9a] Failed to write due to Mock for KuduException, hashCode: 329371782: Mock for KuduException, hashCode: 329371782
[pool-9-thread-1] ERROR org.apache.nifi.processors.kudu.MockPutKudu - MockPutKudu[id=f1c2e99c-09ab-4a59-8d3e-694b73d866ad] Failed to push FlowFile[3,97761731516277.mockFlowFile,0B] to Kudu: Mock for KuduException, hashCode: 1773929376
[pool-9-thread-1] ERROR org.apache.nifi.processors.kudu.MockPutKudu - MockPutKudu[id=f1c2e99c-09ab-4a59-8d3e-694b73d866ad] Failed to write due to Mock for RowError, hashCode: 1474895786
[pool-9-thread-1] ERROR org.apache.nifi.processors.kudu.MockPutKudu - MockPutKudu[id=f1c2e99c-09ab-4a59-8d3e-694b73d866ad] Failed to write due to Mock for RowError, hashCode: 35668281
[pool-9-thread-1] ERROR org.apache.nifi.processors.kudu.MockPutKudu - MockPutKudu[id=f1c2e99c-09ab-4a59-8d3e-694b73d866ad] Failed to write due to Mock for KuduException, hashCode: 1773929376: Mock for KuduException, hashCode: 1773929376
[pool-10-thread-1] ERROR org.apache.nifi.processors.kudu.MockPutKudu - MockPutKudu[id=83bf4419-2f94-47be-9970-ebdda0a3a6b4] Failed to push FlowFile[3,97761740077592.mockFlowFile,0B] to Kudu: Mock for KuduException, hashCode: 1922268292
[pool-10-thread-1] ERROR org.apache.nifi.processors.kudu.MockPutKudu - MockPutKudu[id=83bf4419-2f94-47be-9970-ebdda0a3a6b4] Failed to write due to Mock for RowError, hashCode: 1631338674
[pool-10-thread-1] ERROR org.apache.nifi.processors.kudu.MockPutKudu - MockPutKudu[id=83bf4419-2f94-47be-9970-ebdda0a3a6b4] Failed to write due to Mock for RowError, hashCode: 1535896590
[pool-10-thread-1] ERROR org.apache.nifi.processors.kudu.MockPutKudu - MockPutKudu[id=83bf4419-2f94-47be-9970-ebdda0a3a6b4] Failed to write due to Mock for KuduException, hashCode: 1922268292: Mock for KuduException, hashCode: 1922268292
[pool-11-thread-1] ERROR org.apache.nifi.processors.kudu.MockPutKudu - MockPutKudu[id=d5ad3f54-22c1-4ef8-a2f0-489bd41ea8c8] Failed to push FlowFile[3,97761749728437.mockFlowFile,0B] to Kudu: Mock for KuduException, hashCode: 967852585
[pool-11-thread-1] ERROR org.apache.nifi.processors.kudu.MockPutKudu - MockPutKudu[id=d5ad3f54-22c1-4ef8-a2f0-489bd41ea8c8] Failed to write due to Mock for RowError, hashCode: 1107690061
[pool-11-thread-1] ERROR org.apache.nifi.processors.kudu.MockPutKudu - MockPutKudu[id=d5ad3f54-22c1-4ef8-a2f0-489bd41ea8c8] Failed to write due to Mock for RowError, hashCode: 1899156096
[pool-11-thread-1] ERROR org.apache.nifi.processors.kudu.MockPutKudu - MockPutKudu[id=d5ad3f54-22c1-4ef8-a2f0-489bd41ea8c8] Failed to write due to Mock for KuduException, hashCode: 967852585: Mock for KuduException, hashCode: 967852585
[pool-12-thread-1] ERROR org.apache.nifi.processors.kudu.MockPutKudu - MockPutKudu[id=1d857584-6deb-49db-8e81-5457b8520ab8] Failed to push FlowFile[3,97761759247672.mockFlowFile,0B] to Kudu: Mock for KuduException, hashCode: 617251155
[pool-12-thread-1] ERROR org.apache.nifi.processors.kudu.MockPutKudu - MockPutKudu[id=1d857584-6deb-49db-8e81-5457b8520ab8] Failed to write due to Mock for RowError, hashCode: 897228796
[pool-12-thread-1] ERROR org.apache.nifi.processors.kudu.MockPutKudu - MockPutKudu[id=1d857584-6deb-49db-8e81-5457b8520ab8] Failed to write due to Mock for RowError, hashCode: 1026819452
[pool-12-thread-1] ERROR org.apache.nifi.processors.kudu.MockPutKudu - MockPutKudu[id=1d857584-6deb-49db-8e81-5457b8520ab8] Failed to write due to Mock for KuduException, hashCode: 617251155: Mock for KuduException, hashCode: 617251155
[pool-13-thread-1] ERROR org.apache.nifi.processors.kudu.MockPutKudu - MockPutKudu[id=564b9ba0-7164-4e06-b520-cc98c4c740dd] Failed to push FlowFile[3,97761769706208.mockFlowFile,0B] to Kudu: Mock for KuduException, hashCode: 1907112164
[pool-13-thread-1] ERROR org.apache.nifi.processors.kudu.MockPutKudu - MockPutKudu[id=564b9ba0-7164-4e06-b520-cc98c4c740dd] Failed to write due to Mock for RowError, hashCode: 657140399
[pool-13-thread-1] ERROR org.apache.nifi.processors.kudu.MockPutKudu - MockPutKudu[id=564b9ba0-7164-4e06-b520-cc98c4c740dd] Failed to write due to Mock for RowError, hashCode: 330358304
[pool-13-thread-1] ERROR org.apache.nifi.processors.kudu.MockPutKudu - MockPutKudu[id=564b9ba0-7164-4e06-b520-cc98c4c740dd] Failed to write due to Mock for KuduException, hashCode: 1907112164: Mock for KuduException, hashCode: 1907112164
[pool-14-thread-1] ERROR org.apache.nifi.processors.kudu.MockPutKudu - MockPutKudu[id=8389f6f1-b4e3-4af1-b821-2ec3fc51611b] Failed to push FlowFile[3,97761779602621.mockFlowFile,0B] to Kudu: Mock for KuduException, hashCode: 1339550361
[pool-14-thread-1] ERROR org.apache.nifi.processors.kudu.MockPutKudu - MockPutKudu[id=8389f6f1-b4e3-4af1-b821-2ec3fc51611b] Failed to write due to Mock for RowError, hashCode: 2113608758
[pool-14-thread-1] ERROR org.apache.nifi.processors.kudu.MockPutKudu - MockPutKudu[id=8389f6f1-b4e3-4af1-b821-2ec3fc51611b] Failed to write due to Mock for RowError, hashCode: 1320060233
[pool-14-thread-1] ERROR org.apache.nifi.processors.kudu.MockPutKudu - MockPutKudu[id=8389f6f1-b4e3-4af1-b821-2ec3fc51611b] Failed to write due to Mock for KuduException, hashCode: 1339550361: Mock for KuduException, hashCode: 1339550361
[pool-15-thread-1] ERROR org.apache.nifi.processors.kudu.MockPutKudu - MockPutKudu[id=da840257-b012-4feb-a1a9-da63afef791e] Failed to push FlowFile[3,97761789585150.mockFlowFile,0B] to Kudu: Mock for KuduException, hashCode: 673910842
[pool-15-thread-1] ERROR org.apache.nifi.processors.kudu.MockPutKudu - MockPutKudu[id=da840257-b012-4feb-a1a9-da63afef791e] Failed to write due to Mock for RowError, hashCode: 624412950
[pool-15-thread-1] ERROR org.apache.nifi.processors.kudu.MockPutKudu - MockPutKudu[id=da840257-b012-4feb-a1a9-da63afef791e] Failed to write due to Mock for RowError, hashCode: 960797855
[pool-15-thread-1] ERROR org.apache.nifi.processors.kudu.MockPutKudu - MockPutKudu[id=da840257-b012-4feb-a1a9-da63afef791e] Failed to write due to Mock for KuduException, hashCode: 673910842: Mock for KuduException, hashCode: 673910842
]]></system-err>
  </testcase>
  <testcase name="testBuildPartialRowLowercaseFieldsKuduUpper" classname="org.apache.nifi.processors.kudu.TestPutKudu" time="0.001"/>
  <testcase name="testDeleteFlowFiles" classname="org.apache.nifi.processors.kudu.TestPutKudu" time="0.106"/>
  <testcase name="testBuildRow" classname="org.apache.nifi.processors.kudu.TestPutKudu" time="0.001"/>
  <testcase name="testBuildPartialRowWithDate" classname="org.apache.nifi.processors.kudu.TestPutKudu" time="0.002"/>
  <testcase name="testInsecureClient" classname="org.apache.nifi.processors.kudu.TestPutKudu" time="0.003"/>
  <testcase name="testUpdateFlowFiles" classname="org.apache.nifi.processors.kudu.TestPutKudu" time="0.038"/>
  <testcase name="testBuildPartialRowNullPrimaryKey" classname="org.apache.nifi.processors.kudu.TestPutKudu" time="0.001"/>
  <testcase name="testBuildPartialRowWithDateString" classname="org.apache.nifi.processors.kudu.TestPutKudu" time="0"/>
  <testcase name="testReadAsStringAndWriteAsInt" classname="org.apache.nifi.processors.kudu.TestPutKudu" time="0.003"/>
  <testcase name="testBuildPartialRowNotNullable" classname="org.apache.nifi.processors.kudu.TestPutKudu" time="0.001"/>
  <testcase name="testUpsertFlowFiles" classname="org.apache.nifi.processors.kudu.TestPutKudu" time="0.044"/>
  <testcase name="testKuduPartialFailuresOnManualFlush" classname="org.apache.nifi.processors.kudu.TestPutKudu" time="0.053">
    <system-err><![CDATA[[pool-22-thread-1] ERROR org.apache.nifi.processors.kudu.MockPutKudu - MockPutKudu[id=5b4e0218-0d49-4b75-8556-27fcce205e4a] Failed to write due to Mock for RowError, hashCode: 998077151
[pool-22-thread-1] ERROR org.apache.nifi.processors.kudu.MockPutKudu - MockPutKudu[id=5b4e0218-0d49-4b75-8556-27fcce205e4a] Failed to write due to Mock for RowError, hashCode: 1532136848
[pool-22-thread-1] ERROR org.apache.nifi.processors.kudu.MockPutKudu - MockPutKudu[id=5b4e0218-0d49-4b75-8556-27fcce205e4a] Failed to push FlowFile[3,97761998438078.mockFlowFile,0B] to Kudu: Mock for KuduException, hashCode: 1684946182
[pool-22-thread-1] ERROR org.apache.nifi.processors.kudu.MockPutKudu - MockPutKudu[id=5b4e0218-0d49-4b75-8556-27fcce205e4a] Failed to write due to Mock for KuduException, hashCode: 1684946182: Mock for KuduException, hashCode: 1684946182
[pool-23-thread-1] ERROR org.apache.nifi.processors.kudu.MockPutKudu - MockPutKudu[id=4e43a466-10d4-44cd-b921-51438ad6f98a] Failed to write due to Mock for RowError, hashCode: 369374775
[pool-23-thread-1] ERROR org.apache.nifi.processors.kudu.MockPutKudu - MockPutKudu[id=4e43a466-10d4-44cd-b921-51438ad6f98a] Failed to write due to Mock for RowError, hashCode: 2026977249
[pool-23-thread-1] ERROR org.apache.nifi.processors.kudu.MockPutKudu - MockPutKudu[id=4e43a466-10d4-44cd-b921-51438ad6f98a] Failed to push FlowFile[3,97762004091661.mockFlowFile,0B] to Kudu: Mock for KuduException, hashCode: 1278977022
[pool-23-thread-1] ERROR org.apache.nifi.processors.kudu.MockPutKudu - MockPutKudu[id=4e43a466-10d4-44cd-b921-51438ad6f98a] Failed to write due to Mock for KuduException, hashCode: 1278977022: Mock for KuduException, hashCode: 1278977022
[pool-24-thread-1] ERROR org.apache.nifi.processors.kudu.MockPutKudu - MockPutKudu[id=1c7add24-f0eb-497c-bf8d-5cd61c17a943] Failed to write due to Mock for RowError, hashCode: 1114480841
[pool-24-thread-1] ERROR org.apache.nifi.processors.kudu.MockPutKudu - MockPutKudu[id=1c7add24-f0eb-497c-bf8d-5cd61c17a943] Failed to write due to Mock for RowError, hashCode: 661606033
[pool-24-thread-1] ERROR org.apache.nifi.processors.kudu.MockPutKudu - MockPutKudu[id=1c7add24-f0eb-497c-bf8d-5cd61c17a943] Failed to push FlowFile[3,97762009262022.mockFlowFile,0B] to Kudu: Mock for KuduException, hashCode: 1808247338
[pool-24-thread-1] ERROR org.apache.nifi.processors.kudu.MockPutKudu - MockPutKudu[id=1c7add24-f0eb-497c-bf8d-5cd61c17a943] Failed to write due to Mock for KuduException, hashCode: 1808247338: Mock for KuduException, hashCode: 1808247338
[pool-25-thread-1] ERROR org.apache.nifi.processors.kudu.MockPutKudu - MockPutKudu[id=0655b930-aada-4d8b-99e1-75001afb8cd7] Failed to push FlowFile[3,97762013985311.mockFlowFile,0B] to Kudu: Mock for KuduException, hashCode: 60974247
[pool-25-thread-1] ERROR org.apache.nifi.processors.kudu.MockPutKudu - MockPutKudu[id=0655b930-aada-4d8b-99e1-75001afb8cd7] Failed to write due to Mock for RowError, hashCode: 1617706302
[pool-25-thread-1] ERROR org.apache.nifi.processors.kudu.MockPutKudu - MockPutKudu[id=0655b930-aada-4d8b-99e1-75001afb8cd7] Failed to write due to Mock for RowError, hashCode: 717068907
[pool-25-thread-1] ERROR org.apache.nifi.processors.kudu.MockPutKudu - MockPutKudu[id=0655b930-aada-4d8b-99e1-75001afb8cd7] Failed to write due to Mock for KuduException, hashCode: 60974247: Mock for KuduException, hashCode: 60974247
[pool-26-thread-1] ERROR org.apache.nifi.processors.kudu.MockPutKudu - MockPutKudu[id=fdd79d1f-dbd4-4473-8b3c-e7e2fa14a94e] Failed to push FlowFile[3,97762018631373.mockFlowFile,0B] to Kudu: Mock for KuduException, hashCode: 998387791
[pool-26-thread-1] ERROR org.apache.nifi.processors.kudu.MockPutKudu - MockPutKudu[id=fdd79d1f-dbd4-4473-8b3c-e7e2fa14a94e] Failed to write due to Mock for RowError, hashCode: 251047165
[pool-26-thread-1] ERROR org.apache.nifi.processors.kudu.MockPutKudu - MockPutKudu[id=fdd79d1f-dbd4-4473-8b3c-e7e2fa14a94e] Failed to write due to Mock for RowError, hashCode: 1368255778
[pool-26-thread-1] ERROR org.apache.nifi.processors.kudu.MockPutKudu - MockPutKudu[id=fdd79d1f-dbd4-4473-8b3c-e7e2fa14a94e] Failed to write due to Mock for KuduException, hashCode: 998387791: Mock for KuduException, hashCode: 998387791
[pool-27-thread-1] ERROR org.apache.nifi.processors.kudu.MockPutKudu - MockPutKudu[id=e4e98e06-2b19-4f16-901e-0f53a4461c32] Failed to push FlowFile[3,97762023511627.mockFlowFile,0B] to Kudu: Mock for KuduException, hashCode: 1503714730
[pool-27-thread-1] ERROR org.apache.nifi.processors.kudu.MockPutKudu - MockPutKudu[id=e4e98e06-2b19-4f16-901e-0f53a4461c32] Failed to write due to Mock for RowError, hashCode: 639425577
[pool-27-thread-1] ERROR org.apache.nifi.processors.kudu.MockPutKudu - MockPutKudu[id=e4e98e06-2b19-4f16-901e-0f53a4461c32] Failed to write due to Mock for RowError, hashCode: 156062068
[pool-27-thread-1] ERROR org.apache.nifi.processors.kudu.MockPutKudu - MockPutKudu[id=e4e98e06-2b19-4f16-901e-0f53a4461c32] Failed to write due to Mock for KuduException, hashCode: 1503714730: Mock for KuduException, hashCode: 1503714730
[pool-28-thread-1] ERROR org.apache.nifi.processors.kudu.MockPutKudu - MockPutKudu[id=7ebe7c84-cf21-4c06-91cc-d0a4ef07a694] Failed to push FlowFile[3,97762027844942.mockFlowFile,0B] to Kudu: Mock for KuduException, hashCode: 1376120395
[pool-28-thread-1] ERROR org.apache.nifi.processors.kudu.MockPutKudu - MockPutKudu[id=7ebe7c84-cf21-4c06-91cc-d0a4ef07a694] Failed to write due to Mock for RowError, hashCode: 149580128
[pool-28-thread-1] ERROR org.apache.nifi.processors.kudu.MockPutKudu - MockPutKudu[id=7ebe7c84-cf21-4c06-91cc-d0a4ef07a694] Failed to write due to Mock for RowError, hashCode: 1709514143
[pool-28-thread-1] ERROR org.apache.nifi.processors.kudu.MockPutKudu - MockPutKudu[id=7ebe7c84-cf21-4c06-91cc-d0a4ef07a694] Failed to write due to Mock for KuduException, hashCode: 1376120395: Mock for KuduException, hashCode: 1376120395
[pool-29-thread-1] ERROR org.apache.nifi.processors.kudu.MockPutKudu - MockPutKudu[id=593f0645-c529-4d20-946d-6edc4907f16c] Failed to push FlowFile[3,97762032253964.mockFlowFile,0B] to Kudu: Mock for KuduException, hashCode: 138170549
[pool-29-thread-1] ERROR org.apache.nifi.processors.kudu.MockPutKudu - MockPutKudu[id=593f0645-c529-4d20-946d-6edc4907f16c] Failed to write due to Mock for RowError, hashCode: 1832033807
[pool-29-thread-1] ERROR org.apache.nifi.processors.kudu.MockPutKudu - MockPutKudu[id=593f0645-c529-4d20-946d-6edc4907f16c] Failed to write due to Mock for RowError, hashCode: 320128947
[pool-29-thread-1] ERROR org.apache.nifi.processors.kudu.MockPutKudu - MockPutKudu[id=593f0645-c529-4d20-946d-6edc4907f16c] Failed to write due to Mock for KuduException, hashCode: 138170549: Mock for KuduException, hashCode: 138170549
[pool-30-thread-1] ERROR org.apache.nifi.processors.kudu.MockPutKudu - MockPutKudu[id=0f3de4a5-ba69-4882-b8a1-b81f97e642cc] Failed to push FlowFile[3,97762036377803.mockFlowFile,0B] to Kudu: Mock for KuduException, hashCode: 33248968
[pool-30-thread-1] ERROR org.apache.nifi.processors.kudu.MockPutKudu - MockPutKudu[id=0f3de4a5-ba69-4882-b8a1-b81f97e642cc] Failed to write due to Mock for RowError, hashCode: 270168311
[pool-30-thread-1] ERROR org.apache.nifi.processors.kudu.MockPutKudu - MockPutKudu[id=0f3de4a5-ba69-4882-b8a1-b81f97e642cc] Failed to write due to Mock for RowError, hashCode: 859670503
[pool-30-thread-1] ERROR org.apache.nifi.processors.kudu.MockPutKudu - MockPutKudu[id=0f3de4a5-ba69-4882-b8a1-b81f97e642cc] Failed to write due to Mock for KuduException, hashCode: 33248968: Mock for KuduException, hashCode: 33248968
[pool-31-thread-1] ERROR org.apache.nifi.processors.kudu.MockPutKudu - MockPutKudu[id=3111f2ab-3c8f-4bad-b6cf-84d757a5b23a] Failed to push FlowFile[3,97762040597369.mockFlowFile,0B] to Kudu: Mock for KuduException, hashCode: 575760254
[pool-31-thread-1] ERROR org.apache.nifi.processors.kudu.MockPutKudu - MockPutKudu[id=3111f2ab-3c8f-4bad-b6cf-84d757a5b23a] Failed to write due to Mock for RowError, hashCode: 1897455717
[pool-31-thread-1] ERROR org.apache.nifi.processors.kudu.MockPutKudu - MockPutKudu[id=3111f2ab-3c8f-4bad-b6cf-84d757a5b23a] Failed to write due to Mock for RowError, hashCode: 53549636
[pool-31-thread-1] ERROR org.apache.nifi.processors.kudu.MockPutKudu - MockPutKudu[id=3111f2ab-3c8f-4bad-b6cf-84d757a5b23a] Failed to write due to Mock for KuduException, hashCode: 575760254: Mock for KuduException, hashCode: 575760254
[pool-32-thread-1] ERROR org.apache.nifi.processors.kudu.MockPutKudu - MockPutKudu[id=58e1bf35-8afc-4cc7-a2dd-516945321a8e] Failed to push FlowFile[3,97762045274676.mockFlowFile,0B] to Kudu: Mock for KuduException, hashCode: 840052214
[pool-32-thread-1] ERROR org.apache.nifi.processors.kudu.MockPutKudu - MockPutKudu[id=58e1bf35-8afc-4cc7-a2dd-516945321a8e] Failed to write due to Mock for RowError, hashCode: 1894615292
[pool-32-thread-1] ERROR org.apache.nifi.processors.kudu.MockPutKudu - MockPutKudu[id=58e1bf35-8afc-4cc7-a2dd-516945321a8e] Failed to write due to Mock for RowError, hashCode: 856408761
[pool-32-thread-1] ERROR org.apache.nifi.processors.kudu.MockPutKudu - MockPutKudu[id=58e1bf35-8afc-4cc7-a2dd-516945321a8e] Failed to write due to Mock for KuduException, hashCode: 840052214: Mock for KuduException, hashCode: 840052214
]]></system-err>
  </testcase>
  <testcase name="testInsertManyFlowFiles" classname="org.apache.nifi.processors.kudu.TestPutKudu" time="0.008"/>
  <testcase name="testKerberosEnabled" classname="org.apache.nifi.processors.kudu.TestPutKudu" time="0.003"/>
  <testcase name="testBuildPartialRowVarCharTooLong" classname="org.apache.nifi.processors.kudu.TestPutKudu" time="0.001"/>
  <testcase name="testMalformedRecordExceptionFromReaderShouldRouteToFailure" classname="org.apache.nifi.processors.kudu.TestPutKudu" time="0.021">
    <system-err><![CDATA[[pool-36-thread-1] ERROR org.apache.nifi.processors.kudu.MockPutKudu - MockPutKudu[id=670af970-3c05-4a8d-9287-8b558ddb620b] Failed to push FlowFile[0,testMalformedRecordExceptionShouldRouteToFailure-1714617342160,7B] to Kudu: java.lang.NullPointerException
java.lang.NullPointerException
	at org.apache.nifi.processors.kudu.PutKudu.processRecords(PutKudu.java:432)
	at org.apache.nifi.processors.kudu.PutKudu.processFlowFiles(PutKudu.java:372)
	at org.apache.nifi.processors.kudu.PutKudu.lambda$onTrigger$0(PutKudu.java:351)
	at org.apache.nifi.processors.kudu.MockPutKudu.executeOnKuduClient(MockPutKudu.java:140)
	at org.apache.nifi.processors.kudu.PutKudu.onTrigger(PutKudu.java:351)
	at org.apache.nifi.processor.AbstractProcessor.onTrigger(AbstractProcessor.java:27)
	at org.apache.nifi.util.StandardProcessorTestRunner$RunProcessor.call(StandardProcessorTestRunner.java:284)
	at org.apache.nifi.util.StandardProcessorTestRunner$RunProcessor.call(StandardProcessorTestRunner.java:278)
	at java.util.concurrent.FutureTask.run(FutureTask.java:266)
	at java.util.concurrent.ScheduledThreadPoolExecutor$ScheduledFutureTask.access$201(ScheduledThreadPoolExecutor.java:180)
	at java.util.concurrent.ScheduledThreadPoolExecutor$ScheduledFutureTask.run(ScheduledThreadPoolExecutor.java:293)
	at java.util.concurrent.ThreadPoolExecutor.runWorker(ThreadPoolExecutor.java:1149)
	at java.util.concurrent.ThreadPoolExecutor$Worker.run(ThreadPoolExecutor.java:624)
	at java.lang.Thread.run(Thread.java:750)
[pool-36-thread-1] ERROR org.apache.nifi.processors.kudu.MockPutKudu - MockPutKudu[id=670af970-3c05-4a8d-9287-8b558ddb620b] Failed to write due to java.lang.NullPointerException: java.lang.NullPointerException
java.lang.NullPointerException
	at org.apache.nifi.processors.kudu.PutKudu.processRecords(PutKudu.java:432)
	at org.apache.nifi.processors.kudu.PutKudu.processFlowFiles(PutKudu.java:372)
	at org.apache.nifi.processors.kudu.PutKudu.lambda$onTrigger$0(PutKudu.java:351)
	at org.apache.nifi.processors.kudu.MockPutKudu.executeOnKuduClient(MockPutKudu.java:140)
	at org.apache.nifi.processors.kudu.PutKudu.onTrigger(PutKudu.java:351)
	at org.apache.nifi.processor.AbstractProcessor.onTrigger(AbstractProcessor.java:27)
	at org.apache.nifi.util.StandardProcessorTestRunner$RunProcessor.call(StandardProcessorTestRunner.java:284)
	at org.apache.nifi.util.StandardProcessorTestRunner$RunProcessor.call(StandardProcessorTestRunner.java:278)
	at java.util.concurrent.FutureTask.run(FutureTask.java:266)
	at java.util.concurrent.ScheduledThreadPoolExecutor$ScheduledFutureTask.access$201(ScheduledThreadPoolExecutor.java:180)
	at java.util.concurrent.ScheduledThreadPoolExecutor$ScheduledFutureTask.run(ScheduledThreadPoolExecutor.java:293)
	at java.util.concurrent.ThreadPoolExecutor.runWorker(ThreadPoolExecutor.java:1149)
	at java.util.concurrent.ThreadPoolExecutor$Worker.run(ThreadPoolExecutor.java:624)
	at java.lang.Thread.run(Thread.java:750)
]]></system-err>
  </testcase>
  <testcase name="testInvalidReaderShouldRouteToFailure" classname="org.apache.nifi.processors.kudu.TestPutKudu" time="0.005">
    <system-err><![CDATA[[pool-37-thread-1] ERROR org.apache.nifi.processors.kudu.MockPutKudu - MockPutKudu[id=ee084ce9-aa94-4cc8-9195-04fcf05c986d] Failed to push FlowFile[0,testInvalidAvroShouldRouteToFailure-1714617342165,7B] to Kudu: java.io.IOException: NOT AVRO
java.io.IOException: NOT AVRO
	at org.apache.nifi.processors.kudu.PutKudu.processRecords(PutKudu.java:413)
	at org.apache.nifi.processors.kudu.PutKudu.processFlowFiles(PutKudu.java:372)
	at org.apache.nifi.processors.kudu.PutKudu.lambda$onTrigger$0(PutKudu.java:351)
	at org.apache.nifi.processors.kudu.MockPutKudu.executeOnKuduClient(MockPutKudu.java:140)
	at org.apache.nifi.processors.kudu.PutKudu.onTrigger(PutKudu.java:351)
	at org.apache.nifi.processor.AbstractProcessor.onTrigger(AbstractProcessor.java:27)
	at org.apache.nifi.util.StandardProcessorTestRunner$RunProcessor.call(StandardProcessorTestRunner.java:284)
	at org.apache.nifi.util.StandardProcessorTestRunner$RunProcessor.call(StandardProcessorTestRunner.java:278)
	at java.util.concurrent.FutureTask.run(FutureTask.java:266)
	at java.util.concurrent.ScheduledThreadPoolExecutor$ScheduledFutureTask.access$201(ScheduledThreadPoolExecutor.java:180)
	at java.util.concurrent.ScheduledThreadPoolExecutor$ScheduledFutureTask.run(ScheduledThreadPoolExecutor.java:293)
	at java.util.concurrent.ThreadPoolExecutor.runWorker(ThreadPoolExecutor.java:1149)
	at java.util.concurrent.ThreadPoolExecutor$Worker.run(ThreadPoolExecutor.java:624)
	at java.lang.Thread.run(Thread.java:750)
[pool-37-thread-1] ERROR org.apache.nifi.processors.kudu.MockPutKudu - MockPutKudu[id=ee084ce9-aa94-4cc8-9195-04fcf05c986d] Failed to write due to java.io.IOException: NOT AVRO: java.io.IOException: NOT AVRO
java.io.IOException: NOT AVRO
	at org.apache.nifi.processors.kudu.PutKudu.processRecords(PutKudu.java:413)
	at org.apache.nifi.processors.kudu.PutKudu.processFlowFiles(PutKudu.java:372)
	at org.apache.nifi.processors.kudu.PutKudu.lambda$onTrigger$0(PutKudu.java:351)
	at org.apache.nifi.processors.kudu.MockPutKudu.executeOnKuduClient(MockPutKudu.java:140)
	at org.apache.nifi.processors.kudu.PutKudu.onTrigger(PutKudu.java:351)
	at org.apache.nifi.processor.AbstractProcessor.onTrigger(AbstractProcessor.java:27)
	at org.apache.nifi.util.StandardProcessorTestRunner$RunProcessor.call(StandardProcessorTestRunner.java:284)
	at org.apache.nifi.util.StandardProcessorTestRunner$RunProcessor.call(StandardProcessorTestRunner.java:278)
	at java.util.concurrent.FutureTask.run(FutureTask.java:266)
	at java.util.concurrent.ScheduledThreadPoolExecutor$ScheduledFutureTask.access$201(ScheduledThreadPoolExecutor.java:180)
	at java.util.concurrent.ScheduledThreadPoolExecutor$ScheduledFutureTask.run(ScheduledThreadPoolExecutor.java:293)
	at java.util.concurrent.ThreadPoolExecutor.runWorker(ThreadPoolExecutor.java:1149)
	at java.util.concurrent.ThreadPoolExecutor$Worker.run(ThreadPoolExecutor.java:624)
	at java.lang.Thread.run(Thread.java:750)
]]></system-err>
  </testcase>
  <testcase name="testWriteKuduWithDefaults" classname="org.apache.nifi.processors.kudu.TestPutKudu" time="0.006"/>
  <testcase name="testKuduPartialFailuresOnAutoFlushSync" classname="org.apache.nifi.processors.kudu.TestPutKudu" time="0.073">
    <system-err><![CDATA[[pool-39-thread-1] ERROR org.apache.nifi.processors.kudu.MockPutKudu - MockPutKudu[id=b8c8be74-7c14-4f48-8c84-23f3f841dc7e] Failed to write due to Mock for RowError, hashCode: 2020372770
[pool-39-thread-1] ERROR org.apache.nifi.processors.kudu.MockPutKudu - MockPutKudu[id=b8c8be74-7c14-4f48-8c84-23f3f841dc7e] Failed to write due to Mock for RowError, hashCode: 54336073
[pool-39-thread-1] ERROR org.apache.nifi.processors.kudu.MockPutKudu - MockPutKudu[id=b8c8be74-7c14-4f48-8c84-23f3f841dc7e] Failed to push FlowFile[3,97762097429657.mockFlowFile,0B] to Kudu: Mock for KuduException, hashCode: 741364963
[pool-39-thread-1] ERROR org.apache.nifi.processors.kudu.MockPutKudu - MockPutKudu[id=b8c8be74-7c14-4f48-8c84-23f3f841dc7e] Failed to write due to Mock for KuduException, hashCode: 741364963: Mock for KuduException, hashCode: 741364963
[pool-40-thread-1] ERROR org.apache.nifi.processors.kudu.MockPutKudu - MockPutKudu[id=7c0f5799-a6f5-4617-abf4-a83191bc611b] Failed to write due to Mock for RowError, hashCode: 1000217271
[pool-40-thread-1] ERROR org.apache.nifi.processors.kudu.MockPutKudu - MockPutKudu[id=7c0f5799-a6f5-4617-abf4-a83191bc611b] Failed to write due to Mock for RowError, hashCode: 358526293
[pool-40-thread-1] ERROR org.apache.nifi.processors.kudu.MockPutKudu - MockPutKudu[id=7c0f5799-a6f5-4617-abf4-a83191bc611b] Failed to push FlowFile[3,97762105738318.mockFlowFile,0B] to Kudu: Mock for KuduException, hashCode: 1048444083
[pool-40-thread-1] ERROR org.apache.nifi.processors.kudu.MockPutKudu - MockPutKudu[id=7c0f5799-a6f5-4617-abf4-a83191bc611b] Failed to write due to Mock for KuduException, hashCode: 1048444083: Mock for KuduException, hashCode: 1048444083
[pool-41-thread-1] ERROR org.apache.nifi.processors.kudu.MockPutKudu - MockPutKudu[id=476b3855-1153-4442-87ce-617552fe1dcc] Failed to write due to Mock for RowError, hashCode: 829179812
[pool-41-thread-1] ERROR org.apache.nifi.processors.kudu.MockPutKudu - MockPutKudu[id=476b3855-1153-4442-87ce-617552fe1dcc] Failed to write due to Mock for RowError, hashCode: 1625509957
[pool-41-thread-1] ERROR org.apache.nifi.processors.kudu.MockPutKudu - MockPutKudu[id=476b3855-1153-4442-87ce-617552fe1dcc] Failed to push FlowFile[3,97762112256189.mockFlowFile,0B] to Kudu: Mock for KuduException, hashCode: 1102946641
[pool-41-thread-1] ERROR org.apache.nifi.processors.kudu.MockPutKudu - MockPutKudu[id=476b3855-1153-4442-87ce-617552fe1dcc] Failed to write due to Mock for KuduException, hashCode: 1102946641: Mock for KuduException, hashCode: 1102946641
[pool-42-thread-1] ERROR org.apache.nifi.processors.kudu.MockPutKudu - MockPutKudu[id=7197cfd6-4cf7-4d4b-b3b8-ec813cb8e85f] Failed to push FlowFile[3,97762118920799.mockFlowFile,0B] to Kudu: Mock for KuduException, hashCode: 133714227
[pool-42-thread-1] ERROR org.apache.nifi.processors.kudu.MockPutKudu - MockPutKudu[id=7197cfd6-4cf7-4d4b-b3b8-ec813cb8e85f] Failed to write due to Mock for RowError, hashCode: 505289491
[pool-42-thread-1] ERROR org.apache.nifi.processors.kudu.MockPutKudu - MockPutKudu[id=7197cfd6-4cf7-4d4b-b3b8-ec813cb8e85f] Failed to write due to Mock for RowError, hashCode: 2077736957
[pool-42-thread-1] ERROR org.apache.nifi.processors.kudu.MockPutKudu - MockPutKudu[id=7197cfd6-4cf7-4d4b-b3b8-ec813cb8e85f] Failed to write due to Mock for KuduException, hashCode: 133714227: Mock for KuduException, hashCode: 133714227
[pool-43-thread-1] ERROR org.apache.nifi.processors.kudu.MockPutKudu - MockPutKudu[id=bb699ea0-2f19-4cda-a38a-32def3381654] Failed to push FlowFile[3,97762124675212.mockFlowFile,0B] to Kudu: Mock for KuduException, hashCode: 1379688457
[pool-43-thread-1] ERROR org.apache.nifi.processors.kudu.MockPutKudu - MockPutKudu[id=bb699ea0-2f19-4cda-a38a-32def3381654] Failed to write due to Mock for RowError, hashCode: 245676947
[pool-43-thread-1] ERROR org.apache.nifi.processors.kudu.MockPutKudu - MockPutKudu[id=bb699ea0-2f19-4cda-a38a-32def3381654] Failed to write due to Mock for RowError, hashCode: 400133199
[pool-43-thread-1] ERROR org.apache.nifi.processors.kudu.MockPutKudu - MockPutKudu[id=bb699ea0-2f19-4cda-a38a-32def3381654] Failed to write due to Mock for KuduException, hashCode: 1379688457: Mock for KuduException, hashCode: 1379688457
[pool-44-thread-1] ERROR org.apache.nifi.processors.kudu.MockPutKudu - MockPutKudu[id=3c2b8c20-d553-4c5c-a72d-c49502e200bf] Failed to push FlowFile[3,97762130839389.mockFlowFile,0B] to Kudu: Mock for KuduException, hashCode: 1213499916
[pool-44-thread-1] ERROR org.apache.nifi.processors.kudu.MockPutKudu - MockPutKudu[id=3c2b8c20-d553-4c5c-a72d-c49502e200bf] Failed to write due to Mock for RowError, hashCode: 1628934030
[pool-44-thread-1] ERROR org.apache.nifi.processors.kudu.MockPutKudu - MockPutKudu[id=3c2b8c20-d553-4c5c-a72d-c49502e200bf] Failed to write due to Mock for RowError, hashCode: 1079583889
[pool-44-thread-1] ERROR org.apache.nifi.processors.kudu.MockPutKudu - MockPutKudu[id=3c2b8c20-d553-4c5c-a72d-c49502e200bf] Failed to write due to Mock for KuduException, hashCode: 1213499916: Mock for KuduException, hashCode: 1213499916
[pool-45-thread-1] ERROR org.apache.nifi.processors.kudu.MockPutKudu - MockPutKudu[id=9d4b6786-337f-4ac8-af12-2a132da30386] Failed to push FlowFile[3,97762137469698.mockFlowFile,0B] to Kudu: Mock for KuduException, hashCode: 49018649
[pool-45-thread-1] ERROR org.apache.nifi.processors.kudu.MockPutKudu - MockPutKudu[id=9d4b6786-337f-4ac8-af12-2a132da30386] Failed to write due to Mock for RowError, hashCode: 1211032867
[pool-45-thread-1] ERROR org.apache.nifi.processors.kudu.MockPutKudu - MockPutKudu[id=9d4b6786-337f-4ac8-af12-2a132da30386] Failed to write due to Mock for RowError, hashCode: 337172508
[pool-45-thread-1] ERROR org.apache.nifi.processors.kudu.MockPutKudu - MockPutKudu[id=9d4b6786-337f-4ac8-af12-2a132da30386] Failed to write due to Mock for KuduException, hashCode: 49018649: Mock for KuduException, hashCode: 49018649
[pool-46-thread-1] ERROR org.apache.nifi.processors.kudu.MockPutKudu - MockPutKudu[id=cab92343-4f87-408e-b432-470add1d6d36] Failed to push FlowFile[3,97762148756651.mockFlowFile,0B] to Kudu: Mock for KuduException, hashCode: 747187094
[pool-46-thread-1] ERROR org.apache.nifi.processors.kudu.MockPutKudu - MockPutKudu[id=cab92343-4f87-408e-b432-470add1d6d36] Failed to write due to Mock for RowError, hashCode: 829149895
[pool-46-thread-1] ERROR org.apache.nifi.processors.kudu.MockPutKudu - MockPutKudu[id=cab92343-4f87-408e-b432-470add1d6d36] Failed to write due to Mock for RowError, hashCode: 1355564432
[pool-46-thread-1] ERROR org.apache.nifi.processors.kudu.MockPutKudu - MockPutKudu[id=cab92343-4f87-408e-b432-470add1d6d36] Failed to write due to Mock for KuduException, hashCode: 747187094: Mock for KuduException, hashCode: 747187094
[pool-47-thread-1] ERROR org.apache.nifi.processors.kudu.MockPutKudu - MockPutKudu[id=14df3fd8-6e4f-4f21-af9a-b47e053a52fb] Failed to push FlowFile[3,97762153623824.mockFlowFile,0B] to Kudu: Mock for KuduException, hashCode: 201568697
[pool-47-thread-1] ERROR org.apache.nifi.processors.kudu.MockPutKudu - MockPutKudu[id=14df3fd8-6e4f-4f21-af9a-b47e053a52fb] Failed to write due to Mock for RowError, hashCode: 1305427114
[pool-47-thread-1] ERROR org.apache.nifi.processors.kudu.MockPutKudu - MockPutKudu[id=14df3fd8-6e4f-4f21-af9a-b47e053a52fb] Failed to write due to Mock for RowError, hashCode: 1426460659
[pool-47-thread-1] ERROR org.apache.nifi.processors.kudu.MockPutKudu - MockPutKudu[id=14df3fd8-6e4f-4f21-af9a-b47e053a52fb] Failed to write due to Mock for KuduException, hashCode: 201568697: Mock for KuduException, hashCode: 201568697
[pool-48-thread-1] ERROR org.apache.nifi.processors.kudu.MockPutKudu - MockPutKudu[id=e39d129c-34f3-4ddf-9d62-980c1670e37c] Failed to push FlowFile[3,97762158529080.mockFlowFile,0B] to Kudu: Mock for KuduException, hashCode: 1514512830
[pool-48-thread-1] ERROR org.apache.nifi.processors.kudu.MockPutKudu - MockPutKudu[id=e39d129c-34f3-4ddf-9d62-980c1670e37c] Failed to write due to Mock for RowError, hashCode: 906334731
[pool-48-thread-1] ERROR org.apache.nifi.processors.kudu.MockPutKudu - MockPutKudu[id=e39d129c-34f3-4ddf-9d62-980c1670e37c] Failed to write due to Mock for RowError, hashCode: 574982146
[pool-48-thread-1] ERROR org.apache.nifi.processors.kudu.MockPutKudu - MockPutKudu[id=e39d129c-34f3-4ddf-9d62-980c1670e37c] Failed to write due to Mock for KuduException, hashCode: 1514512830: Mock for KuduException, hashCode: 1514512830
[pool-49-thread-1] ERROR org.apache.nifi.processors.kudu.MockPutKudu - MockPutKudu[id=37e4a08e-7157-452a-b6c4-b3950d85a6c7] Failed to push FlowFile[3,97762163990211.mockFlowFile,0B] to Kudu: Mock for KuduException, hashCode: 1497801131
[pool-49-thread-1] ERROR org.apache.nifi.processors.kudu.MockPutKudu - MockPutKudu[id=37e4a08e-7157-452a-b6c4-b3950d85a6c7] Failed to write due to Mock for RowError, hashCode: 417677630
[pool-49-thread-1] ERROR org.apache.nifi.processors.kudu.MockPutKudu - MockPutKudu[id=37e4a08e-7157-452a-b6c4-b3950d85a6c7] Failed to write due to Mock for RowError, hashCode: 1596077060
[pool-49-thread-1] ERROR org.apache.nifi.processors.kudu.MockPutKudu - MockPutKudu[id=37e4a08e-7157-452a-b6c4-b3950d85a6c7] Failed to write due to Mock for KuduException, hashCode: 1497801131: Mock for KuduException, hashCode: 1497801131
]]></system-err>
  </testcase>
</testsuite>