<?xml version="1.0" encoding="UTF-8"?>
<testsuite xmlns:xsi="http://www.w3.org/2001/XMLSchema-instance" xsi:noNamespaceSchemaLocation="https://maven.apache.org/surefire/maven-surefire-plugin/xsd/surefire-test-report-3.0.xsd" version="3.0" name="org.apache.nifi.processors.standard.TestExecuteStreamCommand" time="4.82" tests="36" errors="0" skipped="1" failures="0">
  <properties>
    <property name="sun.desktop" value="gnome"/>
    <property name="awt.toolkit" value="sun.awt.X11.XToolkit"/>
    <property name="file.encoding.pkg" value="sun.io"/>
    <property name="java.specification.version" value="1.8"/>
    <property name="sun.cpu.isalist" value=""/>
    <property name="sun.jnu.encoding" value="UTF-8"/>
    <property name="java.class.path" value="/home/alex/Repositories/nifi/nifi-nar-bundles/nifi-standard-bundle/nifi-standard-processors/target/test-classes:/home/alex/Repositories/nifi/nifi-nar-bundles/nifi-standard-bundle/nifi-standard-processors/target/classes:/home/alex/.m2/repository/org/apache/ftpserver/ftpserver-core/1.1.1/ftpserver-core-1.1.1.jar:/home/alex/.m2/repository/org/apache/ftpserver/ftplet-api/1.1.1/ftplet-api-1.1.1.jar:/home/alex/.m2/repository/org/slf4j/slf4j-api/1.7.32/slf4j-api-1.7.32.jar:/home/alex/.m2/repository/org/apache/mina/mina-core/2.0.16/mina-core-2.0.16.jar:/home/alex/Repositories/nifi/nifi-api/target/classes:/home/alex/Repositories/nifi/nifi-commons/nifi-expression-language/target/classes:/home/alex/.m2/repository/org/antlr/antlr-runtime/3.5.2/antlr-runtime-3.5.2.jar:/home/alex/Repositories/nifi/nifi-commons/nifi-parameter/target/classes:/home/alex/Repositories/nifi/nifi-commons/nifi-uuid5/target/classes:/home/alex/.m2/repository/org/apache/commons/commons-text/1.8/commons-text-1.8.jar:/home/alex/Repositories/nifi/nifi-nar-bundles/nifi-extension-utils/nifi-processor-utils/target/classes:/home/alex/Repositories/nifi/nifi-commons/nifi-security-socket-ssl/target/classes:/home/alex/Repositories/nifi/nifi-nar-bundles/nifi-extension-utils/nifi-event-transport/target/classes:/home/alex/.m2/repository/io/netty/netty-handler/4.1.69.Final/netty-handler-4.1.69.Final.jar:/home/alex/.m2/repository/io/netty/netty-common/4.1.69.Final/netty-common-4.1.69.Final.jar:/home/alex/.m2/repository/io/netty/netty-resolver/4.1.69.Final/netty-resolver-4.1.69.Final.jar:/home/alex/.m2/repository/io/netty/netty-transport/4.1.69.Final/netty-transport-4.1.69.Final.jar:/home/alex/.m2/repository/io/netty/netty-codec/4.1.69.Final/netty-codec-4.1.69.Final.jar:/home/alex/Repositories/nifi/nifi-nar-bundles/nifi-extension-utils/nifi-syslog-utils/target/classes:/home/alex/.m2/repository/com/github/palindromicity/simple-syslog-5424/0.0.16/simple-syslog-5424-0.0.16.jar:/home/alex/.m2/repository/org/antlr/antlr4-runtime/4.7.2/antlr4-runtime-4.7.2.jar:/home/alex/Repositories/nifi/nifi-commons/nifi-utils/target/classes:/home/alex/Repositories/nifi/nifi-commons/nifi-record-path/target/classes:/home/alex/Repositories/nifi/nifi-commons/nifi-properties/target/classes:/home/alex/Repositories/nifi/nifi-commons/nifi-property-utils/target/classes:/home/alex/.m2/repository/com/github/ben-manes/caffeine/caffeine/2.8.1/caffeine-2.8.1.jar:/home/alex/Repositories/nifi/nifi-nar-bundles/nifi-standard-services/nifi-ssl-context-service-api/target/classes:/home/alex/Repositories/nifi/nifi-commons/nifi-security-utils-api/target/classes:/home/alex/Repositories/nifi/nifi-nar-bundles/nifi-standard-services/nifi-lookup-service-api/target/classes:/home/alex/Repositories/nifi/nifi-commons/nifi-flowfile-packager/target/classes:/home/alex/Repositories/nifi/nifi-nar-bundles/nifi-standard-services/nifi-distributed-cache-client-service-api/target/classes:/home/alex/Repositories/nifi/nifi-nar-bundles/nifi-standard-services/nifi-http-context-map-api/target/classes:/home/alex/Repositories/nifi/nifi-nar-bundles/nifi-standard-services/nifi-record-serialization-service-api/target/classes:/home/alex/Repositories/nifi/nifi-nar-bundles/nifi-standard-services/nifi-proxy-configuration-api/target/classes:/home/alex/Repositories/nifi/nifi-commons/nifi-record/target/classes:/home/alex/Repositories/nifi/nifi-nar-bundles/nifi-standard-services/nifi-record-sink-api/target/classes:/home/alex/.m2/repository/commons-io/commons-io/2.10.0/commons-io-2.10.0.jar:/home/alex/.m2/repository/javax/ws/rs/javax.ws.rs-api/2.1/javax.ws.rs-api-2.1.jar:/home/alex/.m2/repository/commons-net/commons-net/3.6/commons-net-3.6.jar:/home/alex/.m2/repository/org/apache/commons/commons-compress/1.21/commons-compress-1.21.jar:/home/alex/.m2/repository/org/apache/commons/commons-lang3/3.9/commons-lang3-3.9.jar:/home/alex/.m2/repository/org/bouncycastle/bcprov-jdk15on/1.69/bcprov-jdk15on-1.69.jar:/home/alex/.m2/repository/org/bouncycastle/bcpg-jdk15on/1.69/bcpg-jdk15on-1.69.jar:/home/alex/.m2/repository/org/bouncycastle/bcpkix-jdk15on/1.69/bcpkix-jdk15on-1.69.jar:/home/alex/.m2/repository/org/bouncycastle/bcutil-jdk15on/1.69/bcutil-jdk15on-1.69.jar:/home/alex/.m2/repository/commons-codec/commons-codec/1.14/commons-codec-1.14.jar:/home/alex/Repositories/nifi/nifi-commons/nifi-security-utils/target/classes:/home/alex/Repositories/nifi/nifi-commons/nifi-security-kms/target/classes:/home/alex/.m2/repository/org/apache/commons/commons-configuration2/2.7/commons-configuration2-2.7.jar:/home/alex/.m2/repository/com/hierynomus/sshj/0.32.0/sshj-0.32.0.jar:/home/alex/.m2/repository/com/jcraft/jzlib/1.1.3/jzlib-1.1.3.jar:/home/alex/.m2/repository/com/hierynomus/asn-one/0.6.0/asn-one-0.6.0.jar:/home/alex/.m2/repository/net/i2p/crypto/eddsa/0.3.0/eddsa-0.3.0.jar:/home/alex/.m2/repository/org/eclipse/jetty/jetty-server/9.4.44.v20210927/jetty-server-9.4.44.v20210927.jar:/home/alex/.m2/repository/javax/servlet/javax.servlet-api/3.1.0/javax.servlet-api-3.1.0.jar:/home/alex/.m2/repository/org/eclipse/jetty/jetty-http/9.4.44.v20210927/jetty-http-9.4.44.v20210927.jar:/home/alex/.m2/repository/org/eclipse/jetty/jetty-util/9.4.44.v20210927/jetty-util-9.4.44.v20210927.jar:/home/alex/.m2/repository/org/eclipse/jetty/jetty-io/9.4.44.v20210927/jetty-io-9.4.44.v20210927.jar:/home/alex/.m2/repository/org/eclipse/jetty/jetty-servlet/9.4.44.v20210927/jetty-servlet-9.4.44.v20210927.jar:/home/alex/.m2/repository/org/eclipse/jetty/jetty-security/9.4.44.v20210927/jetty-security-9.4.44.v20210927.jar:/home/alex/.m2/repository/org/eclipse/jetty/jetty-util-ajax/9.4.44.v20210927/jetty-util-ajax-9.4.44.v20210927.jar:/home/alex/.m2/repository/org/apache/httpcomponents/httpclient/4.5.5/httpclient-4.5.5.jar:/home/alex/.m2/repository/commons-logging/commons-logging/1.2/commons-logging-1.2.jar:/home/alex/.m2/repository/org/apache/httpcomponents/httpcore/4.4.9/httpcore-4.4.9.jar:/home/alex/.m2/repository/jakarta/activation/jakarta.activation-api/2.0.1/jakarta.activation-api-2.0.1.jar:/home/alex/.m2/repository/com/sun/activation/jakarta.activation/2.0.1/jakarta.activation-2.0.1.jar:/home/alex/.m2/repository/jakarta/mail/jakarta.mail-api/2.0.1/jakarta.mail-api-2.0.1.jar:/home/alex/.m2/repository/com/sun/mail/jakarta.mail/2.0.1/jakarta.mail-2.0.1.jar:/home/alex/.m2/repository/com/github/jponge/lzma-java/1.3/lzma-java-1.3.jar:/home/alex/.m2/repository/org/tukaani/xz/1.8/xz-1.8.jar:/home/alex/.m2/repository/net/sf/saxon/Saxon-HE/10.6/Saxon-HE-10.6.jar:/home/alex/Repositories/nifi/nifi-commons/nifi-socket-utils/target/classes:/home/alex/Repositories/nifi/nifi-commons/nifi-logging-utils/target/classes:/home/alex/Repositories/nifi/nifi-nar-bundles/nifi-standard-services/nifi-load-distribution-service-api/target/classes:/home/alex/.m2/repository/javax/jms/javax.jms-api/2.0.1/javax.jms-api-2.0.1.jar:/home/alex/.m2/repository/org/apache/activemq/activemq-client/5.15.15/activemq-client-5.15.15.jar:/home/alex/.m2/repository/org/apache/geronimo/specs/geronimo-jms_1.1_spec/1.1.1/geronimo-jms_1.1_spec-1.1.1.jar:/home/alex/.m2/repository/org/fusesource/hawtbuf/hawtbuf/1.11/hawtbuf-1.11.jar:/home/alex/.m2/repository/org/apache/geronimo/specs/geronimo-j2ee-management_1.1_spec/1.0.1/geronimo-j2ee-management_1.1_spec-1.0.1.jar:/home/alex/.m2/repository/com/jayway/jsonpath/json-path/2.6.0/json-path-2.6.0.jar:/home/alex/.m2/repository/net/minidev/json-smart/2.4.7/json-smart-2.4.7.jar:/home/alex/.m2/repository/net/minidev/accessors-smart/2.4.7/accessors-smart-2.4.7.jar:/home/alex/.m2/repository/org/ow2/asm/asm/9.1/asm-9.1.jar:/home/alex/.m2/repository/org/apache/tika/tika-core/1.26/tika-core-1.26.jar:/home/alex/.m2/repository/com/fasterxml/jackson/core/jackson-databind/2.12.3/jackson-databind-2.12.3.jar:/home/alex/.m2/repository/com/fasterxml/jackson/core/jackson-annotations/2.12.3/jackson-annotations-2.12.3.jar:/home/alex/.m2/repository/com/fasterxml/jackson/core/jackson-core/2.12.3/jackson-core-2.12.3.jar:/home/alex/Repositories/nifi/nifi-nar-bundles/nifi-extension-utils/nifi-record-utils/nifi-avro-record-utils/target/classes:/home/alex/Repositories/nifi/nifi-nar-bundles/nifi-extension-utils/nifi-record-utils/nifi-standard-record-utils/target/classes:/home/alex/.m2/repository/org/apache/avro/avro/1.8.1/avro-1.8.1.jar:/home/alex/.m2/repository/org/codehaus/jackson/jackson-core-asl/1.9.13/jackson-core-asl-1.9.13.jar:/home/alex/.m2/repository/org/codehaus/jackson/jackson-mapper-asl/1.9.13/jackson-mapper-asl-1.9.13.jar:/home/alex/.m2/repository/com/thoughtworks/paranamer/paranamer/2.7/paranamer-2.7.jar:/home/alex/Repositories/nifi/nifi-nar-bundles/nifi-standard-services/nifi-dbcp-service-api/target/classes:/home/alex/.m2/repository/com/squareup/okhttp3/okhttp/4.9.2/okhttp-4.9.2.jar:/home/alex/.m2/repository/com/squareup/okio/okio/2.8.0/okio-2.8.0.jar:/home/alex/.m2/repository/org/jetbrains/kotlin/kotlin-stdlib-common/1.4.0/kotlin-stdlib-common-1.4.0.jar:/home/alex/.m2/repository/org/jetbrains/kotlin/kotlin-stdlib/1.4.10/kotlin-stdlib-1.4.10.jar:/home/alex/.m2/repository/org/jetbrains/annotations/13.0/annotations-13.0.jar:/home/alex/.m2/repository/io/github/rburgst/okhttp-digest/2.5/okhttp-digest-2.5.jar:/home/alex/.m2/repository/at/favre/lib/bcrypt/0.9.0/bcrypt-0.9.0.jar:/home/alex/.m2/repository/at/favre/lib/bytes/1.3.0/bytes-1.3.0.jar:/home/alex/.m2/repository/com/google/guava/guava/28.0-jre/guava-28.0-jre.jar:/home/alex/.m2/repository/com/google/guava/failureaccess/1.0.1/failureaccess-1.0.1.jar:/home/alex/.m2/repository/com/google/guava/listenablefuture/9999.0-empty-to-avoid-conflict-with-guava/listenablefuture-9999.0-empty-to-avoid-conflict-with-guava.jar:/home/alex/.m2/repository/com/google/code/findbugs/jsr305/3.0.2/jsr305-3.0.2.jar:/home/alex/.m2/repository/org/checkerframework/checker-qual/2.8.1/checker-qual-2.8.1.jar:/home/alex/.m2/repository/com/google/errorprone/error_prone_annotations/2.3.2/error_prone_annotations-2.3.2.jar:/home/alex/.m2/repository/com/google/j2objc/j2objc-annotations/1.3/j2objc-annotations-1.3.jar:/home/alex/.m2/repository/org/codehaus/mojo/animal-sniffer-annotations/1.17/animal-sniffer-annotations-1.17.jar:/home/alex/Repositories/nifi/nifi-mock/target/classes:/home/alex/Repositories/nifi/nifi-framework-api/target/classes:/home/alex/Repositories/nifi/nifi-nar-bundles/nifi-framework-bundle/nifi-framework/nifi-framework-core-api/target/classes:/home/alex/Repositories/nifi/nifi-nar-bundles/nifi-framework-bundle/nifi-framework/nifi-framework-nar-utils/target/classes:/home/alex/Repositories/nifi/nifi-nar-bundles/nifi-framework-bundle/nifi-framework/nifi-client-dto/target/classes:/home/alex/.m2/repository/io/swagger/swagger-annotations/1.6.0/swagger-annotations-1.6.0.jar:/home/alex/Repositories/nifi/nifi-commons/nifi-site-to-site-client/target/classes:/home/alex/.m2/repository/org/apache/httpcomponents/httpasyncclient/4.1.4/httpasyncclient-4.1.4.jar:/home/alex/.m2/repository/org/apache/httpcomponents/httpcore-nio/4.4.10/httpcore-nio-4.4.10.jar:/home/alex/Repositories/nifi/nifi-nar-bundles/nifi-framework-bundle/nifi-framework/nifi-framework-authorization/target/classes:/home/alex/Repositories/nifi/nifi-registry/nifi-registry-core/nifi-registry-data-model/target/classes:/home/alex/Repositories/nifi/nifi-registry/nifi-registry-core/nifi-registry-revision/nifi-registry-revision-entity-model/target/classes:/home/alex/Repositories/nifi/nifi-registry/nifi-registry-core/nifi-registry-client/target/classes:/home/alex/Repositories/nifi/nifi-registry/nifi-registry-core/nifi-registry-security-utils/target/classes:/home/alex/.m2/repository/org/glassfish/jersey/core/jersey-client/2.33/jersey-client-2.33.jar:/home/alex/.m2/repository/jakarta/ws/rs/jakarta.ws.rs-api/2.1.6/jakarta.ws.rs-api-2.1.6.jar:/home/alex/.m2/repository/org/glassfish/hk2/external/jakarta.inject/2.6.1/jakarta.inject-2.6.1.jar:/home/alex/.m2/repository/org/glassfish/jersey/media/jersey-media-json-jackson/2.33/jersey-media-json-jackson-2.33.jar:/home/alex/.m2/repository/org/glassfish/jersey/ext/jersey-entity-filtering/2.33/jersey-entity-filtering-2.33.jar:/home/alex/.m2/repository/org/glassfish/jersey/inject/jersey-hk2/2.33/jersey-hk2-2.33.jar:/home/alex/.m2/repository/org/glassfish/hk2/hk2-locator/2.6.1/hk2-locator-2.6.1.jar:/home/alex/.m2/repository/org/glassfish/hk2/external/aopalliance-repackaged/2.6.1/aopalliance-repackaged-2.6.1.jar:/home/alex/.m2/repository/org/glassfish/hk2/hk2-api/2.6.1/hk2-api-2.6.1.jar:/home/alex/.m2/repository/org/glassfish/hk2/hk2-utils/2.6.1/hk2-utils-2.6.1.jar:/home/alex/.m2/repository/org/javassist/javassist/3.25.0-GA/javassist-3.25.0-GA.jar:/home/alex/.m2/repository/org/glassfish/jersey/core/jersey-common/2.33/jersey-common-2.33.jar:/home/alex/.m2/repository/jakarta/annotation/jakarta.annotation-api/1.3.5/jakarta.annotation-api-1.3.5.jar:/home/alex/.m2/repository/org/glassfish/hk2/osgi-resource-locator/1.0.3/osgi-resource-locator-1.0.3.jar:/home/alex/.m2/repository/org/glassfish/jersey/media/jersey-media-multipart/2.33/jersey-media-multipart-2.33.jar:/home/alex/.m2/repository/org/jvnet/mimepull/mimepull/1.9.13/mimepull-1.9.13.jar:/home/alex/Repositories/nifi/nifi-commons/nifi-data-provenance-utils/target/classes:/home/alex/Repositories/nifi/nifi-nar-bundles/nifi-standard-services/nifi-distributed-cache-services-bundle/nifi-distributed-cache-client-service/target/classes:/home/alex/Repositories/nifi/nifi-nar-bundles/nifi-standard-services/nifi-distributed-cache-services-bundle/nifi-distributed-cache-protocol/target/classes:/home/alex/.m2/repository/io/netty/netty-buffer/4.1.69.Final/netty-buffer-4.1.69.Final.jar:/home/alex/.m2/repository/com/google/http-client/google-http-client/1.28.0/google-http-client-1.28.0.jar:/home/alex/.m2/repository/io/opencensus/opencensus-api/0.18.0/opencensus-api-0.18.0.jar:/home/alex/.m2/repository/io/grpc/grpc-context/1.14.0/grpc-context-1.14.0.jar:/home/alex/.m2/repository/io/opencensus/opencensus-contrib-http-util/0.18.0/opencensus-contrib-http-util-0.18.0.jar:/home/alex/.m2/repository/org/apache/activemq/activemq-broker/5.15.14/activemq-broker-5.15.14.jar:/home/alex/.m2/repository/org/apache/activemq/activemq-openwire-legacy/5.15.14/activemq-openwire-legacy-5.15.14.jar:/home/alex/Repositories/nifi/nifi-nar-bundles/nifi-standard-services/nifi-ssl-context-bundle/nifi-ssl-context-service/target/classes:/home/alex/Repositories/nifi/nifi-nar-bundles/nifi-framework-bundle/nifi-framework/nifi-standard-prioritizers/target/classes:/home/alex/Repositories/nifi/nifi-nar-bundles/nifi-extension-utils/nifi-record-utils/nifi-mock-record-utils/target/classes:/home/alex/Repositories/nifi/nifi-nar-bundles/nifi-standard-services/nifi-record-serialization-services-bundle/nifi-record-serialization-services/target/classes:/home/alex/.m2/repository/org/apache/commons/commons-csv/1.8/commons-csv-1.8.jar:/home/alex/.m2/repository/com/fasterxml/jackson/dataformat/jackson-dataformat-csv/2.12.3/jackson-dataformat-csv-2.12.3.jar:/home/alex/.m2/repository/net/java/dev/stax-utils/stax-utils/20070216/stax-utils-20070216.jar:/home/alex/Repositories/nifi/nifi-nar-bundles/nifi-standard-services/nifi-lookup-services-bundle/nifi-lookup-services/target/classes:/home/alex/.m2/repository/commons-beanutils/commons-beanutils/1.9.4/commons-beanutils-1.9.4.jar:/home/alex/.m2/repository/commons-collections/commons-collections/3.2.2/commons-collections-3.2.2.jar:/home/alex/.m2/repository/com/maxmind/geoip2/geoip2/2.12.0/geoip2-2.12.0.jar:/home/alex/.m2/repository/com/maxmind/db/maxmind-db/1.2.2/maxmind-db-1.2.2.jar:/home/alex/.m2/repository/org/apache/derby/derby/10.14.2.0/derby-10.14.2.0.jar:/home/alex/.m2/repository/org/xerial/snappy/snappy-java/1.1.7.3/snappy-java-1.1.7.3.jar:/home/alex/.m2/repository/net/lingala/zip4j/zip4j/2.8.0/zip4j-2.8.0.jar:/home/alex/.m2/repository/com/h2database/h2/1.4.187/h2-1.4.187.jar:/home/alex/.m2/repository/org/mockftpserver/MockFtpServer/2.7.1/MockFtpServer-2.7.1.jar:/home/alex/.m2/repository/org/apache/sshd/sshd-core/1.7.0/sshd-core-1.7.0.jar:/home/alex/.m2/repository/com/bazaarvoice/jolt/jolt-core/0.1.1/jolt-core-0.1.1.jar:/home/alex/.m2/repository/javax/inject/javax.inject/1/javax.inject-1.jar:/home/alex/.m2/repository/com/bazaarvoice/jolt/json-utils/0.1.1/json-utils-0.1.1.jar:/home/alex/Repositories/nifi/nifi-nar-bundles/nifi-standard-bundle/nifi-standard-utils/target/classes:/home/alex/.m2/repository/net/sf/supercsv/super-csv/2.4.0/super-csv-2.4.0.jar:/home/alex/.m2/repository/com/fluenda/parcefone/2.1.0/parcefone-2.1.0.jar:/home/alex/.m2/repository/javax/validation/validation-api/1.1.0.Final/validation-api-1.1.0.Final.jar:/home/alex/.m2/repository/javax/el/javax.el-api/3.0.0/javax.el-api-3.0.0.jar:/home/alex/.m2/repository/com/github/wnameless/json/json-flattener/0.12.0/json-flattener-0.12.0.jar:/home/alex/.m2/repository/com/github/wnameless/json/json-base/2.0.0/json-base-2.0.0.jar:/home/alex/.m2/repository/org/apache/bval/bval-jsr/1.1.2/bval-jsr-1.1.2.jar:/home/alex/.m2/repository/org/apache/bval/bval-core/1.1.2/bval-core-1.1.2.jar:/home/alex/.m2/repository/io/krakens/java-grok/0.1.9/java-grok-0.1.9.jar:/home/alex/.m2/repository/org/apache/calcite/calcite-core/1.27.0/calcite-core-1.27.0.jar:/home/alex/.m2/repository/org/apache/calcite/calcite-linq4j/1.27.0/calcite-linq4j-1.27.0.jar:/home/alex/.m2/repository/com/esri/geometry/esri-geometry-api/2.2.0/esri-geometry-api-2.2.0.jar:/home/alex/.m2/repository/org/apache/calcite/avatica/avatica-core/1.18.0/avatica-core-1.18.0.jar:/home/alex/.m2/repository/org/apache/calcite/avatica/avatica-metrics/1.18.0/avatica-metrics-1.18.0.jar:/home/alex/.m2/repository/com/google/protobuf/protobuf-java/3.6.1/protobuf-java-3.6.1.jar:/home/alex/.m2/repository/org/apiguardian/apiguardian-api/1.1.0/apiguardian-api-1.1.0.jar:/home/alex/.m2/repository/com/fasterxml/jackson/dataformat/jackson-dataformat-yaml/2.10.0/jackson-dataformat-yaml-2.10.0.jar:/home/alex/.m2/repository/org/yaml/snakeyaml/1.29/snakeyaml-1.29.jar:/home/alex/.m2/repository/com/google/uzaygezen/uzaygezen-core/0.2/uzaygezen-core-0.2.jar:/home/alex/.m2/repository/com/yahoo/datasketches/sketches-core/0.9.0/sketches-core-0.9.0.jar:/home/alex/.m2/repository/com/yahoo/datasketches/memory/0.9.0/memory-0.9.0.jar:/home/alex/.m2/repository/net/hydromatic/aggdesigner-algorithm/6.0/aggdesigner-algorithm-6.0.jar:/home/alex/.m2/repository/commons-lang/commons-lang/2.4/commons-lang-2.4.jar:/home/alex/.m2/repository/org/apache/commons/commons-dbcp2/2.6.0/commons-dbcp2-2.6.0.jar:/home/alex/.m2/repository/org/apache/commons/commons-pool2/2.6.1/commons-pool2-2.6.1.jar:/home/alex/.m2/repository/org/codehaus/janino/commons-compiler/3.0.11/commons-compiler-3.0.11.jar:/home/alex/.m2/repository/org/codehaus/janino/janino/3.0.11/janino-3.0.11.jar:/home/alex/Repositories/nifi/nifi-nar-bundles/nifi-standard-services/nifi-schema-registry-service-api/target/classes:/home/alex/Repositories/nifi/nifi-nar-bundles/nifi-extension-utils/nifi-database-utils/target/classes:/home/alex/Repositories/nifi/nifi-nar-bundles/nifi-standard-bundle/nifi-standard-web-test-utils/target/classes:/home/alex/.m2/repository/com/github/stefanbirkner/fake-sftp-server-rule/2.0.1/fake-sftp-server-rule-2.0.1.jar:/home/alex/.m2/repository/com/github/marschall/memoryfilesystem/2.8.0/memoryfilesystem-2.8.0.jar:/home/alex/.m2/repository/junit/junit/4.13.2/junit-4.13.2.jar:/home/alex/.m2/repository/org/hamcrest/hamcrest-core/1.3/hamcrest-core-1.3.jar:/home/alex/Repositories/nifi/nifi-nar-bundles/nifi-extension-utils/nifi-database-test-utils/target/classes:/home/alex/.m2/repository/org/codehaus/groovy/groovy-json/2.5.14/groovy-json-2.5.14.jar:/home/alex/.m2/repository/org/codehaus/groovy/groovy/2.5.14/groovy-2.5.14.jar:/home/alex/.m2/repository/org/codehaus/groovy/groovy-servlet/2.5.14/groovy-servlet-2.5.14.jar:/home/alex/.m2/repository/org/codehaus/groovy/groovy-templates/2.5.14/groovy-templates-2.5.14.jar:/home/alex/.m2/repository/org/codehaus/groovy/groovy-xml/2.5.14/groovy-xml-2.5.14.jar:/home/alex/.m2/repository/org/hamcrest/hamcrest-all/1.3/hamcrest-all-1.3.jar:/home/alex/.m2/repository/com/squareup/okhttp3/mockwebserver/4.9.2/mockwebserver-4.9.2.jar:/home/alex/.m2/repository/org/jetbrains/kotlin/kotlin-stdlib-jdk8/1.4.10/kotlin-stdlib-jdk8-1.4.10.jar:/home/alex/.m2/repository/org/jetbrains/kotlin/kotlin-stdlib-jdk7/1.4.10/kotlin-stdlib-jdk7-1.4.10.jar:/home/alex/.m2/repository/org/mockito/mockito-inline/3.12.4/mockito-inline-3.12.4.jar:/home/alex/.m2/repository/org/junit/jupiter/junit-jupiter-api/5.7.2/junit-jupiter-api-5.7.2.jar:/home/alex/.m2/repository/org/opentest4j/opentest4j/1.2.0/opentest4j-1.2.0.jar:/home/alex/.m2/repository/org/junit/platform/junit-platform-commons/1.7.2/junit-platform-commons-1.7.2.jar:/home/alex/.m2/repository/org/junit/jupiter/junit-jupiter-engine/5.7.2/junit-jupiter-engine-5.7.2.jar:/home/alex/.m2/repository/org/junit/platform/junit-platform-engine/1.7.2/junit-platform-engine-1.7.2.jar:/home/alex/.m2/repository/org/junit/vintage/junit-vintage-engine/5.7.2/junit-vintage-engine-5.7.2.jar:/home/alex/.m2/repository/org/junit/jupiter/junit-jupiter-params/5.7.2/junit-jupiter-params-5.7.2.jar:/home/alex/.m2/repository/org/mockito/mockito-core/3.11.2/mockito-core-3.11.2.jar:/home/alex/.m2/repository/net/bytebuddy/byte-buddy/1.11.3/byte-buddy-1.11.3.jar:/home/alex/.m2/repository/net/bytebuddy/byte-buddy-agent/1.11.3/byte-buddy-agent-1.11.3.jar:/home/alex/.m2/repository/org/objenesis/objenesis/3.2/objenesis-3.2.jar:/home/alex/.m2/repository/org/mockito/mockito-junit-jupiter/3.11.2/mockito-junit-jupiter-3.11.2.jar:/home/alex/.m2/repository/org/slf4j/slf4j-simple/1.7.32/slf4j-simple-1.7.32.jar:/home/alex/.m2/repository/org/codehaus/groovy/groovy-test/2.5.14/groovy-test-2.5.14.jar:"/>
    <property name="org.slf4j.simpleLogger.log.nifi.processors.standard.TestExecuteSQLRecord" value="debug"/>
    <property name="java.vm.vendor" value="Private Build"/>
    <property name="sun.arch.data.model" value="64"/>
    <property name="java.vendor.url" value="http://java.oracle.com/"/>
    <property name="user.timezone" value="Europe/Lisbon"/>
    <property name="java.vm.specification.version" value="1.8"/>
    <property name="os.name" value="Linux"/>
    <property name="user.country" value="US"/>
    <property name="sun.java.launcher" value="SUN_STANDARD"/>
    <property name="sun.boot.library.path" value="/usr/lib/jvm/java-8-openjdk-amd64/jre/lib/amd64"/>
    <property name="sun.java.command" value="/home/alex/Repositories/nifi/nifi-nar-bundles/nifi-standard-bundle/nifi-standard-processors/target/surefire/surefirebooter9102486319766494456.jar /home/alex/Repositories/nifi/nifi-nar-bundles/nifi-standard-bundle/nifi-standard-processors/target/surefire 2024-05-02T03-23-33_830-jvmRun1 surefire4678910215160170132tmp surefire_698813792753071590827tmp"/>
    <property name="org.slf4j.simpleLogger.log.nifi.io.nio" value="debug"/>
    <property name="surefire.test.class.path" value="/home/alex/Repositories/nifi/nifi-nar-bundles/nifi-standard-bundle/nifi-standard-processors/target/test-classes:/home/alex/Repositories/nifi/nifi-nar-bundles/nifi-standard-bundle/nifi-standard-processors/target/classes:/home/alex/.m2/repository/org/apache/ftpserver/ftpserver-core/1.1.1/ftpserver-core-1.1.1.jar:/home/alex/.m2/repository/org/apache/ftpserver/ftplet-api/1.1.1/ftplet-api-1.1.1.jar:/home/alex/.m2/repository/org/slf4j/slf4j-api/1.7.32/slf4j-api-1.7.32.jar:/home/alex/.m2/repository/org/apache/mina/mina-core/2.0.16/mina-core-2.0.16.jar:/home/alex/Repositories/nifi/nifi-api/target/classes:/home/alex/Repositories/nifi/nifi-commons/nifi-expression-language/target/classes:/home/alex/.m2/repository/org/antlr/antlr-runtime/3.5.2/antlr-runtime-3.5.2.jar:/home/alex/Repositories/nifi/nifi-commons/nifi-parameter/target/classes:/home/alex/Repositories/nifi/nifi-commons/nifi-uuid5/target/classes:/home/alex/.m2/repository/org/apache/commons/commons-text/1.8/commons-text-1.8.jar:/home/alex/Repositories/nifi/nifi-nar-bundles/nifi-extension-utils/nifi-processor-utils/target/classes:/home/alex/Repositories/nifi/nifi-commons/nifi-security-socket-ssl/target/classes:/home/alex/Repositories/nifi/nifi-nar-bundles/nifi-extension-utils/nifi-event-transport/target/classes:/home/alex/.m2/repository/io/netty/netty-handler/4.1.69.Final/netty-handler-4.1.69.Final.jar:/home/alex/.m2/repository/io/netty/netty-common/4.1.69.Final/netty-common-4.1.69.Final.jar:/home/alex/.m2/repository/io/netty/netty-resolver/4.1.69.Final/netty-resolver-4.1.69.Final.jar:/home/alex/.m2/repository/io/netty/netty-transport/4.1.69.Final/netty-transport-4.1.69.Final.jar:/home/alex/.m2/repository/io/netty/netty-codec/4.1.69.Final/netty-codec-4.1.69.Final.jar:/home/alex/Repositories/nifi/nifi-nar-bundles/nifi-extension-utils/nifi-syslog-utils/target/classes:/home/alex/.m2/repository/com/github/palindromicity/simple-syslog-5424/0.0.16/simple-syslog-5424-0.0.16.jar:/home/alex/.m2/repository/org/antlr/antlr4-runtime/4.7.2/antlr4-runtime-4.7.2.jar:/home/alex/Repositories/nifi/nifi-commons/nifi-utils/target/classes:/home/alex/Repositories/nifi/nifi-commons/nifi-record-path/target/classes:/home/alex/Repositories/nifi/nifi-commons/nifi-properties/target/classes:/home/alex/Repositories/nifi/nifi-commons/nifi-property-utils/target/classes:/home/alex/.m2/repository/com/github/ben-manes/caffeine/caffeine/2.8.1/caffeine-2.8.1.jar:/home/alex/Repositories/nifi/nifi-nar-bundles/nifi-standard-services/nifi-ssl-context-service-api/target/classes:/home/alex/Repositories/nifi/nifi-commons/nifi-security-utils-api/target/classes:/home/alex/Repositories/nifi/nifi-nar-bundles/nifi-standard-services/nifi-lookup-service-api/target/classes:/home/alex/Repositories/nifi/nifi-commons/nifi-flowfile-packager/target/classes:/home/alex/Repositories/nifi/nifi-nar-bundles/nifi-standard-services/nifi-distributed-cache-client-service-api/target/classes:/home/alex/Repositories/nifi/nifi-nar-bundles/nifi-standard-services/nifi-http-context-map-api/target/classes:/home/alex/Repositories/nifi/nifi-nar-bundles/nifi-standard-services/nifi-record-serialization-service-api/target/classes:/home/alex/Repositories/nifi/nifi-nar-bundles/nifi-standard-services/nifi-proxy-configuration-api/target/classes:/home/alex/Repositories/nifi/nifi-commons/nifi-record/target/classes:/home/alex/Repositories/nifi/nifi-nar-bundles/nifi-standard-services/nifi-record-sink-api/target/classes:/home/alex/.m2/repository/commons-io/commons-io/2.10.0/commons-io-2.10.0.jar:/home/alex/.m2/repository/javax/ws/rs/javax.ws.rs-api/2.1/javax.ws.rs-api-2.1.jar:/home/alex/.m2/repository/commons-net/commons-net/3.6/commons-net-3.6.jar:/home/alex/.m2/repository/org/apache/commons/commons-compress/1.21/commons-compress-1.21.jar:/home/alex/.m2/repository/org/apache/commons/commons-lang3/3.9/commons-lang3-3.9.jar:/home/alex/.m2/repository/org/bouncycastle/bcprov-jdk15on/1.69/bcprov-jdk15on-1.69.jar:/home/alex/.m2/repository/org/bouncycastle/bcpg-jdk15on/1.69/bcpg-jdk15on-1.69.jar:/home/alex/.m2/repository/org/bouncycastle/bcpkix-jdk15on/1.69/bcpkix-jdk15on-1.69.jar:/home/alex/.m2/repository/org/bouncycastle/bcutil-jdk15on/1.69/bcutil-jdk15on-1.69.jar:/home/alex/.m2/repository/commons-codec/commons-codec/1.14/commons-codec-1.14.jar:/home/alex/Repositories/nifi/nifi-commons/nifi-security-utils/target/classes:/home/alex/Repositories/nifi/nifi-commons/nifi-security-kms/target/classes:/home/alex/.m2/repository/org/apache/commons/commons-configuration2/2.7/commons-configuration2-2.7.jar:/home/alex/.m2/repository/com/hierynomus/sshj/0.32.0/sshj-0.32.0.jar:/home/alex/.m2/repository/com/jcraft/jzlib/1.1.3/jzlib-1.1.3.jar:/home/alex/.m2/repository/com/hierynomus/asn-one/0.6.0/asn-one-0.6.0.jar:/home/alex/.m2/repository/net/i2p/crypto/eddsa/0.3.0/eddsa-0.3.0.jar:/home/alex/.m2/repository/org/eclipse/jetty/jetty-server/9.4.44.v20210927/jetty-server-9.4.44.v20210927.jar:/home/alex/.m2/repository/javax/servlet/javax.servlet-api/3.1.0/javax.servlet-api-3.1.0.jar:/home/alex/.m2/repository/org/eclipse/jetty/jetty-http/9.4.44.v20210927/jetty-http-9.4.44.v20210927.jar:/home/alex/.m2/repository/org/eclipse/jetty/jetty-util/9.4.44.v20210927/jetty-util-9.4.44.v20210927.jar:/home/alex/.m2/repository/org/eclipse/jetty/jetty-io/9.4.44.v20210927/jetty-io-9.4.44.v20210927.jar:/home/alex/.m2/repository/org/eclipse/jetty/jetty-servlet/9.4.44.v20210927/jetty-servlet-9.4.44.v20210927.jar:/home/alex/.m2/repository/org/eclipse/jetty/jetty-security/9.4.44.v20210927/jetty-security-9.4.44.v20210927.jar:/home/alex/.m2/repository/org/eclipse/jetty/jetty-util-ajax/9.4.44.v20210927/jetty-util-ajax-9.4.44.v20210927.jar:/home/alex/.m2/repository/org/apache/httpcomponents/httpclient/4.5.5/httpclient-4.5.5.jar:/home/alex/.m2/repository/commons-logging/commons-logging/1.2/commons-logging-1.2.jar:/home/alex/.m2/repository/org/apache/httpcomponents/httpcore/4.4.9/httpcore-4.4.9.jar:/home/alex/.m2/repository/jakarta/activation/jakarta.activation-api/2.0.1/jakarta.activation-api-2.0.1.jar:/home/alex/.m2/repository/com/sun/activation/jakarta.activation/2.0.1/jakarta.activation-2.0.1.jar:/home/alex/.m2/repository/jakarta/mail/jakarta.mail-api/2.0.1/jakarta.mail-api-2.0.1.jar:/home/alex/.m2/repository/com/sun/mail/jakarta.mail/2.0.1/jakarta.mail-2.0.1.jar:/home/alex/.m2/repository/com/github/jponge/lzma-java/1.3/lzma-java-1.3.jar:/home/alex/.m2/repository/org/tukaani/xz/1.8/xz-1.8.jar:/home/alex/.m2/repository/net/sf/saxon/Saxon-HE/10.6/Saxon-HE-10.6.jar:/home/alex/Repositories/nifi/nifi-commons/nifi-socket-utils/target/classes:/home/alex/Repositories/nifi/nifi-commons/nifi-logging-utils/target/classes:/home/alex/Repositories/nifi/nifi-nar-bundles/nifi-standard-services/nifi-load-distribution-service-api/target/classes:/home/alex/.m2/repository/javax/jms/javax.jms-api/2.0.1/javax.jms-api-2.0.1.jar:/home/alex/.m2/repository/org/apache/activemq/activemq-client/5.15.15/activemq-client-5.15.15.jar:/home/alex/.m2/repository/org/apache/geronimo/specs/geronimo-jms_1.1_spec/1.1.1/geronimo-jms_1.1_spec-1.1.1.jar:/home/alex/.m2/repository/org/fusesource/hawtbuf/hawtbuf/1.11/hawtbuf-1.11.jar:/home/alex/.m2/repository/org/apache/geronimo/specs/geronimo-j2ee-management_1.1_spec/1.0.1/geronimo-j2ee-management_1.1_spec-1.0.1.jar:/home/alex/.m2/repository/com/jayway/jsonpath/json-path/2.6.0/json-path-2.6.0.jar:/home/alex/.m2/repository/net/minidev/json-smart/2.4.7/json-smart-2.4.7.jar:/home/alex/.m2/repository/net/minidev/accessors-smart/2.4.7/accessors-smart-2.4.7.jar:/home/alex/.m2/repository/org/ow2/asm/asm/9.1/asm-9.1.jar:/home/alex/.m2/repository/org/apache/tika/tika-core/1.26/tika-core-1.26.jar:/home/alex/.m2/repository/com/fasterxml/jackson/core/jackson-databind/2.12.3/jackson-databind-2.12.3.jar:/home/alex/.m2/repository/com/fasterxml/jackson/core/jackson-annotations/2.12.3/jackson-annotations-2.12.3.jar:/home/alex/.m2/repository/com/fasterxml/jackson/core/jackson-core/2.12.3/jackson-core-2.12.3.jar:/home/alex/Repositories/nifi/nifi-nar-bundles/nifi-extension-utils/nifi-record-utils/nifi-avro-record-utils/target/classes:/home/alex/Repositories/nifi/nifi-nar-bundles/nifi-extension-utils/nifi-record-utils/nifi-standard-record-utils/target/classes:/home/alex/.m2/repository/org/apache/avro/avro/1.8.1/avro-1.8.1.jar:/home/alex/.m2/repository/org/codehaus/jackson/jackson-core-asl/1.9.13/jackson-core-asl-1.9.13.jar:/home/alex/.m2/repository/org/codehaus/jackson/jackson-mapper-asl/1.9.13/jackson-mapper-asl-1.9.13.jar:/home/alex/.m2/repository/com/thoughtworks/paranamer/paranamer/2.7/paranamer-2.7.jar:/home/alex/Repositories/nifi/nifi-nar-bundles/nifi-standard-services/nifi-dbcp-service-api/target/classes:/home/alex/.m2/repository/com/squareup/okhttp3/okhttp/4.9.2/okhttp-4.9.2.jar:/home/alex/.m2/repository/com/squareup/okio/okio/2.8.0/okio-2.8.0.jar:/home/alex/.m2/repository/org/jetbrains/kotlin/kotlin-stdlib-common/1.4.0/kotlin-stdlib-common-1.4.0.jar:/home/alex/.m2/repository/org/jetbrains/kotlin/kotlin-stdlib/1.4.10/kotlin-stdlib-1.4.10.jar:/home/alex/.m2/repository/org/jetbrains/annotations/13.0/annotations-13.0.jar:/home/alex/.m2/repository/io/github/rburgst/okhttp-digest/2.5/okhttp-digest-2.5.jar:/home/alex/.m2/repository/at/favre/lib/bcrypt/0.9.0/bcrypt-0.9.0.jar:/home/alex/.m2/repository/at/favre/lib/bytes/1.3.0/bytes-1.3.0.jar:/home/alex/.m2/repository/com/google/guava/guava/28.0-jre/guava-28.0-jre.jar:/home/alex/.m2/repository/com/google/guava/failureaccess/1.0.1/failureaccess-1.0.1.jar:/home/alex/.m2/repository/com/google/guava/listenablefuture/9999.0-empty-to-avoid-conflict-with-guava/listenablefuture-9999.0-empty-to-avoid-conflict-with-guava.jar:/home/alex/.m2/repository/com/google/code/findbugs/jsr305/3.0.2/jsr305-3.0.2.jar:/home/alex/.m2/repository/org/checkerframework/checker-qual/2.8.1/checker-qual-2.8.1.jar:/home/alex/.m2/repository/com/google/errorprone/error_prone_annotations/2.3.2/error_prone_annotations-2.3.2.jar:/home/alex/.m2/repository/com/google/j2objc/j2objc-annotations/1.3/j2objc-annotations-1.3.jar:/home/alex/.m2/repository/org/codehaus/mojo/animal-sniffer-annotations/1.17/animal-sniffer-annotations-1.17.jar:/home/alex/Repositories/nifi/nifi-mock/target/classes:/home/alex/Repositories/nifi/nifi-framework-api/target/classes:/home/alex/Repositories/nifi/nifi-nar-bundles/nifi-framework-bundle/nifi-framework/nifi-framework-core-api/target/classes:/home/alex/Repositories/nifi/nifi-nar-bundles/nifi-framework-bundle/nifi-framework/nifi-framework-nar-utils/target/classes:/home/alex/Repositories/nifi/nifi-nar-bundles/nifi-framework-bundle/nifi-framework/nifi-client-dto/target/classes:/home/alex/.m2/repository/io/swagger/swagger-annotations/1.6.0/swagger-annotations-1.6.0.jar:/home/alex/Repositories/nifi/nifi-commons/nifi-site-to-site-client/target/classes:/home/alex/.m2/repository/org/apache/httpcomponents/httpasyncclient/4.1.4/httpasyncclient-4.1.4.jar:/home/alex/.m2/repository/org/apache/httpcomponents/httpcore-nio/4.4.10/httpcore-nio-4.4.10.jar:/home/alex/Repositories/nifi/nifi-nar-bundles/nifi-framework-bundle/nifi-framework/nifi-framework-authorization/target/classes:/home/alex/Repositories/nifi/nifi-registry/nifi-registry-core/nifi-registry-data-model/target/classes:/home/alex/Repositories/nifi/nifi-registry/nifi-registry-core/nifi-registry-revision/nifi-registry-revision-entity-model/target/classes:/home/alex/Repositories/nifi/nifi-registry/nifi-registry-core/nifi-registry-client/target/classes:/home/alex/Repositories/nifi/nifi-registry/nifi-registry-core/nifi-registry-security-utils/target/classes:/home/alex/.m2/repository/org/glassfish/jersey/core/jersey-client/2.33/jersey-client-2.33.jar:/home/alex/.m2/repository/jakarta/ws/rs/jakarta.ws.rs-api/2.1.6/jakarta.ws.rs-api-2.1.6.jar:/home/alex/.m2/repository/org/glassfish/hk2/external/jakarta.inject/2.6.1/jakarta.inject-2.6.1.jar:/home/alex/.m2/repository/org/glassfish/jersey/media/jersey-media-json-jackson/2.33/jersey-media-json-jackson-2.33.jar:/home/alex/.m2/repository/org/glassfish/jersey/ext/jersey-entity-filtering/2.33/jersey-entity-filtering-2.33.jar:/home/alex/.m2/repository/org/glassfish/jersey/inject/jersey-hk2/2.33/jersey-hk2-2.33.jar:/home/alex/.m2/repository/org/glassfish/hk2/hk2-locator/2.6.1/hk2-locator-2.6.1.jar:/home/alex/.m2/repository/org/glassfish/hk2/external/aopalliance-repackaged/2.6.1/aopalliance-repackaged-2.6.1.jar:/home/alex/.m2/repository/org/glassfish/hk2/hk2-api/2.6.1/hk2-api-2.6.1.jar:/home/alex/.m2/repository/org/glassfish/hk2/hk2-utils/2.6.1/hk2-utils-2.6.1.jar:/home/alex/.m2/repository/org/javassist/javassist/3.25.0-GA/javassist-3.25.0-GA.jar:/home/alex/.m2/repository/org/glassfish/jersey/core/jersey-common/2.33/jersey-common-2.33.jar:/home/alex/.m2/repository/jakarta/annotation/jakarta.annotation-api/1.3.5/jakarta.annotation-api-1.3.5.jar:/home/alex/.m2/repository/org/glassfish/hk2/osgi-resource-locator/1.0.3/osgi-resource-locator-1.0.3.jar:/home/alex/.m2/repository/org/glassfish/jersey/media/jersey-media-multipart/2.33/jersey-media-multipart-2.33.jar:/home/alex/.m2/repository/org/jvnet/mimepull/mimepull/1.9.13/mimepull-1.9.13.jar:/home/alex/Repositories/nifi/nifi-commons/nifi-data-provenance-utils/target/classes:/home/alex/Repositories/nifi/nifi-nar-bundles/nifi-standard-services/nifi-distributed-cache-services-bundle/nifi-distributed-cache-client-service/target/classes:/home/alex/Repositories/nifi/nifi-nar-bundles/nifi-standard-services/nifi-distributed-cache-services-bundle/nifi-distributed-cache-protocol/target/classes:/home/alex/.m2/repository/io/netty/netty-buffer/4.1.69.Final/netty-buffer-4.1.69.Final.jar:/home/alex/.m2/repository/com/google/http-client/google-http-client/1.28.0/google-http-client-1.28.0.jar:/home/alex/.m2/repository/io/opencensus/opencensus-api/0.18.0/opencensus-api-0.18.0.jar:/home/alex/.m2/repository/io/grpc/grpc-context/1.14.0/grpc-context-1.14.0.jar:/home/alex/.m2/repository/io/opencensus/opencensus-contrib-http-util/0.18.0/opencensus-contrib-http-util-0.18.0.jar:/home/alex/.m2/repository/org/apache/activemq/activemq-broker/5.15.14/activemq-broker-5.15.14.jar:/home/alex/.m2/repository/org/apache/activemq/activemq-openwire-legacy/5.15.14/activemq-openwire-legacy-5.15.14.jar:/home/alex/Repositories/nifi/nifi-nar-bundles/nifi-standard-services/nifi-ssl-context-bundle/nifi-ssl-context-service/target/classes:/home/alex/Repositories/nifi/nifi-nar-bundles/nifi-framework-bundle/nifi-framework/nifi-standard-prioritizers/target/classes:/home/alex/Repositories/nifi/nifi-nar-bundles/nifi-extension-utils/nifi-record-utils/nifi-mock-record-utils/target/classes:/home/alex/Repositories/nifi/nifi-nar-bundles/nifi-standard-services/nifi-record-serialization-services-bundle/nifi-record-serialization-services/target/classes:/home/alex/.m2/repository/org/apache/commons/commons-csv/1.8/commons-csv-1.8.jar:/home/alex/.m2/repository/com/fasterxml/jackson/dataformat/jackson-dataformat-csv/2.12.3/jackson-dataformat-csv-2.12.3.jar:/home/alex/.m2/repository/net/java/dev/stax-utils/stax-utils/20070216/stax-utils-20070216.jar:/home/alex/Repositories/nifi/nifi-nar-bundles/nifi-standard-services/nifi-lookup-services-bundle/nifi-lookup-services/target/classes:/home/alex/.m2/repository/commons-beanutils/commons-beanutils/1.9.4/commons-beanutils-1.9.4.jar:/home/alex/.m2/repository/commons-collections/commons-collections/3.2.2/commons-collections-3.2.2.jar:/home/alex/.m2/repository/com/maxmind/geoip2/geoip2/2.12.0/geoip2-2.12.0.jar:/home/alex/.m2/repository/com/maxmind/db/maxmind-db/1.2.2/maxmind-db-1.2.2.jar:/home/alex/.m2/repository/org/apache/derby/derby/10.14.2.0/derby-10.14.2.0.jar:/home/alex/.m2/repository/org/xerial/snappy/snappy-java/1.1.7.3/snappy-java-1.1.7.3.jar:/home/alex/.m2/repository/net/lingala/zip4j/zip4j/2.8.0/zip4j-2.8.0.jar:/home/alex/.m2/repository/com/h2database/h2/1.4.187/h2-1.4.187.jar:/home/alex/.m2/repository/org/mockftpserver/MockFtpServer/2.7.1/MockFtpServer-2.7.1.jar:/home/alex/.m2/repository/org/apache/sshd/sshd-core/1.7.0/sshd-core-1.7.0.jar:/home/alex/.m2/repository/com/bazaarvoice/jolt/jolt-core/0.1.1/jolt-core-0.1.1.jar:/home/alex/.m2/repository/javax/inject/javax.inject/1/javax.inject-1.jar:/home/alex/.m2/repository/com/bazaarvoice/jolt/json-utils/0.1.1/json-utils-0.1.1.jar:/home/alex/Repositories/nifi/nifi-nar-bundles/nifi-standard-bundle/nifi-standard-utils/target/classes:/home/alex/.m2/repository/net/sf/supercsv/super-csv/2.4.0/super-csv-2.4.0.jar:/home/alex/.m2/repository/com/fluenda/parcefone/2.1.0/parcefone-2.1.0.jar:/home/alex/.m2/repository/javax/validation/validation-api/1.1.0.Final/validation-api-1.1.0.Final.jar:/home/alex/.m2/repository/javax/el/javax.el-api/3.0.0/javax.el-api-3.0.0.jar:/home/alex/.m2/repository/com/github/wnameless/json/json-flattener/0.12.0/json-flattener-0.12.0.jar:/home/alex/.m2/repository/com/github/wnameless/json/json-base/2.0.0/json-base-2.0.0.jar:/home/alex/.m2/repository/org/apache/bval/bval-jsr/1.1.2/bval-jsr-1.1.2.jar:/home/alex/.m2/repository/org/apache/bval/bval-core/1.1.2/bval-core-1.1.2.jar:/home/alex/.m2/repository/io/krakens/java-grok/0.1.9/java-grok-0.1.9.jar:/home/alex/.m2/repository/org/apache/calcite/calcite-core/1.27.0/calcite-core-1.27.0.jar:/home/alex/.m2/repository/org/apache/calcite/calcite-linq4j/1.27.0/calcite-linq4j-1.27.0.jar:/home/alex/.m2/repository/com/esri/geometry/esri-geometry-api/2.2.0/esri-geometry-api-2.2.0.jar:/home/alex/.m2/repository/org/apache/calcite/avatica/avatica-core/1.18.0/avatica-core-1.18.0.jar:/home/alex/.m2/repository/org/apache/calcite/avatica/avatica-metrics/1.18.0/avatica-metrics-1.18.0.jar:/home/alex/.m2/repository/com/google/protobuf/protobuf-java/3.6.1/protobuf-java-3.6.1.jar:/home/alex/.m2/repository/org/apiguardian/apiguardian-api/1.1.0/apiguardian-api-1.1.0.jar:/home/alex/.m2/repository/com/fasterxml/jackson/dataformat/jackson-dataformat-yaml/2.10.0/jackson-dataformat-yaml-2.10.0.jar:/home/alex/.m2/repository/org/yaml/snakeyaml/1.29/snakeyaml-1.29.jar:/home/alex/.m2/repository/com/google/uzaygezen/uzaygezen-core/0.2/uzaygezen-core-0.2.jar:/home/alex/.m2/repository/com/yahoo/datasketches/sketches-core/0.9.0/sketches-core-0.9.0.jar:/home/alex/.m2/repository/com/yahoo/datasketches/memory/0.9.0/memory-0.9.0.jar:/home/alex/.m2/repository/net/hydromatic/aggdesigner-algorithm/6.0/aggdesigner-algorithm-6.0.jar:/home/alex/.m2/repository/commons-lang/commons-lang/2.4/commons-lang-2.4.jar:/home/alex/.m2/repository/org/apache/commons/commons-dbcp2/2.6.0/commons-dbcp2-2.6.0.jar:/home/alex/.m2/repository/org/apache/commons/commons-pool2/2.6.1/commons-pool2-2.6.1.jar:/home/alex/.m2/repository/org/codehaus/janino/commons-compiler/3.0.11/commons-compiler-3.0.11.jar:/home/alex/.m2/repository/org/codehaus/janino/janino/3.0.11/janino-3.0.11.jar:/home/alex/Repositories/nifi/nifi-nar-bundles/nifi-standard-services/nifi-schema-registry-service-api/target/classes:/home/alex/Repositories/nifi/nifi-nar-bundles/nifi-extension-utils/nifi-database-utils/target/classes:/home/alex/Repositories/nifi/nifi-nar-bundles/nifi-standard-bundle/nifi-standard-web-test-utils/target/classes:/home/alex/.m2/repository/com/github/stefanbirkner/fake-sftp-server-rule/2.0.1/fake-sftp-server-rule-2.0.1.jar:/home/alex/.m2/repository/com/github/marschall/memoryfilesystem/2.8.0/memoryfilesystem-2.8.0.jar:/home/alex/.m2/repository/junit/junit/4.13.2/junit-4.13.2.jar:/home/alex/.m2/repository/org/hamcrest/hamcrest-core/1.3/hamcrest-core-1.3.jar:/home/alex/Repositories/nifi/nifi-nar-bundles/nifi-extension-utils/nifi-database-test-utils/target/classes:/home/alex/.m2/repository/org/codehaus/groovy/groovy-json/2.5.14/groovy-json-2.5.14.jar:/home/alex/.m2/repository/org/codehaus/groovy/groovy/2.5.14/groovy-2.5.14.jar:/home/alex/.m2/repository/org/codehaus/groovy/groovy-servlet/2.5.14/groovy-servlet-2.5.14.jar:/home/alex/.m2/repository/org/codehaus/groovy/groovy-templates/2.5.14/groovy-templates-2.5.14.jar:/home/alex/.m2/repository/org/codehaus/groovy/groovy-xml/2.5.14/groovy-xml-2.5.14.jar:/home/alex/.m2/repository/org/hamcrest/hamcrest-all/1.3/hamcrest-all-1.3.jar:/home/alex/.m2/repository/com/squareup/okhttp3/mockwebserver/4.9.2/mockwebserver-4.9.2.jar:/home/alex/.m2/repository/org/jetbrains/kotlin/kotlin-stdlib-jdk8/1.4.10/kotlin-stdlib-jdk8-1.4.10.jar:/home/alex/.m2/repository/org/jetbrains/kotlin/kotlin-stdlib-jdk7/1.4.10/kotlin-stdlib-jdk7-1.4.10.jar:/home/alex/.m2/repository/org/mockito/mockito-inline/3.12.4/mockito-inline-3.12.4.jar:/home/alex/.m2/repository/org/junit/jupiter/junit-jupiter-api/5.7.2/junit-jupiter-api-5.7.2.jar:/home/alex/.m2/repository/org/opentest4j/opentest4j/1.2.0/opentest4j-1.2.0.jar:/home/alex/.m2/repository/org/junit/platform/junit-platform-commons/1.7.2/junit-platform-commons-1.7.2.jar:/home/alex/.m2/repository/org/junit/jupiter/junit-jupiter-engine/5.7.2/junit-jupiter-engine-5.7.2.jar:/home/alex/.m2/repository/org/junit/platform/junit-platform-engine/1.7.2/junit-platform-engine-1.7.2.jar:/home/alex/.m2/repository/org/junit/vintage/junit-vintage-engine/5.7.2/junit-vintage-engine-5.7.2.jar:/home/alex/.m2/repository/org/junit/jupiter/junit-jupiter-params/5.7.2/junit-jupiter-params-5.7.2.jar:/home/alex/.m2/repository/org/mockito/mockito-core/3.11.2/mockito-core-3.11.2.jar:/home/alex/.m2/repository/net/bytebuddy/byte-buddy/1.11.3/byte-buddy-1.11.3.jar:/home/alex/.m2/repository/net/bytebuddy/byte-buddy-agent/1.11.3/byte-buddy-agent-1.11.3.jar:/home/alex/.m2/repository/org/objenesis/objenesis/3.2/objenesis-3.2.jar:/home/alex/.m2/repository/org/mockito/mockito-junit-jupiter/3.11.2/mockito-junit-jupiter-3.11.2.jar:/home/alex/.m2/repository/org/slf4j/slf4j-simple/1.7.32/slf4j-simple-1.7.32.jar:/home/alex/.m2/repository/org/codehaus/groovy/groovy-test/2.5.14/groovy-test-2.5.14.jar:"/>
    <property name="sun.cpu.endian" value="little"/>
    <property name="user.home" value="/home/alex"/>
    <property name="user.language" value="en"/>
    <property name="java.specification.vendor" value="Oracle Corporation"/>
    <property name="java.home" value="/usr/lib/jvm/java-8-openjdk-amd64/jre"/>
    <property name="org.slf4j.simpleLogger.log.nifi.processors.standard.ExecuteStreamCommand" value="debug"/>
    <property name="basedir" value="/home/alex/Repositories/nifi/nifi-nar-bundles/nifi-standard-bundle/nifi-standard-processors"/>
    <property name="file.separator" value="/"/>
    <property name="line.separator" value="&#10;"/>
    <property name="java.vm.specification.vendor" value="Oracle Corporation"/>
    <property name="java.specification.name" value="Java Platform API Specification"/>
    <property name="derby.stream.error.file" value="target/derby.log"/>
    <property name="org.slf4j.simpleLogger.log.org.apache.nifi" value="TRACE"/>
    <property name="javax.xml.xpath.XPathFactory:http://saxon.sf.net/jaxp/xpath/om" value="net.sf.saxon.xpath.XPathFactoryImpl"/>
    <property name="java.awt.graphicsenv" value="sun.awt.X11GraphicsEnvironment"/>
    <property name="org.slf4j.simpleLogger.log.org.apache.nifi.processors.standard.SQLTransform" value="debug"/>
    <property name="java.awt.headless" value="true"/>
    <property name="org.slf4j.simpleLogger.log.nifi.processors.standard.ExecuteSQLRecord" value="debug"/>
    <property name="org.slf4j.simpleLogger.showDateTime" value="true"/>
    <property name="surefire.real.class.path" value="/home/alex/Repositories/nifi/nifi-nar-bundles/nifi-standard-bundle/nifi-standard-processors/target/surefire/surefirebooter9102486319766494456.jar"/>
    <property name="sun.boot.class.path" value="/usr/lib/jvm/java-8-openjdk-amd64/jre/lib/resources.jar:/usr/lib/jvm/java-8-openjdk-amd64/jre/lib/rt.jar:/usr/lib/jvm/java-8-openjdk-amd64/jre/lib/sunrsasign.jar:/usr/lib/jvm/java-8-openjdk-amd64/jre/lib/jsse.jar:/usr/lib/jvm/java-8-openjdk-amd64/jre/lib/jce.jar:/usr/lib/jvm/java-8-openjdk-amd64/jre/lib/charsets.jar:/usr/lib/jvm/java-8-openjdk-amd64/jre/lib/jfr.jar:/usr/lib/jvm/java-8-openjdk-amd64/jre/classes"/>
    <property name="org.slf4j.simpleLogger.log.nifi.processors.standard.TestExecuteStreamCommand" value="debug"/>
    <property name="sun.management.compiler" value="HotSpot 64-Bit Tiered Compilers"/>
    <property name="org.slf4j.simpleLogger.log.nifi.processors.standard.TestExecuteSQL" value="debug"/>
    <property name="java.runtime.version" value="1.8.0_402-8u402-ga-2ubuntu1~22.04-b06"/>
    <property name="java.net.preferIPv4Stack" value="true"/>
    <property name="user.name" value="alex"/>
    <property name="path.separator" value=":"/>
    <property name="os.version" value="6.5.0-28-generic"/>
    <property name="java.endorsed.dirs" value="/usr/lib/jvm/java-8-openjdk-amd64/jre/lib/endorsed"/>
    <property name="java.runtime.name" value="OpenJDK Runtime Environment"/>
    <property name="org.slf4j.simpleLogger.log.nifi.processors.standard.DistributeLoad" value="debug"/>
    <property name="file.encoding" value="UTF-8"/>
    <property name="org.slf4j.simpleLogger.log.org.apache.nifi.processors.standard" value="TRACE"/>
    <property name="org.slf4j.simpleLogger.log.nifi.processors.standard.ExecuteSQL" value="debug"/>
    <property name="sun.nio.ch.bugLevel" value=""/>
    <property name="java.vm.name" value="OpenJDK 64-Bit Server VM"/>
    <property name="localRepository" value="/home/alex/.m2/repository"/>
    <property name="java.vendor.url.bug" value="http://bugreport.sun.com/bugreport/"/>
    <property name="jetty.git.hash" value="8da83308eeca865e495e53ef315a249d63ba9332"/>
    <property name="java.io.tmpdir" value="/tmp"/>
    <property name="java.version" value="1.8.0_402"/>
    <property name="user.dir" value="/home/alex/Repositories/nifi/nifi-nar-bundles/nifi-standard-bundle/nifi-standard-processors"/>
    <property name="org.slf4j.simpleLogger.log.nifi.processors.standard.TestDetectDuplicate" value="debug"/>
    <property name="os.arch" value="amd64"/>
    <property name="java.vm.specification.name" value="Java Virtual Machine Specification"/>
    <property name="java.awt.printerjob" value="sun.print.PSPrinterJob"/>
    <property name="sun.os.patch.level" value="unknown"/>
    <property name="org.slf4j.simpleLogger.defaultLogLevel" value="info"/>
    <property name="java.library.path" value="/usr/java/packages/lib/amd64:/usr/lib/x86_64-linux-gnu/jni:/lib/x86_64-linux-gnu:/usr/lib/x86_64-linux-gnu:/usr/lib/jni:/lib:/usr/lib"/>
    <property name="java.vm.info" value="mixed mode"/>
    <property name="java.vendor" value="Private Build"/>
    <property name="java.vm.version" value="25.402-b06"/>
    <property name="org.slf4j.simpleLogger.log.nifi.processors.standard.DetectDuplicate" value="debug"/>
    <property name="java.specification.maintenance.version" value="5"/>
    <property name="java.ext.dirs" value="/usr/lib/jvm/java-8-openjdk-amd64/jre/lib/ext:/usr/java/packages/lib/ext"/>
    <property name="sun.io.unicode.encoding" value="UnicodeLittle"/>
    <property name="java.class.version" value="52.0"/>
  </properties>
  <testcase name="testExecuteIngestAndUpdatePutToAttributeDynamicProperties" classname="org.apache.nifi.processors.standard.TestExecuteStreamCommand" time="0.197">
    <system-err><![CDATA[[pool-5320-thread-1] DEBUG org.apache.nifi.processors.standard.ExecuteStreamCommand - ExecuteStreamCommand[id=1754434c-57a6-4436-9647-4641690f5615] Executing and waiting for command java with arguments -jar	/home/alex/Repositories/nifi/nifi-nar-bundles/nifi-standard-bundle/nifi-standard-processors/src/test/resources/ExecuteCommand/TestIngestAndUpdate.jar
[pool-5320-thread-1] DEBUG org.apache.nifi.processors.standard.ExecuteStreamCommand - ExecuteStreamCommand[id=1754434c-57a6-4436-9647-4641690f5615] Execution complete for command: java.  Exited with code: 0
[pool-5320-thread-1] INFO org.apache.nifi.processors.standard.ExecuteStreamCommand - ExecuteStreamCommand[id=1754434c-57a6-4436-9647-4641690f5615] Transferring flow file FlowFile[0,10MB.txt,10000000B] to original
]]></system-err>
  </testcase>
  <testcase name="testInvalidDelimiter" classname="org.apache.nifi.processors.standard.TestExecuteStreamCommand" time="0"/>
  <testcase name="testExecuteJarWithBadPathDynamicProperties" classname="org.apache.nifi.processors.standard.TestExecuteStreamCommand" time="0.015">
    <system-err><![CDATA[[pool-5321-thread-1] DEBUG org.apache.nifi.processors.standard.ExecuteStreamCommand - ExecuteStreamCommand[id=694dba0d-0e89-4d39-be8d-3706ea294cee] Executing and waiting for command java with arguments -jar	/home/alex/Repositories/nifi/nifi-nar-bundles/nifi-standard-bundle/nifi-standard-processors/src/test/resources/ExecuteCommand/noSuchFile.jar
[pool-5321-thread-1] DEBUG org.apache.nifi.processors.standard.ExecuteStreamCommand - ExecuteStreamCommand[id=694dba0d-0e89-4d39-be8d-3706ea294cee] Execution complete for command: java.  Exited with code: 1
[pool-5321-thread-1] ERROR org.apache.nifi.processors.standard.ExecuteStreamCommand - ExecuteStreamCommand[id=694dba0d-0e89-4d39-be8d-3706ea294cee] Transferring flow file FlowFile[1,1000bytes.txt,0B] to nonzero status. Executable command java ended in an error: Error: Unable to access jarfile /home/alex/Repositories/nifi/nifi-nar-bundles/nifi-standard-bundle/nifi-standard-processors/src/test/resources/ExecuteCommand/noSuchFile.jar

[pool-5321-thread-1] INFO org.apache.nifi.processors.standard.ExecuteStreamCommand - ExecuteStreamCommand[id=694dba0d-0e89-4d39-be8d-3706ea294cee] Transferring flow file FlowFile[0,1000bytes.txt,1000B] to original
[pool-5321-thread-1] WARN org.apache.nifi.processors.standard.ExecuteStreamCommand - ExecuteStreamCommand[id=694dba0d-0e89-4d39-be8d-3706ea294cee] Problem terminating Process java.lang.UNIXProcess@71ac1797: java.io.IOException: Stream closed
[pool-5321-thread-1] WARN org.apache.nifi.processors.standard.ExecuteStreamCommand - 
java.io.IOException: Stream closed
	at java.lang.ProcessBuilder$NullOutputStream.write(ProcessBuilder.java:433)
	at java.io.OutputStream.write(OutputStream.java:116)
	at java.io.BufferedOutputStream.flushBuffer(BufferedOutputStream.java:82)
	at java.io.BufferedOutputStream.flush(BufferedOutputStream.java:140)
	at java.io.FilterOutputStream.close(FilterOutputStream.java:158)
	at org.apache.nifi.processors.standard.ExecuteStreamCommand.onTrigger(ExecuteStreamCommand.java:544)
	at org.apache.nifi.processor.AbstractProcessor.onTrigger(AbstractProcessor.java:27)
	at org.apache.nifi.util.StandardProcessorTestRunner$RunProcessor.call(StandardProcessorTestRunner.java:284)
	at org.apache.nifi.util.StandardProcessorTestRunner$RunProcessor.call(StandardProcessorTestRunner.java:278)
	at java.util.concurrent.FutureTask.run(FutureTask.java:266)
	at java.util.concurrent.ScheduledThreadPoolExecutor$ScheduledFutureTask.access$201(ScheduledThreadPoolExecutor.java:180)
	at java.util.concurrent.ScheduledThreadPoolExecutor$ScheduledFutureTask.run(ScheduledThreadPoolExecutor.java:293)
	at java.util.concurrent.ThreadPoolExecutor.runWorker(ThreadPoolExecutor.java:1149)
	at java.util.concurrent.ThreadPoolExecutor$Worker.run(ThreadPoolExecutor.java:624)
	at java.lang.Thread.run(Thread.java:750)
]]></system-err>
  </testcase>
  <testcase name="testExecuteJarPutToAttributeDynamicProperties" classname="org.apache.nifi.processors.standard.TestExecuteStreamCommand" time="0.068">
    <system-err><![CDATA[[pool-5322-thread-1] DEBUG org.apache.nifi.processors.standard.ExecuteStreamCommand - ExecuteStreamCommand[id=9aaa9f16-a940-4b21-bfeb-d6551b89fcf0] Executing and waiting for command java with arguments -jar	/home/alex/Repositories/nifi/nifi-nar-bundles/nifi-standard-bundle/nifi-standard-processors/src/test/resources/ExecuteCommand/TestSuccess.jar
[pool-5322-thread-1] DEBUG org.apache.nifi.processors.standard.ExecuteStreamCommand - ExecuteStreamCommand[id=9aaa9f16-a940-4b21-bfeb-d6551b89fcf0] Execution complete for command: java.  Exited with code: 0
[pool-5322-thread-1] INFO org.apache.nifi.processors.standard.ExecuteStreamCommand - ExecuteStreamCommand[id=9aaa9f16-a940-4b21-bfeb-d6551b89fcf0] Transferring flow file FlowFile[0,1000bytes.txt,1000B] to original
]]></system-err>
  </testcase>
  <testcase name="testExecuteJarPutToAttributeBadPathDynamicProperties" classname="org.apache.nifi.processors.standard.TestExecuteStreamCommand" time="0.013">
    <system-err><![CDATA[[pool-5323-thread-1] DEBUG org.apache.nifi.processors.standard.ExecuteStreamCommand - ExecuteStreamCommand[id=4c3ff938-4f5d-406a-a82d-2a5c22d2e354] Executing and waiting for command java with arguments -jar	/home/alex/Repositories/nifi/nifi-nar-bundles/nifi-standard-bundle/nifi-standard-processors/src/test/resources/ExecuteCommand/noSuchFile.jar
[pool-5323-thread-1] DEBUG org.apache.nifi.processors.standard.ExecuteStreamCommand - ExecuteStreamCommand[id=4c3ff938-4f5d-406a-a82d-2a5c22d2e354] Execution complete for command: java.  Exited with code: 1
[pool-5323-thread-1] ERROR org.apache.nifi.processors.standard.ExecuteStreamCommand - ExecuteStreamCommand[id=4c3ff938-4f5d-406a-a82d-2a5c22d2e354] Transferring flow file FlowFile[0,1000bytes.txt,1000B] to original. Executable command java ended in an error: Error: Unable to access jarfile /home/alex/Repositories/nifi/nifi-nar-bundles/nifi-standard-bundle/nifi-standard-processors/src/test/resources/ExecuteCommand/noSuchFile.jar

]]></system-err>
  </testcase>
  <testcase name="testExecuteJarPutToAttributeBadPath" classname="org.apache.nifi.processors.standard.TestExecuteStreamCommand" time="0.014">
    <system-err><![CDATA[[pool-5324-thread-1] DEBUG org.apache.nifi.processors.standard.ExecuteStreamCommand - ExecuteStreamCommand[id=021ed1a0-1493-41fe-9c1f-ba8a0ce97a90] Executing and waiting for command java with arguments -jar;/home/alex/Repositories/nifi/nifi-nar-bundles/nifi-standard-bundle/nifi-standard-processors/src/test/resources/ExecuteCommand/noSuchFile.jar
[pool-5324-thread-1] DEBUG org.apache.nifi.processors.standard.ExecuteStreamCommand - ExecuteStreamCommand[id=021ed1a0-1493-41fe-9c1f-ba8a0ce97a90] Execution complete for command: java.  Exited with code: 1
[pool-5324-thread-1] ERROR org.apache.nifi.processors.standard.ExecuteStreamCommand - ExecuteStreamCommand[id=021ed1a0-1493-41fe-9c1f-ba8a0ce97a90] Transferring flow file FlowFile[0,1000bytes.txt,1000B] to original. Executable command java ended in an error: Error: Unable to access jarfile /home/alex/Repositories/nifi/nifi-nar-bundles/nifi-standard-bundle/nifi-standard-processors/src/test/resources/ExecuteCommand/noSuchFile.jar

]]></system-err>
  </testcase>
  <testcase name="testDynamicEnvironmentPutToAttribute" classname="org.apache.nifi.processors.standard.TestExecuteStreamCommand" time="0.081">
    <system-err><![CDATA[[pool-5325-thread-1] DEBUG org.apache.nifi.processors.standard.ExecuteStreamCommand - ExecuteStreamCommand[id=a83893e9-55bf-4846-8ba4-79741e58aecd] Executing and waiting for command java with arguments -jar;/home/alex/Repositories/nifi/nifi-nar-bundles/nifi-standard-bundle/nifi-standard-processors/src/test/resources/ExecuteCommand/TestDynamicEnvironment.jar
[pool-5325-thread-1] DEBUG org.apache.nifi.processors.standard.ExecuteStreamCommand - ExecuteStreamCommand[id=a83893e9-55bf-4846-8ba4-79741e58aecd] Execution complete for command: java.  Exited with code: 0
[pool-5325-thread-1] INFO org.apache.nifi.processors.standard.ExecuteStreamCommand - ExecuteStreamCommand[id=a83893e9-55bf-4846-8ba4-79741e58aecd] Transferring flow file FlowFile[0,1000bytes.txt,1000B] to original
]]></system-err>
  </testcase>
  <testcase name="testExecuteIngestAndUpdateWithWorkingDir" classname="org.apache.nifi.processors.standard.TestExecuteStreamCommand" time="0.069">
    <system-err><![CDATA[[pool-5326-thread-1] DEBUG org.apache.nifi.processors.standard.ExecuteStreamCommand - ExecuteStreamCommand[id=b5200877-5c9d-42c2-a6ec-24e52407a216] Executing and waiting for command java with arguments -jar;/home/alex/Repositories/nifi/nifi-nar-bundles/nifi-standard-bundle/nifi-standard-processors/src/test/resources/ExecuteCommand/TestIngestAndUpdate.jar
[pool-5326-thread-1] DEBUG org.apache.nifi.processors.standard.ExecuteStreamCommand - ExecuteStreamCommand[id=b5200877-5c9d-42c2-a6ec-24e52407a216] Execution complete for command: java.  Exited with code: 0
[pool-5326-thread-1] INFO org.apache.nifi.processors.standard.ExecuteStreamCommand - ExecuteStreamCommand[id=b5200877-5c9d-42c2-a6ec-24e52407a216] Transferring flow file FlowFile[1,1000bytes.txt,1114B] to output stream
[pool-5326-thread-1] INFO org.apache.nifi.processors.standard.ExecuteStreamCommand - ExecuteStreamCommand[id=b5200877-5c9d-42c2-a6ec-24e52407a216] Transferring flow file FlowFile[0,1000bytes.txt,1000B] to original
]]></system-err>
  </testcase>
  <testcase name="testDynamicEnvironmentDynamicProperties" classname="org.apache.nifi.processors.standard.TestExecuteStreamCommand" time="0.082">
    <system-err><![CDATA[[pool-5327-thread-1] DEBUG org.apache.nifi.processors.standard.ExecuteStreamCommand - ExecuteStreamCommand[id=a7e78b67-301e-4fe1-9a17-9623dbe2c8ba] Executing and waiting for command java with arguments -jar	/home/alex/Repositories/nifi/nifi-nar-bundles/nifi-standard-bundle/nifi-standard-processors/src/test/resources/ExecuteCommand/TestDynamicEnvironment.jar
[pool-5327-thread-1] DEBUG org.apache.nifi.processors.standard.ExecuteStreamCommand - ExecuteStreamCommand[id=a7e78b67-301e-4fe1-9a17-9623dbe2c8ba] Execution complete for command: java.  Exited with code: 0
[pool-5327-thread-1] INFO org.apache.nifi.processors.standard.ExecuteStreamCommand - ExecuteStreamCommand[id=a7e78b67-301e-4fe1-9a17-9623dbe2c8ba] Transferring flow file FlowFile[1,1000bytes.txt,46B] to output stream
[pool-5327-thread-1] INFO org.apache.nifi.processors.standard.ExecuteStreamCommand - ExecuteStreamCommand[id=a7e78b67-301e-4fe1-9a17-9623dbe2c8ba] Transferring flow file FlowFile[0,1000bytes.txt,1000B] to original
]]></system-err>
  </testcase>
  <testcase name="testExecuteJarDynamicPropArgs" classname="org.apache.nifi.processors.standard.TestExecuteStreamCommand" time="0.071">
    <system-err><![CDATA[[pool-5328-thread-1] DEBUG org.apache.nifi.processors.standard.ExecuteStreamCommand - ExecuteStreamCommand[id=2230a0a6-0e40-4449-bc72-441ce2046d5d] Executing and waiting for command java with arguments -jar	/home/alex/Repositories/nifi/nifi-nar-bundles/nifi-standard-bundle/nifi-standard-processors/src/test/resources/ExecuteCommand/TestSuccess.jar
[pool-5328-thread-1] DEBUG org.apache.nifi.processors.standard.ExecuteStreamCommand - ExecuteStreamCommand[id=2230a0a6-0e40-4449-bc72-441ce2046d5d] Execution complete for command: java.  Exited with code: 0
[pool-5328-thread-1] INFO org.apache.nifi.processors.standard.ExecuteStreamCommand - ExecuteStreamCommand[id=2230a0a6-0e40-4449-bc72-441ce2046d5d] Transferring flow file FlowFile[1,1000bytes.txt,19B] to output stream
[pool-5328-thread-1] INFO org.apache.nifi.processors.standard.ExecuteStreamCommand - ExecuteStreamCommand[id=2230a0a6-0e40-4449-bc72-441ce2046d5d] Transferring flow file FlowFile[0,1000bytes.txt,1000B] to original
]]></system-err>
  </testcase>
  <testcase name="testSmallEchoPutToAttributeDynamicProperties" classname="org.apache.nifi.processors.standard.TestExecuteStreamCommand" time="0.012">
    <system-err><![CDATA[[pool-5329-thread-1] DEBUG org.apache.nifi.processors.standard.ExecuteStreamCommand - ExecuteStreamCommand[id=1345c015-cee4-4132-bb6c-d9a87cf98d71] Executing and waiting for command echo with arguments Hello
[pool-5329-thread-1] DEBUG org.apache.nifi.processors.standard.ExecuteStreamCommand - ExecuteStreamCommand[id=1345c015-cee4-4132-bb6c-d9a87cf98d71] Execution complete for command: echo.  Exited with code: 0
[pool-5329-thread-1] INFO org.apache.nifi.processors.standard.ExecuteStreamCommand - ExecuteStreamCommand[id=1345c015-cee4-4132-bb6c-d9a87cf98d71] Transferring flow file FlowFile[0,97655916404949.mockFlowFile,0B] to original
]]></system-err>
  </testcase>
  <testcase name="testDynamicEnvironment" classname="org.apache.nifi.processors.standard.TestExecuteStreamCommand" time="0.074">
    <system-err><![CDATA[[pool-5330-thread-1] DEBUG org.apache.nifi.processors.standard.ExecuteStreamCommand - ExecuteStreamCommand[id=82b11a7e-7c57-4f46-a0a1-617f8c112d28] Executing and waiting for command java with arguments -jar;/home/alex/Repositories/nifi/nifi-nar-bundles/nifi-standard-bundle/nifi-standard-processors/src/test/resources/ExecuteCommand/TestDynamicEnvironment.jar
[pool-5330-thread-1] DEBUG org.apache.nifi.processors.standard.ExecuteStreamCommand - ExecuteStreamCommand[id=82b11a7e-7c57-4f46-a0a1-617f8c112d28] Execution complete for command: java.  Exited with code: 0
[pool-5330-thread-1] INFO org.apache.nifi.processors.standard.ExecuteStreamCommand - ExecuteStreamCommand[id=82b11a7e-7c57-4f46-a0a1-617f8c112d28] Transferring flow file FlowFile[1,1000bytes.txt,46B] to output stream
[pool-5330-thread-1] INFO org.apache.nifi.processors.standard.ExecuteStreamCommand - ExecuteStreamCommand[id=82b11a7e-7c57-4f46-a0a1-617f8c112d28] Transferring flow file FlowFile[0,1000bytes.txt,1000B] to original
]]></system-err>
  </testcase>
  <testcase name="testExecuteJarPutToAttribute" classname="org.apache.nifi.processors.standard.TestExecuteStreamCommand" time="0.067">
    <system-err><![CDATA[[pool-5331-thread-1] DEBUG org.apache.nifi.processors.standard.ExecuteStreamCommand - ExecuteStreamCommand[id=41d4c0fd-309c-4d59-ba19-1b3d540c1030] Executing and waiting for command java with arguments -jar;/home/alex/Repositories/nifi/nifi-nar-bundles/nifi-standard-bundle/nifi-standard-processors/src/test/resources/ExecuteCommand/TestSuccess.jar
[pool-5331-thread-1] DEBUG org.apache.nifi.processors.standard.ExecuteStreamCommand - ExecuteStreamCommand[id=41d4c0fd-309c-4d59-ba19-1b3d540c1030] Execution complete for command: java.  Exited with code: 0
[pool-5331-thread-1] INFO org.apache.nifi.processors.standard.ExecuteStreamCommand - ExecuteStreamCommand[id=41d4c0fd-309c-4d59-ba19-1b3d540c1030] Transferring flow file FlowFile[0,1000bytes.txt,1000B] to original
]]></system-err>
  </testcase>
  <testcase name="testExecuteJarWithBadPath" classname="org.apache.nifi.processors.standard.TestExecuteStreamCommand" time="0.014">
    <system-err><![CDATA[[pool-5332-thread-1] DEBUG org.apache.nifi.processors.standard.ExecuteStreamCommand - ExecuteStreamCommand[id=ee8b8d17-652a-4a30-887f-016446f5ec10] Executing and waiting for command java with arguments -jar;/home/alex/Repositories/nifi/nifi-nar-bundles/nifi-standard-bundle/nifi-standard-processors/src/test/resources/ExecuteCommand/noSuchFile.jar
[pool-5332-thread-1] DEBUG org.apache.nifi.processors.standard.ExecuteStreamCommand - ExecuteStreamCommand[id=ee8b8d17-652a-4a30-887f-016446f5ec10] Execution complete for command: java.  Exited with code: 1
[pool-5332-thread-1] ERROR org.apache.nifi.processors.standard.ExecuteStreamCommand - ExecuteStreamCommand[id=ee8b8d17-652a-4a30-887f-016446f5ec10] Transferring flow file FlowFile[1,1000bytes.txt,0B] to nonzero status. Executable command java ended in an error: Error: Unable to access jarfile /home/alex/Repositories/nifi/nifi-nar-bundles/nifi-standard-bundle/nifi-standard-processors/src/test/resources/ExecuteCommand/noSuchFile.jar

[pool-5332-thread-1] INFO org.apache.nifi.processors.standard.ExecuteStreamCommand - ExecuteStreamCommand[id=ee8b8d17-652a-4a30-887f-016446f5ec10] Transferring flow file FlowFile[0,1000bytes.txt,1000B] to original
]]></system-err>
  </testcase>
  <testcase name="testLargePutToAttributeDynamicProperties" classname="org.apache.nifi.processors.standard.TestExecuteStreamCommand" time="0.067">
    <system-err><![CDATA[[pool-5333-thread-1] DEBUG org.apache.nifi.processors.standard.ExecuteStreamCommand - ExecuteStreamCommand[id=a84eb74e-a465-4e4b-bca9-36875a5c9ff9] Executing and waiting for command cat with arguments /home/alex/Repositories/nifi/nifi-nar-bundles/nifi-standard-bundle/nifi-standard-processors/target/10MB.txt
[pool-5333-thread-1] DEBUG org.apache.nifi.processors.standard.ExecuteStreamCommand - ExecuteStreamCommand[id=a84eb74e-a465-4e4b-bca9-36875a5c9ff9] Execution complete for command: cat.  Exited with code: 0
[pool-5333-thread-1] INFO org.apache.nifi.processors.standard.ExecuteStreamCommand - ExecuteStreamCommand[id=a84eb74e-a465-4e4b-bca9-36875a5c9ff9] Transferring flow file FlowFile[0,97656132468776.mockFlowFile,0B] to original
]]></system-err>
  </testcase>
  <testcase name="testExecuteIngestAndUpdateWithWorkingDirPutToAttributeDynamicProperties" classname="org.apache.nifi.processors.standard.TestExecuteStreamCommand" time="0.068">
    <system-err><![CDATA[[pool-5334-thread-1] DEBUG org.apache.nifi.processors.standard.ExecuteStreamCommand - ExecuteStreamCommand[id=dc267292-15ce-4aef-ba44-654fe4b78175] Executing and waiting for command java with arguments -jar	/home/alex/Repositories/nifi/nifi-nar-bundles/nifi-standard-bundle/nifi-standard-processors/src/test/resources/ExecuteCommand/TestIngestAndUpdate.jar
[pool-5334-thread-1] DEBUG org.apache.nifi.processors.standard.ExecuteStreamCommand - ExecuteStreamCommand[id=dc267292-15ce-4aef-ba44-654fe4b78175] Execution complete for command: java.  Exited with code: 0
[pool-5334-thread-1] INFO org.apache.nifi.processors.standard.ExecuteStreamCommand - ExecuteStreamCommand[id=dc267292-15ce-4aef-ba44-654fe4b78175] Transferring flow file FlowFile[0,1000bytes.txt,1000B] to original
]]></system-err>
  </testcase>
  <testcase name="testQuotedArguments" classname="org.apache.nifi.processors.standard.TestExecuteStreamCommand" time="0"/>
  <testcase name="testExecuteTouch" classname="org.apache.nifi.processors.standard.TestExecuteStreamCommand" time="0">
    <skipped/>
  </testcase>
  <testcase name="testExecuteJar" classname="org.apache.nifi.processors.standard.TestExecuteStreamCommand" time="0.067">
    <system-err><![CDATA[[pool-5335-thread-1] DEBUG org.apache.nifi.processors.standard.ExecuteStreamCommand - ExecuteStreamCommand[id=a91620b4-4179-4ad3-85aa-c40af4ea26f7] Executing and waiting for command java with arguments -jar;/home/alex/Repositories/nifi/nifi-nar-bundles/nifi-standard-bundle/nifi-standard-processors/src/test/resources/ExecuteCommand/TestSuccess.jar
[pool-5335-thread-1] DEBUG org.apache.nifi.processors.standard.ExecuteStreamCommand - ExecuteStreamCommand[id=a91620b4-4179-4ad3-85aa-c40af4ea26f7] Execution complete for command: java.  Exited with code: 0
[pool-5335-thread-1] INFO org.apache.nifi.processors.standard.ExecuteStreamCommand - ExecuteStreamCommand[id=a91620b4-4179-4ad3-85aa-c40af4ea26f7] Transferring flow file FlowFile[1,1000bytes.txt,19B] to output stream
[pool-5335-thread-1] INFO org.apache.nifi.processors.standard.ExecuteStreamCommand - ExecuteStreamCommand[id=a91620b4-4179-4ad3-85aa-c40af4ea26f7] Transferring flow file FlowFile[0,1000bytes.txt,1000B] to original
]]></system-err>
  </testcase>
  <testcase name="testSmallEchoPutToAttribute" classname="org.apache.nifi.processors.standard.TestExecuteStreamCommand" time="0.015">
    <system-err><![CDATA[[pool-5336-thread-1] DEBUG org.apache.nifi.processors.standard.ExecuteStreamCommand - ExecuteStreamCommand[id=134ba5de-34e4-4977-89a4-6fbd509cdb71] Executing and waiting for command echo with arguments Hello
[pool-5336-thread-1] DEBUG org.apache.nifi.processors.standard.ExecuteStreamCommand - ExecuteStreamCommand[id=134ba5de-34e4-4977-89a4-6fbd509cdb71] Execution complete for command: echo.  Exited with code: 0
[pool-5336-thread-1] INFO org.apache.nifi.processors.standard.ExecuteStreamCommand - ExecuteStreamCommand[id=134ba5de-34e4-4977-89a4-6fbd509cdb71] Transferring flow file FlowFile[0,97656286236433.mockFlowFile,0B] to original
]]></system-err>
  </testcase>
  <testcase name="testIgnoredStdinPutToAttribute" classname="org.apache.nifi.processors.standard.TestExecuteStreamCommand" time="0.071">
    <system-err><![CDATA[[pool-5337-thread-1] DEBUG org.apache.nifi.processors.standard.ExecuteStreamCommand - ExecuteStreamCommand[id=ee25357b-b4fc-4e05-ae98-b092fd517c54] Executing and waiting for command java with arguments -jar;/home/alex/Repositories/nifi/nifi-nar-bundles/nifi-standard-bundle/nifi-standard-processors/src/test/resources/ExecuteCommand/TestIngestAndUpdate.jar
[pool-5337-thread-1] DEBUG org.apache.nifi.processors.standard.ExecuteStreamCommand - ExecuteStreamCommand[id=ee25357b-b4fc-4e05-ae98-b092fd517c54] Execution complete for command: java.  Exited with code: 0
[pool-5337-thread-1] INFO org.apache.nifi.processors.standard.ExecuteStreamCommand - ExecuteStreamCommand[id=ee25357b-b4fc-4e05-ae98-b092fd517c54] Transferring flow file FlowFile[0,1000bytes.txt,1000B] to original
]]></system-err>
  </testcase>
  <testcase name="testExecuteIngestAndUpdateWithWorkingDirDynamicProperties" classname="org.apache.nifi.processors.standard.TestExecuteStreamCommand" time="0.073">
    <system-err><![CDATA[[pool-5338-thread-1] DEBUG org.apache.nifi.processors.standard.ExecuteStreamCommand - ExecuteStreamCommand[id=a62cfdaa-665e-49d1-8b70-8a659392f7fd] Executing and waiting for command java with arguments -jar	/home/alex/Repositories/nifi/nifi-nar-bundles/nifi-standard-bundle/nifi-standard-processors/src/test/resources/ExecuteCommand/TestIngestAndUpdate.jar
[pool-5338-thread-1] DEBUG org.apache.nifi.processors.standard.ExecuteStreamCommand - ExecuteStreamCommand[id=a62cfdaa-665e-49d1-8b70-8a659392f7fd] Execution complete for command: java.  Exited with code: 0
[pool-5338-thread-1] INFO org.apache.nifi.processors.standard.ExecuteStreamCommand - ExecuteStreamCommand[id=a62cfdaa-665e-49d1-8b70-8a659392f7fd] Transferring flow file FlowFile[1,1000bytes.txt,1114B] to output stream
[pool-5338-thread-1] INFO org.apache.nifi.processors.standard.ExecuteStreamCommand - ExecuteStreamCommand[id=a62cfdaa-665e-49d1-8b70-8a659392f7fd] Transferring flow file FlowFile[0,1000bytes.txt,1000B] to original
]]></system-err>
  </testcase>
  <testcase name="testIgnoredStdinPutToAttributeDynamicProperties" classname="org.apache.nifi.processors.standard.TestExecuteStreamCommand" time="0.07">
    <system-err><![CDATA[[pool-5339-thread-1] DEBUG org.apache.nifi.processors.standard.ExecuteStreamCommand - ExecuteStreamCommand[id=9c8ca3ef-1b77-47ec-a2f9-621f8f601cee] Executing and waiting for command java with arguments -jar	/home/alex/Repositories/nifi/nifi-nar-bundles/nifi-standard-bundle/nifi-standard-processors/src/test/resources/ExecuteCommand/TestIngestAndUpdate.jar
[pool-5339-thread-1] DEBUG org.apache.nifi.processors.standard.ExecuteStreamCommand - ExecuteStreamCommand[id=9c8ca3ef-1b77-47ec-a2f9-621f8f601cee] Execution complete for command: java.  Exited with code: 0
[pool-5339-thread-1] INFO org.apache.nifi.processors.standard.ExecuteStreamCommand - ExecuteStreamCommand[id=9c8ca3ef-1b77-47ec-a2f9-621f8f601cee] Transferring flow file FlowFile[0,1000bytes.txt,1000B] to original
]]></system-err>
  </testcase>
  <testcase name="testExecuteIngestAndUpdate" classname="org.apache.nifi.processors.standard.TestExecuteStreamCommand" time="0.196">
    <system-err><![CDATA[[pool-5340-thread-1] DEBUG org.apache.nifi.processors.standard.ExecuteStreamCommand - ExecuteStreamCommand[id=62e9a17e-447e-4ac3-895a-cb5f76d0ee60] Executing and waiting for command java with arguments -jar;/home/alex/Repositories/nifi/nifi-nar-bundles/nifi-standard-bundle/nifi-standard-processors/src/test/resources/ExecuteCommand/TestIngestAndUpdate.jar
[pool-5340-thread-1] DEBUG org.apache.nifi.processors.standard.ExecuteStreamCommand - ExecuteStreamCommand[id=62e9a17e-447e-4ac3-895a-cb5f76d0ee60] Execution complete for command: java.  Exited with code: 0
[pool-5340-thread-1] INFO org.apache.nifi.processors.standard.ExecuteStreamCommand - ExecuteStreamCommand[id=62e9a17e-447e-4ac3-895a-cb5f76d0ee60] Transferring flow file FlowFile[1,10MB.txt,10000107B] to output stream
[pool-5340-thread-1] INFO org.apache.nifi.processors.standard.ExecuteStreamCommand - ExecuteStreamCommand[id=62e9a17e-447e-4ac3-895a-cb5f76d0ee60] Transferring flow file FlowFile[0,10MB.txt,10000000B] to original
]]></system-err>
  </testcase>
  <testcase name="testExecuteIngestAndUpdatePutToAttribute" classname="org.apache.nifi.processors.standard.TestExecuteStreamCommand" time="0.169">
    <system-err><![CDATA[[pool-5341-thread-1] DEBUG org.apache.nifi.processors.standard.ExecuteStreamCommand - ExecuteStreamCommand[id=14b92ede-5f01-4ddc-ba72-7a2acf0b133d] Executing and waiting for command java with arguments -jar;/home/alex/Repositories/nifi/nifi-nar-bundles/nifi-standard-bundle/nifi-standard-processors/src/test/resources/ExecuteCommand/TestIngestAndUpdate.jar
[pool-5341-thread-1] DEBUG org.apache.nifi.processors.standard.ExecuteStreamCommand - ExecuteStreamCommand[id=14b92ede-5f01-4ddc-ba72-7a2acf0b133d] Execution complete for command: java.  Exited with code: 0
[pool-5341-thread-1] INFO org.apache.nifi.processors.standard.ExecuteStreamCommand - ExecuteStreamCommand[id=14b92ede-5f01-4ddc-ba72-7a2acf0b133d] Transferring flow file FlowFile[0,10MB.txt,10000000B] to original
]]></system-err>
  </testcase>
  <testcase name="testLoggingToStdErr" classname="org.apache.nifi.processors.standard.TestExecuteStreamCommand" time="1.255">
    <system-err><![CDATA[[pool-5342-thread-1] DEBUG org.apache.nifi.processors.standard.ExecuteStreamCommand - ExecuteStreamCommand[id=37b01533-020a-4e95-b229-3962beaf451e] Executing and waiting for command java with arguments -jar;/home/alex/Repositories/nifi/nifi-nar-bundles/nifi-standard-bundle/nifi-standard-processors/src/test/resources/ExecuteCommand/TestLogStdErr.jar
[Thread-349] ERROR org.apache.nifi.processors.standard.ExecuteStreamCommand - ExecuteStreamCommand[id=37b01533-020a-4e95-b229-3962beaf451e] Failed to write flow file to stdin due to java.io.IOException: Broken pipe: java.io.IOException: Broken pipe
java.io.IOException: Broken pipe
	at java.io.FileOutputStream.writeBytes(Native Method)
	at java.io.FileOutputStream.write(FileOutputStream.java:326)
	at java.io.BufferedOutputStream.write(BufferedOutputStream.java:122)
	at java.io.BufferedOutputStream.write(BufferedOutputStream.java:122)
	at org.apache.nifi.stream.io.StreamUtils.copy(StreamUtils.java:36)
	at org.apache.nifi.processors.standard.ExecuteStreamCommand$2.run(ExecuteStreamCommand.java:634)
	at java.lang.Thread.run(Thread.java:750)
[pool-5342-thread-1] DEBUG org.apache.nifi.processors.standard.ExecuteStreamCommand - ExecuteStreamCommand[id=37b01533-020a-4e95-b229-3962beaf451e] Execution complete for command: java.  Exited with code: 0
[pool-5342-thread-1] INFO org.apache.nifi.processors.standard.ExecuteStreamCommand - ExecuteStreamCommand[id=37b01533-020a-4e95-b229-3962beaf451e] Transferring flow file FlowFile[1,1mb.txt,0B] to output stream
[pool-5342-thread-1] INFO org.apache.nifi.processors.standard.ExecuteStreamCommand - ExecuteStreamCommand[id=37b01533-020a-4e95-b229-3962beaf451e] Transferring flow file FlowFile[0,1mb.txt,1049944B] to original
]]></system-err>
  </testcase>
  <testcase name="testLoggingToStdErrDynamicProperties" classname="org.apache.nifi.processors.standard.TestExecuteStreamCommand" time="1.26">
    <system-err><![CDATA[[pool-5343-thread-1] DEBUG org.apache.nifi.processors.standard.ExecuteStreamCommand - ExecuteStreamCommand[id=35201e05-bfdc-4794-9e7a-0bad6c21feed] Executing and waiting for command java with arguments -jar	/home/alex/Repositories/nifi/nifi-nar-bundles/nifi-standard-bundle/nifi-standard-processors/src/test/resources/ExecuteCommand/TestLogStdErr.jar
[Thread-350] ERROR org.apache.nifi.processors.standard.ExecuteStreamCommand - ExecuteStreamCommand[id=35201e05-bfdc-4794-9e7a-0bad6c21feed] Failed to write flow file to stdin due to java.io.IOException: Broken pipe: java.io.IOException: Broken pipe
java.io.IOException: Broken pipe
	at java.io.FileOutputStream.writeBytes(Native Method)
	at java.io.FileOutputStream.write(FileOutputStream.java:326)
	at java.io.BufferedOutputStream.write(BufferedOutputStream.java:122)
	at java.io.BufferedOutputStream.write(BufferedOutputStream.java:122)
	at org.apache.nifi.stream.io.StreamUtils.copy(StreamUtils.java:36)
	at org.apache.nifi.processors.standard.ExecuteStreamCommand$2.run(ExecuteStreamCommand.java:634)
	at java.lang.Thread.run(Thread.java:750)
[pool-5343-thread-1] DEBUG org.apache.nifi.processors.standard.ExecuteStreamCommand - ExecuteStreamCommand[id=35201e05-bfdc-4794-9e7a-0bad6c21feed] Execution complete for command: java.  Exited with code: 0
[pool-5343-thread-1] INFO org.apache.nifi.processors.standard.ExecuteStreamCommand - ExecuteStreamCommand[id=35201e05-bfdc-4794-9e7a-0bad6c21feed] Transferring flow file FlowFile[1,1mb.txt,0B] to output stream
[pool-5343-thread-1] INFO org.apache.nifi.processors.standard.ExecuteStreamCommand - ExecuteStreamCommand[id=35201e05-bfdc-4794-9e7a-0bad6c21feed] Transferring flow file FlowFile[0,1mb.txt,1049944B] to original
]]></system-err>
  </testcase>
  <testcase name="testIgnoredStdinDynamicProperties" classname="org.apache.nifi.processors.standard.TestExecuteStreamCommand" time="0.068">
    <system-err><![CDATA[[pool-5344-thread-1] DEBUG org.apache.nifi.processors.standard.ExecuteStreamCommand - ExecuteStreamCommand[id=2ef11d29-9651-4812-945d-e419107663d0] Executing and waiting for command java with arguments -jar	/home/alex/Repositories/nifi/nifi-nar-bundles/nifi-standard-bundle/nifi-standard-processors/src/test/resources/ExecuteCommand/TestIngestAndUpdate.jar
[pool-5344-thread-1] DEBUG org.apache.nifi.processors.standard.ExecuteStreamCommand - ExecuteStreamCommand[id=2ef11d29-9651-4812-945d-e419107663d0] Execution complete for command: java.  Exited with code: 0
[pool-5344-thread-1] INFO org.apache.nifi.processors.standard.ExecuteStreamCommand - ExecuteStreamCommand[id=2ef11d29-9651-4812-945d-e419107663d0] Transferring flow file FlowFile[1,1000bytes.txt,114B] to output stream
[pool-5344-thread-1] INFO org.apache.nifi.processors.standard.ExecuteStreamCommand - ExecuteStreamCommand[id=2ef11d29-9651-4812-945d-e419107663d0] Transferring flow file FlowFile[0,1000bytes.txt,1000B] to original
]]></system-err>
  </testcase>
  <testcase name="testDynamicEnvironmentPutToAttributeDynamicProperties" classname="org.apache.nifi.processors.standard.TestExecuteStreamCommand" time="0.082">
    <system-err><![CDATA[[pool-5345-thread-1] DEBUG org.apache.nifi.processors.standard.ExecuteStreamCommand - ExecuteStreamCommand[id=d3d56c62-cf08-488f-8c74-42208060356a] Executing and waiting for command java with arguments -jar	/home/alex/Repositories/nifi/nifi-nar-bundles/nifi-standard-bundle/nifi-standard-processors/src/test/resources/ExecuteCommand/TestDynamicEnvironment.jar
[pool-5345-thread-1] DEBUG org.apache.nifi.processors.standard.ExecuteStreamCommand - ExecuteStreamCommand[id=d3d56c62-cf08-488f-8c74-42208060356a] Execution complete for command: java.  Exited with code: 0
[pool-5345-thread-1] INFO org.apache.nifi.processors.standard.ExecuteStreamCommand - ExecuteStreamCommand[id=d3d56c62-cf08-488f-8c74-42208060356a] Transferring flow file FlowFile[0,1000bytes.txt,1000B] to original
]]></system-err>
  </testcase>
  <testcase name="testExecuteIngestAndUpdateDynamicProperties" classname="org.apache.nifi.processors.standard.TestExecuteStreamCommand" time="0.211">
    <system-err><![CDATA[[pool-5346-thread-1] DEBUG org.apache.nifi.processors.standard.ExecuteStreamCommand - ExecuteStreamCommand[id=de874a69-2a4c-43c2-99d3-35a0855b1475] Executing and waiting for command java with arguments -jar	/home/alex/Repositories/nifi/nifi-nar-bundles/nifi-standard-bundle/nifi-standard-processors/src/test/resources/ExecuteCommand/TestIngestAndUpdate.jar
[pool-5346-thread-1] DEBUG org.apache.nifi.processors.standard.ExecuteStreamCommand - ExecuteStreamCommand[id=de874a69-2a4c-43c2-99d3-35a0855b1475] Execution complete for command: java.  Exited with code: 0
[pool-5346-thread-1] INFO org.apache.nifi.processors.standard.ExecuteStreamCommand - ExecuteStreamCommand[id=de874a69-2a4c-43c2-99d3-35a0855b1475] Transferring flow file FlowFile[1,10MB.txt,10000107B] to output stream
[pool-5346-thread-1] INFO org.apache.nifi.processors.standard.ExecuteStreamCommand - ExecuteStreamCommand[id=de874a69-2a4c-43c2-99d3-35a0855b1475] Transferring flow file FlowFile[0,10MB.txt,10000000B] to original
]]></system-err>
  </testcase>
  <testcase name="testArgumentsWithQuotesFromAttributeDynamicProperties" classname="org.apache.nifi.processors.standard.TestExecuteStreamCommand" time="0.015">
    <system-err><![CDATA[[pool-5347-thread-1] DEBUG org.apache.nifi.processors.standard.ExecuteStreamCommand - ExecuteStreamCommand[id=8efb1cfc-728c-4ecd-a14a-d89ac14527d9] Executing and waiting for command echo with arguments [
    {
        "_id": "54df94072d5dbf7dc6340cc5",
        "index": 0,
        "guid": "b9f636cb-b939-42a9-b067-70d286116271",
        "isActive": true,
        "balance": "$3,200.07",
        "picture": "http://placehold.it/32x32",
        "age": 20,
        "eyeColor": "brown",
        "name": {
            "first": "Shaffer",
            "last": "Pearson"
        },
        "company": "DATAGEN",
        "email": "shaffer.pearson@datagen.co.uk",
        "phone": "+1 (972) 588-2272",
        "address": "662 Rewe Street, Starks, California, 9066",
        "about": "Aliquip exercitation ad duis irure consectetur magna aliquip amet. Exercitation labore ex laboris non dolor eu. In magna amet non nulla sit laboris do aliqua aliquip. Est elit ipsum ad ea in Lorem mollit Lorem laborum. Ad labore minim aliqua dolore reprehenderit commodo nulla fugiat eiusmod nostrud cillum est. Deserunt minim in non aliqua non.\r\n",
        "registered": "Wednesday, January 7, 2015 5:51 PM",
        "latitude": -50.359159,
        "longitude": -94.01781,
        "tags": [
            "ea",
            "enim",
            "commodo",
            "magna",
            "sunt",
            "dolore",
            "aute"
        ],
        "range": [
            0,
            1,
            2,
            3,
            4,
            5,
            6,
            7,
            8,
            9
        ],
        "friends": [
            {
                "id": 0,
                "name": "Holloway Kim"
            },
            {
                "id": 1,
                "name": "Clark Medina"
            },
            {
                "id": 2,
                "name": "Rosemarie Salazar"
            }
        ],
        "greeting": "Hello, Shaffer! You have 9 unread messages.",
        "favoriteFruit": "apple"
    },
    {
        "_id": "54df94073ab1785758096418",
        "index": 1,
        "guid": "fda79e72-6489-41f5-bbd5-a5e7d2996dda",
        "isActive": false,
        "balance": "$1,416.15",
        "picture": "http://placehold.it/32x32",
        "age": 38,
        "eyeColor": "blue",
        "name": {
            "first": "Frazier",
            "last": "Ramsey"
        },
        "company": "STREZZO",
        "email": "frazier.ramsey@strezzo.biz",
        "phone": "+1 (909) 448-2724",
        "address": "624 Cedar Street, Iola, North Carolina, 2827",
        "about": "Sit sunt eiusmod irure ipsum Lorem irure aliquip cupidatat in proident dolore sunt adipisicing. Aute ipsum reprehenderit aute aliquip ad id pariatur dolor dolore et exercitation. Pariatur est adipisicing eu aliqua ea sint qui. Fugiat officia voluptate anim dolore cupidatat amet. Amet cillum dolor magna elit fugiat.\r\n",
        "registered": "Sunday, January 5, 2014 1:18 PM",
        "latitude": -14.729254,
        "longitude": 126.396861,
        "tags": [
            "non",
            "laboris",
            "nulla",
            "commodo",
            "nostrud",
            "qui",
            "ea"
        ],
        "range": [
            0,
            1,
            2,
            3,
            4,
            5,
            6,
            7,
            8,
            9
        ],
        "friends": [
            {
                "id": 0,
                "name": "Valenzuela Stone"
            },
            {
                "id": 1,
                "name": "King Munoz"
            },
            {
                "id": 2,
                "name": "Kari Woodard"
            }
        ],
        "greeting": "Hello, Frazier! You have 7 unread messages.",
        "favoriteFruit": "strawberry"
    },
    {
        "_id": "54df9407369a4d3f1b4aed39",
        "index": 2,
        "guid": "b6a68edb-4ddd-487b-b104-f02bec805e4c",
        "isActive": true,
        "balance": "$2,487.31",
        "picture": "http://placehold.it/32x32",
        "age": 27,
        "eyeColor": "green",
        "name": {
            "first": "Cindy",
            "last": "Shepherd"
        },
        "company": "EMTRAK",
        "email": "cindy.shepherd@emtrak.org",
        "phone": "+1 (867) 466-3223",
        "address": "659 Colin Place, Vaughn, Washington, 1106",
        "about": "Nulla sunt aliquip eiusmod occaecat duis officia eiusmod aliqua cillum ut. Irure eu est nulla dolor laborum eiusmod Lorem dolore culpa aliquip veniam duis. Sint cupidatat laboris commodo sunt consequat ullamco culpa ad labore. Velit do voluptate quis occaecat ex ipsum cupidatat occaecat dolor officia laborum labore.\r\n",
        "registered": "Thursday, June 26, 2014 9:56 PM",
        "latitude": 85.829527,
        "longitude": -79.452723,
        "tags": [
            "cillum",
            "do",
            "veniam",
            "dolore",
            "voluptate",
            "et",
            "adipisicing"
        ],
        "range": [
            0,
            1,
            2,
            3,
            4,
            5,
            6,
            7,
            8,
            9
        ],
        "friends": [
            {
                "id": 0,
                "name": "Decker Carver"
            },
            {
                "id": 1,
                "name": "Donaldson Burgess"
            },
            {
                "id": 2,
                "name": "Santana Heath"
            }
        ],
        "greeting": "Hello, Cindy! You have 8 unread messages.",
        "favoriteFruit": "strawberry"
    },
    {
        "_id": "54df94076f342042d027ca67",
        "index": 3,
        "guid": "ac591519-1642-4092-9646-17b4b7a9e38b",
        "isActive": false,
        "balance": "$3,480.12",
        "picture": "http://placehold.it/32x32",
        "age": 37,
        "eyeColor": "green",
        "name": {
            "first": "Colon",
            "last": "Gamble"
        },
        "company": "RONELON",
        "email": "colon.gamble@ronelon.net",
        "phone": "+1 (988) 431-2933",
        "address": "472 Ryerson Street, Gwynn, Wyoming, 4200",
        "about": "Ad duis nostrud laboris id aute reprehenderit veniam aute aute laborum exercitation laborum. In minim quis in sunt minim labore deserunt id dolor ea sit. Ipsum tempor Lorem aliqua ad sit quis duis exercitation quis. Dolore voluptate aute ut est non quis do aute exercitation consectetur reprehenderit proident quis.\r\n",
        "registered": "Tuesday, July 29, 2014 1:38 PM",
        "latitude": -9.922105,
        "longitude": -170.581901,
        "tags": [
            "fugiat",
            "incididunt",
            "proident",
            "laboris",
            "id",
            "ullamco",
            "non"
        ],
        "range": [
            0,
            1,
            2,
            3,
            4,
            5,
            6,
            7,
            8,
            9
        ],
        "friends": [
            {
                "id": 0,
                "name": "Shawn Collins"
            },
            {
                "id": 1,
                "name": "Holland West"
            },
            {
                "id": 2,
                "name": "Daniel Fischer"
            }
        ],
        "greeting": "Hello, Colon! You have 7 unread messages.",
        "favoriteFruit": "strawberry"
    },
    {
        "_id": "54df94075774d288fc86a912",
        "index": 4,
        "guid": "daec0340-7900-4a65-92fc-22e727577660",
        "isActive": true,
        "balance": "$3,042.74",
        "picture": "http://placehold.it/32x32",
        "age": 36,
        "eyeColor": "brown",
        "name": {
            "first": "Carter",
            "last": "Russo"
        },
        "company": "NORALEX",
        "email": "carter.russo@noralex.biz",
        "phone": "+1 (819) 543-3605",
        "address": "147 Everit Street, Saticoy, Missouri, 5963",
        "about": "Ea irure non pariatur ipsum. Magna eu enim anim Lorem quis sint cillum. Voluptate proident commodo dolor aute consectetur reprehenderit dolor nostrud ipsum cillum magna dolor. Reprehenderit sit consequat pariatur enim do occaecat exercitation reprehenderit.\r\n",
        "registered": "Saturday, January 25, 2014 10:12 PM",
        "latitude": -65.101248,
        "longitude": 19.867506,
        "tags": [
            "dolore",
            "et",
            "ex",
            "eu",
            "nostrud",
            "ex",
            "ad"
        ],
        "range": [
            0,
            1,
            2,
            3,
            4,
            5,
            6,
            7,
            8,
            9
        ],
        "friends": [
            {
                "id": 0,
                "name": "Felicia Hull"
            },
            {
                "id": 1,
                "name": "Jerri Mays"
            },
            {
                "id": 2,
                "name": "Jo Justice"
            }
        ],
        "greeting": "Hello, Carter! You have 7 unread messages.",
        "favoriteFruit": "apple"
    },
    {
        "_id": "54df940741be468e58e87dd3",
        "index": 5,
        "guid": "16a037a3-fe30-4c51-8d09-f24ad54f4719",
        "isActive": true,
        "balance": "$1,979.92",
        "picture": "http://placehold.it/32x32",
        "age": 20,
        "eyeColor": "blue",
        "name": {
            "first": "Claudia",
            "last": "Houston"
        },
        "company": "FISHLAND",
        "email": "claudia.houston@fishland.com",
        "phone": "+1 (860) 498-3802",
        "address": "821 Remsen Avenue, Ada, Vermont, 3101",
        "about": "Lorem eu deserunt et non id consectetur laborum voluptate id magna labore. Dolore enim voluptate mollit culpa cupidatat officia do aute voluptate Lorem commodo. Nisi nostrud amet in labore ullamco nisi magna adipisicing voluptate aliquip qui consequat enim. Pariatur adipisicing nostrud ut deserunt ad excepteur. Lorem do voluptate adipisicing et laborum commodo nulla excepteur laborum quis tempor proident velit.\r\n",
        "registered": "Thursday, August 7, 2014 7:48 AM",
        "latitude": 34.6075,
        "longitude": -2.643176,
        "tags": [
            "enim",
            "eu",
            "sint",
            "qui",
            "elit",
            "laboris",
            "commodo"
        ],
        "range": [
            0,
            1,
            2,
            3,
            4,
            5,
            6,
            7,
            8,
            9
        ],
        "friends": [
            {
                "id": 0,
                "name": "Boyd Morrison"
            },
            {
                "id": 1,
                "name": "Wendi Sandoval"
            },
            {
                "id": 2,
                "name": "Mindy Bush"
            }
        ],
        "greeting": "Hello, Claudia! You have 8 unread messages.",
        "favoriteFruit": "apple"
    },
    {
        "_id": "54df9407fbfc2103751de2e7",
        "index": 6,
        "guid": "60241980-5362-41dd-b6e5-e55f174904cf",
        "isActive": true,
        "balance": "$3,106.83",
        "picture": "http://placehold.it/32x32",
        "age": 40,
        "eyeColor": "green",
        "name": {
            "first": "Beulah",
            "last": "Myers"
        },
        "company": "UNI",
        "email": "beulah.myers@uni.tv",
        "phone": "+1 (969) 407-3571",
        "address": "661 Matthews Court, Osage, Delaware, 1167",
        "about": "Officia ipsum reprehenderit in nostrud Lorem labore consectetur nulla quis officia ullamco. Eiusmod ipsum deserunt consectetur cillum et duis do esse veniam occaecat Lorem dolor consequat. Lorem esse cupidatat aute et ut.\r\n",
        "registered": "Sunday, January 25, 2015 8:22 PM",
        "latitude": 72.620891,
        "longitude": 155.859974,
        "tags": [
            "minim",
            "fugiat",
            "irure",
            "culpa",
            "exercitation",
            "labore",
            "commodo"
        ],
        "range": [
            0,
            1,
            2,
            3,
            4,
            5,
            6,
            7,
            8,
            9
        ],
        "friends": [
            {
                "id": 0,
                "name": "Corina Francis"
            },
            {
                "id": 1,
                "name": "Vera Carson"
            },
            {
                "id": 2,
                "name": "Blevins Camacho"
            }
        ],
        "greeting": "Hello, Beulah! You have 8 unread messages.",
        "favoriteFruit": "apple"
    }
]
[pool-5347-thread-1] DEBUG org.apache.nifi.processors.standard.ExecuteStreamCommand - ExecuteStreamCommand[id=8efb1cfc-728c-4ecd-a14a-d89ac14527d9] Execution complete for command: echo.  Exited with code: 0
[pool-5347-thread-1] INFO org.apache.nifi.processors.standard.ExecuteStreamCommand - ExecuteStreamCommand[id=8efb1cfc-728c-4ecd-a14a-d89ac14527d9] Transferring flow file FlowFile[1,97659758393842.mockFlowFile,12467B] to output stream
[pool-5347-thread-1] INFO org.apache.nifi.processors.standard.ExecuteStreamCommand - ExecuteStreamCommand[id=8efb1cfc-728c-4ecd-a14a-d89ac14527d9] Transferring flow file FlowFile[0,97659758393842.mockFlowFile,0B] to original
]]></system-err>
  </testcase>
  <testcase name="testLargePutToAttribute" classname="org.apache.nifi.processors.standard.TestExecuteStreamCommand" time="0.069">
    <system-err><![CDATA[[pool-5348-thread-1] DEBUG org.apache.nifi.processors.standard.ExecuteStreamCommand - ExecuteStreamCommand[id=52797252-5b56-425b-a411-d8ed7e89fa0c] Executing and waiting for command cat with arguments /home/alex/Repositories/nifi/nifi-nar-bundles/nifi-standard-bundle/nifi-standard-processors/target/10MB.txt
[pool-5348-thread-1] DEBUG org.apache.nifi.processors.standard.ExecuteStreamCommand - ExecuteStreamCommand[id=52797252-5b56-425b-a411-d8ed7e89fa0c] Execution complete for command: cat.  Exited with code: 0
[pool-5348-thread-1] INFO org.apache.nifi.processors.standard.ExecuteStreamCommand - ExecuteStreamCommand[id=52797252-5b56-425b-a411-d8ed7e89fa0c] Transferring flow file FlowFile[0,97659824810959.mockFlowFile,0B] to original
]]></system-err>
  </testcase>
  <testcase name="testExecuteIngestAndUpdateWithWorkingDirPutToAttribute" classname="org.apache.nifi.processors.standard.TestExecuteStreamCommand" time="0.073">
    <system-err><![CDATA[[pool-5349-thread-1] DEBUG org.apache.nifi.processors.standard.ExecuteStreamCommand - ExecuteStreamCommand[id=6a2e677a-1fa1-4ca9-b37f-3ba60c9b1a8e] Executing and waiting for command java with arguments -jar;/home/alex/Repositories/nifi/nifi-nar-bundles/nifi-standard-bundle/nifi-standard-processors/src/test/resources/ExecuteCommand/TestIngestAndUpdate.jar
[pool-5349-thread-1] DEBUG org.apache.nifi.processors.standard.ExecuteStreamCommand - ExecuteStreamCommand[id=6a2e677a-1fa1-4ca9-b37f-3ba60c9b1a8e] Execution complete for command: java.  Exited with code: 0
[pool-5349-thread-1] INFO org.apache.nifi.processors.standard.ExecuteStreamCommand - ExecuteStreamCommand[id=6a2e677a-1fa1-4ca9-b37f-3ba60c9b1a8e] Transferring flow file FlowFile[0,1000bytes.txt,1000B] to original
]]></system-err>
  </testcase>
  <testcase name="testIgnoredStdin" classname="org.apache.nifi.processors.standard.TestExecuteStreamCommand" time="0.073">
    <system-err><![CDATA[[pool-5350-thread-1] DEBUG org.apache.nifi.processors.standard.ExecuteStreamCommand - ExecuteStreamCommand[id=d8f30236-e104-4781-a815-f9e6993ef111] Executing and waiting for command java with arguments -jar;/home/alex/Repositories/nifi/nifi-nar-bundles/nifi-standard-bundle/nifi-standard-processors/src/test/resources/ExecuteCommand/TestIngestAndUpdate.jar
[pool-5350-thread-1] DEBUG org.apache.nifi.processors.standard.ExecuteStreamCommand - ExecuteStreamCommand[id=d8f30236-e104-4781-a815-f9e6993ef111] Execution complete for command: java.  Exited with code: 0
[pool-5350-thread-1] INFO org.apache.nifi.processors.standard.ExecuteStreamCommand - ExecuteStreamCommand[id=d8f30236-e104-4781-a815-f9e6993ef111] Transferring flow file FlowFile[1,1000bytes.txt,114B] to output stream
[pool-5350-thread-1] INFO org.apache.nifi.processors.standard.ExecuteStreamCommand - ExecuteStreamCommand[id=d8f30236-e104-4781-a815-f9e6993ef111] Transferring flow file FlowFile[0,1000bytes.txt,1000B] to original
]]></system-err>
  </testcase>
  <testcase name="testExecuteJarToAttributeConfiguration" classname="org.apache.nifi.processors.standard.TestExecuteStreamCommand" time="0.068">
    <system-err><![CDATA[[pool-5351-thread-1] DEBUG org.apache.nifi.processors.standard.ExecuteStreamCommand - ExecuteStreamCommand[id=6c1d161d-b20b-4589-b8dd-fff0a383610b] Executing and waiting for command java with arguments -jar;/home/alex/Repositories/nifi/nifi-nar-bundles/nifi-standard-bundle/nifi-standard-processors/src/test/resources/ExecuteCommand/TestSuccess.jar
[pool-5351-thread-1] DEBUG org.apache.nifi.processors.standard.ExecuteStreamCommand - ExecuteStreamCommand[id=6c1d161d-b20b-4589-b8dd-fff0a383610b] Execution complete for command: java.  Exited with code: 0
[pool-5351-thread-1] INFO org.apache.nifi.processors.standard.ExecuteStreamCommand - ExecuteStreamCommand[id=6c1d161d-b20b-4589-b8dd-fff0a383610b] Transferring flow file FlowFile[0,97659988506258.mockFlowFile,10B] to original
]]></system-err>
  </testcase>
  <testcase name="testExecuteJarToAttributeConfigurationDyanmicProperties" classname="org.apache.nifi.processors.standard.TestExecuteStreamCommand" time="0.068">
    <system-err><![CDATA[[pool-5352-thread-1] DEBUG org.apache.nifi.processors.standard.ExecuteStreamCommand - ExecuteStreamCommand[id=08270f5c-13f8-48bc-89dd-e3b0c7833fd3] Executing and waiting for command java with arguments -jar	/home/alex/Repositories/nifi/nifi-nar-bundles/nifi-standard-bundle/nifi-standard-processors/src/test/resources/ExecuteCommand/TestSuccess.jar
[pool-5352-thread-1] DEBUG org.apache.nifi.processors.standard.ExecuteStreamCommand - ExecuteStreamCommand[id=08270f5c-13f8-48bc-89dd-e3b0c7833fd3] Execution complete for command: java.  Exited with code: 0
[pool-5352-thread-1] INFO org.apache.nifi.processors.standard.ExecuteStreamCommand - ExecuteStreamCommand[id=08270f5c-13f8-48bc-89dd-e3b0c7833fd3] Transferring flow file FlowFile[0,97660056838043.mockFlowFile,10B] to original
]]></system-err>
  </testcase>
</testsuite>