<?xml version="1.0" encoding="UTF-8"?>
<testsuite xmlns:xsi="http://www.w3.org/2001/XMLSchema-instance" xsi:noNamespaceSchemaLocation="https://maven.apache.org/surefire/maven-surefire-plugin/xsd/surefire-test-report-3.0.xsd" version="3.0" name="org.apache.nifi.processors.hl7.TestExtractHL7Attributes" time="0.271" tests="3" errors="0" skipped="0" failures="0">
  <properties>
    <property name="sun.desktop" value="gnome"/>
    <property name="awt.toolkit" value="sun.awt.X11.XToolkit"/>
    <property name="file.encoding.pkg" value="sun.io"/>
    <property name="java.specification.version" value="1.8"/>
    <property name="sun.cpu.isalist" value=""/>
    <property name="sun.jnu.encoding" value="UTF-8"/>
    <property name="java.class.path" value="/home/alex/Repositories/nifi/nifi-nar-bundles/nifi-hl7-bundle/nifi-hl7-processors/target/test-classes:/home/alex/Repositories/nifi/nifi-nar-bundles/nifi-hl7-bundle/nifi-hl7-processors/target/classes:/home/alex/Repositories/nifi/nifi-api/target/classes:/home/alex/Repositories/nifi/nifi-commons/nifi-utils/target/classes:/home/alex/.m2/repository/org/apache/commons/commons-lang3/3.9/commons-lang3-3.9.jar:/home/alex/Repositories/nifi/nifi-commons/nifi-hl7-query-language/target/classes:/home/alex/.m2/repository/org/antlr/antlr-runtime/3.5.2/antlr-runtime-3.5.2.jar:/home/alex/.m2/repository/commons-beanutils/commons-beanutils/1.9.4/commons-beanutils-1.9.4.jar:/home/alex/.m2/repository/commons-logging/commons-logging/1.2/commons-logging-1.2.jar:/home/alex/.m2/repository/commons-collections/commons-collections/3.2.2/commons-collections-3.2.2.jar:/home/alex/.m2/repository/ca/uhn/hapi/hapi-base/2.3/hapi-base-2.3.jar:/home/alex/.m2/repository/org/slf4j/slf4j-api/1.7.32/slf4j-api-1.7.32.jar:/home/alex/.m2/repository/joda-time/joda-time/2.1/joda-time-2.1.jar:/home/alex/.m2/repository/ca/uhn/hapi/hapi-structures-v21/2.3/hapi-structures-v21-2.3.jar:/home/alex/.m2/repository/ca/uhn/hapi/hapi-structures-v22/2.3/hapi-structures-v22-2.3.jar:/home/alex/.m2/repository/ca/uhn/hapi/hapi-structures-v23/2.3/hapi-structures-v23-2.3.jar:/home/alex/.m2/repository/ca/uhn/hapi/hapi-structures-v231/2.3/hapi-structures-v231-2.3.jar:/home/alex/.m2/repository/ca/uhn/hapi/hapi-structures-v24/2.3/hapi-structures-v24-2.3.jar:/home/alex/.m2/repository/ca/uhn/hapi/hapi-structures-v25/2.3/hapi-structures-v25-2.3.jar:/home/alex/.m2/repository/ca/uhn/hapi/hapi-structures-v251/2.3/hapi-structures-v251-2.3.jar:/home/alex/.m2/repository/ca/uhn/hapi/hapi-structures-v26/2.3/hapi-structures-v26-2.3.jar:/home/alex/Repositories/nifi/nifi-mock/target/classes:/home/alex/Repositories/nifi/nifi-framework-api/target/classes:/home/alex/Repositories/nifi/nifi-commons/nifi-parameter/target/classes:/home/alex/Repositories/nifi/nifi-nar-bundles/nifi-framework-bundle/nifi-framework/nifi-framework-core-api/target/classes:/home/alex/Repositories/nifi/nifi-nar-bundles/nifi-framework-bundle/nifi-framework/nifi-framework-nar-utils/target/classes:/home/alex/Repositories/nifi/nifi-nar-bundles/nifi-framework-bundle/nifi-framework/nifi-client-dto/target/classes:/home/alex/.m2/repository/io/swagger/swagger-annotations/1.6.0/swagger-annotations-1.6.0.jar:/home/alex/Repositories/nifi/nifi-commons/nifi-site-to-site-client/target/classes:/home/alex/Repositories/nifi/nifi-commons/nifi-security-utils/target/classes:/home/alex/Repositories/nifi/nifi-commons/nifi-security-utils-api/target/classes:/home/alex/Repositories/nifi/nifi-commons/nifi-security-kms/target/classes:/home/alex/.m2/repository/org/bouncycastle/bcprov-jdk15on/1.69/bcprov-jdk15on-1.69.jar:/home/alex/.m2/repository/org/bouncycastle/bcpkix-jdk15on/1.69/bcpkix-jdk15on-1.69.jar:/home/alex/.m2/repository/org/bouncycastle/bcutil-jdk15on/1.69/bcutil-jdk15on-1.69.jar:/home/alex/Repositories/nifi/nifi-commons/nifi-properties/target/classes:/home/alex/Repositories/nifi/nifi-commons/nifi-property-utils/target/classes:/home/alex/.m2/repository/at/favre/lib/bcrypt/0.9.0/bcrypt-0.9.0.jar:/home/alex/.m2/repository/at/favre/lib/bytes/1.3.0/bytes-1.3.0.jar:/home/alex/.m2/repository/org/apache/commons/commons-configuration2/2.7/commons-configuration2-2.7.jar:/home/alex/.m2/repository/org/apache/httpcomponents/httpclient/4.5.5/httpclient-4.5.5.jar:/home/alex/.m2/repository/org/apache/httpcomponents/httpcore/4.4.9/httpcore-4.4.9.jar:/home/alex/.m2/repository/org/apache/httpcomponents/httpasyncclient/4.1.4/httpasyncclient-4.1.4.jar:/home/alex/.m2/repository/org/apache/httpcomponents/httpcore-nio/4.4.10/httpcore-nio-4.4.10.jar:/home/alex/Repositories/nifi/nifi-nar-bundles/nifi-framework-bundle/nifi-framework/nifi-framework-authorization/target/classes:/home/alex/Repositories/nifi/nifi-registry/nifi-registry-core/nifi-registry-data-model/target/classes:/home/alex/.m2/repository/javax/validation/validation-api/2.0.1.Final/validation-api-2.0.1.Final.jar:/home/alex/.m2/repository/javax/ws/rs/javax.ws.rs-api/2.1/javax.ws.rs-api-2.1.jar:/home/alex/Repositories/nifi/nifi-registry/nifi-registry-core/nifi-registry-revision/nifi-registry-revision-entity-model/target/classes:/home/alex/Repositories/nifi/nifi-registry/nifi-registry-core/nifi-registry-client/target/classes:/home/alex/Repositories/nifi/nifi-registry/nifi-registry-core/nifi-registry-security-utils/target/classes:/home/alex/.m2/repository/org/glassfish/jersey/core/jersey-client/2.33/jersey-client-2.33.jar:/home/alex/.m2/repository/jakarta/ws/rs/jakarta.ws.rs-api/2.1.6/jakarta.ws.rs-api-2.1.6.jar:/home/alex/.m2/repository/org/glassfish/hk2/external/jakarta.inject/2.6.1/jakarta.inject-2.6.1.jar:/home/alex/.m2/repository/org/glassfish/jersey/media/jersey-media-json-jackson/2.33/jersey-media-json-jackson-2.33.jar:/home/alex/.m2/repository/org/glassfish/jersey/ext/jersey-entity-filtering/2.33/jersey-entity-filtering-2.33.jar:/home/alex/.m2/repository/com/fasterxml/jackson/module/jackson-module-jaxb-annotations/2.11.3/jackson-module-jaxb-annotations-2.11.3.jar:/home/alex/.m2/repository/jakarta/xml/bind/jakarta.xml.bind-api/2.3.2/jakarta.xml.bind-api-2.3.2.jar:/home/alex/.m2/repository/jakarta/activation/jakarta.activation-api/1.2.1/jakarta.activation-api-1.2.1.jar:/home/alex/.m2/repository/org/glassfish/jersey/inject/jersey-hk2/2.33/jersey-hk2-2.33.jar:/home/alex/.m2/repository/org/glassfish/hk2/hk2-locator/2.6.1/hk2-locator-2.6.1.jar:/home/alex/.m2/repository/org/glassfish/hk2/external/aopalliance-repackaged/2.6.1/aopalliance-repackaged-2.6.1.jar:/home/alex/.m2/repository/org/glassfish/hk2/hk2-api/2.6.1/hk2-api-2.6.1.jar:/home/alex/.m2/repository/org/glassfish/hk2/hk2-utils/2.6.1/hk2-utils-2.6.1.jar:/home/alex/.m2/repository/org/javassist/javassist/3.25.0-GA/javassist-3.25.0-GA.jar:/home/alex/.m2/repository/org/glassfish/jersey/core/jersey-common/2.33/jersey-common-2.33.jar:/home/alex/.m2/repository/jakarta/annotation/jakarta.annotation-api/1.3.5/jakarta.annotation-api-1.3.5.jar:/home/alex/.m2/repository/org/glassfish/hk2/osgi-resource-locator/1.0.3/osgi-resource-locator-1.0.3.jar:/home/alex/.m2/repository/org/glassfish/jersey/media/jersey-media-multipart/2.33/jersey-media-multipart-2.33.jar:/home/alex/.m2/repository/org/jvnet/mimepull/mimepull/1.9.13/mimepull-1.9.13.jar:/home/alex/Repositories/nifi/nifi-commons/nifi-expression-language/target/classes:/home/alex/Repositories/nifi/nifi-commons/nifi-uuid5/target/classes:/home/alex/.m2/repository/com/jayway/jsonpath/json-path/2.6.0/json-path-2.6.0.jar:/home/alex/.m2/repository/net/minidev/json-smart/2.4.7/json-smart-2.4.7.jar:/home/alex/.m2/repository/net/minidev/accessors-smart/2.4.7/accessors-smart-2.4.7.jar:/home/alex/.m2/repository/org/ow2/asm/asm/9.1/asm-9.1.jar:/home/alex/.m2/repository/com/fasterxml/jackson/core/jackson-databind/2.12.3/jackson-databind-2.12.3.jar:/home/alex/.m2/repository/com/fasterxml/jackson/core/jackson-annotations/2.12.3/jackson-annotations-2.12.3.jar:/home/alex/.m2/repository/com/fasterxml/jackson/core/jackson-core/2.12.3/jackson-core-2.12.3.jar:/home/alex/.m2/repository/org/apache/commons/commons-text/1.8/commons-text-1.8.jar:/home/alex/.m2/repository/commons-codec/commons-codec/1.14/commons-codec-1.14.jar:/home/alex/Repositories/nifi/nifi-commons/nifi-data-provenance-utils/target/classes:/home/alex/.m2/repository/org/junit/jupiter/junit-jupiter-api/5.7.2/junit-jupiter-api-5.7.2.jar:/home/alex/.m2/repository/org/apiguardian/apiguardian-api/1.1.0/apiguardian-api-1.1.0.jar:/home/alex/.m2/repository/org/opentest4j/opentest4j/1.2.0/opentest4j-1.2.0.jar:/home/alex/.m2/repository/org/junit/platform/junit-platform-commons/1.7.2/junit-platform-commons-1.7.2.jar:/home/alex/.m2/repository/org/junit/jupiter/junit-jupiter-engine/5.7.2/junit-jupiter-engine-5.7.2.jar:/home/alex/.m2/repository/org/junit/platform/junit-platform-engine/1.7.2/junit-platform-engine-1.7.2.jar:/home/alex/.m2/repository/org/junit/vintage/junit-vintage-engine/5.7.2/junit-vintage-engine-5.7.2.jar:/home/alex/.m2/repository/junit/junit/4.13.2/junit-4.13.2.jar:/home/alex/.m2/repository/org/hamcrest/hamcrest-core/1.3/hamcrest-core-1.3.jar:/home/alex/.m2/repository/org/junit/jupiter/junit-jupiter-params/5.7.2/junit-jupiter-params-5.7.2.jar:/home/alex/.m2/repository/org/mockito/mockito-core/3.11.2/mockito-core-3.11.2.jar:/home/alex/.m2/repository/net/bytebuddy/byte-buddy/1.11.3/byte-buddy-1.11.3.jar:/home/alex/.m2/repository/net/bytebuddy/byte-buddy-agent/1.11.3/byte-buddy-agent-1.11.3.jar:/home/alex/.m2/repository/org/objenesis/objenesis/3.2/objenesis-3.2.jar:/home/alex/.m2/repository/org/mockito/mockito-junit-jupiter/3.11.2/mockito-junit-jupiter-3.11.2.jar:/home/alex/.m2/repository/org/slf4j/slf4j-simple/1.7.32/slf4j-simple-1.7.32.jar:/home/alex/.m2/repository/org/codehaus/groovy/groovy-test/2.5.14/groovy-test-2.5.14.jar:/home/alex/.m2/repository/org/codehaus/groovy/groovy/2.5.14/groovy-2.5.14.jar:"/>
    <property name="java.vm.vendor" value="Private Build"/>
    <property name="sun.arch.data.model" value="64"/>
    <property name="java.vendor.url" value="http://java.oracle.com/"/>
    <property name="user.timezone" value=""/>
    <property name="java.vm.specification.version" value="1.8"/>
    <property name="os.name" value="Linux"/>
    <property name="user.country" value="US"/>
    <property name="sun.java.launcher" value="SUN_STANDARD"/>
    <property name="sun.boot.library.path" value="/usr/lib/jvm/java-8-openjdk-amd64/jre/lib/amd64"/>
    <property name="sun.java.command" value="/home/alex/Repositories/nifi/nifi-nar-bundles/nifi-hl7-bundle/nifi-hl7-processors/target/surefire/surefirebooter2057880767072797305.jar /home/alex/Repositories/nifi/nifi-nar-bundles/nifi-hl7-bundle/nifi-hl7-processors/target/surefire 2024-05-02T03-23-33_830-jvmRun1 surefire4273074474016086160tmp surefire_97694078025588201718tmp"/>
    <property name="surefire.test.class.path" value="/home/alex/Repositories/nifi/nifi-nar-bundles/nifi-hl7-bundle/nifi-hl7-processors/target/test-classes:/home/alex/Repositories/nifi/nifi-nar-bundles/nifi-hl7-bundle/nifi-hl7-processors/target/classes:/home/alex/Repositories/nifi/nifi-api/target/classes:/home/alex/Repositories/nifi/nifi-commons/nifi-utils/target/classes:/home/alex/.m2/repository/org/apache/commons/commons-lang3/3.9/commons-lang3-3.9.jar:/home/alex/Repositories/nifi/nifi-commons/nifi-hl7-query-language/target/classes:/home/alex/.m2/repository/org/antlr/antlr-runtime/3.5.2/antlr-runtime-3.5.2.jar:/home/alex/.m2/repository/commons-beanutils/commons-beanutils/1.9.4/commons-beanutils-1.9.4.jar:/home/alex/.m2/repository/commons-logging/commons-logging/1.2/commons-logging-1.2.jar:/home/alex/.m2/repository/commons-collections/commons-collections/3.2.2/commons-collections-3.2.2.jar:/home/alex/.m2/repository/ca/uhn/hapi/hapi-base/2.3/hapi-base-2.3.jar:/home/alex/.m2/repository/org/slf4j/slf4j-api/1.7.32/slf4j-api-1.7.32.jar:/home/alex/.m2/repository/joda-time/joda-time/2.1/joda-time-2.1.jar:/home/alex/.m2/repository/ca/uhn/hapi/hapi-structures-v21/2.3/hapi-structures-v21-2.3.jar:/home/alex/.m2/repository/ca/uhn/hapi/hapi-structures-v22/2.3/hapi-structures-v22-2.3.jar:/home/alex/.m2/repository/ca/uhn/hapi/hapi-structures-v23/2.3/hapi-structures-v23-2.3.jar:/home/alex/.m2/repository/ca/uhn/hapi/hapi-structures-v231/2.3/hapi-structures-v231-2.3.jar:/home/alex/.m2/repository/ca/uhn/hapi/hapi-structures-v24/2.3/hapi-structures-v24-2.3.jar:/home/alex/.m2/repository/ca/uhn/hapi/hapi-structures-v25/2.3/hapi-structures-v25-2.3.jar:/home/alex/.m2/repository/ca/uhn/hapi/hapi-structures-v251/2.3/hapi-structures-v251-2.3.jar:/home/alex/.m2/repository/ca/uhn/hapi/hapi-structures-v26/2.3/hapi-structures-v26-2.3.jar:/home/alex/Repositories/nifi/nifi-mock/target/classes:/home/alex/Repositories/nifi/nifi-framework-api/target/classes:/home/alex/Repositories/nifi/nifi-commons/nifi-parameter/target/classes:/home/alex/Repositories/nifi/nifi-nar-bundles/nifi-framework-bundle/nifi-framework/nifi-framework-core-api/target/classes:/home/alex/Repositories/nifi/nifi-nar-bundles/nifi-framework-bundle/nifi-framework/nifi-framework-nar-utils/target/classes:/home/alex/Repositories/nifi/nifi-nar-bundles/nifi-framework-bundle/nifi-framework/nifi-client-dto/target/classes:/home/alex/.m2/repository/io/swagger/swagger-annotations/1.6.0/swagger-annotations-1.6.0.jar:/home/alex/Repositories/nifi/nifi-commons/nifi-site-to-site-client/target/classes:/home/alex/Repositories/nifi/nifi-commons/nifi-security-utils/target/classes:/home/alex/Repositories/nifi/nifi-commons/nifi-security-utils-api/target/classes:/home/alex/Repositories/nifi/nifi-commons/nifi-security-kms/target/classes:/home/alex/.m2/repository/org/bouncycastle/bcprov-jdk15on/1.69/bcprov-jdk15on-1.69.jar:/home/alex/.m2/repository/org/bouncycastle/bcpkix-jdk15on/1.69/bcpkix-jdk15on-1.69.jar:/home/alex/.m2/repository/org/bouncycastle/bcutil-jdk15on/1.69/bcutil-jdk15on-1.69.jar:/home/alex/Repositories/nifi/nifi-commons/nifi-properties/target/classes:/home/alex/Repositories/nifi/nifi-commons/nifi-property-utils/target/classes:/home/alex/.m2/repository/at/favre/lib/bcrypt/0.9.0/bcrypt-0.9.0.jar:/home/alex/.m2/repository/at/favre/lib/bytes/1.3.0/bytes-1.3.0.jar:/home/alex/.m2/repository/org/apache/commons/commons-configuration2/2.7/commons-configuration2-2.7.jar:/home/alex/.m2/repository/org/apache/httpcomponents/httpclient/4.5.5/httpclient-4.5.5.jar:/home/alex/.m2/repository/org/apache/httpcomponents/httpcore/4.4.9/httpcore-4.4.9.jar:/home/alex/.m2/repository/org/apache/httpcomponents/httpasyncclient/4.1.4/httpasyncclient-4.1.4.jar:/home/alex/.m2/repository/org/apache/httpcomponents/httpcore-nio/4.4.10/httpcore-nio-4.4.10.jar:/home/alex/Repositories/nifi/nifi-nar-bundles/nifi-framework-bundle/nifi-framework/nifi-framework-authorization/target/classes:/home/alex/Repositories/nifi/nifi-registry/nifi-registry-core/nifi-registry-data-model/target/classes:/home/alex/.m2/repository/javax/validation/validation-api/2.0.1.Final/validation-api-2.0.1.Final.jar:/home/alex/.m2/repository/javax/ws/rs/javax.ws.rs-api/2.1/javax.ws.rs-api-2.1.jar:/home/alex/Repositories/nifi/nifi-registry/nifi-registry-core/nifi-registry-revision/nifi-registry-revision-entity-model/target/classes:/home/alex/Repositories/nifi/nifi-registry/nifi-registry-core/nifi-registry-client/target/classes:/home/alex/Repositories/nifi/nifi-registry/nifi-registry-core/nifi-registry-security-utils/target/classes:/home/alex/.m2/repository/org/glassfish/jersey/core/jersey-client/2.33/jersey-client-2.33.jar:/home/alex/.m2/repository/jakarta/ws/rs/jakarta.ws.rs-api/2.1.6/jakarta.ws.rs-api-2.1.6.jar:/home/alex/.m2/repository/org/glassfish/hk2/external/jakarta.inject/2.6.1/jakarta.inject-2.6.1.jar:/home/alex/.m2/repository/org/glassfish/jersey/media/jersey-media-json-jackson/2.33/jersey-media-json-jackson-2.33.jar:/home/alex/.m2/repository/org/glassfish/jersey/ext/jersey-entity-filtering/2.33/jersey-entity-filtering-2.33.jar:/home/alex/.m2/repository/com/fasterxml/jackson/module/jackson-module-jaxb-annotations/2.11.3/jackson-module-jaxb-annotations-2.11.3.jar:/home/alex/.m2/repository/jakarta/xml/bind/jakarta.xml.bind-api/2.3.2/jakarta.xml.bind-api-2.3.2.jar:/home/alex/.m2/repository/jakarta/activation/jakarta.activation-api/1.2.1/jakarta.activation-api-1.2.1.jar:/home/alex/.m2/repository/org/glassfish/jersey/inject/jersey-hk2/2.33/jersey-hk2-2.33.jar:/home/alex/.m2/repository/org/glassfish/hk2/hk2-locator/2.6.1/hk2-locator-2.6.1.jar:/home/alex/.m2/repository/org/glassfish/hk2/external/aopalliance-repackaged/2.6.1/aopalliance-repackaged-2.6.1.jar:/home/alex/.m2/repository/org/glassfish/hk2/hk2-api/2.6.1/hk2-api-2.6.1.jar:/home/alex/.m2/repository/org/glassfish/hk2/hk2-utils/2.6.1/hk2-utils-2.6.1.jar:/home/alex/.m2/repository/org/javassist/javassist/3.25.0-GA/javassist-3.25.0-GA.jar:/home/alex/.m2/repository/org/glassfish/jersey/core/jersey-common/2.33/jersey-common-2.33.jar:/home/alex/.m2/repository/jakarta/annotation/jakarta.annotation-api/1.3.5/jakarta.annotation-api-1.3.5.jar:/home/alex/.m2/repository/org/glassfish/hk2/osgi-resource-locator/1.0.3/osgi-resource-locator-1.0.3.jar:/home/alex/.m2/repository/org/glassfish/jersey/media/jersey-media-multipart/2.33/jersey-media-multipart-2.33.jar:/home/alex/.m2/repository/org/jvnet/mimepull/mimepull/1.9.13/mimepull-1.9.13.jar:/home/alex/Repositories/nifi/nifi-commons/nifi-expression-language/target/classes:/home/alex/Repositories/nifi/nifi-commons/nifi-uuid5/target/classes:/home/alex/.m2/repository/com/jayway/jsonpath/json-path/2.6.0/json-path-2.6.0.jar:/home/alex/.m2/repository/net/minidev/json-smart/2.4.7/json-smart-2.4.7.jar:/home/alex/.m2/repository/net/minidev/accessors-smart/2.4.7/accessors-smart-2.4.7.jar:/home/alex/.m2/repository/org/ow2/asm/asm/9.1/asm-9.1.jar:/home/alex/.m2/repository/com/fasterxml/jackson/core/jackson-databind/2.12.3/jackson-databind-2.12.3.jar:/home/alex/.m2/repository/com/fasterxml/jackson/core/jackson-annotations/2.12.3/jackson-annotations-2.12.3.jar:/home/alex/.m2/repository/com/fasterxml/jackson/core/jackson-core/2.12.3/jackson-core-2.12.3.jar:/home/alex/.m2/repository/org/apache/commons/commons-text/1.8/commons-text-1.8.jar:/home/alex/.m2/repository/commons-codec/commons-codec/1.14/commons-codec-1.14.jar:/home/alex/Repositories/nifi/nifi-commons/nifi-data-provenance-utils/target/classes:/home/alex/.m2/repository/org/junit/jupiter/junit-jupiter-api/5.7.2/junit-jupiter-api-5.7.2.jar:/home/alex/.m2/repository/org/apiguardian/apiguardian-api/1.1.0/apiguardian-api-1.1.0.jar:/home/alex/.m2/repository/org/opentest4j/opentest4j/1.2.0/opentest4j-1.2.0.jar:/home/alex/.m2/repository/org/junit/platform/junit-platform-commons/1.7.2/junit-platform-commons-1.7.2.jar:/home/alex/.m2/repository/org/junit/jupiter/junit-jupiter-engine/5.7.2/junit-jupiter-engine-5.7.2.jar:/home/alex/.m2/repository/org/junit/platform/junit-platform-engine/1.7.2/junit-platform-engine-1.7.2.jar:/home/alex/.m2/repository/org/junit/vintage/junit-vintage-engine/5.7.2/junit-vintage-engine-5.7.2.jar:/home/alex/.m2/repository/junit/junit/4.13.2/junit-4.13.2.jar:/home/alex/.m2/repository/org/hamcrest/hamcrest-core/1.3/hamcrest-core-1.3.jar:/home/alex/.m2/repository/org/junit/jupiter/junit-jupiter-params/5.7.2/junit-jupiter-params-5.7.2.jar:/home/alex/.m2/repository/org/mockito/mockito-core/3.11.2/mockito-core-3.11.2.jar:/home/alex/.m2/repository/net/bytebuddy/byte-buddy/1.11.3/byte-buddy-1.11.3.jar:/home/alex/.m2/repository/net/bytebuddy/byte-buddy-agent/1.11.3/byte-buddy-agent-1.11.3.jar:/home/alex/.m2/repository/org/objenesis/objenesis/3.2/objenesis-3.2.jar:/home/alex/.m2/repository/org/mockito/mockito-junit-jupiter/3.11.2/mockito-junit-jupiter-3.11.2.jar:/home/alex/.m2/repository/org/slf4j/slf4j-simple/1.7.32/slf4j-simple-1.7.32.jar:/home/alex/.m2/repository/org/codehaus/groovy/groovy-test/2.5.14/groovy-test-2.5.14.jar:/home/alex/.m2/repository/org/codehaus/groovy/groovy/2.5.14/groovy-2.5.14.jar:"/>
    <property name="sun.cpu.endian" value="little"/>
    <property name="user.home" value="/home/alex"/>
    <property name="user.language" value="en"/>
    <property name="java.specification.vendor" value="Oracle Corporation"/>
    <property name="java.home" value="/usr/lib/jvm/java-8-openjdk-amd64/jre"/>
    <property name="basedir" value="/home/alex/Repositories/nifi/nifi-nar-bundles/nifi-hl7-bundle/nifi-hl7-processors"/>
    <property name="file.separator" value="/"/>
    <property name="line.separator" value="&#10;"/>
    <property name="java.vm.specification.vendor" value="Oracle Corporation"/>
    <property name="java.specification.name" value="Java Platform API Specification"/>
    <property name="org.slf4j.simpleLogger.log.org.apache.nifi" value="DEBUG"/>
    <property name="java.awt.graphicsenv" value="sun.awt.X11GraphicsEnvironment"/>
    <property name="java.awt.headless" value="true"/>
    <property name="surefire.real.class.path" value="/home/alex/Repositories/nifi/nifi-nar-bundles/nifi-hl7-bundle/nifi-hl7-processors/target/surefire/surefirebooter2057880767072797305.jar"/>
    <property name="sun.boot.class.path" value="/usr/lib/jvm/java-8-openjdk-amd64/jre/lib/resources.jar:/usr/lib/jvm/java-8-openjdk-amd64/jre/lib/rt.jar:/usr/lib/jvm/java-8-openjdk-amd64/jre/lib/sunrsasign.jar:/usr/lib/jvm/java-8-openjdk-amd64/jre/lib/jsse.jar:/usr/lib/jvm/java-8-openjdk-amd64/jre/lib/jce.jar:/usr/lib/jvm/java-8-openjdk-amd64/jre/lib/charsets.jar:/usr/lib/jvm/java-8-openjdk-amd64/jre/lib/jfr.jar:/usr/lib/jvm/java-8-openjdk-amd64/jre/classes"/>
    <property name="sun.management.compiler" value="HotSpot 64-Bit Tiered Compilers"/>
    <property name="java.runtime.version" value="1.8.0_402-8u402-ga-2ubuntu1~22.04-b06"/>
    <property name="java.net.preferIPv4Stack" value="true"/>
    <property name="user.name" value="alex"/>
    <property name="path.separator" value=":"/>
    <property name="os.version" value="6.5.0-28-generic"/>
    <property name="java.endorsed.dirs" value="/usr/lib/jvm/java-8-openjdk-amd64/jre/lib/endorsed"/>
    <property name="java.runtime.name" value="OpenJDK Runtime Environment"/>
    <property name="file.encoding" value="UTF-8"/>
    <property name="java.vm.name" value="OpenJDK 64-Bit Server VM"/>
    <property name="localRepository" value="/home/alex/.m2/repository"/>
    <property name="java.vendor.url.bug" value="http://bugreport.sun.com/bugreport/"/>
    <property name="java.io.tmpdir" value="/tmp"/>
    <property name="java.version" value="1.8.0_402"/>
    <property name="user.dir" value="/home/alex/Repositories/nifi/nifi-nar-bundles/nifi-hl7-bundle/nifi-hl7-processors"/>
    <property name="os.arch" value="amd64"/>
    <property name="java.vm.specification.name" value="Java Virtual Machine Specification"/>
    <property name="java.awt.printerjob" value="sun.print.PSPrinterJob"/>
    <property name="sun.os.patch.level" value="unknown"/>
    <property name="java.library.path" value="/usr/java/packages/lib/amd64:/usr/lib/x86_64-linux-gnu/jni:/lib/x86_64-linux-gnu:/usr/lib/x86_64-linux-gnu:/usr/lib/jni:/lib:/usr/lib"/>
    <property name="java.vm.info" value="mixed mode"/>
    <property name="java.vendor" value="Private Build"/>
    <property name="java.vm.version" value="25.402-b06"/>
    <property name="java.specification.maintenance.version" value="5"/>
    <property name="java.ext.dirs" value="/usr/lib/jvm/java-8-openjdk-amd64/jre/lib/ext:/usr/java/packages/lib/ext"/>
    <property name="sun.io.unicode.encoding" value="UnicodeLittle"/>
    <property name="java.class.version" value="52.0"/>
  </properties>
  <testcase name="testExtractWithSegmentNamesAndFields" classname="org.apache.nifi.processors.hl7.TestExtractHL7Attributes" time="0.227">
    <system-err><![CDATA[[main] DEBUG org.apache.nifi.components.validation.AbstractValidationContext - Dependency for PropertyDescriptor[Character Encoding] is satisfied because it has no dependencies
[main] DEBUG org.apache.nifi.components.validation.AbstractValidationContext - Dependency for PropertyDescriptor[Use Segment Names] is satisfied because it has no dependencies
[main] DEBUG org.apache.nifi.components.validation.AbstractValidationContext - Dependency for PropertyDescriptor[Parse Segment Fields] is satisfied because it has no dependencies
[main] DEBUG org.apache.nifi.components.validation.AbstractValidationContext - Dependency for PropertyDescriptor[Skip Validation] is satisfied because it has no dependencies
[main] DEBUG org.apache.nifi.components.validation.AbstractValidationContext - Dependency for PropertyDescriptor[HL7 Input Version] is satisfied because it has no dependencies
[pool-2-thread-1] INFO ca.uhn.hl7v2.util.Home - hapi.home is set to /home/alex/Repositories/nifi/nifi-nar-bundles/nifi-hl7-bundle/nifi-hl7-processors/.
[pool-2-thread-1] INFO ca.uhn.hl7v2.VersionLogger - HAPI version is: 2.3
[pool-2-thread-1] INFO ca.uhn.hl7v2.VersionLogger - Default Structure libraries found for HL7 versions 2.1, 2.2, 2.3, 2.3.1, 2.4, 2.5, 2.5.1, 2.6, 
[pool-2-thread-1] DEBUG org.apache.nifi.processors.hl7.ExtractHL7Attributes - ExtractHL7Attributes[id=af735b10-58ac-4981-9b2c-fb0377365ff7] Added the following attributes for FlowFile[0,97830883821670.mockFlowFile,503B]: {MSH.EncodingCharacters=^~\&, MSH.FieldSeparator=|, MSH.MessageControlID=Q1111111111111111111, MSH.MessageType.MessageType=ORU, MSH.MessageType.TriggerEvent=R01, MSH.ProcessingID.ProcessingID=P, MSH.ReceivingApplication.NamespaceID=HealthProvider, MSH.SendingApplication.NamespaceID=XXXXXXXX, MSH.VersionID=2.3, OBR_1.FillerOrderNumber.EntityIdentifier=000000000000000000, OBR_1.ObservationDateTime=20150101000000, OBR_1.OrderingProvider.FamilyName=Johnson, OBR_1.OrderingProvider.GivenName=Corey, OBR_1.OrderingProvider.IDNumber=1620, OBR_1.OrderingProvider.MiddleInitialOrName=A, OBR_1.PlacerOrderNumber.EntityIdentifier=341856649, OBR_1.PlacerOrderNumber.NamespaceID=HNAM_ORDERID, OBR_1.ResultStatus=F, OBR_1.ResultsRptStatusChngDateTime=20150101000000, OBR_1.ScheduledDateTime=20150101000000, OBR_1.SetIDObservationRequest=1, OBR_1.UniversalServiceIdentifier.Identifier=648088, OBR_1.UniversalServiceIdentifier.Text=Basic Metabolic Panel, OBX_1.NatureOfAbnormalTest=F, OBX_1.ObservationIdentifier.Identifier=GLU, OBX_1.ObservationIdentifier.Text=Glucose Lvl, OBX_1.ObservationSubID=59, OBX_1.ObservationValue=mg/dL, OBX_1.ReferencesRange=L, OBX_1.SetIDOBX=1, OBX_1.Units.Identifier=65-99, OBX_1.Units.NameOfCodingSystem=99, OBX_1.Units.Text=65, OBX_1.UserDefinedAccessChecks=20150102000000, OBX_1.ValueType=NM, ORC_1.DateTimeOfTransaction=20161003000000, ORC_1.FillerOrderNumber.EntityIdentifier=123456789, ORC_1.FillerOrderNumber.NamespaceID=EPC, ORC_1.OrderControl=NW, ORC_1.OrderingProvider.IDNumber=SMITH, ORC_1.PlacerOrderNumber.EntityIdentifier=987654321, ORC_1.PlacerOrderNumber.NamespaceID=EPC, PD1.PatientPrimaryCareProviderNameIDNo.AssigningAuthority=NPI, PD1.PatientPrimaryCareProviderNameIDNo.FamilyName=LAST, PD1.PatientPrimaryCareProviderNameIDNo.GivenName=FIRST, PD1.PatientPrimaryCareProviderNameIDNo.IDNumber=1234567890, PD1.PatientPrimaryCareProviderNameIDNo.MiddleInitialOrName=M, PID.DateOfBirth=19700100, PID.PatientAccountNumber.ID=111111111111, PID.PatientIDInternalID.AssigningAuthority=XYZ, PID.PatientIDInternalID.ID=12345, PID.PatientIDInternalID.IdentifierTypeCode=MR, PID.PatientName.FamilyName=SMITH, PID.PatientName.GivenName=JOHN, PID.SSNNumberPatient=123456789, PID.Sex=M}
]]></system-err>
  </testcase>
  <testcase name="testExtractWithSegmentNames" classname="org.apache.nifi.processors.hl7.TestExtractHL7Attributes" time="0.017">
    <system-err><![CDATA[[main] DEBUG org.apache.nifi.components.validation.AbstractValidationContext - Dependency for PropertyDescriptor[Character Encoding] is satisfied because it has no dependencies
[main] DEBUG org.apache.nifi.components.validation.AbstractValidationContext - Dependency for PropertyDescriptor[Use Segment Names] is satisfied because it has no dependencies
[main] DEBUG org.apache.nifi.components.validation.AbstractValidationContext - Dependency for PropertyDescriptor[Parse Segment Fields] is satisfied because it has no dependencies
[main] DEBUG org.apache.nifi.components.validation.AbstractValidationContext - Dependency for PropertyDescriptor[Skip Validation] is satisfied because it has no dependencies
[main] DEBUG org.apache.nifi.components.validation.AbstractValidationContext - Dependency for PropertyDescriptor[HL7 Input Version] is satisfied because it has no dependencies
[pool-3-thread-1] DEBUG org.apache.nifi.processors.hl7.ExtractHL7Attributes - ExtractHL7Attributes[id=7fb034e2-ca07-4cb5-9d0f-223ca9fc8b7a] Added the following attributes for FlowFile[0,97831049886590.mockFlowFile,503B]: {MSH.EncodingCharacters=^~\&, MSH.FieldSeparator=|, MSH.MessageControlID=Q1111111111111111111, MSH.MessageType=ORU^R01, MSH.ProcessingID=P, MSH.ReceivingApplication=HealthProvider, MSH.SendingApplication=XXXXXXXX, MSH.VersionID=2.3, OBR_1.FillerOrderNumber=000000000000000000, OBR_1.ObservationDateTime=20150101000000, OBR_1.OrderingProvider=1620^Johnson^Corey^A, OBR_1.PlacerOrderNumber=341856649^HNAM_ORDERID, OBR_1.ResultStatus=F, OBR_1.ResultsRptStatusChngDateTime=20150101000000, OBR_1.ScheduledDateTime=20150101000000, OBR_1.SetIDObservationRequest=1, OBR_1.UniversalServiceIdentifier=648088^Basic Metabolic Panel, OBX_1.NatureOfAbnormalTest=F, OBX_1.ObservationIdentifier=GLU^Glucose Lvl, OBX_1.ObservationSubID=59, OBX_1.ObservationValue=mg/dL, OBX_1.ReferencesRange=L, OBX_1.SetIDOBX=1, OBX_1.Units=65-99^65^99, OBX_1.UserDefinedAccessChecks=20150102000000, OBX_1.ValueType=NM, ORC_1.DateTimeOfTransaction=20161003000000, ORC_1.FillerOrderNumber=123456789^EPC, ORC_1.OrderControl=NW, ORC_1.OrderingProvider=SMITH, ORC_1.PlacerOrderNumber=987654321^EPC, PD1.PatientPrimaryCareProviderNameIDNo=1234567890^LAST^FIRST^M^^^^^NPI, PID.DateOfBirth=19700100, PID.PatientAccountNumber=111111111111, PID.PatientIDInternalID=12345^^^XYZ^MR, PID.PatientName=SMITH^JOHN, PID.SSNNumberPatient=123456789, PID.Sex=M}
]]></system-err>
  </testcase>
  <testcase name="testExtract" classname="org.apache.nifi.processors.hl7.TestExtractHL7Attributes" time="0.015">
    <system-err><![CDATA[[main] DEBUG org.apache.nifi.components.validation.AbstractValidationContext - Dependency for PropertyDescriptor[Character Encoding] is satisfied because it has no dependencies
[main] DEBUG org.apache.nifi.components.validation.AbstractValidationContext - Dependency for PropertyDescriptor[Use Segment Names] is satisfied because it has no dependencies
[main] DEBUG org.apache.nifi.components.validation.AbstractValidationContext - Dependency for PropertyDescriptor[Parse Segment Fields] is satisfied because it has no dependencies
[main] DEBUG org.apache.nifi.components.validation.AbstractValidationContext - Dependency for PropertyDescriptor[Skip Validation] is satisfied because it has no dependencies
[main] DEBUG org.apache.nifi.components.validation.AbstractValidationContext - Dependency for PropertyDescriptor[HL7 Input Version] is satisfied because it has no dependencies
[pool-4-thread-1] DEBUG org.apache.nifi.processors.hl7.ExtractHL7Attributes - ExtractHL7Attributes[id=e39b90a6-4ebb-4f59-b8e8-0899508ae90f] Added the following attributes for FlowFile[0,97831067033236.mockFlowFile,503B]: {MSH.1=|, MSH.10=Q1111111111111111111, MSH.11=P, MSH.12=2.3, MSH.2=^~\&, MSH.3=XXXXXXXX, MSH.5=HealthProvider, MSH.9=ORU^R01, OBR_1.1=1, OBR_1.16=1620^Johnson^Corey^A, OBR_1.2=341856649^HNAM_ORDERID, OBR_1.22=20150101000000, OBR_1.25=F, OBR_1.3=000000000000000000, OBR_1.36=20150101000000, OBR_1.4=648088^Basic Metabolic Panel, OBR_1.7=20150101000000, OBX_1.1=1, OBX_1.10=F, OBX_1.13=20150102000000, OBX_1.2=NM, OBX_1.3=GLU^Glucose Lvl, OBX_1.4=59, OBX_1.5=mg/dL, OBX_1.6=65-99^65^99, OBX_1.7=L, ORC_1.1=NW, ORC_1.12=SMITH, ORC_1.2=987654321^EPC, ORC_1.3=123456789^EPC, ORC_1.9=20161003000000, PD1.4=1234567890^LAST^FIRST^M^^^^^NPI, PID.18=111111111111, PID.19=123456789, PID.3=12345^^^XYZ^MR, PID.5=SMITH^JOHN, PID.7=19700100, PID.8=M}
]]></system-err>
  </testcase>
</testsuite>