<?xml version="1.0" encoding="UTF-8"?>
<testsuite xmlns:xsi="http://www.w3.org/2001/XMLSchema-instance" xsi:noNamespaceSchemaLocation="https://maven.apache.org/surefire/maven-surefire-plugin/xsd/surefire-test-report-3.0.xsd" version="3.0" name="org.apache.nifi.processors.standard.TestControlRate" time="5.206" tests="8" errors="0" skipped="0" failures="0">
  <properties>
    <property name="sun.desktop" value="gnome"/>
    <property name="awt.toolkit" value="sun.awt.X11.XToolkit"/>
    <property name="file.encoding.pkg" value="sun.io"/>
    <property name="java.specification.version" value="1.8"/>
    <property name="sun.cpu.isalist" value=""/>
    <property name="sun.jnu.encoding" value="UTF-8"/>
    <property name="java.class.path" value="/home/alex/Repositories/nifi/nifi-nar-bundles/nifi-standard-bundle/nifi-standard-processors/target/test-classes:/home/alex/Repositories/nifi/nifi-nar-bundles/nifi-standard-bundle/nifi-standard-processors/target/classes:/home/alex/.m2/repository/org/apache/ftpserver/ftpserver-core/1.1.1/ftpserver-core-1.1.1.jar:/home/alex/.m2/repository/org/apache/ftpserver/ftplet-api/1.1.1/ftplet-api-1.1.1.jar:/home/alex/.m2/repository/org/slf4j/slf4j-api/1.7.32/slf4j-api-1.7.32.jar:/home/alex/.m2/repository/org/apache/mina/mina-core/2.0.16/mina-core-2.0.16.jar:/home/alex/Repositories/nifi/nifi-api/target/classes:/home/alex/Repositories/nifi/nifi-commons/nifi-expression-language/target/classes:/home/alex/.m2/repository/org/antlr/antlr-runtime/3.5.2/antlr-runtime-3.5.2.jar:/home/alex/Repositories/nifi/nifi-commons/nifi-parameter/target/classes:/home/alex/Repositories/nifi/nifi-commons/nifi-uuid5/target/classes:/home/alex/.m2/repository/org/apache/commons/commons-text/1.8/commons-text-1.8.jar:/home/alex/Repositories/nifi/nifi-nar-bundles/nifi-extension-utils/nifi-processor-utils/target/classes:/home/alex/Repositories/nifi/nifi-commons/nifi-security-socket-ssl/target/classes:/home/alex/Repositories/nifi/nifi-nar-bundles/nifi-extension-utils/nifi-event-transport/target/classes:/home/alex/.m2/repository/io/netty/netty-handler/4.1.69.Final/netty-handler-4.1.69.Final.jar:/home/alex/.m2/repository/io/netty/netty-common/4.1.69.Final/netty-common-4.1.69.Final.jar:/home/alex/.m2/repository/io/netty/netty-resolver/4.1.69.Final/netty-resolver-4.1.69.Final.jar:/home/alex/.m2/repository/io/netty/netty-transport/4.1.69.Final/netty-transport-4.1.69.Final.jar:/home/alex/.m2/repository/io/netty/netty-codec/4.1.69.Final/netty-codec-4.1.69.Final.jar:/home/alex/Repositories/nifi/nifi-nar-bundles/nifi-extension-utils/nifi-syslog-utils/target/classes:/home/alex/.m2/repository/com/github/palindromicity/simple-syslog-5424/0.0.16/simple-syslog-5424-0.0.16.jar:/home/alex/.m2/repository/org/antlr/antlr4-runtime/4.7.2/antlr4-runtime-4.7.2.jar:/home/alex/Repositories/nifi/nifi-commons/nifi-utils/target/classes:/home/alex/Repositories/nifi/nifi-commons/nifi-record-path/target/classes:/home/alex/Repositories/nifi/nifi-commons/nifi-properties/target/classes:/home/alex/Repositories/nifi/nifi-commons/nifi-property-utils/target/classes:/home/alex/.m2/repository/com/github/ben-manes/caffeine/caffeine/2.8.1/caffeine-2.8.1.jar:/home/alex/Repositories/nifi/nifi-nar-bundles/nifi-standard-services/nifi-ssl-context-service-api/target/classes:/home/alex/Repositories/nifi/nifi-commons/nifi-security-utils-api/target/classes:/home/alex/Repositories/nifi/nifi-nar-bundles/nifi-standard-services/nifi-lookup-service-api/target/classes:/home/alex/Repositories/nifi/nifi-commons/nifi-flowfile-packager/target/classes:/home/alex/Repositories/nifi/nifi-nar-bundles/nifi-standard-services/nifi-distributed-cache-client-service-api/target/classes:/home/alex/Repositories/nifi/nifi-nar-bundles/nifi-standard-services/nifi-http-context-map-api/target/classes:/home/alex/Repositories/nifi/nifi-nar-bundles/nifi-standard-services/nifi-record-serialization-service-api/target/classes:/home/alex/Repositories/nifi/nifi-nar-bundles/nifi-standard-services/nifi-proxy-configuration-api/target/classes:/home/alex/Repositories/nifi/nifi-commons/nifi-record/target/classes:/home/alex/Repositories/nifi/nifi-nar-bundles/nifi-standard-services/nifi-record-sink-api/target/classes:/home/alex/.m2/repository/commons-io/commons-io/2.10.0/commons-io-2.10.0.jar:/home/alex/.m2/repository/javax/ws/rs/javax.ws.rs-api/2.1/javax.ws.rs-api-2.1.jar:/home/alex/.m2/repository/commons-net/commons-net/3.6/commons-net-3.6.jar:/home/alex/.m2/repository/org/apache/commons/commons-compress/1.21/commons-compress-1.21.jar:/home/alex/.m2/repository/org/apache/commons/commons-lang3/3.9/commons-lang3-3.9.jar:/home/alex/.m2/repository/org/bouncycastle/bcprov-jdk15on/1.69/bcprov-jdk15on-1.69.jar:/home/alex/.m2/repository/org/bouncycastle/bcpg-jdk15on/1.69/bcpg-jdk15on-1.69.jar:/home/alex/.m2/repository/org/bouncycastle/bcpkix-jdk15on/1.69/bcpkix-jdk15on-1.69.jar:/home/alex/.m2/repository/org/bouncycastle/bcutil-jdk15on/1.69/bcutil-jdk15on-1.69.jar:/home/alex/.m2/repository/commons-codec/commons-codec/1.14/commons-codec-1.14.jar:/home/alex/Repositories/nifi/nifi-commons/nifi-security-utils/target/classes:/home/alex/Repositories/nifi/nifi-commons/nifi-security-kms/target/classes:/home/alex/.m2/repository/org/apache/commons/commons-configuration2/2.7/commons-configuration2-2.7.jar:/home/alex/.m2/repository/com/hierynomus/sshj/0.32.0/sshj-0.32.0.jar:/home/alex/.m2/repository/com/jcraft/jzlib/1.1.3/jzlib-1.1.3.jar:/home/alex/.m2/repository/com/hierynomus/asn-one/0.6.0/asn-one-0.6.0.jar:/home/alex/.m2/repository/net/i2p/crypto/eddsa/0.3.0/eddsa-0.3.0.jar:/home/alex/.m2/repository/org/eclipse/jetty/jetty-server/9.4.44.v20210927/jetty-server-9.4.44.v20210927.jar:/home/alex/.m2/repository/javax/servlet/javax.servlet-api/3.1.0/javax.servlet-api-3.1.0.jar:/home/alex/.m2/repository/org/eclipse/jetty/jetty-http/9.4.44.v20210927/jetty-http-9.4.44.v20210927.jar:/home/alex/.m2/repository/org/eclipse/jetty/jetty-util/9.4.44.v20210927/jetty-util-9.4.44.v20210927.jar:/home/alex/.m2/repository/org/eclipse/jetty/jetty-io/9.4.44.v20210927/jetty-io-9.4.44.v20210927.jar:/home/alex/.m2/repository/org/eclipse/jetty/jetty-servlet/9.4.44.v20210927/jetty-servlet-9.4.44.v20210927.jar:/home/alex/.m2/repository/org/eclipse/jetty/jetty-security/9.4.44.v20210927/jetty-security-9.4.44.v20210927.jar:/home/alex/.m2/repository/org/eclipse/jetty/jetty-util-ajax/9.4.44.v20210927/jetty-util-ajax-9.4.44.v20210927.jar:/home/alex/.m2/repository/org/apache/httpcomponents/httpclient/4.5.5/httpclient-4.5.5.jar:/home/alex/.m2/repository/commons-logging/commons-logging/1.2/commons-logging-1.2.jar:/home/alex/.m2/repository/org/apache/httpcomponents/httpcore/4.4.9/httpcore-4.4.9.jar:/home/alex/.m2/repository/jakarta/activation/jakarta.activation-api/2.0.1/jakarta.activation-api-2.0.1.jar:/home/alex/.m2/repository/com/sun/activation/jakarta.activation/2.0.1/jakarta.activation-2.0.1.jar:/home/alex/.m2/repository/jakarta/mail/jakarta.mail-api/2.0.1/jakarta.mail-api-2.0.1.jar:/home/alex/.m2/repository/com/sun/mail/jakarta.mail/2.0.1/jakarta.mail-2.0.1.jar:/home/alex/.m2/repository/com/github/jponge/lzma-java/1.3/lzma-java-1.3.jar:/home/alex/.m2/repository/org/tukaani/xz/1.8/xz-1.8.jar:/home/alex/.m2/repository/net/sf/saxon/Saxon-HE/10.6/Saxon-HE-10.6.jar:/home/alex/Repositories/nifi/nifi-commons/nifi-socket-utils/target/classes:/home/alex/Repositories/nifi/nifi-commons/nifi-logging-utils/target/classes:/home/alex/Repositories/nifi/nifi-nar-bundles/nifi-standard-services/nifi-load-distribution-service-api/target/classes:/home/alex/.m2/repository/javax/jms/javax.jms-api/2.0.1/javax.jms-api-2.0.1.jar:/home/alex/.m2/repository/org/apache/activemq/activemq-client/5.15.15/activemq-client-5.15.15.jar:/home/alex/.m2/repository/org/apache/geronimo/specs/geronimo-jms_1.1_spec/1.1.1/geronimo-jms_1.1_spec-1.1.1.jar:/home/alex/.m2/repository/org/fusesource/hawtbuf/hawtbuf/1.11/hawtbuf-1.11.jar:/home/alex/.m2/repository/org/apache/geronimo/specs/geronimo-j2ee-management_1.1_spec/1.0.1/geronimo-j2ee-management_1.1_spec-1.0.1.jar:/home/alex/.m2/repository/com/jayway/jsonpath/json-path/2.6.0/json-path-2.6.0.jar:/home/alex/.m2/repository/net/minidev/json-smart/2.4.7/json-smart-2.4.7.jar:/home/alex/.m2/repository/net/minidev/accessors-smart/2.4.7/accessors-smart-2.4.7.jar:/home/alex/.m2/repository/org/ow2/asm/asm/9.1/asm-9.1.jar:/home/alex/.m2/repository/org/apache/tika/tika-core/1.26/tika-core-1.26.jar:/home/alex/.m2/repository/com/fasterxml/jackson/core/jackson-databind/2.12.3/jackson-databind-2.12.3.jar:/home/alex/.m2/repository/com/fasterxml/jackson/core/jackson-annotations/2.12.3/jackson-annotations-2.12.3.jar:/home/alex/.m2/repository/com/fasterxml/jackson/core/jackson-core/2.12.3/jackson-core-2.12.3.jar:/home/alex/Repositories/nifi/nifi-nar-bundles/nifi-extension-utils/nifi-record-utils/nifi-avro-record-utils/target/classes:/home/alex/Repositories/nifi/nifi-nar-bundles/nifi-extension-utils/nifi-record-utils/nifi-standard-record-utils/target/classes:/home/alex/.m2/repository/org/apache/avro/avro/1.8.1/avro-1.8.1.jar:/home/alex/.m2/repository/org/codehaus/jackson/jackson-core-asl/1.9.13/jackson-core-asl-1.9.13.jar:/home/alex/.m2/repository/org/codehaus/jackson/jackson-mapper-asl/1.9.13/jackson-mapper-asl-1.9.13.jar:/home/alex/.m2/repository/com/thoughtworks/paranamer/paranamer/2.7/paranamer-2.7.jar:/home/alex/Repositories/nifi/nifi-nar-bundles/nifi-standard-services/nifi-dbcp-service-api/target/classes:/home/alex/.m2/repository/com/squareup/okhttp3/okhttp/4.9.2/okhttp-4.9.2.jar:/home/alex/.m2/repository/com/squareup/okio/okio/2.8.0/okio-2.8.0.jar:/home/alex/.m2/repository/org/jetbrains/kotlin/kotlin-stdlib-common/1.4.0/kotlin-stdlib-common-1.4.0.jar:/home/alex/.m2/repository/org/jetbrains/kotlin/kotlin-stdlib/1.4.10/kotlin-stdlib-1.4.10.jar:/home/alex/.m2/repository/org/jetbrains/annotations/13.0/annotations-13.0.jar:/home/alex/.m2/repository/io/github/rburgst/okhttp-digest/2.5/okhttp-digest-2.5.jar:/home/alex/.m2/repository/at/favre/lib/bcrypt/0.9.0/bcrypt-0.9.0.jar:/home/alex/.m2/repository/at/favre/lib/bytes/1.3.0/bytes-1.3.0.jar:/home/alex/.m2/repository/com/google/guava/guava/28.0-jre/guava-28.0-jre.jar:/home/alex/.m2/repository/com/google/guava/failureaccess/1.0.1/failureaccess-1.0.1.jar:/home/alex/.m2/repository/com/google/guava/listenablefuture/9999.0-empty-to-avoid-conflict-with-guava/listenablefuture-9999.0-empty-to-avoid-conflict-with-guava.jar:/home/alex/.m2/repository/com/google/code/findbugs/jsr305/3.0.2/jsr305-3.0.2.jar:/home/alex/.m2/repository/org/checkerframework/checker-qual/2.8.1/checker-qual-2.8.1.jar:/home/alex/.m2/repository/com/google/errorprone/error_prone_annotations/2.3.2/error_prone_annotations-2.3.2.jar:/home/alex/.m2/repository/com/google/j2objc/j2objc-annotations/1.3/j2objc-annotations-1.3.jar:/home/alex/.m2/repository/org/codehaus/mojo/animal-sniffer-annotations/1.17/animal-sniffer-annotations-1.17.jar:/home/alex/Repositories/nifi/nifi-mock/target/classes:/home/alex/Repositories/nifi/nifi-framework-api/target/classes:/home/alex/Repositories/nifi/nifi-nar-bundles/nifi-framework-bundle/nifi-framework/nifi-framework-core-api/target/classes:/home/alex/Repositories/nifi/nifi-nar-bundles/nifi-framework-bundle/nifi-framework/nifi-framework-nar-utils/target/classes:/home/alex/Repositories/nifi/nifi-nar-bundles/nifi-framework-bundle/nifi-framework/nifi-client-dto/target/classes:/home/alex/.m2/repository/io/swagger/swagger-annotations/1.6.0/swagger-annotations-1.6.0.jar:/home/alex/Repositories/nifi/nifi-commons/nifi-site-to-site-client/target/classes:/home/alex/.m2/repository/org/apache/httpcomponents/httpasyncclient/4.1.4/httpasyncclient-4.1.4.jar:/home/alex/.m2/repository/org/apache/httpcomponents/httpcore-nio/4.4.10/httpcore-nio-4.4.10.jar:/home/alex/Repositories/nifi/nifi-nar-bundles/nifi-framework-bundle/nifi-framework/nifi-framework-authorization/target/classes:/home/alex/Repositories/nifi/nifi-registry/nifi-registry-core/nifi-registry-data-model/target/classes:/home/alex/Repositories/nifi/nifi-registry/nifi-registry-core/nifi-registry-revision/nifi-registry-revision-entity-model/target/classes:/home/alex/Repositories/nifi/nifi-registry/nifi-registry-core/nifi-registry-client/target/classes:/home/alex/Repositories/nifi/nifi-registry/nifi-registry-core/nifi-registry-security-utils/target/classes:/home/alex/.m2/repository/org/glassfish/jersey/core/jersey-client/2.33/jersey-client-2.33.jar:/home/alex/.m2/repository/jakarta/ws/rs/jakarta.ws.rs-api/2.1.6/jakarta.ws.rs-api-2.1.6.jar:/home/alex/.m2/repository/org/glassfish/hk2/external/jakarta.inject/2.6.1/jakarta.inject-2.6.1.jar:/home/alex/.m2/repository/org/glassfish/jersey/media/jersey-media-json-jackson/2.33/jersey-media-json-jackson-2.33.jar:/home/alex/.m2/repository/org/glassfish/jersey/ext/jersey-entity-filtering/2.33/jersey-entity-filtering-2.33.jar:/home/alex/.m2/repository/org/glassfish/jersey/inject/jersey-hk2/2.33/jersey-hk2-2.33.jar:/home/alex/.m2/repository/org/glassfish/hk2/hk2-locator/2.6.1/hk2-locator-2.6.1.jar:/home/alex/.m2/repository/org/glassfish/hk2/external/aopalliance-repackaged/2.6.1/aopalliance-repackaged-2.6.1.jar:/home/alex/.m2/repository/org/glassfish/hk2/hk2-api/2.6.1/hk2-api-2.6.1.jar:/home/alex/.m2/repository/org/glassfish/hk2/hk2-utils/2.6.1/hk2-utils-2.6.1.jar:/home/alex/.m2/repository/org/javassist/javassist/3.25.0-GA/javassist-3.25.0-GA.jar:/home/alex/.m2/repository/org/glassfish/jersey/core/jersey-common/2.33/jersey-common-2.33.jar:/home/alex/.m2/repository/jakarta/annotation/jakarta.annotation-api/1.3.5/jakarta.annotation-api-1.3.5.jar:/home/alex/.m2/repository/org/glassfish/hk2/osgi-resource-locator/1.0.3/osgi-resource-locator-1.0.3.jar:/home/alex/.m2/repository/org/glassfish/jersey/media/jersey-media-multipart/2.33/jersey-media-multipart-2.33.jar:/home/alex/.m2/repository/org/jvnet/mimepull/mimepull/1.9.13/mimepull-1.9.13.jar:/home/alex/Repositories/nifi/nifi-commons/nifi-data-provenance-utils/target/classes:/home/alex/Repositories/nifi/nifi-nar-bundles/nifi-standard-services/nifi-distributed-cache-services-bundle/nifi-distributed-cache-client-service/target/classes:/home/alex/Repositories/nifi/nifi-nar-bundles/nifi-standard-services/nifi-distributed-cache-services-bundle/nifi-distributed-cache-protocol/target/classes:/home/alex/.m2/repository/io/netty/netty-buffer/4.1.69.Final/netty-buffer-4.1.69.Final.jar:/home/alex/.m2/repository/com/google/http-client/google-http-client/1.28.0/google-http-client-1.28.0.jar:/home/alex/.m2/repository/io/opencensus/opencensus-api/0.18.0/opencensus-api-0.18.0.jar:/home/alex/.m2/repository/io/grpc/grpc-context/1.14.0/grpc-context-1.14.0.jar:/home/alex/.m2/repository/io/opencensus/opencensus-contrib-http-util/0.18.0/opencensus-contrib-http-util-0.18.0.jar:/home/alex/.m2/repository/org/apache/activemq/activemq-broker/5.15.14/activemq-broker-5.15.14.jar:/home/alex/.m2/repository/org/apache/activemq/activemq-openwire-legacy/5.15.14/activemq-openwire-legacy-5.15.14.jar:/home/alex/Repositories/nifi/nifi-nar-bundles/nifi-standard-services/nifi-ssl-context-bundle/nifi-ssl-context-service/target/classes:/home/alex/Repositories/nifi/nifi-nar-bundles/nifi-framework-bundle/nifi-framework/nifi-standard-prioritizers/target/classes:/home/alex/Repositories/nifi/nifi-nar-bundles/nifi-extension-utils/nifi-record-utils/nifi-mock-record-utils/target/classes:/home/alex/Repositories/nifi/nifi-nar-bundles/nifi-standard-services/nifi-record-serialization-services-bundle/nifi-record-serialization-services/target/classes:/home/alex/.m2/repository/org/apache/commons/commons-csv/1.8/commons-csv-1.8.jar:/home/alex/.m2/repository/com/fasterxml/jackson/dataformat/jackson-dataformat-csv/2.12.3/jackson-dataformat-csv-2.12.3.jar:/home/alex/.m2/repository/net/java/dev/stax-utils/stax-utils/20070216/stax-utils-20070216.jar:/home/alex/Repositories/nifi/nifi-nar-bundles/nifi-standard-services/nifi-lookup-services-bundle/nifi-lookup-services/target/classes:/home/alex/.m2/repository/commons-beanutils/commons-beanutils/1.9.4/commons-beanutils-1.9.4.jar:/home/alex/.m2/repository/commons-collections/commons-collections/3.2.2/commons-collections-3.2.2.jar:/home/alex/.m2/repository/com/maxmind/geoip2/geoip2/2.12.0/geoip2-2.12.0.jar:/home/alex/.m2/repository/com/maxmind/db/maxmind-db/1.2.2/maxmind-db-1.2.2.jar:/home/alex/.m2/repository/org/apache/derby/derby/10.14.2.0/derby-10.14.2.0.jar:/home/alex/.m2/repository/org/xerial/snappy/snappy-java/1.1.7.3/snappy-java-1.1.7.3.jar:/home/alex/.m2/repository/net/lingala/zip4j/zip4j/2.8.0/zip4j-2.8.0.jar:/home/alex/.m2/repository/com/h2database/h2/1.4.187/h2-1.4.187.jar:/home/alex/.m2/repository/org/mockftpserver/MockFtpServer/2.7.1/MockFtpServer-2.7.1.jar:/home/alex/.m2/repository/org/apache/sshd/sshd-core/1.7.0/sshd-core-1.7.0.jar:/home/alex/.m2/repository/com/bazaarvoice/jolt/jolt-core/0.1.1/jolt-core-0.1.1.jar:/home/alex/.m2/repository/javax/inject/javax.inject/1/javax.inject-1.jar:/home/alex/.m2/repository/com/bazaarvoice/jolt/json-utils/0.1.1/json-utils-0.1.1.jar:/home/alex/Repositories/nifi/nifi-nar-bundles/nifi-standard-bundle/nifi-standard-utils/target/classes:/home/alex/.m2/repository/net/sf/supercsv/super-csv/2.4.0/super-csv-2.4.0.jar:/home/alex/.m2/repository/com/fluenda/parcefone/2.1.0/parcefone-2.1.0.jar:/home/alex/.m2/repository/javax/validation/validation-api/1.1.0.Final/validation-api-1.1.0.Final.jar:/home/alex/.m2/repository/javax/el/javax.el-api/3.0.0/javax.el-api-3.0.0.jar:/home/alex/.m2/repository/com/github/wnameless/json/json-flattener/0.12.0/json-flattener-0.12.0.jar:/home/alex/.m2/repository/com/github/wnameless/json/json-base/2.0.0/json-base-2.0.0.jar:/home/alex/.m2/repository/org/apache/bval/bval-jsr/1.1.2/bval-jsr-1.1.2.jar:/home/alex/.m2/repository/org/apache/bval/bval-core/1.1.2/bval-core-1.1.2.jar:/home/alex/.m2/repository/io/krakens/java-grok/0.1.9/java-grok-0.1.9.jar:/home/alex/.m2/repository/org/apache/calcite/calcite-core/1.27.0/calcite-core-1.27.0.jar:/home/alex/.m2/repository/org/apache/calcite/calcite-linq4j/1.27.0/calcite-linq4j-1.27.0.jar:/home/alex/.m2/repository/com/esri/geometry/esri-geometry-api/2.2.0/esri-geometry-api-2.2.0.jar:/home/alex/.m2/repository/org/apache/calcite/avatica/avatica-core/1.18.0/avatica-core-1.18.0.jar:/home/alex/.m2/repository/org/apache/calcite/avatica/avatica-metrics/1.18.0/avatica-metrics-1.18.0.jar:/home/alex/.m2/repository/com/google/protobuf/protobuf-java/3.6.1/protobuf-java-3.6.1.jar:/home/alex/.m2/repository/org/apiguardian/apiguardian-api/1.1.0/apiguardian-api-1.1.0.jar:/home/alex/.m2/repository/com/fasterxml/jackson/dataformat/jackson-dataformat-yaml/2.10.0/jackson-dataformat-yaml-2.10.0.jar:/home/alex/.m2/repository/org/yaml/snakeyaml/1.29/snakeyaml-1.29.jar:/home/alex/.m2/repository/com/google/uzaygezen/uzaygezen-core/0.2/uzaygezen-core-0.2.jar:/home/alex/.m2/repository/com/yahoo/datasketches/sketches-core/0.9.0/sketches-core-0.9.0.jar:/home/alex/.m2/repository/com/yahoo/datasketches/memory/0.9.0/memory-0.9.0.jar:/home/alex/.m2/repository/net/hydromatic/aggdesigner-algorithm/6.0/aggdesigner-algorithm-6.0.jar:/home/alex/.m2/repository/commons-lang/commons-lang/2.4/commons-lang-2.4.jar:/home/alex/.m2/repository/org/apache/commons/commons-dbcp2/2.6.0/commons-dbcp2-2.6.0.jar:/home/alex/.m2/repository/org/apache/commons/commons-pool2/2.6.1/commons-pool2-2.6.1.jar:/home/alex/.m2/repository/org/codehaus/janino/commons-compiler/3.0.11/commons-compiler-3.0.11.jar:/home/alex/.m2/repository/org/codehaus/janino/janino/3.0.11/janino-3.0.11.jar:/home/alex/Repositories/nifi/nifi-nar-bundles/nifi-standard-services/nifi-schema-registry-service-api/target/classes:/home/alex/Repositories/nifi/nifi-nar-bundles/nifi-extension-utils/nifi-database-utils/target/classes:/home/alex/Repositories/nifi/nifi-nar-bundles/nifi-standard-bundle/nifi-standard-web-test-utils/target/classes:/home/alex/.m2/repository/com/github/stefanbirkner/fake-sftp-server-rule/2.0.1/fake-sftp-server-rule-2.0.1.jar:/home/alex/.m2/repository/com/github/marschall/memoryfilesystem/2.8.0/memoryfilesystem-2.8.0.jar:/home/alex/.m2/repository/junit/junit/4.13.2/junit-4.13.2.jar:/home/alex/.m2/repository/org/hamcrest/hamcrest-core/1.3/hamcrest-core-1.3.jar:/home/alex/Repositories/nifi/nifi-nar-bundles/nifi-extension-utils/nifi-database-test-utils/target/classes:/home/alex/.m2/repository/org/codehaus/groovy/groovy-json/2.5.14/groovy-json-2.5.14.jar:/home/alex/.m2/repository/org/codehaus/groovy/groovy/2.5.14/groovy-2.5.14.jar:/home/alex/.m2/repository/org/codehaus/groovy/groovy-servlet/2.5.14/groovy-servlet-2.5.14.jar:/home/alex/.m2/repository/org/codehaus/groovy/groovy-templates/2.5.14/groovy-templates-2.5.14.jar:/home/alex/.m2/repository/org/codehaus/groovy/groovy-xml/2.5.14/groovy-xml-2.5.14.jar:/home/alex/.m2/repository/org/hamcrest/hamcrest-all/1.3/hamcrest-all-1.3.jar:/home/alex/.m2/repository/com/squareup/okhttp3/mockwebserver/4.9.2/mockwebserver-4.9.2.jar:/home/alex/.m2/repository/org/jetbrains/kotlin/kotlin-stdlib-jdk8/1.4.10/kotlin-stdlib-jdk8-1.4.10.jar:/home/alex/.m2/repository/org/jetbrains/kotlin/kotlin-stdlib-jdk7/1.4.10/kotlin-stdlib-jdk7-1.4.10.jar:/home/alex/.m2/repository/org/mockito/mockito-inline/3.12.4/mockito-inline-3.12.4.jar:/home/alex/.m2/repository/org/junit/jupiter/junit-jupiter-api/5.7.2/junit-jupiter-api-5.7.2.jar:/home/alex/.m2/repository/org/opentest4j/opentest4j/1.2.0/opentest4j-1.2.0.jar:/home/alex/.m2/repository/org/junit/platform/junit-platform-commons/1.7.2/junit-platform-commons-1.7.2.jar:/home/alex/.m2/repository/org/junit/jupiter/junit-jupiter-engine/5.7.2/junit-jupiter-engine-5.7.2.jar:/home/alex/.m2/repository/org/junit/platform/junit-platform-engine/1.7.2/junit-platform-engine-1.7.2.jar:/home/alex/.m2/repository/org/junit/vintage/junit-vintage-engine/5.7.2/junit-vintage-engine-5.7.2.jar:/home/alex/.m2/repository/org/junit/jupiter/junit-jupiter-params/5.7.2/junit-jupiter-params-5.7.2.jar:/home/alex/.m2/repository/org/mockito/mockito-core/3.11.2/mockito-core-3.11.2.jar:/home/alex/.m2/repository/net/bytebuddy/byte-buddy/1.11.3/byte-buddy-1.11.3.jar:/home/alex/.m2/repository/net/bytebuddy/byte-buddy-agent/1.11.3/byte-buddy-agent-1.11.3.jar:/home/alex/.m2/repository/org/objenesis/objenesis/3.2/objenesis-3.2.jar:/home/alex/.m2/repository/org/mockito/mockito-junit-jupiter/3.11.2/mockito-junit-jupiter-3.11.2.jar:/home/alex/.m2/repository/org/slf4j/slf4j-simple/1.7.32/slf4j-simple-1.7.32.jar:/home/alex/.m2/repository/org/codehaus/groovy/groovy-test/2.5.14/groovy-test-2.5.14.jar:"/>
    <property name="java.vm.vendor" value="Private Build"/>
    <property name="sun.arch.data.model" value="64"/>
    <property name="java.vendor.url" value="http://java.oracle.com/"/>
    <property name="user.timezone" value="Europe/Lisbon"/>
    <property name="java.vm.specification.version" value="1.8"/>
    <property name="os.name" value="Linux"/>
    <property name="user.country" value="US"/>
    <property name="sun.java.launcher" value="SUN_STANDARD"/>
    <property name="sun.boot.library.path" value="/usr/lib/jvm/java-8-openjdk-amd64/jre/lib/amd64"/>
    <property name="sun.java.command" value="/home/alex/Repositories/nifi/nifi-nar-bundles/nifi-standard-bundle/nifi-standard-processors/target/surefire/surefirebooter9102486319766494456.jar /home/alex/Repositories/nifi/nifi-nar-bundles/nifi-standard-bundle/nifi-standard-processors/target/surefire 2024-05-02T03-23-33_830-jvmRun1 surefire4678910215160170132tmp surefire_698813792753071590827tmp"/>
    <property name="surefire.test.class.path" value="/home/alex/Repositories/nifi/nifi-nar-bundles/nifi-standard-bundle/nifi-standard-processors/target/test-classes:/home/alex/Repositories/nifi/nifi-nar-bundles/nifi-standard-bundle/nifi-standard-processors/target/classes:/home/alex/.m2/repository/org/apache/ftpserver/ftpserver-core/1.1.1/ftpserver-core-1.1.1.jar:/home/alex/.m2/repository/org/apache/ftpserver/ftplet-api/1.1.1/ftplet-api-1.1.1.jar:/home/alex/.m2/repository/org/slf4j/slf4j-api/1.7.32/slf4j-api-1.7.32.jar:/home/alex/.m2/repository/org/apache/mina/mina-core/2.0.16/mina-core-2.0.16.jar:/home/alex/Repositories/nifi/nifi-api/target/classes:/home/alex/Repositories/nifi/nifi-commons/nifi-expression-language/target/classes:/home/alex/.m2/repository/org/antlr/antlr-runtime/3.5.2/antlr-runtime-3.5.2.jar:/home/alex/Repositories/nifi/nifi-commons/nifi-parameter/target/classes:/home/alex/Repositories/nifi/nifi-commons/nifi-uuid5/target/classes:/home/alex/.m2/repository/org/apache/commons/commons-text/1.8/commons-text-1.8.jar:/home/alex/Repositories/nifi/nifi-nar-bundles/nifi-extension-utils/nifi-processor-utils/target/classes:/home/alex/Repositories/nifi/nifi-commons/nifi-security-socket-ssl/target/classes:/home/alex/Repositories/nifi/nifi-nar-bundles/nifi-extension-utils/nifi-event-transport/target/classes:/home/alex/.m2/repository/io/netty/netty-handler/4.1.69.Final/netty-handler-4.1.69.Final.jar:/home/alex/.m2/repository/io/netty/netty-common/4.1.69.Final/netty-common-4.1.69.Final.jar:/home/alex/.m2/repository/io/netty/netty-resolver/4.1.69.Final/netty-resolver-4.1.69.Final.jar:/home/alex/.m2/repository/io/netty/netty-transport/4.1.69.Final/netty-transport-4.1.69.Final.jar:/home/alex/.m2/repository/io/netty/netty-codec/4.1.69.Final/netty-codec-4.1.69.Final.jar:/home/alex/Repositories/nifi/nifi-nar-bundles/nifi-extension-utils/nifi-syslog-utils/target/classes:/home/alex/.m2/repository/com/github/palindromicity/simple-syslog-5424/0.0.16/simple-syslog-5424-0.0.16.jar:/home/alex/.m2/repository/org/antlr/antlr4-runtime/4.7.2/antlr4-runtime-4.7.2.jar:/home/alex/Repositories/nifi/nifi-commons/nifi-utils/target/classes:/home/alex/Repositories/nifi/nifi-commons/nifi-record-path/target/classes:/home/alex/Repositories/nifi/nifi-commons/nifi-properties/target/classes:/home/alex/Repositories/nifi/nifi-commons/nifi-property-utils/target/classes:/home/alex/.m2/repository/com/github/ben-manes/caffeine/caffeine/2.8.1/caffeine-2.8.1.jar:/home/alex/Repositories/nifi/nifi-nar-bundles/nifi-standard-services/nifi-ssl-context-service-api/target/classes:/home/alex/Repositories/nifi/nifi-commons/nifi-security-utils-api/target/classes:/home/alex/Repositories/nifi/nifi-nar-bundles/nifi-standard-services/nifi-lookup-service-api/target/classes:/home/alex/Repositories/nifi/nifi-commons/nifi-flowfile-packager/target/classes:/home/alex/Repositories/nifi/nifi-nar-bundles/nifi-standard-services/nifi-distributed-cache-client-service-api/target/classes:/home/alex/Repositories/nifi/nifi-nar-bundles/nifi-standard-services/nifi-http-context-map-api/target/classes:/home/alex/Repositories/nifi/nifi-nar-bundles/nifi-standard-services/nifi-record-serialization-service-api/target/classes:/home/alex/Repositories/nifi/nifi-nar-bundles/nifi-standard-services/nifi-proxy-configuration-api/target/classes:/home/alex/Repositories/nifi/nifi-commons/nifi-record/target/classes:/home/alex/Repositories/nifi/nifi-nar-bundles/nifi-standard-services/nifi-record-sink-api/target/classes:/home/alex/.m2/repository/commons-io/commons-io/2.10.0/commons-io-2.10.0.jar:/home/alex/.m2/repository/javax/ws/rs/javax.ws.rs-api/2.1/javax.ws.rs-api-2.1.jar:/home/alex/.m2/repository/commons-net/commons-net/3.6/commons-net-3.6.jar:/home/alex/.m2/repository/org/apache/commons/commons-compress/1.21/commons-compress-1.21.jar:/home/alex/.m2/repository/org/apache/commons/commons-lang3/3.9/commons-lang3-3.9.jar:/home/alex/.m2/repository/org/bouncycastle/bcprov-jdk15on/1.69/bcprov-jdk15on-1.69.jar:/home/alex/.m2/repository/org/bouncycastle/bcpg-jdk15on/1.69/bcpg-jdk15on-1.69.jar:/home/alex/.m2/repository/org/bouncycastle/bcpkix-jdk15on/1.69/bcpkix-jdk15on-1.69.jar:/home/alex/.m2/repository/org/bouncycastle/bcutil-jdk15on/1.69/bcutil-jdk15on-1.69.jar:/home/alex/.m2/repository/commons-codec/commons-codec/1.14/commons-codec-1.14.jar:/home/alex/Repositories/nifi/nifi-commons/nifi-security-utils/target/classes:/home/alex/Repositories/nifi/nifi-commons/nifi-security-kms/target/classes:/home/alex/.m2/repository/org/apache/commons/commons-configuration2/2.7/commons-configuration2-2.7.jar:/home/alex/.m2/repository/com/hierynomus/sshj/0.32.0/sshj-0.32.0.jar:/home/alex/.m2/repository/com/jcraft/jzlib/1.1.3/jzlib-1.1.3.jar:/home/alex/.m2/repository/com/hierynomus/asn-one/0.6.0/asn-one-0.6.0.jar:/home/alex/.m2/repository/net/i2p/crypto/eddsa/0.3.0/eddsa-0.3.0.jar:/home/alex/.m2/repository/org/eclipse/jetty/jetty-server/9.4.44.v20210927/jetty-server-9.4.44.v20210927.jar:/home/alex/.m2/repository/javax/servlet/javax.servlet-api/3.1.0/javax.servlet-api-3.1.0.jar:/home/alex/.m2/repository/org/eclipse/jetty/jetty-http/9.4.44.v20210927/jetty-http-9.4.44.v20210927.jar:/home/alex/.m2/repository/org/eclipse/jetty/jetty-util/9.4.44.v20210927/jetty-util-9.4.44.v20210927.jar:/home/alex/.m2/repository/org/eclipse/jetty/jetty-io/9.4.44.v20210927/jetty-io-9.4.44.v20210927.jar:/home/alex/.m2/repository/org/eclipse/jetty/jetty-servlet/9.4.44.v20210927/jetty-servlet-9.4.44.v20210927.jar:/home/alex/.m2/repository/org/eclipse/jetty/jetty-security/9.4.44.v20210927/jetty-security-9.4.44.v20210927.jar:/home/alex/.m2/repository/org/eclipse/jetty/jetty-util-ajax/9.4.44.v20210927/jetty-util-ajax-9.4.44.v20210927.jar:/home/alex/.m2/repository/org/apache/httpcomponents/httpclient/4.5.5/httpclient-4.5.5.jar:/home/alex/.m2/repository/commons-logging/commons-logging/1.2/commons-logging-1.2.jar:/home/alex/.m2/repository/org/apache/httpcomponents/httpcore/4.4.9/httpcore-4.4.9.jar:/home/alex/.m2/repository/jakarta/activation/jakarta.activation-api/2.0.1/jakarta.activation-api-2.0.1.jar:/home/alex/.m2/repository/com/sun/activation/jakarta.activation/2.0.1/jakarta.activation-2.0.1.jar:/home/alex/.m2/repository/jakarta/mail/jakarta.mail-api/2.0.1/jakarta.mail-api-2.0.1.jar:/home/alex/.m2/repository/com/sun/mail/jakarta.mail/2.0.1/jakarta.mail-2.0.1.jar:/home/alex/.m2/repository/com/github/jponge/lzma-java/1.3/lzma-java-1.3.jar:/home/alex/.m2/repository/org/tukaani/xz/1.8/xz-1.8.jar:/home/alex/.m2/repository/net/sf/saxon/Saxon-HE/10.6/Saxon-HE-10.6.jar:/home/alex/Repositories/nifi/nifi-commons/nifi-socket-utils/target/classes:/home/alex/Repositories/nifi/nifi-commons/nifi-logging-utils/target/classes:/home/alex/Repositories/nifi/nifi-nar-bundles/nifi-standard-services/nifi-load-distribution-service-api/target/classes:/home/alex/.m2/repository/javax/jms/javax.jms-api/2.0.1/javax.jms-api-2.0.1.jar:/home/alex/.m2/repository/org/apache/activemq/activemq-client/5.15.15/activemq-client-5.15.15.jar:/home/alex/.m2/repository/org/apache/geronimo/specs/geronimo-jms_1.1_spec/1.1.1/geronimo-jms_1.1_spec-1.1.1.jar:/home/alex/.m2/repository/org/fusesource/hawtbuf/hawtbuf/1.11/hawtbuf-1.11.jar:/home/alex/.m2/repository/org/apache/geronimo/specs/geronimo-j2ee-management_1.1_spec/1.0.1/geronimo-j2ee-management_1.1_spec-1.0.1.jar:/home/alex/.m2/repository/com/jayway/jsonpath/json-path/2.6.0/json-path-2.6.0.jar:/home/alex/.m2/repository/net/minidev/json-smart/2.4.7/json-smart-2.4.7.jar:/home/alex/.m2/repository/net/minidev/accessors-smart/2.4.7/accessors-smart-2.4.7.jar:/home/alex/.m2/repository/org/ow2/asm/asm/9.1/asm-9.1.jar:/home/alex/.m2/repository/org/apache/tika/tika-core/1.26/tika-core-1.26.jar:/home/alex/.m2/repository/com/fasterxml/jackson/core/jackson-databind/2.12.3/jackson-databind-2.12.3.jar:/home/alex/.m2/repository/com/fasterxml/jackson/core/jackson-annotations/2.12.3/jackson-annotations-2.12.3.jar:/home/alex/.m2/repository/com/fasterxml/jackson/core/jackson-core/2.12.3/jackson-core-2.12.3.jar:/home/alex/Repositories/nifi/nifi-nar-bundles/nifi-extension-utils/nifi-record-utils/nifi-avro-record-utils/target/classes:/home/alex/Repositories/nifi/nifi-nar-bundles/nifi-extension-utils/nifi-record-utils/nifi-standard-record-utils/target/classes:/home/alex/.m2/repository/org/apache/avro/avro/1.8.1/avro-1.8.1.jar:/home/alex/.m2/repository/org/codehaus/jackson/jackson-core-asl/1.9.13/jackson-core-asl-1.9.13.jar:/home/alex/.m2/repository/org/codehaus/jackson/jackson-mapper-asl/1.9.13/jackson-mapper-asl-1.9.13.jar:/home/alex/.m2/repository/com/thoughtworks/paranamer/paranamer/2.7/paranamer-2.7.jar:/home/alex/Repositories/nifi/nifi-nar-bundles/nifi-standard-services/nifi-dbcp-service-api/target/classes:/home/alex/.m2/repository/com/squareup/okhttp3/okhttp/4.9.2/okhttp-4.9.2.jar:/home/alex/.m2/repository/com/squareup/okio/okio/2.8.0/okio-2.8.0.jar:/home/alex/.m2/repository/org/jetbrains/kotlin/kotlin-stdlib-common/1.4.0/kotlin-stdlib-common-1.4.0.jar:/home/alex/.m2/repository/org/jetbrains/kotlin/kotlin-stdlib/1.4.10/kotlin-stdlib-1.4.10.jar:/home/alex/.m2/repository/org/jetbrains/annotations/13.0/annotations-13.0.jar:/home/alex/.m2/repository/io/github/rburgst/okhttp-digest/2.5/okhttp-digest-2.5.jar:/home/alex/.m2/repository/at/favre/lib/bcrypt/0.9.0/bcrypt-0.9.0.jar:/home/alex/.m2/repository/at/favre/lib/bytes/1.3.0/bytes-1.3.0.jar:/home/alex/.m2/repository/com/google/guava/guava/28.0-jre/guava-28.0-jre.jar:/home/alex/.m2/repository/com/google/guava/failureaccess/1.0.1/failureaccess-1.0.1.jar:/home/alex/.m2/repository/com/google/guava/listenablefuture/9999.0-empty-to-avoid-conflict-with-guava/listenablefuture-9999.0-empty-to-avoid-conflict-with-guava.jar:/home/alex/.m2/repository/com/google/code/findbugs/jsr305/3.0.2/jsr305-3.0.2.jar:/home/alex/.m2/repository/org/checkerframework/checker-qual/2.8.1/checker-qual-2.8.1.jar:/home/alex/.m2/repository/com/google/errorprone/error_prone_annotations/2.3.2/error_prone_annotations-2.3.2.jar:/home/alex/.m2/repository/com/google/j2objc/j2objc-annotations/1.3/j2objc-annotations-1.3.jar:/home/alex/.m2/repository/org/codehaus/mojo/animal-sniffer-annotations/1.17/animal-sniffer-annotations-1.17.jar:/home/alex/Repositories/nifi/nifi-mock/target/classes:/home/alex/Repositories/nifi/nifi-framework-api/target/classes:/home/alex/Repositories/nifi/nifi-nar-bundles/nifi-framework-bundle/nifi-framework/nifi-framework-core-api/target/classes:/home/alex/Repositories/nifi/nifi-nar-bundles/nifi-framework-bundle/nifi-framework/nifi-framework-nar-utils/target/classes:/home/alex/Repositories/nifi/nifi-nar-bundles/nifi-framework-bundle/nifi-framework/nifi-client-dto/target/classes:/home/alex/.m2/repository/io/swagger/swagger-annotations/1.6.0/swagger-annotations-1.6.0.jar:/home/alex/Repositories/nifi/nifi-commons/nifi-site-to-site-client/target/classes:/home/alex/.m2/repository/org/apache/httpcomponents/httpasyncclient/4.1.4/httpasyncclient-4.1.4.jar:/home/alex/.m2/repository/org/apache/httpcomponents/httpcore-nio/4.4.10/httpcore-nio-4.4.10.jar:/home/alex/Repositories/nifi/nifi-nar-bundles/nifi-framework-bundle/nifi-framework/nifi-framework-authorization/target/classes:/home/alex/Repositories/nifi/nifi-registry/nifi-registry-core/nifi-registry-data-model/target/classes:/home/alex/Repositories/nifi/nifi-registry/nifi-registry-core/nifi-registry-revision/nifi-registry-revision-entity-model/target/classes:/home/alex/Repositories/nifi/nifi-registry/nifi-registry-core/nifi-registry-client/target/classes:/home/alex/Repositories/nifi/nifi-registry/nifi-registry-core/nifi-registry-security-utils/target/classes:/home/alex/.m2/repository/org/glassfish/jersey/core/jersey-client/2.33/jersey-client-2.33.jar:/home/alex/.m2/repository/jakarta/ws/rs/jakarta.ws.rs-api/2.1.6/jakarta.ws.rs-api-2.1.6.jar:/home/alex/.m2/repository/org/glassfish/hk2/external/jakarta.inject/2.6.1/jakarta.inject-2.6.1.jar:/home/alex/.m2/repository/org/glassfish/jersey/media/jersey-media-json-jackson/2.33/jersey-media-json-jackson-2.33.jar:/home/alex/.m2/repository/org/glassfish/jersey/ext/jersey-entity-filtering/2.33/jersey-entity-filtering-2.33.jar:/home/alex/.m2/repository/org/glassfish/jersey/inject/jersey-hk2/2.33/jersey-hk2-2.33.jar:/home/alex/.m2/repository/org/glassfish/hk2/hk2-locator/2.6.1/hk2-locator-2.6.1.jar:/home/alex/.m2/repository/org/glassfish/hk2/external/aopalliance-repackaged/2.6.1/aopalliance-repackaged-2.6.1.jar:/home/alex/.m2/repository/org/glassfish/hk2/hk2-api/2.6.1/hk2-api-2.6.1.jar:/home/alex/.m2/repository/org/glassfish/hk2/hk2-utils/2.6.1/hk2-utils-2.6.1.jar:/home/alex/.m2/repository/org/javassist/javassist/3.25.0-GA/javassist-3.25.0-GA.jar:/home/alex/.m2/repository/org/glassfish/jersey/core/jersey-common/2.33/jersey-common-2.33.jar:/home/alex/.m2/repository/jakarta/annotation/jakarta.annotation-api/1.3.5/jakarta.annotation-api-1.3.5.jar:/home/alex/.m2/repository/org/glassfish/hk2/osgi-resource-locator/1.0.3/osgi-resource-locator-1.0.3.jar:/home/alex/.m2/repository/org/glassfish/jersey/media/jersey-media-multipart/2.33/jersey-media-multipart-2.33.jar:/home/alex/.m2/repository/org/jvnet/mimepull/mimepull/1.9.13/mimepull-1.9.13.jar:/home/alex/Repositories/nifi/nifi-commons/nifi-data-provenance-utils/target/classes:/home/alex/Repositories/nifi/nifi-nar-bundles/nifi-standard-services/nifi-distributed-cache-services-bundle/nifi-distributed-cache-client-service/target/classes:/home/alex/Repositories/nifi/nifi-nar-bundles/nifi-standard-services/nifi-distributed-cache-services-bundle/nifi-distributed-cache-protocol/target/classes:/home/alex/.m2/repository/io/netty/netty-buffer/4.1.69.Final/netty-buffer-4.1.69.Final.jar:/home/alex/.m2/repository/com/google/http-client/google-http-client/1.28.0/google-http-client-1.28.0.jar:/home/alex/.m2/repository/io/opencensus/opencensus-api/0.18.0/opencensus-api-0.18.0.jar:/home/alex/.m2/repository/io/grpc/grpc-context/1.14.0/grpc-context-1.14.0.jar:/home/alex/.m2/repository/io/opencensus/opencensus-contrib-http-util/0.18.0/opencensus-contrib-http-util-0.18.0.jar:/home/alex/.m2/repository/org/apache/activemq/activemq-broker/5.15.14/activemq-broker-5.15.14.jar:/home/alex/.m2/repository/org/apache/activemq/activemq-openwire-legacy/5.15.14/activemq-openwire-legacy-5.15.14.jar:/home/alex/Repositories/nifi/nifi-nar-bundles/nifi-standard-services/nifi-ssl-context-bundle/nifi-ssl-context-service/target/classes:/home/alex/Repositories/nifi/nifi-nar-bundles/nifi-framework-bundle/nifi-framework/nifi-standard-prioritizers/target/classes:/home/alex/Repositories/nifi/nifi-nar-bundles/nifi-extension-utils/nifi-record-utils/nifi-mock-record-utils/target/classes:/home/alex/Repositories/nifi/nifi-nar-bundles/nifi-standard-services/nifi-record-serialization-services-bundle/nifi-record-serialization-services/target/classes:/home/alex/.m2/repository/org/apache/commons/commons-csv/1.8/commons-csv-1.8.jar:/home/alex/.m2/repository/com/fasterxml/jackson/dataformat/jackson-dataformat-csv/2.12.3/jackson-dataformat-csv-2.12.3.jar:/home/alex/.m2/repository/net/java/dev/stax-utils/stax-utils/20070216/stax-utils-20070216.jar:/home/alex/Repositories/nifi/nifi-nar-bundles/nifi-standard-services/nifi-lookup-services-bundle/nifi-lookup-services/target/classes:/home/alex/.m2/repository/commons-beanutils/commons-beanutils/1.9.4/commons-beanutils-1.9.4.jar:/home/alex/.m2/repository/commons-collections/commons-collections/3.2.2/commons-collections-3.2.2.jar:/home/alex/.m2/repository/com/maxmind/geoip2/geoip2/2.12.0/geoip2-2.12.0.jar:/home/alex/.m2/repository/com/maxmind/db/maxmind-db/1.2.2/maxmind-db-1.2.2.jar:/home/alex/.m2/repository/org/apache/derby/derby/10.14.2.0/derby-10.14.2.0.jar:/home/alex/.m2/repository/org/xerial/snappy/snappy-java/1.1.7.3/snappy-java-1.1.7.3.jar:/home/alex/.m2/repository/net/lingala/zip4j/zip4j/2.8.0/zip4j-2.8.0.jar:/home/alex/.m2/repository/com/h2database/h2/1.4.187/h2-1.4.187.jar:/home/alex/.m2/repository/org/mockftpserver/MockFtpServer/2.7.1/MockFtpServer-2.7.1.jar:/home/alex/.m2/repository/org/apache/sshd/sshd-core/1.7.0/sshd-core-1.7.0.jar:/home/alex/.m2/repository/com/bazaarvoice/jolt/jolt-core/0.1.1/jolt-core-0.1.1.jar:/home/alex/.m2/repository/javax/inject/javax.inject/1/javax.inject-1.jar:/home/alex/.m2/repository/com/bazaarvoice/jolt/json-utils/0.1.1/json-utils-0.1.1.jar:/home/alex/Repositories/nifi/nifi-nar-bundles/nifi-standard-bundle/nifi-standard-utils/target/classes:/home/alex/.m2/repository/net/sf/supercsv/super-csv/2.4.0/super-csv-2.4.0.jar:/home/alex/.m2/repository/com/fluenda/parcefone/2.1.0/parcefone-2.1.0.jar:/home/alex/.m2/repository/javax/validation/validation-api/1.1.0.Final/validation-api-1.1.0.Final.jar:/home/alex/.m2/repository/javax/el/javax.el-api/3.0.0/javax.el-api-3.0.0.jar:/home/alex/.m2/repository/com/github/wnameless/json/json-flattener/0.12.0/json-flattener-0.12.0.jar:/home/alex/.m2/repository/com/github/wnameless/json/json-base/2.0.0/json-base-2.0.0.jar:/home/alex/.m2/repository/org/apache/bval/bval-jsr/1.1.2/bval-jsr-1.1.2.jar:/home/alex/.m2/repository/org/apache/bval/bval-core/1.1.2/bval-core-1.1.2.jar:/home/alex/.m2/repository/io/krakens/java-grok/0.1.9/java-grok-0.1.9.jar:/home/alex/.m2/repository/org/apache/calcite/calcite-core/1.27.0/calcite-core-1.27.0.jar:/home/alex/.m2/repository/org/apache/calcite/calcite-linq4j/1.27.0/calcite-linq4j-1.27.0.jar:/home/alex/.m2/repository/com/esri/geometry/esri-geometry-api/2.2.0/esri-geometry-api-2.2.0.jar:/home/alex/.m2/repository/org/apache/calcite/avatica/avatica-core/1.18.0/avatica-core-1.18.0.jar:/home/alex/.m2/repository/org/apache/calcite/avatica/avatica-metrics/1.18.0/avatica-metrics-1.18.0.jar:/home/alex/.m2/repository/com/google/protobuf/protobuf-java/3.6.1/protobuf-java-3.6.1.jar:/home/alex/.m2/repository/org/apiguardian/apiguardian-api/1.1.0/apiguardian-api-1.1.0.jar:/home/alex/.m2/repository/com/fasterxml/jackson/dataformat/jackson-dataformat-yaml/2.10.0/jackson-dataformat-yaml-2.10.0.jar:/home/alex/.m2/repository/org/yaml/snakeyaml/1.29/snakeyaml-1.29.jar:/home/alex/.m2/repository/com/google/uzaygezen/uzaygezen-core/0.2/uzaygezen-core-0.2.jar:/home/alex/.m2/repository/com/yahoo/datasketches/sketches-core/0.9.0/sketches-core-0.9.0.jar:/home/alex/.m2/repository/com/yahoo/datasketches/memory/0.9.0/memory-0.9.0.jar:/home/alex/.m2/repository/net/hydromatic/aggdesigner-algorithm/6.0/aggdesigner-algorithm-6.0.jar:/home/alex/.m2/repository/commons-lang/commons-lang/2.4/commons-lang-2.4.jar:/home/alex/.m2/repository/org/apache/commons/commons-dbcp2/2.6.0/commons-dbcp2-2.6.0.jar:/home/alex/.m2/repository/org/apache/commons/commons-pool2/2.6.1/commons-pool2-2.6.1.jar:/home/alex/.m2/repository/org/codehaus/janino/commons-compiler/3.0.11/commons-compiler-3.0.11.jar:/home/alex/.m2/repository/org/codehaus/janino/janino/3.0.11/janino-3.0.11.jar:/home/alex/Repositories/nifi/nifi-nar-bundles/nifi-standard-services/nifi-schema-registry-service-api/target/classes:/home/alex/Repositories/nifi/nifi-nar-bundles/nifi-extension-utils/nifi-database-utils/target/classes:/home/alex/Repositories/nifi/nifi-nar-bundles/nifi-standard-bundle/nifi-standard-web-test-utils/target/classes:/home/alex/.m2/repository/com/github/stefanbirkner/fake-sftp-server-rule/2.0.1/fake-sftp-server-rule-2.0.1.jar:/home/alex/.m2/repository/com/github/marschall/memoryfilesystem/2.8.0/memoryfilesystem-2.8.0.jar:/home/alex/.m2/repository/junit/junit/4.13.2/junit-4.13.2.jar:/home/alex/.m2/repository/org/hamcrest/hamcrest-core/1.3/hamcrest-core-1.3.jar:/home/alex/Repositories/nifi/nifi-nar-bundles/nifi-extension-utils/nifi-database-test-utils/target/classes:/home/alex/.m2/repository/org/codehaus/groovy/groovy-json/2.5.14/groovy-json-2.5.14.jar:/home/alex/.m2/repository/org/codehaus/groovy/groovy/2.5.14/groovy-2.5.14.jar:/home/alex/.m2/repository/org/codehaus/groovy/groovy-servlet/2.5.14/groovy-servlet-2.5.14.jar:/home/alex/.m2/repository/org/codehaus/groovy/groovy-templates/2.5.14/groovy-templates-2.5.14.jar:/home/alex/.m2/repository/org/codehaus/groovy/groovy-xml/2.5.14/groovy-xml-2.5.14.jar:/home/alex/.m2/repository/org/hamcrest/hamcrest-all/1.3/hamcrest-all-1.3.jar:/home/alex/.m2/repository/com/squareup/okhttp3/mockwebserver/4.9.2/mockwebserver-4.9.2.jar:/home/alex/.m2/repository/org/jetbrains/kotlin/kotlin-stdlib-jdk8/1.4.10/kotlin-stdlib-jdk8-1.4.10.jar:/home/alex/.m2/repository/org/jetbrains/kotlin/kotlin-stdlib-jdk7/1.4.10/kotlin-stdlib-jdk7-1.4.10.jar:/home/alex/.m2/repository/org/mockito/mockito-inline/3.12.4/mockito-inline-3.12.4.jar:/home/alex/.m2/repository/org/junit/jupiter/junit-jupiter-api/5.7.2/junit-jupiter-api-5.7.2.jar:/home/alex/.m2/repository/org/opentest4j/opentest4j/1.2.0/opentest4j-1.2.0.jar:/home/alex/.m2/repository/org/junit/platform/junit-platform-commons/1.7.2/junit-platform-commons-1.7.2.jar:/home/alex/.m2/repository/org/junit/jupiter/junit-jupiter-engine/5.7.2/junit-jupiter-engine-5.7.2.jar:/home/alex/.m2/repository/org/junit/platform/junit-platform-engine/1.7.2/junit-platform-engine-1.7.2.jar:/home/alex/.m2/repository/org/junit/vintage/junit-vintage-engine/5.7.2/junit-vintage-engine-5.7.2.jar:/home/alex/.m2/repository/org/junit/jupiter/junit-jupiter-params/5.7.2/junit-jupiter-params-5.7.2.jar:/home/alex/.m2/repository/org/mockito/mockito-core/3.11.2/mockito-core-3.11.2.jar:/home/alex/.m2/repository/net/bytebuddy/byte-buddy/1.11.3/byte-buddy-1.11.3.jar:/home/alex/.m2/repository/net/bytebuddy/byte-buddy-agent/1.11.3/byte-buddy-agent-1.11.3.jar:/home/alex/.m2/repository/org/objenesis/objenesis/3.2/objenesis-3.2.jar:/home/alex/.m2/repository/org/mockito/mockito-junit-jupiter/3.11.2/mockito-junit-jupiter-3.11.2.jar:/home/alex/.m2/repository/org/slf4j/slf4j-simple/1.7.32/slf4j-simple-1.7.32.jar:/home/alex/.m2/repository/org/codehaus/groovy/groovy-test/2.5.14/groovy-test-2.5.14.jar:"/>
    <property name="sun.cpu.endian" value="little"/>
    <property name="user.home" value="/home/alex"/>
    <property name="user.language" value="en"/>
    <property name="java.specification.vendor" value="Oracle Corporation"/>
    <property name="java.home" value="/usr/lib/jvm/java-8-openjdk-amd64/jre"/>
    <property name="basedir" value="/home/alex/Repositories/nifi/nifi-nar-bundles/nifi-standard-bundle/nifi-standard-processors"/>
    <property name="file.separator" value="/"/>
    <property name="line.separator" value="&#10;"/>
    <property name="java.vm.specification.vendor" value="Oracle Corporation"/>
    <property name="java.specification.name" value="Java Platform API Specification"/>
    <property name="derby.stream.error.file" value="target/derby.log"/>
    <property name="java.awt.graphicsenv" value="sun.awt.X11GraphicsEnvironment"/>
    <property name="java.awt.headless" value="true"/>
    <property name="surefire.real.class.path" value="/home/alex/Repositories/nifi/nifi-nar-bundles/nifi-standard-bundle/nifi-standard-processors/target/surefire/surefirebooter9102486319766494456.jar"/>
    <property name="sun.boot.class.path" value="/usr/lib/jvm/java-8-openjdk-amd64/jre/lib/resources.jar:/usr/lib/jvm/java-8-openjdk-amd64/jre/lib/rt.jar:/usr/lib/jvm/java-8-openjdk-amd64/jre/lib/sunrsasign.jar:/usr/lib/jvm/java-8-openjdk-amd64/jre/lib/jsse.jar:/usr/lib/jvm/java-8-openjdk-amd64/jre/lib/jce.jar:/usr/lib/jvm/java-8-openjdk-amd64/jre/lib/charsets.jar:/usr/lib/jvm/java-8-openjdk-amd64/jre/lib/jfr.jar:/usr/lib/jvm/java-8-openjdk-amd64/jre/classes"/>
    <property name="sun.management.compiler" value="HotSpot 64-Bit Tiered Compilers"/>
    <property name="java.runtime.version" value="1.8.0_402-8u402-ga-2ubuntu1~22.04-b06"/>
    <property name="java.net.preferIPv4Stack" value="true"/>
    <property name="user.name" value="alex"/>
    <property name="path.separator" value=":"/>
    <property name="os.version" value="6.5.0-28-generic"/>
    <property name="java.endorsed.dirs" value="/usr/lib/jvm/java-8-openjdk-amd64/jre/lib/endorsed"/>
    <property name="java.runtime.name" value="OpenJDK Runtime Environment"/>
    <property name="file.encoding" value="UTF-8"/>
    <property name="sun.nio.ch.bugLevel" value=""/>
    <property name="java.vm.name" value="OpenJDK 64-Bit Server VM"/>
    <property name="localRepository" value="/home/alex/.m2/repository"/>
    <property name="java.vendor.url.bug" value="http://bugreport.sun.com/bugreport/"/>
    <property name="java.io.tmpdir" value="/tmp"/>
    <property name="java.version" value="1.8.0_402"/>
    <property name="user.dir" value="/home/alex/Repositories/nifi/nifi-nar-bundles/nifi-standard-bundle/nifi-standard-processors"/>
    <property name="os.arch" value="amd64"/>
    <property name="java.vm.specification.name" value="Java Virtual Machine Specification"/>
    <property name="java.awt.printerjob" value="sun.print.PSPrinterJob"/>
    <property name="sun.os.patch.level" value="unknown"/>
    <property name="java.library.path" value="/usr/java/packages/lib/amd64:/usr/lib/x86_64-linux-gnu/jni:/lib/x86_64-linux-gnu:/usr/lib/x86_64-linux-gnu:/usr/lib/jni:/lib:/usr/lib"/>
    <property name="java.vm.info" value="mixed mode"/>
    <property name="java.vendor" value="Private Build"/>
    <property name="java.vm.version" value="25.402-b06"/>
    <property name="java.specification.maintenance.version" value="5"/>
    <property name="java.ext.dirs" value="/usr/lib/jvm/java-8-openjdk-amd64/jre/lib/ext:/usr/java/packages/lib/ext"/>
    <property name="sun.io.unicode.encoding" value="UnicodeLittle"/>
    <property name="java.class.version" value="52.0"/>
  </properties>
  <testcase name="testFileCountRate" classname="org.apache.nifi.processors.standard.TestControlRate" time="1.111">
    <system-err><![CDATA[[pool-139-thread-1] INFO org.apache.nifi.processors.standard.ControlRate - ControlRate[id=951e2bf0-1a5c-4604-8bef-e96a2a7d90ca] transferring FlowFile[0,97493779834389.mockFlowFile,11B] to 'success'
[pool-139-thread-1] INFO org.apache.nifi.processors.standard.ControlRate - ControlRate[id=951e2bf0-1a5c-4604-8bef-e96a2a7d90ca] transferring FlowFile[1,97493779905343.mockFlowFile,11B] to 'success'
[pool-139-thread-1] INFO org.apache.nifi.processors.standard.ControlRate - ControlRate[id=951e2bf0-1a5c-4604-8bef-e96a2a7d90ca] transferring FlowFile[2,97493779945287.mockFlowFile,11B] to 'success'
[pool-141-thread-1] INFO org.apache.nifi.processors.standard.ControlRate - ControlRate[id=951e2bf0-1a5c-4604-8bef-e96a2a7d90ca] transferring FlowFile[3,97493779971916.mockFlowFile,11B] to 'success'
]]></system-err>
  </testcase>
  <testcase name="testDataSizeRate" classname="org.apache.nifi.processors.standard.TestControlRate" time="1.104">
    <system-err><![CDATA[[pool-142-thread-1] INFO org.apache.nifi.processors.standard.ControlRate - ControlRate[id=991f62af-5f74-4047-b144-eeea74deeb46] transferring FlowFile[0,97494887664251.mockFlowFile,10B] to 'success'
[pool-142-thread-1] INFO org.apache.nifi.processors.standard.ControlRate - ControlRate[id=991f62af-5f74-4047-b144-eeea74deeb46] transferring FlowFile[1,97494887703610.mockFlowFile,10B] to 'success'
[pool-144-thread-1] INFO org.apache.nifi.processors.standard.ControlRate - ControlRate[id=991f62af-5f74-4047-b144-eeea74deeb46] transferring FlowFile[2,97494887729320.mockFlowFile,10B] to 'success'
[pool-144-thread-1] INFO org.apache.nifi.processors.standard.ControlRate - ControlRate[id=991f62af-5f74-4047-b144-eeea74deeb46] transferring FlowFile[3,97494887751591.mockFlowFile,10B] to 'success'
]]></system-err>
  </testcase>
  <testcase name="testBatchLimit" classname="org.apache.nifi.processors.standard.TestControlRate" time="0.074">
    <system-err><![CDATA[[pool-145-thread-1] INFO org.apache.nifi.processors.standard.ControlRate - ControlRate[id=f99191db-8b01-4505-bcda-2730f877db8d] transferring FlowFile[0,97495992137617.mockFlowFile,11B] to 'success'
[pool-145-thread-1] INFO org.apache.nifi.processors.standard.ControlRate - ControlRate[id=f99191db-8b01-4505-bcda-2730f877db8d] transferring FlowFile[1,97495992166847.mockFlowFile,11B] to 'success'
[pool-145-thread-1] INFO org.apache.nifi.processors.standard.ControlRate - ControlRate[id=f99191db-8b01-4505-bcda-2730f877db8d] transferring FlowFile[2,97495992211690.mockFlowFile,11B] to 'success'
[pool-145-thread-1] INFO org.apache.nifi.processors.standard.ControlRate - ControlRate[id=f99191db-8b01-4505-bcda-2730f877db8d] transferring FlowFile[3,97495992225055.mockFlowFile,11B] to 'success'
[pool-145-thread-1] INFO org.apache.nifi.processors.standard.ControlRate - ControlRate[id=f99191db-8b01-4505-bcda-2730f877db8d] transferring FlowFile[4,97495992236174.mockFlowFile,11B] to 'success'
[pool-145-thread-1] INFO org.apache.nifi.processors.standard.ControlRate - ControlRate[id=f99191db-8b01-4505-bcda-2730f877db8d] transferring FlowFile[5,97495992260609.mockFlowFile,11B] to 'success'
[pool-145-thread-1] INFO org.apache.nifi.processors.standard.ControlRate - ControlRate[id=f99191db-8b01-4505-bcda-2730f877db8d] transferring FlowFile[6,97495992291057.mockFlowFile,11B] to 'success'
[pool-145-thread-1] INFO org.apache.nifi.processors.standard.ControlRate - ControlRate[id=f99191db-8b01-4505-bcda-2730f877db8d] transferring FlowFile[7,97495992310303.mockFlowFile,11B] to 'success'
[pool-145-thread-1] INFO org.apache.nifi.processors.standard.ControlRate - ControlRate[id=f99191db-8b01-4505-bcda-2730f877db8d] transferring FlowFile[8,97495992344488.mockFlowFile,11B] to 'success'
[pool-145-thread-1] INFO org.apache.nifi.processors.standard.ControlRate - ControlRate[id=f99191db-8b01-4505-bcda-2730f877db8d] transferring FlowFile[9,97495992363121.mockFlowFile,11B] to 'success'
[pool-145-thread-1] INFO org.apache.nifi.processors.standard.ControlRate - ControlRate[id=f99191db-8b01-4505-bcda-2730f877db8d] transferring FlowFile[10,97495992380344.mockFlowFile,12B] to 'success'
[pool-145-thread-1] INFO org.apache.nifi.processors.standard.ControlRate - ControlRate[id=f99191db-8b01-4505-bcda-2730f877db8d] transferring FlowFile[11,97495992396746.mockFlowFile,12B] to 'success'
[pool-145-thread-1] INFO org.apache.nifi.processors.standard.ControlRate - ControlRate[id=f99191db-8b01-4505-bcda-2730f877db8d] transferring FlowFile[12,97495992414215.mockFlowFile,12B] to 'success'
[pool-145-thread-1] INFO org.apache.nifi.processors.standard.ControlRate - ControlRate[id=f99191db-8b01-4505-bcda-2730f877db8d] transferring FlowFile[13,97495992431793.mockFlowFile,12B] to 'success'
[pool-145-thread-1] INFO org.apache.nifi.processors.standard.ControlRate - ControlRate[id=f99191db-8b01-4505-bcda-2730f877db8d] transferring FlowFile[14,97495992449179.mockFlowFile,12B] to 'success'
[pool-145-thread-1] INFO org.apache.nifi.processors.standard.ControlRate - ControlRate[id=f99191db-8b01-4505-bcda-2730f877db8d] transferring FlowFile[15,97495992502035.mockFlowFile,12B] to 'success'
[pool-145-thread-1] INFO org.apache.nifi.processors.standard.ControlRate - ControlRate[id=f99191db-8b01-4505-bcda-2730f877db8d] transferring FlowFile[16,97495992522298.mockFlowFile,12B] to 'success'
[pool-145-thread-1] INFO org.apache.nifi.processors.standard.ControlRate - ControlRate[id=f99191db-8b01-4505-bcda-2730f877db8d] transferring FlowFile[17,97495992572097.mockFlowFile,12B] to 'success'
[pool-145-thread-1] INFO org.apache.nifi.processors.standard.ControlRate - ControlRate[id=f99191db-8b01-4505-bcda-2730f877db8d] transferring FlowFile[18,97495992591336.mockFlowFile,12B] to 'success'
[pool-145-thread-1] INFO org.apache.nifi.processors.standard.ControlRate - ControlRate[id=f99191db-8b01-4505-bcda-2730f877db8d] transferring FlowFile[19,97495992608950.mockFlowFile,12B] to 'success'
[pool-145-thread-1] INFO org.apache.nifi.processors.standard.ControlRate - ControlRate[id=f99191db-8b01-4505-bcda-2730f877db8d] transferring FlowFile[20,97495992639112.mockFlowFile,12B] to 'success'
[pool-145-thread-1] INFO org.apache.nifi.processors.standard.ControlRate - ControlRate[id=f99191db-8b01-4505-bcda-2730f877db8d] transferring FlowFile[21,97495992655228.mockFlowFile,12B] to 'success'
[pool-145-thread-1] INFO org.apache.nifi.processors.standard.ControlRate - ControlRate[id=f99191db-8b01-4505-bcda-2730f877db8d] transferring FlowFile[22,97495992675787.mockFlowFile,12B] to 'success'
[pool-145-thread-1] INFO org.apache.nifi.processors.standard.ControlRate - ControlRate[id=f99191db-8b01-4505-bcda-2730f877db8d] transferring FlowFile[23,97495992697910.mockFlowFile,12B] to 'success'
[pool-145-thread-1] INFO org.apache.nifi.processors.standard.ControlRate - ControlRate[id=f99191db-8b01-4505-bcda-2730f877db8d] transferring FlowFile[24,97495992715373.mockFlowFile,12B] to 'success'
[pool-145-thread-1] INFO org.apache.nifi.processors.standard.ControlRate - ControlRate[id=f99191db-8b01-4505-bcda-2730f877db8d] transferring FlowFile[25,97495992734516.mockFlowFile,12B] to 'success'
[pool-145-thread-1] INFO org.apache.nifi.processors.standard.ControlRate - ControlRate[id=f99191db-8b01-4505-bcda-2730f877db8d] transferring FlowFile[26,97495992751152.mockFlowFile,12B] to 'success'
[pool-145-thread-1] INFO org.apache.nifi.processors.standard.ControlRate - ControlRate[id=f99191db-8b01-4505-bcda-2730f877db8d] transferring FlowFile[27,97495992767242.mockFlowFile,12B] to 'success'
[pool-145-thread-1] INFO org.apache.nifi.processors.standard.ControlRate - ControlRate[id=f99191db-8b01-4505-bcda-2730f877db8d] transferring FlowFile[28,97495992794447.mockFlowFile,12B] to 'success'
[pool-145-thread-1] INFO org.apache.nifi.processors.standard.ControlRate - ControlRate[id=f99191db-8b01-4505-bcda-2730f877db8d] transferring FlowFile[29,97495992812447.mockFlowFile,12B] to 'success'
[pool-145-thread-1] INFO org.apache.nifi.processors.standard.ControlRate - ControlRate[id=f99191db-8b01-4505-bcda-2730f877db8d] transferring FlowFile[30,97495992832604.mockFlowFile,12B] to 'success'
[pool-145-thread-1] INFO org.apache.nifi.processors.standard.ControlRate - ControlRate[id=f99191db-8b01-4505-bcda-2730f877db8d] transferring FlowFile[31,97495992856046.mockFlowFile,12B] to 'success'
[pool-145-thread-1] INFO org.apache.nifi.processors.standard.ControlRate - ControlRate[id=f99191db-8b01-4505-bcda-2730f877db8d] transferring FlowFile[32,97495992874686.mockFlowFile,12B] to 'success'
[pool-145-thread-1] INFO org.apache.nifi.processors.standard.ControlRate - ControlRate[id=f99191db-8b01-4505-bcda-2730f877db8d] transferring FlowFile[33,97495992893800.mockFlowFile,12B] to 'success'
[pool-145-thread-1] INFO org.apache.nifi.processors.standard.ControlRate - ControlRate[id=f99191db-8b01-4505-bcda-2730f877db8d] transferring FlowFile[34,97495992916246.mockFlowFile,12B] to 'success'
[pool-145-thread-1] INFO org.apache.nifi.processors.standard.ControlRate - ControlRate[id=f99191db-8b01-4505-bcda-2730f877db8d] transferring FlowFile[35,97495992943739.mockFlowFile,12B] to 'success'
[pool-145-thread-1] INFO org.apache.nifi.processors.standard.ControlRate - ControlRate[id=f99191db-8b01-4505-bcda-2730f877db8d] transferring FlowFile[36,97495992976188.mockFlowFile,12B] to 'success'
[pool-145-thread-1] INFO org.apache.nifi.processors.standard.ControlRate - ControlRate[id=f99191db-8b01-4505-bcda-2730f877db8d] transferring FlowFile[37,97495993025122.mockFlowFile,12B] to 'success'
[pool-145-thread-1] INFO org.apache.nifi.processors.standard.ControlRate - ControlRate[id=f99191db-8b01-4505-bcda-2730f877db8d] transferring FlowFile[38,97495993045255.mockFlowFile,12B] to 'success'
[pool-145-thread-1] INFO org.apache.nifi.processors.standard.ControlRate - ControlRate[id=f99191db-8b01-4505-bcda-2730f877db8d] transferring FlowFile[39,97495993100873.mockFlowFile,12B] to 'success'
[pool-145-thread-1] INFO org.apache.nifi.processors.standard.ControlRate - ControlRate[id=f99191db-8b01-4505-bcda-2730f877db8d] transferring FlowFile[40,97495993122272.mockFlowFile,12B] to 'success'
[pool-145-thread-1] INFO org.apache.nifi.processors.standard.ControlRate - ControlRate[id=f99191db-8b01-4505-bcda-2730f877db8d] transferring FlowFile[41,97495993156136.mockFlowFile,12B] to 'success'
[pool-145-thread-1] INFO org.apache.nifi.processors.standard.ControlRate - ControlRate[id=f99191db-8b01-4505-bcda-2730f877db8d] transferring FlowFile[42,97495993176153.mockFlowFile,12B] to 'success'
[pool-145-thread-1] INFO org.apache.nifi.processors.standard.ControlRate - ControlRate[id=f99191db-8b01-4505-bcda-2730f877db8d] transferring FlowFile[43,97495993194729.mockFlowFile,12B] to 'success'
[pool-145-thread-1] INFO org.apache.nifi.processors.standard.ControlRate - ControlRate[id=f99191db-8b01-4505-bcda-2730f877db8d] transferring FlowFile[44,97495993212257.mockFlowFile,12B] to 'success'
[pool-145-thread-1] INFO org.apache.nifi.processors.standard.ControlRate - ControlRate[id=f99191db-8b01-4505-bcda-2730f877db8d] transferring FlowFile[45,97495993231214.mockFlowFile,12B] to 'success'
[pool-145-thread-1] INFO org.apache.nifi.processors.standard.ControlRate - ControlRate[id=f99191db-8b01-4505-bcda-2730f877db8d] transferring FlowFile[46,97495993248232.mockFlowFile,12B] to 'success'
[pool-145-thread-1] INFO org.apache.nifi.processors.standard.ControlRate - ControlRate[id=f99191db-8b01-4505-bcda-2730f877db8d] transferring FlowFile[47,97495993271226.mockFlowFile,12B] to 'success'
[pool-145-thread-1] INFO org.apache.nifi.processors.standard.ControlRate - ControlRate[id=f99191db-8b01-4505-bcda-2730f877db8d] transferring FlowFile[48,97495993289297.mockFlowFile,12B] to 'success'
[pool-145-thread-1] INFO org.apache.nifi.processors.standard.ControlRate - ControlRate[id=f99191db-8b01-4505-bcda-2730f877db8d] transferring FlowFile[49,97495993364632.mockFlowFile,12B] to 'success'
[pool-145-thread-1] INFO org.apache.nifi.processors.standard.ControlRate - ControlRate[id=f99191db-8b01-4505-bcda-2730f877db8d] transferring FlowFile[50,97495993423850.mockFlowFile,12B] to 'success'
[pool-145-thread-1] INFO org.apache.nifi.processors.standard.ControlRate - ControlRate[id=f99191db-8b01-4505-bcda-2730f877db8d] transferring FlowFile[51,97495993446427.mockFlowFile,12B] to 'success'
[pool-145-thread-1] INFO org.apache.nifi.processors.standard.ControlRate - ControlRate[id=f99191db-8b01-4505-bcda-2730f877db8d] transferring FlowFile[52,97495993479468.mockFlowFile,12B] to 'success'
[pool-145-thread-1] INFO org.apache.nifi.processors.standard.ControlRate - ControlRate[id=f99191db-8b01-4505-bcda-2730f877db8d] transferring FlowFile[53,97495993497510.mockFlowFile,12B] to 'success'
[pool-145-thread-1] INFO org.apache.nifi.processors.standard.ControlRate - ControlRate[id=f99191db-8b01-4505-bcda-2730f877db8d] transferring FlowFile[54,97495993516417.mockFlowFile,12B] to 'success'
[pool-145-thread-1] INFO org.apache.nifi.processors.standard.ControlRate - ControlRate[id=f99191db-8b01-4505-bcda-2730f877db8d] transferring FlowFile[55,97495993540473.mockFlowFile,12B] to 'success'
[pool-145-thread-1] INFO org.apache.nifi.processors.standard.ControlRate - ControlRate[id=f99191db-8b01-4505-bcda-2730f877db8d] transferring FlowFile[56,97495993558877.mockFlowFile,12B] to 'success'
[pool-145-thread-1] INFO org.apache.nifi.processors.standard.ControlRate - ControlRate[id=f99191db-8b01-4505-bcda-2730f877db8d] transferring FlowFile[57,97495993605217.mockFlowFile,12B] to 'success'
[pool-145-thread-1] INFO org.apache.nifi.processors.standard.ControlRate - ControlRate[id=f99191db-8b01-4505-bcda-2730f877db8d] transferring FlowFile[58,97495993625299.mockFlowFile,12B] to 'success'
[pool-145-thread-1] INFO org.apache.nifi.processors.standard.ControlRate - ControlRate[id=f99191db-8b01-4505-bcda-2730f877db8d] transferring FlowFile[59,97495993643451.mockFlowFile,12B] to 'success'
[pool-145-thread-1] INFO org.apache.nifi.processors.standard.ControlRate - ControlRate[id=f99191db-8b01-4505-bcda-2730f877db8d] transferring FlowFile[60,97495993676013.mockFlowFile,12B] to 'success'
[pool-145-thread-1] INFO org.apache.nifi.processors.standard.ControlRate - ControlRate[id=f99191db-8b01-4505-bcda-2730f877db8d] transferring FlowFile[61,97495993694152.mockFlowFile,12B] to 'success'
[pool-145-thread-1] INFO org.apache.nifi.processors.standard.ControlRate - ControlRate[id=f99191db-8b01-4505-bcda-2730f877db8d] transferring FlowFile[62,97495993712874.mockFlowFile,12B] to 'success'
[pool-145-thread-1] INFO org.apache.nifi.processors.standard.ControlRate - ControlRate[id=f99191db-8b01-4505-bcda-2730f877db8d] transferring FlowFile[63,97495993735994.mockFlowFile,12B] to 'success'
[pool-145-thread-1] INFO org.apache.nifi.processors.standard.ControlRate - ControlRate[id=f99191db-8b01-4505-bcda-2730f877db8d] transferring FlowFile[64,97495993756054.mockFlowFile,12B] to 'success'
[pool-145-thread-1] INFO org.apache.nifi.processors.standard.ControlRate - ControlRate[id=f99191db-8b01-4505-bcda-2730f877db8d] transferring FlowFile[65,97495993775294.mockFlowFile,12B] to 'success'
[pool-145-thread-1] INFO org.apache.nifi.processors.standard.ControlRate - ControlRate[id=f99191db-8b01-4505-bcda-2730f877db8d] transferring FlowFile[66,97495993797254.mockFlowFile,12B] to 'success'
[pool-145-thread-1] INFO org.apache.nifi.processors.standard.ControlRate - ControlRate[id=f99191db-8b01-4505-bcda-2730f877db8d] transferring FlowFile[67,97495993820173.mockFlowFile,12B] to 'success'
[pool-145-thread-1] INFO org.apache.nifi.processors.standard.ControlRate - ControlRate[id=f99191db-8b01-4505-bcda-2730f877db8d] transferring FlowFile[68,97495993900969.mockFlowFile,12B] to 'success'
[pool-145-thread-1] INFO org.apache.nifi.processors.standard.ControlRate - ControlRate[id=f99191db-8b01-4505-bcda-2730f877db8d] transferring FlowFile[69,97495993933561.mockFlowFile,12B] to 'success'
[pool-145-thread-1] INFO org.apache.nifi.processors.standard.ControlRate - ControlRate[id=f99191db-8b01-4505-bcda-2730f877db8d] transferring FlowFile[70,97495993952598.mockFlowFile,12B] to 'success'
[pool-145-thread-1] INFO org.apache.nifi.processors.standard.ControlRate - ControlRate[id=f99191db-8b01-4505-bcda-2730f877db8d] transferring FlowFile[71,97495993988265.mockFlowFile,12B] to 'success'
[pool-145-thread-1] INFO org.apache.nifi.processors.standard.ControlRate - ControlRate[id=f99191db-8b01-4505-bcda-2730f877db8d] transferring FlowFile[72,97495994026844.mockFlowFile,12B] to 'success'
[pool-145-thread-1] INFO org.apache.nifi.processors.standard.ControlRate - ControlRate[id=f99191db-8b01-4505-bcda-2730f877db8d] transferring FlowFile[73,97495994058459.mockFlowFile,12B] to 'success'
[pool-145-thread-1] INFO org.apache.nifi.processors.standard.ControlRate - ControlRate[id=f99191db-8b01-4505-bcda-2730f877db8d] transferring FlowFile[74,97495994088608.mockFlowFile,12B] to 'success'
[pool-145-thread-1] INFO org.apache.nifi.processors.standard.ControlRate - ControlRate[id=f99191db-8b01-4505-bcda-2730f877db8d] transferring FlowFile[75,97495994119381.mockFlowFile,12B] to 'success'
[pool-145-thread-1] INFO org.apache.nifi.processors.standard.ControlRate - ControlRate[id=f99191db-8b01-4505-bcda-2730f877db8d] transferring FlowFile[76,97495994134954.mockFlowFile,12B] to 'success'
[pool-145-thread-1] INFO org.apache.nifi.processors.standard.ControlRate - ControlRate[id=f99191db-8b01-4505-bcda-2730f877db8d] transferring FlowFile[77,97495994151642.mockFlowFile,12B] to 'success'
[pool-145-thread-1] INFO org.apache.nifi.processors.standard.ControlRate - ControlRate[id=f99191db-8b01-4505-bcda-2730f877db8d] transferring FlowFile[78,97495994168326.mockFlowFile,12B] to 'success'
[pool-145-thread-1] INFO org.apache.nifi.processors.standard.ControlRate - ControlRate[id=f99191db-8b01-4505-bcda-2730f877db8d] transferring FlowFile[79,97495994188572.mockFlowFile,12B] to 'success'
[pool-145-thread-1] INFO org.apache.nifi.processors.standard.ControlRate - ControlRate[id=f99191db-8b01-4505-bcda-2730f877db8d] transferring FlowFile[80,97495994205447.mockFlowFile,12B] to 'success'
[pool-145-thread-1] INFO org.apache.nifi.processors.standard.ControlRate - ControlRate[id=f99191db-8b01-4505-bcda-2730f877db8d] transferring FlowFile[81,97495994221575.mockFlowFile,12B] to 'success'
[pool-145-thread-1] INFO org.apache.nifi.processors.standard.ControlRate - ControlRate[id=f99191db-8b01-4505-bcda-2730f877db8d] transferring FlowFile[82,97495994238584.mockFlowFile,12B] to 'success'
[pool-145-thread-1] INFO org.apache.nifi.processors.standard.ControlRate - ControlRate[id=f99191db-8b01-4505-bcda-2730f877db8d] transferring FlowFile[83,97495994255764.mockFlowFile,12B] to 'success'
[pool-145-thread-1] INFO org.apache.nifi.processors.standard.ControlRate - ControlRate[id=f99191db-8b01-4505-bcda-2730f877db8d] transferring FlowFile[84,97495994271842.mockFlowFile,12B] to 'success'
[pool-145-thread-1] INFO org.apache.nifi.processors.standard.ControlRate - ControlRate[id=f99191db-8b01-4505-bcda-2730f877db8d] transferring FlowFile[85,97495994290240.mockFlowFile,12B] to 'success'
[pool-145-thread-1] INFO org.apache.nifi.processors.standard.ControlRate - ControlRate[id=f99191db-8b01-4505-bcda-2730f877db8d] transferring FlowFile[86,97495994307222.mockFlowFile,12B] to 'success'
[pool-145-thread-1] INFO org.apache.nifi.processors.standard.ControlRate - ControlRate[id=f99191db-8b01-4505-bcda-2730f877db8d] transferring FlowFile[87,97495994329536.mockFlowFile,12B] to 'success'
[pool-145-thread-1] INFO org.apache.nifi.processors.standard.ControlRate - ControlRate[id=f99191db-8b01-4505-bcda-2730f877db8d] transferring FlowFile[88,97495994348152.mockFlowFile,12B] to 'success'
[pool-145-thread-1] INFO org.apache.nifi.processors.standard.ControlRate - ControlRate[id=f99191db-8b01-4505-bcda-2730f877db8d] transferring FlowFile[89,97495994366436.mockFlowFile,12B] to 'success'
[pool-145-thread-1] INFO org.apache.nifi.processors.standard.ControlRate - ControlRate[id=f99191db-8b01-4505-bcda-2730f877db8d] transferring FlowFile[90,97495994385982.mockFlowFile,12B] to 'success'
[pool-145-thread-1] INFO org.apache.nifi.processors.standard.ControlRate - ControlRate[id=f99191db-8b01-4505-bcda-2730f877db8d] transferring FlowFile[91,97495994489149.mockFlowFile,12B] to 'success'
[pool-145-thread-1] INFO org.apache.nifi.processors.standard.ControlRate - ControlRate[id=f99191db-8b01-4505-bcda-2730f877db8d] transferring FlowFile[92,97495994557684.mockFlowFile,12B] to 'success'
[pool-145-thread-1] INFO org.apache.nifi.processors.standard.ControlRate - ControlRate[id=f99191db-8b01-4505-bcda-2730f877db8d] transferring FlowFile[93,97495994590919.mockFlowFile,12B] to 'success'
[pool-145-thread-1] INFO org.apache.nifi.processors.standard.ControlRate - ControlRate[id=f99191db-8b01-4505-bcda-2730f877db8d] transferring FlowFile[94,97495994609075.mockFlowFile,12B] to 'success'
[pool-145-thread-1] INFO org.apache.nifi.processors.standard.ControlRate - ControlRate[id=f99191db-8b01-4505-bcda-2730f877db8d] transferring FlowFile[95,97495994636287.mockFlowFile,12B] to 'success'
[pool-145-thread-1] INFO org.apache.nifi.processors.standard.ControlRate - ControlRate[id=f99191db-8b01-4505-bcda-2730f877db8d] transferring FlowFile[96,97495994656515.mockFlowFile,12B] to 'success'
[pool-145-thread-1] INFO org.apache.nifi.processors.standard.ControlRate - ControlRate[id=f99191db-8b01-4505-bcda-2730f877db8d] transferring FlowFile[97,97495994675738.mockFlowFile,12B] to 'success'
[pool-145-thread-1] INFO org.apache.nifi.processors.standard.ControlRate - ControlRate[id=f99191db-8b01-4505-bcda-2730f877db8d] transferring FlowFile[98,97495994696451.mockFlowFile,12B] to 'success'
[pool-145-thread-1] INFO org.apache.nifi.processors.standard.ControlRate - ControlRate[id=f99191db-8b01-4505-bcda-2730f877db8d] transferring FlowFile[99,97495994713744.mockFlowFile,12B] to 'success'
[pool-145-thread-1] INFO org.apache.nifi.processors.standard.ControlRate - ControlRate[id=f99191db-8b01-4505-bcda-2730f877db8d] transferring FlowFile[100,97495994731882.mockFlowFile,13B] to 'success'
[pool-145-thread-1] INFO org.apache.nifi.processors.standard.ControlRate - ControlRate[id=f99191db-8b01-4505-bcda-2730f877db8d] transferring FlowFile[101,97495994751089.mockFlowFile,13B] to 'success'
[pool-145-thread-1] INFO org.apache.nifi.processors.standard.ControlRate - ControlRate[id=f99191db-8b01-4505-bcda-2730f877db8d] transferring FlowFile[102,97495994770108.mockFlowFile,13B] to 'success'
[pool-145-thread-1] INFO org.apache.nifi.processors.standard.ControlRate - ControlRate[id=f99191db-8b01-4505-bcda-2730f877db8d] transferring FlowFile[103,97495994793864.mockFlowFile,13B] to 'success'
[pool-145-thread-1] INFO org.apache.nifi.processors.standard.ControlRate - ControlRate[id=f99191db-8b01-4505-bcda-2730f877db8d] transferring FlowFile[104,97495994811288.mockFlowFile,13B] to 'success'
[pool-145-thread-1] INFO org.apache.nifi.processors.standard.ControlRate - ControlRate[id=f99191db-8b01-4505-bcda-2730f877db8d] transferring FlowFile[105,97495994828959.mockFlowFile,13B] to 'success'
[pool-145-thread-1] INFO org.apache.nifi.processors.standard.ControlRate - ControlRate[id=f99191db-8b01-4505-bcda-2730f877db8d] transferring FlowFile[106,97495994845180.mockFlowFile,13B] to 'success'
[pool-145-thread-1] INFO org.apache.nifi.processors.standard.ControlRate - ControlRate[id=f99191db-8b01-4505-bcda-2730f877db8d] transferring FlowFile[107,97495994862424.mockFlowFile,13B] to 'success'
[pool-145-thread-1] INFO org.apache.nifi.processors.standard.ControlRate - ControlRate[id=f99191db-8b01-4505-bcda-2730f877db8d] transferring FlowFile[108,97495994879262.mockFlowFile,13B] to 'success'
[pool-145-thread-1] INFO org.apache.nifi.processors.standard.ControlRate - ControlRate[id=f99191db-8b01-4505-bcda-2730f877db8d] transferring FlowFile[109,97495994913811.mockFlowFile,13B] to 'success'
[pool-145-thread-1] INFO org.apache.nifi.processors.standard.ControlRate - ControlRate[id=f99191db-8b01-4505-bcda-2730f877db8d] transferring FlowFile[110,97495994930830.mockFlowFile,13B] to 'success'
[pool-145-thread-1] INFO org.apache.nifi.processors.standard.ControlRate - ControlRate[id=f99191db-8b01-4505-bcda-2730f877db8d] transferring FlowFile[111,97495994964487.mockFlowFile,13B] to 'success'
[pool-145-thread-1] INFO org.apache.nifi.processors.standard.ControlRate - ControlRate[id=f99191db-8b01-4505-bcda-2730f877db8d] transferring FlowFile[112,97495994982153.mockFlowFile,13B] to 'success'
[pool-145-thread-1] INFO org.apache.nifi.processors.standard.ControlRate - ControlRate[id=f99191db-8b01-4505-bcda-2730f877db8d] transferring FlowFile[113,97495995001341.mockFlowFile,13B] to 'success'
[pool-145-thread-1] INFO org.apache.nifi.processors.standard.ControlRate - ControlRate[id=f99191db-8b01-4505-bcda-2730f877db8d] transferring FlowFile[114,97495995017443.mockFlowFile,13B] to 'success'
[pool-145-thread-1] INFO org.apache.nifi.processors.standard.ControlRate - ControlRate[id=f99191db-8b01-4505-bcda-2730f877db8d] transferring FlowFile[115,97495995035386.mockFlowFile,13B] to 'success'
[pool-145-thread-1] INFO org.apache.nifi.processors.standard.ControlRate - ControlRate[id=f99191db-8b01-4505-bcda-2730f877db8d] transferring FlowFile[116,97495995052211.mockFlowFile,13B] to 'success'
[pool-145-thread-1] INFO org.apache.nifi.processors.standard.ControlRate - ControlRate[id=f99191db-8b01-4505-bcda-2730f877db8d] transferring FlowFile[117,97495995070178.mockFlowFile,13B] to 'success'
[pool-145-thread-1] INFO org.apache.nifi.processors.standard.ControlRate - ControlRate[id=f99191db-8b01-4505-bcda-2730f877db8d] transferring FlowFile[118,97495995191964.mockFlowFile,13B] to 'success'
[pool-145-thread-1] INFO org.apache.nifi.processors.standard.ControlRate - ControlRate[id=f99191db-8b01-4505-bcda-2730f877db8d] transferring FlowFile[119,97495995249723.mockFlowFile,13B] to 'success'
[pool-145-thread-1] INFO org.apache.nifi.processors.standard.ControlRate - ControlRate[id=f99191db-8b01-4505-bcda-2730f877db8d] transferring FlowFile[120,97495995270907.mockFlowFile,13B] to 'success'
[pool-145-thread-1] INFO org.apache.nifi.processors.standard.ControlRate - ControlRate[id=f99191db-8b01-4505-bcda-2730f877db8d] transferring FlowFile[121,97495995289133.mockFlowFile,13B] to 'success'
[pool-145-thread-1] INFO org.apache.nifi.processors.standard.ControlRate - ControlRate[id=f99191db-8b01-4505-bcda-2730f877db8d] transferring FlowFile[122,97495995310795.mockFlowFile,13B] to 'success'
[pool-145-thread-1] INFO org.apache.nifi.processors.standard.ControlRate - ControlRate[id=f99191db-8b01-4505-bcda-2730f877db8d] transferring FlowFile[123,97495995328827.mockFlowFile,13B] to 'success'
[pool-145-thread-1] INFO org.apache.nifi.processors.standard.ControlRate - ControlRate[id=f99191db-8b01-4505-bcda-2730f877db8d] transferring FlowFile[124,97495995356449.mockFlowFile,13B] to 'success'
[pool-145-thread-1] INFO org.apache.nifi.processors.standard.ControlRate - ControlRate[id=f99191db-8b01-4505-bcda-2730f877db8d] transferring FlowFile[125,97495995389933.mockFlowFile,13B] to 'success'
[pool-145-thread-1] INFO org.apache.nifi.processors.standard.ControlRate - ControlRate[id=f99191db-8b01-4505-bcda-2730f877db8d] transferring FlowFile[126,97495995407619.mockFlowFile,13B] to 'success'
[pool-145-thread-1] INFO org.apache.nifi.processors.standard.ControlRate - ControlRate[id=f99191db-8b01-4505-bcda-2730f877db8d] transferring FlowFile[127,97495995437123.mockFlowFile,13B] to 'success'
[pool-145-thread-1] INFO org.apache.nifi.processors.standard.ControlRate - ControlRate[id=f99191db-8b01-4505-bcda-2730f877db8d] transferring FlowFile[128,97495995487067.mockFlowFile,13B] to 'success'
[pool-145-thread-1] INFO org.apache.nifi.processors.standard.ControlRate - ControlRate[id=f99191db-8b01-4505-bcda-2730f877db8d] transferring FlowFile[129,97495995508158.mockFlowFile,13B] to 'success'
[pool-145-thread-1] INFO org.apache.nifi.processors.standard.ControlRate - ControlRate[id=f99191db-8b01-4505-bcda-2730f877db8d] transferring FlowFile[130,97495995527701.mockFlowFile,13B] to 'success'
[pool-145-thread-1] INFO org.apache.nifi.processors.standard.ControlRate - ControlRate[id=f99191db-8b01-4505-bcda-2730f877db8d] transferring FlowFile[131,97495995546841.mockFlowFile,13B] to 'success'
[pool-145-thread-1] INFO org.apache.nifi.processors.standard.ControlRate - ControlRate[id=f99191db-8b01-4505-bcda-2730f877db8d] transferring FlowFile[132,97495995600056.mockFlowFile,13B] to 'success'
[pool-145-thread-1] INFO org.apache.nifi.processors.standard.ControlRate - ControlRate[id=f99191db-8b01-4505-bcda-2730f877db8d] transferring FlowFile[133,97495995633302.mockFlowFile,13B] to 'success'
[pool-145-thread-1] INFO org.apache.nifi.processors.standard.ControlRate - ControlRate[id=f99191db-8b01-4505-bcda-2730f877db8d] transferring FlowFile[134,97495995653882.mockFlowFile,13B] to 'success'
[pool-145-thread-1] INFO org.apache.nifi.processors.standard.ControlRate - ControlRate[id=f99191db-8b01-4505-bcda-2730f877db8d] transferring FlowFile[135,97495995679366.mockFlowFile,13B] to 'success'
[pool-145-thread-1] INFO org.apache.nifi.processors.standard.ControlRate - ControlRate[id=f99191db-8b01-4505-bcda-2730f877db8d] transferring FlowFile[136,97495995706757.mockFlowFile,13B] to 'success'
[pool-145-thread-1] INFO org.apache.nifi.processors.standard.ControlRate - ControlRate[id=f99191db-8b01-4505-bcda-2730f877db8d] transferring FlowFile[137,97495995726492.mockFlowFile,13B] to 'success'
[pool-145-thread-1] INFO org.apache.nifi.processors.standard.ControlRate - ControlRate[id=f99191db-8b01-4505-bcda-2730f877db8d] transferring FlowFile[138,97495995745688.mockFlowFile,13B] to 'success'
[pool-145-thread-1] INFO org.apache.nifi.processors.standard.ControlRate - ControlRate[id=f99191db-8b01-4505-bcda-2730f877db8d] transferring FlowFile[139,97495995772983.mockFlowFile,13B] to 'success'
[pool-145-thread-1] INFO org.apache.nifi.processors.standard.ControlRate - ControlRate[id=f99191db-8b01-4505-bcda-2730f877db8d] transferring FlowFile[140,97495995793520.mockFlowFile,13B] to 'success'
[pool-145-thread-1] INFO org.apache.nifi.processors.standard.ControlRate - ControlRate[id=f99191db-8b01-4505-bcda-2730f877db8d] transferring FlowFile[141,97495995811817.mockFlowFile,13B] to 'success'
[pool-145-thread-1] INFO org.apache.nifi.processors.standard.ControlRate - ControlRate[id=f99191db-8b01-4505-bcda-2730f877db8d] transferring FlowFile[142,97495995831116.mockFlowFile,13B] to 'success'
[pool-145-thread-1] INFO org.apache.nifi.processors.standard.ControlRate - ControlRate[id=f99191db-8b01-4505-bcda-2730f877db8d] transferring FlowFile[143,97495995855133.mockFlowFile,13B] to 'success'
[pool-145-thread-1] INFO org.apache.nifi.processors.standard.ControlRate - ControlRate[id=f99191db-8b01-4505-bcda-2730f877db8d] transferring FlowFile[144,97495995874307.mockFlowFile,13B] to 'success'
[pool-145-thread-1] INFO org.apache.nifi.processors.standard.ControlRate - ControlRate[id=f99191db-8b01-4505-bcda-2730f877db8d] transferring FlowFile[145,97495995894010.mockFlowFile,13B] to 'success'
[pool-145-thread-1] INFO org.apache.nifi.processors.standard.ControlRate - ControlRate[id=f99191db-8b01-4505-bcda-2730f877db8d] transferring FlowFile[146,97495995912174.mockFlowFile,13B] to 'success'
[pool-145-thread-1] INFO org.apache.nifi.processors.standard.ControlRate - ControlRate[id=f99191db-8b01-4505-bcda-2730f877db8d] transferring FlowFile[147,97495995932262.mockFlowFile,13B] to 'success'
[pool-145-thread-1] INFO org.apache.nifi.processors.standard.ControlRate - ControlRate[id=f99191db-8b01-4505-bcda-2730f877db8d] transferring FlowFile[148,97495995951827.mockFlowFile,13B] to 'success'
[pool-145-thread-1] INFO org.apache.nifi.processors.standard.ControlRate - ControlRate[id=f99191db-8b01-4505-bcda-2730f877db8d] transferring FlowFile[149,97495995970074.mockFlowFile,13B] to 'success'
[pool-145-thread-1] INFO org.apache.nifi.processors.standard.ControlRate - ControlRate[id=f99191db-8b01-4505-bcda-2730f877db8d] transferring FlowFile[150,97495995999559.mockFlowFile,13B] to 'success'
[pool-145-thread-1] INFO org.apache.nifi.processors.standard.ControlRate - ControlRate[id=f99191db-8b01-4505-bcda-2730f877db8d] transferring FlowFile[151,97495996035557.mockFlowFile,13B] to 'success'
[pool-145-thread-1] INFO org.apache.nifi.processors.standard.ControlRate - ControlRate[id=f99191db-8b01-4505-bcda-2730f877db8d] transferring FlowFile[152,97495996056099.mockFlowFile,13B] to 'success'
[pool-145-thread-1] INFO org.apache.nifi.processors.standard.ControlRate - ControlRate[id=f99191db-8b01-4505-bcda-2730f877db8d] transferring FlowFile[153,97495996075915.mockFlowFile,13B] to 'success'
[pool-145-thread-1] INFO org.apache.nifi.processors.standard.ControlRate - ControlRate[id=f99191db-8b01-4505-bcda-2730f877db8d] transferring FlowFile[154,97495996095340.mockFlowFile,13B] to 'success'
[pool-145-thread-1] INFO org.apache.nifi.processors.standard.ControlRate - ControlRate[id=f99191db-8b01-4505-bcda-2730f877db8d] transferring FlowFile[155,97495996114898.mockFlowFile,13B] to 'success'
[pool-145-thread-1] INFO org.apache.nifi.processors.standard.ControlRate - ControlRate[id=f99191db-8b01-4505-bcda-2730f877db8d] transferring FlowFile[156,97495996133621.mockFlowFile,13B] to 'success'
[pool-145-thread-1] INFO org.apache.nifi.processors.standard.ControlRate - ControlRate[id=f99191db-8b01-4505-bcda-2730f877db8d] transferring FlowFile[157,97495996153033.mockFlowFile,13B] to 'success'
[pool-145-thread-1] INFO org.apache.nifi.processors.standard.ControlRate - ControlRate[id=f99191db-8b01-4505-bcda-2730f877db8d] transferring FlowFile[158,97495996180809.mockFlowFile,13B] to 'success'
[pool-145-thread-1] INFO org.apache.nifi.processors.standard.ControlRate - ControlRate[id=f99191db-8b01-4505-bcda-2730f877db8d] transferring FlowFile[159,97495996206475.mockFlowFile,13B] to 'success'
[pool-145-thread-1] INFO org.apache.nifi.processors.standard.ControlRate - ControlRate[id=f99191db-8b01-4505-bcda-2730f877db8d] transferring FlowFile[160,97495996227649.mockFlowFile,13B] to 'success'
[pool-145-thread-1] INFO org.apache.nifi.processors.standard.ControlRate - ControlRate[id=f99191db-8b01-4505-bcda-2730f877db8d] transferring FlowFile[161,97495996246172.mockFlowFile,13B] to 'success'
[pool-145-thread-1] INFO org.apache.nifi.processors.standard.ControlRate - ControlRate[id=f99191db-8b01-4505-bcda-2730f877db8d] transferring FlowFile[162,97495996265220.mockFlowFile,13B] to 'success'
[pool-145-thread-1] INFO org.apache.nifi.processors.standard.ControlRate - ControlRate[id=f99191db-8b01-4505-bcda-2730f877db8d] transferring FlowFile[163,97495996286606.mockFlowFile,13B] to 'success'
[pool-145-thread-1] INFO org.apache.nifi.processors.standard.ControlRate - ControlRate[id=f99191db-8b01-4505-bcda-2730f877db8d] transferring FlowFile[164,97495996305412.mockFlowFile,13B] to 'success'
[pool-145-thread-1] INFO org.apache.nifi.processors.standard.ControlRate - ControlRate[id=f99191db-8b01-4505-bcda-2730f877db8d] transferring FlowFile[165,97495996325571.mockFlowFile,13B] to 'success'
[pool-145-thread-1] INFO org.apache.nifi.processors.standard.ControlRate - ControlRate[id=f99191db-8b01-4505-bcda-2730f877db8d] transferring FlowFile[166,97495996344260.mockFlowFile,13B] to 'success'
[pool-145-thread-1] INFO org.apache.nifi.processors.standard.ControlRate - ControlRate[id=f99191db-8b01-4505-bcda-2730f877db8d] transferring FlowFile[167,97495996369754.mockFlowFile,13B] to 'success'
[pool-145-thread-1] INFO org.apache.nifi.processors.standard.ControlRate - ControlRate[id=f99191db-8b01-4505-bcda-2730f877db8d] transferring FlowFile[168,97495996388768.mockFlowFile,13B] to 'success'
[pool-145-thread-1] INFO org.apache.nifi.processors.standard.ControlRate - ControlRate[id=f99191db-8b01-4505-bcda-2730f877db8d] transferring FlowFile[169,97495996408286.mockFlowFile,13B] to 'success'
[pool-145-thread-1] INFO org.apache.nifi.processors.standard.ControlRate - ControlRate[id=f99191db-8b01-4505-bcda-2730f877db8d] transferring FlowFile[170,97495996426973.mockFlowFile,13B] to 'success'
[pool-145-thread-1] INFO org.apache.nifi.processors.standard.ControlRate - ControlRate[id=f99191db-8b01-4505-bcda-2730f877db8d] transferring FlowFile[171,97495996444243.mockFlowFile,13B] to 'success'
[pool-145-thread-1] INFO org.apache.nifi.processors.standard.ControlRate - ControlRate[id=f99191db-8b01-4505-bcda-2730f877db8d] transferring FlowFile[172,97495996469507.mockFlowFile,13B] to 'success'
[pool-145-thread-1] INFO org.apache.nifi.processors.standard.ControlRate - ControlRate[id=f99191db-8b01-4505-bcda-2730f877db8d] transferring FlowFile[173,97495996487497.mockFlowFile,13B] to 'success'
[pool-145-thread-1] INFO org.apache.nifi.processors.standard.ControlRate - ControlRate[id=f99191db-8b01-4505-bcda-2730f877db8d] transferring FlowFile[174,97495996503876.mockFlowFile,13B] to 'success'
[pool-145-thread-1] INFO org.apache.nifi.processors.standard.ControlRate - ControlRate[id=f99191db-8b01-4505-bcda-2730f877db8d] transferring FlowFile[175,97495996525529.mockFlowFile,13B] to 'success'
[pool-145-thread-1] INFO org.apache.nifi.processors.standard.ControlRate - ControlRate[id=f99191db-8b01-4505-bcda-2730f877db8d] transferring FlowFile[176,97495996542959.mockFlowFile,13B] to 'success'
[pool-145-thread-1] INFO org.apache.nifi.processors.standard.ControlRate - ControlRate[id=f99191db-8b01-4505-bcda-2730f877db8d] transferring FlowFile[177,97495996601014.mockFlowFile,13B] to 'success'
[pool-145-thread-1] INFO org.apache.nifi.processors.standard.ControlRate - ControlRate[id=f99191db-8b01-4505-bcda-2730f877db8d] transferring FlowFile[178,97495996623506.mockFlowFile,13B] to 'success'
[pool-145-thread-1] INFO org.apache.nifi.processors.standard.ControlRate - ControlRate[id=f99191db-8b01-4505-bcda-2730f877db8d] transferring FlowFile[179,97495996651821.mockFlowFile,13B] to 'success'
[pool-145-thread-1] INFO org.apache.nifi.processors.standard.ControlRate - ControlRate[id=f99191db-8b01-4505-bcda-2730f877db8d] transferring FlowFile[180,97495996671780.mockFlowFile,13B] to 'success'
[pool-145-thread-1] INFO org.apache.nifi.processors.standard.ControlRate - ControlRate[id=f99191db-8b01-4505-bcda-2730f877db8d] transferring FlowFile[181,97495996689796.mockFlowFile,13B] to 'success'
[pool-145-thread-1] INFO org.apache.nifi.processors.standard.ControlRate - ControlRate[id=f99191db-8b01-4505-bcda-2730f877db8d] transferring FlowFile[182,97495996709160.mockFlowFile,13B] to 'success'
[pool-145-thread-1] INFO org.apache.nifi.processors.standard.ControlRate - ControlRate[id=f99191db-8b01-4505-bcda-2730f877db8d] transferring FlowFile[183,97495996735214.mockFlowFile,13B] to 'success'
[pool-145-thread-1] INFO org.apache.nifi.processors.standard.ControlRate - ControlRate[id=f99191db-8b01-4505-bcda-2730f877db8d] transferring FlowFile[184,97495996754173.mockFlowFile,13B] to 'success'
[pool-145-thread-1] INFO org.apache.nifi.processors.standard.ControlRate - ControlRate[id=f99191db-8b01-4505-bcda-2730f877db8d] transferring FlowFile[185,97495996824727.mockFlowFile,13B] to 'success'
[pool-145-thread-1] INFO org.apache.nifi.processors.standard.ControlRate - ControlRate[id=f99191db-8b01-4505-bcda-2730f877db8d] transferring FlowFile[186,97495996845928.mockFlowFile,13B] to 'success'
[pool-145-thread-1] INFO org.apache.nifi.processors.standard.ControlRate - ControlRate[id=f99191db-8b01-4505-bcda-2730f877db8d] transferring FlowFile[187,97495996865054.mockFlowFile,13B] to 'success'
[pool-145-thread-1] INFO org.apache.nifi.processors.standard.ControlRate - ControlRate[id=f99191db-8b01-4505-bcda-2730f877db8d] transferring FlowFile[188,97495996884675.mockFlowFile,13B] to 'success'
[pool-145-thread-1] INFO org.apache.nifi.processors.standard.ControlRate - ControlRate[id=f99191db-8b01-4505-bcda-2730f877db8d] transferring FlowFile[189,97495996901771.mockFlowFile,13B] to 'success'
[pool-145-thread-1] INFO org.apache.nifi.processors.standard.ControlRate - ControlRate[id=f99191db-8b01-4505-bcda-2730f877db8d] transferring FlowFile[190,97495996918685.mockFlowFile,13B] to 'success'
[pool-145-thread-1] INFO org.apache.nifi.processors.standard.ControlRate - ControlRate[id=f99191db-8b01-4505-bcda-2730f877db8d] transferring FlowFile[191,97495996941391.mockFlowFile,13B] to 'success'
[pool-145-thread-1] INFO org.apache.nifi.processors.standard.ControlRate - ControlRate[id=f99191db-8b01-4505-bcda-2730f877db8d] transferring FlowFile[192,97495996963260.mockFlowFile,13B] to 'success'
[pool-145-thread-1] INFO org.apache.nifi.processors.standard.ControlRate - ControlRate[id=f99191db-8b01-4505-bcda-2730f877db8d] transferring FlowFile[193,97495996984668.mockFlowFile,13B] to 'success'
[pool-145-thread-1] INFO org.apache.nifi.processors.standard.ControlRate - ControlRate[id=f99191db-8b01-4505-bcda-2730f877db8d] transferring FlowFile[194,97495997030174.mockFlowFile,13B] to 'success'
[pool-145-thread-1] INFO org.apache.nifi.processors.standard.ControlRate - ControlRate[id=f99191db-8b01-4505-bcda-2730f877db8d] transferring FlowFile[195,97495997053293.mockFlowFile,13B] to 'success'
[pool-145-thread-1] INFO org.apache.nifi.processors.standard.ControlRate - ControlRate[id=f99191db-8b01-4505-bcda-2730f877db8d] transferring FlowFile[196,97495997071215.mockFlowFile,13B] to 'success'
[pool-145-thread-1] INFO org.apache.nifi.processors.standard.ControlRate - ControlRate[id=f99191db-8b01-4505-bcda-2730f877db8d] transferring FlowFile[197,97495997090483.mockFlowFile,13B] to 'success'
[pool-145-thread-1] INFO org.apache.nifi.processors.standard.ControlRate - ControlRate[id=f99191db-8b01-4505-bcda-2730f877db8d] transferring FlowFile[198,97495997109719.mockFlowFile,13B] to 'success'
[pool-145-thread-1] INFO org.apache.nifi.processors.standard.ControlRate - ControlRate[id=f99191db-8b01-4505-bcda-2730f877db8d] transferring FlowFile[199,97495997133418.mockFlowFile,13B] to 'success'
[pool-145-thread-1] INFO org.apache.nifi.processors.standard.ControlRate - ControlRate[id=f99191db-8b01-4505-bcda-2730f877db8d] transferring FlowFile[200,97495997154586.mockFlowFile,13B] to 'success'
[pool-145-thread-1] INFO org.apache.nifi.processors.standard.ControlRate - ControlRate[id=f99191db-8b01-4505-bcda-2730f877db8d] transferring FlowFile[201,97495997174505.mockFlowFile,13B] to 'success'
[pool-145-thread-1] INFO org.apache.nifi.processors.standard.ControlRate - ControlRate[id=f99191db-8b01-4505-bcda-2730f877db8d] transferring FlowFile[202,97495997194918.mockFlowFile,13B] to 'success'
[pool-145-thread-1] INFO org.apache.nifi.processors.standard.ControlRate - ControlRate[id=f99191db-8b01-4505-bcda-2730f877db8d] transferring FlowFile[203,97495997207613.mockFlowFile,13B] to 'success'
[pool-145-thread-1] INFO org.apache.nifi.processors.standard.ControlRate - ControlRate[id=f99191db-8b01-4505-bcda-2730f877db8d] transferring FlowFile[204,97495997229109.mockFlowFile,13B] to 'success'
[pool-145-thread-1] INFO org.apache.nifi.processors.standard.ControlRate - ControlRate[id=f99191db-8b01-4505-bcda-2730f877db8d] transferring FlowFile[205,97495997248425.mockFlowFile,13B] to 'success'
[pool-145-thread-1] INFO org.apache.nifi.processors.standard.ControlRate - ControlRate[id=f99191db-8b01-4505-bcda-2730f877db8d] transferring FlowFile[206,97495997266125.mockFlowFile,13B] to 'success'
[pool-145-thread-1] INFO org.apache.nifi.processors.standard.ControlRate - ControlRate[id=f99191db-8b01-4505-bcda-2730f877db8d] transferring FlowFile[207,97495997290440.mockFlowFile,13B] to 'success'
[pool-145-thread-1] INFO org.apache.nifi.processors.standard.ControlRate - ControlRate[id=f99191db-8b01-4505-bcda-2730f877db8d] transferring FlowFile[208,97495997310852.mockFlowFile,13B] to 'success'
[pool-145-thread-1] INFO org.apache.nifi.processors.standard.ControlRate - ControlRate[id=f99191db-8b01-4505-bcda-2730f877db8d] transferring FlowFile[209,97495997338008.mockFlowFile,13B] to 'success'
[pool-145-thread-1] INFO org.apache.nifi.processors.standard.ControlRate - ControlRate[id=f99191db-8b01-4505-bcda-2730f877db8d] transferring FlowFile[210,97495997356351.mockFlowFile,13B] to 'success'
[pool-145-thread-1] INFO org.apache.nifi.processors.standard.ControlRate - ControlRate[id=f99191db-8b01-4505-bcda-2730f877db8d] transferring FlowFile[211,97495997372784.mockFlowFile,13B] to 'success'
[pool-145-thread-1] INFO org.apache.nifi.processors.standard.ControlRate - ControlRate[id=f99191db-8b01-4505-bcda-2730f877db8d] transferring FlowFile[212,97495997389908.mockFlowFile,13B] to 'success'
[pool-145-thread-1] INFO org.apache.nifi.processors.standard.ControlRate - ControlRate[id=f99191db-8b01-4505-bcda-2730f877db8d] transferring FlowFile[213,97495997428213.mockFlowFile,13B] to 'success'
[pool-145-thread-1] INFO org.apache.nifi.processors.standard.ControlRate - ControlRate[id=f99191db-8b01-4505-bcda-2730f877db8d] transferring FlowFile[214,97495997448203.mockFlowFile,13B] to 'success'
[pool-145-thread-1] INFO org.apache.nifi.processors.standard.ControlRate - ControlRate[id=f99191db-8b01-4505-bcda-2730f877db8d] transferring FlowFile[215,97495997473435.mockFlowFile,13B] to 'success'
[pool-145-thread-1] INFO org.apache.nifi.processors.standard.ControlRate - ControlRate[id=f99191db-8b01-4505-bcda-2730f877db8d] transferring FlowFile[216,97495997492408.mockFlowFile,13B] to 'success'
[pool-145-thread-1] INFO org.apache.nifi.processors.standard.ControlRate - ControlRate[id=f99191db-8b01-4505-bcda-2730f877db8d] transferring FlowFile[217,97495997527464.mockFlowFile,13B] to 'success'
[pool-145-thread-1] INFO org.apache.nifi.processors.standard.ControlRate - ControlRate[id=f99191db-8b01-4505-bcda-2730f877db8d] transferring FlowFile[218,97495997580634.mockFlowFile,13B] to 'success'
[pool-145-thread-1] INFO org.apache.nifi.processors.standard.ControlRate - ControlRate[id=f99191db-8b01-4505-bcda-2730f877db8d] transferring FlowFile[219,97495997600286.mockFlowFile,13B] to 'success'
[pool-145-thread-1] INFO org.apache.nifi.processors.standard.ControlRate - ControlRate[id=f99191db-8b01-4505-bcda-2730f877db8d] transferring FlowFile[220,97495997619276.mockFlowFile,13B] to 'success'
[pool-145-thread-1] INFO org.apache.nifi.processors.standard.ControlRate - ControlRate[id=f99191db-8b01-4505-bcda-2730f877db8d] transferring FlowFile[221,97495997636893.mockFlowFile,13B] to 'success'
[pool-145-thread-1] INFO org.apache.nifi.processors.standard.ControlRate - ControlRate[id=f99191db-8b01-4505-bcda-2730f877db8d] transferring FlowFile[222,97495997655775.mockFlowFile,13B] to 'success'
[pool-145-thread-1] INFO org.apache.nifi.processors.standard.ControlRate - ControlRate[id=f99191db-8b01-4505-bcda-2730f877db8d] transferring FlowFile[223,97495997684318.mockFlowFile,13B] to 'success'
[pool-145-thread-1] INFO org.apache.nifi.processors.standard.ControlRate - ControlRate[id=f99191db-8b01-4505-bcda-2730f877db8d] transferring FlowFile[224,97495997703989.mockFlowFile,13B] to 'success'
[pool-145-thread-1] INFO org.apache.nifi.processors.standard.ControlRate - ControlRate[id=f99191db-8b01-4505-bcda-2730f877db8d] transferring FlowFile[225,97495997755543.mockFlowFile,13B] to 'success'
[pool-145-thread-1] INFO org.apache.nifi.processors.standard.ControlRate - ControlRate[id=f99191db-8b01-4505-bcda-2730f877db8d] transferring FlowFile[226,97495997777480.mockFlowFile,13B] to 'success'
[pool-145-thread-1] INFO org.apache.nifi.processors.standard.ControlRate - ControlRate[id=f99191db-8b01-4505-bcda-2730f877db8d] transferring FlowFile[227,97495997797077.mockFlowFile,13B] to 'success'
[pool-145-thread-1] INFO org.apache.nifi.processors.standard.ControlRate - ControlRate[id=f99191db-8b01-4505-bcda-2730f877db8d] transferring FlowFile[228,97495997816269.mockFlowFile,13B] to 'success'
[pool-145-thread-1] INFO org.apache.nifi.processors.standard.ControlRate - ControlRate[id=f99191db-8b01-4505-bcda-2730f877db8d] transferring FlowFile[229,97495997834691.mockFlowFile,13B] to 'success'
[pool-145-thread-1] INFO org.apache.nifi.processors.standard.ControlRate - ControlRate[id=f99191db-8b01-4505-bcda-2730f877db8d] transferring FlowFile[230,97495997852338.mockFlowFile,13B] to 'success'
[pool-145-thread-1] INFO org.apache.nifi.processors.standard.ControlRate - ControlRate[id=f99191db-8b01-4505-bcda-2730f877db8d] transferring FlowFile[231,97495997913732.mockFlowFile,13B] to 'success'
[pool-145-thread-1] INFO org.apache.nifi.processors.standard.ControlRate - ControlRate[id=f99191db-8b01-4505-bcda-2730f877db8d] transferring FlowFile[232,97495997936970.mockFlowFile,13B] to 'success'
[pool-145-thread-1] INFO org.apache.nifi.processors.standard.ControlRate - ControlRate[id=f99191db-8b01-4505-bcda-2730f877db8d] transferring FlowFile[233,97495997956369.mockFlowFile,13B] to 'success'
[pool-145-thread-1] INFO org.apache.nifi.processors.standard.ControlRate - ControlRate[id=f99191db-8b01-4505-bcda-2730f877db8d] transferring FlowFile[234,97495997974264.mockFlowFile,13B] to 'success'
[pool-145-thread-1] INFO org.apache.nifi.processors.standard.ControlRate - ControlRate[id=f99191db-8b01-4505-bcda-2730f877db8d] transferring FlowFile[235,97495997992665.mockFlowFile,13B] to 'success'
[pool-145-thread-1] INFO org.apache.nifi.processors.standard.ControlRate - ControlRate[id=f99191db-8b01-4505-bcda-2730f877db8d] transferring FlowFile[236,97495998009267.mockFlowFile,13B] to 'success'
[pool-145-thread-1] INFO org.apache.nifi.processors.standard.ControlRate - ControlRate[id=f99191db-8b01-4505-bcda-2730f877db8d] transferring FlowFile[237,97495998026476.mockFlowFile,13B] to 'success'
[pool-145-thread-1] INFO org.apache.nifi.processors.standard.ControlRate - ControlRate[id=f99191db-8b01-4505-bcda-2730f877db8d] transferring FlowFile[238,97495998043785.mockFlowFile,13B] to 'success'
[pool-145-thread-1] INFO org.apache.nifi.processors.standard.ControlRate - ControlRate[id=f99191db-8b01-4505-bcda-2730f877db8d] transferring FlowFile[239,97495998065917.mockFlowFile,13B] to 'success'
[pool-145-thread-1] INFO org.apache.nifi.processors.standard.ControlRate - ControlRate[id=f99191db-8b01-4505-bcda-2730f877db8d] transferring FlowFile[240,97495998085098.mockFlowFile,13B] to 'success'
[pool-145-thread-1] INFO org.apache.nifi.processors.standard.ControlRate - ControlRate[id=f99191db-8b01-4505-bcda-2730f877db8d] transferring FlowFile[241,97495998111370.mockFlowFile,13B] to 'success'
[pool-145-thread-1] INFO org.apache.nifi.processors.standard.ControlRate - ControlRate[id=f99191db-8b01-4505-bcda-2730f877db8d] transferring FlowFile[242,97495998139850.mockFlowFile,13B] to 'success'
[pool-145-thread-1] INFO org.apache.nifi.processors.standard.ControlRate - ControlRate[id=f99191db-8b01-4505-bcda-2730f877db8d] transferring FlowFile[243,97495998159134.mockFlowFile,13B] to 'success'
[pool-145-thread-1] INFO org.apache.nifi.processors.standard.ControlRate - ControlRate[id=f99191db-8b01-4505-bcda-2730f877db8d] transferring FlowFile[244,97495998176752.mockFlowFile,13B] to 'success'
[pool-145-thread-1] INFO org.apache.nifi.processors.standard.ControlRate - ControlRate[id=f99191db-8b01-4505-bcda-2730f877db8d] transferring FlowFile[245,97495998195109.mockFlowFile,13B] to 'success'
[pool-145-thread-1] INFO org.apache.nifi.processors.standard.ControlRate - ControlRate[id=f99191db-8b01-4505-bcda-2730f877db8d] transferring FlowFile[246,97495998211949.mockFlowFile,13B] to 'success'
[pool-145-thread-1] INFO org.apache.nifi.processors.standard.ControlRate - ControlRate[id=f99191db-8b01-4505-bcda-2730f877db8d] transferring FlowFile[247,97495998236147.mockFlowFile,13B] to 'success'
[pool-145-thread-1] INFO org.apache.nifi.processors.standard.ControlRate - ControlRate[id=f99191db-8b01-4505-bcda-2730f877db8d] transferring FlowFile[248,97495998255377.mockFlowFile,13B] to 'success'
[pool-145-thread-1] INFO org.apache.nifi.processors.standard.ControlRate - ControlRate[id=f99191db-8b01-4505-bcda-2730f877db8d] transferring FlowFile[249,97495998272570.mockFlowFile,13B] to 'success'
[pool-145-thread-1] INFO org.apache.nifi.processors.standard.ControlRate - ControlRate[id=f99191db-8b01-4505-bcda-2730f877db8d] transferring FlowFile[250,97495998290186.mockFlowFile,13B] to 'success'
[pool-145-thread-1] INFO org.apache.nifi.processors.standard.ControlRate - ControlRate[id=f99191db-8b01-4505-bcda-2730f877db8d] transferring FlowFile[251,97495998307603.mockFlowFile,13B] to 'success'
[pool-145-thread-1] INFO org.apache.nifi.processors.standard.ControlRate - ControlRate[id=f99191db-8b01-4505-bcda-2730f877db8d] transferring FlowFile[252,97495998327842.mockFlowFile,13B] to 'success'
[pool-145-thread-1] INFO org.apache.nifi.processors.standard.ControlRate - ControlRate[id=f99191db-8b01-4505-bcda-2730f877db8d] transferring FlowFile[253,97495998345594.mockFlowFile,13B] to 'success'
[pool-145-thread-1] INFO org.apache.nifi.processors.standard.ControlRate - ControlRate[id=f99191db-8b01-4505-bcda-2730f877db8d] transferring FlowFile[254,97495998362542.mockFlowFile,13B] to 'success'
[pool-145-thread-1] INFO org.apache.nifi.processors.standard.ControlRate - ControlRate[id=f99191db-8b01-4505-bcda-2730f877db8d] transferring FlowFile[255,97495998387781.mockFlowFile,13B] to 'success'
[pool-145-thread-1] INFO org.apache.nifi.processors.standard.ControlRate - ControlRate[id=f99191db-8b01-4505-bcda-2730f877db8d] transferring FlowFile[256,97495998416344.mockFlowFile,13B] to 'success'
[pool-145-thread-1] INFO org.apache.nifi.processors.standard.ControlRate - ControlRate[id=f99191db-8b01-4505-bcda-2730f877db8d] transferring FlowFile[257,97495998440594.mockFlowFile,13B] to 'success'
[pool-145-thread-1] INFO org.apache.nifi.processors.standard.ControlRate - ControlRate[id=f99191db-8b01-4505-bcda-2730f877db8d] transferring FlowFile[258,97495998469470.mockFlowFile,13B] to 'success'
[pool-145-thread-1] INFO org.apache.nifi.processors.standard.ControlRate - ControlRate[id=f99191db-8b01-4505-bcda-2730f877db8d] transferring FlowFile[259,97495998487703.mockFlowFile,13B] to 'success'
[pool-145-thread-1] INFO org.apache.nifi.processors.standard.ControlRate - ControlRate[id=f99191db-8b01-4505-bcda-2730f877db8d] transferring FlowFile[260,97495998506545.mockFlowFile,13B] to 'success'
[pool-145-thread-1] INFO org.apache.nifi.processors.standard.ControlRate - ControlRate[id=f99191db-8b01-4505-bcda-2730f877db8d] transferring FlowFile[261,97495998524135.mockFlowFile,13B] to 'success'
[pool-145-thread-1] INFO org.apache.nifi.processors.standard.ControlRate - ControlRate[id=f99191db-8b01-4505-bcda-2730f877db8d] transferring FlowFile[262,97495998543583.mockFlowFile,13B] to 'success'
[pool-145-thread-1] INFO org.apache.nifi.processors.standard.ControlRate - ControlRate[id=f99191db-8b01-4505-bcda-2730f877db8d] transferring FlowFile[263,97495998567942.mockFlowFile,13B] to 'success'
[pool-145-thread-1] INFO org.apache.nifi.processors.standard.ControlRate - ControlRate[id=f99191db-8b01-4505-bcda-2730f877db8d] transferring FlowFile[264,97495998593147.mockFlowFile,13B] to 'success'
[pool-145-thread-1] INFO org.apache.nifi.processors.standard.ControlRate - ControlRate[id=f99191db-8b01-4505-bcda-2730f877db8d] transferring FlowFile[265,97495998613491.mockFlowFile,13B] to 'success'
[pool-145-thread-1] INFO org.apache.nifi.processors.standard.ControlRate - ControlRate[id=f99191db-8b01-4505-bcda-2730f877db8d] transferring FlowFile[266,97495998644294.mockFlowFile,13B] to 'success'
[pool-145-thread-1] INFO org.apache.nifi.processors.standard.ControlRate - ControlRate[id=f99191db-8b01-4505-bcda-2730f877db8d] transferring FlowFile[267,97495998662402.mockFlowFile,13B] to 'success'
[pool-145-thread-1] INFO org.apache.nifi.processors.standard.ControlRate - ControlRate[id=f99191db-8b01-4505-bcda-2730f877db8d] transferring FlowFile[268,97495998680133.mockFlowFile,13B] to 'success'
[pool-145-thread-1] INFO org.apache.nifi.processors.standard.ControlRate - ControlRate[id=f99191db-8b01-4505-bcda-2730f877db8d] transferring FlowFile[269,97495998696979.mockFlowFile,13B] to 'success'
[pool-145-thread-1] INFO org.apache.nifi.processors.standard.ControlRate - ControlRate[id=f99191db-8b01-4505-bcda-2730f877db8d] transferring FlowFile[270,97495998715063.mockFlowFile,13B] to 'success'
[pool-145-thread-1] INFO org.apache.nifi.processors.standard.ControlRate - ControlRate[id=f99191db-8b01-4505-bcda-2730f877db8d] transferring FlowFile[271,97495998737483.mockFlowFile,13B] to 'success'
[pool-145-thread-1] INFO org.apache.nifi.processors.standard.ControlRate - ControlRate[id=f99191db-8b01-4505-bcda-2730f877db8d] transferring FlowFile[272,97495998756488.mockFlowFile,13B] to 'success'
[pool-145-thread-1] INFO org.apache.nifi.processors.standard.ControlRate - ControlRate[id=f99191db-8b01-4505-bcda-2730f877db8d] transferring FlowFile[273,97495998774291.mockFlowFile,13B] to 'success'
[pool-145-thread-1] INFO org.apache.nifi.processors.standard.ControlRate - ControlRate[id=f99191db-8b01-4505-bcda-2730f877db8d] transferring FlowFile[274,97495998790867.mockFlowFile,13B] to 'success'
[pool-145-thread-1] INFO org.apache.nifi.processors.standard.ControlRate - ControlRate[id=f99191db-8b01-4505-bcda-2730f877db8d] transferring FlowFile[275,97495998808672.mockFlowFile,13B] to 'success'
[pool-145-thread-1] INFO org.apache.nifi.processors.standard.ControlRate - ControlRate[id=f99191db-8b01-4505-bcda-2730f877db8d] transferring FlowFile[276,97495998824700.mockFlowFile,13B] to 'success'
[pool-145-thread-1] INFO org.apache.nifi.processors.standard.ControlRate - ControlRate[id=f99191db-8b01-4505-bcda-2730f877db8d] transferring FlowFile[277,97495998842220.mockFlowFile,13B] to 'success'
[pool-145-thread-1] INFO org.apache.nifi.processors.standard.ControlRate - ControlRate[id=f99191db-8b01-4505-bcda-2730f877db8d] transferring FlowFile[278,97495998861896.mockFlowFile,13B] to 'success'
[pool-145-thread-1] INFO org.apache.nifi.processors.standard.ControlRate - ControlRate[id=f99191db-8b01-4505-bcda-2730f877db8d] transferring FlowFile[279,97495998882889.mockFlowFile,13B] to 'success'
[pool-145-thread-1] INFO org.apache.nifi.processors.standard.ControlRate - ControlRate[id=f99191db-8b01-4505-bcda-2730f877db8d] transferring FlowFile[280,97495998900838.mockFlowFile,13B] to 'success'
[pool-145-thread-1] INFO org.apache.nifi.processors.standard.ControlRate - ControlRate[id=f99191db-8b01-4505-bcda-2730f877db8d] transferring FlowFile[281,97495998917005.mockFlowFile,13B] to 'success'
[pool-145-thread-1] INFO org.apache.nifi.processors.standard.ControlRate - ControlRate[id=f99191db-8b01-4505-bcda-2730f877db8d] transferring FlowFile[282,97495998933721.mockFlowFile,13B] to 'success'
[pool-145-thread-1] INFO org.apache.nifi.processors.standard.ControlRate - ControlRate[id=f99191db-8b01-4505-bcda-2730f877db8d] transferring FlowFile[283,97495998950158.mockFlowFile,13B] to 'success'
[pool-145-thread-1] INFO org.apache.nifi.processors.standard.ControlRate - ControlRate[id=f99191db-8b01-4505-bcda-2730f877db8d] transferring FlowFile[284,97495998965459.mockFlowFile,13B] to 'success'
[pool-145-thread-1] INFO org.apache.nifi.processors.standard.ControlRate - ControlRate[id=f99191db-8b01-4505-bcda-2730f877db8d] transferring FlowFile[285,97495998981443.mockFlowFile,13B] to 'success'
[pool-145-thread-1] INFO org.apache.nifi.processors.standard.ControlRate - ControlRate[id=f99191db-8b01-4505-bcda-2730f877db8d] transferring FlowFile[286,97495998996260.mockFlowFile,13B] to 'success'
[pool-145-thread-1] INFO org.apache.nifi.processors.standard.ControlRate - ControlRate[id=f99191db-8b01-4505-bcda-2730f877db8d] transferring FlowFile[287,97495999017092.mockFlowFile,13B] to 'success'
[pool-145-thread-1] INFO org.apache.nifi.processors.standard.ControlRate - ControlRate[id=f99191db-8b01-4505-bcda-2730f877db8d] transferring FlowFile[288,97495999034399.mockFlowFile,13B] to 'success'
[pool-145-thread-1] INFO org.apache.nifi.processors.standard.ControlRate - ControlRate[id=f99191db-8b01-4505-bcda-2730f877db8d] transferring FlowFile[289,97495999049829.mockFlowFile,13B] to 'success'
[pool-145-thread-1] INFO org.apache.nifi.processors.standard.ControlRate - ControlRate[id=f99191db-8b01-4505-bcda-2730f877db8d] transferring FlowFile[290,97495999066040.mockFlowFile,13B] to 'success'
[pool-145-thread-1] INFO org.apache.nifi.processors.standard.ControlRate - ControlRate[id=f99191db-8b01-4505-bcda-2730f877db8d] transferring FlowFile[291,97495999093641.mockFlowFile,13B] to 'success'
[pool-145-thread-1] INFO org.apache.nifi.processors.standard.ControlRate - ControlRate[id=f99191db-8b01-4505-bcda-2730f877db8d] transferring FlowFile[292,97495999130709.mockFlowFile,13B] to 'success'
[pool-145-thread-1] INFO org.apache.nifi.processors.standard.ControlRate - ControlRate[id=f99191db-8b01-4505-bcda-2730f877db8d] transferring FlowFile[293,97495999148662.mockFlowFile,13B] to 'success'
[pool-145-thread-1] INFO org.apache.nifi.processors.standard.ControlRate - ControlRate[id=f99191db-8b01-4505-bcda-2730f877db8d] transferring FlowFile[294,97495999178141.mockFlowFile,13B] to 'success'
[pool-145-thread-1] INFO org.apache.nifi.processors.standard.ControlRate - ControlRate[id=f99191db-8b01-4505-bcda-2730f877db8d] transferring FlowFile[295,97495999200234.mockFlowFile,13B] to 'success'
[pool-145-thread-1] INFO org.apache.nifi.processors.standard.ControlRate - ControlRate[id=f99191db-8b01-4505-bcda-2730f877db8d] transferring FlowFile[296,97495999216552.mockFlowFile,13B] to 'success'
[pool-145-thread-1] INFO org.apache.nifi.processors.standard.ControlRate - ControlRate[id=f99191db-8b01-4505-bcda-2730f877db8d] transferring FlowFile[297,97495999233037.mockFlowFile,13B] to 'success'
[pool-145-thread-1] INFO org.apache.nifi.processors.standard.ControlRate - ControlRate[id=f99191db-8b01-4505-bcda-2730f877db8d] transferring FlowFile[298,97495999252078.mockFlowFile,13B] to 'success'
[pool-145-thread-1] INFO org.apache.nifi.processors.standard.ControlRate - ControlRate[id=f99191db-8b01-4505-bcda-2730f877db8d] transferring FlowFile[299,97495999267627.mockFlowFile,13B] to 'success'
[pool-145-thread-1] INFO org.apache.nifi.processors.standard.ControlRate - ControlRate[id=f99191db-8b01-4505-bcda-2730f877db8d] transferring FlowFile[300,97495999346721.mockFlowFile,13B] to 'success'
[pool-145-thread-1] INFO org.apache.nifi.processors.standard.ControlRate - ControlRate[id=f99191db-8b01-4505-bcda-2730f877db8d] transferring FlowFile[301,97495999366335.mockFlowFile,13B] to 'success'
[pool-145-thread-1] INFO org.apache.nifi.processors.standard.ControlRate - ControlRate[id=f99191db-8b01-4505-bcda-2730f877db8d] transferring FlowFile[302,97495999383845.mockFlowFile,13B] to 'success'
[pool-145-thread-1] INFO org.apache.nifi.processors.standard.ControlRate - ControlRate[id=f99191db-8b01-4505-bcda-2730f877db8d] transferring FlowFile[303,97495999407520.mockFlowFile,13B] to 'success'
[pool-145-thread-1] INFO org.apache.nifi.processors.standard.ControlRate - ControlRate[id=f99191db-8b01-4505-bcda-2730f877db8d] transferring FlowFile[304,97495999423182.mockFlowFile,13B] to 'success'
[pool-145-thread-1] INFO org.apache.nifi.processors.standard.ControlRate - ControlRate[id=f99191db-8b01-4505-bcda-2730f877db8d] transferring FlowFile[305,97495999484551.mockFlowFile,13B] to 'success'
[pool-145-thread-1] INFO org.apache.nifi.processors.standard.ControlRate - ControlRate[id=f99191db-8b01-4505-bcda-2730f877db8d] transferring FlowFile[306,97495999575786.mockFlowFile,13B] to 'success'
[pool-145-thread-1] INFO org.apache.nifi.processors.standard.ControlRate - ControlRate[id=f99191db-8b01-4505-bcda-2730f877db8d] transferring FlowFile[307,97495999615112.mockFlowFile,13B] to 'success'
[pool-145-thread-1] INFO org.apache.nifi.processors.standard.ControlRate - ControlRate[id=f99191db-8b01-4505-bcda-2730f877db8d] transferring FlowFile[308,97495999633813.mockFlowFile,13B] to 'success'
[pool-145-thread-1] INFO org.apache.nifi.processors.standard.ControlRate - ControlRate[id=f99191db-8b01-4505-bcda-2730f877db8d] transferring FlowFile[309,97495999663333.mockFlowFile,13B] to 'success'
[pool-145-thread-1] INFO org.apache.nifi.processors.standard.ControlRate - ControlRate[id=f99191db-8b01-4505-bcda-2730f877db8d] transferring FlowFile[310,97495999680546.mockFlowFile,13B] to 'success'
[pool-145-thread-1] INFO org.apache.nifi.processors.standard.ControlRate - ControlRate[id=f99191db-8b01-4505-bcda-2730f877db8d] transferring FlowFile[311,97495999701957.mockFlowFile,13B] to 'success'
[pool-145-thread-1] INFO org.apache.nifi.processors.standard.ControlRate - ControlRate[id=f99191db-8b01-4505-bcda-2730f877db8d] transferring FlowFile[312,97495999719905.mockFlowFile,13B] to 'success'
[pool-145-thread-1] INFO org.apache.nifi.processors.standard.ControlRate - ControlRate[id=f99191db-8b01-4505-bcda-2730f877db8d] transferring FlowFile[313,97495999737042.mockFlowFile,13B] to 'success'
[pool-145-thread-1] INFO org.apache.nifi.processors.standard.ControlRate - ControlRate[id=f99191db-8b01-4505-bcda-2730f877db8d] transferring FlowFile[314,97495999753042.mockFlowFile,13B] to 'success'
[pool-145-thread-1] INFO org.apache.nifi.processors.standard.ControlRate - ControlRate[id=f99191db-8b01-4505-bcda-2730f877db8d] transferring FlowFile[315,97495999769876.mockFlowFile,13B] to 'success'
[pool-145-thread-1] INFO org.apache.nifi.processors.standard.ControlRate - ControlRate[id=f99191db-8b01-4505-bcda-2730f877db8d] transferring FlowFile[316,97495999785362.mockFlowFile,13B] to 'success'
[pool-145-thread-1] INFO org.apache.nifi.processors.standard.ControlRate - ControlRate[id=f99191db-8b01-4505-bcda-2730f877db8d] transferring FlowFile[317,97495999802783.mockFlowFile,13B] to 'success'
[pool-145-thread-1] INFO org.apache.nifi.processors.standard.ControlRate - ControlRate[id=f99191db-8b01-4505-bcda-2730f877db8d] transferring FlowFile[318,97495999819367.mockFlowFile,13B] to 'success'
[pool-145-thread-1] INFO org.apache.nifi.processors.standard.ControlRate - ControlRate[id=f99191db-8b01-4505-bcda-2730f877db8d] transferring FlowFile[319,97495999840109.mockFlowFile,13B] to 'success'
[pool-145-thread-1] INFO org.apache.nifi.processors.standard.ControlRate - ControlRate[id=f99191db-8b01-4505-bcda-2730f877db8d] transferring FlowFile[320,97495999884787.mockFlowFile,13B] to 'success'
[pool-145-thread-1] INFO org.apache.nifi.processors.standard.ControlRate - ControlRate[id=f99191db-8b01-4505-bcda-2730f877db8d] transferring FlowFile[321,97495999901555.mockFlowFile,13B] to 'success'
[pool-145-thread-1] INFO org.apache.nifi.processors.standard.ControlRate - ControlRate[id=f99191db-8b01-4505-bcda-2730f877db8d] transferring FlowFile[322,97495999921994.mockFlowFile,13B] to 'success'
[pool-145-thread-1] INFO org.apache.nifi.processors.standard.ControlRate - ControlRate[id=f99191db-8b01-4505-bcda-2730f877db8d] transferring FlowFile[323,97495999943025.mockFlowFile,13B] to 'success'
[pool-145-thread-1] INFO org.apache.nifi.processors.standard.ControlRate - ControlRate[id=f99191db-8b01-4505-bcda-2730f877db8d] transferring FlowFile[324,97495999959539.mockFlowFile,13B] to 'success'
[pool-145-thread-1] INFO org.apache.nifi.processors.standard.ControlRate - ControlRate[id=f99191db-8b01-4505-bcda-2730f877db8d] transferring FlowFile[325,97495999976009.mockFlowFile,13B] to 'success'
[pool-145-thread-1] INFO org.apache.nifi.processors.standard.ControlRate - ControlRate[id=f99191db-8b01-4505-bcda-2730f877db8d] transferring FlowFile[326,97495999991251.mockFlowFile,13B] to 'success'
[pool-145-thread-1] INFO org.apache.nifi.processors.standard.ControlRate - ControlRate[id=f99191db-8b01-4505-bcda-2730f877db8d] transferring FlowFile[327,97496000024418.mockFlowFile,13B] to 'success'
[pool-145-thread-1] INFO org.apache.nifi.processors.standard.ControlRate - ControlRate[id=f99191db-8b01-4505-bcda-2730f877db8d] transferring FlowFile[328,97496000055420.mockFlowFile,13B] to 'success'
[pool-145-thread-1] INFO org.apache.nifi.processors.standard.ControlRate - ControlRate[id=f99191db-8b01-4505-bcda-2730f877db8d] transferring FlowFile[329,97496000070655.mockFlowFile,13B] to 'success'
[pool-145-thread-1] INFO org.apache.nifi.processors.standard.ControlRate - ControlRate[id=f99191db-8b01-4505-bcda-2730f877db8d] transferring FlowFile[330,97496000086951.mockFlowFile,13B] to 'success'
[pool-145-thread-1] INFO org.apache.nifi.processors.standard.ControlRate - ControlRate[id=f99191db-8b01-4505-bcda-2730f877db8d] transferring FlowFile[331,97496000101418.mockFlowFile,13B] to 'success'
[pool-145-thread-1] INFO org.apache.nifi.processors.standard.ControlRate - ControlRate[id=f99191db-8b01-4505-bcda-2730f877db8d] transferring FlowFile[332,97496000116665.mockFlowFile,13B] to 'success'
[pool-145-thread-1] INFO org.apache.nifi.processors.standard.ControlRate - ControlRate[id=f99191db-8b01-4505-bcda-2730f877db8d] transferring FlowFile[333,97496000131662.mockFlowFile,13B] to 'success'
[pool-145-thread-1] INFO org.apache.nifi.processors.standard.ControlRate - ControlRate[id=f99191db-8b01-4505-bcda-2730f877db8d] transferring FlowFile[334,97496000146783.mockFlowFile,13B] to 'success'
[pool-145-thread-1] INFO org.apache.nifi.processors.standard.ControlRate - ControlRate[id=f99191db-8b01-4505-bcda-2730f877db8d] transferring FlowFile[335,97496000168774.mockFlowFile,13B] to 'success'
[pool-145-thread-1] INFO org.apache.nifi.processors.standard.ControlRate - ControlRate[id=f99191db-8b01-4505-bcda-2730f877db8d] transferring FlowFile[336,97496000184298.mockFlowFile,13B] to 'success'
[pool-145-thread-1] INFO org.apache.nifi.processors.standard.ControlRate - ControlRate[id=f99191db-8b01-4505-bcda-2730f877db8d] transferring FlowFile[337,97496000200102.mockFlowFile,13B] to 'success'
[pool-145-thread-1] INFO org.apache.nifi.processors.standard.ControlRate - ControlRate[id=f99191db-8b01-4505-bcda-2730f877db8d] transferring FlowFile[338,97496000216143.mockFlowFile,13B] to 'success'
[pool-145-thread-1] INFO org.apache.nifi.processors.standard.ControlRate - ControlRate[id=f99191db-8b01-4505-bcda-2730f877db8d] transferring FlowFile[339,97496000230923.mockFlowFile,13B] to 'success'
[pool-145-thread-1] INFO org.apache.nifi.processors.standard.ControlRate - ControlRate[id=f99191db-8b01-4505-bcda-2730f877db8d] transferring FlowFile[340,97496000246749.mockFlowFile,13B] to 'success'
[pool-145-thread-1] INFO org.apache.nifi.processors.standard.ControlRate - ControlRate[id=f99191db-8b01-4505-bcda-2730f877db8d] transferring FlowFile[341,97496000262497.mockFlowFile,13B] to 'success'
[pool-145-thread-1] INFO org.apache.nifi.processors.standard.ControlRate - ControlRate[id=f99191db-8b01-4505-bcda-2730f877db8d] transferring FlowFile[342,97496000280275.mockFlowFile,13B] to 'success'
[pool-145-thread-1] INFO org.apache.nifi.processors.standard.ControlRate - ControlRate[id=f99191db-8b01-4505-bcda-2730f877db8d] transferring FlowFile[343,97496000300901.mockFlowFile,13B] to 'success'
[pool-145-thread-1] INFO org.apache.nifi.processors.standard.ControlRate - ControlRate[id=f99191db-8b01-4505-bcda-2730f877db8d] transferring FlowFile[344,97496000315824.mockFlowFile,13B] to 'success'
[pool-145-thread-1] INFO org.apache.nifi.processors.standard.ControlRate - ControlRate[id=f99191db-8b01-4505-bcda-2730f877db8d] transferring FlowFile[345,97496000334482.mockFlowFile,13B] to 'success'
[pool-145-thread-1] INFO org.apache.nifi.processors.standard.ControlRate - ControlRate[id=f99191db-8b01-4505-bcda-2730f877db8d] transferring FlowFile[346,97496000354157.mockFlowFile,13B] to 'success'
[pool-145-thread-1] INFO org.apache.nifi.processors.standard.ControlRate - ControlRate[id=f99191db-8b01-4505-bcda-2730f877db8d] transferring FlowFile[347,97496000371598.mockFlowFile,13B] to 'success'
[pool-145-thread-1] INFO org.apache.nifi.processors.standard.ControlRate - ControlRate[id=f99191db-8b01-4505-bcda-2730f877db8d] transferring FlowFile[348,97496000387107.mockFlowFile,13B] to 'success'
[pool-145-thread-1] INFO org.apache.nifi.processors.standard.ControlRate - ControlRate[id=f99191db-8b01-4505-bcda-2730f877db8d] transferring FlowFile[349,97496000402040.mockFlowFile,13B] to 'success'
[pool-145-thread-1] INFO org.apache.nifi.processors.standard.ControlRate - ControlRate[id=f99191db-8b01-4505-bcda-2730f877db8d] transferring FlowFile[350,97496000417044.mockFlowFile,13B] to 'success'
[pool-145-thread-1] INFO org.apache.nifi.processors.standard.ControlRate - ControlRate[id=f99191db-8b01-4505-bcda-2730f877db8d] transferring FlowFile[351,97496000479614.mockFlowFile,13B] to 'success'
[pool-145-thread-1] INFO org.apache.nifi.processors.standard.ControlRate - ControlRate[id=f99191db-8b01-4505-bcda-2730f877db8d] transferring FlowFile[352,97496000512203.mockFlowFile,13B] to 'success'
[pool-145-thread-1] INFO org.apache.nifi.processors.standard.ControlRate - ControlRate[id=f99191db-8b01-4505-bcda-2730f877db8d] transferring FlowFile[353,97496000545124.mockFlowFile,13B] to 'success'
[pool-145-thread-1] INFO org.apache.nifi.processors.standard.ControlRate - ControlRate[id=f99191db-8b01-4505-bcda-2730f877db8d] transferring FlowFile[354,97496000565188.mockFlowFile,13B] to 'success'
[pool-145-thread-1] INFO org.apache.nifi.processors.standard.ControlRate - ControlRate[id=f99191db-8b01-4505-bcda-2730f877db8d] transferring FlowFile[355,97496000582053.mockFlowFile,13B] to 'success'
[pool-145-thread-1] INFO org.apache.nifi.processors.standard.ControlRate - ControlRate[id=f99191db-8b01-4505-bcda-2730f877db8d] transferring FlowFile[356,97496000596648.mockFlowFile,13B] to 'success'
[pool-145-thread-1] INFO org.apache.nifi.processors.standard.ControlRate - ControlRate[id=f99191db-8b01-4505-bcda-2730f877db8d] transferring FlowFile[357,97496000622625.mockFlowFile,13B] to 'success'
[pool-145-thread-1] INFO org.apache.nifi.processors.standard.ControlRate - ControlRate[id=f99191db-8b01-4505-bcda-2730f877db8d] transferring FlowFile[358,97496000640809.mockFlowFile,13B] to 'success'
[pool-145-thread-1] INFO org.apache.nifi.processors.standard.ControlRate - ControlRate[id=f99191db-8b01-4505-bcda-2730f877db8d] transferring FlowFile[359,97496000662825.mockFlowFile,13B] to 'success'
[pool-145-thread-1] INFO org.apache.nifi.processors.standard.ControlRate - ControlRate[id=f99191db-8b01-4505-bcda-2730f877db8d] transferring FlowFile[360,97496000687317.mockFlowFile,13B] to 'success'
[pool-145-thread-1] INFO org.apache.nifi.processors.standard.ControlRate - ControlRate[id=f99191db-8b01-4505-bcda-2730f877db8d] transferring FlowFile[361,97496000710481.mockFlowFile,13B] to 'success'
[pool-145-thread-1] INFO org.apache.nifi.processors.standard.ControlRate - ControlRate[id=f99191db-8b01-4505-bcda-2730f877db8d] transferring FlowFile[362,97496000728563.mockFlowFile,13B] to 'success'
[pool-145-thread-1] INFO org.apache.nifi.processors.standard.ControlRate - ControlRate[id=f99191db-8b01-4505-bcda-2730f877db8d] transferring FlowFile[363,97496000744864.mockFlowFile,13B] to 'success'
[pool-145-thread-1] INFO org.apache.nifi.processors.standard.ControlRate - ControlRate[id=f99191db-8b01-4505-bcda-2730f877db8d] transferring FlowFile[364,97496000760591.mockFlowFile,13B] to 'success'
[pool-145-thread-1] INFO org.apache.nifi.processors.standard.ControlRate - ControlRate[id=f99191db-8b01-4505-bcda-2730f877db8d] transferring FlowFile[365,97496000777542.mockFlowFile,13B] to 'success'
[pool-145-thread-1] INFO org.apache.nifi.processors.standard.ControlRate - ControlRate[id=f99191db-8b01-4505-bcda-2730f877db8d] transferring FlowFile[366,97496000792500.mockFlowFile,13B] to 'success'
[pool-145-thread-1] INFO org.apache.nifi.processors.standard.ControlRate - ControlRate[id=f99191db-8b01-4505-bcda-2730f877db8d] transferring FlowFile[367,97496000814854.mockFlowFile,13B] to 'success'
[pool-145-thread-1] INFO org.apache.nifi.processors.standard.ControlRate - ControlRate[id=f99191db-8b01-4505-bcda-2730f877db8d] transferring FlowFile[368,97496000832459.mockFlowFile,13B] to 'success'
[pool-145-thread-1] INFO org.apache.nifi.processors.standard.ControlRate - ControlRate[id=f99191db-8b01-4505-bcda-2730f877db8d] transferring FlowFile[369,97496000847381.mockFlowFile,13B] to 'success'
[pool-145-thread-1] INFO org.apache.nifi.processors.standard.ControlRate - ControlRate[id=f99191db-8b01-4505-bcda-2730f877db8d] transferring FlowFile[370,97496000863798.mockFlowFile,13B] to 'success'
[pool-145-thread-1] INFO org.apache.nifi.processors.standard.ControlRate - ControlRate[id=f99191db-8b01-4505-bcda-2730f877db8d] transferring FlowFile[371,97496000887016.mockFlowFile,13B] to 'success'
[pool-145-thread-1] INFO org.apache.nifi.processors.standard.ControlRate - ControlRate[id=f99191db-8b01-4505-bcda-2730f877db8d] transferring FlowFile[372,97496000904688.mockFlowFile,13B] to 'success'
[pool-145-thread-1] INFO org.apache.nifi.processors.standard.ControlRate - ControlRate[id=f99191db-8b01-4505-bcda-2730f877db8d] transferring FlowFile[373,97496000921385.mockFlowFile,13B] to 'success'
[pool-145-thread-1] INFO org.apache.nifi.processors.standard.ControlRate - ControlRate[id=f99191db-8b01-4505-bcda-2730f877db8d] transferring FlowFile[374,97496000935886.mockFlowFile,13B] to 'success'
[pool-145-thread-1] INFO org.apache.nifi.processors.standard.ControlRate - ControlRate[id=f99191db-8b01-4505-bcda-2730f877db8d] transferring FlowFile[375,97496000958144.mockFlowFile,13B] to 'success'
[pool-145-thread-1] INFO org.apache.nifi.processors.standard.ControlRate - ControlRate[id=f99191db-8b01-4505-bcda-2730f877db8d] transferring FlowFile[376,97496000974351.mockFlowFile,13B] to 'success'
[pool-145-thread-1] INFO org.apache.nifi.processors.standard.ControlRate - ControlRate[id=f99191db-8b01-4505-bcda-2730f877db8d] transferring FlowFile[377,97496000990344.mockFlowFile,13B] to 'success'
[pool-145-thread-1] INFO org.apache.nifi.processors.standard.ControlRate - ControlRate[id=f99191db-8b01-4505-bcda-2730f877db8d] transferring FlowFile[378,97496001006376.mockFlowFile,13B] to 'success'
[pool-145-thread-1] INFO org.apache.nifi.processors.standard.ControlRate - ControlRate[id=f99191db-8b01-4505-bcda-2730f877db8d] transferring FlowFile[379,97496001020839.mockFlowFile,13B] to 'success'
[pool-145-thread-1] INFO org.apache.nifi.processors.standard.ControlRate - ControlRate[id=f99191db-8b01-4505-bcda-2730f877db8d] transferring FlowFile[380,97496001037079.mockFlowFile,13B] to 'success'
[pool-145-thread-1] INFO org.apache.nifi.processors.standard.ControlRate - ControlRate[id=f99191db-8b01-4505-bcda-2730f877db8d] transferring FlowFile[381,97496001052292.mockFlowFile,13B] to 'success'
[pool-145-thread-1] INFO org.apache.nifi.processors.standard.ControlRate - ControlRate[id=f99191db-8b01-4505-bcda-2730f877db8d] transferring FlowFile[382,97496001068668.mockFlowFile,13B] to 'success'
[pool-145-thread-1] INFO org.apache.nifi.processors.standard.ControlRate - ControlRate[id=f99191db-8b01-4505-bcda-2730f877db8d] transferring FlowFile[383,97496001091401.mockFlowFile,13B] to 'success'
[pool-145-thread-1] INFO org.apache.nifi.processors.standard.ControlRate - ControlRate[id=f99191db-8b01-4505-bcda-2730f877db8d] transferring FlowFile[384,97496001108606.mockFlowFile,13B] to 'success'
[pool-145-thread-1] INFO org.apache.nifi.processors.standard.ControlRate - ControlRate[id=f99191db-8b01-4505-bcda-2730f877db8d] transferring FlowFile[385,97496001125648.mockFlowFile,13B] to 'success'
[pool-145-thread-1] INFO org.apache.nifi.processors.standard.ControlRate - ControlRate[id=f99191db-8b01-4505-bcda-2730f877db8d] transferring FlowFile[386,97496001147550.mockFlowFile,13B] to 'success'
[pool-145-thread-1] INFO org.apache.nifi.processors.standard.ControlRate - ControlRate[id=f99191db-8b01-4505-bcda-2730f877db8d] transferring FlowFile[387,97496001165771.mockFlowFile,13B] to 'success'
[pool-145-thread-1] INFO org.apache.nifi.processors.standard.ControlRate - ControlRate[id=f99191db-8b01-4505-bcda-2730f877db8d] transferring FlowFile[388,97496001181813.mockFlowFile,13B] to 'success'
[pool-145-thread-1] INFO org.apache.nifi.processors.standard.ControlRate - ControlRate[id=f99191db-8b01-4505-bcda-2730f877db8d] transferring FlowFile[389,97496001198301.mockFlowFile,13B] to 'success'
[pool-145-thread-1] INFO org.apache.nifi.processors.standard.ControlRate - ControlRate[id=f99191db-8b01-4505-bcda-2730f877db8d] transferring FlowFile[390,97496001214024.mockFlowFile,13B] to 'success'
[pool-145-thread-1] INFO org.apache.nifi.processors.standard.ControlRate - ControlRate[id=f99191db-8b01-4505-bcda-2730f877db8d] transferring FlowFile[391,97496001234460.mockFlowFile,13B] to 'success'
[pool-145-thread-1] INFO org.apache.nifi.processors.standard.ControlRate - ControlRate[id=f99191db-8b01-4505-bcda-2730f877db8d] transferring FlowFile[392,97496001253986.mockFlowFile,13B] to 'success'
[pool-145-thread-1] INFO org.apache.nifi.processors.standard.ControlRate - ControlRate[id=f99191db-8b01-4505-bcda-2730f877db8d] transferring FlowFile[393,97496001269992.mockFlowFile,13B] to 'success'
[pool-145-thread-1] INFO org.apache.nifi.processors.standard.ControlRate - ControlRate[id=f99191db-8b01-4505-bcda-2730f877db8d] transferring FlowFile[394,97496001284965.mockFlowFile,13B] to 'success'
[pool-145-thread-1] INFO org.apache.nifi.processors.standard.ControlRate - ControlRate[id=f99191db-8b01-4505-bcda-2730f877db8d] transferring FlowFile[395,97496001300293.mockFlowFile,13B] to 'success'
[pool-145-thread-1] INFO org.apache.nifi.processors.standard.ControlRate - ControlRate[id=f99191db-8b01-4505-bcda-2730f877db8d] transferring FlowFile[396,97496001314584.mockFlowFile,13B] to 'success'
[pool-145-thread-1] INFO org.apache.nifi.processors.standard.ControlRate - ControlRate[id=f99191db-8b01-4505-bcda-2730f877db8d] transferring FlowFile[397,97496001329790.mockFlowFile,13B] to 'success'
[pool-145-thread-1] INFO org.apache.nifi.processors.standard.ControlRate - ControlRate[id=f99191db-8b01-4505-bcda-2730f877db8d] transferring FlowFile[398,97496001344490.mockFlowFile,13B] to 'success'
[pool-145-thread-1] INFO org.apache.nifi.processors.standard.ControlRate - ControlRate[id=f99191db-8b01-4505-bcda-2730f877db8d] transferring FlowFile[399,97496001365258.mockFlowFile,13B] to 'success'
[pool-145-thread-1] INFO org.apache.nifi.processors.standard.ControlRate - ControlRate[id=f99191db-8b01-4505-bcda-2730f877db8d] transferring FlowFile[400,97496001382541.mockFlowFile,13B] to 'success'
[pool-145-thread-1] INFO org.apache.nifi.processors.standard.ControlRate - ControlRate[id=f99191db-8b01-4505-bcda-2730f877db8d] transferring FlowFile[401,97496001397371.mockFlowFile,13B] to 'success'
[pool-145-thread-1] INFO org.apache.nifi.processors.standard.ControlRate - ControlRate[id=f99191db-8b01-4505-bcda-2730f877db8d] transferring FlowFile[402,97496001413528.mockFlowFile,13B] to 'success'
[pool-145-thread-1] INFO org.apache.nifi.processors.standard.ControlRate - ControlRate[id=f99191db-8b01-4505-bcda-2730f877db8d] transferring FlowFile[403,97496001429323.mockFlowFile,13B] to 'success'
[pool-145-thread-1] INFO org.apache.nifi.processors.standard.ControlRate - ControlRate[id=f99191db-8b01-4505-bcda-2730f877db8d] transferring FlowFile[404,97496001443899.mockFlowFile,13B] to 'success'
[pool-145-thread-1] INFO org.apache.nifi.processors.standard.ControlRate - ControlRate[id=f99191db-8b01-4505-bcda-2730f877db8d] transferring FlowFile[405,97496001458909.mockFlowFile,13B] to 'success'
[pool-145-thread-1] INFO org.apache.nifi.processors.standard.ControlRate - ControlRate[id=f99191db-8b01-4505-bcda-2730f877db8d] transferring FlowFile[406,97496001495940.mockFlowFile,13B] to 'success'
[pool-145-thread-1] INFO org.apache.nifi.processors.standard.ControlRate - ControlRate[id=f99191db-8b01-4505-bcda-2730f877db8d] transferring FlowFile[407,97496001538174.mockFlowFile,13B] to 'success'
[pool-145-thread-1] INFO org.apache.nifi.processors.standard.ControlRate - ControlRate[id=f99191db-8b01-4505-bcda-2730f877db8d] transferring FlowFile[408,97496001557434.mockFlowFile,13B] to 'success'
[pool-145-thread-1] INFO org.apache.nifi.processors.standard.ControlRate - ControlRate[id=f99191db-8b01-4505-bcda-2730f877db8d] transferring FlowFile[409,97496001585820.mockFlowFile,13B] to 'success'
[pool-145-thread-1] INFO org.apache.nifi.processors.standard.ControlRate - ControlRate[id=f99191db-8b01-4505-bcda-2730f877db8d] transferring FlowFile[410,97496001602270.mockFlowFile,13B] to 'success'
[pool-145-thread-1] INFO org.apache.nifi.processors.standard.ControlRate - ControlRate[id=f99191db-8b01-4505-bcda-2730f877db8d] transferring FlowFile[411,97496001616634.mockFlowFile,13B] to 'success'
[pool-145-thread-1] INFO org.apache.nifi.processors.standard.ControlRate - ControlRate[id=f99191db-8b01-4505-bcda-2730f877db8d] transferring FlowFile[412,97496001631760.mockFlowFile,13B] to 'success'
[pool-145-thread-1] INFO org.apache.nifi.processors.standard.ControlRate - ControlRate[id=f99191db-8b01-4505-bcda-2730f877db8d] transferring FlowFile[413,97496001647702.mockFlowFile,13B] to 'success'
[pool-145-thread-1] INFO org.apache.nifi.processors.standard.ControlRate - ControlRate[id=f99191db-8b01-4505-bcda-2730f877db8d] transferring FlowFile[414,97496001662496.mockFlowFile,13B] to 'success'
[pool-145-thread-1] INFO org.apache.nifi.processors.standard.ControlRate - ControlRate[id=f99191db-8b01-4505-bcda-2730f877db8d] transferring FlowFile[415,97496001683035.mockFlowFile,13B] to 'success'
[pool-145-thread-1] INFO org.apache.nifi.processors.standard.ControlRate - ControlRate[id=f99191db-8b01-4505-bcda-2730f877db8d] transferring FlowFile[416,97496001698069.mockFlowFile,13B] to 'success'
[pool-145-thread-1] INFO org.apache.nifi.processors.standard.ControlRate - ControlRate[id=f99191db-8b01-4505-bcda-2730f877db8d] transferring FlowFile[417,97496001713386.mockFlowFile,13B] to 'success'
[pool-145-thread-1] INFO org.apache.nifi.processors.standard.ControlRate - ControlRate[id=f99191db-8b01-4505-bcda-2730f877db8d] transferring FlowFile[418,97496001728254.mockFlowFile,13B] to 'success'
[pool-145-thread-1] INFO org.apache.nifi.processors.standard.ControlRate - ControlRate[id=f99191db-8b01-4505-bcda-2730f877db8d] transferring FlowFile[419,97496001742017.mockFlowFile,13B] to 'success'
[pool-145-thread-1] INFO org.apache.nifi.processors.standard.ControlRate - ControlRate[id=f99191db-8b01-4505-bcda-2730f877db8d] transferring FlowFile[420,97496001756457.mockFlowFile,13B] to 'success'
[pool-145-thread-1] INFO org.apache.nifi.processors.standard.ControlRate - ControlRate[id=f99191db-8b01-4505-bcda-2730f877db8d] transferring FlowFile[421,97496001769884.mockFlowFile,13B] to 'success'
[pool-145-thread-1] INFO org.apache.nifi.processors.standard.ControlRate - ControlRate[id=f99191db-8b01-4505-bcda-2730f877db8d] transferring FlowFile[422,97496001784628.mockFlowFile,13B] to 'success'
[pool-145-thread-1] INFO org.apache.nifi.processors.standard.ControlRate - ControlRate[id=f99191db-8b01-4505-bcda-2730f877db8d] transferring FlowFile[423,97496001803831.mockFlowFile,13B] to 'success'
[pool-145-thread-1] INFO org.apache.nifi.processors.standard.ControlRate - ControlRate[id=f99191db-8b01-4505-bcda-2730f877db8d] transferring FlowFile[424,97496001818218.mockFlowFile,13B] to 'success'
[pool-145-thread-1] INFO org.apache.nifi.processors.standard.ControlRate - ControlRate[id=f99191db-8b01-4505-bcda-2730f877db8d] transferring FlowFile[425,97496001833068.mockFlowFile,13B] to 'success'
[pool-145-thread-1] INFO org.apache.nifi.processors.standard.ControlRate - ControlRate[id=f99191db-8b01-4505-bcda-2730f877db8d] transferring FlowFile[426,97496001847116.mockFlowFile,13B] to 'success'
[pool-145-thread-1] INFO org.apache.nifi.processors.standard.ControlRate - ControlRate[id=f99191db-8b01-4505-bcda-2730f877db8d] transferring FlowFile[427,97496001863018.mockFlowFile,13B] to 'success'
[pool-145-thread-1] INFO org.apache.nifi.processors.standard.ControlRate - ControlRate[id=f99191db-8b01-4505-bcda-2730f877db8d] transferring FlowFile[428,97496001878503.mockFlowFile,13B] to 'success'
[pool-145-thread-1] INFO org.apache.nifi.processors.standard.ControlRate - ControlRate[id=f99191db-8b01-4505-bcda-2730f877db8d] transferring FlowFile[429,97496001892656.mockFlowFile,13B] to 'success'
[pool-145-thread-1] INFO org.apache.nifi.processors.standard.ControlRate - ControlRate[id=f99191db-8b01-4505-bcda-2730f877db8d] transferring FlowFile[430,97496001908975.mockFlowFile,13B] to 'success'
[pool-145-thread-1] INFO org.apache.nifi.processors.standard.ControlRate - ControlRate[id=f99191db-8b01-4505-bcda-2730f877db8d] transferring FlowFile[431,97496001931795.mockFlowFile,13B] to 'success'
[pool-145-thread-1] INFO org.apache.nifi.processors.standard.ControlRate - ControlRate[id=f99191db-8b01-4505-bcda-2730f877db8d] transferring FlowFile[432,97496001947390.mockFlowFile,13B] to 'success'
[pool-145-thread-1] INFO org.apache.nifi.processors.standard.ControlRate - ControlRate[id=f99191db-8b01-4505-bcda-2730f877db8d] transferring FlowFile[433,97496002004278.mockFlowFile,13B] to 'success'
[pool-145-thread-1] INFO org.apache.nifi.processors.standard.ControlRate - ControlRate[id=f99191db-8b01-4505-bcda-2730f877db8d] transferring FlowFile[434,97496002019218.mockFlowFile,13B] to 'success'
[pool-145-thread-1] INFO org.apache.nifi.processors.standard.ControlRate - ControlRate[id=f99191db-8b01-4505-bcda-2730f877db8d] transferring FlowFile[435,97496002035213.mockFlowFile,13B] to 'success'
[pool-145-thread-1] INFO org.apache.nifi.processors.standard.ControlRate - ControlRate[id=f99191db-8b01-4505-bcda-2730f877db8d] transferring FlowFile[436,97496002049939.mockFlowFile,13B] to 'success'
[pool-145-thread-1] INFO org.apache.nifi.processors.standard.ControlRate - ControlRate[id=f99191db-8b01-4505-bcda-2730f877db8d] transferring FlowFile[437,97496002065819.mockFlowFile,13B] to 'success'
[pool-145-thread-1] INFO org.apache.nifi.processors.standard.ControlRate - ControlRate[id=f99191db-8b01-4505-bcda-2730f877db8d] transferring FlowFile[438,97496002081573.mockFlowFile,13B] to 'success'
[pool-145-thread-1] INFO org.apache.nifi.processors.standard.ControlRate - ControlRate[id=f99191db-8b01-4505-bcda-2730f877db8d] transferring FlowFile[439,97496002100619.mockFlowFile,13B] to 'success'
[pool-145-thread-1] INFO org.apache.nifi.processors.standard.ControlRate - ControlRate[id=f99191db-8b01-4505-bcda-2730f877db8d] transferring FlowFile[440,97496002116272.mockFlowFile,13B] to 'success'
[pool-145-thread-1] INFO org.apache.nifi.processors.standard.ControlRate - ControlRate[id=f99191db-8b01-4505-bcda-2730f877db8d] transferring FlowFile[441,97496002130052.mockFlowFile,13B] to 'success'
[pool-145-thread-1] INFO org.apache.nifi.processors.standard.ControlRate - ControlRate[id=f99191db-8b01-4505-bcda-2730f877db8d] transferring FlowFile[442,97496002145384.mockFlowFile,13B] to 'success'
[pool-145-thread-1] INFO org.apache.nifi.processors.standard.ControlRate - ControlRate[id=f99191db-8b01-4505-bcda-2730f877db8d] transferring FlowFile[443,97496002160695.mockFlowFile,13B] to 'success'
[pool-145-thread-1] INFO org.apache.nifi.processors.standard.ControlRate - ControlRate[id=f99191db-8b01-4505-bcda-2730f877db8d] transferring FlowFile[444,97496002174567.mockFlowFile,13B] to 'success'
[pool-145-thread-1] INFO org.apache.nifi.processors.standard.ControlRate - ControlRate[id=f99191db-8b01-4505-bcda-2730f877db8d] transferring FlowFile[445,97496002189326.mockFlowFile,13B] to 'success'
[pool-145-thread-1] INFO org.apache.nifi.processors.standard.ControlRate - ControlRate[id=f99191db-8b01-4505-bcda-2730f877db8d] transferring FlowFile[446,97496002202915.mockFlowFile,13B] to 'success'
[pool-145-thread-1] INFO org.apache.nifi.processors.standard.ControlRate - ControlRate[id=f99191db-8b01-4505-bcda-2730f877db8d] transferring FlowFile[447,97496002222631.mockFlowFile,13B] to 'success'
[pool-145-thread-1] INFO org.apache.nifi.processors.standard.ControlRate - ControlRate[id=f99191db-8b01-4505-bcda-2730f877db8d] transferring FlowFile[448,97496002237551.mockFlowFile,13B] to 'success'
[pool-145-thread-1] INFO org.apache.nifi.processors.standard.ControlRate - ControlRate[id=f99191db-8b01-4505-bcda-2730f877db8d] transferring FlowFile[449,97496002250682.mockFlowFile,13B] to 'success'
[pool-145-thread-1] INFO org.apache.nifi.processors.standard.ControlRate - ControlRate[id=f99191db-8b01-4505-bcda-2730f877db8d] transferring FlowFile[450,97496002307346.mockFlowFile,13B] to 'success'
[pool-145-thread-1] INFO org.apache.nifi.processors.standard.ControlRate - ControlRate[id=f99191db-8b01-4505-bcda-2730f877db8d] transferring FlowFile[451,97496002333860.mockFlowFile,13B] to 'success'
[pool-145-thread-1] INFO org.apache.nifi.processors.standard.ControlRate - ControlRate[id=f99191db-8b01-4505-bcda-2730f877db8d] transferring FlowFile[452,97496002368690.mockFlowFile,13B] to 'success'
[pool-145-thread-1] INFO org.apache.nifi.processors.standard.ControlRate - ControlRate[id=f99191db-8b01-4505-bcda-2730f877db8d] transferring FlowFile[453,97496002385396.mockFlowFile,13B] to 'success'
[pool-145-thread-1] INFO org.apache.nifi.processors.standard.ControlRate - ControlRate[id=f99191db-8b01-4505-bcda-2730f877db8d] transferring FlowFile[454,97496002401724.mockFlowFile,13B] to 'success'
[pool-145-thread-1] INFO org.apache.nifi.processors.standard.ControlRate - ControlRate[id=f99191db-8b01-4505-bcda-2730f877db8d] transferring FlowFile[455,97496002425051.mockFlowFile,13B] to 'success'
[pool-145-thread-1] INFO org.apache.nifi.processors.standard.ControlRate - ControlRate[id=f99191db-8b01-4505-bcda-2730f877db8d] transferring FlowFile[456,97496002439974.mockFlowFile,13B] to 'success'
[pool-145-thread-1] INFO org.apache.nifi.processors.standard.ControlRate - ControlRate[id=f99191db-8b01-4505-bcda-2730f877db8d] transferring FlowFile[457,97496002457151.mockFlowFile,13B] to 'success'
[pool-145-thread-1] INFO org.apache.nifi.processors.standard.ControlRate - ControlRate[id=f99191db-8b01-4505-bcda-2730f877db8d] transferring FlowFile[458,97496002490763.mockFlowFile,13B] to 'success'
[pool-145-thread-1] INFO org.apache.nifi.processors.standard.ControlRate - ControlRate[id=f99191db-8b01-4505-bcda-2730f877db8d] transferring FlowFile[459,97496002505789.mockFlowFile,13B] to 'success'
[pool-145-thread-1] INFO org.apache.nifi.processors.standard.ControlRate - ControlRate[id=f99191db-8b01-4505-bcda-2730f877db8d] transferring FlowFile[460,97496002520439.mockFlowFile,13B] to 'success'
[pool-145-thread-1] INFO org.apache.nifi.processors.standard.ControlRate - ControlRate[id=f99191db-8b01-4505-bcda-2730f877db8d] transferring FlowFile[461,97496002533959.mockFlowFile,13B] to 'success'
[pool-145-thread-1] INFO org.apache.nifi.processors.standard.ControlRate - ControlRate[id=f99191db-8b01-4505-bcda-2730f877db8d] transferring FlowFile[462,97496002549093.mockFlowFile,13B] to 'success'
[pool-145-thread-1] INFO org.apache.nifi.processors.standard.ControlRate - ControlRate[id=f99191db-8b01-4505-bcda-2730f877db8d] transferring FlowFile[463,97496002568888.mockFlowFile,13B] to 'success'
[pool-145-thread-1] INFO org.apache.nifi.processors.standard.ControlRate - ControlRate[id=f99191db-8b01-4505-bcda-2730f877db8d] transferring FlowFile[464,97496002582449.mockFlowFile,13B] to 'success'
[pool-145-thread-1] INFO org.apache.nifi.processors.standard.ControlRate - ControlRate[id=f99191db-8b01-4505-bcda-2730f877db8d] transferring FlowFile[465,97496002596856.mockFlowFile,13B] to 'success'
[pool-145-thread-1] INFO org.apache.nifi.processors.standard.ControlRate - ControlRate[id=f99191db-8b01-4505-bcda-2730f877db8d] transferring FlowFile[466,97496002610570.mockFlowFile,13B] to 'success'
[pool-145-thread-1] INFO org.apache.nifi.processors.standard.ControlRate - ControlRate[id=f99191db-8b01-4505-bcda-2730f877db8d] transferring FlowFile[467,97496002625414.mockFlowFile,13B] to 'success'
[pool-145-thread-1] INFO org.apache.nifi.processors.standard.ControlRate - ControlRate[id=f99191db-8b01-4505-bcda-2730f877db8d] transferring FlowFile[468,97496002640158.mockFlowFile,13B] to 'success'
[pool-145-thread-1] INFO org.apache.nifi.processors.standard.ControlRate - ControlRate[id=f99191db-8b01-4505-bcda-2730f877db8d] transferring FlowFile[469,97496002655729.mockFlowFile,13B] to 'success'
[pool-145-thread-1] INFO org.apache.nifi.processors.standard.ControlRate - ControlRate[id=f99191db-8b01-4505-bcda-2730f877db8d] transferring FlowFile[470,97496002679122.mockFlowFile,13B] to 'success'
[pool-145-thread-1] INFO org.apache.nifi.processors.standard.ControlRate - ControlRate[id=f99191db-8b01-4505-bcda-2730f877db8d] transferring FlowFile[471,97496002699077.mockFlowFile,13B] to 'success'
[pool-145-thread-1] INFO org.apache.nifi.processors.standard.ControlRate - ControlRate[id=f99191db-8b01-4505-bcda-2730f877db8d] transferring FlowFile[472,97496002715086.mockFlowFile,13B] to 'success'
[pool-145-thread-1] INFO org.apache.nifi.processors.standard.ControlRate - ControlRate[id=f99191db-8b01-4505-bcda-2730f877db8d] transferring FlowFile[473,97496002730745.mockFlowFile,13B] to 'success'
[pool-145-thread-1] INFO org.apache.nifi.processors.standard.ControlRate - ControlRate[id=f99191db-8b01-4505-bcda-2730f877db8d] transferring FlowFile[474,97496002781750.mockFlowFile,13B] to 'success'
[pool-145-thread-1] INFO org.apache.nifi.processors.standard.ControlRate - ControlRate[id=f99191db-8b01-4505-bcda-2730f877db8d] transferring FlowFile[475,97496002801797.mockFlowFile,13B] to 'success'
[pool-145-thread-1] INFO org.apache.nifi.processors.standard.ControlRate - ControlRate[id=f99191db-8b01-4505-bcda-2730f877db8d] transferring FlowFile[476,97496002817295.mockFlowFile,13B] to 'success'
[pool-145-thread-1] INFO org.apache.nifi.processors.standard.ControlRate - ControlRate[id=f99191db-8b01-4505-bcda-2730f877db8d] transferring FlowFile[477,97496002832624.mockFlowFile,13B] to 'success'
[pool-145-thread-1] INFO org.apache.nifi.processors.standard.ControlRate - ControlRate[id=f99191db-8b01-4505-bcda-2730f877db8d] transferring FlowFile[478,97496002849603.mockFlowFile,13B] to 'success'
[pool-145-thread-1] INFO org.apache.nifi.processors.standard.ControlRate - ControlRate[id=f99191db-8b01-4505-bcda-2730f877db8d] transferring FlowFile[479,97496002879539.mockFlowFile,13B] to 'success'
[pool-145-thread-1] INFO org.apache.nifi.processors.standard.ControlRate - ControlRate[id=f99191db-8b01-4505-bcda-2730f877db8d] transferring FlowFile[480,97496002904066.mockFlowFile,13B] to 'success'
[pool-145-thread-1] INFO org.apache.nifi.processors.standard.ControlRate - ControlRate[id=f99191db-8b01-4505-bcda-2730f877db8d] transferring FlowFile[481,97496002919374.mockFlowFile,13B] to 'success'
[pool-145-thread-1] INFO org.apache.nifi.processors.standard.ControlRate - ControlRate[id=f99191db-8b01-4505-bcda-2730f877db8d] transferring FlowFile[482,97496002936115.mockFlowFile,13B] to 'success'
[pool-145-thread-1] INFO org.apache.nifi.processors.standard.ControlRate - ControlRate[id=f99191db-8b01-4505-bcda-2730f877db8d] transferring FlowFile[483,97496002952245.mockFlowFile,13B] to 'success'
[pool-145-thread-1] INFO org.apache.nifi.processors.standard.ControlRate - ControlRate[id=f99191db-8b01-4505-bcda-2730f877db8d] transferring FlowFile[484,97496002966783.mockFlowFile,13B] to 'success'
[pool-145-thread-1] INFO org.apache.nifi.processors.standard.ControlRate - ControlRate[id=f99191db-8b01-4505-bcda-2730f877db8d] transferring FlowFile[485,97496002983349.mockFlowFile,13B] to 'success'
[pool-145-thread-1] INFO org.apache.nifi.processors.standard.ControlRate - ControlRate[id=f99191db-8b01-4505-bcda-2730f877db8d] transferring FlowFile[486,97496002997936.mockFlowFile,13B] to 'success'
[pool-145-thread-1] INFO org.apache.nifi.processors.standard.ControlRate - ControlRate[id=f99191db-8b01-4505-bcda-2730f877db8d] transferring FlowFile[487,97496003020222.mockFlowFile,13B] to 'success'
[pool-145-thread-1] INFO org.apache.nifi.processors.standard.ControlRate - ControlRate[id=f99191db-8b01-4505-bcda-2730f877db8d] transferring FlowFile[488,97496003037092.mockFlowFile,13B] to 'success'
[pool-145-thread-1] INFO org.apache.nifi.processors.standard.ControlRate - ControlRate[id=f99191db-8b01-4505-bcda-2730f877db8d] transferring FlowFile[489,97496003051431.mockFlowFile,13B] to 'success'
[pool-145-thread-1] INFO org.apache.nifi.processors.standard.ControlRate - ControlRate[id=f99191db-8b01-4505-bcda-2730f877db8d] transferring FlowFile[490,97496003066294.mockFlowFile,13B] to 'success'
[pool-145-thread-1] INFO org.apache.nifi.processors.standard.ControlRate - ControlRate[id=f99191db-8b01-4505-bcda-2730f877db8d] transferring FlowFile[491,97496003080154.mockFlowFile,13B] to 'success'
[pool-145-thread-1] INFO org.apache.nifi.processors.standard.ControlRate - ControlRate[id=f99191db-8b01-4505-bcda-2730f877db8d] transferring FlowFile[492,97496003095469.mockFlowFile,13B] to 'success'
[pool-145-thread-1] INFO org.apache.nifi.processors.standard.ControlRate - ControlRate[id=f99191db-8b01-4505-bcda-2730f877db8d] transferring FlowFile[493,97496003110516.mockFlowFile,13B] to 'success'
[pool-145-thread-1] INFO org.apache.nifi.processors.standard.ControlRate - ControlRate[id=f99191db-8b01-4505-bcda-2730f877db8d] transferring FlowFile[494,97496003123963.mockFlowFile,13B] to 'success'
[pool-145-thread-1] INFO org.apache.nifi.processors.standard.ControlRate - ControlRate[id=f99191db-8b01-4505-bcda-2730f877db8d] transferring FlowFile[495,97496003143471.mockFlowFile,13B] to 'success'
[pool-145-thread-1] INFO org.apache.nifi.processors.standard.ControlRate - ControlRate[id=f99191db-8b01-4505-bcda-2730f877db8d] transferring FlowFile[496,97496003157466.mockFlowFile,13B] to 'success'
[pool-145-thread-1] INFO org.apache.nifi.processors.standard.ControlRate - ControlRate[id=f99191db-8b01-4505-bcda-2730f877db8d] transferring FlowFile[497,97496003172247.mockFlowFile,13B] to 'success'
[pool-145-thread-1] INFO org.apache.nifi.processors.standard.ControlRate - ControlRate[id=f99191db-8b01-4505-bcda-2730f877db8d] transferring FlowFile[498,97496003186909.mockFlowFile,13B] to 'success'
[pool-145-thread-1] INFO org.apache.nifi.processors.standard.ControlRate - ControlRate[id=f99191db-8b01-4505-bcda-2730f877db8d] transferring FlowFile[499,97496003200360.mockFlowFile,13B] to 'success'
[pool-145-thread-1] INFO org.apache.nifi.processors.standard.ControlRate - ControlRate[id=f99191db-8b01-4505-bcda-2730f877db8d] transferring FlowFile[500,97496003214455.mockFlowFile,13B] to 'success'
[pool-145-thread-1] INFO org.apache.nifi.processors.standard.ControlRate - ControlRate[id=f99191db-8b01-4505-bcda-2730f877db8d] transferring FlowFile[501,97496003227338.mockFlowFile,13B] to 'success'
[pool-145-thread-1] INFO org.apache.nifi.processors.standard.ControlRate - ControlRate[id=f99191db-8b01-4505-bcda-2730f877db8d] transferring FlowFile[502,97496003241317.mockFlowFile,13B] to 'success'
[pool-145-thread-1] INFO org.apache.nifi.processors.standard.ControlRate - ControlRate[id=f99191db-8b01-4505-bcda-2730f877db8d] transferring FlowFile[503,97496003260254.mockFlowFile,13B] to 'success'
[pool-145-thread-1] INFO org.apache.nifi.processors.standard.ControlRate - ControlRate[id=f99191db-8b01-4505-bcda-2730f877db8d] transferring FlowFile[504,97496003274040.mockFlowFile,13B] to 'success'
[pool-145-thread-1] INFO org.apache.nifi.processors.standard.ControlRate - ControlRate[id=f99191db-8b01-4505-bcda-2730f877db8d] transferring FlowFile[505,97496003288947.mockFlowFile,13B] to 'success'
[pool-145-thread-1] INFO org.apache.nifi.processors.standard.ControlRate - ControlRate[id=f99191db-8b01-4505-bcda-2730f877db8d] transferring FlowFile[506,97496003302544.mockFlowFile,13B] to 'success'
[pool-145-thread-1] INFO org.apache.nifi.processors.standard.ControlRate - ControlRate[id=f99191db-8b01-4505-bcda-2730f877db8d] transferring FlowFile[507,97496003317241.mockFlowFile,13B] to 'success'
[pool-145-thread-1] INFO org.apache.nifi.processors.standard.ControlRate - ControlRate[id=f99191db-8b01-4505-bcda-2730f877db8d] transferring FlowFile[508,97496003332233.mockFlowFile,13B] to 'success'
[pool-145-thread-1] INFO org.apache.nifi.processors.standard.ControlRate - ControlRate[id=f99191db-8b01-4505-bcda-2730f877db8d] transferring FlowFile[509,97496003345810.mockFlowFile,13B] to 'success'
[pool-145-thread-1] INFO org.apache.nifi.processors.standard.ControlRate - ControlRate[id=f99191db-8b01-4505-bcda-2730f877db8d] transferring FlowFile[510,97496003360282.mockFlowFile,13B] to 'success'
[pool-145-thread-1] INFO org.apache.nifi.processors.standard.ControlRate - ControlRate[id=f99191db-8b01-4505-bcda-2730f877db8d] transferring FlowFile[511,97496003377916.mockFlowFile,13B] to 'success'
[pool-145-thread-1] INFO org.apache.nifi.processors.standard.ControlRate - ControlRate[id=f99191db-8b01-4505-bcda-2730f877db8d] transferring FlowFile[512,97496003392572.mockFlowFile,13B] to 'success'
[pool-145-thread-1] INFO org.apache.nifi.processors.standard.ControlRate - ControlRate[id=f99191db-8b01-4505-bcda-2730f877db8d] transferring FlowFile[513,97496003408953.mockFlowFile,13B] to 'success'
[pool-145-thread-1] INFO org.apache.nifi.processors.standard.ControlRate - ControlRate[id=f99191db-8b01-4505-bcda-2730f877db8d] transferring FlowFile[514,97496003422800.mockFlowFile,13B] to 'success'
[pool-145-thread-1] INFO org.apache.nifi.processors.standard.ControlRate - ControlRate[id=f99191db-8b01-4505-bcda-2730f877db8d] transferring FlowFile[515,97496003438963.mockFlowFile,13B] to 'success'
[pool-145-thread-1] INFO org.apache.nifi.processors.standard.ControlRate - ControlRate[id=f99191db-8b01-4505-bcda-2730f877db8d] transferring FlowFile[516,97496003453735.mockFlowFile,13B] to 'success'
[pool-145-thread-1] INFO org.apache.nifi.processors.standard.ControlRate - ControlRate[id=f99191db-8b01-4505-bcda-2730f877db8d] transferring FlowFile[517,97496003468562.mockFlowFile,13B] to 'success'
[pool-145-thread-1] INFO org.apache.nifi.processors.standard.ControlRate - ControlRate[id=f99191db-8b01-4505-bcda-2730f877db8d] transferring FlowFile[518,97496003482453.mockFlowFile,13B] to 'success'
[pool-145-thread-1] INFO org.apache.nifi.processors.standard.ControlRate - ControlRate[id=f99191db-8b01-4505-bcda-2730f877db8d] transferring FlowFile[519,97496003500755.mockFlowFile,13B] to 'success'
[pool-145-thread-1] INFO org.apache.nifi.processors.standard.ControlRate - ControlRate[id=f99191db-8b01-4505-bcda-2730f877db8d] transferring FlowFile[520,97496003515564.mockFlowFile,13B] to 'success'
[pool-145-thread-1] INFO org.apache.nifi.processors.standard.ControlRate - ControlRate[id=f99191db-8b01-4505-bcda-2730f877db8d] transferring FlowFile[521,97496003528448.mockFlowFile,13B] to 'success'
[pool-145-thread-1] INFO org.apache.nifi.processors.standard.ControlRate - ControlRate[id=f99191db-8b01-4505-bcda-2730f877db8d] transferring FlowFile[522,97496003542368.mockFlowFile,13B] to 'success'
[pool-145-thread-1] INFO org.apache.nifi.processors.standard.ControlRate - ControlRate[id=f99191db-8b01-4505-bcda-2730f877db8d] transferring FlowFile[523,97496003576750.mockFlowFile,13B] to 'success'
[pool-145-thread-1] INFO org.apache.nifi.processors.standard.ControlRate - ControlRate[id=f99191db-8b01-4505-bcda-2730f877db8d] transferring FlowFile[524,97496003591421.mockFlowFile,13B] to 'success'
[pool-145-thread-1] INFO org.apache.nifi.processors.standard.ControlRate - ControlRate[id=f99191db-8b01-4505-bcda-2730f877db8d] transferring FlowFile[525,97496003606197.mockFlowFile,13B] to 'success'
[pool-145-thread-1] INFO org.apache.nifi.processors.standard.ControlRate - ControlRate[id=f99191db-8b01-4505-bcda-2730f877db8d] transferring FlowFile[526,97496003619408.mockFlowFile,13B] to 'success'
[pool-145-thread-1] INFO org.apache.nifi.processors.standard.ControlRate - ControlRate[id=f99191db-8b01-4505-bcda-2730f877db8d] transferring FlowFile[527,97496003638681.mockFlowFile,13B] to 'success'
[pool-145-thread-1] INFO org.apache.nifi.processors.standard.ControlRate - ControlRate[id=f99191db-8b01-4505-bcda-2730f877db8d] transferring FlowFile[528,97496003653750.mockFlowFile,13B] to 'success'
[pool-145-thread-1] INFO org.apache.nifi.processors.standard.ControlRate - ControlRate[id=f99191db-8b01-4505-bcda-2730f877db8d] transferring FlowFile[529,97496003666696.mockFlowFile,13B] to 'success'
[pool-145-thread-1] INFO org.apache.nifi.processors.standard.ControlRate - ControlRate[id=f99191db-8b01-4505-bcda-2730f877db8d] transferring FlowFile[530,97496003680543.mockFlowFile,13B] to 'success'
[pool-145-thread-1] INFO org.apache.nifi.processors.standard.ControlRate - ControlRate[id=f99191db-8b01-4505-bcda-2730f877db8d] transferring FlowFile[531,97496003692803.mockFlowFile,13B] to 'success'
[pool-145-thread-1] INFO org.apache.nifi.processors.standard.ControlRate - ControlRate[id=f99191db-8b01-4505-bcda-2730f877db8d] transferring FlowFile[532,97496003706153.mockFlowFile,13B] to 'success'
[pool-145-thread-1] INFO org.apache.nifi.processors.standard.ControlRate - ControlRate[id=f99191db-8b01-4505-bcda-2730f877db8d] transferring FlowFile[533,97496003719964.mockFlowFile,13B] to 'success'
[pool-145-thread-1] INFO org.apache.nifi.processors.standard.ControlRate - ControlRate[id=f99191db-8b01-4505-bcda-2730f877db8d] transferring FlowFile[534,97496003732542.mockFlowFile,13B] to 'success'
[pool-145-thread-1] INFO org.apache.nifi.processors.standard.ControlRate - ControlRate[id=f99191db-8b01-4505-bcda-2730f877db8d] transferring FlowFile[535,97496003753278.mockFlowFile,13B] to 'success'
[pool-145-thread-1] INFO org.apache.nifi.processors.standard.ControlRate - ControlRate[id=f99191db-8b01-4505-bcda-2730f877db8d] transferring FlowFile[536,97496003766577.mockFlowFile,13B] to 'success'
[pool-145-thread-1] INFO org.apache.nifi.processors.standard.ControlRate - ControlRate[id=f99191db-8b01-4505-bcda-2730f877db8d] transferring FlowFile[537,97496003789403.mockFlowFile,13B] to 'success'
[pool-145-thread-1] INFO org.apache.nifi.processors.standard.ControlRate - ControlRate[id=f99191db-8b01-4505-bcda-2730f877db8d] transferring FlowFile[538,97496003804665.mockFlowFile,13B] to 'success'
[pool-145-thread-1] INFO org.apache.nifi.processors.standard.ControlRate - ControlRate[id=f99191db-8b01-4505-bcda-2730f877db8d] transferring FlowFile[539,97496003817714.mockFlowFile,13B] to 'success'
[pool-145-thread-1] INFO org.apache.nifi.processors.standard.ControlRate - ControlRate[id=f99191db-8b01-4505-bcda-2730f877db8d] transferring FlowFile[540,97496003835965.mockFlowFile,13B] to 'success'
[pool-145-thread-1] INFO org.apache.nifi.processors.standard.ControlRate - ControlRate[id=f99191db-8b01-4505-bcda-2730f877db8d] transferring FlowFile[541,97496003848918.mockFlowFile,13B] to 'success'
[pool-145-thread-1] INFO org.apache.nifi.processors.standard.ControlRate - ControlRate[id=f99191db-8b01-4505-bcda-2730f877db8d] transferring FlowFile[542,97496003874498.mockFlowFile,13B] to 'success'
[pool-145-thread-1] INFO org.apache.nifi.processors.standard.ControlRate - ControlRate[id=f99191db-8b01-4505-bcda-2730f877db8d] transferring FlowFile[543,97496003894214.mockFlowFile,13B] to 'success'
[pool-145-thread-1] INFO org.apache.nifi.processors.standard.ControlRate - ControlRate[id=f99191db-8b01-4505-bcda-2730f877db8d] transferring FlowFile[544,97496003907654.mockFlowFile,13B] to 'success'
[pool-145-thread-1] INFO org.apache.nifi.processors.standard.ControlRate - ControlRate[id=f99191db-8b01-4505-bcda-2730f877db8d] transferring FlowFile[545,97496003938484.mockFlowFile,13B] to 'success'
[pool-145-thread-1] INFO org.apache.nifi.processors.standard.ControlRate - ControlRate[id=f99191db-8b01-4505-bcda-2730f877db8d] transferring FlowFile[546,97496003951902.mockFlowFile,13B] to 'success'
[pool-145-thread-1] INFO org.apache.nifi.processors.standard.ControlRate - ControlRate[id=f99191db-8b01-4505-bcda-2730f877db8d] transferring FlowFile[547,97496003965927.mockFlowFile,13B] to 'success'
[pool-145-thread-1] INFO org.apache.nifi.processors.standard.ControlRate - ControlRate[id=f99191db-8b01-4505-bcda-2730f877db8d] transferring FlowFile[548,97496003979897.mockFlowFile,13B] to 'success'
[pool-145-thread-1] INFO org.apache.nifi.processors.standard.ControlRate - ControlRate[id=f99191db-8b01-4505-bcda-2730f877db8d] transferring FlowFile[549,97496003994456.mockFlowFile,13B] to 'success'
[pool-145-thread-1] INFO org.apache.nifi.processors.standard.ControlRate - ControlRate[id=f99191db-8b01-4505-bcda-2730f877db8d] transferring FlowFile[550,97496004017856.mockFlowFile,13B] to 'success'
[pool-145-thread-1] INFO org.apache.nifi.processors.standard.ControlRate - ControlRate[id=f99191db-8b01-4505-bcda-2730f877db8d] transferring FlowFile[551,97496004036100.mockFlowFile,13B] to 'success'
[pool-145-thread-1] INFO org.apache.nifi.processors.standard.ControlRate - ControlRate[id=f99191db-8b01-4505-bcda-2730f877db8d] transferring FlowFile[552,97496004050367.mockFlowFile,13B] to 'success'
[pool-145-thread-1] INFO org.apache.nifi.processors.standard.ControlRate - ControlRate[id=f99191db-8b01-4505-bcda-2730f877db8d] transferring FlowFile[553,97496004065325.mockFlowFile,13B] to 'success'
[pool-145-thread-1] INFO org.apache.nifi.processors.standard.ControlRate - ControlRate[id=f99191db-8b01-4505-bcda-2730f877db8d] transferring FlowFile[554,97496004078189.mockFlowFile,13B] to 'success'
[pool-145-thread-1] INFO org.apache.nifi.processors.standard.ControlRate - ControlRate[id=f99191db-8b01-4505-bcda-2730f877db8d] transferring FlowFile[555,97496004092248.mockFlowFile,13B] to 'success'
[pool-145-thread-1] INFO org.apache.nifi.processors.standard.ControlRate - ControlRate[id=f99191db-8b01-4505-bcda-2730f877db8d] transferring FlowFile[556,97496004105333.mockFlowFile,13B] to 'success'
[pool-145-thread-1] INFO org.apache.nifi.processors.standard.ControlRate - ControlRate[id=f99191db-8b01-4505-bcda-2730f877db8d] transferring FlowFile[557,97496004119618.mockFlowFile,13B] to 'success'
[pool-145-thread-1] INFO org.apache.nifi.processors.standard.ControlRate - ControlRate[id=f99191db-8b01-4505-bcda-2730f877db8d] transferring FlowFile[558,97496004133269.mockFlowFile,13B] to 'success'
[pool-145-thread-1] INFO org.apache.nifi.processors.standard.ControlRate - ControlRate[id=f99191db-8b01-4505-bcda-2730f877db8d] transferring FlowFile[559,97496004155351.mockFlowFile,13B] to 'success'
[pool-145-thread-1] INFO org.apache.nifi.processors.standard.ControlRate - ControlRate[id=f99191db-8b01-4505-bcda-2730f877db8d] transferring FlowFile[560,97496004187187.mockFlowFile,13B] to 'success'
[pool-145-thread-1] INFO org.apache.nifi.processors.standard.ControlRate - ControlRate[id=f99191db-8b01-4505-bcda-2730f877db8d] transferring FlowFile[561,97496004213377.mockFlowFile,13B] to 'success'
[pool-145-thread-1] INFO org.apache.nifi.processors.standard.ControlRate - ControlRate[id=f99191db-8b01-4505-bcda-2730f877db8d] transferring FlowFile[562,97496004227883.mockFlowFile,13B] to 'success'
[pool-145-thread-1] INFO org.apache.nifi.processors.standard.ControlRate - ControlRate[id=f99191db-8b01-4505-bcda-2730f877db8d] transferring FlowFile[563,97496004241091.mockFlowFile,13B] to 'success'
[pool-145-thread-1] INFO org.apache.nifi.processors.standard.ControlRate - ControlRate[id=f99191db-8b01-4505-bcda-2730f877db8d] transferring FlowFile[564,97496004269331.mockFlowFile,13B] to 'success'
[pool-145-thread-1] INFO org.apache.nifi.processors.standard.ControlRate - ControlRate[id=f99191db-8b01-4505-bcda-2730f877db8d] transferring FlowFile[565,97496004287659.mockFlowFile,13B] to 'success'
[pool-145-thread-1] INFO org.apache.nifi.processors.standard.ControlRate - ControlRate[id=f99191db-8b01-4505-bcda-2730f877db8d] transferring FlowFile[566,97496004301290.mockFlowFile,13B] to 'success'
[pool-145-thread-1] INFO org.apache.nifi.processors.standard.ControlRate - ControlRate[id=f99191db-8b01-4505-bcda-2730f877db8d] transferring FlowFile[567,97496004321139.mockFlowFile,13B] to 'success'
[pool-145-thread-1] INFO org.apache.nifi.processors.standard.ControlRate - ControlRate[id=f99191db-8b01-4505-bcda-2730f877db8d] transferring FlowFile[568,97496004336116.mockFlowFile,13B] to 'success'
[pool-145-thread-1] INFO org.apache.nifi.processors.standard.ControlRate - ControlRate[id=f99191db-8b01-4505-bcda-2730f877db8d] transferring FlowFile[569,97496004348051.mockFlowFile,13B] to 'success'
[pool-145-thread-1] INFO org.apache.nifi.processors.standard.ControlRate - ControlRate[id=f99191db-8b01-4505-bcda-2730f877db8d] transferring FlowFile[570,97496004361879.mockFlowFile,13B] to 'success'
[pool-145-thread-1] INFO org.apache.nifi.processors.standard.ControlRate - ControlRate[id=f99191db-8b01-4505-bcda-2730f877db8d] transferring FlowFile[571,97496004374080.mockFlowFile,13B] to 'success'
[pool-145-thread-1] INFO org.apache.nifi.processors.standard.ControlRate - ControlRate[id=f99191db-8b01-4505-bcda-2730f877db8d] transferring FlowFile[572,97496004386898.mockFlowFile,13B] to 'success'
[pool-145-thread-1] INFO org.apache.nifi.processors.standard.ControlRate - ControlRate[id=f99191db-8b01-4505-bcda-2730f877db8d] transferring FlowFile[573,97496004400461.mockFlowFile,13B] to 'success'
[pool-145-thread-1] INFO org.apache.nifi.processors.standard.ControlRate - ControlRate[id=f99191db-8b01-4505-bcda-2730f877db8d] transferring FlowFile[574,97496004413363.mockFlowFile,13B] to 'success'
[pool-145-thread-1] INFO org.apache.nifi.processors.standard.ControlRate - ControlRate[id=f99191db-8b01-4505-bcda-2730f877db8d] transferring FlowFile[575,97496004431742.mockFlowFile,13B] to 'success'
[pool-145-thread-1] INFO org.apache.nifi.processors.standard.ControlRate - ControlRate[id=f99191db-8b01-4505-bcda-2730f877db8d] transferring FlowFile[576,97496004450281.mockFlowFile,13B] to 'success'
[pool-145-thread-1] INFO org.apache.nifi.processors.standard.ControlRate - ControlRate[id=f99191db-8b01-4505-bcda-2730f877db8d] transferring FlowFile[577,97496004464402.mockFlowFile,13B] to 'success'
[pool-145-thread-1] INFO org.apache.nifi.processors.standard.ControlRate - ControlRate[id=f99191db-8b01-4505-bcda-2730f877db8d] transferring FlowFile[578,97496004477942.mockFlowFile,13B] to 'success'
[pool-145-thread-1] INFO org.apache.nifi.processors.standard.ControlRate - ControlRate[id=f99191db-8b01-4505-bcda-2730f877db8d] transferring FlowFile[579,97496004491740.mockFlowFile,13B] to 'success'
[pool-145-thread-1] INFO org.apache.nifi.processors.standard.ControlRate - ControlRate[id=f99191db-8b01-4505-bcda-2730f877db8d] transferring FlowFile[580,97496004505696.mockFlowFile,13B] to 'success'
[pool-145-thread-1] INFO org.apache.nifi.processors.standard.ControlRate - ControlRate[id=f99191db-8b01-4505-bcda-2730f877db8d] transferring FlowFile[581,97496004518218.mockFlowFile,13B] to 'success'
[pool-145-thread-1] INFO org.apache.nifi.processors.standard.ControlRate - ControlRate[id=f99191db-8b01-4505-bcda-2730f877db8d] transferring FlowFile[582,97496004531435.mockFlowFile,13B] to 'success'
[pool-145-thread-1] INFO org.apache.nifi.processors.standard.ControlRate - ControlRate[id=f99191db-8b01-4505-bcda-2730f877db8d] transferring FlowFile[583,97496004549678.mockFlowFile,13B] to 'success'
[pool-145-thread-1] INFO org.apache.nifi.processors.standard.ControlRate - ControlRate[id=f99191db-8b01-4505-bcda-2730f877db8d] transferring FlowFile[584,97496004563069.mockFlowFile,13B] to 'success'
[pool-145-thread-1] INFO org.apache.nifi.processors.standard.ControlRate - ControlRate[id=f99191db-8b01-4505-bcda-2730f877db8d] transferring FlowFile[585,97496004576950.mockFlowFile,13B] to 'success'
[pool-145-thread-1] INFO org.apache.nifi.processors.standard.ControlRate - ControlRate[id=f99191db-8b01-4505-bcda-2730f877db8d] transferring FlowFile[586,97496004589405.mockFlowFile,13B] to 'success'
[pool-145-thread-1] INFO org.apache.nifi.processors.standard.ControlRate - ControlRate[id=f99191db-8b01-4505-bcda-2730f877db8d] transferring FlowFile[587,97496004602761.mockFlowFile,13B] to 'success'
[pool-145-thread-1] INFO org.apache.nifi.processors.standard.ControlRate - ControlRate[id=f99191db-8b01-4505-bcda-2730f877db8d] transferring FlowFile[588,97496004616636.mockFlowFile,13B] to 'success'
[pool-145-thread-1] INFO org.apache.nifi.processors.standard.ControlRate - ControlRate[id=f99191db-8b01-4505-bcda-2730f877db8d] transferring FlowFile[589,97496004629360.mockFlowFile,13B] to 'success'
[pool-145-thread-1] INFO org.apache.nifi.processors.standard.ControlRate - ControlRate[id=f99191db-8b01-4505-bcda-2730f877db8d] transferring FlowFile[590,97496004643277.mockFlowFile,13B] to 'success'
[pool-145-thread-1] INFO org.apache.nifi.processors.standard.ControlRate - ControlRate[id=f99191db-8b01-4505-bcda-2730f877db8d] transferring FlowFile[591,97496004660660.mockFlowFile,13B] to 'success'
[pool-145-thread-1] INFO org.apache.nifi.processors.standard.ControlRate - ControlRate[id=f99191db-8b01-4505-bcda-2730f877db8d] transferring FlowFile[592,97496004682561.mockFlowFile,13B] to 'success'
[pool-145-thread-1] INFO org.apache.nifi.processors.standard.ControlRate - ControlRate[id=f99191db-8b01-4505-bcda-2730f877db8d] transferring FlowFile[593,97496004696542.mockFlowFile,13B] to 'success'
[pool-145-thread-1] INFO org.apache.nifi.processors.standard.ControlRate - ControlRate[id=f99191db-8b01-4505-bcda-2730f877db8d] transferring FlowFile[594,97496004709562.mockFlowFile,13B] to 'success'
[pool-145-thread-1] INFO org.apache.nifi.processors.standard.ControlRate - ControlRate[id=f99191db-8b01-4505-bcda-2730f877db8d] transferring FlowFile[595,97496004722717.mockFlowFile,13B] to 'success'
[pool-145-thread-1] INFO org.apache.nifi.processors.standard.ControlRate - ControlRate[id=f99191db-8b01-4505-bcda-2730f877db8d] transferring FlowFile[596,97496004741147.mockFlowFile,13B] to 'success'
[pool-145-thread-1] INFO org.apache.nifi.processors.standard.ControlRate - ControlRate[id=f99191db-8b01-4505-bcda-2730f877db8d] transferring FlowFile[597,97496004754985.mockFlowFile,13B] to 'success'
[pool-145-thread-1] INFO org.apache.nifi.processors.standard.ControlRate - ControlRate[id=f99191db-8b01-4505-bcda-2730f877db8d] transferring FlowFile[598,97496004768995.mockFlowFile,13B] to 'success'
[pool-145-thread-1] INFO org.apache.nifi.processors.standard.ControlRate - ControlRate[id=f99191db-8b01-4505-bcda-2730f877db8d] transferring FlowFile[599,97496004786499.mockFlowFile,13B] to 'success'
[pool-145-thread-1] INFO org.apache.nifi.processors.standard.ControlRate - ControlRate[id=f99191db-8b01-4505-bcda-2730f877db8d] transferring FlowFile[600,97496004801035.mockFlowFile,13B] to 'success'
[pool-145-thread-1] INFO org.apache.nifi.processors.standard.ControlRate - ControlRate[id=f99191db-8b01-4505-bcda-2730f877db8d] transferring FlowFile[601,97496004814111.mockFlowFile,13B] to 'success'
[pool-145-thread-1] INFO org.apache.nifi.processors.standard.ControlRate - ControlRate[id=f99191db-8b01-4505-bcda-2730f877db8d] transferring FlowFile[602,97496004829900.mockFlowFile,13B] to 'success'
[pool-145-thread-1] INFO org.apache.nifi.processors.standard.ControlRate - ControlRate[id=f99191db-8b01-4505-bcda-2730f877db8d] transferring FlowFile[603,97496004844643.mockFlowFile,13B] to 'success'
[pool-145-thread-1] INFO org.apache.nifi.processors.standard.ControlRate - ControlRate[id=f99191db-8b01-4505-bcda-2730f877db8d] transferring FlowFile[604,97496004857029.mockFlowFile,13B] to 'success'
[pool-145-thread-1] INFO org.apache.nifi.processors.standard.ControlRate - ControlRate[id=f99191db-8b01-4505-bcda-2730f877db8d] transferring FlowFile[605,97496004870159.mockFlowFile,13B] to 'success'
[pool-145-thread-1] INFO org.apache.nifi.processors.standard.ControlRate - ControlRate[id=f99191db-8b01-4505-bcda-2730f877db8d] transferring FlowFile[606,97496004882147.mockFlowFile,13B] to 'success'
[pool-145-thread-1] INFO org.apache.nifi.processors.standard.ControlRate - ControlRate[id=f99191db-8b01-4505-bcda-2730f877db8d] transferring FlowFile[607,97496004900778.mockFlowFile,13B] to 'success'
[pool-145-thread-1] INFO org.apache.nifi.processors.standard.ControlRate - ControlRate[id=f99191db-8b01-4505-bcda-2730f877db8d] transferring FlowFile[608,97496004916131.mockFlowFile,13B] to 'success'
[pool-145-thread-1] INFO org.apache.nifi.processors.standard.ControlRate - ControlRate[id=f99191db-8b01-4505-bcda-2730f877db8d] transferring FlowFile[609,97496004928783.mockFlowFile,13B] to 'success'
[pool-145-thread-1] INFO org.apache.nifi.processors.standard.ControlRate - ControlRate[id=f99191db-8b01-4505-bcda-2730f877db8d] transferring FlowFile[610,97496004946414.mockFlowFile,13B] to 'success'
[pool-145-thread-1] INFO org.apache.nifi.processors.standard.ControlRate - ControlRate[id=f99191db-8b01-4505-bcda-2730f877db8d] transferring FlowFile[611,97496004958540.mockFlowFile,13B] to 'success'
[pool-145-thread-1] INFO org.apache.nifi.processors.standard.ControlRate - ControlRate[id=f99191db-8b01-4505-bcda-2730f877db8d] transferring FlowFile[612,97496004972092.mockFlowFile,13B] to 'success'
[pool-145-thread-1] INFO org.apache.nifi.processors.standard.ControlRate - ControlRate[id=f99191db-8b01-4505-bcda-2730f877db8d] transferring FlowFile[613,97496004989866.mockFlowFile,13B] to 'success'
[pool-145-thread-1] INFO org.apache.nifi.processors.standard.ControlRate - ControlRate[id=f99191db-8b01-4505-bcda-2730f877db8d] transferring FlowFile[614,97496005002724.mockFlowFile,13B] to 'success'
[pool-145-thread-1] INFO org.apache.nifi.processors.standard.ControlRate - ControlRate[id=f99191db-8b01-4505-bcda-2730f877db8d] transferring FlowFile[615,97496005021536.mockFlowFile,13B] to 'success'
[pool-145-thread-1] INFO org.apache.nifi.processors.standard.ControlRate - ControlRate[id=f99191db-8b01-4505-bcda-2730f877db8d] transferring FlowFile[616,97496005034366.mockFlowFile,13B] to 'success'
[pool-145-thread-1] INFO org.apache.nifi.processors.standard.ControlRate - ControlRate[id=f99191db-8b01-4505-bcda-2730f877db8d] transferring FlowFile[617,97496005048146.mockFlowFile,13B] to 'success'
[pool-145-thread-1] INFO org.apache.nifi.processors.standard.ControlRate - ControlRate[id=f99191db-8b01-4505-bcda-2730f877db8d] transferring FlowFile[618,97496005062109.mockFlowFile,13B] to 'success'
[pool-145-thread-1] INFO org.apache.nifi.processors.standard.ControlRate - ControlRate[id=f99191db-8b01-4505-bcda-2730f877db8d] transferring FlowFile[619,97496005074744.mockFlowFile,13B] to 'success'
[pool-145-thread-1] INFO org.apache.nifi.processors.standard.ControlRate - ControlRate[id=f99191db-8b01-4505-bcda-2730f877db8d] transferring FlowFile[620,97496005088262.mockFlowFile,13B] to 'success'
[pool-145-thread-1] INFO org.apache.nifi.processors.standard.ControlRate - ControlRate[id=f99191db-8b01-4505-bcda-2730f877db8d] transferring FlowFile[621,97496005100344.mockFlowFile,13B] to 'success'
[pool-145-thread-1] INFO org.apache.nifi.processors.standard.ControlRate - ControlRate[id=f99191db-8b01-4505-bcda-2730f877db8d] transferring FlowFile[622,97496005113553.mockFlowFile,13B] to 'success'
[pool-145-thread-1] INFO org.apache.nifi.processors.standard.ControlRate - ControlRate[id=f99191db-8b01-4505-bcda-2730f877db8d] transferring FlowFile[623,97496005130710.mockFlowFile,13B] to 'success'
[pool-145-thread-1] INFO org.apache.nifi.processors.standard.ControlRate - ControlRate[id=f99191db-8b01-4505-bcda-2730f877db8d] transferring FlowFile[624,97496005143069.mockFlowFile,13B] to 'success'
[pool-145-thread-1] INFO org.apache.nifi.processors.standard.ControlRate - ControlRate[id=f99191db-8b01-4505-bcda-2730f877db8d] transferring FlowFile[625,97496005156224.mockFlowFile,13B] to 'success'
[pool-145-thread-1] INFO org.apache.nifi.processors.standard.ControlRate - ControlRate[id=f99191db-8b01-4505-bcda-2730f877db8d] transferring FlowFile[626,97496005168293.mockFlowFile,13B] to 'success'
[pool-145-thread-1] INFO org.apache.nifi.processors.standard.ControlRate - ControlRate[id=f99191db-8b01-4505-bcda-2730f877db8d] transferring FlowFile[627,97496005181427.mockFlowFile,13B] to 'success'
[pool-145-thread-1] INFO org.apache.nifi.processors.standard.ControlRate - ControlRate[id=f99191db-8b01-4505-bcda-2730f877db8d] transferring FlowFile[628,97496005194619.mockFlowFile,13B] to 'success'
[pool-145-thread-1] INFO org.apache.nifi.processors.standard.ControlRate - ControlRate[id=f99191db-8b01-4505-bcda-2730f877db8d] transferring FlowFile[629,97496005206802.mockFlowFile,13B] to 'success'
[pool-145-thread-1] INFO org.apache.nifi.processors.standard.ControlRate - ControlRate[id=f99191db-8b01-4505-bcda-2730f877db8d] transferring FlowFile[630,97496005219873.mockFlowFile,13B] to 'success'
[pool-145-thread-1] INFO org.apache.nifi.processors.standard.ControlRate - ControlRate[id=f99191db-8b01-4505-bcda-2730f877db8d] transferring FlowFile[631,97496005235664.mockFlowFile,13B] to 'success'
[pool-145-thread-1] INFO org.apache.nifi.processors.standard.ControlRate - ControlRate[id=f99191db-8b01-4505-bcda-2730f877db8d] transferring FlowFile[632,97496005249400.mockFlowFile,13B] to 'success'
[pool-145-thread-1] INFO org.apache.nifi.processors.standard.ControlRate - ControlRate[id=f99191db-8b01-4505-bcda-2730f877db8d] transferring FlowFile[633,97496005262460.mockFlowFile,13B] to 'success'
[pool-145-thread-1] INFO org.apache.nifi.processors.standard.ControlRate - ControlRate[id=f99191db-8b01-4505-bcda-2730f877db8d] transferring FlowFile[634,97496005274695.mockFlowFile,13B] to 'success'
[pool-145-thread-1] INFO org.apache.nifi.processors.standard.ControlRate - ControlRate[id=f99191db-8b01-4505-bcda-2730f877db8d] transferring FlowFile[635,97496005288079.mockFlowFile,13B] to 'success'
[pool-145-thread-1] INFO org.apache.nifi.processors.standard.ControlRate - ControlRate[id=f99191db-8b01-4505-bcda-2730f877db8d] transferring FlowFile[636,97496005299961.mockFlowFile,13B] to 'success'
[pool-145-thread-1] INFO org.apache.nifi.processors.standard.ControlRate - ControlRate[id=f99191db-8b01-4505-bcda-2730f877db8d] transferring FlowFile[637,97496005313065.mockFlowFile,13B] to 'success'
[pool-145-thread-1] INFO org.apache.nifi.processors.standard.ControlRate - ControlRate[id=f99191db-8b01-4505-bcda-2730f877db8d] transferring FlowFile[638,97496005325938.mockFlowFile,13B] to 'success'
[pool-145-thread-1] INFO org.apache.nifi.processors.standard.ControlRate - ControlRate[id=f99191db-8b01-4505-bcda-2730f877db8d] transferring FlowFile[639,97496005343563.mockFlowFile,13B] to 'success'
[pool-145-thread-1] INFO org.apache.nifi.processors.standard.ControlRate - ControlRate[id=f99191db-8b01-4505-bcda-2730f877db8d] transferring FlowFile[640,97496005356804.mockFlowFile,13B] to 'success'
[pool-145-thread-1] INFO org.apache.nifi.processors.standard.ControlRate - ControlRate[id=f99191db-8b01-4505-bcda-2730f877db8d] transferring FlowFile[641,97496005368726.mockFlowFile,13B] to 'success'
[pool-145-thread-1] INFO org.apache.nifi.processors.standard.ControlRate - ControlRate[id=f99191db-8b01-4505-bcda-2730f877db8d] transferring FlowFile[642,97496005381872.mockFlowFile,13B] to 'success'
[pool-145-thread-1] INFO org.apache.nifi.processors.standard.ControlRate - ControlRate[id=f99191db-8b01-4505-bcda-2730f877db8d] transferring FlowFile[643,97496005395032.mockFlowFile,13B] to 'success'
[pool-145-thread-1] INFO org.apache.nifi.processors.standard.ControlRate - ControlRate[id=f99191db-8b01-4505-bcda-2730f877db8d] transferring FlowFile[644,97496005407148.mockFlowFile,13B] to 'success'
[pool-145-thread-1] INFO org.apache.nifi.processors.standard.ControlRate - ControlRate[id=f99191db-8b01-4505-bcda-2730f877db8d] transferring FlowFile[645,97496005422339.mockFlowFile,13B] to 'success'
[pool-145-thread-1] INFO org.apache.nifi.processors.standard.ControlRate - ControlRate[id=f99191db-8b01-4505-bcda-2730f877db8d] transferring FlowFile[646,97496005435503.mockFlowFile,13B] to 'success'
[pool-145-thread-1] INFO org.apache.nifi.processors.standard.ControlRate - ControlRate[id=f99191db-8b01-4505-bcda-2730f877db8d] transferring FlowFile[647,97496005452812.mockFlowFile,13B] to 'success'
[pool-145-thread-1] INFO org.apache.nifi.processors.standard.ControlRate - ControlRate[id=f99191db-8b01-4505-bcda-2730f877db8d] transferring FlowFile[648,97496005466210.mockFlowFile,13B] to 'success'
[pool-145-thread-1] INFO org.apache.nifi.processors.standard.ControlRate - ControlRate[id=f99191db-8b01-4505-bcda-2730f877db8d] transferring FlowFile[649,97496005479192.mockFlowFile,13B] to 'success'
[pool-145-thread-1] INFO org.apache.nifi.processors.standard.ControlRate - ControlRate[id=f99191db-8b01-4505-bcda-2730f877db8d] transferring FlowFile[650,97496005492111.mockFlowFile,13B] to 'success'
[pool-145-thread-1] INFO org.apache.nifi.processors.standard.ControlRate - ControlRate[id=f99191db-8b01-4505-bcda-2730f877db8d] transferring FlowFile[651,97496005503883.mockFlowFile,13B] to 'success'
[pool-145-thread-1] INFO org.apache.nifi.processors.standard.ControlRate - ControlRate[id=f99191db-8b01-4505-bcda-2730f877db8d] transferring FlowFile[652,97496005516677.mockFlowFile,13B] to 'success'
[pool-145-thread-1] INFO org.apache.nifi.processors.standard.ControlRate - ControlRate[id=f99191db-8b01-4505-bcda-2730f877db8d] transferring FlowFile[653,97496005529520.mockFlowFile,13B] to 'success'
[pool-145-thread-1] INFO org.apache.nifi.processors.standard.ControlRate - ControlRate[id=f99191db-8b01-4505-bcda-2730f877db8d] transferring FlowFile[654,97496005541485.mockFlowFile,13B] to 'success'
[pool-145-thread-1] INFO org.apache.nifi.processors.standard.ControlRate - ControlRate[id=f99191db-8b01-4505-bcda-2730f877db8d] transferring FlowFile[655,97496005558363.mockFlowFile,13B] to 'success'
[pool-145-thread-1] INFO org.apache.nifi.processors.standard.ControlRate - ControlRate[id=f99191db-8b01-4505-bcda-2730f877db8d] transferring FlowFile[656,97496005571119.mockFlowFile,13B] to 'success'
[pool-145-thread-1] INFO org.apache.nifi.processors.standard.ControlRate - ControlRate[id=f99191db-8b01-4505-bcda-2730f877db8d] transferring FlowFile[657,97496005584738.mockFlowFile,13B] to 'success'
[pool-145-thread-1] INFO org.apache.nifi.processors.standard.ControlRate - ControlRate[id=f99191db-8b01-4505-bcda-2730f877db8d] transferring FlowFile[658,97496005597902.mockFlowFile,13B] to 'success'
[pool-145-thread-1] INFO org.apache.nifi.processors.standard.ControlRate - ControlRate[id=f99191db-8b01-4505-bcda-2730f877db8d] transferring FlowFile[659,97496005610190.mockFlowFile,13B] to 'success'
[pool-145-thread-1] INFO org.apache.nifi.processors.standard.ControlRate - ControlRate[id=f99191db-8b01-4505-bcda-2730f877db8d] transferring FlowFile[660,97496005623229.mockFlowFile,13B] to 'success'
[pool-145-thread-1] INFO org.apache.nifi.processors.standard.ControlRate - ControlRate[id=f99191db-8b01-4505-bcda-2730f877db8d] transferring FlowFile[661,97496005635617.mockFlowFile,13B] to 'success'
[pool-145-thread-1] INFO org.apache.nifi.processors.standard.ControlRate - ControlRate[id=f99191db-8b01-4505-bcda-2730f877db8d] transferring FlowFile[662,97496005649276.mockFlowFile,13B] to 'success'
[pool-145-thread-1] INFO org.apache.nifi.processors.standard.ControlRate - ControlRate[id=f99191db-8b01-4505-bcda-2730f877db8d] transferring FlowFile[663,97496005666348.mockFlowFile,13B] to 'success'
[pool-145-thread-1] INFO org.apache.nifi.processors.standard.ControlRate - ControlRate[id=f99191db-8b01-4505-bcda-2730f877db8d] transferring FlowFile[664,97496005678896.mockFlowFile,13B] to 'success'
[pool-145-thread-1] INFO org.apache.nifi.processors.standard.ControlRate - ControlRate[id=f99191db-8b01-4505-bcda-2730f877db8d] transferring FlowFile[665,97496005692042.mockFlowFile,13B] to 'success'
[pool-145-thread-1] INFO org.apache.nifi.processors.standard.ControlRate - ControlRate[id=f99191db-8b01-4505-bcda-2730f877db8d] transferring FlowFile[666,97496005704194.mockFlowFile,13B] to 'success'
[pool-145-thread-1] INFO org.apache.nifi.processors.standard.ControlRate - ControlRate[id=f99191db-8b01-4505-bcda-2730f877db8d] transferring FlowFile[667,97496005717738.mockFlowFile,13B] to 'success'
[pool-145-thread-1] INFO org.apache.nifi.processors.standard.ControlRate - ControlRate[id=f99191db-8b01-4505-bcda-2730f877db8d] transferring FlowFile[668,97496005729870.mockFlowFile,13B] to 'success'
[pool-145-thread-1] INFO org.apache.nifi.processors.standard.ControlRate - ControlRate[id=f99191db-8b01-4505-bcda-2730f877db8d] transferring FlowFile[669,97496005741439.mockFlowFile,13B] to 'success'
[pool-145-thread-1] INFO org.apache.nifi.processors.standard.ControlRate - ControlRate[id=f99191db-8b01-4505-bcda-2730f877db8d] transferring FlowFile[670,97496005754371.mockFlowFile,13B] to 'success'
[pool-145-thread-1] INFO org.apache.nifi.processors.standard.ControlRate - ControlRate[id=f99191db-8b01-4505-bcda-2730f877db8d] transferring FlowFile[671,97496005770500.mockFlowFile,13B] to 'success'
[pool-145-thread-1] INFO org.apache.nifi.processors.standard.ControlRate - ControlRate[id=f99191db-8b01-4505-bcda-2730f877db8d] transferring FlowFile[672,97496005784535.mockFlowFile,13B] to 'success'
[pool-145-thread-1] INFO org.apache.nifi.processors.standard.ControlRate - ControlRate[id=f99191db-8b01-4505-bcda-2730f877db8d] transferring FlowFile[673,97496005798319.mockFlowFile,13B] to 'success'
[pool-145-thread-1] INFO org.apache.nifi.processors.standard.ControlRate - ControlRate[id=f99191db-8b01-4505-bcda-2730f877db8d] transferring FlowFile[674,97496005810761.mockFlowFile,13B] to 'success'
[pool-145-thread-1] INFO org.apache.nifi.processors.standard.ControlRate - ControlRate[id=f99191db-8b01-4505-bcda-2730f877db8d] transferring FlowFile[675,97496005825962.mockFlowFile,13B] to 'success'
[pool-145-thread-1] INFO org.apache.nifi.processors.standard.ControlRate - ControlRate[id=f99191db-8b01-4505-bcda-2730f877db8d] transferring FlowFile[676,97496005838562.mockFlowFile,13B] to 'success'
[pool-145-thread-1] INFO org.apache.nifi.processors.standard.ControlRate - ControlRate[id=f99191db-8b01-4505-bcda-2730f877db8d] transferring FlowFile[677,97496005852480.mockFlowFile,13B] to 'success'
[pool-145-thread-1] INFO org.apache.nifi.processors.standard.ControlRate - ControlRate[id=f99191db-8b01-4505-bcda-2730f877db8d] transferring FlowFile[678,97496005865928.mockFlowFile,13B] to 'success'
[pool-145-thread-1] INFO org.apache.nifi.processors.standard.ControlRate - ControlRate[id=f99191db-8b01-4505-bcda-2730f877db8d] transferring FlowFile[679,97496005882234.mockFlowFile,13B] to 'success'
[pool-145-thread-1] INFO org.apache.nifi.processors.standard.ControlRate - ControlRate[id=f99191db-8b01-4505-bcda-2730f877db8d] transferring FlowFile[680,97496005895877.mockFlowFile,13B] to 'success'
[pool-145-thread-1] INFO org.apache.nifi.processors.standard.ControlRate - ControlRate[id=f99191db-8b01-4505-bcda-2730f877db8d] transferring FlowFile[681,97496005909193.mockFlowFile,13B] to 'success'
[pool-145-thread-1] INFO org.apache.nifi.processors.standard.ControlRate - ControlRate[id=f99191db-8b01-4505-bcda-2730f877db8d] transferring FlowFile[682,97496005922603.mockFlowFile,13B] to 'success'
[pool-145-thread-1] INFO org.apache.nifi.processors.standard.ControlRate - ControlRate[id=f99191db-8b01-4505-bcda-2730f877db8d] transferring FlowFile[683,97496005935577.mockFlowFile,13B] to 'success'
[pool-145-thread-1] INFO org.apache.nifi.processors.standard.ControlRate - ControlRate[id=f99191db-8b01-4505-bcda-2730f877db8d] transferring FlowFile[684,97496005957913.mockFlowFile,13B] to 'success'
[pool-145-thread-1] INFO org.apache.nifi.processors.standard.ControlRate - ControlRate[id=f99191db-8b01-4505-bcda-2730f877db8d] transferring FlowFile[685,97496005971602.mockFlowFile,13B] to 'success'
[pool-145-thread-1] INFO org.apache.nifi.processors.standard.ControlRate - ControlRate[id=f99191db-8b01-4505-bcda-2730f877db8d] transferring FlowFile[686,97496005987037.mockFlowFile,13B] to 'success'
[pool-145-thread-1] INFO org.apache.nifi.processors.standard.ControlRate - ControlRate[id=f99191db-8b01-4505-bcda-2730f877db8d] transferring FlowFile[687,97496006003598.mockFlowFile,13B] to 'success'
[pool-145-thread-1] INFO org.apache.nifi.processors.standard.ControlRate - ControlRate[id=f99191db-8b01-4505-bcda-2730f877db8d] transferring FlowFile[688,97496006017795.mockFlowFile,13B] to 'success'
[pool-145-thread-1] INFO org.apache.nifi.processors.standard.ControlRate - ControlRate[id=f99191db-8b01-4505-bcda-2730f877db8d] transferring FlowFile[689,97496006030284.mockFlowFile,13B] to 'success'
[pool-145-thread-1] INFO org.apache.nifi.processors.standard.ControlRate - ControlRate[id=f99191db-8b01-4505-bcda-2730f877db8d] transferring FlowFile[690,97496006046482.mockFlowFile,13B] to 'success'
[pool-145-thread-1] INFO org.apache.nifi.processors.standard.ControlRate - ControlRate[id=f99191db-8b01-4505-bcda-2730f877db8d] transferring FlowFile[691,97496006059084.mockFlowFile,13B] to 'success'
[pool-145-thread-1] INFO org.apache.nifi.processors.standard.ControlRate - ControlRate[id=f99191db-8b01-4505-bcda-2730f877db8d] transferring FlowFile[692,97496006070456.mockFlowFile,13B] to 'success'
[pool-145-thread-1] INFO org.apache.nifi.processors.standard.ControlRate - ControlRate[id=f99191db-8b01-4505-bcda-2730f877db8d] transferring FlowFile[693,97496006081406.mockFlowFile,13B] to 'success'
[pool-145-thread-1] INFO org.apache.nifi.processors.standard.ControlRate - ControlRate[id=f99191db-8b01-4505-bcda-2730f877db8d] transferring FlowFile[694,97496006096099.mockFlowFile,13B] to 'success'
[pool-145-thread-1] INFO org.apache.nifi.processors.standard.ControlRate - ControlRate[id=f99191db-8b01-4505-bcda-2730f877db8d] transferring FlowFile[695,97496006115763.mockFlowFile,13B] to 'success'
[pool-145-thread-1] INFO org.apache.nifi.processors.standard.ControlRate - ControlRate[id=f99191db-8b01-4505-bcda-2730f877db8d] transferring FlowFile[696,97496006210097.mockFlowFile,13B] to 'success'
[pool-145-thread-1] INFO org.apache.nifi.processors.standard.ControlRate - ControlRate[id=f99191db-8b01-4505-bcda-2730f877db8d] transferring FlowFile[697,97496006235416.mockFlowFile,13B] to 'success'
[pool-145-thread-1] INFO org.apache.nifi.processors.standard.ControlRate - ControlRate[id=f99191db-8b01-4505-bcda-2730f877db8d] transferring FlowFile[698,97496006249436.mockFlowFile,13B] to 'success'
[pool-145-thread-1] INFO org.apache.nifi.processors.standard.ControlRate - ControlRate[id=f99191db-8b01-4505-bcda-2730f877db8d] transferring FlowFile[699,97496006262070.mockFlowFile,13B] to 'success'
[pool-145-thread-1] INFO org.apache.nifi.processors.standard.ControlRate - ControlRate[id=f99191db-8b01-4505-bcda-2730f877db8d] transferring FlowFile[700,97496006276316.mockFlowFile,13B] to 'success'
[pool-145-thread-1] INFO org.apache.nifi.processors.standard.ControlRate - ControlRate[id=f99191db-8b01-4505-bcda-2730f877db8d] transferring FlowFile[701,97496006289021.mockFlowFile,13B] to 'success'
[pool-145-thread-1] INFO org.apache.nifi.processors.standard.ControlRate - ControlRate[id=f99191db-8b01-4505-bcda-2730f877db8d] transferring FlowFile[702,97496006303158.mockFlowFile,13B] to 'success'
[pool-145-thread-1] INFO org.apache.nifi.processors.standard.ControlRate - ControlRate[id=f99191db-8b01-4505-bcda-2730f877db8d] transferring FlowFile[703,97496006322750.mockFlowFile,13B] to 'success'
[pool-145-thread-1] INFO org.apache.nifi.processors.standard.ControlRate - ControlRate[id=f99191db-8b01-4505-bcda-2730f877db8d] transferring FlowFile[704,97496006336542.mockFlowFile,13B] to 'success'
[pool-145-thread-1] INFO org.apache.nifi.processors.standard.ControlRate - ControlRate[id=f99191db-8b01-4505-bcda-2730f877db8d] transferring FlowFile[705,97496006350366.mockFlowFile,13B] to 'success'
[pool-145-thread-1] INFO org.apache.nifi.processors.standard.ControlRate - ControlRate[id=f99191db-8b01-4505-bcda-2730f877db8d] transferring FlowFile[706,97496006363208.mockFlowFile,13B] to 'success'
[pool-145-thread-1] INFO org.apache.nifi.processors.standard.ControlRate - ControlRate[id=f99191db-8b01-4505-bcda-2730f877db8d] transferring FlowFile[707,97496006378430.mockFlowFile,13B] to 'success'
[pool-145-thread-1] INFO org.apache.nifi.processors.standard.ControlRate - ControlRate[id=f99191db-8b01-4505-bcda-2730f877db8d] transferring FlowFile[708,97496006392121.mockFlowFile,13B] to 'success'
[pool-145-thread-1] INFO org.apache.nifi.processors.standard.ControlRate - ControlRate[id=f99191db-8b01-4505-bcda-2730f877db8d] transferring FlowFile[709,97496006405052.mockFlowFile,13B] to 'success'
[pool-145-thread-1] INFO org.apache.nifi.processors.standard.ControlRate - ControlRate[id=f99191db-8b01-4505-bcda-2730f877db8d] transferring FlowFile[710,97496006418833.mockFlowFile,13B] to 'success'
[pool-145-thread-1] INFO org.apache.nifi.processors.standard.ControlRate - ControlRate[id=f99191db-8b01-4505-bcda-2730f877db8d] transferring FlowFile[711,97496006436073.mockFlowFile,13B] to 'success'
[pool-145-thread-1] INFO org.apache.nifi.processors.standard.ControlRate - ControlRate[id=f99191db-8b01-4505-bcda-2730f877db8d] transferring FlowFile[712,97496006450664.mockFlowFile,13B] to 'success'
[pool-145-thread-1] INFO org.apache.nifi.processors.standard.ControlRate - ControlRate[id=f99191db-8b01-4505-bcda-2730f877db8d] transferring FlowFile[713,97496006464639.mockFlowFile,13B] to 'success'
[pool-145-thread-1] INFO org.apache.nifi.processors.standard.ControlRate - ControlRate[id=f99191db-8b01-4505-bcda-2730f877db8d] transferring FlowFile[714,97496006477255.mockFlowFile,13B] to 'success'
[pool-145-thread-1] INFO org.apache.nifi.processors.standard.ControlRate - ControlRate[id=f99191db-8b01-4505-bcda-2730f877db8d] transferring FlowFile[715,97496006490807.mockFlowFile,13B] to 'success'
[pool-145-thread-1] INFO org.apache.nifi.processors.standard.ControlRate - ControlRate[id=f99191db-8b01-4505-bcda-2730f877db8d] transferring FlowFile[716,97496006505019.mockFlowFile,13B] to 'success'
[pool-145-thread-1] INFO org.apache.nifi.processors.standard.ControlRate - ControlRate[id=f99191db-8b01-4505-bcda-2730f877db8d] transferring FlowFile[717,97496006518029.mockFlowFile,13B] to 'success'
[pool-145-thread-1] INFO org.apache.nifi.processors.standard.ControlRate - ControlRate[id=f99191db-8b01-4505-bcda-2730f877db8d] transferring FlowFile[718,97496006531141.mockFlowFile,13B] to 'success'
[pool-145-thread-1] INFO org.apache.nifi.processors.standard.ControlRate - ControlRate[id=f99191db-8b01-4505-bcda-2730f877db8d] transferring FlowFile[719,97496006548319.mockFlowFile,13B] to 'success'
[pool-145-thread-1] INFO org.apache.nifi.processors.standard.ControlRate - ControlRate[id=f99191db-8b01-4505-bcda-2730f877db8d] transferring FlowFile[720,97496006563071.mockFlowFile,13B] to 'success'
[pool-145-thread-1] INFO org.apache.nifi.processors.standard.ControlRate - ControlRate[id=f99191db-8b01-4505-bcda-2730f877db8d] transferring FlowFile[721,97496006607615.mockFlowFile,13B] to 'success'
[pool-145-thread-1] INFO org.apache.nifi.processors.standard.ControlRate - ControlRate[id=f99191db-8b01-4505-bcda-2730f877db8d] transferring FlowFile[722,97496006621591.mockFlowFile,13B] to 'success'
[pool-145-thread-1] INFO org.apache.nifi.processors.standard.ControlRate - ControlRate[id=f99191db-8b01-4505-bcda-2730f877db8d] transferring FlowFile[723,97496006635390.mockFlowFile,13B] to 'success'
[pool-145-thread-1] INFO org.apache.nifi.processors.standard.ControlRate - ControlRate[id=f99191db-8b01-4505-bcda-2730f877db8d] transferring FlowFile[724,97496006647795.mockFlowFile,13B] to 'success'
[pool-145-thread-1] INFO org.apache.nifi.processors.standard.ControlRate - ControlRate[id=f99191db-8b01-4505-bcda-2730f877db8d] transferring FlowFile[725,97496006660961.mockFlowFile,13B] to 'success'
[pool-145-thread-1] INFO org.apache.nifi.processors.standard.ControlRate - ControlRate[id=f99191db-8b01-4505-bcda-2730f877db8d] transferring FlowFile[726,97496006673159.mockFlowFile,13B] to 'success'
[pool-145-thread-1] INFO org.apache.nifi.processors.standard.ControlRate - ControlRate[id=f99191db-8b01-4505-bcda-2730f877db8d] transferring FlowFile[727,97496006691779.mockFlowFile,13B] to 'success'
[pool-145-thread-1] INFO org.apache.nifi.processors.standard.ControlRate - ControlRate[id=f99191db-8b01-4505-bcda-2730f877db8d] transferring FlowFile[728,97496006705666.mockFlowFile,13B] to 'success'
[pool-145-thread-1] INFO org.apache.nifi.processors.standard.ControlRate - ControlRate[id=f99191db-8b01-4505-bcda-2730f877db8d] transferring FlowFile[729,97496006717630.mockFlowFile,13B] to 'success'
[pool-145-thread-1] INFO org.apache.nifi.processors.standard.ControlRate - ControlRate[id=f99191db-8b01-4505-bcda-2730f877db8d] transferring FlowFile[730,97496006731682.mockFlowFile,13B] to 'success'
[pool-145-thread-1] INFO org.apache.nifi.processors.standard.ControlRate - ControlRate[id=f99191db-8b01-4505-bcda-2730f877db8d] transferring FlowFile[731,97496006743667.mockFlowFile,13B] to 'success'
[pool-145-thread-1] INFO org.apache.nifi.processors.standard.ControlRate - ControlRate[id=f99191db-8b01-4505-bcda-2730f877db8d] transferring FlowFile[732,97496006757017.mockFlowFile,13B] to 'success'
[pool-145-thread-1] INFO org.apache.nifi.processors.standard.ControlRate - ControlRate[id=f99191db-8b01-4505-bcda-2730f877db8d] transferring FlowFile[733,97496006770174.mockFlowFile,13B] to 'success'
[pool-145-thread-1] INFO org.apache.nifi.processors.standard.ControlRate - ControlRate[id=f99191db-8b01-4505-bcda-2730f877db8d] transferring FlowFile[734,97496006784175.mockFlowFile,13B] to 'success'
[pool-145-thread-1] INFO org.apache.nifi.processors.standard.ControlRate - ControlRate[id=f99191db-8b01-4505-bcda-2730f877db8d] transferring FlowFile[735,97496006801594.mockFlowFile,13B] to 'success'
[pool-145-thread-1] INFO org.apache.nifi.processors.standard.ControlRate - ControlRate[id=f99191db-8b01-4505-bcda-2730f877db8d] transferring FlowFile[736,97496006814782.mockFlowFile,13B] to 'success'
[pool-145-thread-1] INFO org.apache.nifi.processors.standard.ControlRate - ControlRate[id=f99191db-8b01-4505-bcda-2730f877db8d] transferring FlowFile[737,97496006828164.mockFlowFile,13B] to 'success'
[pool-145-thread-1] INFO org.apache.nifi.processors.standard.ControlRate - ControlRate[id=f99191db-8b01-4505-bcda-2730f877db8d] transferring FlowFile[738,97496006841602.mockFlowFile,13B] to 'success'
[pool-145-thread-1] INFO org.apache.nifi.processors.standard.ControlRate - ControlRate[id=f99191db-8b01-4505-bcda-2730f877db8d] transferring FlowFile[739,97496006853880.mockFlowFile,13B] to 'success'
[pool-145-thread-1] INFO org.apache.nifi.processors.standard.ControlRate - ControlRate[id=f99191db-8b01-4505-bcda-2730f877db8d] transferring FlowFile[740,97496006885338.mockFlowFile,13B] to 'success'
[pool-145-thread-1] INFO org.apache.nifi.processors.standard.ControlRate - ControlRate[id=f99191db-8b01-4505-bcda-2730f877db8d] transferring FlowFile[741,97496006898515.mockFlowFile,13B] to 'success'
[pool-145-thread-1] INFO org.apache.nifi.processors.standard.ControlRate - ControlRate[id=f99191db-8b01-4505-bcda-2730f877db8d] transferring FlowFile[742,97496006911315.mockFlowFile,13B] to 'success'
[pool-145-thread-1] INFO org.apache.nifi.processors.standard.ControlRate - ControlRate[id=f99191db-8b01-4505-bcda-2730f877db8d] transferring FlowFile[743,97496006929797.mockFlowFile,13B] to 'success'
[pool-145-thread-1] INFO org.apache.nifi.processors.standard.ControlRate - ControlRate[id=f99191db-8b01-4505-bcda-2730f877db8d] transferring FlowFile[744,97496006942933.mockFlowFile,13B] to 'success'
[pool-145-thread-1] INFO org.apache.nifi.processors.standard.ControlRate - ControlRate[id=f99191db-8b01-4505-bcda-2730f877db8d] transferring FlowFile[745,97496006956445.mockFlowFile,13B] to 'success'
[pool-145-thread-1] INFO org.apache.nifi.processors.standard.ControlRate - ControlRate[id=f99191db-8b01-4505-bcda-2730f877db8d] transferring FlowFile[746,97496006968298.mockFlowFile,13B] to 'success'
[pool-145-thread-1] INFO org.apache.nifi.processors.standard.ControlRate - ControlRate[id=f99191db-8b01-4505-bcda-2730f877db8d] transferring FlowFile[747,97496006981444.mockFlowFile,13B] to 'success'
[pool-145-thread-1] INFO org.apache.nifi.processors.standard.ControlRate - ControlRate[id=f99191db-8b01-4505-bcda-2730f877db8d] transferring FlowFile[748,97496006994678.mockFlowFile,13B] to 'success'
[pool-145-thread-1] INFO org.apache.nifi.processors.standard.ControlRate - ControlRate[id=f99191db-8b01-4505-bcda-2730f877db8d] transferring FlowFile[749,97496007006742.mockFlowFile,13B] to 'success'
[pool-145-thread-1] INFO org.apache.nifi.processors.standard.ControlRate - ControlRate[id=f99191db-8b01-4505-bcda-2730f877db8d] transferring FlowFile[750,97496007019574.mockFlowFile,13B] to 'success'
[pool-145-thread-1] INFO org.apache.nifi.processors.standard.ControlRate - ControlRate[id=f99191db-8b01-4505-bcda-2730f877db8d] transferring FlowFile[751,97496007036042.mockFlowFile,13B] to 'success'
[pool-145-thread-1] INFO org.apache.nifi.processors.standard.ControlRate - ControlRate[id=f99191db-8b01-4505-bcda-2730f877db8d] transferring FlowFile[752,97496007050292.mockFlowFile,13B] to 'success'
[pool-145-thread-1] INFO org.apache.nifi.processors.standard.ControlRate - ControlRate[id=f99191db-8b01-4505-bcda-2730f877db8d] transferring FlowFile[753,97496007063510.mockFlowFile,13B] to 'success'
[pool-145-thread-1] INFO org.apache.nifi.processors.standard.ControlRate - ControlRate[id=f99191db-8b01-4505-bcda-2730f877db8d] transferring FlowFile[754,97496007075958.mockFlowFile,13B] to 'success'
[pool-145-thread-1] INFO org.apache.nifi.processors.standard.ControlRate - ControlRate[id=f99191db-8b01-4505-bcda-2730f877db8d] transferring FlowFile[755,97496007088978.mockFlowFile,13B] to 'success'
[pool-145-thread-1] INFO org.apache.nifi.processors.standard.ControlRate - ControlRate[id=f99191db-8b01-4505-bcda-2730f877db8d] transferring FlowFile[756,97496007101272.mockFlowFile,13B] to 'success'
[pool-145-thread-1] INFO org.apache.nifi.processors.standard.ControlRate - ControlRate[id=f99191db-8b01-4505-bcda-2730f877db8d] transferring FlowFile[757,97496007114668.mockFlowFile,13B] to 'success'
[pool-145-thread-1] INFO org.apache.nifi.processors.standard.ControlRate - ControlRate[id=f99191db-8b01-4505-bcda-2730f877db8d] transferring FlowFile[758,97496007127879.mockFlowFile,13B] to 'success'
[pool-145-thread-1] INFO org.apache.nifi.processors.standard.ControlRate - ControlRate[id=f99191db-8b01-4505-bcda-2730f877db8d] transferring FlowFile[759,97496007143845.mockFlowFile,13B] to 'success'
[pool-145-thread-1] INFO org.apache.nifi.processors.standard.ControlRate - ControlRate[id=f99191db-8b01-4505-bcda-2730f877db8d] transferring FlowFile[760,97496007158457.mockFlowFile,13B] to 'success'
[pool-145-thread-1] INFO org.apache.nifi.processors.standard.ControlRate - ControlRate[id=f99191db-8b01-4505-bcda-2730f877db8d] transferring FlowFile[761,97496007169771.mockFlowFile,13B] to 'success'
[pool-145-thread-1] INFO org.apache.nifi.processors.standard.ControlRate - ControlRate[id=f99191db-8b01-4505-bcda-2730f877db8d] transferring FlowFile[762,97496007185040.mockFlowFile,13B] to 'success'
[pool-145-thread-1] INFO org.apache.nifi.processors.standard.ControlRate - ControlRate[id=f99191db-8b01-4505-bcda-2730f877db8d] transferring FlowFile[763,97496007199281.mockFlowFile,13B] to 'success'
[pool-145-thread-1] INFO org.apache.nifi.processors.standard.ControlRate - ControlRate[id=f99191db-8b01-4505-bcda-2730f877db8d] transferring FlowFile[764,97496007211479.mockFlowFile,13B] to 'success'
[pool-145-thread-1] INFO org.apache.nifi.processors.standard.ControlRate - ControlRate[id=f99191db-8b01-4505-bcda-2730f877db8d] transferring FlowFile[765,97496007253888.mockFlowFile,13B] to 'success'
[pool-145-thread-1] INFO org.apache.nifi.processors.standard.ControlRate - ControlRate[id=f99191db-8b01-4505-bcda-2730f877db8d] transferring FlowFile[766,97496007277804.mockFlowFile,13B] to 'success'
[pool-145-thread-1] INFO org.apache.nifi.processors.standard.ControlRate - ControlRate[id=f99191db-8b01-4505-bcda-2730f877db8d] transferring FlowFile[767,97496007301168.mockFlowFile,13B] to 'success'
[pool-145-thread-1] INFO org.apache.nifi.processors.standard.ControlRate - ControlRate[id=f99191db-8b01-4505-bcda-2730f877db8d] transferring FlowFile[768,97496007316038.mockFlowFile,13B] to 'success'
[pool-145-thread-1] INFO org.apache.nifi.processors.standard.ControlRate - ControlRate[id=f99191db-8b01-4505-bcda-2730f877db8d] transferring FlowFile[769,97496007328426.mockFlowFile,13B] to 'success'
[pool-145-thread-1] INFO org.apache.nifi.processors.standard.ControlRate - ControlRate[id=f99191db-8b01-4505-bcda-2730f877db8d] transferring FlowFile[770,97496007341605.mockFlowFile,13B] to 'success'
[pool-145-thread-1] INFO org.apache.nifi.processors.standard.ControlRate - ControlRate[id=f99191db-8b01-4505-bcda-2730f877db8d] transferring FlowFile[771,97496007353325.mockFlowFile,13B] to 'success'
[pool-145-thread-1] INFO org.apache.nifi.processors.standard.ControlRate - ControlRate[id=f99191db-8b01-4505-bcda-2730f877db8d] transferring FlowFile[772,97496007366542.mockFlowFile,13B] to 'success'
[pool-145-thread-1] INFO org.apache.nifi.processors.standard.ControlRate - ControlRate[id=f99191db-8b01-4505-bcda-2730f877db8d] transferring FlowFile[773,97496007379923.mockFlowFile,13B] to 'success'
[pool-145-thread-1] INFO org.apache.nifi.processors.standard.ControlRate - ControlRate[id=f99191db-8b01-4505-bcda-2730f877db8d] transferring FlowFile[774,97496007391779.mockFlowFile,13B] to 'success'
[pool-145-thread-1] INFO org.apache.nifi.processors.standard.ControlRate - ControlRate[id=f99191db-8b01-4505-bcda-2730f877db8d] transferring FlowFile[775,97496007409662.mockFlowFile,13B] to 'success'
[pool-145-thread-1] INFO org.apache.nifi.processors.standard.ControlRate - ControlRate[id=f99191db-8b01-4505-bcda-2730f877db8d] transferring FlowFile[776,97496007421712.mockFlowFile,13B] to 'success'
[pool-145-thread-1] INFO org.apache.nifi.processors.standard.ControlRate - ControlRate[id=f99191db-8b01-4505-bcda-2730f877db8d] transferring FlowFile[777,97496007434572.mockFlowFile,13B] to 'success'
[pool-145-thread-1] INFO org.apache.nifi.processors.standard.ControlRate - ControlRate[id=f99191db-8b01-4505-bcda-2730f877db8d] transferring FlowFile[778,97496007447552.mockFlowFile,13B] to 'success'
[pool-145-thread-1] INFO org.apache.nifi.processors.standard.ControlRate - ControlRate[id=f99191db-8b01-4505-bcda-2730f877db8d] transferring FlowFile[779,97496007459852.mockFlowFile,13B] to 'success'
[pool-145-thread-1] INFO org.apache.nifi.processors.standard.ControlRate - ControlRate[id=f99191db-8b01-4505-bcda-2730f877db8d] transferring FlowFile[780,97496007473241.mockFlowFile,13B] to 'success'
[pool-145-thread-1] INFO org.apache.nifi.processors.standard.ControlRate - ControlRate[id=f99191db-8b01-4505-bcda-2730f877db8d] transferring FlowFile[781,97496007485566.mockFlowFile,13B] to 'success'
[pool-145-thread-1] INFO org.apache.nifi.processors.standard.ControlRate - ControlRate[id=f99191db-8b01-4505-bcda-2730f877db8d] transferring FlowFile[782,97496007498419.mockFlowFile,13B] to 'success'
[pool-145-thread-1] INFO org.apache.nifi.processors.standard.ControlRate - ControlRate[id=f99191db-8b01-4505-bcda-2730f877db8d] transferring FlowFile[783,97496007523377.mockFlowFile,13B] to 'success'
[pool-145-thread-1] INFO org.apache.nifi.processors.standard.ControlRate - ControlRate[id=f99191db-8b01-4505-bcda-2730f877db8d] transferring FlowFile[784,97496007542142.mockFlowFile,13B] to 'success'
[pool-145-thread-1] INFO org.apache.nifi.processors.standard.ControlRate - ControlRate[id=f99191db-8b01-4505-bcda-2730f877db8d] transferring FlowFile[785,97496007555329.mockFlowFile,13B] to 'success'
[pool-145-thread-1] INFO org.apache.nifi.processors.standard.ControlRate - ControlRate[id=f99191db-8b01-4505-bcda-2730f877db8d] transferring FlowFile[786,97496007567889.mockFlowFile,13B] to 'success'
[pool-145-thread-1] INFO org.apache.nifi.processors.standard.ControlRate - ControlRate[id=f99191db-8b01-4505-bcda-2730f877db8d] transferring FlowFile[787,97496007581656.mockFlowFile,13B] to 'success'
[pool-145-thread-1] INFO org.apache.nifi.processors.standard.ControlRate - ControlRate[id=f99191db-8b01-4505-bcda-2730f877db8d] transferring FlowFile[788,97496007597076.mockFlowFile,13B] to 'success'
[pool-145-thread-1] INFO org.apache.nifi.processors.standard.ControlRate - ControlRate[id=f99191db-8b01-4505-bcda-2730f877db8d] transferring FlowFile[789,97496007609811.mockFlowFile,13B] to 'success'
[pool-145-thread-1] INFO org.apache.nifi.processors.standard.ControlRate - ControlRate[id=f99191db-8b01-4505-bcda-2730f877db8d] transferring FlowFile[790,97496007623463.mockFlowFile,13B] to 'success'
[pool-145-thread-1] INFO org.apache.nifi.processors.standard.ControlRate - ControlRate[id=f99191db-8b01-4505-bcda-2730f877db8d] transferring FlowFile[791,97496007650801.mockFlowFile,13B] to 'success'
[pool-145-thread-1] INFO org.apache.nifi.processors.standard.ControlRate - ControlRate[id=f99191db-8b01-4505-bcda-2730f877db8d] transferring FlowFile[792,97496007665296.mockFlowFile,13B] to 'success'
[pool-145-thread-1] INFO org.apache.nifi.processors.standard.ControlRate - ControlRate[id=f99191db-8b01-4505-bcda-2730f877db8d] transferring FlowFile[793,97496007678544.mockFlowFile,13B] to 'success'
[pool-145-thread-1] INFO org.apache.nifi.processors.standard.ControlRate - ControlRate[id=f99191db-8b01-4505-bcda-2730f877db8d] transferring FlowFile[794,97496007691305.mockFlowFile,13B] to 'success'
[pool-145-thread-1] INFO org.apache.nifi.processors.standard.ControlRate - ControlRate[id=f99191db-8b01-4505-bcda-2730f877db8d] transferring FlowFile[795,97496007705424.mockFlowFile,13B] to 'success'
[pool-145-thread-1] INFO org.apache.nifi.processors.standard.ControlRate - ControlRate[id=f99191db-8b01-4505-bcda-2730f877db8d] transferring FlowFile[796,97496007718269.mockFlowFile,13B] to 'success'
[pool-145-thread-1] INFO org.apache.nifi.processors.standard.ControlRate - ControlRate[id=f99191db-8b01-4505-bcda-2730f877db8d] transferring FlowFile[797,97496007731883.mockFlowFile,13B] to 'success'
[pool-145-thread-1] INFO org.apache.nifi.processors.standard.ControlRate - ControlRate[id=f99191db-8b01-4505-bcda-2730f877db8d] transferring FlowFile[798,97496007747796.mockFlowFile,13B] to 'success'
[pool-145-thread-1] INFO org.apache.nifi.processors.standard.ControlRate - ControlRate[id=f99191db-8b01-4505-bcda-2730f877db8d] transferring FlowFile[799,97496007765000.mockFlowFile,13B] to 'success'
[pool-145-thread-1] INFO org.apache.nifi.processors.standard.ControlRate - ControlRate[id=f99191db-8b01-4505-bcda-2730f877db8d] transferring FlowFile[800,97496007779165.mockFlowFile,13B] to 'success'
[pool-145-thread-1] INFO org.apache.nifi.processors.standard.ControlRate - ControlRate[id=f99191db-8b01-4505-bcda-2730f877db8d] transferring FlowFile[801,97496007791677.mockFlowFile,13B] to 'success'
[pool-145-thread-1] INFO org.apache.nifi.processors.standard.ControlRate - ControlRate[id=f99191db-8b01-4505-bcda-2730f877db8d] transferring FlowFile[802,97496007805070.mockFlowFile,13B] to 'success'
[pool-145-thread-1] INFO org.apache.nifi.processors.standard.ControlRate - ControlRate[id=f99191db-8b01-4505-bcda-2730f877db8d] transferring FlowFile[803,97496007818328.mockFlowFile,13B] to 'success'
[pool-145-thread-1] INFO org.apache.nifi.processors.standard.ControlRate - ControlRate[id=f99191db-8b01-4505-bcda-2730f877db8d] transferring FlowFile[804,97496007830383.mockFlowFile,13B] to 'success'
[pool-145-thread-1] INFO org.apache.nifi.processors.standard.ControlRate - ControlRate[id=f99191db-8b01-4505-bcda-2730f877db8d] transferring FlowFile[805,97496007845592.mockFlowFile,13B] to 'success'
[pool-145-thread-1] INFO org.apache.nifi.processors.standard.ControlRate - ControlRate[id=f99191db-8b01-4505-bcda-2730f877db8d] transferring FlowFile[806,97496007857816.mockFlowFile,13B] to 'success'
[pool-145-thread-1] INFO org.apache.nifi.processors.standard.ControlRate - ControlRate[id=f99191db-8b01-4505-bcda-2730f877db8d] transferring FlowFile[807,97496007875803.mockFlowFile,13B] to 'success'
[pool-145-thread-1] INFO org.apache.nifi.processors.standard.ControlRate - ControlRate[id=f99191db-8b01-4505-bcda-2730f877db8d] transferring FlowFile[808,97496007889271.mockFlowFile,13B] to 'success'
[pool-145-thread-1] INFO org.apache.nifi.processors.standard.ControlRate - ControlRate[id=f99191db-8b01-4505-bcda-2730f877db8d] transferring FlowFile[809,97496007901321.mockFlowFile,13B] to 'success'
[pool-145-thread-1] INFO org.apache.nifi.processors.standard.ControlRate - ControlRate[id=f99191db-8b01-4505-bcda-2730f877db8d] transferring FlowFile[810,97496007914901.mockFlowFile,13B] to 'success'
[pool-145-thread-1] INFO org.apache.nifi.processors.standard.ControlRate - ControlRate[id=f99191db-8b01-4505-bcda-2730f877db8d] transferring FlowFile[811,97496007932453.mockFlowFile,13B] to 'success'
[pool-145-thread-1] INFO org.apache.nifi.processors.standard.ControlRate - ControlRate[id=f99191db-8b01-4505-bcda-2730f877db8d] transferring FlowFile[812,97496007946288.mockFlowFile,13B] to 'success'
[pool-145-thread-1] INFO org.apache.nifi.processors.standard.ControlRate - ControlRate[id=f99191db-8b01-4505-bcda-2730f877db8d] transferring FlowFile[813,97496007962019.mockFlowFile,13B] to 'success'
[pool-145-thread-1] INFO org.apache.nifi.processors.standard.ControlRate - ControlRate[id=f99191db-8b01-4505-bcda-2730f877db8d] transferring FlowFile[814,97496007984184.mockFlowFile,13B] to 'success'
[pool-145-thread-1] INFO org.apache.nifi.processors.standard.ControlRate - ControlRate[id=f99191db-8b01-4505-bcda-2730f877db8d] transferring FlowFile[815,97496008015713.mockFlowFile,13B] to 'success'
[pool-145-thread-1] INFO org.apache.nifi.processors.standard.ControlRate - ControlRate[id=f99191db-8b01-4505-bcda-2730f877db8d] transferring FlowFile[816,97496008031908.mockFlowFile,13B] to 'success'
[pool-145-thread-1] INFO org.apache.nifi.processors.standard.ControlRate - ControlRate[id=f99191db-8b01-4505-bcda-2730f877db8d] transferring FlowFile[817,97496008045741.mockFlowFile,13B] to 'success'
[pool-145-thread-1] INFO org.apache.nifi.processors.standard.ControlRate - ControlRate[id=f99191db-8b01-4505-bcda-2730f877db8d] transferring FlowFile[818,97496008059353.mockFlowFile,13B] to 'success'
[pool-145-thread-1] INFO org.apache.nifi.processors.standard.ControlRate - ControlRate[id=f99191db-8b01-4505-bcda-2730f877db8d] transferring FlowFile[819,97496008073678.mockFlowFile,13B] to 'success'
[pool-145-thread-1] INFO org.apache.nifi.processors.standard.ControlRate - ControlRate[id=f99191db-8b01-4505-bcda-2730f877db8d] transferring FlowFile[820,97496008086732.mockFlowFile,13B] to 'success'
[pool-145-thread-1] INFO org.apache.nifi.processors.standard.ControlRate - ControlRate[id=f99191db-8b01-4505-bcda-2730f877db8d] transferring FlowFile[821,97496008099252.mockFlowFile,13B] to 'success'
[pool-145-thread-1] INFO org.apache.nifi.processors.standard.ControlRate - ControlRate[id=f99191db-8b01-4505-bcda-2730f877db8d] transferring FlowFile[822,97496008113216.mockFlowFile,13B] to 'success'
[pool-145-thread-1] INFO org.apache.nifi.processors.standard.ControlRate - ControlRate[id=f99191db-8b01-4505-bcda-2730f877db8d] transferring FlowFile[823,97496008131478.mockFlowFile,13B] to 'success'
[pool-145-thread-1] INFO org.apache.nifi.processors.standard.ControlRate - ControlRate[id=f99191db-8b01-4505-bcda-2730f877db8d] transferring FlowFile[824,97496008144941.mockFlowFile,13B] to 'success'
[pool-145-thread-1] INFO org.apache.nifi.processors.standard.ControlRate - ControlRate[id=f99191db-8b01-4505-bcda-2730f877db8d] transferring FlowFile[825,97496008158706.mockFlowFile,13B] to 'success'
[pool-145-thread-1] INFO org.apache.nifi.processors.standard.ControlRate - ControlRate[id=f99191db-8b01-4505-bcda-2730f877db8d] transferring FlowFile[826,97496008170795.mockFlowFile,13B] to 'success'
[pool-145-thread-1] INFO org.apache.nifi.processors.standard.ControlRate - ControlRate[id=f99191db-8b01-4505-bcda-2730f877db8d] transferring FlowFile[827,97496008184111.mockFlowFile,13B] to 'success'
[pool-145-thread-1] INFO org.apache.nifi.processors.standard.ControlRate - ControlRate[id=f99191db-8b01-4505-bcda-2730f877db8d] transferring FlowFile[828,97496008197072.mockFlowFile,13B] to 'success'
[pool-145-thread-1] INFO org.apache.nifi.processors.standard.ControlRate - ControlRate[id=f99191db-8b01-4505-bcda-2730f877db8d] transferring FlowFile[829,97496008208873.mockFlowFile,13B] to 'success'
[pool-145-thread-1] INFO org.apache.nifi.processors.standard.ControlRate - ControlRate[id=f99191db-8b01-4505-bcda-2730f877db8d] transferring FlowFile[830,97496008221882.mockFlowFile,13B] to 'success'
[pool-145-thread-1] INFO org.apache.nifi.processors.standard.ControlRate - ControlRate[id=f99191db-8b01-4505-bcda-2730f877db8d] transferring FlowFile[831,97496008238474.mockFlowFile,13B] to 'success'
[pool-145-thread-1] INFO org.apache.nifi.processors.standard.ControlRate - ControlRate[id=f99191db-8b01-4505-bcda-2730f877db8d] transferring FlowFile[832,97496008252484.mockFlowFile,13B] to 'success'
[pool-145-thread-1] INFO org.apache.nifi.processors.standard.ControlRate - ControlRate[id=f99191db-8b01-4505-bcda-2730f877db8d] transferring FlowFile[833,97496008265790.mockFlowFile,13B] to 'success'
[pool-145-thread-1] INFO org.apache.nifi.processors.standard.ControlRate - ControlRate[id=f99191db-8b01-4505-bcda-2730f877db8d] transferring FlowFile[834,97496008278745.mockFlowFile,13B] to 'success'
[pool-145-thread-1] INFO org.apache.nifi.processors.standard.ControlRate - ControlRate[id=f99191db-8b01-4505-bcda-2730f877db8d] transferring FlowFile[835,97496008294606.mockFlowFile,13B] to 'success'
[pool-145-thread-1] INFO org.apache.nifi.processors.standard.ControlRate - ControlRate[id=f99191db-8b01-4505-bcda-2730f877db8d] transferring FlowFile[836,97496008306728.mockFlowFile,13B] to 'success'
[pool-145-thread-1] INFO org.apache.nifi.processors.standard.ControlRate - ControlRate[id=f99191db-8b01-4505-bcda-2730f877db8d] transferring FlowFile[837,97496008333449.mockFlowFile,13B] to 'success'
[pool-145-thread-1] INFO org.apache.nifi.processors.standard.ControlRate - ControlRate[id=f99191db-8b01-4505-bcda-2730f877db8d] transferring FlowFile[838,97496008351411.mockFlowFile,13B] to 'success'
[pool-145-thread-1] INFO org.apache.nifi.processors.standard.ControlRate - ControlRate[id=f99191db-8b01-4505-bcda-2730f877db8d] transferring FlowFile[839,97496008370261.mockFlowFile,13B] to 'success'
[pool-145-thread-1] INFO org.apache.nifi.processors.standard.ControlRate - ControlRate[id=f99191db-8b01-4505-bcda-2730f877db8d] transferring FlowFile[840,97496008394726.mockFlowFile,13B] to 'success'
[pool-145-thread-1] INFO org.apache.nifi.processors.standard.ControlRate - ControlRate[id=f99191db-8b01-4505-bcda-2730f877db8d] transferring FlowFile[841,97496008407414.mockFlowFile,13B] to 'success'
[pool-145-thread-1] INFO org.apache.nifi.processors.standard.ControlRate - ControlRate[id=f99191db-8b01-4505-bcda-2730f877db8d] transferring FlowFile[842,97496008421263.mockFlowFile,13B] to 'success'
[pool-145-thread-1] INFO org.apache.nifi.processors.standard.ControlRate - ControlRate[id=f99191db-8b01-4505-bcda-2730f877db8d] transferring FlowFile[843,97496008434566.mockFlowFile,13B] to 'success'
[pool-145-thread-1] INFO org.apache.nifi.processors.standard.ControlRate - ControlRate[id=f99191db-8b01-4505-bcda-2730f877db8d] transferring FlowFile[844,97496008446310.mockFlowFile,13B] to 'success'
[pool-145-thread-1] INFO org.apache.nifi.processors.standard.ControlRate - ControlRate[id=f99191db-8b01-4505-bcda-2730f877db8d] transferring FlowFile[845,97496008459415.mockFlowFile,13B] to 'success'
[pool-145-thread-1] INFO org.apache.nifi.processors.standard.ControlRate - ControlRate[id=f99191db-8b01-4505-bcda-2730f877db8d] transferring FlowFile[846,97496008471654.mockFlowFile,13B] to 'success'
[pool-145-thread-1] INFO org.apache.nifi.processors.standard.ControlRate - ControlRate[id=f99191db-8b01-4505-bcda-2730f877db8d] transferring FlowFile[847,97496008489568.mockFlowFile,13B] to 'success'
[pool-145-thread-1] INFO org.apache.nifi.processors.standard.ControlRate - ControlRate[id=f99191db-8b01-4505-bcda-2730f877db8d] transferring FlowFile[848,97496008509037.mockFlowFile,13B] to 'success'
[pool-145-thread-1] INFO org.apache.nifi.processors.standard.ControlRate - ControlRate[id=f99191db-8b01-4505-bcda-2730f877db8d] transferring FlowFile[849,97496008526695.mockFlowFile,13B] to 'success'
[pool-145-thread-1] INFO org.apache.nifi.processors.standard.ControlRate - ControlRate[id=f99191db-8b01-4505-bcda-2730f877db8d] transferring FlowFile[850,97496008544613.mockFlowFile,13B] to 'success'
[pool-145-thread-1] INFO org.apache.nifi.processors.standard.ControlRate - ControlRate[id=f99191db-8b01-4505-bcda-2730f877db8d] transferring FlowFile[851,97496008557636.mockFlowFile,13B] to 'success'
[pool-145-thread-1] INFO org.apache.nifi.processors.standard.ControlRate - ControlRate[id=f99191db-8b01-4505-bcda-2730f877db8d] transferring FlowFile[852,97496008581431.mockFlowFile,13B] to 'success'
[pool-145-thread-1] INFO org.apache.nifi.processors.standard.ControlRate - ControlRate[id=f99191db-8b01-4505-bcda-2730f877db8d] transferring FlowFile[853,97496008594751.mockFlowFile,13B] to 'success'
[pool-145-thread-1] INFO org.apache.nifi.processors.standard.ControlRate - ControlRate[id=f99191db-8b01-4505-bcda-2730f877db8d] transferring FlowFile[854,97496008608279.mockFlowFile,13B] to 'success'
[pool-145-thread-1] INFO org.apache.nifi.processors.standard.ControlRate - ControlRate[id=f99191db-8b01-4505-bcda-2730f877db8d] transferring FlowFile[855,97496008626923.mockFlowFile,13B] to 'success'
[pool-145-thread-1] INFO org.apache.nifi.processors.standard.ControlRate - ControlRate[id=f99191db-8b01-4505-bcda-2730f877db8d] transferring FlowFile[856,97496008640323.mockFlowFile,13B] to 'success'
[pool-145-thread-1] INFO org.apache.nifi.processors.standard.ControlRate - ControlRate[id=f99191db-8b01-4505-bcda-2730f877db8d] transferring FlowFile[857,97496008653924.mockFlowFile,13B] to 'success'
[pool-145-thread-1] INFO org.apache.nifi.processors.standard.ControlRate - ControlRate[id=f99191db-8b01-4505-bcda-2730f877db8d] transferring FlowFile[858,97496008668994.mockFlowFile,13B] to 'success'
[pool-145-thread-1] INFO org.apache.nifi.processors.standard.ControlRate - ControlRate[id=f99191db-8b01-4505-bcda-2730f877db8d] transferring FlowFile[859,97496008681153.mockFlowFile,13B] to 'success'
[pool-145-thread-1] INFO org.apache.nifi.processors.standard.ControlRate - ControlRate[id=f99191db-8b01-4505-bcda-2730f877db8d] transferring FlowFile[860,97496008696352.mockFlowFile,13B] to 'success'
[pool-145-thread-1] INFO org.apache.nifi.processors.standard.ControlRate - ControlRate[id=f99191db-8b01-4505-bcda-2730f877db8d] transferring FlowFile[861,97496008709139.mockFlowFile,13B] to 'success'
[pool-145-thread-1] INFO org.apache.nifi.processors.standard.ControlRate - ControlRate[id=f99191db-8b01-4505-bcda-2730f877db8d] transferring FlowFile[862,97496008722749.mockFlowFile,13B] to 'success'
[pool-145-thread-1] INFO org.apache.nifi.processors.standard.ControlRate - ControlRate[id=f99191db-8b01-4505-bcda-2730f877db8d] transferring FlowFile[863,97496008740431.mockFlowFile,13B] to 'success'
[pool-145-thread-1] INFO org.apache.nifi.processors.standard.ControlRate - ControlRate[id=f99191db-8b01-4505-bcda-2730f877db8d] transferring FlowFile[864,97496008754559.mockFlowFile,13B] to 'success'
[pool-145-thread-1] INFO org.apache.nifi.processors.standard.ControlRate - ControlRate[id=f99191db-8b01-4505-bcda-2730f877db8d] transferring FlowFile[865,97496008768133.mockFlowFile,13B] to 'success'
[pool-145-thread-1] INFO org.apache.nifi.processors.standard.ControlRate - ControlRate[id=f99191db-8b01-4505-bcda-2730f877db8d] transferring FlowFile[866,97496008781156.mockFlowFile,13B] to 'success'
[pool-145-thread-1] INFO org.apache.nifi.processors.standard.ControlRate - ControlRate[id=f99191db-8b01-4505-bcda-2730f877db8d] transferring FlowFile[867,97496008794891.mockFlowFile,13B] to 'success'
[pool-145-thread-1] INFO org.apache.nifi.processors.standard.ControlRate - ControlRate[id=f99191db-8b01-4505-bcda-2730f877db8d] transferring FlowFile[868,97496008820562.mockFlowFile,13B] to 'success'
[pool-145-thread-1] INFO org.apache.nifi.processors.standard.ControlRate - ControlRate[id=f99191db-8b01-4505-bcda-2730f877db8d] transferring FlowFile[869,97496008843836.mockFlowFile,13B] to 'success'
[pool-145-thread-1] INFO org.apache.nifi.processors.standard.ControlRate - ControlRate[id=f99191db-8b01-4505-bcda-2730f877db8d] transferring FlowFile[870,97496008862825.mockFlowFile,13B] to 'success'
[pool-145-thread-1] INFO org.apache.nifi.processors.standard.ControlRate - ControlRate[id=f99191db-8b01-4505-bcda-2730f877db8d] transferring FlowFile[871,97496008881348.mockFlowFile,13B] to 'success'
[pool-145-thread-1] INFO org.apache.nifi.processors.standard.ControlRate - ControlRate[id=f99191db-8b01-4505-bcda-2730f877db8d] transferring FlowFile[872,97496008896545.mockFlowFile,13B] to 'success'
[pool-145-thread-1] INFO org.apache.nifi.processors.standard.ControlRate - ControlRate[id=f99191db-8b01-4505-bcda-2730f877db8d] transferring FlowFile[873,97496008912986.mockFlowFile,13B] to 'success'
[pool-145-thread-1] INFO org.apache.nifi.processors.standard.ControlRate - ControlRate[id=f99191db-8b01-4505-bcda-2730f877db8d] transferring FlowFile[874,97496008925460.mockFlowFile,13B] to 'success'
[pool-145-thread-1] INFO org.apache.nifi.processors.standard.ControlRate - ControlRate[id=f99191db-8b01-4505-bcda-2730f877db8d] transferring FlowFile[875,97496008938867.mockFlowFile,13B] to 'success'
[pool-145-thread-1] INFO org.apache.nifi.processors.standard.ControlRate - ControlRate[id=f99191db-8b01-4505-bcda-2730f877db8d] transferring FlowFile[876,97496008951333.mockFlowFile,13B] to 'success'
[pool-145-thread-1] INFO org.apache.nifi.processors.standard.ControlRate - ControlRate[id=f99191db-8b01-4505-bcda-2730f877db8d] transferring FlowFile[877,97496008965232.mockFlowFile,13B] to 'success'
[pool-145-thread-1] INFO org.apache.nifi.processors.standard.ControlRate - ControlRate[id=f99191db-8b01-4505-bcda-2730f877db8d] transferring FlowFile[878,97496008979271.mockFlowFile,13B] to 'success'
[pool-145-thread-1] INFO org.apache.nifi.processors.standard.ControlRate - ControlRate[id=f99191db-8b01-4505-bcda-2730f877db8d] transferring FlowFile[879,97496008997015.mockFlowFile,13B] to 'success'
[pool-145-thread-1] INFO org.apache.nifi.processors.standard.ControlRate - ControlRate[id=f99191db-8b01-4505-bcda-2730f877db8d] transferring FlowFile[880,97496009011003.mockFlowFile,13B] to 'success'
[pool-145-thread-1] INFO org.apache.nifi.processors.standard.ControlRate - ControlRate[id=f99191db-8b01-4505-bcda-2730f877db8d] transferring FlowFile[881,97496009023541.mockFlowFile,13B] to 'success'
[pool-145-thread-1] INFO org.apache.nifi.processors.standard.ControlRate - ControlRate[id=f99191db-8b01-4505-bcda-2730f877db8d] transferring FlowFile[882,97496009036934.mockFlowFile,13B] to 'success'
[pool-145-thread-1] INFO org.apache.nifi.processors.standard.ControlRate - ControlRate[id=f99191db-8b01-4505-bcda-2730f877db8d] transferring FlowFile[883,97496009050186.mockFlowFile,13B] to 'success'
[pool-145-thread-1] INFO org.apache.nifi.processors.standard.ControlRate - ControlRate[id=f99191db-8b01-4505-bcda-2730f877db8d] transferring FlowFile[884,97496009061913.mockFlowFile,13B] to 'success'
[pool-145-thread-1] INFO org.apache.nifi.processors.standard.ControlRate - ControlRate[id=f99191db-8b01-4505-bcda-2730f877db8d] transferring FlowFile[885,97496009074889.mockFlowFile,13B] to 'success'
[pool-145-thread-1] INFO org.apache.nifi.processors.standard.ControlRate - ControlRate[id=f99191db-8b01-4505-bcda-2730f877db8d] transferring FlowFile[886,97496009087105.mockFlowFile,13B] to 'success'
[pool-145-thread-1] INFO org.apache.nifi.processors.standard.ControlRate - ControlRate[id=f99191db-8b01-4505-bcda-2730f877db8d] transferring FlowFile[887,97496009105075.mockFlowFile,13B] to 'success'
[pool-145-thread-1] INFO org.apache.nifi.processors.standard.ControlRate - ControlRate[id=f99191db-8b01-4505-bcda-2730f877db8d] transferring FlowFile[888,97496009119056.mockFlowFile,13B] to 'success'
[pool-145-thread-1] INFO org.apache.nifi.processors.standard.ControlRate - ControlRate[id=f99191db-8b01-4505-bcda-2730f877db8d] transferring FlowFile[889,97496009131627.mockFlowFile,13B] to 'success'
[pool-145-thread-1] INFO org.apache.nifi.processors.standard.ControlRate - ControlRate[id=f99191db-8b01-4505-bcda-2730f877db8d] transferring FlowFile[890,97496009145015.mockFlowFile,13B] to 'success'
[pool-145-thread-1] INFO org.apache.nifi.processors.standard.ControlRate - ControlRate[id=f99191db-8b01-4505-bcda-2730f877db8d] transferring FlowFile[891,97496009158833.mockFlowFile,13B] to 'success'
[pool-145-thread-1] INFO org.apache.nifi.processors.standard.ControlRate - ControlRate[id=f99191db-8b01-4505-bcda-2730f877db8d] transferring FlowFile[892,97496009171674.mockFlowFile,13B] to 'success'
[pool-145-thread-1] INFO org.apache.nifi.processors.standard.ControlRate - ControlRate[id=f99191db-8b01-4505-bcda-2730f877db8d] transferring FlowFile[893,97496009185637.mockFlowFile,13B] to 'success'
[pool-145-thread-1] INFO org.apache.nifi.processors.standard.ControlRate - ControlRate[id=f99191db-8b01-4505-bcda-2730f877db8d] transferring FlowFile[894,97496009198075.mockFlowFile,13B] to 'success'
[pool-145-thread-1] INFO org.apache.nifi.processors.standard.ControlRate - ControlRate[id=f99191db-8b01-4505-bcda-2730f877db8d] transferring FlowFile[895,97496009219628.mockFlowFile,13B] to 'success'
[pool-145-thread-1] INFO org.apache.nifi.processors.standard.ControlRate - ControlRate[id=f99191db-8b01-4505-bcda-2730f877db8d] transferring FlowFile[896,97496009233213.mockFlowFile,13B] to 'success'
[pool-145-thread-1] INFO org.apache.nifi.processors.standard.ControlRate - ControlRate[id=f99191db-8b01-4505-bcda-2730f877db8d] transferring FlowFile[897,97496009247222.mockFlowFile,13B] to 'success'
[pool-145-thread-1] INFO org.apache.nifi.processors.standard.ControlRate - ControlRate[id=f99191db-8b01-4505-bcda-2730f877db8d] transferring FlowFile[898,97496009260735.mockFlowFile,13B] to 'success'
[pool-145-thread-1] INFO org.apache.nifi.processors.standard.ControlRate - ControlRate[id=f99191db-8b01-4505-bcda-2730f877db8d] transferring FlowFile[899,97496009272962.mockFlowFile,13B] to 'success'
[pool-145-thread-1] INFO org.apache.nifi.processors.standard.ControlRate - ControlRate[id=f99191db-8b01-4505-bcda-2730f877db8d] transferring FlowFile[900,97496009286784.mockFlowFile,13B] to 'success'
[pool-145-thread-1] INFO org.apache.nifi.processors.standard.ControlRate - ControlRate[id=f99191db-8b01-4505-bcda-2730f877db8d] transferring FlowFile[901,97496009302533.mockFlowFile,13B] to 'success'
[pool-145-thread-1] INFO org.apache.nifi.processors.standard.ControlRate - ControlRate[id=f99191db-8b01-4505-bcda-2730f877db8d] transferring FlowFile[902,97496009315887.mockFlowFile,13B] to 'success'
[pool-145-thread-1] INFO org.apache.nifi.processors.standard.ControlRate - ControlRate[id=f99191db-8b01-4505-bcda-2730f877db8d] transferring FlowFile[903,97496009334056.mockFlowFile,13B] to 'success'
[pool-145-thread-1] INFO org.apache.nifi.processors.standard.ControlRate - ControlRate[id=f99191db-8b01-4505-bcda-2730f877db8d] transferring FlowFile[904,97496009346976.mockFlowFile,13B] to 'success'
[pool-145-thread-1] INFO org.apache.nifi.processors.standard.ControlRate - ControlRate[id=f99191db-8b01-4505-bcda-2730f877db8d] transferring FlowFile[905,97496009360509.mockFlowFile,13B] to 'success'
[pool-145-thread-1] INFO org.apache.nifi.processors.standard.ControlRate - ControlRate[id=f99191db-8b01-4505-bcda-2730f877db8d] transferring FlowFile[906,97496009372603.mockFlowFile,13B] to 'success'
[pool-145-thread-1] INFO org.apache.nifi.processors.standard.ControlRate - ControlRate[id=f99191db-8b01-4505-bcda-2730f877db8d] transferring FlowFile[907,97496009386090.mockFlowFile,13B] to 'success'
[pool-145-thread-1] INFO org.apache.nifi.processors.standard.ControlRate - ControlRate[id=f99191db-8b01-4505-bcda-2730f877db8d] transferring FlowFile[908,97496009399438.mockFlowFile,13B] to 'success'
[pool-145-thread-1] INFO org.apache.nifi.processors.standard.ControlRate - ControlRate[id=f99191db-8b01-4505-bcda-2730f877db8d] transferring FlowFile[909,97496009412158.mockFlowFile,13B] to 'success'
[pool-145-thread-1] INFO org.apache.nifi.processors.standard.ControlRate - ControlRate[id=f99191db-8b01-4505-bcda-2730f877db8d] transferring FlowFile[910,97496009425590.mockFlowFile,13B] to 'success'
[pool-145-thread-1] INFO org.apache.nifi.processors.standard.ControlRate - ControlRate[id=f99191db-8b01-4505-bcda-2730f877db8d] transferring FlowFile[911,97496009443391.mockFlowFile,13B] to 'success'
[pool-145-thread-1] INFO org.apache.nifi.processors.standard.ControlRate - ControlRate[id=f99191db-8b01-4505-bcda-2730f877db8d] transferring FlowFile[912,97496009457026.mockFlowFile,13B] to 'success'
[pool-145-thread-1] INFO org.apache.nifi.processors.standard.ControlRate - ControlRate[id=f99191db-8b01-4505-bcda-2730f877db8d] transferring FlowFile[913,97496009470332.mockFlowFile,13B] to 'success'
[pool-145-thread-1] INFO org.apache.nifi.processors.standard.ControlRate - ControlRate[id=f99191db-8b01-4505-bcda-2730f877db8d] transferring FlowFile[914,97496009484188.mockFlowFile,13B] to 'success'
[pool-145-thread-1] INFO org.apache.nifi.processors.standard.ControlRate - ControlRate[id=f99191db-8b01-4505-bcda-2730f877db8d] transferring FlowFile[915,97496009497453.mockFlowFile,13B] to 'success'
[pool-145-thread-1] INFO org.apache.nifi.processors.standard.ControlRate - ControlRate[id=f99191db-8b01-4505-bcda-2730f877db8d] transferring FlowFile[916,97496009510126.mockFlowFile,13B] to 'success'
[pool-145-thread-1] INFO org.apache.nifi.processors.standard.ControlRate - ControlRate[id=f99191db-8b01-4505-bcda-2730f877db8d] transferring FlowFile[917,97496009523550.mockFlowFile,13B] to 'success'
[pool-145-thread-1] INFO org.apache.nifi.processors.standard.ControlRate - ControlRate[id=f99191db-8b01-4505-bcda-2730f877db8d] transferring FlowFile[918,97496009536864.mockFlowFile,13B] to 'success'
[pool-145-thread-1] INFO org.apache.nifi.processors.standard.ControlRate - ControlRate[id=f99191db-8b01-4505-bcda-2730f877db8d] transferring FlowFile[919,97496009554883.mockFlowFile,13B] to 'success'
[pool-145-thread-1] INFO org.apache.nifi.processors.standard.ControlRate - ControlRate[id=f99191db-8b01-4505-bcda-2730f877db8d] transferring FlowFile[920,97496009571140.mockFlowFile,13B] to 'success'
[pool-145-thread-1] INFO org.apache.nifi.processors.standard.ControlRate - ControlRate[id=f99191db-8b01-4505-bcda-2730f877db8d] transferring FlowFile[921,97496009584001.mockFlowFile,13B] to 'success'
[pool-145-thread-1] INFO org.apache.nifi.processors.standard.ControlRate - ControlRate[id=f99191db-8b01-4505-bcda-2730f877db8d] transferring FlowFile[922,97496009597700.mockFlowFile,13B] to 'success'
[pool-145-thread-1] INFO org.apache.nifi.processors.standard.ControlRate - ControlRate[id=f99191db-8b01-4505-bcda-2730f877db8d] transferring FlowFile[923,97496009611651.mockFlowFile,13B] to 'success'
[pool-145-thread-1] INFO org.apache.nifi.processors.standard.ControlRate - ControlRate[id=f99191db-8b01-4505-bcda-2730f877db8d] transferring FlowFile[924,97496009623965.mockFlowFile,13B] to 'success'
[pool-145-thread-1] INFO org.apache.nifi.processors.standard.ControlRate - ControlRate[id=f99191db-8b01-4505-bcda-2730f877db8d] transferring FlowFile[925,97496009637545.mockFlowFile,13B] to 'success'
[pool-145-thread-1] INFO org.apache.nifi.processors.standard.ControlRate - ControlRate[id=f99191db-8b01-4505-bcda-2730f877db8d] transferring FlowFile[926,97496009650002.mockFlowFile,13B] to 'success'
[pool-145-thread-1] INFO org.apache.nifi.processors.standard.ControlRate - ControlRate[id=f99191db-8b01-4505-bcda-2730f877db8d] transferring FlowFile[927,97496009669172.mockFlowFile,13B] to 'success'
[pool-145-thread-1] INFO org.apache.nifi.processors.standard.ControlRate - ControlRate[id=f99191db-8b01-4505-bcda-2730f877db8d] transferring FlowFile[928,97496009683119.mockFlowFile,13B] to 'success'
[pool-145-thread-1] INFO org.apache.nifi.processors.standard.ControlRate - ControlRate[id=f99191db-8b01-4505-bcda-2730f877db8d] transferring FlowFile[929,97496009696021.mockFlowFile,13B] to 'success'
[pool-145-thread-1] INFO org.apache.nifi.processors.standard.ControlRate - ControlRate[id=f99191db-8b01-4505-bcda-2730f877db8d] transferring FlowFile[930,97496009709232.mockFlowFile,13B] to 'success'
[pool-145-thread-1] INFO org.apache.nifi.processors.standard.ControlRate - ControlRate[id=f99191db-8b01-4505-bcda-2730f877db8d] transferring FlowFile[931,97496009729230.mockFlowFile,13B] to 'success'
[pool-145-thread-1] INFO org.apache.nifi.processors.standard.ControlRate - ControlRate[id=f99191db-8b01-4505-bcda-2730f877db8d] transferring FlowFile[932,97496009744063.mockFlowFile,13B] to 'success'
[pool-145-thread-1] INFO org.apache.nifi.processors.standard.ControlRate - ControlRate[id=f99191db-8b01-4505-bcda-2730f877db8d] transferring FlowFile[933,97496009757669.mockFlowFile,13B] to 'success'
[pool-145-thread-1] INFO org.apache.nifi.processors.standard.ControlRate - ControlRate[id=f99191db-8b01-4505-bcda-2730f877db8d] transferring FlowFile[934,97496009770230.mockFlowFile,13B] to 'success'
[pool-145-thread-1] INFO org.apache.nifi.processors.standard.ControlRate - ControlRate[id=f99191db-8b01-4505-bcda-2730f877db8d] transferring FlowFile[935,97496009789139.mockFlowFile,13B] to 'success'
[pool-145-thread-1] INFO org.apache.nifi.processors.standard.ControlRate - ControlRate[id=f99191db-8b01-4505-bcda-2730f877db8d] transferring FlowFile[936,97496009804826.mockFlowFile,13B] to 'success'
[pool-145-thread-1] INFO org.apache.nifi.processors.standard.ControlRate - ControlRate[id=f99191db-8b01-4505-bcda-2730f877db8d] transferring FlowFile[937,97496009820440.mockFlowFile,13B] to 'success'
[pool-145-thread-1] INFO org.apache.nifi.processors.standard.ControlRate - ControlRate[id=f99191db-8b01-4505-bcda-2730f877db8d] transferring FlowFile[938,97496009834496.mockFlowFile,13B] to 'success'
[pool-145-thread-1] INFO org.apache.nifi.processors.standard.ControlRate - ControlRate[id=f99191db-8b01-4505-bcda-2730f877db8d] transferring FlowFile[939,97496009847118.mockFlowFile,13B] to 'success'
[pool-145-thread-1] INFO org.apache.nifi.processors.standard.ControlRate - ControlRate[id=f99191db-8b01-4505-bcda-2730f877db8d] transferring FlowFile[940,97496009859857.mockFlowFile,13B] to 'success'
[pool-145-thread-1] INFO org.apache.nifi.processors.standard.ControlRate - ControlRate[id=f99191db-8b01-4505-bcda-2730f877db8d] transferring FlowFile[941,97496009878154.mockFlowFile,13B] to 'success'
[pool-145-thread-1] INFO org.apache.nifi.processors.standard.ControlRate - ControlRate[id=f99191db-8b01-4505-bcda-2730f877db8d] transferring FlowFile[942,97496009894669.mockFlowFile,13B] to 'success'
[pool-145-thread-1] INFO org.apache.nifi.processors.standard.ControlRate - ControlRate[id=f99191db-8b01-4505-bcda-2730f877db8d] transferring FlowFile[943,97496009921907.mockFlowFile,13B] to 'success'
[pool-145-thread-1] INFO org.apache.nifi.processors.standard.ControlRate - ControlRate[id=f99191db-8b01-4505-bcda-2730f877db8d] transferring FlowFile[944,97496009938387.mockFlowFile,13B] to 'success'
[pool-145-thread-1] INFO org.apache.nifi.processors.standard.ControlRate - ControlRate[id=f99191db-8b01-4505-bcda-2730f877db8d] transferring FlowFile[945,97496009952085.mockFlowFile,13B] to 'success'
[pool-145-thread-1] INFO org.apache.nifi.processors.standard.ControlRate - ControlRate[id=f99191db-8b01-4505-bcda-2730f877db8d] transferring FlowFile[946,97496009964434.mockFlowFile,13B] to 'success'
[pool-145-thread-1] INFO org.apache.nifi.processors.standard.ControlRate - ControlRate[id=f99191db-8b01-4505-bcda-2730f877db8d] transferring FlowFile[947,97496009978192.mockFlowFile,13B] to 'success'
[pool-145-thread-1] INFO org.apache.nifi.processors.standard.ControlRate - ControlRate[id=f99191db-8b01-4505-bcda-2730f877db8d] transferring FlowFile[948,97496009991138.mockFlowFile,13B] to 'success'
[pool-145-thread-1] INFO org.apache.nifi.processors.standard.ControlRate - ControlRate[id=f99191db-8b01-4505-bcda-2730f877db8d] transferring FlowFile[949,97496010002801.mockFlowFile,13B] to 'success'
[pool-145-thread-1] INFO org.apache.nifi.processors.standard.ControlRate - ControlRate[id=f99191db-8b01-4505-bcda-2730f877db8d] transferring FlowFile[950,97496010015464.mockFlowFile,13B] to 'success'
[pool-145-thread-1] INFO org.apache.nifi.processors.standard.ControlRate - ControlRate[id=f99191db-8b01-4505-bcda-2730f877db8d] transferring FlowFile[951,97496010032781.mockFlowFile,13B] to 'success'
[pool-145-thread-1] INFO org.apache.nifi.processors.standard.ControlRate - ControlRate[id=f99191db-8b01-4505-bcda-2730f877db8d] transferring FlowFile[952,97496010046373.mockFlowFile,13B] to 'success'
[pool-145-thread-1] INFO org.apache.nifi.processors.standard.ControlRate - ControlRate[id=f99191db-8b01-4505-bcda-2730f877db8d] transferring FlowFile[953,97496010059223.mockFlowFile,13B] to 'success'
[pool-145-thread-1] INFO org.apache.nifi.processors.standard.ControlRate - ControlRate[id=f99191db-8b01-4505-bcda-2730f877db8d] transferring FlowFile[954,97496010071456.mockFlowFile,13B] to 'success'
[pool-145-thread-1] INFO org.apache.nifi.processors.standard.ControlRate - ControlRate[id=f99191db-8b01-4505-bcda-2730f877db8d] transferring FlowFile[955,97496010084204.mockFlowFile,13B] to 'success'
[pool-145-thread-1] INFO org.apache.nifi.processors.standard.ControlRate - ControlRate[id=f99191db-8b01-4505-bcda-2730f877db8d] transferring FlowFile[956,97496010096169.mockFlowFile,13B] to 'success'
[pool-145-thread-1] INFO org.apache.nifi.processors.standard.ControlRate - ControlRate[id=f99191db-8b01-4505-bcda-2730f877db8d] transferring FlowFile[957,97496010109138.mockFlowFile,13B] to 'success'
[pool-145-thread-1] INFO org.apache.nifi.processors.standard.ControlRate - ControlRate[id=f99191db-8b01-4505-bcda-2730f877db8d] transferring FlowFile[958,97496010122014.mockFlowFile,13B] to 'success'
[pool-145-thread-1] INFO org.apache.nifi.processors.standard.ControlRate - ControlRate[id=f99191db-8b01-4505-bcda-2730f877db8d] transferring FlowFile[959,97496010138520.mockFlowFile,13B] to 'success'
[pool-145-thread-1] INFO org.apache.nifi.processors.standard.ControlRate - ControlRate[id=f99191db-8b01-4505-bcda-2730f877db8d] transferring FlowFile[960,97496010151878.mockFlowFile,13B] to 'success'
[pool-145-thread-1] INFO org.apache.nifi.processors.standard.ControlRate - ControlRate[id=f99191db-8b01-4505-bcda-2730f877db8d] transferring FlowFile[961,97496010163895.mockFlowFile,13B] to 'success'
[pool-145-thread-1] INFO org.apache.nifi.processors.standard.ControlRate - ControlRate[id=f99191db-8b01-4505-bcda-2730f877db8d] transferring FlowFile[962,97496010178744.mockFlowFile,13B] to 'success'
[pool-145-thread-1] INFO org.apache.nifi.processors.standard.ControlRate - ControlRate[id=f99191db-8b01-4505-bcda-2730f877db8d] transferring FlowFile[963,97496010192499.mockFlowFile,13B] to 'success'
[pool-145-thread-1] INFO org.apache.nifi.processors.standard.ControlRate - ControlRate[id=f99191db-8b01-4505-bcda-2730f877db8d] transferring FlowFile[964,97496010203991.mockFlowFile,13B] to 'success'
[pool-145-thread-1] INFO org.apache.nifi.processors.standard.ControlRate - ControlRate[id=f99191db-8b01-4505-bcda-2730f877db8d] transferring FlowFile[965,97496010216258.mockFlowFile,13B] to 'success'
[pool-145-thread-1] INFO org.apache.nifi.processors.standard.ControlRate - ControlRate[id=f99191db-8b01-4505-bcda-2730f877db8d] transferring FlowFile[966,97496010228979.mockFlowFile,13B] to 'success'
[pool-145-thread-1] INFO org.apache.nifi.processors.standard.ControlRate - ControlRate[id=f99191db-8b01-4505-bcda-2730f877db8d] transferring FlowFile[967,97496010246014.mockFlowFile,13B] to 'success'
[pool-145-thread-1] INFO org.apache.nifi.processors.standard.ControlRate - ControlRate[id=f99191db-8b01-4505-bcda-2730f877db8d] transferring FlowFile[968,97496010259028.mockFlowFile,13B] to 'success'
[pool-145-thread-1] INFO org.apache.nifi.processors.standard.ControlRate - ControlRate[id=f99191db-8b01-4505-bcda-2730f877db8d] transferring FlowFile[969,97496010270293.mockFlowFile,13B] to 'success'
[pool-145-thread-1] INFO org.apache.nifi.processors.standard.ControlRate - ControlRate[id=f99191db-8b01-4505-bcda-2730f877db8d] transferring FlowFile[970,97496010282585.mockFlowFile,13B] to 'success'
[pool-145-thread-1] INFO org.apache.nifi.processors.standard.ControlRate - ControlRate[id=f99191db-8b01-4505-bcda-2730f877db8d] transferring FlowFile[971,97496010295806.mockFlowFile,13B] to 'success'
[pool-145-thread-1] INFO org.apache.nifi.processors.standard.ControlRate - ControlRate[id=f99191db-8b01-4505-bcda-2730f877db8d] transferring FlowFile[972,97496010308821.mockFlowFile,13B] to 'success'
[pool-145-thread-1] INFO org.apache.nifi.processors.standard.ControlRate - ControlRate[id=f99191db-8b01-4505-bcda-2730f877db8d] transferring FlowFile[973,97496010321182.mockFlowFile,13B] to 'success'
[pool-145-thread-1] INFO org.apache.nifi.processors.standard.ControlRate - ControlRate[id=f99191db-8b01-4505-bcda-2730f877db8d] transferring FlowFile[974,97496010333516.mockFlowFile,13B] to 'success'
[pool-145-thread-1] INFO org.apache.nifi.processors.standard.ControlRate - ControlRate[id=f99191db-8b01-4505-bcda-2730f877db8d] transferring FlowFile[975,97496010350433.mockFlowFile,13B] to 'success'
[pool-145-thread-1] INFO org.apache.nifi.processors.standard.ControlRate - ControlRate[id=f99191db-8b01-4505-bcda-2730f877db8d] transferring FlowFile[976,97496010364287.mockFlowFile,13B] to 'success'
[pool-145-thread-1] INFO org.apache.nifi.processors.standard.ControlRate - ControlRate[id=f99191db-8b01-4505-bcda-2730f877db8d] transferring FlowFile[977,97496010404306.mockFlowFile,13B] to 'success'
[pool-145-thread-1] INFO org.apache.nifi.processors.standard.ControlRate - ControlRate[id=f99191db-8b01-4505-bcda-2730f877db8d] transferring FlowFile[978,97496010420270.mockFlowFile,13B] to 'success'
[pool-145-thread-1] INFO org.apache.nifi.processors.standard.ControlRate - ControlRate[id=f99191db-8b01-4505-bcda-2730f877db8d] transferring FlowFile[979,97496010432051.mockFlowFile,13B] to 'success'
[pool-145-thread-1] INFO org.apache.nifi.processors.standard.ControlRate - ControlRate[id=f99191db-8b01-4505-bcda-2730f877db8d] transferring FlowFile[980,97496010444551.mockFlowFile,13B] to 'success'
[pool-145-thread-1] INFO org.apache.nifi.processors.standard.ControlRate - ControlRate[id=f99191db-8b01-4505-bcda-2730f877db8d] transferring FlowFile[981,97496010456398.mockFlowFile,13B] to 'success'
[pool-145-thread-1] INFO org.apache.nifi.processors.standard.ControlRate - ControlRate[id=f99191db-8b01-4505-bcda-2730f877db8d] transferring FlowFile[982,97496010469051.mockFlowFile,13B] to 'success'
[pool-145-thread-1] INFO org.apache.nifi.processors.standard.ControlRate - ControlRate[id=f99191db-8b01-4505-bcda-2730f877db8d] transferring FlowFile[983,97496010486413.mockFlowFile,13B] to 'success'
[pool-145-thread-1] INFO org.apache.nifi.processors.standard.ControlRate - ControlRate[id=f99191db-8b01-4505-bcda-2730f877db8d] transferring FlowFile[984,97496010498595.mockFlowFile,13B] to 'success'
[pool-145-thread-1] INFO org.apache.nifi.processors.standard.ControlRate - ControlRate[id=f99191db-8b01-4505-bcda-2730f877db8d] transferring FlowFile[985,97496010511026.mockFlowFile,13B] to 'success'
[pool-145-thread-1] INFO org.apache.nifi.processors.standard.ControlRate - ControlRate[id=f99191db-8b01-4505-bcda-2730f877db8d] transferring FlowFile[986,97496010524600.mockFlowFile,13B] to 'success'
[pool-145-thread-1] INFO org.apache.nifi.processors.standard.ControlRate - ControlRate[id=f99191db-8b01-4505-bcda-2730f877db8d] transferring FlowFile[987,97496010536716.mockFlowFile,13B] to 'success'
[pool-145-thread-1] INFO org.apache.nifi.processors.standard.ControlRate - ControlRate[id=f99191db-8b01-4505-bcda-2730f877db8d] transferring FlowFile[988,97496010553821.mockFlowFile,13B] to 'success'
[pool-145-thread-1] INFO org.apache.nifi.processors.standard.ControlRate - ControlRate[id=f99191db-8b01-4505-bcda-2730f877db8d] transferring FlowFile[989,97496010566139.mockFlowFile,13B] to 'success'
[pool-145-thread-1] INFO org.apache.nifi.processors.standard.ControlRate - ControlRate[id=f99191db-8b01-4505-bcda-2730f877db8d] transferring FlowFile[990,97496010578684.mockFlowFile,13B] to 'success'
[pool-145-thread-1] INFO org.apache.nifi.processors.standard.ControlRate - ControlRate[id=f99191db-8b01-4505-bcda-2730f877db8d] transferring FlowFile[991,97496010595998.mockFlowFile,13B] to 'success'
[pool-145-thread-1] INFO org.apache.nifi.processors.standard.ControlRate - ControlRate[id=f99191db-8b01-4505-bcda-2730f877db8d] transferring FlowFile[992,97496010609862.mockFlowFile,13B] to 'success'
[pool-145-thread-1] INFO org.apache.nifi.processors.standard.ControlRate - ControlRate[id=f99191db-8b01-4505-bcda-2730f877db8d] transferring FlowFile[993,97496010622183.mockFlowFile,13B] to 'success'
[pool-145-thread-1] INFO org.apache.nifi.processors.standard.ControlRate - ControlRate[id=f99191db-8b01-4505-bcda-2730f877db8d] transferring FlowFile[994,97496010634344.mockFlowFile,13B] to 'success'
[pool-145-thread-1] INFO org.apache.nifi.processors.standard.ControlRate - ControlRate[id=f99191db-8b01-4505-bcda-2730f877db8d] transferring FlowFile[995,97496010647176.mockFlowFile,13B] to 'success'
[pool-145-thread-1] INFO org.apache.nifi.processors.standard.ControlRate - ControlRate[id=f99191db-8b01-4505-bcda-2730f877db8d] transferring FlowFile[996,97496010659044.mockFlowFile,13B] to 'success'
[pool-145-thread-1] INFO org.apache.nifi.processors.standard.ControlRate - ControlRate[id=f99191db-8b01-4505-bcda-2730f877db8d] transferring FlowFile[997,97496010673983.mockFlowFile,13B] to 'success'
[pool-145-thread-1] INFO org.apache.nifi.processors.standard.ControlRate - ControlRate[id=f99191db-8b01-4505-bcda-2730f877db8d] transferring FlowFile[998,97496010687318.mockFlowFile,13B] to 'success'
[pool-145-thread-1] INFO org.apache.nifi.processors.standard.ControlRate - ControlRate[id=f99191db-8b01-4505-bcda-2730f877db8d] transferring FlowFile[999,97496010706732.mockFlowFile,13B] to 'success'
[pool-146-thread-1] INFO org.apache.nifi.processors.standard.ControlRate - ControlRate[id=f99191db-8b01-4505-bcda-2730f877db8d] transferring FlowFile[1000,97496010721537.mockFlowFile,14B] to 'success'
[pool-146-thread-1] INFO org.apache.nifi.processors.standard.ControlRate - ControlRate[id=f99191db-8b01-4505-bcda-2730f877db8d] transferring FlowFile[1001,97496010733403.mockFlowFile,14B] to 'success'
[pool-146-thread-1] INFO org.apache.nifi.processors.standard.ControlRate - ControlRate[id=f99191db-8b01-4505-bcda-2730f877db8d] transferring FlowFile[1002,97496010746466.mockFlowFile,14B] to 'success'
[pool-146-thread-1] INFO org.apache.nifi.processors.standard.ControlRate - ControlRate[id=f99191db-8b01-4505-bcda-2730f877db8d] transferring FlowFile[1003,97496010758965.mockFlowFile,14B] to 'success'
[pool-146-thread-1] INFO org.apache.nifi.processors.standard.ControlRate - ControlRate[id=f99191db-8b01-4505-bcda-2730f877db8d] transferring FlowFile[1004,97496010770346.mockFlowFile,14B] to 'success'
[pool-146-thread-1] INFO org.apache.nifi.processors.standard.ControlRate - ControlRate[id=f99191db-8b01-4505-bcda-2730f877db8d] transferring FlowFile[1005,97496010782438.mockFlowFile,14B] to 'success'
[pool-146-thread-1] INFO org.apache.nifi.processors.standard.ControlRate - ControlRate[id=f99191db-8b01-4505-bcda-2730f877db8d] transferring FlowFile[1006,97496010793618.mockFlowFile,14B] to 'success'
[pool-146-thread-1] INFO org.apache.nifi.processors.standard.ControlRate - ControlRate[id=f99191db-8b01-4505-bcda-2730f877db8d] transferring FlowFile[1007,97496010810438.mockFlowFile,14B] to 'success'
[pool-146-thread-1] INFO org.apache.nifi.processors.standard.ControlRate - ControlRate[id=f99191db-8b01-4505-bcda-2730f877db8d] transferring FlowFile[1008,97496010823465.mockFlowFile,14B] to 'success'
[pool-146-thread-1] INFO org.apache.nifi.processors.standard.ControlRate - ControlRate[id=f99191db-8b01-4505-bcda-2730f877db8d] transferring FlowFile[1009,97496010834882.mockFlowFile,14B] to 'success'
[pool-146-thread-1] INFO org.apache.nifi.processors.standard.ControlRate - ControlRate[id=f99191db-8b01-4505-bcda-2730f877db8d] transferring FlowFile[1010,97496010847517.mockFlowFile,14B] to 'success'
[pool-146-thread-1] INFO org.apache.nifi.processors.standard.ControlRate - ControlRate[id=f99191db-8b01-4505-bcda-2730f877db8d] transferring FlowFile[1011,97496010859622.mockFlowFile,14B] to 'success'
[pool-146-thread-1] INFO org.apache.nifi.processors.standard.ControlRate - ControlRate[id=f99191db-8b01-4505-bcda-2730f877db8d] transferring FlowFile[1012,97496010872643.mockFlowFile,14B] to 'success'
[pool-146-thread-1] INFO org.apache.nifi.processors.standard.ControlRate - ControlRate[id=f99191db-8b01-4505-bcda-2730f877db8d] transferring FlowFile[1013,97496010884703.mockFlowFile,14B] to 'success'
[pool-146-thread-1] INFO org.apache.nifi.processors.standard.ControlRate - ControlRate[id=f99191db-8b01-4505-bcda-2730f877db8d] transferring FlowFile[1014,97496010897183.mockFlowFile,14B] to 'success'
[pool-146-thread-1] INFO org.apache.nifi.processors.standard.ControlRate - ControlRate[id=f99191db-8b01-4505-bcda-2730f877db8d] transferring FlowFile[1015,97496010925195.mockFlowFile,14B] to 'success'
[pool-146-thread-1] INFO org.apache.nifi.processors.standard.ControlRate - ControlRate[id=f99191db-8b01-4505-bcda-2730f877db8d] transferring FlowFile[1016,97496010937933.mockFlowFile,14B] to 'success'
[pool-146-thread-1] INFO org.apache.nifi.processors.standard.ControlRate - ControlRate[id=f99191db-8b01-4505-bcda-2730f877db8d] transferring FlowFile[1017,97496010950481.mockFlowFile,14B] to 'success'
[pool-146-thread-1] INFO org.apache.nifi.processors.standard.ControlRate - ControlRate[id=f99191db-8b01-4505-bcda-2730f877db8d] transferring FlowFile[1018,97496010962702.mockFlowFile,14B] to 'success'
[pool-146-thread-1] INFO org.apache.nifi.processors.standard.ControlRate - ControlRate[id=f99191db-8b01-4505-bcda-2730f877db8d] transferring FlowFile[1019,97496010973573.mockFlowFile,14B] to 'success'
[pool-146-thread-1] INFO org.apache.nifi.processors.standard.ControlRate - ControlRate[id=f99191db-8b01-4505-bcda-2730f877db8d] transferring FlowFile[1020,97496010985538.mockFlowFile,14B] to 'success'
[pool-146-thread-1] INFO org.apache.nifi.processors.standard.ControlRate - ControlRate[id=f99191db-8b01-4505-bcda-2730f877db8d] transferring FlowFile[1021,97496010997367.mockFlowFile,14B] to 'success'
[pool-146-thread-1] INFO org.apache.nifi.processors.standard.ControlRate - ControlRate[id=f99191db-8b01-4505-bcda-2730f877db8d] transferring FlowFile[1022,97496011009292.mockFlowFile,14B] to 'success'
[pool-146-thread-1] INFO org.apache.nifi.processors.standard.ControlRate - ControlRate[id=f99191db-8b01-4505-bcda-2730f877db8d] transferring FlowFile[1023,97496011026575.mockFlowFile,14B] to 'success'
[pool-146-thread-1] INFO org.apache.nifi.processors.standard.ControlRate - ControlRate[id=f99191db-8b01-4505-bcda-2730f877db8d] transferring FlowFile[1024,97496011043238.mockFlowFile,14B] to 'success'
[pool-146-thread-1] INFO org.apache.nifi.processors.standard.ControlRate - ControlRate[id=f99191db-8b01-4505-bcda-2730f877db8d] transferring FlowFile[1025,97496011056055.mockFlowFile,14B] to 'success'
[pool-146-thread-1] INFO org.apache.nifi.processors.standard.ControlRate - ControlRate[id=f99191db-8b01-4505-bcda-2730f877db8d] transferring FlowFile[1026,97496011067645.mockFlowFile,14B] to 'success'
[pool-146-thread-1] INFO org.apache.nifi.processors.standard.ControlRate - ControlRate[id=f99191db-8b01-4505-bcda-2730f877db8d] transferring FlowFile[1027,97496011079908.mockFlowFile,14B] to 'success'
[pool-146-thread-1] INFO org.apache.nifi.processors.standard.ControlRate - ControlRate[id=f99191db-8b01-4505-bcda-2730f877db8d] transferring FlowFile[1028,97496011092417.mockFlowFile,14B] to 'success'
[pool-146-thread-1] INFO org.apache.nifi.processors.standard.ControlRate - ControlRate[id=f99191db-8b01-4505-bcda-2730f877db8d] transferring FlowFile[1029,97496011103660.mockFlowFile,14B] to 'success'
[pool-146-thread-1] INFO org.apache.nifi.processors.standard.ControlRate - ControlRate[id=f99191db-8b01-4505-bcda-2730f877db8d] transferring FlowFile[1030,97496011115927.mockFlowFile,14B] to 'success'
[pool-146-thread-1] INFO org.apache.nifi.processors.standard.ControlRate - ControlRate[id=f99191db-8b01-4505-bcda-2730f877db8d] transferring FlowFile[1031,97496011132098.mockFlowFile,14B] to 'success'
[pool-146-thread-1] INFO org.apache.nifi.processors.standard.ControlRate - ControlRate[id=f99191db-8b01-4505-bcda-2730f877db8d] transferring FlowFile[1032,97496011147010.mockFlowFile,14B] to 'success'
[pool-146-thread-1] INFO org.apache.nifi.processors.standard.ControlRate - ControlRate[id=f99191db-8b01-4505-bcda-2730f877db8d] transferring FlowFile[1033,97496011160575.mockFlowFile,14B] to 'success'
[pool-146-thread-1] INFO org.apache.nifi.processors.standard.ControlRate - ControlRate[id=f99191db-8b01-4505-bcda-2730f877db8d] transferring FlowFile[1034,97496011172433.mockFlowFile,14B] to 'success'
[pool-146-thread-1] INFO org.apache.nifi.processors.standard.ControlRate - ControlRate[id=f99191db-8b01-4505-bcda-2730f877db8d] transferring FlowFile[1035,97496011184342.mockFlowFile,14B] to 'success'
[pool-146-thread-1] INFO org.apache.nifi.processors.standard.ControlRate - ControlRate[id=f99191db-8b01-4505-bcda-2730f877db8d] transferring FlowFile[1036,97496011195625.mockFlowFile,14B] to 'success'
[pool-146-thread-1] INFO org.apache.nifi.processors.standard.ControlRate - ControlRate[id=f99191db-8b01-4505-bcda-2730f877db8d] transferring FlowFile[1037,97496011209455.mockFlowFile,14B] to 'success'
[pool-146-thread-1] INFO org.apache.nifi.processors.standard.ControlRate - ControlRate[id=f99191db-8b01-4505-bcda-2730f877db8d] transferring FlowFile[1038,97496011221673.mockFlowFile,14B] to 'success'
[pool-146-thread-1] INFO org.apache.nifi.processors.standard.ControlRate - ControlRate[id=f99191db-8b01-4505-bcda-2730f877db8d] transferring FlowFile[1039,97496011240250.mockFlowFile,14B] to 'success'
[pool-146-thread-1] INFO org.apache.nifi.processors.standard.ControlRate - ControlRate[id=f99191db-8b01-4505-bcda-2730f877db8d] transferring FlowFile[1040,97496011276277.mockFlowFile,14B] to 'success'
[pool-146-thread-1] INFO org.apache.nifi.processors.standard.ControlRate - ControlRate[id=f99191db-8b01-4505-bcda-2730f877db8d] transferring FlowFile[1041,97496011289073.mockFlowFile,14B] to 'success'
[pool-146-thread-1] INFO org.apache.nifi.processors.standard.ControlRate - ControlRate[id=f99191db-8b01-4505-bcda-2730f877db8d] transferring FlowFile[1042,97496011301041.mockFlowFile,14B] to 'success'
[pool-146-thread-1] INFO org.apache.nifi.processors.standard.ControlRate - ControlRate[id=f99191db-8b01-4505-bcda-2730f877db8d] transferring FlowFile[1043,97496011313035.mockFlowFile,14B] to 'success'
[pool-146-thread-1] INFO org.apache.nifi.processors.standard.ControlRate - ControlRate[id=f99191db-8b01-4505-bcda-2730f877db8d] transferring FlowFile[1044,97496011323623.mockFlowFile,14B] to 'success'
[pool-146-thread-1] INFO org.apache.nifi.processors.standard.ControlRate - ControlRate[id=f99191db-8b01-4505-bcda-2730f877db8d] transferring FlowFile[1045,97496011335139.mockFlowFile,14B] to 'success'
[pool-146-thread-1] INFO org.apache.nifi.processors.standard.ControlRate - ControlRate[id=f99191db-8b01-4505-bcda-2730f877db8d] transferring FlowFile[1046,97496011348714.mockFlowFile,14B] to 'success'
[pool-146-thread-1] INFO org.apache.nifi.processors.standard.ControlRate - ControlRate[id=f99191db-8b01-4505-bcda-2730f877db8d] transferring FlowFile[1047,97496011366625.mockFlowFile,14B] to 'success'
[pool-146-thread-1] INFO org.apache.nifi.processors.standard.ControlRate - ControlRate[id=f99191db-8b01-4505-bcda-2730f877db8d] transferring FlowFile[1048,97496011380077.mockFlowFile,14B] to 'success'
[pool-146-thread-1] INFO org.apache.nifi.processors.standard.ControlRate - ControlRate[id=f99191db-8b01-4505-bcda-2730f877db8d] transferring FlowFile[1049,97496011391612.mockFlowFile,14B] to 'success'
[pool-146-thread-1] INFO org.apache.nifi.processors.standard.ControlRate - ControlRate[id=f99191db-8b01-4505-bcda-2730f877db8d] transferring FlowFile[1050,97496011403286.mockFlowFile,14B] to 'success'
[pool-146-thread-1] INFO org.apache.nifi.processors.standard.ControlRate - ControlRate[id=f99191db-8b01-4505-bcda-2730f877db8d] transferring FlowFile[1051,97496011414410.mockFlowFile,14B] to 'success'
[pool-146-thread-1] INFO org.apache.nifi.processors.standard.ControlRate - ControlRate[id=f99191db-8b01-4505-bcda-2730f877db8d] transferring FlowFile[1052,97496011426195.mockFlowFile,14B] to 'success'
[pool-146-thread-1] INFO org.apache.nifi.processors.standard.ControlRate - ControlRate[id=f99191db-8b01-4505-bcda-2730f877db8d] transferring FlowFile[1053,97496011437514.mockFlowFile,14B] to 'success'
[pool-146-thread-1] INFO org.apache.nifi.processors.standard.ControlRate - ControlRate[id=f99191db-8b01-4505-bcda-2730f877db8d] transferring FlowFile[1054,97496011448590.mockFlowFile,14B] to 'success'
[pool-146-thread-1] INFO org.apache.nifi.processors.standard.ControlRate - ControlRate[id=f99191db-8b01-4505-bcda-2730f877db8d] transferring FlowFile[1055,97496011465774.mockFlowFile,14B] to 'success'
[pool-146-thread-1] INFO org.apache.nifi.processors.standard.ControlRate - ControlRate[id=f99191db-8b01-4505-bcda-2730f877db8d] transferring FlowFile[1056,97496011477177.mockFlowFile,14B] to 'success'
[pool-146-thread-1] INFO org.apache.nifi.processors.standard.ControlRate - ControlRate[id=f99191db-8b01-4505-bcda-2730f877db8d] transferring FlowFile[1057,97496011489156.mockFlowFile,14B] to 'success'
[pool-146-thread-1] INFO org.apache.nifi.processors.standard.ControlRate - ControlRate[id=f99191db-8b01-4505-bcda-2730f877db8d] transferring FlowFile[1058,97496011500685.mockFlowFile,14B] to 'success'
[pool-146-thread-1] INFO org.apache.nifi.processors.standard.ControlRate - ControlRate[id=f99191db-8b01-4505-bcda-2730f877db8d] transferring FlowFile[1059,97496011511089.mockFlowFile,14B] to 'success'
[pool-146-thread-1] INFO org.apache.nifi.processors.standard.ControlRate - ControlRate[id=f99191db-8b01-4505-bcda-2730f877db8d] transferring FlowFile[1060,97496011523073.mockFlowFile,14B] to 'success'
[pool-146-thread-1] INFO org.apache.nifi.processors.standard.ControlRate - ControlRate[id=f99191db-8b01-4505-bcda-2730f877db8d] transferring FlowFile[1061,97496011535868.mockFlowFile,14B] to 'success'
[pool-146-thread-1] INFO org.apache.nifi.processors.standard.ControlRate - ControlRate[id=f99191db-8b01-4505-bcda-2730f877db8d] transferring FlowFile[1062,97496011547730.mockFlowFile,14B] to 'success'
[pool-146-thread-1] INFO org.apache.nifi.processors.standard.ControlRate - ControlRate[id=f99191db-8b01-4505-bcda-2730f877db8d] transferring FlowFile[1063,97496011564282.mockFlowFile,14B] to 'success'
[pool-146-thread-1] INFO org.apache.nifi.processors.standard.ControlRate - ControlRate[id=f99191db-8b01-4505-bcda-2730f877db8d] transferring FlowFile[1064,97496011575824.mockFlowFile,14B] to 'success'
[pool-146-thread-1] INFO org.apache.nifi.processors.standard.ControlRate - ControlRate[id=f99191db-8b01-4505-bcda-2730f877db8d] transferring FlowFile[1065,97496011587747.mockFlowFile,14B] to 'success'
[pool-146-thread-1] INFO org.apache.nifi.processors.standard.ControlRate - ControlRate[id=f99191db-8b01-4505-bcda-2730f877db8d] transferring FlowFile[1066,97496011601050.mockFlowFile,14B] to 'success'
[pool-146-thread-1] INFO org.apache.nifi.processors.standard.ControlRate - ControlRate[id=f99191db-8b01-4505-bcda-2730f877db8d] transferring FlowFile[1067,97496011613324.mockFlowFile,14B] to 'success'
[pool-146-thread-1] INFO org.apache.nifi.processors.standard.ControlRate - ControlRate[id=f99191db-8b01-4505-bcda-2730f877db8d] transferring FlowFile[1068,97496011636379.mockFlowFile,14B] to 'success'
[pool-146-thread-1] INFO org.apache.nifi.processors.standard.ControlRate - ControlRate[id=f99191db-8b01-4505-bcda-2730f877db8d] transferring FlowFile[1069,97496011648755.mockFlowFile,14B] to 'success'
[pool-146-thread-1] INFO org.apache.nifi.processors.standard.ControlRate - ControlRate[id=f99191db-8b01-4505-bcda-2730f877db8d] transferring FlowFile[1070,97496011659144.mockFlowFile,14B] to 'success'
[pool-146-thread-1] INFO org.apache.nifi.processors.standard.ControlRate - ControlRate[id=f99191db-8b01-4505-bcda-2730f877db8d] transferring FlowFile[1071,97496011673425.mockFlowFile,14B] to 'success'
[pool-146-thread-1] INFO org.apache.nifi.processors.standard.ControlRate - ControlRate[id=f99191db-8b01-4505-bcda-2730f877db8d] transferring FlowFile[1072,97496011684199.mockFlowFile,14B] to 'success'
[pool-146-thread-1] INFO org.apache.nifi.processors.standard.ControlRate - ControlRate[id=f99191db-8b01-4505-bcda-2730f877db8d] transferring FlowFile[1073,97496011694335.mockFlowFile,14B] to 'success'
[pool-146-thread-1] INFO org.apache.nifi.processors.standard.ControlRate - ControlRate[id=f99191db-8b01-4505-bcda-2730f877db8d] transferring FlowFile[1074,97496011703978.mockFlowFile,14B] to 'success'
[pool-146-thread-1] INFO org.apache.nifi.processors.standard.ControlRate - ControlRate[id=f99191db-8b01-4505-bcda-2730f877db8d] transferring FlowFile[1075,97496011715737.mockFlowFile,14B] to 'success'
[pool-146-thread-1] INFO org.apache.nifi.processors.standard.ControlRate - ControlRate[id=f99191db-8b01-4505-bcda-2730f877db8d] transferring FlowFile[1076,97496011725372.mockFlowFile,14B] to 'success'
[pool-146-thread-1] INFO org.apache.nifi.processors.standard.ControlRate - ControlRate[id=f99191db-8b01-4505-bcda-2730f877db8d] transferring FlowFile[1077,97496011735566.mockFlowFile,14B] to 'success'
[pool-146-thread-1] INFO org.apache.nifi.processors.standard.ControlRate - ControlRate[id=f99191db-8b01-4505-bcda-2730f877db8d] transferring FlowFile[1078,97496011747548.mockFlowFile,14B] to 'success'
[pool-146-thread-1] INFO org.apache.nifi.processors.standard.ControlRate - ControlRate[id=f99191db-8b01-4505-bcda-2730f877db8d] transferring FlowFile[1079,97496011760527.mockFlowFile,14B] to 'success'
[pool-146-thread-1] INFO org.apache.nifi.processors.standard.ControlRate - ControlRate[id=f99191db-8b01-4505-bcda-2730f877db8d] transferring FlowFile[1080,97496011777459.mockFlowFile,14B] to 'success'
[pool-146-thread-1] INFO org.apache.nifi.processors.standard.ControlRate - ControlRate[id=f99191db-8b01-4505-bcda-2730f877db8d] transferring FlowFile[1081,97496011787472.mockFlowFile,14B] to 'success'
[pool-146-thread-1] INFO org.apache.nifi.processors.standard.ControlRate - ControlRate[id=f99191db-8b01-4505-bcda-2730f877db8d] transferring FlowFile[1082,97496011797748.mockFlowFile,14B] to 'success'
[pool-146-thread-1] INFO org.apache.nifi.processors.standard.ControlRate - ControlRate[id=f99191db-8b01-4505-bcda-2730f877db8d] transferring FlowFile[1083,97496011807979.mockFlowFile,14B] to 'success'
[pool-146-thread-1] INFO org.apache.nifi.processors.standard.ControlRate - ControlRate[id=f99191db-8b01-4505-bcda-2730f877db8d] transferring FlowFile[1084,97496011817747.mockFlowFile,14B] to 'success'
[pool-146-thread-1] INFO org.apache.nifi.processors.standard.ControlRate - ControlRate[id=f99191db-8b01-4505-bcda-2730f877db8d] transferring FlowFile[1085,97496011828082.mockFlowFile,14B] to 'success'
[pool-146-thread-1] INFO org.apache.nifi.processors.standard.ControlRate - ControlRate[id=f99191db-8b01-4505-bcda-2730f877db8d] transferring FlowFile[1086,97496011837704.mockFlowFile,14B] to 'success'
[pool-146-thread-1] INFO org.apache.nifi.processors.standard.ControlRate - ControlRate[id=f99191db-8b01-4505-bcda-2730f877db8d] transferring FlowFile[1087,97496011851454.mockFlowFile,14B] to 'success'
[pool-146-thread-1] INFO org.apache.nifi.processors.standard.ControlRate - ControlRate[id=f99191db-8b01-4505-bcda-2730f877db8d] transferring FlowFile[1088,97496011863669.mockFlowFile,14B] to 'success'
[pool-146-thread-1] INFO org.apache.nifi.processors.standard.ControlRate - ControlRate[id=f99191db-8b01-4505-bcda-2730f877db8d] transferring FlowFile[1089,97496011873400.mockFlowFile,14B] to 'success'
[pool-146-thread-1] INFO org.apache.nifi.processors.standard.ControlRate - ControlRate[id=f99191db-8b01-4505-bcda-2730f877db8d] transferring FlowFile[1090,97496011883548.mockFlowFile,14B] to 'success'
[pool-146-thread-1] INFO org.apache.nifi.processors.standard.ControlRate - ControlRate[id=f99191db-8b01-4505-bcda-2730f877db8d] transferring FlowFile[1091,97496011893339.mockFlowFile,14B] to 'success'
[pool-146-thread-1] INFO org.apache.nifi.processors.standard.ControlRate - ControlRate[id=f99191db-8b01-4505-bcda-2730f877db8d] transferring FlowFile[1092,97496011904049.mockFlowFile,14B] to 'success'
[pool-146-thread-1] INFO org.apache.nifi.processors.standard.ControlRate - ControlRate[id=f99191db-8b01-4505-bcda-2730f877db8d] transferring FlowFile[1093,97496011914202.mockFlowFile,14B] to 'success'
[pool-146-thread-1] INFO org.apache.nifi.processors.standard.ControlRate - ControlRate[id=f99191db-8b01-4505-bcda-2730f877db8d] transferring FlowFile[1094,97496011923817.mockFlowFile,14B] to 'success'
[pool-146-thread-1] INFO org.apache.nifi.processors.standard.ControlRate - ControlRate[id=f99191db-8b01-4505-bcda-2730f877db8d] transferring FlowFile[1095,97496011937918.mockFlowFile,14B] to 'success'
[pool-146-thread-1] INFO org.apache.nifi.processors.standard.ControlRate - ControlRate[id=f99191db-8b01-4505-bcda-2730f877db8d] transferring FlowFile[1096,97496011947813.mockFlowFile,14B] to 'success'
[pool-146-thread-1] INFO org.apache.nifi.processors.standard.ControlRate - ControlRate[id=f99191db-8b01-4505-bcda-2730f877db8d] transferring FlowFile[1097,97496011958469.mockFlowFile,14B] to 'success'
[pool-146-thread-1] INFO org.apache.nifi.processors.standard.ControlRate - ControlRate[id=f99191db-8b01-4505-bcda-2730f877db8d] transferring FlowFile[1098,97496011968776.mockFlowFile,14B] to 'success'
[pool-146-thread-1] INFO org.apache.nifi.processors.standard.ControlRate - ControlRate[id=f99191db-8b01-4505-bcda-2730f877db8d] transferring FlowFile[1099,97496011978585.mockFlowFile,14B] to 'success'
[pool-146-thread-1] INFO org.apache.nifi.processors.standard.ControlRate - ControlRate[id=f99191db-8b01-4505-bcda-2730f877db8d] transferring FlowFile[1100,97496011988776.mockFlowFile,14B] to 'success'
[pool-146-thread-1] INFO org.apache.nifi.processors.standard.ControlRate - ControlRate[id=f99191db-8b01-4505-bcda-2730f877db8d] transferring FlowFile[1101,97496011998433.mockFlowFile,14B] to 'success'
[pool-146-thread-1] INFO org.apache.nifi.processors.standard.ControlRate - ControlRate[id=f99191db-8b01-4505-bcda-2730f877db8d] transferring FlowFile[1102,97496012023059.mockFlowFile,14B] to 'success'
[pool-146-thread-1] INFO org.apache.nifi.processors.standard.ControlRate - ControlRate[id=f99191db-8b01-4505-bcda-2730f877db8d] transferring FlowFile[1103,97496012039780.mockFlowFile,14B] to 'success'
[pool-146-thread-1] INFO org.apache.nifi.processors.standard.ControlRate - ControlRate[id=f99191db-8b01-4505-bcda-2730f877db8d] transferring FlowFile[1104,97496012049729.mockFlowFile,14B] to 'success'
[pool-146-thread-1] INFO org.apache.nifi.processors.standard.ControlRate - ControlRate[id=f99191db-8b01-4505-bcda-2730f877db8d] transferring FlowFile[1105,97496012060267.mockFlowFile,14B] to 'success'
[pool-146-thread-1] INFO org.apache.nifi.processors.standard.ControlRate - ControlRate[id=f99191db-8b01-4505-bcda-2730f877db8d] transferring FlowFile[1106,97496012069913.mockFlowFile,14B] to 'success'
[pool-146-thread-1] INFO org.apache.nifi.processors.standard.ControlRate - ControlRate[id=f99191db-8b01-4505-bcda-2730f877db8d] transferring FlowFile[1107,97496012080146.mockFlowFile,14B] to 'success'
[pool-146-thread-1] INFO org.apache.nifi.processors.standard.ControlRate - ControlRate[id=f99191db-8b01-4505-bcda-2730f877db8d] transferring FlowFile[1108,97496012090461.mockFlowFile,14B] to 'success'
[pool-146-thread-1] INFO org.apache.nifi.processors.standard.ControlRate - ControlRate[id=f99191db-8b01-4505-bcda-2730f877db8d] transferring FlowFile[1109,97496012100112.mockFlowFile,14B] to 'success'
[pool-146-thread-1] INFO org.apache.nifi.processors.standard.ControlRate - ControlRate[id=f99191db-8b01-4505-bcda-2730f877db8d] transferring FlowFile[1110,97496012110291.mockFlowFile,14B] to 'success'
[pool-146-thread-1] INFO org.apache.nifi.processors.standard.ControlRate - ControlRate[id=f99191db-8b01-4505-bcda-2730f877db8d] transferring FlowFile[1111,97496012123184.mockFlowFile,14B] to 'success'
[pool-146-thread-1] INFO org.apache.nifi.processors.standard.ControlRate - ControlRate[id=f99191db-8b01-4505-bcda-2730f877db8d] transferring FlowFile[1112,97496012133827.mockFlowFile,14B] to 'success'
[pool-146-thread-1] INFO org.apache.nifi.processors.standard.ControlRate - ControlRate[id=f99191db-8b01-4505-bcda-2730f877db8d] transferring FlowFile[1113,97496012144212.mockFlowFile,14B] to 'success'
[pool-146-thread-1] INFO org.apache.nifi.processors.standard.ControlRate - ControlRate[id=f99191db-8b01-4505-bcda-2730f877db8d] transferring FlowFile[1114,97496012153799.mockFlowFile,14B] to 'success'
[pool-146-thread-1] INFO org.apache.nifi.processors.standard.ControlRate - ControlRate[id=f99191db-8b01-4505-bcda-2730f877db8d] transferring FlowFile[1115,97496012164219.mockFlowFile,14B] to 'success'
[pool-146-thread-1] INFO org.apache.nifi.processors.standard.ControlRate - ControlRate[id=f99191db-8b01-4505-bcda-2730f877db8d] transferring FlowFile[1116,97496012173843.mockFlowFile,14B] to 'success'
[pool-146-thread-1] INFO org.apache.nifi.processors.standard.ControlRate - ControlRate[id=f99191db-8b01-4505-bcda-2730f877db8d] transferring FlowFile[1117,97496012184178.mockFlowFile,14B] to 'success'
[pool-146-thread-1] INFO org.apache.nifi.processors.standard.ControlRate - ControlRate[id=f99191db-8b01-4505-bcda-2730f877db8d] transferring FlowFile[1118,97496012196023.mockFlowFile,14B] to 'success'
[pool-146-thread-1] INFO org.apache.nifi.processors.standard.ControlRate - ControlRate[id=f99191db-8b01-4505-bcda-2730f877db8d] transferring FlowFile[1119,97496012208778.mockFlowFile,14B] to 'success'
[pool-146-thread-1] INFO org.apache.nifi.processors.standard.ControlRate - ControlRate[id=f99191db-8b01-4505-bcda-2730f877db8d] transferring FlowFile[1120,97496012221504.mockFlowFile,14B] to 'success'
[pool-146-thread-1] INFO org.apache.nifi.processors.standard.ControlRate - ControlRate[id=f99191db-8b01-4505-bcda-2730f877db8d] transferring FlowFile[1121,97496012231449.mockFlowFile,14B] to 'success'
[pool-146-thread-1] INFO org.apache.nifi.processors.standard.ControlRate - ControlRate[id=f99191db-8b01-4505-bcda-2730f877db8d] transferring FlowFile[1122,97496012242841.mockFlowFile,14B] to 'success'
[pool-146-thread-1] INFO org.apache.nifi.processors.standard.ControlRate - ControlRate[id=f99191db-8b01-4505-bcda-2730f877db8d] transferring FlowFile[1123,97496012253014.mockFlowFile,14B] to 'success'
[pool-146-thread-1] INFO org.apache.nifi.processors.standard.ControlRate - ControlRate[id=f99191db-8b01-4505-bcda-2730f877db8d] transferring FlowFile[1124,97496012262657.mockFlowFile,14B] to 'success'
[pool-146-thread-1] INFO org.apache.nifi.processors.standard.ControlRate - ControlRate[id=f99191db-8b01-4505-bcda-2730f877db8d] transferring FlowFile[1125,97496012272946.mockFlowFile,14B] to 'success'
[pool-146-thread-1] INFO org.apache.nifi.processors.standard.ControlRate - ControlRate[id=f99191db-8b01-4505-bcda-2730f877db8d] transferring FlowFile[1126,97496012282522.mockFlowFile,14B] to 'success'
[pool-146-thread-1] INFO org.apache.nifi.processors.standard.ControlRate - ControlRate[id=f99191db-8b01-4505-bcda-2730f877db8d] transferring FlowFile[1127,97496012296094.mockFlowFile,14B] to 'success'
[pool-146-thread-1] INFO org.apache.nifi.processors.standard.ControlRate - ControlRate[id=f99191db-8b01-4505-bcda-2730f877db8d] transferring FlowFile[1128,97496012306713.mockFlowFile,14B] to 'success'
[pool-146-thread-1] INFO org.apache.nifi.processors.standard.ControlRate - ControlRate[id=f99191db-8b01-4505-bcda-2730f877db8d] transferring FlowFile[1129,97496012316207.mockFlowFile,14B] to 'success'
[pool-146-thread-1] INFO org.apache.nifi.processors.standard.ControlRate - ControlRate[id=f99191db-8b01-4505-bcda-2730f877db8d] transferring FlowFile[1130,97496012326280.mockFlowFile,14B] to 'success'
[pool-146-thread-1] INFO org.apache.nifi.processors.standard.ControlRate - ControlRate[id=f99191db-8b01-4505-bcda-2730f877db8d] transferring FlowFile[1131,97496012335815.mockFlowFile,14B] to 'success'
[pool-146-thread-1] INFO org.apache.nifi.processors.standard.ControlRate - ControlRate[id=f99191db-8b01-4505-bcda-2730f877db8d] transferring FlowFile[1132,97496012346101.mockFlowFile,14B] to 'success'
[pool-146-thread-1] INFO org.apache.nifi.processors.standard.ControlRate - ControlRate[id=f99191db-8b01-4505-bcda-2730f877db8d] transferring FlowFile[1133,97496012356786.mockFlowFile,14B] to 'success'
[pool-146-thread-1] INFO org.apache.nifi.processors.standard.ControlRate - ControlRate[id=f99191db-8b01-4505-bcda-2730f877db8d] transferring FlowFile[1134,97496012367050.mockFlowFile,14B] to 'success'
[pool-146-thread-1] INFO org.apache.nifi.processors.standard.ControlRate - ControlRate[id=f99191db-8b01-4505-bcda-2730f877db8d] transferring FlowFile[1135,97496012380562.mockFlowFile,14B] to 'success'
[pool-146-thread-1] INFO org.apache.nifi.processors.standard.ControlRate - ControlRate[id=f99191db-8b01-4505-bcda-2730f877db8d] transferring FlowFile[1136,97496012390684.mockFlowFile,14B] to 'success'
[pool-146-thread-1] INFO org.apache.nifi.processors.standard.ControlRate - ControlRate[id=f99191db-8b01-4505-bcda-2730f877db8d] transferring FlowFile[1137,97496012400987.mockFlowFile,14B] to 'success'
[pool-146-thread-1] INFO org.apache.nifi.processors.standard.ControlRate - ControlRate[id=f99191db-8b01-4505-bcda-2730f877db8d] transferring FlowFile[1138,97496012411181.mockFlowFile,14B] to 'success'
[pool-146-thread-1] INFO org.apache.nifi.processors.standard.ControlRate - ControlRate[id=f99191db-8b01-4505-bcda-2730f877db8d] transferring FlowFile[1139,97496012420986.mockFlowFile,14B] to 'success'
[pool-146-thread-1] INFO org.apache.nifi.processors.standard.ControlRate - ControlRate[id=f99191db-8b01-4505-bcda-2730f877db8d] transferring FlowFile[1140,97496012431309.mockFlowFile,14B] to 'success'
[pool-146-thread-1] INFO org.apache.nifi.processors.standard.ControlRate - ControlRate[id=f99191db-8b01-4505-bcda-2730f877db8d] transferring FlowFile[1141,97496012441346.mockFlowFile,14B] to 'success'
[pool-146-thread-1] INFO org.apache.nifi.processors.standard.ControlRate - ControlRate[id=f99191db-8b01-4505-bcda-2730f877db8d] transferring FlowFile[1142,97496012451797.mockFlowFile,14B] to 'success'
[pool-146-thread-1] INFO org.apache.nifi.processors.standard.ControlRate - ControlRate[id=f99191db-8b01-4505-bcda-2730f877db8d] transferring FlowFile[1143,97496012465175.mockFlowFile,14B] to 'success'
[pool-146-thread-1] INFO org.apache.nifi.processors.standard.ControlRate - ControlRate[id=f99191db-8b01-4505-bcda-2730f877db8d] transferring FlowFile[1144,97496012475168.mockFlowFile,14B] to 'success'
[pool-146-thread-1] INFO org.apache.nifi.processors.standard.ControlRate - ControlRate[id=f99191db-8b01-4505-bcda-2730f877db8d] transferring FlowFile[1145,97496012485484.mockFlowFile,14B] to 'success'
[pool-146-thread-1] INFO org.apache.nifi.processors.standard.ControlRate - ControlRate[id=f99191db-8b01-4505-bcda-2730f877db8d] transferring FlowFile[1146,97496012495007.mockFlowFile,14B] to 'success'
[pool-146-thread-1] INFO org.apache.nifi.processors.standard.ControlRate - ControlRate[id=f99191db-8b01-4505-bcda-2730f877db8d] transferring FlowFile[1147,97496012505393.mockFlowFile,14B] to 'success'
[pool-146-thread-1] INFO org.apache.nifi.processors.standard.ControlRate - ControlRate[id=f99191db-8b01-4505-bcda-2730f877db8d] transferring FlowFile[1148,97496012515690.mockFlowFile,14B] to 'success'
[pool-146-thread-1] INFO org.apache.nifi.processors.standard.ControlRate - ControlRate[id=f99191db-8b01-4505-bcda-2730f877db8d] transferring FlowFile[1149,97496012525330.mockFlowFile,14B] to 'success'
[pool-146-thread-1] INFO org.apache.nifi.processors.standard.ControlRate - ControlRate[id=f99191db-8b01-4505-bcda-2730f877db8d] transferring FlowFile[1150,97496012535351.mockFlowFile,14B] to 'success'
[pool-146-thread-1] INFO org.apache.nifi.processors.standard.ControlRate - ControlRate[id=f99191db-8b01-4505-bcda-2730f877db8d] transferring FlowFile[1151,97496012549256.mockFlowFile,14B] to 'success'
[pool-146-thread-1] INFO org.apache.nifi.processors.standard.ControlRate - ControlRate[id=f99191db-8b01-4505-bcda-2730f877db8d] transferring FlowFile[1152,97496012559863.mockFlowFile,14B] to 'success'
[pool-146-thread-1] INFO org.apache.nifi.processors.standard.ControlRate - ControlRate[id=f99191db-8b01-4505-bcda-2730f877db8d] transferring FlowFile[1153,97496012570130.mockFlowFile,14B] to 'success'
[pool-146-thread-1] INFO org.apache.nifi.processors.standard.ControlRate - ControlRate[id=f99191db-8b01-4505-bcda-2730f877db8d] transferring FlowFile[1154,97496012579787.mockFlowFile,14B] to 'success'
[pool-146-thread-1] INFO org.apache.nifi.processors.standard.ControlRate - ControlRate[id=f99191db-8b01-4505-bcda-2730f877db8d] transferring FlowFile[1155,97496012589907.mockFlowFile,14B] to 'success'
[pool-146-thread-1] INFO org.apache.nifi.processors.standard.ControlRate - ControlRate[id=f99191db-8b01-4505-bcda-2730f877db8d] transferring FlowFile[1156,97496012599353.mockFlowFile,14B] to 'success'
[pool-146-thread-1] INFO org.apache.nifi.processors.standard.ControlRate - ControlRate[id=f99191db-8b01-4505-bcda-2730f877db8d] transferring FlowFile[1157,97496012610701.mockFlowFile,14B] to 'success'
[pool-146-thread-1] INFO org.apache.nifi.processors.standard.ControlRate - ControlRate[id=f99191db-8b01-4505-bcda-2730f877db8d] transferring FlowFile[1158,97496012621065.mockFlowFile,14B] to 'success'
[pool-146-thread-1] INFO org.apache.nifi.processors.standard.ControlRate - ControlRate[id=f99191db-8b01-4505-bcda-2730f877db8d] transferring FlowFile[1159,97496012634246.mockFlowFile,14B] to 'success'
[pool-146-thread-1] INFO org.apache.nifi.processors.standard.ControlRate - ControlRate[id=f99191db-8b01-4505-bcda-2730f877db8d] transferring FlowFile[1160,97496012644974.mockFlowFile,14B] to 'success'
[pool-146-thread-1] INFO org.apache.nifi.processors.standard.ControlRate - ControlRate[id=f99191db-8b01-4505-bcda-2730f877db8d] transferring FlowFile[1161,97496012654681.mockFlowFile,14B] to 'success'
[pool-146-thread-1] INFO org.apache.nifi.processors.standard.ControlRate - ControlRate[id=f99191db-8b01-4505-bcda-2730f877db8d] transferring FlowFile[1162,97496012665077.mockFlowFile,14B] to 'success'
[pool-146-thread-1] INFO org.apache.nifi.processors.standard.ControlRate - ControlRate[id=f99191db-8b01-4505-bcda-2730f877db8d] transferring FlowFile[1163,97496012675425.mockFlowFile,14B] to 'success'
[pool-146-thread-1] INFO org.apache.nifi.processors.standard.ControlRate - ControlRate[id=f99191db-8b01-4505-bcda-2730f877db8d] transferring FlowFile[1164,97496012685035.mockFlowFile,14B] to 'success'
[pool-146-thread-1] INFO org.apache.nifi.processors.standard.ControlRate - ControlRate[id=f99191db-8b01-4505-bcda-2730f877db8d] transferring FlowFile[1165,97496012695332.mockFlowFile,14B] to 'success'
[pool-146-thread-1] INFO org.apache.nifi.processors.standard.ControlRate - ControlRate[id=f99191db-8b01-4505-bcda-2730f877db8d] transferring FlowFile[1166,97496012705092.mockFlowFile,14B] to 'success'
[pool-146-thread-1] INFO org.apache.nifi.processors.standard.ControlRate - ControlRate[id=f99191db-8b01-4505-bcda-2730f877db8d] transferring FlowFile[1167,97496012719782.mockFlowFile,14B] to 'success'
[pool-146-thread-1] INFO org.apache.nifi.processors.standard.ControlRate - ControlRate[id=f99191db-8b01-4505-bcda-2730f877db8d] transferring FlowFile[1168,97496012730430.mockFlowFile,14B] to 'success'
[pool-146-thread-1] INFO org.apache.nifi.processors.standard.ControlRate - ControlRate[id=f99191db-8b01-4505-bcda-2730f877db8d] transferring FlowFile[1169,97496012739996.mockFlowFile,14B] to 'success'
[pool-146-thread-1] INFO org.apache.nifi.processors.standard.ControlRate - ControlRate[id=f99191db-8b01-4505-bcda-2730f877db8d] transferring FlowFile[1170,97496012750266.mockFlowFile,14B] to 'success'
[pool-146-thread-1] INFO org.apache.nifi.processors.standard.ControlRate - ControlRate[id=f99191db-8b01-4505-bcda-2730f877db8d] transferring FlowFile[1171,97496012759889.mockFlowFile,14B] to 'success'
[pool-146-thread-1] INFO org.apache.nifi.processors.standard.ControlRate - ControlRate[id=f99191db-8b01-4505-bcda-2730f877db8d] transferring FlowFile[1172,97496012770350.mockFlowFile,14B] to 'success'
[pool-146-thread-1] INFO org.apache.nifi.processors.standard.ControlRate - ControlRate[id=f99191db-8b01-4505-bcda-2730f877db8d] transferring FlowFile[1173,97496012780559.mockFlowFile,14B] to 'success'
[pool-146-thread-1] INFO org.apache.nifi.processors.standard.ControlRate - ControlRate[id=f99191db-8b01-4505-bcda-2730f877db8d] transferring FlowFile[1174,97496012790195.mockFlowFile,14B] to 'success'
[pool-146-thread-1] INFO org.apache.nifi.processors.standard.ControlRate - ControlRate[id=f99191db-8b01-4505-bcda-2730f877db8d] transferring FlowFile[1175,97496012803796.mockFlowFile,14B] to 'success'
[pool-146-thread-1] INFO org.apache.nifi.processors.standard.ControlRate - ControlRate[id=f99191db-8b01-4505-bcda-2730f877db8d] transferring FlowFile[1176,97496012813701.mockFlowFile,14B] to 'success'
[pool-146-thread-1] INFO org.apache.nifi.processors.standard.ControlRate - ControlRate[id=f99191db-8b01-4505-bcda-2730f877db8d] transferring FlowFile[1177,97496012824209.mockFlowFile,14B] to 'success'
[pool-146-thread-1] INFO org.apache.nifi.processors.standard.ControlRate - ControlRate[id=f99191db-8b01-4505-bcda-2730f877db8d] transferring FlowFile[1178,97496012834721.mockFlowFile,14B] to 'success'
[pool-146-thread-1] INFO org.apache.nifi.processors.standard.ControlRate - ControlRate[id=f99191db-8b01-4505-bcda-2730f877db8d] transferring FlowFile[1179,97496012844294.mockFlowFile,14B] to 'success'
[pool-146-thread-1] INFO org.apache.nifi.processors.standard.ControlRate - ControlRate[id=f99191db-8b01-4505-bcda-2730f877db8d] transferring FlowFile[1180,97496012854421.mockFlowFile,14B] to 'success'
[pool-146-thread-1] INFO org.apache.nifi.processors.standard.ControlRate - ControlRate[id=f99191db-8b01-4505-bcda-2730f877db8d] transferring FlowFile[1181,97496012864009.mockFlowFile,14B] to 'success'
[pool-146-thread-1] INFO org.apache.nifi.processors.standard.ControlRate - ControlRate[id=f99191db-8b01-4505-bcda-2730f877db8d] transferring FlowFile[1182,97496012874347.mockFlowFile,14B] to 'success'
[pool-146-thread-1] INFO org.apache.nifi.processors.standard.ControlRate - ControlRate[id=f99191db-8b01-4505-bcda-2730f877db8d] transferring FlowFile[1183,97496012887986.mockFlowFile,14B] to 'success'
[pool-146-thread-1] INFO org.apache.nifi.processors.standard.ControlRate - ControlRate[id=f99191db-8b01-4505-bcda-2730f877db8d] transferring FlowFile[1184,97496012898131.mockFlowFile,14B] to 'success'
[pool-146-thread-1] INFO org.apache.nifi.processors.standard.ControlRate - ControlRate[id=f99191db-8b01-4505-bcda-2730f877db8d] transferring FlowFile[1185,97496012908341.mockFlowFile,14B] to 'success'
[pool-146-thread-1] INFO org.apache.nifi.processors.standard.ControlRate - ControlRate[id=f99191db-8b01-4505-bcda-2730f877db8d] transferring FlowFile[1186,97496012917912.mockFlowFile,14B] to 'success'
[pool-146-thread-1] INFO org.apache.nifi.processors.standard.ControlRate - ControlRate[id=f99191db-8b01-4505-bcda-2730f877db8d] transferring FlowFile[1187,97496012928525.mockFlowFile,14B] to 'success'
[pool-146-thread-1] INFO org.apache.nifi.processors.standard.ControlRate - ControlRate[id=f99191db-8b01-4505-bcda-2730f877db8d] transferring FlowFile[1188,97496012938739.mockFlowFile,14B] to 'success'
[pool-146-thread-1] INFO org.apache.nifi.processors.standard.ControlRate - ControlRate[id=f99191db-8b01-4505-bcda-2730f877db8d] transferring FlowFile[1189,97496012948665.mockFlowFile,14B] to 'success'
[pool-146-thread-1] INFO org.apache.nifi.processors.standard.ControlRate - ControlRate[id=f99191db-8b01-4505-bcda-2730f877db8d] transferring FlowFile[1190,97496012959185.mockFlowFile,14B] to 'success'
[pool-146-thread-1] INFO org.apache.nifi.processors.standard.ControlRate - ControlRate[id=f99191db-8b01-4505-bcda-2730f877db8d] transferring FlowFile[1191,97496012972149.mockFlowFile,14B] to 'success'
[pool-146-thread-1] INFO org.apache.nifi.processors.standard.ControlRate - ControlRate[id=f99191db-8b01-4505-bcda-2730f877db8d] transferring FlowFile[1192,97496012982964.mockFlowFile,14B] to 'success'
[pool-146-thread-1] INFO org.apache.nifi.processors.standard.ControlRate - ControlRate[id=f99191db-8b01-4505-bcda-2730f877db8d] transferring FlowFile[1193,97496012996255.mockFlowFile,14B] to 'success'
[pool-146-thread-1] INFO org.apache.nifi.processors.standard.ControlRate - ControlRate[id=f99191db-8b01-4505-bcda-2730f877db8d] transferring FlowFile[1194,97496013006170.mockFlowFile,14B] to 'success'
[pool-146-thread-1] INFO org.apache.nifi.processors.standard.ControlRate - ControlRate[id=f99191db-8b01-4505-bcda-2730f877db8d] transferring FlowFile[1195,97496013016312.mockFlowFile,14B] to 'success'
[pool-146-thread-1] INFO org.apache.nifi.processors.standard.ControlRate - ControlRate[id=f99191db-8b01-4505-bcda-2730f877db8d] transferring FlowFile[1196,97496013026016.mockFlowFile,14B] to 'success'
[pool-146-thread-1] INFO org.apache.nifi.processors.standard.ControlRate - ControlRate[id=f99191db-8b01-4505-bcda-2730f877db8d] transferring FlowFile[1197,97496013036148.mockFlowFile,14B] to 'success'
[pool-146-thread-1] INFO org.apache.nifi.processors.standard.ControlRate - ControlRate[id=f99191db-8b01-4505-bcda-2730f877db8d] transferring FlowFile[1198,97496013046501.mockFlowFile,14B] to 'success'
[pool-146-thread-1] INFO org.apache.nifi.processors.standard.ControlRate - ControlRate[id=f99191db-8b01-4505-bcda-2730f877db8d] transferring FlowFile[1199,97496013059475.mockFlowFile,14B] to 'success'
[pool-146-thread-1] INFO org.apache.nifi.processors.standard.ControlRate - ControlRate[id=f99191db-8b01-4505-bcda-2730f877db8d] transferring FlowFile[1200,97496013070181.mockFlowFile,14B] to 'success'
[pool-146-thread-1] INFO org.apache.nifi.processors.standard.ControlRate - ControlRate[id=f99191db-8b01-4505-bcda-2730f877db8d] transferring FlowFile[1201,97496013079762.mockFlowFile,14B] to 'success'
[pool-146-thread-1] INFO org.apache.nifi.processors.standard.ControlRate - ControlRate[id=f99191db-8b01-4505-bcda-2730f877db8d] transferring FlowFile[1202,97496013090139.mockFlowFile,14B] to 'success'
[pool-146-thread-1] INFO org.apache.nifi.processors.standard.ControlRate - ControlRate[id=f99191db-8b01-4505-bcda-2730f877db8d] transferring FlowFile[1203,97496013100459.mockFlowFile,14B] to 'success'
[pool-146-thread-1] INFO org.apache.nifi.processors.standard.ControlRate - ControlRate[id=f99191db-8b01-4505-bcda-2730f877db8d] transferring FlowFile[1204,97496013110448.mockFlowFile,14B] to 'success'
[pool-146-thread-1] INFO org.apache.nifi.processors.standard.ControlRate - ControlRate[id=f99191db-8b01-4505-bcda-2730f877db8d] transferring FlowFile[1205,97496013120811.mockFlowFile,14B] to 'success'
[pool-146-thread-1] INFO org.apache.nifi.processors.standard.ControlRate - ControlRate[id=f99191db-8b01-4505-bcda-2730f877db8d] transferring FlowFile[1206,97496013130460.mockFlowFile,14B] to 'success'
[pool-146-thread-1] INFO org.apache.nifi.processors.standard.ControlRate - ControlRate[id=f99191db-8b01-4505-bcda-2730f877db8d] transferring FlowFile[1207,97496013145021.mockFlowFile,14B] to 'success'
[pool-146-thread-1] INFO org.apache.nifi.processors.standard.ControlRate - ControlRate[id=f99191db-8b01-4505-bcda-2730f877db8d] transferring FlowFile[1208,97496013156048.mockFlowFile,14B] to 'success'
[pool-146-thread-1] INFO org.apache.nifi.processors.standard.ControlRate - ControlRate[id=f99191db-8b01-4505-bcda-2730f877db8d] transferring FlowFile[1209,97496013165737.mockFlowFile,14B] to 'success'
[pool-146-thread-1] INFO org.apache.nifi.processors.standard.ControlRate - ControlRate[id=f99191db-8b01-4505-bcda-2730f877db8d] transferring FlowFile[1210,97496013175951.mockFlowFile,14B] to 'success'
[pool-146-thread-1] INFO org.apache.nifi.processors.standard.ControlRate - ControlRate[id=f99191db-8b01-4505-bcda-2730f877db8d] transferring FlowFile[1211,97496013185493.mockFlowFile,14B] to 'success'
[pool-146-thread-1] INFO org.apache.nifi.processors.standard.ControlRate - ControlRate[id=f99191db-8b01-4505-bcda-2730f877db8d] transferring FlowFile[1212,97496013196207.mockFlowFile,14B] to 'success'
[pool-146-thread-1] INFO org.apache.nifi.processors.standard.ControlRate - ControlRate[id=f99191db-8b01-4505-bcda-2730f877db8d] transferring FlowFile[1213,97496013206977.mockFlowFile,14B] to 'success'
[pool-146-thread-1] INFO org.apache.nifi.processors.standard.ControlRate - ControlRate[id=f99191db-8b01-4505-bcda-2730f877db8d] transferring FlowFile[1214,97496013216685.mockFlowFile,14B] to 'success'
[pool-146-thread-1] INFO org.apache.nifi.processors.standard.ControlRate - ControlRate[id=f99191db-8b01-4505-bcda-2730f877db8d] transferring FlowFile[1215,97496013230463.mockFlowFile,14B] to 'success'
[pool-146-thread-1] INFO org.apache.nifi.processors.standard.ControlRate - ControlRate[id=f99191db-8b01-4505-bcda-2730f877db8d] transferring FlowFile[1216,97496013241656.mockFlowFile,14B] to 'success'
[pool-146-thread-1] INFO org.apache.nifi.processors.standard.ControlRate - ControlRate[id=f99191db-8b01-4505-bcda-2730f877db8d] transferring FlowFile[1217,97496013251956.mockFlowFile,14B] to 'success'
[pool-146-thread-1] INFO org.apache.nifi.processors.standard.ControlRate - ControlRate[id=f99191db-8b01-4505-bcda-2730f877db8d] transferring FlowFile[1218,97496013262214.mockFlowFile,14B] to 'success'
[pool-146-thread-1] INFO org.apache.nifi.processors.standard.ControlRate - ControlRate[id=f99191db-8b01-4505-bcda-2730f877db8d] transferring FlowFile[1219,97496013272827.mockFlowFile,14B] to 'success'
[pool-146-thread-1] INFO org.apache.nifi.processors.standard.ControlRate - ControlRate[id=f99191db-8b01-4505-bcda-2730f877db8d] transferring FlowFile[1220,97496013283427.mockFlowFile,14B] to 'success'
[pool-146-thread-1] INFO org.apache.nifi.processors.standard.ControlRate - ControlRate[id=f99191db-8b01-4505-bcda-2730f877db8d] transferring FlowFile[1221,97496013293279.mockFlowFile,14B] to 'success'
[pool-146-thread-1] INFO org.apache.nifi.processors.standard.ControlRate - ControlRate[id=f99191db-8b01-4505-bcda-2730f877db8d] transferring FlowFile[1222,97496013304068.mockFlowFile,14B] to 'success'
[pool-146-thread-1] INFO org.apache.nifi.processors.standard.ControlRate - ControlRate[id=f99191db-8b01-4505-bcda-2730f877db8d] transferring FlowFile[1223,97496013318401.mockFlowFile,14B] to 'success'
[pool-146-thread-1] INFO org.apache.nifi.processors.standard.ControlRate - ControlRate[id=f99191db-8b01-4505-bcda-2730f877db8d] transferring FlowFile[1224,97496013328520.mockFlowFile,14B] to 'success'
[pool-146-thread-1] INFO org.apache.nifi.processors.standard.ControlRate - ControlRate[id=f99191db-8b01-4505-bcda-2730f877db8d] transferring FlowFile[1225,97496013339011.mockFlowFile,14B] to 'success'
[pool-146-thread-1] INFO org.apache.nifi.processors.standard.ControlRate - ControlRate[id=f99191db-8b01-4505-bcda-2730f877db8d] transferring FlowFile[1226,97496013348589.mockFlowFile,14B] to 'success'
[pool-146-thread-1] INFO org.apache.nifi.processors.standard.ControlRate - ControlRate[id=f99191db-8b01-4505-bcda-2730f877db8d] transferring FlowFile[1227,97496013358985.mockFlowFile,14B] to 'success'
[pool-146-thread-1] INFO org.apache.nifi.processors.standard.ControlRate - ControlRate[id=f99191db-8b01-4505-bcda-2730f877db8d] transferring FlowFile[1228,97496013370108.mockFlowFile,14B] to 'success'
[pool-146-thread-1] INFO org.apache.nifi.processors.standard.ControlRate - ControlRate[id=f99191db-8b01-4505-bcda-2730f877db8d] transferring FlowFile[1229,97496013379928.mockFlowFile,14B] to 'success'
[pool-146-thread-1] INFO org.apache.nifi.processors.standard.ControlRate - ControlRate[id=f99191db-8b01-4505-bcda-2730f877db8d] transferring FlowFile[1230,97496013390098.mockFlowFile,14B] to 'success'
[pool-146-thread-1] INFO org.apache.nifi.processors.standard.ControlRate - ControlRate[id=f99191db-8b01-4505-bcda-2730f877db8d] transferring FlowFile[1231,97496013403197.mockFlowFile,14B] to 'success'
[pool-146-thread-1] INFO org.apache.nifi.processors.standard.ControlRate - ControlRate[id=f99191db-8b01-4505-bcda-2730f877db8d] transferring FlowFile[1232,97496013413997.mockFlowFile,14B] to 'success'
[pool-146-thread-1] INFO org.apache.nifi.processors.standard.ControlRate - ControlRate[id=f99191db-8b01-4505-bcda-2730f877db8d] transferring FlowFile[1233,97496013424538.mockFlowFile,14B] to 'success'
[pool-146-thread-1] INFO org.apache.nifi.processors.standard.ControlRate - ControlRate[id=f99191db-8b01-4505-bcda-2730f877db8d] transferring FlowFile[1234,97496013434076.mockFlowFile,14B] to 'success'
[pool-146-thread-1] INFO org.apache.nifi.processors.standard.ControlRate - ControlRate[id=f99191db-8b01-4505-bcda-2730f877db8d] transferring FlowFile[1235,97496013444606.mockFlowFile,14B] to 'success'
[pool-146-thread-1] INFO org.apache.nifi.processors.standard.ControlRate - ControlRate[id=f99191db-8b01-4505-bcda-2730f877db8d] transferring FlowFile[1236,97496013454134.mockFlowFile,14B] to 'success'
[pool-146-thread-1] INFO org.apache.nifi.processors.standard.ControlRate - ControlRate[id=f99191db-8b01-4505-bcda-2730f877db8d] transferring FlowFile[1237,97496013466158.mockFlowFile,14B] to 'success'
[pool-146-thread-1] INFO org.apache.nifi.processors.standard.ControlRate - ControlRate[id=f99191db-8b01-4505-bcda-2730f877db8d] transferring FlowFile[1238,97496013476722.mockFlowFile,14B] to 'success'
[pool-146-thread-1] INFO org.apache.nifi.processors.standard.ControlRate - ControlRate[id=f99191db-8b01-4505-bcda-2730f877db8d] transferring FlowFile[1239,97496013489885.mockFlowFile,14B] to 'success'
[pool-146-thread-1] INFO org.apache.nifi.processors.standard.ControlRate - ControlRate[id=f99191db-8b01-4505-bcda-2730f877db8d] transferring FlowFile[1240,97496013500601.mockFlowFile,14B] to 'success'
[pool-146-thread-1] INFO org.apache.nifi.processors.standard.ControlRate - ControlRate[id=f99191db-8b01-4505-bcda-2730f877db8d] transferring FlowFile[1241,97496013510258.mockFlowFile,14B] to 'success'
[pool-146-thread-1] INFO org.apache.nifi.processors.standard.ControlRate - ControlRate[id=f99191db-8b01-4505-bcda-2730f877db8d] transferring FlowFile[1242,97496013520585.mockFlowFile,14B] to 'success'
[pool-146-thread-1] INFO org.apache.nifi.processors.standard.ControlRate - ControlRate[id=f99191db-8b01-4505-bcda-2730f877db8d] transferring FlowFile[1243,97496013531055.mockFlowFile,14B] to 'success'
[pool-146-thread-1] INFO org.apache.nifi.processors.standard.ControlRate - ControlRate[id=f99191db-8b01-4505-bcda-2730f877db8d] transferring FlowFile[1244,97496013540738.mockFlowFile,14B] to 'success'
[pool-146-thread-1] INFO org.apache.nifi.processors.standard.ControlRate - ControlRate[id=f99191db-8b01-4505-bcda-2730f877db8d] transferring FlowFile[1245,97496013551020.mockFlowFile,14B] to 'success'
[pool-146-thread-1] INFO org.apache.nifi.processors.standard.ControlRate - ControlRate[id=f99191db-8b01-4505-bcda-2730f877db8d] transferring FlowFile[1246,97496013560689.mockFlowFile,14B] to 'success'
[pool-146-thread-1] INFO org.apache.nifi.processors.standard.ControlRate - ControlRate[id=f99191db-8b01-4505-bcda-2730f877db8d] transferring FlowFile[1247,97496013574452.mockFlowFile,14B] to 'success'
[pool-146-thread-1] INFO org.apache.nifi.processors.standard.ControlRate - ControlRate[id=f99191db-8b01-4505-bcda-2730f877db8d] transferring FlowFile[1248,97496013585246.mockFlowFile,14B] to 'success'
[pool-146-thread-1] INFO org.apache.nifi.processors.standard.ControlRate - ControlRate[id=f99191db-8b01-4505-bcda-2730f877db8d] transferring FlowFile[1249,97496013595016.mockFlowFile,14B] to 'success'
[pool-146-thread-1] INFO org.apache.nifi.processors.standard.ControlRate - ControlRate[id=f99191db-8b01-4505-bcda-2730f877db8d] transferring FlowFile[1250,97496013622912.mockFlowFile,14B] to 'success'
[pool-146-thread-1] INFO org.apache.nifi.processors.standard.ControlRate - ControlRate[id=f99191db-8b01-4505-bcda-2730f877db8d] transferring FlowFile[1251,97496013637739.mockFlowFile,14B] to 'success'
[pool-146-thread-1] INFO org.apache.nifi.processors.standard.ControlRate - ControlRate[id=f99191db-8b01-4505-bcda-2730f877db8d] transferring FlowFile[1252,97496013651496.mockFlowFile,14B] to 'success'
[pool-146-thread-1] INFO org.apache.nifi.processors.standard.ControlRate - ControlRate[id=f99191db-8b01-4505-bcda-2730f877db8d] transferring FlowFile[1253,97496013661763.mockFlowFile,14B] to 'success'
[pool-146-thread-1] INFO org.apache.nifi.processors.standard.ControlRate - ControlRate[id=f99191db-8b01-4505-bcda-2730f877db8d] transferring FlowFile[1254,97496013671446.mockFlowFile,14B] to 'success'
[pool-146-thread-1] INFO org.apache.nifi.processors.standard.ControlRate - ControlRate[id=f99191db-8b01-4505-bcda-2730f877db8d] transferring FlowFile[1255,97496013687027.mockFlowFile,14B] to 'success'
[pool-146-thread-1] INFO org.apache.nifi.processors.standard.ControlRate - ControlRate[id=f99191db-8b01-4505-bcda-2730f877db8d] transferring FlowFile[1256,97496013698717.mockFlowFile,14B] to 'success'
[pool-146-thread-1] INFO org.apache.nifi.processors.standard.ControlRate - ControlRate[id=f99191db-8b01-4505-bcda-2730f877db8d] transferring FlowFile[1257,97496013709057.mockFlowFile,14B] to 'success'
[pool-146-thread-1] INFO org.apache.nifi.processors.standard.ControlRate - ControlRate[id=f99191db-8b01-4505-bcda-2730f877db8d] transferring FlowFile[1258,97496013719273.mockFlowFile,14B] to 'success'
[pool-146-thread-1] INFO org.apache.nifi.processors.standard.ControlRate - ControlRate[id=f99191db-8b01-4505-bcda-2730f877db8d] transferring FlowFile[1259,97496013729039.mockFlowFile,14B] to 'success'
[pool-146-thread-1] INFO org.apache.nifi.processors.standard.ControlRate - ControlRate[id=f99191db-8b01-4505-bcda-2730f877db8d] transferring FlowFile[1260,97496013739404.mockFlowFile,14B] to 'success'
[pool-146-thread-1] INFO org.apache.nifi.processors.standard.ControlRate - ControlRate[id=f99191db-8b01-4505-bcda-2730f877db8d] transferring FlowFile[1261,97496013749130.mockFlowFile,14B] to 'success'
[pool-146-thread-1] INFO org.apache.nifi.processors.standard.ControlRate - ControlRate[id=f99191db-8b01-4505-bcda-2730f877db8d] transferring FlowFile[1262,97496013759426.mockFlowFile,14B] to 'success'
[pool-146-thread-1] INFO org.apache.nifi.processors.standard.ControlRate - ControlRate[id=f99191db-8b01-4505-bcda-2730f877db8d] transferring FlowFile[1263,97496013773215.mockFlowFile,14B] to 'success'
[pool-146-thread-1] INFO org.apache.nifi.processors.standard.ControlRate - ControlRate[id=f99191db-8b01-4505-bcda-2730f877db8d] transferring FlowFile[1264,97496013790844.mockFlowFile,14B] to 'success'
[pool-146-thread-1] INFO org.apache.nifi.processors.standard.ControlRate - ControlRate[id=f99191db-8b01-4505-bcda-2730f877db8d] transferring FlowFile[1265,97496013804916.mockFlowFile,14B] to 'success'
[pool-146-thread-1] INFO org.apache.nifi.processors.standard.ControlRate - ControlRate[id=f99191db-8b01-4505-bcda-2730f877db8d] transferring FlowFile[1266,97496013814671.mockFlowFile,14B] to 'success'
[pool-146-thread-1] INFO org.apache.nifi.processors.standard.ControlRate - ControlRate[id=f99191db-8b01-4505-bcda-2730f877db8d] transferring FlowFile[1267,97496013825033.mockFlowFile,14B] to 'success'
[pool-146-thread-1] INFO org.apache.nifi.processors.standard.ControlRate - ControlRate[id=f99191db-8b01-4505-bcda-2730f877db8d] transferring FlowFile[1268,97496013835162.mockFlowFile,14B] to 'success'
[pool-146-thread-1] INFO org.apache.nifi.processors.standard.ControlRate - ControlRate[id=f99191db-8b01-4505-bcda-2730f877db8d] transferring FlowFile[1269,97496013844878.mockFlowFile,14B] to 'success'
[pool-146-thread-1] INFO org.apache.nifi.processors.standard.ControlRate - ControlRate[id=f99191db-8b01-4505-bcda-2730f877db8d] transferring FlowFile[1270,97496013855085.mockFlowFile,14B] to 'success'
[pool-146-thread-1] INFO org.apache.nifi.processors.standard.ControlRate - ControlRate[id=f99191db-8b01-4505-bcda-2730f877db8d] transferring FlowFile[1271,97496013868253.mockFlowFile,14B] to 'success'
[pool-146-thread-1] INFO org.apache.nifi.processors.standard.ControlRate - ControlRate[id=f99191db-8b01-4505-bcda-2730f877db8d] transferring FlowFile[1272,97496013878753.mockFlowFile,14B] to 'success'
[pool-146-thread-1] INFO org.apache.nifi.processors.standard.ControlRate - ControlRate[id=f99191db-8b01-4505-bcda-2730f877db8d] transferring FlowFile[1273,97496013889022.mockFlowFile,14B] to 'success'
[pool-146-thread-1] INFO org.apache.nifi.processors.standard.ControlRate - ControlRate[id=f99191db-8b01-4505-bcda-2730f877db8d] transferring FlowFile[1274,97496013898598.mockFlowFile,14B] to 'success'
[pool-146-thread-1] INFO org.apache.nifi.processors.standard.ControlRate - ControlRate[id=f99191db-8b01-4505-bcda-2730f877db8d] transferring FlowFile[1275,97496013909070.mockFlowFile,14B] to 'success'
[pool-146-thread-1] INFO org.apache.nifi.processors.standard.ControlRate - ControlRate[id=f99191db-8b01-4505-bcda-2730f877db8d] transferring FlowFile[1276,97496013921311.mockFlowFile,14B] to 'success'
[pool-146-thread-1] INFO org.apache.nifi.processors.standard.ControlRate - ControlRate[id=f99191db-8b01-4505-bcda-2730f877db8d] transferring FlowFile[1277,97496013931683.mockFlowFile,14B] to 'success'
[pool-146-thread-1] INFO org.apache.nifi.processors.standard.ControlRate - ControlRate[id=f99191db-8b01-4505-bcda-2730f877db8d] transferring FlowFile[1278,97496013942017.mockFlowFile,14B] to 'success'
[pool-146-thread-1] INFO org.apache.nifi.processors.standard.ControlRate - ControlRate[id=f99191db-8b01-4505-bcda-2730f877db8d] transferring FlowFile[1279,97496013955524.mockFlowFile,14B] to 'success'
[pool-146-thread-1] INFO org.apache.nifi.processors.standard.ControlRate - ControlRate[id=f99191db-8b01-4505-bcda-2730f877db8d] transferring FlowFile[1280,97496013966158.mockFlowFile,14B] to 'success'
[pool-146-thread-1] INFO org.apache.nifi.processors.standard.ControlRate - ControlRate[id=f99191db-8b01-4505-bcda-2730f877db8d] transferring FlowFile[1281,97496013976327.mockFlowFile,14B] to 'success'
[pool-146-thread-1] INFO org.apache.nifi.processors.standard.ControlRate - ControlRate[id=f99191db-8b01-4505-bcda-2730f877db8d] transferring FlowFile[1282,97496013986662.mockFlowFile,14B] to 'success'
[pool-146-thread-1] INFO org.apache.nifi.processors.standard.ControlRate - ControlRate[id=f99191db-8b01-4505-bcda-2730f877db8d] transferring FlowFile[1283,97496013996810.mockFlowFile,14B] to 'success'
[pool-146-thread-1] INFO org.apache.nifi.processors.standard.ControlRate - ControlRate[id=f99191db-8b01-4505-bcda-2730f877db8d] transferring FlowFile[1284,97496014006872.mockFlowFile,14B] to 'success'
[pool-146-thread-1] INFO org.apache.nifi.processors.standard.ControlRate - ControlRate[id=f99191db-8b01-4505-bcda-2730f877db8d] transferring FlowFile[1285,97496014016884.mockFlowFile,14B] to 'success'
[pool-146-thread-1] INFO org.apache.nifi.processors.standard.ControlRate - ControlRate[id=f99191db-8b01-4505-bcda-2730f877db8d] transferring FlowFile[1286,97496014026503.mockFlowFile,14B] to 'success'
[pool-146-thread-1] INFO org.apache.nifi.processors.standard.ControlRate - ControlRate[id=f99191db-8b01-4505-bcda-2730f877db8d] transferring FlowFile[1287,97496014041649.mockFlowFile,14B] to 'success'
[pool-146-thread-1] INFO org.apache.nifi.processors.standard.ControlRate - ControlRate[id=f99191db-8b01-4505-bcda-2730f877db8d] transferring FlowFile[1288,97496014055328.mockFlowFile,14B] to 'success'
[pool-146-thread-1] INFO org.apache.nifi.processors.standard.ControlRate - ControlRate[id=f99191db-8b01-4505-bcda-2730f877db8d] transferring FlowFile[1289,97496014064974.mockFlowFile,14B] to 'success'
[pool-146-thread-1] INFO org.apache.nifi.processors.standard.ControlRate - ControlRate[id=f99191db-8b01-4505-bcda-2730f877db8d] transferring FlowFile[1290,97496014089054.mockFlowFile,14B] to 'success'
[pool-146-thread-1] INFO org.apache.nifi.processors.standard.ControlRate - ControlRate[id=f99191db-8b01-4505-bcda-2730f877db8d] transferring FlowFile[1291,97496014106121.mockFlowFile,14B] to 'success'
[pool-146-thread-1] INFO org.apache.nifi.processors.standard.ControlRate - ControlRate[id=f99191db-8b01-4505-bcda-2730f877db8d] transferring FlowFile[1292,97496014116583.mockFlowFile,14B] to 'success'
[pool-146-thread-1] INFO org.apache.nifi.processors.standard.ControlRate - ControlRate[id=f99191db-8b01-4505-bcda-2730f877db8d] transferring FlowFile[1293,97496014126927.mockFlowFile,14B] to 'success'
[pool-146-thread-1] INFO org.apache.nifi.processors.standard.ControlRate - ControlRate[id=f99191db-8b01-4505-bcda-2730f877db8d] transferring FlowFile[1294,97496014136666.mockFlowFile,14B] to 'success'
[pool-146-thread-1] INFO org.apache.nifi.processors.standard.ControlRate - ControlRate[id=f99191db-8b01-4505-bcda-2730f877db8d] transferring FlowFile[1295,97496014171273.mockFlowFile,14B] to 'success'
[pool-146-thread-1] INFO org.apache.nifi.processors.standard.ControlRate - ControlRate[id=f99191db-8b01-4505-bcda-2730f877db8d] transferring FlowFile[1296,97496014178704.mockFlowFile,14B] to 'success'
[pool-146-thread-1] INFO org.apache.nifi.processors.standard.ControlRate - ControlRate[id=f99191db-8b01-4505-bcda-2730f877db8d] transferring FlowFile[1297,97496014185366.mockFlowFile,14B] to 'success'
[pool-146-thread-1] INFO org.apache.nifi.processors.standard.ControlRate - ControlRate[id=f99191db-8b01-4505-bcda-2730f877db8d] transferring FlowFile[1298,97496014191808.mockFlowFile,14B] to 'success'
[pool-146-thread-1] INFO org.apache.nifi.processors.standard.ControlRate - ControlRate[id=f99191db-8b01-4505-bcda-2730f877db8d] transferring FlowFile[1299,97496014197877.mockFlowFile,14B] to 'success'
[pool-146-thread-1] INFO org.apache.nifi.processors.standard.ControlRate - ControlRate[id=f99191db-8b01-4505-bcda-2730f877db8d] transferring FlowFile[1300,97496014205380.mockFlowFile,14B] to 'success'
[pool-146-thread-1] INFO org.apache.nifi.processors.standard.ControlRate - ControlRate[id=f99191db-8b01-4505-bcda-2730f877db8d] transferring FlowFile[1301,97496014211423.mockFlowFile,14B] to 'success'
[pool-146-thread-1] INFO org.apache.nifi.processors.standard.ControlRate - ControlRate[id=f99191db-8b01-4505-bcda-2730f877db8d] transferring FlowFile[1302,97496014218009.mockFlowFile,14B] to 'success'
[pool-146-thread-1] INFO org.apache.nifi.processors.standard.ControlRate - ControlRate[id=f99191db-8b01-4505-bcda-2730f877db8d] transferring FlowFile[1303,97496014227059.mockFlowFile,14B] to 'success'
[pool-146-thread-1] INFO org.apache.nifi.processors.standard.ControlRate - ControlRate[id=f99191db-8b01-4505-bcda-2730f877db8d] transferring FlowFile[1304,97496014233471.mockFlowFile,14B] to 'success'
[pool-146-thread-1] INFO org.apache.nifi.processors.standard.ControlRate - ControlRate[id=f99191db-8b01-4505-bcda-2730f877db8d] transferring FlowFile[1305,97496014240095.mockFlowFile,14B] to 'success'
[pool-146-thread-1] INFO org.apache.nifi.processors.standard.ControlRate - ControlRate[id=f99191db-8b01-4505-bcda-2730f877db8d] transferring FlowFile[1306,97496014246117.mockFlowFile,14B] to 'success'
[pool-146-thread-1] INFO org.apache.nifi.processors.standard.ControlRate - ControlRate[id=f99191db-8b01-4505-bcda-2730f877db8d] transferring FlowFile[1307,97496014252628.mockFlowFile,14B] to 'success'
[pool-146-thread-1] INFO org.apache.nifi.processors.standard.ControlRate - ControlRate[id=f99191db-8b01-4505-bcda-2730f877db8d] transferring FlowFile[1308,97496014259175.mockFlowFile,14B] to 'success'
[pool-146-thread-1] INFO org.apache.nifi.processors.standard.ControlRate - ControlRate[id=f99191db-8b01-4505-bcda-2730f877db8d] transferring FlowFile[1309,97496014265335.mockFlowFile,14B] to 'success'
[pool-146-thread-1] INFO org.apache.nifi.processors.standard.ControlRate - ControlRate[id=f99191db-8b01-4505-bcda-2730f877db8d] transferring FlowFile[1310,97496014272105.mockFlowFile,14B] to 'success'
[pool-146-thread-1] INFO org.apache.nifi.processors.standard.ControlRate - ControlRate[id=f99191db-8b01-4505-bcda-2730f877db8d] transferring FlowFile[1311,97496014280545.mockFlowFile,14B] to 'success'
[pool-146-thread-1] INFO org.apache.nifi.processors.standard.ControlRate - ControlRate[id=f99191db-8b01-4505-bcda-2730f877db8d] transferring FlowFile[1312,97496014287666.mockFlowFile,14B] to 'success'
[pool-146-thread-1] INFO org.apache.nifi.processors.standard.ControlRate - ControlRate[id=f99191db-8b01-4505-bcda-2730f877db8d] transferring FlowFile[1313,97496014294180.mockFlowFile,14B] to 'success'
[pool-146-thread-1] INFO org.apache.nifi.processors.standard.ControlRate - ControlRate[id=f99191db-8b01-4505-bcda-2730f877db8d] transferring FlowFile[1314,97496014300172.mockFlowFile,14B] to 'success'
[pool-146-thread-1] INFO org.apache.nifi.processors.standard.ControlRate - ControlRate[id=f99191db-8b01-4505-bcda-2730f877db8d] transferring FlowFile[1315,97496014307706.mockFlowFile,14B] to 'success'
[pool-146-thread-1] INFO org.apache.nifi.processors.standard.ControlRate - ControlRate[id=f99191db-8b01-4505-bcda-2730f877db8d] transferring FlowFile[1316,97496014313738.mockFlowFile,14B] to 'success'
[pool-146-thread-1] INFO org.apache.nifi.processors.standard.ControlRate - ControlRate[id=f99191db-8b01-4505-bcda-2730f877db8d] transferring FlowFile[1317,97496014320405.mockFlowFile,14B] to 'success'
[pool-146-thread-1] INFO org.apache.nifi.processors.standard.ControlRate - ControlRate[id=f99191db-8b01-4505-bcda-2730f877db8d] transferring FlowFile[1318,97496014326934.mockFlowFile,14B] to 'success'
[pool-146-thread-1] INFO org.apache.nifi.processors.standard.ControlRate - ControlRate[id=f99191db-8b01-4505-bcda-2730f877db8d] transferring FlowFile[1319,97496014335568.mockFlowFile,14B] to 'success'
[pool-146-thread-1] INFO org.apache.nifi.processors.standard.ControlRate - ControlRate[id=f99191db-8b01-4505-bcda-2730f877db8d] transferring FlowFile[1320,97496014351686.mockFlowFile,14B] to 'success'
[pool-146-thread-1] INFO org.apache.nifi.processors.standard.ControlRate - ControlRate[id=f99191db-8b01-4505-bcda-2730f877db8d] transferring FlowFile[1321,97496014365831.mockFlowFile,14B] to 'success'
[pool-146-thread-1] INFO org.apache.nifi.processors.standard.ControlRate - ControlRate[id=f99191db-8b01-4505-bcda-2730f877db8d] transferring FlowFile[1322,97496014372923.mockFlowFile,14B] to 'success'
[pool-146-thread-1] INFO org.apache.nifi.processors.standard.ControlRate - ControlRate[id=f99191db-8b01-4505-bcda-2730f877db8d] transferring FlowFile[1323,97496014379434.mockFlowFile,14B] to 'success'
[pool-146-thread-1] INFO org.apache.nifi.processors.standard.ControlRate - ControlRate[id=f99191db-8b01-4505-bcda-2730f877db8d] transferring FlowFile[1324,97496014385483.mockFlowFile,14B] to 'success'
[pool-146-thread-1] INFO org.apache.nifi.processors.standard.ControlRate - ControlRate[id=f99191db-8b01-4505-bcda-2730f877db8d] transferring FlowFile[1325,97496014393142.mockFlowFile,14B] to 'success'
[pool-146-thread-1] INFO org.apache.nifi.processors.standard.ControlRate - ControlRate[id=f99191db-8b01-4505-bcda-2730f877db8d] transferring FlowFile[1326,97496014399176.mockFlowFile,14B] to 'success'
[pool-146-thread-1] INFO org.apache.nifi.processors.standard.ControlRate - ControlRate[id=f99191db-8b01-4505-bcda-2730f877db8d] transferring FlowFile[1327,97496014408694.mockFlowFile,14B] to 'success'
[pool-146-thread-1] INFO org.apache.nifi.processors.standard.ControlRate - ControlRate[id=f99191db-8b01-4505-bcda-2730f877db8d] transferring FlowFile[1328,97496014416499.mockFlowFile,14B] to 'success'
[pool-146-thread-1] INFO org.apache.nifi.processors.standard.ControlRate - ControlRate[id=f99191db-8b01-4505-bcda-2730f877db8d] transferring FlowFile[1329,97496014422550.mockFlowFile,14B] to 'success'
[pool-146-thread-1] INFO org.apache.nifi.processors.standard.ControlRate - ControlRate[id=f99191db-8b01-4505-bcda-2730f877db8d] transferring FlowFile[1330,97496014429190.mockFlowFile,14B] to 'success'
[pool-146-thread-1] INFO org.apache.nifi.processors.standard.ControlRate - ControlRate[id=f99191db-8b01-4505-bcda-2730f877db8d] transferring FlowFile[1331,97496014435419.mockFlowFile,14B] to 'success'
[pool-146-thread-1] INFO org.apache.nifi.processors.standard.ControlRate - ControlRate[id=f99191db-8b01-4505-bcda-2730f877db8d] transferring FlowFile[1332,97496014442071.mockFlowFile,14B] to 'success'
[pool-146-thread-1] INFO org.apache.nifi.processors.standard.ControlRate - ControlRate[id=f99191db-8b01-4505-bcda-2730f877db8d] transferring FlowFile[1333,97496014448532.mockFlowFile,14B] to 'success'
[pool-146-thread-1] INFO org.apache.nifi.processors.standard.ControlRate - ControlRate[id=f99191db-8b01-4505-bcda-2730f877db8d] transferring FlowFile[1334,97496014454610.mockFlowFile,14B] to 'success'
[pool-146-thread-1] INFO org.apache.nifi.processors.standard.ControlRate - ControlRate[id=f99191db-8b01-4505-bcda-2730f877db8d] transferring FlowFile[1335,97496014463791.mockFlowFile,14B] to 'success'
[pool-146-thread-1] INFO org.apache.nifi.processors.standard.ControlRate - ControlRate[id=f99191db-8b01-4505-bcda-2730f877db8d] transferring FlowFile[1336,97496014470005.mockFlowFile,14B] to 'success'
[pool-146-thread-1] INFO org.apache.nifi.processors.standard.ControlRate - ControlRate[id=f99191db-8b01-4505-bcda-2730f877db8d] transferring FlowFile[1337,97496014476791.mockFlowFile,14B] to 'success'
[pool-146-thread-1] INFO org.apache.nifi.processors.standard.ControlRate - ControlRate[id=f99191db-8b01-4505-bcda-2730f877db8d] transferring FlowFile[1338,97496014483545.mockFlowFile,14B] to 'success'
[pool-146-thread-1] INFO org.apache.nifi.processors.standard.ControlRate - ControlRate[id=f99191db-8b01-4505-bcda-2730f877db8d] transferring FlowFile[1339,97496014489530.mockFlowFile,14B] to 'success'
[pool-146-thread-1] INFO org.apache.nifi.processors.standard.ControlRate - ControlRate[id=f99191db-8b01-4505-bcda-2730f877db8d] transferring FlowFile[1340,97496014496071.mockFlowFile,14B] to 'success'
[pool-146-thread-1] INFO org.apache.nifi.processors.standard.ControlRate - ControlRate[id=f99191db-8b01-4505-bcda-2730f877db8d] transferring FlowFile[1341,97496014502041.mockFlowFile,14B] to 'success'
[pool-146-thread-1] INFO org.apache.nifi.processors.standard.ControlRate - ControlRate[id=f99191db-8b01-4505-bcda-2730f877db8d] transferring FlowFile[1342,97496014508536.mockFlowFile,14B] to 'success'
[pool-146-thread-1] INFO org.apache.nifi.processors.standard.ControlRate - ControlRate[id=f99191db-8b01-4505-bcda-2730f877db8d] transferring FlowFile[1343,97496014517814.mockFlowFile,14B] to 'success'
[pool-146-thread-1] INFO org.apache.nifi.processors.standard.ControlRate - ControlRate[id=f99191db-8b01-4505-bcda-2730f877db8d] transferring FlowFile[1344,97496014524102.mockFlowFile,14B] to 'success'
[pool-146-thread-1] INFO org.apache.nifi.processors.standard.ControlRate - ControlRate[id=f99191db-8b01-4505-bcda-2730f877db8d] transferring FlowFile[1345,97496014530664.mockFlowFile,14B] to 'success'
[pool-146-thread-1] INFO org.apache.nifi.processors.standard.ControlRate - ControlRate[id=f99191db-8b01-4505-bcda-2730f877db8d] transferring FlowFile[1346,97496014536766.mockFlowFile,14B] to 'success'
[pool-146-thread-1] INFO org.apache.nifi.processors.standard.ControlRate - ControlRate[id=f99191db-8b01-4505-bcda-2730f877db8d] transferring FlowFile[1347,97496014543344.mockFlowFile,14B] to 'success'
[pool-146-thread-1] INFO org.apache.nifi.processors.standard.ControlRate - ControlRate[id=f99191db-8b01-4505-bcda-2730f877db8d] transferring FlowFile[1348,97496014550041.mockFlowFile,14B] to 'success'
[pool-146-thread-1] INFO org.apache.nifi.processors.standard.ControlRate - ControlRate[id=f99191db-8b01-4505-bcda-2730f877db8d] transferring FlowFile[1349,97496019863107.mockFlowFile,14B] to 'success'
[pool-146-thread-1] INFO org.apache.nifi.processors.standard.ControlRate - ControlRate[id=f99191db-8b01-4505-bcda-2730f877db8d] transferring FlowFile[1350,97496019880978.mockFlowFile,14B] to 'success'
[pool-146-thread-1] INFO org.apache.nifi.processors.standard.ControlRate - ControlRate[id=f99191db-8b01-4505-bcda-2730f877db8d] transferring FlowFile[1351,97496019904085.mockFlowFile,14B] to 'success'
[pool-146-thread-1] INFO org.apache.nifi.processors.standard.ControlRate - ControlRate[id=f99191db-8b01-4505-bcda-2730f877db8d] transferring FlowFile[1352,97496019916952.mockFlowFile,14B] to 'success'
[pool-146-thread-1] INFO org.apache.nifi.processors.standard.ControlRate - ControlRate[id=f99191db-8b01-4505-bcda-2730f877db8d] transferring FlowFile[1353,97496019928719.mockFlowFile,14B] to 'success'
[pool-146-thread-1] INFO org.apache.nifi.processors.standard.ControlRate - ControlRate[id=f99191db-8b01-4505-bcda-2730f877db8d] transferring FlowFile[1354,97496019939126.mockFlowFile,14B] to 'success'
[pool-146-thread-1] INFO org.apache.nifi.processors.standard.ControlRate - ControlRate[id=f99191db-8b01-4505-bcda-2730f877db8d] transferring FlowFile[1355,97496019950590.mockFlowFile,14B] to 'success'
[pool-146-thread-1] INFO org.apache.nifi.processors.standard.ControlRate - ControlRate[id=f99191db-8b01-4505-bcda-2730f877db8d] transferring FlowFile[1356,97496019961235.mockFlowFile,14B] to 'success'
[pool-146-thread-1] INFO org.apache.nifi.processors.standard.ControlRate - ControlRate[id=f99191db-8b01-4505-bcda-2730f877db8d] transferring FlowFile[1357,97496019973194.mockFlowFile,14B] to 'success'
[pool-146-thread-1] INFO org.apache.nifi.processors.standard.ControlRate - ControlRate[id=f99191db-8b01-4505-bcda-2730f877db8d] transferring FlowFile[1358,97496019984685.mockFlowFile,14B] to 'success'
[pool-146-thread-1] INFO org.apache.nifi.processors.standard.ControlRate - ControlRate[id=f99191db-8b01-4505-bcda-2730f877db8d] transferring FlowFile[1359,97496020008603.mockFlowFile,14B] to 'success'
[pool-146-thread-1] INFO org.apache.nifi.processors.standard.ControlRate - ControlRate[id=f99191db-8b01-4505-bcda-2730f877db8d] transferring FlowFile[1360,97496020022537.mockFlowFile,14B] to 'success'
[pool-146-thread-1] INFO org.apache.nifi.processors.standard.ControlRate - ControlRate[id=f99191db-8b01-4505-bcda-2730f877db8d] transferring FlowFile[1361,97496020032559.mockFlowFile,14B] to 'success'
[pool-146-thread-1] INFO org.apache.nifi.processors.standard.ControlRate - ControlRate[id=f99191db-8b01-4505-bcda-2730f877db8d] transferring FlowFile[1362,97496020043623.mockFlowFile,14B] to 'success'
[pool-146-thread-1] INFO org.apache.nifi.processors.standard.ControlRate - ControlRate[id=f99191db-8b01-4505-bcda-2730f877db8d] transferring FlowFile[1363,97496020057865.mockFlowFile,14B] to 'success'
[pool-146-thread-1] INFO org.apache.nifi.processors.standard.ControlRate - ControlRate[id=f99191db-8b01-4505-bcda-2730f877db8d] transferring FlowFile[1364,97496020451044.mockFlowFile,14B] to 'success'
[pool-146-thread-1] INFO org.apache.nifi.processors.standard.ControlRate - ControlRate[id=f99191db-8b01-4505-bcda-2730f877db8d] transferring FlowFile[1365,97496021125015.mockFlowFile,14B] to 'success'
[pool-146-thread-1] INFO org.apache.nifi.processors.standard.ControlRate - ControlRate[id=f99191db-8b01-4505-bcda-2730f877db8d] transferring FlowFile[1366,97496021342481.mockFlowFile,14B] to 'success'
[pool-146-thread-1] INFO org.apache.nifi.processors.standard.ControlRate - ControlRate[id=f99191db-8b01-4505-bcda-2730f877db8d] transferring FlowFile[1367,97496021573471.mockFlowFile,14B] to 'success'
[pool-146-thread-1] INFO org.apache.nifi.processors.standard.ControlRate - ControlRate[id=f99191db-8b01-4505-bcda-2730f877db8d] transferring FlowFile[1368,97496021802493.mockFlowFile,14B] to 'success'
[pool-146-thread-1] INFO org.apache.nifi.processors.standard.ControlRate - ControlRate[id=f99191db-8b01-4505-bcda-2730f877db8d] transferring FlowFile[1369,97496021817056.mockFlowFile,14B] to 'success'
[pool-146-thread-1] INFO org.apache.nifi.processors.standard.ControlRate - ControlRate[id=f99191db-8b01-4505-bcda-2730f877db8d] transferring FlowFile[1370,97496021830002.mockFlowFile,14B] to 'success'
[pool-146-thread-1] INFO org.apache.nifi.processors.standard.ControlRate - ControlRate[id=f99191db-8b01-4505-bcda-2730f877db8d] transferring FlowFile[1371,97496021839456.mockFlowFile,14B] to 'success'
[pool-146-thread-1] INFO org.apache.nifi.processors.standard.ControlRate - ControlRate[id=f99191db-8b01-4505-bcda-2730f877db8d] transferring FlowFile[1372,97496021849258.mockFlowFile,14B] to 'success'
[pool-146-thread-1] INFO org.apache.nifi.processors.standard.ControlRate - ControlRate[id=f99191db-8b01-4505-bcda-2730f877db8d] transferring FlowFile[1373,97496021858680.mockFlowFile,14B] to 'success'
[pool-146-thread-1] INFO org.apache.nifi.processors.standard.ControlRate - ControlRate[id=f99191db-8b01-4505-bcda-2730f877db8d] transferring FlowFile[1374,97496021867713.mockFlowFile,14B] to 'success'
[pool-146-thread-1] INFO org.apache.nifi.processors.standard.ControlRate - ControlRate[id=f99191db-8b01-4505-bcda-2730f877db8d] transferring FlowFile[1375,97496021889157.mockFlowFile,14B] to 'success'
[pool-146-thread-1] INFO org.apache.nifi.processors.standard.ControlRate - ControlRate[id=f99191db-8b01-4505-bcda-2730f877db8d] transferring FlowFile[1376,97496021899209.mockFlowFile,14B] to 'success'
[pool-146-thread-1] INFO org.apache.nifi.processors.standard.ControlRate - ControlRate[id=f99191db-8b01-4505-bcda-2730f877db8d] transferring FlowFile[1377,97496021908828.mockFlowFile,14B] to 'success'
[pool-146-thread-1] INFO org.apache.nifi.processors.standard.ControlRate - ControlRate[id=f99191db-8b01-4505-bcda-2730f877db8d] transferring FlowFile[1378,97496021918369.mockFlowFile,14B] to 'success'
[pool-146-thread-1] INFO org.apache.nifi.processors.standard.ControlRate - ControlRate[id=f99191db-8b01-4505-bcda-2730f877db8d] transferring FlowFile[1379,97496021927481.mockFlowFile,14B] to 'success'
[pool-146-thread-1] INFO org.apache.nifi.processors.standard.ControlRate - ControlRate[id=f99191db-8b01-4505-bcda-2730f877db8d] transferring FlowFile[1380,97496021937936.mockFlowFile,14B] to 'success'
[pool-146-thread-1] INFO org.apache.nifi.processors.standard.ControlRate - ControlRate[id=f99191db-8b01-4505-bcda-2730f877db8d] transferring FlowFile[1381,97496021948113.mockFlowFile,14B] to 'success'
[pool-146-thread-1] INFO org.apache.nifi.processors.standard.ControlRate - ControlRate[id=f99191db-8b01-4505-bcda-2730f877db8d] transferring FlowFile[1382,97496021957750.mockFlowFile,14B] to 'success'
[pool-146-thread-1] INFO org.apache.nifi.processors.standard.ControlRate - ControlRate[id=f99191db-8b01-4505-bcda-2730f877db8d] transferring FlowFile[1383,97496021971248.mockFlowFile,14B] to 'success'
[pool-146-thread-1] INFO org.apache.nifi.processors.standard.ControlRate - ControlRate[id=f99191db-8b01-4505-bcda-2730f877db8d] transferring FlowFile[1384,97496021980450.mockFlowFile,14B] to 'success'
[pool-146-thread-1] INFO org.apache.nifi.processors.standard.ControlRate - ControlRate[id=f99191db-8b01-4505-bcda-2730f877db8d] transferring FlowFile[1385,97496021991077.mockFlowFile,14B] to 'success'
[pool-146-thread-1] INFO org.apache.nifi.processors.standard.ControlRate - ControlRate[id=f99191db-8b01-4505-bcda-2730f877db8d] transferring FlowFile[1386,97496022000363.mockFlowFile,14B] to 'success'
[pool-146-thread-1] INFO org.apache.nifi.processors.standard.ControlRate - ControlRate[id=f99191db-8b01-4505-bcda-2730f877db8d] transferring FlowFile[1387,97496022010958.mockFlowFile,14B] to 'success'
[pool-146-thread-1] INFO org.apache.nifi.processors.standard.ControlRate - ControlRate[id=f99191db-8b01-4505-bcda-2730f877db8d] transferring FlowFile[1388,97496022021762.mockFlowFile,14B] to 'success'
[pool-146-thread-1] INFO org.apache.nifi.processors.standard.ControlRate - ControlRate[id=f99191db-8b01-4505-bcda-2730f877db8d] transferring FlowFile[1389,97496022031363.mockFlowFile,14B] to 'success'
[pool-146-thread-1] INFO org.apache.nifi.processors.standard.ControlRate - ControlRate[id=f99191db-8b01-4505-bcda-2730f877db8d] transferring FlowFile[1390,97496022041580.mockFlowFile,14B] to 'success'
[pool-146-thread-1] INFO org.apache.nifi.processors.standard.ControlRate - ControlRate[id=f99191db-8b01-4505-bcda-2730f877db8d] transferring FlowFile[1391,97496022055808.mockFlowFile,14B] to 'success'
[pool-146-thread-1] INFO org.apache.nifi.processors.standard.ControlRate - ControlRate[id=f99191db-8b01-4505-bcda-2730f877db8d] transferring FlowFile[1392,97496022067656.mockFlowFile,14B] to 'success'
[pool-146-thread-1] INFO org.apache.nifi.processors.standard.ControlRate - ControlRate[id=f99191db-8b01-4505-bcda-2730f877db8d] transferring FlowFile[1393,97496022078708.mockFlowFile,14B] to 'success'
[pool-146-thread-1] INFO org.apache.nifi.processors.standard.ControlRate - ControlRate[id=f99191db-8b01-4505-bcda-2730f877db8d] transferring FlowFile[1394,97496022088310.mockFlowFile,14B] to 'success'
[pool-146-thread-1] INFO org.apache.nifi.processors.standard.ControlRate - ControlRate[id=f99191db-8b01-4505-bcda-2730f877db8d] transferring FlowFile[1395,97496022098990.mockFlowFile,14B] to 'success'
[pool-146-thread-1] INFO org.apache.nifi.processors.standard.ControlRate - ControlRate[id=f99191db-8b01-4505-bcda-2730f877db8d] transferring FlowFile[1396,97496022109065.mockFlowFile,14B] to 'success'
[pool-146-thread-1] INFO org.apache.nifi.processors.standard.ControlRate - ControlRate[id=f99191db-8b01-4505-bcda-2730f877db8d] transferring FlowFile[1397,97496022120317.mockFlowFile,14B] to 'success'
[pool-146-thread-1] INFO org.apache.nifi.processors.standard.ControlRate - ControlRate[id=f99191db-8b01-4505-bcda-2730f877db8d] transferring FlowFile[1398,97496022131076.mockFlowFile,14B] to 'success'
[pool-146-thread-1] INFO org.apache.nifi.processors.standard.ControlRate - ControlRate[id=f99191db-8b01-4505-bcda-2730f877db8d] transferring FlowFile[1399,97496022146151.mockFlowFile,14B] to 'success'
[pool-146-thread-1] INFO org.apache.nifi.processors.standard.ControlRate - ControlRate[id=f99191db-8b01-4505-bcda-2730f877db8d] transferring FlowFile[1400,97496022157527.mockFlowFile,14B] to 'success'
[pool-146-thread-1] INFO org.apache.nifi.processors.standard.ControlRate - ControlRate[id=f99191db-8b01-4505-bcda-2730f877db8d] transferring FlowFile[1401,97496022167769.mockFlowFile,14B] to 'success'
[pool-146-thread-1] INFO org.apache.nifi.processors.standard.ControlRate - ControlRate[id=f99191db-8b01-4505-bcda-2730f877db8d] transferring FlowFile[1402,97496022178839.mockFlowFile,14B] to 'success'
[pool-146-thread-1] INFO org.apache.nifi.processors.standard.ControlRate - ControlRate[id=f99191db-8b01-4505-bcda-2730f877db8d] transferring FlowFile[1403,97496022189589.mockFlowFile,14B] to 'success'
[pool-146-thread-1] INFO org.apache.nifi.processors.standard.ControlRate - ControlRate[id=f99191db-8b01-4505-bcda-2730f877db8d] transferring FlowFile[1404,97496022199682.mockFlowFile,14B] to 'success'
[pool-146-thread-1] INFO org.apache.nifi.processors.standard.ControlRate - ControlRate[id=f99191db-8b01-4505-bcda-2730f877db8d] transferring FlowFile[1405,97496022210805.mockFlowFile,14B] to 'success'
[pool-146-thread-1] INFO org.apache.nifi.processors.standard.ControlRate - ControlRate[id=f99191db-8b01-4505-bcda-2730f877db8d] transferring FlowFile[1406,97496022221033.mockFlowFile,14B] to 'success'
[pool-146-thread-1] INFO org.apache.nifi.processors.standard.ControlRate - ControlRate[id=f99191db-8b01-4505-bcda-2730f877db8d] transferring FlowFile[1407,97496022239725.mockFlowFile,14B] to 'success'
[pool-146-thread-1] INFO org.apache.nifi.processors.standard.ControlRate - ControlRate[id=f99191db-8b01-4505-bcda-2730f877db8d] transferring FlowFile[1408,97496022253543.mockFlowFile,14B] to 'success'
[pool-146-thread-1] INFO org.apache.nifi.processors.standard.ControlRate - ControlRate[id=f99191db-8b01-4505-bcda-2730f877db8d] transferring FlowFile[1409,97496022263832.mockFlowFile,14B] to 'success'
[pool-146-thread-1] INFO org.apache.nifi.processors.standard.ControlRate - ControlRate[id=f99191db-8b01-4505-bcda-2730f877db8d] transferring FlowFile[1410,97496022274819.mockFlowFile,14B] to 'success'
[pool-146-thread-1] INFO org.apache.nifi.processors.standard.ControlRate - ControlRate[id=f99191db-8b01-4505-bcda-2730f877db8d] transferring FlowFile[1411,97496022284393.mockFlowFile,14B] to 'success'
[pool-146-thread-1] INFO org.apache.nifi.processors.standard.ControlRate - ControlRate[id=f99191db-8b01-4505-bcda-2730f877db8d] transferring FlowFile[1412,97496022295208.mockFlowFile,14B] to 'success'
[pool-146-thread-1] INFO org.apache.nifi.processors.standard.ControlRate - ControlRate[id=f99191db-8b01-4505-bcda-2730f877db8d] transferring FlowFile[1413,97496022306971.mockFlowFile,14B] to 'success'
[pool-146-thread-1] INFO org.apache.nifi.processors.standard.ControlRate - ControlRate[id=f99191db-8b01-4505-bcda-2730f877db8d] transferring FlowFile[1414,97496022317010.mockFlowFile,14B] to 'success'
[pool-146-thread-1] INFO org.apache.nifi.processors.standard.ControlRate - ControlRate[id=f99191db-8b01-4505-bcda-2730f877db8d] transferring FlowFile[1415,97496022332849.mockFlowFile,14B] to 'success'
[pool-146-thread-1] INFO org.apache.nifi.processors.standard.ControlRate - ControlRate[id=f99191db-8b01-4505-bcda-2730f877db8d] transferring FlowFile[1416,97496022344510.mockFlowFile,14B] to 'success'
[pool-146-thread-1] INFO org.apache.nifi.processors.standard.ControlRate - ControlRate[id=f99191db-8b01-4505-bcda-2730f877db8d] transferring FlowFile[1417,97496022355342.mockFlowFile,14B] to 'success'
[pool-146-thread-1] INFO org.apache.nifi.processors.standard.ControlRate - ControlRate[id=f99191db-8b01-4505-bcda-2730f877db8d] transferring FlowFile[1418,97496022366628.mockFlowFile,14B] to 'success'
[pool-146-thread-1] INFO org.apache.nifi.processors.standard.ControlRate - ControlRate[id=f99191db-8b01-4505-bcda-2730f877db8d] transferring FlowFile[1419,97496022376873.mockFlowFile,14B] to 'success'
[pool-146-thread-1] INFO org.apache.nifi.processors.standard.ControlRate - ControlRate[id=f99191db-8b01-4505-bcda-2730f877db8d] transferring FlowFile[1420,97496022387262.mockFlowFile,14B] to 'success'
[pool-146-thread-1] INFO org.apache.nifi.processors.standard.ControlRate - ControlRate[id=f99191db-8b01-4505-bcda-2730f877db8d] transferring FlowFile[1421,97496022397260.mockFlowFile,14B] to 'success'
[pool-146-thread-1] INFO org.apache.nifi.processors.standard.ControlRate - ControlRate[id=f99191db-8b01-4505-bcda-2730f877db8d] transferring FlowFile[1422,97496022409387.mockFlowFile,14B] to 'success'
[pool-146-thread-1] INFO org.apache.nifi.processors.standard.ControlRate - ControlRate[id=f99191db-8b01-4505-bcda-2730f877db8d] transferring FlowFile[1423,97496022424006.mockFlowFile,14B] to 'success'
[pool-146-thread-1] INFO org.apache.nifi.processors.standard.ControlRate - ControlRate[id=f99191db-8b01-4505-bcda-2730f877db8d] transferring FlowFile[1424,97496022434685.mockFlowFile,14B] to 'success'
[pool-146-thread-1] INFO org.apache.nifi.processors.standard.ControlRate - ControlRate[id=f99191db-8b01-4505-bcda-2730f877db8d] transferring FlowFile[1425,97496022445176.mockFlowFile,14B] to 'success'
[pool-146-thread-1] INFO org.apache.nifi.processors.standard.ControlRate - ControlRate[id=f99191db-8b01-4505-bcda-2730f877db8d] transferring FlowFile[1426,97496022455004.mockFlowFile,14B] to 'success'
[pool-146-thread-1] INFO org.apache.nifi.processors.standard.ControlRate - ControlRate[id=f99191db-8b01-4505-bcda-2730f877db8d] transferring FlowFile[1427,97496022465286.mockFlowFile,14B] to 'success'
[pool-146-thread-1] INFO org.apache.nifi.processors.standard.ControlRate - ControlRate[id=f99191db-8b01-4505-bcda-2730f877db8d] transferring FlowFile[1428,97496022475511.mockFlowFile,14B] to 'success'
[pool-146-thread-1] INFO org.apache.nifi.processors.standard.ControlRate - ControlRate[id=f99191db-8b01-4505-bcda-2730f877db8d] transferring FlowFile[1429,97496022485319.mockFlowFile,14B] to 'success'
[pool-146-thread-1] INFO org.apache.nifi.processors.standard.ControlRate - ControlRate[id=f99191db-8b01-4505-bcda-2730f877db8d] transferring FlowFile[1430,97496022497720.mockFlowFile,14B] to 'success'
[pool-146-thread-1] INFO org.apache.nifi.processors.standard.ControlRate - ControlRate[id=f99191db-8b01-4505-bcda-2730f877db8d] transferring FlowFile[1431,97496022512663.mockFlowFile,14B] to 'success'
[pool-146-thread-1] INFO org.apache.nifi.processors.standard.ControlRate - ControlRate[id=f99191db-8b01-4505-bcda-2730f877db8d] transferring FlowFile[1432,97496022525154.mockFlowFile,14B] to 'success'
[pool-146-thread-1] INFO org.apache.nifi.processors.standard.ControlRate - ControlRate[id=f99191db-8b01-4505-bcda-2730f877db8d] transferring FlowFile[1433,97496022536420.mockFlowFile,14B] to 'success'
[pool-146-thread-1] INFO org.apache.nifi.processors.standard.ControlRate - ControlRate[id=f99191db-8b01-4505-bcda-2730f877db8d] transferring FlowFile[1434,97496022546726.mockFlowFile,14B] to 'success'
[pool-146-thread-1] INFO org.apache.nifi.processors.standard.ControlRate - ControlRate[id=f99191db-8b01-4505-bcda-2730f877db8d] transferring FlowFile[1435,97496022557763.mockFlowFile,14B] to 'success'
[pool-146-thread-1] INFO org.apache.nifi.processors.standard.ControlRate - ControlRate[id=f99191db-8b01-4505-bcda-2730f877db8d] transferring FlowFile[1436,97496022567903.mockFlowFile,14B] to 'success'
[pool-146-thread-1] INFO org.apache.nifi.processors.standard.ControlRate - ControlRate[id=f99191db-8b01-4505-bcda-2730f877db8d] transferring FlowFile[1437,97496022578606.mockFlowFile,14B] to 'success'
[pool-146-thread-1] INFO org.apache.nifi.processors.standard.ControlRate - ControlRate[id=f99191db-8b01-4505-bcda-2730f877db8d] transferring FlowFile[1438,97496022590332.mockFlowFile,14B] to 'success'
[pool-146-thread-1] INFO org.apache.nifi.processors.standard.ControlRate - ControlRate[id=f99191db-8b01-4505-bcda-2730f877db8d] transferring FlowFile[1439,97496022604820.mockFlowFile,14B] to 'success'
[pool-146-thread-1] INFO org.apache.nifi.processors.standard.ControlRate - ControlRate[id=f99191db-8b01-4505-bcda-2730f877db8d] transferring FlowFile[1440,97496022615373.mockFlowFile,14B] to 'success'
[pool-146-thread-1] INFO org.apache.nifi.processors.standard.ControlRate - ControlRate[id=f99191db-8b01-4505-bcda-2730f877db8d] transferring FlowFile[1441,97496022625234.mockFlowFile,14B] to 'success'
[pool-146-thread-1] INFO org.apache.nifi.processors.standard.ControlRate - ControlRate[id=f99191db-8b01-4505-bcda-2730f877db8d] transferring FlowFile[1442,97496022636084.mockFlowFile,14B] to 'success'
[pool-146-thread-1] INFO org.apache.nifi.processors.standard.ControlRate - ControlRate[id=f99191db-8b01-4505-bcda-2730f877db8d] transferring FlowFile[1443,97496022646685.mockFlowFile,14B] to 'success'
[pool-146-thread-1] INFO org.apache.nifi.processors.standard.ControlRate - ControlRate[id=f99191db-8b01-4505-bcda-2730f877db8d] transferring FlowFile[1444,97496022656776.mockFlowFile,14B] to 'success'
[pool-146-thread-1] INFO org.apache.nifi.processors.standard.ControlRate - ControlRate[id=f99191db-8b01-4505-bcda-2730f877db8d] transferring FlowFile[1445,97496022667863.mockFlowFile,14B] to 'success'
[pool-146-thread-1] INFO org.apache.nifi.processors.standard.ControlRate - ControlRate[id=f99191db-8b01-4505-bcda-2730f877db8d] transferring FlowFile[1446,97496022677680.mockFlowFile,14B] to 'success'
[pool-146-thread-1] INFO org.apache.nifi.processors.standard.ControlRate - ControlRate[id=f99191db-8b01-4505-bcda-2730f877db8d] transferring FlowFile[1447,97496022693164.mockFlowFile,14B] to 'success'
[pool-146-thread-1] INFO org.apache.nifi.processors.standard.ControlRate - ControlRate[id=f99191db-8b01-4505-bcda-2730f877db8d] transferring FlowFile[1448,97496022704532.mockFlowFile,14B] to 'success'
[pool-146-thread-1] INFO org.apache.nifi.processors.standard.ControlRate - ControlRate[id=f99191db-8b01-4505-bcda-2730f877db8d] transferring FlowFile[1449,97496022714959.mockFlowFile,14B] to 'success'
[pool-146-thread-1] INFO org.apache.nifi.processors.standard.ControlRate - ControlRate[id=f99191db-8b01-4505-bcda-2730f877db8d] transferring FlowFile[1450,97496022725928.mockFlowFile,14B] to 'success'
[pool-146-thread-1] INFO org.apache.nifi.processors.standard.ControlRate - ControlRate[id=f99191db-8b01-4505-bcda-2730f877db8d] transferring FlowFile[1451,97496022735836.mockFlowFile,14B] to 'success'
[pool-146-thread-1] INFO org.apache.nifi.processors.standard.ControlRate - ControlRate[id=f99191db-8b01-4505-bcda-2730f877db8d] transferring FlowFile[1452,97496022747367.mockFlowFile,14B] to 'success'
[pool-146-thread-1] INFO org.apache.nifi.processors.standard.ControlRate - ControlRate[id=f99191db-8b01-4505-bcda-2730f877db8d] transferring FlowFile[1453,97496022757907.mockFlowFile,14B] to 'success'
[pool-146-thread-1] INFO org.apache.nifi.processors.standard.ControlRate - ControlRate[id=f99191db-8b01-4505-bcda-2730f877db8d] transferring FlowFile[1454,97496022767612.mockFlowFile,14B] to 'success'
[pool-146-thread-1] INFO org.apache.nifi.processors.standard.ControlRate - ControlRate[id=f99191db-8b01-4505-bcda-2730f877db8d] transferring FlowFile[1455,97496022782605.mockFlowFile,14B] to 'success'
[pool-146-thread-1] INFO org.apache.nifi.processors.standard.ControlRate - ControlRate[id=f99191db-8b01-4505-bcda-2730f877db8d] transferring FlowFile[1456,97496022792968.mockFlowFile,14B] to 'success'
[pool-146-thread-1] INFO org.apache.nifi.processors.standard.ControlRate - ControlRate[id=f99191db-8b01-4505-bcda-2730f877db8d] transferring FlowFile[1457,97496022803926.mockFlowFile,14B] to 'success'
[pool-146-thread-1] INFO org.apache.nifi.processors.standard.ControlRate - ControlRate[id=f99191db-8b01-4505-bcda-2730f877db8d] transferring FlowFile[1458,97496022814866.mockFlowFile,14B] to 'success'
[pool-146-thread-1] INFO org.apache.nifi.processors.standard.ControlRate - ControlRate[id=f99191db-8b01-4505-bcda-2730f877db8d] transferring FlowFile[1459,97496022824856.mockFlowFile,14B] to 'success'
[pool-146-thread-1] INFO org.apache.nifi.processors.standard.ControlRate - ControlRate[id=f99191db-8b01-4505-bcda-2730f877db8d] transferring FlowFile[1460,97496022835832.mockFlowFile,14B] to 'success'
[pool-146-thread-1] INFO org.apache.nifi.processors.standard.ControlRate - ControlRate[id=f99191db-8b01-4505-bcda-2730f877db8d] transferring FlowFile[1461,97496022846030.mockFlowFile,14B] to 'success'
[pool-146-thread-1] INFO org.apache.nifi.processors.standard.ControlRate - ControlRate[id=f99191db-8b01-4505-bcda-2730f877db8d] transferring FlowFile[1462,97496022857167.mockFlowFile,14B] to 'success'
[pool-146-thread-1] INFO org.apache.nifi.processors.standard.ControlRate - ControlRate[id=f99191db-8b01-4505-bcda-2730f877db8d] transferring FlowFile[1463,97496022872369.mockFlowFile,14B] to 'success'
[pool-146-thread-1] INFO org.apache.nifi.processors.standard.ControlRate - ControlRate[id=f99191db-8b01-4505-bcda-2730f877db8d] transferring FlowFile[1464,97496022882909.mockFlowFile,14B] to 'success'
[pool-146-thread-1] INFO org.apache.nifi.processors.standard.ControlRate - ControlRate[id=f99191db-8b01-4505-bcda-2730f877db8d] transferring FlowFile[1465,97496022894481.mockFlowFile,14B] to 'success'
[pool-146-thread-1] INFO org.apache.nifi.processors.standard.ControlRate - ControlRate[id=f99191db-8b01-4505-bcda-2730f877db8d] transferring FlowFile[1466,97496022904828.mockFlowFile,14B] to 'success'
[pool-146-thread-1] INFO org.apache.nifi.processors.standard.ControlRate - ControlRate[id=f99191db-8b01-4505-bcda-2730f877db8d] transferring FlowFile[1467,97496022915949.mockFlowFile,14B] to 'success'
[pool-146-thread-1] INFO org.apache.nifi.processors.standard.ControlRate - ControlRate[id=f99191db-8b01-4505-bcda-2730f877db8d] transferring FlowFile[1468,97496022927057.mockFlowFile,14B] to 'success'
[pool-146-thread-1] INFO org.apache.nifi.processors.standard.ControlRate - ControlRate[id=f99191db-8b01-4505-bcda-2730f877db8d] transferring FlowFile[1469,97496022937182.mockFlowFile,14B] to 'success'
[pool-146-thread-1] INFO org.apache.nifi.processors.standard.ControlRate - ControlRate[id=f99191db-8b01-4505-bcda-2730f877db8d] transferring FlowFile[1470,97496022947951.mockFlowFile,14B] to 'success'
[pool-146-thread-1] INFO org.apache.nifi.processors.standard.ControlRate - ControlRate[id=f99191db-8b01-4505-bcda-2730f877db8d] transferring FlowFile[1471,97496022962234.mockFlowFile,14B] to 'success'
[pool-146-thread-1] INFO org.apache.nifi.processors.standard.ControlRate - ControlRate[id=f99191db-8b01-4505-bcda-2730f877db8d] transferring FlowFile[1472,97496022973243.mockFlowFile,14B] to 'success'
[pool-146-thread-1] INFO org.apache.nifi.processors.standard.ControlRate - ControlRate[id=f99191db-8b01-4505-bcda-2730f877db8d] transferring FlowFile[1473,97496022983948.mockFlowFile,14B] to 'success'
[pool-146-thread-1] INFO org.apache.nifi.processors.standard.ControlRate - ControlRate[id=f99191db-8b01-4505-bcda-2730f877db8d] transferring FlowFile[1474,97496022997184.mockFlowFile,14B] to 'success'
[pool-146-thread-1] INFO org.apache.nifi.processors.standard.ControlRate - ControlRate[id=f99191db-8b01-4505-bcda-2730f877db8d] transferring FlowFile[1475,97496023010151.mockFlowFile,14B] to 'success'
[pool-146-thread-1] INFO org.apache.nifi.processors.standard.ControlRate - ControlRate[id=f99191db-8b01-4505-bcda-2730f877db8d] transferring FlowFile[1476,97496023020368.mockFlowFile,14B] to 'success'
[pool-146-thread-1] INFO org.apache.nifi.processors.standard.ControlRate - ControlRate[id=f99191db-8b01-4505-bcda-2730f877db8d] transferring FlowFile[1477,97496023031400.mockFlowFile,14B] to 'success'
[pool-146-thread-1] INFO org.apache.nifi.processors.standard.ControlRate - ControlRate[id=f99191db-8b01-4505-bcda-2730f877db8d] transferring FlowFile[1478,97496023044079.mockFlowFile,14B] to 'success'
[pool-146-thread-1] INFO org.apache.nifi.processors.standard.ControlRate - ControlRate[id=f99191db-8b01-4505-bcda-2730f877db8d] transferring FlowFile[1479,97496023058821.mockFlowFile,14B] to 'success'
[pool-146-thread-1] INFO org.apache.nifi.processors.standard.ControlRate - ControlRate[id=f99191db-8b01-4505-bcda-2730f877db8d] transferring FlowFile[1480,97496023069950.mockFlowFile,14B] to 'success'
[pool-146-thread-1] INFO org.apache.nifi.processors.standard.ControlRate - ControlRate[id=f99191db-8b01-4505-bcda-2730f877db8d] transferring FlowFile[1481,97496023079794.mockFlowFile,14B] to 'success'
[pool-146-thread-1] INFO org.apache.nifi.processors.standard.ControlRate - ControlRate[id=f99191db-8b01-4505-bcda-2730f877db8d] transferring FlowFile[1482,97496023090367.mockFlowFile,14B] to 'success'
[pool-146-thread-1] INFO org.apache.nifi.processors.standard.ControlRate - ControlRate[id=f99191db-8b01-4505-bcda-2730f877db8d] transferring FlowFile[1483,97496023100890.mockFlowFile,14B] to 'success'
[pool-146-thread-1] INFO org.apache.nifi.processors.standard.ControlRate - ControlRate[id=f99191db-8b01-4505-bcda-2730f877db8d] transferring FlowFile[1484,97496023111227.mockFlowFile,14B] to 'success'
[pool-146-thread-1] INFO org.apache.nifi.processors.standard.ControlRate - ControlRate[id=f99191db-8b01-4505-bcda-2730f877db8d] transferring FlowFile[1485,97496023121586.mockFlowFile,14B] to 'success'
[pool-146-thread-1] INFO org.apache.nifi.processors.standard.ControlRate - ControlRate[id=f99191db-8b01-4505-bcda-2730f877db8d] transferring FlowFile[1486,97496023131617.mockFlowFile,14B] to 'success'
[pool-146-thread-1] INFO org.apache.nifi.processors.standard.ControlRate - ControlRate[id=f99191db-8b01-4505-bcda-2730f877db8d] transferring FlowFile[1487,97496023146754.mockFlowFile,14B] to 'success'
[pool-146-thread-1] INFO org.apache.nifi.processors.standard.ControlRate - ControlRate[id=f99191db-8b01-4505-bcda-2730f877db8d] transferring FlowFile[1488,97496023157979.mockFlowFile,14B] to 'success'
[pool-146-thread-1] INFO org.apache.nifi.processors.standard.ControlRate - ControlRate[id=f99191db-8b01-4505-bcda-2730f877db8d] transferring FlowFile[1489,97496023168281.mockFlowFile,14B] to 'success'
[pool-146-thread-1] INFO org.apache.nifi.processors.standard.ControlRate - ControlRate[id=f99191db-8b01-4505-bcda-2730f877db8d] transferring FlowFile[1490,97496023178794.mockFlowFile,14B] to 'success'
[pool-146-thread-1] INFO org.apache.nifi.processors.standard.ControlRate - ControlRate[id=f99191db-8b01-4505-bcda-2730f877db8d] transferring FlowFile[1491,97496023188695.mockFlowFile,14B] to 'success'
[pool-146-thread-1] INFO org.apache.nifi.processors.standard.ControlRate - ControlRate[id=f99191db-8b01-4505-bcda-2730f877db8d] transferring FlowFile[1492,97496023199657.mockFlowFile,14B] to 'success'
[pool-146-thread-1] INFO org.apache.nifi.processors.standard.ControlRate - ControlRate[id=f99191db-8b01-4505-bcda-2730f877db8d] transferring FlowFile[1493,97496023210543.mockFlowFile,14B] to 'success'
[pool-146-thread-1] INFO org.apache.nifi.processors.standard.ControlRate - ControlRate[id=f99191db-8b01-4505-bcda-2730f877db8d] transferring FlowFile[1494,97496023220828.mockFlowFile,14B] to 'success'
[pool-146-thread-1] INFO org.apache.nifi.processors.standard.ControlRate - ControlRate[id=f99191db-8b01-4505-bcda-2730f877db8d] transferring FlowFile[1495,97496023236010.mockFlowFile,14B] to 'success'
[pool-146-thread-1] INFO org.apache.nifi.processors.standard.ControlRate - ControlRate[id=f99191db-8b01-4505-bcda-2730f877db8d] transferring FlowFile[1496,97496023246513.mockFlowFile,14B] to 'success'
[pool-146-thread-1] INFO org.apache.nifi.processors.standard.ControlRate - ControlRate[id=f99191db-8b01-4505-bcda-2730f877db8d] transferring FlowFile[1497,97496023257582.mockFlowFile,14B] to 'success'
[pool-146-thread-1] INFO org.apache.nifi.processors.standard.ControlRate - ControlRate[id=f99191db-8b01-4505-bcda-2730f877db8d] transferring FlowFile[1498,97496023269981.mockFlowFile,14B] to 'success'
[pool-146-thread-1] INFO org.apache.nifi.processors.standard.ControlRate - ControlRate[id=f99191db-8b01-4505-bcda-2730f877db8d] transferring FlowFile[1499,97496023280343.mockFlowFile,14B] to 'success'
]]></system-err>
  </testcase>
  <testcase name="testViaAttribute" classname="org.apache.nifi.processors.standard.TestControlRate" time="1.805">
    <system-err><![CDATA[[pool-147-thread-1] INFO org.apache.nifi.processors.standard.ControlRate - ControlRate[id=f28a1eef-c5fe-4cbe-9839-52f6bdd2b9d6] transferring FlowFile[0,97496066468860.mockFlowFile,0B] to 'success'
[pool-147-thread-1] INFO org.apache.nifi.processors.standard.ControlRate - ControlRate[id=f28a1eef-c5fe-4cbe-9839-52f6bdd2b9d6] transferring FlowFile[1,97496066556769.mockFlowFile,0B] to 'success'
[pool-147-thread-1] INFO org.apache.nifi.processors.standard.ControlRate - ControlRate[id=f28a1eef-c5fe-4cbe-9839-52f6bdd2b9d6] transferring FlowFile[2,97496066597467.mockFlowFile,0B] to 'success'
[pool-147-thread-1] INFO org.apache.nifi.processors.standard.ControlRate - ControlRate[id=f28a1eef-c5fe-4cbe-9839-52f6bdd2b9d6] transferring FlowFile[3,97496066611087.mockFlowFile,0B] to 'success'
[pool-150-thread-1] INFO org.apache.nifi.processors.standard.ControlRate - ControlRate[id=f28a1eef-c5fe-4cbe-9839-52f6bdd2b9d6] transferring FlowFile[4,97496066624023.mockFlowFile,0B] to 'success'
]]></system-err>
  </testcase>
  <testcase name="testNonExistingGroupAttribute" classname="org.apache.nifi.processors.standard.TestControlRate" time="0.001">
    <system-err><![CDATA[[pool-151-thread-1] INFO org.apache.nifi.processors.standard.ControlRate - ControlRate[id=7976dd7c-cb91-4d57-a08e-bd95d68c53e4] transferring FlowFile[0,97497871769697.mockFlowFile,0B] to 'success'
[pool-151-thread-1] INFO org.apache.nifi.processors.standard.ControlRate - ControlRate[id=7976dd7c-cb91-4d57-a08e-bd95d68c53e4] transferring FlowFile[1,97497871791615.mockFlowFile,0B] to 'success'
[pool-151-thread-1] INFO org.apache.nifi.processors.standard.ControlRate - ControlRate[id=7976dd7c-cb91-4d57-a08e-bd95d68c53e4] transferring FlowFile[2,97497871800052.mockFlowFile,0B] to 'success'
[pool-151-thread-1] INFO org.apache.nifi.processors.standard.ControlRate - ControlRate[id=7976dd7c-cb91-4d57-a08e-bd95d68c53e4] transferring FlowFile[3,97497871808616.mockFlowFile,0B] to 'success'
]]></system-err>
  </testcase>
  <testcase name="testLimitExceededThenOtherLimitNotExceeded" classname="org.apache.nifi.processors.standard.TestControlRate" time="0.005">
    <system-err><![CDATA[[pool-152-thread-1] INFO org.apache.nifi.processors.standard.ControlRate - ControlRate[id=b5c8e62e-6545-40ab-8e79-8c23ec08d24e] transferring FlowFile[0,97497873002847.mockFlowFile,9B] to 'success'
[pool-152-thread-1] INFO org.apache.nifi.processors.standard.ControlRate - ControlRate[id=b5c8e62e-6545-40ab-8e79-8c23ec08d24e] transferring FlowFile[1,97497873025606.mockFlowFile,9B] to 'success'
[pool-152-thread-1] INFO org.apache.nifi.processors.standard.ControlRate - ControlRate[id=b5c8e62e-6545-40ab-8e79-8c23ec08d24e] transferring FlowFile[2,97497873042297.mockFlowFile,9B] to 'success'
[pool-152-thread-1] INFO org.apache.nifi.processors.standard.ControlRate - ControlRate[id=b5c8e62e-6545-40ab-8e79-8c23ec08d24e] transferring FlowFile[5,97497873069318.mockFlowFile,9B] to 'success'
]]></system-err>
  </testcase>
  <testcase name="testFileCountWithGrouping" classname="org.apache.nifi.processors.standard.TestControlRate" time="1.104">
    <system-err><![CDATA[[pool-153-thread-1] INFO org.apache.nifi.processors.standard.ControlRate - ControlRate[id=a0010870-f60b-4d1a-8859-693199137dd5] transferring FlowFile[0,97497877808578.mockFlowFile,0B] to 'success'
[pool-153-thread-1] INFO org.apache.nifi.processors.standard.ControlRate - ControlRate[id=a0010870-f60b-4d1a-8859-693199137dd5] transferring FlowFile[1,97497877834147.mockFlowFile,0B] to 'success'
[pool-153-thread-1] INFO org.apache.nifi.processors.standard.ControlRate - ControlRate[id=a0010870-f60b-4d1a-8859-693199137dd5] transferring FlowFile[2,97497877839928.mockFlowFile,0B] to 'success'
[pool-153-thread-1] INFO org.apache.nifi.processors.standard.ControlRate - ControlRate[id=a0010870-f60b-4d1a-8859-693199137dd5] transferring FlowFile[3,97497877853871.mockFlowFile,0B] to 'success'
[pool-155-thread-1] INFO org.apache.nifi.processors.standard.ControlRate - ControlRate[id=a0010870-f60b-4d1a-8859-693199137dd5] transferring FlowFile[4,97497877859527.mockFlowFile,0B] to 'success'
[pool-155-thread-1] INFO org.apache.nifi.processors.standard.ControlRate - ControlRate[id=a0010870-f60b-4d1a-8859-693199137dd5] transferring FlowFile[5,97497877864443.mockFlowFile,0B] to 'success'
]]></system-err>
  </testcase>
  <testcase name="testBadAttributeRate" classname="org.apache.nifi.processors.standard.TestControlRate" time="0.001">
    <system-err><![CDATA[[pool-156-thread-1] ERROR org.apache.nifi.processors.standard.ControlRate - ControlRate[id=2bf288f7-995b-4d3f-a514-297b3d51cd2d] Routing FlowFile[0,97498981550105.mockFlowFile,0B] to 'failure' due to missing or invalid attribute
]]></system-err>
  </testcase>
</testsuite>