<?xml version="1.0" encoding="UTF-8"?>
<testsuite xmlns:xsi="http://www.w3.org/2001/XMLSchema-instance" xsi:noNamespaceSchemaLocation="https://maven.apache.org/surefire/maven-surefire-plugin/xsd/surefire-test-report-3.0.xsd" version="3.0" name="org.apache.hive.hcatalog.api.repl.commands.TestCommands" time="34.912" tests="4" errors="0" skipped="0" failures="1">
  <properties>
    <property name="build.test.dir" value="/home/alex/Repositories/hive/hcatalog/webhcat/java-client/target/tmp"/>
    <property name="awt.toolkit" value="sun.awt.X11.XToolkit"/>
    <property name="test.tmp.dir.uri" value="file:///home/alex/Repositories/hive/hcatalog/webhcat/java-client/target/tmp"/>
    <property name="java.specification.version" value="1.8"/>
    <property name="qfile" value=""/>
    <property name="sun.cpu.isalist" value=""/>
    <property name="test.warehouse.dir" value="pfile:///home/alex/Repositories/hive/hcatalog/webhcat/java-client/target/warehouse"/>
    <property name="sun.jnu.encoding" value="UTF-8"/>
    <property name="run_disabled" value=""/>
    <property name="nondexPrintstack" value="false"/>
    <property name="sun.arch.data.model" value="64"/>
    <property name="java.vendor.url" value="http://java.oracle.com/"/>
    <property name="user.country.format" value="PT"/>
    <property name="test.tmp.dir" value="/home/alex/Repositories/hive/hcatalog/webhcat/java-client/target/tmp"/>
    <property name="sun.boot.library.path" value="/usr/lib/jvm/java-8-openjdk-amd64/jre/lib/amd64"/>
    <property name="sun.java.command" value="/home/alex/Repositories/hive/hcatalog/webhcat/java-client/target/surefire/surefirebooter6056753304168500576.jar /home/alex/Repositories/hive/hcatalog/webhcat/java-client/target/surefire 2024-04-23T21-59-46_173-jvmRun1 surefire4910320251823242881tmp surefire_38505727397079866490243tmp"/>
    <property name="hive.metastore.event.message.factory" value="org.apache.hadoop.hive.metastore.messaging.json.JSONMessageEncoder"/>
    <property name="nondexExecid" value="B8ezqEjEejb1LaSK3KojMwqNjTX053SLSZLsnV6tE0="/>
    <property name="java.specification.vendor" value="Oracle Corporation"/>
    <property name="java.home" value="/usr/lib/jvm/java-8-openjdk-amd64/jre"/>
    <property name="file.separator" value="/"/>
    <property name="basedir" value="/home/alex/Repositories/hive/hcatalog/webhcat/java-client"/>
    <property name="line.separator" value="&#10;"/>
    <property name="nondexEnd" value="9223372036854775807"/>
    <property name="hive.exec.post.hooks" value=" "/>
    <property name="java.specification.name" value="Java Platform API Specification"/>
    <property name="java.vm.specification.vendor" value="Oracle Corporation"/>
    <property name="derby.stream.error.file" value="/home/alex/Repositories/hive/hcatalog/webhcat/java-client/target/tmp/derby.log"/>
    <property name="sun.boot.class.path" value="/home/alex/Repositories/hive/hcatalog/webhcat/java-client/.nondex/nondex-instr.jar:/home/alex/.m2/repository/edu/illinois/nondex-common/2.1.7/nondex-common-2.1.7.jar:/home/alex/.m2/repository/edu/illinois/nondex-annotations/2.1.7/nondex-annotations-2.1.7.jar:/usr/lib/jvm/java-8-openjdk-amd64/jre/lib/resources.jar:/usr/lib/jvm/java-8-openjdk-amd64/jre/lib/rt.jar:/usr/lib/jvm/java-8-openjdk-amd64/jre/lib/sunrsasign.jar:/usr/lib/jvm/java-8-openjdk-amd64/jre/lib/jsse.jar:/usr/lib/jvm/java-8-openjdk-amd64/jre/lib/jce.jar:/usr/lib/jvm/java-8-openjdk-amd64/jre/lib/charsets.jar:/usr/lib/jvm/java-8-openjdk-amd64/jre/lib/jfr.jar:/usr/lib/jvm/java-8-openjdk-amd64/jre/classes"/>
    <property name="log4j.debug" value="true"/>
    <property name="sun.management.compiler" value="HotSpot 64-Bit Tiered Compilers"/>
    <property name="spark.home" value=""/>
    <property name="java.runtime.version" value="1.8.0_402-8u402-ga-2ubuntu1~22.04-b06"/>
    <property name="user.name" value="alex"/>
    <property name="test.src.tables" value=""/>
    <property name="file.encoding" value="UTF-8"/>
    <property name="qfile_regex" value=""/>
    <property name="hadoop.bin.path" value="/home/alex/Repositories/hive/hcatalog/webhcat/java-client/../../../testutils/hadoop"/>
    <property name="localRepository" value="/home/alex/.m2/repository"/>
    <property name="build.dir" value="/home/alex/Repositories/hive/hcatalog/webhcat/java-client/target"/>
    <property name="nondexDir" value="/home/alex/Repositories/hive/hcatalog/webhcat/java-client/.nondex"/>
    <property name="mapred.job.tracker" value="local"/>
    <property name="nondexJarDir" value="/home/alex/Repositories/hive/hcatalog/webhcat/java-client/.nondex"/>
    <property name="java.io.tmpdir" value="/home/alex/Repositories/hive/hcatalog/webhcat/java-client/target/tmp"/>
    <property name="com.zaxxer.hikari.pool_number" value="3"/>
    <property name="java.version" value="1.8.0_402"/>
    <property name="hive.version" value="4.0.0-SNAPSHOT"/>
    <property name="java.vm.specification.name" value="Java Virtual Machine Specification"/>
    <property name="java.awt.printerjob" value="sun.print.PSPrinterJob"/>
    <property name="sun.os.patch.level" value="unknown"/>
    <property name="test.data.dir" value="/home/alex/Repositories/hive/hcatalog/webhcat/java-client/../../../data/files"/>
    <property name="java.library.path" value="/usr/java/packages/lib/amd64:/usr/lib/x86_64-linux-gnu/jni:/lib/x86_64-linux-gnu:/usr/lib/x86_64-linux-gnu:/usr/lib/jni:/lib:/usr/lib"/>
    <property name="java.vendor" value="Private Build"/>
    <property name="java.specification.maintenance.version" value="5"/>
    <property name="sun.io.unicode.encoding" value="UnicodeLittle"/>
    <property name="initScript" value=""/>
    <property name="sun.desktop" value="gnome"/>
    <property name="calcite.enable.rexnode.digest.normalize" value="false"/>
    <property name="file.encoding.pkg" value="sun.io"/>
    <property name="nondexStart" value="0"/>
    <property name="log4j.configurationFile" value="file:///home/alex/Repositories/hive/hcatalog/webhcat/java-client/target/testconf/hive-log4j2.properties"/>
    <property name="java.class.path" value="/home/alex/Repositories/hive/hcatalog/webhcat/java-client/target/test-classes:/home/alex/Repositories/hive/hcatalog/webhcat/java-client/target/classes:/home/alex/Repositories/hive/hcatalog/core/target/classes:/home/alex/Repositories/hive/cli/target/classes:/home/alex/Repositories/hive/service/target/classes:/home/alex/Repositories/hive/llap-server/target/classes:/home/alex/.m2/repository/com/lmax/disruptor/3.3.7/disruptor-3.3.7.jar:/home/alex/Repositories/hive/llap-common/target/test-classes:/home/alex/Repositories/hive/hplsql/target/classes:/home/alex/.m2/repository/org/antlr/antlr4-runtime/4.5/antlr4-runtime-4.5.jar:/home/alex/.m2/repository/org/abego/treelayout/org.abego.treelayout.core/1.0.1/org.abego.treelayout.core-1.0.1.jar:/home/alex/.m2/repository/javax/servlet/jsp/javax.servlet.jsp-api/2.3.1/javax.servlet.jsp-api-2.3.1.jar:/home/alex/.m2/repository/org/eclipse/jetty/jetty-runner/9.3.27.v20190418/jetty-runner-9.3.27.v20190418.jar:/home/alex/.m2/repository/org/eclipse/jetty/jetty-plus/9.3.27.v20190418/jetty-plus-9.3.27.v20190418.jar:/home/alex/.m2/repository/org/eclipse/jetty/jetty-annotations/9.3.27.v20190418/jetty-annotations-9.3.27.v20190418.jar:/home/alex/.m2/repository/org/ow2/asm/asm-commons/6.0/asm-commons-6.0.jar:/home/alex/.m2/repository/org/ow2/asm/asm-tree/6.0/asm-tree-6.0.jar:/home/alex/.m2/repository/org/eclipse/jetty/jetty-jaas/9.3.27.v20190418/jetty-jaas-9.3.27.v20190418.jar:/home/alex/.m2/repository/org/eclipse/jetty/websocket/websocket-server/9.3.27.v20190418/websocket-server-9.3.27.v20190418.jar:/home/alex/.m2/repository/org/eclipse/jetty/websocket/websocket-common/9.3.27.v20190418/websocket-common-9.3.27.v20190418.jar:/home/alex/.m2/repository/org/eclipse/jetty/websocket/websocket-api/9.3.27.v20190418/websocket-api-9.3.27.v20190418.jar:/home/alex/.m2/repository/org/eclipse/jetty/websocket/websocket-client/9.3.27.v20190418/websocket-client-9.3.27.v20190418.jar:/home/alex/.m2/repository/org/eclipse/jetty/websocket/websocket-servlet/9.3.27.v20190418/websocket-servlet-9.3.27.v20190418.jar:/home/alex/.m2/repository/org/eclipse/jetty/jetty-jndi/9.3.27.v20190418/jetty-jndi-9.3.27.v20190418.jar:/home/alex/.m2/repository/org/eclipse/jetty/apache-jsp/9.3.27.v20190418/apache-jsp-9.3.27.v20190418.jar:/home/alex/.m2/repository/org/eclipse/jetty/toolchain/jetty-schemas/3.1/jetty-schemas-3.1.jar:/home/alex/.m2/repository/org/eclipse/jdt/core/compiler/ecj/4.4.2/ecj-4.4.2.jar:/home/alex/.m2/repository/org/eclipse/jetty/apache-jstl/9.3.27.v20190418/apache-jstl-9.3.27.v20190418.jar:/home/alex/.m2/repository/org/apache/taglibs/taglibs-standard-spec/1.2.5/taglibs-standard-spec-1.2.5.jar:/home/alex/.m2/repository/org/apache/taglibs/taglibs-standard-impl/1.2.5/taglibs-standard-impl-1.2.5.jar:/home/alex/.m2/repository/org/bouncycastle/bcprov-jdk15on/1.64/bcprov-jdk15on-1.64.jar:/home/alex/.m2/repository/org/apache/santuario/xmlsec/2.2.1/xmlsec-2.2.1.jar:/home/alex/.m2/repository/org/jamon/jamon-runtime/2.3.1/jamon-runtime-2.3.1.jar:/home/alex/Repositories/hive/common/target/classes:/home/alex/Repositories/hive/classification/target/classes:/home/alex/.m2/repository/org/eclipse/jetty/jetty-http/9.3.27.v20190418/jetty-http-9.3.27.v20190418.jar:/home/alex/.m2/repository/org/eclipse/jetty/jetty-rewrite/9.3.27.v20190418/jetty-rewrite-9.3.27.v20190418.jar:/home/alex/.m2/repository/org/eclipse/jetty/jetty-client/9.3.27.v20190418/jetty-client-9.3.27.v20190418.jar:/home/alex/.m2/repository/org/apache/logging/log4j/log4j-web/2.13.2/log4j-web-2.13.2.jar:/home/alex/.m2/repository/net/sf/jpam/jpam/1.1/jpam-1.1.jar:/home/alex/Repositories/hive/metastore/target/classes:/home/alex/.m2/repository/com/google/guava/guava/19.0/guava-19.0.jar:/home/alex/.m2/repository/com/fasterxml/jackson/core/jackson-annotations/2.12.0/jackson-annotations-2.12.0.jar:/home/alex/.m2/repository/com/fasterxml/jackson/core/jackson-core/2.12.0/jackson-core-2.12.0.jar:/home/alex/.m2/repository/com/fasterxml/jackson/core/jackson-databind/2.12.0/jackson-databind-2.12.0.jar:/home/alex/.m2/repository/org/apache/hadoop/hadoop-annotations/3.1.0/hadoop-annotations-3.1.0.jar:/usr/lib/jvm/java-8-openjdk-amd64/jre/../lib/tools.jar:/home/alex/.m2/repository/org/apache/hadoop/hadoop-archives/3.1.0/hadoop-archives-3.1.0.jar:/home/alex/.m2/repository/org/apache/hadoop/hadoop-hdfs/3.1.0/hadoop-hdfs-3.1.0.jar:/home/alex/.m2/repository/org/eclipse/jetty/jetty-util-ajax/9.3.19.v20170502/jetty-util-ajax-9.3.19.v20170502.jar:/home/alex/.m2/repository/commons-daemon/commons-daemon/1.0.13/commons-daemon-1.0.13.jar:/home/alex/.m2/repository/io/netty/netty-all/4.1.65.Final/netty-all-4.1.65.Final.jar:/home/alex/.m2/repository/org/fusesource/leveldbjni/leveldbjni-all/1.8/leveldbjni-all-1.8.jar:/home/alex/Repositories/hive/hcatalog/server-extensions/target/classes:/home/alex/.m2/repository/jakarta/jms/jakarta.jms-api/2.0.2/jakarta.jms-api-2.0.2.jar:/home/alex/Repositories/hive/ql/target/classes:/home/alex/.m2/repository/org/apache/atlas/atlas-client-v2/2.1.0/atlas-client-v2-2.1.0.jar:/home/alex/.m2/repository/cglib/cglib/2.2.2/cglib-2.2.2.jar:/home/alex/.m2/repository/asm/asm/3.3.1/asm-3.3.1.jar:/home/alex/.m2/repository/org/apache/atlas/atlas-client-common/2.1.0/atlas-client-common-2.1.0.jar:/home/alex/.m2/repository/org/apache/httpcomponents/httpclient/4.5.13/httpclient-4.5.13.jar:/home/alex/.m2/repository/com/sun/jersey/jersey-client/1.19/jersey-client-1.19.jar:/home/alex/.m2/repository/org/apache/atlas/atlas-intg/2.1.0/atlas-intg-2.1.0.jar:/home/alex/.m2/repository/commons-validator/commons-validator/1.6/commons-validator-1.6.jar:/home/alex/.m2/repository/commons-digester/commons-digester/1.8.1/commons-digester-1.8.1.jar:/home/alex/.m2/repository/com/fasterxml/jackson/jaxrs/jackson-jaxrs-base/2.12.0/jackson-jaxrs-base-2.12.0.jar:/home/alex/.m2/repository/com/fasterxml/jackson/jaxrs/jackson-jaxrs-json-provider/2.12.0/jackson-jaxrs-json-provider-2.12.0.jar:/home/alex/.m2/repository/javax/inject/javax.inject/1/javax.inject-1.jar:/home/alex/.m2/repository/org/springframework/spring-context/4.3.20.RELEASE/spring-context-4.3.20.RELEASE.jar:/home/alex/.m2/repository/org/springframework/spring-aop/4.3.20.RELEASE/spring-aop-4.3.20.RELEASE.jar:/home/alex/.m2/repository/org/springframework/spring-beans/4.3.20.RELEASE/spring-beans-4.3.20.RELEASE.jar:/home/alex/.m2/repository/org/springframework/spring-core/4.3.20.RELEASE/spring-core-4.3.20.RELEASE.jar:/home/alex/.m2/repository/org/springframework/spring-expression/4.3.20.RELEASE/spring-expression-4.3.20.RELEASE.jar:/home/alex/.m2/repository/commons-configuration/commons-configuration/1.10/commons-configuration-1.10.jar:/home/alex/.m2/repository/org/apache/commons/commons-math3/3.6.1/commons-math3-3.6.1.jar:/home/alex/Repositories/hive/vector-code-gen/target/classes:/home/alex/.m2/repository/org/apache/velocity/velocity/1.5/velocity-1.5.jar:/home/alex/Repositories/hive/serde/target/classes:/home/alex/.m2/repository/org/apache/arrow/arrow-vector/0.15.1/arrow-vector-0.15.1.jar:/home/alex/.m2/repository/org/apache/arrow/arrow-format/0.15.1/arrow-format-0.15.1.jar:/home/alex/.m2/repository/org/apache/arrow/arrow-memory/0.15.1/arrow-memory-0.15.1.jar:/home/alex/.m2/repository/com/google/flatbuffers/flatbuffers-java/1.9.0/flatbuffers-java-1.9.0.jar:/home/alex/.m2/repository/com/carrotsearch/hppc/0.7.2/hppc-0.7.2.jar:/home/alex/.m2/repository/com/github/davidmoten/flatbuffers-java/1.6.0.1/flatbuffers-java-1.6.0.1.jar:/home/alex/Repositories/hive/parser/target/classes:/home/alex/Repositories/hive/udf/target/classes:/home/alex/Repositories/hive/service-rpc/target/classes:/home/alex/Repositories/hive/llap-client/target/classes:/home/alex/Repositories/hive/llap-common/target/classes:/home/alex/.m2/repository/io/jsonwebtoken/jjwt-api/0.10.5/jjwt-api-0.10.5.jar:/home/alex/.m2/repository/io/jsonwebtoken/jjwt-impl/0.10.5/jjwt-impl-0.10.5.jar:/home/alex/.m2/repository/io/jsonwebtoken/jjwt-jackson/0.10.5/jjwt-jackson-0.10.5.jar:/home/alex/Repositories/hive/llap-tez/target/classes:/home/alex/Repositories/hive/shims/aggregator/target/classes:/home/alex/Repositories/hive/shims/common/target/classes:/home/alex/Repositories/hive/shims/0.23/target/classes:/home/alex/.m2/repository/org/apache/hadoop/hadoop-yarn-server-resourcemanager/3.1.0/hadoop-yarn-server-resourcemanager-3.1.0.jar:/home/alex/.m2/repository/org/apache/hadoop/hadoop-yarn-server-common/3.1.0/hadoop-yarn-server-common-3.1.0.jar:/home/alex/.m2/repository/org/apache/geronimo/specs/geronimo-jcache_1.0_spec/1.0-alpha-1/geronimo-jcache_1.0_spec-1.0-alpha-1.jar:/home/alex/.m2/repository/org/ehcache/ehcache/3.3.1/ehcache-3.3.1.jar:/home/alex/.m2/repository/com/zaxxer/HikariCP-java7/2.4.12/HikariCP-java7-2.4.12.jar:/home/alex/.m2/repository/org/apache/hadoop/hadoop-yarn-server-applicationhistoryservice/3.1.0/hadoop-yarn-server-applicationhistoryservice-3.1.0.jar:/home/alex/.m2/repository/de/ruedigermoeller/fst/2.50/fst-2.50.jar:/home/alex/.m2/repository/com/cedarsoftware/java-util/1.9.0/java-util-1.9.0.jar:/home/alex/.m2/repository/com/cedarsoftware/json-io/2.5.1/json-io-2.5.1.jar:/home/alex/Repositories/hive/shims/scheduler/target/classes:/home/alex/Repositories/hive/spark-client/target/classes:/home/alex/.m2/repository/com/fasterxml/jackson/module/jackson-module-scala_2.12/2.12.0/jackson-module-scala_2.12-2.12.0.jar:/home/alex/.m2/repository/org/scala-lang/scala-library/2.12.10/scala-library-2.12.10.jar:/home/alex/.m2/repository/org/apache/spark/spark-core_2.12/2.4.5/spark-core_2.12-2.4.5.jar:/home/alex/.m2/repository/com/twitter/chill_2.12/0.9.3/chill_2.12-0.9.3.jar:/home/alex/.m2/repository/com/twitter/chill-java/0.9.3/chill-java-0.9.3.jar:/home/alex/.m2/repository/org/apache/xbean/xbean-asm6-shaded/4.8/xbean-asm6-shaded-4.8.jar:/home/alex/.m2/repository/org/apache/hadoop/hadoop-client/3.1.0/hadoop-client-3.1.0.jar:/home/alex/.m2/repository/org/apache/hadoop/hadoop-mapreduce-client-jobclient/3.1.0/hadoop-mapreduce-client-jobclient-3.1.0.jar:/home/alex/.m2/repository/org/apache/hadoop/hadoop-mapreduce-client-common/3.1.0/hadoop-mapreduce-client-common-3.1.0.jar:/home/alex/.m2/repository/org/apache/spark/spark-launcher_2.12/2.4.5/spark-launcher_2.12-2.4.5.jar:/home/alex/.m2/repository/org/apache/spark/spark-kvstore_2.12/2.4.5/spark-kvstore_2.12-2.4.5.jar:/home/alex/.m2/repository/org/apache/spark/spark-network-common_2.12/2.4.5/spark-network-common_2.12-2.4.5.jar:/home/alex/.m2/repository/org/apache/spark/spark-network-shuffle_2.12/2.4.5/spark-network-shuffle_2.12-2.4.5.jar:/home/alex/.m2/repository/org/apache/spark/spark-unsafe_2.12/2.4.5/spark-unsafe_2.12-2.4.5.jar:/home/alex/.m2/repository/javax/activation/activation/1.1.1/activation-1.1.1.jar:/home/alex/.m2/repository/org/slf4j/jul-to-slf4j/1.7.16/jul-to-slf4j-1.7.16.jar:/home/alex/.m2/repository/org/slf4j/jcl-over-slf4j/1.7.16/jcl-over-slf4j-1.7.16.jar:/home/alex/.m2/repository/com/ning/compress-lzf/1.0.3/compress-lzf-1.0.3.jar:/home/alex/.m2/repository/org/roaringbitmap/RoaringBitmap/0.7.45/RoaringBitmap-0.7.45.jar:/home/alex/.m2/repository/org/roaringbitmap/shims/0.7.45/shims-0.7.45.jar:/home/alex/.m2/repository/org/json4s/json4s-jackson_2.12/3.5.3/json4s-jackson_2.12-3.5.3.jar:/home/alex/.m2/repository/org/json4s/json4s-core_2.12/3.5.3/json4s-core_2.12-3.5.3.jar:/home/alex/.m2/repository/org/json4s/json4s-ast_2.12/3.5.3/json4s-ast_2.12-3.5.3.jar:/home/alex/.m2/repository/org/json4s/json4s-scalap_2.12/3.5.3/json4s-scalap_2.12-3.5.3.jar:/home/alex/.m2/repository/org/scala-lang/modules/scala-xml_2.12/1.0.6/scala-xml_2.12-1.0.6.jar:/home/alex/.m2/repository/com/clearspring/analytics/stream/2.7.0/stream-2.7.0.jar:/home/alex/.m2/repository/io/dropwizard/metrics/metrics-graphite/3.1.5/metrics-graphite-3.1.5.jar:/home/alex/.m2/repository/net/razorvine/pyrolite/4.13/pyrolite-4.13.jar:/home/alex/.m2/repository/net/sf/py4j/py4j/0.10.7/py4j-0.10.7.jar:/home/alex/.m2/repository/org/apache/spark/spark-tags_2.12/2.4.5/spark-tags_2.12-2.4.5.jar:/home/alex/.m2/repository/org/apache/commons/commons-crypto/1.0.0/commons-crypto-1.0.0.jar:/home/alex/.m2/repository/org/spark-project/spark/unused/1.0.0/unused-1.0.0.jar:/home/alex/.m2/repository/org/apache/spark/spark-yarn_2.12/2.4.5/spark-yarn_2.12-2.4.5.jar:/home/alex/.m2/repository/org/apache/hadoop/hadoop-yarn-server-web-proxy/3.1.0/hadoop-yarn-server-web-proxy-3.1.0.jar:/home/alex/Repositories/hive/storage-api/target/classes:/home/alex/.m2/repository/com/amazonaws/secretsmanager/aws-secretsmanager-caching-java/1.0.1/aws-secretsmanager-caching-java-1.0.1.jar:/home/alex/.m2/repository/com/esotericsoftware/kryo/5.0.3/kryo-5.0.3.jar:/home/alex/.m2/repository/com/esotericsoftware/minlog/1.3.1/minlog-1.3.1.jar:/home/alex/.m2/repository/com/esotericsoftware/reflectasm/1.11.9/reflectasm-1.11.9.jar:/home/alex/.m2/repository/com/google/protobuf/protobuf-java/2.5.0/protobuf-java-2.5.0.jar:/home/alex/.m2/repository/org/apache/parquet/parquet-hadoop-bundle/1.11.1/parquet-hadoop-bundle-1.11.1.jar:/home/alex/.m2/repository/commons-codec/commons-codec/1.15/commons-codec-1.15.jar:/home/alex/.m2/repository/commons-io/commons-io/2.6/commons-io-2.6.jar:/home/alex/.m2/repository/org/apache/commons/commons-collections4/4.1/commons-collections4-4.1.jar:/home/alex/.m2/repository/org/apache/commons/commons-lang3/3.9/commons-lang3-3.9.jar:/home/alex/.m2/repository/org/apache/commons/commons-text/1.8/commons-text-1.8.jar:/home/alex/.m2/repository/javolution/javolution/5.5.1/javolution-5.5.1.jar:/home/alex/.m2/repository/org/apache/logging/log4j/log4j-1.2-api/2.13.2/log4j-1.2-api-2.13.2.jar:/home/alex/.m2/repository/org/apache/logging/log4j/log4j-api/2.13.2/log4j-api-2.13.2.jar:/home/alex/.m2/repository/org/apache/logging/log4j/log4j-core/2.13.2/log4j-core-2.13.2.jar:/home/alex/.m2/repository/org/apache/logging/log4j/log4j-slf4j-impl/2.13.2/log4j-slf4j-impl-2.13.2.jar:/home/alex/.m2/repository/org/antlr/antlr-runtime/3.5.2/antlr-runtime-3.5.2.jar:/home/alex/.m2/repository/org/antlr/ST4/4.0.4/ST4-4.0.4.jar:/home/alex/.m2/repository/org/apache/avro/avro/1.8.2/avro-1.8.2.jar:/home/alex/.m2/repository/com/thoughtworks/paranamer/paranamer/2.8/paranamer-2.8.jar:/home/alex/.m2/repository/org/xerial/snappy/snappy-java/1.1.4/snappy-java-1.1.4.jar:/home/alex/.m2/repository/org/tukaani/xz/1.5/xz-1.5.jar:/home/alex/.m2/repository/org/apache/avro/avro-mapred/1.8.2/avro-mapred-1.8.2-hadoop2.jar:/home/alex/.m2/repository/org/apache/avro/avro-ipc/1.8.2/avro-ipc-1.8.2.jar:/home/alex/.m2/repository/org/apache/ant/ant/1.9.1/ant-1.9.1.jar:/home/alex/.m2/repository/org/apache/ant/ant-launcher/1.9.1/ant-launcher-1.9.1.jar:/home/alex/.m2/repository/org/apache/commons/commons-compress/1.21/commons-compress-1.21.jar:/home/alex/.m2/repository/org/apache/thrift/libfb303/0.9.3/libfb303-0.9.3.jar:/home/alex/.m2/repository/org/apache/hadoop/hadoop-yarn-registry/3.1.0/hadoop-yarn-registry-3.1.0.jar:/home/alex/.m2/repository/org/apache/hadoop/hadoop-yarn-api/3.1.0/hadoop-yarn-api-3.1.0.jar:/home/alex/.m2/repository/org/apache/curator/curator-client/4.2.0/curator-client-4.2.0.jar:/home/alex/.m2/repository/dnsjava/dnsjava/2.1.7/dnsjava-2.1.7.jar:/home/alex/.m2/repository/org/apache/orc/orc-tools/1.6.9/orc-tools-1.6.9.jar:/home/alex/.m2/repository/com/opencsv/opencsv/3.9/opencsv-3.9.jar:/home/alex/.m2/repository/org/codehaus/jettison/jettison/1.1/jettison-1.1.jar:/home/alex/.m2/repository/org/threeten/threetenbp/1.3.5/threetenbp-1.3.5.jar:/home/alex/.m2/repository/org/apache/ivy/ivy/2.4.0/ivy-2.4.0.jar:/home/alex/.m2/repository/org/apache/thrift/libthrift/0.14.1/libthrift-0.14.1.jar:/home/alex/.m2/repository/org/apache/httpcomponents/httpcore/4.4.13/httpcore-4.4.13.jar:/home/alex/.m2/repository/org/apache/tomcat/embed/tomcat-embed-core/8.5.46/tomcat-embed-core-8.5.46.jar:/home/alex/.m2/repository/org/apache/tomcat/tomcat-annotations-api/8.5.46/tomcat-annotations-api-8.5.46.jar:/home/alex/.m2/repository/javax/annotation/javax.annotation-api/1.3.2/javax.annotation-api-1.3.2.jar:/home/alex/.m2/repository/org/apache/zookeeper/zookeeper/3.5.5/zookeeper-3.5.5.jar:/home/alex/.m2/repository/org/apache/zookeeper/zookeeper-jute/3.5.5/zookeeper-jute-3.5.5.jar:/home/alex/.m2/repository/org/apache/yetus/audience-annotations/0.5.0/audience-annotations-0.5.0.jar:/home/alex/.m2/repository/org/apache/curator/curator-framework/4.2.0/curator-framework-4.2.0.jar:/home/alex/.m2/repository/org/apache/datasketches/datasketches-hive/1.1.0-incubating/datasketches-hive-1.1.0-incubating.jar:/home/alex/.m2/repository/org/apache/datasketches/datasketches-java/1.3.0-incubating/datasketches-java-1.3.0-incubating.jar:/home/alex/.m2/repository/org/apache/datasketches/datasketches-memory/1.2.0-incubating/datasketches-memory-1.2.0-incubating.jar:/home/alex/.m2/repository/org/slf4j/slf4j-simple/1.7.27/slf4j-simple-1.7.27.jar:/home/alex/.m2/repository/org/codehaus/groovy/groovy-all/2.4.11/groovy-all-2.4.11.jar:/home/alex/.m2/repository/org/jodd/jodd-util/6.0.0/jodd-util-6.0.0.jar:/home/alex/.m2/repository/com/fasterxml/jackson/dataformat/jackson-dataformat-yaml/2.12.0/jackson-dataformat-yaml-2.12.0.jar:/home/alex/.m2/repository/org/yaml/snakeyaml/1.27/snakeyaml-1.27.jar:/home/alex/.m2/repository/org/datanucleus/datanucleus-core/5.2.4/datanucleus-core-5.2.4.jar:/home/alex/.m2/repository/org/apache/calcite/calcite-core/1.25.0/calcite-core-1.25.0.jar:/home/alex/.m2/repository/org/apache/calcite/calcite-linq4j/1.25.0/calcite-linq4j-1.25.0.jar:/home/alex/.m2/repository/org/apiguardian/apiguardian-api/1.1.0/apiguardian-api-1.1.0.jar:/home/alex/.m2/repository/com/esri/geometry/esri-geometry-api/2.2.0/esri-geometry-api-2.2.0.jar:/home/alex/.m2/repository/com/yahoo/datasketches/sketches-core/0.9.0/sketches-core-0.9.0.jar:/home/alex/.m2/repository/com/yahoo/datasketches/memory/0.9.0/memory-0.9.0.jar:/home/alex/.m2/repository/org/apache/calcite/calcite-druid/1.25.0/calcite-druid-1.25.0.jar:/home/alex/.m2/repository/org/apache/calcite/avatica/avatica/1.12.0/avatica-1.12.0.jar:/home/alex/.m2/repository/com/googlecode/javaewah/JavaEWAH/0.3.2/JavaEWAH-0.3.2.jar:/home/alex/.m2/repository/com/google/code/gson/gson/2.2.4/gson-2.2.4.jar:/home/alex/.m2/repository/com/tdunning/json/1.8/json-1.8.jar:/home/alex/.m2/repository/stax/stax-api/1.0.1/stax-api-1.0.1.jar:/home/alex/.m2/repository/net/sf/opencsv/opencsv/2.3/opencsv-2.3.jar:/home/alex/Repositories/hive/standalone-metastore/metastore-server/target/classes:/home/alex/.m2/repository/com/google/re2j/re2j/1.2/re2j-1.2.jar:/home/alex/.m2/repository/org/reflections/reflections/0.9.10/reflections-0.9.10.jar:/home/alex/.m2/repository/org/javassist/javassist/3.19.0-GA/javassist-3.19.0-GA.jar:/home/alex/.m2/repository/com/jayway/jsonpath/json-path/2.4.0/json-path-2.4.0.jar:/home/alex/.m2/repository/net/minidev/json-smart/2.3/json-smart-2.3.jar:/home/alex/.m2/repository/net/minidev/accessors-smart/1.2/accessors-smart-1.2.jar:/home/alex/.m2/repository/org/ow2/asm/asm/5.0.4/asm-5.0.4.jar:/home/alex/.m2/repository/org/codehaus/janino/commons-compiler/3.0.11/commons-compiler-3.0.11.jar:/home/alex/.m2/repository/org/codehaus/janino/janino/3.0.11/janino-3.0.11.jar:/home/alex/.m2/repository/com/sun/jersey/contribs/jersey-multipart/1.19/jersey-multipart-1.19.jar:/home/alex/.m2/repository/org/jvnet/mimepull/mimepull/1.9.3/mimepull-1.9.3.jar:/home/alex/.m2/repository/org/apache/kafka/kafka-clients/2.5.0/kafka-clients-2.5.0.jar:/home/alex/.m2/repository/com/github/luben/zstd-jni/1.4.4-7/zstd-jni-1.4.4-7.jar:/home/alex/.m2/repository/org/lz4/lz4-java/1.7.1/lz4-java-1.7.1.jar:/home/alex/.m2/repository/org/apache/hadoop/hadoop-common/3.1.0/hadoop-common-3.1.0.jar:/home/alex/.m2/repository/commons-cli/commons-cli/1.4/commons-cli-1.4.jar:/home/alex/.m2/repository/commons-net/commons-net/3.6/commons-net-3.6.jar:/home/alex/.m2/repository/commons-collections/commons-collections/3.2.2/commons-collections-3.2.2.jar:/home/alex/.m2/repository/javax/servlet/javax.servlet-api/3.1.0/javax.servlet-api-3.1.0.jar:/home/alex/.m2/repository/org/eclipse/jetty/jetty-server/9.3.27.v20190418/jetty-server-9.3.27.v20190418.jar:/home/alex/.m2/repository/org/eclipse/jetty/jetty-io/9.3.27.v20190418/jetty-io-9.3.27.v20190418.jar:/home/alex/.m2/repository/org/eclipse/jetty/jetty-util/9.3.27.v20190418/jetty-util-9.3.27.v20190418.jar:/home/alex/.m2/repository/org/eclipse/jetty/jetty-servlet/9.3.27.v20190418/jetty-servlet-9.3.27.v20190418.jar:/home/alex/.m2/repository/org/eclipse/jetty/jetty-security/9.3.27.v20190418/jetty-security-9.3.27.v20190418.jar:/home/alex/.m2/repository/org/eclipse/jetty/jetty-webapp/9.3.27.v20190418/jetty-webapp-9.3.27.v20190418.jar:/home/alex/.m2/repository/org/eclipse/jetty/jetty-xml/9.3.27.v20190418/jetty-xml-9.3.27.v20190418.jar:/home/alex/.m2/repository/javax/servlet/jsp/jsp-api/2.1/jsp-api-2.1.jar:/home/alex/.m2/repository/com/sun/jersey/jersey-core/1.19/jersey-core-1.19.jar:/home/alex/.m2/repository/javax/ws/rs/jsr311-api/1.1.1/jsr311-api-1.1.1.jar:/home/alex/.m2/repository/com/sun/jersey/jersey-servlet/1.19/jersey-servlet-1.19.jar:/home/alex/.m2/repository/com/sun/jersey/jersey-json/1.19/jersey-json-1.19.jar:/home/alex/.m2/repository/com/sun/xml/bind/jaxb-impl/2.2.3-1/jaxb-impl-2.2.3-1.jar:/home/alex/.m2/repository/org/codehaus/jackson/jackson-jaxrs/1.9.2/jackson-jaxrs-1.9.2.jar:/home/alex/.m2/repository/org/codehaus/jackson/jackson-xc/1.9.2/jackson-xc-1.9.2.jar:/home/alex/.m2/repository/com/sun/jersey/jersey-server/1.19/jersey-server-1.19.jar:/home/alex/.m2/repository/log4j/log4j/1.2.17/log4j-1.2.17.jar:/home/alex/.m2/repository/commons-lang/commons-lang/2.6/commons-lang-2.6.jar:/home/alex/.m2/repository/org/apache/commons/commons-configuration2/2.1.1/commons-configuration2-2.1.1.jar:/home/alex/.m2/repository/org/apache/hadoop/hadoop-auth/3.1.0/hadoop-auth-3.1.0.jar:/home/alex/.m2/repository/com/nimbusds/nimbus-jose-jwt/4.41.1/nimbus-jose-jwt-4.41.1.jar:/home/alex/.m2/repository/com/github/stephenc/jcip/jcip-annotations/1.0-1/jcip-annotations-1.0-1.jar:/home/alex/.m2/repository/com/jcraft/jsch/0.1.54/jsch-0.1.54.jar:/home/alex/.m2/repository/com/google/code/findbugs/jsr305/3.0.0/jsr305-3.0.0.jar:/home/alex/.m2/repository/org/apache/htrace/htrace-core4/4.1.0-incubating/htrace-core4-4.1.0-incubating.jar:/home/alex/.m2/repository/org/apache/kerby/kerb-simplekdc/1.0.1/kerb-simplekdc-1.0.1.jar:/home/alex/.m2/repository/org/apache/kerby/kerb-client/1.0.1/kerb-client-1.0.1.jar:/home/alex/.m2/repository/org/apache/kerby/kerby-config/1.0.1/kerby-config-1.0.1.jar:/home/alex/.m2/repository/org/apache/kerby/kerb-core/1.0.1/kerb-core-1.0.1.jar:/home/alex/.m2/repository/org/apache/kerby/kerby-pkix/1.0.1/kerby-pkix-1.0.1.jar:/home/alex/.m2/repository/org/apache/kerby/kerby-asn1/1.0.1/kerby-asn1-1.0.1.jar:/home/alex/.m2/repository/org/apache/kerby/kerby-util/1.0.1/kerby-util-1.0.1.jar:/home/alex/.m2/repository/org/apache/kerby/kerb-common/1.0.1/kerb-common-1.0.1.jar:/home/alex/.m2/repository/org/apache/kerby/kerb-crypto/1.0.1/kerb-crypto-1.0.1.jar:/home/alex/.m2/repository/org/apache/kerby/kerb-util/1.0.1/kerb-util-1.0.1.jar:/home/alex/.m2/repository/org/apache/kerby/token-provider/1.0.1/token-provider-1.0.1.jar:/home/alex/.m2/repository/org/apache/kerby/kerb-admin/1.0.1/kerb-admin-1.0.1.jar:/home/alex/.m2/repository/org/apache/kerby/kerb-server/1.0.1/kerb-server-1.0.1.jar:/home/alex/.m2/repository/org/apache/kerby/kerb-identity/1.0.1/kerb-identity-1.0.1.jar:/home/alex/.m2/repository/org/apache/kerby/kerby-xdr/1.0.1/kerby-xdr-1.0.1.jar:/home/alex/.m2/repository/org/codehaus/woodstox/stax2-api/3.1.4/stax2-api-3.1.4.jar:/home/alex/.m2/repository/com/fasterxml/woodstox/woodstox-core/5.0.3/woodstox-core-5.0.3.jar:/home/alex/.m2/repository/org/apache/hadoop/hadoop-mapreduce-client-core/3.1.0/hadoop-mapreduce-client-core-3.1.0.jar:/home/alex/.m2/repository/org/apache/hadoop/hadoop-yarn-client/3.1.0/hadoop-yarn-client-3.1.0.jar:/home/alex/.m2/repository/org/apache/hadoop/hadoop-yarn-common/3.1.0/hadoop-yarn-common-3.1.0.jar:/home/alex/.m2/repository/javax/xml/bind/jaxb-api/2.2.11/jaxb-api-2.2.11.jar:/home/alex/.m2/repository/com/google/inject/guice/4.0/guice-4.0.jar:/home/alex/.m2/repository/aopalliance/aopalliance/1.0/aopalliance-1.0.jar:/home/alex/.m2/repository/com/sun/jersey/contribs/jersey-guice/1.19/jersey-guice-1.19.jar:/home/alex/.m2/repository/com/fasterxml/jackson/module/jackson-module-jaxb-annotations/2.12.0/jackson-module-jaxb-annotations-2.12.0.jar:/home/alex/.m2/repository/jakarta/xml/bind/jakarta.xml.bind-api/2.3.2/jakarta.xml.bind-api-2.3.2.jar:/home/alex/.m2/repository/jakarta/activation/jakarta.activation-api/1.2.1/jakarta.activation-api-1.2.1.jar:/home/alex/.m2/repository/org/apache/hadoop/hadoop-hdfs-client/3.1.0/hadoop-hdfs-client-3.1.0.jar:/home/alex/.m2/repository/com/squareup/okhttp/okhttp/2.7.5/okhttp-2.7.5.jar:/home/alex/.m2/repository/com/squareup/okio/okio/1.6.0/okio-1.6.0.jar:/home/alex/.m2/repository/com/google/inject/extensions/guice-servlet/4.0/guice-servlet-4.0.jar:/home/alex/Repositories/hive/ql/target/test-classes:/home/alex/Repositories/hive/standalone-metastore/metastore-common/target/test-classes:/home/alex/.m2/repository/org/apache/orc/orc-core/1.6.9/orc-core-1.6.9.jar:/home/alex/.m2/repository/org/apache/orc/orc-shims/1.6.9/orc-shims-1.6.9.jar:/home/alex/.m2/repository/io/airlift/aircompressor/0.19/aircompressor-0.19.jar:/home/alex/.m2/repository/org/jetbrains/annotations/17.0.0/annotations-17.0.0.jar:/home/alex/.m2/repository/org/threeten/threeten-extra/1.5.0/threeten-extra-1.5.0.jar:/home/alex/.m2/repository/com/github/joshelser/dropwizard-metrics-hadoop-metrics2-reporter/0.1.2/dropwizard-metrics-hadoop-metrics2-reporter-0.1.2.jar:/home/alex/.m2/repository/com/zaxxer/HikariCP/2.6.1/HikariCP-2.6.1.jar:/home/alex/.m2/repository/io/dropwizard/metrics/metrics-core/3.1.0/metrics-core-3.1.0.jar:/home/alex/.m2/repository/io/dropwizard/metrics/metrics-jvm/3.1.0/metrics-jvm-3.1.0.jar:/home/alex/.m2/repository/io/dropwizard/metrics/metrics-json/3.1.0/metrics-json-3.1.0.jar:/home/alex/.m2/repository/org/apache/derby/derby/10.14.1.0/derby-10.14.1.0.jar:/home/alex/.m2/repository/commons-logging/commons-logging/1.1.3/commons-logging-1.1.3.jar:/home/alex/.m2/repository/com/github/ben-manes/caffeine/caffeine/2.8.4/caffeine-2.8.4.jar:/home/alex/.m2/repository/org/checkerframework/checker-qual/3.4.0/checker-qual-3.4.0.jar:/home/alex/.m2/repository/com/google/errorprone/error_prone_annotations/2.3.4/error_prone_annotations-2.3.4.jar:/home/alex/.m2/repository/org/apache/curator/curator-recipes/4.2.0/curator-recipes-4.2.0.jar:/home/alex/Repositories/hive/standalone-metastore/metastore-server/target/test-classes:/home/alex/Repositories/hive/standalone-metastore/metastore-common/target/classes:/home/alex/.m2/repository/org/apache/commons/commons-dbcp2/2.7.0/commons-dbcp2-2.7.0.jar:/home/alex/.m2/repository/org/apache/commons/commons-pool2/2.7.0/commons-pool2-2.7.0.jar:/home/alex/.m2/repository/commons-beanutils/commons-beanutils/1.9.4/commons-beanutils-1.9.4.jar:/home/alex/.m2/repository/org/datanucleus/datanucleus-api-jdo/5.2.4/datanucleus-api-jdo-5.2.4.jar:/home/alex/.m2/repository/org/datanucleus/datanucleus-rdbms/5.2.4/datanucleus-rdbms-5.2.4.jar:/home/alex/.m2/repository/org/datanucleus/javax.jdo/3.2.0-release/javax.jdo-3.2.0-release.jar:/home/alex/.m2/repository/javax/transaction/javax.transaction-api/1.3/javax.transaction-api-1.3.jar:/home/alex/.m2/repository/org/glassfish/corba/glassfish-corba-omgapi/4.2.2/glassfish-corba-omgapi-4.2.2.jar:/home/alex/.m2/repository/sqlline/sqlline/1.9.0/sqlline-1.9.0.jar:/home/alex/.m2/repository/org/jline/jline-terminal/3.12.1/jline-terminal-3.12.1.jar:/home/alex/.m2/repository/org/jline/jline-reader/3.12.1/jline-reader-3.12.1.jar:/home/alex/.m2/repository/org/jline/jline-terminal-jansi/3.12.1/jline-terminal-jansi-3.12.1.jar:/home/alex/.m2/repository/org/fusesource/jansi/jansi/1.18/jansi-1.18.jar:/home/alex/.m2/repository/org/jline/jline-terminal-jna/3.12.1/jline-terminal-jna-3.12.1.jar:/home/alex/.m2/repository/net/java/dev/jna/jna/5.3.1/jna-5.3.1.jar:/home/alex/.m2/repository/org/jline/jline-builtins/3.12.1/jline-builtins-3.12.1.jar:/home/alex/.m2/repository/org/jline/jline-style/3.12.1/jline-style-3.12.1.jar:/home/alex/.m2/repository/jline/jline/2.14.6/jline-2.14.6.jar:/home/alex/.m2/repository/com/cronutils/cron-utils/9.1.3/cron-utils-9.1.3.jar:/home/alex/.m2/repository/org/glassfish/javax.el/3.0.0/javax.el-3.0.0.jar:/home/alex/.m2/repository/com/oracle/database/jdbc/ojdbc8/21.3.0.0/ojdbc8-21.3.0.0.jar:/home/alex/.m2/repository/mysql/mysql-connector-java/8.0.27/mysql-connector-java-8.0.27.jar:/home/alex/.m2/repository/com/microsoft/sqlserver/mssql-jdbc/6.2.1.jre8/mssql-jdbc-6.2.1.jre8.jar:/home/alex/.m2/repository/org/postgresql/postgresql/42.2.14/postgresql-42.2.14.jar:/home/alex/Repositories/hive/hcatalog/core/target/test-classes:/home/alex/.m2/repository/org/apache/pig/pig/0.16.0/pig-0.16.0-h2.jar:/home/alex/.m2/repository/xmlenc/xmlenc/0.52/xmlenc-0.52.jar:/home/alex/.m2/repository/commons-httpclient/commons-httpclient/3.1/commons-httpclient-3.1.jar:/home/alex/.m2/repository/org/mortbay/jetty/jetty/6.1.26/jetty-6.1.26.jar:/home/alex/.m2/repository/org/mortbay/jetty/servlet-api/2.5-20081211/servlet-api-2.5-20081211.jar:/home/alex/.m2/repository/org/mortbay/jetty/jetty-util/6.1.26/jetty-util-6.1.26.jar:/home/alex/.m2/repository/org/mortbay/jetty/jsp-api-2.1/6.1.14/jsp-api-2.1-6.1.14.jar:/home/alex/.m2/repository/org/mortbay/jetty/jsp-2.1/6.1.14/jsp-2.1-6.1.14.jar:/home/alex/.m2/repository/org/eclipse/jdt/core/3.1.1/core-3.1.1.jar:/home/alex/.m2/repository/ant/ant/1.6.5/ant-1.6.5.jar:/home/alex/.m2/repository/commons-el/commons-el/1.0/commons-el-1.0.jar:/home/alex/.m2/repository/net/java/dev/jets3t/jets3t/0.7.1/jets3t-0.7.1.jar:/home/alex/.m2/repository/org/mortbay/jetty/servlet-api-2.5/6.1.14/servlet-api-2.5-6.1.14.jar:/home/alex/.m2/repository/net/sf/kosmosfs/kfs/0.3/kfs-0.3.jar:/home/alex/.m2/repository/junit/junit/4.13/junit-4.13.jar:/home/alex/.m2/repository/org/hamcrest/hamcrest-core/1.3/hamcrest-core-1.3.jar:/home/alex/.m2/repository/hsqldb/hsqldb/1.8.0.10/hsqldb-1.8.0.10.jar:/home/alex/.m2/repository/oro/oro/2.0.8/oro-2.0.8.jar:/home/alex/.m2/repository/dk/brics/automaton/automaton/1.11-8/automaton-1.11-8.jar:/home/alex/.m2/repository/org/codehaus/jackson/jackson-mapper-asl/1.8.8/jackson-mapper-asl-1.8.8.jar:/home/alex/.m2/repository/org/codehaus/jackson/jackson-core-asl/1.8.8/jackson-core-asl-1.8.8.jar:/home/alex/.m2/repository/joda-time/joda-time/2.9.9/joda-time-2.9.9.jar:/home/alex/.m2/repository/org/slf4j/slf4j-api/1.7.30/slf4j-api-1.7.30.jar:/home/alex/.m2/repository/org/mockito/mockito-core/3.4.4/mockito-core-3.4.4.jar:/home/alex/.m2/repository/net/bytebuddy/byte-buddy/1.10.13/byte-buddy-1.10.13.jar:/home/alex/.m2/repository/net/bytebuddy/byte-buddy-agent/1.10.13/byte-buddy-agent-1.10.13.jar:/home/alex/.m2/repository/org/objenesis/objenesis/2.6/objenesis-2.6.jar:/home/alex/Repositories/hive/hcatalog/webhcat/java-client/target/testconf:/home/alex/Repositories/hive/hcatalog/webhcat/java-client/../../../conf:"/>
    <property name="java.vm.vendor" value="Private Build"/>
    <property name="hadoop.version" value="3.1.0"/>
    <property name="user.timezone" value="US/Pacific"/>
    <property name="test.local.warehouse.dir" value="pfile:///home/alex/Repositories/hive/hcatalog/webhcat/java-client/target/localfs/warehouse"/>
    <property name="java.vm.specification.version" value="1.8"/>
    <property name="os.name" value="Linux"/>
    <property name="test.build.data" value="/home/alex/Repositories/hive/hcatalog/webhcat/java-client/target/tmp"/>
    <property name="clustermode" value=""/>
    <property name="user.country" value="US"/>
    <property name="sun.java.launcher" value="SUN_STANDARD"/>
    <property name="test.data.files" value="/home/alex/Repositories/hive/hcatalog/webhcat/java-client/../../../data/files"/>
    <property name="nondexLogging" value="CONFIG"/>
    <property name="surefire.test.class.path" value="/home/alex/Repositories/hive/hcatalog/webhcat/java-client/target/test-classes:/home/alex/Repositories/hive/hcatalog/webhcat/java-client/target/classes:/home/alex/Repositories/hive/hcatalog/core/target/classes:/home/alex/Repositories/hive/cli/target/classes:/home/alex/Repositories/hive/service/target/classes:/home/alex/Repositories/hive/llap-server/target/classes:/home/alex/.m2/repository/com/lmax/disruptor/3.3.7/disruptor-3.3.7.jar:/home/alex/Repositories/hive/llap-common/target/test-classes:/home/alex/Repositories/hive/hplsql/target/classes:/home/alex/.m2/repository/org/antlr/antlr4-runtime/4.5/antlr4-runtime-4.5.jar:/home/alex/.m2/repository/org/abego/treelayout/org.abego.treelayout.core/1.0.1/org.abego.treelayout.core-1.0.1.jar:/home/alex/.m2/repository/javax/servlet/jsp/javax.servlet.jsp-api/2.3.1/javax.servlet.jsp-api-2.3.1.jar:/home/alex/.m2/repository/org/eclipse/jetty/jetty-runner/9.3.27.v20190418/jetty-runner-9.3.27.v20190418.jar:/home/alex/.m2/repository/org/eclipse/jetty/jetty-plus/9.3.27.v20190418/jetty-plus-9.3.27.v20190418.jar:/home/alex/.m2/repository/org/eclipse/jetty/jetty-annotations/9.3.27.v20190418/jetty-annotations-9.3.27.v20190418.jar:/home/alex/.m2/repository/org/ow2/asm/asm-commons/6.0/asm-commons-6.0.jar:/home/alex/.m2/repository/org/ow2/asm/asm-tree/6.0/asm-tree-6.0.jar:/home/alex/.m2/repository/org/eclipse/jetty/jetty-jaas/9.3.27.v20190418/jetty-jaas-9.3.27.v20190418.jar:/home/alex/.m2/repository/org/eclipse/jetty/websocket/websocket-server/9.3.27.v20190418/websocket-server-9.3.27.v20190418.jar:/home/alex/.m2/repository/org/eclipse/jetty/websocket/websocket-common/9.3.27.v20190418/websocket-common-9.3.27.v20190418.jar:/home/alex/.m2/repository/org/eclipse/jetty/websocket/websocket-api/9.3.27.v20190418/websocket-api-9.3.27.v20190418.jar:/home/alex/.m2/repository/org/eclipse/jetty/websocket/websocket-client/9.3.27.v20190418/websocket-client-9.3.27.v20190418.jar:/home/alex/.m2/repository/org/eclipse/jetty/websocket/websocket-servlet/9.3.27.v20190418/websocket-servlet-9.3.27.v20190418.jar:/home/alex/.m2/repository/org/eclipse/jetty/jetty-jndi/9.3.27.v20190418/jetty-jndi-9.3.27.v20190418.jar:/home/alex/.m2/repository/org/eclipse/jetty/apache-jsp/9.3.27.v20190418/apache-jsp-9.3.27.v20190418.jar:/home/alex/.m2/repository/org/eclipse/jetty/toolchain/jetty-schemas/3.1/jetty-schemas-3.1.jar:/home/alex/.m2/repository/org/eclipse/jdt/core/compiler/ecj/4.4.2/ecj-4.4.2.jar:/home/alex/.m2/repository/org/eclipse/jetty/apache-jstl/9.3.27.v20190418/apache-jstl-9.3.27.v20190418.jar:/home/alex/.m2/repository/org/apache/taglibs/taglibs-standard-spec/1.2.5/taglibs-standard-spec-1.2.5.jar:/home/alex/.m2/repository/org/apache/taglibs/taglibs-standard-impl/1.2.5/taglibs-standard-impl-1.2.5.jar:/home/alex/.m2/repository/org/bouncycastle/bcprov-jdk15on/1.64/bcprov-jdk15on-1.64.jar:/home/alex/.m2/repository/org/apache/santuario/xmlsec/2.2.1/xmlsec-2.2.1.jar:/home/alex/.m2/repository/org/jamon/jamon-runtime/2.3.1/jamon-runtime-2.3.1.jar:/home/alex/Repositories/hive/common/target/classes:/home/alex/Repositories/hive/classification/target/classes:/home/alex/.m2/repository/org/eclipse/jetty/jetty-http/9.3.27.v20190418/jetty-http-9.3.27.v20190418.jar:/home/alex/.m2/repository/org/eclipse/jetty/jetty-rewrite/9.3.27.v20190418/jetty-rewrite-9.3.27.v20190418.jar:/home/alex/.m2/repository/org/eclipse/jetty/jetty-client/9.3.27.v20190418/jetty-client-9.3.27.v20190418.jar:/home/alex/.m2/repository/org/apache/logging/log4j/log4j-web/2.13.2/log4j-web-2.13.2.jar:/home/alex/.m2/repository/net/sf/jpam/jpam/1.1/jpam-1.1.jar:/home/alex/Repositories/hive/metastore/target/classes:/home/alex/.m2/repository/com/google/guava/guava/19.0/guava-19.0.jar:/home/alex/.m2/repository/com/fasterxml/jackson/core/jackson-annotations/2.12.0/jackson-annotations-2.12.0.jar:/home/alex/.m2/repository/com/fasterxml/jackson/core/jackson-core/2.12.0/jackson-core-2.12.0.jar:/home/alex/.m2/repository/com/fasterxml/jackson/core/jackson-databind/2.12.0/jackson-databind-2.12.0.jar:/home/alex/.m2/repository/org/apache/hadoop/hadoop-annotations/3.1.0/hadoop-annotations-3.1.0.jar:/usr/lib/jvm/java-8-openjdk-amd64/jre/../lib/tools.jar:/home/alex/.m2/repository/org/apache/hadoop/hadoop-archives/3.1.0/hadoop-archives-3.1.0.jar:/home/alex/.m2/repository/org/apache/hadoop/hadoop-hdfs/3.1.0/hadoop-hdfs-3.1.0.jar:/home/alex/.m2/repository/org/eclipse/jetty/jetty-util-ajax/9.3.19.v20170502/jetty-util-ajax-9.3.19.v20170502.jar:/home/alex/.m2/repository/commons-daemon/commons-daemon/1.0.13/commons-daemon-1.0.13.jar:/home/alex/.m2/repository/io/netty/netty-all/4.1.65.Final/netty-all-4.1.65.Final.jar:/home/alex/.m2/repository/org/fusesource/leveldbjni/leveldbjni-all/1.8/leveldbjni-all-1.8.jar:/home/alex/Repositories/hive/hcatalog/server-extensions/target/classes:/home/alex/.m2/repository/jakarta/jms/jakarta.jms-api/2.0.2/jakarta.jms-api-2.0.2.jar:/home/alex/Repositories/hive/ql/target/classes:/home/alex/.m2/repository/org/apache/atlas/atlas-client-v2/2.1.0/atlas-client-v2-2.1.0.jar:/home/alex/.m2/repository/cglib/cglib/2.2.2/cglib-2.2.2.jar:/home/alex/.m2/repository/asm/asm/3.3.1/asm-3.3.1.jar:/home/alex/.m2/repository/org/apache/atlas/atlas-client-common/2.1.0/atlas-client-common-2.1.0.jar:/home/alex/.m2/repository/org/apache/httpcomponents/httpclient/4.5.13/httpclient-4.5.13.jar:/home/alex/.m2/repository/com/sun/jersey/jersey-client/1.19/jersey-client-1.19.jar:/home/alex/.m2/repository/org/apache/atlas/atlas-intg/2.1.0/atlas-intg-2.1.0.jar:/home/alex/.m2/repository/commons-validator/commons-validator/1.6/commons-validator-1.6.jar:/home/alex/.m2/repository/commons-digester/commons-digester/1.8.1/commons-digester-1.8.1.jar:/home/alex/.m2/repository/com/fasterxml/jackson/jaxrs/jackson-jaxrs-base/2.12.0/jackson-jaxrs-base-2.12.0.jar:/home/alex/.m2/repository/com/fasterxml/jackson/jaxrs/jackson-jaxrs-json-provider/2.12.0/jackson-jaxrs-json-provider-2.12.0.jar:/home/alex/.m2/repository/javax/inject/javax.inject/1/javax.inject-1.jar:/home/alex/.m2/repository/org/springframework/spring-context/4.3.20.RELEASE/spring-context-4.3.20.RELEASE.jar:/home/alex/.m2/repository/org/springframework/spring-aop/4.3.20.RELEASE/spring-aop-4.3.20.RELEASE.jar:/home/alex/.m2/repository/org/springframework/spring-beans/4.3.20.RELEASE/spring-beans-4.3.20.RELEASE.jar:/home/alex/.m2/repository/org/springframework/spring-core/4.3.20.RELEASE/spring-core-4.3.20.RELEASE.jar:/home/alex/.m2/repository/org/springframework/spring-expression/4.3.20.RELEASE/spring-expression-4.3.20.RELEASE.jar:/home/alex/.m2/repository/commons-configuration/commons-configuration/1.10/commons-configuration-1.10.jar:/home/alex/.m2/repository/org/apache/commons/commons-math3/3.6.1/commons-math3-3.6.1.jar:/home/alex/Repositories/hive/vector-code-gen/target/classes:/home/alex/.m2/repository/org/apache/velocity/velocity/1.5/velocity-1.5.jar:/home/alex/Repositories/hive/serde/target/classes:/home/alex/.m2/repository/org/apache/arrow/arrow-vector/0.15.1/arrow-vector-0.15.1.jar:/home/alex/.m2/repository/org/apache/arrow/arrow-format/0.15.1/arrow-format-0.15.1.jar:/home/alex/.m2/repository/org/apache/arrow/arrow-memory/0.15.1/arrow-memory-0.15.1.jar:/home/alex/.m2/repository/com/google/flatbuffers/flatbuffers-java/1.9.0/flatbuffers-java-1.9.0.jar:/home/alex/.m2/repository/com/carrotsearch/hppc/0.7.2/hppc-0.7.2.jar:/home/alex/.m2/repository/com/github/davidmoten/flatbuffers-java/1.6.0.1/flatbuffers-java-1.6.0.1.jar:/home/alex/Repositories/hive/parser/target/classes:/home/alex/Repositories/hive/udf/target/classes:/home/alex/Repositories/hive/service-rpc/target/classes:/home/alex/Repositories/hive/llap-client/target/classes:/home/alex/Repositories/hive/llap-common/target/classes:/home/alex/.m2/repository/io/jsonwebtoken/jjwt-api/0.10.5/jjwt-api-0.10.5.jar:/home/alex/.m2/repository/io/jsonwebtoken/jjwt-impl/0.10.5/jjwt-impl-0.10.5.jar:/home/alex/.m2/repository/io/jsonwebtoken/jjwt-jackson/0.10.5/jjwt-jackson-0.10.5.jar:/home/alex/Repositories/hive/llap-tez/target/classes:/home/alex/Repositories/hive/shims/aggregator/target/classes:/home/alex/Repositories/hive/shims/common/target/classes:/home/alex/Repositories/hive/shims/0.23/target/classes:/home/alex/.m2/repository/org/apache/hadoop/hadoop-yarn-server-resourcemanager/3.1.0/hadoop-yarn-server-resourcemanager-3.1.0.jar:/home/alex/.m2/repository/org/apache/hadoop/hadoop-yarn-server-common/3.1.0/hadoop-yarn-server-common-3.1.0.jar:/home/alex/.m2/repository/org/apache/geronimo/specs/geronimo-jcache_1.0_spec/1.0-alpha-1/geronimo-jcache_1.0_spec-1.0-alpha-1.jar:/home/alex/.m2/repository/org/ehcache/ehcache/3.3.1/ehcache-3.3.1.jar:/home/alex/.m2/repository/com/zaxxer/HikariCP-java7/2.4.12/HikariCP-java7-2.4.12.jar:/home/alex/.m2/repository/org/apache/hadoop/hadoop-yarn-server-applicationhistoryservice/3.1.0/hadoop-yarn-server-applicationhistoryservice-3.1.0.jar:/home/alex/.m2/repository/de/ruedigermoeller/fst/2.50/fst-2.50.jar:/home/alex/.m2/repository/com/cedarsoftware/java-util/1.9.0/java-util-1.9.0.jar:/home/alex/.m2/repository/com/cedarsoftware/json-io/2.5.1/json-io-2.5.1.jar:/home/alex/Repositories/hive/shims/scheduler/target/classes:/home/alex/Repositories/hive/spark-client/target/classes:/home/alex/.m2/repository/com/fasterxml/jackson/module/jackson-module-scala_2.12/2.12.0/jackson-module-scala_2.12-2.12.0.jar:/home/alex/.m2/repository/org/scala-lang/scala-library/2.12.10/scala-library-2.12.10.jar:/home/alex/.m2/repository/org/apache/spark/spark-core_2.12/2.4.5/spark-core_2.12-2.4.5.jar:/home/alex/.m2/repository/com/twitter/chill_2.12/0.9.3/chill_2.12-0.9.3.jar:/home/alex/.m2/repository/com/twitter/chill-java/0.9.3/chill-java-0.9.3.jar:/home/alex/.m2/repository/org/apache/xbean/xbean-asm6-shaded/4.8/xbean-asm6-shaded-4.8.jar:/home/alex/.m2/repository/org/apache/hadoop/hadoop-client/3.1.0/hadoop-client-3.1.0.jar:/home/alex/.m2/repository/org/apache/hadoop/hadoop-mapreduce-client-jobclient/3.1.0/hadoop-mapreduce-client-jobclient-3.1.0.jar:/home/alex/.m2/repository/org/apache/hadoop/hadoop-mapreduce-client-common/3.1.0/hadoop-mapreduce-client-common-3.1.0.jar:/home/alex/.m2/repository/org/apache/spark/spark-launcher_2.12/2.4.5/spark-launcher_2.12-2.4.5.jar:/home/alex/.m2/repository/org/apache/spark/spark-kvstore_2.12/2.4.5/spark-kvstore_2.12-2.4.5.jar:/home/alex/.m2/repository/org/apache/spark/spark-network-common_2.12/2.4.5/spark-network-common_2.12-2.4.5.jar:/home/alex/.m2/repository/org/apache/spark/spark-network-shuffle_2.12/2.4.5/spark-network-shuffle_2.12-2.4.5.jar:/home/alex/.m2/repository/org/apache/spark/spark-unsafe_2.12/2.4.5/spark-unsafe_2.12-2.4.5.jar:/home/alex/.m2/repository/javax/activation/activation/1.1.1/activation-1.1.1.jar:/home/alex/.m2/repository/org/slf4j/jul-to-slf4j/1.7.16/jul-to-slf4j-1.7.16.jar:/home/alex/.m2/repository/org/slf4j/jcl-over-slf4j/1.7.16/jcl-over-slf4j-1.7.16.jar:/home/alex/.m2/repository/com/ning/compress-lzf/1.0.3/compress-lzf-1.0.3.jar:/home/alex/.m2/repository/org/roaringbitmap/RoaringBitmap/0.7.45/RoaringBitmap-0.7.45.jar:/home/alex/.m2/repository/org/roaringbitmap/shims/0.7.45/shims-0.7.45.jar:/home/alex/.m2/repository/org/json4s/json4s-jackson_2.12/3.5.3/json4s-jackson_2.12-3.5.3.jar:/home/alex/.m2/repository/org/json4s/json4s-core_2.12/3.5.3/json4s-core_2.12-3.5.3.jar:/home/alex/.m2/repository/org/json4s/json4s-ast_2.12/3.5.3/json4s-ast_2.12-3.5.3.jar:/home/alex/.m2/repository/org/json4s/json4s-scalap_2.12/3.5.3/json4s-scalap_2.12-3.5.3.jar:/home/alex/.m2/repository/org/scala-lang/modules/scala-xml_2.12/1.0.6/scala-xml_2.12-1.0.6.jar:/home/alex/.m2/repository/com/clearspring/analytics/stream/2.7.0/stream-2.7.0.jar:/home/alex/.m2/repository/io/dropwizard/metrics/metrics-graphite/3.1.5/metrics-graphite-3.1.5.jar:/home/alex/.m2/repository/net/razorvine/pyrolite/4.13/pyrolite-4.13.jar:/home/alex/.m2/repository/net/sf/py4j/py4j/0.10.7/py4j-0.10.7.jar:/home/alex/.m2/repository/org/apache/spark/spark-tags_2.12/2.4.5/spark-tags_2.12-2.4.5.jar:/home/alex/.m2/repository/org/apache/commons/commons-crypto/1.0.0/commons-crypto-1.0.0.jar:/home/alex/.m2/repository/org/spark-project/spark/unused/1.0.0/unused-1.0.0.jar:/home/alex/.m2/repository/org/apache/spark/spark-yarn_2.12/2.4.5/spark-yarn_2.12-2.4.5.jar:/home/alex/.m2/repository/org/apache/hadoop/hadoop-yarn-server-web-proxy/3.1.0/hadoop-yarn-server-web-proxy-3.1.0.jar:/home/alex/Repositories/hive/storage-api/target/classes:/home/alex/.m2/repository/com/amazonaws/secretsmanager/aws-secretsmanager-caching-java/1.0.1/aws-secretsmanager-caching-java-1.0.1.jar:/home/alex/.m2/repository/com/esotericsoftware/kryo/5.0.3/kryo-5.0.3.jar:/home/alex/.m2/repository/com/esotericsoftware/minlog/1.3.1/minlog-1.3.1.jar:/home/alex/.m2/repository/com/esotericsoftware/reflectasm/1.11.9/reflectasm-1.11.9.jar:/home/alex/.m2/repository/com/google/protobuf/protobuf-java/2.5.0/protobuf-java-2.5.0.jar:/home/alex/.m2/repository/org/apache/parquet/parquet-hadoop-bundle/1.11.1/parquet-hadoop-bundle-1.11.1.jar:/home/alex/.m2/repository/commons-codec/commons-codec/1.15/commons-codec-1.15.jar:/home/alex/.m2/repository/commons-io/commons-io/2.6/commons-io-2.6.jar:/home/alex/.m2/repository/org/apache/commons/commons-collections4/4.1/commons-collections4-4.1.jar:/home/alex/.m2/repository/org/apache/commons/commons-lang3/3.9/commons-lang3-3.9.jar:/home/alex/.m2/repository/org/apache/commons/commons-text/1.8/commons-text-1.8.jar:/home/alex/.m2/repository/javolution/javolution/5.5.1/javolution-5.5.1.jar:/home/alex/.m2/repository/org/apache/logging/log4j/log4j-1.2-api/2.13.2/log4j-1.2-api-2.13.2.jar:/home/alex/.m2/repository/org/apache/logging/log4j/log4j-api/2.13.2/log4j-api-2.13.2.jar:/home/alex/.m2/repository/org/apache/logging/log4j/log4j-core/2.13.2/log4j-core-2.13.2.jar:/home/alex/.m2/repository/org/apache/logging/log4j/log4j-slf4j-impl/2.13.2/log4j-slf4j-impl-2.13.2.jar:/home/alex/.m2/repository/org/antlr/antlr-runtime/3.5.2/antlr-runtime-3.5.2.jar:/home/alex/.m2/repository/org/antlr/ST4/4.0.4/ST4-4.0.4.jar:/home/alex/.m2/repository/org/apache/avro/avro/1.8.2/avro-1.8.2.jar:/home/alex/.m2/repository/com/thoughtworks/paranamer/paranamer/2.8/paranamer-2.8.jar:/home/alex/.m2/repository/org/xerial/snappy/snappy-java/1.1.4/snappy-java-1.1.4.jar:/home/alex/.m2/repository/org/tukaani/xz/1.5/xz-1.5.jar:/home/alex/.m2/repository/org/apache/avro/avro-mapred/1.8.2/avro-mapred-1.8.2-hadoop2.jar:/home/alex/.m2/repository/org/apache/avro/avro-ipc/1.8.2/avro-ipc-1.8.2.jar:/home/alex/.m2/repository/org/apache/ant/ant/1.9.1/ant-1.9.1.jar:/home/alex/.m2/repository/org/apache/ant/ant-launcher/1.9.1/ant-launcher-1.9.1.jar:/home/alex/.m2/repository/org/apache/commons/commons-compress/1.21/commons-compress-1.21.jar:/home/alex/.m2/repository/org/apache/thrift/libfb303/0.9.3/libfb303-0.9.3.jar:/home/alex/.m2/repository/org/apache/hadoop/hadoop-yarn-registry/3.1.0/hadoop-yarn-registry-3.1.0.jar:/home/alex/.m2/repository/org/apache/hadoop/hadoop-yarn-api/3.1.0/hadoop-yarn-api-3.1.0.jar:/home/alex/.m2/repository/org/apache/curator/curator-client/4.2.0/curator-client-4.2.0.jar:/home/alex/.m2/repository/dnsjava/dnsjava/2.1.7/dnsjava-2.1.7.jar:/home/alex/.m2/repository/org/apache/orc/orc-tools/1.6.9/orc-tools-1.6.9.jar:/home/alex/.m2/repository/com/opencsv/opencsv/3.9/opencsv-3.9.jar:/home/alex/.m2/repository/org/codehaus/jettison/jettison/1.1/jettison-1.1.jar:/home/alex/.m2/repository/org/threeten/threetenbp/1.3.5/threetenbp-1.3.5.jar:/home/alex/.m2/repository/org/apache/ivy/ivy/2.4.0/ivy-2.4.0.jar:/home/alex/.m2/repository/org/apache/thrift/libthrift/0.14.1/libthrift-0.14.1.jar:/home/alex/.m2/repository/org/apache/httpcomponents/httpcore/4.4.13/httpcore-4.4.13.jar:/home/alex/.m2/repository/org/apache/tomcat/embed/tomcat-embed-core/8.5.46/tomcat-embed-core-8.5.46.jar:/home/alex/.m2/repository/org/apache/tomcat/tomcat-annotations-api/8.5.46/tomcat-annotations-api-8.5.46.jar:/home/alex/.m2/repository/javax/annotation/javax.annotation-api/1.3.2/javax.annotation-api-1.3.2.jar:/home/alex/.m2/repository/org/apache/zookeeper/zookeeper/3.5.5/zookeeper-3.5.5.jar:/home/alex/.m2/repository/org/apache/zookeeper/zookeeper-jute/3.5.5/zookeeper-jute-3.5.5.jar:/home/alex/.m2/repository/org/apache/yetus/audience-annotations/0.5.0/audience-annotations-0.5.0.jar:/home/alex/.m2/repository/org/apache/curator/curator-framework/4.2.0/curator-framework-4.2.0.jar:/home/alex/.m2/repository/org/apache/datasketches/datasketches-hive/1.1.0-incubating/datasketches-hive-1.1.0-incubating.jar:/home/alex/.m2/repository/org/apache/datasketches/datasketches-java/1.3.0-incubating/datasketches-java-1.3.0-incubating.jar:/home/alex/.m2/repository/org/apache/datasketches/datasketches-memory/1.2.0-incubating/datasketches-memory-1.2.0-incubating.jar:/home/alex/.m2/repository/org/slf4j/slf4j-simple/1.7.27/slf4j-simple-1.7.27.jar:/home/alex/.m2/repository/org/codehaus/groovy/groovy-all/2.4.11/groovy-all-2.4.11.jar:/home/alex/.m2/repository/org/jodd/jodd-util/6.0.0/jodd-util-6.0.0.jar:/home/alex/.m2/repository/com/fasterxml/jackson/dataformat/jackson-dataformat-yaml/2.12.0/jackson-dataformat-yaml-2.12.0.jar:/home/alex/.m2/repository/org/yaml/snakeyaml/1.27/snakeyaml-1.27.jar:/home/alex/.m2/repository/org/datanucleus/datanucleus-core/5.2.4/datanucleus-core-5.2.4.jar:/home/alex/.m2/repository/org/apache/calcite/calcite-core/1.25.0/calcite-core-1.25.0.jar:/home/alex/.m2/repository/org/apache/calcite/calcite-linq4j/1.25.0/calcite-linq4j-1.25.0.jar:/home/alex/.m2/repository/org/apiguardian/apiguardian-api/1.1.0/apiguardian-api-1.1.0.jar:/home/alex/.m2/repository/com/esri/geometry/esri-geometry-api/2.2.0/esri-geometry-api-2.2.0.jar:/home/alex/.m2/repository/com/yahoo/datasketches/sketches-core/0.9.0/sketches-core-0.9.0.jar:/home/alex/.m2/repository/com/yahoo/datasketches/memory/0.9.0/memory-0.9.0.jar:/home/alex/.m2/repository/org/apache/calcite/calcite-druid/1.25.0/calcite-druid-1.25.0.jar:/home/alex/.m2/repository/org/apache/calcite/avatica/avatica/1.12.0/avatica-1.12.0.jar:/home/alex/.m2/repository/com/googlecode/javaewah/JavaEWAH/0.3.2/JavaEWAH-0.3.2.jar:/home/alex/.m2/repository/com/google/code/gson/gson/2.2.4/gson-2.2.4.jar:/home/alex/.m2/repository/com/tdunning/json/1.8/json-1.8.jar:/home/alex/.m2/repository/stax/stax-api/1.0.1/stax-api-1.0.1.jar:/home/alex/.m2/repository/net/sf/opencsv/opencsv/2.3/opencsv-2.3.jar:/home/alex/Repositories/hive/standalone-metastore/metastore-server/target/classes:/home/alex/.m2/repository/com/google/re2j/re2j/1.2/re2j-1.2.jar:/home/alex/.m2/repository/org/reflections/reflections/0.9.10/reflections-0.9.10.jar:/home/alex/.m2/repository/org/javassist/javassist/3.19.0-GA/javassist-3.19.0-GA.jar:/home/alex/.m2/repository/com/jayway/jsonpath/json-path/2.4.0/json-path-2.4.0.jar:/home/alex/.m2/repository/net/minidev/json-smart/2.3/json-smart-2.3.jar:/home/alex/.m2/repository/net/minidev/accessors-smart/1.2/accessors-smart-1.2.jar:/home/alex/.m2/repository/org/ow2/asm/asm/5.0.4/asm-5.0.4.jar:/home/alex/.m2/repository/org/codehaus/janino/commons-compiler/3.0.11/commons-compiler-3.0.11.jar:/home/alex/.m2/repository/org/codehaus/janino/janino/3.0.11/janino-3.0.11.jar:/home/alex/.m2/repository/com/sun/jersey/contribs/jersey-multipart/1.19/jersey-multipart-1.19.jar:/home/alex/.m2/repository/org/jvnet/mimepull/mimepull/1.9.3/mimepull-1.9.3.jar:/home/alex/.m2/repository/org/apache/kafka/kafka-clients/2.5.0/kafka-clients-2.5.0.jar:/home/alex/.m2/repository/com/github/luben/zstd-jni/1.4.4-7/zstd-jni-1.4.4-7.jar:/home/alex/.m2/repository/org/lz4/lz4-java/1.7.1/lz4-java-1.7.1.jar:/home/alex/.m2/repository/org/apache/hadoop/hadoop-common/3.1.0/hadoop-common-3.1.0.jar:/home/alex/.m2/repository/commons-cli/commons-cli/1.4/commons-cli-1.4.jar:/home/alex/.m2/repository/commons-net/commons-net/3.6/commons-net-3.6.jar:/home/alex/.m2/repository/commons-collections/commons-collections/3.2.2/commons-collections-3.2.2.jar:/home/alex/.m2/repository/javax/servlet/javax.servlet-api/3.1.0/javax.servlet-api-3.1.0.jar:/home/alex/.m2/repository/org/eclipse/jetty/jetty-server/9.3.27.v20190418/jetty-server-9.3.27.v20190418.jar:/home/alex/.m2/repository/org/eclipse/jetty/jetty-io/9.3.27.v20190418/jetty-io-9.3.27.v20190418.jar:/home/alex/.m2/repository/org/eclipse/jetty/jetty-util/9.3.27.v20190418/jetty-util-9.3.27.v20190418.jar:/home/alex/.m2/repository/org/eclipse/jetty/jetty-servlet/9.3.27.v20190418/jetty-servlet-9.3.27.v20190418.jar:/home/alex/.m2/repository/org/eclipse/jetty/jetty-security/9.3.27.v20190418/jetty-security-9.3.27.v20190418.jar:/home/alex/.m2/repository/org/eclipse/jetty/jetty-webapp/9.3.27.v20190418/jetty-webapp-9.3.27.v20190418.jar:/home/alex/.m2/repository/org/eclipse/jetty/jetty-xml/9.3.27.v20190418/jetty-xml-9.3.27.v20190418.jar:/home/alex/.m2/repository/javax/servlet/jsp/jsp-api/2.1/jsp-api-2.1.jar:/home/alex/.m2/repository/com/sun/jersey/jersey-core/1.19/jersey-core-1.19.jar:/home/alex/.m2/repository/javax/ws/rs/jsr311-api/1.1.1/jsr311-api-1.1.1.jar:/home/alex/.m2/repository/com/sun/jersey/jersey-servlet/1.19/jersey-servlet-1.19.jar:/home/alex/.m2/repository/com/sun/jersey/jersey-json/1.19/jersey-json-1.19.jar:/home/alex/.m2/repository/com/sun/xml/bind/jaxb-impl/2.2.3-1/jaxb-impl-2.2.3-1.jar:/home/alex/.m2/repository/org/codehaus/jackson/jackson-jaxrs/1.9.2/jackson-jaxrs-1.9.2.jar:/home/alex/.m2/repository/org/codehaus/jackson/jackson-xc/1.9.2/jackson-xc-1.9.2.jar:/home/alex/.m2/repository/com/sun/jersey/jersey-server/1.19/jersey-server-1.19.jar:/home/alex/.m2/repository/log4j/log4j/1.2.17/log4j-1.2.17.jar:/home/alex/.m2/repository/commons-lang/commons-lang/2.6/commons-lang-2.6.jar:/home/alex/.m2/repository/org/apache/commons/commons-configuration2/2.1.1/commons-configuration2-2.1.1.jar:/home/alex/.m2/repository/org/apache/hadoop/hadoop-auth/3.1.0/hadoop-auth-3.1.0.jar:/home/alex/.m2/repository/com/nimbusds/nimbus-jose-jwt/4.41.1/nimbus-jose-jwt-4.41.1.jar:/home/alex/.m2/repository/com/github/stephenc/jcip/jcip-annotations/1.0-1/jcip-annotations-1.0-1.jar:/home/alex/.m2/repository/com/jcraft/jsch/0.1.54/jsch-0.1.54.jar:/home/alex/.m2/repository/com/google/code/findbugs/jsr305/3.0.0/jsr305-3.0.0.jar:/home/alex/.m2/repository/org/apache/htrace/htrace-core4/4.1.0-incubating/htrace-core4-4.1.0-incubating.jar:/home/alex/.m2/repository/org/apache/kerby/kerb-simplekdc/1.0.1/kerb-simplekdc-1.0.1.jar:/home/alex/.m2/repository/org/apache/kerby/kerb-client/1.0.1/kerb-client-1.0.1.jar:/home/alex/.m2/repository/org/apache/kerby/kerby-config/1.0.1/kerby-config-1.0.1.jar:/home/alex/.m2/repository/org/apache/kerby/kerb-core/1.0.1/kerb-core-1.0.1.jar:/home/alex/.m2/repository/org/apache/kerby/kerby-pkix/1.0.1/kerby-pkix-1.0.1.jar:/home/alex/.m2/repository/org/apache/kerby/kerby-asn1/1.0.1/kerby-asn1-1.0.1.jar:/home/alex/.m2/repository/org/apache/kerby/kerby-util/1.0.1/kerby-util-1.0.1.jar:/home/alex/.m2/repository/org/apache/kerby/kerb-common/1.0.1/kerb-common-1.0.1.jar:/home/alex/.m2/repository/org/apache/kerby/kerb-crypto/1.0.1/kerb-crypto-1.0.1.jar:/home/alex/.m2/repository/org/apache/kerby/kerb-util/1.0.1/kerb-util-1.0.1.jar:/home/alex/.m2/repository/org/apache/kerby/token-provider/1.0.1/token-provider-1.0.1.jar:/home/alex/.m2/repository/org/apache/kerby/kerb-admin/1.0.1/kerb-admin-1.0.1.jar:/home/alex/.m2/repository/org/apache/kerby/kerb-server/1.0.1/kerb-server-1.0.1.jar:/home/alex/.m2/repository/org/apache/kerby/kerb-identity/1.0.1/kerb-identity-1.0.1.jar:/home/alex/.m2/repository/org/apache/kerby/kerby-xdr/1.0.1/kerby-xdr-1.0.1.jar:/home/alex/.m2/repository/org/codehaus/woodstox/stax2-api/3.1.4/stax2-api-3.1.4.jar:/home/alex/.m2/repository/com/fasterxml/woodstox/woodstox-core/5.0.3/woodstox-core-5.0.3.jar:/home/alex/.m2/repository/org/apache/hadoop/hadoop-mapreduce-client-core/3.1.0/hadoop-mapreduce-client-core-3.1.0.jar:/home/alex/.m2/repository/org/apache/hadoop/hadoop-yarn-client/3.1.0/hadoop-yarn-client-3.1.0.jar:/home/alex/.m2/repository/org/apache/hadoop/hadoop-yarn-common/3.1.0/hadoop-yarn-common-3.1.0.jar:/home/alex/.m2/repository/javax/xml/bind/jaxb-api/2.2.11/jaxb-api-2.2.11.jar:/home/alex/.m2/repository/com/google/inject/guice/4.0/guice-4.0.jar:/home/alex/.m2/repository/aopalliance/aopalliance/1.0/aopalliance-1.0.jar:/home/alex/.m2/repository/com/sun/jersey/contribs/jersey-guice/1.19/jersey-guice-1.19.jar:/home/alex/.m2/repository/com/fasterxml/jackson/module/jackson-module-jaxb-annotations/2.12.0/jackson-module-jaxb-annotations-2.12.0.jar:/home/alex/.m2/repository/jakarta/xml/bind/jakarta.xml.bind-api/2.3.2/jakarta.xml.bind-api-2.3.2.jar:/home/alex/.m2/repository/jakarta/activation/jakarta.activation-api/1.2.1/jakarta.activation-api-1.2.1.jar:/home/alex/.m2/repository/org/apache/hadoop/hadoop-hdfs-client/3.1.0/hadoop-hdfs-client-3.1.0.jar:/home/alex/.m2/repository/com/squareup/okhttp/okhttp/2.7.5/okhttp-2.7.5.jar:/home/alex/.m2/repository/com/squareup/okio/okio/1.6.0/okio-1.6.0.jar:/home/alex/.m2/repository/com/google/inject/extensions/guice-servlet/4.0/guice-servlet-4.0.jar:/home/alex/Repositories/hive/ql/target/test-classes:/home/alex/Repositories/hive/standalone-metastore/metastore-common/target/test-classes:/home/alex/.m2/repository/org/apache/orc/orc-core/1.6.9/orc-core-1.6.9.jar:/home/alex/.m2/repository/org/apache/orc/orc-shims/1.6.9/orc-shims-1.6.9.jar:/home/alex/.m2/repository/io/airlift/aircompressor/0.19/aircompressor-0.19.jar:/home/alex/.m2/repository/org/jetbrains/annotations/17.0.0/annotations-17.0.0.jar:/home/alex/.m2/repository/org/threeten/threeten-extra/1.5.0/threeten-extra-1.5.0.jar:/home/alex/.m2/repository/com/github/joshelser/dropwizard-metrics-hadoop-metrics2-reporter/0.1.2/dropwizard-metrics-hadoop-metrics2-reporter-0.1.2.jar:/home/alex/.m2/repository/com/zaxxer/HikariCP/2.6.1/HikariCP-2.6.1.jar:/home/alex/.m2/repository/io/dropwizard/metrics/metrics-core/3.1.0/metrics-core-3.1.0.jar:/home/alex/.m2/repository/io/dropwizard/metrics/metrics-jvm/3.1.0/metrics-jvm-3.1.0.jar:/home/alex/.m2/repository/io/dropwizard/metrics/metrics-json/3.1.0/metrics-json-3.1.0.jar:/home/alex/.m2/repository/org/apache/derby/derby/10.14.1.0/derby-10.14.1.0.jar:/home/alex/.m2/repository/commons-logging/commons-logging/1.1.3/commons-logging-1.1.3.jar:/home/alex/.m2/repository/com/github/ben-manes/caffeine/caffeine/2.8.4/caffeine-2.8.4.jar:/home/alex/.m2/repository/org/checkerframework/checker-qual/3.4.0/checker-qual-3.4.0.jar:/home/alex/.m2/repository/com/google/errorprone/error_prone_annotations/2.3.4/error_prone_annotations-2.3.4.jar:/home/alex/.m2/repository/org/apache/curator/curator-recipes/4.2.0/curator-recipes-4.2.0.jar:/home/alex/Repositories/hive/standalone-metastore/metastore-server/target/test-classes:/home/alex/Repositories/hive/standalone-metastore/metastore-common/target/classes:/home/alex/.m2/repository/org/apache/commons/commons-dbcp2/2.7.0/commons-dbcp2-2.7.0.jar:/home/alex/.m2/repository/org/apache/commons/commons-pool2/2.7.0/commons-pool2-2.7.0.jar:/home/alex/.m2/repository/commons-beanutils/commons-beanutils/1.9.4/commons-beanutils-1.9.4.jar:/home/alex/.m2/repository/org/datanucleus/datanucleus-api-jdo/5.2.4/datanucleus-api-jdo-5.2.4.jar:/home/alex/.m2/repository/org/datanucleus/datanucleus-rdbms/5.2.4/datanucleus-rdbms-5.2.4.jar:/home/alex/.m2/repository/org/datanucleus/javax.jdo/3.2.0-release/javax.jdo-3.2.0-release.jar:/home/alex/.m2/repository/javax/transaction/javax.transaction-api/1.3/javax.transaction-api-1.3.jar:/home/alex/.m2/repository/org/glassfish/corba/glassfish-corba-omgapi/4.2.2/glassfish-corba-omgapi-4.2.2.jar:/home/alex/.m2/repository/sqlline/sqlline/1.9.0/sqlline-1.9.0.jar:/home/alex/.m2/repository/org/jline/jline-terminal/3.12.1/jline-terminal-3.12.1.jar:/home/alex/.m2/repository/org/jline/jline-reader/3.12.1/jline-reader-3.12.1.jar:/home/alex/.m2/repository/org/jline/jline-terminal-jansi/3.12.1/jline-terminal-jansi-3.12.1.jar:/home/alex/.m2/repository/org/fusesource/jansi/jansi/1.18/jansi-1.18.jar:/home/alex/.m2/repository/org/jline/jline-terminal-jna/3.12.1/jline-terminal-jna-3.12.1.jar:/home/alex/.m2/repository/net/java/dev/jna/jna/5.3.1/jna-5.3.1.jar:/home/alex/.m2/repository/org/jline/jline-builtins/3.12.1/jline-builtins-3.12.1.jar:/home/alex/.m2/repository/org/jline/jline-style/3.12.1/jline-style-3.12.1.jar:/home/alex/.m2/repository/jline/jline/2.14.6/jline-2.14.6.jar:/home/alex/.m2/repository/com/cronutils/cron-utils/9.1.3/cron-utils-9.1.3.jar:/home/alex/.m2/repository/org/glassfish/javax.el/3.0.0/javax.el-3.0.0.jar:/home/alex/.m2/repository/com/oracle/database/jdbc/ojdbc8/21.3.0.0/ojdbc8-21.3.0.0.jar:/home/alex/.m2/repository/mysql/mysql-connector-java/8.0.27/mysql-connector-java-8.0.27.jar:/home/alex/.m2/repository/com/microsoft/sqlserver/mssql-jdbc/6.2.1.jre8/mssql-jdbc-6.2.1.jre8.jar:/home/alex/.m2/repository/org/postgresql/postgresql/42.2.14/postgresql-42.2.14.jar:/home/alex/Repositories/hive/hcatalog/core/target/test-classes:/home/alex/.m2/repository/org/apache/pig/pig/0.16.0/pig-0.16.0-h2.jar:/home/alex/.m2/repository/xmlenc/xmlenc/0.52/xmlenc-0.52.jar:/home/alex/.m2/repository/commons-httpclient/commons-httpclient/3.1/commons-httpclient-3.1.jar:/home/alex/.m2/repository/org/mortbay/jetty/jetty/6.1.26/jetty-6.1.26.jar:/home/alex/.m2/repository/org/mortbay/jetty/servlet-api/2.5-20081211/servlet-api-2.5-20081211.jar:/home/alex/.m2/repository/org/mortbay/jetty/jetty-util/6.1.26/jetty-util-6.1.26.jar:/home/alex/.m2/repository/org/mortbay/jetty/jsp-api-2.1/6.1.14/jsp-api-2.1-6.1.14.jar:/home/alex/.m2/repository/org/mortbay/jetty/jsp-2.1/6.1.14/jsp-2.1-6.1.14.jar:/home/alex/.m2/repository/org/eclipse/jdt/core/3.1.1/core-3.1.1.jar:/home/alex/.m2/repository/ant/ant/1.6.5/ant-1.6.5.jar:/home/alex/.m2/repository/commons-el/commons-el/1.0/commons-el-1.0.jar:/home/alex/.m2/repository/net/java/dev/jets3t/jets3t/0.7.1/jets3t-0.7.1.jar:/home/alex/.m2/repository/org/mortbay/jetty/servlet-api-2.5/6.1.14/servlet-api-2.5-6.1.14.jar:/home/alex/.m2/repository/net/sf/kosmosfs/kfs/0.3/kfs-0.3.jar:/home/alex/.m2/repository/junit/junit/4.13/junit-4.13.jar:/home/alex/.m2/repository/org/hamcrest/hamcrest-core/1.3/hamcrest-core-1.3.jar:/home/alex/.m2/repository/hsqldb/hsqldb/1.8.0.10/hsqldb-1.8.0.10.jar:/home/alex/.m2/repository/oro/oro/2.0.8/oro-2.0.8.jar:/home/alex/.m2/repository/dk/brics/automaton/automaton/1.11-8/automaton-1.11-8.jar:/home/alex/.m2/repository/org/codehaus/jackson/jackson-mapper-asl/1.8.8/jackson-mapper-asl-1.8.8.jar:/home/alex/.m2/repository/org/codehaus/jackson/jackson-core-asl/1.8.8/jackson-core-asl-1.8.8.jar:/home/alex/.m2/repository/joda-time/joda-time/2.9.9/joda-time-2.9.9.jar:/home/alex/.m2/repository/org/slf4j/slf4j-api/1.7.30/slf4j-api-1.7.30.jar:/home/alex/.m2/repository/org/mockito/mockito-core/3.4.4/mockito-core-3.4.4.jar:/home/alex/.m2/repository/net/bytebuddy/byte-buddy/1.10.13/byte-buddy-1.10.13.jar:/home/alex/.m2/repository/net/bytebuddy/byte-buddy-agent/1.10.13/byte-buddy-agent-1.10.13.jar:/home/alex/.m2/repository/org/objenesis/objenesis/2.6/objenesis-2.6.jar:/home/alex/Repositories/hive/hcatalog/webhcat/java-client/target/testconf:/home/alex/Repositories/hive/hcatalog/webhcat/java-client/../../../conf:"/>
    <property name="sun.cpu.endian" value="little"/>
    <property name="user.home" value="/home/alex"/>
    <property name="user.language" value="en"/>
    <property name="java.security.krb5.conf" value="/home/alex/Repositories/hive/hcatalog/webhcat/java-client/target/testconf/krb5.conf"/>
    <property name="test.dfs.mkdir" value=""/>
    <property name="hive.exec.pre.hooks" value=" "/>
    <property name="java.awt.graphicsenv" value="sun.awt.X11GraphicsEnvironment"/>
    <property name="nondexFilter" value=".*"/>
    <property name="nondexSeed" value="933178"/>
    <property name="surefire.real.class.path" value="/home/alex/Repositories/hive/hcatalog/webhcat/java-client/target/surefire/surefirebooter6056753304168500576.jar"/>
    <property name="hadoop.log.dir" value="/home/alex/Repositories/hive/hcatalog/webhcat/java-client/target/tmp"/>
    <property name="java.net.preferIPv4Stack" value="true"/>
    <property name="path.separator" value=":"/>
    <property name="os.version" value="6.5.0-28-generic"/>
    <property name="java.endorsed.dirs" value="/usr/lib/jvm/java-8-openjdk-amd64/jre/lib/endorsed"/>
    <property name="java.runtime.name" value="OpenJDK Runtime Environment"/>
    <property name="hive.test.console.log.level" value="INFO"/>
    <property name="java.vm.name" value="OpenJDK 64-Bit Server VM"/>
    <property name="java.vendor.url.bug" value="http://bugreport.sun.com/bugreport/"/>
    <property name="maven.local.repository" value="/home/alex/.m2/repository"/>
    <property name="user.dir" value="/home/alex/Repositories/hive/hcatalog/webhcat/java-client"/>
    <property name="os.arch" value="amd64"/>
    <property name="nondexMode" value="FULL"/>
    <property name="user.language.format" value="pt"/>
    <property name="antlr.version" value="3.5.2"/>
    <property name="hive.metastore.transactional.event.listeners" value="org.apache.hive.hcatalog.listener.DbNotificationListener"/>
    <property name="derby.version" value="10.14.1.0"/>
    <property name="java.vm.info" value="mixed mode"/>
    <property name="java.vm.version" value="25.402-b06"/>
    <property name="java.ext.dirs" value="/usr/lib/jvm/java-8-openjdk-amd64/jre/lib/ext:/usr/java/packages/lib/ext"/>
    <property name="test.output.overwrite" value=""/>
    <property name="java.class.version" value="52.0"/>
    <property name="hive.root" value="/home/alex/Repositories/hive/hcatalog/webhcat/java-client/../../../"/>
  </properties>
  <testcase name="testMetadataReplEximCommands" classname="org.apache.hive.hcatalog.api.repl.commands.TestCommands" time="16.882">
    <failure message="expected:&lt;0&gt; but was:&lt;2&gt;" type="java.lang.AssertionError"><![CDATA[java.lang.AssertionError: expected:<0> but was:<2>
	at org.junit.Assert.fail(Assert.java:89)
	at org.junit.Assert.failNotEquals(Assert.java:835)
	at org.junit.Assert.assertEquals(Assert.java:647)
	at org.junit.Assert.assertEquals(Assert.java:633)
	at org.apache.hive.hcatalog.api.repl.commands.TestCommands.testMetadataReplEximCommands(TestCommands.java:266)
	at sun.reflect.NativeMethodAccessorImpl.invoke0(Native Method)
	at sun.reflect.NativeMethodAccessorImpl.invoke(NativeMethodAccessorImpl.java:62)
	at sun.reflect.DelegatingMethodAccessorImpl.invoke(DelegatingMethodAccessorImpl.java:43)
	at java.lang.reflect.Method.invoke(Method.java:498)
	at org.junit.runners.model.FrameworkMethod$1.runReflectiveCall(FrameworkMethod.java:59)
	at org.junit.internal.runners.model.ReflectiveCallable.run(ReflectiveCallable.java:12)
	at org.junit.runners.model.FrameworkMethod.invokeExplosively(FrameworkMethod.java:56)
	at org.junit.internal.runners.statements.InvokeMethod.evaluate(InvokeMethod.java:17)
	at org.junit.runners.ParentRunner$3.evaluate(ParentRunner.java:306)
	at org.junit.runners.BlockJUnit4ClassRunner$1.evaluate(BlockJUnit4ClassRunner.java:100)
	at org.junit.runners.ParentRunner.runLeaf(ParentRunner.java:366)
	at org.junit.runners.BlockJUnit4ClassRunner.runChild(BlockJUnit4ClassRunner.java:103)
	at org.junit.runners.BlockJUnit4ClassRunner.runChild(BlockJUnit4ClassRunner.java:63)
	at org.junit.runners.ParentRunner$4.run(ParentRunner.java:331)
	at org.junit.runners.ParentRunner$1.schedule(ParentRunner.java:79)
	at org.junit.runners.ParentRunner.runChildren(ParentRunner.java:329)
	at org.junit.runners.ParentRunner.access$100(ParentRunner.java:66)
	at org.junit.runners.ParentRunner$2.evaluate(ParentRunner.java:293)
	at org.junit.internal.runners.statements.RunBefores.evaluate(RunBefores.java:26)
	at org.junit.internal.runners.statements.RunAfters.evaluate(RunAfters.java:27)
	at org.junit.runners.ParentRunner$3.evaluate(ParentRunner.java:306)
	at org.junit.runners.ParentRunner.run(ParentRunner.java:413)
	at org.junit.runners.Suite.runChild(Suite.java:128)
	at org.junit.runners.Suite.runChild(Suite.java:27)
	at org.junit.runners.ParentRunner$4.run(ParentRunner.java:331)
	at org.junit.runners.ParentRunner$1.schedule(ParentRunner.java:79)
	at org.junit.runners.ParentRunner.runChildren(ParentRunner.java:329)
	at org.junit.runners.ParentRunner.access$100(ParentRunner.java:66)
	at org.junit.runners.ParentRunner$2.evaluate(ParentRunner.java:293)
	at org.junit.runners.ParentRunner$3.evaluate(ParentRunner.java:306)
	at org.junit.runners.ParentRunner.run(ParentRunner.java:413)
	at org.apache.maven.surefire.junitcore.JUnitCore.run(JUnitCore.java:55)
	at org.apache.maven.surefire.junitcore.JUnitCoreWrapper.createRequestAndRun(JUnitCoreWrapper.java:137)
	at org.apache.maven.surefire.junitcore.JUnitCoreWrapper.executeEager(JUnitCoreWrapper.java:107)
	at org.apache.maven.surefire.junitcore.JUnitCoreWrapper.execute(JUnitCoreWrapper.java:83)
	at org.apache.maven.surefire.junitcore.JUnitCoreWrapper.execute(JUnitCoreWrapper.java:75)
	at org.apache.maven.surefire.junitcore.JUnitCoreProvider.invoke(JUnitCoreProvider.java:158)
	at org.apache.maven.surefire.booter.ForkedBooter.runSuitesInProcess(ForkedBooter.java:377)
	at org.apache.maven.surefire.booter.ForkedBooter.execute(ForkedBooter.java:138)
	at org.apache.maven.surefire.booter.ForkedBooter.run(ForkedBooter.java:465)
	at org.apache.maven.surefire.booter.ForkedBooter.main(ForkedBooter.java:451)
]]></failure>
    <system-err><![CDATA[SLF4J: Class path contains multiple SLF4J bindings.
SLF4J: Found binding in [jar:file:/home/alex/.m2/repository/org/apache/logging/log4j/log4j-slf4j-impl/2.13.2/log4j-slf4j-impl-2.13.2.jar!/org/slf4j/impl/StaticLoggerBinder.class]
SLF4J: Found binding in [jar:file:/home/alex/.m2/repository/org/slf4j/slf4j-simple/1.7.27/slf4j-simple-1.7.27.jar!/org/slf4j/impl/StaticLoggerBinder.class]
SLF4J: See http://www.slf4j.org/codes.html#multiple_bindings for an explanation.
SLF4J: Actual binding is of type [org.apache.logging.slf4j.Log4jLoggerFactory]
DEBUG StatusLogger Using ShutdownCallbackRegistry class org.apache.logging.log4j.core.util.DefaultShutdownCallbackRegistry
DEBUG StatusLogger Took 0,094668 seconds to load 251 plugins from sun.misc.Launcher$AppClassLoader@330bedb4
DEBUG StatusLogger PluginManager 'Converter' found 46 plugins
DEBUG StatusLogger Starting OutputStreamManager SYSTEM_OUT.false.false-1
DEBUG StatusLogger Starting LoggerContext[name=330bedb4, org.apache.logging.log4j.core.LoggerContext@185a6e9]...
DEBUG StatusLogger Reconfiguration started for context[name=330bedb4] at URI null (org.apache.logging.log4j.core.LoggerContext@185a6e9) with optional ClassLoader: null
DEBUG StatusLogger PluginManager 'ConfigurationFactory' found 6 plugins
DEBUG StatusLogger Using configurationFactory org.apache.logging.log4j.core.config.ConfigurationFactory$Factory@77f1baf5
DEBUG StatusLogger Apache Log4j Core 2.13.2 initializing configuration org.apache.logging.log4j.core.config.properties.PropertiesConfiguration@37271612
DEBUG StatusLogger Installed 2 script engines
DEBUG StatusLogger Groovy Scripting Engine version: 2.0, language: Groovy, threading: MULTITHREADED, compile: true, names: [groovy, Groovy], factory class: org.codehaus.groovy.jsr223.GroovyScriptEngineFactory
DEBUG StatusLogger Oracle Nashorn version: 1.8.0_402, language: ECMAScript, threading: Not Thread Safe, compile: true, names: [nashorn, Nashorn, js, JS, JavaScript, javascript, ECMAScript, ecmascript], factory class: jdk.nashorn.api.scripting.NashornScriptEngineFactory
INFO StatusLogger Scanning for classes in '/home/alex/Repositories/hive/common/target/classes/org/apache/hadoop/hive/ql/log' matching criteria annotated with @Plugin
DEBUG StatusLogger Checking to see if class org.apache.hadoop.hive.ql.log.PerfLogger matches criteria annotated with @Plugin
INFO StatusLogger Scanning for classes in '/home/alex/Repositories/hive/ql/target/classes/org/apache/hadoop/hive/ql/log' matching criteria annotated with @Plugin
DEBUG StatusLogger Checking to see if class org.apache.hadoop.hive.ql.log.SlidingFilenameRolloverStrategy$1 matches criteria annotated with @Plugin
DEBUG StatusLogger Checking to see if class org.apache.hadoop.hive.ql.log.HushableRandomAccessFileAppender$1 matches criteria annotated with @Plugin
DEBUG StatusLogger Checking to see if class org.apache.hadoop.hive.ql.log.LogDivertAppender$NameFilter matches criteria annotated with @Plugin
DEBUG StatusLogger Checking to see if class org.apache.hadoop.hive.ql.log.SlidingFilenameRolloverStrategy matches criteria annotated with @Plugin
DEBUG StatusLogger Checking to see if class org.apache.hadoop.hive.ql.log.LogDivertAppenderForTest matches criteria annotated with @Plugin
DEBUG StatusLogger Checking to see if class org.apache.hadoop.hive.ql.log.HiveEventCounter$1 matches criteria annotated with @Plugin
DEBUG StatusLogger Checking to see if class org.apache.hadoop.hive.ql.log.HushableRandomAccessFileAppender matches criteria annotated with @Plugin
DEBUG StatusLogger Checking to see if class org.apache.hadoop.hive.ql.log.HiveEventCounter$EventCounts matches criteria annotated with @Plugin
DEBUG StatusLogger Checking to see if class org.apache.hadoop.hive.ql.log.LogDivertAppenderForTest$TestFilter matches criteria annotated with @Plugin
DEBUG StatusLogger Checking to see if class org.apache.hadoop.hive.ql.log.NullAppender matches criteria annotated with @Plugin
DEBUG StatusLogger Checking to see if class org.apache.hadoop.hive.ql.log.LogDivertAppender matches criteria annotated with @Plugin
DEBUG StatusLogger Checking to see if class org.apache.hadoop.hive.ql.log.HiveEventCounter matches criteria annotated with @Plugin
DEBUG StatusLogger Checking to see if class org.apache.hadoop.hive.ql.log.PidFilePatternConverter matches criteria annotated with @Plugin
DEBUG StatusLogger Checking to see if class org.apache.hadoop.hive.ql.log.syslog.SyslogInputFormat matches criteria annotated with @Plugin
DEBUG StatusLogger Checking to see if class org.apache.hadoop.hive.ql.log.syslog.SyslogSerDe matches criteria annotated with @Plugin
DEBUG StatusLogger Checking to see if class org.apache.hadoop.hive.ql.log.syslog.SyslogStorageHandler matches criteria annotated with @Plugin
DEBUG StatusLogger Checking to see if class org.apache.hadoop.hive.ql.log.syslog.SyslogInputFormat$Location matches criteria annotated with @Plugin
DEBUG StatusLogger Checking to see if class org.apache.hadoop.hive.ql.log.syslog.SyslogParser matches criteria annotated with @Plugin
INFO StatusLogger Scanning for classes in '/home/alex/Repositories/hive/ql/target/test-classes/org/apache/hadoop/hive/ql/log' matching criteria annotated with @Plugin
DEBUG StatusLogger Checking to see if class org.apache.hadoop.hive.ql.log.TestLog4j2Appenders matches criteria annotated with @Plugin
DEBUG StatusLogger Checking to see if class org.apache.hadoop.hive.ql.log.TestSlidingFilenameRolloverStrategy matches criteria annotated with @Plugin
DEBUG StatusLogger Checking to see if class org.apache.hadoop.hive.ql.log.TestSyslogInputFormat matches criteria annotated with @Plugin
DEBUG StatusLogger Took 0,023558 seconds to load 7 plugins from package org.apache.hadoop.hive.ql.log
DEBUG StatusLogger PluginManager 'Core' found 133 plugins
DEBUG StatusLogger PluginManager 'Level' found 0 plugins
DEBUG StatusLogger Building Plugin[name=property, class=org.apache.logging.log4j.core.config.Property].
TRACE StatusLogger TypeConverterRegistry initializing.
DEBUG StatusLogger PluginManager 'TypeConverter' found 26 plugins
DEBUG StatusLogger createProperty(name="hive.log.file", value="hive.log")
DEBUG StatusLogger Building Plugin[name=property, class=org.apache.logging.log4j.core.config.Property].
DEBUG StatusLogger createProperty(name="hive.log.dir", value="/home/alex/Repositories/hive/hcatalog/webhcat/java-client/target/tmp/log")
DEBUG StatusLogger Building Plugin[name=property, class=org.apache.logging.log4j.core.config.Property].
DEBUG StatusLogger createProperty(name="hive.root.logger", value="DRFA")
DEBUG StatusLogger Building Plugin[name=property, class=org.apache.logging.log4j.core.config.Property].
DEBUG StatusLogger createProperty(name="hive.log.level", value="DEBUG")
DEBUG StatusLogger Building Plugin[name=property, class=org.apache.logging.log4j.core.config.Property].
DEBUG StatusLogger createProperty(name="hive.test.console.log.level", value="INFO")
DEBUG StatusLogger Building Plugin[name=properties, class=org.apache.logging.log4j.core.config.PropertiesPlugin].
DEBUG StatusLogger configureSubstitutor(={hive.log.file=hive.log, hive.log.dir=/home/alex/Repositories/hive/hcatalog/webhcat/java-client/target/tmp/log, hive.root.logger=DRFA, hive.log.level=DEBUG, hive.test.console.log.level=INFO}, Configuration(HiveLog4j2Test))
DEBUG StatusLogger PluginManager 'Lookup' found 17 plugins
DEBUG StatusLogger Building Plugin[name=logger, class=org.apache.logging.log4j.core.config.LoggerConfig].
DEBUG StatusLogger createLogger(additivity="true", level="WARN", name="org.apache.hadoop.ipc", includeLocation="null", ={}, ={}, Configuration(HiveLog4j2Test), Filter=null)
DEBUG StatusLogger Building Plugin[name=logger, class=org.apache.logging.log4j.core.config.LoggerConfig].
DEBUG StatusLogger createLogger(additivity="true", level="INFO", name="org.apache.hadoop.security", includeLocation="null", ={}, ={}, Configuration(HiveLog4j2Test), Filter=null)
DEBUG StatusLogger Building Plugin[name=logger, class=org.apache.logging.log4j.core.config.LoggerConfig].
DEBUG StatusLogger createLogger(additivity="true", level="INFO", name="org.apache.hadoop.hdfs", includeLocation="null", ={}, ={}, Configuration(HiveLog4j2Test), Filter=null)
DEBUG StatusLogger Building Plugin[name=logger, class=org.apache.logging.log4j.core.config.LoggerConfig].
DEBUG StatusLogger createLogger(additivity="true", level="WARN", name="org.apache.hadoop.hdfs.server", includeLocation="null", ={}, ={}, Configuration(HiveLog4j2Test), Filter=null)
DEBUG StatusLogger Building Plugin[name=logger, class=org.apache.logging.log4j.core.config.LoggerConfig].
DEBUG StatusLogger createLogger(additivity="true", level="INFO", name="org.apache.hadoop.metrics2", includeLocation="null", ={}, ={}, Configuration(HiveLog4j2Test), Filter=null)
DEBUG StatusLogger Building Plugin[name=logger, class=org.apache.logging.log4j.core.config.LoggerConfig].
DEBUG StatusLogger createLogger(additivity="true", level="INFO", name="org.mortbay", includeLocation="null", ={}, ={}, Configuration(HiveLog4j2Test), Filter=null)
DEBUG StatusLogger Building Plugin[name=logger, class=org.apache.logging.log4j.core.config.LoggerConfig].
DEBUG StatusLogger createLogger(additivity="true", level="INFO", name="org.apache.hadoop.yarn", includeLocation="null", ={}, ={}, Configuration(HiveLog4j2Test), Filter=null)
DEBUG StatusLogger Building Plugin[name=logger, class=org.apache.logging.log4j.core.config.LoggerConfig].
DEBUG StatusLogger createLogger(additivity="true", level="WARN", name="org.apache.hadoop.yarn.server", includeLocation="null", ={}, ={}, Configuration(HiveLog4j2Test), Filter=null)
DEBUG StatusLogger Building Plugin[name=logger, class=org.apache.logging.log4j.core.config.LoggerConfig].
DEBUG StatusLogger createLogger(additivity="true", level="INFO", name="org.apache.tez", includeLocation="null", ={}, ={}, Configuration(HiveLog4j2Test), Filter=null)
DEBUG StatusLogger Building Plugin[name=logger, class=org.apache.logging.log4j.core.config.LoggerConfig].
DEBUG StatusLogger createLogger(additivity="true", level="ERROR", name="org.apache.hadoop.conf.Configuration", includeLocation="null", ={}, ={}, Configuration(HiveLog4j2Test), Filter=null)
DEBUG StatusLogger Building Plugin[name=logger, class=org.apache.logging.log4j.core.config.LoggerConfig].
DEBUG StatusLogger createLogger(additivity="true", level="INFO", name="org.apache.zookeeper", includeLocation="null", ={}, ={}, Configuration(HiveLog4j2Test), Filter=null)
DEBUG StatusLogger Building Plugin[name=logger, class=org.apache.logging.log4j.core.config.LoggerConfig].
DEBUG StatusLogger createLogger(additivity="true", level="WARN", name="org.apache.zookeeper.server.ServerCnxn", includeLocation="null", ={}, ={}, Configuration(HiveLog4j2Test), Filter=null)
DEBUG StatusLogger Building Plugin[name=logger, class=org.apache.logging.log4j.core.config.LoggerConfig].
DEBUG StatusLogger createLogger(additivity="true", level="WARN", name="org.apache.zookeeper.server.NIOServerCnxn", includeLocation="null", ={}, ={}, Configuration(HiveLog4j2Test), Filter=null)
DEBUG StatusLogger Building Plugin[name=logger, class=org.apache.logging.log4j.core.config.LoggerConfig].
DEBUG StatusLogger createLogger(additivity="true", level="WARN", name="org.apache.zookeeper.ClientCnxn", includeLocation="null", ={}, ={}, Configuration(HiveLog4j2Test), Filter=null)
DEBUG StatusLogger Building Plugin[name=logger, class=org.apache.logging.log4j.core.config.LoggerConfig].
DEBUG StatusLogger createLogger(additivity="true", level="WARN", name="org.apache.zookeeper.ClientCnxnSocket", includeLocation="null", ={}, ={}, Configuration(HiveLog4j2Test), Filter=null)
DEBUG StatusLogger Building Plugin[name=logger, class=org.apache.logging.log4j.core.config.LoggerConfig].
DEBUG StatusLogger createLogger(additivity="true", level="WARN", name="org.apache.zookeeper.ClientCnxnSocketNIO", includeLocation="null", ={}, ={}, Configuration(HiveLog4j2Test), Filter=null)
DEBUG StatusLogger Building Plugin[name=logger, class=org.apache.logging.log4j.core.config.LoggerConfig].
DEBUG StatusLogger createLogger(additivity="true", level="ERROR", name="DataNucleus", includeLocation="null", ={}, ={}, Configuration(HiveLog4j2Test), Filter=null)
DEBUG StatusLogger Building Plugin[name=logger, class=org.apache.logging.log4j.core.config.LoggerConfig].
DEBUG StatusLogger createLogger(additivity="true", level="ERROR", name="Datastore", includeLocation="null", ={}, ={}, Configuration(HiveLog4j2Test), Filter=null)
DEBUG StatusLogger Building Plugin[name=logger, class=org.apache.logging.log4j.core.config.LoggerConfig].
DEBUG StatusLogger createLogger(additivity="true", level="ERROR", name="JPOX", includeLocation="null", ={}, ={}, Configuration(HiveLog4j2Test), Filter=null)
DEBUG StatusLogger Building Plugin[name=logger, class=org.apache.logging.log4j.core.config.LoggerConfig].
DEBUG StatusLogger createLogger(additivity="true", level="INFO", name="org.apache.hadoop.hive.ql.exec.Operator", includeLocation="null", ={}, ={}, Configuration(HiveLog4j2Test), Filter=null)
DEBUG StatusLogger Building Plugin[name=logger, class=org.apache.logging.log4j.core.config.LoggerConfig].
DEBUG StatusLogger createLogger(additivity="true", level="INFO", name="org.apache.hadoop.hive.serde2.lazy", includeLocation="null", ={}, ={}, Configuration(HiveLog4j2Test), Filter=null)
DEBUG StatusLogger Building Plugin[name=logger, class=org.apache.logging.log4j.core.config.LoggerConfig].
DEBUG StatusLogger createLogger(additivity="true", level="INFO", name="org.apache.hadoop.hive.metastore.ObjectStore", includeLocation="null", ={}, ={}, Configuration(HiveLog4j2Test), Filter=null)
DEBUG StatusLogger Building Plugin[name=logger, class=org.apache.logging.log4j.core.config.LoggerConfig].
DEBUG StatusLogger createLogger(additivity="true", level="INFO", name="org.apache.calcite.plan.RelOptPlanner", includeLocation="null", ={}, ={}, Configuration(HiveLog4j2Test), Filter=null)
DEBUG StatusLogger Building Plugin[name=logger, class=org.apache.logging.log4j.core.config.LoggerConfig].
DEBUG StatusLogger createLogger(additivity="true", level="INFO", name="com.amazonaws", includeLocation="null", ={}, ={}, Configuration(HiveLog4j2Test), Filter=null)
DEBUG StatusLogger Building Plugin[name=logger, class=org.apache.logging.log4j.core.config.LoggerConfig].
DEBUG StatusLogger createLogger(additivity="true", level="INFO", name="org.apache.http", includeLocation="null", ={}, ={}, Configuration(HiveLog4j2Test), Filter=null)
DEBUG StatusLogger Building Plugin[name=logger, class=org.apache.logging.log4j.core.config.LoggerConfig].
DEBUG StatusLogger createLogger(additivity="true", level="WARN", name="org.apache.thrift", includeLocation="null", ={}, ={}, Configuration(HiveLog4j2Test), Filter=null)
DEBUG StatusLogger Building Plugin[name=logger, class=org.apache.logging.log4j.core.config.LoggerConfig].
DEBUG StatusLogger createLogger(additivity="true", level="WARN", name="org.eclipse.jetty", includeLocation="null", ={}, ={}, Configuration(HiveLog4j2Test), Filter=null)
DEBUG StatusLogger Building Plugin[name=logger, class=org.apache.logging.log4j.core.config.LoggerConfig].
DEBUG StatusLogger createLogger(additivity="true", level="WARN", name="BlockStateChange", includeLocation="null", ={}, ={}, Configuration(HiveLog4j2Test), Filter=null)
DEBUG StatusLogger Building Plugin[name=logger, class=org.apache.logging.log4j.core.config.LoggerConfig].
DEBUG StatusLogger createLogger(additivity="true", level="DEBUG", name="org.apache.hadoop.hive.ql.optimizer.SharedWorkOptimizer", includeLocation="null", ={}, ={}, Configuration(HiveLog4j2Test), Filter=null)
DEBUG StatusLogger Building Plugin[name=AppenderRef, class=org.apache.logging.log4j.core.config.AppenderRef].
DEBUG StatusLogger createAppenderRef(ref="console", level="INFO", Filter=null)
DEBUG StatusLogger Building Plugin[name=AppenderRef, class=org.apache.logging.log4j.core.config.AppenderRef].
DEBUG StatusLogger createAppenderRef(ref="DRFA", level="null", Filter=null)
DEBUG StatusLogger Building Plugin[name=root, class=org.apache.logging.log4j.core.config.LoggerConfig$RootLogger].
DEBUG StatusLogger createLogger(additivity="null", level="DEBUG", includeLocation="null", ={console, DRFA}, ={}, Configuration(HiveLog4j2Test), Filter=null)
DEBUG StatusLogger Building Plugin[name=loggers, class=org.apache.logging.log4j.core.config.LoggersPlugin].
DEBUG StatusLogger createLoggers(={org.apache.hadoop.ipc, org.apache.hadoop.security, org.apache.hadoop.hdfs, org.apache.hadoop.hdfs.server, org.apache.hadoop.metrics2, org.mortbay, org.apache.hadoop.yarn, org.apache.hadoop.yarn.server, org.apache.tez, org.apache.hadoop.conf.Configuration, org.apache.zookeeper, org.apache.zookeeper.server.ServerCnxn, org.apache.zookeeper.server.NIOServerCnxn, org.apache.zookeeper.ClientCnxn, org.apache.zookeeper.ClientCnxnSocket, org.apache.zookeeper.ClientCnxnSocketNIO, DataNucleus, Datastore, JPOX, org.apache.hadoop.hive.ql.exec.Operator, org.apache.hadoop.hive.serde2.lazy, org.apache.hadoop.hive.metastore.ObjectStore, org.apache.calcite.plan.RelOptPlanner, com.amazonaws, org.apache.http, org.apache.thrift, org.eclipse.jetty, BlockStateChange, org.apache.hadoop.hive.ql.optimizer.SharedWorkOptimizer, root})
DEBUG StatusLogger Building Plugin[name=layout, class=org.apache.logging.log4j.core.layout.PatternLayout].
DEBUG StatusLogger PatternLayout$Builder(Replace=null, PatternSelector=null, pattern="%d{ISO8601} %5p [%t] %c{2}: %m%n", noConsoleNoAnsi="null", Configuration(HiveLog4j2Test), charset="null", disableAnsi="null", alwaysWriteExceptions="null", header="null", footer="null")
DEBUG StatusLogger PluginManager 'Converter' found 46 plugins
DEBUG StatusLogger Building Plugin[name=appender, class=org.apache.logging.log4j.core.appender.ConsoleAppender].
DEBUG StatusLogger ConsoleAppender$Builder(target="SYSTEM_ERR", direct="null", follow="null", bufferSize="null", bufferedIo="null", immediateFlush="null", name="console", PatternLayout(%d{ISO8601} %5p [%t] %c{2}: %m%n), ignoreExceptions="null", Configuration(HiveLog4j2Test), ={}, Filter=null)
DEBUG StatusLogger Starting OutputStreamManager SYSTEM_ERR.false.false
DEBUG StatusLogger Building Plugin[name=layout, class=org.apache.logging.log4j.core.layout.PatternLayout].
DEBUG StatusLogger PatternLayout$Builder(header="null", charset="null", Configuration(HiveLog4j2Test), pattern="%d{ISO8601} %5p [%t] %c{2}: %m%n", disableAnsi="null", noConsoleNoAnsi="null", footer="null", alwaysWriteExceptions="null", PatternSelector=null, Replace=null)
DEBUG StatusLogger Building Plugin[name=TimeBasedTriggeringPolicy, class=org.apache.logging.log4j.core.appender.rolling.TimeBasedTriggeringPolicy].
DEBUG StatusLogger TimeBasedTriggeringPolicy$Builder(maxRandomDelay="null", modulate="true", interval="1")
DEBUG StatusLogger Building Plugin[name=Policies, class=org.apache.logging.log4j.core.appender.rolling.CompositeTriggeringPolicy].
DEBUG StatusLogger createPolicy(={TimeBasedTriggeringPolicy(nextRolloverMillis=0, interval=1, modulate=true)})
DEBUG StatusLogger Building Plugin[name=DefaultRolloverStrategy, class=org.apache.logging.log4j.core.appender.rolling.DefaultRolloverStrategy].
DEBUG StatusLogger DefaultRolloverStrategy$Builder(stopCustomActionsOnError="null", Configuration(HiveLog4j2Test), tempCompressedFilePattern="null", min="null", max="30", fileIndex="null", ={}, compressionLevel="null")
DEBUG StatusLogger Building Plugin[name=appender, class=org.apache.logging.log4j.core.appender.RollingRandomAccessFileAppender].
DEBUG StatusLogger RollingRandomAccessFileAppender$Builder(filePermissions="null", Policies(CompositeTriggeringPolicy(policies=[TimeBasedTriggeringPolicy(nextRolloverMillis=0, interval=1, modulate=true)])), fileOwner="null", advertiseURI="null", advertise="null", filePattern="/home/alex/Repositories/hive/hcatalog/webhcat/java-client/target/tmp/log/hive.log.%d{yyyy-MM-dd}", fileGroup="null", DefaultRolloverStrategy(DefaultRolloverStrategy(min=1, max=30, useMax=true)), fileName="/home/alex/Repositories/hive/hcatalog/webhcat/java-client/target/tmp/log/hive.log", append="null", bufferedIo="null", bufferSize="null", immediateFlush="null", name="DRFA", Configuration(HiveLog4j2Test), PatternLayout(%d{ISO8601} %5p [%t] %c{2}: %m%n), ignoreExceptions="null", ={}, Filter=null)
TRACE StatusLogger RandomAccessFile /home/alex/Repositories/hive/hcatalog/webhcat/java-client/target/tmp/log/hive.log seek to 3790020
DEBUG StatusLogger Starting RollingRandomAccessFileManager /home/alex/Repositories/hive/hcatalog/webhcat/java-client/target/tmp/log/hive.log
DEBUG StatusLogger PluginManager 'FileConverter' found 3 plugins
DEBUG StatusLogger Setting prev file time to 2024-04-24T12:04:24.029-0700
DEBUG StatusLogger Initializing triggering policy CompositeTriggeringPolicy(policies=[TimeBasedTriggeringPolicy(nextRolloverMillis=0, interval=1, modulate=true)])
DEBUG StatusLogger Initializing triggering policy TimeBasedTriggeringPolicy(nextRolloverMillis=0, interval=1, modulate=true)
TRACE StatusLogger PatternProcessor.getNextTime returning 2024/04/25-00:00:00.000, nextFileTime=2024/04/24-00:00:00.000, prevFileTime=1969/12/31-16:00:00.000, current=2024/04/24-12:04:27.393, freq=DAILY
TRACE StatusLogger PatternProcessor.getNextTime returning 2024/04/25-00:00:00.000, nextFileTime=2024/04/24-00:00:00.000, prevFileTime=2024/04/24-00:00:00.000, current=2024/04/24-12:04:27.394, freq=DAILY
DEBUG StatusLogger Building Plugin[name=appenders, class=org.apache.logging.log4j.core.config.AppendersPlugin].
DEBUG StatusLogger createAppenders(={console, DRFA})
DEBUG StatusLogger Configuration org.apache.logging.log4j.core.config.properties.PropertiesConfiguration@37271612 initialized
DEBUG StatusLogger Starting configuration org.apache.logging.log4j.core.config.properties.PropertiesConfiguration@37271612
DEBUG StatusLogger Started configuration org.apache.logging.log4j.core.config.properties.PropertiesConfiguration@37271612 OK.
TRACE StatusLogger Stopping org.apache.logging.log4j.core.config.DefaultConfiguration@780cb77...
TRACE StatusLogger DefaultConfiguration notified 1 ReliabilityStrategies that config will be stopped.
TRACE StatusLogger DefaultConfiguration stopping root LoggerConfig.
TRACE StatusLogger DefaultConfiguration notifying ReliabilityStrategies that appenders will be stopped.
TRACE StatusLogger DefaultConfiguration stopping remaining Appenders.
DEBUG StatusLogger Shutting down OutputStreamManager SYSTEM_OUT.false.false-1
DEBUG StatusLogger OutputStream closed
DEBUG StatusLogger Shut down OutputStreamManager SYSTEM_OUT.false.false-1, all resources released: true
DEBUG StatusLogger Appender DefaultConsole-1 stopped with status true
TRACE StatusLogger DefaultConfiguration stopped 1 remaining Appenders.
TRACE StatusLogger DefaultConfiguration cleaning Appenders from 1 LoggerConfigs.
DEBUG StatusLogger Stopped org.apache.logging.log4j.core.config.DefaultConfiguration@780cb77 OK
TRACE StatusLogger Reregistering MBeans after reconfigure. Selector=org.apache.logging.log4j.core.selector.ClassLoaderContextSelector@35645047
TRACE StatusLogger Reregistering context (1/1): '330bedb4' org.apache.logging.log4j.core.LoggerContext@185a6e9
TRACE StatusLogger Unregistering but no MBeans found matching 'org.apache.logging.log4j2:type=330bedb4'
TRACE StatusLogger Unregistering but no MBeans found matching 'org.apache.logging.log4j2:type=330bedb4,component=StatusLogger'
TRACE StatusLogger Unregistering but no MBeans found matching 'org.apache.logging.log4j2:type=330bedb4,component=ContextSelector'
TRACE StatusLogger Unregistering but no MBeans found matching 'org.apache.logging.log4j2:type=330bedb4,component=Loggers,name=*'
TRACE StatusLogger Unregistering but no MBeans found matching 'org.apache.logging.log4j2:type=330bedb4,component=Appenders,name=*'
TRACE StatusLogger Unregistering but no MBeans found matching 'org.apache.logging.log4j2:type=330bedb4,component=AsyncAppenders,name=*'
TRACE StatusLogger Unregistering but no MBeans found matching 'org.apache.logging.log4j2:type=330bedb4,component=AsyncLoggerRingBuffer'
TRACE StatusLogger Unregistering but no MBeans found matching 'org.apache.logging.log4j2:type=330bedb4,component=Loggers,name=*,subtype=RingBuffer'
DEBUG StatusLogger Registering MBean org.apache.logging.log4j2:type=330bedb4
DEBUG StatusLogger Registering MBean org.apache.logging.log4j2:type=330bedb4,component=StatusLogger
DEBUG StatusLogger Registering MBean org.apache.logging.log4j2:type=330bedb4,component=ContextSelector
DEBUG StatusLogger Registering MBean org.apache.logging.log4j2:type=330bedb4,component=Loggers,name=org.apache.hadoop.ipc
DEBUG StatusLogger Registering MBean org.apache.logging.log4j2:type=330bedb4,component=Loggers,name=org.apache.hadoop.hive.ql.optimizer.SharedWorkOptimizer
DEBUG StatusLogger Registering MBean org.apache.logging.log4j2:type=330bedb4,component=Loggers,name=com.amazonaws
DEBUG StatusLogger Registering MBean org.apache.logging.log4j2:type=330bedb4,component=Loggers,name=org.apache.thrift
DEBUG StatusLogger Registering MBean org.apache.logging.log4j2:type=330bedb4,component=Loggers,name=Datastore
DEBUG StatusLogger Registering MBean org.apache.logging.log4j2:type=330bedb4,component=Loggers,name=org.apache.hadoop.hive.metastore.ObjectStore
DEBUG StatusLogger Registering MBean org.apache.logging.log4j2:type=330bedb4,component=Loggers,name=DataNucleus
DEBUG StatusLogger Registering MBean org.apache.logging.log4j2:type=330bedb4,component=Loggers,name=org.apache.hadoop.yarn.server
DEBUG StatusLogger Registering MBean org.apache.logging.log4j2:type=330bedb4,component=Loggers,name=org.mortbay
DEBUG StatusLogger Registering MBean org.apache.logging.log4j2:type=330bedb4,component=Loggers,name=org.apache.zookeeper.ClientCnxnSocket
DEBUG StatusLogger Registering MBean org.apache.logging.log4j2:type=330bedb4,component=Loggers,name=org.apache.hadoop.hive.ql.exec.Operator
DEBUG StatusLogger Registering MBean org.apache.logging.log4j2:type=330bedb4,component=Loggers,name=org.apache.hadoop.yarn
DEBUG StatusLogger Registering MBean org.apache.logging.log4j2:type=330bedb4,component=Loggers,name=org.apache.zookeeper.ClientCnxnSocketNIO
DEBUG StatusLogger Registering MBean org.apache.logging.log4j2:type=330bedb4,component=Loggers,name=org.apache.zookeeper.server.NIOServerCnxn
DEBUG StatusLogger Registering MBean org.apache.logging.log4j2:type=330bedb4,component=Loggers,name=org.apache.hadoop.conf.Configuration
DEBUG StatusLogger Registering MBean org.apache.logging.log4j2:type=330bedb4,component=Loggers,name=org.eclipse.jetty
DEBUG StatusLogger Registering MBean org.apache.logging.log4j2:type=330bedb4,component=Loggers,name=BlockStateChange
DEBUG StatusLogger Registering MBean org.apache.logging.log4j2:type=330bedb4,component=Loggers,name=org.apache.tez
DEBUG StatusLogger Registering MBean org.apache.logging.log4j2:type=330bedb4,component=Loggers,name=org.apache.hadoop.security
DEBUG StatusLogger Registering MBean org.apache.logging.log4j2:type=330bedb4,component=Loggers,name=JPOX
DEBUG StatusLogger Registering MBean org.apache.logging.log4j2:type=330bedb4,component=Loggers,name=org.apache.calcite.plan.RelOptPlanner
DEBUG StatusLogger Registering MBean org.apache.logging.log4j2:type=330bedb4,component=Loggers,name=org.apache.http
DEBUG StatusLogger Registering MBean org.apache.logging.log4j2:type=330bedb4,component=Loggers,name=
DEBUG StatusLogger Registering MBean org.apache.logging.log4j2:type=330bedb4,component=Loggers,name=org.apache.zookeeper
DEBUG StatusLogger Registering MBean org.apache.logging.log4j2:type=330bedb4,component=Loggers,name=org.apache.zookeeper.server.ServerCnxn
DEBUG StatusLogger Registering MBean org.apache.logging.log4j2:type=330bedb4,component=Loggers,name=org.apache.hadoop.hdfs
DEBUG StatusLogger Registering MBean org.apache.logging.log4j2:type=330bedb4,component=Loggers,name=org.apache.hadoop.metrics2
DEBUG StatusLogger Registering MBean org.apache.logging.log4j2:type=330bedb4,component=Loggers,name=org.apache.zookeeper.ClientCnxn
DEBUG StatusLogger Registering MBean org.apache.logging.log4j2:type=330bedb4,component=Loggers,name=org.apache.hadoop.hdfs.server
DEBUG StatusLogger Registering MBean org.apache.logging.log4j2:type=330bedb4,component=Loggers,name=org.apache.hadoop.hive.serde2.lazy
DEBUG StatusLogger Registering MBean org.apache.logging.log4j2:type=330bedb4,component=Appenders,name=console
DEBUG StatusLogger Registering MBean org.apache.logging.log4j2:type=330bedb4,component=Appenders,name=DRFA
TRACE StatusLogger Using default SystemClock for timestamps.
DEBUG StatusLogger org.apache.logging.log4j.core.util.SystemClock does not support precise timestamps.
TRACE StatusLogger Using DummyNanoClock for nanosecond timestamps.
DEBUG StatusLogger Reconfiguration complete for context[name=330bedb4] at URI /home/alex/Repositories/hive/hcatalog/webhcat/java-client/target/testconf/hive-log4j2.properties (org.apache.logging.log4j.core.LoggerContext@185a6e9) with optional ClassLoader: null
DEBUG StatusLogger Shutdown hook enabled. Registering a new one.
DEBUG StatusLogger LoggerContext[name=330bedb4, org.apache.logging.log4j.core.LoggerContext@185a6e9] started OK.
2024-04-24T12:04:27,496  INFO [main] conf.HiveConf: Found configuration file file:/home/alex/Repositories/hive/hcatalog/webhcat/java-client/target/testconf/hive-site.xml
DEBUG StatusLogger AsyncLogger.ThreadNameStrategy=UNCACHED (user specified null, default is UNCACHED)
TRACE StatusLogger Using default SystemClock for timestamps.
DEBUG StatusLogger org.apache.logging.log4j.core.util.SystemClock does not support precise timestamps.
2024-04-24T12:04:27,888  WARN [main] util.NativeCodeLoader: Unable to load native-hadoop library for your platform... using builtin-java classes where applicable
2024-04-24T12:04:27,938  WARN [main] conf.HiveConf: HiveConf of name hive.llap.io.cache.orc.alloc.max does not exist
2024-04-24T12:04:27,938  WARN [main] conf.HiveConf: HiveConf of name hive.metastore.client.cache.recordStats does not exist
2024-04-24T12:04:27,939  WARN [main] conf.HiveConf: HiveConf of name hive.dummyparam.test.server.specific.config.override does not exist
2024-04-24T12:04:27,939  WARN [main] conf.HiveConf: HiveConf of name hive.metastore.metadb.dir does not exist
2024-04-24T12:04:27,939  WARN [main] conf.HiveConf: HiveConf of name hive.dummyparam.test.server.specific.config.hivesite does not exist
2024-04-24T12:04:27,939  WARN [main] conf.HiveConf: HiveConf of name hive.llap.io.cache.orc.alloc.min does not exist
2024-04-24T12:04:27,939  WARN [main] conf.HiveConf: HiveConf of name hive.llap.io.cache.orc.arena.size does not exist
2024-04-24T12:04:27,939  WARN [main] conf.HiveConf: HiveConf of name hive.stats.key.prefix.reserve.length does not exist
2024-04-24T12:04:27,940  WARN [main] conf.HiveConf: HiveConf of name hive.dummyparam.test.server.specific.config.metastoresite does not exist
2024-04-24T12:04:27,940  WARN [main] conf.HiveConf: HiveConf of name hive.metastore.client.cache.maxSize does not exist
2024-04-24T12:04:27,940  WARN [main] conf.HiveConf: HiveConf of name hive.llap.io.cache.orc.size does not exist
2024-04-24T12:04:27,976  INFO [main] conf.MetastoreConf: Found configuration file: file:/home/alex/Repositories/hive/hcatalog/webhcat/java-client/target/testconf/hive-site.xml
2024-04-24T12:04:27,977  INFO [main] conf.MetastoreConf: Found configuration file: file:/home/alex/Repositories/hive/hcatalog/webhcat/java-client/target/testconf/hivemetastore-site.xml
2024-04-24T12:04:27,977  INFO [main] conf.MetastoreConf: Unable to find config file: metastore-site.xml
2024-04-24T12:04:27,998  INFO [main] utils.TestTxnDbUtil: Creating transactional tables
2024-04-24T12:04:28,809  INFO [main] utils.TestTxnDbUtil: Reinitializing the metastore db with hive-schema-4.0.0.derby.sql on the database jdbc:derby:memory:/home/alex/Repositories/hive/hcatalog/webhcat/java-client/target/tmp/junit_metastore_db_34489;create=true
2024-04-24T12:04:29,888  INFO [main] metastore.MetaStoreTestUtils: Waiting the HMS to start.
2024-04-24T12:04:29,950  INFO [MetaStoreThread-34489] metastore.AuthFactory: Using authentication NOSASL with kerberos authentication disabled
2024-04-24T12:04:30,101  INFO [MetaStoreThread-34489] metastore.HMSHandler: 0: Opening raw store with implementation class:org.apache.hadoop.hive.metastore.ObjectStore
2024-04-24T12:04:30,134  INFO [MetaStoreThread-34489] metastore.PersistenceManagerProvider: Configuration datanucleus.autoStartMechanismMode is not set. Defaulting to 'ignored'
2024-04-24T12:04:30,137  INFO [MetaStoreThread-34489] metastore.PersistenceManagerProvider: Updating the pmf due to property change
2024-04-24T12:04:30,137  INFO [MetaStoreThread-34489] metastore.PersistenceManagerProvider: Current pmf properties are uninitialized
2024-04-24T12:04:30,153  WARN [MetaStoreThread-34489] hikari.HikariConfig: HikariPool-1 - leakDetectionThreshold is less than 2000ms or more than maxLifetime, disabling it.
2024-04-24T12:04:30,158  INFO [MetaStoreThread-34489] hikari.HikariDataSource: HikariPool-1 - Starting...
2024-04-24T12:04:30,173  INFO [MetaStoreThread-34489] pool.PoolBase: HikariPool-1 - Driver does not support get/set network timeout for connections. (Feature not implemented: No details.)
2024-04-24T12:04:30,176  INFO [MetaStoreThread-34489] hikari.HikariDataSource: HikariPool-1 - Start completed.
2024-04-24T12:04:30,682  INFO [MetaStoreThread-34489] metastore.PersistenceManagerProvider: Setting MetaStore object pin classes with hive.metastore.cache.pinobjtypes="Table,StorageDescriptor,SerDeInfo,Partition,Database,Type,FieldSchema,Order"
2024-04-24T12:04:30,682  INFO [MetaStoreThread-34489] metastore.ObjectStore: RawStore: org.apache.hadoop.hive.metastore.ObjectStore@1011f7eb, with PersistenceManager: null will be shutdown
2024-04-24T12:04:30,717  INFO [MetaStoreThread-34489] metastore.ObjectStore: RawStore: org.apache.hadoop.hive.metastore.ObjectStore@1011f7eb, with PersistenceManager: org.datanucleus.api.jdo.JDOPersistenceManager@66ce9cb3 created in the thread with id: 18
2024-04-24T12:04:30,888  INFO [main] metastore.MetaStoreTestUtils: Waiting the HMS to start.
2024-04-24T12:04:31,889  INFO [main] metastore.MetaStoreTestUtils: Waiting the HMS to start.
2024-04-24T12:04:32,852  INFO [MetaStoreThread-34489] metastore.HMSHandler: Created RawStore: org.apache.hadoop.hive.metastore.ObjectStore@1011f7eb from thread id: 18
2024-04-24T12:04:32,866  INFO [MetaStoreThread-34489] metastore.HMSHandler: Setting location of default catalog, as it hasn't been done after upgrade
2024-04-24T12:04:32,889  INFO [main] metastore.MetaStoreTestUtils: Waiting the HMS to start.
2024-04-24T12:04:33,128  INFO [MetaStoreThread-34489] metastore.HMSHandler: Started creating a default database with name: default
2024-04-24T12:04:33,182  INFO [MetaStoreThread-34489] metastore.HMSHandler: Successfully created a default database with name: default
2024-04-24T12:04:33,198  INFO [MetaStoreThread-34489] metastore.HMSHandler: Added admin role in metastore
2024-04-24T12:04:33,201  INFO [MetaStoreThread-34489] metastore.HMSHandler: Added public role in metastore
2024-04-24T12:04:33,261  INFO [MetaStoreThread-34489] metastore.HMSHandler: Added hive_admin_user to admin role
2024-04-24T12:04:33,280  INFO [MetaStoreThread-34489] metastore.PersistenceManagerProvider: Configuration datanucleus.autoStartMechanismMode is not set. Defaulting to 'ignored'
2024-04-24T12:04:33,282  INFO [MetaStoreThread-34489] metastore.ObjectStore: RawStore: org.apache.hadoop.hive.metastore.ObjectStore@385d2552, with PersistenceManager: null will be shutdown
2024-04-24T12:04:33,282  INFO [MetaStoreThread-34489] metastore.ObjectStore: RawStore: org.apache.hadoop.hive.metastore.ObjectStore@385d2552, with PersistenceManager: org.datanucleus.api.jdo.JDOPersistenceManager@47455c13 created in the thread with id: 18
2024-04-24T12:04:33,287  INFO [DB-Notification-Cleaner] listener.DbNotificationListener: Wait interval is 86400000
2024-04-24T12:04:33,287  INFO [DB-Notification-Cleaner] listener.DbNotificationListener: Cleaner Thread Restarted and metastore.event.db.listener.clean.startup.wait.interval or hive.metastore.event.db.listener.clean.startup.wait.interval is configured. So cleaner thread will startup post waiting 86400000 ms
2024-04-24T12:04:33,288  INFO [MetaStoreThread-34489] conf.MetastoreConf: Found configuration file: file:/home/alex/Repositories/hive/hcatalog/webhcat/java-client/target/testconf/hivemetastore-site.xml
2024-04-24T12:04:33,289  INFO [MetaStoreThread-34489] conf.MetastoreConf: Unable to find config file: metastore-site.xml
2024-04-24T12:04:33,309  INFO [MetaStoreThread-34489] metastore.HMSHandler: HMS server filtering is disabled by configuration
2024-04-24T12:04:33,598  INFO [MetaStoreThread-34489] metastore.HiveMetaStore: Starting DB backed MetaStore Server with SetUGI enabled
2024-04-24T12:04:33,602  INFO [MetaStoreThread-34489] metastore.HiveMetaStore: Started the new metaserver on port [34489]...
2024-04-24T12:04:33,602  INFO [MetaStoreThread-34489] metastore.HiveMetaStore: Options.minWorkerThreads = 200
2024-04-24T12:04:33,603  INFO [MetaStoreThread-34489] metastore.HiveMetaStore: Options.maxWorkerThreads = 1000
2024-04-24T12:04:33,603  INFO [MetaStoreThread-34489] metastore.HiveMetaStore: TCP keepalive = true
2024-04-24T12:04:33,603  INFO [MetaStoreThread-34489] metastore.HiveMetaStore: Enable SSL = false
2024-04-24T12:04:33,603  INFO [MetaStoreThread-34489] metastore.HiveMetaStore: Compaction HMS parameters:
2024-04-24T12:04:33,603  INFO [MetaStoreThread-34489] metastore.HiveMetaStore: metastore.compactor.initiator.on = false
2024-04-24T12:04:33,603  INFO [MetaStoreThread-34489] metastore.HiveMetaStore: metastore.compactor.worker.threads = 0
2024-04-24T12:04:33,603  INFO [MetaStoreThread-34489] metastore.HiveMetaStore: hive.metastore.runworker.in = metastore
2024-04-24T12:04:33,603  INFO [MetaStoreThread-34489] metastore.HiveMetaStore: metastore.compactor.history.retention.attempted = 2
2024-04-24T12:04:33,603  INFO [MetaStoreThread-34489] metastore.HiveMetaStore: metastore.compactor.history.retention.failed = 3
2024-04-24T12:04:33,604  INFO [MetaStoreThread-34489] metastore.HiveMetaStore: metastore.compactor.history.retention.succeeded = 3
2024-04-24T12:04:33,604  INFO [MetaStoreThread-34489] metastore.HiveMetaStore: metastore.compactor.initiator.failed.compacts.threshold = 2
2024-04-24T12:04:33,604  INFO [MetaStoreThread-34489] metastore.HiveMetaStore: metastore.compactor.enable.stats.compression
2024-04-24T12:04:33,604  WARN [MetaStoreThread-34489] metastore.HiveMetaStore: Compactor Initiator is turned Off. Automatic compaction will not be triggered.
2024-04-24T12:04:33,604  WARN [MetaStoreThread-34489] metastore.HiveMetaStore: Invalid number of Compactor Worker threads(0) on HMS
2024-04-24T12:04:33,604  INFO [MetaStoreThread-34489] metastore.HiveMetaStore: Direct SQL optimization = true
2024-04-24T12:04:33,897  INFO [TThreadPoolServer WorkerProcess-%d] HiveMetaStore.audit: ugi=alex	ip=127.0.0.1	cmd=Done cleaning up thread local RawStore	
2024-04-24T12:04:33,910  INFO [main] metastore.MetaStoreTestUtils: MetaStore warehouse root dir (pfile:/home/alex/Repositories/hive/hcatalog/webhcat/java-client/target/warehouse/34489) is created
2024-04-24T12:04:33,911  INFO [main] metastore.MetaStoreTestUtils: MetaStore Thrift Server started on port: 34489 with warehouse dir: pfile:/home/alex/Repositories/hive/hcatalog/webhcat/java-client/target/warehouse/34489 with jdbcUrl: jdbc:derby:memory:/home/alex/Repositories/hive/hcatalog/webhcat/java-client/target/tmp/junit_metastore_db_34489;create=true
Hive Session ID = ee9676e0-3853-4d25-b6f8-3167fe8a2056
2024-04-24T12:04:34,084  INFO [main] SessionState: Hive Session ID = ee9676e0-3853-4d25-b6f8-3167fe8a2056
ivysettings.xml file not found in HIVE_HOME or HIVE_CONF_DIR,file:/home/alex/.m2/repository/org/apache/pig/pig/0.16.0/pig-0.16.0-h2.jar!/ivysettings.xml will be used
2024-04-24T12:04:34,114  INFO [main] DependencyResolver: ivysettings.xml file not found in HIVE_HOME or HIVE_CONF_DIR,file:/home/alex/.m2/repository/org/apache/pig/pig/0.16.0/pig-0.16.0-h2.jar!/ivysettings.xml will be used
2024-04-24T12:04:34,279  INFO [main] session.SessionState: Created HDFS directory: /home/alex/Repositories/hive/hcatalog/webhcat/java-client/target/tmp/scratchdir/alex/ee9676e0-3853-4d25-b6f8-3167fe8a2056
2024-04-24T12:04:34,283  INFO [main] session.SessionState: Created local directory: /home/alex/Repositories/hive/hcatalog/webhcat/java-client/target/tmp/localscratchdir/ee9676e0-3853-4d25-b6f8-3167fe8a2056
2024-04-24T12:04:34,286  INFO [main] session.SessionState: Created HDFS directory: /home/alex/Repositories/hive/hcatalog/webhcat/java-client/target/tmp/scratchdir/alex/ee9676e0-3853-4d25-b6f8-3167fe8a2056/_tmp_space.db
2024-04-24T12:04:34,369  WARN [main] conf.HiveConf: HiveConf of name hive.llap.io.cache.orc.alloc.max does not exist
2024-04-24T12:04:34,369  WARN [main] conf.HiveConf: HiveConf of name hive.llap.io.cache.orc.arena.size does not exist
2024-04-24T12:04:34,369  WARN [main] conf.HiveConf: HiveConf of name hive.llap.io.cache.orc.size does not exist
2024-04-24T12:04:34,369  WARN [main] conf.HiveConf: HiveConf of name hive.dummyparam.test.server.specific.config.hivesite does not exist
2024-04-24T12:04:34,369  WARN [main] conf.HiveConf: HiveConf of name hive.dummyparam.test.server.specific.config.override does not exist
2024-04-24T12:04:34,369  WARN [main] conf.HiveConf: HiveConf of name hive.llap.io.cache.orc.alloc.min does not exist
2024-04-24T12:04:34,369  WARN [main] conf.HiveConf: HiveConf of name hive.dummyparam.test.server.specific.config.metastoresite does not exist
2024-04-24T12:04:34,370  WARN [main] conf.HiveConf: HiveConf of name hive.metastore.metadb.dir does not exist
2024-04-24T12:04:34,370  WARN [main] conf.HiveConf: HiveConf of name hive.stats.key.prefix.reserve.length does not exist
2024-04-24T12:04:34,370  WARN [main] conf.HiveConf: HiveConf of name hive.metastore.client.cache.maxSize does not exist
2024-04-24T12:04:34,370  WARN [main] conf.HiveConf: HiveConf of name hive.metastore.client.cache.recordStats does not exist
2024-04-24T12:04:34,370  INFO [main] common.HCatUtil: mapreduce.lib.hcatoutput.hive.conf not set. Generating configuration differences.
2024-04-24T12:04:34,372  INFO [main] common.HCatUtil: Configuration differences={datanucleus.schema.autoCreateAll=true, hive.exec.scratchdir=${test.tmp.dir}/scratchdir, hive.strict.timestamp.conversion=false, datanucleus.connectionPool.maxPoolSize=4, hive.ignore.mapjoin.hint=false, hive.query.reexecution.stats.persist.scope=query, hive.cbo.fallback.strategy=TEST, hive.users.in.admin.role=hive_admin_user, hive.metastore.warehouse.dir=${test.warehouse.dir}, hive.server2.operation.log.purgePolicy.timeToLive=5s, hive.llap.io.allocator.direct=false, hive.default.rcfile.serde=org.apache.hadoop.hive.serde2.columnar.ColumnarSerDe, javax.jdo.option.ConnectionURL=jdbc:derby:memory:${test.tmp.dir}/junit_metastore_db;create=true, hive.test.dummystats.aggregator=value2, hive.scheduled.queries.executor.enabled=false, hive.querylog.location=${test.tmp.dir}/tmp, hive.jar.path=${maven.local.repository}/org/apache/hive/hive-exec/${hive.version}/hive-exec-${hive.version}.jar, hive.exec.local.scratchdir=${test.tmp.dir}/localscratchdir/, hive.fetch.task.conversion=minimal, hive.mapjoin.max.gc.time.percentage=0.99, hive.in.test=true, hive.stats.fetch.bitvector=true, hive.query.results.cache.enabled=false, hive.metastore.client.cache.enabled=true, hive.auto.convert.join=false, hive.exec.submit.local.task.via.child=false, hive.conf.restricted.list=from.hivemetastore-site.xml,_hive.local.session.path,_hive.hdfs.session.path,_hive.tmp_table_space, hive.metastore.schema.verification=false}
2024-04-24T12:04:34,404  INFO [main] common.HiveClientCache: Initializing cache: eviction-timeout=120 initial-capacity=50 maximum-capacity=50
2024-04-24T12:04:34,477  INFO [main] metastore.HiveMetaStoreClient: HMS client filtering is enabled.
2024-04-24T12:04:34,477  INFO [main] metastore.HiveMetaStoreClient: Resolved metastore uris: [thrift://localhost:34489]
2024-04-24T12:04:34,478  INFO [main] metastore.HiveMetaStoreClient: Trying to connect to metastore with URI (thrift://localhost:34489)
2024-04-24T12:04:34,496  INFO [main] metastore.HiveMetaStoreClient: Opened a connection to metastore, URI (thrift://localhost:34489) current connections: 1
2024-04-24T12:04:34,549  INFO [main] metastore.RetryingMetaStoreClient: RetryingMetaStoreClient proxy=class org.apache.hive.hcatalog.common.HiveClientCache$CacheableHiveMetaStoreClient ugi=alex (auth:SIMPLE) retries=1 delay=1 lifetime=0
2024-04-24T12:04:34,623  INFO [TThreadPoolServer WorkerProcess-%d] HiveMetaStore.audit: ugi=alex	ip=127.0.0.1	cmd=source:127.0.0.1 get_databases: @hive#NonExistentDatabaseUsedForHealthCheck	
2024-04-24T12:04:34,624  INFO [TThreadPoolServer WorkerProcess-%d] metastore.HMSHandler: 2: Opening raw store with implementation class:org.apache.hadoop.hive.metastore.ObjectStore
2024-04-24T12:04:34,625  INFO [TThreadPoolServer WorkerProcess-%d] metastore.ObjectStore: RawStore: org.apache.hadoop.hive.metastore.ObjectStore@2a89a98d, with PersistenceManager: null will be shutdown
2024-04-24T12:04:34,626  INFO [TThreadPoolServer WorkerProcess-%d] metastore.ObjectStore: RawStore: org.apache.hadoop.hive.metastore.ObjectStore@2a89a98d, with PersistenceManager: org.datanucleus.api.jdo.JDOPersistenceManager@558ed5b5 created in the thread with id: 38
2024-04-24T12:04:34,636  INFO [TThreadPoolServer WorkerProcess-%d] metastore.HMSHandler: Created RawStore: org.apache.hadoop.hive.metastore.ObjectStore@2a89a98d from thread id: 38
2024-04-24T12:04:34,838  INFO [TThreadPoolServer WorkerProcess-%d] HiveMetaStore.audit: ugi=alex	ip=127.0.0.1	cmd=source:127.0.0.1 get_database: exim	
2024-04-24T12:04:34,877  INFO [TThreadPoolServer WorkerProcess-%d] HiveMetaStore.audit: ugi=alex	ip=127.0.0.1	cmd=source:127.0.0.1 create_database: Database(name:exim, description:null, locationUri:null, parameters:null, catalogName:hive)	
2024-04-24T12:04:34,888  INFO [TThreadPoolServer WorkerProcess-%d] metastore.HMSHandler: Creating database path in external directory pfile:/home/alex/Repositories/hive/hcatalog/webhcat/java-client/target/warehouse/34489/exim.db
2024-04-24T12:04:34,901  INFO [TThreadPoolServer WorkerProcess-%d] utils.FileUtils: Creating directory if it doesn't exist: pfile:/home/alex/Repositories/hive/hcatalog/webhcat/java-client/target/warehouse/34489/exim.db
2024-04-24T12:04:34,904  INFO [TThreadPoolServer WorkerProcess-%d] metastore.HMSHandler: Created database path in external directory pfile:/home/alex/Repositories/hive/hcatalog/webhcat/java-client/target/warehouse/34489/exim.db
2024-04-24T12:04:35,060  INFO [TThreadPoolServer WorkerProcess-%d] conf.MetastoreConf: Found configuration file: file:/home/alex/Repositories/hive/hcatalog/webhcat/java-client/target/testconf/hivemetastore-site.xml
2024-04-24T12:04:35,062  INFO [TThreadPoolServer WorkerProcess-%d] conf.MetastoreConf: Unable to find config file: metastore-site.xml
2024-04-24T12:04:35,274  WARN [main] api.HCatTable: Conf hasn't been set yet. Using defaults.
2024-04-24T12:04:35,336  WARN [main] conf.HiveConf: HiveConf of name hive.metastore.client.cache.recordStats does not exist
2024-04-24T12:04:35,336  WARN [main] conf.HiveConf: HiveConf of name hive.metastore.client.cache.maxSize does not exist
2024-04-24T12:04:35,336  WARN [main] conf.HiveConf: HiveConf of name hive.llap.io.cache.orc.arena.size does not exist
2024-04-24T12:04:35,336  WARN [main] conf.HiveConf: HiveConf of name hive.metastore.metadb.dir does not exist
2024-04-24T12:04:35,336  WARN [main] conf.HiveConf: HiveConf of name hive.llap.io.cache.orc.alloc.max does not exist
2024-04-24T12:04:35,336  WARN [main] conf.HiveConf: HiveConf of name hive.llap.io.cache.orc.alloc.min does not exist
2024-04-24T12:04:35,337  WARN [main] conf.HiveConf: HiveConf of name hive.stats.key.prefix.reserve.length does not exist
2024-04-24T12:04:35,337  WARN [main] conf.HiveConf: HiveConf of name hive.dummyparam.test.server.specific.config.hivesite does not exist
2024-04-24T12:04:35,337  WARN [main] conf.HiveConf: HiveConf of name hive.dummyparam.test.server.specific.config.override does not exist
2024-04-24T12:04:35,337  WARN [main] conf.HiveConf: HiveConf of name hive.llap.io.cache.orc.size does not exist
2024-04-24T12:04:35,337  WARN [main] conf.HiveConf: HiveConf of name hive.dummyparam.test.server.specific.config.metastoresite does not exist
2024-04-24T12:04:35,381  INFO [TThreadPoolServer WorkerProcess-%d] HiveMetaStore.audit: ugi=alex	ip=127.0.0.1	cmd=source:127.0.0.1 create_table_req: Table(tableName:basicSrc, dbName:exim, owner:alex, createTime:1713985475, lastAccessTime:0, retention:0, sd:StorageDescriptor(cols:[FieldSchema(name:b, type:string, comment:null)], location:null, inputFormat:org.apache.hadoop.mapred.TextInputFormat, outputFormat:org.apache.hadoop.hive.ql.io.HiveIgnoreKeyTextOutputFormat, compressed:false, numBuckets:0, serdeInfo:SerDeInfo(name:null, serializationLib:org.apache.hadoop.hive.serde2.lazy.LazySimpleSerDe, parameters:{serialization.format=1}), bucketCols:null, sortCols:null, parameters:null), partitionKeys:[], parameters:{bucketing_version=2}, viewOriginalText:null, viewExpandedText:null, tableType:MANAGED_TABLE, catName:hive, ownerType:USER)	
2024-04-24T12:04:35,434  INFO [TThreadPoolServer WorkerProcess-%d] utils.FileUtils: Creating directory if it doesn't exist: pfile:/home/alex/Repositories/hive/hcatalog/webhcat/java-client/target/warehouse/34489/exim.db/basicsrc
2024-04-24T12:04:35,654  INFO [TThreadPoolServer WorkerProcess-%d] HiveMetaStore.audit: ugi=alex	ip=127.0.0.1	cmd=source:127.0.0.1 get_table : tbl=hive.exim.basicSrc	
2024-04-24T12:04:35,750  INFO [TThreadPoolServer WorkerProcess-%d] metastore.HMSHandler: Skipping translation for processor with null
2024-04-24T12:04:35,904  INFO [main] ql.Driver: Compiling command(queryId=alex_20240424120433_13352372-5990-4eba-b2da-8c6e55935932): LOAD DATA LOCAL INPATH '/home/alex/Repositories/hive/hcatalog/webhcat/java-client/target/warehouse/org.apache.hive.hcatalog.api.repl.commands.TestCommands-1713985473961/testMetadataReplEximTmp' OVERWRITE INTO TABLE exim.basicSrc
2024-04-24T12:04:40,602  WARN [main] exec.FunctionRegistry: UDF Class org.apache.datasketches.hive.tuple.ArrayOfDoublesSketchToValuesUDTF does not have description. Please annotate the class with the org.apache.hadoop.hive.ql.exec.Description annotation and provide the description of the function.
2024-04-24T12:04:40,622  WARN [main] exec.FunctionRegistry: UDF Class org.apache.datasketches.hive.hll.UnionSketchUDF does not have description. Please annotate the class with the org.apache.hadoop.hive.ql.exec.Description annotation and provide the description of the function.
2024-04-24T12:04:40,668  WARN [main] exec.FunctionRegistry: UDF Class org.apache.datasketches.hive.cpc.UnionSketchUDF does not have description. Please annotate the class with the org.apache.hadoop.hive.ql.exec.Description annotation and provide the description of the function.
2024-04-24T12:04:40,671  WARN [main] exec.FunctionRegistry: UDF Class org.apache.datasketches.hive.theta.IntersectSketchUDF does not have description. Please annotate the class with the org.apache.hadoop.hive.ql.exec.Description annotation and provide the description of the function.
2024-04-24T12:04:40,674  WARN [main] exec.FunctionRegistry: UDF Class org.apache.datasketches.hive.theta.UnionSketchUDF does not have description. Please annotate the class with the org.apache.hadoop.hive.ql.exec.Description annotation and provide the description of the function.
2024-04-24T12:04:40,681  WARN [main] exec.FunctionRegistry: UDF Class org.apache.datasketches.hive.theta.EstimateSketchUDF does not have description. Please annotate the class with the org.apache.hadoop.hive.ql.exec.Description annotation and provide the description of the function.
2024-04-24T12:04:40,681  WARN [main] exec.FunctionRegistry: UDF Class org.apache.datasketches.hive.theta.ExcludeSketchUDF does not have description. Please annotate the class with the org.apache.hadoop.hive.ql.exec.Description annotation and provide the description of the function.
2024-04-24T12:04:40,924  INFO [main] metastore.HiveMetaStoreClient: HMS client filtering is enabled.
2024-04-24T12:04:40,924  INFO [main] metastore.HiveMetaStoreClient: Resolved metastore uris: [thrift://localhost:34489]
2024-04-24T12:04:40,924  INFO [main] metastore.HiveMetaStoreClient: Trying to connect to metastore with URI (thrift://localhost:34489)
2024-04-24T12:04:40,924  INFO [main] metastore.HiveMetaStoreClient: Opened a connection to metastore, URI (thrift://localhost:34489) current connections: 2
2024-04-24T12:04:40,925  INFO [main] metastore.RetryingMetaStoreClient: RetryingMetaStoreClient proxy=class org.apache.hadoop.hive.ql.metadata.SessionHiveMetaStoreClient ugi=alex (auth:SIMPLE) retries=1 delay=1 lifetime=0
2024-04-24T12:04:40,997  INFO [TThreadPoolServer WorkerProcess-%d] HiveMetaStore.audit: ugi=alex	ip=127.0.0.1	cmd=source:127.0.0.1 get_all_functions	
2024-04-24T12:04:40,999  INFO [TThreadPoolServer WorkerProcess-%d] metastore.HMSHandler: 3: Opening raw store with implementation class:org.apache.hadoop.hive.metastore.ObjectStore
2024-04-24T12:04:41,000  INFO [TThreadPoolServer WorkerProcess-%d] metastore.ObjectStore: RawStore: org.apache.hadoop.hive.metastore.ObjectStore@65a3a912, with PersistenceManager: null will be shutdown
2024-04-24T12:04:41,000  INFO [TThreadPoolServer WorkerProcess-%d] metastore.ObjectStore: RawStore: org.apache.hadoop.hive.metastore.ObjectStore@65a3a912, with PersistenceManager: org.datanucleus.api.jdo.JDOPersistenceManager@9eaa3d5 created in the thread with id: 42
2024-04-24T12:04:41,004  INFO [TThreadPoolServer WorkerProcess-%d] metastore.HMSHandler: Created RawStore: org.apache.hadoop.hive.metastore.ObjectStore@65a3a912 from thread id: 42
2024-04-24T12:04:41,717  INFO [main] reflections.Reflections: Reflections took 563 ms to scan 2 urls, producing 53 keys and 784 values 
2024-04-24T12:04:42,312  INFO [main] reflections.Reflections: Reflections took 348 ms to scan 2 urls, producing 53 keys and 784 values 
2024-04-24T12:04:42,688  INFO [main] reflections.Reflections: Reflections took 360 ms to scan 2 urls, producing 53 keys and 784 values 
2024-04-24T12:04:42,922  INFO [main] parse.LoadSemanticAnalyzer: Starting caching scope for: alex_20240424120433_13352372-5990-4eba-b2da-8c6e55935932
2024-04-24T12:04:42,951  INFO [TThreadPoolServer WorkerProcess-%d] HiveMetaStore.audit: ugi=alex	ip=127.0.0.1	cmd=source:127.0.0.1 get_table : tbl=hive.exim.basicSrc	
2024-04-24T12:04:42,968  INFO [TThreadPoolServer WorkerProcess-%d] metastore.HMSHandler: Skipping translation for processor with null
2024-04-24T12:04:43,282  INFO [main] parse.LoadSemanticAnalyzer: Ending caching scope for: alex_20240424120433_13352372-5990-4eba-b2da-8c6e55935932
2024-04-24T12:04:43,282  INFO [main] ql.Driver: Semantic Analysis Completed (retrial = false)
2024-04-24T12:04:43,293  INFO [main] ql.Driver: Created Hive schema: Schema(fieldSchemas:null, properties:null)
2024-04-24T12:04:43,304  INFO [main] metadata.Hive: Dumping metastore api call timing information for : compilation phase
2024-04-24T12:04:43,304  INFO [main] metadata.Hive: Total time spent in each metastore function (ms): {getTable_(GetTableRequest)=33, getAllFunctions_()=70, flushCache_()=29, isCompatibleWith_(Configuration)=1}
2024-04-24T12:04:43,305  INFO [main] ql.Driver: Completed compiling command(queryId=alex_20240424120433_13352372-5990-4eba-b2da-8c6e55935932); Time taken: 7.405 seconds
2024-04-24T12:04:43,307  INFO [main] reexec.ReExecDriver: Execution #1 of query
2024-04-24T12:04:43,308  INFO [main] ql.Driver: Concurrency mode is disabled, not creating a lock manager
2024-04-24T12:04:43,315  INFO [main] ql.Driver: Executing command(queryId=alex_20240424120433_13352372-5990-4eba-b2da-8c6e55935932): LOAD DATA LOCAL INPATH '/home/alex/Repositories/hive/hcatalog/webhcat/java-client/target/warehouse/org.apache.hive.hcatalog.api.repl.commands.TestCommands-1713985473961/testMetadataReplEximTmp' OVERWRITE INTO TABLE exim.basicSrc
2024-04-24T12:04:43,328  INFO [main] ql.Driver: Starting task [Stage-0:MOVE] in serial mode
Loading data to table exim.basicsrc
2024-04-24T12:04:43,332  INFO [main] exec.Task: Loading data to table exim.basicsrc from file:/home/alex/Repositories/hive/hcatalog/webhcat/java-client/target/warehouse/org.apache.hive.hcatalog.api.repl.commands.TestCommands-1713985473961/testMetadataReplEximTmp
2024-04-24T12:04:43,333  INFO [TThreadPoolServer WorkerProcess-%d] HiveMetaStore.audit: ugi=alex	ip=127.0.0.1	cmd=source:127.0.0.1 get_table : tbl=hive.exim.basicsrc	
2024-04-24T12:04:43,345  INFO [TThreadPoolServer WorkerProcess-%d] metastore.HMSHandler: Skipping translation for processor with null
2024-04-24T12:04:43,350  INFO [TThreadPoolServer WorkerProcess-%d] HiveMetaStore.audit: ugi=alex	ip=127.0.0.1	cmd=source:127.0.0.1 get_table : tbl=hive.exim.basicsrc	
2024-04-24T12:04:43,362  INFO [TThreadPoolServer WorkerProcess-%d] metastore.HMSHandler: Skipping translation for processor with null
2024-04-24T12:04:43,363  INFO [TThreadPoolServer WorkerProcess-%d] HiveMetaStore.audit: ugi=alex	ip=127.0.0.1	cmd=source:127.0.0.1 get_database: exim	
2024-04-24T12:04:43,367  INFO [main] common.FileUtils: Creating directory if it doesn't exist: pfile:/home/alex/Repositories/hive/hcatalog/webhcat/java-client/target/warehouse/34489/exim.db/basicsrc
2024-04-24T12:04:43,394  WARN [main] metadata.Hive: Cannot get a table snapshot for basicsrc
2024-04-24T12:04:43,430  INFO [TThreadPoolServer WorkerProcess-%d] HiveMetaStore.audit: ugi=alex	ip=127.0.0.1	cmd=source:127.0.0.1 alter_table: hive.exim.basicsrc newtbl=basicsrc	
2024-04-24T12:04:43,532  INFO [main] ql.Driver: Starting task [Stage-1:STATS] in serial mode
2024-04-24T12:04:43,533  INFO [TThreadPoolServer WorkerProcess-%d] HiveMetaStore.audit: ugi=alex	ip=127.0.0.1	cmd=source:127.0.0.1 get_table : tbl=hive.exim.basicsrc	
2024-04-24T12:04:43,545  INFO [TThreadPoolServer WorkerProcess-%d] metastore.HMSHandler: Skipping translation for processor with null
2024-04-24T12:04:43,545  INFO [main] stats.BasicStatsTask: Executing stats task
2024-04-24T12:04:43,546  INFO [TThreadPoolServer WorkerProcess-%d] HiveMetaStore.audit: ugi=alex	ip=127.0.0.1	cmd=source:127.0.0.1 get_table : tbl=hive.exim.basicsrc	
2024-04-24T12:04:43,556  INFO [TThreadPoolServer WorkerProcess-%d] metastore.HMSHandler: Skipping translation for processor with null
2024-04-24T12:04:43,671  WARN [main] metadata.Hive: Cannot get a table snapshot for basicsrc
2024-04-24T12:04:43,672  INFO [TThreadPoolServer WorkerProcess-%d] HiveMetaStore.audit: ugi=alex	ip=127.0.0.1	cmd=source:127.0.0.1 alter_table: hive.exim.basicsrc newtbl=basicsrc	
2024-04-24T12:04:43,706  INFO [main] stats.BasicStatsTask: Table exim.basicsrc stats: [numFiles=1, totalSize=14, numFilesErasureCoded=0]
2024-04-24T12:04:43,707  INFO [main] metadata.Hive: Dumping metastore api call timing information for : execution phase
2024-04-24T12:04:43,707  INFO [main] metadata.Hive: Total time spent in each metastore function (ms): {getTable_(GetTableRequest)=49, isCompatibleWith_(Configuration)=0, getDatabase_(String)=2, alter_table_(String, String, String, Table, EnvironmentContext, String)=161}
2024-04-24T12:04:43,707  INFO [main] ql.Driver: Completed executing command(queryId=alex_20240424120433_13352372-5990-4eba-b2da-8c6e55935932); Time taken: 0.392 seconds
2024-04-24T12:04:43,708  INFO [main] ql.Driver: Compiling command(queryId=alex_20240424120433_13352372-5990-4eba-b2da-8c6e55935932): SELECT * from exim.basicSrc
2024-04-24T12:04:43,844  INFO [main] parse.CalcitePlanner: Starting caching scope for: alex_20240424120433_13352372-5990-4eba-b2da-8c6e55935932
2024-04-24T12:04:43,849  INFO [main] parse.CalcitePlanner: Starting Semantic Analysis
2024-04-24T12:04:43,877  INFO [main] sqlstd.SQLStdHiveAccessController: Created SQLStdHiveAccessController for session context : HiveAuthzSessionContext [sessionString=ee9676e0-3853-4d25-b6f8-3167fe8a2056, clientType=HIVECLI]
2024-04-24T12:04:43,884  INFO [main] metastore.HiveMetaStoreClient: Mestastore configuration metastore.filter.hook changed from org.apache.hadoop.hive.metastore.DefaultMetaStoreFilterHookImpl to org.apache.hadoop.hive.ql.security.authorization.plugin.AuthorizationMetaStoreFilterHook
2024-04-24T12:04:43,896  INFO [main] metastore.HiveMetaStoreClient: Closed a connection to metastore, current connections: 1
2024-04-24T12:04:43,896  INFO [TThreadPoolServer WorkerProcess-%d] HiveMetaStore.audit: ugi=alex	ip=127.0.0.1	cmd=Cleaning up thread local RawStore...	
2024-04-24T12:04:43,896  INFO [TThreadPoolServer WorkerProcess-%d] metastore.ObjectStore: RawStore: org.apache.hadoop.hive.metastore.ObjectStore@65a3a912, with PersistenceManager: org.datanucleus.api.jdo.JDOPersistenceManager@9eaa3d5 will be shutdown
2024-04-24T12:04:43,897  INFO [TThreadPoolServer WorkerProcess-%d] HiveMetaStore.audit: ugi=alex	ip=127.0.0.1	cmd=Done cleaning up thread local RawStore	
2024-04-24T12:04:43,897  INFO [TThreadPoolServer WorkerProcess-%d] HiveMetaStore.audit: ugi=alex	ip=127.0.0.1	cmd=Done cleaning up thread local RawStore	
2024-04-24T12:04:43,898  INFO [main] metastore.HiveMetaStoreClient: HMS client filtering is enabled.
2024-04-24T12:04:43,898  INFO [main] metastore.HiveMetaStoreClient: Resolved metastore uris: [thrift://localhost:34489]
2024-04-24T12:04:43,898  INFO [main] metastore.HiveMetaStoreClient: Trying to connect to metastore with URI (thrift://localhost:34489)
2024-04-24T12:04:43,899  INFO [main] metastore.HiveMetaStoreClient: Opened a connection to metastore, URI (thrift://localhost:34489) current connections: 2
2024-04-24T12:04:43,899  INFO [main] metastore.RetryingMetaStoreClient: RetryingMetaStoreClient proxy=class org.apache.hadoop.hive.ql.metadata.SessionHiveMetaStoreClient ugi=alex (auth:SIMPLE) retries=1 delay=1 lifetime=0
2024-04-24T12:04:43,914  INFO [main] parse.CalcitePlanner: Completed phase 1 of Semantic Analysis
2024-04-24T12:04:43,914  INFO [main] parse.CalcitePlanner: Get metadata for source tables
2024-04-24T12:04:43,916  INFO [main] metastore.HiveMetaStoreClient: HMS client filtering is enabled.
2024-04-24T12:04:43,916  INFO [main] metastore.HiveMetaStoreClient: Resolved metastore uris: [thrift://localhost:34489]
2024-04-24T12:04:43,916  INFO [main] metastore.HiveMetaStoreClient: Trying to connect to metastore with URI (thrift://localhost:34489)
2024-04-24T12:04:43,916  INFO [main] metastore.HiveMetaStoreClient: Opened a connection to metastore, URI (thrift://localhost:34489) current connections: 3
2024-04-24T12:04:43,917  INFO [main] metastore.RetryingMetaStoreClient: RetryingMetaStoreClient proxy=class org.apache.hadoop.hive.ql.metadata.SessionHiveMetaStoreClient ugi=alex (auth:SIMPLE) retries=1 delay=1 lifetime=0
2024-04-24T12:04:43,918  INFO [TThreadPoolServer WorkerProcess-%d] HiveMetaStore.audit: ugi=alex	ip=127.0.0.1	cmd=source:127.0.0.1 get_table : tbl=hive.exim.basicsrc	
2024-04-24T12:04:43,919  INFO [TThreadPoolServer WorkerProcess-%d] metastore.HMSHandler: 5: Opening raw store with implementation class:org.apache.hadoop.hive.metastore.ObjectStore
2024-04-24T12:04:43,920  INFO [TThreadPoolServer WorkerProcess-%d] metastore.ObjectStore: RawStore: org.apache.hadoop.hive.metastore.ObjectStore@3f86ebeb, with PersistenceManager: null will be shutdown
2024-04-24T12:04:43,921  INFO [TThreadPoolServer WorkerProcess-%d] metastore.ObjectStore: RawStore: org.apache.hadoop.hive.metastore.ObjectStore@3f86ebeb, with PersistenceManager: org.datanucleus.api.jdo.JDOPersistenceManager@2fe7e4cd created in the thread with id: 51
2024-04-24T12:04:43,926  INFO [TThreadPoolServer WorkerProcess-%d] metastore.HMSHandler: Created RawStore: org.apache.hadoop.hive.metastore.ObjectStore@3f86ebeb from thread id: 51
2024-04-24T12:04:43,943  INFO [TThreadPoolServer WorkerProcess-%d] metastore.HMSHandler: Skipping translation for processor with null
2024-04-24T12:04:43,944  INFO [main] parse.CalcitePlanner: Get metadata for subqueries
2024-04-24T12:04:43,962  INFO [main] parse.CalcitePlanner: Get metadata for destination tables
2024-04-24T12:04:43,981  INFO [main] parse.CalcitePlanner: Completed getting MetaData in Semantic Analysis
2024-04-24T12:04:47,739  INFO [TThreadPoolServer WorkerProcess-%d] HiveMetaStore.audit: ugi=alex	ip=127.0.0.1	cmd=source:127.0.0.1 get_all_table_constraints : tbl=hive.exim.basicsrc	
2024-04-24T12:04:47,740  INFO [TThreadPoolServer WorkerProcess-%d] metastore.HMSHandler: 4: Opening raw store with implementation class:org.apache.hadoop.hive.metastore.ObjectStore
2024-04-24T12:04:47,741  INFO [TThreadPoolServer WorkerProcess-%d] metastore.ObjectStore: RawStore: org.apache.hadoop.hive.metastore.ObjectStore@41fe724a, with PersistenceManager: null will be shutdown
2024-04-24T12:04:47,741  INFO [TThreadPoolServer WorkerProcess-%d] metastore.ObjectStore: RawStore: org.apache.hadoop.hive.metastore.ObjectStore@41fe724a, with PersistenceManager: org.datanucleus.api.jdo.JDOPersistenceManager@6bee5f2b created in the thread with id: 50
2024-04-24T12:04:47,744  INFO [TThreadPoolServer WorkerProcess-%d] metastore.HMSHandler: Created RawStore: org.apache.hadoop.hive.metastore.ObjectStore@41fe724a from thread id: 50
2024-04-24T12:04:49,244  INFO [main] calcite.RelOptHiveTable: Calculating column statistics for exim.basicsrc, projIndxSet: [0], allowMissingStats: true
2024-04-24T12:04:49,297  INFO [TThreadPoolServer WorkerProcess-%d] HiveMetaStore.audit: ugi=alex	ip=127.0.0.1	cmd=source:127.0.0.1 get_table_statistics_req: table=hive.exim.basicsrc	
2024-04-24T12:04:49,349  WARN [main] calcite.RelOptHiveTable: No Stats for exim@basicsrc, Columns: b
No Stats for exim@basicsrc, Columns: b
2024-04-24T12:04:49,349  INFO [main] SessionState: No Stats for exim@basicsrc, Columns: b
2024-04-24T12:04:49,630  INFO [main] parse.CalcitePlanner: Get metadata for source tables
2024-04-24T12:04:49,630  INFO [main] parse.CalcitePlanner: Get metadata for subqueries
2024-04-24T12:04:49,630  INFO [main] parse.CalcitePlanner: Get metadata for destination tables
2024-04-24T12:04:49,792  INFO [main] common.FileUtils: Creating directory if it doesn't exist: file:/home/alex/Repositories/hive/hcatalog/webhcat/java-client/target/tmp/localscratchdir/ee9676e0-3853-4d25-b6f8-3167fe8a2056/hive_2024-04-24_12-04-43_708_7456692983235424615-1/-mr-10001/.hive-staging_hive_2024-04-24_12-04-43_708_7456692983235424615-1
2024-04-24T12:04:49,820  INFO [main] parse.CalcitePlanner: CBO Succeeded; optimized logical plan.
2024-04-24T12:04:50,022  INFO [main] optimizer.BucketVersionPopulator: not considering bucketingVersion for: TS[0] because it has 0<2 buckets 
2024-04-24T12:04:50,066  INFO [main] parse.CalcitePlanner: Completed plan generation
2024-04-24T12:04:50,066  INFO [main] parse.CalcitePlanner: Ending caching scope for: alex_20240424120433_13352372-5990-4eba-b2da-8c6e55935932
2024-04-24T12:04:50,067  INFO [main] ql.Driver: Semantic Analysis Completed (retrial = false)
2024-04-24T12:04:50,067  INFO [main] ql.Driver: Created Hive schema: Schema(fieldSchemas:[FieldSchema(name:basicsrc.b, type:string, comment:null)], properties:null)
2024-04-24T12:04:50,117  INFO [main] exec.TableScanOperator: Initializing Operator: TS[0]
2024-04-24T12:04:50,117  INFO [main] exec.SelectOperator: Initializing Operator: SEL[1]
2024-04-24T12:04:50,134  INFO [main] exec.SelectOperator: SELECT struct<b:string>
2024-04-24T12:04:50,134  INFO [main] exec.ListSinkOperator: Initializing Operator: LIST_SINK[3]
2024-04-24T12:04:50,149  INFO [main] metadata.Hive: Dumping metastore api call timing information for : compilation phase
2024-04-24T12:04:50,149  INFO [main] metadata.Hive: Total time spent in each metastore function (ms): {getAllTableConstraints_(AllTableConstraintsRequest)=128, getTableColumnStatistics_(String, String, List, String)=69}
2024-04-24T12:04:50,149  INFO [main] ql.Driver: Completed compiling command(queryId=alex_20240424120433_13352372-5990-4eba-b2da-8c6e55935932); Time taken: 6.441 seconds
2024-04-24T12:04:50,150  INFO [main] reexec.ReExecDriver: Execution #1 of query
2024-04-24T12:04:50,150  INFO [main] ql.Driver: Concurrency mode is disabled, not creating a lock manager
2024-04-24T12:04:50,150  INFO [main] ql.Driver: Executing command(queryId=alex_20240424120433_13352372-5990-4eba-b2da-8c6e55935932): SELECT * from exim.basicSrc
2024-04-24T12:04:50,150  INFO [main] metadata.Hive: Dumping metastore api call timing information for : execution phase
2024-04-24T12:04:50,150  INFO [main] metadata.Hive: Total time spent in each metastore function (ms): {}
2024-04-24T12:04:50,151  INFO [main] ql.Driver: Completed executing command(queryId=alex_20240424120433_13352372-5990-4eba-b2da-8c6e55935932); Time taken: 0.0 seconds
2024-04-24T12:04:50,226  INFO [main] mapred.FileInputFormat: Total input files to process : 1
2024-04-24T12:04:50,272  INFO [main] exec.TableScanOperator: Closing Operator: TS[0]
2024-04-24T12:04:50,273  INFO [main] exec.TableScanOperator: RECORDS_OUT_OPERATOR_TS_0:2, RECORDS_OUT_INTERMEDIATE:0, 
2024-04-24T12:04:50,273  INFO [main] exec.SelectOperator: Closing Operator: SEL[1]
2024-04-24T12:04:50,274  INFO [main] exec.SelectOperator: RECORDS_OUT_OPERATOR_SEL_1:2, RECORDS_OUT_INTERMEDIATE:0, 
2024-04-24T12:04:50,274  INFO [main] exec.ListSinkOperator: Closing Operator: LIST_SINK[3]
2024-04-24T12:04:50,274  INFO [main] exec.ListSinkOperator: RECORDS_OUT_OPERATOR_LIST_SINK_3:2, RECORDS_OUT_INTERMEDIATE:0, 
2024-04-24T12:04:50,279  INFO [main] repl.CommandTestUtils: About to run :EXPORT TABLE exim.basicSrc TO 'pfile:///home/alex/Repositories/hive/hcatalog/webhcat/java-client/target/warehouse/org.apache.hive.hcatalog.api.repl.commands.TestCommands-1713985473961/testMetadataReplExim' FOR METADATA REPLICATION('222')
2024-04-24T12:04:50,280  INFO [main] ql.Context: Deleting scratch dir: file:/home/alex/Repositories/hive/hcatalog/webhcat/java-client/target/tmp/localscratchdir/ee9676e0-3853-4d25-b6f8-3167fe8a2056/hive_2024-04-24_12-04-43_708_7456692983235424615-1
2024-04-24T12:04:50,281  INFO [main] cleanup.SyncCleanupService: Deleted directory: file:/home/alex/Repositories/hive/hcatalog/webhcat/java-client/target/tmp/localscratchdir/ee9676e0-3853-4d25-b6f8-3167fe8a2056/hive_2024-04-24_12-04-43_708_7456692983235424615-1 on fs with scheme file
2024-04-24T12:04:50,282  INFO [main] ql.Driver: Compiling command(queryId=alex_20240424120433_13352372-5990-4eba-b2da-8c6e55935932): EXPORT TABLE exim.basicSrc TO 'pfile:///home/alex/Repositories/hive/hcatalog/webhcat/java-client/target/warehouse/org.apache.hive.hcatalog.api.repl.commands.TestCommands-1713985473961/testMetadataReplExim' FOR METADATA REPLICATION('222')
2024-04-24T12:04:50,285  INFO [TThreadPoolServer WorkerProcess-%d] HiveMetaStore.audit: ugi=alex	ip=127.0.0.1	cmd=source:127.0.0.1 get_table : tbl=hive.exim.basicSrc	
2024-04-24T12:04:50,296  INFO [TThreadPoolServer WorkerProcess-%d] metastore.HMSHandler: Skipping translation for processor with null
2024-04-24T12:04:50,297  INFO [main] metastore.HiveMetaStoreClient: Mestastore configuration metastore.filter.hook changed from org.apache.hadoop.hive.ql.security.authorization.plugin.AuthorizationMetaStoreFilterHook to org.apache.hadoop.hive.metastore.DefaultMetaStoreFilterHookImpl
2024-04-24T12:04:50,297  INFO [main] metastore.HiveMetaStoreClient: Closed a connection to metastore, current connections: 2
2024-04-24T12:04:50,298  INFO [TThreadPoolServer WorkerProcess-%d] HiveMetaStore.audit: ugi=alex	ip=127.0.0.1	cmd=Cleaning up thread local RawStore...	
2024-04-24T12:04:50,298  INFO [TThreadPoolServer WorkerProcess-%d] metastore.ObjectStore: RawStore: org.apache.hadoop.hive.metastore.ObjectStore@41fe724a, with PersistenceManager: org.datanucleus.api.jdo.JDOPersistenceManager@6bee5f2b will be shutdown
2024-04-24T12:04:50,298  INFO [TThreadPoolServer WorkerProcess-%d] HiveMetaStore.audit: ugi=alex	ip=127.0.0.1	cmd=Done cleaning up thread local RawStore	
2024-04-24T12:04:50,299  INFO [TThreadPoolServer WorkerProcess-%d] HiveMetaStore.audit: ugi=alex	ip=127.0.0.1	cmd=Done cleaning up thread local RawStore	
2024-04-24T12:04:50,302  INFO [main] metastore.HiveMetaStoreClient: HMS client filtering is enabled.
2024-04-24T12:04:50,303  INFO [main] metastore.HiveMetaStoreClient: Resolved metastore uris: [thrift://localhost:34489]
2024-04-24T12:04:50,303  INFO [main] metastore.HiveMetaStoreClient: Trying to connect to metastore with URI (thrift://localhost:34489)
2024-04-24T12:04:50,303  INFO [main] metastore.HiveMetaStoreClient: Opened a connection to metastore, URI (thrift://localhost:34489) current connections: 3
2024-04-24T12:04:50,304  INFO [main] metastore.RetryingMetaStoreClient: RetryingMetaStoreClient proxy=class org.apache.hadoop.hive.ql.metadata.SessionHiveMetaStoreClient ugi=alex (auth:SIMPLE) retries=1 delay=1 lifetime=0
2024-04-24T12:04:50,305  INFO [TThreadPoolServer WorkerProcess-%d] HiveMetaStore.audit: ugi=alex	ip=127.0.0.1	cmd=source:127.0.0.1 get_table : tbl=hive.exim.basicSrc	
2024-04-24T12:04:50,306  INFO [TThreadPoolServer WorkerProcess-%d] metastore.HMSHandler: 6: Opening raw store with implementation class:org.apache.hadoop.hive.metastore.ObjectStore
2024-04-24T12:04:50,306  INFO [TThreadPoolServer WorkerProcess-%d] metastore.ObjectStore: RawStore: org.apache.hadoop.hive.metastore.ObjectStore@682ad717, with PersistenceManager: null will be shutdown
2024-04-24T12:04:50,307  INFO [TThreadPoolServer WorkerProcess-%d] metastore.ObjectStore: RawStore: org.apache.hadoop.hive.metastore.ObjectStore@682ad717, with PersistenceManager: org.datanucleus.api.jdo.JDOPersistenceManager@4e6130a3 created in the thread with id: 57
2024-04-24T12:04:50,326  INFO [TThreadPoolServer WorkerProcess-%d] metastore.HMSHandler: Created RawStore: org.apache.hadoop.hive.metastore.ObjectStore@682ad717 from thread id: 57
2024-04-24T12:04:50,336  INFO [TThreadPoolServer WorkerProcess-%d] metastore.HMSHandler: Skipping translation for processor with null
2024-04-24T12:04:50,357  INFO [main] parse.EximUtil: Path before norm :/home/alex/Repositories/hive/hcatalog/webhcat/java-client/target/warehouse/org.apache.hive.hcatalog.api.repl.commands.TestCommands-1713985473961/testMetadataReplExim
2024-04-24T12:04:50,358  INFO [main] parse.EximUtil: Scheme:pfile, authority:null, path:/home/alex/Repositories/hive/hcatalog/webhcat/java-client/target/warehouse/org.apache.hive.hcatalog.api.repl.commands.TestCommands-1713985473961/testMetadataReplExim
2024-04-24T12:04:50,358  INFO [main] parse.EximUtil: Path before norm :/home/alex/Repositories/hive/hcatalog/webhcat/java-client/target/warehouse/org.apache.hive.hcatalog.api.repl.commands.TestCommands-1713985473961/testMetadataReplExim
2024-04-24T12:04:50,358  INFO [main] parse.EximUtil: Scheme:pfile, authority:null, path:/home/alex/Repositories/hive/hcatalog/webhcat/java-client/target/warehouse/org.apache.hive.hcatalog.api.repl.commands.TestCommands-1713985473961/testMetadataReplExim
2024-04-24T12:04:50,366  INFO [main] ql.Driver: Semantic Analysis Completed (retrial = false)
2024-04-24T12:04:50,366  INFO [main] ql.Driver: Created Hive schema: Schema(fieldSchemas:null, properties:null)
2024-04-24T12:04:50,366  INFO [main] metadata.Hive: Dumping metastore api call timing information for : compilation phase
2024-04-24T12:04:50,366  INFO [main] metadata.Hive: Total time spent in each metastore function (ms): {getTable_(GetTableRequest)=33}
2024-04-24T12:04:50,367  INFO [main] ql.Driver: Completed compiling command(queryId=alex_20240424120433_13352372-5990-4eba-b2da-8c6e55935932); Time taken: 0.085 seconds
2024-04-24T12:04:50,367  INFO [main] reexec.ReExecDriver: Execution #1 of query
2024-04-24T12:04:50,367  INFO [main] ql.Driver: Concurrency mode is disabled, not creating a lock manager
2024-04-24T12:04:50,367  INFO [main] ql.Driver: Executing command(queryId=alex_20240424120433_13352372-5990-4eba-b2da-8c6e55935932): EXPORT TABLE exim.basicSrc TO 'pfile:///home/alex/Repositories/hive/hcatalog/webhcat/java-client/target/warehouse/org.apache.hive.hcatalog.api.repl.commands.TestCommands-1713985473961/testMetadataReplExim' FOR METADATA REPLICATION('222')
2024-04-24T12:04:50,367  INFO [main] ql.Driver: Starting task [Stage-0:REPL_DUMP] in serial mode
2024-04-24T12:04:50,367  INFO [main] parse.EximUtil: Path before norm :/home/alex/Repositories/hive/hcatalog/webhcat/java-client/target/warehouse/org.apache.hive.hcatalog.api.repl.commands.TestCommands-1713985473961/testMetadataReplExim
2024-04-24T12:04:50,368  INFO [main] parse.EximUtil: Scheme:pfile, authority:null, path:/home/alex/Repositories/hive/hcatalog/webhcat/java-client/target/warehouse/org.apache.hive.hcatalog.api.repl.commands.TestCommands-1713985473961/testMetadataReplExim
2024-04-24T12:04:50,368  INFO [main] parse.EximUtil: Path before norm :/home/alex/Repositories/hive/hcatalog/webhcat/java-client/target/warehouse/org.apache.hive.hcatalog.api.repl.commands.TestCommands-1713985473961/testMetadataReplExim
2024-04-24T12:04:50,368  INFO [main] parse.EximUtil: Scheme:pfile, authority:null, path:/home/alex/Repositories/hive/hcatalog/webhcat/java-client/target/warehouse/org.apache.hive.hcatalog.api.repl.commands.TestCommands-1713985473961/testMetadataReplExim
2024-04-24T12:04:50,390  INFO [main] metadata.Hive: Dumping metastore api call timing information for : execution phase
2024-04-24T12:04:50,390  INFO [main] metadata.Hive: Total time spent in each metastore function (ms): {isCompatibleWith_(Configuration)=0}
2024-04-24T12:04:50,391  INFO [main] ql.Driver: Completed executing command(queryId=alex_20240424120433_13352372-5990-4eba-b2da-8c6e55935932); Time taken: 0.023 seconds
2024-04-24T12:04:50,394  INFO [main] repl.CommandTestUtils: Export returned the following _metadata contents:
2024-04-24T12:04:50,395  INFO [main] repl.CommandTestUtils: {"version":"0.2","repl.scope":"metadata","repl.event.id":"222","repl.last.id":"222","repl.noop":"false","repl.is.replace":"true","table":"{\"1\":{\"str\":\"basicsrc\"},\"2\":{\"str\":\"exim\"},\"3\":{\"str\":\"alex\"},\"4\":{\"i32\":1713985475},\"5\":{\"i32\":0},\"6\":{\"i32\":0},\"7\":{\"rec\":{\"1\":{\"lst\":[\"rec\",1,{\"1\":{\"str\":\"b\"},\"2\":{\"str\":\"string\"}}]},\"2\":{\"str\":\"pfile:/home/alex/Repositories/hive/hcatalog/webhcat/java-client/target/warehouse/34489/exim.db/basicsrc\"},\"3\":{\"str\":\"org.apache.hadoop.mapred.TextInputFormat\"},\"4\":{\"str\":\"org.apache.hadoop.hive.ql.io.HiveIgnoreKeyTextOutputFormat\"},\"5\":{\"tf\":0},\"6\":{\"i32\":0},\"7\":{\"rec\":{\"2\":{\"str\":\"org.apache.hadoop.hive.serde2.lazy.LazySimpleSerDe\"},\"3\":{\"map\":[\"str\",\"str\",1,{\"serialization.format\":\"1\"}]}}},\"8\":{\"lst\":[\"str\",0]},\"9\":{\"lst\":[\"rec\",0]},\"10\":{\"map\":[\"str\",\"str\",0,{}]},\"11\":{\"rec\":{\"1\":{\"lst\":[\"str\",0]},\"2\":{\"lst\":[\"lst\",0]},\"3\":{\"map\":[\"lst\",\"str\",0,{}]}}},\"12\":{\"tf\":0}}},\"8\":{\"lst\":[\"rec\",0]},\"9\":{\"map\":[\"str\",\"str\",6,{\"bucketing_version\":\"2\",\"transient_lastDdlTime\":\"1713985483\",\"repl.last.id\":\"222\",\"numFilesErasureCoded\":\"0\",\"numFiles\":\"1\",\"totalSize\":\"14\"}]},\"12\":{\"str\":\"MANAGED_TABLE\"},\"15\":{\"tf\":0},\"17\":{\"str\":\"hive\"},\"18\":{\"i32\":1},\"19\":{\"i64\":0},\"25\":{\"i64\":1}}","partitions":[]}
2024-04-24T12:04:50,395  INFO [main] repl.CommandTestUtils: About to run :IMPORT TABLE exim.basicDst FROM 'pfile:///home/alex/Repositories/hive/hcatalog/webhcat/java-client/target/warehouse/org.apache.hive.hcatalog.api.repl.commands.TestCommands-1713985473961/testMetadataReplExim'
2024-04-24T12:04:50,396  INFO [main] ql.Driver: Compiling command(queryId=alex_20240424120433_13352372-5990-4eba-b2da-8c6e55935932): IMPORT TABLE exim.basicDst FROM 'pfile:///home/alex/Repositories/hive/hcatalog/webhcat/java-client/target/warehouse/org.apache.hive.hcatalog.api.repl.commands.TestCommands-1713985473961/testMetadataReplExim'
2024-04-24T12:04:50,449  INFO [main] parse.EximUtil: Path before norm :/home/alex/Repositories/hive/hcatalog/webhcat/java-client/target/warehouse/org.apache.hive.hcatalog.api.repl.commands.TestCommands-1713985473961/testMetadataReplExim
2024-04-24T12:04:50,449  INFO [main] parse.EximUtil: Scheme:pfile, authority:null, path:/home/alex/Repositories/hive/hcatalog/webhcat/java-client/target/warehouse/org.apache.hive.hcatalog.api.repl.commands.TestCommands-1713985473961/testMetadataReplExim
2024-04-24T12:04:50,476  INFO [main] parse.EximUtil: Path before norm :/home/alex/Repositories/hive/hcatalog/webhcat/java-client/target/warehouse/org.apache.hive.hcatalog.api.repl.commands.TestCommands-1713985473961/testMetadataReplExim
2024-04-24T12:04:50,476  INFO [main] parse.EximUtil: Scheme:pfile, authority:null, path:/home/alex/Repositories/hive/hcatalog/webhcat/java-client/target/warehouse/org.apache.hive.hcatalog.api.repl.commands.TestCommands-1713985473961/testMetadataReplExim
2024-04-24T12:04:50,479  INFO [TThreadPoolServer WorkerProcess-%d] HiveMetaStore.audit: ugi=alex	ip=127.0.0.1	cmd=source:127.0.0.1 get_table : tbl=hive.exim.basicDst	
2024-04-24T12:04:50,482  INFO [TThreadPoolServer WorkerProcess-%d] HiveMetaStore.audit: ugi=alex	ip=127.0.0.1	cmd=source:127.0.0.1 get_database: exim	
2024-04-24T12:04:50,826  INFO [main] reflections.Reflections: Reflections took 335 ms to scan 2 urls, producing 53 keys and 784 values 
2024-04-24T12:04:51,266  INFO [main] ql.Driver: Semantic Analysis Completed (retrial = false)
2024-04-24T12:04:51,266  INFO [main] ql.Driver: Created Hive schema: Schema(fieldSchemas:null, properties:null)
2024-04-24T12:04:51,266  INFO [main] metadata.Hive: Dumping metastore api call timing information for : compilation phase
2024-04-24T12:04:51,266  INFO [main] metadata.Hive: Total time spent in each metastore function (ms): {isCompatibleWith_(Configuration)=1, getDatabase_(String)=2, flushCache_()=0}
2024-04-24T12:04:51,266  INFO [main] ql.Driver: Completed compiling command(queryId=alex_20240424120433_13352372-5990-4eba-b2da-8c6e55935932); Time taken: 0.87 seconds
2024-04-24T12:04:51,266  INFO [main] reexec.ReExecDriver: Execution #1 of query
2024-04-24T12:04:51,266  INFO [main] ql.Driver: Concurrency mode is disabled, not creating a lock manager
2024-04-24T12:04:51,266  INFO [main] ql.Driver: Executing command(queryId=alex_20240424120433_13352372-5990-4eba-b2da-8c6e55935932): IMPORT TABLE exim.basicDst FROM 'pfile:///home/alex/Repositories/hive/hcatalog/webhcat/java-client/target/warehouse/org.apache.hive.hcatalog.api.repl.commands.TestCommands-1713985473961/testMetadataReplExim'
2024-04-24T12:04:51,267  INFO [main] ql.Driver: Starting task [Stage-0:DDL] in serial mode
2024-04-24T12:04:51,270  INFO [TThreadPoolServer WorkerProcess-%d] HiveMetaStore.audit: ugi=alex	ip=127.0.0.1	cmd=source:127.0.0.1 get_table : tbl=hive.exim.basicDst	
2024-04-24T12:04:51,290  INFO [TThreadPoolServer WorkerProcess-%d] HiveMetaStore.audit: ugi=alex	ip=127.0.0.1	cmd=source:127.0.0.1 create_table_req: Table(tableName:basicDst, dbName:exim, owner:alex, createTime:1713985491, lastAccessTime:0, retention:0, sd:StorageDescriptor(cols:[FieldSchema(name:b, type:string, comment:null)], location:pfile:/home/alex/Repositories/hive/hcatalog/webhcat/java-client/target/warehouse/exim.db/basicdst, inputFormat:org.apache.hadoop.mapred.TextInputFormat, outputFormat:org.apache.hadoop.hive.ql.io.HiveIgnoreKeyTextOutputFormat, compressed:false, numBuckets:0, serdeInfo:SerDeInfo(name:null, serializationLib:org.apache.hadoop.hive.serde2.lazy.LazySimpleSerDe, parameters:{serialization.format=1}), bucketCols:[], sortCols:[], parameters:{}, skewedInfo:SkewedInfo(skewedColNames:[], skewedColValues:[], skewedColValueLocationMaps:{}), storedAsSubDirectories:false), partitionKeys:[], parameters:{totalSize=14, repl.last.id=222, bucketing_version=2, numFilesErasureCoded=0, numFiles=1}, viewOriginalText:null, viewExpandedText:null, tableType:MANAGED_TABLE, privileges:PrincipalPrivilegeSet(userPrivileges:{alex=[PrivilegeGrantInfo(privilege:INSERT, createTime:-1, grantor:alex, grantorType:USER, grantOption:true), PrivilegeGrantInfo(privilege:SELECT, createTime:-1, grantor:alex, grantorType:USER, grantOption:true), PrivilegeGrantInfo(privilege:UPDATE, createTime:-1, grantor:alex, grantorType:USER, grantOption:true), PrivilegeGrantInfo(privilege:DELETE, createTime:-1, grantor:alex, grantorType:USER, grantOption:true)]}, groupPrivileges:null, rolePrivileges:null), temporary:false, catName:hive, ownerType:USER)	
2024-04-24T12:04:51,295  WARN [TThreadPoolServer WorkerProcess-%d] metastore.HMSHandler: Location: pfile:/home/alex/Repositories/hive/hcatalog/webhcat/java-client/target/warehouse/exim.db/basicdst specified for non-external table:basicDst
2024-04-24T12:04:51,356  INFO [main] metadata.Hive: Dumping metastore api call timing information for : execution phase
2024-04-24T12:04:51,356  INFO [main] metadata.Hive: Total time spent in each metastore function (ms): {isCompatibleWith_(Configuration)=0, createTable_(Table)=72}
2024-04-24T12:04:51,356  INFO [main] ql.Driver: Completed executing command(queryId=alex_20240424120433_13352372-5990-4eba-b2da-8c6e55935932); Time taken: 0.09 seconds
2024-04-24T12:04:51,356  INFO [main] ql.Driver: Compiling command(queryId=alex_20240424120433_13352372-5990-4eba-b2da-8c6e55935932): SELECT * from exim.basicDst
2024-04-24T12:04:51,358  INFO [main] parse.CalcitePlanner: Starting caching scope for: alex_20240424120433_13352372-5990-4eba-b2da-8c6e55935932
2024-04-24T12:04:51,358  INFO [main] parse.CalcitePlanner: Starting Semantic Analysis
2024-04-24T12:04:51,358  INFO [main] parse.CalcitePlanner: Completed phase 1 of Semantic Analysis
2024-04-24T12:04:51,358  INFO [main] parse.CalcitePlanner: Get metadata for source tables
2024-04-24T12:04:51,358  INFO [TThreadPoolServer WorkerProcess-%d] HiveMetaStore.audit: ugi=alex	ip=127.0.0.1	cmd=source:127.0.0.1 get_table : tbl=hive.exim.basicdst	
2024-04-24T12:04:51,375  INFO [TThreadPoolServer WorkerProcess-%d] metastore.HMSHandler: Skipping translation for processor with null
2024-04-24T12:04:51,375  INFO [main] parse.CalcitePlanner: Get metadata for subqueries
2024-04-24T12:04:51,375  INFO [main] parse.CalcitePlanner: Get metadata for destination tables
2024-04-24T12:04:51,376  INFO [main] parse.CalcitePlanner: Completed getting MetaData in Semantic Analysis
2024-04-24T12:04:51,387  INFO [TThreadPoolServer WorkerProcess-%d] HiveMetaStore.audit: ugi=alex	ip=127.0.0.1	cmd=source:127.0.0.1 get_all_table_constraints : tbl=hive.exim.basicdst	
2024-04-24T12:04:51,396  INFO [main] calcite.RelOptHiveTable: Calculating column statistics for exim.basicdst, projIndxSet: [0], allowMissingStats: true
2024-04-24T12:04:51,397  INFO [TThreadPoolServer WorkerProcess-%d] HiveMetaStore.audit: ugi=alex	ip=127.0.0.1	cmd=source:127.0.0.1 get_table_statistics_req: table=hive.exim.basicdst	
2024-04-24T12:04:51,410  WARN [main] calcite.RelOptHiveTable: No Stats for exim@basicdst, Columns: b
No Stats for exim@basicdst, Columns: b
2024-04-24T12:04:51,410  INFO [main] SessionState: No Stats for exim@basicdst, Columns: b
2024-04-24T12:04:51,524  INFO [main] parse.CalcitePlanner: Get metadata for source tables
2024-04-24T12:04:51,524  INFO [main] parse.CalcitePlanner: Get metadata for subqueries
2024-04-24T12:04:51,524  INFO [main] parse.CalcitePlanner: Get metadata for destination tables
2024-04-24T12:04:51,525  INFO [main] common.FileUtils: Creating directory if it doesn't exist: file:/home/alex/Repositories/hive/hcatalog/webhcat/java-client/target/tmp/localscratchdir/ee9676e0-3853-4d25-b6f8-3167fe8a2056/hive_2024-04-24_12-04-51_356_4329601759595441893-1/-mr-10001/.hive-staging_hive_2024-04-24_12-04-51_356_4329601759595441893-1
2024-04-24T12:04:51,535  INFO [main] parse.CalcitePlanner: CBO Succeeded; optimized logical plan.
2024-04-24T12:04:51,538  INFO [main] optimizer.BucketVersionPopulator: not considering bucketingVersion for: TS[0] because it has 0<2 buckets 
2024-04-24T12:04:51,539  INFO [main] parse.CalcitePlanner: Completed plan generation
2024-04-24T12:04:51,539  INFO [main] parse.CalcitePlanner: Ending caching scope for: alex_20240424120433_13352372-5990-4eba-b2da-8c6e55935932
2024-04-24T12:04:51,539  INFO [main] ql.Driver: Semantic Analysis Completed (retrial = false)
2024-04-24T12:04:51,539  INFO [main] ql.Driver: Created Hive schema: Schema(fieldSchemas:[FieldSchema(name:basicdst.b, type:string, comment:null)], properties:null)
2024-04-24T12:04:51,541  INFO [main] exec.TableScanOperator: Initializing Operator: TS[0]
2024-04-24T12:04:51,542  INFO [main] exec.SelectOperator: Initializing Operator: SEL[1]
2024-04-24T12:04:51,542  INFO [main] exec.SelectOperator: SELECT struct<b:string>
2024-04-24T12:04:51,542  INFO [main] exec.ListSinkOperator: Initializing Operator: LIST_SINK[3]
2024-04-24T12:04:51,543  INFO [main] metadata.Hive: Dumping metastore api call timing information for : compilation phase
2024-04-24T12:04:51,543  INFO [main] metadata.Hive: Total time spent in each metastore function (ms): {getTable_(GetTableRequest)=17, isCompatibleWith_(Configuration)=1, getAllTableConstraints_(AllTableConstraintsRequest)=7, flushCache_()=0, getTableColumnStatistics_(String, String, List, String)=13}
2024-04-24T12:04:51,543  INFO [main] ql.Driver: Completed compiling command(queryId=alex_20240424120433_13352372-5990-4eba-b2da-8c6e55935932); Time taken: 0.187 seconds
2024-04-24T12:04:51,544  INFO [main] reexec.ReExecDriver: Execution #1 of query
2024-04-24T12:04:51,544  INFO [main] ql.Driver: Concurrency mode is disabled, not creating a lock manager
2024-04-24T12:04:51,544  INFO [main] ql.Driver: Executing command(queryId=alex_20240424120433_13352372-5990-4eba-b2da-8c6e55935932): SELECT * from exim.basicDst
2024-04-24T12:04:51,544  INFO [main] metadata.Hive: Dumping metastore api call timing information for : execution phase
2024-04-24T12:04:51,544  INFO [main] metadata.Hive: Total time spent in each metastore function (ms): {}
2024-04-24T12:04:51,545  INFO [main] ql.Driver: Completed executing command(queryId=alex_20240424120433_13352372-5990-4eba-b2da-8c6e55935932); Time taken: 0.0 seconds
2024-04-24T12:04:51,553  INFO [main] mapred.FileInputFormat: Total input files to process : 1
2024-04-24T12:04:51,554  INFO [main] exec.TableScanOperator: Closing Operator: TS[0]
2024-04-24T12:04:51,554  INFO [main] exec.TableScanOperator: RECORDS_OUT_OPERATOR_TS_0:2, RECORDS_OUT_INTERMEDIATE:0, 
2024-04-24T12:04:51,554  INFO [main] exec.SelectOperator: Closing Operator: SEL[1]
2024-04-24T12:04:51,554  INFO [main] exec.SelectOperator: RECORDS_OUT_INTERMEDIATE:0, RECORDS_OUT_OPERATOR_SEL_1:2, 
2024-04-24T12:04:51,554  INFO [main] exec.ListSinkOperator: Closing Operator: LIST_SINK[3]
2024-04-24T12:04:51,554  INFO [main] exec.ListSinkOperator: RECORDS_OUT_OPERATOR_LIST_SINK_3:2, RECORDS_OUT_INTERMEDIATE:0, 
]]></system-err>
  </testcase>
  <testcase name="testBasicReplEximCommands" classname="org.apache.hive.hcatalog.api.repl.commands.TestCommands" time="17.905"/>
  <testcase name="testNoopReplEximCommands" classname="org.apache.hive.hcatalog.api.repl.commands.TestCommands" time="0.027"/>
  <testcase name="testDropDatabaseCommand" classname="org.apache.hive.hcatalog.api.repl.commands.TestCommands" time="0.09"/>
</testsuite>